<?xml version="1.0" encoding="UTF-8"?>
<testsuite xmlns:xsi="http://www.w3.org/2001/XMLSchema-instance" xsi:noNamespaceSchemaLocation="https://maven.apache.org/surefire/maven-surefire-plugin/xsd/surefire-test-report-3.0.xsd" version="3.0" name="org.apache.hadoop.ozone.scm.node.TestDecommissionAndMaintenance" time="610.22" tests="7" errors="1" skipped="0" failures="0">
  <properties>
    <property name="awt.toolkit" value="sun.awt.X11.XToolkit"/>
    <property name="file.encoding.pkg" value="sun.io"/>
    <property name="java.specification.version" value="1.8"/>
    <property name="sun.cpu.isalist" value=""/>
    <property name="sun.jnu.encoding" value="UTF-8"/>
    <property name="java.class.path" value="/home/runner/work/ozone/ozone/hadoop-ozone/integration-test/target/test-classes:/home/runner/work/ozone/ozone/hadoop-ozone/integration-test/target/classes:/home/runner/.m2/repository/org/apache/ozone/ozone-common/1.3.0-SNAPSHOT/ozone-common-1.3.0-SNAPSHOT.jar:/home/runner/.m2/repository/io/grpc/grpc-netty/1.48.1/grpc-netty-1.48.1.jar:/home/runner/.m2/repository/io/grpc/grpc-core/1.48.1/grpc-core-1.48.1.jar:/home/runner/.m2/repository/com/google/android/annotations/4.1.1.4/annotations-4.1.1.4.jar:/home/runner/.m2/repository/org/codehaus/mojo/animal-sniffer-annotations/1.21/animal-sniffer-annotations-1.21.jar:/home/runner/.m2/repository/com/google/errorprone/error_prone_annotations/2.2.0/error_prone_annotations-2.2.0.jar:/home/runner/.m2/repository/io/perfmark/perfmark-api/0.25.0/perfmark-api-0.25.0.jar:/home/runner/.m2/repository/io/netty/netty-codec-http2/4.1.79.Final/netty-codec-http2-4.1.79.Final.jar:/home/runner/.m2/repository/io/netty/netty-common/4.1.79.Final/netty-common-4.1.79.Final.jar:/home/runner/.m2/repository/io/netty/netty-buffer/4.1.79.Final/netty-buffer-4.1.79.Final.jar:/home/runner/.m2/repository/io/netty/netty-codec-http/4.1.79.Final/netty-codec-http-4.1.79.Final.jar:/home/runner/.m2/repository/io/netty/netty-handler-proxy/4.1.79.Final/netty-handler-proxy-4.1.79.Final.jar:/home/runner/.m2/repository/io/netty/netty-codec-socks/4.1.79.Final/netty-codec-socks-4.1.79.Final.jar:/home/runner/.m2/repository/io/netty/netty-tcnative-boringssl-static/2.0.53.Final/netty-tcnative-boringssl-static-2.0.53.Final.jar:/home/runner/.m2/repository/io/netty/netty-tcnative-classes/2.0.53.Final/netty-tcnative-classes-2.0.53.Final.jar:/home/runner/.m2/repository/io/netty/netty-tcnative-boringssl-static/2.0.53.Final/netty-tcnative-boringssl-static-2.0.53.Final-linux-x86_64.jar:/home/runner/.m2/repository/io/netty/netty-tcnative-boringssl-static/2.0.53.Final/netty-tcnative-boringssl-static-2.0.53.Final-linux-aarch_64.jar:/home/runner/.m2/repository/io/netty/netty-tcnative-boringssl-static/2.0.53.Final/netty-tcnative-boringssl-static-2.0.53.Final-osx-x86_64.jar:/home/runner/.m2/repository/io/netty/netty-tcnative-boringssl-static/2.0.53.Final/netty-tcnative-boringssl-static-2.0.53.Final-osx-aarch_64.jar:/home/runner/.m2/repository/io/netty/netty-tcnative-boringssl-static/2.0.53.Final/netty-tcnative-boringssl-static-2.0.53.Final-windows-x86_64.jar:/home/runner/.m2/repository/org/apache/commons/commons-compress/1.21/commons-compress-1.21.jar:/home/runner/.m2/repository/org/apache/ozone/hdds-common/1.3.0-SNAPSHOT/hdds-common-1.3.0-SNAPSHOT.jar:/home/runner/.m2/repository/org/apache/ozone/hdds-client/1.3.0-SNAPSHOT/hdds-client-1.3.0-SNAPSHOT.jar:/home/runner/.m2/repository/org/apache/ozone/ozone-interface-client/1.3.0-SNAPSHOT/ozone-interface-client-1.3.0-SNAPSHOT.jar:/home/runner/.m2/repository/org/apache/ozone/hdds-test-utils/1.3.0-SNAPSHOT/hdds-test-utils-1.3.0-SNAPSHOT.jar:/home/runner/.m2/repository/com/google/guava/guava/31.1-jre/guava-31.1-jre.jar:/home/runner/.m2/repository/com/google/guava/failureaccess/1.0.1/failureaccess-1.0.1.jar:/home/runner/.m2/repository/com/google/guava/listenablefuture/9999.0-empty-to-avoid-conflict-with-guava/listenablefuture-9999.0-empty-to-avoid-conflict-with-guava.jar:/home/runner/.m2/repository/com/google/code/findbugs/jsr305/3.0.0/jsr305-3.0.0.jar:/home/runner/.m2/repository/org/checkerframework/checker-qual/3.12.0/checker-qual-3.12.0.jar:/home/runner/.m2/repository/com/google/j2objc/j2objc-annotations/1.3/j2objc-annotations-1.3.jar:/home/runner/.m2/repository/commons-io/commons-io/2.11.0/commons-io-2.11.0.jar:/home/runner/.m2/repository/commons-logging/commons-logging/1.2/commons-logging-1.2.jar:/home/runner/.m2/repository/ch/qos/reload4j/reload4j/1.2.22/reload4j-1.2.22.jar:/home/runner/.m2/repository/org/slf4j/slf4j-api/1.7.36/slf4j-api-1.7.36.jar:/home/runner/.m2/repository/org/apache/ozone/hdds-server-scm/1.3.0-SNAPSHOT/hdds-server-scm-1.3.0-SNAPSHOT.jar:/home/runner/.m2/repository/org/apache/ozone/hdds-container-service/1.3.0-SNAPSHOT/hdds-container-service-1.3.0-SNAPSHOT.jar:/home/runner/.m2/repository/org/apache/ozone/hdds-hadoop-dependency-server/1.3.0-SNAPSHOT/hdds-hadoop-dependency-server-1.3.0-SNAPSHOT.jar:/home/runner/.m2/repository/org/apache/hadoop/hadoop-hdfs/3.3.4/hadoop-hdfs-3.3.4.jar:/home/runner/.m2/repository/org/eclipse/jetty/jetty-util-ajax/9.4.49.v20220914/jetty-util-ajax-9.4.49.v20220914.jar:/home/runner/.m2/repository/commons-daemon/commons-daemon/1.0.13/commons-daemon-1.0.13.jar:/home/runner/.m2/repository/org/apache/ozone/hdds-server-framework/1.3.0-SNAPSHOT/hdds-server-framework-1.3.0-SNAPSHOT.jar:/home/runner/.m2/repository/org/apache/ozone/hdds-interface-server/1.3.0-SNAPSHOT/hdds-interface-server-1.3.0-SNAPSHOT.jar:/home/runner/.m2/repository/org/apache/commons/commons-configuration2/2.1.1/commons-configuration2-2.1.1.jar:/home/runner/.m2/repository/org/apache/logging/log4j/log4j-core/2.17.1/log4j-core-2.17.1.jar:/home/runner/.m2/repository/com/lmax/disruptor/3.4.2/disruptor-3.4.2.jar:/home/runner/.m2/repository/org/eclipse/jetty/jetty-servlet/9.4.49.v20220914/jetty-servlet-9.4.49.v20220914.jar:/home/runner/.m2/repository/org/eclipse/jetty/jetty-security/9.4.49.v20220914/jetty-security-9.4.49.v20220914.jar:/home/runner/.m2/repository/org/rocksdb/rocksdbjni/7.7.3/rocksdbjni-7.7.3.jar:/home/runner/.m2/repository/io/prometheus/simpleclient_dropwizard/0.7.0/simpleclient_dropwizard-0.7.0.jar:/home/runner/.m2/repository/io/prometheus/simpleclient/0.7.0/simpleclient-0.7.0.jar:/home/runner/.m2/repository/io/prometheus/simpleclient_common/0.7.0/simpleclient_common-0.7.0.jar:/home/runner/.m2/repository/com/github/spotbugs/spotbugs-annotations/3.1.12/spotbugs-annotations-3.1.12.jar:/home/runner/.m2/repository/io/dropwizard/metrics/metrics-core/3.2.4/metrics-core-3.2.4.jar:/home/runner/.m2/repository/org/apache/commons/commons-text/1.4/commons-text-1.4.jar:/home/runner/.m2/repository/org/apache/hadoop/hadoop-hdfs-client/3.3.4/hadoop-hdfs-client-3.3.4.jar:/home/runner/.m2/repository/com/squareup/okhttp3/okhttp/4.9.3/okhttp-4.9.3.jar:/home/runner/.m2/repository/com/squareup/okio/okio/2.8.0/okio-2.8.0.jar:/home/runner/.m2/repository/org/jetbrains/kotlin/kotlin-stdlib-common/1.4.10/kotlin-stdlib-common-1.4.10.jar:/home/runner/.m2/repository/org/bouncycastle/bcprov-jdk15on/1.67/bcprov-jdk15on-1.67.jar:/home/runner/.m2/repository/com/google/protobuf/protobuf-java/2.5.0/protobuf-java-2.5.0.jar:/home/runner/.m2/repository/org/apache/ozone/ozone-manager/1.3.0-SNAPSHOT/ozone-manager-1.3.0-SNAPSHOT.jar:/home/runner/.m2/repository/org/aspectj/aspectjrt/1.9.7/aspectjrt-1.9.7.jar:/home/runner/.m2/repository/org/aspectj/aspectjweaver/1.9.7/aspectjweaver-1.9.7.jar:/home/runner/.m2/repository/org/apache/ozone/hdds-interface-client/1.3.0-SNAPSHOT/hdds-interface-client-1.3.0-SNAPSHOT.jar:/home/runner/.m2/repository/org/apache/hadoop/thirdparty/hadoop-shaded-protobuf_3_7/1.1.1/hadoop-shaded-protobuf_3_7-1.1.1.jar:/home/runner/.m2/repository/org/apache/ozone/ozone-interface-storage/1.3.0-SNAPSHOT/ozone-interface-storage-1.3.0-SNAPSHOT.jar:/home/runner/.m2/repository/org/reflections/reflections/0.9.11/reflections-0.9.11.jar:/home/runner/.m2/repository/com/sun/jersey/jersey-client/1.19/jersey-client-1.19.jar:/home/runner/.m2/repository/org/apache/ranger/ranger-intg/2.3.0/ranger-intg-2.3.0.jar:/home/runner/.m2/repository/org/apache/ranger/ranger-plugins-common/2.3.0/ranger-plugins-common-2.3.0.jar:/home/runner/.m2/repository/commons-lang/commons-lang/2.6/commons-lang-2.6.jar:/home/runner/.m2/repository/org/codehaus/jackson/jackson-jaxrs/1.9.13/jackson-jaxrs-1.9.13.jar:/home/runner/.m2/repository/org/apache/ranger/ranger-plugins-cred/2.3.0/ranger-plugins-cred-2.3.0.jar:/home/runner/.m2/repository/org/apache/ranger/ranger-plugins-audit/2.3.0/ranger-plugins-audit-2.3.0.jar:/home/runner/.m2/repository/org/eclipse/jetty/jetty-client/9.4.31.v20200723/jetty-client-9.4.31.v20200723.jar:/home/runner/.m2/repository/org/apache/httpcomponents/httpmime/4.5.6/httpmime-4.5.6.jar:/home/runner/.m2/repository/org/apache/httpcomponents/httpcore-nio/4.4.6/httpcore-nio-4.4.6.jar:/home/runner/.m2/repository/org/apache/httpcomponents/httpasyncclient/4.1.3/httpasyncclient-4.1.3.jar:/home/runner/.m2/repository/com/carrotsearch/hppc/0.8.0/hppc-0.8.0.jar:/home/runner/.m2/repository/org/apache/orc/orc-core/1.5.8/orc-core-1.5.8.jar:/home/runner/.m2/repository/net/java/dev/jna/jna/5.2.0/jna-5.2.0.jar:/home/runner/.m2/repository/net/java/dev/jna/jna-platform/5.2.0/jna-platform-5.2.0.jar:/home/runner/.m2/repository/com/kstruct/gethostname4j/0.0.2/gethostname4j-0.0.2.jar:/home/runner/.m2/repository/org/apache/ranger/ranger-plugin-classloader/2.3.0/ranger-plugin-classloader-2.3.0.jar:/home/runner/.m2/repository/org/apache/hadoop/hadoop-minikdc/3.3.4/hadoop-minikdc-3.3.4.jar:/home/runner/.m2/repository/org/apache/kerby/kerb-simplekdc/1.0.1/kerb-simplekdc-1.0.1.jar:/home/runner/.m2/repository/org/apache/kerby/kerb-client/1.0.1/kerb-client-1.0.1.jar:/home/runner/.m2/repository/org/apache/kerby/kerby-config/1.0.1/kerby-config-1.0.1.jar:/home/runner/.m2/repository/org/apache/kerby/kerb-common/1.0.1/kerb-common-1.0.1.jar:/home/runner/.m2/repository/org/apache/kerby/kerb-crypto/1.0.1/kerb-crypto-1.0.1.jar:/home/runner/.m2/repository/org/apache/kerby/kerb-util/1.0.1/kerb-util-1.0.1.jar:/home/runner/.m2/repository/org/apache/kerby/token-provider/1.0.1/token-provider-1.0.1.jar:/home/runner/.m2/repository/org/apache/kerby/kerb-admin/1.0.1/kerb-admin-1.0.1.jar:/home/runner/.m2/repository/org/apache/kerby/kerb-server/1.0.1/kerb-server-1.0.1.jar:/home/runner/.m2/repository/org/apache/kerby/kerb-identity/1.0.1/kerb-identity-1.0.1.jar:/home/runner/.m2/repository/org/apache/kerby/kerby-xdr/1.0.1/kerby-xdr-1.0.1.jar:/home/runner/.m2/repository/org/apache/ozone/ozone-s3gateway/1.3.0-SNAPSHOT/ozone-s3gateway-1.3.0-SNAPSHOT.jar:/home/runner/.m2/repository/org/javassist/javassist/3.21.0-GA/javassist-3.21.0-GA.jar:/home/runner/.m2/repository/org/jboss/weld/servlet/weld-servlet/2.4.7.Final/weld-servlet-2.4.7.Final.jar:/home/runner/.m2/repository/org/glassfish/jersey/containers/jersey-container-servlet-core/2.34/jersey-container-servlet-core-2.34.jar:/home/runner/.m2/repository/org/glassfish/hk2/external/jakarta.inject/2.6.1/jakarta.inject-2.6.1.jar:/home/runner/.m2/repository/org/glassfish/jersey/core/jersey-common/2.34/jersey-common-2.34.jar:/home/runner/.m2/repository/jakarta/ws/rs/jakarta.ws.rs-api/2.1.6/jakarta.ws.rs-api-2.1.6.jar:/home/runner/.m2/repository/org/glassfish/jersey/ext/cdi/jersey-cdi1x/2.34/jersey-cdi1x-2.34.jar:/home/runner/.m2/repository/org/glassfish/jersey/inject/jersey-hk2/2.34/jersey-hk2-2.34.jar:/home/runner/.m2/repository/org/glassfish/hk2/hk2-locator/2.6.1/hk2-locator-2.6.1.jar:/home/runner/.m2/repository/org/glassfish/jersey/media/jersey-media-jaxb/2.34/jersey-media-jaxb-2.34.jar:/home/runner/.m2/repository/org/glassfish/hk2/osgi-resource-locator/1.0.3/osgi-resource-locator-1.0.3.jar:/home/runner/.m2/repository/org/glassfish/hk2/hk2-api/2.5.0/hk2-api-2.5.0.jar:/home/runner/.m2/repository/org/glassfish/hk2/hk2-utils/2.5.0/hk2-utils-2.5.0.jar:/home/runner/.m2/repository/org/glassfish/hk2/external/aopalliance-repackaged/2.5.0/aopalliance-repackaged-2.5.0.jar:/home/runner/.m2/repository/com/fasterxml/jackson/dataformat/jackson-dataformat-xml/2.13.4/jackson-dataformat-xml-2.13.4.jar:/home/runner/.m2/repository/com/fasterxml/jackson/core/jackson-core/2.13.4/jackson-core-2.13.4.jar:/home/runner/.m2/repository/org/codehaus/woodstox/stax2-api/4.2.1/stax2-api-4.2.1.jar:/home/runner/.m2/repository/com/fasterxml/woodstox/woodstox-core/5.4.0/woodstox-core-5.4.0.jar:/home/runner/.m2/repository/com/fasterxml/jackson/module/jackson-module-jaxb-annotations/2.13.4/jackson-module-jaxb-annotations-2.13.4.jar:/home/runner/.m2/repository/jakarta/xml/bind/jakarta.xml.bind-api/2.3.3/jakarta.xml.bind-api-2.3.3.jar:/home/runner/.m2/repository/jakarta/activation/jakarta.activation-api/1.2.1/jakarta.activation-api-1.2.1.jar:/home/runner/.m2/repository/javax/enterprise/cdi-api/1.2/cdi-api-1.2.jar:/home/runner/.m2/repository/javax/el/javax.el-api/3.0.0/javax.el-api-3.0.0.jar:/home/runner/.m2/repository/javax/interceptor/javax.interceptor-api/1.2/javax.interceptor-api-1.2.jar:/home/runner/.m2/repository/javax/inject/javax.inject/1/javax.inject-1.jar:/home/runner/.m2/repository/javax/xml/bind/jaxb-api/2.3.0/jaxb-api-2.3.0.jar:/home/runner/.m2/repository/org/glassfish/jaxb/jaxb-runtime/2.3.0.1/jaxb-runtime-2.3.0.1.jar:/home/runner/.m2/repository/org/glassfish/jaxb/jaxb-core/2.3.0.1/jaxb-core-2.3.0.1.jar:/home/runner/.m2/repository/org/glassfish/jaxb/txw2/2.3.0.1/txw2-2.3.0.1.jar:/home/runner/.m2/repository/com/sun/istack/istack-commons-runtime/3.0.5/istack-commons-runtime-3.0.5.jar:/home/runner/.m2/repository/org/jvnet/staxex/stax-ex/1.7.8/stax-ex-1.7.8.jar:/home/runner/.m2/repository/com/sun/xml/fastinfoset/FastInfoset/1.2.13/FastInfoset-1.2.13.jar:/home/runner/.m2/repository/javax/activation/activation/1.1.1/activation-1.1.1.jar:/home/runner/.m2/repository/io/grpc/grpc-protobuf/1.48.1/grpc-protobuf-1.48.1.jar:/home/runner/.m2/repository/io/grpc/grpc-api/1.48.1/grpc-api-1.48.1.jar:/home/runner/.m2/repository/io/grpc/grpc-context/1.48.1/grpc-context-1.48.1.jar:/home/runner/.m2/repository/com/google/api/grpc/proto-google-common-protos/2.9.0/proto-google-common-protos-2.9.0.jar:/home/runner/.m2/repository/io/grpc/grpc-protobuf-lite/1.48.1/grpc-protobuf-lite-1.48.1.jar:/home/runner/.m2/repository/io/grpc/grpc-stub/1.48.1/grpc-stub-1.48.1.jar:/home/runner/.m2/repository/io/netty/netty-transport/4.1.79.Final/netty-transport-4.1.79.Final.jar:/home/runner/.m2/repository/io/netty/netty-resolver/4.1.79.Final/netty-resolver-4.1.79.Final.jar:/home/runner/.m2/repository/org/apache/ozone/ozone-csi/1.3.0-SNAPSHOT/ozone-csi-1.3.0-SNAPSHOT.jar:/home/runner/.m2/repository/com/google/protobuf/protobuf-java-util/3.19.2/protobuf-java-util-3.19.2.jar:/home/runner/.m2/repository/com/google/code/gson/gson/2.9.0/gson-2.9.0.jar:/home/runner/.m2/repository/org/apache/ozone/hdds-config/1.3.0-SNAPSHOT/hdds-config-1.3.0-SNAPSHOT.jar:/home/runner/.m2/repository/io/netty/netty-transport-native-epoll/4.1.79.Final/netty-transport-native-epoll-4.1.79.Final-linux-x86_64.jar:/home/runner/.m2/repository/io/netty/netty-transport-classes-epoll/4.1.79.Final/netty-transport-classes-epoll-4.1.79.Final.jar:/home/runner/.m2/repository/io/netty/netty-transport-native-unix-common/4.1.79.Final/netty-transport-native-unix-common-4.1.79.Final.jar:/home/runner/.m2/repository/org/slf4j/slf4j-reload4j/1.7.36/slf4j-reload4j-1.7.36.jar:/home/runner/.m2/repository/org/apache/ozone/ozone-recon/1.3.0-SNAPSHOT/ozone-recon-1.3.0-SNAPSHOT.jar:/home/runner/.m2/repository/org/apache/ozone/ozone-reconcodegen/1.3.0-SNAPSHOT/ozone-reconcodegen-1.3.0-SNAPSHOT.jar:/home/runner/.m2/repository/com/google/inject/extensions/guice-multibindings/4.0/guice-multibindings-4.0.jar:/home/runner/.m2/repository/com/google/inject/guice/4.0/guice-4.0.jar:/home/runner/.m2/repository/aopalliance/aopalliance/1.0/aopalliance-1.0.jar:/home/runner/.m2/repository/com/google/inject/extensions/guice-assistedinject/4.0/guice-assistedinject-4.0.jar:/home/runner/.m2/repository/com/google/inject/extensions/guice-servlet/4.0/guice-servlet-4.0.jar:/home/runner/.m2/repository/org/glassfish/jersey/containers/jersey-container-servlet/2.34/jersey-container-servlet-2.34.jar:/home/runner/.m2/repository/org/glassfish/hk2/guice-bridge/2.5.0/guice-bridge-2.5.0.jar:/home/runner/.m2/repository/org/glassfish/jersey/core/jersey-server/2.34/jersey-server-2.34.jar:/home/runner/.m2/repository/org/glassfish/jersey/core/jersey-client/2.34/jersey-client-2.34.jar:/home/runner/.m2/repository/jakarta/annotation/jakarta.annotation-api/1.3.5/jakarta.annotation-api-1.3.5.jar:/home/runner/.m2/repository/jakarta/validation/jakarta.validation-api/2.0.2/jakarta.validation-api-2.0.2.jar:/home/runner/.m2/repository/org/glassfish/jersey/media/jersey-media-json-jackson/2.34/jersey-media-json-jackson-2.34.jar:/home/runner/.m2/repository/org/glassfish/jersey/ext/jersey-entity-filtering/2.34/jersey-entity-filtering-2.34.jar:/home/runner/.m2/repository/org/jooq/jooq/3.11.10/jooq-3.11.10.jar:/home/runner/.m2/repository/org/jooq/jooq-meta/3.11.10/jooq-meta-3.11.10.jar:/home/runner/.m2/repository/org/jooq/jooq-codegen/3.11.10/jooq-codegen-3.11.10.jar:/home/runner/.m2/repository/com/jolbox/bonecp/0.8.0.RELEASE/bonecp-0.8.0.RELEASE.jar:/home/runner/.m2/repository/org/apache/derby/derby/10.14.2.0/derby-10.14.2.0.jar:/home/runner/.m2/repository/org/xerial/sqlite-jdbc/3.25.2/sqlite-jdbc-3.25.2.jar:/home/runner/.m2/repository/org/springframework/spring-jdbc/5.3.23/spring-jdbc-5.3.23.jar:/home/runner/.m2/repository/org/springframework/spring-beans/5.3.23/spring-beans-5.3.23.jar:/home/runner/.m2/repository/org/springframework/spring-core/5.3.23/spring-core-5.3.23.jar:/home/runner/.m2/repository/org/springframework/spring-jcl/5.3.23/spring-jcl-5.3.23.jar:/home/runner/.m2/repository/org/springframework/spring-tx/5.3.23/spring-tx-5.3.23.jar:/home/runner/.m2/repository/org/apache/ozone/ozone-client/1.3.0-SNAPSHOT/ozone-client-1.3.0-SNAPSHOT.jar:/home/runner/.m2/repository/org/apache/ozone/hdds-erasurecode/1.3.0-SNAPSHOT/hdds-erasurecode-1.3.0-SNAPSHOT.jar:/home/runner/.m2/repository/org/apache/ozone/ozone-filesystem/1.3.0-SNAPSHOT/ozone-filesystem-1.3.0-SNAPSHOT.jar:/home/runner/.m2/repository/org/apache/ozone/ozone-filesystem-common/1.3.0-SNAPSHOT/ozone-filesystem-common-1.3.0-SNAPSHOT.jar:/home/runner/.m2/repository/org/apache/ozone/ozone-tools/1.3.0-SNAPSHOT/ozone-tools-1.3.0-SNAPSHOT.jar:/home/runner/.m2/repository/org/apache/ratis/ratis-tools/2.4.0/ratis-tools-2.4.0.jar:/home/runner/.m2/repository/com/amazonaws/aws-java-sdk-core/1.12.261/aws-java-sdk-core-1.12.261.jar:/home/runner/.m2/repository/org/apache/httpcomponents/httpclient/4.5.13/httpclient-4.5.13.jar:/home/runner/.m2/repository/org/apache/httpcomponents/httpcore/4.4.13/httpcore-4.4.13.jar:/home/runner/.m2/repository/software/amazon/ion/ion-java/1.0.2/ion-java-1.0.2.jar:/home/runner/.m2/repository/com/fasterxml/jackson/dataformat/jackson-dataformat-cbor/2.13.4/jackson-dataformat-cbor-2.13.4.jar:/home/runner/.m2/repository/joda-time/joda-time/2.8.1/joda-time-2.8.1.jar:/home/runner/.m2/repository/com/amazonaws/aws-java-sdk-s3/1.12.261/aws-java-sdk-s3-1.12.261.jar:/home/runner/.m2/repository/com/amazonaws/aws-java-sdk-kms/1.12.261/aws-java-sdk-kms-1.12.261.jar:/home/runner/.m2/repository/com/amazonaws/jmespath-java/1.12.261/jmespath-java-1.12.261.jar:/home/runner/.m2/repository/org/kohsuke/metainf-services/metainf-services/1.8/metainf-services-1.8.jar:/home/runner/.m2/repository/org/apache/ozone/hdds-tools/1.3.0-SNAPSHOT/hdds-tools-1.3.0-SNAPSHOT.jar:/home/runner/.m2/repository/commons-cli/commons-cli/1.2/commons-cli-1.2.jar:/home/runner/.m2/repository/org/apache/commons/commons-lang3/3.7/commons-lang3-3.7.jar:/home/runner/.m2/repository/org/apache/ozone/ozone-manager/1.3.0-SNAPSHOT/ozone-manager-1.3.0-SNAPSHOT-tests.jar:/home/runner/.m2/repository/org/apache/ozone/hdds-common/1.3.0-SNAPSHOT/hdds-common-1.3.0-SNAPSHOT-tests.jar:/home/runner/.m2/repository/org/apache/ozone/hdds-hadoop-dependency-client/1.3.0-SNAPSHOT/hdds-hadoop-dependency-client-1.3.0-SNAPSHOT.jar:/home/runner/.m2/repository/info/picocli/picocli/4.6.1/picocli-4.6.1.jar:/home/runner/.m2/repository/com/fasterxml/jackson/core/jackson-annotations/2.13.4/jackson-annotations-2.13.4.jar:/home/runner/.m2/repository/com/fasterxml/jackson/datatype/jackson-datatype-jsr310/2.13.4/jackson-datatype-jsr310-2.13.4.jar:/home/runner/.m2/repository/org/apache/ozone/hdds-annotation-processing/1.3.0-SNAPSHOT/hdds-annotation-processing-1.3.0-SNAPSHOT.jar:/home/runner/.m2/repository/javax/annotation/javax.annotation-api/1.2/javax.annotation-api-1.2.jar:/home/runner/.m2/repository/org/apache/ratis/ratis-server/2.4.0/ratis-server-2.4.0.jar:/home/runner/.m2/repository/org/apache/ratis/ratis-client/2.4.0/ratis-client-2.4.0.jar:/home/runner/.m2/repository/org/apache/ratis/ratis-server-api/2.4.0/ratis-server-api-2.4.0.jar:/home/runner/.m2/repository/org/apache/ratis/ratis-metrics/2.4.0/ratis-metrics-2.4.0.jar:/home/runner/.m2/repository/org/apache/ratis/ratis-netty/2.4.0/ratis-netty-2.4.0.jar:/home/runner/.m2/repository/org/apache/ratis/ratis-grpc/2.4.0/ratis-grpc-2.4.0.jar:/home/runner/.m2/repository/org/apache/logging/log4j/log4j-api/2.17.1/log4j-api-2.17.1.jar:/home/runner/.m2/repository/org/apache/commons/commons-pool2/2.6.0/commons-pool2-2.6.0.jar:/home/runner/.m2/repository/org/bouncycastle/bcpkix-jdk15on/1.67/bcpkix-jdk15on-1.67.jar:/home/runner/.m2/repository/commons-validator/commons-validator/1.6/commons-validator-1.6.jar:/home/runner/.m2/repository/commons-beanutils/commons-beanutils/1.9.4/commons-beanutils-1.9.4.jar:/home/runner/.m2/repository/commons-digester/commons-digester/1.8.1/commons-digester-1.8.1.jar:/home/runner/.m2/repository/commons-collections/commons-collections/3.2.2/commons-collections-3.2.2.jar:/home/runner/.m2/repository/io/jaegertracing/jaeger-client/1.6.0/jaeger-client-1.6.0.jar:/home/runner/.m2/repository/io/jaegertracing/jaeger-thrift/1.6.0/jaeger-thrift-1.6.0.jar:/home/runner/.m2/repository/org/apache/thrift/libthrift/0.14.1/libthrift-0.14.1.jar:/home/runner/.m2/repository/io/jaegertracing/jaeger-core/1.6.0/jaeger-core-1.6.0.jar:/home/runner/.m2/repository/io/jaegertracing/jaeger-tracerresolver/1.6.0/jaeger-tracerresolver-1.6.0.jar:/home/runner/.m2/repository/io/opentracing/contrib/opentracing-tracerresolver/0.1.8/opentracing-tracerresolver-0.1.8.jar:/home/runner/.m2/repository/org/jetbrains/kotlin/kotlin-stdlib/1.6.21/kotlin-stdlib-1.6.21.jar:/home/runner/.m2/repository/org/jetbrains/annotations/13.0/annotations-13.0.jar:/home/runner/.m2/repository/io/opentracing/opentracing-util/0.33.0/opentracing-util-0.33.0.jar:/home/runner/.m2/repository/io/opentracing/opentracing-api/0.33.0/opentracing-api-0.33.0.jar:/home/runner/.m2/repository/io/opentracing/opentracing-noop/0.33.0/opentracing-noop-0.33.0.jar:/home/runner/.m2/repository/org/yaml/snakeyaml/1.33/snakeyaml-1.33.jar:/home/runner/.m2/repository/org/apache/ozone/hdds-interface-admin/1.3.0-SNAPSHOT/hdds-interface-admin-1.3.0-SNAPSHOT.jar:/home/runner/.m2/repository/junit/junit/4.13.1/junit-4.13.1.jar:/home/runner/.m2/repository/org/hamcrest/hamcrest-core/1.3/hamcrest-core-1.3.jar:/home/runner/.m2/repository/org/junit/jupiter/junit-jupiter-api/5.8.2/junit-jupiter-api-5.8.2.jar:/home/runner/.m2/repository/org/opentest4j/opentest4j/1.2.0/opentest4j-1.2.0.jar:/home/runner/.m2/repository/org/junit/platform/junit-platform-commons/1.8.2/junit-platform-commons-1.8.2.jar:/home/runner/.m2/repository/org/apiguardian/apiguardian-api/1.1.2/apiguardian-api-1.1.2.jar:/home/runner/.m2/repository/org/junit/jupiter/junit-jupiter-params/5.8.2/junit-jupiter-params-5.8.2.jar:/home/runner/.m2/repository/org/junit/jupiter/junit-jupiter-migrationsupport/5.8.2/junit-jupiter-migrationsupport-5.8.2.jar:/home/runner/.m2/repository/org/junit/jupiter/junit-jupiter-engine/5.8.2/junit-jupiter-engine-5.8.2.jar:/home/runner/.m2/repository/org/junit/platform/junit-platform-engine/1.8.2/junit-platform-engine-1.8.2.jar:/home/runner/.m2/repository/org/junit/vintage/junit-vintage-engine/5.8.2/junit-vintage-engine-5.8.2.jar:/home/runner/.m2/repository/org/junit/platform/junit-platform-launcher/1.8.2/junit-platform-launcher-1.8.2.jar:/home/runner/.m2/repository/org/mockito/mockito-core/2.28.2/mockito-core-2.28.2.jar:/home/runner/.m2/repository/net/bytebuddy/byte-buddy/1.9.10/byte-buddy-1.9.10.jar:/home/runner/.m2/repository/net/bytebuddy/byte-buddy-agent/1.9.10/byte-buddy-agent-1.9.10.jar:/home/runner/.m2/repository/org/objenesis/objenesis/1.0/objenesis-1.0.jar:/home/runner/.m2/repository/org/apache/hadoop/hadoop-kms/3.3.4/hadoop-kms-3.3.4.jar:/home/runner/.m2/repository/org/apache/hadoop/hadoop-auth/3.3.4/hadoop-auth-3.3.4.jar:/home/runner/.m2/repository/com/nimbusds/nimbus-jose-jwt/9.8.1/nimbus-jose-jwt-9.8.1.jar:/home/runner/.m2/repository/com/github/stephenc/jcip/jcip-annotations/1.0-1/jcip-annotations-1.0-1.jar:/home/runner/.m2/repository/net/minidev/json-smart/2.4.7/json-smart-2.4.7.jar:/home/runner/.m2/repository/net/minidev/accessors-smart/2.4.7/accessors-smart-2.4.7.jar:/home/runner/.m2/repository/org/ow2/asm/asm/5.0.4/asm-5.0.4.jar:/home/runner/.m2/repository/org/apache/zookeeper/zookeeper/3.5.6/zookeeper-3.5.6.jar:/home/runner/.m2/repository/org/apache/zookeeper/zookeeper-jute/3.5.6/zookeeper-jute-3.5.6.jar:/home/runner/.m2/repository/org/apache/yetus/audience-annotations/0.5.0/audience-annotations-0.5.0.jar:/home/runner/.m2/repository/org/apache/curator/curator-framework/4.2.0/curator-framework-4.2.0.jar:/home/runner/.m2/repository/org/apache/hadoop/thirdparty/hadoop-shaded-guava/1.1.1/hadoop-shaded-guava-1.1.1.jar:/home/runner/.m2/repository/com/sun/jersey/jersey-core/1.19/jersey-core-1.19.jar:/home/runner/.m2/repository/javax/ws/rs/jsr311-api/1.1.1/jsr311-api-1.1.1.jar:/home/runner/.m2/repository/com/sun/jersey/jersey-server/1.19/jersey-server-1.19.jar:/home/runner/.m2/repository/javax/servlet/javax.servlet-api/3.1.0/javax.servlet-api-3.1.0.jar:/home/runner/.m2/repository/org/eclipse/jetty/jetty-server/9.4.49.v20220914/jetty-server-9.4.49.v20220914.jar:/home/runner/.m2/repository/org/eclipse/jetty/jetty-http/9.4.49.v20220914/jetty-http-9.4.49.v20220914.jar:/home/runner/.m2/repository/org/eclipse/jetty/jetty-io/9.4.49.v20220914/jetty-io-9.4.49.v20220914.jar:/home/runner/.m2/repository/org/eclipse/jetty/jetty-webapp/9.4.49.v20220914/jetty-webapp-9.4.49.v20220914.jar:/home/runner/.m2/repository/org/eclipse/jetty/jetty-xml/9.4.49.v20220914/jetty-xml-9.4.49.v20220914.jar:/home/runner/.m2/repository/org/apache/hadoop/hadoop-common/3.3.4/hadoop-common-3.3.4.jar:/home/runner/.m2/repository/org/apache/commons/commons-math3/3.1.1/commons-math3-3.1.1.jar:/home/runner/.m2/repository/commons-net/commons-net/3.6/commons-net-3.6.jar:/home/runner/.m2/repository/com/sun/jersey/jersey-servlet/1.19/jersey-servlet-1.19.jar:/home/runner/.m2/repository/com/sun/jersey/jersey-json/1.19/jersey-json-1.19.jar:/home/runner/.m2/repository/org/codehaus/jettison/jettison/1.1/jettison-1.1.jar:/home/runner/.m2/repository/com/sun/xml/bind/jaxb-impl/2.2.3-1/jaxb-impl-2.2.3-1.jar:/home/runner/.m2/repository/org/codehaus/jackson/jackson-xc/1.9.2/jackson-xc-1.9.2.jar:/home/runner/.m2/repository/com/google/re2j/re2j/1.1/re2j-1.1.jar:/home/runner/.m2/repository/com/jcraft/jsch/0.1.54/jsch-0.1.54.jar:/home/runner/.m2/repository/org/apache/curator/curator-client/4.2.0/curator-client-4.2.0.jar:/home/runner/.m2/repository/org/apache/curator/curator-recipes/4.2.0/curator-recipes-4.2.0.jar:/home/runner/.m2/repository/org/apache/kerby/kerb-core/1.0.1/kerb-core-1.0.1.jar:/home/runner/.m2/repository/org/apache/kerby/kerby-pkix/1.0.1/kerby-pkix-1.0.1.jar:/home/runner/.m2/repository/org/apache/kerby/kerby-asn1/1.0.1/kerby-asn1-1.0.1.jar:/home/runner/.m2/repository/org/apache/kerby/kerby-util/1.0.1/kerby-util-1.0.1.jar:/home/runner/.m2/repository/dnsjava/dnsjava/2.1.7/dnsjava-2.1.7.jar:/home/runner/.m2/repository/org/xerial/snappy/snappy-java/1.1.8.2/snappy-java-1.1.8.2.jar:/home/runner/.m2/repository/org/eclipse/jetty/jetty-util/9.4.49.v20220914/jetty-util-9.4.49.v20220914.jar:/home/runner/.m2/repository/com/fasterxml/jackson/core/jackson-databind/2.13.4.2/jackson-databind-2.13.4.2.jar:/home/runner/.m2/repository/org/apache/hadoop/hadoop-kms/3.3.4/hadoop-kms-3.3.4-tests.jar:/home/runner/.m2/repository/org/apache/ozone/hdds-server-scm/1.3.0-SNAPSHOT/hdds-server-scm-1.3.0-SNAPSHOT-tests.jar:/home/runner/.m2/repository/org/apache/ozone/hdds-container-service/1.3.0-SNAPSHOT/hdds-container-service-1.3.0-SNAPSHOT-tests.jar:/home/runner/.m2/repository/commons-codec/commons-codec/1.15/commons-codec-1.15.jar:/home/runner/.m2/repository/io/netty/netty-codec/4.1.79.Final/netty-codec-4.1.79.Final.jar:/home/runner/.m2/repository/io/netty/netty-handler/4.1.79.Final/netty-handler-4.1.79.Final.jar:/home/runner/.m2/repository/org/apache/ozone/hdds-hadoop-dependency-test/1.3.0-SNAPSHOT/hdds-hadoop-dependency-test-1.3.0-SNAPSHOT.jar:/home/runner/.m2/repository/org/apache/hadoop/hadoop-common/3.3.4/hadoop-common-3.3.4-tests.jar:/home/runner/.m2/repository/org/apache/hadoop/hadoop-hdfs/3.3.4/hadoop-hdfs-3.3.4-tests.jar:/home/runner/.m2/repository/org/assertj/assertj-core/3.12.2/assertj-core-3.12.2.jar:/home/runner/.m2/repository/org/apache/hadoop/hadoop-distcp/3.3.4/hadoop-distcp-3.3.4.jar:/home/runner/.m2/repository/org/apache/hadoop/hadoop-mapreduce-client-jobclient/3.3.4/hadoop-mapreduce-client-jobclient-3.3.4.jar:/home/runner/.m2/repository/org/apache/hadoop/hadoop-mapreduce-client-common/3.3.4/hadoop-mapreduce-client-common-3.3.4.jar:/home/runner/.m2/repository/org/apache/hadoop/hadoop-yarn-common/3.3.4/hadoop-yarn-common-3.3.4.jar:/home/runner/.m2/repository/org/apache/hadoop/hadoop-yarn-api/3.3.4/hadoop-yarn-api-3.3.4.jar:/home/runner/.m2/repository/com/sun/jersey/contribs/jersey-guice/1.19/jersey-guice-1.19.jar:/home/runner/.m2/repository/com/fasterxml/jackson/jaxrs/jackson-jaxrs-json-provider/2.13.4/jackson-jaxrs-json-provider-2.13.4.jar:/home/runner/.m2/repository/com/fasterxml/jackson/jaxrs/jackson-jaxrs-base/2.13.4/jackson-jaxrs-base-2.13.4.jar:/home/runner/.m2/repository/org/apache/hadoop/hadoop-yarn-client/3.3.4/hadoop-yarn-client-3.3.4.jar:/home/runner/.m2/repository/org/eclipse/jetty/websocket/websocket-client/9.4.43.v20210629/websocket-client-9.4.43.v20210629.jar:/home/runner/.m2/repository/org/eclipse/jetty/websocket/websocket-common/9.4.43.v20210629/websocket-common-9.4.43.v20210629.jar:/home/runner/.m2/repository/org/eclipse/jetty/websocket/websocket-api/9.4.43.v20210629/websocket-api-9.4.43.v20210629.jar:/home/runner/.m2/repository/org/jline/jline/3.9.0/jline-3.9.0.jar:/home/runner/.m2/repository/org/apache/hadoop/hadoop-mapreduce-client-core/3.3.4/hadoop-mapreduce-client-core-3.3.4.jar:/home/runner/.m2/repository/org/apache/avro/avro/1.7.7/avro-1.7.7.jar:/home/runner/.m2/repository/org/codehaus/jackson/jackson-core-asl/1.9.13/jackson-core-asl-1.9.13.jar:/home/runner/.m2/repository/org/codehaus/jackson/jackson-mapper-asl/1.9.13/jackson-mapper-asl-1.9.13.jar:/home/runner/.m2/repository/com/thoughtworks/paranamer/paranamer/2.3/paranamer-2.3.jar:/home/runner/.m2/repository/org/apache/hadoop/hadoop-annotations/3.3.4/hadoop-annotations-3.3.4.jar:/usr/lib/jvm/temurin-8-jdk-amd64/jre/../lib/tools.jar:/home/runner/.m2/repository/io/netty/netty/3.10.6.Final/netty-3.10.6.Final.jar:/home/runner/.m2/repository/org/apache/hadoop/hadoop-distcp/3.3.4/hadoop-distcp-3.3.4-tests.jar:/home/runner/.m2/repository/org/slf4j/jul-to-slf4j/1.7.36/jul-to-slf4j-1.7.36.jar:/home/runner/.m2/repository/org/apache/ratis/ratis-common/2.4.0/ratis-common-2.4.0.jar:/home/runner/.m2/repository/org/apache/ratis/ratis-thirdparty-misc/1.0.2/ratis-thirdparty-misc-1.0.2.jar:/home/runner/.m2/repository/org/apache/ratis/ratis-proto/2.4.0/ratis-proto-2.4.0.jar:"/>
    <property name="java.vm.vendor" value="Temurin"/>
    <property name="sun.arch.data.model" value="64"/>
    <property name="test.build.dir" value="/home/runner/work/ozone/ozone/hadoop-ozone/integration-test/target/test-dir"/>
    <property name="test.cache.data" value=""/>
    <property name="java.vendor.url" value="https://adoptium.net/"/>
    <property name="user.timezone" value="Etc/UTC"/>
    <property name="java.vm.specification.version" value="1.8"/>
    <property name="os.name" value="Linux"/>
    <property name="test.build.data" value="/home/runner/work/ozone/ozone/hadoop-ozone/integration-test/target/test-dir"/>
    <property name="sun.java.launcher" value="SUN_STANDARD"/>
    <property name="sun.boot.library.path" value="/usr/lib/jvm/temurin-8-jdk-amd64/jre/lib/amd64"/>
    <property name="sun.java.command" value="/home/runner/work/ozone/ozone/hadoop-ozone/integration-test/target/surefire/surefirebooter7444981941780121879.jar /home/runner/work/ozone/ozone/hadoop-ozone/integration-test/target/surefire 2022-11-23T11-47-33_814-jvmRun1 surefire3217348757162767517tmp surefire_96134154173766289306tmp"/>
    <property name="surefire.test.class.path" value="/home/runner/work/ozone/ozone/hadoop-ozone/integration-test/target/test-classes:/home/runner/work/ozone/ozone/hadoop-ozone/integration-test/target/classes:/home/runner/.m2/repository/org/apache/ozone/ozone-common/1.3.0-SNAPSHOT/ozone-common-1.3.0-SNAPSHOT.jar:/home/runner/.m2/repository/io/grpc/grpc-netty/1.48.1/grpc-netty-1.48.1.jar:/home/runner/.m2/repository/io/grpc/grpc-core/1.48.1/grpc-core-1.48.1.jar:/home/runner/.m2/repository/com/google/android/annotations/4.1.1.4/annotations-4.1.1.4.jar:/home/runner/.m2/repository/org/codehaus/mojo/animal-sniffer-annotations/1.21/animal-sniffer-annotations-1.21.jar:/home/runner/.m2/repository/com/google/errorprone/error_prone_annotations/2.2.0/error_prone_annotations-2.2.0.jar:/home/runner/.m2/repository/io/perfmark/perfmark-api/0.25.0/perfmark-api-0.25.0.jar:/home/runner/.m2/repository/io/netty/netty-codec-http2/4.1.79.Final/netty-codec-http2-4.1.79.Final.jar:/home/runner/.m2/repository/io/netty/netty-common/4.1.79.Final/netty-common-4.1.79.Final.jar:/home/runner/.m2/repository/io/netty/netty-buffer/4.1.79.Final/netty-buffer-4.1.79.Final.jar:/home/runner/.m2/repository/io/netty/netty-codec-http/4.1.79.Final/netty-codec-http-4.1.79.Final.jar:/home/runner/.m2/repository/io/netty/netty-handler-proxy/4.1.79.Final/netty-handler-proxy-4.1.79.Final.jar:/home/runner/.m2/repository/io/netty/netty-codec-socks/4.1.79.Final/netty-codec-socks-4.1.79.Final.jar:/home/runner/.m2/repository/io/netty/netty-tcnative-boringssl-static/2.0.53.Final/netty-tcnative-boringssl-static-2.0.53.Final.jar:/home/runner/.m2/repository/io/netty/netty-tcnative-classes/2.0.53.Final/netty-tcnative-classes-2.0.53.Final.jar:/home/runner/.m2/repository/io/netty/netty-tcnative-boringssl-static/2.0.53.Final/netty-tcnative-boringssl-static-2.0.53.Final-linux-x86_64.jar:/home/runner/.m2/repository/io/netty/netty-tcnative-boringssl-static/2.0.53.Final/netty-tcnative-boringssl-static-2.0.53.Final-linux-aarch_64.jar:/home/runner/.m2/repository/io/netty/netty-tcnative-boringssl-static/2.0.53.Final/netty-tcnative-boringssl-static-2.0.53.Final-osx-x86_64.jar:/home/runner/.m2/repository/io/netty/netty-tcnative-boringssl-static/2.0.53.Final/netty-tcnative-boringssl-static-2.0.53.Final-osx-aarch_64.jar:/home/runner/.m2/repository/io/netty/netty-tcnative-boringssl-static/2.0.53.Final/netty-tcnative-boringssl-static-2.0.53.Final-windows-x86_64.jar:/home/runner/.m2/repository/org/apache/commons/commons-compress/1.21/commons-compress-1.21.jar:/home/runner/.m2/repository/org/apache/ozone/hdds-common/1.3.0-SNAPSHOT/hdds-common-1.3.0-SNAPSHOT.jar:/home/runner/.m2/repository/org/apache/ozone/hdds-client/1.3.0-SNAPSHOT/hdds-client-1.3.0-SNAPSHOT.jar:/home/runner/.m2/repository/org/apache/ozone/ozone-interface-client/1.3.0-SNAPSHOT/ozone-interface-client-1.3.0-SNAPSHOT.jar:/home/runner/.m2/repository/org/apache/ozone/hdds-test-utils/1.3.0-SNAPSHOT/hdds-test-utils-1.3.0-SNAPSHOT.jar:/home/runner/.m2/repository/com/google/guava/guava/31.1-jre/guava-31.1-jre.jar:/home/runner/.m2/repository/com/google/guava/failureaccess/1.0.1/failureaccess-1.0.1.jar:/home/runner/.m2/repository/com/google/guava/listenablefuture/9999.0-empty-to-avoid-conflict-with-guava/listenablefuture-9999.0-empty-to-avoid-conflict-with-guava.jar:/home/runner/.m2/repository/com/google/code/findbugs/jsr305/3.0.0/jsr305-3.0.0.jar:/home/runner/.m2/repository/org/checkerframework/checker-qual/3.12.0/checker-qual-3.12.0.jar:/home/runner/.m2/repository/com/google/j2objc/j2objc-annotations/1.3/j2objc-annotations-1.3.jar:/home/runner/.m2/repository/commons-io/commons-io/2.11.0/commons-io-2.11.0.jar:/home/runner/.m2/repository/commons-logging/commons-logging/1.2/commons-logging-1.2.jar:/home/runner/.m2/repository/ch/qos/reload4j/reload4j/1.2.22/reload4j-1.2.22.jar:/home/runner/.m2/repository/org/slf4j/slf4j-api/1.7.36/slf4j-api-1.7.36.jar:/home/runner/.m2/repository/org/apache/ozone/hdds-server-scm/1.3.0-SNAPSHOT/hdds-server-scm-1.3.0-SNAPSHOT.jar:/home/runner/.m2/repository/org/apache/ozone/hdds-container-service/1.3.0-SNAPSHOT/hdds-container-service-1.3.0-SNAPSHOT.jar:/home/runner/.m2/repository/org/apache/ozone/hdds-hadoop-dependency-server/1.3.0-SNAPSHOT/hdds-hadoop-dependency-server-1.3.0-SNAPSHOT.jar:/home/runner/.m2/repository/org/apache/hadoop/hadoop-hdfs/3.3.4/hadoop-hdfs-3.3.4.jar:/home/runner/.m2/repository/org/eclipse/jetty/jetty-util-ajax/9.4.49.v20220914/jetty-util-ajax-9.4.49.v20220914.jar:/home/runner/.m2/repository/commons-daemon/commons-daemon/1.0.13/commons-daemon-1.0.13.jar:/home/runner/.m2/repository/org/apache/ozone/hdds-server-framework/1.3.0-SNAPSHOT/hdds-server-framework-1.3.0-SNAPSHOT.jar:/home/runner/.m2/repository/org/apache/ozone/hdds-interface-server/1.3.0-SNAPSHOT/hdds-interface-server-1.3.0-SNAPSHOT.jar:/home/runner/.m2/repository/org/apache/commons/commons-configuration2/2.1.1/commons-configuration2-2.1.1.jar:/home/runner/.m2/repository/org/apache/logging/log4j/log4j-core/2.17.1/log4j-core-2.17.1.jar:/home/runner/.m2/repository/com/lmax/disruptor/3.4.2/disruptor-3.4.2.jar:/home/runner/.m2/repository/org/eclipse/jetty/jetty-servlet/9.4.49.v20220914/jetty-servlet-9.4.49.v20220914.jar:/home/runner/.m2/repository/org/eclipse/jetty/jetty-security/9.4.49.v20220914/jetty-security-9.4.49.v20220914.jar:/home/runner/.m2/repository/org/rocksdb/rocksdbjni/7.7.3/rocksdbjni-7.7.3.jar:/home/runner/.m2/repository/io/prometheus/simpleclient_dropwizard/0.7.0/simpleclient_dropwizard-0.7.0.jar:/home/runner/.m2/repository/io/prometheus/simpleclient/0.7.0/simpleclient-0.7.0.jar:/home/runner/.m2/repository/io/prometheus/simpleclient_common/0.7.0/simpleclient_common-0.7.0.jar:/home/runner/.m2/repository/com/github/spotbugs/spotbugs-annotations/3.1.12/spotbugs-annotations-3.1.12.jar:/home/runner/.m2/repository/io/dropwizard/metrics/metrics-core/3.2.4/metrics-core-3.2.4.jar:/home/runner/.m2/repository/org/apache/commons/commons-text/1.4/commons-text-1.4.jar:/home/runner/.m2/repository/org/apache/hadoop/hadoop-hdfs-client/3.3.4/hadoop-hdfs-client-3.3.4.jar:/home/runner/.m2/repository/com/squareup/okhttp3/okhttp/4.9.3/okhttp-4.9.3.jar:/home/runner/.m2/repository/com/squareup/okio/okio/2.8.0/okio-2.8.0.jar:/home/runner/.m2/repository/org/jetbrains/kotlin/kotlin-stdlib-common/1.4.10/kotlin-stdlib-common-1.4.10.jar:/home/runner/.m2/repository/org/bouncycastle/bcprov-jdk15on/1.67/bcprov-jdk15on-1.67.jar:/home/runner/.m2/repository/com/google/protobuf/protobuf-java/2.5.0/protobuf-java-2.5.0.jar:/home/runner/.m2/repository/org/apache/ozone/ozone-manager/1.3.0-SNAPSHOT/ozone-manager-1.3.0-SNAPSHOT.jar:/home/runner/.m2/repository/org/aspectj/aspectjrt/1.9.7/aspectjrt-1.9.7.jar:/home/runner/.m2/repository/org/aspectj/aspectjweaver/1.9.7/aspectjweaver-1.9.7.jar:/home/runner/.m2/repository/org/apache/ozone/hdds-interface-client/1.3.0-SNAPSHOT/hdds-interface-client-1.3.0-SNAPSHOT.jar:/home/runner/.m2/repository/org/apache/hadoop/thirdparty/hadoop-shaded-protobuf_3_7/1.1.1/hadoop-shaded-protobuf_3_7-1.1.1.jar:/home/runner/.m2/repository/org/apache/ozone/ozone-interface-storage/1.3.0-SNAPSHOT/ozone-interface-storage-1.3.0-SNAPSHOT.jar:/home/runner/.m2/repository/org/reflections/reflections/0.9.11/reflections-0.9.11.jar:/home/runner/.m2/repository/com/sun/jersey/jersey-client/1.19/jersey-client-1.19.jar:/home/runner/.m2/repository/org/apache/ranger/ranger-intg/2.3.0/ranger-intg-2.3.0.jar:/home/runner/.m2/repository/org/apache/ranger/ranger-plugins-common/2.3.0/ranger-plugins-common-2.3.0.jar:/home/runner/.m2/repository/commons-lang/commons-lang/2.6/commons-lang-2.6.jar:/home/runner/.m2/repository/org/codehaus/jackson/jackson-jaxrs/1.9.13/jackson-jaxrs-1.9.13.jar:/home/runner/.m2/repository/org/apache/ranger/ranger-plugins-cred/2.3.0/ranger-plugins-cred-2.3.0.jar:/home/runner/.m2/repository/org/apache/ranger/ranger-plugins-audit/2.3.0/ranger-plugins-audit-2.3.0.jar:/home/runner/.m2/repository/org/eclipse/jetty/jetty-client/9.4.31.v20200723/jetty-client-9.4.31.v20200723.jar:/home/runner/.m2/repository/org/apache/httpcomponents/httpmime/4.5.6/httpmime-4.5.6.jar:/home/runner/.m2/repository/org/apache/httpcomponents/httpcore-nio/4.4.6/httpcore-nio-4.4.6.jar:/home/runner/.m2/repository/org/apache/httpcomponents/httpasyncclient/4.1.3/httpasyncclient-4.1.3.jar:/home/runner/.m2/repository/com/carrotsearch/hppc/0.8.0/hppc-0.8.0.jar:/home/runner/.m2/repository/org/apache/orc/orc-core/1.5.8/orc-core-1.5.8.jar:/home/runner/.m2/repository/net/java/dev/jna/jna/5.2.0/jna-5.2.0.jar:/home/runner/.m2/repository/net/java/dev/jna/jna-platform/5.2.0/jna-platform-5.2.0.jar:/home/runner/.m2/repository/com/kstruct/gethostname4j/0.0.2/gethostname4j-0.0.2.jar:/home/runner/.m2/repository/org/apache/ranger/ranger-plugin-classloader/2.3.0/ranger-plugin-classloader-2.3.0.jar:/home/runner/.m2/repository/org/apache/hadoop/hadoop-minikdc/3.3.4/hadoop-minikdc-3.3.4.jar:/home/runner/.m2/repository/org/apache/kerby/kerb-simplekdc/1.0.1/kerb-simplekdc-1.0.1.jar:/home/runner/.m2/repository/org/apache/kerby/kerb-client/1.0.1/kerb-client-1.0.1.jar:/home/runner/.m2/repository/org/apache/kerby/kerby-config/1.0.1/kerby-config-1.0.1.jar:/home/runner/.m2/repository/org/apache/kerby/kerb-common/1.0.1/kerb-common-1.0.1.jar:/home/runner/.m2/repository/org/apache/kerby/kerb-crypto/1.0.1/kerb-crypto-1.0.1.jar:/home/runner/.m2/repository/org/apache/kerby/kerb-util/1.0.1/kerb-util-1.0.1.jar:/home/runner/.m2/repository/org/apache/kerby/token-provider/1.0.1/token-provider-1.0.1.jar:/home/runner/.m2/repository/org/apache/kerby/kerb-admin/1.0.1/kerb-admin-1.0.1.jar:/home/runner/.m2/repository/org/apache/kerby/kerb-server/1.0.1/kerb-server-1.0.1.jar:/home/runner/.m2/repository/org/apache/kerby/kerb-identity/1.0.1/kerb-identity-1.0.1.jar:/home/runner/.m2/repository/org/apache/kerby/kerby-xdr/1.0.1/kerby-xdr-1.0.1.jar:/home/runner/.m2/repository/org/apache/ozone/ozone-s3gateway/1.3.0-SNAPSHOT/ozone-s3gateway-1.3.0-SNAPSHOT.jar:/home/runner/.m2/repository/org/javassist/javassist/3.21.0-GA/javassist-3.21.0-GA.jar:/home/runner/.m2/repository/org/jboss/weld/servlet/weld-servlet/2.4.7.Final/weld-servlet-2.4.7.Final.jar:/home/runner/.m2/repository/org/glassfish/jersey/containers/jersey-container-servlet-core/2.34/jersey-container-servlet-core-2.34.jar:/home/runner/.m2/repository/org/glassfish/hk2/external/jakarta.inject/2.6.1/jakarta.inject-2.6.1.jar:/home/runner/.m2/repository/org/glassfish/jersey/core/jersey-common/2.34/jersey-common-2.34.jar:/home/runner/.m2/repository/jakarta/ws/rs/jakarta.ws.rs-api/2.1.6/jakarta.ws.rs-api-2.1.6.jar:/home/runner/.m2/repository/org/glassfish/jersey/ext/cdi/jersey-cdi1x/2.34/jersey-cdi1x-2.34.jar:/home/runner/.m2/repository/org/glassfish/jersey/inject/jersey-hk2/2.34/jersey-hk2-2.34.jar:/home/runner/.m2/repository/org/glassfish/hk2/hk2-locator/2.6.1/hk2-locator-2.6.1.jar:/home/runner/.m2/repository/org/glassfish/jersey/media/jersey-media-jaxb/2.34/jersey-media-jaxb-2.34.jar:/home/runner/.m2/repository/org/glassfish/hk2/osgi-resource-locator/1.0.3/osgi-resource-locator-1.0.3.jar:/home/runner/.m2/repository/org/glassfish/hk2/hk2-api/2.5.0/hk2-api-2.5.0.jar:/home/runner/.m2/repository/org/glassfish/hk2/hk2-utils/2.5.0/hk2-utils-2.5.0.jar:/home/runner/.m2/repository/org/glassfish/hk2/external/aopalliance-repackaged/2.5.0/aopalliance-repackaged-2.5.0.jar:/home/runner/.m2/repository/com/fasterxml/jackson/dataformat/jackson-dataformat-xml/2.13.4/jackson-dataformat-xml-2.13.4.jar:/home/runner/.m2/repository/com/fasterxml/jackson/core/jackson-core/2.13.4/jackson-core-2.13.4.jar:/home/runner/.m2/repository/org/codehaus/woodstox/stax2-api/4.2.1/stax2-api-4.2.1.jar:/home/runner/.m2/repository/com/fasterxml/woodstox/woodstox-core/5.4.0/woodstox-core-5.4.0.jar:/home/runner/.m2/repository/com/fasterxml/jackson/module/jackson-module-jaxb-annotations/2.13.4/jackson-module-jaxb-annotations-2.13.4.jar:/home/runner/.m2/repository/jakarta/xml/bind/jakarta.xml.bind-api/2.3.3/jakarta.xml.bind-api-2.3.3.jar:/home/runner/.m2/repository/jakarta/activation/jakarta.activation-api/1.2.1/jakarta.activation-api-1.2.1.jar:/home/runner/.m2/repository/javax/enterprise/cdi-api/1.2/cdi-api-1.2.jar:/home/runner/.m2/repository/javax/el/javax.el-api/3.0.0/javax.el-api-3.0.0.jar:/home/runner/.m2/repository/javax/interceptor/javax.interceptor-api/1.2/javax.interceptor-api-1.2.jar:/home/runner/.m2/repository/javax/inject/javax.inject/1/javax.inject-1.jar:/home/runner/.m2/repository/javax/xml/bind/jaxb-api/2.3.0/jaxb-api-2.3.0.jar:/home/runner/.m2/repository/org/glassfish/jaxb/jaxb-runtime/2.3.0.1/jaxb-runtime-2.3.0.1.jar:/home/runner/.m2/repository/org/glassfish/jaxb/jaxb-core/2.3.0.1/jaxb-core-2.3.0.1.jar:/home/runner/.m2/repository/org/glassfish/jaxb/txw2/2.3.0.1/txw2-2.3.0.1.jar:/home/runner/.m2/repository/com/sun/istack/istack-commons-runtime/3.0.5/istack-commons-runtime-3.0.5.jar:/home/runner/.m2/repository/org/jvnet/staxex/stax-ex/1.7.8/stax-ex-1.7.8.jar:/home/runner/.m2/repository/com/sun/xml/fastinfoset/FastInfoset/1.2.13/FastInfoset-1.2.13.jar:/home/runner/.m2/repository/javax/activation/activation/1.1.1/activation-1.1.1.jar:/home/runner/.m2/repository/io/grpc/grpc-protobuf/1.48.1/grpc-protobuf-1.48.1.jar:/home/runner/.m2/repository/io/grpc/grpc-api/1.48.1/grpc-api-1.48.1.jar:/home/runner/.m2/repository/io/grpc/grpc-context/1.48.1/grpc-context-1.48.1.jar:/home/runner/.m2/repository/com/google/api/grpc/proto-google-common-protos/2.9.0/proto-google-common-protos-2.9.0.jar:/home/runner/.m2/repository/io/grpc/grpc-protobuf-lite/1.48.1/grpc-protobuf-lite-1.48.1.jar:/home/runner/.m2/repository/io/grpc/grpc-stub/1.48.1/grpc-stub-1.48.1.jar:/home/runner/.m2/repository/io/netty/netty-transport/4.1.79.Final/netty-transport-4.1.79.Final.jar:/home/runner/.m2/repository/io/netty/netty-resolver/4.1.79.Final/netty-resolver-4.1.79.Final.jar:/home/runner/.m2/repository/org/apache/ozone/ozone-csi/1.3.0-SNAPSHOT/ozone-csi-1.3.0-SNAPSHOT.jar:/home/runner/.m2/repository/com/google/protobuf/protobuf-java-util/3.19.2/protobuf-java-util-3.19.2.jar:/home/runner/.m2/repository/com/google/code/gson/gson/2.9.0/gson-2.9.0.jar:/home/runner/.m2/repository/org/apache/ozone/hdds-config/1.3.0-SNAPSHOT/hdds-config-1.3.0-SNAPSHOT.jar:/home/runner/.m2/repository/io/netty/netty-transport-native-epoll/4.1.79.Final/netty-transport-native-epoll-4.1.79.Final-linux-x86_64.jar:/home/runner/.m2/repository/io/netty/netty-transport-classes-epoll/4.1.79.Final/netty-transport-classes-epoll-4.1.79.Final.jar:/home/runner/.m2/repository/io/netty/netty-transport-native-unix-common/4.1.79.Final/netty-transport-native-unix-common-4.1.79.Final.jar:/home/runner/.m2/repository/org/slf4j/slf4j-reload4j/1.7.36/slf4j-reload4j-1.7.36.jar:/home/runner/.m2/repository/org/apache/ozone/ozone-recon/1.3.0-SNAPSHOT/ozone-recon-1.3.0-SNAPSHOT.jar:/home/runner/.m2/repository/org/apache/ozone/ozone-reconcodegen/1.3.0-SNAPSHOT/ozone-reconcodegen-1.3.0-SNAPSHOT.jar:/home/runner/.m2/repository/com/google/inject/extensions/guice-multibindings/4.0/guice-multibindings-4.0.jar:/home/runner/.m2/repository/com/google/inject/guice/4.0/guice-4.0.jar:/home/runner/.m2/repository/aopalliance/aopalliance/1.0/aopalliance-1.0.jar:/home/runner/.m2/repository/com/google/inject/extensions/guice-assistedinject/4.0/guice-assistedinject-4.0.jar:/home/runner/.m2/repository/com/google/inject/extensions/guice-servlet/4.0/guice-servlet-4.0.jar:/home/runner/.m2/repository/org/glassfish/jersey/containers/jersey-container-servlet/2.34/jersey-container-servlet-2.34.jar:/home/runner/.m2/repository/org/glassfish/hk2/guice-bridge/2.5.0/guice-bridge-2.5.0.jar:/home/runner/.m2/repository/org/glassfish/jersey/core/jersey-server/2.34/jersey-server-2.34.jar:/home/runner/.m2/repository/org/glassfish/jersey/core/jersey-client/2.34/jersey-client-2.34.jar:/home/runner/.m2/repository/jakarta/annotation/jakarta.annotation-api/1.3.5/jakarta.annotation-api-1.3.5.jar:/home/runner/.m2/repository/jakarta/validation/jakarta.validation-api/2.0.2/jakarta.validation-api-2.0.2.jar:/home/runner/.m2/repository/org/glassfish/jersey/media/jersey-media-json-jackson/2.34/jersey-media-json-jackson-2.34.jar:/home/runner/.m2/repository/org/glassfish/jersey/ext/jersey-entity-filtering/2.34/jersey-entity-filtering-2.34.jar:/home/runner/.m2/repository/org/jooq/jooq/3.11.10/jooq-3.11.10.jar:/home/runner/.m2/repository/org/jooq/jooq-meta/3.11.10/jooq-meta-3.11.10.jar:/home/runner/.m2/repository/org/jooq/jooq-codegen/3.11.10/jooq-codegen-3.11.10.jar:/home/runner/.m2/repository/com/jolbox/bonecp/0.8.0.RELEASE/bonecp-0.8.0.RELEASE.jar:/home/runner/.m2/repository/org/apache/derby/derby/10.14.2.0/derby-10.14.2.0.jar:/home/runner/.m2/repository/org/xerial/sqlite-jdbc/3.25.2/sqlite-jdbc-3.25.2.jar:/home/runner/.m2/repository/org/springframework/spring-jdbc/5.3.23/spring-jdbc-5.3.23.jar:/home/runner/.m2/repository/org/springframework/spring-beans/5.3.23/spring-beans-5.3.23.jar:/home/runner/.m2/repository/org/springframework/spring-core/5.3.23/spring-core-5.3.23.jar:/home/runner/.m2/repository/org/springframework/spring-jcl/5.3.23/spring-jcl-5.3.23.jar:/home/runner/.m2/repository/org/springframework/spring-tx/5.3.23/spring-tx-5.3.23.jar:/home/runner/.m2/repository/org/apache/ozone/ozone-client/1.3.0-SNAPSHOT/ozone-client-1.3.0-SNAPSHOT.jar:/home/runner/.m2/repository/org/apache/ozone/hdds-erasurecode/1.3.0-SNAPSHOT/hdds-erasurecode-1.3.0-SNAPSHOT.jar:/home/runner/.m2/repository/org/apache/ozone/ozone-filesystem/1.3.0-SNAPSHOT/ozone-filesystem-1.3.0-SNAPSHOT.jar:/home/runner/.m2/repository/org/apache/ozone/ozone-filesystem-common/1.3.0-SNAPSHOT/ozone-filesystem-common-1.3.0-SNAPSHOT.jar:/home/runner/.m2/repository/org/apache/ozone/ozone-tools/1.3.0-SNAPSHOT/ozone-tools-1.3.0-SNAPSHOT.jar:/home/runner/.m2/repository/org/apache/ratis/ratis-tools/2.4.0/ratis-tools-2.4.0.jar:/home/runner/.m2/repository/com/amazonaws/aws-java-sdk-core/1.12.261/aws-java-sdk-core-1.12.261.jar:/home/runner/.m2/repository/org/apache/httpcomponents/httpclient/4.5.13/httpclient-4.5.13.jar:/home/runner/.m2/repository/org/apache/httpcomponents/httpcore/4.4.13/httpcore-4.4.13.jar:/home/runner/.m2/repository/software/amazon/ion/ion-java/1.0.2/ion-java-1.0.2.jar:/home/runner/.m2/repository/com/fasterxml/jackson/dataformat/jackson-dataformat-cbor/2.13.4/jackson-dataformat-cbor-2.13.4.jar:/home/runner/.m2/repository/joda-time/joda-time/2.8.1/joda-time-2.8.1.jar:/home/runner/.m2/repository/com/amazonaws/aws-java-sdk-s3/1.12.261/aws-java-sdk-s3-1.12.261.jar:/home/runner/.m2/repository/com/amazonaws/aws-java-sdk-kms/1.12.261/aws-java-sdk-kms-1.12.261.jar:/home/runner/.m2/repository/com/amazonaws/jmespath-java/1.12.261/jmespath-java-1.12.261.jar:/home/runner/.m2/repository/org/kohsuke/metainf-services/metainf-services/1.8/metainf-services-1.8.jar:/home/runner/.m2/repository/org/apache/ozone/hdds-tools/1.3.0-SNAPSHOT/hdds-tools-1.3.0-SNAPSHOT.jar:/home/runner/.m2/repository/commons-cli/commons-cli/1.2/commons-cli-1.2.jar:/home/runner/.m2/repository/org/apache/commons/commons-lang3/3.7/commons-lang3-3.7.jar:/home/runner/.m2/repository/org/apache/ozone/ozone-manager/1.3.0-SNAPSHOT/ozone-manager-1.3.0-SNAPSHOT-tests.jar:/home/runner/.m2/repository/org/apache/ozone/hdds-common/1.3.0-SNAPSHOT/hdds-common-1.3.0-SNAPSHOT-tests.jar:/home/runner/.m2/repository/org/apache/ozone/hdds-hadoop-dependency-client/1.3.0-SNAPSHOT/hdds-hadoop-dependency-client-1.3.0-SNAPSHOT.jar:/home/runner/.m2/repository/info/picocli/picocli/4.6.1/picocli-4.6.1.jar:/home/runner/.m2/repository/com/fasterxml/jackson/core/jackson-annotations/2.13.4/jackson-annotations-2.13.4.jar:/home/runner/.m2/repository/com/fasterxml/jackson/datatype/jackson-datatype-jsr310/2.13.4/jackson-datatype-jsr310-2.13.4.jar:/home/runner/.m2/repository/org/apache/ozone/hdds-annotation-processing/1.3.0-SNAPSHOT/hdds-annotation-processing-1.3.0-SNAPSHOT.jar:/home/runner/.m2/repository/javax/annotation/javax.annotation-api/1.2/javax.annotation-api-1.2.jar:/home/runner/.m2/repository/org/apache/ratis/ratis-server/2.4.0/ratis-server-2.4.0.jar:/home/runner/.m2/repository/org/apache/ratis/ratis-client/2.4.0/ratis-client-2.4.0.jar:/home/runner/.m2/repository/org/apache/ratis/ratis-server-api/2.4.0/ratis-server-api-2.4.0.jar:/home/runner/.m2/repository/org/apache/ratis/ratis-metrics/2.4.0/ratis-metrics-2.4.0.jar:/home/runner/.m2/repository/org/apache/ratis/ratis-netty/2.4.0/ratis-netty-2.4.0.jar:/home/runner/.m2/repository/org/apache/ratis/ratis-grpc/2.4.0/ratis-grpc-2.4.0.jar:/home/runner/.m2/repository/org/apache/logging/log4j/log4j-api/2.17.1/log4j-api-2.17.1.jar:/home/runner/.m2/repository/org/apache/commons/commons-pool2/2.6.0/commons-pool2-2.6.0.jar:/home/runner/.m2/repository/org/bouncycastle/bcpkix-jdk15on/1.67/bcpkix-jdk15on-1.67.jar:/home/runner/.m2/repository/commons-validator/commons-validator/1.6/commons-validator-1.6.jar:/home/runner/.m2/repository/commons-beanutils/commons-beanutils/1.9.4/commons-beanutils-1.9.4.jar:/home/runner/.m2/repository/commons-digester/commons-digester/1.8.1/commons-digester-1.8.1.jar:/home/runner/.m2/repository/commons-collections/commons-collections/3.2.2/commons-collections-3.2.2.jar:/home/runner/.m2/repository/io/jaegertracing/jaeger-client/1.6.0/jaeger-client-1.6.0.jar:/home/runner/.m2/repository/io/jaegertracing/jaeger-thrift/1.6.0/jaeger-thrift-1.6.0.jar:/home/runner/.m2/repository/org/apache/thrift/libthrift/0.14.1/libthrift-0.14.1.jar:/home/runner/.m2/repository/io/jaegertracing/jaeger-core/1.6.0/jaeger-core-1.6.0.jar:/home/runner/.m2/repository/io/jaegertracing/jaeger-tracerresolver/1.6.0/jaeger-tracerresolver-1.6.0.jar:/home/runner/.m2/repository/io/opentracing/contrib/opentracing-tracerresolver/0.1.8/opentracing-tracerresolver-0.1.8.jar:/home/runner/.m2/repository/org/jetbrains/kotlin/kotlin-stdlib/1.6.21/kotlin-stdlib-1.6.21.jar:/home/runner/.m2/repository/org/jetbrains/annotations/13.0/annotations-13.0.jar:/home/runner/.m2/repository/io/opentracing/opentracing-util/0.33.0/opentracing-util-0.33.0.jar:/home/runner/.m2/repository/io/opentracing/opentracing-api/0.33.0/opentracing-api-0.33.0.jar:/home/runner/.m2/repository/io/opentracing/opentracing-noop/0.33.0/opentracing-noop-0.33.0.jar:/home/runner/.m2/repository/org/yaml/snakeyaml/1.33/snakeyaml-1.33.jar:/home/runner/.m2/repository/org/apache/ozone/hdds-interface-admin/1.3.0-SNAPSHOT/hdds-interface-admin-1.3.0-SNAPSHOT.jar:/home/runner/.m2/repository/junit/junit/4.13.1/junit-4.13.1.jar:/home/runner/.m2/repository/org/hamcrest/hamcrest-core/1.3/hamcrest-core-1.3.jar:/home/runner/.m2/repository/org/junit/jupiter/junit-jupiter-api/5.8.2/junit-jupiter-api-5.8.2.jar:/home/runner/.m2/repository/org/opentest4j/opentest4j/1.2.0/opentest4j-1.2.0.jar:/home/runner/.m2/repository/org/junit/platform/junit-platform-commons/1.8.2/junit-platform-commons-1.8.2.jar:/home/runner/.m2/repository/org/apiguardian/apiguardian-api/1.1.2/apiguardian-api-1.1.2.jar:/home/runner/.m2/repository/org/junit/jupiter/junit-jupiter-params/5.8.2/junit-jupiter-params-5.8.2.jar:/home/runner/.m2/repository/org/junit/jupiter/junit-jupiter-migrationsupport/5.8.2/junit-jupiter-migrationsupport-5.8.2.jar:/home/runner/.m2/repository/org/junit/jupiter/junit-jupiter-engine/5.8.2/junit-jupiter-engine-5.8.2.jar:/home/runner/.m2/repository/org/junit/platform/junit-platform-engine/1.8.2/junit-platform-engine-1.8.2.jar:/home/runner/.m2/repository/org/junit/vintage/junit-vintage-engine/5.8.2/junit-vintage-engine-5.8.2.jar:/home/runner/.m2/repository/org/junit/platform/junit-platform-launcher/1.8.2/junit-platform-launcher-1.8.2.jar:/home/runner/.m2/repository/org/mockito/mockito-core/2.28.2/mockito-core-2.28.2.jar:/home/runner/.m2/repository/net/bytebuddy/byte-buddy/1.9.10/byte-buddy-1.9.10.jar:/home/runner/.m2/repository/net/bytebuddy/byte-buddy-agent/1.9.10/byte-buddy-agent-1.9.10.jar:/home/runner/.m2/repository/org/objenesis/objenesis/1.0/objenesis-1.0.jar:/home/runner/.m2/repository/org/apache/hadoop/hadoop-kms/3.3.4/hadoop-kms-3.3.4.jar:/home/runner/.m2/repository/org/apache/hadoop/hadoop-auth/3.3.4/hadoop-auth-3.3.4.jar:/home/runner/.m2/repository/com/nimbusds/nimbus-jose-jwt/9.8.1/nimbus-jose-jwt-9.8.1.jar:/home/runner/.m2/repository/com/github/stephenc/jcip/jcip-annotations/1.0-1/jcip-annotations-1.0-1.jar:/home/runner/.m2/repository/net/minidev/json-smart/2.4.7/json-smart-2.4.7.jar:/home/runner/.m2/repository/net/minidev/accessors-smart/2.4.7/accessors-smart-2.4.7.jar:/home/runner/.m2/repository/org/ow2/asm/asm/5.0.4/asm-5.0.4.jar:/home/runner/.m2/repository/org/apache/zookeeper/zookeeper/3.5.6/zookeeper-3.5.6.jar:/home/runner/.m2/repository/org/apache/zookeeper/zookeeper-jute/3.5.6/zookeeper-jute-3.5.6.jar:/home/runner/.m2/repository/org/apache/yetus/audience-annotations/0.5.0/audience-annotations-0.5.0.jar:/home/runner/.m2/repository/org/apache/curator/curator-framework/4.2.0/curator-framework-4.2.0.jar:/home/runner/.m2/repository/org/apache/hadoop/thirdparty/hadoop-shaded-guava/1.1.1/hadoop-shaded-guava-1.1.1.jar:/home/runner/.m2/repository/com/sun/jersey/jersey-core/1.19/jersey-core-1.19.jar:/home/runner/.m2/repository/javax/ws/rs/jsr311-api/1.1.1/jsr311-api-1.1.1.jar:/home/runner/.m2/repository/com/sun/jersey/jersey-server/1.19/jersey-server-1.19.jar:/home/runner/.m2/repository/javax/servlet/javax.servlet-api/3.1.0/javax.servlet-api-3.1.0.jar:/home/runner/.m2/repository/org/eclipse/jetty/jetty-server/9.4.49.v20220914/jetty-server-9.4.49.v20220914.jar:/home/runner/.m2/repository/org/eclipse/jetty/jetty-http/9.4.49.v20220914/jetty-http-9.4.49.v20220914.jar:/home/runner/.m2/repository/org/eclipse/jetty/jetty-io/9.4.49.v20220914/jetty-io-9.4.49.v20220914.jar:/home/runner/.m2/repository/org/eclipse/jetty/jetty-webapp/9.4.49.v20220914/jetty-webapp-9.4.49.v20220914.jar:/home/runner/.m2/repository/org/eclipse/jetty/jetty-xml/9.4.49.v20220914/jetty-xml-9.4.49.v20220914.jar:/home/runner/.m2/repository/org/apache/hadoop/hadoop-common/3.3.4/hadoop-common-3.3.4.jar:/home/runner/.m2/repository/org/apache/commons/commons-math3/3.1.1/commons-math3-3.1.1.jar:/home/runner/.m2/repository/commons-net/commons-net/3.6/commons-net-3.6.jar:/home/runner/.m2/repository/com/sun/jersey/jersey-servlet/1.19/jersey-servlet-1.19.jar:/home/runner/.m2/repository/com/sun/jersey/jersey-json/1.19/jersey-json-1.19.jar:/home/runner/.m2/repository/org/codehaus/jettison/jettison/1.1/jettison-1.1.jar:/home/runner/.m2/repository/com/sun/xml/bind/jaxb-impl/2.2.3-1/jaxb-impl-2.2.3-1.jar:/home/runner/.m2/repository/org/codehaus/jackson/jackson-xc/1.9.2/jackson-xc-1.9.2.jar:/home/runner/.m2/repository/com/google/re2j/re2j/1.1/re2j-1.1.jar:/home/runner/.m2/repository/com/jcraft/jsch/0.1.54/jsch-0.1.54.jar:/home/runner/.m2/repository/org/apache/curator/curator-client/4.2.0/curator-client-4.2.0.jar:/home/runner/.m2/repository/org/apache/curator/curator-recipes/4.2.0/curator-recipes-4.2.0.jar:/home/runner/.m2/repository/org/apache/kerby/kerb-core/1.0.1/kerb-core-1.0.1.jar:/home/runner/.m2/repository/org/apache/kerby/kerby-pkix/1.0.1/kerby-pkix-1.0.1.jar:/home/runner/.m2/repository/org/apache/kerby/kerby-asn1/1.0.1/kerby-asn1-1.0.1.jar:/home/runner/.m2/repository/org/apache/kerby/kerby-util/1.0.1/kerby-util-1.0.1.jar:/home/runner/.m2/repository/dnsjava/dnsjava/2.1.7/dnsjava-2.1.7.jar:/home/runner/.m2/repository/org/xerial/snappy/snappy-java/1.1.8.2/snappy-java-1.1.8.2.jar:/home/runner/.m2/repository/org/eclipse/jetty/jetty-util/9.4.49.v20220914/jetty-util-9.4.49.v20220914.jar:/home/runner/.m2/repository/com/fasterxml/jackson/core/jackson-databind/2.13.4.2/jackson-databind-2.13.4.2.jar:/home/runner/.m2/repository/org/apache/hadoop/hadoop-kms/3.3.4/hadoop-kms-3.3.4-tests.jar:/home/runner/.m2/repository/org/apache/ozone/hdds-server-scm/1.3.0-SNAPSHOT/hdds-server-scm-1.3.0-SNAPSHOT-tests.jar:/home/runner/.m2/repository/org/apache/ozone/hdds-container-service/1.3.0-SNAPSHOT/hdds-container-service-1.3.0-SNAPSHOT-tests.jar:/home/runner/.m2/repository/commons-codec/commons-codec/1.15/commons-codec-1.15.jar:/home/runner/.m2/repository/io/netty/netty-codec/4.1.79.Final/netty-codec-4.1.79.Final.jar:/home/runner/.m2/repository/io/netty/netty-handler/4.1.79.Final/netty-handler-4.1.79.Final.jar:/home/runner/.m2/repository/org/apache/ozone/hdds-hadoop-dependency-test/1.3.0-SNAPSHOT/hdds-hadoop-dependency-test-1.3.0-SNAPSHOT.jar:/home/runner/.m2/repository/org/apache/hadoop/hadoop-common/3.3.4/hadoop-common-3.3.4-tests.jar:/home/runner/.m2/repository/org/apache/hadoop/hadoop-hdfs/3.3.4/hadoop-hdfs-3.3.4-tests.jar:/home/runner/.m2/repository/org/assertj/assertj-core/3.12.2/assertj-core-3.12.2.jar:/home/runner/.m2/repository/org/apache/hadoop/hadoop-distcp/3.3.4/hadoop-distcp-3.3.4.jar:/home/runner/.m2/repository/org/apache/hadoop/hadoop-mapreduce-client-jobclient/3.3.4/hadoop-mapreduce-client-jobclient-3.3.4.jar:/home/runner/.m2/repository/org/apache/hadoop/hadoop-mapreduce-client-common/3.3.4/hadoop-mapreduce-client-common-3.3.4.jar:/home/runner/.m2/repository/org/apache/hadoop/hadoop-yarn-common/3.3.4/hadoop-yarn-common-3.3.4.jar:/home/runner/.m2/repository/org/apache/hadoop/hadoop-yarn-api/3.3.4/hadoop-yarn-api-3.3.4.jar:/home/runner/.m2/repository/com/sun/jersey/contribs/jersey-guice/1.19/jersey-guice-1.19.jar:/home/runner/.m2/repository/com/fasterxml/jackson/jaxrs/jackson-jaxrs-json-provider/2.13.4/jackson-jaxrs-json-provider-2.13.4.jar:/home/runner/.m2/repository/com/fasterxml/jackson/jaxrs/jackson-jaxrs-base/2.13.4/jackson-jaxrs-base-2.13.4.jar:/home/runner/.m2/repository/org/apache/hadoop/hadoop-yarn-client/3.3.4/hadoop-yarn-client-3.3.4.jar:/home/runner/.m2/repository/org/eclipse/jetty/websocket/websocket-client/9.4.43.v20210629/websocket-client-9.4.43.v20210629.jar:/home/runner/.m2/repository/org/eclipse/jetty/websocket/websocket-common/9.4.43.v20210629/websocket-common-9.4.43.v20210629.jar:/home/runner/.m2/repository/org/eclipse/jetty/websocket/websocket-api/9.4.43.v20210629/websocket-api-9.4.43.v20210629.jar:/home/runner/.m2/repository/org/jline/jline/3.9.0/jline-3.9.0.jar:/home/runner/.m2/repository/org/apache/hadoop/hadoop-mapreduce-client-core/3.3.4/hadoop-mapreduce-client-core-3.3.4.jar:/home/runner/.m2/repository/org/apache/avro/avro/1.7.7/avro-1.7.7.jar:/home/runner/.m2/repository/org/codehaus/jackson/jackson-core-asl/1.9.13/jackson-core-asl-1.9.13.jar:/home/runner/.m2/repository/org/codehaus/jackson/jackson-mapper-asl/1.9.13/jackson-mapper-asl-1.9.13.jar:/home/runner/.m2/repository/com/thoughtworks/paranamer/paranamer/2.3/paranamer-2.3.jar:/home/runner/.m2/repository/org/apache/hadoop/hadoop-annotations/3.3.4/hadoop-annotations-3.3.4.jar:/usr/lib/jvm/temurin-8-jdk-amd64/jre/../lib/tools.jar:/home/runner/.m2/repository/io/netty/netty/3.10.6.Final/netty-3.10.6.Final.jar:/home/runner/.m2/repository/org/apache/hadoop/hadoop-distcp/3.3.4/hadoop-distcp-3.3.4-tests.jar:/home/runner/.m2/repository/org/slf4j/jul-to-slf4j/1.7.36/jul-to-slf4j-1.7.36.jar:/home/runner/.m2/repository/org/apache/ratis/ratis-common/2.4.0/ratis-common-2.4.0.jar:/home/runner/.m2/repository/org/apache/ratis/ratis-thirdparty-misc/1.0.2/ratis-thirdparty-misc-1.0.2.jar:/home/runner/.m2/repository/org/apache/ratis/ratis-proto/2.4.0/ratis-proto-2.4.0.jar:"/>
    <property name="sun.cpu.endian" value="little"/>
    <property name="user.home" value="/home/runner"/>
    <property name="user.language" value="en"/>
    <property name="java.specification.vendor" value="Oracle Corporation"/>
    <property name="java.home" value="/usr/lib/jvm/temurin-8-jdk-amd64/jre"/>
    <property name="java.security.krb5.conf" value="/home/runner/work/ozone/ozone/hadoop-ozone/integration-test/target/test-classes/krb5.conf"/>
    <property name="basedir" value="/home/runner/work/ozone/ozone/hadoop-ozone/integration-test"/>
    <property name="file.separator" value="/"/>
    <property name="line.separator" value="&#10;"/>
    <property name="java.vm.specification.vendor" value="Oracle Corporation"/>
    <property name="java.specification.name" value="Java Platform API Specification"/>
    <property name="java.awt.graphicsenv" value="sun.awt.X11GraphicsEnvironment"/>
    <property name="skip.installnpx" value="true"/>
    <property name="surefire.fork.timeout" value="3600"/>
    <property name="surefire.real.class.path" value="/home/runner/work/ozone/ozone/hadoop-ozone/integration-test/target/surefire/surefirebooter7444981941780121879.jar:/home/runner/.m2/repository/org/jacoco/org.jacoco.agent/0.8.5/org.jacoco.agent-0.8.5-runtime.jar"/>
    <property name="hadoop.log.dir" value="/home/runner/work/ozone/ozone/hadoop-ozone/integration-test/target/log"/>
    <property name="sun.boot.class.path" value="/usr/lib/jvm/temurin-8-jdk-amd64/jre/lib/resources.jar:/usr/lib/jvm/temurin-8-jdk-amd64/jre/lib/rt.jar:/usr/lib/jvm/temurin-8-jdk-amd64/jre/lib/sunrsasign.jar:/usr/lib/jvm/temurin-8-jdk-amd64/jre/lib/jsse.jar:/usr/lib/jvm/temurin-8-jdk-amd64/jre/lib/jce.jar:/usr/lib/jvm/temurin-8-jdk-amd64/jre/lib/charsets.jar:/usr/lib/jvm/temurin-8-jdk-amd64/jre/lib/jfr.jar:/usr/lib/jvm/temurin-8-jdk-amd64/jre/classes"/>
    <property name="sun.management.compiler" value="HotSpot 64-Bit Tiered Compilers"/>
    <property name="skip.npx" value="true"/>
    <property name="java.runtime.version" value="1.8.0_345-b01"/>
    <property name="java.net.preferIPv4Stack" value="true"/>
    <property name="user.name" value="runner"/>
    <property name="path.separator" value=":"/>
    <property name="java.security.egd" value="file:///dev/urandom"/>
    <property name="os.version" value="5.15.0-1022-azure"/>
    <property name="java.endorsed.dirs" value="/usr/lib/jvm/temurin-8-jdk-amd64/jre/lib/endorsed"/>
    <property name="java.runtime.name" value="OpenJDK Runtime Environment"/>
    <property name="file.encoding" value="UTF-8"/>
    <property name="java.vm.name" value="OpenJDK 64-Bit Server VM"/>
    <property name="test.build.webapps" value=""/>
    <property name="localRepository" value="/home/runner/.m2/repository"/>
    <property name="jetty.git.hash" value="4231a3b2e4cb8548a412a789936d640a97b1aa0a"/>
    <property name="java.vendor.url.bug" value="https://github.com/adoptium/adoptium-support/issues"/>
    <property name="java.io.tmpdir" value="/tmp"/>
    <property name="require.test.libhadoop" value=""/>
    <property name="surefire.rerunFailingTestsCount" value="5"/>
    <property name="java.version" value="1.8.0_345"/>
    <property name="user.dir" value="/home/runner/work/ozone/ozone/hadoop-ozone/integration-test"/>
    <property name="os.arch" value="amd64"/>
    <property name="java.vm.specification.name" value="Java Virtual Machine Specification"/>
    <property name="test.build.classes" value="/home/runner/work/ozone/ozone/hadoop-ozone/integration-test/target/test-classes"/>
    <property name="java.awt.printerjob" value="sun.print.PSPrinterJob"/>
    <property name="sun.os.patch.level" value="unknown"/>
    <property name="org.apache.ratis.thirdparty.io.netty.allocator.useCacheForAllThreads" value="false"/>
    <property name="hadoop.tmp.dir" value="/home/runner/work/ozone/ozone/hadoop-ozone/integration-test/target/tmp"/>
    <property name="java.library.path" value="/usr/java/packages/lib/amd64:/usr/lib64:/lib64:/lib:/usr/lib"/>
    <property name="java.vm.info" value="mixed mode"/>
    <property name="java.vendor" value="Temurin"/>
    <property name="java.vm.version" value="25.345-b01"/>
    <property name="java.ext.dirs" value="/usr/lib/jvm/temurin-8-jdk-amd64/jre/lib/ext:/usr/java/packages/lib/ext"/>
    <property name="sun.io.unicode.encoding" value="UnicodeLittle"/>
    <property name="java.class.version" value="52.0"/>
  </properties>
  <testcase name="testNodeWithOpenPipelineCanBeDecommissionedAndRecommissioned" classname="org.apache.hadoop.ozone.scm.node.TestDecommissionAndMaintenance" time="62.587"/>
  <testcase name="testContainerIsReplicatedWhenAllNodesGotoMaintenance" classname="org.apache.hadoop.ozone.scm.node.TestDecommissionAndMaintenance" time="369.768"/>
  <testcase name="testMaintenanceEndsAutomaticallyAtTimeout" classname="org.apache.hadoop.ozone.scm.node.TestDecommissionAndMaintenance" time="40.056"/>
  <testcase name="testSingleNodeWithOpenPipelineCanGotoMaintenance" classname="org.apache.hadoop.ozone.scm.node.TestDecommissionAndMaintenance" time="34.466"/>
  <testcase name="testSCMHandlesRestartForMaintenanceNode" classname="org.apache.hadoop.ozone.scm.node.TestDecommissionAndMaintenance" time="23.989"/>
  <testcase name="testEnteringMaintenanceNodeCompletesAfterSCMRestart" classname="org.apache.hadoop.ozone.scm.node.TestDecommissionAndMaintenance" time="36.904">
    <error type="java.util.concurrent.TimeoutException"><![CDATA[java.util.concurrent.TimeoutException: 
Timed out waiting for condition. Thread diagnostics:
Timestamp: 2022-11-23 12:08:03,680

"Command processor thread" daemon prio=5 tid=4566 timed_waiting
java.lang.Thread.State: TIMED_WAITING
        at java.lang.Thread.sleep(Native Method)
        at org.apache.hadoop.ozone.container.common.statemachine.DatanodeStateMachine.lambda$initCommandHandlerThread$3(DatanodeStateMachine.java:641)
        at org.apache.hadoop.ozone.container.common.statemachine.DatanodeStateMachine$$Lambda$787/534002387.run(Unknown Source)
        at java.lang.Thread.run(Thread.java:750)
"BlockDeletingService#1" daemon prio=5 tid=4689 timed_waiting
java.lang.Thread.State: TIMED_WAITING
        at sun.misc.Unsafe.park(Native Method)
        at java.util.concurrent.locks.LockSupport.parkNanos(LockSupport.java:215)
        at java.util.concurrent.locks.AbstractQueuedSynchronizer$ConditionObject.awaitNanos(AbstractQueuedSynchronizer.java:2078)
        at java.util.concurrent.ScheduledThreadPoolExecutor$DelayedWorkQueue.take(ScheduledThreadPoolExecutor.java:1093)
        at java.util.concurrent.ScheduledThreadPoolExecutor$DelayedWorkQueue.take(ScheduledThreadPoolExecutor.java:809)
        at java.util.concurrent.ThreadPoolExecutor.getTask(ThreadPoolExecutor.java:1074)
        at java.util.concurrent.ThreadPoolExecutor.runWorker(ThreadPoolExecutor.java:1134)
        at java.util.concurrent.ThreadPoolExecutor$Worker.run(ThreadPoolExecutor.java:624)
        at java.lang.Thread.run(Thread.java:750)
"OMDoubleBufferFlushThread" daemon prio=5 tid=4237 timed_waiting
java.lang.Thread.State: TIMED_WAITING
        at java.lang.Object.wait(Native Method)
        at org.apache.hadoop.ozone.om.ratis.OzoneManagerDoubleBuffer.canFlush(OzoneManagerDoubleBuffer.java:538)
        at org.apache.hadoop.ozone.om.ratis.OzoneManagerDoubleBuffer.flushTransactions(OzoneManagerDoubleBuffer.java:268)
        at org.apache.hadoop.ozone.om.ratis.OzoneManagerDoubleBuffer$$Lambda$538/1577248850.run(Unknown Source)
        at java.lang.Thread.run(Thread.java:750)
"BlockDeletingService#2" daemon prio=5 tid=6185 in Object.wait()
java.lang.Thread.State: WAITING (on object monitor)
        at sun.misc.Unsafe.park(Native Method)
        at java.util.concurrent.locks.LockSupport.park(LockSupport.java:175)
        at java.util.concurrent.locks.AbstractQueuedSynchronizer$ConditionObject.await(AbstractQueuedSynchronizer.java:2039)
        at java.util.concurrent.ScheduledThreadPoolExecutor$DelayedWorkQueue.take(ScheduledThreadPoolExecutor.java:1088)
        at java.util.concurrent.ScheduledThreadPoolExecutor$DelayedWorkQueue.take(ScheduledThreadPoolExecutor.java:809)
        at java.util.concurrent.ThreadPoolExecutor.getTask(ThreadPoolExecutor.java:1074)
        at java.util.concurrent.ThreadPoolExecutor.runWorker(ThreadPoolExecutor.java:1134)
        at java.util.concurrent.ThreadPoolExecutor$Worker.run(ThreadPoolExecutor.java:624)
        at java.lang.Thread.run(Thread.java:750)
"qtp1556434335-5445" daemon prio=5 tid=5445 runnable
java.lang.Thread.State: RUNNABLE
        at sun.nio.ch.EPollArrayWrapper.epollWait(Native Method)
        at sun.nio.ch.EPollArrayWrapper.poll(EPollArrayWrapper.java:269)
        at sun.nio.ch.EPollSelectorImpl.doSelect(EPollSelectorImpl.java:93)
        at sun.nio.ch.SelectorImpl.lockAndDoSelect(SelectorImpl.java:86)
        at sun.nio.ch.SelectorImpl.select(SelectorImpl.java:97)
        at sun.nio.ch.SelectorImpl.select(SelectorImpl.java:101)
        at org.eclipse.jetty.io.ManagedSelector.nioSelect(ManagedSelector.java:183)
        at org.eclipse.jetty.io.ManagedSelector.select(ManagedSelector.java:190)
        at org.eclipse.jetty.io.ManagedSelector$SelectorProducer.select(ManagedSelector.java:606)
        at org.eclipse.jetty.io.ManagedSelector$SelectorProducer.produce(ManagedSelector.java:543)
        at org.eclipse.jetty.util.thread.strategy.EatWhatYouKill.produceTask(EatWhatYouKill.java:362)
        at org.eclipse.jetty.util.thread.strategy.EatWhatYouKill.doProduce(EatWhatYouKill.java:186)
        at org.eclipse.jetty.util.thread.strategy.EatWhatYouKill.tryProduce(EatWhatYouKill.java:173)
        at org.eclipse.jetty.util.thread.strategy.EatWhatYouKill.produce(EatWhatYouKill.java:137)
        at org.eclipse.jetty.io.ManagedSelector$$Lambda$480/780706792.run(Unknown Source)
        at org.eclipse.jetty.util.thread.QueuedThreadPool.runJob(QueuedThreadPool.java:883)
        at org.eclipse.jetty.util.thread.QueuedThreadPool$Runner.run(QueuedThreadPool.java:1034)
        at java.lang.Thread.run(Thread.java:750)
"org.apache.hadoop.ozone.container.common.statemachine.commandhandler.DeleteBlocksCommandHandler$DeleteCmdWorker@3e237c0a" daemon prio=5 tid=4541 timed_waiting
java.lang.Thread.State: TIMED_WAITING
        at java.lang.Thread.sleep(Native Method)
        at org.apache.hadoop.ozone.container.common.statemachine.commandhandler.DeleteBlocksCommandHandler$DeleteCmdWorker.run(DeleteBlocksCommandHandler.java:184)
        at java.lang.Thread.run(Thread.java:750)
"IPC Server handler 2 on default port 41915" daemon prio=5 tid=5092 timed_waiting
java.lang.Thread.State: TIMED_WAITING
        at sun.misc.Unsafe.park(Native Method)
        at java.util.concurrent.locks.LockSupport.parkNanos(LockSupport.java:215)
        at java.util.concurrent.locks.AbstractQueuedSynchronizer$ConditionObject.awaitNanos(AbstractQueuedSynchronizer.java:2078)
        at java.util.concurrent.LinkedBlockingQueue.poll(LinkedBlockingQueue.java:467)
        at org.apache.hadoop.ipc.CallQueueManager.take(CallQueueManager.java:317)
        at org.apache.hadoop.ipc.Server$Handler.run(Server.java:2942)
"ChunkWriter-2-0" daemon prio=5 tid=4694 in Object.wait()
java.lang.Thread.State: WAITING (on object monitor)
        at sun.misc.Unsafe.park(Native Method)
        at java.util.concurrent.locks.LockSupport.park(LockSupport.java:175)
        at java.util.concurrent.locks.AbstractQueuedSynchronizer$ConditionObject.await(AbstractQueuedSynchronizer.java:2039)
        at java.util.concurrent.LinkedBlockingDeque.takeFirst(LinkedBlockingDeque.java:492)
        at java.util.concurrent.LinkedBlockingDeque.take(LinkedBlockingDeque.java:680)
        at java.util.concurrent.ThreadPoolExecutor.getTask(ThreadPoolExecutor.java:1074)
        at java.util.concurrent.ThreadPoolExecutor.runWorker(ThreadPoolExecutor.java:1134)
        at java.util.concurrent.ThreadPoolExecutor$Worker.run(ThreadPoolExecutor.java:624)
        at java.lang.Thread.run(Thread.java:750)
"Datanode State Machine Daemon Thread" daemon prio=5 tid=5355 timed_waiting
java.lang.Thread.State: TIMED_WAITING
        at java.lang.Thread.sleep(Native Method)
        at org.apache.hadoop.ozone.container.common.statemachine.DatanodeStateMachine.startStateMachineThread(DatanodeStateMachine.java:321)
        at org.apache.hadoop.ozone.container.common.statemachine.DatanodeStateMachine.lambda$startDaemon$0(DatanodeStateMachine.java:506)
        at org.apache.hadoop.ozone.container.common.statemachine.DatanodeStateMachine$$Lambda$785/1058385645.run(Unknown Source)
        at java.lang.Thread.run(Thread.java:750)
"ChunkWriter-3-0" daemon prio=5 tid=4683 in Object.wait()
java.lang.Thread.State: WAITING (on object monitor)
        at sun.misc.Unsafe.park(Native Method)
        at java.util.concurrent.locks.LockSupport.park(LockSupport.java:175)
        at java.util.concurrent.locks.AbstractQueuedSynchronizer$ConditionObject.await(AbstractQueuedSynchronizer.java:2039)
        at java.util.concurrent.LinkedBlockingDeque.takeFirst(LinkedBlockingDeque.java:492)
        at java.util.concurrent.LinkedBlockingDeque.take(LinkedBlockingDeque.java:680)
        at java.util.concurrent.ThreadPoolExecutor.getTask(ThreadPoolExecutor.java:1074)
        at java.util.concurrent.ThreadPoolExecutor.runWorker(ThreadPoolExecutor.java:1134)
        at java.util.concurrent.ThreadPoolExecutor$Worker.run(ThreadPoolExecutor.java:624)
        at java.lang.Thread.run(Thread.java:750)
"Timer-6"  prio=5 tid=5244 timed_waiting
java.lang.Thread.State: TIMED_WAITING
        at java.lang.Object.wait(Native Method)
        at java.util.TimerThread.mainLoop(Timer.java:552)
        at java.util.TimerThread.run(Timer.java:505)
"JvmPauseMonitor48" daemon prio=5 tid=4752 timed_waiting
java.lang.Thread.State: TIMED_WAITING
        at java.lang.Thread.sleep(Native Method)
        at java.lang.Thread.sleep(Thread.java:342)
        at java.util.concurrent.TimeUnit.sleep(TimeUnit.java:386)
        at org.apache.ratis.util.TimeDuration.sleep(TimeDuration.java:325)
        at org.apache.ratis.util.TimeDuration.sleep(TimeDuration.java:310)
        at org.apache.ratis.util.JvmPauseMonitor.detectPause(JvmPauseMonitor.java:119)
        at org.apache.ratis.util.JvmPauseMonitor.run(JvmPauseMonitor.java:108)
        at org.apache.ratis.util.JvmPauseMonitor$$Lambda$740/613108676.run(Unknown Source)
        at java.lang.Thread.run(Thread.java:750)
"BlockDeletingService#0" daemon prio=5 tid=5542 timed_waiting
java.lang.Thread.State: TIMED_WAITING
        at sun.misc.Unsafe.park(Native Method)
        at java.util.concurrent.locks.LockSupport.parkNanos(LockSupport.java:215)
        at java.util.concurrent.locks.AbstractQueuedSynchronizer$ConditionObject.awaitNanos(AbstractQueuedSynchronizer.java:2078)
        at java.util.concurrent.ScheduledThreadPoolExecutor$DelayedWorkQueue.take(ScheduledThreadPoolExecutor.java:1093)
        at java.util.concurrent.ScheduledThreadPoolExecutor$DelayedWorkQueue.take(ScheduledThreadPoolExecutor.java:809)
        at java.util.concurrent.ThreadPoolExecutor.getTask(ThreadPoolExecutor.java:1074)
        at java.util.concurrent.ThreadPoolExecutor.runWorker(ThreadPoolExecutor.java:1134)
        at java.util.concurrent.ThreadPoolExecutor$Worker.run(ThreadPoolExecutor.java:624)
        at java.lang.Thread.run(Thread.java:750)
"timer3" daemon prio=5 tid=555 timed_waiting
java.lang.Thread.State: TIMED_WAITING
        at java.lang.Object.wait(Native Method)
        at java.util.TimerThread.mainLoop(Timer.java:552)
        at java.util.TimerThread.run(Timer.java:505)
"96238b2c-9f01-47c7-9db9-9b3e1b0f8a5c@group-A9DF22F54B30-FollowerState" daemon prio=5 tid=4883 timed_waiting
java.lang.Thread.State: TIMED_WAITING
        at java.lang.Thread.sleep(Native Method)
        at java.lang.Thread.sleep(Thread.java:342)
        at java.util.concurrent.TimeUnit.sleep(TimeUnit.java:386)
        at org.apache.ratis.util.TimeDuration.sleep(TimeDuration.java:325)
        at org.apache.ratis.util.TimeDuration.sleep(TimeDuration.java:310)
        at org.apache.ratis.server.impl.FollowerState.run(FollowerState.java:128)
"FullTableCache Cleanup Thread - 0" daemon prio=5 tid=4018 in Object.wait()
java.lang.Thread.State: WAITING (on object monitor)
        at sun.misc.Unsafe.park(Native Method)
        at java.util.concurrent.locks.LockSupport.park(LockSupport.java:175)
        at java.util.concurrent.locks.AbstractQueuedSynchronizer$ConditionObject.await(AbstractQueuedSynchronizer.java:2039)
        at java.util.concurrent.LinkedBlockingQueue.take(LinkedBlockingQueue.java:442)
        at java.util.concurrent.ThreadPoolExecutor.getTask(ThreadPoolExecutor.java:1074)
        at java.util.concurrent.ThreadPoolExecutor.runWorker(ThreadPoolExecutor.java:1134)
        at java.util.concurrent.ThreadPoolExecutor$Worker.run(ThreadPoolExecutor.java:624)
        at java.lang.Thread.run(Thread.java:750)
"qtp1251079119-4349" daemon prio=5 tid=4349 timed_waiting
java.lang.Thread.State: TIMED_WAITING
        at sun.misc.Unsafe.park(Native Method)
        at java.util.concurrent.locks.LockSupport.parkNanos(LockSupport.java:215)
        at java.util.concurrent.locks.AbstractQueuedSynchronizer$ConditionObject.awaitNanos(AbstractQueuedSynchronizer.java:2078)
        at org.eclipse.jetty.util.BlockingArrayQueue.poll(BlockingArrayQueue.java:382)
        at org.eclipse.jetty.util.thread.QueuedThreadPool$Runner.idleJobPoll(QueuedThreadPool.java:974)
        at org.eclipse.jetty.util.thread.QueuedThreadPool$Runner.run(QueuedThreadPool.java:1018)
        at java.lang.Thread.run(Thread.java:750)
"om1-client-thread1" daemon prio=5 tid=5944 timed_waiting
java.lang.Thread.State: TIMED_WAITING
        at sun.misc.Unsafe.park(Native Method)
        at java.util.concurrent.locks.LockSupport.parkNanos(LockSupport.java:215)
        at java.util.concurrent.SynchronousQueue$TransferStack.awaitFulfill(SynchronousQueue.java:460)
        at java.util.concurrent.SynchronousQueue$TransferStack.transfer(SynchronousQueue.java:362)
        at java.util.concurrent.SynchronousQueue.poll(SynchronousQueue.java:941)
        at java.util.concurrent.ThreadPoolExecutor.getTask(ThreadPoolExecutor.java:1073)
        at java.util.concurrent.ThreadPoolExecutor.runWorker(ThreadPoolExecutor.java:1134)
        at java.util.concurrent.ThreadPoolExecutor$Worker.run(ThreadPoolExecutor.java:624)
        at java.lang.Thread.run(Thread.java:750)
"qtp1824915848-4401" daemon prio=5 tid=4401 timed_waiting
java.lang.Thread.State: TIMED_WAITING
        at sun.misc.Unsafe.park(Native Method)
        at java.util.concurrent.locks.LockSupport.parkNanos(LockSupport.java:215)
        at java.util.concurrent.locks.AbstractQueuedSynchronizer$ConditionObject.awaitNanos(AbstractQueuedSynchronizer.java:2078)
        at org.eclipse.jetty.util.BlockingArrayQueue.poll(BlockingArrayQueue.java:382)
        at org.eclipse.jetty.util.thread.QueuedThreadPool$Runner.idleJobPoll(QueuedThreadPool.java:974)
        at org.eclipse.jetty.util.thread.QueuedThreadPool$Runner.run(QueuedThreadPool.java:1018)
        at java.lang.Thread.run(Thread.java:750)
"ec-reconstruct-reader-TID-2"  prio=5 tid=4989 in Object.wait()
java.lang.Thread.State: WAITING (on object monitor)
        at sun.misc.Unsafe.park(Native Method)
        at java.util.concurrent.locks.LockSupport.park(LockSupport.java:175)
        at java.util.concurrent.SynchronousQueue$TransferStack.awaitFulfill(SynchronousQueue.java:458)
        at java.util.concurrent.SynchronousQueue$TransferStack.transfer(SynchronousQueue.java:362)
        at java.util.concurrent.SynchronousQueue.take(SynchronousQueue.java:924)
        at java.util.concurrent.ThreadPoolExecutor.getTask(ThreadPoolExecutor.java:1074)
        at java.util.concurrent.ThreadPoolExecutor.runWorker(ThreadPoolExecutor.java:1134)
        at java.util.concurrent.ThreadPoolExecutor$Worker.run(ThreadPoolExecutor.java:624)
        at java.lang.Thread.run(Thread.java:750)
"SCMBlockDeletingService#0" daemon prio=5 tid=6159 timed_waiting
java.lang.Thread.State: TIMED_WAITING
        at sun.misc.Unsafe.park(Native Method)
        at java.util.concurrent.locks.LockSupport.parkNanos(LockSupport.java:215)
        at java.util.concurrent.locks.AbstractQueuedSynchronizer$ConditionObject.awaitNanos(AbstractQueuedSynchronizer.java:2078)
        at java.util.concurrent.ScheduledThreadPoolExecutor$DelayedWorkQueue.take(ScheduledThreadPoolExecutor.java:1093)
        at java.util.concurrent.ScheduledThreadPoolExecutor$DelayedWorkQueue.take(ScheduledThreadPoolExecutor.java:809)
        at java.util.concurrent.ThreadPoolExecutor.getTask(ThreadPoolExecutor.java:1074)
        at java.util.concurrent.ThreadPoolExecutor.runWorker(ThreadPoolExecutor.java:1134)
        at java.util.concurrent.ThreadPoolExecutor$Worker.run(ThreadPoolExecutor.java:624)
        at java.lang.Thread.run(Thread.java:750)
"Datanode ReportManager Thread - 1" daemon prio=5 tid=5357 in Object.wait()
java.lang.Thread.State: WAITING (on object monitor)
        at sun.misc.Unsafe.park(Native Method)
        at java.util.concurrent.locks.LockSupport.park(LockSupport.java:175)
        at java.util.concurrent.locks.AbstractQueuedSynchronizer$ConditionObject.await(AbstractQueuedSynchronizer.java:2039)
        at java.util.concurrent.ScheduledThreadPoolExecutor$DelayedWorkQueue.take(ScheduledThreadPoolExecutor.java:1088)
        at java.util.concurrent.ScheduledThreadPoolExecutor$DelayedWorkQueue.take(ScheduledThreadPoolExecutor.java:809)
        at java.util.concurrent.ThreadPoolExecutor.getTask(ThreadPoolExecutor.java:1074)
        at java.util.concurrent.ThreadPoolExecutor.runWorker(ThreadPoolExecutor.java:1134)
        at java.util.concurrent.ThreadPoolExecutor$Worker.run(ThreadPoolExecutor.java:624)
        at java.lang.Thread.run(Thread.java:750)
"IPC Server handler 13 on default port 46655" daemon prio=5 tid=5272 timed_waiting
java.lang.Thread.State: TIMED_WAITING
        at sun.misc.Unsafe.park(Native Method)
        at java.util.concurrent.locks.LockSupport.parkNanos(LockSupport.java:215)
        at java.util.concurrent.locks.AbstractQueuedSynchronizer$ConditionObject.awaitNanos(AbstractQueuedSynchronizer.java:2078)
        at java.util.concurrent.LinkedBlockingQueue.poll(LinkedBlockingQueue.java:467)
        at org.apache.hadoop.ipc.CallQueueManager.take(CallQueueManager.java:317)
        at org.apache.hadoop.ipc.Server$Handler.run(Server.java:2942)
"Datanode ReportManager Thread - 4" daemon prio=5 tid=5471 in Object.wait()
java.lang.Thread.State: WAITING (on object monitor)
        at sun.misc.Unsafe.park(Native Method)
        at java.util.concurrent.locks.LockSupport.park(LockSupport.java:175)
        at java.util.concurrent.locks.AbstractQueuedSynchronizer$ConditionObject.await(AbstractQueuedSynchronizer.java:2039)
        at java.util.concurrent.ScheduledThreadPoolExecutor$DelayedWorkQueue.take(ScheduledThreadPoolExecutor.java:1088)
        at java.util.concurrent.ScheduledThreadPoolExecutor$DelayedWorkQueue.take(ScheduledThreadPoolExecutor.java:809)
        at java.util.concurrent.ThreadPoolExecutor.getTask(ThreadPoolExecutor.java:1074)
        at java.util.concurrent.ThreadPoolExecutor.runWorker(ThreadPoolExecutor.java:1134)
        at java.util.concurrent.ThreadPoolExecutor$Worker.run(ThreadPoolExecutor.java:624)
        at java.lang.Thread.run(Thread.java:750)
"qtp1148868906-4650" daemon prio=5 tid=4650 timed_waiting
java.lang.Thread.State: TIMED_WAITING
        at sun.misc.Unsafe.park(Native Method)
        at java.util.concurrent.locks.LockSupport.parkNanos(LockSupport.java:215)
        at java.util.concurrent.locks.AbstractQueuedSynchronizer$ConditionObject.awaitNanos(AbstractQueuedSynchronizer.java:2078)
        at org.eclipse.jetty.util.BlockingArrayQueue.poll(BlockingArrayQueue.java:382)
        at org.eclipse.jetty.util.thread.QueuedThreadPool$Runner.idleJobPoll(QueuedThreadPool.java:974)
        at org.eclipse.jetty.util.thread.QueuedThreadPool$Runner.run(QueuedThreadPool.java:1018)
        at java.lang.Thread.run(Thread.java:750)
"qtp1148868906-4649" daemon prio=5 tid=4649 timed_waiting
java.lang.Thread.State: TIMED_WAITING
        at sun.misc.Unsafe.park(Native Method)
        at java.util.concurrent.locks.LockSupport.parkNanos(LockSupport.java:215)
        at java.util.concurrent.locks.AbstractQueuedSynchronizer$ConditionObject.awaitNanos(AbstractQueuedSynchronizer.java:2078)
        at org.eclipse.jetty.util.BlockingArrayQueue.poll(BlockingArrayQueue.java:382)
        at org.eclipse.jetty.util.thread.QueuedThreadPool$Runner.idleJobPoll(QueuedThreadPool.java:974)
        at org.eclipse.jetty.util.thread.QueuedThreadPool$Runner.run(QueuedThreadPool.java:1018)
        at java.lang.Thread.run(Thread.java:750)
"IPC Server handler 13 on default port 39971" daemon prio=5 tid=6109 timed_waiting
java.lang.Thread.State: TIMED_WAITING
        at sun.misc.Unsafe.park(Native Method)
        at java.util.concurrent.locks.LockSupport.parkNanos(LockSupport.java:215)
        at java.util.concurrent.locks.AbstractQueuedSynchronizer$ConditionObject.awaitNanos(AbstractQueuedSynchronizer.java:2078)
        at java.util.concurrent.LinkedBlockingQueue.poll(LinkedBlockingQueue.java:467)
        at org.apache.hadoop.ipc.CallQueueManager.take(CallQueueManager.java:317)
        at org.apache.hadoop.ipc.Server$Handler.run(Server.java:2942)
"qtp220272310-4453" daemon prio=5 tid=4453 timed_waiting
java.lang.Thread.State: TIMED_WAITING
        at sun.misc.Unsafe.park(Native Method)
        at java.util.concurrent.locks.LockSupport.parkNanos(LockSupport.java:215)
        at java.util.concurrent.locks.AbstractQueuedSynchronizer$ConditionObject.awaitNanos(AbstractQueuedSynchronizer.java:2078)
        at org.eclipse.jetty.util.BlockingArrayQueue.poll(BlockingArrayQueue.java:382)
        at org.eclipse.jetty.util.thread.QueuedThreadPool$Runner.idleJobPoll(QueuedThreadPool.java:974)
        at org.eclipse.jetty.util.thread.QueuedThreadPool$Runner.run(QueuedThreadPool.java:1018)
        at java.lang.Thread.run(Thread.java:750)
"388c1d2c-da9f-4216-9168-b64bdab690f4@group-437BE514B0E2-SegmentedRaftLogWorker"  prio=5 tid=4806 timed_waiting
java.lang.Thread.State: TIMED_WAITING
        at sun.misc.Unsafe.park(Native Method)
        at java.util.concurrent.locks.LockSupport.parkNanos(LockSupport.java:215)
        at java.util.concurrent.locks.AbstractQueuedSynchronizer$ConditionObject.awaitNanos(AbstractQueuedSynchronizer.java:2078)
        at org.apache.ratis.util.DataBlockingQueue.poll(DataBlockingQueue.java:148)
        at org.apache.ratis.server.raftlog.segmented.SegmentedRaftLogWorker.run(SegmentedRaftLogWorker.java:310)
        at org.apache.ratis.server.raftlog.segmented.SegmentedRaftLogWorker$$Lambda$699/1565409370.run(Unknown Source)
        at java.lang.Thread.run(Thread.java:750)
"IPC Server handler 2 on default port 39971" daemon prio=5 tid=6098 timed_waiting
java.lang.Thread.State: TIMED_WAITING
        at sun.misc.Unsafe.park(Native Method)
        at java.util.concurrent.locks.LockSupport.parkNanos(LockSupport.java:215)
        at java.util.concurrent.locks.AbstractQueuedSynchronizer$ConditionObject.awaitNanos(AbstractQueuedSynchronizer.java:2078)
        at java.util.concurrent.LinkedBlockingQueue.poll(LinkedBlockingQueue.java:467)
        at org.apache.hadoop.ipc.CallQueueManager.take(CallQueueManager.java:317)
        at org.apache.hadoop.ipc.Server$Handler.run(Server.java:2942)
"IPC Server idle connection scanner for port 33459" daemon prio=5 tid=4323 timed_waiting
java.lang.Thread.State: TIMED_WAITING
        at java.lang.Object.wait(Native Method)
        at java.util.TimerThread.mainLoop(Timer.java:552)
        at java.util.TimerThread.run(Timer.java:505)
"f64c422f-02be-4aba-b4a9-b2d4a3918880@group-E5FD1E25CF3D-StateMachineUpdater" daemon prio=5 tid=5719 timed_waiting
java.lang.Thread.State: TIMED_WAITING
        at sun.misc.Unsafe.park(Native Method)
        at java.util.concurrent.locks.LockSupport.parkNanos(LockSupport.java:215)
        at java.util.concurrent.CompletableFuture$Signaller.block(CompletableFuture.java:1709)
        at java.util.concurrent.ForkJoinPool.managedBlock(ForkJoinPool.java:3323)
        at java.util.concurrent.CompletableFuture.timedGet(CompletableFuture.java:1788)
        at java.util.concurrent.CompletableFuture.get(CompletableFuture.java:1928)
        at org.apache.ratis.util.AwaitForSignal.await(AwaitForSignal.java:56)
        at org.apache.ratis.server.impl.StateMachineUpdater.waitForCommit(StateMachineUpdater.java:207)
        at org.apache.ratis.server.impl.StateMachineUpdater.run(StateMachineUpdater.java:176)
        at java.lang.Thread.run(Thread.java:750)
"IPC Server handler 11 on default port 33459" daemon prio=5 tid=4369 timed_waiting
java.lang.Thread.State: TIMED_WAITING
        at sun.misc.Unsafe.park(Native Method)
        at java.util.concurrent.locks.LockSupport.parkNanos(LockSupport.java:215)
        at java.util.concurrent.locks.AbstractQueuedSynchronizer$ConditionObject.awaitNanos(AbstractQueuedSynchronizer.java:2078)
        at java.util.concurrent.LinkedBlockingQueue.poll(LinkedBlockingQueue.java:467)
        at org.apache.hadoop.ipc.CallQueueManager.take(CallQueueManager.java:317)
        at org.apache.hadoop.ipc.Server$Handler.run(Server.java:2942)
"Datanode ReportManager Thread - 4" daemon prio=5 tid=4496 timed_waiting
java.lang.Thread.State: TIMED_WAITING
        at sun.misc.Unsafe.park(Native Method)
        at java.util.concurrent.locks.LockSupport.parkNanos(LockSupport.java:215)
        at java.util.concurrent.locks.AbstractQueuedSynchronizer$ConditionObject.awaitNanos(AbstractQueuedSynchronizer.java:2078)
        at java.util.concurrent.ScheduledThreadPoolExecutor$DelayedWorkQueue.take(ScheduledThreadPoolExecutor.java:1093)
        at java.util.concurrent.ScheduledThreadPoolExecutor$DelayedWorkQueue.take(ScheduledThreadPoolExecutor.java:809)
        at java.util.concurrent.ThreadPoolExecutor.getTask(ThreadPoolExecutor.java:1074)
        at java.util.concurrent.ThreadPoolExecutor.runWorker(ThreadPoolExecutor.java:1134)
        at java.util.concurrent.ThreadPoolExecutor$Worker.run(ThreadPoolExecutor.java:624)
        at java.lang.Thread.run(Thread.java:750)
"pool-2500-thread-1"  prio=5 tid=5739 in Object.wait()
java.lang.Thread.State: WAITING (on object monitor)
        at sun.misc.Unsafe.park(Native Method)
        at java.util.concurrent.locks.LockSupport.park(LockSupport.java:175)
        at java.util.concurrent.locks.AbstractQueuedSynchronizer$ConditionObject.await(AbstractQueuedSynchronizer.java:2039)
        at java.util.concurrent.LinkedBlockingQueue.take(LinkedBlockingQueue.java:442)
        at java.util.concurrent.ThreadPoolExecutor.getTask(ThreadPoolExecutor.java:1074)
        at java.util.concurrent.ThreadPoolExecutor.runWorker(ThreadPoolExecutor.java:1134)
        at java.util.concurrent.ThreadPoolExecutor$Worker.run(ThreadPoolExecutor.java:624)
        at java.lang.Thread.run(Thread.java:750)
"BlockDeletingService#1" daemon prio=5 tid=5580 in Object.wait()
java.lang.Thread.State: WAITING (on object monitor)
        at sun.misc.Unsafe.park(Native Method)
        at java.util.concurrent.locks.LockSupport.park(LockSupport.java:175)
        at java.util.concurrent.locks.AbstractQueuedSynchronizer$ConditionObject.await(AbstractQueuedSynchronizer.java:2039)
        at java.util.concurrent.ScheduledThreadPoolExecutor$DelayedWorkQueue.take(ScheduledThreadPoolExecutor.java:1088)
        at java.util.concurrent.ScheduledThreadPoolExecutor$DelayedWorkQueue.take(ScheduledThreadPoolExecutor.java:809)
        at java.util.concurrent.ThreadPoolExecutor.getTask(ThreadPoolExecutor.java:1074)
        at java.util.concurrent.ThreadPoolExecutor.runWorker(ThreadPoolExecutor.java:1134)
        at java.util.concurrent.ThreadPoolExecutor$Worker.run(ThreadPoolExecutor.java:624)
        at java.lang.Thread.run(Thread.java:750)
"EventQueue-DatanodeCommandForSCMNodeManager"  prio=5 tid=5533 in Object.wait()
java.lang.Thread.State: WAITING (on object monitor)
        at sun.misc.Unsafe.park(Native Method)
        at java.util.concurrent.locks.LockSupport.park(LockSupport.java:175)
        at java.util.concurrent.locks.AbstractQueuedSynchronizer$ConditionObject.await(AbstractQueuedSynchronizer.java:2039)
        at java.util.concurrent.LinkedBlockingQueue.take(LinkedBlockingQueue.java:442)
        at java.util.concurrent.ThreadPoolExecutor.getTask(ThreadPoolExecutor.java:1074)
        at java.util.concurrent.ThreadPoolExecutor.runWorker(ThreadPoolExecutor.java:1134)
        at java.util.concurrent.ThreadPoolExecutor$Worker.run(ThreadPoolExecutor.java:624)
        at java.lang.Thread.run(Thread.java:750)
"Datanode State Machine Task Thread - 0"  prio=5 tid=4499 in Object.wait()
java.lang.Thread.State: WAITING (on object monitor)
        at sun.misc.Unsafe.park(Native Method)
        at java.util.concurrent.locks.LockSupport.park(LockSupport.java:175)
        at java.util.concurrent.locks.AbstractQueuedSynchronizer$ConditionObject.await(AbstractQueuedSynchronizer.java:2039)
        at java.util.concurrent.LinkedBlockingQueue.take(LinkedBlockingQueue.java:442)
        at java.util.concurrent.ThreadPoolExecutor.getTask(ThreadPoolExecutor.java:1074)
        at java.util.concurrent.ThreadPoolExecutor.runWorker(ThreadPoolExecutor.java:1134)
        at java.util.concurrent.ThreadPoolExecutor$Worker.run(ThreadPoolExecutor.java:624)
        at java.lang.Thread.run(Thread.java:750)
"IPC Server handler 4 on default port 46655" daemon prio=5 tid=5263 timed_waiting
java.lang.Thread.State: TIMED_WAITING
        at sun.misc.Unsafe.park(Native Method)
        at java.util.concurrent.locks.LockSupport.parkNanos(LockSupport.java:215)
        at java.util.concurrent.locks.AbstractQueuedSynchronizer$ConditionObject.awaitNanos(AbstractQueuedSynchronizer.java:2078)
        at java.util.concurrent.LinkedBlockingQueue.poll(LinkedBlockingQueue.java:467)
        at org.apache.hadoop.ipc.CallQueueManager.take(CallQueueManager.java:317)
        at org.apache.hadoop.ipc.Server$Handler.run(Server.java:2942)
"f9a60067-2236-4cd7-b231-4cb6898cc822@group-84A159281B42-StateMachineUpdater" daemon prio=5 tid=5745 timed_waiting
java.lang.Thread.State: TIMED_WAITING
        at sun.misc.Unsafe.park(Native Method)
        at java.util.concurrent.locks.LockSupport.parkNanos(LockSupport.java:215)
        at java.util.concurrent.CompletableFuture$Signaller.block(CompletableFuture.java:1709)
        at java.util.concurrent.ForkJoinPool.managedBlock(ForkJoinPool.java:3323)
        at java.util.concurrent.CompletableFuture.timedGet(CompletableFuture.java:1788)
        at java.util.concurrent.CompletableFuture.get(CompletableFuture.java:1928)
        at org.apache.ratis.util.AwaitForSignal.await(AwaitForSignal.java:56)
        at org.apache.ratis.server.impl.StateMachineUpdater.waitForCommit(StateMachineUpdater.java:207)
        at org.apache.ratis.server.impl.StateMachineUpdater.run(StateMachineUpdater.java:176)
        at java.lang.Thread.run(Thread.java:750)
"f64c422f-02be-4aba-b4a9-b2d4a3918880@group-E5FD1E25CF3D-SegmentedRaftLogWorker"  prio=5 tid=5717 timed_waiting
java.lang.Thread.State: TIMED_WAITING
        at sun.misc.Unsafe.park(Native Method)
        at java.util.concurrent.locks.LockSupport.parkNanos(LockSupport.java:215)
        at java.util.concurrent.locks.AbstractQueuedSynchronizer$ConditionObject.awaitNanos(AbstractQueuedSynchronizer.java:2078)
        at org.apache.ratis.util.DataBlockingQueue.poll(DataBlockingQueue.java:148)
        at org.apache.ratis.server.raftlog.segmented.SegmentedRaftLogWorker.run(SegmentedRaftLogWorker.java:310)
        at org.apache.ratis.server.raftlog.segmented.SegmentedRaftLogWorker$$Lambda$699/1565409370.run(Unknown Source)
        at java.lang.Thread.run(Thread.java:750)
"qtp1251079119-4343" daemon prio=5 tid=4343 runnable
java.lang.Thread.State: RUNNABLE
        at sun.nio.ch.EPollArrayWrapper.epollWait(Native Method)
        at sun.nio.ch.EPollArrayWrapper.poll(EPollArrayWrapper.java:269)
        at sun.nio.ch.EPollSelectorImpl.doSelect(EPollSelectorImpl.java:93)
        at sun.nio.ch.SelectorImpl.lockAndDoSelect(SelectorImpl.java:86)
        at sun.nio.ch.SelectorImpl.select(SelectorImpl.java:97)
        at sun.nio.ch.SelectorImpl.select(SelectorImpl.java:101)
        at org.eclipse.jetty.io.ManagedSelector.nioSelect(ManagedSelector.java:183)
        at org.eclipse.jetty.io.ManagedSelector.select(ManagedSelector.java:190)
        at org.eclipse.jetty.io.ManagedSelector$SelectorProducer.select(ManagedSelector.java:606)
        at org.eclipse.jetty.io.ManagedSelector$SelectorProducer.produce(ManagedSelector.java:543)
        at org.eclipse.jetty.util.thread.strategy.EatWhatYouKill.produceTask(EatWhatYouKill.java:362)
        at org.eclipse.jetty.util.thread.strategy.EatWhatYouKill.doProduce(EatWhatYouKill.java:186)
        at org.eclipse.jetty.util.thread.strategy.EatWhatYouKill.tryProduce(EatWhatYouKill.java:173)
        at org.eclipse.jetty.util.thread.strategy.EatWhatYouKill.produce(EatWhatYouKill.java:137)
        at org.eclipse.jetty.io.ManagedSelector$$Lambda$480/780706792.run(Unknown Source)
        at org.eclipse.jetty.util.thread.QueuedThreadPool.runJob(QueuedThreadPool.java:883)
        at org.eclipse.jetty.util.thread.QueuedThreadPool$Runner.run(QueuedThreadPool.java:1034)
        at java.lang.Thread.run(Thread.java:750)
"IPC Server handler 3 on default port 45167" daemon prio=5 tid=6119 timed_waiting
java.lang.Thread.State: TIMED_WAITING
        at sun.misc.Unsafe.park(Native Method)
        at java.util.concurrent.locks.LockSupport.parkNanos(LockSupport.java:215)
        at java.util.concurrent.locks.AbstractQueuedSynchronizer$ConditionObject.awaitNanos(AbstractQueuedSynchronizer.java:2078)
        at java.util.concurrent.LinkedBlockingQueue.poll(LinkedBlockingQueue.java:467)
        at org.apache.hadoop.ipc.CallQueueManager.take(CallQueueManager.java:317)
        at org.apache.hadoop.ipc.Server$Handler.run(Server.java:2942)
"qtp1707098790-4612" daemon prio=5 tid=4612 timed_waiting
java.lang.Thread.State: TIMED_WAITING
        at sun.misc.Unsafe.park(Native Method)
        at java.util.concurrent.locks.LockSupport.parkNanos(LockSupport.java:215)
        at java.util.concurrent.locks.AbstractQueuedSynchronizer$ConditionObject.awaitNanos(AbstractQueuedSynchronizer.java:2078)
        at org.eclipse.jetty.util.BlockingArrayQueue.poll(BlockingArrayQueue.java:382)
        at org.eclipse.jetty.util.thread.QueuedThreadPool$Runner.idleJobPoll(QueuedThreadPool.java:974)
        at org.eclipse.jetty.util.thread.QueuedThreadPool$Runner.run(QueuedThreadPool.java:1018)
        at java.lang.Thread.run(Thread.java:750)
"qtp220272310-4447-acceptor-0@8c8f3c0-ServerConnector@5d2f8b41{HTTP/1.1, (http/1.1)}{0.0.0.0:36913}" daemon prio=3 tid=4447 runnable
java.lang.Thread.State: RUNNABLE
        at sun.nio.ch.ServerSocketChannelImpl.accept0(Native Method)
        at sun.nio.ch.ServerSocketChannelImpl.accept(ServerSocketChannelImpl.java:421)
        at sun.nio.ch.ServerSocketChannelImpl.accept(ServerSocketChannelImpl.java:249)
        at org.eclipse.jetty.server.ServerConnector.accept(ServerConnector.java:388)
        at org.eclipse.jetty.server.AbstractConnector$Acceptor.run(AbstractConnector.java:704)
        at org.eclipse.jetty.util.thread.QueuedThreadPool.runJob(QueuedThreadPool.java:883)
        at org.eclipse.jetty.util.thread.QueuedThreadPool$Runner.run(QueuedThreadPool.java:1034)
        at java.lang.Thread.run(Thread.java:750)
"IPC Server handler 15 on default port 45167" daemon prio=5 tid=6131 timed_waiting
java.lang.Thread.State: TIMED_WAITING
        at sun.misc.Unsafe.park(Native Method)
        at java.util.concurrent.locks.LockSupport.parkNanos(LockSupport.java:215)
        at java.util.concurrent.locks.AbstractQueuedSynchronizer$ConditionObject.awaitNanos(AbstractQueuedSynchronizer.java:2078)
        at java.util.concurrent.LinkedBlockingQueue.poll(LinkedBlockingQueue.java:467)
        at org.apache.hadoop.ipc.CallQueueManager.take(CallQueueManager.java:317)
        at org.apache.hadoop.ipc.Server$Handler.run(Server.java:2942)
"IPC Server handler 15 on default port 41915" daemon prio=5 tid=5105 timed_waiting
java.lang.Thread.State: TIMED_WAITING
        at sun.misc.Unsafe.park(Native Method)
        at java.util.concurrent.locks.LockSupport.parkNanos(LockSupport.java:215)
        at java.util.concurrent.locks.AbstractQueuedSynchronizer$ConditionObject.awaitNanos(AbstractQueuedSynchronizer.java:2078)
        at java.util.concurrent.LinkedBlockingQueue.poll(LinkedBlockingQueue.java:467)
        at org.apache.hadoop.ipc.CallQueueManager.take(CallQueueManager.java:317)
        at org.apache.hadoop.ipc.Server$Handler.run(Server.java:2942)
"StaleRecoveringContainerScrubbingService#1" daemon prio=5 tid=4677 timed_waiting
java.lang.Thread.State: TIMED_WAITING
        at sun.misc.Unsafe.park(Native Method)
        at java.util.concurrent.locks.LockSupport.parkNanos(LockSupport.java:215)
        at java.util.concurrent.locks.AbstractQueuedSynchronizer$ConditionObject.awaitNanos(AbstractQueuedSynchronizer.java:2078)
        at java.util.concurrent.ScheduledThreadPoolExecutor$DelayedWorkQueue.take(ScheduledThreadPoolExecutor.java:1093)
        at java.util.concurrent.ScheduledThreadPoolExecutor$DelayedWorkQueue.take(ScheduledThreadPoolExecutor.java:809)
        at java.util.concurrent.ThreadPoolExecutor.getTask(ThreadPoolExecutor.java:1074)
        at java.util.concurrent.ThreadPoolExecutor.runWorker(ThreadPoolExecutor.java:1134)
        at java.util.concurrent.ThreadPoolExecutor$Worker.run(ThreadPoolExecutor.java:624)
        at java.lang.Thread.run(Thread.java:750)
"1787d8bf-f3dc-4880-8863-743d3d33b765@group-5D57238A5754-LeaderStateImpl" daemon prio=5 tid=5779 timed_waiting
java.lang.Thread.State: TIMED_WAITING
        at sun.misc.Unsafe.park(Native Method)
        at java.util.concurrent.locks.LockSupport.parkNanos(LockSupport.java:215)
        at java.util.concurrent.locks.AbstractQueuedSynchronizer$ConditionObject.awaitNanos(AbstractQueuedSynchronizer.java:2078)
        at java.util.concurrent.ArrayBlockingQueue.poll(ArrayBlockingQueue.java:418)
        at org.apache.ratis.server.impl.LeaderStateImpl$EventQueue.poll(LeaderStateImpl.java:159)
        at org.apache.ratis.server.impl.LeaderStateImpl$EventProcessor.run(LeaderStateImpl.java:630)
"BlockDeletingService#0" daemon prio=5 tid=4755 in Object.wait()
java.lang.Thread.State: WAITING (on object monitor)
        at sun.misc.Unsafe.park(Native Method)
        at java.util.concurrent.locks.LockSupport.park(LockSupport.java:175)
        at java.util.concurrent.locks.AbstractQueuedSynchronizer$ConditionObject.await(AbstractQueuedSynchronizer.java:2039)
        at java.util.concurrent.ScheduledThreadPoolExecutor$DelayedWorkQueue.take(ScheduledThreadPoolExecutor.java:1088)
        at java.util.concurrent.ScheduledThreadPoolExecutor$DelayedWorkQueue.take(ScheduledThreadPoolExecutor.java:809)
        at java.util.concurrent.ThreadPoolExecutor.getTask(ThreadPoolExecutor.java:1074)
        at java.util.concurrent.ThreadPoolExecutor.runWorker(ThreadPoolExecutor.java:1134)
        at java.util.concurrent.ThreadPoolExecutor$Worker.run(ThreadPoolExecutor.java:624)
        at java.lang.Thread.run(Thread.java:750)
"timer4" daemon prio=5 tid=559 timed_waiting
java.lang.Thread.State: TIMED_WAITING
        at java.lang.Object.wait(Native Method)
        at java.util.TimerThread.mainLoop(Timer.java:552)
        at java.util.TimerThread.run(Timer.java:505)
"ContainerOp-e8dd15d0-68e9-4f12-a7cc-a9df22f54b30-7"  prio=5 tid=6025 in Object.wait()
java.lang.Thread.State: WAITING (on object monitor)
        at sun.misc.Unsafe.park(Native Method)
        at java.util.concurrent.locks.LockSupport.park(LockSupport.java:175)
        at java.util.concurrent.locks.AbstractQueuedSynchronizer$ConditionObject.await(AbstractQueuedSynchronizer.java:2039)
        at java.util.concurrent.LinkedBlockingQueue.take(LinkedBlockingQueue.java:442)
        at java.util.concurrent.ThreadPoolExecutor.getTask(ThreadPoolExecutor.java:1074)
        at java.util.concurrent.ThreadPoolExecutor.runWorker(ThreadPoolExecutor.java:1134)
        at java.util.concurrent.ThreadPoolExecutor$Worker.run(ThreadPoolExecutor.java:624)
        at java.lang.Thread.run(Thread.java:750)
"IPC Client (1742234905) connection to /0.0.0.0:41047 from runner" daemon prio=5 tid=6136 timed_waiting
java.lang.Thread.State: TIMED_WAITING
        at java.lang.Object.wait(Native Method)
        at org.apache.hadoop.ipc.Client$Connection.waitForWork(Client.java:1086)
        at org.apache.hadoop.ipc.Client$Connection.run(Client.java:1133)
"Datanode ReportManager Thread - 1" daemon prio=5 tid=5404 in Object.wait()
java.lang.Thread.State: WAITING (on object monitor)
        at sun.misc.Unsafe.park(Native Method)
        at java.util.concurrent.locks.LockSupport.park(LockSupport.java:175)
        at java.util.concurrent.locks.AbstractQueuedSynchronizer$ConditionObject.await(AbstractQueuedSynchronizer.java:2039)
        at java.util.concurrent.ScheduledThreadPoolExecutor$DelayedWorkQueue.take(ScheduledThreadPoolExecutor.java:1088)
        at java.util.concurrent.ScheduledThreadPoolExecutor$DelayedWorkQueue.take(ScheduledThreadPoolExecutor.java:809)
        at java.util.concurrent.ThreadPoolExecutor.getTask(ThreadPoolExecutor.java:1074)
        at java.util.concurrent.ThreadPoolExecutor.runWorker(ThreadPoolExecutor.java:1134)
        at java.util.concurrent.ThreadPoolExecutor$Worker.run(ThreadPoolExecutor.java:624)
        at java.lang.Thread.run(Thread.java:750)
"process reaper" daemon prio=10 tid=2941 timed_waiting
java.lang.Thread.State: TIMED_WAITING
        at sun.misc.Unsafe.park(Native Method)
        at java.util.concurrent.locks.LockSupport.parkNanos(LockSupport.java:215)
        at java.util.concurrent.SynchronousQueue$TransferStack.awaitFulfill(SynchronousQueue.java:460)
        at java.util.concurrent.SynchronousQueue$TransferStack.transfer(SynchronousQueue.java:362)
        at java.util.concurrent.SynchronousQueue.poll(SynchronousQueue.java:941)
        at java.util.concurrent.ThreadPoolExecutor.getTask(ThreadPoolExecutor.java:1073)
        at java.util.concurrent.ThreadPoolExecutor.runWorker(ThreadPoolExecutor.java:1134)
        at java.util.concurrent.ThreadPoolExecutor$Worker.run(ThreadPoolExecutor.java:624)
        at java.lang.Thread.run(Thread.java:750)
"IPC Server handler 19 on default port 46655" daemon prio=5 tid=5278 timed_waiting
java.lang.Thread.State: TIMED_WAITING
        at sun.misc.Unsafe.park(Native Method)
        at java.util.concurrent.locks.LockSupport.parkNanos(LockSupport.java:215)
        at java.util.concurrent.locks.AbstractQueuedSynchronizer$ConditionObject.awaitNanos(AbstractQueuedSynchronizer.java:2078)
        at java.util.concurrent.LinkedBlockingQueue.poll(LinkedBlockingQueue.java:467)
        at org.apache.hadoop.ipc.CallQueueManager.take(CallQueueManager.java:317)
        at org.apache.hadoop.ipc.Server$Handler.run(Server.java:2942)
"f64c422f-02be-4aba-b4a9-b2d4a3918880-server-thread2" daemon prio=5 tid=5923 timed_waiting
java.lang.Thread.State: TIMED_WAITING
        at sun.misc.Unsafe.park(Native Method)
        at java.util.concurrent.locks.LockSupport.parkNanos(LockSupport.java:215)
        at java.util.concurrent.SynchronousQueue$TransferStack.awaitFulfill(SynchronousQueue.java:460)
        at java.util.concurrent.SynchronousQueue$TransferStack.transfer(SynchronousQueue.java:362)
        at java.util.concurrent.SynchronousQueue.poll(SynchronousQueue.java:941)
        at java.util.concurrent.ThreadPoolExecutor.getTask(ThreadPoolExecutor.java:1073)
        at java.util.concurrent.ThreadPoolExecutor.runWorker(ThreadPoolExecutor.java:1134)
        at java.util.concurrent.ThreadPoolExecutor$Worker.run(ThreadPoolExecutor.java:624)
        at java.lang.Thread.run(Thread.java:750)
"org.apache.hadoop.util.JvmPauseMonitor$Monitor@61c51f06" daemon prio=5 tid=5336 timed_waiting
java.lang.Thread.State: TIMED_WAITING
        at java.lang.Thread.sleep(Native Method)
        at org.apache.hadoop.util.JvmPauseMonitor$Monitor.run(JvmPauseMonitor.java:192)
        at java.lang.Thread.run(Thread.java:750)
"timer7" daemon prio=5 tid=699 timed_waiting
java.lang.Thread.State: TIMED_WAITING
        at java.lang.Object.wait(Native Method)
        at java.util.TimerThread.mainLoop(Timer.java:552)
        at java.util.TimerThread.run(Timer.java:505)
"Datanode ReportManager Thread - 0" daemon prio=5 tid=5302 timed_waiting
java.lang.Thread.State: TIMED_WAITING
        at sun.misc.Unsafe.park(Native Method)
        at java.util.concurrent.locks.LockSupport.parkNanos(LockSupport.java:215)
        at java.util.concurrent.locks.AbstractQueuedSynchronizer$ConditionObject.awaitNanos(AbstractQueuedSynchronizer.java:2078)
        at java.util.concurrent.ScheduledThreadPoolExecutor$DelayedWorkQueue.take(ScheduledThreadPoolExecutor.java:1093)
        at java.util.concurrent.ScheduledThreadPoolExecutor$DelayedWorkQueue.take(ScheduledThreadPoolExecutor.java:809)
        at java.util.concurrent.ThreadPoolExecutor.getTask(ThreadPoolExecutor.java:1074)
        at java.util.concurrent.ThreadPoolExecutor.runWorker(ThreadPoolExecutor.java:1134)
        at java.util.concurrent.ThreadPoolExecutor$Worker.run(ThreadPoolExecutor.java:624)
        at java.lang.Thread.run(Thread.java:750)
"PartialTableCache Cleanup Thread - 0" daemon prio=5 tid=4923 in Object.wait()
java.lang.Thread.State: WAITING (on object monitor)
        at sun.misc.Unsafe.park(Native Method)
        at java.util.concurrent.locks.LockSupport.park(LockSupport.java:175)
        at java.util.concurrent.locks.AbstractQueuedSynchronizer$ConditionObject.await(AbstractQueuedSynchronizer.java:2039)
        at java.util.concurrent.LinkedBlockingQueue.take(LinkedBlockingQueue.java:442)
        at java.util.concurrent.ThreadPoolExecutor.getTask(ThreadPoolExecutor.java:1074)
        at java.util.concurrent.ThreadPoolExecutor.runWorker(ThreadPoolExecutor.java:1134)
        at java.util.concurrent.ThreadPoolExecutor$Worker.run(ThreadPoolExecutor.java:624)
        at java.lang.Thread.run(Thread.java:750)
"96238b2c-9f01-47c7-9db9-9b3e1b0f8a5c@group-F68F8E96BCBB-LeaderStateImpl" daemon prio=5 tid=4906 timed_waiting
java.lang.Thread.State: TIMED_WAITING
        at sun.misc.Unsafe.park(Native Method)
        at java.util.concurrent.locks.LockSupport.parkNanos(LockSupport.java:215)
        at java.util.concurrent.locks.AbstractQueuedSynchronizer$ConditionObject.awaitNanos(AbstractQueuedSynchronizer.java:2078)
        at java.util.concurrent.ArrayBlockingQueue.poll(ArrayBlockingQueue.java:418)
        at org.apache.ratis.server.impl.LeaderStateImpl$EventQueue.poll(LeaderStateImpl.java:159)
        at org.apache.ratis.server.impl.LeaderStateImpl$EventProcessor.run(LeaderStateImpl.java:630)
"pool-2026-thread-1" daemon prio=5 tid=4510 timed_waiting
java.lang.Thread.State: TIMED_WAITING
        at sun.misc.Unsafe.park(Native Method)
        at java.util.concurrent.locks.LockSupport.parkNanos(LockSupport.java:215)
        at java.util.concurrent.locks.AbstractQueuedSynchronizer$ConditionObject.awaitNanos(AbstractQueuedSynchronizer.java:2078)
        at java.util.concurrent.ScheduledThreadPoolExecutor$DelayedWorkQueue.take(ScheduledThreadPoolExecutor.java:1093)
        at java.util.concurrent.ScheduledThreadPoolExecutor$DelayedWorkQueue.take(ScheduledThreadPoolExecutor.java:809)
        at java.util.concurrent.ThreadPoolExecutor.getTask(ThreadPoolExecutor.java:1074)
        at java.util.concurrent.ThreadPoolExecutor.runWorker(ThreadPoolExecutor.java:1134)
        at java.util.concurrent.ThreadPoolExecutor$Worker.run(ThreadPoolExecutor.java:624)
        at java.lang.Thread.run(Thread.java:750)
"BlockDeletingService#2" daemon prio=5 tid=6189 in Object.wait()
java.lang.Thread.State: WAITING (on object monitor)
        at sun.misc.Unsafe.park(Native Method)
        at java.util.concurrent.locks.LockSupport.park(LockSupport.java:175)
        at java.util.concurrent.locks.AbstractQueuedSynchronizer$ConditionObject.await(AbstractQueuedSynchronizer.java:2039)
        at java.util.concurrent.ScheduledThreadPoolExecutor$DelayedWorkQueue.take(ScheduledThreadPoolExecutor.java:1088)
        at java.util.concurrent.ScheduledThreadPoolExecutor$DelayedWorkQueue.take(ScheduledThreadPoolExecutor.java:809)
        at java.util.concurrent.ThreadPoolExecutor.getTask(ThreadPoolExecutor.java:1074)
        at java.util.concurrent.ThreadPoolExecutor.runWorker(ThreadPoolExecutor.java:1134)
        at java.util.concurrent.ThreadPoolExecutor$Worker.run(ThreadPoolExecutor.java:624)
        at java.lang.Thread.run(Thread.java:750)
"FixedThreadPoolWithAffinityExecutor-5-0" daemon prio=5 tid=5062 timed_waiting
java.lang.Thread.State: TIMED_WAITING
        at sun.misc.Unsafe.park(Native Method)
        at java.util.concurrent.locks.LockSupport.parkNanos(LockSupport.java:215)
        at java.util.concurrent.locks.AbstractQueuedSynchronizer$ConditionObject.awaitNanos(AbstractQueuedSynchronizer.java:2078)
        at java.util.concurrent.LinkedBlockingQueue.poll(LinkedBlockingQueue.java:467)
        at org.apache.hadoop.hdds.scm.server.ContainerReportQueue.poll(ContainerReportQueue.java:266)
        at org.apache.hadoop.hdds.scm.server.ContainerReportQueue.poll(ContainerReportQueue.java:42)
        at org.apache.hadoop.hdds.server.events.FixedThreadPoolWithAffinityExecutor$ContainerReportProcessTask.run(FixedThreadPoolWithAffinityExecutor.java:248)
        at java.util.concurrent.Executors$RunnableAdapter.call(Executors.java:511)
        at java.util.concurrent.FutureTask.run(FutureTask.java:266)
        at java.util.concurrent.ThreadPoolExecutor.runWorker(ThreadPoolExecutor.java:1149)
        at java.util.concurrent.ThreadPoolExecutor$Worker.run(ThreadPoolExecutor.java:624)
        at java.lang.Thread.run(Thread.java:750)
"timer2" daemon prio=5 tid=552 timed_waiting
java.lang.Thread.State: TIMED_WAITING
        at java.lang.Object.wait(Native Method)
        at java.util.TimerThread.mainLoop(Timer.java:552)
        at java.util.TimerThread.run(Timer.java:505)
"ChunkWriter-3-0" daemon prio=5 tid=5539 in Object.wait()
java.lang.Thread.State: WAITING (on object monitor)
        at sun.misc.Unsafe.park(Native Method)
        at java.util.concurrent.locks.LockSupport.park(LockSupport.java:175)
        at java.util.concurrent.locks.AbstractQueuedSynchronizer$ConditionObject.await(AbstractQueuedSynchronizer.java:2039)
        at java.util.concurrent.LinkedBlockingDeque.takeFirst(LinkedBlockingDeque.java:492)
        at java.util.concurrent.LinkedBlockingDeque.take(LinkedBlockingDeque.java:680)
        at java.util.concurrent.ThreadPoolExecutor.getTask(ThreadPoolExecutor.java:1074)
        at java.util.concurrent.ThreadPoolExecutor.runWorker(ThreadPoolExecutor.java:1134)
        at java.util.concurrent.ThreadPoolExecutor$Worker.run(ThreadPoolExecutor.java:624)
        at java.lang.Thread.run(Thread.java:750)
"org.apache.hadoop.ozone.container.common.statemachine.commandhandler.DeleteBlocksCommandHandler$DeleteCmdWorker@3d57ea4d" daemon prio=5 tid=5443 timed_waiting
java.lang.Thread.State: TIMED_WAITING
        at java.lang.Thread.sleep(Native Method)
        at org.apache.hadoop.ozone.container.common.statemachine.commandhandler.DeleteBlocksCommandHandler$DeleteCmdWorker.run(DeleteBlocksCommandHandler.java:184)
        at java.lang.Thread.run(Thread.java:750)
"IPC Server handler 0 on default port 36229" daemon prio=5 tid=5069 timed_waiting
java.lang.Thread.State: TIMED_WAITING
        at sun.misc.Unsafe.park(Native Method)
        at java.util.concurrent.locks.LockSupport.parkNanos(LockSupport.java:215)
        at java.util.concurrent.locks.AbstractQueuedSynchronizer$ConditionObject.awaitNanos(AbstractQueuedSynchronizer.java:2078)
        at java.util.concurrent.LinkedBlockingQueue.poll(LinkedBlockingQueue.java:467)
        at org.apache.hadoop.ipc.CallQueueManager.take(CallQueueManager.java:317)
        at org.apache.hadoop.ipc.Server$Handler.run(Server.java:2942)
"ChunkReader-ELG-0" daemon prio=5 tid=5461 runnable
java.lang.Thread.State: RUNNABLE
        at org.apache.ratis.thirdparty.io.netty.channel.epoll.Native.epollWait(Native Method)
        at org.apache.ratis.thirdparty.io.netty.channel.epoll.Native.epollWait(Native.java:209)
        at org.apache.ratis.thirdparty.io.netty.channel.epoll.Native.epollWait(Native.java:202)
        at org.apache.ratis.thirdparty.io.netty.channel.epoll.EpollEventLoop.epollWaitNoTimerChange(EpollEventLoop.java:294)
        at org.apache.ratis.thirdparty.io.netty.channel.epoll.EpollEventLoop.run(EpollEventLoop.java:351)
        at org.apache.ratis.thirdparty.io.netty.util.concurrent.SingleThreadEventExecutor$4.run(SingleThreadEventExecutor.java:995)
        at org.apache.ratis.thirdparty.io.netty.util.internal.ThreadExecutorMap$2.run(ThreadExecutorMap.java:74)
        at java.lang.Thread.run(Thread.java:750)
"IPC Server handler 5 on default port 45167" daemon prio=5 tid=6121 timed_waiting
java.lang.Thread.State: TIMED_WAITING
        at sun.misc.Unsafe.park(Native Method)
        at java.util.concurrent.locks.LockSupport.parkNanos(LockSupport.java:215)
        at java.util.concurrent.locks.AbstractQueuedSynchronizer$ConditionObject.awaitNanos(AbstractQueuedSynchronizer.java:2078)
        at java.util.concurrent.LinkedBlockingQueue.poll(LinkedBlockingQueue.java:467)
        at org.apache.hadoop.ipc.CallQueueManager.take(CallQueueManager.java:317)
        at org.apache.hadoop.ipc.Server$Handler.run(Server.java:2942)
"IPC Server handler 15 on default port 33459" daemon prio=5 tid=4373 timed_waiting
java.lang.Thread.State: TIMED_WAITING
        at sun.misc.Unsafe.park(Native Method)
        at java.util.concurrent.locks.LockSupport.parkNanos(LockSupport.java:215)
        at java.util.concurrent.locks.AbstractQueuedSynchronizer$ConditionObject.awaitNanos(AbstractQueuedSynchronizer.java:2078)
        at java.util.concurrent.LinkedBlockingQueue.poll(LinkedBlockingQueue.java:467)
        at org.apache.hadoop.ipc.CallQueueManager.take(CallQueueManager.java:317)
        at org.apache.hadoop.ipc.Server$Handler.run(Server.java:2942)
"BlockDeletingService#1" daemon prio=5 tid=4700 timed_waiting
java.lang.Thread.State: TIMED_WAITING
        at sun.misc.Unsafe.park(Native Method)
        at java.util.concurrent.locks.LockSupport.parkNanos(LockSupport.java:215)
        at java.util.concurrent.locks.AbstractQueuedSynchronizer$ConditionObject.awaitNanos(AbstractQueuedSynchronizer.java:2078)
        at java.util.concurrent.ScheduledThreadPoolExecutor$DelayedWorkQueue.take(ScheduledThreadPoolExecutor.java:1093)
        at java.util.concurrent.ScheduledThreadPoolExecutor$DelayedWorkQueue.take(ScheduledThreadPoolExecutor.java:809)
        at java.util.concurrent.ThreadPoolExecutor.getTask(ThreadPoolExecutor.java:1074)
        at java.util.concurrent.ThreadPoolExecutor.runWorker(ThreadPoolExecutor.java:1134)
        at java.util.concurrent.ThreadPoolExecutor$Worker.run(ThreadPoolExecutor.java:624)
        at java.lang.Thread.run(Thread.java:750)
"Session-HouseKeeper-37be0757-1"  prio=5 tid=4454 timed_waiting
java.lang.Thread.State: TIMED_WAITING
        at sun.misc.Unsafe.park(Native Method)
        at java.util.concurrent.locks.LockSupport.parkNanos(LockSupport.java:215)
        at java.util.concurrent.locks.AbstractQueuedSynchronizer$ConditionObject.awaitNanos(AbstractQueuedSynchronizer.java:2078)
        at java.util.concurrent.ScheduledThreadPoolExecutor$DelayedWorkQueue.take(ScheduledThreadPoolExecutor.java:1093)
        at java.util.concurrent.ScheduledThreadPoolExecutor$DelayedWorkQueue.take(ScheduledThreadPoolExecutor.java:809)
        at java.util.concurrent.ThreadPoolExecutor.getTask(ThreadPoolExecutor.java:1074)
        at java.util.concurrent.ThreadPoolExecutor.runWorker(ThreadPoolExecutor.java:1134)
        at java.util.concurrent.ThreadPoolExecutor$Worker.run(ThreadPoolExecutor.java:624)
        at java.lang.Thread.run(Thread.java:750)
"pool-2562-thread-1"  prio=5 tid=5746 in Object.wait()
java.lang.Thread.State: WAITING (on object monitor)
        at sun.misc.Unsafe.park(Native Method)
        at java.util.concurrent.locks.LockSupport.park(LockSupport.java:175)
        at java.util.concurrent.locks.AbstractQueuedSynchronizer$ConditionObject.await(AbstractQueuedSynchronizer.java:2039)
        at java.util.concurrent.LinkedBlockingQueue.take(LinkedBlockingQueue.java:442)
        at java.util.concurrent.ThreadPoolExecutor.getTask(ThreadPoolExecutor.java:1074)
        at java.util.concurrent.ThreadPoolExecutor.runWorker(ThreadPoolExecutor.java:1134)
        at java.util.concurrent.ThreadPoolExecutor$Worker.run(ThreadPoolExecutor.java:624)
        at java.lang.Thread.run(Thread.java:750)
"IPC Server handler 0 on default port 33459" daemon prio=5 tid=4358 timed_waiting
java.lang.Thread.State: TIMED_WAITING
        at sun.misc.Unsafe.park(Native Method)
        at java.util.concurrent.locks.LockSupport.parkNanos(LockSupport.java:215)
        at java.util.concurrent.locks.AbstractQueuedSynchronizer$ConditionObject.awaitNanos(AbstractQueuedSynchronizer.java:2078)
        at java.util.concurrent.LinkedBlockingQueue.poll(LinkedBlockingQueue.java:467)
        at org.apache.hadoop.ipc.CallQueueManager.take(CallQueueManager.java:317)
        at org.apache.hadoop.ipc.Server$Handler.run(Server.java:2942)
"qtp1086850858-5255" daemon prio=5 tid=5255 timed_waiting
java.lang.Thread.State: TIMED_WAITING
        at sun.misc.Unsafe.park(Native Method)
        at java.util.concurrent.locks.LockSupport.parkNanos(LockSupport.java:215)
        at java.util.concurrent.locks.AbstractQueuedSynchronizer$ConditionObject.awaitNanos(AbstractQueuedSynchronizer.java:2078)
        at org.eclipse.jetty.util.BlockingArrayQueue.poll(BlockingArrayQueue.java:382)
        at org.eclipse.jetty.util.thread.QueuedThreadPool$Runner.idleJobPoll(QueuedThreadPool.java:974)
        at org.eclipse.jetty.util.thread.QueuedThreadPool$Runner.run(QueuedThreadPool.java:1018)
        at java.lang.Thread.run(Thread.java:750)
"IPC Server handler 11 on default port 41915" daemon prio=5 tid=5101 timed_waiting
java.lang.Thread.State: TIMED_WAITING
        at sun.misc.Unsafe.park(Native Method)
        at java.util.concurrent.locks.LockSupport.parkNanos(LockSupport.java:215)
        at java.util.concurrent.locks.AbstractQueuedSynchronizer$ConditionObject.awaitNanos(AbstractQueuedSynchronizer.java:2078)
        at java.util.concurrent.LinkedBlockingQueue.poll(LinkedBlockingQueue.java:467)
        at org.apache.hadoop.ipc.CallQueueManager.take(CallQueueManager.java:317)
        at org.apache.hadoop.ipc.Server$Handler.run(Server.java:2942)
"EndpointStateMachine task thread for /0.0.0.0:41047 - 0 "  prio=5 tid=4736 in Object.wait()
java.lang.Thread.State: WAITING (on object monitor)
        at sun.misc.Unsafe.park(Native Method)
        at java.util.concurrent.locks.LockSupport.park(LockSupport.java:175)
        at java.util.concurrent.locks.AbstractQueuedSynchronizer$ConditionObject.await(AbstractQueuedSynchronizer.java:2039)
        at java.util.concurrent.LinkedBlockingQueue.take(LinkedBlockingQueue.java:442)
        at java.util.concurrent.ThreadPoolExecutor.getTask(ThreadPoolExecutor.java:1074)
        at java.util.concurrent.ThreadPoolExecutor.runWorker(ThreadPoolExecutor.java:1134)
        at java.util.concurrent.ThreadPoolExecutor$Worker.run(ThreadPoolExecutor.java:624)
        at java.lang.Thread.run(Thread.java:750)
"IPC Server handler 0 on default port 41915" daemon prio=5 tid=5090 timed_waiting
java.lang.Thread.State: TIMED_WAITING
        at sun.misc.Unsafe.park(Native Method)
        at java.util.concurrent.locks.LockSupport.parkNanos(LockSupport.java:215)
        at java.util.concurrent.locks.AbstractQueuedSynchronizer$ConditionObject.awaitNanos(AbstractQueuedSynchronizer.java:2078)
        at java.util.concurrent.LinkedBlockingQueue.poll(LinkedBlockingQueue.java:467)
        at org.apache.hadoop.ipc.CallQueueManager.take(CallQueueManager.java:317)
        at org.apache.hadoop.ipc.Server$Handler.run(Server.java:2942)
"PartialTableCache Cleanup Thread - 0" daemon prio=5 tid=2688 in Object.wait()
java.lang.Thread.State: WAITING (on object monitor)
        at sun.misc.Unsafe.park(Native Method)
        at java.util.concurrent.locks.LockSupport.park(LockSupport.java:175)
        at java.util.concurrent.locks.AbstractQueuedSynchronizer$ConditionObject.await(AbstractQueuedSynchronizer.java:2039)
        at java.util.concurrent.LinkedBlockingQueue.take(LinkedBlockingQueue.java:442)
        at java.util.concurrent.ThreadPoolExecutor.getTask(ThreadPoolExecutor.java:1074)
        at java.util.concurrent.ThreadPoolExecutor.runWorker(ThreadPoolExecutor.java:1134)
        at java.util.concurrent.ThreadPoolExecutor$Worker.run(ThreadPoolExecutor.java:624)
        at java.lang.Thread.run(Thread.java:750)
"ec-reconstruct-reader-TID-1"  prio=5 tid=5006 in Object.wait()
java.lang.Thread.State: WAITING (on object monitor)
        at sun.misc.Unsafe.park(Native Method)
        at java.util.concurrent.locks.LockSupport.park(LockSupport.java:175)
        at java.util.concurrent.SynchronousQueue$TransferStack.awaitFulfill(SynchronousQueue.java:458)
        at java.util.concurrent.SynchronousQueue$TransferStack.transfer(SynchronousQueue.java:362)
        at java.util.concurrent.SynchronousQueue.take(SynchronousQueue.java:924)
        at java.util.concurrent.ThreadPoolExecutor.getTask(ThreadPoolExecutor.java:1074)
        at java.util.concurrent.ThreadPoolExecutor.runWorker(ThreadPoolExecutor.java:1134)
        at java.util.concurrent.ThreadPoolExecutor$Worker.run(ThreadPoolExecutor.java:624)
        at java.lang.Thread.run(Thread.java:750)
"org.apache.hadoop.util.JvmPauseMonitor$Monitor@1878f9bf" daemon prio=5 tid=4622 timed_waiting
java.lang.Thread.State: TIMED_WAITING
        at java.lang.Thread.sleep(Native Method)
        at org.apache.hadoop.util.JvmPauseMonitor$Monitor.run(JvmPauseMonitor.java:192)
        at java.lang.Thread.run(Thread.java:750)
"IPC Server handler 11 on default port 37589" daemon prio=5 tid=5121 timed_waiting
java.lang.Thread.State: TIMED_WAITING
        at sun.misc.Unsafe.park(Native Method)
        at java.util.concurrent.locks.LockSupport.parkNanos(LockSupport.java:215)
        at java.util.concurrent.locks.AbstractQueuedSynchronizer$ConditionObject.awaitNanos(AbstractQueuedSynchronizer.java:2078)
        at java.util.concurrent.LinkedBlockingQueue.poll(LinkedBlockingQueue.java:467)
        at org.apache.hadoop.ipc.CallQueueManager.take(CallQueueManager.java:317)
        at org.apache.hadoop.ipc.Server$Handler.run(Server.java:2942)
"ContainerReplicationThread-0" daemon prio=5 tid=6206 in Object.wait()
java.lang.Thread.State: WAITING (on object monitor)
        at sun.misc.Unsafe.park(Native Method)
        at java.util.concurrent.locks.LockSupport.park(LockSupport.java:175)
        at java.util.concurrent.locks.AbstractQueuedSynchronizer$ConditionObject.await(AbstractQueuedSynchronizer.java:2039)
        at java.util.concurrent.LinkedBlockingQueue.take(LinkedBlockingQueue.java:442)
        at java.util.concurrent.ThreadPoolExecutor.getTask(ThreadPoolExecutor.java:1074)
        at java.util.concurrent.ThreadPoolExecutor.runWorker(ThreadPoolExecutor.java:1134)
        at java.util.concurrent.ThreadPoolExecutor$Worker.run(ThreadPoolExecutor.java:624)
        at java.lang.Thread.run(Thread.java:750)
"ContainerOp-e8dd15d0-68e9-4f12-a7cc-a9df22f54b30-0"  prio=5 tid=5971 in Object.wait()
java.lang.Thread.State: WAITING (on object monitor)
        at sun.misc.Unsafe.park(Native Method)
        at java.util.concurrent.locks.LockSupport.park(LockSupport.java:175)
        at java.util.concurrent.locks.AbstractQueuedSynchronizer$ConditionObject.await(AbstractQueuedSynchronizer.java:2039)
        at java.util.concurrent.LinkedBlockingQueue.take(LinkedBlockingQueue.java:442)
        at java.util.concurrent.ThreadPoolExecutor.getTask(ThreadPoolExecutor.java:1074)
        at java.util.concurrent.ThreadPoolExecutor.runWorker(ThreadPoolExecutor.java:1134)
        at java.util.concurrent.ThreadPoolExecutor$Worker.run(ThreadPoolExecutor.java:624)
        at java.lang.Thread.run(Thread.java:750)
"Datanode State Machine Task Thread - 1"  prio=5 tid=4624 in Object.wait()
java.lang.Thread.State: WAITING (on object monitor)
        at sun.misc.Unsafe.park(Native Method)
        at java.util.concurrent.locks.LockSupport.park(LockSupport.java:175)
        at java.util.concurrent.locks.AbstractQueuedSynchronizer$ConditionObject.await(AbstractQueuedSynchronizer.java:2039)
        at java.util.concurrent.LinkedBlockingQueue.take(LinkedBlockingQueue.java:442)
        at java.util.concurrent.ThreadPoolExecutor.getTask(ThreadPoolExecutor.java:1074)
        at java.util.concurrent.ThreadPoolExecutor.runWorker(ThreadPoolExecutor.java:1134)
        at java.util.concurrent.ThreadPoolExecutor$Worker.run(ThreadPoolExecutor.java:624)
        at java.lang.Thread.run(Thread.java:750)
"d13833ec-6fbd-42ed-a302-e7305c989f4f@group-6EEDF176704A-LeaderStateImpl" daemon prio=5 tid=5896 timed_waiting
java.lang.Thread.State: TIMED_WAITING
        at sun.misc.Unsafe.park(Native Method)
        at java.util.concurrent.locks.LockSupport.parkNanos(LockSupport.java:215)
        at java.util.concurrent.locks.AbstractQueuedSynchronizer$ConditionObject.awaitNanos(AbstractQueuedSynchronizer.java:2078)
        at java.util.concurrent.ArrayBlockingQueue.poll(ArrayBlockingQueue.java:418)
        at org.apache.ratis.server.impl.LeaderStateImpl$EventQueue.poll(LeaderStateImpl.java:159)
        at org.apache.ratis.server.impl.LeaderStateImpl$EventProcessor.run(LeaderStateImpl.java:630)
"OMDoubleBufferFlushThread" daemon prio=5 tid=5195 timed_waiting
java.lang.Thread.State: TIMED_WAITING
        at java.lang.Object.wait(Native Method)
        at org.apache.hadoop.ozone.om.ratis.OzoneManagerDoubleBuffer.canFlush(OzoneManagerDoubleBuffer.java:538)
        at org.apache.hadoop.ozone.om.ratis.OzoneManagerDoubleBuffer.flushTransactions(OzoneManagerDoubleBuffer.java:268)
        at org.apache.hadoop.ozone.om.ratis.OzoneManagerDoubleBuffer$$Lambda$538/1577248850.run(Unknown Source)
        at java.lang.Thread.run(Thread.java:750)
"Command processor thread" daemon prio=5 tid=4592 timed_waiting
java.lang.Thread.State: TIMED_WAITING
        at java.lang.Thread.sleep(Native Method)
        at org.apache.hadoop.ozone.container.common.statemachine.DatanodeStateMachine.lambda$initCommandHandlerThread$3(DatanodeStateMachine.java:641)
        at org.apache.hadoop.ozone.container.common.statemachine.DatanodeStateMachine$$Lambda$787/534002387.run(Unknown Source)
        at java.lang.Thread.run(Thread.java:750)
"IPC Server handler 3 on default port 33459" daemon prio=5 tid=4361 timed_waiting
java.lang.Thread.State: TIMED_WAITING
        at sun.misc.Unsafe.park(Native Method)
        at java.util.concurrent.locks.LockSupport.parkNanos(LockSupport.java:215)
        at java.util.concurrent.locks.AbstractQueuedSynchronizer$ConditionObject.awaitNanos(AbstractQueuedSynchronizer.java:2078)
        at java.util.concurrent.LinkedBlockingQueue.poll(LinkedBlockingQueue.java:467)
        at org.apache.hadoop.ipc.CallQueueManager.take(CallQueueManager.java:317)
        at org.apache.hadoop.ipc.Server$Handler.run(Server.java:2942)
"IPC Server handler 14 on default port 39971" daemon prio=5 tid=6110 timed_waiting
java.lang.Thread.State: TIMED_WAITING
        at sun.misc.Unsafe.park(Native Method)
        at java.util.concurrent.locks.LockSupport.parkNanos(LockSupport.java:215)
        at java.util.concurrent.locks.AbstractQueuedSynchronizer$ConditionObject.awaitNanos(AbstractQueuedSynchronizer.java:2078)
        at java.util.concurrent.LinkedBlockingQueue.poll(LinkedBlockingQueue.java:467)
        at org.apache.hadoop.ipc.CallQueueManager.take(CallQueueManager.java:317)
        at org.apache.hadoop.ipc.Server$Handler.run(Server.java:2942)
"EventQueue-OpenPipelineForHealthyPipelineSafeModeRule" daemon prio=5 tid=5699 in Object.wait()
java.lang.Thread.State: WAITING (on object monitor)
        at sun.misc.Unsafe.park(Native Method)
        at java.util.concurrent.locks.LockSupport.park(LockSupport.java:175)
        at java.util.concurrent.locks.AbstractQueuedSynchronizer$ConditionObject.await(AbstractQueuedSynchronizer.java:2039)
        at java.util.concurrent.LinkedBlockingQueue.take(LinkedBlockingQueue.java:442)
        at java.util.concurrent.ThreadPoolExecutor.getTask(ThreadPoolExecutor.java:1074)
        at java.util.concurrent.ThreadPoolExecutor.runWorker(ThreadPoolExecutor.java:1134)
        at java.util.concurrent.ThreadPoolExecutor$Worker.run(ThreadPoolExecutor.java:624)
        at java.lang.Thread.run(Thread.java:750)
"qtp331051599-5383" daemon prio=5 tid=5383 timed_waiting
java.lang.Thread.State: TIMED_WAITING
        at sun.misc.Unsafe.park(Native Method)
        at java.util.concurrent.locks.LockSupport.parkNanos(LockSupport.java:215)
        at java.util.concurrent.locks.AbstractQueuedSynchronizer$ConditionObject.awaitNanos(AbstractQueuedSynchronizer.java:2078)
        at org.eclipse.jetty.util.BlockingArrayQueue.poll(BlockingArrayQueue.java:382)
        at org.eclipse.jetty.util.thread.QueuedThreadPool$Runner.idleJobPoll(QueuedThreadPool.java:974)
        at org.eclipse.jetty.util.thread.QueuedThreadPool$Runner.run(QueuedThreadPool.java:1018)
        at java.lang.Thread.run(Thread.java:750)
"IPC Server listener on 39971" daemon prio=5 tid=6079 runnable
java.lang.Thread.State: RUNNABLE
        at sun.nio.ch.EPollArrayWrapper.epollWait(Native Method)
        at sun.nio.ch.EPollArrayWrapper.poll(EPollArrayWrapper.java:269)
        at sun.nio.ch.EPollSelectorImpl.doSelect(EPollSelectorImpl.java:93)
        at sun.nio.ch.SelectorImpl.lockAndDoSelect(SelectorImpl.java:86)
        at sun.nio.ch.SelectorImpl.select(SelectorImpl.java:97)
        at sun.nio.ch.SelectorImpl.select(SelectorImpl.java:101)
        at org.apache.hadoop.ipc.Server$Listener.run(Server.java:1358)
"qtp1837521269-5492" daemon prio=5 tid=5492 timed_waiting
java.lang.Thread.State: TIMED_WAITING
        at sun.misc.Unsafe.park(Native Method)
        at java.util.concurrent.locks.LockSupport.parkNanos(LockSupport.java:215)
        at java.util.concurrent.locks.AbstractQueuedSynchronizer$ConditionObject.awaitNanos(AbstractQueuedSynchronizer.java:2078)
        at org.eclipse.jetty.util.BlockingArrayQueue.poll(BlockingArrayQueue.java:382)
        at org.eclipse.jetty.util.thread.QueuedThreadPool$Runner.idleJobPoll(QueuedThreadPool.java:974)
        at org.eclipse.jetty.util.thread.QueuedThreadPool$Runner.run(QueuedThreadPool.java:1018)
        at java.lang.Thread.run(Thread.java:750)
"IPC Server handler 17 on default port 36229" daemon prio=5 tid=5086 timed_waiting
java.lang.Thread.State: TIMED_WAITING
        at sun.misc.Unsafe.park(Native Method)
        at java.util.concurrent.locks.LockSupport.parkNanos(LockSupport.java:215)
        at java.util.concurrent.locks.AbstractQueuedSynchronizer$ConditionObject.awaitNanos(AbstractQueuedSynchronizer.java:2078)
        at java.util.concurrent.LinkedBlockingQueue.poll(LinkedBlockingQueue.java:467)
        at org.apache.hadoop.ipc.CallQueueManager.take(CallQueueManager.java:317)
        at org.apache.hadoop.ipc.Server$Handler.run(Server.java:2942)
"ChunkWriter-2-0" daemon prio=5 tid=4670 in Object.wait()
java.lang.Thread.State: WAITING (on object monitor)
        at sun.misc.Unsafe.park(Native Method)
        at java.util.concurrent.locks.LockSupport.park(LockSupport.java:175)
        at java.util.concurrent.locks.AbstractQueuedSynchronizer$ConditionObject.await(AbstractQueuedSynchronizer.java:2039)
        at java.util.concurrent.LinkedBlockingDeque.takeFirst(LinkedBlockingDeque.java:492)
        at java.util.concurrent.LinkedBlockingDeque.take(LinkedBlockingDeque.java:680)
        at java.util.concurrent.ThreadPoolExecutor.getTask(ThreadPoolExecutor.java:1074)
        at java.util.concurrent.ThreadPoolExecutor.runWorker(ThreadPoolExecutor.java:1134)
        at java.util.concurrent.ThreadPoolExecutor$Worker.run(ThreadPoolExecutor.java:624)
        at java.lang.Thread.run(Thread.java:750)
"qtp1824915848-4398" daemon prio=5 tid=4398 timed_waiting
java.lang.Thread.State: TIMED_WAITING
        at sun.misc.Unsafe.park(Native Method)
        at java.util.concurrent.locks.LockSupport.parkNanos(LockSupport.java:215)
        at java.util.concurrent.locks.AbstractQueuedSynchronizer$ConditionObject.awaitNanos(AbstractQueuedSynchronizer.java:2078)
        at org.eclipse.jetty.util.BlockingArrayQueue.poll(BlockingArrayQueue.java:382)
        at org.eclipse.jetty.util.thread.QueuedThreadPool$Runner.idleJobPoll(QueuedThreadPool.java:974)
        at org.eclipse.jetty.util.thread.QueuedThreadPool$Runner.run(QueuedThreadPool.java:1018)
        at java.lang.Thread.run(Thread.java:750)
"EndpointStateMachine task thread for /0.0.0.0:41047 - 0 "  prio=5 tid=4691 in Object.wait()
java.lang.Thread.State: WAITING (on object monitor)
        at sun.misc.Unsafe.park(Native Method)
        at java.util.concurrent.locks.LockSupport.park(LockSupport.java:175)
        at java.util.concurrent.locks.AbstractQueuedSynchronizer$ConditionObject.await(AbstractQueuedSynchronizer.java:2039)
        at java.util.concurrent.LinkedBlockingQueue.take(LinkedBlockingQueue.java:442)
        at java.util.concurrent.ThreadPoolExecutor.getTask(ThreadPoolExecutor.java:1074)
        at java.util.concurrent.ThreadPoolExecutor.runWorker(ThreadPoolExecutor.java:1134)
        at java.util.concurrent.ThreadPoolExecutor$Worker.run(ThreadPoolExecutor.java:624)
        at java.lang.Thread.run(Thread.java:750)
"IPC Server handler 11 on default port 45167" daemon prio=5 tid=6127 timed_waiting
java.lang.Thread.State: TIMED_WAITING
        at sun.misc.Unsafe.park(Native Method)
        at java.util.concurrent.locks.LockSupport.parkNanos(LockSupport.java:215)
        at java.util.concurrent.locks.AbstractQueuedSynchronizer$ConditionObject.awaitNanos(AbstractQueuedSynchronizer.java:2078)
        at java.util.concurrent.LinkedBlockingQueue.poll(LinkedBlockingQueue.java:467)
        at org.apache.hadoop.ipc.CallQueueManager.take(CallQueueManager.java:317)
        at org.apache.hadoop.ipc.Server$Handler.run(Server.java:2942)
"Datanode ReportManager Thread - 3" daemon prio=5 tid=4564 in Object.wait()
java.lang.Thread.State: WAITING (on object monitor)
        at sun.misc.Unsafe.park(Native Method)
        at java.util.concurrent.locks.LockSupport.park(LockSupport.java:175)
        at java.util.concurrent.locks.AbstractQueuedSynchronizer$ConditionObject.await(AbstractQueuedSynchronizer.java:2039)
        at java.util.concurrent.ScheduledThreadPoolExecutor$DelayedWorkQueue.take(ScheduledThreadPoolExecutor.java:1088)
        at java.util.concurrent.ScheduledThreadPoolExecutor$DelayedWorkQueue.take(ScheduledThreadPoolExecutor.java:809)
        at java.util.concurrent.ThreadPoolExecutor.getTask(ThreadPoolExecutor.java:1074)
        at java.util.concurrent.ThreadPoolExecutor.runWorker(ThreadPoolExecutor.java:1134)
        at java.util.concurrent.ThreadPoolExecutor$Worker.run(ThreadPoolExecutor.java:624)
        at java.lang.Thread.run(Thread.java:750)
"d13833ec-6fbd-42ed-a302-e7305c989f4f@group-84A159281B42-StateMachineUpdater" daemon prio=5 tid=5754 timed_waiting
java.lang.Thread.State: TIMED_WAITING
        at sun.misc.Unsafe.park(Native Method)
        at java.util.concurrent.locks.LockSupport.parkNanos(LockSupport.java:215)
        at java.util.concurrent.CompletableFuture$Signaller.block(CompletableFuture.java:1709)
        at java.util.concurrent.ForkJoinPool.managedBlock(ForkJoinPool.java:3323)
        at java.util.concurrent.CompletableFuture.timedGet(CompletableFuture.java:1788)
        at java.util.concurrent.CompletableFuture.get(CompletableFuture.java:1928)
        at org.apache.ratis.util.AwaitForSignal.await(AwaitForSignal.java:56)
        at org.apache.ratis.server.impl.StateMachineUpdater.waitForCommit(StateMachineUpdater.java:207)
        at org.apache.ratis.server.impl.StateMachineUpdater.run(StateMachineUpdater.java:176)
        at java.lang.Thread.run(Thread.java:750)
"BlockDeletingService#1" daemon prio=5 tid=5568 in Object.wait()
java.lang.Thread.State: WAITING (on object monitor)
        at sun.misc.Unsafe.park(Native Method)
        at java.util.concurrent.locks.LockSupport.park(LockSupport.java:175)
        at java.util.concurrent.locks.AbstractQueuedSynchronizer$ConditionObject.await(AbstractQueuedSynchronizer.java:2039)
        at java.util.concurrent.ScheduledThreadPoolExecutor$DelayedWorkQueue.take(ScheduledThreadPoolExecutor.java:1088)
        at java.util.concurrent.ScheduledThreadPoolExecutor$DelayedWorkQueue.take(ScheduledThreadPoolExecutor.java:809)
        at java.util.concurrent.ThreadPoolExecutor.getTask(ThreadPoolExecutor.java:1074)
        at java.util.concurrent.ThreadPoolExecutor.runWorker(ThreadPoolExecutor.java:1134)
        at java.util.concurrent.ThreadPoolExecutor$Worker.run(ThreadPoolExecutor.java:624)
        at java.lang.Thread.run(Thread.java:750)
"StaleRecoveringContainerScrubbingService#2" daemon prio=5 tid=6196 in Object.wait()
java.lang.Thread.State: WAITING (on object monitor)
        at sun.misc.Unsafe.park(Native Method)
        at java.util.concurrent.locks.LockSupport.park(LockSupport.java:175)
        at java.util.concurrent.locks.AbstractQueuedSynchronizer$ConditionObject.await(AbstractQueuedSynchronizer.java:2039)
        at java.util.concurrent.ScheduledThreadPoolExecutor$DelayedWorkQueue.take(ScheduledThreadPoolExecutor.java:1088)
        at java.util.concurrent.ScheduledThreadPoolExecutor$DelayedWorkQueue.take(ScheduledThreadPoolExecutor.java:809)
        at java.util.concurrent.ThreadPoolExecutor.getTask(ThreadPoolExecutor.java:1074)
        at java.util.concurrent.ThreadPoolExecutor.runWorker(ThreadPoolExecutor.java:1134)
        at java.util.concurrent.ThreadPoolExecutor$Worker.run(ThreadPoolExecutor.java:624)
        at java.lang.Thread.run(Thread.java:750)
"PartialTableCache Cleanup Thread - 0" daemon prio=5 tid=5956 in Object.wait()
java.lang.Thread.State: WAITING (on object monitor)
        at sun.misc.Unsafe.park(Native Method)
        at java.util.concurrent.locks.LockSupport.park(LockSupport.java:175)
        at java.util.concurrent.locks.AbstractQueuedSynchronizer$ConditionObject.await(AbstractQueuedSynchronizer.java:2039)
        at java.util.concurrent.LinkedBlockingQueue.take(LinkedBlockingQueue.java:442)
        at java.util.concurrent.ThreadPoolExecutor.getTask(ThreadPoolExecutor.java:1074)
        at java.util.concurrent.ThreadPoolExecutor.runWorker(ThreadPoolExecutor.java:1134)
        at java.util.concurrent.ThreadPoolExecutor$Worker.run(ThreadPoolExecutor.java:624)
        at java.lang.Thread.run(Thread.java:750)
"Datanode State Machine Daemon Thread" daemon prio=5 tid=4417 timed_waiting
java.lang.Thread.State: TIMED_WAITING
        at java.lang.Thread.sleep(Native Method)
        at org.apache.hadoop.ozone.container.common.statemachine.DatanodeStateMachine.startStateMachineThread(DatanodeStateMachine.java:321)
        at org.apache.hadoop.ozone.container.common.statemachine.DatanodeStateMachine.lambda$startDaemon$0(DatanodeStateMachine.java:506)
        at org.apache.hadoop.ozone.container.common.statemachine.DatanodeStateMachine$$Lambda$785/1058385645.run(Unknown Source)
        at java.lang.Thread.run(Thread.java:750)
"DataNode DiskChecker thread 0" daemon prio=5 tid=5477 timed_waiting
java.lang.Thread.State: TIMED_WAITING
        at sun.misc.Unsafe.park(Native Method)
        at java.util.concurrent.locks.LockSupport.parkNanos(LockSupport.java:215)
        at java.util.concurrent.SynchronousQueue$TransferStack.awaitFulfill(SynchronousQueue.java:460)
        at java.util.concurrent.SynchronousQueue$TransferStack.transfer(SynchronousQueue.java:362)
        at java.util.concurrent.SynchronousQueue.poll(SynchronousQueue.java:941)
        at java.util.concurrent.ThreadPoolExecutor.getTask(ThreadPoolExecutor.java:1073)
        at java.util.concurrent.ThreadPoolExecutor.runWorker(ThreadPoolExecutor.java:1134)
        at java.util.concurrent.ThreadPoolExecutor$Worker.run(ThreadPoolExecutor.java:624)
        at java.lang.Thread.run(Thread.java:750)
"Datanode State Machine Task Thread - 0"  prio=5 tid=5436 in Object.wait()
java.lang.Thread.State: WAITING (on object monitor)
        at sun.misc.Unsafe.park(Native Method)
        at java.util.concurrent.locks.LockSupport.park(LockSupport.java:175)
        at java.util.concurrent.locks.AbstractQueuedSynchronizer$ConditionObject.await(AbstractQueuedSynchronizer.java:2039)
        at java.util.concurrent.LinkedBlockingQueue.take(LinkedBlockingQueue.java:442)
        at java.util.concurrent.ThreadPoolExecutor.getTask(ThreadPoolExecutor.java:1074)
        at java.util.concurrent.ThreadPoolExecutor.runWorker(ThreadPoolExecutor.java:1134)
        at java.util.concurrent.ThreadPoolExecutor$Worker.run(ThreadPoolExecutor.java:624)
        at java.lang.Thread.run(Thread.java:750)
"c61a6fab-067e-4f96-a855-8be46dab7c65@group-971EC9EF2D19->1787d8bf-f3dc-4880-8863-743d3d33b765-GrpcLogAppender-LogAppenderDaemon" daemon prio=5 tid=5918 timed_waiting
java.lang.Thread.State: TIMED_WAITING
        at sun.misc.Unsafe.park(Native Method)
        at java.util.concurrent.locks.LockSupport.parkNanos(LockSupport.java:215)
        at java.util.concurrent.CompletableFuture$Signaller.block(CompletableFuture.java:1709)
        at java.util.concurrent.ForkJoinPool.managedBlock(ForkJoinPool.java:3323)
        at java.util.concurrent.CompletableFuture.timedGet(CompletableFuture.java:1788)
        at java.util.concurrent.CompletableFuture.get(CompletableFuture.java:1928)
        at org.apache.ratis.util.AwaitForSignal.await(AwaitForSignal.java:56)
        at org.apache.ratis.grpc.server.GrpcLogAppender.mayWait(GrpcLogAppender.java:198)
        at org.apache.ratis.grpc.server.GrpcLogAppender.run(GrpcLogAppender.java:148)
        at org.apache.ratis.server.leader.LogAppenderDaemon.run(LogAppenderDaemon.java:78)
        at org.apache.ratis.server.leader.LogAppenderDaemon$$Lambda$1074/55374302.run(Unknown Source)
        at java.lang.Thread.run(Thread.java:750)
"Timer-5"  prio=5 tid=4335 timed_waiting
java.lang.Thread.State: TIMED_WAITING
        at java.lang.Object.wait(Native Method)
        at java.util.TimerThread.mainLoop(Timer.java:552)
        at java.util.TimerThread.run(Timer.java:505)
"IPC Server idle connection scanner for port 41915" daemon prio=5 tid=5050 timed_waiting
java.lang.Thread.State: TIMED_WAITING
        at java.lang.Object.wait(Native Method)
        at java.util.TimerThread.mainLoop(Timer.java:552)
        at java.util.TimerThread.run(Timer.java:505)
"om1@group-C5BA1605619E-LeaderStateImpl" daemon prio=5 tid=5328 timed_waiting
java.lang.Thread.State: TIMED_WAITING
        at sun.misc.Unsafe.park(Native Method)
        at java.util.concurrent.locks.LockSupport.parkNanos(LockSupport.java:215)
        at java.util.concurrent.locks.AbstractQueuedSynchronizer$ConditionObject.awaitNanos(AbstractQueuedSynchronizer.java:2078)
        at java.util.concurrent.ArrayBlockingQueue.poll(ArrayBlockingQueue.java:418)
        at org.apache.ratis.server.impl.LeaderStateImpl$EventQueue.poll(LeaderStateImpl.java:159)
        at org.apache.ratis.server.impl.LeaderStateImpl$EventProcessor.run(LeaderStateImpl.java:630)
"Datanode ReportManager Thread - 4" daemon prio=5 tid=4620 in Object.wait()
java.lang.Thread.State: WAITING (on object monitor)
        at sun.misc.Unsafe.park(Native Method)
        at java.util.concurrent.locks.LockSupport.park(LockSupport.java:175)
        at java.util.concurrent.locks.AbstractQueuedSynchronizer$ConditionObject.await(AbstractQueuedSynchronizer.java:2039)
        at java.util.concurrent.ScheduledThreadPoolExecutor$DelayedWorkQueue.take(ScheduledThreadPoolExecutor.java:1088)
        at java.util.concurrent.ScheduledThreadPoolExecutor$DelayedWorkQueue.take(ScheduledThreadPoolExecutor.java:809)
        at java.util.concurrent.ThreadPoolExecutor.getTask(ThreadPoolExecutor.java:1074)
        at java.util.concurrent.ThreadPoolExecutor.runWorker(ThreadPoolExecutor.java:1134)
        at java.util.concurrent.ThreadPoolExecutor$Worker.run(ThreadPoolExecutor.java:624)
        at java.lang.Thread.run(Thread.java:750)
"Datanode ReportManager Thread - 0" daemon prio=5 tid=4587 in Object.wait()
java.lang.Thread.State: WAITING (on object monitor)
        at sun.misc.Unsafe.park(Native Method)
        at java.util.concurrent.locks.LockSupport.park(LockSupport.java:175)
        at java.util.concurrent.locks.AbstractQueuedSynchronizer$ConditionObject.await(AbstractQueuedSynchronizer.java:2039)
        at java.util.concurrent.ScheduledThreadPoolExecutor$DelayedWorkQueue.take(ScheduledThreadPoolExecutor.java:1088)
        at java.util.concurrent.ScheduledThreadPoolExecutor$DelayedWorkQueue.take(ScheduledThreadPoolExecutor.java:809)
        at java.util.concurrent.ThreadPoolExecutor.getTask(ThreadPoolExecutor.java:1074)
        at java.util.concurrent.ThreadPoolExecutor.runWorker(ThreadPoolExecutor.java:1134)
        at java.util.concurrent.ThreadPoolExecutor$Worker.run(ThreadPoolExecutor.java:624)
        at java.lang.Thread.run(Thread.java:750)
"ChunkReader-ELG-0" daemon prio=5 tid=4709 runnable
java.lang.Thread.State: RUNNABLE
        at org.apache.ratis.thirdparty.io.netty.channel.epoll.Native.epollWait(Native Method)
        at org.apache.ratis.thirdparty.io.netty.channel.epoll.Native.epollWait(Native.java:209)
        at org.apache.ratis.thirdparty.io.netty.channel.epoll.Native.epollWait(Native.java:202)
        at org.apache.ratis.thirdparty.io.netty.channel.epoll.EpollEventLoop.epollWaitNoTimerChange(EpollEventLoop.java:294)
        at org.apache.ratis.thirdparty.io.netty.channel.epoll.EpollEventLoop.run(EpollEventLoop.java:351)
        at org.apache.ratis.thirdparty.io.netty.util.concurrent.SingleThreadEventExecutor$4.run(SingleThreadEventExecutor.java:995)
        at org.apache.ratis.thirdparty.io.netty.util.internal.ThreadExecutorMap$2.run(ThreadExecutorMap.java:74)
        at java.lang.Thread.run(Thread.java:750)
"pool-2033-thread-1"  prio=5 tid=4771 in Object.wait()
java.lang.Thread.State: WAITING (on object monitor)
        at sun.misc.Unsafe.park(Native Method)
        at java.util.concurrent.locks.LockSupport.park(LockSupport.java:175)
        at java.util.concurrent.locks.AbstractQueuedSynchronizer$ConditionObject.await(AbstractQueuedSynchronizer.java:2039)
        at java.util.concurrent.LinkedBlockingQueue.take(LinkedBlockingQueue.java:442)
        at java.util.concurrent.ThreadPoolExecutor.getTask(ThreadPoolExecutor.java:1074)
        at java.util.concurrent.ThreadPoolExecutor.runWorker(ThreadPoolExecutor.java:1134)
        at java.util.concurrent.ThreadPoolExecutor$Worker.run(ThreadPoolExecutor.java:624)
        at java.lang.Thread.run(Thread.java:750)
"Command processor thread" daemon prio=5 tid=5335 timed_waiting
java.lang.Thread.State: TIMED_WAITING
        at java.lang.Thread.sleep(Native Method)
        at org.apache.hadoop.ozone.container.common.statemachine.DatanodeStateMachine.lambda$initCommandHandlerThread$3(DatanodeStateMachine.java:641)
        at org.apache.hadoop.ozone.container.common.statemachine.DatanodeStateMachine$$Lambda$787/534002387.run(Unknown Source)
        at java.lang.Thread.run(Thread.java:750)
"ChunkReader-ELG-0" daemon prio=5 tid=4673 runnable
java.lang.Thread.State: RUNNABLE
        at org.apache.ratis.thirdparty.io.netty.channel.epoll.Native.epollWait(Native Method)
        at org.apache.ratis.thirdparty.io.netty.channel.epoll.Native.epollWait(Native.java:209)
        at org.apache.ratis.thirdparty.io.netty.channel.epoll.Native.epollWait(Native.java:202)
        at org.apache.ratis.thirdparty.io.netty.channel.epoll.EpollEventLoop.epollWaitNoTimerChange(EpollEventLoop.java:294)
        at org.apache.ratis.thirdparty.io.netty.channel.epoll.EpollEventLoop.run(EpollEventLoop.java:351)
        at org.apache.ratis.thirdparty.io.netty.util.concurrent.SingleThreadEventExecutor$4.run(SingleThreadEventExecutor.java:995)
        at org.apache.ratis.thirdparty.io.netty.util.internal.ThreadExecutorMap$2.run(ThreadExecutorMap.java:74)
        at java.lang.Thread.run(Thread.java:750)
"FixedThreadPoolWithAffinityExecutor-9-0" daemon prio=5 tid=6092 timed_waiting
java.lang.Thread.State: TIMED_WAITING
        at sun.misc.Unsafe.park(Native Method)
        at java.util.concurrent.locks.LockSupport.parkNanos(LockSupport.java:215)
        at java.util.concurrent.locks.AbstractQueuedSynchronizer$ConditionObject.awaitNanos(AbstractQueuedSynchronizer.java:2078)
        at java.util.concurrent.LinkedBlockingQueue.poll(LinkedBlockingQueue.java:467)
        at org.apache.hadoop.hdds.scm.server.ContainerReportQueue.poll(ContainerReportQueue.java:266)
        at org.apache.hadoop.hdds.scm.server.ContainerReportQueue.poll(ContainerReportQueue.java:42)
        at org.apache.hadoop.hdds.server.events.FixedThreadPoolWithAffinityExecutor$ContainerReportProcessTask.run(FixedThreadPoolWithAffinityExecutor.java:248)
        at java.util.concurrent.Executors$RunnableAdapter.call(Executors.java:511)
        at java.util.concurrent.FutureTask.run(FutureTask.java:266)
        at java.util.concurrent.ThreadPoolExecutor.runWorker(ThreadPoolExecutor.java:1149)
        at java.util.concurrent.ThreadPoolExecutor$Worker.run(ThreadPoolExecutor.java:624)
        at java.lang.Thread.run(Thread.java:750)
"ContainerOp-e8dd15d0-68e9-4f12-a7cc-a9df22f54b30-4"  prio=5 tid=5992 in Object.wait()
java.lang.Thread.State: WAITING (on object monitor)
        at sun.misc.Unsafe.park(Native Method)
        at java.util.concurrent.locks.LockSupport.park(LockSupport.java:175)
        at java.util.concurrent.locks.AbstractQueuedSynchronizer$ConditionObject.await(AbstractQueuedSynchronizer.java:2039)
        at java.util.concurrent.LinkedBlockingQueue.take(LinkedBlockingQueue.java:442)
        at java.util.concurrent.ThreadPoolExecutor.getTask(ThreadPoolExecutor.java:1074)
        at java.util.concurrent.ThreadPoolExecutor.runWorker(ThreadPoolExecutor.java:1134)
        at java.util.concurrent.ThreadPoolExecutor$Worker.run(ThreadPoolExecutor.java:624)
        at java.lang.Thread.run(Thread.java:750)
"JvmPauseMonitor47" daemon prio=5 tid=4729 timed_waiting
java.lang.Thread.State: TIMED_WAITING
        at java.lang.Thread.sleep(Native Method)
        at java.lang.Thread.sleep(Thread.java:342)
        at java.util.concurrent.TimeUnit.sleep(TimeUnit.java:386)
        at org.apache.ratis.util.TimeDuration.sleep(TimeDuration.java:325)
        at org.apache.ratis.util.TimeDuration.sleep(TimeDuration.java:310)
        at org.apache.ratis.util.JvmPauseMonitor.detectPause(JvmPauseMonitor.java:119)
        at org.apache.ratis.util.JvmPauseMonitor.run(JvmPauseMonitor.java:108)
        at org.apache.ratis.util.JvmPauseMonitor$$Lambda$740/613108676.run(Unknown Source)
        at java.lang.Thread.run(Thread.java:750)
"qtp1836398767-4515" daemon prio=5 tid=4515 runnable
java.lang.Thread.State: RUNNABLE
        at sun.nio.ch.EPollArrayWrapper.epollWait(Native Method)
        at sun.nio.ch.EPollArrayWrapper.poll(EPollArrayWrapper.java:269)
        at sun.nio.ch.EPollSelectorImpl.doSelect(EPollSelectorImpl.java:93)
        at sun.nio.ch.SelectorImpl.lockAndDoSelect(SelectorImpl.java:86)
        at sun.nio.ch.SelectorImpl.select(SelectorImpl.java:97)
        at sun.nio.ch.SelectorImpl.select(SelectorImpl.java:101)
        at org.eclipse.jetty.io.ManagedSelector.nioSelect(ManagedSelector.java:183)
        at org.eclipse.jetty.io.ManagedSelector.select(ManagedSelector.java:190)
        at org.eclipse.jetty.io.ManagedSelector$SelectorProducer.select(ManagedSelector.java:606)
        at org.eclipse.jetty.io.ManagedSelector$SelectorProducer.produce(ManagedSelector.java:543)
        at org.eclipse.jetty.util.thread.strategy.EatWhatYouKill.produceTask(EatWhatYouKill.java:362)
        at org.eclipse.jetty.util.thread.strategy.EatWhatYouKill.doProduce(EatWhatYouKill.java:186)
        at org.eclipse.jetty.util.thread.strategy.EatWhatYouKill.tryProduce(EatWhatYouKill.java:173)
        at org.eclipse.jetty.util.thread.strategy.EatWhatYouKill.produce(EatWhatYouKill.java:137)
        at org.eclipse.jetty.io.ManagedSelector$$Lambda$480/780706792.run(Unknown Source)
        at org.eclipse.jetty.util.thread.QueuedThreadPool.runJob(QueuedThreadPool.java:883)
        at org.eclipse.jetty.util.thread.QueuedThreadPool$Runner.run(QueuedThreadPool.java:1034)
        at java.lang.Thread.run(Thread.java:750)
"Command processor thread" daemon prio=5 tid=4661 timed_waiting
java.lang.Thread.State: TIMED_WAITING
        at java.lang.Thread.sleep(Native Method)
        at org.apache.hadoop.ozone.container.common.statemachine.DatanodeStateMachine.lambda$initCommandHandlerThread$3(DatanodeStateMachine.java:641)
        at org.apache.hadoop.ozone.container.common.statemachine.DatanodeStateMachine$$Lambda$787/534002387.run(Unknown Source)
        at java.lang.Thread.run(Thread.java:750)
"qtp331051599-5385" daemon prio=5 tid=5385 timed_waiting
java.lang.Thread.State: TIMED_WAITING
        at sun.misc.Unsafe.park(Native Method)
        at java.util.concurrent.locks.LockSupport.parkNanos(LockSupport.java:215)
        at java.util.concurrent.locks.AbstractQueuedSynchronizer$ConditionObject.awaitNanos(AbstractQueuedSynchronizer.java:2078)
        at org.eclipse.jetty.util.BlockingArrayQueue.poll(BlockingArrayQueue.java:382)
        at org.eclipse.jetty.util.thread.QueuedThreadPool$Runner.idleJobPoll(QueuedThreadPool.java:974)
        at org.eclipse.jetty.util.thread.QueuedThreadPool$Runner.run(QueuedThreadPool.java:1018)
        at java.lang.Thread.run(Thread.java:750)
"qtp37624766-4583" daemon prio=5 tid=4583 timed_waiting
java.lang.Thread.State: TIMED_WAITING
        at sun.misc.Unsafe.park(Native Method)
        at java.util.concurrent.locks.LockSupport.parkNanos(LockSupport.java:215)
        at java.util.concurrent.locks.AbstractQueuedSynchronizer$ConditionObject.awaitNanos(AbstractQueuedSynchronizer.java:2078)
        at org.eclipse.jetty.util.BlockingArrayQueue.poll(BlockingArrayQueue.java:382)
        at org.eclipse.jetty.util.thread.QueuedThreadPool$Runner.idleJobPoll(QueuedThreadPool.java:974)
        at org.eclipse.jetty.util.thread.QueuedThreadPool$Runner.run(QueuedThreadPool.java:1018)
        at java.lang.Thread.run(Thread.java:750)
"FixedThreadPoolWithAffinityExecutor-9-0" daemon prio=5 tid=5066 timed_waiting
java.lang.Thread.State: TIMED_WAITING
        at sun.misc.Unsafe.park(Native Method)
        at java.util.concurrent.locks.LockSupport.parkNanos(LockSupport.java:215)
        at java.util.concurrent.locks.AbstractQueuedSynchronizer$ConditionObject.awaitNanos(AbstractQueuedSynchronizer.java:2078)
        at java.util.concurrent.LinkedBlockingQueue.poll(LinkedBlockingQueue.java:467)
        at org.apache.hadoop.hdds.scm.server.ContainerReportQueue.poll(ContainerReportQueue.java:266)
        at org.apache.hadoop.hdds.scm.server.ContainerReportQueue.poll(ContainerReportQueue.java:42)
        at org.apache.hadoop.hdds.server.events.FixedThreadPoolWithAffinityExecutor$ContainerReportProcessTask.run(FixedThreadPoolWithAffinityExecutor.java:248)
        at java.util.concurrent.Executors$RunnableAdapter.call(Executors.java:511)
        at java.util.concurrent.FutureTask.run(FutureTask.java:266)
        at java.util.concurrent.ThreadPoolExecutor.runWorker(ThreadPoolExecutor.java:1149)
        at java.util.concurrent.ThreadPoolExecutor$Worker.run(ThreadPoolExecutor.java:624)
        at java.lang.Thread.run(Thread.java:750)
"ec-reconstruct-reader-TID-1"  prio=5 tid=4987 in Object.wait()
java.lang.Thread.State: WAITING (on object monitor)
        at sun.misc.Unsafe.park(Native Method)
        at java.util.concurrent.locks.LockSupport.park(LockSupport.java:175)
        at java.util.concurrent.SynchronousQueue$TransferStack.awaitFulfill(SynchronousQueue.java:458)
        at java.util.concurrent.SynchronousQueue$TransferStack.transfer(SynchronousQueue.java:362)
        at java.util.concurrent.SynchronousQueue.take(SynchronousQueue.java:924)
        at java.util.concurrent.ThreadPoolExecutor.getTask(ThreadPoolExecutor.java:1074)
        at java.util.concurrent.ThreadPoolExecutor.runWorker(ThreadPoolExecutor.java:1134)
        at java.util.concurrent.ThreadPoolExecutor$Worker.run(ThreadPoolExecutor.java:624)
        at java.lang.Thread.run(Thread.java:750)
"64b4f2a3-63f9-4506-b905-00bad38ce54f@group-A9DF22F54B30->388c1d2c-da9f-4216-9168-b64bdab690f4-GrpcLogAppender-LogAppenderDaemon" daemon prio=5 tid=4882 timed_waiting
java.lang.Thread.State: TIMED_WAITING
        at sun.misc.Unsafe.park(Native Method)
        at java.util.concurrent.locks.LockSupport.parkNanos(LockSupport.java:215)
        at java.util.concurrent.CompletableFuture$Signaller.block(CompletableFuture.java:1709)
        at java.util.concurrent.ForkJoinPool.managedBlock(ForkJoinPool.java:3323)
        at java.util.concurrent.CompletableFuture.timedGet(CompletableFuture.java:1788)
        at java.util.concurrent.CompletableFuture.get(CompletableFuture.java:1928)
        at org.apache.ratis.util.AwaitForSignal.await(AwaitForSignal.java:56)
        at org.apache.ratis.grpc.server.GrpcLogAppender.mayWait(GrpcLogAppender.java:198)
        at org.apache.ratis.grpc.server.GrpcLogAppender.run(GrpcLogAppender.java:148)
        at org.apache.ratis.server.leader.LogAppenderDaemon.run(LogAppenderDaemon.java:78)
        at org.apache.ratis.server.leader.LogAppenderDaemon$$Lambda$1074/55374302.run(Unknown Source)
        at java.lang.Thread.run(Thread.java:750)
"RatisPipelineUtilsThread - 0"  prio=5 tid=5037 timed_waiting
java.lang.Thread.State: TIMED_WAITING
        at java.lang.Object.wait(Native Method)
        at org.apache.hadoop.hdds.scm.pipeline.BackgroundPipelineCreator.run(BackgroundPipelineCreator.java:176)
        at org.apache.hadoop.hdds.scm.pipeline.BackgroundPipelineCreator$$Lambda$406/1139904582.run(Unknown Source)
        at java.lang.Thread.run(Thread.java:750)
"ContainerOp-e8dd15d0-68e9-4f12-a7cc-a9df22f54b30-1"  prio=5 tid=5975 in Object.wait()
java.lang.Thread.State: WAITING (on object monitor)
        at sun.misc.Unsafe.park(Native Method)
        at java.util.concurrent.locks.LockSupport.park(LockSupport.java:175)
        at java.util.concurrent.locks.AbstractQueuedSynchronizer$ConditionObject.await(AbstractQueuedSynchronizer.java:2039)
        at java.util.concurrent.LinkedBlockingQueue.take(LinkedBlockingQueue.java:442)
        at java.util.concurrent.ThreadPoolExecutor.getTask(ThreadPoolExecutor.java:1074)
        at java.util.concurrent.ThreadPoolExecutor.runWorker(ThreadPoolExecutor.java:1134)
        at java.util.concurrent.ThreadPoolExecutor$Worker.run(ThreadPoolExecutor.java:624)
        at java.lang.Thread.run(Thread.java:750)
"PartialTableCache Cleanup Thread - 0" daemon prio=5 tid=689 in Object.wait()
java.lang.Thread.State: WAITING (on object monitor)
        at sun.misc.Unsafe.park(Native Method)
        at java.util.concurrent.locks.LockSupport.park(LockSupport.java:175)
        at java.util.concurrent.locks.AbstractQueuedSynchronizer$ConditionObject.await(AbstractQueuedSynchronizer.java:2039)
        at java.util.concurrent.LinkedBlockingQueue.take(LinkedBlockingQueue.java:442)
        at java.util.concurrent.ThreadPoolExecutor.getTask(ThreadPoolExecutor.java:1074)
        at java.util.concurrent.ThreadPoolExecutor.runWorker(ThreadPoolExecutor.java:1134)
        at java.util.concurrent.ThreadPoolExecutor$Worker.run(ThreadPoolExecutor.java:624)
        at java.lang.Thread.run(Thread.java:750)
"ContainerReplicationThread-0" daemon prio=5 tid=6204 in Object.wait()
java.lang.Thread.State: WAITING (on object monitor)
        at sun.misc.Unsafe.park(Native Method)
        at java.util.concurrent.locks.LockSupport.park(LockSupport.java:175)
        at java.util.concurrent.locks.AbstractQueuedSynchronizer$ConditionObject.await(AbstractQueuedSynchronizer.java:2039)
        at java.util.concurrent.LinkedBlockingQueue.take(LinkedBlockingQueue.java:442)
        at java.util.concurrent.ThreadPoolExecutor.getTask(ThreadPoolExecutor.java:1074)
        at java.util.concurrent.ThreadPoolExecutor.runWorker(ThreadPoolExecutor.java:1134)
        at java.util.concurrent.ThreadPoolExecutor$Worker.run(ThreadPoolExecutor.java:624)
        at java.lang.Thread.run(Thread.java:750)
"64b4f2a3-63f9-4506-b905-00bad38ce54f@group-4FE0772ED10F-StateMachineUpdater" daemon prio=5 tid=4792 timed_waiting
java.lang.Thread.State: TIMED_WAITING
        at sun.misc.Unsafe.park(Native Method)
        at java.util.concurrent.locks.LockSupport.parkNanos(LockSupport.java:215)
        at java.util.concurrent.CompletableFuture$Signaller.block(CompletableFuture.java:1709)
        at java.util.concurrent.ForkJoinPool.managedBlock(ForkJoinPool.java:3323)
        at java.util.concurrent.CompletableFuture.timedGet(CompletableFuture.java:1788)
        at java.util.concurrent.CompletableFuture.get(CompletableFuture.java:1928)
        at org.apache.ratis.util.AwaitForSignal.await(AwaitForSignal.java:56)
        at org.apache.ratis.server.impl.StateMachineUpdater.waitForCommit(StateMachineUpdater.java:207)
        at org.apache.ratis.server.impl.StateMachineUpdater.run(StateMachineUpdater.java:176)
        at java.lang.Thread.run(Thread.java:750)
"ContainerOp-e8dd15d0-68e9-4f12-a7cc-a9df22f54b30-9"  prio=5 tid=6033 in Object.wait()
java.lang.Thread.State: WAITING (on object monitor)
        at sun.misc.Unsafe.park(Native Method)
        at java.util.concurrent.locks.LockSupport.park(LockSupport.java:175)
        at java.util.concurrent.locks.AbstractQueuedSynchronizer$ConditionObject.await(AbstractQueuedSynchronizer.java:2039)
        at java.util.concurrent.LinkedBlockingQueue.take(LinkedBlockingQueue.java:442)
        at java.util.concurrent.ThreadPoolExecutor.getTask(ThreadPoolExecutor.java:1074)
        at java.util.concurrent.ThreadPoolExecutor.runWorker(ThreadPoolExecutor.java:1134)
        at java.util.concurrent.ThreadPoolExecutor$Worker.run(ThreadPoolExecutor.java:624)
        at java.lang.Thread.run(Thread.java:750)
"qtp1837521269-5485" daemon prio=5 tid=5485 runnable
java.lang.Thread.State: RUNNABLE
        at sun.nio.ch.EPollArrayWrapper.epollWait(Native Method)
        at sun.nio.ch.EPollArrayWrapper.poll(EPollArrayWrapper.java:269)
        at sun.nio.ch.EPollSelectorImpl.doSelect(EPollSelectorImpl.java:93)
        at sun.nio.ch.SelectorImpl.lockAndDoSelect(SelectorImpl.java:86)
        at sun.nio.ch.SelectorImpl.select(SelectorImpl.java:97)
        at sun.nio.ch.SelectorImpl.select(SelectorImpl.java:101)
        at org.eclipse.jetty.io.ManagedSelector.nioSelect(ManagedSelector.java:183)
        at org.eclipse.jetty.io.ManagedSelector.select(ManagedSelector.java:190)
        at org.eclipse.jetty.io.ManagedSelector$SelectorProducer.select(ManagedSelector.java:606)
        at org.eclipse.jetty.io.ManagedSelector$SelectorProducer.produce(ManagedSelector.java:543)
        at org.eclipse.jetty.util.thread.strategy.EatWhatYouKill.produceTask(EatWhatYouKill.java:362)
        at org.eclipse.jetty.util.thread.strategy.EatWhatYouKill.doProduce(EatWhatYouKill.java:186)
        at org.eclipse.jetty.util.thread.strategy.EatWhatYouKill.tryProduce(EatWhatYouKill.java:173)
        at org.eclipse.jetty.util.thread.strategy.EatWhatYouKill.produce(EatWhatYouKill.java:137)
        at org.eclipse.jetty.io.ManagedSelector$$Lambda$480/780706792.run(Unknown Source)
        at org.eclipse.jetty.util.thread.QueuedThreadPool.runJob(QueuedThreadPool.java:883)
        at org.eclipse.jetty.util.thread.QueuedThreadPool$Runner.run(QueuedThreadPool.java:1034)
        at java.lang.Thread.run(Thread.java:750)
"qtp1689937595-4548" daemon prio=5 tid=4548 timed_waiting
java.lang.Thread.State: TIMED_WAITING
        at sun.misc.Unsafe.park(Native Method)
        at java.util.concurrent.locks.LockSupport.parkNanos(LockSupport.java:215)
        at java.util.concurrent.locks.AbstractQueuedSynchronizer$ConditionObject.awaitNanos(AbstractQueuedSynchronizer.java:2078)
        at org.eclipse.jetty.util.BlockingArrayQueue.poll(BlockingArrayQueue.java:382)
        at org.eclipse.jetty.util.thread.QueuedThreadPool$Runner.idleJobPoll(QueuedThreadPool.java:974)
        at org.eclipse.jetty.util.thread.QueuedThreadPool$Runner.run(QueuedThreadPool.java:1018)
        at java.lang.Thread.run(Thread.java:750)
"KeyDeletingService#0" daemon prio=5 tid=4336 timed_waiting
java.lang.Thread.State: TIMED_WAITING
        at sun.misc.Unsafe.park(Native Method)
        at java.util.concurrent.locks.LockSupport.parkNanos(LockSupport.java:215)
        at java.util.concurrent.locks.AbstractQueuedSynchronizer$ConditionObject.awaitNanos(AbstractQueuedSynchronizer.java:2078)
        at java.util.concurrent.ScheduledThreadPoolExecutor$DelayedWorkQueue.take(ScheduledThreadPoolExecutor.java:1093)
        at java.util.concurrent.ScheduledThreadPoolExecutor$DelayedWorkQueue.take(ScheduledThreadPoolExecutor.java:809)
        at java.util.concurrent.ThreadPoolExecutor.getTask(ThreadPoolExecutor.java:1074)
        at java.util.concurrent.ThreadPoolExecutor.runWorker(ThreadPoolExecutor.java:1134)
        at java.util.concurrent.ThreadPoolExecutor$Worker.run(ThreadPoolExecutor.java:624)
        at java.lang.Thread.run(Thread.java:750)
"64b4f2a3-63f9-4506-b905-00bad38ce54f@group-4FE0772ED10F-LeaderStateImpl" daemon prio=5 tid=4876 timed_waiting
java.lang.Thread.State: TIMED_WAITING
        at sun.misc.Unsafe.park(Native Method)
        at java.util.concurrent.locks.LockSupport.parkNanos(LockSupport.java:215)
        at java.util.concurrent.locks.AbstractQueuedSynchronizer$ConditionObject.awaitNanos(AbstractQueuedSynchronizer.java:2078)
        at java.util.concurrent.ArrayBlockingQueue.poll(ArrayBlockingQueue.java:418)
        at org.apache.ratis.server.impl.LeaderStateImpl$EventQueue.poll(LeaderStateImpl.java:159)
        at org.apache.ratis.server.impl.LeaderStateImpl$EventProcessor.run(LeaderStateImpl.java:630)
"BlockDeletingService#0" daemon prio=5 tid=5554 timed_waiting
java.lang.Thread.State: TIMED_WAITING
        at sun.misc.Unsafe.park(Native Method)
        at java.util.concurrent.locks.LockSupport.parkNanos(LockSupport.java:215)
        at java.util.concurrent.locks.AbstractQueuedSynchronizer$ConditionObject.awaitNanos(AbstractQueuedSynchronizer.java:2078)
        at java.util.concurrent.ScheduledThreadPoolExecutor$DelayedWorkQueue.take(ScheduledThreadPoolExecutor.java:1093)
        at java.util.concurrent.ScheduledThreadPoolExecutor$DelayedWorkQueue.take(ScheduledThreadPoolExecutor.java:809)
        at java.util.concurrent.ThreadPoolExecutor.getTask(ThreadPoolExecutor.java:1074)
        at java.util.concurrent.ThreadPoolExecutor.runWorker(ThreadPoolExecutor.java:1134)
        at java.util.concurrent.ThreadPoolExecutor$Worker.run(ThreadPoolExecutor.java:624)
        at java.lang.Thread.run(Thread.java:750)
"qtp220272310-4449" daemon prio=5 tid=4449 timed_waiting
java.lang.Thread.State: TIMED_WAITING
        at sun.misc.Unsafe.park(Native Method)
        at java.util.concurrent.locks.LockSupport.parkNanos(LockSupport.java:215)
        at java.util.concurrent.locks.AbstractQueuedSynchronizer$ConditionObject.awaitNanos(AbstractQueuedSynchronizer.java:2078)
        at org.eclipse.jetty.util.BlockingArrayQueue.poll(BlockingArrayQueue.java:382)
        at org.eclipse.jetty.util.thread.QueuedThreadPool$Runner.idleJobPoll(QueuedThreadPool.java:974)
        at org.eclipse.jetty.util.thread.QueuedThreadPool$Runner.run(QueuedThreadPool.java:1018)
        at java.lang.Thread.run(Thread.java:750)
"qtp1837521269-5490" daemon prio=5 tid=5490 timed_waiting
java.lang.Thread.State: TIMED_WAITING
        at sun.misc.Unsafe.park(Native Method)
        at java.util.concurrent.locks.LockSupport.parkNanos(LockSupport.java:215)
        at java.util.concurrent.locks.AbstractQueuedSynchronizer$ConditionObject.awaitNanos(AbstractQueuedSynchronizer.java:2078)
        at org.eclipse.jetty.util.BlockingArrayQueue.poll(BlockingArrayQueue.java:382)
        at org.eclipse.jetty.util.thread.QueuedThreadPool$Runner.idleJobPoll(QueuedThreadPool.java:974)
        at org.eclipse.jetty.util.thread.QueuedThreadPool$Runner.run(QueuedThreadPool.java:1018)
        at java.lang.Thread.run(Thread.java:750)
"qtp1836398767-4517" daemon prio=5 tid=4517 timed_waiting
java.lang.Thread.State: TIMED_WAITING
        at sun.misc.Unsafe.park(Native Method)
        at java.util.concurrent.locks.LockSupport.parkNanos(LockSupport.java:215)
        at java.util.concurrent.locks.AbstractQueuedSynchronizer$ConditionObject.awaitNanos(AbstractQueuedSynchronizer.java:2078)
        at org.eclipse.jetty.util.BlockingArrayQueue.poll(BlockingArrayQueue.java:382)
        at org.eclipse.jetty.util.thread.QueuedThreadPool$Runner.idleJobPoll(QueuedThreadPool.java:974)
        at org.eclipse.jetty.util.thread.QueuedThreadPool$Runner.run(QueuedThreadPool.java:1018)
        at java.lang.Thread.run(Thread.java:750)
"EventQueue-DatanodeCommandQueueUpdatedForDatanodeCommandCountUpdatedHandler" daemon prio=5 tid=6180 in Object.wait()
java.lang.Thread.State: WAITING (on object monitor)
        at sun.misc.Unsafe.park(Native Method)
        at java.util.concurrent.locks.LockSupport.park(LockSupport.java:175)
        at java.util.concurrent.locks.AbstractQueuedSynchronizer$ConditionObject.await(AbstractQueuedSynchronizer.java:2039)
        at java.util.concurrent.LinkedBlockingQueue.take(LinkedBlockingQueue.java:442)
        at java.util.concurrent.ThreadPoolExecutor.getTask(ThreadPoolExecutor.java:1074)
        at java.util.concurrent.ThreadPoolExecutor.runWorker(ThreadPoolExecutor.java:1134)
        at java.util.concurrent.ThreadPoolExecutor$Worker.run(ThreadPoolExecutor.java:624)
        at java.lang.Thread.run(Thread.java:750)
"f64c422f-02be-4aba-b4a9-b2d4a3918880@group-E5FD1E25CF3D-LeaderStateImpl" daemon prio=5 tid=5777 timed_waiting
java.lang.Thread.State: TIMED_WAITING
        at sun.misc.Unsafe.park(Native Method)
        at java.util.concurrent.locks.LockSupport.parkNanos(LockSupport.java:215)
        at java.util.concurrent.locks.AbstractQueuedSynchronizer$ConditionObject.awaitNanos(AbstractQueuedSynchronizer.java:2078)
        at java.util.concurrent.ArrayBlockingQueue.poll(ArrayBlockingQueue.java:418)
        at org.apache.ratis.server.impl.LeaderStateImpl$EventQueue.poll(LeaderStateImpl.java:159)
        at org.apache.ratis.server.impl.LeaderStateImpl$EventProcessor.run(LeaderStateImpl.java:630)
"pool-2423-thread-1"  prio=5 tid=5698 in Object.wait()
java.lang.Thread.State: WAITING (on object monitor)
        at sun.misc.Unsafe.park(Native Method)
        at java.util.concurrent.locks.LockSupport.park(LockSupport.java:175)
        at java.util.concurrent.locks.AbstractQueuedSynchronizer$ConditionObject.await(AbstractQueuedSynchronizer.java:2039)
        at java.util.concurrent.LinkedBlockingQueue.take(LinkedBlockingQueue.java:442)
        at java.util.concurrent.ThreadPoolExecutor.getTask(ThreadPoolExecutor.java:1074)
        at java.util.concurrent.ThreadPoolExecutor.runWorker(ThreadPoolExecutor.java:1134)
        at java.util.concurrent.ThreadPoolExecutor$Worker.run(ThreadPoolExecutor.java:624)
        at java.lang.Thread.run(Thread.java:750)
"SCM Heartbeat Processing Thread - 0" daemon prio=5 tid=6062 timed_waiting
java.lang.Thread.State: TIMED_WAITING
        at sun.misc.Unsafe.park(Native Method)
        at java.util.concurrent.locks.LockSupport.parkNanos(LockSupport.java:215)
        at java.util.concurrent.locks.AbstractQueuedSynchronizer$ConditionObject.awaitNanos(AbstractQueuedSynchronizer.java:2078)
        at java.util.concurrent.ScheduledThreadPoolExecutor$DelayedWorkQueue.take(ScheduledThreadPoolExecutor.java:1093)
        at java.util.concurrent.ScheduledThreadPoolExecutor$DelayedWorkQueue.take(ScheduledThreadPoolExecutor.java:809)
        at java.util.concurrent.ThreadPoolExecutor.getTask(ThreadPoolExecutor.java:1074)
        at java.util.concurrent.ThreadPoolExecutor.runWorker(ThreadPoolExecutor.java:1134)
        at java.util.concurrent.ThreadPoolExecutor$Worker.run(ThreadPoolExecutor.java:624)
        at java.lang.Thread.run(Thread.java:750)
"EndpointStateMachine task thread for /0.0.0.0:37589 - 0 "  prio=5 tid=5571 in Object.wait()
java.lang.Thread.State: WAITING (on object monitor)
        at sun.misc.Unsafe.park(Native Method)
        at java.util.concurrent.locks.LockSupport.park(LockSupport.java:175)
        at java.util.concurrent.locks.AbstractQueuedSynchronizer$ConditionObject.await(AbstractQueuedSynchronizer.java:2039)
        at java.util.concurrent.LinkedBlockingQueue.take(LinkedBlockingQueue.java:442)
        at java.util.concurrent.ThreadPoolExecutor.getTask(ThreadPoolExecutor.java:1074)
        at java.util.concurrent.ThreadPoolExecutor.runWorker(ThreadPoolExecutor.java:1134)
        at java.util.concurrent.ThreadPoolExecutor$Worker.run(ThreadPoolExecutor.java:624)
        at java.lang.Thread.run(Thread.java:750)
"qtp1836398767-4518" daemon prio=5 tid=4518 timed_waiting
java.lang.Thread.State: TIMED_WAITING
        at sun.misc.Unsafe.park(Native Method)
        at java.util.concurrent.locks.LockSupport.parkNanos(LockSupport.java:215)
        at java.util.concurrent.locks.AbstractQueuedSynchronizer$ConditionObject.awaitNanos(AbstractQueuedSynchronizer.java:2078)
        at org.eclipse.jetty.util.BlockingArrayQueue.poll(BlockingArrayQueue.java:382)
        at org.eclipse.jetty.util.thread.QueuedThreadPool$Runner.idleJobPoll(QueuedThreadPool.java:974)
        at org.eclipse.jetty.util.thread.QueuedThreadPool$Runner.run(QueuedThreadPool.java:1018)
        at java.lang.Thread.run(Thread.java:750)
"IPC Server handler 18 on default port 33459" daemon prio=5 tid=4376 timed_waiting
java.lang.Thread.State: TIMED_WAITING
        at sun.misc.Unsafe.park(Native Method)
        at java.util.concurrent.locks.LockSupport.parkNanos(LockSupport.java:215)
        at java.util.concurrent.locks.AbstractQueuedSynchronizer$ConditionObject.awaitNanos(AbstractQueuedSynchronizer.java:2078)
        at java.util.concurrent.LinkedBlockingQueue.poll(LinkedBlockingQueue.java:467)
        at org.apache.hadoop.ipc.CallQueueManager.take(CallQueueManager.java:317)
        at org.apache.hadoop.ipc.Server$Handler.run(Server.java:2942)
"ChunkWriter-1-0" daemon prio=5 tid=4749 in Object.wait()
java.lang.Thread.State: WAITING (on object monitor)
        at sun.misc.Unsafe.park(Native Method)
        at java.util.concurrent.locks.LockSupport.park(LockSupport.java:175)
        at java.util.concurrent.locks.AbstractQueuedSynchronizer$ConditionObject.await(AbstractQueuedSynchronizer.java:2039)
        at java.util.concurrent.LinkedBlockingDeque.takeFirst(LinkedBlockingDeque.java:492)
        at java.util.concurrent.LinkedBlockingDeque.take(LinkedBlockingDeque.java:680)
        at java.util.concurrent.ThreadPoolExecutor.getTask(ThreadPoolExecutor.java:1074)
        at java.util.concurrent.ThreadPoolExecutor.runWorker(ThreadPoolExecutor.java:1134)
        at java.util.concurrent.ThreadPoolExecutor$Worker.run(ThreadPoolExecutor.java:624)
        at java.lang.Thread.run(Thread.java:750)
"Datanode ReportManager Thread - 1" daemon prio=5 tid=4420 timed_waiting
java.lang.Thread.State: TIMED_WAITING
        at sun.misc.Unsafe.park(Native Method)
        at java.util.concurrent.locks.LockSupport.parkNanos(LockSupport.java:215)
        at java.util.concurrent.locks.AbstractQueuedSynchronizer$ConditionObject.awaitNanos(AbstractQueuedSynchronizer.java:2078)
        at java.util.concurrent.ScheduledThreadPoolExecutor$DelayedWorkQueue.take(ScheduledThreadPoolExecutor.java:1093)
        at java.util.concurrent.ScheduledThreadPoolExecutor$DelayedWorkQueue.take(ScheduledThreadPoolExecutor.java:809)
        at java.util.concurrent.ThreadPoolExecutor.getTask(ThreadPoolExecutor.java:1074)
        at java.util.concurrent.ThreadPoolExecutor.runWorker(ThreadPoolExecutor.java:1134)
        at java.util.concurrent.ThreadPoolExecutor$Worker.run(ThreadPoolExecutor.java:624)
        at java.lang.Thread.run(Thread.java:750)
"StaleRecoveringContainerScrubbingService#2" daemon prio=5 tid=6194 in Object.wait()
java.lang.Thread.State: WAITING (on object monitor)
        at sun.misc.Unsafe.park(Native Method)
        at java.util.concurrent.locks.LockSupport.park(LockSupport.java:175)
        at java.util.concurrent.locks.AbstractQueuedSynchronizer$ConditionObject.await(AbstractQueuedSynchronizer.java:2039)
        at java.util.concurrent.ScheduledThreadPoolExecutor$DelayedWorkQueue.take(ScheduledThreadPoolExecutor.java:1088)
        at java.util.concurrent.ScheduledThreadPoolExecutor$DelayedWorkQueue.take(ScheduledThreadPoolExecutor.java:809)
        at java.util.concurrent.ThreadPoolExecutor.getTask(ThreadPoolExecutor.java:1074)
        at java.util.concurrent.ThreadPoolExecutor.runWorker(ThreadPoolExecutor.java:1134)
        at java.util.concurrent.ThreadPoolExecutor$Worker.run(ThreadPoolExecutor.java:624)
        at java.lang.Thread.run(Thread.java:750)
"EndpointStateMachine task thread for /0.0.0.0:37589 - 0 "  prio=5 tid=5559 in Object.wait()
java.lang.Thread.State: WAITING (on object monitor)
        at sun.misc.Unsafe.park(Native Method)
        at java.util.concurrent.locks.LockSupport.park(LockSupport.java:175)
        at java.util.concurrent.locks.AbstractQueuedSynchronizer$ConditionObject.await(AbstractQueuedSynchronizer.java:2039)
        at java.util.concurrent.LinkedBlockingQueue.take(LinkedBlockingQueue.java:442)
        at java.util.concurrent.ThreadPoolExecutor.getTask(ThreadPoolExecutor.java:1074)
        at java.util.concurrent.ThreadPoolExecutor.runWorker(ThreadPoolExecutor.java:1134)
        at java.util.concurrent.ThreadPoolExecutor$Worker.run(ThreadPoolExecutor.java:624)
        at java.lang.Thread.run(Thread.java:750)
"ChunkReader-ELG-0" daemon prio=5 tid=5565 runnable
java.lang.Thread.State: RUNNABLE
        at org.apache.ratis.thirdparty.io.netty.channel.epoll.Native.epollWait(Native Method)
        at org.apache.ratis.thirdparty.io.netty.channel.epoll.Native.epollWait(Native.java:209)
        at org.apache.ratis.thirdparty.io.netty.channel.epoll.Native.epollWait(Native.java:202)
        at org.apache.ratis.thirdparty.io.netty.channel.epoll.EpollEventLoop.epollWaitNoTimerChange(EpollEventLoop.java:294)
        at org.apache.ratis.thirdparty.io.netty.channel.epoll.EpollEventLoop.run(EpollEventLoop.java:351)
        at org.apache.ratis.thirdparty.io.netty.util.concurrent.SingleThreadEventExecutor$4.run(SingleThreadEventExecutor.java:995)
        at org.apache.ratis.thirdparty.io.netty.util.internal.ThreadExecutorMap$2.run(ThreadExecutorMap.java:74)
        at java.lang.Thread.run(Thread.java:750)
"IPC Server handler 10 on default port 46655" daemon prio=5 tid=5269 timed_waiting
java.lang.Thread.State: TIMED_WAITING
        at sun.misc.Unsafe.park(Native Method)
        at java.util.concurrent.locks.LockSupport.parkNanos(LockSupport.java:215)
        at java.util.concurrent.locks.AbstractQueuedSynchronizer$ConditionObject.awaitNanos(AbstractQueuedSynchronizer.java:2078)
        at java.util.concurrent.LinkedBlockingQueue.poll(LinkedBlockingQueue.java:467)
        at org.apache.hadoop.ipc.CallQueueManager.take(CallQueueManager.java:317)
        at org.apache.hadoop.ipc.Server$Handler.run(Server.java:2942)
"ChunkWriter-1-0" daemon prio=5 tid=4681 in Object.wait()
java.lang.Thread.State: WAITING (on object monitor)
        at sun.misc.Unsafe.park(Native Method)
        at java.util.concurrent.locks.LockSupport.park(LockSupport.java:175)
        at java.util.concurrent.locks.AbstractQueuedSynchronizer$ConditionObject.await(AbstractQueuedSynchronizer.java:2039)
        at java.util.concurrent.LinkedBlockingDeque.takeFirst(LinkedBlockingDeque.java:492)
        at java.util.concurrent.LinkedBlockingDeque.take(LinkedBlockingDeque.java:680)
        at java.util.concurrent.ThreadPoolExecutor.getTask(ThreadPoolExecutor.java:1074)
        at java.util.concurrent.ThreadPoolExecutor.runWorker(ThreadPoolExecutor.java:1134)
        at java.util.concurrent.ThreadPoolExecutor$Worker.run(ThreadPoolExecutor.java:624)
        at java.lang.Thread.run(Thread.java:750)
"qtp1836398767-4516-acceptor-0@2d31d386-ServerConnector@72d946a5{HTTP/1.1, (http/1.1)}{0.0.0.0:35549}" daemon prio=3 tid=4516 runnable
java.lang.Thread.State: RUNNABLE
        at sun.nio.ch.ServerSocketChannelImpl.accept0(Native Method)
        at sun.nio.ch.ServerSocketChannelImpl.accept(ServerSocketChannelImpl.java:421)
        at sun.nio.ch.ServerSocketChannelImpl.accept(ServerSocketChannelImpl.java:249)
        at org.eclipse.jetty.server.ServerConnector.accept(ServerConnector.java:388)
        at org.eclipse.jetty.server.AbstractConnector$Acceptor.run(AbstractConnector.java:704)
        at org.eclipse.jetty.util.thread.QueuedThreadPool.runJob(QueuedThreadPool.java:883)
        at org.eclipse.jetty.util.thread.QueuedThreadPool$Runner.run(QueuedThreadPool.java:1034)
        at java.lang.Thread.run(Thread.java:750)
"Socket Reader #1 for port 0"  prio=5 tid=5236 runnable
java.lang.Thread.State: RUNNABLE
        at sun.nio.ch.EPollArrayWrapper.epollWait(Native Method)
        at sun.nio.ch.EPollArrayWrapper.poll(EPollArrayWrapper.java:269)
        at sun.nio.ch.EPollSelectorImpl.doSelect(EPollSelectorImpl.java:93)
        at sun.nio.ch.SelectorImpl.lockAndDoSelect(SelectorImpl.java:86)
        at sun.nio.ch.SelectorImpl.select(SelectorImpl.java:97)
        at sun.nio.ch.SelectorImpl.select(SelectorImpl.java:101)
        at org.apache.hadoop.ipc.Server$Listener$Reader.doRunLoop(Server.java:1296)
        at org.apache.hadoop.ipc.Server$Listener$Reader.run(Server.java:1275)
"Datanode ReportManager Thread - 3" daemon prio=5 tid=4422 in Object.wait()
java.lang.Thread.State: WAITING (on object monitor)
        at sun.misc.Unsafe.park(Native Method)
        at java.util.concurrent.locks.LockSupport.park(LockSupport.java:175)
        at java.util.concurrent.locks.AbstractQueuedSynchronizer$ConditionObject.await(AbstractQueuedSynchronizer.java:2039)
        at java.util.concurrent.ScheduledThreadPoolExecutor$DelayedWorkQueue.take(ScheduledThreadPoolExecutor.java:1088)
        at java.util.concurrent.ScheduledThreadPoolExecutor$DelayedWorkQueue.take(ScheduledThreadPoolExecutor.java:809)
        at java.util.concurrent.ThreadPoolExecutor.getTask(ThreadPoolExecutor.java:1074)
        at java.util.concurrent.ThreadPoolExecutor.runWorker(ThreadPoolExecutor.java:1134)
        at java.util.concurrent.ThreadPoolExecutor$Worker.run(ThreadPoolExecutor.java:624)
        at java.lang.Thread.run(Thread.java:750)
"qtp220272310-4446" daemon prio=5 tid=4446 runnable
java.lang.Thread.State: RUNNABLE
        at sun.nio.ch.EPollArrayWrapper.epollWait(Native Method)
        at sun.nio.ch.EPollArrayWrapper.poll(EPollArrayWrapper.java:269)
        at sun.nio.ch.EPollSelectorImpl.doSelect(EPollSelectorImpl.java:93)
        at sun.nio.ch.SelectorImpl.lockAndDoSelect(SelectorImpl.java:86)
        at sun.nio.ch.SelectorImpl.select(SelectorImpl.java:97)
        at sun.nio.ch.SelectorImpl.select(SelectorImpl.java:101)
        at org.eclipse.jetty.io.ManagedSelector.nioSelect(ManagedSelector.java:183)
        at org.eclipse.jetty.io.ManagedSelector.select(ManagedSelector.java:190)
        at org.eclipse.jetty.io.ManagedSelector$SelectorProducer.select(ManagedSelector.java:606)
        at org.eclipse.jetty.io.ManagedSelector$SelectorProducer.produce(ManagedSelector.java:543)
        at org.eclipse.jetty.util.thread.strategy.EatWhatYouKill.produceTask(EatWhatYouKill.java:362)
        at org.eclipse.jetty.util.thread.strategy.EatWhatYouKill.doProduce(EatWhatYouKill.java:186)
        at org.eclipse.jetty.util.thread.strategy.EatWhatYouKill.tryProduce(EatWhatYouKill.java:173)
        at org.eclipse.jetty.util.thread.strategy.EatWhatYouKill.produce(EatWhatYouKill.java:137)
        at org.eclipse.jetty.io.ManagedSelector$$Lambda$480/780706792.run(Unknown Source)
        at org.eclipse.jetty.util.thread.QueuedThreadPool.runJob(QueuedThreadPool.java:883)
        at org.eclipse.jetty.util.thread.QueuedThreadPool$Runner.run(QueuedThreadPool.java:1034)
        at java.lang.Thread.run(Thread.java:750)
"pool-1905-thread-1" daemon prio=5 tid=4388 timed_waiting
java.lang.Thread.State: TIMED_WAITING
        at sun.misc.Unsafe.park(Native Method)
        at java.util.concurrent.locks.LockSupport.parkNanos(LockSupport.java:215)
        at java.util.concurrent.locks.AbstractQueuedSynchronizer$ConditionObject.awaitNanos(AbstractQueuedSynchronizer.java:2078)
        at java.util.concurrent.ScheduledThreadPoolExecutor$DelayedWorkQueue.take(ScheduledThreadPoolExecutor.java:1093)
        at java.util.concurrent.ScheduledThreadPoolExecutor$DelayedWorkQueue.take(ScheduledThreadPoolExecutor.java:809)
        at java.util.concurrent.ThreadPoolExecutor.getTask(ThreadPoolExecutor.java:1074)
        at java.util.concurrent.ThreadPoolExecutor.runWorker(ThreadPoolExecutor.java:1134)
        at java.util.concurrent.ThreadPoolExecutor$Worker.run(ThreadPoolExecutor.java:624)
        at java.lang.Thread.run(Thread.java:750)
"Datanode ReportManager Thread - 3" daemon prio=5 tid=5508 timed_waiting
java.lang.Thread.State: TIMED_WAITING
        at sun.misc.Unsafe.park(Native Method)
        at java.util.concurrent.locks.LockSupport.parkNanos(LockSupport.java:215)
        at java.util.concurrent.locks.AbstractQueuedSynchronizer$ConditionObject.awaitNanos(AbstractQueuedSynchronizer.java:2078)
        at java.util.concurrent.ScheduledThreadPoolExecutor$DelayedWorkQueue.take(ScheduledThreadPoolExecutor.java:1093)
        at java.util.concurrent.ScheduledThreadPoolExecutor$DelayedWorkQueue.take(ScheduledThreadPoolExecutor.java:809)
        at java.util.concurrent.ThreadPoolExecutor.getTask(ThreadPoolExecutor.java:1074)
        at java.util.concurrent.ThreadPoolExecutor.runWorker(ThreadPoolExecutor.java:1134)
        at java.util.concurrent.ThreadPoolExecutor$Worker.run(ThreadPoolExecutor.java:624)
        at java.lang.Thread.run(Thread.java:750)
"pool-1916-thread-1"  prio=5 tid=4763 in Object.wait()
java.lang.Thread.State: WAITING (on object monitor)
        at sun.misc.Unsafe.park(Native Method)
        at java.util.concurrent.locks.LockSupport.park(LockSupport.java:175)
        at java.util.concurrent.locks.AbstractQueuedSynchronizer$ConditionObject.await(AbstractQueuedSynchronizer.java:2039)
        at java.util.concurrent.LinkedBlockingQueue.take(LinkedBlockingQueue.java:442)
        at java.util.concurrent.ThreadPoolExecutor.getTask(ThreadPoolExecutor.java:1074)
        at java.util.concurrent.ThreadPoolExecutor.runWorker(ThreadPoolExecutor.java:1134)
        at java.util.concurrent.ThreadPoolExecutor$Worker.run(ThreadPoolExecutor.java:624)
        at java.lang.Thread.run(Thread.java:750)
"FullTableCache Cleanup Thread - 0" daemon prio=5 tid=5950 in Object.wait()
java.lang.Thread.State: WAITING (on object monitor)
        at sun.misc.Unsafe.park(Native Method)
        at java.util.concurrent.locks.LockSupport.park(LockSupport.java:175)
        at java.util.concurrent.locks.AbstractQueuedSynchronizer$ConditionObject.await(AbstractQueuedSynchronizer.java:2039)
        at java.util.concurrent.LinkedBlockingQueue.take(LinkedBlockingQueue.java:442)
        at java.util.concurrent.ThreadPoolExecutor.getTask(ThreadPoolExecutor.java:1074)
        at java.util.concurrent.ThreadPoolExecutor.runWorker(ThreadPoolExecutor.java:1134)
        at java.util.concurrent.ThreadPoolExecutor$Worker.run(ThreadPoolExecutor.java:624)
        at java.lang.Thread.run(Thread.java:750)
"qtp1148868906-4646-acceptor-0@3d4ffe84-ServerConnector@51694e4{HTTP/1.1, (http/1.1)}{0.0.0.0:35691}" daemon prio=3 tid=4646 runnable
java.lang.Thread.State: RUNNABLE
        at sun.nio.ch.ServerSocketChannelImpl.accept0(Native Method)
        at sun.nio.ch.ServerSocketChannelImpl.accept(ServerSocketChannelImpl.java:421)
        at sun.nio.ch.ServerSocketChannelImpl.accept(ServerSocketChannelImpl.java:249)
        at org.eclipse.jetty.server.ServerConnector.accept(ServerConnector.java:388)
        at org.eclipse.jetty.server.AbstractConnector$Acceptor.run(AbstractConnector.java:704)
        at org.eclipse.jetty.util.thread.QueuedThreadPool.runJob(QueuedThreadPool.java:883)
        at org.eclipse.jetty.util.thread.QueuedThreadPool$Runner.run(QueuedThreadPool.java:1034)
        at java.lang.Thread.run(Thread.java:750)
"a4df1cd8-da8f-45ad-a02d-233f4b91e4ac-server-thread1" daemon prio=5 tid=5935 timed_waiting
java.lang.Thread.State: TIMED_WAITING
        at sun.misc.Unsafe.park(Native Method)
        at java.util.concurrent.locks.LockSupport.parkNanos(LockSupport.java:215)
        at java.util.concurrent.SynchronousQueue$TransferStack.awaitFulfill(SynchronousQueue.java:460)
        at java.util.concurrent.SynchronousQueue$TransferStack.transfer(SynchronousQueue.java:362)
        at java.util.concurrent.SynchronousQueue.poll(SynchronousQueue.java:941)
        at java.util.concurrent.ThreadPoolExecutor.getTask(ThreadPoolExecutor.java:1073)
        at java.util.concurrent.ThreadPoolExecutor.runWorker(ThreadPoolExecutor.java:1134)
        at java.util.concurrent.ThreadPoolExecutor$Worker.run(ThreadPoolExecutor.java:624)
        at java.lang.Thread.run(Thread.java:750)
"f9a60067-2236-4cd7-b231-4cb6898cc822@group-10FAB4EE88CD-SegmentedRaftLogWorker"  prio=5 tid=5740 timed_waiting
java.lang.Thread.State: TIMED_WAITING
        at sun.misc.Unsafe.park(Native Method)
        at java.util.concurrent.locks.LockSupport.parkNanos(LockSupport.java:215)
        at java.util.concurrent.locks.AbstractQueuedSynchronizer$ConditionObject.awaitNanos(AbstractQueuedSynchronizer.java:2078)
        at org.apache.ratis.util.DataBlockingQueue.poll(DataBlockingQueue.java:148)
        at org.apache.ratis.server.raftlog.segmented.SegmentedRaftLogWorker.run(SegmentedRaftLogWorker.java:310)
        at org.apache.ratis.server.raftlog.segmented.SegmentedRaftLogWorker$$Lambda$699/1565409370.run(Unknown Source)
        at java.lang.Thread.run(Thread.java:750)
"BlockDeletingService#0" daemon prio=5 tid=5462 timed_waiting
java.lang.Thread.State: TIMED_WAITING
        at sun.misc.Unsafe.park(Native Method)
        at java.util.concurrent.locks.LockSupport.parkNanos(LockSupport.java:215)
        at java.util.concurrent.locks.AbstractQueuedSynchronizer$ConditionObject.awaitNanos(AbstractQueuedSynchronizer.java:2078)
        at java.util.concurrent.ScheduledThreadPoolExecutor$DelayedWorkQueue.take(ScheduledThreadPoolExecutor.java:1093)
        at java.util.concurrent.ScheduledThreadPoolExecutor$DelayedWorkQueue.take(ScheduledThreadPoolExecutor.java:809)
        at java.util.concurrent.ThreadPoolExecutor.getTask(ThreadPoolExecutor.java:1074)
        at java.util.concurrent.ThreadPoolExecutor.runWorker(ThreadPoolExecutor.java:1134)
        at java.util.concurrent.ThreadPoolExecutor$Worker.run(ThreadPoolExecutor.java:624)
        at java.lang.Thread.run(Thread.java:750)
"pool-1984-thread-1"  prio=5 tid=4445 timed_waiting
java.lang.Thread.State: TIMED_WAITING
        at sun.misc.Unsafe.park(Native Method)
        at java.util.concurrent.locks.LockSupport.parkNanos(LockSupport.java:215)
        at java.util.concurrent.locks.AbstractQueuedSynchronizer$ConditionObject.awaitNanos(AbstractQueuedSynchronizer.java:2078)
        at java.util.concurrent.ScheduledThreadPoolExecutor$DelayedWorkQueue.take(ScheduledThreadPoolExecutor.java:1093)
        at java.util.concurrent.ScheduledThreadPoolExecutor$DelayedWorkQueue.take(ScheduledThreadPoolExecutor.java:809)
        at java.util.concurrent.ThreadPoolExecutor.getTask(ThreadPoolExecutor.java:1074)
        at java.util.concurrent.ThreadPoolExecutor.runWorker(ThreadPoolExecutor.java:1134)
        at java.util.concurrent.ThreadPoolExecutor$Worker.run(ThreadPoolExecutor.java:624)
        at java.lang.Thread.run(Thread.java:750)
"Datanode ReportManager Thread - 4" daemon prio=5 tid=4591 in Object.wait()
java.lang.Thread.State: WAITING (on object monitor)
        at sun.misc.Unsafe.park(Native Method)
        at java.util.concurrent.locks.LockSupport.park(LockSupport.java:175)
        at java.util.concurrent.locks.AbstractQueuedSynchronizer$ConditionObject.await(AbstractQueuedSynchronizer.java:2039)
        at java.util.concurrent.ScheduledThreadPoolExecutor$DelayedWorkQueue.take(ScheduledThreadPoolExecutor.java:1088)
        at java.util.concurrent.ScheduledThreadPoolExecutor$DelayedWorkQueue.take(ScheduledThreadPoolExecutor.java:809)
        at java.util.concurrent.ThreadPoolExecutor.getTask(ThreadPoolExecutor.java:1074)
        at java.util.concurrent.ThreadPoolExecutor.runWorker(ThreadPoolExecutor.java:1134)
        at java.util.concurrent.ThreadPoolExecutor$Worker.run(ThreadPoolExecutor.java:624)
        at java.lang.Thread.run(Thread.java:750)
"qtp1777947850-5137" daemon prio=5 tid=5137 timed_waiting
java.lang.Thread.State: TIMED_WAITING
        at sun.misc.Unsafe.park(Native Method)
        at java.util.concurrent.locks.LockSupport.parkNanos(LockSupport.java:215)
        at java.util.concurrent.locks.AbstractQueuedSynchronizer$ConditionObject.awaitNanos(AbstractQueuedSynchronizer.java:2078)
        at org.eclipse.jetty.util.BlockingArrayQueue.poll(BlockingArrayQueue.java:382)
        at org.eclipse.jetty.util.thread.QueuedThreadPool$Runner.idleJobPoll(QueuedThreadPool.java:974)
        at org.eclipse.jetty.util.thread.QueuedThreadPool$Runner.run(QueuedThreadPool.java:1018)
        at java.lang.Thread.run(Thread.java:750)
"IPC Server handler 16 on default port 41047" daemon prio=5 tid=6155 timed_waiting
java.lang.Thread.State: TIMED_WAITING
        at sun.misc.Unsafe.park(Native Method)
        at java.util.concurrent.locks.LockSupport.parkNanos(LockSupport.java:215)
        at java.util.concurrent.locks.AbstractQueuedSynchronizer$ConditionObject.awaitNanos(AbstractQueuedSynchronizer.java:2078)
        at java.util.concurrent.LinkedBlockingQueue.poll(LinkedBlockingQueue.java:467)
        at org.apache.hadoop.ipc.CallQueueManager.take(CallQueueManager.java:317)
        at org.apache.hadoop.ipc.Server$Handler.run(Server.java:2942)
"IPC Server handler 1 on default port 33459" daemon prio=5 tid=4359 timed_waiting
java.lang.Thread.State: TIMED_WAITING
        at sun.misc.Unsafe.park(Native Method)
        at java.util.concurrent.locks.LockSupport.parkNanos(LockSupport.java:215)
        at java.util.concurrent.locks.AbstractQueuedSynchronizer$ConditionObject.awaitNanos(AbstractQueuedSynchronizer.java:2078)
        at java.util.concurrent.LinkedBlockingQueue.poll(LinkedBlockingQueue.java:467)
        at org.apache.hadoop.ipc.CallQueueManager.take(CallQueueManager.java:317)
        at org.apache.hadoop.ipc.Server$Handler.run(Server.java:2942)
"FullTableCache Cleanup Thread - 0" daemon prio=5 tid=4017 in Object.wait()
java.lang.Thread.State: WAITING (on object monitor)
        at sun.misc.Unsafe.park(Native Method)
        at java.util.concurrent.locks.LockSupport.park(LockSupport.java:175)
        at java.util.concurrent.locks.AbstractQueuedSynchronizer$ConditionObject.await(AbstractQueuedSynchronizer.java:2039)
        at java.util.concurrent.LinkedBlockingQueue.take(LinkedBlockingQueue.java:442)
        at java.util.concurrent.ThreadPoolExecutor.getTask(ThreadPoolExecutor.java:1074)
        at java.util.concurrent.ThreadPoolExecutor.runWorker(ThreadPoolExecutor.java:1134)
        at java.util.concurrent.ThreadPoolExecutor$Worker.run(ThreadPoolExecutor.java:624)
        at java.lang.Thread.run(Thread.java:750)
"qtp892092214-5352" daemon prio=5 tid=5352 timed_waiting
java.lang.Thread.State: TIMED_WAITING
        at sun.misc.Unsafe.park(Native Method)
        at java.util.concurrent.locks.LockSupport.parkNanos(LockSupport.java:215)
        at java.util.concurrent.locks.AbstractQueuedSynchronizer$ConditionObject.awaitNanos(AbstractQueuedSynchronizer.java:2078)
        at org.eclipse.jetty.util.BlockingArrayQueue.poll(BlockingArrayQueue.java:382)
        at org.eclipse.jetty.util.thread.QueuedThreadPool$Runner.idleJobPoll(QueuedThreadPool.java:974)
        at org.eclipse.jetty.util.thread.QueuedThreadPool$Runner.run(QueuedThreadPool.java:1018)
        at java.lang.Thread.run(Thread.java:750)
"IPC Server handler 19 on default port 41047" daemon prio=5 tid=6158 timed_waiting
java.lang.Thread.State: TIMED_WAITING
        at sun.misc.Unsafe.park(Native Method)
        at java.util.concurrent.locks.LockSupport.parkNanos(LockSupport.java:215)
        at java.util.concurrent.locks.AbstractQueuedSynchronizer$ConditionObject.awaitNanos(AbstractQueuedSynchronizer.java:2078)
        at java.util.concurrent.LinkedBlockingQueue.poll(LinkedBlockingQueue.java:467)
        at org.apache.hadoop.ipc.CallQueueManager.take(CallQueueManager.java:317)
        at org.apache.hadoop.ipc.Server$Handler.run(Server.java:2942)
"qtp1824915848-4396" daemon prio=5 tid=4396 timed_waiting
java.lang.Thread.State: TIMED_WAITING
        at sun.misc.Unsafe.park(Native Method)
        at java.util.concurrent.locks.LockSupport.parkNanos(LockSupport.java:215)
        at java.util.concurrent.locks.AbstractQueuedSynchronizer$ConditionObject.awaitNanos(AbstractQueuedSynchronizer.java:2078)
        at org.eclipse.jetty.util.BlockingArrayQueue.poll(BlockingArrayQueue.java:382)
        at org.eclipse.jetty.util.thread.QueuedThreadPool$Runner.idleJobPoll(QueuedThreadPool.java:974)
        at org.eclipse.jetty.util.thread.QueuedThreadPool$Runner.run(QueuedThreadPool.java:1018)
        at java.lang.Thread.run(Thread.java:750)
"ContainerOp-e8dd15d0-68e9-4f12-a7cc-a9df22f54b30-3"  prio=5 tid=5988 in Object.wait()
java.lang.Thread.State: WAITING (on object monitor)
        at sun.misc.Unsafe.park(Native Method)
        at java.util.concurrent.locks.LockSupport.park(LockSupport.java:175)
        at java.util.concurrent.locks.AbstractQueuedSynchronizer$ConditionObject.await(AbstractQueuedSynchronizer.java:2039)
        at java.util.concurrent.LinkedBlockingQueue.take(LinkedBlockingQueue.java:442)
        at java.util.concurrent.ThreadPoolExecutor.getTask(ThreadPoolExecutor.java:1074)
        at java.util.concurrent.ThreadPoolExecutor.runWorker(ThreadPoolExecutor.java:1134)
        at java.util.concurrent.ThreadPoolExecutor$Worker.run(ThreadPoolExecutor.java:624)
        at java.lang.Thread.run(Thread.java:750)
"f64c422f-02be-4aba-b4a9-b2d4a3918880-server-thread1" daemon prio=5 tid=5921 timed_waiting
java.lang.Thread.State: TIMED_WAITING
        at sun.misc.Unsafe.park(Native Method)
        at java.util.concurrent.locks.LockSupport.parkNanos(LockSupport.java:215)
        at java.util.concurrent.SynchronousQueue$TransferStack.awaitFulfill(SynchronousQueue.java:460)
        at java.util.concurrent.SynchronousQueue$TransferStack.transfer(SynchronousQueue.java:362)
        at java.util.concurrent.SynchronousQueue.poll(SynchronousQueue.java:941)
        at java.util.concurrent.ThreadPoolExecutor.getTask(ThreadPoolExecutor.java:1073)
        at java.util.concurrent.ThreadPoolExecutor.runWorker(ThreadPoolExecutor.java:1134)
        at java.util.concurrent.ThreadPoolExecutor$Worker.run(ThreadPoolExecutor.java:624)
        at java.lang.Thread.run(Thread.java:750)
"ContainerOp-e8dd15d0-68e9-4f12-a7cc-a9df22f54b30-5"  prio=5 tid=5993 in Object.wait()
java.lang.Thread.State: WAITING (on object monitor)
        at sun.misc.Unsafe.park(Native Method)
        at java.util.concurrent.locks.LockSupport.park(LockSupport.java:175)
        at java.util.concurrent.locks.AbstractQueuedSynchronizer$ConditionObject.await(AbstractQueuedSynchronizer.java:2039)
        at java.util.concurrent.LinkedBlockingQueue.take(LinkedBlockingQueue.java:442)
        at java.util.concurrent.ThreadPoolExecutor.getTask(ThreadPoolExecutor.java:1074)
        at java.util.concurrent.ThreadPoolExecutor.runWorker(ThreadPoolExecutor.java:1134)
        at java.util.concurrent.ThreadPoolExecutor$Worker.run(ThreadPoolExecutor.java:624)
        at java.lang.Thread.run(Thread.java:750)
"PartialTableCache Cleanup Thread - 0" daemon prio=5 tid=4924 in Object.wait()
java.lang.Thread.State: WAITING (on object monitor)
        at sun.misc.Unsafe.park(Native Method)
        at java.util.concurrent.locks.LockSupport.park(LockSupport.java:175)
        at java.util.concurrent.locks.AbstractQueuedSynchronizer$ConditionObject.await(AbstractQueuedSynchronizer.java:2039)
        at java.util.concurrent.LinkedBlockingQueue.take(LinkedBlockingQueue.java:442)
        at java.util.concurrent.ThreadPoolExecutor.getTask(ThreadPoolExecutor.java:1074)
        at java.util.concurrent.ThreadPoolExecutor.runWorker(ThreadPoolExecutor.java:1134)
        at java.util.concurrent.ThreadPoolExecutor$Worker.run(ThreadPoolExecutor.java:624)
        at java.lang.Thread.run(Thread.java:750)
"Session-HouseKeeper-3c83e9ca-1"  prio=5 tid=6172 timed_waiting
java.lang.Thread.State: TIMED_WAITING
        at sun.misc.Unsafe.park(Native Method)
        at java.util.concurrent.locks.LockSupport.parkNanos(LockSupport.java:215)
        at java.util.concurrent.locks.AbstractQueuedSynchronizer$ConditionObject.awaitNanos(AbstractQueuedSynchronizer.java:2078)
        at java.util.concurrent.ScheduledThreadPoolExecutor$DelayedWorkQueue.take(ScheduledThreadPoolExecutor.java:1093)
        at java.util.concurrent.ScheduledThreadPoolExecutor$DelayedWorkQueue.take(ScheduledThreadPoolExecutor.java:809)
        at java.util.concurrent.ThreadPoolExecutor.getTask(ThreadPoolExecutor.java:1074)
        at java.util.concurrent.ThreadPoolExecutor.runWorker(ThreadPoolExecutor.java:1134)
        at java.util.concurrent.ThreadPoolExecutor$Worker.run(ThreadPoolExecutor.java:624)
        at java.lang.Thread.run(Thread.java:750)
"ContainerOp-e8dd15d0-68e9-4f12-a7cc-a9df22f54b30-6"  prio=5 tid=6021 in Object.wait()
java.lang.Thread.State: WAITING (on object monitor)
        at sun.misc.Unsafe.park(Native Method)
        at java.util.concurrent.locks.LockSupport.park(LockSupport.java:175)
        at java.util.concurrent.locks.AbstractQueuedSynchronizer$ConditionObject.await(AbstractQueuedSynchronizer.java:2039)
        at java.util.concurrent.LinkedBlockingQueue.take(LinkedBlockingQueue.java:442)
        at java.util.concurrent.ThreadPoolExecutor.getTask(ThreadPoolExecutor.java:1074)
        at java.util.concurrent.ThreadPoolExecutor.runWorker(ThreadPoolExecutor.java:1134)
        at java.util.concurrent.ThreadPoolExecutor$Worker.run(ThreadPoolExecutor.java:624)
        at java.lang.Thread.run(Thread.java:750)
"Datanode State Machine Task Thread - 1"  prio=5 tid=5481 in Object.wait()
java.lang.Thread.State: WAITING (on object monitor)
        at sun.misc.Unsafe.park(Native Method)
        at java.util.concurrent.locks.LockSupport.park(LockSupport.java:175)
        at java.util.concurrent.locks.AbstractQueuedSynchronizer$ConditionObject.await(AbstractQueuedSynchronizer.java:2039)
        at java.util.concurrent.LinkedBlockingQueue.take(LinkedBlockingQueue.java:442)
        at java.util.concurrent.ThreadPoolExecutor.getTask(ThreadPoolExecutor.java:1074)
        at java.util.concurrent.ThreadPoolExecutor.runWorker(ThreadPoolExecutor.java:1134)
        at java.util.concurrent.ThreadPoolExecutor$Worker.run(ThreadPoolExecutor.java:624)
        at java.lang.Thread.run(Thread.java:750)
"org.apache.hadoop.util.JvmPauseMonitor$Monitor@72cbcd9e" daemon prio=5 tid=5362 timed_waiting
java.lang.Thread.State: TIMED_WAITING
        at java.lang.Thread.sleep(Native Method)
        at org.apache.hadoop.util.JvmPauseMonitor$Monitor.run(JvmPauseMonitor.java:192)
        at java.lang.Thread.run(Thread.java:750)
"IPC Server handler 12 on default port 37589" daemon prio=5 tid=5122 timed_waiting
java.lang.Thread.State: TIMED_WAITING
        at sun.misc.Unsafe.park(Native Method)
        at java.util.concurrent.locks.LockSupport.parkNanos(LockSupport.java:215)
        at java.util.concurrent.locks.AbstractQueuedSynchronizer$ConditionObject.awaitNanos(AbstractQueuedSynchronizer.java:2078)
        at java.util.concurrent.LinkedBlockingQueue.poll(LinkedBlockingQueue.java:467)
        at org.apache.hadoop.ipc.CallQueueManager.take(CallQueueManager.java:317)
        at org.apache.hadoop.ipc.Server$Handler.run(Server.java:2942)
"IPC Server handler 4 on default port 41915" daemon prio=5 tid=5094 timed_waiting
java.lang.Thread.State: TIMED_WAITING
        at sun.misc.Unsafe.park(Native Method)
        at java.util.concurrent.locks.LockSupport.parkNanos(LockSupport.java:215)
        at java.util.concurrent.locks.AbstractQueuedSynchronizer$ConditionObject.awaitNanos(AbstractQueuedSynchronizer.java:2078)
        at java.util.concurrent.LinkedBlockingQueue.poll(LinkedBlockingQueue.java:467)
        at org.apache.hadoop.ipc.CallQueueManager.take(CallQueueManager.java:317)
        at org.apache.hadoop.ipc.Server$Handler.run(Server.java:2942)
"StaleRecoveringContainerScrubbingService#1" daemon prio=5 tid=5503 in Object.wait()
java.lang.Thread.State: WAITING (on object monitor)
        at sun.misc.Unsafe.park(Native Method)
        at java.util.concurrent.locks.LockSupport.park(LockSupport.java:175)
        at java.util.concurrent.locks.AbstractQueuedSynchronizer$ConditionObject.await(AbstractQueuedSynchronizer.java:2039)
        at java.util.concurrent.ScheduledThreadPoolExecutor$DelayedWorkQueue.take(ScheduledThreadPoolExecutor.java:1088)
        at java.util.concurrent.ScheduledThreadPoolExecutor$DelayedWorkQueue.take(ScheduledThreadPoolExecutor.java:809)
        at java.util.concurrent.ThreadPoolExecutor.getTask(ThreadPoolExecutor.java:1074)
        at java.util.concurrent.ThreadPoolExecutor.runWorker(ThreadPoolExecutor.java:1134)
        at java.util.concurrent.ThreadPoolExecutor$Worker.run(ThreadPoolExecutor.java:624)
        at java.lang.Thread.run(Thread.java:750)
"64b4f2a3-63f9-4506-b905-00bad38ce54f@group-A9DF22F54B30-SegmentedRaftLogWorker"  prio=5 tid=4793 timed_waiting
java.lang.Thread.State: TIMED_WAITING
        at sun.misc.Unsafe.park(Native Method)
        at java.util.concurrent.locks.LockSupport.parkNanos(LockSupport.java:215)
        at java.util.concurrent.locks.AbstractQueuedSynchronizer$ConditionObject.awaitNanos(AbstractQueuedSynchronizer.java:2078)
        at org.apache.ratis.util.DataBlockingQueue.poll(DataBlockingQueue.java:148)
        at org.apache.ratis.server.raftlog.segmented.SegmentedRaftLogWorker.run(SegmentedRaftLogWorker.java:310)
        at org.apache.ratis.server.raftlog.segmented.SegmentedRaftLogWorker$$Lambda$699/1565409370.run(Unknown Source)
        at java.lang.Thread.run(Thread.java:750)
"IPC Server handler 14 on default port 45167" daemon prio=5 tid=6130 timed_waiting
java.lang.Thread.State: TIMED_WAITING
        at sun.misc.Unsafe.park(Native Method)
        at java.util.concurrent.locks.LockSupport.parkNanos(LockSupport.java:215)
        at java.util.concurrent.locks.AbstractQueuedSynchronizer$ConditionObject.awaitNanos(AbstractQueuedSynchronizer.java:2078)
        at java.util.concurrent.LinkedBlockingQueue.poll(LinkedBlockingQueue.java:467)
        at org.apache.hadoop.ipc.CallQueueManager.take(CallQueueManager.java:317)
        at org.apache.hadoop.ipc.Server$Handler.run(Server.java:2942)
"JvmPauseMonitor42" daemon prio=5 tid=4635 timed_waiting
java.lang.Thread.State: TIMED_WAITING
        at java.lang.Thread.sleep(Native Method)
        at java.lang.Thread.sleep(Thread.java:342)
        at java.util.concurrent.TimeUnit.sleep(TimeUnit.java:386)
        at org.apache.ratis.util.TimeDuration.sleep(TimeDuration.java:325)
        at org.apache.ratis.util.TimeDuration.sleep(TimeDuration.java:310)
        at org.apache.ratis.util.JvmPauseMonitor.detectPause(JvmPauseMonitor.java:119)
        at org.apache.ratis.util.JvmPauseMonitor.run(JvmPauseMonitor.java:108)
        at org.apache.ratis.util.JvmPauseMonitor$$Lambda$740/613108676.run(Unknown Source)
        at java.lang.Thread.run(Thread.java:750)
"qtp1393491412-5321" daemon prio=5 tid=5321 timed_waiting
java.lang.Thread.State: TIMED_WAITING
        at sun.misc.Unsafe.park(Native Method)
        at java.util.concurrent.locks.LockSupport.parkNanos(LockSupport.java:215)
        at java.util.concurrent.locks.AbstractQueuedSynchronizer$ConditionObject.awaitNanos(AbstractQueuedSynchronizer.java:2078)
        at org.eclipse.jetty.util.BlockingArrayQueue.poll(BlockingArrayQueue.java:382)
        at org.eclipse.jetty.util.thread.QueuedThreadPool$Runner.idleJobPoll(QueuedThreadPool.java:974)
        at org.eclipse.jetty.util.thread.QueuedThreadPool$Runner.run(QueuedThreadPool.java:1018)
        at java.lang.Thread.run(Thread.java:750)
"BlockDeletingService#2" daemon prio=5 tid=6197 in Object.wait()
java.lang.Thread.State: WAITING (on object monitor)
        at sun.misc.Unsafe.park(Native Method)
        at java.util.concurrent.locks.LockSupport.park(LockSupport.java:175)
        at java.util.concurrent.locks.AbstractQueuedSynchronizer$ConditionObject.await(AbstractQueuedSynchronizer.java:2039)
        at java.util.concurrent.ScheduledThreadPoolExecutor$DelayedWorkQueue.take(ScheduledThreadPoolExecutor.java:1088)
        at java.util.concurrent.ScheduledThreadPoolExecutor$DelayedWorkQueue.take(ScheduledThreadPoolExecutor.java:809)
        at java.util.concurrent.ThreadPoolExecutor.getTask(ThreadPoolExecutor.java:1074)
        at java.util.concurrent.ThreadPoolExecutor.runWorker(ThreadPoolExecutor.java:1134)
        at java.util.concurrent.ThreadPoolExecutor$Worker.run(ThreadPoolExecutor.java:624)
        at java.lang.Thread.run(Thread.java:750)
"1787d8bf-f3dc-4880-8863-743d3d33b765@group-971EC9EF2D19-StateMachineUpdater" daemon prio=5 tid=5714 timed_waiting
java.lang.Thread.State: TIMED_WAITING
        at sun.misc.Unsafe.park(Native Method)
        at java.util.concurrent.locks.LockSupport.parkNanos(LockSupport.java:215)
        at java.util.concurrent.CompletableFuture$Signaller.block(CompletableFuture.java:1709)
        at java.util.concurrent.ForkJoinPool.managedBlock(ForkJoinPool.java:3323)
        at java.util.concurrent.CompletableFuture.timedGet(CompletableFuture.java:1788)
        at java.util.concurrent.CompletableFuture.get(CompletableFuture.java:1928)
        at org.apache.ratis.util.AwaitForSignal.await(AwaitForSignal.java:56)
        at org.apache.ratis.server.impl.StateMachineUpdater.waitForCommit(StateMachineUpdater.java:207)
        at org.apache.ratis.server.impl.StateMachineUpdater.run(StateMachineUpdater.java:176)
        at java.lang.Thread.run(Thread.java:750)
"qtp1086850858-5253" daemon prio=5 tid=5253 timed_waiting
java.lang.Thread.State: TIMED_WAITING
        at sun.misc.Unsafe.park(Native Method)
        at java.util.concurrent.locks.LockSupport.parkNanos(LockSupport.java:215)
        at java.util.concurrent.locks.AbstractQueuedSynchronizer$ConditionObject.awaitNanos(AbstractQueuedSynchronizer.java:2078)
        at org.eclipse.jetty.util.BlockingArrayQueue.poll(BlockingArrayQueue.java:382)
        at org.eclipse.jetty.util.thread.QueuedThreadPool$Runner.idleJobPoll(QueuedThreadPool.java:974)
        at org.eclipse.jetty.util.thread.QueuedThreadPool$Runner.run(QueuedThreadPool.java:1018)
        at java.lang.Thread.run(Thread.java:750)
"StaleRecoveringContainerScrubbingService#0" daemon prio=5 tid=4699 timed_waiting
java.lang.Thread.State: TIMED_WAITING
        at sun.misc.Unsafe.park(Native Method)
        at java.util.concurrent.locks.LockSupport.parkNanos(LockSupport.java:215)
        at java.util.concurrent.locks.AbstractQueuedSynchronizer$ConditionObject.awaitNanos(AbstractQueuedSynchronizer.java:2078)
        at java.util.concurrent.ScheduledThreadPoolExecutor$DelayedWorkQueue.take(ScheduledThreadPoolExecutor.java:1093)
        at java.util.concurrent.ScheduledThreadPoolExecutor$DelayedWorkQueue.take(ScheduledThreadPoolExecutor.java:809)
        at java.util.concurrent.ThreadPoolExecutor.getTask(ThreadPoolExecutor.java:1074)
        at java.util.concurrent.ThreadPoolExecutor.runWorker(ThreadPoolExecutor.java:1134)
        at java.util.concurrent.ThreadPoolExecutor$Worker.run(ThreadPoolExecutor.java:624)
        at java.lang.Thread.run(Thread.java:750)
"DataNode DiskChecker thread 0" daemon prio=5 tid=5413 timed_waiting
java.lang.Thread.State: TIMED_WAITING
        at sun.misc.Unsafe.park(Native Method)
        at java.util.concurrent.locks.LockSupport.parkNanos(LockSupport.java:215)
        at java.util.concurrent.SynchronousQueue$TransferStack.awaitFulfill(SynchronousQueue.java:460)
        at java.util.concurrent.SynchronousQueue$TransferStack.transfer(SynchronousQueue.java:362)
        at java.util.concurrent.SynchronousQueue.poll(SynchronousQueue.java:941)
        at java.util.concurrent.ThreadPoolExecutor.getTask(ThreadPoolExecutor.java:1073)
        at java.util.concurrent.ThreadPoolExecutor.runWorker(ThreadPoolExecutor.java:1134)
        at java.util.concurrent.ThreadPoolExecutor$Worker.run(ThreadPoolExecutor.java:624)
        at java.lang.Thread.run(Thread.java:750)
"Datanode ReportManager Thread - 1" daemon prio=5 tid=5303 in Object.wait()
java.lang.Thread.State: WAITING (on object monitor)
        at sun.misc.Unsafe.park(Native Method)
        at java.util.concurrent.locks.LockSupport.park(LockSupport.java:175)
        at java.util.concurrent.locks.AbstractQueuedSynchronizer$ConditionObject.await(AbstractQueuedSynchronizer.java:2039)
        at java.util.concurrent.ScheduledThreadPoolExecutor$DelayedWorkQueue.take(ScheduledThreadPoolExecutor.java:1088)
        at java.util.concurrent.ScheduledThreadPoolExecutor$DelayedWorkQueue.take(ScheduledThreadPoolExecutor.java:809)
        at java.util.concurrent.ThreadPoolExecutor.getTask(ThreadPoolExecutor.java:1074)
        at java.util.concurrent.ThreadPoolExecutor.runWorker(ThreadPoolExecutor.java:1134)
        at java.util.concurrent.ThreadPoolExecutor$Worker.run(ThreadPoolExecutor.java:624)
        at java.lang.Thread.run(Thread.java:750)
"Datanode ReportManager Thread - 1" daemon prio=5 tid=5430 in Object.wait()
java.lang.Thread.State: WAITING (on object monitor)
        at sun.misc.Unsafe.park(Native Method)
        at java.util.concurrent.locks.LockSupport.park(LockSupport.java:175)
        at java.util.concurrent.locks.AbstractQueuedSynchronizer$ConditionObject.await(AbstractQueuedSynchronizer.java:2039)
        at java.util.concurrent.ScheduledThreadPoolExecutor$DelayedWorkQueue.take(ScheduledThreadPoolExecutor.java:1088)
        at java.util.concurrent.ScheduledThreadPoolExecutor$DelayedWorkQueue.take(ScheduledThreadPoolExecutor.java:809)
        at java.util.concurrent.ThreadPoolExecutor.getTask(ThreadPoolExecutor.java:1074)
        at java.util.concurrent.ThreadPoolExecutor.runWorker(ThreadPoolExecutor.java:1134)
        at java.util.concurrent.ThreadPoolExecutor$Worker.run(ThreadPoolExecutor.java:624)
        at java.lang.Thread.run(Thread.java:750)
"ec-reconstruct-reader-TID-0"  prio=5 tid=4985 in Object.wait()
java.lang.Thread.State: WAITING (on object monitor)
        at sun.misc.Unsafe.park(Native Method)
        at java.util.concurrent.locks.LockSupport.park(LockSupport.java:175)
        at java.util.concurrent.SynchronousQueue$TransferStack.awaitFulfill(SynchronousQueue.java:458)
        at java.util.concurrent.SynchronousQueue$TransferStack.transfer(SynchronousQueue.java:362)
        at java.util.concurrent.SynchronousQueue.take(SynchronousQueue.java:924)
        at java.util.concurrent.ThreadPoolExecutor.getTask(ThreadPoolExecutor.java:1074)
        at java.util.concurrent.ThreadPoolExecutor.runWorker(ThreadPoolExecutor.java:1134)
        at java.util.concurrent.ThreadPoolExecutor$Worker.run(ThreadPoolExecutor.java:624)
        at java.lang.Thread.run(Thread.java:750)
"96238b2c-9f01-47c7-9db9-9b3e1b0f8a5c@group-A9DF22F54B30-StateMachineUpdater" daemon prio=5 tid=4799 timed_waiting
java.lang.Thread.State: TIMED_WAITING
        at sun.misc.Unsafe.park(Native Method)
        at java.util.concurrent.locks.LockSupport.parkNanos(LockSupport.java:215)
        at java.util.concurrent.CompletableFuture$Signaller.block(CompletableFuture.java:1709)
        at java.util.concurrent.ForkJoinPool.managedBlock(ForkJoinPool.java:3323)
        at java.util.concurrent.CompletableFuture.timedGet(CompletableFuture.java:1788)
        at java.util.concurrent.CompletableFuture.get(CompletableFuture.java:1928)
        at org.apache.ratis.util.AwaitForSignal.await(AwaitForSignal.java:56)
        at org.apache.ratis.server.impl.StateMachineUpdater.waitForCommit(StateMachineUpdater.java:207)
        at org.apache.ratis.server.impl.StateMachineUpdater.run(StateMachineUpdater.java:176)
        at java.lang.Thread.run(Thread.java:750)
"Datanode ReportManager Thread - 4" daemon prio=5 tid=5306 in Object.wait()
java.lang.Thread.State: WAITING (on object monitor)
        at sun.misc.Unsafe.park(Native Method)
        at java.util.concurrent.locks.LockSupport.park(LockSupport.java:175)
        at java.util.concurrent.locks.AbstractQueuedSynchronizer$ConditionObject.await(AbstractQueuedSynchronizer.java:2039)
        at java.util.concurrent.ScheduledThreadPoolExecutor$DelayedWorkQueue.take(ScheduledThreadPoolExecutor.java:1088)
        at java.util.concurrent.ScheduledThreadPoolExecutor$DelayedWorkQueue.take(ScheduledThreadPoolExecutor.java:809)
        at java.util.concurrent.ThreadPoolExecutor.getTask(ThreadPoolExecutor.java:1074)
        at java.util.concurrent.ThreadPoolExecutor.runWorker(ThreadPoolExecutor.java:1134)
        at java.util.concurrent.ThreadPoolExecutor$Worker.run(ThreadPoolExecutor.java:624)
        at java.lang.Thread.run(Thread.java:750)
"f9a60067-2236-4cd7-b231-4cb6898cc822@group-84A159281B42-FollowerState" daemon prio=5 tid=5929 timed_waiting
java.lang.Thread.State: TIMED_WAITING
        at java.lang.Thread.sleep(Native Method)
        at java.lang.Thread.sleep(Thread.java:342)
        at java.util.concurrent.TimeUnit.sleep(TimeUnit.java:386)
        at org.apache.ratis.util.TimeDuration.sleep(TimeDuration.java:325)
        at org.apache.ratis.util.TimeDuration.sleep(TimeDuration.java:310)
        at org.apache.ratis.server.impl.FollowerState.run(FollowerState.java:128)
"qtp1689937595-4546" daemon prio=5 tid=4546 timed_waiting
java.lang.Thread.State: TIMED_WAITING
        at sun.misc.Unsafe.park(Native Method)
        at java.util.concurrent.locks.LockSupport.parkNanos(LockSupport.java:215)
        at java.util.concurrent.locks.AbstractQueuedSynchronizer$ConditionObject.awaitNanos(AbstractQueuedSynchronizer.java:2078)
        at org.eclipse.jetty.util.BlockingArrayQueue.poll(BlockingArrayQueue.java:382)
        at org.eclipse.jetty.util.thread.QueuedThreadPool$Runner.idleJobPoll(QueuedThreadPool.java:974)
        at org.eclipse.jetty.util.thread.QueuedThreadPool$Runner.run(QueuedThreadPool.java:1018)
        at java.lang.Thread.run(Thread.java:750)
"StaleRecoveringContainerScrubbingService#1" daemon prio=5 tid=4713 timed_waiting
java.lang.Thread.State: TIMED_WAITING
        at sun.misc.Unsafe.park(Native Method)
        at java.util.concurrent.locks.LockSupport.parkNanos(LockSupport.java:215)
        at java.util.concurrent.locks.AbstractQueuedSynchronizer$ConditionObject.awaitNanos(AbstractQueuedSynchronizer.java:2078)
        at java.util.concurrent.ScheduledThreadPoolExecutor$DelayedWorkQueue.take(ScheduledThreadPoolExecutor.java:1093)
        at java.util.concurrent.ScheduledThreadPoolExecutor$DelayedWorkQueue.take(ScheduledThreadPoolExecutor.java:809)
        at java.util.concurrent.ThreadPoolExecutor.getTask(ThreadPoolExecutor.java:1074)
        at java.util.concurrent.ThreadPoolExecutor.runWorker(ThreadPoolExecutor.java:1134)
        at java.util.concurrent.ThreadPoolExecutor$Worker.run(ThreadPoolExecutor.java:624)
        at java.lang.Thread.run(Thread.java:750)
"ChunkWriter-1-0" daemon prio=5 tid=5537 in Object.wait()
java.lang.Thread.State: WAITING (on object monitor)
        at sun.misc.Unsafe.park(Native Method)
        at java.util.concurrent.locks.LockSupport.park(LockSupport.java:175)
        at java.util.concurrent.locks.AbstractQueuedSynchronizer$ConditionObject.await(AbstractQueuedSynchronizer.java:2039)
        at java.util.concurrent.LinkedBlockingDeque.takeFirst(LinkedBlockingDeque.java:492)
        at java.util.concurrent.LinkedBlockingDeque.take(LinkedBlockingDeque.java:680)
        at java.util.concurrent.ThreadPoolExecutor.getTask(ThreadPoolExecutor.java:1074)
        at java.util.concurrent.ThreadPoolExecutor.runWorker(ThreadPoolExecutor.java:1134)
        at java.util.concurrent.ThreadPoolExecutor$Worker.run(ThreadPoolExecutor.java:624)
        at java.lang.Thread.run(Thread.java:750)
"StaleRecoveringContainerScrubbingService#2" daemon prio=5 tid=6198 in Object.wait()
java.lang.Thread.State: WAITING (on object monitor)
        at sun.misc.Unsafe.park(Native Method)
        at java.util.concurrent.locks.LockSupport.park(LockSupport.java:175)
        at java.util.concurrent.locks.AbstractQueuedSynchronizer$ConditionObject.await(AbstractQueuedSynchronizer.java:2039)
        at java.util.concurrent.ScheduledThreadPoolExecutor$DelayedWorkQueue.take(ScheduledThreadPoolExecutor.java:1088)
        at java.util.concurrent.ScheduledThreadPoolExecutor$DelayedWorkQueue.take(ScheduledThreadPoolExecutor.java:809)
        at java.util.concurrent.ThreadPoolExecutor.getTask(ThreadPoolExecutor.java:1074)
        at java.util.concurrent.ThreadPoolExecutor.runWorker(ThreadPoolExecutor.java:1134)
        at java.util.concurrent.ThreadPoolExecutor$Worker.run(ThreadPoolExecutor.java:624)
        at java.lang.Thread.run(Thread.java:750)
"IPC Server handler 8 on default port 46655" daemon prio=5 tid=5267 timed_waiting
java.lang.Thread.State: TIMED_WAITING
        at sun.misc.Unsafe.park(Native Method)
        at java.util.concurrent.locks.LockSupport.parkNanos(LockSupport.java:215)
        at java.util.concurrent.locks.AbstractQueuedSynchronizer$ConditionObject.awaitNanos(AbstractQueuedSynchronizer.java:2078)
        at java.util.concurrent.LinkedBlockingQueue.poll(LinkedBlockingQueue.java:467)
        at org.apache.hadoop.ipc.CallQueueManager.take(CallQueueManager.java:317)
        at org.apache.hadoop.ipc.Server$Handler.run(Server.java:2942)
"IPC Server handler 15 on default port 36229" daemon prio=5 tid=5084 timed_waiting
java.lang.Thread.State: TIMED_WAITING
        at sun.misc.Unsafe.park(Native Method)
        at java.util.concurrent.locks.LockSupport.parkNanos(LockSupport.java:215)
        at java.util.concurrent.locks.AbstractQueuedSynchronizer$ConditionObject.awaitNanos(AbstractQueuedSynchronizer.java:2078)
        at java.util.concurrent.LinkedBlockingQueue.poll(LinkedBlockingQueue.java:467)
        at org.apache.hadoop.ipc.CallQueueManager.take(CallQueueManager.java:317)
        at org.apache.hadoop.ipc.Server$Handler.run(Server.java:2942)
"qtp1251079119-4352" daemon prio=5 tid=4352 timed_waiting
java.lang.Thread.State: TIMED_WAITING
        at sun.misc.Unsafe.park(Native Method)
        at java.util.concurrent.locks.LockSupport.parkNanos(LockSupport.java:215)
        at java.util.concurrent.locks.AbstractQueuedSynchronizer$ConditionObject.awaitNanos(AbstractQueuedSynchronizer.java:2078)
        at org.eclipse.jetty.util.BlockingArrayQueue.poll(BlockingArrayQueue.java:382)
        at org.eclipse.jetty.util.thread.QueuedThreadPool$Runner.idleJobPoll(QueuedThreadPool.java:974)
        at org.eclipse.jetty.util.thread.QueuedThreadPool$Runner.run(QueuedThreadPool.java:1018)
        at java.lang.Thread.run(Thread.java:750)
"FixedThreadPoolWithAffinityExecutor-6-0" daemon prio=5 tid=6089 timed_waiting
java.lang.Thread.State: TIMED_WAITING
        at sun.misc.Unsafe.park(Native Method)
        at java.util.concurrent.locks.LockSupport.parkNanos(LockSupport.java:215)
        at java.util.concurrent.locks.AbstractQueuedSynchronizer$ConditionObject.awaitNanos(AbstractQueuedSynchronizer.java:2078)
        at java.util.concurrent.LinkedBlockingQueue.poll(LinkedBlockingQueue.java:467)
        at org.apache.hadoop.hdds.scm.server.ContainerReportQueue.poll(ContainerReportQueue.java:266)
        at org.apache.hadoop.hdds.scm.server.ContainerReportQueue.poll(ContainerReportQueue.java:42)
        at org.apache.hadoop.hdds.server.events.FixedThreadPoolWithAffinityExecutor$ContainerReportProcessTask.run(FixedThreadPoolWithAffinityExecutor.java:248)
        at java.util.concurrent.Executors$RunnableAdapter.call(Executors.java:511)
        at java.util.concurrent.FutureTask.run(FutureTask.java:266)
        at java.util.concurrent.ThreadPoolExecutor.runWorker(ThreadPoolExecutor.java:1149)
        at java.util.concurrent.ThreadPoolExecutor$Worker.run(ThreadPoolExecutor.java:624)
        at java.lang.Thread.run(Thread.java:750)
"Datanode ReportManager Thread - 1" daemon prio=5 tid=4656 in Object.wait()
java.lang.Thread.State: WAITING (on object monitor)
        at sun.misc.Unsafe.park(Native Method)
        at java.util.concurrent.locks.LockSupport.park(LockSupport.java:175)
        at java.util.concurrent.locks.AbstractQueuedSynchronizer$ConditionObject.await(AbstractQueuedSynchronizer.java:2039)
        at java.util.concurrent.ScheduledThreadPoolExecutor$DelayedWorkQueue.take(ScheduledThreadPoolExecutor.java:1088)
        at java.util.concurrent.ScheduledThreadPoolExecutor$DelayedWorkQueue.take(ScheduledThreadPoolExecutor.java:809)
        at java.util.concurrent.ThreadPoolExecutor.getTask(ThreadPoolExecutor.java:1074)
        at java.util.concurrent.ThreadPoolExecutor.runWorker(ThreadPoolExecutor.java:1134)
        at java.util.concurrent.ThreadPoolExecutor$Worker.run(ThreadPoolExecutor.java:624)
        at java.lang.Thread.run(Thread.java:750)
"DatanodeAdminManager-0" daemon prio=5 tid=6070 timed_waiting
java.lang.Thread.State: TIMED_WAITING
        at sun.misc.Unsafe.park(Native Method)
        at java.util.concurrent.locks.LockSupport.parkNanos(LockSupport.java:215)
        at java.util.concurrent.locks.AbstractQueuedSynchronizer$ConditionObject.awaitNanos(AbstractQueuedSynchronizer.java:2078)
        at java.util.concurrent.ScheduledThreadPoolExecutor$DelayedWorkQueue.take(ScheduledThreadPoolExecutor.java:1093)
        at java.util.concurrent.ScheduledThreadPoolExecutor$DelayedWorkQueue.take(ScheduledThreadPoolExecutor.java:809)
        at java.util.concurrent.ThreadPoolExecutor.getTask(ThreadPoolExecutor.java:1074)
        at java.util.concurrent.ThreadPoolExecutor.runWorker(ThreadPoolExecutor.java:1134)
        at java.util.concurrent.ThreadPoolExecutor$Worker.run(ThreadPoolExecutor.java:624)
        at java.lang.Thread.run(Thread.java:750)
"IPC Server handler 19 on default port 39971" daemon prio=5 tid=6115 timed_waiting
java.lang.Thread.State: TIMED_WAITING
        at sun.misc.Unsafe.park(Native Method)
        at java.util.concurrent.locks.LockSupport.parkNanos(LockSupport.java:215)
        at java.util.concurrent.locks.AbstractQueuedSynchronizer$ConditionObject.awaitNanos(AbstractQueuedSynchronizer.java:2078)
        at java.util.concurrent.LinkedBlockingQueue.poll(LinkedBlockingQueue.java:467)
        at org.apache.hadoop.ipc.CallQueueManager.take(CallQueueManager.java:317)
        at org.apache.hadoop.ipc.Server$Handler.run(Server.java:2942)
"org.apache.hadoop.util.JvmPauseMonitor$Monitor@6a88ddd3" daemon prio=5 tid=5131 timed_waiting
java.lang.Thread.State: TIMED_WAITING
        at java.lang.Thread.sleep(Native Method)
        at org.apache.hadoop.util.JvmPauseMonitor$Monitor.run(JvmPauseMonitor.java:192)
        at java.lang.Thread.run(Thread.java:750)
"IPC Server handler 8 on default port 41047" daemon prio=5 tid=6147 timed_waiting
java.lang.Thread.State: TIMED_WAITING
        at sun.misc.Unsafe.park(Native Method)
        at java.util.concurrent.locks.LockSupport.parkNanos(LockSupport.java:215)
        at java.util.concurrent.locks.AbstractQueuedSynchronizer$ConditionObject.awaitNanos(AbstractQueuedSynchronizer.java:2078)
        at java.util.concurrent.LinkedBlockingQueue.poll(LinkedBlockingQueue.java:467)
        at org.apache.hadoop.ipc.CallQueueManager.take(CallQueueManager.java:317)
        at org.apache.hadoop.ipc.Server$Handler.run(Server.java:2942)
"a4df1cd8-da8f-45ad-a02d-233f4b91e4ac-server-thread3" daemon prio=5 tid=5938 timed_waiting
java.lang.Thread.State: TIMED_WAITING
        at sun.misc.Unsafe.park(Native Method)
        at java.util.concurrent.locks.LockSupport.parkNanos(LockSupport.java:215)
        at java.util.concurrent.SynchronousQueue$TransferStack.awaitFulfill(SynchronousQueue.java:460)
        at java.util.concurrent.SynchronousQueue$TransferStack.transfer(SynchronousQueue.java:362)
        at java.util.concurrent.SynchronousQueue.poll(SynchronousQueue.java:941)
        at java.util.concurrent.ThreadPoolExecutor.getTask(ThreadPoolExecutor.java:1073)
        at java.util.concurrent.ThreadPoolExecutor.runWorker(ThreadPoolExecutor.java:1134)
        at java.util.concurrent.ThreadPoolExecutor$Worker.run(ThreadPoolExecutor.java:624)
        at java.lang.Thread.run(Thread.java:750)
"f9a60067-2236-4cd7-b231-4cb6898cc822-server-thread2" daemon prio=5 tid=5934 timed_waiting
java.lang.Thread.State: TIMED_WAITING
        at sun.misc.Unsafe.park(Native Method)
        at java.util.concurrent.locks.LockSupport.parkNanos(LockSupport.java:215)
        at java.util.concurrent.SynchronousQueue$TransferStack.awaitFulfill(SynchronousQueue.java:460)
        at java.util.concurrent.SynchronousQueue$TransferStack.transfer(SynchronousQueue.java:362)
        at java.util.concurrent.SynchronousQueue.poll(SynchronousQueue.java:941)
        at java.util.concurrent.ThreadPoolExecutor.getTask(ThreadPoolExecutor.java:1073)
        at java.util.concurrent.ThreadPoolExecutor.runWorker(ThreadPoolExecutor.java:1134)
        at java.util.concurrent.ThreadPoolExecutor$Worker.run(ThreadPoolExecutor.java:624)
        at java.lang.Thread.run(Thread.java:750)
"qtp37624766-4584" daemon prio=5 tid=4584 timed_waiting
java.lang.Thread.State: TIMED_WAITING
        at sun.misc.Unsafe.park(Native Method)
        at java.util.concurrent.locks.LockSupport.parkNanos(LockSupport.java:215)
        at java.util.concurrent.locks.AbstractQueuedSynchronizer$ConditionObject.awaitNanos(AbstractQueuedSynchronizer.java:2078)
        at org.eclipse.jetty.util.BlockingArrayQueue.poll(BlockingArrayQueue.java:382)
        at org.eclipse.jetty.util.thread.QueuedThreadPool$Runner.idleJobPoll(QueuedThreadPool.java:974)
        at org.eclipse.jetty.util.thread.QueuedThreadPool$Runner.run(QueuedThreadPool.java:1018)
        at java.lang.Thread.run(Thread.java:750)
"pool-2102-thread-1"  prio=5 tid=4796 in Object.wait()
java.lang.Thread.State: WAITING (on object monitor)
        at sun.misc.Unsafe.park(Native Method)
        at java.util.concurrent.locks.LockSupport.park(LockSupport.java:175)
        at java.util.concurrent.locks.AbstractQueuedSynchronizer$ConditionObject.await(AbstractQueuedSynchronizer.java:2039)
        at java.util.concurrent.LinkedBlockingQueue.take(LinkedBlockingQueue.java:442)
        at java.util.concurrent.ThreadPoolExecutor.getTask(ThreadPoolExecutor.java:1074)
        at java.util.concurrent.ThreadPoolExecutor.runWorker(ThreadPoolExecutor.java:1134)
        at java.util.concurrent.ThreadPoolExecutor$Worker.run(ThreadPoolExecutor.java:624)
        at java.lang.Thread.run(Thread.java:750)
"Command processor thread" daemon prio=5 tid=5408 timed_waiting
java.lang.Thread.State: TIMED_WAITING
        at java.lang.Thread.sleep(Native Method)
        at org.apache.hadoop.ozone.container.common.statemachine.DatanodeStateMachine.lambda$initCommandHandlerThread$3(DatanodeStateMachine.java:641)
        at org.apache.hadoop.ozone.container.common.statemachine.DatanodeStateMachine$$Lambda$787/534002387.run(Unknown Source)
        at java.lang.Thread.run(Thread.java:750)
"ec-reconstruct-reader-TID-0"  prio=5 tid=4996 in Object.wait()
java.lang.Thread.State: WAITING (on object monitor)
        at sun.misc.Unsafe.park(Native Method)
        at java.util.concurrent.locks.LockSupport.park(LockSupport.java:175)
        at java.util.concurrent.SynchronousQueue$TransferStack.awaitFulfill(SynchronousQueue.java:458)
        at java.util.concurrent.SynchronousQueue$TransferStack.transfer(SynchronousQueue.java:362)
        at java.util.concurrent.SynchronousQueue.take(SynchronousQueue.java:924)
        at java.util.concurrent.ThreadPoolExecutor.getTask(ThreadPoolExecutor.java:1074)
        at java.util.concurrent.ThreadPoolExecutor.runWorker(ThreadPoolExecutor.java:1134)
        at java.util.concurrent.ThreadPoolExecutor$Worker.run(ThreadPoolExecutor.java:624)
        at java.lang.Thread.run(Thread.java:750)
"Datanode ReportManager Thread - 1" daemon prio=5 tid=4493 in Object.wait()
java.lang.Thread.State: WAITING (on object monitor)
        at sun.misc.Unsafe.park(Native Method)
        at java.util.concurrent.locks.LockSupport.park(LockSupport.java:175)
        at java.util.concurrent.locks.AbstractQueuedSynchronizer$ConditionObject.await(AbstractQueuedSynchronizer.java:2039)
        at java.util.concurrent.ScheduledThreadPoolExecutor$DelayedWorkQueue.take(ScheduledThreadPoolExecutor.java:1088)
        at java.util.concurrent.ScheduledThreadPoolExecutor$DelayedWorkQueue.take(ScheduledThreadPoolExecutor.java:809)
        at java.util.concurrent.ThreadPoolExecutor.getTask(ThreadPoolExecutor.java:1074)
        at java.util.concurrent.ThreadPoolExecutor.runWorker(ThreadPoolExecutor.java:1134)
        at java.util.concurrent.ThreadPoolExecutor$Worker.run(ThreadPoolExecutor.java:624)
        at java.lang.Thread.run(Thread.java:750)
"KeyDeletingService#0" daemon prio=5 tid=5245 timed_waiting
java.lang.Thread.State: TIMED_WAITING
        at sun.misc.Unsafe.park(Native Method)
        at java.util.concurrent.locks.LockSupport.parkNanos(LockSupport.java:215)
        at java.util.concurrent.locks.AbstractQueuedSynchronizer$ConditionObject.awaitNanos(AbstractQueuedSynchronizer.java:2078)
        at java.util.concurrent.ScheduledThreadPoolExecutor$DelayedWorkQueue.take(ScheduledThreadPoolExecutor.java:1093)
        at java.util.concurrent.ScheduledThreadPoolExecutor$DelayedWorkQueue.take(ScheduledThreadPoolExecutor.java:809)
        at java.util.concurrent.ThreadPoolExecutor.getTask(ThreadPoolExecutor.java:1074)
        at java.util.concurrent.ThreadPoolExecutor.runWorker(ThreadPoolExecutor.java:1134)
        at java.util.concurrent.ThreadPoolExecutor$Worker.run(ThreadPoolExecutor.java:624)
        at java.lang.Thread.run(Thread.java:750)
"Datanode State Machine Task Thread - 1"  prio=5 tid=5389 in Object.wait()
java.lang.Thread.State: WAITING (on object monitor)
        at sun.misc.Unsafe.park(Native Method)
        at java.util.concurrent.locks.LockSupport.park(LockSupport.java:175)
        at java.util.concurrent.locks.AbstractQueuedSynchronizer$ConditionObject.await(AbstractQueuedSynchronizer.java:2039)
        at java.util.concurrent.LinkedBlockingQueue.take(LinkedBlockingQueue.java:442)
        at java.util.concurrent.ThreadPoolExecutor.getTask(ThreadPoolExecutor.java:1074)
        at java.util.concurrent.ThreadPoolExecutor.runWorker(ThreadPoolExecutor.java:1134)
        at java.util.concurrent.ThreadPoolExecutor$Worker.run(ThreadPoolExecutor.java:624)
        at java.lang.Thread.run(Thread.java:750)
"JvmPauseMonitor43" daemon prio=5 tid=4672 timed_waiting
java.lang.Thread.State: TIMED_WAITING
        at java.lang.Thread.sleep(Native Method)
        at java.lang.Thread.sleep(Thread.java:342)
        at java.util.concurrent.TimeUnit.sleep(TimeUnit.java:386)
        at org.apache.ratis.util.TimeDuration.sleep(TimeDuration.java:325)
        at org.apache.ratis.util.TimeDuration.sleep(TimeDuration.java:310)
        at org.apache.ratis.util.JvmPauseMonitor.detectPause(JvmPauseMonitor.java:119)
        at org.apache.ratis.util.JvmPauseMonitor.run(JvmPauseMonitor.java:108)
        at org.apache.ratis.util.JvmPauseMonitor$$Lambda$740/613108676.run(Unknown Source)
        at java.lang.Thread.run(Thread.java:750)
"ChunkWriter-0-0" daemon prio=5 tid=4704 in Object.wait()
java.lang.Thread.State: WAITING (on object monitor)
        at sun.misc.Unsafe.park(Native Method)
        at java.util.concurrent.locks.LockSupport.park(LockSupport.java:175)
        at java.util.concurrent.locks.AbstractQueuedSynchronizer$ConditionObject.await(AbstractQueuedSynchronizer.java:2039)
        at java.util.concurrent.LinkedBlockingDeque.takeFirst(LinkedBlockingDeque.java:492)
        at java.util.concurrent.LinkedBlockingDeque.take(LinkedBlockingDeque.java:680)
        at java.util.concurrent.ThreadPoolExecutor.getTask(ThreadPoolExecutor.java:1074)
        at java.util.concurrent.ThreadPoolExecutor.runWorker(ThreadPoolExecutor.java:1134)
        at java.util.concurrent.ThreadPoolExecutor$Worker.run(ThreadPoolExecutor.java:624)
        at java.lang.Thread.run(Thread.java:750)
"timer5" daemon prio=5 tid=563 timed_waiting
java.lang.Thread.State: TIMED_WAITING
        at java.lang.Object.wait(Native Method)
        at java.util.TimerThread.mainLoop(Timer.java:552)
        at java.util.TimerThread.run(Timer.java:505)
"pool-2482-thread-1"  prio=5 tid=5345 timed_waiting
java.lang.Thread.State: TIMED_WAITING
        at sun.misc.Unsafe.park(Native Method)
        at java.util.concurrent.locks.LockSupport.parkNanos(LockSupport.java:215)
        at java.util.concurrent.locks.AbstractQueuedSynchronizer$ConditionObject.awaitNanos(AbstractQueuedSynchronizer.java:2078)
        at java.util.concurrent.ScheduledThreadPoolExecutor$DelayedWorkQueue.take(ScheduledThreadPoolExecutor.java:1093)
        at java.util.concurrent.ScheduledThreadPoolExecutor$DelayedWorkQueue.take(ScheduledThreadPoolExecutor.java:809)
        at java.util.concurrent.ThreadPoolExecutor.getTask(ThreadPoolExecutor.java:1074)
        at java.util.concurrent.ThreadPoolExecutor.runWorker(ThreadPoolExecutor.java:1134)
        at java.util.concurrent.ThreadPoolExecutor$Worker.run(ThreadPoolExecutor.java:624)
        at java.lang.Thread.run(Thread.java:750)
"surefire-forkedjvm-command-thread" daemon prio=5 tid=10 runnable
java.lang.Thread.State: RUNNABLE
        at java.io.FileInputStream.readBytes(Native Method)
        at java.io.FileInputStream.read(FileInputStream.java:255)
        at java.io.BufferedInputStream.read1(BufferedInputStream.java:284)
        at java.io.BufferedInputStream.read(BufferedInputStream.java:345)
        at java.io.BufferedInputStream.fill(BufferedInputStream.java:246)
        at java.io.BufferedInputStream.read1(BufferedInputStream.java:286)
        at java.io.BufferedInputStream.read(BufferedInputStream.java:345)
        at org.apache.maven.surefire.api.util.internal.Channels$3.readImpl(Channels.java:214)
        at org.apache.maven.surefire.api.util.internal.AbstractNoninterruptibleReadableChannel.read(AbstractNoninterruptibleReadableChannel.java:54)
        at org.apache.maven.surefire.booter.spi.LegacyMasterProcessChannelDecoder.decode(LegacyMasterProcessChannelDecoder.java:80)
        at org.apache.maven.surefire.booter.CommandReader$CommandRunnable.run(CommandReader.java:343)
        at java.lang.Thread.run(Thread.java:750)
"Datanode State Machine Daemon Thread" daemon prio=5 tid=4560 timed_waiting
java.lang.Thread.State: TIMED_WAITING
        at java.lang.Thread.sleep(Native Method)
        at org.apache.hadoop.ozone.container.common.statemachine.DatanodeStateMachine.startStateMachineThread(DatanodeStateMachine.java:321)
        at org.apache.hadoop.ozone.container.common.statemachine.DatanodeStateMachine.lambda$startDaemon$0(DatanodeStateMachine.java:506)
        at org.apache.hadoop.ozone.container.common.statemachine.DatanodeStateMachine$$Lambda$785/1058385645.run(Unknown Source)
        at java.lang.Thread.run(Thread.java:750)
"ChunkWriter-2-0" daemon prio=5 tid=5574 in Object.wait()
java.lang.Thread.State: WAITING (on object monitor)
        at sun.misc.Unsafe.park(Native Method)
        at java.util.concurrent.locks.LockSupport.park(LockSupport.java:175)
        at java.util.concurrent.locks.AbstractQueuedSynchronizer$ConditionObject.await(AbstractQueuedSynchronizer.java:2039)
        at java.util.concurrent.LinkedBlockingDeque.takeFirst(LinkedBlockingDeque.java:492)
        at java.util.concurrent.LinkedBlockingDeque.take(LinkedBlockingDeque.java:680)
        at java.util.concurrent.ThreadPoolExecutor.getTask(ThreadPoolExecutor.java:1074)
        at java.util.concurrent.ThreadPoolExecutor.runWorker(ThreadPoolExecutor.java:1134)
        at java.util.concurrent.ThreadPoolExecutor$Worker.run(ThreadPoolExecutor.java:624)
        at java.lang.Thread.run(Thread.java:750)
"Datanode State Machine Daemon Thread" daemon prio=5 tid=5402 timed_waiting
java.lang.Thread.State: TIMED_WAITING
        at java.lang.Thread.sleep(Native Method)
        at org.apache.hadoop.ozone.container.common.statemachine.DatanodeStateMachine.startStateMachineThread(DatanodeStateMachine.java:321)
        at org.apache.hadoop.ozone.container.common.statemachine.DatanodeStateMachine.lambda$startDaemon$0(DatanodeStateMachine.java:506)
        at org.apache.hadoop.ozone.container.common.statemachine.DatanodeStateMachine$$Lambda$785/1058385645.run(Unknown Source)
        at java.lang.Thread.run(Thread.java:750)
"qtp166603980-5294" daemon prio=5 tid=5294 timed_waiting
java.lang.Thread.State: TIMED_WAITING
        at sun.misc.Unsafe.park(Native Method)
        at java.util.concurrent.locks.LockSupport.parkNanos(LockSupport.java:215)
        at java.util.concurrent.locks.AbstractQueuedSynchronizer$ConditionObject.awaitNanos(AbstractQueuedSynchronizer.java:2078)
        at org.eclipse.jetty.util.BlockingArrayQueue.poll(BlockingArrayQueue.java:382)
        at org.eclipse.jetty.util.thread.QueuedThreadPool$Runner.idleJobPoll(QueuedThreadPool.java:974)
        at org.eclipse.jetty.util.thread.QueuedThreadPool$Runner.run(QueuedThreadPool.java:1018)
        at java.lang.Thread.run(Thread.java:750)
"Datanode ReportManager Thread - 3" daemon prio=5 tid=4528 in Object.wait()
java.lang.Thread.State: WAITING (on object monitor)
        at sun.misc.Unsafe.park(Native Method)
        at java.util.concurrent.locks.LockSupport.park(LockSupport.java:175)
        at java.util.concurrent.locks.AbstractQueuedSynchronizer$ConditionObject.await(AbstractQueuedSynchronizer.java:2039)
        at java.util.concurrent.ScheduledThreadPoolExecutor$DelayedWorkQueue.take(ScheduledThreadPoolExecutor.java:1088)
        at java.util.concurrent.ScheduledThreadPoolExecutor$DelayedWorkQueue.take(ScheduledThreadPoolExecutor.java:809)
        at java.util.concurrent.ThreadPoolExecutor.getTask(ThreadPoolExecutor.java:1074)
        at java.util.concurrent.ThreadPoolExecutor.runWorker(ThreadPoolExecutor.java:1134)
        at java.util.concurrent.ThreadPoolExecutor$Worker.run(ThreadPoolExecutor.java:624)
        at java.lang.Thread.run(Thread.java:750)
"PartialTableCache Cleanup Thread - 0" daemon prio=5 tid=5965 in Object.wait()
java.lang.Thread.State: WAITING (on object monitor)
        at sun.misc.Unsafe.park(Native Method)
        at java.util.concurrent.locks.LockSupport.park(LockSupport.java:175)
        at java.util.concurrent.locks.AbstractQueuedSynchronizer$ConditionObject.await(AbstractQueuedSynchronizer.java:2039)
        at java.util.concurrent.LinkedBlockingQueue.take(LinkedBlockingQueue.java:442)
        at java.util.concurrent.ThreadPoolExecutor.getTask(ThreadPoolExecutor.java:1074)
        at java.util.concurrent.ThreadPoolExecutor.runWorker(ThreadPoolExecutor.java:1134)
        at java.util.concurrent.ThreadPoolExecutor$Worker.run(ThreadPoolExecutor.java:624)
        at java.lang.Thread.run(Thread.java:750)
"Datanode ReportManager Thread - 4" daemon prio=5 tid=4565 in Object.wait()
java.lang.Thread.State: WAITING (on object monitor)
        at sun.misc.Unsafe.park(Native Method)
        at java.util.concurrent.locks.LockSupport.park(LockSupport.java:175)
        at java.util.concurrent.locks.AbstractQueuedSynchronizer$ConditionObject.await(AbstractQueuedSynchronizer.java:2039)
        at java.util.concurrent.ScheduledThreadPoolExecutor$DelayedWorkQueue.take(ScheduledThreadPoolExecutor.java:1088)
        at java.util.concurrent.ScheduledThreadPoolExecutor$DelayedWorkQueue.take(ScheduledThreadPoolExecutor.java:809)
        at java.util.concurrent.ThreadPoolExecutor.getTask(ThreadPoolExecutor.java:1074)
        at java.util.concurrent.ThreadPoolExecutor.runWorker(ThreadPoolExecutor.java:1134)
        at java.util.concurrent.ThreadPoolExecutor$Worker.run(ThreadPoolExecutor.java:624)
        at java.lang.Thread.run(Thread.java:750)
"Datanode State Machine Task Thread - 1"  prio=5 tid=5454 in Object.wait()
java.lang.Thread.State: WAITING (on object monitor)
        at sun.misc.Unsafe.park(Native Method)
        at java.util.concurrent.locks.LockSupport.park(LockSupport.java:175)
        at java.util.concurrent.locks.AbstractQueuedSynchronizer$ConditionObject.await(AbstractQueuedSynchronizer.java:2039)
        at java.util.concurrent.LinkedBlockingQueue.take(LinkedBlockingQueue.java:442)
        at java.util.concurrent.ThreadPoolExecutor.getTask(ThreadPoolExecutor.java:1074)
        at java.util.concurrent.ThreadPoolExecutor.runWorker(ThreadPoolExecutor.java:1134)
        at java.util.concurrent.ThreadPoolExecutor$Worker.run(ThreadPoolExecutor.java:624)
        at java.lang.Thread.run(Thread.java:750)
"PartialTableCache Cleanup Thread - 0" daemon prio=5 tid=4022 in Object.wait()
java.lang.Thread.State: WAITING (on object monitor)
        at sun.misc.Unsafe.park(Native Method)
        at java.util.concurrent.locks.LockSupport.park(LockSupport.java:175)
        at java.util.concurrent.locks.AbstractQueuedSynchronizer$ConditionObject.await(AbstractQueuedSynchronizer.java:2039)
        at java.util.concurrent.LinkedBlockingQueue.take(LinkedBlockingQueue.java:442)
        at java.util.concurrent.ThreadPoolExecutor.getTask(ThreadPoolExecutor.java:1074)
        at java.util.concurrent.ThreadPoolExecutor.runWorker(ThreadPoolExecutor.java:1134)
        at java.util.concurrent.ThreadPoolExecutor$Worker.run(ThreadPoolExecutor.java:624)
        at java.lang.Thread.run(Thread.java:750)
"pool-2548-thread-1"  prio=5 tid=5418 timed_waiting
java.lang.Thread.State: TIMED_WAITING
        at sun.misc.Unsafe.park(Native Method)
        at java.util.concurrent.locks.LockSupport.parkNanos(LockSupport.java:215)
        at java.util.concurrent.locks.AbstractQueuedSynchronizer$ConditionObject.awaitNanos(AbstractQueuedSynchronizer.java:2078)
        at java.util.concurrent.ScheduledThreadPoolExecutor$DelayedWorkQueue.take(ScheduledThreadPoolExecutor.java:1093)
        at java.util.concurrent.ScheduledThreadPoolExecutor$DelayedWorkQueue.take(ScheduledThreadPoolExecutor.java:809)
        at java.util.concurrent.ThreadPoolExecutor.getTask(ThreadPoolExecutor.java:1074)
        at java.util.concurrent.ThreadPoolExecutor.runWorker(ThreadPoolExecutor.java:1134)
        at java.util.concurrent.ThreadPoolExecutor$Worker.run(ThreadPoolExecutor.java:624)
        at java.lang.Thread.run(Thread.java:750)
"IPC Server handler 2 on default port 33459" daemon prio=5 tid=4360 timed_waiting
java.lang.Thread.State: TIMED_WAITING
        at sun.misc.Unsafe.park(Native Method)
        at java.util.concurrent.locks.LockSupport.parkNanos(LockSupport.java:215)
        at java.util.concurrent.locks.AbstractQueuedSynchronizer$ConditionObject.awaitNanos(AbstractQueuedSynchronizer.java:2078)
        at java.util.concurrent.LinkedBlockingQueue.poll(LinkedBlockingQueue.java:467)
        at org.apache.hadoop.ipc.CallQueueManager.take(CallQueueManager.java:317)
        at org.apache.hadoop.ipc.Server$Handler.run(Server.java:2942)
"qtp1777947850-5133" daemon prio=5 tid=5133 runnable
java.lang.Thread.State: RUNNABLE
        at sun.nio.ch.EPollArrayWrapper.epollWait(Native Method)
        at sun.nio.ch.EPollArrayWrapper.poll(EPollArrayWrapper.java:269)
        at sun.nio.ch.EPollSelectorImpl.doSelect(EPollSelectorImpl.java:93)
        at sun.nio.ch.SelectorImpl.lockAndDoSelect(SelectorImpl.java:86)
        at sun.nio.ch.SelectorImpl.select(SelectorImpl.java:97)
        at sun.nio.ch.SelectorImpl.select(SelectorImpl.java:101)
        at org.eclipse.jetty.io.ManagedSelector.nioSelect(ManagedSelector.java:183)
        at org.eclipse.jetty.io.ManagedSelector.select(ManagedSelector.java:190)
        at org.eclipse.jetty.io.ManagedSelector$SelectorProducer.select(ManagedSelector.java:606)
        at org.eclipse.jetty.io.ManagedSelector$SelectorProducer.produce(ManagedSelector.java:543)
        at org.eclipse.jetty.util.thread.strategy.EatWhatYouKill.produceTask(EatWhatYouKill.java:362)
        at org.eclipse.jetty.util.thread.strategy.EatWhatYouKill.doProduce(EatWhatYouKill.java:186)
        at org.eclipse.jetty.util.thread.strategy.EatWhatYouKill.tryProduce(EatWhatYouKill.java:173)
        at org.eclipse.jetty.util.thread.strategy.EatWhatYouKill.produce(EatWhatYouKill.java:137)
        at org.eclipse.jetty.io.ManagedSelector$$Lambda$480/780706792.run(Unknown Source)
        at org.eclipse.jetty.util.thread.QueuedThreadPool.runJob(QueuedThreadPool.java:883)
        at org.eclipse.jetty.util.thread.QueuedThreadPool$Runner.run(QueuedThreadPool.java:1034)
        at java.lang.Thread.run(Thread.java:750)
"ChunkWriter-0-0" daemon prio=5 tid=5456 in Object.wait()
java.lang.Thread.State: WAITING (on object monitor)
        at sun.misc.Unsafe.park(Native Method)
        at java.util.concurrent.locks.LockSupport.park(LockSupport.java:175)
        at java.util.concurrent.locks.AbstractQueuedSynchronizer$ConditionObject.await(AbstractQueuedSynchronizer.java:2039)
        at java.util.concurrent.LinkedBlockingDeque.takeFirst(LinkedBlockingDeque.java:492)
        at java.util.concurrent.LinkedBlockingDeque.take(LinkedBlockingDeque.java:680)
        at java.util.concurrent.ThreadPoolExecutor.getTask(ThreadPoolExecutor.java:1074)
        at java.util.concurrent.ThreadPoolExecutor.runWorker(ThreadPoolExecutor.java:1134)
        at java.util.concurrent.ThreadPoolExecutor$Worker.run(ThreadPoolExecutor.java:624)
        at java.lang.Thread.run(Thread.java:750)
"EndpointStateMachine task thread for /0.0.0.0:37589 - 0 "  prio=5 tid=5390 in Object.wait()
java.lang.Thread.State: WAITING (on object monitor)
        at sun.misc.Unsafe.park(Native Method)
        at java.util.concurrent.locks.LockSupport.park(LockSupport.java:175)
        at java.util.concurrent.locks.AbstractQueuedSynchronizer$ConditionObject.await(AbstractQueuedSynchronizer.java:2039)
        at java.util.concurrent.LinkedBlockingQueue.take(LinkedBlockingQueue.java:442)
        at java.util.concurrent.ThreadPoolExecutor.getTask(ThreadPoolExecutor.java:1074)
        at java.util.concurrent.ThreadPoolExecutor.runWorker(ThreadPoolExecutor.java:1134)
        at java.util.concurrent.ThreadPoolExecutor$Worker.run(ThreadPoolExecutor.java:624)
        at java.lang.Thread.run(Thread.java:750)
"qtp1086850858-5257" daemon prio=5 tid=5257 timed_waiting
java.lang.Thread.State: TIMED_WAITING
        at sun.misc.Unsafe.park(Native Method)
        at java.util.concurrent.locks.LockSupport.parkNanos(LockSupport.java:215)
        at java.util.concurrent.locks.AbstractQueuedSynchronizer$ConditionObject.awaitNanos(AbstractQueuedSynchronizer.java:2078)
        at org.eclipse.jetty.util.BlockingArrayQueue.poll(BlockingArrayQueue.java:382)
        at org.eclipse.jetty.util.thread.QueuedThreadPool$Runner.idleJobPoll(QueuedThreadPool.java:974)
        at org.eclipse.jetty.util.thread.QueuedThreadPool$Runner.run(QueuedThreadPool.java:1018)
        at java.lang.Thread.run(Thread.java:750)
"Datanode ReportManager Thread - 0" daemon prio=5 tid=5403 timed_waiting
java.lang.Thread.State: TIMED_WAITING
        at sun.misc.Unsafe.park(Native Method)
        at java.util.concurrent.locks.LockSupport.parkNanos(LockSupport.java:215)
        at java.util.concurrent.locks.AbstractQueuedSynchronizer$ConditionObject.awaitNanos(AbstractQueuedSynchronizer.java:2078)
        at java.util.concurrent.ScheduledThreadPoolExecutor$DelayedWorkQueue.take(ScheduledThreadPoolExecutor.java:1093)
        at java.util.concurrent.ScheduledThreadPoolExecutor$DelayedWorkQueue.take(ScheduledThreadPoolExecutor.java:809)
        at java.util.concurrent.ThreadPoolExecutor.getTask(ThreadPoolExecutor.java:1074)
        at java.util.concurrent.ThreadPoolExecutor.runWorker(ThreadPoolExecutor.java:1134)
        at java.util.concurrent.ThreadPoolExecutor$Worker.run(ThreadPoolExecutor.java:624)
        at java.lang.Thread.run(Thread.java:750)
"FullTableCache Cleanup Thread - 0" daemon prio=5 tid=3245 in Object.wait()
java.lang.Thread.State: WAITING (on object monitor)
        at sun.misc.Unsafe.park(Native Method)
        at java.util.concurrent.locks.LockSupport.park(LockSupport.java:175)
        at java.util.concurrent.locks.AbstractQueuedSynchronizer$ConditionObject.await(AbstractQueuedSynchronizer.java:2039)
        at java.util.concurrent.LinkedBlockingQueue.take(LinkedBlockingQueue.java:442)
        at java.util.concurrent.ThreadPoolExecutor.getTask(ThreadPoolExecutor.java:1074)
        at java.util.concurrent.ThreadPoolExecutor.runWorker(ThreadPoolExecutor.java:1134)
        at java.util.concurrent.ThreadPoolExecutor$Worker.run(ThreadPoolExecutor.java:624)
        at java.lang.Thread.run(Thread.java:750)
"Datanode State Machine Daemon Thread" daemon prio=5 tid=5301 timed_waiting
java.lang.Thread.State: TIMED_WAITING
        at java.lang.Thread.sleep(Native Method)
        at org.apache.hadoop.ozone.container.common.statemachine.DatanodeStateMachine.startStateMachineThread(DatanodeStateMachine.java:321)
        at org.apache.hadoop.ozone.container.common.statemachine.DatanodeStateMachine.lambda$startDaemon$0(DatanodeStateMachine.java:506)
        at org.apache.hadoop.ozone.container.common.statemachine.DatanodeStateMachine$$Lambda$785/1058385645.run(Unknown Source)
        at java.lang.Thread.run(Thread.java:750)
"PartialTableCache Cleanup Thread - 0" daemon prio=5 tid=6060 in Object.wait()
java.lang.Thread.State: WAITING (on object monitor)
        at sun.misc.Unsafe.park(Native Method)
        at java.util.concurrent.locks.LockSupport.park(LockSupport.java:175)
        at java.util.concurrent.locks.AbstractQueuedSynchronizer$ConditionObject.await(AbstractQueuedSynchronizer.java:2039)
        at java.util.concurrent.LinkedBlockingQueue.take(LinkedBlockingQueue.java:442)
        at java.util.concurrent.ThreadPoolExecutor.getTask(ThreadPoolExecutor.java:1074)
        at java.util.concurrent.ThreadPoolExecutor.runWorker(ThreadPoolExecutor.java:1134)
        at java.util.concurrent.ThreadPoolExecutor$Worker.run(ThreadPoolExecutor.java:624)
        at java.lang.Thread.run(Thread.java:750)
"IPC Server handler 2 on default port 36229" daemon prio=5 tid=5071 timed_waiting
java.lang.Thread.State: TIMED_WAITING
        at sun.misc.Unsafe.park(Native Method)
        at java.util.concurrent.locks.LockSupport.parkNanos(LockSupport.java:215)
        at java.util.concurrent.locks.AbstractQueuedSynchronizer$ConditionObject.awaitNanos(AbstractQueuedSynchronizer.java:2078)
        at java.util.concurrent.LinkedBlockingQueue.poll(LinkedBlockingQueue.java:467)
        at org.apache.hadoop.ipc.CallQueueManager.take(CallQueueManager.java:317)
        at org.apache.hadoop.ipc.Server$Handler.run(Server.java:2942)
"d13833ec-6fbd-42ed-a302-e7305c989f4f@group-84A159281B42-LeaderStateImpl" daemon prio=5 tid=5930 timed_waiting
java.lang.Thread.State: TIMED_WAITING
        at sun.misc.Unsafe.park(Native Method)
        at java.util.concurrent.locks.LockSupport.parkNanos(LockSupport.java:215)
        at java.util.concurrent.locks.AbstractQueuedSynchronizer$ConditionObject.awaitNanos(AbstractQueuedSynchronizer.java:2078)
        at java.util.concurrent.ArrayBlockingQueue.poll(ArrayBlockingQueue.java:418)
        at org.apache.ratis.server.impl.LeaderStateImpl$EventQueue.poll(LeaderStateImpl.java:159)
        at org.apache.ratis.server.impl.LeaderStateImpl$EventProcessor.run(LeaderStateImpl.java:630)
"c61a6fab-067e-4f96-a855-8be46dab7c65@group-971EC9EF2D19-LeaderStateImpl" daemon prio=5 tid=5916 timed_waiting
java.lang.Thread.State: TIMED_WAITING
        at sun.misc.Unsafe.park(Native Method)
        at java.util.concurrent.locks.LockSupport.parkNanos(LockSupport.java:215)
        at java.util.concurrent.locks.AbstractQueuedSynchronizer$ConditionObject.awaitNanos(AbstractQueuedSynchronizer.java:2078)
        at java.util.concurrent.ArrayBlockingQueue.poll(ArrayBlockingQueue.java:418)
        at org.apache.ratis.server.impl.LeaderStateImpl$EventQueue.poll(LeaderStateImpl.java:159)
        at org.apache.ratis.server.impl.LeaderStateImpl$EventProcessor.run(LeaderStateImpl.java:630)
"ChunkReader-ELG-0" daemon prio=5 tid=4730 runnable
java.lang.Thread.State: RUNNABLE
        at org.apache.ratis.thirdparty.io.netty.channel.epoll.Native.epollWait(Native Method)
        at org.apache.ratis.thirdparty.io.netty.channel.epoll.Native.epollWait(Native.java:209)
        at org.apache.ratis.thirdparty.io.netty.channel.epoll.Native.epollWait(Native.java:202)
        at org.apache.ratis.thirdparty.io.netty.channel.epoll.EpollEventLoop.epollWaitNoTimerChange(EpollEventLoop.java:294)
        at org.apache.ratis.thirdparty.io.netty.channel.epoll.EpollEventLoop.run(EpollEventLoop.java:351)
        at org.apache.ratis.thirdparty.io.netty.util.concurrent.SingleThreadEventExecutor$4.run(SingleThreadEventExecutor.java:995)
        at org.apache.ratis.thirdparty.io.netty.util.internal.ThreadExecutorMap$2.run(ThreadExecutorMap.java:74)
        at java.lang.Thread.run(Thread.java:750)
"a4df1cd8-da8f-45ad-a02d-233f4b91e4ac@group-4A8F6F23E020-SegmentedRaftLogWorker"  prio=5 tid=5760 timed_waiting
java.lang.Thread.State: TIMED_WAITING
        at sun.misc.Unsafe.park(Native Method)
        at java.util.concurrent.locks.LockSupport.parkNanos(LockSupport.java:215)
        at java.util.concurrent.locks.AbstractQueuedSynchronizer$ConditionObject.awaitNanos(AbstractQueuedSynchronizer.java:2078)
        at org.apache.ratis.util.DataBlockingQueue.poll(DataBlockingQueue.java:148)
        at org.apache.ratis.server.raftlog.segmented.SegmentedRaftLogWorker.run(SegmentedRaftLogWorker.java:310)
        at org.apache.ratis.server.raftlog.segmented.SegmentedRaftLogWorker$$Lambda$699/1565409370.run(Unknown Source)
        at java.lang.Thread.run(Thread.java:750)
"qtp1707098790-4609" daemon prio=5 tid=4609 timed_waiting
java.lang.Thread.State: TIMED_WAITING
        at sun.misc.Unsafe.park(Native Method)
        at java.util.concurrent.locks.LockSupport.parkNanos(LockSupport.java:215)
        at java.util.concurrent.locks.AbstractQueuedSynchronizer$ConditionObject.awaitNanos(AbstractQueuedSynchronizer.java:2078)
        at org.eclipse.jetty.util.BlockingArrayQueue.poll(BlockingArrayQueue.java:382)
        at org.eclipse.jetty.util.thread.QueuedThreadPool$Runner.idleJobPoll(QueuedThreadPool.java:974)
        at org.eclipse.jetty.util.thread.QueuedThreadPool$Runner.run(QueuedThreadPool.java:1018)
        at java.lang.Thread.run(Thread.java:750)
"PartialTableCache Cleanup Thread - 0" daemon prio=5 tid=6059 in Object.wait()
java.lang.Thread.State: WAITING (on object monitor)
        at sun.misc.Unsafe.park(Native Method)
        at java.util.concurrent.locks.LockSupport.park(LockSupport.java:175)
        at java.util.concurrent.locks.AbstractQueuedSynchronizer$ConditionObject.await(AbstractQueuedSynchronizer.java:2039)
        at java.util.concurrent.LinkedBlockingQueue.take(LinkedBlockingQueue.java:442)
        at java.util.concurrent.ThreadPoolExecutor.getTask(ThreadPoolExecutor.java:1074)
        at java.util.concurrent.ThreadPoolExecutor.runWorker(ThreadPoolExecutor.java:1134)
        at java.util.concurrent.ThreadPoolExecutor$Worker.run(ThreadPoolExecutor.java:624)
        at java.lang.Thread.run(Thread.java:750)
"Periodic HDDS volume checker" daemon prio=5 tid=4599 timed_waiting
java.lang.Thread.State: TIMED_WAITING
        at sun.misc.Unsafe.park(Native Method)
        at java.util.concurrent.locks.LockSupport.parkNanos(LockSupport.java:215)
        at java.util.concurrent.locks.AbstractQueuedSynchronizer$ConditionObject.awaitNanos(AbstractQueuedSynchronizer.java:2078)
        at java.util.concurrent.ScheduledThreadPoolExecutor$DelayedWorkQueue.take(ScheduledThreadPoolExecutor.java:1093)
        at java.util.concurrent.ScheduledThreadPoolExecutor$DelayedWorkQueue.take(ScheduledThreadPoolExecutor.java:809)
        at java.util.concurrent.ThreadPoolExecutor.getTask(ThreadPoolExecutor.java:1074)
        at java.util.concurrent.ThreadPoolExecutor.runWorker(ThreadPoolExecutor.java:1134)
        at java.util.concurrent.ThreadPoolExecutor$Worker.run(ThreadPoolExecutor.java:624)
        at java.lang.Thread.run(Thread.java:750)
"Session-HouseKeeper-280b82ad-1"  prio=5 tid=5354 timed_waiting
java.lang.Thread.State: TIMED_WAITING
        at sun.misc.Unsafe.park(Native Method)
        at java.util.concurrent.locks.LockSupport.parkNanos(LockSupport.java:215)
        at java.util.concurrent.locks.AbstractQueuedSynchronizer$ConditionObject.awaitNanos(AbstractQueuedSynchronizer.java:2078)
        at java.util.concurrent.ScheduledThreadPoolExecutor$DelayedWorkQueue.take(ScheduledThreadPoolExecutor.java:1093)
        at java.util.concurrent.ScheduledThreadPoolExecutor$DelayedWorkQueue.take(ScheduledThreadPoolExecutor.java:809)
        at java.util.concurrent.ThreadPoolExecutor.getTask(ThreadPoolExecutor.java:1074)
        at java.util.concurrent.ThreadPoolExecutor.runWorker(ThreadPoolExecutor.java:1134)
        at java.util.concurrent.ThreadPoolExecutor$Worker.run(ThreadPoolExecutor.java:624)
        at java.lang.Thread.run(Thread.java:750)
"IPC Server handler 8 on default port 33459" daemon prio=5 tid=4366 timed_waiting
java.lang.Thread.State: TIMED_WAITING
        at sun.misc.Unsafe.park(Native Method)
        at java.util.concurrent.locks.LockSupport.parkNanos(LockSupport.java:215)
        at java.util.concurrent.locks.AbstractQueuedSynchronizer$ConditionObject.awaitNanos(AbstractQueuedSynchronizer.java:2078)
        at java.util.concurrent.LinkedBlockingQueue.poll(LinkedBlockingQueue.java:467)
        at org.apache.hadoop.ipc.CallQueueManager.take(CallQueueManager.java:317)
        at org.apache.hadoop.ipc.Server$Handler.run(Server.java:2942)
"IPC Server handler 7 on default port 45167" daemon prio=5 tid=6123 timed_waiting
java.lang.Thread.State: TIMED_WAITING
        at sun.misc.Unsafe.park(Native Method)
        at java.util.concurrent.locks.LockSupport.parkNanos(LockSupport.java:215)
        at java.util.concurrent.locks.AbstractQueuedSynchronizer$ConditionObject.awaitNanos(AbstractQueuedSynchronizer.java:2078)
        at java.util.concurrent.LinkedBlockingQueue.poll(LinkedBlockingQueue.java:467)
        at org.apache.hadoop.ipc.CallQueueManager.take(CallQueueManager.java:317)
        at org.apache.hadoop.ipc.Server$Handler.run(Server.java:2942)
"d13833ec-6fbd-42ed-a302-e7305c989f4f@group-84A159281B42->f9a60067-2236-4cd7-b231-4cb6898cc822-GrpcLogAppender-LogAppenderDaemon" daemon prio=5 tid=5931 timed_waiting
java.lang.Thread.State: TIMED_WAITING
        at sun.misc.Unsafe.park(Native Method)
        at java.util.concurrent.locks.LockSupport.parkNanos(LockSupport.java:215)
        at java.util.concurrent.CompletableFuture$Signaller.block(CompletableFuture.java:1709)
        at java.util.concurrent.ForkJoinPool.managedBlock(ForkJoinPool.java:3323)
        at java.util.concurrent.CompletableFuture.timedGet(CompletableFuture.java:1788)
        at java.util.concurrent.CompletableFuture.get(CompletableFuture.java:1928)
        at org.apache.ratis.util.AwaitForSignal.await(AwaitForSignal.java:56)
        at org.apache.ratis.grpc.server.GrpcLogAppender.mayWait(GrpcLogAppender.java:198)
        at org.apache.ratis.grpc.server.GrpcLogAppender.run(GrpcLogAppender.java:148)
        at org.apache.ratis.server.leader.LogAppenderDaemon.run(LogAppenderDaemon.java:78)
        at org.apache.ratis.server.leader.LogAppenderDaemon$$Lambda$1074/55374302.run(Unknown Source)
        at java.lang.Thread.run(Thread.java:750)
"BlockDeletingService#0" daemon prio=5 tid=5566 timed_waiting
java.lang.Thread.State: TIMED_WAITING
        at sun.misc.Unsafe.park(Native Method)
        at java.util.concurrent.locks.LockSupport.parkNanos(LockSupport.java:215)
        at java.util.concurrent.locks.AbstractQueuedSynchronizer$ConditionObject.awaitNanos(AbstractQueuedSynchronizer.java:2078)
        at java.util.concurrent.ScheduledThreadPoolExecutor$DelayedWorkQueue.take(ScheduledThreadPoolExecutor.java:1093)
        at java.util.concurrent.ScheduledThreadPoolExecutor$DelayedWorkQueue.take(ScheduledThreadPoolExecutor.java:809)
        at java.util.concurrent.ThreadPoolExecutor.getTask(ThreadPoolExecutor.java:1074)
        at java.util.concurrent.ThreadPoolExecutor.runWorker(ThreadPoolExecutor.java:1134)
        at java.util.concurrent.ThreadPoolExecutor$Worker.run(ThreadPoolExecutor.java:624)
        at java.lang.Thread.run(Thread.java:750)
"org.apache.hadoop.util.JvmPauseMonitor$Monitor@1a4933b4" daemon prio=5 tid=4662 timed_waiting
java.lang.Thread.State: TIMED_WAITING
        at java.lang.Thread.sleep(Native Method)
        at org.apache.hadoop.util.JvmPauseMonitor$Monitor.run(JvmPauseMonitor.java:192)
        at java.lang.Thread.run(Thread.java:750)
"DataNode DiskChecker thread 0" daemon prio=5 tid=5439 timed_waiting
java.lang.Thread.State: TIMED_WAITING
        at sun.misc.Unsafe.park(Native Method)
        at java.util.concurrent.locks.LockSupport.parkNanos(LockSupport.java:215)
        at java.util.concurrent.SynchronousQueue$TransferStack.awaitFulfill(SynchronousQueue.java:460)
        at java.util.concurrent.SynchronousQueue$TransferStack.transfer(SynchronousQueue.java:362)
        at java.util.concurrent.SynchronousQueue.poll(SynchronousQueue.java:941)
        at java.util.concurrent.ThreadPoolExecutor.getTask(ThreadPoolExecutor.java:1073)
        at java.util.concurrent.ThreadPoolExecutor.runWorker(ThreadPoolExecutor.java:1134)
        at java.util.concurrent.ThreadPoolExecutor$Worker.run(ThreadPoolExecutor.java:624)
        at java.lang.Thread.run(Thread.java:750)
"Periodic HDDS volume checker" daemon prio=5 tid=4386 timed_waiting
java.lang.Thread.State: TIMED_WAITING
        at sun.misc.Unsafe.park(Native Method)
        at java.util.concurrent.locks.LockSupport.parkNanos(LockSupport.java:215)
        at java.util.concurrent.locks.AbstractQueuedSynchronizer$ConditionObject.awaitNanos(AbstractQueuedSynchronizer.java:2078)
        at java.util.concurrent.ScheduledThreadPoolExecutor$DelayedWorkQueue.take(ScheduledThreadPoolExecutor.java:1093)
        at java.util.concurrent.ScheduledThreadPoolExecutor$DelayedWorkQueue.take(ScheduledThreadPoolExecutor.java:809)
        at java.util.concurrent.ThreadPoolExecutor.getTask(ThreadPoolExecutor.java:1074)
        at java.util.concurrent.ThreadPoolExecutor.runWorker(ThreadPoolExecutor.java:1134)
        at java.util.concurrent.ThreadPoolExecutor$Worker.run(ThreadPoolExecutor.java:624)
        at java.lang.Thread.run(Thread.java:750)
"pool-2079-thread-1"  prio=5 tid=4801 in Object.wait()
java.lang.Thread.State: WAITING (on object monitor)
        at sun.misc.Unsafe.park(Native Method)
        at java.util.concurrent.locks.LockSupport.park(LockSupport.java:175)
        at java.util.concurrent.locks.AbstractQueuedSynchronizer$ConditionObject.await(AbstractQueuedSynchronizer.java:2039)
        at java.util.concurrent.LinkedBlockingQueue.take(LinkedBlockingQueue.java:442)
        at java.util.concurrent.ThreadPoolExecutor.getTask(ThreadPoolExecutor.java:1074)
        at java.util.concurrent.ThreadPoolExecutor.runWorker(ThreadPoolExecutor.java:1134)
        at java.util.concurrent.ThreadPoolExecutor$Worker.run(ThreadPoolExecutor.java:624)
        at java.lang.Thread.run(Thread.java:750)
"Datanode ReportManager Thread - 2" daemon prio=5 tid=5405 in Object.wait()
java.lang.Thread.State: WAITING (on object monitor)
        at sun.misc.Unsafe.park(Native Method)
        at java.util.concurrent.locks.LockSupport.park(LockSupport.java:175)
        at java.util.concurrent.locks.AbstractQueuedSynchronizer$ConditionObject.await(AbstractQueuedSynchronizer.java:2039)
        at java.util.concurrent.ScheduledThreadPoolExecutor$DelayedWorkQueue.take(ScheduledThreadPoolExecutor.java:1088)
        at java.util.concurrent.ScheduledThreadPoolExecutor$DelayedWorkQueue.take(ScheduledThreadPoolExecutor.java:809)
        at java.util.concurrent.ThreadPoolExecutor.getTask(ThreadPoolExecutor.java:1074)
        at java.util.concurrent.ThreadPoolExecutor.runWorker(ThreadPoolExecutor.java:1134)
        at java.util.concurrent.ThreadPoolExecutor$Worker.run(ThreadPoolExecutor.java:624)
        at java.lang.Thread.run(Thread.java:750)
"qtp1836398767-4519" daemon prio=5 tid=4519 timed_waiting
java.lang.Thread.State: TIMED_WAITING
        at sun.misc.Unsafe.park(Native Method)
        at java.util.concurrent.locks.LockSupport.parkNanos(LockSupport.java:215)
        at java.util.concurrent.locks.AbstractQueuedSynchronizer$ConditionObject.awaitNanos(AbstractQueuedSynchronizer.java:2078)
        at org.eclipse.jetty.util.BlockingArrayQueue.poll(BlockingArrayQueue.java:382)
        at org.eclipse.jetty.util.thread.QueuedThreadPool$Runner.idleJobPoll(QueuedThreadPool.java:974)
        at org.eclipse.jetty.util.thread.QueuedThreadPool$Runner.run(QueuedThreadPool.java:1018)
        at java.lang.Thread.run(Thread.java:750)
"qtp1689937595-4545" daemon prio=5 tid=4545 timed_waiting
java.lang.Thread.State: TIMED_WAITING
        at sun.misc.Unsafe.park(Native Method)
        at java.util.concurrent.locks.LockSupport.parkNanos(LockSupport.java:215)
        at java.util.concurrent.locks.AbstractQueuedSynchronizer$ConditionObject.awaitNanos(AbstractQueuedSynchronizer.java:2078)
        at org.eclipse.jetty.util.BlockingArrayQueue.poll(BlockingArrayQueue.java:382)
        at org.eclipse.jetty.util.thread.QueuedThreadPool$Runner.idleJobPoll(QueuedThreadPool.java:974)
        at org.eclipse.jetty.util.thread.QueuedThreadPool$Runner.run(QueuedThreadPool.java:1018)
        at java.lang.Thread.run(Thread.java:750)
"qtp220272310-4448" daemon prio=5 tid=4448 timed_waiting
java.lang.Thread.State: TIMED_WAITING
        at sun.misc.Unsafe.park(Native Method)
        at java.util.concurrent.locks.LockSupport.parkNanos(LockSupport.java:215)
        at java.util.concurrent.locks.AbstractQueuedSynchronizer$ConditionObject.awaitNanos(AbstractQueuedSynchronizer.java:2078)
        at org.eclipse.jetty.util.BlockingArrayQueue.poll(BlockingArrayQueue.java:382)
        at org.eclipse.jetty.util.thread.QueuedThreadPool$Runner.idleJobPoll(QueuedThreadPool.java:974)
        at org.eclipse.jetty.util.thread.QueuedThreadPool$Runner.run(QueuedThreadPool.java:1018)
        at java.lang.Thread.run(Thread.java:750)
"IPC Server listener on 0" daemon prio=5 tid=5048 runnable
java.lang.Thread.State: RUNNABLE
        at sun.nio.ch.EPollArrayWrapper.epollWait(Native Method)
        at sun.nio.ch.EPollArrayWrapper.poll(EPollArrayWrapper.java:269)
        at sun.nio.ch.EPollSelectorImpl.doSelect(EPollSelectorImpl.java:93)
        at sun.nio.ch.SelectorImpl.lockAndDoSelect(SelectorImpl.java:86)
        at sun.nio.ch.SelectorImpl.select(SelectorImpl.java:97)
        at sun.nio.ch.SelectorImpl.select(SelectorImpl.java:101)
        at org.apache.hadoop.ipc.Server$Listener.run(Server.java:1358)
"Datanode State Machine Task Thread - 0"  prio=5 tid=5337 in Object.wait()
java.lang.Thread.State: WAITING (on object monitor)
        at sun.misc.Unsafe.park(Native Method)
        at java.util.concurrent.locks.LockSupport.park(LockSupport.java:175)
        at java.util.concurrent.locks.AbstractQueuedSynchronizer$ConditionObject.await(AbstractQueuedSynchronizer.java:2039)
        at java.util.concurrent.LinkedBlockingQueue.take(LinkedBlockingQueue.java:442)
        at java.util.concurrent.ThreadPoolExecutor.getTask(ThreadPoolExecutor.java:1074)
        at java.util.concurrent.ThreadPoolExecutor.runWorker(ThreadPoolExecutor.java:1134)
        at java.util.concurrent.ThreadPoolExecutor$Worker.run(ThreadPoolExecutor.java:624)
        at java.lang.Thread.run(Thread.java:750)
"qtp1525027227-6168" daemon prio=5 tid=6168 timed_waiting
java.lang.Thread.State: TIMED_WAITING
        at sun.misc.Unsafe.park(Native Method)
        at java.util.concurrent.locks.LockSupport.parkNanos(LockSupport.java:215)
        at java.util.concurrent.locks.AbstractQueuedSynchronizer$ConditionObject.awaitNanos(AbstractQueuedSynchronizer.java:2078)
        at org.eclipse.jetty.util.BlockingArrayQueue.poll(BlockingArrayQueue.java:382)
        at org.eclipse.jetty.util.thread.QueuedThreadPool$Runner.idleJobPoll(QueuedThreadPool.java:974)
        at org.eclipse.jetty.util.thread.QueuedThreadPool$Runner.run(QueuedThreadPool.java:1018)
        at java.lang.Thread.run(Thread.java:750)
"d13833ec-6fbd-42ed-a302-e7305c989f4f@group-84A159281B42-SegmentedRaftLogWorker"  prio=5 tid=5752 timed_waiting
java.lang.Thread.State: TIMED_WAITING
        at sun.misc.Unsafe.park(Native Method)
        at java.util.concurrent.locks.LockSupport.parkNanos(LockSupport.java:215)
        at java.util.concurrent.locks.AbstractQueuedSynchronizer$ConditionObject.awaitNanos(AbstractQueuedSynchronizer.java:2078)
        at org.apache.ratis.util.DataBlockingQueue.poll(DataBlockingQueue.java:148)
        at org.apache.ratis.server.raftlog.segmented.SegmentedRaftLogWorker.run(SegmentedRaftLogWorker.java:310)
        at org.apache.ratis.server.raftlog.segmented.SegmentedRaftLogWorker$$Lambda$699/1565409370.run(Unknown Source)
        at java.lang.Thread.run(Thread.java:750)
"ChunkWriter-0-0" daemon prio=5 tid=5572 in Object.wait()
java.lang.Thread.State: WAITING (on object monitor)
        at sun.misc.Unsafe.park(Native Method)
        at java.util.concurrent.locks.LockSupport.park(LockSupport.java:175)
        at java.util.concurrent.locks.AbstractQueuedSynchronizer$ConditionObject.await(AbstractQueuedSynchronizer.java:2039)
        at java.util.concurrent.LinkedBlockingDeque.takeFirst(LinkedBlockingDeque.java:492)
        at java.util.concurrent.LinkedBlockingDeque.take(LinkedBlockingDeque.java:680)
        at java.util.concurrent.ThreadPoolExecutor.getTask(ThreadPoolExecutor.java:1074)
        at java.util.concurrent.ThreadPoolExecutor.runWorker(ThreadPoolExecutor.java:1134)
        at java.util.concurrent.ThreadPoolExecutor$Worker.run(ThreadPoolExecutor.java:624)
        at java.lang.Thread.run(Thread.java:750)
"Datanode State Machine Task Thread - 1"  prio=5 tid=4678 in Object.wait()
java.lang.Thread.State: WAITING (on object monitor)
        at sun.misc.Unsafe.park(Native Method)
        at java.util.concurrent.locks.LockSupport.park(LockSupport.java:175)
        at java.util.concurrent.locks.AbstractQueuedSynchronizer$ConditionObject.await(AbstractQueuedSynchronizer.java:2039)
        at java.util.concurrent.LinkedBlockingQueue.take(LinkedBlockingQueue.java:442)
        at java.util.concurrent.ThreadPoolExecutor.getTask(ThreadPoolExecutor.java:1074)
        at java.util.concurrent.ThreadPoolExecutor.runWorker(ThreadPoolExecutor.java:1134)
        at java.util.concurrent.ThreadPoolExecutor$Worker.run(ThreadPoolExecutor.java:624)
        at java.lang.Thread.run(Thread.java:750)
"EventQueue-StartAdminOnNodeForStartDatanodeAdminHandler" daemon prio=5 tid=6181 in Object.wait()
java.lang.Thread.State: WAITING (on object monitor)
        at sun.misc.Unsafe.park(Native Method)
        at java.util.concurrent.locks.LockSupport.park(LockSupport.java:175)
        at java.util.concurrent.locks.AbstractQueuedSynchronizer$ConditionObject.await(AbstractQueuedSynchronizer.java:2039)
        at java.util.concurrent.LinkedBlockingQueue.take(LinkedBlockingQueue.java:442)
        at java.util.concurrent.ThreadPoolExecutor.getTask(ThreadPoolExecutor.java:1074)
        at java.util.concurrent.ThreadPoolExecutor.runWorker(ThreadPoolExecutor.java:1134)
        at java.util.concurrent.ThreadPoolExecutor$Worker.run(ThreadPoolExecutor.java:624)
        at java.lang.Thread.run(Thread.java:750)
"BlockDeletingService#0" daemon prio=5 tid=4637 in Object.wait()
java.lang.Thread.State: WAITING (on object monitor)
        at sun.misc.Unsafe.park(Native Method)
        at java.util.concurrent.locks.LockSupport.park(LockSupport.java:175)
        at java.util.concurrent.locks.AbstractQueuedSynchronizer$ConditionObject.await(AbstractQueuedSynchronizer.java:2039)
        at java.util.concurrent.ScheduledThreadPoolExecutor$DelayedWorkQueue.take(ScheduledThreadPoolExecutor.java:1088)
        at java.util.concurrent.ScheduledThreadPoolExecutor$DelayedWorkQueue.take(ScheduledThreadPoolExecutor.java:809)
        at java.util.concurrent.ThreadPoolExecutor.getTask(ThreadPoolExecutor.java:1074)
        at java.util.concurrent.ThreadPoolExecutor.runWorker(ThreadPoolExecutor.java:1134)
        at java.util.concurrent.ThreadPoolExecutor$Worker.run(ThreadPoolExecutor.java:624)
        at java.lang.Thread.run(Thread.java:750)
"pool-1975-thread-1"  prio=5 tid=4776 in Object.wait()
java.lang.Thread.State: WAITING (on object monitor)
        at sun.misc.Unsafe.park(Native Method)
        at java.util.concurrent.locks.LockSupport.park(LockSupport.java:175)
        at java.util.concurrent.locks.AbstractQueuedSynchronizer$ConditionObject.await(AbstractQueuedSynchronizer.java:2039)
        at java.util.concurrent.LinkedBlockingQueue.take(LinkedBlockingQueue.java:442)
        at java.util.concurrent.ThreadPoolExecutor.getTask(ThreadPoolExecutor.java:1074)
        at java.util.concurrent.ThreadPoolExecutor.runWorker(ThreadPoolExecutor.java:1134)
        at java.util.concurrent.ThreadPoolExecutor$Worker.run(ThreadPoolExecutor.java:624)
        at java.lang.Thread.run(Thread.java:750)
"ChunkWriter-3-0" daemon prio=5 tid=4707 in Object.wait()
java.lang.Thread.State: WAITING (on object monitor)
        at sun.misc.Unsafe.park(Native Method)
        at java.util.concurrent.locks.LockSupport.park(LockSupport.java:175)
        at java.util.concurrent.locks.AbstractQueuedSynchronizer$ConditionObject.await(AbstractQueuedSynchronizer.java:2039)
        at java.util.concurrent.LinkedBlockingDeque.takeFirst(LinkedBlockingDeque.java:492)
        at java.util.concurrent.LinkedBlockingDeque.take(LinkedBlockingDeque.java:680)
        at java.util.concurrent.ThreadPoolExecutor.getTask(ThreadPoolExecutor.java:1074)
        at java.util.concurrent.ThreadPoolExecutor.runWorker(ThreadPoolExecutor.java:1134)
        at java.util.concurrent.ThreadPoolExecutor$Worker.run(ThreadPoolExecutor.java:624)
        at java.lang.Thread.run(Thread.java:750)
"StaleRecoveringContainerScrubbingService#2" daemon prio=5 tid=6200 in Object.wait()
java.lang.Thread.State: WAITING (on object monitor)
        at sun.misc.Unsafe.park(Native Method)
        at java.util.concurrent.locks.LockSupport.park(LockSupport.java:175)
        at java.util.concurrent.locks.AbstractQueuedSynchronizer$ConditionObject.await(AbstractQueuedSynchronizer.java:2039)
        at java.util.concurrent.ScheduledThreadPoolExecutor$DelayedWorkQueue.take(ScheduledThreadPoolExecutor.java:1088)
        at java.util.concurrent.ScheduledThreadPoolExecutor$DelayedWorkQueue.take(ScheduledThreadPoolExecutor.java:809)
        at java.util.concurrent.ThreadPoolExecutor.getTask(ThreadPoolExecutor.java:1074)
        at java.util.concurrent.ThreadPoolExecutor.runWorker(ThreadPoolExecutor.java:1134)
        at java.util.concurrent.ThreadPoolExecutor$Worker.run(ThreadPoolExecutor.java:624)
        at java.lang.Thread.run(Thread.java:750)
"Datanode ReportManager Thread - 4" daemon prio=5 tid=5433 in Object.wait()
java.lang.Thread.State: WAITING (on object monitor)
        at sun.misc.Unsafe.park(Native Method)
        at java.util.concurrent.locks.LockSupport.park(LockSupport.java:175)
        at java.util.concurrent.locks.AbstractQueuedSynchronizer$ConditionObject.await(AbstractQueuedSynchronizer.java:2039)
        at java.util.concurrent.ScheduledThreadPoolExecutor$DelayedWorkQueue.take(ScheduledThreadPoolExecutor.java:1088)
        at java.util.concurrent.ScheduledThreadPoolExecutor$DelayedWorkQueue.take(ScheduledThreadPoolExecutor.java:809)
        at java.util.concurrent.ThreadPoolExecutor.getTask(ThreadPoolExecutor.java:1074)
        at java.util.concurrent.ThreadPoolExecutor.runWorker(ThreadPoolExecutor.java:1134)
        at java.util.concurrent.ThreadPoolExecutor$Worker.run(ThreadPoolExecutor.java:624)
        at java.lang.Thread.run(Thread.java:750)
"StaleRecoveringContainerScrubbingService#0" daemon prio=5 tid=4638 in Object.wait()
java.lang.Thread.State: WAITING (on object monitor)
        at sun.misc.Unsafe.park(Native Method)
        at java.util.concurrent.locks.LockSupport.park(LockSupport.java:175)
        at java.util.concurrent.locks.AbstractQueuedSynchronizer$ConditionObject.await(AbstractQueuedSynchronizer.java:2039)
        at java.util.concurrent.ScheduledThreadPoolExecutor$DelayedWorkQueue.take(ScheduledThreadPoolExecutor.java:1088)
        at java.util.concurrent.ScheduledThreadPoolExecutor$DelayedWorkQueue.take(ScheduledThreadPoolExecutor.java:809)
        at java.util.concurrent.ThreadPoolExecutor.getTask(ThreadPoolExecutor.java:1074)
        at java.util.concurrent.ThreadPoolExecutor.runWorker(ThreadPoolExecutor.java:1134)
        at java.util.concurrent.ThreadPoolExecutor$Worker.run(ThreadPoolExecutor.java:624)
        at java.lang.Thread.run(Thread.java:750)
"Socket Reader #1 for port 45167"  prio=5 tid=6076 runnable
java.lang.Thread.State: RUNNABLE
        at sun.nio.ch.EPollArrayWrapper.epollWait(Native Method)
        at sun.nio.ch.EPollArrayWrapper.poll(EPollArrayWrapper.java:269)
        at sun.nio.ch.EPollSelectorImpl.doSelect(EPollSelectorImpl.java:93)
        at sun.nio.ch.SelectorImpl.lockAndDoSelect(SelectorImpl.java:86)
        at sun.nio.ch.SelectorImpl.select(SelectorImpl.java:97)
        at sun.nio.ch.SelectorImpl.select(SelectorImpl.java:101)
        at org.apache.hadoop.ipc.Server$Listener$Reader.doRunLoop(Server.java:1296)
        at org.apache.hadoop.ipc.Server$Listener$Reader.run(Server.java:1275)
"306b0233-9b66-40d1-a9dc-d79985930e36@group-83EB863786C4-LeaderStateImpl" daemon prio=5 tid=4908 timed_waiting
java.lang.Thread.State: TIMED_WAITING
        at sun.misc.Unsafe.park(Native Method)
        at java.util.concurrent.locks.LockSupport.parkNanos(LockSupport.java:215)
        at java.util.concurrent.locks.AbstractQueuedSynchronizer$ConditionObject.awaitNanos(AbstractQueuedSynchronizer.java:2078)
        at java.util.concurrent.ArrayBlockingQueue.poll(ArrayBlockingQueue.java:418)
        at org.apache.ratis.server.impl.LeaderStateImpl$EventQueue.poll(LeaderStateImpl.java:159)
        at org.apache.ratis.server.impl.LeaderStateImpl$EventProcessor.run(LeaderStateImpl.java:630)
"IPC Server handler 15 on default port 39971" daemon prio=5 tid=6111 timed_waiting
java.lang.Thread.State: TIMED_WAITING
        at sun.misc.Unsafe.park(Native Method)
        at java.util.concurrent.locks.LockSupport.parkNanos(LockSupport.java:215)
        at java.util.concurrent.locks.AbstractQueuedSynchronizer$ConditionObject.awaitNanos(AbstractQueuedSynchronizer.java:2078)
        at java.util.concurrent.LinkedBlockingQueue.poll(LinkedBlockingQueue.java:467)
        at org.apache.hadoop.ipc.CallQueueManager.take(CallQueueManager.java:317)
        at org.apache.hadoop.ipc.Server$Handler.run(Server.java:2942)
"DataNode DiskChecker thread 0" daemon prio=5 tid=5371 timed_waiting
java.lang.Thread.State: TIMED_WAITING
        at sun.misc.Unsafe.park(Native Method)
        at java.util.concurrent.locks.LockSupport.parkNanos(LockSupport.java:215)
        at java.util.concurrent.SynchronousQueue$TransferStack.awaitFulfill(SynchronousQueue.java:460)
        at java.util.concurrent.SynchronousQueue$TransferStack.transfer(SynchronousQueue.java:362)
        at java.util.concurrent.SynchronousQueue.poll(SynchronousQueue.java:941)
        at java.util.concurrent.ThreadPoolExecutor.getTask(ThreadPoolExecutor.java:1073)
        at java.util.concurrent.ThreadPoolExecutor.runWorker(ThreadPoolExecutor.java:1134)
        at java.util.concurrent.ThreadPoolExecutor$Worker.run(ThreadPoolExecutor.java:624)
        at java.lang.Thread.run(Thread.java:750)
"IPC Server handler 14 on default port 41047" daemon prio=5 tid=6153 timed_waiting
java.lang.Thread.State: TIMED_WAITING
        at sun.misc.Unsafe.park(Native Method)
        at java.util.concurrent.locks.LockSupport.parkNanos(LockSupport.java:215)
        at java.util.concurrent.locks.AbstractQueuedSynchronizer$ConditionObject.awaitNanos(AbstractQueuedSynchronizer.java:2078)
        at java.util.concurrent.LinkedBlockingQueue.poll(LinkedBlockingQueue.java:467)
        at org.apache.hadoop.ipc.CallQueueManager.take(CallQueueManager.java:317)
        at org.apache.hadoop.ipc.Server$Handler.run(Server.java:2942)
"IPC Server handler 4 on default port 45167" daemon prio=5 tid=6120 timed_waiting
java.lang.Thread.State: TIMED_WAITING
        at sun.misc.Unsafe.park(Native Method)
        at java.util.concurrent.locks.LockSupport.parkNanos(LockSupport.java:215)
        at java.util.concurrent.locks.AbstractQueuedSynchronizer$ConditionObject.awaitNanos(AbstractQueuedSynchronizer.java:2078)
        at java.util.concurrent.LinkedBlockingQueue.poll(LinkedBlockingQueue.java:467)
        at org.apache.hadoop.ipc.CallQueueManager.take(CallQueueManager.java:317)
        at org.apache.hadoop.ipc.Server$Handler.run(Server.java:2942)
"Socket Reader #1 for port 0"  prio=5 tid=5045 runnable
java.lang.Thread.State: RUNNABLE
        at sun.nio.ch.EPollArrayWrapper.epollWait(Native Method)
        at sun.nio.ch.EPollArrayWrapper.poll(EPollArrayWrapper.java:269)
        at sun.nio.ch.EPollSelectorImpl.doSelect(EPollSelectorImpl.java:93)
        at sun.nio.ch.SelectorImpl.lockAndDoSelect(SelectorImpl.java:86)
        at sun.nio.ch.SelectorImpl.select(SelectorImpl.java:97)
        at sun.nio.ch.SelectorImpl.select(SelectorImpl.java:101)
        at org.apache.hadoop.ipc.Server$Listener$Reader.doRunLoop(Server.java:1296)
        at org.apache.hadoop.ipc.Server$Listener$Reader.run(Server.java:1275)
"qtp1824915848-4400" daemon prio=5 tid=4400 timed_waiting
java.lang.Thread.State: TIMED_WAITING
        at sun.misc.Unsafe.park(Native Method)
        at java.util.concurrent.locks.LockSupport.parkNanos(LockSupport.java:215)
        at java.util.concurrent.locks.AbstractQueuedSynchronizer$ConditionObject.awaitNanos(AbstractQueuedSynchronizer.java:2078)
        at org.eclipse.jetty.util.BlockingArrayQueue.poll(BlockingArrayQueue.java:382)
        at org.eclipse.jetty.util.thread.QueuedThreadPool$Runner.idleJobPoll(QueuedThreadPool.java:974)
        at org.eclipse.jetty.util.thread.QueuedThreadPool$Runner.run(QueuedThreadPool.java:1018)
        at java.lang.Thread.run(Thread.java:750)
"org.apache.hadoop.ozone.container.common.statemachine.commandhandler.DeleteBlocksCommandHandler$DeleteCmdWorker@2b132df0" daemon prio=5 tid=5417 timed_waiting
java.lang.Thread.State: TIMED_WAITING
        at java.lang.Thread.sleep(Native Method)
        at org.apache.hadoop.ozone.container.common.statemachine.commandhandler.DeleteBlocksCommandHandler$DeleteCmdWorker.run(DeleteBlocksCommandHandler.java:184)
        at java.lang.Thread.run(Thread.java:750)
"IPC Server handler 16 on default port 45167" daemon prio=5 tid=6132 timed_waiting
java.lang.Thread.State: TIMED_WAITING
        at sun.misc.Unsafe.park(Native Method)
        at java.util.concurrent.locks.LockSupport.parkNanos(LockSupport.java:215)
        at java.util.concurrent.locks.AbstractQueuedSynchronizer$ConditionObject.awaitNanos(AbstractQueuedSynchronizer.java:2078)
        at java.util.concurrent.LinkedBlockingQueue.poll(LinkedBlockingQueue.java:467)
        at org.apache.hadoop.ipc.CallQueueManager.take(CallQueueManager.java:317)
        at org.apache.hadoop.ipc.Server$Handler.run(Server.java:2942)
"IPC Server handler 7 on default port 39971" daemon prio=5 tid=6103 timed_waiting
java.lang.Thread.State: TIMED_WAITING
        at sun.misc.Unsafe.park(Native Method)
        at java.util.concurrent.locks.LockSupport.parkNanos(LockSupport.java:215)
        at java.util.concurrent.locks.AbstractQueuedSynchronizer$ConditionObject.awaitNanos(AbstractQueuedSynchronizer.java:2078)
        at java.util.concurrent.LinkedBlockingQueue.poll(LinkedBlockingQueue.java:467)
        at org.apache.hadoop.ipc.CallQueueManager.take(CallQueueManager.java:317)
        at org.apache.hadoop.ipc.Server$Handler.run(Server.java:2942)
"Datanode ReportManager Thread - 4" daemon prio=5 tid=5407 in Object.wait()
java.lang.Thread.State: WAITING (on object monitor)
        at sun.misc.Unsafe.park(Native Method)
        at java.util.concurrent.locks.LockSupport.park(LockSupport.java:175)
        at java.util.concurrent.locks.AbstractQueuedSynchronizer$ConditionObject.await(AbstractQueuedSynchronizer.java:2039)
        at java.util.concurrent.ScheduledThreadPoolExecutor$DelayedWorkQueue.take(ScheduledThreadPoolExecutor.java:1088)
        at java.util.concurrent.ScheduledThreadPoolExecutor$DelayedWorkQueue.take(ScheduledThreadPoolExecutor.java:809)
        at java.util.concurrent.ThreadPoolExecutor.getTask(ThreadPoolExecutor.java:1074)
        at java.util.concurrent.ThreadPoolExecutor.runWorker(ThreadPoolExecutor.java:1134)
        at java.util.concurrent.ThreadPoolExecutor$Worker.run(ThreadPoolExecutor.java:624)
        at java.lang.Thread.run(Thread.java:750)
"ChunkWriter-3-0" daemon prio=5 tid=4695 in Object.wait()
java.lang.Thread.State: WAITING (on object monitor)
        at sun.misc.Unsafe.park(Native Method)
        at java.util.concurrent.locks.LockSupport.park(LockSupport.java:175)
        at java.util.concurrent.locks.AbstractQueuedSynchronizer$ConditionObject.await(AbstractQueuedSynchronizer.java:2039)
        at java.util.concurrent.LinkedBlockingDeque.takeFirst(LinkedBlockingDeque.java:492)
        at java.util.concurrent.LinkedBlockingDeque.take(LinkedBlockingDeque.java:680)
        at java.util.concurrent.ThreadPoolExecutor.getTask(ThreadPoolExecutor.java:1074)
        at java.util.concurrent.ThreadPoolExecutor.runWorker(ThreadPoolExecutor.java:1134)
        at java.util.concurrent.ThreadPoolExecutor$Worker.run(ThreadPoolExecutor.java:624)
        at java.lang.Thread.run(Thread.java:750)
"Datanode ReportManager Thread - 4" daemon prio=5 tid=5509 in Object.wait()
java.lang.Thread.State: WAITING (on object monitor)
        at sun.misc.Unsafe.park(Native Method)
        at java.util.concurrent.locks.LockSupport.park(LockSupport.java:175)
        at java.util.concurrent.locks.AbstractQueuedSynchronizer$ConditionObject.await(AbstractQueuedSynchronizer.java:2039)
        at java.util.concurrent.ScheduledThreadPoolExecutor$DelayedWorkQueue.take(ScheduledThreadPoolExecutor.java:1088)
        at java.util.concurrent.ScheduledThreadPoolExecutor$DelayedWorkQueue.take(ScheduledThreadPoolExecutor.java:809)
        at java.util.concurrent.ThreadPoolExecutor.getTask(ThreadPoolExecutor.java:1074)
        at java.util.concurrent.ThreadPoolExecutor.runWorker(ThreadPoolExecutor.java:1134)
        at java.util.concurrent.ThreadPoolExecutor$Worker.run(ThreadPoolExecutor.java:624)
        at java.lang.Thread.run(Thread.java:750)
"EventQueue-PipelineReportForPipelineReportHandler" daemon prio=5 tid=5532 in Object.wait()
java.lang.Thread.State: WAITING (on object monitor)
        at sun.misc.Unsafe.park(Native Method)
        at java.util.concurrent.locks.LockSupport.park(LockSupport.java:175)
        at java.util.concurrent.locks.AbstractQueuedSynchronizer$ConditionObject.await(AbstractQueuedSynchronizer.java:2039)
        at java.util.concurrent.LinkedBlockingQueue.take(LinkedBlockingQueue.java:442)
        at java.util.concurrent.ThreadPoolExecutor.getTask(ThreadPoolExecutor.java:1074)
        at java.util.concurrent.ThreadPoolExecutor.runWorker(ThreadPoolExecutor.java:1134)
        at java.util.concurrent.ThreadPoolExecutor$Worker.run(ThreadPoolExecutor.java:624)
        at java.lang.Thread.run(Thread.java:750)
"Datanode ReportManager Thread - 1" daemon prio=5 tid=4562 in Object.wait()
java.lang.Thread.State: WAITING (on object monitor)
        at sun.misc.Unsafe.park(Native Method)
        at java.util.concurrent.locks.LockSupport.park(LockSupport.java:175)
        at java.util.concurrent.locks.AbstractQueuedSynchronizer$ConditionObject.await(AbstractQueuedSynchronizer.java:2039)
        at java.util.concurrent.ScheduledThreadPoolExecutor$DelayedWorkQueue.take(ScheduledThreadPoolExecutor.java:1088)
        at java.util.concurrent.ScheduledThreadPoolExecutor$DelayedWorkQueue.take(ScheduledThreadPoolExecutor.java:809)
        at java.util.concurrent.ThreadPoolExecutor.getTask(ThreadPoolExecutor.java:1074)
        at java.util.concurrent.ThreadPoolExecutor.runWorker(ThreadPoolExecutor.java:1134)
        at java.util.concurrent.ThreadPoolExecutor$Worker.run(ThreadPoolExecutor.java:624)
        at java.lang.Thread.run(Thread.java:750)
"f9a60067-2236-4cd7-b231-4cb6898cc822@group-84A159281B42-SegmentedRaftLogWorker"  prio=5 tid=5743 timed_waiting
java.lang.Thread.State: TIMED_WAITING
        at sun.misc.Unsafe.park(Native Method)
        at java.util.concurrent.locks.LockSupport.parkNanos(LockSupport.java:215)
        at java.util.concurrent.locks.AbstractQueuedSynchronizer$ConditionObject.awaitNanos(AbstractQueuedSynchronizer.java:2078)
        at org.apache.ratis.util.DataBlockingQueue.poll(DataBlockingQueue.java:148)
        at org.apache.ratis.server.raftlog.segmented.SegmentedRaftLogWorker.run(SegmentedRaftLogWorker.java:310)
        at org.apache.ratis.server.raftlog.segmented.SegmentedRaftLogWorker$$Lambda$699/1565409370.run(Unknown Source)
        at java.lang.Thread.run(Thread.java:750)
"IPC Server handler 6 on default port 39971" daemon prio=5 tid=6102 timed_waiting
java.lang.Thread.State: TIMED_WAITING
        at sun.misc.Unsafe.park(Native Method)
        at java.util.concurrent.locks.LockSupport.parkNanos(LockSupport.java:215)
        at java.util.concurrent.locks.AbstractQueuedSynchronizer$ConditionObject.awaitNanos(AbstractQueuedSynchronizer.java:2078)
        at java.util.concurrent.LinkedBlockingQueue.poll(LinkedBlockingQueue.java:467)
        at org.apache.hadoop.ipc.CallQueueManager.take(CallQueueManager.java:317)
        at org.apache.hadoop.ipc.Server$Handler.run(Server.java:2942)
"ChunkWriter-1-0" daemon prio=5 tid=5495 in Object.wait()
java.lang.Thread.State: WAITING (on object monitor)
        at sun.misc.Unsafe.park(Native Method)
        at java.util.concurrent.locks.LockSupport.park(LockSupport.java:175)
        at java.util.concurrent.locks.AbstractQueuedSynchronizer$ConditionObject.await(AbstractQueuedSynchronizer.java:2039)
        at java.util.concurrent.LinkedBlockingDeque.takeFirst(LinkedBlockingDeque.java:492)
        at java.util.concurrent.LinkedBlockingDeque.take(LinkedBlockingDeque.java:680)
        at java.util.concurrent.ThreadPoolExecutor.getTask(ThreadPoolExecutor.java:1074)
        at java.util.concurrent.ThreadPoolExecutor.runWorker(ThreadPoolExecutor.java:1134)
        at java.util.concurrent.ThreadPoolExecutor$Worker.run(ThreadPoolExecutor.java:624)
        at java.lang.Thread.run(Thread.java:750)
"org.apache.hadoop.ozone.container.common.statemachine.commandhandler.DeleteBlocksCommandHandler$DeleteCmdWorker@651cd81b" daemon prio=5 tid=4392 timed_waiting
java.lang.Thread.State: TIMED_WAITING
        at java.lang.Thread.sleep(Native Method)
        at org.apache.hadoop.ozone.container.common.statemachine.commandhandler.DeleteBlocksCommandHandler$DeleteCmdWorker.run(DeleteBlocksCommandHandler.java:184)
        at java.lang.Thread.run(Thread.java:750)
"Datanode State Machine Daemon Thread" daemon prio=5 tid=5329 timed_waiting
java.lang.Thread.State: TIMED_WAITING
        at java.lang.Thread.sleep(Native Method)
        at org.apache.hadoop.ozone.container.common.statemachine.DatanodeStateMachine.startStateMachineThread(DatanodeStateMachine.java:321)
        at org.apache.hadoop.ozone.container.common.statemachine.DatanodeStateMachine.lambda$startDaemon$0(DatanodeStateMachine.java:506)
        at org.apache.hadoop.ozone.container.common.statemachine.DatanodeStateMachine$$Lambda$785/1058385645.run(Unknown Source)
        at java.lang.Thread.run(Thread.java:750)
"PartialTableCache Cleanup Thread - 0" daemon prio=5 tid=4926 in Object.wait()
java.lang.Thread.State: WAITING (on object monitor)
        at sun.misc.Unsafe.park(Native Method)
        at java.util.concurrent.locks.LockSupport.park(LockSupport.java:175)
        at java.util.concurrent.locks.AbstractQueuedSynchronizer$ConditionObject.await(AbstractQueuedSynchronizer.java:2039)
        at java.util.concurrent.LinkedBlockingQueue.take(LinkedBlockingQueue.java:442)
        at java.util.concurrent.ThreadPoolExecutor.getTask(ThreadPoolExecutor.java:1074)
        at java.util.concurrent.ThreadPoolExecutor.runWorker(ThreadPoolExecutor.java:1134)
        at java.util.concurrent.ThreadPoolExecutor$Worker.run(ThreadPoolExecutor.java:624)
        at java.lang.Thread.run(Thread.java:750)
"ChunkWriter-1-0" daemon prio=5 tid=5549 in Object.wait()
java.lang.Thread.State: WAITING (on object monitor)
        at sun.misc.Unsafe.park(Native Method)
        at java.util.concurrent.locks.LockSupport.park(LockSupport.java:175)
        at java.util.concurrent.locks.AbstractQueuedSynchronizer$ConditionObject.await(AbstractQueuedSynchronizer.java:2039)
        at java.util.concurrent.LinkedBlockingDeque.takeFirst(LinkedBlockingDeque.java:492)
        at java.util.concurrent.LinkedBlockingDeque.take(LinkedBlockingDeque.java:680)
        at java.util.concurrent.ThreadPoolExecutor.getTask(ThreadPoolExecutor.java:1074)
        at java.util.concurrent.ThreadPoolExecutor.runWorker(ThreadPoolExecutor.java:1134)
        at java.util.concurrent.ThreadPoolExecutor$Worker.run(ThreadPoolExecutor.java:624)
        at java.lang.Thread.run(Thread.java:750)
"IPC Server handler 14 on default port 37589" daemon prio=5 tid=5124 timed_waiting
java.lang.Thread.State: TIMED_WAITING
        at sun.misc.Unsafe.park(Native Method)
        at java.util.concurrent.locks.LockSupport.parkNanos(LockSupport.java:215)
        at java.util.concurrent.locks.AbstractQueuedSynchronizer$ConditionObject.awaitNanos(AbstractQueuedSynchronizer.java:2078)
        at java.util.concurrent.LinkedBlockingQueue.poll(LinkedBlockingQueue.java:467)
        at org.apache.hadoop.ipc.CallQueueManager.take(CallQueueManager.java:317)
        at org.apache.hadoop.ipc.Server$Handler.run(Server.java:2942)
"StaleRecoveringContainerScrubbingService#1" daemon prio=5 tid=4757 timed_waiting
java.lang.Thread.State: TIMED_WAITING
        at sun.misc.Unsafe.park(Native Method)
        at java.util.concurrent.locks.LockSupport.parkNanos(LockSupport.java:215)
        at java.util.concurrent.locks.AbstractQueuedSynchronizer$ConditionObject.awaitNanos(AbstractQueuedSynchronizer.java:2078)
        at java.util.concurrent.ScheduledThreadPoolExecutor$DelayedWorkQueue.take(ScheduledThreadPoolExecutor.java:1093)
        at java.util.concurrent.ScheduledThreadPoolExecutor$DelayedWorkQueue.take(ScheduledThreadPoolExecutor.java:809)
        at java.util.concurrent.ThreadPoolExecutor.getTask(ThreadPoolExecutor.java:1074)
        at java.util.concurrent.ThreadPoolExecutor.runWorker(ThreadPoolExecutor.java:1134)
        at java.util.concurrent.ThreadPoolExecutor$Worker.run(ThreadPoolExecutor.java:624)
        at java.lang.Thread.run(Thread.java:750)
"ContainerReplicationThread-0" daemon prio=5 tid=6202 in Object.wait()
java.lang.Thread.State: WAITING (on object monitor)
        at sun.misc.Unsafe.park(Native Method)
        at java.util.concurrent.locks.LockSupport.park(LockSupport.java:175)
        at java.util.concurrent.locks.AbstractQueuedSynchronizer$ConditionObject.await(AbstractQueuedSynchronizer.java:2039)
        at java.util.concurrent.LinkedBlockingQueue.take(LinkedBlockingQueue.java:442)
        at java.util.concurrent.ThreadPoolExecutor.getTask(ThreadPoolExecutor.java:1074)
        at java.util.concurrent.ThreadPoolExecutor.runWorker(ThreadPoolExecutor.java:1134)
        at java.util.concurrent.ThreadPoolExecutor$Worker.run(ThreadPoolExecutor.java:624)
        at java.lang.Thread.run(Thread.java:750)
"qtp1148868906-4651" daemon prio=5 tid=4651 timed_waiting
java.lang.Thread.State: TIMED_WAITING
        at sun.misc.Unsafe.park(Native Method)
        at java.util.concurrent.locks.LockSupport.parkNanos(LockSupport.java:215)
        at java.util.concurrent.locks.AbstractQueuedSynchronizer$ConditionObject.awaitNanos(AbstractQueuedSynchronizer.java:2078)
        at org.eclipse.jetty.util.BlockingArrayQueue.poll(BlockingArrayQueue.java:382)
        at org.eclipse.jetty.util.thread.QueuedThreadPool$Runner.idleJobPoll(QueuedThreadPool.java:974)
        at org.eclipse.jetty.util.thread.QueuedThreadPool$Runner.run(QueuedThreadPool.java:1018)
        at java.lang.Thread.run(Thread.java:750)
"RatisPipelineUtilsThread - 0"  prio=5 tid=6063 timed_waiting
java.lang.Thread.State: TIMED_WAITING
        at java.lang.Object.wait(Native Method)
        at org.apache.hadoop.hdds.scm.pipeline.BackgroundPipelineCreator.run(BackgroundPipelineCreator.java:176)
        at org.apache.hadoop.hdds.scm.pipeline.BackgroundPipelineCreator$$Lambda$406/1139904582.run(Unknown Source)
        at java.lang.Thread.run(Thread.java:750)
"Datanode ReportManager Thread - 2" daemon prio=5 tid=5358 timed_waiting
java.lang.Thread.State: TIMED_WAITING
        at sun.misc.Unsafe.park(Native Method)
        at java.util.concurrent.locks.LockSupport.parkNanos(LockSupport.java:215)
        at java.util.concurrent.locks.AbstractQueuedSynchronizer$ConditionObject.awaitNanos(AbstractQueuedSynchronizer.java:2078)
        at java.util.concurrent.ScheduledThreadPoolExecutor$DelayedWorkQueue.take(ScheduledThreadPoolExecutor.java:1093)
        at java.util.concurrent.ScheduledThreadPoolExecutor$DelayedWorkQueue.take(ScheduledThreadPoolExecutor.java:809)
        at java.util.concurrent.ThreadPoolExecutor.getTask(ThreadPoolExecutor.java:1074)
        at java.util.concurrent.ThreadPoolExecutor.runWorker(ThreadPoolExecutor.java:1134)
        at java.util.concurrent.ThreadPoolExecutor$Worker.run(ThreadPoolExecutor.java:624)
        at java.lang.Thread.run(Thread.java:750)
"Datanode ReportManager Thread - 3" daemon prio=5 tid=5359 in Object.wait()
java.lang.Thread.State: WAITING (on object monitor)
        at sun.misc.Unsafe.park(Native Method)
        at java.util.concurrent.locks.LockSupport.park(LockSupport.java:175)
        at java.util.concurrent.locks.AbstractQueuedSynchronizer$ConditionObject.await(AbstractQueuedSynchronizer.java:2039)
        at java.util.concurrent.ScheduledThreadPoolExecutor$DelayedWorkQueue.take(ScheduledThreadPoolExecutor.java:1088)
        at java.util.concurrent.ScheduledThreadPoolExecutor$DelayedWorkQueue.take(ScheduledThreadPoolExecutor.java:809)
        at java.util.concurrent.ThreadPoolExecutor.getTask(ThreadPoolExecutor.java:1074)
        at java.util.concurrent.ThreadPoolExecutor.runWorker(ThreadPoolExecutor.java:1134)
        at java.util.concurrent.ThreadPoolExecutor$Worker.run(ThreadPoolExecutor.java:624)
        at java.lang.Thread.run(Thread.java:750)
"IPC Server handler 5 on default port 36229" daemon prio=5 tid=5074 timed_waiting
java.lang.Thread.State: TIMED_WAITING
        at sun.misc.Unsafe.park(Native Method)
        at java.util.concurrent.locks.LockSupport.parkNanos(LockSupport.java:215)
        at java.util.concurrent.locks.AbstractQueuedSynchronizer$ConditionObject.awaitNanos(AbstractQueuedSynchronizer.java:2078)
        at java.util.concurrent.LinkedBlockingQueue.poll(LinkedBlockingQueue.java:467)
        at org.apache.hadoop.ipc.CallQueueManager.take(CallQueueManager.java:317)
        at org.apache.hadoop.ipc.Server$Handler.run(Server.java:2942)
"IPC Server Responder" daemon prio=5 tid=5056 runnable
java.lang.Thread.State: RUNNABLE
        at sun.nio.ch.EPollArrayWrapper.epollWait(Native Method)
        at sun.nio.ch.EPollArrayWrapper.poll(EPollArrayWrapper.java:269)
        at sun.nio.ch.EPollSelectorImpl.doSelect(EPollSelectorImpl.java:93)
        at sun.nio.ch.SelectorImpl.lockAndDoSelect(SelectorImpl.java:86)
        at sun.nio.ch.SelectorImpl.select(SelectorImpl.java:97)
        at org.apache.hadoop.ipc.Server$Responder.doRunLoop(Server.java:1532)
        at org.apache.hadoop.ipc.Server$Responder.run(Server.java:1515)
"pool-2072-thread-1" daemon prio=5 tid=4572 timed_waiting
java.lang.Thread.State: TIMED_WAITING
        at sun.misc.Unsafe.park(Native Method)
        at java.util.concurrent.locks.LockSupport.parkNanos(LockSupport.java:215)
        at java.util.concurrent.locks.AbstractQueuedSynchronizer$ConditionObject.awaitNanos(AbstractQueuedSynchronizer.java:2078)
        at java.util.concurrent.ScheduledThreadPoolExecutor$DelayedWorkQueue.take(ScheduledThreadPoolExecutor.java:1093)
        at java.util.concurrent.ScheduledThreadPoolExecutor$DelayedWorkQueue.take(ScheduledThreadPoolExecutor.java:809)
        at java.util.concurrent.ThreadPoolExecutor.getTask(ThreadPoolExecutor.java:1074)
        at java.util.concurrent.ThreadPoolExecutor.runWorker(ThreadPoolExecutor.java:1134)
        at java.util.concurrent.ThreadPoolExecutor$Worker.run(ThreadPoolExecutor.java:624)
        at java.lang.Thread.run(Thread.java:750)
"qtp1251079119-4351" daemon prio=5 tid=4351 timed_waiting
java.lang.Thread.State: TIMED_WAITING
        at sun.misc.Unsafe.park(Native Method)
        at java.util.concurrent.locks.LockSupport.parkNanos(LockSupport.java:215)
        at java.util.concurrent.locks.AbstractQueuedSynchronizer$ConditionObject.awaitNanos(AbstractQueuedSynchronizer.java:2078)
        at org.eclipse.jetty.util.BlockingArrayQueue.poll(BlockingArrayQueue.java:382)
        at org.eclipse.jetty.util.thread.QueuedThreadPool$Runner.idleJobPoll(QueuedThreadPool.java:974)
        at org.eclipse.jetty.util.thread.QueuedThreadPool$Runner.run(QueuedThreadPool.java:1018)
        at java.lang.Thread.run(Thread.java:750)
"EventQueue-DatanodeCommandQueueUpdatedForDatanodeCommandCountUpdatedHandler" daemon prio=5 tid=5691 in Object.wait()
java.lang.Thread.State: WAITING (on object monitor)
        at sun.misc.Unsafe.park(Native Method)
        at java.util.concurrent.locks.LockSupport.park(LockSupport.java:175)
        at java.util.concurrent.locks.AbstractQueuedSynchronizer$ConditionObject.await(AbstractQueuedSynchronizer.java:2039)
        at java.util.concurrent.LinkedBlockingQueue.take(LinkedBlockingQueue.java:442)
        at java.util.concurrent.ThreadPoolExecutor.getTask(ThreadPoolExecutor.java:1074)
        at java.util.concurrent.ThreadPoolExecutor.runWorker(ThreadPoolExecutor.java:1134)
        at java.util.concurrent.ThreadPoolExecutor$Worker.run(ThreadPoolExecutor.java:624)
        at java.lang.Thread.run(Thread.java:750)
"a4df1cd8-da8f-45ad-a02d-233f4b91e4ac-impl-thread1"  prio=5 tid=5442 timed_waiting
java.lang.Thread.State: TIMED_WAITING
        at sun.misc.Unsafe.park(Native Method)
        at java.util.concurrent.locks.LockSupport.parkNanos(LockSupport.java:215)
        at java.util.concurrent.SynchronousQueue$TransferStack.awaitFulfill(SynchronousQueue.java:460)
        at java.util.concurrent.SynchronousQueue$TransferStack.transfer(SynchronousQueue.java:362)
        at java.util.concurrent.SynchronousQueue.poll(SynchronousQueue.java:941)
        at java.util.concurrent.ThreadPoolExecutor.getTask(ThreadPoolExecutor.java:1073)
        at java.util.concurrent.ThreadPoolExecutor.runWorker(ThreadPoolExecutor.java:1134)
        at java.util.concurrent.ThreadPoolExecutor$Worker.run(ThreadPoolExecutor.java:624)
        at java.lang.Thread.run(Thread.java:750)
"JvmPauseMonitor55" daemon prio=5 tid=5540 timed_waiting
java.lang.Thread.State: TIMED_WAITING
        at java.lang.Thread.sleep(Native Method)
        at java.lang.Thread.sleep(Thread.java:342)
        at java.util.concurrent.TimeUnit.sleep(TimeUnit.java:386)
        at org.apache.ratis.util.TimeDuration.sleep(TimeDuration.java:325)
        at org.apache.ratis.util.TimeDuration.sleep(TimeDuration.java:310)
        at org.apache.ratis.util.JvmPauseMonitor.detectPause(JvmPauseMonitor.java:119)
        at org.apache.ratis.util.JvmPauseMonitor.run(JvmPauseMonitor.java:108)
        at org.apache.ratis.util.JvmPauseMonitor$$Lambda$740/613108676.run(Unknown Source)
        at java.lang.Thread.run(Thread.java:750)
"PartialTableCache Cleanup Thread - 0" daemon prio=5 tid=709 in Object.wait()
java.lang.Thread.State: WAITING (on object monitor)
        at sun.misc.Unsafe.park(Native Method)
        at java.util.concurrent.locks.LockSupport.park(LockSupport.java:175)
        at java.util.concurrent.locks.AbstractQueuedSynchronizer$ConditionObject.await(AbstractQueuedSynchronizer.java:2039)
        at java.util.concurrent.LinkedBlockingQueue.take(LinkedBlockingQueue.java:442)
        at java.util.concurrent.ThreadPoolExecutor.getTask(ThreadPoolExecutor.java:1074)
        at java.util.concurrent.ThreadPoolExecutor.runWorker(ThreadPoolExecutor.java:1134)
        at java.util.concurrent.ThreadPoolExecutor$Worker.run(ThreadPoolExecutor.java:624)
        at java.lang.Thread.run(Thread.java:750)
"qtp892092214-5346-acceptor-0@17ff5837-ServerConnector@53b305e1{HTTP/1.1, (http/1.1)}{0.0.0.0:41791}" daemon prio=3 tid=5346 runnable
java.lang.Thread.State: RUNNABLE
        at sun.nio.ch.ServerSocketChannelImpl.accept0(Native Method)
        at sun.nio.ch.ServerSocketChannelImpl.accept(ServerSocketChannelImpl.java:421)
        at sun.nio.ch.ServerSocketChannelImpl.accept(ServerSocketChannelImpl.java:249)
        at org.eclipse.jetty.server.ServerConnector.accept(ServerConnector.java:388)
        at org.eclipse.jetty.server.AbstractConnector$Acceptor.run(AbstractConnector.java:704)
        at org.eclipse.jetty.util.thread.QueuedThreadPool.runJob(QueuedThreadPool.java:883)
        at org.eclipse.jetty.util.thread.QueuedThreadPool$Runner.run(QueuedThreadPool.java:1034)
        at java.lang.Thread.run(Thread.java:750)
"StaleRecoveringContainerScrubbingService#0" daemon prio=5 tid=5501 timed_waiting
java.lang.Thread.State: TIMED_WAITING
        at sun.misc.Unsafe.park(Native Method)
        at java.util.concurrent.locks.LockSupport.parkNanos(LockSupport.java:215)
        at java.util.concurrent.locks.AbstractQueuedSynchronizer$ConditionObject.awaitNanos(AbstractQueuedSynchronizer.java:2078)
        at java.util.concurrent.ScheduledThreadPoolExecutor$DelayedWorkQueue.take(ScheduledThreadPoolExecutor.java:1093)
        at java.util.concurrent.ScheduledThreadPoolExecutor$DelayedWorkQueue.take(ScheduledThreadPoolExecutor.java:809)
        at java.util.concurrent.ThreadPoolExecutor.getTask(ThreadPoolExecutor.java:1074)
        at java.util.concurrent.ThreadPoolExecutor.runWorker(ThreadPoolExecutor.java:1134)
        at java.util.concurrent.ThreadPoolExecutor$Worker.run(ThreadPoolExecutor.java:624)
        at java.lang.Thread.run(Thread.java:750)
"IPC Server handler 14 on default port 33459" daemon prio=5 tid=4372 timed_waiting
java.lang.Thread.State: TIMED_WAITING
        at sun.misc.Unsafe.park(Native Method)
        at java.util.concurrent.locks.LockSupport.parkNanos(LockSupport.java:215)
        at java.util.concurrent.locks.AbstractQueuedSynchronizer$ConditionObject.awaitNanos(AbstractQueuedSynchronizer.java:2078)
        at java.util.concurrent.LinkedBlockingQueue.poll(LinkedBlockingQueue.java:467)
        at org.apache.hadoop.ipc.CallQueueManager.take(CallQueueManager.java:317)
        at org.apache.hadoop.ipc.Server$Handler.run(Server.java:2942)
"IPC Server handler 2 on default port 45167" daemon prio=5 tid=6118 timed_waiting
java.lang.Thread.State: TIMED_WAITING
        at sun.misc.Unsafe.park(Native Method)
        at java.util.concurrent.locks.LockSupport.parkNanos(LockSupport.java:215)
        at java.util.concurrent.locks.AbstractQueuedSynchronizer$ConditionObject.awaitNanos(AbstractQueuedSynchronizer.java:2078)
        at java.util.concurrent.LinkedBlockingQueue.poll(LinkedBlockingQueue.java:467)
        at org.apache.hadoop.ipc.CallQueueManager.take(CallQueueManager.java:317)
        at org.apache.hadoop.ipc.Server$Handler.run(Server.java:2942)
"IPC Server handler 12 on default port 36229" daemon prio=5 tid=5081 timed_waiting
java.lang.Thread.State: TIMED_WAITING
        at sun.misc.Unsafe.park(Native Method)
        at java.util.concurrent.locks.LockSupport.parkNanos(LockSupport.java:215)
        at java.util.concurrent.locks.AbstractQueuedSynchronizer$ConditionObject.awaitNanos(AbstractQueuedSynchronizer.java:2078)
        at java.util.concurrent.LinkedBlockingQueue.poll(LinkedBlockingQueue.java:467)
        at org.apache.hadoop.ipc.CallQueueManager.take(CallQueueManager.java:317)
        at org.apache.hadoop.ipc.Server$Handler.run(Server.java:2942)
"Datanode ReportManager Thread - 4" daemon prio=5 tid=4660 in Object.wait()
java.lang.Thread.State: WAITING (on object monitor)
        at sun.misc.Unsafe.park(Native Method)
        at java.util.concurrent.locks.LockSupport.park(LockSupport.java:175)
        at java.util.concurrent.locks.AbstractQueuedSynchronizer$ConditionObject.await(AbstractQueuedSynchronizer.java:2039)
        at java.util.concurrent.ScheduledThreadPoolExecutor$DelayedWorkQueue.take(ScheduledThreadPoolExecutor.java:1088)
        at java.util.concurrent.ScheduledThreadPoolExecutor$DelayedWorkQueue.take(ScheduledThreadPoolExecutor.java:809)
        at java.util.concurrent.ThreadPoolExecutor.getTask(ThreadPoolExecutor.java:1074)
        at java.util.concurrent.ThreadPoolExecutor.runWorker(ThreadPoolExecutor.java:1134)
        at java.util.concurrent.ThreadPoolExecutor$Worker.run(ThreadPoolExecutor.java:624)
        at java.lang.Thread.run(Thread.java:750)
"ContainerOp-e8dd15d0-68e9-4f12-a7cc-a9df22f54b30-2"  prio=5 tid=5987 in Object.wait()
java.lang.Thread.State: WAITING (on object monitor)
        at sun.misc.Unsafe.park(Native Method)
        at java.util.concurrent.locks.LockSupport.park(LockSupport.java:175)
        at java.util.concurrent.locks.AbstractQueuedSynchronizer$ConditionObject.await(AbstractQueuedSynchronizer.java:2039)
        at java.util.concurrent.LinkedBlockingQueue.take(LinkedBlockingQueue.java:442)
        at java.util.concurrent.ThreadPoolExecutor.getTask(ThreadPoolExecutor.java:1074)
        at java.util.concurrent.ThreadPoolExecutor.runWorker(ThreadPoolExecutor.java:1134)
        at java.util.concurrent.ThreadPoolExecutor$Worker.run(ThreadPoolExecutor.java:624)
        at java.lang.Thread.run(Thread.java:750)
"StaleRecoveringContainerScrubbingService#0" daemon prio=5 tid=5399 timed_waiting
java.lang.Thread.State: TIMED_WAITING
        at sun.misc.Unsafe.park(Native Method)
        at java.util.concurrent.locks.LockSupport.parkNanos(LockSupport.java:215)
        at java.util.concurrent.locks.AbstractQueuedSynchronizer$ConditionObject.awaitNanos(AbstractQueuedSynchronizer.java:2078)
        at java.util.concurrent.ScheduledThreadPoolExecutor$DelayedWorkQueue.take(ScheduledThreadPoolExecutor.java:1093)
        at java.util.concurrent.ScheduledThreadPoolExecutor$DelayedWorkQueue.take(ScheduledThreadPoolExecutor.java:809)
        at java.util.concurrent.ThreadPoolExecutor.getTask(ThreadPoolExecutor.java:1074)
        at java.util.concurrent.ThreadPoolExecutor.runWorker(ThreadPoolExecutor.java:1134)
        at java.util.concurrent.ThreadPoolExecutor$Worker.run(ThreadPoolExecutor.java:624)
        at java.lang.Thread.run(Thread.java:750)
"Periodic HDDS volume checker" daemon prio=5 tid=4570 timed_waiting
java.lang.Thread.State: TIMED_WAITING
        at sun.misc.Unsafe.park(Native Method)
        at java.util.concurrent.locks.LockSupport.parkNanos(LockSupport.java:215)
        at java.util.concurrent.locks.AbstractQueuedSynchronizer$ConditionObject.awaitNanos(AbstractQueuedSynchronizer.java:2078)
        at java.util.concurrent.ScheduledThreadPoolExecutor$DelayedWorkQueue.take(ScheduledThreadPoolExecutor.java:1093)
        at java.util.concurrent.ScheduledThreadPoolExecutor$DelayedWorkQueue.take(ScheduledThreadPoolExecutor.java:809)
        at java.util.concurrent.ThreadPoolExecutor.getTask(ThreadPoolExecutor.java:1074)
        at java.util.concurrent.ThreadPoolExecutor.runWorker(ThreadPoolExecutor.java:1134)
        at java.util.concurrent.ThreadPoolExecutor$Worker.run(ThreadPoolExecutor.java:624)
        at java.lang.Thread.run(Thread.java:750)
"qtp1086850858-5250" daemon prio=5 tid=5250 runnable
java.lang.Thread.State: RUNNABLE
        at sun.nio.ch.EPollArrayWrapper.epollWait(Native Method)
        at sun.nio.ch.EPollArrayWrapper.poll(EPollArrayWrapper.java:269)
        at sun.nio.ch.EPollSelectorImpl.doSelect(EPollSelectorImpl.java:93)
        at sun.nio.ch.SelectorImpl.lockAndDoSelect(SelectorImpl.java:86)
        at sun.nio.ch.SelectorImpl.select(SelectorImpl.java:97)
        at sun.nio.ch.SelectorImpl.select(SelectorImpl.java:101)
        at org.eclipse.jetty.io.ManagedSelector.nioSelect(ManagedSelector.java:183)
        at org.eclipse.jetty.io.ManagedSelector.select(ManagedSelector.java:190)
        at org.eclipse.jetty.io.ManagedSelector$SelectorProducer.select(ManagedSelector.java:606)
        at org.eclipse.jetty.io.ManagedSelector$SelectorProducer.produce(ManagedSelector.java:543)
        at org.eclipse.jetty.util.thread.strategy.EatWhatYouKill.produceTask(EatWhatYouKill.java:362)
        at org.eclipse.jetty.util.thread.strategy.EatWhatYouKill.doProduce(EatWhatYouKill.java:186)
        at org.eclipse.jetty.util.thread.strategy.EatWhatYouKill.tryProduce(EatWhatYouKill.java:173)
        at org.eclipse.jetty.util.thread.strategy.EatWhatYouKill.produce(EatWhatYouKill.java:137)
        at org.eclipse.jetty.io.ManagedSelector$$Lambda$480/780706792.run(Unknown Source)
        at org.eclipse.jetty.util.thread.QueuedThreadPool.runJob(QueuedThreadPool.java:883)
        at org.eclipse.jetty.util.thread.QueuedThreadPool$Runner.run(QueuedThreadPool.java:1034)
        at java.lang.Thread.run(Thread.java:750)
"qtp514050540-5426" daemon prio=5 tid=5426 timed_waiting
java.lang.Thread.State: TIMED_WAITING
        at sun.misc.Unsafe.park(Native Method)
        at java.util.concurrent.locks.LockSupport.parkNanos(LockSupport.java:215)
        at java.util.concurrent.locks.AbstractQueuedSynchronizer$ConditionObject.awaitNanos(AbstractQueuedSynchronizer.java:2078)
        at org.eclipse.jetty.util.BlockingArrayQueue.poll(BlockingArrayQueue.java:382)
        at org.eclipse.jetty.util.thread.QueuedThreadPool$Runner.idleJobPoll(QueuedThreadPool.java:974)
        at org.eclipse.jetty.util.thread.QueuedThreadPool$Runner.run(QueuedThreadPool.java:1018)
        at java.lang.Thread.run(Thread.java:750)
"timer1" daemon prio=5 tid=549 timed_waiting
java.lang.Thread.State: TIMED_WAITING
        at java.lang.Object.wait(Native Method)
        at java.util.TimerThread.mainLoop(Timer.java:552)
        at java.util.TimerThread.run(Timer.java:505)
"IPC Server handler 1 on default port 41047" daemon prio=5 tid=6138 timed_waiting
java.lang.Thread.State: TIMED_WAITING
        at sun.misc.Unsafe.park(Native Method)
        at java.util.concurrent.locks.LockSupport.parkNanos(LockSupport.java:215)
        at java.util.concurrent.locks.AbstractQueuedSynchronizer$ConditionObject.awaitNanos(AbstractQueuedSynchronizer.java:2078)
        at java.util.concurrent.LinkedBlockingQueue.poll(LinkedBlockingQueue.java:467)
        at org.apache.hadoop.ipc.CallQueueManager.take(CallQueueManager.java:317)
        at org.apache.hadoop.ipc.Server$Handler.run(Server.java:2942)
"org.apache.hadoop.util.JvmPauseMonitor$Monitor@52399006" daemon prio=5 tid=5279 timed_waiting
java.lang.Thread.State: TIMED_WAITING
        at java.lang.Thread.sleep(Native Method)
        at org.apache.hadoop.util.JvmPauseMonitor$Monitor.run(JvmPauseMonitor.java:192)
        at java.lang.Thread.run(Thread.java:750)
"388c1d2c-da9f-4216-9168-b64bdab690f4@group-A9DF22F54B30-SegmentedRaftLogWorker"  prio=5 tid=4802 timed_waiting
java.lang.Thread.State: TIMED_WAITING
        at sun.misc.Unsafe.park(Native Method)
        at java.util.concurrent.locks.LockSupport.parkNanos(LockSupport.java:215)
        at java.util.concurrent.locks.AbstractQueuedSynchronizer$ConditionObject.awaitNanos(AbstractQueuedSynchronizer.java:2078)
        at org.apache.ratis.util.DataBlockingQueue.poll(DataBlockingQueue.java:148)
        at org.apache.ratis.server.raftlog.segmented.SegmentedRaftLogWorker.run(SegmentedRaftLogWorker.java:310)
        at org.apache.ratis.server.raftlog.segmented.SegmentedRaftLogWorker$$Lambda$699/1565409370.run(Unknown Source)
        at java.lang.Thread.run(Thread.java:750)
"IPC Server handler 5 on default port 37589" daemon prio=5 tid=5115 timed_waiting
java.lang.Thread.State: TIMED_WAITING
        at sun.misc.Unsafe.park(Native Method)
        at java.util.concurrent.locks.LockSupport.parkNanos(LockSupport.java:215)
        at java.util.concurrent.locks.AbstractQueuedSynchronizer$ConditionObject.awaitNanos(AbstractQueuedSynchronizer.java:2078)
        at java.util.concurrent.LinkedBlockingQueue.poll(LinkedBlockingQueue.java:467)
        at org.apache.hadoop.ipc.CallQueueManager.take(CallQueueManager.java:317)
        at org.apache.hadoop.ipc.Server$Handler.run(Server.java:2942)
"qtp1525027227-6164" daemon prio=5 tid=6164 runnable
java.lang.Thread.State: RUNNABLE
        at sun.nio.ch.EPollArrayWrapper.epollWait(Native Method)
        at sun.nio.ch.EPollArrayWrapper.poll(EPollArrayWrapper.java:269)
        at sun.nio.ch.EPollSelectorImpl.doSelect(EPollSelectorImpl.java:93)
        at sun.nio.ch.SelectorImpl.lockAndDoSelect(SelectorImpl.java:86)
        at sun.nio.ch.SelectorImpl.select(SelectorImpl.java:97)
        at sun.nio.ch.SelectorImpl.select(SelectorImpl.java:101)
        at org.eclipse.jetty.io.ManagedSelector.nioSelect(ManagedSelector.java:183)
        at org.eclipse.jetty.io.ManagedSelector.select(ManagedSelector.java:190)
        at org.eclipse.jetty.io.ManagedSelector$SelectorProducer.select(ManagedSelector.java:606)
        at org.eclipse.jetty.io.ManagedSelector$SelectorProducer.produce(ManagedSelector.java:543)
        at org.eclipse.jetty.util.thread.strategy.EatWhatYouKill.produceTask(EatWhatYouKill.java:362)
        at org.eclipse.jetty.util.thread.strategy.EatWhatYouKill.doProduce(EatWhatYouKill.java:186)
        at org.eclipse.jetty.util.thread.strategy.EatWhatYouKill.tryProduce(EatWhatYouKill.java:173)
        at org.eclipse.jetty.util.thread.strategy.EatWhatYouKill.produce(EatWhatYouKill.java:137)
        at org.eclipse.jetty.io.ManagedSelector$$Lambda$480/780706792.run(Unknown Source)
        at org.eclipse.jetty.util.thread.QueuedThreadPool.runJob(QueuedThreadPool.java:883)
        at org.eclipse.jetty.util.thread.QueuedThreadPool$Runner.run(QueuedThreadPool.java:1034)
        at java.lang.Thread.run(Thread.java:750)
"ChunkWriter-0-0" daemon prio=5 tid=5536 in Object.wait()
java.lang.Thread.State: WAITING (on object monitor)
        at sun.misc.Unsafe.park(Native Method)
        at java.util.concurrent.locks.LockSupport.park(LockSupport.java:175)
        at java.util.concurrent.locks.AbstractQueuedSynchronizer$ConditionObject.await(AbstractQueuedSynchronizer.java:2039)
        at java.util.concurrent.LinkedBlockingDeque.takeFirst(LinkedBlockingDeque.java:492)
        at java.util.concurrent.LinkedBlockingDeque.take(LinkedBlockingDeque.java:680)
        at java.util.concurrent.ThreadPoolExecutor.getTask(ThreadPoolExecutor.java:1074)
        at java.util.concurrent.ThreadPoolExecutor.runWorker(ThreadPoolExecutor.java:1134)
        at java.util.concurrent.ThreadPoolExecutor$Worker.run(ThreadPoolExecutor.java:624)
        at java.lang.Thread.run(Thread.java:750)
"EventQueue-NodeRegistrationContainerReportForDataNodeSafeModeRule" daemon prio=5 tid=5529 in Object.wait()
java.lang.Thread.State: WAITING (on object monitor)
        at sun.misc.Unsafe.park(Native Method)
        at java.util.concurrent.locks.LockSupport.park(LockSupport.java:175)
        at java.util.concurrent.locks.AbstractQueuedSynchronizer$ConditionObject.await(AbstractQueuedSynchronizer.java:2039)
        at java.util.concurrent.LinkedBlockingQueue.take(LinkedBlockingQueue.java:442)
        at java.util.concurrent.ThreadPoolExecutor.getTask(ThreadPoolExecutor.java:1074)
        at java.util.concurrent.ThreadPoolExecutor.runWorker(ThreadPoolExecutor.java:1134)
        at java.util.concurrent.ThreadPoolExecutor$Worker.run(ThreadPoolExecutor.java:624)
        at java.lang.Thread.run(Thread.java:750)
"IPC Server handler 9 on default port 36229" daemon prio=5 tid=5078 timed_waiting
java.lang.Thread.State: TIMED_WAITING
        at sun.misc.Unsafe.park(Native Method)
        at java.util.concurrent.locks.LockSupport.parkNanos(LockSupport.java:215)
        at java.util.concurrent.locks.AbstractQueuedSynchronizer$ConditionObject.awaitNanos(AbstractQueuedSynchronizer.java:2078)
        at java.util.concurrent.LinkedBlockingQueue.poll(LinkedBlockingQueue.java:467)
        at org.apache.hadoop.ipc.CallQueueManager.take(CallQueueManager.java:317)
        at org.apache.hadoop.ipc.Server$Handler.run(Server.java:2942)
"Datanode ReportManager Thread - 2" daemon prio=5 tid=4657 in Object.wait()
java.lang.Thread.State: WAITING (on object monitor)
        at sun.misc.Unsafe.park(Native Method)
        at java.util.concurrent.locks.LockSupport.park(LockSupport.java:175)
        at java.util.concurrent.locks.AbstractQueuedSynchronizer$ConditionObject.await(AbstractQueuedSynchronizer.java:2039)
        at java.util.concurrent.ScheduledThreadPoolExecutor$DelayedWorkQueue.take(ScheduledThreadPoolExecutor.java:1088)
        at java.util.concurrent.ScheduledThreadPoolExecutor$DelayedWorkQueue.take(ScheduledThreadPoolExecutor.java:809)
        at java.util.concurrent.ThreadPoolExecutor.getTask(ThreadPoolExecutor.java:1074)
        at java.util.concurrent.ThreadPoolExecutor.runWorker(ThreadPoolExecutor.java:1134)
        at java.util.concurrent.ThreadPoolExecutor$Worker.run(ThreadPoolExecutor.java:624)
        at java.lang.Thread.run(Thread.java:750)
"c61a6fab-067e-4f96-a855-8be46dab7c65@group-03ECC6030D10-StateMachineUpdater" daemon prio=5 tid=5702 timed_waiting
java.lang.Thread.State: TIMED_WAITING
        at sun.misc.Unsafe.park(Native Method)
        at java.util.concurrent.locks.LockSupport.parkNanos(LockSupport.java:215)
        at java.util.concurrent.CompletableFuture$Signaller.block(CompletableFuture.java:1709)
        at java.util.concurrent.ForkJoinPool.managedBlock(ForkJoinPool.java:3323)
        at java.util.concurrent.CompletableFuture.timedGet(CompletableFuture.java:1788)
        at java.util.concurrent.CompletableFuture.get(CompletableFuture.java:1928)
        at org.apache.ratis.util.AwaitForSignal.await(AwaitForSignal.java:56)
        at org.apache.ratis.server.impl.StateMachineUpdater.waitForCommit(StateMachineUpdater.java:207)
        at org.apache.ratis.server.impl.StateMachineUpdater.run(StateMachineUpdater.java:176)
        at java.lang.Thread.run(Thread.java:750)
"IPC Server listener on 41047" daemon prio=5 tid=6071 runnable
java.lang.Thread.State: RUNNABLE
        at sun.nio.ch.EPollArrayWrapper.epollWait(Native Method)
        at sun.nio.ch.EPollArrayWrapper.poll(EPollArrayWrapper.java:269)
        at sun.nio.ch.EPollSelectorImpl.doSelect(EPollSelectorImpl.java:93)
        at sun.nio.ch.SelectorImpl.lockAndDoSelect(SelectorImpl.java:86)
        at sun.nio.ch.SelectorImpl.select(SelectorImpl.java:97)
        at sun.nio.ch.SelectorImpl.select(SelectorImpl.java:101)
        at org.apache.hadoop.ipc.Server$Listener.run(Server.java:1358)
"c5d39dfa-102e-4c5e-b3d6-9bc931d9b70d@group-5E1D1D8F2ADD-SegmentedRaftLogWorker"  prio=5 tid=5765 timed_waiting
java.lang.Thread.State: TIMED_WAITING
        at sun.misc.Unsafe.park(Native Method)
        at java.util.concurrent.locks.LockSupport.parkNanos(LockSupport.java:215)
        at java.util.concurrent.locks.AbstractQueuedSynchronizer$ConditionObject.awaitNanos(AbstractQueuedSynchronizer.java:2078)
        at org.apache.ratis.util.DataBlockingQueue.poll(DataBlockingQueue.java:148)
        at org.apache.ratis.server.raftlog.segmented.SegmentedRaftLogWorker.run(SegmentedRaftLogWorker.java:310)
        at org.apache.ratis.server.raftlog.segmented.SegmentedRaftLogWorker$$Lambda$699/1565409370.run(Unknown Source)
        at java.lang.Thread.run(Thread.java:750)
"qtp1777947850-5135" daemon prio=5 tid=5135 timed_waiting
java.lang.Thread.State: TIMED_WAITING
        at sun.misc.Unsafe.park(Native Method)
        at java.util.concurrent.locks.LockSupport.parkNanos(LockSupport.java:215)
        at java.util.concurrent.locks.AbstractQueuedSynchronizer$ConditionObject.awaitNanos(AbstractQueuedSynchronizer.java:2078)
        at org.eclipse.jetty.util.BlockingArrayQueue.poll(BlockingArrayQueue.java:382)
        at org.eclipse.jetty.util.thread.QueuedThreadPool$Runner.idleJobPoll(QueuedThreadPool.java:974)
        at org.eclipse.jetty.util.thread.QueuedThreadPool$Runner.run(QueuedThreadPool.java:1018)
        at java.lang.Thread.run(Thread.java:750)
"ChunkWriter-1-0" daemon prio=5 tid=5457 in Object.wait()
java.lang.Thread.State: WAITING (on object monitor)
        at sun.misc.Unsafe.park(Native Method)
        at java.util.concurrent.locks.LockSupport.park(LockSupport.java:175)
        at java.util.concurrent.locks.AbstractQueuedSynchronizer$ConditionObject.await(AbstractQueuedSynchronizer.java:2039)
        at java.util.concurrent.LinkedBlockingDeque.takeFirst(LinkedBlockingDeque.java:492)
        at java.util.concurrent.LinkedBlockingDeque.take(LinkedBlockingDeque.java:680)
        at java.util.concurrent.ThreadPoolExecutor.getTask(ThreadPoolExecutor.java:1074)
        at java.util.concurrent.ThreadPoolExecutor.runWorker(ThreadPoolExecutor.java:1134)
        at java.util.concurrent.ThreadPoolExecutor$Worker.run(ThreadPoolExecutor.java:624)
        at java.lang.Thread.run(Thread.java:750)
"ChunkReader-ELG-0" daemon prio=5 tid=5541 runnable
java.lang.Thread.State: RUNNABLE
        at org.apache.ratis.thirdparty.io.netty.channel.epoll.Native.epollWait(Native Method)
        at org.apache.ratis.thirdparty.io.netty.channel.epoll.Native.epollWait(Native.java:209)
        at org.apache.ratis.thirdparty.io.netty.channel.epoll.Native.epollWait(Native.java:202)
        at org.apache.ratis.thirdparty.io.netty.channel.epoll.EpollEventLoop.epollWaitNoTimerChange(EpollEventLoop.java:294)
        at org.apache.ratis.thirdparty.io.netty.channel.epoll.EpollEventLoop.run(EpollEventLoop.java:351)
        at org.apache.ratis.thirdparty.io.netty.util.concurrent.SingleThreadEventExecutor$4.run(SingleThreadEventExecutor.java:995)
        at org.apache.ratis.thirdparty.io.netty.util.internal.ThreadExecutorMap$2.run(ThreadExecutorMap.java:74)
        at java.lang.Thread.run(Thread.java:750)
"Session-HouseKeeper-43971a55-1"  prio=5 tid=5427 timed_waiting
java.lang.Thread.State: TIMED_WAITING
        at sun.misc.Unsafe.park(Native Method)
        at java.util.concurrent.locks.LockSupport.parkNanos(LockSupport.java:215)
        at java.util.concurrent.locks.AbstractQueuedSynchronizer$ConditionObject.awaitNanos(AbstractQueuedSynchronizer.java:2078)
        at java.util.concurrent.ScheduledThreadPoolExecutor$DelayedWorkQueue.take(ScheduledThreadPoolExecutor.java:1093)
        at java.util.concurrent.ScheduledThreadPoolExecutor$DelayedWorkQueue.take(ScheduledThreadPoolExecutor.java:809)
        at java.util.concurrent.ThreadPoolExecutor.getTask(ThreadPoolExecutor.java:1074)
        at java.util.concurrent.ThreadPoolExecutor.runWorker(ThreadPoolExecutor.java:1134)
        at java.util.concurrent.ThreadPoolExecutor$Worker.run(ThreadPoolExecutor.java:624)
        at java.lang.Thread.run(Thread.java:750)
"DataNode DiskChecker thread 0" daemon prio=5 tid=5312 timed_waiting
java.lang.Thread.State: TIMED_WAITING
        at sun.misc.Unsafe.park(Native Method)
        at java.util.concurrent.locks.LockSupport.parkNanos(LockSupport.java:215)
        at java.util.concurrent.SynchronousQueue$TransferStack.awaitFulfill(SynchronousQueue.java:460)
        at java.util.concurrent.SynchronousQueue$TransferStack.transfer(SynchronousQueue.java:362)
        at java.util.concurrent.SynchronousQueue.poll(SynchronousQueue.java:941)
        at java.util.concurrent.ThreadPoolExecutor.getTask(ThreadPoolExecutor.java:1073)
        at java.util.concurrent.ThreadPoolExecutor.runWorker(ThreadPoolExecutor.java:1134)
        at java.util.concurrent.ThreadPoolExecutor$Worker.run(ThreadPoolExecutor.java:624)
        at java.lang.Thread.run(Thread.java:750)
"IPC Server handler 0 on default port 46655" daemon prio=5 tid=5259 timed_waiting
java.lang.Thread.State: TIMED_WAITING
        at sun.misc.Unsafe.park(Native Method)
        at java.util.concurrent.locks.LockSupport.parkNanos(LockSupport.java:215)
        at java.util.concurrent.locks.AbstractQueuedSynchronizer$ConditionObject.awaitNanos(AbstractQueuedSynchronizer.java:2078)
        at java.util.concurrent.LinkedBlockingQueue.poll(LinkedBlockingQueue.java:467)
        at org.apache.hadoop.ipc.CallQueueManager.take(CallQueueManager.java:317)
        at org.apache.hadoop.ipc.Server$Handler.run(Server.java:2942)
"388c1d2c-da9f-4216-9168-b64bdab690f4@group-A9DF22F54B30-StateMachineUpdater" daemon prio=5 tid=4804 timed_waiting
java.lang.Thread.State: TIMED_WAITING
        at sun.misc.Unsafe.park(Native Method)
        at java.util.concurrent.locks.LockSupport.parkNanos(LockSupport.java:215)
        at java.util.concurrent.CompletableFuture$Signaller.block(CompletableFuture.java:1709)
        at java.util.concurrent.ForkJoinPool.managedBlock(ForkJoinPool.java:3323)
        at java.util.concurrent.CompletableFuture.timedGet(CompletableFuture.java:1788)
        at java.util.concurrent.CompletableFuture.get(CompletableFuture.java:1928)
        at org.apache.ratis.util.AwaitForSignal.await(AwaitForSignal.java:56)
        at org.apache.ratis.server.impl.StateMachineUpdater.waitForCommit(StateMachineUpdater.java:207)
        at org.apache.ratis.server.impl.StateMachineUpdater.run(StateMachineUpdater.java:176)
        at java.lang.Thread.run(Thread.java:750)
"ec-reconstruct-reader-TID-1"  prio=5 tid=4998 in Object.wait()
java.lang.Thread.State: WAITING (on object monitor)
        at sun.misc.Unsafe.park(Native Method)
        at java.util.concurrent.locks.LockSupport.park(LockSupport.java:175)
        at java.util.concurrent.SynchronousQueue$TransferStack.awaitFulfill(SynchronousQueue.java:458)
        at java.util.concurrent.SynchronousQueue$TransferStack.transfer(SynchronousQueue.java:362)
        at java.util.concurrent.SynchronousQueue.take(SynchronousQueue.java:924)
        at java.util.concurrent.ThreadPoolExecutor.getTask(ThreadPoolExecutor.java:1074)
        at java.util.concurrent.ThreadPoolExecutor.runWorker(ThreadPoolExecutor.java:1134)
        at java.util.concurrent.ThreadPoolExecutor$Worker.run(ThreadPoolExecutor.java:624)
        at java.lang.Thread.run(Thread.java:750)
"pool-2571-thread-1"  prio=5 tid=5444 timed_waiting
java.lang.Thread.State: TIMED_WAITING
        at sun.misc.Unsafe.park(Native Method)
        at java.util.concurrent.locks.LockSupport.parkNanos(LockSupport.java:215)
        at java.util.concurrent.locks.AbstractQueuedSynchronizer$ConditionObject.awaitNanos(AbstractQueuedSynchronizer.java:2078)
        at java.util.concurrent.ScheduledThreadPoolExecutor$DelayedWorkQueue.take(ScheduledThreadPoolExecutor.java:1093)
        at java.util.concurrent.ScheduledThreadPoolExecutor$DelayedWorkQueue.take(ScheduledThreadPoolExecutor.java:809)
        at java.util.concurrent.ThreadPoolExecutor.getTask(ThreadPoolExecutor.java:1074)
        at java.util.concurrent.ThreadPoolExecutor.runWorker(ThreadPoolExecutor.java:1134)
        at java.util.concurrent.ThreadPoolExecutor$Worker.run(ThreadPoolExecutor.java:624)
        at java.lang.Thread.run(Thread.java:750)
"ChunkReader-ELG-0" daemon prio=5 tid=4697 runnable
java.lang.Thread.State: RUNNABLE
        at org.apache.ratis.thirdparty.io.netty.channel.epoll.Native.epollWait(Native Method)
        at org.apache.ratis.thirdparty.io.netty.channel.epoll.Native.epollWait(Native.java:209)
        at org.apache.ratis.thirdparty.io.netty.channel.epoll.Native.epollWait(Native.java:202)
        at org.apache.ratis.thirdparty.io.netty.channel.epoll.EpollEventLoop.epollWaitNoTimerChange(EpollEventLoop.java:294)
        at org.apache.ratis.thirdparty.io.netty.channel.epoll.EpollEventLoop.run(EpollEventLoop.java:351)
        at org.apache.ratis.thirdparty.io.netty.util.concurrent.SingleThreadEventExecutor$4.run(SingleThreadEventExecutor.java:995)
        at org.apache.ratis.thirdparty.io.netty.util.internal.ThreadExecutorMap$2.run(ThreadExecutorMap.java:74)
        at java.lang.Thread.run(Thread.java:750)
"Datanode State Machine Task Thread - 0"  prio=5 tid=5512 in Object.wait()
java.lang.Thread.State: WAITING (on object monitor)
        at sun.misc.Unsafe.park(Native Method)
        at java.util.concurrent.locks.LockSupport.park(LockSupport.java:175)
        at java.util.concurrent.locks.AbstractQueuedSynchronizer$ConditionObject.await(AbstractQueuedSynchronizer.java:2039)
        at java.util.concurrent.LinkedBlockingQueue.take(LinkedBlockingQueue.java:442)
        at java.util.concurrent.ThreadPoolExecutor.getTask(ThreadPoolExecutor.java:1074)
        at java.util.concurrent.ThreadPoolExecutor.runWorker(ThreadPoolExecutor.java:1134)
        at java.util.concurrent.ThreadPoolExecutor$Worker.run(ThreadPoolExecutor.java:624)
        at java.lang.Thread.run(Thread.java:750)
"qtp1251079119-4350" daemon prio=5 tid=4350 timed_waiting
java.lang.Thread.State: TIMED_WAITING
        at sun.misc.Unsafe.park(Native Method)
        at java.util.concurrent.locks.LockSupport.parkNanos(LockSupport.java:215)
        at java.util.concurrent.locks.AbstractQueuedSynchronizer$ConditionObject.awaitNanos(AbstractQueuedSynchronizer.java:2078)
        at org.eclipse.jetty.util.BlockingArrayQueue.poll(BlockingArrayQueue.java:382)
        at org.eclipse.jetty.util.thread.QueuedThreadPool$Runner.idleJobPoll(QueuedThreadPool.java:974)
        at org.eclipse.jetty.util.thread.QueuedThreadPool$Runner.run(QueuedThreadPool.java:1018)
        at java.lang.Thread.run(Thread.java:750)
"ChunkWriter-2-0" daemon prio=5 tid=5550 in Object.wait()
java.lang.Thread.State: WAITING (on object monitor)
        at sun.misc.Unsafe.park(Native Method)
        at java.util.concurrent.locks.LockSupport.park(LockSupport.java:175)
        at java.util.concurrent.locks.AbstractQueuedSynchronizer$ConditionObject.await(AbstractQueuedSynchronizer.java:2039)
        at java.util.concurrent.LinkedBlockingDeque.takeFirst(LinkedBlockingDeque.java:492)
        at java.util.concurrent.LinkedBlockingDeque.take(LinkedBlockingDeque.java:680)
        at java.util.concurrent.ThreadPoolExecutor.getTask(ThreadPoolExecutor.java:1074)
        at java.util.concurrent.ThreadPoolExecutor.runWorker(ThreadPoolExecutor.java:1134)
        at java.util.concurrent.ThreadPoolExecutor$Worker.run(ThreadPoolExecutor.java:624)
        at java.lang.Thread.run(Thread.java:750)
"JvmPauseMonitor54" daemon prio=5 tid=5498 timed_waiting
java.lang.Thread.State: TIMED_WAITING
        at java.lang.Thread.sleep(Native Method)
        at java.lang.Thread.sleep(Thread.java:342)
        at java.util.concurrent.TimeUnit.sleep(TimeUnit.java:386)
        at org.apache.ratis.util.TimeDuration.sleep(TimeDuration.java:325)
        at org.apache.ratis.util.TimeDuration.sleep(TimeDuration.java:310)
        at org.apache.ratis.util.JvmPauseMonitor.detectPause(JvmPauseMonitor.java:119)
        at org.apache.ratis.util.JvmPauseMonitor.run(JvmPauseMonitor.java:108)
        at org.apache.ratis.util.JvmPauseMonitor$$Lambda$740/613108676.run(Unknown Source)
        at java.lang.Thread.run(Thread.java:750)
"IPC Server handler 8 on default port 45167" daemon prio=5 tid=6124 timed_waiting
java.lang.Thread.State: TIMED_WAITING
        at sun.misc.Unsafe.park(Native Method)
        at java.util.concurrent.locks.LockSupport.parkNanos(LockSupport.java:215)
        at java.util.concurrent.locks.AbstractQueuedSynchronizer$ConditionObject.awaitNanos(AbstractQueuedSynchronizer.java:2078)
        at java.util.concurrent.LinkedBlockingQueue.poll(LinkedBlockingQueue.java:467)
        at org.apache.hadoop.ipc.CallQueueManager.take(CallQueueManager.java:317)
        at org.apache.hadoop.ipc.Server$Handler.run(Server.java:2942)
"a4df1cd8-da8f-45ad-a02d-233f4b91e4ac-server-thread2" daemon prio=5 tid=5937 timed_waiting
java.lang.Thread.State: TIMED_WAITING
        at sun.misc.Unsafe.park(Native Method)
        at java.util.concurrent.locks.LockSupport.parkNanos(LockSupport.java:215)
        at java.util.concurrent.SynchronousQueue$TransferStack.awaitFulfill(SynchronousQueue.java:460)
        at java.util.concurrent.SynchronousQueue$TransferStack.transfer(SynchronousQueue.java:362)
        at java.util.concurrent.SynchronousQueue.poll(SynchronousQueue.java:941)
        at java.util.concurrent.ThreadPoolExecutor.getTask(ThreadPoolExecutor.java:1073)
        at java.util.concurrent.ThreadPoolExecutor.runWorker(ThreadPoolExecutor.java:1134)
        at java.util.concurrent.ThreadPoolExecutor$Worker.run(ThreadPoolExecutor.java:624)
        at java.lang.Thread.run(Thread.java:750)
"Datanode ReportManager Thread - 0" daemon prio=5 tid=5429 in Object.wait()
java.lang.Thread.State: WAITING (on object monitor)
        at sun.misc.Unsafe.park(Native Method)
        at java.util.concurrent.locks.LockSupport.park(LockSupport.java:175)
        at java.util.concurrent.locks.AbstractQueuedSynchronizer$ConditionObject.await(AbstractQueuedSynchronizer.java:2039)
        at java.util.concurrent.ScheduledThreadPoolExecutor$DelayedWorkQueue.take(ScheduledThreadPoolExecutor.java:1088)
        at java.util.concurrent.ScheduledThreadPoolExecutor$DelayedWorkQueue.take(ScheduledThreadPoolExecutor.java:809)
        at java.util.concurrent.ThreadPoolExecutor.getTask(ThreadPoolExecutor.java:1074)
        at java.util.concurrent.ThreadPoolExecutor.runWorker(ThreadPoolExecutor.java:1134)
        at java.util.concurrent.ThreadPoolExecutor$Worker.run(ThreadPoolExecutor.java:624)
        at java.lang.Thread.run(Thread.java:750)
"grpc-default-executor-12" daemon prio=5 tid=3028 timed_waiting
java.lang.Thread.State: TIMED_WAITING
        at sun.misc.Unsafe.park(Native Method)
        at java.util.concurrent.locks.LockSupport.parkNanos(LockSupport.java:215)
        at java.util.concurrent.SynchronousQueue$TransferStack.awaitFulfill(SynchronousQueue.java:460)
        at java.util.concurrent.SynchronousQueue$TransferStack.transfer(SynchronousQueue.java:362)
        at java.util.concurrent.SynchronousQueue.poll(SynchronousQueue.java:941)
        at java.util.concurrent.ThreadPoolExecutor.getTask(ThreadPoolExecutor.java:1073)
        at java.util.concurrent.ThreadPoolExecutor.runWorker(ThreadPoolExecutor.java:1134)
        at java.util.concurrent.ThreadPoolExecutor$Worker.run(ThreadPoolExecutor.java:624)
        at java.lang.Thread.run(Thread.java:750)
"IPC Server handler 7 on default port 33459" daemon prio=5 tid=4365 timed_waiting
java.lang.Thread.State: TIMED_WAITING
        at sun.misc.Unsafe.park(Native Method)
        at java.util.concurrent.locks.LockSupport.parkNanos(LockSupport.java:215)
        at java.util.concurrent.locks.AbstractQueuedSynchronizer$ConditionObject.awaitNanos(AbstractQueuedSynchronizer.java:2078)
        at java.util.concurrent.LinkedBlockingQueue.poll(LinkedBlockingQueue.java:467)
        at org.apache.hadoop.ipc.CallQueueManager.take(CallQueueManager.java:317)
        at org.apache.hadoop.ipc.Server$Handler.run(Server.java:2942)
"Session-HouseKeeper-29d7ff5b-1"  prio=5 tid=4653 timed_waiting
java.lang.Thread.State: TIMED_WAITING
        at sun.misc.Unsafe.park(Native Method)
        at java.util.concurrent.locks.LockSupport.parkNanos(LockSupport.java:215)
        at java.util.concurrent.locks.AbstractQueuedSynchronizer$ConditionObject.awaitNanos(AbstractQueuedSynchronizer.java:2078)
        at java.util.concurrent.ScheduledThreadPoolExecutor$DelayedWorkQueue.take(ScheduledThreadPoolExecutor.java:1093)
        at java.util.concurrent.ScheduledThreadPoolExecutor$DelayedWorkQueue.take(ScheduledThreadPoolExecutor.java:809)
        at java.util.concurrent.ThreadPoolExecutor.getTask(ThreadPoolExecutor.java:1074)
        at java.util.concurrent.ThreadPoolExecutor.runWorker(ThreadPoolExecutor.java:1134)
        at java.util.concurrent.ThreadPoolExecutor$Worker.run(ThreadPoolExecutor.java:624)
        at java.lang.Thread.run(Thread.java:750)
"DirectoryDeletingService#0" daemon prio=5 tid=4337 timed_waiting
java.lang.Thread.State: TIMED_WAITING
        at sun.misc.Unsafe.park(Native Method)
        at java.util.concurrent.locks.LockSupport.parkNanos(LockSupport.java:215)
        at java.util.concurrent.locks.AbstractQueuedSynchronizer$ConditionObject.awaitNanos(AbstractQueuedSynchronizer.java:2078)
        at java.util.concurrent.ScheduledThreadPoolExecutor$DelayedWorkQueue.take(ScheduledThreadPoolExecutor.java:1093)
        at java.util.concurrent.ScheduledThreadPoolExecutor$DelayedWorkQueue.take(ScheduledThreadPoolExecutor.java:809)
        at java.util.concurrent.ThreadPoolExecutor.getTask(ThreadPoolExecutor.java:1074)
        at java.util.concurrent.ThreadPoolExecutor.runWorker(ThreadPoolExecutor.java:1134)
        at java.util.concurrent.ThreadPoolExecutor$Worker.run(ThreadPoolExecutor.java:624)
        at java.lang.Thread.run(Thread.java:750)
"IPC Server handler 18 on default port 37589" daemon prio=5 tid=5128 timed_waiting
java.lang.Thread.State: TIMED_WAITING
        at sun.misc.Unsafe.park(Native Method)
        at java.util.concurrent.locks.LockSupport.parkNanos(LockSupport.java:215)
        at java.util.concurrent.locks.AbstractQueuedSynchronizer$ConditionObject.awaitNanos(AbstractQueuedSynchronizer.java:2078)
        at java.util.concurrent.LinkedBlockingQueue.poll(LinkedBlockingQueue.java:467)
        at org.apache.hadoop.ipc.CallQueueManager.take(CallQueueManager.java:317)
        at org.apache.hadoop.ipc.Server$Handler.run(Server.java:2942)
"grpc-default-executor-18" daemon prio=5 tid=3970 timed_waiting
java.lang.Thread.State: TIMED_WAITING
        at sun.misc.Unsafe.park(Native Method)
        at java.util.concurrent.locks.LockSupport.parkNanos(LockSupport.java:215)
        at java.util.concurrent.SynchronousQueue$TransferStack.awaitFulfill(SynchronousQueue.java:460)
        at java.util.concurrent.SynchronousQueue$TransferStack.transfer(SynchronousQueue.java:362)
        at java.util.concurrent.SynchronousQueue.poll(SynchronousQueue.java:941)
        at java.util.concurrent.ThreadPoolExecutor.getTask(ThreadPoolExecutor.java:1073)
        at java.util.concurrent.ThreadPoolExecutor.runWorker(ThreadPoolExecutor.java:1134)
        at java.util.concurrent.ThreadPoolExecutor$Worker.run(ThreadPoolExecutor.java:624)
        at java.lang.Thread.run(Thread.java:750)
"IPC Server handler 3 on default port 37589" daemon prio=5 tid=5113 timed_waiting
java.lang.Thread.State: TIMED_WAITING
        at sun.misc.Unsafe.park(Native Method)
        at java.util.concurrent.locks.LockSupport.parkNanos(LockSupport.java:215)
        at java.util.concurrent.locks.AbstractQueuedSynchronizer$ConditionObject.awaitNanos(AbstractQueuedSynchronizer.java:2078)
        at java.util.concurrent.LinkedBlockingQueue.poll(LinkedBlockingQueue.java:467)
        at org.apache.hadoop.ipc.CallQueueManager.take(CallQueueManager.java:317)
        at org.apache.hadoop.ipc.Server$Handler.run(Server.java:2942)
"388c1d2c-da9f-4216-9168-b64bdab690f4@group-437BE514B0E2-LeaderStateImpl" daemon prio=5 tid=4890 timed_waiting
java.lang.Thread.State: TIMED_WAITING
        at sun.misc.Unsafe.park(Native Method)
        at java.util.concurrent.locks.LockSupport.parkNanos(LockSupport.java:215)
        at java.util.concurrent.locks.AbstractQueuedSynchronizer$ConditionObject.awaitNanos(AbstractQueuedSynchronizer.java:2078)
        at java.util.concurrent.ArrayBlockingQueue.poll(ArrayBlockingQueue.java:418)
        at org.apache.ratis.server.impl.LeaderStateImpl$EventQueue.poll(LeaderStateImpl.java:159)
        at org.apache.ratis.server.impl.LeaderStateImpl$EventProcessor.run(LeaderStateImpl.java:630)
"Socket Reader #1 for port 0"  prio=5 tid=4322 runnable
java.lang.Thread.State: RUNNABLE
        at sun.nio.ch.EPollArrayWrapper.epollWait(Native Method)
        at sun.nio.ch.EPollArrayWrapper.poll(EPollArrayWrapper.java:269)
        at sun.nio.ch.EPollSelectorImpl.doSelect(EPollSelectorImpl.java:93)
        at sun.nio.ch.SelectorImpl.lockAndDoSelect(SelectorImpl.java:86)
        at sun.nio.ch.SelectorImpl.select(SelectorImpl.java:97)
        at sun.nio.ch.SelectorImpl.select(SelectorImpl.java:101)
        at org.apache.hadoop.ipc.Server$Listener$Reader.doRunLoop(Server.java:1296)
        at org.apache.hadoop.ipc.Server$Listener$Reader.run(Server.java:1275)
"qtp1837521269-5486-acceptor-0@6642b357-ServerConnector@44cb15b0{HTTP/1.1, (http/1.1)}{0.0.0.0:34445}" daemon prio=3 tid=5486 runnable
java.lang.Thread.State: RUNNABLE
        at sun.nio.ch.ServerSocketChannelImpl.accept0(Native Method)
        at sun.nio.ch.ServerSocketChannelImpl.accept(ServerSocketChannelImpl.java:421)
        at sun.nio.ch.ServerSocketChannelImpl.accept(ServerSocketChannelImpl.java:249)
        at org.eclipse.jetty.server.ServerConnector.accept(ServerConnector.java:388)
        at org.eclipse.jetty.server.AbstractConnector$Acceptor.run(AbstractConnector.java:704)
        at org.eclipse.jetty.util.thread.QueuedThreadPool.runJob(QueuedThreadPool.java:883)
        at org.eclipse.jetty.util.thread.QueuedThreadPool$Runner.run(QueuedThreadPool.java:1034)
        at java.lang.Thread.run(Thread.java:750)
"IPC Server handler 4 on default port 41047" daemon prio=5 tid=6143 timed_waiting
java.lang.Thread.State: TIMED_WAITING
        at sun.misc.Unsafe.park(Native Method)
        at java.util.concurrent.locks.LockSupport.parkNanos(LockSupport.java:215)
        at java.util.concurrent.locks.AbstractQueuedSynchronizer$ConditionObject.awaitNanos(AbstractQueuedSynchronizer.java:2078)
        at java.util.concurrent.LinkedBlockingQueue.poll(LinkedBlockingQueue.java:467)
        at org.apache.hadoop.ipc.CallQueueManager.take(CallQueueManager.java:317)
        at org.apache.hadoop.ipc.Server$Handler.run(Server.java:2942)
"ChunkWriter-2-0" daemon prio=5 tid=4706 in Object.wait()
java.lang.Thread.State: WAITING (on object monitor)
        at sun.misc.Unsafe.park(Native Method)
        at java.util.concurrent.locks.LockSupport.park(LockSupport.java:175)
        at java.util.concurrent.locks.AbstractQueuedSynchronizer$ConditionObject.await(AbstractQueuedSynchronizer.java:2039)
        at java.util.concurrent.LinkedBlockingDeque.takeFirst(LinkedBlockingDeque.java:492)
        at java.util.concurrent.LinkedBlockingDeque.take(LinkedBlockingDeque.java:680)
        at java.util.concurrent.ThreadPoolExecutor.getTask(ThreadPoolExecutor.java:1074)
        at java.util.concurrent.ThreadPoolExecutor.runWorker(ThreadPoolExecutor.java:1134)
        at java.util.concurrent.ThreadPoolExecutor$Worker.run(ThreadPoolExecutor.java:624)
        at java.lang.Thread.run(Thread.java:750)
"IPC Server handler 4 on default port 36229" daemon prio=5 tid=5073 timed_waiting
java.lang.Thread.State: TIMED_WAITING
        at sun.misc.Unsafe.park(Native Method)
        at java.util.concurrent.locks.LockSupport.parkNanos(LockSupport.java:215)
        at java.util.concurrent.locks.AbstractQueuedSynchronizer$ConditionObject.awaitNanos(AbstractQueuedSynchronizer.java:2078)
        at java.util.concurrent.LinkedBlockingQueue.poll(LinkedBlockingQueue.java:467)
        at org.apache.hadoop.ipc.CallQueueManager.take(CallQueueManager.java:317)
        at org.apache.hadoop.ipc.Server$Handler.run(Server.java:2942)
"Datanode ReportManager Thread - 3" daemon prio=5 tid=5305 in Object.wait()
java.lang.Thread.State: WAITING (on object monitor)
        at sun.misc.Unsafe.park(Native Method)
        at java.util.concurrent.locks.LockSupport.park(LockSupport.java:175)
        at java.util.concurrent.locks.AbstractQueuedSynchronizer$ConditionObject.await(AbstractQueuedSynchronizer.java:2039)
        at java.util.concurrent.ScheduledThreadPoolExecutor$DelayedWorkQueue.take(ScheduledThreadPoolExecutor.java:1088)
        at java.util.concurrent.ScheduledThreadPoolExecutor$DelayedWorkQueue.take(ScheduledThreadPoolExecutor.java:809)
        at java.util.concurrent.ThreadPoolExecutor.getTask(ThreadPoolExecutor.java:1074)
        at java.util.concurrent.ThreadPoolExecutor.runWorker(ThreadPoolExecutor.java:1134)
        at java.util.concurrent.ThreadPoolExecutor$Worker.run(ThreadPoolExecutor.java:624)
        at java.lang.Thread.run(Thread.java:750)
"BlockDeletingService#0" daemon prio=5 tid=4731 in Object.wait()
java.lang.Thread.State: WAITING (on object monitor)
        at sun.misc.Unsafe.park(Native Method)
        at java.util.concurrent.locks.LockSupport.park(LockSupport.java:175)
        at java.util.concurrent.locks.AbstractQueuedSynchronizer$ConditionObject.await(AbstractQueuedSynchronizer.java:2039)
        at java.util.concurrent.ScheduledThreadPoolExecutor$DelayedWorkQueue.take(ScheduledThreadPoolExecutor.java:1088)
        at java.util.concurrent.ScheduledThreadPoolExecutor$DelayedWorkQueue.take(ScheduledThreadPoolExecutor.java:809)
        at java.util.concurrent.ThreadPoolExecutor.getTask(ThreadPoolExecutor.java:1074)
        at java.util.concurrent.ThreadPoolExecutor.runWorker(ThreadPoolExecutor.java:1134)
        at java.util.concurrent.ThreadPoolExecutor$Worker.run(ThreadPoolExecutor.java:624)
        at java.lang.Thread.run(Thread.java:750)
"Datanode ReportManager Thread - 0" daemon prio=5 tid=4561 timed_waiting
java.lang.Thread.State: TIMED_WAITING
        at sun.misc.Unsafe.park(Native Method)
        at java.util.concurrent.locks.LockSupport.parkNanos(LockSupport.java:215)
        at java.util.concurrent.locks.AbstractQueuedSynchronizer$ConditionObject.awaitNanos(AbstractQueuedSynchronizer.java:2078)
        at java.util.concurrent.ScheduledThreadPoolExecutor$DelayedWorkQueue.take(ScheduledThreadPoolExecutor.java:1093)
        at java.util.concurrent.ScheduledThreadPoolExecutor$DelayedWorkQueue.take(ScheduledThreadPoolExecutor.java:809)
        at java.util.concurrent.ThreadPoolExecutor.getTask(ThreadPoolExecutor.java:1074)
        at java.util.concurrent.ThreadPoolExecutor.runWorker(ThreadPoolExecutor.java:1134)
        at java.util.concurrent.ThreadPoolExecutor$Worker.run(ThreadPoolExecutor.java:624)
        at java.lang.Thread.run(Thread.java:750)
"org.apache.hadoop.util.JvmPauseMonitor$Monitor@524cf24" daemon prio=5 tid=4498 timed_waiting
java.lang.Thread.State: TIMED_WAITING
        at java.lang.Thread.sleep(Native Method)
        at org.apache.hadoop.util.JvmPauseMonitor$Monitor.run(JvmPauseMonitor.java:192)
        at java.lang.Thread.run(Thread.java:750)
"IPC Server handler 12 on default port 39971" daemon prio=5 tid=6108 timed_waiting
java.lang.Thread.State: TIMED_WAITING
        at sun.misc.Unsafe.park(Native Method)
        at java.util.concurrent.locks.LockSupport.parkNanos(LockSupport.java:215)
        at java.util.concurrent.locks.AbstractQueuedSynchronizer$ConditionObject.awaitNanos(AbstractQueuedSynchronizer.java:2078)
        at java.util.concurrent.LinkedBlockingQueue.poll(LinkedBlockingQueue.java:467)
        at org.apache.hadoop.ipc.CallQueueManager.take(CallQueueManager.java:317)
        at org.apache.hadoop.ipc.Server$Handler.run(Server.java:2942)
"StaleRecoveringContainerScrubbingService#1" daemon prio=5 tid=5556 in Object.wait()
java.lang.Thread.State: WAITING (on object monitor)
        at sun.misc.Unsafe.park(Native Method)
        at java.util.concurrent.locks.LockSupport.park(LockSupport.java:175)
        at java.util.concurrent.locks.AbstractQueuedSynchronizer$ConditionObject.await(AbstractQueuedSynchronizer.java:2039)
        at java.util.concurrent.ScheduledThreadPoolExecutor$DelayedWorkQueue.take(ScheduledThreadPoolExecutor.java:1088)
        at java.util.concurrent.ScheduledThreadPoolExecutor$DelayedWorkQueue.take(ScheduledThreadPoolExecutor.java:809)
        at java.util.concurrent.ThreadPoolExecutor.getTask(ThreadPoolExecutor.java:1074)
        at java.util.concurrent.ThreadPoolExecutor.runWorker(ThreadPoolExecutor.java:1134)
        at java.util.concurrent.ThreadPoolExecutor$Worker.run(ThreadPoolExecutor.java:624)
        at java.lang.Thread.run(Thread.java:750)
"qtp892092214-5348" daemon prio=5 tid=5348 timed_waiting
java.lang.Thread.State: TIMED_WAITING
        at sun.misc.Unsafe.park(Native Method)
        at java.util.concurrent.locks.LockSupport.parkNanos(LockSupport.java:215)
        at java.util.concurrent.locks.AbstractQueuedSynchronizer$ConditionObject.awaitNanos(AbstractQueuedSynchronizer.java:2078)
        at org.eclipse.jetty.util.BlockingArrayQueue.poll(BlockingArrayQueue.java:382)
        at org.eclipse.jetty.util.thread.QueuedThreadPool$Runner.idleJobPoll(QueuedThreadPool.java:974)
        at org.eclipse.jetty.util.thread.QueuedThreadPool$Runner.run(QueuedThreadPool.java:1018)
        at java.lang.Thread.run(Thread.java:750)
"IPC Server handler 5 on default port 39971" daemon prio=5 tid=6101 timed_waiting
java.lang.Thread.State: TIMED_WAITING
        at sun.misc.Unsafe.park(Native Method)
        at java.util.concurrent.locks.LockSupport.parkNanos(LockSupport.java:215)
        at java.util.concurrent.locks.AbstractQueuedSynchronizer$ConditionObject.awaitNanos(AbstractQueuedSynchronizer.java:2078)
        at java.util.concurrent.LinkedBlockingQueue.poll(LinkedBlockingQueue.java:467)
        at org.apache.hadoop.ipc.CallQueueManager.take(CallQueueManager.java:317)
        at org.apache.hadoop.ipc.Server$Handler.run(Server.java:2942)
"DirectoryDeletingService#0" daemon prio=5 tid=5246 timed_waiting
java.lang.Thread.State: TIMED_WAITING
        at sun.misc.Unsafe.park(Native Method)
        at java.util.concurrent.locks.LockSupport.parkNanos(LockSupport.java:215)
        at java.util.concurrent.locks.AbstractQueuedSynchronizer$ConditionObject.awaitNanos(AbstractQueuedSynchronizer.java:2078)
        at java.util.concurrent.ScheduledThreadPoolExecutor$DelayedWorkQueue.take(ScheduledThreadPoolExecutor.java:1093)
        at java.util.concurrent.ScheduledThreadPoolExecutor$DelayedWorkQueue.take(ScheduledThreadPoolExecutor.java:809)
        at java.util.concurrent.ThreadPoolExecutor.getTask(ThreadPoolExecutor.java:1074)
        at java.util.concurrent.ThreadPoolExecutor.runWorker(ThreadPoolExecutor.java:1134)
        at java.util.concurrent.ThreadPoolExecutor$Worker.run(ThreadPoolExecutor.java:624)
        at java.lang.Thread.run(Thread.java:750)
"pool-2589-thread-1"  prio=5 tid=5763 in Object.wait()
java.lang.Thread.State: WAITING (on object monitor)
        at sun.misc.Unsafe.park(Native Method)
        at java.util.concurrent.locks.LockSupport.park(LockSupport.java:175)
        at java.util.concurrent.locks.AbstractQueuedSynchronizer$ConditionObject.await(AbstractQueuedSynchronizer.java:2039)
        at java.util.concurrent.LinkedBlockingQueue.take(LinkedBlockingQueue.java:442)
        at java.util.concurrent.ThreadPoolExecutor.getTask(ThreadPoolExecutor.java:1074)
        at java.util.concurrent.ThreadPoolExecutor.runWorker(ThreadPoolExecutor.java:1134)
        at java.util.concurrent.ThreadPoolExecutor$Worker.run(ThreadPoolExecutor.java:624)
        at java.lang.Thread.run(Thread.java:750)
"qtp1689937595-4544-acceptor-0@16a65924-ServerConnector@2f7d3ed4{HTTP/1.1, (http/1.1)}{0.0.0.0:42649}" daemon prio=3 tid=4544 runnable
java.lang.Thread.State: RUNNABLE
        at sun.nio.ch.ServerSocketChannelImpl.accept0(Native Method)
        at sun.nio.ch.ServerSocketChannelImpl.accept(ServerSocketChannelImpl.java:421)
        at sun.nio.ch.ServerSocketChannelImpl.accept(ServerSocketChannelImpl.java:249)
        at org.eclipse.jetty.server.ServerConnector.accept(ServerConnector.java:388)
        at org.eclipse.jetty.server.AbstractConnector$Acceptor.run(AbstractConnector.java:704)
        at org.eclipse.jetty.util.thread.QueuedThreadPool.runJob(QueuedThreadPool.java:883)
        at org.eclipse.jetty.util.thread.QueuedThreadPool$Runner.run(QueuedThreadPool.java:1034)
        at java.lang.Thread.run(Thread.java:750)
"c61a6fab-067e-4f96-a855-8be46dab7c65@group-971EC9EF2D19->f64c422f-02be-4aba-b4a9-b2d4a3918880-GrpcLogAppender-LogAppenderDaemon" daemon prio=5 tid=5917 timed_waiting
java.lang.Thread.State: TIMED_WAITING
        at sun.misc.Unsafe.park(Native Method)
        at java.util.concurrent.locks.LockSupport.parkNanos(LockSupport.java:215)
        at java.util.concurrent.CompletableFuture$Signaller.block(CompletableFuture.java:1709)
        at java.util.concurrent.ForkJoinPool.managedBlock(ForkJoinPool.java:3323)
        at java.util.concurrent.CompletableFuture.timedGet(CompletableFuture.java:1788)
        at java.util.concurrent.CompletableFuture.get(CompletableFuture.java:1928)
        at org.apache.ratis.util.AwaitForSignal.await(AwaitForSignal.java:56)
        at org.apache.ratis.grpc.server.GrpcLogAppender.mayWait(GrpcLogAppender.java:198)
        at org.apache.ratis.grpc.server.GrpcLogAppender.run(GrpcLogAppender.java:148)
        at org.apache.ratis.server.leader.LogAppenderDaemon.run(LogAppenderDaemon.java:78)
        at org.apache.ratis.server.leader.LogAppenderDaemon$$Lambda$1074/55374302.run(Unknown Source)
        at java.lang.Thread.run(Thread.java:750)
"EndpointStateMachine task thread for /0.0.0.0:37589 - 0 "  prio=5 tid=5482 in Object.wait()
java.lang.Thread.State: WAITING (on object monitor)
        at sun.misc.Unsafe.park(Native Method)
        at java.util.concurrent.locks.LockSupport.park(LockSupport.java:175)
        at java.util.concurrent.locks.AbstractQueuedSynchronizer$ConditionObject.await(AbstractQueuedSynchronizer.java:2039)
        at java.util.concurrent.LinkedBlockingQueue.take(LinkedBlockingQueue.java:442)
        at java.util.concurrent.ThreadPoolExecutor.getTask(ThreadPoolExecutor.java:1074)
        at java.util.concurrent.ThreadPoolExecutor.runWorker(ThreadPoolExecutor.java:1134)
        at java.util.concurrent.ThreadPoolExecutor$Worker.run(ThreadPoolExecutor.java:624)
        at java.lang.Thread.run(Thread.java:750)
"qtp166603980-5299" daemon prio=5 tid=5299 timed_waiting
java.lang.Thread.State: TIMED_WAITING
        at sun.misc.Unsafe.park(Native Method)
        at java.util.concurrent.locks.LockSupport.parkNanos(LockSupport.java:215)
        at java.util.concurrent.locks.AbstractQueuedSynchronizer$ConditionObject.awaitNanos(AbstractQueuedSynchronizer.java:2078)
        at org.eclipse.jetty.util.BlockingArrayQueue.poll(BlockingArrayQueue.java:382)
        at org.eclipse.jetty.util.thread.QueuedThreadPool$Runner.idleJobPoll(QueuedThreadPool.java:974)
        at org.eclipse.jetty.util.thread.QueuedThreadPool$Runner.run(QueuedThreadPool.java:1018)
        at java.lang.Thread.run(Thread.java:750)
"IPC Server handler 1 on default port 36229" daemon prio=5 tid=5070 timed_waiting
java.lang.Thread.State: TIMED_WAITING
        at sun.misc.Unsafe.park(Native Method)
        at java.util.concurrent.locks.LockSupport.parkNanos(LockSupport.java:215)
        at java.util.concurrent.locks.AbstractQueuedSynchronizer$ConditionObject.awaitNanos(AbstractQueuedSynchronizer.java:2078)
        at java.util.concurrent.LinkedBlockingQueue.poll(LinkedBlockingQueue.java:467)
        at org.apache.hadoop.ipc.CallQueueManager.take(CallQueueManager.java:317)
        at org.apache.hadoop.ipc.Server$Handler.run(Server.java:2942)
"qtp37624766-4580" daemon prio=5 tid=4580 timed_waiting
java.lang.Thread.State: TIMED_WAITING
        at sun.misc.Unsafe.park(Native Method)
        at java.util.concurrent.locks.LockSupport.parkNanos(LockSupport.java:215)
        at java.util.concurrent.locks.AbstractQueuedSynchronizer$ConditionObject.awaitNanos(AbstractQueuedSynchronizer.java:2078)
        at org.eclipse.jetty.util.BlockingArrayQueue.poll(BlockingArrayQueue.java:382)
        at org.eclipse.jetty.util.thread.QueuedThreadPool$Runner.idleJobPoll(QueuedThreadPool.java:974)
        at org.eclipse.jetty.util.thread.QueuedThreadPool$Runner.run(QueuedThreadPool.java:1018)
        at java.lang.Thread.run(Thread.java:750)
"qtp1525027227-6166" daemon prio=5 tid=6166 timed_waiting
java.lang.Thread.State: TIMED_WAITING
        at sun.misc.Unsafe.park(Native Method)
        at java.util.concurrent.locks.LockSupport.parkNanos(LockSupport.java:215)
        at java.util.concurrent.locks.AbstractQueuedSynchronizer$ConditionObject.awaitNanos(AbstractQueuedSynchronizer.java:2078)
        at org.eclipse.jetty.util.BlockingArrayQueue.poll(BlockingArrayQueue.java:382)
        at org.eclipse.jetty.util.thread.QueuedThreadPool$Runner.idleJobPoll(QueuedThreadPool.java:974)
        at org.eclipse.jetty.util.thread.QueuedThreadPool$Runner.run(QueuedThreadPool.java:1018)
        at java.lang.Thread.run(Thread.java:750)
"ContainerOp-e8dd15d0-68e9-4f12-a7cc-a9df22f54b30-8"  prio=5 tid=6029 in Object.wait()
java.lang.Thread.State: WAITING (on object monitor)
        at sun.misc.Unsafe.park(Native Method)
        at java.util.concurrent.locks.LockSupport.park(LockSupport.java:175)
        at java.util.concurrent.locks.AbstractQueuedSynchronizer$ConditionObject.await(AbstractQueuedSynchronizer.java:2039)
        at java.util.concurrent.LinkedBlockingQueue.take(LinkedBlockingQueue.java:442)
        at java.util.concurrent.ThreadPoolExecutor.getTask(ThreadPoolExecutor.java:1074)
        at java.util.concurrent.ThreadPoolExecutor.runWorker(ThreadPoolExecutor.java:1134)
        at java.util.concurrent.ThreadPoolExecutor$Worker.run(ThreadPoolExecutor.java:624)
        at java.lang.Thread.run(Thread.java:750)
"Periodic HDDS volume checker" daemon prio=5 tid=5370 timed_waiting
java.lang.Thread.State: TIMED_WAITING
        at sun.misc.Unsafe.park(Native Method)
        at java.util.concurrent.locks.LockSupport.parkNanos(LockSupport.java:215)
        at java.util.concurrent.locks.AbstractQueuedSynchronizer$ConditionObject.awaitNanos(AbstractQueuedSynchronizer.java:2078)
        at java.util.concurrent.ScheduledThreadPoolExecutor$DelayedWorkQueue.take(ScheduledThreadPoolExecutor.java:1093)
        at java.util.concurrent.ScheduledThreadPoolExecutor$DelayedWorkQueue.take(ScheduledThreadPoolExecutor.java:809)
        at java.util.concurrent.ThreadPoolExecutor.getTask(ThreadPoolExecutor.java:1074)
        at java.util.concurrent.ThreadPoolExecutor.runWorker(ThreadPoolExecutor.java:1134)
        at java.util.concurrent.ThreadPoolExecutor$Worker.run(ThreadPoolExecutor.java:624)
        at java.lang.Thread.run(Thread.java:750)
"ChunkWriter-2-0" daemon prio=5 tid=5538 in Object.wait()
java.lang.Thread.State: WAITING (on object monitor)
        at sun.misc.Unsafe.park(Native Method)
        at java.util.concurrent.locks.LockSupport.park(LockSupport.java:175)
        at java.util.concurrent.locks.AbstractQueuedSynchronizer$ConditionObject.await(AbstractQueuedSynchronizer.java:2039)
        at java.util.concurrent.LinkedBlockingDeque.takeFirst(LinkedBlockingDeque.java:492)
        at java.util.concurrent.LinkedBlockingDeque.take(LinkedBlockingDeque.java:680)
        at java.util.concurrent.ThreadPoolExecutor.getTask(ThreadPoolExecutor.java:1074)
        at java.util.concurrent.ThreadPoolExecutor.runWorker(ThreadPoolExecutor.java:1134)
        at java.util.concurrent.ThreadPoolExecutor$Worker.run(ThreadPoolExecutor.java:624)
        at java.lang.Thread.run(Thread.java:750)
"qtp1836398767-4520" daemon prio=5 tid=4520 timed_waiting
java.lang.Thread.State: TIMED_WAITING
        at sun.misc.Unsafe.park(Native Method)
        at java.util.concurrent.locks.LockSupport.parkNanos(LockSupport.java:215)
        at java.util.concurrent.locks.AbstractQueuedSynchronizer$ConditionObject.awaitNanos(AbstractQueuedSynchronizer.java:2078)
        at org.eclipse.jetty.util.BlockingArrayQueue.poll(BlockingArrayQueue.java:382)
        at org.eclipse.jetty.util.thread.QueuedThreadPool$Runner.idleJobPoll(QueuedThreadPool.java:974)
        at org.eclipse.jetty.util.thread.QueuedThreadPool$Runner.run(QueuedThreadPool.java:1018)
        at java.lang.Thread.run(Thread.java:750)
"ContainerOp-e8dd15d0-68e9-4f12-a7cc-a9df22f54b30-3"  prio=5 tid=5991 in Object.wait()
java.lang.Thread.State: WAITING (on object monitor)
        at sun.misc.Unsafe.park(Native Method)
        at java.util.concurrent.locks.LockSupport.park(LockSupport.java:175)
        at java.util.concurrent.locks.AbstractQueuedSynchronizer$ConditionObject.await(AbstractQueuedSynchronizer.java:2039)
        at java.util.concurrent.LinkedBlockingQueue.take(LinkedBlockingQueue.java:442)
        at java.util.concurrent.ThreadPoolExecutor.getTask(ThreadPoolExecutor.java:1074)
        at java.util.concurrent.ThreadPoolExecutor.runWorker(ThreadPoolExecutor.java:1134)
        at java.util.concurrent.ThreadPoolExecutor$Worker.run(ThreadPoolExecutor.java:624)
        at java.lang.Thread.run(Thread.java:750)
"FixedThreadPoolWithAffinityExecutor-7-0" daemon prio=5 tid=5064 timed_waiting
java.lang.Thread.State: TIMED_WAITING
        at sun.misc.Unsafe.park(Native Method)
        at java.util.concurrent.locks.LockSupport.parkNanos(LockSupport.java:215)
        at java.util.concurrent.locks.AbstractQueuedSynchronizer$ConditionObject.awaitNanos(AbstractQueuedSynchronizer.java:2078)
        at java.util.concurrent.LinkedBlockingQueue.poll(LinkedBlockingQueue.java:467)
        at org.apache.hadoop.hdds.scm.server.ContainerReportQueue.poll(ContainerReportQueue.java:266)
        at org.apache.hadoop.hdds.scm.server.ContainerReportQueue.poll(ContainerReportQueue.java:42)
        at org.apache.hadoop.hdds.server.events.FixedThreadPoolWithAffinityExecutor$ContainerReportProcessTask.run(FixedThreadPoolWithAffinityExecutor.java:248)
        at java.util.concurrent.Executors$RunnableAdapter.call(Executors.java:511)
        at java.util.concurrent.FutureTask.run(FutureTask.java:266)
        at java.util.concurrent.ThreadPoolExecutor.runWorker(ThreadPoolExecutor.java:1149)
        at java.util.concurrent.ThreadPoolExecutor$Worker.run(ThreadPoolExecutor.java:624)
        at java.lang.Thread.run(Thread.java:750)
"IPC Server handler 17 on default port 41047" daemon prio=5 tid=6156 timed_waiting
java.lang.Thread.State: TIMED_WAITING
        at sun.misc.Unsafe.park(Native Method)
        at java.util.concurrent.locks.LockSupport.parkNanos(LockSupport.java:215)
        at java.util.concurrent.locks.AbstractQueuedSynchronizer$ConditionObject.awaitNanos(AbstractQueuedSynchronizer.java:2078)
        at java.util.concurrent.LinkedBlockingQueue.poll(LinkedBlockingQueue.java:467)
        at org.apache.hadoop.ipc.CallQueueManager.take(CallQueueManager.java:317)
        at org.apache.hadoop.ipc.Server$Handler.run(Server.java:2942)
"IPC Server handler 8 on default port 36229" daemon prio=5 tid=5077 timed_waiting
java.lang.Thread.State: TIMED_WAITING
        at sun.misc.Unsafe.park(Native Method)
        at java.util.concurrent.locks.LockSupport.parkNanos(LockSupport.java:215)
        at java.util.concurrent.locks.AbstractQueuedSynchronizer$ConditionObject.awaitNanos(AbstractQueuedSynchronizer.java:2078)
        at java.util.concurrent.LinkedBlockingQueue.poll(LinkedBlockingQueue.java:467)
        at org.apache.hadoop.ipc.CallQueueManager.take(CallQueueManager.java:317)
        at org.apache.hadoop.ipc.Server$Handler.run(Server.java:2942)
"Datanode ReportManager Thread - 0" daemon prio=5 tid=4525 in Object.wait()
java.lang.Thread.State: WAITING (on object monitor)
        at sun.misc.Unsafe.park(Native Method)
        at java.util.concurrent.locks.LockSupport.park(LockSupport.java:175)
        at java.util.concurrent.locks.AbstractQueuedSynchronizer$ConditionObject.await(AbstractQueuedSynchronizer.java:2039)
        at java.util.concurrent.ScheduledThreadPoolExecutor$DelayedWorkQueue.take(ScheduledThreadPoolExecutor.java:1088)
        at java.util.concurrent.ScheduledThreadPoolExecutor$DelayedWorkQueue.take(ScheduledThreadPoolExecutor.java:809)
        at java.util.concurrent.ThreadPoolExecutor.getTask(ThreadPoolExecutor.java:1074)
        at java.util.concurrent.ThreadPoolExecutor.runWorker(ThreadPoolExecutor.java:1134)
        at java.util.concurrent.ThreadPoolExecutor$Worker.run(ThreadPoolExecutor.java:624)
        at java.lang.Thread.run(Thread.java:750)
"f64c422f-02be-4aba-b4a9-b2d4a3918880-impl-thread1"  prio=5 tid=5315 timed_waiting
java.lang.Thread.State: TIMED_WAITING
        at sun.misc.Unsafe.park(Native Method)
        at java.util.concurrent.locks.LockSupport.parkNanos(LockSupport.java:215)
        at java.util.concurrent.SynchronousQueue$TransferStack.awaitFulfill(SynchronousQueue.java:460)
        at java.util.concurrent.SynchronousQueue$TransferStack.transfer(SynchronousQueue.java:362)
        at java.util.concurrent.SynchronousQueue.poll(SynchronousQueue.java:941)
        at java.util.concurrent.ThreadPoolExecutor.getTask(ThreadPoolExecutor.java:1073)
        at java.util.concurrent.ThreadPoolExecutor.runWorker(ThreadPoolExecutor.java:1134)
        at java.util.concurrent.ThreadPoolExecutor$Worker.run(ThreadPoolExecutor.java:624)
        at java.lang.Thread.run(Thread.java:750)
"org.apache.hadoop.ozone.container.common.statemachine.commandhandler.DeleteBlocksCommandHandler$DeleteCmdWorker@1fa6496d" daemon prio=5 tid=4643 timed_waiting
java.lang.Thread.State: TIMED_WAITING
        at java.lang.Thread.sleep(Native Method)
        at org.apache.hadoop.ozone.container.common.statemachine.commandhandler.DeleteBlocksCommandHandler$DeleteCmdWorker.run(DeleteBlocksCommandHandler.java:184)
        at java.lang.Thread.run(Thread.java:750)
"IPC Server handler 19 on default port 45167" daemon prio=5 tid=6135 timed_waiting
java.lang.Thread.State: TIMED_WAITING
        at sun.misc.Unsafe.park(Native Method)
        at java.util.concurrent.locks.LockSupport.parkNanos(LockSupport.java:215)
        at java.util.concurrent.locks.AbstractQueuedSynchronizer$ConditionObject.awaitNanos(AbstractQueuedSynchronizer.java:2078)
        at java.util.concurrent.LinkedBlockingQueue.poll(LinkedBlockingQueue.java:467)
        at org.apache.hadoop.ipc.CallQueueManager.take(CallQueueManager.java:317)
        at org.apache.hadoop.ipc.Server$Handler.run(Server.java:2942)
"f9a60067-2236-4cd7-b231-4cb6898cc822-server-thread1" daemon prio=5 tid=5933 timed_waiting
java.lang.Thread.State: TIMED_WAITING
        at sun.misc.Unsafe.park(Native Method)
        at java.util.concurrent.locks.LockSupport.parkNanos(LockSupport.java:215)
        at java.util.concurrent.SynchronousQueue$TransferStack.awaitFulfill(SynchronousQueue.java:460)
        at java.util.concurrent.SynchronousQueue$TransferStack.transfer(SynchronousQueue.java:362)
        at java.util.concurrent.SynchronousQueue.poll(SynchronousQueue.java:941)
        at java.util.concurrent.ThreadPoolExecutor.getTask(ThreadPoolExecutor.java:1073)
        at java.util.concurrent.ThreadPoolExecutor.runWorker(ThreadPoolExecutor.java:1134)
        at java.util.concurrent.ThreadPoolExecutor$Worker.run(ThreadPoolExecutor.java:624)
        at java.lang.Thread.run(Thread.java:750)
"qtp37624766-4577" daemon prio=5 tid=4577 runnable
java.lang.Thread.State: RUNNABLE
        at sun.nio.ch.EPollArrayWrapper.epollWait(Native Method)
        at sun.nio.ch.EPollArrayWrapper.poll(EPollArrayWrapper.java:269)
        at sun.nio.ch.EPollSelectorImpl.doSelect(EPollSelectorImpl.java:93)
        at sun.nio.ch.SelectorImpl.lockAndDoSelect(SelectorImpl.java:86)
        at sun.nio.ch.SelectorImpl.select(SelectorImpl.java:97)
        at sun.nio.ch.SelectorImpl.select(SelectorImpl.java:101)
        at org.eclipse.jetty.io.ManagedSelector.nioSelect(ManagedSelector.java:183)
        at org.eclipse.jetty.io.ManagedSelector.select(ManagedSelector.java:190)
        at org.eclipse.jetty.io.ManagedSelector$SelectorProducer.select(ManagedSelector.java:606)
        at org.eclipse.jetty.io.ManagedSelector$SelectorProducer.produce(ManagedSelector.java:543)
        at org.eclipse.jetty.util.thread.strategy.EatWhatYouKill.produceTask(EatWhatYouKill.java:362)
        at org.eclipse.jetty.util.thread.strategy.EatWhatYouKill.doProduce(EatWhatYouKill.java:186)
        at org.eclipse.jetty.util.thread.strategy.EatWhatYouKill.tryProduce(EatWhatYouKill.java:173)
        at org.eclipse.jetty.util.thread.strategy.EatWhatYouKill.produce(EatWhatYouKill.java:137)
        at org.eclipse.jetty.io.ManagedSelector$$Lambda$480/780706792.run(Unknown Source)
        at org.eclipse.jetty.util.thread.QueuedThreadPool.runJob(QueuedThreadPool.java:883)
        at org.eclipse.jetty.util.thread.QueuedThreadPool$Runner.run(QueuedThreadPool.java:1034)
        at java.lang.Thread.run(Thread.java:750)
"Datanode State Machine Task Thread - 0"  prio=5 tid=4532 in Object.wait()
java.lang.Thread.State: WAITING (on object monitor)
        at sun.misc.Unsafe.park(Native Method)
        at java.util.concurrent.locks.LockSupport.park(LockSupport.java:175)
        at java.util.concurrent.locks.AbstractQueuedSynchronizer$ConditionObject.await(AbstractQueuedSynchronizer.java:2039)
        at java.util.concurrent.LinkedBlockingQueue.take(LinkedBlockingQueue.java:442)
        at java.util.concurrent.ThreadPoolExecutor.getTask(ThreadPoolExecutor.java:1074)
        at java.util.concurrent.ThreadPoolExecutor.runWorker(ThreadPoolExecutor.java:1134)
        at java.util.concurrent.ThreadPoolExecutor$Worker.run(ThreadPoolExecutor.java:624)
        at java.lang.Thread.run(Thread.java:750)
"BlockDeletingService#2" daemon prio=5 tid=6199 in Object.wait()
java.lang.Thread.State: WAITING (on object monitor)
        at sun.misc.Unsafe.park(Native Method)
        at java.util.concurrent.locks.LockSupport.park(LockSupport.java:175)
        at java.util.concurrent.locks.AbstractQueuedSynchronizer$ConditionObject.await(AbstractQueuedSynchronizer.java:2039)
        at java.util.concurrent.ScheduledThreadPoolExecutor$DelayedWorkQueue.take(ScheduledThreadPoolExecutor.java:1088)
        at java.util.concurrent.ScheduledThreadPoolExecutor$DelayedWorkQueue.take(ScheduledThreadPoolExecutor.java:809)
        at java.util.concurrent.ThreadPoolExecutor.getTask(ThreadPoolExecutor.java:1074)
        at java.util.concurrent.ThreadPoolExecutor.runWorker(ThreadPoolExecutor.java:1134)
        at java.util.concurrent.ThreadPoolExecutor$Worker.run(ThreadPoolExecutor.java:624)
        at java.lang.Thread.run(Thread.java:750)
"EventQueue-NewNodeForNewNodeHandler" daemon prio=5 tid=5528 in Object.wait()
java.lang.Thread.State: WAITING (on object monitor)
        at sun.misc.Unsafe.park(Native Method)
        at java.util.concurrent.locks.LockSupport.park(LockSupport.java:175)
        at java.util.concurrent.locks.AbstractQueuedSynchronizer$ConditionObject.await(AbstractQueuedSynchronizer.java:2039)
        at java.util.concurrent.LinkedBlockingQueue.take(LinkedBlockingQueue.java:442)
        at java.util.concurrent.ThreadPoolExecutor.getTask(ThreadPoolExecutor.java:1074)
        at java.util.concurrent.ThreadPoolExecutor.runWorker(ThreadPoolExecutor.java:1134)
        at java.util.concurrent.ThreadPoolExecutor$Worker.run(ThreadPoolExecutor.java:624)
        at java.lang.Thread.run(Thread.java:750)
"Command processor thread" daemon prio=5 tid=4424 timed_waiting
java.lang.Thread.State: TIMED_WAITING
        at java.lang.Thread.sleep(Native Method)
        at org.apache.hadoop.ozone.container.common.statemachine.DatanodeStateMachine.lambda$initCommandHandlerThread$3(DatanodeStateMachine.java:641)
        at org.apache.hadoop.ozone.container.common.statemachine.DatanodeStateMachine$$Lambda$787/534002387.run(Unknown Source)
        at java.lang.Thread.run(Thread.java:750)
"EventQueue-PipelineReportForPipelineReportHandler" daemon prio=5 tid=6177 in Object.wait()
java.lang.Thread.State: WAITING (on object monitor)
        at sun.misc.Unsafe.park(Native Method)
        at java.util.concurrent.locks.LockSupport.park(LockSupport.java:175)
        at java.util.concurrent.locks.AbstractQueuedSynchronizer$ConditionObject.await(AbstractQueuedSynchronizer.java:2039)
        at java.util.concurrent.LinkedBlockingQueue.take(LinkedBlockingQueue.java:442)
        at java.util.concurrent.ThreadPoolExecutor.getTask(ThreadPoolExecutor.java:1074)
        at java.util.concurrent.ThreadPoolExecutor.runWorker(ThreadPoolExecutor.java:1134)
        at java.util.concurrent.ThreadPoolExecutor$Worker.run(ThreadPoolExecutor.java:624)
        at java.lang.Thread.run(Thread.java:750)
"om1-impl-thread1"  prio=5 tid=5196 timed_waiting
java.lang.Thread.State: TIMED_WAITING
        at sun.misc.Unsafe.park(Native Method)
        at java.util.concurrent.locks.LockSupport.parkNanos(LockSupport.java:215)
        at java.util.concurrent.SynchronousQueue$TransferStack.awaitFulfill(SynchronousQueue.java:460)
        at java.util.concurrent.SynchronousQueue$TransferStack.transfer(SynchronousQueue.java:362)
        at java.util.concurrent.SynchronousQueue.poll(SynchronousQueue.java:941)
        at java.util.concurrent.ThreadPoolExecutor.getTask(ThreadPoolExecutor.java:1073)
        at java.util.concurrent.ThreadPoolExecutor.runWorker(ThreadPoolExecutor.java:1134)
        at java.util.concurrent.ThreadPoolExecutor$Worker.run(ThreadPoolExecutor.java:624)
        at java.lang.Thread.run(Thread.java:750)
"IPC Server handler 4 on default port 37589" daemon prio=5 tid=5114 timed_waiting
java.lang.Thread.State: TIMED_WAITING
        at sun.misc.Unsafe.park(Native Method)
        at java.util.concurrent.locks.LockSupport.parkNanos(LockSupport.java:215)
        at java.util.concurrent.locks.AbstractQueuedSynchronizer$ConditionObject.awaitNanos(AbstractQueuedSynchronizer.java:2078)
        at java.util.concurrent.LinkedBlockingQueue.poll(LinkedBlockingQueue.java:467)
        at org.apache.hadoop.ipc.CallQueueManager.take(CallQueueManager.java:317)
        at org.apache.hadoop.ipc.Server$Handler.run(Server.java:2942)
"qtp1251079119-4348" daemon prio=5 tid=4348 timed_waiting
java.lang.Thread.State: TIMED_WAITING
        at sun.misc.Unsafe.park(Native Method)
        at java.util.concurrent.locks.LockSupport.parkNanos(LockSupport.java:215)
        at java.util.concurrent.locks.AbstractQueuedSynchronizer$ConditionObject.awaitNanos(AbstractQueuedSynchronizer.java:2078)
        at org.eclipse.jetty.util.BlockingArrayQueue.poll(BlockingArrayQueue.java:382)
        at org.eclipse.jetty.util.thread.QueuedThreadPool$Runner.idleJobPoll(QueuedThreadPool.java:974)
        at org.eclipse.jetty.util.thread.QueuedThreadPool$Runner.run(QueuedThreadPool.java:1018)
        at java.lang.Thread.run(Thread.java:750)
"96238b2c-9f01-47c7-9db9-9b3e1b0f8a5c-server-thread3"  prio=5 tid=5970 timed_waiting
java.lang.Thread.State: TIMED_WAITING
        at sun.misc.Unsafe.park(Native Method)
        at java.util.concurrent.locks.LockSupport.parkNanos(LockSupport.java:215)
        at java.util.concurrent.SynchronousQueue$TransferStack.awaitFulfill(SynchronousQueue.java:460)
        at java.util.concurrent.SynchronousQueue$TransferStack.transfer(SynchronousQueue.java:362)
        at java.util.concurrent.SynchronousQueue.poll(SynchronousQueue.java:941)
        at java.util.concurrent.ThreadPoolExecutor.getTask(ThreadPoolExecutor.java:1073)
        at java.util.concurrent.ThreadPoolExecutor.runWorker(ThreadPoolExecutor.java:1134)
        at java.util.concurrent.ThreadPoolExecutor$Worker.run(ThreadPoolExecutor.java:624)
        at java.lang.Thread.run(Thread.java:750)
"EndpointStateMachine task thread for /0.0.0.0:41047 - 0 "  prio=5 tid=4703 in Object.wait()
java.lang.Thread.State: WAITING (on object monitor)
        at sun.misc.Unsafe.park(Native Method)
        at java.util.concurrent.locks.LockSupport.park(LockSupport.java:175)
        at java.util.concurrent.locks.AbstractQueuedSynchronizer$ConditionObject.await(AbstractQueuedSynchronizer.java:2039)
        at java.util.concurrent.LinkedBlockingQueue.take(LinkedBlockingQueue.java:442)
        at java.util.concurrent.ThreadPoolExecutor.getTask(ThreadPoolExecutor.java:1074)
        at java.util.concurrent.ThreadPoolExecutor.runWorker(ThreadPoolExecutor.java:1134)
        at java.util.concurrent.ThreadPoolExecutor$Worker.run(ThreadPoolExecutor.java:624)
        at java.lang.Thread.run(Thread.java:750)
"Periodic HDDS volume checker" daemon prio=5 tid=4508 timed_waiting
java.lang.Thread.State: TIMED_WAITING
        at sun.misc.Unsafe.park(Native Method)
        at java.util.concurrent.locks.LockSupport.parkNanos(LockSupport.java:215)
        at java.util.concurrent.locks.AbstractQueuedSynchronizer$ConditionObject.awaitNanos(AbstractQueuedSynchronizer.java:2078)
        at java.util.concurrent.ScheduledThreadPoolExecutor$DelayedWorkQueue.take(ScheduledThreadPoolExecutor.java:1093)
        at java.util.concurrent.ScheduledThreadPoolExecutor$DelayedWorkQueue.take(ScheduledThreadPoolExecutor.java:809)
        at java.util.concurrent.ThreadPoolExecutor.getTask(ThreadPoolExecutor.java:1074)
        at java.util.concurrent.ThreadPoolExecutor.runWorker(ThreadPoolExecutor.java:1134)
        at java.util.concurrent.ThreadPoolExecutor$Worker.run(ThreadPoolExecutor.java:624)
        at java.lang.Thread.run(Thread.java:750)
"Datanode ReportManager Thread - 3" daemon prio=5 tid=5333 in Object.wait()
java.lang.Thread.State: WAITING (on object monitor)
        at sun.misc.Unsafe.park(Native Method)
        at java.util.concurrent.locks.LockSupport.park(LockSupport.java:175)
        at java.util.concurrent.locks.AbstractQueuedSynchronizer$ConditionObject.await(AbstractQueuedSynchronizer.java:2039)
        at java.util.concurrent.ScheduledThreadPoolExecutor$DelayedWorkQueue.take(ScheduledThreadPoolExecutor.java:1088)
        at java.util.concurrent.ScheduledThreadPoolExecutor$DelayedWorkQueue.take(ScheduledThreadPoolExecutor.java:809)
        at java.util.concurrent.ThreadPoolExecutor.getTask(ThreadPoolExecutor.java:1074)
        at java.util.concurrent.ThreadPoolExecutor.runWorker(ThreadPoolExecutor.java:1134)
        at java.util.concurrent.ThreadPoolExecutor$Worker.run(ThreadPoolExecutor.java:624)
        at java.lang.Thread.run(Thread.java:750)
"qtp1824915848-4399" daemon prio=5 tid=4399 timed_waiting
java.lang.Thread.State: TIMED_WAITING
        at sun.misc.Unsafe.park(Native Method)
        at java.util.concurrent.locks.LockSupport.parkNanos(LockSupport.java:215)
        at java.util.concurrent.locks.AbstractQueuedSynchronizer$ConditionObject.awaitNanos(AbstractQueuedSynchronizer.java:2078)
        at org.eclipse.jetty.util.BlockingArrayQueue.poll(BlockingArrayQueue.java:382)
        at org.eclipse.jetty.util.thread.QueuedThreadPool$Runner.idleJobPoll(QueuedThreadPool.java:974)
        at org.eclipse.jetty.util.thread.QueuedThreadPool$Runner.run(QueuedThreadPool.java:1018)
        at java.lang.Thread.run(Thread.java:750)
"ContainerOp-e8dd15d0-68e9-4f12-a7cc-a9df22f54b30-5"  prio=5 tid=5998 in Object.wait()
java.lang.Thread.State: WAITING (on object monitor)
        at sun.misc.Unsafe.park(Native Method)
        at java.util.concurrent.locks.LockSupport.park(LockSupport.java:175)
        at java.util.concurrent.locks.AbstractQueuedSynchronizer$ConditionObject.await(AbstractQueuedSynchronizer.java:2039)
        at java.util.concurrent.LinkedBlockingQueue.take(LinkedBlockingQueue.java:442)
        at java.util.concurrent.ThreadPoolExecutor.getTask(ThreadPoolExecutor.java:1074)
        at java.util.concurrent.ThreadPoolExecutor.runWorker(ThreadPoolExecutor.java:1134)
        at java.util.concurrent.ThreadPoolExecutor$Worker.run(ThreadPoolExecutor.java:624)
        at java.lang.Thread.run(Thread.java:750)
"c61a6fab-067e-4f96-a855-8be46dab7c65@group-971EC9EF2D19-SegmentedRaftLogWorker"  prio=5 tid=5703 timed_waiting
java.lang.Thread.State: TIMED_WAITING
        at sun.misc.Unsafe.park(Native Method)
        at java.util.concurrent.locks.LockSupport.parkNanos(LockSupport.java:215)
        at java.util.concurrent.locks.AbstractQueuedSynchronizer$ConditionObject.awaitNanos(AbstractQueuedSynchronizer.java:2078)
        at org.apache.ratis.util.DataBlockingQueue.poll(DataBlockingQueue.java:148)
        at org.apache.ratis.server.raftlog.segmented.SegmentedRaftLogWorker.run(SegmentedRaftLogWorker.java:310)
        at org.apache.ratis.server.raftlog.segmented.SegmentedRaftLogWorker$$Lambda$699/1565409370.run(Unknown Source)
        at java.lang.Thread.run(Thread.java:750)
"IPC Server handler 3 on default port 36229" daemon prio=5 tid=5072 timed_waiting
java.lang.Thread.State: TIMED_WAITING
        at sun.misc.Unsafe.park(Native Method)
        at java.util.concurrent.locks.LockSupport.parkNanos(LockSupport.java:215)
        at java.util.concurrent.locks.AbstractQueuedSynchronizer$ConditionObject.awaitNanos(AbstractQueuedSynchronizer.java:2078)
        at java.util.concurrent.LinkedBlockingQueue.poll(LinkedBlockingQueue.java:467)
        at org.apache.hadoop.ipc.CallQueueManager.take(CallQueueManager.java:317)
        at org.apache.hadoop.ipc.Server$Handler.run(Server.java:2942)
"Session-HouseKeeper-557a94ee-1"  prio=5 tid=4551 timed_waiting
java.lang.Thread.State: TIMED_WAITING
        at sun.misc.Unsafe.park(Native Method)
        at java.util.concurrent.locks.LockSupport.parkNanos(LockSupport.java:215)
        at java.util.concurrent.locks.AbstractQueuedSynchronizer$ConditionObject.awaitNanos(AbstractQueuedSynchronizer.java:2078)
        at java.util.concurrent.ScheduledThreadPoolExecutor$DelayedWorkQueue.take(ScheduledThreadPoolExecutor.java:1093)
        at java.util.concurrent.ScheduledThreadPoolExecutor$DelayedWorkQueue.take(ScheduledThreadPoolExecutor.java:809)
        at java.util.concurrent.ThreadPoolExecutor.getTask(ThreadPoolExecutor.java:1074)
        at java.util.concurrent.ThreadPoolExecutor.runWorker(ThreadPoolExecutor.java:1134)
        at java.util.concurrent.ThreadPoolExecutor$Worker.run(ThreadPoolExecutor.java:624)
        at java.lang.Thread.run(Thread.java:750)
"JvmPauseMonitor51" daemon prio=5 tid=5243 timed_waiting
java.lang.Thread.State: TIMED_WAITING
        at java.lang.Thread.sleep(Native Method)
        at java.lang.Thread.sleep(Thread.java:342)
        at java.util.concurrent.TimeUnit.sleep(TimeUnit.java:386)
        at org.apache.ratis.util.TimeDuration.sleep(TimeDuration.java:325)
        at org.apache.ratis.util.TimeDuration.sleep(TimeDuration.java:310)
        at org.apache.ratis.util.JvmPauseMonitor.detectPause(JvmPauseMonitor.java:119)
        at org.apache.ratis.util.JvmPauseMonitor.run(JvmPauseMonitor.java:108)
        at org.apache.ratis.util.JvmPauseMonitor$$Lambda$740/613108676.run(Unknown Source)
        at java.lang.Thread.run(Thread.java:750)
"Datanode State Machine Daemon Thread" daemon prio=5 tid=4615 timed_waiting
java.lang.Thread.State: TIMED_WAITING
        at java.lang.Thread.sleep(Native Method)
        at org.apache.hadoop.ozone.container.common.statemachine.DatanodeStateMachine.startStateMachineThread(DatanodeStateMachine.java:321)
        at org.apache.hadoop.ozone.container.common.statemachine.DatanodeStateMachine.lambda$startDaemon$0(DatanodeStateMachine.java:506)
        at org.apache.hadoop.ozone.container.common.statemachine.DatanodeStateMachine$$Lambda$785/1058385645.run(Unknown Source)
        at java.lang.Thread.run(Thread.java:750)
"Datanode ReportManager Thread - 1" daemon prio=5 tid=5506 in Object.wait()
java.lang.Thread.State: WAITING (on object monitor)
        at sun.misc.Unsafe.park(Native Method)
        at java.util.concurrent.locks.LockSupport.park(LockSupport.java:175)
        at java.util.concurrent.locks.AbstractQueuedSynchronizer$ConditionObject.await(AbstractQueuedSynchronizer.java:2039)
        at java.util.concurrent.ScheduledThreadPoolExecutor$DelayedWorkQueue.take(ScheduledThreadPoolExecutor.java:1088)
        at java.util.concurrent.ScheduledThreadPoolExecutor$DelayedWorkQueue.take(ScheduledThreadPoolExecutor.java:809)
        at java.util.concurrent.ThreadPoolExecutor.getTask(ThreadPoolExecutor.java:1074)
        at java.util.concurrent.ThreadPoolExecutor.runWorker(ThreadPoolExecutor.java:1134)
        at java.util.concurrent.ThreadPoolExecutor$Worker.run(ThreadPoolExecutor.java:624)
        at java.lang.Thread.run(Thread.java:750)
"org.apache.hadoop.util.JvmPauseMonitor$Monitor@5ec59c22" daemon prio=5 tid=4425 timed_waiting
java.lang.Thread.State: TIMED_WAITING
        at java.lang.Thread.sleep(Native Method)
        at org.apache.hadoop.util.JvmPauseMonitor$Monitor.run(JvmPauseMonitor.java:192)
        at java.lang.Thread.run(Thread.java:750)
"qtp166603980-5298" daemon prio=5 tid=5298 timed_waiting
java.lang.Thread.State: TIMED_WAITING
        at sun.misc.Unsafe.park(Native Method)
        at java.util.concurrent.locks.LockSupport.parkNanos(LockSupport.java:215)
        at java.util.concurrent.locks.AbstractQueuedSynchronizer$ConditionObject.awaitNanos(AbstractQueuedSynchronizer.java:2078)
        at org.eclipse.jetty.util.BlockingArrayQueue.poll(BlockingArrayQueue.java:382)
        at org.eclipse.jetty.util.thread.QueuedThreadPool$Runner.idleJobPoll(QueuedThreadPool.java:974)
        at org.eclipse.jetty.util.thread.QueuedThreadPool$Runner.run(QueuedThreadPool.java:1018)
        at java.lang.Thread.run(Thread.java:750)
"c5d39dfa-102e-4c5e-b3d6-9bc931d9b70d@group-5E1D1D8F2ADD-LeaderStateImpl" daemon prio=5 tid=5907 timed_waiting
java.lang.Thread.State: TIMED_WAITING
        at sun.misc.Unsafe.park(Native Method)
        at java.util.concurrent.locks.LockSupport.parkNanos(LockSupport.java:215)
        at java.util.concurrent.locks.AbstractQueuedSynchronizer$ConditionObject.awaitNanos(AbstractQueuedSynchronizer.java:2078)
        at java.util.concurrent.ArrayBlockingQueue.poll(ArrayBlockingQueue.java:418)
        at org.apache.ratis.server.impl.LeaderStateImpl$EventQueue.poll(LeaderStateImpl.java:159)
        at org.apache.ratis.server.impl.LeaderStateImpl$EventProcessor.run(LeaderStateImpl.java:630)
"IPC Server handler 18 on default port 41915" daemon prio=5 tid=5108 timed_waiting
java.lang.Thread.State: TIMED_WAITING
        at sun.misc.Unsafe.park(Native Method)
        at java.util.concurrent.locks.LockSupport.parkNanos(LockSupport.java:215)
        at java.util.concurrent.locks.AbstractQueuedSynchronizer$ConditionObject.awaitNanos(AbstractQueuedSynchronizer.java:2078)
        at java.util.concurrent.LinkedBlockingQueue.poll(LinkedBlockingQueue.java:467)
        at org.apache.hadoop.ipc.CallQueueManager.take(CallQueueManager.java:317)
        at org.apache.hadoop.ipc.Server$Handler.run(Server.java:2942)
"1787d8bf-f3dc-4880-8863-743d3d33b765@group-5D57238A5754-StateMachineUpdater" daemon prio=5 tid=5725 timed_waiting
java.lang.Thread.State: TIMED_WAITING
        at sun.misc.Unsafe.park(Native Method)
        at java.util.concurrent.locks.LockSupport.parkNanos(LockSupport.java:215)
        at java.util.concurrent.CompletableFuture$Signaller.block(CompletableFuture.java:1709)
        at java.util.concurrent.ForkJoinPool.managedBlock(ForkJoinPool.java:3323)
        at java.util.concurrent.CompletableFuture.timedGet(CompletableFuture.java:1788)
        at java.util.concurrent.CompletableFuture.get(CompletableFuture.java:1928)
        at org.apache.ratis.util.AwaitForSignal.await(AwaitForSignal.java:56)
        at org.apache.ratis.server.impl.StateMachineUpdater.waitForCommit(StateMachineUpdater.java:207)
        at org.apache.ratis.server.impl.StateMachineUpdater.run(StateMachineUpdater.java:176)
        at java.lang.Thread.run(Thread.java:750)
"Session-HouseKeeper-19d88134-1"  prio=5 tid=4585 timed_waiting
java.lang.Thread.State: TIMED_WAITING
        at sun.misc.Unsafe.park(Native Method)
        at java.util.concurrent.locks.LockSupport.parkNanos(LockSupport.java:215)
        at java.util.concurrent.locks.AbstractQueuedSynchronizer$ConditionObject.awaitNanos(AbstractQueuedSynchronizer.java:2078)
        at java.util.concurrent.ScheduledThreadPoolExecutor$DelayedWorkQueue.take(ScheduledThreadPoolExecutor.java:1093)
        at java.util.concurrent.ScheduledThreadPoolExecutor$DelayedWorkQueue.take(ScheduledThreadPoolExecutor.java:809)
        at java.util.concurrent.ThreadPoolExecutor.getTask(ThreadPoolExecutor.java:1074)
        at java.util.concurrent.ThreadPoolExecutor.runWorker(ThreadPoolExecutor.java:1134)
        at java.util.concurrent.ThreadPoolExecutor$Worker.run(ThreadPoolExecutor.java:624)
        at java.lang.Thread.run(Thread.java:750)
"pool-2049-thread-1" daemon prio=5 tid=4536 timed_waiting
java.lang.Thread.State: TIMED_WAITING
        at sun.misc.Unsafe.park(Native Method)
        at java.util.concurrent.locks.LockSupport.parkNanos(LockSupport.java:215)
        at java.util.concurrent.locks.AbstractQueuedSynchronizer$ConditionObject.awaitNanos(AbstractQueuedSynchronizer.java:2078)
        at java.util.concurrent.ScheduledThreadPoolExecutor$DelayedWorkQueue.take(ScheduledThreadPoolExecutor.java:1093)
        at java.util.concurrent.ScheduledThreadPoolExecutor$DelayedWorkQueue.take(ScheduledThreadPoolExecutor.java:809)
        at java.util.concurrent.ThreadPoolExecutor.getTask(ThreadPoolExecutor.java:1074)
        at java.util.concurrent.ThreadPoolExecutor.runWorker(ThreadPoolExecutor.java:1134)
        at java.util.concurrent.ThreadPoolExecutor$Worker.run(ThreadPoolExecutor.java:624)
        at java.lang.Thread.run(Thread.java:750)
"StaleRecoveringContainerScrubbingService#0" daemon prio=5 tid=4756 in Object.wait()
java.lang.Thread.State: WAITING (on object monitor)
        at sun.misc.Unsafe.park(Native Method)
        at java.util.concurrent.locks.LockSupport.park(LockSupport.java:175)
        at java.util.concurrent.locks.AbstractQueuedSynchronizer$ConditionObject.await(AbstractQueuedSynchronizer.java:2039)
        at java.util.concurrent.ScheduledThreadPoolExecutor$DelayedWorkQueue.take(ScheduledThreadPoolExecutor.java:1088)
        at java.util.concurrent.ScheduledThreadPoolExecutor$DelayedWorkQueue.take(ScheduledThreadPoolExecutor.java:809)
        at java.util.concurrent.ThreadPoolExecutor.getTask(ThreadPoolExecutor.java:1074)
        at java.util.concurrent.ThreadPoolExecutor.runWorker(ThreadPoolExecutor.java:1134)
        at java.util.concurrent.ThreadPoolExecutor$Worker.run(ThreadPoolExecutor.java:624)
        at java.lang.Thread.run(Thread.java:750)
"pool-2532-thread-1" daemon prio=5 tid=5414 timed_waiting
java.lang.Thread.State: TIMED_WAITING
        at sun.misc.Unsafe.park(Native Method)
        at java.util.concurrent.locks.LockSupport.parkNanos(LockSupport.java:215)
        at java.util.concurrent.locks.AbstractQueuedSynchronizer$ConditionObject.awaitNanos(AbstractQueuedSynchronizer.java:2078)
        at java.util.concurrent.ScheduledThreadPoolExecutor$DelayedWorkQueue.take(ScheduledThreadPoolExecutor.java:1093)
        at java.util.concurrent.ScheduledThreadPoolExecutor$DelayedWorkQueue.take(ScheduledThreadPoolExecutor.java:809)
        at java.util.concurrent.ThreadPoolExecutor.getTask(ThreadPoolExecutor.java:1074)
        at java.util.concurrent.ThreadPoolExecutor.runWorker(ThreadPoolExecutor.java:1134)
        at java.util.concurrent.ThreadPoolExecutor$Worker.run(ThreadPoolExecutor.java:624)
        at java.lang.Thread.run(Thread.java:750)
"SCMBlockDeletingService#0" daemon prio=5 tid=5130 timed_waiting
java.lang.Thread.State: TIMED_WAITING
        at sun.misc.Unsafe.park(Native Method)
        at java.util.concurrent.locks.LockSupport.parkNanos(LockSupport.java:215)
        at java.util.concurrent.locks.AbstractQueuedSynchronizer$ConditionObject.awaitNanos(AbstractQueuedSynchronizer.java:2078)
        at java.util.concurrent.ScheduledThreadPoolExecutor$DelayedWorkQueue.take(ScheduledThreadPoolExecutor.java:1093)
        at java.util.concurrent.ScheduledThreadPoolExecutor$DelayedWorkQueue.take(ScheduledThreadPoolExecutor.java:809)
        at java.util.concurrent.ThreadPoolExecutor.getTask(ThreadPoolExecutor.java:1074)
        at java.util.concurrent.ThreadPoolExecutor.runWorker(ThreadPoolExecutor.java:1134)
        at java.util.concurrent.ThreadPoolExecutor$Worker.run(ThreadPoolExecutor.java:624)
        at java.lang.Thread.run(Thread.java:750)
"JvmPauseMonitor52" daemon prio=5 tid=5396 timed_waiting
java.lang.Thread.State: TIMED_WAITING
        at java.lang.Thread.sleep(Native Method)
        at java.lang.Thread.sleep(Thread.java:342)
        at java.util.concurrent.TimeUnit.sleep(TimeUnit.java:386)
        at org.apache.ratis.util.TimeDuration.sleep(TimeDuration.java:325)
        at org.apache.ratis.util.TimeDuration.sleep(TimeDuration.java:310)
        at org.apache.ratis.util.JvmPauseMonitor.detectPause(JvmPauseMonitor.java:119)
        at org.apache.ratis.util.JvmPauseMonitor.run(JvmPauseMonitor.java:108)
        at org.apache.ratis.util.JvmPauseMonitor$$Lambda$740/613108676.run(Unknown Source)
        at java.lang.Thread.run(Thread.java:750)
"Datanode ReportManager Thread - 3" daemon prio=5 tid=4590 in Object.wait()
java.lang.Thread.State: WAITING (on object monitor)
        at sun.misc.Unsafe.park(Native Method)
        at java.util.concurrent.locks.LockSupport.park(LockSupport.java:175)
        at java.util.concurrent.locks.AbstractQueuedSynchronizer$ConditionObject.await(AbstractQueuedSynchronizer.java:2039)
        at java.util.concurrent.ScheduledThreadPoolExecutor$DelayedWorkQueue.take(ScheduledThreadPoolExecutor.java:1088)
        at java.util.concurrent.ScheduledThreadPoolExecutor$DelayedWorkQueue.take(ScheduledThreadPoolExecutor.java:809)
        at java.util.concurrent.ThreadPoolExecutor.getTask(ThreadPoolExecutor.java:1074)
        at java.util.concurrent.ThreadPoolExecutor.runWorker(ThreadPoolExecutor.java:1134)
        at java.util.concurrent.ThreadPoolExecutor$Worker.run(ThreadPoolExecutor.java:624)
        at java.lang.Thread.run(Thread.java:750)
"IPC Server handler 13 on default port 33459" daemon prio=5 tid=4371 timed_waiting
java.lang.Thread.State: TIMED_WAITING
        at sun.misc.Unsafe.park(Native Method)
        at java.util.concurrent.locks.LockSupport.parkNanos(LockSupport.java:215)
        at java.util.concurrent.locks.AbstractQueuedSynchronizer$ConditionObject.awaitNanos(AbstractQueuedSynchronizer.java:2078)
        at java.util.concurrent.LinkedBlockingQueue.poll(LinkedBlockingQueue.java:467)
        at org.apache.hadoop.ipc.CallQueueManager.take(CallQueueManager.java:317)
        at org.apache.hadoop.ipc.Server$Handler.run(Server.java:2942)
"Command processor thread" daemon prio=5 tid=5510 timed_waiting
java.lang.Thread.State: TIMED_WAITING
        at java.lang.Thread.sleep(Native Method)
        at org.apache.hadoop.ozone.container.common.statemachine.DatanodeStateMachine.lambda$initCommandHandlerThread$3(DatanodeStateMachine.java:641)
        at org.apache.hadoop.ozone.container.common.statemachine.DatanodeStateMachine$$Lambda$787/534002387.run(Unknown Source)
        at java.lang.Thread.run(Thread.java:750)
"f9a60067-2236-4cd7-b231-4cb6898cc822@group-10FAB4EE88CD-LeaderStateImpl" daemon prio=5 tid=5894 timed_waiting
java.lang.Thread.State: TIMED_WAITING
        at sun.misc.Unsafe.park(Native Method)
        at java.util.concurrent.locks.LockSupport.parkNanos(LockSupport.java:215)
        at java.util.concurrent.locks.AbstractQueuedSynchronizer$ConditionObject.awaitNanos(AbstractQueuedSynchronizer.java:2078)
        at java.util.concurrent.ArrayBlockingQueue.poll(ArrayBlockingQueue.java:418)
        at org.apache.ratis.server.impl.LeaderStateImpl$EventQueue.poll(LeaderStateImpl.java:159)
        at org.apache.ratis.server.impl.LeaderStateImpl$EventProcessor.run(LeaderStateImpl.java:630)
"om1@group-C5BA1605619E-StateMachineUpdater" daemon prio=5 tid=4333 timed_waiting
java.lang.Thread.State: TIMED_WAITING
        at sun.misc.Unsafe.park(Native Method)
        at java.util.concurrent.locks.LockSupport.parkNanos(LockSupport.java:215)
        at java.util.concurrent.CompletableFuture$Signaller.block(CompletableFuture.java:1709)
        at java.util.concurrent.ForkJoinPool.managedBlock(ForkJoinPool.java:3323)
        at java.util.concurrent.CompletableFuture.timedGet(CompletableFuture.java:1788)
        at java.util.concurrent.CompletableFuture.get(CompletableFuture.java:1928)
        at org.apache.ratis.util.AwaitForSignal.await(AwaitForSignal.java:56)
        at org.apache.ratis.server.impl.StateMachineUpdater.waitForCommit(StateMachineUpdater.java:207)
        at org.apache.ratis.server.impl.StateMachineUpdater.run(StateMachineUpdater.java:176)
        at java.lang.Thread.run(Thread.java:750)
"Datanode ReportManager Thread - 3" daemon prio=5 tid=4619 in Object.wait()
java.lang.Thread.State: WAITING (on object monitor)
        at sun.misc.Unsafe.park(Native Method)
        at java.util.concurrent.locks.LockSupport.park(LockSupport.java:175)
        at java.util.concurrent.locks.AbstractQueuedSynchronizer$ConditionObject.await(AbstractQueuedSynchronizer.java:2039)
        at java.util.concurrent.ScheduledThreadPoolExecutor$DelayedWorkQueue.take(ScheduledThreadPoolExecutor.java:1088)
        at java.util.concurrent.ScheduledThreadPoolExecutor$DelayedWorkQueue.take(ScheduledThreadPoolExecutor.java:809)
        at java.util.concurrent.ThreadPoolExecutor.getTask(ThreadPoolExecutor.java:1074)
        at java.util.concurrent.ThreadPoolExecutor.runWorker(ThreadPoolExecutor.java:1134)
        at java.util.concurrent.ThreadPoolExecutor$Worker.run(ThreadPoolExecutor.java:624)
        at java.lang.Thread.run(Thread.java:750)
"OM StateMachine ApplyTransaction Thread - 0" daemon prio=5 tid=5945 in Object.wait()
java.lang.Thread.State: WAITING (on object monitor)
        at sun.misc.Unsafe.park(Native Method)
        at java.util.concurrent.locks.LockSupport.park(LockSupport.java:175)
        at java.util.concurrent.locks.AbstractQueuedSynchronizer$ConditionObject.await(AbstractQueuedSynchronizer.java:2039)
        at java.util.concurrent.LinkedBlockingQueue.take(LinkedBlockingQueue.java:442)
        at java.util.concurrent.ThreadPoolExecutor.getTask(ThreadPoolExecutor.java:1074)
        at java.util.concurrent.ThreadPoolExecutor.runWorker(ThreadPoolExecutor.java:1134)
        at java.util.concurrent.ThreadPoolExecutor$Worker.run(ThreadPoolExecutor.java:624)
        at java.lang.Thread.run(Thread.java:750)
"FixedThreadPoolWithAffinityExecutor-4-0" daemon prio=5 tid=6087 timed_waiting
java.lang.Thread.State: TIMED_WAITING
        at sun.misc.Unsafe.park(Native Method)
        at java.util.concurrent.locks.LockSupport.parkNanos(LockSupport.java:215)
        at java.util.concurrent.locks.AbstractQueuedSynchronizer$ConditionObject.awaitNanos(AbstractQueuedSynchronizer.java:2078)
        at java.util.concurrent.LinkedBlockingQueue.poll(LinkedBlockingQueue.java:467)
        at org.apache.hadoop.hdds.scm.server.ContainerReportQueue.poll(ContainerReportQueue.java:266)
        at org.apache.hadoop.hdds.scm.server.ContainerReportQueue.poll(ContainerReportQueue.java:42)
        at org.apache.hadoop.hdds.server.events.FixedThreadPoolWithAffinityExecutor$ContainerReportProcessTask.run(FixedThreadPoolWithAffinityExecutor.java:248)
        at java.util.concurrent.Executors$RunnableAdapter.call(Executors.java:511)
        at java.util.concurrent.FutureTask.run(FutureTask.java:266)
        at java.util.concurrent.ThreadPoolExecutor.runWorker(ThreadPoolExecutor.java:1149)
        at java.util.concurrent.ThreadPoolExecutor$Worker.run(ThreadPoolExecutor.java:624)
        at java.lang.Thread.run(Thread.java:750)
"Datanode ReportManager Thread - 2" daemon prio=5 tid=4589 timed_waiting
java.lang.Thread.State: TIMED_WAITING
        at sun.misc.Unsafe.park(Native Method)
        at java.util.concurrent.locks.LockSupport.parkNanos(LockSupport.java:215)
        at java.util.concurrent.locks.AbstractQueuedSynchronizer$ConditionObject.awaitNanos(AbstractQueuedSynchronizer.java:2078)
        at java.util.concurrent.ScheduledThreadPoolExecutor$DelayedWorkQueue.take(ScheduledThreadPoolExecutor.java:1093)
        at java.util.concurrent.ScheduledThreadPoolExecutor$DelayedWorkQueue.take(ScheduledThreadPoolExecutor.java:809)
        at java.util.concurrent.ThreadPoolExecutor.getTask(ThreadPoolExecutor.java:1074)
        at java.util.concurrent.ThreadPoolExecutor.runWorker(ThreadPoolExecutor.java:1134)
        at java.util.concurrent.ThreadPoolExecutor$Worker.run(ThreadPoolExecutor.java:624)
        at java.lang.Thread.run(Thread.java:750)
"ChunkWriter-0-0" daemon prio=5 tid=4748 in Object.wait()
java.lang.Thread.State: WAITING (on object monitor)
        at sun.misc.Unsafe.park(Native Method)
        at java.util.concurrent.locks.LockSupport.park(LockSupport.java:175)
        at java.util.concurrent.locks.AbstractQueuedSynchronizer$ConditionObject.await(AbstractQueuedSynchronizer.java:2039)
        at java.util.concurrent.LinkedBlockingDeque.takeFirst(LinkedBlockingDeque.java:492)
        at java.util.concurrent.LinkedBlockingDeque.take(LinkedBlockingDeque.java:680)
        at java.util.concurrent.ThreadPoolExecutor.getTask(ThreadPoolExecutor.java:1074)
        at java.util.concurrent.ThreadPoolExecutor.runWorker(ThreadPoolExecutor.java:1134)
        at java.util.concurrent.ThreadPoolExecutor$Worker.run(ThreadPoolExecutor.java:624)
        at java.lang.Thread.run(Thread.java:750)
"Over Replicated Processor" daemon prio=5 tid=5042 timed_waiting
java.lang.Thread.State: TIMED_WAITING
        at java.lang.Object.wait(Native Method)
        at org.apache.hadoop.hdds.scm.container.replication.OverReplicatedProcessor.run(OverReplicatedProcessor.java:103)
        at java.lang.Thread.run(Thread.java:750)
"EventQueue-NodeReportForNodeReportHandler" daemon prio=5 tid=6184 in Object.wait()
java.lang.Thread.State: WAITING (on object monitor)
        at sun.misc.Unsafe.park(Native Method)
        at java.util.concurrent.locks.LockSupport.park(LockSupport.java:175)
        at java.util.concurrent.locks.AbstractQueuedSynchronizer$ConditionObject.await(AbstractQueuedSynchronizer.java:2039)
        at java.util.concurrent.LinkedBlockingQueue.take(LinkedBlockingQueue.java:442)
        at java.util.concurrent.ThreadPoolExecutor.getTask(ThreadPoolExecutor.java:1074)
        at java.util.concurrent.ThreadPoolExecutor.runWorker(ThreadPoolExecutor.java:1134)
        at java.util.concurrent.ThreadPoolExecutor$Worker.run(ThreadPoolExecutor.java:624)
        at java.lang.Thread.run(Thread.java:750)
"IPC Server handler 12 on default port 46655" daemon prio=5 tid=5271 timed_waiting
java.lang.Thread.State: TIMED_WAITING
        at sun.misc.Unsafe.park(Native Method)
        at java.util.concurrent.locks.LockSupport.parkNanos(LockSupport.java:215)
        at java.util.concurrent.locks.AbstractQueuedSynchronizer$ConditionObject.awaitNanos(AbstractQueuedSynchronizer.java:2078)
        at java.util.concurrent.LinkedBlockingQueue.poll(LinkedBlockingQueue.java:467)
        at org.apache.hadoop.ipc.CallQueueManager.take(CallQueueManager.java:317)
        at org.apache.hadoop.ipc.Server$Handler.run(Server.java:2942)
"PartialTableCache Cleanup Thread - 0" daemon prio=5 tid=2727 in Object.wait()
java.lang.Thread.State: WAITING (on object monitor)
        at sun.misc.Unsafe.park(Native Method)
        at java.util.concurrent.locks.LockSupport.park(LockSupport.java:175)
        at java.util.concurrent.locks.AbstractQueuedSynchronizer$ConditionObject.await(AbstractQueuedSynchronizer.java:2039)
        at java.util.concurrent.LinkedBlockingQueue.take(LinkedBlockingQueue.java:442)
        at java.util.concurrent.ThreadPoolExecutor.getTask(ThreadPoolExecutor.java:1074)
        at java.util.concurrent.ThreadPoolExecutor.runWorker(ThreadPoolExecutor.java:1134)
        at java.util.concurrent.ThreadPoolExecutor$Worker.run(ThreadPoolExecutor.java:624)
        at java.lang.Thread.run(Thread.java:750)
"Datanode State Machine Daemon Thread" daemon prio=5 tid=5428 timed_waiting
java.lang.Thread.State: TIMED_WAITING
        at java.lang.Thread.sleep(Native Method)
        at org.apache.hadoop.ozone.container.common.statemachine.DatanodeStateMachine.startStateMachineThread(DatanodeStateMachine.java:321)
        at org.apache.hadoop.ozone.container.common.statemachine.DatanodeStateMachine.lambda$startDaemon$0(DatanodeStateMachine.java:506)
        at org.apache.hadoop.ozone.container.common.statemachine.DatanodeStateMachine$$Lambda$785/1058385645.run(Unknown Source)
        at java.lang.Thread.run(Thread.java:750)
"qtp892092214-5353" daemon prio=5 tid=5353 timed_waiting
java.lang.Thread.State: TIMED_WAITING
        at sun.misc.Unsafe.park(Native Method)
        at java.util.concurrent.locks.LockSupport.parkNanos(LockSupport.java:215)
        at java.util.concurrent.locks.AbstractQueuedSynchronizer$ConditionObject.awaitNanos(AbstractQueuedSynchronizer.java:2078)
        at org.eclipse.jetty.util.BlockingArrayQueue.poll(BlockingArrayQueue.java:382)
        at org.eclipse.jetty.util.thread.QueuedThreadPool$Runner.idleJobPoll(QueuedThreadPool.java:974)
        at org.eclipse.jetty.util.thread.QueuedThreadPool$Runner.run(QueuedThreadPool.java:1018)
        at java.lang.Thread.run(Thread.java:750)
"Datanode ReportManager Thread - 2" daemon prio=5 tid=5507 in Object.wait()
java.lang.Thread.State: WAITING (on object monitor)
        at sun.misc.Unsafe.park(Native Method)
        at java.util.concurrent.locks.LockSupport.park(LockSupport.java:175)
        at java.util.concurrent.locks.AbstractQueuedSynchronizer$ConditionObject.await(AbstractQueuedSynchronizer.java:2039)
        at java.util.concurrent.ScheduledThreadPoolExecutor$DelayedWorkQueue.take(ScheduledThreadPoolExecutor.java:1088)
        at java.util.concurrent.ScheduledThreadPoolExecutor$DelayedWorkQueue.take(ScheduledThreadPoolExecutor.java:809)
        at java.util.concurrent.ThreadPoolExecutor.getTask(ThreadPoolExecutor.java:1074)
        at java.util.concurrent.ThreadPoolExecutor.runWorker(ThreadPoolExecutor.java:1134)
        at java.util.concurrent.ThreadPoolExecutor$Worker.run(ThreadPoolExecutor.java:624)
        at java.lang.Thread.run(Thread.java:750)
"EndpointStateMachine task thread for /0.0.0.0:41047 - 0 "  prio=5 tid=4679 in Object.wait()
java.lang.Thread.State: WAITING (on object monitor)
        at sun.misc.Unsafe.park(Native Method)
        at java.util.concurrent.locks.LockSupport.park(LockSupport.java:175)
        at java.util.concurrent.locks.AbstractQueuedSynchronizer$ConditionObject.await(AbstractQueuedSynchronizer.java:2039)
        at java.util.concurrent.LinkedBlockingQueue.take(LinkedBlockingQueue.java:442)
        at java.util.concurrent.ThreadPoolExecutor.getTask(ThreadPoolExecutor.java:1074)
        at java.util.concurrent.ThreadPoolExecutor.runWorker(ThreadPoolExecutor.java:1134)
        at java.util.concurrent.ThreadPoolExecutor$Worker.run(ThreadPoolExecutor.java:624)
        at java.lang.Thread.run(Thread.java:750)
"om1@group-C5BA1605619E-SegmentedRaftLogWorker"  prio=5 tid=4331 timed_waiting
java.lang.Thread.State: TIMED_WAITING
        at sun.misc.Unsafe.park(Native Method)
        at java.util.concurrent.locks.LockSupport.parkNanos(LockSupport.java:215)
        at java.util.concurrent.locks.AbstractQueuedSynchronizer$ConditionObject.awaitNanos(AbstractQueuedSynchronizer.java:2078)
        at org.apache.ratis.util.DataBlockingQueue.poll(DataBlockingQueue.java:148)
        at org.apache.ratis.server.raftlog.segmented.SegmentedRaftLogWorker.run(SegmentedRaftLogWorker.java:310)
        at org.apache.ratis.server.raftlog.segmented.SegmentedRaftLogWorker$$Lambda$699/1565409370.run(Unknown Source)
        at java.lang.Thread.run(Thread.java:750)
"IPC Server handler 11 on default port 39971" daemon prio=5 tid=6107 timed_waiting
java.lang.Thread.State: TIMED_WAITING
        at sun.misc.Unsafe.park(Native Method)
        at java.util.concurrent.locks.LockSupport.parkNanos(LockSupport.java:215)
        at java.util.concurrent.locks.AbstractQueuedSynchronizer$ConditionObject.awaitNanos(AbstractQueuedSynchronizer.java:2078)
        at java.util.concurrent.LinkedBlockingQueue.poll(LinkedBlockingQueue.java:467)
        at org.apache.hadoop.ipc.CallQueueManager.take(CallQueueManager.java:317)
        at org.apache.hadoop.ipc.Server$Handler.run(Server.java:2942)
"qtp1086850858-5251-acceptor-0@7fde0c45-ServerConnector@2520c207{HTTP/1.1, (http/1.1)}{0.0.0.0:33425}" daemon prio=3 tid=5251 runnable
java.lang.Thread.State: RUNNABLE
        at sun.nio.ch.ServerSocketChannelImpl.accept0(Native Method)
        at sun.nio.ch.ServerSocketChannelImpl.accept(ServerSocketChannelImpl.java:421)
        at sun.nio.ch.ServerSocketChannelImpl.accept(ServerSocketChannelImpl.java:249)
        at org.eclipse.jetty.server.ServerConnector.accept(ServerConnector.java:388)
        at org.eclipse.jetty.server.AbstractConnector$Acceptor.run(AbstractConnector.java:704)
        at org.eclipse.jetty.util.thread.QueuedThreadPool.runJob(QueuedThreadPool.java:883)
        at org.eclipse.jetty.util.thread.QueuedThreadPool$Runner.run(QueuedThreadPool.java:1034)
        at java.lang.Thread.run(Thread.java:750)
"ChunkWriter-2-0" daemon prio=5 tid=4750 in Object.wait()
java.lang.Thread.State: WAITING (on object monitor)
        at sun.misc.Unsafe.park(Native Method)
        at java.util.concurrent.locks.LockSupport.park(LockSupport.java:175)
        at java.util.concurrent.locks.AbstractQueuedSynchronizer$ConditionObject.await(AbstractQueuedSynchronizer.java:2039)
        at java.util.concurrent.LinkedBlockingDeque.takeFirst(LinkedBlockingDeque.java:492)
        at java.util.concurrent.LinkedBlockingDeque.take(LinkedBlockingDeque.java:680)
        at java.util.concurrent.ThreadPoolExecutor.getTask(ThreadPoolExecutor.java:1074)
        at java.util.concurrent.ThreadPoolExecutor.runWorker(ThreadPoolExecutor.java:1134)
        at java.util.concurrent.ThreadPoolExecutor$Worker.run(ThreadPoolExecutor.java:624)
        at java.lang.Thread.run(Thread.java:750)
"StaleRecoveringContainerScrubbingService#2" daemon prio=5 tid=6190 in Object.wait()
java.lang.Thread.State: WAITING (on object monitor)
        at sun.misc.Unsafe.park(Native Method)
        at java.util.concurrent.locks.LockSupport.park(LockSupport.java:175)
        at java.util.concurrent.locks.AbstractQueuedSynchronizer$ConditionObject.await(AbstractQueuedSynchronizer.java:2039)
        at java.util.concurrent.ScheduledThreadPoolExecutor$DelayedWorkQueue.take(ScheduledThreadPoolExecutor.java:1088)
        at java.util.concurrent.ScheduledThreadPoolExecutor$DelayedWorkQueue.take(ScheduledThreadPoolExecutor.java:809)
        at java.util.concurrent.ThreadPoolExecutor.getTask(ThreadPoolExecutor.java:1074)
        at java.util.concurrent.ThreadPoolExecutor.runWorker(ThreadPoolExecutor.java:1134)
        at java.util.concurrent.ThreadPoolExecutor$Worker.run(ThreadPoolExecutor.java:624)
        at java.lang.Thread.run(Thread.java:750)
"IPC Server handler 9 on default port 46655" daemon prio=5 tid=5268 timed_waiting
java.lang.Thread.State: TIMED_WAITING
        at sun.misc.Unsafe.park(Native Method)
        at java.util.concurrent.locks.LockSupport.parkNanos(LockSupport.java:215)
        at java.util.concurrent.locks.AbstractQueuedSynchronizer$ConditionObject.awaitNanos(AbstractQueuedSynchronizer.java:2078)
        at java.util.concurrent.LinkedBlockingQueue.poll(LinkedBlockingQueue.java:467)
        at org.apache.hadoop.ipc.CallQueueManager.take(CallQueueManager.java:317)
        at org.apache.hadoop.ipc.Server$Handler.run(Server.java:2942)
"Periodic HDDS volume checker" daemon prio=5 tid=4434 timed_waiting
java.lang.Thread.State: TIMED_WAITING
        at sun.misc.Unsafe.park(Native Method)
        at java.util.concurrent.locks.LockSupport.parkNanos(LockSupport.java:215)
        at java.util.concurrent.locks.AbstractQueuedSynchronizer$ConditionObject.awaitNanos(AbstractQueuedSynchronizer.java:2078)
        at java.util.concurrent.ScheduledThreadPoolExecutor$DelayedWorkQueue.take(ScheduledThreadPoolExecutor.java:1093)
        at java.util.concurrent.ScheduledThreadPoolExecutor$DelayedWorkQueue.take(ScheduledThreadPoolExecutor.java:809)
        at java.util.concurrent.ThreadPoolExecutor.getTask(ThreadPoolExecutor.java:1074)
        at java.util.concurrent.ThreadPoolExecutor.runWorker(ThreadPoolExecutor.java:1134)
        at java.util.concurrent.ThreadPoolExecutor$Worker.run(ThreadPoolExecutor.java:624)
        at java.lang.Thread.run(Thread.java:750)
"a4df1cd8-da8f-45ad-a02d-233f4b91e4ac-server-thread4" daemon prio=5 tid=5939 timed_waiting
java.lang.Thread.State: TIMED_WAITING
        at sun.misc.Unsafe.park(Native Method)
        at java.util.concurrent.locks.LockSupport.parkNanos(LockSupport.java:215)
        at java.util.concurrent.SynchronousQueue$TransferStack.awaitFulfill(SynchronousQueue.java:460)
        at java.util.concurrent.SynchronousQueue$TransferStack.transfer(SynchronousQueue.java:362)
        at java.util.concurrent.SynchronousQueue.poll(SynchronousQueue.java:941)
        at java.util.concurrent.ThreadPoolExecutor.getTask(ThreadPoolExecutor.java:1073)
        at java.util.concurrent.ThreadPoolExecutor.runWorker(ThreadPoolExecutor.java:1134)
        at java.util.concurrent.ThreadPoolExecutor$Worker.run(ThreadPoolExecutor.java:624)
        at java.lang.Thread.run(Thread.java:750)
"pool-2432-thread-1"  prio=5 tid=5291 timed_waiting
java.lang.Thread.State: TIMED_WAITING
        at sun.misc.Unsafe.park(Native Method)
        at java.util.concurrent.locks.LockSupport.parkNanos(LockSupport.java:215)
        at java.util.concurrent.locks.AbstractQueuedSynchronizer$ConditionObject.awaitNanos(AbstractQueuedSynchronizer.java:2078)
        at java.util.concurrent.ScheduledThreadPoolExecutor$DelayedWorkQueue.take(ScheduledThreadPoolExecutor.java:1093)
        at java.util.concurrent.ScheduledThreadPoolExecutor$DelayedWorkQueue.take(ScheduledThreadPoolExecutor.java:809)
        at java.util.concurrent.ThreadPoolExecutor.getTask(ThreadPoolExecutor.java:1074)
        at java.util.concurrent.ThreadPoolExecutor.runWorker(ThreadPoolExecutor.java:1134)
        at java.util.concurrent.ThreadPoolExecutor$Worker.run(ThreadPoolExecutor.java:624)
        at java.lang.Thread.run(Thread.java:750)
"pool-2555-thread-1" daemon prio=5 tid=5440 timed_waiting
java.lang.Thread.State: TIMED_WAITING
        at sun.misc.Unsafe.park(Native Method)
        at java.util.concurrent.locks.LockSupport.parkNanos(LockSupport.java:215)
        at java.util.concurrent.locks.AbstractQueuedSynchronizer$ConditionObject.awaitNanos(AbstractQueuedSynchronizer.java:2078)
        at java.util.concurrent.ScheduledThreadPoolExecutor$DelayedWorkQueue.take(ScheduledThreadPoolExecutor.java:1093)
        at java.util.concurrent.ScheduledThreadPoolExecutor$DelayedWorkQueue.take(ScheduledThreadPoolExecutor.java:809)
        at java.util.concurrent.ThreadPoolExecutor.getTask(ThreadPoolExecutor.java:1074)
        at java.util.concurrent.ThreadPoolExecutor.runWorker(ThreadPoolExecutor.java:1134)
        at java.util.concurrent.ThreadPoolExecutor$Worker.run(ThreadPoolExecutor.java:624)
        at java.lang.Thread.run(Thread.java:750)
"ChunkWriter-2-0" daemon prio=5 tid=5562 in Object.wait()
java.lang.Thread.State: WAITING (on object monitor)
        at sun.misc.Unsafe.park(Native Method)
        at java.util.concurrent.locks.LockSupport.park(LockSupport.java:175)
        at java.util.concurrent.locks.AbstractQueuedSynchronizer$ConditionObject.await(AbstractQueuedSynchronizer.java:2039)
        at java.util.concurrent.LinkedBlockingDeque.takeFirst(LinkedBlockingDeque.java:492)
        at java.util.concurrent.LinkedBlockingDeque.take(LinkedBlockingDeque.java:680)
        at java.util.concurrent.ThreadPoolExecutor.getTask(ThreadPoolExecutor.java:1074)
        at java.util.concurrent.ThreadPoolExecutor.runWorker(ThreadPoolExecutor.java:1134)
        at java.util.concurrent.ThreadPoolExecutor$Worker.run(ThreadPoolExecutor.java:624)
        at java.lang.Thread.run(Thread.java:750)
"ChunkWriter-1-0" daemon prio=5 tid=5561 in Object.wait()
java.lang.Thread.State: WAITING (on object monitor)
        at sun.misc.Unsafe.park(Native Method)
        at java.util.concurrent.locks.LockSupport.park(LockSupport.java:175)
        at java.util.concurrent.locks.AbstractQueuedSynchronizer$ConditionObject.await(AbstractQueuedSynchronizer.java:2039)
        at java.util.concurrent.LinkedBlockingDeque.takeFirst(LinkedBlockingDeque.java:492)
        at java.util.concurrent.LinkedBlockingDeque.take(LinkedBlockingDeque.java:680)
        at java.util.concurrent.ThreadPoolExecutor.getTask(ThreadPoolExecutor.java:1074)
        at java.util.concurrent.ThreadPoolExecutor.runWorker(ThreadPoolExecutor.java:1134)
        at java.util.concurrent.ThreadPoolExecutor$Worker.run(ThreadPoolExecutor.java:624)
        at java.lang.Thread.run(Thread.java:750)
"StaleRecoveringContainerScrubbingService#1" daemon prio=5 tid=5581 in Object.wait()
java.lang.Thread.State: WAITING (on object monitor)
        at sun.misc.Unsafe.park(Native Method)
        at java.util.concurrent.locks.LockSupport.park(LockSupport.java:175)
        at java.util.concurrent.locks.AbstractQueuedSynchronizer$ConditionObject.await(AbstractQueuedSynchronizer.java:2039)
        at java.util.concurrent.ScheduledThreadPoolExecutor$DelayedWorkQueue.take(ScheduledThreadPoolExecutor.java:1088)
        at java.util.concurrent.ScheduledThreadPoolExecutor$DelayedWorkQueue.take(ScheduledThreadPoolExecutor.java:809)
        at java.util.concurrent.ThreadPoolExecutor.getTask(ThreadPoolExecutor.java:1074)
        at java.util.concurrent.ThreadPoolExecutor.runWorker(ThreadPoolExecutor.java:1134)
        at java.util.concurrent.ThreadPoolExecutor$Worker.run(ThreadPoolExecutor.java:624)
        at java.lang.Thread.run(Thread.java:750)
"qtp166603980-5292" daemon prio=5 tid=5292 runnable
java.lang.Thread.State: RUNNABLE
        at sun.nio.ch.EPollArrayWrapper.epollWait(Native Method)
        at sun.nio.ch.EPollArrayWrapper.poll(EPollArrayWrapper.java:269)
        at sun.nio.ch.EPollSelectorImpl.doSelect(EPollSelectorImpl.java:93)
        at sun.nio.ch.SelectorImpl.lockAndDoSelect(SelectorImpl.java:86)
        at sun.nio.ch.SelectorImpl.select(SelectorImpl.java:97)
        at sun.nio.ch.SelectorImpl.select(SelectorImpl.java:101)
        at org.eclipse.jetty.io.ManagedSelector.nioSelect(ManagedSelector.java:183)
        at org.eclipse.jetty.io.ManagedSelector.select(ManagedSelector.java:190)
        at org.eclipse.jetty.io.ManagedSelector$SelectorProducer.select(ManagedSelector.java:606)
        at org.eclipse.jetty.io.ManagedSelector$SelectorProducer.produce(ManagedSelector.java:543)
        at org.eclipse.jetty.util.thread.strategy.EatWhatYouKill.produceTask(EatWhatYouKill.java:362)
        at org.eclipse.jetty.util.thread.strategy.EatWhatYouKill.doProduce(EatWhatYouKill.java:186)
        at org.eclipse.jetty.util.thread.strategy.EatWhatYouKill.tryProduce(EatWhatYouKill.java:173)
        at org.eclipse.jetty.util.thread.strategy.EatWhatYouKill.produce(EatWhatYouKill.java:137)
        at org.eclipse.jetty.io.ManagedSelector$$Lambda$480/780706792.run(Unknown Source)
        at org.eclipse.jetty.util.thread.QueuedThreadPool.runJob(QueuedThreadPool.java:883)
        at org.eclipse.jetty.util.thread.QueuedThreadPool$Runner.run(QueuedThreadPool.java:1034)
        at java.lang.Thread.run(Thread.java:750)
"ChunkWriter-0-0" daemon prio=5 tid=4680 in Object.wait()
java.lang.Thread.State: WAITING (on object monitor)
        at sun.misc.Unsafe.park(Native Method)
        at java.util.concurrent.locks.LockSupport.park(LockSupport.java:175)
        at java.util.concurrent.locks.AbstractQueuedSynchronizer$ConditionObject.await(AbstractQueuedSynchronizer.java:2039)
        at java.util.concurrent.LinkedBlockingDeque.takeFirst(LinkedBlockingDeque.java:492)
        at java.util.concurrent.LinkedBlockingDeque.take(LinkedBlockingDeque.java:680)
        at java.util.concurrent.ThreadPoolExecutor.getTask(ThreadPoolExecutor.java:1074)
        at java.util.concurrent.ThreadPoolExecutor.runWorker(ThreadPoolExecutor.java:1134)
        at java.util.concurrent.ThreadPoolExecutor$Worker.run(ThreadPoolExecutor.java:624)
        at java.lang.Thread.run(Thread.java:750)
"IPC Server handler 13 on default port 41047" daemon prio=5 tid=6152 timed_waiting
java.lang.Thread.State: TIMED_WAITING
        at sun.misc.Unsafe.park(Native Method)
        at java.util.concurrent.locks.LockSupport.parkNanos(LockSupport.java:215)
        at java.util.concurrent.locks.AbstractQueuedSynchronizer$ConditionObject.awaitNanos(AbstractQueuedSynchronizer.java:2078)
        at java.util.concurrent.LinkedBlockingQueue.poll(LinkedBlockingQueue.java:467)
        at org.apache.hadoop.ipc.CallQueueManager.take(CallQueueManager.java:317)
        at org.apache.hadoop.ipc.Server$Handler.run(Server.java:2942)
"StaleRecoveringContainerScrubbingService#0" daemon prio=5 tid=5555 timed_waiting
java.lang.Thread.State: TIMED_WAITING
        at sun.misc.Unsafe.park(Native Method)
        at java.util.concurrent.locks.LockSupport.parkNanos(LockSupport.java:215)
        at java.util.concurrent.locks.AbstractQueuedSynchronizer$ConditionObject.awaitNanos(AbstractQueuedSynchronizer.java:2078)
        at java.util.concurrent.ScheduledThreadPoolExecutor$DelayedWorkQueue.take(ScheduledThreadPoolExecutor.java:1093)
        at java.util.concurrent.ScheduledThreadPoolExecutor$DelayedWorkQueue.take(ScheduledThreadPoolExecutor.java:809)
        at java.util.concurrent.ThreadPoolExecutor.getTask(ThreadPoolExecutor.java:1074)
        at java.util.concurrent.ThreadPoolExecutor.runWorker(ThreadPoolExecutor.java:1134)
        at java.util.concurrent.ThreadPoolExecutor$Worker.run(ThreadPoolExecutor.java:624)
        at java.lang.Thread.run(Thread.java:750)
"qtp1777947850-5138" daemon prio=5 tid=5138 timed_waiting
java.lang.Thread.State: TIMED_WAITING
        at sun.misc.Unsafe.park(Native Method)
        at java.util.concurrent.locks.LockSupport.parkNanos(LockSupport.java:215)
        at java.util.concurrent.locks.AbstractQueuedSynchronizer$ConditionObject.awaitNanos(AbstractQueuedSynchronizer.java:2078)
        at org.eclipse.jetty.util.BlockingArrayQueue.poll(BlockingArrayQueue.java:382)
        at org.eclipse.jetty.util.thread.QueuedThreadPool$Runner.idleJobPoll(QueuedThreadPool.java:974)
        at org.eclipse.jetty.util.thread.QueuedThreadPool$Runner.run(QueuedThreadPool.java:1018)
        at java.lang.Thread.run(Thread.java:750)
"FullTableCache Cleanup Thread - 0" daemon prio=5 tid=2001 in Object.wait()
java.lang.Thread.State: WAITING (on object monitor)
        at sun.misc.Unsafe.park(Native Method)
        at java.util.concurrent.locks.LockSupport.park(LockSupport.java:175)
        at java.util.concurrent.locks.AbstractQueuedSynchronizer$ConditionObject.await(AbstractQueuedSynchronizer.java:2039)
        at java.util.concurrent.LinkedBlockingQueue.take(LinkedBlockingQueue.java:442)
        at java.util.concurrent.ThreadPoolExecutor.getTask(ThreadPoolExecutor.java:1074)
        at java.util.concurrent.ThreadPoolExecutor.runWorker(ThreadPoolExecutor.java:1134)
        at java.util.concurrent.ThreadPoolExecutor$Worker.run(ThreadPoolExecutor.java:624)
        at java.lang.Thread.run(Thread.java:750)
"ChunkWriter-2-0" daemon prio=5 tid=4633 in Object.wait()
java.lang.Thread.State: WAITING (on object monitor)
        at sun.misc.Unsafe.park(Native Method)
        at java.util.concurrent.locks.LockSupport.park(LockSupport.java:175)
        at java.util.concurrent.locks.AbstractQueuedSynchronizer$ConditionObject.await(AbstractQueuedSynchronizer.java:2039)
        at java.util.concurrent.LinkedBlockingDeque.takeFirst(LinkedBlockingDeque.java:492)
        at java.util.concurrent.LinkedBlockingDeque.take(LinkedBlockingDeque.java:680)
        at java.util.concurrent.ThreadPoolExecutor.getTask(ThreadPoolExecutor.java:1074)
        at java.util.concurrent.ThreadPoolExecutor.runWorker(ThreadPoolExecutor.java:1134)
        at java.util.concurrent.ThreadPoolExecutor$Worker.run(ThreadPoolExecutor.java:624)
        at java.lang.Thread.run(Thread.java:750)
"IPC Server listener on 0" daemon prio=5 tid=4321 runnable
java.lang.Thread.State: RUNNABLE
        at sun.nio.ch.EPollArrayWrapper.epollWait(Native Method)
        at sun.nio.ch.EPollArrayWrapper.poll(EPollArrayWrapper.java:269)
        at sun.nio.ch.EPollSelectorImpl.doSelect(EPollSelectorImpl.java:93)
        at sun.nio.ch.SelectorImpl.lockAndDoSelect(SelectorImpl.java:86)
        at sun.nio.ch.SelectorImpl.select(SelectorImpl.java:97)
        at sun.nio.ch.SelectorImpl.select(SelectorImpl.java:101)
        at org.apache.hadoop.ipc.Server$Listener.run(Server.java:1358)
"96238b2c-9f01-47c7-9db9-9b3e1b0f8a5c@group-F68F8E96BCBB-StateMachineUpdater" daemon prio=5 tid=4811 timed_waiting
java.lang.Thread.State: TIMED_WAITING
        at sun.misc.Unsafe.park(Native Method)
        at java.util.concurrent.locks.LockSupport.parkNanos(LockSupport.java:215)
        at java.util.concurrent.CompletableFuture$Signaller.block(CompletableFuture.java:1709)
        at java.util.concurrent.ForkJoinPool.managedBlock(ForkJoinPool.java:3323)
        at java.util.concurrent.CompletableFuture.timedGet(CompletableFuture.java:1788)
        at java.util.concurrent.CompletableFuture.get(CompletableFuture.java:1928)
        at org.apache.ratis.util.AwaitForSignal.await(AwaitForSignal.java:56)
        at org.apache.ratis.server.impl.StateMachineUpdater.waitForCommit(StateMachineUpdater.java:207)
        at org.apache.ratis.server.impl.StateMachineUpdater.run(StateMachineUpdater.java:176)
        at java.lang.Thread.run(Thread.java:750)
"StaleRecoveringContainerScrubbingService#1" daemon prio=5 tid=4688 timed_waiting
java.lang.Thread.State: TIMED_WAITING
        at sun.misc.Unsafe.park(Native Method)
        at java.util.concurrent.locks.LockSupport.parkNanos(LockSupport.java:215)
        at java.util.concurrent.locks.AbstractQueuedSynchronizer$ConditionObject.awaitNanos(AbstractQueuedSynchronizer.java:2078)
        at java.util.concurrent.ScheduledThreadPoolExecutor$DelayedWorkQueue.take(ScheduledThreadPoolExecutor.java:1093)
        at java.util.concurrent.ScheduledThreadPoolExecutor$DelayedWorkQueue.take(ScheduledThreadPoolExecutor.java:809)
        at java.util.concurrent.ThreadPoolExecutor.getTask(ThreadPoolExecutor.java:1074)
        at java.util.concurrent.ThreadPoolExecutor.runWorker(ThreadPoolExecutor.java:1134)
        at java.util.concurrent.ThreadPoolExecutor$Worker.run(ThreadPoolExecutor.java:624)
        at java.lang.Thread.run(Thread.java:750)
"pool-2795-thread-1"  prio=5 tid=6161 timed_waiting
java.lang.Thread.State: TIMED_WAITING
        at sun.misc.Unsafe.park(Native Method)
        at java.util.concurrent.locks.LockSupport.parkNanos(LockSupport.java:215)
        at java.util.concurrent.locks.AbstractQueuedSynchronizer$ConditionObject.awaitNanos(AbstractQueuedSynchronizer.java:2078)
        at java.util.concurrent.ScheduledThreadPoolExecutor$DelayedWorkQueue.take(ScheduledThreadPoolExecutor.java:1093)
        at java.util.concurrent.ScheduledThreadPoolExecutor$DelayedWorkQueue.take(ScheduledThreadPoolExecutor.java:809)
        at java.util.concurrent.ThreadPoolExecutor.getTask(ThreadPoolExecutor.java:1074)
        at java.util.concurrent.ThreadPoolExecutor.runWorker(ThreadPoolExecutor.java:1134)
        at java.util.concurrent.ThreadPoolExecutor$Worker.run(ThreadPoolExecutor.java:624)
        at java.lang.Thread.run(Thread.java:750)
"pool-2582-thread-1" daemon prio=5 tid=5478 timed_waiting
java.lang.Thread.State: TIMED_WAITING
        at sun.misc.Unsafe.park(Native Method)
        at java.util.concurrent.locks.LockSupport.parkNanos(LockSupport.java:215)
        at java.util.concurrent.locks.AbstractQueuedSynchronizer$ConditionObject.awaitNanos(AbstractQueuedSynchronizer.java:2078)
        at java.util.concurrent.ScheduledThreadPoolExecutor$DelayedWorkQueue.take(ScheduledThreadPoolExecutor.java:1093)
        at java.util.concurrent.ScheduledThreadPoolExecutor$DelayedWorkQueue.take(ScheduledThreadPoolExecutor.java:809)
        at java.util.concurrent.ThreadPoolExecutor.getTask(ThreadPoolExecutor.java:1074)
        at java.util.concurrent.ThreadPoolExecutor.runWorker(ThreadPoolExecutor.java:1134)
        at java.util.concurrent.ThreadPoolExecutor$Worker.run(ThreadPoolExecutor.java:624)
        at java.lang.Thread.run(Thread.java:750)
"PartialTableCache Cleanup Thread - 0" daemon prio=5 tid=2015 in Object.wait()
java.lang.Thread.State: WAITING (on object monitor)
        at sun.misc.Unsafe.park(Native Method)
        at java.util.concurrent.locks.LockSupport.park(LockSupport.java:175)
        at java.util.concurrent.locks.AbstractQueuedSynchronizer$ConditionObject.await(AbstractQueuedSynchronizer.java:2039)
        at java.util.concurrent.LinkedBlockingQueue.take(LinkedBlockingQueue.java:442)
        at java.util.concurrent.ThreadPoolExecutor.getTask(ThreadPoolExecutor.java:1074)
        at java.util.concurrent.ThreadPoolExecutor.runWorker(ThreadPoolExecutor.java:1134)
        at java.util.concurrent.ThreadPoolExecutor$Worker.run(ThreadPoolExecutor.java:624)
        at java.lang.Thread.run(Thread.java:750)
"ChunkWriter-2-0" daemon prio=5 tid=5458 in Object.wait()
java.lang.Thread.State: WAITING (on object monitor)
        at sun.misc.Unsafe.park(Native Method)
        at java.util.concurrent.locks.LockSupport.park(LockSupport.java:175)
        at java.util.concurrent.locks.AbstractQueuedSynchronizer$ConditionObject.await(AbstractQueuedSynchronizer.java:2039)
        at java.util.concurrent.LinkedBlockingDeque.takeFirst(LinkedBlockingDeque.java:492)
        at java.util.concurrent.LinkedBlockingDeque.take(LinkedBlockingDeque.java:680)
        at java.util.concurrent.ThreadPoolExecutor.getTask(ThreadPoolExecutor.java:1074)
        at java.util.concurrent.ThreadPoolExecutor.runWorker(ThreadPoolExecutor.java:1134)
        at java.util.concurrent.ThreadPoolExecutor$Worker.run(ThreadPoolExecutor.java:624)
        at java.lang.Thread.run(Thread.java:750)
"EventQueue-NodeRegistrationContainerReportForContainerSafeModeRule" daemon prio=5 tid=5530 in Object.wait()
java.lang.Thread.State: WAITING (on object monitor)
        at sun.misc.Unsafe.park(Native Method)
        at java.util.concurrent.locks.LockSupport.park(LockSupport.java:175)
        at java.util.concurrent.locks.AbstractQueuedSynchronizer$ConditionObject.await(AbstractQueuedSynchronizer.java:2039)
        at java.util.concurrent.LinkedBlockingQueue.take(LinkedBlockingQueue.java:442)
        at java.util.concurrent.ThreadPoolExecutor.getTask(ThreadPoolExecutor.java:1074)
        at java.util.concurrent.ThreadPoolExecutor.runWorker(ThreadPoolExecutor.java:1134)
        at java.util.concurrent.ThreadPoolExecutor$Worker.run(ThreadPoolExecutor.java:624)
        at java.lang.Thread.run(Thread.java:750)
"64b4f2a3-63f9-4506-b905-00bad38ce54f@group-A9DF22F54B30-StateMachineUpdater" daemon prio=5 tid=4795 timed_waiting
java.lang.Thread.State: TIMED_WAITING
        at sun.misc.Unsafe.park(Native Method)
        at java.util.concurrent.locks.LockSupport.parkNanos(LockSupport.java:215)
        at java.util.concurrent.CompletableFuture$Signaller.block(CompletableFuture.java:1709)
        at java.util.concurrent.ForkJoinPool.managedBlock(ForkJoinPool.java:3323)
        at java.util.concurrent.CompletableFuture.timedGet(CompletableFuture.java:1788)
        at java.util.concurrent.CompletableFuture.get(CompletableFuture.java:1928)
        at org.apache.ratis.util.AwaitForSignal.await(AwaitForSignal.java:56)
        at org.apache.ratis.server.impl.StateMachineUpdater.waitForCommit(StateMachineUpdater.java:207)
        at org.apache.ratis.server.impl.StateMachineUpdater.run(StateMachineUpdater.java:176)
        at java.lang.Thread.run(Thread.java:750)
"ChunkWriter-0-0" daemon prio=5 tid=4692 in Object.wait()
java.lang.Thread.State: WAITING (on object monitor)
        at sun.misc.Unsafe.park(Native Method)
        at java.util.concurrent.locks.LockSupport.park(LockSupport.java:175)
        at java.util.concurrent.locks.AbstractQueuedSynchronizer$ConditionObject.await(AbstractQueuedSynchronizer.java:2039)
        at java.util.concurrent.LinkedBlockingDeque.takeFirst(LinkedBlockingDeque.java:492)
        at java.util.concurrent.LinkedBlockingDeque.take(LinkedBlockingDeque.java:680)
        at java.util.concurrent.ThreadPoolExecutor.getTask(ThreadPoolExecutor.java:1074)
        at java.util.concurrent.ThreadPoolExecutor.runWorker(ThreadPoolExecutor.java:1134)
        at java.util.concurrent.ThreadPoolExecutor$Worker.run(ThreadPoolExecutor.java:624)
        at java.lang.Thread.run(Thread.java:750)
"c61a6fab-067e-4f96-a855-8be46dab7c65@group-03ECC6030D10-LeaderStateImpl" daemon prio=5 tid=5769 timed_waiting
java.lang.Thread.State: TIMED_WAITING
        at sun.misc.Unsafe.park(Native Method)
        at java.util.concurrent.locks.LockSupport.parkNanos(LockSupport.java:215)
        at java.util.concurrent.locks.AbstractQueuedSynchronizer$ConditionObject.awaitNanos(AbstractQueuedSynchronizer.java:2078)
        at java.util.concurrent.ArrayBlockingQueue.poll(ArrayBlockingQueue.java:418)
        at org.apache.ratis.server.impl.LeaderStateImpl$EventQueue.poll(LeaderStateImpl.java:159)
        at org.apache.ratis.server.impl.LeaderStateImpl$EventProcessor.run(LeaderStateImpl.java:630)
"StaleRecoveringContainerScrubbingService#2" daemon prio=5 tid=6186 in Object.wait()
java.lang.Thread.State: WAITING (on object monitor)
        at sun.misc.Unsafe.park(Native Method)
        at java.util.concurrent.locks.LockSupport.park(LockSupport.java:175)
        at java.util.concurrent.locks.AbstractQueuedSynchronizer$ConditionObject.await(AbstractQueuedSynchronizer.java:2039)
        at java.util.concurrent.ScheduledThreadPoolExecutor$DelayedWorkQueue.take(ScheduledThreadPoolExecutor.java:1088)
        at java.util.concurrent.ScheduledThreadPoolExecutor$DelayedWorkQueue.take(ScheduledThreadPoolExecutor.java:809)
        at java.util.concurrent.ThreadPoolExecutor.getTask(ThreadPoolExecutor.java:1074)
        at java.util.concurrent.ThreadPoolExecutor.runWorker(ThreadPoolExecutor.java:1134)
        at java.util.concurrent.ThreadPoolExecutor$Worker.run(ThreadPoolExecutor.java:624)
        at java.lang.Thread.run(Thread.java:750)
"ec-reconstruct-reader-TID-0"  prio=5 tid=5004 in Object.wait()
java.lang.Thread.State: WAITING (on object monitor)
        at sun.misc.Unsafe.park(Native Method)
        at java.util.concurrent.locks.LockSupport.park(LockSupport.java:175)
        at java.util.concurrent.SynchronousQueue$TransferStack.awaitFulfill(SynchronousQueue.java:458)
        at java.util.concurrent.SynchronousQueue$TransferStack.transfer(SynchronousQueue.java:362)
        at java.util.concurrent.SynchronousQueue.take(SynchronousQueue.java:924)
        at java.util.concurrent.ThreadPoolExecutor.getTask(ThreadPoolExecutor.java:1074)
        at java.util.concurrent.ThreadPoolExecutor.runWorker(ThreadPoolExecutor.java:1134)
        at java.util.concurrent.ThreadPoolExecutor$Worker.run(ThreadPoolExecutor.java:624)
        at java.lang.Thread.run(Thread.java:750)
"ContainerOp-e8dd15d0-68e9-4f12-a7cc-a9df22f54b30-9"  prio=5 tid=6031 in Object.wait()
java.lang.Thread.State: WAITING (on object monitor)
        at sun.misc.Unsafe.park(Native Method)
        at java.util.concurrent.locks.LockSupport.park(LockSupport.java:175)
        at java.util.concurrent.locks.AbstractQueuedSynchronizer$ConditionObject.await(AbstractQueuedSynchronizer.java:2039)
        at java.util.concurrent.LinkedBlockingQueue.take(LinkedBlockingQueue.java:442)
        at java.util.concurrent.ThreadPoolExecutor.getTask(ThreadPoolExecutor.java:1074)
        at java.util.concurrent.ThreadPoolExecutor.runWorker(ThreadPoolExecutor.java:1134)
        at java.util.concurrent.ThreadPoolExecutor$Worker.run(ThreadPoolExecutor.java:624)
        at java.lang.Thread.run(Thread.java:750)
"Datanode State Machine Task Thread - 1"  prio=5 tid=4666 in Object.wait()
java.lang.Thread.State: WAITING (on object monitor)
        at sun.misc.Unsafe.park(Native Method)
        at java.util.concurrent.locks.LockSupport.park(LockSupport.java:175)
        at java.util.concurrent.locks.AbstractQueuedSynchronizer$ConditionObject.await(AbstractQueuedSynchronizer.java:2039)
        at java.util.concurrent.LinkedBlockingQueue.take(LinkedBlockingQueue.java:442)
        at java.util.concurrent.ThreadPoolExecutor.getTask(ThreadPoolExecutor.java:1074)
        at java.util.concurrent.ThreadPoolExecutor.runWorker(ThreadPoolExecutor.java:1134)
        at java.util.concurrent.ThreadPoolExecutor$Worker.run(ThreadPoolExecutor.java:624)
        at java.lang.Thread.run(Thread.java:750)
"IPC Server handler 16 on default port 37589" daemon prio=5 tid=5126 timed_waiting
java.lang.Thread.State: TIMED_WAITING
        at sun.misc.Unsafe.park(Native Method)
        at java.util.concurrent.locks.LockSupport.parkNanos(LockSupport.java:215)
        at java.util.concurrent.locks.AbstractQueuedSynchronizer$ConditionObject.awaitNanos(AbstractQueuedSynchronizer.java:2078)
        at java.util.concurrent.LinkedBlockingQueue.poll(LinkedBlockingQueue.java:467)
        at org.apache.hadoop.ipc.CallQueueManager.take(CallQueueManager.java:317)
        at org.apache.hadoop.ipc.Server$Handler.run(Server.java:2942)
"FullTableCache Cleanup Thread - 0" daemon prio=5 tid=5020 in Object.wait()
java.lang.Thread.State: WAITING (on object monitor)
        at sun.misc.Unsafe.park(Native Method)
        at java.util.concurrent.locks.LockSupport.park(LockSupport.java:175)
        at java.util.concurrent.locks.AbstractQueuedSynchronizer$ConditionObject.await(AbstractQueuedSynchronizer.java:2039)
        at java.util.concurrent.LinkedBlockingQueue.take(LinkedBlockingQueue.java:442)
        at java.util.concurrent.ThreadPoolExecutor.getTask(ThreadPoolExecutor.java:1074)
        at java.util.concurrent.ThreadPoolExecutor.runWorker(ThreadPoolExecutor.java:1134)
        at java.util.concurrent.ThreadPoolExecutor$Worker.run(ThreadPoolExecutor.java:624)
        at java.lang.Thread.run(Thread.java:750)
"org.apache.hadoop.util.JvmPauseMonitor$Monitor@223189a2" daemon prio=5 tid=5435 timed_waiting
java.lang.Thread.State: TIMED_WAITING
        at java.lang.Thread.sleep(Native Method)
        at org.apache.hadoop.util.JvmPauseMonitor$Monitor.run(JvmPauseMonitor.java:192)
        at java.lang.Thread.run(Thread.java:750)
"IPC Server handler 5 on default port 41915" daemon prio=5 tid=5095 timed_waiting
java.lang.Thread.State: TIMED_WAITING
        at sun.misc.Unsafe.park(Native Method)
        at java.util.concurrent.locks.LockSupport.parkNanos(LockSupport.java:215)
        at java.util.concurrent.locks.AbstractQueuedSynchronizer$ConditionObject.awaitNanos(AbstractQueuedSynchronizer.java:2078)
        at java.util.concurrent.LinkedBlockingQueue.poll(LinkedBlockingQueue.java:467)
        at org.apache.hadoop.ipc.CallQueueManager.take(CallQueueManager.java:317)
        at org.apache.hadoop.ipc.Server$Handler.run(Server.java:2942)
"Over Replicated Processor" daemon prio=5 tid=6069 timed_waiting
java.lang.Thread.State: TIMED_WAITING
        at java.lang.Object.wait(Native Method)
        at org.apache.hadoop.hdds.scm.container.replication.OverReplicatedProcessor.run(OverReplicatedProcessor.java:103)
        at java.lang.Thread.run(Thread.java:750)
"BlockDeletingService#1" daemon prio=5 tid=5544 in Object.wait()
java.lang.Thread.State: WAITING (on object monitor)
        at sun.misc.Unsafe.park(Native Method)
        at java.util.concurrent.locks.LockSupport.park(LockSupport.java:175)
        at java.util.concurrent.locks.AbstractQueuedSynchronizer$ConditionObject.await(AbstractQueuedSynchronizer.java:2039)
        at java.util.concurrent.ScheduledThreadPoolExecutor$DelayedWorkQueue.take(ScheduledThreadPoolExecutor.java:1088)
        at java.util.concurrent.ScheduledThreadPoolExecutor$DelayedWorkQueue.take(ScheduledThreadPoolExecutor.java:809)
        at java.util.concurrent.ThreadPoolExecutor.getTask(ThreadPoolExecutor.java:1074)
        at java.util.concurrent.ThreadPoolExecutor.runWorker(ThreadPoolExecutor.java:1134)
        at java.util.concurrent.ThreadPoolExecutor$Worker.run(ThreadPoolExecutor.java:624)
        at java.lang.Thread.run(Thread.java:750)
"qtp37624766-4579" daemon prio=5 tid=4579 timed_waiting
java.lang.Thread.State: TIMED_WAITING
        at sun.misc.Unsafe.park(Native Method)
        at java.util.concurrent.locks.LockSupport.parkNanos(LockSupport.java:215)
        at java.util.concurrent.locks.AbstractQueuedSynchronizer$ConditionObject.awaitNanos(AbstractQueuedSynchronizer.java:2078)
        at org.eclipse.jetty.util.BlockingArrayQueue.poll(BlockingArrayQueue.java:382)
        at org.eclipse.jetty.util.thread.QueuedThreadPool$Runner.idleJobPoll(QueuedThreadPool.java:974)
        at org.eclipse.jetty.util.thread.QueuedThreadPool$Runner.run(QueuedThreadPool.java:1018)
        at java.lang.Thread.run(Thread.java:750)
"qtp1525027227-6167" daemon prio=5 tid=6167 timed_waiting
java.lang.Thread.State: TIMED_WAITING
        at sun.misc.Unsafe.park(Native Method)
        at java.util.concurrent.locks.LockSupport.parkNanos(LockSupport.java:215)
        at java.util.concurrent.locks.AbstractQueuedSynchronizer$ConditionObject.awaitNanos(AbstractQueuedSynchronizer.java:2078)
        at org.eclipse.jetty.util.BlockingArrayQueue.poll(BlockingArrayQueue.java:382)
        at org.eclipse.jetty.util.thread.QueuedThreadPool$Runner.idleJobPoll(QueuedThreadPool.java:974)
        at org.eclipse.jetty.util.thread.QueuedThreadPool$Runner.run(QueuedThreadPool.java:1018)
        at java.lang.Thread.run(Thread.java:750)
"388c1d2c-da9f-4216-9168-b64bdab690f4-server-thread2" daemon prio=5 tid=4887 timed_waiting
java.lang.Thread.State: TIMED_WAITING
        at sun.misc.Unsafe.park(Native Method)
        at java.util.concurrent.locks.LockSupport.parkNanos(LockSupport.java:215)
        at java.util.concurrent.SynchronousQueue$TransferStack.awaitFulfill(SynchronousQueue.java:460)
        at java.util.concurrent.SynchronousQueue$TransferStack.transfer(SynchronousQueue.java:362)
        at java.util.concurrent.SynchronousQueue.poll(SynchronousQueue.java:941)
        at java.util.concurrent.ThreadPoolExecutor.getTask(ThreadPoolExecutor.java:1073)
        at java.util.concurrent.ThreadPoolExecutor.runWorker(ThreadPoolExecutor.java:1134)
        at java.util.concurrent.ThreadPoolExecutor$Worker.run(ThreadPoolExecutor.java:624)
        at java.lang.Thread.run(Thread.java:750)
"qtp1525027227-6169" daemon prio=5 tid=6169 timed_waiting
java.lang.Thread.State: TIMED_WAITING
        at sun.misc.Unsafe.park(Native Method)
        at java.util.concurrent.locks.LockSupport.parkNanos(LockSupport.java:215)
        at java.util.concurrent.locks.AbstractQueuedSynchronizer$ConditionObject.awaitNanos(AbstractQueuedSynchronizer.java:2078)
        at org.eclipse.jetty.util.BlockingArrayQueue.poll(BlockingArrayQueue.java:382)
        at org.eclipse.jetty.util.thread.QueuedThreadPool$Runner.idleJobPoll(QueuedThreadPool.java:974)
        at org.eclipse.jetty.util.thread.QueuedThreadPool$Runner.run(QueuedThreadPool.java:1018)
        at java.lang.Thread.run(Thread.java:750)
"Datanode ReportManager Thread - 4" daemon prio=5 tid=5334 in Object.wait()
java.lang.Thread.State: WAITING (on object monitor)
        at sun.misc.Unsafe.park(Native Method)
        at java.util.concurrent.locks.LockSupport.park(LockSupport.java:175)
        at java.util.concurrent.locks.AbstractQueuedSynchronizer$ConditionObject.await(AbstractQueuedSynchronizer.java:2039)
        at java.util.concurrent.ScheduledThreadPoolExecutor$DelayedWorkQueue.take(ScheduledThreadPoolExecutor.java:1088)
        at java.util.concurrent.ScheduledThreadPoolExecutor$DelayedWorkQueue.take(ScheduledThreadPoolExecutor.java:809)
        at java.util.concurrent.ThreadPoolExecutor.getTask(ThreadPoolExecutor.java:1074)
        at java.util.concurrent.ThreadPoolExecutor.runWorker(ThreadPoolExecutor.java:1134)
        at java.util.concurrent.ThreadPoolExecutor$Worker.run(ThreadPoolExecutor.java:624)
        at java.lang.Thread.run(Thread.java:750)
"ReplicationMonitor" daemon prio=5 tid=6066 timed_waiting
java.lang.Thread.State: TIMED_WAITING
        at java.lang.Object.wait(Native Method)
        at org.apache.hadoop.hdds.scm.container.replication.ReplicationManager.run(ReplicationManager.java:632)
        at org.apache.hadoop.hdds.scm.container.replication.ReplicationManager$$Lambda$416/1725432529.run(Unknown Source)
        at java.lang.Thread.run(Thread.java:750)
"pool-2473-thread-1"  prio=5 tid=5711 in Object.wait()
java.lang.Thread.State: WAITING (on object monitor)
        at sun.misc.Unsafe.park(Native Method)
        at java.util.concurrent.locks.LockSupport.park(LockSupport.java:175)
        at java.util.concurrent.locks.AbstractQueuedSynchronizer$ConditionObject.await(AbstractQueuedSynchronizer.java:2039)
        at java.util.concurrent.LinkedBlockingQueue.take(LinkedBlockingQueue.java:442)
        at java.util.concurrent.ThreadPoolExecutor.getTask(ThreadPoolExecutor.java:1074)
        at java.util.concurrent.ThreadPoolExecutor.runWorker(ThreadPoolExecutor.java:1134)
        at java.util.concurrent.ThreadPoolExecutor$Worker.run(ThreadPoolExecutor.java:624)
        at java.lang.Thread.run(Thread.java:750)
"ChunkWriter-1-0" daemon prio=5 tid=5573 in Object.wait()
java.lang.Thread.State: WAITING (on object monitor)
        at sun.misc.Unsafe.park(Native Method)
        at java.util.concurrent.locks.LockSupport.park(LockSupport.java:175)
        at java.util.concurrent.locks.AbstractQueuedSynchronizer$ConditionObject.await(AbstractQueuedSynchronizer.java:2039)
        at java.util.concurrent.LinkedBlockingDeque.takeFirst(LinkedBlockingDeque.java:492)
        at java.util.concurrent.LinkedBlockingDeque.take(LinkedBlockingDeque.java:680)
        at java.util.concurrent.ThreadPoolExecutor.getTask(ThreadPoolExecutor.java:1074)
        at java.util.concurrent.ThreadPoolExecutor.runWorker(ThreadPoolExecutor.java:1134)
        at java.util.concurrent.ThreadPoolExecutor$Worker.run(ThreadPoolExecutor.java:624)
        at java.lang.Thread.run(Thread.java:750)
"ChunkWriter-3-0" daemon prio=5 tid=4671 in Object.wait()
java.lang.Thread.State: WAITING (on object monitor)
        at sun.misc.Unsafe.park(Native Method)
        at java.util.concurrent.locks.LockSupport.park(LockSupport.java:175)
        at java.util.concurrent.locks.AbstractQueuedSynchronizer$ConditionObject.await(AbstractQueuedSynchronizer.java:2039)
        at java.util.concurrent.LinkedBlockingDeque.takeFirst(LinkedBlockingDeque.java:492)
        at java.util.concurrent.LinkedBlockingDeque.take(LinkedBlockingDeque.java:680)
        at java.util.concurrent.ThreadPoolExecutor.getTask(ThreadPoolExecutor.java:1074)
        at java.util.concurrent.ThreadPoolExecutor.runWorker(ThreadPoolExecutor.java:1134)
        at java.util.concurrent.ThreadPoolExecutor$Worker.run(ThreadPoolExecutor.java:624)
        at java.lang.Thread.run(Thread.java:750)
"IPC Server handler 2 on default port 41047" daemon prio=5 tid=6141 timed_waiting
java.lang.Thread.State: TIMED_WAITING
        at sun.misc.Unsafe.park(Native Method)
        at java.util.concurrent.locks.LockSupport.parkNanos(LockSupport.java:215)
        at java.util.concurrent.locks.AbstractQueuedSynchronizer$ConditionObject.awaitNanos(AbstractQueuedSynchronizer.java:2078)
        at java.util.concurrent.LinkedBlockingQueue.poll(LinkedBlockingQueue.java:467)
        at org.apache.hadoop.ipc.CallQueueManager.take(CallQueueManager.java:317)
        at org.apache.hadoop.ipc.Server$Handler.run(Server.java:2942)
"Finalizer" daemon prio=8 tid=3 in Object.wait()
java.lang.Thread.State: WAITING (on object monitor)
        at java.lang.Object.wait(Native Method)
        at java.lang.ref.ReferenceQueue.remove(ReferenceQueue.java:144)
        at java.lang.ref.ReferenceQueue.remove(ReferenceQueue.java:165)
        at java.lang.ref.Finalizer$FinalizerThread.run(Finalizer.java:216)
"BlockDeletingService#0" daemon prio=5 tid=4710 in Object.wait()
java.lang.Thread.State: WAITING (on object monitor)
        at sun.misc.Unsafe.park(Native Method)
        at java.util.concurrent.locks.LockSupport.park(LockSupport.java:175)
        at java.util.concurrent.locks.AbstractQueuedSynchronizer$ConditionObject.await(AbstractQueuedSynchronizer.java:2039)
        at java.util.concurrent.ScheduledThreadPoolExecutor$DelayedWorkQueue.take(ScheduledThreadPoolExecutor.java:1088)
        at java.util.concurrent.ScheduledThreadPoolExecutor$DelayedWorkQueue.take(ScheduledThreadPoolExecutor.java:809)
        at java.util.concurrent.ThreadPoolExecutor.getTask(ThreadPoolExecutor.java:1074)
        at java.util.concurrent.ThreadPoolExecutor.runWorker(ThreadPoolExecutor.java:1134)
        at java.util.concurrent.ThreadPoolExecutor$Worker.run(ThreadPoolExecutor.java:624)
        at java.lang.Thread.run(Thread.java:750)
"Datanode ReportManager Thread - 0" daemon prio=5 tid=5330 in Object.wait()
java.lang.Thread.State: WAITING (on object monitor)
        at sun.misc.Unsafe.park(Native Method)
        at java.util.concurrent.locks.LockSupport.park(LockSupport.java:175)
        at java.util.concurrent.locks.AbstractQueuedSynchronizer$ConditionObject.await(AbstractQueuedSynchronizer.java:2039)
        at java.util.concurrent.ScheduledThreadPoolExecutor$DelayedWorkQueue.take(ScheduledThreadPoolExecutor.java:1088)
        at java.util.concurrent.ScheduledThreadPoolExecutor$DelayedWorkQueue.take(ScheduledThreadPoolExecutor.java:809)
        at java.util.concurrent.ThreadPoolExecutor.getTask(ThreadPoolExecutor.java:1074)
        at java.util.concurrent.ThreadPoolExecutor.runWorker(ThreadPoolExecutor.java:1134)
        at java.util.concurrent.ThreadPoolExecutor$Worker.run(ThreadPoolExecutor.java:624)
        at java.lang.Thread.run(Thread.java:750)
"IPC Server idle connection scanner for port 36229" daemon prio=5 tid=5055 timed_waiting
java.lang.Thread.State: TIMED_WAITING
        at java.lang.Object.wait(Native Method)
        at java.util.TimerThread.mainLoop(Timer.java:552)
        at java.util.TimerThread.run(Timer.java:505)
"StaleRecoveringContainerScrubbingService#0" daemon prio=5 tid=5543 timed_waiting
java.lang.Thread.State: TIMED_WAITING
        at sun.misc.Unsafe.park(Native Method)
        at java.util.concurrent.locks.LockSupport.parkNanos(LockSupport.java:215)
        at java.util.concurrent.locks.AbstractQueuedSynchronizer$ConditionObject.awaitNanos(AbstractQueuedSynchronizer.java:2078)
        at java.util.concurrent.ScheduledThreadPoolExecutor$DelayedWorkQueue.take(ScheduledThreadPoolExecutor.java:1093)
        at java.util.concurrent.ScheduledThreadPoolExecutor$DelayedWorkQueue.take(ScheduledThreadPoolExecutor.java:809)
        at java.util.concurrent.ThreadPoolExecutor.getTask(ThreadPoolExecutor.java:1074)
        at java.util.concurrent.ThreadPoolExecutor.runWorker(ThreadPoolExecutor.java:1134)
        at java.util.concurrent.ThreadPoolExecutor$Worker.run(ThreadPoolExecutor.java:624)
        at java.lang.Thread.run(Thread.java:750)
"ContainerOp-e8dd15d0-68e9-4f12-a7cc-a9df22f54b30-7"  prio=5 tid=6026 in Object.wait()
java.lang.Thread.State: WAITING (on object monitor)
        at sun.misc.Unsafe.park(Native Method)
        at java.util.concurrent.locks.LockSupport.park(LockSupport.java:175)
        at java.util.concurrent.locks.AbstractQueuedSynchronizer$ConditionObject.await(AbstractQueuedSynchronizer.java:2039)
        at java.util.concurrent.LinkedBlockingQueue.take(LinkedBlockingQueue.java:442)
        at java.util.concurrent.ThreadPoolExecutor.getTask(ThreadPoolExecutor.java:1074)
        at java.util.concurrent.ThreadPoolExecutor.runWorker(ThreadPoolExecutor.java:1134)
        at java.util.concurrent.ThreadPoolExecutor$Worker.run(ThreadPoolExecutor.java:624)
        at java.lang.Thread.run(Thread.java:750)
"qtp1393491412-5320" daemon prio=5 tid=5320 timed_waiting
java.lang.Thread.State: TIMED_WAITING
        at sun.misc.Unsafe.park(Native Method)
        at java.util.concurrent.locks.LockSupport.parkNanos(LockSupport.java:215)
        at java.util.concurrent.locks.AbstractQueuedSynchronizer$ConditionObject.awaitNanos(AbstractQueuedSynchronizer.java:2078)
        at org.eclipse.jetty.util.BlockingArrayQueue.poll(BlockingArrayQueue.java:382)
        at org.eclipse.jetty.util.thread.QueuedThreadPool$Runner.idleJobPoll(QueuedThreadPool.java:974)
        at org.eclipse.jetty.util.thread.QueuedThreadPool$Runner.run(QueuedThreadPool.java:1018)
        at java.lang.Thread.run(Thread.java:750)
"ExpiredContainerReplicaOpScrubberThread" daemon prio=5 tid=5039 timed_waiting
java.lang.Thread.State: TIMED_WAITING
        at java.lang.Object.wait(Native Method)
        at org.apache.hadoop.hdds.scm.ha.BackgroundSCMService.run(BackgroundSCMService.java:110)
        at org.apache.hadoop.hdds.scm.ha.BackgroundSCMService$$Lambda$409/1734120244.run(Unknown Source)
        at java.lang.Thread.run(Thread.java:750)
"Socket Reader #1 for port 41047"  prio=5 tid=6072 runnable
java.lang.Thread.State: RUNNABLE
        at sun.nio.ch.EPollArrayWrapper.epollWait(Native Method)
        at sun.nio.ch.EPollArrayWrapper.poll(EPollArrayWrapper.java:269)
        at sun.nio.ch.EPollSelectorImpl.doSelect(EPollSelectorImpl.java:93)
        at sun.nio.ch.SelectorImpl.lockAndDoSelect(SelectorImpl.java:86)
        at sun.nio.ch.SelectorImpl.select(SelectorImpl.java:97)
        at sun.nio.ch.SelectorImpl.select(SelectorImpl.java:101)
        at org.apache.hadoop.ipc.Server$Listener$Reader.doRunLoop(Server.java:1296)
        at org.apache.hadoop.ipc.Server$Listener$Reader.run(Server.java:1275)
"pool-2539-thread-1"  prio=5 tid=5751 in Object.wait()
java.lang.Thread.State: WAITING (on object monitor)
        at sun.misc.Unsafe.park(Native Method)
        at java.util.concurrent.locks.LockSupport.park(LockSupport.java:175)
        at java.util.concurrent.locks.AbstractQueuedSynchronizer$ConditionObject.await(AbstractQueuedSynchronizer.java:2039)
        at java.util.concurrent.LinkedBlockingQueue.take(LinkedBlockingQueue.java:442)
        at java.util.concurrent.ThreadPoolExecutor.getTask(ThreadPoolExecutor.java:1074)
        at java.util.concurrent.ThreadPoolExecutor.runWorker(ThreadPoolExecutor.java:1134)
        at java.util.concurrent.ThreadPoolExecutor$Worker.run(ThreadPoolExecutor.java:624)
        at java.lang.Thread.run(Thread.java:750)
"1787d8bf-f3dc-4880-8863-743d3d33b765-server-thread1" daemon prio=5 tid=5919 timed_waiting
java.lang.Thread.State: TIMED_WAITING
        at sun.misc.Unsafe.park(Native Method)
        at java.util.concurrent.locks.LockSupport.parkNanos(LockSupport.java:215)
        at java.util.concurrent.SynchronousQueue$TransferStack.awaitFulfill(SynchronousQueue.java:460)
        at java.util.concurrent.SynchronousQueue$TransferStack.transfer(SynchronousQueue.java:362)
        at java.util.concurrent.SynchronousQueue.poll(SynchronousQueue.java:941)
        at java.util.concurrent.ThreadPoolExecutor.getTask(ThreadPoolExecutor.java:1073)
        at java.util.concurrent.ThreadPoolExecutor.runWorker(ThreadPoolExecutor.java:1134)
        at java.util.concurrent.ThreadPoolExecutor$Worker.run(ThreadPoolExecutor.java:624)
        at java.lang.Thread.run(Thread.java:750)
"Socket Reader #1 for port 39971"  prio=5 tid=6080 runnable
java.lang.Thread.State: RUNNABLE
        at sun.nio.ch.EPollArrayWrapper.epollWait(Native Method)
        at sun.nio.ch.EPollArrayWrapper.poll(EPollArrayWrapper.java:269)
        at sun.nio.ch.EPollSelectorImpl.doSelect(EPollSelectorImpl.java:93)
        at sun.nio.ch.SelectorImpl.lockAndDoSelect(SelectorImpl.java:86)
        at sun.nio.ch.SelectorImpl.select(SelectorImpl.java:97)
        at sun.nio.ch.SelectorImpl.select(SelectorImpl.java:101)
        at org.apache.hadoop.ipc.Server$Listener$Reader.doRunLoop(Server.java:1296)
        at org.apache.hadoop.ipc.Server$Listener$Reader.run(Server.java:1275)
"null-request--thread1" daemon prio=5 tid=5967 timed_waiting
java.lang.Thread.State: TIMED_WAITING
        at sun.misc.Unsafe.park(Native Method)
        at java.util.concurrent.locks.LockSupport.parkNanos(LockSupport.java:215)
        at java.util.concurrent.locks.AbstractQueuedSynchronizer$ConditionObject.awaitNanos(AbstractQueuedSynchronizer.java:2078)
        at java.util.concurrent.LinkedBlockingQueue.poll(LinkedBlockingQueue.java:467)
        at java.util.concurrent.ThreadPoolExecutor.getTask(ThreadPoolExecutor.java:1073)
        at java.util.concurrent.ThreadPoolExecutor.runWorker(ThreadPoolExecutor.java:1134)
        at java.util.concurrent.ThreadPoolExecutor$Worker.run(ThreadPoolExecutor.java:624)
        at java.lang.Thread.run(Thread.java:750)
"ChunkWriter-3-0" daemon prio=5 tid=5459 in Object.wait()
java.lang.Thread.State: WAITING (on object monitor)
        at sun.misc.Unsafe.park(Native Method)
        at java.util.concurrent.locks.LockSupport.park(LockSupport.java:175)
        at java.util.concurrent.locks.AbstractQueuedSynchronizer$ConditionObject.await(AbstractQueuedSynchronizer.java:2039)
        at java.util.concurrent.LinkedBlockingDeque.takeFirst(LinkedBlockingDeque.java:492)
        at java.util.concurrent.LinkedBlockingDeque.take(LinkedBlockingDeque.java:680)
        at java.util.concurrent.ThreadPoolExecutor.getTask(ThreadPoolExecutor.java:1074)
        at java.util.concurrent.ThreadPoolExecutor.runWorker(ThreadPoolExecutor.java:1134)
        at java.util.concurrent.ThreadPoolExecutor$Worker.run(ThreadPoolExecutor.java:624)
        at java.lang.Thread.run(Thread.java:750)
"qtp220272310-4450" daemon prio=5 tid=4450 timed_waiting
java.lang.Thread.State: TIMED_WAITING
        at sun.misc.Unsafe.park(Native Method)
        at java.util.concurrent.locks.LockSupport.parkNanos(LockSupport.java:215)
        at java.util.concurrent.locks.AbstractQueuedSynchronizer$ConditionObject.awaitNanos(AbstractQueuedSynchronizer.java:2078)
        at org.eclipse.jetty.util.BlockingArrayQueue.poll(BlockingArrayQueue.java:382)
        at org.eclipse.jetty.util.thread.QueuedThreadPool$Runner.idleJobPoll(QueuedThreadPool.java:974)
        at org.eclipse.jetty.util.thread.QueuedThreadPool$Runner.run(QueuedThreadPool.java:1018)
        at java.lang.Thread.run(Thread.java:750)
"qtp1707098790-4611" daemon prio=5 tid=4611 timed_waiting
java.lang.Thread.State: TIMED_WAITING
        at sun.misc.Unsafe.park(Native Method)
        at java.util.concurrent.locks.LockSupport.parkNanos(LockSupport.java:215)
        at java.util.concurrent.locks.AbstractQueuedSynchronizer$ConditionObject.awaitNanos(AbstractQueuedSynchronizer.java:2078)
        at org.eclipse.jetty.util.BlockingArrayQueue.poll(BlockingArrayQueue.java:382)
        at org.eclipse.jetty.util.thread.QueuedThreadPool$Runner.idleJobPoll(QueuedThreadPool.java:974)
        at org.eclipse.jetty.util.thread.QueuedThreadPool$Runner.run(QueuedThreadPool.java:1018)
        at java.lang.Thread.run(Thread.java:750)
"FullTableCache Cleanup Thread - 0" daemon prio=5 tid=2000 in Object.wait()
java.lang.Thread.State: WAITING (on object monitor)
        at sun.misc.Unsafe.park(Native Method)
        at java.util.concurrent.locks.LockSupport.park(LockSupport.java:175)
        at java.util.concurrent.locks.AbstractQueuedSynchronizer$ConditionObject.await(AbstractQueuedSynchronizer.java:2039)
        at java.util.concurrent.LinkedBlockingQueue.take(LinkedBlockingQueue.java:442)
        at java.util.concurrent.ThreadPoolExecutor.getTask(ThreadPoolExecutor.java:1074)
        at java.util.concurrent.ThreadPoolExecutor.runWorker(ThreadPoolExecutor.java:1134)
        at java.util.concurrent.ThreadPoolExecutor$Worker.run(ThreadPoolExecutor.java:624)
        at java.lang.Thread.run(Thread.java:750)
"DataNode DiskChecker thread 0" daemon prio=5 tid=5340 timed_waiting
java.lang.Thread.State: TIMED_WAITING
        at sun.misc.Unsafe.park(Native Method)
        at java.util.concurrent.locks.LockSupport.parkNanos(LockSupport.java:215)
        at java.util.concurrent.SynchronousQueue$TransferStack.awaitFulfill(SynchronousQueue.java:460)
        at java.util.concurrent.SynchronousQueue$TransferStack.transfer(SynchronousQueue.java:362)
        at java.util.concurrent.SynchronousQueue.poll(SynchronousQueue.java:941)
        at java.util.concurrent.ThreadPoolExecutor.getTask(ThreadPoolExecutor.java:1073)
        at java.util.concurrent.ThreadPoolExecutor.runWorker(ThreadPoolExecutor.java:1134)
        at java.util.concurrent.ThreadPoolExecutor$Worker.run(ThreadPoolExecutor.java:624)
        at java.lang.Thread.run(Thread.java:750)
"StaleRecoveringContainerScrubbingService#2" daemon prio=5 tid=6191 in Object.wait()
java.lang.Thread.State: WAITING (on object monitor)
        at sun.misc.Unsafe.park(Native Method)
        at java.util.concurrent.locks.LockSupport.park(LockSupport.java:175)
        at java.util.concurrent.locks.AbstractQueuedSynchronizer$ConditionObject.await(AbstractQueuedSynchronizer.java:2039)
        at java.util.concurrent.ScheduledThreadPoolExecutor$DelayedWorkQueue.take(ScheduledThreadPoolExecutor.java:1088)
        at java.util.concurrent.ScheduledThreadPoolExecutor$DelayedWorkQueue.take(ScheduledThreadPoolExecutor.java:809)
        at java.util.concurrent.ThreadPoolExecutor.getTask(ThreadPoolExecutor.java:1074)
        at java.util.concurrent.ThreadPoolExecutor.runWorker(ThreadPoolExecutor.java:1134)
        at java.util.concurrent.ThreadPoolExecutor$Worker.run(ThreadPoolExecutor.java:624)
        at java.lang.Thread.run(Thread.java:750)
"ChunkWriter-0-0" daemon prio=5 tid=5494 in Object.wait()
java.lang.Thread.State: WAITING (on object monitor)
        at sun.misc.Unsafe.park(Native Method)
        at java.util.concurrent.locks.LockSupport.park(LockSupport.java:175)
        at java.util.concurrent.locks.AbstractQueuedSynchronizer$ConditionObject.await(AbstractQueuedSynchronizer.java:2039)
        at java.util.concurrent.LinkedBlockingDeque.takeFirst(LinkedBlockingDeque.java:492)
        at java.util.concurrent.LinkedBlockingDeque.take(LinkedBlockingDeque.java:680)
        at java.util.concurrent.ThreadPoolExecutor.getTask(ThreadPoolExecutor.java:1074)
        at java.util.concurrent.ThreadPoolExecutor.runWorker(ThreadPoolExecutor.java:1134)
        at java.util.concurrent.ThreadPoolExecutor$Worker.run(ThreadPoolExecutor.java:624)
        at java.lang.Thread.run(Thread.java:750)
"Datanode State Machine Daemon Thread" daemon prio=5 tid=4654 timed_waiting
java.lang.Thread.State: TIMED_WAITING
        at java.lang.Thread.sleep(Native Method)
        at org.apache.hadoop.ozone.container.common.statemachine.DatanodeStateMachine.startStateMachineThread(DatanodeStateMachine.java:321)
        at org.apache.hadoop.ozone.container.common.statemachine.DatanodeStateMachine.lambda$startDaemon$0(DatanodeStateMachine.java:506)
        at org.apache.hadoop.ozone.container.common.statemachine.DatanodeStateMachine$$Lambda$785/1058385645.run(Unknown Source)
        at java.lang.Thread.run(Thread.java:750)
"FullTableCache Cleanup Thread - 0" daemon prio=5 tid=3251 in Object.wait()
java.lang.Thread.State: WAITING (on object monitor)
        at sun.misc.Unsafe.park(Native Method)
        at java.util.concurrent.locks.LockSupport.park(LockSupport.java:175)
        at java.util.concurrent.locks.AbstractQueuedSynchronizer$ConditionObject.await(AbstractQueuedSynchronizer.java:2039)
        at java.util.concurrent.LinkedBlockingQueue.take(LinkedBlockingQueue.java:442)
        at java.util.concurrent.ThreadPoolExecutor.getTask(ThreadPoolExecutor.java:1074)
        at java.util.concurrent.ThreadPoolExecutor.runWorker(ThreadPoolExecutor.java:1134)
        at java.util.concurrent.ThreadPoolExecutor$Worker.run(ThreadPoolExecutor.java:624)
        at java.lang.Thread.run(Thread.java:750)
"IPC Server handler 7 on default port 41915" daemon prio=5 tid=5097 timed_waiting
java.lang.Thread.State: TIMED_WAITING
        at sun.misc.Unsafe.park(Native Method)
        at java.util.concurrent.locks.LockSupport.parkNanos(LockSupport.java:215)
        at java.util.concurrent.locks.AbstractQueuedSynchronizer$ConditionObject.awaitNanos(AbstractQueuedSynchronizer.java:2078)
        at java.util.concurrent.LinkedBlockingQueue.poll(LinkedBlockingQueue.java:467)
        at org.apache.hadoop.ipc.CallQueueManager.take(CallQueueManager.java:317)
        at org.apache.hadoop.ipc.Server$Handler.run(Server.java:2942)
"ChunkWriter-1-0" daemon prio=5 tid=4693 in Object.wait()
java.lang.Thread.State: WAITING (on object monitor)
        at sun.misc.Unsafe.park(Native Method)
        at java.util.concurrent.locks.LockSupport.park(LockSupport.java:175)
        at java.util.concurrent.locks.AbstractQueuedSynchronizer$ConditionObject.await(AbstractQueuedSynchronizer.java:2039)
        at java.util.concurrent.LinkedBlockingDeque.takeFirst(LinkedBlockingDeque.java:492)
        at java.util.concurrent.LinkedBlockingDeque.take(LinkedBlockingDeque.java:680)
        at java.util.concurrent.ThreadPoolExecutor.getTask(ThreadPoolExecutor.java:1074)
        at java.util.concurrent.ThreadPoolExecutor.runWorker(ThreadPoolExecutor.java:1134)
        at java.util.concurrent.ThreadPoolExecutor$Worker.run(ThreadPoolExecutor.java:624)
        at java.lang.Thread.run(Thread.java:750)
"FixedThreadPoolWithAffinityExecutor-3-0" daemon prio=5 tid=6086 timed_waiting
java.lang.Thread.State: TIMED_WAITING
        at sun.misc.Unsafe.park(Native Method)
        at java.util.concurrent.locks.LockSupport.parkNanos(LockSupport.java:215)
        at java.util.concurrent.locks.AbstractQueuedSynchronizer$ConditionObject.awaitNanos(AbstractQueuedSynchronizer.java:2078)
        at java.util.concurrent.LinkedBlockingQueue.poll(LinkedBlockingQueue.java:467)
        at org.apache.hadoop.hdds.scm.server.ContainerReportQueue.poll(ContainerReportQueue.java:266)
        at org.apache.hadoop.hdds.scm.server.ContainerReportQueue.poll(ContainerReportQueue.java:42)
        at org.apache.hadoop.hdds.server.events.FixedThreadPoolWithAffinityExecutor$ContainerReportProcessTask.run(FixedThreadPoolWithAffinityExecutor.java:248)
        at java.util.concurrent.Executors$RunnableAdapter.call(Executors.java:511)
        at java.util.concurrent.FutureTask.run(FutureTask.java:266)
        at java.util.concurrent.ThreadPoolExecutor.runWorker(ThreadPoolExecutor.java:1149)
        at java.util.concurrent.ThreadPoolExecutor$Worker.run(ThreadPoolExecutor.java:624)
        at java.lang.Thread.run(Thread.java:750)
"IPC Server handler 17 on default port 37589" daemon prio=5 tid=5127 timed_waiting
java.lang.Thread.State: TIMED_WAITING
        at sun.misc.Unsafe.park(Native Method)
        at java.util.concurrent.locks.LockSupport.parkNanos(LockSupport.java:215)
        at java.util.concurrent.locks.AbstractQueuedSynchronizer$ConditionObject.awaitNanos(AbstractQueuedSynchronizer.java:2078)
        at java.util.concurrent.LinkedBlockingQueue.poll(LinkedBlockingQueue.java:467)
        at org.apache.hadoop.ipc.CallQueueManager.take(CallQueueManager.java:317)
        at org.apache.hadoop.ipc.Server$Handler.run(Server.java:2942)
"Periodic HDDS volume checker" daemon prio=5 tid=4628 timed_waiting
java.lang.Thread.State: TIMED_WAITING
        at sun.misc.Unsafe.park(Native Method)
        at java.util.concurrent.locks.LockSupport.parkNanos(LockSupport.java:215)
        at java.util.concurrent.locks.AbstractQueuedSynchronizer$ConditionObject.awaitNanos(AbstractQueuedSynchronizer.java:2078)
        at java.util.concurrent.ScheduledThreadPoolExecutor$DelayedWorkQueue.take(ScheduledThreadPoolExecutor.java:1093)
        at java.util.concurrent.ScheduledThreadPoolExecutor$DelayedWorkQueue.take(ScheduledThreadPoolExecutor.java:809)
        at java.util.concurrent.ThreadPoolExecutor.getTask(ThreadPoolExecutor.java:1074)
        at java.util.concurrent.ThreadPoolExecutor.runWorker(ThreadPoolExecutor.java:1134)
        at java.util.concurrent.ThreadPoolExecutor$Worker.run(ThreadPoolExecutor.java:624)
        at java.lang.Thread.run(Thread.java:750)
"qtp514050540-5425" daemon prio=5 tid=5425 timed_waiting
java.lang.Thread.State: TIMED_WAITING
        at sun.misc.Unsafe.park(Native Method)
        at java.util.concurrent.locks.LockSupport.parkNanos(LockSupport.java:215)
        at java.util.concurrent.locks.AbstractQueuedSynchronizer$ConditionObject.awaitNanos(AbstractQueuedSynchronizer.java:2078)
        at org.eclipse.jetty.util.BlockingArrayQueue.poll(BlockingArrayQueue.java:382)
        at org.eclipse.jetty.util.thread.QueuedThreadPool$Runner.idleJobPoll(QueuedThreadPool.java:974)
        at org.eclipse.jetty.util.thread.QueuedThreadPool$Runner.run(QueuedThreadPool.java:1018)
        at java.lang.Thread.run(Thread.java:750)
"ChunkWriter-1-0" daemon prio=5 tid=4669 in Object.wait()
java.lang.Thread.State: WAITING (on object monitor)
        at sun.misc.Unsafe.park(Native Method)
        at java.util.concurrent.locks.LockSupport.park(LockSupport.java:175)
        at java.util.concurrent.locks.AbstractQueuedSynchronizer$ConditionObject.await(AbstractQueuedSynchronizer.java:2039)
        at java.util.concurrent.LinkedBlockingDeque.takeFirst(LinkedBlockingDeque.java:492)
        at java.util.concurrent.LinkedBlockingDeque.take(LinkedBlockingDeque.java:680)
        at java.util.concurrent.ThreadPoolExecutor.getTask(ThreadPoolExecutor.java:1074)
        at java.util.concurrent.ThreadPoolExecutor.runWorker(ThreadPoolExecutor.java:1134)
        at java.util.concurrent.ThreadPoolExecutor$Worker.run(ThreadPoolExecutor.java:624)
        at java.lang.Thread.run(Thread.java:750)
"qtp514050540-5419" daemon prio=5 tid=5419 runnable
java.lang.Thread.State: RUNNABLE
        at sun.nio.ch.EPollArrayWrapper.epollWait(Native Method)
        at sun.nio.ch.EPollArrayWrapper.poll(EPollArrayWrapper.java:269)
        at sun.nio.ch.EPollSelectorImpl.doSelect(EPollSelectorImpl.java:93)
        at sun.nio.ch.SelectorImpl.lockAndDoSelect(SelectorImpl.java:86)
        at sun.nio.ch.SelectorImpl.select(SelectorImpl.java:97)
        at sun.nio.ch.SelectorImpl.select(SelectorImpl.java:101)
        at org.eclipse.jetty.io.ManagedSelector.nioSelect(ManagedSelector.java:183)
        at org.eclipse.jetty.io.ManagedSelector.select(ManagedSelector.java:190)
        at org.eclipse.jetty.io.ManagedSelector$SelectorProducer.select(ManagedSelector.java:606)
        at org.eclipse.jetty.io.ManagedSelector$SelectorProducer.produce(ManagedSelector.java:543)
        at org.eclipse.jetty.util.thread.strategy.EatWhatYouKill.produceTask(EatWhatYouKill.java:362)
        at org.eclipse.jetty.util.thread.strategy.EatWhatYouKill.doProduce(EatWhatYouKill.java:186)
        at org.eclipse.jetty.util.thread.strategy.EatWhatYouKill.tryProduce(EatWhatYouKill.java:173)
        at org.eclipse.jetty.util.thread.strategy.EatWhatYouKill.produce(EatWhatYouKill.java:137)
        at org.eclipse.jetty.io.ManagedSelector$$Lambda$480/780706792.run(Unknown Source)
        at org.eclipse.jetty.util.thread.QueuedThreadPool.runJob(QueuedThreadPool.java:883)
        at org.eclipse.jetty.util.thread.QueuedThreadPool$Runner.run(QueuedThreadPool.java:1034)
        at java.lang.Thread.run(Thread.java:750)
"Datanode ReportManager Thread - 0" daemon prio=5 tid=4655 in Object.wait()
java.lang.Thread.State: WAITING (on object monitor)
        at sun.misc.Unsafe.park(Native Method)
        at java.util.concurrent.locks.LockSupport.park(LockSupport.java:175)
        at java.util.concurrent.locks.AbstractQueuedSynchronizer$ConditionObject.await(AbstractQueuedSynchronizer.java:2039)
        at java.util.concurrent.ScheduledThreadPoolExecutor$DelayedWorkQueue.take(ScheduledThreadPoolExecutor.java:1088)
        at java.util.concurrent.ScheduledThreadPoolExecutor$DelayedWorkQueue.take(ScheduledThreadPoolExecutor.java:809)
        at java.util.concurrent.ThreadPoolExecutor.getTask(ThreadPoolExecutor.java:1074)
        at java.util.concurrent.ThreadPoolExecutor.runWorker(ThreadPoolExecutor.java:1134)
        at java.util.concurrent.ThreadPoolExecutor$Worker.run(ThreadPoolExecutor.java:624)
        at java.lang.Thread.run(Thread.java:750)
"ChunkWriter-2-0" daemon prio=5 tid=4682 in Object.wait()
java.lang.Thread.State: WAITING (on object monitor)
        at sun.misc.Unsafe.park(Native Method)
        at java.util.concurrent.locks.LockSupport.park(LockSupport.java:175)
        at java.util.concurrent.locks.AbstractQueuedSynchronizer$ConditionObject.await(AbstractQueuedSynchronizer.java:2039)
        at java.util.concurrent.LinkedBlockingDeque.takeFirst(LinkedBlockingDeque.java:492)
        at java.util.concurrent.LinkedBlockingDeque.take(LinkedBlockingDeque.java:680)
        at java.util.concurrent.ThreadPoolExecutor.getTask(ThreadPoolExecutor.java:1074)
        at java.util.concurrent.ThreadPoolExecutor.runWorker(ThreadPoolExecutor.java:1134)
        at java.util.concurrent.ThreadPoolExecutor$Worker.run(ThreadPoolExecutor.java:624)
        at java.lang.Thread.run(Thread.java:750)
"IPC Server handler 2 on default port 37589" daemon prio=5 tid=5112 timed_waiting
java.lang.Thread.State: TIMED_WAITING
        at sun.misc.Unsafe.park(Native Method)
        at java.util.concurrent.locks.LockSupport.parkNanos(LockSupport.java:215)
        at java.util.concurrent.locks.AbstractQueuedSynchronizer$ConditionObject.awaitNanos(AbstractQueuedSynchronizer.java:2078)
        at java.util.concurrent.LinkedBlockingQueue.poll(LinkedBlockingQueue.java:467)
        at org.apache.hadoop.ipc.CallQueueManager.take(CallQueueManager.java:317)
        at org.apache.hadoop.ipc.Server$Handler.run(Server.java:2942)
"IPC Server handler 6 on default port 41915" daemon prio=5 tid=5096 timed_waiting
java.lang.Thread.State: TIMED_WAITING
        at sun.misc.Unsafe.park(Native Method)
        at java.util.concurrent.locks.LockSupport.parkNanos(LockSupport.java:215)
        at java.util.concurrent.locks.AbstractQueuedSynchronizer$ConditionObject.awaitNanos(AbstractQueuedSynchronizer.java:2078)
        at java.util.concurrent.LinkedBlockingQueue.poll(LinkedBlockingQueue.java:467)
        at org.apache.hadoop.ipc.CallQueueManager.take(CallQueueManager.java:317)
        at org.apache.hadoop.ipc.Server$Handler.run(Server.java:2942)
"IPC Server handler 18 on default port 45167" daemon prio=5 tid=6134 timed_waiting
java.lang.Thread.State: TIMED_WAITING
        at sun.misc.Unsafe.park(Native Method)
        at java.util.concurrent.locks.LockSupport.parkNanos(LockSupport.java:215)
        at java.util.concurrent.locks.AbstractQueuedSynchronizer$ConditionObject.awaitNanos(AbstractQueuedSynchronizer.java:2078)
        at java.util.concurrent.LinkedBlockingQueue.poll(LinkedBlockingQueue.java:467)
        at org.apache.hadoop.ipc.CallQueueManager.take(CallQueueManager.java:317)
        at org.apache.hadoop.ipc.Server$Handler.run(Server.java:2942)
"StaleRecoveringContainerScrubbingService#1" daemon prio=5 tid=5400 in Object.wait()
java.lang.Thread.State: WAITING (on object monitor)
        at sun.misc.Unsafe.park(Native Method)
        at java.util.concurrent.locks.LockSupport.park(LockSupport.java:175)
        at java.util.concurrent.locks.AbstractQueuedSynchronizer$ConditionObject.await(AbstractQueuedSynchronizer.java:2039)
        at java.util.concurrent.ScheduledThreadPoolExecutor$DelayedWorkQueue.take(ScheduledThreadPoolExecutor.java:1088)
        at java.util.concurrent.ScheduledThreadPoolExecutor$DelayedWorkQueue.take(ScheduledThreadPoolExecutor.java:809)
        at java.util.concurrent.ThreadPoolExecutor.getTask(ThreadPoolExecutor.java:1074)
        at java.util.concurrent.ThreadPoolExecutor.runWorker(ThreadPoolExecutor.java:1134)
        at java.util.concurrent.ThreadPoolExecutor$Worker.run(ThreadPoolExecutor.java:624)
        at java.lang.Thread.run(Thread.java:750)
"IPC Server handler 14 on default port 36229" daemon prio=5 tid=5083 timed_waiting
java.lang.Thread.State: TIMED_WAITING
        at sun.misc.Unsafe.park(Native Method)
        at java.util.concurrent.locks.LockSupport.parkNanos(LockSupport.java:215)
        at java.util.concurrent.locks.AbstractQueuedSynchronizer$ConditionObject.awaitNanos(AbstractQueuedSynchronizer.java:2078)
        at java.util.concurrent.LinkedBlockingQueue.poll(LinkedBlockingQueue.java:467)
        at org.apache.hadoop.ipc.CallQueueManager.take(CallQueueManager.java:317)
        at org.apache.hadoop.ipc.Server$Handler.run(Server.java:2942)
"grpc-default-executor-19" daemon prio=5 tid=4469 timed_waiting
java.lang.Thread.State: TIMED_WAITING
        at sun.misc.Unsafe.park(Native Method)
        at java.util.concurrent.locks.LockSupport.parkNanos(LockSupport.java:215)
        at java.util.concurrent.SynchronousQueue$TransferStack.awaitFulfill(SynchronousQueue.java:460)
        at java.util.concurrent.SynchronousQueue$TransferStack.transfer(SynchronousQueue.java:362)
        at java.util.concurrent.SynchronousQueue.poll(SynchronousQueue.java:941)
        at java.util.concurrent.ThreadPoolExecutor.getTask(ThreadPoolExecutor.java:1073)
        at java.util.concurrent.ThreadPoolExecutor.runWorker(ThreadPoolExecutor.java:1134)
        at java.util.concurrent.ThreadPoolExecutor$Worker.run(ThreadPoolExecutor.java:624)
        at java.lang.Thread.run(Thread.java:750)
"PartialTableCache Cleanup Thread - 0" daemon prio=5 tid=2726 in Object.wait()
java.lang.Thread.State: WAITING (on object monitor)
        at sun.misc.Unsafe.park(Native Method)
        at java.util.concurrent.locks.LockSupport.park(LockSupport.java:175)
        at java.util.concurrent.locks.AbstractQueuedSynchronizer$ConditionObject.await(AbstractQueuedSynchronizer.java:2039)
        at java.util.concurrent.LinkedBlockingQueue.take(LinkedBlockingQueue.java:442)
        at java.util.concurrent.ThreadPoolExecutor.getTask(ThreadPoolExecutor.java:1074)
        at java.util.concurrent.ThreadPoolExecutor.runWorker(ThreadPoolExecutor.java:1134)
        at java.util.concurrent.ThreadPoolExecutor$Worker.run(ThreadPoolExecutor.java:624)
        at java.lang.Thread.run(Thread.java:750)
"1787d8bf-f3dc-4880-8863-743d3d33b765@group-971EC9EF2D19-SegmentedRaftLogWorker"  prio=5 tid=5712 timed_waiting
java.lang.Thread.State: TIMED_WAITING
        at sun.misc.Unsafe.park(Native Method)
        at java.util.concurrent.locks.LockSupport.parkNanos(LockSupport.java:215)
        at java.util.concurrent.locks.AbstractQueuedSynchronizer$ConditionObject.awaitNanos(AbstractQueuedSynchronizer.java:2078)
        at org.apache.ratis.util.DataBlockingQueue.poll(DataBlockingQueue.java:148)
        at org.apache.ratis.server.raftlog.segmented.SegmentedRaftLogWorker.run(SegmentedRaftLogWorker.java:310)
        at org.apache.ratis.server.raftlog.segmented.SegmentedRaftLogWorker$$Lambda$699/1565409370.run(Unknown Source)
        at java.lang.Thread.run(Thread.java:750)
"IPC Server handler 16 on default port 41915" daemon prio=5 tid=5106 timed_waiting
java.lang.Thread.State: TIMED_WAITING
        at sun.misc.Unsafe.park(Native Method)
        at java.util.concurrent.locks.LockSupport.parkNanos(LockSupport.java:215)
        at java.util.concurrent.locks.AbstractQueuedSynchronizer$ConditionObject.awaitNanos(AbstractQueuedSynchronizer.java:2078)
        at java.util.concurrent.LinkedBlockingQueue.poll(LinkedBlockingQueue.java:467)
        at org.apache.hadoop.ipc.CallQueueManager.take(CallQueueManager.java:317)
        at org.apache.hadoop.ipc.Server$Handler.run(Server.java:2942)
"ChunkWriter-0-0" daemon prio=5 tid=4668 in Object.wait()
java.lang.Thread.State: WAITING (on object monitor)
        at sun.misc.Unsafe.park(Native Method)
        at java.util.concurrent.locks.LockSupport.park(LockSupport.java:175)
        at java.util.concurrent.locks.AbstractQueuedSynchronizer$ConditionObject.await(AbstractQueuedSynchronizer.java:2039)
        at java.util.concurrent.LinkedBlockingDeque.takeFirst(LinkedBlockingDeque.java:492)
        at java.util.concurrent.LinkedBlockingDeque.take(LinkedBlockingDeque.java:680)
        at java.util.concurrent.ThreadPoolExecutor.getTask(ThreadPoolExecutor.java:1074)
        at java.util.concurrent.ThreadPoolExecutor.runWorker(ThreadPoolExecutor.java:1134)
        at java.util.concurrent.ThreadPoolExecutor$Worker.run(ThreadPoolExecutor.java:624)
        at java.lang.Thread.run(Thread.java:750)
"Datanode ReportManager Thread - 1" daemon prio=5 tid=4526 in Object.wait()
java.lang.Thread.State: WAITING (on object monitor)
        at sun.misc.Unsafe.park(Native Method)
        at java.util.concurrent.locks.LockSupport.park(LockSupport.java:175)
        at java.util.concurrent.locks.AbstractQueuedSynchronizer$ConditionObject.await(AbstractQueuedSynchronizer.java:2039)
        at java.util.concurrent.ScheduledThreadPoolExecutor$DelayedWorkQueue.take(ScheduledThreadPoolExecutor.java:1088)
        at java.util.concurrent.ScheduledThreadPoolExecutor$DelayedWorkQueue.take(ScheduledThreadPoolExecutor.java:809)
        at java.util.concurrent.ThreadPoolExecutor.getTask(ThreadPoolExecutor.java:1074)
        at java.util.concurrent.ThreadPoolExecutor.runWorker(ThreadPoolExecutor.java:1134)
        at java.util.concurrent.ThreadPoolExecutor$Worker.run(ThreadPoolExecutor.java:624)
        at java.lang.Thread.run(Thread.java:750)
"Datanode ReportManager Thread - 0" daemon prio=5 tid=4419 in Object.wait()
java.lang.Thread.State: WAITING (on object monitor)
        at sun.misc.Unsafe.park(Native Method)
        at java.util.concurrent.locks.LockSupport.park(LockSupport.java:175)
        at java.util.concurrent.locks.AbstractQueuedSynchronizer$ConditionObject.await(AbstractQueuedSynchronizer.java:2039)
        at java.util.concurrent.ScheduledThreadPoolExecutor$DelayedWorkQueue.take(ScheduledThreadPoolExecutor.java:1088)
        at java.util.concurrent.ScheduledThreadPoolExecutor$DelayedWorkQueue.take(ScheduledThreadPoolExecutor.java:809)
        at java.util.concurrent.ThreadPoolExecutor.getTask(ThreadPoolExecutor.java:1074)
        at java.util.concurrent.ThreadPoolExecutor.runWorker(ThreadPoolExecutor.java:1134)
        at java.util.concurrent.ThreadPoolExecutor$Worker.run(ThreadPoolExecutor.java:624)
        at java.lang.Thread.run(Thread.java:750)
"BlockDeletingService#1" daemon prio=5 tid=5401 in Object.wait()
java.lang.Thread.State: WAITING (on object monitor)
        at sun.misc.Unsafe.park(Native Method)
        at java.util.concurrent.locks.LockSupport.park(LockSupport.java:175)
        at java.util.concurrent.locks.AbstractQueuedSynchronizer$ConditionObject.await(AbstractQueuedSynchronizer.java:2039)
        at java.util.concurrent.ScheduledThreadPoolExecutor$DelayedWorkQueue.take(ScheduledThreadPoolExecutor.java:1088)
        at java.util.concurrent.ScheduledThreadPoolExecutor$DelayedWorkQueue.take(ScheduledThreadPoolExecutor.java:809)
        at java.util.concurrent.ThreadPoolExecutor.getTask(ThreadPoolExecutor.java:1074)
        at java.util.concurrent.ThreadPoolExecutor.runWorker(ThreadPoolExecutor.java:1134)
        at java.util.concurrent.ThreadPoolExecutor$Worker.run(ThreadPoolExecutor.java:624)
        at java.lang.Thread.run(Thread.java:750)
"Periodic HDDS volume checker" daemon prio=5 tid=5339 timed_waiting
java.lang.Thread.State: TIMED_WAITING
        at sun.misc.Unsafe.park(Native Method)
        at java.util.concurrent.locks.LockSupport.parkNanos(LockSupport.java:215)
        at java.util.concurrent.locks.AbstractQueuedSynchronizer$ConditionObject.awaitNanos(AbstractQueuedSynchronizer.java:2078)
        at java.util.concurrent.ScheduledThreadPoolExecutor$DelayedWorkQueue.take(ScheduledThreadPoolExecutor.java:1093)
        at java.util.concurrent.ScheduledThreadPoolExecutor$DelayedWorkQueue.take(ScheduledThreadPoolExecutor.java:809)
        at java.util.concurrent.ThreadPoolExecutor.getTask(ThreadPoolExecutor.java:1074)
        at java.util.concurrent.ThreadPoolExecutor.runWorker(ThreadPoolExecutor.java:1134)
        at java.util.concurrent.ThreadPoolExecutor$Worker.run(ThreadPoolExecutor.java:624)
        at java.lang.Thread.run(Thread.java:750)
"ChunkWriter-1-0" daemon prio=5 tid=4705 in Object.wait()
java.lang.Thread.State: WAITING (on object monitor)
        at sun.misc.Unsafe.park(Native Method)
        at java.util.concurrent.locks.LockSupport.park(LockSupport.java:175)
        at java.util.concurrent.locks.AbstractQueuedSynchronizer$ConditionObject.await(AbstractQueuedSynchronizer.java:2039)
        at java.util.concurrent.LinkedBlockingDeque.takeFirst(LinkedBlockingDeque.java:492)
        at java.util.concurrent.LinkedBlockingDeque.take(LinkedBlockingDeque.java:680)
        at java.util.concurrent.ThreadPoolExecutor.getTask(ThreadPoolExecutor.java:1074)
        at java.util.concurrent.ThreadPoolExecutor.runWorker(ThreadPoolExecutor.java:1134)
        at java.util.concurrent.ThreadPoolExecutor$Worker.run(ThreadPoolExecutor.java:624)
        at java.lang.Thread.run(Thread.java:750)
"PartialTableCache Cleanup Thread - 0" daemon prio=5 tid=2004 in Object.wait()
java.lang.Thread.State: WAITING (on object monitor)
        at sun.misc.Unsafe.park(Native Method)
        at java.util.concurrent.locks.LockSupport.park(LockSupport.java:175)
        at java.util.concurrent.locks.AbstractQueuedSynchronizer$ConditionObject.await(AbstractQueuedSynchronizer.java:2039)
        at java.util.concurrent.LinkedBlockingQueue.take(LinkedBlockingQueue.java:442)
        at java.util.concurrent.ThreadPoolExecutor.getTask(ThreadPoolExecutor.java:1074)
        at java.util.concurrent.ThreadPoolExecutor.runWorker(ThreadPoolExecutor.java:1134)
        at java.util.concurrent.ThreadPoolExecutor$Worker.run(ThreadPoolExecutor.java:624)
        at java.lang.Thread.run(Thread.java:750)
"Command processor thread" daemon prio=5 tid=5361 timed_waiting
java.lang.Thread.State: TIMED_WAITING
        at java.lang.Thread.sleep(Native Method)
        at org.apache.hadoop.ozone.container.common.statemachine.DatanodeStateMachine.lambda$initCommandHandlerThread$3(DatanodeStateMachine.java:641)
        at org.apache.hadoop.ozone.container.common.statemachine.DatanodeStateMachine$$Lambda$787/534002387.run(Unknown Source)
        at java.lang.Thread.run(Thread.java:750)
"PartialTableCache Cleanup Thread - 0" daemon prio=5 tid=3256 in Object.wait()
java.lang.Thread.State: WAITING (on object monitor)
        at sun.misc.Unsafe.park(Native Method)
        at java.util.concurrent.locks.LockSupport.park(LockSupport.java:175)
        at java.util.concurrent.locks.AbstractQueuedSynchronizer$ConditionObject.await(AbstractQueuedSynchronizer.java:2039)
        at java.util.concurrent.LinkedBlockingQueue.take(LinkedBlockingQueue.java:442)
        at java.util.concurrent.ThreadPoolExecutor.getTask(ThreadPoolExecutor.java:1074)
        at java.util.concurrent.ThreadPoolExecutor.runWorker(ThreadPoolExecutor.java:1134)
        at java.util.concurrent.ThreadPoolExecutor$Worker.run(ThreadPoolExecutor.java:624)
        at java.lang.Thread.run(Thread.java:750)
"FullTableCache Cleanup Thread - 0" daemon prio=5 tid=685 in Object.wait()
java.lang.Thread.State: WAITING (on object monitor)
        at sun.misc.Unsafe.park(Native Method)
        at java.util.concurrent.locks.LockSupport.park(LockSupport.java:175)
        at java.util.concurrent.locks.AbstractQueuedSynchronizer$ConditionObject.await(AbstractQueuedSynchronizer.java:2039)
        at java.util.concurrent.LinkedBlockingQueue.take(LinkedBlockingQueue.java:442)
        at java.util.concurrent.ThreadPoolExecutor.getTask(ThreadPoolExecutor.java:1074)
        at java.util.concurrent.ThreadPoolExecutor.runWorker(ThreadPoolExecutor.java:1134)
        at java.util.concurrent.ThreadPoolExecutor$Worker.run(ThreadPoolExecutor.java:624)
        at java.lang.Thread.run(Thread.java:750)
"d13833ec-6fbd-42ed-a302-e7305c989f4f@group-6EEDF176704A-SegmentedRaftLogWorker"  prio=5 tid=5756 timed_waiting
java.lang.Thread.State: TIMED_WAITING
        at sun.misc.Unsafe.park(Native Method)
        at java.util.concurrent.locks.LockSupport.parkNanos(LockSupport.java:215)
        at java.util.concurrent.locks.AbstractQueuedSynchronizer$ConditionObject.awaitNanos(AbstractQueuedSynchronizer.java:2078)
        at org.apache.ratis.util.DataBlockingQueue.poll(DataBlockingQueue.java:148)
        at org.apache.ratis.server.raftlog.segmented.SegmentedRaftLogWorker.run(SegmentedRaftLogWorker.java:310)
        at org.apache.ratis.server.raftlog.segmented.SegmentedRaftLogWorker$$Lambda$699/1565409370.run(Unknown Source)
        at java.lang.Thread.run(Thread.java:750)
"qtp1393491412-5323" daemon prio=5 tid=5323 timed_waiting
java.lang.Thread.State: TIMED_WAITING
        at sun.misc.Unsafe.park(Native Method)
        at java.util.concurrent.locks.LockSupport.parkNanos(LockSupport.java:215)
        at java.util.concurrent.locks.AbstractQueuedSynchronizer$ConditionObject.awaitNanos(AbstractQueuedSynchronizer.java:2078)
        at org.eclipse.jetty.util.BlockingArrayQueue.poll(BlockingArrayQueue.java:382)
        at org.eclipse.jetty.util.thread.QueuedThreadPool$Runner.idleJobPoll(QueuedThreadPool.java:974)
        at org.eclipse.jetty.util.thread.QueuedThreadPool$Runner.run(QueuedThreadPool.java:1018)
        at java.lang.Thread.run(Thread.java:750)
"PartialTableCache Cleanup Thread - 0" daemon prio=5 tid=5954 in Object.wait()
java.lang.Thread.State: WAITING (on object monitor)
        at sun.misc.Unsafe.park(Native Method)
        at java.util.concurrent.locks.LockSupport.park(LockSupport.java:175)
        at java.util.concurrent.locks.AbstractQueuedSynchronizer$ConditionObject.await(AbstractQueuedSynchronizer.java:2039)
        at java.util.concurrent.LinkedBlockingQueue.take(LinkedBlockingQueue.java:442)
        at java.util.concurrent.ThreadPoolExecutor.getTask(ThreadPoolExecutor.java:1074)
        at java.util.concurrent.ThreadPoolExecutor.runWorker(ThreadPoolExecutor.java:1134)
        at java.util.concurrent.ThreadPoolExecutor$Worker.run(ThreadPoolExecutor.java:624)
        at java.lang.Thread.run(Thread.java:750)
"Socket Reader #1 for port 0"  prio=5 tid=5049 runnable
java.lang.Thread.State: RUNNABLE
        at sun.nio.ch.EPollArrayWrapper.epollWait(Native Method)
        at sun.nio.ch.EPollArrayWrapper.poll(EPollArrayWrapper.java:269)
        at sun.nio.ch.EPollSelectorImpl.doSelect(EPollSelectorImpl.java:93)
        at sun.nio.ch.SelectorImpl.lockAndDoSelect(SelectorImpl.java:86)
        at sun.nio.ch.SelectorImpl.select(SelectorImpl.java:97)
        at sun.nio.ch.SelectorImpl.select(SelectorImpl.java:101)
        at org.apache.hadoop.ipc.Server$Listener$Reader.doRunLoop(Server.java:1296)
        at org.apache.hadoop.ipc.Server$Listener$Reader.run(Server.java:1275)
"qtp1837521269-5487" daemon prio=5 tid=5487 timed_waiting
java.lang.Thread.State: TIMED_WAITING
        at sun.misc.Unsafe.park(Native Method)
        at java.util.concurrent.locks.LockSupport.parkNanos(LockSupport.java:215)
        at java.util.concurrent.locks.AbstractQueuedSynchronizer$ConditionObject.awaitNanos(AbstractQueuedSynchronizer.java:2078)
        at org.eclipse.jetty.util.BlockingArrayQueue.poll(BlockingArrayQueue.java:382)
        at org.eclipse.jetty.util.thread.QueuedThreadPool$Runner.idleJobPoll(QueuedThreadPool.java:974)
        at org.eclipse.jetty.util.thread.QueuedThreadPool$Runner.run(QueuedThreadPool.java:1018)
        at java.lang.Thread.run(Thread.java:750)
"qtp1689937595-4543" daemon prio=5 tid=4543 runnable
java.lang.Thread.State: RUNNABLE
        at sun.nio.ch.EPollArrayWrapper.epollWait(Native Method)
        at sun.nio.ch.EPollArrayWrapper.poll(EPollArrayWrapper.java:269)
        at sun.nio.ch.EPollSelectorImpl.doSelect(EPollSelectorImpl.java:93)
        at sun.nio.ch.SelectorImpl.lockAndDoSelect(SelectorImpl.java:86)
        at sun.nio.ch.SelectorImpl.select(SelectorImpl.java:97)
        at sun.nio.ch.SelectorImpl.select(SelectorImpl.java:101)
        at org.eclipse.jetty.io.ManagedSelector.nioSelect(ManagedSelector.java:183)
        at org.eclipse.jetty.io.ManagedSelector.select(ManagedSelector.java:190)
        at org.eclipse.jetty.io.ManagedSelector$SelectorProducer.select(ManagedSelector.java:606)
        at org.eclipse.jetty.io.ManagedSelector$SelectorProducer.produce(ManagedSelector.java:543)
        at org.eclipse.jetty.util.thread.strategy.EatWhatYouKill.produceTask(EatWhatYouKill.java:362)
        at org.eclipse.jetty.util.thread.strategy.EatWhatYouKill.doProduce(EatWhatYouKill.java:186)
        at org.eclipse.jetty.util.thread.strategy.EatWhatYouKill.tryProduce(EatWhatYouKill.java:173)
        at org.eclipse.jetty.util.thread.strategy.EatWhatYouKill.produce(EatWhatYouKill.java:137)
        at org.eclipse.jetty.io.ManagedSelector$$Lambda$480/780706792.run(Unknown Source)
        at org.eclipse.jetty.util.thread.QueuedThreadPool.runJob(QueuedThreadPool.java:883)
        at org.eclipse.jetty.util.thread.QueuedThreadPool$Runner.run(QueuedThreadPool.java:1034)
        at java.lang.Thread.run(Thread.java:750)
"qtp1556434335-5446-acceptor-0@681244a9-ServerConnector@3fd2786b{HTTP/1.1, (http/1.1)}{0.0.0.0:45915}" daemon prio=3 tid=5446 runnable
java.lang.Thread.State: RUNNABLE
        at sun.nio.ch.ServerSocketChannelImpl.accept0(Native Method)
        at sun.nio.ch.ServerSocketChannelImpl.accept(ServerSocketChannelImpl.java:421)
        at sun.nio.ch.ServerSocketChannelImpl.accept(ServerSocketChannelImpl.java:249)
        at org.eclipse.jetty.server.ServerConnector.accept(ServerConnector.java:388)
        at org.eclipse.jetty.server.AbstractConnector$Acceptor.run(AbstractConnector.java:704)
        at org.eclipse.jetty.util.thread.QueuedThreadPool.runJob(QueuedThreadPool.java:883)
        at org.eclipse.jetty.util.thread.QueuedThreadPool$Runner.run(QueuedThreadPool.java:1034)
        at java.lang.Thread.run(Thread.java:750)
"IPC Server handler 10 on default port 37589" daemon prio=5 tid=5120 timed_waiting
java.lang.Thread.State: TIMED_WAITING
        at sun.misc.Unsafe.park(Native Method)
        at java.util.concurrent.locks.LockSupport.parkNanos(LockSupport.java:215)
        at java.util.concurrent.locks.AbstractQueuedSynchronizer$ConditionObject.awaitNanos(AbstractQueuedSynchronizer.java:2078)
        at java.util.concurrent.LinkedBlockingQueue.poll(LinkedBlockingQueue.java:467)
        at org.apache.hadoop.ipc.CallQueueManager.take(CallQueueManager.java:317)
        at org.apache.hadoop.ipc.Server$Handler.run(Server.java:2942)
"org.apache.hadoop.ozone.container.common.statemachine.commandhandler.DeleteBlocksCommandHandler$DeleteCmdWorker@5b37d4f0" daemon prio=5 tid=5344 timed_waiting
java.lang.Thread.State: TIMED_WAITING
        at java.lang.Thread.sleep(Native Method)
        at org.apache.hadoop.ozone.container.common.statemachine.commandhandler.DeleteBlocksCommandHandler$DeleteCmdWorker.run(DeleteBlocksCommandHandler.java:184)
        at java.lang.Thread.run(Thread.java:750)
"64b4f2a3-63f9-4506-b905-00bad38ce54f@group-A9DF22F54B30->96238b2c-9f01-47c7-9db9-9b3e1b0f8a5c-GrpcLogAppender-LogAppenderDaemon" daemon prio=5 tid=4884 timed_waiting
java.lang.Thread.State: TIMED_WAITING
        at sun.misc.Unsafe.park(Native Method)
        at java.util.concurrent.locks.LockSupport.parkNanos(LockSupport.java:215)
        at java.util.concurrent.CompletableFuture$Signaller.block(CompletableFuture.java:1709)
        at java.util.concurrent.ForkJoinPool.managedBlock(ForkJoinPool.java:3323)
        at java.util.concurrent.CompletableFuture.timedGet(CompletableFuture.java:1788)
        at java.util.concurrent.CompletableFuture.get(CompletableFuture.java:1928)
        at org.apache.ratis.util.AwaitForSignal.await(AwaitForSignal.java:56)
        at org.apache.ratis.grpc.server.GrpcLogAppender.mayWait(GrpcLogAppender.java:198)
        at org.apache.ratis.grpc.server.GrpcLogAppender.run(GrpcLogAppender.java:148)
        at org.apache.ratis.server.leader.LogAppenderDaemon.run(LogAppenderDaemon.java:78)
        at org.apache.ratis.server.leader.LogAppenderDaemon$$Lambda$1074/55374302.run(Unknown Source)
        at java.lang.Thread.run(Thread.java:750)
"qtp1556434335-5451" daemon prio=5 tid=5451 timed_waiting
java.lang.Thread.State: TIMED_WAITING
        at sun.misc.Unsafe.park(Native Method)
        at java.util.concurrent.locks.LockSupport.parkNanos(LockSupport.java:215)
        at java.util.concurrent.locks.AbstractQueuedSynchronizer$ConditionObject.awaitNanos(AbstractQueuedSynchronizer.java:2078)
        at org.eclipse.jetty.util.BlockingArrayQueue.poll(BlockingArrayQueue.java:382)
        at org.eclipse.jetty.util.thread.QueuedThreadPool$Runner.idleJobPoll(QueuedThreadPool.java:974)
        at org.eclipse.jetty.util.thread.QueuedThreadPool$Runner.run(QueuedThreadPool.java:1018)
        at java.lang.Thread.run(Thread.java:750)
"IPC Server handler 10 on default port 33459" daemon prio=5 tid=4368 timed_waiting
java.lang.Thread.State: TIMED_WAITING
        at sun.misc.Unsafe.park(Native Method)
        at java.util.concurrent.locks.LockSupport.parkNanos(LockSupport.java:215)
        at java.util.concurrent.locks.AbstractQueuedSynchronizer$ConditionObject.awaitNanos(AbstractQueuedSynchronizer.java:2078)
        at java.util.concurrent.LinkedBlockingQueue.poll(LinkedBlockingQueue.java:467)
        at org.apache.hadoop.ipc.CallQueueManager.take(CallQueueManager.java:317)
        at org.apache.hadoop.ipc.Server$Handler.run(Server.java:2942)
"IPC Server handler 7 on default port 41047" daemon prio=5 tid=6146 timed_waiting
java.lang.Thread.State: TIMED_WAITING
        at sun.misc.Unsafe.park(Native Method)
        at java.util.concurrent.locks.LockSupport.parkNanos(LockSupport.java:215)
        at java.util.concurrent.locks.AbstractQueuedSynchronizer$ConditionObject.awaitNanos(AbstractQueuedSynchronizer.java:2078)
        at java.util.concurrent.LinkedBlockingQueue.poll(LinkedBlockingQueue.java:467)
        at org.apache.hadoop.ipc.CallQueueManager.take(CallQueueManager.java:317)
        at org.apache.hadoop.ipc.Server$Handler.run(Server.java:2942)
"ContainerOp-e8dd15d0-68e9-4f12-a7cc-a9df22f54b30-5"  prio=5 tid=5995 in Object.wait()
java.lang.Thread.State: WAITING (on object monitor)
        at sun.misc.Unsafe.park(Native Method)
        at java.util.concurrent.locks.LockSupport.park(LockSupport.java:175)
        at java.util.concurrent.locks.AbstractQueuedSynchronizer$ConditionObject.await(AbstractQueuedSynchronizer.java:2039)
        at java.util.concurrent.LinkedBlockingQueue.take(LinkedBlockingQueue.java:442)
        at java.util.concurrent.ThreadPoolExecutor.getTask(ThreadPoolExecutor.java:1074)
        at java.util.concurrent.ThreadPoolExecutor.runWorker(ThreadPoolExecutor.java:1134)
        at java.util.concurrent.ThreadPoolExecutor$Worker.run(ThreadPoolExecutor.java:624)
        at java.lang.Thread.run(Thread.java:750)
"ChunkWriter-0-0" daemon prio=5 tid=4631 in Object.wait()
java.lang.Thread.State: WAITING (on object monitor)
        at sun.misc.Unsafe.park(Native Method)
        at java.util.concurrent.locks.LockSupport.park(LockSupport.java:175)
        at java.util.concurrent.locks.AbstractQueuedSynchronizer$ConditionObject.await(AbstractQueuedSynchronizer.java:2039)
        at java.util.concurrent.LinkedBlockingDeque.takeFirst(LinkedBlockingDeque.java:492)
        at java.util.concurrent.LinkedBlockingDeque.take(LinkedBlockingDeque.java:680)
        at java.util.concurrent.ThreadPoolExecutor.getTask(ThreadPoolExecutor.java:1074)
        at java.util.concurrent.ThreadPoolExecutor.runWorker(ThreadPoolExecutor.java:1134)
        at java.util.concurrent.ThreadPoolExecutor$Worker.run(ThreadPoolExecutor.java:624)
        at java.lang.Thread.run(Thread.java:750)
"org.apache.hadoop.util.JvmPauseMonitor$Monitor@12cb8ea3" daemon prio=5 tid=4567 timed_waiting
java.lang.Thread.State: TIMED_WAITING
        at java.lang.Thread.sleep(Native Method)
        at org.apache.hadoop.util.JvmPauseMonitor$Monitor.run(JvmPauseMonitor.java:192)
        at java.lang.Thread.run(Thread.java:750)
"pool-2509-thread-1"  prio=5 tid=5377 timed_waiting
java.lang.Thread.State: TIMED_WAITING
        at sun.misc.Unsafe.park(Native Method)
        at java.util.concurrent.locks.LockSupport.parkNanos(LockSupport.java:215)
        at java.util.concurrent.locks.AbstractQueuedSynchronizer$ConditionObject.awaitNanos(AbstractQueuedSynchronizer.java:2078)
        at java.util.concurrent.ScheduledThreadPoolExecutor$DelayedWorkQueue.take(ScheduledThreadPoolExecutor.java:1093)
        at java.util.concurrent.ScheduledThreadPoolExecutor$DelayedWorkQueue.take(ScheduledThreadPoolExecutor.java:809)
        at java.util.concurrent.ThreadPoolExecutor.getTask(ThreadPoolExecutor.java:1074)
        at java.util.concurrent.ThreadPoolExecutor.runWorker(ThreadPoolExecutor.java:1134)
        at java.util.concurrent.ThreadPoolExecutor$Worker.run(ThreadPoolExecutor.java:624)
        at java.lang.Thread.run(Thread.java:750)
"qtp1836398767-4521" daemon prio=5 tid=4521 timed_waiting
java.lang.Thread.State: TIMED_WAITING
        at sun.misc.Unsafe.park(Native Method)
        at java.util.concurrent.locks.LockSupport.parkNanos(LockSupport.java:215)
        at java.util.concurrent.locks.AbstractQueuedSynchronizer$ConditionObject.awaitNanos(AbstractQueuedSynchronizer.java:2078)
        at org.eclipse.jetty.util.BlockingArrayQueue.poll(BlockingArrayQueue.java:382)
        at org.eclipse.jetty.util.thread.QueuedThreadPool$Runner.idleJobPoll(QueuedThreadPool.java:974)
        at org.eclipse.jetty.util.thread.QueuedThreadPool$Runner.run(QueuedThreadPool.java:1018)
        at java.lang.Thread.run(Thread.java:750)
"96238b2c-9f01-47c7-9db9-9b3e1b0f8a5c@group-F68F8E96BCBB-SegmentedRaftLogWorker"  prio=5 tid=4809 timed_waiting
java.lang.Thread.State: TIMED_WAITING
        at sun.misc.Unsafe.park(Native Method)
        at java.util.concurrent.locks.LockSupport.parkNanos(LockSupport.java:215)
        at java.util.concurrent.locks.AbstractQueuedSynchronizer$ConditionObject.awaitNanos(AbstractQueuedSynchronizer.java:2078)
        at org.apache.ratis.util.DataBlockingQueue.poll(DataBlockingQueue.java:148)
        at org.apache.ratis.server.raftlog.segmented.SegmentedRaftLogWorker.run(SegmentedRaftLogWorker.java:310)
        at org.apache.ratis.server.raftlog.segmented.SegmentedRaftLogWorker$$Lambda$699/1565409370.run(Unknown Source)
        at java.lang.Thread.run(Thread.java:750)
"grpc-default-executor-17" daemon prio=5 tid=3759 timed_waiting
java.lang.Thread.State: TIMED_WAITING
        at sun.misc.Unsafe.park(Native Method)
        at java.util.concurrent.locks.LockSupport.parkNanos(LockSupport.java:215)
        at java.util.concurrent.SynchronousQueue$TransferStack.awaitFulfill(SynchronousQueue.java:460)
        at java.util.concurrent.SynchronousQueue$TransferStack.transfer(SynchronousQueue.java:362)
        at java.util.concurrent.SynchronousQueue.poll(SynchronousQueue.java:941)
        at java.util.concurrent.ThreadPoolExecutor.getTask(ThreadPoolExecutor.java:1073)
        at java.util.concurrent.ThreadPoolExecutor.runWorker(ThreadPoolExecutor.java:1134)
        at java.util.concurrent.ThreadPoolExecutor$Worker.run(ThreadPoolExecutor.java:624)
        at java.lang.Thread.run(Thread.java:750)
"qtp1689937595-4549" daemon prio=5 tid=4549 timed_waiting
java.lang.Thread.State: TIMED_WAITING
        at sun.misc.Unsafe.park(Native Method)
        at java.util.concurrent.locks.LockSupport.parkNanos(LockSupport.java:215)
        at java.util.concurrent.locks.AbstractQueuedSynchronizer$ConditionObject.awaitNanos(AbstractQueuedSynchronizer.java:2078)
        at org.eclipse.jetty.util.BlockingArrayQueue.poll(BlockingArrayQueue.java:382)
        at org.eclipse.jetty.util.thread.QueuedThreadPool$Runner.idleJobPoll(QueuedThreadPool.java:974)
        at org.eclipse.jetty.util.thread.QueuedThreadPool$Runner.run(QueuedThreadPool.java:1018)
        at java.lang.Thread.run(Thread.java:750)
"Session-HouseKeeper-291446b7-1"  prio=5 tid=5258 timed_waiting
java.lang.Thread.State: TIMED_WAITING
        at sun.misc.Unsafe.park(Native Method)
        at java.util.concurrent.locks.LockSupport.parkNanos(LockSupport.java:215)
        at java.util.concurrent.locks.AbstractQueuedSynchronizer$ConditionObject.awaitNanos(AbstractQueuedSynchronizer.java:2078)
        at java.util.concurrent.ScheduledThreadPoolExecutor$DelayedWorkQueue.take(ScheduledThreadPoolExecutor.java:1093)
        at java.util.concurrent.ScheduledThreadPoolExecutor$DelayedWorkQueue.take(ScheduledThreadPoolExecutor.java:809)
        at java.util.concurrent.ThreadPoolExecutor.getTask(ThreadPoolExecutor.java:1074)
        at java.util.concurrent.ThreadPoolExecutor.runWorker(ThreadPoolExecutor.java:1134)
        at java.util.concurrent.ThreadPoolExecutor$Worker.run(ThreadPoolExecutor.java:624)
        at java.lang.Thread.run(Thread.java:750)
"Command processor thread" daemon prio=5 tid=5434 timed_waiting
java.lang.Thread.State: TIMED_WAITING
        at java.lang.Thread.sleep(Native Method)
        at org.apache.hadoop.ozone.container.common.statemachine.DatanodeStateMachine.lambda$initCommandHandlerThread$3(DatanodeStateMachine.java:641)
        at org.apache.hadoop.ozone.container.common.statemachine.DatanodeStateMachine$$Lambda$787/534002387.run(Unknown Source)
        at java.lang.Thread.run(Thread.java:750)
"pool-2446-thread-1"  prio=5 tid=5706 in Object.wait()
java.lang.Thread.State: WAITING (on object monitor)
        at sun.misc.Unsafe.park(Native Method)
        at java.util.concurrent.locks.LockSupport.park(LockSupport.java:175)
        at java.util.concurrent.locks.AbstractQueuedSynchronizer$ConditionObject.await(AbstractQueuedSynchronizer.java:2039)
        at java.util.concurrent.LinkedBlockingQueue.take(LinkedBlockingQueue.java:442)
        at java.util.concurrent.ThreadPoolExecutor.getTask(ThreadPoolExecutor.java:1074)
        at java.util.concurrent.ThreadPoolExecutor.runWorker(ThreadPoolExecutor.java:1134)
        at java.util.concurrent.ThreadPoolExecutor$Worker.run(ThreadPoolExecutor.java:624)
        at java.lang.Thread.run(Thread.java:750)
"IPC Server handler 14 on default port 41915" daemon prio=5 tid=5104 timed_waiting
java.lang.Thread.State: TIMED_WAITING
        at sun.misc.Unsafe.park(Native Method)
        at java.util.concurrent.locks.LockSupport.parkNanos(LockSupport.java:215)
        at java.util.concurrent.locks.AbstractQueuedSynchronizer$ConditionObject.awaitNanos(AbstractQueuedSynchronizer.java:2078)
        at java.util.concurrent.LinkedBlockingQueue.poll(LinkedBlockingQueue.java:467)
        at org.apache.hadoop.ipc.CallQueueManager.take(CallQueueManager.java:317)
        at org.apache.hadoop.ipc.Server$Handler.run(Server.java:2942)
"f64c422f-02be-4aba-b4a9-b2d4a3918880@group-971EC9EF2D19-SegmentedRaftLogWorker"  prio=5 tid=5707 timed_waiting
java.lang.Thread.State: TIMED_WAITING
        at sun.misc.Unsafe.park(Native Method)
        at java.util.concurrent.locks.LockSupport.parkNanos(LockSupport.java:215)
        at java.util.concurrent.locks.AbstractQueuedSynchronizer$ConditionObject.awaitNanos(AbstractQueuedSynchronizer.java:2078)
        at org.apache.ratis.util.DataBlockingQueue.poll(DataBlockingQueue.java:148)
        at org.apache.ratis.server.raftlog.segmented.SegmentedRaftLogWorker.run(SegmentedRaftLogWorker.java:310)
        at org.apache.ratis.server.raftlog.segmented.SegmentedRaftLogWorker$$Lambda$699/1565409370.run(Unknown Source)
        at java.lang.Thread.run(Thread.java:750)
"FixedThreadPoolWithAffinityExecutor-3-0" daemon prio=5 tid=5060 timed_waiting
java.lang.Thread.State: TIMED_WAITING
        at sun.misc.Unsafe.park(Native Method)
        at java.util.concurrent.locks.LockSupport.parkNanos(LockSupport.java:215)
        at java.util.concurrent.locks.AbstractQueuedSynchronizer$ConditionObject.awaitNanos(AbstractQueuedSynchronizer.java:2078)
        at java.util.concurrent.LinkedBlockingQueue.poll(LinkedBlockingQueue.java:467)
        at org.apache.hadoop.hdds.scm.server.ContainerReportQueue.poll(ContainerReportQueue.java:266)
        at org.apache.hadoop.hdds.scm.server.ContainerReportQueue.poll(ContainerReportQueue.java:42)
        at org.apache.hadoop.hdds.server.events.FixedThreadPoolWithAffinityExecutor$ContainerReportProcessTask.run(FixedThreadPoolWithAffinityExecutor.java:248)
        at java.util.concurrent.Executors$RunnableAdapter.call(Executors.java:511)
        at java.util.concurrent.FutureTask.run(FutureTask.java:266)
        at java.util.concurrent.ThreadPoolExecutor.runWorker(ThreadPoolExecutor.java:1149)
        at java.util.concurrent.ThreadPoolExecutor$Worker.run(ThreadPoolExecutor.java:624)
        at java.lang.Thread.run(Thread.java:750)
"org.apache.hadoop.util.JvmPauseMonitor$Monitor@1b4a3ee" daemon prio=5 tid=4378 timed_waiting
java.lang.Thread.State: TIMED_WAITING
        at java.lang.Thread.sleep(Native Method)
        at org.apache.hadoop.util.JvmPauseMonitor$Monitor.run(JvmPauseMonitor.java:192)
        at java.lang.Thread.run(Thread.java:750)
"qtp892092214-5351" daemon prio=5 tid=5351 timed_waiting
java.lang.Thread.State: TIMED_WAITING
        at sun.misc.Unsafe.park(Native Method)
        at java.util.concurrent.locks.LockSupport.parkNanos(LockSupport.java:215)
        at java.util.concurrent.locks.AbstractQueuedSynchronizer$ConditionObject.awaitNanos(AbstractQueuedSynchronizer.java:2078)
        at org.eclipse.jetty.util.BlockingArrayQueue.poll(BlockingArrayQueue.java:382)
        at org.eclipse.jetty.util.thread.QueuedThreadPool$Runner.idleJobPoll(QueuedThreadPool.java:974)
        at org.eclipse.jetty.util.thread.QueuedThreadPool$Runner.run(QueuedThreadPool.java:1018)
        at java.lang.Thread.run(Thread.java:750)
"IPC Server handler 18 on default port 41047" daemon prio=5 tid=6157 timed_waiting
java.lang.Thread.State: TIMED_WAITING
        at sun.misc.Unsafe.park(Native Method)
        at java.util.concurrent.locks.LockSupport.parkNanos(LockSupport.java:215)
        at java.util.concurrent.locks.AbstractQueuedSynchronizer$ConditionObject.awaitNanos(AbstractQueuedSynchronizer.java:2078)
        at java.util.concurrent.LinkedBlockingQueue.poll(LinkedBlockingQueue.java:467)
        at org.apache.hadoop.ipc.CallQueueManager.take(CallQueueManager.java:317)
        at org.apache.hadoop.ipc.Server$Handler.run(Server.java:2942)
"Periodic HDDS volume checker" daemon prio=5 tid=4534 timed_waiting
java.lang.Thread.State: TIMED_WAITING
        at sun.misc.Unsafe.park(Native Method)
        at java.util.concurrent.locks.LockSupport.parkNanos(LockSupport.java:215)
        at java.util.concurrent.locks.AbstractQueuedSynchronizer$ConditionObject.awaitNanos(AbstractQueuedSynchronizer.java:2078)
        at java.util.concurrent.ScheduledThreadPoolExecutor$DelayedWorkQueue.take(ScheduledThreadPoolExecutor.java:1093)
        at java.util.concurrent.ScheduledThreadPoolExecutor$DelayedWorkQueue.take(ScheduledThreadPoolExecutor.java:809)
        at java.util.concurrent.ThreadPoolExecutor.getTask(ThreadPoolExecutor.java:1074)
        at java.util.concurrent.ThreadPoolExecutor.runWorker(ThreadPoolExecutor.java:1134)
        at java.util.concurrent.ThreadPoolExecutor$Worker.run(ThreadPoolExecutor.java:624)
        at java.lang.Thread.run(Thread.java:750)
"BlockDeletingService#0" daemon prio=5 tid=5500 timed_waiting
java.lang.Thread.State: TIMED_WAITING
        at sun.misc.Unsafe.park(Native Method)
        at java.util.concurrent.locks.LockSupport.parkNanos(LockSupport.java:215)
        at java.util.concurrent.locks.AbstractQueuedSynchronizer$ConditionObject.awaitNanos(AbstractQueuedSynchronizer.java:2078)
        at java.util.concurrent.ScheduledThreadPoolExecutor$DelayedWorkQueue.take(ScheduledThreadPoolExecutor.java:1093)
        at java.util.concurrent.ScheduledThreadPoolExecutor$DelayedWorkQueue.take(ScheduledThreadPoolExecutor.java:809)
        at java.util.concurrent.ThreadPoolExecutor.getTask(ThreadPoolExecutor.java:1074)
        at java.util.concurrent.ThreadPoolExecutor.runWorker(ThreadPoolExecutor.java:1134)
        at java.util.concurrent.ThreadPoolExecutor$Worker.run(ThreadPoolExecutor.java:624)
        at java.lang.Thread.run(Thread.java:750)
"Mini-Cluster-Provider-Reap"  prio=5 tid=15 timed_waiting
java.lang.Thread.State: TIMED_WAITING
        at sun.misc.Unsafe.park(Native Method)
        at java.util.concurrent.locks.LockSupport.parkNanos(LockSupport.java:215)
        at java.util.concurrent.locks.AbstractQueuedSynchronizer$ConditionObject.awaitNanos(AbstractQueuedSynchronizer.java:2078)
        at java.util.concurrent.ArrayBlockingQueue.poll(ArrayBlockingQueue.java:418)
        at org.apache.hadoop.ozone.MiniOzoneClusterProvider.lambda$reapClusters$0(MiniOzoneClusterProvider.java:199)
        at org.apache.hadoop.ozone.MiniOzoneClusterProvider$$Lambda$341/1088239991.run(Unknown Source)
        at java.lang.Thread.run(Thread.java:750)
"IPC Server handler 9 on default port 45167" daemon prio=5 tid=6125 timed_waiting
java.lang.Thread.State: TIMED_WAITING
        at sun.misc.Unsafe.park(Native Method)
        at java.util.concurrent.locks.LockSupport.parkNanos(LockSupport.java:215)
        at java.util.concurrent.locks.AbstractQueuedSynchronizer$ConditionObject.awaitNanos(AbstractQueuedSynchronizer.java:2078)
        at java.util.concurrent.LinkedBlockingQueue.poll(LinkedBlockingQueue.java:467)
        at org.apache.hadoop.ipc.CallQueueManager.take(CallQueueManager.java:317)
        at org.apache.hadoop.ipc.Server$Handler.run(Server.java:2942)
"IPC Server handler 10 on default port 45167" daemon prio=5 tid=6126 timed_waiting
java.lang.Thread.State: TIMED_WAITING
        at sun.misc.Unsafe.park(Native Method)
        at java.util.concurrent.locks.LockSupport.parkNanos(LockSupport.java:215)
        at java.util.concurrent.locks.AbstractQueuedSynchronizer$ConditionObject.awaitNanos(AbstractQueuedSynchronizer.java:2078)
        at java.util.concurrent.LinkedBlockingQueue.poll(LinkedBlockingQueue.java:467)
        at org.apache.hadoop.ipc.CallQueueManager.take(CallQueueManager.java:317)
        at org.apache.hadoop.ipc.Server$Handler.run(Server.java:2942)
"PartialTableCache Cleanup Thread - 0" daemon prio=5 tid=2687 in Object.wait()
java.lang.Thread.State: WAITING (on object monitor)
        at sun.misc.Unsafe.park(Native Method)
        at java.util.concurrent.locks.LockSupport.park(LockSupport.java:175)
        at java.util.concurrent.locks.AbstractQueuedSynchronizer$ConditionObject.await(AbstractQueuedSynchronizer.java:2039)
        at java.util.concurrent.LinkedBlockingQueue.take(LinkedBlockingQueue.java:442)
        at java.util.concurrent.ThreadPoolExecutor.getTask(ThreadPoolExecutor.java:1074)
        at java.util.concurrent.ThreadPoolExecutor.runWorker(ThreadPoolExecutor.java:1134)
        at java.util.concurrent.ThreadPoolExecutor$Worker.run(ThreadPoolExecutor.java:624)
        at java.lang.Thread.run(Thread.java:750)
"IPC Server handler 5 on default port 33459" daemon prio=5 tid=4363 timed_waiting
java.lang.Thread.State: TIMED_WAITING
        at sun.misc.Unsafe.park(Native Method)
        at java.util.concurrent.locks.LockSupport.parkNanos(LockSupport.java:215)
        at java.util.concurrent.locks.AbstractQueuedSynchronizer$ConditionObject.awaitNanos(AbstractQueuedSynchronizer.java:2078)
        at java.util.concurrent.LinkedBlockingQueue.poll(LinkedBlockingQueue.java:467)
        at org.apache.hadoop.ipc.CallQueueManager.take(CallQueueManager.java:317)
        at org.apache.hadoop.ipc.Server$Handler.run(Server.java:2942)
"qtp1525027227-6171" daemon prio=5 tid=6171 timed_waiting
java.lang.Thread.State: TIMED_WAITING
        at sun.misc.Unsafe.park(Native Method)
        at java.util.concurrent.locks.LockSupport.parkNanos(LockSupport.java:215)
        at java.util.concurrent.locks.AbstractQueuedSynchronizer$ConditionObject.awaitNanos(AbstractQueuedSynchronizer.java:2078)
        at org.eclipse.jetty.util.BlockingArrayQueue.poll(BlockingArrayQueue.java:382)
        at org.eclipse.jetty.util.thread.QueuedThreadPool$Runner.idleJobPoll(QueuedThreadPool.java:974)
        at org.eclipse.jetty.util.thread.QueuedThreadPool$Runner.run(QueuedThreadPool.java:1018)
        at java.lang.Thread.run(Thread.java:750)
"qtp37624766-4578-acceptor-0@574aa420-ServerConnector@58adcb9c{HTTP/1.1, (http/1.1)}{0.0.0.0:43675}" daemon prio=3 tid=4578 runnable
java.lang.Thread.State: RUNNABLE
        at sun.nio.ch.ServerSocketChannelImpl.accept0(Native Method)
        at sun.nio.ch.ServerSocketChannelImpl.accept(ServerSocketChannelImpl.java:421)
        at sun.nio.ch.ServerSocketChannelImpl.accept(ServerSocketChannelImpl.java:249)
        at org.eclipse.jetty.server.ServerConnector.accept(ServerConnector.java:388)
        at org.eclipse.jetty.server.AbstractConnector$Acceptor.run(AbstractConnector.java:704)
        at org.eclipse.jetty.util.thread.QueuedThreadPool.runJob(QueuedThreadPool.java:883)
        at org.eclipse.jetty.util.thread.QueuedThreadPool$Runner.run(QueuedThreadPool.java:1034)
        at java.lang.Thread.run(Thread.java:750)
"Datanode ReportManager Thread - 2" daemon prio=5 tid=5431 in Object.wait()
java.lang.Thread.State: WAITING (on object monitor)
        at sun.misc.Unsafe.park(Native Method)
        at java.util.concurrent.locks.LockSupport.park(LockSupport.java:175)
        at java.util.concurrent.locks.AbstractQueuedSynchronizer$ConditionObject.await(AbstractQueuedSynchronizer.java:2039)
        at java.util.concurrent.ScheduledThreadPoolExecutor$DelayedWorkQueue.take(ScheduledThreadPoolExecutor.java:1088)
        at java.util.concurrent.ScheduledThreadPoolExecutor$DelayedWorkQueue.take(ScheduledThreadPoolExecutor.java:809)
        at java.util.concurrent.ThreadPoolExecutor.getTask(ThreadPoolExecutor.java:1074)
        at java.util.concurrent.ThreadPoolExecutor.runWorker(ThreadPoolExecutor.java:1134)
        at java.util.concurrent.ThreadPoolExecutor$Worker.run(ThreadPoolExecutor.java:624)
        at java.lang.Thread.run(Thread.java:750)
"StaleRecoveringContainerScrubbingService#1" daemon prio=5 tid=4701 in Object.wait()
java.lang.Thread.State: WAITING (on object monitor)
        at sun.misc.Unsafe.park(Native Method)
        at java.util.concurrent.locks.LockSupport.park(LockSupport.java:175)
        at java.util.concurrent.locks.AbstractQueuedSynchronizer$ConditionObject.await(AbstractQueuedSynchronizer.java:2039)
        at java.util.concurrent.ScheduledThreadPoolExecutor$DelayedWorkQueue.take(ScheduledThreadPoolExecutor.java:1088)
        at java.util.concurrent.ScheduledThreadPoolExecutor$DelayedWorkQueue.take(ScheduledThreadPoolExecutor.java:809)
        at java.util.concurrent.ThreadPoolExecutor.getTask(ThreadPoolExecutor.java:1074)
        at java.util.concurrent.ThreadPoolExecutor.runWorker(ThreadPoolExecutor.java:1134)
        at java.util.concurrent.ThreadPoolExecutor$Worker.run(ThreadPoolExecutor.java:624)
        at java.lang.Thread.run(Thread.java:750)
"IPC Server listener on 45167" daemon prio=5 tid=6075 runnable
java.lang.Thread.State: RUNNABLE
        at sun.nio.ch.EPollArrayWrapper.epollWait(Native Method)
        at sun.nio.ch.EPollArrayWrapper.poll(EPollArrayWrapper.java:269)
        at sun.nio.ch.EPollSelectorImpl.doSelect(EPollSelectorImpl.java:93)
        at sun.nio.ch.SelectorImpl.lockAndDoSelect(SelectorImpl.java:86)
        at sun.nio.ch.SelectorImpl.select(SelectorImpl.java:97)
        at sun.nio.ch.SelectorImpl.select(SelectorImpl.java:101)
        at org.apache.hadoop.ipc.Server$Listener.run(Server.java:1358)
"qtp1707098790-4613" daemon prio=5 tid=4613 timed_waiting
java.lang.Thread.State: TIMED_WAITING
        at sun.misc.Unsafe.park(Native Method)
        at java.util.concurrent.locks.LockSupport.parkNanos(LockSupport.java:215)
        at java.util.concurrent.locks.AbstractQueuedSynchronizer$ConditionObject.awaitNanos(AbstractQueuedSynchronizer.java:2078)
        at org.eclipse.jetty.util.BlockingArrayQueue.poll(BlockingArrayQueue.java:382)
        at org.eclipse.jetty.util.thread.QueuedThreadPool$Runner.idleJobPoll(QueuedThreadPool.java:974)
        at org.eclipse.jetty.util.thread.QueuedThreadPool$Runner.run(QueuedThreadPool.java:1018)
        at java.lang.Thread.run(Thread.java:750)
"Session-HouseKeeper-2049eedb-1"  prio=5 tid=4523 timed_waiting
java.lang.Thread.State: TIMED_WAITING
        at sun.misc.Unsafe.park(Native Method)
        at java.util.concurrent.locks.LockSupport.parkNanos(LockSupport.java:215)
        at java.util.concurrent.locks.AbstractQueuedSynchronizer$ConditionObject.awaitNanos(AbstractQueuedSynchronizer.java:2078)
        at java.util.concurrent.ScheduledThreadPoolExecutor$DelayedWorkQueue.take(ScheduledThreadPoolExecutor.java:1093)
        at java.util.concurrent.ScheduledThreadPoolExecutor$DelayedWorkQueue.take(ScheduledThreadPoolExecutor.java:809)
        at java.util.concurrent.ThreadPoolExecutor.getTask(ThreadPoolExecutor.java:1074)
        at java.util.concurrent.ThreadPoolExecutor.runWorker(ThreadPoolExecutor.java:1134)
        at java.util.concurrent.ThreadPoolExecutor$Worker.run(ThreadPoolExecutor.java:624)
        at java.lang.Thread.run(Thread.java:750)
"FixedThreadPoolWithAffinityExecutor-8-0" daemon prio=5 tid=5065 timed_waiting
java.lang.Thread.State: TIMED_WAITING
        at sun.misc.Unsafe.park(Native Method)
        at java.util.concurrent.locks.LockSupport.parkNanos(LockSupport.java:215)
        at java.util.concurrent.locks.AbstractQueuedSynchronizer$ConditionObject.awaitNanos(AbstractQueuedSynchronizer.java:2078)
        at java.util.concurrent.LinkedBlockingQueue.poll(LinkedBlockingQueue.java:467)
        at org.apache.hadoop.hdds.scm.server.ContainerReportQueue.poll(ContainerReportQueue.java:266)
        at org.apache.hadoop.hdds.scm.server.ContainerReportQueue.poll(ContainerReportQueue.java:42)
        at org.apache.hadoop.hdds.server.events.FixedThreadPoolWithAffinityExecutor$ContainerReportProcessTask.run(FixedThreadPoolWithAffinityExecutor.java:248)
        at java.util.concurrent.Executors$RunnableAdapter.call(Executors.java:511)
        at java.util.concurrent.FutureTask.run(FutureTask.java:266)
        at java.util.concurrent.ThreadPoolExecutor.runWorker(ThreadPoolExecutor.java:1149)
        at java.util.concurrent.ThreadPoolExecutor$Worker.run(ThreadPoolExecutor.java:624)
        at java.lang.Thread.run(Thread.java:750)
"IPC Server Responder" daemon prio=5 tid=6078 runnable
java.lang.Thread.State: RUNNABLE
        at sun.nio.ch.EPollArrayWrapper.epollWait(Native Method)
        at sun.nio.ch.EPollArrayWrapper.poll(EPollArrayWrapper.java:269)
        at sun.nio.ch.EPollSelectorImpl.doSelect(EPollSelectorImpl.java:93)
        at sun.nio.ch.SelectorImpl.lockAndDoSelect(SelectorImpl.java:86)
        at sun.nio.ch.SelectorImpl.select(SelectorImpl.java:97)
        at org.apache.hadoop.ipc.Server$Responder.doRunLoop(Server.java:1532)
        at org.apache.hadoop.ipc.Server$Responder.run(Server.java:1515)
"ChunkReader-ELG-0" daemon prio=5 tid=5397 runnable
java.lang.Thread.State: RUNNABLE
        at org.apache.ratis.thirdparty.io.netty.channel.epoll.Native.epollWait(Native Method)
        at org.apache.ratis.thirdparty.io.netty.channel.epoll.Native.epollWait(Native.java:209)
        at org.apache.ratis.thirdparty.io.netty.channel.epoll.Native.epollWait(Native.java:202)
        at org.apache.ratis.thirdparty.io.netty.channel.epoll.EpollEventLoop.epollWaitNoTimerChange(EpollEventLoop.java:294)
        at org.apache.ratis.thirdparty.io.netty.channel.epoll.EpollEventLoop.run(EpollEventLoop.java:351)
        at org.apache.ratis.thirdparty.io.netty.util.concurrent.SingleThreadEventExecutor$4.run(SingleThreadEventExecutor.java:995)
        at org.apache.ratis.thirdparty.io.netty.util.internal.ThreadExecutorMap$2.run(ThreadExecutorMap.java:74)
        at java.lang.Thread.run(Thread.java:750)
"StaleRecoveringContainerScrubbingService#0" daemon prio=5 tid=5579 timed_waiting
java.lang.Thread.State: TIMED_WAITING
        at sun.misc.Unsafe.park(Native Method)
        at java.util.concurrent.locks.LockSupport.parkNanos(LockSupport.java:215)
        at java.util.concurrent.locks.AbstractQueuedSynchronizer$ConditionObject.awaitNanos(AbstractQueuedSynchronizer.java:2078)
        at java.util.concurrent.ScheduledThreadPoolExecutor$DelayedWorkQueue.take(ScheduledThreadPoolExecutor.java:1093)
        at java.util.concurrent.ScheduledThreadPoolExecutor$DelayedWorkQueue.take(ScheduledThreadPoolExecutor.java:809)
        at java.util.concurrent.ThreadPoolExecutor.getTask(ThreadPoolExecutor.java:1074)
        at java.util.concurrent.ThreadPoolExecutor.runWorker(ThreadPoolExecutor.java:1134)
        at java.util.concurrent.ThreadPoolExecutor$Worker.run(ThreadPoolExecutor.java:624)
        at java.lang.Thread.run(Thread.java:750)
"Datanode ReportManager Thread - 3" daemon prio=5 tid=4659 timed_waiting
java.lang.Thread.State: TIMED_WAITING
        at sun.misc.Unsafe.park(Native Method)
        at java.util.concurrent.locks.LockSupport.parkNanos(LockSupport.java:215)
        at java.util.concurrent.locks.AbstractQueuedSynchronizer$ConditionObject.awaitNanos(AbstractQueuedSynchronizer.java:2078)
        at java.util.concurrent.ScheduledThreadPoolExecutor$DelayedWorkQueue.take(ScheduledThreadPoolExecutor.java:1093)
        at java.util.concurrent.ScheduledThreadPoolExecutor$DelayedWorkQueue.take(ScheduledThreadPoolExecutor.java:809)
        at java.util.concurrent.ThreadPoolExecutor.getTask(ThreadPoolExecutor.java:1074)
        at java.util.concurrent.ThreadPoolExecutor.runWorker(ThreadPoolExecutor.java:1134)
        at java.util.concurrent.ThreadPoolExecutor$Worker.run(ThreadPoolExecutor.java:624)
        at java.lang.Thread.run(Thread.java:750)
"Listener at 0.0.0.0/39971"  prio=5 tid=1 runnable
java.lang.Thread.State: RUNNABLE
        at java.lang.Thread.dumpThreads(Native Method)
        at java.lang.Thread.getAllStackTraces(Thread.java:1615)
        at org.apache.ozone.test.TimedOutTestsListener.buildThreadDump(TimedOutTestsListener.java:93)
        at org.apache.ozone.test.TimedOutTestsListener.buildThreadDiagnosticString(TimedOutTestsListener.java:79)
        at org.apache.ozone.test.GenericTestUtils.waitFor(GenericTestUtils.java:227)
        at org.apache.hadoop.ozone.scm.node.TestDecommissionAndMaintenance.waitForDnToReachOpState(TestDecommissionAndMaintenance.java:683)
        at org.apache.hadoop.ozone.scm.node.TestDecommissionAndMaintenance.testEnteringMaintenanceNodeCompletesAfterSCMRestart(TestDecommissionAndMaintenance.java:491)
        at sun.reflect.NativeMethodAccessorImpl.invoke0(Native Method)
        at sun.reflect.NativeMethodAccessorImpl.invoke(NativeMethodAccessorImpl.java:62)
        at sun.reflect.DelegatingMethodAccessorImpl.invoke(DelegatingMethodAccessorImpl.java:43)
        at java.lang.reflect.Method.invoke(Method.java:498)
        at org.junit.platform.commons.util.ReflectionUtils.invokeMethod(ReflectionUtils.java:725)
        at org.junit.jupiter.engine.execution.MethodInvocation.proceed(MethodInvocation.java:60)
        at org.junit.jupiter.engine.execution.InvocationInterceptorChain$ValidatingInvocation.proceed(InvocationInterceptorChain.java:131)
        at org.junit.jupiter.engine.extension.TimeoutExtension.intercept(TimeoutExtension.java:149)
        at org.junit.jupiter.engine.extension.TimeoutExtension.interceptTestableMethod(TimeoutExtension.java:140)
        at org.junit.jupiter.engine.extension.TimeoutExtension.interceptTestMethod(TimeoutExtension.java:84)
        at org.junit.jupiter.engine.descriptor.TestMethodTestDescriptor$$Lambda$164/293508253.apply(Unknown Source)
        at org.junit.jupiter.engine.execution.ExecutableInvoker$ReflectiveInterceptorCall.lambda$ofVoidMethod$0(ExecutableInvoker.java:115)
        at org.junit.jupiter.engine.execution.ExecutableInvoker$ReflectiveInterceptorCall$$Lambda$165/1007412025.apply(Unknown Source)
        at org.junit.jupiter.engine.execution.ExecutableInvoker.lambda$invoke$0(ExecutableInvoker.java:105)
        at org.junit.jupiter.engine.execution.ExecutableInvoker$$Lambda$322/919446210.apply(Unknown Source)
        at org.junit.jupiter.engine.execution.InvocationInterceptorChain$InterceptedInvocation.proceed(InvocationInterceptorChain.java:106)
        at org.junit.jupiter.engine.execution.InvocationInterceptorChain.proceed(InvocationInterceptorChain.java:64)
        at org.junit.jupiter.engine.execution.InvocationInterceptorChain.chainAndInvoke(InvocationInterceptorChain.java:45)
        at org.junit.jupiter.engine.execution.InvocationInterceptorChain.invoke(InvocationInterceptorChain.java:37)
        at org.junit.jupiter.engine.execution.ExecutableInvoker.invoke(ExecutableInvoker.java:104)
        at org.junit.jupiter.engine.execution.ExecutableInvoker.invoke(ExecutableInvoker.java:98)
        at org.junit.jupiter.engine.descriptor.TestMethodTestDescriptor.lambda$invokeTestMethod$7(TestMethodTestDescriptor.java:214)
        at org.junit.jupiter.engine.descriptor.TestMethodTestDescriptor$$Lambda$1188/786058987.execute(Unknown Source)
        at org.junit.platform.engine.support.hierarchical.ThrowableCollector.execute(ThrowableCollector.java:73)
        at org.junit.jupiter.engine.descriptor.TestMethodTestDescriptor.invokeTestMethod(TestMethodTestDescriptor.java:210)
        at org.junit.jupiter.engine.descriptor.TestMethodTestDescriptor.execute(TestMethodTestDescriptor.java:135)
        at org.junit.jupiter.engine.descriptor.TestMethodTestDescriptor.execute(TestMethodTestDescriptor.java:66)
        at org.junit.platform.engine.support.hierarchical.NodeTestTask.lambda$executeRecursively$6(NodeTestTask.java:151)
        at org.junit.platform.engine.support.hierarchical.NodeTestTask$$Lambda$264/760357227.execute(Unknown Source)
        at org.junit.platform.engine.support.hierarchical.ThrowableCollector.execute(ThrowableCollector.java:73)
        at org.junit.platform.engine.support.hierarchical.NodeTestTask.lambda$executeRecursively$8(NodeTestTask.java:141)
        at org.junit.platform.engine.support.hierarchical.NodeTestTask$$Lambda$263/124888672.invoke(Unknown Source)
        at org.junit.platform.engine.support.hierarchical.Node.around(Node.java:137)
        at org.junit.platform.engine.support.hierarchical.NodeTestTask.lambda$executeRecursively$9(NodeTestTask.java:139)
        at org.junit.platform.engine.support.hierarchical.NodeTestTask$$Lambda$262/658404420.execute(Unknown Source)
        at org.junit.platform.engine.support.hierarchical.ThrowableCollector.execute(ThrowableCollector.java:73)
        at org.junit.platform.engine.support.hierarchical.NodeTestTask.executeRecursively(NodeTestTask.java:138)
        at org.junit.platform.engine.support.hierarchical.NodeTestTask.execute(NodeTestTask.java:95)
        at org.junit.platform.engine.support.hierarchical.SameThreadHierarchicalTestExecutorService$$Lambda$268/1397381784.accept(Unknown Source)
        at java.util.ArrayList.forEach(ArrayList.java:1259)
        at org.junit.platform.engine.support.hierarchical.SameThreadHierarchicalTestExecutorService.invokeAll(SameThreadHierarchicalTestExecutorService.java:41)
        at org.junit.platform.engine.support.hierarchical.NodeTestTask.lambda$executeRecursively$6(NodeTestTask.java:155)
        at org.junit.platform.engine.support.hierarchical.NodeTestTask$$Lambda$264/760357227.execute(Unknown Source)
        at org.junit.platform.engine.support.hierarchical.ThrowableCollector.execute(ThrowableCollector.java:73)
        at org.junit.platform.engine.support.hierarchical.NodeTestTask.lambda$executeRecursively$8(NodeTestTask.java:141)
        at org.junit.platform.engine.support.hierarchical.NodeTestTask$$Lambda$263/124888672.invoke(Unknown Source)
        at org.junit.platform.engine.support.hierarchical.Node.around(Node.java:137)
        at org.junit.platform.engine.support.hierarchical.NodeTestTask.lambda$executeRecursively$9(NodeTestTask.java:139)
        at org.junit.platform.engine.support.hierarchical.NodeTestTask$$Lambda$262/658404420.execute(Unknown Source)
        at org.junit.platform.engine.support.hierarchical.ThrowableCollector.execute(ThrowableCollector.java:73)
        at org.junit.platform.engine.support.hierarchical.NodeTestTask.executeRecursively(NodeTestTask.java:138)
        at org.junit.platform.engine.support.hierarchical.NodeTestTask.execute(NodeTestTask.java:95)
        at org.junit.platform.engine.support.hierarchical.SameThreadHierarchicalTestExecutorService$$Lambda$268/1397381784.accept(Unknown Source)
        at java.util.ArrayList.forEach(ArrayList.java:1259)
        at org.junit.platform.engine.support.hierarchical.SameThreadHierarchicalTestExecutorService.invokeAll(SameThreadHierarchicalTestExecutorService.java:41)
        at org.junit.platform.engine.support.hierarchical.NodeTestTask.lambda$executeRecursively$6(NodeTestTask.java:155)
        at org.junit.platform.engine.support.hierarchical.NodeTestTask$$Lambda$264/760357227.execute(Unknown Source)
        at org.junit.platform.engine.support.hierarchical.ThrowableCollector.execute(ThrowableCollector.java:73)
        at org.junit.platform.engine.support.hierarchical.NodeTestTask.lambda$executeRecursively$8(NodeTestTask.java:141)
        at org.junit.platform.engine.support.hierarchical.NodeTestTask$$Lambda$263/124888672.invoke(Unknown Source)
        at org.junit.platform.engine.support.hierarchical.Node.around(Node.java:137)
        at org.junit.platform.engine.support.hierarchical.NodeTestTask.lambda$executeRecursively$9(NodeTestTask.java:139)
        at org.junit.platform.engine.support.hierarchical.NodeTestTask$$Lambda$262/658404420.execute(Unknown Source)
        at org.junit.platform.engine.support.hierarchical.ThrowableCollector.execute(ThrowableCollector.java:73)
        at org.junit.platform.engine.support.hierarchical.NodeTestTask.executeRecursively(NodeTestTask.java:138)
        at org.junit.platform.engine.support.hierarchical.NodeTestTask.execute(NodeTestTask.java:95)
        at org.junit.platform.engine.support.hierarchical.SameThreadHierarchicalTestExecutorService.submit(SameThreadHierarchicalTestExecutorService.java:35)
        at org.junit.platform.engine.support.hierarchical.HierarchicalTestExecutor.execute(HierarchicalTestExecutor.java:57)
        at org.junit.platform.engine.support.hierarchical.HierarchicalTestEngine.execute(HierarchicalTestEngine.java:54)
        at org.junit.platform.launcher.core.EngineExecutionOrchestrator.execute(EngineExecutionOrchestrator.java:107)
        at org.junit.platform.launcher.core.EngineExecutionOrchestrator.execute(EngineExecutionOrchestrator.java:88)
        at org.junit.platform.launcher.core.EngineExecutionOrchestrator.lambda$execute$0(EngineExecutionOrchestrator.java:54)
        at org.junit.platform.launcher.core.EngineExecutionOrchestrator$$Lambda$220/48208774.accept(Unknown Source)
        at org.junit.platform.launcher.core.EngineExecutionOrchestrator.withInterceptedStreams(EngineExecutionOrchestrator.java:67)
        at org.junit.platform.launcher.core.EngineExecutionOrchestrator.execute(EngineExecutionOrchestrator.java:52)
        at org.junit.platform.launcher.core.DefaultLauncher.execute(DefaultLauncher.java:114)
        at org.junit.platform.launcher.core.DefaultLauncher.execute(DefaultLauncher.java:86)
        at org.junit.platform.launcher.core.DefaultLauncherSession$DelegatingLauncher.execute(DefaultLauncherSession.java:86)
        at org.junit.platform.launcher.core.SessionPerRequestLauncher.execute(SessionPerRequestLauncher.java:53)
        at org.apache.maven.surefire.junitplatform.JUnitPlatformProvider.execute(JUnitPlatformProvider.java:188)
        at org.apache.maven.surefire.junitplatform.JUnitPlatformProvider.invokeAllTests(JUnitPlatformProvider.java:154)
        at org.apache.maven.surefire.junitplatform.JUnitPlatformProvider.invoke(JUnitPlatformProvider.java:124)
        at org.apache.maven.surefire.booter.ForkedBooter.runSuitesInProcess(ForkedBooter.java:428)
        at org.apache.maven.surefire.booter.ForkedBooter.execute(ForkedBooter.java:162)
        at org.apache.maven.surefire.booter.ForkedBooter.run(ForkedBooter.java:562)
        at org.apache.maven.surefire.booter.ForkedBooter.main(ForkedBooter.java:548)
"ContainerOp-e8dd15d0-68e9-4f12-a7cc-a9df22f54b30-7"  prio=5 tid=6024 in Object.wait()
java.lang.Thread.State: WAITING (on object monitor)
        at sun.misc.Unsafe.park(Native Method)
        at java.util.concurrent.locks.LockSupport.park(LockSupport.java:175)
        at java.util.concurrent.locks.AbstractQueuedSynchronizer$ConditionObject.await(AbstractQueuedSynchronizer.java:2039)
        at java.util.concurrent.LinkedBlockingQueue.take(LinkedBlockingQueue.java:442)
        at java.util.concurrent.ThreadPoolExecutor.getTask(ThreadPoolExecutor.java:1074)
        at java.util.concurrent.ThreadPoolExecutor.runWorker(ThreadPoolExecutor.java:1134)
        at java.util.concurrent.ThreadPoolExecutor$Worker.run(ThreadPoolExecutor.java:624)
        at java.lang.Thread.run(Thread.java:750)
"96238b2c-9f01-47c7-9db9-9b3e1b0f8a5c@group-A9DF22F54B30-SegmentedRaftLogWorker"  prio=5 tid=4797 timed_waiting
java.lang.Thread.State: TIMED_WAITING
        at sun.misc.Unsafe.park(Native Method)
        at java.util.concurrent.locks.LockSupport.parkNanos(LockSupport.java:215)
        at java.util.concurrent.locks.AbstractQueuedSynchronizer$ConditionObject.awaitNanos(AbstractQueuedSynchronizer.java:2078)
        at org.apache.ratis.util.DataBlockingQueue.poll(DataBlockingQueue.java:148)
        at org.apache.ratis.server.raftlog.segmented.SegmentedRaftLogWorker.run(SegmentedRaftLogWorker.java:310)
        at org.apache.ratis.server.raftlog.segmented.SegmentedRaftLogWorker$$Lambda$699/1565409370.run(Unknown Source)
        at java.lang.Thread.run(Thread.java:750)
"qtp1148868906-4648" daemon prio=5 tid=4648 timed_waiting
java.lang.Thread.State: TIMED_WAITING
        at sun.misc.Unsafe.park(Native Method)
        at java.util.concurrent.locks.LockSupport.parkNanos(LockSupport.java:215)
        at java.util.concurrent.locks.AbstractQueuedSynchronizer$ConditionObject.awaitNanos(AbstractQueuedSynchronizer.java:2078)
        at org.eclipse.jetty.util.BlockingArrayQueue.poll(BlockingArrayQueue.java:382)
        at org.eclipse.jetty.util.thread.QueuedThreadPool$Runner.idleJobPoll(QueuedThreadPool.java:974)
        at org.eclipse.jetty.util.thread.QueuedThreadPool$Runner.run(QueuedThreadPool.java:1018)
        at java.lang.Thread.run(Thread.java:750)
"EventQueue-NodeRegistrationContainerReportForDataNodeSafeModeRule" daemon prio=5 tid=6174 in Object.wait()
java.lang.Thread.State: WAITING (on object monitor)
        at sun.misc.Unsafe.park(Native Method)
        at java.util.concurrent.locks.LockSupport.park(LockSupport.java:175)
        at java.util.concurrent.locks.AbstractQueuedSynchronizer$ConditionObject.await(AbstractQueuedSynchronizer.java:2039)
        at java.util.concurrent.LinkedBlockingQueue.take(LinkedBlockingQueue.java:442)
        at java.util.concurrent.ThreadPoolExecutor.getTask(ThreadPoolExecutor.java:1074)
        at java.util.concurrent.ThreadPoolExecutor.runWorker(ThreadPoolExecutor.java:1134)
        at java.util.concurrent.ThreadPoolExecutor$Worker.run(ThreadPoolExecutor.java:624)
        at java.lang.Thread.run(Thread.java:750)
"a4df1cd8-da8f-45ad-a02d-233f4b91e4ac@group-4A8F6F23E020-StateMachineUpdater" daemon prio=5 tid=5762 timed_waiting
java.lang.Thread.State: TIMED_WAITING
        at sun.misc.Unsafe.park(Native Method)
        at java.util.concurrent.locks.LockSupport.parkNanos(LockSupport.java:215)
        at java.util.concurrent.CompletableFuture$Signaller.block(CompletableFuture.java:1709)
        at java.util.concurrent.ForkJoinPool.managedBlock(ForkJoinPool.java:3323)
        at java.util.concurrent.CompletableFuture.timedGet(CompletableFuture.java:1788)
        at java.util.concurrent.CompletableFuture.get(CompletableFuture.java:1928)
        at org.apache.ratis.util.AwaitForSignal.await(AwaitForSignal.java:56)
        at org.apache.ratis.server.impl.StateMachineUpdater.waitForCommit(StateMachineUpdater.java:207)
        at org.apache.ratis.server.impl.StateMachineUpdater.run(StateMachineUpdater.java:176)
        at java.lang.Thread.run(Thread.java:750)
"Datanode State Machine Task Thread - 0"  prio=5 tid=4623 in Object.wait()
java.lang.Thread.State: WAITING (on object monitor)
        at sun.misc.Unsafe.park(Native Method)
        at java.util.concurrent.locks.LockSupport.park(LockSupport.java:175)
        at java.util.concurrent.locks.AbstractQueuedSynchronizer$ConditionObject.await(AbstractQueuedSynchronizer.java:2039)
        at java.util.concurrent.LinkedBlockingQueue.take(LinkedBlockingQueue.java:442)
        at java.util.concurrent.ThreadPoolExecutor.getTask(ThreadPoolExecutor.java:1074)
        at java.util.concurrent.ThreadPoolExecutor.runWorker(ThreadPoolExecutor.java:1134)
        at java.util.concurrent.ThreadPoolExecutor$Worker.run(ThreadPoolExecutor.java:624)
        at java.lang.Thread.run(Thread.java:750)
"pool-2598-thread-1"  prio=5 tid=5484 timed_waiting
java.lang.Thread.State: TIMED_WAITING
        at sun.misc.Unsafe.park(Native Method)
        at java.util.concurrent.locks.LockSupport.parkNanos(LockSupport.java:215)
        at java.util.concurrent.locks.AbstractQueuedSynchronizer$ConditionObject.awaitNanos(AbstractQueuedSynchronizer.java:2078)
        at java.util.concurrent.ScheduledThreadPoolExecutor$DelayedWorkQueue.take(ScheduledThreadPoolExecutor.java:1093)
        at java.util.concurrent.ScheduledThreadPoolExecutor$DelayedWorkQueue.take(ScheduledThreadPoolExecutor.java:809)
        at java.util.concurrent.ThreadPoolExecutor.getTask(ThreadPoolExecutor.java:1074)
        at java.util.concurrent.ThreadPoolExecutor.runWorker(ThreadPoolExecutor.java:1134)
        at java.util.concurrent.ThreadPoolExecutor$Worker.run(ThreadPoolExecutor.java:624)
        at java.lang.Thread.run(Thread.java:750)
"IPC Server handler 6 on default port 46655" daemon prio=5 tid=5265 timed_waiting
java.lang.Thread.State: TIMED_WAITING
        at sun.misc.Unsafe.park(Native Method)
        at java.util.concurrent.locks.LockSupport.parkNanos(LockSupport.java:215)
        at java.util.concurrent.locks.AbstractQueuedSynchronizer$ConditionObject.awaitNanos(AbstractQueuedSynchronizer.java:2078)
        at java.util.concurrent.LinkedBlockingQueue.poll(LinkedBlockingQueue.java:467)
        at org.apache.hadoop.ipc.CallQueueManager.take(CallQueueManager.java:317)
        at org.apache.hadoop.ipc.Server$Handler.run(Server.java:2942)
"IPC Server handler 9 on default port 41915" daemon prio=5 tid=5099 timed_waiting
java.lang.Thread.State: TIMED_WAITING
        at sun.misc.Unsafe.park(Native Method)
        at java.util.concurrent.locks.LockSupport.parkNanos(LockSupport.java:215)
        at java.util.concurrent.locks.AbstractQueuedSynchronizer$ConditionObject.awaitNanos(AbstractQueuedSynchronizer.java:2078)
        at java.util.concurrent.LinkedBlockingQueue.poll(LinkedBlockingQueue.java:467)
        at org.apache.hadoop.ipc.CallQueueManager.take(CallQueueManager.java:317)
        at org.apache.hadoop.ipc.Server$Handler.run(Server.java:2942)
"EventQueue-OpenPipelineForHealthyPipelineSafeModeRule" daemon prio=5 tid=6183 in Object.wait()
java.lang.Thread.State: WAITING (on object monitor)
        at sun.misc.Unsafe.park(Native Method)
        at java.util.concurrent.locks.LockSupport.park(LockSupport.java:175)
        at java.util.concurrent.locks.AbstractQueuedSynchronizer$ConditionObject.await(AbstractQueuedSynchronizer.java:2039)
        at java.util.concurrent.LinkedBlockingQueue.take(LinkedBlockingQueue.java:442)
        at java.util.concurrent.ThreadPoolExecutor.getTask(ThreadPoolExecutor.java:1074)
        at java.util.concurrent.ThreadPoolExecutor.runWorker(ThreadPoolExecutor.java:1134)
        at java.util.concurrent.ThreadPoolExecutor$Worker.run(ThreadPoolExecutor.java:624)
        at java.lang.Thread.run(Thread.java:750)
"qtp1837521269-5491" daemon prio=5 tid=5491 timed_waiting
java.lang.Thread.State: TIMED_WAITING
        at sun.misc.Unsafe.park(Native Method)
        at java.util.concurrent.locks.LockSupport.parkNanos(LockSupport.java:215)
        at java.util.concurrent.locks.AbstractQueuedSynchronizer$ConditionObject.awaitNanos(AbstractQueuedSynchronizer.java:2078)
        at org.eclipse.jetty.util.BlockingArrayQueue.poll(BlockingArrayQueue.java:382)
        at org.eclipse.jetty.util.thread.QueuedThreadPool$Runner.idleJobPoll(QueuedThreadPool.java:974)
        at org.eclipse.jetty.util.thread.QueuedThreadPool$Runner.run(QueuedThreadPool.java:1018)
        at java.lang.Thread.run(Thread.java:750)
"ContainerOp-e8dd15d0-68e9-4f12-a7cc-a9df22f54b30-2"  prio=5 tid=5986 in Object.wait()
java.lang.Thread.State: WAITING (on object monitor)
        at sun.misc.Unsafe.park(Native Method)
        at java.util.concurrent.locks.LockSupport.park(LockSupport.java:175)
        at java.util.concurrent.locks.AbstractQueuedSynchronizer$ConditionObject.await(AbstractQueuedSynchronizer.java:2039)
        at java.util.concurrent.LinkedBlockingQueue.take(LinkedBlockingQueue.java:442)
        at java.util.concurrent.ThreadPoolExecutor.getTask(ThreadPoolExecutor.java:1074)
        at java.util.concurrent.ThreadPoolExecutor.runWorker(ThreadPoolExecutor.java:1134)
        at java.util.concurrent.ThreadPoolExecutor$Worker.run(ThreadPoolExecutor.java:624)
        at java.lang.Thread.run(Thread.java:750)
"64b4f2a3-63f9-4506-b905-00bad38ce54f@group-A9DF22F54B30-LeaderStateImpl" daemon prio=5 tid=4881 timed_waiting
java.lang.Thread.State: TIMED_WAITING
        at sun.misc.Unsafe.park(Native Method)
        at java.util.concurrent.locks.LockSupport.parkNanos(LockSupport.java:215)
        at java.util.concurrent.locks.AbstractQueuedSynchronizer$ConditionObject.awaitNanos(AbstractQueuedSynchronizer.java:2078)
        at java.util.concurrent.ArrayBlockingQueue.poll(ArrayBlockingQueue.java:418)
        at org.apache.ratis.server.impl.LeaderStateImpl$EventQueue.poll(LeaderStateImpl.java:159)
        at org.apache.ratis.server.impl.LeaderStateImpl$EventProcessor.run(LeaderStateImpl.java:630)
"PartialTableCache Cleanup Thread - 0" daemon prio=5 tid=2707 in Object.wait()
java.lang.Thread.State: WAITING (on object monitor)
        at sun.misc.Unsafe.park(Native Method)
        at java.util.concurrent.locks.LockSupport.park(LockSupport.java:175)
        at java.util.concurrent.locks.AbstractQueuedSynchronizer$ConditionObject.await(AbstractQueuedSynchronizer.java:2039)
        at java.util.concurrent.LinkedBlockingQueue.take(LinkedBlockingQueue.java:442)
        at java.util.concurrent.ThreadPoolExecutor.getTask(ThreadPoolExecutor.java:1074)
        at java.util.concurrent.ThreadPoolExecutor.runWorker(ThreadPoolExecutor.java:1134)
        at java.util.concurrent.ThreadPoolExecutor$Worker.run(ThreadPoolExecutor.java:624)
        at java.lang.Thread.run(Thread.java:750)
"BlockDeletingService#1" daemon prio=5 tid=5557 in Object.wait()
java.lang.Thread.State: WAITING (on object monitor)
        at sun.misc.Unsafe.park(Native Method)
        at java.util.concurrent.locks.LockSupport.park(LockSupport.java:175)
        at java.util.concurrent.locks.AbstractQueuedSynchronizer$ConditionObject.await(AbstractQueuedSynchronizer.java:2039)
        at java.util.concurrent.ScheduledThreadPoolExecutor$DelayedWorkQueue.take(ScheduledThreadPoolExecutor.java:1088)
        at java.util.concurrent.ScheduledThreadPoolExecutor$DelayedWorkQueue.take(ScheduledThreadPoolExecutor.java:809)
        at java.util.concurrent.ThreadPoolExecutor.getTask(ThreadPoolExecutor.java:1074)
        at java.util.concurrent.ThreadPoolExecutor.runWorker(ThreadPoolExecutor.java:1134)
        at java.util.concurrent.ThreadPoolExecutor$Worker.run(ThreadPoolExecutor.java:624)
        at java.lang.Thread.run(Thread.java:750)
"Datanode State Machine Daemon Thread" daemon prio=5 tid=5466 timed_waiting
java.lang.Thread.State: TIMED_WAITING
        at java.lang.Thread.sleep(Native Method)
        at org.apache.hadoop.ozone.container.common.statemachine.DatanodeStateMachine.startStateMachineThread(DatanodeStateMachine.java:321)
        at org.apache.hadoop.ozone.container.common.statemachine.DatanodeStateMachine.lambda$startDaemon$0(DatanodeStateMachine.java:506)
        at org.apache.hadoop.ozone.container.common.statemachine.DatanodeStateMachine$$Lambda$785/1058385645.run(Unknown Source)
        at java.lang.Thread.run(Thread.java:750)
"IPC Server handler 3 on default port 39971" daemon prio=5 tid=6099 timed_waiting
java.lang.Thread.State: TIMED_WAITING
        at sun.misc.Unsafe.park(Native Method)
        at java.util.concurrent.locks.LockSupport.parkNanos(LockSupport.java:215)
        at java.util.concurrent.locks.AbstractQueuedSynchronizer$ConditionObject.awaitNanos(AbstractQueuedSynchronizer.java:2078)
        at java.util.concurrent.LinkedBlockingQueue.poll(LinkedBlockingQueue.java:467)
        at org.apache.hadoop.ipc.CallQueueManager.take(CallQueueManager.java:317)
        at org.apache.hadoop.ipc.Server$Handler.run(Server.java:2942)
"IPC Server handler 0 on default port 41047" daemon prio=5 tid=6137 timed_waiting
java.lang.Thread.State: TIMED_WAITING
        at sun.misc.Unsafe.park(Native Method)
        at java.util.concurrent.locks.LockSupport.parkNanos(LockSupport.java:215)
        at java.util.concurrent.locks.AbstractQueuedSynchronizer$ConditionObject.awaitNanos(AbstractQueuedSynchronizer.java:2078)
        at java.util.concurrent.LinkedBlockingQueue.poll(LinkedBlockingQueue.java:467)
        at org.apache.hadoop.ipc.CallQueueManager.take(CallQueueManager.java:317)
        at org.apache.hadoop.ipc.Server$Handler.run(Server.java:2942)
"qtp220272310-4451" daemon prio=5 tid=4451 timed_waiting
java.lang.Thread.State: TIMED_WAITING
        at sun.misc.Unsafe.park(Native Method)
        at java.util.concurrent.locks.LockSupport.parkNanos(LockSupport.java:215)
        at java.util.concurrent.locks.AbstractQueuedSynchronizer$ConditionObject.awaitNanos(AbstractQueuedSynchronizer.java:2078)
        at org.eclipse.jetty.util.BlockingArrayQueue.poll(BlockingArrayQueue.java:382)
        at org.eclipse.jetty.util.thread.QueuedThreadPool$Runner.idleJobPoll(QueuedThreadPool.java:974)
        at org.eclipse.jetty.util.thread.QueuedThreadPool$Runner.run(QueuedThreadPool.java:1018)
        at java.lang.Thread.run(Thread.java:750)
"IPC Server handler 3 on default port 41047" daemon prio=5 tid=6142 timed_waiting
java.lang.Thread.State: TIMED_WAITING
        at sun.misc.Unsafe.park(Native Method)
        at java.util.concurrent.locks.LockSupport.parkNanos(LockSupport.java:215)
        at java.util.concurrent.locks.AbstractQueuedSynchronizer$ConditionObject.awaitNanos(AbstractQueuedSynchronizer.java:2078)
        at java.util.concurrent.LinkedBlockingQueue.poll(LinkedBlockingQueue.java:467)
        at org.apache.hadoop.ipc.CallQueueManager.take(CallQueueManager.java:317)
        at org.apache.hadoop.ipc.Server$Handler.run(Server.java:2942)
"Datanode State Machine Task Thread - 1"  prio=5 tid=4690 in Object.wait()
java.lang.Thread.State: WAITING (on object monitor)
        at sun.misc.Unsafe.park(Native Method)
        at java.util.concurrent.locks.LockSupport.park(LockSupport.java:175)
        at java.util.concurrent.locks.AbstractQueuedSynchronizer$ConditionObject.await(AbstractQueuedSynchronizer.java:2039)
        at java.util.concurrent.LinkedBlockingQueue.take(LinkedBlockingQueue.java:442)
        at java.util.concurrent.ThreadPoolExecutor.getTask(ThreadPoolExecutor.java:1074)
        at java.util.concurrent.ThreadPoolExecutor.runWorker(ThreadPoolExecutor.java:1134)
        at java.util.concurrent.ThreadPoolExecutor$Worker.run(ThreadPoolExecutor.java:624)
        at java.lang.Thread.run(Thread.java:750)
"qtp892092214-5349" daemon prio=5 tid=5349 timed_waiting
java.lang.Thread.State: TIMED_WAITING
        at sun.misc.Unsafe.park(Native Method)
        at java.util.concurrent.locks.LockSupport.parkNanos(LockSupport.java:215)
        at java.util.concurrent.locks.AbstractQueuedSynchronizer$ConditionObject.awaitNanos(AbstractQueuedSynchronizer.java:2078)
        at org.eclipse.jetty.util.BlockingArrayQueue.poll(BlockingArrayQueue.java:382)
        at org.eclipse.jetty.util.thread.QueuedThreadPool$Runner.idleJobPoll(QueuedThreadPool.java:974)
        at org.eclipse.jetty.util.thread.QueuedThreadPool$Runner.run(QueuedThreadPool.java:1018)
        at java.lang.Thread.run(Thread.java:750)
"Datanode State Machine Daemon Thread" daemon prio=5 tid=4524 timed_waiting
java.lang.Thread.State: TIMED_WAITING
        at java.lang.Thread.sleep(Native Method)
        at org.apache.hadoop.ozone.container.common.statemachine.DatanodeStateMachine.startStateMachineThread(DatanodeStateMachine.java:321)
        at org.apache.hadoop.ozone.container.common.statemachine.DatanodeStateMachine.lambda$startDaemon$0(DatanodeStateMachine.java:506)
        at org.apache.hadoop.ozone.container.common.statemachine.DatanodeStateMachine$$Lambda$785/1058385645.run(Unknown Source)
        at java.lang.Thread.run(Thread.java:750)
"JvmPauseMonitor44" daemon prio=5 tid=4684 timed_waiting
java.lang.Thread.State: TIMED_WAITING
        at java.lang.Thread.sleep(Native Method)
        at java.lang.Thread.sleep(Thread.java:342)
        at java.util.concurrent.TimeUnit.sleep(TimeUnit.java:386)
        at org.apache.ratis.util.TimeDuration.sleep(TimeDuration.java:325)
        at org.apache.ratis.util.TimeDuration.sleep(TimeDuration.java:310)
        at org.apache.ratis.util.JvmPauseMonitor.detectPause(JvmPauseMonitor.java:119)
        at org.apache.ratis.util.JvmPauseMonitor.run(JvmPauseMonitor.java:108)
        at org.apache.ratis.util.JvmPauseMonitor$$Lambda$740/613108676.run(Unknown Source)
        at java.lang.Thread.run(Thread.java:750)
"Datanode State Machine Task Thread - 1"  prio=5 tid=4735 in Object.wait()
java.lang.Thread.State: WAITING (on object monitor)
        at sun.misc.Unsafe.park(Native Method)
        at java.util.concurrent.locks.LockSupport.park(LockSupport.java:175)
        at java.util.concurrent.locks.AbstractQueuedSynchronizer$ConditionObject.await(AbstractQueuedSynchronizer.java:2039)
        at java.util.concurrent.LinkedBlockingQueue.take(LinkedBlockingQueue.java:442)
        at java.util.concurrent.ThreadPoolExecutor.getTask(ThreadPoolExecutor.java:1074)
        at java.util.concurrent.ThreadPoolExecutor.runWorker(ThreadPoolExecutor.java:1134)
        at java.util.concurrent.ThreadPoolExecutor$Worker.run(ThreadPoolExecutor.java:624)
        at java.lang.Thread.run(Thread.java:750)
"BlockDeletingService#1" daemon prio=5 tid=4733 timed_waiting
java.lang.Thread.State: TIMED_WAITING
        at sun.misc.Unsafe.park(Native Method)
        at java.util.concurrent.locks.LockSupport.parkNanos(LockSupport.java:215)
        at java.util.concurrent.locks.AbstractQueuedSynchronizer$ConditionObject.awaitNanos(AbstractQueuedSynchronizer.java:2078)
        at java.util.concurrent.ScheduledThreadPoolExecutor$DelayedWorkQueue.take(ScheduledThreadPoolExecutor.java:1093)
        at java.util.concurrent.ScheduledThreadPoolExecutor$DelayedWorkQueue.take(ScheduledThreadPoolExecutor.java:809)
        at java.util.concurrent.ThreadPoolExecutor.getTask(ThreadPoolExecutor.java:1074)
        at java.util.concurrent.ThreadPoolExecutor.runWorker(ThreadPoolExecutor.java:1134)
        at java.util.concurrent.ThreadPoolExecutor$Worker.run(ThreadPoolExecutor.java:624)
        at java.lang.Thread.run(Thread.java:750)
"EventQueue-NodeRegistrationContainerReportForContainerSafeModeRule" daemon prio=5 tid=6175 in Object.wait()
java.lang.Thread.State: WAITING (on object monitor)
        at sun.misc.Unsafe.park(Native Method)
        at java.util.concurrent.locks.LockSupport.park(LockSupport.java:175)
        at java.util.concurrent.locks.AbstractQueuedSynchronizer$ConditionObject.await(AbstractQueuedSynchronizer.java:2039)
        at java.util.concurrent.LinkedBlockingQueue.take(LinkedBlockingQueue.java:442)
        at java.util.concurrent.ThreadPoolExecutor.getTask(ThreadPoolExecutor.java:1074)
        at java.util.concurrent.ThreadPoolExecutor.runWorker(ThreadPoolExecutor.java:1134)
        at java.util.concurrent.ThreadPoolExecutor$Worker.run(ThreadPoolExecutor.java:624)
        at java.lang.Thread.run(Thread.java:750)
"pool-2042-thread-1"  prio=5 tid=4514 timed_waiting
java.lang.Thread.State: TIMED_WAITING
        at sun.misc.Unsafe.park(Native Method)
        at java.util.concurrent.locks.LockSupport.parkNanos(LockSupport.java:215)
        at java.util.concurrent.locks.AbstractQueuedSynchronizer$ConditionObject.awaitNanos(AbstractQueuedSynchronizer.java:2078)
        at java.util.concurrent.ScheduledThreadPoolExecutor$DelayedWorkQueue.take(ScheduledThreadPoolExecutor.java:1093)
        at java.util.concurrent.ScheduledThreadPoolExecutor$DelayedWorkQueue.take(ScheduledThreadPoolExecutor.java:809)
        at java.util.concurrent.ThreadPoolExecutor.getTask(ThreadPoolExecutor.java:1074)
        at java.util.concurrent.ThreadPoolExecutor.runWorker(ThreadPoolExecutor.java:1134)
        at java.util.concurrent.ThreadPoolExecutor$Worker.run(ThreadPoolExecutor.java:624)
        at java.lang.Thread.run(Thread.java:750)
"om1@group-C5BA1605619E-StateMachineUpdater" daemon prio=5 tid=5242 timed_waiting
java.lang.Thread.State: TIMED_WAITING
        at sun.misc.Unsafe.park(Native Method)
        at java.util.concurrent.locks.LockSupport.parkNanos(LockSupport.java:215)
        at java.util.concurrent.CompletableFuture$Signaller.block(CompletableFuture.java:1709)
        at java.util.concurrent.ForkJoinPool.managedBlock(ForkJoinPool.java:3323)
        at java.util.concurrent.CompletableFuture.timedGet(CompletableFuture.java:1788)
        at java.util.concurrent.CompletableFuture.get(CompletableFuture.java:1928)
        at org.apache.ratis.util.AwaitForSignal.await(AwaitForSignal.java:56)
        at org.apache.ratis.server.impl.StateMachineUpdater.waitForCommit(StateMachineUpdater.java:207)
        at org.apache.ratis.server.impl.StateMachineUpdater.run(StateMachineUpdater.java:176)
        at java.lang.Thread.run(Thread.java:750)
"Datanode State Machine Task Thread - 1"  prio=5 tid=5570 in Object.wait()
java.lang.Thread.State: WAITING (on object monitor)
        at sun.misc.Unsafe.park(Native Method)
        at java.util.concurrent.locks.LockSupport.park(LockSupport.java:175)
        at java.util.concurrent.locks.AbstractQueuedSynchronizer$ConditionObject.await(AbstractQueuedSynchronizer.java:2039)
        at java.util.concurrent.LinkedBlockingQueue.take(LinkedBlockingQueue.java:442)
        at java.util.concurrent.ThreadPoolExecutor.getTask(ThreadPoolExecutor.java:1074)
        at java.util.concurrent.ThreadPoolExecutor.runWorker(ThreadPoolExecutor.java:1134)
        at java.util.concurrent.ThreadPoolExecutor$Worker.run(ThreadPoolExecutor.java:624)
        at java.lang.Thread.run(Thread.java:750)
"ChunkReader-ELG-0" daemon prio=5 tid=4685 runnable
java.lang.Thread.State: RUNNABLE
        at org.apache.ratis.thirdparty.io.netty.channel.epoll.Native.epollWait(Native Method)
        at org.apache.ratis.thirdparty.io.netty.channel.epoll.Native.epollWait(Native.java:209)
        at org.apache.ratis.thirdparty.io.netty.channel.epoll.Native.epollWait(Native.java:202)
        at org.apache.ratis.thirdparty.io.netty.channel.epoll.EpollEventLoop.epollWaitNoTimerChange(EpollEventLoop.java:294)
        at org.apache.ratis.thirdparty.io.netty.channel.epoll.EpollEventLoop.run(EpollEventLoop.java:351)
        at org.apache.ratis.thirdparty.io.netty.util.concurrent.SingleThreadEventExecutor$4.run(SingleThreadEventExecutor.java:995)
        at org.apache.ratis.thirdparty.io.netty.util.internal.ThreadExecutorMap$2.run(ThreadExecutorMap.java:74)
        at java.lang.Thread.run(Thread.java:750)
"qtp1556434335-5450" daemon prio=5 tid=5450 timed_waiting
java.lang.Thread.State: TIMED_WAITING
        at sun.misc.Unsafe.park(Native Method)
        at java.util.concurrent.locks.LockSupport.parkNanos(LockSupport.java:215)
        at java.util.concurrent.locks.AbstractQueuedSynchronizer$ConditionObject.awaitNanos(AbstractQueuedSynchronizer.java:2078)
        at org.eclipse.jetty.util.BlockingArrayQueue.poll(BlockingArrayQueue.java:382)
        at org.eclipse.jetty.util.thread.QueuedThreadPool$Runner.idleJobPoll(QueuedThreadPool.java:974)
        at org.eclipse.jetty.util.thread.QueuedThreadPool$Runner.run(QueuedThreadPool.java:1018)
        at java.lang.Thread.run(Thread.java:750)
"JvmPauseMonitor53" daemon prio=5 tid=5460 timed_waiting
java.lang.Thread.State: TIMED_WAITING
        at java.lang.Thread.sleep(Native Method)
        at java.lang.Thread.sleep(Thread.java:342)
        at java.util.concurrent.TimeUnit.sleep(TimeUnit.java:386)
        at org.apache.ratis.util.TimeDuration.sleep(TimeDuration.java:325)
        at org.apache.ratis.util.TimeDuration.sleep(TimeDuration.java:310)
        at org.apache.ratis.util.JvmPauseMonitor.detectPause(JvmPauseMonitor.java:119)
        at org.apache.ratis.util.JvmPauseMonitor.run(JvmPauseMonitor.java:108)
        at org.apache.ratis.util.JvmPauseMonitor$$Lambda$740/613108676.run(Unknown Source)
        at java.lang.Thread.run(Thread.java:750)
"JvmPauseMonitor45" daemon prio=5 tid=4696 timed_waiting
java.lang.Thread.State: TIMED_WAITING
        at java.lang.Thread.sleep(Native Method)
        at java.lang.Thread.sleep(Thread.java:342)
        at java.util.concurrent.TimeUnit.sleep(TimeUnit.java:386)
        at org.apache.ratis.util.TimeDuration.sleep(TimeDuration.java:325)
        at org.apache.ratis.util.TimeDuration.sleep(TimeDuration.java:310)
        at org.apache.ratis.util.JvmPauseMonitor.detectPause(JvmPauseMonitor.java:119)
        at org.apache.ratis.util.JvmPauseMonitor.run(JvmPauseMonitor.java:108)
        at org.apache.ratis.util.JvmPauseMonitor$$Lambda$740/613108676.run(Unknown Source)
        at java.lang.Thread.run(Thread.java:750)
"IPC Server listener on 0" daemon prio=5 tid=5052 runnable
java.lang.Thread.State: RUNNABLE
        at sun.nio.ch.EPollArrayWrapper.epollWait(Native Method)
        at sun.nio.ch.EPollArrayWrapper.poll(EPollArrayWrapper.java:269)
        at sun.nio.ch.EPollSelectorImpl.doSelect(EPollSelectorImpl.java:93)
        at sun.nio.ch.SelectorImpl.lockAndDoSelect(SelectorImpl.java:86)
        at sun.nio.ch.SelectorImpl.select(SelectorImpl.java:97)
        at sun.nio.ch.SelectorImpl.select(SelectorImpl.java:101)
        at org.apache.hadoop.ipc.Server$Listener.run(Server.java:1358)
"pool-2397-thread-1"  prio=5 tid=5198 in Object.wait()
java.lang.Thread.State: WAITING (on object monitor)
        at sun.misc.Unsafe.park(Native Method)
        at java.util.concurrent.locks.LockSupport.park(LockSupport.java:175)
        at java.util.concurrent.locks.AbstractQueuedSynchronizer$ConditionObject.await(AbstractQueuedSynchronizer.java:2039)
        at java.util.concurrent.LinkedBlockingQueue.take(LinkedBlockingQueue.java:442)
        at java.util.concurrent.ThreadPoolExecutor.getTask(ThreadPoolExecutor.java:1074)
        at java.util.concurrent.ThreadPoolExecutor.runWorker(ThreadPoolExecutor.java:1134)
        at java.util.concurrent.ThreadPoolExecutor$Worker.run(ThreadPoolExecutor.java:624)
        at java.lang.Thread.run(Thread.java:750)
"FixedThreadPoolWithAffinityExecutor-0-0" daemon prio=5 tid=5057 timed_waiting
java.lang.Thread.State: TIMED_WAITING
        at sun.misc.Unsafe.park(Native Method)
        at java.util.concurrent.locks.LockSupport.parkNanos(LockSupport.java:215)
        at java.util.concurrent.locks.AbstractQueuedSynchronizer$ConditionObject.awaitNanos(AbstractQueuedSynchronizer.java:2078)
        at java.util.concurrent.LinkedBlockingQueue.poll(LinkedBlockingQueue.java:467)
        at org.apache.hadoop.hdds.scm.server.ContainerReportQueue.poll(ContainerReportQueue.java:266)
        at org.apache.hadoop.hdds.scm.server.ContainerReportQueue.poll(ContainerReportQueue.java:42)
        at org.apache.hadoop.hdds.server.events.FixedThreadPoolWithAffinityExecutor$ContainerReportProcessTask.run(FixedThreadPoolWithAffinityExecutor.java:248)
        at java.util.concurrent.Executors$RunnableAdapter.call(Executors.java:511)
        at java.util.concurrent.FutureTask.run(FutureTask.java:266)
        at java.util.concurrent.ThreadPoolExecutor.runWorker(ThreadPoolExecutor.java:1149)
        at java.util.concurrent.ThreadPoolExecutor$Worker.run(ThreadPoolExecutor.java:624)
        at java.lang.Thread.run(Thread.java:750)
"IPC Server handler 16 on default port 46655" daemon prio=5 tid=5275 timed_waiting
java.lang.Thread.State: TIMED_WAITING
        at sun.misc.Unsafe.park(Native Method)
        at java.util.concurrent.locks.LockSupport.parkNanos(LockSupport.java:215)
        at java.util.concurrent.locks.AbstractQueuedSynchronizer$ConditionObject.awaitNanos(AbstractQueuedSynchronizer.java:2078)
        at java.util.concurrent.LinkedBlockingQueue.poll(LinkedBlockingQueue.java:467)
        at org.apache.hadoop.ipc.CallQueueManager.take(CallQueueManager.java:317)
        at org.apache.hadoop.ipc.Server$Handler.run(Server.java:2942)
"IPC Server handler 19 on default port 36229" daemon prio=5 tid=5088 timed_waiting
java.lang.Thread.State: TIMED_WAITING
        at sun.misc.Unsafe.park(Native Method)
        at java.util.concurrent.locks.LockSupport.parkNanos(LockSupport.java:215)
        at java.util.concurrent.locks.AbstractQueuedSynchronizer$ConditionObject.awaitNanos(AbstractQueuedSynchronizer.java:2078)
        at java.util.concurrent.LinkedBlockingQueue.poll(LinkedBlockingQueue.java:467)
        at org.apache.hadoop.ipc.CallQueueManager.take(CallQueueManager.java:317)
        at org.apache.hadoop.ipc.Server$Handler.run(Server.java:2942)
"f64c422f-02be-4aba-b4a9-b2d4a3918880@group-971EC9EF2D19-FollowerState" daemon prio=5 tid=5915 timed_waiting
java.lang.Thread.State: TIMED_WAITING
        at java.lang.Thread.sleep(Native Method)
        at java.lang.Thread.sleep(Thread.java:342)
        at java.util.concurrent.TimeUnit.sleep(TimeUnit.java:386)
        at org.apache.ratis.util.TimeDuration.sleep(TimeDuration.java:325)
        at org.apache.ratis.util.TimeDuration.sleep(TimeDuration.java:310)
        at org.apache.ratis.server.impl.FollowerState.run(FollowerState.java:128)
"IPC Server handler 17 on default port 46655" daemon prio=5 tid=5276 timed_waiting
java.lang.Thread.State: TIMED_WAITING
        at sun.misc.Unsafe.park(Native Method)
        at java.util.concurrent.locks.LockSupport.parkNanos(LockSupport.java:215)
        at java.util.concurrent.locks.AbstractQueuedSynchronizer$ConditionObject.awaitNanos(AbstractQueuedSynchronizer.java:2078)
        at java.util.concurrent.LinkedBlockingQueue.poll(LinkedBlockingQueue.java:467)
        at org.apache.hadoop.ipc.CallQueueManager.take(CallQueueManager.java:317)
        at org.apache.hadoop.ipc.Server$Handler.run(Server.java:2942)
"IPC Server handler 10 on default port 36229" daemon prio=5 tid=5079 timed_waiting
java.lang.Thread.State: TIMED_WAITING
        at sun.misc.Unsafe.park(Native Method)
        at java.util.concurrent.locks.LockSupport.parkNanos(LockSupport.java:215)
        at java.util.concurrent.locks.AbstractQueuedSynchronizer$ConditionObject.awaitNanos(AbstractQueuedSynchronizer.java:2078)
        at java.util.concurrent.LinkedBlockingQueue.poll(LinkedBlockingQueue.java:467)
        at org.apache.hadoop.ipc.CallQueueManager.take(CallQueueManager.java:317)
        at org.apache.hadoop.ipc.Server$Handler.run(Server.java:2942)
"PartialTableCache Cleanup Thread - 0" daemon prio=5 tid=2725 in Object.wait()
java.lang.Thread.State: WAITING (on object monitor)
        at sun.misc.Unsafe.park(Native Method)
        at java.util.concurrent.locks.LockSupport.park(LockSupport.java:175)
        at java.util.concurrent.locks.AbstractQueuedSynchronizer$ConditionObject.await(AbstractQueuedSynchronizer.java:2039)
        at java.util.concurrent.LinkedBlockingQueue.take(LinkedBlockingQueue.java:442)
        at java.util.concurrent.ThreadPoolExecutor.getTask(ThreadPoolExecutor.java:1074)
        at java.util.concurrent.ThreadPoolExecutor.runWorker(ThreadPoolExecutor.java:1134)
        at java.util.concurrent.ThreadPoolExecutor$Worker.run(ThreadPoolExecutor.java:624)
        at java.lang.Thread.run(Thread.java:750)
"IPC Server handler 18 on default port 39971" daemon prio=5 tid=6114 timed_waiting
java.lang.Thread.State: TIMED_WAITING
        at sun.misc.Unsafe.park(Native Method)
        at java.util.concurrent.locks.LockSupport.parkNanos(LockSupport.java:215)
        at java.util.concurrent.locks.AbstractQueuedSynchronizer$ConditionObject.awaitNanos(AbstractQueuedSynchronizer.java:2078)
        at java.util.concurrent.LinkedBlockingQueue.poll(LinkedBlockingQueue.java:467)
        at org.apache.hadoop.ipc.CallQueueManager.take(CallQueueManager.java:317)
        at org.apache.hadoop.ipc.Server$Handler.run(Server.java:2942)
"Datanode ReportManager Thread - 4" daemon prio=5 tid=5360 in Object.wait()
java.lang.Thread.State: WAITING (on object monitor)
        at sun.misc.Unsafe.park(Native Method)
        at java.util.concurrent.locks.LockSupport.park(LockSupport.java:175)
        at java.util.concurrent.locks.AbstractQueuedSynchronizer$ConditionObject.await(AbstractQueuedSynchronizer.java:2039)
        at java.util.concurrent.ScheduledThreadPoolExecutor$DelayedWorkQueue.take(ScheduledThreadPoolExecutor.java:1088)
        at java.util.concurrent.ScheduledThreadPoolExecutor$DelayedWorkQueue.take(ScheduledThreadPoolExecutor.java:809)
        at java.util.concurrent.ThreadPoolExecutor.getTask(ThreadPoolExecutor.java:1074)
        at java.util.concurrent.ThreadPoolExecutor.runWorker(ThreadPoolExecutor.java:1134)
        at java.util.concurrent.ThreadPoolExecutor$Worker.run(ThreadPoolExecutor.java:624)
        at java.lang.Thread.run(Thread.java:750)
"Datanode State Machine Task Thread - 0"  prio=5 tid=4426 in Object.wait()
java.lang.Thread.State: WAITING (on object monitor)
        at sun.misc.Unsafe.park(Native Method)
        at java.util.concurrent.locks.LockSupport.park(LockSupport.java:175)
        at java.util.concurrent.locks.AbstractQueuedSynchronizer$ConditionObject.await(AbstractQueuedSynchronizer.java:2039)
        at java.util.concurrent.LinkedBlockingQueue.take(LinkedBlockingQueue.java:442)
        at java.util.concurrent.ThreadPoolExecutor.getTask(ThreadPoolExecutor.java:1074)
        at java.util.concurrent.ThreadPoolExecutor.runWorker(ThreadPoolExecutor.java:1134)
        at java.util.concurrent.ThreadPoolExecutor$Worker.run(ThreadPoolExecutor.java:624)
        at java.lang.Thread.run(Thread.java:750)
"Under Replicated Processor" daemon prio=5 tid=6068 timed_waiting
java.lang.Thread.State: TIMED_WAITING
        at java.lang.Object.wait(Native Method)
        at org.apache.hadoop.hdds.scm.container.replication.UnderReplicatedProcessor.run(UnderReplicatedProcessor.java:102)
        at java.lang.Thread.run(Thread.java:750)
"BlockDeletingService#1" daemon prio=5 tid=5502 in Object.wait()
java.lang.Thread.State: WAITING (on object monitor)
        at sun.misc.Unsafe.park(Native Method)
        at java.util.concurrent.locks.LockSupport.park(LockSupport.java:175)
        at java.util.concurrent.locks.AbstractQueuedSynchronizer$ConditionObject.await(AbstractQueuedSynchronizer.java:2039)
        at java.util.concurrent.ScheduledThreadPoolExecutor$DelayedWorkQueue.take(ScheduledThreadPoolExecutor.java:1088)
        at java.util.concurrent.ScheduledThreadPoolExecutor$DelayedWorkQueue.take(ScheduledThreadPoolExecutor.java:809)
        at java.util.concurrent.ThreadPoolExecutor.getTask(ThreadPoolExecutor.java:1074)
        at java.util.concurrent.ThreadPoolExecutor.runWorker(ThreadPoolExecutor.java:1134)
        at java.util.concurrent.ThreadPoolExecutor$Worker.run(ThreadPoolExecutor.java:624)
        at java.lang.Thread.run(Thread.java:750)
"qtp1148868906-4647" daemon prio=5 tid=4647 timed_waiting
java.lang.Thread.State: TIMED_WAITING
        at sun.misc.Unsafe.park(Native Method)
        at java.util.concurrent.locks.LockSupport.parkNanos(LockSupport.java:215)
        at java.util.concurrent.locks.AbstractQueuedSynchronizer$ConditionObject.awaitNanos(AbstractQueuedSynchronizer.java:2078)
        at org.eclipse.jetty.util.BlockingArrayQueue.poll(BlockingArrayQueue.java:382)
        at org.eclipse.jetty.util.thread.QueuedThreadPool$Runner.idleJobPoll(QueuedThreadPool.java:974)
        at org.eclipse.jetty.util.thread.QueuedThreadPool$Runner.run(QueuedThreadPool.java:1018)
        at java.lang.Thread.run(Thread.java:750)
"PartialTableCache Cleanup Thread - 0" daemon prio=5 tid=4925 in Object.wait()
java.lang.Thread.State: WAITING (on object monitor)
        at sun.misc.Unsafe.park(Native Method)
        at java.util.concurrent.locks.LockSupport.park(LockSupport.java:175)
        at java.util.concurrent.locks.AbstractQueuedSynchronizer$ConditionObject.await(AbstractQueuedSynchronizer.java:2039)
        at java.util.concurrent.LinkedBlockingQueue.take(LinkedBlockingQueue.java:442)
        at java.util.concurrent.ThreadPoolExecutor.getTask(ThreadPoolExecutor.java:1074)
        at java.util.concurrent.ThreadPoolExecutor.runWorker(ThreadPoolExecutor.java:1134)
        at java.util.concurrent.ThreadPoolExecutor$Worker.run(ThreadPoolExecutor.java:624)
        at java.lang.Thread.run(Thread.java:750)
"96238b2c-9f01-47c7-9db9-9b3e1b0f8a5c-server-thread1" daemon prio=5 tid=4886 timed_waiting
java.lang.Thread.State: TIMED_WAITING
        at sun.misc.Unsafe.park(Native Method)
        at java.util.concurrent.locks.LockSupport.parkNanos(LockSupport.java:215)
        at java.util.concurrent.SynchronousQueue$TransferStack.awaitFulfill(SynchronousQueue.java:460)
        at java.util.concurrent.SynchronousQueue$TransferStack.transfer(SynchronousQueue.java:362)
        at java.util.concurrent.SynchronousQueue.poll(SynchronousQueue.java:941)
        at java.util.concurrent.ThreadPoolExecutor.getTask(ThreadPoolExecutor.java:1073)
        at java.util.concurrent.ThreadPoolExecutor.runWorker(ThreadPoolExecutor.java:1134)
        at java.util.concurrent.ThreadPoolExecutor$Worker.run(ThreadPoolExecutor.java:624)
        at java.lang.Thread.run(Thread.java:750)
"IPC Server handler 12 on default port 33459" daemon prio=5 tid=4370 timed_waiting
java.lang.Thread.State: TIMED_WAITING
        at sun.misc.Unsafe.park(Native Method)
        at java.util.concurrent.locks.LockSupport.parkNanos(LockSupport.java:215)
        at java.util.concurrent.locks.AbstractQueuedSynchronizer$ConditionObject.awaitNanos(AbstractQueuedSynchronizer.java:2078)
        at java.util.concurrent.LinkedBlockingQueue.poll(LinkedBlockingQueue.java:467)
        at org.apache.hadoop.ipc.CallQueueManager.take(CallQueueManager.java:317)
        at org.apache.hadoop.ipc.Server$Handler.run(Server.java:2942)
"PartialTableCache Cleanup Thread - 0" daemon prio=5 tid=3257 in Object.wait()
java.lang.Thread.State: WAITING (on object monitor)
        at sun.misc.Unsafe.park(Native Method)
        at java.util.concurrent.locks.LockSupport.park(LockSupport.java:175)
        at java.util.concurrent.locks.AbstractQueuedSynchronizer$ConditionObject.await(AbstractQueuedSynchronizer.java:2039)
        at java.util.concurrent.LinkedBlockingQueue.take(LinkedBlockingQueue.java:442)
        at java.util.concurrent.ThreadPoolExecutor.getTask(ThreadPoolExecutor.java:1074)
        at java.util.concurrent.ThreadPoolExecutor.runWorker(ThreadPoolExecutor.java:1134)
        at java.util.concurrent.ThreadPoolExecutor$Worker.run(ThreadPoolExecutor.java:624)
        at java.lang.Thread.run(Thread.java:750)
"Session-HouseKeeper-1875848f-1"  prio=5 tid=5141 timed_waiting
java.lang.Thread.State: TIMED_WAITING
        at sun.misc.Unsafe.park(Native Method)
        at java.util.concurrent.locks.LockSupport.parkNanos(LockSupport.java:215)
        at java.util.concurrent.locks.AbstractQueuedSynchronizer$ConditionObject.awaitNanos(AbstractQueuedSynchronizer.java:2078)
        at java.util.concurrent.ScheduledThreadPoolExecutor$DelayedWorkQueue.take(ScheduledThreadPoolExecutor.java:1093)
        at java.util.concurrent.ScheduledThreadPoolExecutor$DelayedWorkQueue.take(ScheduledThreadPoolExecutor.java:809)
        at java.util.concurrent.ThreadPoolExecutor.getTask(ThreadPoolExecutor.java:1074)
        at java.util.concurrent.ThreadPoolExecutor.runWorker(ThreadPoolExecutor.java:1134)
        at java.util.concurrent.ThreadPoolExecutor$Worker.run(ThreadPoolExecutor.java:624)
        at java.lang.Thread.run(Thread.java:750)
"org.apache.hadoop.ozone.container.common.statemachine.commandhandler.DeleteBlocksCommandHandler$DeleteCmdWorker@7b39a9da" daemon prio=5 tid=4575 timed_waiting
java.lang.Thread.State: TIMED_WAITING
        at java.lang.Thread.sleep(Native Method)
        at org.apache.hadoop.ozone.container.common.statemachine.commandhandler.DeleteBlocksCommandHandler$DeleteCmdWorker.run(DeleteBlocksCommandHandler.java:184)
        at java.lang.Thread.run(Thread.java:750)
"pool-2356-thread-1"  prio=5 tid=5132 timed_waiting
java.lang.Thread.State: TIMED_WAITING
        at sun.misc.Unsafe.park(Native Method)
        at java.util.concurrent.locks.LockSupport.parkNanos(LockSupport.java:215)
        at java.util.concurrent.locks.AbstractQueuedSynchronizer$ConditionObject.awaitNanos(AbstractQueuedSynchronizer.java:2078)
        at java.util.concurrent.ScheduledThreadPoolExecutor$DelayedWorkQueue.take(ScheduledThreadPoolExecutor.java:1093)
        at java.util.concurrent.ScheduledThreadPoolExecutor$DelayedWorkQueue.take(ScheduledThreadPoolExecutor.java:809)
        at java.util.concurrent.ThreadPoolExecutor.getTask(ThreadPoolExecutor.java:1074)
        at java.util.concurrent.ThreadPoolExecutor.runWorker(ThreadPoolExecutor.java:1134)
        at java.util.concurrent.ThreadPoolExecutor$Worker.run(ThreadPoolExecutor.java:624)
        at java.lang.Thread.run(Thread.java:750)
"org.apache.hadoop.ozone.container.common.statemachine.commandhandler.DeleteBlocksCommandHandler$DeleteCmdWorker@27638cd3" daemon prio=5 tid=5316 timed_waiting
java.lang.Thread.State: TIMED_WAITING
        at java.lang.Thread.sleep(Native Method)
        at org.apache.hadoop.ozone.container.common.statemachine.commandhandler.DeleteBlocksCommandHandler$DeleteCmdWorker.run(DeleteBlocksCommandHandler.java:184)
        at java.lang.Thread.run(Thread.java:750)
"pool-2411-thread-1"  prio=5 tid=5248 timed_waiting
java.lang.Thread.State: TIMED_WAITING
        at sun.misc.Unsafe.park(Native Method)
        at java.util.concurrent.locks.LockSupport.parkNanos(LockSupport.java:215)
        at java.util.concurrent.locks.AbstractQueuedSynchronizer$ConditionObject.awaitNanos(AbstractQueuedSynchronizer.java:2078)
        at java.util.concurrent.ScheduledThreadPoolExecutor$DelayedWorkQueue.take(ScheduledThreadPoolExecutor.java:1093)
        at java.util.concurrent.ScheduledThreadPoolExecutor$DelayedWorkQueue.take(ScheduledThreadPoolExecutor.java:809)
        at java.util.concurrent.ThreadPoolExecutor.getTask(ThreadPoolExecutor.java:1074)
        at java.util.concurrent.ThreadPoolExecutor.runWorker(ThreadPoolExecutor.java:1134)
        at java.util.concurrent.ThreadPoolExecutor$Worker.run(ThreadPoolExecutor.java:624)
        at java.lang.Thread.run(Thread.java:750)
"StaleRecoveringContainerScrubbingService#0" daemon prio=5 tid=5567 timed_waiting
java.lang.Thread.State: TIMED_WAITING
        at sun.misc.Unsafe.park(Native Method)
        at java.util.concurrent.locks.LockSupport.parkNanos(LockSupport.java:215)
        at java.util.concurrent.locks.AbstractQueuedSynchronizer$ConditionObject.awaitNanos(AbstractQueuedSynchronizer.java:2078)
        at java.util.concurrent.ScheduledThreadPoolExecutor$DelayedWorkQueue.take(ScheduledThreadPoolExecutor.java:1093)
        at java.util.concurrent.ScheduledThreadPoolExecutor$DelayedWorkQueue.take(ScheduledThreadPoolExecutor.java:809)
        at java.util.concurrent.ThreadPoolExecutor.getTask(ThreadPoolExecutor.java:1074)
        at java.util.concurrent.ThreadPoolExecutor.runWorker(ThreadPoolExecutor.java:1134)
        at java.util.concurrent.ThreadPoolExecutor$Worker.run(ThreadPoolExecutor.java:624)
        at java.lang.Thread.run(Thread.java:750)
"d13833ec-6fbd-42ed-a302-e7305c989f4f-impl-thread1"  prio=5 tid=5416 timed_waiting
java.lang.Thread.State: TIMED_WAITING
        at sun.misc.Unsafe.park(Native Method)
        at java.util.concurrent.locks.LockSupport.parkNanos(LockSupport.java:215)
        at java.util.concurrent.SynchronousQueue$TransferStack.awaitFulfill(SynchronousQueue.java:460)
        at java.util.concurrent.SynchronousQueue$TransferStack.transfer(SynchronousQueue.java:362)
        at java.util.concurrent.SynchronousQueue.poll(SynchronousQueue.java:941)
        at java.util.concurrent.ThreadPoolExecutor.getTask(ThreadPoolExecutor.java:1073)
        at java.util.concurrent.ThreadPoolExecutor.runWorker(ThreadPoolExecutor.java:1134)
        at java.util.concurrent.ThreadPoolExecutor$Worker.run(ThreadPoolExecutor.java:624)
        at java.lang.Thread.run(Thread.java:750)
"FixedThreadPoolWithAffinityExecutor-2-0" daemon prio=5 tid=5059 timed_waiting
java.lang.Thread.State: TIMED_WAITING
        at sun.misc.Unsafe.park(Native Method)
        at java.util.concurrent.locks.LockSupport.parkNanos(LockSupport.java:215)
        at java.util.concurrent.locks.AbstractQueuedSynchronizer$ConditionObject.awaitNanos(AbstractQueuedSynchronizer.java:2078)
        at java.util.concurrent.LinkedBlockingQueue.poll(LinkedBlockingQueue.java:467)
        at org.apache.hadoop.hdds.scm.server.ContainerReportQueue.poll(ContainerReportQueue.java:266)
        at org.apache.hadoop.hdds.scm.server.ContainerReportQueue.poll(ContainerReportQueue.java:42)
        at org.apache.hadoop.hdds.server.events.FixedThreadPoolWithAffinityExecutor$ContainerReportProcessTask.run(FixedThreadPoolWithAffinityExecutor.java:248)
        at java.util.concurrent.Executors$RunnableAdapter.call(Executors.java:511)
        at java.util.concurrent.FutureTask.run(FutureTask.java:266)
        at java.util.concurrent.ThreadPoolExecutor.runWorker(ThreadPoolExecutor.java:1149)
        at java.util.concurrent.ThreadPoolExecutor$Worker.run(ThreadPoolExecutor.java:624)
        at java.lang.Thread.run(Thread.java:750)
"IPC Server Responder" daemon prio=5 tid=4324 runnable
java.lang.Thread.State: RUNNABLE
        at sun.nio.ch.EPollArrayWrapper.epollWait(Native Method)
        at sun.nio.ch.EPollArrayWrapper.poll(EPollArrayWrapper.java:269)
        at sun.nio.ch.EPollSelectorImpl.doSelect(EPollSelectorImpl.java:93)
        at sun.nio.ch.SelectorImpl.lockAndDoSelect(SelectorImpl.java:86)
        at sun.nio.ch.SelectorImpl.select(SelectorImpl.java:97)
        at org.apache.hadoop.ipc.Server$Responder.doRunLoop(Server.java:1532)
        at org.apache.hadoop.ipc.Server$Responder.run(Server.java:1515)
"Datanode ReportManager Thread - 0" daemon prio=5 tid=5467 timed_waiting
java.lang.Thread.State: TIMED_WAITING
        at sun.misc.Unsafe.park(Native Method)
        at java.util.concurrent.locks.LockSupport.parkNanos(LockSupport.java:215)
        at java.util.concurrent.locks.AbstractQueuedSynchronizer$ConditionObject.awaitNanos(AbstractQueuedSynchronizer.java:2078)
        at java.util.concurrent.ScheduledThreadPoolExecutor$DelayedWorkQueue.take(ScheduledThreadPoolExecutor.java:1093)
        at java.util.concurrent.ScheduledThreadPoolExecutor$DelayedWorkQueue.take(ScheduledThreadPoolExecutor.java:809)
        at java.util.concurrent.ThreadPoolExecutor.getTask(ThreadPoolExecutor.java:1074)
        at java.util.concurrent.ThreadPoolExecutor.runWorker(ThreadPoolExecutor.java:1134)
        at java.util.concurrent.ThreadPoolExecutor$Worker.run(ThreadPoolExecutor.java:624)
        at java.lang.Thread.run(Thread.java:750)
"pool-2439-thread-1" daemon prio=5 tid=5313 timed_waiting
java.lang.Thread.State: TIMED_WAITING
        at sun.misc.Unsafe.park(Native Method)
        at java.util.concurrent.locks.LockSupport.parkNanos(LockSupport.java:215)
        at java.util.concurrent.locks.AbstractQueuedSynchronizer$ConditionObject.awaitNanos(AbstractQueuedSynchronizer.java:2078)
        at java.util.concurrent.ScheduledThreadPoolExecutor$DelayedWorkQueue.take(ScheduledThreadPoolExecutor.java:1093)
        at java.util.concurrent.ScheduledThreadPoolExecutor$DelayedWorkQueue.take(ScheduledThreadPoolExecutor.java:809)
        at java.util.concurrent.ThreadPoolExecutor.getTask(ThreadPoolExecutor.java:1074)
        at java.util.concurrent.ThreadPoolExecutor.runWorker(ThreadPoolExecutor.java:1134)
        at java.util.concurrent.ThreadPoolExecutor$Worker.run(ThreadPoolExecutor.java:624)
        at java.lang.Thread.run(Thread.java:750)
"timer0" daemon prio=5 tid=700 timed_waiting
java.lang.Thread.State: TIMED_WAITING
        at java.lang.Object.wait(Native Method)
        at java.util.TimerThread.mainLoop(Timer.java:552)
        at java.util.TimerThread.run(Timer.java:505)
"CommandWatcher-LeaseManager#LeaseMonitor" daemon prio=5 tid=5067 timed_waiting
java.lang.Thread.State: TIMED_WAITING
        at java.lang.Object.wait(Native Method)
        at org.apache.hadoop.ozone.lease.LeaseManager$LeaseMonitor.run(LeaseManager.java:238)
        at java.lang.Thread.run(Thread.java:750)
"Datanode ReportManager Thread - 4" daemon prio=5 tid=4423 in Object.wait()
java.lang.Thread.State: WAITING (on object monitor)
        at sun.misc.Unsafe.park(Native Method)
        at java.util.concurrent.locks.LockSupport.park(LockSupport.java:175)
        at java.util.concurrent.locks.AbstractQueuedSynchronizer$ConditionObject.await(AbstractQueuedSynchronizer.java:2039)
        at java.util.concurrent.ScheduledThreadPoolExecutor$DelayedWorkQueue.take(ScheduledThreadPoolExecutor.java:1088)
        at java.util.concurrent.ScheduledThreadPoolExecutor$DelayedWorkQueue.take(ScheduledThreadPoolExecutor.java:809)
        at java.util.concurrent.ThreadPoolExecutor.getTask(ThreadPoolExecutor.java:1074)
        at java.util.concurrent.ThreadPoolExecutor.runWorker(ThreadPoolExecutor.java:1134)
        at java.util.concurrent.ThreadPoolExecutor$Worker.run(ThreadPoolExecutor.java:624)
        at java.lang.Thread.run(Thread.java:750)
"Command processor thread" daemon prio=5 tid=4621 timed_waiting
java.lang.Thread.State: TIMED_WAITING
        at java.lang.Thread.sleep(Native Method)
        at org.apache.hadoop.ozone.container.common.statemachine.DatanodeStateMachine.lambda$initCommandHandlerThread$3(DatanodeStateMachine.java:641)
        at org.apache.hadoop.ozone.container.common.statemachine.DatanodeStateMachine$$Lambda$787/534002387.run(Unknown Source)
        at java.lang.Thread.run(Thread.java:750)
"ContainerOp-e8dd15d0-68e9-4f12-a7cc-a9df22f54b30-4"  prio=5 tid=5997 in Object.wait()
java.lang.Thread.State: WAITING (on object monitor)
        at sun.misc.Unsafe.park(Native Method)
        at java.util.concurrent.locks.LockSupport.park(LockSupport.java:175)
        at java.util.concurrent.locks.AbstractQueuedSynchronizer$ConditionObject.await(AbstractQueuedSynchronizer.java:2039)
        at java.util.concurrent.LinkedBlockingQueue.take(LinkedBlockingQueue.java:442)
        at java.util.concurrent.ThreadPoolExecutor.getTask(ThreadPoolExecutor.java:1074)
        at java.util.concurrent.ThreadPoolExecutor.runWorker(ThreadPoolExecutor.java:1134)
        at java.util.concurrent.ThreadPoolExecutor$Worker.run(ThreadPoolExecutor.java:624)
        at java.lang.Thread.run(Thread.java:750)
"IPC Server handler 1 on default port 46655" daemon prio=5 tid=5260 timed_waiting
java.lang.Thread.State: TIMED_WAITING
        at sun.misc.Unsafe.park(Native Method)
        at java.util.concurrent.locks.LockSupport.parkNanos(LockSupport.java:215)
        at java.util.concurrent.locks.AbstractQueuedSynchronizer$ConditionObject.awaitNanos(AbstractQueuedSynchronizer.java:2078)
        at java.util.concurrent.LinkedBlockingQueue.poll(LinkedBlockingQueue.java:467)
        at org.apache.hadoop.ipc.CallQueueManager.take(CallQueueManager.java:317)
        at org.apache.hadoop.ipc.Server$Handler.run(Server.java:2942)
"Datanode State Machine Daemon Thread" daemon prio=5 tid=4586 timed_waiting
java.lang.Thread.State: TIMED_WAITING
        at java.lang.Thread.sleep(Native Method)
        at org.apache.hadoop.ozone.container.common.statemachine.DatanodeStateMachine.startStateMachineThread(DatanodeStateMachine.java:321)
        at org.apache.hadoop.ozone.container.common.statemachine.DatanodeStateMachine.lambda$startDaemon$0(DatanodeStateMachine.java:506)
        at org.apache.hadoop.ozone.container.common.statemachine.DatanodeStateMachine$$Lambda$785/1058385645.run(Unknown Source)
        at java.lang.Thread.run(Thread.java:750)
"IPC Server handler 16 on default port 39971" daemon prio=5 tid=6112 timed_waiting
java.lang.Thread.State: TIMED_WAITING
        at sun.misc.Unsafe.park(Native Method)
        at java.util.concurrent.locks.LockSupport.parkNanos(LockSupport.java:215)
        at java.util.concurrent.locks.AbstractQueuedSynchronizer$ConditionObject.awaitNanos(AbstractQueuedSynchronizer.java:2078)
        at java.util.concurrent.LinkedBlockingQueue.poll(LinkedBlockingQueue.java:467)
        at org.apache.hadoop.ipc.CallQueueManager.take(CallQueueManager.java:317)
        at org.apache.hadoop.ipc.Server$Handler.run(Server.java:2942)
"qtp1393491412-5325" daemon prio=5 tid=5325 timed_waiting
java.lang.Thread.State: TIMED_WAITING
        at sun.misc.Unsafe.park(Native Method)
        at java.util.concurrent.locks.LockSupport.parkNanos(LockSupport.java:215)
        at java.util.concurrent.locks.AbstractQueuedSynchronizer$ConditionObject.awaitNanos(AbstractQueuedSynchronizer.java:2078)
        at org.eclipse.jetty.util.BlockingArrayQueue.poll(BlockingArrayQueue.java:382)
        at org.eclipse.jetty.util.thread.QueuedThreadPool$Runner.idleJobPoll(QueuedThreadPool.java:974)
        at org.eclipse.jetty.util.thread.QueuedThreadPool$Runner.run(QueuedThreadPool.java:1018)
        at java.lang.Thread.run(Thread.java:750)
"a4df1cd8-da8f-45ad-a02d-233f4b91e4ac@group-84A159281B42-SegmentedRaftLogWorker"  prio=5 tid=5747 timed_waiting
java.lang.Thread.State: TIMED_WAITING
        at sun.misc.Unsafe.park(Native Method)
        at java.util.concurrent.locks.LockSupport.parkNanos(LockSupport.java:215)
        at java.util.concurrent.locks.AbstractQueuedSynchronizer$ConditionObject.awaitNanos(AbstractQueuedSynchronizer.java:2078)
        at org.apache.ratis.util.DataBlockingQueue.poll(DataBlockingQueue.java:148)
        at org.apache.ratis.server.raftlog.segmented.SegmentedRaftLogWorker.run(SegmentedRaftLogWorker.java:310)
        at org.apache.ratis.server.raftlog.segmented.SegmentedRaftLogWorker$$Lambda$699/1565409370.run(Unknown Source)
        at java.lang.Thread.run(Thread.java:750)
"qtp514050540-5421" daemon prio=5 tid=5421 timed_waiting
java.lang.Thread.State: TIMED_WAITING
        at sun.misc.Unsafe.park(Native Method)
        at java.util.concurrent.locks.LockSupport.parkNanos(LockSupport.java:215)
        at java.util.concurrent.locks.AbstractQueuedSynchronizer$ConditionObject.awaitNanos(AbstractQueuedSynchronizer.java:2078)
        at org.eclipse.jetty.util.BlockingArrayQueue.poll(BlockingArrayQueue.java:382)
        at org.eclipse.jetty.util.thread.QueuedThreadPool$Runner.idleJobPoll(QueuedThreadPool.java:974)
        at org.eclipse.jetty.util.thread.QueuedThreadPool$Runner.run(QueuedThreadPool.java:1018)
        at java.lang.Thread.run(Thread.java:750)
"EventQueue-DatanodeCommandForSCMNodeManager" daemon prio=5 tid=6178 in Object.wait()
java.lang.Thread.State: WAITING (on object monitor)
        at sun.misc.Unsafe.park(Native Method)
        at java.util.concurrent.locks.LockSupport.park(LockSupport.java:175)
        at java.util.concurrent.locks.AbstractQueuedSynchronizer$ConditionObject.await(AbstractQueuedSynchronizer.java:2039)
        at java.util.concurrent.LinkedBlockingQueue.take(LinkedBlockingQueue.java:442)
        at java.util.concurrent.ThreadPoolExecutor.getTask(ThreadPoolExecutor.java:1074)
        at java.util.concurrent.ThreadPoolExecutor.runWorker(ThreadPoolExecutor.java:1134)
        at java.util.concurrent.ThreadPoolExecutor$Worker.run(ThreadPoolExecutor.java:624)
        at java.lang.Thread.run(Thread.java:750)
"org.apache.hadoop.util.JvmPauseMonitor$Monitor@12e3692c" daemon prio=5 tid=4531 timed_waiting
java.lang.Thread.State: TIMED_WAITING
        at java.lang.Thread.sleep(Native Method)
        at org.apache.hadoop.util.JvmPauseMonitor$Monitor.run(JvmPauseMonitor.java:192)
        at java.lang.Thread.run(Thread.java:750)
"Session-HouseKeeper-7f58d199-1"  prio=5 tid=5326 timed_waiting
java.lang.Thread.State: TIMED_WAITING
        at sun.misc.Unsafe.park(Native Method)
        at java.util.concurrent.locks.LockSupport.parkNanos(LockSupport.java:215)
        at java.util.concurrent.locks.AbstractQueuedSynchronizer$ConditionObject.awaitNanos(AbstractQueuedSynchronizer.java:2078)
        at java.util.concurrent.ScheduledThreadPoolExecutor$DelayedWorkQueue.take(ScheduledThreadPoolExecutor.java:1093)
        at java.util.concurrent.ScheduledThreadPoolExecutor$DelayedWorkQueue.take(ScheduledThreadPoolExecutor.java:809)
        at java.util.concurrent.ThreadPoolExecutor.getTask(ThreadPoolExecutor.java:1074)
        at java.util.concurrent.ThreadPoolExecutor.runWorker(ThreadPoolExecutor.java:1134)
        at java.util.concurrent.ThreadPoolExecutor$Worker.run(ThreadPoolExecutor.java:624)
        at java.lang.Thread.run(Thread.java:750)
"BackgroundPipelineScrubberThread" daemon prio=5 tid=6064 timed_waiting
java.lang.Thread.State: TIMED_WAITING
        at java.lang.Object.wait(Native Method)
        at org.apache.hadoop.hdds.scm.ha.BackgroundSCMService.run(BackgroundSCMService.java:110)
        at org.apache.hadoop.hdds.scm.ha.BackgroundSCMService$$Lambda$409/1734120244.run(Unknown Source)
        at java.lang.Thread.run(Thread.java:750)
"StaleRecoveringContainerScrubbingService#1" daemon prio=5 tid=4640 timed_waiting
java.lang.Thread.State: TIMED_WAITING
        at sun.misc.Unsafe.park(Native Method)
        at java.util.concurrent.locks.LockSupport.parkNanos(LockSupport.java:215)
        at java.util.concurrent.locks.AbstractQueuedSynchronizer$ConditionObject.awaitNanos(AbstractQueuedSynchronizer.java:2078)
        at java.util.concurrent.ScheduledThreadPoolExecutor$DelayedWorkQueue.take(ScheduledThreadPoolExecutor.java:1093)
        at java.util.concurrent.ScheduledThreadPoolExecutor$DelayedWorkQueue.take(ScheduledThreadPoolExecutor.java:809)
        at java.util.concurrent.ThreadPoolExecutor.getTask(ThreadPoolExecutor.java:1074)
        at java.util.concurrent.ThreadPoolExecutor.runWorker(ThreadPoolExecutor.java:1134)
        at java.util.concurrent.ThreadPoolExecutor$Worker.run(ThreadPoolExecutor.java:624)
        at java.lang.Thread.run(Thread.java:750)
"IPC Server handler 13 on default port 36229" daemon prio=5 tid=5082 timed_waiting
java.lang.Thread.State: TIMED_WAITING
        at sun.misc.Unsafe.park(Native Method)
        at java.util.concurrent.locks.LockSupport.parkNanos(LockSupport.java:215)
        at java.util.concurrent.locks.AbstractQueuedSynchronizer$ConditionObject.awaitNanos(AbstractQueuedSynchronizer.java:2078)
        at java.util.concurrent.LinkedBlockingQueue.poll(LinkedBlockingQueue.java:467)
        at org.apache.hadoop.ipc.CallQueueManager.take(CallQueueManager.java:317)
        at org.apache.hadoop.ipc.Server$Handler.run(Server.java:2942)
"ContainerOp-e8dd15d0-68e9-4f12-a7cc-a9df22f54b30-2"  prio=5 tid=5985 in Object.wait()
java.lang.Thread.State: WAITING (on object monitor)
        at sun.misc.Unsafe.park(Native Method)
        at java.util.concurrent.locks.LockSupport.park(LockSupport.java:175)
        at java.util.concurrent.locks.AbstractQueuedSynchronizer$ConditionObject.await(AbstractQueuedSynchronizer.java:2039)
        at java.util.concurrent.LinkedBlockingQueue.take(LinkedBlockingQueue.java:442)
        at java.util.concurrent.ThreadPoolExecutor.getTask(ThreadPoolExecutor.java:1074)
        at java.util.concurrent.ThreadPoolExecutor.runWorker(ThreadPoolExecutor.java:1134)
        at java.util.concurrent.ThreadPoolExecutor$Worker.run(ThreadPoolExecutor.java:624)
        at java.lang.Thread.run(Thread.java:750)
"IPC Server handler 10 on default port 41047" daemon prio=5 tid=6149 timed_waiting
java.lang.Thread.State: TIMED_WAITING
        at sun.misc.Unsafe.park(Native Method)
        at java.util.concurrent.locks.LockSupport.parkNanos(LockSupport.java:215)
        at java.util.concurrent.locks.AbstractQueuedSynchronizer$ConditionObject.awaitNanos(AbstractQueuedSynchronizer.java:2078)
        at java.util.concurrent.LinkedBlockingQueue.poll(LinkedBlockingQueue.java:467)
        at org.apache.hadoop.ipc.CallQueueManager.take(CallQueueManager.java:317)
        at org.apache.hadoop.ipc.Server$Handler.run(Server.java:2942)
"IPC Server handler 8 on default port 39971" daemon prio=5 tid=6104 timed_waiting
java.lang.Thread.State: TIMED_WAITING
        at sun.misc.Unsafe.park(Native Method)
        at java.util.concurrent.locks.LockSupport.parkNanos(LockSupport.java:215)
        at java.util.concurrent.locks.AbstractQueuedSynchronizer$ConditionObject.awaitNanos(AbstractQueuedSynchronizer.java:2078)
        at java.util.concurrent.LinkedBlockingQueue.poll(LinkedBlockingQueue.java:467)
        at org.apache.hadoop.ipc.CallQueueManager.take(CallQueueManager.java:317)
        at org.apache.hadoop.ipc.Server$Handler.run(Server.java:2942)
"ChunkReader-ELG-0" daemon prio=5 tid=4753 runnable
java.lang.Thread.State: RUNNABLE
        at org.apache.ratis.thirdparty.io.netty.channel.epoll.Native.epollWait(Native Method)
        at org.apache.ratis.thirdparty.io.netty.channel.epoll.Native.epollWait(Native.java:209)
        at org.apache.ratis.thirdparty.io.netty.channel.epoll.Native.epollWait(Native.java:202)
        at org.apache.ratis.thirdparty.io.netty.channel.epoll.EpollEventLoop.epollWaitNoTimerChange(EpollEventLoop.java:294)
        at org.apache.ratis.thirdparty.io.netty.channel.epoll.EpollEventLoop.run(EpollEventLoop.java:351)
        at org.apache.ratis.thirdparty.io.netty.util.concurrent.SingleThreadEventExecutor$4.run(SingleThreadEventExecutor.java:995)
        at org.apache.ratis.thirdparty.io.netty.util.internal.ThreadExecutorMap$2.run(ThreadExecutorMap.java:74)
        at java.lang.Thread.run(Thread.java:750)
"qtp1393491412-5318" daemon prio=5 tid=5318 runnable
java.lang.Thread.State: RUNNABLE
        at sun.nio.ch.EPollArrayWrapper.epollWait(Native Method)
        at sun.nio.ch.EPollArrayWrapper.poll(EPollArrayWrapper.java:269)
        at sun.nio.ch.EPollSelectorImpl.doSelect(EPollSelectorImpl.java:93)
        at sun.nio.ch.SelectorImpl.lockAndDoSelect(SelectorImpl.java:86)
        at sun.nio.ch.SelectorImpl.select(SelectorImpl.java:97)
        at sun.nio.ch.SelectorImpl.select(SelectorImpl.java:101)
        at org.eclipse.jetty.io.ManagedSelector.nioSelect(ManagedSelector.java:183)
        at org.eclipse.jetty.io.ManagedSelector.select(ManagedSelector.java:190)
        at org.eclipse.jetty.io.ManagedSelector$SelectorProducer.select(ManagedSelector.java:606)
        at org.eclipse.jetty.io.ManagedSelector$SelectorProducer.produce(ManagedSelector.java:543)
        at org.eclipse.jetty.util.thread.strategy.EatWhatYouKill.produceTask(EatWhatYouKill.java:362)
        at org.eclipse.jetty.util.thread.strategy.EatWhatYouKill.doProduce(EatWhatYouKill.java:186)
        at org.eclipse.jetty.util.thread.strategy.EatWhatYouKill.tryProduce(EatWhatYouKill.java:173)
        at org.eclipse.jetty.util.thread.strategy.EatWhatYouKill.produce(EatWhatYouKill.java:137)
        at org.eclipse.jetty.io.ManagedSelector$$Lambda$480/780706792.run(Unknown Source)
        at org.eclipse.jetty.util.thread.QueuedThreadPool.runJob(QueuedThreadPool.java:883)
        at org.eclipse.jetty.util.thread.QueuedThreadPool$Runner.run(QueuedThreadPool.java:1034)
        at java.lang.Thread.run(Thread.java:750)
"ContainerOp-e8dd15d0-68e9-4f12-a7cc-a9df22f54b30-8"  prio=5 tid=6030 in Object.wait()
java.lang.Thread.State: WAITING (on object monitor)
        at sun.misc.Unsafe.park(Native Method)
        at java.util.concurrent.locks.LockSupport.park(LockSupport.java:175)
        at java.util.concurrent.locks.AbstractQueuedSynchronizer$ConditionObject.await(AbstractQueuedSynchronizer.java:2039)
        at java.util.concurrent.LinkedBlockingQueue.take(LinkedBlockingQueue.java:442)
        at java.util.concurrent.ThreadPoolExecutor.getTask(ThreadPoolExecutor.java:1074)
        at java.util.concurrent.ThreadPoolExecutor.runWorker(ThreadPoolExecutor.java:1134)
        at java.util.concurrent.ThreadPoolExecutor$Worker.run(ThreadPoolExecutor.java:624)
        at java.lang.Thread.run(Thread.java:750)
"ChunkWriter-1-0" daemon prio=5 tid=5393 in Object.wait()
java.lang.Thread.State: WAITING (on object monitor)
        at sun.misc.Unsafe.park(Native Method)
        at java.util.concurrent.locks.LockSupport.park(LockSupport.java:175)
        at java.util.concurrent.locks.AbstractQueuedSynchronizer$ConditionObject.await(AbstractQueuedSynchronizer.java:2039)
        at java.util.concurrent.LinkedBlockingDeque.takeFirst(LinkedBlockingDeque.java:492)
        at java.util.concurrent.LinkedBlockingDeque.take(LinkedBlockingDeque.java:680)
        at java.util.concurrent.ThreadPoolExecutor.getTask(ThreadPoolExecutor.java:1074)
        at java.util.concurrent.ThreadPoolExecutor.runWorker(ThreadPoolExecutor.java:1134)
        at java.util.concurrent.ThreadPoolExecutor$Worker.run(ThreadPoolExecutor.java:624)
        at java.lang.Thread.run(Thread.java:750)
"qtp331051599-5380" daemon prio=5 tid=5380 timed_waiting
java.lang.Thread.State: TIMED_WAITING
        at sun.misc.Unsafe.park(Native Method)
        at java.util.concurrent.locks.LockSupport.parkNanos(LockSupport.java:215)
        at java.util.concurrent.locks.AbstractQueuedSynchronizer$ConditionObject.awaitNanos(AbstractQueuedSynchronizer.java:2078)
        at org.eclipse.jetty.util.BlockingArrayQueue.poll(BlockingArrayQueue.java:382)
        at org.eclipse.jetty.util.thread.QueuedThreadPool$Runner.idleJobPoll(QueuedThreadPool.java:974)
        at org.eclipse.jetty.util.thread.QueuedThreadPool$Runner.run(QueuedThreadPool.java:1018)
        at java.lang.Thread.run(Thread.java:750)
"IPC Server handler 12 on default port 41047" daemon prio=5 tid=6151 timed_waiting
java.lang.Thread.State: TIMED_WAITING
        at sun.misc.Unsafe.park(Native Method)
        at java.util.concurrent.locks.LockSupport.parkNanos(LockSupport.java:215)
        at java.util.concurrent.locks.AbstractQueuedSynchronizer$ConditionObject.awaitNanos(AbstractQueuedSynchronizer.java:2078)
        at java.util.concurrent.LinkedBlockingQueue.poll(LinkedBlockingQueue.java:467)
        at org.apache.hadoop.ipc.CallQueueManager.take(CallQueueManager.java:317)
        at org.apache.hadoop.ipc.Server$Handler.run(Server.java:2942)
"Datanode State Machine Task Thread - 0"  prio=5 tid=4594 in Object.wait()
java.lang.Thread.State: WAITING (on object monitor)
        at sun.misc.Unsafe.park(Native Method)
        at java.util.concurrent.locks.LockSupport.park(LockSupport.java:175)
        at java.util.concurrent.locks.AbstractQueuedSynchronizer$ConditionObject.await(AbstractQueuedSynchronizer.java:2039)
        at java.util.concurrent.LinkedBlockingQueue.take(LinkedBlockingQueue.java:442)
        at java.util.concurrent.ThreadPoolExecutor.getTask(ThreadPoolExecutor.java:1074)
        at java.util.concurrent.ThreadPoolExecutor.runWorker(ThreadPoolExecutor.java:1134)
        at java.util.concurrent.ThreadPoolExecutor$Worker.run(ThreadPoolExecutor.java:624)
        at java.lang.Thread.run(Thread.java:750)
"grpc-default-executor-10" daemon prio=5 tid=2862 timed_waiting
java.lang.Thread.State: TIMED_WAITING
        at sun.misc.Unsafe.park(Native Method)
        at java.util.concurrent.locks.LockSupport.parkNanos(LockSupport.java:215)
        at java.util.concurrent.SynchronousQueue$TransferStack.awaitFulfill(SynchronousQueue.java:460)
        at java.util.concurrent.SynchronousQueue$TransferStack.transfer(SynchronousQueue.java:362)
        at java.util.concurrent.SynchronousQueue.poll(SynchronousQueue.java:941)
        at java.util.concurrent.ThreadPoolExecutor.getTask(ThreadPoolExecutor.java:1073)
        at java.util.concurrent.ThreadPoolExecutor.runWorker(ThreadPoolExecutor.java:1134)
        at java.util.concurrent.ThreadPoolExecutor$Worker.run(ThreadPoolExecutor.java:624)
        at java.lang.Thread.run(Thread.java:750)
"Datanode ReportManager Thread - 1" daemon prio=5 tid=5331 in Object.wait()
java.lang.Thread.State: WAITING (on object monitor)
        at sun.misc.Unsafe.park(Native Method)
        at java.util.concurrent.locks.LockSupport.park(LockSupport.java:175)
        at java.util.concurrent.locks.AbstractQueuedSynchronizer$ConditionObject.await(AbstractQueuedSynchronizer.java:2039)
        at java.util.concurrent.ScheduledThreadPoolExecutor$DelayedWorkQueue.take(ScheduledThreadPoolExecutor.java:1088)
        at java.util.concurrent.ScheduledThreadPoolExecutor$DelayedWorkQueue.take(ScheduledThreadPoolExecutor.java:809)
        at java.util.concurrent.ThreadPoolExecutor.getTask(ThreadPoolExecutor.java:1074)
        at java.util.concurrent.ThreadPoolExecutor.runWorker(ThreadPoolExecutor.java:1134)
        at java.util.concurrent.ThreadPoolExecutor$Worker.run(ThreadPoolExecutor.java:624)
        at java.lang.Thread.run(Thread.java:750)
"IPC Server handler 9 on default port 33459" daemon prio=5 tid=4367 timed_waiting
java.lang.Thread.State: TIMED_WAITING
        at sun.misc.Unsafe.park(Native Method)
        at java.util.concurrent.locks.LockSupport.parkNanos(LockSupport.java:215)
        at java.util.concurrent.locks.AbstractQueuedSynchronizer$ConditionObject.awaitNanos(AbstractQueuedSynchronizer.java:2078)
        at java.util.concurrent.LinkedBlockingQueue.poll(LinkedBlockingQueue.java:467)
        at org.apache.hadoop.ipc.CallQueueManager.take(CallQueueManager.java:317)
        at org.apache.hadoop.ipc.Server$Handler.run(Server.java:2942)
"ContainerOp-e8dd15d0-68e9-4f12-a7cc-a9df22f54b30-1"  prio=5 tid=5972 in Object.wait()
java.lang.Thread.State: WAITING (on object monitor)
        at sun.misc.Unsafe.park(Native Method)
        at java.util.concurrent.locks.LockSupport.park(LockSupport.java:175)
        at java.util.concurrent.locks.AbstractQueuedSynchronizer$ConditionObject.await(AbstractQueuedSynchronizer.java:2039)
        at java.util.concurrent.LinkedBlockingQueue.take(LinkedBlockingQueue.java:442)
        at java.util.concurrent.ThreadPoolExecutor.getTask(ThreadPoolExecutor.java:1074)
        at java.util.concurrent.ThreadPoolExecutor.runWorker(ThreadPoolExecutor.java:1134)
        at java.util.concurrent.ThreadPoolExecutor$Worker.run(ThreadPoolExecutor.java:624)
        at java.lang.Thread.run(Thread.java:750)
"qtp1777947850-5140" daemon prio=5 tid=5140 timed_waiting
java.lang.Thread.State: TIMED_WAITING
        at sun.misc.Unsafe.park(Native Method)
        at java.util.concurrent.locks.LockSupport.parkNanos(LockSupport.java:215)
        at java.util.concurrent.locks.AbstractQueuedSynchronizer$ConditionObject.awaitNanos(AbstractQueuedSynchronizer.java:2078)
        at org.eclipse.jetty.util.BlockingArrayQueue.poll(BlockingArrayQueue.java:382)
        at org.eclipse.jetty.util.thread.QueuedThreadPool$Runner.idleJobPoll(QueuedThreadPool.java:974)
        at org.eclipse.jetty.util.thread.QueuedThreadPool$Runner.run(QueuedThreadPool.java:1018)
        at java.lang.Thread.run(Thread.java:750)
"BlockDeletingService#1" daemon prio=5 tid=4676 in Object.wait()
java.lang.Thread.State: WAITING (on object monitor)
        at sun.misc.Unsafe.park(Native Method)
        at java.util.concurrent.locks.LockSupport.park(LockSupport.java:175)
        at java.util.concurrent.locks.AbstractQueuedSynchronizer$ConditionObject.await(AbstractQueuedSynchronizer.java:2039)
        at java.util.concurrent.ScheduledThreadPoolExecutor$DelayedWorkQueue.take(ScheduledThreadPoolExecutor.java:1088)
        at java.util.concurrent.ScheduledThreadPoolExecutor$DelayedWorkQueue.take(ScheduledThreadPoolExecutor.java:809)
        at java.util.concurrent.ThreadPoolExecutor.getTask(ThreadPoolExecutor.java:1074)
        at java.util.concurrent.ThreadPoolExecutor.runWorker(ThreadPoolExecutor.java:1134)
        at java.util.concurrent.ThreadPoolExecutor$Worker.run(ThreadPoolExecutor.java:624)
        at java.lang.Thread.run(Thread.java:750)
"Datanode ReportManager Thread - 0" daemon prio=5 tid=4616 in Object.wait()
java.lang.Thread.State: WAITING (on object monitor)
        at sun.misc.Unsafe.park(Native Method)
        at java.util.concurrent.locks.LockSupport.park(LockSupport.java:175)
        at java.util.concurrent.locks.AbstractQueuedSynchronizer$ConditionObject.await(AbstractQueuedSynchronizer.java:2039)
        at java.util.concurrent.ScheduledThreadPoolExecutor$DelayedWorkQueue.take(ScheduledThreadPoolExecutor.java:1088)
        at java.util.concurrent.ScheduledThreadPoolExecutor$DelayedWorkQueue.take(ScheduledThreadPoolExecutor.java:809)
        at java.util.concurrent.ThreadPoolExecutor.getTask(ThreadPoolExecutor.java:1074)
        at java.util.concurrent.ThreadPoolExecutor.runWorker(ThreadPoolExecutor.java:1134)
        at java.util.concurrent.ThreadPoolExecutor$Worker.run(ThreadPoolExecutor.java:624)
        at java.lang.Thread.run(Thread.java:750)
"Datanode ReportManager Thread - 0" daemon prio=5 tid=4492 in Object.wait()
java.lang.Thread.State: WAITING (on object monitor)
        at sun.misc.Unsafe.park(Native Method)
        at java.util.concurrent.locks.LockSupport.park(LockSupport.java:175)
        at java.util.concurrent.locks.AbstractQueuedSynchronizer$ConditionObject.await(AbstractQueuedSynchronizer.java:2039)
        at java.util.concurrent.ScheduledThreadPoolExecutor$DelayedWorkQueue.take(ScheduledThreadPoolExecutor.java:1088)
        at java.util.concurrent.ScheduledThreadPoolExecutor$DelayedWorkQueue.take(ScheduledThreadPoolExecutor.java:809)
        at java.util.concurrent.ThreadPoolExecutor.getTask(ThreadPoolExecutor.java:1074)
        at java.util.concurrent.ThreadPoolExecutor.runWorker(ThreadPoolExecutor.java:1134)
        at java.util.concurrent.ThreadPoolExecutor$Worker.run(ThreadPoolExecutor.java:624)
        at java.lang.Thread.run(Thread.java:750)
"EndpointStateMachine task thread for /0.0.0.0:37589 - 0 "  prio=5 tid=5535 in Object.wait()
java.lang.Thread.State: WAITING (on object monitor)
        at sun.misc.Unsafe.park(Native Method)
        at java.util.concurrent.locks.LockSupport.park(LockSupport.java:175)
        at java.util.concurrent.locks.AbstractQueuedSynchronizer$ConditionObject.await(AbstractQueuedSynchronizer.java:2039)
        at java.util.concurrent.LinkedBlockingQueue.take(LinkedBlockingQueue.java:442)
        at java.util.concurrent.ThreadPoolExecutor.getTask(ThreadPoolExecutor.java:1074)
        at java.util.concurrent.ThreadPoolExecutor.runWorker(ThreadPoolExecutor.java:1134)
        at java.util.concurrent.ThreadPoolExecutor$Worker.run(ThreadPoolExecutor.java:624)
        at java.lang.Thread.run(Thread.java:750)
"IPC Server handler 19 on default port 37589" daemon prio=5 tid=5129 timed_waiting
java.lang.Thread.State: TIMED_WAITING
        at sun.misc.Unsafe.park(Native Method)
        at java.util.concurrent.locks.LockSupport.parkNanos(LockSupport.java:215)
        at java.util.concurrent.locks.AbstractQueuedSynchronizer$ConditionObject.awaitNanos(AbstractQueuedSynchronizer.java:2078)
        at java.util.concurrent.LinkedBlockingQueue.poll(LinkedBlockingQueue.java:467)
        at org.apache.hadoop.ipc.CallQueueManager.take(CallQueueManager.java:317)
        at org.apache.hadoop.ipc.Server$Handler.run(Server.java:2942)
"qtp1689937595-4547" daemon prio=5 tid=4547 timed_waiting
java.lang.Thread.State: TIMED_WAITING
        at sun.misc.Unsafe.park(Native Method)
        at java.util.concurrent.locks.LockSupport.parkNanos(LockSupport.java:215)
        at java.util.concurrent.locks.AbstractQueuedSynchronizer$ConditionObject.awaitNanos(AbstractQueuedSynchronizer.java:2078)
        at org.eclipse.jetty.util.BlockingArrayQueue.poll(BlockingArrayQueue.java:382)
        at org.eclipse.jetty.util.thread.QueuedThreadPool$Runner.idleJobPoll(QueuedThreadPool.java:974)
        at org.eclipse.jetty.util.thread.QueuedThreadPool$Runner.run(QueuedThreadPool.java:1018)
        at java.lang.Thread.run(Thread.java:750)
"ChunkWriter-3-0" daemon prio=5 tid=5563 in Object.wait()
java.lang.Thread.State: WAITING (on object monitor)
        at sun.misc.Unsafe.park(Native Method)
        at java.util.concurrent.locks.LockSupport.park(LockSupport.java:175)
        at java.util.concurrent.locks.AbstractQueuedSynchronizer$ConditionObject.await(AbstractQueuedSynchronizer.java:2039)
        at java.util.concurrent.LinkedBlockingDeque.takeFirst(LinkedBlockingDeque.java:492)
        at java.util.concurrent.LinkedBlockingDeque.take(LinkedBlockingDeque.java:680)
        at java.util.concurrent.ThreadPoolExecutor.getTask(ThreadPoolExecutor.java:1074)
        at java.util.concurrent.ThreadPoolExecutor.runWorker(ThreadPoolExecutor.java:1134)
        at java.util.concurrent.ThreadPoolExecutor$Worker.run(ThreadPoolExecutor.java:624)
        at java.lang.Thread.run(Thread.java:750)
"PartialTableCache Cleanup Thread - 0" daemon prio=5 tid=2708 in Object.wait()
java.lang.Thread.State: WAITING (on object monitor)
        at sun.misc.Unsafe.park(Native Method)
        at java.util.concurrent.locks.LockSupport.park(LockSupport.java:175)
        at java.util.concurrent.locks.AbstractQueuedSynchronizer$ConditionObject.await(AbstractQueuedSynchronizer.java:2039)
        at java.util.concurrent.LinkedBlockingQueue.take(LinkedBlockingQueue.java:442)
        at java.util.concurrent.ThreadPoolExecutor.getTask(ThreadPoolExecutor.java:1074)
        at java.util.concurrent.ThreadPoolExecutor.runWorker(ThreadPoolExecutor.java:1134)
        at java.util.concurrent.ThreadPoolExecutor$Worker.run(ThreadPoolExecutor.java:624)
        at java.lang.Thread.run(Thread.java:750)
"IPC Server handler 0 on default port 37589" daemon prio=5 tid=5110 timed_waiting
java.lang.Thread.State: TIMED_WAITING
        at sun.misc.Unsafe.park(Native Method)
        at java.util.concurrent.locks.LockSupport.parkNanos(LockSupport.java:215)
        at java.util.concurrent.locks.AbstractQueuedSynchronizer$ConditionObject.awaitNanos(AbstractQueuedSynchronizer.java:2078)
        at java.util.concurrent.LinkedBlockingQueue.poll(LinkedBlockingQueue.java:467)
        at org.apache.hadoop.ipc.CallQueueManager.take(CallQueueManager.java:317)
        at org.apache.hadoop.ipc.Server$Handler.run(Server.java:2942)
"Datanode ReportManager Thread - 2" daemon prio=5 tid=5332 timed_waiting
java.lang.Thread.State: TIMED_WAITING
        at sun.misc.Unsafe.park(Native Method)
        at java.util.concurrent.locks.LockSupport.parkNanos(LockSupport.java:215)
        at java.util.concurrent.locks.AbstractQueuedSynchronizer$ConditionObject.awaitNanos(AbstractQueuedSynchronizer.java:2078)
        at java.util.concurrent.ScheduledThreadPoolExecutor$DelayedWorkQueue.take(ScheduledThreadPoolExecutor.java:1093)
        at java.util.concurrent.ScheduledThreadPoolExecutor$DelayedWorkQueue.take(ScheduledThreadPoolExecutor.java:809)
        at java.util.concurrent.ThreadPoolExecutor.getTask(ThreadPoolExecutor.java:1074)
        at java.util.concurrent.ThreadPoolExecutor.runWorker(ThreadPoolExecutor.java:1134)
        at java.util.concurrent.ThreadPoolExecutor$Worker.run(ThreadPoolExecutor.java:624)
        at java.lang.Thread.run(Thread.java:750)
"BlockDeletingService#2" daemon prio=5 tid=6192 in Object.wait()
java.lang.Thread.State: WAITING (on object monitor)
        at sun.misc.Unsafe.park(Native Method)
        at java.util.concurrent.locks.LockSupport.park(LockSupport.java:175)
        at java.util.concurrent.locks.AbstractQueuedSynchronizer$ConditionObject.await(AbstractQueuedSynchronizer.java:2039)
        at java.util.concurrent.ScheduledThreadPoolExecutor$DelayedWorkQueue.take(ScheduledThreadPoolExecutor.java:1088)
        at java.util.concurrent.ScheduledThreadPoolExecutor$DelayedWorkQueue.take(ScheduledThreadPoolExecutor.java:809)
        at java.util.concurrent.ThreadPoolExecutor.getTask(ThreadPoolExecutor.java:1074)
        at java.util.concurrent.ThreadPoolExecutor.runWorker(ThreadPoolExecutor.java:1134)
        at java.util.concurrent.ThreadPoolExecutor$Worker.run(ThreadPoolExecutor.java:624)
        at java.lang.Thread.run(Thread.java:750)
"IPC Server handler 3 on default port 46655" daemon prio=5 tid=5262 timed_waiting
java.lang.Thread.State: TIMED_WAITING
        at sun.misc.Unsafe.park(Native Method)
        at java.util.concurrent.locks.LockSupport.parkNanos(LockSupport.java:215)
        at java.util.concurrent.locks.AbstractQueuedSynchronizer$ConditionObject.awaitNanos(AbstractQueuedSynchronizer.java:2078)
        at java.util.concurrent.LinkedBlockingQueue.poll(LinkedBlockingQueue.java:467)
        at org.apache.hadoop.ipc.CallQueueManager.take(CallQueueManager.java:317)
        at org.apache.hadoop.ipc.Server$Handler.run(Server.java:2942)
"Reference Handler" daemon prio=10 tid=2 in Object.wait()
java.lang.Thread.State: WAITING (on object monitor)
        at java.lang.Object.wait(Native Method)
        at java.lang.Object.wait(Object.java:502)
        at java.lang.ref.Reference.tryHandlePending(Reference.java:191)
        at java.lang.ref.Reference$ReferenceHandler.run(Reference.java:153)
"IPC Server handler 10 on default port 39971" daemon prio=5 tid=6106 timed_waiting
java.lang.Thread.State: TIMED_WAITING
        at sun.misc.Unsafe.park(Native Method)
        at java.util.concurrent.locks.LockSupport.parkNanos(LockSupport.java:215)
        at java.util.concurrent.locks.AbstractQueuedSynchronizer$ConditionObject.awaitNanos(AbstractQueuedSynchronizer.java:2078)
        at java.util.concurrent.LinkedBlockingQueue.poll(LinkedBlockingQueue.java:467)
        at org.apache.hadoop.ipc.CallQueueManager.take(CallQueueManager.java:317)
        at org.apache.hadoop.ipc.Server$Handler.run(Server.java:2942)
"qtp1707098790-4606" daemon prio=5 tid=4606 runnable
java.lang.Thread.State: RUNNABLE
        at sun.nio.ch.EPollArrayWrapper.epollWait(Native Method)
        at sun.nio.ch.EPollArrayWrapper.poll(EPollArrayWrapper.java:269)
        at sun.nio.ch.EPollSelectorImpl.doSelect(EPollSelectorImpl.java:93)
        at sun.nio.ch.SelectorImpl.lockAndDoSelect(SelectorImpl.java:86)
        at sun.nio.ch.SelectorImpl.select(SelectorImpl.java:97)
        at sun.nio.ch.SelectorImpl.select(SelectorImpl.java:101)
        at org.eclipse.jetty.io.ManagedSelector.nioSelect(ManagedSelector.java:183)
        at org.eclipse.jetty.io.ManagedSelector.select(ManagedSelector.java:190)
        at org.eclipse.jetty.io.ManagedSelector$SelectorProducer.select(ManagedSelector.java:606)
        at org.eclipse.jetty.io.ManagedSelector$SelectorProducer.produce(ManagedSelector.java:543)
        at org.eclipse.jetty.util.thread.strategy.EatWhatYouKill.produceTask(EatWhatYouKill.java:362)
        at org.eclipse.jetty.util.thread.strategy.EatWhatYouKill.doProduce(EatWhatYouKill.java:186)
        at org.eclipse.jetty.util.thread.strategy.EatWhatYouKill.tryProduce(EatWhatYouKill.java:173)
        at org.eclipse.jetty.util.thread.strategy.EatWhatYouKill.produce(EatWhatYouKill.java:137)
        at org.eclipse.jetty.io.ManagedSelector$$Lambda$480/780706792.run(Unknown Source)
        at org.eclipse.jetty.util.thread.QueuedThreadPool.runJob(QueuedThreadPool.java:883)
        at org.eclipse.jetty.util.thread.QueuedThreadPool$Runner.run(QueuedThreadPool.java:1034)
        at java.lang.Thread.run(Thread.java:750)
"1787d8bf-f3dc-4880-8863-743d3d33b765@group-5D57238A5754-SegmentedRaftLogWorker"  prio=5 tid=5723 timed_waiting
java.lang.Thread.State: TIMED_WAITING
        at sun.misc.Unsafe.park(Native Method)
        at java.util.concurrent.locks.LockSupport.parkNanos(LockSupport.java:215)
        at java.util.concurrent.locks.AbstractQueuedSynchronizer$ConditionObject.awaitNanos(AbstractQueuedSynchronizer.java:2078)
        at org.apache.ratis.util.DataBlockingQueue.poll(DataBlockingQueue.java:148)
        at org.apache.ratis.server.raftlog.segmented.SegmentedRaftLogWorker.run(SegmentedRaftLogWorker.java:310)
        at org.apache.ratis.server.raftlog.segmented.SegmentedRaftLogWorker$$Lambda$699/1565409370.run(Unknown Source)
        at java.lang.Thread.run(Thread.java:750)
"Datanode ReportManager Thread - 3" daemon prio=5 tid=4495 in Object.wait()
java.lang.Thread.State: WAITING (on object monitor)
        at sun.misc.Unsafe.park(Native Method)
        at java.util.concurrent.locks.LockSupport.park(LockSupport.java:175)
        at java.util.concurrent.locks.AbstractQueuedSynchronizer$ConditionObject.await(AbstractQueuedSynchronizer.java:2039)
        at java.util.concurrent.ScheduledThreadPoolExecutor$DelayedWorkQueue.take(ScheduledThreadPoolExecutor.java:1088)
        at java.util.concurrent.ScheduledThreadPoolExecutor$DelayedWorkQueue.take(ScheduledThreadPoolExecutor.java:809)
        at java.util.concurrent.ThreadPoolExecutor.getTask(ThreadPoolExecutor.java:1074)
        at java.util.concurrent.ThreadPoolExecutor.runWorker(ThreadPoolExecutor.java:1134)
        at java.util.concurrent.ThreadPoolExecutor$Worker.run(ThreadPoolExecutor.java:624)
        at java.lang.Thread.run(Thread.java:750)
"IPC Server handler 13 on default port 37589" daemon prio=5 tid=5123 timed_waiting
java.lang.Thread.State: TIMED_WAITING
        at sun.misc.Unsafe.park(Native Method)
        at java.util.concurrent.locks.LockSupport.parkNanos(LockSupport.java:215)
        at java.util.concurrent.locks.AbstractQueuedSynchronizer$ConditionObject.awaitNanos(AbstractQueuedSynchronizer.java:2078)
        at java.util.concurrent.LinkedBlockingQueue.poll(LinkedBlockingQueue.java:467)
        at org.apache.hadoop.ipc.CallQueueManager.take(CallQueueManager.java:317)
        at org.apache.hadoop.ipc.Server$Handler.run(Server.java:2942)
"IPC Server handler 1 on default port 37589" daemon prio=5 tid=5111 timed_waiting
java.lang.Thread.State: TIMED_WAITING
        at sun.misc.Unsafe.park(Native Method)
        at java.util.concurrent.locks.LockSupport.parkNanos(LockSupport.java:215)
        at java.util.concurrent.locks.AbstractQueuedSynchronizer$ConditionObject.awaitNanos(AbstractQueuedSynchronizer.java:2078)
        at java.util.concurrent.LinkedBlockingQueue.poll(LinkedBlockingQueue.java:467)
        at org.apache.hadoop.ipc.CallQueueManager.take(CallQueueManager.java:317)
        at org.apache.hadoop.ipc.Server$Handler.run(Server.java:2942)
"StaleRecoveringContainerScrubbingService#1" daemon prio=5 tid=5545 in Object.wait()
java.lang.Thread.State: WAITING (on object monitor)
        at sun.misc.Unsafe.park(Native Method)
        at java.util.concurrent.locks.LockSupport.park(LockSupport.java:175)
        at java.util.concurrent.locks.AbstractQueuedSynchronizer$ConditionObject.await(AbstractQueuedSynchronizer.java:2039)
        at java.util.concurrent.ScheduledThreadPoolExecutor$DelayedWorkQueue.take(ScheduledThreadPoolExecutor.java:1088)
        at java.util.concurrent.ScheduledThreadPoolExecutor$DelayedWorkQueue.take(ScheduledThreadPoolExecutor.java:809)
        at java.util.concurrent.ThreadPoolExecutor.getTask(ThreadPoolExecutor.java:1074)
        at java.util.concurrent.ThreadPoolExecutor.runWorker(ThreadPoolExecutor.java:1134)
        at java.util.concurrent.ThreadPoolExecutor$Worker.run(ThreadPoolExecutor.java:624)
        at java.lang.Thread.run(Thread.java:750)
"a4df1cd8-da8f-45ad-a02d-233f4b91e4ac@group-84A159281B42-FollowerState" daemon prio=5 tid=5928 timed_waiting
java.lang.Thread.State: TIMED_WAITING
        at java.lang.Thread.sleep(Native Method)
        at java.lang.Thread.sleep(Thread.java:342)
        at java.util.concurrent.TimeUnit.sleep(TimeUnit.java:386)
        at org.apache.ratis.util.TimeDuration.sleep(TimeDuration.java:325)
        at org.apache.ratis.util.TimeDuration.sleep(TimeDuration.java:310)
        at org.apache.ratis.server.impl.FollowerState.run(FollowerState.java:128)
"Session-HouseKeeper-7eef7bc7-1"  prio=5 tid=4353 timed_waiting
java.lang.Thread.State: TIMED_WAITING
        at sun.misc.Unsafe.park(Native Method)
        at java.util.concurrent.locks.LockSupport.parkNanos(LockSupport.java:215)
        at java.util.concurrent.locks.AbstractQueuedSynchronizer$ConditionObject.awaitNanos(AbstractQueuedSynchronizer.java:2078)
        at java.util.concurrent.ScheduledThreadPoolExecutor$DelayedWorkQueue.take(ScheduledThreadPoolExecutor.java:1093)
        at java.util.concurrent.ScheduledThreadPoolExecutor$DelayedWorkQueue.take(ScheduledThreadPoolExecutor.java:809)
        at java.util.concurrent.ThreadPoolExecutor.getTask(ThreadPoolExecutor.java:1074)
        at java.util.concurrent.ThreadPoolExecutor.runWorker(ThreadPoolExecutor.java:1134)
        at java.util.concurrent.ThreadPoolExecutor$Worker.run(ThreadPoolExecutor.java:624)
        at java.lang.Thread.run(Thread.java:750)
"IPC Server handler 9 on default port 39971" daemon prio=5 tid=6105 timed_waiting
java.lang.Thread.State: TIMED_WAITING
        at sun.misc.Unsafe.park(Native Method)
        at java.util.concurrent.locks.LockSupport.parkNanos(LockSupport.java:215)
        at java.util.concurrent.locks.AbstractQueuedSynchronizer$ConditionObject.awaitNanos(AbstractQueuedSynchronizer.java:2078)
        at java.util.concurrent.LinkedBlockingQueue.poll(LinkedBlockingQueue.java:467)
        at org.apache.hadoop.ipc.CallQueueManager.take(CallQueueManager.java:317)
        at org.apache.hadoop.ipc.Server$Handler.run(Server.java:2942)
"org.apache.hadoop.util.JvmPauseMonitor$Monitor@334bb857" daemon prio=5 tid=5511 timed_waiting
java.lang.Thread.State: TIMED_WAITING
        at java.lang.Thread.sleep(Native Method)
        at org.apache.hadoop.util.JvmPauseMonitor$Monitor.run(JvmPauseMonitor.java:192)
        at java.lang.Thread.run(Thread.java:750)
"JvmPauseMonitor58" daemon prio=5 tid=5576 timed_waiting
java.lang.Thread.State: TIMED_WAITING
        at java.lang.Thread.sleep(Native Method)
        at java.lang.Thread.sleep(Thread.java:342)
        at java.util.concurrent.TimeUnit.sleep(TimeUnit.java:386)
        at org.apache.ratis.util.TimeDuration.sleep(TimeDuration.java:325)
        at org.apache.ratis.util.TimeDuration.sleep(TimeDuration.java:310)
        at org.apache.ratis.util.JvmPauseMonitor.detectPause(JvmPauseMonitor.java:119)
        at org.apache.ratis.util.JvmPauseMonitor.run(JvmPauseMonitor.java:108)
        at org.apache.ratis.util.JvmPauseMonitor$$Lambda$740/613108676.run(Unknown Source)
        at java.lang.Thread.run(Thread.java:750)
"ContainerOp-e8dd15d0-68e9-4f12-a7cc-a9df22f54b30-8"  prio=5 tid=6028 in Object.wait()
java.lang.Thread.State: WAITING (on object monitor)
        at sun.misc.Unsafe.park(Native Method)
        at java.util.concurrent.locks.LockSupport.park(LockSupport.java:175)
        at java.util.concurrent.locks.AbstractQueuedSynchronizer$ConditionObject.await(AbstractQueuedSynchronizer.java:2039)
        at java.util.concurrent.LinkedBlockingQueue.take(LinkedBlockingQueue.java:442)
        at java.util.concurrent.ThreadPoolExecutor.getTask(ThreadPoolExecutor.java:1074)
        at java.util.concurrent.ThreadPoolExecutor.runWorker(ThreadPoolExecutor.java:1134)
        at java.util.concurrent.ThreadPoolExecutor$Worker.run(ThreadPoolExecutor.java:624)
        at java.lang.Thread.run(Thread.java:750)
"c5d39dfa-102e-4c5e-b3d6-9bc931d9b70d-impl-thread1"  prio=5 tid=5480 timed_waiting
java.lang.Thread.State: TIMED_WAITING
        at sun.misc.Unsafe.park(Native Method)
        at java.util.concurrent.locks.LockSupport.parkNanos(LockSupport.java:215)
        at java.util.concurrent.SynchronousQueue$TransferStack.awaitFulfill(SynchronousQueue.java:460)
        at java.util.concurrent.SynchronousQueue$TransferStack.transfer(SynchronousQueue.java:362)
        at java.util.concurrent.SynchronousQueue.poll(SynchronousQueue.java:941)
        at java.util.concurrent.ThreadPoolExecutor.getTask(ThreadPoolExecutor.java:1073)
        at java.util.concurrent.ThreadPoolExecutor.runWorker(ThreadPoolExecutor.java:1134)
        at java.util.concurrent.ThreadPoolExecutor$Worker.run(ThreadPoolExecutor.java:624)
        at java.lang.Thread.run(Thread.java:750)
"ContainerOp-e8dd15d0-68e9-4f12-a7cc-a9df22f54b30-0"  prio=5 tid=5969 in Object.wait()
java.lang.Thread.State: WAITING (on object monitor)
        at sun.misc.Unsafe.park(Native Method)
        at java.util.concurrent.locks.LockSupport.park(LockSupport.java:175)
        at java.util.concurrent.locks.AbstractQueuedSynchronizer$ConditionObject.await(AbstractQueuedSynchronizer.java:2039)
        at java.util.concurrent.LinkedBlockingQueue.take(LinkedBlockingQueue.java:442)
        at java.util.concurrent.ThreadPoolExecutor.getTask(ThreadPoolExecutor.java:1074)
        at java.util.concurrent.ThreadPoolExecutor.runWorker(ThreadPoolExecutor.java:1134)
        at java.util.concurrent.ThreadPoolExecutor$Worker.run(ThreadPoolExecutor.java:624)
        at java.lang.Thread.run(Thread.java:750)
"Datanode ReportManager Thread - 2" daemon prio=5 tid=4618 in Object.wait()
java.lang.Thread.State: WAITING (on object monitor)
        at sun.misc.Unsafe.park(Native Method)
        at java.util.concurrent.locks.LockSupport.park(LockSupport.java:175)
        at java.util.concurrent.locks.AbstractQueuedSynchronizer$ConditionObject.await(AbstractQueuedSynchronizer.java:2039)
        at java.util.concurrent.ScheduledThreadPoolExecutor$DelayedWorkQueue.take(ScheduledThreadPoolExecutor.java:1088)
        at java.util.concurrent.ScheduledThreadPoolExecutor$DelayedWorkQueue.take(ScheduledThreadPoolExecutor.java:809)
        at java.util.concurrent.ThreadPoolExecutor.getTask(ThreadPoolExecutor.java:1074)
        at java.util.concurrent.ThreadPoolExecutor.runWorker(ThreadPoolExecutor.java:1134)
        at java.util.concurrent.ThreadPoolExecutor$Worker.run(ThreadPoolExecutor.java:624)
        at java.lang.Thread.run(Thread.java:750)
"IPC Server handler 1 on default port 45167" daemon prio=5 tid=6117 timed_waiting
java.lang.Thread.State: TIMED_WAITING
        at sun.misc.Unsafe.park(Native Method)
        at java.util.concurrent.locks.LockSupport.parkNanos(LockSupport.java:215)
        at java.util.concurrent.locks.AbstractQueuedSynchronizer$ConditionObject.awaitNanos(AbstractQueuedSynchronizer.java:2078)
        at java.util.concurrent.LinkedBlockingQueue.poll(LinkedBlockingQueue.java:467)
        at org.apache.hadoop.ipc.CallQueueManager.take(CallQueueManager.java:317)
        at org.apache.hadoop.ipc.Server$Handler.run(Server.java:2942)
"FixedThreadPoolWithAffinityExecutor-7-0" daemon prio=5 tid=6090 timed_waiting
java.lang.Thread.State: TIMED_WAITING
        at sun.misc.Unsafe.park(Native Method)
        at java.util.concurrent.locks.LockSupport.parkNanos(LockSupport.java:215)
        at java.util.concurrent.locks.AbstractQueuedSynchronizer$ConditionObject.awaitNanos(AbstractQueuedSynchronizer.java:2078)
        at java.util.concurrent.LinkedBlockingQueue.poll(LinkedBlockingQueue.java:467)
        at org.apache.hadoop.hdds.scm.server.ContainerReportQueue.poll(ContainerReportQueue.java:266)
        at org.apache.hadoop.hdds.scm.server.ContainerReportQueue.poll(ContainerReportQueue.java:42)
        at org.apache.hadoop.hdds.server.events.FixedThreadPoolWithAffinityExecutor$ContainerReportProcessTask.run(FixedThreadPoolWithAffinityExecutor.java:248)
        at java.util.concurrent.Executors$RunnableAdapter.call(Executors.java:511)
        at java.util.concurrent.FutureTask.run(FutureTask.java:266)
        at java.util.concurrent.ThreadPoolExecutor.runWorker(ThreadPoolExecutor.java:1149)
        at java.util.concurrent.ThreadPoolExecutor$Worker.run(ThreadPoolExecutor.java:624)
        at java.lang.Thread.run(Thread.java:750)
"qtp1148868906-4652" daemon prio=5 tid=4652 timed_waiting
java.lang.Thread.State: TIMED_WAITING
        at sun.misc.Unsafe.park(Native Method)
        at java.util.concurrent.locks.LockSupport.parkNanos(LockSupport.java:215)
        at java.util.concurrent.locks.AbstractQueuedSynchronizer$ConditionObject.awaitNanos(AbstractQueuedSynchronizer.java:2078)
        at org.eclipse.jetty.util.BlockingArrayQueue.poll(BlockingArrayQueue.java:382)
        at org.eclipse.jetty.util.thread.QueuedThreadPool$Runner.idleJobPoll(QueuedThreadPool.java:974)
        at org.eclipse.jetty.util.thread.QueuedThreadPool$Runner.run(QueuedThreadPool.java:1018)
        at java.lang.Thread.run(Thread.java:750)
"JvmPauseMonitor46" daemon prio=5 tid=4708 timed_waiting
java.lang.Thread.State: TIMED_WAITING
        at java.lang.Thread.sleep(Native Method)
        at java.lang.Thread.sleep(Thread.java:342)
        at java.util.concurrent.TimeUnit.sleep(TimeUnit.java:386)
        at org.apache.ratis.util.TimeDuration.sleep(TimeDuration.java:325)
        at org.apache.ratis.util.TimeDuration.sleep(TimeDuration.java:310)
        at org.apache.ratis.util.JvmPauseMonitor.detectPause(JvmPauseMonitor.java:119)
        at org.apache.ratis.util.JvmPauseMonitor.run(JvmPauseMonitor.java:108)
        at org.apache.ratis.util.JvmPauseMonitor$$Lambda$740/613108676.run(Unknown Source)
        at java.lang.Thread.run(Thread.java:750)
"org.apache.hadoop.ozone.container.common.statemachine.commandhandler.DeleteBlocksCommandHandler$DeleteCmdWorker@7ec38f26" daemon prio=5 tid=5290 timed_waiting
java.lang.Thread.State: TIMED_WAITING
        at java.lang.Thread.sleep(Native Method)
        at org.apache.hadoop.ozone.container.common.statemachine.commandhandler.DeleteBlocksCommandHandler$DeleteCmdWorker.run(DeleteBlocksCommandHandler.java:184)
        at java.lang.Thread.run(Thread.java:750)
"IPC Server handler 19 on default port 33459" daemon prio=5 tid=4377 timed_waiting
java.lang.Thread.State: TIMED_WAITING
        at sun.misc.Unsafe.park(Native Method)
        at java.util.concurrent.locks.LockSupport.parkNanos(LockSupport.java:215)
        at java.util.concurrent.locks.AbstractQueuedSynchronizer$ConditionObject.awaitNanos(AbstractQueuedSynchronizer.java:2078)
        at java.util.concurrent.LinkedBlockingQueue.poll(LinkedBlockingQueue.java:467)
        at org.apache.hadoop.ipc.CallQueueManager.take(CallQueueManager.java:317)
        at org.apache.hadoop.ipc.Server$Handler.run(Server.java:2942)
"IPC Server handler 0 on default port 39971" daemon prio=5 tid=6096 timed_waiting
java.lang.Thread.State: TIMED_WAITING
        at sun.misc.Unsafe.park(Native Method)
        at java.util.concurrent.locks.LockSupport.parkNanos(LockSupport.java:215)
        at java.util.concurrent.locks.AbstractQueuedSynchronizer$ConditionObject.awaitNanos(AbstractQueuedSynchronizer.java:2078)
        at java.util.concurrent.LinkedBlockingQueue.poll(LinkedBlockingQueue.java:467)
        at org.apache.hadoop.ipc.CallQueueManager.take(CallQueueManager.java:317)
        at org.apache.hadoop.ipc.Server$Handler.run(Server.java:2942)
"pool-2493-thread-1" daemon prio=5 tid=5372 timed_waiting
java.lang.Thread.State: TIMED_WAITING
        at sun.misc.Unsafe.park(Native Method)
        at java.util.concurrent.locks.LockSupport.parkNanos(LockSupport.java:215)
        at java.util.concurrent.locks.AbstractQueuedSynchronizer$ConditionObject.awaitNanos(AbstractQueuedSynchronizer.java:2078)
        at java.util.concurrent.ScheduledThreadPoolExecutor$DelayedWorkQueue.take(ScheduledThreadPoolExecutor.java:1093)
        at java.util.concurrent.ScheduledThreadPoolExecutor$DelayedWorkQueue.take(ScheduledThreadPoolExecutor.java:809)
        at java.util.concurrent.ThreadPoolExecutor.getTask(ThreadPoolExecutor.java:1074)
        at java.util.concurrent.ThreadPoolExecutor.runWorker(ThreadPoolExecutor.java:1134)
        at java.util.concurrent.ThreadPoolExecutor$Worker.run(ThreadPoolExecutor.java:624)
        at java.lang.Thread.run(Thread.java:750)
"IPC Server handler 13 on default port 45167" daemon prio=5 tid=6129 timed_waiting
java.lang.Thread.State: TIMED_WAITING
        at sun.misc.Unsafe.park(Native Method)
        at java.util.concurrent.locks.LockSupport.parkNanos(LockSupport.java:215)
        at java.util.concurrent.locks.AbstractQueuedSynchronizer$ConditionObject.awaitNanos(AbstractQueuedSynchronizer.java:2078)
        at java.util.concurrent.LinkedBlockingQueue.poll(LinkedBlockingQueue.java:467)
        at org.apache.hadoop.ipc.CallQueueManager.take(CallQueueManager.java:317)
        at org.apache.hadoop.ipc.Server$Handler.run(Server.java:2942)
"Periodic HDDS volume checker" daemon prio=5 tid=5476 timed_waiting
java.lang.Thread.State: TIMED_WAITING
        at sun.misc.Unsafe.park(Native Method)
        at java.util.concurrent.locks.LockSupport.parkNanos(LockSupport.java:215)
        at java.util.concurrent.locks.AbstractQueuedSynchronizer$ConditionObject.awaitNanos(AbstractQueuedSynchronizer.java:2078)
        at java.util.concurrent.ScheduledThreadPoolExecutor$DelayedWorkQueue.take(ScheduledThreadPoolExecutor.java:1093)
        at java.util.concurrent.ScheduledThreadPoolExecutor$DelayedWorkQueue.take(ScheduledThreadPoolExecutor.java:809)
        at java.util.concurrent.ThreadPoolExecutor.getTask(ThreadPoolExecutor.java:1074)
        at java.util.concurrent.ThreadPoolExecutor.runWorker(ThreadPoolExecutor.java:1134)
        at java.util.concurrent.ThreadPoolExecutor$Worker.run(ThreadPoolExecutor.java:624)
        at java.lang.Thread.run(Thread.java:750)
"IPC Parameter Sending Thread #1" daemon prio=5 tid=1812 timed_waiting
java.lang.Thread.State: TIMED_WAITING
        at sun.misc.Unsafe.park(Native Method)
        at java.util.concurrent.locks.LockSupport.parkNanos(LockSupport.java:215)
        at java.util.concurrent.SynchronousQueue$TransferStack.awaitFulfill(SynchronousQueue.java:460)
        at java.util.concurrent.SynchronousQueue$TransferStack.transfer(SynchronousQueue.java:362)
        at java.util.concurrent.SynchronousQueue.poll(SynchronousQueue.java:941)
        at java.util.concurrent.ThreadPoolExecutor.getTask(ThreadPoolExecutor.java:1073)
        at java.util.concurrent.ThreadPoolExecutor.runWorker(ThreadPoolExecutor.java:1134)
        at java.util.concurrent.ThreadPoolExecutor$Worker.run(ThreadPoolExecutor.java:624)
        at java.lang.Thread.run(Thread.java:750)
"qtp1777947850-5136" daemon prio=5 tid=5136 timed_waiting
java.lang.Thread.State: TIMED_WAITING
        at sun.misc.Unsafe.park(Native Method)
        at java.util.concurrent.locks.LockSupport.parkNanos(LockSupport.java:215)
        at java.util.concurrent.locks.AbstractQueuedSynchronizer$ConditionObject.awaitNanos(AbstractQueuedSynchronizer.java:2078)
        at org.eclipse.jetty.util.BlockingArrayQueue.poll(BlockingArrayQueue.java:382)
        at org.eclipse.jetty.util.thread.QueuedThreadPool$Runner.idleJobPoll(QueuedThreadPool.java:974)
        at org.eclipse.jetty.util.thread.QueuedThreadPool$Runner.run(QueuedThreadPool.java:1018)
        at java.lang.Thread.run(Thread.java:750)
"388c1d2c-da9f-4216-9168-b64bdab690f4-server-thread1" daemon prio=5 tid=4885 timed_waiting
java.lang.Thread.State: TIMED_WAITING
        at sun.misc.Unsafe.park(Native Method)
        at java.util.concurrent.locks.LockSupport.parkNanos(LockSupport.java:215)
        at java.util.concurrent.SynchronousQueue$TransferStack.awaitFulfill(SynchronousQueue.java:460)
        at java.util.concurrent.SynchronousQueue$TransferStack.transfer(SynchronousQueue.java:362)
        at java.util.concurrent.SynchronousQueue.poll(SynchronousQueue.java:941)
        at java.util.concurrent.ThreadPoolExecutor.getTask(ThreadPoolExecutor.java:1073)
        at java.util.concurrent.ThreadPoolExecutor.runWorker(ThreadPoolExecutor.java:1134)
        at java.util.concurrent.ThreadPoolExecutor$Worker.run(ThreadPoolExecutor.java:624)
        at java.lang.Thread.run(Thread.java:750)
"org.apache.hadoop.ozone.container.common.statemachine.commandhandler.DeleteBlocksCommandHandler$DeleteCmdWorker@4895ad3a" daemon prio=5 tid=4443 timed_waiting
java.lang.Thread.State: TIMED_WAITING
        at java.lang.Thread.sleep(Native Method)
        at org.apache.hadoop.ozone.container.common.statemachine.commandhandler.DeleteBlocksCommandHandler$DeleteCmdWorker.run(DeleteBlocksCommandHandler.java:184)
        at java.lang.Thread.run(Thread.java:750)
"qtp1777947850-5134-acceptor-0@5f13ebed-ServerConnector@4f1554fb{HTTP/1.1, (http/1.1)}{0.0.0.0:41717}" daemon prio=3 tid=5134 runnable
java.lang.Thread.State: RUNNABLE
        at sun.nio.ch.ServerSocketChannelImpl.accept0(Native Method)
        at sun.nio.ch.ServerSocketChannelImpl.accept(ServerSocketChannelImpl.java:421)
        at sun.nio.ch.ServerSocketChannelImpl.accept(ServerSocketChannelImpl.java:249)
        at org.eclipse.jetty.server.ServerConnector.accept(ServerConnector.java:388)
        at org.eclipse.jetty.server.AbstractConnector$Acceptor.run(AbstractConnector.java:704)
        at org.eclipse.jetty.util.thread.QueuedThreadPool.runJob(QueuedThreadPool.java:883)
        at org.eclipse.jetty.util.thread.QueuedThreadPool$Runner.run(QueuedThreadPool.java:1034)
        at java.lang.Thread.run(Thread.java:750)
"JvmPauseMonitor56" daemon prio=5 tid=5552 timed_waiting
java.lang.Thread.State: TIMED_WAITING
        at java.lang.Thread.sleep(Native Method)
        at java.lang.Thread.sleep(Thread.java:342)
        at java.util.concurrent.TimeUnit.sleep(TimeUnit.java:386)
        at org.apache.ratis.util.TimeDuration.sleep(TimeDuration.java:325)
        at org.apache.ratis.util.TimeDuration.sleep(TimeDuration.java:310)
        at org.apache.ratis.util.JvmPauseMonitor.detectPause(JvmPauseMonitor.java:119)
        at org.apache.ratis.util.JvmPauseMonitor.run(JvmPauseMonitor.java:108)
        at org.apache.ratis.util.JvmPauseMonitor$$Lambda$740/613108676.run(Unknown Source)
        at java.lang.Thread.run(Thread.java:750)
"Datanode ReportManager Thread - 3" daemon prio=5 tid=5432 timed_waiting
java.lang.Thread.State: TIMED_WAITING
        at sun.misc.Unsafe.park(Native Method)
        at java.util.concurrent.locks.LockSupport.parkNanos(LockSupport.java:215)
        at java.util.concurrent.locks.AbstractQueuedSynchronizer$ConditionObject.awaitNanos(AbstractQueuedSynchronizer.java:2078)
        at java.util.concurrent.ScheduledThreadPoolExecutor$DelayedWorkQueue.take(ScheduledThreadPoolExecutor.java:1093)
        at java.util.concurrent.ScheduledThreadPoolExecutor$DelayedWorkQueue.take(ScheduledThreadPoolExecutor.java:809)
        at java.util.concurrent.ThreadPoolExecutor.getTask(ThreadPoolExecutor.java:1074)
        at java.util.concurrent.ThreadPoolExecutor.runWorker(ThreadPoolExecutor.java:1134)
        at java.util.concurrent.ThreadPoolExecutor$Worker.run(ThreadPoolExecutor.java:624)
        at java.lang.Thread.run(Thread.java:750)
"FullTableCache Cleanup Thread - 0" daemon prio=5 tid=686 in Object.wait()
java.lang.Thread.State: WAITING (on object monitor)
        at sun.misc.Unsafe.park(Native Method)
        at java.util.concurrent.locks.LockSupport.park(LockSupport.java:175)
        at java.util.concurrent.locks.AbstractQueuedSynchronizer$ConditionObject.await(AbstractQueuedSynchronizer.java:2039)
        at java.util.concurrent.LinkedBlockingQueue.take(LinkedBlockingQueue.java:442)
        at java.util.concurrent.ThreadPoolExecutor.getTask(ThreadPoolExecutor.java:1074)
        at java.util.concurrent.ThreadPoolExecutor.runWorker(ThreadPoolExecutor.java:1134)
        at java.util.concurrent.ThreadPoolExecutor$Worker.run(ThreadPoolExecutor.java:624)
        at java.lang.Thread.run(Thread.java:750)
"qtp1824915848-4397" daemon prio=5 tid=4397 timed_waiting
java.lang.Thread.State: TIMED_WAITING
        at sun.misc.Unsafe.park(Native Method)
        at java.util.concurrent.locks.LockSupport.parkNanos(LockSupport.java:215)
        at java.util.concurrent.locks.AbstractQueuedSynchronizer$ConditionObject.awaitNanos(AbstractQueuedSynchronizer.java:2078)
        at org.eclipse.jetty.util.BlockingArrayQueue.poll(BlockingArrayQueue.java:382)
        at org.eclipse.jetty.util.thread.QueuedThreadPool$Runner.idleJobPoll(QueuedThreadPool.java:974)
        at org.eclipse.jetty.util.thread.QueuedThreadPool$Runner.run(QueuedThreadPool.java:1018)
        at java.lang.Thread.run(Thread.java:750)
"EndpointStateMachine task thread for /0.0.0.0:37589 - 0 "  prio=5 tid=5455 in Object.wait()
java.lang.Thread.State: WAITING (on object monitor)
        at sun.misc.Unsafe.park(Native Method)
        at java.util.concurrent.locks.LockSupport.park(LockSupport.java:175)
        at java.util.concurrent.locks.AbstractQueuedSynchronizer$ConditionObject.await(AbstractQueuedSynchronizer.java:2039)
        at java.util.concurrent.LinkedBlockingQueue.take(LinkedBlockingQueue.java:442)
        at java.util.concurrent.ThreadPoolExecutor.getTask(ThreadPoolExecutor.java:1074)
        at java.util.concurrent.ThreadPoolExecutor.runWorker(ThreadPoolExecutor.java:1134)
        at java.util.concurrent.ThreadPoolExecutor$Worker.run(ThreadPoolExecutor.java:624)
        at java.lang.Thread.run(Thread.java:750)
"ec-reconstruct-reader-TID-2"  prio=5 tid=5000 in Object.wait()
java.lang.Thread.State: WAITING (on object monitor)
        at sun.misc.Unsafe.park(Native Method)
        at java.util.concurrent.locks.LockSupport.park(LockSupport.java:175)
        at java.util.concurrent.SynchronousQueue$TransferStack.awaitFulfill(SynchronousQueue.java:458)
        at java.util.concurrent.SynchronousQueue$TransferStack.transfer(SynchronousQueue.java:362)
        at java.util.concurrent.SynchronousQueue.take(SynchronousQueue.java:924)
        at java.util.concurrent.ThreadPoolExecutor.getTask(ThreadPoolExecutor.java:1074)
        at java.util.concurrent.ThreadPoolExecutor.runWorker(ThreadPoolExecutor.java:1134)
        at java.util.concurrent.ThreadPoolExecutor$Worker.run(ThreadPoolExecutor.java:624)
        at java.lang.Thread.run(Thread.java:750)
"ChunkWriter-0-0" daemon prio=5 tid=5548 in Object.wait()
java.lang.Thread.State: WAITING (on object monitor)
        at sun.misc.Unsafe.park(Native Method)
        at java.util.concurrent.locks.LockSupport.park(LockSupport.java:175)
        at java.util.concurrent.locks.AbstractQueuedSynchronizer$ConditionObject.await(AbstractQueuedSynchronizer.java:2039)
        at java.util.concurrent.LinkedBlockingDeque.takeFirst(LinkedBlockingDeque.java:492)
        at java.util.concurrent.LinkedBlockingDeque.take(LinkedBlockingDeque.java:680)
        at java.util.concurrent.ThreadPoolExecutor.getTask(ThreadPoolExecutor.java:1074)
        at java.util.concurrent.ThreadPoolExecutor.runWorker(ThreadPoolExecutor.java:1134)
        at java.util.concurrent.ThreadPoolExecutor$Worker.run(ThreadPoolExecutor.java:624)
        at java.lang.Thread.run(Thread.java:750)
"StaleRecoveringContainerScrubbingService#0" daemon prio=5 tid=5463 timed_waiting
java.lang.Thread.State: TIMED_WAITING
        at sun.misc.Unsafe.park(Native Method)
        at java.util.concurrent.locks.LockSupport.parkNanos(LockSupport.java:215)
        at java.util.concurrent.locks.AbstractQueuedSynchronizer$ConditionObject.awaitNanos(AbstractQueuedSynchronizer.java:2078)
        at java.util.concurrent.ScheduledThreadPoolExecutor$DelayedWorkQueue.take(ScheduledThreadPoolExecutor.java:1093)
        at java.util.concurrent.ScheduledThreadPoolExecutor$DelayedWorkQueue.take(ScheduledThreadPoolExecutor.java:809)
        at java.util.concurrent.ThreadPoolExecutor.getTask(ThreadPoolExecutor.java:1074)
        at java.util.concurrent.ThreadPoolExecutor.runWorker(ThreadPoolExecutor.java:1134)
        at java.util.concurrent.ThreadPoolExecutor$Worker.run(ThreadPoolExecutor.java:624)
        at java.lang.Thread.run(Thread.java:750)
"qtp331051599-5381" daemon prio=5 tid=5381 timed_waiting
java.lang.Thread.State: TIMED_WAITING
        at sun.misc.Unsafe.park(Native Method)
        at java.util.concurrent.locks.LockSupport.parkNanos(LockSupport.java:215)
        at java.util.concurrent.locks.AbstractQueuedSynchronizer$ConditionObject.awaitNanos(AbstractQueuedSynchronizer.java:2078)
        at org.eclipse.jetty.util.BlockingArrayQueue.poll(BlockingArrayQueue.java:382)
        at org.eclipse.jetty.util.thread.QueuedThreadPool$Runner.idleJobPoll(QueuedThreadPool.java:974)
        at org.eclipse.jetty.util.thread.QueuedThreadPool$Runner.run(QueuedThreadPool.java:1018)
        at java.lang.Thread.run(Thread.java:750)
"ChunkWriter-0-0" daemon prio=5 tid=4725 in Object.wait()
java.lang.Thread.State: WAITING (on object monitor)
        at sun.misc.Unsafe.park(Native Method)
        at java.util.concurrent.locks.LockSupport.park(LockSupport.java:175)
        at java.util.concurrent.locks.AbstractQueuedSynchronizer$ConditionObject.await(AbstractQueuedSynchronizer.java:2039)
        at java.util.concurrent.LinkedBlockingDeque.takeFirst(LinkedBlockingDeque.java:492)
        at java.util.concurrent.LinkedBlockingDeque.take(LinkedBlockingDeque.java:680)
        at java.util.concurrent.ThreadPoolExecutor.getTask(ThreadPoolExecutor.java:1074)
        at java.util.concurrent.ThreadPoolExecutor.runWorker(ThreadPoolExecutor.java:1134)
        at java.util.concurrent.ThreadPoolExecutor$Worker.run(ThreadPoolExecutor.java:624)
        at java.lang.Thread.run(Thread.java:750)
"IPC Server idle connection scanner for port 45167" daemon prio=5 tid=6077 timed_waiting
java.lang.Thread.State: TIMED_WAITING
        at java.lang.Object.wait(Native Method)
        at java.util.TimerThread.mainLoop(Timer.java:552)
        at java.util.TimerThread.run(Timer.java:505)
"Datanode ReportManager Thread - 3" daemon prio=5 tid=5406 in Object.wait()
java.lang.Thread.State: WAITING (on object monitor)
        at sun.misc.Unsafe.park(Native Method)
        at java.util.concurrent.locks.LockSupport.park(LockSupport.java:175)
        at java.util.concurrent.locks.AbstractQueuedSynchronizer$ConditionObject.await(AbstractQueuedSynchronizer.java:2039)
        at java.util.concurrent.ScheduledThreadPoolExecutor$DelayedWorkQueue.take(ScheduledThreadPoolExecutor.java:1088)
        at java.util.concurrent.ScheduledThreadPoolExecutor$DelayedWorkQueue.take(ScheduledThreadPoolExecutor.java:809)
        at java.util.concurrent.ThreadPoolExecutor.getTask(ThreadPoolExecutor.java:1074)
        at java.util.concurrent.ThreadPoolExecutor.runWorker(ThreadPoolExecutor.java:1134)
        at java.util.concurrent.ThreadPoolExecutor$Worker.run(ThreadPoolExecutor.java:624)
        at java.lang.Thread.run(Thread.java:750)
"Datanode ReportManager Thread - 0" daemon prio=5 tid=5356 in Object.wait()
java.lang.Thread.State: WAITING (on object monitor)
        at sun.misc.Unsafe.park(Native Method)
        at java.util.concurrent.locks.LockSupport.park(LockSupport.java:175)
        at java.util.concurrent.locks.AbstractQueuedSynchronizer$ConditionObject.await(AbstractQueuedSynchronizer.java:2039)
        at java.util.concurrent.ScheduledThreadPoolExecutor$DelayedWorkQueue.take(ScheduledThreadPoolExecutor.java:1088)
        at java.util.concurrent.ScheduledThreadPoolExecutor$DelayedWorkQueue.take(ScheduledThreadPoolExecutor.java:809)
        at java.util.concurrent.ThreadPoolExecutor.getTask(ThreadPoolExecutor.java:1074)
        at java.util.concurrent.ThreadPoolExecutor.runWorker(ThreadPoolExecutor.java:1134)
        at java.util.concurrent.ThreadPoolExecutor$Worker.run(ThreadPoolExecutor.java:624)
        at java.lang.Thread.run(Thread.java:750)
"qtp166603980-5295" daemon prio=5 tid=5295 timed_waiting
java.lang.Thread.State: TIMED_WAITING
        at sun.misc.Unsafe.park(Native Method)
        at java.util.concurrent.locks.LockSupport.parkNanos(LockSupport.java:215)
        at java.util.concurrent.locks.AbstractQueuedSynchronizer$ConditionObject.awaitNanos(AbstractQueuedSynchronizer.java:2078)
        at org.eclipse.jetty.util.BlockingArrayQueue.poll(BlockingArrayQueue.java:382)
        at org.eclipse.jetty.util.thread.QueuedThreadPool$Runner.idleJobPoll(QueuedThreadPool.java:974)
        at org.eclipse.jetty.util.thread.QueuedThreadPool$Runner.run(QueuedThreadPool.java:1018)
        at java.lang.Thread.run(Thread.java:750)
"f9a60067-2236-4cd7-b231-4cb6898cc822-server-thread3" daemon prio=5 tid=5936 timed_waiting
java.lang.Thread.State: TIMED_WAITING
        at sun.misc.Unsafe.park(Native Method)
        at java.util.concurrent.locks.LockSupport.parkNanos(LockSupport.java:215)
        at java.util.concurrent.SynchronousQueue$TransferStack.awaitFulfill(SynchronousQueue.java:460)
        at java.util.concurrent.SynchronousQueue$TransferStack.transfer(SynchronousQueue.java:362)
        at java.util.concurrent.SynchronousQueue.poll(SynchronousQueue.java:941)
        at java.util.concurrent.ThreadPoolExecutor.getTask(ThreadPoolExecutor.java:1073)
        at java.util.concurrent.ThreadPoolExecutor.runWorker(ThreadPoolExecutor.java:1134)
        at java.util.concurrent.ThreadPoolExecutor$Worker.run(ThreadPoolExecutor.java:624)
        at java.lang.Thread.run(Thread.java:750)
"qtp1556434335-5449" daemon prio=5 tid=5449 timed_waiting
java.lang.Thread.State: TIMED_WAITING
        at sun.misc.Unsafe.park(Native Method)
        at java.util.concurrent.locks.LockSupport.parkNanos(LockSupport.java:215)
        at java.util.concurrent.locks.AbstractQueuedSynchronizer$ConditionObject.awaitNanos(AbstractQueuedSynchronizer.java:2078)
        at org.eclipse.jetty.util.BlockingArrayQueue.poll(BlockingArrayQueue.java:382)
        at org.eclipse.jetty.util.thread.QueuedThreadPool$Runner.idleJobPoll(QueuedThreadPool.java:974)
        at org.eclipse.jetty.util.thread.QueuedThreadPool$Runner.run(QueuedThreadPool.java:1018)
        at java.lang.Thread.run(Thread.java:750)
"c61a6fab-067e-4f96-a855-8be46dab7c65-impl-thread1"  prio=5 tid=5289 timed_waiting
java.lang.Thread.State: TIMED_WAITING
        at sun.misc.Unsafe.park(Native Method)
        at java.util.concurrent.locks.LockSupport.parkNanos(LockSupport.java:215)
        at java.util.concurrent.SynchronousQueue$TransferStack.awaitFulfill(SynchronousQueue.java:460)
        at java.util.concurrent.SynchronousQueue$TransferStack.transfer(SynchronousQueue.java:362)
        at java.util.concurrent.SynchronousQueue.poll(SynchronousQueue.java:941)
        at java.util.concurrent.ThreadPoolExecutor.getTask(ThreadPoolExecutor.java:1073)
        at java.util.concurrent.ThreadPoolExecutor.runWorker(ThreadPoolExecutor.java:1134)
        at java.util.concurrent.ThreadPoolExecutor$Worker.run(ThreadPoolExecutor.java:624)
        at java.lang.Thread.run(Thread.java:750)
"PartialTableCache Cleanup Thread - 0" daemon prio=5 tid=2686 in Object.wait()
java.lang.Thread.State: WAITING (on object monitor)
        at sun.misc.Unsafe.park(Native Method)
        at java.util.concurrent.locks.LockSupport.park(LockSupport.java:175)
        at java.util.concurrent.locks.AbstractQueuedSynchronizer$ConditionObject.await(AbstractQueuedSynchronizer.java:2039)
        at java.util.concurrent.LinkedBlockingQueue.take(LinkedBlockingQueue.java:442)
        at java.util.concurrent.ThreadPoolExecutor.getTask(ThreadPoolExecutor.java:1074)
        at java.util.concurrent.ThreadPoolExecutor.runWorker(ThreadPoolExecutor.java:1134)
        at java.util.concurrent.ThreadPoolExecutor$Worker.run(ThreadPoolExecutor.java:624)
        at java.lang.Thread.run(Thread.java:750)
"qtp1707098790-4607-acceptor-0@3e315693-ServerConnector@1311a459{HTTP/1.1, (http/1.1)}{0.0.0.0:40967}" daemon prio=3 tid=4607 runnable
java.lang.Thread.State: RUNNABLE
        at sun.nio.ch.ServerSocketChannelImpl.accept0(Native Method)
        at sun.nio.ch.ServerSocketChannelImpl.accept(ServerSocketChannelImpl.java:421)
        at sun.nio.ch.ServerSocketChannelImpl.accept(ServerSocketChannelImpl.java:249)
        at org.eclipse.jetty.server.ServerConnector.accept(ServerConnector.java:388)
        at org.eclipse.jetty.server.AbstractConnector$Acceptor.run(AbstractConnector.java:704)
        at org.eclipse.jetty.util.thread.QueuedThreadPool.runJob(QueuedThreadPool.java:883)
        at org.eclipse.jetty.util.thread.QueuedThreadPool$Runner.run(QueuedThreadPool.java:1034)
        at java.lang.Thread.run(Thread.java:750)
"c61a6fab-067e-4f96-a855-8be46dab7c65@group-971EC9EF2D19-StateMachineUpdater" daemon prio=5 tid=5705 timed_waiting
java.lang.Thread.State: TIMED_WAITING
        at sun.misc.Unsafe.park(Native Method)
        at java.util.concurrent.locks.LockSupport.parkNanos(LockSupport.java:215)
        at java.util.concurrent.CompletableFuture$Signaller.block(CompletableFuture.java:1709)
        at java.util.concurrent.ForkJoinPool.managedBlock(ForkJoinPool.java:3323)
        at java.util.concurrent.CompletableFuture.timedGet(CompletableFuture.java:1788)
        at java.util.concurrent.CompletableFuture.get(CompletableFuture.java:1928)
        at org.apache.ratis.util.AwaitForSignal.await(AwaitForSignal.java:56)
        at org.apache.ratis.server.impl.StateMachineUpdater.waitForCommit(StateMachineUpdater.java:207)
        at org.apache.ratis.server.impl.StateMachineUpdater.run(StateMachineUpdater.java:176)
        at java.lang.Thread.run(Thread.java:750)
"om1@group-C5BA1605619E-LeaderStateImpl" daemon prio=5 tid=4478 timed_waiting
java.lang.Thread.State: TIMED_WAITING
        at sun.misc.Unsafe.park(Native Method)
        at java.util.concurrent.locks.LockSupport.parkNanos(LockSupport.java:215)
        at java.util.concurrent.locks.AbstractQueuedSynchronizer$ConditionObject.awaitNanos(AbstractQueuedSynchronizer.java:2078)
        at java.util.concurrent.ArrayBlockingQueue.poll(ArrayBlockingQueue.java:418)
        at org.apache.ratis.server.impl.LeaderStateImpl$EventQueue.poll(LeaderStateImpl.java:159)
        at org.apache.ratis.server.impl.LeaderStateImpl$EventProcessor.run(LeaderStateImpl.java:630)
"ChunkReader-ELG-0" daemon prio=5 tid=5553 runnable
java.lang.Thread.State: RUNNABLE
        at org.apache.ratis.thirdparty.io.netty.channel.epoll.Native.epollWait(Native Method)
        at org.apache.ratis.thirdparty.io.netty.channel.epoll.Native.epollWait(Native.java:209)
        at org.apache.ratis.thirdparty.io.netty.channel.epoll.Native.epollWait(Native.java:202)
        at org.apache.ratis.thirdparty.io.netty.channel.epoll.EpollEventLoop.epollWaitNoTimerChange(EpollEventLoop.java:294)
        at org.apache.ratis.thirdparty.io.netty.channel.epoll.EpollEventLoop.run(EpollEventLoop.java:351)
        at org.apache.ratis.thirdparty.io.netty.util.concurrent.SingleThreadEventExecutor$4.run(SingleThreadEventExecutor.java:995)
        at org.apache.ratis.thirdparty.io.netty.util.internal.ThreadExecutorMap$2.run(ThreadExecutorMap.java:74)
        at java.lang.Thread.run(Thread.java:750)
"1787d8bf-f3dc-4880-8863-743d3d33b765@group-971EC9EF2D19-FollowerState" daemon prio=5 tid=5914 timed_waiting
java.lang.Thread.State: TIMED_WAITING
        at java.lang.Thread.sleep(Native Method)
        at java.lang.Thread.sleep(Thread.java:342)
        at java.util.concurrent.TimeUnit.sleep(TimeUnit.java:386)
        at org.apache.ratis.util.TimeDuration.sleep(TimeDuration.java:325)
        at org.apache.ratis.util.TimeDuration.sleep(TimeDuration.java:310)
        at org.apache.ratis.server.impl.FollowerState.run(FollowerState.java:128)
"a4df1cd8-da8f-45ad-a02d-233f4b91e4ac@group-84A159281B42-StateMachineUpdater" daemon prio=5 tid=5749 timed_waiting
java.lang.Thread.State: TIMED_WAITING
        at sun.misc.Unsafe.park(Native Method)
        at java.util.concurrent.locks.LockSupport.parkNanos(LockSupport.java:215)
        at java.util.concurrent.CompletableFuture$Signaller.block(CompletableFuture.java:1709)
        at java.util.concurrent.ForkJoinPool.managedBlock(ForkJoinPool.java:3323)
        at java.util.concurrent.CompletableFuture.timedGet(CompletableFuture.java:1788)
        at java.util.concurrent.CompletableFuture.get(CompletableFuture.java:1928)
        at org.apache.ratis.util.AwaitForSignal.await(AwaitForSignal.java:56)
        at org.apache.ratis.server.impl.StateMachineUpdater.waitForCommit(StateMachineUpdater.java:207)
        at org.apache.ratis.server.impl.StateMachineUpdater.run(StateMachineUpdater.java:176)
        at java.lang.Thread.run(Thread.java:750)
"Datanode ReportManager Thread - 2" daemon prio=5 tid=5304 in Object.wait()
java.lang.Thread.State: WAITING (on object monitor)
        at sun.misc.Unsafe.park(Native Method)
        at java.util.concurrent.locks.LockSupport.park(LockSupport.java:175)
        at java.util.concurrent.locks.AbstractQueuedSynchronizer$ConditionObject.await(AbstractQueuedSynchronizer.java:2039)
        at java.util.concurrent.ScheduledThreadPoolExecutor$DelayedWorkQueue.take(ScheduledThreadPoolExecutor.java:1088)
        at java.util.concurrent.ScheduledThreadPoolExecutor$DelayedWorkQueue.take(ScheduledThreadPoolExecutor.java:809)
        at java.util.concurrent.ThreadPoolExecutor.getTask(ThreadPoolExecutor.java:1074)
        at java.util.concurrent.ThreadPoolExecutor.runWorker(ThreadPoolExecutor.java:1134)
        at java.util.concurrent.ThreadPoolExecutor$Worker.run(ThreadPoolExecutor.java:624)
        at java.lang.Thread.run(Thread.java:750)
"IPC Server handler 8 on default port 41915" daemon prio=5 tid=5098 timed_waiting
java.lang.Thread.State: TIMED_WAITING
        at sun.misc.Unsafe.park(Native Method)
        at java.util.concurrent.locks.LockSupport.parkNanos(LockSupport.java:215)
        at java.util.concurrent.locks.AbstractQueuedSynchronizer$ConditionObject.awaitNanos(AbstractQueuedSynchronizer.java:2078)
        at java.util.concurrent.LinkedBlockingQueue.poll(LinkedBlockingQueue.java:467)
        at org.apache.hadoop.ipc.CallQueueManager.take(CallQueueManager.java:317)
        at org.apache.hadoop.ipc.Server$Handler.run(Server.java:2942)
"qtp331051599-5379-acceptor-0@4182c38f-ServerConnector@2ad2cb7{HTTP/1.1, (http/1.1)}{0.0.0.0:45853}" daemon prio=3 tid=5379 runnable
java.lang.Thread.State: RUNNABLE
        at sun.nio.ch.ServerSocketChannelImpl.accept0(Native Method)
        at sun.nio.ch.ServerSocketChannelImpl.accept(ServerSocketChannelImpl.java:421)
        at sun.nio.ch.ServerSocketChannelImpl.accept(ServerSocketChannelImpl.java:249)
        at org.eclipse.jetty.server.ServerConnector.accept(ServerConnector.java:388)
        at org.eclipse.jetty.server.AbstractConnector$Acceptor.run(AbstractConnector.java:704)
        at org.eclipse.jetty.util.thread.QueuedThreadPool.runJob(QueuedThreadPool.java:883)
        at org.eclipse.jetty.util.thread.QueuedThreadPool$Runner.run(QueuedThreadPool.java:1034)
        at java.lang.Thread.run(Thread.java:750)
"BlockDeletingService#0" daemon prio=5 tid=5398 timed_waiting
java.lang.Thread.State: TIMED_WAITING
        at sun.misc.Unsafe.park(Native Method)
        at java.util.concurrent.locks.LockSupport.parkNanos(LockSupport.java:215)
        at java.util.concurrent.locks.AbstractQueuedSynchronizer$ConditionObject.awaitNanos(AbstractQueuedSynchronizer.java:2078)
        at java.util.concurrent.ScheduledThreadPoolExecutor$DelayedWorkQueue.take(ScheduledThreadPoolExecutor.java:1093)
        at java.util.concurrent.ScheduledThreadPoolExecutor$DelayedWorkQueue.take(ScheduledThreadPoolExecutor.java:809)
        at java.util.concurrent.ThreadPoolExecutor.getTask(ThreadPoolExecutor.java:1074)
        at java.util.concurrent.ThreadPoolExecutor.runWorker(ThreadPoolExecutor.java:1134)
        at java.util.concurrent.ThreadPoolExecutor$Worker.run(ThreadPoolExecutor.java:624)
        at java.lang.Thread.run(Thread.java:750)
"qtp1837521269-5489" daemon prio=5 tid=5489 timed_waiting
java.lang.Thread.State: TIMED_WAITING
        at sun.misc.Unsafe.park(Native Method)
        at java.util.concurrent.locks.LockSupport.parkNanos(LockSupport.java:215)
        at java.util.concurrent.locks.AbstractQueuedSynchronizer$ConditionObject.awaitNanos(AbstractQueuedSynchronizer.java:2078)
        at org.eclipse.jetty.util.BlockingArrayQueue.poll(BlockingArrayQueue.java:382)
        at org.eclipse.jetty.util.thread.QueuedThreadPool$Runner.idleJobPoll(QueuedThreadPool.java:974)
        at org.eclipse.jetty.util.thread.QueuedThreadPool$Runner.run(QueuedThreadPool.java:1018)
        at java.lang.Thread.run(Thread.java:750)
"IPC Server handler 0 on default port 45167" daemon prio=5 tid=6116 timed_waiting
java.lang.Thread.State: TIMED_WAITING
        at sun.misc.Unsafe.park(Native Method)
        at java.util.concurrent.locks.LockSupport.parkNanos(LockSupport.java:215)
        at java.util.concurrent.locks.AbstractQueuedSynchronizer$ConditionObject.awaitNanos(AbstractQueuedSynchronizer.java:2078)
        at java.util.concurrent.LinkedBlockingQueue.poll(LinkedBlockingQueue.java:467)
        at org.apache.hadoop.ipc.CallQueueManager.take(CallQueueManager.java:317)
        at org.apache.hadoop.ipc.Server$Handler.run(Server.java:2942)
"Datanode ReportManager Thread - 2" daemon prio=5 tid=4527 timed_waiting
java.lang.Thread.State: TIMED_WAITING
        at sun.misc.Unsafe.park(Native Method)
        at java.util.concurrent.locks.LockSupport.parkNanos(LockSupport.java:215)
        at java.util.concurrent.locks.AbstractQueuedSynchronizer$ConditionObject.awaitNanos(AbstractQueuedSynchronizer.java:2078)
        at java.util.concurrent.ScheduledThreadPoolExecutor$DelayedWorkQueue.take(ScheduledThreadPoolExecutor.java:1093)
        at java.util.concurrent.ScheduledThreadPoolExecutor$DelayedWorkQueue.take(ScheduledThreadPoolExecutor.java:809)
        at java.util.concurrent.ThreadPoolExecutor.getTask(ThreadPoolExecutor.java:1074)
        at java.util.concurrent.ThreadPoolExecutor.runWorker(ThreadPoolExecutor.java:1134)
        at java.util.concurrent.ThreadPoolExecutor$Worker.run(ThreadPoolExecutor.java:624)
        at java.lang.Thread.run(Thread.java:750)
"Datanode State Machine Task Thread - 0"  prio=5 tid=5309 in Object.wait()
java.lang.Thread.State: WAITING (on object monitor)
        at sun.misc.Unsafe.park(Native Method)
        at java.util.concurrent.locks.LockSupport.park(LockSupport.java:175)
        at java.util.concurrent.locks.AbstractQueuedSynchronizer$ConditionObject.await(AbstractQueuedSynchronizer.java:2039)
        at java.util.concurrent.LinkedBlockingQueue.take(LinkedBlockingQueue.java:442)
        at java.util.concurrent.ThreadPoolExecutor.getTask(ThreadPoolExecutor.java:1074)
        at java.util.concurrent.ThreadPoolExecutor.runWorker(ThreadPoolExecutor.java:1134)
        at java.util.concurrent.ThreadPoolExecutor$Worker.run(ThreadPoolExecutor.java:624)
        at java.lang.Thread.run(Thread.java:750)
"IPC Server handler 17 on default port 39971" daemon prio=5 tid=6113 timed_waiting
java.lang.Thread.State: TIMED_WAITING
        at sun.misc.Unsafe.park(Native Method)
        at java.util.concurrent.locks.LockSupport.parkNanos(LockSupport.java:215)
        at java.util.concurrent.locks.AbstractQueuedSynchronizer$ConditionObject.awaitNanos(AbstractQueuedSynchronizer.java:2078)
        at java.util.concurrent.LinkedBlockingQueue.poll(LinkedBlockingQueue.java:467)
        at org.apache.hadoop.ipc.CallQueueManager.take(CallQueueManager.java:317)
        at org.apache.hadoop.ipc.Server$Handler.run(Server.java:2942)
"ContainerOp-e8dd15d0-68e9-4f12-a7cc-a9df22f54b30-0"  prio=5 tid=5974 in Object.wait()
java.lang.Thread.State: WAITING (on object monitor)
        at sun.misc.Unsafe.park(Native Method)
        at java.util.concurrent.locks.LockSupport.park(LockSupport.java:175)
        at java.util.concurrent.locks.AbstractQueuedSynchronizer$ConditionObject.await(AbstractQueuedSynchronizer.java:2039)
        at java.util.concurrent.LinkedBlockingQueue.take(LinkedBlockingQueue.java:442)
        at java.util.concurrent.ThreadPoolExecutor.getTask(ThreadPoolExecutor.java:1074)
        at java.util.concurrent.ThreadPoolExecutor.runWorker(ThreadPoolExecutor.java:1134)
        at java.util.concurrent.ThreadPoolExecutor$Worker.run(ThreadPoolExecutor.java:624)
        at java.lang.Thread.run(Thread.java:750)
"Session-HouseKeeper-7436d9d8-1"  prio=5 tid=4402 timed_waiting
java.lang.Thread.State: TIMED_WAITING
        at sun.misc.Unsafe.park(Native Method)
        at java.util.concurrent.locks.LockSupport.parkNanos(LockSupport.java:215)
        at java.util.concurrent.locks.AbstractQueuedSynchronizer$ConditionObject.awaitNanos(AbstractQueuedSynchronizer.java:2078)
        at java.util.concurrent.ScheduledThreadPoolExecutor$DelayedWorkQueue.take(ScheduledThreadPoolExecutor.java:1093)
        at java.util.concurrent.ScheduledThreadPoolExecutor$DelayedWorkQueue.take(ScheduledThreadPoolExecutor.java:809)
        at java.util.concurrent.ThreadPoolExecutor.getTask(ThreadPoolExecutor.java:1074)
        at java.util.concurrent.ThreadPoolExecutor.runWorker(ThreadPoolExecutor.java:1134)
        at java.util.concurrent.ThreadPoolExecutor$Worker.run(ThreadPoolExecutor.java:624)
        at java.lang.Thread.run(Thread.java:750)
"Datanode ReportManager Thread - 0" daemon prio=5 tid=5505 in Object.wait()
java.lang.Thread.State: WAITING (on object monitor)
        at sun.misc.Unsafe.park(Native Method)
        at java.util.concurrent.locks.LockSupport.park(LockSupport.java:175)
        at java.util.concurrent.locks.AbstractQueuedSynchronizer$ConditionObject.await(AbstractQueuedSynchronizer.java:2039)
        at java.util.concurrent.ScheduledThreadPoolExecutor$DelayedWorkQueue.take(ScheduledThreadPoolExecutor.java:1088)
        at java.util.concurrent.ScheduledThreadPoolExecutor$DelayedWorkQueue.take(ScheduledThreadPoolExecutor.java:809)
        at java.util.concurrent.ThreadPoolExecutor.getTask(ThreadPoolExecutor.java:1074)
        at java.util.concurrent.ThreadPoolExecutor.runWorker(ThreadPoolExecutor.java:1134)
        at java.util.concurrent.ThreadPoolExecutor$Worker.run(ThreadPoolExecutor.java:624)
        at java.lang.Thread.run(Thread.java:750)
"org.apache.hadoop.ozone.container.common.statemachine.commandhandler.DeleteBlocksCommandHandler$DeleteCmdWorker@c07362c" daemon prio=5 tid=4604 timed_waiting
java.lang.Thread.State: TIMED_WAITING
        at java.lang.Thread.sleep(Native Method)
        at org.apache.hadoop.ozone.container.common.statemachine.commandhandler.DeleteBlocksCommandHandler$DeleteCmdWorker.run(DeleteBlocksCommandHandler.java:184)
        at java.lang.Thread.run(Thread.java:750)
"qtp1393491412-5324" daemon prio=5 tid=5324 timed_waiting
java.lang.Thread.State: TIMED_WAITING
        at sun.misc.Unsafe.park(Native Method)
        at java.util.concurrent.locks.LockSupport.parkNanos(LockSupport.java:215)
        at java.util.concurrent.locks.AbstractQueuedSynchronizer$ConditionObject.awaitNanos(AbstractQueuedSynchronizer.java:2078)
        at org.eclipse.jetty.util.BlockingArrayQueue.poll(BlockingArrayQueue.java:382)
        at org.eclipse.jetty.util.thread.QueuedThreadPool$Runner.idleJobPoll(QueuedThreadPool.java:974)
        at org.eclipse.jetty.util.thread.QueuedThreadPool$Runner.run(QueuedThreadPool.java:1018)
        at java.lang.Thread.run(Thread.java:750)
"ContainerOp-e8dd15d0-68e9-4f12-a7cc-a9df22f54b30-6"  prio=5 tid=6023 in Object.wait()
java.lang.Thread.State: WAITING (on object monitor)
        at sun.misc.Unsafe.park(Native Method)
        at java.util.concurrent.locks.LockSupport.park(LockSupport.java:175)
        at java.util.concurrent.locks.AbstractQueuedSynchronizer$ConditionObject.await(AbstractQueuedSynchronizer.java:2039)
        at java.util.concurrent.LinkedBlockingQueue.take(LinkedBlockingQueue.java:442)
        at java.util.concurrent.ThreadPoolExecutor.getTask(ThreadPoolExecutor.java:1074)
        at java.util.concurrent.ThreadPoolExecutor.runWorker(ThreadPoolExecutor.java:1134)
        at java.util.concurrent.ThreadPoolExecutor$Worker.run(ThreadPoolExecutor.java:624)
        at java.lang.Thread.run(Thread.java:750)
"BlockDeletingService#0" daemon prio=5 tid=5578 timed_waiting
java.lang.Thread.State: TIMED_WAITING
        at sun.misc.Unsafe.park(Native Method)
        at java.util.concurrent.locks.LockSupport.parkNanos(LockSupport.java:215)
        at java.util.concurrent.locks.AbstractQueuedSynchronizer$ConditionObject.awaitNanos(AbstractQueuedSynchronizer.java:2078)
        at java.util.concurrent.ScheduledThreadPoolExecutor$DelayedWorkQueue.take(ScheduledThreadPoolExecutor.java:1093)
        at java.util.concurrent.ScheduledThreadPoolExecutor$DelayedWorkQueue.take(ScheduledThreadPoolExecutor.java:809)
        at java.util.concurrent.ThreadPoolExecutor.getTask(ThreadPoolExecutor.java:1074)
        at java.util.concurrent.ThreadPoolExecutor.runWorker(ThreadPoolExecutor.java:1134)
        at java.util.concurrent.ThreadPoolExecutor$Worker.run(ThreadPoolExecutor.java:624)
        at java.lang.Thread.run(Thread.java:750)
"qtp1824915848-4395-acceptor-0@584c726b-ServerConnector@3359fdd3{HTTP/1.1, (http/1.1)}{0.0.0.0:33667}" daemon prio=3 tid=4395 runnable
java.lang.Thread.State: RUNNABLE
        at sun.nio.ch.ServerSocketChannelImpl.accept0(Native Method)
        at sun.nio.ch.ServerSocketChannelImpl.accept(ServerSocketChannelImpl.java:421)
        at sun.nio.ch.ServerSocketChannelImpl.accept(ServerSocketChannelImpl.java:249)
        at org.eclipse.jetty.server.ServerConnector.accept(ServerConnector.java:388)
        at org.eclipse.jetty.server.AbstractConnector$Acceptor.run(AbstractConnector.java:704)
        at org.eclipse.jetty.util.thread.QueuedThreadPool.runJob(QueuedThreadPool.java:883)
        at org.eclipse.jetty.util.thread.QueuedThreadPool$Runner.run(QueuedThreadPool.java:1034)
        at java.lang.Thread.run(Thread.java:750)
"Periodic HDDS volume checker" daemon prio=5 tid=5412 timed_waiting
java.lang.Thread.State: TIMED_WAITING
        at sun.misc.Unsafe.park(Native Method)
        at java.util.concurrent.locks.LockSupport.parkNanos(LockSupport.java:215)
        at java.util.concurrent.locks.AbstractQueuedSynchronizer$ConditionObject.awaitNanos(AbstractQueuedSynchronizer.java:2078)
        at java.util.concurrent.ScheduledThreadPoolExecutor$DelayedWorkQueue.take(ScheduledThreadPoolExecutor.java:1093)
        at java.util.concurrent.ScheduledThreadPoolExecutor$DelayedWorkQueue.take(ScheduledThreadPoolExecutor.java:809)
        at java.util.concurrent.ThreadPoolExecutor.getTask(ThreadPoolExecutor.java:1074)
        at java.util.concurrent.ThreadPoolExecutor.runWorker(ThreadPoolExecutor.java:1134)
        at java.util.concurrent.ThreadPoolExecutor$Worker.run(ThreadPoolExecutor.java:624)
        at java.lang.Thread.run(Thread.java:750)
"IPC Server idle connection scanner for port 46655" daemon prio=5 tid=5237 timed_waiting
java.lang.Thread.State: TIMED_WAITING
        at java.lang.Object.wait(Native Method)
        at java.util.TimerThread.mainLoop(Timer.java:552)
        at java.util.TimerThread.run(Timer.java:505)
"ChunkWriter-3-0" daemon prio=5 tid=5575 in Object.wait()
java.lang.Thread.State: WAITING (on object monitor)
        at sun.misc.Unsafe.park(Native Method)
        at java.util.concurrent.locks.LockSupport.park(LockSupport.java:175)
        at java.util.concurrent.locks.AbstractQueuedSynchronizer$ConditionObject.await(AbstractQueuedSynchronizer.java:2039)
        at java.util.concurrent.LinkedBlockingDeque.takeFirst(LinkedBlockingDeque.java:492)
        at java.util.concurrent.LinkedBlockingDeque.take(LinkedBlockingDeque.java:680)
        at java.util.concurrent.ThreadPoolExecutor.getTask(ThreadPoolExecutor.java:1074)
        at java.util.concurrent.ThreadPoolExecutor.runWorker(ThreadPoolExecutor.java:1134)
        at java.util.concurrent.ThreadPoolExecutor$Worker.run(ThreadPoolExecutor.java:624)
        at java.lang.Thread.run(Thread.java:750)
"pool-1925-thread-1"  prio=5 tid=4393 timed_waiting
java.lang.Thread.State: TIMED_WAITING
        at sun.misc.Unsafe.park(Native Method)
        at java.util.concurrent.locks.LockSupport.parkNanos(LockSupport.java:215)
        at java.util.concurrent.locks.AbstractQueuedSynchronizer$ConditionObject.awaitNanos(AbstractQueuedSynchronizer.java:2078)
        at java.util.concurrent.ScheduledThreadPoolExecutor$DelayedWorkQueue.take(ScheduledThreadPoolExecutor.java:1093)
        at java.util.concurrent.ScheduledThreadPoolExecutor$DelayedWorkQueue.take(ScheduledThreadPoolExecutor.java:809)
        at java.util.concurrent.ThreadPoolExecutor.getTask(ThreadPoolExecutor.java:1074)
        at java.util.concurrent.ThreadPoolExecutor.runWorker(ThreadPoolExecutor.java:1134)
        at java.util.concurrent.ThreadPoolExecutor$Worker.run(ThreadPoolExecutor.java:624)
        at java.lang.Thread.run(Thread.java:750)
"1787d8bf-f3dc-4880-8863-743d3d33b765-server-thread2" daemon prio=5 tid=5920 timed_waiting
java.lang.Thread.State: TIMED_WAITING
        at sun.misc.Unsafe.park(Native Method)
        at java.util.concurrent.locks.LockSupport.parkNanos(LockSupport.java:215)
        at java.util.concurrent.SynchronousQueue$TransferStack.awaitFulfill(SynchronousQueue.java:460)
        at java.util.concurrent.SynchronousQueue$TransferStack.transfer(SynchronousQueue.java:362)
        at java.util.concurrent.SynchronousQueue.poll(SynchronousQueue.java:941)
        at java.util.concurrent.ThreadPoolExecutor.getTask(ThreadPoolExecutor.java:1073)
        at java.util.concurrent.ThreadPoolExecutor.runWorker(ThreadPoolExecutor.java:1134)
        at java.util.concurrent.ThreadPoolExecutor$Worker.run(ThreadPoolExecutor.java:624)
        at java.lang.Thread.run(Thread.java:750)
"BlockDeletingService#1" daemon prio=5 tid=4758 timed_waiting
java.lang.Thread.State: TIMED_WAITING
        at sun.misc.Unsafe.park(Native Method)
        at java.util.concurrent.locks.LockSupport.parkNanos(LockSupport.java:215)
        at java.util.concurrent.locks.AbstractQueuedSynchronizer$ConditionObject.awaitNanos(AbstractQueuedSynchronizer.java:2078)
        at java.util.concurrent.ScheduledThreadPoolExecutor$DelayedWorkQueue.take(ScheduledThreadPoolExecutor.java:1093)
        at java.util.concurrent.ScheduledThreadPoolExecutor$DelayedWorkQueue.take(ScheduledThreadPoolExecutor.java:809)
        at java.util.concurrent.ThreadPoolExecutor.getTask(ThreadPoolExecutor.java:1074)
        at java.util.concurrent.ThreadPoolExecutor.runWorker(ThreadPoolExecutor.java:1134)
        at java.util.concurrent.ThreadPoolExecutor$Worker.run(ThreadPoolExecutor.java:624)
        at java.lang.Thread.run(Thread.java:750)
"IPC Server idle connection scanner for port 41047" daemon prio=5 tid=6073 timed_waiting
java.lang.Thread.State: TIMED_WAITING
        at java.lang.Object.wait(Native Method)
        at java.util.TimerThread.mainLoop(Timer.java:552)
        at java.util.TimerThread.run(Timer.java:505)
"null-request--thread1" daemon prio=5 tid=5957 timed_waiting
java.lang.Thread.State: TIMED_WAITING
        at sun.misc.Unsafe.park(Native Method)
        at java.util.concurrent.locks.LockSupport.parkNanos(LockSupport.java:215)
        at java.util.concurrent.locks.AbstractQueuedSynchronizer$ConditionObject.awaitNanos(AbstractQueuedSynchronizer.java:2078)
        at java.util.concurrent.LinkedBlockingQueue.poll(LinkedBlockingQueue.java:467)
        at java.util.concurrent.ThreadPoolExecutor.getTask(ThreadPoolExecutor.java:1073)
        at java.util.concurrent.ThreadPoolExecutor.runWorker(ThreadPoolExecutor.java:1134)
        at java.util.concurrent.ThreadPoolExecutor$Worker.run(ThreadPoolExecutor.java:624)
        at java.lang.Thread.run(Thread.java:750)
"timer6" daemon prio=5 tid=693 timed_waiting
java.lang.Thread.State: TIMED_WAITING
        at java.lang.Object.wait(Native Method)
        at java.util.TimerThread.mainLoop(Timer.java:552)
        at java.util.TimerThread.run(Timer.java:505)
"qtp892092214-5350" daemon prio=5 tid=5350 timed_waiting
java.lang.Thread.State: TIMED_WAITING
        at sun.misc.Unsafe.park(Native Method)
        at java.util.concurrent.locks.LockSupport.parkNanos(LockSupport.java:215)
        at java.util.concurrent.locks.AbstractQueuedSynchronizer$ConditionObject.awaitNanos(AbstractQueuedSynchronizer.java:2078)
        at org.eclipse.jetty.util.BlockingArrayQueue.poll(BlockingArrayQueue.java:382)
        at org.eclipse.jetty.util.thread.QueuedThreadPool$Runner.idleJobPoll(QueuedThreadPool.java:974)
        at org.eclipse.jetty.util.thread.QueuedThreadPool$Runner.run(QueuedThreadPool.java:1018)
        at java.lang.Thread.run(Thread.java:750)
"IPC Server handler 3 on default port 41915" daemon prio=5 tid=5093 timed_waiting
java.lang.Thread.State: TIMED_WAITING
        at sun.misc.Unsafe.park(Native Method)
        at java.util.concurrent.locks.LockSupport.parkNanos(LockSupport.java:215)
        at java.util.concurrent.locks.AbstractQueuedSynchronizer$ConditionObject.awaitNanos(AbstractQueuedSynchronizer.java:2078)
        at java.util.concurrent.LinkedBlockingQueue.poll(LinkedBlockingQueue.java:467)
        at org.apache.hadoop.ipc.CallQueueManager.take(CallQueueManager.java:317)
        at org.apache.hadoop.ipc.Server$Handler.run(Server.java:2942)
"IPC Server handler 5 on default port 46655" daemon prio=5 tid=5264 timed_waiting
java.lang.Thread.State: TIMED_WAITING
        at sun.misc.Unsafe.park(Native Method)
        at java.util.concurrent.locks.LockSupport.parkNanos(LockSupport.java:215)
        at java.util.concurrent.locks.AbstractQueuedSynchronizer$ConditionObject.awaitNanos(AbstractQueuedSynchronizer.java:2078)
        at java.util.concurrent.LinkedBlockingQueue.poll(LinkedBlockingQueue.java:467)
        at org.apache.hadoop.ipc.CallQueueManager.take(CallQueueManager.java:317)
        at org.apache.hadoop.ipc.Server$Handler.run(Server.java:2942)
"IPC Server handler 7 on default port 36229" daemon prio=5 tid=5076 timed_waiting
java.lang.Thread.State: TIMED_WAITING
        at sun.misc.Unsafe.park(Native Method)
        at java.util.concurrent.locks.LockSupport.parkNanos(LockSupport.java:215)
        at java.util.concurrent.locks.AbstractQueuedSynchronizer$ConditionObject.awaitNanos(AbstractQueuedSynchronizer.java:2078)
        at java.util.concurrent.LinkedBlockingQueue.poll(LinkedBlockingQueue.java:467)
        at org.apache.hadoop.ipc.CallQueueManager.take(CallQueueManager.java:317)
        at org.apache.hadoop.ipc.Server$Handler.run(Server.java:2942)
"PartialTableCache Cleanup Thread - 0" daemon prio=5 tid=2705 in Object.wait()
java.lang.Thread.State: WAITING (on object monitor)
        at sun.misc.Unsafe.park(Native Method)
        at java.util.concurrent.locks.LockSupport.park(LockSupport.java:175)
        at java.util.concurrent.locks.AbstractQueuedSynchronizer$ConditionObject.await(AbstractQueuedSynchronizer.java:2039)
        at java.util.concurrent.LinkedBlockingQueue.take(LinkedBlockingQueue.java:442)
        at java.util.concurrent.ThreadPoolExecutor.getTask(ThreadPoolExecutor.java:1074)
        at java.util.concurrent.ThreadPoolExecutor.runWorker(ThreadPoolExecutor.java:1134)
        at java.util.concurrent.ThreadPoolExecutor$Worker.run(ThreadPoolExecutor.java:624)
        at java.lang.Thread.run(Thread.java:750)
"d13833ec-6fbd-42ed-a302-e7305c989f4f@group-84A159281B42->a4df1cd8-da8f-45ad-a02d-233f4b91e4ac-GrpcLogAppender-LogAppenderDaemon" daemon prio=5 tid=5932 timed_waiting
java.lang.Thread.State: TIMED_WAITING
        at sun.misc.Unsafe.park(Native Method)
        at java.util.concurrent.locks.LockSupport.parkNanos(LockSupport.java:215)
        at java.util.concurrent.CompletableFuture$Signaller.block(CompletableFuture.java:1709)
        at java.util.concurrent.ForkJoinPool.managedBlock(ForkJoinPool.java:3323)
        at java.util.concurrent.CompletableFuture.timedGet(CompletableFuture.java:1788)
        at java.util.concurrent.CompletableFuture.get(CompletableFuture.java:1928)
        at org.apache.ratis.util.AwaitForSignal.await(AwaitForSignal.java:56)
        at org.apache.ratis.grpc.server.GrpcLogAppender.mayWait(GrpcLogAppender.java:198)
        at org.apache.ratis.grpc.server.GrpcLogAppender.run(GrpcLogAppender.java:148)
        at org.apache.ratis.server.leader.LogAppenderDaemon.run(LogAppenderDaemon.java:78)
        at org.apache.ratis.server.leader.LogAppenderDaemon$$Lambda$1074/55374302.run(Unknown Source)
        at java.lang.Thread.run(Thread.java:750)
"qtp1556434335-5448" daemon prio=5 tid=5448 timed_waiting
java.lang.Thread.State: TIMED_WAITING
        at sun.misc.Unsafe.park(Native Method)
        at java.util.concurrent.locks.LockSupport.parkNanos(LockSupport.java:215)
        at java.util.concurrent.locks.AbstractQueuedSynchronizer$ConditionObject.awaitNanos(AbstractQueuedSynchronizer.java:2078)
        at org.eclipse.jetty.util.BlockingArrayQueue.poll(BlockingArrayQueue.java:382)
        at org.eclipse.jetty.util.thread.QueuedThreadPool$Runner.idleJobPoll(QueuedThreadPool.java:974)
        at org.eclipse.jetty.util.thread.QueuedThreadPool$Runner.run(QueuedThreadPool.java:1018)
        at java.lang.Thread.run(Thread.java:750)
"ContainerOp-e8dd15d0-68e9-4f12-a7cc-a9df22f54b30-3"  prio=5 tid=5989 in Object.wait()
java.lang.Thread.State: WAITING (on object monitor)
        at sun.misc.Unsafe.park(Native Method)
        at java.util.concurrent.locks.LockSupport.park(LockSupport.java:175)
        at java.util.concurrent.locks.AbstractQueuedSynchronizer$ConditionObject.await(AbstractQueuedSynchronizer.java:2039)
        at java.util.concurrent.LinkedBlockingQueue.take(LinkedBlockingQueue.java:442)
        at java.util.concurrent.ThreadPoolExecutor.getTask(ThreadPoolExecutor.java:1074)
        at java.util.concurrent.ThreadPoolExecutor.runWorker(ThreadPoolExecutor.java:1134)
        at java.util.concurrent.ThreadPoolExecutor$Worker.run(ThreadPoolExecutor.java:624)
        at java.lang.Thread.run(Thread.java:750)
"ChunkWriter-3-0" daemon prio=5 tid=4728 in Object.wait()
java.lang.Thread.State: WAITING (on object monitor)
        at sun.misc.Unsafe.park(Native Method)
        at java.util.concurrent.locks.LockSupport.park(LockSupport.java:175)
        at java.util.concurrent.locks.AbstractQueuedSynchronizer$ConditionObject.await(AbstractQueuedSynchronizer.java:2039)
        at java.util.concurrent.LinkedBlockingDeque.takeFirst(LinkedBlockingDeque.java:492)
        at java.util.concurrent.LinkedBlockingDeque.take(LinkedBlockingDeque.java:680)
        at java.util.concurrent.ThreadPoolExecutor.getTask(ThreadPoolExecutor.java:1074)
        at java.util.concurrent.ThreadPoolExecutor.runWorker(ThreadPoolExecutor.java:1134)
        at java.util.concurrent.ThreadPoolExecutor$Worker.run(ThreadPoolExecutor.java:624)
        at java.lang.Thread.run(Thread.java:750)
"Datanode ReportManager Thread - 3" daemon prio=5 tid=5470 in Object.wait()
java.lang.Thread.State: WAITING (on object monitor)
        at sun.misc.Unsafe.park(Native Method)
        at java.util.concurrent.locks.LockSupport.park(LockSupport.java:175)
        at java.util.concurrent.locks.AbstractQueuedSynchronizer$ConditionObject.await(AbstractQueuedSynchronizer.java:2039)
        at java.util.concurrent.ScheduledThreadPoolExecutor$DelayedWorkQueue.take(ScheduledThreadPoolExecutor.java:1088)
        at java.util.concurrent.ScheduledThreadPoolExecutor$DelayedWorkQueue.take(ScheduledThreadPoolExecutor.java:809)
        at java.util.concurrent.ThreadPoolExecutor.getTask(ThreadPoolExecutor.java:1074)
        at java.util.concurrent.ThreadPoolExecutor.runWorker(ThreadPoolExecutor.java:1134)
        at java.util.concurrent.ThreadPoolExecutor$Worker.run(ThreadPoolExecutor.java:624)
        at java.lang.Thread.run(Thread.java:750)
"ChunkReader-ELG-0" daemon prio=5 tid=5499 runnable
java.lang.Thread.State: RUNNABLE
        at org.apache.ratis.thirdparty.io.netty.channel.epoll.Native.epollWait(Native Method)
        at org.apache.ratis.thirdparty.io.netty.channel.epoll.Native.epollWait(Native.java:209)
        at org.apache.ratis.thirdparty.io.netty.channel.epoll.Native.epollWait(Native.java:202)
        at org.apache.ratis.thirdparty.io.netty.channel.epoll.EpollEventLoop.epollWaitNoTimerChange(EpollEventLoop.java:294)
        at org.apache.ratis.thirdparty.io.netty.channel.epoll.EpollEventLoop.run(EpollEventLoop.java:351)
        at org.apache.ratis.thirdparty.io.netty.util.concurrent.SingleThreadEventExecutor$4.run(SingleThreadEventExecutor.java:995)
        at org.apache.ratis.thirdparty.io.netty.util.internal.ThreadExecutorMap$2.run(ThreadExecutorMap.java:74)
        at java.lang.Thread.run(Thread.java:750)
"EndpointStateMachine task thread for /0.0.0.0:41047 - 0 "  prio=5 tid=4718 in Object.wait()
java.lang.Thread.State: WAITING (on object monitor)
        at sun.misc.Unsafe.park(Native Method)
        at java.util.concurrent.locks.LockSupport.park(LockSupport.java:175)
        at java.util.concurrent.locks.AbstractQueuedSynchronizer$ConditionObject.await(AbstractQueuedSynchronizer.java:2039)
        at java.util.concurrent.LinkedBlockingQueue.take(LinkedBlockingQueue.java:442)
        at java.util.concurrent.ThreadPoolExecutor.getTask(ThreadPoolExecutor.java:1074)
        at java.util.concurrent.ThreadPoolExecutor.runWorker(ThreadPoolExecutor.java:1134)
        at java.util.concurrent.ThreadPoolExecutor$Worker.run(ThreadPoolExecutor.java:624)
        at java.lang.Thread.run(Thread.java:750)
"ContainerReplicationThread-1" daemon prio=5 tid=6203 in Object.wait()
java.lang.Thread.State: WAITING (on object monitor)
        at sun.misc.Unsafe.park(Native Method)
        at java.util.concurrent.locks.LockSupport.park(LockSupport.java:175)
        at java.util.concurrent.locks.AbstractQueuedSynchronizer$ConditionObject.await(AbstractQueuedSynchronizer.java:2039)
        at java.util.concurrent.LinkedBlockingQueue.take(LinkedBlockingQueue.java:442)
        at java.util.concurrent.ThreadPoolExecutor.getTask(ThreadPoolExecutor.java:1074)
        at java.util.concurrent.ThreadPoolExecutor.runWorker(ThreadPoolExecutor.java:1134)
        at java.util.concurrent.ThreadPoolExecutor$Worker.run(ThreadPoolExecutor.java:624)
        at java.lang.Thread.run(Thread.java:750)
"IPC Client (1742234905) connection to 0.0.0.0/0.0.0.0:37589 from runner" daemon prio=5 tid=5391 timed_waiting
java.lang.Thread.State: TIMED_WAITING
        at java.lang.Object.wait(Native Method)
        at org.apache.hadoop.ipc.Client$Connection.waitForWork(Client.java:1086)
        at org.apache.hadoop.ipc.Client$Connection.run(Client.java:1133)
"BlockDeletingService#0" daemon prio=5 tid=4698 in Object.wait()
java.lang.Thread.State: WAITING (on object monitor)
        at sun.misc.Unsafe.park(Native Method)
        at java.util.concurrent.locks.LockSupport.park(LockSupport.java:175)
        at java.util.concurrent.locks.AbstractQueuedSynchronizer$ConditionObject.await(AbstractQueuedSynchronizer.java:2039)
        at java.util.concurrent.ScheduledThreadPoolExecutor$DelayedWorkQueue.take(ScheduledThreadPoolExecutor.java:1088)
        at java.util.concurrent.ScheduledThreadPoolExecutor$DelayedWorkQueue.take(ScheduledThreadPoolExecutor.java:809)
        at java.util.concurrent.ThreadPoolExecutor.getTask(ThreadPoolExecutor.java:1074)
        at java.util.concurrent.ThreadPoolExecutor.runWorker(ThreadPoolExecutor.java:1134)
        at java.util.concurrent.ThreadPoolExecutor$Worker.run(ThreadPoolExecutor.java:624)
        at java.lang.Thread.run(Thread.java:750)
"IPC Server handler 16 on default port 36229" daemon prio=5 tid=5085 timed_waiting
java.lang.Thread.State: TIMED_WAITING
        at sun.misc.Unsafe.park(Native Method)
        at java.util.concurrent.locks.LockSupport.parkNanos(LockSupport.java:215)
        at java.util.concurrent.locks.AbstractQueuedSynchronizer$ConditionObject.awaitNanos(AbstractQueuedSynchronizer.java:2078)
        at java.util.concurrent.LinkedBlockingQueue.poll(LinkedBlockingQueue.java:467)
        at org.apache.hadoop.ipc.CallQueueManager.take(CallQueueManager.java:317)
        at org.apache.hadoop.ipc.Server$Handler.run(Server.java:2942)
"StaleRecoveringContainerScrubbingService#1" daemon prio=5 tid=5569 in Object.wait()
java.lang.Thread.State: WAITING (on object monitor)
        at sun.misc.Unsafe.park(Native Method)
        at java.util.concurrent.locks.LockSupport.park(LockSupport.java:175)
        at java.util.concurrent.locks.AbstractQueuedSynchronizer$ConditionObject.await(AbstractQueuedSynchronizer.java:2039)
        at java.util.concurrent.ScheduledThreadPoolExecutor$DelayedWorkQueue.take(ScheduledThreadPoolExecutor.java:1088)
        at java.util.concurrent.ScheduledThreadPoolExecutor$DelayedWorkQueue.take(ScheduledThreadPoolExecutor.java:809)
        at java.util.concurrent.ThreadPoolExecutor.getTask(ThreadPoolExecutor.java:1074)
        at java.util.concurrent.ThreadPoolExecutor.runWorker(ThreadPoolExecutor.java:1134)
        at java.util.concurrent.ThreadPoolExecutor$Worker.run(ThreadPoolExecutor.java:624)
        at java.lang.Thread.run(Thread.java:750)
"qtp331051599-5384" daemon prio=5 tid=5384 timed_waiting
java.lang.Thread.State: TIMED_WAITING
        at sun.misc.Unsafe.park(Native Method)
        at java.util.concurrent.locks.LockSupport.parkNanos(LockSupport.java:215)
        at java.util.concurrent.locks.AbstractQueuedSynchronizer$ConditionObject.awaitNanos(AbstractQueuedSynchronizer.java:2078)
        at org.eclipse.jetty.util.BlockingArrayQueue.poll(BlockingArrayQueue.java:382)
        at org.eclipse.jetty.util.thread.QueuedThreadPool$Runner.idleJobPoll(QueuedThreadPool.java:974)
        at org.eclipse.jetty.util.thread.QueuedThreadPool$Runner.run(QueuedThreadPool.java:1018)
        at java.lang.Thread.run(Thread.java:750)
"f9a60067-2236-4cd7-b231-4cb6898cc822@group-10FAB4EE88CD-StateMachineUpdater" daemon prio=5 tid=5742 timed_waiting
java.lang.Thread.State: TIMED_WAITING
        at sun.misc.Unsafe.park(Native Method)
        at java.util.concurrent.locks.LockSupport.parkNanos(LockSupport.java:215)
        at java.util.concurrent.CompletableFuture$Signaller.block(CompletableFuture.java:1709)
        at java.util.concurrent.ForkJoinPool.managedBlock(ForkJoinPool.java:3323)
        at java.util.concurrent.CompletableFuture.timedGet(CompletableFuture.java:1788)
        at java.util.concurrent.CompletableFuture.get(CompletableFuture.java:1928)
        at org.apache.ratis.util.AwaitForSignal.await(AwaitForSignal.java:56)
        at org.apache.ratis.server.impl.StateMachineUpdater.waitForCommit(StateMachineUpdater.java:207)
        at org.apache.ratis.server.impl.StateMachineUpdater.run(StateMachineUpdater.java:176)
        at java.lang.Thread.run(Thread.java:750)
"Datanode State Machine Daemon Thread" daemon prio=5 tid=4491 timed_waiting
java.lang.Thread.State: TIMED_WAITING
        at java.lang.Thread.sleep(Native Method)
        at org.apache.hadoop.ozone.container.common.statemachine.DatanodeStateMachine.startStateMachineThread(DatanodeStateMachine.java:321)
        at org.apache.hadoop.ozone.container.common.statemachine.DatanodeStateMachine.lambda$startDaemon$0(DatanodeStateMachine.java:506)
        at org.apache.hadoop.ozone.container.common.statemachine.DatanodeStateMachine$$Lambda$785/1058385645.run(Unknown Source)
        at java.lang.Thread.run(Thread.java:750)
"ec-reconstruct-reader-TID-2"  prio=5 tid=5008 in Object.wait()
java.lang.Thread.State: WAITING (on object monitor)
        at sun.misc.Unsafe.park(Native Method)
        at java.util.concurrent.locks.LockSupport.park(LockSupport.java:175)
        at java.util.concurrent.SynchronousQueue$TransferStack.awaitFulfill(SynchronousQueue.java:458)
        at java.util.concurrent.SynchronousQueue$TransferStack.transfer(SynchronousQueue.java:362)
        at java.util.concurrent.SynchronousQueue.take(SynchronousQueue.java:924)
        at java.util.concurrent.ThreadPoolExecutor.getTask(ThreadPoolExecutor.java:1074)
        at java.util.concurrent.ThreadPoolExecutor.runWorker(ThreadPoolExecutor.java:1134)
        at java.util.concurrent.ThreadPoolExecutor$Worker.run(ThreadPoolExecutor.java:624)
        at java.lang.Thread.run(Thread.java:750)
"grpc-default-worker-ELG-3-1" daemon prio=5 tid=465 runnable
java.lang.Thread.State: RUNNABLE
        at org.apache.ratis.thirdparty.io.netty.channel.epoll.Native.epollWait0(Native Method)
        at org.apache.ratis.thirdparty.io.netty.channel.epoll.Native.epollWait(Native.java:182)
        at org.apache.ratis.thirdparty.io.netty.channel.epoll.EpollEventLoop.epollWait(EpollEventLoop.java:290)
        at org.apache.ratis.thirdparty.io.netty.channel.epoll.EpollEventLoop.run(EpollEventLoop.java:354)
        at org.apache.ratis.thirdparty.io.netty.util.concurrent.SingleThreadEventExecutor$4.run(SingleThreadEventExecutor.java:995)
        at org.apache.ratis.thirdparty.io.netty.util.internal.ThreadExecutorMap$2.run(ThreadExecutorMap.java:74)
        at org.apache.ratis.thirdparty.io.netty.util.concurrent.FastThreadLocalRunnable.run(FastThreadLocalRunnable.java:30)
        at java.lang.Thread.run(Thread.java:750)
"IPC Server handler 8 on default port 37589" daemon prio=5 tid=5118 timed_waiting
java.lang.Thread.State: TIMED_WAITING
        at sun.misc.Unsafe.park(Native Method)
        at java.util.concurrent.locks.LockSupport.parkNanos(LockSupport.java:215)
        at java.util.concurrent.locks.AbstractQueuedSynchronizer$ConditionObject.awaitNanos(AbstractQueuedSynchronizer.java:2078)
        at java.util.concurrent.LinkedBlockingQueue.poll(LinkedBlockingQueue.java:467)
        at org.apache.hadoop.ipc.CallQueueManager.take(CallQueueManager.java:317)
        at org.apache.hadoop.ipc.Server$Handler.run(Server.java:2942)
"IPC Server handler 10 on default port 41915" daemon prio=5 tid=5100 timed_waiting
java.lang.Thread.State: TIMED_WAITING
        at sun.misc.Unsafe.park(Native Method)
        at java.util.concurrent.locks.LockSupport.parkNanos(LockSupport.java:215)
        at java.util.concurrent.locks.AbstractQueuedSynchronizer$ConditionObject.awaitNanos(AbstractQueuedSynchronizer.java:2078)
        at java.util.concurrent.LinkedBlockingQueue.poll(LinkedBlockingQueue.java:467)
        at org.apache.hadoop.ipc.CallQueueManager.take(CallQueueManager.java:317)
        at org.apache.hadoop.ipc.Server$Handler.run(Server.java:2942)
"BlockDeletingService#2" daemon prio=5 tid=6193 in Object.wait()
java.lang.Thread.State: WAITING (on object monitor)
        at sun.misc.Unsafe.park(Native Method)
        at java.util.concurrent.locks.LockSupport.park(LockSupport.java:175)
        at java.util.concurrent.locks.AbstractQueuedSynchronizer$ConditionObject.await(AbstractQueuedSynchronizer.java:2039)
        at java.util.concurrent.ScheduledThreadPoolExecutor$DelayedWorkQueue.take(ScheduledThreadPoolExecutor.java:1088)
        at java.util.concurrent.ScheduledThreadPoolExecutor$DelayedWorkQueue.take(ScheduledThreadPoolExecutor.java:809)
        at java.util.concurrent.ThreadPoolExecutor.getTask(ThreadPoolExecutor.java:1074)
        at java.util.concurrent.ThreadPoolExecutor.runWorker(ThreadPoolExecutor.java:1134)
        at java.util.concurrent.ThreadPoolExecutor$Worker.run(ThreadPoolExecutor.java:624)
        at java.lang.Thread.run(Thread.java:750)
"Datanode State Machine Task Thread - 1"  prio=5 tid=4717 in Object.wait()
java.lang.Thread.State: WAITING (on object monitor)
        at sun.misc.Unsafe.park(Native Method)
        at java.util.concurrent.locks.LockSupport.park(LockSupport.java:175)
        at java.util.concurrent.locks.AbstractQueuedSynchronizer$ConditionObject.await(AbstractQueuedSynchronizer.java:2039)
        at java.util.concurrent.LinkedBlockingQueue.take(LinkedBlockingQueue.java:442)
        at java.util.concurrent.ThreadPoolExecutor.getTask(ThreadPoolExecutor.java:1074)
        at java.util.concurrent.ThreadPoolExecutor.runWorker(ThreadPoolExecutor.java:1134)
        at java.util.concurrent.ThreadPoolExecutor$Worker.run(ThreadPoolExecutor.java:624)
        at java.lang.Thread.run(Thread.java:750)
"IPC Server handler 7 on default port 37589" daemon prio=5 tid=5117 timed_waiting
java.lang.Thread.State: TIMED_WAITING
        at sun.misc.Unsafe.park(Native Method)
        at java.util.concurrent.locks.LockSupport.parkNanos(LockSupport.java:215)
        at java.util.concurrent.locks.AbstractQueuedSynchronizer$ConditionObject.awaitNanos(AbstractQueuedSynchronizer.java:2078)
        at java.util.concurrent.LinkedBlockingQueue.poll(LinkedBlockingQueue.java:467)
        at org.apache.hadoop.ipc.CallQueueManager.take(CallQueueManager.java:317)
        at org.apache.hadoop.ipc.Server$Handler.run(Server.java:2942)
"EventQueue-NodeReportForNodeReportHandler" daemon prio=5 tid=5689 in Object.wait()
java.lang.Thread.State: WAITING (on object monitor)
        at sun.misc.Unsafe.park(Native Method)
        at java.util.concurrent.locks.LockSupport.park(LockSupport.java:175)
        at java.util.concurrent.locks.AbstractQueuedSynchronizer$ConditionObject.await(AbstractQueuedSynchronizer.java:2039)
        at java.util.concurrent.LinkedBlockingQueue.take(LinkedBlockingQueue.java:442)
        at java.util.concurrent.ThreadPoolExecutor.getTask(ThreadPoolExecutor.java:1074)
        at java.util.concurrent.ThreadPoolExecutor.runWorker(ThreadPoolExecutor.java:1134)
        at java.util.concurrent.ThreadPoolExecutor$Worker.run(ThreadPoolExecutor.java:624)
        at java.lang.Thread.run(Thread.java:750)
"org.apache.hadoop.ozone.container.common.statemachine.commandhandler.DeleteBlocksCommandHandler$DeleteCmdWorker@7740d70d" daemon prio=5 tid=5376 timed_waiting
java.lang.Thread.State: TIMED_WAITING
        at java.lang.Thread.sleep(Native Method)
        at org.apache.hadoop.ozone.container.common.statemachine.commandhandler.DeleteBlocksCommandHandler$DeleteCmdWorker.run(DeleteBlocksCommandHandler.java:184)
        at java.lang.Thread.run(Thread.java:750)
"Datanode State Machine Task Thread - 0"  prio=5 tid=5474 in Object.wait()
java.lang.Thread.State: WAITING (on object monitor)
        at sun.misc.Unsafe.park(Native Method)
        at java.util.concurrent.locks.LockSupport.park(LockSupport.java:175)
        at java.util.concurrent.locks.AbstractQueuedSynchronizer$ConditionObject.await(AbstractQueuedSynchronizer.java:2039)
        at java.util.concurrent.LinkedBlockingQueue.take(LinkedBlockingQueue.java:442)
        at java.util.concurrent.ThreadPoolExecutor.getTask(ThreadPoolExecutor.java:1074)
        at java.util.concurrent.ThreadPoolExecutor.runWorker(ThreadPoolExecutor.java:1134)
        at java.util.concurrent.ThreadPoolExecutor$Worker.run(ThreadPoolExecutor.java:624)
        at java.lang.Thread.run(Thread.java:750)
"IPC Server handler 18 on default port 46655" daemon prio=5 tid=5277 timed_waiting
java.lang.Thread.State: TIMED_WAITING
        at sun.misc.Unsafe.park(Native Method)
        at java.util.concurrent.locks.LockSupport.parkNanos(LockSupport.java:215)
        at java.util.concurrent.locks.AbstractQueuedSynchronizer$ConditionObject.awaitNanos(AbstractQueuedSynchronizer.java:2078)
        at java.util.concurrent.LinkedBlockingQueue.poll(LinkedBlockingQueue.java:467)
        at org.apache.hadoop.ipc.CallQueueManager.take(CallQueueManager.java:317)
        at org.apache.hadoop.ipc.Server$Handler.run(Server.java:2942)
"IPC Server handler 12 on default port 45167" daemon prio=5 tid=6128 timed_waiting
java.lang.Thread.State: TIMED_WAITING
        at sun.misc.Unsafe.park(Native Method)
        at java.util.concurrent.locks.LockSupport.parkNanos(LockSupport.java:215)
        at java.util.concurrent.locks.AbstractQueuedSynchronizer$ConditionObject.awaitNanos(AbstractQueuedSynchronizer.java:2078)
        at java.util.concurrent.LinkedBlockingQueue.poll(LinkedBlockingQueue.java:467)
        at org.apache.hadoop.ipc.CallQueueManager.take(CallQueueManager.java:317)
        at org.apache.hadoop.ipc.Server$Handler.run(Server.java:2942)
"EndpointStateMachine task thread for /0.0.0.0:37589 - 0 "  prio=5 tid=5547 in Object.wait()
java.lang.Thread.State: WAITING (on object monitor)
        at sun.misc.Unsafe.park(Native Method)
        at java.util.concurrent.locks.LockSupport.park(LockSupport.java:175)
        at java.util.concurrent.locks.AbstractQueuedSynchronizer$ConditionObject.await(AbstractQueuedSynchronizer.java:2039)
        at java.util.concurrent.LinkedBlockingQueue.take(LinkedBlockingQueue.java:442)
        at java.util.concurrent.ThreadPoolExecutor.getTask(ThreadPoolExecutor.java:1074)
        at java.util.concurrent.ThreadPoolExecutor.runWorker(ThreadPoolExecutor.java:1134)
        at java.util.concurrent.ThreadPoolExecutor$Worker.run(ThreadPoolExecutor.java:624)
        at java.lang.Thread.run(Thread.java:750)
"IPC Server handler 4 on default port 39971" daemon prio=5 tid=6100 timed_waiting
java.lang.Thread.State: TIMED_WAITING
        at sun.misc.Unsafe.park(Native Method)
        at java.util.concurrent.locks.LockSupport.parkNanos(LockSupport.java:215)
        at java.util.concurrent.locks.AbstractQueuedSynchronizer$ConditionObject.awaitNanos(AbstractQueuedSynchronizer.java:2078)
        at java.util.concurrent.LinkedBlockingQueue.poll(LinkedBlockingQueue.java:467)
        at org.apache.hadoop.ipc.CallQueueManager.take(CallQueueManager.java:317)
        at org.apache.hadoop.ipc.Server$Handler.run(Server.java:2942)
"om1@group-C5BA1605619E-SegmentedRaftLogWorker"  prio=5 tid=5240 timed_waiting
java.lang.Thread.State: TIMED_WAITING
        at sun.misc.Unsafe.park(Native Method)
        at java.util.concurrent.locks.LockSupport.parkNanos(LockSupport.java:215)
        at java.util.concurrent.locks.AbstractQueuedSynchronizer$ConditionObject.awaitNanos(AbstractQueuedSynchronizer.java:2078)
        at org.apache.ratis.util.DataBlockingQueue.poll(DataBlockingQueue.java:148)
        at org.apache.ratis.server.raftlog.segmented.SegmentedRaftLogWorker.run(SegmentedRaftLogWorker.java:310)
        at org.apache.ratis.server.raftlog.segmented.SegmentedRaftLogWorker$$Lambda$699/1565409370.run(Unknown Source)
        at java.lang.Thread.run(Thread.java:750)
"IPC Server handler 2 on default port 46655" daemon prio=5 tid=5261 timed_waiting
java.lang.Thread.State: TIMED_WAITING
        at sun.misc.Unsafe.park(Native Method)
        at java.util.concurrent.locks.LockSupport.parkNanos(LockSupport.java:215)
        at java.util.concurrent.locks.AbstractQueuedSynchronizer$ConditionObject.awaitNanos(AbstractQueuedSynchronizer.java:2078)
        at java.util.concurrent.LinkedBlockingQueue.poll(LinkedBlockingQueue.java:467)
        at org.apache.hadoop.ipc.CallQueueManager.take(CallQueueManager.java:317)
        at org.apache.hadoop.ipc.Server$Handler.run(Server.java:2942)
"SCM Heartbeat Processing Thread - 0" daemon prio=5 tid=5036 timed_waiting
java.lang.Thread.State: TIMED_WAITING
        at sun.misc.Unsafe.park(Native Method)
        at java.util.concurrent.locks.LockSupport.parkNanos(LockSupport.java:215)
        at java.util.concurrent.locks.AbstractQueuedSynchronizer$ConditionObject.awaitNanos(AbstractQueuedSynchronizer.java:2078)
        at java.util.concurrent.ScheduledThreadPoolExecutor$DelayedWorkQueue.take(ScheduledThreadPoolExecutor.java:1093)
        at java.util.concurrent.ScheduledThreadPoolExecutor$DelayedWorkQueue.take(ScheduledThreadPoolExecutor.java:809)
        at java.util.concurrent.ThreadPoolExecutor.getTask(ThreadPoolExecutor.java:1074)
        at java.util.concurrent.ThreadPoolExecutor.runWorker(ThreadPoolExecutor.java:1134)
        at java.util.concurrent.ThreadPoolExecutor$Worker.run(ThreadPoolExecutor.java:624)
        at java.lang.Thread.run(Thread.java:750)
"qtp1556434335-5447" daemon prio=5 tid=5447 timed_waiting
java.lang.Thread.State: TIMED_WAITING
        at sun.misc.Unsafe.park(Native Method)
        at java.util.concurrent.locks.LockSupport.parkNanos(LockSupport.java:215)
        at java.util.concurrent.locks.AbstractQueuedSynchronizer$ConditionObject.awaitNanos(AbstractQueuedSynchronizer.java:2078)
        at org.eclipse.jetty.util.BlockingArrayQueue.poll(BlockingArrayQueue.java:382)
        at org.eclipse.jetty.util.thread.QueuedThreadPool$Runner.idleJobPoll(QueuedThreadPool.java:974)
        at org.eclipse.jetty.util.thread.QueuedThreadPool$Runner.run(QueuedThreadPool.java:1018)
        at java.lang.Thread.run(Thread.java:750)
"IPC Server handler 17 on default port 45167" daemon prio=5 tid=6133 timed_waiting
java.lang.Thread.State: TIMED_WAITING
        at sun.misc.Unsafe.park(Native Method)
        at java.util.concurrent.locks.LockSupport.parkNanos(LockSupport.java:215)
        at java.util.concurrent.locks.AbstractQueuedSynchronizer$ConditionObject.awaitNanos(AbstractQueuedSynchronizer.java:2078)
        at java.util.concurrent.LinkedBlockingQueue.poll(LinkedBlockingQueue.java:467)
        at org.apache.hadoop.ipc.CallQueueManager.take(CallQueueManager.java:317)
        at org.apache.hadoop.ipc.Server$Handler.run(Server.java:2942)
"Datanode ReportManager Thread - 1" daemon prio=5 tid=4588 in Object.wait()
java.lang.Thread.State: WAITING (on object monitor)
        at sun.misc.Unsafe.park(Native Method)
        at java.util.concurrent.locks.LockSupport.park(LockSupport.java:175)
        at java.util.concurrent.locks.AbstractQueuedSynchronizer$ConditionObject.await(AbstractQueuedSynchronizer.java:2039)
        at java.util.concurrent.ScheduledThreadPoolExecutor$DelayedWorkQueue.take(ScheduledThreadPoolExecutor.java:1088)
        at java.util.concurrent.ScheduledThreadPoolExecutor$DelayedWorkQueue.take(ScheduledThreadPoolExecutor.java:809)
        at java.util.concurrent.ThreadPoolExecutor.getTask(ThreadPoolExecutor.java:1074)
        at java.util.concurrent.ThreadPoolExecutor.runWorker(ThreadPoolExecutor.java:1134)
        at java.util.concurrent.ThreadPoolExecutor$Worker.run(ThreadPoolExecutor.java:624)
        at java.lang.Thread.run(Thread.java:750)
"qtp1707098790-4610" daemon prio=5 tid=4610 timed_waiting
java.lang.Thread.State: TIMED_WAITING
        at sun.misc.Unsafe.park(Native Method)
        at java.util.concurrent.locks.LockSupport.parkNanos(LockSupport.java:215)
        at java.util.concurrent.locks.AbstractQueuedSynchronizer$ConditionObject.awaitNanos(AbstractQueuedSynchronizer.java:2078)
        at org.eclipse.jetty.util.BlockingArrayQueue.poll(BlockingArrayQueue.java:382)
        at org.eclipse.jetty.util.thread.QueuedThreadPool$Runner.idleJobPoll(QueuedThreadPool.java:974)
        at org.eclipse.jetty.util.thread.QueuedThreadPool$Runner.run(QueuedThreadPool.java:1018)
        at java.lang.Thread.run(Thread.java:750)
"IPC Server handler 7 on default port 46655" daemon prio=5 tid=5266 timed_waiting
java.lang.Thread.State: TIMED_WAITING
        at sun.misc.Unsafe.park(Native Method)
        at java.util.concurrent.locks.LockSupport.parkNanos(LockSupport.java:215)
        at java.util.concurrent.locks.AbstractQueuedSynchronizer$ConditionObject.awaitNanos(AbstractQueuedSynchronizer.java:2078)
        at java.util.concurrent.LinkedBlockingQueue.poll(LinkedBlockingQueue.java:467)
        at org.apache.hadoop.ipc.CallQueueManager.take(CallQueueManager.java:317)
        at org.apache.hadoop.ipc.Server$Handler.run(Server.java:2942)
"JvmPauseMonitor57" daemon prio=5 tid=5564 timed_waiting
java.lang.Thread.State: TIMED_WAITING
        at java.lang.Thread.sleep(Native Method)
        at java.lang.Thread.sleep(Thread.java:342)
        at java.util.concurrent.TimeUnit.sleep(TimeUnit.java:386)
        at org.apache.ratis.util.TimeDuration.sleep(TimeDuration.java:325)
        at org.apache.ratis.util.TimeDuration.sleep(TimeDuration.java:310)
        at org.apache.ratis.util.JvmPauseMonitor.detectPause(JvmPauseMonitor.java:119)
        at org.apache.ratis.util.JvmPauseMonitor.run(JvmPauseMonitor.java:108)
        at org.apache.ratis.util.JvmPauseMonitor$$Lambda$740/613108676.run(Unknown Source)
        at java.lang.Thread.run(Thread.java:750)
"ChunkWriter-2-0" daemon prio=5 tid=5394 in Object.wait()
java.lang.Thread.State: WAITING (on object monitor)
        at sun.misc.Unsafe.park(Native Method)
        at java.util.concurrent.locks.LockSupport.park(LockSupport.java:175)
        at java.util.concurrent.locks.AbstractQueuedSynchronizer$ConditionObject.await(AbstractQueuedSynchronizer.java:2039)
        at java.util.concurrent.LinkedBlockingDeque.takeFirst(LinkedBlockingDeque.java:492)
        at java.util.concurrent.LinkedBlockingDeque.take(LinkedBlockingDeque.java:680)
        at java.util.concurrent.ThreadPoolExecutor.getTask(ThreadPoolExecutor.java:1074)
        at java.util.concurrent.ThreadPoolExecutor.runWorker(ThreadPoolExecutor.java:1134)
        at java.util.concurrent.ThreadPoolExecutor$Worker.run(ThreadPoolExecutor.java:624)
        at java.lang.Thread.run(Thread.java:750)
"FixedThreadPoolWithAffinityExecutor-1-0" daemon prio=5 tid=5058 timed_waiting
java.lang.Thread.State: TIMED_WAITING
        at sun.misc.Unsafe.park(Native Method)
        at java.util.concurrent.locks.LockSupport.parkNanos(LockSupport.java:215)
        at java.util.concurrent.locks.AbstractQueuedSynchronizer$ConditionObject.awaitNanos(AbstractQueuedSynchronizer.java:2078)
        at java.util.concurrent.LinkedBlockingQueue.poll(LinkedBlockingQueue.java:467)
        at org.apache.hadoop.hdds.scm.server.ContainerReportQueue.poll(ContainerReportQueue.java:266)
        at org.apache.hadoop.hdds.scm.server.ContainerReportQueue.poll(ContainerReportQueue.java:42)
        at org.apache.hadoop.hdds.server.events.FixedThreadPoolWithAffinityExecutor$ContainerReportProcessTask.run(FixedThreadPoolWithAffinityExecutor.java:248)
        at java.util.concurrent.Executors$RunnableAdapter.call(Executors.java:511)
        at java.util.concurrent.FutureTask.run(FutureTask.java:266)
        at java.util.concurrent.ThreadPoolExecutor.runWorker(ThreadPoolExecutor.java:1149)
        at java.util.concurrent.ThreadPoolExecutor$Worker.run(ThreadPoolExecutor.java:624)
        at java.lang.Thread.run(Thread.java:750)
"BlockDeletingService#1" daemon prio=5 tid=4712 timed_waiting
java.lang.Thread.State: TIMED_WAITING
        at sun.misc.Unsafe.park(Native Method)
        at java.util.concurrent.locks.LockSupport.parkNanos(LockSupport.java:215)
        at java.util.concurrent.locks.AbstractQueuedSynchronizer$ConditionObject.awaitNanos(AbstractQueuedSynchronizer.java:2078)
        at java.util.concurrent.ScheduledThreadPoolExecutor$DelayedWorkQueue.take(ScheduledThreadPoolExecutor.java:1093)
        at java.util.concurrent.ScheduledThreadPoolExecutor$DelayedWorkQueue.take(ScheduledThreadPoolExecutor.java:809)
        at java.util.concurrent.ThreadPoolExecutor.getTask(ThreadPoolExecutor.java:1074)
        at java.util.concurrent.ThreadPoolExecutor.runWorker(ThreadPoolExecutor.java:1134)
        at java.util.concurrent.ThreadPoolExecutor$Worker.run(ThreadPoolExecutor.java:624)
        at java.lang.Thread.run(Thread.java:750)
"qtp1707098790-4608" daemon prio=5 tid=4608 timed_waiting
java.lang.Thread.State: TIMED_WAITING
        at sun.misc.Unsafe.park(Native Method)
        at java.util.concurrent.locks.LockSupport.parkNanos(LockSupport.java:215)
        at java.util.concurrent.locks.AbstractQueuedSynchronizer$ConditionObject.awaitNanos(AbstractQueuedSynchronizer.java:2078)
        at org.eclipse.jetty.util.BlockingArrayQueue.poll(BlockingArrayQueue.java:382)
        at org.eclipse.jetty.util.thread.QueuedThreadPool$Runner.idleJobPoll(QueuedThreadPool.java:974)
        at org.eclipse.jetty.util.thread.QueuedThreadPool$Runner.run(QueuedThreadPool.java:1018)
        at java.lang.Thread.run(Thread.java:750)
"Datanode ReportManager Thread - 2" daemon prio=5 tid=4494 in Object.wait()
java.lang.Thread.State: WAITING (on object monitor)
        at sun.misc.Unsafe.park(Native Method)
        at java.util.concurrent.locks.LockSupport.park(LockSupport.java:175)
        at java.util.concurrent.locks.AbstractQueuedSynchronizer$ConditionObject.await(AbstractQueuedSynchronizer.java:2039)
        at java.util.concurrent.ScheduledThreadPoolExecutor$DelayedWorkQueue.take(ScheduledThreadPoolExecutor.java:1088)
        at java.util.concurrent.ScheduledThreadPoolExecutor$DelayedWorkQueue.take(ScheduledThreadPoolExecutor.java:809)
        at java.util.concurrent.ThreadPoolExecutor.getTask(ThreadPoolExecutor.java:1074)
        at java.util.concurrent.ThreadPoolExecutor.runWorker(ThreadPoolExecutor.java:1134)
        at java.util.concurrent.ThreadPoolExecutor$Worker.run(ThreadPoolExecutor.java:624)
        at java.lang.Thread.run(Thread.java:750)
"BlockDeletingService#2" daemon prio=5 tid=6195 in Object.wait()
java.lang.Thread.State: WAITING (on object monitor)
        at sun.misc.Unsafe.park(Native Method)
        at java.util.concurrent.locks.LockSupport.park(LockSupport.java:175)
        at java.util.concurrent.locks.AbstractQueuedSynchronizer$ConditionObject.await(AbstractQueuedSynchronizer.java:2039)
        at java.util.concurrent.ScheduledThreadPoolExecutor$DelayedWorkQueue.take(ScheduledThreadPoolExecutor.java:1088)
        at java.util.concurrent.ScheduledThreadPoolExecutor$DelayedWorkQueue.take(ScheduledThreadPoolExecutor.java:809)
        at java.util.concurrent.ThreadPoolExecutor.getTask(ThreadPoolExecutor.java:1074)
        at java.util.concurrent.ThreadPoolExecutor.runWorker(ThreadPoolExecutor.java:1134)
        at java.util.concurrent.ThreadPoolExecutor$Worker.run(ThreadPoolExecutor.java:624)
        at java.lang.Thread.run(Thread.java:750)
"qtp1525027227-6165-acceptor-0@a1ea93e-ServerConnector@1dfd3635{HTTP/1.1, (http/1.1)}{0.0.0.0:45749}" daemon prio=3 tid=6165 runnable
java.lang.Thread.State: RUNNABLE
        at sun.nio.ch.ServerSocketChannelImpl.accept0(Native Method)
        at sun.nio.ch.ServerSocketChannelImpl.accept(ServerSocketChannelImpl.java:421)
        at sun.nio.ch.ServerSocketChannelImpl.accept(ServerSocketChannelImpl.java:249)
        at org.eclipse.jetty.server.ServerConnector.accept(ServerConnector.java:388)
        at org.eclipse.jetty.server.AbstractConnector$Acceptor.run(AbstractConnector.java:704)
        at org.eclipse.jetty.util.thread.QueuedThreadPool.runJob(QueuedThreadPool.java:883)
        at org.eclipse.jetty.util.thread.QueuedThreadPool$Runner.run(QueuedThreadPool.java:1034)
        at java.lang.Thread.run(Thread.java:750)
"qtp514050540-5420-acceptor-0@26bad705-ServerConnector@2e15dfca{HTTP/1.1, (http/1.1)}{0.0.0.0:38291}" daemon prio=3 tid=5420 runnable
java.lang.Thread.State: RUNNABLE
        at sun.nio.ch.ServerSocketChannelImpl.accept0(Native Method)
        at sun.nio.ch.ServerSocketChannelImpl.accept(ServerSocketChannelImpl.java:421)
        at sun.nio.ch.ServerSocketChannelImpl.accept(ServerSocketChannelImpl.java:249)
        at org.eclipse.jetty.server.ServerConnector.accept(ServerConnector.java:388)
        at org.eclipse.jetty.server.AbstractConnector$Acceptor.run(AbstractConnector.java:704)
        at org.eclipse.jetty.util.thread.QueuedThreadPool.runJob(QueuedThreadPool.java:883)
        at org.eclipse.jetty.util.thread.QueuedThreadPool$Runner.run(QueuedThreadPool.java:1034)
        at java.lang.Thread.run(Thread.java:750)
"FixedThreadPoolWithAffinityExecutor-0-0" daemon prio=5 tid=6083 timed_waiting
java.lang.Thread.State: TIMED_WAITING
        at sun.misc.Unsafe.park(Native Method)
        at java.util.concurrent.locks.LockSupport.parkNanos(LockSupport.java:215)
        at java.util.concurrent.locks.AbstractQueuedSynchronizer$ConditionObject.awaitNanos(AbstractQueuedSynchronizer.java:2078)
        at java.util.concurrent.LinkedBlockingQueue.poll(LinkedBlockingQueue.java:467)
        at org.apache.hadoop.hdds.scm.server.ContainerReportQueue.poll(ContainerReportQueue.java:266)
        at org.apache.hadoop.hdds.scm.server.ContainerReportQueue.poll(ContainerReportQueue.java:42)
        at org.apache.hadoop.hdds.server.events.FixedThreadPoolWithAffinityExecutor$ContainerReportProcessTask.run(FixedThreadPoolWithAffinityExecutor.java:248)
        at java.util.concurrent.Executors$RunnableAdapter.call(Executors.java:511)
        at java.util.concurrent.FutureTask.run(FutureTask.java:266)
        at java.util.concurrent.ThreadPoolExecutor.runWorker(ThreadPoolExecutor.java:1149)
        at java.util.concurrent.ThreadPoolExecutor$Worker.run(ThreadPoolExecutor.java:624)
        at java.lang.Thread.run(Thread.java:750)
"EndpointStateMachine task thread for /0.0.0.0:41047 - 0 "  prio=5 tid=4625 in Object.wait()
java.lang.Thread.State: WAITING (on object monitor)
        at sun.misc.Unsafe.park(Native Method)
        at java.util.concurrent.locks.LockSupport.park(LockSupport.java:175)
        at java.util.concurrent.locks.AbstractQueuedSynchronizer$ConditionObject.await(AbstractQueuedSynchronizer.java:2039)
        at java.util.concurrent.LinkedBlockingQueue.take(LinkedBlockingQueue.java:442)
        at java.util.concurrent.ThreadPoolExecutor.getTask(ThreadPoolExecutor.java:1074)
        at java.util.concurrent.ThreadPoolExecutor.runWorker(ThreadPoolExecutor.java:1134)
        at java.util.concurrent.ThreadPoolExecutor$Worker.run(ThreadPoolExecutor.java:624)
        at java.lang.Thread.run(Thread.java:750)
"qtp892092214-5347" daemon prio=5 tid=5347 runnable
java.lang.Thread.State: RUNNABLE
        at sun.nio.ch.EPollArrayWrapper.epollWait(Native Method)
        at sun.nio.ch.EPollArrayWrapper.poll(EPollArrayWrapper.java:269)
        at sun.nio.ch.EPollSelectorImpl.doSelect(EPollSelectorImpl.java:93)
        at sun.nio.ch.SelectorImpl.lockAndDoSelect(SelectorImpl.java:86)
        at sun.nio.ch.SelectorImpl.select(SelectorImpl.java:97)
        at sun.nio.ch.SelectorImpl.select(SelectorImpl.java:101)
        at org.eclipse.jetty.io.ManagedSelector.nioSelect(ManagedSelector.java:183)
        at org.eclipse.jetty.io.ManagedSelector.select(ManagedSelector.java:190)
        at org.eclipse.jetty.io.ManagedSelector$SelectorProducer.select(ManagedSelector.java:606)
        at org.eclipse.jetty.io.ManagedSelector$SelectorProducer.produce(ManagedSelector.java:543)
        at org.eclipse.jetty.util.thread.strategy.EatWhatYouKill.produceTask(EatWhatYouKill.java:362)
        at org.eclipse.jetty.util.thread.strategy.EatWhatYouKill.doProduce(EatWhatYouKill.java:186)
        at org.eclipse.jetty.util.thread.strategy.EatWhatYouKill.tryProduce(EatWhatYouKill.java:173)
        at org.eclipse.jetty.util.thread.strategy.EatWhatYouKill.produce(EatWhatYouKill.java:137)
        at org.eclipse.jetty.io.ManagedSelector$$Lambda$480/780706792.run(Unknown Source)
        at org.eclipse.jetty.util.thread.QueuedThreadPool.runJob(QueuedThreadPool.java:883)
        at org.eclipse.jetty.util.thread.QueuedThreadPool$Runner.run(QueuedThreadPool.java:1034)
        at java.lang.Thread.run(Thread.java:750)
"c61a6fab-067e-4f96-a855-8be46dab7c65@group-03ECC6030D10-SegmentedRaftLogWorker"  prio=5 tid=5700 timed_waiting
java.lang.Thread.State: TIMED_WAITING
        at sun.misc.Unsafe.park(Native Method)
        at java.util.concurrent.locks.LockSupport.parkNanos(LockSupport.java:215)
        at java.util.concurrent.locks.AbstractQueuedSynchronizer$ConditionObject.awaitNanos(AbstractQueuedSynchronizer.java:2078)
        at org.apache.ratis.util.DataBlockingQueue.poll(DataBlockingQueue.java:148)
        at org.apache.ratis.server.raftlog.segmented.SegmentedRaftLogWorker.run(SegmentedRaftLogWorker.java:310)
        at org.apache.ratis.server.raftlog.segmented.SegmentedRaftLogWorker$$Lambda$699/1565409370.run(Unknown Source)
        at java.lang.Thread.run(Thread.java:750)
"qtp166603980-5296" daemon prio=5 tid=5296 timed_waiting
java.lang.Thread.State: TIMED_WAITING
        at sun.misc.Unsafe.park(Native Method)
        at java.util.concurrent.locks.LockSupport.parkNanos(LockSupport.java:215)
        at java.util.concurrent.locks.AbstractQueuedSynchronizer$ConditionObject.awaitNanos(AbstractQueuedSynchronizer.java:2078)
        at org.eclipse.jetty.util.BlockingArrayQueue.poll(BlockingArrayQueue.java:382)
        at org.eclipse.jetty.util.thread.QueuedThreadPool$Runner.idleJobPoll(QueuedThreadPool.java:974)
        at org.eclipse.jetty.util.thread.QueuedThreadPool$Runner.run(QueuedThreadPool.java:1018)
        at java.lang.Thread.run(Thread.java:750)
"BackgroundPipelineScrubberThread" daemon prio=5 tid=5038 timed_waiting
java.lang.Thread.State: TIMED_WAITING
        at java.lang.Object.wait(Native Method)
        at org.apache.hadoop.hdds.scm.ha.BackgroundSCMService.run(BackgroundSCMService.java:110)
        at org.apache.hadoop.hdds.scm.ha.BackgroundSCMService$$Lambda$409/1734120244.run(Unknown Source)
        at java.lang.Thread.run(Thread.java:750)
"qtp1525027227-6170" daemon prio=5 tid=6170 timed_waiting
java.lang.Thread.State: TIMED_WAITING
        at sun.misc.Unsafe.park(Native Method)
        at java.util.concurrent.locks.LockSupport.parkNanos(LockSupport.java:215)
        at java.util.concurrent.locks.AbstractQueuedSynchronizer$ConditionObject.awaitNanos(AbstractQueuedSynchronizer.java:2078)
        at org.eclipse.jetty.util.BlockingArrayQueue.poll(BlockingArrayQueue.java:382)
        at org.eclipse.jetty.util.thread.QueuedThreadPool$Runner.idleJobPoll(QueuedThreadPool.java:974)
        at org.eclipse.jetty.util.thread.QueuedThreadPool$Runner.run(QueuedThreadPool.java:1018)
        at java.lang.Thread.run(Thread.java:750)
"qtp1086850858-5254" daemon prio=5 tid=5254 timed_waiting
java.lang.Thread.State: TIMED_WAITING
        at sun.misc.Unsafe.park(Native Method)
        at java.util.concurrent.locks.LockSupport.parkNanos(LockSupport.java:215)
        at java.util.concurrent.locks.AbstractQueuedSynchronizer$ConditionObject.awaitNanos(AbstractQueuedSynchronizer.java:2078)
        at org.eclipse.jetty.util.BlockingArrayQueue.poll(BlockingArrayQueue.java:382)
        at org.eclipse.jetty.util.thread.QueuedThreadPool$Runner.idleJobPoll(QueuedThreadPool.java:974)
        at org.eclipse.jetty.util.thread.QueuedThreadPool$Runner.run(QueuedThreadPool.java:1018)
        at java.lang.Thread.run(Thread.java:750)
"Periodic HDDS volume checker" daemon prio=5 tid=5311 timed_waiting
java.lang.Thread.State: TIMED_WAITING
        at sun.misc.Unsafe.park(Native Method)
        at java.util.concurrent.locks.LockSupport.parkNanos(LockSupport.java:215)
        at java.util.concurrent.locks.AbstractQueuedSynchronizer$ConditionObject.awaitNanos(AbstractQueuedSynchronizer.java:2078)
        at java.util.concurrent.ScheduledThreadPoolExecutor$DelayedWorkQueue.take(ScheduledThreadPoolExecutor.java:1093)
        at java.util.concurrent.ScheduledThreadPoolExecutor$DelayedWorkQueue.take(ScheduledThreadPoolExecutor.java:809)
        at java.util.concurrent.ThreadPoolExecutor.getTask(ThreadPoolExecutor.java:1074)
        at java.util.concurrent.ThreadPoolExecutor.runWorker(ThreadPoolExecutor.java:1134)
        at java.util.concurrent.ThreadPoolExecutor$Worker.run(ThreadPoolExecutor.java:624)
        at java.lang.Thread.run(Thread.java:750)
"qtp1251079119-4346" daemon prio=5 tid=4346 timed_waiting
java.lang.Thread.State: TIMED_WAITING
        at sun.misc.Unsafe.park(Native Method)
        at java.util.concurrent.locks.LockSupport.parkNanos(LockSupport.java:215)
        at java.util.concurrent.locks.AbstractQueuedSynchronizer$ConditionObject.awaitNanos(AbstractQueuedSynchronizer.java:2078)
        at org.eclipse.jetty.util.BlockingArrayQueue.poll(BlockingArrayQueue.java:382)
        at org.eclipse.jetty.util.thread.QueuedThreadPool$Runner.idleJobPoll(QueuedThreadPool.java:974)
        at org.eclipse.jetty.util.thread.QueuedThreadPool$Runner.run(QueuedThreadPool.java:1018)
        at java.lang.Thread.run(Thread.java:750)
"StaleRecoveringContainerScrubbingService#0" daemon prio=5 tid=4687 in Object.wait()
java.lang.Thread.State: WAITING (on object monitor)
        at sun.misc.Unsafe.park(Native Method)
        at java.util.concurrent.locks.LockSupport.park(LockSupport.java:175)
        at java.util.concurrent.locks.AbstractQueuedSynchronizer$ConditionObject.await(AbstractQueuedSynchronizer.java:2039)
        at java.util.concurrent.ScheduledThreadPoolExecutor$DelayedWorkQueue.take(ScheduledThreadPoolExecutor.java:1088)
        at java.util.concurrent.ScheduledThreadPoolExecutor$DelayedWorkQueue.take(ScheduledThreadPoolExecutor.java:809)
        at java.util.concurrent.ThreadPoolExecutor.getTask(ThreadPoolExecutor.java:1074)
        at java.util.concurrent.ThreadPoolExecutor.runWorker(ThreadPoolExecutor.java:1134)
        at java.util.concurrent.ThreadPoolExecutor$Worker.run(ThreadPoolExecutor.java:624)
        at java.lang.Thread.run(Thread.java:750)
"pool-2466-thread-1" daemon prio=5 tid=5341 timed_waiting
java.lang.Thread.State: TIMED_WAITING
        at sun.misc.Unsafe.park(Native Method)
        at java.util.concurrent.locks.LockSupport.parkNanos(LockSupport.java:215)
        at java.util.concurrent.locks.AbstractQueuedSynchronizer$ConditionObject.awaitNanos(AbstractQueuedSynchronizer.java:2078)
        at java.util.concurrent.ScheduledThreadPoolExecutor$DelayedWorkQueue.take(ScheduledThreadPoolExecutor.java:1093)
        at java.util.concurrent.ScheduledThreadPoolExecutor$DelayedWorkQueue.take(ScheduledThreadPoolExecutor.java:809)
        at java.util.concurrent.ThreadPoolExecutor.getTask(ThreadPoolExecutor.java:1074)
        at java.util.concurrent.ThreadPoolExecutor.runWorker(ThreadPoolExecutor.java:1134)
        at java.util.concurrent.ThreadPoolExecutor$Worker.run(ThreadPoolExecutor.java:624)
        at java.lang.Thread.run(Thread.java:750)
"PartialTableCache Cleanup Thread - 0" daemon prio=5 tid=5024 in Object.wait()
java.lang.Thread.State: WAITING (on object monitor)
        at sun.misc.Unsafe.park(Native Method)
        at java.util.concurrent.locks.LockSupport.park(LockSupport.java:175)
        at java.util.concurrent.locks.AbstractQueuedSynchronizer$ConditionObject.await(AbstractQueuedSynchronizer.java:2039)
        at java.util.concurrent.LinkedBlockingQueue.take(LinkedBlockingQueue.java:442)
        at java.util.concurrent.ThreadPoolExecutor.getTask(ThreadPoolExecutor.java:1074)
        at java.util.concurrent.ThreadPoolExecutor.runWorker(ThreadPoolExecutor.java:1134)
        at java.util.concurrent.ThreadPoolExecutor$Worker.run(ThreadPoolExecutor.java:624)
        at java.lang.Thread.run(Thread.java:750)
"Datanode ReportManager Thread - 2" daemon prio=5 tid=5469 in Object.wait()
java.lang.Thread.State: WAITING (on object monitor)
        at sun.misc.Unsafe.park(Native Method)
        at java.util.concurrent.locks.LockSupport.park(LockSupport.java:175)
        at java.util.concurrent.locks.AbstractQueuedSynchronizer$ConditionObject.await(AbstractQueuedSynchronizer.java:2039)
        at java.util.concurrent.ScheduledThreadPoolExecutor$DelayedWorkQueue.take(ScheduledThreadPoolExecutor.java:1088)
        at java.util.concurrent.ScheduledThreadPoolExecutor$DelayedWorkQueue.take(ScheduledThreadPoolExecutor.java:809)
        at java.util.concurrent.ThreadPoolExecutor.getTask(ThreadPoolExecutor.java:1074)
        at java.util.concurrent.ThreadPoolExecutor.runWorker(ThreadPoolExecutor.java:1134)
        at java.util.concurrent.ThreadPoolExecutor$Worker.run(ThreadPoolExecutor.java:624)
        at java.lang.Thread.run(Thread.java:750)
"IPC Server handler 9 on default port 41047" daemon prio=5 tid=6148 timed_waiting
java.lang.Thread.State: TIMED_WAITING
        at sun.misc.Unsafe.park(Native Method)
        at java.util.concurrent.locks.LockSupport.parkNanos(LockSupport.java:215)
        at java.util.concurrent.locks.AbstractQueuedSynchronizer$ConditionObject.awaitNanos(AbstractQueuedSynchronizer.java:2078)
        at java.util.concurrent.LinkedBlockingQueue.poll(LinkedBlockingQueue.java:467)
        at org.apache.hadoop.ipc.CallQueueManager.take(CallQueueManager.java:317)
        at org.apache.hadoop.ipc.Server$Handler.run(Server.java:2942)
"OpenKeyCleanupService#0" daemon prio=5 tid=5247 timed_waiting
java.lang.Thread.State: TIMED_WAITING
        at sun.misc.Unsafe.park(Native Method)
        at java.util.concurrent.locks.LockSupport.parkNanos(LockSupport.java:215)
        at java.util.concurrent.locks.AbstractQueuedSynchronizer$ConditionObject.awaitNanos(AbstractQueuedSynchronizer.java:2078)
        at java.util.concurrent.ScheduledThreadPoolExecutor$DelayedWorkQueue.take(ScheduledThreadPoolExecutor.java:1093)
        at java.util.concurrent.ScheduledThreadPoolExecutor$DelayedWorkQueue.take(ScheduledThreadPoolExecutor.java:809)
        at java.util.concurrent.ThreadPoolExecutor.getTask(ThreadPoolExecutor.java:1074)
        at java.util.concurrent.ThreadPoolExecutor.runWorker(ThreadPoolExecutor.java:1134)
        at java.util.concurrent.ThreadPoolExecutor$Worker.run(ThreadPoolExecutor.java:624)
        at java.lang.Thread.run(Thread.java:750)
"qtp37624766-4581" daemon prio=5 tid=4581 timed_waiting
java.lang.Thread.State: TIMED_WAITING
        at sun.misc.Unsafe.park(Native Method)
        at java.util.concurrent.locks.LockSupport.parkNanos(LockSupport.java:215)
        at java.util.concurrent.locks.AbstractQueuedSynchronizer$ConditionObject.awaitNanos(AbstractQueuedSynchronizer.java:2078)
        at org.eclipse.jetty.util.BlockingArrayQueue.poll(BlockingArrayQueue.java:382)
        at org.eclipse.jetty.util.thread.QueuedThreadPool$Runner.idleJobPoll(QueuedThreadPool.java:974)
        at org.eclipse.jetty.util.thread.QueuedThreadPool$Runner.run(QueuedThreadPool.java:1018)
        at java.lang.Thread.run(Thread.java:750)
"IPC Server handler 17 on default port 41915" daemon prio=5 tid=5107 timed_waiting
java.lang.Thread.State: TIMED_WAITING
        at sun.misc.Unsafe.park(Native Method)
        at java.util.concurrent.locks.LockSupport.parkNanos(LockSupport.java:215)
        at java.util.concurrent.locks.AbstractQueuedSynchronizer$ConditionObject.awaitNanos(AbstractQueuedSynchronizer.java:2078)
        at java.util.concurrent.LinkedBlockingQueue.poll(LinkedBlockingQueue.java:467)
        at org.apache.hadoop.ipc.CallQueueManager.take(CallQueueManager.java:317)
        at org.apache.hadoop.ipc.Server$Handler.run(Server.java:2942)
"qtp331051599-5378" daemon prio=5 tid=5378 runnable
java.lang.Thread.State: RUNNABLE
        at sun.nio.ch.EPollArrayWrapper.epollWait(Native Method)
        at sun.nio.ch.EPollArrayWrapper.poll(EPollArrayWrapper.java:269)
        at sun.nio.ch.EPollSelectorImpl.doSelect(EPollSelectorImpl.java:93)
        at sun.nio.ch.SelectorImpl.lockAndDoSelect(SelectorImpl.java:86)
        at sun.nio.ch.SelectorImpl.select(SelectorImpl.java:97)
        at sun.nio.ch.SelectorImpl.select(SelectorImpl.java:101)
        at org.eclipse.jetty.io.ManagedSelector.nioSelect(ManagedSelector.java:183)
        at org.eclipse.jetty.io.ManagedSelector.select(ManagedSelector.java:190)
        at org.eclipse.jetty.io.ManagedSelector$SelectorProducer.select(ManagedSelector.java:606)
        at org.eclipse.jetty.io.ManagedSelector$SelectorProducer.produce(ManagedSelector.java:543)
        at org.eclipse.jetty.util.thread.strategy.EatWhatYouKill.produceTask(EatWhatYouKill.java:362)
        at org.eclipse.jetty.util.thread.strategy.EatWhatYouKill.doProduce(EatWhatYouKill.java:186)
        at org.eclipse.jetty.util.thread.strategy.EatWhatYouKill.tryProduce(EatWhatYouKill.java:173)
        at org.eclipse.jetty.util.thread.strategy.EatWhatYouKill.produce(EatWhatYouKill.java:137)
        at org.eclipse.jetty.io.ManagedSelector$$Lambda$480/780706792.run(Unknown Source)
        at org.eclipse.jetty.util.thread.QueuedThreadPool.runJob(QueuedThreadPool.java:883)
        at org.eclipse.jetty.util.thread.QueuedThreadPool$Runner.run(QueuedThreadPool.java:1034)
        at java.lang.Thread.run(Thread.java:750)
"grpc-default-executor-7" daemon prio=5 tid=1787 timed_waiting
java.lang.Thread.State: TIMED_WAITING
        at sun.misc.Unsafe.park(Native Method)
        at java.util.concurrent.locks.LockSupport.parkNanos(LockSupport.java:215)
        at java.util.concurrent.SynchronousQueue$TransferStack.awaitFulfill(SynchronousQueue.java:460)
        at java.util.concurrent.SynchronousQueue$TransferStack.transfer(SynchronousQueue.java:362)
        at java.util.concurrent.SynchronousQueue.poll(SynchronousQueue.java:941)
        at java.util.concurrent.ThreadPoolExecutor.getTask(ThreadPoolExecutor.java:1073)
        at java.util.concurrent.ThreadPoolExecutor.runWorker(ThreadPoolExecutor.java:1134)
        at java.util.concurrent.ThreadPoolExecutor$Worker.run(ThreadPoolExecutor.java:624)
        at java.lang.Thread.run(Thread.java:750)
"IPC Server handler 13 on default port 41915" daemon prio=5 tid=5103 timed_waiting
java.lang.Thread.State: TIMED_WAITING
        at sun.misc.Unsafe.park(Native Method)
        at java.util.concurrent.locks.LockSupport.parkNanos(LockSupport.java:215)
        at java.util.concurrent.locks.AbstractQueuedSynchronizer$ConditionObject.awaitNanos(AbstractQueuedSynchronizer.java:2078)
        at java.util.concurrent.LinkedBlockingQueue.poll(LinkedBlockingQueue.java:467)
        at org.apache.hadoop.ipc.CallQueueManager.take(CallQueueManager.java:317)
        at org.apache.hadoop.ipc.Server$Handler.run(Server.java:2942)
"Datanode State Machine Task Thread - 1"  prio=5 tid=5534 in Object.wait()
java.lang.Thread.State: WAITING (on object monitor)
        at sun.misc.Unsafe.park(Native Method)
        at java.util.concurrent.locks.LockSupport.park(LockSupport.java:175)
        at java.util.concurrent.locks.AbstractQueuedSynchronizer$ConditionObject.await(AbstractQueuedSynchronizer.java:2039)
        at java.util.concurrent.LinkedBlockingQueue.take(LinkedBlockingQueue.java:442)
        at java.util.concurrent.ThreadPoolExecutor.getTask(ThreadPoolExecutor.java:1074)
        at java.util.concurrent.ThreadPoolExecutor.runWorker(ThreadPoolExecutor.java:1134)
        at java.util.concurrent.ThreadPoolExecutor$Worker.run(ThreadPoolExecutor.java:624)
        at java.lang.Thread.run(Thread.java:750)
"qtp514050540-5424" daemon prio=5 tid=5424 timed_waiting
java.lang.Thread.State: TIMED_WAITING
        at sun.misc.Unsafe.park(Native Method)
        at java.util.concurrent.locks.LockSupport.parkNanos(LockSupport.java:215)
        at java.util.concurrent.locks.AbstractQueuedSynchronizer$ConditionObject.awaitNanos(AbstractQueuedSynchronizer.java:2078)
        at org.eclipse.jetty.util.BlockingArrayQueue.poll(BlockingArrayQueue.java:382)
        at org.eclipse.jetty.util.thread.QueuedThreadPool$Runner.idleJobPoll(QueuedThreadPool.java:974)
        at org.eclipse.jetty.util.thread.QueuedThreadPool$Runner.run(QueuedThreadPool.java:1018)
        at java.lang.Thread.run(Thread.java:750)
"96238b2c-9f01-47c7-9db9-9b3e1b0f8a5c-server-thread2" daemon prio=5 tid=4888 timed_waiting
java.lang.Thread.State: TIMED_WAITING
        at sun.misc.Unsafe.park(Native Method)
        at java.util.concurrent.locks.LockSupport.parkNanos(LockSupport.java:215)
        at java.util.concurrent.SynchronousQueue$TransferStack.awaitFulfill(SynchronousQueue.java:460)
        at java.util.concurrent.SynchronousQueue$TransferStack.transfer(SynchronousQueue.java:362)
        at java.util.concurrent.SynchronousQueue.poll(SynchronousQueue.java:941)
        at java.util.concurrent.ThreadPoolExecutor.getTask(ThreadPoolExecutor.java:1073)
        at java.util.concurrent.ThreadPoolExecutor.runWorker(ThreadPoolExecutor.java:1134)
        at java.util.concurrent.ThreadPoolExecutor$Worker.run(ThreadPoolExecutor.java:624)
        at java.lang.Thread.run(Thread.java:750)
"388c1d2c-da9f-4216-9168-b64bdab690f4@group-A9DF22F54B30-FollowerState" daemon prio=5 tid=4880 timed_waiting
java.lang.Thread.State: TIMED_WAITING
        at java.lang.Thread.sleep(Native Method)
        at java.lang.Thread.sleep(Thread.java:342)
        at java.util.concurrent.TimeUnit.sleep(TimeUnit.java:386)
        at org.apache.ratis.util.TimeDuration.sleep(TimeDuration.java:325)
        at org.apache.ratis.util.TimeDuration.sleep(TimeDuration.java:310)
        at org.apache.ratis.server.impl.FollowerState.run(FollowerState.java:128)
"Command processor thread" daemon prio=5 tid=4497 timed_waiting
java.lang.Thread.State: TIMED_WAITING
        at java.lang.Thread.sleep(Native Method)
        at org.apache.hadoop.ozone.container.common.statemachine.DatanodeStateMachine.lambda$initCommandHandlerThread$3(DatanodeStateMachine.java:641)
        at org.apache.hadoop.ozone.container.common.statemachine.DatanodeStateMachine$$Lambda$787/534002387.run(Unknown Source)
        at java.lang.Thread.run(Thread.java:750)
"qtp37624766-4582" daemon prio=5 tid=4582 timed_waiting
java.lang.Thread.State: TIMED_WAITING
        at sun.misc.Unsafe.park(Native Method)
        at java.util.concurrent.locks.LockSupport.parkNanos(LockSupport.java:215)
        at java.util.concurrent.locks.AbstractQueuedSynchronizer$ConditionObject.awaitNanos(AbstractQueuedSynchronizer.java:2078)
        at org.eclipse.jetty.util.BlockingArrayQueue.poll(BlockingArrayQueue.java:382)
        at org.eclipse.jetty.util.thread.QueuedThreadPool$Runner.idleJobPoll(QueuedThreadPool.java:974)
        at org.eclipse.jetty.util.thread.QueuedThreadPool$Runner.run(QueuedThreadPool.java:1018)
        at java.lang.Thread.run(Thread.java:750)
"Datanode State Machine Daemon Thread" daemon prio=5 tid=5504 timed_waiting
java.lang.Thread.State: TIMED_WAITING
        at java.lang.Thread.sleep(Native Method)
        at org.apache.hadoop.ozone.container.common.statemachine.DatanodeStateMachine.startStateMachineThread(DatanodeStateMachine.java:321)
        at org.apache.hadoop.ozone.container.common.statemachine.DatanodeStateMachine.lambda$startDaemon$0(DatanodeStateMachine.java:506)
        at org.apache.hadoop.ozone.container.common.statemachine.DatanodeStateMachine$$Lambda$785/1058385645.run(Unknown Source)
        at java.lang.Thread.run(Thread.java:750)
"FixedThreadPoolWithAffinityExecutor-8-0" daemon prio=5 tid=6091 timed_waiting
java.lang.Thread.State: TIMED_WAITING
        at sun.misc.Unsafe.park(Native Method)
        at java.util.concurrent.locks.LockSupport.parkNanos(LockSupport.java:215)
        at java.util.concurrent.locks.AbstractQueuedSynchronizer$ConditionObject.awaitNanos(AbstractQueuedSynchronizer.java:2078)
        at java.util.concurrent.LinkedBlockingQueue.poll(LinkedBlockingQueue.java:467)
        at org.apache.hadoop.hdds.scm.server.ContainerReportQueue.poll(ContainerReportQueue.java:266)
        at org.apache.hadoop.hdds.scm.server.ContainerReportQueue.poll(ContainerReportQueue.java:42)
        at org.apache.hadoop.hdds.server.events.FixedThreadPoolWithAffinityExecutor$ContainerReportProcessTask.run(FixedThreadPoolWithAffinityExecutor.java:248)
        at java.util.concurrent.Executors$RunnableAdapter.call(Executors.java:511)
        at java.util.concurrent.FutureTask.run(FutureTask.java:266)
        at java.util.concurrent.ThreadPoolExecutor.runWorker(ThreadPoolExecutor.java:1149)
        at java.util.concurrent.ThreadPoolExecutor$Worker.run(ThreadPoolExecutor.java:624)
        at java.lang.Thread.run(Thread.java:750)
"pool-2138-thread-1"  prio=5 tid=4644 timed_waiting
java.lang.Thread.State: TIMED_WAITING
        at sun.misc.Unsafe.park(Native Method)
        at java.util.concurrent.locks.LockSupport.parkNanos(LockSupport.java:215)
        at java.util.concurrent.locks.AbstractQueuedSynchronizer$ConditionObject.awaitNanos(AbstractQueuedSynchronizer.java:2078)
        at java.util.concurrent.ScheduledThreadPoolExecutor$DelayedWorkQueue.take(ScheduledThreadPoolExecutor.java:1093)
        at java.util.concurrent.ScheduledThreadPoolExecutor$DelayedWorkQueue.take(ScheduledThreadPoolExecutor.java:809)
        at java.util.concurrent.ThreadPoolExecutor.getTask(ThreadPoolExecutor.java:1074)
        at java.util.concurrent.ThreadPoolExecutor.runWorker(ThreadPoolExecutor.java:1134)
        at java.util.concurrent.ThreadPoolExecutor$Worker.run(ThreadPoolExecutor.java:624)
        at java.lang.Thread.run(Thread.java:750)
"IPC Server handler 11 on default port 46655" daemon prio=5 tid=5270 timed_waiting
java.lang.Thread.State: TIMED_WAITING
        at sun.misc.Unsafe.park(Native Method)
        at java.util.concurrent.locks.LockSupport.parkNanos(LockSupport.java:215)
        at java.util.concurrent.locks.AbstractQueuedSynchronizer$ConditionObject.awaitNanos(AbstractQueuedSynchronizer.java:2078)
        at java.util.concurrent.LinkedBlockingQueue.poll(LinkedBlockingQueue.java:467)
        at org.apache.hadoop.ipc.CallQueueManager.take(CallQueueManager.java:317)
        at org.apache.hadoop.ipc.Server$Handler.run(Server.java:2942)
"org.apache.hadoop.util.JvmPauseMonitor$Monitor@7d97e82e" daemon prio=5 tid=5308 timed_waiting
java.lang.Thread.State: TIMED_WAITING
        at java.lang.Thread.sleep(Native Method)
        at org.apache.hadoop.util.JvmPauseMonitor$Monitor.run(JvmPauseMonitor.java:192)
        at java.lang.Thread.run(Thread.java:750)
"IPC Server handler 17 on default port 33459" daemon prio=5 tid=4375 timed_waiting
java.lang.Thread.State: TIMED_WAITING
        at sun.misc.Unsafe.park(Native Method)
        at java.util.concurrent.locks.LockSupport.parkNanos(LockSupport.java:215)
        at java.util.concurrent.locks.AbstractQueuedSynchronizer$ConditionObject.awaitNanos(AbstractQueuedSynchronizer.java:2078)
        at java.util.concurrent.LinkedBlockingQueue.poll(LinkedBlockingQueue.java:467)
        at org.apache.hadoop.ipc.CallQueueManager.take(CallQueueManager.java:317)
        at org.apache.hadoop.ipc.Server$Handler.run(Server.java:2942)
"PartialTableCache Cleanup Thread - 0" daemon prio=5 tid=4021 in Object.wait()
java.lang.Thread.State: WAITING (on object monitor)
        at sun.misc.Unsafe.park(Native Method)
        at java.util.concurrent.locks.LockSupport.park(LockSupport.java:175)
        at java.util.concurrent.locks.AbstractQueuedSynchronizer$ConditionObject.await(AbstractQueuedSynchronizer.java:2039)
        at java.util.concurrent.LinkedBlockingQueue.take(LinkedBlockingQueue.java:442)
        at java.util.concurrent.ThreadPoolExecutor.getTask(ThreadPoolExecutor.java:1074)
        at java.util.concurrent.ThreadPoolExecutor.runWorker(ThreadPoolExecutor.java:1134)
        at java.util.concurrent.ThreadPoolExecutor$Worker.run(ThreadPoolExecutor.java:624)
        at java.lang.Thread.run(Thread.java:750)
"qtp331051599-5382" daemon prio=5 tid=5382 timed_waiting
java.lang.Thread.State: TIMED_WAITING
        at sun.misc.Unsafe.park(Native Method)
        at java.util.concurrent.locks.LockSupport.parkNanos(LockSupport.java:215)
        at java.util.concurrent.locks.AbstractQueuedSynchronizer$ConditionObject.awaitNanos(AbstractQueuedSynchronizer.java:2078)
        at org.eclipse.jetty.util.BlockingArrayQueue.poll(BlockingArrayQueue.java:382)
        at org.eclipse.jetty.util.thread.QueuedThreadPool$Runner.idleJobPoll(QueuedThreadPool.java:974)
        at org.eclipse.jetty.util.thread.QueuedThreadPool$Runner.run(QueuedThreadPool.java:1018)
        at java.lang.Thread.run(Thread.java:750)
"ChunkWriter-3-0" daemon prio=5 tid=5395 in Object.wait()
java.lang.Thread.State: WAITING (on object monitor)
        at sun.misc.Unsafe.park(Native Method)
        at java.util.concurrent.locks.LockSupport.park(LockSupport.java:175)
        at java.util.concurrent.locks.AbstractQueuedSynchronizer$ConditionObject.await(AbstractQueuedSynchronizer.java:2039)
        at java.util.concurrent.LinkedBlockingDeque.takeFirst(LinkedBlockingDeque.java:492)
        at java.util.concurrent.LinkedBlockingDeque.take(LinkedBlockingDeque.java:680)
        at java.util.concurrent.ThreadPoolExecutor.getTask(ThreadPoolExecutor.java:1074)
        at java.util.concurrent.ThreadPoolExecutor.runWorker(ThreadPoolExecutor.java:1134)
        at java.util.concurrent.ThreadPoolExecutor$Worker.run(ThreadPoolExecutor.java:624)
        at java.lang.Thread.run(Thread.java:750)
"Session-HouseKeeper-3ea3e02e-1"  prio=5 tid=5300 timed_waiting
java.lang.Thread.State: TIMED_WAITING
        at sun.misc.Unsafe.park(Native Method)
        at java.util.concurrent.locks.LockSupport.parkNanos(LockSupport.java:215)
        at java.util.concurrent.locks.AbstractQueuedSynchronizer$ConditionObject.awaitNanos(AbstractQueuedSynchronizer.java:2078)
        at java.util.concurrent.ScheduledThreadPoolExecutor$DelayedWorkQueue.take(ScheduledThreadPoolExecutor.java:1093)
        at java.util.concurrent.ScheduledThreadPoolExecutor$DelayedWorkQueue.take(ScheduledThreadPoolExecutor.java:809)
        at java.util.concurrent.ThreadPoolExecutor.getTask(ThreadPoolExecutor.java:1074)
        at java.util.concurrent.ThreadPoolExecutor.runWorker(ThreadPoolExecutor.java:1134)
        at java.util.concurrent.ThreadPoolExecutor$Worker.run(ThreadPoolExecutor.java:624)
        at java.lang.Thread.run(Thread.java:750)
"EventQueue-PipelineReportForOneReplicaPipelineSafeModeRule" daemon prio=5 tid=5531 in Object.wait()
java.lang.Thread.State: WAITING (on object monitor)
        at sun.misc.Unsafe.park(Native Method)
        at java.util.concurrent.locks.LockSupport.park(LockSupport.java:175)
        at java.util.concurrent.locks.AbstractQueuedSynchronizer$ConditionObject.await(AbstractQueuedSynchronizer.java:2039)
        at java.util.concurrent.LinkedBlockingQueue.take(LinkedBlockingQueue.java:442)
        at java.util.concurrent.ThreadPoolExecutor.getTask(ThreadPoolExecutor.java:1074)
        at java.util.concurrent.ThreadPoolExecutor.runWorker(ThreadPoolExecutor.java:1134)
        at java.util.concurrent.ThreadPoolExecutor$Worker.run(ThreadPoolExecutor.java:624)
        at java.lang.Thread.run(Thread.java:750)
"IPC Server handler 11 on default port 41047" daemon prio=5 tid=6150 timed_waiting
java.lang.Thread.State: TIMED_WAITING
        at sun.misc.Unsafe.park(Native Method)
        at java.util.concurrent.locks.LockSupport.parkNanos(LockSupport.java:215)
        at java.util.concurrent.locks.AbstractQueuedSynchronizer$ConditionObject.awaitNanos(AbstractQueuedSynchronizer.java:2078)
        at java.util.concurrent.LinkedBlockingQueue.poll(LinkedBlockingQueue.java:467)
        at org.apache.hadoop.ipc.CallQueueManager.take(CallQueueManager.java:317)
        at org.apache.hadoop.ipc.Server$Handler.run(Server.java:2942)
"PartialTableCache Cleanup Thread - 0" daemon prio=5 tid=5025 in Object.wait()
java.lang.Thread.State: WAITING (on object monitor)
        at sun.misc.Unsafe.park(Native Method)
        at java.util.concurrent.locks.LockSupport.park(LockSupport.java:175)
        at java.util.concurrent.locks.AbstractQueuedSynchronizer$ConditionObject.await(AbstractQueuedSynchronizer.java:2039)
        at java.util.concurrent.LinkedBlockingQueue.take(LinkedBlockingQueue.java:442)
        at java.util.concurrent.ThreadPoolExecutor.getTask(ThreadPoolExecutor.java:1074)
        at java.util.concurrent.ThreadPoolExecutor.runWorker(ThreadPoolExecutor.java:1134)
        at java.util.concurrent.ThreadPoolExecutor$Worker.run(ThreadPoolExecutor.java:624)
        at java.lang.Thread.run(Thread.java:750)
"388c1d2c-da9f-4216-9168-b64bdab690f4@group-437BE514B0E2-StateMachineUpdater" daemon prio=5 tid=4808 timed_waiting
java.lang.Thread.State: TIMED_WAITING
        at sun.misc.Unsafe.park(Native Method)
        at java.util.concurrent.locks.LockSupport.parkNanos(LockSupport.java:215)
        at java.util.concurrent.CompletableFuture$Signaller.block(CompletableFuture.java:1709)
        at java.util.concurrent.ForkJoinPool.managedBlock(ForkJoinPool.java:3323)
        at java.util.concurrent.CompletableFuture.timedGet(CompletableFuture.java:1788)
        at java.util.concurrent.CompletableFuture.get(CompletableFuture.java:1928)
        at org.apache.ratis.util.AwaitForSignal.await(AwaitForSignal.java:56)
        at org.apache.ratis.server.impl.StateMachineUpdater.waitForCommit(StateMachineUpdater.java:207)
        at org.apache.ratis.server.impl.StateMachineUpdater.run(StateMachineUpdater.java:176)
        at java.lang.Thread.run(Thread.java:750)
"ChunkWriter-1-0" daemon prio=5 tid=4726 in Object.wait()
java.lang.Thread.State: WAITING (on object monitor)
        at sun.misc.Unsafe.park(Native Method)
        at java.util.concurrent.locks.LockSupport.park(LockSupport.java:175)
        at java.util.concurrent.locks.AbstractQueuedSynchronizer$ConditionObject.await(AbstractQueuedSynchronizer.java:2039)
        at java.util.concurrent.LinkedBlockingDeque.takeFirst(LinkedBlockingDeque.java:492)
        at java.util.concurrent.LinkedBlockingDeque.take(LinkedBlockingDeque.java:680)
        at java.util.concurrent.ThreadPoolExecutor.getTask(ThreadPoolExecutor.java:1074)
        at java.util.concurrent.ThreadPoolExecutor.runWorker(ThreadPoolExecutor.java:1134)
        at java.util.concurrent.ThreadPoolExecutor$Worker.run(ThreadPoolExecutor.java:624)
        at java.lang.Thread.run(Thread.java:750)
"IPC Server Responder" daemon prio=5 tid=5047 runnable
java.lang.Thread.State: RUNNABLE
        at sun.nio.ch.EPollArrayWrapper.epollWait(Native Method)
        at sun.nio.ch.EPollArrayWrapper.poll(EPollArrayWrapper.java:269)
        at sun.nio.ch.EPollSelectorImpl.doSelect(EPollSelectorImpl.java:93)
        at sun.nio.ch.SelectorImpl.lockAndDoSelect(SelectorImpl.java:86)
        at sun.nio.ch.SelectorImpl.select(SelectorImpl.java:97)
        at org.apache.hadoop.ipc.Server$Responder.doRunLoop(Server.java:1532)
        at org.apache.hadoop.ipc.Server$Responder.run(Server.java:1515)
"qtp1824915848-4394" daemon prio=5 tid=4394 runnable
java.lang.Thread.State: RUNNABLE
        at sun.nio.ch.EPollArrayWrapper.epollWait(Native Method)
        at sun.nio.ch.EPollArrayWrapper.poll(EPollArrayWrapper.java:269)
        at sun.nio.ch.EPollSelectorImpl.doSelect(EPollSelectorImpl.java:93)
        at sun.nio.ch.SelectorImpl.lockAndDoSelect(SelectorImpl.java:86)
        at sun.nio.ch.SelectorImpl.select(SelectorImpl.java:97)
        at sun.nio.ch.SelectorImpl.select(SelectorImpl.java:101)
        at org.eclipse.jetty.io.ManagedSelector.nioSelect(ManagedSelector.java:183)
        at org.eclipse.jetty.io.ManagedSelector.select(ManagedSelector.java:190)
        at org.eclipse.jetty.io.ManagedSelector$SelectorProducer.select(ManagedSelector.java:606)
        at org.eclipse.jetty.io.ManagedSelector$SelectorProducer.produce(ManagedSelector.java:543)
        at org.eclipse.jetty.util.thread.strategy.EatWhatYouKill.produceTask(EatWhatYouKill.java:362)
        at org.eclipse.jetty.util.thread.strategy.EatWhatYouKill.doProduce(EatWhatYouKill.java:186)
        at org.eclipse.jetty.util.thread.strategy.EatWhatYouKill.tryProduce(EatWhatYouKill.java:173)
        at org.eclipse.jetty.util.thread.strategy.EatWhatYouKill.produce(EatWhatYouKill.java:137)
        at org.eclipse.jetty.io.ManagedSelector$$Lambda$480/780706792.run(Unknown Source)
        at org.eclipse.jetty.util.thread.QueuedThreadPool.runJob(QueuedThreadPool.java:883)
        at org.eclipse.jetty.util.thread.QueuedThreadPool$Runner.run(QueuedThreadPool.java:1034)
        at java.lang.Thread.run(Thread.java:750)
"IPC Server handler 1 on default port 39971" daemon prio=5 tid=6097 timed_waiting
java.lang.Thread.State: TIMED_WAITING
        at sun.misc.Unsafe.park(Native Method)
        at java.util.concurrent.locks.LockSupport.parkNanos(LockSupport.java:215)
        at java.util.concurrent.locks.AbstractQueuedSynchronizer$ConditionObject.awaitNanos(AbstractQueuedSynchronizer.java:2078)
        at java.util.concurrent.LinkedBlockingQueue.poll(LinkedBlockingQueue.java:467)
        at org.apache.hadoop.ipc.CallQueueManager.take(CallQueueManager.java:317)
        at org.apache.hadoop.ipc.Server$Handler.run(Server.java:2942)
"IPC Server listener on 0" daemon prio=5 tid=5235 runnable
java.lang.Thread.State: RUNNABLE
        at sun.nio.ch.EPollArrayWrapper.epollWait(Native Method)
        at sun.nio.ch.EPollArrayWrapper.poll(EPollArrayWrapper.java:269)
        at sun.nio.ch.EPollSelectorImpl.doSelect(EPollSelectorImpl.java:93)
        at sun.nio.ch.SelectorImpl.lockAndDoSelect(SelectorImpl.java:86)
        at sun.nio.ch.SelectorImpl.select(SelectorImpl.java:97)
        at sun.nio.ch.SelectorImpl.select(SelectorImpl.java:101)
        at org.apache.hadoop.ipc.Server$Listener.run(Server.java:1358)
"qtp1837521269-5488" daemon prio=5 tid=5488 timed_waiting
java.lang.Thread.State: TIMED_WAITING
        at sun.misc.Unsafe.park(Native Method)
        at java.util.concurrent.locks.LockSupport.parkNanos(LockSupport.java:215)
        at java.util.concurrent.locks.AbstractQueuedSynchronizer$ConditionObject.awaitNanos(AbstractQueuedSynchronizer.java:2078)
        at org.eclipse.jetty.util.BlockingArrayQueue.poll(BlockingArrayQueue.java:382)
        at org.eclipse.jetty.util.thread.QueuedThreadPool$Runner.idleJobPoll(QueuedThreadPool.java:974)
        at org.eclipse.jetty.util.thread.QueuedThreadPool$Runner.run(QueuedThreadPool.java:1018)
        at java.lang.Thread.run(Thread.java:750)
"org.apache.hadoop.util.JvmPauseMonitor$Monitor@440faf0f" daemon prio=5 tid=5409 timed_waiting
java.lang.Thread.State: TIMED_WAITING
        at java.lang.Thread.sleep(Native Method)
        at org.apache.hadoop.util.JvmPauseMonitor$Monitor.run(JvmPauseMonitor.java:192)
        at java.lang.Thread.run(Thread.java:750)
"FixedThreadPoolWithAffinityExecutor-1-0" daemon prio=5 tid=6084 timed_waiting
java.lang.Thread.State: TIMED_WAITING
        at sun.misc.Unsafe.park(Native Method)
        at java.util.concurrent.locks.LockSupport.parkNanos(LockSupport.java:215)
        at java.util.concurrent.locks.AbstractQueuedSynchronizer$ConditionObject.awaitNanos(AbstractQueuedSynchronizer.java:2078)
        at java.util.concurrent.LinkedBlockingQueue.poll(LinkedBlockingQueue.java:467)
        at org.apache.hadoop.hdds.scm.server.ContainerReportQueue.poll(ContainerReportQueue.java:266)
        at org.apache.hadoop.hdds.scm.server.ContainerReportQueue.poll(ContainerReportQueue.java:42)
        at org.apache.hadoop.hdds.server.events.FixedThreadPoolWithAffinityExecutor$ContainerReportProcessTask.run(FixedThreadPoolWithAffinityExecutor.java:248)
        at java.util.concurrent.Executors$RunnableAdapter.call(Executors.java:511)
        at java.util.concurrent.FutureTask.run(FutureTask.java:266)
        at java.util.concurrent.ThreadPoolExecutor.runWorker(ThreadPoolExecutor.java:1149)
        at java.util.concurrent.ThreadPoolExecutor$Worker.run(ThreadPoolExecutor.java:624)
        at java.lang.Thread.run(Thread.java:750)
"ChunkWriter-3-0" daemon prio=5 tid=5497 in Object.wait()
java.lang.Thread.State: WAITING (on object monitor)
        at sun.misc.Unsafe.park(Native Method)
        at java.util.concurrent.locks.LockSupport.park(LockSupport.java:175)
        at java.util.concurrent.locks.AbstractQueuedSynchronizer$ConditionObject.await(AbstractQueuedSynchronizer.java:2039)
        at java.util.concurrent.LinkedBlockingDeque.takeFirst(LinkedBlockingDeque.java:492)
        at java.util.concurrent.LinkedBlockingDeque.take(LinkedBlockingDeque.java:680)
        at java.util.concurrent.ThreadPoolExecutor.getTask(ThreadPoolExecutor.java:1074)
        at java.util.concurrent.ThreadPoolExecutor.runWorker(ThreadPoolExecutor.java:1134)
        at java.util.concurrent.ThreadPoolExecutor$Worker.run(ThreadPoolExecutor.java:624)
        at java.lang.Thread.run(Thread.java:750)
"qtp1086850858-5252" daemon prio=5 tid=5252 timed_waiting
java.lang.Thread.State: TIMED_WAITING
        at sun.misc.Unsafe.park(Native Method)
        at java.util.concurrent.locks.LockSupport.parkNanos(LockSupport.java:215)
        at java.util.concurrent.locks.AbstractQueuedSynchronizer$ConditionObject.awaitNanos(AbstractQueuedSynchronizer.java:2078)
        at org.eclipse.jetty.util.BlockingArrayQueue.poll(BlockingArrayQueue.java:382)
        at org.eclipse.jetty.util.thread.QueuedThreadPool$Runner.idleJobPoll(QueuedThreadPool.java:974)
        at org.eclipse.jetty.util.thread.QueuedThreadPool$Runner.run(QueuedThreadPool.java:1018)
        at java.lang.Thread.run(Thread.java:750)
"PartialTableCache Cleanup Thread - 0" daemon prio=5 tid=2728 in Object.wait()
java.lang.Thread.State: WAITING (on object monitor)
        at sun.misc.Unsafe.park(Native Method)
        at java.util.concurrent.locks.LockSupport.park(LockSupport.java:175)
        at java.util.concurrent.locks.AbstractQueuedSynchronizer$ConditionObject.await(AbstractQueuedSynchronizer.java:2039)
        at java.util.concurrent.LinkedBlockingQueue.take(LinkedBlockingQueue.java:442)
        at java.util.concurrent.ThreadPoolExecutor.getTask(ThreadPoolExecutor.java:1074)
        at java.util.concurrent.ThreadPoolExecutor.runWorker(ThreadPoolExecutor.java:1134)
        at java.util.concurrent.ThreadPoolExecutor$Worker.run(ThreadPoolExecutor.java:624)
        at java.lang.Thread.run(Thread.java:750)
"FullTableCache Cleanup Thread - 0" daemon prio=5 tid=5949 in Object.wait()
java.lang.Thread.State: WAITING (on object monitor)
        at sun.misc.Unsafe.park(Native Method)
        at java.util.concurrent.locks.LockSupport.park(LockSupport.java:175)
        at java.util.concurrent.locks.AbstractQueuedSynchronizer$ConditionObject.await(AbstractQueuedSynchronizer.java:2039)
        at java.util.concurrent.LinkedBlockingQueue.take(LinkedBlockingQueue.java:442)
        at java.util.concurrent.ThreadPoolExecutor.getTask(ThreadPoolExecutor.java:1074)
        at java.util.concurrent.ThreadPoolExecutor.runWorker(ThreadPoolExecutor.java:1134)
        at java.util.concurrent.ThreadPoolExecutor$Worker.run(ThreadPoolExecutor.java:624)
        at java.lang.Thread.run(Thread.java:750)
"PartialTableCache Cleanup Thread - 0" daemon prio=5 tid=2706 in Object.wait()
java.lang.Thread.State: WAITING (on object monitor)
        at sun.misc.Unsafe.park(Native Method)
        at java.util.concurrent.locks.LockSupport.park(LockSupport.java:175)
        at java.util.concurrent.locks.AbstractQueuedSynchronizer$ConditionObject.await(AbstractQueuedSynchronizer.java:2039)
        at java.util.concurrent.LinkedBlockingQueue.take(LinkedBlockingQueue.java:442)
        at java.util.concurrent.ThreadPoolExecutor.getTask(ThreadPoolExecutor.java:1074)
        at java.util.concurrent.ThreadPoolExecutor.runWorker(ThreadPoolExecutor.java:1134)
        at java.util.concurrent.ThreadPoolExecutor$Worker.run(ThreadPoolExecutor.java:624)
        at java.lang.Thread.run(Thread.java:750)
"org.apache.hadoop.ozone.container.common.statemachine.commandhandler.DeleteBlocksCommandHandler$DeleteCmdWorker@394cf3ac" daemon prio=5 tid=4513 timed_waiting
java.lang.Thread.State: TIMED_WAITING
        at java.lang.Thread.sleep(Native Method)
        at org.apache.hadoop.ozone.container.common.statemachine.commandhandler.DeleteBlocksCommandHandler$DeleteCmdWorker.run(DeleteBlocksCommandHandler.java:184)
        at java.lang.Thread.run(Thread.java:750)
"BlockDeletingService#1" daemon prio=5 tid=5465 in Object.wait()
java.lang.Thread.State: WAITING (on object monitor)
        at sun.misc.Unsafe.park(Native Method)
        at java.util.concurrent.locks.LockSupport.park(LockSupport.java:175)
        at java.util.concurrent.locks.AbstractQueuedSynchronizer$ConditionObject.await(AbstractQueuedSynchronizer.java:2039)
        at java.util.concurrent.ScheduledThreadPoolExecutor$DelayedWorkQueue.take(ScheduledThreadPoolExecutor.java:1088)
        at java.util.concurrent.ScheduledThreadPoolExecutor$DelayedWorkQueue.take(ScheduledThreadPoolExecutor.java:809)
        at java.util.concurrent.ThreadPoolExecutor.getTask(ThreadPoolExecutor.java:1074)
        at java.util.concurrent.ThreadPoolExecutor.runWorker(ThreadPoolExecutor.java:1134)
        at java.util.concurrent.ThreadPoolExecutor$Worker.run(ThreadPoolExecutor.java:624)
        at java.lang.Thread.run(Thread.java:750)
"f9a60067-2236-4cd7-b231-4cb6898cc822-impl-thread1"  prio=5 tid=5375 timed_waiting
java.lang.Thread.State: TIMED_WAITING
        at sun.misc.Unsafe.park(Native Method)
        at java.util.concurrent.locks.LockSupport.parkNanos(LockSupport.java:215)
        at java.util.concurrent.SynchronousQueue$TransferStack.awaitFulfill(SynchronousQueue.java:460)
        at java.util.concurrent.SynchronousQueue$TransferStack.transfer(SynchronousQueue.java:362)
        at java.util.concurrent.SynchronousQueue.poll(SynchronousQueue.java:941)
        at java.util.concurrent.ThreadPoolExecutor.getTask(ThreadPoolExecutor.java:1073)
        at java.util.concurrent.ThreadPoolExecutor.runWorker(ThreadPoolExecutor.java:1134)
        at java.util.concurrent.ThreadPoolExecutor$Worker.run(ThreadPoolExecutor.java:624)
        at java.lang.Thread.run(Thread.java:750)
"IPC Server handler 15 on default port 46655" daemon prio=5 tid=5274 timed_waiting
java.lang.Thread.State: TIMED_WAITING
        at sun.misc.Unsafe.park(Native Method)
        at java.util.concurrent.locks.LockSupport.parkNanos(LockSupport.java:215)
        at java.util.concurrent.locks.AbstractQueuedSynchronizer$ConditionObject.awaitNanos(AbstractQueuedSynchronizer.java:2078)
        at java.util.concurrent.LinkedBlockingQueue.poll(LinkedBlockingQueue.java:467)
        at org.apache.hadoop.ipc.CallQueueManager.take(CallQueueManager.java:317)
        at org.apache.hadoop.ipc.Server$Handler.run(Server.java:2942)
"qtp1148868906-4645" daemon prio=5 tid=4645 runnable
java.lang.Thread.State: RUNNABLE
        at sun.nio.ch.EPollArrayWrapper.epollWait(Native Method)
        at sun.nio.ch.EPollArrayWrapper.poll(EPollArrayWrapper.java:269)
        at sun.nio.ch.EPollSelectorImpl.doSelect(EPollSelectorImpl.java:93)
        at sun.nio.ch.SelectorImpl.lockAndDoSelect(SelectorImpl.java:86)
        at sun.nio.ch.SelectorImpl.select(SelectorImpl.java:97)
        at sun.nio.ch.SelectorImpl.select(SelectorImpl.java:101)
        at org.eclipse.jetty.io.ManagedSelector.nioSelect(ManagedSelector.java:183)
        at org.eclipse.jetty.io.ManagedSelector.select(ManagedSelector.java:190)
        at org.eclipse.jetty.io.ManagedSelector$SelectorProducer.select(ManagedSelector.java:606)
        at org.eclipse.jetty.io.ManagedSelector$SelectorProducer.produce(ManagedSelector.java:543)
        at org.eclipse.jetty.util.thread.strategy.EatWhatYouKill.produceTask(EatWhatYouKill.java:362)
        at org.eclipse.jetty.util.thread.strategy.EatWhatYouKill.doProduce(EatWhatYouKill.java:186)
        at org.eclipse.jetty.util.thread.strategy.EatWhatYouKill.tryProduce(EatWhatYouKill.java:173)
        at org.eclipse.jetty.util.thread.strategy.EatWhatYouKill.produce(EatWhatYouKill.java:137)
        at org.eclipse.jetty.io.ManagedSelector$$Lambda$480/780706792.run(Unknown Source)
        at org.eclipse.jetty.util.thread.QueuedThreadPool.runJob(QueuedThreadPool.java:883)
        at org.eclipse.jetty.util.thread.QueuedThreadPool$Runner.run(QueuedThreadPool.java:1034)
        at java.lang.Thread.run(Thread.java:750)
"306b0233-9b66-40d1-a9dc-d79985930e36@group-83EB863786C4-SegmentedRaftLogWorker"  prio=5 tid=4813 timed_waiting
java.lang.Thread.State: TIMED_WAITING
        at sun.misc.Unsafe.park(Native Method)
        at java.util.concurrent.locks.LockSupport.parkNanos(LockSupport.java:215)
        at java.util.concurrent.locks.AbstractQueuedSynchronizer$ConditionObject.awaitNanos(AbstractQueuedSynchronizer.java:2078)
        at org.apache.ratis.util.DataBlockingQueue.poll(DataBlockingQueue.java:148)
        at org.apache.ratis.server.raftlog.segmented.SegmentedRaftLogWorker.run(SegmentedRaftLogWorker.java:310)
        at org.apache.ratis.server.raftlog.segmented.SegmentedRaftLogWorker$$Lambda$699/1565409370.run(Unknown Source)
        at java.lang.Thread.run(Thread.java:750)
"pool-2111-thread-1"  prio=5 tid=4605 timed_waiting
java.lang.Thread.State: TIMED_WAITING
        at sun.misc.Unsafe.park(Native Method)
        at java.util.concurrent.locks.LockSupport.parkNanos(LockSupport.java:215)
        at java.util.concurrent.locks.AbstractQueuedSynchronizer$ConditionObject.awaitNanos(AbstractQueuedSynchronizer.java:2078)
        at java.util.concurrent.ScheduledThreadPoolExecutor$DelayedWorkQueue.take(ScheduledThreadPoolExecutor.java:1093)
        at java.util.concurrent.ScheduledThreadPoolExecutor$DelayedWorkQueue.take(ScheduledThreadPoolExecutor.java:809)
        at java.util.concurrent.ThreadPoolExecutor.getTask(ThreadPoolExecutor.java:1074)
        at java.util.concurrent.ThreadPoolExecutor.runWorker(ThreadPoolExecutor.java:1134)
        at java.util.concurrent.ThreadPoolExecutor$Worker.run(ThreadPoolExecutor.java:624)
        at java.lang.Thread.run(Thread.java:750)
"IPC Server handler 16 on default port 33459" daemon prio=5 tid=4374 timed_waiting
java.lang.Thread.State: TIMED_WAITING
        at sun.misc.Unsafe.park(Native Method)
        at java.util.concurrent.locks.LockSupport.parkNanos(LockSupport.java:215)
        at java.util.concurrent.locks.AbstractQueuedSynchronizer$ConditionObject.awaitNanos(AbstractQueuedSynchronizer.java:2078)
        at java.util.concurrent.LinkedBlockingQueue.poll(LinkedBlockingQueue.java:467)
        at org.apache.hadoop.ipc.CallQueueManager.take(CallQueueManager.java:317)
        at org.apache.hadoop.ipc.Server$Handler.run(Server.java:2942)
"IPC Server handler 14 on default port 46655" daemon prio=5 tid=5273 timed_waiting
java.lang.Thread.State: TIMED_WAITING
        at sun.misc.Unsafe.park(Native Method)
        at java.util.concurrent.locks.LockSupport.parkNanos(LockSupport.java:215)
        at java.util.concurrent.locks.AbstractQueuedSynchronizer$ConditionObject.awaitNanos(AbstractQueuedSynchronizer.java:2078)
        at java.util.concurrent.LinkedBlockingQueue.poll(LinkedBlockingQueue.java:467)
        at org.apache.hadoop.ipc.CallQueueManager.take(CallQueueManager.java:317)
        at org.apache.hadoop.ipc.Server$Handler.run(Server.java:2942)
"FixedThreadPoolWithAffinityExecutor-6-0" daemon prio=5 tid=5063 timed_waiting
java.lang.Thread.State: TIMED_WAITING
        at sun.misc.Unsafe.park(Native Method)
        at java.util.concurrent.locks.LockSupport.parkNanos(LockSupport.java:215)
        at java.util.concurrent.locks.AbstractQueuedSynchronizer$ConditionObject.awaitNanos(AbstractQueuedSynchronizer.java:2078)
        at java.util.concurrent.LinkedBlockingQueue.poll(LinkedBlockingQueue.java:467)
        at org.apache.hadoop.hdds.scm.server.ContainerReportQueue.poll(ContainerReportQueue.java:266)
        at org.apache.hadoop.hdds.scm.server.ContainerReportQueue.poll(ContainerReportQueue.java:42)
        at org.apache.hadoop.hdds.server.events.FixedThreadPoolWithAffinityExecutor$ContainerReportProcessTask.run(FixedThreadPoolWithAffinityExecutor.java:248)
        at java.util.concurrent.Executors$RunnableAdapter.call(Executors.java:511)
        at java.util.concurrent.FutureTask.run(FutureTask.java:266)
        at java.util.concurrent.ThreadPoolExecutor.runWorker(ThreadPoolExecutor.java:1149)
        at java.util.concurrent.ThreadPoolExecutor$Worker.run(ThreadPoolExecutor.java:624)
        at java.lang.Thread.run(Thread.java:750)
"64b4f2a3-63f9-4506-b905-00bad38ce54f-client-thread1" daemon prio=5 tid=5966 timed_waiting
java.lang.Thread.State: TIMED_WAITING
        at sun.misc.Unsafe.park(Native Method)
        at java.util.concurrent.locks.LockSupport.parkNanos(LockSupport.java:215)
        at java.util.concurrent.SynchronousQueue$TransferStack.awaitFulfill(SynchronousQueue.java:460)
        at java.util.concurrent.SynchronousQueue$TransferStack.transfer(SynchronousQueue.java:362)
        at java.util.concurrent.SynchronousQueue.poll(SynchronousQueue.java:941)
        at java.util.concurrent.ThreadPoolExecutor.getTask(ThreadPoolExecutor.java:1073)
        at java.util.concurrent.ThreadPoolExecutor.runWorker(ThreadPoolExecutor.java:1134)
        at java.util.concurrent.ThreadPoolExecutor$Worker.run(ThreadPoolExecutor.java:624)
        at java.lang.Thread.run(Thread.java:750)
"FixedThreadPoolWithAffinityExecutor-5-0" daemon prio=5 tid=6088 timed_waiting
java.lang.Thread.State: TIMED_WAITING
        at sun.misc.Unsafe.park(Native Method)
        at java.util.concurrent.locks.LockSupport.parkNanos(LockSupport.java:215)
        at java.util.concurrent.locks.AbstractQueuedSynchronizer$ConditionObject.awaitNanos(AbstractQueuedSynchronizer.java:2078)
        at java.util.concurrent.LinkedBlockingQueue.poll(LinkedBlockingQueue.java:467)
        at org.apache.hadoop.hdds.scm.server.ContainerReportQueue.poll(ContainerReportQueue.java:266)
        at org.apache.hadoop.hdds.scm.server.ContainerReportQueue.poll(ContainerReportQueue.java:42)
        at org.apache.hadoop.hdds.server.events.FixedThreadPoolWithAffinityExecutor$ContainerReportProcessTask.run(FixedThreadPoolWithAffinityExecutor.java:248)
        at java.util.concurrent.Executors$RunnableAdapter.call(Executors.java:511)
        at java.util.concurrent.FutureTask.run(FutureTask.java:266)
        at java.util.concurrent.ThreadPoolExecutor.runWorker(ThreadPoolExecutor.java:1149)
        at java.util.concurrent.ThreadPoolExecutor$Worker.run(ThreadPoolExecutor.java:624)
        at java.lang.Thread.run(Thread.java:750)
"EndpointStateMachine task thread for /0.0.0.0:41047 - 0 "  prio=5 tid=4667 in Object.wait()
java.lang.Thread.State: WAITING (on object monitor)
        at sun.misc.Unsafe.park(Native Method)
        at java.util.concurrent.locks.LockSupport.park(LockSupport.java:175)
        at java.util.concurrent.locks.AbstractQueuedSynchronizer$ConditionObject.await(AbstractQueuedSynchronizer.java:2039)
        at java.util.concurrent.LinkedBlockingQueue.take(LinkedBlockingQueue.java:442)
        at java.util.concurrent.ThreadPoolExecutor.getTask(ThreadPoolExecutor.java:1074)
        at java.util.concurrent.ThreadPoolExecutor.runWorker(ThreadPoolExecutor.java:1134)
        at java.util.concurrent.ThreadPoolExecutor$Worker.run(ThreadPoolExecutor.java:624)
        at java.lang.Thread.run(Thread.java:750)
"Datanode State Machine Task Thread - 0"  prio=5 tid=5363 in Object.wait()
java.lang.Thread.State: WAITING (on object monitor)
        at sun.misc.Unsafe.park(Native Method)
        at java.util.concurrent.locks.LockSupport.park(LockSupport.java:175)
        at java.util.concurrent.locks.AbstractQueuedSynchronizer$ConditionObject.await(AbstractQueuedSynchronizer.java:2039)
        at java.util.concurrent.LinkedBlockingQueue.take(LinkedBlockingQueue.java:442)
        at java.util.concurrent.ThreadPoolExecutor.getTask(ThreadPoolExecutor.java:1074)
        at java.util.concurrent.ThreadPoolExecutor.runWorker(ThreadPoolExecutor.java:1134)
        at java.util.concurrent.ThreadPoolExecutor$Worker.run(ThreadPoolExecutor.java:624)
        at java.lang.Thread.run(Thread.java:750)
"Datanode ReportManager Thread - 2" daemon prio=5 tid=4563 in Object.wait()
java.lang.Thread.State: WAITING (on object monitor)
        at sun.misc.Unsafe.park(Native Method)
        at java.util.concurrent.locks.LockSupport.park(LockSupport.java:175)
        at java.util.concurrent.locks.AbstractQueuedSynchronizer$ConditionObject.await(AbstractQueuedSynchronizer.java:2039)
        at java.util.concurrent.ScheduledThreadPoolExecutor$DelayedWorkQueue.take(ScheduledThreadPoolExecutor.java:1088)
        at java.util.concurrent.ScheduledThreadPoolExecutor$DelayedWorkQueue.take(ScheduledThreadPoolExecutor.java:809)
        at java.util.concurrent.ThreadPoolExecutor.getTask(ThreadPoolExecutor.java:1074)
        at java.util.concurrent.ThreadPoolExecutor.runWorker(ThreadPoolExecutor.java:1134)
        at java.util.concurrent.ThreadPoolExecutor$Worker.run(ThreadPoolExecutor.java:624)
        at java.lang.Thread.run(Thread.java:750)
"pool-2065-thread-1"  prio=5 tid=4542 timed_waiting
java.lang.Thread.State: TIMED_WAITING
        at sun.misc.Unsafe.park(Native Method)
        at java.util.concurrent.locks.LockSupport.parkNanos(LockSupport.java:215)
        at java.util.concurrent.locks.AbstractQueuedSynchronizer$ConditionObject.awaitNanos(AbstractQueuedSynchronizer.java:2078)
        at java.util.concurrent.ScheduledThreadPoolExecutor$DelayedWorkQueue.take(ScheduledThreadPoolExecutor.java:1093)
        at java.util.concurrent.ScheduledThreadPoolExecutor$DelayedWorkQueue.take(ScheduledThreadPoolExecutor.java:809)
        at java.util.concurrent.ThreadPoolExecutor.getTask(ThreadPoolExecutor.java:1074)
        at java.util.concurrent.ThreadPoolExecutor.runWorker(ThreadPoolExecutor.java:1134)
        at java.util.concurrent.ThreadPoolExecutor$Worker.run(ThreadPoolExecutor.java:624)
        at java.lang.Thread.run(Thread.java:750)
"qtp1393491412-5319-acceptor-0@31de4ad8-ServerConnector@3a3233e{HTTP/1.1, (http/1.1)}{0.0.0.0:43029}" daemon prio=3 tid=5319 runnable
java.lang.Thread.State: RUNNABLE
        at sun.nio.ch.ServerSocketChannelImpl.accept0(Native Method)
        at sun.nio.ch.ServerSocketChannelImpl.accept(ServerSocketChannelImpl.java:421)
        at sun.nio.ch.ServerSocketChannelImpl.accept(ServerSocketChannelImpl.java:249)
        at org.eclipse.jetty.server.ServerConnector.accept(ServerConnector.java:388)
        at org.eclipse.jetty.server.AbstractConnector$Acceptor.run(AbstractConnector.java:704)
        at org.eclipse.jetty.util.thread.QueuedThreadPool.runJob(QueuedThreadPool.java:883)
        at org.eclipse.jetty.util.thread.QueuedThreadPool$Runner.run(QueuedThreadPool.java:1034)
        at java.lang.Thread.run(Thread.java:750)
"StaleRecoveringContainerScrubbingService#1" daemon prio=5 tid=4734 timed_waiting
java.lang.Thread.State: TIMED_WAITING
        at sun.misc.Unsafe.park(Native Method)
        at java.util.concurrent.locks.LockSupport.parkNanos(LockSupport.java:215)
        at java.util.concurrent.locks.AbstractQueuedSynchronizer$ConditionObject.awaitNanos(AbstractQueuedSynchronizer.java:2078)
        at java.util.concurrent.ScheduledThreadPoolExecutor$DelayedWorkQueue.take(ScheduledThreadPoolExecutor.java:1093)
        at java.util.concurrent.ScheduledThreadPoolExecutor$DelayedWorkQueue.take(ScheduledThreadPoolExecutor.java:809)
        at java.util.concurrent.ThreadPoolExecutor.getTask(ThreadPoolExecutor.java:1074)
        at java.util.concurrent.ThreadPoolExecutor.runWorker(ThreadPoolExecutor.java:1134)
        at java.util.concurrent.ThreadPoolExecutor$Worker.run(ThreadPoolExecutor.java:624)
        at java.lang.Thread.run(Thread.java:750)
"FixedThreadPoolWithAffinityExecutor-2-0" daemon prio=5 tid=6085 timed_waiting
java.lang.Thread.State: TIMED_WAITING
        at sun.misc.Unsafe.park(Native Method)
        at java.util.concurrent.locks.LockSupport.parkNanos(LockSupport.java:215)
        at java.util.concurrent.locks.AbstractQueuedSynchronizer$ConditionObject.awaitNanos(AbstractQueuedSynchronizer.java:2078)
        at java.util.concurrent.LinkedBlockingQueue.poll(LinkedBlockingQueue.java:467)
        at org.apache.hadoop.hdds.scm.server.ContainerReportQueue.poll(ContainerReportQueue.java:266)
        at org.apache.hadoop.hdds.scm.server.ContainerReportQueue.poll(ContainerReportQueue.java:42)
        at org.apache.hadoop.hdds.server.events.FixedThreadPoolWithAffinityExecutor$ContainerReportProcessTask.run(FixedThreadPoolWithAffinityExecutor.java:248)
        at java.util.concurrent.Executors$RunnableAdapter.call(Executors.java:511)
        at java.util.concurrent.FutureTask.run(FutureTask.java:266)
        at java.util.concurrent.ThreadPoolExecutor.runWorker(ThreadPoolExecutor.java:1149)
        at java.util.concurrent.ThreadPoolExecutor$Worker.run(ThreadPoolExecutor.java:624)
        at java.lang.Thread.run(Thread.java:750)
"Command processor thread" daemon prio=5 tid=5472 timed_waiting
java.lang.Thread.State: TIMED_WAITING
        at java.lang.Thread.sleep(Native Method)
        at org.apache.hadoop.ozone.container.common.statemachine.DatanodeStateMachine.lambda$initCommandHandlerThread$3(DatanodeStateMachine.java:641)
        at org.apache.hadoop.ozone.container.common.statemachine.DatanodeStateMachine$$Lambda$787/534002387.run(Unknown Source)
        at java.lang.Thread.run(Thread.java:750)
"Datanode State Machine Task Thread - 1"  prio=5 tid=5558 in Object.wait()
java.lang.Thread.State: WAITING (on object monitor)
        at sun.misc.Unsafe.park(Native Method)
        at java.util.concurrent.locks.LockSupport.park(LockSupport.java:175)
        at java.util.concurrent.locks.AbstractQueuedSynchronizer$ConditionObject.await(AbstractQueuedSynchronizer.java:2039)
        at java.util.concurrent.LinkedBlockingQueue.take(LinkedBlockingQueue.java:442)
        at java.util.concurrent.ThreadPoolExecutor.getTask(ThreadPoolExecutor.java:1074)
        at java.util.concurrent.ThreadPoolExecutor.runWorker(ThreadPoolExecutor.java:1134)
        at java.util.concurrent.ThreadPoolExecutor$Worker.run(ThreadPoolExecutor.java:624)
        at java.lang.Thread.run(Thread.java:750)
"ChunkWriter-1-0" daemon prio=5 tid=4632 in Object.wait()
java.lang.Thread.State: WAITING (on object monitor)
        at sun.misc.Unsafe.park(Native Method)
        at java.util.concurrent.locks.LockSupport.park(LockSupport.java:175)
        at java.util.concurrent.locks.AbstractQueuedSynchronizer$ConditionObject.await(AbstractQueuedSynchronizer.java:2039)
        at java.util.concurrent.LinkedBlockingDeque.takeFirst(LinkedBlockingDeque.java:492)
        at java.util.concurrent.LinkedBlockingDeque.take(LinkedBlockingDeque.java:680)
        at java.util.concurrent.ThreadPoolExecutor.getTask(ThreadPoolExecutor.java:1074)
        at java.util.concurrent.ThreadPoolExecutor.runWorker(ThreadPoolExecutor.java:1134)
        at java.util.concurrent.ThreadPoolExecutor$Worker.run(ThreadPoolExecutor.java:624)
        at java.lang.Thread.run(Thread.java:750)
"pool-1846-thread-1"  prio=5 tid=4247 in Object.wait()
java.lang.Thread.State: WAITING (on object monitor)
        at sun.misc.Unsafe.park(Native Method)
        at java.util.concurrent.locks.LockSupport.park(LockSupport.java:175)
        at java.util.concurrent.locks.AbstractQueuedSynchronizer$ConditionObject.await(AbstractQueuedSynchronizer.java:2039)
        at java.util.concurrent.LinkedBlockingQueue.take(LinkedBlockingQueue.java:442)
        at java.util.concurrent.ThreadPoolExecutor.getTask(ThreadPoolExecutor.java:1074)
        at java.util.concurrent.ThreadPoolExecutor.runWorker(ThreadPoolExecutor.java:1134)
        at java.util.concurrent.ThreadPoolExecutor$Worker.run(ThreadPoolExecutor.java:624)
        at java.lang.Thread.run(Thread.java:750)
"pool-2118-thread-1" daemon prio=5 tid=4630 timed_waiting
java.lang.Thread.State: TIMED_WAITING
        at sun.misc.Unsafe.park(Native Method)
        at java.util.concurrent.locks.LockSupport.parkNanos(LockSupport.java:215)
        at java.util.concurrent.locks.AbstractQueuedSynchronizer$ConditionObject.awaitNanos(AbstractQueuedSynchronizer.java:2078)
        at java.util.concurrent.ScheduledThreadPoolExecutor$DelayedWorkQueue.take(ScheduledThreadPoolExecutor.java:1093)
        at java.util.concurrent.ScheduledThreadPoolExecutor$DelayedWorkQueue.take(ScheduledThreadPoolExecutor.java:809)
        at java.util.concurrent.ThreadPoolExecutor.getTask(ThreadPoolExecutor.java:1074)
        at java.util.concurrent.ThreadPoolExecutor.runWorker(ThreadPoolExecutor.java:1134)
        at java.util.concurrent.ThreadPoolExecutor$Worker.run(ThreadPoolExecutor.java:624)
        at java.lang.Thread.run(Thread.java:750)
"ChunkWriter-3-0" daemon prio=5 tid=4634 in Object.wait()
java.lang.Thread.State: WAITING (on object monitor)
        at sun.misc.Unsafe.park(Native Method)
        at java.util.concurrent.locks.LockSupport.park(LockSupport.java:175)
        at java.util.concurrent.locks.AbstractQueuedSynchronizer$ConditionObject.await(AbstractQueuedSynchronizer.java:2039)
        at java.util.concurrent.LinkedBlockingDeque.takeFirst(LinkedBlockingDeque.java:492)
        at java.util.concurrent.LinkedBlockingDeque.take(LinkedBlockingDeque.java:680)
        at java.util.concurrent.ThreadPoolExecutor.getTask(ThreadPoolExecutor.java:1074)
        at java.util.concurrent.ThreadPoolExecutor.runWorker(ThreadPoolExecutor.java:1134)
        at java.util.concurrent.ThreadPoolExecutor$Worker.run(ThreadPoolExecutor.java:624)
        at java.lang.Thread.run(Thread.java:750)
"IPC Server handler 5 on default port 41047" daemon prio=5 tid=6144 timed_waiting
java.lang.Thread.State: TIMED_WAITING
        at sun.misc.Unsafe.park(Native Method)
        at java.util.concurrent.locks.LockSupport.parkNanos(LockSupport.java:215)
        at java.util.concurrent.locks.AbstractQueuedSynchronizer$ConditionObject.awaitNanos(AbstractQueuedSynchronizer.java:2078)
        at java.util.concurrent.LinkedBlockingQueue.poll(LinkedBlockingQueue.java:467)
        at org.apache.hadoop.ipc.CallQueueManager.take(CallQueueManager.java:317)
        at org.apache.hadoop.ipc.Server$Handler.run(Server.java:2942)
"qtp220272310-4452" daemon prio=5 tid=4452 timed_waiting
java.lang.Thread.State: TIMED_WAITING
        at sun.misc.Unsafe.park(Native Method)
        at java.util.concurrent.locks.LockSupport.parkNanos(LockSupport.java:215)
        at java.util.concurrent.locks.AbstractQueuedSynchronizer$ConditionObject.awaitNanos(AbstractQueuedSynchronizer.java:2078)
        at org.eclipse.jetty.util.BlockingArrayQueue.poll(BlockingArrayQueue.java:382)
        at org.eclipse.jetty.util.thread.QueuedThreadPool$Runner.idleJobPoll(QueuedThreadPool.java:974)
        at org.eclipse.jetty.util.thread.QueuedThreadPool$Runner.run(QueuedThreadPool.java:1018)
        at java.lang.Thread.run(Thread.java:750)
"IPC Server Responder" daemon prio=5 tid=5051 runnable
java.lang.Thread.State: RUNNABLE
        at sun.nio.ch.EPollArrayWrapper.epollWait(Native Method)
        at sun.nio.ch.EPollArrayWrapper.poll(EPollArrayWrapper.java:269)
        at sun.nio.ch.EPollSelectorImpl.doSelect(EPollSelectorImpl.java:93)
        at sun.nio.ch.SelectorImpl.lockAndDoSelect(SelectorImpl.java:86)
        at sun.nio.ch.SelectorImpl.select(SelectorImpl.java:97)
        at org.apache.hadoop.ipc.Server$Responder.doRunLoop(Server.java:1532)
        at org.apache.hadoop.ipc.Server$Responder.run(Server.java:1515)
"ContainerOp-e8dd15d0-68e9-4f12-a7cc-a9df22f54b30-9"  prio=5 tid=6032 in Object.wait()
java.lang.Thread.State: WAITING (on object monitor)
        at sun.misc.Unsafe.park(Native Method)
        at java.util.concurrent.locks.LockSupport.park(LockSupport.java:175)
        at java.util.concurrent.locks.AbstractQueuedSynchronizer$ConditionObject.await(AbstractQueuedSynchronizer.java:2039)
        at java.util.concurrent.LinkedBlockingQueue.take(LinkedBlockingQueue.java:442)
        at java.util.concurrent.ThreadPoolExecutor.getTask(ThreadPoolExecutor.java:1074)
        at java.util.concurrent.ThreadPoolExecutor.runWorker(ThreadPoolExecutor.java:1134)
        at java.util.concurrent.ThreadPoolExecutor$Worker.run(ThreadPoolExecutor.java:624)
        at java.lang.Thread.run(Thread.java:750)
"Datanode ReportManager Thread - 4" daemon prio=5 tid=4529 in Object.wait()
java.lang.Thread.State: WAITING (on object monitor)
        at sun.misc.Unsafe.park(Native Method)
        at java.util.concurrent.locks.LockSupport.park(LockSupport.java:175)
        at java.util.concurrent.locks.AbstractQueuedSynchronizer$ConditionObject.await(AbstractQueuedSynchronizer.java:2039)
        at java.util.concurrent.ScheduledThreadPoolExecutor$DelayedWorkQueue.take(ScheduledThreadPoolExecutor.java:1088)
        at java.util.concurrent.ScheduledThreadPoolExecutor$DelayedWorkQueue.take(ScheduledThreadPoolExecutor.java:809)
        at java.util.concurrent.ThreadPoolExecutor.getTask(ThreadPoolExecutor.java:1074)
        at java.util.concurrent.ThreadPoolExecutor.runWorker(ThreadPoolExecutor.java:1134)
        at java.util.concurrent.ThreadPoolExecutor$Worker.run(ThreadPoolExecutor.java:624)
        at java.lang.Thread.run(Thread.java:750)
"qtp1393491412-5322" daemon prio=5 tid=5322 timed_waiting
java.lang.Thread.State: TIMED_WAITING
        at sun.misc.Unsafe.park(Native Method)
        at java.util.concurrent.locks.LockSupport.parkNanos(LockSupport.java:215)
        at java.util.concurrent.locks.AbstractQueuedSynchronizer$ConditionObject.awaitNanos(AbstractQueuedSynchronizer.java:2078)
        at org.eclipse.jetty.util.BlockingArrayQueue.poll(BlockingArrayQueue.java:382)
        at org.eclipse.jetty.util.thread.QueuedThreadPool$Runner.idleJobPoll(QueuedThreadPool.java:974)
        at org.eclipse.jetty.util.thread.QueuedThreadPool$Runner.run(QueuedThreadPool.java:1018)
        at java.lang.Thread.run(Thread.java:750)
"f64c422f-02be-4aba-b4a9-b2d4a3918880@group-971EC9EF2D19-StateMachineUpdater" daemon prio=5 tid=5709 timed_waiting
java.lang.Thread.State: TIMED_WAITING
        at sun.misc.Unsafe.park(Native Method)
        at java.util.concurrent.locks.LockSupport.parkNanos(LockSupport.java:215)
        at java.util.concurrent.CompletableFuture$Signaller.block(CompletableFuture.java:1709)
        at java.util.concurrent.ForkJoinPool.managedBlock(ForkJoinPool.java:3323)
        at java.util.concurrent.CompletableFuture.timedGet(CompletableFuture.java:1788)
        at java.util.concurrent.CompletableFuture.get(CompletableFuture.java:1928)
        at org.apache.ratis.util.AwaitForSignal.await(AwaitForSignal.java:56)
        at org.apache.ratis.server.impl.StateMachineUpdater.waitForCommit(StateMachineUpdater.java:207)
        at org.apache.ratis.server.impl.StateMachineUpdater.run(StateMachineUpdater.java:176)
        at java.lang.Thread.run(Thread.java:750)
"org.apache.hadoop.util.JvmPauseMonitor$Monitor@7b01a2f9" daemon prio=5 tid=5473 timed_waiting
java.lang.Thread.State: TIMED_WAITING
        at java.lang.Thread.sleep(Native Method)
        at org.apache.hadoop.util.JvmPauseMonitor$Monitor.run(JvmPauseMonitor.java:192)
        at java.lang.Thread.run(Thread.java:750)
"Datanode ReportManager Thread - 1" daemon prio=5 tid=5468 in Object.wait()
java.lang.Thread.State: WAITING (on object monitor)
        at sun.misc.Unsafe.park(Native Method)
        at java.util.concurrent.locks.LockSupport.park(LockSupport.java:175)
        at java.util.concurrent.locks.AbstractQueuedSynchronizer$ConditionObject.await(AbstractQueuedSynchronizer.java:2039)
        at java.util.concurrent.ScheduledThreadPoolExecutor$DelayedWorkQueue.take(ScheduledThreadPoolExecutor.java:1088)
        at java.util.concurrent.ScheduledThreadPoolExecutor$DelayedWorkQueue.take(ScheduledThreadPoolExecutor.java:809)
        at java.util.concurrent.ThreadPoolExecutor.getTask(ThreadPoolExecutor.java:1074)
        at java.util.concurrent.ThreadPoolExecutor.runWorker(ThreadPoolExecutor.java:1134)
        at java.util.concurrent.ThreadPoolExecutor$Worker.run(ThreadPoolExecutor.java:624)
        at java.lang.Thread.run(Thread.java:750)
"IPC Server handler 15 on default port 37589" daemon prio=5 tid=5125 timed_waiting
java.lang.Thread.State: TIMED_WAITING
        at sun.misc.Unsafe.park(Native Method)
        at java.util.concurrent.locks.LockSupport.parkNanos(LockSupport.java:215)
        at java.util.concurrent.locks.AbstractQueuedSynchronizer$ConditionObject.awaitNanos(AbstractQueuedSynchronizer.java:2078)
        at java.util.concurrent.LinkedBlockingQueue.poll(LinkedBlockingQueue.java:467)
        at org.apache.hadoop.ipc.CallQueueManager.take(CallQueueManager.java:317)
        at org.apache.hadoop.ipc.Server$Handler.run(Server.java:2942)
"ChunkWriter-0-0" daemon prio=5 tid=5392 in Object.wait()
java.lang.Thread.State: WAITING (on object monitor)
        at sun.misc.Unsafe.park(Native Method)
        at java.util.concurrent.locks.LockSupport.park(LockSupport.java:175)
        at java.util.concurrent.locks.AbstractQueuedSynchronizer$ConditionObject.await(AbstractQueuedSynchronizer.java:2039)
        at java.util.concurrent.LinkedBlockingDeque.takeFirst(LinkedBlockingDeque.java:492)
        at java.util.concurrent.LinkedBlockingDeque.take(LinkedBlockingDeque.java:680)
        at java.util.concurrent.ThreadPoolExecutor.getTask(ThreadPoolExecutor.java:1074)
        at java.util.concurrent.ThreadPoolExecutor.runWorker(ThreadPoolExecutor.java:1134)
        at java.util.concurrent.ThreadPoolExecutor$Worker.run(ThreadPoolExecutor.java:624)
        at java.lang.Thread.run(Thread.java:750)
"Datanode ReportManager Thread - 1" daemon prio=5 tid=4617 timed_waiting
java.lang.Thread.State: TIMED_WAITING
        at sun.misc.Unsafe.park(Native Method)
        at java.util.concurrent.locks.LockSupport.parkNanos(LockSupport.java:215)
        at java.util.concurrent.locks.AbstractQueuedSynchronizer$ConditionObject.awaitNanos(AbstractQueuedSynchronizer.java:2078)
        at java.util.concurrent.ScheduledThreadPoolExecutor$DelayedWorkQueue.take(ScheduledThreadPoolExecutor.java:1093)
        at java.util.concurrent.ScheduledThreadPoolExecutor$DelayedWorkQueue.take(ScheduledThreadPoolExecutor.java:809)
        at java.util.concurrent.ThreadPoolExecutor.getTask(ThreadPoolExecutor.java:1074)
        at java.util.concurrent.ThreadPoolExecutor.runWorker(ThreadPoolExecutor.java:1134)
        at java.util.concurrent.ThreadPoolExecutor$Worker.run(ThreadPoolExecutor.java:624)
        at java.lang.Thread.run(Thread.java:750)
"StaleRecoveringContainerScrubbingService#1" daemon prio=5 tid=5464 in Object.wait()
java.lang.Thread.State: WAITING (on object monitor)
        at sun.misc.Unsafe.park(Native Method)
        at java.util.concurrent.locks.LockSupport.park(LockSupport.java:175)
        at java.util.concurrent.locks.AbstractQueuedSynchronizer$ConditionObject.await(AbstractQueuedSynchronizer.java:2039)
        at java.util.concurrent.ScheduledThreadPoolExecutor$DelayedWorkQueue.take(ScheduledThreadPoolExecutor.java:1088)
        at java.util.concurrent.ScheduledThreadPoolExecutor$DelayedWorkQueue.take(ScheduledThreadPoolExecutor.java:809)
        at java.util.concurrent.ThreadPoolExecutor.getTask(ThreadPoolExecutor.java:1074)
        at java.util.concurrent.ThreadPoolExecutor.runWorker(ThreadPoolExecutor.java:1134)
        at java.util.concurrent.ThreadPoolExecutor$Worker.run(ThreadPoolExecutor.java:624)
        at java.lang.Thread.run(Thread.java:750)
"FullTableCache Cleanup Thread - 0" daemon prio=5 tid=5019 in Object.wait()
java.lang.Thread.State: WAITING (on object monitor)
        at sun.misc.Unsafe.park(Native Method)
        at java.util.concurrent.locks.LockSupport.park(LockSupport.java:175)
        at java.util.concurrent.locks.AbstractQueuedSynchronizer$ConditionObject.await(AbstractQueuedSynchronizer.java:2039)
        at java.util.concurrent.LinkedBlockingQueue.take(LinkedBlockingQueue.java:442)
        at java.util.concurrent.ThreadPoolExecutor.getTask(ThreadPoolExecutor.java:1074)
        at java.util.concurrent.ThreadPoolExecutor.runWorker(ThreadPoolExecutor.java:1134)
        at java.util.concurrent.ThreadPoolExecutor$Worker.run(ThreadPoolExecutor.java:624)
        at java.lang.Thread.run(Thread.java:750)
"pool-2056-thread-1"  prio=5 tid=4788 in Object.wait()
java.lang.Thread.State: WAITING (on object monitor)
        at sun.misc.Unsafe.park(Native Method)
        at java.util.concurrent.locks.LockSupport.park(LockSupport.java:175)
        at java.util.concurrent.locks.AbstractQueuedSynchronizer$ConditionObject.await(AbstractQueuedSynchronizer.java:2039)
        at java.util.concurrent.LinkedBlockingQueue.take(LinkedBlockingQueue.java:442)
        at java.util.concurrent.ThreadPoolExecutor.getTask(ThreadPoolExecutor.java:1074)
        at java.util.concurrent.ThreadPoolExecutor.runWorker(ThreadPoolExecutor.java:1134)
        at java.util.concurrent.ThreadPoolExecutor$Worker.run(ThreadPoolExecutor.java:624)
        at java.lang.Thread.run(Thread.java:750)
"IPC Server handler 15 on default port 41047" daemon prio=5 tid=6154 timed_waiting
java.lang.Thread.State: TIMED_WAITING
        at sun.misc.Unsafe.park(Native Method)
        at java.util.concurrent.locks.LockSupport.parkNanos(LockSupport.java:215)
        at java.util.concurrent.locks.AbstractQueuedSynchronizer$ConditionObject.awaitNanos(AbstractQueuedSynchronizer.java:2078)
        at java.util.concurrent.LinkedBlockingQueue.poll(LinkedBlockingQueue.java:467)
        at org.apache.hadoop.ipc.CallQueueManager.take(CallQueueManager.java:317)
        at org.apache.hadoop.ipc.Server$Handler.run(Server.java:2942)
"Command processor thread" daemon prio=5 tid=4530 timed_waiting
java.lang.Thread.State: TIMED_WAITING
        at java.lang.Thread.sleep(Native Method)
        at org.apache.hadoop.ozone.container.common.statemachine.DatanodeStateMachine.lambda$initCommandHandlerThread$3(DatanodeStateMachine.java:641)
        at org.apache.hadoop.ozone.container.common.statemachine.DatanodeStateMachine$$Lambda$787/534002387.run(Unknown Source)
        at java.lang.Thread.run(Thread.java:750)
"qtp514050540-5422" daemon prio=5 tid=5422 timed_waiting
java.lang.Thread.State: TIMED_WAITING
        at sun.misc.Unsafe.park(Native Method)
        at java.util.concurrent.locks.LockSupport.parkNanos(LockSupport.java:215)
        at java.util.concurrent.locks.AbstractQueuedSynchronizer$ConditionObject.awaitNanos(AbstractQueuedSynchronizer.java:2078)
        at org.eclipse.jetty.util.BlockingArrayQueue.poll(BlockingArrayQueue.java:382)
        at org.eclipse.jetty.util.thread.QueuedThreadPool$Runner.idleJobPoll(QueuedThreadPool.java:974)
        at org.eclipse.jetty.util.thread.QueuedThreadPool$Runner.run(QueuedThreadPool.java:1018)
        at java.lang.Thread.run(Thread.java:750)
"IPC Parameter Sending Thread #3" daemon prio=5 tid=5977 timed_waiting
java.lang.Thread.State: TIMED_WAITING
        at sun.misc.Unsafe.park(Native Method)
        at java.util.concurrent.locks.LockSupport.parkNanos(LockSupport.java:215)
        at java.util.concurrent.SynchronousQueue$TransferStack.awaitFulfill(SynchronousQueue.java:460)
        at java.util.concurrent.SynchronousQueue$TransferStack.transfer(SynchronousQueue.java:362)
        at java.util.concurrent.SynchronousQueue.poll(SynchronousQueue.java:941)
        at java.util.concurrent.ThreadPoolExecutor.getTask(ThreadPoolExecutor.java:1073)
        at java.util.concurrent.ThreadPoolExecutor.runWorker(ThreadPoolExecutor.java:1134)
        at java.util.concurrent.ThreadPoolExecutor$Worker.run(ThreadPoolExecutor.java:624)
        at java.lang.Thread.run(Thread.java:750)
"ContainerOp-e8dd15d0-68e9-4f12-a7cc-a9df22f54b30-1"  prio=5 tid=5976 in Object.wait()
java.lang.Thread.State: WAITING (on object monitor)
        at sun.misc.Unsafe.park(Native Method)
        at java.util.concurrent.locks.LockSupport.park(LockSupport.java:175)
        at java.util.concurrent.locks.AbstractQueuedSynchronizer$ConditionObject.await(AbstractQueuedSynchronizer.java:2039)
        at java.util.concurrent.LinkedBlockingQueue.take(LinkedBlockingQueue.java:442)
        at java.util.concurrent.ThreadPoolExecutor.getTask(ThreadPoolExecutor.java:1074)
        at java.util.concurrent.ThreadPoolExecutor.runWorker(ThreadPoolExecutor.java:1134)
        at java.util.concurrent.ThreadPoolExecutor$Worker.run(ThreadPoolExecutor.java:624)
        at java.lang.Thread.run(Thread.java:750)
"IPC Server handler 6 on default port 41047" daemon prio=5 tid=6145 timed_waiting
java.lang.Thread.State: TIMED_WAITING
        at sun.misc.Unsafe.park(Native Method)
        at java.util.concurrent.locks.LockSupport.parkNanos(LockSupport.java:215)
        at java.util.concurrent.locks.AbstractQueuedSynchronizer$ConditionObject.awaitNanos(AbstractQueuedSynchronizer.java:2078)
        at java.util.concurrent.LinkedBlockingQueue.poll(LinkedBlockingQueue.java:467)
        at org.apache.hadoop.ipc.CallQueueManager.take(CallQueueManager.java:317)
        at org.apache.hadoop.ipc.Server$Handler.run(Server.java:2942)
"qtp1556434335-5452" daemon prio=5 tid=5452 timed_waiting
java.lang.Thread.State: TIMED_WAITING
        at sun.misc.Unsafe.park(Native Method)
        at java.util.concurrent.locks.LockSupport.parkNanos(LockSupport.java:215)
        at java.util.concurrent.locks.AbstractQueuedSynchronizer$ConditionObject.awaitNanos(AbstractQueuedSynchronizer.java:2078)
        at org.eclipse.jetty.util.BlockingArrayQueue.poll(BlockingArrayQueue.java:382)
        at org.eclipse.jetty.util.thread.QueuedThreadPool$Runner.idleJobPoll(QueuedThreadPool.java:974)
        at org.eclipse.jetty.util.thread.QueuedThreadPool$Runner.run(QueuedThreadPool.java:1018)
        at java.lang.Thread.run(Thread.java:750)
"StaleRecoveringContainerScrubbingService#0" daemon prio=5 tid=4732 in Object.wait()
java.lang.Thread.State: WAITING (on object monitor)
        at sun.misc.Unsafe.park(Native Method)
        at java.util.concurrent.locks.LockSupport.park(LockSupport.java:175)
        at java.util.concurrent.locks.AbstractQueuedSynchronizer$ConditionObject.await(AbstractQueuedSynchronizer.java:2039)
        at java.util.concurrent.ScheduledThreadPoolExecutor$DelayedWorkQueue.take(ScheduledThreadPoolExecutor.java:1088)
        at java.util.concurrent.ScheduledThreadPoolExecutor$DelayedWorkQueue.take(ScheduledThreadPoolExecutor.java:809)
        at java.util.concurrent.ThreadPoolExecutor.getTask(ThreadPoolExecutor.java:1074)
        at java.util.concurrent.ThreadPoolExecutor.runWorker(ThreadPoolExecutor.java:1134)
        at java.util.concurrent.ThreadPoolExecutor$Worker.run(ThreadPoolExecutor.java:624)
        at java.lang.Thread.run(Thread.java:750)
"grpc-default-boss-ELG-1-1" daemon prio=5 tid=140 runnable
java.lang.Thread.State: RUNNABLE
        at org.apache.ratis.thirdparty.io.netty.channel.epoll.Native.epollWait(Native Method)
        at org.apache.ratis.thirdparty.io.netty.channel.epoll.Native.epollWait(Native.java:209)
        at org.apache.ratis.thirdparty.io.netty.channel.epoll.Native.epollWait(Native.java:202)
        at org.apache.ratis.thirdparty.io.netty.channel.epoll.EpollEventLoop.epollWaitNoTimerChange(EpollEventLoop.java:294)
        at org.apache.ratis.thirdparty.io.netty.channel.epoll.EpollEventLoop.run(EpollEventLoop.java:351)
        at org.apache.ratis.thirdparty.io.netty.util.concurrent.SingleThreadEventExecutor$4.run(SingleThreadEventExecutor.java:995)
        at org.apache.ratis.thirdparty.io.netty.util.internal.ThreadExecutorMap$2.run(ThreadExecutorMap.java:74)
        at org.apache.ratis.thirdparty.io.netty.util.concurrent.FastThreadLocalRunnable.run(FastThreadLocalRunnable.java:30)
        at java.lang.Thread.run(Thread.java:750)
"ReplicationMonitor" daemon prio=5 tid=5040 timed_waiting
java.lang.Thread.State: TIMED_WAITING
        at java.lang.Object.wait(Native Method)
        at org.apache.hadoop.hdds.scm.container.replication.ReplicationManager.run(ReplicationManager.java:632)
        at org.apache.hadoop.hdds.scm.container.replication.ReplicationManager$$Lambda$416/1725432529.run(Unknown Source)
        at java.lang.Thread.run(Thread.java:750)
"IPC Server handler 4 on default port 33459" daemon prio=5 tid=4362 timed_waiting
java.lang.Thread.State: TIMED_WAITING
        at sun.misc.Unsafe.park(Native Method)
        at java.util.concurrent.locks.LockSupport.parkNanos(LockSupport.java:215)
        at java.util.concurrent.locks.AbstractQueuedSynchronizer$ConditionObject.awaitNanos(AbstractQueuedSynchronizer.java:2078)
        at java.util.concurrent.LinkedBlockingQueue.poll(LinkedBlockingQueue.java:467)
        at org.apache.hadoop.ipc.CallQueueManager.take(CallQueueManager.java:317)
        at org.apache.hadoop.ipc.Server$Handler.run(Server.java:2942)
"ChunkWriter-0-0" daemon prio=5 tid=5560 in Object.wait()
java.lang.Thread.State: WAITING (on object monitor)
        at sun.misc.Unsafe.park(Native Method)
        at java.util.concurrent.locks.LockSupport.park(LockSupport.java:175)
        at java.util.concurrent.locks.AbstractQueuedSynchronizer$ConditionObject.await(AbstractQueuedSynchronizer.java:2039)
        at java.util.concurrent.LinkedBlockingDeque.takeFirst(LinkedBlockingDeque.java:492)
        at java.util.concurrent.LinkedBlockingDeque.take(LinkedBlockingDeque.java:680)
        at java.util.concurrent.ThreadPoolExecutor.getTask(ThreadPoolExecutor.java:1074)
        at java.util.concurrent.ThreadPoolExecutor.runWorker(ThreadPoolExecutor.java:1134)
        at java.util.concurrent.ThreadPoolExecutor$Worker.run(ThreadPoolExecutor.java:624)
        at java.lang.Thread.run(Thread.java:750)
"Periodic HDDS volume checker" daemon prio=5 tid=5285 timed_waiting
java.lang.Thread.State: TIMED_WAITING
        at sun.misc.Unsafe.park(Native Method)
        at java.util.concurrent.locks.LockSupport.parkNanos(LockSupport.java:215)
        at java.util.concurrent.locks.AbstractQueuedSynchronizer$ConditionObject.awaitNanos(AbstractQueuedSynchronizer.java:2078)
        at java.util.concurrent.ScheduledThreadPoolExecutor$DelayedWorkQueue.take(ScheduledThreadPoolExecutor.java:1093)
        at java.util.concurrent.ScheduledThreadPoolExecutor$DelayedWorkQueue.take(ScheduledThreadPoolExecutor.java:809)
        at java.util.concurrent.ThreadPoolExecutor.getTask(ThreadPoolExecutor.java:1074)
        at java.util.concurrent.ThreadPoolExecutor.runWorker(ThreadPoolExecutor.java:1134)
        at java.util.concurrent.ThreadPoolExecutor$Worker.run(ThreadPoolExecutor.java:624)
        at java.lang.Thread.run(Thread.java:750)
"c5d39dfa-102e-4c5e-b3d6-9bc931d9b70d@group-5E1D1D8F2ADD-StateMachineUpdater" daemon prio=5 tid=5767 timed_waiting
java.lang.Thread.State: TIMED_WAITING
        at sun.misc.Unsafe.park(Native Method)
        at java.util.concurrent.locks.LockSupport.parkNanos(LockSupport.java:215)
        at java.util.concurrent.CompletableFuture$Signaller.block(CompletableFuture.java:1709)
        at java.util.concurrent.ForkJoinPool.managedBlock(ForkJoinPool.java:3323)
        at java.util.concurrent.CompletableFuture.timedGet(CompletableFuture.java:1788)
        at java.util.concurrent.CompletableFuture.get(CompletableFuture.java:1928)
        at org.apache.ratis.util.AwaitForSignal.await(AwaitForSignal.java:56)
        at org.apache.ratis.server.impl.StateMachineUpdater.waitForCommit(StateMachineUpdater.java:207)
        at org.apache.ratis.server.impl.StateMachineUpdater.run(StateMachineUpdater.java:176)
        at java.lang.Thread.run(Thread.java:750)
"grpc-default-worker-ELG-3-2" daemon prio=5 tid=467 runnable
java.lang.Thread.State: RUNNABLE
        at org.apache.ratis.thirdparty.io.netty.channel.epoll.Native.epollWait0(Native Method)
        at org.apache.ratis.thirdparty.io.netty.channel.epoll.Native.epollWait(Native.java:182)
        at org.apache.ratis.thirdparty.io.netty.channel.epoll.EpollEventLoop.epollWait(EpollEventLoop.java:290)
        at org.apache.ratis.thirdparty.io.netty.channel.epoll.EpollEventLoop.run(EpollEventLoop.java:354)
        at org.apache.ratis.thirdparty.io.netty.util.concurrent.SingleThreadEventExecutor$4.run(SingleThreadEventExecutor.java:995)
        at org.apache.ratis.thirdparty.io.netty.util.internal.ThreadExecutorMap$2.run(ThreadExecutorMap.java:74)
        at org.apache.ratis.thirdparty.io.netty.util.concurrent.FastThreadLocalRunnable.run(FastThreadLocalRunnable.java:30)
        at java.lang.Thread.run(Thread.java:750)
"a4df1cd8-da8f-45ad-a02d-233f4b91e4ac@group-4A8F6F23E020-LeaderStateImpl" daemon prio=5 tid=5898 timed_waiting
java.lang.Thread.State: TIMED_WAITING
        at sun.misc.Unsafe.park(Native Method)
        at java.util.concurrent.locks.LockSupport.parkNanos(LockSupport.java:215)
        at java.util.concurrent.locks.AbstractQueuedSynchronizer$ConditionObject.awaitNanos(AbstractQueuedSynchronizer.java:2078)
        at java.util.concurrent.ArrayBlockingQueue.poll(ArrayBlockingQueue.java:418)
        at org.apache.ratis.server.impl.LeaderStateImpl$EventQueue.poll(LeaderStateImpl.java:159)
        at org.apache.ratis.server.impl.LeaderStateImpl$EventProcessor.run(LeaderStateImpl.java:630)
"Session-HouseKeeper-28b8b4cb-1"  prio=5 tid=5386 timed_waiting
java.lang.Thread.State: TIMED_WAITING
        at sun.misc.Unsafe.park(Native Method)
        at java.util.concurrent.locks.LockSupport.parkNanos(LockSupport.java:215)
        at java.util.concurrent.locks.AbstractQueuedSynchronizer$ConditionObject.awaitNanos(AbstractQueuedSynchronizer.java:2078)
        at java.util.concurrent.ScheduledThreadPoolExecutor$DelayedWorkQueue.take(ScheduledThreadPoolExecutor.java:1093)
        at java.util.concurrent.ScheduledThreadPoolExecutor$DelayedWorkQueue.take(ScheduledThreadPoolExecutor.java:809)
        at java.util.concurrent.ThreadPoolExecutor.getTask(ThreadPoolExecutor.java:1074)
        at java.util.concurrent.ThreadPoolExecutor.runWorker(ThreadPoolExecutor.java:1134)
        at java.util.concurrent.ThreadPoolExecutor$Worker.run(ThreadPoolExecutor.java:624)
        at java.lang.Thread.run(Thread.java:750)
"IPC Server handler 19 on default port 41915" daemon prio=5 tid=5109 timed_waiting
java.lang.Thread.State: TIMED_WAITING
        at sun.misc.Unsafe.park(Native Method)
        at java.util.concurrent.locks.LockSupport.parkNanos(LockSupport.java:215)
        at java.util.concurrent.locks.AbstractQueuedSynchronizer$ConditionObject.awaitNanos(AbstractQueuedSynchronizer.java:2078)
        at java.util.concurrent.LinkedBlockingQueue.poll(LinkedBlockingQueue.java:467)
        at org.apache.hadoop.ipc.CallQueueManager.take(CallQueueManager.java:317)
        at org.apache.hadoop.ipc.Server$Handler.run(Server.java:2942)
"BlockDeletingService#1" daemon prio=5 tid=4639 timed_waiting
java.lang.Thread.State: TIMED_WAITING
        at sun.misc.Unsafe.park(Native Method)
        at java.util.concurrent.locks.LockSupport.parkNanos(LockSupport.java:215)
        at java.util.concurrent.locks.AbstractQueuedSynchronizer$ConditionObject.awaitNanos(AbstractQueuedSynchronizer.java:2078)
        at java.util.concurrent.ScheduledThreadPoolExecutor$DelayedWorkQueue.take(ScheduledThreadPoolExecutor.java:1093)
        at java.util.concurrent.ScheduledThreadPoolExecutor$DelayedWorkQueue.take(ScheduledThreadPoolExecutor.java:809)
        at java.util.concurrent.ThreadPoolExecutor.getTask(ThreadPoolExecutor.java:1074)
        at java.util.concurrent.ThreadPoolExecutor.runWorker(ThreadPoolExecutor.java:1134)
        at java.util.concurrent.ThreadPoolExecutor$Worker.run(ThreadPoolExecutor.java:624)
        at java.lang.Thread.run(Thread.java:750)
"IPC Server handler 9 on default port 37589" daemon prio=5 tid=5119 timed_waiting
java.lang.Thread.State: TIMED_WAITING
        at sun.misc.Unsafe.park(Native Method)
        at java.util.concurrent.locks.LockSupport.parkNanos(LockSupport.java:215)
        at java.util.concurrent.locks.AbstractQueuedSynchronizer$ConditionObject.awaitNanos(AbstractQueuedSynchronizer.java:2078)
        at java.util.concurrent.LinkedBlockingQueue.poll(LinkedBlockingQueue.java:467)
        at org.apache.hadoop.ipc.CallQueueManager.take(CallQueueManager.java:317)
        at org.apache.hadoop.ipc.Server$Handler.run(Server.java:2942)
"BlockDeletingService#0" daemon prio=5 tid=4686 in Object.wait()
java.lang.Thread.State: WAITING (on object monitor)
        at sun.misc.Unsafe.park(Native Method)
        at java.util.concurrent.locks.LockSupport.park(LockSupport.java:175)
        at java.util.concurrent.locks.AbstractQueuedSynchronizer$ConditionObject.await(AbstractQueuedSynchronizer.java:2039)
        at java.util.concurrent.ScheduledThreadPoolExecutor$DelayedWorkQueue.take(ScheduledThreadPoolExecutor.java:1088)
        at java.util.concurrent.ScheduledThreadPoolExecutor$DelayedWorkQueue.take(ScheduledThreadPoolExecutor.java:809)
        at java.util.concurrent.ThreadPoolExecutor.getTask(ThreadPoolExecutor.java:1074)
        at java.util.concurrent.ThreadPoolExecutor.runWorker(ThreadPoolExecutor.java:1134)
        at java.util.concurrent.ThreadPoolExecutor$Worker.run(ThreadPoolExecutor.java:624)
        at java.lang.Thread.run(Thread.java:750)
"pool-1963-thread-1" daemon prio=5 tid=4436 timed_waiting
java.lang.Thread.State: TIMED_WAITING
        at sun.misc.Unsafe.park(Native Method)
        at java.util.concurrent.locks.LockSupport.parkNanos(LockSupport.java:215)
        at java.util.concurrent.locks.AbstractQueuedSynchronizer$ConditionObject.awaitNanos(AbstractQueuedSynchronizer.java:2078)
        at java.util.concurrent.ScheduledThreadPoolExecutor$DelayedWorkQueue.take(ScheduledThreadPoolExecutor.java:1093)
        at java.util.concurrent.ScheduledThreadPoolExecutor$DelayedWorkQueue.take(ScheduledThreadPoolExecutor.java:809)
        at java.util.concurrent.ThreadPoolExecutor.getTask(ThreadPoolExecutor.java:1074)
        at java.util.concurrent.ThreadPoolExecutor.runWorker(ThreadPoolExecutor.java:1134)
        at java.util.concurrent.ThreadPoolExecutor$Worker.run(ThreadPoolExecutor.java:624)
        at java.lang.Thread.run(Thread.java:750)
"IPC Server handler 11 on default port 36229" daemon prio=5 tid=5080 timed_waiting
java.lang.Thread.State: TIMED_WAITING
        at sun.misc.Unsafe.park(Native Method)
        at java.util.concurrent.locks.LockSupport.parkNanos(LockSupport.java:215)
        at java.util.concurrent.locks.AbstractQueuedSynchronizer$ConditionObject.awaitNanos(AbstractQueuedSynchronizer.java:2078)
        at java.util.concurrent.LinkedBlockingQueue.poll(LinkedBlockingQueue.java:467)
        at org.apache.hadoop.ipc.CallQueueManager.take(CallQueueManager.java:317)
        at org.apache.hadoop.ipc.Server$Handler.run(Server.java:2942)
"IPC Server handler 6 on default port 45167" daemon prio=5 tid=6122 timed_waiting
java.lang.Thread.State: TIMED_WAITING
        at sun.misc.Unsafe.park(Native Method)
        at java.util.concurrent.locks.LockSupport.parkNanos(LockSupport.java:215)
        at java.util.concurrent.locks.AbstractQueuedSynchronizer$ConditionObject.awaitNanos(AbstractQueuedSynchronizer.java:2078)
        at java.util.concurrent.LinkedBlockingQueue.poll(LinkedBlockingQueue.java:467)
        at org.apache.hadoop.ipc.CallQueueManager.take(CallQueueManager.java:317)
        at org.apache.hadoop.ipc.Server$Handler.run(Server.java:2942)
"Socket Reader #1 for port 0"  prio=5 tid=5054 runnable
java.lang.Thread.State: RUNNABLE
        at sun.nio.ch.EPollArrayWrapper.epollWait(Native Method)
        at sun.nio.ch.EPollArrayWrapper.poll(EPollArrayWrapper.java:269)
        at sun.nio.ch.EPollSelectorImpl.doSelect(EPollSelectorImpl.java:93)
        at sun.nio.ch.SelectorImpl.lockAndDoSelect(SelectorImpl.java:86)
        at sun.nio.ch.SelectorImpl.select(SelectorImpl.java:97)
        at sun.nio.ch.SelectorImpl.select(SelectorImpl.java:101)
        at org.apache.hadoop.ipc.Server$Listener$Reader.doRunLoop(Server.java:1296)
        at org.apache.hadoop.ipc.Server$Listener$Reader.run(Server.java:1275)
"ExpiredContainerReplicaOpScrubberThread" daemon prio=5 tid=6065 timed_waiting
java.lang.Thread.State: TIMED_WAITING
        at java.lang.Object.wait(Native Method)
        at org.apache.hadoop.hdds.scm.ha.BackgroundSCMService.run(BackgroundSCMService.java:110)
        at org.apache.hadoop.hdds.scm.ha.BackgroundSCMService$$Lambda$409/1734120244.run(Unknown Source)
        at java.lang.Thread.run(Thread.java:750)
"StaleRecoveringContainerScrubbingService#0" daemon prio=5 tid=4711 in Object.wait()
java.lang.Thread.State: WAITING (on object monitor)
        at sun.misc.Unsafe.park(Native Method)
        at java.util.concurrent.locks.LockSupport.park(LockSupport.java:175)
        at java.util.concurrent.locks.AbstractQueuedSynchronizer$ConditionObject.await(AbstractQueuedSynchronizer.java:2039)
        at java.util.concurrent.ScheduledThreadPoolExecutor$DelayedWorkQueue.take(ScheduledThreadPoolExecutor.java:1088)
        at java.util.concurrent.ScheduledThreadPoolExecutor$DelayedWorkQueue.take(ScheduledThreadPoolExecutor.java:809)
        at java.util.concurrent.ThreadPoolExecutor.getTask(ThreadPoolExecutor.java:1074)
        at java.util.concurrent.ThreadPoolExecutor.runWorker(ThreadPoolExecutor.java:1134)
        at java.util.concurrent.ThreadPoolExecutor$Worker.run(ThreadPoolExecutor.java:624)
        at java.lang.Thread.run(Thread.java:750)
"Session-HouseKeeper-353a9eb0-1"  prio=5 tid=5493 timed_waiting
java.lang.Thread.State: TIMED_WAITING
        at sun.misc.Unsafe.park(Native Method)
        at java.util.concurrent.locks.LockSupport.parkNanos(LockSupport.java:215)
        at java.util.concurrent.locks.AbstractQueuedSynchronizer$ConditionObject.awaitNanos(AbstractQueuedSynchronizer.java:2078)
        at java.util.concurrent.ScheduledThreadPoolExecutor$DelayedWorkQueue.take(ScheduledThreadPoolExecutor.java:1093)
        at java.util.concurrent.ScheduledThreadPoolExecutor$DelayedWorkQueue.take(ScheduledThreadPoolExecutor.java:809)
        at java.util.concurrent.ThreadPoolExecutor.getTask(ThreadPoolExecutor.java:1074)
        at java.util.concurrent.ThreadPoolExecutor.runWorker(ThreadPoolExecutor.java:1134)
        at java.util.concurrent.ThreadPoolExecutor$Worker.run(ThreadPoolExecutor.java:624)
        at java.lang.Thread.run(Thread.java:750)
"PartialTableCache Cleanup Thread - 0" daemon prio=5 tid=2003 in Object.wait()
java.lang.Thread.State: WAITING (on object monitor)
        at sun.misc.Unsafe.park(Native Method)
        at java.util.concurrent.locks.LockSupport.park(LockSupport.java:175)
        at java.util.concurrent.locks.AbstractQueuedSynchronizer$ConditionObject.await(AbstractQueuedSynchronizer.java:2039)
        at java.util.concurrent.LinkedBlockingQueue.take(LinkedBlockingQueue.java:442)
        at java.util.concurrent.ThreadPoolExecutor.getTask(ThreadPoolExecutor.java:1074)
        at java.util.concurrent.ThreadPoolExecutor.runWorker(ThreadPoolExecutor.java:1134)
        at java.util.concurrent.ThreadPoolExecutor$Worker.run(ThreadPoolExecutor.java:624)
        at java.lang.Thread.run(Thread.java:750)
"ChunkWriter-3-0" daemon prio=5 tid=5551 in Object.wait()
java.lang.Thread.State: WAITING (on object monitor)
        at sun.misc.Unsafe.park(Native Method)
        at java.util.concurrent.locks.LockSupport.park(LockSupport.java:175)
        at java.util.concurrent.locks.AbstractQueuedSynchronizer$ConditionObject.await(AbstractQueuedSynchronizer.java:2039)
        at java.util.concurrent.LinkedBlockingDeque.takeFirst(LinkedBlockingDeque.java:492)
        at java.util.concurrent.LinkedBlockingDeque.take(LinkedBlockingDeque.java:680)
        at java.util.concurrent.ThreadPoolExecutor.getTask(ThreadPoolExecutor.java:1074)
        at java.util.concurrent.ThreadPoolExecutor.runWorker(ThreadPoolExecutor.java:1134)
        at java.util.concurrent.ThreadPoolExecutor$Worker.run(ThreadPoolExecutor.java:624)
        at java.lang.Thread.run(Thread.java:750)
"ContainerOp-e8dd15d0-68e9-4f12-a7cc-a9df22f54b30-6"  prio=5 tid=6022 in Object.wait()
java.lang.Thread.State: WAITING (on object monitor)
        at sun.misc.Unsafe.park(Native Method)
        at java.util.concurrent.locks.LockSupport.park(LockSupport.java:175)
        at java.util.concurrent.locks.AbstractQueuedSynchronizer$ConditionObject.await(AbstractQueuedSynchronizer.java:2039)
        at java.util.concurrent.LinkedBlockingQueue.take(LinkedBlockingQueue.java:442)
        at java.util.concurrent.ThreadPoolExecutor.getTask(ThreadPoolExecutor.java:1074)
        at java.util.concurrent.ThreadPoolExecutor.runWorker(ThreadPoolExecutor.java:1134)
        at java.util.concurrent.ThreadPoolExecutor$Worker.run(ThreadPoolExecutor.java:624)
        at java.lang.Thread.run(Thread.java:750)
"IPC Server Responder" daemon prio=5 tid=5238 runnable
java.lang.Thread.State: RUNNABLE
        at sun.nio.ch.EPollArrayWrapper.epollWait(Native Method)
        at sun.nio.ch.EPollArrayWrapper.poll(EPollArrayWrapper.java:269)
        at sun.nio.ch.EPollSelectorImpl.doSelect(EPollSelectorImpl.java:93)
        at sun.nio.ch.SelectorImpl.lockAndDoSelect(SelectorImpl.java:86)
        at sun.nio.ch.SelectorImpl.select(SelectorImpl.java:97)
        at org.apache.hadoop.ipc.Server$Responder.doRunLoop(Server.java:1532)
        at org.apache.hadoop.ipc.Server$Responder.run(Server.java:1515)
"FixedThreadPoolWithAffinityExecutor-4-0" daemon prio=5 tid=5061 timed_waiting
java.lang.Thread.State: TIMED_WAITING
        at sun.misc.Unsafe.park(Native Method)
        at java.util.concurrent.locks.LockSupport.parkNanos(LockSupport.java:215)
        at java.util.concurrent.locks.AbstractQueuedSynchronizer$ConditionObject.awaitNanos(AbstractQueuedSynchronizer.java:2078)
        at java.util.concurrent.LinkedBlockingQueue.poll(LinkedBlockingQueue.java:467)
        at org.apache.hadoop.hdds.scm.server.ContainerReportQueue.poll(ContainerReportQueue.java:266)
        at org.apache.hadoop.hdds.scm.server.ContainerReportQueue.poll(ContainerReportQueue.java:42)
        at org.apache.hadoop.hdds.server.events.FixedThreadPoolWithAffinityExecutor$ContainerReportProcessTask.run(FixedThreadPoolWithAffinityExecutor.java:248)
        at java.util.concurrent.Executors$RunnableAdapter.call(Executors.java:511)
        at java.util.concurrent.FutureTask.run(FutureTask.java:266)
        at java.util.concurrent.ThreadPoolExecutor.runWorker(ThreadPoolExecutor.java:1149)
        at java.util.concurrent.ThreadPoolExecutor$Worker.run(ThreadPoolExecutor.java:624)
        at java.lang.Thread.run(Thread.java:750)
"ChunkWriter-2-0" daemon prio=5 tid=4727 in Object.wait()
java.lang.Thread.State: WAITING (on object monitor)
        at sun.misc.Unsafe.park(Native Method)
        at java.util.concurrent.locks.LockSupport.park(LockSupport.java:175)
        at java.util.concurrent.locks.AbstractQueuedSynchronizer$ConditionObject.await(AbstractQueuedSynchronizer.java:2039)
        at java.util.concurrent.LinkedBlockingDeque.takeFirst(LinkedBlockingDeque.java:492)
        at java.util.concurrent.LinkedBlockingDeque.take(LinkedBlockingDeque.java:680)
        at java.util.concurrent.ThreadPoolExecutor.getTask(ThreadPoolExecutor.java:1074)
        at java.util.concurrent.ThreadPoolExecutor.runWorker(ThreadPoolExecutor.java:1134)
        at java.util.concurrent.ThreadPoolExecutor$Worker.run(ThreadPoolExecutor.java:624)
        at java.lang.Thread.run(Thread.java:750)
"org.apache.hadoop.util.JvmPauseMonitor$Monitor@374be7b9" daemon prio=5 tid=4593 timed_waiting
java.lang.Thread.State: TIMED_WAITING
        at java.lang.Thread.sleep(Native Method)
        at org.apache.hadoop.util.JvmPauseMonitor$Monitor.run(JvmPauseMonitor.java:192)
        at java.lang.Thread.run(Thread.java:750)
"ChunkReader-ELG-0" daemon prio=5 tid=4636 runnable
java.lang.Thread.State: RUNNABLE
        at org.apache.ratis.thirdparty.io.netty.channel.epoll.Native.epollWait(Native Method)
        at org.apache.ratis.thirdparty.io.netty.channel.epoll.Native.epollWait(Native.java:209)
        at org.apache.ratis.thirdparty.io.netty.channel.epoll.Native.epollWait(Native.java:202)
        at org.apache.ratis.thirdparty.io.netty.channel.epoll.EpollEventLoop.epollWaitNoTimerChange(EpollEventLoop.java:294)
        at org.apache.ratis.thirdparty.io.netty.channel.epoll.EpollEventLoop.run(EpollEventLoop.java:351)
        at org.apache.ratis.thirdparty.io.netty.util.concurrent.SingleThreadEventExecutor$4.run(SingleThreadEventExecutor.java:995)
        at org.apache.ratis.thirdparty.io.netty.util.internal.ThreadExecutorMap$2.run(ThreadExecutorMap.java:74)
        at java.lang.Thread.run(Thread.java:750)
"EventQueue-CommandQueueReportForCommandQueueReportHandler" daemon prio=5 tid=6179 in Object.wait()
java.lang.Thread.State: WAITING (on object monitor)
        at sun.misc.Unsafe.park(Native Method)
        at java.util.concurrent.locks.LockSupport.park(LockSupport.java:175)
        at java.util.concurrent.locks.AbstractQueuedSynchronizer$ConditionObject.await(AbstractQueuedSynchronizer.java:2039)
        at java.util.concurrent.LinkedBlockingQueue.take(LinkedBlockingQueue.java:442)
        at java.util.concurrent.ThreadPoolExecutor.getTask(ThreadPoolExecutor.java:1074)
        at java.util.concurrent.ThreadPoolExecutor.runWorker(ThreadPoolExecutor.java:1134)
        at java.util.concurrent.ThreadPoolExecutor$Worker.run(ThreadPoolExecutor.java:624)
        at java.lang.Thread.run(Thread.java:750)
"IPC Server handler 6 on default port 36229" daemon prio=5 tid=5075 timed_waiting
java.lang.Thread.State: TIMED_WAITING
        at sun.misc.Unsafe.park(Native Method)
        at java.util.concurrent.locks.LockSupport.parkNanos(LockSupport.java:215)
        at java.util.concurrent.locks.AbstractQueuedSynchronizer$ConditionObject.awaitNanos(AbstractQueuedSynchronizer.java:2078)
        at java.util.concurrent.LinkedBlockingQueue.poll(LinkedBlockingQueue.java:467)
        at org.apache.hadoop.ipc.CallQueueManager.take(CallQueueManager.java:317)
        at org.apache.hadoop.ipc.Server$Handler.run(Server.java:2942)
"qtp166603980-5293-acceptor-0@407fc2b9-ServerConnector@6ac2f49c{HTTP/1.1, (http/1.1)}{0.0.0.0:33015}" daemon prio=3 tid=5293 runnable
java.lang.Thread.State: RUNNABLE
        at sun.nio.ch.ServerSocketChannelImpl.accept0(Native Method)
        at sun.nio.ch.ServerSocketChannelImpl.accept(ServerSocketChannelImpl.java:421)
        at sun.nio.ch.ServerSocketChannelImpl.accept(ServerSocketChannelImpl.java:249)
        at org.eclipse.jetty.server.ServerConnector.accept(ServerConnector.java:388)
        at org.eclipse.jetty.server.AbstractConnector$Acceptor.run(AbstractConnector.java:704)
        at org.eclipse.jetty.util.thread.QueuedThreadPool.runJob(QueuedThreadPool.java:883)
        at org.eclipse.jetty.util.thread.QueuedThreadPool$Runner.run(QueuedThreadPool.java:1034)
        at java.lang.Thread.run(Thread.java:750)
"Datanode State Machine Task Thread - 0"  prio=5 tid=4568 in Object.wait()
java.lang.Thread.State: WAITING (on object monitor)
        at sun.misc.Unsafe.park(Native Method)
        at java.util.concurrent.locks.LockSupport.park(LockSupport.java:175)
        at java.util.concurrent.locks.AbstractQueuedSynchronizer$ConditionObject.await(AbstractQueuedSynchronizer.java:2039)
        at java.util.concurrent.LinkedBlockingQueue.take(LinkedBlockingQueue.java:442)
        at java.util.concurrent.ThreadPoolExecutor.getTask(ThreadPoolExecutor.java:1074)
        at java.util.concurrent.ThreadPoolExecutor.runWorker(ThreadPoolExecutor.java:1134)
        at java.util.concurrent.ThreadPoolExecutor$Worker.run(ThreadPoolExecutor.java:624)
        at java.lang.Thread.run(Thread.java:750)
"pool-2455-thread-1"  prio=5 tid=5317 timed_waiting
java.lang.Thread.State: TIMED_WAITING
        at sun.misc.Unsafe.park(Native Method)
        at java.util.concurrent.locks.LockSupport.parkNanos(LockSupport.java:215)
        at java.util.concurrent.locks.AbstractQueuedSynchronizer$ConditionObject.awaitNanos(AbstractQueuedSynchronizer.java:2078)
        at java.util.concurrent.ScheduledThreadPoolExecutor$DelayedWorkQueue.take(ScheduledThreadPoolExecutor.java:1093)
        at java.util.concurrent.ScheduledThreadPoolExecutor$DelayedWorkQueue.take(ScheduledThreadPoolExecutor.java:809)
        at java.util.concurrent.ThreadPoolExecutor.getTask(ThreadPoolExecutor.java:1074)
        at java.util.concurrent.ThreadPoolExecutor.runWorker(ThreadPoolExecutor.java:1134)
        at java.util.concurrent.ThreadPoolExecutor$Worker.run(ThreadPoolExecutor.java:624)
        at java.lang.Thread.run(Thread.java:750)
"qtp1689937595-4550" daemon prio=5 tid=4550 timed_waiting
java.lang.Thread.State: TIMED_WAITING
        at sun.misc.Unsafe.park(Native Method)
        at java.util.concurrent.locks.LockSupport.parkNanos(LockSupport.java:215)
        at java.util.concurrent.locks.AbstractQueuedSynchronizer$ConditionObject.awaitNanos(AbstractQueuedSynchronizer.java:2078)
        at org.eclipse.jetty.util.BlockingArrayQueue.poll(BlockingArrayQueue.java:382)
        at org.eclipse.jetty.util.thread.QueuedThreadPool$Runner.idleJobPoll(QueuedThreadPool.java:974)
        at org.eclipse.jetty.util.thread.QueuedThreadPool$Runner.run(QueuedThreadPool.java:1018)
        at java.lang.Thread.run(Thread.java:750)
"qtp514050540-5423" daemon prio=5 tid=5423 timed_waiting
java.lang.Thread.State: TIMED_WAITING
        at sun.misc.Unsafe.park(Native Method)
        at java.util.concurrent.locks.LockSupport.parkNanos(LockSupport.java:215)
        at java.util.concurrent.locks.AbstractQueuedSynchronizer$ConditionObject.awaitNanos(AbstractQueuedSynchronizer.java:2078)
        at org.eclipse.jetty.util.BlockingArrayQueue.poll(BlockingArrayQueue.java:382)
        at org.eclipse.jetty.util.thread.QueuedThreadPool$Runner.idleJobPoll(QueuedThreadPool.java:974)
        at org.eclipse.jetty.util.thread.QueuedThreadPool$Runner.run(QueuedThreadPool.java:1018)
        at java.lang.Thread.run(Thread.java:750)
"qtp166603980-5297" daemon prio=5 tid=5297 timed_waiting
java.lang.Thread.State: TIMED_WAITING
        at sun.misc.Unsafe.park(Native Method)
        at java.util.concurrent.locks.LockSupport.parkNanos(LockSupport.java:215)
        at java.util.concurrent.locks.AbstractQueuedSynchronizer$ConditionObject.awaitNanos(AbstractQueuedSynchronizer.java:2078)
        at org.eclipse.jetty.util.BlockingArrayQueue.poll(BlockingArrayQueue.java:382)
        at org.eclipse.jetty.util.thread.QueuedThreadPool$Runner.idleJobPoll(QueuedThreadPool.java:974)
        at org.eclipse.jetty.util.thread.QueuedThreadPool$Runner.run(QueuedThreadPool.java:1018)
        at java.lang.Thread.run(Thread.java:750)
"qtp1086850858-5256" daemon prio=5 tid=5256 timed_waiting
java.lang.Thread.State: TIMED_WAITING
        at sun.misc.Unsafe.park(Native Method)
        at java.util.concurrent.locks.LockSupport.parkNanos(LockSupport.java:215)
        at java.util.concurrent.locks.AbstractQueuedSynchronizer$ConditionObject.awaitNanos(AbstractQueuedSynchronizer.java:2078)
        at org.eclipse.jetty.util.BlockingArrayQueue.poll(BlockingArrayQueue.java:382)
        at org.eclipse.jetty.util.thread.QueuedThreadPool$Runner.idleJobPoll(QueuedThreadPool.java:974)
        at org.eclipse.jetty.util.thread.QueuedThreadPool$Runner.run(QueuedThreadPool.java:1018)
        at java.lang.Thread.run(Thread.java:750)
"qtp1777947850-5139" daemon prio=5 tid=5139 timed_waiting
java.lang.Thread.State: TIMED_WAITING
        at sun.misc.Unsafe.park(Native Method)
        at java.util.concurrent.locks.LockSupport.parkNanos(LockSupport.java:215)
        at java.util.concurrent.locks.AbstractQueuedSynchronizer$ConditionObject.awaitNanos(AbstractQueuedSynchronizer.java:2078)
        at org.eclipse.jetty.util.BlockingArrayQueue.poll(BlockingArrayQueue.java:382)
        at org.eclipse.jetty.util.thread.QueuedThreadPool$Runner.idleJobPoll(QueuedThreadPool.java:974)
        at org.eclipse.jetty.util.thread.QueuedThreadPool$Runner.run(QueuedThreadPool.java:1018)
        at java.lang.Thread.run(Thread.java:750)
"64b4f2a3-63f9-4506-b905-00bad38ce54f@group-4FE0772ED10F-SegmentedRaftLogWorker"  prio=5 tid=4790 timed_waiting
java.lang.Thread.State: TIMED_WAITING
        at sun.misc.Unsafe.park(Native Method)
        at java.util.concurrent.locks.LockSupport.parkNanos(LockSupport.java:215)
        at java.util.concurrent.locks.AbstractQueuedSynchronizer$ConditionObject.awaitNanos(AbstractQueuedSynchronizer.java:2078)
        at org.apache.ratis.util.DataBlockingQueue.poll(DataBlockingQueue.java:148)
        at org.apache.ratis.server.raftlog.segmented.SegmentedRaftLogWorker.run(SegmentedRaftLogWorker.java:310)
        at org.apache.ratis.server.raftlog.segmented.SegmentedRaftLogWorker$$Lambda$699/1565409370.run(Unknown Source)
        at java.lang.Thread.run(Thread.java:750)
"ContainerOp-e8dd15d0-68e9-4f12-a7cc-a9df22f54b30-4"  prio=5 tid=5994 in Object.wait()
java.lang.Thread.State: WAITING (on object monitor)
        at sun.misc.Unsafe.park(Native Method)
        at java.util.concurrent.locks.LockSupport.park(LockSupport.java:175)
        at java.util.concurrent.locks.AbstractQueuedSynchronizer$ConditionObject.await(AbstractQueuedSynchronizer.java:2039)
        at java.util.concurrent.LinkedBlockingQueue.take(LinkedBlockingQueue.java:442)
        at java.util.concurrent.ThreadPoolExecutor.getTask(ThreadPoolExecutor.java:1074)
        at java.util.concurrent.ThreadPoolExecutor.runWorker(ThreadPoolExecutor.java:1134)
        at java.util.concurrent.ThreadPoolExecutor$Worker.run(ThreadPoolExecutor.java:624)
        at java.lang.Thread.run(Thread.java:750)
"IPC Server handler 6 on default port 37589" daemon prio=5 tid=5116 timed_waiting
java.lang.Thread.State: TIMED_WAITING
        at sun.misc.Unsafe.park(Native Method)
        at java.util.concurrent.locks.LockSupport.parkNanos(LockSupport.java:215)
        at java.util.concurrent.locks.AbstractQueuedSynchronizer$ConditionObject.awaitNanos(AbstractQueuedSynchronizer.java:2078)
        at java.util.concurrent.LinkedBlockingQueue.poll(LinkedBlockingQueue.java:467)
        at org.apache.hadoop.ipc.CallQueueManager.take(CallQueueManager.java:317)
        at org.apache.hadoop.ipc.Server$Handler.run(Server.java:2942)
"PartialTableCache Cleanup Thread - 0" daemon prio=5 tid=6061 in Object.wait()
java.lang.Thread.State: WAITING (on object monitor)
        at sun.misc.Unsafe.park(Native Method)
        at java.util.concurrent.locks.LockSupport.park(LockSupport.java:175)
        at java.util.concurrent.locks.AbstractQueuedSynchronizer$ConditionObject.await(AbstractQueuedSynchronizer.java:2039)
        at java.util.concurrent.LinkedBlockingQueue.take(LinkedBlockingQueue.java:442)
        at java.util.concurrent.ThreadPoolExecutor.getTask(ThreadPoolExecutor.java:1074)
        at java.util.concurrent.ThreadPoolExecutor.runWorker(ThreadPoolExecutor.java:1134)
        at java.util.concurrent.ThreadPoolExecutor$Worker.run(ThreadPoolExecutor.java:624)
        at java.lang.Thread.run(Thread.java:750)
"Session-HouseKeeper-740795a1-1"  prio=5 tid=4614 timed_waiting
java.lang.Thread.State: TIMED_WAITING
        at sun.misc.Unsafe.park(Native Method)
        at java.util.concurrent.locks.LockSupport.parkNanos(LockSupport.java:215)
        at java.util.concurrent.locks.AbstractQueuedSynchronizer$ConditionObject.awaitNanos(AbstractQueuedSynchronizer.java:2078)
        at java.util.concurrent.ScheduledThreadPoolExecutor$DelayedWorkQueue.take(ScheduledThreadPoolExecutor.java:1093)
        at java.util.concurrent.ScheduledThreadPoolExecutor$DelayedWorkQueue.take(ScheduledThreadPoolExecutor.java:809)
        at java.util.concurrent.ThreadPoolExecutor.getTask(ThreadPoolExecutor.java:1074)
        at java.util.concurrent.ThreadPoolExecutor.runWorker(ThreadPoolExecutor.java:1134)
        at java.util.concurrent.ThreadPoolExecutor$Worker.run(ThreadPoolExecutor.java:624)
        at java.lang.Thread.run(Thread.java:750)
"d13833ec-6fbd-42ed-a302-e7305c989f4f@group-6EEDF176704A-StateMachineUpdater" daemon prio=5 tid=5758 timed_waiting
java.lang.Thread.State: TIMED_WAITING
        at sun.misc.Unsafe.park(Native Method)
        at java.util.concurrent.locks.LockSupport.parkNanos(LockSupport.java:215)
        at java.util.concurrent.CompletableFuture$Signaller.block(CompletableFuture.java:1709)
        at java.util.concurrent.ForkJoinPool.managedBlock(ForkJoinPool.java:3323)
        at java.util.concurrent.CompletableFuture.timedGet(CompletableFuture.java:1788)
        at java.util.concurrent.CompletableFuture.get(CompletableFuture.java:1928)
        at org.apache.ratis.util.AwaitForSignal.await(AwaitForSignal.java:56)
        at org.apache.ratis.server.impl.StateMachineUpdater.waitForCommit(StateMachineUpdater.java:207)
        at org.apache.ratis.server.impl.StateMachineUpdater.run(StateMachineUpdater.java:176)
        at java.lang.Thread.run(Thread.java:750)
"Datanode State Machine Task Thread - 0"  prio=5 tid=4663 in Object.wait()
java.lang.Thread.State: WAITING (on object monitor)
        at sun.misc.Unsafe.park(Native Method)
        at java.util.concurrent.locks.LockSupport.park(LockSupport.java:175)
        at java.util.concurrent.locks.AbstractQueuedSynchronizer$ConditionObject.await(AbstractQueuedSynchronizer.java:2039)
        at java.util.concurrent.LinkedBlockingQueue.take(LinkedBlockingQueue.java:442)
        at java.util.concurrent.ThreadPoolExecutor.getTask(ThreadPoolExecutor.java:1074)
        at java.util.concurrent.ThreadPoolExecutor.runWorker(ThreadPoolExecutor.java:1134)
        at java.util.concurrent.ThreadPoolExecutor$Worker.run(ThreadPoolExecutor.java:624)
        at java.lang.Thread.run(Thread.java:750)
"PartialTableCache Cleanup Thread - 0" daemon prio=5 tid=690 in Object.wait()
java.lang.Thread.State: WAITING (on object monitor)
        at sun.misc.Unsafe.park(Native Method)
        at java.util.concurrent.locks.LockSupport.park(LockSupport.java:175)
        at java.util.concurrent.locks.AbstractQueuedSynchronizer$ConditionObject.await(AbstractQueuedSynchronizer.java:2039)
        at java.util.concurrent.LinkedBlockingQueue.take(LinkedBlockingQueue.java:442)
        at java.util.concurrent.ThreadPoolExecutor.getTask(ThreadPoolExecutor.java:1074)
        at java.util.concurrent.ThreadPoolExecutor.runWorker(ThreadPoolExecutor.java:1134)
        at java.util.concurrent.ThreadPoolExecutor$Worker.run(ThreadPoolExecutor.java:624)
        at java.lang.Thread.run(Thread.java:750)
"IPC Server listener on 0" daemon prio=5 tid=5044 runnable
java.lang.Thread.State: RUNNABLE
        at sun.nio.ch.EPollArrayWrapper.epollWait(Native Method)
        at sun.nio.ch.EPollArrayWrapper.poll(EPollArrayWrapper.java:269)
        at sun.nio.ch.EPollSelectorImpl.doSelect(EPollSelectorImpl.java:93)
        at sun.nio.ch.SelectorImpl.lockAndDoSelect(SelectorImpl.java:86)
        at sun.nio.ch.SelectorImpl.select(SelectorImpl.java:97)
        at sun.nio.ch.SelectorImpl.select(SelectorImpl.java:101)
        at org.apache.hadoop.ipc.Server$Listener.run(Server.java:1358)
"CommandWatcher-LeaseManager#LeaseMonitor" daemon prio=5 tid=6095 timed_waiting
java.lang.Thread.State: TIMED_WAITING
        at java.lang.Object.wait(Native Method)
        at org.apache.hadoop.ozone.lease.LeaseManager$LeaseMonitor.run(LeaseManager.java:238)
        at java.lang.Thread.run(Thread.java:750)
"pool-1887-thread-1"  prio=5 tid=4341 timed_waiting
java.lang.Thread.State: TIMED_WAITING
        at sun.misc.Unsafe.park(Native Method)
        at java.util.concurrent.locks.LockSupport.parkNanos(LockSupport.java:215)
        at java.util.concurrent.locks.AbstractQueuedSynchronizer$ConditionObject.awaitNanos(AbstractQueuedSynchronizer.java:2078)
        at java.util.concurrent.ScheduledThreadPoolExecutor$DelayedWorkQueue.take(ScheduledThreadPoolExecutor.java:1093)
        at java.util.concurrent.ScheduledThreadPoolExecutor$DelayedWorkQueue.take(ScheduledThreadPoolExecutor.java:809)
        at java.util.concurrent.ThreadPoolExecutor.getTask(ThreadPoolExecutor.java:1074)
        at java.util.concurrent.ThreadPoolExecutor.runWorker(ThreadPoolExecutor.java:1134)
        at java.util.concurrent.ThreadPoolExecutor$Worker.run(ThreadPoolExecutor.java:624)
        at java.lang.Thread.run(Thread.java:750)
"Datanode State Machine Task Thread - 0"  prio=5 tid=5410 in Object.wait()
java.lang.Thread.State: WAITING (on object monitor)
        at sun.misc.Unsafe.park(Native Method)
        at java.util.concurrent.locks.LockSupport.park(LockSupport.java:175)
        at java.util.concurrent.locks.AbstractQueuedSynchronizer$ConditionObject.await(AbstractQueuedSynchronizer.java:2039)
        at java.util.concurrent.LinkedBlockingQueue.take(LinkedBlockingQueue.java:442)
        at java.util.concurrent.ThreadPoolExecutor.getTask(ThreadPoolExecutor.java:1074)
        at java.util.concurrent.ThreadPoolExecutor.runWorker(ThreadPoolExecutor.java:1134)
        at java.util.concurrent.ThreadPoolExecutor$Worker.run(ThreadPoolExecutor.java:624)
        at java.lang.Thread.run(Thread.java:750)
"IPC Parameter Sending Thread #2" daemon prio=5 tid=2921 timed_waiting
java.lang.Thread.State: TIMED_WAITING
        at sun.misc.Unsafe.park(Native Method)
        at java.util.concurrent.locks.LockSupport.parkNanos(LockSupport.java:215)
        at java.util.concurrent.SynchronousQueue$TransferStack.awaitFulfill(SynchronousQueue.java:460)
        at java.util.concurrent.SynchronousQueue$TransferStack.transfer(SynchronousQueue.java:362)
        at java.util.concurrent.SynchronousQueue.poll(SynchronousQueue.java:941)
        at java.util.concurrent.ThreadPoolExecutor.getTask(ThreadPoolExecutor.java:1073)
        at java.util.concurrent.ThreadPoolExecutor.runWorker(ThreadPoolExecutor.java:1134)
        at java.util.concurrent.ThreadPoolExecutor$Worker.run(ThreadPoolExecutor.java:624)
        at java.lang.Thread.run(Thread.java:750)
"EventQueue-CommandQueueReportForCommandQueueReportHandler" daemon prio=5 tid=5690 in Object.wait()
java.lang.Thread.State: WAITING (on object monitor)
        at sun.misc.Unsafe.park(Native Method)
        at java.util.concurrent.locks.LockSupport.park(LockSupport.java:175)
        at java.util.concurrent.locks.AbstractQueuedSynchronizer$ConditionObject.await(AbstractQueuedSynchronizer.java:2039)
        at java.util.concurrent.LinkedBlockingQueue.take(LinkedBlockingQueue.java:442)
        at java.util.concurrent.ThreadPoolExecutor.getTask(ThreadPoolExecutor.java:1074)
        at java.util.concurrent.ThreadPoolExecutor.runWorker(ThreadPoolExecutor.java:1134)
        at java.util.concurrent.ThreadPoolExecutor$Worker.run(ThreadPoolExecutor.java:624)
        at java.lang.Thread.run(Thread.java:750)
"306b0233-9b66-40d1-a9dc-d79985930e36@group-83EB863786C4-StateMachineUpdater" daemon prio=5 tid=4815 timed_waiting
java.lang.Thread.State: TIMED_WAITING
        at sun.misc.Unsafe.park(Native Method)
        at java.util.concurrent.locks.LockSupport.parkNanos(LockSupport.java:215)
        at java.util.concurrent.CompletableFuture$Signaller.block(CompletableFuture.java:1709)
        at java.util.concurrent.ForkJoinPool.managedBlock(ForkJoinPool.java:3323)
        at java.util.concurrent.CompletableFuture.timedGet(CompletableFuture.java:1788)
        at java.util.concurrent.CompletableFuture.get(CompletableFuture.java:1928)
        at org.apache.ratis.util.AwaitForSignal.await(AwaitForSignal.java:56)
        at org.apache.ratis.server.impl.StateMachineUpdater.waitForCommit(StateMachineUpdater.java:207)
        at org.apache.ratis.server.impl.StateMachineUpdater.run(StateMachineUpdater.java:176)
        at java.lang.Thread.run(Thread.java:750)
"StaleRecoveringContainerScrubbingService#0" daemon prio=5 tid=4675 in Object.wait()
java.lang.Thread.State: WAITING (on object monitor)
        at sun.misc.Unsafe.park(Native Method)
        at java.util.concurrent.locks.LockSupport.park(LockSupport.java:175)
        at java.util.concurrent.locks.AbstractQueuedSynchronizer$ConditionObject.await(AbstractQueuedSynchronizer.java:2039)
        at java.util.concurrent.ScheduledThreadPoolExecutor$DelayedWorkQueue.take(ScheduledThreadPoolExecutor.java:1088)
        at java.util.concurrent.ScheduledThreadPoolExecutor$DelayedWorkQueue.take(ScheduledThreadPoolExecutor.java:809)
        at java.util.concurrent.ThreadPoolExecutor.getTask(ThreadPoolExecutor.java:1074)
        at java.util.concurrent.ThreadPoolExecutor.runWorker(ThreadPoolExecutor.java:1134)
        at java.util.concurrent.ThreadPoolExecutor$Worker.run(ThreadPoolExecutor.java:624)
        at java.lang.Thread.run(Thread.java:750)
"ChunkReader-ELG-0" daemon prio=5 tid=5577 runnable
java.lang.Thread.State: RUNNABLE
        at org.apache.ratis.thirdparty.io.netty.channel.epoll.Native.epollWait(Native Method)
        at org.apache.ratis.thirdparty.io.netty.channel.epoll.Native.epollWait(Native.java:209)
        at org.apache.ratis.thirdparty.io.netty.channel.epoll.Native.epollWait(Native.java:202)
        at org.apache.ratis.thirdparty.io.netty.channel.epoll.EpollEventLoop.epollWaitNoTimerChange(EpollEventLoop.java:294)
        at org.apache.ratis.thirdparty.io.netty.channel.epoll.EpollEventLoop.run(EpollEventLoop.java:351)
        at org.apache.ratis.thirdparty.io.netty.util.concurrent.SingleThreadEventExecutor$4.run(SingleThreadEventExecutor.java:995)
        at org.apache.ratis.thirdparty.io.netty.util.internal.ThreadExecutorMap$2.run(ThreadExecutorMap.java:74)
        at java.lang.Thread.run(Thread.java:750)
"qtp1836398767-4522" daemon prio=5 tid=4522 timed_waiting
java.lang.Thread.State: TIMED_WAITING
        at sun.misc.Unsafe.park(Native Method)
        at java.util.concurrent.locks.LockSupport.parkNanos(LockSupport.java:215)
        at java.util.concurrent.locks.AbstractQueuedSynchronizer$ConditionObject.awaitNanos(AbstractQueuedSynchronizer.java:2078)
        at org.eclipse.jetty.util.BlockingArrayQueue.poll(BlockingArrayQueue.java:382)
        at org.eclipse.jetty.util.thread.QueuedThreadPool$Runner.idleJobPoll(QueuedThreadPool.java:974)
        at org.eclipse.jetty.util.thread.QueuedThreadPool$Runner.run(QueuedThreadPool.java:1018)
        at java.lang.Thread.run(Thread.java:750)
"ContainerReplicationThread-0" daemon prio=5 tid=6201 in Object.wait()
java.lang.Thread.State: WAITING (on object monitor)
        at sun.misc.Unsafe.park(Native Method)
        at java.util.concurrent.locks.LockSupport.park(LockSupport.java:175)
        at java.util.concurrent.locks.AbstractQueuedSynchronizer$ConditionObject.await(AbstractQueuedSynchronizer.java:2039)
        at java.util.concurrent.LinkedBlockingQueue.take(LinkedBlockingQueue.java:442)
        at java.util.concurrent.ThreadPoolExecutor.getTask(ThreadPoolExecutor.java:1074)
        at java.util.concurrent.ThreadPoolExecutor.runWorker(ThreadPoolExecutor.java:1134)
        at java.util.concurrent.ThreadPoolExecutor$Worker.run(ThreadPoolExecutor.java:624)
        at java.lang.Thread.run(Thread.java:750)
"BlockDeletingService#0" daemon prio=5 tid=4674 timed_waiting
java.lang.Thread.State: TIMED_WAITING
        at sun.misc.Unsafe.park(Native Method)
        at java.util.concurrent.locks.LockSupport.parkNanos(LockSupport.java:215)
        at java.util.concurrent.locks.AbstractQueuedSynchronizer$ConditionObject.awaitNanos(AbstractQueuedSynchronizer.java:2078)
        at java.util.concurrent.ScheduledThreadPoolExecutor$DelayedWorkQueue.take(ScheduledThreadPoolExecutor.java:1093)
        at java.util.concurrent.ScheduledThreadPoolExecutor$DelayedWorkQueue.take(ScheduledThreadPoolExecutor.java:809)
        at java.util.concurrent.ThreadPoolExecutor.getTask(ThreadPoolExecutor.java:1074)
        at java.util.concurrent.ThreadPoolExecutor.runWorker(ThreadPoolExecutor.java:1134)
        at java.util.concurrent.ThreadPoolExecutor$Worker.run(ThreadPoolExecutor.java:624)
        at java.lang.Thread.run(Thread.java:750)
"ContainerReplicationThread-1" daemon prio=5 tid=6205 in Object.wait()
java.lang.Thread.State: WAITING (on object monitor)
        at sun.misc.Unsafe.park(Native Method)
        at java.util.concurrent.locks.LockSupport.park(LockSupport.java:175)
        at java.util.concurrent.locks.AbstractQueuedSynchronizer$ConditionObject.await(AbstractQueuedSynchronizer.java:2039)
        at java.util.concurrent.LinkedBlockingQueue.take(LinkedBlockingQueue.java:442)
        at java.util.concurrent.ThreadPoolExecutor.getTask(ThreadPoolExecutor.java:1074)
        at java.util.concurrent.ThreadPoolExecutor.runWorker(ThreadPoolExecutor.java:1134)
        at java.util.concurrent.ThreadPoolExecutor$Worker.run(ThreadPoolExecutor.java:624)
        at java.lang.Thread.run(Thread.java:750)
"1787d8bf-f3dc-4880-8863-743d3d33b765-server-thread3" daemon prio=5 tid=5922 timed_waiting
java.lang.Thread.State: TIMED_WAITING
        at sun.misc.Unsafe.park(Native Method)
        at java.util.concurrent.locks.LockSupport.parkNanos(LockSupport.java:215)
        at java.util.concurrent.SynchronousQueue$TransferStack.awaitFulfill(SynchronousQueue.java:460)
        at java.util.concurrent.SynchronousQueue$TransferStack.transfer(SynchronousQueue.java:362)
        at java.util.concurrent.SynchronousQueue.poll(SynchronousQueue.java:941)
        at java.util.concurrent.ThreadPoolExecutor.getTask(ThreadPoolExecutor.java:1073)
        at java.util.concurrent.ThreadPoolExecutor.runWorker(ThreadPoolExecutor.java:1134)
        at java.util.concurrent.ThreadPoolExecutor$Worker.run(ThreadPoolExecutor.java:624)
        at java.lang.Thread.run(Thread.java:750)
"org.apache.hadoop.ozone.container.common.statemachine.commandhandler.DeleteBlocksCommandHandler$DeleteCmdWorker@37693783" daemon prio=5 tid=5483 timed_waiting
java.lang.Thread.State: TIMED_WAITING
        at java.lang.Thread.sleep(Native Method)
        at org.apache.hadoop.ozone.container.common.statemachine.commandhandler.DeleteBlocksCommandHandler$DeleteCmdWorker.run(DeleteBlocksCommandHandler.java:184)
        at java.lang.Thread.run(Thread.java:750)
"Command processor thread" daemon prio=5 tid=5307 timed_waiting
java.lang.Thread.State: TIMED_WAITING
        at java.lang.Thread.sleep(Native Method)
        at org.apache.hadoop.ozone.container.common.statemachine.DatanodeStateMachine.lambda$initCommandHandlerThread$3(DatanodeStateMachine.java:641)
        at org.apache.hadoop.ozone.container.common.statemachine.DatanodeStateMachine$$Lambda$787/534002387.run(Unknown Source)
        at java.lang.Thread.run(Thread.java:750)
"Session-HouseKeeper-24cce97e-1"  prio=5 tid=5453 timed_waiting
java.lang.Thread.State: TIMED_WAITING
        at sun.misc.Unsafe.park(Native Method)
        at java.util.concurrent.locks.LockSupport.parkNanos(LockSupport.java:215)
        at java.util.concurrent.locks.AbstractQueuedSynchronizer$ConditionObject.awaitNanos(AbstractQueuedSynchronizer.java:2078)
        at java.util.concurrent.ScheduledThreadPoolExecutor$DelayedWorkQueue.take(ScheduledThreadPoolExecutor.java:1093)
        at java.util.concurrent.ScheduledThreadPoolExecutor$DelayedWorkQueue.take(ScheduledThreadPoolExecutor.java:809)
        at java.util.concurrent.ThreadPoolExecutor.getTask(ThreadPoolExecutor.java:1074)
        at java.util.concurrent.ThreadPoolExecutor.runWorker(ThreadPoolExecutor.java:1134)
        at java.util.concurrent.ThreadPoolExecutor$Worker.run(ThreadPoolExecutor.java:624)
        at java.lang.Thread.run(Thread.java:750)
"IPC Server handler 18 on default port 36229" daemon prio=5 tid=5087 timed_waiting
java.lang.Thread.State: TIMED_WAITING
        at sun.misc.Unsafe.park(Native Method)
        at java.util.concurrent.locks.LockSupport.parkNanos(LockSupport.java:215)
        at java.util.concurrent.locks.AbstractQueuedSynchronizer$ConditionObject.awaitNanos(AbstractQueuedSynchronizer.java:2078)
        at java.util.concurrent.LinkedBlockingQueue.poll(LinkedBlockingQueue.java:467)
        at org.apache.hadoop.ipc.CallQueueManager.take(CallQueueManager.java:317)
        at org.apache.hadoop.ipc.Server$Handler.run(Server.java:2942)
"IPC Server idle connection scanner for port 37589" daemon prio=5 tid=5046 timed_waiting
java.lang.Thread.State: TIMED_WAITING
        at java.lang.Object.wait(Native Method)
        at java.util.TimerThread.mainLoop(Timer.java:552)
        at java.util.TimerThread.run(Timer.java:505)
"pool-2095-thread-1" daemon prio=5 tid=4601 timed_waiting
java.lang.Thread.State: TIMED_WAITING
        at sun.misc.Unsafe.park(Native Method)
        at java.util.concurrent.locks.LockSupport.parkNanos(LockSupport.java:215)
        at java.util.concurrent.locks.AbstractQueuedSynchronizer$ConditionObject.awaitNanos(AbstractQueuedSynchronizer.java:2078)
        at java.util.concurrent.ScheduledThreadPoolExecutor$DelayedWorkQueue.take(ScheduledThreadPoolExecutor.java:1093)
        at java.util.concurrent.ScheduledThreadPoolExecutor$DelayedWorkQueue.take(ScheduledThreadPoolExecutor.java:809)
        at java.util.concurrent.ThreadPoolExecutor.getTask(ThreadPoolExecutor.java:1074)
        at java.util.concurrent.ThreadPoolExecutor.runWorker(ThreadPoolExecutor.java:1134)
        at java.util.concurrent.ThreadPoolExecutor$Worker.run(ThreadPoolExecutor.java:624)
        at java.lang.Thread.run(Thread.java:750)
"EventQueue-NewNodeForNewNodeHandler" daemon prio=5 tid=6173 in Object.wait()
java.lang.Thread.State: WAITING (on object monitor)
        at sun.misc.Unsafe.park(Native Method)
        at java.util.concurrent.locks.LockSupport.park(LockSupport.java:175)
        at java.util.concurrent.locks.AbstractQueuedSynchronizer$ConditionObject.await(AbstractQueuedSynchronizer.java:2039)
        at java.util.concurrent.LinkedBlockingQueue.take(LinkedBlockingQueue.java:442)
        at java.util.concurrent.ThreadPoolExecutor.getTask(ThreadPoolExecutor.java:1074)
        at java.util.concurrent.ThreadPoolExecutor.runWorker(ThreadPoolExecutor.java:1134)
        at java.util.concurrent.ThreadPoolExecutor$Worker.run(ThreadPoolExecutor.java:624)
        at java.lang.Thread.run(Thread.java:750)
"pool-2088-thread-1"  prio=5 tid=4576 timed_waiting
java.lang.Thread.State: TIMED_WAITING
        at sun.misc.Unsafe.park(Native Method)
        at java.util.concurrent.locks.LockSupport.parkNanos(LockSupport.java:215)
        at java.util.concurrent.locks.AbstractQueuedSynchronizer$ConditionObject.awaitNanos(AbstractQueuedSynchronizer.java:2078)
        at java.util.concurrent.ScheduledThreadPoolExecutor$DelayedWorkQueue.take(ScheduledThreadPoolExecutor.java:1093)
        at java.util.concurrent.ScheduledThreadPoolExecutor$DelayedWorkQueue.take(ScheduledThreadPoolExecutor.java:809)
        at java.util.concurrent.ThreadPoolExecutor.getTask(ThreadPoolExecutor.java:1074)
        at java.util.concurrent.ThreadPoolExecutor.runWorker(ThreadPoolExecutor.java:1134)
        at java.util.concurrent.ThreadPoolExecutor$Worker.run(ThreadPoolExecutor.java:624)
        at java.lang.Thread.run(Thread.java:750)
"Under Replicated Processor" daemon prio=5 tid=5041 timed_waiting
java.lang.Thread.State: TIMED_WAITING
        at java.lang.Object.wait(Native Method)
        at org.apache.hadoop.hdds.scm.container.replication.UnderReplicatedProcessor.run(UnderReplicatedProcessor.java:102)
        at java.lang.Thread.run(Thread.java:750)
"IPC Server idle connection scanner for port 39971" daemon prio=5 tid=6081 timed_waiting
java.lang.Thread.State: TIMED_WAITING
        at java.lang.Object.wait(Native Method)
        at java.util.TimerThread.mainLoop(Timer.java:552)
        at java.util.TimerThread.run(Timer.java:505)
"DatanodeAdminManager-0" daemon prio=5 tid=5043 timed_waiting
java.lang.Thread.State: TIMED_WAITING
        at sun.misc.Unsafe.park(Native Method)
        at java.util.concurrent.locks.LockSupport.parkNanos(LockSupport.java:215)
        at java.util.concurrent.locks.AbstractQueuedSynchronizer$ConditionObject.awaitNanos(AbstractQueuedSynchronizer.java:2078)
        at java.util.concurrent.ScheduledThreadPoolExecutor$DelayedWorkQueue.take(ScheduledThreadPoolExecutor.java:1093)
        at java.util.concurrent.ScheduledThreadPoolExecutor$DelayedWorkQueue.take(ScheduledThreadPoolExecutor.java:809)
        at java.util.concurrent.ThreadPoolExecutor.getTask(ThreadPoolExecutor.java:1074)
        at java.util.concurrent.ThreadPoolExecutor.runWorker(ThreadPoolExecutor.java:1134)
        at java.util.concurrent.ThreadPoolExecutor$Worker.run(ThreadPoolExecutor.java:624)
        at java.lang.Thread.run(Thread.java:750)
"IPC Server Responder" daemon prio=5 tid=6074 runnable
java.lang.Thread.State: RUNNABLE
        at sun.nio.ch.EPollArrayWrapper.epollWait(Native Method)
        at sun.nio.ch.EPollArrayWrapper.poll(EPollArrayWrapper.java:269)
        at sun.nio.ch.EPollSelectorImpl.doSelect(EPollSelectorImpl.java:93)
        at sun.nio.ch.SelectorImpl.lockAndDoSelect(SelectorImpl.java:86)
        at sun.nio.ch.SelectorImpl.select(SelectorImpl.java:97)
        at org.apache.hadoop.ipc.Server$Responder.doRunLoop(Server.java:1532)
        at org.apache.hadoop.ipc.Server$Responder.run(Server.java:1515)
"qtp1251079119-4345-acceptor-0@78d15b06-ServerConnector@6bb45e5e{HTTP/1.1, (http/1.1)}{0.0.0.0:33017}" daemon prio=3 tid=4345 runnable
java.lang.Thread.State: RUNNABLE
        at sun.nio.ch.ServerSocketChannelImpl.accept0(Native Method)
        at sun.nio.ch.ServerSocketChannelImpl.accept(ServerSocketChannelImpl.java:421)
        at sun.nio.ch.ServerSocketChannelImpl.accept(ServerSocketChannelImpl.java:249)
        at org.eclipse.jetty.server.ServerConnector.accept(ServerConnector.java:388)
        at org.eclipse.jetty.server.AbstractConnector$Acceptor.run(AbstractConnector.java:704)
        at org.eclipse.jetty.util.thread.QueuedThreadPool.runJob(QueuedThreadPool.java:883)
        at org.eclipse.jetty.util.thread.QueuedThreadPool$Runner.run(QueuedThreadPool.java:1034)
        at java.lang.Thread.run(Thread.java:750)
"Signal Dispatcher" daemon prio=9 tid=4 runnable
java.lang.Thread.State: RUNNABLE
"ChunkWriter-3-0" daemon prio=5 tid=4751 in Object.wait()
java.lang.Thread.State: WAITING (on object monitor)
        at sun.misc.Unsafe.park(Native Method)
        at java.util.concurrent.locks.LockSupport.park(LockSupport.java:175)
        at java.util.concurrent.locks.AbstractQueuedSynchronizer$ConditionObject.await(AbstractQueuedSynchronizer.java:2039)
        at java.util.concurrent.LinkedBlockingDeque.takeFirst(LinkedBlockingDeque.java:492)
        at java.util.concurrent.LinkedBlockingDeque.take(LinkedBlockingDeque.java:680)
        at java.util.concurrent.ThreadPoolExecutor.getTask(ThreadPoolExecutor.java:1074)
        at java.util.concurrent.ThreadPoolExecutor.runWorker(ThreadPoolExecutor.java:1134)
        at java.util.concurrent.ThreadPoolExecutor$Worker.run(ThreadPoolExecutor.java:624)
        at java.lang.Thread.run(Thread.java:750)
"Datanode State Machine Task Thread - 1"  prio=5 tid=4702 in Object.wait()
java.lang.Thread.State: WAITING (on object monitor)
        at sun.misc.Unsafe.park(Native Method)
        at java.util.concurrent.locks.LockSupport.park(LockSupport.java:175)
        at java.util.concurrent.locks.AbstractQueuedSynchronizer$ConditionObject.await(AbstractQueuedSynchronizer.java:2039)
        at java.util.concurrent.LinkedBlockingQueue.take(LinkedBlockingQueue.java:442)
        at java.util.concurrent.ThreadPoolExecutor.getTask(ThreadPoolExecutor.java:1074)
        at java.util.concurrent.ThreadPoolExecutor.runWorker(ThreadPoolExecutor.java:1134)
        at java.util.concurrent.ThreadPoolExecutor$Worker.run(ThreadPoolExecutor.java:624)
        at java.lang.Thread.run(Thread.java:750)
"Datanode State Machine Task Thread - 1"  prio=5 tid=5546 in Object.wait()
java.lang.Thread.State: WAITING (on object monitor)
        at sun.misc.Unsafe.park(Native Method)
        at java.util.concurrent.locks.LockSupport.park(LockSupport.java:175)
        at java.util.concurrent.locks.AbstractQueuedSynchronizer$ConditionObject.await(AbstractQueuedSynchronizer.java:2039)
        at java.util.concurrent.LinkedBlockingQueue.take(LinkedBlockingQueue.java:442)
        at java.util.concurrent.ThreadPoolExecutor.getTask(ThreadPoolExecutor.java:1074)
        at java.util.concurrent.ThreadPoolExecutor.runWorker(ThreadPoolExecutor.java:1134)
        at java.util.concurrent.ThreadPoolExecutor$Worker.run(ThreadPoolExecutor.java:624)
        at java.lang.Thread.run(Thread.java:750)
"JvmPauseMonitor41" daemon prio=5 tid=4334 timed_waiting
java.lang.Thread.State: TIMED_WAITING
        at java.lang.Thread.sleep(Native Method)
        at java.lang.Thread.sleep(Thread.java:342)
        at java.util.concurrent.TimeUnit.sleep(TimeUnit.java:386)
        at org.apache.ratis.util.TimeDuration.sleep(TimeDuration.java:325)
        at org.apache.ratis.util.TimeDuration.sleep(TimeDuration.java:310)
        at org.apache.ratis.util.JvmPauseMonitor.detectPause(JvmPauseMonitor.java:119)
        at org.apache.ratis.util.JvmPauseMonitor.run(JvmPauseMonitor.java:108)
        at org.apache.ratis.util.JvmPauseMonitor$$Lambda$740/613108676.run(Unknown Source)
        at java.lang.Thread.run(Thread.java:750)
"pool-2416-thread-1" daemon prio=5 tid=5287 timed_waiting
java.lang.Thread.State: TIMED_WAITING
        at sun.misc.Unsafe.park(Native Method)
        at java.util.concurrent.locks.LockSupport.parkNanos(LockSupport.java:215)
        at java.util.concurrent.locks.AbstractQueuedSynchronizer$ConditionObject.awaitNanos(AbstractQueuedSynchronizer.java:2078)
        at java.util.concurrent.ScheduledThreadPoolExecutor$DelayedWorkQueue.take(ScheduledThreadPoolExecutor.java:1093)
        at java.util.concurrent.ScheduledThreadPoolExecutor$DelayedWorkQueue.take(ScheduledThreadPoolExecutor.java:809)
        at java.util.concurrent.ThreadPoolExecutor.getTask(ThreadPoolExecutor.java:1074)
        at java.util.concurrent.ThreadPoolExecutor.runWorker(ThreadPoolExecutor.java:1134)
        at java.util.concurrent.ThreadPoolExecutor$Worker.run(ThreadPoolExecutor.java:624)
        at java.lang.Thread.run(Thread.java:750)
"IPC Server handler 12 on default port 41915" daemon prio=5 tid=5102 timed_waiting
java.lang.Thread.State: TIMED_WAITING
        at sun.misc.Unsafe.park(Native Method)
        at java.util.concurrent.locks.LockSupport.parkNanos(LockSupport.java:215)
        at java.util.concurrent.locks.AbstractQueuedSynchronizer$ConditionObject.awaitNanos(AbstractQueuedSynchronizer.java:2078)
        at java.util.concurrent.LinkedBlockingQueue.poll(LinkedBlockingQueue.java:467)
        at org.apache.hadoop.ipc.CallQueueManager.take(CallQueueManager.java:317)
        at org.apache.hadoop.ipc.Server$Handler.run(Server.java:2942)
"OpenKeyCleanupService#0" daemon prio=5 tid=4338 timed_waiting
java.lang.Thread.State: TIMED_WAITING
        at sun.misc.Unsafe.park(Native Method)
        at java.util.concurrent.locks.LockSupport.parkNanos(LockSupport.java:215)
        at java.util.concurrent.locks.AbstractQueuedSynchronizer$ConditionObject.awaitNanos(AbstractQueuedSynchronizer.java:2078)
        at java.util.concurrent.ScheduledThreadPoolExecutor$DelayedWorkQueue.take(ScheduledThreadPoolExecutor.java:1093)
        at java.util.concurrent.ScheduledThreadPoolExecutor$DelayedWorkQueue.take(ScheduledThreadPoolExecutor.java:809)
        at java.util.concurrent.ThreadPoolExecutor.getTask(ThreadPoolExecutor.java:1074)
        at java.util.concurrent.ThreadPoolExecutor.runWorker(ThreadPoolExecutor.java:1134)
        at java.util.concurrent.ThreadPoolExecutor$Worker.run(ThreadPoolExecutor.java:624)
        at java.lang.Thread.run(Thread.java:750)
"Periodic HDDS volume checker" daemon prio=5 tid=5438 timed_waiting
java.lang.Thread.State: TIMED_WAITING
        at sun.misc.Unsafe.park(Native Method)
        at java.util.concurrent.locks.LockSupport.parkNanos(LockSupport.java:215)
        at java.util.concurrent.locks.AbstractQueuedSynchronizer$ConditionObject.awaitNanos(AbstractQueuedSynchronizer.java:2078)
        at java.util.concurrent.ScheduledThreadPoolExecutor$DelayedWorkQueue.take(ScheduledThreadPoolExecutor.java:1093)
        at java.util.concurrent.ScheduledThreadPoolExecutor$DelayedWorkQueue.take(ScheduledThreadPoolExecutor.java:809)
        at java.util.concurrent.ThreadPoolExecutor.getTask(ThreadPoolExecutor.java:1074)
        at java.util.concurrent.ThreadPoolExecutor.runWorker(ThreadPoolExecutor.java:1134)
        at java.util.concurrent.ThreadPoolExecutor$Worker.run(ThreadPoolExecutor.java:624)
        at java.lang.Thread.run(Thread.java:750)
"ChunkWriter-2-0" daemon prio=5 tid=5496 in Object.wait()
java.lang.Thread.State: WAITING (on object monitor)
        at sun.misc.Unsafe.park(Native Method)
        at java.util.concurrent.locks.LockSupport.park(LockSupport.java:175)
        at java.util.concurrent.locks.AbstractQueuedSynchronizer$ConditionObject.await(AbstractQueuedSynchronizer.java:2039)
        at java.util.concurrent.LinkedBlockingDeque.takeFirst(LinkedBlockingDeque.java:492)
        at java.util.concurrent.LinkedBlockingDeque.take(LinkedBlockingDeque.java:680)
        at java.util.concurrent.ThreadPoolExecutor.getTask(ThreadPoolExecutor.java:1074)
        at java.util.concurrent.ThreadPoolExecutor.runWorker(ThreadPoolExecutor.java:1134)
        at java.util.concurrent.ThreadPoolExecutor$Worker.run(ThreadPoolExecutor.java:624)
        at java.lang.Thread.run(Thread.java:750)
"org.apache.hadoop.util.JvmPauseMonitor$Monitor@5cdafb4d" daemon prio=5 tid=6160 timed_waiting
java.lang.Thread.State: TIMED_WAITING
        at java.lang.Thread.sleep(Native Method)
        at org.apache.hadoop.util.JvmPauseMonitor$Monitor.run(JvmPauseMonitor.java:192)
        at java.lang.Thread.run(Thread.java:750)
"DataNode DiskChecker thread 0" daemon prio=5 tid=5286 timed_waiting
java.lang.Thread.State: TIMED_WAITING
        at sun.misc.Unsafe.park(Native Method)
        at java.util.concurrent.locks.LockSupport.parkNanos(LockSupport.java:215)
        at java.util.concurrent.SynchronousQueue$TransferStack.awaitFulfill(SynchronousQueue.java:460)
        at java.util.concurrent.SynchronousQueue$TransferStack.transfer(SynchronousQueue.java:362)
        at java.util.concurrent.SynchronousQueue.poll(SynchronousQueue.java:941)
        at java.util.concurrent.ThreadPoolExecutor.getTask(ThreadPoolExecutor.java:1073)
        at java.util.concurrent.ThreadPoolExecutor.runWorker(ThreadPoolExecutor.java:1134)
        at java.util.concurrent.ThreadPoolExecutor$Worker.run(ThreadPoolExecutor.java:624)
        at java.lang.Thread.run(Thread.java:750)
"1787d8bf-f3dc-4880-8863-743d3d33b765-impl-thread1"  prio=5 tid=5343 timed_waiting
java.lang.Thread.State: TIMED_WAITING
        at sun.misc.Unsafe.park(Native Method)
        at java.util.concurrent.locks.LockSupport.parkNanos(LockSupport.java:215)
        at java.util.concurrent.SynchronousQueue$TransferStack.awaitFulfill(SynchronousQueue.java:460)
        at java.util.concurrent.SynchronousQueue$TransferStack.transfer(SynchronousQueue.java:362)
        at java.util.concurrent.SynchronousQueue.poll(SynchronousQueue.java:941)
        at java.util.concurrent.ThreadPoolExecutor.getTask(ThreadPoolExecutor.java:1073)
        at java.util.concurrent.ThreadPoolExecutor.runWorker(ThreadPoolExecutor.java:1134)
        at java.util.concurrent.ThreadPoolExecutor$Worker.run(ThreadPoolExecutor.java:624)
        at java.lang.Thread.run(Thread.java:750)
"IPC Server handler 1 on default port 41915" daemon prio=5 tid=5091 timed_waiting
java.lang.Thread.State: TIMED_WAITING
        at sun.misc.Unsafe.park(Native Method)
        at java.util.concurrent.locks.LockSupport.parkNanos(LockSupport.java:215)
        at java.util.concurrent.locks.AbstractQueuedSynchronizer$ConditionObject.awaitNanos(AbstractQueuedSynchronizer.java:2078)
        at java.util.concurrent.LinkedBlockingQueue.poll(LinkedBlockingQueue.java:467)
        at org.apache.hadoop.ipc.CallQueueManager.take(CallQueueManager.java:317)
        at org.apache.hadoop.ipc.Server$Handler.run(Server.java:2942)
"EventQueue-PipelineReportForOneReplicaPipelineSafeModeRule" daemon prio=5 tid=6176 in Object.wait()
java.lang.Thread.State: WAITING (on object monitor)
        at sun.misc.Unsafe.park(Native Method)
        at java.util.concurrent.locks.LockSupport.park(LockSupport.java:175)
        at java.util.concurrent.locks.AbstractQueuedSynchronizer$ConditionObject.await(AbstractQueuedSynchronizer.java:2039)
        at java.util.concurrent.LinkedBlockingQueue.take(LinkedBlockingQueue.java:442)
        at java.util.concurrent.ThreadPoolExecutor.getTask(ThreadPoolExecutor.java:1074)
        at java.util.concurrent.ThreadPoolExecutor.runWorker(ThreadPoolExecutor.java:1134)
        at java.util.concurrent.ThreadPoolExecutor$Worker.run(ThreadPoolExecutor.java:624)
        at java.lang.Thread.run(Thread.java:750)
"pool-2129-thread-1"  prio=5 tid=4812 in Object.wait()
java.lang.Thread.State: WAITING (on object monitor)
        at sun.misc.Unsafe.park(Native Method)
        at java.util.concurrent.locks.LockSupport.park(LockSupport.java:175)
        at java.util.concurrent.locks.AbstractQueuedSynchronizer$ConditionObject.await(AbstractQueuedSynchronizer.java:2039)
        at java.util.concurrent.LinkedBlockingQueue.take(LinkedBlockingQueue.java:442)
        at java.util.concurrent.ThreadPoolExecutor.getTask(ThreadPoolExecutor.java:1074)
        at java.util.concurrent.ThreadPoolExecutor.runWorker(ThreadPoolExecutor.java:1134)
        at java.util.concurrent.ThreadPoolExecutor$Worker.run(ThreadPoolExecutor.java:624)
        at java.lang.Thread.run(Thread.java:750)
"Datanode ReportManager Thread - 2" daemon prio=5 tid=4421 in Object.wait()
java.lang.Thread.State: WAITING (on object monitor)
        at sun.misc.Unsafe.park(Native Method)
        at java.util.concurrent.locks.LockSupport.park(LockSupport.java:175)
        at java.util.concurrent.locks.AbstractQueuedSynchronizer$ConditionObject.await(AbstractQueuedSynchronizer.java:2039)
        at java.util.concurrent.ScheduledThreadPoolExecutor$DelayedWorkQueue.take(ScheduledThreadPoolExecutor.java:1088)
        at java.util.concurrent.ScheduledThreadPoolExecutor$DelayedWorkQueue.take(ScheduledThreadPoolExecutor.java:809)
        at java.util.concurrent.ThreadPoolExecutor.getTask(ThreadPoolExecutor.java:1074)
        at java.util.concurrent.ThreadPoolExecutor.runWorker(ThreadPoolExecutor.java:1134)
        at java.util.concurrent.ThreadPoolExecutor$Worker.run(ThreadPoolExecutor.java:624)
        at java.lang.Thread.run(Thread.java:750)
"IPC Server handler 6 on default port 33459" daemon prio=5 tid=4364 timed_waiting
java.lang.Thread.State: TIMED_WAITING
        at sun.misc.Unsafe.park(Native Method)
        at java.util.concurrent.locks.LockSupport.parkNanos(LockSupport.java:215)
        at java.util.concurrent.locks.AbstractQueuedSynchronizer$ConditionObject.awaitNanos(AbstractQueuedSynchronizer.java:2078)
        at java.util.concurrent.LinkedBlockingQueue.poll(LinkedBlockingQueue.java:467)
        at org.apache.hadoop.ipc.CallQueueManager.take(CallQueueManager.java:317)
        at org.apache.hadoop.ipc.Server$Handler.run(Server.java:2942)
"IPC Server Responder" daemon prio=5 tid=6082 runnable
java.lang.Thread.State: RUNNABLE
        at sun.nio.ch.EPollArrayWrapper.epollWait(Native Method)
        at sun.nio.ch.EPollArrayWrapper.poll(EPollArrayWrapper.java:269)
        at sun.nio.ch.EPollSelectorImpl.doSelect(EPollSelectorImpl.java:93)
        at sun.nio.ch.SelectorImpl.lockAndDoSelect(SelectorImpl.java:86)
        at sun.nio.ch.SelectorImpl.select(SelectorImpl.java:97)
        at org.apache.hadoop.ipc.Server$Responder.doRunLoop(Server.java:1532)
        at org.apache.hadoop.ipc.Server$Responder.run(Server.java:1515)


	at org.apache.ozone.test.GenericTestUtils.waitFor(GenericTestUtils.java:227)
	at org.apache.hadoop.ozone.scm.node.TestDecommissionAndMaintenance.waitForDnToReachOpState(TestDecommissionAndMaintenance.java:683)
	at org.apache.hadoop.ozone.scm.node.TestDecommissionAndMaintenance.testEnteringMaintenanceNodeCompletesAfterSCMRestart(TestDecommissionAndMaintenance.java:491)
	at sun.reflect.NativeMethodAccessorImpl.invoke0(Native Method)
	at sun.reflect.NativeMethodAccessorImpl.invoke(NativeMethodAccessorImpl.java:62)
	at sun.reflect.DelegatingMethodAccessorImpl.invoke(DelegatingMethodAccessorImpl.java:43)
	at java.lang.reflect.Method.invoke(Method.java:498)
	at org.junit.platform.commons.util.ReflectionUtils.invokeMethod(ReflectionUtils.java:725)
	at org.junit.jupiter.engine.execution.MethodInvocation.proceed(MethodInvocation.java:60)
	at org.junit.jupiter.engine.execution.InvocationInterceptorChain$ValidatingInvocation.proceed(InvocationInterceptorChain.java:131)
	at org.junit.jupiter.engine.extension.TimeoutExtension.intercept(TimeoutExtension.java:149)
	at org.junit.jupiter.engine.extension.TimeoutExtension.interceptTestableMethod(TimeoutExtension.java:140)
	at org.junit.jupiter.engine.extension.TimeoutExtension.interceptTestMethod(TimeoutExtension.java:84)
	at org.junit.jupiter.engine.execution.ExecutableInvoker$ReflectiveInterceptorCall.lambda$ofVoidMethod$0(ExecutableInvoker.java:115)
	at org.junit.jupiter.engine.execution.ExecutableInvoker.lambda$invoke$0(ExecutableInvoker.java:105)
	at org.junit.jupiter.engine.execution.InvocationInterceptorChain$InterceptedInvocation.proceed(InvocationInterceptorChain.java:106)
	at org.junit.jupiter.engine.execution.InvocationInterceptorChain.proceed(InvocationInterceptorChain.java:64)
	at org.junit.jupiter.engine.execution.InvocationInterceptorChain.chainAndInvoke(InvocationInterceptorChain.java:45)
	at org.junit.jupiter.engine.execution.InvocationInterceptorChain.invoke(InvocationInterceptorChain.java:37)
	at org.junit.jupiter.engine.execution.ExecutableInvoker.invoke(ExecutableInvoker.java:104)
	at org.junit.jupiter.engine.execution.ExecutableInvoker.invoke(ExecutableInvoker.java:98)
	at org.junit.jupiter.engine.descriptor.TestMethodTestDescriptor.lambda$invokeTestMethod$7(TestMethodTestDescriptor.java:214)
	at org.junit.platform.engine.support.hierarchical.ThrowableCollector.execute(ThrowableCollector.java:73)
	at org.junit.jupiter.engine.descriptor.TestMethodTestDescriptor.invokeTestMethod(TestMethodTestDescriptor.java:210)
	at org.junit.jupiter.engine.descriptor.TestMethodTestDescriptor.execute(TestMethodTestDescriptor.java:135)
	at org.junit.jupiter.engine.descriptor.TestMethodTestDescriptor.execute(TestMethodTestDescriptor.java:66)
	at org.junit.platform.engine.support.hierarchical.NodeTestTask.lambda$executeRecursively$6(NodeTestTask.java:151)
	at org.junit.platform.engine.support.hierarchical.ThrowableCollector.execute(ThrowableCollector.java:73)
	at org.junit.platform.engine.support.hierarchical.NodeTestTask.lambda$executeRecursively$8(NodeTestTask.java:141)
	at org.junit.platform.engine.support.hierarchical.Node.around(Node.java:137)
	at org.junit.platform.engine.support.hierarchical.NodeTestTask.lambda$executeRecursively$9(NodeTestTask.java:139)
	at org.junit.platform.engine.support.hierarchical.ThrowableCollector.execute(ThrowableCollector.java:73)
	at org.junit.platform.engine.support.hierarchical.NodeTestTask.executeRecursively(NodeTestTask.java:138)
	at org.junit.platform.engine.support.hierarchical.NodeTestTask.execute(NodeTestTask.java:95)
	at java.util.ArrayList.forEach(ArrayList.java:1259)
	at org.junit.platform.engine.support.hierarchical.SameThreadHierarchicalTestExecutorService.invokeAll(SameThreadHierarchicalTestExecutorService.java:41)
	at org.junit.platform.engine.support.hierarchical.NodeTestTask.lambda$executeRecursively$6(NodeTestTask.java:155)
	at org.junit.platform.engine.support.hierarchical.ThrowableCollector.execute(ThrowableCollector.java:73)
	at org.junit.platform.engine.support.hierarchical.NodeTestTask.lambda$executeRecursively$8(NodeTestTask.java:141)
	at org.junit.platform.engine.support.hierarchical.Node.around(Node.java:137)
	at org.junit.platform.engine.support.hierarchical.NodeTestTask.lambda$executeRecursively$9(NodeTestTask.java:139)
	at org.junit.platform.engine.support.hierarchical.ThrowableCollector.execute(ThrowableCollector.java:73)
	at org.junit.platform.engine.support.hierarchical.NodeTestTask.executeRecursively(NodeTestTask.java:138)
	at org.junit.platform.engine.support.hierarchical.NodeTestTask.execute(NodeTestTask.java:95)
	at java.util.ArrayList.forEach(ArrayList.java:1259)
	at org.junit.platform.engine.support.hierarchical.SameThreadHierarchicalTestExecutorService.invokeAll(SameThreadHierarchicalTestExecutorService.java:41)
	at org.junit.platform.engine.support.hierarchical.NodeTestTask.lambda$executeRecursively$6(NodeTestTask.java:155)
	at org.junit.platform.engine.support.hierarchical.ThrowableCollector.execute(ThrowableCollector.java:73)
	at org.junit.platform.engine.support.hierarchical.NodeTestTask.lambda$executeRecursively$8(NodeTestTask.java:141)
	at org.junit.platform.engine.support.hierarchical.Node.around(Node.java:137)
	at org.junit.platform.engine.support.hierarchical.NodeTestTask.lambda$executeRecursively$9(NodeTestTask.java:139)
	at org.junit.platform.engine.support.hierarchical.ThrowableCollector.execute(ThrowableCollector.java:73)
	at org.junit.platform.engine.support.hierarchical.NodeTestTask.executeRecursively(NodeTestTask.java:138)
	at org.junit.platform.engine.support.hierarchical.NodeTestTask.execute(NodeTestTask.java:95)
	at org.junit.platform.engine.support.hierarchical.SameThreadHierarchicalTestExecutorService.submit(SameThreadHierarchicalTestExecutorService.java:35)
	at org.junit.platform.engine.support.hierarchical.HierarchicalTestExecutor.execute(HierarchicalTestExecutor.java:57)
	at org.junit.platform.engine.support.hierarchical.HierarchicalTestEngine.execute(HierarchicalTestEngine.java:54)
	at org.junit.platform.launcher.core.EngineExecutionOrchestrator.execute(EngineExecutionOrchestrator.java:107)
	at org.junit.platform.launcher.core.EngineExecutionOrchestrator.execute(EngineExecutionOrchestrator.java:88)
	at org.junit.platform.launcher.core.EngineExecutionOrchestrator.lambda$execute$0(EngineExecutionOrchestrator.java:54)
	at org.junit.platform.launcher.core.EngineExecutionOrchestrator.withInterceptedStreams(EngineExecutionOrchestrator.java:67)
	at org.junit.platform.launcher.core.EngineExecutionOrchestrator.execute(EngineExecutionOrchestrator.java:52)
	at org.junit.platform.launcher.core.DefaultLauncher.execute(DefaultLauncher.java:114)
	at org.junit.platform.launcher.core.DefaultLauncher.execute(DefaultLauncher.java:86)
	at org.junit.platform.launcher.core.DefaultLauncherSession$DelegatingLauncher.execute(DefaultLauncherSession.java:86)
	at org.junit.platform.launcher.core.SessionPerRequestLauncher.execute(SessionPerRequestLauncher.java:53)
	at org.apache.maven.surefire.junitplatform.JUnitPlatformProvider.execute(JUnitPlatformProvider.java:188)
	at org.apache.maven.surefire.junitplatform.JUnitPlatformProvider.invokeAllTests(JUnitPlatformProvider.java:154)
	at org.apache.maven.surefire.junitplatform.JUnitPlatformProvider.invoke(JUnitPlatformProvider.java:124)
	at org.apache.maven.surefire.booter.ForkedBooter.runSuitesInProcess(ForkedBooter.java:428)
	at org.apache.maven.surefire.booter.ForkedBooter.execute(ForkedBooter.java:162)
	at org.apache.maven.surefire.booter.ForkedBooter.run(ForkedBooter.java:562)
	at org.apache.maven.surefire.booter.ForkedBooter.main(ForkedBooter.java:548)
]]></error>
    <system-out><![CDATA[2022-11-23 12:07:26,841 [Mini-Cluster-Provider-Reap] INFO  ipc.Server (Server.java:stop(3428)) - Stopping server on 41547
2022-11-23 12:07:26,842 [IPC Server Responder] INFO  ipc.Server (Server.java:run(1517)) - Stopping IPC Server Responder
2022-11-23 12:07:26,843 [Mini-Cluster-Provider-Reap] INFO  server.RaftServer (RaftServerProxy.java:lambda$close$6(409)) - om1: close
2022-11-23 12:07:26,843 [Mini-Cluster-Provider-Reap] INFO  server.GrpcService (GrpcService.java:closeImpl(279)) - om1: shutdown server GrpcServerProtocolService now
2022-11-23 12:07:26,843 [Mini-Cluster-Provider-Reap] INFO  server.GrpcService (GrpcService.java:closeImpl(288)) - om1: shutdown server GrpcServerProtocolService successfully
2022-11-23 12:07:26,843 [om1-impl-thread2] INFO  server.RaftServer$Division (RaftServerImpl.java:lambda$close$4(458)) - om1@group-C5BA1605619E: shutdown
2022-11-23 12:07:26,843 [om1-impl-thread2] INFO  util.JmxRegister (JmxRegister.java:unregister(73)) - Successfully un-registered JMX Bean with object name Ratis:service=RaftServer,group=group-C5BA1605619E,id="om1"
2022-11-23 12:07:26,843 [om1-impl-thread2] INFO  impl.RoleInfo (RoleInfo.java:shutdownLeaderState(93)) - om1: shutdown om1@group-C5BA1605619E-LeaderStateImpl
2022-11-23 12:07:26,843 [om1-impl-thread2] INFO  impl.PendingRequests (PendingRequests.java:sendNotLeaderResponses(282)) - om1@group-C5BA1605619E-PendingRequests: sendNotLeaderResponses
2022-11-23 12:07:26,843 [Over Replicated Processor] INFO  replication.OverReplicatedProcessor (OverReplicatedProcessor.java:processAll(79)) - Processed 0 over replicated containers, failed processing 0
2022-11-23 12:07:26,849 [IPC Server listener on 0] INFO  ipc.Server (Server.java:run(1384)) - Stopping IPC Server listener on 0
2022-11-23 12:07:26,860 [om1-impl-thread2] INFO  impl.StateMachineUpdater (StateMachineUpdater.java:stopAndJoin(153)) - om1@group-C5BA1605619E-StateMachineUpdater: set stopIndex = 86
2022-11-23 12:07:26,860 [om1@group-C5BA1605619E-StateMachineUpdater] INFO  ratis.OzoneManagerStateMachine (OzoneManagerStateMachine.java:takeSnapshot(445)) - Current Snapshot Index (t:1, i:86)
2022-11-23 12:07:26,861 [om1@group-C5BA1605619E-StateMachineUpdater] INFO  impl.StateMachineUpdater (StateMachineUpdater.java:takeSnapshot(287)) - om1@group-C5BA1605619E-StateMachineUpdater: Took a snapshot at index 86
2022-11-23 12:07:26,861 [om1@group-C5BA1605619E-StateMachineUpdater] INFO  impl.StateMachineUpdater (StateMachineUpdater.java:lambda$new$0(92)) - om1@group-C5BA1605619E-StateMachineUpdater: snapshotIndex: updateIncreasingly -1 -> 86
2022-11-23 12:07:26,861 [om1@group-C5BA1605619E-StateMachineUpdater] INFO  ratis.OzoneManagerStateMachine (OzoneManagerStateMachine.java:close(499)) - StateMachine has shutdown. Shutdown OzoneManager if not already shutdown.
2022-11-23 12:07:26,861 [om1@group-C5BA1605619E-StateMachineUpdater] INFO  ratis.OzoneManagerDoubleBuffer (OzoneManagerDoubleBuffer.java:stop(466)) - Stopping OMDoubleBuffer flush thread
2022-11-23 12:07:26,861 [OMDoubleBufferFlushThread] INFO  ratis.OzoneManagerDoubleBuffer (OzoneManagerDoubleBuffer.java:flushTransactions(385)) - OMDoubleBuffer flush thread OMDoubleBufferFlushThread is interrupted and will exit.
2022-11-23 12:07:26,865 [om1-impl-thread2] INFO  server.RaftServer$Division (ServerState.java:close(466)) - om1@group-C5BA1605619E: closes. applyIndex: 86
2022-11-23 12:07:26,871 [om1@group-C5BA1605619E-SegmentedRaftLogWorker] INFO  segmented.SegmentedRaftLogWorker (SegmentedRaftLogWorker.java:run(345)) - om1@group-C5BA1605619E-SegmentedRaftLogWorker was interrupted, exiting. There are 0 tasks remaining in the queue.
2022-11-23 12:07:26,872 [om1-impl-thread2] INFO  segmented.SegmentedRaftLogWorker (SegmentedRaftLogWorker.java:close(255)) - om1@group-C5BA1605619E-SegmentedRaftLogWorker close()
2022-11-23 12:07:26,893 [Listener at 0.0.0.0/41747] INFO  rpc.RpcClient (RpcClient.java:createVolume(472)) - Creating Volume: vol1, with user20929 as owner and space quota set to -1 bytes, counts quota set to -1
2022-11-23 12:07:26,894 [JvmPauseMonitor33] INFO  util.JvmPauseMonitor (JvmPauseMonitor.java:run(111)) - JvmPauseMonitor-om1: Stopped
2022-11-23 12:07:26,894 [Mini-Cluster-Provider-Reap] INFO  ratis.OzoneManagerStateMachine (OzoneManagerStateMachine.java:close(499)) - StateMachine has shutdown. Shutdown OzoneManager if not already shutdown.
2022-11-23 12:07:26,894 [Mini-Cluster-Provider-Reap] INFO  ratis.OzoneManagerDoubleBuffer (OzoneManagerDoubleBuffer.java:stop(478)) - OMDoubleBuffer flush thread is not running.
2022-11-23 12:07:26,894 [Mini-Cluster-Provider-Reap] INFO  utils.BackgroundService (BackgroundService.java:shutdown(141)) - Shutting down service KeyDeletingService
2022-11-23 12:07:26,895 [Mini-Cluster-Provider-Reap] INFO  utils.BackgroundService (BackgroundService.java:shutdown(141)) - Shutting down service DirectoryDeletingService
2022-11-23 12:07:26,895 [Mini-Cluster-Provider-Reap] INFO  utils.BackgroundService (BackgroundService.java:shutdown(141)) - Shutting down service OpenKeyCleanupService
2022-11-23 12:07:26,899 [Mini-Cluster-Provider-Reap] INFO  handler.ContextHandler (ContextHandler.java:doStop(1159)) - Stopped o.e.j.w.WebAppContext@3e36220e{ozoneManager,/,null,STOPPED}{file:/home/runner/work/ozone/ozone/hadoop-ozone/integration-test/target/test-classes/webapps/ozoneManager}
2022-11-23 12:07:26,899 [Mini-Cluster-Provider-Reap] INFO  server.AbstractConnector (AbstractConnector.java:doStop(383)) - Stopped ServerConnector@12af37aa{HTTP/1.1, (http/1.1)}{0.0.0.0:0}
2022-11-23 12:07:26,899 [Mini-Cluster-Provider-Reap] INFO  server.session (HouseKeeper.java:stopScavenging(149)) - node0 Stopped scavenging
2022-11-23 12:07:26,902 [Mini-Cluster-Provider-Reap] INFO  handler.ContextHandler (ContextHandler.java:doStop(1159)) - Stopped o.e.j.s.ServletContextHandler@1c3e1f77{static,/static,file:///home/runner/work/ozone/ozone/hadoop-ozone/integration-test/target/test-classes/webapps/static,STOPPED}
2022-11-23 12:07:26,908 [Mini-Cluster-Provider-Reap] INFO  handler.ContextHandler (ContextHandler.java:doStop(1159)) - Stopped o.e.j.s.ServletContextHandler@5d5f8852{logs,/logs,file:///home/runner/work/ozone/ozone/hadoop-ozone/integration-test/target/log,STOPPED}
2022-11-23 12:07:26,912 [Mini-Cluster-Provider-Reap] INFO  ozone.MiniOzoneClusterImpl (MiniOzoneClusterImpl.java:stopDatanodes(522)) - Stopping the HddsDatanodes
2022-11-23 12:07:26,915 [Mini-Cluster-Provider-Reap] INFO  ozoneimpl.OzoneContainer (OzoneContainer.java:stop(417)) - Attempting to stop container services.
2022-11-23 12:07:26,916 [Mini-Cluster-Provider-Reap] INFO  server.RaftServer (RaftServerProxy.java:lambda$close$6(409)) - d25935c7-9680-4f09-83cd-d338e09c0605: close
2022-11-23 12:07:26,916 [d25935c7-9680-4f09-83cd-d338e09c0605-impl-thread2] INFO  server.RaftServer$Division (RaftServerImpl.java:lambda$close$4(458)) - d25935c7-9680-4f09-83cd-d338e09c0605@group-391D89175F28: shutdown
2022-11-23 12:07:26,916 [d25935c7-9680-4f09-83cd-d338e09c0605-impl-thread2] INFO  util.JmxRegister (JmxRegister.java:unregister(73)) - Successfully un-registered JMX Bean with object name Ratis:service=RaftServer,group=group-391D89175F28,id=d25935c7-9680-4f09-83cd-d338e09c0605
2022-11-23 12:07:26,916 [d25935c7-9680-4f09-83cd-d338e09c0605-impl-thread2] INFO  impl.RoleInfo (RoleInfo.java:shutdownLeaderState(93)) - d25935c7-9680-4f09-83cd-d338e09c0605: shutdown d25935c7-9680-4f09-83cd-d338e09c0605@group-391D89175F28-LeaderStateImpl
2022-11-23 12:07:26,916 [d25935c7-9680-4f09-83cd-d338e09c0605-impl-thread2] INFO  impl.PendingRequests (PendingRequests.java:sendNotLeaderResponses(282)) - d25935c7-9680-4f09-83cd-d338e09c0605@group-391D89175F28-PendingRequests: sendNotLeaderResponses
2022-11-23 12:07:26,917 [d25935c7-9680-4f09-83cd-d338e09c0605@group-391D89175F28-StateMachineUpdater] INFO  ratis.ContainerStateMachine (ContainerStateMachine.java:takeSnapshot(304)) - group-391D89175F28: Taking a snapshot at:(t:1, i:0) file /home/runner/work/ozone/ozone/hadoop-ozone/integration-test/target/test-dir/MiniOzoneClusterImpl-ebe43555-68d4-45be-bb73-f0d85d5884a6/datanode-4/data/ratis/19c4fe3d-b8be-403b-b73f-391d89175f28/sm/snapshot.1_0
2022-11-23 12:07:26,917 [d25935c7-9680-4f09-83cd-d338e09c0605-impl-thread2] INFO  impl.StateMachineUpdater (StateMachineUpdater.java:stopAndJoin(153)) - d25935c7-9680-4f09-83cd-d338e09c0605@group-391D89175F28-StateMachineUpdater: set stopIndex = 0
2022-11-23 12:07:26,918 [Mini-Cluster-Provider-Reap] INFO  server.GrpcService (GrpcService.java:closeImpl(279)) - d25935c7-9680-4f09-83cd-d338e09c0605: shutdown server GrpcServerProtocolService now
2022-11-23 12:07:26,918 [d25935c7-9680-4f09-83cd-d338e09c0605-impl-thread3] INFO  server.RaftServer$Division (RaftServerImpl.java:lambda$close$4(458)) - d25935c7-9680-4f09-83cd-d338e09c0605@group-2BABB1334063: shutdown
2022-11-23 12:07:26,918 [d25935c7-9680-4f09-83cd-d338e09c0605-impl-thread3] INFO  util.JmxRegister (JmxRegister.java:unregister(73)) - Successfully un-registered JMX Bean with object name Ratis:service=RaftServer,group=group-2BABB1334063,id=d25935c7-9680-4f09-83cd-d338e09c0605
2022-11-23 12:07:26,918 [d25935c7-9680-4f09-83cd-d338e09c0605-impl-thread3] INFO  impl.RoleInfo (RoleInfo.java:shutdownFollowerState(110)) - d25935c7-9680-4f09-83cd-d338e09c0605: shutdown d25935c7-9680-4f09-83cd-d338e09c0605@group-2BABB1334063-FollowerState
2022-11-23 12:07:26,918 [d25935c7-9680-4f09-83cd-d338e09c0605@group-2BABB1334063-FollowerState] INFO  impl.FollowerState (FollowerState.java:run(152)) - d25935c7-9680-4f09-83cd-d338e09c0605@group-2BABB1334063-FollowerState was interrupted
2022-11-23 12:07:26,919 [d25935c7-9680-4f09-83cd-d338e09c0605@group-391D89175F28-StateMachineUpdater] INFO  ratis.ContainerStateMachine (ContainerStateMachine.java:takeSnapshot(315)) - group-391D89175F28: Finished taking a snapshot at:(t:1, i:0) file:/home/runner/work/ozone/ozone/hadoop-ozone/integration-test/target/test-dir/MiniOzoneClusterImpl-ebe43555-68d4-45be-bb73-f0d85d5884a6/datanode-4/data/ratis/19c4fe3d-b8be-403b-b73f-391d89175f28/sm/snapshot.1_0 took: 2 ms
2022-11-23 12:07:26,919 [d25935c7-9680-4f09-83cd-d338e09c0605@group-391D89175F28-StateMachineUpdater] INFO  impl.StateMachineUpdater (StateMachineUpdater.java:takeSnapshot(287)) - d25935c7-9680-4f09-83cd-d338e09c0605@group-391D89175F28-StateMachineUpdater: Took a snapshot at index 0
2022-11-23 12:07:26,919 [d25935c7-9680-4f09-83cd-d338e09c0605@group-391D89175F28-StateMachineUpdater] INFO  impl.StateMachineUpdater (StateMachineUpdater.java:lambda$new$0(92)) - d25935c7-9680-4f09-83cd-d338e09c0605@group-391D89175F28-StateMachineUpdater: snapshotIndex: updateIncreasingly -1 -> 0
2022-11-23 12:07:26,919 [grpc-default-executor-17] WARN  server.GrpcServerProtocolService (LogUtils.java:warn(122)) - d25935c7-9680-4f09-83cd-d338e09c0605: installSnapshot onError, lastRequest: 23a93132-5f46-46ff-a00f-e8b8e96ed379->d25935c7-9680-4f09-83cd-d338e09c0605#128-t4,previous=(t:4, i:26),leaderCommit=25,initializing? true,entries: size=1, first=(t:4, i:27), METADATAENTRY(c:25): org.apache.ratis.thirdparty.io.grpc.StatusRuntimeException: CANCELLED: client cancelled
2022-11-23 12:07:26,919 [d25935c7-9680-4f09-83cd-d338e09c0605-impl-thread2] INFO  server.RaftServer$Division (ServerState.java:close(466)) - d25935c7-9680-4f09-83cd-d338e09c0605@group-391D89175F28: closes. applyIndex: 0
2022-11-23 12:07:26,920 [Mini-Cluster-Provider-Reap] INFO  server.GrpcService (GrpcService.java:closeImpl(288)) - d25935c7-9680-4f09-83cd-d338e09c0605: shutdown server GrpcServerProtocolService successfully
2022-11-23 12:07:26,920 [grpc-default-executor-19] WARN  server.GrpcServerProtocolService (LogUtils.java:warn(122)) - d25935c7-9680-4f09-83cd-d338e09c0605: installSnapshot onError, lastRequest: null: org.apache.ratis.thirdparty.io.grpc.StatusRuntimeException: CANCELLED: client cancelled
2022-11-23 12:07:26,920 [d25935c7-9680-4f09-83cd-d338e09c0605@group-2BABB1334063-StateMachineUpdater] INFO  ratis.ContainerStateMachine (ContainerStateMachine.java:takeSnapshot(304)) - group-2BABB1334063: Taking a snapshot at:(t:4, i:27) file /home/runner/work/ozone/ozone/hadoop-ozone/integration-test/target/test-dir/MiniOzoneClusterImpl-ebe43555-68d4-45be-bb73-f0d85d5884a6/datanode-4/data/ratis/3594cfc4-16d2-449e-8932-2babb1334063/sm/snapshot.4_27
2022-11-23 12:07:26,920 [d25935c7-9680-4f09-83cd-d338e09c0605@group-391D89175F28-SegmentedRaftLogWorker] INFO  segmented.SegmentedRaftLogWorker (SegmentedRaftLogWorker.java:run(345)) - d25935c7-9680-4f09-83cd-d338e09c0605@group-391D89175F28-SegmentedRaftLogWorker was interrupted, exiting. There are 0 tasks remaining in the queue.
2022-11-23 12:07:26,921 [grpc-default-executor-17] WARN  server.GrpcLogAppender (LogUtils.java:warn(122)) - 23a93132-5f46-46ff-a00f-e8b8e96ed379@group-2BABB1334063->d25935c7-9680-4f09-83cd-d338e09c0605-AppendLogResponseHandler: Failed appendEntries: org.apache.ratis.thirdparty.io.grpc.StatusRuntimeException: CANCELLED: RST_STREAM closed stream. HTTP/2 error code: CANCEL
2022-11-23 12:07:26,921 [grpc-default-executor-10] WARN  server.GrpcLogAppender (LogUtils.java:warn(122)) - 23a93132-5f46-46ff-a00f-e8b8e96ed379@group-2BABB1334063->d25935c7-9680-4f09-83cd-d338e09c0605-AppendLogResponseHandler: Failed appendEntries: org.apache.ratis.thirdparty.io.grpc.StatusRuntimeException: CANCELLED: RST_STREAM closed stream. HTTP/2 error code: CANCEL
2022-11-23 12:07:26,921 [grpc-default-executor-10] INFO  leader.FollowerInfo (FollowerInfoImpl.java:lambda$new$0(48)) - 23a93132-5f46-46ff-a00f-e8b8e96ed379@group-2BABB1334063->d25935c7-9680-4f09-83cd-d338e09c0605: nextIndex: updateUnconditionally 28 -> 27
2022-11-23 12:07:26,921 [grpc-default-executor-17] INFO  leader.FollowerInfo (FollowerInfoImpl.java:lambda$new$0(48)) - 23a93132-5f46-46ff-a00f-e8b8e96ed379@group-2BABB1334063->d25935c7-9680-4f09-83cd-d338e09c0605: nextIndex: updateUnconditionally 27 -> 26
2022-11-23 12:07:26,921 [d25935c7-9680-4f09-83cd-d338e09c0605-impl-thread3] INFO  impl.StateMachineUpdater (StateMachineUpdater.java:stopAndJoin(153)) - d25935c7-9680-4f09-83cd-d338e09c0605@group-2BABB1334063-StateMachineUpdater: set stopIndex = 27
2022-11-23 12:07:26,921 [d25935c7-9680-4f09-83cd-d338e09c0605-impl-thread2] INFO  segmented.SegmentedRaftLogWorker (SegmentedRaftLogWorker.java:close(255)) - d25935c7-9680-4f09-83cd-d338e09c0605@group-391D89175F28-SegmentedRaftLogWorker close()
2022-11-23 12:07:26,921 [d25935c7-9680-4f09-83cd-d338e09c0605@group-2BABB1334063-StateMachineUpdater] INFO  ratis.ContainerStateMachine (ContainerStateMachine.java:takeSnapshot(315)) - group-2BABB1334063: Finished taking a snapshot at:(t:4, i:27) file:/home/runner/work/ozone/ozone/hadoop-ozone/integration-test/target/test-dir/MiniOzoneClusterImpl-ebe43555-68d4-45be-bb73-f0d85d5884a6/datanode-4/data/ratis/3594cfc4-16d2-449e-8932-2babb1334063/sm/snapshot.4_27 took: 2 ms
2022-11-23 12:07:26,922 [d25935c7-9680-4f09-83cd-d338e09c0605@group-2BABB1334063-StateMachineUpdater] INFO  impl.StateMachineUpdater (StateMachineUpdater.java:takeSnapshot(287)) - d25935c7-9680-4f09-83cd-d338e09c0605@group-2BABB1334063-StateMachineUpdater: Took a snapshot at index 27
2022-11-23 12:07:26,922 [d25935c7-9680-4f09-83cd-d338e09c0605@group-2BABB1334063-StateMachineUpdater] INFO  impl.StateMachineUpdater (StateMachineUpdater.java:lambda$new$0(92)) - d25935c7-9680-4f09-83cd-d338e09c0605@group-2BABB1334063-StateMachineUpdater: snapshotIndex: updateIncreasingly -1 -> 27
2022-11-23 12:07:26,922 [d25935c7-9680-4f09-83cd-d338e09c0605-impl-thread3] INFO  server.RaftServer$Division (ServerState.java:close(466)) - d25935c7-9680-4f09-83cd-d338e09c0605@group-2BABB1334063: closes. applyIndex: 27
2022-11-23 12:07:26,924 [d25935c7-9680-4f09-83cd-d338e09c0605@group-2BABB1334063-SegmentedRaftLogWorker] INFO  segmented.SegmentedRaftLogWorker (SegmentedRaftLogWorker.java:run(345)) - d25935c7-9680-4f09-83cd-d338e09c0605@group-2BABB1334063-SegmentedRaftLogWorker was interrupted, exiting. There are 0 tasks remaining in the queue.
2022-11-23 12:07:26,924 [d25935c7-9680-4f09-83cd-d338e09c0605-impl-thread3] INFO  segmented.SegmentedRaftLogWorker (SegmentedRaftLogWorker.java:close(255)) - d25935c7-9680-4f09-83cd-d338e09c0605@group-2BABB1334063-SegmentedRaftLogWorker close()
2022-11-23 12:07:26,924 [JvmPauseMonitor38] INFO  util.JvmPauseMonitor (JvmPauseMonitor.java:run(111)) - JvmPauseMonitor-d25935c7-9680-4f09-83cd-d338e09c0605: Stopped
2022-11-23 12:07:26,927 [grpc-default-executor-19] WARN  server.GrpcLogAppender (LogUtils.java:warn(122)) - 23a93132-5f46-46ff-a00f-e8b8e96ed379@group-2BABB1334063->d25935c7-9680-4f09-83cd-d338e09c0605-AppendLogResponseHandler: Failed appendEntries: org.apache.ratis.thirdparty.io.grpc.StatusRuntimeException: UNAVAILABLE: io exception
2022-11-23 12:07:26,927 [grpc-default-executor-10] WARN  server.GrpcLogAppender (LogUtils.java:warn(122)) - 23a93132-5f46-46ff-a00f-e8b8e96ed379@group-2BABB1334063->d25935c7-9680-4f09-83cd-d338e09c0605-AppendLogResponseHandler: Failed appendEntries: org.apache.ratis.thirdparty.io.grpc.StatusRuntimeException: UNAVAILABLE: io exception
2022-11-23 12:07:26,934 [OM StateMachine ApplyTransaction Thread - 0] INFO  volume.OMVolumeCreateRequest (OMVolumeCreateRequest.java:validateAndUpdateCache(195)) - created volume:vol1 for user:user20929
2022-11-23 12:07:26,934 [grpc-default-executor-19] INFO  leader.FollowerInfo (FollowerInfoImpl.java:lambda$new$0(48)) - 23a93132-5f46-46ff-a00f-e8b8e96ed379@group-2BABB1334063->d25935c7-9680-4f09-83cd-d338e09c0605: nextIndex: updateUnconditionally 27 -> 26
2022-11-23 12:07:26,934 [grpc-default-executor-10] INFO  leader.FollowerInfo (FollowerInfoImpl.java:lambda$new$0(48)) - 23a93132-5f46-46ff-a00f-e8b8e96ed379@group-2BABB1334063->d25935c7-9680-4f09-83cd-d338e09c0605: nextIndex: updateUnconditionally 26 -> 25
2022-11-23 12:07:26,935 [ForkJoinPool.commonPool-worker-1] INFO  ozoneimpl.OzoneContainer (OzoneContainer.java:stop(417)) - Attempting to stop container services.
2022-11-23 12:07:26,948 [Listener at 0.0.0.0/41747] INFO  rpc.RpcClient (RpcClient.java:createBucket(691)) - Creating Bucket: vol1/bucket1, with bucket layout LEGACY, runner as owner, Versioning false, Storage Type set to DISK and Encryption set to false 
2022-11-23 12:07:26,953 [OM StateMachine ApplyTransaction Thread - 0] INFO  bucket.OMBucketCreateRequest (OMBucketCreateRequest.java:validateAndUpdateCache(260)) - created bucket: bucket1 of layout LEGACY in volume: vol1
2022-11-23 12:07:26,953 [ForkJoinPool.commonPool-worker-1] INFO  server.RaftServer (RaftServerProxy.java:lambda$close$6(409)) - a2951e81-4a17-4ada-9fa4-4ea57ab8d3ce: close
2022-11-23 12:07:26,954 [a2951e81-4a17-4ada-9fa4-4ea57ab8d3ce-impl-thread2] INFO  server.RaftServer$Division (RaftServerImpl.java:lambda$close$4(458)) - a2951e81-4a17-4ada-9fa4-4ea57ab8d3ce@group-822F36FE108E: shutdown
2022-11-23 12:07:26,955 [a2951e81-4a17-4ada-9fa4-4ea57ab8d3ce-impl-thread2] INFO  util.JmxRegister (JmxRegister.java:unregister(73)) - Successfully un-registered JMX Bean with object name Ratis:service=RaftServer,group=group-822F36FE108E,id=a2951e81-4a17-4ada-9fa4-4ea57ab8d3ce
2022-11-23 12:07:26,955 [a2951e81-4a17-4ada-9fa4-4ea57ab8d3ce-impl-thread2] INFO  impl.RoleInfo (RoleInfo.java:shutdownLeaderState(93)) - a2951e81-4a17-4ada-9fa4-4ea57ab8d3ce: shutdown a2951e81-4a17-4ada-9fa4-4ea57ab8d3ce@group-822F36FE108E-LeaderStateImpl
2022-11-23 12:07:26,955 [a2951e81-4a17-4ada-9fa4-4ea57ab8d3ce-impl-thread2] INFO  impl.PendingRequests (PendingRequests.java:sendNotLeaderResponses(282)) - a2951e81-4a17-4ada-9fa4-4ea57ab8d3ce@group-822F36FE108E-PendingRequests: sendNotLeaderResponses
2022-11-23 12:07:26,956 [a2951e81-4a17-4ada-9fa4-4ea57ab8d3ce@group-822F36FE108E-StateMachineUpdater] INFO  ratis.ContainerStateMachine (ContainerStateMachine.java:takeSnapshot(304)) - group-822F36FE108E: Taking a snapshot at:(t:1, i:0) file /home/runner/work/ozone/ozone/hadoop-ozone/integration-test/target/test-dir/MiniOzoneClusterImpl-ebe43555-68d4-45be-bb73-f0d85d5884a6/datanode-2/data/ratis/8c53ada1-f427-4c29-b2f3-822f36fe108e/sm/snapshot.1_0
2022-11-23 12:07:26,956 [a2951e81-4a17-4ada-9fa4-4ea57ab8d3ce-impl-thread2] INFO  impl.StateMachineUpdater (StateMachineUpdater.java:stopAndJoin(153)) - a2951e81-4a17-4ada-9fa4-4ea57ab8d3ce@group-822F36FE108E-StateMachineUpdater: set stopIndex = 0
2022-11-23 12:07:26,956 [ForkJoinPool.commonPool-worker-1] INFO  server.GrpcService (GrpcService.java:closeImpl(279)) - a2951e81-4a17-4ada-9fa4-4ea57ab8d3ce: shutdown server GrpcServerProtocolService now
2022-11-23 12:07:26,956 [a2951e81-4a17-4ada-9fa4-4ea57ab8d3ce-impl-thread3] INFO  server.RaftServer$Division (RaftServerImpl.java:lambda$close$4(458)) - a2951e81-4a17-4ada-9fa4-4ea57ab8d3ce@group-FA83F32315B5: shutdown
2022-11-23 12:07:26,956 [a2951e81-4a17-4ada-9fa4-4ea57ab8d3ce@group-822F36FE108E-StateMachineUpdater] INFO  ratis.ContainerStateMachine (ContainerStateMachine.java:takeSnapshot(315)) - group-822F36FE108E: Finished taking a snapshot at:(t:1, i:0) file:/home/runner/work/ozone/ozone/hadoop-ozone/integration-test/target/test-dir/MiniOzoneClusterImpl-ebe43555-68d4-45be-bb73-f0d85d5884a6/datanode-2/data/ratis/8c53ada1-f427-4c29-b2f3-822f36fe108e/sm/snapshot.1_0 took: 1 ms
2022-11-23 12:07:26,957 [a2951e81-4a17-4ada-9fa4-4ea57ab8d3ce@group-822F36FE108E-StateMachineUpdater] INFO  impl.StateMachineUpdater (StateMachineUpdater.java:takeSnapshot(287)) - a2951e81-4a17-4ada-9fa4-4ea57ab8d3ce@group-822F36FE108E-StateMachineUpdater: Took a snapshot at index 0
2022-11-23 12:07:26,957 [a2951e81-4a17-4ada-9fa4-4ea57ab8d3ce@group-822F36FE108E-StateMachineUpdater] INFO  impl.StateMachineUpdater (StateMachineUpdater.java:lambda$new$0(92)) - a2951e81-4a17-4ada-9fa4-4ea57ab8d3ce@group-822F36FE108E-StateMachineUpdater: snapshotIndex: updateIncreasingly -1 -> 0
2022-11-23 12:07:26,957 [a2951e81-4a17-4ada-9fa4-4ea57ab8d3ce-impl-thread2] INFO  server.RaftServer$Division (ServerState.java:close(466)) - a2951e81-4a17-4ada-9fa4-4ea57ab8d3ce@group-822F36FE108E: closes. applyIndex: 0
2022-11-23 12:07:26,958 [a2951e81-4a17-4ada-9fa4-4ea57ab8d3ce@group-822F36FE108E-SegmentedRaftLogWorker] INFO  segmented.SegmentedRaftLogWorker (SegmentedRaftLogWorker.java:run(345)) - a2951e81-4a17-4ada-9fa4-4ea57ab8d3ce@group-822F36FE108E-SegmentedRaftLogWorker was interrupted, exiting. There are 0 tasks remaining in the queue.
2022-11-23 12:07:26,958 [a2951e81-4a17-4ada-9fa4-4ea57ab8d3ce-impl-thread2] INFO  segmented.SegmentedRaftLogWorker (SegmentedRaftLogWorker.java:close(255)) - a2951e81-4a17-4ada-9fa4-4ea57ab8d3ce@group-822F36FE108E-SegmentedRaftLogWorker close()
2022-11-23 12:07:26,959 [a2951e81-4a17-4ada-9fa4-4ea57ab8d3ce-impl-thread3] INFO  util.JmxRegister (JmxRegister.java:unregister(73)) - Successfully un-registered JMX Bean with object name Ratis:service=RaftServer,group=group-FA83F32315B5,id=a2951e81-4a17-4ada-9fa4-4ea57ab8d3ce
2022-11-23 12:07:26,959 [a2951e81-4a17-4ada-9fa4-4ea57ab8d3ce-impl-thread3] INFO  impl.RoleInfo (RoleInfo.java:shutdownFollowerState(110)) - a2951e81-4a17-4ada-9fa4-4ea57ab8d3ce: shutdown a2951e81-4a17-4ada-9fa4-4ea57ab8d3ce@group-FA83F32315B5-FollowerState
2022-11-23 12:07:26,959 [a2951e81-4a17-4ada-9fa4-4ea57ab8d3ce-impl-thread3] INFO  impl.StateMachineUpdater (StateMachineUpdater.java:stopAndJoin(153)) - a2951e81-4a17-4ada-9fa4-4ea57ab8d3ce@group-FA83F32315B5-StateMachineUpdater: set stopIndex = 0
2022-11-23 12:07:26,959 [a2951e81-4a17-4ada-9fa4-4ea57ab8d3ce@group-FA83F32315B5-FollowerState] INFO  impl.FollowerState (FollowerState.java:run(152)) - a2951e81-4a17-4ada-9fa4-4ea57ab8d3ce@group-FA83F32315B5-FollowerState was interrupted
2022-11-23 12:07:26,959 [a2951e81-4a17-4ada-9fa4-4ea57ab8d3ce@group-FA83F32315B5-StateMachineUpdater] INFO  ratis.ContainerStateMachine (ContainerStateMachine.java:takeSnapshot(304)) - group-FA83F32315B5: Taking a snapshot at:(t:1, i:0) file /home/runner/work/ozone/ozone/hadoop-ozone/integration-test/target/test-dir/MiniOzoneClusterImpl-ebe43555-68d4-45be-bb73-f0d85d5884a6/datanode-2/data/ratis/cf32e734-eadc-4240-9880-fa83f32315b5/sm/snapshot.1_0
2022-11-23 12:07:26,960 [Listener at 0.0.0.0/41747] INFO  replication.ReplicationManager (ReplicationManager.java:stop(288)) - Stopping Replication Monitor Thread.
2022-11-23 12:07:26,960 [a2951e81-4a17-4ada-9fa4-4ea57ab8d3ce@group-FA83F32315B5-StateMachineUpdater] INFO  ratis.ContainerStateMachine (ContainerStateMachine.java:takeSnapshot(315)) - group-FA83F32315B5: Finished taking a snapshot at:(t:1, i:0) file:/home/runner/work/ozone/ozone/hadoop-ozone/integration-test/target/test-dir/MiniOzoneClusterImpl-ebe43555-68d4-45be-bb73-f0d85d5884a6/datanode-2/data/ratis/cf32e734-eadc-4240-9880-fa83f32315b5/sm/snapshot.1_0 took: 1 ms
2022-11-23 12:07:26,961 [Over Replicated Processor] WARN  replication.OverReplicatedProcessor (OverReplicatedProcessor.java:run(109)) - Over Replicated Processor interrupted. Exiting...
2022-11-23 12:07:26,961 [a2951e81-4a17-4ada-9fa4-4ea57ab8d3ce@group-FA83F32315B5-StateMachineUpdater] INFO  impl.StateMachineUpdater (StateMachineUpdater.java:takeSnapshot(287)) - a2951e81-4a17-4ada-9fa4-4ea57ab8d3ce@group-FA83F32315B5-StateMachineUpdater: Took a snapshot at index 0
2022-11-23 12:07:26,961 [a2951e81-4a17-4ada-9fa4-4ea57ab8d3ce@group-FA83F32315B5-StateMachineUpdater] INFO  impl.StateMachineUpdater (StateMachineUpdater.java:lambda$new$0(92)) - a2951e81-4a17-4ada-9fa4-4ea57ab8d3ce@group-FA83F32315B5-StateMachineUpdater: snapshotIndex: updateIncreasingly -1 -> 0
2022-11-23 12:07:26,961 [Under Replicated Processor] WARN  replication.UnderReplicatedProcessor (UnderReplicatedProcessor.java:run(108)) - Under Replicated Processor interrupted. Exiting...
2022-11-23 12:07:26,961 [a2951e81-4a17-4ada-9fa4-4ea57ab8d3ce-impl-thread3] INFO  server.RaftServer$Division (ServerState.java:close(466)) - a2951e81-4a17-4ada-9fa4-4ea57ab8d3ce@group-FA83F32315B5: closes. applyIndex: 0
2022-11-23 12:07:26,961 [a2951e81-4a17-4ada-9fa4-4ea57ab8d3ce@group-FA83F32315B5-SegmentedRaftLogWorker] INFO  segmented.SegmentedRaftLogWorker (SegmentedRaftLogWorker.java:run(345)) - a2951e81-4a17-4ada-9fa4-4ea57ab8d3ce@group-FA83F32315B5-SegmentedRaftLogWorker was interrupted, exiting. There are 0 tasks remaining in the queue.
2022-11-23 12:07:26,962 [a2951e81-4a17-4ada-9fa4-4ea57ab8d3ce-impl-thread3] INFO  segmented.SegmentedRaftLogWorker (SegmentedRaftLogWorker.java:close(255)) - a2951e81-4a17-4ada-9fa4-4ea57ab8d3ce@group-FA83F32315B5-SegmentedRaftLogWorker close()
2022-11-23 12:07:26,966 [grpc-default-executor-19] WARN  server.GrpcServerProtocolService (LogUtils.java:warn(122)) - a2951e81-4a17-4ada-9fa4-4ea57ab8d3ce: installSnapshot onError, lastRequest: null: org.apache.ratis.thirdparty.io.grpc.StatusRuntimeException: CANCELLED: client cancelled
2022-11-23 12:07:26,966 [ReplicationMonitor] INFO  replication.ReplicationManager (ReplicationManager.java:run(636)) - Replication Monitor Thread is stopped
2022-11-23 12:07:26,967 [grpc-default-executor-12] WARN  server.GrpcServerProtocolService (LogUtils.java:warn(122)) - a2951e81-4a17-4ada-9fa4-4ea57ab8d3ce: installSnapshot onError, lastRequest: 0a01f95b-2968-4236-b6d7-cab75d1b461a->a2951e81-4a17-4ada-9fa4-4ea57ab8d3ce#1-t1,previous=(t:0, i:0),leaderCommit=0,initializing? true,entries: size=1, first=(t:1, i:0), CONFIGURATIONENTRY(current:id: "ff3b5804-9dce-4653-b2ab-441aded0e089"
address: "10.1.0.13:33005"
clientAddress: "10.1.0.13:33005"
adminAddress: "10.1.0.13:33005"
startupRole: FOLLOWER
,id: "a2951e81-4a17-4ada-9fa4-4ea57ab8d3ce"
address: "10.1.0.13:32929"
clientAddress: "10.1.0.13:32929"
adminAddress: "10.1.0.13:32929"
startupRole: FOLLOWER
,id: "0a01f95b-2968-4236-b6d7-cab75d1b461a"
address: "10.1.0.13:44653"
priority: 1
clientAddress: "10.1.0.13:44653"
adminAddress: "10.1.0.13:44653"
startupRole: FOLLOWER
, old:): org.apache.ratis.thirdparty.io.grpc.StatusRuntimeException: CANCELLED: client cancelled
2022-11-23 12:07:26,967 [ForkJoinPool.commonPool-worker-1] INFO  server.GrpcService (GrpcService.java:closeImpl(288)) - a2951e81-4a17-4ada-9fa4-4ea57ab8d3ce: shutdown server GrpcServerProtocolService successfully
2022-11-23 12:07:26,967 [grpc-default-executor-12] WARN  server.GrpcLogAppender (LogUtils.java:warn(122)) - 0a01f95b-2968-4236-b6d7-cab75d1b461a@group-FA83F32315B5->a2951e81-4a17-4ada-9fa4-4ea57ab8d3ce-AppendLogResponseHandler: Failed appendEntries: org.apache.ratis.thirdparty.io.grpc.StatusRuntimeException: CANCELLED: RST_STREAM closed stream. HTTP/2 error code: CANCEL
2022-11-23 12:07:26,968 [grpc-default-executor-12] WARN  server.GrpcLogAppender (GrpcLogAppender.java:resetClient(131)) - 0a01f95b-2968-4236-b6d7-cab75d1b461a@group-FA83F32315B5->a2951e81-4a17-4ada-9fa4-4ea57ab8d3ce-GrpcLogAppender: Leader has not got in touch with Follower 0a01f95b-2968-4236-b6d7-cab75d1b461a@group-FA83F32315B5->a2951e81-4a17-4ada-9fa4-4ea57ab8d3ce(c0,m0,n1, attendVote=true, lastRpcSendTime=1608, lastRpcResponseTime=1608) yet, just keep nextIndex unchanged and retry.
2022-11-23 12:07:26,969 [JvmPauseMonitor36] INFO  util.JvmPauseMonitor (JvmPauseMonitor.java:run(111)) - JvmPauseMonitor-a2951e81-4a17-4ada-9fa4-4ea57ab8d3ce: Stopped
2022-11-23 12:07:26,976 [grpc-default-executor-10] WARN  server.GrpcLogAppender (LogUtils.java:warn(122)) - 0a01f95b-2968-4236-b6d7-cab75d1b461a@group-FA83F32315B5->a2951e81-4a17-4ada-9fa4-4ea57ab8d3ce-AppendLogResponseHandler: Failed appendEntries: org.apache.ratis.thirdparty.io.grpc.StatusRuntimeException: CANCELLED: RST_STREAM closed stream. HTTP/2 error code: CANCEL
2022-11-23 12:07:26,976 [grpc-default-executor-10] WARN  server.GrpcLogAppender (GrpcLogAppender.java:resetClient(131)) - 0a01f95b-2968-4236-b6d7-cab75d1b461a@group-FA83F32315B5->a2951e81-4a17-4ada-9fa4-4ea57ab8d3ce-GrpcLogAppender: Leader has not got in touch with Follower 0a01f95b-2968-4236-b6d7-cab75d1b461a@group-FA83F32315B5->a2951e81-4a17-4ada-9fa4-4ea57ab8d3ce(c0,m0,n1, attendVote=true, lastRpcSendTime=1616, lastRpcResponseTime=1616) yet, just keep nextIndex unchanged and retry.
2022-11-23 12:07:26,992 [IPC Server handler 0 on default port 45167] INFO  ha.SequenceIdGenerator (SequenceIdGenerator.java:getNextId(128)) - Allocate a batch for containerId, change lastId from 0 to 1000.
2022-11-23 12:07:26,992 [IPC Server handler 0 on default port 45167] WARN  ha.SequenceIdGenerator (SequenceIdGenerator.java:allocateBatch(237)) - Failed to allocate a batch for localId, expected lastId is 0, actual lastId is 109611004723200000.
2022-11-23 12:07:26,992 [IPC Server handler 0 on default port 45167] INFO  ha.SequenceIdGenerator (SequenceIdGenerator.java:getNextId(128)) - Allocate a batch for localId, change lastId from 109611004723200000 to 109611004723201000.
2022-11-23 12:07:27,122 [grpc-default-executor-12] WARN  server.GrpcLogAppender (LogUtils.java:warn(122)) - 23a93132-5f46-46ff-a00f-e8b8e96ed379@group-2BABB1334063->d25935c7-9680-4f09-83cd-d338e09c0605-AppendLogResponseHandler: Failed appendEntries: org.apache.ratis.thirdparty.io.grpc.StatusRuntimeException: UNAVAILABLE: io exception
2022-11-23 12:07:27,123 [grpc-default-executor-12] INFO  leader.FollowerInfo (FollowerInfoImpl.java:lambda$new$0(48)) - 23a93132-5f46-46ff-a00f-e8b8e96ed379@group-2BABB1334063->d25935c7-9680-4f09-83cd-d338e09c0605: nextIndex: updateUnconditionally 25 -> 24
2022-11-23 12:07:27,122 [grpc-default-executor-10] WARN  server.GrpcLogAppender (LogUtils.java:warn(122)) - 23a93132-5f46-46ff-a00f-e8b8e96ed379@group-2BABB1334063->d25935c7-9680-4f09-83cd-d338e09c0605-AppendLogResponseHandler: Failed appendEntries: org.apache.ratis.thirdparty.io.grpc.StatusRuntimeException: UNAVAILABLE: io exception
2022-11-23 12:07:27,124 [grpc-default-executor-10] INFO  leader.FollowerInfo (FollowerInfoImpl.java:lambda$new$0(48)) - 23a93132-5f46-46ff-a00f-e8b8e96ed379@group-2BABB1334063->d25935c7-9680-4f09-83cd-d338e09c0605: nextIndex: updateUnconditionally 24 -> 23
2022-11-23 12:07:27,131 [grpc-default-executor-17] WARN  server.GrpcLogAppender (LogUtils.java:warn(122)) - 23a93132-5f46-46ff-a00f-e8b8e96ed379@group-2BABB1334063->d25935c7-9680-4f09-83cd-d338e09c0605-AppendLogResponseHandler: Failed appendEntries: org.apache.ratis.thirdparty.io.grpc.StatusRuntimeException: UNAVAILABLE: io exception
2022-11-23 12:07:27,131 [grpc-default-executor-17] INFO  leader.FollowerInfo (FollowerInfoImpl.java:lambda$new$0(48)) - 23a93132-5f46-46ff-a00f-e8b8e96ed379@group-2BABB1334063->d25935c7-9680-4f09-83cd-d338e09c0605: nextIndex: updateUnconditionally 24 -> 23
2022-11-23 12:07:27,131 [grpc-default-executor-10] WARN  server.GrpcLogAppender (LogUtils.java:warn(122)) - 23a93132-5f46-46ff-a00f-e8b8e96ed379@group-2BABB1334063->d25935c7-9680-4f09-83cd-d338e09c0605-AppendLogResponseHandler: Failed appendEntries: org.apache.ratis.thirdparty.io.grpc.StatusRuntimeException: UNAVAILABLE: io exception
2022-11-23 12:07:27,131 [grpc-default-executor-10] INFO  leader.FollowerInfo (FollowerInfoImpl.java:lambda$new$0(48)) - 23a93132-5f46-46ff-a00f-e8b8e96ed379@group-2BABB1334063->d25935c7-9680-4f09-83cd-d338e09c0605: nextIndex: updateUnconditionally 23 -> 22
2022-11-23 12:07:27,205 [ContainerReplicationThread-0] INFO  replication.DownloadAndImportReplicator (DownloadAndImportReplicator.java:replicate(105)) - Starting replication of container 5 from [a2951e81-4a17-4ada-9fa4-4ea57ab8d3ce{ip: 10.1.0.13, host: fv-az105-298.wy5h1aom0jgehahef1oyr10hrc.bx.internal.cloudapp.net, ports: [REPLICATION=41041, RATIS=32929, RATIS_ADMIN=32929, RATIS_SERVER=32929, STANDALONE=38407], networkLocation: /default-rack, certSerialId: null, persistedOpState: IN_SERVICE, persistedOpStateExpiryEpochSec: 0}, ff3b5804-9dce-4653-b2ab-441aded0e089{ip: 10.1.0.13, host: fv-az105-298.wy5h1aom0jgehahef1oyr10hrc.bx.internal.cloudapp.net, ports: [REPLICATION=41023, RATIS=33005, RATIS_ADMIN=33005, RATIS_SERVER=33005, STANDALONE=35545], networkLocation: /default-rack, certSerialId: null, persistedOpState: IN_SERVICE, persistedOpStateExpiryEpochSec: 0}]
2022-11-23 12:07:27,219 [grpc-default-executor-17] INFO  replication.GrpcReplicationService (GrpcReplicationService.java:download(52)) - Streaming container data (5) to other datanode
2022-11-23 12:07:27,260 [grpc-default-executor-17] INFO  replication.GrpcOutputStream (GrpcOutputStream.java:close(104)) - Sent 1748 bytes for container 5
2022-11-23 12:07:27,260 [grpc-default-executor-19] INFO  replication.GrpcReplicationClient (GrpcReplicationClient.java:onCompleted(197)) - Container 5 is downloaded to /home/runner/work/ozone/ozone/hadoop-ozone/integration-test/target/test-dir/MiniOzoneClusterImpl-ebe43555-68d4-45be-bb73-f0d85d5884a6/datanode-5/data/replication/work/container-5.tar.gz
2022-11-23 12:07:27,266 [ContainerReplicationThread-0] INFO  replication.DownloadAndImportReplicator (DownloadAndImportReplicator.java:replicate(117)) - Container 5 is downloaded with size 1748, starting to import.
2022-11-23 12:07:27,379 [ContainerReplicationThread-0] INFO  replication.DownloadAndImportReplicator (DownloadAndImportReplicator.java:replicate(122)) - Container 5 is replicated successfully
2022-11-23 12:07:27,379 [ContainerReplicationThread-0] INFO  replication.ReplicationSupervisor (ReplicationSupervisor.java:run(176)) - Container 5 is replicated.
2022-11-23 12:07:27,641 [Under Replicated Processor] INFO  replication.UnderReplicatedProcessor (UnderReplicatedProcessor.java:processAll(79)) - Processed 0 under replicated containers, failed processing 0
2022-11-23 12:07:27,642 [Over Replicated Processor] INFO  replication.OverReplicatedProcessor (OverReplicatedProcessor.java:processAll(79)) - Processed 0 over replicated containers, failed processing 0
2022-11-23 12:07:27,643 [ReplicationMonitor] INFO  replication.ReplicationManager (ReplicationManager.java:processAll(355)) - Replication Monitor Thread took 0 milliseconds for processing 0 containers.
2022-11-23 12:07:27,685 [Under Replicated Processor] INFO  replication.UnderReplicatedProcessor (UnderReplicatedProcessor.java:processAll(79)) - Processed 0 under replicated containers, failed processing 0
2022-11-23 12:07:27,688 [Over Replicated Processor] INFO  replication.OverReplicatedProcessor (OverReplicatedProcessor.java:processAll(79)) - Processed 0 over replicated containers, failed processing 0
2022-11-23 12:07:27,710 [ReplicationMonitor] INFO  replication.ReplicationManager (ReplicationManager.java:processAll(355)) - Replication Monitor Thread took 0 milliseconds for processing 6 containers.
2022-11-23 12:07:27,874 [grpc-default-executor-19] WARN  server.GrpcLogAppender (LogUtils.java:warn(122)) - 0a01f95b-2968-4236-b6d7-cab75d1b461a@group-FA83F32315B5->a2951e81-4a17-4ada-9fa4-4ea57ab8d3ce-AppendLogResponseHandler: Failed appendEntries: org.apache.ratis.thirdparty.io.grpc.StatusRuntimeException: UNAVAILABLE: io exception
2022-11-23 12:07:27,876 [grpc-default-executor-17] WARN  server.GrpcLogAppender (LogUtils.java:warn(122)) - 0a01f95b-2968-4236-b6d7-cab75d1b461a@group-FA83F32315B5->a2951e81-4a17-4ada-9fa4-4ea57ab8d3ce-AppendLogResponseHandler: Failed appendEntries: org.apache.ratis.thirdparty.io.grpc.StatusRuntimeException: UNAVAILABLE: io exception
2022-11-23 12:07:27,876 [grpc-default-executor-19] WARN  server.GrpcLogAppender (GrpcLogAppender.java:resetClient(131)) - 0a01f95b-2968-4236-b6d7-cab75d1b461a@group-FA83F32315B5->a2951e81-4a17-4ada-9fa4-4ea57ab8d3ce-GrpcLogAppender: Leader has not got in touch with Follower 0a01f95b-2968-4236-b6d7-cab75d1b461a@group-FA83F32315B5->a2951e81-4a17-4ada-9fa4-4ea57ab8d3ce(c0,m0,n1, attendVote=true, lastRpcSendTime=2516, lastRpcResponseTime=2516) yet, just keep nextIndex unchanged and retry.
2022-11-23 12:07:27,876 [grpc-default-executor-17] WARN  server.GrpcLogAppender (GrpcLogAppender.java:resetClient(131)) - 0a01f95b-2968-4236-b6d7-cab75d1b461a@group-FA83F32315B5->a2951e81-4a17-4ada-9fa4-4ea57ab8d3ce-GrpcLogAppender: Leader has not got in touch with Follower 0a01f95b-2968-4236-b6d7-cab75d1b461a@group-FA83F32315B5->a2951e81-4a17-4ada-9fa4-4ea57ab8d3ce(c0,m0,n1, attendVote=true, lastRpcSendTime=2516, lastRpcResponseTime=2516) yet, just keep nextIndex unchanged and retry.
2022-11-23 12:07:27,880 [grpc-default-executor-19] WARN  server.GrpcLogAppender (LogUtils.java:warn(122)) - 0a01f95b-2968-4236-b6d7-cab75d1b461a@group-FA83F32315B5->a2951e81-4a17-4ada-9fa4-4ea57ab8d3ce-AppendLogResponseHandler: Failed appendEntries: org.apache.ratis.thirdparty.io.grpc.StatusRuntimeException: UNAVAILABLE: io exception
2022-11-23 12:07:27,882 [grpc-default-executor-17] WARN  server.GrpcLogAppender (LogUtils.java:warn(122)) - 0a01f95b-2968-4236-b6d7-cab75d1b461a@group-FA83F32315B5->a2951e81-4a17-4ada-9fa4-4ea57ab8d3ce-AppendLogResponseHandler: Failed appendEntries: org.apache.ratis.thirdparty.io.grpc.StatusRuntimeException: UNAVAILABLE: io exception
2022-11-23 12:07:27,882 [grpc-default-executor-19] WARN  server.GrpcLogAppender (GrpcLogAppender.java:resetClient(131)) - 0a01f95b-2968-4236-b6d7-cab75d1b461a@group-FA83F32315B5->a2951e81-4a17-4ada-9fa4-4ea57ab8d3ce-GrpcLogAppender: Leader has not got in touch with Follower 0a01f95b-2968-4236-b6d7-cab75d1b461a@group-FA83F32315B5->a2951e81-4a17-4ada-9fa4-4ea57ab8d3ce(c0,m0,n1, attendVote=true, lastRpcSendTime=2522, lastRpcResponseTime=2522) yet, just keep nextIndex unchanged and retry.
2022-11-23 12:07:27,883 [grpc-default-executor-17] WARN  server.GrpcLogAppender (GrpcLogAppender.java:resetClient(131)) - 0a01f95b-2968-4236-b6d7-cab75d1b461a@group-FA83F32315B5->a2951e81-4a17-4ada-9fa4-4ea57ab8d3ce-GrpcLogAppender: Leader has not got in touch with Follower 0a01f95b-2968-4236-b6d7-cab75d1b461a@group-FA83F32315B5->a2951e81-4a17-4ada-9fa4-4ea57ab8d3ce(c0,m0,n1, attendVote=true, lastRpcSendTime=2524, lastRpcResponseTime=2523) yet, just keep nextIndex unchanged and retry.
2022-11-23 12:07:27,884 [grpc-default-executor-19] WARN  server.GrpcLogAppender (LogUtils.java:warn(122)) - 0a01f95b-2968-4236-b6d7-cab75d1b461a@group-FA83F32315B5->a2951e81-4a17-4ada-9fa4-4ea57ab8d3ce-AppendLogResponseHandler: Failed appendEntries: org.apache.ratis.thirdparty.io.grpc.StatusRuntimeException: UNAVAILABLE: io exception
2022-11-23 12:07:27,884 [grpc-default-executor-19] WARN  server.GrpcLogAppender (GrpcLogAppender.java:resetClient(131)) - 0a01f95b-2968-4236-b6d7-cab75d1b461a@group-FA83F32315B5->a2951e81-4a17-4ada-9fa4-4ea57ab8d3ce-GrpcLogAppender: Leader has not got in touch with Follower 0a01f95b-2968-4236-b6d7-cab75d1b461a@group-FA83F32315B5->a2951e81-4a17-4ada-9fa4-4ea57ab8d3ce(c0,m0,n1, attendVote=true, lastRpcSendTime=0, lastRpcResponseTime=2524) yet, just keep nextIndex unchanged and retry.
2022-11-23 12:07:27,885 [grpc-default-executor-10] WARN  server.GrpcLogAppender (LogUtils.java:warn(122)) - 0a01f95b-2968-4236-b6d7-cab75d1b461a@group-FA83F32315B5->a2951e81-4a17-4ada-9fa4-4ea57ab8d3ce-AppendLogResponseHandler: Failed appendEntries: org.apache.ratis.thirdparty.io.grpc.StatusRuntimeException: UNAVAILABLE: io exception
2022-11-23 12:07:27,885 [grpc-default-executor-10] WARN  server.GrpcLogAppender (GrpcLogAppender.java:resetClient(131)) - 0a01f95b-2968-4236-b6d7-cab75d1b461a@group-FA83F32315B5->a2951e81-4a17-4ada-9fa4-4ea57ab8d3ce-GrpcLogAppender: Leader has not got in touch with Follower 0a01f95b-2968-4236-b6d7-cab75d1b461a@group-FA83F32315B5->a2951e81-4a17-4ada-9fa4-4ea57ab8d3ce(c0,m0,n1, attendVote=true, lastRpcSendTime=1, lastRpcResponseTime=2526) yet, just keep nextIndex unchanged and retry.
2022-11-23 12:07:28,089 [IPC Server handler 3 on default port 39971] INFO  node.NodeDecommissionManager (NodeDecommissionManager.java:startMaintenance(366)) - Starting Maintenance for node 2770806d-009d-48da-9d50-3d9453a3ad96{ip: 10.1.0.13, host: fv-az105-298.wy5h1aom0jgehahef1oyr10hrc.bx.internal.cloudapp.net, ports: [REPLICATION=42903, RATIS=41085, RATIS_ADMIN=41085, RATIS_SERVER=41085, STANDALONE=41997], networkLocation: /default-rack, certSerialId: null, persistedOpState: IN_SERVICE, persistedOpStateExpiryEpochSec: 0}
2022-11-23 12:07:28,089 [IPC Server handler 3 on default port 39971] INFO  node.NodeDecommissionManager (NodeDecommissionManager.java:startMaintenance(366)) - Starting Maintenance for node 2f53493c-3a9e-4904-8cf8-ac1f6fb0520e{ip: 10.1.0.13, host: fv-az105-298.wy5h1aom0jgehahef1oyr10hrc.bx.internal.cloudapp.net, ports: [REPLICATION=43097, RATIS=43085, RATIS_ADMIN=43085, RATIS_SERVER=43085, STANDALONE=37821], networkLocation: /default-rack, certSerialId: null, persistedOpState: IN_SERVICE, persistedOpStateExpiryEpochSec: 0}
2022-11-23 12:07:28,089 [IPC Server handler 3 on default port 39971] INFO  node.NodeDecommissionManager (NodeDecommissionManager.java:startMaintenance(366)) - Starting Maintenance for node f22cc5c0-3e38-414a-900c-2421eb232dd6{ip: 10.1.0.13, host: fv-az105-298.wy5h1aom0jgehahef1oyr10hrc.bx.internal.cloudapp.net, ports: [REPLICATION=33553, RATIS=38335, RATIS_ADMIN=38335, RATIS_SERVER=38335, STANDALONE=33109], networkLocation: /default-rack, certSerialId: null, persistedOpState: IN_SERVICE, persistedOpStateExpiryEpochSec: 0}
2022-11-23 12:07:28,090 [EventQueue-HealthyReadonlyToHealthyNodeForReadOnlyHealthyToHealthyNodeHandler] INFO  node.ReadOnlyHealthyToHealthyNodeHandler (ReadOnlyHealthyToHealthyNodeHandler.java:onMessage(51)) - Datanode 2770806d-009d-48da-9d50-3d9453a3ad96{ip: 10.1.0.13, host: fv-az105-298.wy5h1aom0jgehahef1oyr10hrc.bx.internal.cloudapp.net, ports: [REPLICATION=42903, RATIS=41085, RATIS_ADMIN=41085, RATIS_SERVER=41085, STANDALONE=41997], networkLocation: /default-rack, certSerialId: null, persistedOpState: IN_SERVICE, persistedOpStateExpiryEpochSec: 0} moved to HEALTHY state.
2022-11-23 12:07:28,090 [EventQueue-HealthyReadonlyToHealthyNodeForReadOnlyHealthyToHealthyNodeHandler] INFO  pipeline.BackgroundPipelineCreator (BackgroundPipelineCreator.java:notifyEventTriggered(276)) - trigger a one-shot run on RatisPipelineUtilsThread.
2022-11-23 12:07:28,091 [EventQueue-HealthyReadonlyToHealthyNodeForReadOnlyHealthyToHealthyNodeHandler] INFO  node.ReadOnlyHealthyToHealthyNodeHandler (ReadOnlyHealthyToHealthyNodeHandler.java:onMessage(51)) - Datanode 2f53493c-3a9e-4904-8cf8-ac1f6fb0520e{ip: 10.1.0.13, host: fv-az105-298.wy5h1aom0jgehahef1oyr10hrc.bx.internal.cloudapp.net, ports: [REPLICATION=43097, RATIS=43085, RATIS_ADMIN=43085, RATIS_SERVER=43085, STANDALONE=37821], networkLocation: /default-rack, certSerialId: null, persistedOpState: IN_SERVICE, persistedOpStateExpiryEpochSec: 0} moved to HEALTHY state.
2022-11-23 12:07:28,091 [EventQueue-HealthyReadonlyToHealthyNodeForReadOnlyHealthyToHealthyNodeHandler] INFO  pipeline.BackgroundPipelineCreator (BackgroundPipelineCreator.java:notifyEventTriggered(276)) - trigger a one-shot run on RatisPipelineUtilsThread.
2022-11-23 12:07:28,091 [EventQueue-HealthyReadonlyToHealthyNodeForReadOnlyHealthyToHealthyNodeHandler] INFO  node.ReadOnlyHealthyToHealthyNodeHandler (ReadOnlyHealthyToHealthyNodeHandler.java:onMessage(51)) - Datanode f22cc5c0-3e38-414a-900c-2421eb232dd6{ip: 10.1.0.13, host: fv-az105-298.wy5h1aom0jgehahef1oyr10hrc.bx.internal.cloudapp.net, ports: [REPLICATION=33553, RATIS=38335, RATIS_ADMIN=38335, RATIS_SERVER=38335, STANDALONE=33109], networkLocation: /default-rack, certSerialId: null, persistedOpState: IN_SERVICE, persistedOpStateExpiryEpochSec: 0} moved to HEALTHY state.
2022-11-23 12:07:28,091 [EventQueue-HealthyReadonlyToHealthyNodeForReadOnlyHealthyToHealthyNodeHandler] INFO  pipeline.BackgroundPipelineCreator (BackgroundPipelineCreator.java:notifyEventTriggered(276)) - trigger a one-shot run on RatisPipelineUtilsThread.
2022-11-23 12:07:28,371 [grpc-default-executor-19] WARN  server.GrpcLogAppender (LogUtils.java:warn(122)) - 23a93132-5f46-46ff-a00f-e8b8e96ed379@group-2BABB1334063->d25935c7-9680-4f09-83cd-d338e09c0605-AppendLogResponseHandler: Failed appendEntries: org.apache.ratis.thirdparty.io.grpc.StatusRuntimeException: UNAVAILABLE: io exception
2022-11-23 12:07:28,371 [grpc-default-executor-17] WARN  server.GrpcLogAppender (LogUtils.java:warn(122)) - 23a93132-5f46-46ff-a00f-e8b8e96ed379@group-2BABB1334063->d25935c7-9680-4f09-83cd-d338e09c0605-AppendLogResponseHandler: Failed appendEntries: org.apache.ratis.thirdparty.io.grpc.StatusRuntimeException: UNAVAILABLE: io exception
2022-11-23 12:07:28,371 [grpc-default-executor-19] INFO  leader.FollowerInfo (FollowerInfoImpl.java:lambda$new$0(48)) - 23a93132-5f46-46ff-a00f-e8b8e96ed379@group-2BABB1334063->d25935c7-9680-4f09-83cd-d338e09c0605: nextIndex: updateUnconditionally 22 -> 21
2022-11-23 12:07:28,372 [grpc-default-executor-17] INFO  leader.FollowerInfo (FollowerInfoImpl.java:lambda$new$0(48)) - 23a93132-5f46-46ff-a00f-e8b8e96ed379@group-2BABB1334063->d25935c7-9680-4f09-83cd-d338e09c0605: nextIndex: updateUnconditionally 21 -> 20
2022-11-23 12:07:28,381 [grpc-default-executor-19] WARN  server.GrpcLogAppender (LogUtils.java:warn(122)) - 23a93132-5f46-46ff-a00f-e8b8e96ed379@group-2BABB1334063->d25935c7-9680-4f09-83cd-d338e09c0605-AppendLogResponseHandler: Failed appendEntries: org.apache.ratis.thirdparty.io.grpc.StatusRuntimeException: UNAVAILABLE: io exception
2022-11-23 12:07:28,381 [grpc-default-executor-17] WARN  server.GrpcLogAppender (LogUtils.java:warn(122)) - 23a93132-5f46-46ff-a00f-e8b8e96ed379@group-2BABB1334063->d25935c7-9680-4f09-83cd-d338e09c0605-AppendLogResponseHandler: Failed appendEntries: org.apache.ratis.thirdparty.io.grpc.StatusRuntimeException: UNAVAILABLE: io exception
2022-11-23 12:07:28,382 [grpc-default-executor-19] INFO  leader.FollowerInfo (FollowerInfoImpl.java:lambda$new$0(48)) - 23a93132-5f46-46ff-a00f-e8b8e96ed379@group-2BABB1334063->d25935c7-9680-4f09-83cd-d338e09c0605: nextIndex: updateUnconditionally 21 -> 20
2022-11-23 12:07:28,383 [grpc-default-executor-17] INFO  leader.FollowerInfo (FollowerInfoImpl.java:lambda$new$0(48)) - 23a93132-5f46-46ff-a00f-e8b8e96ed379@group-2BABB1334063->d25935c7-9680-4f09-83cd-d338e09c0605: nextIndex: updateUnconditionally 20 -> 19
2022-11-23 12:07:28,562 [IPC Server handler 15 on default port 41047] INFO  node.SCMNodeManager (SCMNodeManager.java:updateDatanodeOpState(545)) - Scheduling a command to update the operationalState persisted on 2770806d-009d-48da-9d50-3d9453a3ad96{ip: 10.1.0.13, host: fv-az105-298.wy5h1aom0jgehahef1oyr10hrc.bx.internal.cloudapp.net, ports: [REPLICATION=42903, RATIS=41085, RATIS_ADMIN=41085, RATIS_SERVER=41085, STANDALONE=41997], networkLocation: /default-rack, certSerialId: null, persistedOpState: null, persistedOpStateExpiryEpochSec: 0} as the reported value does not match the value stored in SCM (ENTERING_MAINTENANCE, 0)
2022-11-23 12:07:28,562 [IPC Server handler 14 on default port 41047] INFO  node.SCMNodeManager (SCMNodeManager.java:updateDatanodeOpState(545)) - Scheduling a command to update the operationalState persisted on 2f53493c-3a9e-4904-8cf8-ac1f6fb0520e{ip: 10.1.0.13, host: fv-az105-298.wy5h1aom0jgehahef1oyr10hrc.bx.internal.cloudapp.net, ports: [REPLICATION=43097, RATIS=43085, RATIS_ADMIN=43085, RATIS_SERVER=43085, STANDALONE=37821], networkLocation: /default-rack, certSerialId: null, persistedOpState: null, persistedOpStateExpiryEpochSec: 0} as the reported value does not match the value stored in SCM (ENTERING_MAINTENANCE, 0)
2022-11-23 12:07:28,570 [IPC Server handler 12 on default port 41047] INFO  node.SCMNodeManager (SCMNodeManager.java:updateDatanodeOpState(545)) - Scheduling a command to update the operationalState persisted on f22cc5c0-3e38-414a-900c-2421eb232dd6{ip: 10.1.0.13, host: fv-az105-298.wy5h1aom0jgehahef1oyr10hrc.bx.internal.cloudapp.net, ports: [REPLICATION=33553, RATIS=38335, RATIS_ADMIN=38335, RATIS_SERVER=38335, STANDALONE=33109], networkLocation: /default-rack, certSerialId: null, persistedOpState: null, persistedOpStateExpiryEpochSec: 0} as the reported value does not match the value stored in SCM (ENTERING_MAINTENANCE, 0)
2022-11-23 12:07:28,642 [Under Replicated Processor] INFO  replication.UnderReplicatedProcessor (UnderReplicatedProcessor.java:processAll(79)) - Processed 0 under replicated containers, failed processing 0
2022-11-23 12:07:28,642 [Over Replicated Processor] INFO  replication.OverReplicatedProcessor (OverReplicatedProcessor.java:processAll(79)) - Processed 0 over replicated containers, failed processing 0
2022-11-23 12:07:28,643 [ReplicationMonitor] INFO  replication.ReplicationManager (ReplicationManager.java:processAll(355)) - Replication Monitor Thread took 0 milliseconds for processing 0 containers.
2022-11-23 12:07:28,685 [Under Replicated Processor] INFO  replication.UnderReplicatedProcessor (UnderReplicatedProcessor.java:processAll(79)) - Processed 0 under replicated containers, failed processing 0
2022-11-23 12:07:28,688 [Over Replicated Processor] INFO  replication.OverReplicatedProcessor (OverReplicatedProcessor.java:processAll(79)) - Processed 0 over replicated containers, failed processing 0
2022-11-23 12:07:28,702 [DatanodeAdminManager-0] INFO  node.DatanodeAdminMonitorImpl (DatanodeAdminMonitorImpl.java:checkPipelinesClosedOnNode(325)) - Waiting for pipelines to close for f22cc5c0-3e38-414a-900c-2421eb232dd6{ip: 10.1.0.13, host: fv-az105-298.wy5h1aom0jgehahef1oyr10hrc.bx.internal.cloudapp.net, ports: [REPLICATION=33553, RATIS=38335, RATIS_ADMIN=38335, RATIS_SERVER=38335, STANDALONE=33109], networkLocation: /default-rack, certSerialId: null, persistedOpState: IN_SERVICE, persistedOpStateExpiryEpochSec: 0}. There are 2 pipelines
2022-11-23 12:07:28,702 [DatanodeAdminManager-0] INFO  node.DatanodeAdminMonitorImpl (DatanodeAdminMonitorImpl.java:checkPipelinesClosedOnNode(325)) - Waiting for pipelines to close for 2770806d-009d-48da-9d50-3d9453a3ad96{ip: 10.1.0.13, host: fv-az105-298.wy5h1aom0jgehahef1oyr10hrc.bx.internal.cloudapp.net, ports: [REPLICATION=42903, RATIS=41085, RATIS_ADMIN=41085, RATIS_SERVER=41085, STANDALONE=41997], networkLocation: /default-rack, certSerialId: null, persistedOpState: IN_SERVICE, persistedOpStateExpiryEpochSec: 0}. There are 2 pipelines
2022-11-23 12:07:28,702 [DatanodeAdminManager-0] INFO  node.DatanodeAdminMonitorImpl (DatanodeAdminMonitorImpl.java:checkPipelinesClosedOnNode(325)) - Waiting for pipelines to close for 2f53493c-3a9e-4904-8cf8-ac1f6fb0520e{ip: 10.1.0.13, host: fv-az105-298.wy5h1aom0jgehahef1oyr10hrc.bx.internal.cloudapp.net, ports: [REPLICATION=43097, RATIS=43085, RATIS_ADMIN=43085, RATIS_SERVER=43085, STANDALONE=37821], networkLocation: /default-rack, certSerialId: null, persistedOpState: IN_SERVICE, persistedOpStateExpiryEpochSec: 0}. There are 2 pipelines
2022-11-23 12:07:28,702 [DatanodeAdminManager-0] INFO  node.DatanodeAdminMonitorImpl (DatanodeAdminMonitorImpl.java:run(169)) - There are 3 nodes tracked for decommission and maintenance.  0 pending nodes.
2022-11-23 12:07:28,703 [EventQueue-StartAdminOnNodeForStartDatanodeAdminHandler] INFO  node.StartDatanodeAdminHandler (StartDatanodeAdminHandler.java:onMessage(57)) - Admin start on datanode 2770806d-009d-48da-9d50-3d9453a3ad96{ip: 10.1.0.13, host: fv-az105-298.wy5h1aom0jgehahef1oyr10hrc.bx.internal.cloudapp.net, ports: [REPLICATION=42903, RATIS=41085, RATIS_ADMIN=41085, RATIS_SERVER=41085, STANDALONE=41997], networkLocation: /default-rack, certSerialId: null, persistedOpState: IN_SERVICE, persistedOpStateExpiryEpochSec: 0}. Finalizing its pipelines [PipelineID=79ff931f-1793-4afe-96ac-07f9d19a5ae7, PipelineID=2420c22c-1769-48ae-b1be-006ab7b14a94]
2022-11-23 12:07:28,703 [EventQueue-StartAdminOnNodeForStartDatanodeAdminHandler] INFO  pipeline.PipelineManagerImpl (PipelineManagerImpl.java:closePipeline(442)) - Pipeline Pipeline[ Id: 79ff931f-1793-4afe-96ac-07f9d19a5ae7, Nodes: 2770806d-009d-48da-9d50-3d9453a3ad96{ip: 10.1.0.13, host: fv-az105-298.wy5h1aom0jgehahef1oyr10hrc.bx.internal.cloudapp.net, ports: [REPLICATION=42903, RATIS=41085, RATIS_ADMIN=41085, RATIS_SERVER=41085, STANDALONE=41997], networkLocation: /default-rack, certSerialId: null, persistedOpState: IN_SERVICE, persistedOpStateExpiryEpochSec: 0}, ReplicationConfig: RATIS/ONE, State:OPEN, leaderId:2770806d-009d-48da-9d50-3d9453a3ad96, CreationTimestamp2022-11-23T12:06:36.211Z[Etc/UTC]] moved to CLOSED state
2022-11-23 12:07:28,703 [EventQueue-StartAdminOnNodeForStartDatanodeAdminHandler] INFO  pipeline.RatisPipelineProvider (RatisPipelineProvider.java:lambda$close$1(244)) - Send pipeline:PipelineID=79ff931f-1793-4afe-96ac-07f9d19a5ae7 close command to datanode 2770806d-009d-48da-9d50-3d9453a3ad96
2022-11-23 12:07:28,711 [EventQueue-StartAdminOnNodeForStartDatanodeAdminHandler] INFO  pipeline.PipelineStateManagerImpl (PipelineStateManagerImpl.java:removePipeline(245)) - Pipeline Pipeline[ Id: 79ff931f-1793-4afe-96ac-07f9d19a5ae7, Nodes: 2770806d-009d-48da-9d50-3d9453a3ad96{ip: 10.1.0.13, host: fv-az105-298.wy5h1aom0jgehahef1oyr10hrc.bx.internal.cloudapp.net, ports: [REPLICATION=42903, RATIS=41085, RATIS_ADMIN=41085, RATIS_SERVER=41085, STANDALONE=41997], networkLocation: /default-rack, certSerialId: null, persistedOpState: IN_SERVICE, persistedOpStateExpiryEpochSec: 0}, ReplicationConfig: RATIS/ONE, State:CLOSED, leaderId:2770806d-009d-48da-9d50-3d9453a3ad96, CreationTimestamp2022-11-23T12:06:36.211Z[Etc/UTC]] removed.
2022-11-23 12:07:28,711 [ReplicationMonitor] INFO  replication.ReplicationManager (ReplicationManager.java:processAll(355)) - Replication Monitor Thread took 1 milliseconds for processing 6 containers.
2022-11-23 12:07:28,715 [EventQueue-StartAdminOnNodeForStartDatanodeAdminHandler] INFO  pipeline.PipelineManagerImpl (PipelineManagerImpl.java:closeContainersForPipeline(421)) - Container #1 closed for pipeline=PipelineID=2420c22c-1769-48ae-b1be-006ab7b14a94
2022-11-23 12:07:28,715 [EventQueue-StartAdminOnNodeForStartDatanodeAdminHandler] INFO  pipeline.PipelineManagerImpl (PipelineManagerImpl.java:closeContainersForPipeline(421)) - Container #3 closed for pipeline=PipelineID=2420c22c-1769-48ae-b1be-006ab7b14a94
2022-11-23 12:07:28,715 [EventQueue-StartAdminOnNodeForStartDatanodeAdminHandler] INFO  pipeline.PipelineManagerImpl (PipelineManagerImpl.java:closeContainersForPipeline(421)) - Container #6 closed for pipeline=PipelineID=2420c22c-1769-48ae-b1be-006ab7b14a94
2022-11-23 12:07:28,715 [EventQueue-StartAdminOnNodeForStartDatanodeAdminHandler] INFO  pipeline.PipelineManagerImpl (PipelineManagerImpl.java:closePipeline(442)) - Pipeline Pipeline[ Id: 2420c22c-1769-48ae-b1be-006ab7b14a94, Nodes: 2770806d-009d-48da-9d50-3d9453a3ad96{ip: 10.1.0.13, host: fv-az105-298.wy5h1aom0jgehahef1oyr10hrc.bx.internal.cloudapp.net, ports: [REPLICATION=42903, RATIS=41085, RATIS_ADMIN=41085, RATIS_SERVER=41085, STANDALONE=41997], networkLocation: /default-rack, certSerialId: null, persistedOpState: IN_SERVICE, persistedOpStateExpiryEpochSec: 0}f22cc5c0-3e38-414a-900c-2421eb232dd6{ip: 10.1.0.13, host: fv-az105-298.wy5h1aom0jgehahef1oyr10hrc.bx.internal.cloudapp.net, ports: [REPLICATION=33553, RATIS=38335, RATIS_ADMIN=38335, RATIS_SERVER=38335, STANDALONE=33109], networkLocation: /default-rack, certSerialId: null, persistedOpState: IN_SERVICE, persistedOpStateExpiryEpochSec: 0}2f53493c-3a9e-4904-8cf8-ac1f6fb0520e{ip: 10.1.0.13, host: fv-az105-298.wy5h1aom0jgehahef1oyr10hrc.bx.internal.cloudapp.net, ports: [REPLICATION=43097, RATIS=43085, RATIS_ADMIN=43085, RATIS_SERVER=43085, STANDALONE=37821], networkLocation: /default-rack, certSerialId: null, persistedOpState: IN_SERVICE, persistedOpStateExpiryEpochSec: 0}, ReplicationConfig: RATIS/THREE, State:OPEN, leaderId:f22cc5c0-3e38-414a-900c-2421eb232dd6, CreationTimestamp2022-11-23T12:06:36.212Z[Etc/UTC]] moved to CLOSED state
2022-11-23 12:07:28,716 [EventQueue-StartAdminOnNodeForStartDatanodeAdminHandler] INFO  pipeline.RatisPipelineProvider (RatisPipelineProvider.java:lambda$close$1(244)) - Send pipeline:PipelineID=2420c22c-1769-48ae-b1be-006ab7b14a94 close command to datanode 2770806d-009d-48da-9d50-3d9453a3ad96
2022-11-23 12:07:28,716 [EventQueue-StartAdminOnNodeForStartDatanodeAdminHandler] INFO  pipeline.RatisPipelineProvider (RatisPipelineProvider.java:lambda$close$1(244)) - Send pipeline:PipelineID=2420c22c-1769-48ae-b1be-006ab7b14a94 close command to datanode f22cc5c0-3e38-414a-900c-2421eb232dd6
2022-11-23 12:07:28,716 [EventQueue-StartAdminOnNodeForStartDatanodeAdminHandler] INFO  pipeline.RatisPipelineProvider (RatisPipelineProvider.java:lambda$close$1(244)) - Send pipeline:PipelineID=2420c22c-1769-48ae-b1be-006ab7b14a94 close command to datanode 2f53493c-3a9e-4904-8cf8-ac1f6fb0520e
2022-11-23 12:07:28,716 [EventQueue-StartAdminOnNodeForStartDatanodeAdminHandler] INFO  pipeline.PipelineStateManagerImpl (PipelineStateManagerImpl.java:removePipeline(245)) - Pipeline Pipeline[ Id: 2420c22c-1769-48ae-b1be-006ab7b14a94, Nodes: 2770806d-009d-48da-9d50-3d9453a3ad96{ip: 10.1.0.13, host: fv-az105-298.wy5h1aom0jgehahef1oyr10hrc.bx.internal.cloudapp.net, ports: [REPLICATION=42903, RATIS=41085, RATIS_ADMIN=41085, RATIS_SERVER=41085, STANDALONE=41997], networkLocation: /default-rack, certSerialId: null, persistedOpState: IN_SERVICE, persistedOpStateExpiryEpochSec: 0}f22cc5c0-3e38-414a-900c-2421eb232dd6{ip: 10.1.0.13, host: fv-az105-298.wy5h1aom0jgehahef1oyr10hrc.bx.internal.cloudapp.net, ports: [REPLICATION=33553, RATIS=38335, RATIS_ADMIN=38335, RATIS_SERVER=38335, STANDALONE=33109], networkLocation: /default-rack, certSerialId: null, persistedOpState: IN_SERVICE, persistedOpStateExpiryEpochSec: 0}2f53493c-3a9e-4904-8cf8-ac1f6fb0520e{ip: 10.1.0.13, host: fv-az105-298.wy5h1aom0jgehahef1oyr10hrc.bx.internal.cloudapp.net, ports: [REPLICATION=43097, RATIS=43085, RATIS_ADMIN=43085, RATIS_SERVER=43085, STANDALONE=37821], networkLocation: /default-rack, certSerialId: null, persistedOpState: IN_SERVICE, persistedOpStateExpiryEpochSec: 0}, ReplicationConfig: RATIS/THREE, State:CLOSED, leaderId:f22cc5c0-3e38-414a-900c-2421eb232dd6, CreationTimestamp2022-11-23T12:06:36.212Z[Etc/UTC]] removed.
2022-11-23 12:07:28,716 [EventQueue-StartAdminOnNodeForStartDatanodeAdminHandler] INFO  node.StartDatanodeAdminHandler (StartDatanodeAdminHandler.java:onMessage(57)) - Admin start on datanode 2f53493c-3a9e-4904-8cf8-ac1f6fb0520e{ip: 10.1.0.13, host: fv-az105-298.wy5h1aom0jgehahef1oyr10hrc.bx.internal.cloudapp.net, ports: [REPLICATION=43097, RATIS=43085, RATIS_ADMIN=43085, RATIS_SERVER=43085, STANDALONE=37821], networkLocation: /default-rack, certSerialId: null, persistedOpState: IN_SERVICE, persistedOpStateExpiryEpochSec: 0}. Finalizing its pipelines [PipelineID=25b35b6d-ed93-4299-8bb9-43a09bae3664]
2022-11-23 12:07:28,716 [EventQueue-StartAdminOnNodeForStartDatanodeAdminHandler] INFO  pipeline.PipelineManagerImpl (PipelineManagerImpl.java:closePipeline(442)) - Pipeline Pipeline[ Id: 25b35b6d-ed93-4299-8bb9-43a09bae3664, Nodes: 2f53493c-3a9e-4904-8cf8-ac1f6fb0520e{ip: 10.1.0.13, host: fv-az105-298.wy5h1aom0jgehahef1oyr10hrc.bx.internal.cloudapp.net, ports: [REPLICATION=43097, RATIS=43085, RATIS_ADMIN=43085, RATIS_SERVER=43085, STANDALONE=37821], networkLocation: /default-rack, certSerialId: null, persistedOpState: IN_SERVICE, persistedOpStateExpiryEpochSec: 0}, ReplicationConfig: RATIS/ONE, State:OPEN, leaderId:2f53493c-3a9e-4904-8cf8-ac1f6fb0520e, CreationTimestamp2022-11-23T12:06:35.892Z[Etc/UTC]] moved to CLOSED state
2022-11-23 12:07:28,716 [EventQueue-StartAdminOnNodeForStartDatanodeAdminHandler] INFO  pipeline.RatisPipelineProvider (RatisPipelineProvider.java:lambda$close$1(244)) - Send pipeline:PipelineID=25b35b6d-ed93-4299-8bb9-43a09bae3664 close command to datanode 2f53493c-3a9e-4904-8cf8-ac1f6fb0520e
2022-11-23 12:07:28,716 [EventQueue-StartAdminOnNodeForStartDatanodeAdminHandler] INFO  pipeline.PipelineStateManagerImpl (PipelineStateManagerImpl.java:removePipeline(245)) - Pipeline Pipeline[ Id: 25b35b6d-ed93-4299-8bb9-43a09bae3664, Nodes: 2f53493c-3a9e-4904-8cf8-ac1f6fb0520e{ip: 10.1.0.13, host: fv-az105-298.wy5h1aom0jgehahef1oyr10hrc.bx.internal.cloudapp.net, ports: [REPLICATION=43097, RATIS=43085, RATIS_ADMIN=43085, RATIS_SERVER=43085, STANDALONE=37821], networkLocation: /default-rack, certSerialId: null, persistedOpState: IN_SERVICE, persistedOpStateExpiryEpochSec: 0}, ReplicationConfig: RATIS/ONE, State:CLOSED, leaderId:2f53493c-3a9e-4904-8cf8-ac1f6fb0520e, CreationTimestamp2022-11-23T12:06:35.892Z[Etc/UTC]] removed.
2022-11-23 12:07:28,716 [EventQueue-StartAdminOnNodeForStartDatanodeAdminHandler] INFO  node.StartDatanodeAdminHandler (StartDatanodeAdminHandler.java:onMessage(57)) - Admin start on datanode f22cc5c0-3e38-414a-900c-2421eb232dd6{ip: 10.1.0.13, host: fv-az105-298.wy5h1aom0jgehahef1oyr10hrc.bx.internal.cloudapp.net, ports: [REPLICATION=33553, RATIS=38335, RATIS_ADMIN=38335, RATIS_SERVER=38335, STANDALONE=33109], networkLocation: /default-rack, certSerialId: null, persistedOpState: IN_SERVICE, persistedOpStateExpiryEpochSec: 0}. Finalizing its pipelines [PipelineID=93d52c61-43d9-4d86-8ce7-648a56829076]
2022-11-23 12:07:28,716 [EventQueue-StartAdminOnNodeForStartDatanodeAdminHandler] INFO  pipeline.PipelineManagerImpl (PipelineManagerImpl.java:closePipeline(442)) - Pipeline Pipeline[ Id: 93d52c61-43d9-4d86-8ce7-648a56829076, Nodes: f22cc5c0-3e38-414a-900c-2421eb232dd6{ip: 10.1.0.13, host: fv-az105-298.wy5h1aom0jgehahef1oyr10hrc.bx.internal.cloudapp.net, ports: [REPLICATION=33553, RATIS=38335, RATIS_ADMIN=38335, RATIS_SERVER=38335, STANDALONE=33109], networkLocation: /default-rack, certSerialId: null, persistedOpState: IN_SERVICE, persistedOpStateExpiryEpochSec: 0}, ReplicationConfig: RATIS/ONE, State:OPEN, leaderId:f22cc5c0-3e38-414a-900c-2421eb232dd6, CreationTimestamp2022-11-23T12:06:35.262Z[Etc/UTC]] moved to CLOSED state
2022-11-23 12:07:28,716 [EventQueue-StartAdminOnNodeForStartDatanodeAdminHandler] INFO  pipeline.RatisPipelineProvider (RatisPipelineProvider.java:lambda$close$1(244)) - Send pipeline:PipelineID=93d52c61-43d9-4d86-8ce7-648a56829076 close command to datanode f22cc5c0-3e38-414a-900c-2421eb232dd6
2022-11-23 12:07:28,716 [EventQueue-StartAdminOnNodeForStartDatanodeAdminHandler] INFO  pipeline.PipelineStateManagerImpl (PipelineStateManagerImpl.java:removePipeline(245)) - Pipeline Pipeline[ Id: 93d52c61-43d9-4d86-8ce7-648a56829076, Nodes: f22cc5c0-3e38-414a-900c-2421eb232dd6{ip: 10.1.0.13, host: fv-az105-298.wy5h1aom0jgehahef1oyr10hrc.bx.internal.cloudapp.net, ports: [REPLICATION=33553, RATIS=38335, RATIS_ADMIN=38335, RATIS_SERVER=38335, STANDALONE=33109], networkLocation: /default-rack, certSerialId: null, persistedOpState: IN_SERVICE, persistedOpStateExpiryEpochSec: 0}, ReplicationConfig: RATIS/ONE, State:CLOSED, leaderId:f22cc5c0-3e38-414a-900c-2421eb232dd6, CreationTimestamp2022-11-23T12:06:35.262Z[Etc/UTC]] removed.
2022-11-23 12:07:28,717 [EventQueue-CloseContainerForCloseContainerEventHandler] INFO  container.CloseContainerEventHandler (CloseContainerEventHandler.java:onMessage(73)) - Close container Event triggered for container : #1, current state: CLOSING
2022-11-23 12:07:28,717 [EventQueue-CloseContainerForCloseContainerEventHandler] INFO  container.CloseContainerEventHandler (CloseContainerEventHandler.java:onMessage(73)) - Close container Event triggered for container : #3, current state: CLOSING
2022-11-23 12:07:28,717 [EventQueue-CloseContainerForCloseContainerEventHandler] INFO  container.CloseContainerEventHandler (CloseContainerEventHandler.java:onMessage(73)) - Close container Event triggered for container : #6, current state: CLOSING
2022-11-23 12:07:28,967 [Mini-Cluster-Provider-Reap] INFO  volume.HddsVolume (HddsVolume.java:closeDbStore(338)) - SchemaV3 db is stopped at /home/runner/work/ozone/ozone/hadoop-ozone/integration-test/target/test-dir/MiniOzoneClusterImpl-ebe43555-68d4-45be-bb73-f0d85d5884a6/datanode-4/data-0/containers/hdds/ebe43555-68d4-45be-bb73-f0d85d5884a6/DS-b3eb43c0-6c50-4a38-9cb1-c55c90854989/container.db for volume DS-b3eb43c0-6c50-4a38-9cb1-c55c90854989
2022-11-23 12:07:28,969 [Mini-Cluster-Provider-Reap] INFO  utils.BackgroundService (BackgroundService.java:shutdown(141)) - Shutting down service BlockDeletingService
2022-11-23 12:07:28,970 [Mini-Cluster-Provider-Reap] INFO  utils.BackgroundService (BackgroundService.java:shutdown(141)) - Shutting down service StaleRecoveringContainerScrubbingService
2022-11-23 12:07:28,970 [Mini-Cluster-Provider-Reap] INFO  statemachine.DatanodeStateMachine (DatanodeStateMachine.java:stopDaemon(593)) - Ozone container server stopped.
2022-11-23 12:07:28,988 [ForkJoinPool.commonPool-worker-1] INFO  volume.HddsVolume (HddsVolume.java:closeDbStore(338)) - SchemaV3 db is stopped at /home/runner/work/ozone/ozone/hadoop-ozone/integration-test/target/test-dir/MiniOzoneClusterImpl-ebe43555-68d4-45be-bb73-f0d85d5884a6/datanode-2/data-0/containers/hdds/ebe43555-68d4-45be-bb73-f0d85d5884a6/DS-089117ca-cfea-4e01-908f-0763568bb84f/container.db for volume DS-089117ca-cfea-4e01-908f-0763568bb84f
2022-11-23 12:07:28,990 [ForkJoinPool.commonPool-worker-1] INFO  utils.BackgroundService (BackgroundService.java:shutdown(141)) - Shutting down service BlockDeletingService
2022-11-23 12:07:28,991 [ForkJoinPool.commonPool-worker-1] INFO  utils.BackgroundService (BackgroundService.java:shutdown(141)) - Shutting down service StaleRecoveringContainerScrubbingService
2022-11-23 12:07:28,994 [Mini-Cluster-Provider-Reap] INFO  handler.ContextHandler (ContextHandler.java:doStop(1159)) - Stopped o.e.j.w.WebAppContext@231c15fa{hddsDatanode,/,null,STOPPED}{jar:file:/home/runner/.m2/repository/org/apache/ozone/hdds-container-service/1.3.0-SNAPSHOT/hdds-container-service-1.3.0-SNAPSHOT.jar!/webapps/hddsDatanode}
2022-11-23 12:07:28,994 [Mini-Cluster-Provider-Reap] INFO  server.AbstractConnector (AbstractConnector.java:doStop(383)) - Stopped ServerConnector@5b48b732{HTTP/1.1, (http/1.1)}{0.0.0.0:0}
2022-11-23 12:07:29,005 [ForkJoinPool.commonPool-worker-1] INFO  statemachine.DatanodeStateMachine (DatanodeStateMachine.java:stopDaemon(593)) - Ozone container server stopped.
2022-11-23 12:07:29,005 [Mini-Cluster-Provider-Reap] INFO  server.session (HouseKeeper.java:stopScavenging(149)) - node0 Stopped scavenging
2022-11-23 12:07:29,012 [Mini-Cluster-Provider-Reap] INFO  handler.ContextHandler (ContextHandler.java:doStop(1159)) - Stopped o.e.j.s.ServletContextHandler@504ece3{static,/static,jar:file:/home/runner/.m2/repository/org/apache/ozone/hdds-container-service/1.3.0-SNAPSHOT/hdds-container-service-1.3.0-SNAPSHOT.jar!/webapps/static,STOPPED}
2022-11-23 12:07:29,019 [Mini-Cluster-Provider-Reap] INFO  handler.ContextHandler (ContextHandler.java:doStop(1159)) - Stopped o.e.j.s.ServletContextHandler@6fde9def{logs,/logs,file:///home/runner/work/ozone/ozone/hadoop-ozone/integration-test/target/log,STOPPED}
2022-11-23 12:07:29,024 [Mini-Cluster-Provider-Reap] INFO  ozoneimpl.OzoneContainer (OzoneContainer.java:stop(417)) - Attempting to stop container services.
2022-11-23 12:07:29,025 [Mini-Cluster-Provider-Reap] INFO  server.RaftServer (RaftServerProxy.java:lambda$close$6(409)) - 4cf88e88-4098-40f9-846c-84288099b2d2: close
2022-11-23 12:07:29,031 [ForkJoinPool.commonPool-worker-1] INFO  handler.ContextHandler (ContextHandler.java:doStop(1159)) - Stopped o.e.j.w.WebAppContext@7b11757{hddsDatanode,/,null,STOPPED}{jar:file:/home/runner/.m2/repository/org/apache/ozone/hdds-container-service/1.3.0-SNAPSHOT/hdds-container-service-1.3.0-SNAPSHOT.jar!/webapps/hddsDatanode}
2022-11-23 12:07:29,032 [4cf88e88-4098-40f9-846c-84288099b2d2-impl-thread2] INFO  server.RaftServer$Division (RaftServerImpl.java:lambda$close$4(458)) - 4cf88e88-4098-40f9-846c-84288099b2d2@group-9752C7AD13A6: shutdown
2022-11-23 12:07:29,032 [4cf88e88-4098-40f9-846c-84288099b2d2-impl-thread2] INFO  util.JmxRegister (JmxRegister.java:unregister(73)) - Successfully un-registered JMX Bean with object name Ratis:service=RaftServer,group=group-9752C7AD13A6,id=4cf88e88-4098-40f9-846c-84288099b2d2
2022-11-23 12:07:29,032 [4cf88e88-4098-40f9-846c-84288099b2d2-impl-thread2] INFO  impl.RoleInfo (RoleInfo.java:shutdownLeaderState(93)) - 4cf88e88-4098-40f9-846c-84288099b2d2: shutdown 4cf88e88-4098-40f9-846c-84288099b2d2@group-9752C7AD13A6-LeaderStateImpl
2022-11-23 12:07:29,032 [4cf88e88-4098-40f9-846c-84288099b2d2-impl-thread2] INFO  impl.PendingRequests (PendingRequests.java:sendNotLeaderResponses(282)) - 4cf88e88-4098-40f9-846c-84288099b2d2@group-9752C7AD13A6-PendingRequests: sendNotLeaderResponses
2022-11-23 12:07:29,034 [ForkJoinPool.commonPool-worker-1] INFO  server.AbstractConnector (AbstractConnector.java:doStop(383)) - Stopped ServerConnector@29e4ff25{HTTP/1.1, (http/1.1)}{0.0.0.0:0}
2022-11-23 12:07:29,034 [ForkJoinPool.commonPool-worker-1] INFO  server.session (HouseKeeper.java:stopScavenging(149)) - node0 Stopped scavenging
2022-11-23 12:07:29,035 [4cf88e88-4098-40f9-846c-84288099b2d2@group-9752C7AD13A6-StateMachineUpdater] INFO  ratis.ContainerStateMachine (ContainerStateMachine.java:takeSnapshot(304)) - group-9752C7AD13A6: Taking a snapshot at:(t:1, i:0) file /home/runner/work/ozone/ozone/hadoop-ozone/integration-test/target/test-dir/MiniOzoneClusterImpl-ebe43555-68d4-45be-bb73-f0d85d5884a6/datanode-3/data/ratis/7515b8ce-932b-4fae-bb56-9752c7ad13a6/sm/snapshot.1_0
2022-11-23 12:07:29,036 [4cf88e88-4098-40f9-846c-84288099b2d2-impl-thread2] INFO  impl.StateMachineUpdater (StateMachineUpdater.java:stopAndJoin(153)) - 4cf88e88-4098-40f9-846c-84288099b2d2@group-9752C7AD13A6-StateMachineUpdater: set stopIndex = 0
2022-11-23 12:07:29,036 [Mini-Cluster-Provider-Reap] INFO  server.GrpcService (GrpcService.java:closeImpl(279)) - 4cf88e88-4098-40f9-846c-84288099b2d2: shutdown server GrpcServerProtocolService now
2022-11-23 12:07:29,036 [ForkJoinPool.commonPool-worker-1] INFO  handler.ContextHandler (ContextHandler.java:doStop(1159)) - Stopped o.e.j.s.ServletContextHandler@58c43bf4{static,/static,jar:file:/home/runner/.m2/repository/org/apache/ozone/hdds-container-service/1.3.0-SNAPSHOT/hdds-container-service-1.3.0-SNAPSHOT.jar!/webapps/static,STOPPED}
2022-11-23 12:07:29,047 [4cf88e88-4098-40f9-846c-84288099b2d2-impl-thread3] INFO  server.RaftServer$Division (RaftServerImpl.java:lambda$close$4(458)) - 4cf88e88-4098-40f9-846c-84288099b2d2@group-2BABB1334063: shutdown
2022-11-23 12:07:29,046 [4cf88e88-4098-40f9-846c-84288099b2d2@group-9752C7AD13A6-StateMachineUpdater] INFO  ratis.ContainerStateMachine (ContainerStateMachine.java:takeSnapshot(315)) - group-9752C7AD13A6: Finished taking a snapshot at:(t:1, i:0) file:/home/runner/work/ozone/ozone/hadoop-ozone/integration-test/target/test-dir/MiniOzoneClusterImpl-ebe43555-68d4-45be-bb73-f0d85d5884a6/datanode-3/data/ratis/7515b8ce-932b-4fae-bb56-9752c7ad13a6/sm/snapshot.1_0 took: 12 ms
2022-11-23 12:07:29,047 [4cf88e88-4098-40f9-846c-84288099b2d2@group-9752C7AD13A6-StateMachineUpdater] INFO  impl.StateMachineUpdater (StateMachineUpdater.java:takeSnapshot(287)) - 4cf88e88-4098-40f9-846c-84288099b2d2@group-9752C7AD13A6-StateMachineUpdater: Took a snapshot at index 0
2022-11-23 12:07:29,047 [4cf88e88-4098-40f9-846c-84288099b2d2@group-9752C7AD13A6-StateMachineUpdater] INFO  impl.StateMachineUpdater (StateMachineUpdater.java:lambda$new$0(92)) - 4cf88e88-4098-40f9-846c-84288099b2d2@group-9752C7AD13A6-StateMachineUpdater: snapshotIndex: updateIncreasingly -1 -> 0
2022-11-23 12:07:29,042 [grpc-default-executor-19] WARN  server.GrpcLogAppender (LogUtils.java:warn(122)) - 23a93132-5f46-46ff-a00f-e8b8e96ed379@group-2BABB1334063->4cf88e88-4098-40f9-846c-84288099b2d2-AppendLogResponseHandler: Failed appendEntries: org.apache.ratis.thirdparty.io.grpc.StatusRuntimeException: CANCELLED: RST_STREAM closed stream. HTTP/2 error code: CANCEL
2022-11-23 12:07:29,042 [grpc-default-executor-18] WARN  server.GrpcServerProtocolService (LogUtils.java:warn(122)) - 4cf88e88-4098-40f9-846c-84288099b2d2: installSnapshot onError, lastRequest: 23a93132-5f46-46ff-a00f-e8b8e96ed379->4cf88e88-4098-40f9-846c-84288099b2d2#133-t4,previous=(t:4, i:26),leaderCommit=25,initializing? true,entries: size=1, first=(t:4, i:27), METADATAENTRY(c:25): org.apache.ratis.thirdparty.io.grpc.StatusRuntimeException: CANCELLED: client cancelled
2022-11-23 12:07:29,041 [Mini-Cluster-Provider-Reap] INFO  server.GrpcServerProtocolClient (GrpcServerProtocolClient.java:close(111)) - d25935c7-9680-4f09-83cd-d338e09c0605 Close channels
2022-11-23 12:07:29,037 [grpc-default-executor-12] WARN  server.GrpcServerProtocolService (LogUtils.java:warn(122)) - 4cf88e88-4098-40f9-846c-84288099b2d2: installSnapshot onError, lastRequest: null: org.apache.ratis.thirdparty.io.grpc.StatusRuntimeException: CANCELLED: client cancelled
2022-11-23 12:07:29,037 [grpc-default-executor-10] WARN  server.GrpcLogAppender (LogUtils.java:warn(122)) - 23a93132-5f46-46ff-a00f-e8b8e96ed379@group-2BABB1334063->4cf88e88-4098-40f9-846c-84288099b2d2-AppendLogResponseHandler: Failed appendEntries: org.apache.ratis.thirdparty.io.grpc.StatusRuntimeException: CANCELLED: RST_STREAM closed stream. HTTP/2 error code: CANCEL
2022-11-23 12:07:29,057 [Mini-Cluster-Provider-Reap] INFO  server.GrpcServerProtocolClient (GrpcServerProtocolClient.java:close(111)) - 23a93132-5f46-46ff-a00f-e8b8e96ed379 Close channels
2022-11-23 12:07:29,057 [Mini-Cluster-Provider-Reap] INFO  server.GrpcService (GrpcService.java:closeImpl(288)) - 4cf88e88-4098-40f9-846c-84288099b2d2: shutdown server GrpcServerProtocolService successfully
2022-11-23 12:07:29,048 [4cf88e88-4098-40f9-846c-84288099b2d2-impl-thread2] INFO  server.RaftServer$Division (ServerState.java:close(466)) - 4cf88e88-4098-40f9-846c-84288099b2d2@group-9752C7AD13A6: closes. applyIndex: 0
2022-11-23 12:07:29,048 [ForkJoinPool.commonPool-worker-1] INFO  handler.ContextHandler (ContextHandler.java:doStop(1159)) - Stopped o.e.j.s.ServletContextHandler@39fd850b{logs,/logs,file:///home/runner/work/ozone/ozone/hadoop-ozone/integration-test/target/log,STOPPED}
2022-11-23 12:07:29,048 [grpc-default-executor-19] INFO  leader.FollowerInfo (FollowerInfoImpl.java:lambda$new$0(48)) - 23a93132-5f46-46ff-a00f-e8b8e96ed379@group-2BABB1334063->4cf88e88-4098-40f9-846c-84288099b2d2: nextIndex: updateUnconditionally 28 -> 27
2022-11-23 12:07:29,058 [grpc-default-executor-10] INFO  leader.FollowerInfo (FollowerInfoImpl.java:lambda$new$0(48)) - 23a93132-5f46-46ff-a00f-e8b8e96ed379@group-2BABB1334063->4cf88e88-4098-40f9-846c-84288099b2d2: nextIndex: updateUnconditionally 27 -> 26
2022-11-23 12:07:29,047 [4cf88e88-4098-40f9-846c-84288099b2d2-impl-thread3] INFO  util.JmxRegister (JmxRegister.java:unregister(73)) - Successfully un-registered JMX Bean with object name Ratis:service=RaftServer,group=group-2BABB1334063,id=4cf88e88-4098-40f9-846c-84288099b2d2
2022-11-23 12:07:29,058 [4cf88e88-4098-40f9-846c-84288099b2d2-impl-thread3] INFO  impl.RoleInfo (RoleInfo.java:shutdownFollowerState(110)) - 4cf88e88-4098-40f9-846c-84288099b2d2: shutdown 4cf88e88-4098-40f9-846c-84288099b2d2@group-2BABB1334063-FollowerState
2022-11-23 12:07:29,058 [4cf88e88-4098-40f9-846c-84288099b2d2-impl-thread3] INFO  impl.StateMachineUpdater (StateMachineUpdater.java:stopAndJoin(153)) - 4cf88e88-4098-40f9-846c-84288099b2d2@group-2BABB1334063-StateMachineUpdater: set stopIndex = 27
2022-11-23 12:07:29,059 [4cf88e88-4098-40f9-846c-84288099b2d2@group-2BABB1334063-FollowerState] INFO  impl.FollowerState (FollowerState.java:run(152)) - 4cf88e88-4098-40f9-846c-84288099b2d2@group-2BABB1334063-FollowerState was interrupted
2022-11-23 12:07:29,059 [4cf88e88-4098-40f9-846c-84288099b2d2@group-2BABB1334063-StateMachineUpdater] INFO  ratis.ContainerStateMachine (ContainerStateMachine.java:takeSnapshot(304)) - group-2BABB1334063: Taking a snapshot at:(t:4, i:27) file /home/runner/work/ozone/ozone/hadoop-ozone/integration-test/target/test-dir/MiniOzoneClusterImpl-ebe43555-68d4-45be-bb73-f0d85d5884a6/datanode-3/data/ratis/3594cfc4-16d2-449e-8932-2babb1334063/sm/snapshot.4_27
2022-11-23 12:07:29,059 [grpc-default-executor-12] WARN  server.GrpcLogAppender (LogUtils.java:warn(122)) - 23a93132-5f46-46ff-a00f-e8b8e96ed379@group-2BABB1334063->4cf88e88-4098-40f9-846c-84288099b2d2-AppendLogResponseHandler: Failed appendEntries: org.apache.ratis.thirdparty.io.grpc.StatusRuntimeException: UNAVAILABLE: io exception
2022-11-23 12:07:29,060 [4cf88e88-4098-40f9-846c-84288099b2d2@group-9752C7AD13A6-SegmentedRaftLogWorker] INFO  segmented.SegmentedRaftLogWorker (SegmentedRaftLogWorker.java:run(345)) - 4cf88e88-4098-40f9-846c-84288099b2d2@group-9752C7AD13A6-SegmentedRaftLogWorker was interrupted, exiting. There are 0 tasks remaining in the queue.
2022-11-23 12:07:29,060 [grpc-default-executor-19] WARN  server.GrpcLogAppender (LogUtils.java:warn(122)) - 23a93132-5f46-46ff-a00f-e8b8e96ed379@group-2BABB1334063->4cf88e88-4098-40f9-846c-84288099b2d2-AppendLogResponseHandler: Failed appendEntries: org.apache.ratis.thirdparty.io.grpc.StatusRuntimeException: UNAVAILABLE: io exception
2022-11-23 12:07:29,060 [grpc-default-executor-12] INFO  leader.FollowerInfo (FollowerInfoImpl.java:lambda$new$0(48)) - 23a93132-5f46-46ff-a00f-e8b8e96ed379@group-2BABB1334063->4cf88e88-4098-40f9-846c-84288099b2d2: nextIndex: updateUnconditionally 27 -> 26
2022-11-23 12:07:29,060 [grpc-default-executor-19] INFO  leader.FollowerInfo (FollowerInfoImpl.java:lambda$new$0(48)) - 23a93132-5f46-46ff-a00f-e8b8e96ed379@group-2BABB1334063->4cf88e88-4098-40f9-846c-84288099b2d2: nextIndex: updateUnconditionally 26 -> 25
2022-11-23 12:07:29,061 [4cf88e88-4098-40f9-846c-84288099b2d2@group-2BABB1334063-StateMachineUpdater] INFO  ratis.ContainerStateMachine (ContainerStateMachine.java:takeSnapshot(315)) - group-2BABB1334063: Finished taking a snapshot at:(t:4, i:27) file:/home/runner/work/ozone/ozone/hadoop-ozone/integration-test/target/test-dir/MiniOzoneClusterImpl-ebe43555-68d4-45be-bb73-f0d85d5884a6/datanode-3/data/ratis/3594cfc4-16d2-449e-8932-2babb1334063/sm/snapshot.4_27 took: 1 ms
2022-11-23 12:07:29,061 [4cf88e88-4098-40f9-846c-84288099b2d2@group-2BABB1334063-StateMachineUpdater] INFO  impl.StateMachineUpdater (StateMachineUpdater.java:takeSnapshot(287)) - 4cf88e88-4098-40f9-846c-84288099b2d2@group-2BABB1334063-StateMachineUpdater: Took a snapshot at index 27
2022-11-23 12:07:29,061 [4cf88e88-4098-40f9-846c-84288099b2d2@group-2BABB1334063-StateMachineUpdater] INFO  impl.StateMachineUpdater (StateMachineUpdater.java:lambda$new$0(92)) - 4cf88e88-4098-40f9-846c-84288099b2d2@group-2BABB1334063-StateMachineUpdater: snapshotIndex: updateIncreasingly -1 -> 27
2022-11-23 12:07:29,063 [4cf88e88-4098-40f9-846c-84288099b2d2-impl-thread3] INFO  server.RaftServer$Division (ServerState.java:close(466)) - 4cf88e88-4098-40f9-846c-84288099b2d2@group-2BABB1334063: closes. applyIndex: 27
2022-11-23 12:07:29,063 [4cf88e88-4098-40f9-846c-84288099b2d2@group-2BABB1334063-SegmentedRaftLogWorker] INFO  segmented.SegmentedRaftLogWorker (SegmentedRaftLogWorker.java:run(345)) - 4cf88e88-4098-40f9-846c-84288099b2d2@group-2BABB1334063-SegmentedRaftLogWorker was interrupted, exiting. There are 0 tasks remaining in the queue.
2022-11-23 12:07:29,064 [4cf88e88-4098-40f9-846c-84288099b2d2-impl-thread3] INFO  segmented.SegmentedRaftLogWorker (SegmentedRaftLogWorker.java:close(255)) - 4cf88e88-4098-40f9-846c-84288099b2d2@group-2BABB1334063-SegmentedRaftLogWorker close()
2022-11-23 12:07:29,064 [4cf88e88-4098-40f9-846c-84288099b2d2-impl-thread2] INFO  segmented.SegmentedRaftLogWorker (SegmentedRaftLogWorker.java:close(255)) - 4cf88e88-4098-40f9-846c-84288099b2d2@group-9752C7AD13A6-SegmentedRaftLogWorker close()
2022-11-23 12:07:29,065 [JvmPauseMonitor37] INFO  util.JvmPauseMonitor (JvmPauseMonitor.java:run(111)) - JvmPauseMonitor-4cf88e88-4098-40f9-846c-84288099b2d2: Stopped
2022-11-23 12:07:29,069 [ForkJoinPool.commonPool-worker-1] INFO  ozoneimpl.OzoneContainer (OzoneContainer.java:stop(417)) - Attempting to stop container services.
2022-11-23 12:07:29,080 [ForkJoinPool.commonPool-worker-1] INFO  server.RaftServer (RaftServerProxy.java:lambda$close$6(409)) - ff3b5804-9dce-4653-b2ab-441aded0e089: close
2022-11-23 12:07:29,088 [ff3b5804-9dce-4653-b2ab-441aded0e089-impl-thread2] INFO  server.RaftServer$Division (RaftServerImpl.java:lambda$close$4(458)) - ff3b5804-9dce-4653-b2ab-441aded0e089@group-91B0C7243CFC: shutdown
2022-11-23 12:07:29,088 [ff3b5804-9dce-4653-b2ab-441aded0e089-impl-thread2] INFO  util.JmxRegister (JmxRegister.java:unregister(73)) - Successfully un-registered JMX Bean with object name Ratis:service=RaftServer,group=group-91B0C7243CFC,id=ff3b5804-9dce-4653-b2ab-441aded0e089
2022-11-23 12:07:29,088 [ff3b5804-9dce-4653-b2ab-441aded0e089-impl-thread2] INFO  impl.RoleInfo (RoleInfo.java:shutdownLeaderState(93)) - ff3b5804-9dce-4653-b2ab-441aded0e089: shutdown ff3b5804-9dce-4653-b2ab-441aded0e089@group-91B0C7243CFC-LeaderStateImpl
2022-11-23 12:07:29,088 [ff3b5804-9dce-4653-b2ab-441aded0e089-impl-thread2] INFO  impl.PendingRequests (PendingRequests.java:sendNotLeaderResponses(282)) - ff3b5804-9dce-4653-b2ab-441aded0e089@group-91B0C7243CFC-PendingRequests: sendNotLeaderResponses
2022-11-23 12:07:29,088 [ForkJoinPool.commonPool-worker-1] INFO  server.GrpcService (GrpcService.java:closeImpl(279)) - ff3b5804-9dce-4653-b2ab-441aded0e089: shutdown server GrpcServerProtocolService now
2022-11-23 12:07:29,092 [ForkJoinPool.commonPool-worker-1] INFO  server.GrpcServerProtocolClient (GrpcServerProtocolClient.java:close(111)) - a2951e81-4a17-4ada-9fa4-4ea57ab8d3ce Close channels
2022-11-23 12:07:29,094 [ForkJoinPool.commonPool-worker-1] INFO  server.GrpcServerProtocolClient (GrpcServerProtocolClient.java:close(111)) - a9df6cd4-1d83-4941-99f6-6f2d01b82d40 Close channels
2022-11-23 12:07:29,095 [ff3b5804-9dce-4653-b2ab-441aded0e089-impl-thread2] INFO  impl.StateMachineUpdater (StateMachineUpdater.java:stopAndJoin(153)) - ff3b5804-9dce-4653-b2ab-441aded0e089@group-91B0C7243CFC-StateMachineUpdater: set stopIndex = 0
2022-11-23 12:07:29,095 [ff3b5804-9dce-4653-b2ab-441aded0e089-impl-thread3] INFO  server.RaftServer$Division (RaftServerImpl.java:lambda$close$4(458)) - ff3b5804-9dce-4653-b2ab-441aded0e089@group-FA83F32315B5: shutdown
2022-11-23 12:07:29,095 [grpc-default-executor-18] WARN  server.GrpcServerProtocolService (LogUtils.java:warn(122)) - ff3b5804-9dce-4653-b2ab-441aded0e089: installSnapshot onError, lastRequest: null: org.apache.ratis.thirdparty.io.grpc.StatusRuntimeException: CANCELLED: client cancelled
2022-11-23 12:07:29,096 [grpc-default-executor-12] WARN  server.GrpcServerProtocolService (LogUtils.java:warn(122)) - ff3b5804-9dce-4653-b2ab-441aded0e089: installSnapshot onError, lastRequest: 0a01f95b-2968-4236-b6d7-cab75d1b461a->ff3b5804-9dce-4653-b2ab-441aded0e089#1-t1,previous=(t:0, i:0),leaderCommit=0,initializing? true,entries: size=1, first=(t:1, i:0), CONFIGURATIONENTRY(current:id: "ff3b5804-9dce-4653-b2ab-441aded0e089"
address: "10.1.0.13:33005"
clientAddress: "10.1.0.13:33005"
adminAddress: "10.1.0.13:33005"
startupRole: FOLLOWER
,id: "a2951e81-4a17-4ada-9fa4-4ea57ab8d3ce"
address: "10.1.0.13:32929"
clientAddress: "10.1.0.13:32929"
adminAddress: "10.1.0.13:32929"
startupRole: FOLLOWER
,id: "0a01f95b-2968-4236-b6d7-cab75d1b461a"
address: "10.1.0.13:44653"
priority: 1
clientAddress: "10.1.0.13:44653"
adminAddress: "10.1.0.13:44653"
startupRole: FOLLOWER
, old:): org.apache.ratis.thirdparty.io.grpc.StatusRuntimeException: CANCELLED: client cancelled
2022-11-23 12:07:29,096 [grpc-default-executor-10] WARN  server.GrpcLogAppender (LogUtils.java:warn(122)) - 0a01f95b-2968-4236-b6d7-cab75d1b461a@group-FA83F32315B5->ff3b5804-9dce-4653-b2ab-441aded0e089-AppendLogResponseHandler: Failed appendEntries: org.apache.ratis.thirdparty.io.grpc.StatusRuntimeException: CANCELLED: RST_STREAM closed stream. HTTP/2 error code: CANCEL
2022-11-23 12:07:29,096 [grpc-default-executor-10] WARN  server.GrpcLogAppender (GrpcLogAppender.java:resetClient(131)) - 0a01f95b-2968-4236-b6d7-cab75d1b461a@group-FA83F32315B5->ff3b5804-9dce-4653-b2ab-441aded0e089-GrpcLogAppender: Leader has not got in touch with Follower 0a01f95b-2968-4236-b6d7-cab75d1b461a@group-FA83F32315B5->ff3b5804-9dce-4653-b2ab-441aded0e089(c0,m0,n1, attendVote=true, lastRpcSendTime=1238, lastRpcResponseTime=1236) yet, just keep nextIndex unchanged and retry.
2022-11-23 12:07:29,097 [grpc-default-executor-10] WARN  server.GrpcLogAppender (LogUtils.java:warn(122)) - 0a01f95b-2968-4236-b6d7-cab75d1b461a@group-FA83F32315B5->ff3b5804-9dce-4653-b2ab-441aded0e089-AppendLogResponseHandler: Failed appendEntries: org.apache.ratis.thirdparty.io.grpc.StatusRuntimeException: CANCELLED: RST_STREAM closed stream. HTTP/2 error code: CANCEL
2022-11-23 12:07:29,097 [grpc-default-executor-10] WARN  server.GrpcLogAppender (GrpcLogAppender.java:resetClient(131)) - 0a01f95b-2968-4236-b6d7-cab75d1b461a@group-FA83F32315B5->ff3b5804-9dce-4653-b2ab-441aded0e089-GrpcLogAppender: Leader has not got in touch with Follower 0a01f95b-2968-4236-b6d7-cab75d1b461a@group-FA83F32315B5->ff3b5804-9dce-4653-b2ab-441aded0e089(c0,m0,n1, attendVote=true, lastRpcSendTime=1239, lastRpcResponseTime=1237) yet, just keep nextIndex unchanged and retry.
2022-11-23 12:07:29,098 [ForkJoinPool.commonPool-worker-1] INFO  server.GrpcService (GrpcService.java:closeImpl(288)) - ff3b5804-9dce-4653-b2ab-441aded0e089: shutdown server GrpcServerProtocolService successfully
2022-11-23 12:07:29,106 [ff3b5804-9dce-4653-b2ab-441aded0e089-impl-thread3] INFO  util.JmxRegister (JmxRegister.java:unregister(73)) - Successfully un-registered JMX Bean with object name Ratis:service=RaftServer,group=group-FA83F32315B5,id=ff3b5804-9dce-4653-b2ab-441aded0e089
2022-11-23 12:07:29,106 [ff3b5804-9dce-4653-b2ab-441aded0e089-impl-thread3] INFO  impl.RoleInfo (RoleInfo.java:shutdownFollowerState(110)) - ff3b5804-9dce-4653-b2ab-441aded0e089: shutdown ff3b5804-9dce-4653-b2ab-441aded0e089@group-FA83F32315B5-FollowerState
2022-11-23 12:07:29,106 [ff3b5804-9dce-4653-b2ab-441aded0e089@group-91B0C7243CFC-StateMachineUpdater] INFO  ratis.ContainerStateMachine (ContainerStateMachine.java:takeSnapshot(304)) - group-91B0C7243CFC: Taking a snapshot at:(t:1, i:0) file /home/runner/work/ozone/ozone/hadoop-ozone/integration-test/target/test-dir/MiniOzoneClusterImpl-ebe43555-68d4-45be-bb73-f0d85d5884a6/datanode-0/data/ratis/aa3f82b6-4134-4044-871a-91b0c7243cfc/sm/snapshot.1_0
2022-11-23 12:07:29,106 [ff3b5804-9dce-4653-b2ab-441aded0e089@group-FA83F32315B5-FollowerState] INFO  impl.FollowerState (FollowerState.java:run(152)) - ff3b5804-9dce-4653-b2ab-441aded0e089@group-FA83F32315B5-FollowerState was interrupted
2022-11-23 12:07:29,106 [ff3b5804-9dce-4653-b2ab-441aded0e089-impl-thread3] INFO  impl.StateMachineUpdater (StateMachineUpdater.java:stopAndJoin(153)) - ff3b5804-9dce-4653-b2ab-441aded0e089@group-FA83F32315B5-StateMachineUpdater: set stopIndex = 0
2022-11-23 12:07:29,107 [ff3b5804-9dce-4653-b2ab-441aded0e089@group-FA83F32315B5-StateMachineUpdater] INFO  ratis.ContainerStateMachine (ContainerStateMachine.java:takeSnapshot(304)) - group-FA83F32315B5: Taking a snapshot at:(t:1, i:0) file /home/runner/work/ozone/ozone/hadoop-ozone/integration-test/target/test-dir/MiniOzoneClusterImpl-ebe43555-68d4-45be-bb73-f0d85d5884a6/datanode-0/data/ratis/cf32e734-eadc-4240-9880-fa83f32315b5/sm/snapshot.1_0
2022-11-23 12:07:29,107 [ff3b5804-9dce-4653-b2ab-441aded0e089@group-91B0C7243CFC-StateMachineUpdater] INFO  ratis.ContainerStateMachine (ContainerStateMachine.java:takeSnapshot(315)) - group-91B0C7243CFC: Finished taking a snapshot at:(t:1, i:0) file:/home/runner/work/ozone/ozone/hadoop-ozone/integration-test/target/test-dir/MiniOzoneClusterImpl-ebe43555-68d4-45be-bb73-f0d85d5884a6/datanode-0/data/ratis/aa3f82b6-4134-4044-871a-91b0c7243cfc/sm/snapshot.1_0 took: 1 ms
2022-11-23 12:07:29,107 [ff3b5804-9dce-4653-b2ab-441aded0e089@group-91B0C7243CFC-StateMachineUpdater] INFO  impl.StateMachineUpdater (StateMachineUpdater.java:takeSnapshot(287)) - ff3b5804-9dce-4653-b2ab-441aded0e089@group-91B0C7243CFC-StateMachineUpdater: Took a snapshot at index 0
2022-11-23 12:07:29,107 [ff3b5804-9dce-4653-b2ab-441aded0e089@group-91B0C7243CFC-StateMachineUpdater] INFO  impl.StateMachineUpdater (StateMachineUpdater.java:lambda$new$0(92)) - ff3b5804-9dce-4653-b2ab-441aded0e089@group-91B0C7243CFC-StateMachineUpdater: snapshotIndex: updateIncreasingly -1 -> 0
2022-11-23 12:07:29,107 [ff3b5804-9dce-4653-b2ab-441aded0e089@group-FA83F32315B5-StateMachineUpdater] INFO  ratis.ContainerStateMachine (ContainerStateMachine.java:takeSnapshot(315)) - group-FA83F32315B5: Finished taking a snapshot at:(t:1, i:0) file:/home/runner/work/ozone/ozone/hadoop-ozone/integration-test/target/test-dir/MiniOzoneClusterImpl-ebe43555-68d4-45be-bb73-f0d85d5884a6/datanode-0/data/ratis/cf32e734-eadc-4240-9880-fa83f32315b5/sm/snapshot.1_0 took: 1 ms
2022-11-23 12:07:29,108 [ff3b5804-9dce-4653-b2ab-441aded0e089@group-FA83F32315B5-StateMachineUpdater] INFO  impl.StateMachineUpdater (StateMachineUpdater.java:takeSnapshot(287)) - ff3b5804-9dce-4653-b2ab-441aded0e089@group-FA83F32315B5-StateMachineUpdater: Took a snapshot at index 0
2022-11-23 12:07:29,108 [ff3b5804-9dce-4653-b2ab-441aded0e089@group-FA83F32315B5-StateMachineUpdater] INFO  impl.StateMachineUpdater (StateMachineUpdater.java:lambda$new$0(92)) - ff3b5804-9dce-4653-b2ab-441aded0e089@group-FA83F32315B5-StateMachineUpdater: snapshotIndex: updateIncreasingly -1 -> 0
2022-11-23 12:07:29,109 [ff3b5804-9dce-4653-b2ab-441aded0e089-impl-thread2] INFO  server.RaftServer$Division (ServerState.java:close(466)) - ff3b5804-9dce-4653-b2ab-441aded0e089@group-91B0C7243CFC: closes. applyIndex: 0
2022-11-23 12:07:29,109 [ff3b5804-9dce-4653-b2ab-441aded0e089@group-91B0C7243CFC-SegmentedRaftLogWorker] INFO  segmented.SegmentedRaftLogWorker (SegmentedRaftLogWorker.java:run(345)) - ff3b5804-9dce-4653-b2ab-441aded0e089@group-91B0C7243CFC-SegmentedRaftLogWorker was interrupted, exiting. There are 0 tasks remaining in the queue.
2022-11-23 12:07:29,109 [ff3b5804-9dce-4653-b2ab-441aded0e089-impl-thread2] INFO  segmented.SegmentedRaftLogWorker (SegmentedRaftLogWorker.java:close(255)) - ff3b5804-9dce-4653-b2ab-441aded0e089@group-91B0C7243CFC-SegmentedRaftLogWorker close()
2022-11-23 12:07:29,109 [ff3b5804-9dce-4653-b2ab-441aded0e089-impl-thread3] INFO  server.RaftServer$Division (ServerState.java:close(466)) - ff3b5804-9dce-4653-b2ab-441aded0e089@group-FA83F32315B5: closes. applyIndex: 0
2022-11-23 12:07:29,115 [ff3b5804-9dce-4653-b2ab-441aded0e089@group-FA83F32315B5-SegmentedRaftLogWorker] INFO  segmented.SegmentedRaftLogWorker (SegmentedRaftLogWorker.java:run(345)) - ff3b5804-9dce-4653-b2ab-441aded0e089@group-FA83F32315B5-SegmentedRaftLogWorker was interrupted, exiting. There are 0 tasks remaining in the queue.
2022-11-23 12:07:29,115 [ff3b5804-9dce-4653-b2ab-441aded0e089-impl-thread3] INFO  segmented.SegmentedRaftLogWorker (SegmentedRaftLogWorker.java:close(255)) - ff3b5804-9dce-4653-b2ab-441aded0e089@group-FA83F32315B5-SegmentedRaftLogWorker close()
2022-11-23 12:07:29,115 [JvmPauseMonitor34] INFO  util.JvmPauseMonitor (JvmPauseMonitor.java:run(111)) - JvmPauseMonitor-ff3b5804-9dce-4653-b2ab-441aded0e089: Stopped
2022-11-23 12:07:29,134 [grpc-default-executor-10] WARN  server.GrpcLogAppender (LogUtils.java:warn(122)) - 0a01f95b-2968-4236-b6d7-cab75d1b461a@group-FA83F32315B5->a2951e81-4a17-4ada-9fa4-4ea57ab8d3ce-AppendLogResponseHandler: Failed appendEntries: org.apache.ratis.thirdparty.io.grpc.StatusRuntimeException: UNAVAILABLE: io exception
2022-11-23 12:07:29,135 [grpc-default-executor-10] WARN  server.GrpcLogAppender (GrpcLogAppender.java:resetClient(131)) - 0a01f95b-2968-4236-b6d7-cab75d1b461a@group-FA83F32315B5->a2951e81-4a17-4ada-9fa4-4ea57ab8d3ce-GrpcLogAppender: Leader has not got in touch with Follower 0a01f95b-2968-4236-b6d7-cab75d1b461a@group-FA83F32315B5->a2951e81-4a17-4ada-9fa4-4ea57ab8d3ce(c0,m0,n1, attendVote=true, lastRpcSendTime=0, lastRpcResponseTime=3775) yet, just keep nextIndex unchanged and retry.
2022-11-23 12:07:29,135 [grpc-default-executor-19] WARN  server.GrpcLogAppender (LogUtils.java:warn(122)) - 0a01f95b-2968-4236-b6d7-cab75d1b461a@group-FA83F32315B5->a2951e81-4a17-4ada-9fa4-4ea57ab8d3ce-AppendLogResponseHandler: Failed appendEntries: org.apache.ratis.thirdparty.io.grpc.StatusRuntimeException: UNAVAILABLE: io exception
2022-11-23 12:07:29,135 [grpc-default-executor-19] WARN  server.GrpcLogAppender (GrpcLogAppender.java:resetClient(131)) - 0a01f95b-2968-4236-b6d7-cab75d1b461a@group-FA83F32315B5->a2951e81-4a17-4ada-9fa4-4ea57ab8d3ce-GrpcLogAppender: Leader has not got in touch with Follower 0a01f95b-2968-4236-b6d7-cab75d1b461a@group-FA83F32315B5->a2951e81-4a17-4ada-9fa4-4ea57ab8d3ce(c0,m0,n1, attendVote=true, lastRpcSendTime=0, lastRpcResponseTime=3775) yet, just keep nextIndex unchanged and retry.
2022-11-23 12:07:29,263 [EventQueue-StaleNodeForStaleNodeHandler] INFO  node.StaleNodeHandler (StaleNodeHandler.java:onMessage(59)) - Datanode d25935c7-9680-4f09-83cd-d338e09c0605{ip: 10.1.0.13, host: fv-az105-298.wy5h1aom0jgehahef1oyr10hrc.bx.internal.cloudapp.net, ports: [REPLICATION=45607, RATIS=36307, RATIS_ADMIN=36307, RATIS_SERVER=36307, STANDALONE=45843], networkLocation: /default-rack, certSerialId: null, persistedOpState: IN_SERVICE, persistedOpStateExpiryEpochSec: 0} moved to stale state. Finalizing its pipelines [PipelineID=19c4fe3d-b8be-403b-b73f-391d89175f28, PipelineID=3594cfc4-16d2-449e-8932-2babb1334063]
2022-11-23 12:07:29,265 [EventQueue-StaleNodeForStaleNodeHandler] INFO  pipeline.PipelineManagerImpl (PipelineManagerImpl.java:closePipeline(442)) - Pipeline Pipeline[ Id: 19c4fe3d-b8be-403b-b73f-391d89175f28, Nodes: d25935c7-9680-4f09-83cd-d338e09c0605{ip: 10.1.0.13, host: fv-az105-298.wy5h1aom0jgehahef1oyr10hrc.bx.internal.cloudapp.net, ports: [REPLICATION=45607, RATIS=36307, RATIS_ADMIN=36307, RATIS_SERVER=36307, STANDALONE=45843], networkLocation: /default-rack, certSerialId: null, persistedOpState: IN_SERVICE, persistedOpStateExpiryEpochSec: 0}, ReplicationConfig: RATIS/ONE, State:OPEN, leaderId:d25935c7-9680-4f09-83cd-d338e09c0605, CreationTimestamp2022-11-23T12:07:19.657Z[Etc/UTC]] moved to CLOSED state
2022-11-23 12:07:29,270 [EventQueue-StaleNodeForStaleNodeHandler] INFO  pipeline.PipelineManagerImpl (PipelineManagerImpl.java:closeContainersForPipeline(421)) - Container #2 closed for pipeline=PipelineID=3594cfc4-16d2-449e-8932-2babb1334063
2022-11-23 12:07:29,270 [EventQueue-StaleNodeForStaleNodeHandler] INFO  pipeline.PipelineManagerImpl (PipelineManagerImpl.java:closeContainersForPipeline(421)) - Container #3 closed for pipeline=PipelineID=3594cfc4-16d2-449e-8932-2babb1334063
2022-11-23 12:07:29,270 [EventQueue-StaleNodeForStaleNodeHandler] INFO  pipeline.PipelineManagerImpl (PipelineManagerImpl.java:closeContainersForPipeline(421)) - Container #6 closed for pipeline=PipelineID=3594cfc4-16d2-449e-8932-2babb1334063
2022-11-23 12:07:29,270 [EventQueue-CloseContainerForCloseContainerEventHandler] INFO  container.CloseContainerEventHandler (CloseContainerEventHandler.java:onMessage(73)) - Close container Event triggered for container : #2, current state: CLOSING
2022-11-23 12:07:29,271 [EventQueue-StaleNodeForStaleNodeHandler] INFO  pipeline.PipelineManagerImpl (PipelineManagerImpl.java:closePipeline(442)) - Pipeline Pipeline[ Id: 3594cfc4-16d2-449e-8932-2babb1334063, Nodes: 4cf88e88-4098-40f9-846c-84288099b2d2{ip: 10.1.0.13, host: fv-az105-298.wy5h1aom0jgehahef1oyr10hrc.bx.internal.cloudapp.net, ports: [REPLICATION=44791, RATIS=45597, RATIS_ADMIN=45597, RATIS_SERVER=45597, STANDALONE=35773], networkLocation: /default-rack, certSerialId: null, persistedOpState: IN_SERVICE, persistedOpStateExpiryEpochSec: 0}d25935c7-9680-4f09-83cd-d338e09c0605{ip: 10.1.0.13, host: fv-az105-298.wy5h1aom0jgehahef1oyr10hrc.bx.internal.cloudapp.net, ports: [REPLICATION=45607, RATIS=36307, RATIS_ADMIN=36307, RATIS_SERVER=36307, STANDALONE=45843], networkLocation: /default-rack, certSerialId: null, persistedOpState: IN_SERVICE, persistedOpStateExpiryEpochSec: 0}23a93132-5f46-46ff-a00f-e8b8e96ed379{ip: 10.1.0.13, host: fv-az105-298.wy5h1aom0jgehahef1oyr10hrc.bx.internal.cloudapp.net, ports: [REPLICATION=35697, RATIS=39241, RATIS_ADMIN=39241, RATIS_SERVER=39241, STANDALONE=38363], networkLocation: /default-rack, certSerialId: null, persistedOpState: IN_SERVICE, persistedOpStateExpiryEpochSec: 0}, ReplicationConfig: RATIS/THREE, State:OPEN, leaderId:23a93132-5f46-46ff-a00f-e8b8e96ed379, CreationTimestamp2022-11-23T12:07:19.657Z[Etc/UTC]] moved to CLOSED state
2022-11-23 12:07:29,271 [EventQueue-CloseContainerForCloseContainerEventHandler] INFO  container.CloseContainerEventHandler (CloseContainerEventHandler.java:onMessage(73)) - Close container Event triggered for container : #3, current state: CLOSING
2022-11-23 12:07:29,272 [EventQueue-CloseContainerForCloseContainerEventHandler] INFO  container.CloseContainerEventHandler (CloseContainerEventHandler.java:onMessage(73)) - Close container Event triggered for container : #6, current state: CLOSING
2022-11-23 12:07:29,363 [EventQueue-StaleNodeForStaleNodeHandler] INFO  node.StaleNodeHandler (StaleNodeHandler.java:onMessage(59)) - Datanode a2951e81-4a17-4ada-9fa4-4ea57ab8d3ce{ip: 10.1.0.13, host: fv-az105-298.wy5h1aom0jgehahef1oyr10hrc.bx.internal.cloudapp.net, ports: [REPLICATION=41041, RATIS=32929, RATIS_ADMIN=32929, RATIS_SERVER=32929, STANDALONE=38407], networkLocation: /default-rack, certSerialId: null, persistedOpState: IN_SERVICE, persistedOpStateExpiryEpochSec: 0} moved to stale state. Finalizing its pipelines [PipelineID=8c53ada1-f427-4c29-b2f3-822f36fe108e, PipelineID=cf32e734-eadc-4240-9880-fa83f32315b5]
2022-11-23 12:07:29,364 [EventQueue-StaleNodeForStaleNodeHandler] INFO  pipeline.PipelineManagerImpl (PipelineManagerImpl.java:closePipeline(442)) - Pipeline Pipeline[ Id: 8c53ada1-f427-4c29-b2f3-822f36fe108e, Nodes: a2951e81-4a17-4ada-9fa4-4ea57ab8d3ce{ip: 10.1.0.13, host: fv-az105-298.wy5h1aom0jgehahef1oyr10hrc.bx.internal.cloudapp.net, ports: [REPLICATION=41041, RATIS=32929, RATIS_ADMIN=32929, RATIS_SERVER=32929, STANDALONE=38407], networkLocation: /default-rack, certSerialId: null, persistedOpState: IN_SERVICE, persistedOpStateExpiryEpochSec: 0}, ReplicationConfig: RATIS/ONE, State:OPEN, leaderId:a2951e81-4a17-4ada-9fa4-4ea57ab8d3ce, CreationTimestamp2022-11-23T12:07:19.657Z[Etc/UTC]] moved to CLOSED state
2022-11-23 12:07:29,364 [EventQueue-StaleNodeForStaleNodeHandler] INFO  pipeline.PipelineManagerImpl (PipelineManagerImpl.java:closePipeline(442)) - Pipeline Pipeline[ Id: cf32e734-eadc-4240-9880-fa83f32315b5, Nodes: a2951e81-4a17-4ada-9fa4-4ea57ab8d3ce{ip: 10.1.0.13, host: fv-az105-298.wy5h1aom0jgehahef1oyr10hrc.bx.internal.cloudapp.net, ports: [REPLICATION=41041, RATIS=32929, RATIS_ADMIN=32929, RATIS_SERVER=32929, STANDALONE=38407], networkLocation: /default-rack, certSerialId: null, persistedOpState: IN_SERVICE, persistedOpStateExpiryEpochSec: 0}0a01f95b-2968-4236-b6d7-cab75d1b461a{ip: 10.1.0.13, host: fv-az105-298.wy5h1aom0jgehahef1oyr10hrc.bx.internal.cloudapp.net, ports: [REPLICATION=40927, RATIS=44653, RATIS_ADMIN=44653, RATIS_SERVER=44653, STANDALONE=41887], networkLocation: /default-rack, certSerialId: null, persistedOpState: IN_SERVICE, persistedOpStateExpiryEpochSec: 0}ff3b5804-9dce-4653-b2ab-441aded0e089{ip: 10.1.0.13, host: fv-az105-298.wy5h1aom0jgehahef1oyr10hrc.bx.internal.cloudapp.net, ports: [REPLICATION=41023, RATIS=33005, RATIS_ADMIN=33005, RATIS_SERVER=33005, STANDALONE=35545], networkLocation: /default-rack, certSerialId: null, persistedOpState: IN_SERVICE, persistedOpStateExpiryEpochSec: 0}, ReplicationConfig: RATIS/THREE, State:OPEN, leaderId:0a01f95b-2968-4236-b6d7-cab75d1b461a, CreationTimestamp2022-11-23T12:07:19.657Z[Etc/UTC]] moved to CLOSED state
2022-11-23 12:07:29,563 [IPC Server handler 15 on default port 41047] INFO  node.SCMNodeManager (SCMNodeManager.java:updateDatanodeOpState(545)) - Scheduling a command to update the operationalState persisted on 2f53493c-3a9e-4904-8cf8-ac1f6fb0520e{ip: 10.1.0.13, host: fv-az105-298.wy5h1aom0jgehahef1oyr10hrc.bx.internal.cloudapp.net, ports: [REPLICATION=43097, RATIS=43085, RATIS_ADMIN=43085, RATIS_SERVER=43085, STANDALONE=37821], networkLocation: /default-rack, certSerialId: null, persistedOpState: null, persistedOpStateExpiryEpochSec: 0} as the reported value does not match the value stored in SCM (ENTERING_MAINTENANCE, 0)
2022-11-23 12:07:29,563 [IPC Server handler 12 on default port 41047] INFO  node.SCMNodeManager (SCMNodeManager.java:updateDatanodeOpState(545)) - Scheduling a command to update the operationalState persisted on 2770806d-009d-48da-9d50-3d9453a3ad96{ip: 10.1.0.13, host: fv-az105-298.wy5h1aom0jgehahef1oyr10hrc.bx.internal.cloudapp.net, ports: [REPLICATION=42903, RATIS=41085, RATIS_ADMIN=41085, RATIS_SERVER=41085, STANDALONE=41997], networkLocation: /default-rack, certSerialId: null, persistedOpState: null, persistedOpStateExpiryEpochSec: 0} as the reported value does not match the value stored in SCM (ENTERING_MAINTENANCE, 0)
2022-11-23 12:07:29,564 [EventQueue-PipelineReportForPipelineReportHandler] INFO  pipeline.PipelineReportHandler (PipelineReportHandler.java:processPipelineReport(115)) - Reported pipeline PipelineID=25b35b6d-ed93-4299-8bb9-43a09bae3664 is not found
2022-11-23 12:07:29,564 [EventQueue-PipelineReportForPipelineReportHandler] INFO  pipeline.PipelineReportHandler (PipelineReportHandler.java:processPipelineReport(115)) - Reported pipeline PipelineID=2420c22c-1769-48ae-b1be-006ab7b14a94 is not found
2022-11-23 12:07:29,570 [IPC Server handler 6 on default port 41047] INFO  node.SCMNodeManager (SCMNodeManager.java:updateDatanodeOpState(545)) - Scheduling a command to update the operationalState persisted on f22cc5c0-3e38-414a-900c-2421eb232dd6{ip: 10.1.0.13, host: fv-az105-298.wy5h1aom0jgehahef1oyr10hrc.bx.internal.cloudapp.net, ports: [REPLICATION=33553, RATIS=38335, RATIS_ADMIN=38335, RATIS_SERVER=38335, STANDALONE=33109], networkLocation: /default-rack, certSerialId: null, persistedOpState: null, persistedOpStateExpiryEpochSec: 0} as the reported value does not match the value stored in SCM (ENTERING_MAINTENANCE, 0)
2022-11-23 12:07:29,571 [EventQueue-PipelineReportForPipelineReportHandler] INFO  pipeline.PipelineReportHandler (PipelineReportHandler.java:processPipelineReport(115)) - Reported pipeline PipelineID=93d52c61-43d9-4d86-8ce7-648a56829076 is not found
2022-11-23 12:07:29,571 [EventQueue-PipelineReportForPipelineReportHandler] INFO  pipeline.PipelineReportHandler (PipelineReportHandler.java:processPipelineReport(115)) - Reported pipeline PipelineID=2420c22c-1769-48ae-b1be-006ab7b14a94 is not found
2022-11-23 12:07:29,622 [grpc-default-executor-19] WARN  server.GrpcLogAppender (LogUtils.java:warn(122)) - 23a93132-5f46-46ff-a00f-e8b8e96ed379@group-2BABB1334063->d25935c7-9680-4f09-83cd-d338e09c0605-AppendLogResponseHandler: Failed appendEntries: org.apache.ratis.thirdparty.io.grpc.StatusRuntimeException: UNAVAILABLE: io exception
2022-11-23 12:07:29,622 [grpc-default-executor-19] INFO  leader.FollowerInfo (FollowerInfoImpl.java:lambda$new$0(48)) - 23a93132-5f46-46ff-a00f-e8b8e96ed379@group-2BABB1334063->d25935c7-9680-4f09-83cd-d338e09c0605: nextIndex: updateUnconditionally 19 -> 18
2022-11-23 12:07:29,622 [grpc-default-executor-10] WARN  server.GrpcLogAppender (LogUtils.java:warn(122)) - 23a93132-5f46-46ff-a00f-e8b8e96ed379@group-2BABB1334063->d25935c7-9680-4f09-83cd-d338e09c0605-AppendLogResponseHandler: Failed appendEntries: org.apache.ratis.thirdparty.io.grpc.StatusRuntimeException: UNAVAILABLE: io exception
2022-11-23 12:07:29,623 [grpc-default-executor-10] INFO  leader.FollowerInfo (FollowerInfoImpl.java:lambda$new$0(48)) - 23a93132-5f46-46ff-a00f-e8b8e96ed379@group-2BABB1334063->d25935c7-9680-4f09-83cd-d338e09c0605: nextIndex: updateUnconditionally 18 -> 17
2022-11-23 12:07:29,630 [grpc-default-executor-10] WARN  server.GrpcLogAppender (LogUtils.java:warn(122)) - 23a93132-5f46-46ff-a00f-e8b8e96ed379@group-2BABB1334063->4cf88e88-4098-40f9-846c-84288099b2d2-AppendLogResponseHandler: Failed appendEntries: org.apache.ratis.thirdparty.io.grpc.StatusRuntimeException: UNAVAILABLE: io exception
2022-11-23 12:07:29,630 [grpc-default-executor-19] WARN  server.GrpcLogAppender (LogUtils.java:warn(122)) - 23a93132-5f46-46ff-a00f-e8b8e96ed379@group-2BABB1334063->4cf88e88-4098-40f9-846c-84288099b2d2-AppendLogResponseHandler: Failed appendEntries: org.apache.ratis.thirdparty.io.grpc.StatusRuntimeException: UNAVAILABLE: io exception
2022-11-23 12:07:29,631 [grpc-default-executor-10] INFO  leader.FollowerInfo (FollowerInfoImpl.java:lambda$new$0(48)) - 23a93132-5f46-46ff-a00f-e8b8e96ed379@group-2BABB1334063->4cf88e88-4098-40f9-846c-84288099b2d2: nextIndex: updateUnconditionally 25 -> 24
2022-11-23 12:07:29,631 [grpc-default-executor-19] INFO  leader.FollowerInfo (FollowerInfoImpl.java:lambda$new$0(48)) - 23a93132-5f46-46ff-a00f-e8b8e96ed379@group-2BABB1334063->4cf88e88-4098-40f9-846c-84288099b2d2: nextIndex: updateUnconditionally 24 -> 23
2022-11-23 12:07:29,632 [grpc-default-executor-10] WARN  server.GrpcLogAppender (LogUtils.java:warn(122)) - 23a93132-5f46-46ff-a00f-e8b8e96ed379@group-2BABB1334063->d25935c7-9680-4f09-83cd-d338e09c0605-AppendLogResponseHandler: Failed appendEntries: org.apache.ratis.thirdparty.io.grpc.StatusRuntimeException: UNAVAILABLE: io exception
2022-11-23 12:07:29,632 [grpc-default-executor-10] INFO  leader.FollowerInfo (FollowerInfoImpl.java:lambda$new$0(48)) - 23a93132-5f46-46ff-a00f-e8b8e96ed379@group-2BABB1334063->d25935c7-9680-4f09-83cd-d338e09c0605: nextIndex: updateUnconditionally 18 -> 17
2022-11-23 12:07:29,632 [grpc-default-executor-19] WARN  server.GrpcLogAppender (LogUtils.java:warn(122)) - 23a93132-5f46-46ff-a00f-e8b8e96ed379@group-2BABB1334063->d25935c7-9680-4f09-83cd-d338e09c0605-AppendLogResponseHandler: Failed appendEntries: org.apache.ratis.thirdparty.io.grpc.StatusRuntimeException: UNAVAILABLE: io exception
2022-11-23 12:07:29,633 [grpc-default-executor-19] INFO  leader.FollowerInfo (FollowerInfoImpl.java:lambda$new$0(48)) - 23a93132-5f46-46ff-a00f-e8b8e96ed379@group-2BABB1334063->d25935c7-9680-4f09-83cd-d338e09c0605: nextIndex: updateUnconditionally 17 -> 16
2022-11-23 12:07:29,636 [grpc-default-executor-19] WARN  server.GrpcLogAppender (LogUtils.java:warn(122)) - 23a93132-5f46-46ff-a00f-e8b8e96ed379@group-2BABB1334063->4cf88e88-4098-40f9-846c-84288099b2d2-AppendLogResponseHandler: Failed appendEntries: org.apache.ratis.thirdparty.io.grpc.StatusRuntimeException: UNAVAILABLE: io exception
2022-11-23 12:07:29,636 [grpc-default-executor-19] INFO  leader.FollowerInfo (FollowerInfoImpl.java:lambda$new$0(48)) - 23a93132-5f46-46ff-a00f-e8b8e96ed379@group-2BABB1334063->4cf88e88-4098-40f9-846c-84288099b2d2: nextIndex: updateUnconditionally 24 -> 23
2022-11-23 12:07:29,636 [grpc-default-executor-10] WARN  server.GrpcLogAppender (LogUtils.java:warn(122)) - 23a93132-5f46-46ff-a00f-e8b8e96ed379@group-2BABB1334063->4cf88e88-4098-40f9-846c-84288099b2d2-AppendLogResponseHandler: Failed appendEntries: org.apache.ratis.thirdparty.io.grpc.StatusRuntimeException: UNAVAILABLE: io exception
2022-11-23 12:07:29,636 [grpc-default-executor-10] INFO  leader.FollowerInfo (FollowerInfoImpl.java:lambda$new$0(48)) - 23a93132-5f46-46ff-a00f-e8b8e96ed379@group-2BABB1334063->4cf88e88-4098-40f9-846c-84288099b2d2: nextIndex: updateUnconditionally 23 -> 22
2022-11-23 12:07:29,642 [Under Replicated Processor] INFO  replication.UnderReplicatedProcessor (UnderReplicatedProcessor.java:processAll(79)) - Processed 0 under replicated containers, failed processing 0
2022-11-23 12:07:29,642 [Over Replicated Processor] INFO  replication.OverReplicatedProcessor (OverReplicatedProcessor.java:processAll(79)) - Processed 0 over replicated containers, failed processing 0
2022-11-23 12:07:29,643 [ReplicationMonitor] INFO  replication.ReplicationManager (ReplicationManager.java:processAll(355)) - Replication Monitor Thread took 0 milliseconds for processing 0 containers.
2022-11-23 12:07:29,685 [Under Replicated Processor] INFO  replication.UnderReplicatedProcessor (UnderReplicatedProcessor.java:processAll(79)) - Processed 0 under replicated containers, failed processing 0
2022-11-23 12:07:29,730 [ReplicationMonitor] INFO  replication.LegacyReplicationManager (LegacyReplicationManager.java:sendCloseCommand(1511)) - Sending close container command for container #2 to datanode 23a93132-5f46-46ff-a00f-e8b8e96ed379{ip: 10.1.0.13, host: fv-az105-298.wy5h1aom0jgehahef1oyr10hrc.bx.internal.cloudapp.net, ports: [REPLICATION=35697, RATIS=39241, RATIS_ADMIN=39241, RATIS_SERVER=39241, STANDALONE=38363], networkLocation: /default-rack, certSerialId: null, persistedOpState: IN_SERVICE, persistedOpStateExpiryEpochSec: 0}.
2022-11-23 12:07:29,730 [ReplicationMonitor] INFO  replication.LegacyReplicationManager (LegacyReplicationManager.java:sendCloseCommand(1511)) - Sending close container command for container #2 to datanode d25935c7-9680-4f09-83cd-d338e09c0605{ip: 10.1.0.13, host: fv-az105-298.wy5h1aom0jgehahef1oyr10hrc.bx.internal.cloudapp.net, ports: [REPLICATION=45607, RATIS=36307, RATIS_ADMIN=36307, RATIS_SERVER=36307, STANDALONE=45843], networkLocation: /default-rack, certSerialId: null, persistedOpState: IN_SERVICE, persistedOpStateExpiryEpochSec: 0}.
2022-11-23 12:07:29,731 [ReplicationMonitor] INFO  replication.LegacyReplicationManager (LegacyReplicationManager.java:sendCloseCommand(1511)) - Sending close container command for container #2 to datanode 4cf88e88-4098-40f9-846c-84288099b2d2{ip: 10.1.0.13, host: fv-az105-298.wy5h1aom0jgehahef1oyr10hrc.bx.internal.cloudapp.net, ports: [REPLICATION=44791, RATIS=45597, RATIS_ADMIN=45597, RATIS_SERVER=45597, STANDALONE=35773], networkLocation: /default-rack, certSerialId: null, persistedOpState: IN_SERVICE, persistedOpStateExpiryEpochSec: 0}.
2022-11-23 12:07:29,731 [ReplicationMonitor] INFO  replication.LegacyReplicationManager (LegacyReplicationManager.java:sendCloseCommand(1511)) - Sending close container command for container #3 to datanode d25935c7-9680-4f09-83cd-d338e09c0605{ip: 10.1.0.13, host: fv-az105-298.wy5h1aom0jgehahef1oyr10hrc.bx.internal.cloudapp.net, ports: [REPLICATION=45607, RATIS=36307, RATIS_ADMIN=36307, RATIS_SERVER=36307, STANDALONE=45843], networkLocation: /default-rack, certSerialId: null, persistedOpState: IN_SERVICE, persistedOpStateExpiryEpochSec: 0}.
2022-11-23 12:07:29,731 [ReplicationMonitor] INFO  replication.LegacyReplicationManager (LegacyReplicationManager.java:sendCloseCommand(1511)) - Sending close container command for container #3 to datanode 4cf88e88-4098-40f9-846c-84288099b2d2{ip: 10.1.0.13, host: fv-az105-298.wy5h1aom0jgehahef1oyr10hrc.bx.internal.cloudapp.net, ports: [REPLICATION=44791, RATIS=45597, RATIS_ADMIN=45597, RATIS_SERVER=45597, STANDALONE=35773], networkLocation: /default-rack, certSerialId: null, persistedOpState: IN_SERVICE, persistedOpStateExpiryEpochSec: 0}.
2022-11-23 12:07:29,731 [ReplicationMonitor] INFO  replication.LegacyReplicationManager (LegacyReplicationManager.java:sendCloseCommand(1511)) - Sending close container command for container #3 to datanode 23a93132-5f46-46ff-a00f-e8b8e96ed379{ip: 10.1.0.13, host: fv-az105-298.wy5h1aom0jgehahef1oyr10hrc.bx.internal.cloudapp.net, ports: [REPLICATION=35697, RATIS=39241, RATIS_ADMIN=39241, RATIS_SERVER=39241, STANDALONE=38363], networkLocation: /default-rack, certSerialId: null, persistedOpState: IN_SERVICE, persistedOpStateExpiryEpochSec: 0}.
2022-11-23 12:07:29,731 [ReplicationMonitor] INFO  replication.LegacyReplicationManager (LegacyReplicationManager.java:handleUnderReplicatedContainer(1194)) - Container #4 is under replicated. Expected replica count is 3, but found 2.
2022-11-23 12:07:29,731 [ReplicationMonitor] INFO  replication.LegacyReplicationManager (LegacyReplicationManager.java:sendReplicateCommand(1558)) - Sending replicate container command for container #4 to datanode 23a93132-5f46-46ff-a00f-e8b8e96ed379{ip: 10.1.0.13, host: fv-az105-298.wy5h1aom0jgehahef1oyr10hrc.bx.internal.cloudapp.net, ports: [REPLICATION=35697, RATIS=39241, RATIS_ADMIN=39241, RATIS_SERVER=39241, STANDALONE=38363], networkLocation: /default-rack, certSerialId: null, persistedOpState: IN_SERVICE, persistedOpStateExpiryEpochSec: 0} from datanodes [ff3b5804-9dce-4653-b2ab-441aded0e089{ip: 10.1.0.13, host: fv-az105-298.wy5h1aom0jgehahef1oyr10hrc.bx.internal.cloudapp.net, ports: [REPLICATION=41023, RATIS=33005, RATIS_ADMIN=33005, RATIS_SERVER=33005, STANDALONE=35545], networkLocation: /default-rack, certSerialId: null, persistedOpState: IN_SERVICE, persistedOpStateExpiryEpochSec: 0}]
2022-11-23 12:07:29,731 [ReplicationMonitor] INFO  replication.LegacyReplicationManager (LegacyReplicationManager.java:sendCloseCommand(1511)) - Sending close container command for container #6 to datanode 4cf88e88-4098-40f9-846c-84288099b2d2{ip: 10.1.0.13, host: fv-az105-298.wy5h1aom0jgehahef1oyr10hrc.bx.internal.cloudapp.net, ports: [REPLICATION=44791, RATIS=45597, RATIS_ADMIN=45597, RATIS_SERVER=45597, STANDALONE=35773], networkLocation: /default-rack, certSerialId: null, persistedOpState: IN_SERVICE, persistedOpStateExpiryEpochSec: 0}.
2022-11-23 12:07:29,731 [ReplicationMonitor] INFO  replication.LegacyReplicationManager (LegacyReplicationManager.java:sendCloseCommand(1511)) - Sending close container command for container #6 to datanode d25935c7-9680-4f09-83cd-d338e09c0605{ip: 10.1.0.13, host: fv-az105-298.wy5h1aom0jgehahef1oyr10hrc.bx.internal.cloudapp.net, ports: [REPLICATION=45607, RATIS=36307, RATIS_ADMIN=36307, RATIS_SERVER=36307, STANDALONE=45843], networkLocation: /default-rack, certSerialId: null, persistedOpState: IN_SERVICE, persistedOpStateExpiryEpochSec: 0}.
2022-11-23 12:07:29,731 [ReplicationMonitor] INFO  replication.LegacyReplicationManager (LegacyReplicationManager.java:sendCloseCommand(1511)) - Sending close container command for container #6 to datanode 23a93132-5f46-46ff-a00f-e8b8e96ed379{ip: 10.1.0.13, host: fv-az105-298.wy5h1aom0jgehahef1oyr10hrc.bx.internal.cloudapp.net, ports: [REPLICATION=35697, RATIS=39241, RATIS_ADMIN=39241, RATIS_SERVER=39241, STANDALONE=38363], networkLocation: /default-rack, certSerialId: null, persistedOpState: IN_SERVICE, persistedOpStateExpiryEpochSec: 0}.
2022-11-23 12:07:29,731 [ReplicationMonitor] INFO  replication.ReplicationManager (ReplicationManager.java:processAll(355)) - Replication Monitor Thread took 1 milliseconds for processing 6 containers.
2022-11-23 12:07:29,734 [DatanodeAdminManager-0] INFO  node.DatanodeAdminMonitorImpl (DatanodeAdminMonitorImpl.java:run(169)) - There are 3 nodes tracked for decommission and maintenance.  0 pending nodes.
2022-11-23 12:07:29,770 [Over Replicated Processor] INFO  replication.OverReplicatedProcessor (OverReplicatedProcessor.java:processAll(79)) - Processed 0 over replicated containers, failed processing 0
2022-11-23 12:07:30,361 [grpc-default-executor-19] WARN  server.GrpcLogAppender (LogUtils.java:warn(122)) - 0a01f95b-2968-4236-b6d7-cab75d1b461a@group-FA83F32315B5->ff3b5804-9dce-4653-b2ab-441aded0e089-AppendLogResponseHandler: Failed appendEntries: org.apache.ratis.thirdparty.io.grpc.StatusRuntimeException: UNAVAILABLE: io exception
2022-11-23 12:07:30,361 [grpc-default-executor-19] WARN  server.GrpcLogAppender (GrpcLogAppender.java:resetClient(131)) - 0a01f95b-2968-4236-b6d7-cab75d1b461a@group-FA83F32315B5->ff3b5804-9dce-4653-b2ab-441aded0e089-GrpcLogAppender: Leader has not got in touch with Follower 0a01f95b-2968-4236-b6d7-cab75d1b461a@group-FA83F32315B5->ff3b5804-9dce-4653-b2ab-441aded0e089(c0,m0,n1, attendVote=true, lastRpcSendTime=0, lastRpcResponseTime=2501) yet, just keep nextIndex unchanged and retry.
2022-11-23 12:07:30,363 [grpc-default-executor-12] WARN  server.GrpcLogAppender (LogUtils.java:warn(122)) - 0a01f95b-2968-4236-b6d7-cab75d1b461a@group-FA83F32315B5->ff3b5804-9dce-4653-b2ab-441aded0e089-AppendLogResponseHandler: Failed appendEntries: org.apache.ratis.thirdparty.io.grpc.StatusRuntimeException: UNAVAILABLE: io exception
2022-11-23 12:07:30,363 [grpc-default-executor-12] WARN  server.GrpcLogAppender (GrpcLogAppender.java:resetClient(131)) - 0a01f95b-2968-4236-b6d7-cab75d1b461a@group-FA83F32315B5->ff3b5804-9dce-4653-b2ab-441aded0e089-GrpcLogAppender: Leader has not got in touch with Follower 0a01f95b-2968-4236-b6d7-cab75d1b461a@group-FA83F32315B5->ff3b5804-9dce-4653-b2ab-441aded0e089(c0,m0,n1, attendVote=true, lastRpcSendTime=2, lastRpcResponseTime=2503) yet, just keep nextIndex unchanged and retry.
2022-11-23 12:07:30,383 [grpc-default-executor-12] WARN  server.GrpcLogAppender (LogUtils.java:warn(122)) - 23a93132-5f46-46ff-a00f-e8b8e96ed379@group-2BABB1334063->4cf88e88-4098-40f9-846c-84288099b2d2-AppendLogResponseHandler: Failed appendEntries: org.apache.ratis.thirdparty.io.grpc.StatusRuntimeException: UNAVAILABLE: io exception
2022-11-23 12:07:30,384 [grpc-default-executor-12] INFO  leader.FollowerInfo (FollowerInfoImpl.java:lambda$new$0(48)) - 23a93132-5f46-46ff-a00f-e8b8e96ed379@group-2BABB1334063->4cf88e88-4098-40f9-846c-84288099b2d2: nextIndex: updateUnconditionally 23 -> 22
2022-11-23 12:07:30,384 [grpc-default-executor-19] WARN  server.GrpcLogAppender (LogUtils.java:warn(122)) - 23a93132-5f46-46ff-a00f-e8b8e96ed379@group-2BABB1334063->4cf88e88-4098-40f9-846c-84288099b2d2-AppendLogResponseHandler: Failed appendEntries: org.apache.ratis.thirdparty.io.grpc.StatusRuntimeException: UNAVAILABLE: io exception
2022-11-23 12:07:30,384 [grpc-default-executor-19] INFO  leader.FollowerInfo (FollowerInfoImpl.java:lambda$new$0(48)) - 23a93132-5f46-46ff-a00f-e8b8e96ed379@group-2BABB1334063->4cf88e88-4098-40f9-846c-84288099b2d2: nextIndex: updateUnconditionally 22 -> 21
2022-11-23 12:07:30,384 [grpc-default-executor-19] WARN  server.GrpcLogAppender (LogUtils.java:warn(122)) - 23a93132-5f46-46ff-a00f-e8b8e96ed379@group-2BABB1334063->d25935c7-9680-4f09-83cd-d338e09c0605-AppendLogResponseHandler: Failed appendEntries: org.apache.ratis.thirdparty.io.grpc.StatusRuntimeException: UNAVAILABLE: io exception
2022-11-23 12:07:30,385 [grpc-default-executor-19] INFO  leader.FollowerInfo (FollowerInfoImpl.java:lambda$new$0(48)) - 23a93132-5f46-46ff-a00f-e8b8e96ed379@group-2BABB1334063->d25935c7-9680-4f09-83cd-d338e09c0605: nextIndex: updateUnconditionally 17 -> 16
2022-11-23 12:07:30,386 [grpc-default-executor-12] WARN  server.GrpcLogAppender (LogUtils.java:warn(122)) - 23a93132-5f46-46ff-a00f-e8b8e96ed379@group-2BABB1334063->d25935c7-9680-4f09-83cd-d338e09c0605-AppendLogResponseHandler: Failed appendEntries: org.apache.ratis.thirdparty.io.grpc.StatusRuntimeException: UNAVAILABLE: io exception
2022-11-23 12:07:30,386 [grpc-default-executor-12] INFO  leader.FollowerInfo (FollowerInfoImpl.java:lambda$new$0(48)) - 23a93132-5f46-46ff-a00f-e8b8e96ed379@group-2BABB1334063->d25935c7-9680-4f09-83cd-d338e09c0605: nextIndex: updateUnconditionally 16 -> 15
2022-11-23 12:07:30,386 [grpc-default-executor-12] WARN  server.GrpcLogAppender (LogUtils.java:warn(122)) - 0a01f95b-2968-4236-b6d7-cab75d1b461a@group-FA83F32315B5->a2951e81-4a17-4ada-9fa4-4ea57ab8d3ce-AppendLogResponseHandler: Failed appendEntries: org.apache.ratis.thirdparty.io.grpc.StatusRuntimeException: UNAVAILABLE: io exception
2022-11-23 12:07:30,387 [grpc-default-executor-19] WARN  server.GrpcLogAppender (LogUtils.java:warn(122)) - 0a01f95b-2968-4236-b6d7-cab75d1b461a@group-FA83F32315B5->a2951e81-4a17-4ada-9fa4-4ea57ab8d3ce-AppendLogResponseHandler: Failed appendEntries: org.apache.ratis.thirdparty.io.grpc.StatusRuntimeException: UNAVAILABLE: io exception
2022-11-23 12:07:30,387 [grpc-default-executor-12] WARN  server.GrpcLogAppender (GrpcLogAppender.java:resetClient(131)) - 0a01f95b-2968-4236-b6d7-cab75d1b461a@group-FA83F32315B5->a2951e81-4a17-4ada-9fa4-4ea57ab8d3ce-GrpcLogAppender: Leader has not got in touch with Follower 0a01f95b-2968-4236-b6d7-cab75d1b461a@group-FA83F32315B5->a2951e81-4a17-4ada-9fa4-4ea57ab8d3ce(c0,m0,n1, attendVote=true, lastRpcSendTime=1252, lastRpcResponseTime=5027) yet, just keep nextIndex unchanged and retry.
2022-11-23 12:07:30,387 [grpc-default-executor-19] WARN  server.GrpcLogAppender (GrpcLogAppender.java:resetClient(131)) - 0a01f95b-2968-4236-b6d7-cab75d1b461a@group-FA83F32315B5->a2951e81-4a17-4ada-9fa4-4ea57ab8d3ce-GrpcLogAppender: Leader has not got in touch with Follower 0a01f95b-2968-4236-b6d7-cab75d1b461a@group-FA83F32315B5->a2951e81-4a17-4ada-9fa4-4ea57ab8d3ce(c0,m0,n1, attendVote=true, lastRpcSendTime=1252, lastRpcResponseTime=5027) yet, just keep nextIndex unchanged and retry.
2022-11-23 12:07:30,387 [grpc-default-executor-19] WARN  server.GrpcLogAppender (LogUtils.java:warn(122)) - 0a01f95b-2968-4236-b6d7-cab75d1b461a@group-FA83F32315B5->a2951e81-4a17-4ada-9fa4-4ea57ab8d3ce-AppendLogResponseHandler: Failed appendEntries: org.apache.ratis.thirdparty.io.grpc.StatusRuntimeException: UNAVAILABLE: io exception
2022-11-23 12:07:30,387 [grpc-default-executor-12] WARN  server.GrpcLogAppender (LogUtils.java:warn(122)) - 0a01f95b-2968-4236-b6d7-cab75d1b461a@group-FA83F32315B5->a2951e81-4a17-4ada-9fa4-4ea57ab8d3ce-AppendLogResponseHandler: Failed appendEntries: org.apache.ratis.thirdparty.io.grpc.StatusRuntimeException: UNAVAILABLE: io exception
2022-11-23 12:07:30,388 [grpc-default-executor-19] WARN  server.GrpcLogAppender (GrpcLogAppender.java:resetClient(131)) - 0a01f95b-2968-4236-b6d7-cab75d1b461a@group-FA83F32315B5->a2951e81-4a17-4ada-9fa4-4ea57ab8d3ce-GrpcLogAppender: Leader has not got in touch with Follower 0a01f95b-2968-4236-b6d7-cab75d1b461a@group-FA83F32315B5->a2951e81-4a17-4ada-9fa4-4ea57ab8d3ce(c0,m0,n1, attendVote=true, lastRpcSendTime=1253, lastRpcResponseTime=5028) yet, just keep nextIndex unchanged and retry.
2022-11-23 12:07:30,388 [grpc-default-executor-12] WARN  server.GrpcLogAppender (GrpcLogAppender.java:resetClient(131)) - 0a01f95b-2968-4236-b6d7-cab75d1b461a@group-FA83F32315B5->a2951e81-4a17-4ada-9fa4-4ea57ab8d3ce-GrpcLogAppender: Leader has not got in touch with Follower 0a01f95b-2968-4236-b6d7-cab75d1b461a@group-FA83F32315B5->a2951e81-4a17-4ada-9fa4-4ea57ab8d3ce(c0,m0,n1, attendVote=true, lastRpcSendTime=1253, lastRpcResponseTime=5028) yet, just keep nextIndex unchanged and retry.
2022-11-23 12:07:30,389 [grpc-default-executor-12] WARN  server.GrpcLogAppender (LogUtils.java:warn(122)) - 0a01f95b-2968-4236-b6d7-cab75d1b461a@group-FA83F32315B5->a2951e81-4a17-4ada-9fa4-4ea57ab8d3ce-AppendLogResponseHandler: Failed appendEntries: org.apache.ratis.thirdparty.io.grpc.StatusRuntimeException: UNAVAILABLE: io exception
2022-11-23 12:07:30,389 [grpc-default-executor-19] WARN  server.GrpcLogAppender (LogUtils.java:warn(122)) - 0a01f95b-2968-4236-b6d7-cab75d1b461a@group-FA83F32315B5->a2951e81-4a17-4ada-9fa4-4ea57ab8d3ce-AppendLogResponseHandler: Failed appendEntries: org.apache.ratis.thirdparty.io.grpc.StatusRuntimeException: UNAVAILABLE: io exception
2022-11-23 12:07:30,389 [grpc-default-executor-12] WARN  server.GrpcLogAppender (GrpcLogAppender.java:resetClient(131)) - 0a01f95b-2968-4236-b6d7-cab75d1b461a@group-FA83F32315B5->a2951e81-4a17-4ada-9fa4-4ea57ab8d3ce-GrpcLogAppender: Leader has not got in touch with Follower 0a01f95b-2968-4236-b6d7-cab75d1b461a@group-FA83F32315B5->a2951e81-4a17-4ada-9fa4-4ea57ab8d3ce(c0,m0,n1, attendVote=true, lastRpcSendTime=1254, lastRpcResponseTime=5029) yet, just keep nextIndex unchanged and retry.
2022-11-23 12:07:30,389 [grpc-default-executor-19] WARN  server.GrpcLogAppender (GrpcLogAppender.java:resetClient(131)) - 0a01f95b-2968-4236-b6d7-cab75d1b461a@group-FA83F32315B5->a2951e81-4a17-4ada-9fa4-4ea57ab8d3ce-GrpcLogAppender: Leader has not got in touch with Follower 0a01f95b-2968-4236-b6d7-cab75d1b461a@group-FA83F32315B5->a2951e81-4a17-4ada-9fa4-4ea57ab8d3ce(c0,m0,n1, attendVote=true, lastRpcSendTime=1254, lastRpcResponseTime=5029) yet, just keep nextIndex unchanged and retry.
2022-11-23 12:07:30,390 [grpc-default-executor-19] WARN  server.GrpcLogAppender (LogUtils.java:warn(122)) - 0a01f95b-2968-4236-b6d7-cab75d1b461a@group-FA83F32315B5->a2951e81-4a17-4ada-9fa4-4ea57ab8d3ce-AppendLogResponseHandler: Failed appendEntries: org.apache.ratis.thirdparty.io.grpc.StatusRuntimeException: UNAVAILABLE: io exception
2022-11-23 12:07:30,390 [grpc-default-executor-12] WARN  server.GrpcLogAppender (LogUtils.java:warn(122)) - 0a01f95b-2968-4236-b6d7-cab75d1b461a@group-FA83F32315B5->a2951e81-4a17-4ada-9fa4-4ea57ab8d3ce-AppendLogResponseHandler: Failed appendEntries: org.apache.ratis.thirdparty.io.grpc.StatusRuntimeException: UNAVAILABLE: io exception
2022-11-23 12:07:30,390 [grpc-default-executor-19] WARN  server.GrpcLogAppender (GrpcLogAppender.java:resetClient(131)) - 0a01f95b-2968-4236-b6d7-cab75d1b461a@group-FA83F32315B5->a2951e81-4a17-4ada-9fa4-4ea57ab8d3ce-GrpcLogAppender: Leader has not got in touch with Follower 0a01f95b-2968-4236-b6d7-cab75d1b461a@group-FA83F32315B5->a2951e81-4a17-4ada-9fa4-4ea57ab8d3ce(c0,m0,n1, attendVote=true, lastRpcSendTime=1255, lastRpcResponseTime=5030) yet, just keep nextIndex unchanged and retry.
2022-11-23 12:07:30,391 [grpc-default-executor-12] WARN  server.GrpcLogAppender (GrpcLogAppender.java:resetClient(131)) - 0a01f95b-2968-4236-b6d7-cab75d1b461a@group-FA83F32315B5->a2951e81-4a17-4ada-9fa4-4ea57ab8d3ce-GrpcLogAppender: Leader has not got in touch with Follower 0a01f95b-2968-4236-b6d7-cab75d1b461a@group-FA83F32315B5->a2951e81-4a17-4ada-9fa4-4ea57ab8d3ce(c0,m0,n1, attendVote=true, lastRpcSendTime=1256, lastRpcResponseTime=5031) yet, just keep nextIndex unchanged and retry.
2022-11-23 12:07:30,393 [grpc-default-executor-12] WARN  server.GrpcLogAppender (LogUtils.java:warn(122)) - 0a01f95b-2968-4236-b6d7-cab75d1b461a@group-FA83F32315B5->a2951e81-4a17-4ada-9fa4-4ea57ab8d3ce-AppendLogResponseHandler: Failed appendEntries: org.apache.ratis.thirdparty.io.grpc.StatusRuntimeException: UNAVAILABLE: io exception
2022-11-23 12:07:30,394 [grpc-default-executor-19] WARN  server.GrpcLogAppender (LogUtils.java:warn(122)) - 0a01f95b-2968-4236-b6d7-cab75d1b461a@group-FA83F32315B5->a2951e81-4a17-4ada-9fa4-4ea57ab8d3ce-AppendLogResponseHandler: Failed appendEntries: org.apache.ratis.thirdparty.io.grpc.StatusRuntimeException: UNAVAILABLE: io exception
2022-11-23 12:07:30,394 [grpc-default-executor-12] WARN  server.GrpcLogAppender (GrpcLogAppender.java:resetClient(131)) - 0a01f95b-2968-4236-b6d7-cab75d1b461a@group-FA83F32315B5->a2951e81-4a17-4ada-9fa4-4ea57ab8d3ce-GrpcLogAppender: Leader has not got in touch with Follower 0a01f95b-2968-4236-b6d7-cab75d1b461a@group-FA83F32315B5->a2951e81-4a17-4ada-9fa4-4ea57ab8d3ce(c0,m0,n1, attendVote=true, lastRpcSendTime=1259, lastRpcResponseTime=5034) yet, just keep nextIndex unchanged and retry.
2022-11-23 12:07:30,395 [grpc-default-executor-19] WARN  server.GrpcLogAppender (GrpcLogAppender.java:resetClient(131)) - 0a01f95b-2968-4236-b6d7-cab75d1b461a@group-FA83F32315B5->a2951e81-4a17-4ada-9fa4-4ea57ab8d3ce-GrpcLogAppender: Leader has not got in touch with Follower 0a01f95b-2968-4236-b6d7-cab75d1b461a@group-FA83F32315B5->a2951e81-4a17-4ada-9fa4-4ea57ab8d3ce(c0,m0,n1, attendVote=true, lastRpcSendTime=1260, lastRpcResponseTime=5035) yet, just keep nextIndex unchanged and retry.
2022-11-23 12:07:30,395 [grpc-default-executor-19] WARN  server.GrpcLogAppender (LogUtils.java:warn(122)) - 0a01f95b-2968-4236-b6d7-cab75d1b461a@group-FA83F32315B5->a2951e81-4a17-4ada-9fa4-4ea57ab8d3ce-AppendLogResponseHandler: Failed appendEntries: org.apache.ratis.thirdparty.io.grpc.StatusRuntimeException: UNAVAILABLE: io exception
2022-11-23 12:07:30,395 [grpc-default-executor-12] WARN  server.GrpcLogAppender (LogUtils.java:warn(122)) - 0a01f95b-2968-4236-b6d7-cab75d1b461a@group-FA83F32315B5->a2951e81-4a17-4ada-9fa4-4ea57ab8d3ce-AppendLogResponseHandler: Failed appendEntries: org.apache.ratis.thirdparty.io.grpc.StatusRuntimeException: UNAVAILABLE: io exception
2022-11-23 12:07:30,396 [grpc-default-executor-19] WARN  server.GrpcLogAppender (GrpcLogAppender.java:resetClient(131)) - 0a01f95b-2968-4236-b6d7-cab75d1b461a@group-FA83F32315B5->a2951e81-4a17-4ada-9fa4-4ea57ab8d3ce-GrpcLogAppender: Leader has not got in touch with Follower 0a01f95b-2968-4236-b6d7-cab75d1b461a@group-FA83F32315B5->a2951e81-4a17-4ada-9fa4-4ea57ab8d3ce(c0,m0,n1, attendVote=true, lastRpcSendTime=1261, lastRpcResponseTime=5036) yet, just keep nextIndex unchanged and retry.
2022-11-23 12:07:30,397 [grpc-default-executor-12] WARN  server.GrpcLogAppender (GrpcLogAppender.java:resetClient(131)) - 0a01f95b-2968-4236-b6d7-cab75d1b461a@group-FA83F32315B5->a2951e81-4a17-4ada-9fa4-4ea57ab8d3ce-GrpcLogAppender: Leader has not got in touch with Follower 0a01f95b-2968-4236-b6d7-cab75d1b461a@group-FA83F32315B5->a2951e81-4a17-4ada-9fa4-4ea57ab8d3ce(c0,m0,n1, attendVote=true, lastRpcSendTime=1262, lastRpcResponseTime=5037) yet, just keep nextIndex unchanged and retry.
2022-11-23 12:07:30,399 [grpc-default-executor-12] WARN  server.GrpcLogAppender (LogUtils.java:warn(122)) - 0a01f95b-2968-4236-b6d7-cab75d1b461a@group-FA83F32315B5->a2951e81-4a17-4ada-9fa4-4ea57ab8d3ce-AppendLogResponseHandler: Failed appendEntries: org.apache.ratis.thirdparty.io.grpc.StatusRuntimeException: UNAVAILABLE: io exception
2022-11-23 12:07:30,399 [grpc-default-executor-12] WARN  server.GrpcLogAppender (GrpcLogAppender.java:resetClient(131)) - 0a01f95b-2968-4236-b6d7-cab75d1b461a@group-FA83F32315B5->a2951e81-4a17-4ada-9fa4-4ea57ab8d3ce-GrpcLogAppender: Leader has not got in touch with Follower 0a01f95b-2968-4236-b6d7-cab75d1b461a@group-FA83F32315B5->a2951e81-4a17-4ada-9fa4-4ea57ab8d3ce(c0,m0,n1, attendVote=true, lastRpcSendTime=1264, lastRpcResponseTime=5039) yet, just keep nextIndex unchanged and retry.
2022-11-23 12:07:30,402 [grpc-default-executor-10] WARN  server.GrpcLogAppender (LogUtils.java:warn(122)) - 0a01f95b-2968-4236-b6d7-cab75d1b461a@group-FA83F32315B5->a2951e81-4a17-4ada-9fa4-4ea57ab8d3ce-AppendLogResponseHandler: Failed appendEntries: org.apache.ratis.thirdparty.io.grpc.StatusRuntimeException: UNAVAILABLE: io exception
2022-11-23 12:07:30,403 [grpc-default-executor-10] WARN  server.GrpcLogAppender (GrpcLogAppender.java:resetClient(131)) - 0a01f95b-2968-4236-b6d7-cab75d1b461a@group-FA83F32315B5->a2951e81-4a17-4ada-9fa4-4ea57ab8d3ce-GrpcLogAppender: Leader has not got in touch with Follower 0a01f95b-2968-4236-b6d7-cab75d1b461a@group-FA83F32315B5->a2951e81-4a17-4ada-9fa4-4ea57ab8d3ce(c0,m0,n1, attendVote=true, lastRpcSendTime=3, lastRpcResponseTime=5043) yet, just keep nextIndex unchanged and retry.
2022-11-23 12:07:30,403 [grpc-default-executor-10] WARN  server.GrpcLogAppender (LogUtils.java:warn(122)) - 0a01f95b-2968-4236-b6d7-cab75d1b461a@group-FA83F32315B5->a2951e81-4a17-4ada-9fa4-4ea57ab8d3ce-AppendLogResponseHandler: Failed appendEntries: org.apache.ratis.thirdparty.io.grpc.StatusRuntimeException: UNAVAILABLE: io exception
2022-11-23 12:07:30,403 [grpc-default-executor-10] WARN  server.GrpcLogAppender (GrpcLogAppender.java:resetClient(131)) - 0a01f95b-2968-4236-b6d7-cab75d1b461a@group-FA83F32315B5->a2951e81-4a17-4ada-9fa4-4ea57ab8d3ce-GrpcLogAppender: Leader has not got in touch with Follower 0a01f95b-2968-4236-b6d7-cab75d1b461a@group-FA83F32315B5->a2951e81-4a17-4ada-9fa4-4ea57ab8d3ce(c0,m0,n1, attendVote=true, lastRpcSendTime=4, lastRpcResponseTime=5043) yet, just keep nextIndex unchanged and retry.
2022-11-23 12:07:30,403 [grpc-default-executor-19] WARN  server.GrpcLogAppender (LogUtils.java:warn(122)) - 0a01f95b-2968-4236-b6d7-cab75d1b461a@group-FA83F32315B5->a2951e81-4a17-4ada-9fa4-4ea57ab8d3ce-AppendLogResponseHandler: Failed appendEntries: org.apache.ratis.thirdparty.io.grpc.StatusRuntimeException: UNAVAILABLE: io exception
2022-11-23 12:07:30,404 [grpc-default-executor-19] WARN  server.GrpcLogAppender (GrpcLogAppender.java:resetClient(131)) - 0a01f95b-2968-4236-b6d7-cab75d1b461a@group-FA83F32315B5->a2951e81-4a17-4ada-9fa4-4ea57ab8d3ce-GrpcLogAppender: Leader has not got in touch with Follower 0a01f95b-2968-4236-b6d7-cab75d1b461a@group-FA83F32315B5->a2951e81-4a17-4ada-9fa4-4ea57ab8d3ce(c0,m0,n1, attendVote=true, lastRpcSendTime=4, lastRpcResponseTime=5044) yet, just keep nextIndex unchanged and retry.
2022-11-23 12:07:30,563 [EventQueue-PipelineReportForPipelineReportHandler] INFO  pipeline.PipelineReportHandler (PipelineReportHandler.java:processPipelineReport(115)) - Reported pipeline PipelineID=79ff931f-1793-4afe-96ac-07f9d19a5ae7 is not found
2022-11-23 12:07:30,563 [EventQueue-PipelineReportForPipelineReportHandler] INFO  pipeline.PipelineReportHandler (PipelineReportHandler.java:processPipelineReport(115)) - Reported pipeline PipelineID=2420c22c-1769-48ae-b1be-006ab7b14a94 is not found
2022-11-23 12:07:30,642 [Under Replicated Processor] INFO  replication.UnderReplicatedProcessor (UnderReplicatedProcessor.java:processAll(79)) - Processed 0 under replicated containers, failed processing 0
2022-11-23 12:07:30,642 [Over Replicated Processor] INFO  replication.OverReplicatedProcessor (OverReplicatedProcessor.java:processAll(79)) - Processed 0 over replicated containers, failed processing 0
2022-11-23 12:07:30,643 [ReplicationMonitor] INFO  replication.ReplicationManager (ReplicationManager.java:processAll(355)) - Replication Monitor Thread took 0 milliseconds for processing 0 containers.
2022-11-23 12:07:30,686 [Under Replicated Processor] INFO  replication.UnderReplicatedProcessor (UnderReplicatedProcessor.java:processAll(79)) - Processed 0 under replicated containers, failed processing 0
2022-11-23 12:07:30,702 [DatanodeAdminManager-0] INFO  node.DatanodeAdminMonitorImpl (DatanodeAdminMonitorImpl.java:checkContainersReplicatedOnNode(356)) - Under Replicated Container #6 Container State: CLOSING Replica Count: 3 Healthy Count: 0 Decommission Count: 0 Maintenance Count: 3 inFlightAdd Count: 0 inFightDel Count: 0 ReplicationFactor: 3 minMaintenance Count: 2; Replicas{ContainerReplica{containerID=#6, state=OPEN, datanodeDetails=2f53493c-3a9e-4904-8cf8-ac1f6fb0520e{ip: 10.1.0.13, host: fv-az105-298.wy5h1aom0jgehahef1oyr10hrc.bx.internal.cloudapp.net, ports: [REPLICATION=43097, RATIS=43085, RATIS_ADMIN=43085, RATIS_SERVER=43085, STANDALONE=37821], networkLocation: /default-rack, certSerialId: null, persistedOpState: ENTERING_MAINTENANCE, persistedOpStateExpiryEpochSec: 0}, placeOfBirth=2f53493c-3a9e-4904-8cf8-ac1f6fb0520e, sequenceId=33, keyCount=3, bytesUsed=57},ContainerReplica{containerID=#6, state=OPEN, datanodeDetails=f22cc5c0-3e38-414a-900c-2421eb232dd6{ip: 10.1.0.13, host: fv-az105-298.wy5h1aom0jgehahef1oyr10hrc.bx.internal.cloudapp.net, ports: [REPLICATION=33553, RATIS=38335, RATIS_ADMIN=38335, RATIS_SERVER=38335, STANDALONE=33109], networkLocation: /default-rack, certSerialId: null, persistedOpState: ENTERING_MAINTENANCE, persistedOpStateExpiryEpochSec: 0}, placeOfBirth=f22cc5c0-3e38-414a-900c-2421eb232dd6, sequenceId=33, keyCount=3, bytesUsed=57},ContainerReplica{containerID=#6, state=OPEN, datanodeDetails=2770806d-009d-48da-9d50-3d9453a3ad96{ip: 10.1.0.13, host: fv-az105-298.wy5h1aom0jgehahef1oyr10hrc.bx.internal.cloudapp.net, ports: [REPLICATION=42903, RATIS=41085, RATIS_ADMIN=41085, RATIS_SERVER=41085, STANDALONE=41997], networkLocation: /default-rack, certSerialId: null, persistedOpState: ENTERING_MAINTENANCE, persistedOpStateExpiryEpochSec: 0}, placeOfBirth=2770806d-009d-48da-9d50-3d9453a3ad96, sequenceId=33, keyCount=3, bytesUsed=57}}
2022-11-23 12:07:30,702 [DatanodeAdminManager-0] INFO  node.DatanodeAdminMonitorImpl (DatanodeAdminMonitorImpl.java:checkContainersReplicatedOnNode(367)) - Unhealthy Container #6 Container State: CLOSING Replica Count: 3 Healthy Count: 0 Decommission Count: 0 Maintenance Count: 3 inFlightAdd Count: 0 inFightDel Count: 0 ReplicationFactor: 3 minMaintenance Count: 2; Replicas{ContainerReplica{containerID=#6, state=OPEN, datanodeDetails=2f53493c-3a9e-4904-8cf8-ac1f6fb0520e{ip: 10.1.0.13, host: fv-az105-298.wy5h1aom0jgehahef1oyr10hrc.bx.internal.cloudapp.net, ports: [REPLICATION=43097, RATIS=43085, RATIS_ADMIN=43085, RATIS_SERVER=43085, STANDALONE=37821], networkLocation: /default-rack, certSerialId: null, persistedOpState: ENTERING_MAINTENANCE, persistedOpStateExpiryEpochSec: 0}, placeOfBirth=2f53493c-3a9e-4904-8cf8-ac1f6fb0520e, sequenceId=33, keyCount=3, bytesUsed=57},ContainerReplica{containerID=#6, state=OPEN, datanodeDetails=f22cc5c0-3e38-414a-900c-2421eb232dd6{ip: 10.1.0.13, host: fv-az105-298.wy5h1aom0jgehahef1oyr10hrc.bx.internal.cloudapp.net, ports: [REPLICATION=33553, RATIS=38335, RATIS_ADMIN=38335, RATIS_SERVER=38335, STANDALONE=33109], networkLocation: /default-rack, certSerialId: null, persistedOpState: ENTERING_MAINTENANCE, persistedOpStateExpiryEpochSec: 0}, placeOfBirth=f22cc5c0-3e38-414a-900c-2421eb232dd6, sequenceId=33, keyCount=3, bytesUsed=57},ContainerReplica{containerID=#6, state=OPEN, datanodeDetails=2770806d-009d-48da-9d50-3d9453a3ad96{ip: 10.1.0.13, host: fv-az105-298.wy5h1aom0jgehahef1oyr10hrc.bx.internal.cloudapp.net, ports: [REPLICATION=42903, RATIS=41085, RATIS_ADMIN=41085, RATIS_SERVER=41085, STANDALONE=41997], networkLocation: /default-rack, certSerialId: null, persistedOpState: ENTERING_MAINTENANCE, persistedOpStateExpiryEpochSec: 0}, placeOfBirth=2770806d-009d-48da-9d50-3d9453a3ad96, sequenceId=33, keyCount=3, bytesUsed=57}}
2022-11-23 12:07:30,702 [DatanodeAdminManager-0] INFO  node.DatanodeAdminMonitorImpl (DatanodeAdminMonitorImpl.java:checkContainersReplicatedOnNode(356)) - Under Replicated Container #1 Container State: CLOSING Replica Count: 3 Healthy Count: 0 Decommission Count: 0 Maintenance Count: 3 inFlightAdd Count: 0 inFightDel Count: 0 ReplicationFactor: 3 minMaintenance Count: 2; Replicas{ContainerReplica{containerID=#1, state=OPEN, datanodeDetails=2770806d-009d-48da-9d50-3d9453a3ad96{ip: 10.1.0.13, host: fv-az105-298.wy5h1aom0jgehahef1oyr10hrc.bx.internal.cloudapp.net, ports: [REPLICATION=42903, RATIS=41085, RATIS_ADMIN=41085, RATIS_SERVER=41085, STANDALONE=41997], networkLocation: /default-rack, certSerialId: null, persistedOpState: ENTERING_MAINTENANCE, persistedOpStateExpiryEpochSec: 0}, placeOfBirth=2770806d-009d-48da-9d50-3d9453a3ad96, sequenceId=37, keyCount=4, bytesUsed=76},ContainerReplica{containerID=#1, state=OPEN, datanodeDetails=2f53493c-3a9e-4904-8cf8-ac1f6fb0520e{ip: 10.1.0.13, host: fv-az105-298.wy5h1aom0jgehahef1oyr10hrc.bx.internal.cloudapp.net, ports: [REPLICATION=43097, RATIS=43085, RATIS_ADMIN=43085, RATIS_SERVER=43085, STANDALONE=37821], networkLocation: /default-rack, certSerialId: null, persistedOpState: ENTERING_MAINTENANCE, persistedOpStateExpiryEpochSec: 0}, placeOfBirth=2f53493c-3a9e-4904-8cf8-ac1f6fb0520e, sequenceId=37, keyCount=4, bytesUsed=76},ContainerReplica{containerID=#1, state=OPEN, datanodeDetails=f22cc5c0-3e38-414a-900c-2421eb232dd6{ip: 10.1.0.13, host: fv-az105-298.wy5h1aom0jgehahef1oyr10hrc.bx.internal.cloudapp.net, ports: [REPLICATION=33553, RATIS=38335, RATIS_ADMIN=38335, RATIS_SERVER=38335, STANDALONE=33109], networkLocation: /default-rack, certSerialId: null, persistedOpState: ENTERING_MAINTENANCE, persistedOpStateExpiryEpochSec: 0}, placeOfBirth=f22cc5c0-3e38-414a-900c-2421eb232dd6, sequenceId=37, keyCount=4, bytesUsed=76}}
2022-11-23 12:07:30,702 [DatanodeAdminManager-0] INFO  node.DatanodeAdminMonitorImpl (DatanodeAdminMonitorImpl.java:checkContainersReplicatedOnNode(367)) - Unhealthy Container #1 Container State: CLOSING Replica Count: 3 Healthy Count: 0 Decommission Count: 0 Maintenance Count: 3 inFlightAdd Count: 0 inFightDel Count: 0 ReplicationFactor: 3 minMaintenance Count: 2; Replicas{ContainerReplica{containerID=#1, state=OPEN, datanodeDetails=2770806d-009d-48da-9d50-3d9453a3ad96{ip: 10.1.0.13, host: fv-az105-298.wy5h1aom0jgehahef1oyr10hrc.bx.internal.cloudapp.net, ports: [REPLICATION=42903, RATIS=41085, RATIS_ADMIN=41085, RATIS_SERVER=41085, STANDALONE=41997], networkLocation: /default-rack, certSerialId: null, persistedOpState: ENTERING_MAINTENANCE, persistedOpStateExpiryEpochSec: 0}, placeOfBirth=2770806d-009d-48da-9d50-3d9453a3ad96, sequenceId=37, keyCount=4, bytesUsed=76},ContainerReplica{containerID=#1, state=OPEN, datanodeDetails=2f53493c-3a9e-4904-8cf8-ac1f6fb0520e{ip: 10.1.0.13, host: fv-az105-298.wy5h1aom0jgehahef1oyr10hrc.bx.internal.cloudapp.net, ports: [REPLICATION=43097, RATIS=43085, RATIS_ADMIN=43085, RATIS_SERVER=43085, STANDALONE=37821], networkLocation: /default-rack, certSerialId: null, persistedOpState: ENTERING_MAINTENANCE, persistedOpStateExpiryEpochSec: 0}, placeOfBirth=2f53493c-3a9e-4904-8cf8-ac1f6fb0520e, sequenceId=37, keyCount=4, bytesUsed=76},ContainerReplica{containerID=#1, state=OPEN, datanodeDetails=f22cc5c0-3e38-414a-900c-2421eb232dd6{ip: 10.1.0.13, host: fv-az105-298.wy5h1aom0jgehahef1oyr10hrc.bx.internal.cloudapp.net, ports: [REPLICATION=33553, RATIS=38335, RATIS_ADMIN=38335, RATIS_SERVER=38335, STANDALONE=33109], networkLocation: /default-rack, certSerialId: null, persistedOpState: ENTERING_MAINTENANCE, persistedOpStateExpiryEpochSec: 0}, placeOfBirth=f22cc5c0-3e38-414a-900c-2421eb232dd6, sequenceId=37, keyCount=4, bytesUsed=76}}
2022-11-23 12:07:30,702 [DatanodeAdminManager-0] INFO  node.DatanodeAdminMonitorImpl (DatanodeAdminMonitorImpl.java:checkContainersReplicatedOnNode(356)) - Under Replicated Container #3 Container State: CLOSING Replica Count: 3 Healthy Count: 0 Decommission Count: 0 Maintenance Count: 3 inFlightAdd Count: 0 inFightDel Count: 0 ReplicationFactor: 3 minMaintenance Count: 2; Replicas{ContainerReplica{containerID=#3, state=OPEN, datanodeDetails=2770806d-009d-48da-9d50-3d9453a3ad96{ip: 10.1.0.13, host: fv-az105-298.wy5h1aom0jgehahef1oyr10hrc.bx.internal.cloudapp.net, ports: [REPLICATION=42903, RATIS=41085, RATIS_ADMIN=41085, RATIS_SERVER=41085, STANDALONE=41997], networkLocation: /default-rack, certSerialId: null, persistedOpState: ENTERING_MAINTENANCE, persistedOpStateExpiryEpochSec: 0}, placeOfBirth=2770806d-009d-48da-9d50-3d9453a3ad96, sequenceId=30, keyCount=3, bytesUsed=57},ContainerReplica{containerID=#3, state=OPEN, datanodeDetails=2f53493c-3a9e-4904-8cf8-ac1f6fb0520e{ip: 10.1.0.13, host: fv-az105-298.wy5h1aom0jgehahef1oyr10hrc.bx.internal.cloudapp.net, ports: [REPLICATION=43097, RATIS=43085, RATIS_ADMIN=43085, RATIS_SERVER=43085, STANDALONE=37821], networkLocation: /default-rack, certSerialId: null, persistedOpState: ENTERING_MAINTENANCE, persistedOpStateExpiryEpochSec: 0}, placeOfBirth=2f53493c-3a9e-4904-8cf8-ac1f6fb0520e, sequenceId=30, keyCount=3, bytesUsed=57},ContainerReplica{containerID=#3, state=OPEN, datanodeDetails=f22cc5c0-3e38-414a-900c-2421eb232dd6{ip: 10.1.0.13, host: fv-az105-298.wy5h1aom0jgehahef1oyr10hrc.bx.internal.cloudapp.net, ports: [REPLICATION=33553, RATIS=38335, RATIS_ADMIN=38335, RATIS_SERVER=38335, STANDALONE=33109], networkLocation: /default-rack, certSerialId: null, persistedOpState: ENTERING_MAINTENANCE, persistedOpStateExpiryEpochSec: 0}, placeOfBirth=f22cc5c0-3e38-414a-900c-2421eb232dd6, sequenceId=30, keyCount=3, bytesUsed=57}}
2022-11-23 12:07:30,703 [DatanodeAdminManager-0] INFO  node.DatanodeAdminMonitorImpl (DatanodeAdminMonitorImpl.java:checkContainersReplicatedOnNode(367)) - Unhealthy Container #3 Container State: CLOSING Replica Count: 3 Healthy Count: 0 Decommission Count: 0 Maintenance Count: 3 inFlightAdd Count: 0 inFightDel Count: 0 ReplicationFactor: 3 minMaintenance Count: 2; Replicas{ContainerReplica{containerID=#3, state=OPEN, datanodeDetails=2770806d-009d-48da-9d50-3d9453a3ad96{ip: 10.1.0.13, host: fv-az105-298.wy5h1aom0jgehahef1oyr10hrc.bx.internal.cloudapp.net, ports: [REPLICATION=42903, RATIS=41085, RATIS_ADMIN=41085, RATIS_SERVER=41085, STANDALONE=41997], networkLocation: /default-rack, certSerialId: null, persistedOpState: ENTERING_MAINTENANCE, persistedOpStateExpiryEpochSec: 0}, placeOfBirth=2770806d-009d-48da-9d50-3d9453a3ad96, sequenceId=30, keyCount=3, bytesUsed=57},ContainerReplica{containerID=#3, state=OPEN, datanodeDetails=2f53493c-3a9e-4904-8cf8-ac1f6fb0520e{ip: 10.1.0.13, host: fv-az105-298.wy5h1aom0jgehahef1oyr10hrc.bx.internal.cloudapp.net, ports: [REPLICATION=43097, RATIS=43085, RATIS_ADMIN=43085, RATIS_SERVER=43085, STANDALONE=37821], networkLocation: /default-rack, certSerialId: null, persistedOpState: ENTERING_MAINTENANCE, persistedOpStateExpiryEpochSec: 0}, placeOfBirth=2f53493c-3a9e-4904-8cf8-ac1f6fb0520e, sequenceId=30, keyCount=3, bytesUsed=57},ContainerReplica{containerID=#3, state=OPEN, datanodeDetails=f22cc5c0-3e38-414a-900c-2421eb232dd6{ip: 10.1.0.13, host: fv-az105-298.wy5h1aom0jgehahef1oyr10hrc.bx.internal.cloudapp.net, ports: [REPLICATION=33553, RATIS=38335, RATIS_ADMIN=38335, RATIS_SERVER=38335, STANDALONE=33109], networkLocation: /default-rack, certSerialId: null, persistedOpState: ENTERING_MAINTENANCE, persistedOpStateExpiryEpochSec: 0}, placeOfBirth=f22cc5c0-3e38-414a-900c-2421eb232dd6, sequenceId=30, keyCount=3, bytesUsed=57}}
2022-11-23 12:07:30,703 [DatanodeAdminManager-0] INFO  node.DatanodeAdminMonitorImpl (DatanodeAdminMonitorImpl.java:checkContainersReplicatedOnNode(377)) - f22cc5c0-3e38-414a-900c-2421eb232dd6{ip: 10.1.0.13, host: fv-az105-298.wy5h1aom0jgehahef1oyr10hrc.bx.internal.cloudapp.net, ports: [REPLICATION=33553, RATIS=38335, RATIS_ADMIN=38335, RATIS_SERVER=38335, STANDALONE=33109], networkLocation: /default-rack, certSerialId: null, persistedOpState: ENTERING_MAINTENANCE, persistedOpStateExpiryEpochSec: 0} has 0 sufficientlyReplicated, 3 underReplicated and 3 unhealthy containers
2022-11-23 12:07:30,703 [DatanodeAdminManager-0] INFO  node.DatanodeAdminMonitorImpl (DatanodeAdminMonitorImpl.java:checkContainersReplicatedOnNode(356)) - Under Replicated Container #6 Container State: CLOSING Replica Count: 3 Healthy Count: 0 Decommission Count: 0 Maintenance Count: 3 inFlightAdd Count: 0 inFightDel Count: 0 ReplicationFactor: 3 minMaintenance Count: 2; Replicas{ContainerReplica{containerID=#6, state=OPEN, datanodeDetails=2f53493c-3a9e-4904-8cf8-ac1f6fb0520e{ip: 10.1.0.13, host: fv-az105-298.wy5h1aom0jgehahef1oyr10hrc.bx.internal.cloudapp.net, ports: [REPLICATION=43097, RATIS=43085, RATIS_ADMIN=43085, RATIS_SERVER=43085, STANDALONE=37821], networkLocation: /default-rack, certSerialId: null, persistedOpState: ENTERING_MAINTENANCE, persistedOpStateExpiryEpochSec: 0}, placeOfBirth=2f53493c-3a9e-4904-8cf8-ac1f6fb0520e, sequenceId=33, keyCount=3, bytesUsed=57},ContainerReplica{containerID=#6, state=OPEN, datanodeDetails=f22cc5c0-3e38-414a-900c-2421eb232dd6{ip: 10.1.0.13, host: fv-az105-298.wy5h1aom0jgehahef1oyr10hrc.bx.internal.cloudapp.net, ports: [REPLICATION=33553, RATIS=38335, RATIS_ADMIN=38335, RATIS_SERVER=38335, STANDALONE=33109], networkLocation: /default-rack, certSerialId: null, persistedOpState: ENTERING_MAINTENANCE, persistedOpStateExpiryEpochSec: 0}, placeOfBirth=f22cc5c0-3e38-414a-900c-2421eb232dd6, sequenceId=33, keyCount=3, bytesUsed=57},ContainerReplica{containerID=#6, state=OPEN, datanodeDetails=2770806d-009d-48da-9d50-3d9453a3ad96{ip: 10.1.0.13, host: fv-az105-298.wy5h1aom0jgehahef1oyr10hrc.bx.internal.cloudapp.net, ports: [REPLICATION=42903, RATIS=41085, RATIS_ADMIN=41085, RATIS_SERVER=41085, STANDALONE=41997], networkLocation: /default-rack, certSerialId: null, persistedOpState: ENTERING_MAINTENANCE, persistedOpStateExpiryEpochSec: 0}, placeOfBirth=2770806d-009d-48da-9d50-3d9453a3ad96, sequenceId=33, keyCount=3, bytesUsed=57}}
2022-11-23 12:07:30,703 [DatanodeAdminManager-0] INFO  node.DatanodeAdminMonitorImpl (DatanodeAdminMonitorImpl.java:checkContainersReplicatedOnNode(367)) - Unhealthy Container #6 Container State: CLOSING Replica Count: 3 Healthy Count: 0 Decommission Count: 0 Maintenance Count: 3 inFlightAdd Count: 0 inFightDel Count: 0 ReplicationFactor: 3 minMaintenance Count: 2; Replicas{ContainerReplica{containerID=#6, state=OPEN, datanodeDetails=2f53493c-3a9e-4904-8cf8-ac1f6fb0520e{ip: 10.1.0.13, host: fv-az105-298.wy5h1aom0jgehahef1oyr10hrc.bx.internal.cloudapp.net, ports: [REPLICATION=43097, RATIS=43085, RATIS_ADMIN=43085, RATIS_SERVER=43085, STANDALONE=37821], networkLocation: /default-rack, certSerialId: null, persistedOpState: ENTERING_MAINTENANCE, persistedOpStateExpiryEpochSec: 0}, placeOfBirth=2f53493c-3a9e-4904-8cf8-ac1f6fb0520e, sequenceId=33, keyCount=3, bytesUsed=57},ContainerReplica{containerID=#6, state=OPEN, datanodeDetails=f22cc5c0-3e38-414a-900c-2421eb232dd6{ip: 10.1.0.13, host: fv-az105-298.wy5h1aom0jgehahef1oyr10hrc.bx.internal.cloudapp.net, ports: [REPLICATION=33553, RATIS=38335, RATIS_ADMIN=38335, RATIS_SERVER=38335, STANDALONE=33109], networkLocation: /default-rack, certSerialId: null, persistedOpState: ENTERING_MAINTENANCE, persistedOpStateExpiryEpochSec: 0}, placeOfBirth=f22cc5c0-3e38-414a-900c-2421eb232dd6, sequenceId=33, keyCount=3, bytesUsed=57},ContainerReplica{containerID=#6, state=OPEN, datanodeDetails=2770806d-009d-48da-9d50-3d9453a3ad96{ip: 10.1.0.13, host: fv-az105-298.wy5h1aom0jgehahef1oyr10hrc.bx.internal.cloudapp.net, ports: [REPLICATION=42903, RATIS=41085, RATIS_ADMIN=41085, RATIS_SERVER=41085, STANDALONE=41997], networkLocation: /default-rack, certSerialId: null, persistedOpState: ENTERING_MAINTENANCE, persistedOpStateExpiryEpochSec: 0}, placeOfBirth=2770806d-009d-48da-9d50-3d9453a3ad96, sequenceId=33, keyCount=3, bytesUsed=57}}
2022-11-23 12:07:30,703 [DatanodeAdminManager-0] INFO  node.DatanodeAdminMonitorImpl (DatanodeAdminMonitorImpl.java:checkContainersReplicatedOnNode(356)) - Under Replicated Container #1 Container State: CLOSING Replica Count: 3 Healthy Count: 0 Decommission Count: 0 Maintenance Count: 3 inFlightAdd Count: 0 inFightDel Count: 0 ReplicationFactor: 3 minMaintenance Count: 2; Replicas{ContainerReplica{containerID=#1, state=OPEN, datanodeDetails=2770806d-009d-48da-9d50-3d9453a3ad96{ip: 10.1.0.13, host: fv-az105-298.wy5h1aom0jgehahef1oyr10hrc.bx.internal.cloudapp.net, ports: [REPLICATION=42903, RATIS=41085, RATIS_ADMIN=41085, RATIS_SERVER=41085, STANDALONE=41997], networkLocation: /default-rack, certSerialId: null, persistedOpState: ENTERING_MAINTENANCE, persistedOpStateExpiryEpochSec: 0}, placeOfBirth=2770806d-009d-48da-9d50-3d9453a3ad96, sequenceId=37, keyCount=4, bytesUsed=76},ContainerReplica{containerID=#1, state=OPEN, datanodeDetails=2f53493c-3a9e-4904-8cf8-ac1f6fb0520e{ip: 10.1.0.13, host: fv-az105-298.wy5h1aom0jgehahef1oyr10hrc.bx.internal.cloudapp.net, ports: [REPLICATION=43097, RATIS=43085, RATIS_ADMIN=43085, RATIS_SERVER=43085, STANDALONE=37821], networkLocation: /default-rack, certSerialId: null, persistedOpState: ENTERING_MAINTENANCE, persistedOpStateExpiryEpochSec: 0}, placeOfBirth=2f53493c-3a9e-4904-8cf8-ac1f6fb0520e, sequenceId=37, keyCount=4, bytesUsed=76},ContainerReplica{containerID=#1, state=OPEN, datanodeDetails=f22cc5c0-3e38-414a-900c-2421eb232dd6{ip: 10.1.0.13, host: fv-az105-298.wy5h1aom0jgehahef1oyr10hrc.bx.internal.cloudapp.net, ports: [REPLICATION=33553, RATIS=38335, RATIS_ADMIN=38335, RATIS_SERVER=38335, STANDALONE=33109], networkLocation: /default-rack, certSerialId: null, persistedOpState: ENTERING_MAINTENANCE, persistedOpStateExpiryEpochSec: 0}, placeOfBirth=f22cc5c0-3e38-414a-900c-2421eb232dd6, sequenceId=37, keyCount=4, bytesUsed=76}}
2022-11-23 12:07:30,703 [DatanodeAdminManager-0] INFO  node.DatanodeAdminMonitorImpl (DatanodeAdminMonitorImpl.java:checkContainersReplicatedOnNode(367)) - Unhealthy Container #1 Container State: CLOSING Replica Count: 3 Healthy Count: 0 Decommission Count: 0 Maintenance Count: 3 inFlightAdd Count: 0 inFightDel Count: 0 ReplicationFactor: 3 minMaintenance Count: 2; Replicas{ContainerReplica{containerID=#1, state=OPEN, datanodeDetails=2770806d-009d-48da-9d50-3d9453a3ad96{ip: 10.1.0.13, host: fv-az105-298.wy5h1aom0jgehahef1oyr10hrc.bx.internal.cloudapp.net, ports: [REPLICATION=42903, RATIS=41085, RATIS_ADMIN=41085, RATIS_SERVER=41085, STANDALONE=41997], networkLocation: /default-rack, certSerialId: null, persistedOpState: ENTERING_MAINTENANCE, persistedOpStateExpiryEpochSec: 0}, placeOfBirth=2770806d-009d-48da-9d50-3d9453a3ad96, sequenceId=37, keyCount=4, bytesUsed=76},ContainerReplica{containerID=#1, state=OPEN, datanodeDetails=2f53493c-3a9e-4904-8cf8-ac1f6fb0520e{ip: 10.1.0.13, host: fv-az105-298.wy5h1aom0jgehahef1oyr10hrc.bx.internal.cloudapp.net, ports: [REPLICATION=43097, RATIS=43085, RATIS_ADMIN=43085, RATIS_SERVER=43085, STANDALONE=37821], networkLocation: /default-rack, certSerialId: null, persistedOpState: ENTERING_MAINTENANCE, persistedOpStateExpiryEpochSec: 0}, placeOfBirth=2f53493c-3a9e-4904-8cf8-ac1f6fb0520e, sequenceId=37, keyCount=4, bytesUsed=76},ContainerReplica{containerID=#1, state=OPEN, datanodeDetails=f22cc5c0-3e38-414a-900c-2421eb232dd6{ip: 10.1.0.13, host: fv-az105-298.wy5h1aom0jgehahef1oyr10hrc.bx.internal.cloudapp.net, ports: [REPLICATION=33553, RATIS=38335, RATIS_ADMIN=38335, RATIS_SERVER=38335, STANDALONE=33109], networkLocation: /default-rack, certSerialId: null, persistedOpState: ENTERING_MAINTENANCE, persistedOpStateExpiryEpochSec: 0}, placeOfBirth=f22cc5c0-3e38-414a-900c-2421eb232dd6, sequenceId=37, keyCount=4, bytesUsed=76}}
2022-11-23 12:07:30,703 [DatanodeAdminManager-0] INFO  node.DatanodeAdminMonitorImpl (DatanodeAdminMonitorImpl.java:checkContainersReplicatedOnNode(356)) - Under Replicated Container #3 Container State: CLOSING Replica Count: 3 Healthy Count: 0 Decommission Count: 0 Maintenance Count: 3 inFlightAdd Count: 0 inFightDel Count: 0 ReplicationFactor: 3 minMaintenance Count: 2; Replicas{ContainerReplica{containerID=#3, state=OPEN, datanodeDetails=2770806d-009d-48da-9d50-3d9453a3ad96{ip: 10.1.0.13, host: fv-az105-298.wy5h1aom0jgehahef1oyr10hrc.bx.internal.cloudapp.net, ports: [REPLICATION=42903, RATIS=41085, RATIS_ADMIN=41085, RATIS_SERVER=41085, STANDALONE=41997], networkLocation: /default-rack, certSerialId: null, persistedOpState: ENTERING_MAINTENANCE, persistedOpStateExpiryEpochSec: 0}, placeOfBirth=2770806d-009d-48da-9d50-3d9453a3ad96, sequenceId=30, keyCount=3, bytesUsed=57},ContainerReplica{containerID=#3, state=OPEN, datanodeDetails=2f53493c-3a9e-4904-8cf8-ac1f6fb0520e{ip: 10.1.0.13, host: fv-az105-298.wy5h1aom0jgehahef1oyr10hrc.bx.internal.cloudapp.net, ports: [REPLICATION=43097, RATIS=43085, RATIS_ADMIN=43085, RATIS_SERVER=43085, STANDALONE=37821], networkLocation: /default-rack, certSerialId: null, persistedOpState: ENTERING_MAINTENANCE, persistedOpStateExpiryEpochSec: 0}, placeOfBirth=2f53493c-3a9e-4904-8cf8-ac1f6fb0520e, sequenceId=30, keyCount=3, bytesUsed=57},ContainerReplica{containerID=#3, state=OPEN, datanodeDetails=f22cc5c0-3e38-414a-900c-2421eb232dd6{ip: 10.1.0.13, host: fv-az105-298.wy5h1aom0jgehahef1oyr10hrc.bx.internal.cloudapp.net, ports: [REPLICATION=33553, RATIS=38335, RATIS_ADMIN=38335, RATIS_SERVER=38335, STANDALONE=33109], networkLocation: /default-rack, certSerialId: null, persistedOpState: ENTERING_MAINTENANCE, persistedOpStateExpiryEpochSec: 0}, placeOfBirth=f22cc5c0-3e38-414a-900c-2421eb232dd6, sequenceId=30, keyCount=3, bytesUsed=57}}
2022-11-23 12:07:30,703 [DatanodeAdminManager-0] INFO  node.DatanodeAdminMonitorImpl (DatanodeAdminMonitorImpl.java:checkContainersReplicatedOnNode(367)) - Unhealthy Container #3 Container State: CLOSING Replica Count: 3 Healthy Count: 0 Decommission Count: 0 Maintenance Count: 3 inFlightAdd Count: 0 inFightDel Count: 0 ReplicationFactor: 3 minMaintenance Count: 2; Replicas{ContainerReplica{containerID=#3, state=OPEN, datanodeDetails=2770806d-009d-48da-9d50-3d9453a3ad96{ip: 10.1.0.13, host: fv-az105-298.wy5h1aom0jgehahef1oyr10hrc.bx.internal.cloudapp.net, ports: [REPLICATION=42903, RATIS=41085, RATIS_ADMIN=41085, RATIS_SERVER=41085, STANDALONE=41997], networkLocation: /default-rack, certSerialId: null, persistedOpState: ENTERING_MAINTENANCE, persistedOpStateExpiryEpochSec: 0}, placeOfBirth=2770806d-009d-48da-9d50-3d9453a3ad96, sequenceId=30, keyCount=3, bytesUsed=57},ContainerReplica{containerID=#3, state=OPEN, datanodeDetails=2f53493c-3a9e-4904-8cf8-ac1f6fb0520e{ip: 10.1.0.13, host: fv-az105-298.wy5h1aom0jgehahef1oyr10hrc.bx.internal.cloudapp.net, ports: [REPLICATION=43097, RATIS=43085, RATIS_ADMIN=43085, RATIS_SERVER=43085, STANDALONE=37821], networkLocation: /default-rack, certSerialId: null, persistedOpState: ENTERING_MAINTENANCE, persistedOpStateExpiryEpochSec: 0}, placeOfBirth=2f53493c-3a9e-4904-8cf8-ac1f6fb0520e, sequenceId=30, keyCount=3, bytesUsed=57},ContainerReplica{containerID=#3, state=OPEN, datanodeDetails=f22cc5c0-3e38-414a-900c-2421eb232dd6{ip: 10.1.0.13, host: fv-az105-298.wy5h1aom0jgehahef1oyr10hrc.bx.internal.cloudapp.net, ports: [REPLICATION=33553, RATIS=38335, RATIS_ADMIN=38335, RATIS_SERVER=38335, STANDALONE=33109], networkLocation: /default-rack, certSerialId: null, persistedOpState: ENTERING_MAINTENANCE, persistedOpStateExpiryEpochSec: 0}, placeOfBirth=f22cc5c0-3e38-414a-900c-2421eb232dd6, sequenceId=30, keyCount=3, bytesUsed=57}}
2022-11-23 12:07:30,703 [DatanodeAdminManager-0] INFO  node.DatanodeAdminMonitorImpl (DatanodeAdminMonitorImpl.java:checkContainersReplicatedOnNode(377)) - 2770806d-009d-48da-9d50-3d9453a3ad96{ip: 10.1.0.13, host: fv-az105-298.wy5h1aom0jgehahef1oyr10hrc.bx.internal.cloudapp.net, ports: [REPLICATION=42903, RATIS=41085, RATIS_ADMIN=41085, RATIS_SERVER=41085, STANDALONE=41997], networkLocation: /default-rack, certSerialId: null, persistedOpState: ENTERING_MAINTENANCE, persistedOpStateExpiryEpochSec: 0} has 0 sufficientlyReplicated, 3 underReplicated and 3 unhealthy containers
2022-11-23 12:07:30,703 [DatanodeAdminManager-0] INFO  node.DatanodeAdminMonitorImpl (DatanodeAdminMonitorImpl.java:checkContainersReplicatedOnNode(356)) - Under Replicated Container #6 Container State: CLOSING Replica Count: 3 Healthy Count: 0 Decommission Count: 0 Maintenance Count: 3 inFlightAdd Count: 0 inFightDel Count: 0 ReplicationFactor: 3 minMaintenance Count: 2; Replicas{ContainerReplica{containerID=#6, state=OPEN, datanodeDetails=2f53493c-3a9e-4904-8cf8-ac1f6fb0520e{ip: 10.1.0.13, host: fv-az105-298.wy5h1aom0jgehahef1oyr10hrc.bx.internal.cloudapp.net, ports: [REPLICATION=43097, RATIS=43085, RATIS_ADMIN=43085, RATIS_SERVER=43085, STANDALONE=37821], networkLocation: /default-rack, certSerialId: null, persistedOpState: ENTERING_MAINTENANCE, persistedOpStateExpiryEpochSec: 0}, placeOfBirth=2f53493c-3a9e-4904-8cf8-ac1f6fb0520e, sequenceId=33, keyCount=3, bytesUsed=57},ContainerReplica{containerID=#6, state=OPEN, datanodeDetails=f22cc5c0-3e38-414a-900c-2421eb232dd6{ip: 10.1.0.13, host: fv-az105-298.wy5h1aom0jgehahef1oyr10hrc.bx.internal.cloudapp.net, ports: [REPLICATION=33553, RATIS=38335, RATIS_ADMIN=38335, RATIS_SERVER=38335, STANDALONE=33109], networkLocation: /default-rack, certSerialId: null, persistedOpState: ENTERING_MAINTENANCE, persistedOpStateExpiryEpochSec: 0}, placeOfBirth=f22cc5c0-3e38-414a-900c-2421eb232dd6, sequenceId=33, keyCount=3, bytesUsed=57},ContainerReplica{containerID=#6, state=OPEN, datanodeDetails=2770806d-009d-48da-9d50-3d9453a3ad96{ip: 10.1.0.13, host: fv-az105-298.wy5h1aom0jgehahef1oyr10hrc.bx.internal.cloudapp.net, ports: [REPLICATION=42903, RATIS=41085, RATIS_ADMIN=41085, RATIS_SERVER=41085, STANDALONE=41997], networkLocation: /default-rack, certSerialId: null, persistedOpState: ENTERING_MAINTENANCE, persistedOpStateExpiryEpochSec: 0}, placeOfBirth=2770806d-009d-48da-9d50-3d9453a3ad96, sequenceId=33, keyCount=3, bytesUsed=57}}
2022-11-23 12:07:30,703 [DatanodeAdminManager-0] INFO  node.DatanodeAdminMonitorImpl (DatanodeAdminMonitorImpl.java:checkContainersReplicatedOnNode(367)) - Unhealthy Container #6 Container State: CLOSING Replica Count: 3 Healthy Count: 0 Decommission Count: 0 Maintenance Count: 3 inFlightAdd Count: 0 inFightDel Count: 0 ReplicationFactor: 3 minMaintenance Count: 2; Replicas{ContainerReplica{containerID=#6, state=OPEN, datanodeDetails=2f53493c-3a9e-4904-8cf8-ac1f6fb0520e{ip: 10.1.0.13, host: fv-az105-298.wy5h1aom0jgehahef1oyr10hrc.bx.internal.cloudapp.net, ports: [REPLICATION=43097, RATIS=43085, RATIS_ADMIN=43085, RATIS_SERVER=43085, STANDALONE=37821], networkLocation: /default-rack, certSerialId: null, persistedOpState: ENTERING_MAINTENANCE, persistedOpStateExpiryEpochSec: 0}, placeOfBirth=2f53493c-3a9e-4904-8cf8-ac1f6fb0520e, sequenceId=33, keyCount=3, bytesUsed=57},ContainerReplica{containerID=#6, state=OPEN, datanodeDetails=f22cc5c0-3e38-414a-900c-2421eb232dd6{ip: 10.1.0.13, host: fv-az105-298.wy5h1aom0jgehahef1oyr10hrc.bx.internal.cloudapp.net, ports: [REPLICATION=33553, RATIS=38335, RATIS_ADMIN=38335, RATIS_SERVER=38335, STANDALONE=33109], networkLocation: /default-rack, certSerialId: null, persistedOpState: ENTERING_MAINTENANCE, persistedOpStateExpiryEpochSec: 0}, placeOfBirth=f22cc5c0-3e38-414a-900c-2421eb232dd6, sequenceId=33, keyCount=3, bytesUsed=57},ContainerReplica{containerID=#6, state=OPEN, datanodeDetails=2770806d-009d-48da-9d50-3d9453a3ad96{ip: 10.1.0.13, host: fv-az105-298.wy5h1aom0jgehahef1oyr10hrc.bx.internal.cloudapp.net, ports: [REPLICATION=42903, RATIS=41085, RATIS_ADMIN=41085, RATIS_SERVER=41085, STANDALONE=41997], networkLocation: /default-rack, certSerialId: null, persistedOpState: ENTERING_MAINTENANCE, persistedOpStateExpiryEpochSec: 0}, placeOfBirth=2770806d-009d-48da-9d50-3d9453a3ad96, sequenceId=33, keyCount=3, bytesUsed=57}}
2022-11-23 12:07:30,703 [DatanodeAdminManager-0] INFO  node.DatanodeAdminMonitorImpl (DatanodeAdminMonitorImpl.java:checkContainersReplicatedOnNode(356)) - Under Replicated Container #1 Container State: CLOSING Replica Count: 3 Healthy Count: 0 Decommission Count: 0 Maintenance Count: 3 inFlightAdd Count: 0 inFightDel Count: 0 ReplicationFactor: 3 minMaintenance Count: 2; Replicas{ContainerReplica{containerID=#1, state=OPEN, datanodeDetails=2770806d-009d-48da-9d50-3d9453a3ad96{ip: 10.1.0.13, host: fv-az105-298.wy5h1aom0jgehahef1oyr10hrc.bx.internal.cloudapp.net, ports: [REPLICATION=42903, RATIS=41085, RATIS_ADMIN=41085, RATIS_SERVER=41085, STANDALONE=41997], networkLocation: /default-rack, certSerialId: null, persistedOpState: ENTERING_MAINTENANCE, persistedOpStateExpiryEpochSec: 0}, placeOfBirth=2770806d-009d-48da-9d50-3d9453a3ad96, sequenceId=37, keyCount=4, bytesUsed=76},ContainerReplica{containerID=#1, state=OPEN, datanodeDetails=2f53493c-3a9e-4904-8cf8-ac1f6fb0520e{ip: 10.1.0.13, host: fv-az105-298.wy5h1aom0jgehahef1oyr10hrc.bx.internal.cloudapp.net, ports: [REPLICATION=43097, RATIS=43085, RATIS_ADMIN=43085, RATIS_SERVER=43085, STANDALONE=37821], networkLocation: /default-rack, certSerialId: null, persistedOpState: ENTERING_MAINTENANCE, persistedOpStateExpiryEpochSec: 0}, placeOfBirth=2f53493c-3a9e-4904-8cf8-ac1f6fb0520e, sequenceId=37, keyCount=4, bytesUsed=76},ContainerReplica{containerID=#1, state=OPEN, datanodeDetails=f22cc5c0-3e38-414a-900c-2421eb232dd6{ip: 10.1.0.13, host: fv-az105-298.wy5h1aom0jgehahef1oyr10hrc.bx.internal.cloudapp.net, ports: [REPLICATION=33553, RATIS=38335, RATIS_ADMIN=38335, RATIS_SERVER=38335, STANDALONE=33109], networkLocation: /default-rack, certSerialId: null, persistedOpState: ENTERING_MAINTENANCE, persistedOpStateExpiryEpochSec: 0}, placeOfBirth=f22cc5c0-3e38-414a-900c-2421eb232dd6, sequenceId=37, keyCount=4, bytesUsed=76}}
2022-11-23 12:07:30,703 [DatanodeAdminManager-0] INFO  node.DatanodeAdminMonitorImpl (DatanodeAdminMonitorImpl.java:checkContainersReplicatedOnNode(367)) - Unhealthy Container #1 Container State: CLOSING Replica Count: 3 Healthy Count: 0 Decommission Count: 0 Maintenance Count: 3 inFlightAdd Count: 0 inFightDel Count: 0 ReplicationFactor: 3 minMaintenance Count: 2; Replicas{ContainerReplica{containerID=#1, state=OPEN, datanodeDetails=2770806d-009d-48da-9d50-3d9453a3ad96{ip: 10.1.0.13, host: fv-az105-298.wy5h1aom0jgehahef1oyr10hrc.bx.internal.cloudapp.net, ports: [REPLICATION=42903, RATIS=41085, RATIS_ADMIN=41085, RATIS_SERVER=41085, STANDALONE=41997], networkLocation: /default-rack, certSerialId: null, persistedOpState: ENTERING_MAINTENANCE, persistedOpStateExpiryEpochSec: 0}, placeOfBirth=2770806d-009d-48da-9d50-3d9453a3ad96, sequenceId=37, keyCount=4, bytesUsed=76},ContainerReplica{containerID=#1, state=OPEN, datanodeDetails=2f53493c-3a9e-4904-8cf8-ac1f6fb0520e{ip: 10.1.0.13, host: fv-az105-298.wy5h1aom0jgehahef1oyr10hrc.bx.internal.cloudapp.net, ports: [REPLICATION=43097, RATIS=43085, RATIS_ADMIN=43085, RATIS_SERVER=43085, STANDALONE=37821], networkLocation: /default-rack, certSerialId: null, persistedOpState: ENTERING_MAINTENANCE, persistedOpStateExpiryEpochSec: 0}, placeOfBirth=2f53493c-3a9e-4904-8cf8-ac1f6fb0520e, sequenceId=37, keyCount=4, bytesUsed=76},ContainerReplica{containerID=#1, state=OPEN, datanodeDetails=f22cc5c0-3e38-414a-900c-2421eb232dd6{ip: 10.1.0.13, host: fv-az105-298.wy5h1aom0jgehahef1oyr10hrc.bx.internal.cloudapp.net, ports: [REPLICATION=33553, RATIS=38335, RATIS_ADMIN=38335, RATIS_SERVER=38335, STANDALONE=33109], networkLocation: /default-rack, certSerialId: null, persistedOpState: ENTERING_MAINTENANCE, persistedOpStateExpiryEpochSec: 0}, placeOfBirth=f22cc5c0-3e38-414a-900c-2421eb232dd6, sequenceId=37, keyCount=4, bytesUsed=76}}
2022-11-23 12:07:30,703 [DatanodeAdminManager-0] INFO  node.DatanodeAdminMonitorImpl (DatanodeAdminMonitorImpl.java:checkContainersReplicatedOnNode(356)) - Under Replicated Container #3 Container State: CLOSING Replica Count: 3 Healthy Count: 0 Decommission Count: 0 Maintenance Count: 3 inFlightAdd Count: 0 inFightDel Count: 0 ReplicationFactor: 3 minMaintenance Count: 2; Replicas{ContainerReplica{containerID=#3, state=OPEN, datanodeDetails=2770806d-009d-48da-9d50-3d9453a3ad96{ip: 10.1.0.13, host: fv-az105-298.wy5h1aom0jgehahef1oyr10hrc.bx.internal.cloudapp.net, ports: [REPLICATION=42903, RATIS=41085, RATIS_ADMIN=41085, RATIS_SERVER=41085, STANDALONE=41997], networkLocation: /default-rack, certSerialId: null, persistedOpState: ENTERING_MAINTENANCE, persistedOpStateExpiryEpochSec: 0}, placeOfBirth=2770806d-009d-48da-9d50-3d9453a3ad96, sequenceId=30, keyCount=3, bytesUsed=57},ContainerReplica{containerID=#3, state=OPEN, datanodeDetails=2f53493c-3a9e-4904-8cf8-ac1f6fb0520e{ip: 10.1.0.13, host: fv-az105-298.wy5h1aom0jgehahef1oyr10hrc.bx.internal.cloudapp.net, ports: [REPLICATION=43097, RATIS=43085, RATIS_ADMIN=43085, RATIS_SERVER=43085, STANDALONE=37821], networkLocation: /default-rack, certSerialId: null, persistedOpState: ENTERING_MAINTENANCE, persistedOpStateExpiryEpochSec: 0}, placeOfBirth=2f53493c-3a9e-4904-8cf8-ac1f6fb0520e, sequenceId=30, keyCount=3, bytesUsed=57},ContainerReplica{containerID=#3, state=OPEN, datanodeDetails=f22cc5c0-3e38-414a-900c-2421eb232dd6{ip: 10.1.0.13, host: fv-az105-298.wy5h1aom0jgehahef1oyr10hrc.bx.internal.cloudapp.net, ports: [REPLICATION=33553, RATIS=38335, RATIS_ADMIN=38335, RATIS_SERVER=38335, STANDALONE=33109], networkLocation: /default-rack, certSerialId: null, persistedOpState: ENTERING_MAINTENANCE, persistedOpStateExpiryEpochSec: 0}, placeOfBirth=f22cc5c0-3e38-414a-900c-2421eb232dd6, sequenceId=30, keyCount=3, bytesUsed=57}}
2022-11-23 12:07:30,704 [DatanodeAdminManager-0] INFO  node.DatanodeAdminMonitorImpl (DatanodeAdminMonitorImpl.java:checkContainersReplicatedOnNode(367)) - Unhealthy Container #3 Container State: CLOSING Replica Count: 3 Healthy Count: 0 Decommission Count: 0 Maintenance Count: 3 inFlightAdd Count: 0 inFightDel Count: 0 ReplicationFactor: 3 minMaintenance Count: 2; Replicas{ContainerReplica{containerID=#3, state=OPEN, datanodeDetails=2770806d-009d-48da-9d50-3d9453a3ad96{ip: 10.1.0.13, host: fv-az105-298.wy5h1aom0jgehahef1oyr10hrc.bx.internal.cloudapp.net, ports: [REPLICATION=42903, RATIS=41085, RATIS_ADMIN=41085, RATIS_SERVER=41085, STANDALONE=41997], networkLocation: /default-rack, certSerialId: null, persistedOpState: ENTERING_MAINTENANCE, persistedOpStateExpiryEpochSec: 0}, placeOfBirth=2770806d-009d-48da-9d50-3d9453a3ad96, sequenceId=30, keyCount=3, bytesUsed=57},ContainerReplica{containerID=#3, state=OPEN, datanodeDetails=2f53493c-3a9e-4904-8cf8-ac1f6fb0520e{ip: 10.1.0.13, host: fv-az105-298.wy5h1aom0jgehahef1oyr10hrc.bx.internal.cloudapp.net, ports: [REPLICATION=43097, RATIS=43085, RATIS_ADMIN=43085, RATIS_SERVER=43085, STANDALONE=37821], networkLocation: /default-rack, certSerialId: null, persistedOpState: ENTERING_MAINTENANCE, persistedOpStateExpiryEpochSec: 0}, placeOfBirth=2f53493c-3a9e-4904-8cf8-ac1f6fb0520e, sequenceId=30, keyCount=3, bytesUsed=57},ContainerReplica{containerID=#3, state=OPEN, datanodeDetails=f22cc5c0-3e38-414a-900c-2421eb232dd6{ip: 10.1.0.13, host: fv-az105-298.wy5h1aom0jgehahef1oyr10hrc.bx.internal.cloudapp.net, ports: [REPLICATION=33553, RATIS=38335, RATIS_ADMIN=38335, RATIS_SERVER=38335, STANDALONE=33109], networkLocation: /default-rack, certSerialId: null, persistedOpState: ENTERING_MAINTENANCE, persistedOpStateExpiryEpochSec: 0}, placeOfBirth=f22cc5c0-3e38-414a-900c-2421eb232dd6, sequenceId=30, keyCount=3, bytesUsed=57}}
2022-11-23 12:07:30,704 [DatanodeAdminManager-0] INFO  node.DatanodeAdminMonitorImpl (DatanodeAdminMonitorImpl.java:checkContainersReplicatedOnNode(377)) - 2f53493c-3a9e-4904-8cf8-ac1f6fb0520e{ip: 10.1.0.13, host: fv-az105-298.wy5h1aom0jgehahef1oyr10hrc.bx.internal.cloudapp.net, ports: [REPLICATION=43097, RATIS=43085, RATIS_ADMIN=43085, RATIS_SERVER=43085, STANDALONE=37821], networkLocation: /default-rack, certSerialId: null, persistedOpState: ENTERING_MAINTENANCE, persistedOpStateExpiryEpochSec: 0} has 0 sufficientlyReplicated, 3 underReplicated and 3 unhealthy containers
2022-11-23 12:07:30,704 [DatanodeAdminManager-0] INFO  node.DatanodeAdminMonitorImpl (DatanodeAdminMonitorImpl.java:run(169)) - There are 3 nodes tracked for decommission and maintenance.  0 pending nodes.
2022-11-23 12:07:30,731 [ReplicationMonitor] INFO  replication.LegacyReplicationManager (LegacyReplicationManager.java:sendCloseCommand(1511)) - Sending close container command for container #2 to datanode 23a93132-5f46-46ff-a00f-e8b8e96ed379{ip: 10.1.0.13, host: fv-az105-298.wy5h1aom0jgehahef1oyr10hrc.bx.internal.cloudapp.net, ports: [REPLICATION=35697, RATIS=39241, RATIS_ADMIN=39241, RATIS_SERVER=39241, STANDALONE=38363], networkLocation: /default-rack, certSerialId: null, persistedOpState: IN_SERVICE, persistedOpStateExpiryEpochSec: 0}.
2022-11-23 12:07:30,731 [ReplicationMonitor] INFO  replication.LegacyReplicationManager (LegacyReplicationManager.java:sendCloseCommand(1511)) - Sending close container command for container #2 to datanode d25935c7-9680-4f09-83cd-d338e09c0605{ip: 10.1.0.13, host: fv-az105-298.wy5h1aom0jgehahef1oyr10hrc.bx.internal.cloudapp.net, ports: [REPLICATION=45607, RATIS=36307, RATIS_ADMIN=36307, RATIS_SERVER=36307, STANDALONE=45843], networkLocation: /default-rack, certSerialId: null, persistedOpState: IN_SERVICE, persistedOpStateExpiryEpochSec: 0}.
2022-11-23 12:07:30,731 [ReplicationMonitor] INFO  replication.LegacyReplicationManager (LegacyReplicationManager.java:sendCloseCommand(1511)) - Sending close container command for container #2 to datanode 4cf88e88-4098-40f9-846c-84288099b2d2{ip: 10.1.0.13, host: fv-az105-298.wy5h1aom0jgehahef1oyr10hrc.bx.internal.cloudapp.net, ports: [REPLICATION=44791, RATIS=45597, RATIS_ADMIN=45597, RATIS_SERVER=45597, STANDALONE=35773], networkLocation: /default-rack, certSerialId: null, persistedOpState: IN_SERVICE, persistedOpStateExpiryEpochSec: 0}.
2022-11-23 12:07:30,732 [ReplicationMonitor] INFO  replication.LegacyReplicationManager (LegacyReplicationManager.java:sendCloseCommand(1511)) - Sending close container command for container #3 to datanode d25935c7-9680-4f09-83cd-d338e09c0605{ip: 10.1.0.13, host: fv-az105-298.wy5h1aom0jgehahef1oyr10hrc.bx.internal.cloudapp.net, ports: [REPLICATION=45607, RATIS=36307, RATIS_ADMIN=36307, RATIS_SERVER=36307, STANDALONE=45843], networkLocation: /default-rack, certSerialId: null, persistedOpState: IN_SERVICE, persistedOpStateExpiryEpochSec: 0}.
2022-11-23 12:07:30,732 [ReplicationMonitor] INFO  replication.LegacyReplicationManager (LegacyReplicationManager.java:sendCloseCommand(1511)) - Sending close container command for container #3 to datanode 4cf88e88-4098-40f9-846c-84288099b2d2{ip: 10.1.0.13, host: fv-az105-298.wy5h1aom0jgehahef1oyr10hrc.bx.internal.cloudapp.net, ports: [REPLICATION=44791, RATIS=45597, RATIS_ADMIN=45597, RATIS_SERVER=45597, STANDALONE=35773], networkLocation: /default-rack, certSerialId: null, persistedOpState: IN_SERVICE, persistedOpStateExpiryEpochSec: 0}.
2022-11-23 12:07:30,732 [ReplicationMonitor] INFO  replication.LegacyReplicationManager (LegacyReplicationManager.java:sendCloseCommand(1511)) - Sending close container command for container #3 to datanode 23a93132-5f46-46ff-a00f-e8b8e96ed379{ip: 10.1.0.13, host: fv-az105-298.wy5h1aom0jgehahef1oyr10hrc.bx.internal.cloudapp.net, ports: [REPLICATION=35697, RATIS=39241, RATIS_ADMIN=39241, RATIS_SERVER=39241, STANDALONE=38363], networkLocation: /default-rack, certSerialId: null, persistedOpState: IN_SERVICE, persistedOpStateExpiryEpochSec: 0}.
2022-11-23 12:07:30,732 [ReplicationMonitor] INFO  replication.LegacyReplicationManager (LegacyReplicationManager.java:sendCloseCommand(1511)) - Sending close container command for container #6 to datanode 4cf88e88-4098-40f9-846c-84288099b2d2{ip: 10.1.0.13, host: fv-az105-298.wy5h1aom0jgehahef1oyr10hrc.bx.internal.cloudapp.net, ports: [REPLICATION=44791, RATIS=45597, RATIS_ADMIN=45597, RATIS_SERVER=45597, STANDALONE=35773], networkLocation: /default-rack, certSerialId: null, persistedOpState: IN_SERVICE, persistedOpStateExpiryEpochSec: 0}.
2022-11-23 12:07:30,732 [ReplicationMonitor] INFO  replication.LegacyReplicationManager (LegacyReplicationManager.java:sendCloseCommand(1511)) - Sending close container command for container #6 to datanode d25935c7-9680-4f09-83cd-d338e09c0605{ip: 10.1.0.13, host: fv-az105-298.wy5h1aom0jgehahef1oyr10hrc.bx.internal.cloudapp.net, ports: [REPLICATION=45607, RATIS=36307, RATIS_ADMIN=36307, RATIS_SERVER=36307, STANDALONE=45843], networkLocation: /default-rack, certSerialId: null, persistedOpState: IN_SERVICE, persistedOpStateExpiryEpochSec: 0}.
2022-11-23 12:07:30,732 [ReplicationMonitor] INFO  replication.LegacyReplicationManager (LegacyReplicationManager.java:sendCloseCommand(1511)) - Sending close container command for container #6 to datanode 23a93132-5f46-46ff-a00f-e8b8e96ed379{ip: 10.1.0.13, host: fv-az105-298.wy5h1aom0jgehahef1oyr10hrc.bx.internal.cloudapp.net, ports: [REPLICATION=35697, RATIS=39241, RATIS_ADMIN=39241, RATIS_SERVER=39241, STANDALONE=38363], networkLocation: /default-rack, certSerialId: null, persistedOpState: IN_SERVICE, persistedOpStateExpiryEpochSec: 0}.
2022-11-23 12:07:30,732 [ReplicationMonitor] INFO  replication.ReplicationManager (ReplicationManager.java:processAll(355)) - Replication Monitor Thread took 1 milliseconds for processing 6 containers.
2022-11-23 12:07:30,751 [Listener at 0.0.0.0/41747] INFO  ozone.MiniOzoneClusterImpl (MiniOzoneClusterImpl.java:restartStorageContainerManager(349)) - Restarting SCM in cluster class org.apache.hadoop.ozone.MiniOzoneClusterImpl
2022-11-23 12:07:30,752 [Listener at 0.0.0.0/41747] INFO  server.StorageContainerManager (StorageContainerManager.java:stop(1566)) - Container Balancer is not running.
2022-11-23 12:07:30,752 [Listener at 0.0.0.0/41747] INFO  server.StorageContainerManager (StorageContainerManager.java:stop(1573)) - Stopping Replication Manager Service.
2022-11-23 12:07:30,752 [Listener at 0.0.0.0/41747] INFO  replication.ReplicationManager (ReplicationManager.java:stop(296)) - Replication Monitor Thread is not running.
2022-11-23 12:07:30,752 [Listener at 0.0.0.0/41747] INFO  server.StorageContainerManager (StorageContainerManager.java:stop(1580)) - Stopping the Datanode Admin Monitor.
2022-11-23 12:07:30,752 [Listener at 0.0.0.0/41747] INFO  server.StorageContainerManager (StorageContainerManager.java:stop(1587)) - Stopping Lease Manager of the command watchers
2022-11-23 12:07:30,752 [Listener at 0.0.0.0/41747] INFO  server.StorageContainerManager (StorageContainerManager.java:stop(1594)) - Stopping datanode service RPC server
2022-11-23 12:07:30,752 [Listener at 0.0.0.0/41747] INFO  server.SCMDatanodeProtocolServer (SCMDatanodeProtocolServer.java:stop(414)) - Stopping the RPC server for DataNodes
2022-11-23 12:07:30,752 [Listener at 0.0.0.0/41747] INFO  ipc.Server (Server.java:stop(3428)) - Stopping server on 41047
2022-11-23 12:07:30,761 [IPC Server Responder] INFO  ipc.Server (Server.java:run(1517)) - Stopping IPC Server Responder
2022-11-23 12:07:30,768 [IPC Server listener on 0] INFO  ipc.Server (Server.java:run(1384)) - Stopping IPC Server listener on 0
2022-11-23 12:07:30,791 [EndpointStateMachine task thread for /0.0.0.0:41047 - 0 ] WARN  statemachine.EndpointStateMachine (EndpointStateMachine.java:logIfNeeded(242)) - Unable to communicate to SCM server at 0.0.0.0:41047 for past 0 seconds.
java.io.EOFException: End of File Exception between local host is: "fv-az105-298/10.1.0.13"; destination host is: "0.0.0.0":41047; : java.io.EOFException; For more details see:  http://wiki.apache.org/hadoop/EOFException
	at sun.reflect.NativeConstructorAccessorImpl.newInstance0(Native Method)
	at sun.reflect.NativeConstructorAccessorImpl.newInstance(NativeConstructorAccessorImpl.java:62)
	at sun.reflect.DelegatingConstructorAccessorImpl.newInstance(DelegatingConstructorAccessorImpl.java:45)
	at java.lang.reflect.Constructor.newInstance(Constructor.java:423)
	at org.apache.hadoop.net.NetUtils.wrapWithMessage(NetUtils.java:913)
	at org.apache.hadoop.net.NetUtils.wrapException(NetUtils.java:862)
	at org.apache.hadoop.ipc.Client.getRpcResponse(Client.java:1616)
	at org.apache.hadoop.ipc.Client.call(Client.java:1558)
	at org.apache.hadoop.ipc.Client.call(Client.java:1455)
	at org.apache.hadoop.ipc.ProtobufRpcEngine$Invoker.invoke(ProtobufRpcEngine.java:235)
	at org.apache.hadoop.ipc.ProtobufRpcEngine$Invoker.invoke(ProtobufRpcEngine.java:122)
	at com.sun.proxy.$Proxy54.submitRequest(Unknown Source)
	at org.apache.hadoop.ozone.protocolPB.StorageContainerDatanodeProtocolClientSideTranslatorPB.submitRequest(StorageContainerDatanodeProtocolClientSideTranslatorPB.java:117)
	at org.apache.hadoop.ozone.protocolPB.StorageContainerDatanodeProtocolClientSideTranslatorPB.sendHeartbeat(StorageContainerDatanodeProtocolClientSideTranslatorPB.java:149)
	at org.apache.hadoop.ozone.container.common.states.endpoint.HeartbeatEndpointTask.call(HeartbeatEndpointTask.java:185)
	at org.apache.hadoop.ozone.container.common.states.endpoint.HeartbeatEndpointTask.call(HeartbeatEndpointTask.java:87)
	at java.util.concurrent.FutureTask.run(FutureTask.java:266)
	at java.util.concurrent.ThreadPoolExecutor.runWorker(ThreadPoolExecutor.java:1149)
	at java.util.concurrent.ThreadPoolExecutor$Worker.run(ThreadPoolExecutor.java:624)
	at java.lang.Thread.run(Thread.java:750)
Caused by: java.io.EOFException
	at java.io.DataInputStream.readInt(DataInputStream.java:392)
	at org.apache.hadoop.ipc.Client$IpcStreams.readResponse(Client.java:1922)
	at org.apache.hadoop.ipc.Client$Connection.receiveRpcResponse(Client.java:1238)
	at org.apache.hadoop.ipc.Client$Connection.run(Client.java:1134)
2022-11-23 12:07:30,799 [SCM Heartbeat Processing Thread - 0] WARN  node.NodeStateManager (NodeStateManager.java:scheduleNextHealthCheck(870)) - Current Thread is interrupted, shutting down HB processing thread for Node Manager.
2022-11-23 12:07:30,799 [Over Replicated Processor] INFO  replication.OverReplicatedProcessor (OverReplicatedProcessor.java:processAll(79)) - Processed 0 over replicated containers, failed processing 0
2022-11-23 12:07:30,799 [Listener at 0.0.0.0/41747] INFO  server.StorageContainerManager (StorageContainerManager.java:stop(1602)) - Stopping block service RPC server
2022-11-23 12:07:30,799 [Listener at 0.0.0.0/41747] INFO  server.SCMBlockProtocolServer (SCMBlockProtocolServer.java:stop(161)) - Stopping the RPC server for Block Protocol
2022-11-23 12:07:30,799 [Listener at 0.0.0.0/41747] INFO  ipc.Server (Server.java:stop(3428)) - Stopping server on 45167
2022-11-23 12:07:30,804 [Listener at 0.0.0.0/41747] INFO  server.StorageContainerManager (StorageContainerManager.java:stop(1609)) - Stopping the StorageContainerLocationProtocol RPC server
2022-11-23 12:07:30,804 [Listener at 0.0.0.0/41747] INFO  server.SCMClientProtocolServer (SCMClientProtocolServer.java:stop(179)) - Stopping the RPC server for Client Protocol
2022-11-23 12:07:30,804 [Listener at 0.0.0.0/41747] INFO  ipc.Server (Server.java:stop(3428)) - Stopping server on 39971
2022-11-23 12:07:30,804 [IPC Server listener on 0] INFO  ipc.Server (Server.java:run(1384)) - Stopping IPC Server listener on 0
2022-11-23 12:07:30,804 [IPC Server Responder] INFO  ipc.Server (Server.java:run(1517)) - Stopping IPC Server Responder
2022-11-23 12:07:30,812 [IPC Server listener on 0] INFO  ipc.Server (Server.java:run(1384)) - Stopping IPC Server listener on 0
2022-11-23 12:07:30,812 [Listener at 0.0.0.0/41747] INFO  server.StorageContainerManager (StorageContainerManager.java:stop(1616)) - Stopping Storage Container Manager HTTP server.
2022-11-23 12:07:30,812 [IPC Server Responder] INFO  ipc.Server (Server.java:run(1517)) - Stopping IPC Server Responder
2022-11-23 12:07:30,817 [Listener at 0.0.0.0/41747] INFO  handler.ContextHandler (ContextHandler.java:doStop(1159)) - Stopped o.e.j.w.WebAppContext@14884d52{scm,/,null,STOPPED}{file:/home/runner/work/ozone/ozone/hadoop-ozone/integration-test/target/test-classes/webapps/scm}
2022-11-23 12:07:30,818 [Listener at 0.0.0.0/41747] INFO  server.AbstractConnector (AbstractConnector.java:doStop(383)) - Stopped ServerConnector@865d265{HTTP/1.1, (http/1.1)}{0.0.0.0:0}
2022-11-23 12:07:30,818 [Listener at 0.0.0.0/41747] INFO  server.session (HouseKeeper.java:stopScavenging(149)) - node0 Stopped scavenging
2022-11-23 12:07:30,818 [Listener at 0.0.0.0/41747] INFO  handler.ContextHandler (ContextHandler.java:doStop(1159)) - Stopped o.e.j.s.ServletContextHandler@76ea8604{static,/static,file:///home/runner/work/ozone/ozone/hadoop-ozone/integration-test/target/test-classes/webapps/static,STOPPED}
2022-11-23 12:07:30,819 [Listener at 0.0.0.0/41747] INFO  handler.ContextHandler (ContextHandler.java:doStop(1159)) - Stopped o.e.j.s.ServletContextHandler@34cd1b0d{logs,/logs,file:///home/runner/work/ozone/ozone/hadoop-ozone/integration-test/target/log,STOPPED}
2022-11-23 12:07:30,820 [Listener at 0.0.0.0/41747] INFO  server.StorageContainerManager (StorageContainerManager.java:stop(1622)) - Stopping SCM LayoutVersionManager Service.
2022-11-23 12:07:30,820 [Listener at 0.0.0.0/41747] INFO  server.StorageContainerManager (StorageContainerManager.java:stop(1630)) - Stopping Block Manager Service.
2022-11-23 12:07:30,820 [Listener at 0.0.0.0/41747] INFO  utils.BackgroundService (BackgroundService.java:shutdown(141)) - Shutting down service SCMBlockDeletingService
2022-11-23 12:07:30,820 [Listener at 0.0.0.0/41747] INFO  utils.BackgroundService (BackgroundService.java:shutdown(141)) - Shutting down service SCMBlockDeletingService
2022-11-23 12:07:30,821 [Listener at 0.0.0.0/41747] INFO  server.StorageContainerManager (StorageContainerManager.java:stop(1657)) - Stopping SCM Event Queue.
2022-11-23 12:07:30,829 [Listener at 0.0.0.0/41747] INFO  server.StorageContainerManager (StorageContainerManager.java:stop(1668)) - Stopping SCM HA services.
2022-11-23 12:07:30,829 [Listener at 0.0.0.0/41747] INFO  pipeline.BackgroundPipelineCreator (BackgroundPipelineCreator.java:stop(149)) - Stopping RatisPipelineUtilsThread.
2022-11-23 12:07:30,830 [RatisPipelineUtilsThread - 0] WARN  pipeline.BackgroundPipelineCreator (BackgroundPipelineCreator.java:run(180)) - RatisPipelineUtilsThread is interrupted.
2022-11-23 12:07:30,830 [Listener at 0.0.0.0/41747] INFO  BackgroundPipelineScrubber (BackgroundSCMService.java:stop(131)) - Stopping BackgroundPipelineScrubber Service.
2022-11-23 12:07:30,830 [Listener at 0.0.0.0/41747] INFO  impl.MetricsSystemImpl (MetricsSystemImpl.java:stop(210)) - Stopping StorageContainerManager metrics system...
2022-11-23 12:07:30,832 [BackgroundPipelineScrubberThread] WARN  BackgroundPipelineScrubber (BackgroundSCMService.java:run(115)) - BackgroundPipelineScrubber is interrupted, exit
2022-11-23 12:07:30,833 [prometheus] INFO  impl.MetricsSinkAdapter (MetricsSinkAdapter.java:publishMetricsFromQueue(141)) - prometheus thread interrupted.
2022-11-23 12:07:30,840 [Listener at 0.0.0.0/41747] INFO  impl.MetricsSystemImpl (MetricsSystemImpl.java:stop(216)) - StorageContainerManager metrics system stopped.
2022-11-23 12:07:30,840 [Listener at 0.0.0.0/41747] WARN  pipeline.BackgroundPipelineCreator (BackgroundPipelineCreator.java:stop(145)) - RatisPipelineUtilsThread is not running, just ignore.
2022-11-23 12:07:30,840 [Listener at 0.0.0.0/41747] INFO  BackgroundPipelineScrubber (BackgroundSCMService.java:stop(126)) - BackgroundPipelineScrubber Service is not running, skip stop.
2022-11-23 12:07:30,841 [Listener at 0.0.0.0/41747] INFO  ExpiredContainerReplicaOpScrubber (BackgroundSCMService.java:stop(131)) - Stopping ExpiredContainerReplicaOpScrubber Service.
2022-11-23 12:07:30,841 [ExpiredContainerReplicaOpScrubberThread] WARN  ExpiredContainerReplicaOpScrubber (BackgroundSCMService.java:run(115)) - ExpiredContainerReplicaOpScrubber is interrupted, exit
2022-11-23 12:07:30,841 [Listener at 0.0.0.0/41747] INFO  utils.BackgroundService (BackgroundService.java:shutdown(141)) - Shutting down service SCMBlockDeletingService
2022-11-23 12:07:30,841 [Listener at 0.0.0.0/41747] INFO  replication.ReplicationManager (ReplicationManager.java:stop(296)) - Replication Monitor Thread is not running.
2022-11-23 12:07:30,841 [Listener at 0.0.0.0/41747] WARN  balancer.ContainerBalancer (ContainerBalancer.java:stop(322)) - Cannot stop Container Balancer because it's not running or stopping
2022-11-23 12:07:30,841 [Listener at 0.0.0.0/41747] INFO  server.StorageContainerManager (StorageContainerManager.java:stop(1686)) - Stopping SCM MetadataStore.
2022-11-23 12:07:30,842 [Listener at 0.0.0.0/41747] WARN  server.ServerUtils (ServerUtils.java:getScmDbDir(148)) - ozone.scm.db.dirs is not configured. We recommend adding this setting. Falling back to ozone.metadata.dirs instead.
2022-11-23 12:07:30,850 [Listener at 0.0.0.0/41747] INFO  ha.SCMHANodeDetails (SCMHANodeDetails.java:loadSCMHAConfig(209)) - ServiceID for StorageContainerManager is null
2022-11-23 12:07:30,850 [Listener at 0.0.0.0/41747] INFO  ha.SCMHANodeDetails (SCMHANodeDetails.java:loadSCMHAConfig(214)) - ozone.scm.default.service.id is not defined, falling back to ozone.scm.service.ids to find serviceID for StorageContainerManager if it is HA enabled cluster
2022-11-23 12:07:30,851 [Listener at 0.0.0.0/41747] WARN  utils.HAUtils (HAUtils.java:getMetaDir(342)) - ozone.scm.db.dirs is not configured. We recommend adding this setting. Falling back to ozone.metadata.dirs instead.
2022-11-23 12:07:30,851 [Listener at 0.0.0.0/41747] WARN  db.DBStoreBuilder (DBStoreBuilder.java:applyDBDefinition(144)) - ozone.scm.db.dirs is not configured. We recommend adding this setting. Falling back to ozone.metadata.dirs instead.
2022-11-23 12:07:30,873 [grpc-default-executor-19] WARN  server.GrpcLogAppender (LogUtils.java:warn(122)) - 23a93132-5f46-46ff-a00f-e8b8e96ed379@group-2BABB1334063->d25935c7-9680-4f09-83cd-d338e09c0605-AppendLogResponseHandler: Failed appendEntries: org.apache.ratis.thirdparty.io.grpc.StatusRuntimeException: UNAVAILABLE: io exception
2022-11-23 12:07:30,873 [grpc-default-executor-19] INFO  leader.FollowerInfo (FollowerInfoImpl.java:lambda$new$0(48)) - 23a93132-5f46-46ff-a00f-e8b8e96ed379@group-2BABB1334063->d25935c7-9680-4f09-83cd-d338e09c0605: nextIndex: updateUnconditionally 15 -> 14
2022-11-23 12:07:30,873 [grpc-default-executor-10] WARN  server.GrpcLogAppender (LogUtils.java:warn(122)) - 23a93132-5f46-46ff-a00f-e8b8e96ed379@group-2BABB1334063->d25935c7-9680-4f09-83cd-d338e09c0605-AppendLogResponseHandler: Failed appendEntries: org.apache.ratis.thirdparty.io.grpc.StatusRuntimeException: UNAVAILABLE: io exception
2022-11-23 12:07:30,873 [grpc-default-executor-10] INFO  leader.FollowerInfo (FollowerInfoImpl.java:lambda$new$0(48)) - 23a93132-5f46-46ff-a00f-e8b8e96ed379@group-2BABB1334063->d25935c7-9680-4f09-83cd-d338e09c0605: nextIndex: updateUnconditionally 14 -> 13
2022-11-23 12:07:30,876 [grpc-default-executor-10] WARN  server.GrpcLogAppender (LogUtils.java:warn(122)) - 23a93132-5f46-46ff-a00f-e8b8e96ed379@group-2BABB1334063->4cf88e88-4098-40f9-846c-84288099b2d2-AppendLogResponseHandler: Failed appendEntries: org.apache.ratis.thirdparty.io.grpc.StatusRuntimeException: UNAVAILABLE: io exception
2022-11-23 12:07:30,877 [grpc-default-executor-10] INFO  leader.FollowerInfo (FollowerInfoImpl.java:lambda$new$0(48)) - 23a93132-5f46-46ff-a00f-e8b8e96ed379@group-2BABB1334063->4cf88e88-4098-40f9-846c-84288099b2d2: nextIndex: updateUnconditionally 21 -> 20
2022-11-23 12:07:30,877 [grpc-default-executor-19] WARN  server.GrpcLogAppender (LogUtils.java:warn(122)) - 23a93132-5f46-46ff-a00f-e8b8e96ed379@group-2BABB1334063->4cf88e88-4098-40f9-846c-84288099b2d2-AppendLogResponseHandler: Failed appendEntries: org.apache.ratis.thirdparty.io.grpc.StatusRuntimeException: UNAVAILABLE: io exception
2022-11-23 12:07:30,878 [grpc-default-executor-19] INFO  leader.FollowerInfo (FollowerInfoImpl.java:lambda$new$0(48)) - 23a93132-5f46-46ff-a00f-e8b8e96ed379@group-2BABB1334063->4cf88e88-4098-40f9-846c-84288099b2d2: nextIndex: updateUnconditionally 20 -> 19
2022-11-23 12:07:30,883 [grpc-default-executor-19] WARN  server.GrpcLogAppender (LogUtils.java:warn(122)) - 23a93132-5f46-46ff-a00f-e8b8e96ed379@group-2BABB1334063->d25935c7-9680-4f09-83cd-d338e09c0605-AppendLogResponseHandler: Failed appendEntries: org.apache.ratis.thirdparty.io.grpc.StatusRuntimeException: UNAVAILABLE: io exception
2022-11-23 12:07:30,883 [grpc-default-executor-19] INFO  leader.FollowerInfo (FollowerInfoImpl.java:lambda$new$0(48)) - 23a93132-5f46-46ff-a00f-e8b8e96ed379@group-2BABB1334063->d25935c7-9680-4f09-83cd-d338e09c0605: nextIndex: updateUnconditionally 14 -> 13
2022-11-23 12:07:30,883 [grpc-default-executor-10] WARN  server.GrpcLogAppender (LogUtils.java:warn(122)) - 23a93132-5f46-46ff-a00f-e8b8e96ed379@group-2BABB1334063->d25935c7-9680-4f09-83cd-d338e09c0605-AppendLogResponseHandler: Failed appendEntries: org.apache.ratis.thirdparty.io.grpc.StatusRuntimeException: UNAVAILABLE: io exception
2022-11-23 12:07:30,883 [grpc-default-executor-10] INFO  leader.FollowerInfo (FollowerInfoImpl.java:lambda$new$0(48)) - 23a93132-5f46-46ff-a00f-e8b8e96ed379@group-2BABB1334063->d25935c7-9680-4f09-83cd-d338e09c0605: nextIndex: updateUnconditionally 13 -> 12
2022-11-23 12:07:30,887 [grpc-default-executor-10] WARN  server.GrpcLogAppender (LogUtils.java:warn(122)) - 23a93132-5f46-46ff-a00f-e8b8e96ed379@group-2BABB1334063->4cf88e88-4098-40f9-846c-84288099b2d2-AppendLogResponseHandler: Failed appendEntries: org.apache.ratis.thirdparty.io.grpc.StatusRuntimeException: UNAVAILABLE: io exception
2022-11-23 12:07:30,888 [grpc-default-executor-10] INFO  leader.FollowerInfo (FollowerInfoImpl.java:lambda$new$0(48)) - 23a93132-5f46-46ff-a00f-e8b8e96ed379@group-2BABB1334063->4cf88e88-4098-40f9-846c-84288099b2d2: nextIndex: updateUnconditionally 20 -> 19
2022-11-23 12:07:30,888 [grpc-default-executor-19] WARN  server.GrpcLogAppender (LogUtils.java:warn(122)) - 23a93132-5f46-46ff-a00f-e8b8e96ed379@group-2BABB1334063->4cf88e88-4098-40f9-846c-84288099b2d2-AppendLogResponseHandler: Failed appendEntries: org.apache.ratis.thirdparty.io.grpc.StatusRuntimeException: UNAVAILABLE: io exception
2022-11-23 12:07:30,888 [grpc-default-executor-19] INFO  leader.FollowerInfo (FollowerInfoImpl.java:lambda$new$0(48)) - 23a93132-5f46-46ff-a00f-e8b8e96ed379@group-2BABB1334063->4cf88e88-4098-40f9-846c-84288099b2d2: nextIndex: updateUnconditionally 19 -> 18
2022-11-23 12:07:30,970 [Listener at 0.0.0.0/41747] INFO  net.NodeSchemaLoader (NodeSchemaLoader.java:loadSchemaFromFile(129)) - Loading schema from [jar:file:/home/runner/.m2/repository/org/apache/ozone/hdds-common/1.3.0-SNAPSHOT/hdds-common-1.3.0-SNAPSHOT.jar!/network-topology-default.xml]
2022-11-23 12:07:30,970 [Listener at 0.0.0.0/41747] INFO  net.NodeSchemaLoader (NodeSchemaLoader.java:loadSchema(176)) - Loading network topology layer schema file
2022-11-23 12:07:30,984 [Listener at 0.0.0.0/41747] INFO  upgrade.AbstractLayoutVersionManager (AbstractLayoutVersionManager.java:init(83)) - Initializing Layout version manager with metadata layout = DATANODE_SCHEMA_V3 (version = 4), software layout = DATANODE_SCHEMA_V3 (version = 4)
2022-11-23 12:07:31,087 [Listener at 0.0.0.0/41747] INFO  reflections.Reflections (Reflections.java:scan(232)) - Reflections took 100 ms to scan 7 urls, producing 140 keys and 342 values 
2022-11-23 12:07:31,090 [Listener at 0.0.0.0/41747] INFO  ha.SequenceIdGenerator (SequenceIdGenerator.java:<init>(220)) - Init the HA SequenceIdGenerator.
2022-11-23 12:07:31,098 [Listener at 0.0.0.0/41747] INFO  node.SCMNodeManager (SCMNodeManager.java:<init>(149)) - Entering startup safe mode.
2022-11-23 12:07:31,098 [Listener at 0.0.0.0/41747] INFO  algorithms.ContainerPlacementPolicyFactory (ContainerPlacementPolicyFactory.java:getPolicyInternal(86)) - Create container placement policy of type org.apache.hadoop.hdds.scm.container.placement.algorithms.SCMContainerPlacementRandom
2022-11-23 12:07:31,099 [Listener at 0.0.0.0/41747] INFO  algorithms.ContainerPlacementPolicyFactory (ContainerPlacementPolicyFactory.java:getPolicyInternal(86)) - Create container placement policy of type org.apache.hadoop.hdds.scm.container.placement.algorithms.SCMContainerPlacementRackScatter
2022-11-23 12:07:31,099 [Listener at 0.0.0.0/41747] INFO  algorithms.LeaderChoosePolicyFactory (LeaderChoosePolicyFactory.java:getPolicy(57)) - Create leader choose policy of type org.apache.hadoop.hdds.scm.pipeline.leader.choose.algorithms.MinLeaderCountChoosePolicy
2022-11-23 12:07:31,100 [Listener at 0.0.0.0/41747] INFO  algorithms.ContainerPlacementPolicyFactory (ContainerPlacementPolicyFactory.java:getPolicyInternal(86)) - Create container placement policy of type org.apache.hadoop.hdds.scm.container.placement.algorithms.SCMContainerPlacementRackScatter
2022-11-23 12:07:31,100 [Listener at 0.0.0.0/41747] INFO  ha.SCMServiceManager (SCMServiceManager.java:register(42)) - Registering service BackgroundPipelineCreator.
2022-11-23 12:07:31,100 [Listener at 0.0.0.0/41747] INFO  pipeline.BackgroundPipelineCreator (BackgroundPipelineCreator.java:start(124)) - Starting RatisPipelineUtilsThread.
2022-11-23 12:07:31,105 [Listener at 0.0.0.0/41747] INFO  BackgroundPipelineScrubber (BackgroundSCMService.java:start(68)) - Starting BackgroundPipelineScrubber Service.
2022-11-23 12:07:31,109 [Listener at 0.0.0.0/41747] INFO  ha.SCMServiceManager (SCMServiceManager.java:register(42)) - Registering service BackgroundPipelineScrubber.
2022-11-23 12:07:31,110 [Listener at 0.0.0.0/41747] INFO  ExpiredContainerReplicaOpScrubber (BackgroundSCMService.java:start(68)) - Starting ExpiredContainerReplicaOpScrubber Service.
2022-11-23 12:07:31,113 [Listener at 0.0.0.0/41747] INFO  ha.SCMServiceManager (SCMServiceManager.java:register(42)) - Registering service ExpiredContainerReplicaOpScrubber.
2022-11-23 12:07:31,115 [Listener at 0.0.0.0/41747] INFO  algorithms.PipelineChoosePolicyFactory (PipelineChoosePolicyFactory.java:createPipelineChoosePolicyFromClass(73)) - Create pipeline choose policy of type org.apache.hadoop.hdds.scm.pipeline.choose.algorithms.RandomPipelineChoosePolicy
2022-11-23 12:07:31,115 [Listener at 0.0.0.0/41747] INFO  ha.SCMServiceManager (SCMServiceManager.java:register(42)) - Registering service SCMBlockDeletingService.
2022-11-23 12:07:31,115 [Listener at 0.0.0.0/41747] INFO  replication.ReplicationManager (ReplicationManager.java:start(253)) - Starting Replication Monitor Thread.
2022-11-23 12:07:31,134 [Listener at 0.0.0.0/41747] INFO  ha.SCMServiceManager (SCMServiceManager.java:register(42)) - Registering service ReplicationManager.
2022-11-23 12:07:31,134 [Listener at 0.0.0.0/41747] INFO  safemode.ContainerSafeModeRule (ContainerSafeModeRule.java:<init>(89)) - containers with one replica threshold count 0
2022-11-23 12:07:31,135 [Listener at 0.0.0.0/41747] INFO  safemode.HealthyPipelineSafeModeRule (HealthyPipelineSafeModeRule.java:initializeRule(169)) - Total pipeline count is 1, healthy pipeline threshold count is 1
2022-11-23 12:07:31,135 [Listener at 0.0.0.0/41747] INFO  safemode.OneReplicaPipelineSafeModeRule (OneReplicaPipelineSafeModeRule.java:initializeRule(180)) - Total pipeline count is 1, pipeline's with at least one datanode reported threshold count is 1
2022-11-23 12:07:31,138 [Listener at 0.0.0.0/41747] INFO  ipc.CallQueueManager (CallQueueManager.java:<init>(90)) - Using callQueue: class java.util.concurrent.LinkedBlockingQueue, queueCapacity: 2000, scheduler: class org.apache.hadoop.ipc.DefaultRpcScheduler, ipcBackoff: false.
2022-11-23 12:07:31,142 [Socket Reader #1 for port 41047] INFO  ipc.Server (Server.java:run(1273)) - Starting Socket Reader #1 for port 41047
2022-11-23 12:07:31,145 [Listener at 0.0.0.0/41047] INFO  ipc.CallQueueManager (CallQueueManager.java:<init>(90)) - Using callQueue: class java.util.concurrent.LinkedBlockingQueue, queueCapacity: 2000, scheduler: class org.apache.hadoop.ipc.DefaultRpcScheduler, ipcBackoff: false.
2022-11-23 12:07:31,148 [Socket Reader #1 for port 45167] INFO  ipc.Server (Server.java:run(1273)) - Starting Socket Reader #1 for port 45167
2022-11-23 12:07:31,151 [Listener at 0.0.0.0/45167] INFO  ipc.CallQueueManager (CallQueueManager.java:<init>(90)) - Using callQueue: class java.util.concurrent.LinkedBlockingQueue, queueCapacity: 2000, scheduler: class org.apache.hadoop.ipc.DefaultRpcScheduler, ipcBackoff: false.
2022-11-23 12:07:31,164 [ReplicationMonitor] INFO  replication.ReplicationManager (ReplicationManager.java:processAll(322)) - Replication Manager is not ready to run until 3000ms after safemode exit
2022-11-23 12:07:31,167 [Mini-Cluster-Provider-Reap] INFO  volume.HddsVolume (HddsVolume.java:closeDbStore(338)) - SchemaV3 db is stopped at /home/runner/work/ozone/ozone/hadoop-ozone/integration-test/target/test-dir/MiniOzoneClusterImpl-ebe43555-68d4-45be-bb73-f0d85d5884a6/datanode-3/data-0/containers/hdds/ebe43555-68d4-45be-bb73-f0d85d5884a6/DS-98f11912-07e1-4659-81d9-6c9920a4442f/container.db for volume DS-98f11912-07e1-4659-81d9-6c9920a4442f
2022-11-23 12:07:31,170 [Listener at 0.0.0.0/39971] INFO  ha.SCMServiceManager (SCMServiceManager.java:register(42)) - Registering service ContainerBalancer.
2022-11-23 12:07:31,170 [Listener at 0.0.0.0/39971] INFO  server.StorageContainerManager (StorageContainerManager.java:<init>(417)) - 
Container Balancer status:
Key                            Value
Running                        true
Container Balancer Configuration values:
Key                                                Value
Threshold                                          10
Max Datanodes to Involve per Iteration(percent)    20
Max Size to Move per Iteration                     500GB
Max Size Entering Target per Iteration             26GB
Max Size Leaving Source per Iteration              26GB

2022-11-23 12:07:31,174 [Listener at 0.0.0.0/39971] WARN  events.EventQueue (EventQueue.java:fireEvent(216)) - No event handler registered for event TypedEvent{payloadType=SafeModeStatus, name='Safe mode status'}
2022-11-23 12:07:31,174 [Listener at 0.0.0.0/39971] INFO  ha.SCMContext (SCMContext.java:updateSafeModeStatus(228)) - Update SafeModeStatus from SafeModeStatus{safeModeStatus=true, preCheckPassed=false} to SafeModeStatus{safeModeStatus=true, preCheckPassed=false}.
2022-11-23 12:07:31,175 [Listener at 0.0.0.0/39971] INFO  server.StorageContainerManager (StorageContainerManager.java:start(1470)) - StorageContainerLocationProtocol RPC server is listening at /0.0.0.0:39971
2022-11-23 12:07:31,176 [Socket Reader #1 for port 39971] INFO  ipc.Server (Server.java:run(1273)) - Starting Socket Reader #1 for port 39971
2022-11-23 12:07:31,177 [Listener at 0.0.0.0/39971] WARN  impl.MetricsConfig (MetricsConfig.java:loadFirst(136)) - Cannot locate configuration: tried hadoop-metrics2-storagecontainermanager.properties,hadoop-metrics2.properties
2022-11-23 12:07:31,180 [Mini-Cluster-Provider-Reap] INFO  utils.BackgroundService (BackgroundService.java:shutdown(141)) - Shutting down service BlockDeletingService
2022-11-23 12:07:31,181 [Mini-Cluster-Provider-Reap] INFO  utils.BackgroundService (BackgroundService.java:shutdown(141)) - Shutting down service StaleRecoveringContainerScrubbingService
2022-11-23 12:07:31,187 [Listener at 0.0.0.0/39971] INFO  impl.MetricsSystemImpl (MetricsSystemImpl.java:startTimer(378)) - Scheduled Metric snapshot period at 10 second(s).
2022-11-23 12:07:31,187 [Listener at 0.0.0.0/39971] INFO  impl.MetricsSystemImpl (MetricsSystemImpl.java:start(191)) - StorageContainerManager metrics system started
2022-11-23 12:07:31,229 [Listener at 0.0.0.0/39971] INFO  impl.MetricsSinkAdapter (MetricsSinkAdapter.java:start(204)) - Sink prometheus started
2022-11-23 12:07:31,229 [Listener at 0.0.0.0/39971] INFO  impl.MetricsSystemImpl (MetricsSystemImpl.java:registerSink(305)) - Registered sink prometheus
2022-11-23 12:07:31,247 [ForkJoinPool.commonPool-worker-1] INFO  volume.HddsVolume (HddsVolume.java:closeDbStore(338)) - SchemaV3 db is stopped at /home/runner/work/ozone/ozone/hadoop-ozone/integration-test/target/test-dir/MiniOzoneClusterImpl-ebe43555-68d4-45be-bb73-f0d85d5884a6/datanode-0/data-0/containers/hdds/ebe43555-68d4-45be-bb73-f0d85d5884a6/DS-aac9ef81-58b6-4868-9e16-1bb66fd4de3a/container.db for volume DS-aac9ef81-58b6-4868-9e16-1bb66fd4de3a
2022-11-23 12:07:31,254 [ForkJoinPool.commonPool-worker-1] INFO  utils.BackgroundService (BackgroundService.java:shutdown(141)) - Shutting down service BlockDeletingService
2022-11-23 12:07:31,255 [ForkJoinPool.commonPool-worker-1] INFO  utils.BackgroundService (BackgroundService.java:shutdown(141)) - Shutting down service StaleRecoveringContainerScrubbingService
2022-11-23 12:07:31,260 [Mini-Cluster-Provider-Reap] INFO  statemachine.DatanodeStateMachine (DatanodeStateMachine.java:stopDaemon(593)) - Ozone container server stopped.
2022-11-23 12:07:31,263 [ForkJoinPool.commonPool-worker-1] INFO  statemachine.DatanodeStateMachine (DatanodeStateMachine.java:stopDaemon(593)) - Ozone container server stopped.
2022-11-23 12:07:31,280 [Mini-Cluster-Provider-Reap] INFO  handler.ContextHandler (ContextHandler.java:doStop(1159)) - Stopped o.e.j.w.WebAppContext@676feb9a{hddsDatanode,/,null,STOPPED}{jar:file:/home/runner/.m2/repository/org/apache/ozone/hdds-container-service/1.3.0-SNAPSHOT/hdds-container-service-1.3.0-SNAPSHOT.jar!/webapps/hddsDatanode}
2022-11-23 12:07:31,282 [ForkJoinPool.commonPool-worker-1] INFO  handler.ContextHandler (ContextHandler.java:doStop(1159)) - Stopped o.e.j.w.WebAppContext@3fc004ff{hddsDatanode,/,null,STOPPED}{jar:file:/home/runner/.m2/repository/org/apache/ozone/hdds-container-service/1.3.0-SNAPSHOT/hdds-container-service-1.3.0-SNAPSHOT.jar!/webapps/hddsDatanode}
2022-11-23 12:07:31,282 [Mini-Cluster-Provider-Reap] INFO  server.AbstractConnector (AbstractConnector.java:doStop(383)) - Stopped ServerConnector@2f81a93d{HTTP/1.1, (http/1.1)}{0.0.0.0:0}
2022-11-23 12:07:31,282 [Mini-Cluster-Provider-Reap] INFO  server.session (HouseKeeper.java:stopScavenging(149)) - node0 Stopped scavenging
2022-11-23 12:07:31,283 [ForkJoinPool.commonPool-worker-1] INFO  server.AbstractConnector (AbstractConnector.java:doStop(383)) - Stopped ServerConnector@3057edb2{HTTP/1.1, (http/1.1)}{0.0.0.0:0}
2022-11-23 12:07:31,283 [ForkJoinPool.commonPool-worker-1] INFO  server.session (HouseKeeper.java:stopScavenging(149)) - node0 Stopped scavenging
2022-11-23 12:07:31,283 [ForkJoinPool.commonPool-worker-1] INFO  handler.ContextHandler (ContextHandler.java:doStop(1159)) - Stopped o.e.j.s.ServletContextHandler@2ba82fac{static,/static,jar:file:/home/runner/.m2/repository/org/apache/ozone/hdds-container-service/1.3.0-SNAPSHOT/hdds-container-service-1.3.0-SNAPSHOT.jar!/webapps/static,STOPPED}
2022-11-23 12:07:31,283 [ForkJoinPool.commonPool-worker-1] INFO  handler.ContextHandler (ContextHandler.java:doStop(1159)) - Stopped o.e.j.s.ServletContextHandler@595698f3{logs,/logs,file:///home/runner/work/ozone/ozone/hadoop-ozone/integration-test/target/log,STOPPED}
2022-11-23 12:07:31,283 [Mini-Cluster-Provider-Reap] INFO  handler.ContextHandler (ContextHandler.java:doStop(1159)) - Stopped o.e.j.s.ServletContextHandler@39a73d32{static,/static,jar:file:/home/runner/.m2/repository/org/apache/ozone/hdds-container-service/1.3.0-SNAPSHOT/hdds-container-service-1.3.0-SNAPSHOT.jar!/webapps/static,STOPPED}
2022-11-23 12:07:31,284 [Mini-Cluster-Provider-Reap] INFO  handler.ContextHandler (ContextHandler.java:doStop(1159)) - Stopped o.e.j.s.ServletContextHandler@290be675{logs,/logs,file:///home/runner/work/ozone/ozone/hadoop-ozone/integration-test/target/log,STOPPED}
2022-11-23 12:07:31,290 [Listener at 0.0.0.0/39971] INFO  server.SCMClientProtocolServer (SCMClientProtocolServer.java:start(170)) - RPC server for Client  is listening at /0.0.0.0:39971
2022-11-23 12:07:31,294 [IPC Server Responder] INFO  ipc.Server (Server.java:run(1512)) - IPC Server Responder: starting
2022-11-23 12:07:31,302 [IPC Server listener on 39971] INFO  ipc.Server (Server.java:run(1352)) - IPC Server listener on 39971: starting
2022-11-23 12:07:31,318 [ForkJoinPool.commonPool-worker-1] INFO  ozoneimpl.OzoneContainer (OzoneContainer.java:stop(417)) - Attempting to stop container services.
2022-11-23 12:07:31,369 [EventQueue-StaleNodeForStaleNodeHandler] INFO  node.StaleNodeHandler (StaleNodeHandler.java:onMessage(59)) - Datanode ff3b5804-9dce-4653-b2ab-441aded0e089{ip: 10.1.0.13, host: fv-az105-298.wy5h1aom0jgehahef1oyr10hrc.bx.internal.cloudapp.net, ports: [REPLICATION=41023, RATIS=33005, RATIS_ADMIN=33005, RATIS_SERVER=33005, STANDALONE=35545], networkLocation: /default-rack, certSerialId: null, persistedOpState: IN_SERVICE, persistedOpStateExpiryEpochSec: 0} moved to stale state. Finalizing its pipelines [PipelineID=aa3f82b6-4134-4044-871a-91b0c7243cfc, PipelineID=cf32e734-eadc-4240-9880-fa83f32315b5]
2022-11-23 12:07:31,370 [EventQueue-StaleNodeForStaleNodeHandler] INFO  pipeline.PipelineManagerImpl (PipelineManagerImpl.java:closePipeline(442)) - Pipeline Pipeline[ Id: aa3f82b6-4134-4044-871a-91b0c7243cfc, Nodes: ff3b5804-9dce-4653-b2ab-441aded0e089{ip: 10.1.0.13, host: fv-az105-298.wy5h1aom0jgehahef1oyr10hrc.bx.internal.cloudapp.net, ports: [REPLICATION=41023, RATIS=33005, RATIS_ADMIN=33005, RATIS_SERVER=33005, STANDALONE=35545], networkLocation: /default-rack, certSerialId: null, persistedOpState: IN_SERVICE, persistedOpStateExpiryEpochSec: 0}, ReplicationConfig: RATIS/ONE, State:OPEN, leaderId:ff3b5804-9dce-4653-b2ab-441aded0e089, CreationTimestamp2022-11-23T12:07:19.657Z[Etc/UTC]] moved to CLOSED state
2022-11-23 12:07:31,410 [Listener at 0.0.0.0/39971] INFO  server.StorageContainerManager (StorageContainerManager.java:start(1485)) - ScmBlockLocationProtocol RPC server is listening at /0.0.0.0:45167
2022-11-23 12:07:31,410 [Listener at 0.0.0.0/39971] INFO  server.SCMBlockProtocolServer (SCMBlockProtocolServer.java:start(152)) - RPC server for Block Protocol is listening at /0.0.0.0:45167
2022-11-23 12:07:31,414 [IPC Server Responder] INFO  ipc.Server (Server.java:run(1512)) - IPC Server Responder: starting
2022-11-23 12:07:31,417 [IPC Server listener on 45167] INFO  ipc.Server (Server.java:run(1352)) - IPC Server listener on 45167: starting
2022-11-23 12:07:31,505 [Listener at 0.0.0.0/39971] INFO  server.SCMDatanodeProtocolServer (SCMDatanodeProtocolServer.java:start(186)) - ScmDatanodeProtocol RPC server for DataNodes is listening at /0.0.0.0:41047
2022-11-23 12:07:31,511 [ForkJoinPool.commonPool-worker-1] INFO  server.RaftServer (RaftServerProxy.java:lambda$close$6(409)) - 0a01f95b-2968-4236-b6d7-cab75d1b461a: close
2022-11-23 12:07:31,514 [IPC Server Responder] INFO  ipc.Server (Server.java:run(1512)) - IPC Server Responder: starting
2022-11-23 12:07:31,517 [IPC Server listener on 41047] INFO  ipc.Server (Server.java:run(1352)) - IPC Server listener on 41047: starting
2022-11-23 12:07:31,528 [0a01f95b-2968-4236-b6d7-cab75d1b461a-impl-thread2] INFO  server.RaftServer$Division (RaftServerImpl.java:lambda$close$4(458)) - 0a01f95b-2968-4236-b6d7-cab75d1b461a@group-1A75F54D5AEE: shutdown
2022-11-23 12:07:31,528 [0a01f95b-2968-4236-b6d7-cab75d1b461a-impl-thread2] INFO  util.JmxRegister (JmxRegister.java:unregister(73)) - Successfully un-registered JMX Bean with object name Ratis:service=RaftServer,group=group-1A75F54D5AEE,id=0a01f95b-2968-4236-b6d7-cab75d1b461a
2022-11-23 12:07:31,528 [0a01f95b-2968-4236-b6d7-cab75d1b461a-impl-thread2] INFO  impl.RoleInfo (RoleInfo.java:shutdownLeaderState(93)) - 0a01f95b-2968-4236-b6d7-cab75d1b461a: shutdown 0a01f95b-2968-4236-b6d7-cab75d1b461a@group-1A75F54D5AEE-LeaderStateImpl
2022-11-23 12:07:31,528 [0a01f95b-2968-4236-b6d7-cab75d1b461a-impl-thread2] INFO  impl.PendingRequests (PendingRequests.java:sendNotLeaderResponses(282)) - 0a01f95b-2968-4236-b6d7-cab75d1b461a@group-1A75F54D5AEE-PendingRequests: sendNotLeaderResponses
2022-11-23 12:07:31,530 [ForkJoinPool.commonPool-worker-1] INFO  server.GrpcService (GrpcService.java:closeImpl(279)) - 0a01f95b-2968-4236-b6d7-cab75d1b461a: shutdown server GrpcServerProtocolService now
2022-11-23 12:07:31,530 [Command processor thread] ERROR commandhandler.CloseContainerCommandHandler (CloseContainerCommandHandler.java:handle(133)) - Can't close container #2
java.io.IOException
	at org.apache.hadoop.ozone.container.common.transport.server.ratis.XceiverServerRatis.submitRequest(XceiverServerRatis.java:589)
	at org.apache.hadoop.ozone.container.common.statemachine.commandhandler.CloseContainerCommandHandler.handle(CloseContainerCommandHandler.java:105)
	at org.apache.hadoop.ozone.container.common.statemachine.commandhandler.CommandDispatcher.handle(CommandDispatcher.java:99)
	at org.apache.hadoop.ozone.container.common.statemachine.DatanodeStateMachine.lambda$initCommandHandlerThread$3(DatanodeStateMachine.java:634)
	at java.lang.Thread.run(Thread.java:750)
Caused by: java.lang.InterruptedException
	at java.util.concurrent.CompletableFuture.reportGet(CompletableFuture.java:347)
	at java.util.concurrent.CompletableFuture.get(CompletableFuture.java:1928)
	at org.apache.hadoop.ozone.container.common.transport.server.ratis.XceiverServerRatis.submitRequest(XceiverServerRatis.java:584)
	... 4 more
2022-11-23 12:07:31,530 [0a01f95b-2968-4236-b6d7-cab75d1b461a@group-1A75F54D5AEE-StateMachineUpdater] INFO  ratis.ContainerStateMachine (ContainerStateMachine.java:takeSnapshot(304)) - group-1A75F54D5AEE: Taking a snapshot at:(t:1, i:0) file /home/runner/work/ozone/ozone/hadoop-ozone/integration-test/target/test-dir/MiniOzoneClusterImpl-ebe43555-68d4-45be-bb73-f0d85d5884a6/datanode-6/data/ratis/482a1c78-485d-4c18-b1a7-1a75f54d5aee/sm/snapshot.1_0
2022-11-23 12:07:31,531 [0a01f95b-2968-4236-b6d7-cab75d1b461a-impl-thread2] INFO  impl.StateMachineUpdater (StateMachineUpdater.java:stopAndJoin(153)) - 0a01f95b-2968-4236-b6d7-cab75d1b461a@group-1A75F54D5AEE-StateMachineUpdater: set stopIndex = 0
2022-11-23 12:07:31,531 [0a01f95b-2968-4236-b6d7-cab75d1b461a-impl-thread3] INFO  server.RaftServer$Division (RaftServerImpl.java:lambda$close$4(458)) - 0a01f95b-2968-4236-b6d7-cab75d1b461a@group-FA83F32315B5: shutdown
2022-11-23 12:07:31,531 [0a01f95b-2968-4236-b6d7-cab75d1b461a-impl-thread3] INFO  util.JmxRegister (JmxRegister.java:unregister(73)) - Successfully un-registered JMX Bean with object name Ratis:service=RaftServer,group=group-FA83F32315B5,id=0a01f95b-2968-4236-b6d7-cab75d1b461a
2022-11-23 12:07:31,531 [0a01f95b-2968-4236-b6d7-cab75d1b461a-impl-thread3] INFO  impl.RoleInfo (RoleInfo.java:shutdownLeaderState(93)) - 0a01f95b-2968-4236-b6d7-cab75d1b461a: shutdown 0a01f95b-2968-4236-b6d7-cab75d1b461a@group-FA83F32315B5-LeaderStateImpl
2022-11-23 12:07:31,532 [0a01f95b-2968-4236-b6d7-cab75d1b461a@group-1A75F54D5AEE-StateMachineUpdater] INFO  ratis.ContainerStateMachine (ContainerStateMachine.java:takeSnapshot(315)) - group-1A75F54D5AEE: Finished taking a snapshot at:(t:1, i:0) file:/home/runner/work/ozone/ozone/hadoop-ozone/integration-test/target/test-dir/MiniOzoneClusterImpl-ebe43555-68d4-45be-bb73-f0d85d5884a6/datanode-6/data/ratis/482a1c78-485d-4c18-b1a7-1a75f54d5aee/sm/snapshot.1_0 took: 1 ms
2022-11-23 12:07:31,532 [0a01f95b-2968-4236-b6d7-cab75d1b461a@group-1A75F54D5AEE-StateMachineUpdater] INFO  impl.StateMachineUpdater (StateMachineUpdater.java:takeSnapshot(287)) - 0a01f95b-2968-4236-b6d7-cab75d1b461a@group-1A75F54D5AEE-StateMachineUpdater: Took a snapshot at index 0
2022-11-23 12:07:31,532 [0a01f95b-2968-4236-b6d7-cab75d1b461a@group-1A75F54D5AEE-StateMachineUpdater] INFO  impl.StateMachineUpdater (StateMachineUpdater.java:lambda$new$0(92)) - 0a01f95b-2968-4236-b6d7-cab75d1b461a@group-1A75F54D5AEE-StateMachineUpdater: snapshotIndex: updateIncreasingly -1 -> 0
2022-11-23 12:07:31,533 [0a01f95b-2968-4236-b6d7-cab75d1b461a-impl-thread2] INFO  server.RaftServer$Division (ServerState.java:close(466)) - 0a01f95b-2968-4236-b6d7-cab75d1b461a@group-1A75F54D5AEE: closes. applyIndex: 0
2022-11-23 12:07:31,539 [0a01f95b-2968-4236-b6d7-cab75d1b461a@group-1A75F54D5AEE-SegmentedRaftLogWorker] INFO  segmented.SegmentedRaftLogWorker (SegmentedRaftLogWorker.java:run(345)) - 0a01f95b-2968-4236-b6d7-cab75d1b461a@group-1A75F54D5AEE-SegmentedRaftLogWorker was interrupted, exiting. There are 0 tasks remaining in the queue.
2022-11-23 12:07:31,542 [0a01f95b-2968-4236-b6d7-cab75d1b461a-impl-thread2] INFO  segmented.SegmentedRaftLogWorker (SegmentedRaftLogWorker.java:close(255)) - 0a01f95b-2968-4236-b6d7-cab75d1b461a@group-1A75F54D5AEE-SegmentedRaftLogWorker close()
2022-11-23 12:07:31,546 [0a01f95b-2968-4236-b6d7-cab75d1b461a-impl-thread3] INFO  impl.PendingRequests (PendingRequests.java:sendNotLeaderResponses(282)) - 0a01f95b-2968-4236-b6d7-cab75d1b461a@group-FA83F32315B5-PendingRequests: sendNotLeaderResponses
2022-11-23 12:07:31,547 [0a01f95b-2968-4236-b6d7-cab75d1b461a-impl-thread3] INFO  impl.StateMachineUpdater (StateMachineUpdater.java:stopAndJoin(153)) - 0a01f95b-2968-4236-b6d7-cab75d1b461a@group-FA83F32315B5-StateMachineUpdater: set stopIndex = 0
2022-11-23 12:07:31,547 [0a01f95b-2968-4236-b6d7-cab75d1b461a@group-FA83F32315B5-StateMachineUpdater] INFO  ratis.ContainerStateMachine (ContainerStateMachine.java:takeSnapshot(304)) - group-FA83F32315B5: Taking a snapshot at:(t:1, i:0) file /home/runner/work/ozone/ozone/hadoop-ozone/integration-test/target/test-dir/MiniOzoneClusterImpl-ebe43555-68d4-45be-bb73-f0d85d5884a6/datanode-6/data/ratis/cf32e734-eadc-4240-9880-fa83f32315b5/sm/snapshot.1_0
2022-11-23 12:07:31,548 [ForkJoinPool.commonPool-worker-1] INFO  server.GrpcServerProtocolClient (GrpcServerProtocolClient.java:close(111)) - ff3b5804-9dce-4653-b2ab-441aded0e089 Close channels
2022-11-23 12:07:31,548 [0a01f95b-2968-4236-b6d7-cab75d1b461a@group-FA83F32315B5-StateMachineUpdater] INFO  ratis.ContainerStateMachine (ContainerStateMachine.java:takeSnapshot(315)) - group-FA83F32315B5: Finished taking a snapshot at:(t:1, i:0) file:/home/runner/work/ozone/ozone/hadoop-ozone/integration-test/target/test-dir/MiniOzoneClusterImpl-ebe43555-68d4-45be-bb73-f0d85d5884a6/datanode-6/data/ratis/cf32e734-eadc-4240-9880-fa83f32315b5/sm/snapshot.1_0 took: 1 ms
2022-11-23 12:07:31,560 [ForkJoinPool.commonPool-worker-1] INFO  server.GrpcServerProtocolClient (GrpcServerProtocolClient.java:close(111)) - a2951e81-4a17-4ada-9fa4-4ea57ab8d3ce Close channels
2022-11-23 12:07:31,561 [ForkJoinPool.commonPool-worker-1] INFO  server.GrpcService (GrpcService.java:closeImpl(288)) - 0a01f95b-2968-4236-b6d7-cab75d1b461a: shutdown server GrpcServerProtocolService successfully
2022-11-23 12:07:31,562 [Command processor thread] INFO  server.RaftServer (RaftServerProxy.java:remove(107)) - 2f53493c-3a9e-4904-8cf8-ac1f6fb0520e: remove  FOLLOWER 2f53493c-3a9e-4904-8cf8-ac1f6fb0520e@group-006AB7B14A94:t1, leader=f22cc5c0-3e38-414a-900c-2421eb232dd6, voted=f22cc5c0-3e38-414a-900c-2421eb232dd6, raftlog=Memoized:2f53493c-3a9e-4904-8cf8-ac1f6fb0520e@group-006AB7B14A94-SegmentedRaftLog:OPENED:c39, conf=0: peers:[2f53493c-3a9e-4904-8cf8-ac1f6fb0520e|rpc:10.1.0.13:43085|dataStream:|priority:0|startupRole:FOLLOWER, 2770806d-009d-48da-9d50-3d9453a3ad96|rpc:10.1.0.13:41085|dataStream:|priority:0|startupRole:FOLLOWER, f22cc5c0-3e38-414a-900c-2421eb232dd6|rpc:10.1.0.13:38335|dataStream:|priority:1|startupRole:FOLLOWER]|listeners:[], old=null RUNNING
2022-11-23 12:07:31,562 [Command processor thread] INFO  server.RaftServer$Division (RaftServerImpl.java:lambda$close$4(458)) - 2f53493c-3a9e-4904-8cf8-ac1f6fb0520e@group-006AB7B14A94: shutdown
2022-11-23 12:07:31,562 [Command processor thread] INFO  util.JmxRegister (JmxRegister.java:unregister(73)) - Successfully un-registered JMX Bean with object name Ratis:service=RaftServer,group=group-006AB7B14A94,id=2f53493c-3a9e-4904-8cf8-ac1f6fb0520e
2022-11-23 12:07:31,562 [Command processor thread] INFO  impl.RoleInfo (RoleInfo.java:shutdownFollowerState(110)) - 2f53493c-3a9e-4904-8cf8-ac1f6fb0520e: shutdown 2f53493c-3a9e-4904-8cf8-ac1f6fb0520e@group-006AB7B14A94-FollowerState
2022-11-23 12:07:31,562 [Command processor thread] INFO  impl.StateMachineUpdater (StateMachineUpdater.java:stopAndJoin(153)) - 2f53493c-3a9e-4904-8cf8-ac1f6fb0520e@group-006AB7B14A94-StateMachineUpdater: set stopIndex = 39
2022-11-23 12:07:31,562 [2f53493c-3a9e-4904-8cf8-ac1f6fb0520e@group-006AB7B14A94-FollowerState] INFO  impl.FollowerState (FollowerState.java:run(152)) - 2f53493c-3a9e-4904-8cf8-ac1f6fb0520e@group-006AB7B14A94-FollowerState was interrupted
2022-11-23 12:07:31,562 [IPC Server handler 0 on default port 41047] INFO  server.SCMDatanodeHeartbeatDispatcher (SCMDatanodeHeartbeatDispatcher.java:dispatch(108)) - SCM received heartbeat from an unregistered datanode 64b4f2a3-63f9-4506-b905-00bad38ce54f{ip: 10.1.0.13, host: fv-az105-298.wy5h1aom0jgehahef1oyr10hrc.bx.internal.cloudapp.net, ports: [REPLICATION=41259, RATIS=34647, RATIS_ADMIN=34647, RATIS_SERVER=34647, STANDALONE=34047], networkLocation: /default-rack, certSerialId: null, persistedOpState: null, persistedOpStateExpiryEpochSec: 0}. Asking datanode to re-register.
2022-11-23 12:07:31,563 [2f53493c-3a9e-4904-8cf8-ac1f6fb0520e@group-006AB7B14A94-StateMachineUpdater] INFO  ratis.ContainerStateMachine (ContainerStateMachine.java:takeSnapshot(304)) - group-006AB7B14A94: Taking a snapshot at:(t:1, i:39) file /home/runner/work/ozone/ozone/hadoop-ozone/integration-test/target/test-dir/MiniOzoneClusterImpl-dceccd61-1c79-4731-83b2-e5da109f0f32/datanode-1/data/ratis/2420c22c-1769-48ae-b1be-006ab7b14a94/sm/snapshot.1_39
2022-11-23 12:07:31,564 [Command processor thread] INFO  server.RaftServer (RaftServerProxy.java:remove(107)) - 2770806d-009d-48da-9d50-3d9453a3ad96: remove    LEADER 2770806d-009d-48da-9d50-3d9453a3ad96@group-07F9D19A5AE7:t1, leader=2770806d-009d-48da-9d50-3d9453a3ad96, voted=2770806d-009d-48da-9d50-3d9453a3ad96, raftlog=Memoized:2770806d-009d-48da-9d50-3d9453a3ad96@group-07F9D19A5AE7-SegmentedRaftLog:OPENED:c0, conf=0: peers:[2770806d-009d-48da-9d50-3d9453a3ad96|rpc:10.1.0.13:41085|dataStream:|priority:1|startupRole:FOLLOWER]|listeners:[], old=null RUNNING
2022-11-23 12:07:31,564 [Command processor thread] INFO  server.RaftServer$Division (RaftServerImpl.java:lambda$close$4(458)) - 2770806d-009d-48da-9d50-3d9453a3ad96@group-07F9D19A5AE7: shutdown
2022-11-23 12:07:31,564 [Command processor thread] INFO  util.JmxRegister (JmxRegister.java:unregister(73)) - Successfully un-registered JMX Bean with object name Ratis:service=RaftServer,group=group-07F9D19A5AE7,id=2770806d-009d-48da-9d50-3d9453a3ad96
2022-11-23 12:07:31,564 [Command processor thread] INFO  impl.RoleInfo (RoleInfo.java:shutdownLeaderState(93)) - 2770806d-009d-48da-9d50-3d9453a3ad96: shutdown 2770806d-009d-48da-9d50-3d9453a3ad96@group-07F9D19A5AE7-LeaderStateImpl
2022-11-23 12:07:31,564 [Command processor thread] INFO  impl.PendingRequests (PendingRequests.java:sendNotLeaderResponses(282)) - 2770806d-009d-48da-9d50-3d9453a3ad96@group-07F9D19A5AE7-PendingRequests: sendNotLeaderResponses
2022-11-23 12:07:31,564 [Command processor thread] INFO  impl.StateMachineUpdater (StateMachineUpdater.java:stopAndJoin(153)) - 2770806d-009d-48da-9d50-3d9453a3ad96@group-07F9D19A5AE7-StateMachineUpdater: set stopIndex = 0
2022-11-23 12:07:31,565 [2770806d-009d-48da-9d50-3d9453a3ad96@group-07F9D19A5AE7-StateMachineUpdater] INFO  ratis.ContainerStateMachine (ContainerStateMachine.java:takeSnapshot(304)) - group-07F9D19A5AE7: Taking a snapshot at:(t:1, i:0) file /home/runner/work/ozone/ozone/hadoop-ozone/integration-test/target/test-dir/MiniOzoneClusterImpl-dceccd61-1c79-4731-83b2-e5da109f0f32/datanode-2/data/ratis/79ff931f-1793-4afe-96ac-07f9d19a5ae7/sm/snapshot.1_0
2022-11-23 12:07:31,558 [org.apache.hadoop.util.JvmPauseMonitor$Monitor@5cdafb4d] INFO  util.JvmPauseMonitor (JvmPauseMonitor.java:run(188)) - Starting JVM pause monitor
2022-11-23 12:07:31,558 [Listener at 0.0.0.0/39971] INFO  http.BaseHttpServer (BaseHttpServer.java:newHttpServer2BuilderForOzone(213)) - Starting Web-server for scm at: http://0.0.0.0:45749
2022-11-23 12:07:31,566 [Listener at 0.0.0.0/39971] INFO  http.BaseHttpServer (BaseHttpServer.java:<init>(108)) - Hadoop Security Enabled: false Ozone Security Enabled: false Ozone HTTP Security Enabled: false 
2022-11-23 12:07:31,556 [Mini-Cluster-Provider-Reap] INFO  ozoneimpl.OzoneContainer (OzoneContainer.java:stop(417)) - Attempting to stop container services.
2022-11-23 12:07:31,567 [IPC Server handler 1 on default port 41047] INFO  server.SCMDatanodeHeartbeatDispatcher (SCMDatanodeHeartbeatDispatcher.java:dispatch(108)) - SCM received heartbeat from an unregistered datanode 96238b2c-9f01-47c7-9db9-9b3e1b0f8a5c{ip: 10.1.0.13, host: fv-az105-298.wy5h1aom0jgehahef1oyr10hrc.bx.internal.cloudapp.net, ports: [REPLICATION=39059, RATIS=37713, RATIS_ADMIN=37713, RATIS_SERVER=37713, STANDALONE=41451], networkLocation: /default-rack, certSerialId: null, persistedOpState: null, persistedOpStateExpiryEpochSec: 0}. Asking datanode to re-register.
2022-11-23 12:07:31,567 [Listener at 0.0.0.0/39971] WARN  server.AuthenticationFilter (AuthenticationFilter.java:constructSecretProvider(240)) - Unable to initialize FileSignerSecretProvider, falling back to use random secrets. Reason: Could not read signature secret file: /home/runner/hadoop-http-auth-signature-secret
2022-11-23 12:07:31,567 [IPC Server handler 3 on default port 41047] INFO  server.SCMDatanodeHeartbeatDispatcher (SCMDatanodeHeartbeatDispatcher.java:dispatch(108)) - SCM received heartbeat from an unregistered datanode 2f53493c-3a9e-4904-8cf8-ac1f6fb0520e{ip: 10.1.0.13, host: fv-az105-298.wy5h1aom0jgehahef1oyr10hrc.bx.internal.cloudapp.net, ports: [REPLICATION=43097, RATIS=43085, RATIS_ADMIN=43085, RATIS_SERVER=43085, STANDALONE=37821], networkLocation: /default-rack, certSerialId: null, persistedOpState: ENTERING_MAINTENANCE, persistedOpStateExpiryEpochSec: 0}. Asking datanode to re-register.
2022-11-23 12:07:31,566 [2770806d-009d-48da-9d50-3d9453a3ad96@group-07F9D19A5AE7-StateMachineUpdater] INFO  ratis.ContainerStateMachine (ContainerStateMachine.java:takeSnapshot(315)) - group-07F9D19A5AE7: Finished taking a snapshot at:(t:1, i:0) file:/home/runner/work/ozone/ozone/hadoop-ozone/integration-test/target/test-dir/MiniOzoneClusterImpl-dceccd61-1c79-4731-83b2-e5da109f0f32/datanode-2/data/ratis/79ff931f-1793-4afe-96ac-07f9d19a5ae7/sm/snapshot.1_0 took: 1 ms
2022-11-23 12:07:31,567 [2770806d-009d-48da-9d50-3d9453a3ad96@group-07F9D19A5AE7-StateMachineUpdater] INFO  impl.StateMachineUpdater (StateMachineUpdater.java:takeSnapshot(287)) - 2770806d-009d-48da-9d50-3d9453a3ad96@group-07F9D19A5AE7-StateMachineUpdater: Took a snapshot at index 0
2022-11-23 12:07:31,567 [2770806d-009d-48da-9d50-3d9453a3ad96@group-07F9D19A5AE7-StateMachineUpdater] INFO  impl.StateMachineUpdater (StateMachineUpdater.java:lambda$new$0(92)) - 2770806d-009d-48da-9d50-3d9453a3ad96@group-07F9D19A5AE7-StateMachineUpdater: snapshotIndex: updateIncreasingly -1 -> 0
2022-11-23 12:07:31,561 [0a01f95b-2968-4236-b6d7-cab75d1b461a@group-FA83F32315B5-StateMachineUpdater] INFO  impl.StateMachineUpdater (StateMachineUpdater.java:takeSnapshot(287)) - 0a01f95b-2968-4236-b6d7-cab75d1b461a@group-FA83F32315B5-StateMachineUpdater: Took a snapshot at index 0
2022-11-23 12:07:31,568 [0a01f95b-2968-4236-b6d7-cab75d1b461a@group-FA83F32315B5-StateMachineUpdater] INFO  impl.StateMachineUpdater (StateMachineUpdater.java:lambda$new$0(92)) - 0a01f95b-2968-4236-b6d7-cab75d1b461a@group-FA83F32315B5-StateMachineUpdater: snapshotIndex: updateIncreasingly -1 -> 0
2022-11-23 12:07:31,568 [Command processor thread] INFO  server.RaftServer$Division (ServerState.java:close(466)) - 2770806d-009d-48da-9d50-3d9453a3ad96@group-07F9D19A5AE7: closes. applyIndex: 0
2022-11-23 12:07:31,568 [0a01f95b-2968-4236-b6d7-cab75d1b461a-impl-thread3] INFO  server.RaftServer$Division (ServerState.java:close(466)) - 0a01f95b-2968-4236-b6d7-cab75d1b461a@group-FA83F32315B5: closes. applyIndex: 0
2022-11-23 12:07:31,567 [IPC Server handler 2 on default port 41047] INFO  server.SCMDatanodeHeartbeatDispatcher (SCMDatanodeHeartbeatDispatcher.java:dispatch(108)) - SCM received heartbeat from an unregistered datanode 388c1d2c-da9f-4216-9168-b64bdab690f4{ip: 10.1.0.13, host: fv-az105-298.wy5h1aom0jgehahef1oyr10hrc.bx.internal.cloudapp.net, ports: [REPLICATION=34649, RATIS=37573, RATIS_ADMIN=37573, RATIS_SERVER=37573, STANDALONE=41231], networkLocation: /default-rack, certSerialId: null, persistedOpState: null, persistedOpStateExpiryEpochSec: 0}. Asking datanode to re-register.
2022-11-23 12:07:31,568 [2f53493c-3a9e-4904-8cf8-ac1f6fb0520e@group-006AB7B14A94-StateMachineUpdater] INFO  ratis.ContainerStateMachine (ContainerStateMachine.java:takeSnapshot(315)) - group-006AB7B14A94: Finished taking a snapshot at:(t:1, i:39) file:/home/runner/work/ozone/ozone/hadoop-ozone/integration-test/target/test-dir/MiniOzoneClusterImpl-dceccd61-1c79-4731-83b2-e5da109f0f32/datanode-1/data/ratis/2420c22c-1769-48ae-b1be-006ab7b14a94/sm/snapshot.1_39 took: 5 ms
2022-11-23 12:07:31,568 [2f53493c-3a9e-4904-8cf8-ac1f6fb0520e@group-006AB7B14A94-StateMachineUpdater] INFO  impl.StateMachineUpdater (StateMachineUpdater.java:takeSnapshot(287)) - 2f53493c-3a9e-4904-8cf8-ac1f6fb0520e@group-006AB7B14A94-StateMachineUpdater: Took a snapshot at index 39
2022-11-23 12:07:31,568 [2f53493c-3a9e-4904-8cf8-ac1f6fb0520e@group-006AB7B14A94-StateMachineUpdater] INFO  impl.StateMachineUpdater (StateMachineUpdater.java:lambda$new$0(92)) - 2f53493c-3a9e-4904-8cf8-ac1f6fb0520e@group-006AB7B14A94-StateMachineUpdater: snapshotIndex: updateIncreasingly -1 -> 39
2022-11-23 12:07:31,570 [Command processor thread] INFO  server.RaftServer (RaftServerProxy.java:remove(107)) - f22cc5c0-3e38-414a-900c-2421eb232dd6: remove    LEADER f22cc5c0-3e38-414a-900c-2421eb232dd6@group-006AB7B14A94:t1, leader=f22cc5c0-3e38-414a-900c-2421eb232dd6, voted=f22cc5c0-3e38-414a-900c-2421eb232dd6, raftlog=Memoized:f22cc5c0-3e38-414a-900c-2421eb232dd6@group-006AB7B14A94-SegmentedRaftLog:OPENED:c39, conf=0: peers:[2f53493c-3a9e-4904-8cf8-ac1f6fb0520e|rpc:10.1.0.13:43085|dataStream:|priority:0|startupRole:FOLLOWER, 2770806d-009d-48da-9d50-3d9453a3ad96|rpc:10.1.0.13:41085|dataStream:|priority:0|startupRole:FOLLOWER, f22cc5c0-3e38-414a-900c-2421eb232dd6|rpc:10.1.0.13:38335|dataStream:|priority:1|startupRole:FOLLOWER]|listeners:[], old=null RUNNING
2022-11-23 12:07:31,570 [Command processor thread] INFO  server.RaftServer$Division (RaftServerImpl.java:lambda$close$4(458)) - f22cc5c0-3e38-414a-900c-2421eb232dd6@group-006AB7B14A94: shutdown
2022-11-23 12:07:31,570 [Command processor thread] INFO  util.JmxRegister (JmxRegister.java:unregister(73)) - Successfully un-registered JMX Bean with object name Ratis:service=RaftServer,group=group-006AB7B14A94,id=f22cc5c0-3e38-414a-900c-2421eb232dd6
2022-11-23 12:07:31,570 [Command processor thread] INFO  impl.RoleInfo (RoleInfo.java:shutdownLeaderState(93)) - f22cc5c0-3e38-414a-900c-2421eb232dd6: shutdown f22cc5c0-3e38-414a-900c-2421eb232dd6@group-006AB7B14A94-LeaderStateImpl
2022-11-23 12:07:31,571 [grpc-default-executor-19] INFO  server.GrpcServerProtocolService (GrpcServerProtocolService.java:onCompleted(145)) - 2f53493c-3a9e-4904-8cf8-ac1f6fb0520e: Completed APPEND_ENTRIES, lastRequest: null
2022-11-23 12:07:31,571 [grpc-default-executor-10] INFO  server.GrpcServerProtocolService (GrpcServerProtocolService.java:onCompleted(145)) - 2f53493c-3a9e-4904-8cf8-ac1f6fb0520e: Completed APPEND_ENTRIES, lastRequest: f22cc5c0-3e38-414a-900c-2421eb232dd6->2f53493c-3a9e-4904-8cf8-ac1f6fb0520e#179-t1,previous=(t:1, i:38),leaderCommit=37,initializing? true,entries: size=1, first=(t:1, i:39), METADATAENTRY(c:37)
2022-11-23 12:07:31,572 [grpc-default-executor-10] INFO  server.GrpcLogAppender (GrpcLogAppender.java:onCompleted(415)) - f22cc5c0-3e38-414a-900c-2421eb232dd6@group-006AB7B14A94->2f53493c-3a9e-4904-8cf8-ac1f6fb0520e-AppendLogResponseHandler: follower responses appendEntries COMPLETED
2022-11-23 12:07:31,572 [grpc-default-executor-10] INFO  leader.FollowerInfo (FollowerInfoImpl.java:lambda$new$0(48)) - f22cc5c0-3e38-414a-900c-2421eb232dd6@group-006AB7B14A94->2f53493c-3a9e-4904-8cf8-ac1f6fb0520e: nextIndex: updateUnconditionally 40 -> 39
2022-11-23 12:07:31,572 [grpc-default-executor-18] INFO  server.GrpcLogAppender (GrpcLogAppender.java:onCompleted(415)) - f22cc5c0-3e38-414a-900c-2421eb232dd6@group-006AB7B14A94->2f53493c-3a9e-4904-8cf8-ac1f6fb0520e-AppendLogResponseHandler: follower responses appendEntries COMPLETED
2022-11-23 12:07:31,572 [grpc-default-executor-18] INFO  leader.FollowerInfo (FollowerInfoImpl.java:lambda$new$0(48)) - f22cc5c0-3e38-414a-900c-2421eb232dd6@group-006AB7B14A94->2f53493c-3a9e-4904-8cf8-ac1f6fb0520e: nextIndex: updateUnconditionally 39 -> 38
2022-11-23 12:07:31,572 [Listener at 0.0.0.0/39971] WARN  http.HttpRequestLog (HttpRequestLog.java:getRequestLog(103)) - Jetty request log can only be enabled using Log4j
2022-11-23 12:07:31,573 [Listener at 0.0.0.0/39971] INFO  http.HttpServer2 (HttpServer2.java:addGlobalFilter(1031)) - Added global filter 'safety' (class=org.apache.hadoop.hdds.server.http.HttpServer2$QuotingInputFilter)
2022-11-23 12:07:31,574 [Listener at 0.0.0.0/39971] INFO  http.HttpServer2 (HttpServer2.java:addFilter(1007)) - Added filter static_user_filter (class=org.apache.hadoop.http.lib.StaticUserWebFilter$StaticUserFilter) to context scm
2022-11-23 12:07:31,574 [Listener at 0.0.0.0/39971] INFO  http.HttpServer2 (HttpServer2.java:addFilter(1015)) - Added filter static_user_filter (class=org.apache.hadoop.http.lib.StaticUserWebFilter$StaticUserFilter) to context logs
2022-11-23 12:07:31,574 [Listener at 0.0.0.0/39971] INFO  http.HttpServer2 (HttpServer2.java:addFilter(1015)) - Added filter static_user_filter (class=org.apache.hadoop.http.lib.StaticUserWebFilter$StaticUserFilter) to context static
2022-11-23 12:07:31,578 [0a01f95b-2968-4236-b6d7-cab75d1b461a@group-FA83F32315B5-SegmentedRaftLogWorker] INFO  segmented.SegmentedRaftLogWorker (SegmentedRaftLogWorker.java:run(345)) - 0a01f95b-2968-4236-b6d7-cab75d1b461a@group-FA83F32315B5-SegmentedRaftLogWorker was interrupted, exiting. There are 0 tasks remaining in the queue.
2022-11-23 12:07:31,578 [IPC Server handler 5 on default port 41047] INFO  server.SCMDatanodeHeartbeatDispatcher (SCMDatanodeHeartbeatDispatcher.java:dispatch(108)) - SCM received heartbeat from an unregistered datanode f22cc5c0-3e38-414a-900c-2421eb232dd6{ip: 10.1.0.13, host: fv-az105-298.wy5h1aom0jgehahef1oyr10hrc.bx.internal.cloudapp.net, ports: [REPLICATION=33553, RATIS=38335, RATIS_ADMIN=38335, RATIS_SERVER=38335, STANDALONE=33109], networkLocation: /default-rack, certSerialId: null, persistedOpState: ENTERING_MAINTENANCE, persistedOpStateExpiryEpochSec: 0}. Asking datanode to re-register.
2022-11-23 12:07:31,578 [0a01f95b-2968-4236-b6d7-cab75d1b461a-impl-thread3] INFO  segmented.SegmentedRaftLogWorker (SegmentedRaftLogWorker.java:close(255)) - 0a01f95b-2968-4236-b6d7-cab75d1b461a@group-FA83F32315B5-SegmentedRaftLogWorker close()
2022-11-23 12:07:31,578 [2770806d-009d-48da-9d50-3d9453a3ad96@group-07F9D19A5AE7-SegmentedRaftLogWorker] INFO  segmented.SegmentedRaftLogWorker (SegmentedRaftLogWorker.java:run(345)) - 2770806d-009d-48da-9d50-3d9453a3ad96@group-07F9D19A5AE7-SegmentedRaftLogWorker was interrupted, exiting. There are 0 tasks remaining in the queue.
2022-11-23 12:07:31,578 [JvmPauseMonitor40] INFO  util.JvmPauseMonitor (JvmPauseMonitor.java:run(111)) - JvmPauseMonitor-0a01f95b-2968-4236-b6d7-cab75d1b461a: Stopped
2022-11-23 12:07:31,578 [IPC Server handler 4 on default port 41047] INFO  server.SCMDatanodeHeartbeatDispatcher (SCMDatanodeHeartbeatDispatcher.java:dispatch(108)) - SCM received heartbeat from an unregistered datanode 2770806d-009d-48da-9d50-3d9453a3ad96{ip: 10.1.0.13, host: fv-az105-298.wy5h1aom0jgehahef1oyr10hrc.bx.internal.cloudapp.net, ports: [REPLICATION=42903, RATIS=41085, RATIS_ADMIN=41085, RATIS_SERVER=41085, STANDALONE=41997], networkLocation: /default-rack, certSerialId: null, persistedOpState: ENTERING_MAINTENANCE, persistedOpStateExpiryEpochSec: 0}. Asking datanode to re-register.
2022-11-23 12:07:31,579 [Command processor thread] INFO  segmented.SegmentedRaftLogWorker (SegmentedRaftLogWorker.java:close(255)) - 2770806d-009d-48da-9d50-3d9453a3ad96@group-07F9D19A5AE7-SegmentedRaftLogWorker close()
2022-11-23 12:07:31,579 [Command processor thread] INFO  server.RaftServer$Division (ServerState.java:close(466)) - 2f53493c-3a9e-4904-8cf8-ac1f6fb0520e@group-006AB7B14A94: closes. applyIndex: 39
2022-11-23 12:07:31,579 [2f53493c-3a9e-4904-8cf8-ac1f6fb0520e@group-006AB7B14A94-SegmentedRaftLogWorker] INFO  segmented.SegmentedRaftLogWorker (SegmentedRaftLogWorker.java:run(345)) - 2f53493c-3a9e-4904-8cf8-ac1f6fb0520e@group-006AB7B14A94-SegmentedRaftLogWorker was interrupted, exiting. There are 0 tasks remaining in the queue.
2022-11-23 12:07:31,579 [Command processor thread] INFO  server.RaftServer$Division (RaftServerImpl.java:groupRemove(428)) - 2770806d-009d-48da-9d50-3d9453a3ad96@group-07F9D19A5AE7: Succeed to remove RaftStorageDirectory Storage Directory /home/runner/work/ozone/ozone/hadoop-ozone/integration-test/target/test-dir/MiniOzoneClusterImpl-dceccd61-1c79-4731-83b2-e5da109f0f32/datanode-2/data/ratis/79ff931f-1793-4afe-96ac-07f9d19a5ae7
2022-11-23 12:07:31,579 [Command processor thread] INFO  commandhandler.ClosePipelineCommandHandler (ClosePipelineCommandHandler.java:handle(78)) - Close Pipeline PipelineID=79ff931f-1793-4afe-96ac-07f9d19a5ae7 command on datanode 2770806d-009d-48da-9d50-3d9453a3ad96.
2022-11-23 12:07:31,579 [Command processor thread] INFO  segmented.SegmentedRaftLogWorker (SegmentedRaftLogWorker.java:close(255)) - 2f53493c-3a9e-4904-8cf8-ac1f6fb0520e@group-006AB7B14A94-SegmentedRaftLogWorker close()
2022-11-23 12:07:31,580 [Command processor thread] INFO  server.RaftServer (RaftServerProxy.java:remove(107)) - 2770806d-009d-48da-9d50-3d9453a3ad96: remove  FOLLOWER 2770806d-009d-48da-9d50-3d9453a3ad96@group-006AB7B14A94:t1, leader=f22cc5c0-3e38-414a-900c-2421eb232dd6, voted=f22cc5c0-3e38-414a-900c-2421eb232dd6, raftlog=Memoized:2770806d-009d-48da-9d50-3d9453a3ad96@group-006AB7B14A94-SegmentedRaftLog:OPENED:c39, conf=0: peers:[2f53493c-3a9e-4904-8cf8-ac1f6fb0520e|rpc:10.1.0.13:43085|dataStream:|priority:0|startupRole:FOLLOWER, 2770806d-009d-48da-9d50-3d9453a3ad96|rpc:10.1.0.13:41085|dataStream:|priority:0|startupRole:FOLLOWER, f22cc5c0-3e38-414a-900c-2421eb232dd6|rpc:10.1.0.13:38335|dataStream:|priority:1|startupRole:FOLLOWER]|listeners:[], old=null RUNNING
2022-11-23 12:07:31,580 [Command processor thread] INFO  server.RaftServer$Division (RaftServerImpl.java:lambda$close$4(458)) - 2770806d-009d-48da-9d50-3d9453a3ad96@group-006AB7B14A94: shutdown
2022-11-23 12:07:31,580 [Command processor thread] INFO  util.JmxRegister (JmxRegister.java:unregister(73)) - Successfully un-registered JMX Bean with object name Ratis:service=RaftServer,group=group-006AB7B14A94,id=2770806d-009d-48da-9d50-3d9453a3ad96
2022-11-23 12:07:31,580 [Command processor thread] INFO  impl.RoleInfo (RoleInfo.java:shutdownFollowerState(110)) - 2770806d-009d-48da-9d50-3d9453a3ad96: shutdown 2770806d-009d-48da-9d50-3d9453a3ad96@group-006AB7B14A94-FollowerState
2022-11-23 12:07:31,580 [Command processor thread] INFO  impl.StateMachineUpdater (StateMachineUpdater.java:stopAndJoin(153)) - 2770806d-009d-48da-9d50-3d9453a3ad96@group-006AB7B14A94-StateMachineUpdater: set stopIndex = 39
2022-11-23 12:07:31,580 [2770806d-009d-48da-9d50-3d9453a3ad96@group-006AB7B14A94-FollowerState] INFO  impl.FollowerState (FollowerState.java:run(152)) - 2770806d-009d-48da-9d50-3d9453a3ad96@group-006AB7B14A94-FollowerState was interrupted
2022-11-23 12:07:31,580 [grpc-default-executor-19] INFO  server.GrpcServerProtocolService (GrpcServerProtocolService.java:onCompleted(145)) - 2770806d-009d-48da-9d50-3d9453a3ad96: Completed APPEND_ENTRIES, lastRequest: null
2022-11-23 12:07:31,581 [grpc-default-executor-18] INFO  server.GrpcServerProtocolService (GrpcServerProtocolService.java:onCompleted(145)) - 2770806d-009d-48da-9d50-3d9453a3ad96: Completed APPEND_ENTRIES, lastRequest: f22cc5c0-3e38-414a-900c-2421eb232dd6->2770806d-009d-48da-9d50-3d9453a3ad96#174-t1,previous=(t:1, i:38),leaderCommit=37,initializing? true,entries: size=1, first=(t:1, i:39), METADATAENTRY(c:37)
2022-11-23 12:07:31,581 [Mini-Cluster-Provider-Reap] INFO  server.RaftServer (RaftServerProxy.java:lambda$close$6(409)) - 23a93132-5f46-46ff-a00f-e8b8e96ed379: close
2022-11-23 12:07:31,581 [grpc-default-executor-12] INFO  server.GrpcLogAppender (GrpcLogAppender.java:onCompleted(415)) - f22cc5c0-3e38-414a-900c-2421eb232dd6@group-006AB7B14A94->2770806d-009d-48da-9d50-3d9453a3ad96-AppendLogResponseHandler: follower responses appendEntries COMPLETED
2022-11-23 12:07:31,582 [grpc-default-executor-12] INFO  leader.FollowerInfo (FollowerInfoImpl.java:lambda$new$0(48)) - f22cc5c0-3e38-414a-900c-2421eb232dd6@group-006AB7B14A94->2770806d-009d-48da-9d50-3d9453a3ad96: nextIndex: updateUnconditionally 40 -> 39
2022-11-23 12:07:31,582 [23a93132-5f46-46ff-a00f-e8b8e96ed379-impl-thread2] INFO  server.RaftServer$Division (RaftServerImpl.java:lambda$close$4(458)) - 23a93132-5f46-46ff-a00f-e8b8e96ed379@group-2BABB1334063: shutdown
2022-11-23 12:07:31,582 [Mini-Cluster-Provider-Reap] INFO  server.GrpcService (GrpcService.java:closeImpl(279)) - 23a93132-5f46-46ff-a00f-e8b8e96ed379: shutdown server GrpcServerProtocolService now
2022-11-23 12:07:31,584 [grpc-default-executor-18] WARN  server.GrpcClientProtocolService (LogUtils.java:warn(122)) - 0-OrderedRequestStreamObserver0: onError: org.apache.ratis.thirdparty.io.grpc.StatusRuntimeException: CANCELLED: client cancelled
2022-11-23 12:07:31,584 [grpc-default-executor-17] WARN  server.GrpcClientProtocolService (LogUtils.java:warn(122)) - 1-UnorderedRequestStreamObserver1: onError: org.apache.ratis.thirdparty.io.grpc.StatusRuntimeException: CANCELLED: client cancelled
2022-11-23 12:07:31,585 [Command processor thread] INFO  impl.PendingRequests (PendingRequests.java:sendNotLeaderResponses(282)) - f22cc5c0-3e38-414a-900c-2421eb232dd6@group-006AB7B14A94-PendingRequests: sendNotLeaderResponses
2022-11-23 12:07:31,585 [IPC Server handler 6 on default port 41047] INFO  net.NetworkTopologyImpl (NetworkTopologyImpl.java:add(112)) - Added a new node: /default-rack/2f53493c-3a9e-4904-8cf8-ac1f6fb0520e
2022-11-23 12:07:31,586 [IPC Server handler 6 on default port 41047] INFO  node.NodeStateManager (NodeStateManager.java:newNodeStatus(338)) - Updating nodeOperationalState on registration as the datanode has a persisted state of ENTERING_MAINTENANCE and expiry of 0
2022-11-23 12:07:31,586 [IPC Server handler 6 on default port 41047] INFO  node.SCMNodeManager (SCMNodeManager.java:register(397)) - Registered Data node : 2f53493c-3a9e-4904-8cf8-ac1f6fb0520e{ip: 10.1.0.13, host: fv-az105-298.wy5h1aom0jgehahef1oyr10hrc.bx.internal.cloudapp.net, ports: [REPLICATION=43097, RATIS=43085, RATIS_ADMIN=43085, RATIS_SERVER=43085, STANDALONE=37821], networkLocation: /default-rack, certSerialId: null, persistedOpState: ENTERING_MAINTENANCE, persistedOpStateExpiryEpochSec: 0}
2022-11-23 12:07:31,586 [Listener at 0.0.0.0/39971] INFO  http.HttpServer2 (HttpServer2.java:bindListener(1250)) - Jetty bound to port 45749
2022-11-23 12:07:31,586 [Listener at 0.0.0.0/39971] INFO  server.Server (Server.java:doStart(375)) - jetty-9.4.49.v20220914; built: 2022-09-14T01:07:36.601Z; git: 4231a3b2e4cb8548a412a789936d640a97b1aa0a; jvm 1.8.0_345-b01
2022-11-23 12:07:31,590 [23a93132-5f46-46ff-a00f-e8b8e96ed379-impl-thread2] INFO  util.JmxRegister (JmxRegister.java:unregister(73)) - Successfully un-registered JMX Bean with object name Ratis:service=RaftServer,group=group-2BABB1334063,id=23a93132-5f46-46ff-a00f-e8b8e96ed379
2022-11-23 12:07:31,591 [23a93132-5f46-46ff-a00f-e8b8e96ed379-impl-thread2] INFO  impl.RoleInfo (RoleInfo.java:shutdownLeaderState(93)) - 23a93132-5f46-46ff-a00f-e8b8e96ed379: shutdown 23a93132-5f46-46ff-a00f-e8b8e96ed379@group-2BABB1334063-LeaderStateImpl
2022-11-23 12:07:31,593 [grpc-default-executor-10] INFO  server.GrpcLogAppender (GrpcLogAppender.java:onCompleted(415)) - f22cc5c0-3e38-414a-900c-2421eb232dd6@group-006AB7B14A94->2770806d-009d-48da-9d50-3d9453a3ad96-AppendLogResponseHandler: follower responses appendEntries COMPLETED
2022-11-23 12:07:31,591 [2770806d-009d-48da-9d50-3d9453a3ad96@group-006AB7B14A94-StateMachineUpdater] INFO  ratis.ContainerStateMachine (ContainerStateMachine.java:takeSnapshot(304)) - group-006AB7B14A94: Taking a snapshot at:(t:1, i:39) file /home/runner/work/ozone/ozone/hadoop-ozone/integration-test/target/test-dir/MiniOzoneClusterImpl-dceccd61-1c79-4731-83b2-e5da109f0f32/datanode-2/data/ratis/2420c22c-1769-48ae-b1be-006ab7b14a94/sm/snapshot.1_39
2022-11-23 12:07:31,593 [grpc-default-executor-10] INFO  leader.FollowerInfo (FollowerInfoImpl.java:lambda$new$0(48)) - f22cc5c0-3e38-414a-900c-2421eb232dd6@group-006AB7B14A94->2770806d-009d-48da-9d50-3d9453a3ad96: nextIndex: updateUnconditionally 39 -> 38
2022-11-23 12:07:31,593 [23a93132-5f46-46ff-a00f-e8b8e96ed379-impl-thread3] INFO  server.RaftServer$Division (RaftServerImpl.java:lambda$close$4(458)) - 23a93132-5f46-46ff-a00f-e8b8e96ed379@group-A79C6668BF3E: shutdown
2022-11-23 12:07:31,593 [23a93132-5f46-46ff-a00f-e8b8e96ed379-impl-thread3] INFO  util.JmxRegister (JmxRegister.java:unregister(73)) - Successfully un-registered JMX Bean with object name Ratis:service=RaftServer,group=group-A79C6668BF3E,id=23a93132-5f46-46ff-a00f-e8b8e96ed379
2022-11-23 12:07:31,593 [23a93132-5f46-46ff-a00f-e8b8e96ed379-impl-thread3] INFO  impl.RoleInfo (RoleInfo.java:shutdownLeaderState(93)) - 23a93132-5f46-46ff-a00f-e8b8e96ed379: shutdown 23a93132-5f46-46ff-a00f-e8b8e96ed379@group-A79C6668BF3E-LeaderStateImpl
2022-11-23 12:07:31,593 [23a93132-5f46-46ff-a00f-e8b8e96ed379-impl-thread3] INFO  impl.PendingRequests (PendingRequests.java:sendNotLeaderResponses(282)) - 23a93132-5f46-46ff-a00f-e8b8e96ed379@group-A79C6668BF3E-PendingRequests: sendNotLeaderResponses
2022-11-23 12:07:31,594 [23a93132-5f46-46ff-a00f-e8b8e96ed379-impl-thread3] INFO  impl.StateMachineUpdater (StateMachineUpdater.java:stopAndJoin(153)) - 23a93132-5f46-46ff-a00f-e8b8e96ed379@group-A79C6668BF3E-StateMachineUpdater: set stopIndex = 0
2022-11-23 12:07:31,594 [2770806d-009d-48da-9d50-3d9453a3ad96@group-006AB7B14A94-StateMachineUpdater] INFO  ratis.ContainerStateMachine (ContainerStateMachine.java:takeSnapshot(315)) - group-006AB7B14A94: Finished taking a snapshot at:(t:1, i:39) file:/home/runner/work/ozone/ozone/hadoop-ozone/integration-test/target/test-dir/MiniOzoneClusterImpl-dceccd61-1c79-4731-83b2-e5da109f0f32/datanode-2/data/ratis/2420c22c-1769-48ae-b1be-006ab7b14a94/sm/snapshot.1_39 took: 4 ms
2022-11-23 12:07:31,595 [2770806d-009d-48da-9d50-3d9453a3ad96@group-006AB7B14A94-StateMachineUpdater] INFO  impl.StateMachineUpdater (StateMachineUpdater.java:takeSnapshot(287)) - 2770806d-009d-48da-9d50-3d9453a3ad96@group-006AB7B14A94-StateMachineUpdater: Took a snapshot at index 39
2022-11-23 12:07:31,595 [2770806d-009d-48da-9d50-3d9453a3ad96@group-006AB7B14A94-StateMachineUpdater] INFO  impl.StateMachineUpdater (StateMachineUpdater.java:lambda$new$0(92)) - 2770806d-009d-48da-9d50-3d9453a3ad96@group-006AB7B14A94-StateMachineUpdater: snapshotIndex: updateIncreasingly -1 -> 39
2022-11-23 12:07:31,595 [23a93132-5f46-46ff-a00f-e8b8e96ed379@group-A79C6668BF3E-StateMachineUpdater] INFO  ratis.ContainerStateMachine (ContainerStateMachine.java:takeSnapshot(304)) - group-A79C6668BF3E: Taking a snapshot at:(t:1, i:0) file /home/runner/work/ozone/ozone/hadoop-ozone/integration-test/target/test-dir/MiniOzoneClusterImpl-ebe43555-68d4-45be-bb73-f0d85d5884a6/datanode-5/data/ratis/46aafe0f-4ee5-4ee4-bb34-a79c6668bf3e/sm/snapshot.1_0
2022-11-23 12:07:31,595 [23a93132-5f46-46ff-a00f-e8b8e96ed379@group-A79C6668BF3E-StateMachineUpdater] INFO  ratis.ContainerStateMachine (ContainerStateMachine.java:takeSnapshot(315)) - group-A79C6668BF3E: Finished taking a snapshot at:(t:1, i:0) file:/home/runner/work/ozone/ozone/hadoop-ozone/integration-test/target/test-dir/MiniOzoneClusterImpl-ebe43555-68d4-45be-bb73-f0d85d5884a6/datanode-5/data/ratis/46aafe0f-4ee5-4ee4-bb34-a79c6668bf3e/sm/snapshot.1_0 took: 1 ms
2022-11-23 12:07:31,596 [23a93132-5f46-46ff-a00f-e8b8e96ed379@group-A79C6668BF3E-StateMachineUpdater] INFO  impl.StateMachineUpdater (StateMachineUpdater.java:takeSnapshot(287)) - 23a93132-5f46-46ff-a00f-e8b8e96ed379@group-A79C6668BF3E-StateMachineUpdater: Took a snapshot at index 0
2022-11-23 12:07:31,596 [23a93132-5f46-46ff-a00f-e8b8e96ed379@group-A79C6668BF3E-StateMachineUpdater] INFO  impl.StateMachineUpdater (StateMachineUpdater.java:lambda$new$0(92)) - 23a93132-5f46-46ff-a00f-e8b8e96ed379@group-A79C6668BF3E-StateMachineUpdater: snapshotIndex: updateIncreasingly -1 -> 0
2022-11-23 12:07:31,596 [23a93132-5f46-46ff-a00f-e8b8e96ed379-impl-thread3] INFO  server.RaftServer$Division (ServerState.java:close(466)) - 23a93132-5f46-46ff-a00f-e8b8e96ed379@group-A79C6668BF3E: closes. applyIndex: 0
2022-11-23 12:07:31,603 [23a93132-5f46-46ff-a00f-e8b8e96ed379-impl-thread2] INFO  impl.PendingRequests (PendingRequests.java:sendNotLeaderResponses(282)) - 23a93132-5f46-46ff-a00f-e8b8e96ed379@group-2BABB1334063-PendingRequests: sendNotLeaderResponses
2022-11-23 12:07:31,603 [Listener at 0.0.0.0/39971] INFO  server.session (DefaultSessionIdManager.java:doStart(334)) - DefaultSessionIdManager workerName=node0
2022-11-23 12:07:31,603 [Listener at 0.0.0.0/39971] INFO  server.session (DefaultSessionIdManager.java:doStart(339)) - No SessionScavenger set, using defaults
2022-11-23 12:07:31,603 [23a93132-5f46-46ff-a00f-e8b8e96ed379@group-2BABB1334063->d25935c7-9680-4f09-83cd-d338e09c0605-GrpcLogAppender-LogAppenderDaemon] WARN  server.GrpcLogAppender (GrpcLogAppender.java:mayWait(200)) - 23a93132-5f46-46ff-a00f-e8b8e96ed379@group-2BABB1334063->d25935c7-9680-4f09-83cd-d338e09c0605-GrpcLogAppender: Wait interrupted by java.lang.InterruptedException
2022-11-23 12:07:31,604 [Listener at 0.0.0.0/39971] INFO  server.session (HouseKeeper.java:startScavenging(132)) - node0 Scavenging every 600000ms
2022-11-23 12:07:31,604 [23a93132-5f46-46ff-a00f-e8b8e96ed379@group-2BABB1334063->4cf88e88-4098-40f9-846c-84288099b2d2-GrpcLogAppender-LogAppenderDaemon] WARN  server.GrpcLogAppender (GrpcLogAppender.java:mayWait(200)) - 23a93132-5f46-46ff-a00f-e8b8e96ed379@group-2BABB1334063->4cf88e88-4098-40f9-846c-84288099b2d2-GrpcLogAppender: Wait interrupted by java.lang.InterruptedException
2022-11-23 12:07:31,604 [Listener at 0.0.0.0/39971] INFO  handler.ContextHandler (ContextHandler.java:doStart(921)) - Started o.e.j.s.ServletContextHandler@329a27ae{logs,/logs,file:///home/runner/work/ozone/ozone/hadoop-ozone/integration-test/target/log,AVAILABLE}
2022-11-23 12:07:31,605 [Listener at 0.0.0.0/39971] INFO  handler.ContextHandler (ContextHandler.java:doStart(921)) - Started o.e.j.s.ServletContextHandler@5edce7da{static,/static,file:///home/runner/work/ozone/ozone/hadoop-ozone/integration-test/target/test-classes/webapps/static,AVAILABLE}
2022-11-23 12:07:31,608 [Mini-Cluster-Provider-Reap] INFO  server.GrpcServerProtocolClient (GrpcServerProtocolClient.java:close(111)) - 4cf88e88-4098-40f9-846c-84288099b2d2 Close channels
2022-11-23 12:07:31,612 [Listener at 0.0.0.0/39971] INFO  handler.ContextHandler (ContextHandler.java:doStart(921)) - Started o.e.j.w.WebAppContext@7b5e5fa{scm,/,file:///home/runner/work/ozone/ozone/hadoop-ozone/integration-test/target/test-classes/webapps/scm/,AVAILABLE}{file:/home/runner/work/ozone/ozone/hadoop-ozone/integration-test/target/test-classes/webapps/scm}
2022-11-23 12:07:31,614 [23a93132-5f46-46ff-a00f-e8b8e96ed379@group-A79C6668BF3E-SegmentedRaftLogWorker] INFO  segmented.SegmentedRaftLogWorker (SegmentedRaftLogWorker.java:run(345)) - 23a93132-5f46-46ff-a00f-e8b8e96ed379@group-A79C6668BF3E-SegmentedRaftLogWorker was interrupted, exiting. There are 0 tasks remaining in the queue.
2022-11-23 12:07:31,615 [Command processor thread] INFO  server.RaftServer$Division (ServerState.java:close(466)) - 2770806d-009d-48da-9d50-3d9453a3ad96@group-006AB7B14A94: closes. applyIndex: 39
2022-11-23 12:07:31,615 [23a93132-5f46-46ff-a00f-e8b8e96ed379-impl-thread3] INFO  segmented.SegmentedRaftLogWorker (SegmentedRaftLogWorker.java:close(255)) - 23a93132-5f46-46ff-a00f-e8b8e96ed379@group-A79C6668BF3E-SegmentedRaftLogWorker close()
2022-11-23 12:07:31,615 [2770806d-009d-48da-9d50-3d9453a3ad96@group-006AB7B14A94-SegmentedRaftLogWorker] INFO  segmented.SegmentedRaftLogWorker (SegmentedRaftLogWorker.java:run(345)) - 2770806d-009d-48da-9d50-3d9453a3ad96@group-006AB7B14A94-SegmentedRaftLogWorker was interrupted, exiting. There are 0 tasks remaining in the queue.
2022-11-23 12:07:31,615 [Command processor thread] INFO  segmented.SegmentedRaftLogWorker (SegmentedRaftLogWorker.java:close(255)) - 2770806d-009d-48da-9d50-3d9453a3ad96@group-006AB7B14A94-SegmentedRaftLogWorker close()
2022-11-23 12:07:31,622 [IPC Server handler 7 on default port 41047] INFO  net.NetworkTopologyImpl (NetworkTopologyImpl.java:add(112)) - Added a new node: /default-rack/2770806d-009d-48da-9d50-3d9453a3ad96
2022-11-23 12:07:31,622 [IPC Server handler 7 on default port 41047] INFO  node.NodeStateManager (NodeStateManager.java:newNodeStatus(338)) - Updating nodeOperationalState on registration as the datanode has a persisted state of ENTERING_MAINTENANCE and expiry of 0
2022-11-23 12:07:31,622 [IPC Server handler 7 on default port 41047] INFO  node.SCMNodeManager (SCMNodeManager.java:register(397)) - Registered Data node : 2770806d-009d-48da-9d50-3d9453a3ad96{ip: 10.1.0.13, host: fv-az105-298.wy5h1aom0jgehahef1oyr10hrc.bx.internal.cloudapp.net, ports: [REPLICATION=42903, RATIS=41085, RATIS_ADMIN=41085, RATIS_SERVER=41085, STANDALONE=41997], networkLocation: /default-rack, certSerialId: null, persistedOpState: ENTERING_MAINTENANCE, persistedOpStateExpiryEpochSec: 0}
2022-11-23 12:07:31,626 [EventQueue-NewNodeForNewNodeHandler] INFO  pipeline.BackgroundPipelineCreator (BackgroundPipelineCreator.java:notifyEventTriggered(276)) - trigger a one-shot run on RatisPipelineUtilsThread.
2022-11-23 12:07:31,626 [Mini-Cluster-Provider-Reap] INFO  server.GrpcServerProtocolClient (GrpcServerProtocolClient.java:close(111)) - d25935c7-9680-4f09-83cd-d338e09c0605 Close channels
2022-11-23 12:07:31,626 [EventQueue-NewNodeForNewNodeHandler] INFO  node.NodeDecommissionManager (NodeDecommissionManager.java:continueAdminForNode(267)) - Continue admin for datanode 2f53493c-3a9e-4904-8cf8-ac1f6fb0520e{ip: 10.1.0.13, host: fv-az105-298.wy5h1aom0jgehahef1oyr10hrc.bx.internal.cloudapp.net, ports: [REPLICATION=43097, RATIS=43085, RATIS_ADMIN=43085, RATIS_SERVER=43085, STANDALONE=37821], networkLocation: /default-rack, certSerialId: null, persistedOpState: ENTERING_MAINTENANCE, persistedOpStateExpiryEpochSec: 0}
2022-11-23 12:07:31,626 [Mini-Cluster-Provider-Reap] INFO  server.GrpcService (GrpcService.java:closeImpl(288)) - 23a93132-5f46-46ff-a00f-e8b8e96ed379: shutdown server GrpcServerProtocolService successfully
2022-11-23 12:07:31,627 [EventQueue-NodeRegistrationContainerReportForDataNodeSafeModeRule] INFO  safemode.SCMSafeModeManager (DataNodeSafeModeRule.java:process(71)) - SCM in safe mode. 1 DataNodes registered, 3 required.
2022-11-23 12:07:31,627 [23a93132-5f46-46ff-a00f-e8b8e96ed379-impl-thread2] INFO  impl.StateMachineUpdater (StateMachineUpdater.java:stopAndJoin(153)) - 23a93132-5f46-46ff-a00f-e8b8e96ed379@group-2BABB1334063-StateMachineUpdater: set stopIndex = 27
2022-11-23 12:07:31,627 [23a93132-5f46-46ff-a00f-e8b8e96ed379@group-2BABB1334063-StateMachineUpdater] INFO  ratis.ContainerStateMachine (ContainerStateMachine.java:takeSnapshot(304)) - group-2BABB1334063: Taking a snapshot at:(t:4, i:27) file /home/runner/work/ozone/ozone/hadoop-ozone/integration-test/target/test-dir/MiniOzoneClusterImpl-ebe43555-68d4-45be-bb73-f0d85d5884a6/datanode-5/data/ratis/3594cfc4-16d2-449e-8932-2babb1334063/sm/snapshot.4_27
2022-11-23 12:07:31,627 [EventQueue-NodeRegistrationContainerReportForContainerSafeModeRule] INFO  safemode.SCMSafeModeManager (SCMSafeModeManager.java:validateSafeModeExitRules(204)) - ContainerSafeModeRule rule is successfully validated
2022-11-23 12:07:31,628 [EventQueue-PipelineReportForOneReplicaPipelineSafeModeRule] INFO  safemode.SCMSafeModeManager (OneReplicaPipelineSafeModeRule.java:process(120)) - SCM in safe mode. Pipelines with at least one datanode reported count is 0, required at least one datanode reported per pipeline count is 1
2022-11-23 12:07:31,628 [23a93132-5f46-46ff-a00f-e8b8e96ed379@group-2BABB1334063-StateMachineUpdater] INFO  ratis.ContainerStateMachine (ContainerStateMachine.java:takeSnapshot(315)) - group-2BABB1334063: Finished taking a snapshot at:(t:4, i:27) file:/home/runner/work/ozone/ozone/hadoop-ozone/integration-test/target/test-dir/MiniOzoneClusterImpl-ebe43555-68d4-45be-bb73-f0d85d5884a6/datanode-5/data/ratis/3594cfc4-16d2-449e-8932-2babb1334063/sm/snapshot.4_27 took: 1 ms
2022-11-23 12:07:31,628 [23a93132-5f46-46ff-a00f-e8b8e96ed379@group-2BABB1334063-StateMachineUpdater] INFO  impl.StateMachineUpdater (StateMachineUpdater.java:takeSnapshot(287)) - 23a93132-5f46-46ff-a00f-e8b8e96ed379@group-2BABB1334063-StateMachineUpdater: Took a snapshot at index 27
2022-11-23 12:07:31,629 [23a93132-5f46-46ff-a00f-e8b8e96ed379@group-2BABB1334063-StateMachineUpdater] INFO  impl.StateMachineUpdater (StateMachineUpdater.java:lambda$new$0(92)) - 23a93132-5f46-46ff-a00f-e8b8e96ed379@group-2BABB1334063-StateMachineUpdater: snapshotIndex: updateIncreasingly -1 -> 27
2022-11-23 12:07:31,629 [EventQueue-PipelineReportForPipelineReportHandler] INFO  pipeline.PipelineReportHandler (PipelineReportHandler.java:processPipelineReport(115)) - Reported pipeline PipelineID=25b35b6d-ed93-4299-8bb9-43a09bae3664 is not found
2022-11-23 12:07:31,647 [EventQueue-NodeRegistrationContainerReportForDataNodeSafeModeRule] INFO  safemode.SCMSafeModeManager (DataNodeSafeModeRule.java:process(71)) - SCM in safe mode. 2 DataNodes registered, 3 required.
2022-11-23 12:07:31,647 [f22cc5c0-3e38-414a-900c-2421eb232dd6@group-006AB7B14A94-StateMachineUpdater] INFO  ratis.ContainerStateMachine (ContainerStateMachine.java:takeSnapshot(304)) - group-006AB7B14A94: Taking a snapshot at:(t:1, i:39) file /home/runner/work/ozone/ozone/hadoop-ozone/integration-test/target/test-dir/MiniOzoneClusterImpl-dceccd61-1c79-4731-83b2-e5da109f0f32/datanode-0/data/ratis/2420c22c-1769-48ae-b1be-006ab7b14a94/sm/snapshot.1_39
2022-11-23 12:07:31,647 [Command processor thread] INFO  impl.StateMachineUpdater (StateMachineUpdater.java:stopAndJoin(153)) - f22cc5c0-3e38-414a-900c-2421eb232dd6@group-006AB7B14A94-StateMachineUpdater: set stopIndex = 39
2022-11-23 12:07:31,646 [Under Replicated Processor] INFO  replication.UnderReplicatedProcessor (UnderReplicatedProcessor.java:processAll(79)) - Processed 0 under replicated containers, failed processing 0
2022-11-23 12:07:31,646 [ReplicationMonitor] INFO  replication.ReplicationManager (ReplicationManager.java:processAll(355)) - Replication Monitor Thread took 0 milliseconds for processing 0 containers.
2022-11-23 12:07:31,646 [Over Replicated Processor] INFO  replication.OverReplicatedProcessor (OverReplicatedProcessor.java:processAll(79)) - Processed 0 over replicated containers, failed processing 0
2022-11-23 12:07:31,645 [Listener at 0.0.0.0/39971] INFO  server.AbstractConnector (AbstractConnector.java:doStart(333)) - Started ServerConnector@1dfd3635{HTTP/1.1, (http/1.1)}{0.0.0.0:45749}
2022-11-23 12:07:31,663 [Listener at 0.0.0.0/39971] INFO  server.Server (Server.java:doStart(415)) - Started @537038ms
2022-11-23 12:07:31,663 [Listener at 0.0.0.0/39971] WARN  impl.MetricsSystemImpl (MetricsSystemImpl.java:register(279)) - Sink prometheus already exists!
2022-11-23 12:07:31,637 [EventQueue-NewNodeForNewNodeHandler] INFO  pipeline.BackgroundPipelineCreator (BackgroundPipelineCreator.java:notifyEventTriggered(276)) - trigger a one-shot run on RatisPipelineUtilsThread.
2022-11-23 12:07:31,663 [EventQueue-NewNodeForNewNodeHandler] INFO  node.NodeDecommissionManager (NodeDecommissionManager.java:continueAdminForNode(267)) - Continue admin for datanode 2770806d-009d-48da-9d50-3d9453a3ad96{ip: 10.1.0.13, host: fv-az105-298.wy5h1aom0jgehahef1oyr10hrc.bx.internal.cloudapp.net, ports: [REPLICATION=42903, RATIS=41085, RATIS_ADMIN=41085, RATIS_SERVER=41085, STANDALONE=41997], networkLocation: /default-rack, certSerialId: null, persistedOpState: ENTERING_MAINTENANCE, persistedOpStateExpiryEpochSec: 0}
2022-11-23 12:07:31,637 [EventQueue-PipelineReportForOneReplicaPipelineSafeModeRule] INFO  safemode.SCMSafeModeManager (OneReplicaPipelineSafeModeRule.java:process(120)) - SCM in safe mode. Pipelines with at least one datanode reported count is 0, required at least one datanode reported per pipeline count is 1
2022-11-23 12:07:31,629 [Command processor thread] INFO  keyvalue.KeyValueContainer (KeyValueContainer.java:flushAndSyncDB(437)) - Container 1 is synced with bcsId 37.
2022-11-23 12:07:31,664 [Command processor thread] INFO  keyvalue.KeyValueContainer (KeyValueContainer.java:flushAndSyncDB(437)) - Container 1 is synced with bcsId 37.
2022-11-23 12:07:31,629 [23a93132-5f46-46ff-a00f-e8b8e96ed379-impl-thread2] INFO  server.RaftServer$Division (ServerState.java:close(466)) - 23a93132-5f46-46ff-a00f-e8b8e96ed379@group-2BABB1334063: closes. applyIndex: 27
2022-11-23 12:07:31,664 [Listener at 0.0.0.0/39971] INFO  http.BaseHttpServer (BaseHttpServer.java:updateConnectorAddress(333)) - HTTP server of scm listening at http://0.0.0.0:45749
2022-11-23 12:07:31,664 [Listener at 0.0.0.0/39971] INFO  ozone.MiniOzoneClusterImpl (MiniOzoneClusterImpl.java:lambda$waitForClusterToBeReady$0(216)) - Waiting for nodes to be ready. Got 2 of 7 DN Heartbeats.
2022-11-23 12:07:31,664 [Listener at 0.0.0.0/39971] INFO  ozone.MiniOzoneClusterImpl (MiniOzoneClusterImpl.java:lambda$waitForClusterToBeReady$0(219)) - Waiting for cluster to exit safe mode
2022-11-23 12:07:31,664 [Listener at 0.0.0.0/39971] INFO  ozone.MiniOzoneClusterImpl (MiniOzoneClusterImpl.java:lambda$waitForClusterToBeReady$0(221)) - SCM became leader
2022-11-23 12:07:31,661 [Command processor thread] INFO  keyvalue.KeyValueContainer (KeyValueContainer.java:flushAndSyncDB(437)) - Container 1 is synced with bcsId 37.
2022-11-23 12:07:31,665 [Command processor thread] INFO  keyvalue.KeyValueContainer (KeyValueContainer.java:flushAndSyncDB(437)) - Container 1 is synced with bcsId 37.
2022-11-23 12:07:31,664 [23a93132-5f46-46ff-a00f-e8b8e96ed379@group-2BABB1334063-SegmentedRaftLogWorker] INFO  segmented.SegmentedRaftLogWorker (SegmentedRaftLogWorker.java:run(345)) - 23a93132-5f46-46ff-a00f-e8b8e96ed379@group-2BABB1334063-SegmentedRaftLogWorker was interrupted, exiting. There are 0 tasks remaining in the queue.
2022-11-23 12:07:31,665 [23a93132-5f46-46ff-a00f-e8b8e96ed379-impl-thread2] INFO  segmented.SegmentedRaftLogWorker (SegmentedRaftLogWorker.java:close(255)) - 23a93132-5f46-46ff-a00f-e8b8e96ed379@group-2BABB1334063-SegmentedRaftLogWorker close()
2022-11-23 12:07:31,666 [f22cc5c0-3e38-414a-900c-2421eb232dd6@group-006AB7B14A94-StateMachineUpdater] INFO  ratis.ContainerStateMachine (ContainerStateMachine.java:takeSnapshot(315)) - group-006AB7B14A94: Finished taking a snapshot at:(t:1, i:39) file:/home/runner/work/ozone/ozone/hadoop-ozone/integration-test/target/test-dir/MiniOzoneClusterImpl-dceccd61-1c79-4731-83b2-e5da109f0f32/datanode-0/data/ratis/2420c22c-1769-48ae-b1be-006ab7b14a94/sm/snapshot.1_39 took: 19 ms
2022-11-23 12:07:31,666 [f22cc5c0-3e38-414a-900c-2421eb232dd6@group-006AB7B14A94-StateMachineUpdater] INFO  impl.StateMachineUpdater (StateMachineUpdater.java:takeSnapshot(287)) - f22cc5c0-3e38-414a-900c-2421eb232dd6@group-006AB7B14A94-StateMachineUpdater: Took a snapshot at index 39
2022-11-23 12:07:31,666 [f22cc5c0-3e38-414a-900c-2421eb232dd6@group-006AB7B14A94-StateMachineUpdater] INFO  impl.StateMachineUpdater (StateMachineUpdater.java:lambda$new$0(92)) - f22cc5c0-3e38-414a-900c-2421eb232dd6@group-006AB7B14A94-StateMachineUpdater: snapshotIndex: updateIncreasingly -1 -> 39
2022-11-23 12:07:31,667 [Command processor thread] INFO  server.RaftServer$Division (ServerState.java:close(466)) - f22cc5c0-3e38-414a-900c-2421eb232dd6@group-006AB7B14A94: closes. applyIndex: 39
2022-11-23 12:07:31,668 [f22cc5c0-3e38-414a-900c-2421eb232dd6@group-006AB7B14A94-SegmentedRaftLogWorker] INFO  segmented.SegmentedRaftLogWorker (SegmentedRaftLogWorker.java:run(345)) - f22cc5c0-3e38-414a-900c-2421eb232dd6@group-006AB7B14A94-SegmentedRaftLogWorker was interrupted, exiting. There are 0 tasks remaining in the queue.
2022-11-23 12:07:31,668 [Command processor thread] INFO  segmented.SegmentedRaftLogWorker (SegmentedRaftLogWorker.java:close(255)) - f22cc5c0-3e38-414a-900c-2421eb232dd6@group-006AB7B14A94-SegmentedRaftLogWorker close()
2022-11-23 12:07:31,669 [JvmPauseMonitor39] INFO  util.JvmPauseMonitor (JvmPauseMonitor.java:run(111)) - JvmPauseMonitor-23a93132-5f46-46ff-a00f-e8b8e96ed379: Stopped
2022-11-23 12:07:31,677 [Command processor thread] INFO  keyvalue.KeyValueContainer (KeyValueContainer.java:flushAndSyncDB(437)) - Container 3 is synced with bcsId 30.
2022-11-23 12:07:31,678 [Command processor thread] INFO  keyvalue.KeyValueContainer (KeyValueContainer.java:flushAndSyncDB(437)) - Container 3 is synced with bcsId 30.
2022-11-23 12:07:31,678 [FixedThreadPoolWithAffinityExecutor-9-0] INFO  container.IncrementalContainerReportHandler (AbstractContainerReportHandler.java:updateContainerState(285)) - Moving container #1 to QUASI_CLOSED state, datanode 2f53493c-3a9e-4904-8cf8-ac1f6fb0520e{ip: 10.1.0.13, host: fv-az105-298.wy5h1aom0jgehahef1oyr10hrc.bx.internal.cloudapp.net, ports: [REPLICATION=43097, RATIS=43085, RATIS_ADMIN=43085, RATIS_SERVER=43085, STANDALONE=37821], networkLocation: /default-rack, certSerialId: null, persistedOpState: ENTERING_MAINTENANCE, persistedOpStateExpiryEpochSec: 0} reported QUASI_CLOSED replica.
2022-11-23 12:07:31,688 [Under Replicated Processor] INFO  replication.UnderReplicatedProcessor (UnderReplicatedProcessor.java:processAll(79)) - Processed 0 under replicated containers, failed processing 0
2022-11-23 12:07:31,690 [Command processor thread] INFO  keyvalue.KeyValueContainer (KeyValueContainer.java:flushAndSyncDB(437)) - Container 3 is synced with bcsId 30.
2022-11-23 12:07:31,691 [Command processor thread] INFO  keyvalue.KeyValueContainer (KeyValueContainer.java:flushAndSyncDB(437)) - Container 3 is synced with bcsId 30.
2022-11-23 12:07:31,691 [Command processor thread] INFO  keyvalue.KeyValueContainer (KeyValueContainer.java:flushAndSyncDB(437)) - Container 6 is synced with bcsId 33.
2022-11-23 12:07:31,691 [Command processor thread] INFO  keyvalue.KeyValueContainer (KeyValueContainer.java:flushAndSyncDB(437)) - Container 6 is synced with bcsId 33.
2022-11-23 12:07:31,694 [IPC Server handler 13 on default port 41047] INFO  net.NetworkTopologyImpl (NetworkTopologyImpl.java:add(112)) - Added a new node: /default-rack/f22cc5c0-3e38-414a-900c-2421eb232dd6
2022-11-23 12:07:31,694 [IPC Server handler 13 on default port 41047] INFO  node.NodeStateManager (NodeStateManager.java:newNodeStatus(338)) - Updating nodeOperationalState on registration as the datanode has a persisted state of ENTERING_MAINTENANCE and expiry of 0
2022-11-23 12:07:31,695 [IPC Server handler 13 on default port 41047] INFO  node.SCMNodeManager (SCMNodeManager.java:register(397)) - Registered Data node : f22cc5c0-3e38-414a-900c-2421eb232dd6{ip: 10.1.0.13, host: fv-az105-298.wy5h1aom0jgehahef1oyr10hrc.bx.internal.cloudapp.net, ports: [REPLICATION=33553, RATIS=38335, RATIS_ADMIN=38335, RATIS_SERVER=38335, STANDALONE=33109], networkLocation: /default-rack, certSerialId: null, persistedOpState: ENTERING_MAINTENANCE, persistedOpStateExpiryEpochSec: 0}
2022-11-23 12:07:31,695 [EventQueue-PipelineReportForPipelineReportHandler] INFO  pipeline.PipelineReportHandler (PipelineReportHandler.java:processPipelineReport(115)) - Reported pipeline PipelineID=93d52c61-43d9-4d86-8ce7-648a56829076 is not found
2022-11-23 12:07:31,695 [EventQueue-NewNodeForNewNodeHandler] INFO  pipeline.BackgroundPipelineCreator (BackgroundPipelineCreator.java:notifyEventTriggered(276)) - trigger a one-shot run on RatisPipelineUtilsThread.
2022-11-23 12:07:31,695 [EventQueue-NewNodeForNewNodeHandler] INFO  node.NodeDecommissionManager (NodeDecommissionManager.java:continueAdminForNode(267)) - Continue admin for datanode f22cc5c0-3e38-414a-900c-2421eb232dd6{ip: 10.1.0.13, host: fv-az105-298.wy5h1aom0jgehahef1oyr10hrc.bx.internal.cloudapp.net, ports: [REPLICATION=33553, RATIS=38335, RATIS_ADMIN=38335, RATIS_SERVER=38335, STANDALONE=33109], networkLocation: /default-rack, certSerialId: null, persistedOpState: ENTERING_MAINTENANCE, persistedOpStateExpiryEpochSec: 0}
2022-11-23 12:07:31,695 [EventQueue-NodeRegistrationContainerReportForDataNodeSafeModeRule] INFO  safemode.SCMSafeModeManager (DataNodeSafeModeRule.java:process(71)) - SCM in safe mode. 3 DataNodes registered, 3 required.
2022-11-23 12:07:31,695 [EventQueue-PipelineReportForOneReplicaPipelineSafeModeRule] INFO  safemode.SCMSafeModeManager (OneReplicaPipelineSafeModeRule.java:process(120)) - SCM in safe mode. Pipelines with at least one datanode reported count is 0, required at least one datanode reported per pipeline count is 1
2022-11-23 12:07:31,695 [FixedThreadPoolWithAffinityExecutor-9-0] INFO  container.IncrementalContainerReportHandler (AbstractContainerReportHandler.java:updateContainerState(285)) - Moving container #3 to QUASI_CLOSED state, datanode 2f53493c-3a9e-4904-8cf8-ac1f6fb0520e{ip: 10.1.0.13, host: fv-az105-298.wy5h1aom0jgehahef1oyr10hrc.bx.internal.cloudapp.net, ports: [REPLICATION=43097, RATIS=43085, RATIS_ADMIN=43085, RATIS_SERVER=43085, STANDALONE=37821], networkLocation: /default-rack, certSerialId: null, persistedOpState: ENTERING_MAINTENANCE, persistedOpStateExpiryEpochSec: 0} reported QUASI_CLOSED replica.
2022-11-23 12:07:31,696 [Command processor thread] INFO  server.RaftServer$Division (RaftServerImpl.java:groupRemove(428)) - 2f53493c-3a9e-4904-8cf8-ac1f6fb0520e@group-006AB7B14A94: Succeed to remove RaftStorageDirectory Storage Directory /home/runner/work/ozone/ozone/hadoop-ozone/integration-test/target/test-dir/MiniOzoneClusterImpl-dceccd61-1c79-4731-83b2-e5da109f0f32/datanode-1/data/ratis/2420c22c-1769-48ae-b1be-006ab7b14a94
2022-11-23 12:07:31,696 [Command processor thread] INFO  commandhandler.ClosePipelineCommandHandler (ClosePipelineCommandHandler.java:handle(78)) - Close Pipeline PipelineID=2420c22c-1769-48ae-b1be-006ab7b14a94 command on datanode 2f53493c-3a9e-4904-8cf8-ac1f6fb0520e.
2022-11-23 12:07:31,697 [Command processor thread] INFO  server.RaftServer (RaftServerProxy.java:remove(107)) - 2f53493c-3a9e-4904-8cf8-ac1f6fb0520e: remove    LEADER 2f53493c-3a9e-4904-8cf8-ac1f6fb0520e@group-43A09BAE3664:t1, leader=2f53493c-3a9e-4904-8cf8-ac1f6fb0520e, voted=2f53493c-3a9e-4904-8cf8-ac1f6fb0520e, raftlog=Memoized:2f53493c-3a9e-4904-8cf8-ac1f6fb0520e@group-43A09BAE3664-SegmentedRaftLog:OPENED:c0, conf=0: peers:[2f53493c-3a9e-4904-8cf8-ac1f6fb0520e|rpc:10.1.0.13:43085|dataStream:|priority:1|startupRole:FOLLOWER]|listeners:[], old=null RUNNING
2022-11-23 12:07:31,697 [Command processor thread] INFO  server.RaftServer$Division (RaftServerImpl.java:lambda$close$4(458)) - 2f53493c-3a9e-4904-8cf8-ac1f6fb0520e@group-43A09BAE3664: shutdown
2022-11-23 12:07:31,697 [Command processor thread] INFO  util.JmxRegister (JmxRegister.java:unregister(73)) - Successfully un-registered JMX Bean with object name Ratis:service=RaftServer,group=group-43A09BAE3664,id=2f53493c-3a9e-4904-8cf8-ac1f6fb0520e
2022-11-23 12:07:31,697 [Command processor thread] INFO  impl.RoleInfo (RoleInfo.java:shutdownLeaderState(93)) - 2f53493c-3a9e-4904-8cf8-ac1f6fb0520e: shutdown 2f53493c-3a9e-4904-8cf8-ac1f6fb0520e@group-43A09BAE3664-LeaderStateImpl
2022-11-23 12:07:31,697 [Command processor thread] INFO  impl.PendingRequests (PendingRequests.java:sendNotLeaderResponses(282)) - 2f53493c-3a9e-4904-8cf8-ac1f6fb0520e@group-43A09BAE3664-PendingRequests: sendNotLeaderResponses
2022-11-23 12:07:31,697 [Command processor thread] INFO  impl.StateMachineUpdater (StateMachineUpdater.java:stopAndJoin(153)) - 2f53493c-3a9e-4904-8cf8-ac1f6fb0520e@group-43A09BAE3664-StateMachineUpdater: set stopIndex = 0
2022-11-23 12:07:31,698 [2f53493c-3a9e-4904-8cf8-ac1f6fb0520e@group-43A09BAE3664-StateMachineUpdater] INFO  ratis.ContainerStateMachine (ContainerStateMachine.java:takeSnapshot(304)) - group-43A09BAE3664: Taking a snapshot at:(t:1, i:0) file /home/runner/work/ozone/ozone/hadoop-ozone/integration-test/target/test-dir/MiniOzoneClusterImpl-dceccd61-1c79-4731-83b2-e5da109f0f32/datanode-1/data/ratis/25b35b6d-ed93-4299-8bb9-43a09bae3664/sm/snapshot.1_0
2022-11-23 12:07:31,699 [2f53493c-3a9e-4904-8cf8-ac1f6fb0520e@group-43A09BAE3664-StateMachineUpdater] INFO  ratis.ContainerStateMachine (ContainerStateMachine.java:takeSnapshot(315)) - group-43A09BAE3664: Finished taking a snapshot at:(t:1, i:0) file:/home/runner/work/ozone/ozone/hadoop-ozone/integration-test/target/test-dir/MiniOzoneClusterImpl-dceccd61-1c79-4731-83b2-e5da109f0f32/datanode-1/data/ratis/25b35b6d-ed93-4299-8bb9-43a09bae3664/sm/snapshot.1_0 took: 1 ms
2022-11-23 12:07:31,699 [FixedThreadPoolWithAffinityExecutor-9-0] INFO  container.IncrementalContainerReportHandler (AbstractContainerReportHandler.java:updateContainerState(285)) - Moving container #6 to QUASI_CLOSED state, datanode 2f53493c-3a9e-4904-8cf8-ac1f6fb0520e{ip: 10.1.0.13, host: fv-az105-298.wy5h1aom0jgehahef1oyr10hrc.bx.internal.cloudapp.net, ports: [REPLICATION=43097, RATIS=43085, RATIS_ADMIN=43085, RATIS_SERVER=43085, STANDALONE=37821], networkLocation: /default-rack, certSerialId: null, persistedOpState: ENTERING_MAINTENANCE, persistedOpStateExpiryEpochSec: 0} reported QUASI_CLOSED replica.
2022-11-23 12:07:31,699 [2f53493c-3a9e-4904-8cf8-ac1f6fb0520e@group-43A09BAE3664-StateMachineUpdater] INFO  impl.StateMachineUpdater (StateMachineUpdater.java:takeSnapshot(287)) - 2f53493c-3a9e-4904-8cf8-ac1f6fb0520e@group-43A09BAE3664-StateMachineUpdater: Took a snapshot at index 0
2022-11-23 12:07:31,699 [2f53493c-3a9e-4904-8cf8-ac1f6fb0520e@group-43A09BAE3664-StateMachineUpdater] INFO  impl.StateMachineUpdater (StateMachineUpdater.java:lambda$new$0(92)) - 2f53493c-3a9e-4904-8cf8-ac1f6fb0520e@group-43A09BAE3664-StateMachineUpdater: snapshotIndex: updateIncreasingly -1 -> 0
2022-11-23 12:07:31,700 [Command processor thread] INFO  keyvalue.KeyValueContainer (KeyValueContainer.java:flushAndSyncDB(437)) - Container 6 is synced with bcsId 33.
2022-11-23 12:07:31,700 [Command processor thread] INFO  keyvalue.KeyValueContainer (KeyValueContainer.java:flushAndSyncDB(437)) - Container 6 is synced with bcsId 33.
2022-11-23 12:07:31,702 [Command processor thread] INFO  server.RaftServer$Division (ServerState.java:close(466)) - 2f53493c-3a9e-4904-8cf8-ac1f6fb0520e@group-43A09BAE3664: closes. applyIndex: 0
2022-11-23 12:07:31,703 [2f53493c-3a9e-4904-8cf8-ac1f6fb0520e@group-43A09BAE3664-SegmentedRaftLogWorker] INFO  segmented.SegmentedRaftLogWorker (SegmentedRaftLogWorker.java:run(345)) - 2f53493c-3a9e-4904-8cf8-ac1f6fb0520e@group-43A09BAE3664-SegmentedRaftLogWorker was interrupted, exiting. There are 0 tasks remaining in the queue.
2022-11-23 12:07:31,703 [Command processor thread] INFO  server.RaftServer$Division (RaftServerImpl.java:groupRemove(428)) - 2770806d-009d-48da-9d50-3d9453a3ad96@group-006AB7B14A94: Succeed to remove RaftStorageDirectory Storage Directory /home/runner/work/ozone/ozone/hadoop-ozone/integration-test/target/test-dir/MiniOzoneClusterImpl-dceccd61-1c79-4731-83b2-e5da109f0f32/datanode-2/data/ratis/2420c22c-1769-48ae-b1be-006ab7b14a94
2022-11-23 12:07:31,703 [Command processor thread] INFO  commandhandler.ClosePipelineCommandHandler (ClosePipelineCommandHandler.java:handle(78)) - Close Pipeline PipelineID=2420c22c-1769-48ae-b1be-006ab7b14a94 command on datanode 2770806d-009d-48da-9d50-3d9453a3ad96.
2022-11-23 12:07:31,704 [Command processor thread] INFO  segmented.SegmentedRaftLogWorker (SegmentedRaftLogWorker.java:close(255)) - 2f53493c-3a9e-4904-8cf8-ac1f6fb0520e@group-43A09BAE3664-SegmentedRaftLogWorker close()
2022-11-23 12:07:31,704 [Command processor thread] INFO  server.RaftServer$Division (RaftServerImpl.java:groupRemove(428)) - 2f53493c-3a9e-4904-8cf8-ac1f6fb0520e@group-43A09BAE3664: Succeed to remove RaftStorageDirectory Storage Directory /home/runner/work/ozone/ozone/hadoop-ozone/integration-test/target/test-dir/MiniOzoneClusterImpl-dceccd61-1c79-4731-83b2-e5da109f0f32/datanode-1/data/ratis/25b35b6d-ed93-4299-8bb9-43a09bae3664
2022-11-23 12:07:31,705 [Command processor thread] INFO  commandhandler.ClosePipelineCommandHandler (ClosePipelineCommandHandler.java:handle(78)) - Close Pipeline PipelineID=25b35b6d-ed93-4299-8bb9-43a09bae3664 command on datanode 2f53493c-3a9e-4904-8cf8-ac1f6fb0520e.
2022-11-23 12:07:31,708 [EventQueue-NodeRegistrationContainerReportForDataNodeSafeModeRule] INFO  safemode.SCMSafeModeManager (SCMSafeModeManager.java:validateSafeModeExitRules(204)) - DataNodeSafeModeRule rule is successfully validated
2022-11-23 12:07:31,709 [EventQueue-NodeRegistrationContainerReportForDataNodeSafeModeRule] INFO  safemode.SCMSafeModeManager (SCMSafeModeManager.java:completePreCheck(233)) - All SCM safe mode pre check rules have passed
2022-11-23 12:07:31,709 [EventQueue-NodeRegistrationContainerReportForDataNodeSafeModeRule] WARN  events.EventQueue (EventQueue.java:fireEvent(216)) - No event handler registered for event TypedEvent{payloadType=SafeModeStatus, name='Safe mode status'}
2022-11-23 12:07:31,709 [EventQueue-NodeRegistrationContainerReportForDataNodeSafeModeRule] INFO  ha.SCMContext (SCMContext.java:updateSafeModeStatus(228)) - Update SafeModeStatus from SafeModeStatus{safeModeStatus=true, preCheckPassed=false} to SafeModeStatus{safeModeStatus=true, preCheckPassed=true}.
2022-11-23 12:07:31,709 [EventQueue-NodeRegistrationContainerReportForDataNodeSafeModeRule] INFO  pipeline.BackgroundPipelineCreator (BackgroundPipelineCreator.java:notifyEventTriggered(276)) - trigger a one-shot run on RatisPipelineUtilsThread.
2022-11-23 12:07:31,732 [ReplicationMonitor] INFO  replication.LegacyReplicationManager (LegacyReplicationManager.java:sendCloseCommand(1511)) - Sending close container command for container #2 to datanode 23a93132-5f46-46ff-a00f-e8b8e96ed379{ip: 10.1.0.13, host: fv-az105-298.wy5h1aom0jgehahef1oyr10hrc.bx.internal.cloudapp.net, ports: [REPLICATION=35697, RATIS=39241, RATIS_ADMIN=39241, RATIS_SERVER=39241, STANDALONE=38363], networkLocation: /default-rack, certSerialId: null, persistedOpState: IN_SERVICE, persistedOpStateExpiryEpochSec: 0}.
2022-11-23 12:07:31,732 [ReplicationMonitor] INFO  replication.LegacyReplicationManager (LegacyReplicationManager.java:sendCloseCommand(1511)) - Sending close container command for container #2 to datanode d25935c7-9680-4f09-83cd-d338e09c0605{ip: 10.1.0.13, host: fv-az105-298.wy5h1aom0jgehahef1oyr10hrc.bx.internal.cloudapp.net, ports: [REPLICATION=45607, RATIS=36307, RATIS_ADMIN=36307, RATIS_SERVER=36307, STANDALONE=45843], networkLocation: /default-rack, certSerialId: null, persistedOpState: IN_SERVICE, persistedOpStateExpiryEpochSec: 0}.
2022-11-23 12:07:31,732 [ReplicationMonitor] INFO  replication.LegacyReplicationManager (LegacyReplicationManager.java:sendCloseCommand(1511)) - Sending close container command for container #2 to datanode 4cf88e88-4098-40f9-846c-84288099b2d2{ip: 10.1.0.13, host: fv-az105-298.wy5h1aom0jgehahef1oyr10hrc.bx.internal.cloudapp.net, ports: [REPLICATION=44791, RATIS=45597, RATIS_ADMIN=45597, RATIS_SERVER=45597, STANDALONE=35773], networkLocation: /default-rack, certSerialId: null, persistedOpState: IN_SERVICE, persistedOpStateExpiryEpochSec: 0}.
2022-11-23 12:07:31,732 [ReplicationMonitor] INFO  replication.LegacyReplicationManager (LegacyReplicationManager.java:sendCloseCommand(1511)) - Sending close container command for container #3 to datanode d25935c7-9680-4f09-83cd-d338e09c0605{ip: 10.1.0.13, host: fv-az105-298.wy5h1aom0jgehahef1oyr10hrc.bx.internal.cloudapp.net, ports: [REPLICATION=45607, RATIS=36307, RATIS_ADMIN=36307, RATIS_SERVER=36307, STANDALONE=45843], networkLocation: /default-rack, certSerialId: null, persistedOpState: IN_SERVICE, persistedOpStateExpiryEpochSec: 0}.
2022-11-23 12:07:31,732 [ReplicationMonitor] INFO  replication.LegacyReplicationManager (LegacyReplicationManager.java:sendCloseCommand(1511)) - Sending close container command for container #3 to datanode 4cf88e88-4098-40f9-846c-84288099b2d2{ip: 10.1.0.13, host: fv-az105-298.wy5h1aom0jgehahef1oyr10hrc.bx.internal.cloudapp.net, ports: [REPLICATION=44791, RATIS=45597, RATIS_ADMIN=45597, RATIS_SERVER=45597, STANDALONE=35773], networkLocation: /default-rack, certSerialId: null, persistedOpState: IN_SERVICE, persistedOpStateExpiryEpochSec: 0}.
2022-11-23 12:07:31,732 [ReplicationMonitor] INFO  replication.LegacyReplicationManager (LegacyReplicationManager.java:sendCloseCommand(1511)) - Sending close container command for container #3 to datanode 23a93132-5f46-46ff-a00f-e8b8e96ed379{ip: 10.1.0.13, host: fv-az105-298.wy5h1aom0jgehahef1oyr10hrc.bx.internal.cloudapp.net, ports: [REPLICATION=35697, RATIS=39241, RATIS_ADMIN=39241, RATIS_SERVER=39241, STANDALONE=38363], networkLocation: /default-rack, certSerialId: null, persistedOpState: IN_SERVICE, persistedOpStateExpiryEpochSec: 0}.
2022-11-23 12:07:31,732 [ReplicationMonitor] WARN  replication.LegacyReplicationManager (LegacyReplicationManager.java:handleUnderReplicatedContainer(1223)) - Cannot replicate container #4, no healthy replica found.
2022-11-23 12:07:31,733 [ReplicationMonitor] INFO  replication.LegacyReplicationManager (LegacyReplicationManager.java:sendCloseCommand(1511)) - Sending close container command for container #6 to datanode 4cf88e88-4098-40f9-846c-84288099b2d2{ip: 10.1.0.13, host: fv-az105-298.wy5h1aom0jgehahef1oyr10hrc.bx.internal.cloudapp.net, ports: [REPLICATION=44791, RATIS=45597, RATIS_ADMIN=45597, RATIS_SERVER=45597, STANDALONE=35773], networkLocation: /default-rack, certSerialId: null, persistedOpState: IN_SERVICE, persistedOpStateExpiryEpochSec: 0}.
2022-11-23 12:07:31,733 [ReplicationMonitor] INFO  replication.LegacyReplicationManager (LegacyReplicationManager.java:sendCloseCommand(1511)) - Sending close container command for container #6 to datanode d25935c7-9680-4f09-83cd-d338e09c0605{ip: 10.1.0.13, host: fv-az105-298.wy5h1aom0jgehahef1oyr10hrc.bx.internal.cloudapp.net, ports: [REPLICATION=45607, RATIS=36307, RATIS_ADMIN=36307, RATIS_SERVER=36307, STANDALONE=45843], networkLocation: /default-rack, certSerialId: null, persistedOpState: IN_SERVICE, persistedOpStateExpiryEpochSec: 0}.
2022-11-23 12:07:31,733 [ReplicationMonitor] INFO  replication.LegacyReplicationManager (LegacyReplicationManager.java:sendCloseCommand(1511)) - Sending close container command for container #6 to datanode 23a93132-5f46-46ff-a00f-e8b8e96ed379{ip: 10.1.0.13, host: fv-az105-298.wy5h1aom0jgehahef1oyr10hrc.bx.internal.cloudapp.net, ports: [REPLICATION=35697, RATIS=39241, RATIS_ADMIN=39241, RATIS_SERVER=39241, STANDALONE=38363], networkLocation: /default-rack, certSerialId: null, persistedOpState: IN_SERVICE, persistedOpStateExpiryEpochSec: 0}.
2022-11-23 12:07:31,733 [ReplicationMonitor] INFO  replication.ReplicationManager (ReplicationManager.java:processAll(355)) - Replication Monitor Thread took 1 milliseconds for processing 6 containers.
2022-11-23 12:07:31,734 [Command processor thread] INFO  keyvalue.KeyValueContainer (KeyValueContainer.java:flushAndSyncDB(437)) - Container 1 is synced with bcsId 37.
2022-11-23 12:07:31,734 [Command processor thread] INFO  keyvalue.KeyValueContainer (KeyValueContainer.java:flushAndSyncDB(437)) - Container 1 is synced with bcsId 37.
2022-11-23 12:07:31,738 [Command processor thread] INFO  keyvalue.KeyValueContainer (KeyValueContainer.java:flushAndSyncDB(437)) - Container 3 is synced with bcsId 30.
2022-11-23 12:07:31,738 [Command processor thread] INFO  keyvalue.KeyValueContainer (KeyValueContainer.java:flushAndSyncDB(437)) - Container 3 is synced with bcsId 30.
2022-11-23 12:07:31,741 [Command processor thread] INFO  keyvalue.KeyValueContainer (KeyValueContainer.java:flushAndSyncDB(437)) - Container 6 is synced with bcsId 33.
2022-11-23 12:07:31,742 [Command processor thread] INFO  keyvalue.KeyValueContainer (KeyValueContainer.java:flushAndSyncDB(437)) - Container 6 is synced with bcsId 33.
2022-11-23 12:07:31,744 [Command processor thread] INFO  server.RaftServer$Division (RaftServerImpl.java:groupRemove(428)) - f22cc5c0-3e38-414a-900c-2421eb232dd6@group-006AB7B14A94: Succeed to remove RaftStorageDirectory Storage Directory /home/runner/work/ozone/ozone/hadoop-ozone/integration-test/target/test-dir/MiniOzoneClusterImpl-dceccd61-1c79-4731-83b2-e5da109f0f32/datanode-0/data/ratis/2420c22c-1769-48ae-b1be-006ab7b14a94
2022-11-23 12:07:31,744 [Command processor thread] INFO  commandhandler.ClosePipelineCommandHandler (ClosePipelineCommandHandler.java:handle(78)) - Close Pipeline PipelineID=2420c22c-1769-48ae-b1be-006ab7b14a94 command on datanode f22cc5c0-3e38-414a-900c-2421eb232dd6.
2022-11-23 12:07:31,744 [Command processor thread] INFO  server.RaftServer (RaftServerProxy.java:remove(107)) - f22cc5c0-3e38-414a-900c-2421eb232dd6: remove    LEADER f22cc5c0-3e38-414a-900c-2421eb232dd6@group-648A56829076:t1, leader=f22cc5c0-3e38-414a-900c-2421eb232dd6, voted=f22cc5c0-3e38-414a-900c-2421eb232dd6, raftlog=Memoized:f22cc5c0-3e38-414a-900c-2421eb232dd6@group-648A56829076-SegmentedRaftLog:OPENED:c0, conf=0: peers:[f22cc5c0-3e38-414a-900c-2421eb232dd6|rpc:10.1.0.13:38335|dataStream:|priority:1|startupRole:FOLLOWER]|listeners:[], old=null RUNNING
2022-11-23 12:07:31,744 [Command processor thread] INFO  server.RaftServer$Division (RaftServerImpl.java:lambda$close$4(458)) - f22cc5c0-3e38-414a-900c-2421eb232dd6@group-648A56829076: shutdown
2022-11-23 12:07:31,744 [Command processor thread] INFO  util.JmxRegister (JmxRegister.java:unregister(73)) - Successfully un-registered JMX Bean with object name Ratis:service=RaftServer,group=group-648A56829076,id=f22cc5c0-3e38-414a-900c-2421eb232dd6
2022-11-23 12:07:31,744 [Command processor thread] INFO  impl.RoleInfo (RoleInfo.java:shutdownLeaderState(93)) - f22cc5c0-3e38-414a-900c-2421eb232dd6: shutdown f22cc5c0-3e38-414a-900c-2421eb232dd6@group-648A56829076-LeaderStateImpl
2022-11-23 12:07:31,744 [Command processor thread] INFO  impl.PendingRequests (PendingRequests.java:sendNotLeaderResponses(282)) - f22cc5c0-3e38-414a-900c-2421eb232dd6@group-648A56829076-PendingRequests: sendNotLeaderResponses
2022-11-23 12:07:31,745 [Command processor thread] INFO  impl.StateMachineUpdater (StateMachineUpdater.java:stopAndJoin(153)) - f22cc5c0-3e38-414a-900c-2421eb232dd6@group-648A56829076-StateMachineUpdater: set stopIndex = 0
2022-11-23 12:07:31,745 [f22cc5c0-3e38-414a-900c-2421eb232dd6@group-648A56829076-StateMachineUpdater] INFO  ratis.ContainerStateMachine (ContainerStateMachine.java:takeSnapshot(304)) - group-648A56829076: Taking a snapshot at:(t:1, i:0) file /home/runner/work/ozone/ozone/hadoop-ozone/integration-test/target/test-dir/MiniOzoneClusterImpl-dceccd61-1c79-4731-83b2-e5da109f0f32/datanode-0/data/ratis/93d52c61-43d9-4d86-8ce7-648a56829076/sm/snapshot.1_0
2022-11-23 12:07:31,746 [f22cc5c0-3e38-414a-900c-2421eb232dd6@group-648A56829076-StateMachineUpdater] INFO  ratis.ContainerStateMachine (ContainerStateMachine.java:takeSnapshot(315)) - group-648A56829076: Finished taking a snapshot at:(t:1, i:0) file:/home/runner/work/ozone/ozone/hadoop-ozone/integration-test/target/test-dir/MiniOzoneClusterImpl-dceccd61-1c79-4731-83b2-e5da109f0f32/datanode-0/data/ratis/93d52c61-43d9-4d86-8ce7-648a56829076/sm/snapshot.1_0 took: 0 ms
2022-11-23 12:07:31,746 [f22cc5c0-3e38-414a-900c-2421eb232dd6@group-648A56829076-StateMachineUpdater] INFO  impl.StateMachineUpdater (StateMachineUpdater.java:takeSnapshot(287)) - f22cc5c0-3e38-414a-900c-2421eb232dd6@group-648A56829076-StateMachineUpdater: Took a snapshot at index 0
2022-11-23 12:07:31,746 [f22cc5c0-3e38-414a-900c-2421eb232dd6@group-648A56829076-StateMachineUpdater] INFO  impl.StateMachineUpdater (StateMachineUpdater.java:lambda$new$0(92)) - f22cc5c0-3e38-414a-900c-2421eb232dd6@group-648A56829076-StateMachineUpdater: snapshotIndex: updateIncreasingly -1 -> 0
2022-11-23 12:07:31,747 [Command processor thread] INFO  server.RaftServer$Division (ServerState.java:close(466)) - f22cc5c0-3e38-414a-900c-2421eb232dd6@group-648A56829076: closes. applyIndex: 0
2022-11-23 12:07:31,747 [f22cc5c0-3e38-414a-900c-2421eb232dd6@group-648A56829076-SegmentedRaftLogWorker] INFO  segmented.SegmentedRaftLogWorker (SegmentedRaftLogWorker.java:run(345)) - f22cc5c0-3e38-414a-900c-2421eb232dd6@group-648A56829076-SegmentedRaftLogWorker was interrupted, exiting. There are 0 tasks remaining in the queue.
2022-11-23 12:07:31,747 [Command processor thread] INFO  segmented.SegmentedRaftLogWorker (SegmentedRaftLogWorker.java:close(255)) - f22cc5c0-3e38-414a-900c-2421eb232dd6@group-648A56829076-SegmentedRaftLogWorker close()
2022-11-23 12:07:31,748 [Command processor thread] INFO  server.RaftServer$Division (RaftServerImpl.java:groupRemove(428)) - f22cc5c0-3e38-414a-900c-2421eb232dd6@group-648A56829076: Succeed to remove RaftStorageDirectory Storage Directory /home/runner/work/ozone/ozone/hadoop-ozone/integration-test/target/test-dir/MiniOzoneClusterImpl-dceccd61-1c79-4731-83b2-e5da109f0f32/datanode-0/data/ratis/93d52c61-43d9-4d86-8ce7-648a56829076
2022-11-23 12:07:31,748 [Command processor thread] INFO  commandhandler.ClosePipelineCommandHandler (ClosePipelineCommandHandler.java:handle(78)) - Close Pipeline PipelineID=93d52c61-43d9-4d86-8ce7-648a56829076 command on datanode f22cc5c0-3e38-414a-900c-2421eb232dd6.
2022-11-23 12:07:31,770 [EventQueue-StaleNodeForStaleNodeHandler] INFO  node.StaleNodeHandler (StaleNodeHandler.java:onMessage(59)) - Datanode 4cf88e88-4098-40f9-846c-84288099b2d2{ip: 10.1.0.13, host: fv-az105-298.wy5h1aom0jgehahef1oyr10hrc.bx.internal.cloudapp.net, ports: [REPLICATION=44791, RATIS=45597, RATIS_ADMIN=45597, RATIS_SERVER=45597, STANDALONE=35773], networkLocation: /default-rack, certSerialId: null, persistedOpState: IN_SERVICE, persistedOpStateExpiryEpochSec: 0} moved to stale state. Finalizing its pipelines [PipelineID=7515b8ce-932b-4fae-bb56-9752c7ad13a6, PipelineID=3594cfc4-16d2-449e-8932-2babb1334063]
2022-11-23 12:07:31,770 [EventQueue-StaleNodeForStaleNodeHandler] INFO  pipeline.PipelineManagerImpl (PipelineManagerImpl.java:closePipeline(442)) - Pipeline Pipeline[ Id: 7515b8ce-932b-4fae-bb56-9752c7ad13a6, Nodes: 4cf88e88-4098-40f9-846c-84288099b2d2{ip: 10.1.0.13, host: fv-az105-298.wy5h1aom0jgehahef1oyr10hrc.bx.internal.cloudapp.net, ports: [REPLICATION=44791, RATIS=45597, RATIS_ADMIN=45597, RATIS_SERVER=45597, STANDALONE=35773], networkLocation: /default-rack, certSerialId: null, persistedOpState: IN_SERVICE, persistedOpStateExpiryEpochSec: 0}, ReplicationConfig: RATIS/ONE, State:OPEN, leaderId:4cf88e88-4098-40f9-846c-84288099b2d2, CreationTimestamp2022-11-23T12:07:19.657Z[Etc/UTC]] moved to CLOSED state
2022-11-23 12:07:31,790 [IPC Server handler 1 on default port 41047] INFO  server.SCMDatanodeHeartbeatDispatcher (SCMDatanodeHeartbeatDispatcher.java:dispatch(108)) - SCM received heartbeat from an unregistered datanode 306b0233-9b66-40d1-a9dc-d79985930e36{ip: 10.1.0.13, host: fv-az105-298.wy5h1aom0jgehahef1oyr10hrc.bx.internal.cloudapp.net, ports: [REPLICATION=44527, RATIS=46567, RATIS_ADMIN=46567, RATIS_SERVER=46567, STANDALONE=43949], networkLocation: /default-rack, certSerialId: null, persistedOpState: null, persistedOpStateExpiryEpochSec: 0}. Asking datanode to re-register.
2022-11-23 12:07:31,799 [Over Replicated Processor] INFO  replication.OverReplicatedProcessor (OverReplicatedProcessor.java:processAll(79)) - Processed 0 over replicated containers, failed processing 0
2022-11-23 12:07:32,135 [EventQueue-StartAdminOnNodeForStartDatanodeAdminHandler] INFO  node.StartDatanodeAdminHandler (StartDatanodeAdminHandler.java:onMessage(57)) - Admin start on datanode 2f53493c-3a9e-4904-8cf8-ac1f6fb0520e{ip: 10.1.0.13, host: fv-az105-298.wy5h1aom0jgehahef1oyr10hrc.bx.internal.cloudapp.net, ports: [REPLICATION=43097, RATIS=43085, RATIS_ADMIN=43085, RATIS_SERVER=43085, STANDALONE=37821], networkLocation: /default-rack, certSerialId: null, persistedOpState: ENTERING_MAINTENANCE, persistedOpStateExpiryEpochSec: 0}. Finalizing its pipelines []
2022-11-23 12:07:32,135 [DatanodeAdminManager-0] INFO  node.DatanodeAdminMonitorImpl (DatanodeAdminMonitorImpl.java:checkContainersReplicatedOnNode(356)) - Under Replicated Container #6 Container State: QUASI_CLOSED Replica Count: 3 Healthy Count: 0 Decommission Count: 0 Maintenance Count: 3 inFlightAdd Count: 0 inFightDel Count: 0 ReplicationFactor: 3 minMaintenance Count: 2; Replicas{ContainerReplica{containerID=#6, state=QUASI_CLOSED, datanodeDetails=2f53493c-3a9e-4904-8cf8-ac1f6fb0520e{ip: 10.1.0.13, host: fv-az105-298.wy5h1aom0jgehahef1oyr10hrc.bx.internal.cloudapp.net, ports: [REPLICATION=43097, RATIS=43085, RATIS_ADMIN=43085, RATIS_SERVER=43085, STANDALONE=37821], networkLocation: /default-rack, certSerialId: null, persistedOpState: ENTERING_MAINTENANCE, persistedOpStateExpiryEpochSec: 0}, placeOfBirth=2f53493c-3a9e-4904-8cf8-ac1f6fb0520e, sequenceId=33, keyCount=3, bytesUsed=57},ContainerReplica{containerID=#6, state=QUASI_CLOSED, datanodeDetails=f22cc5c0-3e38-414a-900c-2421eb232dd6{ip: 10.1.0.13, host: fv-az105-298.wy5h1aom0jgehahef1oyr10hrc.bx.internal.cloudapp.net, ports: [REPLICATION=33553, RATIS=38335, RATIS_ADMIN=38335, RATIS_SERVER=38335, STANDALONE=33109], networkLocation: /default-rack, certSerialId: null, persistedOpState: ENTERING_MAINTENANCE, persistedOpStateExpiryEpochSec: 0}, placeOfBirth=f22cc5c0-3e38-414a-900c-2421eb232dd6, sequenceId=33, keyCount=3, bytesUsed=57},ContainerReplica{containerID=#6, state=QUASI_CLOSED, datanodeDetails=2770806d-009d-48da-9d50-3d9453a3ad96{ip: 10.1.0.13, host: fv-az105-298.wy5h1aom0jgehahef1oyr10hrc.bx.internal.cloudapp.net, ports: [REPLICATION=42903, RATIS=41085, RATIS_ADMIN=41085, RATIS_SERVER=41085, STANDALONE=41997], networkLocation: /default-rack, certSerialId: null, persistedOpState: ENTERING_MAINTENANCE, persistedOpStateExpiryEpochSec: 0}, placeOfBirth=2770806d-009d-48da-9d50-3d9453a3ad96, sequenceId=33, keyCount=3, bytesUsed=57}}
2022-11-23 12:07:32,136 [EventQueue-StartAdminOnNodeForStartDatanodeAdminHandler] INFO  node.StartDatanodeAdminHandler (StartDatanodeAdminHandler.java:onMessage(57)) - Admin start on datanode 2770806d-009d-48da-9d50-3d9453a3ad96{ip: 10.1.0.13, host: fv-az105-298.wy5h1aom0jgehahef1oyr10hrc.bx.internal.cloudapp.net, ports: [REPLICATION=42903, RATIS=41085, RATIS_ADMIN=41085, RATIS_SERVER=41085, STANDALONE=41997], networkLocation: /default-rack, certSerialId: null, persistedOpState: ENTERING_MAINTENANCE, persistedOpStateExpiryEpochSec: 0}. Finalizing its pipelines []
2022-11-23 12:07:32,136 [EventQueue-StartAdminOnNodeForStartDatanodeAdminHandler] INFO  node.StartDatanodeAdminHandler (StartDatanodeAdminHandler.java:onMessage(57)) - Admin start on datanode f22cc5c0-3e38-414a-900c-2421eb232dd6{ip: 10.1.0.13, host: fv-az105-298.wy5h1aom0jgehahef1oyr10hrc.bx.internal.cloudapp.net, ports: [REPLICATION=33553, RATIS=38335, RATIS_ADMIN=38335, RATIS_SERVER=38335, STANDALONE=33109], networkLocation: /default-rack, certSerialId: null, persistedOpState: ENTERING_MAINTENANCE, persistedOpStateExpiryEpochSec: 0}. Finalizing its pipelines []
2022-11-23 12:07:32,136 [DatanodeAdminManager-0] INFO  node.DatanodeAdminMonitorImpl (DatanodeAdminMonitorImpl.java:checkContainersReplicatedOnNode(356)) - Under Replicated Container #1 Container State: QUASI_CLOSED Replica Count: 3 Healthy Count: 0 Decommission Count: 0 Maintenance Count: 3 inFlightAdd Count: 0 inFightDel Count: 0 ReplicationFactor: 3 minMaintenance Count: 2; Replicas{ContainerReplica{containerID=#1, state=QUASI_CLOSED, datanodeDetails=2770806d-009d-48da-9d50-3d9453a3ad96{ip: 10.1.0.13, host: fv-az105-298.wy5h1aom0jgehahef1oyr10hrc.bx.internal.cloudapp.net, ports: [REPLICATION=42903, RATIS=41085, RATIS_ADMIN=41085, RATIS_SERVER=41085, STANDALONE=41997], networkLocation: /default-rack, certSerialId: null, persistedOpState: ENTERING_MAINTENANCE, persistedOpStateExpiryEpochSec: 0}, placeOfBirth=2770806d-009d-48da-9d50-3d9453a3ad96, sequenceId=37, keyCount=4, bytesUsed=76},ContainerReplica{containerID=#1, state=QUASI_CLOSED, datanodeDetails=2f53493c-3a9e-4904-8cf8-ac1f6fb0520e{ip: 10.1.0.13, host: fv-az105-298.wy5h1aom0jgehahef1oyr10hrc.bx.internal.cloudapp.net, ports: [REPLICATION=43097, RATIS=43085, RATIS_ADMIN=43085, RATIS_SERVER=43085, STANDALONE=37821], networkLocation: /default-rack, certSerialId: null, persistedOpState: ENTERING_MAINTENANCE, persistedOpStateExpiryEpochSec: 0}, placeOfBirth=2f53493c-3a9e-4904-8cf8-ac1f6fb0520e, sequenceId=37, keyCount=4, bytesUsed=76},ContainerReplica{containerID=#1, state=QUASI_CLOSED, datanodeDetails=f22cc5c0-3e38-414a-900c-2421eb232dd6{ip: 10.1.0.13, host: fv-az105-298.wy5h1aom0jgehahef1oyr10hrc.bx.internal.cloudapp.net, ports: [REPLICATION=33553, RATIS=38335, RATIS_ADMIN=38335, RATIS_SERVER=38335, STANDALONE=33109], networkLocation: /default-rack, certSerialId: null, persistedOpState: ENTERING_MAINTENANCE, persistedOpStateExpiryEpochSec: 0}, placeOfBirth=f22cc5c0-3e38-414a-900c-2421eb232dd6, sequenceId=37, keyCount=4, bytesUsed=76}}
2022-11-23 12:07:32,136 [DatanodeAdminManager-0] INFO  node.DatanodeAdminMonitorImpl (DatanodeAdminMonitorImpl.java:checkContainersReplicatedOnNode(356)) - Under Replicated Container #3 Container State: QUASI_CLOSED Replica Count: 3 Healthy Count: 0 Decommission Count: 0 Maintenance Count: 3 inFlightAdd Count: 0 inFightDel Count: 0 ReplicationFactor: 3 minMaintenance Count: 2; Replicas{ContainerReplica{containerID=#3, state=QUASI_CLOSED, datanodeDetails=2770806d-009d-48da-9d50-3d9453a3ad96{ip: 10.1.0.13, host: fv-az105-298.wy5h1aom0jgehahef1oyr10hrc.bx.internal.cloudapp.net, ports: [REPLICATION=42903, RATIS=41085, RATIS_ADMIN=41085, RATIS_SERVER=41085, STANDALONE=41997], networkLocation: /default-rack, certSerialId: null, persistedOpState: ENTERING_MAINTENANCE, persistedOpStateExpiryEpochSec: 0}, placeOfBirth=2770806d-009d-48da-9d50-3d9453a3ad96, sequenceId=30, keyCount=3, bytesUsed=57},ContainerReplica{containerID=#3, state=QUASI_CLOSED, datanodeDetails=2f53493c-3a9e-4904-8cf8-ac1f6fb0520e{ip: 10.1.0.13, host: fv-az105-298.wy5h1aom0jgehahef1oyr10hrc.bx.internal.cloudapp.net, ports: [REPLICATION=43097, RATIS=43085, RATIS_ADMIN=43085, RATIS_SERVER=43085, STANDALONE=37821], networkLocation: /default-rack, certSerialId: null, persistedOpState: ENTERING_MAINTENANCE, persistedOpStateExpiryEpochSec: 0}, placeOfBirth=2f53493c-3a9e-4904-8cf8-ac1f6fb0520e, sequenceId=30, keyCount=3, bytesUsed=57},ContainerReplica{containerID=#3, state=QUASI_CLOSED, datanodeDetails=f22cc5c0-3e38-414a-900c-2421eb232dd6{ip: 10.1.0.13, host: fv-az105-298.wy5h1aom0jgehahef1oyr10hrc.bx.internal.cloudapp.net, ports: [REPLICATION=33553, RATIS=38335, RATIS_ADMIN=38335, RATIS_SERVER=38335, STANDALONE=33109], networkLocation: /default-rack, certSerialId: null, persistedOpState: ENTERING_MAINTENANCE, persistedOpStateExpiryEpochSec: 0}, placeOfBirth=f22cc5c0-3e38-414a-900c-2421eb232dd6, sequenceId=30, keyCount=3, bytesUsed=57}}
2022-11-23 12:07:32,136 [DatanodeAdminManager-0] INFO  node.DatanodeAdminMonitorImpl (DatanodeAdminMonitorImpl.java:checkContainersReplicatedOnNode(377)) - f22cc5c0-3e38-414a-900c-2421eb232dd6{ip: 10.1.0.13, host: fv-az105-298.wy5h1aom0jgehahef1oyr10hrc.bx.internal.cloudapp.net, ports: [REPLICATION=33553, RATIS=38335, RATIS_ADMIN=38335, RATIS_SERVER=38335, STANDALONE=33109], networkLocation: /default-rack, certSerialId: null, persistedOpState: ENTERING_MAINTENANCE, persistedOpStateExpiryEpochSec: 0} has 0 sufficientlyReplicated, 3 underReplicated and 0 unhealthy containers
2022-11-23 12:07:32,136 [DatanodeAdminManager-0] INFO  node.DatanodeAdminMonitorImpl (DatanodeAdminMonitorImpl.java:checkContainersReplicatedOnNode(356)) - Under Replicated Container #6 Container State: QUASI_CLOSED Replica Count: 3 Healthy Count: 0 Decommission Count: 0 Maintenance Count: 3 inFlightAdd Count: 0 inFightDel Count: 0 ReplicationFactor: 3 minMaintenance Count: 2; Replicas{ContainerReplica{containerID=#6, state=QUASI_CLOSED, datanodeDetails=2f53493c-3a9e-4904-8cf8-ac1f6fb0520e{ip: 10.1.0.13, host: fv-az105-298.wy5h1aom0jgehahef1oyr10hrc.bx.internal.cloudapp.net, ports: [REPLICATION=43097, RATIS=43085, RATIS_ADMIN=43085, RATIS_SERVER=43085, STANDALONE=37821], networkLocation: /default-rack, certSerialId: null, persistedOpState: ENTERING_MAINTENANCE, persistedOpStateExpiryEpochSec: 0}, placeOfBirth=2f53493c-3a9e-4904-8cf8-ac1f6fb0520e, sequenceId=33, keyCount=3, bytesUsed=57},ContainerReplica{containerID=#6, state=QUASI_CLOSED, datanodeDetails=f22cc5c0-3e38-414a-900c-2421eb232dd6{ip: 10.1.0.13, host: fv-az105-298.wy5h1aom0jgehahef1oyr10hrc.bx.internal.cloudapp.net, ports: [REPLICATION=33553, RATIS=38335, RATIS_ADMIN=38335, RATIS_SERVER=38335, STANDALONE=33109], networkLocation: /default-rack, certSerialId: null, persistedOpState: ENTERING_MAINTENANCE, persistedOpStateExpiryEpochSec: 0}, placeOfBirth=f22cc5c0-3e38-414a-900c-2421eb232dd6, sequenceId=33, keyCount=3, bytesUsed=57},ContainerReplica{containerID=#6, state=QUASI_CLOSED, datanodeDetails=2770806d-009d-48da-9d50-3d9453a3ad96{ip: 10.1.0.13, host: fv-az105-298.wy5h1aom0jgehahef1oyr10hrc.bx.internal.cloudapp.net, ports: [REPLICATION=42903, RATIS=41085, RATIS_ADMIN=41085, RATIS_SERVER=41085, STANDALONE=41997], networkLocation: /default-rack, certSerialId: null, persistedOpState: ENTERING_MAINTENANCE, persistedOpStateExpiryEpochSec: 0}, placeOfBirth=2770806d-009d-48da-9d50-3d9453a3ad96, sequenceId=33, keyCount=3, bytesUsed=57}}
2022-11-23 12:07:32,136 [DatanodeAdminManager-0] INFO  node.DatanodeAdminMonitorImpl (DatanodeAdminMonitorImpl.java:checkContainersReplicatedOnNode(356)) - Under Replicated Container #1 Container State: QUASI_CLOSED Replica Count: 3 Healthy Count: 0 Decommission Count: 0 Maintenance Count: 3 inFlightAdd Count: 0 inFightDel Count: 0 ReplicationFactor: 3 minMaintenance Count: 2; Replicas{ContainerReplica{containerID=#1, state=QUASI_CLOSED, datanodeDetails=2770806d-009d-48da-9d50-3d9453a3ad96{ip: 10.1.0.13, host: fv-az105-298.wy5h1aom0jgehahef1oyr10hrc.bx.internal.cloudapp.net, ports: [REPLICATION=42903, RATIS=41085, RATIS_ADMIN=41085, RATIS_SERVER=41085, STANDALONE=41997], networkLocation: /default-rack, certSerialId: null, persistedOpState: ENTERING_MAINTENANCE, persistedOpStateExpiryEpochSec: 0}, placeOfBirth=2770806d-009d-48da-9d50-3d9453a3ad96, sequenceId=37, keyCount=4, bytesUsed=76},ContainerReplica{containerID=#1, state=QUASI_CLOSED, datanodeDetails=2f53493c-3a9e-4904-8cf8-ac1f6fb0520e{ip: 10.1.0.13, host: fv-az105-298.wy5h1aom0jgehahef1oyr10hrc.bx.internal.cloudapp.net, ports: [REPLICATION=43097, RATIS=43085, RATIS_ADMIN=43085, RATIS_SERVER=43085, STANDALONE=37821], networkLocation: /default-rack, certSerialId: null, persistedOpState: ENTERING_MAINTENANCE, persistedOpStateExpiryEpochSec: 0}, placeOfBirth=2f53493c-3a9e-4904-8cf8-ac1f6fb0520e, sequenceId=37, keyCount=4, bytesUsed=76},ContainerReplica{containerID=#1, state=QUASI_CLOSED, datanodeDetails=f22cc5c0-3e38-414a-900c-2421eb232dd6{ip: 10.1.0.13, host: fv-az105-298.wy5h1aom0jgehahef1oyr10hrc.bx.internal.cloudapp.net, ports: [REPLICATION=33553, RATIS=38335, RATIS_ADMIN=38335, RATIS_SERVER=38335, STANDALONE=33109], networkLocation: /default-rack, certSerialId: null, persistedOpState: ENTERING_MAINTENANCE, persistedOpStateExpiryEpochSec: 0}, placeOfBirth=f22cc5c0-3e38-414a-900c-2421eb232dd6, sequenceId=37, keyCount=4, bytesUsed=76}}
2022-11-23 12:07:32,136 [DatanodeAdminManager-0] INFO  node.DatanodeAdminMonitorImpl (DatanodeAdminMonitorImpl.java:checkContainersReplicatedOnNode(356)) - Under Replicated Container #3 Container State: QUASI_CLOSED Replica Count: 3 Healthy Count: 0 Decommission Count: 0 Maintenance Count: 3 inFlightAdd Count: 0 inFightDel Count: 0 ReplicationFactor: 3 minMaintenance Count: 2; Replicas{ContainerReplica{containerID=#3, state=QUASI_CLOSED, datanodeDetails=2770806d-009d-48da-9d50-3d9453a3ad96{ip: 10.1.0.13, host: fv-az105-298.wy5h1aom0jgehahef1oyr10hrc.bx.internal.cloudapp.net, ports: [REPLICATION=42903, RATIS=41085, RATIS_ADMIN=41085, RATIS_SERVER=41085, STANDALONE=41997], networkLocation: /default-rack, certSerialId: null, persistedOpState: ENTERING_MAINTENANCE, persistedOpStateExpiryEpochSec: 0}, placeOfBirth=2770806d-009d-48da-9d50-3d9453a3ad96, sequenceId=30, keyCount=3, bytesUsed=57},ContainerReplica{containerID=#3, state=QUASI_CLOSED, datanodeDetails=2f53493c-3a9e-4904-8cf8-ac1f6fb0520e{ip: 10.1.0.13, host: fv-az105-298.wy5h1aom0jgehahef1oyr10hrc.bx.internal.cloudapp.net, ports: [REPLICATION=43097, RATIS=43085, RATIS_ADMIN=43085, RATIS_SERVER=43085, STANDALONE=37821], networkLocation: /default-rack, certSerialId: null, persistedOpState: ENTERING_MAINTENANCE, persistedOpStateExpiryEpochSec: 0}, placeOfBirth=2f53493c-3a9e-4904-8cf8-ac1f6fb0520e, sequenceId=30, keyCount=3, bytesUsed=57},ContainerReplica{containerID=#3, state=QUASI_CLOSED, datanodeDetails=f22cc5c0-3e38-414a-900c-2421eb232dd6{ip: 10.1.0.13, host: fv-az105-298.wy5h1aom0jgehahef1oyr10hrc.bx.internal.cloudapp.net, ports: [REPLICATION=33553, RATIS=38335, RATIS_ADMIN=38335, RATIS_SERVER=38335, STANDALONE=33109], networkLocation: /default-rack, certSerialId: null, persistedOpState: ENTERING_MAINTENANCE, persistedOpStateExpiryEpochSec: 0}, placeOfBirth=f22cc5c0-3e38-414a-900c-2421eb232dd6, sequenceId=30, keyCount=3, bytesUsed=57}}
2022-11-23 12:07:32,136 [DatanodeAdminManager-0] INFO  node.DatanodeAdminMonitorImpl (DatanodeAdminMonitorImpl.java:checkContainersReplicatedOnNode(377)) - 2770806d-009d-48da-9d50-3d9453a3ad96{ip: 10.1.0.13, host: fv-az105-298.wy5h1aom0jgehahef1oyr10hrc.bx.internal.cloudapp.net, ports: [REPLICATION=42903, RATIS=41085, RATIS_ADMIN=41085, RATIS_SERVER=41085, STANDALONE=41997], networkLocation: /default-rack, certSerialId: null, persistedOpState: ENTERING_MAINTENANCE, persistedOpStateExpiryEpochSec: 0} has 0 sufficientlyReplicated, 3 underReplicated and 0 unhealthy containers
2022-11-23 12:07:32,136 [DatanodeAdminManager-0] INFO  node.DatanodeAdminMonitorImpl (DatanodeAdminMonitorImpl.java:checkContainersReplicatedOnNode(356)) - Under Replicated Container #6 Container State: QUASI_CLOSED Replica Count: 3 Healthy Count: 0 Decommission Count: 0 Maintenance Count: 3 inFlightAdd Count: 0 inFightDel Count: 0 ReplicationFactor: 3 minMaintenance Count: 2; Replicas{ContainerReplica{containerID=#6, state=QUASI_CLOSED, datanodeDetails=2f53493c-3a9e-4904-8cf8-ac1f6fb0520e{ip: 10.1.0.13, host: fv-az105-298.wy5h1aom0jgehahef1oyr10hrc.bx.internal.cloudapp.net, ports: [REPLICATION=43097, RATIS=43085, RATIS_ADMIN=43085, RATIS_SERVER=43085, STANDALONE=37821], networkLocation: /default-rack, certSerialId: null, persistedOpState: ENTERING_MAINTENANCE, persistedOpStateExpiryEpochSec: 0}, placeOfBirth=2f53493c-3a9e-4904-8cf8-ac1f6fb0520e, sequenceId=33, keyCount=3, bytesUsed=57},ContainerReplica{containerID=#6, state=QUASI_CLOSED, datanodeDetails=f22cc5c0-3e38-414a-900c-2421eb232dd6{ip: 10.1.0.13, host: fv-az105-298.wy5h1aom0jgehahef1oyr10hrc.bx.internal.cloudapp.net, ports: [REPLICATION=33553, RATIS=38335, RATIS_ADMIN=38335, RATIS_SERVER=38335, STANDALONE=33109], networkLocation: /default-rack, certSerialId: null, persistedOpState: ENTERING_MAINTENANCE, persistedOpStateExpiryEpochSec: 0}, placeOfBirth=f22cc5c0-3e38-414a-900c-2421eb232dd6, sequenceId=33, keyCount=3, bytesUsed=57},ContainerReplica{containerID=#6, state=QUASI_CLOSED, datanodeDetails=2770806d-009d-48da-9d50-3d9453a3ad96{ip: 10.1.0.13, host: fv-az105-298.wy5h1aom0jgehahef1oyr10hrc.bx.internal.cloudapp.net, ports: [REPLICATION=42903, RATIS=41085, RATIS_ADMIN=41085, RATIS_SERVER=41085, STANDALONE=41997], networkLocation: /default-rack, certSerialId: null, persistedOpState: ENTERING_MAINTENANCE, persistedOpStateExpiryEpochSec: 0}, placeOfBirth=2770806d-009d-48da-9d50-3d9453a3ad96, sequenceId=33, keyCount=3, bytesUsed=57}}
2022-11-23 12:07:32,136 [DatanodeAdminManager-0] INFO  node.DatanodeAdminMonitorImpl (DatanodeAdminMonitorImpl.java:checkContainersReplicatedOnNode(356)) - Under Replicated Container #1 Container State: QUASI_CLOSED Replica Count: 3 Healthy Count: 0 Decommission Count: 0 Maintenance Count: 3 inFlightAdd Count: 0 inFightDel Count: 0 ReplicationFactor: 3 minMaintenance Count: 2; Replicas{ContainerReplica{containerID=#1, state=QUASI_CLOSED, datanodeDetails=2770806d-009d-48da-9d50-3d9453a3ad96{ip: 10.1.0.13, host: fv-az105-298.wy5h1aom0jgehahef1oyr10hrc.bx.internal.cloudapp.net, ports: [REPLICATION=42903, RATIS=41085, RATIS_ADMIN=41085, RATIS_SERVER=41085, STANDALONE=41997], networkLocation: /default-rack, certSerialId: null, persistedOpState: ENTERING_MAINTENANCE, persistedOpStateExpiryEpochSec: 0}, placeOfBirth=2770806d-009d-48da-9d50-3d9453a3ad96, sequenceId=37, keyCount=4, bytesUsed=76},ContainerReplica{containerID=#1, state=QUASI_CLOSED, datanodeDetails=2f53493c-3a9e-4904-8cf8-ac1f6fb0520e{ip: 10.1.0.13, host: fv-az105-298.wy5h1aom0jgehahef1oyr10hrc.bx.internal.cloudapp.net, ports: [REPLICATION=43097, RATIS=43085, RATIS_ADMIN=43085, RATIS_SERVER=43085, STANDALONE=37821], networkLocation: /default-rack, certSerialId: null, persistedOpState: ENTERING_MAINTENANCE, persistedOpStateExpiryEpochSec: 0}, placeOfBirth=2f53493c-3a9e-4904-8cf8-ac1f6fb0520e, sequenceId=37, keyCount=4, bytesUsed=76},ContainerReplica{containerID=#1, state=QUASI_CLOSED, datanodeDetails=f22cc5c0-3e38-414a-900c-2421eb232dd6{ip: 10.1.0.13, host: fv-az105-298.wy5h1aom0jgehahef1oyr10hrc.bx.internal.cloudapp.net, ports: [REPLICATION=33553, RATIS=38335, RATIS_ADMIN=38335, RATIS_SERVER=38335, STANDALONE=33109], networkLocation: /default-rack, certSerialId: null, persistedOpState: ENTERING_MAINTENANCE, persistedOpStateExpiryEpochSec: 0}, placeOfBirth=f22cc5c0-3e38-414a-900c-2421eb232dd6, sequenceId=37, keyCount=4, bytesUsed=76}}
2022-11-23 12:07:32,137 [DatanodeAdminManager-0] INFO  node.DatanodeAdminMonitorImpl (DatanodeAdminMonitorImpl.java:checkContainersReplicatedOnNode(356)) - Under Replicated Container #3 Container State: QUASI_CLOSED Replica Count: 3 Healthy Count: 0 Decommission Count: 0 Maintenance Count: 3 inFlightAdd Count: 0 inFightDel Count: 0 ReplicationFactor: 3 minMaintenance Count: 2; Replicas{ContainerReplica{containerID=#3, state=QUASI_CLOSED, datanodeDetails=2770806d-009d-48da-9d50-3d9453a3ad96{ip: 10.1.0.13, host: fv-az105-298.wy5h1aom0jgehahef1oyr10hrc.bx.internal.cloudapp.net, ports: [REPLICATION=42903, RATIS=41085, RATIS_ADMIN=41085, RATIS_SERVER=41085, STANDALONE=41997], networkLocation: /default-rack, certSerialId: null, persistedOpState: ENTERING_MAINTENANCE, persistedOpStateExpiryEpochSec: 0}, placeOfBirth=2770806d-009d-48da-9d50-3d9453a3ad96, sequenceId=30, keyCount=3, bytesUsed=57},ContainerReplica{containerID=#3, state=QUASI_CLOSED, datanodeDetails=2f53493c-3a9e-4904-8cf8-ac1f6fb0520e{ip: 10.1.0.13, host: fv-az105-298.wy5h1aom0jgehahef1oyr10hrc.bx.internal.cloudapp.net, ports: [REPLICATION=43097, RATIS=43085, RATIS_ADMIN=43085, RATIS_SERVER=43085, STANDALONE=37821], networkLocation: /default-rack, certSerialId: null, persistedOpState: ENTERING_MAINTENANCE, persistedOpStateExpiryEpochSec: 0}, placeOfBirth=2f53493c-3a9e-4904-8cf8-ac1f6fb0520e, sequenceId=30, keyCount=3, bytesUsed=57},ContainerReplica{containerID=#3, state=QUASI_CLOSED, datanodeDetails=f22cc5c0-3e38-414a-900c-2421eb232dd6{ip: 10.1.0.13, host: fv-az105-298.wy5h1aom0jgehahef1oyr10hrc.bx.internal.cloudapp.net, ports: [REPLICATION=33553, RATIS=38335, RATIS_ADMIN=38335, RATIS_SERVER=38335, STANDALONE=33109], networkLocation: /default-rack, certSerialId: null, persistedOpState: ENTERING_MAINTENANCE, persistedOpStateExpiryEpochSec: 0}, placeOfBirth=f22cc5c0-3e38-414a-900c-2421eb232dd6, sequenceId=30, keyCount=3, bytesUsed=57}}
2022-11-23 12:07:32,137 [DatanodeAdminManager-0] INFO  node.DatanodeAdminMonitorImpl (DatanodeAdminMonitorImpl.java:checkContainersReplicatedOnNode(377)) - 2f53493c-3a9e-4904-8cf8-ac1f6fb0520e{ip: 10.1.0.13, host: fv-az105-298.wy5h1aom0jgehahef1oyr10hrc.bx.internal.cloudapp.net, ports: [REPLICATION=43097, RATIS=43085, RATIS_ADMIN=43085, RATIS_SERVER=43085, STANDALONE=37821], networkLocation: /default-rack, certSerialId: null, persistedOpState: ENTERING_MAINTENANCE, persistedOpStateExpiryEpochSec: 0} has 0 sufficientlyReplicated, 3 underReplicated and 0 unhealthy containers
2022-11-23 12:07:32,137 [DatanodeAdminManager-0] INFO  node.DatanodeAdminMonitorImpl (DatanodeAdminMonitorImpl.java:run(169)) - There are 3 nodes tracked for decommission and maintenance.  0 pending nodes.
2022-11-23 12:07:32,167 [ReplicationMonitor] INFO  replication.ReplicationManager (ReplicationManager.java:processAll(322)) - Replication Manager is not ready to run until 3000ms after safemode exit
2022-11-23 12:07:32,271 [EventQueue-DeadNodeForDeadNodeHandler] INFO  node.DeadNodeHandler (DeadNodeHandler.java:onMessage(81)) - A dead datanode is detected. d25935c7-9680-4f09-83cd-d338e09c0605{ip: 10.1.0.13, host: fv-az105-298.wy5h1aom0jgehahef1oyr10hrc.bx.internal.cloudapp.net, ports: [REPLICATION=45607, RATIS=36307, RATIS_ADMIN=36307, RATIS_SERVER=36307, STANDALONE=45843], networkLocation: /default-rack, certSerialId: null, persistedOpState: IN_SERVICE, persistedOpStateExpiryEpochSec: 0}
2022-11-23 12:07:32,271 [EventQueue-DeadNodeForDeadNodeHandler] INFO  pipeline.RatisPipelineProvider (RatisPipelineProvider.java:lambda$close$1(244)) - Send pipeline:PipelineID=19c4fe3d-b8be-403b-b73f-391d89175f28 close command to datanode d25935c7-9680-4f09-83cd-d338e09c0605
2022-11-23 12:07:32,274 [EventQueue-DeadNodeForDeadNodeHandler] INFO  pipeline.PipelineStateManagerImpl (PipelineStateManagerImpl.java:removePipeline(245)) - Pipeline Pipeline[ Id: 19c4fe3d-b8be-403b-b73f-391d89175f28, Nodes: d25935c7-9680-4f09-83cd-d338e09c0605{ip: 10.1.0.13, host: fv-az105-298.wy5h1aom0jgehahef1oyr10hrc.bx.internal.cloudapp.net, ports: [REPLICATION=45607, RATIS=36307, RATIS_ADMIN=36307, RATIS_SERVER=36307, STANDALONE=45843], networkLocation: /default-rack, certSerialId: null, persistedOpState: IN_SERVICE, persistedOpStateExpiryEpochSec: 0}, ReplicationConfig: RATIS/ONE, State:CLOSED, leaderId:d25935c7-9680-4f09-83cd-d338e09c0605, CreationTimestamp2022-11-23T12:07:19.657Z[Etc/UTC]] removed.
2022-11-23 12:07:32,274 [EventQueue-DeadNodeForDeadNodeHandler] INFO  pipeline.RatisPipelineProvider (RatisPipelineProvider.java:lambda$close$1(244)) - Send pipeline:PipelineID=3594cfc4-16d2-449e-8932-2babb1334063 close command to datanode 4cf88e88-4098-40f9-846c-84288099b2d2
2022-11-23 12:07:32,274 [EventQueue-DeadNodeForDeadNodeHandler] INFO  pipeline.RatisPipelineProvider (RatisPipelineProvider.java:lambda$close$1(244)) - Send pipeline:PipelineID=3594cfc4-16d2-449e-8932-2babb1334063 close command to datanode d25935c7-9680-4f09-83cd-d338e09c0605
2022-11-23 12:07:32,274 [EventQueue-DeadNodeForDeadNodeHandler] INFO  pipeline.RatisPipelineProvider (RatisPipelineProvider.java:lambda$close$1(244)) - Send pipeline:PipelineID=3594cfc4-16d2-449e-8932-2babb1334063 close command to datanode 23a93132-5f46-46ff-a00f-e8b8e96ed379
2022-11-23 12:07:32,274 [EventQueue-DeadNodeForDeadNodeHandler] INFO  pipeline.PipelineStateManagerImpl (PipelineStateManagerImpl.java:removePipeline(245)) - Pipeline Pipeline[ Id: 3594cfc4-16d2-449e-8932-2babb1334063, Nodes: 4cf88e88-4098-40f9-846c-84288099b2d2{ip: 10.1.0.13, host: fv-az105-298.wy5h1aom0jgehahef1oyr10hrc.bx.internal.cloudapp.net, ports: [REPLICATION=44791, RATIS=45597, RATIS_ADMIN=45597, RATIS_SERVER=45597, STANDALONE=35773], networkLocation: /default-rack, certSerialId: null, persistedOpState: IN_SERVICE, persistedOpStateExpiryEpochSec: 0}d25935c7-9680-4f09-83cd-d338e09c0605{ip: 10.1.0.13, host: fv-az105-298.wy5h1aom0jgehahef1oyr10hrc.bx.internal.cloudapp.net, ports: [REPLICATION=45607, RATIS=36307, RATIS_ADMIN=36307, RATIS_SERVER=36307, STANDALONE=45843], networkLocation: /default-rack, certSerialId: null, persistedOpState: IN_SERVICE, persistedOpStateExpiryEpochSec: 0}23a93132-5f46-46ff-a00f-e8b8e96ed379{ip: 10.1.0.13, host: fv-az105-298.wy5h1aom0jgehahef1oyr10hrc.bx.internal.cloudapp.net, ports: [REPLICATION=35697, RATIS=39241, RATIS_ADMIN=39241, RATIS_SERVER=39241, STANDALONE=38363], networkLocation: /default-rack, certSerialId: null, persistedOpState: IN_SERVICE, persistedOpStateExpiryEpochSec: 0}, ReplicationConfig: RATIS/THREE, State:CLOSED, leaderId:23a93132-5f46-46ff-a00f-e8b8e96ed379, CreationTimestamp2022-11-23T12:07:19.657Z[Etc/UTC]] removed.
2022-11-23 12:07:32,275 [EventQueue-DeadNodeForDeadNodeHandler] INFO  net.NetworkTopologyImpl (NetworkTopologyImpl.java:remove(190)) - Removed a node: /default-rack/d25935c7-9680-4f09-83cd-d338e09c0605
2022-11-23 12:07:32,371 [EventQueue-DeadNodeForDeadNodeHandler] INFO  node.DeadNodeHandler (DeadNodeHandler.java:onMessage(81)) - A dead datanode is detected. a2951e81-4a17-4ada-9fa4-4ea57ab8d3ce{ip: 10.1.0.13, host: fv-az105-298.wy5h1aom0jgehahef1oyr10hrc.bx.internal.cloudapp.net, ports: [REPLICATION=41041, RATIS=32929, RATIS_ADMIN=32929, RATIS_SERVER=32929, STANDALONE=38407], networkLocation: /default-rack, certSerialId: null, persistedOpState: IN_SERVICE, persistedOpStateExpiryEpochSec: 0}
2022-11-23 12:07:32,371 [EventQueue-DeadNodeForDeadNodeHandler] INFO  pipeline.RatisPipelineProvider (RatisPipelineProvider.java:lambda$close$1(244)) - Send pipeline:PipelineID=8c53ada1-f427-4c29-b2f3-822f36fe108e close command to datanode a2951e81-4a17-4ada-9fa4-4ea57ab8d3ce
2022-11-23 12:07:32,371 [EventQueue-DeadNodeForDeadNodeHandler] INFO  pipeline.PipelineStateManagerImpl (PipelineStateManagerImpl.java:removePipeline(245)) - Pipeline Pipeline[ Id: 8c53ada1-f427-4c29-b2f3-822f36fe108e, Nodes: a2951e81-4a17-4ada-9fa4-4ea57ab8d3ce{ip: 10.1.0.13, host: fv-az105-298.wy5h1aom0jgehahef1oyr10hrc.bx.internal.cloudapp.net, ports: [REPLICATION=41041, RATIS=32929, RATIS_ADMIN=32929, RATIS_SERVER=32929, STANDALONE=38407], networkLocation: /default-rack, certSerialId: null, persistedOpState: IN_SERVICE, persistedOpStateExpiryEpochSec: 0}, ReplicationConfig: RATIS/ONE, State:CLOSED, leaderId:a2951e81-4a17-4ada-9fa4-4ea57ab8d3ce, CreationTimestamp2022-11-23T12:07:19.657Z[Etc/UTC]] removed.
2022-11-23 12:07:32,371 [EventQueue-DeadNodeForDeadNodeHandler] INFO  pipeline.RatisPipelineProvider (RatisPipelineProvider.java:lambda$close$1(244)) - Send pipeline:PipelineID=cf32e734-eadc-4240-9880-fa83f32315b5 close command to datanode a2951e81-4a17-4ada-9fa4-4ea57ab8d3ce
2022-11-23 12:07:32,371 [EventQueue-DeadNodeForDeadNodeHandler] INFO  pipeline.RatisPipelineProvider (RatisPipelineProvider.java:lambda$close$1(244)) - Send pipeline:PipelineID=cf32e734-eadc-4240-9880-fa83f32315b5 close command to datanode 0a01f95b-2968-4236-b6d7-cab75d1b461a
2022-11-23 12:07:32,371 [EventQueue-DeadNodeForDeadNodeHandler] INFO  pipeline.RatisPipelineProvider (RatisPipelineProvider.java:lambda$close$1(244)) - Send pipeline:PipelineID=cf32e734-eadc-4240-9880-fa83f32315b5 close command to datanode ff3b5804-9dce-4653-b2ab-441aded0e089
2022-11-23 12:07:32,371 [EventQueue-DeadNodeForDeadNodeHandler] INFO  pipeline.PipelineStateManagerImpl (PipelineStateManagerImpl.java:removePipeline(245)) - Pipeline Pipeline[ Id: cf32e734-eadc-4240-9880-fa83f32315b5, Nodes: a2951e81-4a17-4ada-9fa4-4ea57ab8d3ce{ip: 10.1.0.13, host: fv-az105-298.wy5h1aom0jgehahef1oyr10hrc.bx.internal.cloudapp.net, ports: [REPLICATION=41041, RATIS=32929, RATIS_ADMIN=32929, RATIS_SERVER=32929, STANDALONE=38407], networkLocation: /default-rack, certSerialId: null, persistedOpState: IN_SERVICE, persistedOpStateExpiryEpochSec: 0}0a01f95b-2968-4236-b6d7-cab75d1b461a{ip: 10.1.0.13, host: fv-az105-298.wy5h1aom0jgehahef1oyr10hrc.bx.internal.cloudapp.net, ports: [REPLICATION=40927, RATIS=44653, RATIS_ADMIN=44653, RATIS_SERVER=44653, STANDALONE=41887], networkLocation: /default-rack, certSerialId: null, persistedOpState: IN_SERVICE, persistedOpStateExpiryEpochSec: 0}ff3b5804-9dce-4653-b2ab-441aded0e089{ip: 10.1.0.13, host: fv-az105-298.wy5h1aom0jgehahef1oyr10hrc.bx.internal.cloudapp.net, ports: [REPLICATION=41023, RATIS=33005, RATIS_ADMIN=33005, RATIS_SERVER=33005, STANDALONE=35545], networkLocation: /default-rack, certSerialId: null, persistedOpState: IN_SERVICE, persistedOpStateExpiryEpochSec: 0}, ReplicationConfig: RATIS/THREE, State:CLOSED, leaderId:0a01f95b-2968-4236-b6d7-cab75d1b461a, CreationTimestamp2022-11-23T12:07:19.657Z[Etc/UTC]] removed.
2022-11-23 12:07:32,372 [EventQueue-DeadNodeForDeadNodeHandler] INFO  net.NetworkTopologyImpl (NetworkTopologyImpl.java:remove(190)) - Removed a node: /default-rack/a2951e81-4a17-4ada-9fa4-4ea57ab8d3ce
2022-11-23 12:07:32,495 [IPC Server handler 3 on default port 41047] INFO  net.NetworkTopologyImpl (NetworkTopologyImpl.java:add(112)) - Added a new node: /default-rack/64b4f2a3-63f9-4506-b905-00bad38ce54f
2022-11-23 12:07:32,495 [IPC Server handler 3 on default port 41047] INFO  node.SCMNodeManager (SCMNodeManager.java:register(397)) - Registered Data node : 64b4f2a3-63f9-4506-b905-00bad38ce54f{ip: 10.1.0.13, host: fv-az105-298.wy5h1aom0jgehahef1oyr10hrc.bx.internal.cloudapp.net, ports: [REPLICATION=41259, RATIS=34647, RATIS_ADMIN=34647, RATIS_SERVER=34647, STANDALONE=34047], networkLocation: /default-rack, certSerialId: null, persistedOpState: null, persistedOpStateExpiryEpochSec: 0}
2022-11-23 12:07:32,495 [EventQueue-NewNodeForNewNodeHandler] INFO  pipeline.BackgroundPipelineCreator (BackgroundPipelineCreator.java:notifyEventTriggered(276)) - trigger a one-shot run on RatisPipelineUtilsThread.
2022-11-23 12:07:32,499 [EventQueue-PipelineReportForOneReplicaPipelineSafeModeRule] INFO  safemode.SCMSafeModeManager (OneReplicaPipelineSafeModeRule.java:process(120)) - SCM in safe mode. Pipelines with at least one datanode reported count is 1, required at least one datanode reported per pipeline count is 1
2022-11-23 12:07:32,499 [EventQueue-PipelineReportForOneReplicaPipelineSafeModeRule] INFO  safemode.SCMSafeModeManager (SCMSafeModeManager.java:validateSafeModeExitRules(204)) - AtleastOneDatanodeReportedRule rule is successfully validated
2022-11-23 12:07:32,501 [EventQueue-OpenPipelineForHealthyPipelineSafeModeRule] INFO  safemode.SCMSafeModeManager (HealthyPipelineSafeModeRule.java:process(137)) - SCM in safe mode. Healthy pipelines reported count is 0, required healthy pipeline reported count is 1
2022-11-23 12:07:32,508 [IPC Server handler 2 on default port 41047] INFO  net.NetworkTopologyImpl (NetworkTopologyImpl.java:add(112)) - Added a new node: /default-rack/96238b2c-9f01-47c7-9db9-9b3e1b0f8a5c
2022-11-23 12:07:32,508 [IPC Server handler 2 on default port 41047] INFO  node.SCMNodeManager (SCMNodeManager.java:register(397)) - Registered Data node : 96238b2c-9f01-47c7-9db9-9b3e1b0f8a5c{ip: 10.1.0.13, host: fv-az105-298.wy5h1aom0jgehahef1oyr10hrc.bx.internal.cloudapp.net, ports: [REPLICATION=39059, RATIS=37713, RATIS_ADMIN=37713, RATIS_SERVER=37713, STANDALONE=41451], networkLocation: /default-rack, certSerialId: null, persistedOpState: null, persistedOpStateExpiryEpochSec: 0}
2022-11-23 12:07:32,508 [EventQueue-NewNodeForNewNodeHandler] INFO  pipeline.BackgroundPipelineCreator (BackgroundPipelineCreator.java:notifyEventTriggered(276)) - trigger a one-shot run on RatisPipelineUtilsThread.
2022-11-23 12:07:32,508 [EventQueue-OpenPipelineForHealthyPipelineSafeModeRule] INFO  safemode.SCMSafeModeManager (HealthyPipelineSafeModeRule.java:process(137)) - SCM in safe mode. Healthy pipelines reported count is 0, required healthy pipeline reported count is 1
2022-11-23 12:07:32,514 [IPC Server handler 6 on default port 41047] INFO  net.NetworkTopologyImpl (NetworkTopologyImpl.java:add(112)) - Added a new node: /default-rack/388c1d2c-da9f-4216-9168-b64bdab690f4
2022-11-23 12:07:32,514 [IPC Server handler 6 on default port 41047] INFO  node.SCMNodeManager (SCMNodeManager.java:register(397)) - Registered Data node : 388c1d2c-da9f-4216-9168-b64bdab690f4{ip: 10.1.0.13, host: fv-az105-298.wy5h1aom0jgehahef1oyr10hrc.bx.internal.cloudapp.net, ports: [REPLICATION=34649, RATIS=37573, RATIS_ADMIN=37573, RATIS_SERVER=37573, STANDALONE=41231], networkLocation: /default-rack, certSerialId: null, persistedOpState: null, persistedOpStateExpiryEpochSec: 0}
2022-11-23 12:07:32,514 [EventQueue-NewNodeForNewNodeHandler] INFO  pipeline.BackgroundPipelineCreator (BackgroundPipelineCreator.java:notifyEventTriggered(276)) - trigger a one-shot run on RatisPipelineUtilsThread.
2022-11-23 12:07:32,515 [EventQueue-OpenPipelineForHealthyPipelineSafeModeRule] INFO  safemode.SCMSafeModeManager (HealthyPipelineSafeModeRule.java:process(137)) - SCM in safe mode. Healthy pipelines reported count is 1, required healthy pipeline reported count is 1
2022-11-23 12:07:32,515 [EventQueue-OpenPipelineForHealthyPipelineSafeModeRule] INFO  safemode.SCMSafeModeManager (SCMSafeModeManager.java:validateSafeModeExitRules(204)) - HealthyPipelineSafeModeRule rule is successfully validated
2022-11-23 12:07:32,515 [EventQueue-OpenPipelineForHealthyPipelineSafeModeRule] INFO  safemode.SCMSafeModeManager (SCMSafeModeManager.java:validateSafeModeExitRules(219)) - ScmSafeModeManager, all rules are successfully validated
2022-11-23 12:07:32,515 [EventQueue-OpenPipelineForHealthyPipelineSafeModeRule] INFO  safemode.SCMSafeModeManager (SCMSafeModeManager.java:exitSafeMode(248)) - SCM exiting safe mode.
2022-11-23 12:07:32,515 [EventQueue-OpenPipelineForHealthyPipelineSafeModeRule] WARN  events.EventQueue (EventQueue.java:fireEvent(216)) - No event handler registered for event TypedEvent{payloadType=SafeModeStatus, name='Safe mode status'}
2022-11-23 12:07:32,515 [EventQueue-OpenPipelineForHealthyPipelineSafeModeRule] INFO  ha.SCMContext (SCMContext.java:updateSafeModeStatus(228)) - Update SafeModeStatus from SafeModeStatus{safeModeStatus=true, preCheckPassed=true} to SafeModeStatus{safeModeStatus=false, preCheckPassed=true}.
2022-11-23 12:07:32,515 [EventQueue-OpenPipelineForHealthyPipelineSafeModeRule] INFO  pipeline.BackgroundPipelineCreator (BackgroundPipelineCreator.java:notifyStatusChanged(254)) - Service BackgroundPipelineCreator transitions to RUNNING.
2022-11-23 12:07:32,515 [EventQueue-OpenPipelineForHealthyPipelineSafeModeRule] INFO  BackgroundPipelineScrubber (BackgroundSCMService.java:notifyStatusChanged(82)) - Service BackgroundPipelineScrubber transitions to RUNNING.
2022-11-23 12:07:32,515 [EventQueue-OpenPipelineForHealthyPipelineSafeModeRule] INFO  ExpiredContainerReplicaOpScrubber (BackgroundSCMService.java:notifyStatusChanged(82)) - Service ExpiredContainerReplicaOpScrubber transitions to RUNNING.
2022-11-23 12:07:32,515 [EventQueue-OpenPipelineForHealthyPipelineSafeModeRule] INFO  replication.ReplicationManager (ReplicationManager.java:notifyStatusChanged(855)) - Service ReplicationManager transitions to RUNNING.
2022-11-23 12:07:32,515 [EventQueue-OpenPipelineForHealthyPipelineSafeModeRule] WARN  balancer.ContainerBalancer (ContainerBalancer.java:shouldRun(131)) - Could not find persisted configuration for ContainerBalancer when checking if ContainerBalancer should run. ContainerBalancer should not run now.
2022-11-23 12:07:32,663 [Under Replicated Processor] INFO  replication.UnderReplicatedProcessor (UnderReplicatedProcessor.java:processAll(79)) - Processed 0 under replicated containers, failed processing 0
2022-11-23 12:07:32,663 [Over Replicated Processor] INFO  replication.OverReplicatedProcessor (OverReplicatedProcessor.java:processAll(79)) - Processed 0 over replicated containers, failed processing 0
2022-11-23 12:07:32,663 [ReplicationMonitor] INFO  replication.ReplicationManager (ReplicationManager.java:processAll(355)) - Replication Monitor Thread took 0 milliseconds for processing 0 containers.
2022-11-23 12:07:32,665 [Listener at 0.0.0.0/39971] INFO  ozone.MiniOzoneClusterImpl (MiniOzoneClusterImpl.java:lambda$waitForClusterToBeReady$0(216)) - Waiting for nodes to be ready. Got 6 of 7 DN Heartbeats.
2022-11-23 12:07:32,665 [Listener at 0.0.0.0/39971] INFO  ozone.MiniOzoneClusterImpl (MiniOzoneClusterImpl.java:lambda$waitForClusterToBeReady$0(219)) - Cluster exits safe mode
2022-11-23 12:07:32,665 [Listener at 0.0.0.0/39971] INFO  ozone.MiniOzoneClusterImpl (MiniOzoneClusterImpl.java:lambda$waitForClusterToBeReady$0(221)) - SCM became leader
2022-11-23 12:07:32,689 [Under Replicated Processor] INFO  replication.UnderReplicatedProcessor (UnderReplicatedProcessor.java:processAll(79)) - Processed 0 under replicated containers, failed processing 0
2022-11-23 12:07:32,733 [ReplicationMonitor] WARN  replication.LegacyReplicationManager (LegacyReplicationManager.java:handleUnderReplicatedContainer(1223)) - Cannot replicate container #1, no healthy replica found.
2022-11-23 12:07:32,733 [ReplicationMonitor] INFO  replication.LegacyReplicationManager (LegacyReplicationManager.java:sendCloseCommand(1511)) - Sending close container command for container #2 to datanode 23a93132-5f46-46ff-a00f-e8b8e96ed379{ip: 10.1.0.13, host: fv-az105-298.wy5h1aom0jgehahef1oyr10hrc.bx.internal.cloudapp.net, ports: [REPLICATION=35697, RATIS=39241, RATIS_ADMIN=39241, RATIS_SERVER=39241, STANDALONE=38363], networkLocation: /default-rack, certSerialId: null, persistedOpState: IN_SERVICE, persistedOpStateExpiryEpochSec: 0}.
2022-11-23 12:07:32,733 [ReplicationMonitor] INFO  replication.LegacyReplicationManager (LegacyReplicationManager.java:sendCloseCommand(1511)) - Sending close container command for container #2 to datanode 4cf88e88-4098-40f9-846c-84288099b2d2{ip: 10.1.0.13, host: fv-az105-298.wy5h1aom0jgehahef1oyr10hrc.bx.internal.cloudapp.net, ports: [REPLICATION=44791, RATIS=45597, RATIS_ADMIN=45597, RATIS_SERVER=45597, STANDALONE=35773], networkLocation: /default-rack, certSerialId: null, persistedOpState: IN_SERVICE, persistedOpStateExpiryEpochSec: 0}.
2022-11-23 12:07:32,733 [ReplicationMonitor] INFO  replication.LegacyReplicationManager (LegacyReplicationManager.java:sendCloseCommand(1511)) - Sending close container command for container #3 to datanode 4cf88e88-4098-40f9-846c-84288099b2d2{ip: 10.1.0.13, host: fv-az105-298.wy5h1aom0jgehahef1oyr10hrc.bx.internal.cloudapp.net, ports: [REPLICATION=44791, RATIS=45597, RATIS_ADMIN=45597, RATIS_SERVER=45597, STANDALONE=35773], networkLocation: /default-rack, certSerialId: null, persistedOpState: IN_SERVICE, persistedOpStateExpiryEpochSec: 0}.
2022-11-23 12:07:32,733 [ReplicationMonitor] INFO  replication.LegacyReplicationManager (LegacyReplicationManager.java:sendCloseCommand(1511)) - Sending close container command for container #3 to datanode 23a93132-5f46-46ff-a00f-e8b8e96ed379{ip: 10.1.0.13, host: fv-az105-298.wy5h1aom0jgehahef1oyr10hrc.bx.internal.cloudapp.net, ports: [REPLICATION=35697, RATIS=39241, RATIS_ADMIN=39241, RATIS_SERVER=39241, STANDALONE=38363], networkLocation: /default-rack, certSerialId: null, persistedOpState: IN_SERVICE, persistedOpStateExpiryEpochSec: 0}.
2022-11-23 12:07:32,733 [ReplicationMonitor] WARN  replication.LegacyReplicationManager (LegacyReplicationManager.java:handleUnderReplicatedContainer(1223)) - Cannot replicate container #4, no healthy replica found.
2022-11-23 12:07:32,733 [ReplicationMonitor] INFO  replication.LegacyReplicationManager (LegacyReplicationManager.java:handleUnderReplicatedContainer(1194)) - Container #5 is under replicated. Expected replica count is 3, but found 2.
2022-11-23 12:07:32,733 [ReplicationMonitor] INFO  replication.LegacyReplicationManager (LegacyReplicationManager.java:sendReplicateCommand(1558)) - Sending replicate container command for container #5 to datanode 0a01f95b-2968-4236-b6d7-cab75d1b461a{ip: 10.1.0.13, host: fv-az105-298.wy5h1aom0jgehahef1oyr10hrc.bx.internal.cloudapp.net, ports: [REPLICATION=40927, RATIS=44653, RATIS_ADMIN=44653, RATIS_SERVER=44653, STANDALONE=41887], networkLocation: /default-rack, certSerialId: null, persistedOpState: IN_SERVICE, persistedOpStateExpiryEpochSec: 0} from datanodes [23a93132-5f46-46ff-a00f-e8b8e96ed379{ip: 10.1.0.13, host: fv-az105-298.wy5h1aom0jgehahef1oyr10hrc.bx.internal.cloudapp.net, ports: [REPLICATION=35697, RATIS=39241, RATIS_ADMIN=39241, RATIS_SERVER=39241, STANDALONE=38363], networkLocation: /default-rack, certSerialId: null, persistedOpState: IN_SERVICE, persistedOpStateExpiryEpochSec: 0}]
2022-11-23 12:07:32,733 [ReplicationMonitor] INFO  replication.LegacyReplicationManager (LegacyReplicationManager.java:sendCloseCommand(1511)) - Sending close container command for container #6 to datanode 4cf88e88-4098-40f9-846c-84288099b2d2{ip: 10.1.0.13, host: fv-az105-298.wy5h1aom0jgehahef1oyr10hrc.bx.internal.cloudapp.net, ports: [REPLICATION=44791, RATIS=45597, RATIS_ADMIN=45597, RATIS_SERVER=45597, STANDALONE=35773], networkLocation: /default-rack, certSerialId: null, persistedOpState: IN_SERVICE, persistedOpStateExpiryEpochSec: 0}.
2022-11-23 12:07:32,734 [ReplicationMonitor] INFO  replication.LegacyReplicationManager (LegacyReplicationManager.java:sendCloseCommand(1511)) - Sending close container command for container #6 to datanode 23a93132-5f46-46ff-a00f-e8b8e96ed379{ip: 10.1.0.13, host: fv-az105-298.wy5h1aom0jgehahef1oyr10hrc.bx.internal.cloudapp.net, ports: [REPLICATION=35697, RATIS=39241, RATIS_ADMIN=39241, RATIS_SERVER=39241, STANDALONE=38363], networkLocation: /default-rack, certSerialId: null, persistedOpState: IN_SERVICE, persistedOpStateExpiryEpochSec: 0}.
2022-11-23 12:07:32,734 [ReplicationMonitor] INFO  replication.ReplicationManager (ReplicationManager.java:processAll(355)) - Replication Monitor Thread took 1 milliseconds for processing 6 containers.
2022-11-23 12:07:32,790 [IPC Server handler 1 on default port 41047] INFO  net.NetworkTopologyImpl (NetworkTopologyImpl.java:add(112)) - Added a new node: /default-rack/306b0233-9b66-40d1-a9dc-d79985930e36
2022-11-23 12:07:32,791 [IPC Server handler 1 on default port 41047] INFO  node.SCMNodeManager (SCMNodeManager.java:register(397)) - Registered Data node : 306b0233-9b66-40d1-a9dc-d79985930e36{ip: 10.1.0.13, host: fv-az105-298.wy5h1aom0jgehahef1oyr10hrc.bx.internal.cloudapp.net, ports: [REPLICATION=44527, RATIS=46567, RATIS_ADMIN=46567, RATIS_SERVER=46567, STANDALONE=43949], networkLocation: /default-rack, certSerialId: null, persistedOpState: null, persistedOpStateExpiryEpochSec: 0}
2022-11-23 12:07:32,791 [EventQueue-NewNodeForNewNodeHandler] INFO  pipeline.BackgroundPipelineCreator (BackgroundPipelineCreator.java:notifyEventTriggered(276)) - trigger a one-shot run on RatisPipelineUtilsThread.
2022-11-23 12:07:32,799 [Over Replicated Processor] INFO  replication.OverReplicatedProcessor (OverReplicatedProcessor.java:processAll(79)) - Processed 0 over replicated containers, failed processing 0
2022-11-23 12:07:33,135 [DatanodeAdminManager-0] INFO  node.DatanodeAdminMonitorImpl (DatanodeAdminMonitorImpl.java:checkContainersReplicatedOnNode(356)) - Under Replicated Container #6 Container State: QUASI_CLOSED Replica Count: 3 Healthy Count: 0 Decommission Count: 0 Maintenance Count: 3 inFlightAdd Count: 0 inFightDel Count: 0 ReplicationFactor: 3 minMaintenance Count: 2; Replicas{ContainerReplica{containerID=#6, state=QUASI_CLOSED, datanodeDetails=2f53493c-3a9e-4904-8cf8-ac1f6fb0520e{ip: 10.1.0.13, host: fv-az105-298.wy5h1aom0jgehahef1oyr10hrc.bx.internal.cloudapp.net, ports: [REPLICATION=43097, RATIS=43085, RATIS_ADMIN=43085, RATIS_SERVER=43085, STANDALONE=37821], networkLocation: /default-rack, certSerialId: null, persistedOpState: ENTERING_MAINTENANCE, persistedOpStateExpiryEpochSec: 0}, placeOfBirth=2f53493c-3a9e-4904-8cf8-ac1f6fb0520e, sequenceId=33, keyCount=3, bytesUsed=57},ContainerReplica{containerID=#6, state=QUASI_CLOSED, datanodeDetails=f22cc5c0-3e38-414a-900c-2421eb232dd6{ip: 10.1.0.13, host: fv-az105-298.wy5h1aom0jgehahef1oyr10hrc.bx.internal.cloudapp.net, ports: [REPLICATION=33553, RATIS=38335, RATIS_ADMIN=38335, RATIS_SERVER=38335, STANDALONE=33109], networkLocation: /default-rack, certSerialId: null, persistedOpState: ENTERING_MAINTENANCE, persistedOpStateExpiryEpochSec: 0}, placeOfBirth=f22cc5c0-3e38-414a-900c-2421eb232dd6, sequenceId=33, keyCount=3, bytesUsed=57},ContainerReplica{containerID=#6, state=QUASI_CLOSED, datanodeDetails=2770806d-009d-48da-9d50-3d9453a3ad96{ip: 10.1.0.13, host: fv-az105-298.wy5h1aom0jgehahef1oyr10hrc.bx.internal.cloudapp.net, ports: [REPLICATION=42903, RATIS=41085, RATIS_ADMIN=41085, RATIS_SERVER=41085, STANDALONE=41997], networkLocation: /default-rack, certSerialId: null, persistedOpState: ENTERING_MAINTENANCE, persistedOpStateExpiryEpochSec: 0}, placeOfBirth=2770806d-009d-48da-9d50-3d9453a3ad96, sequenceId=33, keyCount=3, bytesUsed=57}}
2022-11-23 12:07:33,135 [DatanodeAdminManager-0] INFO  node.DatanodeAdminMonitorImpl (DatanodeAdminMonitorImpl.java:checkContainersReplicatedOnNode(356)) - Under Replicated Container #1 Container State: QUASI_CLOSED Replica Count: 3 Healthy Count: 0 Decommission Count: 0 Maintenance Count: 3 inFlightAdd Count: 0 inFightDel Count: 0 ReplicationFactor: 3 minMaintenance Count: 2; Replicas{ContainerReplica{containerID=#1, state=QUASI_CLOSED, datanodeDetails=2770806d-009d-48da-9d50-3d9453a3ad96{ip: 10.1.0.13, host: fv-az105-298.wy5h1aom0jgehahef1oyr10hrc.bx.internal.cloudapp.net, ports: [REPLICATION=42903, RATIS=41085, RATIS_ADMIN=41085, RATIS_SERVER=41085, STANDALONE=41997], networkLocation: /default-rack, certSerialId: null, persistedOpState: ENTERING_MAINTENANCE, persistedOpStateExpiryEpochSec: 0}, placeOfBirth=2770806d-009d-48da-9d50-3d9453a3ad96, sequenceId=37, keyCount=4, bytesUsed=76},ContainerReplica{containerID=#1, state=QUASI_CLOSED, datanodeDetails=2f53493c-3a9e-4904-8cf8-ac1f6fb0520e{ip: 10.1.0.13, host: fv-az105-298.wy5h1aom0jgehahef1oyr10hrc.bx.internal.cloudapp.net, ports: [REPLICATION=43097, RATIS=43085, RATIS_ADMIN=43085, RATIS_SERVER=43085, STANDALONE=37821], networkLocation: /default-rack, certSerialId: null, persistedOpState: ENTERING_MAINTENANCE, persistedOpStateExpiryEpochSec: 0}, placeOfBirth=2f53493c-3a9e-4904-8cf8-ac1f6fb0520e, sequenceId=37, keyCount=4, bytesUsed=76},ContainerReplica{containerID=#1, state=QUASI_CLOSED, datanodeDetails=f22cc5c0-3e38-414a-900c-2421eb232dd6{ip: 10.1.0.13, host: fv-az105-298.wy5h1aom0jgehahef1oyr10hrc.bx.internal.cloudapp.net, ports: [REPLICATION=33553, RATIS=38335, RATIS_ADMIN=38335, RATIS_SERVER=38335, STANDALONE=33109], networkLocation: /default-rack, certSerialId: null, persistedOpState: ENTERING_MAINTENANCE, persistedOpStateExpiryEpochSec: 0}, placeOfBirth=f22cc5c0-3e38-414a-900c-2421eb232dd6, sequenceId=37, keyCount=4, bytesUsed=76}}
2022-11-23 12:07:33,136 [DatanodeAdminManager-0] INFO  node.DatanodeAdminMonitorImpl (DatanodeAdminMonitorImpl.java:checkContainersReplicatedOnNode(356)) - Under Replicated Container #3 Container State: QUASI_CLOSED Replica Count: 3 Healthy Count: 0 Decommission Count: 0 Maintenance Count: 3 inFlightAdd Count: 0 inFightDel Count: 0 ReplicationFactor: 3 minMaintenance Count: 2; Replicas{ContainerReplica{containerID=#3, state=QUASI_CLOSED, datanodeDetails=2770806d-009d-48da-9d50-3d9453a3ad96{ip: 10.1.0.13, host: fv-az105-298.wy5h1aom0jgehahef1oyr10hrc.bx.internal.cloudapp.net, ports: [REPLICATION=42903, RATIS=41085, RATIS_ADMIN=41085, RATIS_SERVER=41085, STANDALONE=41997], networkLocation: /default-rack, certSerialId: null, persistedOpState: ENTERING_MAINTENANCE, persistedOpStateExpiryEpochSec: 0}, placeOfBirth=2770806d-009d-48da-9d50-3d9453a3ad96, sequenceId=30, keyCount=3, bytesUsed=57},ContainerReplica{containerID=#3, state=QUASI_CLOSED, datanodeDetails=2f53493c-3a9e-4904-8cf8-ac1f6fb0520e{ip: 10.1.0.13, host: fv-az105-298.wy5h1aom0jgehahef1oyr10hrc.bx.internal.cloudapp.net, ports: [REPLICATION=43097, RATIS=43085, RATIS_ADMIN=43085, RATIS_SERVER=43085, STANDALONE=37821], networkLocation: /default-rack, certSerialId: null, persistedOpState: ENTERING_MAINTENANCE, persistedOpStateExpiryEpochSec: 0}, placeOfBirth=2f53493c-3a9e-4904-8cf8-ac1f6fb0520e, sequenceId=30, keyCount=3, bytesUsed=57},ContainerReplica{containerID=#3, state=QUASI_CLOSED, datanodeDetails=f22cc5c0-3e38-414a-900c-2421eb232dd6{ip: 10.1.0.13, host: fv-az105-298.wy5h1aom0jgehahef1oyr10hrc.bx.internal.cloudapp.net, ports: [REPLICATION=33553, RATIS=38335, RATIS_ADMIN=38335, RATIS_SERVER=38335, STANDALONE=33109], networkLocation: /default-rack, certSerialId: null, persistedOpState: ENTERING_MAINTENANCE, persistedOpStateExpiryEpochSec: 0}, placeOfBirth=f22cc5c0-3e38-414a-900c-2421eb232dd6, sequenceId=30, keyCount=3, bytesUsed=57}}
2022-11-23 12:07:33,136 [DatanodeAdminManager-0] INFO  node.DatanodeAdminMonitorImpl (DatanodeAdminMonitorImpl.java:checkContainersReplicatedOnNode(377)) - f22cc5c0-3e38-414a-900c-2421eb232dd6{ip: 10.1.0.13, host: fv-az105-298.wy5h1aom0jgehahef1oyr10hrc.bx.internal.cloudapp.net, ports: [REPLICATION=33553, RATIS=38335, RATIS_ADMIN=38335, RATIS_SERVER=38335, STANDALONE=33109], networkLocation: /default-rack, certSerialId: null, persistedOpState: ENTERING_MAINTENANCE, persistedOpStateExpiryEpochSec: 0} has 0 sufficientlyReplicated, 3 underReplicated and 0 unhealthy containers
2022-11-23 12:07:33,136 [DatanodeAdminManager-0] INFO  node.DatanodeAdminMonitorImpl (DatanodeAdminMonitorImpl.java:checkContainersReplicatedOnNode(356)) - Under Replicated Container #6 Container State: QUASI_CLOSED Replica Count: 3 Healthy Count: 0 Decommission Count: 0 Maintenance Count: 3 inFlightAdd Count: 0 inFightDel Count: 0 ReplicationFactor: 3 minMaintenance Count: 2; Replicas{ContainerReplica{containerID=#6, state=QUASI_CLOSED, datanodeDetails=2f53493c-3a9e-4904-8cf8-ac1f6fb0520e{ip: 10.1.0.13, host: fv-az105-298.wy5h1aom0jgehahef1oyr10hrc.bx.internal.cloudapp.net, ports: [REPLICATION=43097, RATIS=43085, RATIS_ADMIN=43085, RATIS_SERVER=43085, STANDALONE=37821], networkLocation: /default-rack, certSerialId: null, persistedOpState: ENTERING_MAINTENANCE, persistedOpStateExpiryEpochSec: 0}, placeOfBirth=2f53493c-3a9e-4904-8cf8-ac1f6fb0520e, sequenceId=33, keyCount=3, bytesUsed=57},ContainerReplica{containerID=#6, state=QUASI_CLOSED, datanodeDetails=f22cc5c0-3e38-414a-900c-2421eb232dd6{ip: 10.1.0.13, host: fv-az105-298.wy5h1aom0jgehahef1oyr10hrc.bx.internal.cloudapp.net, ports: [REPLICATION=33553, RATIS=38335, RATIS_ADMIN=38335, RATIS_SERVER=38335, STANDALONE=33109], networkLocation: /default-rack, certSerialId: null, persistedOpState: ENTERING_MAINTENANCE, persistedOpStateExpiryEpochSec: 0}, placeOfBirth=f22cc5c0-3e38-414a-900c-2421eb232dd6, sequenceId=33, keyCount=3, bytesUsed=57},ContainerReplica{containerID=#6, state=QUASI_CLOSED, datanodeDetails=2770806d-009d-48da-9d50-3d9453a3ad96{ip: 10.1.0.13, host: fv-az105-298.wy5h1aom0jgehahef1oyr10hrc.bx.internal.cloudapp.net, ports: [REPLICATION=42903, RATIS=41085, RATIS_ADMIN=41085, RATIS_SERVER=41085, STANDALONE=41997], networkLocation: /default-rack, certSerialId: null, persistedOpState: ENTERING_MAINTENANCE, persistedOpStateExpiryEpochSec: 0}, placeOfBirth=2770806d-009d-48da-9d50-3d9453a3ad96, sequenceId=33, keyCount=3, bytesUsed=57}}
2022-11-23 12:07:33,136 [DatanodeAdminManager-0] INFO  node.DatanodeAdminMonitorImpl (DatanodeAdminMonitorImpl.java:checkContainersReplicatedOnNode(356)) - Under Replicated Container #1 Container State: QUASI_CLOSED Replica Count: 3 Healthy Count: 0 Decommission Count: 0 Maintenance Count: 3 inFlightAdd Count: 0 inFightDel Count: 0 ReplicationFactor: 3 minMaintenance Count: 2; Replicas{ContainerReplica{containerID=#1, state=QUASI_CLOSED, datanodeDetails=2770806d-009d-48da-9d50-3d9453a3ad96{ip: 10.1.0.13, host: fv-az105-298.wy5h1aom0jgehahef1oyr10hrc.bx.internal.cloudapp.net, ports: [REPLICATION=42903, RATIS=41085, RATIS_ADMIN=41085, RATIS_SERVER=41085, STANDALONE=41997], networkLocation: /default-rack, certSerialId: null, persistedOpState: ENTERING_MAINTENANCE, persistedOpStateExpiryEpochSec: 0}, placeOfBirth=2770806d-009d-48da-9d50-3d9453a3ad96, sequenceId=37, keyCount=4, bytesUsed=76},ContainerReplica{containerID=#1, state=QUASI_CLOSED, datanodeDetails=2f53493c-3a9e-4904-8cf8-ac1f6fb0520e{ip: 10.1.0.13, host: fv-az105-298.wy5h1aom0jgehahef1oyr10hrc.bx.internal.cloudapp.net, ports: [REPLICATION=43097, RATIS=43085, RATIS_ADMIN=43085, RATIS_SERVER=43085, STANDALONE=37821], networkLocation: /default-rack, certSerialId: null, persistedOpState: ENTERING_MAINTENANCE, persistedOpStateExpiryEpochSec: 0}, placeOfBirth=2f53493c-3a9e-4904-8cf8-ac1f6fb0520e, sequenceId=37, keyCount=4, bytesUsed=76},ContainerReplica{containerID=#1, state=QUASI_CLOSED, datanodeDetails=f22cc5c0-3e38-414a-900c-2421eb232dd6{ip: 10.1.0.13, host: fv-az105-298.wy5h1aom0jgehahef1oyr10hrc.bx.internal.cloudapp.net, ports: [REPLICATION=33553, RATIS=38335, RATIS_ADMIN=38335, RATIS_SERVER=38335, STANDALONE=33109], networkLocation: /default-rack, certSerialId: null, persistedOpState: ENTERING_MAINTENANCE, persistedOpStateExpiryEpochSec: 0}, placeOfBirth=f22cc5c0-3e38-414a-900c-2421eb232dd6, sequenceId=37, keyCount=4, bytesUsed=76}}
2022-11-23 12:07:33,136 [DatanodeAdminManager-0] INFO  node.DatanodeAdminMonitorImpl (DatanodeAdminMonitorImpl.java:checkContainersReplicatedOnNode(356)) - Under Replicated Container #3 Container State: QUASI_CLOSED Replica Count: 3 Healthy Count: 0 Decommission Count: 0 Maintenance Count: 3 inFlightAdd Count: 0 inFightDel Count: 0 ReplicationFactor: 3 minMaintenance Count: 2; Replicas{ContainerReplica{containerID=#3, state=QUASI_CLOSED, datanodeDetails=2770806d-009d-48da-9d50-3d9453a3ad96{ip: 10.1.0.13, host: fv-az105-298.wy5h1aom0jgehahef1oyr10hrc.bx.internal.cloudapp.net, ports: [REPLICATION=42903, RATIS=41085, RATIS_ADMIN=41085, RATIS_SERVER=41085, STANDALONE=41997], networkLocation: /default-rack, certSerialId: null, persistedOpState: ENTERING_MAINTENANCE, persistedOpStateExpiryEpochSec: 0}, placeOfBirth=2770806d-009d-48da-9d50-3d9453a3ad96, sequenceId=30, keyCount=3, bytesUsed=57},ContainerReplica{containerID=#3, state=QUASI_CLOSED, datanodeDetails=2f53493c-3a9e-4904-8cf8-ac1f6fb0520e{ip: 10.1.0.13, host: fv-az105-298.wy5h1aom0jgehahef1oyr10hrc.bx.internal.cloudapp.net, ports: [REPLICATION=43097, RATIS=43085, RATIS_ADMIN=43085, RATIS_SERVER=43085, STANDALONE=37821], networkLocation: /default-rack, certSerialId: null, persistedOpState: ENTERING_MAINTENANCE, persistedOpStateExpiryEpochSec: 0}, placeOfBirth=2f53493c-3a9e-4904-8cf8-ac1f6fb0520e, sequenceId=30, keyCount=3, bytesUsed=57},ContainerReplica{containerID=#3, state=QUASI_CLOSED, datanodeDetails=f22cc5c0-3e38-414a-900c-2421eb232dd6{ip: 10.1.0.13, host: fv-az105-298.wy5h1aom0jgehahef1oyr10hrc.bx.internal.cloudapp.net, ports: [REPLICATION=33553, RATIS=38335, RATIS_ADMIN=38335, RATIS_SERVER=38335, STANDALONE=33109], networkLocation: /default-rack, certSerialId: null, persistedOpState: ENTERING_MAINTENANCE, persistedOpStateExpiryEpochSec: 0}, placeOfBirth=f22cc5c0-3e38-414a-900c-2421eb232dd6, sequenceId=30, keyCount=3, bytesUsed=57}}
2022-11-23 12:07:33,136 [DatanodeAdminManager-0] INFO  node.DatanodeAdminMonitorImpl (DatanodeAdminMonitorImpl.java:checkContainersReplicatedOnNode(377)) - 2770806d-009d-48da-9d50-3d9453a3ad96{ip: 10.1.0.13, host: fv-az105-298.wy5h1aom0jgehahef1oyr10hrc.bx.internal.cloudapp.net, ports: [REPLICATION=42903, RATIS=41085, RATIS_ADMIN=41085, RATIS_SERVER=41085, STANDALONE=41997], networkLocation: /default-rack, certSerialId: null, persistedOpState: ENTERING_MAINTENANCE, persistedOpStateExpiryEpochSec: 0} has 0 sufficientlyReplicated, 3 underReplicated and 0 unhealthy containers
2022-11-23 12:07:33,136 [DatanodeAdminManager-0] INFO  node.DatanodeAdminMonitorImpl (DatanodeAdminMonitorImpl.java:checkContainersReplicatedOnNode(356)) - Under Replicated Container #6 Container State: QUASI_CLOSED Replica Count: 3 Healthy Count: 0 Decommission Count: 0 Maintenance Count: 3 inFlightAdd Count: 0 inFightDel Count: 0 ReplicationFactor: 3 minMaintenance Count: 2; Replicas{ContainerReplica{containerID=#6, state=QUASI_CLOSED, datanodeDetails=2f53493c-3a9e-4904-8cf8-ac1f6fb0520e{ip: 10.1.0.13, host: fv-az105-298.wy5h1aom0jgehahef1oyr10hrc.bx.internal.cloudapp.net, ports: [REPLICATION=43097, RATIS=43085, RATIS_ADMIN=43085, RATIS_SERVER=43085, STANDALONE=37821], networkLocation: /default-rack, certSerialId: null, persistedOpState: ENTERING_MAINTENANCE, persistedOpStateExpiryEpochSec: 0}, placeOfBirth=2f53493c-3a9e-4904-8cf8-ac1f6fb0520e, sequenceId=33, keyCount=3, bytesUsed=57},ContainerReplica{containerID=#6, state=QUASI_CLOSED, datanodeDetails=f22cc5c0-3e38-414a-900c-2421eb232dd6{ip: 10.1.0.13, host: fv-az105-298.wy5h1aom0jgehahef1oyr10hrc.bx.internal.cloudapp.net, ports: [REPLICATION=33553, RATIS=38335, RATIS_ADMIN=38335, RATIS_SERVER=38335, STANDALONE=33109], networkLocation: /default-rack, certSerialId: null, persistedOpState: ENTERING_MAINTENANCE, persistedOpStateExpiryEpochSec: 0}, placeOfBirth=f22cc5c0-3e38-414a-900c-2421eb232dd6, sequenceId=33, keyCount=3, bytesUsed=57},ContainerReplica{containerID=#6, state=QUASI_CLOSED, datanodeDetails=2770806d-009d-48da-9d50-3d9453a3ad96{ip: 10.1.0.13, host: fv-az105-298.wy5h1aom0jgehahef1oyr10hrc.bx.internal.cloudapp.net, ports: [REPLICATION=42903, RATIS=41085, RATIS_ADMIN=41085, RATIS_SERVER=41085, STANDALONE=41997], networkLocation: /default-rack, certSerialId: null, persistedOpState: ENTERING_MAINTENANCE, persistedOpStateExpiryEpochSec: 0}, placeOfBirth=2770806d-009d-48da-9d50-3d9453a3ad96, sequenceId=33, keyCount=3, bytesUsed=57}}
2022-11-23 12:07:33,136 [DatanodeAdminManager-0] INFO  node.DatanodeAdminMonitorImpl (DatanodeAdminMonitorImpl.java:checkContainersReplicatedOnNode(356)) - Under Replicated Container #1 Container State: QUASI_CLOSED Replica Count: 3 Healthy Count: 0 Decommission Count: 0 Maintenance Count: 3 inFlightAdd Count: 0 inFightDel Count: 0 ReplicationFactor: 3 minMaintenance Count: 2; Replicas{ContainerReplica{containerID=#1, state=QUASI_CLOSED, datanodeDetails=2770806d-009d-48da-9d50-3d9453a3ad96{ip: 10.1.0.13, host: fv-az105-298.wy5h1aom0jgehahef1oyr10hrc.bx.internal.cloudapp.net, ports: [REPLICATION=42903, RATIS=41085, RATIS_ADMIN=41085, RATIS_SERVER=41085, STANDALONE=41997], networkLocation: /default-rack, certSerialId: null, persistedOpState: ENTERING_MAINTENANCE, persistedOpStateExpiryEpochSec: 0}, placeOfBirth=2770806d-009d-48da-9d50-3d9453a3ad96, sequenceId=37, keyCount=4, bytesUsed=76},ContainerReplica{containerID=#1, state=QUASI_CLOSED, datanodeDetails=2f53493c-3a9e-4904-8cf8-ac1f6fb0520e{ip: 10.1.0.13, host: fv-az105-298.wy5h1aom0jgehahef1oyr10hrc.bx.internal.cloudapp.net, ports: [REPLICATION=43097, RATIS=43085, RATIS_ADMIN=43085, RATIS_SERVER=43085, STANDALONE=37821], networkLocation: /default-rack, certSerialId: null, persistedOpState: ENTERING_MAINTENANCE, persistedOpStateExpiryEpochSec: 0}, placeOfBirth=2f53493c-3a9e-4904-8cf8-ac1f6fb0520e, sequenceId=37, keyCount=4, bytesUsed=76},ContainerReplica{containerID=#1, state=QUASI_CLOSED, datanodeDetails=f22cc5c0-3e38-414a-900c-2421eb232dd6{ip: 10.1.0.13, host: fv-az105-298.wy5h1aom0jgehahef1oyr10hrc.bx.internal.cloudapp.net, ports: [REPLICATION=33553, RATIS=38335, RATIS_ADMIN=38335, RATIS_SERVER=38335, STANDALONE=33109], networkLocation: /default-rack, certSerialId: null, persistedOpState: ENTERING_MAINTENANCE, persistedOpStateExpiryEpochSec: 0}, placeOfBirth=f22cc5c0-3e38-414a-900c-2421eb232dd6, sequenceId=37, keyCount=4, bytesUsed=76}}
2022-11-23 12:07:33,136 [DatanodeAdminManager-0] INFO  node.DatanodeAdminMonitorImpl (DatanodeAdminMonitorImpl.java:checkContainersReplicatedOnNode(356)) - Under Replicated Container #3 Container State: QUASI_CLOSED Replica Count: 3 Healthy Count: 0 Decommission Count: 0 Maintenance Count: 3 inFlightAdd Count: 0 inFightDel Count: 0 ReplicationFactor: 3 minMaintenance Count: 2; Replicas{ContainerReplica{containerID=#3, state=QUASI_CLOSED, datanodeDetails=2770806d-009d-48da-9d50-3d9453a3ad96{ip: 10.1.0.13, host: fv-az105-298.wy5h1aom0jgehahef1oyr10hrc.bx.internal.cloudapp.net, ports: [REPLICATION=42903, RATIS=41085, RATIS_ADMIN=41085, RATIS_SERVER=41085, STANDALONE=41997], networkLocation: /default-rack, certSerialId: null, persistedOpState: ENTERING_MAINTENANCE, persistedOpStateExpiryEpochSec: 0}, placeOfBirth=2770806d-009d-48da-9d50-3d9453a3ad96, sequenceId=30, keyCount=3, bytesUsed=57},ContainerReplica{containerID=#3, state=QUASI_CLOSED, datanodeDetails=2f53493c-3a9e-4904-8cf8-ac1f6fb0520e{ip: 10.1.0.13, host: fv-az105-298.wy5h1aom0jgehahef1oyr10hrc.bx.internal.cloudapp.net, ports: [REPLICATION=43097, RATIS=43085, RATIS_ADMIN=43085, RATIS_SERVER=43085, STANDALONE=37821], networkLocation: /default-rack, certSerialId: null, persistedOpState: ENTERING_MAINTENANCE, persistedOpStateExpiryEpochSec: 0}, placeOfBirth=2f53493c-3a9e-4904-8cf8-ac1f6fb0520e, sequenceId=30, keyCount=3, bytesUsed=57},ContainerReplica{containerID=#3, state=QUASI_CLOSED, datanodeDetails=f22cc5c0-3e38-414a-900c-2421eb232dd6{ip: 10.1.0.13, host: fv-az105-298.wy5h1aom0jgehahef1oyr10hrc.bx.internal.cloudapp.net, ports: [REPLICATION=33553, RATIS=38335, RATIS_ADMIN=38335, RATIS_SERVER=38335, STANDALONE=33109], networkLocation: /default-rack, certSerialId: null, persistedOpState: ENTERING_MAINTENANCE, persistedOpStateExpiryEpochSec: 0}, placeOfBirth=f22cc5c0-3e38-414a-900c-2421eb232dd6, sequenceId=30, keyCount=3, bytesUsed=57}}
2022-11-23 12:07:33,136 [DatanodeAdminManager-0] INFO  node.DatanodeAdminMonitorImpl (DatanodeAdminMonitorImpl.java:checkContainersReplicatedOnNode(377)) - 2f53493c-3a9e-4904-8cf8-ac1f6fb0520e{ip: 10.1.0.13, host: fv-az105-298.wy5h1aom0jgehahef1oyr10hrc.bx.internal.cloudapp.net, ports: [REPLICATION=43097, RATIS=43085, RATIS_ADMIN=43085, RATIS_SERVER=43085, STANDALONE=37821], networkLocation: /default-rack, certSerialId: null, persistedOpState: ENTERING_MAINTENANCE, persistedOpStateExpiryEpochSec: 0} has 0 sufficientlyReplicated, 3 underReplicated and 0 unhealthy containers
2022-11-23 12:07:33,136 [DatanodeAdminManager-0] INFO  node.DatanodeAdminMonitorImpl (DatanodeAdminMonitorImpl.java:run(169)) - There are 3 nodes tracked for decommission and maintenance.  0 pending nodes.
2022-11-23 12:07:33,167 [ReplicationMonitor] INFO  replication.ReplicationManager (ReplicationManager.java:processAll(322)) - Replication Manager is not ready to run until 3000ms after safemode exit
2022-11-23 12:07:33,372 [EventQueue-StaleNodeForStaleNodeHandler] INFO  node.StaleNodeHandler (StaleNodeHandler.java:onMessage(59)) - Datanode 0a01f95b-2968-4236-b6d7-cab75d1b461a{ip: 10.1.0.13, host: fv-az105-298.wy5h1aom0jgehahef1oyr10hrc.bx.internal.cloudapp.net, ports: [REPLICATION=40927, RATIS=44653, RATIS_ADMIN=44653, RATIS_SERVER=44653, STANDALONE=41887], networkLocation: /default-rack, certSerialId: null, persistedOpState: IN_SERVICE, persistedOpStateExpiryEpochSec: 0} moved to stale state. Finalizing its pipelines [PipelineID=482a1c78-485d-4c18-b1a7-1a75f54d5aee]
2022-11-23 12:07:33,373 [EventQueue-StaleNodeForStaleNodeHandler] INFO  pipeline.PipelineManagerImpl (PipelineManagerImpl.java:closePipeline(442)) - Pipeline Pipeline[ Id: 482a1c78-485d-4c18-b1a7-1a75f54d5aee, Nodes: 0a01f95b-2968-4236-b6d7-cab75d1b461a{ip: 10.1.0.13, host: fv-az105-298.wy5h1aom0jgehahef1oyr10hrc.bx.internal.cloudapp.net, ports: [REPLICATION=40927, RATIS=44653, RATIS_ADMIN=44653, RATIS_SERVER=44653, STANDALONE=41887], networkLocation: /default-rack, certSerialId: null, persistedOpState: IN_SERVICE, persistedOpStateExpiryEpochSec: 0}, ReplicationConfig: RATIS/ONE, State:OPEN, leaderId:0a01f95b-2968-4236-b6d7-cab75d1b461a, CreationTimestamp2022-11-23T12:07:19.657Z[Etc/UTC]] moved to CLOSED state
2022-11-23 12:07:33,472 [EventQueue-StaleNodeForStaleNodeHandler] INFO  node.StaleNodeHandler (StaleNodeHandler.java:onMessage(59)) - Datanode 23a93132-5f46-46ff-a00f-e8b8e96ed379{ip: 10.1.0.13, host: fv-az105-298.wy5h1aom0jgehahef1oyr10hrc.bx.internal.cloudapp.net, ports: [REPLICATION=35697, RATIS=39241, RATIS_ADMIN=39241, RATIS_SERVER=39241, STANDALONE=38363], networkLocation: /default-rack, certSerialId: null, persistedOpState: IN_SERVICE, persistedOpStateExpiryEpochSec: 0} moved to stale state. Finalizing its pipelines [PipelineID=46aafe0f-4ee5-4ee4-bb34-a79c6668bf3e]
2022-11-23 12:07:33,473 [EventQueue-StaleNodeForStaleNodeHandler] INFO  pipeline.PipelineManagerImpl (PipelineManagerImpl.java:closePipeline(442)) - Pipeline Pipeline[ Id: 46aafe0f-4ee5-4ee4-bb34-a79c6668bf3e, Nodes: 23a93132-5f46-46ff-a00f-e8b8e96ed379{ip: 10.1.0.13, host: fv-az105-298.wy5h1aom0jgehahef1oyr10hrc.bx.internal.cloudapp.net, ports: [REPLICATION=35697, RATIS=39241, RATIS_ADMIN=39241, RATIS_SERVER=39241, STANDALONE=38363], networkLocation: /default-rack, certSerialId: null, persistedOpState: IN_SERVICE, persistedOpStateExpiryEpochSec: 0}, ReplicationConfig: RATIS/ONE, State:OPEN, leaderId:23a93132-5f46-46ff-a00f-e8b8e96ed379, CreationTimestamp2022-11-23T12:07:19.657Z[Etc/UTC]] moved to CLOSED state
2022-11-23 12:07:33,598 [ForkJoinPool.commonPool-worker-1] INFO  volume.HddsVolume (HddsVolume.java:closeDbStore(338)) - SchemaV3 db is stopped at /home/runner/work/ozone/ozone/hadoop-ozone/integration-test/target/test-dir/MiniOzoneClusterImpl-ebe43555-68d4-45be-bb73-f0d85d5884a6/datanode-6/data-0/containers/hdds/ebe43555-68d4-45be-bb73-f0d85d5884a6/DS-e18b0baf-75af-4bac-ba9a-d676ca2c3aaf/container.db for volume DS-e18b0baf-75af-4bac-ba9a-d676ca2c3aaf
2022-11-23 12:07:33,601 [ForkJoinPool.commonPool-worker-1] INFO  utils.BackgroundService (BackgroundService.java:shutdown(141)) - Shutting down service BlockDeletingService
2022-11-23 12:07:33,601 [ForkJoinPool.commonPool-worker-1] INFO  utils.BackgroundService (BackgroundService.java:shutdown(141)) - Shutting down service StaleRecoveringContainerScrubbingService
2022-11-23 12:07:33,603 [ForkJoinPool.commonPool-worker-1] INFO  statemachine.DatanodeStateMachine (DatanodeStateMachine.java:stopDaemon(593)) - Ozone container server stopped.
2022-11-23 12:07:33,611 [ForkJoinPool.commonPool-worker-1] INFO  handler.ContextHandler (ContextHandler.java:doStop(1159)) - Stopped o.e.j.w.WebAppContext@6d3f11d5{hddsDatanode,/,null,STOPPED}{jar:file:/home/runner/.m2/repository/org/apache/ozone/hdds-container-service/1.3.0-SNAPSHOT/hdds-container-service-1.3.0-SNAPSHOT.jar!/webapps/hddsDatanode}
2022-11-23 12:07:33,612 [ForkJoinPool.commonPool-worker-1] INFO  server.AbstractConnector (AbstractConnector.java:doStop(383)) - Stopped ServerConnector@746d8079{HTTP/1.1, (http/1.1)}{0.0.0.0:0}
2022-11-23 12:07:33,612 [ForkJoinPool.commonPool-worker-1] INFO  server.session (HouseKeeper.java:stopScavenging(149)) - node0 Stopped scavenging
2022-11-23 12:07:33,612 [ForkJoinPool.commonPool-worker-1] INFO  handler.ContextHandler (ContextHandler.java:doStop(1159)) - Stopped o.e.j.s.ServletContextHandler@582163b8{static,/static,jar:file:/home/runner/.m2/repository/org/apache/ozone/hdds-container-service/1.3.0-SNAPSHOT/hdds-container-service-1.3.0-SNAPSHOT.jar!/webapps/static,STOPPED}
2022-11-23 12:07:33,612 [ForkJoinPool.commonPool-worker-1] INFO  handler.ContextHandler (ContextHandler.java:doStop(1159)) - Stopped o.e.j.s.ServletContextHandler@752d68d1{logs,/logs,file:///home/runner/work/ozone/ozone/hadoop-ozone/integration-test/target/log,STOPPED}
2022-11-23 12:07:33,663 [Under Replicated Processor] INFO  replication.UnderReplicatedProcessor (UnderReplicatedProcessor.java:processAll(79)) - Processed 0 under replicated containers, failed processing 0
2022-11-23 12:07:33,663 [Over Replicated Processor] INFO  replication.OverReplicatedProcessor (OverReplicatedProcessor.java:processAll(79)) - Processed 0 over replicated containers, failed processing 0
2022-11-23 12:07:33,663 [ReplicationMonitor] INFO  replication.ReplicationManager (ReplicationManager.java:processAll(355)) - Replication Monitor Thread took 0 milliseconds for processing 0 containers.
2022-11-23 12:07:33,665 [Listener at 0.0.0.0/39971] INFO  ozone.MiniOzoneClusterImpl (MiniOzoneClusterImpl.java:lambda$waitForClusterToBeReady$0(216)) - Nodes are ready. Got 7 of 7 DN Heartbeats.
2022-11-23 12:07:33,665 [Listener at 0.0.0.0/39971] INFO  ozone.MiniOzoneClusterImpl (MiniOzoneClusterImpl.java:lambda$waitForClusterToBeReady$0(219)) - Cluster exits safe mode
2022-11-23 12:07:33,665 [Listener at 0.0.0.0/39971] INFO  ozone.MiniOzoneClusterImpl (MiniOzoneClusterImpl.java:lambda$waitForClusterToBeReady$0(221)) - SCM became leader
2022-11-23 12:07:33,678 [Mini-Cluster-Provider-Reap] INFO  volume.HddsVolume (HddsVolume.java:closeDbStore(338)) - SchemaV3 db is stopped at /home/runner/work/ozone/ozone/hadoop-ozone/integration-test/target/test-dir/MiniOzoneClusterImpl-ebe43555-68d4-45be-bb73-f0d85d5884a6/datanode-5/data-0/containers/hdds/ebe43555-68d4-45be-bb73-f0d85d5884a6/DS-3d95ea45-23f9-4b6b-b4cf-cf33e65c7e29/container.db for volume DS-3d95ea45-23f9-4b6b-b4cf-cf33e65c7e29
2022-11-23 12:07:33,680 [Mini-Cluster-Provider-Reap] INFO  utils.BackgroundService (BackgroundService.java:shutdown(141)) - Shutting down service BlockDeletingService
2022-11-23 12:07:33,681 [Mini-Cluster-Provider-Reap] INFO  utils.BackgroundService (BackgroundService.java:shutdown(141)) - Shutting down service StaleRecoveringContainerScrubbingService
2022-11-23 12:07:33,687 [Mini-Cluster-Provider-Reap] INFO  statemachine.DatanodeStateMachine (DatanodeStateMachine.java:stopDaemon(593)) - Ozone container server stopped.
2022-11-23 12:07:33,689 [Under Replicated Processor] INFO  replication.UnderReplicatedProcessor (UnderReplicatedProcessor.java:processAll(79)) - Processed 0 under replicated containers, failed processing 0
2022-11-23 12:07:33,696 [Mini-Cluster-Provider-Reap] INFO  handler.ContextHandler (ContextHandler.java:doStop(1159)) - Stopped o.e.j.w.WebAppContext@343ca804{hddsDatanode,/,null,STOPPED}{jar:file:/home/runner/.m2/repository/org/apache/ozone/hdds-container-service/1.3.0-SNAPSHOT/hdds-container-service-1.3.0-SNAPSHOT.jar!/webapps/hddsDatanode}
2022-11-23 12:07:33,697 [Mini-Cluster-Provider-Reap] INFO  server.AbstractConnector (AbstractConnector.java:doStop(383)) - Stopped ServerConnector@65e8c99e{HTTP/1.1, (http/1.1)}{0.0.0.0:0}
2022-11-23 12:07:33,697 [Mini-Cluster-Provider-Reap] INFO  server.session (HouseKeeper.java:stopScavenging(149)) - node0 Stopped scavenging
2022-11-23 12:07:33,697 [Mini-Cluster-Provider-Reap] INFO  handler.ContextHandler (ContextHandler.java:doStop(1159)) - Stopped o.e.j.s.ServletContextHandler@325aac5{static,/static,jar:file:/home/runner/.m2/repository/org/apache/ozone/hdds-container-service/1.3.0-SNAPSHOT/hdds-container-service-1.3.0-SNAPSHOT.jar!/webapps/static,STOPPED}
2022-11-23 12:07:33,697 [Mini-Cluster-Provider-Reap] INFO  handler.ContextHandler (ContextHandler.java:doStop(1159)) - Stopped o.e.j.s.ServletContextHandler@5430b80f{logs,/logs,file:///home/runner/work/ozone/ozone/hadoop-ozone/integration-test/target/log,STOPPED}
2022-11-23 12:07:33,699 [Mini-Cluster-Provider-Reap] INFO  ozone.MiniOzoneClusterImpl (MiniOzoneClusterImpl.java:stopSCM(537)) - Stopping the StorageContainerManager
2022-11-23 12:07:33,699 [Mini-Cluster-Provider-Reap] INFO  server.StorageContainerManager (StorageContainerManager.java:stop(1566)) - Container Balancer is not running.
2022-11-23 12:07:33,699 [Mini-Cluster-Provider-Reap] INFO  server.StorageContainerManager (StorageContainerManager.java:stop(1573)) - Stopping Replication Manager Service.
2022-11-23 12:07:33,699 [Mini-Cluster-Provider-Reap] INFO  replication.ReplicationManager (ReplicationManager.java:stop(288)) - Stopping Replication Monitor Thread.
2022-11-23 12:07:33,702 [Under Replicated Processor] WARN  replication.UnderReplicatedProcessor (UnderReplicatedProcessor.java:run(108)) - Under Replicated Processor interrupted. Exiting...
2022-11-23 12:07:33,702 [Over Replicated Processor] WARN  replication.OverReplicatedProcessor (OverReplicatedProcessor.java:run(109)) - Over Replicated Processor interrupted. Exiting...
2022-11-23 12:07:33,702 [Mini-Cluster-Provider-Reap] INFO  server.StorageContainerManager (StorageContainerManager.java:stop(1580)) - Stopping the Datanode Admin Monitor.
2022-11-23 12:07:33,702 [Mini-Cluster-Provider-Reap] INFO  server.StorageContainerManager (StorageContainerManager.java:stop(1587)) - Stopping Lease Manager of the command watchers
2022-11-23 12:07:33,702 [Mini-Cluster-Provider-Reap] INFO  server.StorageContainerManager (StorageContainerManager.java:stop(1594)) - Stopping datanode service RPC server
2022-11-23 12:07:33,702 [Mini-Cluster-Provider-Reap] INFO  server.SCMDatanodeProtocolServer (SCMDatanodeProtocolServer.java:stop(414)) - Stopping the RPC server for DataNodes
2022-11-23 12:07:33,702 [Mini-Cluster-Provider-Reap] INFO  ipc.Server (Server.java:stop(3428)) - Stopping server on 40365
2022-11-23 12:07:33,704 [IPC Server listener on 40365] INFO  ipc.Server (Server.java:run(1384)) - Stopping IPC Server listener on 40365
2022-11-23 12:07:33,704 [ReplicationMonitor] INFO  replication.ReplicationManager (ReplicationManager.java:run(636)) - Replication Monitor Thread is stopped
2022-11-23 12:07:33,708 [IPC Server Responder] INFO  ipc.Server (Server.java:run(1517)) - Stopping IPC Server Responder
2022-11-23 12:07:33,773 [SCM Heartbeat Processing Thread - 0] WARN  node.NodeStateManager (NodeStateManager.java:scheduleNextHealthCheck(870)) - Current Thread is interrupted, shutting down HB processing thread for Node Manager.
2022-11-23 12:07:33,773 [Mini-Cluster-Provider-Reap] INFO  server.StorageContainerManager (StorageContainerManager.java:stop(1602)) - Stopping block service RPC server
2022-11-23 12:07:33,773 [Mini-Cluster-Provider-Reap] INFO  server.SCMBlockProtocolServer (SCMBlockProtocolServer.java:stop(161)) - Stopping the RPC server for Block Protocol
2022-11-23 12:07:33,773 [Mini-Cluster-Provider-Reap] INFO  ipc.Server (Server.java:stop(3428)) - Stopping server on 35857
2022-11-23 12:07:33,777 [IPC Server listener on 35857] INFO  ipc.Server (Server.java:run(1384)) - Stopping IPC Server listener on 35857
2022-11-23 12:07:33,777 [IPC Server Responder] INFO  ipc.Server (Server.java:run(1517)) - Stopping IPC Server Responder
2022-11-23 12:07:33,777 [Mini-Cluster-Provider-Reap] INFO  server.StorageContainerManager (StorageContainerManager.java:stop(1609)) - Stopping the StorageContainerLocationProtocol RPC server
2022-11-23 12:07:33,777 [Mini-Cluster-Provider-Reap] INFO  server.SCMClientProtocolServer (SCMClientProtocolServer.java:stop(179)) - Stopping the RPC server for Client Protocol
2022-11-23 12:07:33,777 [Mini-Cluster-Provider-Reap] INFO  ipc.Server (Server.java:stop(3428)) - Stopping server on 41747
2022-11-23 12:07:33,782 [IPC Server listener on 41747] INFO  ipc.Server (Server.java:run(1384)) - Stopping IPC Server listener on 41747
2022-11-23 12:07:33,785 [Mini-Cluster-Provider-Reap] INFO  server.StorageContainerManager (StorageContainerManager.java:stop(1616)) - Stopping Storage Container Manager HTTP server.
2022-11-23 12:07:33,785 [IPC Server Responder] INFO  ipc.Server (Server.java:run(1517)) - Stopping IPC Server Responder
2022-11-23 12:07:33,788 [Mini-Cluster-Provider-Reap] INFO  handler.ContextHandler (ContextHandler.java:doStop(1159)) - Stopped o.e.j.w.WebAppContext@2cbae0f1{scm,/,null,STOPPED}{file:/home/runner/work/ozone/ozone/hadoop-ozone/integration-test/target/test-classes/webapps/scm}
2022-11-23 12:07:33,793 [Mini-Cluster-Provider-Reap] INFO  server.AbstractConnector (AbstractConnector.java:doStop(383)) - Stopped ServerConnector@41ae9f11{HTTP/1.1, (http/1.1)}{0.0.0.0:38825}
2022-11-23 12:07:33,793 [Mini-Cluster-Provider-Reap] INFO  server.session (HouseKeeper.java:stopScavenging(149)) - node0 Stopped scavenging
2022-11-23 12:07:33,794 [Mini-Cluster-Provider-Reap] INFO  handler.ContextHandler (ContextHandler.java:doStop(1159)) - Stopped o.e.j.s.ServletContextHandler@fc6cac6{static,/static,file:///home/runner/work/ozone/ozone/hadoop-ozone/integration-test/target/test-classes/webapps/static,STOPPED}
2022-11-23 12:07:33,794 [Mini-Cluster-Provider-Reap] INFO  handler.ContextHandler (ContextHandler.java:doStop(1159)) - Stopped o.e.j.s.ServletContextHandler@1a3e8b68{logs,/logs,file:///home/runner/work/ozone/ozone/hadoop-ozone/integration-test/target/log,STOPPED}
2022-11-23 12:07:33,794 [Mini-Cluster-Provider-Reap] INFO  server.StorageContainerManager (StorageContainerManager.java:stop(1622)) - Stopping SCM LayoutVersionManager Service.
2022-11-23 12:07:33,795 [Mini-Cluster-Provider-Reap] INFO  server.StorageContainerManager (StorageContainerManager.java:stop(1630)) - Stopping Block Manager Service.
2022-11-23 12:07:33,795 [Mini-Cluster-Provider-Reap] INFO  utils.BackgroundService (BackgroundService.java:shutdown(141)) - Shutting down service SCMBlockDeletingService
2022-11-23 12:07:33,795 [Mini-Cluster-Provider-Reap] INFO  utils.BackgroundService (BackgroundService.java:shutdown(141)) - Shutting down service SCMBlockDeletingService
2022-11-23 12:07:33,795 [Mini-Cluster-Provider-Reap] INFO  server.StorageContainerManager (StorageContainerManager.java:stop(1657)) - Stopping SCM Event Queue.
2022-11-23 12:07:33,800 [Mini-Cluster-Provider-Reap] INFO  server.StorageContainerManager (StorageContainerManager.java:stop(1668)) - Stopping SCM HA services.
2022-11-23 12:07:33,800 [Mini-Cluster-Provider-Reap] INFO  pipeline.BackgroundPipelineCreator (BackgroundPipelineCreator.java:stop(149)) - Stopping RatisPipelineUtilsThread.
2022-11-23 12:07:33,800 [RatisPipelineUtilsThread - 0] WARN  pipeline.BackgroundPipelineCreator (BackgroundPipelineCreator.java:run(180)) - RatisPipelineUtilsThread is interrupted.
2022-11-23 12:07:33,800 [Mini-Cluster-Provider-Reap] INFO  BackgroundPipelineScrubber (BackgroundSCMService.java:stop(131)) - Stopping BackgroundPipelineScrubber Service.
2022-11-23 12:07:33,800 [BackgroundPipelineScrubberThread] WARN  BackgroundPipelineScrubber (BackgroundSCMService.java:run(115)) - BackgroundPipelineScrubber is interrupted, exit
2022-11-23 12:07:33,801 [Mini-Cluster-Provider-Reap] INFO  impl.MetricsSystemImpl (MetricsSystemImpl.java:stop(210)) - Stopping StorageContainerManager metrics system...
2022-11-23 12:07:33,807 [prometheus] INFO  impl.MetricsSinkAdapter (MetricsSinkAdapter.java:publishMetricsFromQueue(141)) - prometheus thread interrupted.
2022-11-23 12:07:33,807 [Mini-Cluster-Provider-Reap] INFO  impl.MetricsSystemImpl (MetricsSystemImpl.java:stop(216)) - StorageContainerManager metrics system stopped.
2022-11-23 12:07:33,807 [Mini-Cluster-Provider-Reap] WARN  pipeline.BackgroundPipelineCreator (BackgroundPipelineCreator.java:stop(145)) - RatisPipelineUtilsThread is not running, just ignore.
2022-11-23 12:07:33,807 [Mini-Cluster-Provider-Reap] INFO  BackgroundPipelineScrubber (BackgroundSCMService.java:stop(126)) - BackgroundPipelineScrubber Service is not running, skip stop.
2022-11-23 12:07:33,807 [Mini-Cluster-Provider-Reap] INFO  ExpiredContainerReplicaOpScrubber (BackgroundSCMService.java:stop(131)) - Stopping ExpiredContainerReplicaOpScrubber Service.
2022-11-23 12:07:33,807 [Mini-Cluster-Provider-Reap] INFO  utils.BackgroundService (BackgroundService.java:shutdown(141)) - Shutting down service SCMBlockDeletingService
2022-11-23 12:07:33,807 [ExpiredContainerReplicaOpScrubberThread] WARN  ExpiredContainerReplicaOpScrubber (BackgroundSCMService.java:run(115)) - ExpiredContainerReplicaOpScrubber is interrupted, exit
2022-11-23 12:07:33,807 [Mini-Cluster-Provider-Reap] INFO  replication.ReplicationManager (ReplicationManager.java:stop(296)) - Replication Monitor Thread is not running.
2022-11-23 12:07:33,807 [Mini-Cluster-Provider-Reap] WARN  balancer.ContainerBalancer (ContainerBalancer.java:stop(322)) - Cannot stop Container Balancer because it's not running or stopping
2022-11-23 12:07:33,808 [Mini-Cluster-Provider-Reap] INFO  server.StorageContainerManager (StorageContainerManager.java:stop(1686)) - Stopping SCM MetadataStore.
2022-11-23 12:07:34,135 [DatanodeAdminManager-0] INFO  node.DatanodeAdminMonitorImpl (DatanodeAdminMonitorImpl.java:checkContainersReplicatedOnNode(356)) - Under Replicated Container #6 Container State: QUASI_CLOSED Replica Count: 3 Healthy Count: 0 Decommission Count: 0 Maintenance Count: 3 inFlightAdd Count: 0 inFightDel Count: 0 ReplicationFactor: 3 minMaintenance Count: 2; Replicas{ContainerReplica{containerID=#6, state=QUASI_CLOSED, datanodeDetails=2f53493c-3a9e-4904-8cf8-ac1f6fb0520e{ip: 10.1.0.13, host: fv-az105-298.wy5h1aom0jgehahef1oyr10hrc.bx.internal.cloudapp.net, ports: [REPLICATION=43097, RATIS=43085, RATIS_ADMIN=43085, RATIS_SERVER=43085, STANDALONE=37821], networkLocation: /default-rack, certSerialId: null, persistedOpState: ENTERING_MAINTENANCE, persistedOpStateExpiryEpochSec: 0}, placeOfBirth=2f53493c-3a9e-4904-8cf8-ac1f6fb0520e, sequenceId=33, keyCount=3, bytesUsed=57},ContainerReplica{containerID=#6, state=QUASI_CLOSED, datanodeDetails=f22cc5c0-3e38-414a-900c-2421eb232dd6{ip: 10.1.0.13, host: fv-az105-298.wy5h1aom0jgehahef1oyr10hrc.bx.internal.cloudapp.net, ports: [REPLICATION=33553, RATIS=38335, RATIS_ADMIN=38335, RATIS_SERVER=38335, STANDALONE=33109], networkLocation: /default-rack, certSerialId: null, persistedOpState: ENTERING_MAINTENANCE, persistedOpStateExpiryEpochSec: 0}, placeOfBirth=f22cc5c0-3e38-414a-900c-2421eb232dd6, sequenceId=33, keyCount=3, bytesUsed=57},ContainerReplica{containerID=#6, state=QUASI_CLOSED, datanodeDetails=2770806d-009d-48da-9d50-3d9453a3ad96{ip: 10.1.0.13, host: fv-az105-298.wy5h1aom0jgehahef1oyr10hrc.bx.internal.cloudapp.net, ports: [REPLICATION=42903, RATIS=41085, RATIS_ADMIN=41085, RATIS_SERVER=41085, STANDALONE=41997], networkLocation: /default-rack, certSerialId: null, persistedOpState: ENTERING_MAINTENANCE, persistedOpStateExpiryEpochSec: 0}, placeOfBirth=2770806d-009d-48da-9d50-3d9453a3ad96, sequenceId=33, keyCount=3, bytesUsed=57}}
2022-11-23 12:07:34,135 [DatanodeAdminManager-0] INFO  node.DatanodeAdminMonitorImpl (DatanodeAdminMonitorImpl.java:checkContainersReplicatedOnNode(356)) - Under Replicated Container #1 Container State: QUASI_CLOSED Replica Count: 3 Healthy Count: 0 Decommission Count: 0 Maintenance Count: 3 inFlightAdd Count: 0 inFightDel Count: 0 ReplicationFactor: 3 minMaintenance Count: 2; Replicas{ContainerReplica{containerID=#1, state=QUASI_CLOSED, datanodeDetails=2770806d-009d-48da-9d50-3d9453a3ad96{ip: 10.1.0.13, host: fv-az105-298.wy5h1aom0jgehahef1oyr10hrc.bx.internal.cloudapp.net, ports: [REPLICATION=42903, RATIS=41085, RATIS_ADMIN=41085, RATIS_SERVER=41085, STANDALONE=41997], networkLocation: /default-rack, certSerialId: null, persistedOpState: ENTERING_MAINTENANCE, persistedOpStateExpiryEpochSec: 0}, placeOfBirth=2770806d-009d-48da-9d50-3d9453a3ad96, sequenceId=37, keyCount=4, bytesUsed=76},ContainerReplica{containerID=#1, state=QUASI_CLOSED, datanodeDetails=2f53493c-3a9e-4904-8cf8-ac1f6fb0520e{ip: 10.1.0.13, host: fv-az105-298.wy5h1aom0jgehahef1oyr10hrc.bx.internal.cloudapp.net, ports: [REPLICATION=43097, RATIS=43085, RATIS_ADMIN=43085, RATIS_SERVER=43085, STANDALONE=37821], networkLocation: /default-rack, certSerialId: null, persistedOpState: ENTERING_MAINTENANCE, persistedOpStateExpiryEpochSec: 0}, placeOfBirth=2f53493c-3a9e-4904-8cf8-ac1f6fb0520e, sequenceId=37, keyCount=4, bytesUsed=76},ContainerReplica{containerID=#1, state=QUASI_CLOSED, datanodeDetails=f22cc5c0-3e38-414a-900c-2421eb232dd6{ip: 10.1.0.13, host: fv-az105-298.wy5h1aom0jgehahef1oyr10hrc.bx.internal.cloudapp.net, ports: [REPLICATION=33553, RATIS=38335, RATIS_ADMIN=38335, RATIS_SERVER=38335, STANDALONE=33109], networkLocation: /default-rack, certSerialId: null, persistedOpState: ENTERING_MAINTENANCE, persistedOpStateExpiryEpochSec: 0}, placeOfBirth=f22cc5c0-3e38-414a-900c-2421eb232dd6, sequenceId=37, keyCount=4, bytesUsed=76}}
2022-11-23 12:07:34,136 [DatanodeAdminManager-0] INFO  node.DatanodeAdminMonitorImpl (DatanodeAdminMonitorImpl.java:checkContainersReplicatedOnNode(356)) - Under Replicated Container #3 Container State: QUASI_CLOSED Replica Count: 3 Healthy Count: 0 Decommission Count: 0 Maintenance Count: 3 inFlightAdd Count: 0 inFightDel Count: 0 ReplicationFactor: 3 minMaintenance Count: 2; Replicas{ContainerReplica{containerID=#3, state=QUASI_CLOSED, datanodeDetails=2770806d-009d-48da-9d50-3d9453a3ad96{ip: 10.1.0.13, host: fv-az105-298.wy5h1aom0jgehahef1oyr10hrc.bx.internal.cloudapp.net, ports: [REPLICATION=42903, RATIS=41085, RATIS_ADMIN=41085, RATIS_SERVER=41085, STANDALONE=41997], networkLocation: /default-rack, certSerialId: null, persistedOpState: ENTERING_MAINTENANCE, persistedOpStateExpiryEpochSec: 0}, placeOfBirth=2770806d-009d-48da-9d50-3d9453a3ad96, sequenceId=30, keyCount=3, bytesUsed=57},ContainerReplica{containerID=#3, state=QUASI_CLOSED, datanodeDetails=2f53493c-3a9e-4904-8cf8-ac1f6fb0520e{ip: 10.1.0.13, host: fv-az105-298.wy5h1aom0jgehahef1oyr10hrc.bx.internal.cloudapp.net, ports: [REPLICATION=43097, RATIS=43085, RATIS_ADMIN=43085, RATIS_SERVER=43085, STANDALONE=37821], networkLocation: /default-rack, certSerialId: null, persistedOpState: ENTERING_MAINTENANCE, persistedOpStateExpiryEpochSec: 0}, placeOfBirth=2f53493c-3a9e-4904-8cf8-ac1f6fb0520e, sequenceId=30, keyCount=3, bytesUsed=57},ContainerReplica{containerID=#3, state=QUASI_CLOSED, datanodeDetails=f22cc5c0-3e38-414a-900c-2421eb232dd6{ip: 10.1.0.13, host: fv-az105-298.wy5h1aom0jgehahef1oyr10hrc.bx.internal.cloudapp.net, ports: [REPLICATION=33553, RATIS=38335, RATIS_ADMIN=38335, RATIS_SERVER=38335, STANDALONE=33109], networkLocation: /default-rack, certSerialId: null, persistedOpState: ENTERING_MAINTENANCE, persistedOpStateExpiryEpochSec: 0}, placeOfBirth=f22cc5c0-3e38-414a-900c-2421eb232dd6, sequenceId=30, keyCount=3, bytesUsed=57}}
2022-11-23 12:07:34,136 [DatanodeAdminManager-0] INFO  node.DatanodeAdminMonitorImpl (DatanodeAdminMonitorImpl.java:checkContainersReplicatedOnNode(377)) - f22cc5c0-3e38-414a-900c-2421eb232dd6{ip: 10.1.0.13, host: fv-az105-298.wy5h1aom0jgehahef1oyr10hrc.bx.internal.cloudapp.net, ports: [REPLICATION=33553, RATIS=38335, RATIS_ADMIN=38335, RATIS_SERVER=38335, STANDALONE=33109], networkLocation: /default-rack, certSerialId: null, persistedOpState: ENTERING_MAINTENANCE, persistedOpStateExpiryEpochSec: 0} has 0 sufficientlyReplicated, 3 underReplicated and 0 unhealthy containers
2022-11-23 12:07:34,136 [DatanodeAdminManager-0] INFO  node.DatanodeAdminMonitorImpl (DatanodeAdminMonitorImpl.java:checkContainersReplicatedOnNode(356)) - Under Replicated Container #6 Container State: QUASI_CLOSED Replica Count: 3 Healthy Count: 0 Decommission Count: 0 Maintenance Count: 3 inFlightAdd Count: 0 inFightDel Count: 0 ReplicationFactor: 3 minMaintenance Count: 2; Replicas{ContainerReplica{containerID=#6, state=QUASI_CLOSED, datanodeDetails=2f53493c-3a9e-4904-8cf8-ac1f6fb0520e{ip: 10.1.0.13, host: fv-az105-298.wy5h1aom0jgehahef1oyr10hrc.bx.internal.cloudapp.net, ports: [REPLICATION=43097, RATIS=43085, RATIS_ADMIN=43085, RATIS_SERVER=43085, STANDALONE=37821], networkLocation: /default-rack, certSerialId: null, persistedOpState: ENTERING_MAINTENANCE, persistedOpStateExpiryEpochSec: 0}, placeOfBirth=2f53493c-3a9e-4904-8cf8-ac1f6fb0520e, sequenceId=33, keyCount=3, bytesUsed=57},ContainerReplica{containerID=#6, state=QUASI_CLOSED, datanodeDetails=f22cc5c0-3e38-414a-900c-2421eb232dd6{ip: 10.1.0.13, host: fv-az105-298.wy5h1aom0jgehahef1oyr10hrc.bx.internal.cloudapp.net, ports: [REPLICATION=33553, RATIS=38335, RATIS_ADMIN=38335, RATIS_SERVER=38335, STANDALONE=33109], networkLocation: /default-rack, certSerialId: null, persistedOpState: ENTERING_MAINTENANCE, persistedOpStateExpiryEpochSec: 0}, placeOfBirth=f22cc5c0-3e38-414a-900c-2421eb232dd6, sequenceId=33, keyCount=3, bytesUsed=57},ContainerReplica{containerID=#6, state=QUASI_CLOSED, datanodeDetails=2770806d-009d-48da-9d50-3d9453a3ad96{ip: 10.1.0.13, host: fv-az105-298.wy5h1aom0jgehahef1oyr10hrc.bx.internal.cloudapp.net, ports: [REPLICATION=42903, RATIS=41085, RATIS_ADMIN=41085, RATIS_SERVER=41085, STANDALONE=41997], networkLocation: /default-rack, certSerialId: null, persistedOpState: ENTERING_MAINTENANCE, persistedOpStateExpiryEpochSec: 0}, placeOfBirth=2770806d-009d-48da-9d50-3d9453a3ad96, sequenceId=33, keyCount=3, bytesUsed=57}}
2022-11-23 12:07:34,136 [DatanodeAdminManager-0] INFO  node.DatanodeAdminMonitorImpl (DatanodeAdminMonitorImpl.java:checkContainersReplicatedOnNode(356)) - Under Replicated Container #1 Container State: QUASI_CLOSED Replica Count: 3 Healthy Count: 0 Decommission Count: 0 Maintenance Count: 3 inFlightAdd Count: 0 inFightDel Count: 0 ReplicationFactor: 3 minMaintenance Count: 2; Replicas{ContainerReplica{containerID=#1, state=QUASI_CLOSED, datanodeDetails=2770806d-009d-48da-9d50-3d9453a3ad96{ip: 10.1.0.13, host: fv-az105-298.wy5h1aom0jgehahef1oyr10hrc.bx.internal.cloudapp.net, ports: [REPLICATION=42903, RATIS=41085, RATIS_ADMIN=41085, RATIS_SERVER=41085, STANDALONE=41997], networkLocation: /default-rack, certSerialId: null, persistedOpState: ENTERING_MAINTENANCE, persistedOpStateExpiryEpochSec: 0}, placeOfBirth=2770806d-009d-48da-9d50-3d9453a3ad96, sequenceId=37, keyCount=4, bytesUsed=76},ContainerReplica{containerID=#1, state=QUASI_CLOSED, datanodeDetails=2f53493c-3a9e-4904-8cf8-ac1f6fb0520e{ip: 10.1.0.13, host: fv-az105-298.wy5h1aom0jgehahef1oyr10hrc.bx.internal.cloudapp.net, ports: [REPLICATION=43097, RATIS=43085, RATIS_ADMIN=43085, RATIS_SERVER=43085, STANDALONE=37821], networkLocation: /default-rack, certSerialId: null, persistedOpState: ENTERING_MAINTENANCE, persistedOpStateExpiryEpochSec: 0}, placeOfBirth=2f53493c-3a9e-4904-8cf8-ac1f6fb0520e, sequenceId=37, keyCount=4, bytesUsed=76},ContainerReplica{containerID=#1, state=QUASI_CLOSED, datanodeDetails=f22cc5c0-3e38-414a-900c-2421eb232dd6{ip: 10.1.0.13, host: fv-az105-298.wy5h1aom0jgehahef1oyr10hrc.bx.internal.cloudapp.net, ports: [REPLICATION=33553, RATIS=38335, RATIS_ADMIN=38335, RATIS_SERVER=38335, STANDALONE=33109], networkLocation: /default-rack, certSerialId: null, persistedOpState: ENTERING_MAINTENANCE, persistedOpStateExpiryEpochSec: 0}, placeOfBirth=f22cc5c0-3e38-414a-900c-2421eb232dd6, sequenceId=37, keyCount=4, bytesUsed=76}}
2022-11-23 12:07:34,136 [DatanodeAdminManager-0] INFO  node.DatanodeAdminMonitorImpl (DatanodeAdminMonitorImpl.java:checkContainersReplicatedOnNode(356)) - Under Replicated Container #3 Container State: QUASI_CLOSED Replica Count: 3 Healthy Count: 0 Decommission Count: 0 Maintenance Count: 3 inFlightAdd Count: 0 inFightDel Count: 0 ReplicationFactor: 3 minMaintenance Count: 2; Replicas{ContainerReplica{containerID=#3, state=QUASI_CLOSED, datanodeDetails=2770806d-009d-48da-9d50-3d9453a3ad96{ip: 10.1.0.13, host: fv-az105-298.wy5h1aom0jgehahef1oyr10hrc.bx.internal.cloudapp.net, ports: [REPLICATION=42903, RATIS=41085, RATIS_ADMIN=41085, RATIS_SERVER=41085, STANDALONE=41997], networkLocation: /default-rack, certSerialId: null, persistedOpState: ENTERING_MAINTENANCE, persistedOpStateExpiryEpochSec: 0}, placeOfBirth=2770806d-009d-48da-9d50-3d9453a3ad96, sequenceId=30, keyCount=3, bytesUsed=57},ContainerReplica{containerID=#3, state=QUASI_CLOSED, datanodeDetails=2f53493c-3a9e-4904-8cf8-ac1f6fb0520e{ip: 10.1.0.13, host: fv-az105-298.wy5h1aom0jgehahef1oyr10hrc.bx.internal.cloudapp.net, ports: [REPLICATION=43097, RATIS=43085, RATIS_ADMIN=43085, RATIS_SERVER=43085, STANDALONE=37821], networkLocation: /default-rack, certSerialId: null, persistedOpState: ENTERING_MAINTENANCE, persistedOpStateExpiryEpochSec: 0}, placeOfBirth=2f53493c-3a9e-4904-8cf8-ac1f6fb0520e, sequenceId=30, keyCount=3, bytesUsed=57},ContainerReplica{containerID=#3, state=QUASI_CLOSED, datanodeDetails=f22cc5c0-3e38-414a-900c-2421eb232dd6{ip: 10.1.0.13, host: fv-az105-298.wy5h1aom0jgehahef1oyr10hrc.bx.internal.cloudapp.net, ports: [REPLICATION=33553, RATIS=38335, RATIS_ADMIN=38335, RATIS_SERVER=38335, STANDALONE=33109], networkLocation: /default-rack, certSerialId: null, persistedOpState: ENTERING_MAINTENANCE, persistedOpStateExpiryEpochSec: 0}, placeOfBirth=f22cc5c0-3e38-414a-900c-2421eb232dd6, sequenceId=30, keyCount=3, bytesUsed=57}}
2022-11-23 12:07:34,136 [DatanodeAdminManager-0] INFO  node.DatanodeAdminMonitorImpl (DatanodeAdminMonitorImpl.java:checkContainersReplicatedOnNode(377)) - 2770806d-009d-48da-9d50-3d9453a3ad96{ip: 10.1.0.13, host: fv-az105-298.wy5h1aom0jgehahef1oyr10hrc.bx.internal.cloudapp.net, ports: [REPLICATION=42903, RATIS=41085, RATIS_ADMIN=41085, RATIS_SERVER=41085, STANDALONE=41997], networkLocation: /default-rack, certSerialId: null, persistedOpState: ENTERING_MAINTENANCE, persistedOpStateExpiryEpochSec: 0} has 0 sufficientlyReplicated, 3 underReplicated and 0 unhealthy containers
2022-11-23 12:07:34,136 [DatanodeAdminManager-0] INFO  node.DatanodeAdminMonitorImpl (DatanodeAdminMonitorImpl.java:checkContainersReplicatedOnNode(356)) - Under Replicated Container #6 Container State: QUASI_CLOSED Replica Count: 3 Healthy Count: 0 Decommission Count: 0 Maintenance Count: 3 inFlightAdd Count: 0 inFightDel Count: 0 ReplicationFactor: 3 minMaintenance Count: 2; Replicas{ContainerReplica{containerID=#6, state=QUASI_CLOSED, datanodeDetails=2f53493c-3a9e-4904-8cf8-ac1f6fb0520e{ip: 10.1.0.13, host: fv-az105-298.wy5h1aom0jgehahef1oyr10hrc.bx.internal.cloudapp.net, ports: [REPLICATION=43097, RATIS=43085, RATIS_ADMIN=43085, RATIS_SERVER=43085, STANDALONE=37821], networkLocation: /default-rack, certSerialId: null, persistedOpState: ENTERING_MAINTENANCE, persistedOpStateExpiryEpochSec: 0}, placeOfBirth=2f53493c-3a9e-4904-8cf8-ac1f6fb0520e, sequenceId=33, keyCount=3, bytesUsed=57},ContainerReplica{containerID=#6, state=QUASI_CLOSED, datanodeDetails=f22cc5c0-3e38-414a-900c-2421eb232dd6{ip: 10.1.0.13, host: fv-az105-298.wy5h1aom0jgehahef1oyr10hrc.bx.internal.cloudapp.net, ports: [REPLICATION=33553, RATIS=38335, RATIS_ADMIN=38335, RATIS_SERVER=38335, STANDALONE=33109], networkLocation: /default-rack, certSerialId: null, persistedOpState: ENTERING_MAINTENANCE, persistedOpStateExpiryEpochSec: 0}, placeOfBirth=f22cc5c0-3e38-414a-900c-2421eb232dd6, sequenceId=33, keyCount=3, bytesUsed=57},ContainerReplica{containerID=#6, state=QUASI_CLOSED, datanodeDetails=2770806d-009d-48da-9d50-3d9453a3ad96{ip: 10.1.0.13, host: fv-az105-298.wy5h1aom0jgehahef1oyr10hrc.bx.internal.cloudapp.net, ports: [REPLICATION=42903, RATIS=41085, RATIS_ADMIN=41085, RATIS_SERVER=41085, STANDALONE=41997], networkLocation: /default-rack, certSerialId: null, persistedOpState: ENTERING_MAINTENANCE, persistedOpStateExpiryEpochSec: 0}, placeOfBirth=2770806d-009d-48da-9d50-3d9453a3ad96, sequenceId=33, keyCount=3, bytesUsed=57}}
2022-11-23 12:07:34,136 [DatanodeAdminManager-0] INFO  node.DatanodeAdminMonitorImpl (DatanodeAdminMonitorImpl.java:checkContainersReplicatedOnNode(356)) - Under Replicated Container #1 Container State: QUASI_CLOSED Replica Count: 3 Healthy Count: 0 Decommission Count: 0 Maintenance Count: 3 inFlightAdd Count: 0 inFightDel Count: 0 ReplicationFactor: 3 minMaintenance Count: 2; Replicas{ContainerReplica{containerID=#1, state=QUASI_CLOSED, datanodeDetails=2770806d-009d-48da-9d50-3d9453a3ad96{ip: 10.1.0.13, host: fv-az105-298.wy5h1aom0jgehahef1oyr10hrc.bx.internal.cloudapp.net, ports: [REPLICATION=42903, RATIS=41085, RATIS_ADMIN=41085, RATIS_SERVER=41085, STANDALONE=41997], networkLocation: /default-rack, certSerialId: null, persistedOpState: ENTERING_MAINTENANCE, persistedOpStateExpiryEpochSec: 0}, placeOfBirth=2770806d-009d-48da-9d50-3d9453a3ad96, sequenceId=37, keyCount=4, bytesUsed=76},ContainerReplica{containerID=#1, state=QUASI_CLOSED, datanodeDetails=2f53493c-3a9e-4904-8cf8-ac1f6fb0520e{ip: 10.1.0.13, host: fv-az105-298.wy5h1aom0jgehahef1oyr10hrc.bx.internal.cloudapp.net, ports: [REPLICATION=43097, RATIS=43085, RATIS_ADMIN=43085, RATIS_SERVER=43085, STANDALONE=37821], networkLocation: /default-rack, certSerialId: null, persistedOpState: ENTERING_MAINTENANCE, persistedOpStateExpiryEpochSec: 0}, placeOfBirth=2f53493c-3a9e-4904-8cf8-ac1f6fb0520e, sequenceId=37, keyCount=4, bytesUsed=76},ContainerReplica{containerID=#1, state=QUASI_CLOSED, datanodeDetails=f22cc5c0-3e38-414a-900c-2421eb232dd6{ip: 10.1.0.13, host: fv-az105-298.wy5h1aom0jgehahef1oyr10hrc.bx.internal.cloudapp.net, ports: [REPLICATION=33553, RATIS=38335, RATIS_ADMIN=38335, RATIS_SERVER=38335, STANDALONE=33109], networkLocation: /default-rack, certSerialId: null, persistedOpState: ENTERING_MAINTENANCE, persistedOpStateExpiryEpochSec: 0}, placeOfBirth=f22cc5c0-3e38-414a-900c-2421eb232dd6, sequenceId=37, keyCount=4, bytesUsed=76}}
2022-11-23 12:07:34,136 [DatanodeAdminManager-0] INFO  node.DatanodeAdminMonitorImpl (DatanodeAdminMonitorImpl.java:checkContainersReplicatedOnNode(356)) - Under Replicated Container #3 Container State: QUASI_CLOSED Replica Count: 3 Healthy Count: 0 Decommission Count: 0 Maintenance Count: 3 inFlightAdd Count: 0 inFightDel Count: 0 ReplicationFactor: 3 minMaintenance Count: 2; Replicas{ContainerReplica{containerID=#3, state=QUASI_CLOSED, datanodeDetails=2770806d-009d-48da-9d50-3d9453a3ad96{ip: 10.1.0.13, host: fv-az105-298.wy5h1aom0jgehahef1oyr10hrc.bx.internal.cloudapp.net, ports: [REPLICATION=42903, RATIS=41085, RATIS_ADMIN=41085, RATIS_SERVER=41085, STANDALONE=41997], networkLocation: /default-rack, certSerialId: null, persistedOpState: ENTERING_MAINTENANCE, persistedOpStateExpiryEpochSec: 0}, placeOfBirth=2770806d-009d-48da-9d50-3d9453a3ad96, sequenceId=30, keyCount=3, bytesUsed=57},ContainerReplica{containerID=#3, state=QUASI_CLOSED, datanodeDetails=2f53493c-3a9e-4904-8cf8-ac1f6fb0520e{ip: 10.1.0.13, host: fv-az105-298.wy5h1aom0jgehahef1oyr10hrc.bx.internal.cloudapp.net, ports: [REPLICATION=43097, RATIS=43085, RATIS_ADMIN=43085, RATIS_SERVER=43085, STANDALONE=37821], networkLocation: /default-rack, certSerialId: null, persistedOpState: ENTERING_MAINTENANCE, persistedOpStateExpiryEpochSec: 0}, placeOfBirth=2f53493c-3a9e-4904-8cf8-ac1f6fb0520e, sequenceId=30, keyCount=3, bytesUsed=57},ContainerReplica{containerID=#3, state=QUASI_CLOSED, datanodeDetails=f22cc5c0-3e38-414a-900c-2421eb232dd6{ip: 10.1.0.13, host: fv-az105-298.wy5h1aom0jgehahef1oyr10hrc.bx.internal.cloudapp.net, ports: [REPLICATION=33553, RATIS=38335, RATIS_ADMIN=38335, RATIS_SERVER=38335, STANDALONE=33109], networkLocation: /default-rack, certSerialId: null, persistedOpState: ENTERING_MAINTENANCE, persistedOpStateExpiryEpochSec: 0}, placeOfBirth=f22cc5c0-3e38-414a-900c-2421eb232dd6, sequenceId=30, keyCount=3, bytesUsed=57}}
2022-11-23 12:07:34,136 [DatanodeAdminManager-0] INFO  node.DatanodeAdminMonitorImpl (DatanodeAdminMonitorImpl.java:checkContainersReplicatedOnNode(377)) - 2f53493c-3a9e-4904-8cf8-ac1f6fb0520e{ip: 10.1.0.13, host: fv-az105-298.wy5h1aom0jgehahef1oyr10hrc.bx.internal.cloudapp.net, ports: [REPLICATION=43097, RATIS=43085, RATIS_ADMIN=43085, RATIS_SERVER=43085, STANDALONE=37821], networkLocation: /default-rack, certSerialId: null, persistedOpState: ENTERING_MAINTENANCE, persistedOpStateExpiryEpochSec: 0} has 0 sufficientlyReplicated, 3 underReplicated and 0 unhealthy containers
2022-11-23 12:07:34,136 [DatanodeAdminManager-0] INFO  node.DatanodeAdminMonitorImpl (DatanodeAdminMonitorImpl.java:run(169)) - There are 3 nodes tracked for decommission and maintenance.  0 pending nodes.
2022-11-23 12:07:34,168 [ReplicationMonitor] INFO  replication.ReplicationManager (ReplicationManager.java:processAll(322)) - Replication Manager is not ready to run until 3000ms after safemode exit
2022-11-23 12:07:34,663 [Under Replicated Processor] INFO  replication.UnderReplicatedProcessor (UnderReplicatedProcessor.java:processAll(79)) - Processed 0 under replicated containers, failed processing 0
2022-11-23 12:07:34,663 [Over Replicated Processor] INFO  replication.OverReplicatedProcessor (OverReplicatedProcessor.java:processAll(79)) - Processed 0 over replicated containers, failed processing 0
2022-11-23 12:07:34,663 [ReplicationMonitor] INFO  replication.ReplicationManager (ReplicationManager.java:processAll(355)) - Replication Monitor Thread took 0 milliseconds for processing 0 containers.
2022-11-23 12:07:35,135 [DatanodeAdminManager-0] INFO  node.DatanodeAdminMonitorImpl (DatanodeAdminMonitorImpl.java:checkContainersReplicatedOnNode(356)) - Under Replicated Container #6 Container State: QUASI_CLOSED Replica Count: 3 Healthy Count: 0 Decommission Count: 0 Maintenance Count: 3 inFlightAdd Count: 0 inFightDel Count: 0 ReplicationFactor: 3 minMaintenance Count: 2; Replicas{ContainerReplica{containerID=#6, state=QUASI_CLOSED, datanodeDetails=2f53493c-3a9e-4904-8cf8-ac1f6fb0520e{ip: 10.1.0.13, host: fv-az105-298.wy5h1aom0jgehahef1oyr10hrc.bx.internal.cloudapp.net, ports: [REPLICATION=43097, RATIS=43085, RATIS_ADMIN=43085, RATIS_SERVER=43085, STANDALONE=37821], networkLocation: /default-rack, certSerialId: null, persistedOpState: ENTERING_MAINTENANCE, persistedOpStateExpiryEpochSec: 0}, placeOfBirth=2f53493c-3a9e-4904-8cf8-ac1f6fb0520e, sequenceId=33, keyCount=3, bytesUsed=57},ContainerReplica{containerID=#6, state=QUASI_CLOSED, datanodeDetails=f22cc5c0-3e38-414a-900c-2421eb232dd6{ip: 10.1.0.13, host: fv-az105-298.wy5h1aom0jgehahef1oyr10hrc.bx.internal.cloudapp.net, ports: [REPLICATION=33553, RATIS=38335, RATIS_ADMIN=38335, RATIS_SERVER=38335, STANDALONE=33109], networkLocation: /default-rack, certSerialId: null, persistedOpState: ENTERING_MAINTENANCE, persistedOpStateExpiryEpochSec: 0}, placeOfBirth=f22cc5c0-3e38-414a-900c-2421eb232dd6, sequenceId=33, keyCount=3, bytesUsed=57},ContainerReplica{containerID=#6, state=QUASI_CLOSED, datanodeDetails=2770806d-009d-48da-9d50-3d9453a3ad96{ip: 10.1.0.13, host: fv-az105-298.wy5h1aom0jgehahef1oyr10hrc.bx.internal.cloudapp.net, ports: [REPLICATION=42903, RATIS=41085, RATIS_ADMIN=41085, RATIS_SERVER=41085, STANDALONE=41997], networkLocation: /default-rack, certSerialId: null, persistedOpState: ENTERING_MAINTENANCE, persistedOpStateExpiryEpochSec: 0}, placeOfBirth=2770806d-009d-48da-9d50-3d9453a3ad96, sequenceId=33, keyCount=3, bytesUsed=57}}
2022-11-23 12:07:35,135 [DatanodeAdminManager-0] INFO  node.DatanodeAdminMonitorImpl (DatanodeAdminMonitorImpl.java:checkContainersReplicatedOnNode(356)) - Under Replicated Container #1 Container State: QUASI_CLOSED Replica Count: 3 Healthy Count: 0 Decommission Count: 0 Maintenance Count: 3 inFlightAdd Count: 0 inFightDel Count: 0 ReplicationFactor: 3 minMaintenance Count: 2; Replicas{ContainerReplica{containerID=#1, state=QUASI_CLOSED, datanodeDetails=2770806d-009d-48da-9d50-3d9453a3ad96{ip: 10.1.0.13, host: fv-az105-298.wy5h1aom0jgehahef1oyr10hrc.bx.internal.cloudapp.net, ports: [REPLICATION=42903, RATIS=41085, RATIS_ADMIN=41085, RATIS_SERVER=41085, STANDALONE=41997], networkLocation: /default-rack, certSerialId: null, persistedOpState: ENTERING_MAINTENANCE, persistedOpStateExpiryEpochSec: 0}, placeOfBirth=2770806d-009d-48da-9d50-3d9453a3ad96, sequenceId=37, keyCount=4, bytesUsed=76},ContainerReplica{containerID=#1, state=QUASI_CLOSED, datanodeDetails=2f53493c-3a9e-4904-8cf8-ac1f6fb0520e{ip: 10.1.0.13, host: fv-az105-298.wy5h1aom0jgehahef1oyr10hrc.bx.internal.cloudapp.net, ports: [REPLICATION=43097, RATIS=43085, RATIS_ADMIN=43085, RATIS_SERVER=43085, STANDALONE=37821], networkLocation: /default-rack, certSerialId: null, persistedOpState: ENTERING_MAINTENANCE, persistedOpStateExpiryEpochSec: 0}, placeOfBirth=2f53493c-3a9e-4904-8cf8-ac1f6fb0520e, sequenceId=37, keyCount=4, bytesUsed=76},ContainerReplica{containerID=#1, state=QUASI_CLOSED, datanodeDetails=f22cc5c0-3e38-414a-900c-2421eb232dd6{ip: 10.1.0.13, host: fv-az105-298.wy5h1aom0jgehahef1oyr10hrc.bx.internal.cloudapp.net, ports: [REPLICATION=33553, RATIS=38335, RATIS_ADMIN=38335, RATIS_SERVER=38335, STANDALONE=33109], networkLocation: /default-rack, certSerialId: null, persistedOpState: ENTERING_MAINTENANCE, persistedOpStateExpiryEpochSec: 0}, placeOfBirth=f22cc5c0-3e38-414a-900c-2421eb232dd6, sequenceId=37, keyCount=4, bytesUsed=76}}
2022-11-23 12:07:35,136 [DatanodeAdminManager-0] INFO  node.DatanodeAdminMonitorImpl (DatanodeAdminMonitorImpl.java:checkContainersReplicatedOnNode(356)) - Under Replicated Container #3 Container State: QUASI_CLOSED Replica Count: 3 Healthy Count: 0 Decommission Count: 0 Maintenance Count: 3 inFlightAdd Count: 0 inFightDel Count: 0 ReplicationFactor: 3 minMaintenance Count: 2; Replicas{ContainerReplica{containerID=#3, state=QUASI_CLOSED, datanodeDetails=2770806d-009d-48da-9d50-3d9453a3ad96{ip: 10.1.0.13, host: fv-az105-298.wy5h1aom0jgehahef1oyr10hrc.bx.internal.cloudapp.net, ports: [REPLICATION=42903, RATIS=41085, RATIS_ADMIN=41085, RATIS_SERVER=41085, STANDALONE=41997], networkLocation: /default-rack, certSerialId: null, persistedOpState: ENTERING_MAINTENANCE, persistedOpStateExpiryEpochSec: 0}, placeOfBirth=2770806d-009d-48da-9d50-3d9453a3ad96, sequenceId=30, keyCount=3, bytesUsed=57},ContainerReplica{containerID=#3, state=QUASI_CLOSED, datanodeDetails=2f53493c-3a9e-4904-8cf8-ac1f6fb0520e{ip: 10.1.0.13, host: fv-az105-298.wy5h1aom0jgehahef1oyr10hrc.bx.internal.cloudapp.net, ports: [REPLICATION=43097, RATIS=43085, RATIS_ADMIN=43085, RATIS_SERVER=43085, STANDALONE=37821], networkLocation: /default-rack, certSerialId: null, persistedOpState: ENTERING_MAINTENANCE, persistedOpStateExpiryEpochSec: 0}, placeOfBirth=2f53493c-3a9e-4904-8cf8-ac1f6fb0520e, sequenceId=30, keyCount=3, bytesUsed=57},ContainerReplica{containerID=#3, state=QUASI_CLOSED, datanodeDetails=f22cc5c0-3e38-414a-900c-2421eb232dd6{ip: 10.1.0.13, host: fv-az105-298.wy5h1aom0jgehahef1oyr10hrc.bx.internal.cloudapp.net, ports: [REPLICATION=33553, RATIS=38335, RATIS_ADMIN=38335, RATIS_SERVER=38335, STANDALONE=33109], networkLocation: /default-rack, certSerialId: null, persistedOpState: ENTERING_MAINTENANCE, persistedOpStateExpiryEpochSec: 0}, placeOfBirth=f22cc5c0-3e38-414a-900c-2421eb232dd6, sequenceId=30, keyCount=3, bytesUsed=57}}
2022-11-23 12:07:35,136 [DatanodeAdminManager-0] INFO  node.DatanodeAdminMonitorImpl (DatanodeAdminMonitorImpl.java:checkContainersReplicatedOnNode(377)) - f22cc5c0-3e38-414a-900c-2421eb232dd6{ip: 10.1.0.13, host: fv-az105-298.wy5h1aom0jgehahef1oyr10hrc.bx.internal.cloudapp.net, ports: [REPLICATION=33553, RATIS=38335, RATIS_ADMIN=38335, RATIS_SERVER=38335, STANDALONE=33109], networkLocation: /default-rack, certSerialId: null, persistedOpState: ENTERING_MAINTENANCE, persistedOpStateExpiryEpochSec: 0} has 0 sufficientlyReplicated, 3 underReplicated and 0 unhealthy containers
2022-11-23 12:07:35,136 [DatanodeAdminManager-0] INFO  node.DatanodeAdminMonitorImpl (DatanodeAdminMonitorImpl.java:checkContainersReplicatedOnNode(356)) - Under Replicated Container #6 Container State: QUASI_CLOSED Replica Count: 3 Healthy Count: 0 Decommission Count: 0 Maintenance Count: 3 inFlightAdd Count: 0 inFightDel Count: 0 ReplicationFactor: 3 minMaintenance Count: 2; Replicas{ContainerReplica{containerID=#6, state=QUASI_CLOSED, datanodeDetails=2f53493c-3a9e-4904-8cf8-ac1f6fb0520e{ip: 10.1.0.13, host: fv-az105-298.wy5h1aom0jgehahef1oyr10hrc.bx.internal.cloudapp.net, ports: [REPLICATION=43097, RATIS=43085, RATIS_ADMIN=43085, RATIS_SERVER=43085, STANDALONE=37821], networkLocation: /default-rack, certSerialId: null, persistedOpState: ENTERING_MAINTENANCE, persistedOpStateExpiryEpochSec: 0}, placeOfBirth=2f53493c-3a9e-4904-8cf8-ac1f6fb0520e, sequenceId=33, keyCount=3, bytesUsed=57},ContainerReplica{containerID=#6, state=QUASI_CLOSED, datanodeDetails=f22cc5c0-3e38-414a-900c-2421eb232dd6{ip: 10.1.0.13, host: fv-az105-298.wy5h1aom0jgehahef1oyr10hrc.bx.internal.cloudapp.net, ports: [REPLICATION=33553, RATIS=38335, RATIS_ADMIN=38335, RATIS_SERVER=38335, STANDALONE=33109], networkLocation: /default-rack, certSerialId: null, persistedOpState: ENTERING_MAINTENANCE, persistedOpStateExpiryEpochSec: 0}, placeOfBirth=f22cc5c0-3e38-414a-900c-2421eb232dd6, sequenceId=33, keyCount=3, bytesUsed=57},ContainerReplica{containerID=#6, state=QUASI_CLOSED, datanodeDetails=2770806d-009d-48da-9d50-3d9453a3ad96{ip: 10.1.0.13, host: fv-az105-298.wy5h1aom0jgehahef1oyr10hrc.bx.internal.cloudapp.net, ports: [REPLICATION=42903, RATIS=41085, RATIS_ADMIN=41085, RATIS_SERVER=41085, STANDALONE=41997], networkLocation: /default-rack, certSerialId: null, persistedOpState: ENTERING_MAINTENANCE, persistedOpStateExpiryEpochSec: 0}, placeOfBirth=2770806d-009d-48da-9d50-3d9453a3ad96, sequenceId=33, keyCount=3, bytesUsed=57}}
2022-11-23 12:07:35,136 [DatanodeAdminManager-0] INFO  node.DatanodeAdminMonitorImpl (DatanodeAdminMonitorImpl.java:checkContainersReplicatedOnNode(356)) - Under Replicated Container #1 Container State: QUASI_CLOSED Replica Count: 3 Healthy Count: 0 Decommission Count: 0 Maintenance Count: 3 inFlightAdd Count: 0 inFightDel Count: 0 ReplicationFactor: 3 minMaintenance Count: 2; Replicas{ContainerReplica{containerID=#1, state=QUASI_CLOSED, datanodeDetails=2770806d-009d-48da-9d50-3d9453a3ad96{ip: 10.1.0.13, host: fv-az105-298.wy5h1aom0jgehahef1oyr10hrc.bx.internal.cloudapp.net, ports: [REPLICATION=42903, RATIS=41085, RATIS_ADMIN=41085, RATIS_SERVER=41085, STANDALONE=41997], networkLocation: /default-rack, certSerialId: null, persistedOpState: ENTERING_MAINTENANCE, persistedOpStateExpiryEpochSec: 0}, placeOfBirth=2770806d-009d-48da-9d50-3d9453a3ad96, sequenceId=37, keyCount=4, bytesUsed=76},ContainerReplica{containerID=#1, state=QUASI_CLOSED, datanodeDetails=2f53493c-3a9e-4904-8cf8-ac1f6fb0520e{ip: 10.1.0.13, host: fv-az105-298.wy5h1aom0jgehahef1oyr10hrc.bx.internal.cloudapp.net, ports: [REPLICATION=43097, RATIS=43085, RATIS_ADMIN=43085, RATIS_SERVER=43085, STANDALONE=37821], networkLocation: /default-rack, certSerialId: null, persistedOpState: ENTERING_MAINTENANCE, persistedOpStateExpiryEpochSec: 0}, placeOfBirth=2f53493c-3a9e-4904-8cf8-ac1f6fb0520e, sequenceId=37, keyCount=4, bytesUsed=76},ContainerReplica{containerID=#1, state=QUASI_CLOSED, datanodeDetails=f22cc5c0-3e38-414a-900c-2421eb232dd6{ip: 10.1.0.13, host: fv-az105-298.wy5h1aom0jgehahef1oyr10hrc.bx.internal.cloudapp.net, ports: [REPLICATION=33553, RATIS=38335, RATIS_ADMIN=38335, RATIS_SERVER=38335, STANDALONE=33109], networkLocation: /default-rack, certSerialId: null, persistedOpState: ENTERING_MAINTENANCE, persistedOpStateExpiryEpochSec: 0}, placeOfBirth=f22cc5c0-3e38-414a-900c-2421eb232dd6, sequenceId=37, keyCount=4, bytesUsed=76}}
2022-11-23 12:07:35,136 [DatanodeAdminManager-0] INFO  node.DatanodeAdminMonitorImpl (DatanodeAdminMonitorImpl.java:checkContainersReplicatedOnNode(356)) - Under Replicated Container #3 Container State: QUASI_CLOSED Replica Count: 3 Healthy Count: 0 Decommission Count: 0 Maintenance Count: 3 inFlightAdd Count: 0 inFightDel Count: 0 ReplicationFactor: 3 minMaintenance Count: 2; Replicas{ContainerReplica{containerID=#3, state=QUASI_CLOSED, datanodeDetails=2770806d-009d-48da-9d50-3d9453a3ad96{ip: 10.1.0.13, host: fv-az105-298.wy5h1aom0jgehahef1oyr10hrc.bx.internal.cloudapp.net, ports: [REPLICATION=42903, RATIS=41085, RATIS_ADMIN=41085, RATIS_SERVER=41085, STANDALONE=41997], networkLocation: /default-rack, certSerialId: null, persistedOpState: ENTERING_MAINTENANCE, persistedOpStateExpiryEpochSec: 0}, placeOfBirth=2770806d-009d-48da-9d50-3d9453a3ad96, sequenceId=30, keyCount=3, bytesUsed=57},ContainerReplica{containerID=#3, state=QUASI_CLOSED, datanodeDetails=2f53493c-3a9e-4904-8cf8-ac1f6fb0520e{ip: 10.1.0.13, host: fv-az105-298.wy5h1aom0jgehahef1oyr10hrc.bx.internal.cloudapp.net, ports: [REPLICATION=43097, RATIS=43085, RATIS_ADMIN=43085, RATIS_SERVER=43085, STANDALONE=37821], networkLocation: /default-rack, certSerialId: null, persistedOpState: ENTERING_MAINTENANCE, persistedOpStateExpiryEpochSec: 0}, placeOfBirth=2f53493c-3a9e-4904-8cf8-ac1f6fb0520e, sequenceId=30, keyCount=3, bytesUsed=57},ContainerReplica{containerID=#3, state=QUASI_CLOSED, datanodeDetails=f22cc5c0-3e38-414a-900c-2421eb232dd6{ip: 10.1.0.13, host: fv-az105-298.wy5h1aom0jgehahef1oyr10hrc.bx.internal.cloudapp.net, ports: [REPLICATION=33553, RATIS=38335, RATIS_ADMIN=38335, RATIS_SERVER=38335, STANDALONE=33109], networkLocation: /default-rack, certSerialId: null, persistedOpState: ENTERING_MAINTENANCE, persistedOpStateExpiryEpochSec: 0}, placeOfBirth=f22cc5c0-3e38-414a-900c-2421eb232dd6, sequenceId=30, keyCount=3, bytesUsed=57}}
2022-11-23 12:07:35,136 [DatanodeAdminManager-0] INFO  node.DatanodeAdminMonitorImpl (DatanodeAdminMonitorImpl.java:checkContainersReplicatedOnNode(377)) - 2770806d-009d-48da-9d50-3d9453a3ad96{ip: 10.1.0.13, host: fv-az105-298.wy5h1aom0jgehahef1oyr10hrc.bx.internal.cloudapp.net, ports: [REPLICATION=42903, RATIS=41085, RATIS_ADMIN=41085, RATIS_SERVER=41085, STANDALONE=41997], networkLocation: /default-rack, certSerialId: null, persistedOpState: ENTERING_MAINTENANCE, persistedOpStateExpiryEpochSec: 0} has 0 sufficientlyReplicated, 3 underReplicated and 0 unhealthy containers
2022-11-23 12:07:35,136 [DatanodeAdminManager-0] INFO  node.DatanodeAdminMonitorImpl (DatanodeAdminMonitorImpl.java:checkContainersReplicatedOnNode(356)) - Under Replicated Container #6 Container State: QUASI_CLOSED Replica Count: 3 Healthy Count: 0 Decommission Count: 0 Maintenance Count: 3 inFlightAdd Count: 0 inFightDel Count: 0 ReplicationFactor: 3 minMaintenance Count: 2; Replicas{ContainerReplica{containerID=#6, state=QUASI_CLOSED, datanodeDetails=2f53493c-3a9e-4904-8cf8-ac1f6fb0520e{ip: 10.1.0.13, host: fv-az105-298.wy5h1aom0jgehahef1oyr10hrc.bx.internal.cloudapp.net, ports: [REPLICATION=43097, RATIS=43085, RATIS_ADMIN=43085, RATIS_SERVER=43085, STANDALONE=37821], networkLocation: /default-rack, certSerialId: null, persistedOpState: ENTERING_MAINTENANCE, persistedOpStateExpiryEpochSec: 0}, placeOfBirth=2f53493c-3a9e-4904-8cf8-ac1f6fb0520e, sequenceId=33, keyCount=3, bytesUsed=57},ContainerReplica{containerID=#6, state=QUASI_CLOSED, datanodeDetails=f22cc5c0-3e38-414a-900c-2421eb232dd6{ip: 10.1.0.13, host: fv-az105-298.wy5h1aom0jgehahef1oyr10hrc.bx.internal.cloudapp.net, ports: [REPLICATION=33553, RATIS=38335, RATIS_ADMIN=38335, RATIS_SERVER=38335, STANDALONE=33109], networkLocation: /default-rack, certSerialId: null, persistedOpState: ENTERING_MAINTENANCE, persistedOpStateExpiryEpochSec: 0}, placeOfBirth=f22cc5c0-3e38-414a-900c-2421eb232dd6, sequenceId=33, keyCount=3, bytesUsed=57},ContainerReplica{containerID=#6, state=QUASI_CLOSED, datanodeDetails=2770806d-009d-48da-9d50-3d9453a3ad96{ip: 10.1.0.13, host: fv-az105-298.wy5h1aom0jgehahef1oyr10hrc.bx.internal.cloudapp.net, ports: [REPLICATION=42903, RATIS=41085, RATIS_ADMIN=41085, RATIS_SERVER=41085, STANDALONE=41997], networkLocation: /default-rack, certSerialId: null, persistedOpState: ENTERING_MAINTENANCE, persistedOpStateExpiryEpochSec: 0}, placeOfBirth=2770806d-009d-48da-9d50-3d9453a3ad96, sequenceId=33, keyCount=3, bytesUsed=57}}
2022-11-23 12:07:35,136 [DatanodeAdminManager-0] INFO  node.DatanodeAdminMonitorImpl (DatanodeAdminMonitorImpl.java:checkContainersReplicatedOnNode(356)) - Under Replicated Container #1 Container State: QUASI_CLOSED Replica Count: 3 Healthy Count: 0 Decommission Count: 0 Maintenance Count: 3 inFlightAdd Count: 0 inFightDel Count: 0 ReplicationFactor: 3 minMaintenance Count: 2; Replicas{ContainerReplica{containerID=#1, state=QUASI_CLOSED, datanodeDetails=2770806d-009d-48da-9d50-3d9453a3ad96{ip: 10.1.0.13, host: fv-az105-298.wy5h1aom0jgehahef1oyr10hrc.bx.internal.cloudapp.net, ports: [REPLICATION=42903, RATIS=41085, RATIS_ADMIN=41085, RATIS_SERVER=41085, STANDALONE=41997], networkLocation: /default-rack, certSerialId: null, persistedOpState: ENTERING_MAINTENANCE, persistedOpStateExpiryEpochSec: 0}, placeOfBirth=2770806d-009d-48da-9d50-3d9453a3ad96, sequenceId=37, keyCount=4, bytesUsed=76},ContainerReplica{containerID=#1, state=QUASI_CLOSED, datanodeDetails=2f53493c-3a9e-4904-8cf8-ac1f6fb0520e{ip: 10.1.0.13, host: fv-az105-298.wy5h1aom0jgehahef1oyr10hrc.bx.internal.cloudapp.net, ports: [REPLICATION=43097, RATIS=43085, RATIS_ADMIN=43085, RATIS_SERVER=43085, STANDALONE=37821], networkLocation: /default-rack, certSerialId: null, persistedOpState: ENTERING_MAINTENANCE, persistedOpStateExpiryEpochSec: 0}, placeOfBirth=2f53493c-3a9e-4904-8cf8-ac1f6fb0520e, sequenceId=37, keyCount=4, bytesUsed=76},ContainerReplica{containerID=#1, state=QUASI_CLOSED, datanodeDetails=f22cc5c0-3e38-414a-900c-2421eb232dd6{ip: 10.1.0.13, host: fv-az105-298.wy5h1aom0jgehahef1oyr10hrc.bx.internal.cloudapp.net, ports: [REPLICATION=33553, RATIS=38335, RATIS_ADMIN=38335, RATIS_SERVER=38335, STANDALONE=33109], networkLocation: /default-rack, certSerialId: null, persistedOpState: ENTERING_MAINTENANCE, persistedOpStateExpiryEpochSec: 0}, placeOfBirth=f22cc5c0-3e38-414a-900c-2421eb232dd6, sequenceId=37, keyCount=4, bytesUsed=76}}
2022-11-23 12:07:35,136 [DatanodeAdminManager-0] INFO  node.DatanodeAdminMonitorImpl (DatanodeAdminMonitorImpl.java:checkContainersReplicatedOnNode(356)) - Under Replicated Container #3 Container State: QUASI_CLOSED Replica Count: 3 Healthy Count: 0 Decommission Count: 0 Maintenance Count: 3 inFlightAdd Count: 0 inFightDel Count: 0 ReplicationFactor: 3 minMaintenance Count: 2; Replicas{ContainerReplica{containerID=#3, state=QUASI_CLOSED, datanodeDetails=2770806d-009d-48da-9d50-3d9453a3ad96{ip: 10.1.0.13, host: fv-az105-298.wy5h1aom0jgehahef1oyr10hrc.bx.internal.cloudapp.net, ports: [REPLICATION=42903, RATIS=41085, RATIS_ADMIN=41085, RATIS_SERVER=41085, STANDALONE=41997], networkLocation: /default-rack, certSerialId: null, persistedOpState: ENTERING_MAINTENANCE, persistedOpStateExpiryEpochSec: 0}, placeOfBirth=2770806d-009d-48da-9d50-3d9453a3ad96, sequenceId=30, keyCount=3, bytesUsed=57},ContainerReplica{containerID=#3, state=QUASI_CLOSED, datanodeDetails=2f53493c-3a9e-4904-8cf8-ac1f6fb0520e{ip: 10.1.0.13, host: fv-az105-298.wy5h1aom0jgehahef1oyr10hrc.bx.internal.cloudapp.net, ports: [REPLICATION=43097, RATIS=43085, RATIS_ADMIN=43085, RATIS_SERVER=43085, STANDALONE=37821], networkLocation: /default-rack, certSerialId: null, persistedOpState: ENTERING_MAINTENANCE, persistedOpStateExpiryEpochSec: 0}, placeOfBirth=2f53493c-3a9e-4904-8cf8-ac1f6fb0520e, sequenceId=30, keyCount=3, bytesUsed=57},ContainerReplica{containerID=#3, state=QUASI_CLOSED, datanodeDetails=f22cc5c0-3e38-414a-900c-2421eb232dd6{ip: 10.1.0.13, host: fv-az105-298.wy5h1aom0jgehahef1oyr10hrc.bx.internal.cloudapp.net, ports: [REPLICATION=33553, RATIS=38335, RATIS_ADMIN=38335, RATIS_SERVER=38335, STANDALONE=33109], networkLocation: /default-rack, certSerialId: null, persistedOpState: ENTERING_MAINTENANCE, persistedOpStateExpiryEpochSec: 0}, placeOfBirth=f22cc5c0-3e38-414a-900c-2421eb232dd6, sequenceId=30, keyCount=3, bytesUsed=57}}
2022-11-23 12:07:35,136 [DatanodeAdminManager-0] INFO  node.DatanodeAdminMonitorImpl (DatanodeAdminMonitorImpl.java:checkContainersReplicatedOnNode(377)) - 2f53493c-3a9e-4904-8cf8-ac1f6fb0520e{ip: 10.1.0.13, host: fv-az105-298.wy5h1aom0jgehahef1oyr10hrc.bx.internal.cloudapp.net, ports: [REPLICATION=43097, RATIS=43085, RATIS_ADMIN=43085, RATIS_SERVER=43085, STANDALONE=37821], networkLocation: /default-rack, certSerialId: null, persistedOpState: ENTERING_MAINTENANCE, persistedOpStateExpiryEpochSec: 0} has 0 sufficientlyReplicated, 3 underReplicated and 0 unhealthy containers
2022-11-23 12:07:35,136 [DatanodeAdminManager-0] INFO  node.DatanodeAdminMonitorImpl (DatanodeAdminMonitorImpl.java:run(169)) - There are 3 nodes tracked for decommission and maintenance.  0 pending nodes.
2022-11-23 12:07:35,168 [ReplicationMonitor] INFO  replication.ReplicationManager (ReplicationManager.java:processAll(322)) - Replication Manager is not ready to run until 3000ms after safemode exit
2022-11-23 12:07:35,663 [Under Replicated Processor] INFO  replication.UnderReplicatedProcessor (UnderReplicatedProcessor.java:processAll(79)) - Processed 0 under replicated containers, failed processing 0
2022-11-23 12:07:35,663 [Over Replicated Processor] INFO  replication.OverReplicatedProcessor (OverReplicatedProcessor.java:processAll(79)) - Processed 0 over replicated containers, failed processing 0
2022-11-23 12:07:35,663 [ReplicationMonitor] INFO  replication.ReplicationManager (ReplicationManager.java:processAll(355)) - Replication Monitor Thread took 0 milliseconds for processing 0 containers.
2022-11-23 12:07:36,132 [Under Replicated Processor] INFO  replication.UnderReplicatedProcessor (UnderReplicatedProcessor.java:processAll(79)) - Processed 0 under replicated containers, failed processing 0
2022-11-23 12:07:36,136 [DatanodeAdminManager-0] INFO  node.DatanodeAdminMonitorImpl (DatanodeAdminMonitorImpl.java:checkContainersReplicatedOnNode(356)) - Under Replicated Container #6 Container State: QUASI_CLOSED Replica Count: 3 Healthy Count: 0 Decommission Count: 0 Maintenance Count: 3 inFlightAdd Count: 0 inFightDel Count: 0 ReplicationFactor: 3 minMaintenance Count: 2; Replicas{ContainerReplica{containerID=#6, state=QUASI_CLOSED, datanodeDetails=2f53493c-3a9e-4904-8cf8-ac1f6fb0520e{ip: 10.1.0.13, host: fv-az105-298.wy5h1aom0jgehahef1oyr10hrc.bx.internal.cloudapp.net, ports: [REPLICATION=43097, RATIS=43085, RATIS_ADMIN=43085, RATIS_SERVER=43085, STANDALONE=37821], networkLocation: /default-rack, certSerialId: null, persistedOpState: ENTERING_MAINTENANCE, persistedOpStateExpiryEpochSec: 0}, placeOfBirth=2f53493c-3a9e-4904-8cf8-ac1f6fb0520e, sequenceId=33, keyCount=3, bytesUsed=57},ContainerReplica{containerID=#6, state=QUASI_CLOSED, datanodeDetails=f22cc5c0-3e38-414a-900c-2421eb232dd6{ip: 10.1.0.13, host: fv-az105-298.wy5h1aom0jgehahef1oyr10hrc.bx.internal.cloudapp.net, ports: [REPLICATION=33553, RATIS=38335, RATIS_ADMIN=38335, RATIS_SERVER=38335, STANDALONE=33109], networkLocation: /default-rack, certSerialId: null, persistedOpState: ENTERING_MAINTENANCE, persistedOpStateExpiryEpochSec: 0}, placeOfBirth=f22cc5c0-3e38-414a-900c-2421eb232dd6, sequenceId=33, keyCount=3, bytesUsed=57},ContainerReplica{containerID=#6, state=QUASI_CLOSED, datanodeDetails=2770806d-009d-48da-9d50-3d9453a3ad96{ip: 10.1.0.13, host: fv-az105-298.wy5h1aom0jgehahef1oyr10hrc.bx.internal.cloudapp.net, ports: [REPLICATION=42903, RATIS=41085, RATIS_ADMIN=41085, RATIS_SERVER=41085, STANDALONE=41997], networkLocation: /default-rack, certSerialId: null, persistedOpState: ENTERING_MAINTENANCE, persistedOpStateExpiryEpochSec: 0}, placeOfBirth=2770806d-009d-48da-9d50-3d9453a3ad96, sequenceId=33, keyCount=3, bytesUsed=57}}
2022-11-23 12:07:36,137 [DatanodeAdminManager-0] INFO  node.DatanodeAdminMonitorImpl (DatanodeAdminMonitorImpl.java:checkContainersReplicatedOnNode(356)) - Under Replicated Container #1 Container State: QUASI_CLOSED Replica Count: 3 Healthy Count: 0 Decommission Count: 0 Maintenance Count: 3 inFlightAdd Count: 0 inFightDel Count: 0 ReplicationFactor: 3 minMaintenance Count: 2; Replicas{ContainerReplica{containerID=#1, state=QUASI_CLOSED, datanodeDetails=2770806d-009d-48da-9d50-3d9453a3ad96{ip: 10.1.0.13, host: fv-az105-298.wy5h1aom0jgehahef1oyr10hrc.bx.internal.cloudapp.net, ports: [REPLICATION=42903, RATIS=41085, RATIS_ADMIN=41085, RATIS_SERVER=41085, STANDALONE=41997], networkLocation: /default-rack, certSerialId: null, persistedOpState: ENTERING_MAINTENANCE, persistedOpStateExpiryEpochSec: 0}, placeOfBirth=2770806d-009d-48da-9d50-3d9453a3ad96, sequenceId=37, keyCount=4, bytesUsed=76},ContainerReplica{containerID=#1, state=QUASI_CLOSED, datanodeDetails=2f53493c-3a9e-4904-8cf8-ac1f6fb0520e{ip: 10.1.0.13, host: fv-az105-298.wy5h1aom0jgehahef1oyr10hrc.bx.internal.cloudapp.net, ports: [REPLICATION=43097, RATIS=43085, RATIS_ADMIN=43085, RATIS_SERVER=43085, STANDALONE=37821], networkLocation: /default-rack, certSerialId: null, persistedOpState: ENTERING_MAINTENANCE, persistedOpStateExpiryEpochSec: 0}, placeOfBirth=2f53493c-3a9e-4904-8cf8-ac1f6fb0520e, sequenceId=37, keyCount=4, bytesUsed=76},ContainerReplica{containerID=#1, state=QUASI_CLOSED, datanodeDetails=f22cc5c0-3e38-414a-900c-2421eb232dd6{ip: 10.1.0.13, host: fv-az105-298.wy5h1aom0jgehahef1oyr10hrc.bx.internal.cloudapp.net, ports: [REPLICATION=33553, RATIS=38335, RATIS_ADMIN=38335, RATIS_SERVER=38335, STANDALONE=33109], networkLocation: /default-rack, certSerialId: null, persistedOpState: ENTERING_MAINTENANCE, persistedOpStateExpiryEpochSec: 0}, placeOfBirth=f22cc5c0-3e38-414a-900c-2421eb232dd6, sequenceId=37, keyCount=4, bytesUsed=76}}
2022-11-23 12:07:36,137 [DatanodeAdminManager-0] INFO  node.DatanodeAdminMonitorImpl (DatanodeAdminMonitorImpl.java:checkContainersReplicatedOnNode(356)) - Under Replicated Container #3 Container State: QUASI_CLOSED Replica Count: 3 Healthy Count: 0 Decommission Count: 0 Maintenance Count: 3 inFlightAdd Count: 0 inFightDel Count: 0 ReplicationFactor: 3 minMaintenance Count: 2; Replicas{ContainerReplica{containerID=#3, state=QUASI_CLOSED, datanodeDetails=2770806d-009d-48da-9d50-3d9453a3ad96{ip: 10.1.0.13, host: fv-az105-298.wy5h1aom0jgehahef1oyr10hrc.bx.internal.cloudapp.net, ports: [REPLICATION=42903, RATIS=41085, RATIS_ADMIN=41085, RATIS_SERVER=41085, STANDALONE=41997], networkLocation: /default-rack, certSerialId: null, persistedOpState: ENTERING_MAINTENANCE, persistedOpStateExpiryEpochSec: 0}, placeOfBirth=2770806d-009d-48da-9d50-3d9453a3ad96, sequenceId=30, keyCount=3, bytesUsed=57},ContainerReplica{containerID=#3, state=QUASI_CLOSED, datanodeDetails=2f53493c-3a9e-4904-8cf8-ac1f6fb0520e{ip: 10.1.0.13, host: fv-az105-298.wy5h1aom0jgehahef1oyr10hrc.bx.internal.cloudapp.net, ports: [REPLICATION=43097, RATIS=43085, RATIS_ADMIN=43085, RATIS_SERVER=43085, STANDALONE=37821], networkLocation: /default-rack, certSerialId: null, persistedOpState: ENTERING_MAINTENANCE, persistedOpStateExpiryEpochSec: 0}, placeOfBirth=2f53493c-3a9e-4904-8cf8-ac1f6fb0520e, sequenceId=30, keyCount=3, bytesUsed=57},ContainerReplica{containerID=#3, state=QUASI_CLOSED, datanodeDetails=f22cc5c0-3e38-414a-900c-2421eb232dd6{ip: 10.1.0.13, host: fv-az105-298.wy5h1aom0jgehahef1oyr10hrc.bx.internal.cloudapp.net, ports: [REPLICATION=33553, RATIS=38335, RATIS_ADMIN=38335, RATIS_SERVER=38335, STANDALONE=33109], networkLocation: /default-rack, certSerialId: null, persistedOpState: ENTERING_MAINTENANCE, persistedOpStateExpiryEpochSec: 0}, placeOfBirth=f22cc5c0-3e38-414a-900c-2421eb232dd6, sequenceId=30, keyCount=3, bytesUsed=57}}
2022-11-23 12:07:36,137 [DatanodeAdminManager-0] INFO  node.DatanodeAdminMonitorImpl (DatanodeAdminMonitorImpl.java:checkContainersReplicatedOnNode(377)) - f22cc5c0-3e38-414a-900c-2421eb232dd6{ip: 10.1.0.13, host: fv-az105-298.wy5h1aom0jgehahef1oyr10hrc.bx.internal.cloudapp.net, ports: [REPLICATION=33553, RATIS=38335, RATIS_ADMIN=38335, RATIS_SERVER=38335, STANDALONE=33109], networkLocation: /default-rack, certSerialId: null, persistedOpState: ENTERING_MAINTENANCE, persistedOpStateExpiryEpochSec: 0} has 0 sufficientlyReplicated, 3 underReplicated and 0 unhealthy containers
2022-11-23 12:07:36,137 [DatanodeAdminManager-0] INFO  node.DatanodeAdminMonitorImpl (DatanodeAdminMonitorImpl.java:checkContainersReplicatedOnNode(356)) - Under Replicated Container #6 Container State: QUASI_CLOSED Replica Count: 3 Healthy Count: 0 Decommission Count: 0 Maintenance Count: 3 inFlightAdd Count: 0 inFightDel Count: 0 ReplicationFactor: 3 minMaintenance Count: 2; Replicas{ContainerReplica{containerID=#6, state=QUASI_CLOSED, datanodeDetails=2f53493c-3a9e-4904-8cf8-ac1f6fb0520e{ip: 10.1.0.13, host: fv-az105-298.wy5h1aom0jgehahef1oyr10hrc.bx.internal.cloudapp.net, ports: [REPLICATION=43097, RATIS=43085, RATIS_ADMIN=43085, RATIS_SERVER=43085, STANDALONE=37821], networkLocation: /default-rack, certSerialId: null, persistedOpState: ENTERING_MAINTENANCE, persistedOpStateExpiryEpochSec: 0}, placeOfBirth=2f53493c-3a9e-4904-8cf8-ac1f6fb0520e, sequenceId=33, keyCount=3, bytesUsed=57},ContainerReplica{containerID=#6, state=QUASI_CLOSED, datanodeDetails=f22cc5c0-3e38-414a-900c-2421eb232dd6{ip: 10.1.0.13, host: fv-az105-298.wy5h1aom0jgehahef1oyr10hrc.bx.internal.cloudapp.net, ports: [REPLICATION=33553, RATIS=38335, RATIS_ADMIN=38335, RATIS_SERVER=38335, STANDALONE=33109], networkLocation: /default-rack, certSerialId: null, persistedOpState: ENTERING_MAINTENANCE, persistedOpStateExpiryEpochSec: 0}, placeOfBirth=f22cc5c0-3e38-414a-900c-2421eb232dd6, sequenceId=33, keyCount=3, bytesUsed=57},ContainerReplica{containerID=#6, state=QUASI_CLOSED, datanodeDetails=2770806d-009d-48da-9d50-3d9453a3ad96{ip: 10.1.0.13, host: fv-az105-298.wy5h1aom0jgehahef1oyr10hrc.bx.internal.cloudapp.net, ports: [REPLICATION=42903, RATIS=41085, RATIS_ADMIN=41085, RATIS_SERVER=41085, STANDALONE=41997], networkLocation: /default-rack, certSerialId: null, persistedOpState: ENTERING_MAINTENANCE, persistedOpStateExpiryEpochSec: 0}, placeOfBirth=2770806d-009d-48da-9d50-3d9453a3ad96, sequenceId=33, keyCount=3, bytesUsed=57}}
2022-11-23 12:07:36,137 [DatanodeAdminManager-0] INFO  node.DatanodeAdminMonitorImpl (DatanodeAdminMonitorImpl.java:checkContainersReplicatedOnNode(356)) - Under Replicated Container #1 Container State: QUASI_CLOSED Replica Count: 3 Healthy Count: 0 Decommission Count: 0 Maintenance Count: 3 inFlightAdd Count: 0 inFightDel Count: 0 ReplicationFactor: 3 minMaintenance Count: 2; Replicas{ContainerReplica{containerID=#1, state=QUASI_CLOSED, datanodeDetails=2770806d-009d-48da-9d50-3d9453a3ad96{ip: 10.1.0.13, host: fv-az105-298.wy5h1aom0jgehahef1oyr10hrc.bx.internal.cloudapp.net, ports: [REPLICATION=42903, RATIS=41085, RATIS_ADMIN=41085, RATIS_SERVER=41085, STANDALONE=41997], networkLocation: /default-rack, certSerialId: null, persistedOpState: ENTERING_MAINTENANCE, persistedOpStateExpiryEpochSec: 0}, placeOfBirth=2770806d-009d-48da-9d50-3d9453a3ad96, sequenceId=37, keyCount=4, bytesUsed=76},ContainerReplica{containerID=#1, state=QUASI_CLOSED, datanodeDetails=2f53493c-3a9e-4904-8cf8-ac1f6fb0520e{ip: 10.1.0.13, host: fv-az105-298.wy5h1aom0jgehahef1oyr10hrc.bx.internal.cloudapp.net, ports: [REPLICATION=43097, RATIS=43085, RATIS_ADMIN=43085, RATIS_SERVER=43085, STANDALONE=37821], networkLocation: /default-rack, certSerialId: null, persistedOpState: ENTERING_MAINTENANCE, persistedOpStateExpiryEpochSec: 0}, placeOfBirth=2f53493c-3a9e-4904-8cf8-ac1f6fb0520e, sequenceId=37, keyCount=4, bytesUsed=76},ContainerReplica{containerID=#1, state=QUASI_CLOSED, datanodeDetails=f22cc5c0-3e38-414a-900c-2421eb232dd6{ip: 10.1.0.13, host: fv-az105-298.wy5h1aom0jgehahef1oyr10hrc.bx.internal.cloudapp.net, ports: [REPLICATION=33553, RATIS=38335, RATIS_ADMIN=38335, RATIS_SERVER=38335, STANDALONE=33109], networkLocation: /default-rack, certSerialId: null, persistedOpState: ENTERING_MAINTENANCE, persistedOpStateExpiryEpochSec: 0}, placeOfBirth=f22cc5c0-3e38-414a-900c-2421eb232dd6, sequenceId=37, keyCount=4, bytesUsed=76}}
2022-11-23 12:07:36,137 [DatanodeAdminManager-0] INFO  node.DatanodeAdminMonitorImpl (DatanodeAdminMonitorImpl.java:checkContainersReplicatedOnNode(356)) - Under Replicated Container #3 Container State: QUASI_CLOSED Replica Count: 3 Healthy Count: 0 Decommission Count: 0 Maintenance Count: 3 inFlightAdd Count: 0 inFightDel Count: 0 ReplicationFactor: 3 minMaintenance Count: 2; Replicas{ContainerReplica{containerID=#3, state=QUASI_CLOSED, datanodeDetails=2770806d-009d-48da-9d50-3d9453a3ad96{ip: 10.1.0.13, host: fv-az105-298.wy5h1aom0jgehahef1oyr10hrc.bx.internal.cloudapp.net, ports: [REPLICATION=42903, RATIS=41085, RATIS_ADMIN=41085, RATIS_SERVER=41085, STANDALONE=41997], networkLocation: /default-rack, certSerialId: null, persistedOpState: ENTERING_MAINTENANCE, persistedOpStateExpiryEpochSec: 0}, placeOfBirth=2770806d-009d-48da-9d50-3d9453a3ad96, sequenceId=30, keyCount=3, bytesUsed=57},ContainerReplica{containerID=#3, state=QUASI_CLOSED, datanodeDetails=2f53493c-3a9e-4904-8cf8-ac1f6fb0520e{ip: 10.1.0.13, host: fv-az105-298.wy5h1aom0jgehahef1oyr10hrc.bx.internal.cloudapp.net, ports: [REPLICATION=43097, RATIS=43085, RATIS_ADMIN=43085, RATIS_SERVER=43085, STANDALONE=37821], networkLocation: /default-rack, certSerialId: null, persistedOpState: ENTERING_MAINTENANCE, persistedOpStateExpiryEpochSec: 0}, placeOfBirth=2f53493c-3a9e-4904-8cf8-ac1f6fb0520e, sequenceId=30, keyCount=3, bytesUsed=57},ContainerReplica{containerID=#3, state=QUASI_CLOSED, datanodeDetails=f22cc5c0-3e38-414a-900c-2421eb232dd6{ip: 10.1.0.13, host: fv-az105-298.wy5h1aom0jgehahef1oyr10hrc.bx.internal.cloudapp.net, ports: [REPLICATION=33553, RATIS=38335, RATIS_ADMIN=38335, RATIS_SERVER=38335, STANDALONE=33109], networkLocation: /default-rack, certSerialId: null, persistedOpState: ENTERING_MAINTENANCE, persistedOpStateExpiryEpochSec: 0}, placeOfBirth=f22cc5c0-3e38-414a-900c-2421eb232dd6, sequenceId=30, keyCount=3, bytesUsed=57}}
2022-11-23 12:07:36,137 [DatanodeAdminManager-0] INFO  node.DatanodeAdminMonitorImpl (DatanodeAdminMonitorImpl.java:checkContainersReplicatedOnNode(377)) - 2770806d-009d-48da-9d50-3d9453a3ad96{ip: 10.1.0.13, host: fv-az105-298.wy5h1aom0jgehahef1oyr10hrc.bx.internal.cloudapp.net, ports: [REPLICATION=42903, RATIS=41085, RATIS_ADMIN=41085, RATIS_SERVER=41085, STANDALONE=41997], networkLocation: /default-rack, certSerialId: null, persistedOpState: ENTERING_MAINTENANCE, persistedOpStateExpiryEpochSec: 0} has 0 sufficientlyReplicated, 3 underReplicated and 0 unhealthy containers
2022-11-23 12:07:36,137 [DatanodeAdminManager-0] INFO  node.DatanodeAdminMonitorImpl (DatanodeAdminMonitorImpl.java:checkContainersReplicatedOnNode(356)) - Under Replicated Container #6 Container State: QUASI_CLOSED Replica Count: 3 Healthy Count: 0 Decommission Count: 0 Maintenance Count: 3 inFlightAdd Count: 0 inFightDel Count: 0 ReplicationFactor: 3 minMaintenance Count: 2; Replicas{ContainerReplica{containerID=#6, state=QUASI_CLOSED, datanodeDetails=2f53493c-3a9e-4904-8cf8-ac1f6fb0520e{ip: 10.1.0.13, host: fv-az105-298.wy5h1aom0jgehahef1oyr10hrc.bx.internal.cloudapp.net, ports: [REPLICATION=43097, RATIS=43085, RATIS_ADMIN=43085, RATIS_SERVER=43085, STANDALONE=37821], networkLocation: /default-rack, certSerialId: null, persistedOpState: ENTERING_MAINTENANCE, persistedOpStateExpiryEpochSec: 0}, placeOfBirth=2f53493c-3a9e-4904-8cf8-ac1f6fb0520e, sequenceId=33, keyCount=3, bytesUsed=57},ContainerReplica{containerID=#6, state=QUASI_CLOSED, datanodeDetails=f22cc5c0-3e38-414a-900c-2421eb232dd6{ip: 10.1.0.13, host: fv-az105-298.wy5h1aom0jgehahef1oyr10hrc.bx.internal.cloudapp.net, ports: [REPLICATION=33553, RATIS=38335, RATIS_ADMIN=38335, RATIS_SERVER=38335, STANDALONE=33109], networkLocation: /default-rack, certSerialId: null, persistedOpState: ENTERING_MAINTENANCE, persistedOpStateExpiryEpochSec: 0}, placeOfBirth=f22cc5c0-3e38-414a-900c-2421eb232dd6, sequenceId=33, keyCount=3, bytesUsed=57},ContainerReplica{containerID=#6, state=QUASI_CLOSED, datanodeDetails=2770806d-009d-48da-9d50-3d9453a3ad96{ip: 10.1.0.13, host: fv-az105-298.wy5h1aom0jgehahef1oyr10hrc.bx.internal.cloudapp.net, ports: [REPLICATION=42903, RATIS=41085, RATIS_ADMIN=41085, RATIS_SERVER=41085, STANDALONE=41997], networkLocation: /default-rack, certSerialId: null, persistedOpState: ENTERING_MAINTENANCE, persistedOpStateExpiryEpochSec: 0}, placeOfBirth=2770806d-009d-48da-9d50-3d9453a3ad96, sequenceId=33, keyCount=3, bytesUsed=57}}
2022-11-23 12:07:36,137 [DatanodeAdminManager-0] INFO  node.DatanodeAdminMonitorImpl (DatanodeAdminMonitorImpl.java:checkContainersReplicatedOnNode(356)) - Under Replicated Container #1 Container State: QUASI_CLOSED Replica Count: 3 Healthy Count: 0 Decommission Count: 0 Maintenance Count: 3 inFlightAdd Count: 0 inFightDel Count: 0 ReplicationFactor: 3 minMaintenance Count: 2; Replicas{ContainerReplica{containerID=#1, state=QUASI_CLOSED, datanodeDetails=2770806d-009d-48da-9d50-3d9453a3ad96{ip: 10.1.0.13, host: fv-az105-298.wy5h1aom0jgehahef1oyr10hrc.bx.internal.cloudapp.net, ports: [REPLICATION=42903, RATIS=41085, RATIS_ADMIN=41085, RATIS_SERVER=41085, STANDALONE=41997], networkLocation: /default-rack, certSerialId: null, persistedOpState: ENTERING_MAINTENANCE, persistedOpStateExpiryEpochSec: 0}, placeOfBirth=2770806d-009d-48da-9d50-3d9453a3ad96, sequenceId=37, keyCount=4, bytesUsed=76},ContainerReplica{containerID=#1, state=QUASI_CLOSED, datanodeDetails=2f53493c-3a9e-4904-8cf8-ac1f6fb0520e{ip: 10.1.0.13, host: fv-az105-298.wy5h1aom0jgehahef1oyr10hrc.bx.internal.cloudapp.net, ports: [REPLICATION=43097, RATIS=43085, RATIS_ADMIN=43085, RATIS_SERVER=43085, STANDALONE=37821], networkLocation: /default-rack, certSerialId: null, persistedOpState: ENTERING_MAINTENANCE, persistedOpStateExpiryEpochSec: 0}, placeOfBirth=2f53493c-3a9e-4904-8cf8-ac1f6fb0520e, sequenceId=37, keyCount=4, bytesUsed=76},ContainerReplica{containerID=#1, state=QUASI_CLOSED, datanodeDetails=f22cc5c0-3e38-414a-900c-2421eb232dd6{ip: 10.1.0.13, host: fv-az105-298.wy5h1aom0jgehahef1oyr10hrc.bx.internal.cloudapp.net, ports: [REPLICATION=33553, RATIS=38335, RATIS_ADMIN=38335, RATIS_SERVER=38335, STANDALONE=33109], networkLocation: /default-rack, certSerialId: null, persistedOpState: ENTERING_MAINTENANCE, persistedOpStateExpiryEpochSec: 0}, placeOfBirth=f22cc5c0-3e38-414a-900c-2421eb232dd6, sequenceId=37, keyCount=4, bytesUsed=76}}
2022-11-23 12:07:36,137 [DatanodeAdminManager-0] INFO  node.DatanodeAdminMonitorImpl (DatanodeAdminMonitorImpl.java:checkContainersReplicatedOnNode(356)) - Under Replicated Container #3 Container State: QUASI_CLOSED Replica Count: 3 Healthy Count: 0 Decommission Count: 0 Maintenance Count: 3 inFlightAdd Count: 0 inFightDel Count: 0 ReplicationFactor: 3 minMaintenance Count: 2; Replicas{ContainerReplica{containerID=#3, state=QUASI_CLOSED, datanodeDetails=2770806d-009d-48da-9d50-3d9453a3ad96{ip: 10.1.0.13, host: fv-az105-298.wy5h1aom0jgehahef1oyr10hrc.bx.internal.cloudapp.net, ports: [REPLICATION=42903, RATIS=41085, RATIS_ADMIN=41085, RATIS_SERVER=41085, STANDALONE=41997], networkLocation: /default-rack, certSerialId: null, persistedOpState: ENTERING_MAINTENANCE, persistedOpStateExpiryEpochSec: 0}, placeOfBirth=2770806d-009d-48da-9d50-3d9453a3ad96, sequenceId=30, keyCount=3, bytesUsed=57},ContainerReplica{containerID=#3, state=QUASI_CLOSED, datanodeDetails=2f53493c-3a9e-4904-8cf8-ac1f6fb0520e{ip: 10.1.0.13, host: fv-az105-298.wy5h1aom0jgehahef1oyr10hrc.bx.internal.cloudapp.net, ports: [REPLICATION=43097, RATIS=43085, RATIS_ADMIN=43085, RATIS_SERVER=43085, STANDALONE=37821], networkLocation: /default-rack, certSerialId: null, persistedOpState: ENTERING_MAINTENANCE, persistedOpStateExpiryEpochSec: 0}, placeOfBirth=2f53493c-3a9e-4904-8cf8-ac1f6fb0520e, sequenceId=30, keyCount=3, bytesUsed=57},ContainerReplica{containerID=#3, state=QUASI_CLOSED, datanodeDetails=f22cc5c0-3e38-414a-900c-2421eb232dd6{ip: 10.1.0.13, host: fv-az105-298.wy5h1aom0jgehahef1oyr10hrc.bx.internal.cloudapp.net, ports: [REPLICATION=33553, RATIS=38335, RATIS_ADMIN=38335, RATIS_SERVER=38335, STANDALONE=33109], networkLocation: /default-rack, certSerialId: null, persistedOpState: ENTERING_MAINTENANCE, persistedOpStateExpiryEpochSec: 0}, placeOfBirth=f22cc5c0-3e38-414a-900c-2421eb232dd6, sequenceId=30, keyCount=3, bytesUsed=57}}
2022-11-23 12:07:36,137 [DatanodeAdminManager-0] INFO  node.DatanodeAdminMonitorImpl (DatanodeAdminMonitorImpl.java:checkContainersReplicatedOnNode(377)) - 2f53493c-3a9e-4904-8cf8-ac1f6fb0520e{ip: 10.1.0.13, host: fv-az105-298.wy5h1aom0jgehahef1oyr10hrc.bx.internal.cloudapp.net, ports: [REPLICATION=43097, RATIS=43085, RATIS_ADMIN=43085, RATIS_SERVER=43085, STANDALONE=37821], networkLocation: /default-rack, certSerialId: null, persistedOpState: ENTERING_MAINTENANCE, persistedOpStateExpiryEpochSec: 0} has 0 sufficientlyReplicated, 3 underReplicated and 0 unhealthy containers
2022-11-23 12:07:36,137 [DatanodeAdminManager-0] INFO  node.DatanodeAdminMonitorImpl (DatanodeAdminMonitorImpl.java:run(169)) - There are 3 nodes tracked for decommission and maintenance.  0 pending nodes.
2022-11-23 12:07:36,137 [Over Replicated Processor] INFO  replication.OverReplicatedProcessor (OverReplicatedProcessor.java:processAll(79)) - Processed 0 over replicated containers, failed processing 0
2022-11-23 12:07:36,168 [ReplicationMonitor] INFO  replication.LegacyReplicationManager (LegacyReplicationManager.java:forceCloseContainer(1107)) - Force closing container #1 with BCSID 37, which is in QUASI_CLOSED state.
2022-11-23 12:07:36,168 [ReplicationMonitor] INFO  replication.LegacyReplicationManager (LegacyReplicationManager.java:sendCloseCommand(1511)) - Sending close container command for container #1 to datanode 2770806d-009d-48da-9d50-3d9453a3ad96{ip: 10.1.0.13, host: fv-az105-298.wy5h1aom0jgehahef1oyr10hrc.bx.internal.cloudapp.net, ports: [REPLICATION=42903, RATIS=41085, RATIS_ADMIN=41085, RATIS_SERVER=41085, STANDALONE=41997], networkLocation: /default-rack, certSerialId: null, persistedOpState: ENTERING_MAINTENANCE, persistedOpStateExpiryEpochSec: 0}.
2022-11-23 12:07:36,168 [ReplicationMonitor] INFO  replication.LegacyReplicationManager (LegacyReplicationManager.java:sendCloseCommand(1511)) - Sending close container command for container #1 to datanode 2f53493c-3a9e-4904-8cf8-ac1f6fb0520e{ip: 10.1.0.13, host: fv-az105-298.wy5h1aom0jgehahef1oyr10hrc.bx.internal.cloudapp.net, ports: [REPLICATION=43097, RATIS=43085, RATIS_ADMIN=43085, RATIS_SERVER=43085, STANDALONE=37821], networkLocation: /default-rack, certSerialId: null, persistedOpState: ENTERING_MAINTENANCE, persistedOpStateExpiryEpochSec: 0}.
2022-11-23 12:07:36,168 [ReplicationMonitor] INFO  replication.LegacyReplicationManager (LegacyReplicationManager.java:sendCloseCommand(1511)) - Sending close container command for container #1 to datanode f22cc5c0-3e38-414a-900c-2421eb232dd6{ip: 10.1.0.13, host: fv-az105-298.wy5h1aom0jgehahef1oyr10hrc.bx.internal.cloudapp.net, ports: [REPLICATION=33553, RATIS=38335, RATIS_ADMIN=38335, RATIS_SERVER=38335, STANDALONE=33109], networkLocation: /default-rack, certSerialId: null, persistedOpState: ENTERING_MAINTENANCE, persistedOpStateExpiryEpochSec: 0}.
2022-11-23 12:07:36,168 [ReplicationMonitor] INFO  replication.LegacyReplicationManager (LegacyReplicationManager.java:forceCloseContainer(1107)) - Force closing container #3 with BCSID 30, which is in QUASI_CLOSED state.
2022-11-23 12:07:36,168 [ReplicationMonitor] INFO  replication.LegacyReplicationManager (LegacyReplicationManager.java:sendCloseCommand(1511)) - Sending close container command for container #3 to datanode 2770806d-009d-48da-9d50-3d9453a3ad96{ip: 10.1.0.13, host: fv-az105-298.wy5h1aom0jgehahef1oyr10hrc.bx.internal.cloudapp.net, ports: [REPLICATION=42903, RATIS=41085, RATIS_ADMIN=41085, RATIS_SERVER=41085, STANDALONE=41997], networkLocation: /default-rack, certSerialId: null, persistedOpState: ENTERING_MAINTENANCE, persistedOpStateExpiryEpochSec: 0}.
2022-11-23 12:07:36,168 [ReplicationMonitor] INFO  replication.LegacyReplicationManager (LegacyReplicationManager.java:sendCloseCommand(1511)) - Sending close container command for container #3 to datanode 2f53493c-3a9e-4904-8cf8-ac1f6fb0520e{ip: 10.1.0.13, host: fv-az105-298.wy5h1aom0jgehahef1oyr10hrc.bx.internal.cloudapp.net, ports: [REPLICATION=43097, RATIS=43085, RATIS_ADMIN=43085, RATIS_SERVER=43085, STANDALONE=37821], networkLocation: /default-rack, certSerialId: null, persistedOpState: ENTERING_MAINTENANCE, persistedOpStateExpiryEpochSec: 0}.
2022-11-23 12:07:36,168 [ReplicationMonitor] INFO  replication.LegacyReplicationManager (LegacyReplicationManager.java:sendCloseCommand(1511)) - Sending close container command for container #3 to datanode f22cc5c0-3e38-414a-900c-2421eb232dd6{ip: 10.1.0.13, host: fv-az105-298.wy5h1aom0jgehahef1oyr10hrc.bx.internal.cloudapp.net, ports: [REPLICATION=33553, RATIS=38335, RATIS_ADMIN=38335, RATIS_SERVER=38335, STANDALONE=33109], networkLocation: /default-rack, certSerialId: null, persistedOpState: ENTERING_MAINTENANCE, persistedOpStateExpiryEpochSec: 0}.
2022-11-23 12:07:36,169 [ReplicationMonitor] INFO  replication.LegacyReplicationManager (LegacyReplicationManager.java:forceCloseContainer(1107)) - Force closing container #6 with BCSID 33, which is in QUASI_CLOSED state.
2022-11-23 12:07:36,169 [ReplicationMonitor] INFO  replication.LegacyReplicationManager (LegacyReplicationManager.java:sendCloseCommand(1511)) - Sending close container command for container #6 to datanode 2f53493c-3a9e-4904-8cf8-ac1f6fb0520e{ip: 10.1.0.13, host: fv-az105-298.wy5h1aom0jgehahef1oyr10hrc.bx.internal.cloudapp.net, ports: [REPLICATION=43097, RATIS=43085, RATIS_ADMIN=43085, RATIS_SERVER=43085, STANDALONE=37821], networkLocation: /default-rack, certSerialId: null, persistedOpState: ENTERING_MAINTENANCE, persistedOpStateExpiryEpochSec: 0}.
2022-11-23 12:07:36,169 [ReplicationMonitor] INFO  replication.LegacyReplicationManager (LegacyReplicationManager.java:sendCloseCommand(1511)) - Sending close container command for container #6 to datanode f22cc5c0-3e38-414a-900c-2421eb232dd6{ip: 10.1.0.13, host: fv-az105-298.wy5h1aom0jgehahef1oyr10hrc.bx.internal.cloudapp.net, ports: [REPLICATION=33553, RATIS=38335, RATIS_ADMIN=38335, RATIS_SERVER=38335, STANDALONE=33109], networkLocation: /default-rack, certSerialId: null, persistedOpState: ENTERING_MAINTENANCE, persistedOpStateExpiryEpochSec: 0}.
2022-11-23 12:07:36,169 [ReplicationMonitor] INFO  replication.LegacyReplicationManager (LegacyReplicationManager.java:sendCloseCommand(1511)) - Sending close container command for container #6 to datanode 2770806d-009d-48da-9d50-3d9453a3ad96{ip: 10.1.0.13, host: fv-az105-298.wy5h1aom0jgehahef1oyr10hrc.bx.internal.cloudapp.net, ports: [REPLICATION=42903, RATIS=41085, RATIS_ADMIN=41085, RATIS_SERVER=41085, STANDALONE=41997], networkLocation: /default-rack, certSerialId: null, persistedOpState: ENTERING_MAINTENANCE, persistedOpStateExpiryEpochSec: 0}.
2022-11-23 12:07:36,169 [ReplicationMonitor] INFO  replication.ReplicationManager (ReplicationManager.java:processAll(355)) - Replication Monitor Thread took 1 milliseconds for processing 6 containers.
2022-11-23 12:07:36,663 [Under Replicated Processor] INFO  replication.UnderReplicatedProcessor (UnderReplicatedProcessor.java:processAll(79)) - Processed 0 under replicated containers, failed processing 0
2022-11-23 12:07:36,663 [Over Replicated Processor] INFO  replication.OverReplicatedProcessor (OverReplicatedProcessor.java:processAll(79)) - Processed 0 over replicated containers, failed processing 0
2022-11-23 12:07:36,663 [ReplicationMonitor] INFO  replication.ReplicationManager (ReplicationManager.java:processAll(355)) - Replication Monitor Thread took 0 milliseconds for processing 0 containers.
2022-11-23 12:07:37,132 [Under Replicated Processor] INFO  replication.UnderReplicatedProcessor (UnderReplicatedProcessor.java:processAll(79)) - Processed 0 under replicated containers, failed processing 0
2022-11-23 12:07:37,135 [DatanodeAdminManager-0] INFO  node.DatanodeAdminMonitorImpl (DatanodeAdminMonitorImpl.java:checkContainersReplicatedOnNode(356)) - Under Replicated Container #6 Container State: QUASI_CLOSED Replica Count: 3 Healthy Count: 0 Decommission Count: 0 Maintenance Count: 3 inFlightAdd Count: 0 inFightDel Count: 0 ReplicationFactor: 3 minMaintenance Count: 2; Replicas{ContainerReplica{containerID=#6, state=QUASI_CLOSED, datanodeDetails=2f53493c-3a9e-4904-8cf8-ac1f6fb0520e{ip: 10.1.0.13, host: fv-az105-298.wy5h1aom0jgehahef1oyr10hrc.bx.internal.cloudapp.net, ports: [REPLICATION=43097, RATIS=43085, RATIS_ADMIN=43085, RATIS_SERVER=43085, STANDALONE=37821], networkLocation: /default-rack, certSerialId: null, persistedOpState: ENTERING_MAINTENANCE, persistedOpStateExpiryEpochSec: 0}, placeOfBirth=2f53493c-3a9e-4904-8cf8-ac1f6fb0520e, sequenceId=33, keyCount=3, bytesUsed=57},ContainerReplica{containerID=#6, state=QUASI_CLOSED, datanodeDetails=f22cc5c0-3e38-414a-900c-2421eb232dd6{ip: 10.1.0.13, host: fv-az105-298.wy5h1aom0jgehahef1oyr10hrc.bx.internal.cloudapp.net, ports: [REPLICATION=33553, RATIS=38335, RATIS_ADMIN=38335, RATIS_SERVER=38335, STANDALONE=33109], networkLocation: /default-rack, certSerialId: null, persistedOpState: ENTERING_MAINTENANCE, persistedOpStateExpiryEpochSec: 0}, placeOfBirth=f22cc5c0-3e38-414a-900c-2421eb232dd6, sequenceId=33, keyCount=3, bytesUsed=57},ContainerReplica{containerID=#6, state=QUASI_CLOSED, datanodeDetails=2770806d-009d-48da-9d50-3d9453a3ad96{ip: 10.1.0.13, host: fv-az105-298.wy5h1aom0jgehahef1oyr10hrc.bx.internal.cloudapp.net, ports: [REPLICATION=42903, RATIS=41085, RATIS_ADMIN=41085, RATIS_SERVER=41085, STANDALONE=41997], networkLocation: /default-rack, certSerialId: null, persistedOpState: ENTERING_MAINTENANCE, persistedOpStateExpiryEpochSec: 0}, placeOfBirth=2770806d-009d-48da-9d50-3d9453a3ad96, sequenceId=33, keyCount=3, bytesUsed=57}}
2022-11-23 12:07:37,135 [DatanodeAdminManager-0] INFO  node.DatanodeAdminMonitorImpl (DatanodeAdminMonitorImpl.java:checkContainersReplicatedOnNode(356)) - Under Replicated Container #1 Container State: QUASI_CLOSED Replica Count: 3 Healthy Count: 0 Decommission Count: 0 Maintenance Count: 3 inFlightAdd Count: 0 inFightDel Count: 0 ReplicationFactor: 3 minMaintenance Count: 2; Replicas{ContainerReplica{containerID=#1, state=QUASI_CLOSED, datanodeDetails=2770806d-009d-48da-9d50-3d9453a3ad96{ip: 10.1.0.13, host: fv-az105-298.wy5h1aom0jgehahef1oyr10hrc.bx.internal.cloudapp.net, ports: [REPLICATION=42903, RATIS=41085, RATIS_ADMIN=41085, RATIS_SERVER=41085, STANDALONE=41997], networkLocation: /default-rack, certSerialId: null, persistedOpState: ENTERING_MAINTENANCE, persistedOpStateExpiryEpochSec: 0}, placeOfBirth=2770806d-009d-48da-9d50-3d9453a3ad96, sequenceId=37, keyCount=4, bytesUsed=76},ContainerReplica{containerID=#1, state=QUASI_CLOSED, datanodeDetails=2f53493c-3a9e-4904-8cf8-ac1f6fb0520e{ip: 10.1.0.13, host: fv-az105-298.wy5h1aom0jgehahef1oyr10hrc.bx.internal.cloudapp.net, ports: [REPLICATION=43097, RATIS=43085, RATIS_ADMIN=43085, RATIS_SERVER=43085, STANDALONE=37821], networkLocation: /default-rack, certSerialId: null, persistedOpState: ENTERING_MAINTENANCE, persistedOpStateExpiryEpochSec: 0}, placeOfBirth=2f53493c-3a9e-4904-8cf8-ac1f6fb0520e, sequenceId=37, keyCount=4, bytesUsed=76},ContainerReplica{containerID=#1, state=QUASI_CLOSED, datanodeDetails=f22cc5c0-3e38-414a-900c-2421eb232dd6{ip: 10.1.0.13, host: fv-az105-298.wy5h1aom0jgehahef1oyr10hrc.bx.internal.cloudapp.net, ports: [REPLICATION=33553, RATIS=38335, RATIS_ADMIN=38335, RATIS_SERVER=38335, STANDALONE=33109], networkLocation: /default-rack, certSerialId: null, persistedOpState: ENTERING_MAINTENANCE, persistedOpStateExpiryEpochSec: 0}, placeOfBirth=f22cc5c0-3e38-414a-900c-2421eb232dd6, sequenceId=37, keyCount=4, bytesUsed=76}}
2022-11-23 12:07:37,136 [DatanodeAdminManager-0] INFO  node.DatanodeAdminMonitorImpl (DatanodeAdminMonitorImpl.java:checkContainersReplicatedOnNode(356)) - Under Replicated Container #3 Container State: QUASI_CLOSED Replica Count: 3 Healthy Count: 0 Decommission Count: 0 Maintenance Count: 3 inFlightAdd Count: 0 inFightDel Count: 0 ReplicationFactor: 3 minMaintenance Count: 2; Replicas{ContainerReplica{containerID=#3, state=QUASI_CLOSED, datanodeDetails=2770806d-009d-48da-9d50-3d9453a3ad96{ip: 10.1.0.13, host: fv-az105-298.wy5h1aom0jgehahef1oyr10hrc.bx.internal.cloudapp.net, ports: [REPLICATION=42903, RATIS=41085, RATIS_ADMIN=41085, RATIS_SERVER=41085, STANDALONE=41997], networkLocation: /default-rack, certSerialId: null, persistedOpState: ENTERING_MAINTENANCE, persistedOpStateExpiryEpochSec: 0}, placeOfBirth=2770806d-009d-48da-9d50-3d9453a3ad96, sequenceId=30, keyCount=3, bytesUsed=57},ContainerReplica{containerID=#3, state=QUASI_CLOSED, datanodeDetails=2f53493c-3a9e-4904-8cf8-ac1f6fb0520e{ip: 10.1.0.13, host: fv-az105-298.wy5h1aom0jgehahef1oyr10hrc.bx.internal.cloudapp.net, ports: [REPLICATION=43097, RATIS=43085, RATIS_ADMIN=43085, RATIS_SERVER=43085, STANDALONE=37821], networkLocation: /default-rack, certSerialId: null, persistedOpState: ENTERING_MAINTENANCE, persistedOpStateExpiryEpochSec: 0}, placeOfBirth=2f53493c-3a9e-4904-8cf8-ac1f6fb0520e, sequenceId=30, keyCount=3, bytesUsed=57},ContainerReplica{containerID=#3, state=QUASI_CLOSED, datanodeDetails=f22cc5c0-3e38-414a-900c-2421eb232dd6{ip: 10.1.0.13, host: fv-az105-298.wy5h1aom0jgehahef1oyr10hrc.bx.internal.cloudapp.net, ports: [REPLICATION=33553, RATIS=38335, RATIS_ADMIN=38335, RATIS_SERVER=38335, STANDALONE=33109], networkLocation: /default-rack, certSerialId: null, persistedOpState: ENTERING_MAINTENANCE, persistedOpStateExpiryEpochSec: 0}, placeOfBirth=f22cc5c0-3e38-414a-900c-2421eb232dd6, sequenceId=30, keyCount=3, bytesUsed=57}}
2022-11-23 12:07:37,136 [DatanodeAdminManager-0] INFO  node.DatanodeAdminMonitorImpl (DatanodeAdminMonitorImpl.java:checkContainersReplicatedOnNode(377)) - f22cc5c0-3e38-414a-900c-2421eb232dd6{ip: 10.1.0.13, host: fv-az105-298.wy5h1aom0jgehahef1oyr10hrc.bx.internal.cloudapp.net, ports: [REPLICATION=33553, RATIS=38335, RATIS_ADMIN=38335, RATIS_SERVER=38335, STANDALONE=33109], networkLocation: /default-rack, certSerialId: null, persistedOpState: ENTERING_MAINTENANCE, persistedOpStateExpiryEpochSec: 0} has 0 sufficientlyReplicated, 3 underReplicated and 0 unhealthy containers
2022-11-23 12:07:37,136 [DatanodeAdminManager-0] INFO  node.DatanodeAdminMonitorImpl (DatanodeAdminMonitorImpl.java:checkContainersReplicatedOnNode(356)) - Under Replicated Container #6 Container State: QUASI_CLOSED Replica Count: 3 Healthy Count: 0 Decommission Count: 0 Maintenance Count: 3 inFlightAdd Count: 0 inFightDel Count: 0 ReplicationFactor: 3 minMaintenance Count: 2; Replicas{ContainerReplica{containerID=#6, state=QUASI_CLOSED, datanodeDetails=2f53493c-3a9e-4904-8cf8-ac1f6fb0520e{ip: 10.1.0.13, host: fv-az105-298.wy5h1aom0jgehahef1oyr10hrc.bx.internal.cloudapp.net, ports: [REPLICATION=43097, RATIS=43085, RATIS_ADMIN=43085, RATIS_SERVER=43085, STANDALONE=37821], networkLocation: /default-rack, certSerialId: null, persistedOpState: ENTERING_MAINTENANCE, persistedOpStateExpiryEpochSec: 0}, placeOfBirth=2f53493c-3a9e-4904-8cf8-ac1f6fb0520e, sequenceId=33, keyCount=3, bytesUsed=57},ContainerReplica{containerID=#6, state=QUASI_CLOSED, datanodeDetails=f22cc5c0-3e38-414a-900c-2421eb232dd6{ip: 10.1.0.13, host: fv-az105-298.wy5h1aom0jgehahef1oyr10hrc.bx.internal.cloudapp.net, ports: [REPLICATION=33553, RATIS=38335, RATIS_ADMIN=38335, RATIS_SERVER=38335, STANDALONE=33109], networkLocation: /default-rack, certSerialId: null, persistedOpState: ENTERING_MAINTENANCE, persistedOpStateExpiryEpochSec: 0}, placeOfBirth=f22cc5c0-3e38-414a-900c-2421eb232dd6, sequenceId=33, keyCount=3, bytesUsed=57},ContainerReplica{containerID=#6, state=QUASI_CLOSED, datanodeDetails=2770806d-009d-48da-9d50-3d9453a3ad96{ip: 10.1.0.13, host: fv-az105-298.wy5h1aom0jgehahef1oyr10hrc.bx.internal.cloudapp.net, ports: [REPLICATION=42903, RATIS=41085, RATIS_ADMIN=41085, RATIS_SERVER=41085, STANDALONE=41997], networkLocation: /default-rack, certSerialId: null, persistedOpState: ENTERING_MAINTENANCE, persistedOpStateExpiryEpochSec: 0}, placeOfBirth=2770806d-009d-48da-9d50-3d9453a3ad96, sequenceId=33, keyCount=3, bytesUsed=57}}
2022-11-23 12:07:37,136 [DatanodeAdminManager-0] INFO  node.DatanodeAdminMonitorImpl (DatanodeAdminMonitorImpl.java:checkContainersReplicatedOnNode(356)) - Under Replicated Container #1 Container State: QUASI_CLOSED Replica Count: 3 Healthy Count: 0 Decommission Count: 0 Maintenance Count: 3 inFlightAdd Count: 0 inFightDel Count: 0 ReplicationFactor: 3 minMaintenance Count: 2; Replicas{ContainerReplica{containerID=#1, state=QUASI_CLOSED, datanodeDetails=2770806d-009d-48da-9d50-3d9453a3ad96{ip: 10.1.0.13, host: fv-az105-298.wy5h1aom0jgehahef1oyr10hrc.bx.internal.cloudapp.net, ports: [REPLICATION=42903, RATIS=41085, RATIS_ADMIN=41085, RATIS_SERVER=41085, STANDALONE=41997], networkLocation: /default-rack, certSerialId: null, persistedOpState: ENTERING_MAINTENANCE, persistedOpStateExpiryEpochSec: 0}, placeOfBirth=2770806d-009d-48da-9d50-3d9453a3ad96, sequenceId=37, keyCount=4, bytesUsed=76},ContainerReplica{containerID=#1, state=QUASI_CLOSED, datanodeDetails=2f53493c-3a9e-4904-8cf8-ac1f6fb0520e{ip: 10.1.0.13, host: fv-az105-298.wy5h1aom0jgehahef1oyr10hrc.bx.internal.cloudapp.net, ports: [REPLICATION=43097, RATIS=43085, RATIS_ADMIN=43085, RATIS_SERVER=43085, STANDALONE=37821], networkLocation: /default-rack, certSerialId: null, persistedOpState: ENTERING_MAINTENANCE, persistedOpStateExpiryEpochSec: 0}, placeOfBirth=2f53493c-3a9e-4904-8cf8-ac1f6fb0520e, sequenceId=37, keyCount=4, bytesUsed=76},ContainerReplica{containerID=#1, state=QUASI_CLOSED, datanodeDetails=f22cc5c0-3e38-414a-900c-2421eb232dd6{ip: 10.1.0.13, host: fv-az105-298.wy5h1aom0jgehahef1oyr10hrc.bx.internal.cloudapp.net, ports: [REPLICATION=33553, RATIS=38335, RATIS_ADMIN=38335, RATIS_SERVER=38335, STANDALONE=33109], networkLocation: /default-rack, certSerialId: null, persistedOpState: ENTERING_MAINTENANCE, persistedOpStateExpiryEpochSec: 0}, placeOfBirth=f22cc5c0-3e38-414a-900c-2421eb232dd6, sequenceId=37, keyCount=4, bytesUsed=76}}
2022-11-23 12:07:37,136 [DatanodeAdminManager-0] INFO  node.DatanodeAdminMonitorImpl (DatanodeAdminMonitorImpl.java:checkContainersReplicatedOnNode(356)) - Under Replicated Container #3 Container State: QUASI_CLOSED Replica Count: 3 Healthy Count: 0 Decommission Count: 0 Maintenance Count: 3 inFlightAdd Count: 0 inFightDel Count: 0 ReplicationFactor: 3 minMaintenance Count: 2; Replicas{ContainerReplica{containerID=#3, state=QUASI_CLOSED, datanodeDetails=2770806d-009d-48da-9d50-3d9453a3ad96{ip: 10.1.0.13, host: fv-az105-298.wy5h1aom0jgehahef1oyr10hrc.bx.internal.cloudapp.net, ports: [REPLICATION=42903, RATIS=41085, RATIS_ADMIN=41085, RATIS_SERVER=41085, STANDALONE=41997], networkLocation: /default-rack, certSerialId: null, persistedOpState: ENTERING_MAINTENANCE, persistedOpStateExpiryEpochSec: 0}, placeOfBirth=2770806d-009d-48da-9d50-3d9453a3ad96, sequenceId=30, keyCount=3, bytesUsed=57},ContainerReplica{containerID=#3, state=QUASI_CLOSED, datanodeDetails=2f53493c-3a9e-4904-8cf8-ac1f6fb0520e{ip: 10.1.0.13, host: fv-az105-298.wy5h1aom0jgehahef1oyr10hrc.bx.internal.cloudapp.net, ports: [REPLICATION=43097, RATIS=43085, RATIS_ADMIN=43085, RATIS_SERVER=43085, STANDALONE=37821], networkLocation: /default-rack, certSerialId: null, persistedOpState: ENTERING_MAINTENANCE, persistedOpStateExpiryEpochSec: 0}, placeOfBirth=2f53493c-3a9e-4904-8cf8-ac1f6fb0520e, sequenceId=30, keyCount=3, bytesUsed=57},ContainerReplica{containerID=#3, state=QUASI_CLOSED, datanodeDetails=f22cc5c0-3e38-414a-900c-2421eb232dd6{ip: 10.1.0.13, host: fv-az105-298.wy5h1aom0jgehahef1oyr10hrc.bx.internal.cloudapp.net, ports: [REPLICATION=33553, RATIS=38335, RATIS_ADMIN=38335, RATIS_SERVER=38335, STANDALONE=33109], networkLocation: /default-rack, certSerialId: null, persistedOpState: ENTERING_MAINTENANCE, persistedOpStateExpiryEpochSec: 0}, placeOfBirth=f22cc5c0-3e38-414a-900c-2421eb232dd6, sequenceId=30, keyCount=3, bytesUsed=57}}
2022-11-23 12:07:37,136 [DatanodeAdminManager-0] INFO  node.DatanodeAdminMonitorImpl (DatanodeAdminMonitorImpl.java:checkContainersReplicatedOnNode(377)) - 2770806d-009d-48da-9d50-3d9453a3ad96{ip: 10.1.0.13, host: fv-az105-298.wy5h1aom0jgehahef1oyr10hrc.bx.internal.cloudapp.net, ports: [REPLICATION=42903, RATIS=41085, RATIS_ADMIN=41085, RATIS_SERVER=41085, STANDALONE=41997], networkLocation: /default-rack, certSerialId: null, persistedOpState: ENTERING_MAINTENANCE, persistedOpStateExpiryEpochSec: 0} has 0 sufficientlyReplicated, 3 underReplicated and 0 unhealthy containers
2022-11-23 12:07:37,136 [DatanodeAdminManager-0] INFO  node.DatanodeAdminMonitorImpl (DatanodeAdminMonitorImpl.java:checkContainersReplicatedOnNode(356)) - Under Replicated Container #6 Container State: QUASI_CLOSED Replica Count: 3 Healthy Count: 0 Decommission Count: 0 Maintenance Count: 3 inFlightAdd Count: 0 inFightDel Count: 0 ReplicationFactor: 3 minMaintenance Count: 2; Replicas{ContainerReplica{containerID=#6, state=QUASI_CLOSED, datanodeDetails=2f53493c-3a9e-4904-8cf8-ac1f6fb0520e{ip: 10.1.0.13, host: fv-az105-298.wy5h1aom0jgehahef1oyr10hrc.bx.internal.cloudapp.net, ports: [REPLICATION=43097, RATIS=43085, RATIS_ADMIN=43085, RATIS_SERVER=43085, STANDALONE=37821], networkLocation: /default-rack, certSerialId: null, persistedOpState: ENTERING_MAINTENANCE, persistedOpStateExpiryEpochSec: 0}, placeOfBirth=2f53493c-3a9e-4904-8cf8-ac1f6fb0520e, sequenceId=33, keyCount=3, bytesUsed=57},ContainerReplica{containerID=#6, state=QUASI_CLOSED, datanodeDetails=f22cc5c0-3e38-414a-900c-2421eb232dd6{ip: 10.1.0.13, host: fv-az105-298.wy5h1aom0jgehahef1oyr10hrc.bx.internal.cloudapp.net, ports: [REPLICATION=33553, RATIS=38335, RATIS_ADMIN=38335, RATIS_SERVER=38335, STANDALONE=33109], networkLocation: /default-rack, certSerialId: null, persistedOpState: ENTERING_MAINTENANCE, persistedOpStateExpiryEpochSec: 0}, placeOfBirth=f22cc5c0-3e38-414a-900c-2421eb232dd6, sequenceId=33, keyCount=3, bytesUsed=57},ContainerReplica{containerID=#6, state=QUASI_CLOSED, datanodeDetails=2770806d-009d-48da-9d50-3d9453a3ad96{ip: 10.1.0.13, host: fv-az105-298.wy5h1aom0jgehahef1oyr10hrc.bx.internal.cloudapp.net, ports: [REPLICATION=42903, RATIS=41085, RATIS_ADMIN=41085, RATIS_SERVER=41085, STANDALONE=41997], networkLocation: /default-rack, certSerialId: null, persistedOpState: ENTERING_MAINTENANCE, persistedOpStateExpiryEpochSec: 0}, placeOfBirth=2770806d-009d-48da-9d50-3d9453a3ad96, sequenceId=33, keyCount=3, bytesUsed=57}}
2022-11-23 12:07:37,136 [DatanodeAdminManager-0] INFO  node.DatanodeAdminMonitorImpl (DatanodeAdminMonitorImpl.java:checkContainersReplicatedOnNode(356)) - Under Replicated Container #1 Container State: QUASI_CLOSED Replica Count: 3 Healthy Count: 0 Decommission Count: 0 Maintenance Count: 3 inFlightAdd Count: 0 inFightDel Count: 0 ReplicationFactor: 3 minMaintenance Count: 2; Replicas{ContainerReplica{containerID=#1, state=QUASI_CLOSED, datanodeDetails=2770806d-009d-48da-9d50-3d9453a3ad96{ip: 10.1.0.13, host: fv-az105-298.wy5h1aom0jgehahef1oyr10hrc.bx.internal.cloudapp.net, ports: [REPLICATION=42903, RATIS=41085, RATIS_ADMIN=41085, RATIS_SERVER=41085, STANDALONE=41997], networkLocation: /default-rack, certSerialId: null, persistedOpState: ENTERING_MAINTENANCE, persistedOpStateExpiryEpochSec: 0}, placeOfBirth=2770806d-009d-48da-9d50-3d9453a3ad96, sequenceId=37, keyCount=4, bytesUsed=76},ContainerReplica{containerID=#1, state=QUASI_CLOSED, datanodeDetails=2f53493c-3a9e-4904-8cf8-ac1f6fb0520e{ip: 10.1.0.13, host: fv-az105-298.wy5h1aom0jgehahef1oyr10hrc.bx.internal.cloudapp.net, ports: [REPLICATION=43097, RATIS=43085, RATIS_ADMIN=43085, RATIS_SERVER=43085, STANDALONE=37821], networkLocation: /default-rack, certSerialId: null, persistedOpState: ENTERING_MAINTENANCE, persistedOpStateExpiryEpochSec: 0}, placeOfBirth=2f53493c-3a9e-4904-8cf8-ac1f6fb0520e, sequenceId=37, keyCount=4, bytesUsed=76},ContainerReplica{containerID=#1, state=QUASI_CLOSED, datanodeDetails=f22cc5c0-3e38-414a-900c-2421eb232dd6{ip: 10.1.0.13, host: fv-az105-298.wy5h1aom0jgehahef1oyr10hrc.bx.internal.cloudapp.net, ports: [REPLICATION=33553, RATIS=38335, RATIS_ADMIN=38335, RATIS_SERVER=38335, STANDALONE=33109], networkLocation: /default-rack, certSerialId: null, persistedOpState: ENTERING_MAINTENANCE, persistedOpStateExpiryEpochSec: 0}, placeOfBirth=f22cc5c0-3e38-414a-900c-2421eb232dd6, sequenceId=37, keyCount=4, bytesUsed=76}}
2022-11-23 12:07:37,136 [DatanodeAdminManager-0] INFO  node.DatanodeAdminMonitorImpl (DatanodeAdminMonitorImpl.java:checkContainersReplicatedOnNode(356)) - Under Replicated Container #3 Container State: QUASI_CLOSED Replica Count: 3 Healthy Count: 0 Decommission Count: 0 Maintenance Count: 3 inFlightAdd Count: 0 inFightDel Count: 0 ReplicationFactor: 3 minMaintenance Count: 2; Replicas{ContainerReplica{containerID=#3, state=QUASI_CLOSED, datanodeDetails=2770806d-009d-48da-9d50-3d9453a3ad96{ip: 10.1.0.13, host: fv-az105-298.wy5h1aom0jgehahef1oyr10hrc.bx.internal.cloudapp.net, ports: [REPLICATION=42903, RATIS=41085, RATIS_ADMIN=41085, RATIS_SERVER=41085, STANDALONE=41997], networkLocation: /default-rack, certSerialId: null, persistedOpState: ENTERING_MAINTENANCE, persistedOpStateExpiryEpochSec: 0}, placeOfBirth=2770806d-009d-48da-9d50-3d9453a3ad96, sequenceId=30, keyCount=3, bytesUsed=57},ContainerReplica{containerID=#3, state=QUASI_CLOSED, datanodeDetails=2f53493c-3a9e-4904-8cf8-ac1f6fb0520e{ip: 10.1.0.13, host: fv-az105-298.wy5h1aom0jgehahef1oyr10hrc.bx.internal.cloudapp.net, ports: [REPLICATION=43097, RATIS=43085, RATIS_ADMIN=43085, RATIS_SERVER=43085, STANDALONE=37821], networkLocation: /default-rack, certSerialId: null, persistedOpState: ENTERING_MAINTENANCE, persistedOpStateExpiryEpochSec: 0}, placeOfBirth=2f53493c-3a9e-4904-8cf8-ac1f6fb0520e, sequenceId=30, keyCount=3, bytesUsed=57},ContainerReplica{containerID=#3, state=QUASI_CLOSED, datanodeDetails=f22cc5c0-3e38-414a-900c-2421eb232dd6{ip: 10.1.0.13, host: fv-az105-298.wy5h1aom0jgehahef1oyr10hrc.bx.internal.cloudapp.net, ports: [REPLICATION=33553, RATIS=38335, RATIS_ADMIN=38335, RATIS_SERVER=38335, STANDALONE=33109], networkLocation: /default-rack, certSerialId: null, persistedOpState: ENTERING_MAINTENANCE, persistedOpStateExpiryEpochSec: 0}, placeOfBirth=f22cc5c0-3e38-414a-900c-2421eb232dd6, sequenceId=30, keyCount=3, bytesUsed=57}}
2022-11-23 12:07:37,136 [DatanodeAdminManager-0] INFO  node.DatanodeAdminMonitorImpl (DatanodeAdminMonitorImpl.java:checkContainersReplicatedOnNode(377)) - 2f53493c-3a9e-4904-8cf8-ac1f6fb0520e{ip: 10.1.0.13, host: fv-az105-298.wy5h1aom0jgehahef1oyr10hrc.bx.internal.cloudapp.net, ports: [REPLICATION=43097, RATIS=43085, RATIS_ADMIN=43085, RATIS_SERVER=43085, STANDALONE=37821], networkLocation: /default-rack, certSerialId: null, persistedOpState: ENTERING_MAINTENANCE, persistedOpStateExpiryEpochSec: 0} has 0 sufficientlyReplicated, 3 underReplicated and 0 unhealthy containers
2022-11-23 12:07:37,136 [DatanodeAdminManager-0] INFO  node.DatanodeAdminMonitorImpl (DatanodeAdminMonitorImpl.java:run(169)) - There are 3 nodes tracked for decommission and maintenance.  0 pending nodes.
2022-11-23 12:07:37,138 [Over Replicated Processor] INFO  replication.OverReplicatedProcessor (OverReplicatedProcessor.java:processAll(79)) - Processed 0 over replicated containers, failed processing 0
2022-11-23 12:07:37,169 [ReplicationMonitor] INFO  replication.LegacyReplicationManager (LegacyReplicationManager.java:forceCloseContainer(1107)) - Force closing container #1 with BCSID 37, which is in QUASI_CLOSED state.
2022-11-23 12:07:37,169 [ReplicationMonitor] INFO  replication.LegacyReplicationManager (LegacyReplicationManager.java:sendCloseCommand(1511)) - Sending close container command for container #1 to datanode 2770806d-009d-48da-9d50-3d9453a3ad96{ip: 10.1.0.13, host: fv-az105-298.wy5h1aom0jgehahef1oyr10hrc.bx.internal.cloudapp.net, ports: [REPLICATION=42903, RATIS=41085, RATIS_ADMIN=41085, RATIS_SERVER=41085, STANDALONE=41997], networkLocation: /default-rack, certSerialId: null, persistedOpState: ENTERING_MAINTENANCE, persistedOpStateExpiryEpochSec: 0}.
2022-11-23 12:07:37,169 [ReplicationMonitor] INFO  replication.LegacyReplicationManager (LegacyReplicationManager.java:sendCloseCommand(1511)) - Sending close container command for container #1 to datanode 2f53493c-3a9e-4904-8cf8-ac1f6fb0520e{ip: 10.1.0.13, host: fv-az105-298.wy5h1aom0jgehahef1oyr10hrc.bx.internal.cloudapp.net, ports: [REPLICATION=43097, RATIS=43085, RATIS_ADMIN=43085, RATIS_SERVER=43085, STANDALONE=37821], networkLocation: /default-rack, certSerialId: null, persistedOpState: ENTERING_MAINTENANCE, persistedOpStateExpiryEpochSec: 0}.
2022-11-23 12:07:37,169 [ReplicationMonitor] INFO  replication.LegacyReplicationManager (LegacyReplicationManager.java:sendCloseCommand(1511)) - Sending close container command for container #1 to datanode f22cc5c0-3e38-414a-900c-2421eb232dd6{ip: 10.1.0.13, host: fv-az105-298.wy5h1aom0jgehahef1oyr10hrc.bx.internal.cloudapp.net, ports: [REPLICATION=33553, RATIS=38335, RATIS_ADMIN=38335, RATIS_SERVER=38335, STANDALONE=33109], networkLocation: /default-rack, certSerialId: null, persistedOpState: ENTERING_MAINTENANCE, persistedOpStateExpiryEpochSec: 0}.
2022-11-23 12:07:37,169 [ReplicationMonitor] INFO  replication.LegacyReplicationManager (LegacyReplicationManager.java:forceCloseContainer(1107)) - Force closing container #3 with BCSID 30, which is in QUASI_CLOSED state.
2022-11-23 12:07:37,169 [ReplicationMonitor] INFO  replication.LegacyReplicationManager (LegacyReplicationManager.java:sendCloseCommand(1511)) - Sending close container command for container #3 to datanode 2770806d-009d-48da-9d50-3d9453a3ad96{ip: 10.1.0.13, host: fv-az105-298.wy5h1aom0jgehahef1oyr10hrc.bx.internal.cloudapp.net, ports: [REPLICATION=42903, RATIS=41085, RATIS_ADMIN=41085, RATIS_SERVER=41085, STANDALONE=41997], networkLocation: /default-rack, certSerialId: null, persistedOpState: ENTERING_MAINTENANCE, persistedOpStateExpiryEpochSec: 0}.
2022-11-23 12:07:37,169 [ReplicationMonitor] INFO  replication.LegacyReplicationManager (LegacyReplicationManager.java:sendCloseCommand(1511)) - Sending close container command for container #3 to datanode 2f53493c-3a9e-4904-8cf8-ac1f6fb0520e{ip: 10.1.0.13, host: fv-az105-298.wy5h1aom0jgehahef1oyr10hrc.bx.internal.cloudapp.net, ports: [REPLICATION=43097, RATIS=43085, RATIS_ADMIN=43085, RATIS_SERVER=43085, STANDALONE=37821], networkLocation: /default-rack, certSerialId: null, persistedOpState: ENTERING_MAINTENANCE, persistedOpStateExpiryEpochSec: 0}.
2022-11-23 12:07:37,169 [ReplicationMonitor] INFO  replication.LegacyReplicationManager (LegacyReplicationManager.java:sendCloseCommand(1511)) - Sending close container command for container #3 to datanode f22cc5c0-3e38-414a-900c-2421eb232dd6{ip: 10.1.0.13, host: fv-az105-298.wy5h1aom0jgehahef1oyr10hrc.bx.internal.cloudapp.net, ports: [REPLICATION=33553, RATIS=38335, RATIS_ADMIN=38335, RATIS_SERVER=38335, STANDALONE=33109], networkLocation: /default-rack, certSerialId: null, persistedOpState: ENTERING_MAINTENANCE, persistedOpStateExpiryEpochSec: 0}.
2022-11-23 12:07:37,169 [ReplicationMonitor] INFO  replication.LegacyReplicationManager (LegacyReplicationManager.java:forceCloseContainer(1107)) - Force closing container #6 with BCSID 33, which is in QUASI_CLOSED state.
2022-11-23 12:07:37,170 [ReplicationMonitor] INFO  replication.LegacyReplicationManager (LegacyReplicationManager.java:sendCloseCommand(1511)) - Sending close container command for container #6 to datanode 2f53493c-3a9e-4904-8cf8-ac1f6fb0520e{ip: 10.1.0.13, host: fv-az105-298.wy5h1aom0jgehahef1oyr10hrc.bx.internal.cloudapp.net, ports: [REPLICATION=43097, RATIS=43085, RATIS_ADMIN=43085, RATIS_SERVER=43085, STANDALONE=37821], networkLocation: /default-rack, certSerialId: null, persistedOpState: ENTERING_MAINTENANCE, persistedOpStateExpiryEpochSec: 0}.
2022-11-23 12:07:37,170 [ReplicationMonitor] INFO  replication.LegacyReplicationManager (LegacyReplicationManager.java:sendCloseCommand(1511)) - Sending close container command for container #6 to datanode f22cc5c0-3e38-414a-900c-2421eb232dd6{ip: 10.1.0.13, host: fv-az105-298.wy5h1aom0jgehahef1oyr10hrc.bx.internal.cloudapp.net, ports: [REPLICATION=33553, RATIS=38335, RATIS_ADMIN=38335, RATIS_SERVER=38335, STANDALONE=33109], networkLocation: /default-rack, certSerialId: null, persistedOpState: ENTERING_MAINTENANCE, persistedOpStateExpiryEpochSec: 0}.
2022-11-23 12:07:37,170 [ReplicationMonitor] INFO  replication.LegacyReplicationManager (LegacyReplicationManager.java:sendCloseCommand(1511)) - Sending close container command for container #6 to datanode 2770806d-009d-48da-9d50-3d9453a3ad96{ip: 10.1.0.13, host: fv-az105-298.wy5h1aom0jgehahef1oyr10hrc.bx.internal.cloudapp.net, ports: [REPLICATION=42903, RATIS=41085, RATIS_ADMIN=41085, RATIS_SERVER=41085, STANDALONE=41997], networkLocation: /default-rack, certSerialId: null, persistedOpState: ENTERING_MAINTENANCE, persistedOpStateExpiryEpochSec: 0}.
2022-11-23 12:07:37,170 [ReplicationMonitor] INFO  replication.ReplicationManager (ReplicationManager.java:processAll(355)) - Replication Monitor Thread took 1 milliseconds for processing 6 containers.
2022-11-23 12:07:37,663 [Under Replicated Processor] INFO  replication.UnderReplicatedProcessor (UnderReplicatedProcessor.java:processAll(79)) - Processed 0 under replicated containers, failed processing 0
2022-11-23 12:07:37,664 [Over Replicated Processor] INFO  replication.OverReplicatedProcessor (OverReplicatedProcessor.java:processAll(79)) - Processed 0 over replicated containers, failed processing 0
2022-11-23 12:07:37,664 [ReplicationMonitor] INFO  replication.ReplicationManager (ReplicationManager.java:processAll(355)) - Replication Monitor Thread took 0 milliseconds for processing 0 containers.
2022-11-23 12:07:37,727 [Command processor thread] INFO  keyvalue.KeyValueContainer (KeyValueContainer.java:flushAndSyncDB(437)) - Container 1 is synced with bcsId 37.
2022-11-23 12:07:37,727 [Command processor thread] INFO  keyvalue.KeyValueContainer (KeyValueContainer.java:flushAndSyncDB(437)) - Container 1 is synced with bcsId 37.
2022-11-23 12:07:37,729 [Command processor thread] INFO  keyvalue.KeyValueContainer (KeyValueContainer.java:close(352)) - Container 1 is closed with bcsId 37.
2022-11-23 12:07:37,729 [Command processor thread] INFO  keyvalue.KeyValueContainer (KeyValueContainer.java:flushAndSyncDB(437)) - Container 3 is synced with bcsId 30.
2022-11-23 12:07:37,729 [Command processor thread] INFO  keyvalue.KeyValueContainer (KeyValueContainer.java:flushAndSyncDB(437)) - Container 3 is synced with bcsId 30.
2022-11-23 12:07:37,730 [FixedThreadPoolWithAffinityExecutor-1-0] INFO  container.IncrementalContainerReportHandler (AbstractContainerReportHandler.java:updateContainerState(318)) - Moving container #1 to CLOSED state, datanode 2770806d-009d-48da-9d50-3d9453a3ad96{ip: 10.1.0.13, host: fv-az105-298.wy5h1aom0jgehahef1oyr10hrc.bx.internal.cloudapp.net, ports: [REPLICATION=42903, RATIS=41085, RATIS_ADMIN=41085, RATIS_SERVER=41085, STANDALONE=41997], networkLocation: /default-rack, certSerialId: null, persistedOpState: ENTERING_MAINTENANCE, persistedOpStateExpiryEpochSec: 0} reported CLOSED replica.
2022-11-23 12:07:37,732 [Command processor thread] INFO  keyvalue.KeyValueContainer (KeyValueContainer.java:close(352)) - Container 3 is closed with bcsId 30.
2022-11-23 12:07:37,732 [Command processor thread] INFO  keyvalue.KeyValueContainer (KeyValueContainer.java:flushAndSyncDB(437)) - Container 6 is synced with bcsId 33.
2022-11-23 12:07:37,732 [Command processor thread] INFO  keyvalue.KeyValueContainer (KeyValueContainer.java:flushAndSyncDB(437)) - Container 6 is synced with bcsId 33.
2022-11-23 12:07:37,732 [FixedThreadPoolWithAffinityExecutor-1-0] INFO  container.IncrementalContainerReportHandler (AbstractContainerReportHandler.java:updateContainerState(318)) - Moving container #3 to CLOSED state, datanode 2770806d-009d-48da-9d50-3d9453a3ad96{ip: 10.1.0.13, host: fv-az105-298.wy5h1aom0jgehahef1oyr10hrc.bx.internal.cloudapp.net, ports: [REPLICATION=42903, RATIS=41085, RATIS_ADMIN=41085, RATIS_SERVER=41085, STANDALONE=41997], networkLocation: /default-rack, certSerialId: null, persistedOpState: ENTERING_MAINTENANCE, persistedOpStateExpiryEpochSec: 0} reported CLOSED replica.
2022-11-23 12:07:37,734 [Command processor thread] INFO  keyvalue.KeyValueContainer (KeyValueContainer.java:close(352)) - Container 6 is closed with bcsId 33.
2022-11-23 12:07:37,734 [FixedThreadPoolWithAffinityExecutor-1-0] INFO  container.IncrementalContainerReportHandler (AbstractContainerReportHandler.java:updateContainerState(318)) - Moving container #6 to CLOSED state, datanode 2770806d-009d-48da-9d50-3d9453a3ad96{ip: 10.1.0.13, host: fv-az105-298.wy5h1aom0jgehahef1oyr10hrc.bx.internal.cloudapp.net, ports: [REPLICATION=42903, RATIS=41085, RATIS_ADMIN=41085, RATIS_SERVER=41085, STANDALONE=41997], networkLocation: /default-rack, certSerialId: null, persistedOpState: ENTERING_MAINTENANCE, persistedOpStateExpiryEpochSec: 0} reported CLOSED replica.
2022-11-23 12:07:37,759 [Command processor thread] INFO  keyvalue.KeyValueContainer (KeyValueContainer.java:flushAndSyncDB(437)) - Container 1 is synced with bcsId 37.
2022-11-23 12:07:37,759 [Command processor thread] INFO  keyvalue.KeyValueContainer (KeyValueContainer.java:flushAndSyncDB(437)) - Container 1 is synced with bcsId 37.
2022-11-23 12:07:37,760 [Command processor thread] INFO  keyvalue.KeyValueContainer (KeyValueContainer.java:close(352)) - Container 1 is closed with bcsId 37.
2022-11-23 12:07:37,760 [Command processor thread] INFO  keyvalue.KeyValueContainer (KeyValueContainer.java:flushAndSyncDB(437)) - Container 3 is synced with bcsId 30.
2022-11-23 12:07:37,760 [Command processor thread] INFO  keyvalue.KeyValueContainer (KeyValueContainer.java:flushAndSyncDB(437)) - Container 3 is synced with bcsId 30.
2022-11-23 12:07:37,762 [Command processor thread] INFO  keyvalue.KeyValueContainer (KeyValueContainer.java:close(352)) - Container 3 is closed with bcsId 30.
2022-11-23 12:07:37,762 [Command processor thread] INFO  keyvalue.KeyValueContainer (KeyValueContainer.java:flushAndSyncDB(437)) - Container 6 is synced with bcsId 33.
2022-11-23 12:07:37,763 [Command processor thread] INFO  keyvalue.KeyValueContainer (KeyValueContainer.java:flushAndSyncDB(437)) - Container 6 is synced with bcsId 33.
2022-11-23 12:07:37,764 [Command processor thread] INFO  keyvalue.KeyValueContainer (KeyValueContainer.java:close(352)) - Container 6 is closed with bcsId 33.
2022-11-23 12:07:38,132 [Under Replicated Processor] INFO  replication.UnderReplicatedProcessor (UnderReplicatedProcessor.java:processAll(79)) - Processed 0 under replicated containers, failed processing 0
2022-11-23 12:07:38,135 [DatanodeAdminManager-0] INFO  node.DatanodeAdminMonitorImpl (DatanodeAdminMonitorImpl.java:checkContainersReplicatedOnNode(356)) - Under Replicated Container #6 Container State: CLOSED Replica Count: 3 Healthy Count: 0 Decommission Count: 0 Maintenance Count: 3 inFlightAdd Count: 0 inFightDel Count: 0 ReplicationFactor: 3 minMaintenance Count: 2; Replicas{ContainerReplica{containerID=#6, state=QUASI_CLOSED, datanodeDetails=2f53493c-3a9e-4904-8cf8-ac1f6fb0520e{ip: 10.1.0.13, host: fv-az105-298.wy5h1aom0jgehahef1oyr10hrc.bx.internal.cloudapp.net, ports: [REPLICATION=43097, RATIS=43085, RATIS_ADMIN=43085, RATIS_SERVER=43085, STANDALONE=37821], networkLocation: /default-rack, certSerialId: null, persistedOpState: ENTERING_MAINTENANCE, persistedOpStateExpiryEpochSec: 0}, placeOfBirth=2f53493c-3a9e-4904-8cf8-ac1f6fb0520e, sequenceId=33, keyCount=3, bytesUsed=57},ContainerReplica{containerID=#6, state=CLOSED, datanodeDetails=f22cc5c0-3e38-414a-900c-2421eb232dd6{ip: 10.1.0.13, host: fv-az105-298.wy5h1aom0jgehahef1oyr10hrc.bx.internal.cloudapp.net, ports: [REPLICATION=33553, RATIS=38335, RATIS_ADMIN=38335, RATIS_SERVER=38335, STANDALONE=33109], networkLocation: /default-rack, certSerialId: null, persistedOpState: ENTERING_MAINTENANCE, persistedOpStateExpiryEpochSec: 0}, placeOfBirth=f22cc5c0-3e38-414a-900c-2421eb232dd6, sequenceId=33, keyCount=3, bytesUsed=57},ContainerReplica{containerID=#6, state=CLOSED, datanodeDetails=2770806d-009d-48da-9d50-3d9453a3ad96{ip: 10.1.0.13, host: fv-az105-298.wy5h1aom0jgehahef1oyr10hrc.bx.internal.cloudapp.net, ports: [REPLICATION=42903, RATIS=41085, RATIS_ADMIN=41085, RATIS_SERVER=41085, STANDALONE=41997], networkLocation: /default-rack, certSerialId: null, persistedOpState: ENTERING_MAINTENANCE, persistedOpStateExpiryEpochSec: 0}, placeOfBirth=2770806d-009d-48da-9d50-3d9453a3ad96, sequenceId=33, keyCount=3, bytesUsed=57}}
2022-11-23 12:07:38,135 [DatanodeAdminManager-0] INFO  node.DatanodeAdminMonitorImpl (DatanodeAdminMonitorImpl.java:checkContainersReplicatedOnNode(356)) - Under Replicated Container #1 Container State: CLOSED Replica Count: 3 Healthy Count: 0 Decommission Count: 0 Maintenance Count: 3 inFlightAdd Count: 0 inFightDel Count: 0 ReplicationFactor: 3 minMaintenance Count: 2; Replicas{ContainerReplica{containerID=#1, state=CLOSED, datanodeDetails=2770806d-009d-48da-9d50-3d9453a3ad96{ip: 10.1.0.13, host: fv-az105-298.wy5h1aom0jgehahef1oyr10hrc.bx.internal.cloudapp.net, ports: [REPLICATION=42903, RATIS=41085, RATIS_ADMIN=41085, RATIS_SERVER=41085, STANDALONE=41997], networkLocation: /default-rack, certSerialId: null, persistedOpState: ENTERING_MAINTENANCE, persistedOpStateExpiryEpochSec: 0}, placeOfBirth=2770806d-009d-48da-9d50-3d9453a3ad96, sequenceId=37, keyCount=4, bytesUsed=76},ContainerReplica{containerID=#1, state=QUASI_CLOSED, datanodeDetails=2f53493c-3a9e-4904-8cf8-ac1f6fb0520e{ip: 10.1.0.13, host: fv-az105-298.wy5h1aom0jgehahef1oyr10hrc.bx.internal.cloudapp.net, ports: [REPLICATION=43097, RATIS=43085, RATIS_ADMIN=43085, RATIS_SERVER=43085, STANDALONE=37821], networkLocation: /default-rack, certSerialId: null, persistedOpState: ENTERING_MAINTENANCE, persistedOpStateExpiryEpochSec: 0}, placeOfBirth=2f53493c-3a9e-4904-8cf8-ac1f6fb0520e, sequenceId=37, keyCount=4, bytesUsed=76},ContainerReplica{containerID=#1, state=CLOSED, datanodeDetails=f22cc5c0-3e38-414a-900c-2421eb232dd6{ip: 10.1.0.13, host: fv-az105-298.wy5h1aom0jgehahef1oyr10hrc.bx.internal.cloudapp.net, ports: [REPLICATION=33553, RATIS=38335, RATIS_ADMIN=38335, RATIS_SERVER=38335, STANDALONE=33109], networkLocation: /default-rack, certSerialId: null, persistedOpState: ENTERING_MAINTENANCE, persistedOpStateExpiryEpochSec: 0}, placeOfBirth=f22cc5c0-3e38-414a-900c-2421eb232dd6, sequenceId=37, keyCount=4, bytesUsed=76}}
2022-11-23 12:07:38,135 [DatanodeAdminManager-0] INFO  node.DatanodeAdminMonitorImpl (DatanodeAdminMonitorImpl.java:checkContainersReplicatedOnNode(356)) - Under Replicated Container #3 Container State: CLOSED Replica Count: 3 Healthy Count: 0 Decommission Count: 0 Maintenance Count: 3 inFlightAdd Count: 0 inFightDel Count: 0 ReplicationFactor: 3 minMaintenance Count: 2; Replicas{ContainerReplica{containerID=#3, state=CLOSED, datanodeDetails=2770806d-009d-48da-9d50-3d9453a3ad96{ip: 10.1.0.13, host: fv-az105-298.wy5h1aom0jgehahef1oyr10hrc.bx.internal.cloudapp.net, ports: [REPLICATION=42903, RATIS=41085, RATIS_ADMIN=41085, RATIS_SERVER=41085, STANDALONE=41997], networkLocation: /default-rack, certSerialId: null, persistedOpState: ENTERING_MAINTENANCE, persistedOpStateExpiryEpochSec: 0}, placeOfBirth=2770806d-009d-48da-9d50-3d9453a3ad96, sequenceId=30, keyCount=3, bytesUsed=57},ContainerReplica{containerID=#3, state=QUASI_CLOSED, datanodeDetails=2f53493c-3a9e-4904-8cf8-ac1f6fb0520e{ip: 10.1.0.13, host: fv-az105-298.wy5h1aom0jgehahef1oyr10hrc.bx.internal.cloudapp.net, ports: [REPLICATION=43097, RATIS=43085, RATIS_ADMIN=43085, RATIS_SERVER=43085, STANDALONE=37821], networkLocation: /default-rack, certSerialId: null, persistedOpState: ENTERING_MAINTENANCE, persistedOpStateExpiryEpochSec: 0}, placeOfBirth=2f53493c-3a9e-4904-8cf8-ac1f6fb0520e, sequenceId=30, keyCount=3, bytesUsed=57},ContainerReplica{containerID=#3, state=CLOSED, datanodeDetails=f22cc5c0-3e38-414a-900c-2421eb232dd6{ip: 10.1.0.13, host: fv-az105-298.wy5h1aom0jgehahef1oyr10hrc.bx.internal.cloudapp.net, ports: [REPLICATION=33553, RATIS=38335, RATIS_ADMIN=38335, RATIS_SERVER=38335, STANDALONE=33109], networkLocation: /default-rack, certSerialId: null, persistedOpState: ENTERING_MAINTENANCE, persistedOpStateExpiryEpochSec: 0}, placeOfBirth=f22cc5c0-3e38-414a-900c-2421eb232dd6, sequenceId=30, keyCount=3, bytesUsed=57}}
2022-11-23 12:07:38,136 [DatanodeAdminManager-0] INFO  node.DatanodeAdminMonitorImpl (DatanodeAdminMonitorImpl.java:checkContainersReplicatedOnNode(377)) - f22cc5c0-3e38-414a-900c-2421eb232dd6{ip: 10.1.0.13, host: fv-az105-298.wy5h1aom0jgehahef1oyr10hrc.bx.internal.cloudapp.net, ports: [REPLICATION=33553, RATIS=38335, RATIS_ADMIN=38335, RATIS_SERVER=38335, STANDALONE=33109], networkLocation: /default-rack, certSerialId: null, persistedOpState: ENTERING_MAINTENANCE, persistedOpStateExpiryEpochSec: 0} has 0 sufficientlyReplicated, 3 underReplicated and 0 unhealthy containers
2022-11-23 12:07:38,136 [DatanodeAdminManager-0] INFO  node.DatanodeAdminMonitorImpl (DatanodeAdminMonitorImpl.java:checkContainersReplicatedOnNode(356)) - Under Replicated Container #6 Container State: CLOSED Replica Count: 3 Healthy Count: 0 Decommission Count: 0 Maintenance Count: 3 inFlightAdd Count: 0 inFightDel Count: 0 ReplicationFactor: 3 minMaintenance Count: 2; Replicas{ContainerReplica{containerID=#6, state=QUASI_CLOSED, datanodeDetails=2f53493c-3a9e-4904-8cf8-ac1f6fb0520e{ip: 10.1.0.13, host: fv-az105-298.wy5h1aom0jgehahef1oyr10hrc.bx.internal.cloudapp.net, ports: [REPLICATION=43097, RATIS=43085, RATIS_ADMIN=43085, RATIS_SERVER=43085, STANDALONE=37821], networkLocation: /default-rack, certSerialId: null, persistedOpState: ENTERING_MAINTENANCE, persistedOpStateExpiryEpochSec: 0}, placeOfBirth=2f53493c-3a9e-4904-8cf8-ac1f6fb0520e, sequenceId=33, keyCount=3, bytesUsed=57},ContainerReplica{containerID=#6, state=CLOSED, datanodeDetails=f22cc5c0-3e38-414a-900c-2421eb232dd6{ip: 10.1.0.13, host: fv-az105-298.wy5h1aom0jgehahef1oyr10hrc.bx.internal.cloudapp.net, ports: [REPLICATION=33553, RATIS=38335, RATIS_ADMIN=38335, RATIS_SERVER=38335, STANDALONE=33109], networkLocation: /default-rack, certSerialId: null, persistedOpState: ENTERING_MAINTENANCE, persistedOpStateExpiryEpochSec: 0}, placeOfBirth=f22cc5c0-3e38-414a-900c-2421eb232dd6, sequenceId=33, keyCount=3, bytesUsed=57},ContainerReplica{containerID=#6, state=CLOSED, datanodeDetails=2770806d-009d-48da-9d50-3d9453a3ad96{ip: 10.1.0.13, host: fv-az105-298.wy5h1aom0jgehahef1oyr10hrc.bx.internal.cloudapp.net, ports: [REPLICATION=42903, RATIS=41085, RATIS_ADMIN=41085, RATIS_SERVER=41085, STANDALONE=41997], networkLocation: /default-rack, certSerialId: null, persistedOpState: ENTERING_MAINTENANCE, persistedOpStateExpiryEpochSec: 0}, placeOfBirth=2770806d-009d-48da-9d50-3d9453a3ad96, sequenceId=33, keyCount=3, bytesUsed=57}}
2022-11-23 12:07:38,136 [DatanodeAdminManager-0] INFO  node.DatanodeAdminMonitorImpl (DatanodeAdminMonitorImpl.java:checkContainersReplicatedOnNode(356)) - Under Replicated Container #1 Container State: CLOSED Replica Count: 3 Healthy Count: 0 Decommission Count: 0 Maintenance Count: 3 inFlightAdd Count: 0 inFightDel Count: 0 ReplicationFactor: 3 minMaintenance Count: 2; Replicas{ContainerReplica{containerID=#1, state=CLOSED, datanodeDetails=2770806d-009d-48da-9d50-3d9453a3ad96{ip: 10.1.0.13, host: fv-az105-298.wy5h1aom0jgehahef1oyr10hrc.bx.internal.cloudapp.net, ports: [REPLICATION=42903, RATIS=41085, RATIS_ADMIN=41085, RATIS_SERVER=41085, STANDALONE=41997], networkLocation: /default-rack, certSerialId: null, persistedOpState: ENTERING_MAINTENANCE, persistedOpStateExpiryEpochSec: 0}, placeOfBirth=2770806d-009d-48da-9d50-3d9453a3ad96, sequenceId=37, keyCount=4, bytesUsed=76},ContainerReplica{containerID=#1, state=QUASI_CLOSED, datanodeDetails=2f53493c-3a9e-4904-8cf8-ac1f6fb0520e{ip: 10.1.0.13, host: fv-az105-298.wy5h1aom0jgehahef1oyr10hrc.bx.internal.cloudapp.net, ports: [REPLICATION=43097, RATIS=43085, RATIS_ADMIN=43085, RATIS_SERVER=43085, STANDALONE=37821], networkLocation: /default-rack, certSerialId: null, persistedOpState: ENTERING_MAINTENANCE, persistedOpStateExpiryEpochSec: 0}, placeOfBirth=2f53493c-3a9e-4904-8cf8-ac1f6fb0520e, sequenceId=37, keyCount=4, bytesUsed=76},ContainerReplica{containerID=#1, state=CLOSED, datanodeDetails=f22cc5c0-3e38-414a-900c-2421eb232dd6{ip: 10.1.0.13, host: fv-az105-298.wy5h1aom0jgehahef1oyr10hrc.bx.internal.cloudapp.net, ports: [REPLICATION=33553, RATIS=38335, RATIS_ADMIN=38335, RATIS_SERVER=38335, STANDALONE=33109], networkLocation: /default-rack, certSerialId: null, persistedOpState: ENTERING_MAINTENANCE, persistedOpStateExpiryEpochSec: 0}, placeOfBirth=f22cc5c0-3e38-414a-900c-2421eb232dd6, sequenceId=37, keyCount=4, bytesUsed=76}}
2022-11-23 12:07:38,136 [DatanodeAdminManager-0] INFO  node.DatanodeAdminMonitorImpl (DatanodeAdminMonitorImpl.java:checkContainersReplicatedOnNode(356)) - Under Replicated Container #3 Container State: CLOSED Replica Count: 3 Healthy Count: 0 Decommission Count: 0 Maintenance Count: 3 inFlightAdd Count: 0 inFightDel Count: 0 ReplicationFactor: 3 minMaintenance Count: 2; Replicas{ContainerReplica{containerID=#3, state=CLOSED, datanodeDetails=2770806d-009d-48da-9d50-3d9453a3ad96{ip: 10.1.0.13, host: fv-az105-298.wy5h1aom0jgehahef1oyr10hrc.bx.internal.cloudapp.net, ports: [REPLICATION=42903, RATIS=41085, RATIS_ADMIN=41085, RATIS_SERVER=41085, STANDALONE=41997], networkLocation: /default-rack, certSerialId: null, persistedOpState: ENTERING_MAINTENANCE, persistedOpStateExpiryEpochSec: 0}, placeOfBirth=2770806d-009d-48da-9d50-3d9453a3ad96, sequenceId=30, keyCount=3, bytesUsed=57},ContainerReplica{containerID=#3, state=QUASI_CLOSED, datanodeDetails=2f53493c-3a9e-4904-8cf8-ac1f6fb0520e{ip: 10.1.0.13, host: fv-az105-298.wy5h1aom0jgehahef1oyr10hrc.bx.internal.cloudapp.net, ports: [REPLICATION=43097, RATIS=43085, RATIS_ADMIN=43085, RATIS_SERVER=43085, STANDALONE=37821], networkLocation: /default-rack, certSerialId: null, persistedOpState: ENTERING_MAINTENANCE, persistedOpStateExpiryEpochSec: 0}, placeOfBirth=2f53493c-3a9e-4904-8cf8-ac1f6fb0520e, sequenceId=30, keyCount=3, bytesUsed=57},ContainerReplica{containerID=#3, state=CLOSED, datanodeDetails=f22cc5c0-3e38-414a-900c-2421eb232dd6{ip: 10.1.0.13, host: fv-az105-298.wy5h1aom0jgehahef1oyr10hrc.bx.internal.cloudapp.net, ports: [REPLICATION=33553, RATIS=38335, RATIS_ADMIN=38335, RATIS_SERVER=38335, STANDALONE=33109], networkLocation: /default-rack, certSerialId: null, persistedOpState: ENTERING_MAINTENANCE, persistedOpStateExpiryEpochSec: 0}, placeOfBirth=f22cc5c0-3e38-414a-900c-2421eb232dd6, sequenceId=30, keyCount=3, bytesUsed=57}}
2022-11-23 12:07:38,136 [DatanodeAdminManager-0] INFO  node.DatanodeAdminMonitorImpl (DatanodeAdminMonitorImpl.java:checkContainersReplicatedOnNode(377)) - 2770806d-009d-48da-9d50-3d9453a3ad96{ip: 10.1.0.13, host: fv-az105-298.wy5h1aom0jgehahef1oyr10hrc.bx.internal.cloudapp.net, ports: [REPLICATION=42903, RATIS=41085, RATIS_ADMIN=41085, RATIS_SERVER=41085, STANDALONE=41997], networkLocation: /default-rack, certSerialId: null, persistedOpState: ENTERING_MAINTENANCE, persistedOpStateExpiryEpochSec: 0} has 0 sufficientlyReplicated, 3 underReplicated and 0 unhealthy containers
2022-11-23 12:07:38,136 [DatanodeAdminManager-0] INFO  node.DatanodeAdminMonitorImpl (DatanodeAdminMonitorImpl.java:checkContainersReplicatedOnNode(356)) - Under Replicated Container #6 Container State: CLOSED Replica Count: 3 Healthy Count: 0 Decommission Count: 0 Maintenance Count: 3 inFlightAdd Count: 0 inFightDel Count: 0 ReplicationFactor: 3 minMaintenance Count: 2; Replicas{ContainerReplica{containerID=#6, state=QUASI_CLOSED, datanodeDetails=2f53493c-3a9e-4904-8cf8-ac1f6fb0520e{ip: 10.1.0.13, host: fv-az105-298.wy5h1aom0jgehahef1oyr10hrc.bx.internal.cloudapp.net, ports: [REPLICATION=43097, RATIS=43085, RATIS_ADMIN=43085, RATIS_SERVER=43085, STANDALONE=37821], networkLocation: /default-rack, certSerialId: null, persistedOpState: ENTERING_MAINTENANCE, persistedOpStateExpiryEpochSec: 0}, placeOfBirth=2f53493c-3a9e-4904-8cf8-ac1f6fb0520e, sequenceId=33, keyCount=3, bytesUsed=57},ContainerReplica{containerID=#6, state=CLOSED, datanodeDetails=f22cc5c0-3e38-414a-900c-2421eb232dd6{ip: 10.1.0.13, host: fv-az105-298.wy5h1aom0jgehahef1oyr10hrc.bx.internal.cloudapp.net, ports: [REPLICATION=33553, RATIS=38335, RATIS_ADMIN=38335, RATIS_SERVER=38335, STANDALONE=33109], networkLocation: /default-rack, certSerialId: null, persistedOpState: ENTERING_MAINTENANCE, persistedOpStateExpiryEpochSec: 0}, placeOfBirth=f22cc5c0-3e38-414a-900c-2421eb232dd6, sequenceId=33, keyCount=3, bytesUsed=57},ContainerReplica{containerID=#6, state=CLOSED, datanodeDetails=2770806d-009d-48da-9d50-3d9453a3ad96{ip: 10.1.0.13, host: fv-az105-298.wy5h1aom0jgehahef1oyr10hrc.bx.internal.cloudapp.net, ports: [REPLICATION=42903, RATIS=41085, RATIS_ADMIN=41085, RATIS_SERVER=41085, STANDALONE=41997], networkLocation: /default-rack, certSerialId: null, persistedOpState: ENTERING_MAINTENANCE, persistedOpStateExpiryEpochSec: 0}, placeOfBirth=2770806d-009d-48da-9d50-3d9453a3ad96, sequenceId=33, keyCount=3, bytesUsed=57}}
2022-11-23 12:07:38,136 [DatanodeAdminManager-0] INFO  node.DatanodeAdminMonitorImpl (DatanodeAdminMonitorImpl.java:checkContainersReplicatedOnNode(356)) - Under Replicated Container #1 Container State: CLOSED Replica Count: 3 Healthy Count: 0 Decommission Count: 0 Maintenance Count: 3 inFlightAdd Count: 0 inFightDel Count: 0 ReplicationFactor: 3 minMaintenance Count: 2; Replicas{ContainerReplica{containerID=#1, state=CLOSED, datanodeDetails=2770806d-009d-48da-9d50-3d9453a3ad96{ip: 10.1.0.13, host: fv-az105-298.wy5h1aom0jgehahef1oyr10hrc.bx.internal.cloudapp.net, ports: [REPLICATION=42903, RATIS=41085, RATIS_ADMIN=41085, RATIS_SERVER=41085, STANDALONE=41997], networkLocation: /default-rack, certSerialId: null, persistedOpState: ENTERING_MAINTENANCE, persistedOpStateExpiryEpochSec: 0}, placeOfBirth=2770806d-009d-48da-9d50-3d9453a3ad96, sequenceId=37, keyCount=4, bytesUsed=76},ContainerReplica{containerID=#1, state=QUASI_CLOSED, datanodeDetails=2f53493c-3a9e-4904-8cf8-ac1f6fb0520e{ip: 10.1.0.13, host: fv-az105-298.wy5h1aom0jgehahef1oyr10hrc.bx.internal.cloudapp.net, ports: [REPLICATION=43097, RATIS=43085, RATIS_ADMIN=43085, RATIS_SERVER=43085, STANDALONE=37821], networkLocation: /default-rack, certSerialId: null, persistedOpState: ENTERING_MAINTENANCE, persistedOpStateExpiryEpochSec: 0}, placeOfBirth=2f53493c-3a9e-4904-8cf8-ac1f6fb0520e, sequenceId=37, keyCount=4, bytesUsed=76},ContainerReplica{containerID=#1, state=CLOSED, datanodeDetails=f22cc5c0-3e38-414a-900c-2421eb232dd6{ip: 10.1.0.13, host: fv-az105-298.wy5h1aom0jgehahef1oyr10hrc.bx.internal.cloudapp.net, ports: [REPLICATION=33553, RATIS=38335, RATIS_ADMIN=38335, RATIS_SERVER=38335, STANDALONE=33109], networkLocation: /default-rack, certSerialId: null, persistedOpState: ENTERING_MAINTENANCE, persistedOpStateExpiryEpochSec: 0}, placeOfBirth=f22cc5c0-3e38-414a-900c-2421eb232dd6, sequenceId=37, keyCount=4, bytesUsed=76}}
2022-11-23 12:07:38,136 [DatanodeAdminManager-0] INFO  node.DatanodeAdminMonitorImpl (DatanodeAdminMonitorImpl.java:checkContainersReplicatedOnNode(356)) - Under Replicated Container #3 Container State: CLOSED Replica Count: 3 Healthy Count: 0 Decommission Count: 0 Maintenance Count: 3 inFlightAdd Count: 0 inFightDel Count: 0 ReplicationFactor: 3 minMaintenance Count: 2; Replicas{ContainerReplica{containerID=#3, state=CLOSED, datanodeDetails=2770806d-009d-48da-9d50-3d9453a3ad96{ip: 10.1.0.13, host: fv-az105-298.wy5h1aom0jgehahef1oyr10hrc.bx.internal.cloudapp.net, ports: [REPLICATION=42903, RATIS=41085, RATIS_ADMIN=41085, RATIS_SERVER=41085, STANDALONE=41997], networkLocation: /default-rack, certSerialId: null, persistedOpState: ENTERING_MAINTENANCE, persistedOpStateExpiryEpochSec: 0}, placeOfBirth=2770806d-009d-48da-9d50-3d9453a3ad96, sequenceId=30, keyCount=3, bytesUsed=57},ContainerReplica{containerID=#3, state=QUASI_CLOSED, datanodeDetails=2f53493c-3a9e-4904-8cf8-ac1f6fb0520e{ip: 10.1.0.13, host: fv-az105-298.wy5h1aom0jgehahef1oyr10hrc.bx.internal.cloudapp.net, ports: [REPLICATION=43097, RATIS=43085, RATIS_ADMIN=43085, RATIS_SERVER=43085, STANDALONE=37821], networkLocation: /default-rack, certSerialId: null, persistedOpState: ENTERING_MAINTENANCE, persistedOpStateExpiryEpochSec: 0}, placeOfBirth=2f53493c-3a9e-4904-8cf8-ac1f6fb0520e, sequenceId=30, keyCount=3, bytesUsed=57},ContainerReplica{containerID=#3, state=CLOSED, datanodeDetails=f22cc5c0-3e38-414a-900c-2421eb232dd6{ip: 10.1.0.13, host: fv-az105-298.wy5h1aom0jgehahef1oyr10hrc.bx.internal.cloudapp.net, ports: [REPLICATION=33553, RATIS=38335, RATIS_ADMIN=38335, RATIS_SERVER=38335, STANDALONE=33109], networkLocation: /default-rack, certSerialId: null, persistedOpState: ENTERING_MAINTENANCE, persistedOpStateExpiryEpochSec: 0}, placeOfBirth=f22cc5c0-3e38-414a-900c-2421eb232dd6, sequenceId=30, keyCount=3, bytesUsed=57}}
2022-11-23 12:07:38,136 [DatanodeAdminManager-0] INFO  node.DatanodeAdminMonitorImpl (DatanodeAdminMonitorImpl.java:checkContainersReplicatedOnNode(377)) - 2f53493c-3a9e-4904-8cf8-ac1f6fb0520e{ip: 10.1.0.13, host: fv-az105-298.wy5h1aom0jgehahef1oyr10hrc.bx.internal.cloudapp.net, ports: [REPLICATION=43097, RATIS=43085, RATIS_ADMIN=43085, RATIS_SERVER=43085, STANDALONE=37821], networkLocation: /default-rack, certSerialId: null, persistedOpState: ENTERING_MAINTENANCE, persistedOpStateExpiryEpochSec: 0} has 0 sufficientlyReplicated, 3 underReplicated and 0 unhealthy containers
2022-11-23 12:07:38,136 [DatanodeAdminManager-0] INFO  node.DatanodeAdminMonitorImpl (DatanodeAdminMonitorImpl.java:run(169)) - There are 3 nodes tracked for decommission and maintenance.  0 pending nodes.
2022-11-23 12:07:38,138 [Over Replicated Processor] INFO  replication.OverReplicatedProcessor (OverReplicatedProcessor.java:processAll(79)) - Processed 0 over replicated containers, failed processing 0
2022-11-23 12:07:38,170 [ReplicationMonitor] INFO  replication.LegacyReplicationManager (LegacyReplicationManager.java:handleUnderReplicatedContainer(1194)) - Container #1 is under replicated. Expected replica count is 3, but found 1.
2022-11-23 12:07:38,170 [ReplicationMonitor] INFO  replication.LegacyReplicationManager (LegacyReplicationManager.java:sendReplicateCommand(1558)) - Sending replicate container command for container #1 to datanode 388c1d2c-da9f-4216-9168-b64bdab690f4{ip: 10.1.0.13, host: fv-az105-298.wy5h1aom0jgehahef1oyr10hrc.bx.internal.cloudapp.net, ports: [REPLICATION=34649, RATIS=37573, RATIS_ADMIN=37573, RATIS_SERVER=37573, STANDALONE=41231], networkLocation: /default-rack, certSerialId: null, persistedOpState: IN_SERVICE, persistedOpStateExpiryEpochSec: 0} from datanodes [2770806d-009d-48da-9d50-3d9453a3ad96{ip: 10.1.0.13, host: fv-az105-298.wy5h1aom0jgehahef1oyr10hrc.bx.internal.cloudapp.net, ports: [REPLICATION=42903, RATIS=41085, RATIS_ADMIN=41085, RATIS_SERVER=41085, STANDALONE=41997], networkLocation: /default-rack, certSerialId: null, persistedOpState: ENTERING_MAINTENANCE, persistedOpStateExpiryEpochSec: 0}, 2f53493c-3a9e-4904-8cf8-ac1f6fb0520e{ip: 10.1.0.13, host: fv-az105-298.wy5h1aom0jgehahef1oyr10hrc.bx.internal.cloudapp.net, ports: [REPLICATION=43097, RATIS=43085, RATIS_ADMIN=43085, RATIS_SERVER=43085, STANDALONE=37821], networkLocation: /default-rack, certSerialId: null, persistedOpState: ENTERING_MAINTENANCE, persistedOpStateExpiryEpochSec: 0}, f22cc5c0-3e38-414a-900c-2421eb232dd6{ip: 10.1.0.13, host: fv-az105-298.wy5h1aom0jgehahef1oyr10hrc.bx.internal.cloudapp.net, ports: [REPLICATION=33553, RATIS=38335, RATIS_ADMIN=38335, RATIS_SERVER=38335, STANDALONE=33109], networkLocation: /default-rack, certSerialId: null, persistedOpState: ENTERING_MAINTENANCE, persistedOpStateExpiryEpochSec: 0}]
2022-11-23 12:07:38,170 [ReplicationMonitor] INFO  replication.LegacyReplicationManager (LegacyReplicationManager.java:sendReplicateCommand(1558)) - Sending replicate container command for container #1 to datanode 96238b2c-9f01-47c7-9db9-9b3e1b0f8a5c{ip: 10.1.0.13, host: fv-az105-298.wy5h1aom0jgehahef1oyr10hrc.bx.internal.cloudapp.net, ports: [REPLICATION=39059, RATIS=37713, RATIS_ADMIN=37713, RATIS_SERVER=37713, STANDALONE=41451], networkLocation: /default-rack, certSerialId: null, persistedOpState: IN_SERVICE, persistedOpStateExpiryEpochSec: 0} from datanodes [2770806d-009d-48da-9d50-3d9453a3ad96{ip: 10.1.0.13, host: fv-az105-298.wy5h1aom0jgehahef1oyr10hrc.bx.internal.cloudapp.net, ports: [REPLICATION=42903, RATIS=41085, RATIS_ADMIN=41085, RATIS_SERVER=41085, STANDALONE=41997], networkLocation: /default-rack, certSerialId: null, persistedOpState: ENTERING_MAINTENANCE, persistedOpStateExpiryEpochSec: 0}, 2f53493c-3a9e-4904-8cf8-ac1f6fb0520e{ip: 10.1.0.13, host: fv-az105-298.wy5h1aom0jgehahef1oyr10hrc.bx.internal.cloudapp.net, ports: [REPLICATION=43097, RATIS=43085, RATIS_ADMIN=43085, RATIS_SERVER=43085, STANDALONE=37821], networkLocation: /default-rack, certSerialId: null, persistedOpState: ENTERING_MAINTENANCE, persistedOpStateExpiryEpochSec: 0}, f22cc5c0-3e38-414a-900c-2421eb232dd6{ip: 10.1.0.13, host: fv-az105-298.wy5h1aom0jgehahef1oyr10hrc.bx.internal.cloudapp.net, ports: [REPLICATION=33553, RATIS=38335, RATIS_ADMIN=38335, RATIS_SERVER=38335, STANDALONE=33109], networkLocation: /default-rack, certSerialId: null, persistedOpState: ENTERING_MAINTENANCE, persistedOpStateExpiryEpochSec: 0}]
2022-11-23 12:07:38,171 [ReplicationMonitor] INFO  replication.LegacyReplicationManager (LegacyReplicationManager.java:handleUnderReplicatedContainer(1194)) - Container #3 is under replicated. Expected replica count is 3, but found 1.
2022-11-23 12:07:38,171 [ReplicationMonitor] INFO  replication.LegacyReplicationManager (LegacyReplicationManager.java:sendReplicateCommand(1558)) - Sending replicate container command for container #3 to datanode 64b4f2a3-63f9-4506-b905-00bad38ce54f{ip: 10.1.0.13, host: fv-az105-298.wy5h1aom0jgehahef1oyr10hrc.bx.internal.cloudapp.net, ports: [REPLICATION=41259, RATIS=34647, RATIS_ADMIN=34647, RATIS_SERVER=34647, STANDALONE=34047], networkLocation: /default-rack, certSerialId: null, persistedOpState: IN_SERVICE, persistedOpStateExpiryEpochSec: 0} from datanodes [2770806d-009d-48da-9d50-3d9453a3ad96{ip: 10.1.0.13, host: fv-az105-298.wy5h1aom0jgehahef1oyr10hrc.bx.internal.cloudapp.net, ports: [REPLICATION=42903, RATIS=41085, RATIS_ADMIN=41085, RATIS_SERVER=41085, STANDALONE=41997], networkLocation: /default-rack, certSerialId: null, persistedOpState: ENTERING_MAINTENANCE, persistedOpStateExpiryEpochSec: 0}, 2f53493c-3a9e-4904-8cf8-ac1f6fb0520e{ip: 10.1.0.13, host: fv-az105-298.wy5h1aom0jgehahef1oyr10hrc.bx.internal.cloudapp.net, ports: [REPLICATION=43097, RATIS=43085, RATIS_ADMIN=43085, RATIS_SERVER=43085, STANDALONE=37821], networkLocation: /default-rack, certSerialId: null, persistedOpState: ENTERING_MAINTENANCE, persistedOpStateExpiryEpochSec: 0}, f22cc5c0-3e38-414a-900c-2421eb232dd6{ip: 10.1.0.13, host: fv-az105-298.wy5h1aom0jgehahef1oyr10hrc.bx.internal.cloudapp.net, ports: [REPLICATION=33553, RATIS=38335, RATIS_ADMIN=38335, RATIS_SERVER=38335, STANDALONE=33109], networkLocation: /default-rack, certSerialId: null, persistedOpState: ENTERING_MAINTENANCE, persistedOpStateExpiryEpochSec: 0}]
2022-11-23 12:07:38,171 [ReplicationMonitor] INFO  replication.LegacyReplicationManager (LegacyReplicationManager.java:sendReplicateCommand(1558)) - Sending replicate container command for container #3 to datanode 96238b2c-9f01-47c7-9db9-9b3e1b0f8a5c{ip: 10.1.0.13, host: fv-az105-298.wy5h1aom0jgehahef1oyr10hrc.bx.internal.cloudapp.net, ports: [REPLICATION=39059, RATIS=37713, RATIS_ADMIN=37713, RATIS_SERVER=37713, STANDALONE=41451], networkLocation: /default-rack, certSerialId: null, persistedOpState: IN_SERVICE, persistedOpStateExpiryEpochSec: 0} from datanodes [2770806d-009d-48da-9d50-3d9453a3ad96{ip: 10.1.0.13, host: fv-az105-298.wy5h1aom0jgehahef1oyr10hrc.bx.internal.cloudapp.net, ports: [REPLICATION=42903, RATIS=41085, RATIS_ADMIN=41085, RATIS_SERVER=41085, STANDALONE=41997], networkLocation: /default-rack, certSerialId: null, persistedOpState: ENTERING_MAINTENANCE, persistedOpStateExpiryEpochSec: 0}, 2f53493c-3a9e-4904-8cf8-ac1f6fb0520e{ip: 10.1.0.13, host: fv-az105-298.wy5h1aom0jgehahef1oyr10hrc.bx.internal.cloudapp.net, ports: [REPLICATION=43097, RATIS=43085, RATIS_ADMIN=43085, RATIS_SERVER=43085, STANDALONE=37821], networkLocation: /default-rack, certSerialId: null, persistedOpState: ENTERING_MAINTENANCE, persistedOpStateExpiryEpochSec: 0}, f22cc5c0-3e38-414a-900c-2421eb232dd6{ip: 10.1.0.13, host: fv-az105-298.wy5h1aom0jgehahef1oyr10hrc.bx.internal.cloudapp.net, ports: [REPLICATION=33553, RATIS=38335, RATIS_ADMIN=38335, RATIS_SERVER=38335, STANDALONE=33109], networkLocation: /default-rack, certSerialId: null, persistedOpState: ENTERING_MAINTENANCE, persistedOpStateExpiryEpochSec: 0}]
2022-11-23 12:07:38,171 [ReplicationMonitor] INFO  replication.LegacyReplicationManager (LegacyReplicationManager.java:handleUnderReplicatedContainer(1194)) - Container #6 is under replicated. Expected replica count is 3, but found 1.
2022-11-23 12:07:38,171 [ReplicationMonitor] INFO  replication.LegacyReplicationManager (LegacyReplicationManager.java:sendReplicateCommand(1558)) - Sending replicate container command for container #6 to datanode 388c1d2c-da9f-4216-9168-b64bdab690f4{ip: 10.1.0.13, host: fv-az105-298.wy5h1aom0jgehahef1oyr10hrc.bx.internal.cloudapp.net, ports: [REPLICATION=34649, RATIS=37573, RATIS_ADMIN=37573, RATIS_SERVER=37573, STANDALONE=41231], networkLocation: /default-rack, certSerialId: null, persistedOpState: IN_SERVICE, persistedOpStateExpiryEpochSec: 0} from datanodes [2f53493c-3a9e-4904-8cf8-ac1f6fb0520e{ip: 10.1.0.13, host: fv-az105-298.wy5h1aom0jgehahef1oyr10hrc.bx.internal.cloudapp.net, ports: [REPLICATION=43097, RATIS=43085, RATIS_ADMIN=43085, RATIS_SERVER=43085, STANDALONE=37821], networkLocation: /default-rack, certSerialId: null, persistedOpState: ENTERING_MAINTENANCE, persistedOpStateExpiryEpochSec: 0}, f22cc5c0-3e38-414a-900c-2421eb232dd6{ip: 10.1.0.13, host: fv-az105-298.wy5h1aom0jgehahef1oyr10hrc.bx.internal.cloudapp.net, ports: [REPLICATION=33553, RATIS=38335, RATIS_ADMIN=38335, RATIS_SERVER=38335, STANDALONE=33109], networkLocation: /default-rack, certSerialId: null, persistedOpState: ENTERING_MAINTENANCE, persistedOpStateExpiryEpochSec: 0}, 2770806d-009d-48da-9d50-3d9453a3ad96{ip: 10.1.0.13, host: fv-az105-298.wy5h1aom0jgehahef1oyr10hrc.bx.internal.cloudapp.net, ports: [REPLICATION=42903, RATIS=41085, RATIS_ADMIN=41085, RATIS_SERVER=41085, STANDALONE=41997], networkLocation: /default-rack, certSerialId: null, persistedOpState: ENTERING_MAINTENANCE, persistedOpStateExpiryEpochSec: 0}]
2022-11-23 12:07:38,171 [ReplicationMonitor] INFO  replication.LegacyReplicationManager (LegacyReplicationManager.java:sendReplicateCommand(1558)) - Sending replicate container command for container #6 to datanode 306b0233-9b66-40d1-a9dc-d79985930e36{ip: 10.1.0.13, host: fv-az105-298.wy5h1aom0jgehahef1oyr10hrc.bx.internal.cloudapp.net, ports: [REPLICATION=44527, RATIS=46567, RATIS_ADMIN=46567, RATIS_SERVER=46567, STANDALONE=43949], networkLocation: /default-rack, certSerialId: null, persistedOpState: IN_SERVICE, persistedOpStateExpiryEpochSec: 0} from datanodes [2f53493c-3a9e-4904-8cf8-ac1f6fb0520e{ip: 10.1.0.13, host: fv-az105-298.wy5h1aom0jgehahef1oyr10hrc.bx.internal.cloudapp.net, ports: [REPLICATION=43097, RATIS=43085, RATIS_ADMIN=43085, RATIS_SERVER=43085, STANDALONE=37821], networkLocation: /default-rack, certSerialId: null, persistedOpState: ENTERING_MAINTENANCE, persistedOpStateExpiryEpochSec: 0}, f22cc5c0-3e38-414a-900c-2421eb232dd6{ip: 10.1.0.13, host: fv-az105-298.wy5h1aom0jgehahef1oyr10hrc.bx.internal.cloudapp.net, ports: [REPLICATION=33553, RATIS=38335, RATIS_ADMIN=38335, RATIS_SERVER=38335, STANDALONE=33109], networkLocation: /default-rack, certSerialId: null, persistedOpState: ENTERING_MAINTENANCE, persistedOpStateExpiryEpochSec: 0}, 2770806d-009d-48da-9d50-3d9453a3ad96{ip: 10.1.0.13, host: fv-az105-298.wy5h1aom0jgehahef1oyr10hrc.bx.internal.cloudapp.net, ports: [REPLICATION=42903, RATIS=41085, RATIS_ADMIN=41085, RATIS_SERVER=41085, STANDALONE=41997], networkLocation: /default-rack, certSerialId: null, persistedOpState: ENTERING_MAINTENANCE, persistedOpStateExpiryEpochSec: 0}]
2022-11-23 12:07:38,171 [ReplicationMonitor] INFO  replication.ReplicationManager (ReplicationManager.java:processAll(355)) - Replication Monitor Thread took 1 milliseconds for processing 6 containers.
2022-11-23 12:07:38,664 [Under Replicated Processor] INFO  replication.UnderReplicatedProcessor (UnderReplicatedProcessor.java:processAll(79)) - Processed 0 under replicated containers, failed processing 0
2022-11-23 12:07:38,664 [Over Replicated Processor] INFO  replication.OverReplicatedProcessor (OverReplicatedProcessor.java:processAll(79)) - Processed 0 over replicated containers, failed processing 0
2022-11-23 12:07:38,664 [ReplicationMonitor] INFO  replication.ReplicationManager (ReplicationManager.java:processAll(355)) - Replication Monitor Thread took 0 milliseconds for processing 0 containers.
2022-11-23 12:07:38,715 [Command processor thread] INFO  keyvalue.KeyValueContainer (KeyValueContainer.java:flushAndSyncDB(437)) - Container 1 is synced with bcsId 37.
2022-11-23 12:07:38,715 [Command processor thread] INFO  keyvalue.KeyValueContainer (KeyValueContainer.java:flushAndSyncDB(437)) - Container 1 is synced with bcsId 37.
2022-11-23 12:07:38,716 [Command processor thread] INFO  keyvalue.KeyValueContainer (KeyValueContainer.java:close(352)) - Container 1 is closed with bcsId 37.
2022-11-23 12:07:38,717 [Command processor thread] INFO  keyvalue.KeyValueContainer (KeyValueContainer.java:flushAndSyncDB(437)) - Container 3 is synced with bcsId 30.
2022-11-23 12:07:38,717 [Command processor thread] INFO  keyvalue.KeyValueContainer (KeyValueContainer.java:flushAndSyncDB(437)) - Container 3 is synced with bcsId 30.
2022-11-23 12:07:38,718 [Command processor thread] INFO  keyvalue.KeyValueContainer (KeyValueContainer.java:close(352)) - Container 3 is closed with bcsId 30.
2022-11-23 12:07:38,719 [Command processor thread] INFO  keyvalue.KeyValueContainer (KeyValueContainer.java:flushAndSyncDB(437)) - Container 6 is synced with bcsId 33.
2022-11-23 12:07:38,720 [Command processor thread] INFO  keyvalue.KeyValueContainer (KeyValueContainer.java:flushAndSyncDB(437)) - Container 6 is synced with bcsId 33.
2022-11-23 12:07:38,721 [Command processor thread] INFO  keyvalue.KeyValueContainer (KeyValueContainer.java:close(352)) - Container 6 is closed with bcsId 33.
2022-11-23 12:07:39,132 [Under Replicated Processor] INFO  replication.UnderReplicatedProcessor (UnderReplicatedProcessor.java:processAll(79)) - Processed 0 under replicated containers, failed processing 0
2022-11-23 12:07:39,135 [DatanodeAdminManager-0] INFO  node.DatanodeAdminMonitorImpl (DatanodeAdminMonitorImpl.java:checkContainersReplicatedOnNode(356)) - Under Replicated Container #6 Container State: CLOSED Replica Count: 3 Healthy Count: 0 Decommission Count: 0 Maintenance Count: 3 inFlightAdd Count: 2 inFightDel Count: 0 ReplicationFactor: 3 minMaintenance Count: 2; Replicas{ContainerReplica{containerID=#6, state=CLOSED, datanodeDetails=2f53493c-3a9e-4904-8cf8-ac1f6fb0520e{ip: 10.1.0.13, host: fv-az105-298.wy5h1aom0jgehahef1oyr10hrc.bx.internal.cloudapp.net, ports: [REPLICATION=43097, RATIS=43085, RATIS_ADMIN=43085, RATIS_SERVER=43085, STANDALONE=37821], networkLocation: /default-rack, certSerialId: null, persistedOpState: ENTERING_MAINTENANCE, persistedOpStateExpiryEpochSec: 0}, placeOfBirth=2f53493c-3a9e-4904-8cf8-ac1f6fb0520e, sequenceId=33, keyCount=3, bytesUsed=57},ContainerReplica{containerID=#6, state=CLOSED, datanodeDetails=f22cc5c0-3e38-414a-900c-2421eb232dd6{ip: 10.1.0.13, host: fv-az105-298.wy5h1aom0jgehahef1oyr10hrc.bx.internal.cloudapp.net, ports: [REPLICATION=33553, RATIS=38335, RATIS_ADMIN=38335, RATIS_SERVER=38335, STANDALONE=33109], networkLocation: /default-rack, certSerialId: null, persistedOpState: ENTERING_MAINTENANCE, persistedOpStateExpiryEpochSec: 0}, placeOfBirth=f22cc5c0-3e38-414a-900c-2421eb232dd6, sequenceId=33, keyCount=3, bytesUsed=57},ContainerReplica{containerID=#6, state=CLOSED, datanodeDetails=2770806d-009d-48da-9d50-3d9453a3ad96{ip: 10.1.0.13, host: fv-az105-298.wy5h1aom0jgehahef1oyr10hrc.bx.internal.cloudapp.net, ports: [REPLICATION=42903, RATIS=41085, RATIS_ADMIN=41085, RATIS_SERVER=41085, STANDALONE=41997], networkLocation: /default-rack, certSerialId: null, persistedOpState: ENTERING_MAINTENANCE, persistedOpStateExpiryEpochSec: 0}, placeOfBirth=2770806d-009d-48da-9d50-3d9453a3ad96, sequenceId=33, keyCount=3, bytesUsed=57}}
2022-11-23 12:07:39,135 [DatanodeAdminManager-0] INFO  node.DatanodeAdminMonitorImpl (DatanodeAdminMonitorImpl.java:checkContainersReplicatedOnNode(356)) - Under Replicated Container #1 Container State: CLOSED Replica Count: 3 Healthy Count: 0 Decommission Count: 0 Maintenance Count: 3 inFlightAdd Count: 2 inFightDel Count: 0 ReplicationFactor: 3 minMaintenance Count: 2; Replicas{ContainerReplica{containerID=#1, state=CLOSED, datanodeDetails=2770806d-009d-48da-9d50-3d9453a3ad96{ip: 10.1.0.13, host: fv-az105-298.wy5h1aom0jgehahef1oyr10hrc.bx.internal.cloudapp.net, ports: [REPLICATION=42903, RATIS=41085, RATIS_ADMIN=41085, RATIS_SERVER=41085, STANDALONE=41997], networkLocation: /default-rack, certSerialId: null, persistedOpState: ENTERING_MAINTENANCE, persistedOpStateExpiryEpochSec: 0}, placeOfBirth=2770806d-009d-48da-9d50-3d9453a3ad96, sequenceId=37, keyCount=4, bytesUsed=76},ContainerReplica{containerID=#1, state=CLOSED, datanodeDetails=2f53493c-3a9e-4904-8cf8-ac1f6fb0520e{ip: 10.1.0.13, host: fv-az105-298.wy5h1aom0jgehahef1oyr10hrc.bx.internal.cloudapp.net, ports: [REPLICATION=43097, RATIS=43085, RATIS_ADMIN=43085, RATIS_SERVER=43085, STANDALONE=37821], networkLocation: /default-rack, certSerialId: null, persistedOpState: ENTERING_MAINTENANCE, persistedOpStateExpiryEpochSec: 0}, placeOfBirth=2f53493c-3a9e-4904-8cf8-ac1f6fb0520e, sequenceId=37, keyCount=4, bytesUsed=76},ContainerReplica{containerID=#1, state=CLOSED, datanodeDetails=f22cc5c0-3e38-414a-900c-2421eb232dd6{ip: 10.1.0.13, host: fv-az105-298.wy5h1aom0jgehahef1oyr10hrc.bx.internal.cloudapp.net, ports: [REPLICATION=33553, RATIS=38335, RATIS_ADMIN=38335, RATIS_SERVER=38335, STANDALONE=33109], networkLocation: /default-rack, certSerialId: null, persistedOpState: ENTERING_MAINTENANCE, persistedOpStateExpiryEpochSec: 0}, placeOfBirth=f22cc5c0-3e38-414a-900c-2421eb232dd6, sequenceId=37, keyCount=4, bytesUsed=76}}
2022-11-23 12:07:39,135 [DatanodeAdminManager-0] INFO  node.DatanodeAdminMonitorImpl (DatanodeAdminMonitorImpl.java:checkContainersReplicatedOnNode(356)) - Under Replicated Container #3 Container State: CLOSED Replica Count: 3 Healthy Count: 0 Decommission Count: 0 Maintenance Count: 3 inFlightAdd Count: 2 inFightDel Count: 0 ReplicationFactor: 3 minMaintenance Count: 2; Replicas{ContainerReplica{containerID=#3, state=CLOSED, datanodeDetails=2770806d-009d-48da-9d50-3d9453a3ad96{ip: 10.1.0.13, host: fv-az105-298.wy5h1aom0jgehahef1oyr10hrc.bx.internal.cloudapp.net, ports: [REPLICATION=42903, RATIS=41085, RATIS_ADMIN=41085, RATIS_SERVER=41085, STANDALONE=41997], networkLocation: /default-rack, certSerialId: null, persistedOpState: ENTERING_MAINTENANCE, persistedOpStateExpiryEpochSec: 0}, placeOfBirth=2770806d-009d-48da-9d50-3d9453a3ad96, sequenceId=30, keyCount=3, bytesUsed=57},ContainerReplica{containerID=#3, state=CLOSED, datanodeDetails=2f53493c-3a9e-4904-8cf8-ac1f6fb0520e{ip: 10.1.0.13, host: fv-az105-298.wy5h1aom0jgehahef1oyr10hrc.bx.internal.cloudapp.net, ports: [REPLICATION=43097, RATIS=43085, RATIS_ADMIN=43085, RATIS_SERVER=43085, STANDALONE=37821], networkLocation: /default-rack, certSerialId: null, persistedOpState: ENTERING_MAINTENANCE, persistedOpStateExpiryEpochSec: 0}, placeOfBirth=2f53493c-3a9e-4904-8cf8-ac1f6fb0520e, sequenceId=30, keyCount=3, bytesUsed=57},ContainerReplica{containerID=#3, state=CLOSED, datanodeDetails=f22cc5c0-3e38-414a-900c-2421eb232dd6{ip: 10.1.0.13, host: fv-az105-298.wy5h1aom0jgehahef1oyr10hrc.bx.internal.cloudapp.net, ports: [REPLICATION=33553, RATIS=38335, RATIS_ADMIN=38335, RATIS_SERVER=38335, STANDALONE=33109], networkLocation: /default-rack, certSerialId: null, persistedOpState: ENTERING_MAINTENANCE, persistedOpStateExpiryEpochSec: 0}, placeOfBirth=f22cc5c0-3e38-414a-900c-2421eb232dd6, sequenceId=30, keyCount=3, bytesUsed=57}}
2022-11-23 12:07:39,136 [DatanodeAdminManager-0] INFO  node.DatanodeAdminMonitorImpl (DatanodeAdminMonitorImpl.java:checkContainersReplicatedOnNode(377)) - f22cc5c0-3e38-414a-900c-2421eb232dd6{ip: 10.1.0.13, host: fv-az105-298.wy5h1aom0jgehahef1oyr10hrc.bx.internal.cloudapp.net, ports: [REPLICATION=33553, RATIS=38335, RATIS_ADMIN=38335, RATIS_SERVER=38335, STANDALONE=33109], networkLocation: /default-rack, certSerialId: null, persistedOpState: ENTERING_MAINTENANCE, persistedOpStateExpiryEpochSec: 0} has 0 sufficientlyReplicated, 3 underReplicated and 0 unhealthy containers
2022-11-23 12:07:39,136 [DatanodeAdminManager-0] INFO  node.DatanodeAdminMonitorImpl (DatanodeAdminMonitorImpl.java:checkContainersReplicatedOnNode(356)) - Under Replicated Container #6 Container State: CLOSED Replica Count: 3 Healthy Count: 0 Decommission Count: 0 Maintenance Count: 3 inFlightAdd Count: 2 inFightDel Count: 0 ReplicationFactor: 3 minMaintenance Count: 2; Replicas{ContainerReplica{containerID=#6, state=CLOSED, datanodeDetails=2f53493c-3a9e-4904-8cf8-ac1f6fb0520e{ip: 10.1.0.13, host: fv-az105-298.wy5h1aom0jgehahef1oyr10hrc.bx.internal.cloudapp.net, ports: [REPLICATION=43097, RATIS=43085, RATIS_ADMIN=43085, RATIS_SERVER=43085, STANDALONE=37821], networkLocation: /default-rack, certSerialId: null, persistedOpState: ENTERING_MAINTENANCE, persistedOpStateExpiryEpochSec: 0}, placeOfBirth=2f53493c-3a9e-4904-8cf8-ac1f6fb0520e, sequenceId=33, keyCount=3, bytesUsed=57},ContainerReplica{containerID=#6, state=CLOSED, datanodeDetails=f22cc5c0-3e38-414a-900c-2421eb232dd6{ip: 10.1.0.13, host: fv-az105-298.wy5h1aom0jgehahef1oyr10hrc.bx.internal.cloudapp.net, ports: [REPLICATION=33553, RATIS=38335, RATIS_ADMIN=38335, RATIS_SERVER=38335, STANDALONE=33109], networkLocation: /default-rack, certSerialId: null, persistedOpState: ENTERING_MAINTENANCE, persistedOpStateExpiryEpochSec: 0}, placeOfBirth=f22cc5c0-3e38-414a-900c-2421eb232dd6, sequenceId=33, keyCount=3, bytesUsed=57},ContainerReplica{containerID=#6, state=CLOSED, datanodeDetails=2770806d-009d-48da-9d50-3d9453a3ad96{ip: 10.1.0.13, host: fv-az105-298.wy5h1aom0jgehahef1oyr10hrc.bx.internal.cloudapp.net, ports: [REPLICATION=42903, RATIS=41085, RATIS_ADMIN=41085, RATIS_SERVER=41085, STANDALONE=41997], networkLocation: /default-rack, certSerialId: null, persistedOpState: ENTERING_MAINTENANCE, persistedOpStateExpiryEpochSec: 0}, placeOfBirth=2770806d-009d-48da-9d50-3d9453a3ad96, sequenceId=33, keyCount=3, bytesUsed=57}}
2022-11-23 12:07:39,136 [DatanodeAdminManager-0] INFO  node.DatanodeAdminMonitorImpl (DatanodeAdminMonitorImpl.java:checkContainersReplicatedOnNode(356)) - Under Replicated Container #1 Container State: CLOSED Replica Count: 3 Healthy Count: 0 Decommission Count: 0 Maintenance Count: 3 inFlightAdd Count: 2 inFightDel Count: 0 ReplicationFactor: 3 minMaintenance Count: 2; Replicas{ContainerReplica{containerID=#1, state=CLOSED, datanodeDetails=2770806d-009d-48da-9d50-3d9453a3ad96{ip: 10.1.0.13, host: fv-az105-298.wy5h1aom0jgehahef1oyr10hrc.bx.internal.cloudapp.net, ports: [REPLICATION=42903, RATIS=41085, RATIS_ADMIN=41085, RATIS_SERVER=41085, STANDALONE=41997], networkLocation: /default-rack, certSerialId: null, persistedOpState: ENTERING_MAINTENANCE, persistedOpStateExpiryEpochSec: 0}, placeOfBirth=2770806d-009d-48da-9d50-3d9453a3ad96, sequenceId=37, keyCount=4, bytesUsed=76},ContainerReplica{containerID=#1, state=CLOSED, datanodeDetails=2f53493c-3a9e-4904-8cf8-ac1f6fb0520e{ip: 10.1.0.13, host: fv-az105-298.wy5h1aom0jgehahef1oyr10hrc.bx.internal.cloudapp.net, ports: [REPLICATION=43097, RATIS=43085, RATIS_ADMIN=43085, RATIS_SERVER=43085, STANDALONE=37821], networkLocation: /default-rack, certSerialId: null, persistedOpState: ENTERING_MAINTENANCE, persistedOpStateExpiryEpochSec: 0}, placeOfBirth=2f53493c-3a9e-4904-8cf8-ac1f6fb0520e, sequenceId=37, keyCount=4, bytesUsed=76},ContainerReplica{containerID=#1, state=CLOSED, datanodeDetails=f22cc5c0-3e38-414a-900c-2421eb232dd6{ip: 10.1.0.13, host: fv-az105-298.wy5h1aom0jgehahef1oyr10hrc.bx.internal.cloudapp.net, ports: [REPLICATION=33553, RATIS=38335, RATIS_ADMIN=38335, RATIS_SERVER=38335, STANDALONE=33109], networkLocation: /default-rack, certSerialId: null, persistedOpState: ENTERING_MAINTENANCE, persistedOpStateExpiryEpochSec: 0}, placeOfBirth=f22cc5c0-3e38-414a-900c-2421eb232dd6, sequenceId=37, keyCount=4, bytesUsed=76}}
2022-11-23 12:07:39,136 [DatanodeAdminManager-0] INFO  node.DatanodeAdminMonitorImpl (DatanodeAdminMonitorImpl.java:checkContainersReplicatedOnNode(356)) - Under Replicated Container #3 Container State: CLOSED Replica Count: 3 Healthy Count: 0 Decommission Count: 0 Maintenance Count: 3 inFlightAdd Count: 2 inFightDel Count: 0 ReplicationFactor: 3 minMaintenance Count: 2; Replicas{ContainerReplica{containerID=#3, state=CLOSED, datanodeDetails=2770806d-009d-48da-9d50-3d9453a3ad96{ip: 10.1.0.13, host: fv-az105-298.wy5h1aom0jgehahef1oyr10hrc.bx.internal.cloudapp.net, ports: [REPLICATION=42903, RATIS=41085, RATIS_ADMIN=41085, RATIS_SERVER=41085, STANDALONE=41997], networkLocation: /default-rack, certSerialId: null, persistedOpState: ENTERING_MAINTENANCE, persistedOpStateExpiryEpochSec: 0}, placeOfBirth=2770806d-009d-48da-9d50-3d9453a3ad96, sequenceId=30, keyCount=3, bytesUsed=57},ContainerReplica{containerID=#3, state=CLOSED, datanodeDetails=2f53493c-3a9e-4904-8cf8-ac1f6fb0520e{ip: 10.1.0.13, host: fv-az105-298.wy5h1aom0jgehahef1oyr10hrc.bx.internal.cloudapp.net, ports: [REPLICATION=43097, RATIS=43085, RATIS_ADMIN=43085, RATIS_SERVER=43085, STANDALONE=37821], networkLocation: /default-rack, certSerialId: null, persistedOpState: ENTERING_MAINTENANCE, persistedOpStateExpiryEpochSec: 0}, placeOfBirth=2f53493c-3a9e-4904-8cf8-ac1f6fb0520e, sequenceId=30, keyCount=3, bytesUsed=57},ContainerReplica{containerID=#3, state=CLOSED, datanodeDetails=f22cc5c0-3e38-414a-900c-2421eb232dd6{ip: 10.1.0.13, host: fv-az105-298.wy5h1aom0jgehahef1oyr10hrc.bx.internal.cloudapp.net, ports: [REPLICATION=33553, RATIS=38335, RATIS_ADMIN=38335, RATIS_SERVER=38335, STANDALONE=33109], networkLocation: /default-rack, certSerialId: null, persistedOpState: ENTERING_MAINTENANCE, persistedOpStateExpiryEpochSec: 0}, placeOfBirth=f22cc5c0-3e38-414a-900c-2421eb232dd6, sequenceId=30, keyCount=3, bytesUsed=57}}
2022-11-23 12:07:39,136 [DatanodeAdminManager-0] INFO  node.DatanodeAdminMonitorImpl (DatanodeAdminMonitorImpl.java:checkContainersReplicatedOnNode(377)) - 2770806d-009d-48da-9d50-3d9453a3ad96{ip: 10.1.0.13, host: fv-az105-298.wy5h1aom0jgehahef1oyr10hrc.bx.internal.cloudapp.net, ports: [REPLICATION=42903, RATIS=41085, RATIS_ADMIN=41085, RATIS_SERVER=41085, STANDALONE=41997], networkLocation: /default-rack, certSerialId: null, persistedOpState: ENTERING_MAINTENANCE, persistedOpStateExpiryEpochSec: 0} has 0 sufficientlyReplicated, 3 underReplicated and 0 unhealthy containers
2022-11-23 12:07:39,136 [DatanodeAdminManager-0] INFO  node.DatanodeAdminMonitorImpl (DatanodeAdminMonitorImpl.java:checkContainersReplicatedOnNode(356)) - Under Replicated Container #6 Container State: CLOSED Replica Count: 3 Healthy Count: 0 Decommission Count: 0 Maintenance Count: 3 inFlightAdd Count: 2 inFightDel Count: 0 ReplicationFactor: 3 minMaintenance Count: 2; Replicas{ContainerReplica{containerID=#6, state=CLOSED, datanodeDetails=2f53493c-3a9e-4904-8cf8-ac1f6fb0520e{ip: 10.1.0.13, host: fv-az105-298.wy5h1aom0jgehahef1oyr10hrc.bx.internal.cloudapp.net, ports: [REPLICATION=43097, RATIS=43085, RATIS_ADMIN=43085, RATIS_SERVER=43085, STANDALONE=37821], networkLocation: /default-rack, certSerialId: null, persistedOpState: ENTERING_MAINTENANCE, persistedOpStateExpiryEpochSec: 0}, placeOfBirth=2f53493c-3a9e-4904-8cf8-ac1f6fb0520e, sequenceId=33, keyCount=3, bytesUsed=57},ContainerReplica{containerID=#6, state=CLOSED, datanodeDetails=f22cc5c0-3e38-414a-900c-2421eb232dd6{ip: 10.1.0.13, host: fv-az105-298.wy5h1aom0jgehahef1oyr10hrc.bx.internal.cloudapp.net, ports: [REPLICATION=33553, RATIS=38335, RATIS_ADMIN=38335, RATIS_SERVER=38335, STANDALONE=33109], networkLocation: /default-rack, certSerialId: null, persistedOpState: ENTERING_MAINTENANCE, persistedOpStateExpiryEpochSec: 0}, placeOfBirth=f22cc5c0-3e38-414a-900c-2421eb232dd6, sequenceId=33, keyCount=3, bytesUsed=57},ContainerReplica{containerID=#6, state=CLOSED, datanodeDetails=2770806d-009d-48da-9d50-3d9453a3ad96{ip: 10.1.0.13, host: fv-az105-298.wy5h1aom0jgehahef1oyr10hrc.bx.internal.cloudapp.net, ports: [REPLICATION=42903, RATIS=41085, RATIS_ADMIN=41085, RATIS_SERVER=41085, STANDALONE=41997], networkLocation: /default-rack, certSerialId: null, persistedOpState: ENTERING_MAINTENANCE, persistedOpStateExpiryEpochSec: 0}, placeOfBirth=2770806d-009d-48da-9d50-3d9453a3ad96, sequenceId=33, keyCount=3, bytesUsed=57}}
2022-11-23 12:07:39,136 [DatanodeAdminManager-0] INFO  node.DatanodeAdminMonitorImpl (DatanodeAdminMonitorImpl.java:checkContainersReplicatedOnNode(356)) - Under Replicated Container #1 Container State: CLOSED Replica Count: 3 Healthy Count: 0 Decommission Count: 0 Maintenance Count: 3 inFlightAdd Count: 2 inFightDel Count: 0 ReplicationFactor: 3 minMaintenance Count: 2; Replicas{ContainerReplica{containerID=#1, state=CLOSED, datanodeDetails=2770806d-009d-48da-9d50-3d9453a3ad96{ip: 10.1.0.13, host: fv-az105-298.wy5h1aom0jgehahef1oyr10hrc.bx.internal.cloudapp.net, ports: [REPLICATION=42903, RATIS=41085, RATIS_ADMIN=41085, RATIS_SERVER=41085, STANDALONE=41997], networkLocation: /default-rack, certSerialId: null, persistedOpState: ENTERING_MAINTENANCE, persistedOpStateExpiryEpochSec: 0}, placeOfBirth=2770806d-009d-48da-9d50-3d9453a3ad96, sequenceId=37, keyCount=4, bytesUsed=76},ContainerReplica{containerID=#1, state=CLOSED, datanodeDetails=2f53493c-3a9e-4904-8cf8-ac1f6fb0520e{ip: 10.1.0.13, host: fv-az105-298.wy5h1aom0jgehahef1oyr10hrc.bx.internal.cloudapp.net, ports: [REPLICATION=43097, RATIS=43085, RATIS_ADMIN=43085, RATIS_SERVER=43085, STANDALONE=37821], networkLocation: /default-rack, certSerialId: null, persistedOpState: ENTERING_MAINTENANCE, persistedOpStateExpiryEpochSec: 0}, placeOfBirth=2f53493c-3a9e-4904-8cf8-ac1f6fb0520e, sequenceId=37, keyCount=4, bytesUsed=76},ContainerReplica{containerID=#1, state=CLOSED, datanodeDetails=f22cc5c0-3e38-414a-900c-2421eb232dd6{ip: 10.1.0.13, host: fv-az105-298.wy5h1aom0jgehahef1oyr10hrc.bx.internal.cloudapp.net, ports: [REPLICATION=33553, RATIS=38335, RATIS_ADMIN=38335, RATIS_SERVER=38335, STANDALONE=33109], networkLocation: /default-rack, certSerialId: null, persistedOpState: ENTERING_MAINTENANCE, persistedOpStateExpiryEpochSec: 0}, placeOfBirth=f22cc5c0-3e38-414a-900c-2421eb232dd6, sequenceId=37, keyCount=4, bytesUsed=76}}
2022-11-23 12:07:39,136 [DatanodeAdminManager-0] INFO  node.DatanodeAdminMonitorImpl (DatanodeAdminMonitorImpl.java:checkContainersReplicatedOnNode(356)) - Under Replicated Container #3 Container State: CLOSED Replica Count: 3 Healthy Count: 0 Decommission Count: 0 Maintenance Count: 3 inFlightAdd Count: 2 inFightDel Count: 0 ReplicationFactor: 3 minMaintenance Count: 2; Replicas{ContainerReplica{containerID=#3, state=CLOSED, datanodeDetails=2770806d-009d-48da-9d50-3d9453a3ad96{ip: 10.1.0.13, host: fv-az105-298.wy5h1aom0jgehahef1oyr10hrc.bx.internal.cloudapp.net, ports: [REPLICATION=42903, RATIS=41085, RATIS_ADMIN=41085, RATIS_SERVER=41085, STANDALONE=41997], networkLocation: /default-rack, certSerialId: null, persistedOpState: ENTERING_MAINTENANCE, persistedOpStateExpiryEpochSec: 0}, placeOfBirth=2770806d-009d-48da-9d50-3d9453a3ad96, sequenceId=30, keyCount=3, bytesUsed=57},ContainerReplica{containerID=#3, state=CLOSED, datanodeDetails=2f53493c-3a9e-4904-8cf8-ac1f6fb0520e{ip: 10.1.0.13, host: fv-az105-298.wy5h1aom0jgehahef1oyr10hrc.bx.internal.cloudapp.net, ports: [REPLICATION=43097, RATIS=43085, RATIS_ADMIN=43085, RATIS_SERVER=43085, STANDALONE=37821], networkLocation: /default-rack, certSerialId: null, persistedOpState: ENTERING_MAINTENANCE, persistedOpStateExpiryEpochSec: 0}, placeOfBirth=2f53493c-3a9e-4904-8cf8-ac1f6fb0520e, sequenceId=30, keyCount=3, bytesUsed=57},ContainerReplica{containerID=#3, state=CLOSED, datanodeDetails=f22cc5c0-3e38-414a-900c-2421eb232dd6{ip: 10.1.0.13, host: fv-az105-298.wy5h1aom0jgehahef1oyr10hrc.bx.internal.cloudapp.net, ports: [REPLICATION=33553, RATIS=38335, RATIS_ADMIN=38335, RATIS_SERVER=38335, STANDALONE=33109], networkLocation: /default-rack, certSerialId: null, persistedOpState: ENTERING_MAINTENANCE, persistedOpStateExpiryEpochSec: 0}, placeOfBirth=f22cc5c0-3e38-414a-900c-2421eb232dd6, sequenceId=30, keyCount=3, bytesUsed=57}}
2022-11-23 12:07:39,136 [DatanodeAdminManager-0] INFO  node.DatanodeAdminMonitorImpl (DatanodeAdminMonitorImpl.java:checkContainersReplicatedOnNode(377)) - 2f53493c-3a9e-4904-8cf8-ac1f6fb0520e{ip: 10.1.0.13, host: fv-az105-298.wy5h1aom0jgehahef1oyr10hrc.bx.internal.cloudapp.net, ports: [REPLICATION=43097, RATIS=43085, RATIS_ADMIN=43085, RATIS_SERVER=43085, STANDALONE=37821], networkLocation: /default-rack, certSerialId: null, persistedOpState: ENTERING_MAINTENANCE, persistedOpStateExpiryEpochSec: 0} has 0 sufficientlyReplicated, 3 underReplicated and 0 unhealthy containers
2022-11-23 12:07:39,136 [DatanodeAdminManager-0] INFO  node.DatanodeAdminMonitorImpl (DatanodeAdminMonitorImpl.java:run(169)) - There are 3 nodes tracked for decommission and maintenance.  0 pending nodes.
2022-11-23 12:07:39,138 [Over Replicated Processor] INFO  replication.OverReplicatedProcessor (OverReplicatedProcessor.java:processAll(79)) - Processed 0 over replicated containers, failed processing 0
2022-11-23 12:07:39,171 [ReplicationMonitor] INFO  replication.ReplicationManager (ReplicationManager.java:processAll(355)) - Replication Monitor Thread took 1 milliseconds for processing 6 containers.
2022-11-23 12:07:39,495 [ContainerReplicationThread-0] INFO  replication.DownloadAndImportReplicator (DownloadAndImportReplicator.java:replicate(105)) - Starting replication of container 3 from [2770806d-009d-48da-9d50-3d9453a3ad96{ip: 10.1.0.13, host: fv-az105-298.wy5h1aom0jgehahef1oyr10hrc.bx.internal.cloudapp.net, ports: [REPLICATION=42903, RATIS=41085, RATIS_ADMIN=41085, RATIS_SERVER=41085, STANDALONE=41997], networkLocation: /default-rack, certSerialId: null, persistedOpState: ENTERING_MAINTENANCE, persistedOpStateExpiryEpochSec: 0}, 2f53493c-3a9e-4904-8cf8-ac1f6fb0520e{ip: 10.1.0.13, host: fv-az105-298.wy5h1aom0jgehahef1oyr10hrc.bx.internal.cloudapp.net, ports: [REPLICATION=43097, RATIS=43085, RATIS_ADMIN=43085, RATIS_SERVER=43085, STANDALONE=37821], networkLocation: /default-rack, certSerialId: null, persistedOpState: ENTERING_MAINTENANCE, persistedOpStateExpiryEpochSec: 0}, f22cc5c0-3e38-414a-900c-2421eb232dd6{ip: 10.1.0.13, host: fv-az105-298.wy5h1aom0jgehahef1oyr10hrc.bx.internal.cloudapp.net, ports: [REPLICATION=33553, RATIS=38335, RATIS_ADMIN=38335, RATIS_SERVER=38335, STANDALONE=33109], networkLocation: /default-rack, certSerialId: null, persistedOpState: ENTERING_MAINTENANCE, persistedOpStateExpiryEpochSec: 0}]
2022-11-23 12:07:39,499 [grpc-default-executor-12] INFO  replication.GrpcReplicationService (GrpcReplicationService.java:download(52)) - Streaming container data (3) to other datanode
2022-11-23 12:07:39,505 [grpc-default-executor-12] INFO  replication.GrpcOutputStream (GrpcOutputStream.java:close(104)) - Sent 1719 bytes for container 3
2022-11-23 12:07:39,508 [grpc-default-executor-17] INFO  replication.GrpcReplicationClient (GrpcReplicationClient.java:onCompleted(197)) - Container 3 is downloaded to /home/runner/work/ozone/ozone/hadoop-ozone/integration-test/target/test-dir/MiniOzoneClusterImpl-dceccd61-1c79-4731-83b2-e5da109f0f32/datanode-3/data/replication/work/container-3.tar.gz
2022-11-23 12:07:39,508 [ContainerReplicationThread-0] INFO  replication.DownloadAndImportReplicator (DownloadAndImportReplicator.java:replicate(105)) - Starting replication of container 1 from [2770806d-009d-48da-9d50-3d9453a3ad96{ip: 10.1.0.13, host: fv-az105-298.wy5h1aom0jgehahef1oyr10hrc.bx.internal.cloudapp.net, ports: [REPLICATION=42903, RATIS=41085, RATIS_ADMIN=41085, RATIS_SERVER=41085, STANDALONE=41997], networkLocation: /default-rack, certSerialId: null, persistedOpState: ENTERING_MAINTENANCE, persistedOpStateExpiryEpochSec: 0}, 2f53493c-3a9e-4904-8cf8-ac1f6fb0520e{ip: 10.1.0.13, host: fv-az105-298.wy5h1aom0jgehahef1oyr10hrc.bx.internal.cloudapp.net, ports: [REPLICATION=43097, RATIS=43085, RATIS_ADMIN=43085, RATIS_SERVER=43085, STANDALONE=37821], networkLocation: /default-rack, certSerialId: null, persistedOpState: ENTERING_MAINTENANCE, persistedOpStateExpiryEpochSec: 0}, f22cc5c0-3e38-414a-900c-2421eb232dd6{ip: 10.1.0.13, host: fv-az105-298.wy5h1aom0jgehahef1oyr10hrc.bx.internal.cloudapp.net, ports: [REPLICATION=33553, RATIS=38335, RATIS_ADMIN=38335, RATIS_SERVER=38335, STANDALONE=33109], networkLocation: /default-rack, certSerialId: null, persistedOpState: ENTERING_MAINTENANCE, persistedOpStateExpiryEpochSec: 0}]
2022-11-23 12:07:39,513 [ContainerReplicationThread-0] INFO  replication.DownloadAndImportReplicator (DownloadAndImportReplicator.java:replicate(117)) - Container 3 is downloaded with size 1719, starting to import.
2022-11-23 12:07:39,513 [ContainerReplicationThread-1] INFO  replication.DownloadAndImportReplicator (DownloadAndImportReplicator.java:replicate(105)) - Starting replication of container 3 from [2770806d-009d-48da-9d50-3d9453a3ad96{ip: 10.1.0.13, host: fv-az105-298.wy5h1aom0jgehahef1oyr10hrc.bx.internal.cloudapp.net, ports: [REPLICATION=42903, RATIS=41085, RATIS_ADMIN=41085, RATIS_SERVER=41085, STANDALONE=41997], networkLocation: /default-rack, certSerialId: null, persistedOpState: ENTERING_MAINTENANCE, persistedOpStateExpiryEpochSec: 0}, 2f53493c-3a9e-4904-8cf8-ac1f6fb0520e{ip: 10.1.0.13, host: fv-az105-298.wy5h1aom0jgehahef1oyr10hrc.bx.internal.cloudapp.net, ports: [REPLICATION=43097, RATIS=43085, RATIS_ADMIN=43085, RATIS_SERVER=43085, STANDALONE=37821], networkLocation: /default-rack, certSerialId: null, persistedOpState: ENTERING_MAINTENANCE, persistedOpStateExpiryEpochSec: 0}, f22cc5c0-3e38-414a-900c-2421eb232dd6{ip: 10.1.0.13, host: fv-az105-298.wy5h1aom0jgehahef1oyr10hrc.bx.internal.cloudapp.net, ports: [REPLICATION=33553, RATIS=38335, RATIS_ADMIN=38335, RATIS_SERVER=38335, STANDALONE=33109], networkLocation: /default-rack, certSerialId: null, persistedOpState: ENTERING_MAINTENANCE, persistedOpStateExpiryEpochSec: 0}]
2022-11-23 12:07:39,517 [grpc-default-executor-12] INFO  replication.GrpcReplicationService (GrpcReplicationService.java:download(52)) - Streaming container data (1) to other datanode
2022-11-23 12:07:39,517 [ContainerReplicationThread-0] INFO  replication.DownloadAndImportReplicator (DownloadAndImportReplicator.java:replicate(105)) - Starting replication of container 1 from [2770806d-009d-48da-9d50-3d9453a3ad96{ip: 10.1.0.13, host: fv-az105-298.wy5h1aom0jgehahef1oyr10hrc.bx.internal.cloudapp.net, ports: [REPLICATION=42903, RATIS=41085, RATIS_ADMIN=41085, RATIS_SERVER=41085, STANDALONE=41997], networkLocation: /default-rack, certSerialId: null, persistedOpState: ENTERING_MAINTENANCE, persistedOpStateExpiryEpochSec: 0}, 2f53493c-3a9e-4904-8cf8-ac1f6fb0520e{ip: 10.1.0.13, host: fv-az105-298.wy5h1aom0jgehahef1oyr10hrc.bx.internal.cloudapp.net, ports: [REPLICATION=43097, RATIS=43085, RATIS_ADMIN=43085, RATIS_SERVER=43085, STANDALONE=37821], networkLocation: /default-rack, certSerialId: null, persistedOpState: ENTERING_MAINTENANCE, persistedOpStateExpiryEpochSec: 0}, f22cc5c0-3e38-414a-900c-2421eb232dd6{ip: 10.1.0.13, host: fv-az105-298.wy5h1aom0jgehahef1oyr10hrc.bx.internal.cloudapp.net, ports: [REPLICATION=33553, RATIS=38335, RATIS_ADMIN=38335, RATIS_SERVER=38335, STANDALONE=33109], networkLocation: /default-rack, certSerialId: null, persistedOpState: ENTERING_MAINTENANCE, persistedOpStateExpiryEpochSec: 0}]
2022-11-23 12:07:39,525 [ContainerReplicationThread-1] INFO  replication.DownloadAndImportReplicator (DownloadAndImportReplicator.java:replicate(105)) - Starting replication of container 6 from [2f53493c-3a9e-4904-8cf8-ac1f6fb0520e{ip: 10.1.0.13, host: fv-az105-298.wy5h1aom0jgehahef1oyr10hrc.bx.internal.cloudapp.net, ports: [REPLICATION=43097, RATIS=43085, RATIS_ADMIN=43085, RATIS_SERVER=43085, STANDALONE=37821], networkLocation: /default-rack, certSerialId: null, persistedOpState: ENTERING_MAINTENANCE, persistedOpStateExpiryEpochSec: 0}, f22cc5c0-3e38-414a-900c-2421eb232dd6{ip: 10.1.0.13, host: fv-az105-298.wy5h1aom0jgehahef1oyr10hrc.bx.internal.cloudapp.net, ports: [REPLICATION=33553, RATIS=38335, RATIS_ADMIN=38335, RATIS_SERVER=38335, STANDALONE=33109], networkLocation: /default-rack, certSerialId: null, persistedOpState: ENTERING_MAINTENANCE, persistedOpStateExpiryEpochSec: 0}, 2770806d-009d-48da-9d50-3d9453a3ad96{ip: 10.1.0.13, host: fv-az105-298.wy5h1aom0jgehahef1oyr10hrc.bx.internal.cloudapp.net, ports: [REPLICATION=42903, RATIS=41085, RATIS_ADMIN=41085, RATIS_SERVER=41085, STANDALONE=41997], networkLocation: /default-rack, certSerialId: null, persistedOpState: ENTERING_MAINTENANCE, persistedOpStateExpiryEpochSec: 0}]
2022-11-23 12:07:39,527 [grpc-default-executor-10] INFO  replication.GrpcReplicationService (GrpcReplicationService.java:download(52)) - Streaming container data (3) to other datanode
2022-11-23 12:07:39,530 [grpc-default-executor-12] INFO  replication.GrpcOutputStream (GrpcOutputStream.java:close(104)) - Sent 1764 bytes for container 1
2022-11-23 12:07:39,531 [grpc-default-executor-17] INFO  replication.GrpcReplicationClient (GrpcReplicationClient.java:onCompleted(197)) - Container 1 is downloaded to /home/runner/work/ozone/ozone/hadoop-ozone/integration-test/target/test-dir/MiniOzoneClusterImpl-dceccd61-1c79-4731-83b2-e5da109f0f32/datanode-5/data/replication/work/container-1.tar.gz
2022-11-23 12:07:39,532 [ContainerReplicationThread-0] INFO  replication.DownloadAndImportReplicator (DownloadAndImportReplicator.java:replicate(117)) - Container 1 is downloaded with size 1764, starting to import.
2022-11-23 12:07:39,533 [grpc-default-executor-10] INFO  replication.GrpcOutputStream (GrpcOutputStream.java:close(104)) - Sent 1709 bytes for container 3
2022-11-23 12:07:39,541 [grpc-default-executor-12] INFO  replication.GrpcReplicationClient (GrpcReplicationClient.java:onCompleted(197)) - Container 3 is downloaded to /home/runner/work/ozone/ozone/hadoop-ozone/integration-test/target/test-dir/MiniOzoneClusterImpl-dceccd61-1c79-4731-83b2-e5da109f0f32/datanode-5/data/replication/work/container-3.tar.gz
2022-11-23 12:07:39,542 [ContainerReplicationThread-1] INFO  replication.DownloadAndImportReplicator (DownloadAndImportReplicator.java:replicate(117)) - Container 3 is downloaded with size 1709, starting to import.
2022-11-23 12:07:39,545 [grpc-default-executor-12] INFO  replication.GrpcReplicationService (GrpcReplicationService.java:download(52)) - Streaming container data (6) to other datanode
2022-11-23 12:07:39,547 [grpc-default-executor-17] INFO  replication.GrpcReplicationService (GrpcReplicationService.java:download(52)) - Streaming container data (1) to other datanode
2022-11-23 12:07:39,553 [grpc-default-executor-12] INFO  replication.GrpcOutputStream (GrpcOutputStream.java:close(104)) - Sent 1722 bytes for container 6
2022-11-23 12:07:39,558 [grpc-default-executor-19] INFO  replication.GrpcReplicationClient (GrpcReplicationClient.java:onCompleted(197)) - Container 6 is downloaded to /home/runner/work/ozone/ozone/hadoop-ozone/integration-test/target/test-dir/MiniOzoneClusterImpl-dceccd61-1c79-4731-83b2-e5da109f0f32/datanode-4/data/replication/work/container-6.tar.gz
2022-11-23 12:07:39,558 [ContainerReplicationThread-1] INFO  replication.DownloadAndImportReplicator (DownloadAndImportReplicator.java:replicate(117)) - Container 6 is downloaded with size 1722, starting to import.
2022-11-23 12:07:39,564 [grpc-default-executor-17] INFO  replication.GrpcOutputStream (GrpcOutputStream.java:close(104)) - Sent 1764 bytes for container 1
2022-11-23 12:07:39,564 [grpc-default-executor-19] INFO  replication.GrpcReplicationClient (GrpcReplicationClient.java:onCompleted(197)) - Container 1 is downloaded to /home/runner/work/ozone/ozone/hadoop-ozone/integration-test/target/test-dir/MiniOzoneClusterImpl-dceccd61-1c79-4731-83b2-e5da109f0f32/datanode-4/data/replication/work/container-1.tar.gz
2022-11-23 12:07:39,565 [ContainerReplicationThread-0] INFO  replication.DownloadAndImportReplicator (DownloadAndImportReplicator.java:replicate(117)) - Container 1 is downloaded with size 1764, starting to import.
2022-11-23 12:07:39,578 [ContainerReplicationThread-0] INFO  replication.DownloadAndImportReplicator (DownloadAndImportReplicator.java:replicate(122)) - Container 3 is replicated successfully
2022-11-23 12:07:39,578 [ContainerReplicationThread-0] INFO  replication.ReplicationSupervisor (ReplicationSupervisor.java:run(176)) - Container 3 is replicated.
2022-11-23 12:07:39,599 [ContainerReplicationThread-1] INFO  replication.DownloadAndImportReplicator (DownloadAndImportReplicator.java:replicate(122)) - Container 6 is replicated successfully
2022-11-23 12:07:39,599 [ContainerReplicationThread-1] INFO  replication.ReplicationSupervisor (ReplicationSupervisor.java:run(176)) - Container 6 is replicated.
2022-11-23 12:07:39,620 [ContainerReplicationThread-0] INFO  replication.DownloadAndImportReplicator (DownloadAndImportReplicator.java:replicate(122)) - Container 1 is replicated successfully
2022-11-23 12:07:39,620 [ContainerReplicationThread-0] INFO  replication.ReplicationSupervisor (ReplicationSupervisor.java:run(176)) - Container 1 is replicated.
2022-11-23 12:07:39,622 [ContainerReplicationThread-0] INFO  replication.DownloadAndImportReplicator (DownloadAndImportReplicator.java:replicate(122)) - Container 1 is replicated successfully
2022-11-23 12:07:39,622 [ContainerReplicationThread-0] INFO  replication.ReplicationSupervisor (ReplicationSupervisor.java:run(176)) - Container 1 is replicated.
2022-11-23 12:07:39,625 [ContainerReplicationThread-1] INFO  replication.DownloadAndImportReplicator (DownloadAndImportReplicator.java:replicate(122)) - Container 3 is replicated successfully
2022-11-23 12:07:39,625 [ContainerReplicationThread-1] INFO  replication.ReplicationSupervisor (ReplicationSupervisor.java:run(176)) - Container 3 is replicated.
2022-11-23 12:07:39,664 [Under Replicated Processor] INFO  replication.UnderReplicatedProcessor (UnderReplicatedProcessor.java:processAll(79)) - Processed 0 under replicated containers, failed processing 0
2022-11-23 12:07:39,664 [Over Replicated Processor] INFO  replication.OverReplicatedProcessor (OverReplicatedProcessor.java:processAll(79)) - Processed 0 over replicated containers, failed processing 0
2022-11-23 12:07:39,664 [ReplicationMonitor] INFO  replication.ReplicationManager (ReplicationManager.java:processAll(355)) - Replication Monitor Thread took 0 milliseconds for processing 0 containers.
2022-11-23 12:07:39,792 [ContainerReplicationThread-0] INFO  replication.DownloadAndImportReplicator (DownloadAndImportReplicator.java:replicate(105)) - Starting replication of container 6 from [2f53493c-3a9e-4904-8cf8-ac1f6fb0520e{ip: 10.1.0.13, host: fv-az105-298.wy5h1aom0jgehahef1oyr10hrc.bx.internal.cloudapp.net, ports: [REPLICATION=43097, RATIS=43085, RATIS_ADMIN=43085, RATIS_SERVER=43085, STANDALONE=37821], networkLocation: /default-rack, certSerialId: null, persistedOpState: ENTERING_MAINTENANCE, persistedOpStateExpiryEpochSec: 0}, f22cc5c0-3e38-414a-900c-2421eb232dd6{ip: 10.1.0.13, host: fv-az105-298.wy5h1aom0jgehahef1oyr10hrc.bx.internal.cloudapp.net, ports: [REPLICATION=33553, RATIS=38335, RATIS_ADMIN=38335, RATIS_SERVER=38335, STANDALONE=33109], networkLocation: /default-rack, certSerialId: null, persistedOpState: ENTERING_MAINTENANCE, persistedOpStateExpiryEpochSec: 0}, 2770806d-009d-48da-9d50-3d9453a3ad96{ip: 10.1.0.13, host: fv-az105-298.wy5h1aom0jgehahef1oyr10hrc.bx.internal.cloudapp.net, ports: [REPLICATION=42903, RATIS=41085, RATIS_ADMIN=41085, RATIS_SERVER=41085, STANDALONE=41997], networkLocation: /default-rack, certSerialId: null, persistedOpState: ENTERING_MAINTENANCE, persistedOpStateExpiryEpochSec: 0}]
2022-11-23 12:07:39,797 [grpc-default-executor-12] INFO  replication.GrpcReplicationService (GrpcReplicationService.java:download(52)) - Streaming container data (6) to other datanode
2022-11-23 12:07:39,803 [grpc-default-executor-12] INFO  replication.GrpcOutputStream (GrpcOutputStream.java:close(104)) - Sent 1724 bytes for container 6
2022-11-23 12:07:39,808 [grpc-default-executor-17] INFO  replication.GrpcReplicationClient (GrpcReplicationClient.java:onCompleted(197)) - Container 6 is downloaded to /home/runner/work/ozone/ozone/hadoop-ozone/integration-test/target/test-dir/MiniOzoneClusterImpl-dceccd61-1c79-4731-83b2-e5da109f0f32/datanode-6/data/replication/work/container-6.tar.gz
2022-11-23 12:07:39,809 [ContainerReplicationThread-0] INFO  replication.DownloadAndImportReplicator (DownloadAndImportReplicator.java:replicate(117)) - Container 6 is downloaded with size 1724, starting to import.
2022-11-23 12:07:39,818 [ContainerReplicationThread-0] ERROR utils.DatanodeStoreCache (DatanodeStoreCache.java:getDB(74)) - Failed to get DB store /home/runner/work/ozone/ozone/hadoop-ozone/integration-test/target/test-dir/MiniOzoneClusterImpl-dceccd61-1c79-4731-83b2-e5da109f0f32/datanode-6/data-0/containers/hdds/dceccd61-1c79-4731-83b2-e5da109f0f32/DS-6500e5a3-adf0-41f8-b139-55757e6e9e66/container.db
java.io.IOException: Failed init RocksDB, db path : /home/runner/work/ozone/ozone/hadoop-ozone/integration-test/target/test-dir/MiniOzoneClusterImpl-dceccd61-1c79-4731-83b2-e5da109f0f32/datanode-6/data-0/containers/hdds/dceccd61-1c79-4731-83b2-e5da109f0f32/DS-6500e5a3-adf0-41f8-b139-55757e6e9e66/container.db, exception :org.rocksdb.RocksDBException lock hold by current process, acquire time 1669205195 acquiring thread 140193551726336: /home/runner/work/ozone/ozone/hadoop-ozone/integration-test/target/test-dir/MiniOzoneClusterImpl-dceccd61-1c79-4731-83b2-e5da109f0f32/datanode-6/data-0/containers/hdds/dceccd61-1c79-4731-83b2-e5da109f0f32/DS-6500e5a3-adf0-41f8-b139-55757e6e9e66/container.db/LOCK: No locks available
	at org.apache.hadoop.hdds.utils.db.RDBStore.<init>(RDBStore.java:123)
	at org.apache.hadoop.hdds.utils.db.DBStoreBuilder.build(DBStoreBuilder.java:191)
	at org.apache.hadoop.ozone.container.metadata.AbstractDatanodeStore.start(AbstractDatanodeStore.java:146)
	at org.apache.hadoop.ozone.container.metadata.AbstractDatanodeStore.<init>(AbstractDatanodeStore.java:99)
	at org.apache.hadoop.ozone.container.metadata.DatanodeStoreSchemaThreeImpl.<init>(DatanodeStoreSchemaThreeImpl.java:54)
	at org.apache.hadoop.ozone.container.common.utils.DatanodeStoreCache.getDB(DatanodeStoreCache.java:69)
	at org.apache.hadoop.ozone.container.keyvalue.helpers.BlockUtils.getDB(BlockUtils.java:132)
	at org.apache.hadoop.ozone.container.keyvalue.helpers.BlockUtils.loadKVContainerDataFromFiles(BlockUtils.java:304)
	at org.apache.hadoop.ozone.container.keyvalue.KeyValueContainer.importContainerData(KeyValueContainer.java:548)
	at org.apache.hadoop.ozone.container.keyvalue.KeyValueHandler.importContainer(KeyValueHandler.java:977)
	at org.apache.hadoop.ozone.container.ozoneimpl.ContainerController.importContainer(ContainerController.java:162)
	at org.apache.hadoop.ozone.container.replication.DownloadAndImportReplicator.importContainer(DownloadAndImportReplicator.java:83)
	at org.apache.hadoop.ozone.container.replication.DownloadAndImportReplicator.replicate(DownloadAndImportReplicator.java:121)
	at org.apache.hadoop.ozone.container.replication.MeasuredReplicator.replicate(MeasuredReplicator.java:77)
	at org.apache.hadoop.ozone.container.replication.ReplicationSupervisor$TaskRunner.run(ReplicationSupervisor.java:168)
	at java.util.concurrent.ThreadPoolExecutor.runWorker(ThreadPoolExecutor.java:1149)
	at java.util.concurrent.ThreadPoolExecutor$Worker.run(ThreadPoolExecutor.java:624)
	at java.lang.Thread.run(Thread.java:750)
Caused by: java.io.IOException: class org.apache.hadoop.hdds.utils.db.RocksDatabase: Failed to open /home/runner/work/ozone/ozone/hadoop-ozone/integration-test/target/test-dir/MiniOzoneClusterImpl-dceccd61-1c79-4731-83b2-e5da109f0f32/datanode-6/data-0/containers/hdds/dceccd61-1c79-4731-83b2-e5da109f0f32/DS-6500e5a3-adf0-41f8-b139-55757e6e9e66/container.db; status : IOError; message : lock hold by current process, acquire time 1669205195 acquiring thread 140193551726336: /home/runner/work/ozone/ozone/hadoop-ozone/integration-test/target/test-dir/MiniOzoneClusterImpl-dceccd61-1c79-4731-83b2-e5da109f0f32/datanode-6/data-0/containers/hdds/dceccd61-1c79-4731-83b2-e5da109f0f32/DS-6500e5a3-adf0-41f8-b139-55757e6e9e66/container.db/LOCK: No locks available
	at org.apache.hadoop.hdds.utils.HddsServerUtil.toIOException(HddsServerUtil.java:586)
	at org.apache.hadoop.hdds.utils.db.RocksDatabase.toIOException(RocksDatabase.java:75)
	at org.apache.hadoop.hdds.utils.db.RocksDatabase.open(RocksDatabase.java:151)
	at org.apache.hadoop.hdds.utils.db.RDBStore.<init>(RDBStore.java:83)
	... 17 more
Caused by: org.rocksdb.RocksDBException: lock hold by current process, acquire time 1669205195 acquiring thread 140193551726336: /home/runner/work/ozone/ozone/hadoop-ozone/integration-test/target/test-dir/MiniOzoneClusterImpl-dceccd61-1c79-4731-83b2-e5da109f0f32/datanode-6/data-0/containers/hdds/dceccd61-1c79-4731-83b2-e5da109f0f32/DS-6500e5a3-adf0-41f8-b139-55757e6e9e66/container.db/LOCK: No locks available
	at org.rocksdb.RocksDB.open(Native Method)
	at org.rocksdb.RocksDB.open(RocksDB.java:307)
	at org.apache.hadoop.hdds.utils.db.managed.ManagedRocksDB.open(ManagedRocksDB.java:66)
	at org.apache.hadoop.hdds.utils.db.RocksDatabase.open(RocksDatabase.java:138)
	... 18 more
2022-11-23 12:07:39,820 [ContainerReplicationThread-0] ERROR utils.DatanodeStoreCache (DatanodeStoreCache.java:getDB(74)) - Failed to get DB store /home/runner/work/ozone/ozone/hadoop-ozone/integration-test/target/test-dir/MiniOzoneClusterImpl-dceccd61-1c79-4731-83b2-e5da109f0f32/datanode-6/data-0/containers/hdds/dceccd61-1c79-4731-83b2-e5da109f0f32/DS-6500e5a3-adf0-41f8-b139-55757e6e9e66/container.db
java.io.IOException: Failed init RocksDB, db path : /home/runner/work/ozone/ozone/hadoop-ozone/integration-test/target/test-dir/MiniOzoneClusterImpl-dceccd61-1c79-4731-83b2-e5da109f0f32/datanode-6/data-0/containers/hdds/dceccd61-1c79-4731-83b2-e5da109f0f32/DS-6500e5a3-adf0-41f8-b139-55757e6e9e66/container.db, exception :org.rocksdb.RocksDBException lock hold by current process, acquire time 1669205195 acquiring thread 140193551726336: /home/runner/work/ozone/ozone/hadoop-ozone/integration-test/target/test-dir/MiniOzoneClusterImpl-dceccd61-1c79-4731-83b2-e5da109f0f32/datanode-6/data-0/containers/hdds/dceccd61-1c79-4731-83b2-e5da109f0f32/DS-6500e5a3-adf0-41f8-b139-55757e6e9e66/container.db/LOCK: No locks available
	at org.apache.hadoop.hdds.utils.db.RDBStore.<init>(RDBStore.java:123)
	at org.apache.hadoop.hdds.utils.db.DBStoreBuilder.build(DBStoreBuilder.java:191)
	at org.apache.hadoop.ozone.container.metadata.AbstractDatanodeStore.start(AbstractDatanodeStore.java:146)
	at org.apache.hadoop.ozone.container.metadata.AbstractDatanodeStore.<init>(AbstractDatanodeStore.java:99)
	at org.apache.hadoop.ozone.container.metadata.DatanodeStoreSchemaThreeImpl.<init>(DatanodeStoreSchemaThreeImpl.java:54)
	at org.apache.hadoop.ozone.container.common.utils.DatanodeStoreCache.getDB(DatanodeStoreCache.java:69)
	at org.apache.hadoop.ozone.container.keyvalue.helpers.BlockUtils.getDB(BlockUtils.java:132)
	at org.apache.hadoop.ozone.container.keyvalue.helpers.BlockUtils.removeContainerFromDB(BlockUtils.java:248)
	at org.apache.hadoop.ozone.container.keyvalue.KeyValueContainer.importContainerData(KeyValueContainer.java:564)
	at org.apache.hadoop.ozone.container.keyvalue.KeyValueHandler.importContainer(KeyValueHandler.java:977)
	at org.apache.hadoop.ozone.container.ozoneimpl.ContainerController.importContainer(ContainerController.java:162)
	at org.apache.hadoop.ozone.container.replication.DownloadAndImportReplicator.importContainer(DownloadAndImportReplicator.java:83)
	at org.apache.hadoop.ozone.container.replication.DownloadAndImportReplicator.replicate(DownloadAndImportReplicator.java:121)
	at org.apache.hadoop.ozone.container.replication.MeasuredReplicator.replicate(MeasuredReplicator.java:77)
	at org.apache.hadoop.ozone.container.replication.ReplicationSupervisor$TaskRunner.run(ReplicationSupervisor.java:168)
	at java.util.concurrent.ThreadPoolExecutor.runWorker(ThreadPoolExecutor.java:1149)
	at java.util.concurrent.ThreadPoolExecutor$Worker.run(ThreadPoolExecutor.java:624)
	at java.lang.Thread.run(Thread.java:750)
Caused by: java.io.IOException: class org.apache.hadoop.hdds.utils.db.RocksDatabase: Failed to open /home/runner/work/ozone/ozone/hadoop-ozone/integration-test/target/test-dir/MiniOzoneClusterImpl-dceccd61-1c79-4731-83b2-e5da109f0f32/datanode-6/data-0/containers/hdds/dceccd61-1c79-4731-83b2-e5da109f0f32/DS-6500e5a3-adf0-41f8-b139-55757e6e9e66/container.db; status : IOError; message : lock hold by current process, acquire time 1669205195 acquiring thread 140193551726336: /home/runner/work/ozone/ozone/hadoop-ozone/integration-test/target/test-dir/MiniOzoneClusterImpl-dceccd61-1c79-4731-83b2-e5da109f0f32/datanode-6/data-0/containers/hdds/dceccd61-1c79-4731-83b2-e5da109f0f32/DS-6500e5a3-adf0-41f8-b139-55757e6e9e66/container.db/LOCK: No locks available
	at org.apache.hadoop.hdds.utils.HddsServerUtil.toIOException(HddsServerUtil.java:586)
	at org.apache.hadoop.hdds.utils.db.RocksDatabase.toIOException(RocksDatabase.java:75)
	at org.apache.hadoop.hdds.utils.db.RocksDatabase.open(RocksDatabase.java:151)
	at org.apache.hadoop.hdds.utils.db.RDBStore.<init>(RDBStore.java:83)
	... 17 more
Caused by: org.rocksdb.RocksDBException: lock hold by current process, acquire time 1669205195 acquiring thread 140193551726336: /home/runner/work/ozone/ozone/hadoop-ozone/integration-test/target/test-dir/MiniOzoneClusterImpl-dceccd61-1c79-4731-83b2-e5da109f0f32/datanode-6/data-0/containers/hdds/dceccd61-1c79-4731-83b2-e5da109f0f32/DS-6500e5a3-adf0-41f8-b139-55757e6e9e66/container.db/LOCK: No locks available
	at org.rocksdb.RocksDB.open(Native Method)
	at org.rocksdb.RocksDB.open(RocksDB.java:307)
	at org.apache.hadoop.hdds.utils.db.managed.ManagedRocksDB.open(ManagedRocksDB.java:66)
	at org.apache.hadoop.hdds.utils.db.RocksDatabase.open(RocksDatabase.java:138)
	... 18 more
2022-11-23 12:07:39,820 [ContainerReplicationThread-0] ERROR keyvalue.KeyValueContainer (KeyValueContainer.java:importContainerData(571)) - Can not cleanup destination directories after a container import error (cid6)
org.apache.hadoop.hdds.scm.container.common.helpers.StorageContainerException: Error opening DB. Container:6 ContainerPath:/home/runner/work/ozone/ozone/hadoop-ozone/integration-test/target/test-dir/MiniOzoneClusterImpl-dceccd61-1c79-4731-83b2-e5da109f0f32/datanode-6/data-0/containers/hdds/dceccd61-1c79-4731-83b2-e5da109f0f32/DS-6500e5a3-adf0-41f8-b139-55757e6e9e66/container.db
	at org.apache.hadoop.ozone.container.keyvalue.helpers.BlockUtils.getDB(BlockUtils.java:145)
	at org.apache.hadoop.ozone.container.keyvalue.helpers.BlockUtils.removeContainerFromDB(BlockUtils.java:248)
	at org.apache.hadoop.ozone.container.keyvalue.KeyValueContainer.importContainerData(KeyValueContainer.java:564)
	at org.apache.hadoop.ozone.container.keyvalue.KeyValueHandler.importContainer(KeyValueHandler.java:977)
	at org.apache.hadoop.ozone.container.ozoneimpl.ContainerController.importContainer(ContainerController.java:162)
	at org.apache.hadoop.ozone.container.replication.DownloadAndImportReplicator.importContainer(DownloadAndImportReplicator.java:83)
	at org.apache.hadoop.ozone.container.replication.DownloadAndImportReplicator.replicate(DownloadAndImportReplicator.java:121)
	at org.apache.hadoop.ozone.container.replication.MeasuredReplicator.replicate(MeasuredReplicator.java:77)
	at org.apache.hadoop.ozone.container.replication.ReplicationSupervisor$TaskRunner.run(ReplicationSupervisor.java:168)
	at java.util.concurrent.ThreadPoolExecutor.runWorker(ThreadPoolExecutor.java:1149)
	at java.util.concurrent.ThreadPoolExecutor$Worker.run(ThreadPoolExecutor.java:624)
	at java.lang.Thread.run(Thread.java:750)
2022-11-23 12:07:39,820 [ContainerReplicationThread-0] ERROR replication.DownloadAndImportReplicator (DownloadAndImportReplicator.java:replicate(125)) - Container 6 replication was unsuccessful.
org.apache.hadoop.hdds.scm.container.common.helpers.StorageContainerException: Error opening DB. Container:6 ContainerPath:/home/runner/work/ozone/ozone/hadoop-ozone/integration-test/target/test-dir/MiniOzoneClusterImpl-dceccd61-1c79-4731-83b2-e5da109f0f32/datanode-6/data-0/containers/hdds/dceccd61-1c79-4731-83b2-e5da109f0f32/DS-6500e5a3-adf0-41f8-b139-55757e6e9e66/container.db
	at org.apache.hadoop.ozone.container.keyvalue.helpers.BlockUtils.getDB(BlockUtils.java:145)
	at org.apache.hadoop.ozone.container.keyvalue.helpers.BlockUtils.loadKVContainerDataFromFiles(BlockUtils.java:304)
	at org.apache.hadoop.ozone.container.keyvalue.KeyValueContainer.importContainerData(KeyValueContainer.java:548)
	at org.apache.hadoop.ozone.container.keyvalue.KeyValueHandler.importContainer(KeyValueHandler.java:977)
	at org.apache.hadoop.ozone.container.ozoneimpl.ContainerController.importContainer(ContainerController.java:162)
	at org.apache.hadoop.ozone.container.replication.DownloadAndImportReplicator.importContainer(DownloadAndImportReplicator.java:83)
	at org.apache.hadoop.ozone.container.replication.DownloadAndImportReplicator.replicate(DownloadAndImportReplicator.java:121)
	at org.apache.hadoop.ozone.container.replication.MeasuredReplicator.replicate(MeasuredReplicator.java:77)
	at org.apache.hadoop.ozone.container.replication.ReplicationSupervisor$TaskRunner.run(ReplicationSupervisor.java:168)
	at java.util.concurrent.ThreadPoolExecutor.runWorker(ThreadPoolExecutor.java:1149)
	at java.util.concurrent.ThreadPoolExecutor$Worker.run(ThreadPoolExecutor.java:624)
	at java.lang.Thread.run(Thread.java:750)
2022-11-23 12:07:39,821 [ContainerReplicationThread-0] ERROR replication.ReplicationSupervisor (ReplicationSupervisor.java:run(171)) - Container 6 can't be downloaded from any of the datanodes.
2022-11-23 12:07:40,132 [Under Replicated Processor] INFO  replication.UnderReplicatedProcessor (UnderReplicatedProcessor.java:processAll(79)) - Processed 0 under replicated containers, failed processing 0
2022-11-23 12:07:40,135 [DatanodeAdminManager-0] INFO  node.DatanodeAdminMonitorImpl (DatanodeAdminMonitorImpl.java:checkContainersReplicatedOnNode(356)) - Under Replicated Container #6 Container State: CLOSED Replica Count: 4 Healthy Count: 1 Decommission Count: 0 Maintenance Count: 3 inFlightAdd Count: 2 inFightDel Count: 0 ReplicationFactor: 3 minMaintenance Count: 2; Replicas{ContainerReplica{containerID=#6, state=CLOSED, datanodeDetails=2f53493c-3a9e-4904-8cf8-ac1f6fb0520e{ip: 10.1.0.13, host: fv-az105-298.wy5h1aom0jgehahef1oyr10hrc.bx.internal.cloudapp.net, ports: [REPLICATION=43097, RATIS=43085, RATIS_ADMIN=43085, RATIS_SERVER=43085, STANDALONE=37821], networkLocation: /default-rack, certSerialId: null, persistedOpState: ENTERING_MAINTENANCE, persistedOpStateExpiryEpochSec: 0}, placeOfBirth=2f53493c-3a9e-4904-8cf8-ac1f6fb0520e, sequenceId=33, keyCount=3, bytesUsed=57},ContainerReplica{containerID=#6, state=CLOSED, datanodeDetails=f22cc5c0-3e38-414a-900c-2421eb232dd6{ip: 10.1.0.13, host: fv-az105-298.wy5h1aom0jgehahef1oyr10hrc.bx.internal.cloudapp.net, ports: [REPLICATION=33553, RATIS=38335, RATIS_ADMIN=38335, RATIS_SERVER=38335, STANDALONE=33109], networkLocation: /default-rack, certSerialId: null, persistedOpState: ENTERING_MAINTENANCE, persistedOpStateExpiryEpochSec: 0}, placeOfBirth=f22cc5c0-3e38-414a-900c-2421eb232dd6, sequenceId=33, keyCount=3, bytesUsed=57},ContainerReplica{containerID=#6, state=CLOSED, datanodeDetails=2770806d-009d-48da-9d50-3d9453a3ad96{ip: 10.1.0.13, host: fv-az105-298.wy5h1aom0jgehahef1oyr10hrc.bx.internal.cloudapp.net, ports: [REPLICATION=42903, RATIS=41085, RATIS_ADMIN=41085, RATIS_SERVER=41085, STANDALONE=41997], networkLocation: /default-rack, certSerialId: null, persistedOpState: ENTERING_MAINTENANCE, persistedOpStateExpiryEpochSec: 0}, placeOfBirth=2770806d-009d-48da-9d50-3d9453a3ad96, sequenceId=33, keyCount=3, bytesUsed=57},ContainerReplica{containerID=#6, state=CLOSED, datanodeDetails=388c1d2c-da9f-4216-9168-b64bdab690f4{ip: 10.1.0.13, host: fv-az105-298.wy5h1aom0jgehahef1oyr10hrc.bx.internal.cloudapp.net, ports: [REPLICATION=34649, RATIS=37573, RATIS_ADMIN=37573, RATIS_SERVER=37573, STANDALONE=41231], networkLocation: /default-rack, certSerialId: null, persistedOpState: IN_SERVICE, persistedOpStateExpiryEpochSec: 0}, placeOfBirth=2f53493c-3a9e-4904-8cf8-ac1f6fb0520e, sequenceId=33, keyCount=3, bytesUsed=57}}
2022-11-23 12:07:40,135 [DatanodeAdminManager-0] INFO  node.DatanodeAdminMonitorImpl (DatanodeAdminMonitorImpl.java:checkContainersReplicatedOnNode(377)) - f22cc5c0-3e38-414a-900c-2421eb232dd6{ip: 10.1.0.13, host: fv-az105-298.wy5h1aom0jgehahef1oyr10hrc.bx.internal.cloudapp.net, ports: [REPLICATION=33553, RATIS=38335, RATIS_ADMIN=38335, RATIS_SERVER=38335, STANDALONE=33109], networkLocation: /default-rack, certSerialId: null, persistedOpState: ENTERING_MAINTENANCE, persistedOpStateExpiryEpochSec: 0} has 2 sufficientlyReplicated, 1 underReplicated and 0 unhealthy containers
2022-11-23 12:07:40,135 [DatanodeAdminManager-0] INFO  node.DatanodeAdminMonitorImpl (DatanodeAdminMonitorImpl.java:checkContainersReplicatedOnNode(356)) - Under Replicated Container #6 Container State: CLOSED Replica Count: 4 Healthy Count: 1 Decommission Count: 0 Maintenance Count: 3 inFlightAdd Count: 2 inFightDel Count: 0 ReplicationFactor: 3 minMaintenance Count: 2; Replicas{ContainerReplica{containerID=#6, state=CLOSED, datanodeDetails=2f53493c-3a9e-4904-8cf8-ac1f6fb0520e{ip: 10.1.0.13, host: fv-az105-298.wy5h1aom0jgehahef1oyr10hrc.bx.internal.cloudapp.net, ports: [REPLICATION=43097, RATIS=43085, RATIS_ADMIN=43085, RATIS_SERVER=43085, STANDALONE=37821], networkLocation: /default-rack, certSerialId: null, persistedOpState: ENTERING_MAINTENANCE, persistedOpStateExpiryEpochSec: 0}, placeOfBirth=2f53493c-3a9e-4904-8cf8-ac1f6fb0520e, sequenceId=33, keyCount=3, bytesUsed=57},ContainerReplica{containerID=#6, state=CLOSED, datanodeDetails=f22cc5c0-3e38-414a-900c-2421eb232dd6{ip: 10.1.0.13, host: fv-az105-298.wy5h1aom0jgehahef1oyr10hrc.bx.internal.cloudapp.net, ports: [REPLICATION=33553, RATIS=38335, RATIS_ADMIN=38335, RATIS_SERVER=38335, STANDALONE=33109], networkLocation: /default-rack, certSerialId: null, persistedOpState: ENTERING_MAINTENANCE, persistedOpStateExpiryEpochSec: 0}, placeOfBirth=f22cc5c0-3e38-414a-900c-2421eb232dd6, sequenceId=33, keyCount=3, bytesUsed=57},ContainerReplica{containerID=#6, state=CLOSED, datanodeDetails=2770806d-009d-48da-9d50-3d9453a3ad96{ip: 10.1.0.13, host: fv-az105-298.wy5h1aom0jgehahef1oyr10hrc.bx.internal.cloudapp.net, ports: [REPLICATION=42903, RATIS=41085, RATIS_ADMIN=41085, RATIS_SERVER=41085, STANDALONE=41997], networkLocation: /default-rack, certSerialId: null, persistedOpState: ENTERING_MAINTENANCE, persistedOpStateExpiryEpochSec: 0}, placeOfBirth=2770806d-009d-48da-9d50-3d9453a3ad96, sequenceId=33, keyCount=3, bytesUsed=57},ContainerReplica{containerID=#6, state=CLOSED, datanodeDetails=388c1d2c-da9f-4216-9168-b64bdab690f4{ip: 10.1.0.13, host: fv-az105-298.wy5h1aom0jgehahef1oyr10hrc.bx.internal.cloudapp.net, ports: [REPLICATION=34649, RATIS=37573, RATIS_ADMIN=37573, RATIS_SERVER=37573, STANDALONE=41231], networkLocation: /default-rack, certSerialId: null, persistedOpState: IN_SERVICE, persistedOpStateExpiryEpochSec: 0}, placeOfBirth=2f53493c-3a9e-4904-8cf8-ac1f6fb0520e, sequenceId=33, keyCount=3, bytesUsed=57}}
2022-11-23 12:07:40,136 [DatanodeAdminManager-0] INFO  node.DatanodeAdminMonitorImpl (DatanodeAdminMonitorImpl.java:checkContainersReplicatedOnNode(377)) - 2770806d-009d-48da-9d50-3d9453a3ad96{ip: 10.1.0.13, host: fv-az105-298.wy5h1aom0jgehahef1oyr10hrc.bx.internal.cloudapp.net, ports: [REPLICATION=42903, RATIS=41085, RATIS_ADMIN=41085, RATIS_SERVER=41085, STANDALONE=41997], networkLocation: /default-rack, certSerialId: null, persistedOpState: ENTERING_MAINTENANCE, persistedOpStateExpiryEpochSec: 0} has 2 sufficientlyReplicated, 1 underReplicated and 0 unhealthy containers
2022-11-23 12:07:40,136 [DatanodeAdminManager-0] INFO  node.DatanodeAdminMonitorImpl (DatanodeAdminMonitorImpl.java:checkContainersReplicatedOnNode(356)) - Under Replicated Container #6 Container State: CLOSED Replica Count: 4 Healthy Count: 1 Decommission Count: 0 Maintenance Count: 3 inFlightAdd Count: 2 inFightDel Count: 0 ReplicationFactor: 3 minMaintenance Count: 2; Replicas{ContainerReplica{containerID=#6, state=CLOSED, datanodeDetails=2f53493c-3a9e-4904-8cf8-ac1f6fb0520e{ip: 10.1.0.13, host: fv-az105-298.wy5h1aom0jgehahef1oyr10hrc.bx.internal.cloudapp.net, ports: [REPLICATION=43097, RATIS=43085, RATIS_ADMIN=43085, RATIS_SERVER=43085, STANDALONE=37821], networkLocation: /default-rack, certSerialId: null, persistedOpState: ENTERING_MAINTENANCE, persistedOpStateExpiryEpochSec: 0}, placeOfBirth=2f53493c-3a9e-4904-8cf8-ac1f6fb0520e, sequenceId=33, keyCount=3, bytesUsed=57},ContainerReplica{containerID=#6, state=CLOSED, datanodeDetails=f22cc5c0-3e38-414a-900c-2421eb232dd6{ip: 10.1.0.13, host: fv-az105-298.wy5h1aom0jgehahef1oyr10hrc.bx.internal.cloudapp.net, ports: [REPLICATION=33553, RATIS=38335, RATIS_ADMIN=38335, RATIS_SERVER=38335, STANDALONE=33109], networkLocation: /default-rack, certSerialId: null, persistedOpState: ENTERING_MAINTENANCE, persistedOpStateExpiryEpochSec: 0}, placeOfBirth=f22cc5c0-3e38-414a-900c-2421eb232dd6, sequenceId=33, keyCount=3, bytesUsed=57},ContainerReplica{containerID=#6, state=CLOSED, datanodeDetails=2770806d-009d-48da-9d50-3d9453a3ad96{ip: 10.1.0.13, host: fv-az105-298.wy5h1aom0jgehahef1oyr10hrc.bx.internal.cloudapp.net, ports: [REPLICATION=42903, RATIS=41085, RATIS_ADMIN=41085, RATIS_SERVER=41085, STANDALONE=41997], networkLocation: /default-rack, certSerialId: null, persistedOpState: ENTERING_MAINTENANCE, persistedOpStateExpiryEpochSec: 0}, placeOfBirth=2770806d-009d-48da-9d50-3d9453a3ad96, sequenceId=33, keyCount=3, bytesUsed=57},ContainerReplica{containerID=#6, state=CLOSED, datanodeDetails=388c1d2c-da9f-4216-9168-b64bdab690f4{ip: 10.1.0.13, host: fv-az105-298.wy5h1aom0jgehahef1oyr10hrc.bx.internal.cloudapp.net, ports: [REPLICATION=34649, RATIS=37573, RATIS_ADMIN=37573, RATIS_SERVER=37573, STANDALONE=41231], networkLocation: /default-rack, certSerialId: null, persistedOpState: IN_SERVICE, persistedOpStateExpiryEpochSec: 0}, placeOfBirth=2f53493c-3a9e-4904-8cf8-ac1f6fb0520e, sequenceId=33, keyCount=3, bytesUsed=57}}
2022-11-23 12:07:40,136 [DatanodeAdminManager-0] INFO  node.DatanodeAdminMonitorImpl (DatanodeAdminMonitorImpl.java:checkContainersReplicatedOnNode(377)) - 2f53493c-3a9e-4904-8cf8-ac1f6fb0520e{ip: 10.1.0.13, host: fv-az105-298.wy5h1aom0jgehahef1oyr10hrc.bx.internal.cloudapp.net, ports: [REPLICATION=43097, RATIS=43085, RATIS_ADMIN=43085, RATIS_SERVER=43085, STANDALONE=37821], networkLocation: /default-rack, certSerialId: null, persistedOpState: ENTERING_MAINTENANCE, persistedOpStateExpiryEpochSec: 0} has 2 sufficientlyReplicated, 1 underReplicated and 0 unhealthy containers
2022-11-23 12:07:40,136 [DatanodeAdminManager-0] INFO  node.DatanodeAdminMonitorImpl (DatanodeAdminMonitorImpl.java:run(169)) - There are 3 nodes tracked for decommission and maintenance.  0 pending nodes.
2022-11-23 12:07:40,138 [Over Replicated Processor] INFO  replication.OverReplicatedProcessor (OverReplicatedProcessor.java:processAll(79)) - Processed 0 over replicated containers, failed processing 0
2022-11-23 12:07:40,172 [ReplicationMonitor] INFO  replication.ReplicationManager (ReplicationManager.java:processAll(355)) - Replication Monitor Thread took 0 milliseconds for processing 6 containers.
2022-11-23 12:07:40,664 [Under Replicated Processor] INFO  replication.UnderReplicatedProcessor (UnderReplicatedProcessor.java:processAll(79)) - Processed 0 under replicated containers, failed processing 0
2022-11-23 12:07:40,664 [Over Replicated Processor] INFO  replication.OverReplicatedProcessor (OverReplicatedProcessor.java:processAll(79)) - Processed 0 over replicated containers, failed processing 0
2022-11-23 12:07:40,664 [ReplicationMonitor] INFO  replication.ReplicationManager (ReplicationManager.java:processAll(355)) - Replication Monitor Thread took 0 milliseconds for processing 0 containers.
2022-11-23 12:07:41,132 [Under Replicated Processor] INFO  replication.UnderReplicatedProcessor (UnderReplicatedProcessor.java:processAll(79)) - Processed 0 under replicated containers, failed processing 0
2022-11-23 12:07:41,135 [DatanodeAdminManager-0] INFO  node.DatanodeAdminMonitorImpl (DatanodeAdminMonitorImpl.java:checkContainersReplicatedOnNode(356)) - Under Replicated Container #6 Container State: CLOSED Replica Count: 4 Healthy Count: 1 Decommission Count: 0 Maintenance Count: 3 inFlightAdd Count: 1 inFightDel Count: 0 ReplicationFactor: 3 minMaintenance Count: 2; Replicas{ContainerReplica{containerID=#6, state=CLOSED, datanodeDetails=2f53493c-3a9e-4904-8cf8-ac1f6fb0520e{ip: 10.1.0.13, host: fv-az105-298.wy5h1aom0jgehahef1oyr10hrc.bx.internal.cloudapp.net, ports: [REPLICATION=43097, RATIS=43085, RATIS_ADMIN=43085, RATIS_SERVER=43085, STANDALONE=37821], networkLocation: /default-rack, certSerialId: null, persistedOpState: ENTERING_MAINTENANCE, persistedOpStateExpiryEpochSec: 0}, placeOfBirth=2f53493c-3a9e-4904-8cf8-ac1f6fb0520e, sequenceId=33, keyCount=3, bytesUsed=57},ContainerReplica{containerID=#6, state=CLOSED, datanodeDetails=f22cc5c0-3e38-414a-900c-2421eb232dd6{ip: 10.1.0.13, host: fv-az105-298.wy5h1aom0jgehahef1oyr10hrc.bx.internal.cloudapp.net, ports: [REPLICATION=33553, RATIS=38335, RATIS_ADMIN=38335, RATIS_SERVER=38335, STANDALONE=33109], networkLocation: /default-rack, certSerialId: null, persistedOpState: ENTERING_MAINTENANCE, persistedOpStateExpiryEpochSec: 0}, placeOfBirth=f22cc5c0-3e38-414a-900c-2421eb232dd6, sequenceId=33, keyCount=3, bytesUsed=57},ContainerReplica{containerID=#6, state=CLOSED, datanodeDetails=2770806d-009d-48da-9d50-3d9453a3ad96{ip: 10.1.0.13, host: fv-az105-298.wy5h1aom0jgehahef1oyr10hrc.bx.internal.cloudapp.net, ports: [REPLICATION=42903, RATIS=41085, RATIS_ADMIN=41085, RATIS_SERVER=41085, STANDALONE=41997], networkLocation: /default-rack, certSerialId: null, persistedOpState: ENTERING_MAINTENANCE, persistedOpStateExpiryEpochSec: 0}, placeOfBirth=2770806d-009d-48da-9d50-3d9453a3ad96, sequenceId=33, keyCount=3, bytesUsed=57},ContainerReplica{containerID=#6, state=CLOSED, datanodeDetails=388c1d2c-da9f-4216-9168-b64bdab690f4{ip: 10.1.0.13, host: fv-az105-298.wy5h1aom0jgehahef1oyr10hrc.bx.internal.cloudapp.net, ports: [REPLICATION=34649, RATIS=37573, RATIS_ADMIN=37573, RATIS_SERVER=37573, STANDALONE=41231], networkLocation: /default-rack, certSerialId: null, persistedOpState: IN_SERVICE, persistedOpStateExpiryEpochSec: 0}, placeOfBirth=2f53493c-3a9e-4904-8cf8-ac1f6fb0520e, sequenceId=33, keyCount=3, bytesUsed=57}}
2022-11-23 12:07:41,135 [DatanodeAdminManager-0] INFO  node.DatanodeAdminMonitorImpl (DatanodeAdminMonitorImpl.java:checkContainersReplicatedOnNode(377)) - f22cc5c0-3e38-414a-900c-2421eb232dd6{ip: 10.1.0.13, host: fv-az105-298.wy5h1aom0jgehahef1oyr10hrc.bx.internal.cloudapp.net, ports: [REPLICATION=33553, RATIS=38335, RATIS_ADMIN=38335, RATIS_SERVER=38335, STANDALONE=33109], networkLocation: /default-rack, certSerialId: null, persistedOpState: ENTERING_MAINTENANCE, persistedOpStateExpiryEpochSec: 0} has 2 sufficientlyReplicated, 1 underReplicated and 0 unhealthy containers
2022-11-23 12:07:41,135 [DatanodeAdminManager-0] INFO  node.DatanodeAdminMonitorImpl (DatanodeAdminMonitorImpl.java:checkContainersReplicatedOnNode(356)) - Under Replicated Container #6 Container State: CLOSED Replica Count: 4 Healthy Count: 1 Decommission Count: 0 Maintenance Count: 3 inFlightAdd Count: 1 inFightDel Count: 0 ReplicationFactor: 3 minMaintenance Count: 2; Replicas{ContainerReplica{containerID=#6, state=CLOSED, datanodeDetails=2f53493c-3a9e-4904-8cf8-ac1f6fb0520e{ip: 10.1.0.13, host: fv-az105-298.wy5h1aom0jgehahef1oyr10hrc.bx.internal.cloudapp.net, ports: [REPLICATION=43097, RATIS=43085, RATIS_ADMIN=43085, RATIS_SERVER=43085, STANDALONE=37821], networkLocation: /default-rack, certSerialId: null, persistedOpState: ENTERING_MAINTENANCE, persistedOpStateExpiryEpochSec: 0}, placeOfBirth=2f53493c-3a9e-4904-8cf8-ac1f6fb0520e, sequenceId=33, keyCount=3, bytesUsed=57},ContainerReplica{containerID=#6, state=CLOSED, datanodeDetails=f22cc5c0-3e38-414a-900c-2421eb232dd6{ip: 10.1.0.13, host: fv-az105-298.wy5h1aom0jgehahef1oyr10hrc.bx.internal.cloudapp.net, ports: [REPLICATION=33553, RATIS=38335, RATIS_ADMIN=38335, RATIS_SERVER=38335, STANDALONE=33109], networkLocation: /default-rack, certSerialId: null, persistedOpState: ENTERING_MAINTENANCE, persistedOpStateExpiryEpochSec: 0}, placeOfBirth=f22cc5c0-3e38-414a-900c-2421eb232dd6, sequenceId=33, keyCount=3, bytesUsed=57},ContainerReplica{containerID=#6, state=CLOSED, datanodeDetails=2770806d-009d-48da-9d50-3d9453a3ad96{ip: 10.1.0.13, host: fv-az105-298.wy5h1aom0jgehahef1oyr10hrc.bx.internal.cloudapp.net, ports: [REPLICATION=42903, RATIS=41085, RATIS_ADMIN=41085, RATIS_SERVER=41085, STANDALONE=41997], networkLocation: /default-rack, certSerialId: null, persistedOpState: ENTERING_MAINTENANCE, persistedOpStateExpiryEpochSec: 0}, placeOfBirth=2770806d-009d-48da-9d50-3d9453a3ad96, sequenceId=33, keyCount=3, bytesUsed=57},ContainerReplica{containerID=#6, state=CLOSED, datanodeDetails=388c1d2c-da9f-4216-9168-b64bdab690f4{ip: 10.1.0.13, host: fv-az105-298.wy5h1aom0jgehahef1oyr10hrc.bx.internal.cloudapp.net, ports: [REPLICATION=34649, RATIS=37573, RATIS_ADMIN=37573, RATIS_SERVER=37573, STANDALONE=41231], networkLocation: /default-rack, certSerialId: null, persistedOpState: IN_SERVICE, persistedOpStateExpiryEpochSec: 0}, placeOfBirth=2f53493c-3a9e-4904-8cf8-ac1f6fb0520e, sequenceId=33, keyCount=3, bytesUsed=57}}
2022-11-23 12:07:41,136 [DatanodeAdminManager-0] INFO  node.DatanodeAdminMonitorImpl (DatanodeAdminMonitorImpl.java:checkContainersReplicatedOnNode(377)) - 2770806d-009d-48da-9d50-3d9453a3ad96{ip: 10.1.0.13, host: fv-az105-298.wy5h1aom0jgehahef1oyr10hrc.bx.internal.cloudapp.net, ports: [REPLICATION=42903, RATIS=41085, RATIS_ADMIN=41085, RATIS_SERVER=41085, STANDALONE=41997], networkLocation: /default-rack, certSerialId: null, persistedOpState: ENTERING_MAINTENANCE, persistedOpStateExpiryEpochSec: 0} has 2 sufficientlyReplicated, 1 underReplicated and 0 unhealthy containers
2022-11-23 12:07:41,136 [DatanodeAdminManager-0] INFO  node.DatanodeAdminMonitorImpl (DatanodeAdminMonitorImpl.java:checkContainersReplicatedOnNode(356)) - Under Replicated Container #6 Container State: CLOSED Replica Count: 4 Healthy Count: 1 Decommission Count: 0 Maintenance Count: 3 inFlightAdd Count: 1 inFightDel Count: 0 ReplicationFactor: 3 minMaintenance Count: 2; Replicas{ContainerReplica{containerID=#6, state=CLOSED, datanodeDetails=2f53493c-3a9e-4904-8cf8-ac1f6fb0520e{ip: 10.1.0.13, host: fv-az105-298.wy5h1aom0jgehahef1oyr10hrc.bx.internal.cloudapp.net, ports: [REPLICATION=43097, RATIS=43085, RATIS_ADMIN=43085, RATIS_SERVER=43085, STANDALONE=37821], networkLocation: /default-rack, certSerialId: null, persistedOpState: ENTERING_MAINTENANCE, persistedOpStateExpiryEpochSec: 0}, placeOfBirth=2f53493c-3a9e-4904-8cf8-ac1f6fb0520e, sequenceId=33, keyCount=3, bytesUsed=57},ContainerReplica{containerID=#6, state=CLOSED, datanodeDetails=f22cc5c0-3e38-414a-900c-2421eb232dd6{ip: 10.1.0.13, host: fv-az105-298.wy5h1aom0jgehahef1oyr10hrc.bx.internal.cloudapp.net, ports: [REPLICATION=33553, RATIS=38335, RATIS_ADMIN=38335, RATIS_SERVER=38335, STANDALONE=33109], networkLocation: /default-rack, certSerialId: null, persistedOpState: ENTERING_MAINTENANCE, persistedOpStateExpiryEpochSec: 0}, placeOfBirth=f22cc5c0-3e38-414a-900c-2421eb232dd6, sequenceId=33, keyCount=3, bytesUsed=57},ContainerReplica{containerID=#6, state=CLOSED, datanodeDetails=2770806d-009d-48da-9d50-3d9453a3ad96{ip: 10.1.0.13, host: fv-az105-298.wy5h1aom0jgehahef1oyr10hrc.bx.internal.cloudapp.net, ports: [REPLICATION=42903, RATIS=41085, RATIS_ADMIN=41085, RATIS_SERVER=41085, STANDALONE=41997], networkLocation: /default-rack, certSerialId: null, persistedOpState: ENTERING_MAINTENANCE, persistedOpStateExpiryEpochSec: 0}, placeOfBirth=2770806d-009d-48da-9d50-3d9453a3ad96, sequenceId=33, keyCount=3, bytesUsed=57},ContainerReplica{containerID=#6, state=CLOSED, datanodeDetails=388c1d2c-da9f-4216-9168-b64bdab690f4{ip: 10.1.0.13, host: fv-az105-298.wy5h1aom0jgehahef1oyr10hrc.bx.internal.cloudapp.net, ports: [REPLICATION=34649, RATIS=37573, RATIS_ADMIN=37573, RATIS_SERVER=37573, STANDALONE=41231], networkLocation: /default-rack, certSerialId: null, persistedOpState: IN_SERVICE, persistedOpStateExpiryEpochSec: 0}, placeOfBirth=2f53493c-3a9e-4904-8cf8-ac1f6fb0520e, sequenceId=33, keyCount=3, bytesUsed=57}}
2022-11-23 12:07:41,136 [DatanodeAdminManager-0] INFO  node.DatanodeAdminMonitorImpl (DatanodeAdminMonitorImpl.java:checkContainersReplicatedOnNode(377)) - 2f53493c-3a9e-4904-8cf8-ac1f6fb0520e{ip: 10.1.0.13, host: fv-az105-298.wy5h1aom0jgehahef1oyr10hrc.bx.internal.cloudapp.net, ports: [REPLICATION=43097, RATIS=43085, RATIS_ADMIN=43085, RATIS_SERVER=43085, STANDALONE=37821], networkLocation: /default-rack, certSerialId: null, persistedOpState: ENTERING_MAINTENANCE, persistedOpStateExpiryEpochSec: 0} has 2 sufficientlyReplicated, 1 underReplicated and 0 unhealthy containers
2022-11-23 12:07:41,136 [DatanodeAdminManager-0] INFO  node.DatanodeAdminMonitorImpl (DatanodeAdminMonitorImpl.java:run(169)) - There are 3 nodes tracked for decommission and maintenance.  0 pending nodes.
2022-11-23 12:07:41,138 [Over Replicated Processor] INFO  replication.OverReplicatedProcessor (OverReplicatedProcessor.java:processAll(79)) - Processed 0 over replicated containers, failed processing 0
2022-11-23 12:07:41,172 [ReplicationMonitor] INFO  replication.ReplicationManager (ReplicationManager.java:processAll(355)) - Replication Monitor Thread took 0 milliseconds for processing 6 containers.
2022-11-23 12:07:41,664 [Under Replicated Processor] INFO  replication.UnderReplicatedProcessor (UnderReplicatedProcessor.java:processAll(79)) - Processed 0 under replicated containers, failed processing 0
2022-11-23 12:07:41,664 [Over Replicated Processor] INFO  replication.OverReplicatedProcessor (OverReplicatedProcessor.java:processAll(79)) - Processed 0 over replicated containers, failed processing 0
2022-11-23 12:07:41,664 [ReplicationMonitor] INFO  replication.ReplicationManager (ReplicationManager.java:processAll(355)) - Replication Monitor Thread took 0 milliseconds for processing 0 containers.
2022-11-23 12:07:42,133 [Under Replicated Processor] INFO  replication.UnderReplicatedProcessor (UnderReplicatedProcessor.java:processAll(79)) - Processed 0 under replicated containers, failed processing 0
2022-11-23 12:07:42,135 [DatanodeAdminManager-0] INFO  node.DatanodeAdminMonitorImpl (DatanodeAdminMonitorImpl.java:checkContainersReplicatedOnNode(356)) - Under Replicated Container #6 Container State: CLOSED Replica Count: 4 Healthy Count: 1 Decommission Count: 0 Maintenance Count: 3 inFlightAdd Count: 1 inFightDel Count: 0 ReplicationFactor: 3 minMaintenance Count: 2; Replicas{ContainerReplica{containerID=#6, state=CLOSED, datanodeDetails=2f53493c-3a9e-4904-8cf8-ac1f6fb0520e{ip: 10.1.0.13, host: fv-az105-298.wy5h1aom0jgehahef1oyr10hrc.bx.internal.cloudapp.net, ports: [REPLICATION=43097, RATIS=43085, RATIS_ADMIN=43085, RATIS_SERVER=43085, STANDALONE=37821], networkLocation: /default-rack, certSerialId: null, persistedOpState: ENTERING_MAINTENANCE, persistedOpStateExpiryEpochSec: 0}, placeOfBirth=2f53493c-3a9e-4904-8cf8-ac1f6fb0520e, sequenceId=33, keyCount=3, bytesUsed=57},ContainerReplica{containerID=#6, state=CLOSED, datanodeDetails=f22cc5c0-3e38-414a-900c-2421eb232dd6{ip: 10.1.0.13, host: fv-az105-298.wy5h1aom0jgehahef1oyr10hrc.bx.internal.cloudapp.net, ports: [REPLICATION=33553, RATIS=38335, RATIS_ADMIN=38335, RATIS_SERVER=38335, STANDALONE=33109], networkLocation: /default-rack, certSerialId: null, persistedOpState: ENTERING_MAINTENANCE, persistedOpStateExpiryEpochSec: 0}, placeOfBirth=f22cc5c0-3e38-414a-900c-2421eb232dd6, sequenceId=33, keyCount=3, bytesUsed=57},ContainerReplica{containerID=#6, state=CLOSED, datanodeDetails=2770806d-009d-48da-9d50-3d9453a3ad96{ip: 10.1.0.13, host: fv-az105-298.wy5h1aom0jgehahef1oyr10hrc.bx.internal.cloudapp.net, ports: [REPLICATION=42903, RATIS=41085, RATIS_ADMIN=41085, RATIS_SERVER=41085, STANDALONE=41997], networkLocation: /default-rack, certSerialId: null, persistedOpState: ENTERING_MAINTENANCE, persistedOpStateExpiryEpochSec: 0}, placeOfBirth=2770806d-009d-48da-9d50-3d9453a3ad96, sequenceId=33, keyCount=3, bytesUsed=57},ContainerReplica{containerID=#6, state=CLOSED, datanodeDetails=388c1d2c-da9f-4216-9168-b64bdab690f4{ip: 10.1.0.13, host: fv-az105-298.wy5h1aom0jgehahef1oyr10hrc.bx.internal.cloudapp.net, ports: [REPLICATION=34649, RATIS=37573, RATIS_ADMIN=37573, RATIS_SERVER=37573, STANDALONE=41231], networkLocation: /default-rack, certSerialId: null, persistedOpState: IN_SERVICE, persistedOpStateExpiryEpochSec: 0}, placeOfBirth=2f53493c-3a9e-4904-8cf8-ac1f6fb0520e, sequenceId=33, keyCount=3, bytesUsed=57}}
2022-11-23 12:07:42,135 [DatanodeAdminManager-0] INFO  node.DatanodeAdminMonitorImpl (DatanodeAdminMonitorImpl.java:checkContainersReplicatedOnNode(377)) - f22cc5c0-3e38-414a-900c-2421eb232dd6{ip: 10.1.0.13, host: fv-az105-298.wy5h1aom0jgehahef1oyr10hrc.bx.internal.cloudapp.net, ports: [REPLICATION=33553, RATIS=38335, RATIS_ADMIN=38335, RATIS_SERVER=38335, STANDALONE=33109], networkLocation: /default-rack, certSerialId: null, persistedOpState: ENTERING_MAINTENANCE, persistedOpStateExpiryEpochSec: 0} has 2 sufficientlyReplicated, 1 underReplicated and 0 unhealthy containers
2022-11-23 12:07:42,135 [DatanodeAdminManager-0] INFO  node.DatanodeAdminMonitorImpl (DatanodeAdminMonitorImpl.java:checkContainersReplicatedOnNode(356)) - Under Replicated Container #6 Container State: CLOSED Replica Count: 4 Healthy Count: 1 Decommission Count: 0 Maintenance Count: 3 inFlightAdd Count: 1 inFightDel Count: 0 ReplicationFactor: 3 minMaintenance Count: 2; Replicas{ContainerReplica{containerID=#6, state=CLOSED, datanodeDetails=2f53493c-3a9e-4904-8cf8-ac1f6fb0520e{ip: 10.1.0.13, host: fv-az105-298.wy5h1aom0jgehahef1oyr10hrc.bx.internal.cloudapp.net, ports: [REPLICATION=43097, RATIS=43085, RATIS_ADMIN=43085, RATIS_SERVER=43085, STANDALONE=37821], networkLocation: /default-rack, certSerialId: null, persistedOpState: ENTERING_MAINTENANCE, persistedOpStateExpiryEpochSec: 0}, placeOfBirth=2f53493c-3a9e-4904-8cf8-ac1f6fb0520e, sequenceId=33, keyCount=3, bytesUsed=57},ContainerReplica{containerID=#6, state=CLOSED, datanodeDetails=f22cc5c0-3e38-414a-900c-2421eb232dd6{ip: 10.1.0.13, host: fv-az105-298.wy5h1aom0jgehahef1oyr10hrc.bx.internal.cloudapp.net, ports: [REPLICATION=33553, RATIS=38335, RATIS_ADMIN=38335, RATIS_SERVER=38335, STANDALONE=33109], networkLocation: /default-rack, certSerialId: null, persistedOpState: ENTERING_MAINTENANCE, persistedOpStateExpiryEpochSec: 0}, placeOfBirth=f22cc5c0-3e38-414a-900c-2421eb232dd6, sequenceId=33, keyCount=3, bytesUsed=57},ContainerReplica{containerID=#6, state=CLOSED, datanodeDetails=2770806d-009d-48da-9d50-3d9453a3ad96{ip: 10.1.0.13, host: fv-az105-298.wy5h1aom0jgehahef1oyr10hrc.bx.internal.cloudapp.net, ports: [REPLICATION=42903, RATIS=41085, RATIS_ADMIN=41085, RATIS_SERVER=41085, STANDALONE=41997], networkLocation: /default-rack, certSerialId: null, persistedOpState: ENTERING_MAINTENANCE, persistedOpStateExpiryEpochSec: 0}, placeOfBirth=2770806d-009d-48da-9d50-3d9453a3ad96, sequenceId=33, keyCount=3, bytesUsed=57},ContainerReplica{containerID=#6, state=CLOSED, datanodeDetails=388c1d2c-da9f-4216-9168-b64bdab690f4{ip: 10.1.0.13, host: fv-az105-298.wy5h1aom0jgehahef1oyr10hrc.bx.internal.cloudapp.net, ports: [REPLICATION=34649, RATIS=37573, RATIS_ADMIN=37573, RATIS_SERVER=37573, STANDALONE=41231], networkLocation: /default-rack, certSerialId: null, persistedOpState: IN_SERVICE, persistedOpStateExpiryEpochSec: 0}, placeOfBirth=2f53493c-3a9e-4904-8cf8-ac1f6fb0520e, sequenceId=33, keyCount=3, bytesUsed=57}}
2022-11-23 12:07:42,136 [DatanodeAdminManager-0] INFO  node.DatanodeAdminMonitorImpl (DatanodeAdminMonitorImpl.java:checkContainersReplicatedOnNode(377)) - 2770806d-009d-48da-9d50-3d9453a3ad96{ip: 10.1.0.13, host: fv-az105-298.wy5h1aom0jgehahef1oyr10hrc.bx.internal.cloudapp.net, ports: [REPLICATION=42903, RATIS=41085, RATIS_ADMIN=41085, RATIS_SERVER=41085, STANDALONE=41997], networkLocation: /default-rack, certSerialId: null, persistedOpState: ENTERING_MAINTENANCE, persistedOpStateExpiryEpochSec: 0} has 2 sufficientlyReplicated, 1 underReplicated and 0 unhealthy containers
2022-11-23 12:07:42,136 [DatanodeAdminManager-0] INFO  node.DatanodeAdminMonitorImpl (DatanodeAdminMonitorImpl.java:checkContainersReplicatedOnNode(356)) - Under Replicated Container #6 Container State: CLOSED Replica Count: 4 Healthy Count: 1 Decommission Count: 0 Maintenance Count: 3 inFlightAdd Count: 1 inFightDel Count: 0 ReplicationFactor: 3 minMaintenance Count: 2; Replicas{ContainerReplica{containerID=#6, state=CLOSED, datanodeDetails=2f53493c-3a9e-4904-8cf8-ac1f6fb0520e{ip: 10.1.0.13, host: fv-az105-298.wy5h1aom0jgehahef1oyr10hrc.bx.internal.cloudapp.net, ports: [REPLICATION=43097, RATIS=43085, RATIS_ADMIN=43085, RATIS_SERVER=43085, STANDALONE=37821], networkLocation: /default-rack, certSerialId: null, persistedOpState: ENTERING_MAINTENANCE, persistedOpStateExpiryEpochSec: 0}, placeOfBirth=2f53493c-3a9e-4904-8cf8-ac1f6fb0520e, sequenceId=33, keyCount=3, bytesUsed=57},ContainerReplica{containerID=#6, state=CLOSED, datanodeDetails=f22cc5c0-3e38-414a-900c-2421eb232dd6{ip: 10.1.0.13, host: fv-az105-298.wy5h1aom0jgehahef1oyr10hrc.bx.internal.cloudapp.net, ports: [REPLICATION=33553, RATIS=38335, RATIS_ADMIN=38335, RATIS_SERVER=38335, STANDALONE=33109], networkLocation: /default-rack, certSerialId: null, persistedOpState: ENTERING_MAINTENANCE, persistedOpStateExpiryEpochSec: 0}, placeOfBirth=f22cc5c0-3e38-414a-900c-2421eb232dd6, sequenceId=33, keyCount=3, bytesUsed=57},ContainerReplica{containerID=#6, state=CLOSED, datanodeDetails=2770806d-009d-48da-9d50-3d9453a3ad96{ip: 10.1.0.13, host: fv-az105-298.wy5h1aom0jgehahef1oyr10hrc.bx.internal.cloudapp.net, ports: [REPLICATION=42903, RATIS=41085, RATIS_ADMIN=41085, RATIS_SERVER=41085, STANDALONE=41997], networkLocation: /default-rack, certSerialId: null, persistedOpState: ENTERING_MAINTENANCE, persistedOpStateExpiryEpochSec: 0}, placeOfBirth=2770806d-009d-48da-9d50-3d9453a3ad96, sequenceId=33, keyCount=3, bytesUsed=57},ContainerReplica{containerID=#6, state=CLOSED, datanodeDetails=388c1d2c-da9f-4216-9168-b64bdab690f4{ip: 10.1.0.13, host: fv-az105-298.wy5h1aom0jgehahef1oyr10hrc.bx.internal.cloudapp.net, ports: [REPLICATION=34649, RATIS=37573, RATIS_ADMIN=37573, RATIS_SERVER=37573, STANDALONE=41231], networkLocation: /default-rack, certSerialId: null, persistedOpState: IN_SERVICE, persistedOpStateExpiryEpochSec: 0}, placeOfBirth=2f53493c-3a9e-4904-8cf8-ac1f6fb0520e, sequenceId=33, keyCount=3, bytesUsed=57}}
2022-11-23 12:07:42,136 [DatanodeAdminManager-0] INFO  node.DatanodeAdminMonitorImpl (DatanodeAdminMonitorImpl.java:checkContainersReplicatedOnNode(377)) - 2f53493c-3a9e-4904-8cf8-ac1f6fb0520e{ip: 10.1.0.13, host: fv-az105-298.wy5h1aom0jgehahef1oyr10hrc.bx.internal.cloudapp.net, ports: [REPLICATION=43097, RATIS=43085, RATIS_ADMIN=43085, RATIS_SERVER=43085, STANDALONE=37821], networkLocation: /default-rack, certSerialId: null, persistedOpState: ENTERING_MAINTENANCE, persistedOpStateExpiryEpochSec: 0} has 2 sufficientlyReplicated, 1 underReplicated and 0 unhealthy containers
2022-11-23 12:07:42,136 [DatanodeAdminManager-0] INFO  node.DatanodeAdminMonitorImpl (DatanodeAdminMonitorImpl.java:run(169)) - There are 3 nodes tracked for decommission and maintenance.  0 pending nodes.
2022-11-23 12:07:42,138 [Over Replicated Processor] INFO  replication.OverReplicatedProcessor (OverReplicatedProcessor.java:processAll(79)) - Processed 0 over replicated containers, failed processing 0
2022-11-23 12:07:42,172 [ReplicationMonitor] INFO  replication.ReplicationManager (ReplicationManager.java:processAll(355)) - Replication Monitor Thread took 1 milliseconds for processing 6 containers.
2022-11-23 12:07:42,664 [Under Replicated Processor] INFO  replication.UnderReplicatedProcessor (UnderReplicatedProcessor.java:processAll(79)) - Processed 0 under replicated containers, failed processing 0
2022-11-23 12:07:42,665 [Over Replicated Processor] INFO  replication.OverReplicatedProcessor (OverReplicatedProcessor.java:processAll(79)) - Processed 0 over replicated containers, failed processing 0
2022-11-23 12:07:42,665 [ReplicationMonitor] INFO  replication.ReplicationManager (ReplicationManager.java:processAll(355)) - Replication Monitor Thread took 0 milliseconds for processing 0 containers.
2022-11-23 12:07:43,133 [Under Replicated Processor] INFO  replication.UnderReplicatedProcessor (UnderReplicatedProcessor.java:processAll(79)) - Processed 0 under replicated containers, failed processing 0
2022-11-23 12:07:43,135 [DatanodeAdminManager-0] INFO  node.DatanodeAdminMonitorImpl (DatanodeAdminMonitorImpl.java:checkContainersReplicatedOnNode(356)) - Under Replicated Container #6 Container State: CLOSED Replica Count: 4 Healthy Count: 1 Decommission Count: 0 Maintenance Count: 3 inFlightAdd Count: 1 inFightDel Count: 0 ReplicationFactor: 3 minMaintenance Count: 2; Replicas{ContainerReplica{containerID=#6, state=CLOSED, datanodeDetails=2f53493c-3a9e-4904-8cf8-ac1f6fb0520e{ip: 10.1.0.13, host: fv-az105-298.wy5h1aom0jgehahef1oyr10hrc.bx.internal.cloudapp.net, ports: [REPLICATION=43097, RATIS=43085, RATIS_ADMIN=43085, RATIS_SERVER=43085, STANDALONE=37821], networkLocation: /default-rack, certSerialId: null, persistedOpState: ENTERING_MAINTENANCE, persistedOpStateExpiryEpochSec: 0}, placeOfBirth=2f53493c-3a9e-4904-8cf8-ac1f6fb0520e, sequenceId=33, keyCount=3, bytesUsed=57},ContainerReplica{containerID=#6, state=CLOSED, datanodeDetails=f22cc5c0-3e38-414a-900c-2421eb232dd6{ip: 10.1.0.13, host: fv-az105-298.wy5h1aom0jgehahef1oyr10hrc.bx.internal.cloudapp.net, ports: [REPLICATION=33553, RATIS=38335, RATIS_ADMIN=38335, RATIS_SERVER=38335, STANDALONE=33109], networkLocation: /default-rack, certSerialId: null, persistedOpState: ENTERING_MAINTENANCE, persistedOpStateExpiryEpochSec: 0}, placeOfBirth=f22cc5c0-3e38-414a-900c-2421eb232dd6, sequenceId=33, keyCount=3, bytesUsed=57},ContainerReplica{containerID=#6, state=CLOSED, datanodeDetails=2770806d-009d-48da-9d50-3d9453a3ad96{ip: 10.1.0.13, host: fv-az105-298.wy5h1aom0jgehahef1oyr10hrc.bx.internal.cloudapp.net, ports: [REPLICATION=42903, RATIS=41085, RATIS_ADMIN=41085, RATIS_SERVER=41085, STANDALONE=41997], networkLocation: /default-rack, certSerialId: null, persistedOpState: ENTERING_MAINTENANCE, persistedOpStateExpiryEpochSec: 0}, placeOfBirth=2770806d-009d-48da-9d50-3d9453a3ad96, sequenceId=33, keyCount=3, bytesUsed=57},ContainerReplica{containerID=#6, state=CLOSED, datanodeDetails=388c1d2c-da9f-4216-9168-b64bdab690f4{ip: 10.1.0.13, host: fv-az105-298.wy5h1aom0jgehahef1oyr10hrc.bx.internal.cloudapp.net, ports: [REPLICATION=34649, RATIS=37573, RATIS_ADMIN=37573, RATIS_SERVER=37573, STANDALONE=41231], networkLocation: /default-rack, certSerialId: null, persistedOpState: IN_SERVICE, persistedOpStateExpiryEpochSec: 0}, placeOfBirth=2f53493c-3a9e-4904-8cf8-ac1f6fb0520e, sequenceId=33, keyCount=3, bytesUsed=57}}
2022-11-23 12:07:43,135 [DatanodeAdminManager-0] INFO  node.DatanodeAdminMonitorImpl (DatanodeAdminMonitorImpl.java:checkContainersReplicatedOnNode(377)) - f22cc5c0-3e38-414a-900c-2421eb232dd6{ip: 10.1.0.13, host: fv-az105-298.wy5h1aom0jgehahef1oyr10hrc.bx.internal.cloudapp.net, ports: [REPLICATION=33553, RATIS=38335, RATIS_ADMIN=38335, RATIS_SERVER=38335, STANDALONE=33109], networkLocation: /default-rack, certSerialId: null, persistedOpState: ENTERING_MAINTENANCE, persistedOpStateExpiryEpochSec: 0} has 2 sufficientlyReplicated, 1 underReplicated and 0 unhealthy containers
2022-11-23 12:07:43,136 [DatanodeAdminManager-0] INFO  node.DatanodeAdminMonitorImpl (DatanodeAdminMonitorImpl.java:checkContainersReplicatedOnNode(356)) - Under Replicated Container #6 Container State: CLOSED Replica Count: 4 Healthy Count: 1 Decommission Count: 0 Maintenance Count: 3 inFlightAdd Count: 1 inFightDel Count: 0 ReplicationFactor: 3 minMaintenance Count: 2; Replicas{ContainerReplica{containerID=#6, state=CLOSED, datanodeDetails=2f53493c-3a9e-4904-8cf8-ac1f6fb0520e{ip: 10.1.0.13, host: fv-az105-298.wy5h1aom0jgehahef1oyr10hrc.bx.internal.cloudapp.net, ports: [REPLICATION=43097, RATIS=43085, RATIS_ADMIN=43085, RATIS_SERVER=43085, STANDALONE=37821], networkLocation: /default-rack, certSerialId: null, persistedOpState: ENTERING_MAINTENANCE, persistedOpStateExpiryEpochSec: 0}, placeOfBirth=2f53493c-3a9e-4904-8cf8-ac1f6fb0520e, sequenceId=33, keyCount=3, bytesUsed=57},ContainerReplica{containerID=#6, state=CLOSED, datanodeDetails=f22cc5c0-3e38-414a-900c-2421eb232dd6{ip: 10.1.0.13, host: fv-az105-298.wy5h1aom0jgehahef1oyr10hrc.bx.internal.cloudapp.net, ports: [REPLICATION=33553, RATIS=38335, RATIS_ADMIN=38335, RATIS_SERVER=38335, STANDALONE=33109], networkLocation: /default-rack, certSerialId: null, persistedOpState: ENTERING_MAINTENANCE, persistedOpStateExpiryEpochSec: 0}, placeOfBirth=f22cc5c0-3e38-414a-900c-2421eb232dd6, sequenceId=33, keyCount=3, bytesUsed=57},ContainerReplica{containerID=#6, state=CLOSED, datanodeDetails=2770806d-009d-48da-9d50-3d9453a3ad96{ip: 10.1.0.13, host: fv-az105-298.wy5h1aom0jgehahef1oyr10hrc.bx.internal.cloudapp.net, ports: [REPLICATION=42903, RATIS=41085, RATIS_ADMIN=41085, RATIS_SERVER=41085, STANDALONE=41997], networkLocation: /default-rack, certSerialId: null, persistedOpState: ENTERING_MAINTENANCE, persistedOpStateExpiryEpochSec: 0}, placeOfBirth=2770806d-009d-48da-9d50-3d9453a3ad96, sequenceId=33, keyCount=3, bytesUsed=57},ContainerReplica{containerID=#6, state=CLOSED, datanodeDetails=388c1d2c-da9f-4216-9168-b64bdab690f4{ip: 10.1.0.13, host: fv-az105-298.wy5h1aom0jgehahef1oyr10hrc.bx.internal.cloudapp.net, ports: [REPLICATION=34649, RATIS=37573, RATIS_ADMIN=37573, RATIS_SERVER=37573, STANDALONE=41231], networkLocation: /default-rack, certSerialId: null, persistedOpState: IN_SERVICE, persistedOpStateExpiryEpochSec: 0}, placeOfBirth=2f53493c-3a9e-4904-8cf8-ac1f6fb0520e, sequenceId=33, keyCount=3, bytesUsed=57}}
2022-11-23 12:07:43,136 [DatanodeAdminManager-0] INFO  node.DatanodeAdminMonitorImpl (DatanodeAdminMonitorImpl.java:checkContainersReplicatedOnNode(377)) - 2770806d-009d-48da-9d50-3d9453a3ad96{ip: 10.1.0.13, host: fv-az105-298.wy5h1aom0jgehahef1oyr10hrc.bx.internal.cloudapp.net, ports: [REPLICATION=42903, RATIS=41085, RATIS_ADMIN=41085, RATIS_SERVER=41085, STANDALONE=41997], networkLocation: /default-rack, certSerialId: null, persistedOpState: ENTERING_MAINTENANCE, persistedOpStateExpiryEpochSec: 0} has 2 sufficientlyReplicated, 1 underReplicated and 0 unhealthy containers
2022-11-23 12:07:43,136 [DatanodeAdminManager-0] INFO  node.DatanodeAdminMonitorImpl (DatanodeAdminMonitorImpl.java:checkContainersReplicatedOnNode(356)) - Under Replicated Container #6 Container State: CLOSED Replica Count: 4 Healthy Count: 1 Decommission Count: 0 Maintenance Count: 3 inFlightAdd Count: 1 inFightDel Count: 0 ReplicationFactor: 3 minMaintenance Count: 2; Replicas{ContainerReplica{containerID=#6, state=CLOSED, datanodeDetails=2f53493c-3a9e-4904-8cf8-ac1f6fb0520e{ip: 10.1.0.13, host: fv-az105-298.wy5h1aom0jgehahef1oyr10hrc.bx.internal.cloudapp.net, ports: [REPLICATION=43097, RATIS=43085, RATIS_ADMIN=43085, RATIS_SERVER=43085, STANDALONE=37821], networkLocation: /default-rack, certSerialId: null, persistedOpState: ENTERING_MAINTENANCE, persistedOpStateExpiryEpochSec: 0}, placeOfBirth=2f53493c-3a9e-4904-8cf8-ac1f6fb0520e, sequenceId=33, keyCount=3, bytesUsed=57},ContainerReplica{containerID=#6, state=CLOSED, datanodeDetails=f22cc5c0-3e38-414a-900c-2421eb232dd6{ip: 10.1.0.13, host: fv-az105-298.wy5h1aom0jgehahef1oyr10hrc.bx.internal.cloudapp.net, ports: [REPLICATION=33553, RATIS=38335, RATIS_ADMIN=38335, RATIS_SERVER=38335, STANDALONE=33109], networkLocation: /default-rack, certSerialId: null, persistedOpState: ENTERING_MAINTENANCE, persistedOpStateExpiryEpochSec: 0}, placeOfBirth=f22cc5c0-3e38-414a-900c-2421eb232dd6, sequenceId=33, keyCount=3, bytesUsed=57},ContainerReplica{containerID=#6, state=CLOSED, datanodeDetails=2770806d-009d-48da-9d50-3d9453a3ad96{ip: 10.1.0.13, host: fv-az105-298.wy5h1aom0jgehahef1oyr10hrc.bx.internal.cloudapp.net, ports: [REPLICATION=42903, RATIS=41085, RATIS_ADMIN=41085, RATIS_SERVER=41085, STANDALONE=41997], networkLocation: /default-rack, certSerialId: null, persistedOpState: ENTERING_MAINTENANCE, persistedOpStateExpiryEpochSec: 0}, placeOfBirth=2770806d-009d-48da-9d50-3d9453a3ad96, sequenceId=33, keyCount=3, bytesUsed=57},ContainerReplica{containerID=#6, state=CLOSED, datanodeDetails=388c1d2c-da9f-4216-9168-b64bdab690f4{ip: 10.1.0.13, host: fv-az105-298.wy5h1aom0jgehahef1oyr10hrc.bx.internal.cloudapp.net, ports: [REPLICATION=34649, RATIS=37573, RATIS_ADMIN=37573, RATIS_SERVER=37573, STANDALONE=41231], networkLocation: /default-rack, certSerialId: null, persistedOpState: IN_SERVICE, persistedOpStateExpiryEpochSec: 0}, placeOfBirth=2f53493c-3a9e-4904-8cf8-ac1f6fb0520e, sequenceId=33, keyCount=3, bytesUsed=57}}
2022-11-23 12:07:43,136 [DatanodeAdminManager-0] INFO  node.DatanodeAdminMonitorImpl (DatanodeAdminMonitorImpl.java:checkContainersReplicatedOnNode(377)) - 2f53493c-3a9e-4904-8cf8-ac1f6fb0520e{ip: 10.1.0.13, host: fv-az105-298.wy5h1aom0jgehahef1oyr10hrc.bx.internal.cloudapp.net, ports: [REPLICATION=43097, RATIS=43085, RATIS_ADMIN=43085, RATIS_SERVER=43085, STANDALONE=37821], networkLocation: /default-rack, certSerialId: null, persistedOpState: ENTERING_MAINTENANCE, persistedOpStateExpiryEpochSec: 0} has 2 sufficientlyReplicated, 1 underReplicated and 0 unhealthy containers
2022-11-23 12:07:43,136 [DatanodeAdminManager-0] INFO  node.DatanodeAdminMonitorImpl (DatanodeAdminMonitorImpl.java:run(169)) - There are 3 nodes tracked for decommission and maintenance.  0 pending nodes.
2022-11-23 12:07:43,138 [Over Replicated Processor] INFO  replication.OverReplicatedProcessor (OverReplicatedProcessor.java:processAll(79)) - Processed 0 over replicated containers, failed processing 0
2022-11-23 12:07:43,173 [ReplicationMonitor] INFO  replication.ReplicationManager (ReplicationManager.java:processAll(355)) - Replication Monitor Thread took 0 milliseconds for processing 6 containers.
2022-11-23 12:07:43,665 [Under Replicated Processor] INFO  replication.UnderReplicatedProcessor (UnderReplicatedProcessor.java:processAll(79)) - Processed 0 under replicated containers, failed processing 0
2022-11-23 12:07:43,665 [Over Replicated Processor] INFO  replication.OverReplicatedProcessor (OverReplicatedProcessor.java:processAll(79)) - Processed 0 over replicated containers, failed processing 0
2022-11-23 12:07:43,665 [ReplicationMonitor] INFO  replication.ReplicationManager (ReplicationManager.java:processAll(355)) - Replication Monitor Thread took 0 milliseconds for processing 0 containers.
2022-11-23 12:07:44,133 [Under Replicated Processor] INFO  replication.UnderReplicatedProcessor (UnderReplicatedProcessor.java:processAll(79)) - Processed 0 under replicated containers, failed processing 0
2022-11-23 12:07:44,135 [DatanodeAdminManager-0] INFO  node.DatanodeAdminMonitorImpl (DatanodeAdminMonitorImpl.java:checkContainersReplicatedOnNode(356)) - Under Replicated Container #6 Container State: CLOSED Replica Count: 4 Healthy Count: 1 Decommission Count: 0 Maintenance Count: 3 inFlightAdd Count: 1 inFightDel Count: 0 ReplicationFactor: 3 minMaintenance Count: 2; Replicas{ContainerReplica{containerID=#6, state=CLOSED, datanodeDetails=2f53493c-3a9e-4904-8cf8-ac1f6fb0520e{ip: 10.1.0.13, host: fv-az105-298.wy5h1aom0jgehahef1oyr10hrc.bx.internal.cloudapp.net, ports: [REPLICATION=43097, RATIS=43085, RATIS_ADMIN=43085, RATIS_SERVER=43085, STANDALONE=37821], networkLocation: /default-rack, certSerialId: null, persistedOpState: ENTERING_MAINTENANCE, persistedOpStateExpiryEpochSec: 0}, placeOfBirth=2f53493c-3a9e-4904-8cf8-ac1f6fb0520e, sequenceId=33, keyCount=3, bytesUsed=57},ContainerReplica{containerID=#6, state=CLOSED, datanodeDetails=f22cc5c0-3e38-414a-900c-2421eb232dd6{ip: 10.1.0.13, host: fv-az105-298.wy5h1aom0jgehahef1oyr10hrc.bx.internal.cloudapp.net, ports: [REPLICATION=33553, RATIS=38335, RATIS_ADMIN=38335, RATIS_SERVER=38335, STANDALONE=33109], networkLocation: /default-rack, certSerialId: null, persistedOpState: ENTERING_MAINTENANCE, persistedOpStateExpiryEpochSec: 0}, placeOfBirth=f22cc5c0-3e38-414a-900c-2421eb232dd6, sequenceId=33, keyCount=3, bytesUsed=57},ContainerReplica{containerID=#6, state=CLOSED, datanodeDetails=2770806d-009d-48da-9d50-3d9453a3ad96{ip: 10.1.0.13, host: fv-az105-298.wy5h1aom0jgehahef1oyr10hrc.bx.internal.cloudapp.net, ports: [REPLICATION=42903, RATIS=41085, RATIS_ADMIN=41085, RATIS_SERVER=41085, STANDALONE=41997], networkLocation: /default-rack, certSerialId: null, persistedOpState: ENTERING_MAINTENANCE, persistedOpStateExpiryEpochSec: 0}, placeOfBirth=2770806d-009d-48da-9d50-3d9453a3ad96, sequenceId=33, keyCount=3, bytesUsed=57},ContainerReplica{containerID=#6, state=CLOSED, datanodeDetails=388c1d2c-da9f-4216-9168-b64bdab690f4{ip: 10.1.0.13, host: fv-az105-298.wy5h1aom0jgehahef1oyr10hrc.bx.internal.cloudapp.net, ports: [REPLICATION=34649, RATIS=37573, RATIS_ADMIN=37573, RATIS_SERVER=37573, STANDALONE=41231], networkLocation: /default-rack, certSerialId: null, persistedOpState: IN_SERVICE, persistedOpStateExpiryEpochSec: 0}, placeOfBirth=2f53493c-3a9e-4904-8cf8-ac1f6fb0520e, sequenceId=33, keyCount=3, bytesUsed=57}}
2022-11-23 12:07:44,135 [DatanodeAdminManager-0] INFO  node.DatanodeAdminMonitorImpl (DatanodeAdminMonitorImpl.java:checkContainersReplicatedOnNode(377)) - f22cc5c0-3e38-414a-900c-2421eb232dd6{ip: 10.1.0.13, host: fv-az105-298.wy5h1aom0jgehahef1oyr10hrc.bx.internal.cloudapp.net, ports: [REPLICATION=33553, RATIS=38335, RATIS_ADMIN=38335, RATIS_SERVER=38335, STANDALONE=33109], networkLocation: /default-rack, certSerialId: null, persistedOpState: ENTERING_MAINTENANCE, persistedOpStateExpiryEpochSec: 0} has 2 sufficientlyReplicated, 1 underReplicated and 0 unhealthy containers
2022-11-23 12:07:44,135 [DatanodeAdminManager-0] INFO  node.DatanodeAdminMonitorImpl (DatanodeAdminMonitorImpl.java:checkContainersReplicatedOnNode(356)) - Under Replicated Container #6 Container State: CLOSED Replica Count: 4 Healthy Count: 1 Decommission Count: 0 Maintenance Count: 3 inFlightAdd Count: 1 inFightDel Count: 0 ReplicationFactor: 3 minMaintenance Count: 2; Replicas{ContainerReplica{containerID=#6, state=CLOSED, datanodeDetails=2f53493c-3a9e-4904-8cf8-ac1f6fb0520e{ip: 10.1.0.13, host: fv-az105-298.wy5h1aom0jgehahef1oyr10hrc.bx.internal.cloudapp.net, ports: [REPLICATION=43097, RATIS=43085, RATIS_ADMIN=43085, RATIS_SERVER=43085, STANDALONE=37821], networkLocation: /default-rack, certSerialId: null, persistedOpState: ENTERING_MAINTENANCE, persistedOpStateExpiryEpochSec: 0}, placeOfBirth=2f53493c-3a9e-4904-8cf8-ac1f6fb0520e, sequenceId=33, keyCount=3, bytesUsed=57},ContainerReplica{containerID=#6, state=CLOSED, datanodeDetails=f22cc5c0-3e38-414a-900c-2421eb232dd6{ip: 10.1.0.13, host: fv-az105-298.wy5h1aom0jgehahef1oyr10hrc.bx.internal.cloudapp.net, ports: [REPLICATION=33553, RATIS=38335, RATIS_ADMIN=38335, RATIS_SERVER=38335, STANDALONE=33109], networkLocation: /default-rack, certSerialId: null, persistedOpState: ENTERING_MAINTENANCE, persistedOpStateExpiryEpochSec: 0}, placeOfBirth=f22cc5c0-3e38-414a-900c-2421eb232dd6, sequenceId=33, keyCount=3, bytesUsed=57},ContainerReplica{containerID=#6, state=CLOSED, datanodeDetails=2770806d-009d-48da-9d50-3d9453a3ad96{ip: 10.1.0.13, host: fv-az105-298.wy5h1aom0jgehahef1oyr10hrc.bx.internal.cloudapp.net, ports: [REPLICATION=42903, RATIS=41085, RATIS_ADMIN=41085, RATIS_SERVER=41085, STANDALONE=41997], networkLocation: /default-rack, certSerialId: null, persistedOpState: ENTERING_MAINTENANCE, persistedOpStateExpiryEpochSec: 0}, placeOfBirth=2770806d-009d-48da-9d50-3d9453a3ad96, sequenceId=33, keyCount=3, bytesUsed=57},ContainerReplica{containerID=#6, state=CLOSED, datanodeDetails=388c1d2c-da9f-4216-9168-b64bdab690f4{ip: 10.1.0.13, host: fv-az105-298.wy5h1aom0jgehahef1oyr10hrc.bx.internal.cloudapp.net, ports: [REPLICATION=34649, RATIS=37573, RATIS_ADMIN=37573, RATIS_SERVER=37573, STANDALONE=41231], networkLocation: /default-rack, certSerialId: null, persistedOpState: IN_SERVICE, persistedOpStateExpiryEpochSec: 0}, placeOfBirth=2f53493c-3a9e-4904-8cf8-ac1f6fb0520e, sequenceId=33, keyCount=3, bytesUsed=57}}
2022-11-23 12:07:44,136 [DatanodeAdminManager-0] INFO  node.DatanodeAdminMonitorImpl (DatanodeAdminMonitorImpl.java:checkContainersReplicatedOnNode(377)) - 2770806d-009d-48da-9d50-3d9453a3ad96{ip: 10.1.0.13, host: fv-az105-298.wy5h1aom0jgehahef1oyr10hrc.bx.internal.cloudapp.net, ports: [REPLICATION=42903, RATIS=41085, RATIS_ADMIN=41085, RATIS_SERVER=41085, STANDALONE=41997], networkLocation: /default-rack, certSerialId: null, persistedOpState: ENTERING_MAINTENANCE, persistedOpStateExpiryEpochSec: 0} has 2 sufficientlyReplicated, 1 underReplicated and 0 unhealthy containers
2022-11-23 12:07:44,136 [DatanodeAdminManager-0] INFO  node.DatanodeAdminMonitorImpl (DatanodeAdminMonitorImpl.java:checkContainersReplicatedOnNode(356)) - Under Replicated Container #6 Container State: CLOSED Replica Count: 4 Healthy Count: 1 Decommission Count: 0 Maintenance Count: 3 inFlightAdd Count: 1 inFightDel Count: 0 ReplicationFactor: 3 minMaintenance Count: 2; Replicas{ContainerReplica{containerID=#6, state=CLOSED, datanodeDetails=2f53493c-3a9e-4904-8cf8-ac1f6fb0520e{ip: 10.1.0.13, host: fv-az105-298.wy5h1aom0jgehahef1oyr10hrc.bx.internal.cloudapp.net, ports: [REPLICATION=43097, RATIS=43085, RATIS_ADMIN=43085, RATIS_SERVER=43085, STANDALONE=37821], networkLocation: /default-rack, certSerialId: null, persistedOpState: ENTERING_MAINTENANCE, persistedOpStateExpiryEpochSec: 0}, placeOfBirth=2f53493c-3a9e-4904-8cf8-ac1f6fb0520e, sequenceId=33, keyCount=3, bytesUsed=57},ContainerReplica{containerID=#6, state=CLOSED, datanodeDetails=f22cc5c0-3e38-414a-900c-2421eb232dd6{ip: 10.1.0.13, host: fv-az105-298.wy5h1aom0jgehahef1oyr10hrc.bx.internal.cloudapp.net, ports: [REPLICATION=33553, RATIS=38335, RATIS_ADMIN=38335, RATIS_SERVER=38335, STANDALONE=33109], networkLocation: /default-rack, certSerialId: null, persistedOpState: ENTERING_MAINTENANCE, persistedOpStateExpiryEpochSec: 0}, placeOfBirth=f22cc5c0-3e38-414a-900c-2421eb232dd6, sequenceId=33, keyCount=3, bytesUsed=57},ContainerReplica{containerID=#6, state=CLOSED, datanodeDetails=2770806d-009d-48da-9d50-3d9453a3ad96{ip: 10.1.0.13, host: fv-az105-298.wy5h1aom0jgehahef1oyr10hrc.bx.internal.cloudapp.net, ports: [REPLICATION=42903, RATIS=41085, RATIS_ADMIN=41085, RATIS_SERVER=41085, STANDALONE=41997], networkLocation: /default-rack, certSerialId: null, persistedOpState: ENTERING_MAINTENANCE, persistedOpStateExpiryEpochSec: 0}, placeOfBirth=2770806d-009d-48da-9d50-3d9453a3ad96, sequenceId=33, keyCount=3, bytesUsed=57},ContainerReplica{containerID=#6, state=CLOSED, datanodeDetails=388c1d2c-da9f-4216-9168-b64bdab690f4{ip: 10.1.0.13, host: fv-az105-298.wy5h1aom0jgehahef1oyr10hrc.bx.internal.cloudapp.net, ports: [REPLICATION=34649, RATIS=37573, RATIS_ADMIN=37573, RATIS_SERVER=37573, STANDALONE=41231], networkLocation: /default-rack, certSerialId: null, persistedOpState: IN_SERVICE, persistedOpStateExpiryEpochSec: 0}, placeOfBirth=2f53493c-3a9e-4904-8cf8-ac1f6fb0520e, sequenceId=33, keyCount=3, bytesUsed=57}}
2022-11-23 12:07:44,136 [DatanodeAdminManager-0] INFO  node.DatanodeAdminMonitorImpl (DatanodeAdminMonitorImpl.java:checkContainersReplicatedOnNode(377)) - 2f53493c-3a9e-4904-8cf8-ac1f6fb0520e{ip: 10.1.0.13, host: fv-az105-298.wy5h1aom0jgehahef1oyr10hrc.bx.internal.cloudapp.net, ports: [REPLICATION=43097, RATIS=43085, RATIS_ADMIN=43085, RATIS_SERVER=43085, STANDALONE=37821], networkLocation: /default-rack, certSerialId: null, persistedOpState: ENTERING_MAINTENANCE, persistedOpStateExpiryEpochSec: 0} has 2 sufficientlyReplicated, 1 underReplicated and 0 unhealthy containers
2022-11-23 12:07:44,136 [DatanodeAdminManager-0] INFO  node.DatanodeAdminMonitorImpl (DatanodeAdminMonitorImpl.java:run(169)) - There are 3 nodes tracked for decommission and maintenance.  0 pending nodes.
2022-11-23 12:07:44,138 [Over Replicated Processor] INFO  replication.OverReplicatedProcessor (OverReplicatedProcessor.java:processAll(79)) - Processed 0 over replicated containers, failed processing 0
2022-11-23 12:07:44,173 [ReplicationMonitor] INFO  replication.ReplicationManager (ReplicationManager.java:processAll(355)) - Replication Monitor Thread took 0 milliseconds for processing 6 containers.
2022-11-23 12:07:44,665 [Under Replicated Processor] INFO  replication.UnderReplicatedProcessor (UnderReplicatedProcessor.java:processAll(79)) - Processed 0 under replicated containers, failed processing 0
2022-11-23 12:07:44,665 [Over Replicated Processor] INFO  replication.OverReplicatedProcessor (OverReplicatedProcessor.java:processAll(79)) - Processed 0 over replicated containers, failed processing 0
2022-11-23 12:07:44,665 [ReplicationMonitor] INFO  replication.ReplicationManager (ReplicationManager.java:processAll(355)) - Replication Monitor Thread took 0 milliseconds for processing 0 containers.
2022-11-23 12:07:45,133 [Under Replicated Processor] INFO  replication.UnderReplicatedProcessor (UnderReplicatedProcessor.java:processAll(79)) - Processed 0 under replicated containers, failed processing 0
2022-11-23 12:07:45,135 [DatanodeAdminManager-0] INFO  node.DatanodeAdminMonitorImpl (DatanodeAdminMonitorImpl.java:checkContainersReplicatedOnNode(356)) - Under Replicated Container #6 Container State: CLOSED Replica Count: 4 Healthy Count: 1 Decommission Count: 0 Maintenance Count: 3 inFlightAdd Count: 1 inFightDel Count: 0 ReplicationFactor: 3 minMaintenance Count: 2; Replicas{ContainerReplica{containerID=#6, state=CLOSED, datanodeDetails=2f53493c-3a9e-4904-8cf8-ac1f6fb0520e{ip: 10.1.0.13, host: fv-az105-298.wy5h1aom0jgehahef1oyr10hrc.bx.internal.cloudapp.net, ports: [REPLICATION=43097, RATIS=43085, RATIS_ADMIN=43085, RATIS_SERVER=43085, STANDALONE=37821], networkLocation: /default-rack, certSerialId: null, persistedOpState: ENTERING_MAINTENANCE, persistedOpStateExpiryEpochSec: 0}, placeOfBirth=2f53493c-3a9e-4904-8cf8-ac1f6fb0520e, sequenceId=33, keyCount=3, bytesUsed=57},ContainerReplica{containerID=#6, state=CLOSED, datanodeDetails=f22cc5c0-3e38-414a-900c-2421eb232dd6{ip: 10.1.0.13, host: fv-az105-298.wy5h1aom0jgehahef1oyr10hrc.bx.internal.cloudapp.net, ports: [REPLICATION=33553, RATIS=38335, RATIS_ADMIN=38335, RATIS_SERVER=38335, STANDALONE=33109], networkLocation: /default-rack, certSerialId: null, persistedOpState: ENTERING_MAINTENANCE, persistedOpStateExpiryEpochSec: 0}, placeOfBirth=f22cc5c0-3e38-414a-900c-2421eb232dd6, sequenceId=33, keyCount=3, bytesUsed=57},ContainerReplica{containerID=#6, state=CLOSED, datanodeDetails=2770806d-009d-48da-9d50-3d9453a3ad96{ip: 10.1.0.13, host: fv-az105-298.wy5h1aom0jgehahef1oyr10hrc.bx.internal.cloudapp.net, ports: [REPLICATION=42903, RATIS=41085, RATIS_ADMIN=41085, RATIS_SERVER=41085, STANDALONE=41997], networkLocation: /default-rack, certSerialId: null, persistedOpState: ENTERING_MAINTENANCE, persistedOpStateExpiryEpochSec: 0}, placeOfBirth=2770806d-009d-48da-9d50-3d9453a3ad96, sequenceId=33, keyCount=3, bytesUsed=57},ContainerReplica{containerID=#6, state=CLOSED, datanodeDetails=388c1d2c-da9f-4216-9168-b64bdab690f4{ip: 10.1.0.13, host: fv-az105-298.wy5h1aom0jgehahef1oyr10hrc.bx.internal.cloudapp.net, ports: [REPLICATION=34649, RATIS=37573, RATIS_ADMIN=37573, RATIS_SERVER=37573, STANDALONE=41231], networkLocation: /default-rack, certSerialId: null, persistedOpState: IN_SERVICE, persistedOpStateExpiryEpochSec: 0}, placeOfBirth=2f53493c-3a9e-4904-8cf8-ac1f6fb0520e, sequenceId=33, keyCount=3, bytesUsed=57}}
2022-11-23 12:07:45,135 [DatanodeAdminManager-0] INFO  node.DatanodeAdminMonitorImpl (DatanodeAdminMonitorImpl.java:checkContainersReplicatedOnNode(377)) - f22cc5c0-3e38-414a-900c-2421eb232dd6{ip: 10.1.0.13, host: fv-az105-298.wy5h1aom0jgehahef1oyr10hrc.bx.internal.cloudapp.net, ports: [REPLICATION=33553, RATIS=38335, RATIS_ADMIN=38335, RATIS_SERVER=38335, STANDALONE=33109], networkLocation: /default-rack, certSerialId: null, persistedOpState: ENTERING_MAINTENANCE, persistedOpStateExpiryEpochSec: 0} has 2 sufficientlyReplicated, 1 underReplicated and 0 unhealthy containers
2022-11-23 12:07:45,135 [DatanodeAdminManager-0] INFO  node.DatanodeAdminMonitorImpl (DatanodeAdminMonitorImpl.java:checkContainersReplicatedOnNode(356)) - Under Replicated Container #6 Container State: CLOSED Replica Count: 4 Healthy Count: 1 Decommission Count: 0 Maintenance Count: 3 inFlightAdd Count: 1 inFightDel Count: 0 ReplicationFactor: 3 minMaintenance Count: 2; Replicas{ContainerReplica{containerID=#6, state=CLOSED, datanodeDetails=2f53493c-3a9e-4904-8cf8-ac1f6fb0520e{ip: 10.1.0.13, host: fv-az105-298.wy5h1aom0jgehahef1oyr10hrc.bx.internal.cloudapp.net, ports: [REPLICATION=43097, RATIS=43085, RATIS_ADMIN=43085, RATIS_SERVER=43085, STANDALONE=37821], networkLocation: /default-rack, certSerialId: null, persistedOpState: ENTERING_MAINTENANCE, persistedOpStateExpiryEpochSec: 0}, placeOfBirth=2f53493c-3a9e-4904-8cf8-ac1f6fb0520e, sequenceId=33, keyCount=3, bytesUsed=57},ContainerReplica{containerID=#6, state=CLOSED, datanodeDetails=f22cc5c0-3e38-414a-900c-2421eb232dd6{ip: 10.1.0.13, host: fv-az105-298.wy5h1aom0jgehahef1oyr10hrc.bx.internal.cloudapp.net, ports: [REPLICATION=33553, RATIS=38335, RATIS_ADMIN=38335, RATIS_SERVER=38335, STANDALONE=33109], networkLocation: /default-rack, certSerialId: null, persistedOpState: ENTERING_MAINTENANCE, persistedOpStateExpiryEpochSec: 0}, placeOfBirth=f22cc5c0-3e38-414a-900c-2421eb232dd6, sequenceId=33, keyCount=3, bytesUsed=57},ContainerReplica{containerID=#6, state=CLOSED, datanodeDetails=2770806d-009d-48da-9d50-3d9453a3ad96{ip: 10.1.0.13, host: fv-az105-298.wy5h1aom0jgehahef1oyr10hrc.bx.internal.cloudapp.net, ports: [REPLICATION=42903, RATIS=41085, RATIS_ADMIN=41085, RATIS_SERVER=41085, STANDALONE=41997], networkLocation: /default-rack, certSerialId: null, persistedOpState: ENTERING_MAINTENANCE, persistedOpStateExpiryEpochSec: 0}, placeOfBirth=2770806d-009d-48da-9d50-3d9453a3ad96, sequenceId=33, keyCount=3, bytesUsed=57},ContainerReplica{containerID=#6, state=CLOSED, datanodeDetails=388c1d2c-da9f-4216-9168-b64bdab690f4{ip: 10.1.0.13, host: fv-az105-298.wy5h1aom0jgehahef1oyr10hrc.bx.internal.cloudapp.net, ports: [REPLICATION=34649, RATIS=37573, RATIS_ADMIN=37573, RATIS_SERVER=37573, STANDALONE=41231], networkLocation: /default-rack, certSerialId: null, persistedOpState: IN_SERVICE, persistedOpStateExpiryEpochSec: 0}, placeOfBirth=2f53493c-3a9e-4904-8cf8-ac1f6fb0520e, sequenceId=33, keyCount=3, bytesUsed=57}}
2022-11-23 12:07:45,136 [DatanodeAdminManager-0] INFO  node.DatanodeAdminMonitorImpl (DatanodeAdminMonitorImpl.java:checkContainersReplicatedOnNode(377)) - 2770806d-009d-48da-9d50-3d9453a3ad96{ip: 10.1.0.13, host: fv-az105-298.wy5h1aom0jgehahef1oyr10hrc.bx.internal.cloudapp.net, ports: [REPLICATION=42903, RATIS=41085, RATIS_ADMIN=41085, RATIS_SERVER=41085, STANDALONE=41997], networkLocation: /default-rack, certSerialId: null, persistedOpState: ENTERING_MAINTENANCE, persistedOpStateExpiryEpochSec: 0} has 2 sufficientlyReplicated, 1 underReplicated and 0 unhealthy containers
2022-11-23 12:07:45,136 [DatanodeAdminManager-0] INFO  node.DatanodeAdminMonitorImpl (DatanodeAdminMonitorImpl.java:checkContainersReplicatedOnNode(356)) - Under Replicated Container #6 Container State: CLOSED Replica Count: 4 Healthy Count: 1 Decommission Count: 0 Maintenance Count: 3 inFlightAdd Count: 1 inFightDel Count: 0 ReplicationFactor: 3 minMaintenance Count: 2; Replicas{ContainerReplica{containerID=#6, state=CLOSED, datanodeDetails=2f53493c-3a9e-4904-8cf8-ac1f6fb0520e{ip: 10.1.0.13, host: fv-az105-298.wy5h1aom0jgehahef1oyr10hrc.bx.internal.cloudapp.net, ports: [REPLICATION=43097, RATIS=43085, RATIS_ADMIN=43085, RATIS_SERVER=43085, STANDALONE=37821], networkLocation: /default-rack, certSerialId: null, persistedOpState: ENTERING_MAINTENANCE, persistedOpStateExpiryEpochSec: 0}, placeOfBirth=2f53493c-3a9e-4904-8cf8-ac1f6fb0520e, sequenceId=33, keyCount=3, bytesUsed=57},ContainerReplica{containerID=#6, state=CLOSED, datanodeDetails=f22cc5c0-3e38-414a-900c-2421eb232dd6{ip: 10.1.0.13, host: fv-az105-298.wy5h1aom0jgehahef1oyr10hrc.bx.internal.cloudapp.net, ports: [REPLICATION=33553, RATIS=38335, RATIS_ADMIN=38335, RATIS_SERVER=38335, STANDALONE=33109], networkLocation: /default-rack, certSerialId: null, persistedOpState: ENTERING_MAINTENANCE, persistedOpStateExpiryEpochSec: 0}, placeOfBirth=f22cc5c0-3e38-414a-900c-2421eb232dd6, sequenceId=33, keyCount=3, bytesUsed=57},ContainerReplica{containerID=#6, state=CLOSED, datanodeDetails=2770806d-009d-48da-9d50-3d9453a3ad96{ip: 10.1.0.13, host: fv-az105-298.wy5h1aom0jgehahef1oyr10hrc.bx.internal.cloudapp.net, ports: [REPLICATION=42903, RATIS=41085, RATIS_ADMIN=41085, RATIS_SERVER=41085, STANDALONE=41997], networkLocation: /default-rack, certSerialId: null, persistedOpState: ENTERING_MAINTENANCE, persistedOpStateExpiryEpochSec: 0}, placeOfBirth=2770806d-009d-48da-9d50-3d9453a3ad96, sequenceId=33, keyCount=3, bytesUsed=57},ContainerReplica{containerID=#6, state=CLOSED, datanodeDetails=388c1d2c-da9f-4216-9168-b64bdab690f4{ip: 10.1.0.13, host: fv-az105-298.wy5h1aom0jgehahef1oyr10hrc.bx.internal.cloudapp.net, ports: [REPLICATION=34649, RATIS=37573, RATIS_ADMIN=37573, RATIS_SERVER=37573, STANDALONE=41231], networkLocation: /default-rack, certSerialId: null, persistedOpState: IN_SERVICE, persistedOpStateExpiryEpochSec: 0}, placeOfBirth=2f53493c-3a9e-4904-8cf8-ac1f6fb0520e, sequenceId=33, keyCount=3, bytesUsed=57}}
2022-11-23 12:07:45,136 [DatanodeAdminManager-0] INFO  node.DatanodeAdminMonitorImpl (DatanodeAdminMonitorImpl.java:checkContainersReplicatedOnNode(377)) - 2f53493c-3a9e-4904-8cf8-ac1f6fb0520e{ip: 10.1.0.13, host: fv-az105-298.wy5h1aom0jgehahef1oyr10hrc.bx.internal.cloudapp.net, ports: [REPLICATION=43097, RATIS=43085, RATIS_ADMIN=43085, RATIS_SERVER=43085, STANDALONE=37821], networkLocation: /default-rack, certSerialId: null, persistedOpState: ENTERING_MAINTENANCE, persistedOpStateExpiryEpochSec: 0} has 2 sufficientlyReplicated, 1 underReplicated and 0 unhealthy containers
2022-11-23 12:07:45,136 [DatanodeAdminManager-0] INFO  node.DatanodeAdminMonitorImpl (DatanodeAdminMonitorImpl.java:run(169)) - There are 3 nodes tracked for decommission and maintenance.  0 pending nodes.
2022-11-23 12:07:45,138 [Over Replicated Processor] INFO  replication.OverReplicatedProcessor (OverReplicatedProcessor.java:processAll(79)) - Processed 0 over replicated containers, failed processing 0
2022-11-23 12:07:45,174 [ReplicationMonitor] INFO  replication.ReplicationManager (ReplicationManager.java:processAll(355)) - Replication Monitor Thread took 0 milliseconds for processing 6 containers.
2022-11-23 12:07:45,665 [Under Replicated Processor] INFO  replication.UnderReplicatedProcessor (UnderReplicatedProcessor.java:processAll(79)) - Processed 0 under replicated containers, failed processing 0
2022-11-23 12:07:45,665 [Over Replicated Processor] INFO  replication.OverReplicatedProcessor (OverReplicatedProcessor.java:processAll(79)) - Processed 0 over replicated containers, failed processing 0
2022-11-23 12:07:45,665 [ReplicationMonitor] INFO  replication.ReplicationManager (ReplicationManager.java:processAll(355)) - Replication Monitor Thread took 0 milliseconds for processing 0 containers.
2022-11-23 12:07:46,133 [Under Replicated Processor] INFO  replication.UnderReplicatedProcessor (UnderReplicatedProcessor.java:processAll(79)) - Processed 0 under replicated containers, failed processing 0
2022-11-23 12:07:46,135 [DatanodeAdminManager-0] INFO  node.DatanodeAdminMonitorImpl (DatanodeAdminMonitorImpl.java:checkContainersReplicatedOnNode(356)) - Under Replicated Container #6 Container State: CLOSED Replica Count: 4 Healthy Count: 1 Decommission Count: 0 Maintenance Count: 3 inFlightAdd Count: 1 inFightDel Count: 0 ReplicationFactor: 3 minMaintenance Count: 2; Replicas{ContainerReplica{containerID=#6, state=CLOSED, datanodeDetails=2f53493c-3a9e-4904-8cf8-ac1f6fb0520e{ip: 10.1.0.13, host: fv-az105-298.wy5h1aom0jgehahef1oyr10hrc.bx.internal.cloudapp.net, ports: [REPLICATION=43097, RATIS=43085, RATIS_ADMIN=43085, RATIS_SERVER=43085, STANDALONE=37821], networkLocation: /default-rack, certSerialId: null, persistedOpState: ENTERING_MAINTENANCE, persistedOpStateExpiryEpochSec: 0}, placeOfBirth=2f53493c-3a9e-4904-8cf8-ac1f6fb0520e, sequenceId=33, keyCount=3, bytesUsed=57},ContainerReplica{containerID=#6, state=CLOSED, datanodeDetails=f22cc5c0-3e38-414a-900c-2421eb232dd6{ip: 10.1.0.13, host: fv-az105-298.wy5h1aom0jgehahef1oyr10hrc.bx.internal.cloudapp.net, ports: [REPLICATION=33553, RATIS=38335, RATIS_ADMIN=38335, RATIS_SERVER=38335, STANDALONE=33109], networkLocation: /default-rack, certSerialId: null, persistedOpState: ENTERING_MAINTENANCE, persistedOpStateExpiryEpochSec: 0}, placeOfBirth=f22cc5c0-3e38-414a-900c-2421eb232dd6, sequenceId=33, keyCount=3, bytesUsed=57},ContainerReplica{containerID=#6, state=CLOSED, datanodeDetails=2770806d-009d-48da-9d50-3d9453a3ad96{ip: 10.1.0.13, host: fv-az105-298.wy5h1aom0jgehahef1oyr10hrc.bx.internal.cloudapp.net, ports: [REPLICATION=42903, RATIS=41085, RATIS_ADMIN=41085, RATIS_SERVER=41085, STANDALONE=41997], networkLocation: /default-rack, certSerialId: null, persistedOpState: ENTERING_MAINTENANCE, persistedOpStateExpiryEpochSec: 0}, placeOfBirth=2770806d-009d-48da-9d50-3d9453a3ad96, sequenceId=33, keyCount=3, bytesUsed=57},ContainerReplica{containerID=#6, state=CLOSED, datanodeDetails=388c1d2c-da9f-4216-9168-b64bdab690f4{ip: 10.1.0.13, host: fv-az105-298.wy5h1aom0jgehahef1oyr10hrc.bx.internal.cloudapp.net, ports: [REPLICATION=34649, RATIS=37573, RATIS_ADMIN=37573, RATIS_SERVER=37573, STANDALONE=41231], networkLocation: /default-rack, certSerialId: null, persistedOpState: IN_SERVICE, persistedOpStateExpiryEpochSec: 0}, placeOfBirth=2f53493c-3a9e-4904-8cf8-ac1f6fb0520e, sequenceId=33, keyCount=3, bytesUsed=57}}
2022-11-23 12:07:46,135 [DatanodeAdminManager-0] INFO  node.DatanodeAdminMonitorImpl (DatanodeAdminMonitorImpl.java:checkContainersReplicatedOnNode(377)) - f22cc5c0-3e38-414a-900c-2421eb232dd6{ip: 10.1.0.13, host: fv-az105-298.wy5h1aom0jgehahef1oyr10hrc.bx.internal.cloudapp.net, ports: [REPLICATION=33553, RATIS=38335, RATIS_ADMIN=38335, RATIS_SERVER=38335, STANDALONE=33109], networkLocation: /default-rack, certSerialId: null, persistedOpState: ENTERING_MAINTENANCE, persistedOpStateExpiryEpochSec: 0} has 2 sufficientlyReplicated, 1 underReplicated and 0 unhealthy containers
2022-11-23 12:07:46,135 [DatanodeAdminManager-0] INFO  node.DatanodeAdminMonitorImpl (DatanodeAdminMonitorImpl.java:checkContainersReplicatedOnNode(356)) - Under Replicated Container #6 Container State: CLOSED Replica Count: 4 Healthy Count: 1 Decommission Count: 0 Maintenance Count: 3 inFlightAdd Count: 1 inFightDel Count: 0 ReplicationFactor: 3 minMaintenance Count: 2; Replicas{ContainerReplica{containerID=#6, state=CLOSED, datanodeDetails=2f53493c-3a9e-4904-8cf8-ac1f6fb0520e{ip: 10.1.0.13, host: fv-az105-298.wy5h1aom0jgehahef1oyr10hrc.bx.internal.cloudapp.net, ports: [REPLICATION=43097, RATIS=43085, RATIS_ADMIN=43085, RATIS_SERVER=43085, STANDALONE=37821], networkLocation: /default-rack, certSerialId: null, persistedOpState: ENTERING_MAINTENANCE, persistedOpStateExpiryEpochSec: 0}, placeOfBirth=2f53493c-3a9e-4904-8cf8-ac1f6fb0520e, sequenceId=33, keyCount=3, bytesUsed=57},ContainerReplica{containerID=#6, state=CLOSED, datanodeDetails=f22cc5c0-3e38-414a-900c-2421eb232dd6{ip: 10.1.0.13, host: fv-az105-298.wy5h1aom0jgehahef1oyr10hrc.bx.internal.cloudapp.net, ports: [REPLICATION=33553, RATIS=38335, RATIS_ADMIN=38335, RATIS_SERVER=38335, STANDALONE=33109], networkLocation: /default-rack, certSerialId: null, persistedOpState: ENTERING_MAINTENANCE, persistedOpStateExpiryEpochSec: 0}, placeOfBirth=f22cc5c0-3e38-414a-900c-2421eb232dd6, sequenceId=33, keyCount=3, bytesUsed=57},ContainerReplica{containerID=#6, state=CLOSED, datanodeDetails=2770806d-009d-48da-9d50-3d9453a3ad96{ip: 10.1.0.13, host: fv-az105-298.wy5h1aom0jgehahef1oyr10hrc.bx.internal.cloudapp.net, ports: [REPLICATION=42903, RATIS=41085, RATIS_ADMIN=41085, RATIS_SERVER=41085, STANDALONE=41997], networkLocation: /default-rack, certSerialId: null, persistedOpState: ENTERING_MAINTENANCE, persistedOpStateExpiryEpochSec: 0}, placeOfBirth=2770806d-009d-48da-9d50-3d9453a3ad96, sequenceId=33, keyCount=3, bytesUsed=57},ContainerReplica{containerID=#6, state=CLOSED, datanodeDetails=388c1d2c-da9f-4216-9168-b64bdab690f4{ip: 10.1.0.13, host: fv-az105-298.wy5h1aom0jgehahef1oyr10hrc.bx.internal.cloudapp.net, ports: [REPLICATION=34649, RATIS=37573, RATIS_ADMIN=37573, RATIS_SERVER=37573, STANDALONE=41231], networkLocation: /default-rack, certSerialId: null, persistedOpState: IN_SERVICE, persistedOpStateExpiryEpochSec: 0}, placeOfBirth=2f53493c-3a9e-4904-8cf8-ac1f6fb0520e, sequenceId=33, keyCount=3, bytesUsed=57}}
2022-11-23 12:07:46,136 [DatanodeAdminManager-0] INFO  node.DatanodeAdminMonitorImpl (DatanodeAdminMonitorImpl.java:checkContainersReplicatedOnNode(377)) - 2770806d-009d-48da-9d50-3d9453a3ad96{ip: 10.1.0.13, host: fv-az105-298.wy5h1aom0jgehahef1oyr10hrc.bx.internal.cloudapp.net, ports: [REPLICATION=42903, RATIS=41085, RATIS_ADMIN=41085, RATIS_SERVER=41085, STANDALONE=41997], networkLocation: /default-rack, certSerialId: null, persistedOpState: ENTERING_MAINTENANCE, persistedOpStateExpiryEpochSec: 0} has 2 sufficientlyReplicated, 1 underReplicated and 0 unhealthy containers
2022-11-23 12:07:46,136 [DatanodeAdminManager-0] INFO  node.DatanodeAdminMonitorImpl (DatanodeAdminMonitorImpl.java:checkContainersReplicatedOnNode(356)) - Under Replicated Container #6 Container State: CLOSED Replica Count: 4 Healthy Count: 1 Decommission Count: 0 Maintenance Count: 3 inFlightAdd Count: 1 inFightDel Count: 0 ReplicationFactor: 3 minMaintenance Count: 2; Replicas{ContainerReplica{containerID=#6, state=CLOSED, datanodeDetails=2f53493c-3a9e-4904-8cf8-ac1f6fb0520e{ip: 10.1.0.13, host: fv-az105-298.wy5h1aom0jgehahef1oyr10hrc.bx.internal.cloudapp.net, ports: [REPLICATION=43097, RATIS=43085, RATIS_ADMIN=43085, RATIS_SERVER=43085, STANDALONE=37821], networkLocation: /default-rack, certSerialId: null, persistedOpState: ENTERING_MAINTENANCE, persistedOpStateExpiryEpochSec: 0}, placeOfBirth=2f53493c-3a9e-4904-8cf8-ac1f6fb0520e, sequenceId=33, keyCount=3, bytesUsed=57},ContainerReplica{containerID=#6, state=CLOSED, datanodeDetails=f22cc5c0-3e38-414a-900c-2421eb232dd6{ip: 10.1.0.13, host: fv-az105-298.wy5h1aom0jgehahef1oyr10hrc.bx.internal.cloudapp.net, ports: [REPLICATION=33553, RATIS=38335, RATIS_ADMIN=38335, RATIS_SERVER=38335, STANDALONE=33109], networkLocation: /default-rack, certSerialId: null, persistedOpState: ENTERING_MAINTENANCE, persistedOpStateExpiryEpochSec: 0}, placeOfBirth=f22cc5c0-3e38-414a-900c-2421eb232dd6, sequenceId=33, keyCount=3, bytesUsed=57},ContainerReplica{containerID=#6, state=CLOSED, datanodeDetails=2770806d-009d-48da-9d50-3d9453a3ad96{ip: 10.1.0.13, host: fv-az105-298.wy5h1aom0jgehahef1oyr10hrc.bx.internal.cloudapp.net, ports: [REPLICATION=42903, RATIS=41085, RATIS_ADMIN=41085, RATIS_SERVER=41085, STANDALONE=41997], networkLocation: /default-rack, certSerialId: null, persistedOpState: ENTERING_MAINTENANCE, persistedOpStateExpiryEpochSec: 0}, placeOfBirth=2770806d-009d-48da-9d50-3d9453a3ad96, sequenceId=33, keyCount=3, bytesUsed=57},ContainerReplica{containerID=#6, state=CLOSED, datanodeDetails=388c1d2c-da9f-4216-9168-b64bdab690f4{ip: 10.1.0.13, host: fv-az105-298.wy5h1aom0jgehahef1oyr10hrc.bx.internal.cloudapp.net, ports: [REPLICATION=34649, RATIS=37573, RATIS_ADMIN=37573, RATIS_SERVER=37573, STANDALONE=41231], networkLocation: /default-rack, certSerialId: null, persistedOpState: IN_SERVICE, persistedOpStateExpiryEpochSec: 0}, placeOfBirth=2f53493c-3a9e-4904-8cf8-ac1f6fb0520e, sequenceId=33, keyCount=3, bytesUsed=57}}
2022-11-23 12:07:46,136 [DatanodeAdminManager-0] INFO  node.DatanodeAdminMonitorImpl (DatanodeAdminMonitorImpl.java:checkContainersReplicatedOnNode(377)) - 2f53493c-3a9e-4904-8cf8-ac1f6fb0520e{ip: 10.1.0.13, host: fv-az105-298.wy5h1aom0jgehahef1oyr10hrc.bx.internal.cloudapp.net, ports: [REPLICATION=43097, RATIS=43085, RATIS_ADMIN=43085, RATIS_SERVER=43085, STANDALONE=37821], networkLocation: /default-rack, certSerialId: null, persistedOpState: ENTERING_MAINTENANCE, persistedOpStateExpiryEpochSec: 0} has 2 sufficientlyReplicated, 1 underReplicated and 0 unhealthy containers
2022-11-23 12:07:46,136 [DatanodeAdminManager-0] INFO  node.DatanodeAdminMonitorImpl (DatanodeAdminMonitorImpl.java:run(169)) - There are 3 nodes tracked for decommission and maintenance.  0 pending nodes.
2022-11-23 12:07:46,139 [Over Replicated Processor] INFO  replication.OverReplicatedProcessor (OverReplicatedProcessor.java:processAll(79)) - Processed 0 over replicated containers, failed processing 0
2022-11-23 12:07:46,174 [ReplicationMonitor] INFO  replication.ReplicationManager (ReplicationManager.java:processAll(355)) - Replication Monitor Thread took 0 milliseconds for processing 6 containers.
2022-11-23 12:07:46,665 [Under Replicated Processor] INFO  replication.UnderReplicatedProcessor (UnderReplicatedProcessor.java:processAll(79)) - Processed 0 under replicated containers, failed processing 0
2022-11-23 12:07:46,665 [Over Replicated Processor] INFO  replication.OverReplicatedProcessor (OverReplicatedProcessor.java:processAll(79)) - Processed 0 over replicated containers, failed processing 0
2022-11-23 12:07:46,665 [ReplicationMonitor] INFO  replication.ReplicationManager (ReplicationManager.java:processAll(355)) - Replication Monitor Thread took 0 milliseconds for processing 0 containers.
2022-11-23 12:07:47,134 [Under Replicated Processor] INFO  replication.UnderReplicatedProcessor (UnderReplicatedProcessor.java:processAll(79)) - Processed 0 under replicated containers, failed processing 0
2022-11-23 12:07:47,135 [DatanodeAdminManager-0] INFO  node.DatanodeAdminMonitorImpl (DatanodeAdminMonitorImpl.java:checkContainersReplicatedOnNode(356)) - Under Replicated Container #6 Container State: CLOSED Replica Count: 4 Healthy Count: 1 Decommission Count: 0 Maintenance Count: 3 inFlightAdd Count: 1 inFightDel Count: 0 ReplicationFactor: 3 minMaintenance Count: 2; Replicas{ContainerReplica{containerID=#6, state=CLOSED, datanodeDetails=2f53493c-3a9e-4904-8cf8-ac1f6fb0520e{ip: 10.1.0.13, host: fv-az105-298.wy5h1aom0jgehahef1oyr10hrc.bx.internal.cloudapp.net, ports: [REPLICATION=43097, RATIS=43085, RATIS_ADMIN=43085, RATIS_SERVER=43085, STANDALONE=37821], networkLocation: /default-rack, certSerialId: null, persistedOpState: ENTERING_MAINTENANCE, persistedOpStateExpiryEpochSec: 0}, placeOfBirth=2f53493c-3a9e-4904-8cf8-ac1f6fb0520e, sequenceId=33, keyCount=3, bytesUsed=57},ContainerReplica{containerID=#6, state=CLOSED, datanodeDetails=f22cc5c0-3e38-414a-900c-2421eb232dd6{ip: 10.1.0.13, host: fv-az105-298.wy5h1aom0jgehahef1oyr10hrc.bx.internal.cloudapp.net, ports: [REPLICATION=33553, RATIS=38335, RATIS_ADMIN=38335, RATIS_SERVER=38335, STANDALONE=33109], networkLocation: /default-rack, certSerialId: null, persistedOpState: ENTERING_MAINTENANCE, persistedOpStateExpiryEpochSec: 0}, placeOfBirth=f22cc5c0-3e38-414a-900c-2421eb232dd6, sequenceId=33, keyCount=3, bytesUsed=57},ContainerReplica{containerID=#6, state=CLOSED, datanodeDetails=2770806d-009d-48da-9d50-3d9453a3ad96{ip: 10.1.0.13, host: fv-az105-298.wy5h1aom0jgehahef1oyr10hrc.bx.internal.cloudapp.net, ports: [REPLICATION=42903, RATIS=41085, RATIS_ADMIN=41085, RATIS_SERVER=41085, STANDALONE=41997], networkLocation: /default-rack, certSerialId: null, persistedOpState: ENTERING_MAINTENANCE, persistedOpStateExpiryEpochSec: 0}, placeOfBirth=2770806d-009d-48da-9d50-3d9453a3ad96, sequenceId=33, keyCount=3, bytesUsed=57},ContainerReplica{containerID=#6, state=CLOSED, datanodeDetails=388c1d2c-da9f-4216-9168-b64bdab690f4{ip: 10.1.0.13, host: fv-az105-298.wy5h1aom0jgehahef1oyr10hrc.bx.internal.cloudapp.net, ports: [REPLICATION=34649, RATIS=37573, RATIS_ADMIN=37573, RATIS_SERVER=37573, STANDALONE=41231], networkLocation: /default-rack, certSerialId: null, persistedOpState: IN_SERVICE, persistedOpStateExpiryEpochSec: 0}, placeOfBirth=2f53493c-3a9e-4904-8cf8-ac1f6fb0520e, sequenceId=33, keyCount=3, bytesUsed=57}}
2022-11-23 12:07:47,135 [DatanodeAdminManager-0] INFO  node.DatanodeAdminMonitorImpl (DatanodeAdminMonitorImpl.java:checkContainersReplicatedOnNode(377)) - f22cc5c0-3e38-414a-900c-2421eb232dd6{ip: 10.1.0.13, host: fv-az105-298.wy5h1aom0jgehahef1oyr10hrc.bx.internal.cloudapp.net, ports: [REPLICATION=33553, RATIS=38335, RATIS_ADMIN=38335, RATIS_SERVER=38335, STANDALONE=33109], networkLocation: /default-rack, certSerialId: null, persistedOpState: ENTERING_MAINTENANCE, persistedOpStateExpiryEpochSec: 0} has 2 sufficientlyReplicated, 1 underReplicated and 0 unhealthy containers
2022-11-23 12:07:47,135 [DatanodeAdminManager-0] INFO  node.DatanodeAdminMonitorImpl (DatanodeAdminMonitorImpl.java:checkContainersReplicatedOnNode(356)) - Under Replicated Container #6 Container State: CLOSED Replica Count: 4 Healthy Count: 1 Decommission Count: 0 Maintenance Count: 3 inFlightAdd Count: 1 inFightDel Count: 0 ReplicationFactor: 3 minMaintenance Count: 2; Replicas{ContainerReplica{containerID=#6, state=CLOSED, datanodeDetails=2f53493c-3a9e-4904-8cf8-ac1f6fb0520e{ip: 10.1.0.13, host: fv-az105-298.wy5h1aom0jgehahef1oyr10hrc.bx.internal.cloudapp.net, ports: [REPLICATION=43097, RATIS=43085, RATIS_ADMIN=43085, RATIS_SERVER=43085, STANDALONE=37821], networkLocation: /default-rack, certSerialId: null, persistedOpState: ENTERING_MAINTENANCE, persistedOpStateExpiryEpochSec: 0}, placeOfBirth=2f53493c-3a9e-4904-8cf8-ac1f6fb0520e, sequenceId=33, keyCount=3, bytesUsed=57},ContainerReplica{containerID=#6, state=CLOSED, datanodeDetails=f22cc5c0-3e38-414a-900c-2421eb232dd6{ip: 10.1.0.13, host: fv-az105-298.wy5h1aom0jgehahef1oyr10hrc.bx.internal.cloudapp.net, ports: [REPLICATION=33553, RATIS=38335, RATIS_ADMIN=38335, RATIS_SERVER=38335, STANDALONE=33109], networkLocation: /default-rack, certSerialId: null, persistedOpState: ENTERING_MAINTENANCE, persistedOpStateExpiryEpochSec: 0}, placeOfBirth=f22cc5c0-3e38-414a-900c-2421eb232dd6, sequenceId=33, keyCount=3, bytesUsed=57},ContainerReplica{containerID=#6, state=CLOSED, datanodeDetails=2770806d-009d-48da-9d50-3d9453a3ad96{ip: 10.1.0.13, host: fv-az105-298.wy5h1aom0jgehahef1oyr10hrc.bx.internal.cloudapp.net, ports: [REPLICATION=42903, RATIS=41085, RATIS_ADMIN=41085, RATIS_SERVER=41085, STANDALONE=41997], networkLocation: /default-rack, certSerialId: null, persistedOpState: ENTERING_MAINTENANCE, persistedOpStateExpiryEpochSec: 0}, placeOfBirth=2770806d-009d-48da-9d50-3d9453a3ad96, sequenceId=33, keyCount=3, bytesUsed=57},ContainerReplica{containerID=#6, state=CLOSED, datanodeDetails=388c1d2c-da9f-4216-9168-b64bdab690f4{ip: 10.1.0.13, host: fv-az105-298.wy5h1aom0jgehahef1oyr10hrc.bx.internal.cloudapp.net, ports: [REPLICATION=34649, RATIS=37573, RATIS_ADMIN=37573, RATIS_SERVER=37573, STANDALONE=41231], networkLocation: /default-rack, certSerialId: null, persistedOpState: IN_SERVICE, persistedOpStateExpiryEpochSec: 0}, placeOfBirth=2f53493c-3a9e-4904-8cf8-ac1f6fb0520e, sequenceId=33, keyCount=3, bytesUsed=57}}
2022-11-23 12:07:47,136 [DatanodeAdminManager-0] INFO  node.DatanodeAdminMonitorImpl (DatanodeAdminMonitorImpl.java:checkContainersReplicatedOnNode(377)) - 2770806d-009d-48da-9d50-3d9453a3ad96{ip: 10.1.0.13, host: fv-az105-298.wy5h1aom0jgehahef1oyr10hrc.bx.internal.cloudapp.net, ports: [REPLICATION=42903, RATIS=41085, RATIS_ADMIN=41085, RATIS_SERVER=41085, STANDALONE=41997], networkLocation: /default-rack, certSerialId: null, persistedOpState: ENTERING_MAINTENANCE, persistedOpStateExpiryEpochSec: 0} has 2 sufficientlyReplicated, 1 underReplicated and 0 unhealthy containers
2022-11-23 12:07:47,136 [DatanodeAdminManager-0] INFO  node.DatanodeAdminMonitorImpl (DatanodeAdminMonitorImpl.java:checkContainersReplicatedOnNode(356)) - Under Replicated Container #6 Container State: CLOSED Replica Count: 4 Healthy Count: 1 Decommission Count: 0 Maintenance Count: 3 inFlightAdd Count: 1 inFightDel Count: 0 ReplicationFactor: 3 minMaintenance Count: 2; Replicas{ContainerReplica{containerID=#6, state=CLOSED, datanodeDetails=2f53493c-3a9e-4904-8cf8-ac1f6fb0520e{ip: 10.1.0.13, host: fv-az105-298.wy5h1aom0jgehahef1oyr10hrc.bx.internal.cloudapp.net, ports: [REPLICATION=43097, RATIS=43085, RATIS_ADMIN=43085, RATIS_SERVER=43085, STANDALONE=37821], networkLocation: /default-rack, certSerialId: null, persistedOpState: ENTERING_MAINTENANCE, persistedOpStateExpiryEpochSec: 0}, placeOfBirth=2f53493c-3a9e-4904-8cf8-ac1f6fb0520e, sequenceId=33, keyCount=3, bytesUsed=57},ContainerReplica{containerID=#6, state=CLOSED, datanodeDetails=f22cc5c0-3e38-414a-900c-2421eb232dd6{ip: 10.1.0.13, host: fv-az105-298.wy5h1aom0jgehahef1oyr10hrc.bx.internal.cloudapp.net, ports: [REPLICATION=33553, RATIS=38335, RATIS_ADMIN=38335, RATIS_SERVER=38335, STANDALONE=33109], networkLocation: /default-rack, certSerialId: null, persistedOpState: ENTERING_MAINTENANCE, persistedOpStateExpiryEpochSec: 0}, placeOfBirth=f22cc5c0-3e38-414a-900c-2421eb232dd6, sequenceId=33, keyCount=3, bytesUsed=57},ContainerReplica{containerID=#6, state=CLOSED, datanodeDetails=2770806d-009d-48da-9d50-3d9453a3ad96{ip: 10.1.0.13, host: fv-az105-298.wy5h1aom0jgehahef1oyr10hrc.bx.internal.cloudapp.net, ports: [REPLICATION=42903, RATIS=41085, RATIS_ADMIN=41085, RATIS_SERVER=41085, STANDALONE=41997], networkLocation: /default-rack, certSerialId: null, persistedOpState: ENTERING_MAINTENANCE, persistedOpStateExpiryEpochSec: 0}, placeOfBirth=2770806d-009d-48da-9d50-3d9453a3ad96, sequenceId=33, keyCount=3, bytesUsed=57},ContainerReplica{containerID=#6, state=CLOSED, datanodeDetails=388c1d2c-da9f-4216-9168-b64bdab690f4{ip: 10.1.0.13, host: fv-az105-298.wy5h1aom0jgehahef1oyr10hrc.bx.internal.cloudapp.net, ports: [REPLICATION=34649, RATIS=37573, RATIS_ADMIN=37573, RATIS_SERVER=37573, STANDALONE=41231], networkLocation: /default-rack, certSerialId: null, persistedOpState: IN_SERVICE, persistedOpStateExpiryEpochSec: 0}, placeOfBirth=2f53493c-3a9e-4904-8cf8-ac1f6fb0520e, sequenceId=33, keyCount=3, bytesUsed=57}}
2022-11-23 12:07:47,136 [DatanodeAdminManager-0] INFO  node.DatanodeAdminMonitorImpl (DatanodeAdminMonitorImpl.java:checkContainersReplicatedOnNode(377)) - 2f53493c-3a9e-4904-8cf8-ac1f6fb0520e{ip: 10.1.0.13, host: fv-az105-298.wy5h1aom0jgehahef1oyr10hrc.bx.internal.cloudapp.net, ports: [REPLICATION=43097, RATIS=43085, RATIS_ADMIN=43085, RATIS_SERVER=43085, STANDALONE=37821], networkLocation: /default-rack, certSerialId: null, persistedOpState: ENTERING_MAINTENANCE, persistedOpStateExpiryEpochSec: 0} has 2 sufficientlyReplicated, 1 underReplicated and 0 unhealthy containers
2022-11-23 12:07:47,136 [DatanodeAdminManager-0] INFO  node.DatanodeAdminMonitorImpl (DatanodeAdminMonitorImpl.java:run(169)) - There are 3 nodes tracked for decommission and maintenance.  0 pending nodes.
2022-11-23 12:07:47,139 [Over Replicated Processor] INFO  replication.OverReplicatedProcessor (OverReplicatedProcessor.java:processAll(79)) - Processed 0 over replicated containers, failed processing 0
2022-11-23 12:07:47,174 [ReplicationMonitor] INFO  replication.ReplicationManager (ReplicationManager.java:processAll(355)) - Replication Monitor Thread took 1 milliseconds for processing 6 containers.
2022-11-23 12:07:47,665 [Under Replicated Processor] INFO  replication.UnderReplicatedProcessor (UnderReplicatedProcessor.java:processAll(79)) - Processed 0 under replicated containers, failed processing 0
2022-11-23 12:07:47,665 [Over Replicated Processor] INFO  replication.OverReplicatedProcessor (OverReplicatedProcessor.java:processAll(79)) - Processed 0 over replicated containers, failed processing 0
2022-11-23 12:07:47,666 [ReplicationMonitor] INFO  replication.ReplicationManager (ReplicationManager.java:processAll(355)) - Replication Monitor Thread took 0 milliseconds for processing 0 containers.
2022-11-23 12:07:48,134 [Under Replicated Processor] INFO  replication.UnderReplicatedProcessor (UnderReplicatedProcessor.java:processAll(79)) - Processed 0 under replicated containers, failed processing 0
2022-11-23 12:07:48,135 [DatanodeAdminManager-0] INFO  node.DatanodeAdminMonitorImpl (DatanodeAdminMonitorImpl.java:checkContainersReplicatedOnNode(356)) - Under Replicated Container #6 Container State: CLOSED Replica Count: 4 Healthy Count: 1 Decommission Count: 0 Maintenance Count: 3 inFlightAdd Count: 1 inFightDel Count: 0 ReplicationFactor: 3 minMaintenance Count: 2; Replicas{ContainerReplica{containerID=#6, state=CLOSED, datanodeDetails=2f53493c-3a9e-4904-8cf8-ac1f6fb0520e{ip: 10.1.0.13, host: fv-az105-298.wy5h1aom0jgehahef1oyr10hrc.bx.internal.cloudapp.net, ports: [REPLICATION=43097, RATIS=43085, RATIS_ADMIN=43085, RATIS_SERVER=43085, STANDALONE=37821], networkLocation: /default-rack, certSerialId: null, persistedOpState: ENTERING_MAINTENANCE, persistedOpStateExpiryEpochSec: 0}, placeOfBirth=2f53493c-3a9e-4904-8cf8-ac1f6fb0520e, sequenceId=33, keyCount=3, bytesUsed=57},ContainerReplica{containerID=#6, state=CLOSED, datanodeDetails=f22cc5c0-3e38-414a-900c-2421eb232dd6{ip: 10.1.0.13, host: fv-az105-298.wy5h1aom0jgehahef1oyr10hrc.bx.internal.cloudapp.net, ports: [REPLICATION=33553, RATIS=38335, RATIS_ADMIN=38335, RATIS_SERVER=38335, STANDALONE=33109], networkLocation: /default-rack, certSerialId: null, persistedOpState: ENTERING_MAINTENANCE, persistedOpStateExpiryEpochSec: 0}, placeOfBirth=f22cc5c0-3e38-414a-900c-2421eb232dd6, sequenceId=33, keyCount=3, bytesUsed=57},ContainerReplica{containerID=#6, state=CLOSED, datanodeDetails=2770806d-009d-48da-9d50-3d9453a3ad96{ip: 10.1.0.13, host: fv-az105-298.wy5h1aom0jgehahef1oyr10hrc.bx.internal.cloudapp.net, ports: [REPLICATION=42903, RATIS=41085, RATIS_ADMIN=41085, RATIS_SERVER=41085, STANDALONE=41997], networkLocation: /default-rack, certSerialId: null, persistedOpState: ENTERING_MAINTENANCE, persistedOpStateExpiryEpochSec: 0}, placeOfBirth=2770806d-009d-48da-9d50-3d9453a3ad96, sequenceId=33, keyCount=3, bytesUsed=57},ContainerReplica{containerID=#6, state=CLOSED, datanodeDetails=388c1d2c-da9f-4216-9168-b64bdab690f4{ip: 10.1.0.13, host: fv-az105-298.wy5h1aom0jgehahef1oyr10hrc.bx.internal.cloudapp.net, ports: [REPLICATION=34649, RATIS=37573, RATIS_ADMIN=37573, RATIS_SERVER=37573, STANDALONE=41231], networkLocation: /default-rack, certSerialId: null, persistedOpState: IN_SERVICE, persistedOpStateExpiryEpochSec: 0}, placeOfBirth=2f53493c-3a9e-4904-8cf8-ac1f6fb0520e, sequenceId=33, keyCount=3, bytesUsed=57}}
2022-11-23 12:07:48,135 [DatanodeAdminManager-0] INFO  node.DatanodeAdminMonitorImpl (DatanodeAdminMonitorImpl.java:checkContainersReplicatedOnNode(377)) - f22cc5c0-3e38-414a-900c-2421eb232dd6{ip: 10.1.0.13, host: fv-az105-298.wy5h1aom0jgehahef1oyr10hrc.bx.internal.cloudapp.net, ports: [REPLICATION=33553, RATIS=38335, RATIS_ADMIN=38335, RATIS_SERVER=38335, STANDALONE=33109], networkLocation: /default-rack, certSerialId: null, persistedOpState: ENTERING_MAINTENANCE, persistedOpStateExpiryEpochSec: 0} has 2 sufficientlyReplicated, 1 underReplicated and 0 unhealthy containers
2022-11-23 12:07:48,135 [DatanodeAdminManager-0] INFO  node.DatanodeAdminMonitorImpl (DatanodeAdminMonitorImpl.java:checkContainersReplicatedOnNode(356)) - Under Replicated Container #6 Container State: CLOSED Replica Count: 4 Healthy Count: 1 Decommission Count: 0 Maintenance Count: 3 inFlightAdd Count: 1 inFightDel Count: 0 ReplicationFactor: 3 minMaintenance Count: 2; Replicas{ContainerReplica{containerID=#6, state=CLOSED, datanodeDetails=2f53493c-3a9e-4904-8cf8-ac1f6fb0520e{ip: 10.1.0.13, host: fv-az105-298.wy5h1aom0jgehahef1oyr10hrc.bx.internal.cloudapp.net, ports: [REPLICATION=43097, RATIS=43085, RATIS_ADMIN=43085, RATIS_SERVER=43085, STANDALONE=37821], networkLocation: /default-rack, certSerialId: null, persistedOpState: ENTERING_MAINTENANCE, persistedOpStateExpiryEpochSec: 0}, placeOfBirth=2f53493c-3a9e-4904-8cf8-ac1f6fb0520e, sequenceId=33, keyCount=3, bytesUsed=57},ContainerReplica{containerID=#6, state=CLOSED, datanodeDetails=f22cc5c0-3e38-414a-900c-2421eb232dd6{ip: 10.1.0.13, host: fv-az105-298.wy5h1aom0jgehahef1oyr10hrc.bx.internal.cloudapp.net, ports: [REPLICATION=33553, RATIS=38335, RATIS_ADMIN=38335, RATIS_SERVER=38335, STANDALONE=33109], networkLocation: /default-rack, certSerialId: null, persistedOpState: ENTERING_MAINTENANCE, persistedOpStateExpiryEpochSec: 0}, placeOfBirth=f22cc5c0-3e38-414a-900c-2421eb232dd6, sequenceId=33, keyCount=3, bytesUsed=57},ContainerReplica{containerID=#6, state=CLOSED, datanodeDetails=2770806d-009d-48da-9d50-3d9453a3ad96{ip: 10.1.0.13, host: fv-az105-298.wy5h1aom0jgehahef1oyr10hrc.bx.internal.cloudapp.net, ports: [REPLICATION=42903, RATIS=41085, RATIS_ADMIN=41085, RATIS_SERVER=41085, STANDALONE=41997], networkLocation: /default-rack, certSerialId: null, persistedOpState: ENTERING_MAINTENANCE, persistedOpStateExpiryEpochSec: 0}, placeOfBirth=2770806d-009d-48da-9d50-3d9453a3ad96, sequenceId=33, keyCount=3, bytesUsed=57},ContainerReplica{containerID=#6, state=CLOSED, datanodeDetails=388c1d2c-da9f-4216-9168-b64bdab690f4{ip: 10.1.0.13, host: fv-az105-298.wy5h1aom0jgehahef1oyr10hrc.bx.internal.cloudapp.net, ports: [REPLICATION=34649, RATIS=37573, RATIS_ADMIN=37573, RATIS_SERVER=37573, STANDALONE=41231], networkLocation: /default-rack, certSerialId: null, persistedOpState: IN_SERVICE, persistedOpStateExpiryEpochSec: 0}, placeOfBirth=2f53493c-3a9e-4904-8cf8-ac1f6fb0520e, sequenceId=33, keyCount=3, bytesUsed=57}}
2022-11-23 12:07:48,136 [DatanodeAdminManager-0] INFO  node.DatanodeAdminMonitorImpl (DatanodeAdminMonitorImpl.java:checkContainersReplicatedOnNode(377)) - 2770806d-009d-48da-9d50-3d9453a3ad96{ip: 10.1.0.13, host: fv-az105-298.wy5h1aom0jgehahef1oyr10hrc.bx.internal.cloudapp.net, ports: [REPLICATION=42903, RATIS=41085, RATIS_ADMIN=41085, RATIS_SERVER=41085, STANDALONE=41997], networkLocation: /default-rack, certSerialId: null, persistedOpState: ENTERING_MAINTENANCE, persistedOpStateExpiryEpochSec: 0} has 2 sufficientlyReplicated, 1 underReplicated and 0 unhealthy containers
2022-11-23 12:07:48,136 [DatanodeAdminManager-0] INFO  node.DatanodeAdminMonitorImpl (DatanodeAdminMonitorImpl.java:checkContainersReplicatedOnNode(356)) - Under Replicated Container #6 Container State: CLOSED Replica Count: 4 Healthy Count: 1 Decommission Count: 0 Maintenance Count: 3 inFlightAdd Count: 1 inFightDel Count: 0 ReplicationFactor: 3 minMaintenance Count: 2; Replicas{ContainerReplica{containerID=#6, state=CLOSED, datanodeDetails=2f53493c-3a9e-4904-8cf8-ac1f6fb0520e{ip: 10.1.0.13, host: fv-az105-298.wy5h1aom0jgehahef1oyr10hrc.bx.internal.cloudapp.net, ports: [REPLICATION=43097, RATIS=43085, RATIS_ADMIN=43085, RATIS_SERVER=43085, STANDALONE=37821], networkLocation: /default-rack, certSerialId: null, persistedOpState: ENTERING_MAINTENANCE, persistedOpStateExpiryEpochSec: 0}, placeOfBirth=2f53493c-3a9e-4904-8cf8-ac1f6fb0520e, sequenceId=33, keyCount=3, bytesUsed=57},ContainerReplica{containerID=#6, state=CLOSED, datanodeDetails=f22cc5c0-3e38-414a-900c-2421eb232dd6{ip: 10.1.0.13, host: fv-az105-298.wy5h1aom0jgehahef1oyr10hrc.bx.internal.cloudapp.net, ports: [REPLICATION=33553, RATIS=38335, RATIS_ADMIN=38335, RATIS_SERVER=38335, STANDALONE=33109], networkLocation: /default-rack, certSerialId: null, persistedOpState: ENTERING_MAINTENANCE, persistedOpStateExpiryEpochSec: 0}, placeOfBirth=f22cc5c0-3e38-414a-900c-2421eb232dd6, sequenceId=33, keyCount=3, bytesUsed=57},ContainerReplica{containerID=#6, state=CLOSED, datanodeDetails=2770806d-009d-48da-9d50-3d9453a3ad96{ip: 10.1.0.13, host: fv-az105-298.wy5h1aom0jgehahef1oyr10hrc.bx.internal.cloudapp.net, ports: [REPLICATION=42903, RATIS=41085, RATIS_ADMIN=41085, RATIS_SERVER=41085, STANDALONE=41997], networkLocation: /default-rack, certSerialId: null, persistedOpState: ENTERING_MAINTENANCE, persistedOpStateExpiryEpochSec: 0}, placeOfBirth=2770806d-009d-48da-9d50-3d9453a3ad96, sequenceId=33, keyCount=3, bytesUsed=57},ContainerReplica{containerID=#6, state=CLOSED, datanodeDetails=388c1d2c-da9f-4216-9168-b64bdab690f4{ip: 10.1.0.13, host: fv-az105-298.wy5h1aom0jgehahef1oyr10hrc.bx.internal.cloudapp.net, ports: [REPLICATION=34649, RATIS=37573, RATIS_ADMIN=37573, RATIS_SERVER=37573, STANDALONE=41231], networkLocation: /default-rack, certSerialId: null, persistedOpState: IN_SERVICE, persistedOpStateExpiryEpochSec: 0}, placeOfBirth=2f53493c-3a9e-4904-8cf8-ac1f6fb0520e, sequenceId=33, keyCount=3, bytesUsed=57}}
2022-11-23 12:07:48,136 [DatanodeAdminManager-0] INFO  node.DatanodeAdminMonitorImpl (DatanodeAdminMonitorImpl.java:checkContainersReplicatedOnNode(377)) - 2f53493c-3a9e-4904-8cf8-ac1f6fb0520e{ip: 10.1.0.13, host: fv-az105-298.wy5h1aom0jgehahef1oyr10hrc.bx.internal.cloudapp.net, ports: [REPLICATION=43097, RATIS=43085, RATIS_ADMIN=43085, RATIS_SERVER=43085, STANDALONE=37821], networkLocation: /default-rack, certSerialId: null, persistedOpState: ENTERING_MAINTENANCE, persistedOpStateExpiryEpochSec: 0} has 2 sufficientlyReplicated, 1 underReplicated and 0 unhealthy containers
2022-11-23 12:07:48,136 [DatanodeAdminManager-0] INFO  node.DatanodeAdminMonitorImpl (DatanodeAdminMonitorImpl.java:run(169)) - There are 3 nodes tracked for decommission and maintenance.  0 pending nodes.
2022-11-23 12:07:48,139 [Over Replicated Processor] INFO  replication.OverReplicatedProcessor (OverReplicatedProcessor.java:processAll(79)) - Processed 0 over replicated containers, failed processing 0
2022-11-23 12:07:48,175 [ReplicationMonitor] INFO  replication.ReplicationManager (ReplicationManager.java:processAll(355)) - Replication Monitor Thread took 0 milliseconds for processing 6 containers.
2022-11-23 12:07:48,666 [Under Replicated Processor] INFO  replication.UnderReplicatedProcessor (UnderReplicatedProcessor.java:processAll(79)) - Processed 0 under replicated containers, failed processing 0
2022-11-23 12:07:48,666 [Over Replicated Processor] INFO  replication.OverReplicatedProcessor (OverReplicatedProcessor.java:processAll(79)) - Processed 0 over replicated containers, failed processing 0
2022-11-23 12:07:48,666 [ReplicationMonitor] INFO  replication.ReplicationManager (ReplicationManager.java:processAll(355)) - Replication Monitor Thread took 0 milliseconds for processing 0 containers.
2022-11-23 12:07:49,134 [Under Replicated Processor] INFO  replication.UnderReplicatedProcessor (UnderReplicatedProcessor.java:processAll(79)) - Processed 0 under replicated containers, failed processing 0
2022-11-23 12:07:49,135 [DatanodeAdminManager-0] INFO  node.DatanodeAdminMonitorImpl (DatanodeAdminMonitorImpl.java:checkContainersReplicatedOnNode(356)) - Under Replicated Container #6 Container State: CLOSED Replica Count: 4 Healthy Count: 1 Decommission Count: 0 Maintenance Count: 3 inFlightAdd Count: 1 inFightDel Count: 0 ReplicationFactor: 3 minMaintenance Count: 2; Replicas{ContainerReplica{containerID=#6, state=CLOSED, datanodeDetails=2f53493c-3a9e-4904-8cf8-ac1f6fb0520e{ip: 10.1.0.13, host: fv-az105-298.wy5h1aom0jgehahef1oyr10hrc.bx.internal.cloudapp.net, ports: [REPLICATION=43097, RATIS=43085, RATIS_ADMIN=43085, RATIS_SERVER=43085, STANDALONE=37821], networkLocation: /default-rack, certSerialId: null, persistedOpState: ENTERING_MAINTENANCE, persistedOpStateExpiryEpochSec: 0}, placeOfBirth=2f53493c-3a9e-4904-8cf8-ac1f6fb0520e, sequenceId=33, keyCount=3, bytesUsed=57},ContainerReplica{containerID=#6, state=CLOSED, datanodeDetails=f22cc5c0-3e38-414a-900c-2421eb232dd6{ip: 10.1.0.13, host: fv-az105-298.wy5h1aom0jgehahef1oyr10hrc.bx.internal.cloudapp.net, ports: [REPLICATION=33553, RATIS=38335, RATIS_ADMIN=38335, RATIS_SERVER=38335, STANDALONE=33109], networkLocation: /default-rack, certSerialId: null, persistedOpState: ENTERING_MAINTENANCE, persistedOpStateExpiryEpochSec: 0}, placeOfBirth=f22cc5c0-3e38-414a-900c-2421eb232dd6, sequenceId=33, keyCount=3, bytesUsed=57},ContainerReplica{containerID=#6, state=CLOSED, datanodeDetails=2770806d-009d-48da-9d50-3d9453a3ad96{ip: 10.1.0.13, host: fv-az105-298.wy5h1aom0jgehahef1oyr10hrc.bx.internal.cloudapp.net, ports: [REPLICATION=42903, RATIS=41085, RATIS_ADMIN=41085, RATIS_SERVER=41085, STANDALONE=41997], networkLocation: /default-rack, certSerialId: null, persistedOpState: ENTERING_MAINTENANCE, persistedOpStateExpiryEpochSec: 0}, placeOfBirth=2770806d-009d-48da-9d50-3d9453a3ad96, sequenceId=33, keyCount=3, bytesUsed=57},ContainerReplica{containerID=#6, state=CLOSED, datanodeDetails=388c1d2c-da9f-4216-9168-b64bdab690f4{ip: 10.1.0.13, host: fv-az105-298.wy5h1aom0jgehahef1oyr10hrc.bx.internal.cloudapp.net, ports: [REPLICATION=34649, RATIS=37573, RATIS_ADMIN=37573, RATIS_SERVER=37573, STANDALONE=41231], networkLocation: /default-rack, certSerialId: null, persistedOpState: IN_SERVICE, persistedOpStateExpiryEpochSec: 0}, placeOfBirth=2f53493c-3a9e-4904-8cf8-ac1f6fb0520e, sequenceId=33, keyCount=3, bytesUsed=57}}
2022-11-23 12:07:49,135 [DatanodeAdminManager-0] INFO  node.DatanodeAdminMonitorImpl (DatanodeAdminMonitorImpl.java:checkContainersReplicatedOnNode(377)) - f22cc5c0-3e38-414a-900c-2421eb232dd6{ip: 10.1.0.13, host: fv-az105-298.wy5h1aom0jgehahef1oyr10hrc.bx.internal.cloudapp.net, ports: [REPLICATION=33553, RATIS=38335, RATIS_ADMIN=38335, RATIS_SERVER=38335, STANDALONE=33109], networkLocation: /default-rack, certSerialId: null, persistedOpState: ENTERING_MAINTENANCE, persistedOpStateExpiryEpochSec: 0} has 2 sufficientlyReplicated, 1 underReplicated and 0 unhealthy containers
2022-11-23 12:07:49,135 [DatanodeAdminManager-0] INFO  node.DatanodeAdminMonitorImpl (DatanodeAdminMonitorImpl.java:checkContainersReplicatedOnNode(356)) - Under Replicated Container #6 Container State: CLOSED Replica Count: 4 Healthy Count: 1 Decommission Count: 0 Maintenance Count: 3 inFlightAdd Count: 1 inFightDel Count: 0 ReplicationFactor: 3 minMaintenance Count: 2; Replicas{ContainerReplica{containerID=#6, state=CLOSED, datanodeDetails=2f53493c-3a9e-4904-8cf8-ac1f6fb0520e{ip: 10.1.0.13, host: fv-az105-298.wy5h1aom0jgehahef1oyr10hrc.bx.internal.cloudapp.net, ports: [REPLICATION=43097, RATIS=43085, RATIS_ADMIN=43085, RATIS_SERVER=43085, STANDALONE=37821], networkLocation: /default-rack, certSerialId: null, persistedOpState: ENTERING_MAINTENANCE, persistedOpStateExpiryEpochSec: 0}, placeOfBirth=2f53493c-3a9e-4904-8cf8-ac1f6fb0520e, sequenceId=33, keyCount=3, bytesUsed=57},ContainerReplica{containerID=#6, state=CLOSED, datanodeDetails=f22cc5c0-3e38-414a-900c-2421eb232dd6{ip: 10.1.0.13, host: fv-az105-298.wy5h1aom0jgehahef1oyr10hrc.bx.internal.cloudapp.net, ports: [REPLICATION=33553, RATIS=38335, RATIS_ADMIN=38335, RATIS_SERVER=38335, STANDALONE=33109], networkLocation: /default-rack, certSerialId: null, persistedOpState: ENTERING_MAINTENANCE, persistedOpStateExpiryEpochSec: 0}, placeOfBirth=f22cc5c0-3e38-414a-900c-2421eb232dd6, sequenceId=33, keyCount=3, bytesUsed=57},ContainerReplica{containerID=#6, state=CLOSED, datanodeDetails=2770806d-009d-48da-9d50-3d9453a3ad96{ip: 10.1.0.13, host: fv-az105-298.wy5h1aom0jgehahef1oyr10hrc.bx.internal.cloudapp.net, ports: [REPLICATION=42903, RATIS=41085, RATIS_ADMIN=41085, RATIS_SERVER=41085, STANDALONE=41997], networkLocation: /default-rack, certSerialId: null, persistedOpState: ENTERING_MAINTENANCE, persistedOpStateExpiryEpochSec: 0}, placeOfBirth=2770806d-009d-48da-9d50-3d9453a3ad96, sequenceId=33, keyCount=3, bytesUsed=57},ContainerReplica{containerID=#6, state=CLOSED, datanodeDetails=388c1d2c-da9f-4216-9168-b64bdab690f4{ip: 10.1.0.13, host: fv-az105-298.wy5h1aom0jgehahef1oyr10hrc.bx.internal.cloudapp.net, ports: [REPLICATION=34649, RATIS=37573, RATIS_ADMIN=37573, RATIS_SERVER=37573, STANDALONE=41231], networkLocation: /default-rack, certSerialId: null, persistedOpState: IN_SERVICE, persistedOpStateExpiryEpochSec: 0}, placeOfBirth=2f53493c-3a9e-4904-8cf8-ac1f6fb0520e, sequenceId=33, keyCount=3, bytesUsed=57}}
2022-11-23 12:07:49,136 [DatanodeAdminManager-0] INFO  node.DatanodeAdminMonitorImpl (DatanodeAdminMonitorImpl.java:checkContainersReplicatedOnNode(377)) - 2770806d-009d-48da-9d50-3d9453a3ad96{ip: 10.1.0.13, host: fv-az105-298.wy5h1aom0jgehahef1oyr10hrc.bx.internal.cloudapp.net, ports: [REPLICATION=42903, RATIS=41085, RATIS_ADMIN=41085, RATIS_SERVER=41085, STANDALONE=41997], networkLocation: /default-rack, certSerialId: null, persistedOpState: ENTERING_MAINTENANCE, persistedOpStateExpiryEpochSec: 0} has 2 sufficientlyReplicated, 1 underReplicated and 0 unhealthy containers
2022-11-23 12:07:49,136 [DatanodeAdminManager-0] INFO  node.DatanodeAdminMonitorImpl (DatanodeAdminMonitorImpl.java:checkContainersReplicatedOnNode(356)) - Under Replicated Container #6 Container State: CLOSED Replica Count: 4 Healthy Count: 1 Decommission Count: 0 Maintenance Count: 3 inFlightAdd Count: 1 inFightDel Count: 0 ReplicationFactor: 3 minMaintenance Count: 2; Replicas{ContainerReplica{containerID=#6, state=CLOSED, datanodeDetails=2f53493c-3a9e-4904-8cf8-ac1f6fb0520e{ip: 10.1.0.13, host: fv-az105-298.wy5h1aom0jgehahef1oyr10hrc.bx.internal.cloudapp.net, ports: [REPLICATION=43097, RATIS=43085, RATIS_ADMIN=43085, RATIS_SERVER=43085, STANDALONE=37821], networkLocation: /default-rack, certSerialId: null, persistedOpState: ENTERING_MAINTENANCE, persistedOpStateExpiryEpochSec: 0}, placeOfBirth=2f53493c-3a9e-4904-8cf8-ac1f6fb0520e, sequenceId=33, keyCount=3, bytesUsed=57},ContainerReplica{containerID=#6, state=CLOSED, datanodeDetails=f22cc5c0-3e38-414a-900c-2421eb232dd6{ip: 10.1.0.13, host: fv-az105-298.wy5h1aom0jgehahef1oyr10hrc.bx.internal.cloudapp.net, ports: [REPLICATION=33553, RATIS=38335, RATIS_ADMIN=38335, RATIS_SERVER=38335, STANDALONE=33109], networkLocation: /default-rack, certSerialId: null, persistedOpState: ENTERING_MAINTENANCE, persistedOpStateExpiryEpochSec: 0}, placeOfBirth=f22cc5c0-3e38-414a-900c-2421eb232dd6, sequenceId=33, keyCount=3, bytesUsed=57},ContainerReplica{containerID=#6, state=CLOSED, datanodeDetails=2770806d-009d-48da-9d50-3d9453a3ad96{ip: 10.1.0.13, host: fv-az105-298.wy5h1aom0jgehahef1oyr10hrc.bx.internal.cloudapp.net, ports: [REPLICATION=42903, RATIS=41085, RATIS_ADMIN=41085, RATIS_SERVER=41085, STANDALONE=41997], networkLocation: /default-rack, certSerialId: null, persistedOpState: ENTERING_MAINTENANCE, persistedOpStateExpiryEpochSec: 0}, placeOfBirth=2770806d-009d-48da-9d50-3d9453a3ad96, sequenceId=33, keyCount=3, bytesUsed=57},ContainerReplica{containerID=#6, state=CLOSED, datanodeDetails=388c1d2c-da9f-4216-9168-b64bdab690f4{ip: 10.1.0.13, host: fv-az105-298.wy5h1aom0jgehahef1oyr10hrc.bx.internal.cloudapp.net, ports: [REPLICATION=34649, RATIS=37573, RATIS_ADMIN=37573, RATIS_SERVER=37573, STANDALONE=41231], networkLocation: /default-rack, certSerialId: null, persistedOpState: IN_SERVICE, persistedOpStateExpiryEpochSec: 0}, placeOfBirth=2f53493c-3a9e-4904-8cf8-ac1f6fb0520e, sequenceId=33, keyCount=3, bytesUsed=57}}
2022-11-23 12:07:49,136 [DatanodeAdminManager-0] INFO  node.DatanodeAdminMonitorImpl (DatanodeAdminMonitorImpl.java:checkContainersReplicatedOnNode(377)) - 2f53493c-3a9e-4904-8cf8-ac1f6fb0520e{ip: 10.1.0.13, host: fv-az105-298.wy5h1aom0jgehahef1oyr10hrc.bx.internal.cloudapp.net, ports: [REPLICATION=43097, RATIS=43085, RATIS_ADMIN=43085, RATIS_SERVER=43085, STANDALONE=37821], networkLocation: /default-rack, certSerialId: null, persistedOpState: ENTERING_MAINTENANCE, persistedOpStateExpiryEpochSec: 0} has 2 sufficientlyReplicated, 1 underReplicated and 0 unhealthy containers
2022-11-23 12:07:49,136 [DatanodeAdminManager-0] INFO  node.DatanodeAdminMonitorImpl (DatanodeAdminMonitorImpl.java:run(169)) - There are 3 nodes tracked for decommission and maintenance.  0 pending nodes.
2022-11-23 12:07:49,139 [Over Replicated Processor] INFO  replication.OverReplicatedProcessor (OverReplicatedProcessor.java:processAll(79)) - Processed 0 over replicated containers, failed processing 0
2022-11-23 12:07:49,175 [ReplicationMonitor] INFO  replication.ReplicationManager (ReplicationManager.java:processAll(355)) - Replication Monitor Thread took 0 milliseconds for processing 6 containers.
2022-11-23 12:07:49,666 [Under Replicated Processor] INFO  replication.UnderReplicatedProcessor (UnderReplicatedProcessor.java:processAll(79)) - Processed 0 under replicated containers, failed processing 0
2022-11-23 12:07:49,666 [Over Replicated Processor] INFO  replication.OverReplicatedProcessor (OverReplicatedProcessor.java:processAll(79)) - Processed 0 over replicated containers, failed processing 0
2022-11-23 12:07:49,666 [ReplicationMonitor] INFO  replication.ReplicationManager (ReplicationManager.java:processAll(355)) - Replication Monitor Thread took 0 milliseconds for processing 0 containers.
2022-11-23 12:07:50,134 [Under Replicated Processor] INFO  replication.UnderReplicatedProcessor (UnderReplicatedProcessor.java:processAll(79)) - Processed 0 under replicated containers, failed processing 0
2022-11-23 12:07:50,135 [DatanodeAdminManager-0] INFO  node.DatanodeAdminMonitorImpl (DatanodeAdminMonitorImpl.java:checkContainersReplicatedOnNode(356)) - Under Replicated Container #6 Container State: CLOSED Replica Count: 4 Healthy Count: 1 Decommission Count: 0 Maintenance Count: 3 inFlightAdd Count: 1 inFightDel Count: 0 ReplicationFactor: 3 minMaintenance Count: 2; Replicas{ContainerReplica{containerID=#6, state=CLOSED, datanodeDetails=2f53493c-3a9e-4904-8cf8-ac1f6fb0520e{ip: 10.1.0.13, host: fv-az105-298.wy5h1aom0jgehahef1oyr10hrc.bx.internal.cloudapp.net, ports: [REPLICATION=43097, RATIS=43085, RATIS_ADMIN=43085, RATIS_SERVER=43085, STANDALONE=37821], networkLocation: /default-rack, certSerialId: null, persistedOpState: ENTERING_MAINTENANCE, persistedOpStateExpiryEpochSec: 0}, placeOfBirth=2f53493c-3a9e-4904-8cf8-ac1f6fb0520e, sequenceId=33, keyCount=3, bytesUsed=57},ContainerReplica{containerID=#6, state=CLOSED, datanodeDetails=f22cc5c0-3e38-414a-900c-2421eb232dd6{ip: 10.1.0.13, host: fv-az105-298.wy5h1aom0jgehahef1oyr10hrc.bx.internal.cloudapp.net, ports: [REPLICATION=33553, RATIS=38335, RATIS_ADMIN=38335, RATIS_SERVER=38335, STANDALONE=33109], networkLocation: /default-rack, certSerialId: null, persistedOpState: ENTERING_MAINTENANCE, persistedOpStateExpiryEpochSec: 0}, placeOfBirth=f22cc5c0-3e38-414a-900c-2421eb232dd6, sequenceId=33, keyCount=3, bytesUsed=57},ContainerReplica{containerID=#6, state=CLOSED, datanodeDetails=2770806d-009d-48da-9d50-3d9453a3ad96{ip: 10.1.0.13, host: fv-az105-298.wy5h1aom0jgehahef1oyr10hrc.bx.internal.cloudapp.net, ports: [REPLICATION=42903, RATIS=41085, RATIS_ADMIN=41085, RATIS_SERVER=41085, STANDALONE=41997], networkLocation: /default-rack, certSerialId: null, persistedOpState: ENTERING_MAINTENANCE, persistedOpStateExpiryEpochSec: 0}, placeOfBirth=2770806d-009d-48da-9d50-3d9453a3ad96, sequenceId=33, keyCount=3, bytesUsed=57},ContainerReplica{containerID=#6, state=CLOSED, datanodeDetails=388c1d2c-da9f-4216-9168-b64bdab690f4{ip: 10.1.0.13, host: fv-az105-298.wy5h1aom0jgehahef1oyr10hrc.bx.internal.cloudapp.net, ports: [REPLICATION=34649, RATIS=37573, RATIS_ADMIN=37573, RATIS_SERVER=37573, STANDALONE=41231], networkLocation: /default-rack, certSerialId: null, persistedOpState: IN_SERVICE, persistedOpStateExpiryEpochSec: 0}, placeOfBirth=2f53493c-3a9e-4904-8cf8-ac1f6fb0520e, sequenceId=33, keyCount=3, bytesUsed=57}}
2022-11-23 12:07:50,136 [DatanodeAdminManager-0] INFO  node.DatanodeAdminMonitorImpl (DatanodeAdminMonitorImpl.java:checkContainersReplicatedOnNode(377)) - f22cc5c0-3e38-414a-900c-2421eb232dd6{ip: 10.1.0.13, host: fv-az105-298.wy5h1aom0jgehahef1oyr10hrc.bx.internal.cloudapp.net, ports: [REPLICATION=33553, RATIS=38335, RATIS_ADMIN=38335, RATIS_SERVER=38335, STANDALONE=33109], networkLocation: /default-rack, certSerialId: null, persistedOpState: ENTERING_MAINTENANCE, persistedOpStateExpiryEpochSec: 0} has 2 sufficientlyReplicated, 1 underReplicated and 0 unhealthy containers
2022-11-23 12:07:50,136 [DatanodeAdminManager-0] INFO  node.DatanodeAdminMonitorImpl (DatanodeAdminMonitorImpl.java:checkContainersReplicatedOnNode(356)) - Under Replicated Container #6 Container State: CLOSED Replica Count: 4 Healthy Count: 1 Decommission Count: 0 Maintenance Count: 3 inFlightAdd Count: 1 inFightDel Count: 0 ReplicationFactor: 3 minMaintenance Count: 2; Replicas{ContainerReplica{containerID=#6, state=CLOSED, datanodeDetails=2f53493c-3a9e-4904-8cf8-ac1f6fb0520e{ip: 10.1.0.13, host: fv-az105-298.wy5h1aom0jgehahef1oyr10hrc.bx.internal.cloudapp.net, ports: [REPLICATION=43097, RATIS=43085, RATIS_ADMIN=43085, RATIS_SERVER=43085, STANDALONE=37821], networkLocation: /default-rack, certSerialId: null, persistedOpState: ENTERING_MAINTENANCE, persistedOpStateExpiryEpochSec: 0}, placeOfBirth=2f53493c-3a9e-4904-8cf8-ac1f6fb0520e, sequenceId=33, keyCount=3, bytesUsed=57},ContainerReplica{containerID=#6, state=CLOSED, datanodeDetails=f22cc5c0-3e38-414a-900c-2421eb232dd6{ip: 10.1.0.13, host: fv-az105-298.wy5h1aom0jgehahef1oyr10hrc.bx.internal.cloudapp.net, ports: [REPLICATION=33553, RATIS=38335, RATIS_ADMIN=38335, RATIS_SERVER=38335, STANDALONE=33109], networkLocation: /default-rack, certSerialId: null, persistedOpState: ENTERING_MAINTENANCE, persistedOpStateExpiryEpochSec: 0}, placeOfBirth=f22cc5c0-3e38-414a-900c-2421eb232dd6, sequenceId=33, keyCount=3, bytesUsed=57},ContainerReplica{containerID=#6, state=CLOSED, datanodeDetails=2770806d-009d-48da-9d50-3d9453a3ad96{ip: 10.1.0.13, host: fv-az105-298.wy5h1aom0jgehahef1oyr10hrc.bx.internal.cloudapp.net, ports: [REPLICATION=42903, RATIS=41085, RATIS_ADMIN=41085, RATIS_SERVER=41085, STANDALONE=41997], networkLocation: /default-rack, certSerialId: null, persistedOpState: ENTERING_MAINTENANCE, persistedOpStateExpiryEpochSec: 0}, placeOfBirth=2770806d-009d-48da-9d50-3d9453a3ad96, sequenceId=33, keyCount=3, bytesUsed=57},ContainerReplica{containerID=#6, state=CLOSED, datanodeDetails=388c1d2c-da9f-4216-9168-b64bdab690f4{ip: 10.1.0.13, host: fv-az105-298.wy5h1aom0jgehahef1oyr10hrc.bx.internal.cloudapp.net, ports: [REPLICATION=34649, RATIS=37573, RATIS_ADMIN=37573, RATIS_SERVER=37573, STANDALONE=41231], networkLocation: /default-rack, certSerialId: null, persistedOpState: IN_SERVICE, persistedOpStateExpiryEpochSec: 0}, placeOfBirth=2f53493c-3a9e-4904-8cf8-ac1f6fb0520e, sequenceId=33, keyCount=3, bytesUsed=57}}
2022-11-23 12:07:50,136 [DatanodeAdminManager-0] INFO  node.DatanodeAdminMonitorImpl (DatanodeAdminMonitorImpl.java:checkContainersReplicatedOnNode(377)) - 2770806d-009d-48da-9d50-3d9453a3ad96{ip: 10.1.0.13, host: fv-az105-298.wy5h1aom0jgehahef1oyr10hrc.bx.internal.cloudapp.net, ports: [REPLICATION=42903, RATIS=41085, RATIS_ADMIN=41085, RATIS_SERVER=41085, STANDALONE=41997], networkLocation: /default-rack, certSerialId: null, persistedOpState: ENTERING_MAINTENANCE, persistedOpStateExpiryEpochSec: 0} has 2 sufficientlyReplicated, 1 underReplicated and 0 unhealthy containers
2022-11-23 12:07:50,136 [DatanodeAdminManager-0] INFO  node.DatanodeAdminMonitorImpl (DatanodeAdminMonitorImpl.java:checkContainersReplicatedOnNode(356)) - Under Replicated Container #6 Container State: CLOSED Replica Count: 4 Healthy Count: 1 Decommission Count: 0 Maintenance Count: 3 inFlightAdd Count: 1 inFightDel Count: 0 ReplicationFactor: 3 minMaintenance Count: 2; Replicas{ContainerReplica{containerID=#6, state=CLOSED, datanodeDetails=2f53493c-3a9e-4904-8cf8-ac1f6fb0520e{ip: 10.1.0.13, host: fv-az105-298.wy5h1aom0jgehahef1oyr10hrc.bx.internal.cloudapp.net, ports: [REPLICATION=43097, RATIS=43085, RATIS_ADMIN=43085, RATIS_SERVER=43085, STANDALONE=37821], networkLocation: /default-rack, certSerialId: null, persistedOpState: ENTERING_MAINTENANCE, persistedOpStateExpiryEpochSec: 0}, placeOfBirth=2f53493c-3a9e-4904-8cf8-ac1f6fb0520e, sequenceId=33, keyCount=3, bytesUsed=57},ContainerReplica{containerID=#6, state=CLOSED, datanodeDetails=f22cc5c0-3e38-414a-900c-2421eb232dd6{ip: 10.1.0.13, host: fv-az105-298.wy5h1aom0jgehahef1oyr10hrc.bx.internal.cloudapp.net, ports: [REPLICATION=33553, RATIS=38335, RATIS_ADMIN=38335, RATIS_SERVER=38335, STANDALONE=33109], networkLocation: /default-rack, certSerialId: null, persistedOpState: ENTERING_MAINTENANCE, persistedOpStateExpiryEpochSec: 0}, placeOfBirth=f22cc5c0-3e38-414a-900c-2421eb232dd6, sequenceId=33, keyCount=3, bytesUsed=57},ContainerReplica{containerID=#6, state=CLOSED, datanodeDetails=2770806d-009d-48da-9d50-3d9453a3ad96{ip: 10.1.0.13, host: fv-az105-298.wy5h1aom0jgehahef1oyr10hrc.bx.internal.cloudapp.net, ports: [REPLICATION=42903, RATIS=41085, RATIS_ADMIN=41085, RATIS_SERVER=41085, STANDALONE=41997], networkLocation: /default-rack, certSerialId: null, persistedOpState: ENTERING_MAINTENANCE, persistedOpStateExpiryEpochSec: 0}, placeOfBirth=2770806d-009d-48da-9d50-3d9453a3ad96, sequenceId=33, keyCount=3, bytesUsed=57},ContainerReplica{containerID=#6, state=CLOSED, datanodeDetails=388c1d2c-da9f-4216-9168-b64bdab690f4{ip: 10.1.0.13, host: fv-az105-298.wy5h1aom0jgehahef1oyr10hrc.bx.internal.cloudapp.net, ports: [REPLICATION=34649, RATIS=37573, RATIS_ADMIN=37573, RATIS_SERVER=37573, STANDALONE=41231], networkLocation: /default-rack, certSerialId: null, persistedOpState: IN_SERVICE, persistedOpStateExpiryEpochSec: 0}, placeOfBirth=2f53493c-3a9e-4904-8cf8-ac1f6fb0520e, sequenceId=33, keyCount=3, bytesUsed=57}}
2022-11-23 12:07:50,136 [DatanodeAdminManager-0] INFO  node.DatanodeAdminMonitorImpl (DatanodeAdminMonitorImpl.java:checkContainersReplicatedOnNode(377)) - 2f53493c-3a9e-4904-8cf8-ac1f6fb0520e{ip: 10.1.0.13, host: fv-az105-298.wy5h1aom0jgehahef1oyr10hrc.bx.internal.cloudapp.net, ports: [REPLICATION=43097, RATIS=43085, RATIS_ADMIN=43085, RATIS_SERVER=43085, STANDALONE=37821], networkLocation: /default-rack, certSerialId: null, persistedOpState: ENTERING_MAINTENANCE, persistedOpStateExpiryEpochSec: 0} has 2 sufficientlyReplicated, 1 underReplicated and 0 unhealthy containers
2022-11-23 12:07:50,136 [DatanodeAdminManager-0] INFO  node.DatanodeAdminMonitorImpl (DatanodeAdminMonitorImpl.java:run(169)) - There are 3 nodes tracked for decommission and maintenance.  0 pending nodes.
2022-11-23 12:07:50,139 [Over Replicated Processor] INFO  replication.OverReplicatedProcessor (OverReplicatedProcessor.java:processAll(79)) - Processed 0 over replicated containers, failed processing 0
2022-11-23 12:07:50,176 [ReplicationMonitor] INFO  replication.ReplicationManager (ReplicationManager.java:processAll(355)) - Replication Monitor Thread took 0 milliseconds for processing 6 containers.
2022-11-23 12:07:50,666 [Under Replicated Processor] INFO  replication.UnderReplicatedProcessor (UnderReplicatedProcessor.java:processAll(79)) - Processed 0 under replicated containers, failed processing 0
2022-11-23 12:07:50,666 [Over Replicated Processor] INFO  replication.OverReplicatedProcessor (OverReplicatedProcessor.java:processAll(79)) - Processed 0 over replicated containers, failed processing 0
2022-11-23 12:07:50,666 [ReplicationMonitor] INFO  replication.ReplicationManager (ReplicationManager.java:processAll(355)) - Replication Monitor Thread took 0 milliseconds for processing 0 containers.
2022-11-23 12:07:51,134 [Under Replicated Processor] INFO  replication.UnderReplicatedProcessor (UnderReplicatedProcessor.java:processAll(79)) - Processed 0 under replicated containers, failed processing 0
2022-11-23 12:07:51,135 [DatanodeAdminManager-0] INFO  node.DatanodeAdminMonitorImpl (DatanodeAdminMonitorImpl.java:checkContainersReplicatedOnNode(356)) - Under Replicated Container #6 Container State: CLOSED Replica Count: 4 Healthy Count: 1 Decommission Count: 0 Maintenance Count: 3 inFlightAdd Count: 1 inFightDel Count: 0 ReplicationFactor: 3 minMaintenance Count: 2; Replicas{ContainerReplica{containerID=#6, state=CLOSED, datanodeDetails=2f53493c-3a9e-4904-8cf8-ac1f6fb0520e{ip: 10.1.0.13, host: fv-az105-298.wy5h1aom0jgehahef1oyr10hrc.bx.internal.cloudapp.net, ports: [REPLICATION=43097, RATIS=43085, RATIS_ADMIN=43085, RATIS_SERVER=43085, STANDALONE=37821], networkLocation: /default-rack, certSerialId: null, persistedOpState: ENTERING_MAINTENANCE, persistedOpStateExpiryEpochSec: 0}, placeOfBirth=2f53493c-3a9e-4904-8cf8-ac1f6fb0520e, sequenceId=33, keyCount=3, bytesUsed=57},ContainerReplica{containerID=#6, state=CLOSED, datanodeDetails=f22cc5c0-3e38-414a-900c-2421eb232dd6{ip: 10.1.0.13, host: fv-az105-298.wy5h1aom0jgehahef1oyr10hrc.bx.internal.cloudapp.net, ports: [REPLICATION=33553, RATIS=38335, RATIS_ADMIN=38335, RATIS_SERVER=38335, STANDALONE=33109], networkLocation: /default-rack, certSerialId: null, persistedOpState: ENTERING_MAINTENANCE, persistedOpStateExpiryEpochSec: 0}, placeOfBirth=f22cc5c0-3e38-414a-900c-2421eb232dd6, sequenceId=33, keyCount=3, bytesUsed=57},ContainerReplica{containerID=#6, state=CLOSED, datanodeDetails=2770806d-009d-48da-9d50-3d9453a3ad96{ip: 10.1.0.13, host: fv-az105-298.wy5h1aom0jgehahef1oyr10hrc.bx.internal.cloudapp.net, ports: [REPLICATION=42903, RATIS=41085, RATIS_ADMIN=41085, RATIS_SERVER=41085, STANDALONE=41997], networkLocation: /default-rack, certSerialId: null, persistedOpState: ENTERING_MAINTENANCE, persistedOpStateExpiryEpochSec: 0}, placeOfBirth=2770806d-009d-48da-9d50-3d9453a3ad96, sequenceId=33, keyCount=3, bytesUsed=57},ContainerReplica{containerID=#6, state=CLOSED, datanodeDetails=388c1d2c-da9f-4216-9168-b64bdab690f4{ip: 10.1.0.13, host: fv-az105-298.wy5h1aom0jgehahef1oyr10hrc.bx.internal.cloudapp.net, ports: [REPLICATION=34649, RATIS=37573, RATIS_ADMIN=37573, RATIS_SERVER=37573, STANDALONE=41231], networkLocation: /default-rack, certSerialId: null, persistedOpState: IN_SERVICE, persistedOpStateExpiryEpochSec: 0}, placeOfBirth=2f53493c-3a9e-4904-8cf8-ac1f6fb0520e, sequenceId=33, keyCount=3, bytesUsed=57}}
2022-11-23 12:07:51,135 [DatanodeAdminManager-0] INFO  node.DatanodeAdminMonitorImpl (DatanodeAdminMonitorImpl.java:checkContainersReplicatedOnNode(377)) - f22cc5c0-3e38-414a-900c-2421eb232dd6{ip: 10.1.0.13, host: fv-az105-298.wy5h1aom0jgehahef1oyr10hrc.bx.internal.cloudapp.net, ports: [REPLICATION=33553, RATIS=38335, RATIS_ADMIN=38335, RATIS_SERVER=38335, STANDALONE=33109], networkLocation: /default-rack, certSerialId: null, persistedOpState: ENTERING_MAINTENANCE, persistedOpStateExpiryEpochSec: 0} has 2 sufficientlyReplicated, 1 underReplicated and 0 unhealthy containers
2022-11-23 12:07:51,136 [DatanodeAdminManager-0] INFO  node.DatanodeAdminMonitorImpl (DatanodeAdminMonitorImpl.java:checkContainersReplicatedOnNode(356)) - Under Replicated Container #6 Container State: CLOSED Replica Count: 4 Healthy Count: 1 Decommission Count: 0 Maintenance Count: 3 inFlightAdd Count: 1 inFightDel Count: 0 ReplicationFactor: 3 minMaintenance Count: 2; Replicas{ContainerReplica{containerID=#6, state=CLOSED, datanodeDetails=2f53493c-3a9e-4904-8cf8-ac1f6fb0520e{ip: 10.1.0.13, host: fv-az105-298.wy5h1aom0jgehahef1oyr10hrc.bx.internal.cloudapp.net, ports: [REPLICATION=43097, RATIS=43085, RATIS_ADMIN=43085, RATIS_SERVER=43085, STANDALONE=37821], networkLocation: /default-rack, certSerialId: null, persistedOpState: ENTERING_MAINTENANCE, persistedOpStateExpiryEpochSec: 0}, placeOfBirth=2f53493c-3a9e-4904-8cf8-ac1f6fb0520e, sequenceId=33, keyCount=3, bytesUsed=57},ContainerReplica{containerID=#6, state=CLOSED, datanodeDetails=f22cc5c0-3e38-414a-900c-2421eb232dd6{ip: 10.1.0.13, host: fv-az105-298.wy5h1aom0jgehahef1oyr10hrc.bx.internal.cloudapp.net, ports: [REPLICATION=33553, RATIS=38335, RATIS_ADMIN=38335, RATIS_SERVER=38335, STANDALONE=33109], networkLocation: /default-rack, certSerialId: null, persistedOpState: ENTERING_MAINTENANCE, persistedOpStateExpiryEpochSec: 0}, placeOfBirth=f22cc5c0-3e38-414a-900c-2421eb232dd6, sequenceId=33, keyCount=3, bytesUsed=57},ContainerReplica{containerID=#6, state=CLOSED, datanodeDetails=2770806d-009d-48da-9d50-3d9453a3ad96{ip: 10.1.0.13, host: fv-az105-298.wy5h1aom0jgehahef1oyr10hrc.bx.internal.cloudapp.net, ports: [REPLICATION=42903, RATIS=41085, RATIS_ADMIN=41085, RATIS_SERVER=41085, STANDALONE=41997], networkLocation: /default-rack, certSerialId: null, persistedOpState: ENTERING_MAINTENANCE, persistedOpStateExpiryEpochSec: 0}, placeOfBirth=2770806d-009d-48da-9d50-3d9453a3ad96, sequenceId=33, keyCount=3, bytesUsed=57},ContainerReplica{containerID=#6, state=CLOSED, datanodeDetails=388c1d2c-da9f-4216-9168-b64bdab690f4{ip: 10.1.0.13, host: fv-az105-298.wy5h1aom0jgehahef1oyr10hrc.bx.internal.cloudapp.net, ports: [REPLICATION=34649, RATIS=37573, RATIS_ADMIN=37573, RATIS_SERVER=37573, STANDALONE=41231], networkLocation: /default-rack, certSerialId: null, persistedOpState: IN_SERVICE, persistedOpStateExpiryEpochSec: 0}, placeOfBirth=2f53493c-3a9e-4904-8cf8-ac1f6fb0520e, sequenceId=33, keyCount=3, bytesUsed=57}}
2022-11-23 12:07:51,136 [DatanodeAdminManager-0] INFO  node.DatanodeAdminMonitorImpl (DatanodeAdminMonitorImpl.java:checkContainersReplicatedOnNode(377)) - 2770806d-009d-48da-9d50-3d9453a3ad96{ip: 10.1.0.13, host: fv-az105-298.wy5h1aom0jgehahef1oyr10hrc.bx.internal.cloudapp.net, ports: [REPLICATION=42903, RATIS=41085, RATIS_ADMIN=41085, RATIS_SERVER=41085, STANDALONE=41997], networkLocation: /default-rack, certSerialId: null, persistedOpState: ENTERING_MAINTENANCE, persistedOpStateExpiryEpochSec: 0} has 2 sufficientlyReplicated, 1 underReplicated and 0 unhealthy containers
2022-11-23 12:07:51,136 [DatanodeAdminManager-0] INFO  node.DatanodeAdminMonitorImpl (DatanodeAdminMonitorImpl.java:checkContainersReplicatedOnNode(356)) - Under Replicated Container #6 Container State: CLOSED Replica Count: 4 Healthy Count: 1 Decommission Count: 0 Maintenance Count: 3 inFlightAdd Count: 1 inFightDel Count: 0 ReplicationFactor: 3 minMaintenance Count: 2; Replicas{ContainerReplica{containerID=#6, state=CLOSED, datanodeDetails=2f53493c-3a9e-4904-8cf8-ac1f6fb0520e{ip: 10.1.0.13, host: fv-az105-298.wy5h1aom0jgehahef1oyr10hrc.bx.internal.cloudapp.net, ports: [REPLICATION=43097, RATIS=43085, RATIS_ADMIN=43085, RATIS_SERVER=43085, STANDALONE=37821], networkLocation: /default-rack, certSerialId: null, persistedOpState: ENTERING_MAINTENANCE, persistedOpStateExpiryEpochSec: 0}, placeOfBirth=2f53493c-3a9e-4904-8cf8-ac1f6fb0520e, sequenceId=33, keyCount=3, bytesUsed=57},ContainerReplica{containerID=#6, state=CLOSED, datanodeDetails=f22cc5c0-3e38-414a-900c-2421eb232dd6{ip: 10.1.0.13, host: fv-az105-298.wy5h1aom0jgehahef1oyr10hrc.bx.internal.cloudapp.net, ports: [REPLICATION=33553, RATIS=38335, RATIS_ADMIN=38335, RATIS_SERVER=38335, STANDALONE=33109], networkLocation: /default-rack, certSerialId: null, persistedOpState: ENTERING_MAINTENANCE, persistedOpStateExpiryEpochSec: 0}, placeOfBirth=f22cc5c0-3e38-414a-900c-2421eb232dd6, sequenceId=33, keyCount=3, bytesUsed=57},ContainerReplica{containerID=#6, state=CLOSED, datanodeDetails=2770806d-009d-48da-9d50-3d9453a3ad96{ip: 10.1.0.13, host: fv-az105-298.wy5h1aom0jgehahef1oyr10hrc.bx.internal.cloudapp.net, ports: [REPLICATION=42903, RATIS=41085, RATIS_ADMIN=41085, RATIS_SERVER=41085, STANDALONE=41997], networkLocation: /default-rack, certSerialId: null, persistedOpState: ENTERING_MAINTENANCE, persistedOpStateExpiryEpochSec: 0}, placeOfBirth=2770806d-009d-48da-9d50-3d9453a3ad96, sequenceId=33, keyCount=3, bytesUsed=57},ContainerReplica{containerID=#6, state=CLOSED, datanodeDetails=388c1d2c-da9f-4216-9168-b64bdab690f4{ip: 10.1.0.13, host: fv-az105-298.wy5h1aom0jgehahef1oyr10hrc.bx.internal.cloudapp.net, ports: [REPLICATION=34649, RATIS=37573, RATIS_ADMIN=37573, RATIS_SERVER=37573, STANDALONE=41231], networkLocation: /default-rack, certSerialId: null, persistedOpState: IN_SERVICE, persistedOpStateExpiryEpochSec: 0}, placeOfBirth=2f53493c-3a9e-4904-8cf8-ac1f6fb0520e, sequenceId=33, keyCount=3, bytesUsed=57}}
2022-11-23 12:07:51,136 [DatanodeAdminManager-0] INFO  node.DatanodeAdminMonitorImpl (DatanodeAdminMonitorImpl.java:checkContainersReplicatedOnNode(377)) - 2f53493c-3a9e-4904-8cf8-ac1f6fb0520e{ip: 10.1.0.13, host: fv-az105-298.wy5h1aom0jgehahef1oyr10hrc.bx.internal.cloudapp.net, ports: [REPLICATION=43097, RATIS=43085, RATIS_ADMIN=43085, RATIS_SERVER=43085, STANDALONE=37821], networkLocation: /default-rack, certSerialId: null, persistedOpState: ENTERING_MAINTENANCE, persistedOpStateExpiryEpochSec: 0} has 2 sufficientlyReplicated, 1 underReplicated and 0 unhealthy containers
2022-11-23 12:07:51,136 [DatanodeAdminManager-0] INFO  node.DatanodeAdminMonitorImpl (DatanodeAdminMonitorImpl.java:run(169)) - There are 3 nodes tracked for decommission and maintenance.  0 pending nodes.
2022-11-23 12:07:51,139 [Over Replicated Processor] INFO  replication.OverReplicatedProcessor (OverReplicatedProcessor.java:processAll(79)) - Processed 0 over replicated containers, failed processing 0
2022-11-23 12:07:51,176 [ReplicationMonitor] INFO  replication.ReplicationManager (ReplicationManager.java:processAll(355)) - Replication Monitor Thread took 0 milliseconds for processing 6 containers.
2022-11-23 12:07:51,666 [Under Replicated Processor] INFO  replication.UnderReplicatedProcessor (UnderReplicatedProcessor.java:processAll(79)) - Processed 0 under replicated containers, failed processing 0
2022-11-23 12:07:51,666 [Over Replicated Processor] INFO  replication.OverReplicatedProcessor (OverReplicatedProcessor.java:processAll(79)) - Processed 0 over replicated containers, failed processing 0
2022-11-23 12:07:51,666 [ReplicationMonitor] INFO  replication.ReplicationManager (ReplicationManager.java:processAll(355)) - Replication Monitor Thread took 0 milliseconds for processing 0 containers.
2022-11-23 12:07:52,134 [Under Replicated Processor] INFO  replication.UnderReplicatedProcessor (UnderReplicatedProcessor.java:processAll(79)) - Processed 0 under replicated containers, failed processing 0
2022-11-23 12:07:52,135 [DatanodeAdminManager-0] INFO  node.DatanodeAdminMonitorImpl (DatanodeAdminMonitorImpl.java:checkContainersReplicatedOnNode(356)) - Under Replicated Container #6 Container State: CLOSED Replica Count: 4 Healthy Count: 1 Decommission Count: 0 Maintenance Count: 3 inFlightAdd Count: 1 inFightDel Count: 0 ReplicationFactor: 3 minMaintenance Count: 2; Replicas{ContainerReplica{containerID=#6, state=CLOSED, datanodeDetails=2f53493c-3a9e-4904-8cf8-ac1f6fb0520e{ip: 10.1.0.13, host: fv-az105-298.wy5h1aom0jgehahef1oyr10hrc.bx.internal.cloudapp.net, ports: [REPLICATION=43097, RATIS=43085, RATIS_ADMIN=43085, RATIS_SERVER=43085, STANDALONE=37821], networkLocation: /default-rack, certSerialId: null, persistedOpState: ENTERING_MAINTENANCE, persistedOpStateExpiryEpochSec: 0}, placeOfBirth=2f53493c-3a9e-4904-8cf8-ac1f6fb0520e, sequenceId=33, keyCount=3, bytesUsed=57},ContainerReplica{containerID=#6, state=CLOSED, datanodeDetails=f22cc5c0-3e38-414a-900c-2421eb232dd6{ip: 10.1.0.13, host: fv-az105-298.wy5h1aom0jgehahef1oyr10hrc.bx.internal.cloudapp.net, ports: [REPLICATION=33553, RATIS=38335, RATIS_ADMIN=38335, RATIS_SERVER=38335, STANDALONE=33109], networkLocation: /default-rack, certSerialId: null, persistedOpState: ENTERING_MAINTENANCE, persistedOpStateExpiryEpochSec: 0}, placeOfBirth=f22cc5c0-3e38-414a-900c-2421eb232dd6, sequenceId=33, keyCount=3, bytesUsed=57},ContainerReplica{containerID=#6, state=CLOSED, datanodeDetails=2770806d-009d-48da-9d50-3d9453a3ad96{ip: 10.1.0.13, host: fv-az105-298.wy5h1aom0jgehahef1oyr10hrc.bx.internal.cloudapp.net, ports: [REPLICATION=42903, RATIS=41085, RATIS_ADMIN=41085, RATIS_SERVER=41085, STANDALONE=41997], networkLocation: /default-rack, certSerialId: null, persistedOpState: ENTERING_MAINTENANCE, persistedOpStateExpiryEpochSec: 0}, placeOfBirth=2770806d-009d-48da-9d50-3d9453a3ad96, sequenceId=33, keyCount=3, bytesUsed=57},ContainerReplica{containerID=#6, state=CLOSED, datanodeDetails=388c1d2c-da9f-4216-9168-b64bdab690f4{ip: 10.1.0.13, host: fv-az105-298.wy5h1aom0jgehahef1oyr10hrc.bx.internal.cloudapp.net, ports: [REPLICATION=34649, RATIS=37573, RATIS_ADMIN=37573, RATIS_SERVER=37573, STANDALONE=41231], networkLocation: /default-rack, certSerialId: null, persistedOpState: IN_SERVICE, persistedOpStateExpiryEpochSec: 0}, placeOfBirth=2f53493c-3a9e-4904-8cf8-ac1f6fb0520e, sequenceId=33, keyCount=3, bytesUsed=57}}
2022-11-23 12:07:52,135 [DatanodeAdminManager-0] INFO  node.DatanodeAdminMonitorImpl (DatanodeAdminMonitorImpl.java:checkContainersReplicatedOnNode(377)) - f22cc5c0-3e38-414a-900c-2421eb232dd6{ip: 10.1.0.13, host: fv-az105-298.wy5h1aom0jgehahef1oyr10hrc.bx.internal.cloudapp.net, ports: [REPLICATION=33553, RATIS=38335, RATIS_ADMIN=38335, RATIS_SERVER=38335, STANDALONE=33109], networkLocation: /default-rack, certSerialId: null, persistedOpState: ENTERING_MAINTENANCE, persistedOpStateExpiryEpochSec: 0} has 2 sufficientlyReplicated, 1 underReplicated and 0 unhealthy containers
2022-11-23 12:07:52,136 [DatanodeAdminManager-0] INFO  node.DatanodeAdminMonitorImpl (DatanodeAdminMonitorImpl.java:checkContainersReplicatedOnNode(356)) - Under Replicated Container #6 Container State: CLOSED Replica Count: 4 Healthy Count: 1 Decommission Count: 0 Maintenance Count: 3 inFlightAdd Count: 1 inFightDel Count: 0 ReplicationFactor: 3 minMaintenance Count: 2; Replicas{ContainerReplica{containerID=#6, state=CLOSED, datanodeDetails=2f53493c-3a9e-4904-8cf8-ac1f6fb0520e{ip: 10.1.0.13, host: fv-az105-298.wy5h1aom0jgehahef1oyr10hrc.bx.internal.cloudapp.net, ports: [REPLICATION=43097, RATIS=43085, RATIS_ADMIN=43085, RATIS_SERVER=43085, STANDALONE=37821], networkLocation: /default-rack, certSerialId: null, persistedOpState: ENTERING_MAINTENANCE, persistedOpStateExpiryEpochSec: 0}, placeOfBirth=2f53493c-3a9e-4904-8cf8-ac1f6fb0520e, sequenceId=33, keyCount=3, bytesUsed=57},ContainerReplica{containerID=#6, state=CLOSED, datanodeDetails=f22cc5c0-3e38-414a-900c-2421eb232dd6{ip: 10.1.0.13, host: fv-az105-298.wy5h1aom0jgehahef1oyr10hrc.bx.internal.cloudapp.net, ports: [REPLICATION=33553, RATIS=38335, RATIS_ADMIN=38335, RATIS_SERVER=38335, STANDALONE=33109], networkLocation: /default-rack, certSerialId: null, persistedOpState: ENTERING_MAINTENANCE, persistedOpStateExpiryEpochSec: 0}, placeOfBirth=f22cc5c0-3e38-414a-900c-2421eb232dd6, sequenceId=33, keyCount=3, bytesUsed=57},ContainerReplica{containerID=#6, state=CLOSED, datanodeDetails=2770806d-009d-48da-9d50-3d9453a3ad96{ip: 10.1.0.13, host: fv-az105-298.wy5h1aom0jgehahef1oyr10hrc.bx.internal.cloudapp.net, ports: [REPLICATION=42903, RATIS=41085, RATIS_ADMIN=41085, RATIS_SERVER=41085, STANDALONE=41997], networkLocation: /default-rack, certSerialId: null, persistedOpState: ENTERING_MAINTENANCE, persistedOpStateExpiryEpochSec: 0}, placeOfBirth=2770806d-009d-48da-9d50-3d9453a3ad96, sequenceId=33, keyCount=3, bytesUsed=57},ContainerReplica{containerID=#6, state=CLOSED, datanodeDetails=388c1d2c-da9f-4216-9168-b64bdab690f4{ip: 10.1.0.13, host: fv-az105-298.wy5h1aom0jgehahef1oyr10hrc.bx.internal.cloudapp.net, ports: [REPLICATION=34649, RATIS=37573, RATIS_ADMIN=37573, RATIS_SERVER=37573, STANDALONE=41231], networkLocation: /default-rack, certSerialId: null, persistedOpState: IN_SERVICE, persistedOpStateExpiryEpochSec: 0}, placeOfBirth=2f53493c-3a9e-4904-8cf8-ac1f6fb0520e, sequenceId=33, keyCount=3, bytesUsed=57}}
2022-11-23 12:07:52,136 [DatanodeAdminManager-0] INFO  node.DatanodeAdminMonitorImpl (DatanodeAdminMonitorImpl.java:checkContainersReplicatedOnNode(377)) - 2770806d-009d-48da-9d50-3d9453a3ad96{ip: 10.1.0.13, host: fv-az105-298.wy5h1aom0jgehahef1oyr10hrc.bx.internal.cloudapp.net, ports: [REPLICATION=42903, RATIS=41085, RATIS_ADMIN=41085, RATIS_SERVER=41085, STANDALONE=41997], networkLocation: /default-rack, certSerialId: null, persistedOpState: ENTERING_MAINTENANCE, persistedOpStateExpiryEpochSec: 0} has 2 sufficientlyReplicated, 1 underReplicated and 0 unhealthy containers
2022-11-23 12:07:52,136 [DatanodeAdminManager-0] INFO  node.DatanodeAdminMonitorImpl (DatanodeAdminMonitorImpl.java:checkContainersReplicatedOnNode(356)) - Under Replicated Container #6 Container State: CLOSED Replica Count: 4 Healthy Count: 1 Decommission Count: 0 Maintenance Count: 3 inFlightAdd Count: 1 inFightDel Count: 0 ReplicationFactor: 3 minMaintenance Count: 2; Replicas{ContainerReplica{containerID=#6, state=CLOSED, datanodeDetails=2f53493c-3a9e-4904-8cf8-ac1f6fb0520e{ip: 10.1.0.13, host: fv-az105-298.wy5h1aom0jgehahef1oyr10hrc.bx.internal.cloudapp.net, ports: [REPLICATION=43097, RATIS=43085, RATIS_ADMIN=43085, RATIS_SERVER=43085, STANDALONE=37821], networkLocation: /default-rack, certSerialId: null, persistedOpState: ENTERING_MAINTENANCE, persistedOpStateExpiryEpochSec: 0}, placeOfBirth=2f53493c-3a9e-4904-8cf8-ac1f6fb0520e, sequenceId=33, keyCount=3, bytesUsed=57},ContainerReplica{containerID=#6, state=CLOSED, datanodeDetails=f22cc5c0-3e38-414a-900c-2421eb232dd6{ip: 10.1.0.13, host: fv-az105-298.wy5h1aom0jgehahef1oyr10hrc.bx.internal.cloudapp.net, ports: [REPLICATION=33553, RATIS=38335, RATIS_ADMIN=38335, RATIS_SERVER=38335, STANDALONE=33109], networkLocation: /default-rack, certSerialId: null, persistedOpState: ENTERING_MAINTENANCE, persistedOpStateExpiryEpochSec: 0}, placeOfBirth=f22cc5c0-3e38-414a-900c-2421eb232dd6, sequenceId=33, keyCount=3, bytesUsed=57},ContainerReplica{containerID=#6, state=CLOSED, datanodeDetails=2770806d-009d-48da-9d50-3d9453a3ad96{ip: 10.1.0.13, host: fv-az105-298.wy5h1aom0jgehahef1oyr10hrc.bx.internal.cloudapp.net, ports: [REPLICATION=42903, RATIS=41085, RATIS_ADMIN=41085, RATIS_SERVER=41085, STANDALONE=41997], networkLocation: /default-rack, certSerialId: null, persistedOpState: ENTERING_MAINTENANCE, persistedOpStateExpiryEpochSec: 0}, placeOfBirth=2770806d-009d-48da-9d50-3d9453a3ad96, sequenceId=33, keyCount=3, bytesUsed=57},ContainerReplica{containerID=#6, state=CLOSED, datanodeDetails=388c1d2c-da9f-4216-9168-b64bdab690f4{ip: 10.1.0.13, host: fv-az105-298.wy5h1aom0jgehahef1oyr10hrc.bx.internal.cloudapp.net, ports: [REPLICATION=34649, RATIS=37573, RATIS_ADMIN=37573, RATIS_SERVER=37573, STANDALONE=41231], networkLocation: /default-rack, certSerialId: null, persistedOpState: IN_SERVICE, persistedOpStateExpiryEpochSec: 0}, placeOfBirth=2f53493c-3a9e-4904-8cf8-ac1f6fb0520e, sequenceId=33, keyCount=3, bytesUsed=57}}
2022-11-23 12:07:52,136 [DatanodeAdminManager-0] INFO  node.DatanodeAdminMonitorImpl (DatanodeAdminMonitorImpl.java:checkContainersReplicatedOnNode(377)) - 2f53493c-3a9e-4904-8cf8-ac1f6fb0520e{ip: 10.1.0.13, host: fv-az105-298.wy5h1aom0jgehahef1oyr10hrc.bx.internal.cloudapp.net, ports: [REPLICATION=43097, RATIS=43085, RATIS_ADMIN=43085, RATIS_SERVER=43085, STANDALONE=37821], networkLocation: /default-rack, certSerialId: null, persistedOpState: ENTERING_MAINTENANCE, persistedOpStateExpiryEpochSec: 0} has 2 sufficientlyReplicated, 1 underReplicated and 0 unhealthy containers
2022-11-23 12:07:52,136 [DatanodeAdminManager-0] INFO  node.DatanodeAdminMonitorImpl (DatanodeAdminMonitorImpl.java:run(169)) - There are 3 nodes tracked for decommission and maintenance.  0 pending nodes.
2022-11-23 12:07:52,139 [Over Replicated Processor] INFO  replication.OverReplicatedProcessor (OverReplicatedProcessor.java:processAll(79)) - Processed 0 over replicated containers, failed processing 0
2022-11-23 12:07:52,176 [ReplicationMonitor] INFO  replication.ReplicationManager (ReplicationManager.java:processAll(355)) - Replication Monitor Thread took 1 milliseconds for processing 6 containers.
2022-11-23 12:07:52,666 [Under Replicated Processor] INFO  replication.UnderReplicatedProcessor (UnderReplicatedProcessor.java:processAll(79)) - Processed 0 under replicated containers, failed processing 0
2022-11-23 12:07:52,666 [Over Replicated Processor] INFO  replication.OverReplicatedProcessor (OverReplicatedProcessor.java:processAll(79)) - Processed 0 over replicated containers, failed processing 0
2022-11-23 12:07:52,667 [ReplicationMonitor] INFO  replication.ReplicationManager (ReplicationManager.java:processAll(355)) - Replication Monitor Thread took 0 milliseconds for processing 0 containers.
2022-11-23 12:07:53,135 [Under Replicated Processor] INFO  replication.UnderReplicatedProcessor (UnderReplicatedProcessor.java:processAll(79)) - Processed 0 under replicated containers, failed processing 0
2022-11-23 12:07:53,135 [DatanodeAdminManager-0] INFO  node.DatanodeAdminMonitorImpl (DatanodeAdminMonitorImpl.java:checkContainersReplicatedOnNode(356)) - Under Replicated Container #6 Container State: CLOSED Replica Count: 4 Healthy Count: 1 Decommission Count: 0 Maintenance Count: 3 inFlightAdd Count: 1 inFightDel Count: 0 ReplicationFactor: 3 minMaintenance Count: 2; Replicas{ContainerReplica{containerID=#6, state=CLOSED, datanodeDetails=2f53493c-3a9e-4904-8cf8-ac1f6fb0520e{ip: 10.1.0.13, host: fv-az105-298.wy5h1aom0jgehahef1oyr10hrc.bx.internal.cloudapp.net, ports: [REPLICATION=43097, RATIS=43085, RATIS_ADMIN=43085, RATIS_SERVER=43085, STANDALONE=37821], networkLocation: /default-rack, certSerialId: null, persistedOpState: ENTERING_MAINTENANCE, persistedOpStateExpiryEpochSec: 0}, placeOfBirth=2f53493c-3a9e-4904-8cf8-ac1f6fb0520e, sequenceId=33, keyCount=3, bytesUsed=57},ContainerReplica{containerID=#6, state=CLOSED, datanodeDetails=f22cc5c0-3e38-414a-900c-2421eb232dd6{ip: 10.1.0.13, host: fv-az105-298.wy5h1aom0jgehahef1oyr10hrc.bx.internal.cloudapp.net, ports: [REPLICATION=33553, RATIS=38335, RATIS_ADMIN=38335, RATIS_SERVER=38335, STANDALONE=33109], networkLocation: /default-rack, certSerialId: null, persistedOpState: ENTERING_MAINTENANCE, persistedOpStateExpiryEpochSec: 0}, placeOfBirth=f22cc5c0-3e38-414a-900c-2421eb232dd6, sequenceId=33, keyCount=3, bytesUsed=57},ContainerReplica{containerID=#6, state=CLOSED, datanodeDetails=2770806d-009d-48da-9d50-3d9453a3ad96{ip: 10.1.0.13, host: fv-az105-298.wy5h1aom0jgehahef1oyr10hrc.bx.internal.cloudapp.net, ports: [REPLICATION=42903, RATIS=41085, RATIS_ADMIN=41085, RATIS_SERVER=41085, STANDALONE=41997], networkLocation: /default-rack, certSerialId: null, persistedOpState: ENTERING_MAINTENANCE, persistedOpStateExpiryEpochSec: 0}, placeOfBirth=2770806d-009d-48da-9d50-3d9453a3ad96, sequenceId=33, keyCount=3, bytesUsed=57},ContainerReplica{containerID=#6, state=CLOSED, datanodeDetails=388c1d2c-da9f-4216-9168-b64bdab690f4{ip: 10.1.0.13, host: fv-az105-298.wy5h1aom0jgehahef1oyr10hrc.bx.internal.cloudapp.net, ports: [REPLICATION=34649, RATIS=37573, RATIS_ADMIN=37573, RATIS_SERVER=37573, STANDALONE=41231], networkLocation: /default-rack, certSerialId: null, persistedOpState: IN_SERVICE, persistedOpStateExpiryEpochSec: 0}, placeOfBirth=2f53493c-3a9e-4904-8cf8-ac1f6fb0520e, sequenceId=33, keyCount=3, bytesUsed=57}}
2022-11-23 12:07:53,135 [DatanodeAdminManager-0] INFO  node.DatanodeAdminMonitorImpl (DatanodeAdminMonitorImpl.java:checkContainersReplicatedOnNode(377)) - f22cc5c0-3e38-414a-900c-2421eb232dd6{ip: 10.1.0.13, host: fv-az105-298.wy5h1aom0jgehahef1oyr10hrc.bx.internal.cloudapp.net, ports: [REPLICATION=33553, RATIS=38335, RATIS_ADMIN=38335, RATIS_SERVER=38335, STANDALONE=33109], networkLocation: /default-rack, certSerialId: null, persistedOpState: ENTERING_MAINTENANCE, persistedOpStateExpiryEpochSec: 0} has 2 sufficientlyReplicated, 1 underReplicated and 0 unhealthy containers
2022-11-23 12:07:53,135 [DatanodeAdminManager-0] INFO  node.DatanodeAdminMonitorImpl (DatanodeAdminMonitorImpl.java:checkContainersReplicatedOnNode(356)) - Under Replicated Container #6 Container State: CLOSED Replica Count: 4 Healthy Count: 1 Decommission Count: 0 Maintenance Count: 3 inFlightAdd Count: 1 inFightDel Count: 0 ReplicationFactor: 3 minMaintenance Count: 2; Replicas{ContainerReplica{containerID=#6, state=CLOSED, datanodeDetails=2f53493c-3a9e-4904-8cf8-ac1f6fb0520e{ip: 10.1.0.13, host: fv-az105-298.wy5h1aom0jgehahef1oyr10hrc.bx.internal.cloudapp.net, ports: [REPLICATION=43097, RATIS=43085, RATIS_ADMIN=43085, RATIS_SERVER=43085, STANDALONE=37821], networkLocation: /default-rack, certSerialId: null, persistedOpState: ENTERING_MAINTENANCE, persistedOpStateExpiryEpochSec: 0}, placeOfBirth=2f53493c-3a9e-4904-8cf8-ac1f6fb0520e, sequenceId=33, keyCount=3, bytesUsed=57},ContainerReplica{containerID=#6, state=CLOSED, datanodeDetails=f22cc5c0-3e38-414a-900c-2421eb232dd6{ip: 10.1.0.13, host: fv-az105-298.wy5h1aom0jgehahef1oyr10hrc.bx.internal.cloudapp.net, ports: [REPLICATION=33553, RATIS=38335, RATIS_ADMIN=38335, RATIS_SERVER=38335, STANDALONE=33109], networkLocation: /default-rack, certSerialId: null, persistedOpState: ENTERING_MAINTENANCE, persistedOpStateExpiryEpochSec: 0}, placeOfBirth=f22cc5c0-3e38-414a-900c-2421eb232dd6, sequenceId=33, keyCount=3, bytesUsed=57},ContainerReplica{containerID=#6, state=CLOSED, datanodeDetails=2770806d-009d-48da-9d50-3d9453a3ad96{ip: 10.1.0.13, host: fv-az105-298.wy5h1aom0jgehahef1oyr10hrc.bx.internal.cloudapp.net, ports: [REPLICATION=42903, RATIS=41085, RATIS_ADMIN=41085, RATIS_SERVER=41085, STANDALONE=41997], networkLocation: /default-rack, certSerialId: null, persistedOpState: ENTERING_MAINTENANCE, persistedOpStateExpiryEpochSec: 0}, placeOfBirth=2770806d-009d-48da-9d50-3d9453a3ad96, sequenceId=33, keyCount=3, bytesUsed=57},ContainerReplica{containerID=#6, state=CLOSED, datanodeDetails=388c1d2c-da9f-4216-9168-b64bdab690f4{ip: 10.1.0.13, host: fv-az105-298.wy5h1aom0jgehahef1oyr10hrc.bx.internal.cloudapp.net, ports: [REPLICATION=34649, RATIS=37573, RATIS_ADMIN=37573, RATIS_SERVER=37573, STANDALONE=41231], networkLocation: /default-rack, certSerialId: null, persistedOpState: IN_SERVICE, persistedOpStateExpiryEpochSec: 0}, placeOfBirth=2f53493c-3a9e-4904-8cf8-ac1f6fb0520e, sequenceId=33, keyCount=3, bytesUsed=57}}
2022-11-23 12:07:53,136 [DatanodeAdminManager-0] INFO  node.DatanodeAdminMonitorImpl (DatanodeAdminMonitorImpl.java:checkContainersReplicatedOnNode(377)) - 2770806d-009d-48da-9d50-3d9453a3ad96{ip: 10.1.0.13, host: fv-az105-298.wy5h1aom0jgehahef1oyr10hrc.bx.internal.cloudapp.net, ports: [REPLICATION=42903, RATIS=41085, RATIS_ADMIN=41085, RATIS_SERVER=41085, STANDALONE=41997], networkLocation: /default-rack, certSerialId: null, persistedOpState: ENTERING_MAINTENANCE, persistedOpStateExpiryEpochSec: 0} has 2 sufficientlyReplicated, 1 underReplicated and 0 unhealthy containers
2022-11-23 12:07:53,136 [DatanodeAdminManager-0] INFO  node.DatanodeAdminMonitorImpl (DatanodeAdminMonitorImpl.java:checkContainersReplicatedOnNode(356)) - Under Replicated Container #6 Container State: CLOSED Replica Count: 4 Healthy Count: 1 Decommission Count: 0 Maintenance Count: 3 inFlightAdd Count: 1 inFightDel Count: 0 ReplicationFactor: 3 minMaintenance Count: 2; Replicas{ContainerReplica{containerID=#6, state=CLOSED, datanodeDetails=2f53493c-3a9e-4904-8cf8-ac1f6fb0520e{ip: 10.1.0.13, host: fv-az105-298.wy5h1aom0jgehahef1oyr10hrc.bx.internal.cloudapp.net, ports: [REPLICATION=43097, RATIS=43085, RATIS_ADMIN=43085, RATIS_SERVER=43085, STANDALONE=37821], networkLocation: /default-rack, certSerialId: null, persistedOpState: ENTERING_MAINTENANCE, persistedOpStateExpiryEpochSec: 0}, placeOfBirth=2f53493c-3a9e-4904-8cf8-ac1f6fb0520e, sequenceId=33, keyCount=3, bytesUsed=57},ContainerReplica{containerID=#6, state=CLOSED, datanodeDetails=f22cc5c0-3e38-414a-900c-2421eb232dd6{ip: 10.1.0.13, host: fv-az105-298.wy5h1aom0jgehahef1oyr10hrc.bx.internal.cloudapp.net, ports: [REPLICATION=33553, RATIS=38335, RATIS_ADMIN=38335, RATIS_SERVER=38335, STANDALONE=33109], networkLocation: /default-rack, certSerialId: null, persistedOpState: ENTERING_MAINTENANCE, persistedOpStateExpiryEpochSec: 0}, placeOfBirth=f22cc5c0-3e38-414a-900c-2421eb232dd6, sequenceId=33, keyCount=3, bytesUsed=57},ContainerReplica{containerID=#6, state=CLOSED, datanodeDetails=2770806d-009d-48da-9d50-3d9453a3ad96{ip: 10.1.0.13, host: fv-az105-298.wy5h1aom0jgehahef1oyr10hrc.bx.internal.cloudapp.net, ports: [REPLICATION=42903, RATIS=41085, RATIS_ADMIN=41085, RATIS_SERVER=41085, STANDALONE=41997], networkLocation: /default-rack, certSerialId: null, persistedOpState: ENTERING_MAINTENANCE, persistedOpStateExpiryEpochSec: 0}, placeOfBirth=2770806d-009d-48da-9d50-3d9453a3ad96, sequenceId=33, keyCount=3, bytesUsed=57},ContainerReplica{containerID=#6, state=CLOSED, datanodeDetails=388c1d2c-da9f-4216-9168-b64bdab690f4{ip: 10.1.0.13, host: fv-az105-298.wy5h1aom0jgehahef1oyr10hrc.bx.internal.cloudapp.net, ports: [REPLICATION=34649, RATIS=37573, RATIS_ADMIN=37573, RATIS_SERVER=37573, STANDALONE=41231], networkLocation: /default-rack, certSerialId: null, persistedOpState: IN_SERVICE, persistedOpStateExpiryEpochSec: 0}, placeOfBirth=2f53493c-3a9e-4904-8cf8-ac1f6fb0520e, sequenceId=33, keyCount=3, bytesUsed=57}}
2022-11-23 12:07:53,136 [DatanodeAdminManager-0] INFO  node.DatanodeAdminMonitorImpl (DatanodeAdminMonitorImpl.java:checkContainersReplicatedOnNode(377)) - 2f53493c-3a9e-4904-8cf8-ac1f6fb0520e{ip: 10.1.0.13, host: fv-az105-298.wy5h1aom0jgehahef1oyr10hrc.bx.internal.cloudapp.net, ports: [REPLICATION=43097, RATIS=43085, RATIS_ADMIN=43085, RATIS_SERVER=43085, STANDALONE=37821], networkLocation: /default-rack, certSerialId: null, persistedOpState: ENTERING_MAINTENANCE, persistedOpStateExpiryEpochSec: 0} has 2 sufficientlyReplicated, 1 underReplicated and 0 unhealthy containers
2022-11-23 12:07:53,136 [DatanodeAdminManager-0] INFO  node.DatanodeAdminMonitorImpl (DatanodeAdminMonitorImpl.java:run(169)) - There are 3 nodes tracked for decommission and maintenance.  0 pending nodes.
2022-11-23 12:07:53,139 [Over Replicated Processor] INFO  replication.OverReplicatedProcessor (OverReplicatedProcessor.java:processAll(79)) - Processed 0 over replicated containers, failed processing 0
2022-11-23 12:07:53,177 [ReplicationMonitor] INFO  replication.ReplicationManager (ReplicationManager.java:processAll(355)) - Replication Monitor Thread took 0 milliseconds for processing 6 containers.
2022-11-23 12:07:53,667 [Under Replicated Processor] INFO  replication.UnderReplicatedProcessor (UnderReplicatedProcessor.java:processAll(79)) - Processed 0 under replicated containers, failed processing 0
2022-11-23 12:07:53,667 [Over Replicated Processor] INFO  replication.OverReplicatedProcessor (OverReplicatedProcessor.java:processAll(79)) - Processed 0 over replicated containers, failed processing 0
2022-11-23 12:07:53,667 [ReplicationMonitor] INFO  replication.ReplicationManager (ReplicationManager.java:processAll(355)) - Replication Monitor Thread took 0 milliseconds for processing 0 containers.
2022-11-23 12:07:54,135 [Under Replicated Processor] INFO  replication.UnderReplicatedProcessor (UnderReplicatedProcessor.java:processAll(79)) - Processed 0 under replicated containers, failed processing 0
2022-11-23 12:07:54,135 [DatanodeAdminManager-0] INFO  node.DatanodeAdminMonitorImpl (DatanodeAdminMonitorImpl.java:checkContainersReplicatedOnNode(356)) - Under Replicated Container #6 Container State: CLOSED Replica Count: 4 Healthy Count: 1 Decommission Count: 0 Maintenance Count: 3 inFlightAdd Count: 1 inFightDel Count: 0 ReplicationFactor: 3 minMaintenance Count: 2; Replicas{ContainerReplica{containerID=#6, state=CLOSED, datanodeDetails=2f53493c-3a9e-4904-8cf8-ac1f6fb0520e{ip: 10.1.0.13, host: fv-az105-298.wy5h1aom0jgehahef1oyr10hrc.bx.internal.cloudapp.net, ports: [REPLICATION=43097, RATIS=43085, RATIS_ADMIN=43085, RATIS_SERVER=43085, STANDALONE=37821], networkLocation: /default-rack, certSerialId: null, persistedOpState: ENTERING_MAINTENANCE, persistedOpStateExpiryEpochSec: 0}, placeOfBirth=2f53493c-3a9e-4904-8cf8-ac1f6fb0520e, sequenceId=33, keyCount=3, bytesUsed=57},ContainerReplica{containerID=#6, state=CLOSED, datanodeDetails=f22cc5c0-3e38-414a-900c-2421eb232dd6{ip: 10.1.0.13, host: fv-az105-298.wy5h1aom0jgehahef1oyr10hrc.bx.internal.cloudapp.net, ports: [REPLICATION=33553, RATIS=38335, RATIS_ADMIN=38335, RATIS_SERVER=38335, STANDALONE=33109], networkLocation: /default-rack, certSerialId: null, persistedOpState: ENTERING_MAINTENANCE, persistedOpStateExpiryEpochSec: 0}, placeOfBirth=f22cc5c0-3e38-414a-900c-2421eb232dd6, sequenceId=33, keyCount=3, bytesUsed=57},ContainerReplica{containerID=#6, state=CLOSED, datanodeDetails=2770806d-009d-48da-9d50-3d9453a3ad96{ip: 10.1.0.13, host: fv-az105-298.wy5h1aom0jgehahef1oyr10hrc.bx.internal.cloudapp.net, ports: [REPLICATION=42903, RATIS=41085, RATIS_ADMIN=41085, RATIS_SERVER=41085, STANDALONE=41997], networkLocation: /default-rack, certSerialId: null, persistedOpState: ENTERING_MAINTENANCE, persistedOpStateExpiryEpochSec: 0}, placeOfBirth=2770806d-009d-48da-9d50-3d9453a3ad96, sequenceId=33, keyCount=3, bytesUsed=57},ContainerReplica{containerID=#6, state=CLOSED, datanodeDetails=388c1d2c-da9f-4216-9168-b64bdab690f4{ip: 10.1.0.13, host: fv-az105-298.wy5h1aom0jgehahef1oyr10hrc.bx.internal.cloudapp.net, ports: [REPLICATION=34649, RATIS=37573, RATIS_ADMIN=37573, RATIS_SERVER=37573, STANDALONE=41231], networkLocation: /default-rack, certSerialId: null, persistedOpState: IN_SERVICE, persistedOpStateExpiryEpochSec: 0}, placeOfBirth=2f53493c-3a9e-4904-8cf8-ac1f6fb0520e, sequenceId=33, keyCount=3, bytesUsed=57}}
2022-11-23 12:07:54,135 [DatanodeAdminManager-0] INFO  node.DatanodeAdminMonitorImpl (DatanodeAdminMonitorImpl.java:checkContainersReplicatedOnNode(377)) - f22cc5c0-3e38-414a-900c-2421eb232dd6{ip: 10.1.0.13, host: fv-az105-298.wy5h1aom0jgehahef1oyr10hrc.bx.internal.cloudapp.net, ports: [REPLICATION=33553, RATIS=38335, RATIS_ADMIN=38335, RATIS_SERVER=38335, STANDALONE=33109], networkLocation: /default-rack, certSerialId: null, persistedOpState: ENTERING_MAINTENANCE, persistedOpStateExpiryEpochSec: 0} has 2 sufficientlyReplicated, 1 underReplicated and 0 unhealthy containers
2022-11-23 12:07:54,135 [DatanodeAdminManager-0] INFO  node.DatanodeAdminMonitorImpl (DatanodeAdminMonitorImpl.java:checkContainersReplicatedOnNode(356)) - Under Replicated Container #6 Container State: CLOSED Replica Count: 4 Healthy Count: 1 Decommission Count: 0 Maintenance Count: 3 inFlightAdd Count: 1 inFightDel Count: 0 ReplicationFactor: 3 minMaintenance Count: 2; Replicas{ContainerReplica{containerID=#6, state=CLOSED, datanodeDetails=2f53493c-3a9e-4904-8cf8-ac1f6fb0520e{ip: 10.1.0.13, host: fv-az105-298.wy5h1aom0jgehahef1oyr10hrc.bx.internal.cloudapp.net, ports: [REPLICATION=43097, RATIS=43085, RATIS_ADMIN=43085, RATIS_SERVER=43085, STANDALONE=37821], networkLocation: /default-rack, certSerialId: null, persistedOpState: ENTERING_MAINTENANCE, persistedOpStateExpiryEpochSec: 0}, placeOfBirth=2f53493c-3a9e-4904-8cf8-ac1f6fb0520e, sequenceId=33, keyCount=3, bytesUsed=57},ContainerReplica{containerID=#6, state=CLOSED, datanodeDetails=f22cc5c0-3e38-414a-900c-2421eb232dd6{ip: 10.1.0.13, host: fv-az105-298.wy5h1aom0jgehahef1oyr10hrc.bx.internal.cloudapp.net, ports: [REPLICATION=33553, RATIS=38335, RATIS_ADMIN=38335, RATIS_SERVER=38335, STANDALONE=33109], networkLocation: /default-rack, certSerialId: null, persistedOpState: ENTERING_MAINTENANCE, persistedOpStateExpiryEpochSec: 0}, placeOfBirth=f22cc5c0-3e38-414a-900c-2421eb232dd6, sequenceId=33, keyCount=3, bytesUsed=57},ContainerReplica{containerID=#6, state=CLOSED, datanodeDetails=2770806d-009d-48da-9d50-3d9453a3ad96{ip: 10.1.0.13, host: fv-az105-298.wy5h1aom0jgehahef1oyr10hrc.bx.internal.cloudapp.net, ports: [REPLICATION=42903, RATIS=41085, RATIS_ADMIN=41085, RATIS_SERVER=41085, STANDALONE=41997], networkLocation: /default-rack, certSerialId: null, persistedOpState: ENTERING_MAINTENANCE, persistedOpStateExpiryEpochSec: 0}, placeOfBirth=2770806d-009d-48da-9d50-3d9453a3ad96, sequenceId=33, keyCount=3, bytesUsed=57},ContainerReplica{containerID=#6, state=CLOSED, datanodeDetails=388c1d2c-da9f-4216-9168-b64bdab690f4{ip: 10.1.0.13, host: fv-az105-298.wy5h1aom0jgehahef1oyr10hrc.bx.internal.cloudapp.net, ports: [REPLICATION=34649, RATIS=37573, RATIS_ADMIN=37573, RATIS_SERVER=37573, STANDALONE=41231], networkLocation: /default-rack, certSerialId: null, persistedOpState: IN_SERVICE, persistedOpStateExpiryEpochSec: 0}, placeOfBirth=2f53493c-3a9e-4904-8cf8-ac1f6fb0520e, sequenceId=33, keyCount=3, bytesUsed=57}}
2022-11-23 12:07:54,136 [DatanodeAdminManager-0] INFO  node.DatanodeAdminMonitorImpl (DatanodeAdminMonitorImpl.java:checkContainersReplicatedOnNode(377)) - 2770806d-009d-48da-9d50-3d9453a3ad96{ip: 10.1.0.13, host: fv-az105-298.wy5h1aom0jgehahef1oyr10hrc.bx.internal.cloudapp.net, ports: [REPLICATION=42903, RATIS=41085, RATIS_ADMIN=41085, RATIS_SERVER=41085, STANDALONE=41997], networkLocation: /default-rack, certSerialId: null, persistedOpState: ENTERING_MAINTENANCE, persistedOpStateExpiryEpochSec: 0} has 2 sufficientlyReplicated, 1 underReplicated and 0 unhealthy containers
2022-11-23 12:07:54,136 [DatanodeAdminManager-0] INFO  node.DatanodeAdminMonitorImpl (DatanodeAdminMonitorImpl.java:checkContainersReplicatedOnNode(356)) - Under Replicated Container #6 Container State: CLOSED Replica Count: 4 Healthy Count: 1 Decommission Count: 0 Maintenance Count: 3 inFlightAdd Count: 1 inFightDel Count: 0 ReplicationFactor: 3 minMaintenance Count: 2; Replicas{ContainerReplica{containerID=#6, state=CLOSED, datanodeDetails=2f53493c-3a9e-4904-8cf8-ac1f6fb0520e{ip: 10.1.0.13, host: fv-az105-298.wy5h1aom0jgehahef1oyr10hrc.bx.internal.cloudapp.net, ports: [REPLICATION=43097, RATIS=43085, RATIS_ADMIN=43085, RATIS_SERVER=43085, STANDALONE=37821], networkLocation: /default-rack, certSerialId: null, persistedOpState: ENTERING_MAINTENANCE, persistedOpStateExpiryEpochSec: 0}, placeOfBirth=2f53493c-3a9e-4904-8cf8-ac1f6fb0520e, sequenceId=33, keyCount=3, bytesUsed=57},ContainerReplica{containerID=#6, state=CLOSED, datanodeDetails=f22cc5c0-3e38-414a-900c-2421eb232dd6{ip: 10.1.0.13, host: fv-az105-298.wy5h1aom0jgehahef1oyr10hrc.bx.internal.cloudapp.net, ports: [REPLICATION=33553, RATIS=38335, RATIS_ADMIN=38335, RATIS_SERVER=38335, STANDALONE=33109], networkLocation: /default-rack, certSerialId: null, persistedOpState: ENTERING_MAINTENANCE, persistedOpStateExpiryEpochSec: 0}, placeOfBirth=f22cc5c0-3e38-414a-900c-2421eb232dd6, sequenceId=33, keyCount=3, bytesUsed=57},ContainerReplica{containerID=#6, state=CLOSED, datanodeDetails=2770806d-009d-48da-9d50-3d9453a3ad96{ip: 10.1.0.13, host: fv-az105-298.wy5h1aom0jgehahef1oyr10hrc.bx.internal.cloudapp.net, ports: [REPLICATION=42903, RATIS=41085, RATIS_ADMIN=41085, RATIS_SERVER=41085, STANDALONE=41997], networkLocation: /default-rack, certSerialId: null, persistedOpState: ENTERING_MAINTENANCE, persistedOpStateExpiryEpochSec: 0}, placeOfBirth=2770806d-009d-48da-9d50-3d9453a3ad96, sequenceId=33, keyCount=3, bytesUsed=57},ContainerReplica{containerID=#6, state=CLOSED, datanodeDetails=388c1d2c-da9f-4216-9168-b64bdab690f4{ip: 10.1.0.13, host: fv-az105-298.wy5h1aom0jgehahef1oyr10hrc.bx.internal.cloudapp.net, ports: [REPLICATION=34649, RATIS=37573, RATIS_ADMIN=37573, RATIS_SERVER=37573, STANDALONE=41231], networkLocation: /default-rack, certSerialId: null, persistedOpState: IN_SERVICE, persistedOpStateExpiryEpochSec: 0}, placeOfBirth=2f53493c-3a9e-4904-8cf8-ac1f6fb0520e, sequenceId=33, keyCount=3, bytesUsed=57}}
2022-11-23 12:07:54,136 [DatanodeAdminManager-0] INFO  node.DatanodeAdminMonitorImpl (DatanodeAdminMonitorImpl.java:checkContainersReplicatedOnNode(377)) - 2f53493c-3a9e-4904-8cf8-ac1f6fb0520e{ip: 10.1.0.13, host: fv-az105-298.wy5h1aom0jgehahef1oyr10hrc.bx.internal.cloudapp.net, ports: [REPLICATION=43097, RATIS=43085, RATIS_ADMIN=43085, RATIS_SERVER=43085, STANDALONE=37821], networkLocation: /default-rack, certSerialId: null, persistedOpState: ENTERING_MAINTENANCE, persistedOpStateExpiryEpochSec: 0} has 2 sufficientlyReplicated, 1 underReplicated and 0 unhealthy containers
2022-11-23 12:07:54,136 [DatanodeAdminManager-0] INFO  node.DatanodeAdminMonitorImpl (DatanodeAdminMonitorImpl.java:run(169)) - There are 3 nodes tracked for decommission and maintenance.  0 pending nodes.
2022-11-23 12:07:54,140 [Over Replicated Processor] INFO  replication.OverReplicatedProcessor (OverReplicatedProcessor.java:processAll(79)) - Processed 0 over replicated containers, failed processing 0
2022-11-23 12:07:54,177 [ReplicationMonitor] INFO  replication.ReplicationManager (ReplicationManager.java:processAll(355)) - Replication Monitor Thread took 1 milliseconds for processing 6 containers.
2022-11-23 12:07:54,667 [Under Replicated Processor] INFO  replication.UnderReplicatedProcessor (UnderReplicatedProcessor.java:processAll(79)) - Processed 0 under replicated containers, failed processing 0
2022-11-23 12:07:54,667 [Over Replicated Processor] INFO  replication.OverReplicatedProcessor (OverReplicatedProcessor.java:processAll(79)) - Processed 0 over replicated containers, failed processing 0
2022-11-23 12:07:54,667 [ReplicationMonitor] INFO  replication.ReplicationManager (ReplicationManager.java:processAll(355)) - Replication Monitor Thread took 0 milliseconds for processing 0 containers.
2022-11-23 12:07:55,135 [Under Replicated Processor] INFO  replication.UnderReplicatedProcessor (UnderReplicatedProcessor.java:processAll(79)) - Processed 0 under replicated containers, failed processing 0
2022-11-23 12:07:55,135 [DatanodeAdminManager-0] INFO  node.DatanodeAdminMonitorImpl (DatanodeAdminMonitorImpl.java:checkContainersReplicatedOnNode(356)) - Under Replicated Container #6 Container State: CLOSED Replica Count: 4 Healthy Count: 1 Decommission Count: 0 Maintenance Count: 3 inFlightAdd Count: 1 inFightDel Count: 0 ReplicationFactor: 3 minMaintenance Count: 2; Replicas{ContainerReplica{containerID=#6, state=CLOSED, datanodeDetails=2f53493c-3a9e-4904-8cf8-ac1f6fb0520e{ip: 10.1.0.13, host: fv-az105-298.wy5h1aom0jgehahef1oyr10hrc.bx.internal.cloudapp.net, ports: [REPLICATION=43097, RATIS=43085, RATIS_ADMIN=43085, RATIS_SERVER=43085, STANDALONE=37821], networkLocation: /default-rack, certSerialId: null, persistedOpState: ENTERING_MAINTENANCE, persistedOpStateExpiryEpochSec: 0}, placeOfBirth=2f53493c-3a9e-4904-8cf8-ac1f6fb0520e, sequenceId=33, keyCount=3, bytesUsed=57},ContainerReplica{containerID=#6, state=CLOSED, datanodeDetails=f22cc5c0-3e38-414a-900c-2421eb232dd6{ip: 10.1.0.13, host: fv-az105-298.wy5h1aom0jgehahef1oyr10hrc.bx.internal.cloudapp.net, ports: [REPLICATION=33553, RATIS=38335, RATIS_ADMIN=38335, RATIS_SERVER=38335, STANDALONE=33109], networkLocation: /default-rack, certSerialId: null, persistedOpState: ENTERING_MAINTENANCE, persistedOpStateExpiryEpochSec: 0}, placeOfBirth=f22cc5c0-3e38-414a-900c-2421eb232dd6, sequenceId=33, keyCount=3, bytesUsed=57},ContainerReplica{containerID=#6, state=CLOSED, datanodeDetails=2770806d-009d-48da-9d50-3d9453a3ad96{ip: 10.1.0.13, host: fv-az105-298.wy5h1aom0jgehahef1oyr10hrc.bx.internal.cloudapp.net, ports: [REPLICATION=42903, RATIS=41085, RATIS_ADMIN=41085, RATIS_SERVER=41085, STANDALONE=41997], networkLocation: /default-rack, certSerialId: null, persistedOpState: ENTERING_MAINTENANCE, persistedOpStateExpiryEpochSec: 0}, placeOfBirth=2770806d-009d-48da-9d50-3d9453a3ad96, sequenceId=33, keyCount=3, bytesUsed=57},ContainerReplica{containerID=#6, state=CLOSED, datanodeDetails=388c1d2c-da9f-4216-9168-b64bdab690f4{ip: 10.1.0.13, host: fv-az105-298.wy5h1aom0jgehahef1oyr10hrc.bx.internal.cloudapp.net, ports: [REPLICATION=34649, RATIS=37573, RATIS_ADMIN=37573, RATIS_SERVER=37573, STANDALONE=41231], networkLocation: /default-rack, certSerialId: null, persistedOpState: IN_SERVICE, persistedOpStateExpiryEpochSec: 0}, placeOfBirth=2f53493c-3a9e-4904-8cf8-ac1f6fb0520e, sequenceId=33, keyCount=3, bytesUsed=57}}
2022-11-23 12:07:55,135 [DatanodeAdminManager-0] INFO  node.DatanodeAdminMonitorImpl (DatanodeAdminMonitorImpl.java:checkContainersReplicatedOnNode(377)) - f22cc5c0-3e38-414a-900c-2421eb232dd6{ip: 10.1.0.13, host: fv-az105-298.wy5h1aom0jgehahef1oyr10hrc.bx.internal.cloudapp.net, ports: [REPLICATION=33553, RATIS=38335, RATIS_ADMIN=38335, RATIS_SERVER=38335, STANDALONE=33109], networkLocation: /default-rack, certSerialId: null, persistedOpState: ENTERING_MAINTENANCE, persistedOpStateExpiryEpochSec: 0} has 2 sufficientlyReplicated, 1 underReplicated and 0 unhealthy containers
2022-11-23 12:07:55,135 [DatanodeAdminManager-0] INFO  node.DatanodeAdminMonitorImpl (DatanodeAdminMonitorImpl.java:checkContainersReplicatedOnNode(356)) - Under Replicated Container #6 Container State: CLOSED Replica Count: 4 Healthy Count: 1 Decommission Count: 0 Maintenance Count: 3 inFlightAdd Count: 1 inFightDel Count: 0 ReplicationFactor: 3 minMaintenance Count: 2; Replicas{ContainerReplica{containerID=#6, state=CLOSED, datanodeDetails=2f53493c-3a9e-4904-8cf8-ac1f6fb0520e{ip: 10.1.0.13, host: fv-az105-298.wy5h1aom0jgehahef1oyr10hrc.bx.internal.cloudapp.net, ports: [REPLICATION=43097, RATIS=43085, RATIS_ADMIN=43085, RATIS_SERVER=43085, STANDALONE=37821], networkLocation: /default-rack, certSerialId: null, persistedOpState: ENTERING_MAINTENANCE, persistedOpStateExpiryEpochSec: 0}, placeOfBirth=2f53493c-3a9e-4904-8cf8-ac1f6fb0520e, sequenceId=33, keyCount=3, bytesUsed=57},ContainerReplica{containerID=#6, state=CLOSED, datanodeDetails=f22cc5c0-3e38-414a-900c-2421eb232dd6{ip: 10.1.0.13, host: fv-az105-298.wy5h1aom0jgehahef1oyr10hrc.bx.internal.cloudapp.net, ports: [REPLICATION=33553, RATIS=38335, RATIS_ADMIN=38335, RATIS_SERVER=38335, STANDALONE=33109], networkLocation: /default-rack, certSerialId: null, persistedOpState: ENTERING_MAINTENANCE, persistedOpStateExpiryEpochSec: 0}, placeOfBirth=f22cc5c0-3e38-414a-900c-2421eb232dd6, sequenceId=33, keyCount=3, bytesUsed=57},ContainerReplica{containerID=#6, state=CLOSED, datanodeDetails=2770806d-009d-48da-9d50-3d9453a3ad96{ip: 10.1.0.13, host: fv-az105-298.wy5h1aom0jgehahef1oyr10hrc.bx.internal.cloudapp.net, ports: [REPLICATION=42903, RATIS=41085, RATIS_ADMIN=41085, RATIS_SERVER=41085, STANDALONE=41997], networkLocation: /default-rack, certSerialId: null, persistedOpState: ENTERING_MAINTENANCE, persistedOpStateExpiryEpochSec: 0}, placeOfBirth=2770806d-009d-48da-9d50-3d9453a3ad96, sequenceId=33, keyCount=3, bytesUsed=57},ContainerReplica{containerID=#6, state=CLOSED, datanodeDetails=388c1d2c-da9f-4216-9168-b64bdab690f4{ip: 10.1.0.13, host: fv-az105-298.wy5h1aom0jgehahef1oyr10hrc.bx.internal.cloudapp.net, ports: [REPLICATION=34649, RATIS=37573, RATIS_ADMIN=37573, RATIS_SERVER=37573, STANDALONE=41231], networkLocation: /default-rack, certSerialId: null, persistedOpState: IN_SERVICE, persistedOpStateExpiryEpochSec: 0}, placeOfBirth=2f53493c-3a9e-4904-8cf8-ac1f6fb0520e, sequenceId=33, keyCount=3, bytesUsed=57}}
2022-11-23 12:07:55,135 [DatanodeAdminManager-0] INFO  node.DatanodeAdminMonitorImpl (DatanodeAdminMonitorImpl.java:checkContainersReplicatedOnNode(377)) - 2770806d-009d-48da-9d50-3d9453a3ad96{ip: 10.1.0.13, host: fv-az105-298.wy5h1aom0jgehahef1oyr10hrc.bx.internal.cloudapp.net, ports: [REPLICATION=42903, RATIS=41085, RATIS_ADMIN=41085, RATIS_SERVER=41085, STANDALONE=41997], networkLocation: /default-rack, certSerialId: null, persistedOpState: ENTERING_MAINTENANCE, persistedOpStateExpiryEpochSec: 0} has 2 sufficientlyReplicated, 1 underReplicated and 0 unhealthy containers
2022-11-23 12:07:55,136 [DatanodeAdminManager-0] INFO  node.DatanodeAdminMonitorImpl (DatanodeAdminMonitorImpl.java:checkContainersReplicatedOnNode(356)) - Under Replicated Container #6 Container State: CLOSED Replica Count: 4 Healthy Count: 1 Decommission Count: 0 Maintenance Count: 3 inFlightAdd Count: 1 inFightDel Count: 0 ReplicationFactor: 3 minMaintenance Count: 2; Replicas{ContainerReplica{containerID=#6, state=CLOSED, datanodeDetails=2f53493c-3a9e-4904-8cf8-ac1f6fb0520e{ip: 10.1.0.13, host: fv-az105-298.wy5h1aom0jgehahef1oyr10hrc.bx.internal.cloudapp.net, ports: [REPLICATION=43097, RATIS=43085, RATIS_ADMIN=43085, RATIS_SERVER=43085, STANDALONE=37821], networkLocation: /default-rack, certSerialId: null, persistedOpState: ENTERING_MAINTENANCE, persistedOpStateExpiryEpochSec: 0}, placeOfBirth=2f53493c-3a9e-4904-8cf8-ac1f6fb0520e, sequenceId=33, keyCount=3, bytesUsed=57},ContainerReplica{containerID=#6, state=CLOSED, datanodeDetails=f22cc5c0-3e38-414a-900c-2421eb232dd6{ip: 10.1.0.13, host: fv-az105-298.wy5h1aom0jgehahef1oyr10hrc.bx.internal.cloudapp.net, ports: [REPLICATION=33553, RATIS=38335, RATIS_ADMIN=38335, RATIS_SERVER=38335, STANDALONE=33109], networkLocation: /default-rack, certSerialId: null, persistedOpState: ENTERING_MAINTENANCE, persistedOpStateExpiryEpochSec: 0}, placeOfBirth=f22cc5c0-3e38-414a-900c-2421eb232dd6, sequenceId=33, keyCount=3, bytesUsed=57},ContainerReplica{containerID=#6, state=CLOSED, datanodeDetails=2770806d-009d-48da-9d50-3d9453a3ad96{ip: 10.1.0.13, host: fv-az105-298.wy5h1aom0jgehahef1oyr10hrc.bx.internal.cloudapp.net, ports: [REPLICATION=42903, RATIS=41085, RATIS_ADMIN=41085, RATIS_SERVER=41085, STANDALONE=41997], networkLocation: /default-rack, certSerialId: null, persistedOpState: ENTERING_MAINTENANCE, persistedOpStateExpiryEpochSec: 0}, placeOfBirth=2770806d-009d-48da-9d50-3d9453a3ad96, sequenceId=33, keyCount=3, bytesUsed=57},ContainerReplica{containerID=#6, state=CLOSED, datanodeDetails=388c1d2c-da9f-4216-9168-b64bdab690f4{ip: 10.1.0.13, host: fv-az105-298.wy5h1aom0jgehahef1oyr10hrc.bx.internal.cloudapp.net, ports: [REPLICATION=34649, RATIS=37573, RATIS_ADMIN=37573, RATIS_SERVER=37573, STANDALONE=41231], networkLocation: /default-rack, certSerialId: null, persistedOpState: IN_SERVICE, persistedOpStateExpiryEpochSec: 0}, placeOfBirth=2f53493c-3a9e-4904-8cf8-ac1f6fb0520e, sequenceId=33, keyCount=3, bytesUsed=57}}
2022-11-23 12:07:55,136 [DatanodeAdminManager-0] INFO  node.DatanodeAdminMonitorImpl (DatanodeAdminMonitorImpl.java:checkContainersReplicatedOnNode(377)) - 2f53493c-3a9e-4904-8cf8-ac1f6fb0520e{ip: 10.1.0.13, host: fv-az105-298.wy5h1aom0jgehahef1oyr10hrc.bx.internal.cloudapp.net, ports: [REPLICATION=43097, RATIS=43085, RATIS_ADMIN=43085, RATIS_SERVER=43085, STANDALONE=37821], networkLocation: /default-rack, certSerialId: null, persistedOpState: ENTERING_MAINTENANCE, persistedOpStateExpiryEpochSec: 0} has 2 sufficientlyReplicated, 1 underReplicated and 0 unhealthy containers
2022-11-23 12:07:55,136 [DatanodeAdminManager-0] INFO  node.DatanodeAdminMonitorImpl (DatanodeAdminMonitorImpl.java:run(169)) - There are 3 nodes tracked for decommission and maintenance.  0 pending nodes.
2022-11-23 12:07:55,140 [Over Replicated Processor] INFO  replication.OverReplicatedProcessor (OverReplicatedProcessor.java:processAll(79)) - Processed 0 over replicated containers, failed processing 0
2022-11-23 12:07:55,178 [ReplicationMonitor] INFO  replication.ReplicationManager (ReplicationManager.java:processAll(355)) - Replication Monitor Thread took 0 milliseconds for processing 6 containers.
2022-11-23 12:07:55,667 [Under Replicated Processor] INFO  replication.UnderReplicatedProcessor (UnderReplicatedProcessor.java:processAll(79)) - Processed 0 under replicated containers, failed processing 0
2022-11-23 12:07:55,667 [Over Replicated Processor] INFO  replication.OverReplicatedProcessor (OverReplicatedProcessor.java:processAll(79)) - Processed 0 over replicated containers, failed processing 0
2022-11-23 12:07:55,667 [ReplicationMonitor] INFO  replication.ReplicationManager (ReplicationManager.java:processAll(355)) - Replication Monitor Thread took 0 milliseconds for processing 0 containers.
2022-11-23 12:07:56,135 [Under Replicated Processor] INFO  replication.UnderReplicatedProcessor (UnderReplicatedProcessor.java:processAll(79)) - Processed 0 under replicated containers, failed processing 0
2022-11-23 12:07:56,135 [DatanodeAdminManager-0] INFO  node.DatanodeAdminMonitorImpl (DatanodeAdminMonitorImpl.java:checkContainersReplicatedOnNode(356)) - Under Replicated Container #6 Container State: CLOSED Replica Count: 4 Healthy Count: 1 Decommission Count: 0 Maintenance Count: 3 inFlightAdd Count: 1 inFightDel Count: 0 ReplicationFactor: 3 minMaintenance Count: 2; Replicas{ContainerReplica{containerID=#6, state=CLOSED, datanodeDetails=2f53493c-3a9e-4904-8cf8-ac1f6fb0520e{ip: 10.1.0.13, host: fv-az105-298.wy5h1aom0jgehahef1oyr10hrc.bx.internal.cloudapp.net, ports: [REPLICATION=43097, RATIS=43085, RATIS_ADMIN=43085, RATIS_SERVER=43085, STANDALONE=37821], networkLocation: /default-rack, certSerialId: null, persistedOpState: ENTERING_MAINTENANCE, persistedOpStateExpiryEpochSec: 0}, placeOfBirth=2f53493c-3a9e-4904-8cf8-ac1f6fb0520e, sequenceId=33, keyCount=3, bytesUsed=57},ContainerReplica{containerID=#6, state=CLOSED, datanodeDetails=f22cc5c0-3e38-414a-900c-2421eb232dd6{ip: 10.1.0.13, host: fv-az105-298.wy5h1aom0jgehahef1oyr10hrc.bx.internal.cloudapp.net, ports: [REPLICATION=33553, RATIS=38335, RATIS_ADMIN=38335, RATIS_SERVER=38335, STANDALONE=33109], networkLocation: /default-rack, certSerialId: null, persistedOpState: ENTERING_MAINTENANCE, persistedOpStateExpiryEpochSec: 0}, placeOfBirth=f22cc5c0-3e38-414a-900c-2421eb232dd6, sequenceId=33, keyCount=3, bytesUsed=57},ContainerReplica{containerID=#6, state=CLOSED, datanodeDetails=2770806d-009d-48da-9d50-3d9453a3ad96{ip: 10.1.0.13, host: fv-az105-298.wy5h1aom0jgehahef1oyr10hrc.bx.internal.cloudapp.net, ports: [REPLICATION=42903, RATIS=41085, RATIS_ADMIN=41085, RATIS_SERVER=41085, STANDALONE=41997], networkLocation: /default-rack, certSerialId: null, persistedOpState: ENTERING_MAINTENANCE, persistedOpStateExpiryEpochSec: 0}, placeOfBirth=2770806d-009d-48da-9d50-3d9453a3ad96, sequenceId=33, keyCount=3, bytesUsed=57},ContainerReplica{containerID=#6, state=CLOSED, datanodeDetails=388c1d2c-da9f-4216-9168-b64bdab690f4{ip: 10.1.0.13, host: fv-az105-298.wy5h1aom0jgehahef1oyr10hrc.bx.internal.cloudapp.net, ports: [REPLICATION=34649, RATIS=37573, RATIS_ADMIN=37573, RATIS_SERVER=37573, STANDALONE=41231], networkLocation: /default-rack, certSerialId: null, persistedOpState: IN_SERVICE, persistedOpStateExpiryEpochSec: 0}, placeOfBirth=2f53493c-3a9e-4904-8cf8-ac1f6fb0520e, sequenceId=33, keyCount=3, bytesUsed=57}}
2022-11-23 12:07:56,135 [DatanodeAdminManager-0] INFO  node.DatanodeAdminMonitorImpl (DatanodeAdminMonitorImpl.java:checkContainersReplicatedOnNode(377)) - f22cc5c0-3e38-414a-900c-2421eb232dd6{ip: 10.1.0.13, host: fv-az105-298.wy5h1aom0jgehahef1oyr10hrc.bx.internal.cloudapp.net, ports: [REPLICATION=33553, RATIS=38335, RATIS_ADMIN=38335, RATIS_SERVER=38335, STANDALONE=33109], networkLocation: /default-rack, certSerialId: null, persistedOpState: ENTERING_MAINTENANCE, persistedOpStateExpiryEpochSec: 0} has 2 sufficientlyReplicated, 1 underReplicated and 0 unhealthy containers
2022-11-23 12:07:56,136 [DatanodeAdminManager-0] INFO  node.DatanodeAdminMonitorImpl (DatanodeAdminMonitorImpl.java:checkContainersReplicatedOnNode(356)) - Under Replicated Container #6 Container State: CLOSED Replica Count: 4 Healthy Count: 1 Decommission Count: 0 Maintenance Count: 3 inFlightAdd Count: 1 inFightDel Count: 0 ReplicationFactor: 3 minMaintenance Count: 2; Replicas{ContainerReplica{containerID=#6, state=CLOSED, datanodeDetails=2f53493c-3a9e-4904-8cf8-ac1f6fb0520e{ip: 10.1.0.13, host: fv-az105-298.wy5h1aom0jgehahef1oyr10hrc.bx.internal.cloudapp.net, ports: [REPLICATION=43097, RATIS=43085, RATIS_ADMIN=43085, RATIS_SERVER=43085, STANDALONE=37821], networkLocation: /default-rack, certSerialId: null, persistedOpState: ENTERING_MAINTENANCE, persistedOpStateExpiryEpochSec: 0}, placeOfBirth=2f53493c-3a9e-4904-8cf8-ac1f6fb0520e, sequenceId=33, keyCount=3, bytesUsed=57},ContainerReplica{containerID=#6, state=CLOSED, datanodeDetails=f22cc5c0-3e38-414a-900c-2421eb232dd6{ip: 10.1.0.13, host: fv-az105-298.wy5h1aom0jgehahef1oyr10hrc.bx.internal.cloudapp.net, ports: [REPLICATION=33553, RATIS=38335, RATIS_ADMIN=38335, RATIS_SERVER=38335, STANDALONE=33109], networkLocation: /default-rack, certSerialId: null, persistedOpState: ENTERING_MAINTENANCE, persistedOpStateExpiryEpochSec: 0}, placeOfBirth=f22cc5c0-3e38-414a-900c-2421eb232dd6, sequenceId=33, keyCount=3, bytesUsed=57},ContainerReplica{containerID=#6, state=CLOSED, datanodeDetails=2770806d-009d-48da-9d50-3d9453a3ad96{ip: 10.1.0.13, host: fv-az105-298.wy5h1aom0jgehahef1oyr10hrc.bx.internal.cloudapp.net, ports: [REPLICATION=42903, RATIS=41085, RATIS_ADMIN=41085, RATIS_SERVER=41085, STANDALONE=41997], networkLocation: /default-rack, certSerialId: null, persistedOpState: ENTERING_MAINTENANCE, persistedOpStateExpiryEpochSec: 0}, placeOfBirth=2770806d-009d-48da-9d50-3d9453a3ad96, sequenceId=33, keyCount=3, bytesUsed=57},ContainerReplica{containerID=#6, state=CLOSED, datanodeDetails=388c1d2c-da9f-4216-9168-b64bdab690f4{ip: 10.1.0.13, host: fv-az105-298.wy5h1aom0jgehahef1oyr10hrc.bx.internal.cloudapp.net, ports: [REPLICATION=34649, RATIS=37573, RATIS_ADMIN=37573, RATIS_SERVER=37573, STANDALONE=41231], networkLocation: /default-rack, certSerialId: null, persistedOpState: IN_SERVICE, persistedOpStateExpiryEpochSec: 0}, placeOfBirth=2f53493c-3a9e-4904-8cf8-ac1f6fb0520e, sequenceId=33, keyCount=3, bytesUsed=57}}
2022-11-23 12:07:56,136 [DatanodeAdminManager-0] INFO  node.DatanodeAdminMonitorImpl (DatanodeAdminMonitorImpl.java:checkContainersReplicatedOnNode(377)) - 2770806d-009d-48da-9d50-3d9453a3ad96{ip: 10.1.0.13, host: fv-az105-298.wy5h1aom0jgehahef1oyr10hrc.bx.internal.cloudapp.net, ports: [REPLICATION=42903, RATIS=41085, RATIS_ADMIN=41085, RATIS_SERVER=41085, STANDALONE=41997], networkLocation: /default-rack, certSerialId: null, persistedOpState: ENTERING_MAINTENANCE, persistedOpStateExpiryEpochSec: 0} has 2 sufficientlyReplicated, 1 underReplicated and 0 unhealthy containers
2022-11-23 12:07:56,136 [DatanodeAdminManager-0] INFO  node.DatanodeAdminMonitorImpl (DatanodeAdminMonitorImpl.java:checkContainersReplicatedOnNode(356)) - Under Replicated Container #6 Container State: CLOSED Replica Count: 4 Healthy Count: 1 Decommission Count: 0 Maintenance Count: 3 inFlightAdd Count: 1 inFightDel Count: 0 ReplicationFactor: 3 minMaintenance Count: 2; Replicas{ContainerReplica{containerID=#6, state=CLOSED, datanodeDetails=2f53493c-3a9e-4904-8cf8-ac1f6fb0520e{ip: 10.1.0.13, host: fv-az105-298.wy5h1aom0jgehahef1oyr10hrc.bx.internal.cloudapp.net, ports: [REPLICATION=43097, RATIS=43085, RATIS_ADMIN=43085, RATIS_SERVER=43085, STANDALONE=37821], networkLocation: /default-rack, certSerialId: null, persistedOpState: ENTERING_MAINTENANCE, persistedOpStateExpiryEpochSec: 0}, placeOfBirth=2f53493c-3a9e-4904-8cf8-ac1f6fb0520e, sequenceId=33, keyCount=3, bytesUsed=57},ContainerReplica{containerID=#6, state=CLOSED, datanodeDetails=f22cc5c0-3e38-414a-900c-2421eb232dd6{ip: 10.1.0.13, host: fv-az105-298.wy5h1aom0jgehahef1oyr10hrc.bx.internal.cloudapp.net, ports: [REPLICATION=33553, RATIS=38335, RATIS_ADMIN=38335, RATIS_SERVER=38335, STANDALONE=33109], networkLocation: /default-rack, certSerialId: null, persistedOpState: ENTERING_MAINTENANCE, persistedOpStateExpiryEpochSec: 0}, placeOfBirth=f22cc5c0-3e38-414a-900c-2421eb232dd6, sequenceId=33, keyCount=3, bytesUsed=57},ContainerReplica{containerID=#6, state=CLOSED, datanodeDetails=2770806d-009d-48da-9d50-3d9453a3ad96{ip: 10.1.0.13, host: fv-az105-298.wy5h1aom0jgehahef1oyr10hrc.bx.internal.cloudapp.net, ports: [REPLICATION=42903, RATIS=41085, RATIS_ADMIN=41085, RATIS_SERVER=41085, STANDALONE=41997], networkLocation: /default-rack, certSerialId: null, persistedOpState: ENTERING_MAINTENANCE, persistedOpStateExpiryEpochSec: 0}, placeOfBirth=2770806d-009d-48da-9d50-3d9453a3ad96, sequenceId=33, keyCount=3, bytesUsed=57},ContainerReplica{containerID=#6, state=CLOSED, datanodeDetails=388c1d2c-da9f-4216-9168-b64bdab690f4{ip: 10.1.0.13, host: fv-az105-298.wy5h1aom0jgehahef1oyr10hrc.bx.internal.cloudapp.net, ports: [REPLICATION=34649, RATIS=37573, RATIS_ADMIN=37573, RATIS_SERVER=37573, STANDALONE=41231], networkLocation: /default-rack, certSerialId: null, persistedOpState: IN_SERVICE, persistedOpStateExpiryEpochSec: 0}, placeOfBirth=2f53493c-3a9e-4904-8cf8-ac1f6fb0520e, sequenceId=33, keyCount=3, bytesUsed=57}}
2022-11-23 12:07:56,136 [DatanodeAdminManager-0] INFO  node.DatanodeAdminMonitorImpl (DatanodeAdminMonitorImpl.java:checkContainersReplicatedOnNode(377)) - 2f53493c-3a9e-4904-8cf8-ac1f6fb0520e{ip: 10.1.0.13, host: fv-az105-298.wy5h1aom0jgehahef1oyr10hrc.bx.internal.cloudapp.net, ports: [REPLICATION=43097, RATIS=43085, RATIS_ADMIN=43085, RATIS_SERVER=43085, STANDALONE=37821], networkLocation: /default-rack, certSerialId: null, persistedOpState: ENTERING_MAINTENANCE, persistedOpStateExpiryEpochSec: 0} has 2 sufficientlyReplicated, 1 underReplicated and 0 unhealthy containers
2022-11-23 12:07:56,136 [DatanodeAdminManager-0] INFO  node.DatanodeAdminMonitorImpl (DatanodeAdminMonitorImpl.java:run(169)) - There are 3 nodes tracked for decommission and maintenance.  0 pending nodes.
2022-11-23 12:07:56,140 [Over Replicated Processor] INFO  replication.OverReplicatedProcessor (OverReplicatedProcessor.java:processAll(79)) - Processed 0 over replicated containers, failed processing 0
2022-11-23 12:07:56,178 [ReplicationMonitor] INFO  replication.ReplicationManager (ReplicationManager.java:processAll(355)) - Replication Monitor Thread took 0 milliseconds for processing 6 containers.
2022-11-23 12:07:56,667 [Under Replicated Processor] INFO  replication.UnderReplicatedProcessor (UnderReplicatedProcessor.java:processAll(79)) - Processed 0 under replicated containers, failed processing 0
2022-11-23 12:07:56,667 [Over Replicated Processor] INFO  replication.OverReplicatedProcessor (OverReplicatedProcessor.java:processAll(79)) - Processed 0 over replicated containers, failed processing 0
2022-11-23 12:07:56,667 [ReplicationMonitor] INFO  replication.ReplicationManager (ReplicationManager.java:processAll(355)) - Replication Monitor Thread took 0 milliseconds for processing 0 containers.
2022-11-23 12:07:57,135 [DatanodeAdminManager-0] INFO  node.DatanodeAdminMonitorImpl (DatanodeAdminMonitorImpl.java:checkContainersReplicatedOnNode(356)) - Under Replicated Container #6 Container State: CLOSED Replica Count: 4 Healthy Count: 1 Decommission Count: 0 Maintenance Count: 3 inFlightAdd Count: 1 inFightDel Count: 0 ReplicationFactor: 3 minMaintenance Count: 2; Replicas{ContainerReplica{containerID=#6, state=CLOSED, datanodeDetails=2f53493c-3a9e-4904-8cf8-ac1f6fb0520e{ip: 10.1.0.13, host: fv-az105-298.wy5h1aom0jgehahef1oyr10hrc.bx.internal.cloudapp.net, ports: [REPLICATION=43097, RATIS=43085, RATIS_ADMIN=43085, RATIS_SERVER=43085, STANDALONE=37821], networkLocation: /default-rack, certSerialId: null, persistedOpState: ENTERING_MAINTENANCE, persistedOpStateExpiryEpochSec: 0}, placeOfBirth=2f53493c-3a9e-4904-8cf8-ac1f6fb0520e, sequenceId=33, keyCount=3, bytesUsed=57},ContainerReplica{containerID=#6, state=CLOSED, datanodeDetails=f22cc5c0-3e38-414a-900c-2421eb232dd6{ip: 10.1.0.13, host: fv-az105-298.wy5h1aom0jgehahef1oyr10hrc.bx.internal.cloudapp.net, ports: [REPLICATION=33553, RATIS=38335, RATIS_ADMIN=38335, RATIS_SERVER=38335, STANDALONE=33109], networkLocation: /default-rack, certSerialId: null, persistedOpState: ENTERING_MAINTENANCE, persistedOpStateExpiryEpochSec: 0}, placeOfBirth=f22cc5c0-3e38-414a-900c-2421eb232dd6, sequenceId=33, keyCount=3, bytesUsed=57},ContainerReplica{containerID=#6, state=CLOSED, datanodeDetails=2770806d-009d-48da-9d50-3d9453a3ad96{ip: 10.1.0.13, host: fv-az105-298.wy5h1aom0jgehahef1oyr10hrc.bx.internal.cloudapp.net, ports: [REPLICATION=42903, RATIS=41085, RATIS_ADMIN=41085, RATIS_SERVER=41085, STANDALONE=41997], networkLocation: /default-rack, certSerialId: null, persistedOpState: ENTERING_MAINTENANCE, persistedOpStateExpiryEpochSec: 0}, placeOfBirth=2770806d-009d-48da-9d50-3d9453a3ad96, sequenceId=33, keyCount=3, bytesUsed=57},ContainerReplica{containerID=#6, state=CLOSED, datanodeDetails=388c1d2c-da9f-4216-9168-b64bdab690f4{ip: 10.1.0.13, host: fv-az105-298.wy5h1aom0jgehahef1oyr10hrc.bx.internal.cloudapp.net, ports: [REPLICATION=34649, RATIS=37573, RATIS_ADMIN=37573, RATIS_SERVER=37573, STANDALONE=41231], networkLocation: /default-rack, certSerialId: null, persistedOpState: IN_SERVICE, persistedOpStateExpiryEpochSec: 0}, placeOfBirth=2f53493c-3a9e-4904-8cf8-ac1f6fb0520e, sequenceId=33, keyCount=3, bytesUsed=57}}
2022-11-23 12:07:57,135 [Under Replicated Processor] INFO  replication.UnderReplicatedProcessor (UnderReplicatedProcessor.java:processAll(79)) - Processed 0 under replicated containers, failed processing 0
2022-11-23 12:07:57,135 [DatanodeAdminManager-0] INFO  node.DatanodeAdminMonitorImpl (DatanodeAdminMonitorImpl.java:checkContainersReplicatedOnNode(377)) - f22cc5c0-3e38-414a-900c-2421eb232dd6{ip: 10.1.0.13, host: fv-az105-298.wy5h1aom0jgehahef1oyr10hrc.bx.internal.cloudapp.net, ports: [REPLICATION=33553, RATIS=38335, RATIS_ADMIN=38335, RATIS_SERVER=38335, STANDALONE=33109], networkLocation: /default-rack, certSerialId: null, persistedOpState: ENTERING_MAINTENANCE, persistedOpStateExpiryEpochSec: 0} has 2 sufficientlyReplicated, 1 underReplicated and 0 unhealthy containers
2022-11-23 12:07:57,136 [DatanodeAdminManager-0] INFO  node.DatanodeAdminMonitorImpl (DatanodeAdminMonitorImpl.java:checkContainersReplicatedOnNode(356)) - Under Replicated Container #6 Container State: CLOSED Replica Count: 4 Healthy Count: 1 Decommission Count: 0 Maintenance Count: 3 inFlightAdd Count: 1 inFightDel Count: 0 ReplicationFactor: 3 minMaintenance Count: 2; Replicas{ContainerReplica{containerID=#6, state=CLOSED, datanodeDetails=2f53493c-3a9e-4904-8cf8-ac1f6fb0520e{ip: 10.1.0.13, host: fv-az105-298.wy5h1aom0jgehahef1oyr10hrc.bx.internal.cloudapp.net, ports: [REPLICATION=43097, RATIS=43085, RATIS_ADMIN=43085, RATIS_SERVER=43085, STANDALONE=37821], networkLocation: /default-rack, certSerialId: null, persistedOpState: ENTERING_MAINTENANCE, persistedOpStateExpiryEpochSec: 0}, placeOfBirth=2f53493c-3a9e-4904-8cf8-ac1f6fb0520e, sequenceId=33, keyCount=3, bytesUsed=57},ContainerReplica{containerID=#6, state=CLOSED, datanodeDetails=f22cc5c0-3e38-414a-900c-2421eb232dd6{ip: 10.1.0.13, host: fv-az105-298.wy5h1aom0jgehahef1oyr10hrc.bx.internal.cloudapp.net, ports: [REPLICATION=33553, RATIS=38335, RATIS_ADMIN=38335, RATIS_SERVER=38335, STANDALONE=33109], networkLocation: /default-rack, certSerialId: null, persistedOpState: ENTERING_MAINTENANCE, persistedOpStateExpiryEpochSec: 0}, placeOfBirth=f22cc5c0-3e38-414a-900c-2421eb232dd6, sequenceId=33, keyCount=3, bytesUsed=57},ContainerReplica{containerID=#6, state=CLOSED, datanodeDetails=2770806d-009d-48da-9d50-3d9453a3ad96{ip: 10.1.0.13, host: fv-az105-298.wy5h1aom0jgehahef1oyr10hrc.bx.internal.cloudapp.net, ports: [REPLICATION=42903, RATIS=41085, RATIS_ADMIN=41085, RATIS_SERVER=41085, STANDALONE=41997], networkLocation: /default-rack, certSerialId: null, persistedOpState: ENTERING_MAINTENANCE, persistedOpStateExpiryEpochSec: 0}, placeOfBirth=2770806d-009d-48da-9d50-3d9453a3ad96, sequenceId=33, keyCount=3, bytesUsed=57},ContainerReplica{containerID=#6, state=CLOSED, datanodeDetails=388c1d2c-da9f-4216-9168-b64bdab690f4{ip: 10.1.0.13, host: fv-az105-298.wy5h1aom0jgehahef1oyr10hrc.bx.internal.cloudapp.net, ports: [REPLICATION=34649, RATIS=37573, RATIS_ADMIN=37573, RATIS_SERVER=37573, STANDALONE=41231], networkLocation: /default-rack, certSerialId: null, persistedOpState: IN_SERVICE, persistedOpStateExpiryEpochSec: 0}, placeOfBirth=2f53493c-3a9e-4904-8cf8-ac1f6fb0520e, sequenceId=33, keyCount=3, bytesUsed=57}}
2022-11-23 12:07:57,136 [DatanodeAdminManager-0] INFO  node.DatanodeAdminMonitorImpl (DatanodeAdminMonitorImpl.java:checkContainersReplicatedOnNode(377)) - 2770806d-009d-48da-9d50-3d9453a3ad96{ip: 10.1.0.13, host: fv-az105-298.wy5h1aom0jgehahef1oyr10hrc.bx.internal.cloudapp.net, ports: [REPLICATION=42903, RATIS=41085, RATIS_ADMIN=41085, RATIS_SERVER=41085, STANDALONE=41997], networkLocation: /default-rack, certSerialId: null, persistedOpState: ENTERING_MAINTENANCE, persistedOpStateExpiryEpochSec: 0} has 2 sufficientlyReplicated, 1 underReplicated and 0 unhealthy containers
2022-11-23 12:07:57,136 [DatanodeAdminManager-0] INFO  node.DatanodeAdminMonitorImpl (DatanodeAdminMonitorImpl.java:checkContainersReplicatedOnNode(356)) - Under Replicated Container #6 Container State: CLOSED Replica Count: 4 Healthy Count: 1 Decommission Count: 0 Maintenance Count: 3 inFlightAdd Count: 1 inFightDel Count: 0 ReplicationFactor: 3 minMaintenance Count: 2; Replicas{ContainerReplica{containerID=#6, state=CLOSED, datanodeDetails=2f53493c-3a9e-4904-8cf8-ac1f6fb0520e{ip: 10.1.0.13, host: fv-az105-298.wy5h1aom0jgehahef1oyr10hrc.bx.internal.cloudapp.net, ports: [REPLICATION=43097, RATIS=43085, RATIS_ADMIN=43085, RATIS_SERVER=43085, STANDALONE=37821], networkLocation: /default-rack, certSerialId: null, persistedOpState: ENTERING_MAINTENANCE, persistedOpStateExpiryEpochSec: 0}, placeOfBirth=2f53493c-3a9e-4904-8cf8-ac1f6fb0520e, sequenceId=33, keyCount=3, bytesUsed=57},ContainerReplica{containerID=#6, state=CLOSED, datanodeDetails=f22cc5c0-3e38-414a-900c-2421eb232dd6{ip: 10.1.0.13, host: fv-az105-298.wy5h1aom0jgehahef1oyr10hrc.bx.internal.cloudapp.net, ports: [REPLICATION=33553, RATIS=38335, RATIS_ADMIN=38335, RATIS_SERVER=38335, STANDALONE=33109], networkLocation: /default-rack, certSerialId: null, persistedOpState: ENTERING_MAINTENANCE, persistedOpStateExpiryEpochSec: 0}, placeOfBirth=f22cc5c0-3e38-414a-900c-2421eb232dd6, sequenceId=33, keyCount=3, bytesUsed=57},ContainerReplica{containerID=#6, state=CLOSED, datanodeDetails=2770806d-009d-48da-9d50-3d9453a3ad96{ip: 10.1.0.13, host: fv-az105-298.wy5h1aom0jgehahef1oyr10hrc.bx.internal.cloudapp.net, ports: [REPLICATION=42903, RATIS=41085, RATIS_ADMIN=41085, RATIS_SERVER=41085, STANDALONE=41997], networkLocation: /default-rack, certSerialId: null, persistedOpState: ENTERING_MAINTENANCE, persistedOpStateExpiryEpochSec: 0}, placeOfBirth=2770806d-009d-48da-9d50-3d9453a3ad96, sequenceId=33, keyCount=3, bytesUsed=57},ContainerReplica{containerID=#6, state=CLOSED, datanodeDetails=388c1d2c-da9f-4216-9168-b64bdab690f4{ip: 10.1.0.13, host: fv-az105-298.wy5h1aom0jgehahef1oyr10hrc.bx.internal.cloudapp.net, ports: [REPLICATION=34649, RATIS=37573, RATIS_ADMIN=37573, RATIS_SERVER=37573, STANDALONE=41231], networkLocation: /default-rack, certSerialId: null, persistedOpState: IN_SERVICE, persistedOpStateExpiryEpochSec: 0}, placeOfBirth=2f53493c-3a9e-4904-8cf8-ac1f6fb0520e, sequenceId=33, keyCount=3, bytesUsed=57}}
2022-11-23 12:07:57,136 [DatanodeAdminManager-0] INFO  node.DatanodeAdminMonitorImpl (DatanodeAdminMonitorImpl.java:checkContainersReplicatedOnNode(377)) - 2f53493c-3a9e-4904-8cf8-ac1f6fb0520e{ip: 10.1.0.13, host: fv-az105-298.wy5h1aom0jgehahef1oyr10hrc.bx.internal.cloudapp.net, ports: [REPLICATION=43097, RATIS=43085, RATIS_ADMIN=43085, RATIS_SERVER=43085, STANDALONE=37821], networkLocation: /default-rack, certSerialId: null, persistedOpState: ENTERING_MAINTENANCE, persistedOpStateExpiryEpochSec: 0} has 2 sufficientlyReplicated, 1 underReplicated and 0 unhealthy containers
2022-11-23 12:07:57,136 [DatanodeAdminManager-0] INFO  node.DatanodeAdminMonitorImpl (DatanodeAdminMonitorImpl.java:run(169)) - There are 3 nodes tracked for decommission and maintenance.  0 pending nodes.
2022-11-23 12:07:57,140 [Over Replicated Processor] INFO  replication.OverReplicatedProcessor (OverReplicatedProcessor.java:processAll(79)) - Processed 0 over replicated containers, failed processing 0
2022-11-23 12:07:57,179 [ReplicationMonitor] INFO  replication.ReplicationManager (ReplicationManager.java:processAll(355)) - Replication Monitor Thread took 0 milliseconds for processing 6 containers.
2022-11-23 12:07:57,667 [Under Replicated Processor] INFO  replication.UnderReplicatedProcessor (UnderReplicatedProcessor.java:processAll(79)) - Processed 0 under replicated containers, failed processing 0
2022-11-23 12:07:57,667 [Over Replicated Processor] INFO  replication.OverReplicatedProcessor (OverReplicatedProcessor.java:processAll(79)) - Processed 0 over replicated containers, failed processing 0
2022-11-23 12:07:57,667 [ReplicationMonitor] INFO  replication.ReplicationManager (ReplicationManager.java:processAll(355)) - Replication Monitor Thread took 0 milliseconds for processing 0 containers.
2022-11-23 12:07:58,135 [DatanodeAdminManager-0] INFO  node.DatanodeAdminMonitorImpl (DatanodeAdminMonitorImpl.java:checkContainersReplicatedOnNode(356)) - Under Replicated Container #6 Container State: CLOSED Replica Count: 4 Healthy Count: 1 Decommission Count: 0 Maintenance Count: 3 inFlightAdd Count: 1 inFightDel Count: 0 ReplicationFactor: 3 minMaintenance Count: 2; Replicas{ContainerReplica{containerID=#6, state=CLOSED, datanodeDetails=2f53493c-3a9e-4904-8cf8-ac1f6fb0520e{ip: 10.1.0.13, host: fv-az105-298.wy5h1aom0jgehahef1oyr10hrc.bx.internal.cloudapp.net, ports: [REPLICATION=43097, RATIS=43085, RATIS_ADMIN=43085, RATIS_SERVER=43085, STANDALONE=37821], networkLocation: /default-rack, certSerialId: null, persistedOpState: ENTERING_MAINTENANCE, persistedOpStateExpiryEpochSec: 0}, placeOfBirth=2f53493c-3a9e-4904-8cf8-ac1f6fb0520e, sequenceId=33, keyCount=3, bytesUsed=57},ContainerReplica{containerID=#6, state=CLOSED, datanodeDetails=f22cc5c0-3e38-414a-900c-2421eb232dd6{ip: 10.1.0.13, host: fv-az105-298.wy5h1aom0jgehahef1oyr10hrc.bx.internal.cloudapp.net, ports: [REPLICATION=33553, RATIS=38335, RATIS_ADMIN=38335, RATIS_SERVER=38335, STANDALONE=33109], networkLocation: /default-rack, certSerialId: null, persistedOpState: ENTERING_MAINTENANCE, persistedOpStateExpiryEpochSec: 0}, placeOfBirth=f22cc5c0-3e38-414a-900c-2421eb232dd6, sequenceId=33, keyCount=3, bytesUsed=57},ContainerReplica{containerID=#6, state=CLOSED, datanodeDetails=2770806d-009d-48da-9d50-3d9453a3ad96{ip: 10.1.0.13, host: fv-az105-298.wy5h1aom0jgehahef1oyr10hrc.bx.internal.cloudapp.net, ports: [REPLICATION=42903, RATIS=41085, RATIS_ADMIN=41085, RATIS_SERVER=41085, STANDALONE=41997], networkLocation: /default-rack, certSerialId: null, persistedOpState: ENTERING_MAINTENANCE, persistedOpStateExpiryEpochSec: 0}, placeOfBirth=2770806d-009d-48da-9d50-3d9453a3ad96, sequenceId=33, keyCount=3, bytesUsed=57},ContainerReplica{containerID=#6, state=CLOSED, datanodeDetails=388c1d2c-da9f-4216-9168-b64bdab690f4{ip: 10.1.0.13, host: fv-az105-298.wy5h1aom0jgehahef1oyr10hrc.bx.internal.cloudapp.net, ports: [REPLICATION=34649, RATIS=37573, RATIS_ADMIN=37573, RATIS_SERVER=37573, STANDALONE=41231], networkLocation: /default-rack, certSerialId: null, persistedOpState: IN_SERVICE, persistedOpStateExpiryEpochSec: 0}, placeOfBirth=2f53493c-3a9e-4904-8cf8-ac1f6fb0520e, sequenceId=33, keyCount=3, bytesUsed=57}}
2022-11-23 12:07:58,135 [DatanodeAdminManager-0] INFO  node.DatanodeAdminMonitorImpl (DatanodeAdminMonitorImpl.java:checkContainersReplicatedOnNode(377)) - f22cc5c0-3e38-414a-900c-2421eb232dd6{ip: 10.1.0.13, host: fv-az105-298.wy5h1aom0jgehahef1oyr10hrc.bx.internal.cloudapp.net, ports: [REPLICATION=33553, RATIS=38335, RATIS_ADMIN=38335, RATIS_SERVER=38335, STANDALONE=33109], networkLocation: /default-rack, certSerialId: null, persistedOpState: ENTERING_MAINTENANCE, persistedOpStateExpiryEpochSec: 0} has 2 sufficientlyReplicated, 1 underReplicated and 0 unhealthy containers
2022-11-23 12:07:58,136 [Under Replicated Processor] INFO  replication.UnderReplicatedProcessor (UnderReplicatedProcessor.java:processAll(79)) - Processed 0 under replicated containers, failed processing 0
2022-11-23 12:07:58,136 [DatanodeAdminManager-0] INFO  node.DatanodeAdminMonitorImpl (DatanodeAdminMonitorImpl.java:checkContainersReplicatedOnNode(356)) - Under Replicated Container #6 Container State: CLOSED Replica Count: 4 Healthy Count: 1 Decommission Count: 0 Maintenance Count: 3 inFlightAdd Count: 1 inFightDel Count: 0 ReplicationFactor: 3 minMaintenance Count: 2; Replicas{ContainerReplica{containerID=#6, state=CLOSED, datanodeDetails=2f53493c-3a9e-4904-8cf8-ac1f6fb0520e{ip: 10.1.0.13, host: fv-az105-298.wy5h1aom0jgehahef1oyr10hrc.bx.internal.cloudapp.net, ports: [REPLICATION=43097, RATIS=43085, RATIS_ADMIN=43085, RATIS_SERVER=43085, STANDALONE=37821], networkLocation: /default-rack, certSerialId: null, persistedOpState: ENTERING_MAINTENANCE, persistedOpStateExpiryEpochSec: 0}, placeOfBirth=2f53493c-3a9e-4904-8cf8-ac1f6fb0520e, sequenceId=33, keyCount=3, bytesUsed=57},ContainerReplica{containerID=#6, state=CLOSED, datanodeDetails=f22cc5c0-3e38-414a-900c-2421eb232dd6{ip: 10.1.0.13, host: fv-az105-298.wy5h1aom0jgehahef1oyr10hrc.bx.internal.cloudapp.net, ports: [REPLICATION=33553, RATIS=38335, RATIS_ADMIN=38335, RATIS_SERVER=38335, STANDALONE=33109], networkLocation: /default-rack, certSerialId: null, persistedOpState: ENTERING_MAINTENANCE, persistedOpStateExpiryEpochSec: 0}, placeOfBirth=f22cc5c0-3e38-414a-900c-2421eb232dd6, sequenceId=33, keyCount=3, bytesUsed=57},ContainerReplica{containerID=#6, state=CLOSED, datanodeDetails=2770806d-009d-48da-9d50-3d9453a3ad96{ip: 10.1.0.13, host: fv-az105-298.wy5h1aom0jgehahef1oyr10hrc.bx.internal.cloudapp.net, ports: [REPLICATION=42903, RATIS=41085, RATIS_ADMIN=41085, RATIS_SERVER=41085, STANDALONE=41997], networkLocation: /default-rack, certSerialId: null, persistedOpState: ENTERING_MAINTENANCE, persistedOpStateExpiryEpochSec: 0}, placeOfBirth=2770806d-009d-48da-9d50-3d9453a3ad96, sequenceId=33, keyCount=3, bytesUsed=57},ContainerReplica{containerID=#6, state=CLOSED, datanodeDetails=388c1d2c-da9f-4216-9168-b64bdab690f4{ip: 10.1.0.13, host: fv-az105-298.wy5h1aom0jgehahef1oyr10hrc.bx.internal.cloudapp.net, ports: [REPLICATION=34649, RATIS=37573, RATIS_ADMIN=37573, RATIS_SERVER=37573, STANDALONE=41231], networkLocation: /default-rack, certSerialId: null, persistedOpState: IN_SERVICE, persistedOpStateExpiryEpochSec: 0}, placeOfBirth=2f53493c-3a9e-4904-8cf8-ac1f6fb0520e, sequenceId=33, keyCount=3, bytesUsed=57}}
2022-11-23 12:07:58,136 [DatanodeAdminManager-0] INFO  node.DatanodeAdminMonitorImpl (DatanodeAdminMonitorImpl.java:checkContainersReplicatedOnNode(377)) - 2770806d-009d-48da-9d50-3d9453a3ad96{ip: 10.1.0.13, host: fv-az105-298.wy5h1aom0jgehahef1oyr10hrc.bx.internal.cloudapp.net, ports: [REPLICATION=42903, RATIS=41085, RATIS_ADMIN=41085, RATIS_SERVER=41085, STANDALONE=41997], networkLocation: /default-rack, certSerialId: null, persistedOpState: ENTERING_MAINTENANCE, persistedOpStateExpiryEpochSec: 0} has 2 sufficientlyReplicated, 1 underReplicated and 0 unhealthy containers
2022-11-23 12:07:58,136 [DatanodeAdminManager-0] INFO  node.DatanodeAdminMonitorImpl (DatanodeAdminMonitorImpl.java:checkContainersReplicatedOnNode(356)) - Under Replicated Container #6 Container State: CLOSED Replica Count: 4 Healthy Count: 1 Decommission Count: 0 Maintenance Count: 3 inFlightAdd Count: 1 inFightDel Count: 0 ReplicationFactor: 3 minMaintenance Count: 2; Replicas{ContainerReplica{containerID=#6, state=CLOSED, datanodeDetails=2f53493c-3a9e-4904-8cf8-ac1f6fb0520e{ip: 10.1.0.13, host: fv-az105-298.wy5h1aom0jgehahef1oyr10hrc.bx.internal.cloudapp.net, ports: [REPLICATION=43097, RATIS=43085, RATIS_ADMIN=43085, RATIS_SERVER=43085, STANDALONE=37821], networkLocation: /default-rack, certSerialId: null, persistedOpState: ENTERING_MAINTENANCE, persistedOpStateExpiryEpochSec: 0}, placeOfBirth=2f53493c-3a9e-4904-8cf8-ac1f6fb0520e, sequenceId=33, keyCount=3, bytesUsed=57},ContainerReplica{containerID=#6, state=CLOSED, datanodeDetails=f22cc5c0-3e38-414a-900c-2421eb232dd6{ip: 10.1.0.13, host: fv-az105-298.wy5h1aom0jgehahef1oyr10hrc.bx.internal.cloudapp.net, ports: [REPLICATION=33553, RATIS=38335, RATIS_ADMIN=38335, RATIS_SERVER=38335, STANDALONE=33109], networkLocation: /default-rack, certSerialId: null, persistedOpState: ENTERING_MAINTENANCE, persistedOpStateExpiryEpochSec: 0}, placeOfBirth=f22cc5c0-3e38-414a-900c-2421eb232dd6, sequenceId=33, keyCount=3, bytesUsed=57},ContainerReplica{containerID=#6, state=CLOSED, datanodeDetails=2770806d-009d-48da-9d50-3d9453a3ad96{ip: 10.1.0.13, host: fv-az105-298.wy5h1aom0jgehahef1oyr10hrc.bx.internal.cloudapp.net, ports: [REPLICATION=42903, RATIS=41085, RATIS_ADMIN=41085, RATIS_SERVER=41085, STANDALONE=41997], networkLocation: /default-rack, certSerialId: null, persistedOpState: ENTERING_MAINTENANCE, persistedOpStateExpiryEpochSec: 0}, placeOfBirth=2770806d-009d-48da-9d50-3d9453a3ad96, sequenceId=33, keyCount=3, bytesUsed=57},ContainerReplica{containerID=#6, state=CLOSED, datanodeDetails=388c1d2c-da9f-4216-9168-b64bdab690f4{ip: 10.1.0.13, host: fv-az105-298.wy5h1aom0jgehahef1oyr10hrc.bx.internal.cloudapp.net, ports: [REPLICATION=34649, RATIS=37573, RATIS_ADMIN=37573, RATIS_SERVER=37573, STANDALONE=41231], networkLocation: /default-rack, certSerialId: null, persistedOpState: IN_SERVICE, persistedOpStateExpiryEpochSec: 0}, placeOfBirth=2f53493c-3a9e-4904-8cf8-ac1f6fb0520e, sequenceId=33, keyCount=3, bytesUsed=57}}
2022-11-23 12:07:58,136 [DatanodeAdminManager-0] INFO  node.DatanodeAdminMonitorImpl (DatanodeAdminMonitorImpl.java:checkContainersReplicatedOnNode(377)) - 2f53493c-3a9e-4904-8cf8-ac1f6fb0520e{ip: 10.1.0.13, host: fv-az105-298.wy5h1aom0jgehahef1oyr10hrc.bx.internal.cloudapp.net, ports: [REPLICATION=43097, RATIS=43085, RATIS_ADMIN=43085, RATIS_SERVER=43085, STANDALONE=37821], networkLocation: /default-rack, certSerialId: null, persistedOpState: ENTERING_MAINTENANCE, persistedOpStateExpiryEpochSec: 0} has 2 sufficientlyReplicated, 1 underReplicated and 0 unhealthy containers
2022-11-23 12:07:58,136 [DatanodeAdminManager-0] INFO  node.DatanodeAdminMonitorImpl (DatanodeAdminMonitorImpl.java:run(169)) - There are 3 nodes tracked for decommission and maintenance.  0 pending nodes.
2022-11-23 12:07:58,140 [Over Replicated Processor] INFO  replication.OverReplicatedProcessor (OverReplicatedProcessor.java:processAll(79)) - Processed 0 over replicated containers, failed processing 0
2022-11-23 12:07:58,179 [ReplicationMonitor] INFO  replication.ReplicationManager (ReplicationManager.java:processAll(355)) - Replication Monitor Thread took 0 milliseconds for processing 6 containers.
2022-11-23 12:07:58,667 [Under Replicated Processor] INFO  replication.UnderReplicatedProcessor (UnderReplicatedProcessor.java:processAll(79)) - Processed 0 under replicated containers, failed processing 0
2022-11-23 12:07:58,668 [Over Replicated Processor] INFO  replication.OverReplicatedProcessor (OverReplicatedProcessor.java:processAll(79)) - Processed 0 over replicated containers, failed processing 0
2022-11-23 12:07:58,668 [ReplicationMonitor] INFO  replication.ReplicationManager (ReplicationManager.java:processAll(355)) - Replication Monitor Thread took 0 milliseconds for processing 0 containers.
2022-11-23 12:07:59,135 [DatanodeAdminManager-0] INFO  node.DatanodeAdminMonitorImpl (DatanodeAdminMonitorImpl.java:checkContainersReplicatedOnNode(356)) - Under Replicated Container #6 Container State: CLOSED Replica Count: 4 Healthy Count: 1 Decommission Count: 0 Maintenance Count: 3 inFlightAdd Count: 1 inFightDel Count: 0 ReplicationFactor: 3 minMaintenance Count: 2; Replicas{ContainerReplica{containerID=#6, state=CLOSED, datanodeDetails=2f53493c-3a9e-4904-8cf8-ac1f6fb0520e{ip: 10.1.0.13, host: fv-az105-298.wy5h1aom0jgehahef1oyr10hrc.bx.internal.cloudapp.net, ports: [REPLICATION=43097, RATIS=43085, RATIS_ADMIN=43085, RATIS_SERVER=43085, STANDALONE=37821], networkLocation: /default-rack, certSerialId: null, persistedOpState: ENTERING_MAINTENANCE, persistedOpStateExpiryEpochSec: 0}, placeOfBirth=2f53493c-3a9e-4904-8cf8-ac1f6fb0520e, sequenceId=33, keyCount=3, bytesUsed=57},ContainerReplica{containerID=#6, state=CLOSED, datanodeDetails=f22cc5c0-3e38-414a-900c-2421eb232dd6{ip: 10.1.0.13, host: fv-az105-298.wy5h1aom0jgehahef1oyr10hrc.bx.internal.cloudapp.net, ports: [REPLICATION=33553, RATIS=38335, RATIS_ADMIN=38335, RATIS_SERVER=38335, STANDALONE=33109], networkLocation: /default-rack, certSerialId: null, persistedOpState: ENTERING_MAINTENANCE, persistedOpStateExpiryEpochSec: 0}, placeOfBirth=f22cc5c0-3e38-414a-900c-2421eb232dd6, sequenceId=33, keyCount=3, bytesUsed=57},ContainerReplica{containerID=#6, state=CLOSED, datanodeDetails=2770806d-009d-48da-9d50-3d9453a3ad96{ip: 10.1.0.13, host: fv-az105-298.wy5h1aom0jgehahef1oyr10hrc.bx.internal.cloudapp.net, ports: [REPLICATION=42903, RATIS=41085, RATIS_ADMIN=41085, RATIS_SERVER=41085, STANDALONE=41997], networkLocation: /default-rack, certSerialId: null, persistedOpState: ENTERING_MAINTENANCE, persistedOpStateExpiryEpochSec: 0}, placeOfBirth=2770806d-009d-48da-9d50-3d9453a3ad96, sequenceId=33, keyCount=3, bytesUsed=57},ContainerReplica{containerID=#6, state=CLOSED, datanodeDetails=388c1d2c-da9f-4216-9168-b64bdab690f4{ip: 10.1.0.13, host: fv-az105-298.wy5h1aom0jgehahef1oyr10hrc.bx.internal.cloudapp.net, ports: [REPLICATION=34649, RATIS=37573, RATIS_ADMIN=37573, RATIS_SERVER=37573, STANDALONE=41231], networkLocation: /default-rack, certSerialId: null, persistedOpState: IN_SERVICE, persistedOpStateExpiryEpochSec: 0}, placeOfBirth=2f53493c-3a9e-4904-8cf8-ac1f6fb0520e, sequenceId=33, keyCount=3, bytesUsed=57}}
2022-11-23 12:07:59,135 [DatanodeAdminManager-0] INFO  node.DatanodeAdminMonitorImpl (DatanodeAdminMonitorImpl.java:checkContainersReplicatedOnNode(377)) - f22cc5c0-3e38-414a-900c-2421eb232dd6{ip: 10.1.0.13, host: fv-az105-298.wy5h1aom0jgehahef1oyr10hrc.bx.internal.cloudapp.net, ports: [REPLICATION=33553, RATIS=38335, RATIS_ADMIN=38335, RATIS_SERVER=38335, STANDALONE=33109], networkLocation: /default-rack, certSerialId: null, persistedOpState: ENTERING_MAINTENANCE, persistedOpStateExpiryEpochSec: 0} has 2 sufficientlyReplicated, 1 underReplicated and 0 unhealthy containers
2022-11-23 12:07:59,135 [DatanodeAdminManager-0] INFO  node.DatanodeAdminMonitorImpl (DatanodeAdminMonitorImpl.java:checkContainersReplicatedOnNode(356)) - Under Replicated Container #6 Container State: CLOSED Replica Count: 4 Healthy Count: 1 Decommission Count: 0 Maintenance Count: 3 inFlightAdd Count: 1 inFightDel Count: 0 ReplicationFactor: 3 minMaintenance Count: 2; Replicas{ContainerReplica{containerID=#6, state=CLOSED, datanodeDetails=2f53493c-3a9e-4904-8cf8-ac1f6fb0520e{ip: 10.1.0.13, host: fv-az105-298.wy5h1aom0jgehahef1oyr10hrc.bx.internal.cloudapp.net, ports: [REPLICATION=43097, RATIS=43085, RATIS_ADMIN=43085, RATIS_SERVER=43085, STANDALONE=37821], networkLocation: /default-rack, certSerialId: null, persistedOpState: ENTERING_MAINTENANCE, persistedOpStateExpiryEpochSec: 0}, placeOfBirth=2f53493c-3a9e-4904-8cf8-ac1f6fb0520e, sequenceId=33, keyCount=3, bytesUsed=57},ContainerReplica{containerID=#6, state=CLOSED, datanodeDetails=f22cc5c0-3e38-414a-900c-2421eb232dd6{ip: 10.1.0.13, host: fv-az105-298.wy5h1aom0jgehahef1oyr10hrc.bx.internal.cloudapp.net, ports: [REPLICATION=33553, RATIS=38335, RATIS_ADMIN=38335, RATIS_SERVER=38335, STANDALONE=33109], networkLocation: /default-rack, certSerialId: null, persistedOpState: ENTERING_MAINTENANCE, persistedOpStateExpiryEpochSec: 0}, placeOfBirth=f22cc5c0-3e38-414a-900c-2421eb232dd6, sequenceId=33, keyCount=3, bytesUsed=57},ContainerReplica{containerID=#6, state=CLOSED, datanodeDetails=2770806d-009d-48da-9d50-3d9453a3ad96{ip: 10.1.0.13, host: fv-az105-298.wy5h1aom0jgehahef1oyr10hrc.bx.internal.cloudapp.net, ports: [REPLICATION=42903, RATIS=41085, RATIS_ADMIN=41085, RATIS_SERVER=41085, STANDALONE=41997], networkLocation: /default-rack, certSerialId: null, persistedOpState: ENTERING_MAINTENANCE, persistedOpStateExpiryEpochSec: 0}, placeOfBirth=2770806d-009d-48da-9d50-3d9453a3ad96, sequenceId=33, keyCount=3, bytesUsed=57},ContainerReplica{containerID=#6, state=CLOSED, datanodeDetails=388c1d2c-da9f-4216-9168-b64bdab690f4{ip: 10.1.0.13, host: fv-az105-298.wy5h1aom0jgehahef1oyr10hrc.bx.internal.cloudapp.net, ports: [REPLICATION=34649, RATIS=37573, RATIS_ADMIN=37573, RATIS_SERVER=37573, STANDALONE=41231], networkLocation: /default-rack, certSerialId: null, persistedOpState: IN_SERVICE, persistedOpStateExpiryEpochSec: 0}, placeOfBirth=2f53493c-3a9e-4904-8cf8-ac1f6fb0520e, sequenceId=33, keyCount=3, bytesUsed=57}}
2022-11-23 12:07:59,136 [DatanodeAdminManager-0] INFO  node.DatanodeAdminMonitorImpl (DatanodeAdminMonitorImpl.java:checkContainersReplicatedOnNode(377)) - 2770806d-009d-48da-9d50-3d9453a3ad96{ip: 10.1.0.13, host: fv-az105-298.wy5h1aom0jgehahef1oyr10hrc.bx.internal.cloudapp.net, ports: [REPLICATION=42903, RATIS=41085, RATIS_ADMIN=41085, RATIS_SERVER=41085, STANDALONE=41997], networkLocation: /default-rack, certSerialId: null, persistedOpState: ENTERING_MAINTENANCE, persistedOpStateExpiryEpochSec: 0} has 2 sufficientlyReplicated, 1 underReplicated and 0 unhealthy containers
2022-11-23 12:07:59,136 [DatanodeAdminManager-0] INFO  node.DatanodeAdminMonitorImpl (DatanodeAdminMonitorImpl.java:checkContainersReplicatedOnNode(356)) - Under Replicated Container #6 Container State: CLOSED Replica Count: 4 Healthy Count: 1 Decommission Count: 0 Maintenance Count: 3 inFlightAdd Count: 1 inFightDel Count: 0 ReplicationFactor: 3 minMaintenance Count: 2; Replicas{ContainerReplica{containerID=#6, state=CLOSED, datanodeDetails=2f53493c-3a9e-4904-8cf8-ac1f6fb0520e{ip: 10.1.0.13, host: fv-az105-298.wy5h1aom0jgehahef1oyr10hrc.bx.internal.cloudapp.net, ports: [REPLICATION=43097, RATIS=43085, RATIS_ADMIN=43085, RATIS_SERVER=43085, STANDALONE=37821], networkLocation: /default-rack, certSerialId: null, persistedOpState: ENTERING_MAINTENANCE, persistedOpStateExpiryEpochSec: 0}, placeOfBirth=2f53493c-3a9e-4904-8cf8-ac1f6fb0520e, sequenceId=33, keyCount=3, bytesUsed=57},ContainerReplica{containerID=#6, state=CLOSED, datanodeDetails=f22cc5c0-3e38-414a-900c-2421eb232dd6{ip: 10.1.0.13, host: fv-az105-298.wy5h1aom0jgehahef1oyr10hrc.bx.internal.cloudapp.net, ports: [REPLICATION=33553, RATIS=38335, RATIS_ADMIN=38335, RATIS_SERVER=38335, STANDALONE=33109], networkLocation: /default-rack, certSerialId: null, persistedOpState: ENTERING_MAINTENANCE, persistedOpStateExpiryEpochSec: 0}, placeOfBirth=f22cc5c0-3e38-414a-900c-2421eb232dd6, sequenceId=33, keyCount=3, bytesUsed=57},ContainerReplica{containerID=#6, state=CLOSED, datanodeDetails=2770806d-009d-48da-9d50-3d9453a3ad96{ip: 10.1.0.13, host: fv-az105-298.wy5h1aom0jgehahef1oyr10hrc.bx.internal.cloudapp.net, ports: [REPLICATION=42903, RATIS=41085, RATIS_ADMIN=41085, RATIS_SERVER=41085, STANDALONE=41997], networkLocation: /default-rack, certSerialId: null, persistedOpState: ENTERING_MAINTENANCE, persistedOpStateExpiryEpochSec: 0}, placeOfBirth=2770806d-009d-48da-9d50-3d9453a3ad96, sequenceId=33, keyCount=3, bytesUsed=57},ContainerReplica{containerID=#6, state=CLOSED, datanodeDetails=388c1d2c-da9f-4216-9168-b64bdab690f4{ip: 10.1.0.13, host: fv-az105-298.wy5h1aom0jgehahef1oyr10hrc.bx.internal.cloudapp.net, ports: [REPLICATION=34649, RATIS=37573, RATIS_ADMIN=37573, RATIS_SERVER=37573, STANDALONE=41231], networkLocation: /default-rack, certSerialId: null, persistedOpState: IN_SERVICE, persistedOpStateExpiryEpochSec: 0}, placeOfBirth=2f53493c-3a9e-4904-8cf8-ac1f6fb0520e, sequenceId=33, keyCount=3, bytesUsed=57}}
2022-11-23 12:07:59,136 [DatanodeAdminManager-0] INFO  node.DatanodeAdminMonitorImpl (DatanodeAdminMonitorImpl.java:checkContainersReplicatedOnNode(377)) - 2f53493c-3a9e-4904-8cf8-ac1f6fb0520e{ip: 10.1.0.13, host: fv-az105-298.wy5h1aom0jgehahef1oyr10hrc.bx.internal.cloudapp.net, ports: [REPLICATION=43097, RATIS=43085, RATIS_ADMIN=43085, RATIS_SERVER=43085, STANDALONE=37821], networkLocation: /default-rack, certSerialId: null, persistedOpState: ENTERING_MAINTENANCE, persistedOpStateExpiryEpochSec: 0} has 2 sufficientlyReplicated, 1 underReplicated and 0 unhealthy containers
2022-11-23 12:07:59,136 [DatanodeAdminManager-0] INFO  node.DatanodeAdminMonitorImpl (DatanodeAdminMonitorImpl.java:run(169)) - There are 3 nodes tracked for decommission and maintenance.  0 pending nodes.
2022-11-23 12:07:59,136 [Under Replicated Processor] INFO  replication.UnderReplicatedProcessor (UnderReplicatedProcessor.java:processAll(79)) - Processed 0 under replicated containers, failed processing 0
2022-11-23 12:07:59,140 [Over Replicated Processor] INFO  replication.OverReplicatedProcessor (OverReplicatedProcessor.java:processAll(79)) - Processed 0 over replicated containers, failed processing 0
2022-11-23 12:07:59,179 [ReplicationMonitor] INFO  replication.ReplicationManager (ReplicationManager.java:processAll(355)) - Replication Monitor Thread took 1 milliseconds for processing 6 containers.
2022-11-23 12:07:59,668 [Under Replicated Processor] INFO  replication.UnderReplicatedProcessor (UnderReplicatedProcessor.java:processAll(79)) - Processed 0 under replicated containers, failed processing 0
2022-11-23 12:07:59,668 [Over Replicated Processor] INFO  replication.OverReplicatedProcessor (OverReplicatedProcessor.java:processAll(79)) - Processed 0 over replicated containers, failed processing 0
2022-11-23 12:07:59,668 [ReplicationMonitor] INFO  replication.ReplicationManager (ReplicationManager.java:processAll(355)) - Replication Monitor Thread took 0 milliseconds for processing 0 containers.
2022-11-23 12:08:00,135 [DatanodeAdminManager-0] INFO  node.DatanodeAdminMonitorImpl (DatanodeAdminMonitorImpl.java:checkContainersReplicatedOnNode(356)) - Under Replicated Container #6 Container State: CLOSED Replica Count: 4 Healthy Count: 1 Decommission Count: 0 Maintenance Count: 3 inFlightAdd Count: 1 inFightDel Count: 0 ReplicationFactor: 3 minMaintenance Count: 2; Replicas{ContainerReplica{containerID=#6, state=CLOSED, datanodeDetails=2f53493c-3a9e-4904-8cf8-ac1f6fb0520e{ip: 10.1.0.13, host: fv-az105-298.wy5h1aom0jgehahef1oyr10hrc.bx.internal.cloudapp.net, ports: [REPLICATION=43097, RATIS=43085, RATIS_ADMIN=43085, RATIS_SERVER=43085, STANDALONE=37821], networkLocation: /default-rack, certSerialId: null, persistedOpState: ENTERING_MAINTENANCE, persistedOpStateExpiryEpochSec: 0}, placeOfBirth=2f53493c-3a9e-4904-8cf8-ac1f6fb0520e, sequenceId=33, keyCount=3, bytesUsed=57},ContainerReplica{containerID=#6, state=CLOSED, datanodeDetails=f22cc5c0-3e38-414a-900c-2421eb232dd6{ip: 10.1.0.13, host: fv-az105-298.wy5h1aom0jgehahef1oyr10hrc.bx.internal.cloudapp.net, ports: [REPLICATION=33553, RATIS=38335, RATIS_ADMIN=38335, RATIS_SERVER=38335, STANDALONE=33109], networkLocation: /default-rack, certSerialId: null, persistedOpState: ENTERING_MAINTENANCE, persistedOpStateExpiryEpochSec: 0}, placeOfBirth=f22cc5c0-3e38-414a-900c-2421eb232dd6, sequenceId=33, keyCount=3, bytesUsed=57},ContainerReplica{containerID=#6, state=CLOSED, datanodeDetails=2770806d-009d-48da-9d50-3d9453a3ad96{ip: 10.1.0.13, host: fv-az105-298.wy5h1aom0jgehahef1oyr10hrc.bx.internal.cloudapp.net, ports: [REPLICATION=42903, RATIS=41085, RATIS_ADMIN=41085, RATIS_SERVER=41085, STANDALONE=41997], networkLocation: /default-rack, certSerialId: null, persistedOpState: ENTERING_MAINTENANCE, persistedOpStateExpiryEpochSec: 0}, placeOfBirth=2770806d-009d-48da-9d50-3d9453a3ad96, sequenceId=33, keyCount=3, bytesUsed=57},ContainerReplica{containerID=#6, state=CLOSED, datanodeDetails=388c1d2c-da9f-4216-9168-b64bdab690f4{ip: 10.1.0.13, host: fv-az105-298.wy5h1aom0jgehahef1oyr10hrc.bx.internal.cloudapp.net, ports: [REPLICATION=34649, RATIS=37573, RATIS_ADMIN=37573, RATIS_SERVER=37573, STANDALONE=41231], networkLocation: /default-rack, certSerialId: null, persistedOpState: IN_SERVICE, persistedOpStateExpiryEpochSec: 0}, placeOfBirth=2f53493c-3a9e-4904-8cf8-ac1f6fb0520e, sequenceId=33, keyCount=3, bytesUsed=57}}
2022-11-23 12:08:00,135 [DatanodeAdminManager-0] INFO  node.DatanodeAdminMonitorImpl (DatanodeAdminMonitorImpl.java:checkContainersReplicatedOnNode(377)) - f22cc5c0-3e38-414a-900c-2421eb232dd6{ip: 10.1.0.13, host: fv-az105-298.wy5h1aom0jgehahef1oyr10hrc.bx.internal.cloudapp.net, ports: [REPLICATION=33553, RATIS=38335, RATIS_ADMIN=38335, RATIS_SERVER=38335, STANDALONE=33109], networkLocation: /default-rack, certSerialId: null, persistedOpState: ENTERING_MAINTENANCE, persistedOpStateExpiryEpochSec: 0} has 2 sufficientlyReplicated, 1 underReplicated and 0 unhealthy containers
2022-11-23 12:08:00,135 [DatanodeAdminManager-0] INFO  node.DatanodeAdminMonitorImpl (DatanodeAdminMonitorImpl.java:checkContainersReplicatedOnNode(356)) - Under Replicated Container #6 Container State: CLOSED Replica Count: 4 Healthy Count: 1 Decommission Count: 0 Maintenance Count: 3 inFlightAdd Count: 1 inFightDel Count: 0 ReplicationFactor: 3 minMaintenance Count: 2; Replicas{ContainerReplica{containerID=#6, state=CLOSED, datanodeDetails=2f53493c-3a9e-4904-8cf8-ac1f6fb0520e{ip: 10.1.0.13, host: fv-az105-298.wy5h1aom0jgehahef1oyr10hrc.bx.internal.cloudapp.net, ports: [REPLICATION=43097, RATIS=43085, RATIS_ADMIN=43085, RATIS_SERVER=43085, STANDALONE=37821], networkLocation: /default-rack, certSerialId: null, persistedOpState: ENTERING_MAINTENANCE, persistedOpStateExpiryEpochSec: 0}, placeOfBirth=2f53493c-3a9e-4904-8cf8-ac1f6fb0520e, sequenceId=33, keyCount=3, bytesUsed=57},ContainerReplica{containerID=#6, state=CLOSED, datanodeDetails=f22cc5c0-3e38-414a-900c-2421eb232dd6{ip: 10.1.0.13, host: fv-az105-298.wy5h1aom0jgehahef1oyr10hrc.bx.internal.cloudapp.net, ports: [REPLICATION=33553, RATIS=38335, RATIS_ADMIN=38335, RATIS_SERVER=38335, STANDALONE=33109], networkLocation: /default-rack, certSerialId: null, persistedOpState: ENTERING_MAINTENANCE, persistedOpStateExpiryEpochSec: 0}, placeOfBirth=f22cc5c0-3e38-414a-900c-2421eb232dd6, sequenceId=33, keyCount=3, bytesUsed=57},ContainerReplica{containerID=#6, state=CLOSED, datanodeDetails=2770806d-009d-48da-9d50-3d9453a3ad96{ip: 10.1.0.13, host: fv-az105-298.wy5h1aom0jgehahef1oyr10hrc.bx.internal.cloudapp.net, ports: [REPLICATION=42903, RATIS=41085, RATIS_ADMIN=41085, RATIS_SERVER=41085, STANDALONE=41997], networkLocation: /default-rack, certSerialId: null, persistedOpState: ENTERING_MAINTENANCE, persistedOpStateExpiryEpochSec: 0}, placeOfBirth=2770806d-009d-48da-9d50-3d9453a3ad96, sequenceId=33, keyCount=3, bytesUsed=57},ContainerReplica{containerID=#6, state=CLOSED, datanodeDetails=388c1d2c-da9f-4216-9168-b64bdab690f4{ip: 10.1.0.13, host: fv-az105-298.wy5h1aom0jgehahef1oyr10hrc.bx.internal.cloudapp.net, ports: [REPLICATION=34649, RATIS=37573, RATIS_ADMIN=37573, RATIS_SERVER=37573, STANDALONE=41231], networkLocation: /default-rack, certSerialId: null, persistedOpState: IN_SERVICE, persistedOpStateExpiryEpochSec: 0}, placeOfBirth=2f53493c-3a9e-4904-8cf8-ac1f6fb0520e, sequenceId=33, keyCount=3, bytesUsed=57}}
2022-11-23 12:08:00,136 [DatanodeAdminManager-0] INFO  node.DatanodeAdminMonitorImpl (DatanodeAdminMonitorImpl.java:checkContainersReplicatedOnNode(377)) - 2770806d-009d-48da-9d50-3d9453a3ad96{ip: 10.1.0.13, host: fv-az105-298.wy5h1aom0jgehahef1oyr10hrc.bx.internal.cloudapp.net, ports: [REPLICATION=42903, RATIS=41085, RATIS_ADMIN=41085, RATIS_SERVER=41085, STANDALONE=41997], networkLocation: /default-rack, certSerialId: null, persistedOpState: ENTERING_MAINTENANCE, persistedOpStateExpiryEpochSec: 0} has 2 sufficientlyReplicated, 1 underReplicated and 0 unhealthy containers
2022-11-23 12:08:00,136 [DatanodeAdminManager-0] INFO  node.DatanodeAdminMonitorImpl (DatanodeAdminMonitorImpl.java:checkContainersReplicatedOnNode(356)) - Under Replicated Container #6 Container State: CLOSED Replica Count: 4 Healthy Count: 1 Decommission Count: 0 Maintenance Count: 3 inFlightAdd Count: 1 inFightDel Count: 0 ReplicationFactor: 3 minMaintenance Count: 2; Replicas{ContainerReplica{containerID=#6, state=CLOSED, datanodeDetails=2f53493c-3a9e-4904-8cf8-ac1f6fb0520e{ip: 10.1.0.13, host: fv-az105-298.wy5h1aom0jgehahef1oyr10hrc.bx.internal.cloudapp.net, ports: [REPLICATION=43097, RATIS=43085, RATIS_ADMIN=43085, RATIS_SERVER=43085, STANDALONE=37821], networkLocation: /default-rack, certSerialId: null, persistedOpState: ENTERING_MAINTENANCE, persistedOpStateExpiryEpochSec: 0}, placeOfBirth=2f53493c-3a9e-4904-8cf8-ac1f6fb0520e, sequenceId=33, keyCount=3, bytesUsed=57},ContainerReplica{containerID=#6, state=CLOSED, datanodeDetails=f22cc5c0-3e38-414a-900c-2421eb232dd6{ip: 10.1.0.13, host: fv-az105-298.wy5h1aom0jgehahef1oyr10hrc.bx.internal.cloudapp.net, ports: [REPLICATION=33553, RATIS=38335, RATIS_ADMIN=38335, RATIS_SERVER=38335, STANDALONE=33109], networkLocation: /default-rack, certSerialId: null, persistedOpState: ENTERING_MAINTENANCE, persistedOpStateExpiryEpochSec: 0}, placeOfBirth=f22cc5c0-3e38-414a-900c-2421eb232dd6, sequenceId=33, keyCount=3, bytesUsed=57},ContainerReplica{containerID=#6, state=CLOSED, datanodeDetails=2770806d-009d-48da-9d50-3d9453a3ad96{ip: 10.1.0.13, host: fv-az105-298.wy5h1aom0jgehahef1oyr10hrc.bx.internal.cloudapp.net, ports: [REPLICATION=42903, RATIS=41085, RATIS_ADMIN=41085, RATIS_SERVER=41085, STANDALONE=41997], networkLocation: /default-rack, certSerialId: null, persistedOpState: ENTERING_MAINTENANCE, persistedOpStateExpiryEpochSec: 0}, placeOfBirth=2770806d-009d-48da-9d50-3d9453a3ad96, sequenceId=33, keyCount=3, bytesUsed=57},ContainerReplica{containerID=#6, state=CLOSED, datanodeDetails=388c1d2c-da9f-4216-9168-b64bdab690f4{ip: 10.1.0.13, host: fv-az105-298.wy5h1aom0jgehahef1oyr10hrc.bx.internal.cloudapp.net, ports: [REPLICATION=34649, RATIS=37573, RATIS_ADMIN=37573, RATIS_SERVER=37573, STANDALONE=41231], networkLocation: /default-rack, certSerialId: null, persistedOpState: IN_SERVICE, persistedOpStateExpiryEpochSec: 0}, placeOfBirth=2f53493c-3a9e-4904-8cf8-ac1f6fb0520e, sequenceId=33, keyCount=3, bytesUsed=57}}
2022-11-23 12:08:00,136 [DatanodeAdminManager-0] INFO  node.DatanodeAdminMonitorImpl (DatanodeAdminMonitorImpl.java:checkContainersReplicatedOnNode(377)) - 2f53493c-3a9e-4904-8cf8-ac1f6fb0520e{ip: 10.1.0.13, host: fv-az105-298.wy5h1aom0jgehahef1oyr10hrc.bx.internal.cloudapp.net, ports: [REPLICATION=43097, RATIS=43085, RATIS_ADMIN=43085, RATIS_SERVER=43085, STANDALONE=37821], networkLocation: /default-rack, certSerialId: null, persistedOpState: ENTERING_MAINTENANCE, persistedOpStateExpiryEpochSec: 0} has 2 sufficientlyReplicated, 1 underReplicated and 0 unhealthy containers
2022-11-23 12:08:00,136 [DatanodeAdminManager-0] INFO  node.DatanodeAdminMonitorImpl (DatanodeAdminMonitorImpl.java:run(169)) - There are 3 nodes tracked for decommission and maintenance.  0 pending nodes.
2022-11-23 12:08:00,136 [Under Replicated Processor] INFO  replication.UnderReplicatedProcessor (UnderReplicatedProcessor.java:processAll(79)) - Processed 0 under replicated containers, failed processing 0
2022-11-23 12:08:00,140 [Over Replicated Processor] INFO  replication.OverReplicatedProcessor (OverReplicatedProcessor.java:processAll(79)) - Processed 0 over replicated containers, failed processing 0
2022-11-23 12:08:00,180 [ReplicationMonitor] INFO  replication.ReplicationManager (ReplicationManager.java:processAll(355)) - Replication Monitor Thread took 0 milliseconds for processing 6 containers.
2022-11-23 12:08:00,668 [Under Replicated Processor] INFO  replication.UnderReplicatedProcessor (UnderReplicatedProcessor.java:processAll(79)) - Processed 0 under replicated containers, failed processing 0
2022-11-23 12:08:00,668 [Over Replicated Processor] INFO  replication.OverReplicatedProcessor (OverReplicatedProcessor.java:processAll(79)) - Processed 0 over replicated containers, failed processing 0
2022-11-23 12:08:00,668 [ReplicationMonitor] INFO  replication.ReplicationManager (ReplicationManager.java:processAll(355)) - Replication Monitor Thread took 0 milliseconds for processing 0 containers.
2022-11-23 12:08:01,135 [DatanodeAdminManager-0] INFO  node.DatanodeAdminMonitorImpl (DatanodeAdminMonitorImpl.java:checkContainersReplicatedOnNode(356)) - Under Replicated Container #6 Container State: CLOSED Replica Count: 4 Healthy Count: 1 Decommission Count: 0 Maintenance Count: 3 inFlightAdd Count: 1 inFightDel Count: 0 ReplicationFactor: 3 minMaintenance Count: 2; Replicas{ContainerReplica{containerID=#6, state=CLOSED, datanodeDetails=2f53493c-3a9e-4904-8cf8-ac1f6fb0520e{ip: 10.1.0.13, host: fv-az105-298.wy5h1aom0jgehahef1oyr10hrc.bx.internal.cloudapp.net, ports: [REPLICATION=43097, RATIS=43085, RATIS_ADMIN=43085, RATIS_SERVER=43085, STANDALONE=37821], networkLocation: /default-rack, certSerialId: null, persistedOpState: ENTERING_MAINTENANCE, persistedOpStateExpiryEpochSec: 0}, placeOfBirth=2f53493c-3a9e-4904-8cf8-ac1f6fb0520e, sequenceId=33, keyCount=3, bytesUsed=57},ContainerReplica{containerID=#6, state=CLOSED, datanodeDetails=f22cc5c0-3e38-414a-900c-2421eb232dd6{ip: 10.1.0.13, host: fv-az105-298.wy5h1aom0jgehahef1oyr10hrc.bx.internal.cloudapp.net, ports: [REPLICATION=33553, RATIS=38335, RATIS_ADMIN=38335, RATIS_SERVER=38335, STANDALONE=33109], networkLocation: /default-rack, certSerialId: null, persistedOpState: ENTERING_MAINTENANCE, persistedOpStateExpiryEpochSec: 0}, placeOfBirth=f22cc5c0-3e38-414a-900c-2421eb232dd6, sequenceId=33, keyCount=3, bytesUsed=57},ContainerReplica{containerID=#6, state=CLOSED, datanodeDetails=2770806d-009d-48da-9d50-3d9453a3ad96{ip: 10.1.0.13, host: fv-az105-298.wy5h1aom0jgehahef1oyr10hrc.bx.internal.cloudapp.net, ports: [REPLICATION=42903, RATIS=41085, RATIS_ADMIN=41085, RATIS_SERVER=41085, STANDALONE=41997], networkLocation: /default-rack, certSerialId: null, persistedOpState: ENTERING_MAINTENANCE, persistedOpStateExpiryEpochSec: 0}, placeOfBirth=2770806d-009d-48da-9d50-3d9453a3ad96, sequenceId=33, keyCount=3, bytesUsed=57},ContainerReplica{containerID=#6, state=CLOSED, datanodeDetails=388c1d2c-da9f-4216-9168-b64bdab690f4{ip: 10.1.0.13, host: fv-az105-298.wy5h1aom0jgehahef1oyr10hrc.bx.internal.cloudapp.net, ports: [REPLICATION=34649, RATIS=37573, RATIS_ADMIN=37573, RATIS_SERVER=37573, STANDALONE=41231], networkLocation: /default-rack, certSerialId: null, persistedOpState: IN_SERVICE, persistedOpStateExpiryEpochSec: 0}, placeOfBirth=2f53493c-3a9e-4904-8cf8-ac1f6fb0520e, sequenceId=33, keyCount=3, bytesUsed=57}}
2022-11-23 12:08:01,135 [DatanodeAdminManager-0] INFO  node.DatanodeAdminMonitorImpl (DatanodeAdminMonitorImpl.java:checkContainersReplicatedOnNode(377)) - f22cc5c0-3e38-414a-900c-2421eb232dd6{ip: 10.1.0.13, host: fv-az105-298.wy5h1aom0jgehahef1oyr10hrc.bx.internal.cloudapp.net, ports: [REPLICATION=33553, RATIS=38335, RATIS_ADMIN=38335, RATIS_SERVER=38335, STANDALONE=33109], networkLocation: /default-rack, certSerialId: null, persistedOpState: ENTERING_MAINTENANCE, persistedOpStateExpiryEpochSec: 0} has 2 sufficientlyReplicated, 1 underReplicated and 0 unhealthy containers
2022-11-23 12:08:01,136 [DatanodeAdminManager-0] INFO  node.DatanodeAdminMonitorImpl (DatanodeAdminMonitorImpl.java:checkContainersReplicatedOnNode(356)) - Under Replicated Container #6 Container State: CLOSED Replica Count: 4 Healthy Count: 1 Decommission Count: 0 Maintenance Count: 3 inFlightAdd Count: 1 inFightDel Count: 0 ReplicationFactor: 3 minMaintenance Count: 2; Replicas{ContainerReplica{containerID=#6, state=CLOSED, datanodeDetails=2f53493c-3a9e-4904-8cf8-ac1f6fb0520e{ip: 10.1.0.13, host: fv-az105-298.wy5h1aom0jgehahef1oyr10hrc.bx.internal.cloudapp.net, ports: [REPLICATION=43097, RATIS=43085, RATIS_ADMIN=43085, RATIS_SERVER=43085, STANDALONE=37821], networkLocation: /default-rack, certSerialId: null, persistedOpState: ENTERING_MAINTENANCE, persistedOpStateExpiryEpochSec: 0}, placeOfBirth=2f53493c-3a9e-4904-8cf8-ac1f6fb0520e, sequenceId=33, keyCount=3, bytesUsed=57},ContainerReplica{containerID=#6, state=CLOSED, datanodeDetails=f22cc5c0-3e38-414a-900c-2421eb232dd6{ip: 10.1.0.13, host: fv-az105-298.wy5h1aom0jgehahef1oyr10hrc.bx.internal.cloudapp.net, ports: [REPLICATION=33553, RATIS=38335, RATIS_ADMIN=38335, RATIS_SERVER=38335, STANDALONE=33109], networkLocation: /default-rack, certSerialId: null, persistedOpState: ENTERING_MAINTENANCE, persistedOpStateExpiryEpochSec: 0}, placeOfBirth=f22cc5c0-3e38-414a-900c-2421eb232dd6, sequenceId=33, keyCount=3, bytesUsed=57},ContainerReplica{containerID=#6, state=CLOSED, datanodeDetails=2770806d-009d-48da-9d50-3d9453a3ad96{ip: 10.1.0.13, host: fv-az105-298.wy5h1aom0jgehahef1oyr10hrc.bx.internal.cloudapp.net, ports: [REPLICATION=42903, RATIS=41085, RATIS_ADMIN=41085, RATIS_SERVER=41085, STANDALONE=41997], networkLocation: /default-rack, certSerialId: null, persistedOpState: ENTERING_MAINTENANCE, persistedOpStateExpiryEpochSec: 0}, placeOfBirth=2770806d-009d-48da-9d50-3d9453a3ad96, sequenceId=33, keyCount=3, bytesUsed=57},ContainerReplica{containerID=#6, state=CLOSED, datanodeDetails=388c1d2c-da9f-4216-9168-b64bdab690f4{ip: 10.1.0.13, host: fv-az105-298.wy5h1aom0jgehahef1oyr10hrc.bx.internal.cloudapp.net, ports: [REPLICATION=34649, RATIS=37573, RATIS_ADMIN=37573, RATIS_SERVER=37573, STANDALONE=41231], networkLocation: /default-rack, certSerialId: null, persistedOpState: IN_SERVICE, persistedOpStateExpiryEpochSec: 0}, placeOfBirth=2f53493c-3a9e-4904-8cf8-ac1f6fb0520e, sequenceId=33, keyCount=3, bytesUsed=57}}
2022-11-23 12:08:01,136 [DatanodeAdminManager-0] INFO  node.DatanodeAdminMonitorImpl (DatanodeAdminMonitorImpl.java:checkContainersReplicatedOnNode(377)) - 2770806d-009d-48da-9d50-3d9453a3ad96{ip: 10.1.0.13, host: fv-az105-298.wy5h1aom0jgehahef1oyr10hrc.bx.internal.cloudapp.net, ports: [REPLICATION=42903, RATIS=41085, RATIS_ADMIN=41085, RATIS_SERVER=41085, STANDALONE=41997], networkLocation: /default-rack, certSerialId: null, persistedOpState: ENTERING_MAINTENANCE, persistedOpStateExpiryEpochSec: 0} has 2 sufficientlyReplicated, 1 underReplicated and 0 unhealthy containers
2022-11-23 12:08:01,136 [DatanodeAdminManager-0] INFO  node.DatanodeAdminMonitorImpl (DatanodeAdminMonitorImpl.java:checkContainersReplicatedOnNode(356)) - Under Replicated Container #6 Container State: CLOSED Replica Count: 4 Healthy Count: 1 Decommission Count: 0 Maintenance Count: 3 inFlightAdd Count: 1 inFightDel Count: 0 ReplicationFactor: 3 minMaintenance Count: 2; Replicas{ContainerReplica{containerID=#6, state=CLOSED, datanodeDetails=2f53493c-3a9e-4904-8cf8-ac1f6fb0520e{ip: 10.1.0.13, host: fv-az105-298.wy5h1aom0jgehahef1oyr10hrc.bx.internal.cloudapp.net, ports: [REPLICATION=43097, RATIS=43085, RATIS_ADMIN=43085, RATIS_SERVER=43085, STANDALONE=37821], networkLocation: /default-rack, certSerialId: null, persistedOpState: ENTERING_MAINTENANCE, persistedOpStateExpiryEpochSec: 0}, placeOfBirth=2f53493c-3a9e-4904-8cf8-ac1f6fb0520e, sequenceId=33, keyCount=3, bytesUsed=57},ContainerReplica{containerID=#6, state=CLOSED, datanodeDetails=f22cc5c0-3e38-414a-900c-2421eb232dd6{ip: 10.1.0.13, host: fv-az105-298.wy5h1aom0jgehahef1oyr10hrc.bx.internal.cloudapp.net, ports: [REPLICATION=33553, RATIS=38335, RATIS_ADMIN=38335, RATIS_SERVER=38335, STANDALONE=33109], networkLocation: /default-rack, certSerialId: null, persistedOpState: ENTERING_MAINTENANCE, persistedOpStateExpiryEpochSec: 0}, placeOfBirth=f22cc5c0-3e38-414a-900c-2421eb232dd6, sequenceId=33, keyCount=3, bytesUsed=57},ContainerReplica{containerID=#6, state=CLOSED, datanodeDetails=2770806d-009d-48da-9d50-3d9453a3ad96{ip: 10.1.0.13, host: fv-az105-298.wy5h1aom0jgehahef1oyr10hrc.bx.internal.cloudapp.net, ports: [REPLICATION=42903, RATIS=41085, RATIS_ADMIN=41085, RATIS_SERVER=41085, STANDALONE=41997], networkLocation: /default-rack, certSerialId: null, persistedOpState: ENTERING_MAINTENANCE, persistedOpStateExpiryEpochSec: 0}, placeOfBirth=2770806d-009d-48da-9d50-3d9453a3ad96, sequenceId=33, keyCount=3, bytesUsed=57},ContainerReplica{containerID=#6, state=CLOSED, datanodeDetails=388c1d2c-da9f-4216-9168-b64bdab690f4{ip: 10.1.0.13, host: fv-az105-298.wy5h1aom0jgehahef1oyr10hrc.bx.internal.cloudapp.net, ports: [REPLICATION=34649, RATIS=37573, RATIS_ADMIN=37573, RATIS_SERVER=37573, STANDALONE=41231], networkLocation: /default-rack, certSerialId: null, persistedOpState: IN_SERVICE, persistedOpStateExpiryEpochSec: 0}, placeOfBirth=2f53493c-3a9e-4904-8cf8-ac1f6fb0520e, sequenceId=33, keyCount=3, bytesUsed=57}}
2022-11-23 12:08:01,136 [DatanodeAdminManager-0] INFO  node.DatanodeAdminMonitorImpl (DatanodeAdminMonitorImpl.java:checkContainersReplicatedOnNode(377)) - 2f53493c-3a9e-4904-8cf8-ac1f6fb0520e{ip: 10.1.0.13, host: fv-az105-298.wy5h1aom0jgehahef1oyr10hrc.bx.internal.cloudapp.net, ports: [REPLICATION=43097, RATIS=43085, RATIS_ADMIN=43085, RATIS_SERVER=43085, STANDALONE=37821], networkLocation: /default-rack, certSerialId: null, persistedOpState: ENTERING_MAINTENANCE, persistedOpStateExpiryEpochSec: 0} has 2 sufficientlyReplicated, 1 underReplicated and 0 unhealthy containers
2022-11-23 12:08:01,136 [DatanodeAdminManager-0] INFO  node.DatanodeAdminMonitorImpl (DatanodeAdminMonitorImpl.java:run(169)) - There are 3 nodes tracked for decommission and maintenance.  0 pending nodes.
2022-11-23 12:08:01,137 [Under Replicated Processor] INFO  replication.UnderReplicatedProcessor (UnderReplicatedProcessor.java:processAll(79)) - Processed 0 under replicated containers, failed processing 0
2022-11-23 12:08:01,141 [Over Replicated Processor] INFO  replication.OverReplicatedProcessor (OverReplicatedProcessor.java:processAll(79)) - Processed 0 over replicated containers, failed processing 0
2022-11-23 12:08:01,180 [ReplicationMonitor] INFO  replication.ReplicationManager (ReplicationManager.java:processAll(355)) - Replication Monitor Thread took 0 milliseconds for processing 6 containers.
2022-11-23 12:08:01,668 [Under Replicated Processor] INFO  replication.UnderReplicatedProcessor (UnderReplicatedProcessor.java:processAll(79)) - Processed 0 under replicated containers, failed processing 0
2022-11-23 12:08:01,668 [Over Replicated Processor] INFO  replication.OverReplicatedProcessor (OverReplicatedProcessor.java:processAll(79)) - Processed 0 over replicated containers, failed processing 0
2022-11-23 12:08:01,668 [ReplicationMonitor] INFO  replication.ReplicationManager (ReplicationManager.java:processAll(355)) - Replication Monitor Thread took 1 milliseconds for processing 0 containers.
2022-11-23 12:08:02,135 [DatanodeAdminManager-0] INFO  node.DatanodeAdminMonitorImpl (DatanodeAdminMonitorImpl.java:checkContainersReplicatedOnNode(356)) - Under Replicated Container #6 Container State: CLOSED Replica Count: 4 Healthy Count: 1 Decommission Count: 0 Maintenance Count: 3 inFlightAdd Count: 1 inFightDel Count: 0 ReplicationFactor: 3 minMaintenance Count: 2; Replicas{ContainerReplica{containerID=#6, state=CLOSED, datanodeDetails=2f53493c-3a9e-4904-8cf8-ac1f6fb0520e{ip: 10.1.0.13, host: fv-az105-298.wy5h1aom0jgehahef1oyr10hrc.bx.internal.cloudapp.net, ports: [REPLICATION=43097, RATIS=43085, RATIS_ADMIN=43085, RATIS_SERVER=43085, STANDALONE=37821], networkLocation: /default-rack, certSerialId: null, persistedOpState: ENTERING_MAINTENANCE, persistedOpStateExpiryEpochSec: 0}, placeOfBirth=2f53493c-3a9e-4904-8cf8-ac1f6fb0520e, sequenceId=33, keyCount=3, bytesUsed=57},ContainerReplica{containerID=#6, state=CLOSED, datanodeDetails=f22cc5c0-3e38-414a-900c-2421eb232dd6{ip: 10.1.0.13, host: fv-az105-298.wy5h1aom0jgehahef1oyr10hrc.bx.internal.cloudapp.net, ports: [REPLICATION=33553, RATIS=38335, RATIS_ADMIN=38335, RATIS_SERVER=38335, STANDALONE=33109], networkLocation: /default-rack, certSerialId: null, persistedOpState: ENTERING_MAINTENANCE, persistedOpStateExpiryEpochSec: 0}, placeOfBirth=f22cc5c0-3e38-414a-900c-2421eb232dd6, sequenceId=33, keyCount=3, bytesUsed=57},ContainerReplica{containerID=#6, state=CLOSED, datanodeDetails=2770806d-009d-48da-9d50-3d9453a3ad96{ip: 10.1.0.13, host: fv-az105-298.wy5h1aom0jgehahef1oyr10hrc.bx.internal.cloudapp.net, ports: [REPLICATION=42903, RATIS=41085, RATIS_ADMIN=41085, RATIS_SERVER=41085, STANDALONE=41997], networkLocation: /default-rack, certSerialId: null, persistedOpState: ENTERING_MAINTENANCE, persistedOpStateExpiryEpochSec: 0}, placeOfBirth=2770806d-009d-48da-9d50-3d9453a3ad96, sequenceId=33, keyCount=3, bytesUsed=57},ContainerReplica{containerID=#6, state=CLOSED, datanodeDetails=388c1d2c-da9f-4216-9168-b64bdab690f4{ip: 10.1.0.13, host: fv-az105-298.wy5h1aom0jgehahef1oyr10hrc.bx.internal.cloudapp.net, ports: [REPLICATION=34649, RATIS=37573, RATIS_ADMIN=37573, RATIS_SERVER=37573, STANDALONE=41231], networkLocation: /default-rack, certSerialId: null, persistedOpState: IN_SERVICE, persistedOpStateExpiryEpochSec: 0}, placeOfBirth=2f53493c-3a9e-4904-8cf8-ac1f6fb0520e, sequenceId=33, keyCount=3, bytesUsed=57}}
2022-11-23 12:08:02,135 [DatanodeAdminManager-0] INFO  node.DatanodeAdminMonitorImpl (DatanodeAdminMonitorImpl.java:checkContainersReplicatedOnNode(377)) - f22cc5c0-3e38-414a-900c-2421eb232dd6{ip: 10.1.0.13, host: fv-az105-298.wy5h1aom0jgehahef1oyr10hrc.bx.internal.cloudapp.net, ports: [REPLICATION=33553, RATIS=38335, RATIS_ADMIN=38335, RATIS_SERVER=38335, STANDALONE=33109], networkLocation: /default-rack, certSerialId: null, persistedOpState: ENTERING_MAINTENANCE, persistedOpStateExpiryEpochSec: 0} has 2 sufficientlyReplicated, 1 underReplicated and 0 unhealthy containers
2022-11-23 12:08:02,136 [DatanodeAdminManager-0] INFO  node.DatanodeAdminMonitorImpl (DatanodeAdminMonitorImpl.java:checkContainersReplicatedOnNode(356)) - Under Replicated Container #6 Container State: CLOSED Replica Count: 4 Healthy Count: 1 Decommission Count: 0 Maintenance Count: 3 inFlightAdd Count: 1 inFightDel Count: 0 ReplicationFactor: 3 minMaintenance Count: 2; Replicas{ContainerReplica{containerID=#6, state=CLOSED, datanodeDetails=2f53493c-3a9e-4904-8cf8-ac1f6fb0520e{ip: 10.1.0.13, host: fv-az105-298.wy5h1aom0jgehahef1oyr10hrc.bx.internal.cloudapp.net, ports: [REPLICATION=43097, RATIS=43085, RATIS_ADMIN=43085, RATIS_SERVER=43085, STANDALONE=37821], networkLocation: /default-rack, certSerialId: null, persistedOpState: ENTERING_MAINTENANCE, persistedOpStateExpiryEpochSec: 0}, placeOfBirth=2f53493c-3a9e-4904-8cf8-ac1f6fb0520e, sequenceId=33, keyCount=3, bytesUsed=57},ContainerReplica{containerID=#6, state=CLOSED, datanodeDetails=f22cc5c0-3e38-414a-900c-2421eb232dd6{ip: 10.1.0.13, host: fv-az105-298.wy5h1aom0jgehahef1oyr10hrc.bx.internal.cloudapp.net, ports: [REPLICATION=33553, RATIS=38335, RATIS_ADMIN=38335, RATIS_SERVER=38335, STANDALONE=33109], networkLocation: /default-rack, certSerialId: null, persistedOpState: ENTERING_MAINTENANCE, persistedOpStateExpiryEpochSec: 0}, placeOfBirth=f22cc5c0-3e38-414a-900c-2421eb232dd6, sequenceId=33, keyCount=3, bytesUsed=57},ContainerReplica{containerID=#6, state=CLOSED, datanodeDetails=2770806d-009d-48da-9d50-3d9453a3ad96{ip: 10.1.0.13, host: fv-az105-298.wy5h1aom0jgehahef1oyr10hrc.bx.internal.cloudapp.net, ports: [REPLICATION=42903, RATIS=41085, RATIS_ADMIN=41085, RATIS_SERVER=41085, STANDALONE=41997], networkLocation: /default-rack, certSerialId: null, persistedOpState: ENTERING_MAINTENANCE, persistedOpStateExpiryEpochSec: 0}, placeOfBirth=2770806d-009d-48da-9d50-3d9453a3ad96, sequenceId=33, keyCount=3, bytesUsed=57},ContainerReplica{containerID=#6, state=CLOSED, datanodeDetails=388c1d2c-da9f-4216-9168-b64bdab690f4{ip: 10.1.0.13, host: fv-az105-298.wy5h1aom0jgehahef1oyr10hrc.bx.internal.cloudapp.net, ports: [REPLICATION=34649, RATIS=37573, RATIS_ADMIN=37573, RATIS_SERVER=37573, STANDALONE=41231], networkLocation: /default-rack, certSerialId: null, persistedOpState: IN_SERVICE, persistedOpStateExpiryEpochSec: 0}, placeOfBirth=2f53493c-3a9e-4904-8cf8-ac1f6fb0520e, sequenceId=33, keyCount=3, bytesUsed=57}}
2022-11-23 12:08:02,136 [DatanodeAdminManager-0] INFO  node.DatanodeAdminMonitorImpl (DatanodeAdminMonitorImpl.java:checkContainersReplicatedOnNode(377)) - 2770806d-009d-48da-9d50-3d9453a3ad96{ip: 10.1.0.13, host: fv-az105-298.wy5h1aom0jgehahef1oyr10hrc.bx.internal.cloudapp.net, ports: [REPLICATION=42903, RATIS=41085, RATIS_ADMIN=41085, RATIS_SERVER=41085, STANDALONE=41997], networkLocation: /default-rack, certSerialId: null, persistedOpState: ENTERING_MAINTENANCE, persistedOpStateExpiryEpochSec: 0} has 2 sufficientlyReplicated, 1 underReplicated and 0 unhealthy containers
2022-11-23 12:08:02,136 [DatanodeAdminManager-0] INFO  node.DatanodeAdminMonitorImpl (DatanodeAdminMonitorImpl.java:checkContainersReplicatedOnNode(356)) - Under Replicated Container #6 Container State: CLOSED Replica Count: 4 Healthy Count: 1 Decommission Count: 0 Maintenance Count: 3 inFlightAdd Count: 1 inFightDel Count: 0 ReplicationFactor: 3 minMaintenance Count: 2; Replicas{ContainerReplica{containerID=#6, state=CLOSED, datanodeDetails=2f53493c-3a9e-4904-8cf8-ac1f6fb0520e{ip: 10.1.0.13, host: fv-az105-298.wy5h1aom0jgehahef1oyr10hrc.bx.internal.cloudapp.net, ports: [REPLICATION=43097, RATIS=43085, RATIS_ADMIN=43085, RATIS_SERVER=43085, STANDALONE=37821], networkLocation: /default-rack, certSerialId: null, persistedOpState: ENTERING_MAINTENANCE, persistedOpStateExpiryEpochSec: 0}, placeOfBirth=2f53493c-3a9e-4904-8cf8-ac1f6fb0520e, sequenceId=33, keyCount=3, bytesUsed=57},ContainerReplica{containerID=#6, state=CLOSED, datanodeDetails=f22cc5c0-3e38-414a-900c-2421eb232dd6{ip: 10.1.0.13, host: fv-az105-298.wy5h1aom0jgehahef1oyr10hrc.bx.internal.cloudapp.net, ports: [REPLICATION=33553, RATIS=38335, RATIS_ADMIN=38335, RATIS_SERVER=38335, STANDALONE=33109], networkLocation: /default-rack, certSerialId: null, persistedOpState: ENTERING_MAINTENANCE, persistedOpStateExpiryEpochSec: 0}, placeOfBirth=f22cc5c0-3e38-414a-900c-2421eb232dd6, sequenceId=33, keyCount=3, bytesUsed=57},ContainerReplica{containerID=#6, state=CLOSED, datanodeDetails=2770806d-009d-48da-9d50-3d9453a3ad96{ip: 10.1.0.13, host: fv-az105-298.wy5h1aom0jgehahef1oyr10hrc.bx.internal.cloudapp.net, ports: [REPLICATION=42903, RATIS=41085, RATIS_ADMIN=41085, RATIS_SERVER=41085, STANDALONE=41997], networkLocation: /default-rack, certSerialId: null, persistedOpState: ENTERING_MAINTENANCE, persistedOpStateExpiryEpochSec: 0}, placeOfBirth=2770806d-009d-48da-9d50-3d9453a3ad96, sequenceId=33, keyCount=3, bytesUsed=57},ContainerReplica{containerID=#6, state=CLOSED, datanodeDetails=388c1d2c-da9f-4216-9168-b64bdab690f4{ip: 10.1.0.13, host: fv-az105-298.wy5h1aom0jgehahef1oyr10hrc.bx.internal.cloudapp.net, ports: [REPLICATION=34649, RATIS=37573, RATIS_ADMIN=37573, RATIS_SERVER=37573, STANDALONE=41231], networkLocation: /default-rack, certSerialId: null, persistedOpState: IN_SERVICE, persistedOpStateExpiryEpochSec: 0}, placeOfBirth=2f53493c-3a9e-4904-8cf8-ac1f6fb0520e, sequenceId=33, keyCount=3, bytesUsed=57}}
2022-11-23 12:08:02,136 [DatanodeAdminManager-0] INFO  node.DatanodeAdminMonitorImpl (DatanodeAdminMonitorImpl.java:checkContainersReplicatedOnNode(377)) - 2f53493c-3a9e-4904-8cf8-ac1f6fb0520e{ip: 10.1.0.13, host: fv-az105-298.wy5h1aom0jgehahef1oyr10hrc.bx.internal.cloudapp.net, ports: [REPLICATION=43097, RATIS=43085, RATIS_ADMIN=43085, RATIS_SERVER=43085, STANDALONE=37821], networkLocation: /default-rack, certSerialId: null, persistedOpState: ENTERING_MAINTENANCE, persistedOpStateExpiryEpochSec: 0} has 2 sufficientlyReplicated, 1 underReplicated and 0 unhealthy containers
2022-11-23 12:08:02,136 [DatanodeAdminManager-0] INFO  node.DatanodeAdminMonitorImpl (DatanodeAdminMonitorImpl.java:run(169)) - There are 3 nodes tracked for decommission and maintenance.  0 pending nodes.
2022-11-23 12:08:02,137 [Under Replicated Processor] INFO  replication.UnderReplicatedProcessor (UnderReplicatedProcessor.java:processAll(79)) - Processed 0 under replicated containers, failed processing 0
2022-11-23 12:08:02,141 [Over Replicated Processor] INFO  replication.OverReplicatedProcessor (OverReplicatedProcessor.java:processAll(79)) - Processed 0 over replicated containers, failed processing 0
2022-11-23 12:08:02,181 [ReplicationMonitor] INFO  replication.ReplicationManager (ReplicationManager.java:processAll(355)) - Replication Monitor Thread took 0 milliseconds for processing 6 containers.
2022-11-23 12:08:02,668 [Under Replicated Processor] INFO  replication.UnderReplicatedProcessor (UnderReplicatedProcessor.java:processAll(79)) - Processed 0 under replicated containers, failed processing 0
2022-11-23 12:08:02,668 [Over Replicated Processor] INFO  replication.OverReplicatedProcessor (OverReplicatedProcessor.java:processAll(79)) - Processed 0 over replicated containers, failed processing 0
2022-11-23 12:08:02,668 [ReplicationMonitor] INFO  replication.ReplicationManager (ReplicationManager.java:processAll(355)) - Replication Monitor Thread took 0 milliseconds for processing 0 containers.
2022-11-23 12:08:03,135 [DatanodeAdminManager-0] INFO  node.DatanodeAdminMonitorImpl (DatanodeAdminMonitorImpl.java:checkContainersReplicatedOnNode(356)) - Under Replicated Container #6 Container State: CLOSED Replica Count: 4 Healthy Count: 1 Decommission Count: 0 Maintenance Count: 3 inFlightAdd Count: 1 inFightDel Count: 0 ReplicationFactor: 3 minMaintenance Count: 2; Replicas{ContainerReplica{containerID=#6, state=CLOSED, datanodeDetails=2f53493c-3a9e-4904-8cf8-ac1f6fb0520e{ip: 10.1.0.13, host: fv-az105-298.wy5h1aom0jgehahef1oyr10hrc.bx.internal.cloudapp.net, ports: [REPLICATION=43097, RATIS=43085, RATIS_ADMIN=43085, RATIS_SERVER=43085, STANDALONE=37821], networkLocation: /default-rack, certSerialId: null, persistedOpState: ENTERING_MAINTENANCE, persistedOpStateExpiryEpochSec: 0}, placeOfBirth=2f53493c-3a9e-4904-8cf8-ac1f6fb0520e, sequenceId=33, keyCount=3, bytesUsed=57},ContainerReplica{containerID=#6, state=CLOSED, datanodeDetails=f22cc5c0-3e38-414a-900c-2421eb232dd6{ip: 10.1.0.13, host: fv-az105-298.wy5h1aom0jgehahef1oyr10hrc.bx.internal.cloudapp.net, ports: [REPLICATION=33553, RATIS=38335, RATIS_ADMIN=38335, RATIS_SERVER=38335, STANDALONE=33109], networkLocation: /default-rack, certSerialId: null, persistedOpState: ENTERING_MAINTENANCE, persistedOpStateExpiryEpochSec: 0}, placeOfBirth=f22cc5c0-3e38-414a-900c-2421eb232dd6, sequenceId=33, keyCount=3, bytesUsed=57},ContainerReplica{containerID=#6, state=CLOSED, datanodeDetails=2770806d-009d-48da-9d50-3d9453a3ad96{ip: 10.1.0.13, host: fv-az105-298.wy5h1aom0jgehahef1oyr10hrc.bx.internal.cloudapp.net, ports: [REPLICATION=42903, RATIS=41085, RATIS_ADMIN=41085, RATIS_SERVER=41085, STANDALONE=41997], networkLocation: /default-rack, certSerialId: null, persistedOpState: ENTERING_MAINTENANCE, persistedOpStateExpiryEpochSec: 0}, placeOfBirth=2770806d-009d-48da-9d50-3d9453a3ad96, sequenceId=33, keyCount=3, bytesUsed=57},ContainerReplica{containerID=#6, state=CLOSED, datanodeDetails=388c1d2c-da9f-4216-9168-b64bdab690f4{ip: 10.1.0.13, host: fv-az105-298.wy5h1aom0jgehahef1oyr10hrc.bx.internal.cloudapp.net, ports: [REPLICATION=34649, RATIS=37573, RATIS_ADMIN=37573, RATIS_SERVER=37573, STANDALONE=41231], networkLocation: /default-rack, certSerialId: null, persistedOpState: IN_SERVICE, persistedOpStateExpiryEpochSec: 0}, placeOfBirth=2f53493c-3a9e-4904-8cf8-ac1f6fb0520e, sequenceId=33, keyCount=3, bytesUsed=57}}
2022-11-23 12:08:03,135 [DatanodeAdminManager-0] INFO  node.DatanodeAdminMonitorImpl (DatanodeAdminMonitorImpl.java:checkContainersReplicatedOnNode(377)) - f22cc5c0-3e38-414a-900c-2421eb232dd6{ip: 10.1.0.13, host: fv-az105-298.wy5h1aom0jgehahef1oyr10hrc.bx.internal.cloudapp.net, ports: [REPLICATION=33553, RATIS=38335, RATIS_ADMIN=38335, RATIS_SERVER=38335, STANDALONE=33109], networkLocation: /default-rack, certSerialId: null, persistedOpState: ENTERING_MAINTENANCE, persistedOpStateExpiryEpochSec: 0} has 2 sufficientlyReplicated, 1 underReplicated and 0 unhealthy containers
2022-11-23 12:08:03,135 [DatanodeAdminManager-0] INFO  node.DatanodeAdminMonitorImpl (DatanodeAdminMonitorImpl.java:checkContainersReplicatedOnNode(356)) - Under Replicated Container #6 Container State: CLOSED Replica Count: 4 Healthy Count: 1 Decommission Count: 0 Maintenance Count: 3 inFlightAdd Count: 1 inFightDel Count: 0 ReplicationFactor: 3 minMaintenance Count: 2; Replicas{ContainerReplica{containerID=#6, state=CLOSED, datanodeDetails=2f53493c-3a9e-4904-8cf8-ac1f6fb0520e{ip: 10.1.0.13, host: fv-az105-298.wy5h1aom0jgehahef1oyr10hrc.bx.internal.cloudapp.net, ports: [REPLICATION=43097, RATIS=43085, RATIS_ADMIN=43085, RATIS_SERVER=43085, STANDALONE=37821], networkLocation: /default-rack, certSerialId: null, persistedOpState: ENTERING_MAINTENANCE, persistedOpStateExpiryEpochSec: 0}, placeOfBirth=2f53493c-3a9e-4904-8cf8-ac1f6fb0520e, sequenceId=33, keyCount=3, bytesUsed=57},ContainerReplica{containerID=#6, state=CLOSED, datanodeDetails=f22cc5c0-3e38-414a-900c-2421eb232dd6{ip: 10.1.0.13, host: fv-az105-298.wy5h1aom0jgehahef1oyr10hrc.bx.internal.cloudapp.net, ports: [REPLICATION=33553, RATIS=38335, RATIS_ADMIN=38335, RATIS_SERVER=38335, STANDALONE=33109], networkLocation: /default-rack, certSerialId: null, persistedOpState: ENTERING_MAINTENANCE, persistedOpStateExpiryEpochSec: 0}, placeOfBirth=f22cc5c0-3e38-414a-900c-2421eb232dd6, sequenceId=33, keyCount=3, bytesUsed=57},ContainerReplica{containerID=#6, state=CLOSED, datanodeDetails=2770806d-009d-48da-9d50-3d9453a3ad96{ip: 10.1.0.13, host: fv-az105-298.wy5h1aom0jgehahef1oyr10hrc.bx.internal.cloudapp.net, ports: [REPLICATION=42903, RATIS=41085, RATIS_ADMIN=41085, RATIS_SERVER=41085, STANDALONE=41997], networkLocation: /default-rack, certSerialId: null, persistedOpState: ENTERING_MAINTENANCE, persistedOpStateExpiryEpochSec: 0}, placeOfBirth=2770806d-009d-48da-9d50-3d9453a3ad96, sequenceId=33, keyCount=3, bytesUsed=57},ContainerReplica{containerID=#6, state=CLOSED, datanodeDetails=388c1d2c-da9f-4216-9168-b64bdab690f4{ip: 10.1.0.13, host: fv-az105-298.wy5h1aom0jgehahef1oyr10hrc.bx.internal.cloudapp.net, ports: [REPLICATION=34649, RATIS=37573, RATIS_ADMIN=37573, RATIS_SERVER=37573, STANDALONE=41231], networkLocation: /default-rack, certSerialId: null, persistedOpState: IN_SERVICE, persistedOpStateExpiryEpochSec: 0}, placeOfBirth=2f53493c-3a9e-4904-8cf8-ac1f6fb0520e, sequenceId=33, keyCount=3, bytesUsed=57}}
2022-11-23 12:08:03,136 [DatanodeAdminManager-0] INFO  node.DatanodeAdminMonitorImpl (DatanodeAdminMonitorImpl.java:checkContainersReplicatedOnNode(377)) - 2770806d-009d-48da-9d50-3d9453a3ad96{ip: 10.1.0.13, host: fv-az105-298.wy5h1aom0jgehahef1oyr10hrc.bx.internal.cloudapp.net, ports: [REPLICATION=42903, RATIS=41085, RATIS_ADMIN=41085, RATIS_SERVER=41085, STANDALONE=41997], networkLocation: /default-rack, certSerialId: null, persistedOpState: ENTERING_MAINTENANCE, persistedOpStateExpiryEpochSec: 0} has 2 sufficientlyReplicated, 1 underReplicated and 0 unhealthy containers
2022-11-23 12:08:03,136 [DatanodeAdminManager-0] INFO  node.DatanodeAdminMonitorImpl (DatanodeAdminMonitorImpl.java:checkContainersReplicatedOnNode(356)) - Under Replicated Container #6 Container State: CLOSED Replica Count: 4 Healthy Count: 1 Decommission Count: 0 Maintenance Count: 3 inFlightAdd Count: 1 inFightDel Count: 0 ReplicationFactor: 3 minMaintenance Count: 2; Replicas{ContainerReplica{containerID=#6, state=CLOSED, datanodeDetails=2f53493c-3a9e-4904-8cf8-ac1f6fb0520e{ip: 10.1.0.13, host: fv-az105-298.wy5h1aom0jgehahef1oyr10hrc.bx.internal.cloudapp.net, ports: [REPLICATION=43097, RATIS=43085, RATIS_ADMIN=43085, RATIS_SERVER=43085, STANDALONE=37821], networkLocation: /default-rack, certSerialId: null, persistedOpState: ENTERING_MAINTENANCE, persistedOpStateExpiryEpochSec: 0}, placeOfBirth=2f53493c-3a9e-4904-8cf8-ac1f6fb0520e, sequenceId=33, keyCount=3, bytesUsed=57},ContainerReplica{containerID=#6, state=CLOSED, datanodeDetails=f22cc5c0-3e38-414a-900c-2421eb232dd6{ip: 10.1.0.13, host: fv-az105-298.wy5h1aom0jgehahef1oyr10hrc.bx.internal.cloudapp.net, ports: [REPLICATION=33553, RATIS=38335, RATIS_ADMIN=38335, RATIS_SERVER=38335, STANDALONE=33109], networkLocation: /default-rack, certSerialId: null, persistedOpState: ENTERING_MAINTENANCE, persistedOpStateExpiryEpochSec: 0}, placeOfBirth=f22cc5c0-3e38-414a-900c-2421eb232dd6, sequenceId=33, keyCount=3, bytesUsed=57},ContainerReplica{containerID=#6, state=CLOSED, datanodeDetails=2770806d-009d-48da-9d50-3d9453a3ad96{ip: 10.1.0.13, host: fv-az105-298.wy5h1aom0jgehahef1oyr10hrc.bx.internal.cloudapp.net, ports: [REPLICATION=42903, RATIS=41085, RATIS_ADMIN=41085, RATIS_SERVER=41085, STANDALONE=41997], networkLocation: /default-rack, certSerialId: null, persistedOpState: ENTERING_MAINTENANCE, persistedOpStateExpiryEpochSec: 0}, placeOfBirth=2770806d-009d-48da-9d50-3d9453a3ad96, sequenceId=33, keyCount=3, bytesUsed=57},ContainerReplica{containerID=#6, state=CLOSED, datanodeDetails=388c1d2c-da9f-4216-9168-b64bdab690f4{ip: 10.1.0.13, host: fv-az105-298.wy5h1aom0jgehahef1oyr10hrc.bx.internal.cloudapp.net, ports: [REPLICATION=34649, RATIS=37573, RATIS_ADMIN=37573, RATIS_SERVER=37573, STANDALONE=41231], networkLocation: /default-rack, certSerialId: null, persistedOpState: IN_SERVICE, persistedOpStateExpiryEpochSec: 0}, placeOfBirth=2f53493c-3a9e-4904-8cf8-ac1f6fb0520e, sequenceId=33, keyCount=3, bytesUsed=57}}
2022-11-23 12:08:03,136 [DatanodeAdminManager-0] INFO  node.DatanodeAdminMonitorImpl (DatanodeAdminMonitorImpl.java:checkContainersReplicatedOnNode(377)) - 2f53493c-3a9e-4904-8cf8-ac1f6fb0520e{ip: 10.1.0.13, host: fv-az105-298.wy5h1aom0jgehahef1oyr10hrc.bx.internal.cloudapp.net, ports: [REPLICATION=43097, RATIS=43085, RATIS_ADMIN=43085, RATIS_SERVER=43085, STANDALONE=37821], networkLocation: /default-rack, certSerialId: null, persistedOpState: ENTERING_MAINTENANCE, persistedOpStateExpiryEpochSec: 0} has 2 sufficientlyReplicated, 1 underReplicated and 0 unhealthy containers
2022-11-23 12:08:03,136 [DatanodeAdminManager-0] INFO  node.DatanodeAdminMonitorImpl (DatanodeAdminMonitorImpl.java:run(169)) - There are 3 nodes tracked for decommission and maintenance.  0 pending nodes.
2022-11-23 12:08:03,137 [Under Replicated Processor] INFO  replication.UnderReplicatedProcessor (UnderReplicatedProcessor.java:processAll(79)) - Processed 0 under replicated containers, failed processing 0
2022-11-23 12:08:03,141 [Over Replicated Processor] INFO  replication.OverReplicatedProcessor (OverReplicatedProcessor.java:processAll(79)) - Processed 0 over replicated containers, failed processing 0
2022-11-23 12:08:03,181 [ReplicationMonitor] INFO  replication.ReplicationManager (ReplicationManager.java:processAll(355)) - Replication Monitor Thread took 0 milliseconds for processing 6 containers.
2022-11-23 12:08:03,668 [Under Replicated Processor] INFO  replication.UnderReplicatedProcessor (UnderReplicatedProcessor.java:processAll(79)) - Processed 0 under replicated containers, failed processing 0
2022-11-23 12:08:03,668 [Over Replicated Processor] INFO  replication.OverReplicatedProcessor (OverReplicatedProcessor.java:processAll(79)) - Processed 0 over replicated containers, failed processing 0
2022-11-23 12:08:03,669 [ReplicationMonitor] INFO  replication.ReplicationManager (ReplicationManager.java:processAll(355)) - Replication Monitor Thread took 0 milliseconds for processing 0 containers.
2022-11-23 12:08:03,722 [Mini-Cluster-Provider-Reap] INFO  ozone.MiniOzoneClusterImpl (MiniOzoneClusterImpl.java:shutdown(448)) - Shutting down the Mini Ozone Cluster
2022-11-23 12:08:03,723 [Mini-Cluster-Provider-Reap] INFO  ozone.MiniOzoneClusterImpl (MiniOzoneClusterImpl.java:stop(463)) - Stopping the Mini Ozone Cluster
2022-11-23 12:08:03,723 [Mini-Cluster-Provider-Reap] INFO  ozone.MiniOzoneClusterImpl (MiniOzoneClusterImpl.java:stopOM(545)) - Stopping the OzoneManager
2022-11-23 12:08:03,723 [Mini-Cluster-Provider-Reap] INFO  om.OzoneManager (OzoneManager.java:stop(2036)) - om1[localhost:0]: Stopping Ozone Manager
2022-11-23 12:08:03,723 [Mini-Cluster-Provider-Reap] INFO  ipc.Server (Server.java:stop(3428)) - Stopping server on 33459
2022-11-23 12:08:03,726 [IPC Server listener on 0] INFO  ipc.Server (Server.java:run(1384)) - Stopping IPC Server listener on 0
2022-11-23 12:08:03,727 [IPC Server Responder] INFO  ipc.Server (Server.java:run(1517)) - Stopping IPC Server Responder
2022-11-23 12:08:03,729 [Mini-Cluster-Provider-Reap] INFO  server.RaftServer (RaftServerProxy.java:lambda$close$6(409)) - om1: close
2022-11-23 12:08:03,738 [Mini-Cluster-Provider-Reap] INFO  server.GrpcService (GrpcService.java:closeImpl(279)) - om1: shutdown server GrpcServerProtocolService now
2022-11-23 12:08:03,738 [Mini-Cluster-Provider-Reap] INFO  server.GrpcService (GrpcService.java:closeImpl(288)) - om1: shutdown server GrpcServerProtocolService successfully
2022-11-23 12:08:03,741 [om1-impl-thread2] INFO  server.RaftServer$Division (RaftServerImpl.java:lambda$close$4(458)) - om1@group-C5BA1605619E: shutdown
2022-11-23 12:08:03,741 [om1-impl-thread2] INFO  impl.RoleInfo (RoleInfo.java:shutdownLeaderState(93)) - om1: shutdown om1@group-C5BA1605619E-LeaderStateImpl
2022-11-23 12:08:03,741 [om1-impl-thread2] INFO  impl.PendingRequests (PendingRequests.java:sendNotLeaderResponses(282)) - om1@group-C5BA1605619E-PendingRequests: sendNotLeaderResponses
2022-11-23 12:08:03,751 [om1@group-C5BA1605619E-StateMachineUpdater] INFO  ratis.OzoneManagerStateMachine (OzoneManagerStateMachine.java:takeSnapshot(445)) - Current Snapshot Index (t:1, i:86)
2022-11-23 12:08:03,751 [om1@group-C5BA1605619E-StateMachineUpdater] INFO  impl.StateMachineUpdater (StateMachineUpdater.java:takeSnapshot(287)) - om1@group-C5BA1605619E-StateMachineUpdater: Took a snapshot at index 86
2022-11-23 12:08:03,751 [om1@group-C5BA1605619E-StateMachineUpdater] INFO  impl.StateMachineUpdater (StateMachineUpdater.java:lambda$new$0(92)) - om1@group-C5BA1605619E-StateMachineUpdater: snapshotIndex: updateIncreasingly -1 -> 86
2022-11-23 12:08:03,751 [om1@group-C5BA1605619E-StateMachineUpdater] INFO  ratis.OzoneManagerStateMachine (OzoneManagerStateMachine.java:close(499)) - StateMachine has shutdown. Shutdown OzoneManager if not already shutdown.
2022-11-23 12:08:03,751 [om1@group-C5BA1605619E-StateMachineUpdater] INFO  ratis.OzoneManagerDoubleBuffer (OzoneManagerDoubleBuffer.java:stop(466)) - Stopping OMDoubleBuffer flush thread
2022-11-23 12:08:03,751 [om1-impl-thread2] INFO  impl.StateMachineUpdater (StateMachineUpdater.java:stopAndJoin(153)) - om1@group-C5BA1605619E-StateMachineUpdater: set stopIndex = 86
2022-11-23 12:08:03,751 [OMDoubleBufferFlushThread] INFO  ratis.OzoneManagerDoubleBuffer (OzoneManagerDoubleBuffer.java:flushTransactions(385)) - OMDoubleBuffer flush thread OMDoubleBufferFlushThread is interrupted and will exit.
2022-11-23 12:08:03,752 [om1-impl-thread2] INFO  server.RaftServer$Division (ServerState.java:close(466)) - om1@group-C5BA1605619E: closes. applyIndex: 86
2022-11-23 12:08:03,752 [om1@group-C5BA1605619E-SegmentedRaftLogWorker] INFO  segmented.SegmentedRaftLogWorker (SegmentedRaftLogWorker.java:run(345)) - om1@group-C5BA1605619E-SegmentedRaftLogWorker was interrupted, exiting. There are 0 tasks remaining in the queue.
2022-11-23 12:08:03,756 [om1-impl-thread2] INFO  segmented.SegmentedRaftLogWorker (SegmentedRaftLogWorker.java:close(255)) - om1@group-C5BA1605619E-SegmentedRaftLogWorker close()
2022-11-23 12:08:03,757 [JvmPauseMonitor41] INFO  util.JvmPauseMonitor (JvmPauseMonitor.java:run(111)) - JvmPauseMonitor-om1: Stopped
2022-11-23 12:08:03,757 [Mini-Cluster-Provider-Reap] INFO  ratis.OzoneManagerStateMachine (OzoneManagerStateMachine.java:close(499)) - StateMachine has shutdown. Shutdown OzoneManager if not already shutdown.
2022-11-23 12:08:03,757 [Mini-Cluster-Provider-Reap] INFO  ratis.OzoneManagerDoubleBuffer (OzoneManagerDoubleBuffer.java:stop(478)) - OMDoubleBuffer flush thread is not running.
2022-11-23 12:08:03,757 [Mini-Cluster-Provider-Reap] INFO  utils.BackgroundService (BackgroundService.java:shutdown(141)) - Shutting down service KeyDeletingService
2022-11-23 12:08:03,757 [Mini-Cluster-Provider-Reap] INFO  utils.BackgroundService (BackgroundService.java:shutdown(141)) - Shutting down service DirectoryDeletingService
2022-11-23 12:08:03,757 [Mini-Cluster-Provider-Reap] INFO  utils.BackgroundService (BackgroundService.java:shutdown(141)) - Shutting down service OpenKeyCleanupService
2022-11-23 12:08:03,771 [Mini-Cluster-Provider-Reap] INFO  handler.ContextHandler (ContextHandler.java:doStop(1159)) - Stopped o.e.j.w.WebAppContext@2bde62ab{ozoneManager,/,null,STOPPED}{file:/home/runner/work/ozone/ozone/hadoop-ozone/integration-test/target/test-classes/webapps/ozoneManager}
2022-11-23 12:08:03,772 [Mini-Cluster-Provider-Reap] INFO  server.AbstractConnector (AbstractConnector.java:doStop(383)) - Stopped ServerConnector@6bb45e5e{HTTP/1.1, (http/1.1)}{0.0.0.0:0}
2022-11-23 12:08:03,772 [Mini-Cluster-Provider-Reap] INFO  server.session (HouseKeeper.java:stopScavenging(149)) - node0 Stopped scavenging
2022-11-23 12:08:03,772 [Mini-Cluster-Provider-Reap] INFO  handler.ContextHandler (ContextHandler.java:doStop(1159)) - Stopped o.e.j.s.ServletContextHandler@4acddacd{static,/static,file:///home/runner/work/ozone/ozone/hadoop-ozone/integration-test/target/test-classes/webapps/static,STOPPED}
2022-11-23 12:08:03,772 [Mini-Cluster-Provider-Reap] INFO  handler.ContextHandler (ContextHandler.java:doStop(1159)) - Stopped o.e.j.s.ServletContextHandler@662fe43d{logs,/logs,file:///home/runner/work/ozone/ozone/hadoop-ozone/integration-test/target/log,STOPPED}
2022-11-23 12:08:03,788 [Mini-Cluster-Provider-Reap] INFO  ozone.MiniOzoneClusterImpl (MiniOzoneClusterImpl.java:stopDatanodes(522)) - Stopping the HddsDatanodes
2022-11-23 12:08:03,789 [Mini-Cluster-Provider-Reap] INFO  ozoneimpl.OzoneContainer (OzoneContainer.java:stop(417)) - Attempting to stop container services.
2022-11-23 12:08:03,790 [Mini-Cluster-Provider-Reap] INFO  server.RaftServer (RaftServerProxy.java:lambda$close$6(409)) - 388c1d2c-da9f-4216-9168-b64bdab690f4: close
2022-11-23 12:08:03,790 [388c1d2c-da9f-4216-9168-b64bdab690f4-impl-thread2] INFO  server.RaftServer$Division (RaftServerImpl.java:lambda$close$4(458)) - 388c1d2c-da9f-4216-9168-b64bdab690f4@group-A9DF22F54B30: shutdown
2022-11-23 12:08:03,790 [388c1d2c-da9f-4216-9168-b64bdab690f4-impl-thread2] INFO  util.JmxRegister (JmxRegister.java:unregister(73)) - Successfully un-registered JMX Bean with object name Ratis:service=RaftServer,group=group-A9DF22F54B30,id=388c1d2c-da9f-4216-9168-b64bdab690f4
2022-11-23 12:08:03,790 [388c1d2c-da9f-4216-9168-b64bdab690f4-impl-thread2] INFO  impl.RoleInfo (RoleInfo.java:shutdownFollowerState(110)) - 388c1d2c-da9f-4216-9168-b64bdab690f4: shutdown 388c1d2c-da9f-4216-9168-b64bdab690f4@group-A9DF22F54B30-FollowerState
2022-11-23 12:08:03,790 [Mini-Cluster-Provider-Reap] INFO  server.GrpcService (GrpcService.java:closeImpl(279)) - 388c1d2c-da9f-4216-9168-b64bdab690f4: shutdown server GrpcServerProtocolService now
2022-11-23 12:08:03,791 [grpc-default-executor-12] WARN  server.GrpcServerProtocolService (LogUtils.java:warn(122)) - 388c1d2c-da9f-4216-9168-b64bdab690f4: installSnapshot onError, lastRequest: null: org.apache.ratis.thirdparty.io.grpc.StatusRuntimeException: CANCELLED: client cancelled
2022-11-23 12:08:03,791 [388c1d2c-da9f-4216-9168-b64bdab690f4@group-A9DF22F54B30-StateMachineUpdater] INFO  ratis.ContainerStateMachine (ContainerStateMachine.java:takeSnapshot(304)) - group-A9DF22F54B30: Taking a snapshot at:(t:1, i:39) file /home/runner/work/ozone/ozone/hadoop-ozone/integration-test/target/test-dir/MiniOzoneClusterImpl-dceccd61-1c79-4731-83b2-e5da109f0f32/datanode-4/data/ratis/e8dd15d0-68e9-4f12-a7cc-a9df22f54b30/sm/snapshot.1_39
2022-11-23 12:08:03,792 [388c1d2c-da9f-4216-9168-b64bdab690f4@group-A9DF22F54B30-FollowerState] INFO  impl.FollowerState (FollowerState.java:run(152)) - 388c1d2c-da9f-4216-9168-b64bdab690f4@group-A9DF22F54B30-FollowerState was interrupted
2022-11-23 12:08:03,792 [grpc-default-executor-18] WARN  server.GrpcLogAppender (LogUtils.java:warn(122)) - 64b4f2a3-63f9-4506-b905-00bad38ce54f@group-A9DF22F54B30->388c1d2c-da9f-4216-9168-b64bdab690f4-AppendLogResponseHandler: Failed appendEntries: org.apache.ratis.thirdparty.io.grpc.StatusRuntimeException: CANCELLED: RST_STREAM closed stream. HTTP/2 error code: CANCEL
2022-11-23 12:08:03,792 [grpc-default-executor-18] INFO  leader.FollowerInfo (FollowerInfoImpl.java:lambda$new$0(48)) - 64b4f2a3-63f9-4506-b905-00bad38ce54f@group-A9DF22F54B30->388c1d2c-da9f-4216-9168-b64bdab690f4: nextIndex: updateUnconditionally 40 -> 39
2022-11-23 12:08:03,792 [Mini-Cluster-Provider-Reap] INFO  server.GrpcService (GrpcService.java:closeImpl(288)) - 388c1d2c-da9f-4216-9168-b64bdab690f4: shutdown server GrpcServerProtocolService successfully
2022-11-23 12:08:03,793 [388c1d2c-da9f-4216-9168-b64bdab690f4-impl-thread2] INFO  impl.StateMachineUpdater (StateMachineUpdater.java:stopAndJoin(153)) - 388c1d2c-da9f-4216-9168-b64bdab690f4@group-A9DF22F54B30-StateMachineUpdater: set stopIndex = 39
2022-11-23 12:08:03,793 [388c1d2c-da9f-4216-9168-b64bdab690f4-impl-thread3] INFO  server.RaftServer$Division (RaftServerImpl.java:lambda$close$4(458)) - 388c1d2c-da9f-4216-9168-b64bdab690f4@group-437BE514B0E2: shutdown
2022-11-23 12:08:03,793 [388c1d2c-da9f-4216-9168-b64bdab690f4-impl-thread3] INFO  util.JmxRegister (JmxRegister.java:unregister(73)) - Successfully un-registered JMX Bean with object name Ratis:service=RaftServer,group=group-437BE514B0E2,id=388c1d2c-da9f-4216-9168-b64bdab690f4
2022-11-23 12:08:03,793 [grpc-default-executor-19] WARN  server.GrpcLogAppender (LogUtils.java:warn(122)) - 64b4f2a3-63f9-4506-b905-00bad38ce54f@group-A9DF22F54B30->388c1d2c-da9f-4216-9168-b64bdab690f4-AppendLogResponseHandler: Failed appendEntries: org.apache.ratis.thirdparty.io.grpc.StatusRuntimeException: CANCELLED: RST_STREAM closed stream. HTTP/2 error code: CANCEL
2022-11-23 12:08:03,793 [388c1d2c-da9f-4216-9168-b64bdab690f4-impl-thread3] INFO  impl.RoleInfo (RoleInfo.java:shutdownLeaderState(93)) - 388c1d2c-da9f-4216-9168-b64bdab690f4: shutdown 388c1d2c-da9f-4216-9168-b64bdab690f4@group-437BE514B0E2-LeaderStateImpl
2022-11-23 12:08:03,793 [388c1d2c-da9f-4216-9168-b64bdab690f4-impl-thread3] INFO  impl.PendingRequests (PendingRequests.java:sendNotLeaderResponses(282)) - 388c1d2c-da9f-4216-9168-b64bdab690f4@group-437BE514B0E2-PendingRequests: sendNotLeaderResponses
2022-11-23 12:08:03,794 [grpc-default-executor-17] WARN  server.GrpcServerProtocolService (LogUtils.java:warn(122)) - 388c1d2c-da9f-4216-9168-b64bdab690f4: installSnapshot onError, lastRequest: 64b4f2a3-63f9-4506-b905-00bad38ce54f->388c1d2c-da9f-4216-9168-b64bdab690f4#148-t1,previous=(t:1, i:38),leaderCommit=37,initializing? true,entries: size=1, first=(t:1, i:39), METADATAENTRY(c:37): org.apache.ratis.thirdparty.io.grpc.StatusRuntimeException: CANCELLED: client cancelled
2022-11-23 12:08:03,794 [ForkJoinPool.commonPool-worker-0] INFO  ozoneimpl.OzoneContainer (OzoneContainer.java:stop(417)) - Attempting to stop container services.
2022-11-23 12:08:03,793 [grpc-default-executor-19] INFO  leader.FollowerInfo (FollowerInfoImpl.java:lambda$new$0(48)) - 64b4f2a3-63f9-4506-b905-00bad38ce54f@group-A9DF22F54B30->388c1d2c-da9f-4216-9168-b64bdab690f4: nextIndex: updateUnconditionally 39 -> 38
2022-11-23 12:08:03,793 [388c1d2c-da9f-4216-9168-b64bdab690f4@group-A9DF22F54B30-StateMachineUpdater] INFO  ratis.ContainerStateMachine (ContainerStateMachine.java:takeSnapshot(315)) - group-A9DF22F54B30: Finished taking a snapshot at:(t:1, i:39) file:/home/runner/work/ozone/ozone/hadoop-ozone/integration-test/target/test-dir/MiniOzoneClusterImpl-dceccd61-1c79-4731-83b2-e5da109f0f32/datanode-4/data/ratis/e8dd15d0-68e9-4f12-a7cc-a9df22f54b30/sm/snapshot.1_39 took: 2 ms
2022-11-23 12:08:03,800 [388c1d2c-da9f-4216-9168-b64bdab690f4@group-A9DF22F54B30-StateMachineUpdater] INFO  impl.StateMachineUpdater (StateMachineUpdater.java:takeSnapshot(287)) - 388c1d2c-da9f-4216-9168-b64bdab690f4@group-A9DF22F54B30-StateMachineUpdater: Took a snapshot at index 39
2022-11-23 12:08:03,800 [388c1d2c-da9f-4216-9168-b64bdab690f4@group-A9DF22F54B30-StateMachineUpdater] INFO  impl.StateMachineUpdater (StateMachineUpdater.java:lambda$new$0(92)) - 388c1d2c-da9f-4216-9168-b64bdab690f4@group-A9DF22F54B30-StateMachineUpdater: snapshotIndex: updateIncreasingly -1 -> 39
2022-11-23 12:08:03,801 [ForkJoinPool.commonPool-worker-0] INFO  server.RaftServer (RaftServerProxy.java:lambda$close$6(409)) - 2f53493c-3a9e-4904-8cf8-ac1f6fb0520e: close
2022-11-23 12:08:03,801 [ForkJoinPool.commonPool-worker-0] INFO  server.GrpcService (GrpcService.java:closeImpl(279)) - 2f53493c-3a9e-4904-8cf8-ac1f6fb0520e: shutdown server GrpcServerProtocolService now
2022-11-23 12:08:03,802 [388c1d2c-da9f-4216-9168-b64bdab690f4-impl-thread2] INFO  server.RaftServer$Division (ServerState.java:close(466)) - 388c1d2c-da9f-4216-9168-b64bdab690f4@group-A9DF22F54B30: closes. applyIndex: 39
2022-11-23 12:08:03,802 [388c1d2c-da9f-4216-9168-b64bdab690f4@group-A9DF22F54B30-SegmentedRaftLogWorker] INFO  segmented.SegmentedRaftLogWorker (SegmentedRaftLogWorker.java:run(345)) - 388c1d2c-da9f-4216-9168-b64bdab690f4@group-A9DF22F54B30-SegmentedRaftLogWorker was interrupted, exiting. There are 0 tasks remaining in the queue.
2022-11-23 12:08:03,800 [grpc-default-executor-17] WARN  server.GrpcLogAppender (LogUtils.java:warn(122)) - 64b4f2a3-63f9-4506-b905-00bad38ce54f@group-A9DF22F54B30->388c1d2c-da9f-4216-9168-b64bdab690f4-AppendLogResponseHandler: Failed appendEntries: org.apache.ratis.thirdparty.io.grpc.StatusRuntimeException: UNAVAILABLE: io exception
2022-11-23 12:08:03,802 [grpc-default-executor-17] INFO  leader.FollowerInfo (FollowerInfoImpl.java:lambda$new$0(48)) - 64b4f2a3-63f9-4506-b905-00bad38ce54f@group-A9DF22F54B30->388c1d2c-da9f-4216-9168-b64bdab690f4: nextIndex: updateUnconditionally 39 -> 38
2022-11-23 12:08:03,803 [388c1d2c-da9f-4216-9168-b64bdab690f4-impl-thread2] INFO  segmented.SegmentedRaftLogWorker (SegmentedRaftLogWorker.java:close(255)) - 388c1d2c-da9f-4216-9168-b64bdab690f4@group-A9DF22F54B30-SegmentedRaftLogWorker close()
2022-11-23 12:08:03,804 [grpc-default-executor-12] WARN  server.GrpcLogAppender (LogUtils.java:warn(122)) - 64b4f2a3-63f9-4506-b905-00bad38ce54f@group-A9DF22F54B30->388c1d2c-da9f-4216-9168-b64bdab690f4-AppendLogResponseHandler: Failed appendEntries: org.apache.ratis.thirdparty.io.grpc.StatusRuntimeException: UNAVAILABLE: io exception
2022-11-23 12:08:03,804 [ForkJoinPool.commonPool-worker-0] INFO  server.GrpcService (GrpcService.java:closeImpl(288)) - 2f53493c-3a9e-4904-8cf8-ac1f6fb0520e: shutdown server GrpcServerProtocolService successfully
2022-11-23 12:08:03,804 [grpc-default-executor-12] INFO  leader.FollowerInfo (FollowerInfoImpl.java:lambda$new$0(48)) - 64b4f2a3-63f9-4506-b905-00bad38ce54f@group-A9DF22F54B30->388c1d2c-da9f-4216-9168-b64bdab690f4: nextIndex: updateUnconditionally 38 -> 37
2022-11-23 12:08:03,798 [388c1d2c-da9f-4216-9168-b64bdab690f4-impl-thread3] INFO  impl.StateMachineUpdater (StateMachineUpdater.java:stopAndJoin(153)) - 388c1d2c-da9f-4216-9168-b64bdab690f4@group-437BE514B0E2-StateMachineUpdater: set stopIndex = 0
2022-11-23 12:08:03,797 [388c1d2c-da9f-4216-9168-b64bdab690f4@group-437BE514B0E2-StateMachineUpdater] INFO  ratis.ContainerStateMachine (ContainerStateMachine.java:takeSnapshot(304)) - group-437BE514B0E2: Taking a snapshot at:(t:1, i:0) file /home/runner/work/ozone/ozone/hadoop-ozone/integration-test/target/test-dir/MiniOzoneClusterImpl-dceccd61-1c79-4731-83b2-e5da109f0f32/datanode-4/data/ratis/9a313e48-c5ad-4d45-8cf9-437be514b0e2/sm/snapshot.1_0
2022-11-23 12:08:03,804 [JvmPauseMonitor43] INFO  util.JvmPauseMonitor (JvmPauseMonitor.java:run(111)) - JvmPauseMonitor-2f53493c-3a9e-4904-8cf8-ac1f6fb0520e: Stopped
2022-11-23 12:08:03,805 [388c1d2c-da9f-4216-9168-b64bdab690f4@group-437BE514B0E2-StateMachineUpdater] INFO  ratis.ContainerStateMachine (ContainerStateMachine.java:takeSnapshot(315)) - group-437BE514B0E2: Finished taking a snapshot at:(t:1, i:0) file:/home/runner/work/ozone/ozone/hadoop-ozone/integration-test/target/test-dir/MiniOzoneClusterImpl-dceccd61-1c79-4731-83b2-e5da109f0f32/datanode-4/data/ratis/9a313e48-c5ad-4d45-8cf9-437be514b0e2/sm/snapshot.1_0 took: 7 ms
2022-11-23 12:08:03,805 [388c1d2c-da9f-4216-9168-b64bdab690f4@group-437BE514B0E2-StateMachineUpdater] INFO  impl.StateMachineUpdater (StateMachineUpdater.java:takeSnapshot(287)) - 388c1d2c-da9f-4216-9168-b64bdab690f4@group-437BE514B0E2-StateMachineUpdater: Took a snapshot at index 0
2022-11-23 12:08:03,805 [388c1d2c-da9f-4216-9168-b64bdab690f4@group-437BE514B0E2-StateMachineUpdater] INFO  impl.StateMachineUpdater (StateMachineUpdater.java:lambda$new$0(92)) - 388c1d2c-da9f-4216-9168-b64bdab690f4@group-437BE514B0E2-StateMachineUpdater: snapshotIndex: updateIncreasingly -1 -> 0
2022-11-23 12:08:03,806 [388c1d2c-da9f-4216-9168-b64bdab690f4-impl-thread3] INFO  server.RaftServer$Division (ServerState.java:close(466)) - 388c1d2c-da9f-4216-9168-b64bdab690f4@group-437BE514B0E2: closes. applyIndex: 0
2022-11-23 12:08:03,806 [388c1d2c-da9f-4216-9168-b64bdab690f4@group-437BE514B0E2-SegmentedRaftLogWorker] INFO  segmented.SegmentedRaftLogWorker (SegmentedRaftLogWorker.java:run(345)) - 388c1d2c-da9f-4216-9168-b64bdab690f4@group-437BE514B0E2-SegmentedRaftLogWorker was interrupted, exiting. There are 0 tasks remaining in the queue.
2022-11-23 12:08:03,806 [388c1d2c-da9f-4216-9168-b64bdab690f4-impl-thread3] INFO  segmented.SegmentedRaftLogWorker (SegmentedRaftLogWorker.java:close(255)) - 388c1d2c-da9f-4216-9168-b64bdab690f4@group-437BE514B0E2-SegmentedRaftLogWorker close()
2022-11-23 12:08:03,806 [JvmPauseMonitor46] INFO  util.JvmPauseMonitor (JvmPauseMonitor.java:run(111)) - JvmPauseMonitor-388c1d2c-da9f-4216-9168-b64bdab690f4: Stopped
]]></system-out>
  </testcase>
  <testcase name="testDecommissioningNodesCompleteDecommissionOnSCMRestart" classname="org.apache.hadoop.ozone.scm.node.TestDecommissionAndMaintenance" time="33.645"/>
</testsuite>