<?xml version="1.0" encoding="UTF-8"?>
<testsuite xmlns:xsi="http://www.w3.org/2001/XMLSchema-instance" xsi:noNamespaceSchemaLocation="https://maven.apache.org/surefire/maven-surefire-plugin/xsd/surefire-test-report.xsd" name="org.apache.hadoop.ozone.scm.node.TestDecommissionAndMaintenance" time="519.784" tests="11" errors="0" skipped="0" failures="1">
  <properties>
    <property name="awt.toolkit" value="sun.awt.X11.XToolkit"/>
    <property name="file.encoding.pkg" value="sun.io"/>
    <property name="java.specification.version" value="1.8"/>
    <property name="sun.cpu.isalist" value=""/>
    <property name="sun.jnu.encoding" value="ANSI_X3.4-1968"/>
    <property name="java.class.path" value="/github/workspace/mnt/ozone/hadoop-ozone/integration-test/target/test-classes:/github/workspace/mnt/ozone/hadoop-ozone/integration-test/target/classes:/home/user/.m2/repository/org/apache/hadoop/hadoop-ozone-common/1.1.0-SNAPSHOT/hadoop-ozone-common-1.1.0-SNAPSHOT.jar:/home/user/.m2/repository/org/apache/commons/commons-compress/1.4.1/commons-compress-1.4.1.jar:/home/user/.m2/repository/org/tukaani/xz/1.0/xz-1.0.jar:/home/user/.m2/repository/org/apache/hadoop/hadoop-hdds-common/1.1.0-SNAPSHOT/hadoop-hdds-common-1.1.0-SNAPSHOT.jar:/home/user/.m2/repository/org/apache/hadoop/hadoop-hdds-client/1.1.0-SNAPSHOT/hadoop-hdds-client-1.1.0-SNAPSHOT.jar:/home/user/.m2/repository/org/apache/hadoop/hadoop-ozone-interface-client/1.1.0-SNAPSHOT/hadoop-ozone-interface-client-1.1.0-SNAPSHOT.jar:/home/user/.m2/repository/org/apache/hadoop/hadoop-hdds-test-utils/1.1.0-SNAPSHOT/hadoop-hdds-test-utils-1.1.0-SNAPSHOT.jar:/home/user/.m2/repository/com/google/guava/guava/28.2-jre/guava-28.2-jre.jar:/home/user/.m2/repository/com/google/guava/failureaccess/1.0.1/failureaccess-1.0.1.jar:/home/user/.m2/repository/com/google/guava/listenablefuture/9999.0-empty-to-avoid-conflict-with-guava/listenablefuture-9999.0-empty-to-avoid-conflict-with-guava.jar:/home/user/.m2/repository/com/google/code/findbugs/jsr305/3.0.0/jsr305-3.0.0.jar:/home/user/.m2/repository/org/checkerframework/checker-qual/2.10.0/checker-qual-2.10.0.jar:/home/user/.m2/repository/com/google/errorprone/error_prone_annotations/2.2.0/error_prone_annotations-2.2.0.jar:/home/user/.m2/repository/com/google/j2objc/j2objc-annotations/1.3/j2objc-annotations-1.3.jar:/home/user/.m2/repository/commons-io/commons-io/2.5/commons-io-2.5.jar:/home/user/.m2/repository/commons-logging/commons-logging/1.2/commons-logging-1.2.jar:/home/user/.m2/repository/log4j/log4j/1.2.17/log4j-1.2.17.jar:/home/user/.m2/repository/org/slf4j/slf4j-api/1.7.30/slf4j-api-1.7.30.jar:/home/user/.m2/repository/org/apache/hadoop/hadoop-hdds-server-scm/1.1.0-SNAPSHOT/hadoop-hdds-server-scm-1.1.0-SNAPSHOT.jar:/home/user/.m2/repository/org/apache/hadoop/hadoop-hdds-container-service/1.1.0-SNAPSHOT/hadoop-hdds-container-service-1.1.0-SNAPSHOT.jar:/home/user/.m2/repository/org/apache/hadoop/hadoop-hdds-hadoop-dependency-server/1.1.0-SNAPSHOT/hadoop-hdds-hadoop-dependency-server-1.1.0-SNAPSHOT.jar:/home/user/.m2/repository/org/apache/hadoop/hadoop-hdfs/3.2.1/hadoop-hdfs-3.2.1.jar:/home/user/.m2/repository/org/apache/hadoop/hadoop-hdds-server-framework/1.1.0-SNAPSHOT/hadoop-hdds-server-framework-1.1.0-SNAPSHOT.jar:/home/user/.m2/repository/org/apache/hadoop/hadoop-hdds-interface-server/1.1.0-SNAPSHOT/hadoop-hdds-interface-server-1.1.0-SNAPSHOT.jar:/home/user/.m2/repository/org/apache/hadoop/hadoop-hdds-interface-admin/1.1.0-SNAPSHOT/hadoop-hdds-interface-admin-1.1.0-SNAPSHOT.jar:/home/user/.m2/repository/org/eclipse/jetty/jetty-servlet/9.4.34.v20201102/jetty-servlet-9.4.34.v20201102.jar:/home/user/.m2/repository/org/eclipse/jetty/jetty-security/9.4.34.v20201102/jetty-security-9.4.34.v20201102.jar:/home/user/.m2/repository/org/rocksdb/rocksdbjni/6.8.1/rocksdbjni-6.8.1.jar:/home/user/.m2/repository/io/prometheus/simpleclient_dropwizard/0.7.0/simpleclient_dropwizard-0.7.0.jar:/home/user/.m2/repository/io/prometheus/simpleclient/0.7.0/simpleclient-0.7.0.jar:/home/user/.m2/repository/io/prometheus/simpleclient_common/0.7.0/simpleclient_common-0.7.0.jar:/home/user/.m2/repository/com/fasterxml/jackson/datatype/jackson-datatype-jsr310/2.10.3/jackson-datatype-jsr310-2.10.3.jar:/home/user/.m2/repository/io/dropwizard/metrics/metrics-core/3.2.4/metrics-core-3.2.4.jar:/home/user/.m2/repository/org/apache/hadoop/hadoop-hdfs-client/3.2.1/hadoop-hdfs-client-3.2.1.jar:/home/user/.m2/repository/org/bouncycastle/bcprov-jdk15on/1.67/bcprov-jdk15on-1.67.jar:/home/user/.m2/repository/org/apache/hadoop/hadoop-ozone-ozone-manager/1.1.0-SNAPSHOT/hadoop-ozone-ozone-manager-1.1.0-SNAPSHOT.jar:/home/user/.m2/repository/org/apache/hadoop/hadoop-hdds-interface-client/1.1.0-SNAPSHOT/hadoop-hdds-interface-client-1.1.0-SNAPSHOT.jar:/home/user/.m2/repository/org/apache/ratis/ratis-thirdparty-misc/0.6.0-SNAPSHOT/ratis-thirdparty-misc-0.6.0-SNAPSHOT.jar:/home/user/.m2/repository/org/apache/hadoop/hadoop-ozone-interface-storage/1.1.0-SNAPSHOT/hadoop-ozone-interface-storage-1.1.0-SNAPSHOT.jar:/home/user/.m2/repository/org/apache/hadoop/hadoop-minikdc/3.2.1/hadoop-minikdc-3.2.1.jar:/home/user/.m2/repository/org/apache/kerby/kerb-simplekdc/1.0.1/kerb-simplekdc-1.0.1.jar:/home/user/.m2/repository/org/apache/kerby/kerb-client/1.0.1/kerb-client-1.0.1.jar:/home/user/.m2/repository/org/apache/kerby/kerby-config/1.0.1/kerby-config-1.0.1.jar:/home/user/.m2/repository/org/apache/kerby/kerb-core/1.0.1/kerb-core-1.0.1.jar:/home/user/.m2/repository/org/apache/kerby/kerby-pkix/1.0.1/kerby-pkix-1.0.1.jar:/home/user/.m2/repository/org/apache/kerby/kerby-asn1/1.0.1/kerby-asn1-1.0.1.jar:/home/user/.m2/repository/org/apache/kerby/kerby-util/1.0.1/kerby-util-1.0.1.jar:/home/user/.m2/repository/org/apache/kerby/kerb-common/1.0.1/kerb-common-1.0.1.jar:/home/user/.m2/repository/org/apache/kerby/kerb-crypto/1.0.1/kerb-crypto-1.0.1.jar:/home/user/.m2/repository/org/apache/kerby/kerb-util/1.0.1/kerb-util-1.0.1.jar:/home/user/.m2/repository/org/apache/kerby/token-provider/1.0.1/token-provider-1.0.1.jar:/home/user/.m2/repository/org/apache/kerby/kerb-admin/1.0.1/kerb-admin-1.0.1.jar:/home/user/.m2/repository/org/apache/kerby/kerb-server/1.0.1/kerb-server-1.0.1.jar:/home/user/.m2/repository/org/apache/kerby/kerb-identity/1.0.1/kerb-identity-1.0.1.jar:/home/user/.m2/repository/org/apache/kerby/kerby-xdr/1.0.1/kerby-xdr-1.0.1.jar:/home/user/.m2/repository/org/slf4j/slf4j-log4j12/1.7.30/slf4j-log4j12-1.7.30.jar:/home/user/.m2/repository/org/apache/hadoop/hadoop-ozone-s3gateway/1.1.0-SNAPSHOT/hadoop-ozone-s3gateway-1.1.0-SNAPSHOT.jar:/home/user/.m2/repository/org/jboss/weld/servlet/weld-servlet/2.4.7.Final/weld-servlet-2.4.7.Final.jar:/home/user/.m2/repository/org/glassfish/jersey/containers/jersey-container-servlet-core/2.27/jersey-container-servlet-core-2.27.jar:/home/user/.m2/repository/org/glassfish/hk2/external/javax.inject/2.5.0-b42/javax.inject-2.5.0-b42.jar:/home/user/.m2/repository/org/glassfish/jersey/core/jersey-common/2.27/jersey-common-2.27.jar:/home/user/.m2/repository/org/glassfish/hk2/osgi-resource-locator/1.0.1/osgi-resource-locator-1.0.1.jar:/home/user/.m2/repository/javax/ws/rs/javax.ws.rs-api/2.1/javax.ws.rs-api-2.1.jar:/home/user/.m2/repository/org/glassfish/jersey/ext/cdi/jersey-cdi1x/2.27/jersey-cdi1x-2.27.jar:/home/user/.m2/repository/org/glassfish/jersey/inject/jersey-hk2/2.27/jersey-hk2-2.27.jar:/home/user/.m2/repository/org/glassfish/hk2/hk2-locator/2.5.0-b42/hk2-locator-2.5.0-b42.jar:/home/user/.m2/repository/org/javassist/javassist/3.22.0-CR2/javassist-3.22.0-CR2.jar:/home/user/.m2/repository/org/glassfish/hk2/hk2-api/2.5.0/hk2-api-2.5.0.jar:/home/user/.m2/repository/org/glassfish/hk2/external/jakarta.inject/2.5.0/jakarta.inject-2.5.0.jar:/home/user/.m2/repository/org/glassfish/hk2/hk2-utils/2.5.0/hk2-utils-2.5.0.jar:/home/user/.m2/repository/jakarta/annotation/jakarta.annotation-api/1.3.4/jakarta.annotation-api-1.3.4.jar:/home/user/.m2/repository/org/glassfish/hk2/external/aopalliance-repackaged/2.5.0/aopalliance-repackaged-2.5.0.jar:/home/user/.m2/repository/com/fasterxml/jackson/dataformat/jackson-dataformat-xml/2.10.3/jackson-dataformat-xml-2.10.3.jar:/home/user/.m2/repository/com/fasterxml/jackson/core/jackson-core/2.10.3/jackson-core-2.10.3.jar:/home/user/.m2/repository/com/fasterxml/jackson/module/jackson-module-jaxb-annotations/2.10.3/jackson-module-jaxb-annotations-2.10.3.jar:/home/user/.m2/repository/jakarta/xml/bind/jakarta.xml.bind-api/2.3.2/jakarta.xml.bind-api-2.3.2.jar:/home/user/.m2/repository/jakarta/activation/jakarta.activation-api/1.2.1/jakarta.activation-api-1.2.1.jar:/home/user/.m2/repository/org/codehaus/woodstox/stax2-api/3.1.4/stax2-api-3.1.4.jar:/home/user/.m2/repository/com/fasterxml/woodstox/woodstox-core/5.0.3/woodstox-core-5.0.3.jar:/home/user/.m2/repository/javax/enterprise/cdi-api/1.2/cdi-api-1.2.jar:/home/user/.m2/repository/javax/el/javax.el-api/3.0.0/javax.el-api-3.0.0.jar:/home/user/.m2/repository/javax/interceptor/javax.interceptor-api/1.2/javax.interceptor-api-1.2.jar:/home/user/.m2/repository/javax/inject/javax.inject/1/javax.inject-1.jar:/home/user/.m2/repository/com/sun/xml/bind/jaxb-impl/2.3.0.1/jaxb-impl-2.3.0.1.jar:/home/user/.m2/repository/com/sun/xml/bind/jaxb-core/2.3.0.1/jaxb-core-2.3.0.1.jar:/home/user/.m2/repository/javax/xml/bind/jaxb-api/2.3.0/jaxb-api-2.3.0.jar:/home/user/.m2/repository/javax/activation/activation/1.1.1/activation-1.1.1.jar:/home/user/.m2/repository/org/apache/hadoop/hadoop-ozone-csi/1.1.0-SNAPSHOT/hadoop-ozone-csi-1.1.0-SNAPSHOT.jar:/home/user/.m2/repository/com/google/protobuf/protobuf-java-util/3.11.0/protobuf-java-util-3.11.0.jar:/home/user/.m2/repository/com/google/code/gson/gson/2.2.4/gson-2.2.4.jar:/home/user/.m2/repository/org/apache/hadoop/hadoop-hdds-config/1.1.0-SNAPSHOT/hadoop-hdds-config-1.1.0-SNAPSHOT.jar:/home/user/.m2/repository/com/google/protobuf/protobuf-java/2.5.0/protobuf-java-2.5.0.jar:/home/user/.m2/repository/io/grpc/grpc-netty/1.29.0/grpc-netty-1.29.0.jar:/home/user/.m2/repository/io/grpc/grpc-core/1.29.0/grpc-core-1.29.0.jar:/home/user/.m2/repository/com/google/android/annotations/4.1.1.4/annotations-4.1.1.4.jar:/home/user/.m2/repository/io/perfmark/perfmark-api/0.19.0/perfmark-api-0.19.0.jar:/home/user/.m2/repository/io/netty/netty-codec-http2/4.1.48.Final/netty-codec-http2-4.1.48.Final.jar:/home/user/.m2/repository/io/netty/netty-codec/4.1.48.Final/netty-codec-4.1.48.Final.jar:/home/user/.m2/repository/io/netty/netty-handler/4.1.48.Final/netty-handler-4.1.48.Final.jar:/home/user/.m2/repository/io/netty/netty-codec-http/4.1.48.Final/netty-codec-http-4.1.48.Final.jar:/home/user/.m2/repository/io/netty/netty-handler-proxy/4.1.48.Final/netty-handler-proxy-4.1.48.Final.jar:/home/user/.m2/repository/io/netty/netty-codec-socks/4.1.48.Final/netty-codec-socks-4.1.48.Final.jar:/home/user/.m2/repository/io/netty/netty-transport-native-epoll/4.1.48.Final/netty-transport-native-epoll-4.1.48.Final.jar:/home/user/.m2/repository/io/netty/netty-common/4.1.48.Final/netty-common-4.1.48.Final.jar:/home/user/.m2/repository/io/netty/netty-buffer/4.1.48.Final/netty-buffer-4.1.48.Final.jar:/home/user/.m2/repository/io/netty/netty-transport/4.1.48.Final/netty-transport-4.1.48.Final.jar:/home/user/.m2/repository/io/netty/netty-resolver/4.1.48.Final/netty-resolver-4.1.48.Final.jar:/home/user/.m2/repository/io/netty/netty-transport-native-unix-common/4.1.48.Final/netty-transport-native-unix-common-4.1.48.Final.jar:/home/user/.m2/repository/io/grpc/grpc-protobuf/1.29.0/grpc-protobuf-1.29.0.jar:/home/user/.m2/repository/io/grpc/grpc-api/1.29.0/grpc-api-1.29.0.jar:/home/user/.m2/repository/io/grpc/grpc-context/1.29.0/grpc-context-1.29.0.jar:/home/user/.m2/repository/org/codehaus/mojo/animal-sniffer-annotations/1.18/animal-sniffer-annotations-1.18.jar:/home/user/.m2/repository/com/google/api/grpc/proto-google-common-protos/1.17.0/proto-google-common-protos-1.17.0.jar:/home/user/.m2/repository/io/grpc/grpc-protobuf-lite/1.29.0/grpc-protobuf-lite-1.29.0.jar:/home/user/.m2/repository/io/grpc/grpc-stub/1.29.0/grpc-stub-1.29.0.jar:/home/user/.m2/repository/org/apache/hadoop/hadoop-ozone-recon/1.1.0-SNAPSHOT/hadoop-ozone-recon-1.1.0-SNAPSHOT.jar:/home/user/.m2/repository/org/apache/hadoop/hadoop-ozone-reconcodegen/1.1.0-SNAPSHOT/hadoop-ozone-reconcodegen-1.1.0-SNAPSHOT.jar:/home/user/.m2/repository/com/google/inject/extensions/guice-multibindings/4.0/guice-multibindings-4.0.jar:/home/user/.m2/repository/com/google/inject/guice/4.0/guice-4.0.jar:/home/user/.m2/repository/aopalliance/aopalliance/1.0/aopalliance-1.0.jar:/home/user/.m2/repository/com/google/inject/extensions/guice-assistedinject/4.0/guice-assistedinject-4.0.jar:/home/user/.m2/repository/com/google/inject/extensions/guice-servlet/4.0/guice-servlet-4.0.jar:/home/user/.m2/repository/org/glassfish/jersey/containers/jersey-container-servlet/2.27/jersey-container-servlet-2.27.jar:/home/user/.m2/repository/org/glassfish/hk2/guice-bridge/2.5.0/guice-bridge-2.5.0.jar:/home/user/.m2/repository/org/glassfish/jersey/core/jersey-server/2.27/jersey-server-2.27.jar:/home/user/.m2/repository/org/glassfish/jersey/core/jersey-client/2.27/jersey-client-2.27.jar:/home/user/.m2/repository/org/glassfish/jersey/media/jersey-media-jaxb/2.27/jersey-media-jaxb-2.27.jar:/home/user/.m2/repository/javax/validation/validation-api/1.1.0.Final/validation-api-1.1.0.Final.jar:/home/user/.m2/repository/org/glassfish/jersey/media/jersey-media-json-jackson/2.27/jersey-media-json-jackson-2.27.jar:/home/user/.m2/repository/org/glassfish/jersey/ext/jersey-entity-filtering/2.27/jersey-entity-filtering-2.27.jar:/home/user/.m2/repository/org/jooq/jooq/3.11.10/jooq-3.11.10.jar:/home/user/.m2/repository/org/jooq/jooq-meta/3.11.10/jooq-meta-3.11.10.jar:/home/user/.m2/repository/org/jooq/jooq-codegen/3.11.10/jooq-codegen-3.11.10.jar:/home/user/.m2/repository/com/jolbox/bonecp/0.8.0.RELEASE/bonecp-0.8.0.RELEASE.jar:/home/user/.m2/repository/org/apache/derby/derby/10.14.2.0/derby-10.14.2.0.jar:/home/user/.m2/repository/org/xerial/sqlite-jdbc/3.25.2/sqlite-jdbc-3.25.2.jar:/home/user/.m2/repository/org/springframework/spring-jdbc/5.2.11.RELEASE/spring-jdbc-5.2.11.RELEASE.jar:/home/user/.m2/repository/org/springframework/spring-beans/5.2.11.RELEASE/spring-beans-5.2.11.RELEASE.jar:/home/user/.m2/repository/org/springframework/spring-core/5.2.11.RELEASE/spring-core-5.2.11.RELEASE.jar:/home/user/.m2/repository/org/springframework/spring-jcl/5.2.11.RELEASE/spring-jcl-5.2.11.RELEASE.jar:/home/user/.m2/repository/org/springframework/spring-tx/5.2.11.RELEASE/spring-tx-5.2.11.RELEASE.jar:/home/user/.m2/repository/org/apache/hadoop/hadoop-ozone-client/1.1.0-SNAPSHOT/hadoop-ozone-client-1.1.0-SNAPSHOT.jar:/home/user/.m2/repository/org/apache/hadoop/hadoop-ozone-filesystem/1.1.0-SNAPSHOT/hadoop-ozone-filesystem-1.1.0-SNAPSHOT.jar:/home/user/.m2/repository/org/apache/hadoop/hadoop-ozone-filesystem-common/1.1.0-SNAPSHOT/hadoop-ozone-filesystem-common-1.1.0-SNAPSHOT.jar:/home/user/.m2/repository/org/apache/hadoop/hadoop-ozone-tools/1.1.0-SNAPSHOT/hadoop-ozone-tools-1.1.0-SNAPSHOT.jar:/home/user/.m2/repository/org/apache/ratis/ratis-tools/1.1.0-35f17fa-SNAPSHOT/ratis-tools-1.1.0-35f17fa-SNAPSHOT.jar:/home/user/.m2/repository/org/apache/ratis/ratis-proto/1.1.0-35f17fa-SNAPSHOT/ratis-proto-1.1.0-35f17fa-SNAPSHOT.jar:/home/user/.m2/repository/org/apache/ratis/ratis-common/1.1.0-35f17fa-SNAPSHOT/ratis-common-1.1.0-35f17fa-SNAPSHOT.jar:/home/user/.m2/repository/com/amazonaws/aws-java-sdk-core/1.11.901/aws-java-sdk-core-1.11.901.jar:/home/user/.m2/repository/org/apache/httpcomponents/httpclient/4.5.13/httpclient-4.5.13.jar:/home/user/.m2/repository/org/apache/httpcomponents/httpcore/4.4.13/httpcore-4.4.13.jar:/home/user/.m2/repository/software/amazon/ion/ion-java/1.0.2/ion-java-1.0.2.jar:/home/user/.m2/repository/com/fasterxml/jackson/dataformat/jackson-dataformat-cbor/2.10.3/jackson-dataformat-cbor-2.10.3.jar:/home/user/.m2/repository/joda-time/joda-time/2.8.1/joda-time-2.8.1.jar:/home/user/.m2/repository/com/amazonaws/aws-java-sdk-s3/1.11.901/aws-java-sdk-s3-1.11.901.jar:/home/user/.m2/repository/com/amazonaws/aws-java-sdk-kms/1.11.901/aws-java-sdk-kms-1.11.901.jar:/home/user/.m2/repository/com/amazonaws/jmespath-java/1.11.901/jmespath-java-1.11.901.jar:/home/user/.m2/repository/org/kohsuke/metainf-services/metainf-services/1.8/metainf-services-1.8.jar:/home/user/.m2/repository/org/apache/hadoop/hadoop-hdds-tools/1.1.0-SNAPSHOT/hadoop-hdds-tools-1.1.0-SNAPSHOT.jar:/home/user/.m2/repository/commons-cli/commons-cli/1.2/commons-cli-1.2.jar:/home/user/.m2/repository/org/apache/commons/commons-lang3/3.7/commons-lang3-3.7.jar:/home/user/.m2/repository/org/apache/hadoop/hadoop-ozone-ozone-manager/1.1.0-SNAPSHOT/hadoop-ozone-ozone-manager-1.1.0-SNAPSHOT-tests.jar:/home/user/.m2/repository/org/apache/hadoop/hadoop-hdds-common/1.1.0-SNAPSHOT/hadoop-hdds-common-1.1.0-SNAPSHOT-tests.jar:/home/user/.m2/repository/org/apache/hadoop/hadoop-hdds-hadoop-dependency-client/1.1.0-SNAPSHOT/hadoop-hdds-hadoop-dependency-client-1.1.0-SNAPSHOT.jar:/home/user/.m2/repository/info/picocli/picocli/4.4.0/picocli-4.4.0.jar:/home/user/.m2/repository/com/fasterxml/jackson/core/jackson-annotations/2.10.3/jackson-annotations-2.10.3.jar:/home/user/.m2/repository/javax/annotation/javax.annotation-api/1.2/javax.annotation-api-1.2.jar:/home/user/.m2/repository/org/fusesource/leveldbjni/leveldbjni-all/1.8/leveldbjni-all-1.8.jar:/home/user/.m2/repository/org/apache/ratis/ratis-server/1.1.0-35f17fa-SNAPSHOT/ratis-server-1.1.0-35f17fa-SNAPSHOT.jar:/home/user/.m2/repository/org/apache/ratis/ratis-client/1.1.0-35f17fa-SNAPSHOT/ratis-client-1.1.0-35f17fa-SNAPSHOT.jar:/home/user/.m2/repository/org/apache/ratis/ratis-server-api/1.1.0-35f17fa-SNAPSHOT/ratis-server-api-1.1.0-35f17fa-SNAPSHOT.jar:/home/user/.m2/repository/org/apache/ratis/ratis-metrics/1.1.0-35f17fa-SNAPSHOT/ratis-metrics-1.1.0-35f17fa-SNAPSHOT.jar:/home/user/.m2/repository/org/apache/ratis/ratis-netty/1.1.0-35f17fa-SNAPSHOT/ratis-netty-1.1.0-35f17fa-SNAPSHOT.jar:/home/user/.m2/repository/org/apache/ratis/ratis-grpc/1.1.0-35f17fa-SNAPSHOT/ratis-grpc-1.1.0-35f17fa-SNAPSHOT.jar:/home/user/.m2/repository/org/apache/logging/log4j/log4j-api/2.13.3/log4j-api-2.13.3.jar:/home/user/.m2/repository/org/apache/logging/log4j/log4j-core/2.13.3/log4j-core-2.13.3.jar:/home/user/.m2/repository/com/lmax/disruptor/3.4.2/disruptor-3.4.2.jar:/home/user/.m2/repository/org/apache/commons/commons-pool2/2.6.0/commons-pool2-2.6.0.jar:/home/user/.m2/repository/org/bouncycastle/bcpkix-jdk15on/1.67/bcpkix-jdk15on-1.67.jar:/home/user/.m2/repository/commons-validator/commons-validator/1.6/commons-validator-1.6.jar:/home/user/.m2/repository/commons-beanutils/commons-beanutils/1.9.4/commons-beanutils-1.9.4.jar:/home/user/.m2/repository/commons-digester/commons-digester/1.8.1/commons-digester-1.8.1.jar:/home/user/.m2/repository/commons-collections/commons-collections/3.2.2/commons-collections-3.2.2.jar:/home/user/.m2/repository/io/jaegertracing/jaeger-client/1.2.0/jaeger-client-1.2.0.jar:/home/user/.m2/repository/io/jaegertracing/jaeger-thrift/1.2.0/jaeger-thrift-1.2.0.jar:/home/user/.m2/repository/org/apache/thrift/libthrift/0.13.0/libthrift-0.13.0.jar:/home/user/.m2/repository/com/squareup/okhttp3/okhttp/4.2.2/okhttp-4.2.2.jar:/home/user/.m2/repository/com/squareup/okio/okio/2.2.2/okio-2.2.2.jar:/home/user/.m2/repository/org/jetbrains/kotlin/kotlin-stdlib/1.3.50/kotlin-stdlib-1.3.50.jar:/home/user/.m2/repository/org/jetbrains/kotlin/kotlin-stdlib-common/1.3.50/kotlin-stdlib-common-1.3.50.jar:/home/user/.m2/repository/org/jetbrains/annotations/13.0/annotations-13.0.jar:/home/user/.m2/repository/io/jaegertracing/jaeger-core/1.2.0/jaeger-core-1.2.0.jar:/home/user/.m2/repository/io/jaegertracing/jaeger-tracerresolver/1.2.0/jaeger-tracerresolver-1.2.0.jar:/home/user/.m2/repository/io/opentracing/contrib/opentracing-tracerresolver/0.1.8/opentracing-tracerresolver-0.1.8.jar:/home/user/.m2/repository/io/opentracing/opentracing-util/0.33.0/opentracing-util-0.33.0.jar:/home/user/.m2/repository/io/opentracing/opentracing-api/0.33.0/opentracing-api-0.33.0.jar:/home/user/.m2/repository/io/opentracing/opentracing-noop/0.33.0/opentracing-noop-0.33.0.jar:/home/user/.m2/repository/org/yaml/snakeyaml/1.26/snakeyaml-1.26.jar:/home/user/.m2/repository/junit/junit/4.11/junit-4.11.jar:/home/user/.m2/repository/org/hamcrest/hamcrest-core/1.3/hamcrest-core-1.3.jar:/home/user/.m2/repository/org/openjdk/jmh/jmh-core/1.19/jmh-core-1.19.jar:/home/user/.m2/repository/net/sf/jopt-simple/jopt-simple/4.6/jopt-simple-4.6.jar:/home/user/.m2/repository/org/apache/commons/commons-math3/3.1.1/commons-math3-3.1.1.jar:/home/user/.m2/repository/org/openjdk/jmh/jmh-generator-annprocess/1.19/jmh-generator-annprocess-1.19.jar:/home/user/.m2/repository/org/mockito/mockito-all/1.8.5/mockito-all-1.8.5.jar:/home/user/.m2/repository/org/apache/hadoop/hadoop-kms/3.2.1/hadoop-kms-3.2.1.jar:/home/user/.m2/repository/org/apache/hadoop/hadoop-auth/3.2.1/hadoop-auth-3.2.1.jar:/home/user/.m2/repository/com/nimbusds/nimbus-jose-jwt/7.9/nimbus-jose-jwt-7.9.jar:/home/user/.m2/repository/com/github/stephenc/jcip/jcip-annotations/1.0-1/jcip-annotations-1.0-1.jar:/home/user/.m2/repository/net/minidev/json-smart/2.3/json-smart-2.3.jar:/home/user/.m2/repository/net/minidev/accessors-smart/1.2/accessors-smart-1.2.jar:/home/user/.m2/repository/org/ow2/asm/asm/5.0.4/asm-5.0.4.jar:/home/user/.m2/repository/org/apache/zookeeper/zookeeper/3.4.13/zookeeper-3.4.13.jar:/home/user/.m2/repository/org/apache/yetus/audience-annotations/0.5.0/audience-annotations-0.5.0.jar:/home/user/.m2/repository/org/apache/curator/curator-framework/2.13.0/curator-framework-2.13.0.jar:/home/user/.m2/repository/com/sun/jersey/jersey-core/1.19/jersey-core-1.19.jar:/home/user/.m2/repository/javax/ws/rs/jsr311-api/1.1.1/jsr311-api-1.1.1.jar:/home/user/.m2/repository/com/sun/jersey/jersey-server/1.19/jersey-server-1.19.jar:/home/user/.m2/repository/javax/servlet/javax.servlet-api/3.1.0/javax.servlet-api-3.1.0.jar:/home/user/.m2/repository/org/eclipse/jetty/jetty-server/9.4.34.v20201102/jetty-server-9.4.34.v20201102.jar:/home/user/.m2/repository/org/eclipse/jetty/jetty-http/9.4.34.v20201102/jetty-http-9.4.34.v20201102.jar:/home/user/.m2/repository/org/eclipse/jetty/jetty-io/9.4.34.v20201102/jetty-io-9.4.34.v20201102.jar:/home/user/.m2/repository/org/eclipse/jetty/jetty-webapp/9.4.34.v20201102/jetty-webapp-9.4.34.v20201102.jar:/home/user/.m2/repository/org/eclipse/jetty/jetty-xml/9.4.34.v20201102/jetty-xml-9.4.34.v20201102.jar:/home/user/.m2/repository/org/apache/hadoop/hadoop-common/3.2.1/hadoop-common-3.2.1.jar:/home/user/.m2/repository/commons-net/commons-net/3.6/commons-net-3.6.jar:/home/user/.m2/repository/com/sun/jersey/jersey-servlet/1.19/jersey-servlet-1.19.jar:/home/user/.m2/repository/com/sun/jersey/jersey-json/1.19/jersey-json-1.19.jar:/home/user/.m2/repository/org/codehaus/jettison/jettison/1.1/jettison-1.1.jar:/home/user/.m2/repository/org/codehaus/jackson/jackson-jaxrs/1.9.2/jackson-jaxrs-1.9.2.jar:/home/user/.m2/repository/org/codehaus/jackson/jackson-xc/1.9.2/jackson-xc-1.9.2.jar:/home/user/.m2/repository/org/apache/commons/commons-configuration2/2.1.1/commons-configuration2-2.1.1.jar:/home/user/.m2/repository/org/apache/commons/commons-text/1.4/commons-text-1.4.jar:/home/user/.m2/repository/com/google/re2j/re2j/1.1/re2j-1.1.jar:/home/user/.m2/repository/com/jcraft/jsch/0.1.54/jsch-0.1.54.jar:/home/user/.m2/repository/org/apache/curator/curator-client/2.13.0/curator-client-2.13.0.jar:/home/user/.m2/repository/org/apache/curator/curator-recipes/2.13.0/curator-recipes-2.13.0.jar:/home/user/.m2/repository/dnsjava/dnsjava/2.1.7/dnsjava-2.1.7.jar:/home/user/.m2/repository/org/slf4j/jul-to-slf4j/1.7.30/jul-to-slf4j-1.7.30.jar:/home/user/.m2/repository/org/eclipse/jetty/jetty-util/9.4.34.v20201102/jetty-util-9.4.34.v20201102.jar:/home/user/.m2/repository/com/fasterxml/jackson/core/jackson-databind/2.10.3/jackson-databind-2.10.3.jar:/home/user/.m2/repository/org/apache/hadoop/hadoop-kms/3.2.1/hadoop-kms-3.2.1-tests.jar:/home/user/.m2/repository/org/apache/hadoop/hadoop-hdds-server-scm/1.1.0-SNAPSHOT/hadoop-hdds-server-scm-1.1.0-SNAPSHOT-tests.jar:/home/user/.m2/repository/org/apache/hadoop/hadoop-hdds-container-service/1.1.0-SNAPSHOT/hadoop-hdds-container-service-1.1.0-SNAPSHOT-tests.jar:/home/user/.m2/repository/commons-codec/commons-codec/1.11/commons-codec-1.11.jar:/home/user/.m2/repository/org/apache/hadoop/hadoop-hdds-hadoop-dependency-test/1.1.0-SNAPSHOT/hadoop-hdds-hadoop-dependency-test-1.1.0-SNAPSHOT.jar:/home/user/.m2/repository/org/apache/hadoop/hadoop-common/3.2.1/hadoop-common-3.2.1-tests.jar:/home/user/.m2/repository/org/apache/hadoop/hadoop-hdfs/3.2.1/hadoop-hdfs-3.2.1-tests.jar:/home/user/.m2/repository/org/eclipse/jetty/jetty-util-ajax/9.4.34.v20201102/jetty-util-ajax-9.4.34.v20201102.jar:/home/user/.m2/repository/commons-daemon/commons-daemon/1.0.13/commons-daemon-1.0.13.jar:/home/user/.m2/repository/io/netty/netty/3.10.5.Final/netty-3.10.5.Final.jar:/home/user/.m2/repository/io/netty/netty-all/4.1.48.Final/netty-all-4.1.48.Final.jar:/home/user/.m2/repository/org/apache/htrace/htrace-core4/4.1.0-incubating/htrace-core4-4.1.0-incubating.jar:/home/user/.m2/repository/org/apache/hadoop/hadoop-distcp/3.2.1/hadoop-distcp-3.2.1.jar:/home/user/.m2/repository/org/apache/hadoop/hadoop-mapreduce-client-jobclient/3.2.1/hadoop-mapreduce-client-jobclient-3.2.1.jar:/home/user/.m2/repository/org/apache/hadoop/hadoop-mapreduce-client-common/3.2.1/hadoop-mapreduce-client-common-3.2.1.jar:/home/user/.m2/repository/org/apache/hadoop/hadoop-yarn-common/3.2.1/hadoop-yarn-common-3.2.1.jar:/home/user/.m2/repository/org/apache/hadoop/hadoop-yarn-api/3.2.1/hadoop-yarn-api-3.2.1.jar:/home/user/.m2/repository/com/sun/jersey/jersey-client/1.19/jersey-client-1.19.jar:/home/user/.m2/repository/com/sun/jersey/contribs/jersey-guice/1.19/jersey-guice-1.19.jar:/home/user/.m2/repository/com/fasterxml/jackson/jaxrs/jackson-jaxrs-json-provider/2.10.3/jackson-jaxrs-json-provider-2.10.3.jar:/home/user/.m2/repository/com/fasterxml/jackson/jaxrs/jackson-jaxrs-base/2.10.3/jackson-jaxrs-base-2.10.3.jar:/home/user/.m2/repository/org/apache/hadoop/hadoop-yarn-client/3.2.1/hadoop-yarn-client-3.2.1.jar:/home/user/.m2/repository/org/apache/hadoop/hadoop-mapreduce-client-core/3.2.1/hadoop-mapreduce-client-core-3.2.1.jar:/home/user/.m2/repository/org/apache/avro/avro/1.7.7/avro-1.7.7.jar:/home/user/.m2/repository/org/codehaus/jackson/jackson-core-asl/1.9.13/jackson-core-asl-1.9.13.jar:/home/user/.m2/repository/org/codehaus/jackson/jackson-mapper-asl/1.9.13/jackson-mapper-asl-1.9.13.jar:/home/user/.m2/repository/com/thoughtworks/paranamer/paranamer/2.3/paranamer-2.3.jar:/home/user/.m2/repository/org/xerial/snappy/snappy-java/1.0.5/snappy-java-1.0.5.jar:/home/user/.m2/repository/org/apache/hadoop/hadoop-annotations/3.2.1/hadoop-annotations-3.2.1.jar:/usr/lib/jvm/java-1.8.0-openjdk-1.8.0.232.b09-0.el7_7.x86_64/jre/../lib/tools.jar:/home/user/.m2/repository/org/apache/hadoop/hadoop-distcp/3.2.1/hadoop-distcp-3.2.1-tests.jar:"/>
    <property name="java.vm.vendor" value="Oracle Corporation"/>
    <property name="sun.arch.data.model" value="64"/>
    <property name="test.build.dir" value="/github/workspace/mnt/ozone/hadoop-ozone/integration-test/target/test-dir"/>
    <property name="test.cache.data" value=""/>
    <property name="java.vendor.url" value="http://java.oracle.com/"/>
    <property name="user.timezone" value=""/>
    <property name="java.vm.specification.version" value="1.8"/>
    <property name="os.name" value="Linux"/>
    <property name="test.build.data" value="/github/workspace/mnt/ozone/hadoop-ozone/integration-test/target/test-dir"/>
    <property name="user.country" value="US"/>
    <property name="sun.java.launcher" value="SUN_STANDARD"/>
    <property name="sun.boot.library.path" value="/usr/lib/jvm/java-1.8.0-openjdk-1.8.0.232.b09-0.el7_7.x86_64/jre/lib/amd64"/>
    <property name="sun.java.command" value="/github/workspace/mnt/ozone/hadoop-ozone/integration-test/target/surefire/surefirebooter7432218216494913984.jar /github/workspace/mnt/ozone/hadoop-ozone/integration-test/target/surefire 2021-01-10T13-21-21_940-jvmRun1 surefire1066605845451145237tmp surefire_138284696419460510934tmp"/>
    <property name="surefire.test.class.path" value="/github/workspace/mnt/ozone/hadoop-ozone/integration-test/target/test-classes:/github/workspace/mnt/ozone/hadoop-ozone/integration-test/target/classes:/home/user/.m2/repository/org/apache/hadoop/hadoop-ozone-common/1.1.0-SNAPSHOT/hadoop-ozone-common-1.1.0-SNAPSHOT.jar:/home/user/.m2/repository/org/apache/commons/commons-compress/1.4.1/commons-compress-1.4.1.jar:/home/user/.m2/repository/org/tukaani/xz/1.0/xz-1.0.jar:/home/user/.m2/repository/org/apache/hadoop/hadoop-hdds-common/1.1.0-SNAPSHOT/hadoop-hdds-common-1.1.0-SNAPSHOT.jar:/home/user/.m2/repository/org/apache/hadoop/hadoop-hdds-client/1.1.0-SNAPSHOT/hadoop-hdds-client-1.1.0-SNAPSHOT.jar:/home/user/.m2/repository/org/apache/hadoop/hadoop-ozone-interface-client/1.1.0-SNAPSHOT/hadoop-ozone-interface-client-1.1.0-SNAPSHOT.jar:/home/user/.m2/repository/org/apache/hadoop/hadoop-hdds-test-utils/1.1.0-SNAPSHOT/hadoop-hdds-test-utils-1.1.0-SNAPSHOT.jar:/home/user/.m2/repository/com/google/guava/guava/28.2-jre/guava-28.2-jre.jar:/home/user/.m2/repository/com/google/guava/failureaccess/1.0.1/failureaccess-1.0.1.jar:/home/user/.m2/repository/com/google/guava/listenablefuture/9999.0-empty-to-avoid-conflict-with-guava/listenablefuture-9999.0-empty-to-avoid-conflict-with-guava.jar:/home/user/.m2/repository/com/google/code/findbugs/jsr305/3.0.0/jsr305-3.0.0.jar:/home/user/.m2/repository/org/checkerframework/checker-qual/2.10.0/checker-qual-2.10.0.jar:/home/user/.m2/repository/com/google/errorprone/error_prone_annotations/2.2.0/error_prone_annotations-2.2.0.jar:/home/user/.m2/repository/com/google/j2objc/j2objc-annotations/1.3/j2objc-annotations-1.3.jar:/home/user/.m2/repository/commons-io/commons-io/2.5/commons-io-2.5.jar:/home/user/.m2/repository/commons-logging/commons-logging/1.2/commons-logging-1.2.jar:/home/user/.m2/repository/log4j/log4j/1.2.17/log4j-1.2.17.jar:/home/user/.m2/repository/org/slf4j/slf4j-api/1.7.30/slf4j-api-1.7.30.jar:/home/user/.m2/repository/org/apache/hadoop/hadoop-hdds-server-scm/1.1.0-SNAPSHOT/hadoop-hdds-server-scm-1.1.0-SNAPSHOT.jar:/home/user/.m2/repository/org/apache/hadoop/hadoop-hdds-container-service/1.1.0-SNAPSHOT/hadoop-hdds-container-service-1.1.0-SNAPSHOT.jar:/home/user/.m2/repository/org/apache/hadoop/hadoop-hdds-hadoop-dependency-server/1.1.0-SNAPSHOT/hadoop-hdds-hadoop-dependency-server-1.1.0-SNAPSHOT.jar:/home/user/.m2/repository/org/apache/hadoop/hadoop-hdfs/3.2.1/hadoop-hdfs-3.2.1.jar:/home/user/.m2/repository/org/apache/hadoop/hadoop-hdds-server-framework/1.1.0-SNAPSHOT/hadoop-hdds-server-framework-1.1.0-SNAPSHOT.jar:/home/user/.m2/repository/org/apache/hadoop/hadoop-hdds-interface-server/1.1.0-SNAPSHOT/hadoop-hdds-interface-server-1.1.0-SNAPSHOT.jar:/home/user/.m2/repository/org/apache/hadoop/hadoop-hdds-interface-admin/1.1.0-SNAPSHOT/hadoop-hdds-interface-admin-1.1.0-SNAPSHOT.jar:/home/user/.m2/repository/org/eclipse/jetty/jetty-servlet/9.4.34.v20201102/jetty-servlet-9.4.34.v20201102.jar:/home/user/.m2/repository/org/eclipse/jetty/jetty-security/9.4.34.v20201102/jetty-security-9.4.34.v20201102.jar:/home/user/.m2/repository/org/rocksdb/rocksdbjni/6.8.1/rocksdbjni-6.8.1.jar:/home/user/.m2/repository/io/prometheus/simpleclient_dropwizard/0.7.0/simpleclient_dropwizard-0.7.0.jar:/home/user/.m2/repository/io/prometheus/simpleclient/0.7.0/simpleclient-0.7.0.jar:/home/user/.m2/repository/io/prometheus/simpleclient_common/0.7.0/simpleclient_common-0.7.0.jar:/home/user/.m2/repository/com/fasterxml/jackson/datatype/jackson-datatype-jsr310/2.10.3/jackson-datatype-jsr310-2.10.3.jar:/home/user/.m2/repository/io/dropwizard/metrics/metrics-core/3.2.4/metrics-core-3.2.4.jar:/home/user/.m2/repository/org/apache/hadoop/hadoop-hdfs-client/3.2.1/hadoop-hdfs-client-3.2.1.jar:/home/user/.m2/repository/org/bouncycastle/bcprov-jdk15on/1.67/bcprov-jdk15on-1.67.jar:/home/user/.m2/repository/org/apache/hadoop/hadoop-ozone-ozone-manager/1.1.0-SNAPSHOT/hadoop-ozone-ozone-manager-1.1.0-SNAPSHOT.jar:/home/user/.m2/repository/org/apache/hadoop/hadoop-hdds-interface-client/1.1.0-SNAPSHOT/hadoop-hdds-interface-client-1.1.0-SNAPSHOT.jar:/home/user/.m2/repository/org/apache/ratis/ratis-thirdparty-misc/0.6.0-SNAPSHOT/ratis-thirdparty-misc-0.6.0-SNAPSHOT.jar:/home/user/.m2/repository/org/apache/hadoop/hadoop-ozone-interface-storage/1.1.0-SNAPSHOT/hadoop-ozone-interface-storage-1.1.0-SNAPSHOT.jar:/home/user/.m2/repository/org/apache/hadoop/hadoop-minikdc/3.2.1/hadoop-minikdc-3.2.1.jar:/home/user/.m2/repository/org/apache/kerby/kerb-simplekdc/1.0.1/kerb-simplekdc-1.0.1.jar:/home/user/.m2/repository/org/apache/kerby/kerb-client/1.0.1/kerb-client-1.0.1.jar:/home/user/.m2/repository/org/apache/kerby/kerby-config/1.0.1/kerby-config-1.0.1.jar:/home/user/.m2/repository/org/apache/kerby/kerb-core/1.0.1/kerb-core-1.0.1.jar:/home/user/.m2/repository/org/apache/kerby/kerby-pkix/1.0.1/kerby-pkix-1.0.1.jar:/home/user/.m2/repository/org/apache/kerby/kerby-asn1/1.0.1/kerby-asn1-1.0.1.jar:/home/user/.m2/repository/org/apache/kerby/kerby-util/1.0.1/kerby-util-1.0.1.jar:/home/user/.m2/repository/org/apache/kerby/kerb-common/1.0.1/kerb-common-1.0.1.jar:/home/user/.m2/repository/org/apache/kerby/kerb-crypto/1.0.1/kerb-crypto-1.0.1.jar:/home/user/.m2/repository/org/apache/kerby/kerb-util/1.0.1/kerb-util-1.0.1.jar:/home/user/.m2/repository/org/apache/kerby/token-provider/1.0.1/token-provider-1.0.1.jar:/home/user/.m2/repository/org/apache/kerby/kerb-admin/1.0.1/kerb-admin-1.0.1.jar:/home/user/.m2/repository/org/apache/kerby/kerb-server/1.0.1/kerb-server-1.0.1.jar:/home/user/.m2/repository/org/apache/kerby/kerb-identity/1.0.1/kerb-identity-1.0.1.jar:/home/user/.m2/repository/org/apache/kerby/kerby-xdr/1.0.1/kerby-xdr-1.0.1.jar:/home/user/.m2/repository/org/slf4j/slf4j-log4j12/1.7.30/slf4j-log4j12-1.7.30.jar:/home/user/.m2/repository/org/apache/hadoop/hadoop-ozone-s3gateway/1.1.0-SNAPSHOT/hadoop-ozone-s3gateway-1.1.0-SNAPSHOT.jar:/home/user/.m2/repository/org/jboss/weld/servlet/weld-servlet/2.4.7.Final/weld-servlet-2.4.7.Final.jar:/home/user/.m2/repository/org/glassfish/jersey/containers/jersey-container-servlet-core/2.27/jersey-container-servlet-core-2.27.jar:/home/user/.m2/repository/org/glassfish/hk2/external/javax.inject/2.5.0-b42/javax.inject-2.5.0-b42.jar:/home/user/.m2/repository/org/glassfish/jersey/core/jersey-common/2.27/jersey-common-2.27.jar:/home/user/.m2/repository/org/glassfish/hk2/osgi-resource-locator/1.0.1/osgi-resource-locator-1.0.1.jar:/home/user/.m2/repository/javax/ws/rs/javax.ws.rs-api/2.1/javax.ws.rs-api-2.1.jar:/home/user/.m2/repository/org/glassfish/jersey/ext/cdi/jersey-cdi1x/2.27/jersey-cdi1x-2.27.jar:/home/user/.m2/repository/org/glassfish/jersey/inject/jersey-hk2/2.27/jersey-hk2-2.27.jar:/home/user/.m2/repository/org/glassfish/hk2/hk2-locator/2.5.0-b42/hk2-locator-2.5.0-b42.jar:/home/user/.m2/repository/org/javassist/javassist/3.22.0-CR2/javassist-3.22.0-CR2.jar:/home/user/.m2/repository/org/glassfish/hk2/hk2-api/2.5.0/hk2-api-2.5.0.jar:/home/user/.m2/repository/org/glassfish/hk2/external/jakarta.inject/2.5.0/jakarta.inject-2.5.0.jar:/home/user/.m2/repository/org/glassfish/hk2/hk2-utils/2.5.0/hk2-utils-2.5.0.jar:/home/user/.m2/repository/jakarta/annotation/jakarta.annotation-api/1.3.4/jakarta.annotation-api-1.3.4.jar:/home/user/.m2/repository/org/glassfish/hk2/external/aopalliance-repackaged/2.5.0/aopalliance-repackaged-2.5.0.jar:/home/user/.m2/repository/com/fasterxml/jackson/dataformat/jackson-dataformat-xml/2.10.3/jackson-dataformat-xml-2.10.3.jar:/home/user/.m2/repository/com/fasterxml/jackson/core/jackson-core/2.10.3/jackson-core-2.10.3.jar:/home/user/.m2/repository/com/fasterxml/jackson/module/jackson-module-jaxb-annotations/2.10.3/jackson-module-jaxb-annotations-2.10.3.jar:/home/user/.m2/repository/jakarta/xml/bind/jakarta.xml.bind-api/2.3.2/jakarta.xml.bind-api-2.3.2.jar:/home/user/.m2/repository/jakarta/activation/jakarta.activation-api/1.2.1/jakarta.activation-api-1.2.1.jar:/home/user/.m2/repository/org/codehaus/woodstox/stax2-api/3.1.4/stax2-api-3.1.4.jar:/home/user/.m2/repository/com/fasterxml/woodstox/woodstox-core/5.0.3/woodstox-core-5.0.3.jar:/home/user/.m2/repository/javax/enterprise/cdi-api/1.2/cdi-api-1.2.jar:/home/user/.m2/repository/javax/el/javax.el-api/3.0.0/javax.el-api-3.0.0.jar:/home/user/.m2/repository/javax/interceptor/javax.interceptor-api/1.2/javax.interceptor-api-1.2.jar:/home/user/.m2/repository/javax/inject/javax.inject/1/javax.inject-1.jar:/home/user/.m2/repository/com/sun/xml/bind/jaxb-impl/2.3.0.1/jaxb-impl-2.3.0.1.jar:/home/user/.m2/repository/com/sun/xml/bind/jaxb-core/2.3.0.1/jaxb-core-2.3.0.1.jar:/home/user/.m2/repository/javax/xml/bind/jaxb-api/2.3.0/jaxb-api-2.3.0.jar:/home/user/.m2/repository/javax/activation/activation/1.1.1/activation-1.1.1.jar:/home/user/.m2/repository/org/apache/hadoop/hadoop-ozone-csi/1.1.0-SNAPSHOT/hadoop-ozone-csi-1.1.0-SNAPSHOT.jar:/home/user/.m2/repository/com/google/protobuf/protobuf-java-util/3.11.0/protobuf-java-util-3.11.0.jar:/home/user/.m2/repository/com/google/code/gson/gson/2.2.4/gson-2.2.4.jar:/home/user/.m2/repository/org/apache/hadoop/hadoop-hdds-config/1.1.0-SNAPSHOT/hadoop-hdds-config-1.1.0-SNAPSHOT.jar:/home/user/.m2/repository/com/google/protobuf/protobuf-java/2.5.0/protobuf-java-2.5.0.jar:/home/user/.m2/repository/io/grpc/grpc-netty/1.29.0/grpc-netty-1.29.0.jar:/home/user/.m2/repository/io/grpc/grpc-core/1.29.0/grpc-core-1.29.0.jar:/home/user/.m2/repository/com/google/android/annotations/4.1.1.4/annotations-4.1.1.4.jar:/home/user/.m2/repository/io/perfmark/perfmark-api/0.19.0/perfmark-api-0.19.0.jar:/home/user/.m2/repository/io/netty/netty-codec-http2/4.1.48.Final/netty-codec-http2-4.1.48.Final.jar:/home/user/.m2/repository/io/netty/netty-codec/4.1.48.Final/netty-codec-4.1.48.Final.jar:/home/user/.m2/repository/io/netty/netty-handler/4.1.48.Final/netty-handler-4.1.48.Final.jar:/home/user/.m2/repository/io/netty/netty-codec-http/4.1.48.Final/netty-codec-http-4.1.48.Final.jar:/home/user/.m2/repository/io/netty/netty-handler-proxy/4.1.48.Final/netty-handler-proxy-4.1.48.Final.jar:/home/user/.m2/repository/io/netty/netty-codec-socks/4.1.48.Final/netty-codec-socks-4.1.48.Final.jar:/home/user/.m2/repository/io/netty/netty-transport-native-epoll/4.1.48.Final/netty-transport-native-epoll-4.1.48.Final.jar:/home/user/.m2/repository/io/netty/netty-common/4.1.48.Final/netty-common-4.1.48.Final.jar:/home/user/.m2/repository/io/netty/netty-buffer/4.1.48.Final/netty-buffer-4.1.48.Final.jar:/home/user/.m2/repository/io/netty/netty-transport/4.1.48.Final/netty-transport-4.1.48.Final.jar:/home/user/.m2/repository/io/netty/netty-resolver/4.1.48.Final/netty-resolver-4.1.48.Final.jar:/home/user/.m2/repository/io/netty/netty-transport-native-unix-common/4.1.48.Final/netty-transport-native-unix-common-4.1.48.Final.jar:/home/user/.m2/repository/io/grpc/grpc-protobuf/1.29.0/grpc-protobuf-1.29.0.jar:/home/user/.m2/repository/io/grpc/grpc-api/1.29.0/grpc-api-1.29.0.jar:/home/user/.m2/repository/io/grpc/grpc-context/1.29.0/grpc-context-1.29.0.jar:/home/user/.m2/repository/org/codehaus/mojo/animal-sniffer-annotations/1.18/animal-sniffer-annotations-1.18.jar:/home/user/.m2/repository/com/google/api/grpc/proto-google-common-protos/1.17.0/proto-google-common-protos-1.17.0.jar:/home/user/.m2/repository/io/grpc/grpc-protobuf-lite/1.29.0/grpc-protobuf-lite-1.29.0.jar:/home/user/.m2/repository/io/grpc/grpc-stub/1.29.0/grpc-stub-1.29.0.jar:/home/user/.m2/repository/org/apache/hadoop/hadoop-ozone-recon/1.1.0-SNAPSHOT/hadoop-ozone-recon-1.1.0-SNAPSHOT.jar:/home/user/.m2/repository/org/apache/hadoop/hadoop-ozone-reconcodegen/1.1.0-SNAPSHOT/hadoop-ozone-reconcodegen-1.1.0-SNAPSHOT.jar:/home/user/.m2/repository/com/google/inject/extensions/guice-multibindings/4.0/guice-multibindings-4.0.jar:/home/user/.m2/repository/com/google/inject/guice/4.0/guice-4.0.jar:/home/user/.m2/repository/aopalliance/aopalliance/1.0/aopalliance-1.0.jar:/home/user/.m2/repository/com/google/inject/extensions/guice-assistedinject/4.0/guice-assistedinject-4.0.jar:/home/user/.m2/repository/com/google/inject/extensions/guice-servlet/4.0/guice-servlet-4.0.jar:/home/user/.m2/repository/org/glassfish/jersey/containers/jersey-container-servlet/2.27/jersey-container-servlet-2.27.jar:/home/user/.m2/repository/org/glassfish/hk2/guice-bridge/2.5.0/guice-bridge-2.5.0.jar:/home/user/.m2/repository/org/glassfish/jersey/core/jersey-server/2.27/jersey-server-2.27.jar:/home/user/.m2/repository/org/glassfish/jersey/core/jersey-client/2.27/jersey-client-2.27.jar:/home/user/.m2/repository/org/glassfish/jersey/media/jersey-media-jaxb/2.27/jersey-media-jaxb-2.27.jar:/home/user/.m2/repository/javax/validation/validation-api/1.1.0.Final/validation-api-1.1.0.Final.jar:/home/user/.m2/repository/org/glassfish/jersey/media/jersey-media-json-jackson/2.27/jersey-media-json-jackson-2.27.jar:/home/user/.m2/repository/org/glassfish/jersey/ext/jersey-entity-filtering/2.27/jersey-entity-filtering-2.27.jar:/home/user/.m2/repository/org/jooq/jooq/3.11.10/jooq-3.11.10.jar:/home/user/.m2/repository/org/jooq/jooq-meta/3.11.10/jooq-meta-3.11.10.jar:/home/user/.m2/repository/org/jooq/jooq-codegen/3.11.10/jooq-codegen-3.11.10.jar:/home/user/.m2/repository/com/jolbox/bonecp/0.8.0.RELEASE/bonecp-0.8.0.RELEASE.jar:/home/user/.m2/repository/org/apache/derby/derby/10.14.2.0/derby-10.14.2.0.jar:/home/user/.m2/repository/org/xerial/sqlite-jdbc/3.25.2/sqlite-jdbc-3.25.2.jar:/home/user/.m2/repository/org/springframework/spring-jdbc/5.2.11.RELEASE/spring-jdbc-5.2.11.RELEASE.jar:/home/user/.m2/repository/org/springframework/spring-beans/5.2.11.RELEASE/spring-beans-5.2.11.RELEASE.jar:/home/user/.m2/repository/org/springframework/spring-core/5.2.11.RELEASE/spring-core-5.2.11.RELEASE.jar:/home/user/.m2/repository/org/springframework/spring-jcl/5.2.11.RELEASE/spring-jcl-5.2.11.RELEASE.jar:/home/user/.m2/repository/org/springframework/spring-tx/5.2.11.RELEASE/spring-tx-5.2.11.RELEASE.jar:/home/user/.m2/repository/org/apache/hadoop/hadoop-ozone-client/1.1.0-SNAPSHOT/hadoop-ozone-client-1.1.0-SNAPSHOT.jar:/home/user/.m2/repository/org/apache/hadoop/hadoop-ozone-filesystem/1.1.0-SNAPSHOT/hadoop-ozone-filesystem-1.1.0-SNAPSHOT.jar:/home/user/.m2/repository/org/apache/hadoop/hadoop-ozone-filesystem-common/1.1.0-SNAPSHOT/hadoop-ozone-filesystem-common-1.1.0-SNAPSHOT.jar:/home/user/.m2/repository/org/apache/hadoop/hadoop-ozone-tools/1.1.0-SNAPSHOT/hadoop-ozone-tools-1.1.0-SNAPSHOT.jar:/home/user/.m2/repository/org/apache/ratis/ratis-tools/1.1.0-35f17fa-SNAPSHOT/ratis-tools-1.1.0-35f17fa-SNAPSHOT.jar:/home/user/.m2/repository/org/apache/ratis/ratis-proto/1.1.0-35f17fa-SNAPSHOT/ratis-proto-1.1.0-35f17fa-SNAPSHOT.jar:/home/user/.m2/repository/org/apache/ratis/ratis-common/1.1.0-35f17fa-SNAPSHOT/ratis-common-1.1.0-35f17fa-SNAPSHOT.jar:/home/user/.m2/repository/com/amazonaws/aws-java-sdk-core/1.11.901/aws-java-sdk-core-1.11.901.jar:/home/user/.m2/repository/org/apache/httpcomponents/httpclient/4.5.13/httpclient-4.5.13.jar:/home/user/.m2/repository/org/apache/httpcomponents/httpcore/4.4.13/httpcore-4.4.13.jar:/home/user/.m2/repository/software/amazon/ion/ion-java/1.0.2/ion-java-1.0.2.jar:/home/user/.m2/repository/com/fasterxml/jackson/dataformat/jackson-dataformat-cbor/2.10.3/jackson-dataformat-cbor-2.10.3.jar:/home/user/.m2/repository/joda-time/joda-time/2.8.1/joda-time-2.8.1.jar:/home/user/.m2/repository/com/amazonaws/aws-java-sdk-s3/1.11.901/aws-java-sdk-s3-1.11.901.jar:/home/user/.m2/repository/com/amazonaws/aws-java-sdk-kms/1.11.901/aws-java-sdk-kms-1.11.901.jar:/home/user/.m2/repository/com/amazonaws/jmespath-java/1.11.901/jmespath-java-1.11.901.jar:/home/user/.m2/repository/org/kohsuke/metainf-services/metainf-services/1.8/metainf-services-1.8.jar:/home/user/.m2/repository/org/apache/hadoop/hadoop-hdds-tools/1.1.0-SNAPSHOT/hadoop-hdds-tools-1.1.0-SNAPSHOT.jar:/home/user/.m2/repository/commons-cli/commons-cli/1.2/commons-cli-1.2.jar:/home/user/.m2/repository/org/apache/commons/commons-lang3/3.7/commons-lang3-3.7.jar:/home/user/.m2/repository/org/apache/hadoop/hadoop-ozone-ozone-manager/1.1.0-SNAPSHOT/hadoop-ozone-ozone-manager-1.1.0-SNAPSHOT-tests.jar:/home/user/.m2/repository/org/apache/hadoop/hadoop-hdds-common/1.1.0-SNAPSHOT/hadoop-hdds-common-1.1.0-SNAPSHOT-tests.jar:/home/user/.m2/repository/org/apache/hadoop/hadoop-hdds-hadoop-dependency-client/1.1.0-SNAPSHOT/hadoop-hdds-hadoop-dependency-client-1.1.0-SNAPSHOT.jar:/home/user/.m2/repository/info/picocli/picocli/4.4.0/picocli-4.4.0.jar:/home/user/.m2/repository/com/fasterxml/jackson/core/jackson-annotations/2.10.3/jackson-annotations-2.10.3.jar:/home/user/.m2/repository/javax/annotation/javax.annotation-api/1.2/javax.annotation-api-1.2.jar:/home/user/.m2/repository/org/fusesource/leveldbjni/leveldbjni-all/1.8/leveldbjni-all-1.8.jar:/home/user/.m2/repository/org/apache/ratis/ratis-server/1.1.0-35f17fa-SNAPSHOT/ratis-server-1.1.0-35f17fa-SNAPSHOT.jar:/home/user/.m2/repository/org/apache/ratis/ratis-client/1.1.0-35f17fa-SNAPSHOT/ratis-client-1.1.0-35f17fa-SNAPSHOT.jar:/home/user/.m2/repository/org/apache/ratis/ratis-server-api/1.1.0-35f17fa-SNAPSHOT/ratis-server-api-1.1.0-35f17fa-SNAPSHOT.jar:/home/user/.m2/repository/org/apache/ratis/ratis-metrics/1.1.0-35f17fa-SNAPSHOT/ratis-metrics-1.1.0-35f17fa-SNAPSHOT.jar:/home/user/.m2/repository/org/apache/ratis/ratis-netty/1.1.0-35f17fa-SNAPSHOT/ratis-netty-1.1.0-35f17fa-SNAPSHOT.jar:/home/user/.m2/repository/org/apache/ratis/ratis-grpc/1.1.0-35f17fa-SNAPSHOT/ratis-grpc-1.1.0-35f17fa-SNAPSHOT.jar:/home/user/.m2/repository/org/apache/logging/log4j/log4j-api/2.13.3/log4j-api-2.13.3.jar:/home/user/.m2/repository/org/apache/logging/log4j/log4j-core/2.13.3/log4j-core-2.13.3.jar:/home/user/.m2/repository/com/lmax/disruptor/3.4.2/disruptor-3.4.2.jar:/home/user/.m2/repository/org/apache/commons/commons-pool2/2.6.0/commons-pool2-2.6.0.jar:/home/user/.m2/repository/org/bouncycastle/bcpkix-jdk15on/1.67/bcpkix-jdk15on-1.67.jar:/home/user/.m2/repository/commons-validator/commons-validator/1.6/commons-validator-1.6.jar:/home/user/.m2/repository/commons-beanutils/commons-beanutils/1.9.4/commons-beanutils-1.9.4.jar:/home/user/.m2/repository/commons-digester/commons-digester/1.8.1/commons-digester-1.8.1.jar:/home/user/.m2/repository/commons-collections/commons-collections/3.2.2/commons-collections-3.2.2.jar:/home/user/.m2/repository/io/jaegertracing/jaeger-client/1.2.0/jaeger-client-1.2.0.jar:/home/user/.m2/repository/io/jaegertracing/jaeger-thrift/1.2.0/jaeger-thrift-1.2.0.jar:/home/user/.m2/repository/org/apache/thrift/libthrift/0.13.0/libthrift-0.13.0.jar:/home/user/.m2/repository/com/squareup/okhttp3/okhttp/4.2.2/okhttp-4.2.2.jar:/home/user/.m2/repository/com/squareup/okio/okio/2.2.2/okio-2.2.2.jar:/home/user/.m2/repository/org/jetbrains/kotlin/kotlin-stdlib/1.3.50/kotlin-stdlib-1.3.50.jar:/home/user/.m2/repository/org/jetbrains/kotlin/kotlin-stdlib-common/1.3.50/kotlin-stdlib-common-1.3.50.jar:/home/user/.m2/repository/org/jetbrains/annotations/13.0/annotations-13.0.jar:/home/user/.m2/repository/io/jaegertracing/jaeger-core/1.2.0/jaeger-core-1.2.0.jar:/home/user/.m2/repository/io/jaegertracing/jaeger-tracerresolver/1.2.0/jaeger-tracerresolver-1.2.0.jar:/home/user/.m2/repository/io/opentracing/contrib/opentracing-tracerresolver/0.1.8/opentracing-tracerresolver-0.1.8.jar:/home/user/.m2/repository/io/opentracing/opentracing-util/0.33.0/opentracing-util-0.33.0.jar:/home/user/.m2/repository/io/opentracing/opentracing-api/0.33.0/opentracing-api-0.33.0.jar:/home/user/.m2/repository/io/opentracing/opentracing-noop/0.33.0/opentracing-noop-0.33.0.jar:/home/user/.m2/repository/org/yaml/snakeyaml/1.26/snakeyaml-1.26.jar:/home/user/.m2/repository/junit/junit/4.11/junit-4.11.jar:/home/user/.m2/repository/org/hamcrest/hamcrest-core/1.3/hamcrest-core-1.3.jar:/home/user/.m2/repository/org/openjdk/jmh/jmh-core/1.19/jmh-core-1.19.jar:/home/user/.m2/repository/net/sf/jopt-simple/jopt-simple/4.6/jopt-simple-4.6.jar:/home/user/.m2/repository/org/apache/commons/commons-math3/3.1.1/commons-math3-3.1.1.jar:/home/user/.m2/repository/org/openjdk/jmh/jmh-generator-annprocess/1.19/jmh-generator-annprocess-1.19.jar:/home/user/.m2/repository/org/mockito/mockito-all/1.8.5/mockito-all-1.8.5.jar:/home/user/.m2/repository/org/apache/hadoop/hadoop-kms/3.2.1/hadoop-kms-3.2.1.jar:/home/user/.m2/repository/org/apache/hadoop/hadoop-auth/3.2.1/hadoop-auth-3.2.1.jar:/home/user/.m2/repository/com/nimbusds/nimbus-jose-jwt/7.9/nimbus-jose-jwt-7.9.jar:/home/user/.m2/repository/com/github/stephenc/jcip/jcip-annotations/1.0-1/jcip-annotations-1.0-1.jar:/home/user/.m2/repository/net/minidev/json-smart/2.3/json-smart-2.3.jar:/home/user/.m2/repository/net/minidev/accessors-smart/1.2/accessors-smart-1.2.jar:/home/user/.m2/repository/org/ow2/asm/asm/5.0.4/asm-5.0.4.jar:/home/user/.m2/repository/org/apache/zookeeper/zookeeper/3.4.13/zookeeper-3.4.13.jar:/home/user/.m2/repository/org/apache/yetus/audience-annotations/0.5.0/audience-annotations-0.5.0.jar:/home/user/.m2/repository/org/apache/curator/curator-framework/2.13.0/curator-framework-2.13.0.jar:/home/user/.m2/repository/com/sun/jersey/jersey-core/1.19/jersey-core-1.19.jar:/home/user/.m2/repository/javax/ws/rs/jsr311-api/1.1.1/jsr311-api-1.1.1.jar:/home/user/.m2/repository/com/sun/jersey/jersey-server/1.19/jersey-server-1.19.jar:/home/user/.m2/repository/javax/servlet/javax.servlet-api/3.1.0/javax.servlet-api-3.1.0.jar:/home/user/.m2/repository/org/eclipse/jetty/jetty-server/9.4.34.v20201102/jetty-server-9.4.34.v20201102.jar:/home/user/.m2/repository/org/eclipse/jetty/jetty-http/9.4.34.v20201102/jetty-http-9.4.34.v20201102.jar:/home/user/.m2/repository/org/eclipse/jetty/jetty-io/9.4.34.v20201102/jetty-io-9.4.34.v20201102.jar:/home/user/.m2/repository/org/eclipse/jetty/jetty-webapp/9.4.34.v20201102/jetty-webapp-9.4.34.v20201102.jar:/home/user/.m2/repository/org/eclipse/jetty/jetty-xml/9.4.34.v20201102/jetty-xml-9.4.34.v20201102.jar:/home/user/.m2/repository/org/apache/hadoop/hadoop-common/3.2.1/hadoop-common-3.2.1.jar:/home/user/.m2/repository/commons-net/commons-net/3.6/commons-net-3.6.jar:/home/user/.m2/repository/com/sun/jersey/jersey-servlet/1.19/jersey-servlet-1.19.jar:/home/user/.m2/repository/com/sun/jersey/jersey-json/1.19/jersey-json-1.19.jar:/home/user/.m2/repository/org/codehaus/jettison/jettison/1.1/jettison-1.1.jar:/home/user/.m2/repository/org/codehaus/jackson/jackson-jaxrs/1.9.2/jackson-jaxrs-1.9.2.jar:/home/user/.m2/repository/org/codehaus/jackson/jackson-xc/1.9.2/jackson-xc-1.9.2.jar:/home/user/.m2/repository/org/apache/commons/commons-configuration2/2.1.1/commons-configuration2-2.1.1.jar:/home/user/.m2/repository/org/apache/commons/commons-text/1.4/commons-text-1.4.jar:/home/user/.m2/repository/com/google/re2j/re2j/1.1/re2j-1.1.jar:/home/user/.m2/repository/com/jcraft/jsch/0.1.54/jsch-0.1.54.jar:/home/user/.m2/repository/org/apache/curator/curator-client/2.13.0/curator-client-2.13.0.jar:/home/user/.m2/repository/org/apache/curator/curator-recipes/2.13.0/curator-recipes-2.13.0.jar:/home/user/.m2/repository/dnsjava/dnsjava/2.1.7/dnsjava-2.1.7.jar:/home/user/.m2/repository/org/slf4j/jul-to-slf4j/1.7.30/jul-to-slf4j-1.7.30.jar:/home/user/.m2/repository/org/eclipse/jetty/jetty-util/9.4.34.v20201102/jetty-util-9.4.34.v20201102.jar:/home/user/.m2/repository/com/fasterxml/jackson/core/jackson-databind/2.10.3/jackson-databind-2.10.3.jar:/home/user/.m2/repository/org/apache/hadoop/hadoop-kms/3.2.1/hadoop-kms-3.2.1-tests.jar:/home/user/.m2/repository/org/apache/hadoop/hadoop-hdds-server-scm/1.1.0-SNAPSHOT/hadoop-hdds-server-scm-1.1.0-SNAPSHOT-tests.jar:/home/user/.m2/repository/org/apache/hadoop/hadoop-hdds-container-service/1.1.0-SNAPSHOT/hadoop-hdds-container-service-1.1.0-SNAPSHOT-tests.jar:/home/user/.m2/repository/commons-codec/commons-codec/1.11/commons-codec-1.11.jar:/home/user/.m2/repository/org/apache/hadoop/hadoop-hdds-hadoop-dependency-test/1.1.0-SNAPSHOT/hadoop-hdds-hadoop-dependency-test-1.1.0-SNAPSHOT.jar:/home/user/.m2/repository/org/apache/hadoop/hadoop-common/3.2.1/hadoop-common-3.2.1-tests.jar:/home/user/.m2/repository/org/apache/hadoop/hadoop-hdfs/3.2.1/hadoop-hdfs-3.2.1-tests.jar:/home/user/.m2/repository/org/eclipse/jetty/jetty-util-ajax/9.4.34.v20201102/jetty-util-ajax-9.4.34.v20201102.jar:/home/user/.m2/repository/commons-daemon/commons-daemon/1.0.13/commons-daemon-1.0.13.jar:/home/user/.m2/repository/io/netty/netty/3.10.5.Final/netty-3.10.5.Final.jar:/home/user/.m2/repository/io/netty/netty-all/4.1.48.Final/netty-all-4.1.48.Final.jar:/home/user/.m2/repository/org/apache/htrace/htrace-core4/4.1.0-incubating/htrace-core4-4.1.0-incubating.jar:/home/user/.m2/repository/org/apache/hadoop/hadoop-distcp/3.2.1/hadoop-distcp-3.2.1.jar:/home/user/.m2/repository/org/apache/hadoop/hadoop-mapreduce-client-jobclient/3.2.1/hadoop-mapreduce-client-jobclient-3.2.1.jar:/home/user/.m2/repository/org/apache/hadoop/hadoop-mapreduce-client-common/3.2.1/hadoop-mapreduce-client-common-3.2.1.jar:/home/user/.m2/repository/org/apache/hadoop/hadoop-yarn-common/3.2.1/hadoop-yarn-common-3.2.1.jar:/home/user/.m2/repository/org/apache/hadoop/hadoop-yarn-api/3.2.1/hadoop-yarn-api-3.2.1.jar:/home/user/.m2/repository/com/sun/jersey/jersey-client/1.19/jersey-client-1.19.jar:/home/user/.m2/repository/com/sun/jersey/contribs/jersey-guice/1.19/jersey-guice-1.19.jar:/home/user/.m2/repository/com/fasterxml/jackson/jaxrs/jackson-jaxrs-json-provider/2.10.3/jackson-jaxrs-json-provider-2.10.3.jar:/home/user/.m2/repository/com/fasterxml/jackson/jaxrs/jackson-jaxrs-base/2.10.3/jackson-jaxrs-base-2.10.3.jar:/home/user/.m2/repository/org/apache/hadoop/hadoop-yarn-client/3.2.1/hadoop-yarn-client-3.2.1.jar:/home/user/.m2/repository/org/apache/hadoop/hadoop-mapreduce-client-core/3.2.1/hadoop-mapreduce-client-core-3.2.1.jar:/home/user/.m2/repository/org/apache/avro/avro/1.7.7/avro-1.7.7.jar:/home/user/.m2/repository/org/codehaus/jackson/jackson-core-asl/1.9.13/jackson-core-asl-1.9.13.jar:/home/user/.m2/repository/org/codehaus/jackson/jackson-mapper-asl/1.9.13/jackson-mapper-asl-1.9.13.jar:/home/user/.m2/repository/com/thoughtworks/paranamer/paranamer/2.3/paranamer-2.3.jar:/home/user/.m2/repository/org/xerial/snappy/snappy-java/1.0.5/snappy-java-1.0.5.jar:/home/user/.m2/repository/org/apache/hadoop/hadoop-annotations/3.2.1/hadoop-annotations-3.2.1.jar:/usr/lib/jvm/java-1.8.0-openjdk-1.8.0.232.b09-0.el7_7.x86_64/jre/../lib/tools.jar:/home/user/.m2/repository/org/apache/hadoop/hadoop-distcp/3.2.1/hadoop-distcp-3.2.1-tests.jar:"/>
    <property name="sun.cpu.endian" value="little"/>
    <property name="user.home" value="/home/user"/>
    <property name="user.language" value="en"/>
    <property name="java.specification.vendor" value="Oracle Corporation"/>
    <property name="java.home" value="/usr/lib/jvm/java-1.8.0-openjdk-1.8.0.232.b09-0.el7_7.x86_64/jre"/>
    <property name="java.security.krb5.conf" value="/github/workspace/mnt/ozone/hadoop-ozone/integration-test/target/test-classes/krb5.conf"/>
    <property name="basedir" value="/github/workspace/mnt/ozone/hadoop-ozone/integration-test"/>
    <property name="file.separator" value="/"/>
    <property name="line.separator" value="&#10;"/>
    <property name="java.vm.specification.vendor" value="Oracle Corporation"/>
    <property name="java.specification.name" value="Java Platform API Specification"/>
    <property name="java.awt.graphicsenv" value="sun.awt.X11GraphicsEnvironment"/>
    <property name="skip.installnpx" value="true"/>
    <property name="surefire.real.class.path" value="/github/workspace/mnt/ozone/hadoop-ozone/integration-test/target/surefire/surefirebooter7432218216494913984.jar:/home/user/.m2/repository/org/jacoco/org.jacoco.agent/0.8.5/org.jacoco.agent-0.8.5-runtime.jar"/>
    <property name="hadoop.log.dir" value="/github/workspace/mnt/ozone/hadoop-ozone/integration-test/target/log"/>
    <property name="sun.boot.class.path" value="/usr/lib/jvm/java-1.8.0-openjdk-1.8.0.232.b09-0.el7_7.x86_64/jre/lib/resources.jar:/usr/lib/jvm/java-1.8.0-openjdk-1.8.0.232.b09-0.el7_7.x86_64/jre/lib/rt.jar:/usr/lib/jvm/java-1.8.0-openjdk-1.8.0.232.b09-0.el7_7.x86_64/jre/lib/sunrsasign.jar:/usr/lib/jvm/java-1.8.0-openjdk-1.8.0.232.b09-0.el7_7.x86_64/jre/lib/jsse.jar:/usr/lib/jvm/java-1.8.0-openjdk-1.8.0.232.b09-0.el7_7.x86_64/jre/lib/jce.jar:/usr/lib/jvm/java-1.8.0-openjdk-1.8.0.232.b09-0.el7_7.x86_64/jre/lib/charsets.jar:/usr/lib/jvm/java-1.8.0-openjdk-1.8.0.232.b09-0.el7_7.x86_64/jre/lib/jfr.jar:/usr/lib/jvm/java-1.8.0-openjdk-1.8.0.232.b09-0.el7_7.x86_64/jre/classes"/>
    <property name="sun.management.compiler" value="HotSpot 64-Bit Tiered Compilers"/>
    <property name="skip.npx" value="true"/>
    <property name="java.runtime.version" value="1.8.0_232-b09"/>
    <property name="java.net.preferIPv4Stack" value="true"/>
    <property name="user.name" value="jenkins1001"/>
    <property name="path.separator" value=":"/>
    <property name="java.security.egd" value="file:///dev/urandom"/>
    <property name="os.version" value="5.4.0-1032-azure"/>
    <property name="java.endorsed.dirs" value="/usr/lib/jvm/java-1.8.0-openjdk-1.8.0.232.b09-0.el7_7.x86_64/jre/lib/endorsed"/>
    <property name="java.runtime.name" value="OpenJDK Runtime Environment"/>
    <property name="file.encoding" value="ANSI_X3.4-1968"/>
    <property name="java.vm.name" value="OpenJDK 64-Bit Server VM"/>
    <property name="test.build.webapps" value=""/>
    <property name="localRepository" value="/home/user/.m2/repository"/>
    <property name="java.vendor.url.bug" value="http://bugreport.sun.com/bugreport/"/>
    <property name="java.io.tmpdir" value="/tmp"/>
    <property name="require.test.libhadoop" value=""/>
    <property name="java.version" value="1.8.0_232"/>
    <property name="user.dir" value="/github/workspace/mnt/ozone/hadoop-ozone/integration-test"/>
    <property name="os.arch" value="amd64"/>
    <property name="java.vm.specification.name" value="Java Virtual Machine Specification"/>
    <property name="test.build.classes" value="/github/workspace/mnt/ozone/hadoop-ozone/integration-test/target/test-classes"/>
    <property name="java.awt.printerjob" value="sun.print.PSPrinterJob"/>
    <property name="sun.os.patch.level" value="unknown"/>
    <property name="hadoop.tmp.dir" value="/github/workspace/mnt/ozone/hadoop-ozone/integration-test/target/tmp"/>
    <property name="java.library.path" value="/usr/lib:/usr/java/packages/lib/amd64:/usr/lib64:/lib64:/lib:/usr/lib"/>
    <property name="java.vm.info" value="mixed mode"/>
    <property name="java.vendor" value="Oracle Corporation"/>
    <property name="java.vm.version" value="25.232-b09"/>
    <property name="java.ext.dirs" value="/usr/lib/jvm/java-1.8.0-openjdk-1.8.0.232.b09-0.el7_7.x86_64/jre/lib/ext:/usr/java/packages/lib/ext"/>
    <property name="sun.io.unicode.encoding" value="UnicodeLittle"/>
    <property name="java.class.version" value="52.0"/>
  </properties>
  <testcase name="testStoppedMaintenanceNodeTakesScmStateOnRestart" classname="org.apache.hadoop.ozone.scm.node.TestDecommissionAndMaintenance" time="51.809"/>
  <testcase name="testContainerIsReplicatedWhenAllNodesGotoMaintenance" classname="org.apache.hadoop.ozone.scm.node.TestDecommissionAndMaintenance" time="44.452">
    <failure message="expected:&lt;5&gt; but was:&lt;6&gt;" type="junit.framework.AssertionFailedError"><![CDATA[junit.framework.AssertionFailedError: expected:<5> but was:<6>
	at junit.framework.Assert.fail(Assert.java:57)
	at junit.framework.Assert.failNotEquals(Assert.java:329)
	at junit.framework.Assert.assertEquals(Assert.java:78)
	at junit.framework.Assert.assertEquals(Assert.java:234)
	at junit.framework.Assert.assertEquals(Assert.java:241)
	at junit.framework.TestCase.assertEquals(TestCase.java:409)
	at org.apache.hadoop.ozone.scm.node.TestDecommissionAndMaintenance.testContainerIsReplicatedWhenAllNodesGotoMaintenance(TestDecommissionAndMaintenance.java:396)
	at sun.reflect.NativeMethodAccessorImpl.invoke0(Native Method)
	at sun.reflect.NativeMethodAccessorImpl.invoke(NativeMethodAccessorImpl.java:62)
	at sun.reflect.DelegatingMethodAccessorImpl.invoke(DelegatingMethodAccessorImpl.java:43)
	at java.lang.reflect.Method.invoke(Method.java:498)
	at org.junit.runners.model.FrameworkMethod$1.runReflectiveCall(FrameworkMethod.java:47)
	at org.junit.internal.runners.model.ReflectiveCallable.run(ReflectiveCallable.java:12)
	at org.junit.runners.model.FrameworkMethod.invokeExplosively(FrameworkMethod.java:44)
	at org.junit.internal.runners.statements.InvokeMethod.evaluate(InvokeMethod.java:17)
	at org.junit.internal.runners.statements.RunBefores.evaluate(RunBefores.java:26)
	at org.junit.internal.runners.statements.RunAfters.evaluate(RunAfters.java:27)
	at org.junit.runners.ParentRunner.runLeaf(ParentRunner.java:271)
	at org.junit.runners.BlockJUnit4ClassRunner.runChild(BlockJUnit4ClassRunner.java:70)
	at org.junit.runners.BlockJUnit4ClassRunner.runChild(BlockJUnit4ClassRunner.java:50)
	at org.junit.runners.ParentRunner$3.run(ParentRunner.java:238)
	at org.junit.runners.ParentRunner$1.schedule(ParentRunner.java:63)
	at org.junit.runners.ParentRunner.runChildren(ParentRunner.java:236)
	at org.junit.runners.ParentRunner.access$000(ParentRunner.java:53)
	at org.junit.runners.ParentRunner$2.evaluate(ParentRunner.java:229)
	at org.junit.runners.ParentRunner.run(ParentRunner.java:309)
	at org.apache.maven.surefire.junit4.JUnit4Provider.execute(JUnit4Provider.java:365)
	at org.apache.maven.surefire.junit4.JUnit4Provider.executeWithRerun(JUnit4Provider.java:273)
	at org.apache.maven.surefire.junit4.JUnit4Provider.executeTestSet(JUnit4Provider.java:238)
	at org.apache.maven.surefire.junit4.JUnit4Provider.invoke(JUnit4Provider.java:159)
	at org.apache.maven.surefire.booter.ForkedBooter.invokeProviderInSameClassLoader(ForkedBooter.java:384)
	at org.apache.maven.surefire.booter.ForkedBooter.runSuitesInProcess(ForkedBooter.java:345)
	at org.apache.maven.surefire.booter.ForkedBooter.execute(ForkedBooter.java:126)
	at org.apache.maven.surefire.booter.ForkedBooter.main(ForkedBooter.java:418)
]]></failure>
    <system-out><![CDATA[2021-01-10 13:36:22,058 [Listener at 127.0.0.1/38293] WARN  server.ServerUtils (ServerUtils.java:getScmDbDir(148)) - ozone.scm.db.dirs is not configured. We recommend adding this setting. Falling back to ozone.metadata.dirs instead.
2021-01-10 13:36:22,061 [Listener at 127.0.0.1/38293] WARN  server.ServerUtils (ServerUtils.java:getScmDbDir(148)) - ozone.scm.db.dirs is not configured. We recommend adding this setting. Falling back to ozone.metadata.dirs instead.
2021-01-10 13:36:22,061 [Listener at 127.0.0.1/38293] WARN  db.DBStoreBuilder (DBStoreBuilder.java:applyDBDefinition(145)) - ozone.scm.db.dirs is not configured. We recommend adding this setting. Falling back to ozone.metadata.dirs instead.
2021-01-10 13:36:22,091 [Listener at 127.0.0.1/38293] INFO  net.NodeSchemaLoader (NodeSchemaLoader.java:loadSchemaFromFile(126)) - Loading file from sun.misc.CompoundEnumeration@1f0695ae
2021-01-10 13:36:22,091 [Listener at 127.0.0.1/38293] INFO  net.NodeSchemaLoader (NodeSchemaLoader.java:loadSchema(172)) - Loading network topology layer schema file
2021-01-10 13:36:22,094 [Listener at 127.0.0.1/38293] INFO  node.SCMNodeManager (SCMNodeManager.java:<init>(123)) - Entering startup safe mode.
2021-01-10 13:36:22,095 [Listener at 127.0.0.1/38293] INFO  algorithms.ContainerPlacementPolicyFactory (ContainerPlacementPolicyFactory.java:getPolicy(60)) - Create container placement policy of type org.apache.hadoop.hdds.scm.container.placement.algorithms.SCMContainerPlacementRandom
2021-01-10 13:36:22,095 [Listener at 127.0.0.1/38293] INFO  algorithms.LeaderChoosePolicyFactory (LeaderChoosePolicyFactory.java:getPolicy(57)) - Create leader choose policy of type org.apache.hadoop.hdds.scm.pipeline.leader.choose.algorithms.MinLeaderCountChoosePolicy
2021-01-10 13:36:22,095 [Listener at 127.0.0.1/38293] INFO  pipeline.SCMPipelineManager (SCMPipelineManager.java:initializePipelineState(161)) - No pipeline exists in current db
2021-01-10 13:36:22,096 [Listener at 127.0.0.1/38293] INFO  algorithms.PipelineChoosePolicyFactory (PipelineChoosePolicyFactory.java:createPipelineChoosePolicyFromClass(75)) - Create pipeline choose policy of type org.apache.hadoop.hdds.scm.pipeline.choose.algorithms.RandomPipelineChoosePolicy
2021-01-10 13:36:22,097 [Listener at 127.0.0.1/38293] INFO  safemode.HealthyPipelineSafeModeRule (HealthyPipelineSafeModeRule.java:<init>(89)) - Total pipeline count is 0, healthy pipeline threshold count is 0
2021-01-10 13:36:22,097 [Listener at 127.0.0.1/38293] INFO  safemode.OneReplicaPipelineSafeModeRule (OneReplicaPipelineSafeModeRule.java:<init>(85)) - Total pipeline count is 0, pipeline's with at least one datanode reported threshold count is 0
2021-01-10 13:36:22,103 [Listener at 127.0.0.1/38293] INFO  ipc.CallQueueManager (CallQueueManager.java:<init>(84)) - Using callQueue: class java.util.concurrent.LinkedBlockingQueue, queueCapacity: 2000, scheduler: class org.apache.hadoop.ipc.DefaultRpcScheduler, ipcBackoff: false.
2021-01-10 13:36:22,103 [Socket Reader #1 for port 0] INFO  ipc.Server (Server.java:run(1219)) - Starting Socket Reader #1 for port 0
2021-01-10 13:36:22,108 [Listener at 0.0.0.0/45713] INFO  ipc.CallQueueManager (CallQueueManager.java:<init>(84)) - Using callQueue: class java.util.concurrent.LinkedBlockingQueue, queueCapacity: 2000, scheduler: class org.apache.hadoop.ipc.DefaultRpcScheduler, ipcBackoff: false.
2021-01-10 13:36:22,108 [Socket Reader #1 for port 0] INFO  ipc.Server (Server.java:run(1219)) - Starting Socket Reader #1 for port 0
2021-01-10 13:36:22,109 [Listener at 0.0.0.0/37297] INFO  ipc.CallQueueManager (CallQueueManager.java:<init>(84)) - Using callQueue: class java.util.concurrent.LinkedBlockingQueue, queueCapacity: 2000, scheduler: class org.apache.hadoop.ipc.DefaultRpcScheduler, ipcBackoff: false.
2021-01-10 13:36:22,110 [Socket Reader #1 for port 0] INFO  ipc.Server (Server.java:run(1219)) - Starting Socket Reader #1 for port 0
2021-01-10 13:36:22,114 [Listener at 0.0.0.0/46543] INFO  http.BaseHttpServer (BaseHttpServer.java:newHttpServer2BuilderForOzone(207)) - Starting Web-server for scm at: http://0.0.0.0:0
2021-01-10 13:36:22,114 [Listener at 0.0.0.0/46543] INFO  http.BaseHttpServer (BaseHttpServer.java:<init>(106)) - Hadoop Security Enabled: false Ozone Security Enabled: false Ozone HTTP Security Enabled: false 
2021-01-10 13:36:22,115 [Listener at 0.0.0.0/46543] INFO  server.AuthenticationFilter (AuthenticationFilter.java:constructSecretProvider(240)) - Unable to initialize FileSignerSecretProvider, falling back to use random secrets.
2021-01-10 13:36:22,116 [Listener at 0.0.0.0/46543] WARN  http.HttpRequestLog (HttpRequestLog.java:getRequestLog(103)) - Jetty request log can only be enabled using Log4j
2021-01-10 13:36:22,117 [Listener at 0.0.0.0/46543] INFO  http.HttpServer2 (HttpServer2.java:addGlobalFilter(1020)) - Added global filter 'safety' (class=org.apache.hadoop.hdds.server.http.HttpServer2$QuotingInputFilter)
2021-01-10 13:36:22,117 [Listener at 0.0.0.0/46543] INFO  http.HttpServer2 (HttpServer2.java:addFilter(996)) - Added filter static_user_filter (class=org.apache.hadoop.http.lib.StaticUserWebFilter$StaticUserFilter) to context scm
2021-01-10 13:36:22,118 [Listener at 0.0.0.0/46543] INFO  http.HttpServer2 (HttpServer2.java:addFilter(1004)) - Added filter static_user_filter (class=org.apache.hadoop.http.lib.StaticUserWebFilter$StaticUserFilter) to context static
2021-01-10 13:36:22,118 [Listener at 0.0.0.0/46543] INFO  http.HttpServer2 (HttpServer2.java:addFilter(1004)) - Added filter static_user_filter (class=org.apache.hadoop.http.lib.StaticUserWebFilter$StaticUserFilter) to context logs
2021-01-10 13:36:22,121 [Listener at 0.0.0.0/46543] INFO  server.StorageContainerManager (StorageContainerManager.java:start(789)) - StorageContainerLocationProtocol RPC server is listening at /0.0.0.0:46543
2021-01-10 13:36:22,122 [Listener at 0.0.0.0/46543] WARN  impl.MetricsConfig (MetricsConfig.java:loadFirst(134)) - Cannot locate configuration: tried hadoop-metrics2-storagecontainermanager.properties,hadoop-metrics2.properties
2021-01-10 13:36:22,123 [Listener at 0.0.0.0/46543] INFO  impl.MetricsSystemImpl (MetricsSystemImpl.java:startTimer(374)) - Scheduled Metric snapshot period at 10 second(s).
2021-01-10 13:36:22,123 [Listener at 0.0.0.0/46543] INFO  impl.MetricsSystemImpl (MetricsSystemImpl.java:start(191)) - StorageContainerManager metrics system started
2021-01-10 13:36:22,132 [Listener at 0.0.0.0/46543] WARN  impl.MetricsSystemImpl (MetricsSystemImpl.java:register(276)) - Sink prometheus already exists!
2021-01-10 13:36:22,144 [Listener at 0.0.0.0/46543] INFO  server.SCMClientProtocolServer (SCMClientProtocolServer.java:start(159)) - RPC server for Client  is listening at /0.0.0.0:46543
2021-01-10 13:36:22,144 [IPC Server Responder] INFO  ipc.Server (Server.java:run(1460)) - IPC Server Responder: starting
2021-01-10 13:36:22,146 [IPC Server listener on 0] INFO  ipc.Server (Server.java:run(1298)) - IPC Server listener on 0: starting
2021-01-10 13:36:22,154 [Listener at 0.0.0.0/46543] INFO  server.StorageContainerManager (StorageContainerManager.java:start(801)) - ScmBlockLocationProtocol RPC server is listening at /0.0.0.0:37297
2021-01-10 13:36:22,154 [Listener at 0.0.0.0/46543] INFO  server.SCMBlockProtocolServer (SCMBlockProtocolServer.java:start(150)) - RPC server for Block Protocol is listening at /0.0.0.0:37297
2021-01-10 13:36:22,157 [IPC Server Responder] INFO  ipc.Server (Server.java:run(1460)) - IPC Server Responder: starting
2021-01-10 13:36:22,157 [IPC Server listener on 0] INFO  ipc.Server (Server.java:run(1298)) - IPC Server listener on 0: starting
2021-01-10 13:36:22,160 [Listener at 0.0.0.0/46543] INFO  server.StorageContainerManager (StorageContainerManager.java:start(807)) - ScmDatanodeProtocl RPC server is listening at /0.0.0.0:45713
2021-01-10 13:36:22,160 [Listener at 0.0.0.0/46543] INFO  server.SCMDatanodeProtocolServer (SCMDatanodeProtocolServer.java:start(174)) - RPC server for DataNodes is listening at /0.0.0.0:45713
2021-01-10 13:36:22,161 [IPC Server Responder] INFO  ipc.Server (Server.java:run(1460)) - IPC Server Responder: starting
2021-01-10 13:36:22,161 [IPC Server listener on 0] INFO  ipc.Server (Server.java:run(1298)) - IPC Server listener on 0: starting
2021-01-10 13:36:22,164 [Listener at 0.0.0.0/46543] INFO  http.HttpServer2 (HttpServer2.java:bindListener(1238)) - Jetty bound to port 42353
2021-01-10 13:36:22,165 [Listener at 0.0.0.0/46543] INFO  server.Server (Server.java:doStart(375)) - jetty-9.4.34.v20201102; built: 2020-11-02T14:15:39.302Z; git: e46af88704a893fc12cb0e3bf46e2c7b48a009e7; jvm 1.8.0_232-b09
2021-01-10 13:36:22,166 [Listener at 0.0.0.0/46543] INFO  server.session (DefaultSessionIdManager.java:doStart(334)) - DefaultSessionIdManager workerName=node0
2021-01-10 13:36:22,166 [Listener at 0.0.0.0/46543] INFO  server.session (DefaultSessionIdManager.java:doStart(339)) - No SessionScavenger set, using defaults
2021-01-10 13:36:22,166 [Listener at 0.0.0.0/46543] INFO  server.session (HouseKeeper.java:startScavenging(132)) - node0 Scavenging every 660000ms
2021-01-10 13:36:22,168 [Listener at 0.0.0.0/46543] INFO  handler.ContextHandler (ContextHandler.java:doStart(916)) - Started o.e.j.s.ServletContextHandler@15d67d0f{logs,/logs,file:///github/workspace/mnt/ozone/hadoop-ozone/integration-test/target/log,AVAILABLE}
2021-01-10 13:36:22,168 [Listener at 0.0.0.0/46543] INFO  handler.ContextHandler (ContextHandler.java:doStart(916)) - Started o.e.j.s.ServletContextHandler@4463d9b7{static,/static,file:///github/workspace/mnt/ozone/hadoop-ozone/integration-test/target/test-classes/webapps/static,AVAILABLE}
2021-01-10 13:36:22,171 [Listener at 0.0.0.0/46543] INFO  handler.ContextHandler (ContextHandler.java:doStart(916)) - Started o.e.j.w.WebAppContext@1801a55a{scm,/,file:///github/workspace/mnt/ozone/hadoop-ozone/integration-test/target/test-classes/webapps/scm/,AVAILABLE}{file:/github/workspace/mnt/ozone/hadoop-ozone/integration-test/target/test-classes/webapps/scm}
2021-01-10 13:36:22,181 [Listener at 0.0.0.0/46543] INFO  server.AbstractConnector (AbstractConnector.java:doStart(331)) - Started ServerConnector@267e36f5{HTTP/1.1, (http/1.1)}{0.0.0.0:42353}
2021-01-10 13:36:22,181 [Listener at 0.0.0.0/46543] INFO  server.Server (Server.java:doStart(415)) - Started @52774ms
2021-01-10 13:36:22,181 [Listener at 0.0.0.0/46543] WARN  impl.MetricsSystemImpl (MetricsSystemImpl.java:register(276)) - Sink prometheus already exists!
2021-01-10 13:36:27,184 [Listener at 0.0.0.0/46543] INFO  http.BaseHttpServer (BaseHttpServer.java:updateConnectorAddress(327)) - HTTP server of scm listening at http://0.0.0.0:42353
2021-01-10 13:36:27,185 [Listener at 0.0.0.0/46543] WARN  server.ServerUtils (ServerUtils.java:getDBPath(225)) - ozone.om.db.dirs is not configured. We recommend adding this setting. Falling back to ozone.metadata.dirs instead.
2021-01-10 13:36:27,185 [org.apache.hadoop.util.JvmPauseMonitor$Monitor@36598d1d] INFO  util.JvmPauseMonitor (JvmPauseMonitor.java:run(188)) - Starting JVM pause monitor
2021-01-10 13:36:27,187 [Listener at 0.0.0.0/46543] INFO  ha.OMHANodeDetails (OMHANodeDetails.java:loadOMHAConfig(104)) - ozone.om.internal.service.id is not defined, falling back to ozone.om.service.ids to find serviceID for OzoneManager if it is HA enabled cluster
2021-01-10 13:36:27,188 [Listener at 0.0.0.0/46543] INFO  ha.OMHANodeDetails (OMHANodeDetails.java:loadOMHAConfig(213)) - Configuration either no ozone.om.address set. Falling back to the default OM address /127.0.0.1:0
2021-01-10 13:36:27,188 [Listener at 0.0.0.0/46543] INFO  ha.OMHANodeDetails (OMHANodeDetails.java:getOMNodeDetails(241)) - OM Service ID is not set. Setting it to the default ID: omServiceIdDefault
2021-01-10 13:36:27,188 [Listener at 0.0.0.0/46543] WARN  server.ServerUtils (ServerUtils.java:getDBPath(225)) - ozone.om.db.dirs is not configured. We recommend adding this setting. Falling back to ozone.metadata.dirs instead.
2021-01-10 13:36:27,189 [Listener at 0.0.0.0/46543] WARN  server.ServerUtils (ServerUtils.java:getDBPath(225)) - ozone.om.db.dirs is not configured. We recommend adding this setting. Falling back to ozone.metadata.dirs instead.
2021-01-10 13:36:27,196 [Listener at 0.0.0.0/46543] WARN  server.ServerUtils (ServerUtils.java:getDBPath(225)) - ozone.om.db.dirs is not configured. We recommend adding this setting. Falling back to ozone.metadata.dirs instead.
2021-01-10 13:36:27,196 [Listener at 0.0.0.0/46543] INFO  codec.OmKeyInfoCodec (OmKeyInfoCodec.java:<init>(41)) - OmKeyInfoCodec ignorePipeline = true
2021-01-10 13:36:27,196 [Listener at 0.0.0.0/46543] INFO  codec.RepeatedOmKeyInfoCodec (RepeatedOmKeyInfoCodec.java:<init>(40)) - RepeatedOmKeyInfoCodec ignorePipeline = true
2021-01-10 13:36:27,258 [Listener at 0.0.0.0/46543] INFO  om.OzoneManager (OzoneManager.java:addS3GVolumeToDB(3738)) - Created Volume s3v With Owner jenkins1001 required for S3Gateway operations.
2021-01-10 13:36:27,259 [Listener at 0.0.0.0/46543] INFO  ipc.CallQueueManager (CallQueueManager.java:<init>(84)) - Using callQueue: class java.util.concurrent.LinkedBlockingQueue, queueCapacity: 2000, scheduler: class org.apache.hadoop.ipc.DefaultRpcScheduler, ipcBackoff: false.
2021-01-10 13:36:27,260 [Socket Reader #1 for port 0] INFO  ipc.Server (Server.java:run(1219)) - Starting Socket Reader #1 for port 0
2021-01-10 13:36:27,279 [Listener at 127.0.0.1/42999] INFO  impl.MetricsSystemImpl (MetricsSystemImpl.java:init(158)) - OzoneManager metrics system started (again)
2021-01-10 13:36:27,280 [Listener at 127.0.0.1/42999] INFO  om.OzoneManager (OzoneManager.java:start(1160)) - OzoneManager RPC server is listening at localhost/127.0.0.1:42999
2021-01-10 13:36:27,285 [Listener at 127.0.0.1/42999] INFO  http.BaseHttpServer (BaseHttpServer.java:newHttpServer2BuilderForOzone(207)) - Starting Web-server for ozoneManager at: http://0.0.0.0:0
2021-01-10 13:36:27,285 [Listener at 127.0.0.1/42999] INFO  http.BaseHttpServer (BaseHttpServer.java:<init>(106)) - Hadoop Security Enabled: false Ozone Security Enabled: false Ozone HTTP Security Enabled: false 
2021-01-10 13:36:27,286 [Listener at 127.0.0.1/42999] INFO  server.AuthenticationFilter (AuthenticationFilter.java:constructSecretProvider(240)) - Unable to initialize FileSignerSecretProvider, falling back to use random secrets.
2021-01-10 13:36:27,287 [Listener at 127.0.0.1/42999] WARN  http.HttpRequestLog (HttpRequestLog.java:getRequestLog(103)) - Jetty request log can only be enabled using Log4j
2021-01-10 13:36:27,288 [Listener at 127.0.0.1/42999] INFO  http.HttpServer2 (HttpServer2.java:addGlobalFilter(1020)) - Added global filter 'safety' (class=org.apache.hadoop.hdds.server.http.HttpServer2$QuotingInputFilter)
2021-01-10 13:36:27,290 [Listener at 127.0.0.1/42999] INFO  http.HttpServer2 (HttpServer2.java:addFilter(996)) - Added filter static_user_filter (class=org.apache.hadoop.http.lib.StaticUserWebFilter$StaticUserFilter) to context ozoneManager
2021-01-10 13:36:27,290 [Listener at 127.0.0.1/42999] INFO  http.HttpServer2 (HttpServer2.java:addFilter(1004)) - Added filter static_user_filter (class=org.apache.hadoop.http.lib.StaticUserWebFilter$StaticUserFilter) to context logs
2021-01-10 13:36:27,290 [Listener at 127.0.0.1/42999] INFO  http.HttpServer2 (HttpServer2.java:addFilter(1004)) - Added filter static_user_filter (class=org.apache.hadoop.http.lib.StaticUserWebFilter$StaticUserFilter) to context static
2021-01-10 13:36:27,291 [Listener at 127.0.0.1/42999] INFO  http.HttpServer2 (HttpServer2.java:bindListener(1238)) - Jetty bound to port 39297
2021-01-10 13:36:27,291 [Listener at 127.0.0.1/42999] INFO  server.Server (Server.java:doStart(375)) - jetty-9.4.34.v20201102; built: 2020-11-02T14:15:39.302Z; git: e46af88704a893fc12cb0e3bf46e2c7b48a009e7; jvm 1.8.0_232-b09
2021-01-10 13:36:27,297 [Listener at 127.0.0.1/42999] INFO  server.session (DefaultSessionIdManager.java:doStart(334)) - DefaultSessionIdManager workerName=node0
2021-01-10 13:36:27,297 [Listener at 127.0.0.1/42999] INFO  server.session (DefaultSessionIdManager.java:doStart(339)) - No SessionScavenger set, using defaults
2021-01-10 13:36:27,297 [Listener at 127.0.0.1/42999] INFO  server.session (HouseKeeper.java:startScavenging(132)) - node0 Scavenging every 600000ms
2021-01-10 13:36:27,298 [Listener at 127.0.0.1/42999] INFO  handler.ContextHandler (ContextHandler.java:doStart(916)) - Started o.e.j.s.ServletContextHandler@69a245d6{logs,/logs,file:///github/workspace/mnt/ozone/hadoop-ozone/integration-test/target/log,AVAILABLE}
2021-01-10 13:36:27,298 [Listener at 127.0.0.1/42999] INFO  handler.ContextHandler (ContextHandler.java:doStart(916)) - Started o.e.j.s.ServletContextHandler@79bcaf78{static,/static,file:///github/workspace/mnt/ozone/hadoop-ozone/integration-test/target/test-classes/webapps/static,AVAILABLE}
2021-01-10 13:36:27,301 [Listener at 127.0.0.1/42999] INFO  handler.ContextHandler (ContextHandler.java:doStart(916)) - Started o.e.j.w.WebAppContext@35cb8b64{ozoneManager,/,file:///github/workspace/mnt/ozone/hadoop-ozone/integration-test/target/test-classes/webapps/ozoneManager/,AVAILABLE}{file:/github/workspace/mnt/ozone/hadoop-ozone/integration-test/target/test-classes/webapps/ozoneManager}
2021-01-10 13:36:27,302 [Listener at 127.0.0.1/42999] INFO  server.AbstractConnector (AbstractConnector.java:doStart(331)) - Started ServerConnector@608e34bf{HTTP/1.1, (http/1.1)}{0.0.0.0:39297}
2021-01-10 13:36:27,303 [Listener at 127.0.0.1/42999] INFO  server.Server (Server.java:doStart(415)) - Started @57896ms
2021-01-10 13:36:27,303 [Listener at 127.0.0.1/42999] WARN  impl.MetricsSystemImpl (MetricsSystemImpl.java:register(276)) - Sink prometheus already exists!
2021-01-10 13:36:27,305 [Listener at 127.0.0.1/42999] INFO  http.BaseHttpServer (BaseHttpServer.java:updateConnectorAddress(327)) - HTTP server of ozoneManager listening at http://0.0.0.0:39297
2021-01-10 13:36:27,306 [IPC Server Responder] INFO  ipc.Server (Server.java:run(1460)) - IPC Server Responder: starting
2021-01-10 13:36:27,306 [IPC Server listener on 0] INFO  ipc.Server (Server.java:run(1298)) - IPC Server listener on 0: starting
2021-01-10 13:36:27,313 [Listener at 127.0.0.1/42999] INFO  om.OzoneManager (OzoneManager.java:startTrashEmptier(1281)) - Trash Interval set to 0. Files deleted will not move to trash
2021-01-10 13:36:27,313 [org.apache.hadoop.util.JvmPauseMonitor$Monitor@6c772506] INFO  util.JvmPauseMonitor (JvmPauseMonitor.java:run(188)) - Starting JVM pause monitor
2021-01-10 13:36:27,327 [Listener at 127.0.0.1/42999] INFO  impl.MetricsSystemImpl (MetricsSystemImpl.java:init(158)) - HddsDatanode metrics system started (again)
2021-01-10 13:36:27,328 [Listener at 127.0.0.1/42999] INFO  ozone.HddsDatanodeService (HddsDatanodeService.java:start(215)) - HddsDatanodeService host:c2cea8100722 ip:172.17.0.2
2021-01-10 13:36:27,329 [Listener at 127.0.0.1/42999] INFO  volume.HddsVolume (HddsVolume.java:<init>(176)) - Creating Volume: /github/workspace/mnt/ozone/hadoop-ozone/integration-test/target/test-dir/MiniOzoneClusterImpl-0ee44e4a-5790-445b-bee5-3ef48b2e27da/datanode-0/data-0/containers/hdds of storage type : DISK and capacity : 9223372036854775807
2021-01-10 13:36:27,329 [Listener at 127.0.0.1/42999] INFO  volume.MutableVolumeSet (MutableVolumeSet.java:initializeVolumeSet(179)) - Added Volume : /github/workspace/mnt/ozone/hadoop-ozone/integration-test/target/test-dir/MiniOzoneClusterImpl-0ee44e4a-5790-445b-bee5-3ef48b2e27da/datanode-0/data-0/containers/hdds to VolumeSet
2021-01-10 13:36:27,329 [Listener at 127.0.0.1/42999] INFO  volume.ThrottledAsyncChecker (ThrottledAsyncChecker.java:schedule(141)) - Scheduling a check for /github/workspace/mnt/ozone/hadoop-ozone/integration-test/target/test-dir/MiniOzoneClusterImpl-0ee44e4a-5790-445b-bee5-3ef48b2e27da/datanode-0/data-0/containers/hdds
2021-01-10 13:36:27,335 [Listener at 127.0.0.1/42999] INFO  volume.HddsVolumeChecker (HddsVolumeChecker.java:checkAllVolumes(200)) - Scheduled health check for volume /github/workspace/mnt/ozone/hadoop-ozone/integration-test/target/test-dir/MiniOzoneClusterImpl-0ee44e4a-5790-445b-bee5-3ef48b2e27da/datanode-0/data-0/containers/hdds
2021-01-10 13:36:27,348 [Thread-729] INFO  ozoneimpl.ContainerReader (ContainerReader.java:readVolume(123)) - Start to verify containers on volume /github/workspace/mnt/ozone/hadoop-ozone/integration-test/target/test-dir/MiniOzoneClusterImpl-0ee44e4a-5790-445b-bee5-3ef48b2e27da/datanode-0/data-0/containers/hdds
2021-01-10 13:36:27,348 [Thread-729] INFO  ozoneimpl.ContainerReader (ContainerReader.java:readVolume(148)) - Finish verifying containers on volume /github/workspace/mnt/ozone/hadoop-ozone/integration-test/target/test-dir/MiniOzoneClusterImpl-0ee44e4a-5790-445b-bee5-3ef48b2e27da/datanode-0/data-0/containers/hdds
2021-01-10 13:36:27,348 [Listener at 127.0.0.1/42999] INFO  ozoneimpl.OzoneContainer (OzoneContainer.java:buildContainerSet(206)) - Build ContainerSet costs 0s
2021-01-10 13:36:27,350 [Listener at 127.0.0.1/42999] INFO  server.RaftServer (ConfUtils.java:logGet(44)) - raft.rpc.type = GRPC (default)
2021-01-10 13:36:27,350 [Listener at 127.0.0.1/42999] INFO  grpc.GrpcFactory (GrpcFactory.java:checkPooledByteBufAllocatorUseCacheForAllThreads(48)) - PERFORMANCE WARNING: useCacheForAllThreads is true that may cause Netty to create a lot garbage objects and, as a result, trigger GC.
	It is recommended to disable useCacheForAllThreads by setting -Dorg.apache.ratis.thirdparty.io.netty.allocator.useCacheForAllThreads=false in command line.
2021-01-10 13:36:27,351 [Listener at 127.0.0.1/42999] INFO  grpc.GrpcConfigKeys (ConfUtils.java:logGet(44)) - raft.grpc.server.port = 0 (default)
2021-01-10 13:36:27,351 [Listener at 127.0.0.1/42999] INFO  server.GrpcService (ConfUtils.java:logGet(44)) - raft.grpc.message.size.max = 32MB (=33554432) (custom)
2021-01-10 13:36:27,351 [Listener at 127.0.0.1/42999] INFO  server.RaftServerConfigKeys (ConfUtils.java:logGet(44)) - raft.server.log.appender.buffer.byte-limit = 33554432 (custom)
2021-01-10 13:36:27,351 [Listener at 127.0.0.1/42999] INFO  server.GrpcService (ConfUtils.java:logGet(44)) - raft.grpc.flow.control.window = 5MB (=5242880) (custom)
2021-01-10 13:36:27,351 [Listener at 127.0.0.1/42999] INFO  server.RaftServerConfigKeys (ConfUtils.java:logGet(44)) - raft.server.rpc.request.timeout = 60s (custom)
2021-01-10 13:36:27,352 [Listener at 127.0.0.1/42999] INFO  impl.DataStreamServerImpl (ConfUtils.java:logGet(44)) - raft.datastream.type = DISABLED (default)
2021-01-10 13:36:27,352 [Listener at 127.0.0.1/42999] INFO  server.RaftServerConfigKeys (ConfUtils.java:logGet(44)) - raft.server.rpc.slowness.timeout = 300s (custom)
2021-01-10 13:36:27,352 [Listener at 127.0.0.1/42999] INFO  server.RaftServerConfigKeys (ConfUtils.java:logGet(44)) - raft.server.leaderelection.leader.step-down.wait-time = 10s (default)
2021-01-10 13:36:27,353 [Listener at 127.0.0.1/42999] INFO  server.RaftServerConfigKeys (ConfUtils.java:logGet(44)) - raft.server.storage.dir = [/github/workspace/mnt/ozone/hadoop-ozone/integration-test/target/test-dir/MiniOzoneClusterImpl-0ee44e4a-5790-445b-bee5-3ef48b2e27da/datanode-0/data/ratis] (custom)
2021-01-10 13:36:27,358 [Listener at 127.0.0.1/42999] INFO  http.BaseHttpServer (BaseHttpServer.java:newHttpServer2BuilderForOzone(207)) - Starting Web-server for hddsDatanode at: http://0.0.0.0:0
2021-01-10 13:36:27,358 [Listener at 127.0.0.1/42999] INFO  http.BaseHttpServer (BaseHttpServer.java:<init>(106)) - Hadoop Security Enabled: false Ozone Security Enabled: false Ozone HTTP Security Enabled: false 
2021-01-10 13:36:27,359 [Listener at 127.0.0.1/42999] INFO  server.AuthenticationFilter (AuthenticationFilter.java:constructSecretProvider(240)) - Unable to initialize FileSignerSecretProvider, falling back to use random secrets.
2021-01-10 13:36:27,360 [Listener at 127.0.0.1/42999] WARN  http.HttpRequestLog (HttpRequestLog.java:getRequestLog(103)) - Jetty request log can only be enabled using Log4j
2021-01-10 13:36:27,360 [Listener at 127.0.0.1/42999] INFO  http.HttpServer2 (HttpServer2.java:addGlobalFilter(1020)) - Added global filter 'safety' (class=org.apache.hadoop.hdds.server.http.HttpServer2$QuotingInputFilter)
2021-01-10 13:36:27,361 [Listener at 127.0.0.1/42999] INFO  http.HttpServer2 (HttpServer2.java:addFilter(996)) - Added filter static_user_filter (class=org.apache.hadoop.http.lib.StaticUserWebFilter$StaticUserFilter) to context hddsDatanode
2021-01-10 13:36:27,361 [Listener at 127.0.0.1/42999] INFO  http.HttpServer2 (HttpServer2.java:addFilter(1004)) - Added filter static_user_filter (class=org.apache.hadoop.http.lib.StaticUserWebFilter$StaticUserFilter) to context logs
2021-01-10 13:36:27,361 [Listener at 127.0.0.1/42999] INFO  http.HttpServer2 (HttpServer2.java:addFilter(1004)) - Added filter static_user_filter (class=org.apache.hadoop.http.lib.StaticUserWebFilter$StaticUserFilter) to context static
2021-01-10 13:36:27,362 [Listener at 127.0.0.1/42999] INFO  http.HttpServer2 (HttpServer2.java:bindListener(1238)) - Jetty bound to port 33941
2021-01-10 13:36:27,362 [Listener at 127.0.0.1/42999] INFO  server.Server (Server.java:doStart(375)) - jetty-9.4.34.v20201102; built: 2020-11-02T14:15:39.302Z; git: e46af88704a893fc12cb0e3bf46e2c7b48a009e7; jvm 1.8.0_232-b09
2021-01-10 13:36:27,363 [Listener at 127.0.0.1/42999] INFO  server.session (DefaultSessionIdManager.java:doStart(334)) - DefaultSessionIdManager workerName=node0
2021-01-10 13:36:27,363 [Listener at 127.0.0.1/42999] INFO  server.session (DefaultSessionIdManager.java:doStart(339)) - No SessionScavenger set, using defaults
2021-01-10 13:36:27,363 [Listener at 127.0.0.1/42999] INFO  server.session (HouseKeeper.java:startScavenging(132)) - node0 Scavenging every 600000ms
2021-01-10 13:36:27,364 [Listener at 127.0.0.1/42999] INFO  handler.ContextHandler (ContextHandler.java:doStart(916)) - Started o.e.j.s.ServletContextHandler@379bc95e{logs,/logs,file:///github/workspace/mnt/ozone/hadoop-ozone/integration-test/target/log,AVAILABLE}
2021-01-10 13:36:27,364 [Listener at 127.0.0.1/42999] INFO  handler.ContextHandler (ContextHandler.java:doStart(916)) - Started o.e.j.s.ServletContextHandler@17574caa{static,/static,jar:file:/home/user/.m2/repository/org/apache/hadoop/hadoop-hdds-container-service/1.1.0-SNAPSHOT/hadoop-hdds-container-service-1.1.0-SNAPSHOT.jar!/webapps/static,AVAILABLE}
2021-01-10 13:36:27,520 [Listener at 127.0.0.1/42999] INFO  handler.ContextHandler (ContextHandler.java:doStart(916)) - Started o.e.j.w.WebAppContext@67f3b72d{hddsDatanode,/,file:///tmp/jetty-0_0_0_0-33941-hadoop-hdds-container-service-1_1_0-SNAPSHOT_jar-_-any-4792656087163614036/webapp/,AVAILABLE}{jar:file:/home/user/.m2/repository/org/apache/hadoop/hadoop-hdds-container-service/1.1.0-SNAPSHOT/hadoop-hdds-container-service-1.1.0-SNAPSHOT.jar!/webapps/hddsDatanode}
2021-01-10 13:36:27,521 [Listener at 127.0.0.1/42999] INFO  server.AbstractConnector (AbstractConnector.java:doStart(331)) - Started ServerConnector@5a77b7cc{HTTP/1.1, (http/1.1)}{0.0.0.0:33941}
2021-01-10 13:36:27,521 [Listener at 127.0.0.1/42999] INFO  server.Server (Server.java:doStart(415)) - Started @58115ms
2021-01-10 13:36:27,522 [Listener at 127.0.0.1/42999] WARN  impl.MetricsSystemImpl (MetricsSystemImpl.java:register(276)) - Sink prometheus already exists!
2021-01-10 13:36:27,525 [Listener at 127.0.0.1/42999] INFO  http.BaseHttpServer (BaseHttpServer.java:updateConnectorAddress(327)) - HTTP server of hddsDatanode listening at http://0.0.0.0:33941
2021-01-10 13:36:27,525 [Listener at 127.0.0.1/42999] INFO  impl.MetricsSystemImpl (MetricsSystemImpl.java:init(158)) - HddsDatanode metrics system started (again)
2021-01-10 13:36:27,532 [Listener at 127.0.0.1/42999] INFO  ozone.HddsDatanodeService (HddsDatanodeService.java:start(215)) - HddsDatanodeService host:c2cea8100722 ip:172.17.0.2
2021-01-10 13:36:27,536 [org.apache.hadoop.util.JvmPauseMonitor$Monitor@3c1c9e9a] INFO  util.JvmPauseMonitor (JvmPauseMonitor.java:run(188)) - Starting JVM pause monitor
2021-01-10 13:36:27,537 [Datanode State Machine Task Thread - 0] INFO  datanode.InitDatanodeState (InitDatanodeState.java:persistContainerDatanodeDetails(145)) - DatanodeDetails is persisted to /github/workspace/mnt/ozone/hadoop-ozone/integration-test/target/test-dir/MiniOzoneClusterImpl-0ee44e4a-5790-445b-bee5-3ef48b2e27da/datanode-0/meta/datanode.id
2021-01-10 13:36:27,540 [Listener at 127.0.0.1/42999] INFO  volume.HddsVolume (HddsVolume.java:<init>(176)) - Creating Volume: /github/workspace/mnt/ozone/hadoop-ozone/integration-test/target/test-dir/MiniOzoneClusterImpl-0ee44e4a-5790-445b-bee5-3ef48b2e27da/datanode-1/data-0/containers/hdds of storage type : DISK and capacity : 9223372036854775807
2021-01-10 13:36:27,541 [Listener at 127.0.0.1/42999] INFO  volume.MutableVolumeSet (MutableVolumeSet.java:initializeVolumeSet(179)) - Added Volume : /github/workspace/mnt/ozone/hadoop-ozone/integration-test/target/test-dir/MiniOzoneClusterImpl-0ee44e4a-5790-445b-bee5-3ef48b2e27da/datanode-1/data-0/containers/hdds to VolumeSet
2021-01-10 13:36:27,541 [Listener at 127.0.0.1/42999] INFO  volume.ThrottledAsyncChecker (ThrottledAsyncChecker.java:schedule(141)) - Scheduling a check for /github/workspace/mnt/ozone/hadoop-ozone/integration-test/target/test-dir/MiniOzoneClusterImpl-0ee44e4a-5790-445b-bee5-3ef48b2e27da/datanode-1/data-0/containers/hdds
2021-01-10 13:36:27,541 [Listener at 127.0.0.1/42999] INFO  volume.HddsVolumeChecker (HddsVolumeChecker.java:checkAllVolumes(200)) - Scheduled health check for volume /github/workspace/mnt/ozone/hadoop-ozone/integration-test/target/test-dir/MiniOzoneClusterImpl-0ee44e4a-5790-445b-bee5-3ef48b2e27da/datanode-1/data-0/containers/hdds
2021-01-10 13:36:27,556 [Thread-740] INFO  ozoneimpl.ContainerReader (ContainerReader.java:readVolume(123)) - Start to verify containers on volume /github/workspace/mnt/ozone/hadoop-ozone/integration-test/target/test-dir/MiniOzoneClusterImpl-0ee44e4a-5790-445b-bee5-3ef48b2e27da/datanode-1/data-0/containers/hdds
2021-01-10 13:36:27,556 [Thread-740] INFO  ozoneimpl.ContainerReader (ContainerReader.java:readVolume(148)) - Finish verifying containers on volume /github/workspace/mnt/ozone/hadoop-ozone/integration-test/target/test-dir/MiniOzoneClusterImpl-0ee44e4a-5790-445b-bee5-3ef48b2e27da/datanode-1/data-0/containers/hdds
2021-01-10 13:36:27,556 [Listener at 127.0.0.1/42999] INFO  ozoneimpl.OzoneContainer (OzoneContainer.java:buildContainerSet(206)) - Build ContainerSet costs 0s
2021-01-10 13:36:27,558 [Listener at 127.0.0.1/42999] INFO  server.RaftServer (ConfUtils.java:logGet(44)) - raft.rpc.type = GRPC (default)
2021-01-10 13:36:27,558 [Listener at 127.0.0.1/42999] INFO  grpc.GrpcFactory (GrpcFactory.java:checkPooledByteBufAllocatorUseCacheForAllThreads(48)) - PERFORMANCE WARNING: useCacheForAllThreads is true that may cause Netty to create a lot garbage objects and, as a result, trigger GC.
	It is recommended to disable useCacheForAllThreads by setting -Dorg.apache.ratis.thirdparty.io.netty.allocator.useCacheForAllThreads=false in command line.
2021-01-10 13:36:27,558 [Listener at 127.0.0.1/42999] INFO  grpc.GrpcConfigKeys (ConfUtils.java:logGet(44)) - raft.grpc.server.port = 0 (default)
2021-01-10 13:36:27,558 [Listener at 127.0.0.1/42999] INFO  server.GrpcService (ConfUtils.java:logGet(44)) - raft.grpc.message.size.max = 32MB (=33554432) (custom)
2021-01-10 13:36:27,558 [Listener at 127.0.0.1/42999] INFO  server.RaftServerConfigKeys (ConfUtils.java:logGet(44)) - raft.server.log.appender.buffer.byte-limit = 33554432 (custom)
2021-01-10 13:36:27,558 [Listener at 127.0.0.1/42999] INFO  server.GrpcService (ConfUtils.java:logGet(44)) - raft.grpc.flow.control.window = 5MB (=5242880) (custom)
2021-01-10 13:36:27,559 [Listener at 127.0.0.1/42999] INFO  server.RaftServerConfigKeys (ConfUtils.java:logGet(44)) - raft.server.rpc.request.timeout = 60s (custom)
2021-01-10 13:36:27,560 [Listener at 127.0.0.1/42999] INFO  impl.DataStreamServerImpl (ConfUtils.java:logGet(44)) - raft.datastream.type = DISABLED (default)
2021-01-10 13:36:27,561 [Listener at 127.0.0.1/42999] INFO  server.RaftServerConfigKeys (ConfUtils.java:logGet(44)) - raft.server.rpc.slowness.timeout = 300s (custom)
2021-01-10 13:36:27,561 [Listener at 127.0.0.1/42999] INFO  server.RaftServerConfigKeys (ConfUtils.java:logGet(44)) - raft.server.leaderelection.leader.step-down.wait-time = 10s (default)
2021-01-10 13:36:27,561 [Listener at 127.0.0.1/42999] INFO  server.RaftServerConfigKeys (ConfUtils.java:logGet(44)) - raft.server.storage.dir = [/github/workspace/mnt/ozone/hadoop-ozone/integration-test/target/test-dir/MiniOzoneClusterImpl-0ee44e4a-5790-445b-bee5-3ef48b2e27da/datanode-1/data/ratis] (custom)
2021-01-10 13:36:27,566 [Listener at 127.0.0.1/42999] INFO  http.BaseHttpServer (BaseHttpServer.java:newHttpServer2BuilderForOzone(207)) - Starting Web-server for hddsDatanode at: http://0.0.0.0:0
2021-01-10 13:36:27,566 [Listener at 127.0.0.1/42999] INFO  http.BaseHttpServer (BaseHttpServer.java:<init>(106)) - Hadoop Security Enabled: false Ozone Security Enabled: false Ozone HTTP Security Enabled: false 
2021-01-10 13:36:27,567 [Listener at 127.0.0.1/42999] INFO  server.AuthenticationFilter (AuthenticationFilter.java:constructSecretProvider(240)) - Unable to initialize FileSignerSecretProvider, falling back to use random secrets.
2021-01-10 13:36:27,567 [Listener at 127.0.0.1/42999] WARN  http.HttpRequestLog (HttpRequestLog.java:getRequestLog(103)) - Jetty request log can only be enabled using Log4j
2021-01-10 13:36:27,568 [Listener at 127.0.0.1/42999] INFO  http.HttpServer2 (HttpServer2.java:addGlobalFilter(1020)) - Added global filter 'safety' (class=org.apache.hadoop.hdds.server.http.HttpServer2$QuotingInputFilter)
2021-01-10 13:36:27,569 [Listener at 127.0.0.1/42999] INFO  http.HttpServer2 (HttpServer2.java:addFilter(996)) - Added filter static_user_filter (class=org.apache.hadoop.http.lib.StaticUserWebFilter$StaticUserFilter) to context hddsDatanode
2021-01-10 13:36:27,569 [Listener at 127.0.0.1/42999] INFO  http.HttpServer2 (HttpServer2.java:addFilter(1004)) - Added filter static_user_filter (class=org.apache.hadoop.http.lib.StaticUserWebFilter$StaticUserFilter) to context static
2021-01-10 13:36:27,569 [Listener at 127.0.0.1/42999] INFO  http.HttpServer2 (HttpServer2.java:addFilter(1004)) - Added filter static_user_filter (class=org.apache.hadoop.http.lib.StaticUserWebFilter$StaticUserFilter) to context logs
2021-01-10 13:36:27,569 [Listener at 127.0.0.1/42999] INFO  http.HttpServer2 (HttpServer2.java:bindListener(1238)) - Jetty bound to port 34867
2021-01-10 13:36:27,570 [Listener at 127.0.0.1/42999] INFO  server.Server (Server.java:doStart(375)) - jetty-9.4.34.v20201102; built: 2020-11-02T14:15:39.302Z; git: e46af88704a893fc12cb0e3bf46e2c7b48a009e7; jvm 1.8.0_232-b09
2021-01-10 13:36:27,573 [Listener at 127.0.0.1/42999] INFO  server.session (DefaultSessionIdManager.java:doStart(334)) - DefaultSessionIdManager workerName=node0
2021-01-10 13:36:27,573 [Listener at 127.0.0.1/42999] INFO  server.session (DefaultSessionIdManager.java:doStart(339)) - No SessionScavenger set, using defaults
2021-01-10 13:36:27,573 [Listener at 127.0.0.1/42999] INFO  server.session (HouseKeeper.java:startScavenging(132)) - node0 Scavenging every 600000ms
2021-01-10 13:36:27,573 [Listener at 127.0.0.1/42999] INFO  handler.ContextHandler (ContextHandler.java:doStart(916)) - Started o.e.j.s.ServletContextHandler@78bbc584{logs,/logs,file:///github/workspace/mnt/ozone/hadoop-ozone/integration-test/target/log,AVAILABLE}
2021-01-10 13:36:27,574 [Listener at 127.0.0.1/42999] INFO  handler.ContextHandler (ContextHandler.java:doStart(916)) - Started o.e.j.s.ServletContextHandler@11d16eb8{static,/static,jar:file:/home/user/.m2/repository/org/apache/hadoop/hadoop-hdds-container-service/1.1.0-SNAPSHOT/hadoop-hdds-container-service-1.1.0-SNAPSHOT.jar!/webapps/static,AVAILABLE}
2021-01-10 13:36:27,730 [Listener at 127.0.0.1/42999] INFO  handler.ContextHandler (ContextHandler.java:doStart(916)) - Started o.e.j.w.WebAppContext@28a4d87f{hddsDatanode,/,file:///tmp/jetty-0_0_0_0-34867-hadoop-hdds-container-service-1_1_0-SNAPSHOT_jar-_-any-8313046325359080157/webapp/,AVAILABLE}{jar:file:/home/user/.m2/repository/org/apache/hadoop/hadoop-hdds-container-service/1.1.0-SNAPSHOT/hadoop-hdds-container-service-1.1.0-SNAPSHOT.jar!/webapps/hddsDatanode}
2021-01-10 13:36:27,732 [Listener at 127.0.0.1/42999] INFO  server.AbstractConnector (AbstractConnector.java:doStart(331)) - Started ServerConnector@7459002d{HTTP/1.1, (http/1.1)}{0.0.0.0:34867}
2021-01-10 13:36:27,732 [Listener at 127.0.0.1/42999] INFO  server.Server (Server.java:doStart(415)) - Started @58325ms
2021-01-10 13:36:27,732 [Listener at 127.0.0.1/42999] WARN  impl.MetricsSystemImpl (MetricsSystemImpl.java:register(276)) - Sink prometheus already exists!
2021-01-10 13:36:27,736 [Listener at 127.0.0.1/42999] INFO  http.BaseHttpServer (BaseHttpServer.java:updateConnectorAddress(327)) - HTTP server of hddsDatanode listening at http://0.0.0.0:34867
2021-01-10 13:36:27,736 [Listener at 127.0.0.1/42999] INFO  impl.MetricsSystemImpl (MetricsSystemImpl.java:init(158)) - HddsDatanode metrics system started (again)
2021-01-10 13:36:27,741 [Listener at 127.0.0.1/42999] INFO  ozone.HddsDatanodeService (HddsDatanodeService.java:start(215)) - HddsDatanodeService host:c2cea8100722 ip:172.17.0.2
2021-01-10 13:36:27,745 [Listener at 127.0.0.1/42999] INFO  volume.HddsVolume (HddsVolume.java:<init>(176)) - Creating Volume: /github/workspace/mnt/ozone/hadoop-ozone/integration-test/target/test-dir/MiniOzoneClusterImpl-0ee44e4a-5790-445b-bee5-3ef48b2e27da/datanode-2/data-0/containers/hdds of storage type : DISK and capacity : 9223372036854775807
2021-01-10 13:36:27,745 [Listener at 127.0.0.1/42999] INFO  volume.MutableVolumeSet (MutableVolumeSet.java:initializeVolumeSet(179)) - Added Volume : /github/workspace/mnt/ozone/hadoop-ozone/integration-test/target/test-dir/MiniOzoneClusterImpl-0ee44e4a-5790-445b-bee5-3ef48b2e27da/datanode-2/data-0/containers/hdds to VolumeSet
2021-01-10 13:36:27,745 [Listener at 127.0.0.1/42999] INFO  volume.ThrottledAsyncChecker (ThrottledAsyncChecker.java:schedule(141)) - Scheduling a check for /github/workspace/mnt/ozone/hadoop-ozone/integration-test/target/test-dir/MiniOzoneClusterImpl-0ee44e4a-5790-445b-bee5-3ef48b2e27da/datanode-2/data-0/containers/hdds
2021-01-10 13:36:27,746 [org.apache.hadoop.util.JvmPauseMonitor$Monitor@1e74c948] INFO  util.JvmPauseMonitor (JvmPauseMonitor.java:run(188)) - Starting JVM pause monitor
2021-01-10 13:36:27,747 [Listener at 127.0.0.1/42999] INFO  volume.HddsVolumeChecker (HddsVolumeChecker.java:checkAllVolumes(200)) - Scheduled health check for volume /github/workspace/mnt/ozone/hadoop-ozone/integration-test/target/test-dir/MiniOzoneClusterImpl-0ee44e4a-5790-445b-bee5-3ef48b2e27da/datanode-2/data-0/containers/hdds
2021-01-10 13:36:27,747 [Datanode State Machine Task Thread - 0] INFO  datanode.InitDatanodeState (InitDatanodeState.java:persistContainerDatanodeDetails(145)) - DatanodeDetails is persisted to /github/workspace/mnt/ozone/hadoop-ozone/integration-test/target/test-dir/MiniOzoneClusterImpl-0ee44e4a-5790-445b-bee5-3ef48b2e27da/datanode-1/meta/datanode.id
2021-01-10 13:36:27,761 [Thread-751] INFO  ozoneimpl.ContainerReader (ContainerReader.java:readVolume(123)) - Start to verify containers on volume /github/workspace/mnt/ozone/hadoop-ozone/integration-test/target/test-dir/MiniOzoneClusterImpl-0ee44e4a-5790-445b-bee5-3ef48b2e27da/datanode-2/data-0/containers/hdds
2021-01-10 13:36:27,761 [Thread-751] INFO  ozoneimpl.ContainerReader (ContainerReader.java:readVolume(148)) - Finish verifying containers on volume /github/workspace/mnt/ozone/hadoop-ozone/integration-test/target/test-dir/MiniOzoneClusterImpl-0ee44e4a-5790-445b-bee5-3ef48b2e27da/datanode-2/data-0/containers/hdds
2021-01-10 13:36:27,761 [Listener at 127.0.0.1/42999] INFO  ozoneimpl.OzoneContainer (OzoneContainer.java:buildContainerSet(206)) - Build ContainerSet costs 0s
2021-01-10 13:36:27,763 [Listener at 127.0.0.1/42999] INFO  server.RaftServer (ConfUtils.java:logGet(44)) - raft.rpc.type = GRPC (default)
2021-01-10 13:36:27,764 [Listener at 127.0.0.1/42999] INFO  grpc.GrpcFactory (GrpcFactory.java:checkPooledByteBufAllocatorUseCacheForAllThreads(48)) - PERFORMANCE WARNING: useCacheForAllThreads is true that may cause Netty to create a lot garbage objects and, as a result, trigger GC.
	It is recommended to disable useCacheForAllThreads by setting -Dorg.apache.ratis.thirdparty.io.netty.allocator.useCacheForAllThreads=false in command line.
2021-01-10 13:36:27,764 [Listener at 127.0.0.1/42999] INFO  grpc.GrpcConfigKeys (ConfUtils.java:logGet(44)) - raft.grpc.server.port = 0 (default)
2021-01-10 13:36:27,764 [Listener at 127.0.0.1/42999] INFO  server.GrpcService (ConfUtils.java:logGet(44)) - raft.grpc.message.size.max = 32MB (=33554432) (custom)
2021-01-10 13:36:27,764 [Listener at 127.0.0.1/42999] INFO  server.RaftServerConfigKeys (ConfUtils.java:logGet(44)) - raft.server.log.appender.buffer.byte-limit = 33554432 (custom)
2021-01-10 13:36:27,764 [Listener at 127.0.0.1/42999] INFO  server.GrpcService (ConfUtils.java:logGet(44)) - raft.grpc.flow.control.window = 5MB (=5242880) (custom)
2021-01-10 13:36:27,764 [Listener at 127.0.0.1/42999] INFO  server.RaftServerConfigKeys (ConfUtils.java:logGet(44)) - raft.server.rpc.request.timeout = 60s (custom)
2021-01-10 13:36:27,765 [Listener at 127.0.0.1/42999] INFO  impl.DataStreamServerImpl (ConfUtils.java:logGet(44)) - raft.datastream.type = DISABLED (default)
2021-01-10 13:36:27,766 [Listener at 127.0.0.1/42999] INFO  server.RaftServerConfigKeys (ConfUtils.java:logGet(44)) - raft.server.rpc.slowness.timeout = 300s (custom)
2021-01-10 13:36:27,766 [Listener at 127.0.0.1/42999] INFO  server.RaftServerConfigKeys (ConfUtils.java:logGet(44)) - raft.server.leaderelection.leader.step-down.wait-time = 10s (default)
2021-01-10 13:36:27,766 [Listener at 127.0.0.1/42999] INFO  server.RaftServerConfigKeys (ConfUtils.java:logGet(44)) - raft.server.storage.dir = [/github/workspace/mnt/ozone/hadoop-ozone/integration-test/target/test-dir/MiniOzoneClusterImpl-0ee44e4a-5790-445b-bee5-3ef48b2e27da/datanode-2/data/ratis] (custom)
2021-01-10 13:36:27,771 [Listener at 127.0.0.1/42999] INFO  http.BaseHttpServer (BaseHttpServer.java:newHttpServer2BuilderForOzone(207)) - Starting Web-server for hddsDatanode at: http://0.0.0.0:0
2021-01-10 13:36:27,771 [Listener at 127.0.0.1/42999] INFO  http.BaseHttpServer (BaseHttpServer.java:<init>(106)) - Hadoop Security Enabled: false Ozone Security Enabled: false Ozone HTTP Security Enabled: false 
2021-01-10 13:36:27,772 [Listener at 127.0.0.1/42999] INFO  server.AuthenticationFilter (AuthenticationFilter.java:constructSecretProvider(240)) - Unable to initialize FileSignerSecretProvider, falling back to use random secrets.
2021-01-10 13:36:27,772 [Listener at 127.0.0.1/42999] WARN  http.HttpRequestLog (HttpRequestLog.java:getRequestLog(103)) - Jetty request log can only be enabled using Log4j
2021-01-10 13:36:27,773 [Listener at 127.0.0.1/42999] INFO  http.HttpServer2 (HttpServer2.java:addGlobalFilter(1020)) - Added global filter 'safety' (class=org.apache.hadoop.hdds.server.http.HttpServer2$QuotingInputFilter)
2021-01-10 13:36:27,773 [Listener at 127.0.0.1/42999] INFO  http.HttpServer2 (HttpServer2.java:addFilter(996)) - Added filter static_user_filter (class=org.apache.hadoop.http.lib.StaticUserWebFilter$StaticUserFilter) to context hddsDatanode
2021-01-10 13:36:27,774 [Listener at 127.0.0.1/42999] INFO  http.HttpServer2 (HttpServer2.java:addFilter(1004)) - Added filter static_user_filter (class=org.apache.hadoop.http.lib.StaticUserWebFilter$StaticUserFilter) to context logs
2021-01-10 13:36:27,774 [Listener at 127.0.0.1/42999] INFO  http.HttpServer2 (HttpServer2.java:addFilter(1004)) - Added filter static_user_filter (class=org.apache.hadoop.http.lib.StaticUserWebFilter$StaticUserFilter) to context static
2021-01-10 13:36:27,774 [Listener at 127.0.0.1/42999] INFO  http.HttpServer2 (HttpServer2.java:bindListener(1238)) - Jetty bound to port 38533
2021-01-10 13:36:27,774 [Listener at 127.0.0.1/42999] INFO  server.Server (Server.java:doStart(375)) - jetty-9.4.34.v20201102; built: 2020-11-02T14:15:39.302Z; git: e46af88704a893fc12cb0e3bf46e2c7b48a009e7; jvm 1.8.0_232-b09
2021-01-10 13:36:27,776 [Listener at 127.0.0.1/42999] INFO  server.session (DefaultSessionIdManager.java:doStart(334)) - DefaultSessionIdManager workerName=node0
2021-01-10 13:36:27,776 [Listener at 127.0.0.1/42999] INFO  server.session (DefaultSessionIdManager.java:doStart(339)) - No SessionScavenger set, using defaults
2021-01-10 13:36:27,776 [Listener at 127.0.0.1/42999] INFO  server.session (HouseKeeper.java:startScavenging(132)) - node0 Scavenging every 660000ms
2021-01-10 13:36:27,777 [Listener at 127.0.0.1/42999] INFO  handler.ContextHandler (ContextHandler.java:doStart(916)) - Started o.e.j.s.ServletContextHandler@68886059{logs,/logs,file:///github/workspace/mnt/ozone/hadoop-ozone/integration-test/target/log,AVAILABLE}
2021-01-10 13:36:27,777 [Listener at 127.0.0.1/42999] INFO  handler.ContextHandler (ContextHandler.java:doStart(916)) - Started o.e.j.s.ServletContextHandler@2938c689{static,/static,jar:file:/home/user/.m2/repository/org/apache/hadoop/hadoop-hdds-container-service/1.1.0-SNAPSHOT/hadoop-hdds-container-service-1.1.0-SNAPSHOT.jar!/webapps/static,AVAILABLE}
2021-01-10 13:36:27,947 [Listener at 127.0.0.1/42999] INFO  handler.ContextHandler (ContextHandler.java:doStart(916)) - Started o.e.j.w.WebAppContext@1713f25b{hddsDatanode,/,file:///tmp/jetty-0_0_0_0-38533-hadoop-hdds-container-service-1_1_0-SNAPSHOT_jar-_-any-1254354411534270898/webapp/,AVAILABLE}{jar:file:/home/user/.m2/repository/org/apache/hadoop/hadoop-hdds-container-service/1.1.0-SNAPSHOT/hadoop-hdds-container-service-1.1.0-SNAPSHOT.jar!/webapps/hddsDatanode}
2021-01-10 13:36:27,948 [Listener at 127.0.0.1/42999] INFO  server.AbstractConnector (AbstractConnector.java:doStart(331)) - Started ServerConnector@12e4c6de{HTTP/1.1, (http/1.1)}{0.0.0.0:38533}
2021-01-10 13:36:27,949 [Listener at 127.0.0.1/42999] INFO  server.Server (Server.java:doStart(415)) - Started @58542ms
2021-01-10 13:36:27,949 [Listener at 127.0.0.1/42999] WARN  impl.MetricsSystemImpl (MetricsSystemImpl.java:register(276)) - Sink prometheus already exists!
2021-01-10 13:36:27,953 [Listener at 127.0.0.1/42999] INFO  http.BaseHttpServer (BaseHttpServer.java:updateConnectorAddress(327)) - HTTP server of hddsDatanode listening at http://0.0.0.0:38533
2021-01-10 13:36:27,953 [Listener at 127.0.0.1/42999] INFO  impl.MetricsSystemImpl (MetricsSystemImpl.java:init(158)) - HddsDatanode metrics system started (again)
2021-01-10 13:36:27,954 [Listener at 127.0.0.1/42999] INFO  ozone.HddsDatanodeService (HddsDatanodeService.java:start(215)) - HddsDatanodeService host:c2cea8100722 ip:172.17.0.2
2021-01-10 13:36:27,955 [Listener at 127.0.0.1/42999] INFO  volume.HddsVolume (HddsVolume.java:<init>(176)) - Creating Volume: /github/workspace/mnt/ozone/hadoop-ozone/integration-test/target/test-dir/MiniOzoneClusterImpl-0ee44e4a-5790-445b-bee5-3ef48b2e27da/datanode-3/data-0/containers/hdds of storage type : DISK and capacity : 9223372036854775807
2021-01-10 13:36:27,960 [Listener at 127.0.0.1/42999] INFO  volume.MutableVolumeSet (MutableVolumeSet.java:initializeVolumeSet(179)) - Added Volume : /github/workspace/mnt/ozone/hadoop-ozone/integration-test/target/test-dir/MiniOzoneClusterImpl-0ee44e4a-5790-445b-bee5-3ef48b2e27da/datanode-3/data-0/containers/hdds to VolumeSet
2021-01-10 13:36:27,961 [Listener at 127.0.0.1/42999] INFO  volume.ThrottledAsyncChecker (ThrottledAsyncChecker.java:schedule(141)) - Scheduling a check for /github/workspace/mnt/ozone/hadoop-ozone/integration-test/target/test-dir/MiniOzoneClusterImpl-0ee44e4a-5790-445b-bee5-3ef48b2e27da/datanode-3/data-0/containers/hdds
2021-01-10 13:36:27,961 [Listener at 127.0.0.1/42999] INFO  volume.HddsVolumeChecker (HddsVolumeChecker.java:checkAllVolumes(200)) - Scheduled health check for volume /github/workspace/mnt/ozone/hadoop-ozone/integration-test/target/test-dir/MiniOzoneClusterImpl-0ee44e4a-5790-445b-bee5-3ef48b2e27da/datanode-3/data-0/containers/hdds
2021-01-10 13:36:27,975 [org.apache.hadoop.util.JvmPauseMonitor$Monitor@6a6de992] INFO  util.JvmPauseMonitor (JvmPauseMonitor.java:run(188)) - Starting JVM pause monitor
2021-01-10 13:36:27,975 [Thread-762] INFO  ozoneimpl.ContainerReader (ContainerReader.java:readVolume(123)) - Start to verify containers on volume /github/workspace/mnt/ozone/hadoop-ozone/integration-test/target/test-dir/MiniOzoneClusterImpl-0ee44e4a-5790-445b-bee5-3ef48b2e27da/datanode-3/data-0/containers/hdds
2021-01-10 13:36:27,975 [Thread-762] INFO  ozoneimpl.ContainerReader (ContainerReader.java:readVolume(148)) - Finish verifying containers on volume /github/workspace/mnt/ozone/hadoop-ozone/integration-test/target/test-dir/MiniOzoneClusterImpl-0ee44e4a-5790-445b-bee5-3ef48b2e27da/datanode-3/data-0/containers/hdds
2021-01-10 13:36:27,975 [Listener at 127.0.0.1/42999] INFO  ozoneimpl.OzoneContainer (OzoneContainer.java:buildContainerSet(206)) - Build ContainerSet costs 0s
2021-01-10 13:36:27,977 [Listener at 127.0.0.1/42999] INFO  server.RaftServer (ConfUtils.java:logGet(44)) - raft.rpc.type = GRPC (default)
2021-01-10 13:36:27,977 [Listener at 127.0.0.1/42999] INFO  grpc.GrpcFactory (GrpcFactory.java:checkPooledByteBufAllocatorUseCacheForAllThreads(48)) - PERFORMANCE WARNING: useCacheForAllThreads is true that may cause Netty to create a lot garbage objects and, as a result, trigger GC.
	It is recommended to disable useCacheForAllThreads by setting -Dorg.apache.ratis.thirdparty.io.netty.allocator.useCacheForAllThreads=false in command line.
2021-01-10 13:36:27,977 [Listener at 127.0.0.1/42999] INFO  grpc.GrpcConfigKeys (ConfUtils.java:logGet(44)) - raft.grpc.server.port = 0 (default)
2021-01-10 13:36:27,977 [Listener at 127.0.0.1/42999] INFO  server.GrpcService (ConfUtils.java:logGet(44)) - raft.grpc.message.size.max = 32MB (=33554432) (custom)
2021-01-10 13:36:27,977 [Listener at 127.0.0.1/42999] INFO  server.RaftServerConfigKeys (ConfUtils.java:logGet(44)) - raft.server.log.appender.buffer.byte-limit = 33554432 (custom)
2021-01-10 13:36:27,978 [Listener at 127.0.0.1/42999] INFO  server.GrpcService (ConfUtils.java:logGet(44)) - raft.grpc.flow.control.window = 5MB (=5242880) (custom)
2021-01-10 13:36:27,978 [Listener at 127.0.0.1/42999] INFO  server.RaftServerConfigKeys (ConfUtils.java:logGet(44)) - raft.server.rpc.request.timeout = 60s (custom)
2021-01-10 13:36:27,979 [Listener at 127.0.0.1/42999] INFO  impl.DataStreamServerImpl (ConfUtils.java:logGet(44)) - raft.datastream.type = DISABLED (default)
2021-01-10 13:36:27,979 [Listener at 127.0.0.1/42999] INFO  server.RaftServerConfigKeys (ConfUtils.java:logGet(44)) - raft.server.rpc.slowness.timeout = 300s (custom)
2021-01-10 13:36:27,979 [Listener at 127.0.0.1/42999] INFO  server.RaftServerConfigKeys (ConfUtils.java:logGet(44)) - raft.server.leaderelection.leader.step-down.wait-time = 10s (default)
2021-01-10 13:36:27,980 [Listener at 127.0.0.1/42999] INFO  server.RaftServerConfigKeys (ConfUtils.java:logGet(44)) - raft.server.storage.dir = [/github/workspace/mnt/ozone/hadoop-ozone/integration-test/target/test-dir/MiniOzoneClusterImpl-0ee44e4a-5790-445b-bee5-3ef48b2e27da/datanode-3/data/ratis] (custom)
2021-01-10 13:36:27,980 [Datanode State Machine Task Thread - 0] INFO  datanode.InitDatanodeState (InitDatanodeState.java:persistContainerDatanodeDetails(145)) - DatanodeDetails is persisted to /github/workspace/mnt/ozone/hadoop-ozone/integration-test/target/test-dir/MiniOzoneClusterImpl-0ee44e4a-5790-445b-bee5-3ef48b2e27da/datanode-2/meta/datanode.id
2021-01-10 13:36:28,011 [Listener at 127.0.0.1/42999] INFO  http.BaseHttpServer (BaseHttpServer.java:newHttpServer2BuilderForOzone(207)) - Starting Web-server for hddsDatanode at: http://0.0.0.0:0
2021-01-10 13:36:28,011 [Listener at 127.0.0.1/42999] INFO  http.BaseHttpServer (BaseHttpServer.java:<init>(106)) - Hadoop Security Enabled: false Ozone Security Enabled: false Ozone HTTP Security Enabled: false 
2021-01-10 13:36:28,012 [Listener at 127.0.0.1/42999] INFO  server.AuthenticationFilter (AuthenticationFilter.java:constructSecretProvider(240)) - Unable to initialize FileSignerSecretProvider, falling back to use random secrets.
2021-01-10 13:36:28,013 [Listener at 127.0.0.1/42999] WARN  http.HttpRequestLog (HttpRequestLog.java:getRequestLog(103)) - Jetty request log can only be enabled using Log4j
2021-01-10 13:36:28,014 [Listener at 127.0.0.1/42999] INFO  http.HttpServer2 (HttpServer2.java:addGlobalFilter(1020)) - Added global filter 'safety' (class=org.apache.hadoop.hdds.server.http.HttpServer2$QuotingInputFilter)
2021-01-10 13:36:28,015 [Listener at 127.0.0.1/42999] INFO  http.HttpServer2 (HttpServer2.java:addFilter(996)) - Added filter static_user_filter (class=org.apache.hadoop.http.lib.StaticUserWebFilter$StaticUserFilter) to context hddsDatanode
2021-01-10 13:36:28,015 [Listener at 127.0.0.1/42999] INFO  http.HttpServer2 (HttpServer2.java:addFilter(1004)) - Added filter static_user_filter (class=org.apache.hadoop.http.lib.StaticUserWebFilter$StaticUserFilter) to context logs
2021-01-10 13:36:28,015 [Listener at 127.0.0.1/42999] INFO  http.HttpServer2 (HttpServer2.java:addFilter(1004)) - Added filter static_user_filter (class=org.apache.hadoop.http.lib.StaticUserWebFilter$StaticUserFilter) to context static
2021-01-10 13:36:28,016 [Listener at 127.0.0.1/42999] INFO  http.HttpServer2 (HttpServer2.java:bindListener(1238)) - Jetty bound to port 38083
2021-01-10 13:36:28,016 [Listener at 127.0.0.1/42999] INFO  server.Server (Server.java:doStart(375)) - jetty-9.4.34.v20201102; built: 2020-11-02T14:15:39.302Z; git: e46af88704a893fc12cb0e3bf46e2c7b48a009e7; jvm 1.8.0_232-b09
2021-01-10 13:36:28,018 [Listener at 127.0.0.1/42999] INFO  server.session (DefaultSessionIdManager.java:doStart(334)) - DefaultSessionIdManager workerName=node0
2021-01-10 13:36:28,018 [Listener at 127.0.0.1/42999] INFO  server.session (DefaultSessionIdManager.java:doStart(339)) - No SessionScavenger set, using defaults
2021-01-10 13:36:28,019 [Listener at 127.0.0.1/42999] INFO  server.session (HouseKeeper.java:startScavenging(132)) - node0 Scavenging every 660000ms
2021-01-10 13:36:28,019 [Listener at 127.0.0.1/42999] INFO  handler.ContextHandler (ContextHandler.java:doStart(916)) - Started o.e.j.s.ServletContextHandler@59ed8460{logs,/logs,file:///github/workspace/mnt/ozone/hadoop-ozone/integration-test/target/log,AVAILABLE}
2021-01-10 13:36:28,020 [Listener at 127.0.0.1/42999] INFO  handler.ContextHandler (ContextHandler.java:doStart(916)) - Started o.e.j.s.ServletContextHandler@5580356d{static,/static,jar:file:/home/user/.m2/repository/org/apache/hadoop/hadoop-hdds-container-service/1.1.0-SNAPSHOT/hadoop-hdds-container-service-1.1.0-SNAPSHOT.jar!/webapps/static,AVAILABLE}
2021-01-10 13:36:28,185 [Listener at 127.0.0.1/42999] INFO  handler.ContextHandler (ContextHandler.java:doStart(916)) - Started o.e.j.w.WebAppContext@6307382{hddsDatanode,/,file:///tmp/jetty-0_0_0_0-38083-hadoop-hdds-container-service-1_1_0-SNAPSHOT_jar-_-any-2327502385847089773/webapp/,AVAILABLE}{jar:file:/home/user/.m2/repository/org/apache/hadoop/hadoop-hdds-container-service/1.1.0-SNAPSHOT/hadoop-hdds-container-service-1.1.0-SNAPSHOT.jar!/webapps/hddsDatanode}
2021-01-10 13:36:28,187 [Listener at 127.0.0.1/42999] INFO  server.AbstractConnector (AbstractConnector.java:doStart(331)) - Started ServerConnector@23c21550{HTTP/1.1, (http/1.1)}{0.0.0.0:38083}
2021-01-10 13:36:28,188 [Listener at 127.0.0.1/42999] INFO  server.Server (Server.java:doStart(415)) - Started @58781ms
2021-01-10 13:36:28,188 [Listener at 127.0.0.1/42999] WARN  impl.MetricsSystemImpl (MetricsSystemImpl.java:register(276)) - Sink prometheus already exists!
2021-01-10 13:36:28,218 [Listener at 127.0.0.1/42999] INFO  http.BaseHttpServer (BaseHttpServer.java:updateConnectorAddress(327)) - HTTP server of hddsDatanode listening at http://0.0.0.0:38083
2021-01-10 13:36:28,219 [Listener at 127.0.0.1/42999] INFO  impl.MetricsSystemImpl (MetricsSystemImpl.java:init(158)) - HddsDatanode metrics system started (again)
2021-01-10 13:36:28,221 [Listener at 127.0.0.1/42999] INFO  ozone.HddsDatanodeService (HddsDatanodeService.java:start(215)) - HddsDatanodeService host:c2cea8100722 ip:172.17.0.2
2021-01-10 13:36:28,222 [Listener at 127.0.0.1/42999] INFO  volume.HddsVolume (HddsVolume.java:<init>(176)) - Creating Volume: /github/workspace/mnt/ozone/hadoop-ozone/integration-test/target/test-dir/MiniOzoneClusterImpl-0ee44e4a-5790-445b-bee5-3ef48b2e27da/datanode-4/data-0/containers/hdds of storage type : DISK and capacity : 9223372036854775807
2021-01-10 13:36:28,222 [Listener at 127.0.0.1/42999] INFO  volume.MutableVolumeSet (MutableVolumeSet.java:initializeVolumeSet(179)) - Added Volume : /github/workspace/mnt/ozone/hadoop-ozone/integration-test/target/test-dir/MiniOzoneClusterImpl-0ee44e4a-5790-445b-bee5-3ef48b2e27da/datanode-4/data-0/containers/hdds to VolumeSet
2021-01-10 13:36:28,223 [Listener at 127.0.0.1/42999] INFO  volume.ThrottledAsyncChecker (ThrottledAsyncChecker.java:schedule(141)) - Scheduling a check for /github/workspace/mnt/ozone/hadoop-ozone/integration-test/target/test-dir/MiniOzoneClusterImpl-0ee44e4a-5790-445b-bee5-3ef48b2e27da/datanode-4/data-0/containers/hdds
2021-01-10 13:36:28,223 [Listener at 127.0.0.1/42999] INFO  volume.HddsVolumeChecker (HddsVolumeChecker.java:checkAllVolumes(200)) - Scheduled health check for volume /github/workspace/mnt/ozone/hadoop-ozone/integration-test/target/test-dir/MiniOzoneClusterImpl-0ee44e4a-5790-445b-bee5-3ef48b2e27da/datanode-4/data-0/containers/hdds
2021-01-10 13:36:28,250 [Thread-771] INFO  ozoneimpl.ContainerReader (ContainerReader.java:readVolume(123)) - Start to verify containers on volume /github/workspace/mnt/ozone/hadoop-ozone/integration-test/target/test-dir/MiniOzoneClusterImpl-0ee44e4a-5790-445b-bee5-3ef48b2e27da/datanode-4/data-0/containers/hdds
2021-01-10 13:36:28,250 [Thread-771] INFO  ozoneimpl.ContainerReader (ContainerReader.java:readVolume(148)) - Finish verifying containers on volume /github/workspace/mnt/ozone/hadoop-ozone/integration-test/target/test-dir/MiniOzoneClusterImpl-0ee44e4a-5790-445b-bee5-3ef48b2e27da/datanode-4/data-0/containers/hdds
2021-01-10 13:36:28,250 [Listener at 127.0.0.1/42999] INFO  ozoneimpl.OzoneContainer (OzoneContainer.java:buildContainerSet(206)) - Build ContainerSet costs 0s
2021-01-10 13:36:28,253 [Listener at 127.0.0.1/42999] INFO  server.RaftServer (ConfUtils.java:logGet(44)) - raft.rpc.type = GRPC (default)
2021-01-10 13:36:28,253 [Listener at 127.0.0.1/42999] INFO  grpc.GrpcFactory (GrpcFactory.java:checkPooledByteBufAllocatorUseCacheForAllThreads(48)) - PERFORMANCE WARNING: useCacheForAllThreads is true that may cause Netty to create a lot garbage objects and, as a result, trigger GC.
	It is recommended to disable useCacheForAllThreads by setting -Dorg.apache.ratis.thirdparty.io.netty.allocator.useCacheForAllThreads=false in command line.
2021-01-10 13:36:28,253 [Listener at 127.0.0.1/42999] INFO  grpc.GrpcConfigKeys (ConfUtils.java:logGet(44)) - raft.grpc.server.port = 0 (default)
2021-01-10 13:36:28,253 [Listener at 127.0.0.1/42999] INFO  server.GrpcService (ConfUtils.java:logGet(44)) - raft.grpc.message.size.max = 32MB (=33554432) (custom)
2021-01-10 13:36:28,254 [Listener at 127.0.0.1/42999] INFO  server.RaftServerConfigKeys (ConfUtils.java:logGet(44)) - raft.server.log.appender.buffer.byte-limit = 33554432 (custom)
2021-01-10 13:36:28,254 [Listener at 127.0.0.1/42999] INFO  server.GrpcService (ConfUtils.java:logGet(44)) - raft.grpc.flow.control.window = 5MB (=5242880) (custom)
2021-01-10 13:36:28,254 [Listener at 127.0.0.1/42999] INFO  server.RaftServerConfigKeys (ConfUtils.java:logGet(44)) - raft.server.rpc.request.timeout = 60s (custom)
2021-01-10 13:36:28,255 [Listener at 127.0.0.1/42999] INFO  impl.DataStreamServerImpl (ConfUtils.java:logGet(44)) - raft.datastream.type = DISABLED (default)
2021-01-10 13:36:28,255 [Listener at 127.0.0.1/42999] INFO  server.RaftServerConfigKeys (ConfUtils.java:logGet(44)) - raft.server.rpc.slowness.timeout = 300s (custom)
2021-01-10 13:36:28,255 [Listener at 127.0.0.1/42999] INFO  server.RaftServerConfigKeys (ConfUtils.java:logGet(44)) - raft.server.leaderelection.leader.step-down.wait-time = 10s (default)
2021-01-10 13:36:28,255 [Listener at 127.0.0.1/42999] INFO  server.RaftServerConfigKeys (ConfUtils.java:logGet(44)) - raft.server.storage.dir = [/github/workspace/mnt/ozone/hadoop-ozone/integration-test/target/test-dir/MiniOzoneClusterImpl-0ee44e4a-5790-445b-bee5-3ef48b2e27da/datanode-4/data/ratis] (custom)
2021-01-10 13:36:28,276 [org.apache.hadoop.util.JvmPauseMonitor$Monitor@4ad81a74] INFO  util.JvmPauseMonitor (JvmPauseMonitor.java:run(188)) - Starting JVM pause monitor
2021-01-10 13:36:28,278 [Datanode State Machine Task Thread - 0] INFO  datanode.InitDatanodeState (InitDatanodeState.java:persistContainerDatanodeDetails(145)) - DatanodeDetails is persisted to /github/workspace/mnt/ozone/hadoop-ozone/integration-test/target/test-dir/MiniOzoneClusterImpl-0ee44e4a-5790-445b-bee5-3ef48b2e27da/datanode-3/meta/datanode.id
2021-01-10 13:36:29,543 [EndpointStateMachine task thread for /0.0.0.0:45713 - 0 ] INFO  ozoneimpl.OzoneContainer (OzoneContainer.java:start(255)) - Attempting to start container services.
2021-01-10 13:36:29,544 [EndpointStateMachine task thread for /0.0.0.0:45713 - 0 ] INFO  ozoneimpl.OzoneContainer (OzoneContainer.java:startContainerScrub(219)) - Background container scanner has been disabled.
2021-01-10 13:36:29,545 [EndpointStateMachine task thread for /0.0.0.0:45713 - 0 ] INFO  replication.ReplicationServer (ReplicationServer.java:start(111)) - ReplicationServer is started using port 34709
2021-01-10 13:36:29,546 [EndpointStateMachine task thread for /0.0.0.0:45713 - 0 ] INFO  ratis.XceiverServerRatis (XceiverServerRatis.java:start(455)) - Starting XceiverServerRatis 5a30f297-e3d6-40f2-a678-35d09e11e701 at port 0
2021-01-10 13:36:29,546 [EndpointStateMachine task thread for /0.0.0.0:45713 - 0 ] INFO  server.RaftServer (RaftServerProxy.java:lambda$start$5(372)) - 5a30f297-e3d6-40f2-a678-35d09e11e701: start RPC server
2021-01-10 13:36:29,548 [EndpointStateMachine task thread for /0.0.0.0:45713 - 0 ] INFO  server.GrpcService (GrpcService.java:startImpl(176)) - 5a30f297-e3d6-40f2-a678-35d09e11e701: GrpcService started, listening on 0.0.0.0/0.0.0.0:34335
2021-01-10 13:36:29,548 [EndpointStateMachine task thread for /0.0.0.0:45713 - 0 ] INFO  ratis.XceiverServerRatis (XceiverServerRatis.java:start(467)) - XceiverServerRatis 5a30f297-e3d6-40f2-a678-35d09e11e701 is started using port 34335
2021-01-10 13:36:29,548 [org.apache.ratis.util.JvmPauseMonitor$$Lambda$220/668167883@26902e95] INFO  util.JvmPauseMonitor (JvmPauseMonitor.java:run(103)) - JvmPauseMonitor-5a30f297-e3d6-40f2-a678-35d09e11e701: Started
2021-01-10 13:36:29,549 [EndpointStateMachine task thread for /0.0.0.0:45713 - 0 ] INFO  server.XceiverServerGrpc (XceiverServerGrpc.java:start(139)) - XceiverServerGrpc 5a30f297-e3d6-40f2-a678-35d09e11e701 is started using port 35983
2021-01-10 13:36:29,748 [EndpointStateMachine task thread for /0.0.0.0:45713 - 0 ] INFO  ozoneimpl.OzoneContainer (OzoneContainer.java:start(255)) - Attempting to start container services.
2021-01-10 13:36:29,749 [EndpointStateMachine task thread for /0.0.0.0:45713 - 0 ] INFO  ozoneimpl.OzoneContainer (OzoneContainer.java:startContainerScrub(219)) - Background container scanner has been disabled.
2021-01-10 13:36:29,755 [EndpointStateMachine task thread for /0.0.0.0:45713 - 0 ] INFO  replication.ReplicationServer (ReplicationServer.java:start(111)) - ReplicationServer is started using port 32991
2021-01-10 13:36:29,755 [EndpointStateMachine task thread for /0.0.0.0:45713 - 0 ] INFO  ratis.XceiverServerRatis (XceiverServerRatis.java:start(455)) - Starting XceiverServerRatis cfe20c21-fb82-45e1-aa84-22b1a6eaba94 at port 0
2021-01-10 13:36:29,756 [EndpointStateMachine task thread for /0.0.0.0:45713 - 0 ] INFO  server.RaftServer (RaftServerProxy.java:lambda$start$5(372)) - cfe20c21-fb82-45e1-aa84-22b1a6eaba94: start RPC server
2021-01-10 13:36:29,757 [EndpointStateMachine task thread for /0.0.0.0:45713 - 0 ] INFO  server.GrpcService (GrpcService.java:startImpl(176)) - cfe20c21-fb82-45e1-aa84-22b1a6eaba94: GrpcService started, listening on 0.0.0.0/0.0.0.0:45443
2021-01-10 13:36:29,757 [EndpointStateMachine task thread for /0.0.0.0:45713 - 0 ] INFO  ratis.XceiverServerRatis (XceiverServerRatis.java:start(467)) - XceiverServerRatis cfe20c21-fb82-45e1-aa84-22b1a6eaba94 is started using port 45443
2021-01-10 13:36:29,757 [org.apache.ratis.util.JvmPauseMonitor$$Lambda$220/668167883@29f0e74] INFO  util.JvmPauseMonitor (JvmPauseMonitor.java:run(103)) - JvmPauseMonitor-cfe20c21-fb82-45e1-aa84-22b1a6eaba94: Started
2021-01-10 13:36:29,757 [EndpointStateMachine task thread for /0.0.0.0:45713 - 0 ] INFO  server.XceiverServerGrpc (XceiverServerGrpc.java:start(139)) - XceiverServerGrpc cfe20c21-fb82-45e1-aa84-22b1a6eaba94 is started using port 45909
2021-01-10 13:36:29,977 [EndpointStateMachine task thread for /0.0.0.0:45713 - 0 ] INFO  ozoneimpl.OzoneContainer (OzoneContainer.java:start(255)) - Attempting to start container services.
2021-01-10 13:36:29,977 [EndpointStateMachine task thread for /0.0.0.0:45713 - 0 ] INFO  ozoneimpl.OzoneContainer (OzoneContainer.java:startContainerScrub(219)) - Background container scanner has been disabled.
2021-01-10 13:36:29,978 [EndpointStateMachine task thread for /0.0.0.0:45713 - 0 ] INFO  replication.ReplicationServer (ReplicationServer.java:start(111)) - ReplicationServer is started using port 44699
2021-01-10 13:36:29,978 [EndpointStateMachine task thread for /0.0.0.0:45713 - 0 ] INFO  ratis.XceiverServerRatis (XceiverServerRatis.java:start(455)) - Starting XceiverServerRatis 63b42672-d3a4-4132-9f43-651996da4388 at port 0
2021-01-10 13:36:29,979 [EndpointStateMachine task thread for /0.0.0.0:45713 - 0 ] INFO  server.RaftServer (RaftServerProxy.java:lambda$start$5(372)) - 63b42672-d3a4-4132-9f43-651996da4388: start RPC server
2021-01-10 13:36:29,980 [EndpointStateMachine task thread for /0.0.0.0:45713 - 0 ] INFO  server.GrpcService (GrpcService.java:startImpl(176)) - 63b42672-d3a4-4132-9f43-651996da4388: GrpcService started, listening on 0.0.0.0/0.0.0.0:41451
2021-01-10 13:36:29,980 [EndpointStateMachine task thread for /0.0.0.0:45713 - 0 ] INFO  ratis.XceiverServerRatis (XceiverServerRatis.java:start(467)) - XceiverServerRatis 63b42672-d3a4-4132-9f43-651996da4388 is started using port 41451
2021-01-10 13:36:29,980 [org.apache.ratis.util.JvmPauseMonitor$$Lambda$220/668167883@105c86b1] INFO  util.JvmPauseMonitor (JvmPauseMonitor.java:run(103)) - JvmPauseMonitor-63b42672-d3a4-4132-9f43-651996da4388: Started
2021-01-10 13:36:29,980 [EndpointStateMachine task thread for /0.0.0.0:45713 - 0 ] INFO  server.XceiverServerGrpc (XceiverServerGrpc.java:start(139)) - XceiverServerGrpc 63b42672-d3a4-4132-9f43-651996da4388 is started using port 46255
2021-01-10 13:36:30,280 [EndpointStateMachine task thread for /0.0.0.0:45713 - 0 ] INFO  ozoneimpl.OzoneContainer (OzoneContainer.java:start(255)) - Attempting to start container services.
2021-01-10 13:36:30,280 [EndpointStateMachine task thread for /0.0.0.0:45713 - 0 ] INFO  ozoneimpl.OzoneContainer (OzoneContainer.java:startContainerScrub(219)) - Background container scanner has been disabled.
2021-01-10 13:36:30,281 [EndpointStateMachine task thread for /0.0.0.0:45713 - 0 ] INFO  replication.ReplicationServer (ReplicationServer.java:start(111)) - ReplicationServer is started using port 45245
2021-01-10 13:36:30,281 [EndpointStateMachine task thread for /0.0.0.0:45713 - 0 ] INFO  ratis.XceiverServerRatis (XceiverServerRatis.java:start(455)) - Starting XceiverServerRatis b3570078-f6e2-4b7a-8962-99d3351b1084 at port 0
2021-01-10 13:36:30,285 [EndpointStateMachine task thread for /0.0.0.0:45713 - 0 ] INFO  server.RaftServer (RaftServerProxy.java:lambda$start$5(372)) - b3570078-f6e2-4b7a-8962-99d3351b1084: start RPC server
2021-01-10 13:36:30,285 [EndpointStateMachine task thread for /0.0.0.0:45713 - 0 ] INFO  server.GrpcService (GrpcService.java:startImpl(176)) - b3570078-f6e2-4b7a-8962-99d3351b1084: GrpcService started, listening on 0.0.0.0/0.0.0.0:45597
2021-01-10 13:36:30,285 [EndpointStateMachine task thread for /0.0.0.0:45713 - 0 ] INFO  ratis.XceiverServerRatis (XceiverServerRatis.java:start(467)) - XceiverServerRatis b3570078-f6e2-4b7a-8962-99d3351b1084 is started using port 45597
2021-01-10 13:36:30,286 [EndpointStateMachine task thread for /0.0.0.0:45713 - 0 ] INFO  server.XceiverServerGrpc (XceiverServerGrpc.java:start(139)) - XceiverServerGrpc b3570078-f6e2-4b7a-8962-99d3351b1084 is started using port 33949
2021-01-10 13:36:30,286 [org.apache.ratis.util.JvmPauseMonitor$$Lambda$220/668167883@6429451b] INFO  util.JvmPauseMonitor (JvmPauseMonitor.java:run(103)) - JvmPauseMonitor-b3570078-f6e2-4b7a-8962-99d3351b1084: Started
2021-01-10 13:36:31,539 [IPC Server handler 1 on default port 45713] INFO  net.NetworkTopologyImpl (NetworkTopologyImpl.java:add(111)) - Added a new node: /default-rack/5a30f297-e3d6-40f2-a678-35d09e11e701
2021-01-10 13:36:31,540 [IPC Server handler 1 on default port 45713] INFO  node.SCMNodeManager (SCMNodeManager.java:register(341)) - Registered Data node : 5a30f297-e3d6-40f2-a678-35d09e11e701{ip: 172.17.0.2, host: c2cea8100722, networkLocation: /default-rack, certSerialId: null, persistedOpState: IN_SERVICE, persistedOpStateExpiryEpochSec: 0}
2021-01-10 13:36:31,541 [RatisPipelineUtilsThread] INFO  pipeline.RatisPipelineProvider (RatisPipelineProvider.java:lambda$create$0(161)) - Sending CreatePipelineCommand for pipeline:PipelineID=d60ea957-3f58-4a62-9ef1-2faf46b9de84 to datanode:5a30f297-e3d6-40f2-a678-35d09e11e701
2021-01-10 13:36:31,541 [EventQueue-NodeRegistrationContainerReportForContainerSafeModeRule] INFO  safemode.SCMSafeModeManager (SCMSafeModeManager.java:validateSafeModeExitRules(214)) - ContainerSafeModeRule rule is successfully validated
2021-01-10 13:36:31,541 [EventQueue-NodeRegistrationContainerReportForDataNodeSafeModeRule] INFO  safemode.SCMSafeModeManager (DataNodeSafeModeRule.java:process(71)) - SCM in safe mode. 1 DataNodes registered, 1 required.
2021-01-10 13:36:31,541 [RatisPipelineUtilsThread] INFO  pipeline.PipelineStateManager (PipelineStateManager.java:addPipeline(54)) - Created pipeline Pipeline[ Id: d60ea957-3f58-4a62-9ef1-2faf46b9de84, Nodes: 5a30f297-e3d6-40f2-a678-35d09e11e701{ip: 172.17.0.2, host: c2cea8100722, networkLocation: /default-rack, certSerialId: null, persistedOpState: IN_SERVICE, persistedOpStateExpiryEpochSec: 0}, Type:RATIS, Factor:ONE, State:ALLOCATED, leaderId:, CreationTimestamp2021-01-10T13:36:31.541Z]
2021-01-10 13:36:31,545 [EventQueue-NodeRegistrationContainerReportForDataNodeSafeModeRule] INFO  safemode.SCMSafeModeManager (SCMSafeModeManager.java:validateSafeModeExitRules(214)) - DataNodeSafeModeRule rule is successfully validated
2021-01-10 13:36:31,545 [EventQueue-NodeRegistrationContainerReportForDataNodeSafeModeRule] INFO  safemode.SCMSafeModeManager (SCMSafeModeManager.java:completePreCheck(242)) - All SCM safe mode pre check rules have passed
2021-01-10 13:36:31,545 [EventQueue-PipelineReportForOneReplicaPipelineSafeModeRule] INFO  safemode.SCMSafeModeManager (SCMSafeModeManager.java:validateSafeModeExitRules(214)) - AtleastOneDatanodeReportedRule rule is successfully validated
2021-01-10 13:36:31,546 [RatisPipelineUtilsThread] WARN  pipeline.PipelinePlacementPolicy (PipelinePlacementPolicy.java:filterViableNodes(142)) - Pipeline creation failed due to no sufficient healthy datanodes. Required 3. Found 1.
2021-01-10 13:36:31,747 [IPC Server handler 2 on default port 45713] INFO  net.NetworkTopologyImpl (NetworkTopologyImpl.java:add(111)) - Added a new node: /default-rack/cfe20c21-fb82-45e1-aa84-22b1a6eaba94
2021-01-10 13:36:31,747 [IPC Server handler 2 on default port 45713] INFO  node.SCMNodeManager (SCMNodeManager.java:register(341)) - Registered Data node : cfe20c21-fb82-45e1-aa84-22b1a6eaba94{ip: 172.17.0.2, host: c2cea8100722, networkLocation: /default-rack, certSerialId: null, persistedOpState: IN_SERVICE, persistedOpStateExpiryEpochSec: 0}
2021-01-10 13:36:31,748 [EventQueue-NodeRegistrationContainerReportForContainerSafeModeRule] INFO  safemode.SCMSafeModeManager (SCMSafeModeManager.java:validateSafeModeExitRules(214)) - ContainerSafeModeRule rule is successfully validated
2021-01-10 13:36:31,748 [EventQueue-NodeRegistrationContainerReportForDataNodeSafeModeRule] INFO  safemode.SCMSafeModeManager (SCMSafeModeManager.java:validateSafeModeExitRules(214)) - DataNodeSafeModeRule rule is successfully validated
2021-01-10 13:36:31,748 [RatisPipelineUtilsThread] INFO  pipeline.RatisPipelineProvider (RatisPipelineProvider.java:lambda$create$0(161)) - Sending CreatePipelineCommand for pipeline:PipelineID=62ab115a-1b2b-4152-800c-26d9a5f304ab to datanode:cfe20c21-fb82-45e1-aa84-22b1a6eaba94
2021-01-10 13:36:31,748 [EventQueue-PipelineReportForOneReplicaPipelineSafeModeRule] INFO  safemode.SCMSafeModeManager (SCMSafeModeManager.java:validateSafeModeExitRules(214)) - AtleastOneDatanodeReportedRule rule is successfully validated
2021-01-10 13:36:31,749 [RatisPipelineUtilsThread] INFO  pipeline.PipelineStateManager (PipelineStateManager.java:addPipeline(54)) - Created pipeline Pipeline[ Id: 62ab115a-1b2b-4152-800c-26d9a5f304ab, Nodes: cfe20c21-fb82-45e1-aa84-22b1a6eaba94{ip: 172.17.0.2, host: c2cea8100722, networkLocation: /default-rack, certSerialId: null, persistedOpState: IN_SERVICE, persistedOpStateExpiryEpochSec: 0}, Type:RATIS, Factor:ONE, State:ALLOCATED, leaderId:, CreationTimestamp2021-01-10T13:36:31.748Z]
2021-01-10 13:36:31,749 [RatisPipelineUtilsThread] WARN  pipeline.PipelinePlacementPolicy (PipelinePlacementPolicy.java:filterViableNodes(142)) - Pipeline creation failed due to no sufficient healthy datanodes. Required 3. Found 2.
2021-01-10 13:36:31,976 [IPC Server handler 3 on default port 45713] INFO  net.NetworkTopologyImpl (NetworkTopologyImpl.java:add(111)) - Added a new node: /default-rack/63b42672-d3a4-4132-9f43-651996da4388
2021-01-10 13:36:31,976 [IPC Server handler 3 on default port 45713] INFO  node.SCMNodeManager (SCMNodeManager.java:register(341)) - Registered Data node : 63b42672-d3a4-4132-9f43-651996da4388{ip: 172.17.0.2, host: c2cea8100722, networkLocation: /default-rack, certSerialId: null, persistedOpState: IN_SERVICE, persistedOpStateExpiryEpochSec: 0}
2021-01-10 13:36:31,977 [RatisPipelineUtilsThread] INFO  pipeline.RatisPipelineProvider (RatisPipelineProvider.java:lambda$create$0(161)) - Sending CreatePipelineCommand for pipeline:PipelineID=6bc86d6c-fd7a-4694-9305-cebc98829c2b to datanode:63b42672-d3a4-4132-9f43-651996da4388
2021-01-10 13:36:31,977 [RatisPipelineUtilsThread] INFO  pipeline.PipelineStateManager (PipelineStateManager.java:addPipeline(54)) - Created pipeline Pipeline[ Id: 6bc86d6c-fd7a-4694-9305-cebc98829c2b, Nodes: 63b42672-d3a4-4132-9f43-651996da4388{ip: 172.17.0.2, host: c2cea8100722, networkLocation: /default-rack, certSerialId: null, persistedOpState: IN_SERVICE, persistedOpStateExpiryEpochSec: 0}, Type:RATIS, Factor:ONE, State:ALLOCATED, leaderId:, CreationTimestamp2021-01-10T13:36:31.977Z]
2021-01-10 13:36:31,977 [RatisPipelineUtilsThread] INFO  pipeline.RatisPipelineProvider (RatisPipelineProvider.java:lambda$create$0(161)) - Sending CreatePipelineCommand for pipeline:PipelineID=2179bdfc-ce7e-44d4-b365-91813f2fe7bb to datanode:63b42672-d3a4-4132-9f43-651996da4388
2021-01-10 13:36:31,977 [RatisPipelineUtilsThread] INFO  pipeline.RatisPipelineProvider (RatisPipelineProvider.java:lambda$create$0(161)) - Sending CreatePipelineCommand for pipeline:PipelineID=2179bdfc-ce7e-44d4-b365-91813f2fe7bb to datanode:5a30f297-e3d6-40f2-a678-35d09e11e701
2021-01-10 13:36:31,978 [RatisPipelineUtilsThread] INFO  pipeline.RatisPipelineProvider (RatisPipelineProvider.java:lambda$create$0(161)) - Sending CreatePipelineCommand for pipeline:PipelineID=2179bdfc-ce7e-44d4-b365-91813f2fe7bb to datanode:cfe20c21-fb82-45e1-aa84-22b1a6eaba94
2021-01-10 13:36:31,978 [RatisPipelineUtilsThread] INFO  pipeline.PipelineStateManager (PipelineStateManager.java:addPipeline(54)) - Created pipeline Pipeline[ Id: 2179bdfc-ce7e-44d4-b365-91813f2fe7bb, Nodes: 63b42672-d3a4-4132-9f43-651996da4388{ip: 172.17.0.2, host: c2cea8100722, networkLocation: /default-rack, certSerialId: null, persistedOpState: IN_SERVICE, persistedOpStateExpiryEpochSec: 0}5a30f297-e3d6-40f2-a678-35d09e11e701{ip: 172.17.0.2, host: c2cea8100722, networkLocation: /default-rack, certSerialId: null, persistedOpState: IN_SERVICE, persistedOpStateExpiryEpochSec: 0}cfe20c21-fb82-45e1-aa84-22b1a6eaba94{ip: 172.17.0.2, host: c2cea8100722, networkLocation: /default-rack, certSerialId: null, persistedOpState: IN_SERVICE, persistedOpStateExpiryEpochSec: 0}, Type:RATIS, Factor:THREE, State:ALLOCATED, leaderId:, CreationTimestamp2021-01-10T13:36:31.977Z]
2021-01-10 13:36:31,977 [EventQueue-NodeRegistrationContainerReportForContainerSafeModeRule] INFO  safemode.SCMSafeModeManager (SCMSafeModeManager.java:validateSafeModeExitRules(214)) - ContainerSafeModeRule rule is successfully validated
2021-01-10 13:36:31,978 [EventQueue-PipelineReportForOneReplicaPipelineSafeModeRule] INFO  safemode.SCMSafeModeManager (SCMSafeModeManager.java:validateSafeModeExitRules(214)) - AtleastOneDatanodeReportedRule rule is successfully validated
2021-01-10 13:36:31,979 [EventQueue-NodeRegistrationContainerReportForDataNodeSafeModeRule] INFO  safemode.SCMSafeModeManager (SCMSafeModeManager.java:validateSafeModeExitRules(214)) - DataNodeSafeModeRule rule is successfully validated
2021-01-10 13:36:32,278 [IPC Server handler 0 on default port 45713] INFO  net.NetworkTopologyImpl (NetworkTopologyImpl.java:add(111)) - Added a new node: /default-rack/b3570078-f6e2-4b7a-8962-99d3351b1084
2021-01-10 13:36:32,278 [IPC Server handler 0 on default port 45713] INFO  node.SCMNodeManager (SCMNodeManager.java:register(341)) - Registered Data node : b3570078-f6e2-4b7a-8962-99d3351b1084{ip: 172.17.0.2, host: c2cea8100722, networkLocation: /default-rack, certSerialId: null, persistedOpState: IN_SERVICE, persistedOpStateExpiryEpochSec: 0}
2021-01-10 13:36:32,279 [EventQueue-NodeRegistrationContainerReportForDataNodeSafeModeRule] INFO  safemode.SCMSafeModeManager (SCMSafeModeManager.java:validateSafeModeExitRules(214)) - DataNodeSafeModeRule rule is successfully validated
2021-01-10 13:36:32,279 [EventQueue-PipelineReportForOneReplicaPipelineSafeModeRule] INFO  safemode.SCMSafeModeManager (SCMSafeModeManager.java:validateSafeModeExitRules(214)) - AtleastOneDatanodeReportedRule rule is successfully validated
2021-01-10 13:36:32,279 [EventQueue-NodeRegistrationContainerReportForContainerSafeModeRule] INFO  safemode.SCMSafeModeManager (SCMSafeModeManager.java:validateSafeModeExitRules(214)) - ContainerSafeModeRule rule is successfully validated
2021-01-10 13:36:32,280 [RatisPipelineUtilsThread] INFO  pipeline.RatisPipelineProvider (RatisPipelineProvider.java:lambda$create$0(161)) - Sending CreatePipelineCommand for pipeline:PipelineID=1b1f00ab-c54d-4fd5-a7f1-b5be2ecb6f3c to datanode:b3570078-f6e2-4b7a-8962-99d3351b1084
2021-01-10 13:36:32,280 [RatisPipelineUtilsThread] INFO  pipeline.PipelineStateManager (PipelineStateManager.java:addPipeline(54)) - Created pipeline Pipeline[ Id: 1b1f00ab-c54d-4fd5-a7f1-b5be2ecb6f3c, Nodes: b3570078-f6e2-4b7a-8962-99d3351b1084{ip: 172.17.0.2, host: c2cea8100722, networkLocation: /default-rack, certSerialId: null, persistedOpState: IN_SERVICE, persistedOpStateExpiryEpochSec: 0}, Type:RATIS, Factor:ONE, State:ALLOCATED, leaderId:, CreationTimestamp2021-01-10T13:36:32.280Z]
2021-01-10 13:36:33,265 [Listener at 127.0.0.1/42999] INFO  http.BaseHttpServer (BaseHttpServer.java:newHttpServer2BuilderForOzone(207)) - Starting Web-server for hddsDatanode at: http://0.0.0.0:0
2021-01-10 13:36:33,265 [Listener at 127.0.0.1/42999] INFO  http.BaseHttpServer (BaseHttpServer.java:<init>(106)) - Hadoop Security Enabled: false Ozone Security Enabled: false Ozone HTTP Security Enabled: false 
2021-01-10 13:36:33,268 [Listener at 127.0.0.1/42999] INFO  server.AuthenticationFilter (AuthenticationFilter.java:constructSecretProvider(240)) - Unable to initialize FileSignerSecretProvider, falling back to use random secrets.
2021-01-10 13:36:33,268 [Listener at 127.0.0.1/42999] WARN  http.HttpRequestLog (HttpRequestLog.java:getRequestLog(103)) - Jetty request log can only be enabled using Log4j
2021-01-10 13:36:33,269 [Listener at 127.0.0.1/42999] INFO  http.HttpServer2 (HttpServer2.java:addGlobalFilter(1020)) - Added global filter 'safety' (class=org.apache.hadoop.hdds.server.http.HttpServer2$QuotingInputFilter)
2021-01-10 13:36:33,271 [Listener at 127.0.0.1/42999] INFO  http.HttpServer2 (HttpServer2.java:addFilter(996)) - Added filter static_user_filter (class=org.apache.hadoop.http.lib.StaticUserWebFilter$StaticUserFilter) to context hddsDatanode
2021-01-10 13:36:33,271 [Listener at 127.0.0.1/42999] INFO  http.HttpServer2 (HttpServer2.java:addFilter(1004)) - Added filter static_user_filter (class=org.apache.hadoop.http.lib.StaticUserWebFilter$StaticUserFilter) to context static
2021-01-10 13:36:33,271 [Listener at 127.0.0.1/42999] INFO  http.HttpServer2 (HttpServer2.java:addFilter(1004)) - Added filter static_user_filter (class=org.apache.hadoop.http.lib.StaticUserWebFilter$StaticUserFilter) to context logs
2021-01-10 13:36:33,272 [Listener at 127.0.0.1/42999] INFO  http.HttpServer2 (HttpServer2.java:bindListener(1238)) - Jetty bound to port 41295
2021-01-10 13:36:33,273 [Listener at 127.0.0.1/42999] INFO  server.Server (Server.java:doStart(375)) - jetty-9.4.34.v20201102; built: 2020-11-02T14:15:39.302Z; git: e46af88704a893fc12cb0e3bf46e2c7b48a009e7; jvm 1.8.0_232-b09
2021-01-10 13:36:33,277 [Listener at 127.0.0.1/42999] INFO  server.session (DefaultSessionIdManager.java:doStart(334)) - DefaultSessionIdManager workerName=node0
2021-01-10 13:36:33,277 [Listener at 127.0.0.1/42999] INFO  server.session (DefaultSessionIdManager.java:doStart(339)) - No SessionScavenger set, using defaults
2021-01-10 13:36:33,277 [Listener at 127.0.0.1/42999] INFO  server.session (HouseKeeper.java:startScavenging(132)) - node0 Scavenging every 600000ms
2021-01-10 13:36:33,278 [Listener at 127.0.0.1/42999] INFO  handler.ContextHandler (ContextHandler.java:doStart(916)) - Started o.e.j.s.ServletContextHandler@2028ecf4{logs,/logs,file:///github/workspace/mnt/ozone/hadoop-ozone/integration-test/target/log,AVAILABLE}
2021-01-10 13:36:33,278 [Listener at 127.0.0.1/42999] INFO  handler.ContextHandler (ContextHandler.java:doStart(916)) - Started o.e.j.s.ServletContextHandler@1d5b4a5b{static,/static,jar:file:/home/user/.m2/repository/org/apache/hadoop/hadoop-hdds-container-service/1.1.0-SNAPSHOT/hadoop-hdds-container-service-1.1.0-SNAPSHOT.jar!/webapps/static,AVAILABLE}
2021-01-10 13:36:33,434 [Listener at 127.0.0.1/42999] INFO  handler.ContextHandler (ContextHandler.java:doStart(916)) - Started o.e.j.w.WebAppContext@28494fd9{hddsDatanode,/,file:///tmp/jetty-0_0_0_0-41295-hadoop-hdds-container-service-1_1_0-SNAPSHOT_jar-_-any-2393911234365552617/webapp/,AVAILABLE}{jar:file:/home/user/.m2/repository/org/apache/hadoop/hadoop-hdds-container-service/1.1.0-SNAPSHOT/hadoop-hdds-container-service-1.1.0-SNAPSHOT.jar!/webapps/hddsDatanode}
2021-01-10 13:36:33,435 [Listener at 127.0.0.1/42999] INFO  server.AbstractConnector (AbstractConnector.java:doStart(331)) - Started ServerConnector@2c6db83a{HTTP/1.1, (http/1.1)}{0.0.0.0:41295}
2021-01-10 13:36:33,436 [Listener at 127.0.0.1/42999] INFO  server.Server (Server.java:doStart(415)) - Started @64029ms
2021-01-10 13:36:33,436 [Listener at 127.0.0.1/42999] WARN  impl.MetricsSystemImpl (MetricsSystemImpl.java:register(276)) - Sink prometheus already exists!
2021-01-10 13:36:33,440 [Listener at 127.0.0.1/42999] INFO  http.BaseHttpServer (BaseHttpServer.java:updateConnectorAddress(327)) - HTTP server of hddsDatanode listening at http://0.0.0.0:41295
2021-01-10 13:36:33,442 [Listener at 127.0.0.1/42999] INFO  impl.MetricsSystemImpl (MetricsSystemImpl.java:init(158)) - HddsDatanode metrics system started (again)
2021-01-10 13:36:33,446 [Listener at 127.0.0.1/42999] INFO  ozone.HddsDatanodeService (HddsDatanodeService.java:start(215)) - HddsDatanodeService host:c2cea8100722 ip:172.17.0.2
2021-01-10 13:36:33,448 [org.apache.hadoop.util.JvmPauseMonitor$Monitor@34234daf] INFO  util.JvmPauseMonitor (JvmPauseMonitor.java:run(188)) - Starting JVM pause monitor
2021-01-10 13:36:33,449 [Datanode State Machine Task Thread - 0] INFO  datanode.InitDatanodeState (InitDatanodeState.java:persistContainerDatanodeDetails(145)) - DatanodeDetails is persisted to /github/workspace/mnt/ozone/hadoop-ozone/integration-test/target/test-dir/MiniOzoneClusterImpl-0ee44e4a-5790-445b-bee5-3ef48b2e27da/datanode-4/meta/datanode.id
2021-01-10 13:36:33,450 [Listener at 127.0.0.1/42999] INFO  volume.HddsVolume (HddsVolume.java:<init>(176)) - Creating Volume: /github/workspace/mnt/ozone/hadoop-ozone/integration-test/target/test-dir/MiniOzoneClusterImpl-0ee44e4a-5790-445b-bee5-3ef48b2e27da/datanode-5/data-0/containers/hdds of storage type : DISK and capacity : 9223372036854775807
2021-01-10 13:36:33,450 [Listener at 127.0.0.1/42999] INFO  volume.MutableVolumeSet (MutableVolumeSet.java:initializeVolumeSet(179)) - Added Volume : /github/workspace/mnt/ozone/hadoop-ozone/integration-test/target/test-dir/MiniOzoneClusterImpl-0ee44e4a-5790-445b-bee5-3ef48b2e27da/datanode-5/data-0/containers/hdds to VolumeSet
2021-01-10 13:36:33,450 [Listener at 127.0.0.1/42999] INFO  volume.ThrottledAsyncChecker (ThrottledAsyncChecker.java:schedule(141)) - Scheduling a check for /github/workspace/mnt/ozone/hadoop-ozone/integration-test/target/test-dir/MiniOzoneClusterImpl-0ee44e4a-5790-445b-bee5-3ef48b2e27da/datanode-5/data-0/containers/hdds
2021-01-10 13:36:33,452 [Listener at 127.0.0.1/42999] INFO  volume.HddsVolumeChecker (HddsVolumeChecker.java:checkAllVolumes(200)) - Scheduled health check for volume /github/workspace/mnt/ozone/hadoop-ozone/integration-test/target/test-dir/MiniOzoneClusterImpl-0ee44e4a-5790-445b-bee5-3ef48b2e27da/datanode-5/data-0/containers/hdds
2021-01-10 13:36:33,465 [Thread-804] INFO  ozoneimpl.ContainerReader (ContainerReader.java:readVolume(123)) - Start to verify containers on volume /github/workspace/mnt/ozone/hadoop-ozone/integration-test/target/test-dir/MiniOzoneClusterImpl-0ee44e4a-5790-445b-bee5-3ef48b2e27da/datanode-5/data-0/containers/hdds
2021-01-10 13:36:33,465 [Thread-804] INFO  ozoneimpl.ContainerReader (ContainerReader.java:readVolume(148)) - Finish verifying containers on volume /github/workspace/mnt/ozone/hadoop-ozone/integration-test/target/test-dir/MiniOzoneClusterImpl-0ee44e4a-5790-445b-bee5-3ef48b2e27da/datanode-5/data-0/containers/hdds
2021-01-10 13:36:33,465 [Listener at 127.0.0.1/42999] INFO  ozoneimpl.OzoneContainer (OzoneContainer.java:buildContainerSet(206)) - Build ContainerSet costs 0s
2021-01-10 13:36:33,466 [Listener at 127.0.0.1/42999] INFO  server.RaftServer (ConfUtils.java:logGet(44)) - raft.rpc.type = GRPC (default)
2021-01-10 13:36:33,467 [Listener at 127.0.0.1/42999] INFO  grpc.GrpcFactory (GrpcFactory.java:checkPooledByteBufAllocatorUseCacheForAllThreads(48)) - PERFORMANCE WARNING: useCacheForAllThreads is true that may cause Netty to create a lot garbage objects and, as a result, trigger GC.
	It is recommended to disable useCacheForAllThreads by setting -Dorg.apache.ratis.thirdparty.io.netty.allocator.useCacheForAllThreads=false in command line.
2021-01-10 13:36:33,467 [Listener at 127.0.0.1/42999] INFO  grpc.GrpcConfigKeys (ConfUtils.java:logGet(44)) - raft.grpc.server.port = 0 (default)
2021-01-10 13:36:33,467 [Listener at 127.0.0.1/42999] INFO  server.GrpcService (ConfUtils.java:logGet(44)) - raft.grpc.message.size.max = 32MB (=33554432) (custom)
2021-01-10 13:36:33,467 [Listener at 127.0.0.1/42999] INFO  server.RaftServerConfigKeys (ConfUtils.java:logGet(44)) - raft.server.log.appender.buffer.byte-limit = 33554432 (custom)
2021-01-10 13:36:33,467 [Listener at 127.0.0.1/42999] INFO  server.GrpcService (ConfUtils.java:logGet(44)) - raft.grpc.flow.control.window = 5MB (=5242880) (custom)
2021-01-10 13:36:33,467 [Listener at 127.0.0.1/42999] INFO  server.RaftServerConfigKeys (ConfUtils.java:logGet(44)) - raft.server.rpc.request.timeout = 60s (custom)
2021-01-10 13:36:33,468 [Listener at 127.0.0.1/42999] INFO  impl.DataStreamServerImpl (ConfUtils.java:logGet(44)) - raft.datastream.type = DISABLED (default)
2021-01-10 13:36:33,468 [Listener at 127.0.0.1/42999] INFO  server.RaftServerConfigKeys (ConfUtils.java:logGet(44)) - raft.server.rpc.slowness.timeout = 300s (custom)
2021-01-10 13:36:33,469 [Listener at 127.0.0.1/42999] INFO  server.RaftServerConfigKeys (ConfUtils.java:logGet(44)) - raft.server.leaderelection.leader.step-down.wait-time = 10s (default)
2021-01-10 13:36:33,469 [Listener at 127.0.0.1/42999] INFO  server.RaftServerConfigKeys (ConfUtils.java:logGet(44)) - raft.server.storage.dir = [/github/workspace/mnt/ozone/hadoop-ozone/integration-test/target/test-dir/MiniOzoneClusterImpl-0ee44e4a-5790-445b-bee5-3ef48b2e27da/datanode-5/data/ratis] (custom)
2021-01-10 13:36:33,474 [Listener at 127.0.0.1/42999] INFO  http.BaseHttpServer (BaseHttpServer.java:newHttpServer2BuilderForOzone(207)) - Starting Web-server for hddsDatanode at: http://0.0.0.0:0
2021-01-10 13:36:33,474 [Listener at 127.0.0.1/42999] INFO  http.BaseHttpServer (BaseHttpServer.java:<init>(106)) - Hadoop Security Enabled: false Ozone Security Enabled: false Ozone HTTP Security Enabled: false 
2021-01-10 13:36:33,475 [Listener at 127.0.0.1/42999] INFO  server.AuthenticationFilter (AuthenticationFilter.java:constructSecretProvider(240)) - Unable to initialize FileSignerSecretProvider, falling back to use random secrets.
2021-01-10 13:36:33,475 [Listener at 127.0.0.1/42999] WARN  http.HttpRequestLog (HttpRequestLog.java:getRequestLog(103)) - Jetty request log can only be enabled using Log4j
2021-01-10 13:36:33,476 [Listener at 127.0.0.1/42999] INFO  http.HttpServer2 (HttpServer2.java:addGlobalFilter(1020)) - Added global filter 'safety' (class=org.apache.hadoop.hdds.server.http.HttpServer2$QuotingInputFilter)
2021-01-10 13:36:33,476 [Listener at 127.0.0.1/42999] INFO  http.HttpServer2 (HttpServer2.java:addFilter(996)) - Added filter static_user_filter (class=org.apache.hadoop.http.lib.StaticUserWebFilter$StaticUserFilter) to context hddsDatanode
2021-01-10 13:36:33,476 [Listener at 127.0.0.1/42999] INFO  http.HttpServer2 (HttpServer2.java:addFilter(1004)) - Added filter static_user_filter (class=org.apache.hadoop.http.lib.StaticUserWebFilter$StaticUserFilter) to context logs
2021-01-10 13:36:33,477 [Listener at 127.0.0.1/42999] INFO  http.HttpServer2 (HttpServer2.java:addFilter(1004)) - Added filter static_user_filter (class=org.apache.hadoop.http.lib.StaticUserWebFilter$StaticUserFilter) to context static
2021-01-10 13:36:33,477 [Listener at 127.0.0.1/42999] INFO  http.HttpServer2 (HttpServer2.java:bindListener(1238)) - Jetty bound to port 40251
2021-01-10 13:36:33,477 [Listener at 127.0.0.1/42999] INFO  server.Server (Server.java:doStart(375)) - jetty-9.4.34.v20201102; built: 2020-11-02T14:15:39.302Z; git: e46af88704a893fc12cb0e3bf46e2c7b48a009e7; jvm 1.8.0_232-b09
2021-01-10 13:36:33,478 [Listener at 127.0.0.1/42999] INFO  server.session (DefaultSessionIdManager.java:doStart(334)) - DefaultSessionIdManager workerName=node0
2021-01-10 13:36:33,479 [Listener at 127.0.0.1/42999] INFO  server.session (DefaultSessionIdManager.java:doStart(339)) - No SessionScavenger set, using defaults
2021-01-10 13:36:33,479 [Listener at 127.0.0.1/42999] INFO  server.session (HouseKeeper.java:startScavenging(132)) - node0 Scavenging every 600000ms
2021-01-10 13:36:33,479 [Listener at 127.0.0.1/42999] INFO  handler.ContextHandler (ContextHandler.java:doStart(916)) - Started o.e.j.s.ServletContextHandler@722713da{logs,/logs,file:///github/workspace/mnt/ozone/hadoop-ozone/integration-test/target/log,AVAILABLE}
2021-01-10 13:36:33,480 [Listener at 127.0.0.1/42999] INFO  handler.ContextHandler (ContextHandler.java:doStart(916)) - Started o.e.j.s.ServletContextHandler@12898e77{static,/static,jar:file:/home/user/.m2/repository/org/apache/hadoop/hadoop-hdds-container-service/1.1.0-SNAPSHOT/hadoop-hdds-container-service-1.1.0-SNAPSHOT.jar!/webapps/static,AVAILABLE}
2021-01-10 13:36:33,540 [EventQueue-PipelineReportForOneReplicaPipelineSafeModeRule] INFO  safemode.SCMSafeModeManager (SCMSafeModeManager.java:validateSafeModeExitRules(214)) - AtleastOneDatanodeReportedRule rule is successfully validated
2021-01-10 13:36:33,634 [Listener at 127.0.0.1/42999] INFO  handler.ContextHandler (ContextHandler.java:doStart(916)) - Started o.e.j.w.WebAppContext@2f2be537{hddsDatanode,/,file:///tmp/jetty-0_0_0_0-40251-hadoop-hdds-container-service-1_1_0-SNAPSHOT_jar-_-any-9080429300976863448/webapp/,AVAILABLE}{jar:file:/home/user/.m2/repository/org/apache/hadoop/hadoop-hdds-container-service/1.1.0-SNAPSHOT/hadoop-hdds-container-service-1.1.0-SNAPSHOT.jar!/webapps/hddsDatanode}
2021-01-10 13:36:33,636 [Listener at 127.0.0.1/42999] INFO  server.AbstractConnector (AbstractConnector.java:doStart(331)) - Started ServerConnector@77f4742b{HTTP/1.1, (http/1.1)}{0.0.0.0:40251}
2021-01-10 13:36:33,636 [Listener at 127.0.0.1/42999] INFO  server.Server (Server.java:doStart(415)) - Started @64229ms
2021-01-10 13:36:33,636 [Listener at 127.0.0.1/42999] WARN  impl.MetricsSystemImpl (MetricsSystemImpl.java:register(276)) - Sink prometheus already exists!
2021-01-10 13:36:33,648 [Listener at 127.0.0.1/42999] INFO  http.BaseHttpServer (BaseHttpServer.java:updateConnectorAddress(327)) - HTTP server of hddsDatanode listening at http://0.0.0.0:40251
2021-01-10 13:36:33,649 [Listener at 127.0.0.1/42999] INFO  ozone.MiniOzoneClusterImpl (MiniOzoneClusterImpl.java:lambda$waitForClusterToBeReady$0(179)) - Waiting for nodes to be ready. Got 4 of 6 DN Heartbeats.
2021-01-10 13:36:33,649 [Listener at 127.0.0.1/42999] INFO  ozone.MiniOzoneClusterImpl (MiniOzoneClusterImpl.java:lambda$waitForClusterToBeReady$0(182)) - Waiting for cluster to exit safe mode
2021-01-10 13:36:33,651 [org.apache.hadoop.util.JvmPauseMonitor$Monitor@fc9f9a] INFO  util.JvmPauseMonitor (JvmPauseMonitor.java:run(188)) - Starting JVM pause monitor
2021-01-10 13:36:33,651 [Datanode State Machine Task Thread - 0] INFO  datanode.InitDatanodeState (InitDatanodeState.java:persistContainerDatanodeDetails(145)) - DatanodeDetails is persisted to /github/workspace/mnt/ozone/hadoop-ozone/integration-test/target/test-dir/MiniOzoneClusterImpl-0ee44e4a-5790-445b-bee5-3ef48b2e27da/datanode-5/meta/datanode.id
2021-01-10 13:36:33,748 [EventQueue-PipelineReportForOneReplicaPipelineSafeModeRule] INFO  safemode.SCMSafeModeManager (SCMSafeModeManager.java:validateSafeModeExitRules(214)) - AtleastOneDatanodeReportedRule rule is successfully validated
2021-01-10 13:36:33,976 [EventQueue-PipelineReportForOneReplicaPipelineSafeModeRule] INFO  safemode.SCMSafeModeManager (SCMSafeModeManager.java:validateSafeModeExitRules(214)) - AtleastOneDatanodeReportedRule rule is successfully validated
2021-01-10 13:36:34,278 [EventQueue-PipelineReportForOneReplicaPipelineSafeModeRule] INFO  safemode.SCMSafeModeManager (SCMSafeModeManager.java:validateSafeModeExitRules(214)) - AtleastOneDatanodeReportedRule rule is successfully validated
2021-01-10 13:36:34,538 [Command processor thread] INFO  server.RaftServer (RaftServerProxy.java:addNew(95)) - 5a30f297-e3d6-40f2-a678-35d09e11e701: addNew group-2FAF46B9DE84:[5a30f297-e3d6-40f2-a678-35d09e11e701|rpc:172.17.0.2:34335|priority:1] returns group-2FAF46B9DE84:java.util.concurrent.CompletableFuture@3666bbbe[Not completed]
2021-01-10 13:36:34,539 [EventQueue-PipelineReportForOneReplicaPipelineSafeModeRule] INFO  safemode.SCMSafeModeManager (SCMSafeModeManager.java:validateSafeModeExitRules(214)) - AtleastOneDatanodeReportedRule rule is successfully validated
2021-01-10 13:36:34,540 [pool-285-thread-1] INFO  server.RaftServer$Division (RaftServerImpl.java:<init>(179)) - 5a30f297-e3d6-40f2-a678-35d09e11e701: new RaftServerImpl for group-2FAF46B9DE84:[5a30f297-e3d6-40f2-a678-35d09e11e701|rpc:172.17.0.2:34335|priority:1] with ContainerStateMachine:uninitialized
2021-01-10 13:36:34,541 [pool-285-thread-1] INFO  server.RaftServerConfigKeys (ConfUtils.java:logGet(44)) - raft.server.rpc.timeout.min = 5s (custom)
2021-01-10 13:36:34,541 [pool-285-thread-1] INFO  server.RaftServerConfigKeys (ConfUtils.java:logGet(44)) - raft.server.rpc.timeout.max = 5200ms (custom)
2021-01-10 13:36:34,541 [pool-285-thread-1] INFO  server.RaftServerConfigKeys (ConfUtils.java:logGet(44)) - raft.server.rpc.sleep.time = 25ms (default)
2021-01-10 13:36:34,541 [pool-285-thread-1] INFO  server.RaftServerConfigKeys (ConfUtils.java:logGet(44)) - raft.server.rpc.slowness.timeout = 300s (custom)
2021-01-10 13:36:34,541 [pool-285-thread-1] INFO  server.RaftServerConfigKeys (ConfUtils.java:logGet(44)) - raft.server.leaderelection.leader.step-down.wait-time = 10s (default)
2021-01-10 13:36:34,541 [pool-285-thread-1] INFO  server.RaftServerConfigKeys (ConfUtils.java:logGet(44)) - raft.server.sleep.deviation.threshold = 300ms (default)
2021-01-10 13:36:34,541 [pool-285-thread-1] INFO  server.RaftServerConfigKeys (ConfUtils.java:logGet(44)) - raft.server.log.appender.install.snapshot.enabled = false (custom)
2021-01-10 13:36:34,542 [pool-285-thread-1] INFO  server.RaftServer$Division (ServerState.java:<init>(103)) - 5a30f297-e3d6-40f2-a678-35d09e11e701@group-2FAF46B9DE84: ConfigurationManager, init=-1: [5a30f297-e3d6-40f2-a678-35d09e11e701|rpc:172.17.0.2:34335|priority:1], old=null, confs=<EMPTY_MAP>
2021-01-10 13:36:34,542 [pool-285-thread-1] INFO  server.RaftServerConfigKeys (ConfUtils.java:logGet(44)) - raft.server.storage.dir = [/github/workspace/mnt/ozone/hadoop-ozone/integration-test/target/test-dir/MiniOzoneClusterImpl-0ee44e4a-5790-445b-bee5-3ef48b2e27da/datanode-0/data/ratis] (custom)
2021-01-10 13:36:34,542 [pool-285-thread-1] INFO  server.RaftServerConfigKeys (ConfUtils.java:logGet(44)) - raft.server.log.corruption.policy = EXCEPTION (default)
2021-01-10 13:36:34,542 [pool-285-thread-1] INFO  storage.RaftStorageDirectory (RaftStorageDirectoryImpl.java:analyzeStorage(132)) - The storage directory /github/workspace/mnt/ozone/hadoop-ozone/integration-test/target/test-dir/MiniOzoneClusterImpl-0ee44e4a-5790-445b-bee5-3ef48b2e27da/datanode-0/data/ratis/d60ea957-3f58-4a62-9ef1-2faf46b9de84 does not exist. Creating ...
2021-01-10 13:36:34,543 [pool-285-thread-1] INFO  storage.RaftStorageDirectory (RaftStorageDirectoryImpl.java:tryLock(215)) - Lock on /github/workspace/mnt/ozone/hadoop-ozone/integration-test/target/test-dir/MiniOzoneClusterImpl-0ee44e4a-5790-445b-bee5-3ef48b2e27da/datanode-0/data/ratis/d60ea957-3f58-4a62-9ef1-2faf46b9de84/in_use.lock acquired by nodename 29989@c2cea8100722
2021-01-10 13:36:34,544 [pool-285-thread-1] INFO  storage.RaftStorage (RaftStorageImpl.java:format(87)) - Storage directory /github/workspace/mnt/ozone/hadoop-ozone/integration-test/target/test-dir/MiniOzoneClusterImpl-0ee44e4a-5790-445b-bee5-3ef48b2e27da/datanode-0/data/ratis/d60ea957-3f58-4a62-9ef1-2faf46b9de84 has been successfully formatted.
2021-01-10 13:36:34,545 [pool-285-thread-1] INFO  ratis.ContainerStateMachine (ContainerStateMachine.java:loadSnapshot(223)) - group-2FAF46B9DE84: The snapshot info is null. Setting the last applied indexto:(t:0, i:~)
2021-01-10 13:36:34,545 [pool-285-thread-1] ERROR storage.RaftStorage (RaftStorageImpl.java:readRaftConfiguration(147)) - Failed reading configuration from file:/github/workspace/mnt/ozone/hadoop-ozone/integration-test/target/test-dir/MiniOzoneClusterImpl-0ee44e4a-5790-445b-bee5-3ef48b2e27da/datanode-0/data/ratis/d60ea957-3f58-4a62-9ef1-2faf46b9de84/current/raft-meta.conf
java.io.FileNotFoundException: /github/workspace/mnt/ozone/hadoop-ozone/integration-test/target/test-dir/MiniOzoneClusterImpl-0ee44e4a-5790-445b-bee5-3ef48b2e27da/datanode-0/data/ratis/d60ea957-3f58-4a62-9ef1-2faf46b9de84/current/raft-meta.conf (No such file or directory)
	at java.io.FileInputStream.open0(Native Method)
	at java.io.FileInputStream.open(FileInputStream.java:195)
	at java.io.FileInputStream.<init>(FileInputStream.java:138)
	at org.apache.ratis.server.storage.RaftStorageImpl.readRaftConfiguration(RaftStorageImpl.java:143)
	at org.apache.ratis.server.impl.ServerState.<init>(ServerState.java:113)
	at org.apache.ratis.server.impl.RaftServerImpl.<init>(RaftServerImpl.java:192)
	at org.apache.ratis.server.impl.RaftServerProxy.lambda$newRaftServerImpl$4(RaftServerProxy.java:266)
	at java.util.concurrent.CompletableFuture$AsyncSupply.run(CompletableFuture.java:1604)
	at java.util.concurrent.ThreadPoolExecutor.runWorker(ThreadPoolExecutor.java:1149)
	at java.util.concurrent.ThreadPoolExecutor$Worker.run(ThreadPoolExecutor.java:624)
	at java.lang.Thread.run(Thread.java:748)
2021-01-10 13:36:34,545 [pool-285-thread-1] INFO  server.RaftServerConfigKeys (ConfUtils.java:logGet(44)) - raft.server.notification.no-leader.timeout = 300s (custom)
2021-01-10 13:36:34,545 [pool-285-thread-1] INFO  server.RaftServerConfigKeys (ConfUtils.java:logGet(44)) - raft.server.log.use.memory = false (default)
2021-01-10 13:36:34,546 [pool-285-thread-1] INFO  server.RaftServerConfigKeys (ConfUtils.java:logGet(44)) - raft.server.log.purge.gap = 1000000 (custom)
2021-01-10 13:36:34,546 [pool-285-thread-1] INFO  server.RaftServerConfigKeys (ConfUtils.java:logGet(44)) - raft.server.log.appender.buffer.byte-limit = 33554432 (custom)
2021-01-10 13:36:34,546 [EventQueue-PipelineReportForPipelineReportHandler] INFO  pipeline.PipelineStateManager (PipelineStateManager.java:openPipeline(132)) - Pipeline Pipeline[ Id: d60ea957-3f58-4a62-9ef1-2faf46b9de84, Nodes: 5a30f297-e3d6-40f2-a678-35d09e11e701{ip: 172.17.0.2, host: c2cea8100722, networkLocation: /default-rack, certSerialId: null, persistedOpState: IN_SERVICE, persistedOpStateExpiryEpochSec: 0}, Type:RATIS, Factor:ONE, State:ALLOCATED, leaderId:5a30f297-e3d6-40f2-a678-35d09e11e701, CreationTimestamp2021-01-10T13:36:31.541Z] moved to OPEN state
2021-01-10 13:36:34,546 [pool-285-thread-1] INFO  metrics.RatisMetrics (RatisMetrics.java:lambda$create$0(36)) - Creating Metrics Registry : ratis.log_worker.5a30f297-e3d6-40f2-a678-35d09e11e701@group-2FAF46B9DE84
2021-01-10 13:36:34,546 [pool-285-thread-1] INFO  server.RaftServerConfigKeys (ConfUtils.java:logGet(44)) - raft.server.log.segment.size.max = 1048576 (custom)
2021-01-10 13:36:34,546 [EventQueue-PipelineReportForOneReplicaPipelineSafeModeRule] INFO  safemode.SCMSafeModeManager (SCMSafeModeManager.java:validateSafeModeExitRules(214)) - AtleastOneDatanodeReportedRule rule is successfully validated
2021-01-10 13:36:34,548 [pool-285-thread-1] INFO  server.RaftServerConfigKeys (ConfUtils.java:logGet(44)) - raft.server.log.segment.cache.num.max = 2 (custom)
2021-01-10 13:36:34,550 [EventQueue-OpenPipelineForHealthyPipelineSafeModeRule] INFO  safemode.SCMSafeModeManager (HealthyPipelineSafeModeRule.java:process(128)) - SCM in safe mode. Healthy pipelines reported count is 0, required healthy pipeline reported count is 1
2021-01-10 13:36:34,550 [pool-285-thread-1] INFO  server.RaftServerConfigKeys (ConfUtils.java:logGet(44)) - raft.server.log.segment.cache.size.max = 200MB (=209715200) (default)
2021-01-10 13:36:34,550 [pool-285-thread-1] INFO  segmented.SegmentedRaftLogWorker (SegmentedRaftLogWorker.java:<init>(181)) - new 5a30f297-e3d6-40f2-a678-35d09e11e701@group-2FAF46B9DE84-SegmentedRaftLogWorker for RaftStorageImpl:Storage Directory /github/workspace/mnt/ozone/hadoop-ozone/integration-test/target/test-dir/MiniOzoneClusterImpl-0ee44e4a-5790-445b-bee5-3ef48b2e27da/datanode-0/data/ratis/d60ea957-3f58-4a62-9ef1-2faf46b9de84
2021-01-10 13:36:34,550 [pool-285-thread-1] INFO  server.RaftServerConfigKeys (ConfUtils.java:logGet(44)) - raft.server.log.queue.byte-limit = 2147483647 (custom)
2021-01-10 13:36:34,550 [pool-285-thread-1] INFO  server.RaftServerConfigKeys (ConfUtils.java:logGet(44)) - raft.server.log.queue.element-limit = 1024 (custom)
2021-01-10 13:36:34,550 [pool-285-thread-1] INFO  server.RaftServerConfigKeys (ConfUtils.java:logGet(44)) - raft.server.log.segment.size.max = 1048576 (custom)
2021-01-10 13:36:34,550 [pool-285-thread-1] INFO  server.RaftServerConfigKeys (ConfUtils.java:logGet(44)) - raft.server.log.preallocated.size = 16384 (custom)
2021-01-10 13:36:34,550 [pool-285-thread-1] INFO  server.RaftServerConfigKeys (ConfUtils.java:logGet(44)) - raft.server.log.force.sync.num = 128 (default)
2021-01-10 13:36:34,550 [pool-285-thread-1] INFO  server.RaftServerConfigKeys (ConfUtils.java:logGet(44)) - raft.server.log.statemachine.data.sync = true (default)
2021-01-10 13:36:34,551 [pool-285-thread-1] INFO  server.RaftServerConfigKeys (ConfUtils.java:logGet(44)) - raft.server.log.statemachine.data.sync.timeout = 10s (default)
2021-01-10 13:36:34,551 [pool-285-thread-1] INFO  server.RaftServerConfigKeys (ConfUtils.java:logGet(44)) - raft.server.log.statemachine.data.sync.timeout.retry = -1 (default)
2021-01-10 13:36:34,552 [pool-285-thread-1] INFO  server.RaftServerConfigKeys (ConfUtils.java:logGet(44)) - raft.server.log.write.buffer.size = 1048576 (custom)
2021-01-10 13:36:34,552 [pool-285-thread-1] INFO  server.RaftServerConfigKeys (ConfUtils.java:logGet(44)) - raft.server.log.statemachine.data.caching.enabled = true (custom)
2021-01-10 13:36:34,553 [pool-285-thread-1] INFO  segmented.SegmentedRaftLogWorker (SegmentedRaftLogWorker.java:lambda$new$0(132)) - 5a30f297-e3d6-40f2-a678-35d09e11e701@group-2FAF46B9DE84-SegmentedRaftLogWorker: flushIndex: setUnconditionally 0 -> -1
2021-01-10 13:36:34,553 [pool-285-thread-1] INFO  segmented.SegmentedRaftLogWorker (SegmentedRaftLogWorker.java:lambda$new$0(132)) - 5a30f297-e3d6-40f2-a678-35d09e11e701@group-2FAF46B9DE84-SegmentedRaftLogWorker: safeCacheEvictIndex: setUnconditionally 0 -> -1
2021-01-10 13:36:34,553 [pool-285-thread-1] INFO  server.RaftServerConfigKeys (ConfUtils.java:logGet(44)) - raft.server.snapshot.auto.trigger.enabled = true (custom)
2021-01-10 13:36:34,553 [pool-285-thread-1] INFO  server.RaftServerConfigKeys (ConfUtils.java:logGet(44)) - raft.server.snapshot.auto.trigger.threshold = 10000 (custom)
2021-01-10 13:36:34,553 [pool-285-thread-1] INFO  server.RaftServerConfigKeys (ConfUtils.java:logGet(44)) - raft.server.snapshot.retention.file.num = 5 (custom)
2021-01-10 13:36:34,553 [pool-285-thread-1] INFO  server.RaftServerConfigKeys (ConfUtils.java:logGet(44)) - raft.server.log.purge.upto.snapshot.index = false (default)
2021-01-10 13:36:34,553 [pool-285-thread-1] INFO  server.RaftServerConfigKeys (ConfUtils.java:logGet(44)) - raft.server.retrycache.expirytime = 600000ms (custom)
2021-01-10 13:36:34,553 [pool-285-thread-1] INFO  server.RaftServerConfigKeys (ConfUtils.java:logGet(44)) - raft.server.retrycache.statistics.expirytime = 100?s (default)
2021-01-10 13:36:34,553 [pool-285-thread-1] INFO  metrics.RatisMetrics (RatisMetrics.java:lambda$create$0(36)) - Creating Metrics Registry : ratis.leader_election.5a30f297-e3d6-40f2-a678-35d09e11e701@group-2FAF46B9DE84
2021-01-10 13:36:34,554 [pool-285-thread-1] INFO  metrics.RatisMetrics (RatisMetrics.java:lambda$create$0(36)) - Creating Metrics Registry : ratis.server.5a30f297-e3d6-40f2-a678-35d09e11e701@group-2FAF46B9DE84
2021-01-10 13:36:34,555 [pool-285-thread-1] INFO  server.RaftServer$Division (RaftServerImpl.java:start(294)) - 5a30f297-e3d6-40f2-a678-35d09e11e701@group-2FAF46B9DE84: start as a follower, conf=-1: [5a30f297-e3d6-40f2-a678-35d09e11e701|rpc:172.17.0.2:34335|priority:1], old=null
2021-01-10 13:36:34,555 [pool-285-thread-1] INFO  server.RaftServer$Division (RaftServerImpl.java:setRole(283)) - 5a30f297-e3d6-40f2-a678-35d09e11e701@group-2FAF46B9DE84: changes role from      null to FOLLOWER at term 0 for startAsFollower
2021-01-10 13:36:34,555 [pool-285-thread-1] INFO  impl.RoleInfo (RoleInfo.java:updateAndGet(130)) - 5a30f297-e3d6-40f2-a678-35d09e11e701: start 5a30f297-e3d6-40f2-a678-35d09e11e701@group-2FAF46B9DE84-FollowerState
2021-01-10 13:36:34,555 [pool-285-thread-1] INFO  util.JmxRegister (JmxRegister.java:tryRegister(44)) - Successfully registered JMX Bean with object name Ratis:service=RaftServer,group=group-2FAF46B9DE84,id=5a30f297-e3d6-40f2-a678-35d09e11e701
2021-01-10 13:36:34,555 [pool-285-thread-1] INFO  metrics.RatisMetrics (RatisMetrics.java:lambda$create$0(36)) - Creating Metrics Registry : ratis.state_machine.5a30f297-e3d6-40f2-a678-35d09e11e701@group-2FAF46B9DE84
2021-01-10 13:36:34,556 [Command processor thread] INFO  commandhandler.CreatePipelineCommandHandler (CreatePipelineCommandHandler.java:handle(106)) - Created Pipeline RATIS ONE PipelineID=d60ea957-3f58-4a62-9ef1-2faf46b9de84.
2021-01-10 13:36:34,556 [Command processor thread] INFO  server.RaftServer (RaftServerProxy.java:addNew(95)) - 5a30f297-e3d6-40f2-a678-35d09e11e701: addNew group-91813F2FE7BB:[63b42672-d3a4-4132-9f43-651996da4388|rpc:172.17.0.2:41451|priority:1, 5a30f297-e3d6-40f2-a678-35d09e11e701|rpc:172.17.0.2:34335|priority:0, cfe20c21-fb82-45e1-aa84-22b1a6eaba94|rpc:172.17.0.2:45443|priority:0] returns group-91813F2FE7BB:java.util.concurrent.CompletableFuture@325939aa[Not completed]
2021-01-10 13:36:34,557 [pool-285-thread-1] INFO  server.RaftServer$Division (RaftServerImpl.java:<init>(179)) - 5a30f297-e3d6-40f2-a678-35d09e11e701: new RaftServerImpl for group-91813F2FE7BB:[63b42672-d3a4-4132-9f43-651996da4388|rpc:172.17.0.2:41451|priority:1, 5a30f297-e3d6-40f2-a678-35d09e11e701|rpc:172.17.0.2:34335|priority:0, cfe20c21-fb82-45e1-aa84-22b1a6eaba94|rpc:172.17.0.2:45443|priority:0] with ContainerStateMachine:uninitialized
2021-01-10 13:36:34,557 [pool-285-thread-1] INFO  server.RaftServerConfigKeys (ConfUtils.java:logGet(44)) - raft.server.rpc.timeout.min = 5s (custom)
2021-01-10 13:36:34,557 [pool-285-thread-1] INFO  server.RaftServerConfigKeys (ConfUtils.java:logGet(44)) - raft.server.rpc.timeout.max = 5200ms (custom)
2021-01-10 13:36:34,557 [pool-285-thread-1] INFO  server.RaftServerConfigKeys (ConfUtils.java:logGet(44)) - raft.server.rpc.sleep.time = 25ms (default)
2021-01-10 13:36:34,557 [pool-285-thread-1] INFO  server.RaftServerConfigKeys (ConfUtils.java:logGet(44)) - raft.server.rpc.slowness.timeout = 300s (custom)
2021-01-10 13:36:34,557 [pool-285-thread-1] INFO  server.RaftServerConfigKeys (ConfUtils.java:logGet(44)) - raft.server.leaderelection.leader.step-down.wait-time = 10s (default)
2021-01-10 13:36:34,557 [pool-285-thread-1] INFO  server.RaftServerConfigKeys (ConfUtils.java:logGet(44)) - raft.server.sleep.deviation.threshold = 300ms (default)
2021-01-10 13:36:34,557 [pool-285-thread-1] INFO  server.RaftServerConfigKeys (ConfUtils.java:logGet(44)) - raft.server.log.appender.install.snapshot.enabled = false (custom)
2021-01-10 13:36:34,557 [pool-285-thread-1] INFO  server.RaftServer$Division (ServerState.java:<init>(103)) - 5a30f297-e3d6-40f2-a678-35d09e11e701@group-91813F2FE7BB: ConfigurationManager, init=-1: [63b42672-d3a4-4132-9f43-651996da4388|rpc:172.17.0.2:41451|priority:1, 5a30f297-e3d6-40f2-a678-35d09e11e701|rpc:172.17.0.2:34335|priority:0, cfe20c21-fb82-45e1-aa84-22b1a6eaba94|rpc:172.17.0.2:45443|priority:0], old=null, confs=<EMPTY_MAP>
2021-01-10 13:36:34,557 [pool-285-thread-1] INFO  server.RaftServerConfigKeys (ConfUtils.java:logGet(44)) - raft.server.storage.dir = [/github/workspace/mnt/ozone/hadoop-ozone/integration-test/target/test-dir/MiniOzoneClusterImpl-0ee44e4a-5790-445b-bee5-3ef48b2e27da/datanode-0/data/ratis] (custom)
2021-01-10 13:36:34,557 [pool-285-thread-1] INFO  server.RaftServerConfigKeys (ConfUtils.java:logGet(44)) - raft.server.log.corruption.policy = EXCEPTION (default)
2021-01-10 13:36:34,557 [pool-285-thread-1] INFO  storage.RaftStorageDirectory (RaftStorageDirectoryImpl.java:analyzeStorage(132)) - The storage directory /github/workspace/mnt/ozone/hadoop-ozone/integration-test/target/test-dir/MiniOzoneClusterImpl-0ee44e4a-5790-445b-bee5-3ef48b2e27da/datanode-0/data/ratis/2179bdfc-ce7e-44d4-b365-91813f2fe7bb does not exist. Creating ...
2021-01-10 13:36:34,559 [pool-285-thread-1] INFO  storage.RaftStorageDirectory (RaftStorageDirectoryImpl.java:tryLock(215)) - Lock on /github/workspace/mnt/ozone/hadoop-ozone/integration-test/target/test-dir/MiniOzoneClusterImpl-0ee44e4a-5790-445b-bee5-3ef48b2e27da/datanode-0/data/ratis/2179bdfc-ce7e-44d4-b365-91813f2fe7bb/in_use.lock acquired by nodename 29989@c2cea8100722
2021-01-10 13:36:34,560 [pool-285-thread-1] INFO  storage.RaftStorage (RaftStorageImpl.java:format(87)) - Storage directory /github/workspace/mnt/ozone/hadoop-ozone/integration-test/target/test-dir/MiniOzoneClusterImpl-0ee44e4a-5790-445b-bee5-3ef48b2e27da/datanode-0/data/ratis/2179bdfc-ce7e-44d4-b365-91813f2fe7bb has been successfully formatted.
2021-01-10 13:36:34,560 [pool-285-thread-1] INFO  ratis.ContainerStateMachine (ContainerStateMachine.java:loadSnapshot(223)) - group-91813F2FE7BB: The snapshot info is null. Setting the last applied indexto:(t:0, i:~)
2021-01-10 13:36:34,560 [pool-285-thread-1] ERROR storage.RaftStorage (RaftStorageImpl.java:readRaftConfiguration(147)) - Failed reading configuration from file:/github/workspace/mnt/ozone/hadoop-ozone/integration-test/target/test-dir/MiniOzoneClusterImpl-0ee44e4a-5790-445b-bee5-3ef48b2e27da/datanode-0/data/ratis/2179bdfc-ce7e-44d4-b365-91813f2fe7bb/current/raft-meta.conf
java.io.FileNotFoundException: /github/workspace/mnt/ozone/hadoop-ozone/integration-test/target/test-dir/MiniOzoneClusterImpl-0ee44e4a-5790-445b-bee5-3ef48b2e27da/datanode-0/data/ratis/2179bdfc-ce7e-44d4-b365-91813f2fe7bb/current/raft-meta.conf (No such file or directory)
	at java.io.FileInputStream.open0(Native Method)
	at java.io.FileInputStream.open(FileInputStream.java:195)
	at java.io.FileInputStream.<init>(FileInputStream.java:138)
	at org.apache.ratis.server.storage.RaftStorageImpl.readRaftConfiguration(RaftStorageImpl.java:143)
	at org.apache.ratis.server.impl.ServerState.<init>(ServerState.java:113)
	at org.apache.ratis.server.impl.RaftServerImpl.<init>(RaftServerImpl.java:192)
	at org.apache.ratis.server.impl.RaftServerProxy.lambda$newRaftServerImpl$4(RaftServerProxy.java:266)
	at java.util.concurrent.CompletableFuture$AsyncSupply.run(CompletableFuture.java:1604)
	at java.util.concurrent.ThreadPoolExecutor.runWorker(ThreadPoolExecutor.java:1149)
	at java.util.concurrent.ThreadPoolExecutor$Worker.run(ThreadPoolExecutor.java:624)
	at java.lang.Thread.run(Thread.java:748)
2021-01-10 13:36:34,561 [pool-285-thread-1] INFO  server.RaftServerConfigKeys (ConfUtils.java:logGet(44)) - raft.server.notification.no-leader.timeout = 300s (custom)
2021-01-10 13:36:34,561 [EventQueue-OpenPipelineForHealthyPipelineSafeModeRule] INFO  safemode.SCMSafeModeManager (HealthyPipelineSafeModeRule.java:process(128)) - SCM in safe mode. Healthy pipelines reported count is 0, required healthy pipeline reported count is 1
2021-01-10 13:36:34,561 [EventQueue-PipelineReportForOneReplicaPipelineSafeModeRule] INFO  safemode.SCMSafeModeManager (SCMSafeModeManager.java:validateSafeModeExitRules(214)) - AtleastOneDatanodeReportedRule rule is successfully validated
2021-01-10 13:36:34,561 [pool-285-thread-1] INFO  server.RaftServerConfigKeys (ConfUtils.java:logGet(44)) - raft.server.log.use.memory = false (default)
2021-01-10 13:36:34,561 [pool-285-thread-1] INFO  server.RaftServerConfigKeys (ConfUtils.java:logGet(44)) - raft.server.log.purge.gap = 1000000 (custom)
2021-01-10 13:36:34,561 [pool-285-thread-1] INFO  server.RaftServerConfigKeys (ConfUtils.java:logGet(44)) - raft.server.log.appender.buffer.byte-limit = 33554432 (custom)
2021-01-10 13:36:34,561 [pool-285-thread-1] INFO  metrics.RatisMetrics (RatisMetrics.java:lambda$create$0(36)) - Creating Metrics Registry : ratis.log_worker.5a30f297-e3d6-40f2-a678-35d09e11e701@group-91813F2FE7BB
2021-01-10 13:36:34,562 [pool-285-thread-1] INFO  server.RaftServerConfigKeys (ConfUtils.java:logGet(44)) - raft.server.log.segment.size.max = 1048576 (custom)
2021-01-10 13:36:34,562 [pool-285-thread-1] INFO  server.RaftServerConfigKeys (ConfUtils.java:logGet(44)) - raft.server.log.segment.cache.num.max = 2 (custom)
2021-01-10 13:36:34,562 [pool-285-thread-1] INFO  server.RaftServerConfigKeys (ConfUtils.java:logGet(44)) - raft.server.log.segment.cache.size.max = 200MB (=209715200) (default)
2021-01-10 13:36:34,562 [pool-285-thread-1] INFO  segmented.SegmentedRaftLogWorker (SegmentedRaftLogWorker.java:<init>(181)) - new 5a30f297-e3d6-40f2-a678-35d09e11e701@group-91813F2FE7BB-SegmentedRaftLogWorker for RaftStorageImpl:Storage Directory /github/workspace/mnt/ozone/hadoop-ozone/integration-test/target/test-dir/MiniOzoneClusterImpl-0ee44e4a-5790-445b-bee5-3ef48b2e27da/datanode-0/data/ratis/2179bdfc-ce7e-44d4-b365-91813f2fe7bb
2021-01-10 13:36:34,562 [pool-285-thread-1] INFO  server.RaftServerConfigKeys (ConfUtils.java:logGet(44)) - raft.server.log.queue.byte-limit = 2147483647 (custom)
2021-01-10 13:36:34,562 [pool-285-thread-1] INFO  server.RaftServerConfigKeys (ConfUtils.java:logGet(44)) - raft.server.log.queue.element-limit = 1024 (custom)
2021-01-10 13:36:34,562 [pool-285-thread-1] INFO  server.RaftServerConfigKeys (ConfUtils.java:logGet(44)) - raft.server.log.segment.size.max = 1048576 (custom)
2021-01-10 13:36:34,562 [pool-285-thread-1] INFO  server.RaftServerConfigKeys (ConfUtils.java:logGet(44)) - raft.server.log.preallocated.size = 16384 (custom)
2021-01-10 13:36:34,563 [pool-285-thread-1] INFO  server.RaftServerConfigKeys (ConfUtils.java:logGet(44)) - raft.server.log.force.sync.num = 128 (default)
2021-01-10 13:36:34,563 [pool-285-thread-1] INFO  server.RaftServerConfigKeys (ConfUtils.java:logGet(44)) - raft.server.log.statemachine.data.sync = true (default)
2021-01-10 13:36:34,563 [pool-285-thread-1] INFO  server.RaftServerConfigKeys (ConfUtils.java:logGet(44)) - raft.server.log.statemachine.data.sync.timeout = 10s (default)
2021-01-10 13:36:34,563 [pool-285-thread-1] INFO  server.RaftServerConfigKeys (ConfUtils.java:logGet(44)) - raft.server.log.statemachine.data.sync.timeout.retry = -1 (default)
2021-01-10 13:36:34,564 [pool-285-thread-1] INFO  server.RaftServerConfigKeys (ConfUtils.java:logGet(44)) - raft.server.log.write.buffer.size = 1048576 (custom)
2021-01-10 13:36:34,564 [pool-285-thread-1] INFO  server.RaftServerConfigKeys (ConfUtils.java:logGet(44)) - raft.server.log.statemachine.data.caching.enabled = true (custom)
2021-01-10 13:36:34,565 [pool-285-thread-1] INFO  segmented.SegmentedRaftLogWorker (SegmentedRaftLogWorker.java:lambda$new$0(132)) - 5a30f297-e3d6-40f2-a678-35d09e11e701@group-91813F2FE7BB-SegmentedRaftLogWorker: flushIndex: setUnconditionally 0 -> -1
2021-01-10 13:36:34,565 [pool-285-thread-1] INFO  segmented.SegmentedRaftLogWorker (SegmentedRaftLogWorker.java:lambda$new$0(132)) - 5a30f297-e3d6-40f2-a678-35d09e11e701@group-91813F2FE7BB-SegmentedRaftLogWorker: safeCacheEvictIndex: setUnconditionally 0 -> -1
2021-01-10 13:36:34,568 [pool-285-thread-1] INFO  server.RaftServerConfigKeys (ConfUtils.java:logGet(44)) - raft.server.snapshot.auto.trigger.enabled = true (custom)
2021-01-10 13:36:34,568 [pool-285-thread-1] INFO  server.RaftServerConfigKeys (ConfUtils.java:logGet(44)) - raft.server.snapshot.auto.trigger.threshold = 10000 (custom)
2021-01-10 13:36:34,568 [pool-285-thread-1] INFO  server.RaftServerConfigKeys (ConfUtils.java:logGet(44)) - raft.server.snapshot.retention.file.num = 5 (custom)
2021-01-10 13:36:34,568 [pool-285-thread-1] INFO  server.RaftServerConfigKeys (ConfUtils.java:logGet(44)) - raft.server.log.purge.upto.snapshot.index = false (default)
2021-01-10 13:36:34,569 [pool-285-thread-1] INFO  server.RaftServerConfigKeys (ConfUtils.java:logGet(44)) - raft.server.retrycache.expirytime = 600000ms (custom)
2021-01-10 13:36:34,569 [pool-285-thread-1] INFO  server.RaftServerConfigKeys (ConfUtils.java:logGet(44)) - raft.server.retrycache.statistics.expirytime = 100?s (default)
2021-01-10 13:36:34,569 [pool-285-thread-1] INFO  metrics.RatisMetrics (RatisMetrics.java:lambda$create$0(36)) - Creating Metrics Registry : ratis.leader_election.5a30f297-e3d6-40f2-a678-35d09e11e701@group-91813F2FE7BB
2021-01-10 13:36:34,569 [pool-285-thread-1] INFO  metrics.RatisMetrics (RatisMetrics.java:lambda$create$0(36)) - Creating Metrics Registry : ratis.server.5a30f297-e3d6-40f2-a678-35d09e11e701@group-91813F2FE7BB
2021-01-10 13:36:34,570 [pool-285-thread-1] INFO  server.RaftServer$Division (RaftServerImpl.java:start(294)) - 5a30f297-e3d6-40f2-a678-35d09e11e701@group-91813F2FE7BB: start as a follower, conf=-1: [63b42672-d3a4-4132-9f43-651996da4388|rpc:172.17.0.2:41451|priority:1, 5a30f297-e3d6-40f2-a678-35d09e11e701|rpc:172.17.0.2:34335|priority:0, cfe20c21-fb82-45e1-aa84-22b1a6eaba94|rpc:172.17.0.2:45443|priority:0], old=null
2021-01-10 13:36:34,570 [pool-285-thread-1] INFO  server.RaftServer$Division (RaftServerImpl.java:setRole(283)) - 5a30f297-e3d6-40f2-a678-35d09e11e701@group-91813F2FE7BB: changes role from      null to FOLLOWER at term 0 for startAsFollower
2021-01-10 13:36:34,570 [pool-285-thread-1] INFO  impl.RoleInfo (RoleInfo.java:updateAndGet(130)) - 5a30f297-e3d6-40f2-a678-35d09e11e701: start 5a30f297-e3d6-40f2-a678-35d09e11e701@group-91813F2FE7BB-FollowerState
2021-01-10 13:36:34,571 [pool-285-thread-1] INFO  util.JmxRegister (JmxRegister.java:tryRegister(44)) - Successfully registered JMX Bean with object name Ratis:service=RaftServer,group=group-91813F2FE7BB,id=5a30f297-e3d6-40f2-a678-35d09e11e701
2021-01-10 13:36:34,571 [pool-285-thread-1] INFO  metrics.RatisMetrics (RatisMetrics.java:lambda$create$0(36)) - Creating Metrics Registry : ratis.state_machine.5a30f297-e3d6-40f2-a678-35d09e11e701@group-91813F2FE7BB
2021-01-10 13:36:34,574 [Command processor thread] INFO  metrics.RatisMetrics (RatisMetrics.java:lambda$create$0(36)) - Creating Metrics Registry : ratis.client_message_metrics.client-1704605A67DF->63b42672-d3a4-4132-9f43-651996da4388
2021-01-10 13:36:34,580 [grpc-default-executor-4] INFO  metrics.RatisMetrics (RatisMetrics.java:lambda$create$0(36)) - Creating Metrics Registry : ratis.server_message_metrics.63b42672-d3a4-4132-9f43-651996da4388
2021-01-10 13:36:34,586 [grpc-default-executor-4] INFO  server.RaftServer (RaftServerProxy.java:addNew(95)) - 63b42672-d3a4-4132-9f43-651996da4388: addNew group-91813F2FE7BB:[63b42672-d3a4-4132-9f43-651996da4388|rpc:172.17.0.2:41451|dataStream:|priority:1, 5a30f297-e3d6-40f2-a678-35d09e11e701|rpc:172.17.0.2:34335|dataStream:|priority:0, cfe20c21-fb82-45e1-aa84-22b1a6eaba94|rpc:172.17.0.2:45443|dataStream:|priority:0] returns group-91813F2FE7BB:java.util.concurrent.CompletableFuture@e928c6f[Not completed]
2021-01-10 13:36:34,587 [pool-317-thread-1] INFO  server.RaftServer$Division (RaftServerImpl.java:<init>(179)) - 63b42672-d3a4-4132-9f43-651996da4388: new RaftServerImpl for group-91813F2FE7BB:[63b42672-d3a4-4132-9f43-651996da4388|rpc:172.17.0.2:41451|dataStream:|priority:1, 5a30f297-e3d6-40f2-a678-35d09e11e701|rpc:172.17.0.2:34335|dataStream:|priority:0, cfe20c21-fb82-45e1-aa84-22b1a6eaba94|rpc:172.17.0.2:45443|dataStream:|priority:0] with ContainerStateMachine:uninitialized
2021-01-10 13:36:34,587 [pool-317-thread-1] INFO  server.RaftServerConfigKeys (ConfUtils.java:logGet(44)) - raft.server.rpc.timeout.min = 5s (custom)
2021-01-10 13:36:34,587 [pool-317-thread-1] INFO  server.RaftServerConfigKeys (ConfUtils.java:logGet(44)) - raft.server.rpc.timeout.max = 5200ms (custom)
2021-01-10 13:36:34,587 [pool-317-thread-1] INFO  server.RaftServerConfigKeys (ConfUtils.java:logGet(44)) - raft.server.rpc.sleep.time = 25ms (default)
2021-01-10 13:36:34,587 [pool-317-thread-1] INFO  server.RaftServerConfigKeys (ConfUtils.java:logGet(44)) - raft.server.rpc.slowness.timeout = 300s (custom)
2021-01-10 13:36:34,587 [pool-317-thread-1] INFO  server.RaftServerConfigKeys (ConfUtils.java:logGet(44)) - raft.server.leaderelection.leader.step-down.wait-time = 10s (default)
2021-01-10 13:36:34,588 [pool-317-thread-1] INFO  server.RaftServerConfigKeys (ConfUtils.java:logGet(44)) - raft.server.sleep.deviation.threshold = 300ms (default)
2021-01-10 13:36:34,588 [pool-317-thread-1] INFO  server.RaftServerConfigKeys (ConfUtils.java:logGet(44)) - raft.server.log.appender.install.snapshot.enabled = false (custom)
2021-01-10 13:36:34,588 [pool-317-thread-1] INFO  server.RaftServer$Division (ServerState.java:<init>(103)) - 63b42672-d3a4-4132-9f43-651996da4388@group-91813F2FE7BB: ConfigurationManager, init=-1: [63b42672-d3a4-4132-9f43-651996da4388|rpc:172.17.0.2:41451|dataStream:|priority:1, 5a30f297-e3d6-40f2-a678-35d09e11e701|rpc:172.17.0.2:34335|dataStream:|priority:0, cfe20c21-fb82-45e1-aa84-22b1a6eaba94|rpc:172.17.0.2:45443|dataStream:|priority:0], old=null, confs=<EMPTY_MAP>
2021-01-10 13:36:34,588 [pool-317-thread-1] INFO  server.RaftServerConfigKeys (ConfUtils.java:logGet(44)) - raft.server.storage.dir = [/github/workspace/mnt/ozone/hadoop-ozone/integration-test/target/test-dir/MiniOzoneClusterImpl-0ee44e4a-5790-445b-bee5-3ef48b2e27da/datanode-2/data/ratis] (custom)
2021-01-10 13:36:34,588 [pool-317-thread-1] INFO  server.RaftServerConfigKeys (ConfUtils.java:logGet(44)) - raft.server.log.corruption.policy = EXCEPTION (default)
2021-01-10 13:36:34,588 [pool-317-thread-1] INFO  storage.RaftStorageDirectory (RaftStorageDirectoryImpl.java:analyzeStorage(132)) - The storage directory /github/workspace/mnt/ozone/hadoop-ozone/integration-test/target/test-dir/MiniOzoneClusterImpl-0ee44e4a-5790-445b-bee5-3ef48b2e27da/datanode-2/data/ratis/2179bdfc-ce7e-44d4-b365-91813f2fe7bb does not exist. Creating ...
2021-01-10 13:36:34,589 [pool-317-thread-1] INFO  storage.RaftStorageDirectory (RaftStorageDirectoryImpl.java:tryLock(215)) - Lock on /github/workspace/mnt/ozone/hadoop-ozone/integration-test/target/test-dir/MiniOzoneClusterImpl-0ee44e4a-5790-445b-bee5-3ef48b2e27da/datanode-2/data/ratis/2179bdfc-ce7e-44d4-b365-91813f2fe7bb/in_use.lock acquired by nodename 29989@c2cea8100722
2021-01-10 13:36:34,590 [pool-317-thread-1] INFO  storage.RaftStorage (RaftStorageImpl.java:format(87)) - Storage directory /github/workspace/mnt/ozone/hadoop-ozone/integration-test/target/test-dir/MiniOzoneClusterImpl-0ee44e4a-5790-445b-bee5-3ef48b2e27da/datanode-2/data/ratis/2179bdfc-ce7e-44d4-b365-91813f2fe7bb has been successfully formatted.
2021-01-10 13:36:34,590 [pool-317-thread-1] INFO  ratis.ContainerStateMachine (ContainerStateMachine.java:loadSnapshot(223)) - group-91813F2FE7BB: The snapshot info is null. Setting the last applied indexto:(t:0, i:~)
2021-01-10 13:36:34,591 [pool-317-thread-1] ERROR storage.RaftStorage (RaftStorageImpl.java:readRaftConfiguration(147)) - Failed reading configuration from file:/github/workspace/mnt/ozone/hadoop-ozone/integration-test/target/test-dir/MiniOzoneClusterImpl-0ee44e4a-5790-445b-bee5-3ef48b2e27da/datanode-2/data/ratis/2179bdfc-ce7e-44d4-b365-91813f2fe7bb/current/raft-meta.conf
java.io.FileNotFoundException: /github/workspace/mnt/ozone/hadoop-ozone/integration-test/target/test-dir/MiniOzoneClusterImpl-0ee44e4a-5790-445b-bee5-3ef48b2e27da/datanode-2/data/ratis/2179bdfc-ce7e-44d4-b365-91813f2fe7bb/current/raft-meta.conf (No such file or directory)
	at java.io.FileInputStream.open0(Native Method)
	at java.io.FileInputStream.open(FileInputStream.java:195)
	at java.io.FileInputStream.<init>(FileInputStream.java:138)
	at org.apache.ratis.server.storage.RaftStorageImpl.readRaftConfiguration(RaftStorageImpl.java:143)
	at org.apache.ratis.server.impl.ServerState.<init>(ServerState.java:113)
	at org.apache.ratis.server.impl.RaftServerImpl.<init>(RaftServerImpl.java:192)
	at org.apache.ratis.server.impl.RaftServerProxy.lambda$newRaftServerImpl$4(RaftServerProxy.java:266)
	at java.util.concurrent.CompletableFuture$AsyncSupply.run(CompletableFuture.java:1604)
	at java.util.concurrent.ThreadPoolExecutor.runWorker(ThreadPoolExecutor.java:1149)
	at java.util.concurrent.ThreadPoolExecutor$Worker.run(ThreadPoolExecutor.java:624)
	at java.lang.Thread.run(Thread.java:748)
2021-01-10 13:36:34,591 [EventQueue-PipelineReportForOneReplicaPipelineSafeModeRule] INFO  safemode.SCMSafeModeManager (SCMSafeModeManager.java:validateSafeModeExitRules(214)) - AtleastOneDatanodeReportedRule rule is successfully validated
2021-01-10 13:36:34,591 [pool-317-thread-1] INFO  server.RaftServerConfigKeys (ConfUtils.java:logGet(44)) - raft.server.notification.no-leader.timeout = 300s (custom)
2021-01-10 13:36:34,591 [pool-317-thread-1] INFO  server.RaftServerConfigKeys (ConfUtils.java:logGet(44)) - raft.server.log.use.memory = false (default)
2021-01-10 13:36:34,591 [pool-317-thread-1] INFO  server.RaftServerConfigKeys (ConfUtils.java:logGet(44)) - raft.server.log.purge.gap = 1000000 (custom)
2021-01-10 13:36:34,591 [pool-317-thread-1] INFO  server.RaftServerConfigKeys (ConfUtils.java:logGet(44)) - raft.server.log.appender.buffer.byte-limit = 33554432 (custom)
2021-01-10 13:36:34,592 [pool-317-thread-1] INFO  metrics.RatisMetrics (RatisMetrics.java:lambda$create$0(36)) - Creating Metrics Registry : ratis.log_worker.63b42672-d3a4-4132-9f43-651996da4388@group-91813F2FE7BB
2021-01-10 13:36:34,592 [pool-317-thread-1] INFO  server.RaftServerConfigKeys (ConfUtils.java:logGet(44)) - raft.server.log.segment.size.max = 1048576 (custom)
2021-01-10 13:36:34,592 [pool-317-thread-1] INFO  server.RaftServerConfigKeys (ConfUtils.java:logGet(44)) - raft.server.log.segment.cache.num.max = 2 (custom)
2021-01-10 13:36:34,592 [pool-317-thread-1] INFO  server.RaftServerConfigKeys (ConfUtils.java:logGet(44)) - raft.server.log.segment.cache.size.max = 200MB (=209715200) (default)
2021-01-10 13:36:34,592 [pool-317-thread-1] INFO  segmented.SegmentedRaftLogWorker (SegmentedRaftLogWorker.java:<init>(181)) - new 63b42672-d3a4-4132-9f43-651996da4388@group-91813F2FE7BB-SegmentedRaftLogWorker for RaftStorageImpl:Storage Directory /github/workspace/mnt/ozone/hadoop-ozone/integration-test/target/test-dir/MiniOzoneClusterImpl-0ee44e4a-5790-445b-bee5-3ef48b2e27da/datanode-2/data/ratis/2179bdfc-ce7e-44d4-b365-91813f2fe7bb
2021-01-10 13:36:34,592 [pool-317-thread-1] INFO  server.RaftServerConfigKeys (ConfUtils.java:logGet(44)) - raft.server.log.queue.byte-limit = 2147483647 (custom)
2021-01-10 13:36:34,593 [pool-317-thread-1] INFO  server.RaftServerConfigKeys (ConfUtils.java:logGet(44)) - raft.server.log.queue.element-limit = 1024 (custom)
2021-01-10 13:36:34,593 [pool-317-thread-1] INFO  server.RaftServerConfigKeys (ConfUtils.java:logGet(44)) - raft.server.log.segment.size.max = 1048576 (custom)
2021-01-10 13:36:34,593 [pool-317-thread-1] INFO  server.RaftServerConfigKeys (ConfUtils.java:logGet(44)) - raft.server.log.preallocated.size = 16384 (custom)
2021-01-10 13:36:34,593 [pool-317-thread-1] INFO  server.RaftServerConfigKeys (ConfUtils.java:logGet(44)) - raft.server.log.force.sync.num = 128 (default)
2021-01-10 13:36:34,593 [pool-317-thread-1] INFO  server.RaftServerConfigKeys (ConfUtils.java:logGet(44)) - raft.server.log.statemachine.data.sync = true (default)
2021-01-10 13:36:34,593 [pool-317-thread-1] INFO  server.RaftServerConfigKeys (ConfUtils.java:logGet(44)) - raft.server.log.statemachine.data.sync.timeout = 10s (default)
2021-01-10 13:36:34,593 [pool-317-thread-1] INFO  server.RaftServerConfigKeys (ConfUtils.java:logGet(44)) - raft.server.log.statemachine.data.sync.timeout.retry = -1 (default)
2021-01-10 13:36:34,594 [pool-317-thread-1] INFO  server.RaftServerConfigKeys (ConfUtils.java:logGet(44)) - raft.server.log.write.buffer.size = 1048576 (custom)
2021-01-10 13:36:34,595 [pool-317-thread-1] INFO  server.RaftServerConfigKeys (ConfUtils.java:logGet(44)) - raft.server.log.statemachine.data.caching.enabled = true (custom)
2021-01-10 13:36:34,595 [pool-317-thread-1] INFO  segmented.SegmentedRaftLogWorker (SegmentedRaftLogWorker.java:lambda$new$0(132)) - 63b42672-d3a4-4132-9f43-651996da4388@group-91813F2FE7BB-SegmentedRaftLogWorker: flushIndex: setUnconditionally 0 -> -1
2021-01-10 13:36:34,595 [pool-317-thread-1] INFO  segmented.SegmentedRaftLogWorker (SegmentedRaftLogWorker.java:lambda$new$0(132)) - 63b42672-d3a4-4132-9f43-651996da4388@group-91813F2FE7BB-SegmentedRaftLogWorker: safeCacheEvictIndex: setUnconditionally 0 -> -1
2021-01-10 13:36:34,595 [pool-317-thread-1] INFO  server.RaftServerConfigKeys (ConfUtils.java:logGet(44)) - raft.server.snapshot.auto.trigger.enabled = true (custom)
2021-01-10 13:36:34,595 [pool-317-thread-1] INFO  server.RaftServerConfigKeys (ConfUtils.java:logGet(44)) - raft.server.snapshot.auto.trigger.threshold = 10000 (custom)
2021-01-10 13:36:34,595 [pool-317-thread-1] INFO  server.RaftServerConfigKeys (ConfUtils.java:logGet(44)) - raft.server.snapshot.retention.file.num = 5 (custom)
2021-01-10 13:36:34,595 [pool-317-thread-1] INFO  server.RaftServerConfigKeys (ConfUtils.java:logGet(44)) - raft.server.log.purge.upto.snapshot.index = false (default)
2021-01-10 13:36:34,595 [pool-317-thread-1] INFO  server.RaftServerConfigKeys (ConfUtils.java:logGet(44)) - raft.server.retrycache.expirytime = 600000ms (custom)
2021-01-10 13:36:34,596 [pool-317-thread-1] INFO  server.RaftServerConfigKeys (ConfUtils.java:logGet(44)) - raft.server.retrycache.statistics.expirytime = 100?s (default)
2021-01-10 13:36:34,596 [pool-317-thread-1] INFO  metrics.RatisMetrics (RatisMetrics.java:lambda$create$0(36)) - Creating Metrics Registry : ratis.leader_election.63b42672-d3a4-4132-9f43-651996da4388@group-91813F2FE7BB
2021-01-10 13:36:34,596 [pool-317-thread-1] INFO  metrics.RatisMetrics (RatisMetrics.java:lambda$create$0(36)) - Creating Metrics Registry : ratis.server.63b42672-d3a4-4132-9f43-651996da4388@group-91813F2FE7BB
2021-01-10 13:36:34,597 [pool-317-thread-1] INFO  server.RaftServer$Division (RaftServerImpl.java:start(294)) - 63b42672-d3a4-4132-9f43-651996da4388@group-91813F2FE7BB: start as a follower, conf=-1: [63b42672-d3a4-4132-9f43-651996da4388|rpc:172.17.0.2:41451|dataStream:|priority:1, 5a30f297-e3d6-40f2-a678-35d09e11e701|rpc:172.17.0.2:34335|dataStream:|priority:0, cfe20c21-fb82-45e1-aa84-22b1a6eaba94|rpc:172.17.0.2:45443|dataStream:|priority:0], old=null
2021-01-10 13:36:34,597 [pool-317-thread-1] INFO  server.RaftServer$Division (RaftServerImpl.java:setRole(283)) - 63b42672-d3a4-4132-9f43-651996da4388@group-91813F2FE7BB: changes role from      null to FOLLOWER at term 0 for startAsFollower
2021-01-10 13:36:34,597 [pool-317-thread-1] INFO  impl.RoleInfo (RoleInfo.java:updateAndGet(130)) - 63b42672-d3a4-4132-9f43-651996da4388: start 63b42672-d3a4-4132-9f43-651996da4388@group-91813F2FE7BB-FollowerState
2021-01-10 13:36:34,597 [pool-317-thread-1] INFO  util.JmxRegister (JmxRegister.java:tryRegister(44)) - Successfully registered JMX Bean with object name Ratis:service=RaftServer,group=group-91813F2FE7BB,id=63b42672-d3a4-4132-9f43-651996da4388
2021-01-10 13:36:34,597 [pool-317-thread-1] INFO  metrics.RatisMetrics (RatisMetrics.java:lambda$create$0(36)) - Creating Metrics Registry : ratis.state_machine.63b42672-d3a4-4132-9f43-651996da4388@group-91813F2FE7BB
2021-01-10 13:36:34,601 [Command processor thread] INFO  metrics.RatisMetrics (RatisMetrics.java:lambda$create$0(36)) - Creating Metrics Registry : ratis.client_message_metrics.client-C9BAA1453CF5->cfe20c21-fb82-45e1-aa84-22b1a6eaba94
2021-01-10 13:36:34,605 [grpc-default-executor-4] INFO  metrics.RatisMetrics (RatisMetrics.java:lambda$create$0(36)) - Creating Metrics Registry : ratis.server_message_metrics.cfe20c21-fb82-45e1-aa84-22b1a6eaba94
2021-01-10 13:36:34,609 [grpc-default-executor-4] INFO  server.RaftServer (RaftServerProxy.java:addNew(95)) - cfe20c21-fb82-45e1-aa84-22b1a6eaba94: addNew group-91813F2FE7BB:[63b42672-d3a4-4132-9f43-651996da4388|rpc:172.17.0.2:41451|dataStream:|priority:1, 5a30f297-e3d6-40f2-a678-35d09e11e701|rpc:172.17.0.2:34335|dataStream:|priority:0, cfe20c21-fb82-45e1-aa84-22b1a6eaba94|rpc:172.17.0.2:45443|dataStream:|priority:0] returns group-91813F2FE7BB:java.util.concurrent.CompletableFuture@135f1c05[Not completed]
2021-01-10 13:36:34,610 [pool-301-thread-1] INFO  server.RaftServer$Division (RaftServerImpl.java:<init>(179)) - cfe20c21-fb82-45e1-aa84-22b1a6eaba94: new RaftServerImpl for group-91813F2FE7BB:[63b42672-d3a4-4132-9f43-651996da4388|rpc:172.17.0.2:41451|dataStream:|priority:1, 5a30f297-e3d6-40f2-a678-35d09e11e701|rpc:172.17.0.2:34335|dataStream:|priority:0, cfe20c21-fb82-45e1-aa84-22b1a6eaba94|rpc:172.17.0.2:45443|dataStream:|priority:0] with ContainerStateMachine:uninitialized
2021-01-10 13:36:34,611 [pool-301-thread-1] INFO  server.RaftServerConfigKeys (ConfUtils.java:logGet(44)) - raft.server.rpc.timeout.min = 5s (custom)
2021-01-10 13:36:34,611 [pool-301-thread-1] INFO  server.RaftServerConfigKeys (ConfUtils.java:logGet(44)) - raft.server.rpc.timeout.max = 5200ms (custom)
2021-01-10 13:36:34,611 [pool-301-thread-1] INFO  server.RaftServerConfigKeys (ConfUtils.java:logGet(44)) - raft.server.rpc.sleep.time = 25ms (default)
2021-01-10 13:36:34,611 [pool-301-thread-1] INFO  server.RaftServerConfigKeys (ConfUtils.java:logGet(44)) - raft.server.rpc.slowness.timeout = 300s (custom)
2021-01-10 13:36:34,611 [pool-301-thread-1] INFO  server.RaftServerConfigKeys (ConfUtils.java:logGet(44)) - raft.server.leaderelection.leader.step-down.wait-time = 10s (default)
2021-01-10 13:36:34,611 [pool-301-thread-1] INFO  server.RaftServerConfigKeys (ConfUtils.java:logGet(44)) - raft.server.sleep.deviation.threshold = 300ms (default)
2021-01-10 13:36:34,611 [pool-301-thread-1] INFO  server.RaftServerConfigKeys (ConfUtils.java:logGet(44)) - raft.server.log.appender.install.snapshot.enabled = false (custom)
2021-01-10 13:36:34,611 [pool-301-thread-1] INFO  server.RaftServer$Division (ServerState.java:<init>(103)) - cfe20c21-fb82-45e1-aa84-22b1a6eaba94@group-91813F2FE7BB: ConfigurationManager, init=-1: [63b42672-d3a4-4132-9f43-651996da4388|rpc:172.17.0.2:41451|dataStream:|priority:1, 5a30f297-e3d6-40f2-a678-35d09e11e701|rpc:172.17.0.2:34335|dataStream:|priority:0, cfe20c21-fb82-45e1-aa84-22b1a6eaba94|rpc:172.17.0.2:45443|dataStream:|priority:0], old=null, confs=<EMPTY_MAP>
2021-01-10 13:36:34,611 [pool-301-thread-1] INFO  server.RaftServerConfigKeys (ConfUtils.java:logGet(44)) - raft.server.storage.dir = [/github/workspace/mnt/ozone/hadoop-ozone/integration-test/target/test-dir/MiniOzoneClusterImpl-0ee44e4a-5790-445b-bee5-3ef48b2e27da/datanode-1/data/ratis] (custom)
2021-01-10 13:36:34,611 [pool-301-thread-1] INFO  server.RaftServerConfigKeys (ConfUtils.java:logGet(44)) - raft.server.log.corruption.policy = EXCEPTION (default)
2021-01-10 13:36:34,611 [pool-301-thread-1] INFO  storage.RaftStorageDirectory (RaftStorageDirectoryImpl.java:analyzeStorage(132)) - The storage directory /github/workspace/mnt/ozone/hadoop-ozone/integration-test/target/test-dir/MiniOzoneClusterImpl-0ee44e4a-5790-445b-bee5-3ef48b2e27da/datanode-1/data/ratis/2179bdfc-ce7e-44d4-b365-91813f2fe7bb does not exist. Creating ...
2021-01-10 13:36:34,612 [pool-301-thread-1] INFO  storage.RaftStorageDirectory (RaftStorageDirectoryImpl.java:tryLock(215)) - Lock on /github/workspace/mnt/ozone/hadoop-ozone/integration-test/target/test-dir/MiniOzoneClusterImpl-0ee44e4a-5790-445b-bee5-3ef48b2e27da/datanode-1/data/ratis/2179bdfc-ce7e-44d4-b365-91813f2fe7bb/in_use.lock acquired by nodename 29989@c2cea8100722
2021-01-10 13:36:34,613 [pool-301-thread-1] INFO  storage.RaftStorage (RaftStorageImpl.java:format(87)) - Storage directory /github/workspace/mnt/ozone/hadoop-ozone/integration-test/target/test-dir/MiniOzoneClusterImpl-0ee44e4a-5790-445b-bee5-3ef48b2e27da/datanode-1/data/ratis/2179bdfc-ce7e-44d4-b365-91813f2fe7bb has been successfully formatted.
2021-01-10 13:36:34,614 [pool-301-thread-1] INFO  ratis.ContainerStateMachine (ContainerStateMachine.java:loadSnapshot(223)) - group-91813F2FE7BB: The snapshot info is null. Setting the last applied indexto:(t:0, i:~)
2021-01-10 13:36:34,614 [pool-301-thread-1] ERROR storage.RaftStorage (RaftStorageImpl.java:readRaftConfiguration(147)) - Failed reading configuration from file:/github/workspace/mnt/ozone/hadoop-ozone/integration-test/target/test-dir/MiniOzoneClusterImpl-0ee44e4a-5790-445b-bee5-3ef48b2e27da/datanode-1/data/ratis/2179bdfc-ce7e-44d4-b365-91813f2fe7bb/current/raft-meta.conf
java.io.FileNotFoundException: /github/workspace/mnt/ozone/hadoop-ozone/integration-test/target/test-dir/MiniOzoneClusterImpl-0ee44e4a-5790-445b-bee5-3ef48b2e27da/datanode-1/data/ratis/2179bdfc-ce7e-44d4-b365-91813f2fe7bb/current/raft-meta.conf (No such file or directory)
	at java.io.FileInputStream.open0(Native Method)
	at java.io.FileInputStream.open(FileInputStream.java:195)
	at java.io.FileInputStream.<init>(FileInputStream.java:138)
	at org.apache.ratis.server.storage.RaftStorageImpl.readRaftConfiguration(RaftStorageImpl.java:143)
	at org.apache.ratis.server.impl.ServerState.<init>(ServerState.java:113)
	at org.apache.ratis.server.impl.RaftServerImpl.<init>(RaftServerImpl.java:192)
	at org.apache.ratis.server.impl.RaftServerProxy.lambda$newRaftServerImpl$4(RaftServerProxy.java:266)
	at java.util.concurrent.CompletableFuture$AsyncSupply.run(CompletableFuture.java:1604)
	at java.util.concurrent.ThreadPoolExecutor.runWorker(ThreadPoolExecutor.java:1149)
	at java.util.concurrent.ThreadPoolExecutor$Worker.run(ThreadPoolExecutor.java:624)
	at java.lang.Thread.run(Thread.java:748)
2021-01-10 13:36:34,614 [pool-301-thread-1] INFO  server.RaftServerConfigKeys (ConfUtils.java:logGet(44)) - raft.server.notification.no-leader.timeout = 300s (custom)
2021-01-10 13:36:34,614 [pool-301-thread-1] INFO  server.RaftServerConfigKeys (ConfUtils.java:logGet(44)) - raft.server.log.use.memory = false (default)
2021-01-10 13:36:34,614 [pool-301-thread-1] INFO  server.RaftServerConfigKeys (ConfUtils.java:logGet(44)) - raft.server.log.purge.gap = 1000000 (custom)
2021-01-10 13:36:34,614 [pool-301-thread-1] INFO  server.RaftServerConfigKeys (ConfUtils.java:logGet(44)) - raft.server.log.appender.buffer.byte-limit = 33554432 (custom)
2021-01-10 13:36:34,614 [pool-301-thread-1] INFO  metrics.RatisMetrics (RatisMetrics.java:lambda$create$0(36)) - Creating Metrics Registry : ratis.log_worker.cfe20c21-fb82-45e1-aa84-22b1a6eaba94@group-91813F2FE7BB
2021-01-10 13:36:34,614 [pool-301-thread-1] INFO  server.RaftServerConfigKeys (ConfUtils.java:logGet(44)) - raft.server.log.segment.size.max = 1048576 (custom)
2021-01-10 13:36:34,614 [EventQueue-PipelineReportForOneReplicaPipelineSafeModeRule] INFO  safemode.SCMSafeModeManager (SCMSafeModeManager.java:validateSafeModeExitRules(214)) - AtleastOneDatanodeReportedRule rule is successfully validated
2021-01-10 13:36:34,615 [pool-301-thread-1] INFO  server.RaftServerConfigKeys (ConfUtils.java:logGet(44)) - raft.server.log.segment.cache.num.max = 2 (custom)
2021-01-10 13:36:34,615 [pool-301-thread-1] INFO  server.RaftServerConfigKeys (ConfUtils.java:logGet(44)) - raft.server.log.segment.cache.size.max = 200MB (=209715200) (default)
2021-01-10 13:36:34,616 [pool-301-thread-1] INFO  segmented.SegmentedRaftLogWorker (SegmentedRaftLogWorker.java:<init>(181)) - new cfe20c21-fb82-45e1-aa84-22b1a6eaba94@group-91813F2FE7BB-SegmentedRaftLogWorker for RaftStorageImpl:Storage Directory /github/workspace/mnt/ozone/hadoop-ozone/integration-test/target/test-dir/MiniOzoneClusterImpl-0ee44e4a-5790-445b-bee5-3ef48b2e27da/datanode-1/data/ratis/2179bdfc-ce7e-44d4-b365-91813f2fe7bb
2021-01-10 13:36:34,616 [pool-301-thread-1] INFO  server.RaftServerConfigKeys (ConfUtils.java:logGet(44)) - raft.server.log.queue.byte-limit = 2147483647 (custom)
2021-01-10 13:36:34,616 [pool-301-thread-1] INFO  server.RaftServerConfigKeys (ConfUtils.java:logGet(44)) - raft.server.log.queue.element-limit = 1024 (custom)
2021-01-10 13:36:34,616 [pool-301-thread-1] INFO  server.RaftServerConfigKeys (ConfUtils.java:logGet(44)) - raft.server.log.segment.size.max = 1048576 (custom)
2021-01-10 13:36:34,616 [pool-301-thread-1] INFO  server.RaftServerConfigKeys (ConfUtils.java:logGet(44)) - raft.server.log.preallocated.size = 16384 (custom)
2021-01-10 13:36:34,616 [pool-301-thread-1] INFO  server.RaftServerConfigKeys (ConfUtils.java:logGet(44)) - raft.server.log.force.sync.num = 128 (default)
2021-01-10 13:36:34,616 [pool-301-thread-1] INFO  server.RaftServerConfigKeys (ConfUtils.java:logGet(44)) - raft.server.log.statemachine.data.sync = true (default)
2021-01-10 13:36:34,616 [pool-301-thread-1] INFO  server.RaftServerConfigKeys (ConfUtils.java:logGet(44)) - raft.server.log.statemachine.data.sync.timeout = 10s (default)
2021-01-10 13:36:34,616 [pool-301-thread-1] INFO  server.RaftServerConfigKeys (ConfUtils.java:logGet(44)) - raft.server.log.statemachine.data.sync.timeout.retry = -1 (default)
2021-01-10 13:36:34,617 [pool-301-thread-1] INFO  server.RaftServerConfigKeys (ConfUtils.java:logGet(44)) - raft.server.log.write.buffer.size = 1048576 (custom)
2021-01-10 13:36:34,617 [pool-301-thread-1] INFO  server.RaftServerConfigKeys (ConfUtils.java:logGet(44)) - raft.server.log.statemachine.data.caching.enabled = true (custom)
2021-01-10 13:36:34,617 [pool-301-thread-1] INFO  segmented.SegmentedRaftLogWorker (SegmentedRaftLogWorker.java:lambda$new$0(132)) - cfe20c21-fb82-45e1-aa84-22b1a6eaba94@group-91813F2FE7BB-SegmentedRaftLogWorker: flushIndex: setUnconditionally 0 -> -1
2021-01-10 13:36:34,618 [pool-301-thread-1] INFO  segmented.SegmentedRaftLogWorker (SegmentedRaftLogWorker.java:lambda$new$0(132)) - cfe20c21-fb82-45e1-aa84-22b1a6eaba94@group-91813F2FE7BB-SegmentedRaftLogWorker: safeCacheEvictIndex: setUnconditionally 0 -> -1
2021-01-10 13:36:34,618 [pool-301-thread-1] INFO  server.RaftServerConfigKeys (ConfUtils.java:logGet(44)) - raft.server.snapshot.auto.trigger.enabled = true (custom)
2021-01-10 13:36:34,618 [pool-301-thread-1] INFO  server.RaftServerConfigKeys (ConfUtils.java:logGet(44)) - raft.server.snapshot.auto.trigger.threshold = 10000 (custom)
2021-01-10 13:36:34,618 [pool-301-thread-1] INFO  server.RaftServerConfigKeys (ConfUtils.java:logGet(44)) - raft.server.snapshot.retention.file.num = 5 (custom)
2021-01-10 13:36:34,618 [pool-301-thread-1] INFO  server.RaftServerConfigKeys (ConfUtils.java:logGet(44)) - raft.server.log.purge.upto.snapshot.index = false (default)
2021-01-10 13:36:34,618 [pool-301-thread-1] INFO  server.RaftServerConfigKeys (ConfUtils.java:logGet(44)) - raft.server.retrycache.expirytime = 600000ms (custom)
2021-01-10 13:36:34,618 [pool-301-thread-1] INFO  server.RaftServerConfigKeys (ConfUtils.java:logGet(44)) - raft.server.retrycache.statistics.expirytime = 100?s (default)
2021-01-10 13:36:34,618 [pool-301-thread-1] INFO  metrics.RatisMetrics (RatisMetrics.java:lambda$create$0(36)) - Creating Metrics Registry : ratis.leader_election.cfe20c21-fb82-45e1-aa84-22b1a6eaba94@group-91813F2FE7BB
2021-01-10 13:36:34,618 [pool-301-thread-1] INFO  metrics.RatisMetrics (RatisMetrics.java:lambda$create$0(36)) - Creating Metrics Registry : ratis.server.cfe20c21-fb82-45e1-aa84-22b1a6eaba94@group-91813F2FE7BB
2021-01-10 13:36:34,619 [pool-301-thread-1] INFO  server.RaftServer$Division (RaftServerImpl.java:start(294)) - cfe20c21-fb82-45e1-aa84-22b1a6eaba94@group-91813F2FE7BB: start as a follower, conf=-1: [63b42672-d3a4-4132-9f43-651996da4388|rpc:172.17.0.2:41451|dataStream:|priority:1, 5a30f297-e3d6-40f2-a678-35d09e11e701|rpc:172.17.0.2:34335|dataStream:|priority:0, cfe20c21-fb82-45e1-aa84-22b1a6eaba94|rpc:172.17.0.2:45443|dataStream:|priority:0], old=null
2021-01-10 13:36:34,619 [pool-301-thread-1] INFO  server.RaftServer$Division (RaftServerImpl.java:setRole(283)) - cfe20c21-fb82-45e1-aa84-22b1a6eaba94@group-91813F2FE7BB: changes role from      null to FOLLOWER at term 0 for startAsFollower
2021-01-10 13:36:34,619 [pool-301-thread-1] INFO  impl.RoleInfo (RoleInfo.java:updateAndGet(130)) - cfe20c21-fb82-45e1-aa84-22b1a6eaba94: start cfe20c21-fb82-45e1-aa84-22b1a6eaba94@group-91813F2FE7BB-FollowerState
2021-01-10 13:36:34,620 [pool-301-thread-1] INFO  util.JmxRegister (JmxRegister.java:tryRegister(44)) - Successfully registered JMX Bean with object name Ratis:service=RaftServer,group=group-91813F2FE7BB,id=cfe20c21-fb82-45e1-aa84-22b1a6eaba94
2021-01-10 13:36:34,620 [pool-301-thread-1] INFO  metrics.RatisMetrics (RatisMetrics.java:lambda$create$0(36)) - Creating Metrics Registry : ratis.state_machine.cfe20c21-fb82-45e1-aa84-22b1a6eaba94@group-91813F2FE7BB
2021-01-10 13:36:34,625 [Command processor thread] INFO  commandhandler.CreatePipelineCommandHandler (CreatePipelineCommandHandler.java:handle(106)) - Created Pipeline RATIS THREE PipelineID=2179bdfc-ce7e-44d4-b365-91813f2fe7bb.
2021-01-10 13:36:34,650 [Listener at 127.0.0.1/42999] INFO  ozone.MiniOzoneClusterImpl (MiniOzoneClusterImpl.java:lambda$waitForClusterToBeReady$0(179)) - Waiting for nodes to be ready. Got 4 of 6 DN Heartbeats.
2021-01-10 13:36:34,650 [Listener at 127.0.0.1/42999] INFO  ozone.MiniOzoneClusterImpl (MiniOzoneClusterImpl.java:lambda$waitForClusterToBeReady$0(182)) - Waiting for cluster to exit safe mode
2021-01-10 13:36:34,745 [Command processor thread] INFO  server.RaftServer (RaftServerProxy.java:addNew(95)) - cfe20c21-fb82-45e1-aa84-22b1a6eaba94: addNew group-26D9A5F304AB:[cfe20c21-fb82-45e1-aa84-22b1a6eaba94|rpc:172.17.0.2:45443|priority:1] returns group-26D9A5F304AB:java.util.concurrent.CompletableFuture@2055d71e[Not completed]
2021-01-10 13:36:34,747 [pool-301-thread-1] INFO  server.RaftServer$Division (RaftServerImpl.java:<init>(179)) - cfe20c21-fb82-45e1-aa84-22b1a6eaba94: new RaftServerImpl for group-26D9A5F304AB:[cfe20c21-fb82-45e1-aa84-22b1a6eaba94|rpc:172.17.0.2:45443|priority:1] with ContainerStateMachine:uninitialized
2021-01-10 13:36:34,747 [pool-301-thread-1] INFO  server.RaftServerConfigKeys (ConfUtils.java:logGet(44)) - raft.server.rpc.timeout.min = 5s (custom)
2021-01-10 13:36:34,747 [pool-301-thread-1] INFO  server.RaftServerConfigKeys (ConfUtils.java:logGet(44)) - raft.server.rpc.timeout.max = 5200ms (custom)
2021-01-10 13:36:34,747 [pool-301-thread-1] INFO  server.RaftServerConfigKeys (ConfUtils.java:logGet(44)) - raft.server.rpc.sleep.time = 25ms (default)
2021-01-10 13:36:34,747 [pool-301-thread-1] INFO  server.RaftServerConfigKeys (ConfUtils.java:logGet(44)) - raft.server.rpc.slowness.timeout = 300s (custom)
2021-01-10 13:36:34,747 [pool-301-thread-1] INFO  server.RaftServerConfigKeys (ConfUtils.java:logGet(44)) - raft.server.leaderelection.leader.step-down.wait-time = 10s (default)
2021-01-10 13:36:34,747 [pool-301-thread-1] INFO  server.RaftServerConfigKeys (ConfUtils.java:logGet(44)) - raft.server.sleep.deviation.threshold = 300ms (default)
2021-01-10 13:36:34,747 [pool-301-thread-1] INFO  server.RaftServerConfigKeys (ConfUtils.java:logGet(44)) - raft.server.log.appender.install.snapshot.enabled = false (custom)
2021-01-10 13:36:34,748 [pool-301-thread-1] INFO  server.RaftServer$Division (ServerState.java:<init>(103)) - cfe20c21-fb82-45e1-aa84-22b1a6eaba94@group-26D9A5F304AB: ConfigurationManager, init=-1: [cfe20c21-fb82-45e1-aa84-22b1a6eaba94|rpc:172.17.0.2:45443|priority:1], old=null, confs=<EMPTY_MAP>
2021-01-10 13:36:34,748 [pool-301-thread-1] INFO  server.RaftServerConfigKeys (ConfUtils.java:logGet(44)) - raft.server.storage.dir = [/github/workspace/mnt/ozone/hadoop-ozone/integration-test/target/test-dir/MiniOzoneClusterImpl-0ee44e4a-5790-445b-bee5-3ef48b2e27da/datanode-1/data/ratis] (custom)
2021-01-10 13:36:34,748 [pool-301-thread-1] INFO  server.RaftServerConfigKeys (ConfUtils.java:logGet(44)) - raft.server.log.corruption.policy = EXCEPTION (default)
2021-01-10 13:36:34,748 [pool-301-thread-1] INFO  storage.RaftStorageDirectory (RaftStorageDirectoryImpl.java:analyzeStorage(132)) - The storage directory /github/workspace/mnt/ozone/hadoop-ozone/integration-test/target/test-dir/MiniOzoneClusterImpl-0ee44e4a-5790-445b-bee5-3ef48b2e27da/datanode-1/data/ratis/62ab115a-1b2b-4152-800c-26d9a5f304ab does not exist. Creating ...
2021-01-10 13:36:34,750 [pool-301-thread-1] INFO  storage.RaftStorageDirectory (RaftStorageDirectoryImpl.java:tryLock(215)) - Lock on /github/workspace/mnt/ozone/hadoop-ozone/integration-test/target/test-dir/MiniOzoneClusterImpl-0ee44e4a-5790-445b-bee5-3ef48b2e27da/datanode-1/data/ratis/62ab115a-1b2b-4152-800c-26d9a5f304ab/in_use.lock acquired by nodename 29989@c2cea8100722
2021-01-10 13:36:34,751 [pool-301-thread-1] INFO  storage.RaftStorage (RaftStorageImpl.java:format(87)) - Storage directory /github/workspace/mnt/ozone/hadoop-ozone/integration-test/target/test-dir/MiniOzoneClusterImpl-0ee44e4a-5790-445b-bee5-3ef48b2e27da/datanode-1/data/ratis/62ab115a-1b2b-4152-800c-26d9a5f304ab has been successfully formatted.
2021-01-10 13:36:34,751 [pool-301-thread-1] INFO  ratis.ContainerStateMachine (ContainerStateMachine.java:loadSnapshot(223)) - group-26D9A5F304AB: The snapshot info is null. Setting the last applied indexto:(t:0, i:~)
2021-01-10 13:36:34,752 [pool-301-thread-1] ERROR storage.RaftStorage (RaftStorageImpl.java:readRaftConfiguration(147)) - Failed reading configuration from file:/github/workspace/mnt/ozone/hadoop-ozone/integration-test/target/test-dir/MiniOzoneClusterImpl-0ee44e4a-5790-445b-bee5-3ef48b2e27da/datanode-1/data/ratis/62ab115a-1b2b-4152-800c-26d9a5f304ab/current/raft-meta.conf
java.io.FileNotFoundException: /github/workspace/mnt/ozone/hadoop-ozone/integration-test/target/test-dir/MiniOzoneClusterImpl-0ee44e4a-5790-445b-bee5-3ef48b2e27da/datanode-1/data/ratis/62ab115a-1b2b-4152-800c-26d9a5f304ab/current/raft-meta.conf (No such file or directory)
	at java.io.FileInputStream.open0(Native Method)
	at java.io.FileInputStream.open(FileInputStream.java:195)
	at java.io.FileInputStream.<init>(FileInputStream.java:138)
	at org.apache.ratis.server.storage.RaftStorageImpl.readRaftConfiguration(RaftStorageImpl.java:143)
	at org.apache.ratis.server.impl.ServerState.<init>(ServerState.java:113)
	at org.apache.ratis.server.impl.RaftServerImpl.<init>(RaftServerImpl.java:192)
	at org.apache.ratis.server.impl.RaftServerProxy.lambda$newRaftServerImpl$4(RaftServerProxy.java:266)
	at java.util.concurrent.CompletableFuture$AsyncSupply.run(CompletableFuture.java:1604)
	at java.util.concurrent.ThreadPoolExecutor.runWorker(ThreadPoolExecutor.java:1149)
	at java.util.concurrent.ThreadPoolExecutor$Worker.run(ThreadPoolExecutor.java:624)
	at java.lang.Thread.run(Thread.java:748)
2021-01-10 13:36:34,755 [pool-301-thread-1] INFO  server.RaftServerConfigKeys (ConfUtils.java:logGet(44)) - raft.server.notification.no-leader.timeout = 300s (custom)
2021-01-10 13:36:34,755 [pool-301-thread-1] INFO  server.RaftServerConfigKeys (ConfUtils.java:logGet(44)) - raft.server.log.use.memory = false (default)
2021-01-10 13:36:34,755 [pool-301-thread-1] INFO  server.RaftServerConfigKeys (ConfUtils.java:logGet(44)) - raft.server.log.purge.gap = 1000000 (custom)
2021-01-10 13:36:34,755 [pool-301-thread-1] INFO  server.RaftServerConfigKeys (ConfUtils.java:logGet(44)) - raft.server.log.appender.buffer.byte-limit = 33554432 (custom)
2021-01-10 13:36:34,755 [pool-301-thread-1] INFO  metrics.RatisMetrics (RatisMetrics.java:lambda$create$0(36)) - Creating Metrics Registry : ratis.log_worker.cfe20c21-fb82-45e1-aa84-22b1a6eaba94@group-26D9A5F304AB
2021-01-10 13:36:34,755 [EventQueue-PipelineReportForOneReplicaPipelineSafeModeRule] INFO  safemode.SCMSafeModeManager (SCMSafeModeManager.java:validateSafeModeExitRules(214)) - AtleastOneDatanodeReportedRule rule is successfully validated
2021-01-10 13:36:34,756 [pool-301-thread-1] INFO  server.RaftServerConfigKeys (ConfUtils.java:logGet(44)) - raft.server.log.segment.size.max = 1048576 (custom)
2021-01-10 13:36:34,755 [EventQueue-PipelineReportForPipelineReportHandler] INFO  pipeline.PipelineStateManager (PipelineStateManager.java:openPipeline(132)) - Pipeline Pipeline[ Id: 62ab115a-1b2b-4152-800c-26d9a5f304ab, Nodes: cfe20c21-fb82-45e1-aa84-22b1a6eaba94{ip: 172.17.0.2, host: c2cea8100722, networkLocation: /default-rack, certSerialId: null, persistedOpState: IN_SERVICE, persistedOpStateExpiryEpochSec: 0}, Type:RATIS, Factor:ONE, State:ALLOCATED, leaderId:cfe20c21-fb82-45e1-aa84-22b1a6eaba94, CreationTimestamp2021-01-10T13:36:31.748Z] moved to OPEN state
2021-01-10 13:36:34,756 [EventQueue-OpenPipelineForHealthyPipelineSafeModeRule] INFO  safemode.SCMSafeModeManager (HealthyPipelineSafeModeRule.java:process(128)) - SCM in safe mode. Healthy pipelines reported count is 0, required healthy pipeline reported count is 1
2021-01-10 13:36:34,756 [pool-301-thread-1] INFO  server.RaftServerConfigKeys (ConfUtils.java:logGet(44)) - raft.server.log.segment.cache.num.max = 2 (custom)
2021-01-10 13:36:34,757 [pool-301-thread-1] INFO  server.RaftServerConfigKeys (ConfUtils.java:logGet(44)) - raft.server.log.segment.cache.size.max = 200MB (=209715200) (default)
2021-01-10 13:36:34,757 [pool-301-thread-1] INFO  segmented.SegmentedRaftLogWorker (SegmentedRaftLogWorker.java:<init>(181)) - new cfe20c21-fb82-45e1-aa84-22b1a6eaba94@group-26D9A5F304AB-SegmentedRaftLogWorker for RaftStorageImpl:Storage Directory /github/workspace/mnt/ozone/hadoop-ozone/integration-test/target/test-dir/MiniOzoneClusterImpl-0ee44e4a-5790-445b-bee5-3ef48b2e27da/datanode-1/data/ratis/62ab115a-1b2b-4152-800c-26d9a5f304ab
2021-01-10 13:36:34,757 [pool-301-thread-1] INFO  server.RaftServerConfigKeys (ConfUtils.java:logGet(44)) - raft.server.log.queue.byte-limit = 2147483647 (custom)
2021-01-10 13:36:34,757 [pool-301-thread-1] INFO  server.RaftServerConfigKeys (ConfUtils.java:logGet(44)) - raft.server.log.queue.element-limit = 1024 (custom)
2021-01-10 13:36:34,757 [pool-301-thread-1] INFO  server.RaftServerConfigKeys (ConfUtils.java:logGet(44)) - raft.server.log.segment.size.max = 1048576 (custom)
2021-01-10 13:36:34,757 [pool-301-thread-1] INFO  server.RaftServerConfigKeys (ConfUtils.java:logGet(44)) - raft.server.log.preallocated.size = 16384 (custom)
2021-01-10 13:36:34,757 [pool-301-thread-1] INFO  server.RaftServerConfigKeys (ConfUtils.java:logGet(44)) - raft.server.log.force.sync.num = 128 (default)
2021-01-10 13:36:34,757 [pool-301-thread-1] INFO  server.RaftServerConfigKeys (ConfUtils.java:logGet(44)) - raft.server.log.statemachine.data.sync = true (default)
2021-01-10 13:36:34,757 [pool-301-thread-1] INFO  server.RaftServerConfigKeys (ConfUtils.java:logGet(44)) - raft.server.log.statemachine.data.sync.timeout = 10s (default)
2021-01-10 13:36:34,757 [pool-301-thread-1] INFO  server.RaftServerConfigKeys (ConfUtils.java:logGet(44)) - raft.server.log.statemachine.data.sync.timeout.retry = -1 (default)
2021-01-10 13:36:34,758 [pool-301-thread-1] INFO  server.RaftServerConfigKeys (ConfUtils.java:logGet(44)) - raft.server.log.write.buffer.size = 1048576 (custom)
2021-01-10 13:36:34,759 [pool-301-thread-1] INFO  server.RaftServerConfigKeys (ConfUtils.java:logGet(44)) - raft.server.log.statemachine.data.caching.enabled = true (custom)
2021-01-10 13:36:34,759 [pool-301-thread-1] INFO  segmented.SegmentedRaftLogWorker (SegmentedRaftLogWorker.java:lambda$new$0(132)) - cfe20c21-fb82-45e1-aa84-22b1a6eaba94@group-26D9A5F304AB-SegmentedRaftLogWorker: flushIndex: setUnconditionally 0 -> -1
2021-01-10 13:36:34,759 [pool-301-thread-1] INFO  segmented.SegmentedRaftLogWorker (SegmentedRaftLogWorker.java:lambda$new$0(132)) - cfe20c21-fb82-45e1-aa84-22b1a6eaba94@group-26D9A5F304AB-SegmentedRaftLogWorker: safeCacheEvictIndex: setUnconditionally 0 -> -1
2021-01-10 13:36:34,759 [pool-301-thread-1] INFO  server.RaftServerConfigKeys (ConfUtils.java:logGet(44)) - raft.server.snapshot.auto.trigger.enabled = true (custom)
2021-01-10 13:36:34,759 [pool-301-thread-1] INFO  server.RaftServerConfigKeys (ConfUtils.java:logGet(44)) - raft.server.snapshot.auto.trigger.threshold = 10000 (custom)
2021-01-10 13:36:34,759 [pool-301-thread-1] INFO  server.RaftServerConfigKeys (ConfUtils.java:logGet(44)) - raft.server.snapshot.retention.file.num = 5 (custom)
2021-01-10 13:36:34,759 [pool-301-thread-1] INFO  server.RaftServerConfigKeys (ConfUtils.java:logGet(44)) - raft.server.log.purge.upto.snapshot.index = false (default)
2021-01-10 13:36:34,759 [pool-301-thread-1] INFO  server.RaftServerConfigKeys (ConfUtils.java:logGet(44)) - raft.server.retrycache.expirytime = 600000ms (custom)
2021-01-10 13:36:34,759 [pool-301-thread-1] INFO  server.RaftServerConfigKeys (ConfUtils.java:logGet(44)) - raft.server.retrycache.statistics.expirytime = 100?s (default)
2021-01-10 13:36:34,759 [pool-301-thread-1] INFO  metrics.RatisMetrics (RatisMetrics.java:lambda$create$0(36)) - Creating Metrics Registry : ratis.leader_election.cfe20c21-fb82-45e1-aa84-22b1a6eaba94@group-26D9A5F304AB
2021-01-10 13:36:34,760 [pool-301-thread-1] INFO  metrics.RatisMetrics (RatisMetrics.java:lambda$create$0(36)) - Creating Metrics Registry : ratis.server.cfe20c21-fb82-45e1-aa84-22b1a6eaba94@group-26D9A5F304AB
2021-01-10 13:36:34,761 [pool-301-thread-1] INFO  server.RaftServer$Division (RaftServerImpl.java:start(294)) - cfe20c21-fb82-45e1-aa84-22b1a6eaba94@group-26D9A5F304AB: start as a follower, conf=-1: [cfe20c21-fb82-45e1-aa84-22b1a6eaba94|rpc:172.17.0.2:45443|priority:1], old=null
2021-01-10 13:36:34,761 [pool-301-thread-1] INFO  server.RaftServer$Division (RaftServerImpl.java:setRole(283)) - cfe20c21-fb82-45e1-aa84-22b1a6eaba94@group-26D9A5F304AB: changes role from      null to FOLLOWER at term 0 for startAsFollower
2021-01-10 13:36:34,761 [pool-301-thread-1] INFO  impl.RoleInfo (RoleInfo.java:updateAndGet(130)) - cfe20c21-fb82-45e1-aa84-22b1a6eaba94: start cfe20c21-fb82-45e1-aa84-22b1a6eaba94@group-26D9A5F304AB-FollowerState
2021-01-10 13:36:34,766 [pool-301-thread-1] INFO  util.JmxRegister (JmxRegister.java:tryRegister(44)) - Successfully registered JMX Bean with object name Ratis:service=RaftServer,group=group-26D9A5F304AB,id=cfe20c21-fb82-45e1-aa84-22b1a6eaba94
2021-01-10 13:36:34,766 [pool-301-thread-1] INFO  metrics.RatisMetrics (RatisMetrics.java:lambda$create$0(36)) - Creating Metrics Registry : ratis.state_machine.cfe20c21-fb82-45e1-aa84-22b1a6eaba94@group-26D9A5F304AB
2021-01-10 13:36:34,768 [Command processor thread] INFO  commandhandler.CreatePipelineCommandHandler (CreatePipelineCommandHandler.java:handle(106)) - Created Pipeline RATIS ONE PipelineID=62ab115a-1b2b-4152-800c-26d9a5f304ab.
2021-01-10 13:36:34,975 [Command processor thread] INFO  server.RaftServer (RaftServerProxy.java:addNew(95)) - 63b42672-d3a4-4132-9f43-651996da4388: addNew group-CEBC98829C2B:[63b42672-d3a4-4132-9f43-651996da4388|rpc:172.17.0.2:41451|priority:1] returns group-CEBC98829C2B:java.util.concurrent.CompletableFuture@711d270d[Not completed]
2021-01-10 13:36:34,976 [pool-317-thread-1] INFO  server.RaftServer$Division (RaftServerImpl.java:<init>(179)) - 63b42672-d3a4-4132-9f43-651996da4388: new RaftServerImpl for group-CEBC98829C2B:[63b42672-d3a4-4132-9f43-651996da4388|rpc:172.17.0.2:41451|priority:1] with ContainerStateMachine:uninitialized
2021-01-10 13:36:34,976 [pool-317-thread-1] INFO  server.RaftServerConfigKeys (ConfUtils.java:logGet(44)) - raft.server.rpc.timeout.min = 5s (custom)
2021-01-10 13:36:34,977 [pool-317-thread-1] INFO  server.RaftServerConfigKeys (ConfUtils.java:logGet(44)) - raft.server.rpc.timeout.max = 5200ms (custom)
2021-01-10 13:36:34,977 [pool-317-thread-1] INFO  server.RaftServerConfigKeys (ConfUtils.java:logGet(44)) - raft.server.rpc.sleep.time = 25ms (default)
2021-01-10 13:36:34,977 [pool-317-thread-1] INFO  server.RaftServerConfigKeys (ConfUtils.java:logGet(44)) - raft.server.rpc.slowness.timeout = 300s (custom)
2021-01-10 13:36:34,977 [pool-317-thread-1] INFO  server.RaftServerConfigKeys (ConfUtils.java:logGet(44)) - raft.server.leaderelection.leader.step-down.wait-time = 10s (default)
2021-01-10 13:36:34,977 [pool-317-thread-1] INFO  server.RaftServerConfigKeys (ConfUtils.java:logGet(44)) - raft.server.sleep.deviation.threshold = 300ms (default)
2021-01-10 13:36:34,977 [pool-317-thread-1] INFO  server.RaftServerConfigKeys (ConfUtils.java:logGet(44)) - raft.server.log.appender.install.snapshot.enabled = false (custom)
2021-01-10 13:36:34,977 [pool-317-thread-1] INFO  server.RaftServer$Division (ServerState.java:<init>(103)) - 63b42672-d3a4-4132-9f43-651996da4388@group-CEBC98829C2B: ConfigurationManager, init=-1: [63b42672-d3a4-4132-9f43-651996da4388|rpc:172.17.0.2:41451|priority:1], old=null, confs=<EMPTY_MAP>
2021-01-10 13:36:34,977 [pool-317-thread-1] INFO  server.RaftServerConfigKeys (ConfUtils.java:logGet(44)) - raft.server.storage.dir = [/github/workspace/mnt/ozone/hadoop-ozone/integration-test/target/test-dir/MiniOzoneClusterImpl-0ee44e4a-5790-445b-bee5-3ef48b2e27da/datanode-2/data/ratis] (custom)
2021-01-10 13:36:34,978 [pool-317-thread-1] INFO  server.RaftServerConfigKeys (ConfUtils.java:logGet(44)) - raft.server.log.corruption.policy = EXCEPTION (default)
2021-01-10 13:36:34,978 [pool-317-thread-1] INFO  storage.RaftStorageDirectory (RaftStorageDirectoryImpl.java:analyzeStorage(132)) - The storage directory /github/workspace/mnt/ozone/hadoop-ozone/integration-test/target/test-dir/MiniOzoneClusterImpl-0ee44e4a-5790-445b-bee5-3ef48b2e27da/datanode-2/data/ratis/6bc86d6c-fd7a-4694-9305-cebc98829c2b does not exist. Creating ...
2021-01-10 13:36:34,979 [pool-317-thread-1] INFO  storage.RaftStorageDirectory (RaftStorageDirectoryImpl.java:tryLock(215)) - Lock on /github/workspace/mnt/ozone/hadoop-ozone/integration-test/target/test-dir/MiniOzoneClusterImpl-0ee44e4a-5790-445b-bee5-3ef48b2e27da/datanode-2/data/ratis/6bc86d6c-fd7a-4694-9305-cebc98829c2b/in_use.lock acquired by nodename 29989@c2cea8100722
2021-01-10 13:36:34,980 [pool-317-thread-1] INFO  storage.RaftStorage (RaftStorageImpl.java:format(87)) - Storage directory /github/workspace/mnt/ozone/hadoop-ozone/integration-test/target/test-dir/MiniOzoneClusterImpl-0ee44e4a-5790-445b-bee5-3ef48b2e27da/datanode-2/data/ratis/6bc86d6c-fd7a-4694-9305-cebc98829c2b has been successfully formatted.
2021-01-10 13:36:34,980 [pool-317-thread-1] INFO  ratis.ContainerStateMachine (ContainerStateMachine.java:loadSnapshot(223)) - group-CEBC98829C2B: The snapshot info is null. Setting the last applied indexto:(t:0, i:~)
2021-01-10 13:36:34,980 [pool-317-thread-1] ERROR storage.RaftStorage (RaftStorageImpl.java:readRaftConfiguration(147)) - Failed reading configuration from file:/github/workspace/mnt/ozone/hadoop-ozone/integration-test/target/test-dir/MiniOzoneClusterImpl-0ee44e4a-5790-445b-bee5-3ef48b2e27da/datanode-2/data/ratis/6bc86d6c-fd7a-4694-9305-cebc98829c2b/current/raft-meta.conf
java.io.FileNotFoundException: /github/workspace/mnt/ozone/hadoop-ozone/integration-test/target/test-dir/MiniOzoneClusterImpl-0ee44e4a-5790-445b-bee5-3ef48b2e27da/datanode-2/data/ratis/6bc86d6c-fd7a-4694-9305-cebc98829c2b/current/raft-meta.conf (No such file or directory)
	at java.io.FileInputStream.open0(Native Method)
	at java.io.FileInputStream.open(FileInputStream.java:195)
	at java.io.FileInputStream.<init>(FileInputStream.java:138)
	at org.apache.ratis.server.storage.RaftStorageImpl.readRaftConfiguration(RaftStorageImpl.java:143)
	at org.apache.ratis.server.impl.ServerState.<init>(ServerState.java:113)
	at org.apache.ratis.server.impl.RaftServerImpl.<init>(RaftServerImpl.java:192)
	at org.apache.ratis.server.impl.RaftServerProxy.lambda$newRaftServerImpl$4(RaftServerProxy.java:266)
	at java.util.concurrent.CompletableFuture$AsyncSupply.run(CompletableFuture.java:1604)
	at java.util.concurrent.ThreadPoolExecutor.runWorker(ThreadPoolExecutor.java:1149)
	at java.util.concurrent.ThreadPoolExecutor$Worker.run(ThreadPoolExecutor.java:624)
	at java.lang.Thread.run(Thread.java:748)
2021-01-10 13:36:34,981 [pool-317-thread-1] INFO  server.RaftServerConfigKeys (ConfUtils.java:logGet(44)) - raft.server.notification.no-leader.timeout = 300s (custom)
2021-01-10 13:36:34,981 [pool-317-thread-1] INFO  server.RaftServerConfigKeys (ConfUtils.java:logGet(44)) - raft.server.log.use.memory = false (default)
2021-01-10 13:36:34,981 [pool-317-thread-1] INFO  server.RaftServerConfigKeys (ConfUtils.java:logGet(44)) - raft.server.log.purge.gap = 1000000 (custom)
2021-01-10 13:36:34,981 [EventQueue-PipelineReportForOneReplicaPipelineSafeModeRule] INFO  safemode.SCMSafeModeManager (SCMSafeModeManager.java:validateSafeModeExitRules(214)) - AtleastOneDatanodeReportedRule rule is successfully validated
2021-01-10 13:36:34,981 [pool-317-thread-1] INFO  server.RaftServerConfigKeys (ConfUtils.java:logGet(44)) - raft.server.log.appender.buffer.byte-limit = 33554432 (custom)
2021-01-10 13:36:34,982 [pool-317-thread-1] INFO  metrics.RatisMetrics (RatisMetrics.java:lambda$create$0(36)) - Creating Metrics Registry : ratis.log_worker.63b42672-d3a4-4132-9f43-651996da4388@group-CEBC98829C2B
2021-01-10 13:36:34,981 [EventQueue-PipelineReportForPipelineReportHandler] INFO  pipeline.PipelineStateManager (PipelineStateManager.java:openPipeline(132)) - Pipeline Pipeline[ Id: 6bc86d6c-fd7a-4694-9305-cebc98829c2b, Nodes: 63b42672-d3a4-4132-9f43-651996da4388{ip: 172.17.0.2, host: c2cea8100722, networkLocation: /default-rack, certSerialId: null, persistedOpState: IN_SERVICE, persistedOpStateExpiryEpochSec: 0}, Type:RATIS, Factor:ONE, State:ALLOCATED, leaderId:63b42672-d3a4-4132-9f43-651996da4388, CreationTimestamp2021-01-10T13:36:31.977Z] moved to OPEN state
2021-01-10 13:36:34,982 [pool-317-thread-1] INFO  server.RaftServerConfigKeys (ConfUtils.java:logGet(44)) - raft.server.log.segment.size.max = 1048576 (custom)
2021-01-10 13:36:34,982 [EventQueue-OpenPipelineForHealthyPipelineSafeModeRule] INFO  safemode.SCMSafeModeManager (HealthyPipelineSafeModeRule.java:process(128)) - SCM in safe mode. Healthy pipelines reported count is 0, required healthy pipeline reported count is 1
2021-01-10 13:36:34,985 [pool-317-thread-1] INFO  server.RaftServerConfigKeys (ConfUtils.java:logGet(44)) - raft.server.log.segment.cache.num.max = 2 (custom)
2021-01-10 13:36:34,985 [pool-317-thread-1] INFO  server.RaftServerConfigKeys (ConfUtils.java:logGet(44)) - raft.server.log.segment.cache.size.max = 200MB (=209715200) (default)
2021-01-10 13:36:34,985 [pool-317-thread-1] INFO  segmented.SegmentedRaftLogWorker (SegmentedRaftLogWorker.java:<init>(181)) - new 63b42672-d3a4-4132-9f43-651996da4388@group-CEBC98829C2B-SegmentedRaftLogWorker for RaftStorageImpl:Storage Directory /github/workspace/mnt/ozone/hadoop-ozone/integration-test/target/test-dir/MiniOzoneClusterImpl-0ee44e4a-5790-445b-bee5-3ef48b2e27da/datanode-2/data/ratis/6bc86d6c-fd7a-4694-9305-cebc98829c2b
2021-01-10 13:36:34,985 [pool-317-thread-1] INFO  server.RaftServerConfigKeys (ConfUtils.java:logGet(44)) - raft.server.log.queue.byte-limit = 2147483647 (custom)
2021-01-10 13:36:34,986 [pool-317-thread-1] INFO  server.RaftServerConfigKeys (ConfUtils.java:logGet(44)) - raft.server.log.queue.element-limit = 1024 (custom)
2021-01-10 13:36:34,986 [pool-317-thread-1] INFO  server.RaftServerConfigKeys (ConfUtils.java:logGet(44)) - raft.server.log.segment.size.max = 1048576 (custom)
2021-01-10 13:36:34,986 [pool-317-thread-1] INFO  server.RaftServerConfigKeys (ConfUtils.java:logGet(44)) - raft.server.log.preallocated.size = 16384 (custom)
2021-01-10 13:36:34,986 [pool-317-thread-1] INFO  server.RaftServerConfigKeys (ConfUtils.java:logGet(44)) - raft.server.log.force.sync.num = 128 (default)
2021-01-10 13:36:34,986 [pool-317-thread-1] INFO  server.RaftServerConfigKeys (ConfUtils.java:logGet(44)) - raft.server.log.statemachine.data.sync = true (default)
2021-01-10 13:36:34,986 [pool-317-thread-1] INFO  server.RaftServerConfigKeys (ConfUtils.java:logGet(44)) - raft.server.log.statemachine.data.sync.timeout = 10s (default)
2021-01-10 13:36:34,986 [pool-317-thread-1] INFO  server.RaftServerConfigKeys (ConfUtils.java:logGet(44)) - raft.server.log.statemachine.data.sync.timeout.retry = -1 (default)
2021-01-10 13:36:34,997 [pool-317-thread-1] INFO  server.RaftServerConfigKeys (ConfUtils.java:logGet(44)) - raft.server.log.write.buffer.size = 1048576 (custom)
2021-01-10 13:36:34,997 [pool-317-thread-1] INFO  server.RaftServerConfigKeys (ConfUtils.java:logGet(44)) - raft.server.log.statemachine.data.caching.enabled = true (custom)
2021-01-10 13:36:34,998 [pool-317-thread-1] INFO  segmented.SegmentedRaftLogWorker (SegmentedRaftLogWorker.java:lambda$new$0(132)) - 63b42672-d3a4-4132-9f43-651996da4388@group-CEBC98829C2B-SegmentedRaftLogWorker: flushIndex: setUnconditionally 0 -> -1
2021-01-10 13:36:34,998 [pool-317-thread-1] INFO  segmented.SegmentedRaftLogWorker (SegmentedRaftLogWorker.java:lambda$new$0(132)) - 63b42672-d3a4-4132-9f43-651996da4388@group-CEBC98829C2B-SegmentedRaftLogWorker: safeCacheEvictIndex: setUnconditionally 0 -> -1
2021-01-10 13:36:34,998 [pool-317-thread-1] INFO  server.RaftServerConfigKeys (ConfUtils.java:logGet(44)) - raft.server.snapshot.auto.trigger.enabled = true (custom)
2021-01-10 13:36:34,998 [pool-317-thread-1] INFO  server.RaftServerConfigKeys (ConfUtils.java:logGet(44)) - raft.server.snapshot.auto.trigger.threshold = 10000 (custom)
2021-01-10 13:36:34,998 [pool-317-thread-1] INFO  server.RaftServerConfigKeys (ConfUtils.java:logGet(44)) - raft.server.snapshot.retention.file.num = 5 (custom)
2021-01-10 13:36:34,998 [pool-317-thread-1] INFO  server.RaftServerConfigKeys (ConfUtils.java:logGet(44)) - raft.server.log.purge.upto.snapshot.index = false (default)
2021-01-10 13:36:34,998 [pool-317-thread-1] INFO  server.RaftServerConfigKeys (ConfUtils.java:logGet(44)) - raft.server.retrycache.expirytime = 600000ms (custom)
2021-01-10 13:36:34,998 [pool-317-thread-1] INFO  server.RaftServerConfigKeys (ConfUtils.java:logGet(44)) - raft.server.retrycache.statistics.expirytime = 100?s (default)
2021-01-10 13:36:34,998 [pool-317-thread-1] INFO  metrics.RatisMetrics (RatisMetrics.java:lambda$create$0(36)) - Creating Metrics Registry : ratis.leader_election.63b42672-d3a4-4132-9f43-651996da4388@group-CEBC98829C2B
2021-01-10 13:36:34,999 [pool-317-thread-1] INFO  metrics.RatisMetrics (RatisMetrics.java:lambda$create$0(36)) - Creating Metrics Registry : ratis.server.63b42672-d3a4-4132-9f43-651996da4388@group-CEBC98829C2B
2021-01-10 13:36:35,000 [pool-317-thread-1] INFO  server.RaftServer$Division (RaftServerImpl.java:start(294)) - 63b42672-d3a4-4132-9f43-651996da4388@group-CEBC98829C2B: start as a follower, conf=-1: [63b42672-d3a4-4132-9f43-651996da4388|rpc:172.17.0.2:41451|priority:1], old=null
2021-01-10 13:36:35,000 [pool-317-thread-1] INFO  server.RaftServer$Division (RaftServerImpl.java:setRole(283)) - 63b42672-d3a4-4132-9f43-651996da4388@group-CEBC98829C2B: changes role from      null to FOLLOWER at term 0 for startAsFollower
2021-01-10 13:36:35,000 [pool-317-thread-1] INFO  impl.RoleInfo (RoleInfo.java:updateAndGet(130)) - 63b42672-d3a4-4132-9f43-651996da4388: start 63b42672-d3a4-4132-9f43-651996da4388@group-CEBC98829C2B-FollowerState
2021-01-10 13:36:35,000 [pool-317-thread-1] INFO  util.JmxRegister (JmxRegister.java:tryRegister(44)) - Successfully registered JMX Bean with object name Ratis:service=RaftServer,group=group-CEBC98829C2B,id=63b42672-d3a4-4132-9f43-651996da4388
2021-01-10 13:36:35,000 [pool-317-thread-1] INFO  metrics.RatisMetrics (RatisMetrics.java:lambda$create$0(36)) - Creating Metrics Registry : ratis.state_machine.63b42672-d3a4-4132-9f43-651996da4388@group-CEBC98829C2B
2021-01-10 13:36:35,001 [Command processor thread] INFO  commandhandler.CreatePipelineCommandHandler (CreatePipelineCommandHandler.java:handle(106)) - Created Pipeline RATIS ONE PipelineID=6bc86d6c-fd7a-4694-9305-cebc98829c2b.
2021-01-10 13:36:35,277 [Command processor thread] INFO  server.RaftServer (RaftServerProxy.java:addNew(95)) - b3570078-f6e2-4b7a-8962-99d3351b1084: addNew group-B5BE2ECB6F3C:[b3570078-f6e2-4b7a-8962-99d3351b1084|rpc:172.17.0.2:45597|priority:1] returns group-B5BE2ECB6F3C:java.util.concurrent.CompletableFuture@546cbe61[Not completed]
2021-01-10 13:36:35,278 [EventQueue-PipelineReportForOneReplicaPipelineSafeModeRule] INFO  safemode.SCMSafeModeManager (SCMSafeModeManager.java:validateSafeModeExitRules(214)) - AtleastOneDatanodeReportedRule rule is successfully validated
2021-01-10 13:36:35,279 [pool-333-thread-1] INFO  server.RaftServer$Division (RaftServerImpl.java:<init>(179)) - b3570078-f6e2-4b7a-8962-99d3351b1084: new RaftServerImpl for group-B5BE2ECB6F3C:[b3570078-f6e2-4b7a-8962-99d3351b1084|rpc:172.17.0.2:45597|priority:1] with ContainerStateMachine:uninitialized
2021-01-10 13:36:35,280 [pool-333-thread-1] INFO  server.RaftServerConfigKeys (ConfUtils.java:logGet(44)) - raft.server.rpc.timeout.min = 5s (custom)
2021-01-10 13:36:35,281 [pool-333-thread-1] INFO  server.RaftServerConfigKeys (ConfUtils.java:logGet(44)) - raft.server.rpc.timeout.max = 5200ms (custom)
2021-01-10 13:36:35,281 [pool-333-thread-1] INFO  server.RaftServerConfigKeys (ConfUtils.java:logGet(44)) - raft.server.rpc.sleep.time = 25ms (default)
2021-01-10 13:36:35,281 [pool-333-thread-1] INFO  server.RaftServerConfigKeys (ConfUtils.java:logGet(44)) - raft.server.rpc.slowness.timeout = 300s (custom)
2021-01-10 13:36:35,281 [pool-333-thread-1] INFO  server.RaftServerConfigKeys (ConfUtils.java:logGet(44)) - raft.server.leaderelection.leader.step-down.wait-time = 10s (default)
2021-01-10 13:36:35,281 [pool-333-thread-1] INFO  server.RaftServerConfigKeys (ConfUtils.java:logGet(44)) - raft.server.sleep.deviation.threshold = 300ms (default)
2021-01-10 13:36:35,281 [pool-333-thread-1] INFO  server.RaftServerConfigKeys (ConfUtils.java:logGet(44)) - raft.server.log.appender.install.snapshot.enabled = false (custom)
2021-01-10 13:36:35,281 [pool-333-thread-1] INFO  server.RaftServer$Division (ServerState.java:<init>(103)) - b3570078-f6e2-4b7a-8962-99d3351b1084@group-B5BE2ECB6F3C: ConfigurationManager, init=-1: [b3570078-f6e2-4b7a-8962-99d3351b1084|rpc:172.17.0.2:45597|priority:1], old=null, confs=<EMPTY_MAP>
2021-01-10 13:36:35,281 [pool-333-thread-1] INFO  server.RaftServerConfigKeys (ConfUtils.java:logGet(44)) - raft.server.storage.dir = [/github/workspace/mnt/ozone/hadoop-ozone/integration-test/target/test-dir/MiniOzoneClusterImpl-0ee44e4a-5790-445b-bee5-3ef48b2e27da/datanode-3/data/ratis] (custom)
2021-01-10 13:36:35,281 [pool-333-thread-1] INFO  server.RaftServerConfigKeys (ConfUtils.java:logGet(44)) - raft.server.log.corruption.policy = EXCEPTION (default)
2021-01-10 13:36:35,282 [pool-333-thread-1] INFO  storage.RaftStorageDirectory (RaftStorageDirectoryImpl.java:analyzeStorage(132)) - The storage directory /github/workspace/mnt/ozone/hadoop-ozone/integration-test/target/test-dir/MiniOzoneClusterImpl-0ee44e4a-5790-445b-bee5-3ef48b2e27da/datanode-3/data/ratis/1b1f00ab-c54d-4fd5-a7f1-b5be2ecb6f3c does not exist. Creating ...
2021-01-10 13:36:35,282 [pool-333-thread-1] INFO  storage.RaftStorageDirectory (RaftStorageDirectoryImpl.java:tryLock(215)) - Lock on /github/workspace/mnt/ozone/hadoop-ozone/integration-test/target/test-dir/MiniOzoneClusterImpl-0ee44e4a-5790-445b-bee5-3ef48b2e27da/datanode-3/data/ratis/1b1f00ab-c54d-4fd5-a7f1-b5be2ecb6f3c/in_use.lock acquired by nodename 29989@c2cea8100722
2021-01-10 13:36:35,283 [pool-333-thread-1] INFO  storage.RaftStorage (RaftStorageImpl.java:format(87)) - Storage directory /github/workspace/mnt/ozone/hadoop-ozone/integration-test/target/test-dir/MiniOzoneClusterImpl-0ee44e4a-5790-445b-bee5-3ef48b2e27da/datanode-3/data/ratis/1b1f00ab-c54d-4fd5-a7f1-b5be2ecb6f3c has been successfully formatted.
2021-01-10 13:36:35,284 [pool-333-thread-1] INFO  ratis.ContainerStateMachine (ContainerStateMachine.java:loadSnapshot(223)) - group-B5BE2ECB6F3C: The snapshot info is null. Setting the last applied indexto:(t:0, i:~)
2021-01-10 13:36:35,284 [pool-333-thread-1] ERROR storage.RaftStorage (RaftStorageImpl.java:readRaftConfiguration(147)) - Failed reading configuration from file:/github/workspace/mnt/ozone/hadoop-ozone/integration-test/target/test-dir/MiniOzoneClusterImpl-0ee44e4a-5790-445b-bee5-3ef48b2e27da/datanode-3/data/ratis/1b1f00ab-c54d-4fd5-a7f1-b5be2ecb6f3c/current/raft-meta.conf
java.io.FileNotFoundException: /github/workspace/mnt/ozone/hadoop-ozone/integration-test/target/test-dir/MiniOzoneClusterImpl-0ee44e4a-5790-445b-bee5-3ef48b2e27da/datanode-3/data/ratis/1b1f00ab-c54d-4fd5-a7f1-b5be2ecb6f3c/current/raft-meta.conf (No such file or directory)
	at java.io.FileInputStream.open0(Native Method)
	at java.io.FileInputStream.open(FileInputStream.java:195)
	at java.io.FileInputStream.<init>(FileInputStream.java:138)
	at org.apache.ratis.server.storage.RaftStorageImpl.readRaftConfiguration(RaftStorageImpl.java:143)
	at org.apache.ratis.server.impl.ServerState.<init>(ServerState.java:113)
	at org.apache.ratis.server.impl.RaftServerImpl.<init>(RaftServerImpl.java:192)
	at org.apache.ratis.server.impl.RaftServerProxy.lambda$newRaftServerImpl$4(RaftServerProxy.java:266)
	at java.util.concurrent.CompletableFuture$AsyncSupply.run(CompletableFuture.java:1604)
	at java.util.concurrent.ThreadPoolExecutor.runWorker(ThreadPoolExecutor.java:1149)
	at java.util.concurrent.ThreadPoolExecutor$Worker.run(ThreadPoolExecutor.java:624)
	at java.lang.Thread.run(Thread.java:748)
2021-01-10 13:36:35,284 [pool-333-thread-1] INFO  server.RaftServerConfigKeys (ConfUtils.java:logGet(44)) - raft.server.notification.no-leader.timeout = 300s (custom)
2021-01-10 13:36:35,284 [pool-333-thread-1] INFO  server.RaftServerConfigKeys (ConfUtils.java:logGet(44)) - raft.server.log.use.memory = false (default)
2021-01-10 13:36:35,284 [pool-333-thread-1] INFO  server.RaftServerConfigKeys (ConfUtils.java:logGet(44)) - raft.server.log.purge.gap = 1000000 (custom)
2021-01-10 13:36:35,284 [pool-333-thread-1] INFO  server.RaftServerConfigKeys (ConfUtils.java:logGet(44)) - raft.server.log.appender.buffer.byte-limit = 33554432 (custom)
2021-01-10 13:36:35,284 [pool-333-thread-1] INFO  metrics.RatisMetrics (RatisMetrics.java:lambda$create$0(36)) - Creating Metrics Registry : ratis.log_worker.b3570078-f6e2-4b7a-8962-99d3351b1084@group-B5BE2ECB6F3C
2021-01-10 13:36:35,284 [pool-333-thread-1] INFO  server.RaftServerConfigKeys (ConfUtils.java:logGet(44)) - raft.server.log.segment.size.max = 1048576 (custom)
2021-01-10 13:36:35,285 [EventQueue-PipelineReportForPipelineReportHandler] INFO  pipeline.PipelineStateManager (PipelineStateManager.java:openPipeline(132)) - Pipeline Pipeline[ Id: 1b1f00ab-c54d-4fd5-a7f1-b5be2ecb6f3c, Nodes: b3570078-f6e2-4b7a-8962-99d3351b1084{ip: 172.17.0.2, host: c2cea8100722, networkLocation: /default-rack, certSerialId: null, persistedOpState: IN_SERVICE, persistedOpStateExpiryEpochSec: 0}, Type:RATIS, Factor:ONE, State:ALLOCATED, leaderId:b3570078-f6e2-4b7a-8962-99d3351b1084, CreationTimestamp2021-01-10T13:36:32.280Z] moved to OPEN state
2021-01-10 13:36:35,285 [EventQueue-OpenPipelineForHealthyPipelineSafeModeRule] INFO  safemode.SCMSafeModeManager (HealthyPipelineSafeModeRule.java:process(128)) - SCM in safe mode. Healthy pipelines reported count is 0, required healthy pipeline reported count is 1
2021-01-10 13:36:35,285 [pool-333-thread-1] INFO  server.RaftServerConfigKeys (ConfUtils.java:logGet(44)) - raft.server.log.segment.cache.num.max = 2 (custom)
2021-01-10 13:36:35,286 [pool-333-thread-1] INFO  server.RaftServerConfigKeys (ConfUtils.java:logGet(44)) - raft.server.log.segment.cache.size.max = 200MB (=209715200) (default)
2021-01-10 13:36:35,286 [pool-333-thread-1] INFO  segmented.SegmentedRaftLogWorker (SegmentedRaftLogWorker.java:<init>(181)) - new b3570078-f6e2-4b7a-8962-99d3351b1084@group-B5BE2ECB6F3C-SegmentedRaftLogWorker for RaftStorageImpl:Storage Directory /github/workspace/mnt/ozone/hadoop-ozone/integration-test/target/test-dir/MiniOzoneClusterImpl-0ee44e4a-5790-445b-bee5-3ef48b2e27da/datanode-3/data/ratis/1b1f00ab-c54d-4fd5-a7f1-b5be2ecb6f3c
2021-01-10 13:36:35,286 [pool-333-thread-1] INFO  server.RaftServerConfigKeys (ConfUtils.java:logGet(44)) - raft.server.log.queue.byte-limit = 2147483647 (custom)
2021-01-10 13:36:35,286 [pool-333-thread-1] INFO  server.RaftServerConfigKeys (ConfUtils.java:logGet(44)) - raft.server.log.queue.element-limit = 1024 (custom)
2021-01-10 13:36:35,286 [pool-333-thread-1] INFO  server.RaftServerConfigKeys (ConfUtils.java:logGet(44)) - raft.server.log.segment.size.max = 1048576 (custom)
2021-01-10 13:36:35,287 [pool-333-thread-1] INFO  server.RaftServerConfigKeys (ConfUtils.java:logGet(44)) - raft.server.log.preallocated.size = 16384 (custom)
2021-01-10 13:36:35,287 [pool-333-thread-1] INFO  server.RaftServerConfigKeys (ConfUtils.java:logGet(44)) - raft.server.log.force.sync.num = 128 (default)
2021-01-10 13:36:35,287 [pool-333-thread-1] INFO  server.RaftServerConfigKeys (ConfUtils.java:logGet(44)) - raft.server.log.statemachine.data.sync = true (default)
2021-01-10 13:36:35,287 [pool-333-thread-1] INFO  server.RaftServerConfigKeys (ConfUtils.java:logGet(44)) - raft.server.log.statemachine.data.sync.timeout = 10s (default)
2021-01-10 13:36:35,287 [pool-333-thread-1] INFO  server.RaftServerConfigKeys (ConfUtils.java:logGet(44)) - raft.server.log.statemachine.data.sync.timeout.retry = -1 (default)
2021-01-10 13:36:35,286 [EventQueue-PipelineReportForOneReplicaPipelineSafeModeRule] INFO  safemode.SCMSafeModeManager (SCMSafeModeManager.java:validateSafeModeExitRules(214)) - AtleastOneDatanodeReportedRule rule is successfully validated
2021-01-10 13:36:35,288 [pool-333-thread-1] INFO  server.RaftServerConfigKeys (ConfUtils.java:logGet(44)) - raft.server.log.write.buffer.size = 1048576 (custom)
2021-01-10 13:36:35,289 [pool-333-thread-1] INFO  server.RaftServerConfigKeys (ConfUtils.java:logGet(44)) - raft.server.log.statemachine.data.caching.enabled = true (custom)
2021-01-10 13:36:35,289 [pool-333-thread-1] INFO  segmented.SegmentedRaftLogWorker (SegmentedRaftLogWorker.java:lambda$new$0(132)) - b3570078-f6e2-4b7a-8962-99d3351b1084@group-B5BE2ECB6F3C-SegmentedRaftLogWorker: flushIndex: setUnconditionally 0 -> -1
2021-01-10 13:36:35,289 [pool-333-thread-1] INFO  segmented.SegmentedRaftLogWorker (SegmentedRaftLogWorker.java:lambda$new$0(132)) - b3570078-f6e2-4b7a-8962-99d3351b1084@group-B5BE2ECB6F3C-SegmentedRaftLogWorker: safeCacheEvictIndex: setUnconditionally 0 -> -1
2021-01-10 13:36:35,289 [pool-333-thread-1] INFO  server.RaftServerConfigKeys (ConfUtils.java:logGet(44)) - raft.server.snapshot.auto.trigger.enabled = true (custom)
2021-01-10 13:36:35,290 [pool-333-thread-1] INFO  server.RaftServerConfigKeys (ConfUtils.java:logGet(44)) - raft.server.snapshot.auto.trigger.threshold = 10000 (custom)
2021-01-10 13:36:35,290 [pool-333-thread-1] INFO  server.RaftServerConfigKeys (ConfUtils.java:logGet(44)) - raft.server.snapshot.retention.file.num = 5 (custom)
2021-01-10 13:36:35,290 [pool-333-thread-1] INFO  server.RaftServerConfigKeys (ConfUtils.java:logGet(44)) - raft.server.log.purge.upto.snapshot.index = false (default)
2021-01-10 13:36:35,290 [pool-333-thread-1] INFO  server.RaftServerConfigKeys (ConfUtils.java:logGet(44)) - raft.server.retrycache.expirytime = 600000ms (custom)
2021-01-10 13:36:35,290 [pool-333-thread-1] INFO  server.RaftServerConfigKeys (ConfUtils.java:logGet(44)) - raft.server.retrycache.statistics.expirytime = 100?s (default)
2021-01-10 13:36:35,290 [pool-333-thread-1] INFO  metrics.RatisMetrics (RatisMetrics.java:lambda$create$0(36)) - Creating Metrics Registry : ratis.leader_election.b3570078-f6e2-4b7a-8962-99d3351b1084@group-B5BE2ECB6F3C
2021-01-10 13:36:35,291 [pool-333-thread-1] INFO  metrics.RatisMetrics (RatisMetrics.java:lambda$create$0(36)) - Creating Metrics Registry : ratis.server.b3570078-f6e2-4b7a-8962-99d3351b1084@group-B5BE2ECB6F3C
2021-01-10 13:36:35,292 [pool-333-thread-1] INFO  server.RaftServer$Division (RaftServerImpl.java:start(294)) - b3570078-f6e2-4b7a-8962-99d3351b1084@group-B5BE2ECB6F3C: start as a follower, conf=-1: [b3570078-f6e2-4b7a-8962-99d3351b1084|rpc:172.17.0.2:45597|priority:1], old=null
2021-01-10 13:36:35,292 [pool-333-thread-1] INFO  server.RaftServer$Division (RaftServerImpl.java:setRole(283)) - b3570078-f6e2-4b7a-8962-99d3351b1084@group-B5BE2ECB6F3C: changes role from      null to FOLLOWER at term 0 for startAsFollower
2021-01-10 13:36:35,292 [pool-333-thread-1] INFO  impl.RoleInfo (RoleInfo.java:updateAndGet(130)) - b3570078-f6e2-4b7a-8962-99d3351b1084: start b3570078-f6e2-4b7a-8962-99d3351b1084@group-B5BE2ECB6F3C-FollowerState
2021-01-10 13:36:35,293 [pool-333-thread-1] INFO  util.JmxRegister (JmxRegister.java:tryRegister(44)) - Successfully registered JMX Bean with object name Ratis:service=RaftServer,group=group-B5BE2ECB6F3C,id=b3570078-f6e2-4b7a-8962-99d3351b1084
2021-01-10 13:36:35,293 [pool-333-thread-1] INFO  metrics.RatisMetrics (RatisMetrics.java:lambda$create$0(36)) - Creating Metrics Registry : ratis.state_machine.b3570078-f6e2-4b7a-8962-99d3351b1084@group-B5BE2ECB6F3C
2021-01-10 13:36:35,296 [Command processor thread] INFO  commandhandler.CreatePipelineCommandHandler (CreatePipelineCommandHandler.java:handle(106)) - Created Pipeline RATIS ONE PipelineID=1b1f00ab-c54d-4fd5-a7f1-b5be2ecb6f3c.
2021-01-10 13:36:35,452 [EndpointStateMachine task thread for /0.0.0.0:45713 - 0 ] INFO  ozoneimpl.OzoneContainer (OzoneContainer.java:start(255)) - Attempting to start container services.
2021-01-10 13:36:35,452 [EndpointStateMachine task thread for /0.0.0.0:45713 - 0 ] INFO  ozoneimpl.OzoneContainer (OzoneContainer.java:startContainerScrub(219)) - Background container scanner has been disabled.
2021-01-10 13:36:35,454 [EndpointStateMachine task thread for /0.0.0.0:45713 - 0 ] INFO  replication.ReplicationServer (ReplicationServer.java:start(111)) - ReplicationServer is started using port 35335
2021-01-10 13:36:35,454 [EndpointStateMachine task thread for /0.0.0.0:45713 - 0 ] INFO  ratis.XceiverServerRatis (XceiverServerRatis.java:start(455)) - Starting XceiverServerRatis 0ad6d196-e751-48c8-8ca7-d67dcf240f32 at port 0
2021-01-10 13:36:35,456 [EndpointStateMachine task thread for /0.0.0.0:45713 - 0 ] INFO  server.RaftServer (RaftServerProxy.java:lambda$start$5(372)) - 0ad6d196-e751-48c8-8ca7-d67dcf240f32: start RPC server
2021-01-10 13:36:35,456 [EndpointStateMachine task thread for /0.0.0.0:45713 - 0 ] INFO  server.GrpcService (GrpcService.java:startImpl(176)) - 0ad6d196-e751-48c8-8ca7-d67dcf240f32: GrpcService started, listening on 0.0.0.0/0.0.0.0:38183
2021-01-10 13:36:35,457 [EndpointStateMachine task thread for /0.0.0.0:45713 - 0 ] INFO  ratis.XceiverServerRatis (XceiverServerRatis.java:start(467)) - XceiverServerRatis 0ad6d196-e751-48c8-8ca7-d67dcf240f32 is started using port 38183
2021-01-10 13:36:35,458 [org.apache.ratis.util.JvmPauseMonitor$$Lambda$220/668167883@4534b60e] INFO  util.JvmPauseMonitor (JvmPauseMonitor.java:run(103)) - JvmPauseMonitor-0ad6d196-e751-48c8-8ca7-d67dcf240f32: Started
2021-01-10 13:36:35,458 [EndpointStateMachine task thread for /0.0.0.0:45713 - 0 ] INFO  server.XceiverServerGrpc (XceiverServerGrpc.java:start(139)) - XceiverServerGrpc 0ad6d196-e751-48c8-8ca7-d67dcf240f32 is started using port 38123
2021-01-10 13:36:35,562 [EventQueue-PipelineReportForOneReplicaPipelineSafeModeRule] INFO  safemode.SCMSafeModeManager (SCMSafeModeManager.java:validateSafeModeExitRules(214)) - AtleastOneDatanodeReportedRule rule is successfully validated
2021-01-10 13:36:35,562 [EventQueue-OpenPipelineForHealthyPipelineSafeModeRule] INFO  safemode.SCMSafeModeManager (HealthyPipelineSafeModeRule.java:process(128)) - SCM in safe mode. Healthy pipelines reported count is 0, required healthy pipeline reported count is 1
2021-01-10 13:36:35,650 [Listener at 127.0.0.1/42999] INFO  ozone.MiniOzoneClusterImpl (MiniOzoneClusterImpl.java:lambda$waitForClusterToBeReady$0(179)) - Waiting for nodes to be ready. Got 4 of 6 DN Heartbeats.
2021-01-10 13:36:35,650 [Listener at 127.0.0.1/42999] INFO  ozone.MiniOzoneClusterImpl (MiniOzoneClusterImpl.java:lambda$waitForClusterToBeReady$0(182)) - Waiting for cluster to exit safe mode
2021-01-10 13:36:35,654 [EndpointStateMachine task thread for /0.0.0.0:45713 - 0 ] INFO  ozoneimpl.OzoneContainer (OzoneContainer.java:start(255)) - Attempting to start container services.
2021-01-10 13:36:35,654 [EndpointStateMachine task thread for /0.0.0.0:45713 - 0 ] INFO  ozoneimpl.OzoneContainer (OzoneContainer.java:startContainerScrub(219)) - Background container scanner has been disabled.
2021-01-10 13:36:35,655 [EndpointStateMachine task thread for /0.0.0.0:45713 - 0 ] INFO  replication.ReplicationServer (ReplicationServer.java:start(111)) - ReplicationServer is started using port 34039
2021-01-10 13:36:35,655 [EndpointStateMachine task thread for /0.0.0.0:45713 - 0 ] INFO  ratis.XceiverServerRatis (XceiverServerRatis.java:start(455)) - Starting XceiverServerRatis 2f093e54-b728-4a2a-9239-b3f8c2a2e755 at port 0
2021-01-10 13:36:35,665 [EndpointStateMachine task thread for /0.0.0.0:45713 - 0 ] INFO  server.RaftServer (RaftServerProxy.java:lambda$start$5(372)) - 2f093e54-b728-4a2a-9239-b3f8c2a2e755: start RPC server
2021-01-10 13:36:35,666 [EndpointStateMachine task thread for /0.0.0.0:45713 - 0 ] INFO  server.GrpcService (GrpcService.java:startImpl(176)) - 2f093e54-b728-4a2a-9239-b3f8c2a2e755: GrpcService started, listening on 0.0.0.0/0.0.0.0:36353
2021-01-10 13:36:35,666 [EndpointStateMachine task thread for /0.0.0.0:45713 - 0 ] INFO  ratis.XceiverServerRatis (XceiverServerRatis.java:start(467)) - XceiverServerRatis 2f093e54-b728-4a2a-9239-b3f8c2a2e755 is started using port 36353
2021-01-10 13:36:35,666 [org.apache.ratis.util.JvmPauseMonitor$$Lambda$220/668167883@1bceb88f] INFO  util.JvmPauseMonitor (JvmPauseMonitor.java:run(103)) - JvmPauseMonitor-2f093e54-b728-4a2a-9239-b3f8c2a2e755: Started
2021-01-10 13:36:35,666 [EndpointStateMachine task thread for /0.0.0.0:45713 - 0 ] INFO  server.XceiverServerGrpc (XceiverServerGrpc.java:start(139)) - XceiverServerGrpc 2f093e54-b728-4a2a-9239-b3f8c2a2e755 is started using port 34101
2021-01-10 13:36:35,755 [EventQueue-OpenPipelineForHealthyPipelineSafeModeRule] INFO  safemode.SCMSafeModeManager (HealthyPipelineSafeModeRule.java:process(128)) - SCM in safe mode. Healthy pipelines reported count is 0, required healthy pipeline reported count is 1
2021-01-10 13:36:35,756 [EventQueue-PipelineReportForOneReplicaPipelineSafeModeRule] INFO  safemode.SCMSafeModeManager (SCMSafeModeManager.java:validateSafeModeExitRules(214)) - AtleastOneDatanodeReportedRule rule is successfully validated
2021-01-10 13:36:35,982 [EventQueue-PipelineReportForOneReplicaPipelineSafeModeRule] INFO  safemode.SCMSafeModeManager (SCMSafeModeManager.java:validateSafeModeExitRules(214)) - AtleastOneDatanodeReportedRule rule is successfully validated
2021-01-10 13:36:35,982 [EventQueue-OpenPipelineForHealthyPipelineSafeModeRule] INFO  safemode.SCMSafeModeManager (HealthyPipelineSafeModeRule.java:process(128)) - SCM in safe mode. Healthy pipelines reported count is 0, required healthy pipeline reported count is 1
2021-01-10 13:36:36,285 [EventQueue-OpenPipelineForHealthyPipelineSafeModeRule] INFO  safemode.SCMSafeModeManager (HealthyPipelineSafeModeRule.java:process(128)) - SCM in safe mode. Healthy pipelines reported count is 0, required healthy pipeline reported count is 1
2021-01-10 13:36:36,285 [EventQueue-PipelineReportForOneReplicaPipelineSafeModeRule] INFO  safemode.SCMSafeModeManager (SCMSafeModeManager.java:validateSafeModeExitRules(214)) - AtleastOneDatanodeReportedRule rule is successfully validated
2021-01-10 13:36:36,562 [EventQueue-PipelineReportForOneReplicaPipelineSafeModeRule] INFO  safemode.SCMSafeModeManager (SCMSafeModeManager.java:validateSafeModeExitRules(214)) - AtleastOneDatanodeReportedRule rule is successfully validated
2021-01-10 13:36:36,562 [EventQueue-OpenPipelineForHealthyPipelineSafeModeRule] INFO  safemode.SCMSafeModeManager (HealthyPipelineSafeModeRule.java:process(128)) - SCM in safe mode. Healthy pipelines reported count is 0, required healthy pipeline reported count is 1
2021-01-10 13:36:36,651 [Listener at 127.0.0.1/42999] INFO  ozone.MiniOzoneClusterImpl (MiniOzoneClusterImpl.java:lambda$waitForClusterToBeReady$0(179)) - Waiting for nodes to be ready. Got 4 of 6 DN Heartbeats.
2021-01-10 13:36:36,651 [Listener at 127.0.0.1/42999] INFO  ozone.MiniOzoneClusterImpl (MiniOzoneClusterImpl.java:lambda$waitForClusterToBeReady$0(182)) - Waiting for cluster to exit safe mode
2021-01-10 13:36:36,756 [EventQueue-OpenPipelineForHealthyPipelineSafeModeRule] INFO  safemode.SCMSafeModeManager (HealthyPipelineSafeModeRule.java:process(128)) - SCM in safe mode. Healthy pipelines reported count is 0, required healthy pipeline reported count is 1
2021-01-10 13:36:36,756 [EventQueue-PipelineReportForOneReplicaPipelineSafeModeRule] INFO  safemode.SCMSafeModeManager (SCMSafeModeManager.java:validateSafeModeExitRules(214)) - AtleastOneDatanodeReportedRule rule is successfully validated
2021-01-10 13:36:36,982 [EventQueue-OpenPipelineForHealthyPipelineSafeModeRule] INFO  safemode.SCMSafeModeManager (HealthyPipelineSafeModeRule.java:process(128)) - SCM in safe mode. Healthy pipelines reported count is 0, required healthy pipeline reported count is 1
2021-01-10 13:36:36,982 [EventQueue-PipelineReportForOneReplicaPipelineSafeModeRule] INFO  safemode.SCMSafeModeManager (SCMSafeModeManager.java:validateSafeModeExitRules(214)) - AtleastOneDatanodeReportedRule rule is successfully validated
2021-01-10 13:36:37,285 [EventQueue-OpenPipelineForHealthyPipelineSafeModeRule] INFO  safemode.SCMSafeModeManager (HealthyPipelineSafeModeRule.java:process(128)) - SCM in safe mode. Healthy pipelines reported count is 0, required healthy pipeline reported count is 1
2021-01-10 13:36:37,285 [EventQueue-PipelineReportForOneReplicaPipelineSafeModeRule] INFO  safemode.SCMSafeModeManager (SCMSafeModeManager.java:validateSafeModeExitRules(214)) - AtleastOneDatanodeReportedRule rule is successfully validated
2021-01-10 13:36:37,450 [IPC Server handler 2 on default port 45713] INFO  net.NetworkTopologyImpl (NetworkTopologyImpl.java:add(111)) - Added a new node: /default-rack/0ad6d196-e751-48c8-8ca7-d67dcf240f32
2021-01-10 13:36:37,450 [IPC Server handler 2 on default port 45713] INFO  node.SCMNodeManager (SCMNodeManager.java:register(341)) - Registered Data node : 0ad6d196-e751-48c8-8ca7-d67dcf240f32{ip: 172.17.0.2, host: c2cea8100722, networkLocation: /default-rack, certSerialId: null, persistedOpState: IN_SERVICE, persistedOpStateExpiryEpochSec: 0}
2021-01-10 13:36:37,451 [EventQueue-PipelineReportForOneReplicaPipelineSafeModeRule] INFO  safemode.SCMSafeModeManager (SCMSafeModeManager.java:validateSafeModeExitRules(214)) - AtleastOneDatanodeReportedRule rule is successfully validated
2021-01-10 13:36:37,451 [EventQueue-NodeRegistrationContainerReportForContainerSafeModeRule] INFO  safemode.SCMSafeModeManager (SCMSafeModeManager.java:validateSafeModeExitRules(214)) - ContainerSafeModeRule rule is successfully validated
2021-01-10 13:36:37,451 [EventQueue-NodeRegistrationContainerReportForDataNodeSafeModeRule] INFO  safemode.SCMSafeModeManager (SCMSafeModeManager.java:validateSafeModeExitRules(214)) - DataNodeSafeModeRule rule is successfully validated
2021-01-10 13:36:37,451 [RatisPipelineUtilsThread] INFO  pipeline.RatisPipelineProvider (RatisPipelineProvider.java:lambda$create$0(161)) - Sending CreatePipelineCommand for pipeline:PipelineID=9d180bb0-01e7-48f4-bfab-c5b73abbf97b to datanode:0ad6d196-e751-48c8-8ca7-d67dcf240f32
2021-01-10 13:36:37,452 [RatisPipelineUtilsThread] INFO  pipeline.PipelineStateManager (PipelineStateManager.java:addPipeline(54)) - Created pipeline Pipeline[ Id: 9d180bb0-01e7-48f4-bfab-c5b73abbf97b, Nodes: 0ad6d196-e751-48c8-8ca7-d67dcf240f32{ip: 172.17.0.2, host: c2cea8100722, networkLocation: /default-rack, certSerialId: null, persistedOpState: IN_SERVICE, persistedOpStateExpiryEpochSec: 0}, Type:RATIS, Factor:ONE, State:ALLOCATED, leaderId:, CreationTimestamp2021-01-10T13:36:37.451Z]
2021-01-10 13:36:37,561 [EventQueue-PipelineReportForOneReplicaPipelineSafeModeRule] INFO  safemode.SCMSafeModeManager (SCMSafeModeManager.java:validateSafeModeExitRules(214)) - AtleastOneDatanodeReportedRule rule is successfully validated
2021-01-10 13:36:37,562 [EventQueue-OpenPipelineForHealthyPipelineSafeModeRule] INFO  safemode.SCMSafeModeManager (HealthyPipelineSafeModeRule.java:process(128)) - SCM in safe mode. Healthy pipelines reported count is 0, required healthy pipeline reported count is 1
2021-01-10 13:36:37,651 [Listener at 127.0.0.1/42999] INFO  ozone.MiniOzoneClusterImpl (MiniOzoneClusterImpl.java:lambda$waitForClusterToBeReady$0(179)) - Waiting for nodes to be ready. Got 5 of 6 DN Heartbeats.
2021-01-10 13:36:37,651 [Listener at 127.0.0.1/42999] INFO  ozone.MiniOzoneClusterImpl (MiniOzoneClusterImpl.java:lambda$waitForClusterToBeReady$0(182)) - Waiting for cluster to exit safe mode
2021-01-10 13:36:37,652 [IPC Server handler 6 on default port 45713] INFO  net.NetworkTopologyImpl (NetworkTopologyImpl.java:add(111)) - Added a new node: /default-rack/2f093e54-b728-4a2a-9239-b3f8c2a2e755
2021-01-10 13:36:37,652 [IPC Server handler 6 on default port 45713] INFO  node.SCMNodeManager (SCMNodeManager.java:register(341)) - Registered Data node : 2f093e54-b728-4a2a-9239-b3f8c2a2e755{ip: 172.17.0.2, host: c2cea8100722, networkLocation: /default-rack, certSerialId: null, persistedOpState: IN_SERVICE, persistedOpStateExpiryEpochSec: 0}
2021-01-10 13:36:37,652 [EventQueue-PipelineReportForOneReplicaPipelineSafeModeRule] INFO  safemode.SCMSafeModeManager (SCMSafeModeManager.java:validateSafeModeExitRules(214)) - AtleastOneDatanodeReportedRule rule is successfully validated
2021-01-10 13:36:37,653 [EventQueue-NodeRegistrationContainerReportForContainerSafeModeRule] INFO  safemode.SCMSafeModeManager (SCMSafeModeManager.java:validateSafeModeExitRules(214)) - ContainerSafeModeRule rule is successfully validated
2021-01-10 13:36:37,653 [EventQueue-NodeRegistrationContainerReportForDataNodeSafeModeRule] INFO  safemode.SCMSafeModeManager (SCMSafeModeManager.java:validateSafeModeExitRules(214)) - DataNodeSafeModeRule rule is successfully validated
2021-01-10 13:36:37,653 [RatisPipelineUtilsThread] INFO  pipeline.RatisPipelineProvider (RatisPipelineProvider.java:lambda$create$0(161)) - Sending CreatePipelineCommand for pipeline:PipelineID=10e00e4b-c610-426e-ab56-a3bbb560d53b to datanode:2f093e54-b728-4a2a-9239-b3f8c2a2e755
2021-01-10 13:36:37,653 [RatisPipelineUtilsThread] INFO  pipeline.PipelineStateManager (PipelineStateManager.java:addPipeline(54)) - Created pipeline Pipeline[ Id: 10e00e4b-c610-426e-ab56-a3bbb560d53b, Nodes: 2f093e54-b728-4a2a-9239-b3f8c2a2e755{ip: 172.17.0.2, host: c2cea8100722, networkLocation: /default-rack, certSerialId: null, persistedOpState: IN_SERVICE, persistedOpStateExpiryEpochSec: 0}, Type:RATIS, Factor:ONE, State:ALLOCATED, leaderId:, CreationTimestamp2021-01-10T13:36:37.653Z]
2021-01-10 13:36:37,654 [RatisPipelineUtilsThread] INFO  pipeline.RatisPipelineProvider (RatisPipelineProvider.java:lambda$create$0(161)) - Sending CreatePipelineCommand for pipeline:PipelineID=b3c08616-cf70-4772-8e17-0d998c0963b1 to datanode:0ad6d196-e751-48c8-8ca7-d67dcf240f32
2021-01-10 13:36:37,654 [RatisPipelineUtilsThread] INFO  pipeline.RatisPipelineProvider (RatisPipelineProvider.java:lambda$create$0(161)) - Sending CreatePipelineCommand for pipeline:PipelineID=b3c08616-cf70-4772-8e17-0d998c0963b1 to datanode:b3570078-f6e2-4b7a-8962-99d3351b1084
2021-01-10 13:36:37,654 [RatisPipelineUtilsThread] INFO  pipeline.RatisPipelineProvider (RatisPipelineProvider.java:lambda$create$0(161)) - Sending CreatePipelineCommand for pipeline:PipelineID=b3c08616-cf70-4772-8e17-0d998c0963b1 to datanode:2f093e54-b728-4a2a-9239-b3f8c2a2e755
2021-01-10 13:36:37,654 [RatisPipelineUtilsThread] INFO  pipeline.PipelineStateManager (PipelineStateManager.java:addPipeline(54)) - Created pipeline Pipeline[ Id: b3c08616-cf70-4772-8e17-0d998c0963b1, Nodes: 0ad6d196-e751-48c8-8ca7-d67dcf240f32{ip: 172.17.0.2, host: c2cea8100722, networkLocation: /default-rack, certSerialId: null, persistedOpState: IN_SERVICE, persistedOpStateExpiryEpochSec: 0}b3570078-f6e2-4b7a-8962-99d3351b1084{ip: 172.17.0.2, host: c2cea8100722, networkLocation: /default-rack, certSerialId: null, persistedOpState: IN_SERVICE, persistedOpStateExpiryEpochSec: 0}2f093e54-b728-4a2a-9239-b3f8c2a2e755{ip: 172.17.0.2, host: c2cea8100722, networkLocation: /default-rack, certSerialId: null, persistedOpState: IN_SERVICE, persistedOpStateExpiryEpochSec: 0}, Type:RATIS, Factor:THREE, State:ALLOCATED, leaderId:, CreationTimestamp2021-01-10T13:36:37.654Z]
2021-01-10 13:36:37,756 [EventQueue-OpenPipelineForHealthyPipelineSafeModeRule] INFO  safemode.SCMSafeModeManager (HealthyPipelineSafeModeRule.java:process(128)) - SCM in safe mode. Healthy pipelines reported count is 0, required healthy pipeline reported count is 1
2021-01-10 13:36:37,756 [EventQueue-PipelineReportForOneReplicaPipelineSafeModeRule] INFO  safemode.SCMSafeModeManager (SCMSafeModeManager.java:validateSafeModeExitRules(214)) - AtleastOneDatanodeReportedRule rule is successfully validated
2021-01-10 13:36:37,982 [EventQueue-OpenPipelineForHealthyPipelineSafeModeRule] INFO  safemode.SCMSafeModeManager (HealthyPipelineSafeModeRule.java:process(128)) - SCM in safe mode. Healthy pipelines reported count is 0, required healthy pipeline reported count is 1
2021-01-10 13:36:37,982 [EventQueue-PipelineReportForOneReplicaPipelineSafeModeRule] INFO  safemode.SCMSafeModeManager (SCMSafeModeManager.java:validateSafeModeExitRules(214)) - AtleastOneDatanodeReportedRule rule is successfully validated
2021-01-10 13:36:38,286 [EventQueue-PipelineReportForOneReplicaPipelineSafeModeRule] INFO  safemode.SCMSafeModeManager (SCMSafeModeManager.java:validateSafeModeExitRules(214)) - AtleastOneDatanodeReportedRule rule is successfully validated
2021-01-10 13:36:38,286 [EventQueue-OpenPipelineForHealthyPipelineSafeModeRule] INFO  safemode.SCMSafeModeManager (HealthyPipelineSafeModeRule.java:process(128)) - SCM in safe mode. Healthy pipelines reported count is 0, required healthy pipeline reported count is 1
2021-01-10 13:36:38,562 [EventQueue-OpenPipelineForHealthyPipelineSafeModeRule] INFO  safemode.SCMSafeModeManager (HealthyPipelineSafeModeRule.java:process(128)) - SCM in safe mode. Healthy pipelines reported count is 0, required healthy pipeline reported count is 1
2021-01-10 13:36:38,562 [EventQueue-PipelineReportForOneReplicaPipelineSafeModeRule] INFO  safemode.SCMSafeModeManager (SCMSafeModeManager.java:validateSafeModeExitRules(214)) - AtleastOneDatanodeReportedRule rule is successfully validated
2021-01-10 13:36:38,652 [Listener at 127.0.0.1/42999] INFO  ozone.MiniOzoneClusterImpl (MiniOzoneClusterImpl.java:lambda$waitForClusterToBeReady$0(179)) - Nodes are ready. Got 6 of 6 DN Heartbeats.
2021-01-10 13:36:38,652 [Listener at 127.0.0.1/42999] INFO  ozone.MiniOzoneClusterImpl (MiniOzoneClusterImpl.java:lambda$waitForClusterToBeReady$0(182)) - Waiting for cluster to exit safe mode
2021-01-10 13:36:38,756 [EventQueue-PipelineReportForOneReplicaPipelineSafeModeRule] INFO  safemode.SCMSafeModeManager (SCMSafeModeManager.java:validateSafeModeExitRules(214)) - AtleastOneDatanodeReportedRule rule is successfully validated
2021-01-10 13:36:38,756 [EventQueue-OpenPipelineForHealthyPipelineSafeModeRule] INFO  safemode.SCMSafeModeManager (HealthyPipelineSafeModeRule.java:process(128)) - SCM in safe mode. Healthy pipelines reported count is 0, required healthy pipeline reported count is 1
2021-01-10 13:36:38,982 [EventQueue-PipelineReportForOneReplicaPipelineSafeModeRule] INFO  safemode.SCMSafeModeManager (SCMSafeModeManager.java:validateSafeModeExitRules(214)) - AtleastOneDatanodeReportedRule rule is successfully validated
2021-01-10 13:36:38,982 [EventQueue-OpenPipelineForHealthyPipelineSafeModeRule] INFO  safemode.SCMSafeModeManager (HealthyPipelineSafeModeRule.java:process(128)) - SCM in safe mode. Healthy pipelines reported count is 0, required healthy pipeline reported count is 1
2021-01-10 13:36:39,284 [Command processor thread] INFO  server.RaftServer (RaftServerProxy.java:addNew(95)) - b3570078-f6e2-4b7a-8962-99d3351b1084: addNew group-0D998C0963B1:[b3570078-f6e2-4b7a-8962-99d3351b1084|rpc:172.17.0.2:45597|priority:0, 0ad6d196-e751-48c8-8ca7-d67dcf240f32|rpc:172.17.0.2:38183|priority:1, 2f093e54-b728-4a2a-9239-b3f8c2a2e755|rpc:172.17.0.2:36353|priority:0] returns group-0D998C0963B1:java.util.concurrent.CompletableFuture@50533034[Not completed]
2021-01-10 13:36:39,286 [pool-333-thread-1] INFO  server.RaftServer$Division (RaftServerImpl.java:<init>(179)) - b3570078-f6e2-4b7a-8962-99d3351b1084: new RaftServerImpl for group-0D998C0963B1:[b3570078-f6e2-4b7a-8962-99d3351b1084|rpc:172.17.0.2:45597|priority:0, 0ad6d196-e751-48c8-8ca7-d67dcf240f32|rpc:172.17.0.2:38183|priority:1, 2f093e54-b728-4a2a-9239-b3f8c2a2e755|rpc:172.17.0.2:36353|priority:0] with ContainerStateMachine:uninitialized
2021-01-10 13:36:39,286 [pool-333-thread-1] INFO  server.RaftServerConfigKeys (ConfUtils.java:logGet(44)) - raft.server.rpc.timeout.min = 5s (custom)
2021-01-10 13:36:39,286 [pool-333-thread-1] INFO  server.RaftServerConfigKeys (ConfUtils.java:logGet(44)) - raft.server.rpc.timeout.max = 5200ms (custom)
2021-01-10 13:36:39,286 [pool-333-thread-1] INFO  server.RaftServerConfigKeys (ConfUtils.java:logGet(44)) - raft.server.rpc.sleep.time = 25ms (default)
2021-01-10 13:36:39,286 [pool-333-thread-1] INFO  server.RaftServerConfigKeys (ConfUtils.java:logGet(44)) - raft.server.rpc.slowness.timeout = 300s (custom)
2021-01-10 13:36:39,286 [pool-333-thread-1] INFO  server.RaftServerConfigKeys (ConfUtils.java:logGet(44)) - raft.server.leaderelection.leader.step-down.wait-time = 10s (default)
2021-01-10 13:36:39,286 [pool-333-thread-1] INFO  server.RaftServerConfigKeys (ConfUtils.java:logGet(44)) - raft.server.sleep.deviation.threshold = 300ms (default)
2021-01-10 13:36:39,286 [pool-333-thread-1] INFO  server.RaftServerConfigKeys (ConfUtils.java:logGet(44)) - raft.server.log.appender.install.snapshot.enabled = false (custom)
2021-01-10 13:36:39,286 [pool-333-thread-1] INFO  server.RaftServer$Division (ServerState.java:<init>(103)) - b3570078-f6e2-4b7a-8962-99d3351b1084@group-0D998C0963B1: ConfigurationManager, init=-1: [b3570078-f6e2-4b7a-8962-99d3351b1084|rpc:172.17.0.2:45597|priority:0, 0ad6d196-e751-48c8-8ca7-d67dcf240f32|rpc:172.17.0.2:38183|priority:1, 2f093e54-b728-4a2a-9239-b3f8c2a2e755|rpc:172.17.0.2:36353|priority:0], old=null, confs=<EMPTY_MAP>
2021-01-10 13:36:39,287 [pool-333-thread-1] INFO  server.RaftServerConfigKeys (ConfUtils.java:logGet(44)) - raft.server.storage.dir = [/github/workspace/mnt/ozone/hadoop-ozone/integration-test/target/test-dir/MiniOzoneClusterImpl-0ee44e4a-5790-445b-bee5-3ef48b2e27da/datanode-3/data/ratis] (custom)
2021-01-10 13:36:39,287 [pool-333-thread-1] INFO  server.RaftServerConfigKeys (ConfUtils.java:logGet(44)) - raft.server.log.corruption.policy = EXCEPTION (default)
2021-01-10 13:36:39,287 [pool-333-thread-1] INFO  storage.RaftStorageDirectory (RaftStorageDirectoryImpl.java:analyzeStorage(132)) - The storage directory /github/workspace/mnt/ozone/hadoop-ozone/integration-test/target/test-dir/MiniOzoneClusterImpl-0ee44e4a-5790-445b-bee5-3ef48b2e27da/datanode-3/data/ratis/b3c08616-cf70-4772-8e17-0d998c0963b1 does not exist. Creating ...
2021-01-10 13:36:39,289 [pool-333-thread-1] INFO  storage.RaftStorageDirectory (RaftStorageDirectoryImpl.java:tryLock(215)) - Lock on /github/workspace/mnt/ozone/hadoop-ozone/integration-test/target/test-dir/MiniOzoneClusterImpl-0ee44e4a-5790-445b-bee5-3ef48b2e27da/datanode-3/data/ratis/b3c08616-cf70-4772-8e17-0d998c0963b1/in_use.lock acquired by nodename 29989@c2cea8100722
2021-01-10 13:36:39,289 [EventQueue-PipelineReportForOneReplicaPipelineSafeModeRule] INFO  safemode.SCMSafeModeManager (SCMSafeModeManager.java:validateSafeModeExitRules(214)) - AtleastOneDatanodeReportedRule rule is successfully validated
2021-01-10 13:36:39,289 [EventQueue-OpenPipelineForHealthyPipelineSafeModeRule] INFO  safemode.SCMSafeModeManager (HealthyPipelineSafeModeRule.java:process(128)) - SCM in safe mode. Healthy pipelines reported count is 0, required healthy pipeline reported count is 1
2021-01-10 13:36:39,291 [pool-333-thread-1] INFO  storage.RaftStorage (RaftStorageImpl.java:format(87)) - Storage directory /github/workspace/mnt/ozone/hadoop-ozone/integration-test/target/test-dir/MiniOzoneClusterImpl-0ee44e4a-5790-445b-bee5-3ef48b2e27da/datanode-3/data/ratis/b3c08616-cf70-4772-8e17-0d998c0963b1 has been successfully formatted.
2021-01-10 13:36:39,292 [pool-333-thread-1] INFO  ratis.ContainerStateMachine (ContainerStateMachine.java:loadSnapshot(223)) - group-0D998C0963B1: The snapshot info is null. Setting the last applied indexto:(t:0, i:~)
2021-01-10 13:36:39,293 [pool-333-thread-1] ERROR storage.RaftStorage (RaftStorageImpl.java:readRaftConfiguration(147)) - Failed reading configuration from file:/github/workspace/mnt/ozone/hadoop-ozone/integration-test/target/test-dir/MiniOzoneClusterImpl-0ee44e4a-5790-445b-bee5-3ef48b2e27da/datanode-3/data/ratis/b3c08616-cf70-4772-8e17-0d998c0963b1/current/raft-meta.conf
java.io.FileNotFoundException: /github/workspace/mnt/ozone/hadoop-ozone/integration-test/target/test-dir/MiniOzoneClusterImpl-0ee44e4a-5790-445b-bee5-3ef48b2e27da/datanode-3/data/ratis/b3c08616-cf70-4772-8e17-0d998c0963b1/current/raft-meta.conf (No such file or directory)
	at java.io.FileInputStream.open0(Native Method)
	at java.io.FileInputStream.open(FileInputStream.java:195)
	at java.io.FileInputStream.<init>(FileInputStream.java:138)
	at org.apache.ratis.server.storage.RaftStorageImpl.readRaftConfiguration(RaftStorageImpl.java:143)
	at org.apache.ratis.server.impl.ServerState.<init>(ServerState.java:113)
	at org.apache.ratis.server.impl.RaftServerImpl.<init>(RaftServerImpl.java:192)
	at org.apache.ratis.server.impl.RaftServerProxy.lambda$newRaftServerImpl$4(RaftServerProxy.java:266)
	at java.util.concurrent.CompletableFuture$AsyncSupply.run(CompletableFuture.java:1604)
	at java.util.concurrent.ThreadPoolExecutor.runWorker(ThreadPoolExecutor.java:1149)
	at java.util.concurrent.ThreadPoolExecutor$Worker.run(ThreadPoolExecutor.java:624)
	at java.lang.Thread.run(Thread.java:748)
2021-01-10 13:36:39,293 [pool-333-thread-1] INFO  server.RaftServerConfigKeys (ConfUtils.java:logGet(44)) - raft.server.notification.no-leader.timeout = 300s (custom)
2021-01-10 13:36:39,293 [pool-333-thread-1] INFO  server.RaftServerConfigKeys (ConfUtils.java:logGet(44)) - raft.server.log.use.memory = false (default)
2021-01-10 13:36:39,293 [pool-333-thread-1] INFO  server.RaftServerConfigKeys (ConfUtils.java:logGet(44)) - raft.server.log.purge.gap = 1000000 (custom)
2021-01-10 13:36:39,294 [pool-333-thread-1] INFO  server.RaftServerConfigKeys (ConfUtils.java:logGet(44)) - raft.server.log.appender.buffer.byte-limit = 33554432 (custom)
2021-01-10 13:36:39,294 [pool-333-thread-1] INFO  metrics.RatisMetrics (RatisMetrics.java:lambda$create$0(36)) - Creating Metrics Registry : ratis.log_worker.b3570078-f6e2-4b7a-8962-99d3351b1084@group-0D998C0963B1
2021-01-10 13:36:39,294 [pool-333-thread-1] INFO  server.RaftServerConfigKeys (ConfUtils.java:logGet(44)) - raft.server.log.segment.size.max = 1048576 (custom)
2021-01-10 13:36:39,294 [pool-333-thread-1] INFO  server.RaftServerConfigKeys (ConfUtils.java:logGet(44)) - raft.server.log.segment.cache.num.max = 2 (custom)
2021-01-10 13:36:39,294 [pool-333-thread-1] INFO  server.RaftServerConfigKeys (ConfUtils.java:logGet(44)) - raft.server.log.segment.cache.size.max = 200MB (=209715200) (default)
2021-01-10 13:36:39,295 [pool-333-thread-1] INFO  segmented.SegmentedRaftLogWorker (SegmentedRaftLogWorker.java:<init>(181)) - new b3570078-f6e2-4b7a-8962-99d3351b1084@group-0D998C0963B1-SegmentedRaftLogWorker for RaftStorageImpl:Storage Directory /github/workspace/mnt/ozone/hadoop-ozone/integration-test/target/test-dir/MiniOzoneClusterImpl-0ee44e4a-5790-445b-bee5-3ef48b2e27da/datanode-3/data/ratis/b3c08616-cf70-4772-8e17-0d998c0963b1
2021-01-10 13:36:39,295 [pool-333-thread-1] INFO  server.RaftServerConfigKeys (ConfUtils.java:logGet(44)) - raft.server.log.queue.byte-limit = 2147483647 (custom)
2021-01-10 13:36:39,295 [pool-333-thread-1] INFO  server.RaftServerConfigKeys (ConfUtils.java:logGet(44)) - raft.server.log.queue.element-limit = 1024 (custom)
2021-01-10 13:36:39,295 [pool-333-thread-1] INFO  server.RaftServerConfigKeys (ConfUtils.java:logGet(44)) - raft.server.log.segment.size.max = 1048576 (custom)
2021-01-10 13:36:39,295 [pool-333-thread-1] INFO  server.RaftServerConfigKeys (ConfUtils.java:logGet(44)) - raft.server.log.preallocated.size = 16384 (custom)
2021-01-10 13:36:39,295 [pool-333-thread-1] INFO  server.RaftServerConfigKeys (ConfUtils.java:logGet(44)) - raft.server.log.force.sync.num = 128 (default)
2021-01-10 13:36:39,295 [pool-333-thread-1] INFO  server.RaftServerConfigKeys (ConfUtils.java:logGet(44)) - raft.server.log.statemachine.data.sync = true (default)
2021-01-10 13:36:39,295 [pool-333-thread-1] INFO  server.RaftServerConfigKeys (ConfUtils.java:logGet(44)) - raft.server.log.statemachine.data.sync.timeout = 10s (default)
2021-01-10 13:36:39,295 [pool-333-thread-1] INFO  server.RaftServerConfigKeys (ConfUtils.java:logGet(44)) - raft.server.log.statemachine.data.sync.timeout.retry = -1 (default)
2021-01-10 13:36:39,292 [EventQueue-OpenPipelineForHealthyPipelineSafeModeRule] INFO  safemode.SCMSafeModeManager (HealthyPipelineSafeModeRule.java:process(128)) - SCM in safe mode. Healthy pipelines reported count is 0, required healthy pipeline reported count is 1
2021-01-10 13:36:39,292 [EventQueue-PipelineReportForOneReplicaPipelineSafeModeRule] INFO  safemode.SCMSafeModeManager (SCMSafeModeManager.java:validateSafeModeExitRules(214)) - AtleastOneDatanodeReportedRule rule is successfully validated
2021-01-10 13:36:39,296 [pool-333-thread-1] INFO  server.RaftServerConfigKeys (ConfUtils.java:logGet(44)) - raft.server.log.write.buffer.size = 1048576 (custom)
2021-01-10 13:36:39,299 [pool-333-thread-1] INFO  server.RaftServerConfigKeys (ConfUtils.java:logGet(44)) - raft.server.log.statemachine.data.caching.enabled = true (custom)
2021-01-10 13:36:39,299 [pool-333-thread-1] INFO  segmented.SegmentedRaftLogWorker (SegmentedRaftLogWorker.java:lambda$new$0(132)) - b3570078-f6e2-4b7a-8962-99d3351b1084@group-0D998C0963B1-SegmentedRaftLogWorker: flushIndex: setUnconditionally 0 -> -1
2021-01-10 13:36:39,300 [pool-333-thread-1] INFO  segmented.SegmentedRaftLogWorker (SegmentedRaftLogWorker.java:lambda$new$0(132)) - b3570078-f6e2-4b7a-8962-99d3351b1084@group-0D998C0963B1-SegmentedRaftLogWorker: safeCacheEvictIndex: setUnconditionally 0 -> -1
2021-01-10 13:36:39,300 [pool-333-thread-1] INFO  server.RaftServerConfigKeys (ConfUtils.java:logGet(44)) - raft.server.snapshot.auto.trigger.enabled = true (custom)
2021-01-10 13:36:39,300 [pool-333-thread-1] INFO  server.RaftServerConfigKeys (ConfUtils.java:logGet(44)) - raft.server.snapshot.auto.trigger.threshold = 10000 (custom)
2021-01-10 13:36:39,300 [pool-333-thread-1] INFO  server.RaftServerConfigKeys (ConfUtils.java:logGet(44)) - raft.server.snapshot.retention.file.num = 5 (custom)
2021-01-10 13:36:39,300 [pool-333-thread-1] INFO  server.RaftServerConfigKeys (ConfUtils.java:logGet(44)) - raft.server.log.purge.upto.snapshot.index = false (default)
2021-01-10 13:36:39,300 [pool-333-thread-1] INFO  server.RaftServerConfigKeys (ConfUtils.java:logGet(44)) - raft.server.retrycache.expirytime = 600000ms (custom)
2021-01-10 13:36:39,300 [pool-333-thread-1] INFO  server.RaftServerConfigKeys (ConfUtils.java:logGet(44)) - raft.server.retrycache.statistics.expirytime = 100?s (default)
2021-01-10 13:36:39,300 [pool-333-thread-1] INFO  metrics.RatisMetrics (RatisMetrics.java:lambda$create$0(36)) - Creating Metrics Registry : ratis.leader_election.b3570078-f6e2-4b7a-8962-99d3351b1084@group-0D998C0963B1
2021-01-10 13:36:39,301 [pool-333-thread-1] INFO  metrics.RatisMetrics (RatisMetrics.java:lambda$create$0(36)) - Creating Metrics Registry : ratis.server.b3570078-f6e2-4b7a-8962-99d3351b1084@group-0D998C0963B1
2021-01-10 13:36:39,301 [pool-333-thread-1] INFO  server.RaftServer$Division (RaftServerImpl.java:start(294)) - b3570078-f6e2-4b7a-8962-99d3351b1084@group-0D998C0963B1: start as a follower, conf=-1: [b3570078-f6e2-4b7a-8962-99d3351b1084|rpc:172.17.0.2:45597|priority:0, 0ad6d196-e751-48c8-8ca7-d67dcf240f32|rpc:172.17.0.2:38183|priority:1, 2f093e54-b728-4a2a-9239-b3f8c2a2e755|rpc:172.17.0.2:36353|priority:0], old=null
2021-01-10 13:36:39,301 [pool-333-thread-1] INFO  server.RaftServer$Division (RaftServerImpl.java:setRole(283)) - b3570078-f6e2-4b7a-8962-99d3351b1084@group-0D998C0963B1: changes role from      null to FOLLOWER at term 0 for startAsFollower
2021-01-10 13:36:39,302 [pool-333-thread-1] INFO  impl.RoleInfo (RoleInfo.java:updateAndGet(130)) - b3570078-f6e2-4b7a-8962-99d3351b1084: start b3570078-f6e2-4b7a-8962-99d3351b1084@group-0D998C0963B1-FollowerState
2021-01-10 13:36:39,302 [pool-333-thread-1] INFO  util.JmxRegister (JmxRegister.java:tryRegister(44)) - Successfully registered JMX Bean with object name Ratis:service=RaftServer,group=group-0D998C0963B1,id=b3570078-f6e2-4b7a-8962-99d3351b1084
2021-01-10 13:36:39,302 [pool-333-thread-1] INFO  metrics.RatisMetrics (RatisMetrics.java:lambda$create$0(36)) - Creating Metrics Registry : ratis.state_machine.b3570078-f6e2-4b7a-8962-99d3351b1084@group-0D998C0963B1
2021-01-10 13:36:39,305 [Command processor thread] INFO  metrics.RatisMetrics (RatisMetrics.java:lambda$create$0(36)) - Creating Metrics Registry : ratis.client_message_metrics.client-EDA437451762->0ad6d196-e751-48c8-8ca7-d67dcf240f32
2021-01-10 13:36:39,311 [grpc-default-executor-4] INFO  metrics.RatisMetrics (RatisMetrics.java:lambda$create$0(36)) - Creating Metrics Registry : ratis.server_message_metrics.0ad6d196-e751-48c8-8ca7-d67dcf240f32
2021-01-10 13:36:39,313 [grpc-default-executor-4] INFO  server.RaftServer (RaftServerProxy.java:addNew(95)) - 0ad6d196-e751-48c8-8ca7-d67dcf240f32: addNew group-0D998C0963B1:[b3570078-f6e2-4b7a-8962-99d3351b1084|rpc:172.17.0.2:45597|dataStream:|priority:0, 0ad6d196-e751-48c8-8ca7-d67dcf240f32|rpc:172.17.0.2:38183|dataStream:|priority:1, 2f093e54-b728-4a2a-9239-b3f8c2a2e755|rpc:172.17.0.2:36353|dataStream:|priority:0] returns group-0D998C0963B1:java.util.concurrent.CompletableFuture@69533c68[Not completed]
2021-01-10 13:36:39,314 [pool-348-thread-1] INFO  server.RaftServer$Division (RaftServerImpl.java:<init>(179)) - 0ad6d196-e751-48c8-8ca7-d67dcf240f32: new RaftServerImpl for group-0D998C0963B1:[b3570078-f6e2-4b7a-8962-99d3351b1084|rpc:172.17.0.2:45597|dataStream:|priority:0, 0ad6d196-e751-48c8-8ca7-d67dcf240f32|rpc:172.17.0.2:38183|dataStream:|priority:1, 2f093e54-b728-4a2a-9239-b3f8c2a2e755|rpc:172.17.0.2:36353|dataStream:|priority:0] with ContainerStateMachine:uninitialized
2021-01-10 13:36:39,315 [pool-348-thread-1] INFO  server.RaftServerConfigKeys (ConfUtils.java:logGet(44)) - raft.server.rpc.timeout.min = 5s (custom)
2021-01-10 13:36:39,315 [pool-348-thread-1] INFO  server.RaftServerConfigKeys (ConfUtils.java:logGet(44)) - raft.server.rpc.timeout.max = 5200ms (custom)
2021-01-10 13:36:39,315 [pool-348-thread-1] INFO  server.RaftServerConfigKeys (ConfUtils.java:logGet(44)) - raft.server.rpc.sleep.time = 25ms (default)
2021-01-10 13:36:39,315 [pool-348-thread-1] INFO  server.RaftServerConfigKeys (ConfUtils.java:logGet(44)) - raft.server.rpc.slowness.timeout = 300s (custom)
2021-01-10 13:36:39,315 [pool-348-thread-1] INFO  server.RaftServerConfigKeys (ConfUtils.java:logGet(44)) - raft.server.leaderelection.leader.step-down.wait-time = 10s (default)
2021-01-10 13:36:39,315 [pool-348-thread-1] INFO  server.RaftServerConfigKeys (ConfUtils.java:logGet(44)) - raft.server.sleep.deviation.threshold = 300ms (default)
2021-01-10 13:36:39,315 [pool-348-thread-1] INFO  server.RaftServerConfigKeys (ConfUtils.java:logGet(44)) - raft.server.log.appender.install.snapshot.enabled = false (custom)
2021-01-10 13:36:39,315 [pool-348-thread-1] INFO  server.RaftServer$Division (ServerState.java:<init>(103)) - 0ad6d196-e751-48c8-8ca7-d67dcf240f32@group-0D998C0963B1: ConfigurationManager, init=-1: [b3570078-f6e2-4b7a-8962-99d3351b1084|rpc:172.17.0.2:45597|dataStream:|priority:0, 0ad6d196-e751-48c8-8ca7-d67dcf240f32|rpc:172.17.0.2:38183|dataStream:|priority:1, 2f093e54-b728-4a2a-9239-b3f8c2a2e755|rpc:172.17.0.2:36353|dataStream:|priority:0], old=null, confs=<EMPTY_MAP>
2021-01-10 13:36:39,315 [pool-348-thread-1] INFO  server.RaftServerConfigKeys (ConfUtils.java:logGet(44)) - raft.server.storage.dir = [/github/workspace/mnt/ozone/hadoop-ozone/integration-test/target/test-dir/MiniOzoneClusterImpl-0ee44e4a-5790-445b-bee5-3ef48b2e27da/datanode-4/data/ratis] (custom)
2021-01-10 13:36:39,315 [pool-348-thread-1] INFO  server.RaftServerConfigKeys (ConfUtils.java:logGet(44)) - raft.server.log.corruption.policy = EXCEPTION (default)
2021-01-10 13:36:39,316 [pool-348-thread-1] INFO  storage.RaftStorageDirectory (RaftStorageDirectoryImpl.java:analyzeStorage(132)) - The storage directory /github/workspace/mnt/ozone/hadoop-ozone/integration-test/target/test-dir/MiniOzoneClusterImpl-0ee44e4a-5790-445b-bee5-3ef48b2e27da/datanode-4/data/ratis/b3c08616-cf70-4772-8e17-0d998c0963b1 does not exist. Creating ...
2021-01-10 13:36:39,317 [pool-348-thread-1] INFO  storage.RaftStorageDirectory (RaftStorageDirectoryImpl.java:tryLock(215)) - Lock on /github/workspace/mnt/ozone/hadoop-ozone/integration-test/target/test-dir/MiniOzoneClusterImpl-0ee44e4a-5790-445b-bee5-3ef48b2e27da/datanode-4/data/ratis/b3c08616-cf70-4772-8e17-0d998c0963b1/in_use.lock acquired by nodename 29989@c2cea8100722
2021-01-10 13:36:39,319 [pool-348-thread-1] INFO  storage.RaftStorage (RaftStorageImpl.java:format(87)) - Storage directory /github/workspace/mnt/ozone/hadoop-ozone/integration-test/target/test-dir/MiniOzoneClusterImpl-0ee44e4a-5790-445b-bee5-3ef48b2e27da/datanode-4/data/ratis/b3c08616-cf70-4772-8e17-0d998c0963b1 has been successfully formatted.
2021-01-10 13:36:39,322 [EventQueue-PipelineReportForOneReplicaPipelineSafeModeRule] INFO  safemode.SCMSafeModeManager (SCMSafeModeManager.java:validateSafeModeExitRules(214)) - AtleastOneDatanodeReportedRule rule is successfully validated
2021-01-10 13:36:39,323 [pool-348-thread-1] INFO  ratis.ContainerStateMachine (ContainerStateMachine.java:loadSnapshot(223)) - group-0D998C0963B1: The snapshot info is null. Setting the last applied indexto:(t:0, i:~)
2021-01-10 13:36:39,323 [pool-348-thread-1] ERROR storage.RaftStorage (RaftStorageImpl.java:readRaftConfiguration(147)) - Failed reading configuration from file:/github/workspace/mnt/ozone/hadoop-ozone/integration-test/target/test-dir/MiniOzoneClusterImpl-0ee44e4a-5790-445b-bee5-3ef48b2e27da/datanode-4/data/ratis/b3c08616-cf70-4772-8e17-0d998c0963b1/current/raft-meta.conf
java.io.FileNotFoundException: /github/workspace/mnt/ozone/hadoop-ozone/integration-test/target/test-dir/MiniOzoneClusterImpl-0ee44e4a-5790-445b-bee5-3ef48b2e27da/datanode-4/data/ratis/b3c08616-cf70-4772-8e17-0d998c0963b1/current/raft-meta.conf (No such file or directory)
	at java.io.FileInputStream.open0(Native Method)
	at java.io.FileInputStream.open(FileInputStream.java:195)
	at java.io.FileInputStream.<init>(FileInputStream.java:138)
	at org.apache.ratis.server.storage.RaftStorageImpl.readRaftConfiguration(RaftStorageImpl.java:143)
	at org.apache.ratis.server.impl.ServerState.<init>(ServerState.java:113)
	at org.apache.ratis.server.impl.RaftServerImpl.<init>(RaftServerImpl.java:192)
	at org.apache.ratis.server.impl.RaftServerProxy.lambda$newRaftServerImpl$4(RaftServerProxy.java:266)
	at java.util.concurrent.CompletableFuture$AsyncSupply.run(CompletableFuture.java:1604)
	at java.util.concurrent.ThreadPoolExecutor.runWorker(ThreadPoolExecutor.java:1149)
	at java.util.concurrent.ThreadPoolExecutor$Worker.run(ThreadPoolExecutor.java:624)
	at java.lang.Thread.run(Thread.java:748)
2021-01-10 13:36:39,323 [pool-348-thread-1] INFO  server.RaftServerConfigKeys (ConfUtils.java:logGet(44)) - raft.server.notification.no-leader.timeout = 300s (custom)
2021-01-10 13:36:39,324 [pool-348-thread-1] INFO  server.RaftServerConfigKeys (ConfUtils.java:logGet(44)) - raft.server.log.use.memory = false (default)
2021-01-10 13:36:39,324 [pool-348-thread-1] INFO  server.RaftServerConfigKeys (ConfUtils.java:logGet(44)) - raft.server.log.purge.gap = 1000000 (custom)
2021-01-10 13:36:39,324 [pool-348-thread-1] INFO  server.RaftServerConfigKeys (ConfUtils.java:logGet(44)) - raft.server.log.appender.buffer.byte-limit = 33554432 (custom)
2021-01-10 13:36:39,324 [pool-348-thread-1] INFO  metrics.RatisMetrics (RatisMetrics.java:lambda$create$0(36)) - Creating Metrics Registry : ratis.log_worker.0ad6d196-e751-48c8-8ca7-d67dcf240f32@group-0D998C0963B1
2021-01-10 13:36:39,324 [pool-348-thread-1] INFO  server.RaftServerConfigKeys (ConfUtils.java:logGet(44)) - raft.server.log.segment.size.max = 1048576 (custom)
2021-01-10 13:36:39,324 [pool-348-thread-1] INFO  server.RaftServerConfigKeys (ConfUtils.java:logGet(44)) - raft.server.log.segment.cache.num.max = 2 (custom)
2021-01-10 13:36:39,325 [pool-348-thread-1] INFO  server.RaftServerConfigKeys (ConfUtils.java:logGet(44)) - raft.server.log.segment.cache.size.max = 200MB (=209715200) (default)
2021-01-10 13:36:39,325 [pool-348-thread-1] INFO  segmented.SegmentedRaftLogWorker (SegmentedRaftLogWorker.java:<init>(181)) - new 0ad6d196-e751-48c8-8ca7-d67dcf240f32@group-0D998C0963B1-SegmentedRaftLogWorker for RaftStorageImpl:Storage Directory /github/workspace/mnt/ozone/hadoop-ozone/integration-test/target/test-dir/MiniOzoneClusterImpl-0ee44e4a-5790-445b-bee5-3ef48b2e27da/datanode-4/data/ratis/b3c08616-cf70-4772-8e17-0d998c0963b1
2021-01-10 13:36:39,325 [pool-348-thread-1] INFO  server.RaftServerConfigKeys (ConfUtils.java:logGet(44)) - raft.server.log.queue.byte-limit = 2147483647 (custom)
2021-01-10 13:36:39,325 [pool-348-thread-1] INFO  server.RaftServerConfigKeys (ConfUtils.java:logGet(44)) - raft.server.log.queue.element-limit = 1024 (custom)
2021-01-10 13:36:39,325 [pool-348-thread-1] INFO  server.RaftServerConfigKeys (ConfUtils.java:logGet(44)) - raft.server.log.segment.size.max = 1048576 (custom)
2021-01-10 13:36:39,325 [pool-348-thread-1] INFO  server.RaftServerConfigKeys (ConfUtils.java:logGet(44)) - raft.server.log.preallocated.size = 16384 (custom)
2021-01-10 13:36:39,325 [pool-348-thread-1] INFO  server.RaftServerConfigKeys (ConfUtils.java:logGet(44)) - raft.server.log.force.sync.num = 128 (default)
2021-01-10 13:36:39,325 [pool-348-thread-1] INFO  server.RaftServerConfigKeys (ConfUtils.java:logGet(44)) - raft.server.log.statemachine.data.sync = true (default)
2021-01-10 13:36:39,325 [pool-348-thread-1] INFO  server.RaftServerConfigKeys (ConfUtils.java:logGet(44)) - raft.server.log.statemachine.data.sync.timeout = 10s (default)
2021-01-10 13:36:39,325 [pool-348-thread-1] INFO  server.RaftServerConfigKeys (ConfUtils.java:logGet(44)) - raft.server.log.statemachine.data.sync.timeout.retry = -1 (default)
2021-01-10 13:36:39,326 [pool-348-thread-1] INFO  server.RaftServerConfigKeys (ConfUtils.java:logGet(44)) - raft.server.log.write.buffer.size = 1048576 (custom)
2021-01-10 13:36:39,328 [pool-348-thread-1] INFO  server.RaftServerConfigKeys (ConfUtils.java:logGet(44)) - raft.server.log.statemachine.data.caching.enabled = true (custom)
2021-01-10 13:36:39,328 [pool-348-thread-1] INFO  segmented.SegmentedRaftLogWorker (SegmentedRaftLogWorker.java:lambda$new$0(132)) - 0ad6d196-e751-48c8-8ca7-d67dcf240f32@group-0D998C0963B1-SegmentedRaftLogWorker: flushIndex: setUnconditionally 0 -> -1
2021-01-10 13:36:39,328 [pool-348-thread-1] INFO  segmented.SegmentedRaftLogWorker (SegmentedRaftLogWorker.java:lambda$new$0(132)) - 0ad6d196-e751-48c8-8ca7-d67dcf240f32@group-0D998C0963B1-SegmentedRaftLogWorker: safeCacheEvictIndex: setUnconditionally 0 -> -1
2021-01-10 13:36:39,329 [pool-348-thread-1] INFO  server.RaftServerConfigKeys (ConfUtils.java:logGet(44)) - raft.server.snapshot.auto.trigger.enabled = true (custom)
2021-01-10 13:36:39,329 [pool-348-thread-1] INFO  server.RaftServerConfigKeys (ConfUtils.java:logGet(44)) - raft.server.snapshot.auto.trigger.threshold = 10000 (custom)
2021-01-10 13:36:39,329 [pool-348-thread-1] INFO  server.RaftServerConfigKeys (ConfUtils.java:logGet(44)) - raft.server.snapshot.retention.file.num = 5 (custom)
2021-01-10 13:36:39,329 [pool-348-thread-1] INFO  server.RaftServerConfigKeys (ConfUtils.java:logGet(44)) - raft.server.log.purge.upto.snapshot.index = false (default)
2021-01-10 13:36:39,329 [pool-348-thread-1] INFO  server.RaftServerConfigKeys (ConfUtils.java:logGet(44)) - raft.server.retrycache.expirytime = 600000ms (custom)
2021-01-10 13:36:39,329 [pool-348-thread-1] INFO  server.RaftServerConfigKeys (ConfUtils.java:logGet(44)) - raft.server.retrycache.statistics.expirytime = 100?s (default)
2021-01-10 13:36:39,329 [pool-348-thread-1] INFO  metrics.RatisMetrics (RatisMetrics.java:lambda$create$0(36)) - Creating Metrics Registry : ratis.leader_election.0ad6d196-e751-48c8-8ca7-d67dcf240f32@group-0D998C0963B1
2021-01-10 13:36:39,329 [pool-348-thread-1] INFO  metrics.RatisMetrics (RatisMetrics.java:lambda$create$0(36)) - Creating Metrics Registry : ratis.server.0ad6d196-e751-48c8-8ca7-d67dcf240f32@group-0D998C0963B1
2021-01-10 13:36:39,330 [pool-348-thread-1] INFO  server.RaftServer$Division (RaftServerImpl.java:start(294)) - 0ad6d196-e751-48c8-8ca7-d67dcf240f32@group-0D998C0963B1: start as a follower, conf=-1: [b3570078-f6e2-4b7a-8962-99d3351b1084|rpc:172.17.0.2:45597|dataStream:|priority:0, 0ad6d196-e751-48c8-8ca7-d67dcf240f32|rpc:172.17.0.2:38183|dataStream:|priority:1, 2f093e54-b728-4a2a-9239-b3f8c2a2e755|rpc:172.17.0.2:36353|dataStream:|priority:0], old=null
2021-01-10 13:36:39,330 [pool-348-thread-1] INFO  server.RaftServer$Division (RaftServerImpl.java:setRole(283)) - 0ad6d196-e751-48c8-8ca7-d67dcf240f32@group-0D998C0963B1: changes role from      null to FOLLOWER at term 0 for startAsFollower
2021-01-10 13:36:39,330 [pool-348-thread-1] INFO  impl.RoleInfo (RoleInfo.java:updateAndGet(130)) - 0ad6d196-e751-48c8-8ca7-d67dcf240f32: start 0ad6d196-e751-48c8-8ca7-d67dcf240f32@group-0D998C0963B1-FollowerState
2021-01-10 13:36:39,331 [pool-348-thread-1] INFO  util.JmxRegister (JmxRegister.java:tryRegister(44)) - Successfully registered JMX Bean with object name Ratis:service=RaftServer,group=group-0D998C0963B1,id=0ad6d196-e751-48c8-8ca7-d67dcf240f32
2021-01-10 13:36:39,331 [pool-348-thread-1] INFO  metrics.RatisMetrics (RatisMetrics.java:lambda$create$0(36)) - Creating Metrics Registry : ratis.state_machine.0ad6d196-e751-48c8-8ca7-d67dcf240f32@group-0D998C0963B1
2021-01-10 13:36:39,338 [Command processor thread] INFO  metrics.RatisMetrics (RatisMetrics.java:lambda$create$0(36)) - Creating Metrics Registry : ratis.client_message_metrics.client-DF979DCF441C->2f093e54-b728-4a2a-9239-b3f8c2a2e755
2021-01-10 13:36:39,343 [grpc-default-executor-4] INFO  metrics.RatisMetrics (RatisMetrics.java:lambda$create$0(36)) - Creating Metrics Registry : ratis.server_message_metrics.2f093e54-b728-4a2a-9239-b3f8c2a2e755
2021-01-10 13:36:39,345 [grpc-default-executor-4] INFO  server.RaftServer (RaftServerProxy.java:addNew(95)) - 2f093e54-b728-4a2a-9239-b3f8c2a2e755: addNew group-0D998C0963B1:[b3570078-f6e2-4b7a-8962-99d3351b1084|rpc:172.17.0.2:45597|dataStream:|priority:0, 0ad6d196-e751-48c8-8ca7-d67dcf240f32|rpc:172.17.0.2:38183|dataStream:|priority:1, 2f093e54-b728-4a2a-9239-b3f8c2a2e755|rpc:172.17.0.2:36353|dataStream:|priority:0] returns group-0D998C0963B1:java.util.concurrent.CompletableFuture@19889581[Not completed]
2021-01-10 13:36:39,346 [pool-365-thread-1] INFO  server.RaftServer$Division (RaftServerImpl.java:<init>(179)) - 2f093e54-b728-4a2a-9239-b3f8c2a2e755: new RaftServerImpl for group-0D998C0963B1:[b3570078-f6e2-4b7a-8962-99d3351b1084|rpc:172.17.0.2:45597|dataStream:|priority:0, 0ad6d196-e751-48c8-8ca7-d67dcf240f32|rpc:172.17.0.2:38183|dataStream:|priority:1, 2f093e54-b728-4a2a-9239-b3f8c2a2e755|rpc:172.17.0.2:36353|dataStream:|priority:0] with ContainerStateMachine:uninitialized
2021-01-10 13:36:39,347 [pool-365-thread-1] INFO  server.RaftServerConfigKeys (ConfUtils.java:logGet(44)) - raft.server.rpc.timeout.min = 5s (custom)
2021-01-10 13:36:39,347 [pool-365-thread-1] INFO  server.RaftServerConfigKeys (ConfUtils.java:logGet(44)) - raft.server.rpc.timeout.max = 5200ms (custom)
2021-01-10 13:36:39,348 [pool-365-thread-1] INFO  server.RaftServerConfigKeys (ConfUtils.java:logGet(44)) - raft.server.rpc.sleep.time = 25ms (default)
2021-01-10 13:36:39,348 [pool-365-thread-1] INFO  server.RaftServerConfigKeys (ConfUtils.java:logGet(44)) - raft.server.rpc.slowness.timeout = 300s (custom)
2021-01-10 13:36:39,348 [pool-365-thread-1] INFO  server.RaftServerConfigKeys (ConfUtils.java:logGet(44)) - raft.server.leaderelection.leader.step-down.wait-time = 10s (default)
2021-01-10 13:36:39,348 [pool-365-thread-1] INFO  server.RaftServerConfigKeys (ConfUtils.java:logGet(44)) - raft.server.sleep.deviation.threshold = 300ms (default)
2021-01-10 13:36:39,348 [pool-365-thread-1] INFO  server.RaftServerConfigKeys (ConfUtils.java:logGet(44)) - raft.server.log.appender.install.snapshot.enabled = false (custom)
2021-01-10 13:36:39,348 [pool-365-thread-1] INFO  server.RaftServer$Division (ServerState.java:<init>(103)) - 2f093e54-b728-4a2a-9239-b3f8c2a2e755@group-0D998C0963B1: ConfigurationManager, init=-1: [b3570078-f6e2-4b7a-8962-99d3351b1084|rpc:172.17.0.2:45597|dataStream:|priority:0, 0ad6d196-e751-48c8-8ca7-d67dcf240f32|rpc:172.17.0.2:38183|dataStream:|priority:1, 2f093e54-b728-4a2a-9239-b3f8c2a2e755|rpc:172.17.0.2:36353|dataStream:|priority:0], old=null, confs=<EMPTY_MAP>
2021-01-10 13:36:39,348 [pool-365-thread-1] INFO  server.RaftServerConfigKeys (ConfUtils.java:logGet(44)) - raft.server.storage.dir = [/github/workspace/mnt/ozone/hadoop-ozone/integration-test/target/test-dir/MiniOzoneClusterImpl-0ee44e4a-5790-445b-bee5-3ef48b2e27da/datanode-5/data/ratis] (custom)
2021-01-10 13:36:39,348 [pool-365-thread-1] INFO  server.RaftServerConfigKeys (ConfUtils.java:logGet(44)) - raft.server.log.corruption.policy = EXCEPTION (default)
2021-01-10 13:36:39,348 [pool-365-thread-1] INFO  storage.RaftStorageDirectory (RaftStorageDirectoryImpl.java:analyzeStorage(132)) - The storage directory /github/workspace/mnt/ozone/hadoop-ozone/integration-test/target/test-dir/MiniOzoneClusterImpl-0ee44e4a-5790-445b-bee5-3ef48b2e27da/datanode-5/data/ratis/b3c08616-cf70-4772-8e17-0d998c0963b1 does not exist. Creating ...
2021-01-10 13:36:39,349 [pool-365-thread-1] INFO  storage.RaftStorageDirectory (RaftStorageDirectoryImpl.java:tryLock(215)) - Lock on /github/workspace/mnt/ozone/hadoop-ozone/integration-test/target/test-dir/MiniOzoneClusterImpl-0ee44e4a-5790-445b-bee5-3ef48b2e27da/datanode-5/data/ratis/b3c08616-cf70-4772-8e17-0d998c0963b1/in_use.lock acquired by nodename 29989@c2cea8100722
2021-01-10 13:36:39,350 [pool-365-thread-1] INFO  storage.RaftStorage (RaftStorageImpl.java:format(87)) - Storage directory /github/workspace/mnt/ozone/hadoop-ozone/integration-test/target/test-dir/MiniOzoneClusterImpl-0ee44e4a-5790-445b-bee5-3ef48b2e27da/datanode-5/data/ratis/b3c08616-cf70-4772-8e17-0d998c0963b1 has been successfully formatted.
2021-01-10 13:36:39,351 [pool-365-thread-1] INFO  ratis.ContainerStateMachine (ContainerStateMachine.java:loadSnapshot(223)) - group-0D998C0963B1: The snapshot info is null. Setting the last applied indexto:(t:0, i:~)
2021-01-10 13:36:39,351 [pool-365-thread-1] ERROR storage.RaftStorage (RaftStorageImpl.java:readRaftConfiguration(147)) - Failed reading configuration from file:/github/workspace/mnt/ozone/hadoop-ozone/integration-test/target/test-dir/MiniOzoneClusterImpl-0ee44e4a-5790-445b-bee5-3ef48b2e27da/datanode-5/data/ratis/b3c08616-cf70-4772-8e17-0d998c0963b1/current/raft-meta.conf
java.io.FileNotFoundException: /github/workspace/mnt/ozone/hadoop-ozone/integration-test/target/test-dir/MiniOzoneClusterImpl-0ee44e4a-5790-445b-bee5-3ef48b2e27da/datanode-5/data/ratis/b3c08616-cf70-4772-8e17-0d998c0963b1/current/raft-meta.conf (No such file or directory)
	at java.io.FileInputStream.open0(Native Method)
	at java.io.FileInputStream.open(FileInputStream.java:195)
	at java.io.FileInputStream.<init>(FileInputStream.java:138)
	at org.apache.ratis.server.storage.RaftStorageImpl.readRaftConfiguration(RaftStorageImpl.java:143)
	at org.apache.ratis.server.impl.ServerState.<init>(ServerState.java:113)
	at org.apache.ratis.server.impl.RaftServerImpl.<init>(RaftServerImpl.java:192)
	at org.apache.ratis.server.impl.RaftServerProxy.lambda$newRaftServerImpl$4(RaftServerProxy.java:266)
	at java.util.concurrent.CompletableFuture$AsyncSupply.run(CompletableFuture.java:1604)
	at java.util.concurrent.ThreadPoolExecutor.runWorker(ThreadPoolExecutor.java:1149)
	at java.util.concurrent.ThreadPoolExecutor$Worker.run(ThreadPoolExecutor.java:624)
	at java.lang.Thread.run(Thread.java:748)
2021-01-10 13:36:39,351 [EventQueue-PipelineReportForOneReplicaPipelineSafeModeRule] INFO  safemode.SCMSafeModeManager (SCMSafeModeManager.java:validateSafeModeExitRules(214)) - AtleastOneDatanodeReportedRule rule is successfully validated
2021-01-10 13:36:39,352 [pool-365-thread-1] INFO  server.RaftServerConfigKeys (ConfUtils.java:logGet(44)) - raft.server.notification.no-leader.timeout = 300s (custom)
2021-01-10 13:36:39,352 [pool-365-thread-1] INFO  server.RaftServerConfigKeys (ConfUtils.java:logGet(44)) - raft.server.log.use.memory = false (default)
2021-01-10 13:36:39,353 [pool-365-thread-1] INFO  server.RaftServerConfigKeys (ConfUtils.java:logGet(44)) - raft.server.log.purge.gap = 1000000 (custom)
2021-01-10 13:36:39,353 [pool-365-thread-1] INFO  server.RaftServerConfigKeys (ConfUtils.java:logGet(44)) - raft.server.log.appender.buffer.byte-limit = 33554432 (custom)
2021-01-10 13:36:39,353 [pool-365-thread-1] INFO  metrics.RatisMetrics (RatisMetrics.java:lambda$create$0(36)) - Creating Metrics Registry : ratis.log_worker.2f093e54-b728-4a2a-9239-b3f8c2a2e755@group-0D998C0963B1
2021-01-10 13:36:39,353 [pool-365-thread-1] INFO  server.RaftServerConfigKeys (ConfUtils.java:logGet(44)) - raft.server.log.segment.size.max = 1048576 (custom)
2021-01-10 13:36:39,354 [pool-365-thread-1] INFO  server.RaftServerConfigKeys (ConfUtils.java:logGet(44)) - raft.server.log.segment.cache.num.max = 2 (custom)
2021-01-10 13:36:39,354 [pool-365-thread-1] INFO  server.RaftServerConfigKeys (ConfUtils.java:logGet(44)) - raft.server.log.segment.cache.size.max = 200MB (=209715200) (default)
2021-01-10 13:36:39,354 [pool-365-thread-1] INFO  segmented.SegmentedRaftLogWorker (SegmentedRaftLogWorker.java:<init>(181)) - new 2f093e54-b728-4a2a-9239-b3f8c2a2e755@group-0D998C0963B1-SegmentedRaftLogWorker for RaftStorageImpl:Storage Directory /github/workspace/mnt/ozone/hadoop-ozone/integration-test/target/test-dir/MiniOzoneClusterImpl-0ee44e4a-5790-445b-bee5-3ef48b2e27da/datanode-5/data/ratis/b3c08616-cf70-4772-8e17-0d998c0963b1
2021-01-10 13:36:39,354 [pool-365-thread-1] INFO  server.RaftServerConfigKeys (ConfUtils.java:logGet(44)) - raft.server.log.queue.byte-limit = 2147483647 (custom)
2021-01-10 13:36:39,354 [pool-365-thread-1] INFO  server.RaftServerConfigKeys (ConfUtils.java:logGet(44)) - raft.server.log.queue.element-limit = 1024 (custom)
2021-01-10 13:36:39,354 [pool-365-thread-1] INFO  server.RaftServerConfigKeys (ConfUtils.java:logGet(44)) - raft.server.log.segment.size.max = 1048576 (custom)
2021-01-10 13:36:39,354 [pool-365-thread-1] INFO  server.RaftServerConfigKeys (ConfUtils.java:logGet(44)) - raft.server.log.preallocated.size = 16384 (custom)
2021-01-10 13:36:39,354 [pool-365-thread-1] INFO  server.RaftServerConfigKeys (ConfUtils.java:logGet(44)) - raft.server.log.force.sync.num = 128 (default)
2021-01-10 13:36:39,354 [pool-365-thread-1] INFO  server.RaftServerConfigKeys (ConfUtils.java:logGet(44)) - raft.server.log.statemachine.data.sync = true (default)
2021-01-10 13:36:39,354 [pool-365-thread-1] INFO  server.RaftServerConfigKeys (ConfUtils.java:logGet(44)) - raft.server.log.statemachine.data.sync.timeout = 10s (default)
2021-01-10 13:36:39,354 [pool-365-thread-1] INFO  server.RaftServerConfigKeys (ConfUtils.java:logGet(44)) - raft.server.log.statemachine.data.sync.timeout.retry = -1 (default)
2021-01-10 13:36:39,355 [pool-365-thread-1] INFO  server.RaftServerConfigKeys (ConfUtils.java:logGet(44)) - raft.server.log.write.buffer.size = 1048576 (custom)
2021-01-10 13:36:39,356 [pool-365-thread-1] INFO  server.RaftServerConfigKeys (ConfUtils.java:logGet(44)) - raft.server.log.statemachine.data.caching.enabled = true (custom)
2021-01-10 13:36:39,356 [pool-365-thread-1] INFO  segmented.SegmentedRaftLogWorker (SegmentedRaftLogWorker.java:lambda$new$0(132)) - 2f093e54-b728-4a2a-9239-b3f8c2a2e755@group-0D998C0963B1-SegmentedRaftLogWorker: flushIndex: setUnconditionally 0 -> -1
2021-01-10 13:36:39,356 [pool-365-thread-1] INFO  segmented.SegmentedRaftLogWorker (SegmentedRaftLogWorker.java:lambda$new$0(132)) - 2f093e54-b728-4a2a-9239-b3f8c2a2e755@group-0D998C0963B1-SegmentedRaftLogWorker: safeCacheEvictIndex: setUnconditionally 0 -> -1
2021-01-10 13:36:39,357 [pool-365-thread-1] INFO  server.RaftServerConfigKeys (ConfUtils.java:logGet(44)) - raft.server.snapshot.auto.trigger.enabled = true (custom)
2021-01-10 13:36:39,357 [pool-365-thread-1] INFO  server.RaftServerConfigKeys (ConfUtils.java:logGet(44)) - raft.server.snapshot.auto.trigger.threshold = 10000 (custom)
2021-01-10 13:36:39,357 [pool-365-thread-1] INFO  server.RaftServerConfigKeys (ConfUtils.java:logGet(44)) - raft.server.snapshot.retention.file.num = 5 (custom)
2021-01-10 13:36:39,357 [pool-365-thread-1] INFO  server.RaftServerConfigKeys (ConfUtils.java:logGet(44)) - raft.server.log.purge.upto.snapshot.index = false (default)
2021-01-10 13:36:39,357 [pool-365-thread-1] INFO  server.RaftServerConfigKeys (ConfUtils.java:logGet(44)) - raft.server.retrycache.expirytime = 600000ms (custom)
2021-01-10 13:36:39,357 [pool-365-thread-1] INFO  server.RaftServerConfigKeys (ConfUtils.java:logGet(44)) - raft.server.retrycache.statistics.expirytime = 100?s (default)
2021-01-10 13:36:39,357 [pool-365-thread-1] INFO  metrics.RatisMetrics (RatisMetrics.java:lambda$create$0(36)) - Creating Metrics Registry : ratis.leader_election.2f093e54-b728-4a2a-9239-b3f8c2a2e755@group-0D998C0963B1
2021-01-10 13:36:39,357 [pool-365-thread-1] INFO  metrics.RatisMetrics (RatisMetrics.java:lambda$create$0(36)) - Creating Metrics Registry : ratis.server.2f093e54-b728-4a2a-9239-b3f8c2a2e755@group-0D998C0963B1
2021-01-10 13:36:39,358 [pool-365-thread-1] INFO  server.RaftServer$Division (RaftServerImpl.java:start(294)) - 2f093e54-b728-4a2a-9239-b3f8c2a2e755@group-0D998C0963B1: start as a follower, conf=-1: [b3570078-f6e2-4b7a-8962-99d3351b1084|rpc:172.17.0.2:45597|dataStream:|priority:0, 0ad6d196-e751-48c8-8ca7-d67dcf240f32|rpc:172.17.0.2:38183|dataStream:|priority:1, 2f093e54-b728-4a2a-9239-b3f8c2a2e755|rpc:172.17.0.2:36353|dataStream:|priority:0], old=null
2021-01-10 13:36:39,358 [pool-365-thread-1] INFO  server.RaftServer$Division (RaftServerImpl.java:setRole(283)) - 2f093e54-b728-4a2a-9239-b3f8c2a2e755@group-0D998C0963B1: changes role from      null to FOLLOWER at term 0 for startAsFollower
2021-01-10 13:36:39,358 [pool-365-thread-1] INFO  impl.RoleInfo (RoleInfo.java:updateAndGet(130)) - 2f093e54-b728-4a2a-9239-b3f8c2a2e755: start 2f093e54-b728-4a2a-9239-b3f8c2a2e755@group-0D998C0963B1-FollowerState
2021-01-10 13:36:39,359 [pool-365-thread-1] INFO  util.JmxRegister (JmxRegister.java:tryRegister(44)) - Successfully registered JMX Bean with object name Ratis:service=RaftServer,group=group-0D998C0963B1,id=2f093e54-b728-4a2a-9239-b3f8c2a2e755
2021-01-10 13:36:39,359 [pool-365-thread-1] INFO  metrics.RatisMetrics (RatisMetrics.java:lambda$create$0(36)) - Creating Metrics Registry : ratis.state_machine.2f093e54-b728-4a2a-9239-b3f8c2a2e755@group-0D998C0963B1
2021-01-10 13:36:39,372 [Command processor thread] INFO  commandhandler.CreatePipelineCommandHandler (CreatePipelineCommandHandler.java:handle(106)) - Created Pipeline RATIS THREE PipelineID=b3c08616-cf70-4772-8e17-0d998c0963b1.
2021-01-10 13:36:39,562 [EventQueue-PipelineReportForOneReplicaPipelineSafeModeRule] INFO  safemode.SCMSafeModeManager (SCMSafeModeManager.java:validateSafeModeExitRules(214)) - AtleastOneDatanodeReportedRule rule is successfully validated
2021-01-10 13:36:39,562 [EventQueue-OpenPipelineForHealthyPipelineSafeModeRule] INFO  safemode.SCMSafeModeManager (HealthyPipelineSafeModeRule.java:process(128)) - SCM in safe mode. Healthy pipelines reported count is 0, required healthy pipeline reported count is 1
2021-01-10 13:36:39,652 [Listener at 127.0.0.1/42999] INFO  ozone.MiniOzoneClusterImpl (MiniOzoneClusterImpl.java:lambda$waitForClusterToBeReady$0(179)) - Nodes are ready. Got 6 of 6 DN Heartbeats.
2021-01-10 13:36:39,653 [Listener at 127.0.0.1/42999] INFO  ozone.MiniOzoneClusterImpl (MiniOzoneClusterImpl.java:lambda$waitForClusterToBeReady$0(182)) - Waiting for cluster to exit safe mode
2021-01-10 13:36:39,665 [Thread-822] INFO  impl.FollowerState (FollowerState.java:run(133)) - 63b42672-d3a4-4132-9f43-651996da4388@group-91813F2FE7BB-FollowerState: change to CANDIDATE, lastRpcElapsedTime:5068396653ns, electionTimeout:5068ms
2021-01-10 13:36:39,666 [Thread-822] INFO  impl.RoleInfo (RoleInfo.java:shutdownFollowerState(108)) - 63b42672-d3a4-4132-9f43-651996da4388: shutdown 63b42672-d3a4-4132-9f43-651996da4388@group-91813F2FE7BB-FollowerState
2021-01-10 13:36:39,666 [Thread-822] INFO  server.RaftServer$Division (RaftServerImpl.java:setRole(283)) - 63b42672-d3a4-4132-9f43-651996da4388@group-91813F2FE7BB: changes role from  FOLLOWER to CANDIDATE at term 0 for changeToCandidate
2021-01-10 13:36:39,666 [Thread-822] INFO  impl.RoleInfo (RoleInfo.java:updateAndGet(130)) - 63b42672-d3a4-4132-9f43-651996da4388: start 63b42672-d3a4-4132-9f43-651996da4388@group-91813F2FE7BB-LeaderElection11
2021-01-10 13:36:39,670 [63b42672-d3a4-4132-9f43-651996da4388@group-91813F2FE7BB-LeaderElection11] INFO  impl.LeaderElection (LeaderElection.java:askForPreVotes(259)) - 63b42672-d3a4-4132-9f43-651996da4388@group-91813F2FE7BB-LeaderElection11: begin a pre-vote at term 0 for -1: [63b42672-d3a4-4132-9f43-651996da4388|rpc:172.17.0.2:41451|dataStream:|priority:1, 5a30f297-e3d6-40f2-a678-35d09e11e701|rpc:172.17.0.2:34335|dataStream:|priority:0, cfe20c21-fb82-45e1-aa84-22b1a6eaba94|rpc:172.17.0.2:45443|dataStream:|priority:0], old=null
2021-01-10 13:36:39,687 [grpc-default-executor-4] INFO  server.RaftServer$Division (RaftServerImpl.java:requestPreVote(1060)) - cfe20c21-fb82-45e1-aa84-22b1a6eaba94@group-91813F2FE7BB: receive preVote(63b42672-d3a4-4132-9f43-651996da4388, group-91813F2FE7BB, 0, (t:0, i:0))
2021-01-10 13:36:39,688 [grpc-default-executor-4] INFO  server.RaftServer$Division (RaftServerImpl.java:requestPreVote(1081)) - cfe20c21-fb82-45e1-aa84-22b1a6eaba94@group-91813F2FE7BB role: FOLLOWER allow pre-vote from:63b42672-d3a4-4132-9f43-651996da4388
2021-01-10 13:36:39,688 [grpc-default-executor-4] INFO  server.RaftServer$Division (RaftServerImpl.java:requestPreVote(1099)) - cfe20c21-fb82-45e1-aa84-22b1a6eaba94@group-91813F2FE7BB replies to pre-vote request: 63b42672-d3a4-4132-9f43-651996da4388<-cfe20c21-fb82-45e1-aa84-22b1a6eaba94#0:OK-t0. Peer's state: cfe20c21-fb82-45e1-aa84-22b1a6eaba94@group-91813F2FE7BB:t0, leader=null, voted=, raftlog=cfe20c21-fb82-45e1-aa84-22b1a6eaba94@group-91813F2FE7BB-SegmentedRaftLog:OPENED:c-1,f-1,i0, conf=-1: [63b42672-d3a4-4132-9f43-651996da4388|rpc:172.17.0.2:41451|dataStream:|priority:1, 5a30f297-e3d6-40f2-a678-35d09e11e701|rpc:172.17.0.2:34335|dataStream:|priority:0, cfe20c21-fb82-45e1-aa84-22b1a6eaba94|rpc:172.17.0.2:45443|dataStream:|priority:0], old=null
2021-01-10 13:36:39,688 [grpc-default-executor-1] INFO  metrics.RatisMetrics (RatisMetrics.java:lambda$create$0(36)) - Creating Metrics Registry : ratis.server_message_metrics.5a30f297-e3d6-40f2-a678-35d09e11e701
2021-01-10 13:36:39,697 [grpc-default-executor-1] INFO  server.RaftServer$Division (RaftServerImpl.java:requestPreVote(1060)) - 5a30f297-e3d6-40f2-a678-35d09e11e701@group-91813F2FE7BB: receive preVote(63b42672-d3a4-4132-9f43-651996da4388, group-91813F2FE7BB, 0, (t:0, i:0))
2021-01-10 13:36:39,697 [grpc-default-executor-1] INFO  server.RaftServer$Division (RaftServerImpl.java:requestPreVote(1081)) - 5a30f297-e3d6-40f2-a678-35d09e11e701@group-91813F2FE7BB role: FOLLOWER allow pre-vote from:63b42672-d3a4-4132-9f43-651996da4388
2021-01-10 13:36:39,697 [grpc-default-executor-1] INFO  server.RaftServer$Division (RaftServerImpl.java:requestPreVote(1099)) - 5a30f297-e3d6-40f2-a678-35d09e11e701@group-91813F2FE7BB replies to pre-vote request: 63b42672-d3a4-4132-9f43-651996da4388<-5a30f297-e3d6-40f2-a678-35d09e11e701#0:OK-t0. Peer's state: 5a30f297-e3d6-40f2-a678-35d09e11e701@group-91813F2FE7BB:t0, leader=null, voted=, raftlog=5a30f297-e3d6-40f2-a678-35d09e11e701@group-91813F2FE7BB-SegmentedRaftLog:OPENED:c-1,f-1,i0, conf=-1: [63b42672-d3a4-4132-9f43-651996da4388|rpc:172.17.0.2:41451|priority:1, 5a30f297-e3d6-40f2-a678-35d09e11e701|rpc:172.17.0.2:34335|priority:0, cfe20c21-fb82-45e1-aa84-22b1a6eaba94|rpc:172.17.0.2:45443|priority:0], old=null
2021-01-10 13:36:39,698 [63b42672-d3a4-4132-9f43-651996da4388@group-91813F2FE7BB-LeaderElection11] INFO  impl.LeaderElection (LeaderElection.java:logAndReturn(68)) - 63b42672-d3a4-4132-9f43-651996da4388@group-91813F2FE7BB-LeaderElection11: Pre-vote  PASSED received 1 response(s):[63b42672-d3a4-4132-9f43-651996da4388<-cfe20c21-fb82-45e1-aa84-22b1a6eaba94#0:OK-t0]
2021-01-10 13:36:39,699 [63b42672-d3a4-4132-9f43-651996da4388@group-91813F2FE7BB-LeaderElection11] INFO  impl.LeaderElection (LeaderElection.java:askForPreVotes(261)) - 63b42672-d3a4-4132-9f43-651996da4388@group-91813F2FE7BB-LeaderElection11 pre-vote result is PASSED.
2021-01-10 13:36:39,700 [63b42672-d3a4-4132-9f43-651996da4388@group-91813F2FE7BB-LeaderElection11] INFO  impl.LeaderElection (LeaderElection.java:askForVotes(308)) - 63b42672-d3a4-4132-9f43-651996da4388@group-91813F2FE7BB-LeaderElection11: begin an election at term 1 for -1: [63b42672-d3a4-4132-9f43-651996da4388|rpc:172.17.0.2:41451|dataStream:|priority:1, 5a30f297-e3d6-40f2-a678-35d09e11e701|rpc:172.17.0.2:34335|dataStream:|priority:0, cfe20c21-fb82-45e1-aa84-22b1a6eaba94|rpc:172.17.0.2:45443|dataStream:|priority:0], old=null
2021-01-10 13:36:39,713 [grpc-default-executor-1] INFO  server.RaftServer$Division (RaftServerImpl.java:setRole(283)) - cfe20c21-fb82-45e1-aa84-22b1a6eaba94@group-91813F2FE7BB: changes role from  FOLLOWER to FOLLOWER at term 1 for recognizeCandidate:63b42672-d3a4-4132-9f43-651996da4388
2021-01-10 13:36:39,714 [grpc-default-executor-1] INFO  impl.RoleInfo (RoleInfo.java:shutdownFollowerState(108)) - cfe20c21-fb82-45e1-aa84-22b1a6eaba94: shutdown cfe20c21-fb82-45e1-aa84-22b1a6eaba94@group-91813F2FE7BB-FollowerState
2021-01-10 13:36:39,714 [grpc-default-executor-1] INFO  impl.RoleInfo (RoleInfo.java:updateAndGet(130)) - cfe20c21-fb82-45e1-aa84-22b1a6eaba94: start cfe20c21-fb82-45e1-aa84-22b1a6eaba94@group-91813F2FE7BB-FollowerState
2021-01-10 13:36:39,714 [Thread-825] INFO  impl.FollowerState (FollowerState.java:run(142)) - cfe20c21-fb82-45e1-aa84-22b1a6eaba94@group-91813F2FE7BB-FollowerState was interrupted: {}
java.lang.InterruptedException: sleep interrupted
	at java.lang.Thread.sleep(Native Method)
	at java.lang.Thread.sleep(Thread.java:340)
	at java.util.concurrent.TimeUnit.sleep(TimeUnit.java:386)
	at org.apache.ratis.util.TimeDuration.sleep(TimeDuration.java:324)
	at org.apache.ratis.util.TimeDuration.sleep(TimeDuration.java:309)
	at org.apache.ratis.server.impl.FollowerState.run(FollowerState.java:117)
2021-01-10 13:36:39,717 [grpc-default-executor-4] INFO  server.RaftServer$Division (RaftServerImpl.java:setRole(283)) - 5a30f297-e3d6-40f2-a678-35d09e11e701@group-91813F2FE7BB: changes role from  FOLLOWER to FOLLOWER at term 1 for recognizeCandidate:63b42672-d3a4-4132-9f43-651996da4388
2021-01-10 13:36:39,717 [grpc-default-executor-4] INFO  impl.RoleInfo (RoleInfo.java:shutdownFollowerState(108)) - 5a30f297-e3d6-40f2-a678-35d09e11e701: shutdown 5a30f297-e3d6-40f2-a678-35d09e11e701@group-91813F2FE7BB-FollowerState
2021-01-10 13:36:39,717 [grpc-default-executor-4] INFO  impl.RoleInfo (RoleInfo.java:updateAndGet(130)) - 5a30f297-e3d6-40f2-a678-35d09e11e701: start 5a30f297-e3d6-40f2-a678-35d09e11e701@group-91813F2FE7BB-FollowerState
2021-01-10 13:36:39,714 [grpc-default-executor-1] INFO  server.RaftServer$Division (RaftServerImpl.java:requestVote(1137)) -  FOLLOWER cfe20c21-fb82-45e1-aa84-22b1a6eaba94@group-91813F2FE7BB:t1, leader=null, voted=null, raftlog=cfe20c21-fb82-45e1-aa84-22b1a6eaba94@group-91813F2FE7BB-SegmentedRaftLog:OPENED:c-1,f-1,i0, conf=-1: [63b42672-d3a4-4132-9f43-651996da4388|rpc:172.17.0.2:41451|dataStream:|priority:1, 5a30f297-e3d6-40f2-a678-35d09e11e701|rpc:172.17.0.2:34335|dataStream:|priority:0, cfe20c21-fb82-45e1-aa84-22b1a6eaba94|rpc:172.17.0.2:45443|dataStream:|priority:0], old=null RUNNING priority:0 candidate:63b42672-d3a4-4132-9f43-651996da4388|rpc:172.17.0.2:41451|dataStream:|priority:1 candidatePriority:1 compare:0
2021-01-10 13:36:39,717 [Thread-820] INFO  impl.FollowerState (FollowerState.java:run(142)) - 5a30f297-e3d6-40f2-a678-35d09e11e701@group-91813F2FE7BB-FollowerState was interrupted: {}
java.lang.InterruptedException: sleep interrupted
	at java.lang.Thread.sleep(Native Method)
	at java.lang.Thread.sleep(Thread.java:340)
	at java.util.concurrent.TimeUnit.sleep(TimeUnit.java:386)
	at org.apache.ratis.util.TimeDuration.sleep(TimeDuration.java:324)
	at org.apache.ratis.util.TimeDuration.sleep(TimeDuration.java:309)
	at org.apache.ratis.server.impl.FollowerState.run(FollowerState.java:117)
2021-01-10 13:36:39,718 [grpc-default-executor-4] INFO  server.RaftServer$Division (RaftServerImpl.java:requestVote(1137)) -  FOLLOWER 5a30f297-e3d6-40f2-a678-35d09e11e701@group-91813F2FE7BB:t1, leader=null, voted=null, raftlog=5a30f297-e3d6-40f2-a678-35d09e11e701@group-91813F2FE7BB-SegmentedRaftLog:OPENED:c-1,f-1,i0, conf=-1: [63b42672-d3a4-4132-9f43-651996da4388|rpc:172.17.0.2:41451|priority:1, 5a30f297-e3d6-40f2-a678-35d09e11e701|rpc:172.17.0.2:34335|priority:0, cfe20c21-fb82-45e1-aa84-22b1a6eaba94|rpc:172.17.0.2:45443|priority:0], old=null RUNNING priority:0 candidate:63b42672-d3a4-4132-9f43-651996da4388|rpc:172.17.0.2:41451|priority:1 candidatePriority:1 compare:0
2021-01-10 13:36:39,723 [63b42672-d3a4-4132-9f43-651996da4388@group-91813F2FE7BB-LeaderElection11] INFO  impl.LeaderElection (LeaderElection.java:logAndReturn(68)) - 63b42672-d3a4-4132-9f43-651996da4388@group-91813F2FE7BB-LeaderElection11: Election  PASSED received 1 response(s):[63b42672-d3a4-4132-9f43-651996da4388<-cfe20c21-fb82-45e1-aa84-22b1a6eaba94#0:OK-t1]
2021-01-10 13:36:39,724 [63b42672-d3a4-4132-9f43-651996da4388@group-91813F2FE7BB-LeaderElection11] INFO  impl.RoleInfo (RoleInfo.java:shutdownLeaderElection(121)) - 63b42672-d3a4-4132-9f43-651996da4388: shutdown 63b42672-d3a4-4132-9f43-651996da4388@group-91813F2FE7BB-LeaderElection11
2021-01-10 13:36:39,724 [63b42672-d3a4-4132-9f43-651996da4388@group-91813F2FE7BB-LeaderElection11] INFO  server.RaftServer$Division (RaftServerImpl.java:setRole(283)) - 63b42672-d3a4-4132-9f43-651996da4388@group-91813F2FE7BB: changes role from CANDIDATE to LEADER at term 1 for changeToLeader
2021-01-10 13:36:39,724 [63b42672-d3a4-4132-9f43-651996da4388@group-91813F2FE7BB-LeaderElection11] INFO  ratis.XceiverServerRatis (XceiverServerRatis.java:handleLeaderChangedNotification(868)) - Leader change notification received for group: group-91813F2FE7BB with new leaderId: 63b42672-d3a4-4132-9f43-651996da4388
2021-01-10 13:36:39,724 [63b42672-d3a4-4132-9f43-651996da4388@group-91813F2FE7BB-LeaderElection11] INFO  server.RaftServer$Division (ServerState.java:setLeader(249)) - 63b42672-d3a4-4132-9f43-651996da4388@group-91813F2FE7BB: change Leader from null to 63b42672-d3a4-4132-9f43-651996da4388 at term 1 for becomeLeader, leader elected after 5132ms
2021-01-10 13:36:39,724 [63b42672-d3a4-4132-9f43-651996da4388@group-91813F2FE7BB-LeaderElection11] INFO  server.RaftServerConfigKeys (ConfUtils.java:logGet(44)) - raft.server.staging.catchup.gap = 1000 (default)
2021-01-10 13:36:39,724 [63b42672-d3a4-4132-9f43-651996da4388@group-91813F2FE7BB-LeaderElection11] INFO  metrics.RatisMetrics (RatisMetrics.java:lambda$create$0(36)) - Creating Metrics Registry : ratis.log_appender.63b42672-d3a4-4132-9f43-651996da4388@group-91813F2FE7BB
2021-01-10 13:36:39,724 [63b42672-d3a4-4132-9f43-651996da4388@group-91813F2FE7BB-LeaderElection11] INFO  server.RaftServerConfigKeys (ConfUtils.java:logGet(44)) - raft.server.write.element-limit = 1024 (custom)
2021-01-10 13:36:39,724 [63b42672-d3a4-4132-9f43-651996da4388@group-91813F2FE7BB-LeaderElection11] INFO  server.RaftServerConfigKeys (ConfUtils.java:logGet(44)) - raft.server.write.byte-limit = 1073741824 (custom)
2021-01-10 13:36:39,725 [63b42672-d3a4-4132-9f43-651996da4388@group-91813F2FE7BB-LeaderElection11] INFO  server.RaftServerConfigKeys (ConfUtils.java:logGet(44)) - raft.server.watch.timeout = 180s (custom)
2021-01-10 13:36:39,725 [63b42672-d3a4-4132-9f43-651996da4388@group-91813F2FE7BB-LeaderElection11] INFO  server.RaftServerConfigKeys (ConfUtils.java:logGet(44)) - raft.server.watch.timeout.denomination = 1s (default)
2021-01-10 13:36:39,725 [63b42672-d3a4-4132-9f43-651996da4388@group-91813F2FE7BB-LeaderElection11] INFO  server.RaftServerConfigKeys (ConfUtils.java:logGet(44)) - raft.server.watch.element-limit = 65536 (default)
2021-01-10 13:36:39,725 [63b42672-d3a4-4132-9f43-651996da4388@group-91813F2FE7BB-LeaderElection11] INFO  server.RaftServerConfigKeys (ConfUtils.java:logGet(44)) - raft.server.log.appender.snapshot.chunk.size.max = 16MB (=16777216) (default)
2021-01-10 13:36:39,725 [63b42672-d3a4-4132-9f43-651996da4388@group-91813F2FE7BB-LeaderElection11] INFO  server.RaftServerConfigKeys (ConfUtils.java:logGet(44)) - raft.server.log.appender.buffer.byte-limit = 33554432 (custom)
2021-01-10 13:36:39,725 [63b42672-d3a4-4132-9f43-651996da4388@group-91813F2FE7BB-LeaderElection11] INFO  server.RaftServerConfigKeys (ConfUtils.java:logGet(44)) - raft.server.log.appender.buffer.element-limit = 1 (custom)
2021-01-10 13:36:39,725 [63b42672-d3a4-4132-9f43-651996da4388@group-91813F2FE7BB-LeaderElection11] INFO  grpc.GrpcConfigKeys (ConfUtils.java:logGet(44)) - raft.grpc.server.leader.outstanding.appends.max = 128 (default)
2021-01-10 13:36:39,725 [63b42672-d3a4-4132-9f43-651996da4388@group-91813F2FE7BB-LeaderElection11] INFO  server.RaftServerConfigKeys (ConfUtils.java:logGet(44)) - raft.server.rpc.request.timeout = 60s (custom)
2021-01-10 13:36:39,725 [63b42672-d3a4-4132-9f43-651996da4388@group-91813F2FE7BB-LeaderElection11] INFO  server.RaftServerConfigKeys (ConfUtils.java:logGet(44)) - raft.server.log.appender.install.snapshot.enabled = false (custom)
2021-01-10 13:36:39,725 [63b42672-d3a4-4132-9f43-651996da4388@group-91813F2FE7BB-LeaderElection11] INFO  metrics.RatisMetrics (RatisMetrics.java:lambda$create$0(36)) - Creating Metrics Registry : ratis_grpc.log_appender.63b42672-d3a4-4132-9f43-651996da4388@group-91813F2FE7BB
2021-01-10 13:36:39,726 [63b42672-d3a4-4132-9f43-651996da4388@group-91813F2FE7BB-LeaderElection11] INFO  server.RaftServerConfigKeys (ConfUtils.java:logGet(44)) - raft.server.log.appender.snapshot.chunk.size.max = 16MB (=16777216) (default)
2021-01-10 13:36:39,726 [63b42672-d3a4-4132-9f43-651996da4388@group-91813F2FE7BB-LeaderElection11] INFO  server.RaftServerConfigKeys (ConfUtils.java:logGet(44)) - raft.server.log.appender.buffer.byte-limit = 33554432 (custom)
2021-01-10 13:36:39,726 [63b42672-d3a4-4132-9f43-651996da4388@group-91813F2FE7BB-LeaderElection11] INFO  server.RaftServerConfigKeys (ConfUtils.java:logGet(44)) - raft.server.log.appender.buffer.element-limit = 1 (custom)
2021-01-10 13:36:39,727 [63b42672-d3a4-4132-9f43-651996da4388@group-91813F2FE7BB-LeaderElection11] INFO  grpc.GrpcConfigKeys (ConfUtils.java:logGet(44)) - raft.grpc.server.leader.outstanding.appends.max = 128 (default)
2021-01-10 13:36:39,727 [63b42672-d3a4-4132-9f43-651996da4388@group-91813F2FE7BB-LeaderElection11] INFO  server.RaftServerConfigKeys (ConfUtils.java:logGet(44)) - raft.server.rpc.request.timeout = 60s (custom)
2021-01-10 13:36:39,727 [63b42672-d3a4-4132-9f43-651996da4388@group-91813F2FE7BB-LeaderElection11] INFO  server.RaftServerConfigKeys (ConfUtils.java:logGet(44)) - raft.server.log.appender.install.snapshot.enabled = false (custom)
2021-01-10 13:36:39,728 [63b42672-d3a4-4132-9f43-651996da4388@group-91813F2FE7BB-LeaderElection11] INFO  impl.RoleInfo (RoleInfo.java:updateAndGet(130)) - 63b42672-d3a4-4132-9f43-651996da4388: start 63b42672-d3a4-4132-9f43-651996da4388@group-91813F2FE7BB-LeaderStateImpl
2021-01-10 13:36:39,728 [63b42672-d3a4-4132-9f43-651996da4388@group-91813F2FE7BB-LeaderElection11] INFO  segmented.SegmentedRaftLogWorker (SegmentedRaftLogWorker.java:startLogSegment(392)) - 63b42672-d3a4-4132-9f43-651996da4388@group-91813F2FE7BB-SegmentedRaftLogWorker: Starting segment from index:0
2021-01-10 13:36:39,729 [EventQueue-PipelineReportForPipelineReportHandler] INFO  pipeline.PipelineStateManager (PipelineStateManager.java:openPipeline(132)) - Pipeline Pipeline[ Id: 2179bdfc-ce7e-44d4-b365-91813f2fe7bb, Nodes: 63b42672-d3a4-4132-9f43-651996da4388{ip: 172.17.0.2, host: c2cea8100722, networkLocation: /default-rack, certSerialId: null, persistedOpState: IN_SERVICE, persistedOpStateExpiryEpochSec: 0}5a30f297-e3d6-40f2-a678-35d09e11e701{ip: 172.17.0.2, host: c2cea8100722, networkLocation: /default-rack, certSerialId: null, persistedOpState: IN_SERVICE, persistedOpStateExpiryEpochSec: 0}cfe20c21-fb82-45e1-aa84-22b1a6eaba94{ip: 172.17.0.2, host: c2cea8100722, networkLocation: /default-rack, certSerialId: null, persistedOpState: IN_SERVICE, persistedOpStateExpiryEpochSec: 0}, Type:RATIS, Factor:THREE, State:ALLOCATED, leaderId:63b42672-d3a4-4132-9f43-651996da4388, CreationTimestamp2021-01-10T13:36:31.977Z] moved to OPEN state
2021-01-10 13:36:39,732 [grpc-default-executor-1] INFO  ratis.XceiverServerRatis (XceiverServerRatis.java:handleLeaderChangedNotification(868)) - Leader change notification received for group: group-91813F2FE7BB with new leaderId: 63b42672-d3a4-4132-9f43-651996da4388
2021-01-10 13:36:39,745 [grpc-default-executor-1] INFO  server.RaftServer$Division (ServerState.java:setLeader(249)) - 5a30f297-e3d6-40f2-a678-35d09e11e701@group-91813F2FE7BB: change Leader from null to 63b42672-d3a4-4132-9f43-651996da4388 at term 1 for appendEntries, leader elected after 5171ms
2021-01-10 13:36:39,745 [63b42672-d3a4-4132-9f43-651996da4388@group-91813F2FE7BB-LeaderElection11] INFO  server.RaftServer$Division (ServerState.java:setRaftConf(368)) - 63b42672-d3a4-4132-9f43-651996da4388@group-91813F2FE7BB: set configuration 0: [63b42672-d3a4-4132-9f43-651996da4388|rpc:172.17.0.2:41451|dataStream:|priority:1, 5a30f297-e3d6-40f2-a678-35d09e11e701|rpc:172.17.0.2:34335|dataStream:|priority:0, cfe20c21-fb82-45e1-aa84-22b1a6eaba94|rpc:172.17.0.2:45443|dataStream:|priority:0], old=null
2021-01-10 13:36:39,730 [63b42672-d3a4-4132-9f43-651996da4388@group-91813F2FE7BB-SegmentedRaftLogWorker] INFO  segmented.SegmentedRaftLogWorker (SegmentedRaftLogWorker.java:execute(599)) - 63b42672-d3a4-4132-9f43-651996da4388@group-91813F2FE7BB-SegmentedRaftLogWorker: created new log segment /github/workspace/mnt/ozone/hadoop-ozone/integration-test/target/test-dir/MiniOzoneClusterImpl-0ee44e4a-5790-445b-bee5-3ef48b2e27da/datanode-2/data/ratis/2179bdfc-ce7e-44d4-b365-91813f2fe7bb/current/log_inprogress_0
2021-01-10 13:36:39,754 [grpc-default-executor-4] INFO  server.RaftServer$Division (ServerState.java:setRaftConf(368)) - 5a30f297-e3d6-40f2-a678-35d09e11e701@group-91813F2FE7BB: set configuration 0: [63b42672-d3a4-4132-9f43-651996da4388|rpc:172.17.0.2:41451|dataStream:|priority:1, 5a30f297-e3d6-40f2-a678-35d09e11e701|rpc:172.17.0.2:34335|dataStream:|priority:0, cfe20c21-fb82-45e1-aa84-22b1a6eaba94|rpc:172.17.0.2:45443|dataStream:|priority:0], old=null
2021-01-10 13:36:39,754 [grpc-default-executor-4] INFO  segmented.SegmentedRaftLogWorker (SegmentedRaftLogWorker.java:startLogSegment(392)) - 5a30f297-e3d6-40f2-a678-35d09e11e701@group-91813F2FE7BB-SegmentedRaftLogWorker: Starting segment from index:0
2021-01-10 13:36:39,729 [EventQueue-OpenPipelineForHealthyPipelineSafeModeRule] INFO  safemode.SCMSafeModeManager (HealthyPipelineSafeModeRule.java:process(128)) - SCM in safe mode. Healthy pipelines reported count is 0, required healthy pipeline reported count is 1
2021-01-10 13:36:39,755 [EventQueue-OpenPipelineForHealthyPipelineSafeModeRule] INFO  safemode.SCMSafeModeManager (HealthyPipelineSafeModeRule.java:process(128)) - SCM in safe mode. Healthy pipelines reported count is 1, required healthy pipeline reported count is 1
2021-01-10 13:36:39,729 [EventQueue-PipelineReportForOneReplicaPipelineSafeModeRule] INFO  safemode.SCMSafeModeManager (SCMSafeModeManager.java:validateSafeModeExitRules(214)) - AtleastOneDatanodeReportedRule rule is successfully validated
2021-01-10 13:36:39,758 [5a30f297-e3d6-40f2-a678-35d09e11e701@group-91813F2FE7BB-SegmentedRaftLogWorker] INFO  segmented.SegmentedRaftLogWorker (SegmentedRaftLogWorker.java:execute(599)) - 5a30f297-e3d6-40f2-a678-35d09e11e701@group-91813F2FE7BB-SegmentedRaftLogWorker: created new log segment /github/workspace/mnt/ozone/hadoop-ozone/integration-test/target/test-dir/MiniOzoneClusterImpl-0ee44e4a-5790-445b-bee5-3ef48b2e27da/datanode-0/data/ratis/2179bdfc-ce7e-44d4-b365-91813f2fe7bb/current/log_inprogress_0
2021-01-10 13:36:39,758 [Thread-818] INFO  impl.FollowerState (FollowerState.java:run(133)) - 5a30f297-e3d6-40f2-a678-35d09e11e701@group-2FAF46B9DE84-FollowerState: change to CANDIDATE, lastRpcElapsedTime:5203407430ns, electionTimeout:5200ms
2021-01-10 13:36:39,758 [EventQueue-OpenPipelineForHealthyPipelineSafeModeRule] INFO  safemode.SCMSafeModeManager (SCMSafeModeManager.java:validateSafeModeExitRules(214)) - HealthyPipelineSafeModeRule rule is successfully validated
2021-01-10 13:36:39,759 [EventQueue-OpenPipelineForHealthyPipelineSafeModeRule] INFO  safemode.SCMSafeModeManager (SCMSafeModeManager.java:validateSafeModeExitRules(228)) - ScmSafeModeManager, all rules are successfully validated
2021-01-10 13:36:39,759 [EventQueue-OpenPipelineForHealthyPipelineSafeModeRule] INFO  safemode.SCMSafeModeManager (SCMSafeModeManager.java:exitSafeMode(257)) - SCM exiting safe mode.
2021-01-10 13:36:39,762 [Thread-818] INFO  impl.RoleInfo (RoleInfo.java:shutdownFollowerState(108)) - 5a30f297-e3d6-40f2-a678-35d09e11e701: shutdown 5a30f297-e3d6-40f2-a678-35d09e11e701@group-2FAF46B9DE84-FollowerState
2021-01-10 13:36:39,762 [Thread-818] INFO  server.RaftServer$Division (RaftServerImpl.java:setRole(283)) - 5a30f297-e3d6-40f2-a678-35d09e11e701@group-2FAF46B9DE84: changes role from  FOLLOWER to CANDIDATE at term 0 for changeToCandidate
2021-01-10 13:36:39,764 [grpc-default-executor-4] INFO  ratis.XceiverServerRatis (XceiverServerRatis.java:handleLeaderChangedNotification(868)) - Leader change notification received for group: group-91813F2FE7BB with new leaderId: 63b42672-d3a4-4132-9f43-651996da4388
2021-01-10 13:36:39,764 [grpc-default-executor-4] INFO  server.RaftServer$Division (ServerState.java:setLeader(249)) - cfe20c21-fb82-45e1-aa84-22b1a6eaba94@group-91813F2FE7BB: change Leader from null to 63b42672-d3a4-4132-9f43-651996da4388 at term 1 for appendEntries, leader elected after 5149ms
2021-01-10 13:36:39,769 [Thread-818] INFO  impl.RoleInfo (RoleInfo.java:updateAndGet(130)) - 5a30f297-e3d6-40f2-a678-35d09e11e701: start 5a30f297-e3d6-40f2-a678-35d09e11e701@group-2FAF46B9DE84-LeaderElection12
2021-01-10 13:36:39,774 [grpc-default-executor-4] INFO  server.RaftServer$Division (ServerState.java:setRaftConf(368)) - cfe20c21-fb82-45e1-aa84-22b1a6eaba94@group-91813F2FE7BB: set configuration 0: [63b42672-d3a4-4132-9f43-651996da4388|rpc:172.17.0.2:41451|dataStream:|priority:1, 5a30f297-e3d6-40f2-a678-35d09e11e701|rpc:172.17.0.2:34335|dataStream:|priority:0, cfe20c21-fb82-45e1-aa84-22b1a6eaba94|rpc:172.17.0.2:45443|dataStream:|priority:0], old=null
2021-01-10 13:36:39,775 [grpc-default-executor-4] INFO  segmented.SegmentedRaftLogWorker (SegmentedRaftLogWorker.java:startLogSegment(392)) - cfe20c21-fb82-45e1-aa84-22b1a6eaba94@group-91813F2FE7BB-SegmentedRaftLogWorker: Starting segment from index:0
2021-01-10 13:36:39,776 [5a30f297-e3d6-40f2-a678-35d09e11e701@group-2FAF46B9DE84-LeaderElection12] INFO  impl.LeaderElection (LeaderElection.java:askForPreVotes(259)) - 5a30f297-e3d6-40f2-a678-35d09e11e701@group-2FAF46B9DE84-LeaderElection12: begin a pre-vote at term 0 for -1: [5a30f297-e3d6-40f2-a678-35d09e11e701|rpc:172.17.0.2:34335|priority:1], old=null
2021-01-10 13:36:39,776 [5a30f297-e3d6-40f2-a678-35d09e11e701@group-2FAF46B9DE84-LeaderElection12] INFO  impl.LeaderElection (LeaderElection.java:askForPreVotes(261)) - 5a30f297-e3d6-40f2-a678-35d09e11e701@group-2FAF46B9DE84-LeaderElection12 pre-vote result is PASSED.
2021-01-10 13:36:39,777 [cfe20c21-fb82-45e1-aa84-22b1a6eaba94@group-91813F2FE7BB-SegmentedRaftLogWorker] INFO  segmented.SegmentedRaftLogWorker (SegmentedRaftLogWorker.java:execute(599)) - cfe20c21-fb82-45e1-aa84-22b1a6eaba94@group-91813F2FE7BB-SegmentedRaftLogWorker: created new log segment /github/workspace/mnt/ozone/hadoop-ozone/integration-test/target/test-dir/MiniOzoneClusterImpl-0ee44e4a-5790-445b-bee5-3ef48b2e27da/datanode-1/data/ratis/2179bdfc-ce7e-44d4-b365-91813f2fe7bb/current/log_inprogress_0
2021-01-10 13:36:39,778 [5a30f297-e3d6-40f2-a678-35d09e11e701@group-2FAF46B9DE84-LeaderElection12] INFO  impl.LeaderElection (LeaderElection.java:askForVotes(308)) - 5a30f297-e3d6-40f2-a678-35d09e11e701@group-2FAF46B9DE84-LeaderElection12: begin an election at term 1 for -1: [5a30f297-e3d6-40f2-a678-35d09e11e701|rpc:172.17.0.2:34335|priority:1], old=null
2021-01-10 13:36:39,778 [5a30f297-e3d6-40f2-a678-35d09e11e701@group-2FAF46B9DE84-LeaderElection12] INFO  impl.RoleInfo (RoleInfo.java:shutdownLeaderElection(121)) - 5a30f297-e3d6-40f2-a678-35d09e11e701: shutdown 5a30f297-e3d6-40f2-a678-35d09e11e701@group-2FAF46B9DE84-LeaderElection12
2021-01-10 13:36:39,778 [5a30f297-e3d6-40f2-a678-35d09e11e701@group-2FAF46B9DE84-LeaderElection12] INFO  server.RaftServer$Division (RaftServerImpl.java:setRole(283)) - 5a30f297-e3d6-40f2-a678-35d09e11e701@group-2FAF46B9DE84: changes role from CANDIDATE to LEADER at term 1 for changeToLeader
2021-01-10 13:36:39,778 [5a30f297-e3d6-40f2-a678-35d09e11e701@group-2FAF46B9DE84-LeaderElection12] INFO  ratis.XceiverServerRatis (XceiverServerRatis.java:handleLeaderChangedNotification(868)) - Leader change notification received for group: group-2FAF46B9DE84 with new leaderId: 5a30f297-e3d6-40f2-a678-35d09e11e701
2021-01-10 13:36:39,779 [5a30f297-e3d6-40f2-a678-35d09e11e701@group-2FAF46B9DE84-LeaderElection12] INFO  server.RaftServer$Division (ServerState.java:setLeader(249)) - 5a30f297-e3d6-40f2-a678-35d09e11e701@group-2FAF46B9DE84: change Leader from null to 5a30f297-e3d6-40f2-a678-35d09e11e701 at term 1 for becomeLeader, leader elected after 5232ms
2021-01-10 13:36:39,779 [5a30f297-e3d6-40f2-a678-35d09e11e701@group-2FAF46B9DE84-LeaderElection12] INFO  server.RaftServerConfigKeys (ConfUtils.java:logGet(44)) - raft.server.staging.catchup.gap = 1000 (default)
2021-01-10 13:36:39,779 [5a30f297-e3d6-40f2-a678-35d09e11e701@group-2FAF46B9DE84-LeaderElection12] INFO  metrics.RatisMetrics (RatisMetrics.java:lambda$create$0(36)) - Creating Metrics Registry : ratis.log_appender.5a30f297-e3d6-40f2-a678-35d09e11e701@group-2FAF46B9DE84
2021-01-10 13:36:39,779 [5a30f297-e3d6-40f2-a678-35d09e11e701@group-2FAF46B9DE84-LeaderElection12] INFO  server.RaftServerConfigKeys (ConfUtils.java:logGet(44)) - raft.server.write.element-limit = 1024 (custom)
2021-01-10 13:36:39,779 [5a30f297-e3d6-40f2-a678-35d09e11e701@group-2FAF46B9DE84-LeaderElection12] INFO  server.RaftServerConfigKeys (ConfUtils.java:logGet(44)) - raft.server.write.byte-limit = 1073741824 (custom)
2021-01-10 13:36:39,780 [5a30f297-e3d6-40f2-a678-35d09e11e701@group-2FAF46B9DE84-LeaderElection12] INFO  server.RaftServerConfigKeys (ConfUtils.java:logGet(44)) - raft.server.watch.timeout = 180s (custom)
2021-01-10 13:36:39,780 [5a30f297-e3d6-40f2-a678-35d09e11e701@group-2FAF46B9DE84-LeaderElection12] INFO  server.RaftServerConfigKeys (ConfUtils.java:logGet(44)) - raft.server.watch.timeout.denomination = 1s (default)
2021-01-10 13:36:39,780 [5a30f297-e3d6-40f2-a678-35d09e11e701@group-2FAF46B9DE84-LeaderElection12] INFO  server.RaftServerConfigKeys (ConfUtils.java:logGet(44)) - raft.server.watch.element-limit = 65536 (default)
2021-01-10 13:36:39,780 [5a30f297-e3d6-40f2-a678-35d09e11e701@group-2FAF46B9DE84-LeaderElection12] INFO  impl.RoleInfo (RoleInfo.java:updateAndGet(130)) - 5a30f297-e3d6-40f2-a678-35d09e11e701: start 5a30f297-e3d6-40f2-a678-35d09e11e701@group-2FAF46B9DE84-LeaderStateImpl
2021-01-10 13:36:39,780 [5a30f297-e3d6-40f2-a678-35d09e11e701@group-2FAF46B9DE84-LeaderElection12] INFO  segmented.SegmentedRaftLogWorker (SegmentedRaftLogWorker.java:startLogSegment(392)) - 5a30f297-e3d6-40f2-a678-35d09e11e701@group-2FAF46B9DE84-SegmentedRaftLogWorker: Starting segment from index:0
2021-01-10 13:36:39,781 [5a30f297-e3d6-40f2-a678-35d09e11e701@group-2FAF46B9DE84-SegmentedRaftLogWorker] INFO  segmented.SegmentedRaftLogWorker (SegmentedRaftLogWorker.java:execute(599)) - 5a30f297-e3d6-40f2-a678-35d09e11e701@group-2FAF46B9DE84-SegmentedRaftLogWorker: created new log segment /github/workspace/mnt/ozone/hadoop-ozone/integration-test/target/test-dir/MiniOzoneClusterImpl-0ee44e4a-5790-445b-bee5-3ef48b2e27da/datanode-0/data/ratis/d60ea957-3f58-4a62-9ef1-2faf46b9de84/current/log_inprogress_0
2021-01-10 13:36:39,786 [5a30f297-e3d6-40f2-a678-35d09e11e701@group-2FAF46B9DE84-LeaderElection12] INFO  server.RaftServer$Division (ServerState.java:setRaftConf(368)) - 5a30f297-e3d6-40f2-a678-35d09e11e701@group-2FAF46B9DE84: set configuration 0: [5a30f297-e3d6-40f2-a678-35d09e11e701|rpc:172.17.0.2:34335|dataStream:|priority:1], old=null
2021-01-10 13:36:39,806 [Thread-828] INFO  impl.FollowerState (FollowerState.java:run(133)) - cfe20c21-fb82-45e1-aa84-22b1a6eaba94@group-26D9A5F304AB-FollowerState: change to CANDIDATE, lastRpcElapsedTime:5045008675ns, electionTimeout:5040ms
2021-01-10 13:36:39,806 [Thread-828] INFO  impl.RoleInfo (RoleInfo.java:shutdownFollowerState(108)) - cfe20c21-fb82-45e1-aa84-22b1a6eaba94: shutdown cfe20c21-fb82-45e1-aa84-22b1a6eaba94@group-26D9A5F304AB-FollowerState
2021-01-10 13:36:39,806 [Thread-828] INFO  server.RaftServer$Division (RaftServerImpl.java:setRole(283)) - cfe20c21-fb82-45e1-aa84-22b1a6eaba94@group-26D9A5F304AB: changes role from  FOLLOWER to CANDIDATE at term 0 for changeToCandidate
2021-01-10 13:36:39,806 [Thread-828] INFO  impl.RoleInfo (RoleInfo.java:updateAndGet(130)) - cfe20c21-fb82-45e1-aa84-22b1a6eaba94: start cfe20c21-fb82-45e1-aa84-22b1a6eaba94@group-26D9A5F304AB-LeaderElection13
2021-01-10 13:36:39,807 [cfe20c21-fb82-45e1-aa84-22b1a6eaba94@group-26D9A5F304AB-LeaderElection13] INFO  impl.LeaderElection (LeaderElection.java:askForPreVotes(259)) - cfe20c21-fb82-45e1-aa84-22b1a6eaba94@group-26D9A5F304AB-LeaderElection13: begin a pre-vote at term 0 for -1: [cfe20c21-fb82-45e1-aa84-22b1a6eaba94|rpc:172.17.0.2:45443|priority:1], old=null
2021-01-10 13:36:39,807 [cfe20c21-fb82-45e1-aa84-22b1a6eaba94@group-26D9A5F304AB-LeaderElection13] INFO  impl.LeaderElection (LeaderElection.java:askForPreVotes(261)) - cfe20c21-fb82-45e1-aa84-22b1a6eaba94@group-26D9A5F304AB-LeaderElection13 pre-vote result is PASSED.
2021-01-10 13:36:39,808 [cfe20c21-fb82-45e1-aa84-22b1a6eaba94@group-26D9A5F304AB-LeaderElection13] INFO  impl.LeaderElection (LeaderElection.java:askForVotes(308)) - cfe20c21-fb82-45e1-aa84-22b1a6eaba94@group-26D9A5F304AB-LeaderElection13: begin an election at term 1 for -1: [cfe20c21-fb82-45e1-aa84-22b1a6eaba94|rpc:172.17.0.2:45443|priority:1], old=null
2021-01-10 13:36:39,809 [cfe20c21-fb82-45e1-aa84-22b1a6eaba94@group-26D9A5F304AB-LeaderElection13] INFO  impl.RoleInfo (RoleInfo.java:shutdownLeaderElection(121)) - cfe20c21-fb82-45e1-aa84-22b1a6eaba94: shutdown cfe20c21-fb82-45e1-aa84-22b1a6eaba94@group-26D9A5F304AB-LeaderElection13
2021-01-10 13:36:39,809 [cfe20c21-fb82-45e1-aa84-22b1a6eaba94@group-26D9A5F304AB-LeaderElection13] INFO  server.RaftServer$Division (RaftServerImpl.java:setRole(283)) - cfe20c21-fb82-45e1-aa84-22b1a6eaba94@group-26D9A5F304AB: changes role from CANDIDATE to LEADER at term 1 for changeToLeader
2021-01-10 13:36:39,809 [cfe20c21-fb82-45e1-aa84-22b1a6eaba94@group-26D9A5F304AB-LeaderElection13] INFO  ratis.XceiverServerRatis (XceiverServerRatis.java:handleLeaderChangedNotification(868)) - Leader change notification received for group: group-26D9A5F304AB with new leaderId: cfe20c21-fb82-45e1-aa84-22b1a6eaba94
2021-01-10 13:36:39,809 [cfe20c21-fb82-45e1-aa84-22b1a6eaba94@group-26D9A5F304AB-LeaderElection13] INFO  server.RaftServer$Division (ServerState.java:setLeader(249)) - cfe20c21-fb82-45e1-aa84-22b1a6eaba94@group-26D9A5F304AB: change Leader from null to cfe20c21-fb82-45e1-aa84-22b1a6eaba94 at term 1 for becomeLeader, leader elected after 5054ms
2021-01-10 13:36:39,809 [cfe20c21-fb82-45e1-aa84-22b1a6eaba94@group-26D9A5F304AB-LeaderElection13] INFO  server.RaftServerConfigKeys (ConfUtils.java:logGet(44)) - raft.server.staging.catchup.gap = 1000 (default)
2021-01-10 13:36:39,809 [cfe20c21-fb82-45e1-aa84-22b1a6eaba94@group-26D9A5F304AB-LeaderElection13] INFO  metrics.RatisMetrics (RatisMetrics.java:lambda$create$0(36)) - Creating Metrics Registry : ratis.log_appender.cfe20c21-fb82-45e1-aa84-22b1a6eaba94@group-26D9A5F304AB
2021-01-10 13:36:39,809 [cfe20c21-fb82-45e1-aa84-22b1a6eaba94@group-26D9A5F304AB-LeaderElection13] INFO  server.RaftServerConfigKeys (ConfUtils.java:logGet(44)) - raft.server.write.element-limit = 1024 (custom)
2021-01-10 13:36:39,810 [cfe20c21-fb82-45e1-aa84-22b1a6eaba94@group-26D9A5F304AB-LeaderElection13] INFO  server.RaftServerConfigKeys (ConfUtils.java:logGet(44)) - raft.server.write.byte-limit = 1073741824 (custom)
2021-01-10 13:36:39,810 [cfe20c21-fb82-45e1-aa84-22b1a6eaba94@group-26D9A5F304AB-LeaderElection13] INFO  server.RaftServerConfigKeys (ConfUtils.java:logGet(44)) - raft.server.watch.timeout = 180s (custom)
2021-01-10 13:36:39,810 [cfe20c21-fb82-45e1-aa84-22b1a6eaba94@group-26D9A5F304AB-LeaderElection13] INFO  server.RaftServerConfigKeys (ConfUtils.java:logGet(44)) - raft.server.watch.timeout.denomination = 1s (default)
2021-01-10 13:36:39,810 [cfe20c21-fb82-45e1-aa84-22b1a6eaba94@group-26D9A5F304AB-LeaderElection13] INFO  server.RaftServerConfigKeys (ConfUtils.java:logGet(44)) - raft.server.watch.element-limit = 65536 (default)
2021-01-10 13:36:39,810 [cfe20c21-fb82-45e1-aa84-22b1a6eaba94@group-26D9A5F304AB-LeaderElection13] INFO  impl.RoleInfo (RoleInfo.java:updateAndGet(130)) - cfe20c21-fb82-45e1-aa84-22b1a6eaba94: start cfe20c21-fb82-45e1-aa84-22b1a6eaba94@group-26D9A5F304AB-LeaderStateImpl
2021-01-10 13:36:39,811 [cfe20c21-fb82-45e1-aa84-22b1a6eaba94@group-26D9A5F304AB-LeaderElection13] INFO  segmented.SegmentedRaftLogWorker (SegmentedRaftLogWorker.java:startLogSegment(392)) - cfe20c21-fb82-45e1-aa84-22b1a6eaba94@group-26D9A5F304AB-SegmentedRaftLogWorker: Starting segment from index:0
2021-01-10 13:36:39,812 [cfe20c21-fb82-45e1-aa84-22b1a6eaba94@group-26D9A5F304AB-SegmentedRaftLogWorker] INFO  segmented.SegmentedRaftLogWorker (SegmentedRaftLogWorker.java:execute(599)) - cfe20c21-fb82-45e1-aa84-22b1a6eaba94@group-26D9A5F304AB-SegmentedRaftLogWorker: created new log segment /github/workspace/mnt/ozone/hadoop-ozone/integration-test/target/test-dir/MiniOzoneClusterImpl-0ee44e4a-5790-445b-bee5-3ef48b2e27da/datanode-1/data/ratis/62ab115a-1b2b-4152-800c-26d9a5f304ab/current/log_inprogress_0
2021-01-10 13:36:39,812 [cfe20c21-fb82-45e1-aa84-22b1a6eaba94@group-26D9A5F304AB-LeaderElection13] INFO  server.RaftServer$Division (ServerState.java:setRaftConf(368)) - cfe20c21-fb82-45e1-aa84-22b1a6eaba94@group-26D9A5F304AB: set configuration 0: [cfe20c21-fb82-45e1-aa84-22b1a6eaba94|rpc:172.17.0.2:45443|dataStream:|priority:1], old=null
2021-01-10 13:36:40,040 [Thread-830] INFO  impl.FollowerState (FollowerState.java:run(133)) - 63b42672-d3a4-4132-9f43-651996da4388@group-CEBC98829C2B-FollowerState: change to CANDIDATE, lastRpcElapsedTime:5040236096ns, electionTimeout:5039ms
2021-01-10 13:36:40,041 [Thread-830] INFO  impl.RoleInfo (RoleInfo.java:shutdownFollowerState(108)) - 63b42672-d3a4-4132-9f43-651996da4388: shutdown 63b42672-d3a4-4132-9f43-651996da4388@group-CEBC98829C2B-FollowerState
2021-01-10 13:36:40,041 [Thread-830] INFO  server.RaftServer$Division (RaftServerImpl.java:setRole(283)) - 63b42672-d3a4-4132-9f43-651996da4388@group-CEBC98829C2B: changes role from  FOLLOWER to CANDIDATE at term 0 for changeToCandidate
2021-01-10 13:36:40,041 [Thread-830] INFO  impl.RoleInfo (RoleInfo.java:updateAndGet(130)) - 63b42672-d3a4-4132-9f43-651996da4388: start 63b42672-d3a4-4132-9f43-651996da4388@group-CEBC98829C2B-LeaderElection14
2021-01-10 13:36:40,043 [63b42672-d3a4-4132-9f43-651996da4388@group-CEBC98829C2B-LeaderElection14] INFO  impl.LeaderElection (LeaderElection.java:askForPreVotes(259)) - 63b42672-d3a4-4132-9f43-651996da4388@group-CEBC98829C2B-LeaderElection14: begin a pre-vote at term 0 for -1: [63b42672-d3a4-4132-9f43-651996da4388|rpc:172.17.0.2:41451|priority:1], old=null
2021-01-10 13:36:40,043 [63b42672-d3a4-4132-9f43-651996da4388@group-CEBC98829C2B-LeaderElection14] INFO  impl.LeaderElection (LeaderElection.java:askForPreVotes(261)) - 63b42672-d3a4-4132-9f43-651996da4388@group-CEBC98829C2B-LeaderElection14 pre-vote result is PASSED.
2021-01-10 13:36:40,049 [63b42672-d3a4-4132-9f43-651996da4388@group-CEBC98829C2B-LeaderElection14] INFO  impl.LeaderElection (LeaderElection.java:askForVotes(308)) - 63b42672-d3a4-4132-9f43-651996da4388@group-CEBC98829C2B-LeaderElection14: begin an election at term 1 for -1: [63b42672-d3a4-4132-9f43-651996da4388|rpc:172.17.0.2:41451|priority:1], old=null
2021-01-10 13:36:40,049 [63b42672-d3a4-4132-9f43-651996da4388@group-CEBC98829C2B-LeaderElection14] INFO  impl.RoleInfo (RoleInfo.java:shutdownLeaderElection(121)) - 63b42672-d3a4-4132-9f43-651996da4388: shutdown 63b42672-d3a4-4132-9f43-651996da4388@group-CEBC98829C2B-LeaderElection14
2021-01-10 13:36:40,049 [63b42672-d3a4-4132-9f43-651996da4388@group-CEBC98829C2B-LeaderElection14] INFO  server.RaftServer$Division (RaftServerImpl.java:setRole(283)) - 63b42672-d3a4-4132-9f43-651996da4388@group-CEBC98829C2B: changes role from CANDIDATE to LEADER at term 1 for changeToLeader
2021-01-10 13:36:40,049 [63b42672-d3a4-4132-9f43-651996da4388@group-CEBC98829C2B-LeaderElection14] INFO  ratis.XceiverServerRatis (XceiverServerRatis.java:handleLeaderChangedNotification(868)) - Leader change notification received for group: group-CEBC98829C2B with new leaderId: 63b42672-d3a4-4132-9f43-651996da4388
2021-01-10 13:36:40,050 [63b42672-d3a4-4132-9f43-651996da4388@group-CEBC98829C2B-LeaderElection14] INFO  server.RaftServer$Division (ServerState.java:setLeader(249)) - 63b42672-d3a4-4132-9f43-651996da4388@group-CEBC98829C2B: change Leader from null to 63b42672-d3a4-4132-9f43-651996da4388 at term 1 for becomeLeader, leader elected after 5068ms
2021-01-10 13:36:40,050 [63b42672-d3a4-4132-9f43-651996da4388@group-CEBC98829C2B-LeaderElection14] INFO  server.RaftServerConfigKeys (ConfUtils.java:logGet(44)) - raft.server.staging.catchup.gap = 1000 (default)
2021-01-10 13:36:40,052 [63b42672-d3a4-4132-9f43-651996da4388@group-CEBC98829C2B-LeaderElection14] INFO  metrics.RatisMetrics (RatisMetrics.java:lambda$create$0(36)) - Creating Metrics Registry : ratis.log_appender.63b42672-d3a4-4132-9f43-651996da4388@group-CEBC98829C2B
2021-01-10 13:36:40,052 [63b42672-d3a4-4132-9f43-651996da4388@group-CEBC98829C2B-LeaderElection14] INFO  server.RaftServerConfigKeys (ConfUtils.java:logGet(44)) - raft.server.write.element-limit = 1024 (custom)
2021-01-10 13:36:40,052 [63b42672-d3a4-4132-9f43-651996da4388@group-CEBC98829C2B-LeaderElection14] INFO  server.RaftServerConfigKeys (ConfUtils.java:logGet(44)) - raft.server.write.byte-limit = 1073741824 (custom)
2021-01-10 13:36:40,053 [63b42672-d3a4-4132-9f43-651996da4388@group-CEBC98829C2B-LeaderElection14] INFO  server.RaftServerConfigKeys (ConfUtils.java:logGet(44)) - raft.server.watch.timeout = 180s (custom)
2021-01-10 13:36:40,053 [63b42672-d3a4-4132-9f43-651996da4388@group-CEBC98829C2B-LeaderElection14] INFO  server.RaftServerConfigKeys (ConfUtils.java:logGet(44)) - raft.server.watch.timeout.denomination = 1s (default)
2021-01-10 13:36:40,053 [63b42672-d3a4-4132-9f43-651996da4388@group-CEBC98829C2B-LeaderElection14] INFO  server.RaftServerConfigKeys (ConfUtils.java:logGet(44)) - raft.server.watch.element-limit = 65536 (default)
2021-01-10 13:36:40,053 [63b42672-d3a4-4132-9f43-651996da4388@group-CEBC98829C2B-LeaderElection14] INFO  impl.RoleInfo (RoleInfo.java:updateAndGet(130)) - 63b42672-d3a4-4132-9f43-651996da4388: start 63b42672-d3a4-4132-9f43-651996da4388@group-CEBC98829C2B-LeaderStateImpl
2021-01-10 13:36:40,053 [63b42672-d3a4-4132-9f43-651996da4388@group-CEBC98829C2B-LeaderElection14] INFO  segmented.SegmentedRaftLogWorker (SegmentedRaftLogWorker.java:startLogSegment(392)) - 63b42672-d3a4-4132-9f43-651996da4388@group-CEBC98829C2B-SegmentedRaftLogWorker: Starting segment from index:0
2021-01-10 13:36:40,054 [63b42672-d3a4-4132-9f43-651996da4388@group-CEBC98829C2B-SegmentedRaftLogWorker] INFO  segmented.SegmentedRaftLogWorker (SegmentedRaftLogWorker.java:execute(599)) - 63b42672-d3a4-4132-9f43-651996da4388@group-CEBC98829C2B-SegmentedRaftLogWorker: created new log segment /github/workspace/mnt/ozone/hadoop-ozone/integration-test/target/test-dir/MiniOzoneClusterImpl-0ee44e4a-5790-445b-bee5-3ef48b2e27da/datanode-2/data/ratis/6bc86d6c-fd7a-4694-9305-cebc98829c2b/current/log_inprogress_0
2021-01-10 13:36:40,061 [63b42672-d3a4-4132-9f43-651996da4388@group-CEBC98829C2B-LeaderElection14] INFO  server.RaftServer$Division (ServerState.java:setRaftConf(368)) - 63b42672-d3a4-4132-9f43-651996da4388@group-CEBC98829C2B: set configuration 0: [63b42672-d3a4-4132-9f43-651996da4388|rpc:172.17.0.2:41451|dataStream:|priority:1], old=null
2021-01-10 13:36:40,297 [Thread-832] INFO  impl.FollowerState (FollowerState.java:run(133)) - b3570078-f6e2-4b7a-8962-99d3351b1084@group-B5BE2ECB6F3C-FollowerState: change to CANDIDATE, lastRpcElapsedTime:5004728322ns, electionTimeout:5004ms
2021-01-10 13:36:40,297 [Thread-832] INFO  impl.RoleInfo (RoleInfo.java:shutdownFollowerState(108)) - b3570078-f6e2-4b7a-8962-99d3351b1084: shutdown b3570078-f6e2-4b7a-8962-99d3351b1084@group-B5BE2ECB6F3C-FollowerState
2021-01-10 13:36:40,297 [Thread-832] INFO  server.RaftServer$Division (RaftServerImpl.java:setRole(283)) - b3570078-f6e2-4b7a-8962-99d3351b1084@group-B5BE2ECB6F3C: changes role from  FOLLOWER to CANDIDATE at term 0 for changeToCandidate
2021-01-10 13:36:40,297 [Thread-832] INFO  impl.RoleInfo (RoleInfo.java:updateAndGet(130)) - b3570078-f6e2-4b7a-8962-99d3351b1084: start b3570078-f6e2-4b7a-8962-99d3351b1084@group-B5BE2ECB6F3C-LeaderElection15
2021-01-10 13:36:40,299 [b3570078-f6e2-4b7a-8962-99d3351b1084@group-B5BE2ECB6F3C-LeaderElection15] INFO  impl.LeaderElection (LeaderElection.java:askForPreVotes(259)) - b3570078-f6e2-4b7a-8962-99d3351b1084@group-B5BE2ECB6F3C-LeaderElection15: begin a pre-vote at term 0 for -1: [b3570078-f6e2-4b7a-8962-99d3351b1084|rpc:172.17.0.2:45597|priority:1], old=null
2021-01-10 13:36:40,299 [b3570078-f6e2-4b7a-8962-99d3351b1084@group-B5BE2ECB6F3C-LeaderElection15] INFO  impl.LeaderElection (LeaderElection.java:askForPreVotes(261)) - b3570078-f6e2-4b7a-8962-99d3351b1084@group-B5BE2ECB6F3C-LeaderElection15 pre-vote result is PASSED.
2021-01-10 13:36:40,300 [b3570078-f6e2-4b7a-8962-99d3351b1084@group-B5BE2ECB6F3C-LeaderElection15] INFO  impl.LeaderElection (LeaderElection.java:askForVotes(308)) - b3570078-f6e2-4b7a-8962-99d3351b1084@group-B5BE2ECB6F3C-LeaderElection15: begin an election at term 1 for -1: [b3570078-f6e2-4b7a-8962-99d3351b1084|rpc:172.17.0.2:45597|priority:1], old=null
2021-01-10 13:36:40,300 [b3570078-f6e2-4b7a-8962-99d3351b1084@group-B5BE2ECB6F3C-LeaderElection15] INFO  impl.RoleInfo (RoleInfo.java:shutdownLeaderElection(121)) - b3570078-f6e2-4b7a-8962-99d3351b1084: shutdown b3570078-f6e2-4b7a-8962-99d3351b1084@group-B5BE2ECB6F3C-LeaderElection15
2021-01-10 13:36:40,300 [b3570078-f6e2-4b7a-8962-99d3351b1084@group-B5BE2ECB6F3C-LeaderElection15] INFO  server.RaftServer$Division (RaftServerImpl.java:setRole(283)) - b3570078-f6e2-4b7a-8962-99d3351b1084@group-B5BE2ECB6F3C: changes role from CANDIDATE to LEADER at term 1 for changeToLeader
2021-01-10 13:36:40,300 [b3570078-f6e2-4b7a-8962-99d3351b1084@group-B5BE2ECB6F3C-LeaderElection15] INFO  ratis.XceiverServerRatis (XceiverServerRatis.java:handleLeaderChangedNotification(868)) - Leader change notification received for group: group-B5BE2ECB6F3C with new leaderId: b3570078-f6e2-4b7a-8962-99d3351b1084
2021-01-10 13:36:40,300 [b3570078-f6e2-4b7a-8962-99d3351b1084@group-B5BE2ECB6F3C-LeaderElection15] INFO  server.RaftServer$Division (ServerState.java:setLeader(249)) - b3570078-f6e2-4b7a-8962-99d3351b1084@group-B5BE2ECB6F3C: change Leader from null to b3570078-f6e2-4b7a-8962-99d3351b1084 at term 1 for becomeLeader, leader elected after 5016ms
2021-01-10 13:36:40,304 [b3570078-f6e2-4b7a-8962-99d3351b1084@group-B5BE2ECB6F3C-LeaderElection15] INFO  server.RaftServerConfigKeys (ConfUtils.java:logGet(44)) - raft.server.staging.catchup.gap = 1000 (default)
2021-01-10 13:36:40,304 [b3570078-f6e2-4b7a-8962-99d3351b1084@group-B5BE2ECB6F3C-LeaderElection15] INFO  metrics.RatisMetrics (RatisMetrics.java:lambda$create$0(36)) - Creating Metrics Registry : ratis.log_appender.b3570078-f6e2-4b7a-8962-99d3351b1084@group-B5BE2ECB6F3C
2021-01-10 13:36:40,304 [b3570078-f6e2-4b7a-8962-99d3351b1084@group-B5BE2ECB6F3C-LeaderElection15] INFO  server.RaftServerConfigKeys (ConfUtils.java:logGet(44)) - raft.server.write.element-limit = 1024 (custom)
2021-01-10 13:36:40,305 [b3570078-f6e2-4b7a-8962-99d3351b1084@group-B5BE2ECB6F3C-LeaderElection15] INFO  server.RaftServerConfigKeys (ConfUtils.java:logGet(44)) - raft.server.write.byte-limit = 1073741824 (custom)
2021-01-10 13:36:40,305 [b3570078-f6e2-4b7a-8962-99d3351b1084@group-B5BE2ECB6F3C-LeaderElection15] INFO  server.RaftServerConfigKeys (ConfUtils.java:logGet(44)) - raft.server.watch.timeout = 180s (custom)
2021-01-10 13:36:40,305 [b3570078-f6e2-4b7a-8962-99d3351b1084@group-B5BE2ECB6F3C-LeaderElection15] INFO  server.RaftServerConfigKeys (ConfUtils.java:logGet(44)) - raft.server.watch.timeout.denomination = 1s (default)
2021-01-10 13:36:40,305 [b3570078-f6e2-4b7a-8962-99d3351b1084@group-B5BE2ECB6F3C-LeaderElection15] INFO  server.RaftServerConfigKeys (ConfUtils.java:logGet(44)) - raft.server.watch.element-limit = 65536 (default)
2021-01-10 13:36:40,305 [b3570078-f6e2-4b7a-8962-99d3351b1084@group-B5BE2ECB6F3C-LeaderElection15] INFO  impl.RoleInfo (RoleInfo.java:updateAndGet(130)) - b3570078-f6e2-4b7a-8962-99d3351b1084: start b3570078-f6e2-4b7a-8962-99d3351b1084@group-B5BE2ECB6F3C-LeaderStateImpl
2021-01-10 13:36:40,306 [b3570078-f6e2-4b7a-8962-99d3351b1084@group-B5BE2ECB6F3C-LeaderElection15] INFO  segmented.SegmentedRaftLogWorker (SegmentedRaftLogWorker.java:startLogSegment(392)) - b3570078-f6e2-4b7a-8962-99d3351b1084@group-B5BE2ECB6F3C-SegmentedRaftLogWorker: Starting segment from index:0
2021-01-10 13:36:40,307 [b3570078-f6e2-4b7a-8962-99d3351b1084@group-B5BE2ECB6F3C-SegmentedRaftLogWorker] INFO  segmented.SegmentedRaftLogWorker (SegmentedRaftLogWorker.java:execute(599)) - b3570078-f6e2-4b7a-8962-99d3351b1084@group-B5BE2ECB6F3C-SegmentedRaftLogWorker: created new log segment /github/workspace/mnt/ozone/hadoop-ozone/integration-test/target/test-dir/MiniOzoneClusterImpl-0ee44e4a-5790-445b-bee5-3ef48b2e27da/datanode-3/data/ratis/1b1f00ab-c54d-4fd5-a7f1-b5be2ecb6f3c/current/log_inprogress_0
2021-01-10 13:36:40,312 [b3570078-f6e2-4b7a-8962-99d3351b1084@group-B5BE2ECB6F3C-LeaderElection15] INFO  server.RaftServer$Division (ServerState.java:setRaftConf(368)) - b3570078-f6e2-4b7a-8962-99d3351b1084@group-B5BE2ECB6F3C: set configuration 0: [b3570078-f6e2-4b7a-8962-99d3351b1084|rpc:172.17.0.2:45597|dataStream:|priority:1], old=null
2021-01-10 13:36:40,449 [Command processor thread] INFO  server.RaftServer (RaftServerProxy.java:addNew(95)) - 0ad6d196-e751-48c8-8ca7-d67dcf240f32: addNew group-C5B73ABBF97B:[0ad6d196-e751-48c8-8ca7-d67dcf240f32|rpc:172.17.0.2:38183|priority:1] returns group-C5B73ABBF97B:java.util.concurrent.CompletableFuture@478d9558[Not completed]
2021-01-10 13:36:40,450 [pool-348-thread-1] INFO  server.RaftServer$Division (RaftServerImpl.java:<init>(179)) - 0ad6d196-e751-48c8-8ca7-d67dcf240f32: new RaftServerImpl for group-C5B73ABBF97B:[0ad6d196-e751-48c8-8ca7-d67dcf240f32|rpc:172.17.0.2:38183|priority:1] with ContainerStateMachine:uninitialized
2021-01-10 13:36:40,450 [pool-348-thread-1] INFO  server.RaftServerConfigKeys (ConfUtils.java:logGet(44)) - raft.server.rpc.timeout.min = 5s (custom)
2021-01-10 13:36:40,450 [pool-348-thread-1] INFO  server.RaftServerConfigKeys (ConfUtils.java:logGet(44)) - raft.server.rpc.timeout.max = 5200ms (custom)
2021-01-10 13:36:40,451 [pool-348-thread-1] INFO  server.RaftServerConfigKeys (ConfUtils.java:logGet(44)) - raft.server.rpc.sleep.time = 25ms (default)
2021-01-10 13:36:40,451 [pool-348-thread-1] INFO  server.RaftServerConfigKeys (ConfUtils.java:logGet(44)) - raft.server.rpc.slowness.timeout = 300s (custom)
2021-01-10 13:36:40,451 [pool-348-thread-1] INFO  server.RaftServerConfigKeys (ConfUtils.java:logGet(44)) - raft.server.leaderelection.leader.step-down.wait-time = 10s (default)
2021-01-10 13:36:40,451 [pool-348-thread-1] INFO  server.RaftServerConfigKeys (ConfUtils.java:logGet(44)) - raft.server.sleep.deviation.threshold = 300ms (default)
2021-01-10 13:36:40,451 [pool-348-thread-1] INFO  server.RaftServerConfigKeys (ConfUtils.java:logGet(44)) - raft.server.log.appender.install.snapshot.enabled = false (custom)
2021-01-10 13:36:40,451 [pool-348-thread-1] INFO  server.RaftServer$Division (ServerState.java:<init>(103)) - 0ad6d196-e751-48c8-8ca7-d67dcf240f32@group-C5B73ABBF97B: ConfigurationManager, init=-1: [0ad6d196-e751-48c8-8ca7-d67dcf240f32|rpc:172.17.0.2:38183|priority:1], old=null, confs=<EMPTY_MAP>
2021-01-10 13:36:40,451 [pool-348-thread-1] INFO  server.RaftServerConfigKeys (ConfUtils.java:logGet(44)) - raft.server.storage.dir = [/github/workspace/mnt/ozone/hadoop-ozone/integration-test/target/test-dir/MiniOzoneClusterImpl-0ee44e4a-5790-445b-bee5-3ef48b2e27da/datanode-4/data/ratis] (custom)
2021-01-10 13:36:40,451 [pool-348-thread-1] INFO  server.RaftServerConfigKeys (ConfUtils.java:logGet(44)) - raft.server.log.corruption.policy = EXCEPTION (default)
2021-01-10 13:36:40,452 [pool-348-thread-1] INFO  storage.RaftStorageDirectory (RaftStorageDirectoryImpl.java:analyzeStorage(132)) - The storage directory /github/workspace/mnt/ozone/hadoop-ozone/integration-test/target/test-dir/MiniOzoneClusterImpl-0ee44e4a-5790-445b-bee5-3ef48b2e27da/datanode-4/data/ratis/9d180bb0-01e7-48f4-bfab-c5b73abbf97b does not exist. Creating ...
2021-01-10 13:36:40,453 [pool-348-thread-1] INFO  storage.RaftStorageDirectory (RaftStorageDirectoryImpl.java:tryLock(215)) - Lock on /github/workspace/mnt/ozone/hadoop-ozone/integration-test/target/test-dir/MiniOzoneClusterImpl-0ee44e4a-5790-445b-bee5-3ef48b2e27da/datanode-4/data/ratis/9d180bb0-01e7-48f4-bfab-c5b73abbf97b/in_use.lock acquired by nodename 29989@c2cea8100722
2021-01-10 13:36:40,454 [pool-348-thread-1] INFO  storage.RaftStorage (RaftStorageImpl.java:format(87)) - Storage directory /github/workspace/mnt/ozone/hadoop-ozone/integration-test/target/test-dir/MiniOzoneClusterImpl-0ee44e4a-5790-445b-bee5-3ef48b2e27da/datanode-4/data/ratis/9d180bb0-01e7-48f4-bfab-c5b73abbf97b has been successfully formatted.
2021-01-10 13:36:40,455 [pool-348-thread-1] INFO  ratis.ContainerStateMachine (ContainerStateMachine.java:loadSnapshot(223)) - group-C5B73ABBF97B: The snapshot info is null. Setting the last applied indexto:(t:0, i:~)
2021-01-10 13:36:40,455 [pool-348-thread-1] ERROR storage.RaftStorage (RaftStorageImpl.java:readRaftConfiguration(147)) - Failed reading configuration from file:/github/workspace/mnt/ozone/hadoop-ozone/integration-test/target/test-dir/MiniOzoneClusterImpl-0ee44e4a-5790-445b-bee5-3ef48b2e27da/datanode-4/data/ratis/9d180bb0-01e7-48f4-bfab-c5b73abbf97b/current/raft-meta.conf
java.io.FileNotFoundException: /github/workspace/mnt/ozone/hadoop-ozone/integration-test/target/test-dir/MiniOzoneClusterImpl-0ee44e4a-5790-445b-bee5-3ef48b2e27da/datanode-4/data/ratis/9d180bb0-01e7-48f4-bfab-c5b73abbf97b/current/raft-meta.conf (No such file or directory)
	at java.io.FileInputStream.open0(Native Method)
	at java.io.FileInputStream.open(FileInputStream.java:195)
	at java.io.FileInputStream.<init>(FileInputStream.java:138)
	at org.apache.ratis.server.storage.RaftStorageImpl.readRaftConfiguration(RaftStorageImpl.java:143)
	at org.apache.ratis.server.impl.ServerState.<init>(ServerState.java:113)
	at org.apache.ratis.server.impl.RaftServerImpl.<init>(RaftServerImpl.java:192)
	at org.apache.ratis.server.impl.RaftServerProxy.lambda$newRaftServerImpl$4(RaftServerProxy.java:266)
	at java.util.concurrent.CompletableFuture$AsyncSupply.run(CompletableFuture.java:1604)
	at java.util.concurrent.ThreadPoolExecutor.runWorker(ThreadPoolExecutor.java:1149)
	at java.util.concurrent.ThreadPoolExecutor$Worker.run(ThreadPoolExecutor.java:624)
	at java.lang.Thread.run(Thread.java:748)
2021-01-10 13:36:40,455 [pool-348-thread-1] INFO  server.RaftServerConfigKeys (ConfUtils.java:logGet(44)) - raft.server.notification.no-leader.timeout = 300s (custom)
2021-01-10 13:36:40,456 [pool-348-thread-1] INFO  server.RaftServerConfigKeys (ConfUtils.java:logGet(44)) - raft.server.log.use.memory = false (default)
2021-01-10 13:36:40,456 [pool-348-thread-1] INFO  server.RaftServerConfigKeys (ConfUtils.java:logGet(44)) - raft.server.log.purge.gap = 1000000 (custom)
2021-01-10 13:36:40,456 [pool-348-thread-1] INFO  server.RaftServerConfigKeys (ConfUtils.java:logGet(44)) - raft.server.log.appender.buffer.byte-limit = 33554432 (custom)
2021-01-10 13:36:40,456 [pool-348-thread-1] INFO  metrics.RatisMetrics (RatisMetrics.java:lambda$create$0(36)) - Creating Metrics Registry : ratis.log_worker.0ad6d196-e751-48c8-8ca7-d67dcf240f32@group-C5B73ABBF97B
2021-01-10 13:36:40,456 [EventQueue-PipelineReportForPipelineReportHandler] INFO  pipeline.PipelineStateManager (PipelineStateManager.java:openPipeline(132)) - Pipeline Pipeline[ Id: 9d180bb0-01e7-48f4-bfab-c5b73abbf97b, Nodes: 0ad6d196-e751-48c8-8ca7-d67dcf240f32{ip: 172.17.0.2, host: c2cea8100722, networkLocation: /default-rack, certSerialId: null, persistedOpState: IN_SERVICE, persistedOpStateExpiryEpochSec: 0}, Type:RATIS, Factor:ONE, State:ALLOCATED, leaderId:0ad6d196-e751-48c8-8ca7-d67dcf240f32, CreationTimestamp2021-01-10T13:36:37.451Z] moved to OPEN state
2021-01-10 13:36:40,457 [pool-348-thread-1] INFO  server.RaftServerConfigKeys (ConfUtils.java:logGet(44)) - raft.server.log.segment.size.max = 1048576 (custom)
2021-01-10 13:36:40,458 [pool-348-thread-1] INFO  server.RaftServerConfigKeys (ConfUtils.java:logGet(44)) - raft.server.log.segment.cache.num.max = 2 (custom)
2021-01-10 13:36:40,458 [pool-348-thread-1] INFO  server.RaftServerConfigKeys (ConfUtils.java:logGet(44)) - raft.server.log.segment.cache.size.max = 200MB (=209715200) (default)
2021-01-10 13:36:40,458 [pool-348-thread-1] INFO  segmented.SegmentedRaftLogWorker (SegmentedRaftLogWorker.java:<init>(181)) - new 0ad6d196-e751-48c8-8ca7-d67dcf240f32@group-C5B73ABBF97B-SegmentedRaftLogWorker for RaftStorageImpl:Storage Directory /github/workspace/mnt/ozone/hadoop-ozone/integration-test/target/test-dir/MiniOzoneClusterImpl-0ee44e4a-5790-445b-bee5-3ef48b2e27da/datanode-4/data/ratis/9d180bb0-01e7-48f4-bfab-c5b73abbf97b
2021-01-10 13:36:40,458 [pool-348-thread-1] INFO  server.RaftServerConfigKeys (ConfUtils.java:logGet(44)) - raft.server.log.queue.byte-limit = 2147483647 (custom)
2021-01-10 13:36:40,458 [pool-348-thread-1] INFO  server.RaftServerConfigKeys (ConfUtils.java:logGet(44)) - raft.server.log.queue.element-limit = 1024 (custom)
2021-01-10 13:36:40,458 [pool-348-thread-1] INFO  server.RaftServerConfigKeys (ConfUtils.java:logGet(44)) - raft.server.log.segment.size.max = 1048576 (custom)
2021-01-10 13:36:40,459 [pool-348-thread-1] INFO  server.RaftServerConfigKeys (ConfUtils.java:logGet(44)) - raft.server.log.preallocated.size = 16384 (custom)
2021-01-10 13:36:40,459 [pool-348-thread-1] INFO  server.RaftServerConfigKeys (ConfUtils.java:logGet(44)) - raft.server.log.force.sync.num = 128 (default)
2021-01-10 13:36:40,459 [pool-348-thread-1] INFO  server.RaftServerConfigKeys (ConfUtils.java:logGet(44)) - raft.server.log.statemachine.data.sync = true (default)
2021-01-10 13:36:40,459 [pool-348-thread-1] INFO  server.RaftServerConfigKeys (ConfUtils.java:logGet(44)) - raft.server.log.statemachine.data.sync.timeout = 10s (default)
2021-01-10 13:36:40,459 [pool-348-thread-1] INFO  server.RaftServerConfigKeys (ConfUtils.java:logGet(44)) - raft.server.log.statemachine.data.sync.timeout.retry = -1 (default)
2021-01-10 13:36:40,460 [pool-348-thread-1] INFO  server.RaftServerConfigKeys (ConfUtils.java:logGet(44)) - raft.server.log.write.buffer.size = 1048576 (custom)
2021-01-10 13:36:40,461 [pool-348-thread-1] INFO  server.RaftServerConfigKeys (ConfUtils.java:logGet(44)) - raft.server.log.statemachine.data.caching.enabled = true (custom)
2021-01-10 13:36:40,461 [pool-348-thread-1] INFO  segmented.SegmentedRaftLogWorker (SegmentedRaftLogWorker.java:lambda$new$0(132)) - 0ad6d196-e751-48c8-8ca7-d67dcf240f32@group-C5B73ABBF97B-SegmentedRaftLogWorker: flushIndex: setUnconditionally 0 -> -1
2021-01-10 13:36:40,461 [pool-348-thread-1] INFO  segmented.SegmentedRaftLogWorker (SegmentedRaftLogWorker.java:lambda$new$0(132)) - 0ad6d196-e751-48c8-8ca7-d67dcf240f32@group-C5B73ABBF97B-SegmentedRaftLogWorker: safeCacheEvictIndex: setUnconditionally 0 -> -1
2021-01-10 13:36:40,467 [pool-348-thread-1] INFO  server.RaftServerConfigKeys (ConfUtils.java:logGet(44)) - raft.server.snapshot.auto.trigger.enabled = true (custom)
2021-01-10 13:36:40,467 [pool-348-thread-1] INFO  server.RaftServerConfigKeys (ConfUtils.java:logGet(44)) - raft.server.snapshot.auto.trigger.threshold = 10000 (custom)
2021-01-10 13:36:40,467 [pool-348-thread-1] INFO  server.RaftServerConfigKeys (ConfUtils.java:logGet(44)) - raft.server.snapshot.retention.file.num = 5 (custom)
2021-01-10 13:36:40,467 [pool-348-thread-1] INFO  server.RaftServerConfigKeys (ConfUtils.java:logGet(44)) - raft.server.log.purge.upto.snapshot.index = false (default)
2021-01-10 13:36:40,467 [pool-348-thread-1] INFO  server.RaftServerConfigKeys (ConfUtils.java:logGet(44)) - raft.server.retrycache.expirytime = 600000ms (custom)
2021-01-10 13:36:40,467 [pool-348-thread-1] INFO  server.RaftServerConfigKeys (ConfUtils.java:logGet(44)) - raft.server.retrycache.statistics.expirytime = 100?s (default)
2021-01-10 13:36:40,467 [pool-348-thread-1] INFO  metrics.RatisMetrics (RatisMetrics.java:lambda$create$0(36)) - Creating Metrics Registry : ratis.leader_election.0ad6d196-e751-48c8-8ca7-d67dcf240f32@group-C5B73ABBF97B
2021-01-10 13:36:40,468 [pool-348-thread-1] INFO  metrics.RatisMetrics (RatisMetrics.java:lambda$create$0(36)) - Creating Metrics Registry : ratis.server.0ad6d196-e751-48c8-8ca7-d67dcf240f32@group-C5B73ABBF97B
2021-01-10 13:36:40,468 [pool-348-thread-1] INFO  server.RaftServer$Division (RaftServerImpl.java:start(294)) - 0ad6d196-e751-48c8-8ca7-d67dcf240f32@group-C5B73ABBF97B: start as a follower, conf=-1: [0ad6d196-e751-48c8-8ca7-d67dcf240f32|rpc:172.17.0.2:38183|priority:1], old=null
2021-01-10 13:36:40,469 [pool-348-thread-1] INFO  server.RaftServer$Division (RaftServerImpl.java:setRole(283)) - 0ad6d196-e751-48c8-8ca7-d67dcf240f32@group-C5B73ABBF97B: changes role from      null to FOLLOWER at term 0 for startAsFollower
2021-01-10 13:36:40,469 [pool-348-thread-1] INFO  impl.RoleInfo (RoleInfo.java:updateAndGet(130)) - 0ad6d196-e751-48c8-8ca7-d67dcf240f32: start 0ad6d196-e751-48c8-8ca7-d67dcf240f32@group-C5B73ABBF97B-FollowerState
2021-01-10 13:36:40,476 [pool-348-thread-1] INFO  util.JmxRegister (JmxRegister.java:tryRegister(44)) - Successfully registered JMX Bean with object name Ratis:service=RaftServer,group=group-C5B73ABBF97B,id=0ad6d196-e751-48c8-8ca7-d67dcf240f32
2021-01-10 13:36:40,476 [pool-348-thread-1] INFO  metrics.RatisMetrics (RatisMetrics.java:lambda$create$0(36)) - Creating Metrics Registry : ratis.state_machine.0ad6d196-e751-48c8-8ca7-d67dcf240f32@group-C5B73ABBF97B
2021-01-10 13:36:40,477 [Command processor thread] INFO  commandhandler.CreatePipelineCommandHandler (CreatePipelineCommandHandler.java:handle(106)) - Created Pipeline RATIS ONE PipelineID=9d180bb0-01e7-48f4-bfab-c5b73abbf97b.
2021-01-10 13:36:40,650 [Command processor thread] INFO  server.RaftServer (RaftServerProxy.java:addNew(95)) - 2f093e54-b728-4a2a-9239-b3f8c2a2e755: addNew group-A3BBB560D53B:[2f093e54-b728-4a2a-9239-b3f8c2a2e755|rpc:172.17.0.2:36353|priority:1] returns group-A3BBB560D53B:java.util.concurrent.CompletableFuture@585f2f42[Not completed]
2021-01-10 13:36:40,651 [pool-365-thread-1] INFO  server.RaftServer$Division (RaftServerImpl.java:<init>(179)) - 2f093e54-b728-4a2a-9239-b3f8c2a2e755: new RaftServerImpl for group-A3BBB560D53B:[2f093e54-b728-4a2a-9239-b3f8c2a2e755|rpc:172.17.0.2:36353|priority:1] with ContainerStateMachine:uninitialized
2021-01-10 13:36:40,651 [pool-365-thread-1] INFO  server.RaftServerConfigKeys (ConfUtils.java:logGet(44)) - raft.server.rpc.timeout.min = 5s (custom)
2021-01-10 13:36:40,651 [pool-365-thread-1] INFO  server.RaftServerConfigKeys (ConfUtils.java:logGet(44)) - raft.server.rpc.timeout.max = 5200ms (custom)
2021-01-10 13:36:40,651 [pool-365-thread-1] INFO  server.RaftServerConfigKeys (ConfUtils.java:logGet(44)) - raft.server.rpc.sleep.time = 25ms (default)
2021-01-10 13:36:40,651 [pool-365-thread-1] INFO  server.RaftServerConfigKeys (ConfUtils.java:logGet(44)) - raft.server.rpc.slowness.timeout = 300s (custom)
2021-01-10 13:36:40,651 [pool-365-thread-1] INFO  server.RaftServerConfigKeys (ConfUtils.java:logGet(44)) - raft.server.leaderelection.leader.step-down.wait-time = 10s (default)
2021-01-10 13:36:40,651 [pool-365-thread-1] INFO  server.RaftServerConfigKeys (ConfUtils.java:logGet(44)) - raft.server.sleep.deviation.threshold = 300ms (default)
2021-01-10 13:36:40,651 [pool-365-thread-1] INFO  server.RaftServerConfigKeys (ConfUtils.java:logGet(44)) - raft.server.log.appender.install.snapshot.enabled = false (custom)
2021-01-10 13:36:40,651 [pool-365-thread-1] INFO  server.RaftServer$Division (ServerState.java:<init>(103)) - 2f093e54-b728-4a2a-9239-b3f8c2a2e755@group-A3BBB560D53B: ConfigurationManager, init=-1: [2f093e54-b728-4a2a-9239-b3f8c2a2e755|rpc:172.17.0.2:36353|priority:1], old=null, confs=<EMPTY_MAP>
2021-01-10 13:36:40,652 [pool-365-thread-1] INFO  server.RaftServerConfigKeys (ConfUtils.java:logGet(44)) - raft.server.storage.dir = [/github/workspace/mnt/ozone/hadoop-ozone/integration-test/target/test-dir/MiniOzoneClusterImpl-0ee44e4a-5790-445b-bee5-3ef48b2e27da/datanode-5/data/ratis] (custom)
2021-01-10 13:36:40,652 [pool-365-thread-1] INFO  server.RaftServerConfigKeys (ConfUtils.java:logGet(44)) - raft.server.log.corruption.policy = EXCEPTION (default)
2021-01-10 13:36:40,652 [pool-365-thread-1] INFO  storage.RaftStorageDirectory (RaftStorageDirectoryImpl.java:analyzeStorage(132)) - The storage directory /github/workspace/mnt/ozone/hadoop-ozone/integration-test/target/test-dir/MiniOzoneClusterImpl-0ee44e4a-5790-445b-bee5-3ef48b2e27da/datanode-5/data/ratis/10e00e4b-c610-426e-ab56-a3bbb560d53b does not exist. Creating ...
2021-01-10 13:36:40,653 [Listener at 127.0.0.1/42999] INFO  ozone.MiniOzoneClusterImpl (MiniOzoneClusterImpl.java:lambda$waitForClusterToBeReady$0(179)) - Nodes are ready. Got 6 of 6 DN Heartbeats.
2021-01-10 13:36:40,653 [Listener at 127.0.0.1/42999] INFO  ozone.MiniOzoneClusterImpl (MiniOzoneClusterImpl.java:lambda$waitForClusterToBeReady$0(182)) - Cluster exits safe mode
2021-01-10 13:36:40,655 [pool-365-thread-1] INFO  storage.RaftStorageDirectory (RaftStorageDirectoryImpl.java:tryLock(215)) - Lock on /github/workspace/mnt/ozone/hadoop-ozone/integration-test/target/test-dir/MiniOzoneClusterImpl-0ee44e4a-5790-445b-bee5-3ef48b2e27da/datanode-5/data/ratis/10e00e4b-c610-426e-ab56-a3bbb560d53b/in_use.lock acquired by nodename 29989@c2cea8100722
2021-01-10 13:36:40,659 [pool-365-thread-1] INFO  storage.RaftStorage (RaftStorageImpl.java:format(87)) - Storage directory /github/workspace/mnt/ozone/hadoop-ozone/integration-test/target/test-dir/MiniOzoneClusterImpl-0ee44e4a-5790-445b-bee5-3ef48b2e27da/datanode-5/data/ratis/10e00e4b-c610-426e-ab56-a3bbb560d53b has been successfully formatted.
2021-01-10 13:36:40,659 [pool-365-thread-1] INFO  ratis.ContainerStateMachine (ContainerStateMachine.java:loadSnapshot(223)) - group-A3BBB560D53B: The snapshot info is null. Setting the last applied indexto:(t:0, i:~)
2021-01-10 13:36:40,659 [pool-365-thread-1] ERROR storage.RaftStorage (RaftStorageImpl.java:readRaftConfiguration(147)) - Failed reading configuration from file:/github/workspace/mnt/ozone/hadoop-ozone/integration-test/target/test-dir/MiniOzoneClusterImpl-0ee44e4a-5790-445b-bee5-3ef48b2e27da/datanode-5/data/ratis/10e00e4b-c610-426e-ab56-a3bbb560d53b/current/raft-meta.conf
java.io.FileNotFoundException: /github/workspace/mnt/ozone/hadoop-ozone/integration-test/target/test-dir/MiniOzoneClusterImpl-0ee44e4a-5790-445b-bee5-3ef48b2e27da/datanode-5/data/ratis/10e00e4b-c610-426e-ab56-a3bbb560d53b/current/raft-meta.conf (No such file or directory)
	at java.io.FileInputStream.open0(Native Method)
	at java.io.FileInputStream.open(FileInputStream.java:195)
	at java.io.FileInputStream.<init>(FileInputStream.java:138)
	at org.apache.ratis.server.storage.RaftStorageImpl.readRaftConfiguration(RaftStorageImpl.java:143)
	at org.apache.ratis.server.impl.ServerState.<init>(ServerState.java:113)
	at org.apache.ratis.server.impl.RaftServerImpl.<init>(RaftServerImpl.java:192)
	at org.apache.ratis.server.impl.RaftServerProxy.lambda$newRaftServerImpl$4(RaftServerProxy.java:266)
	at java.util.concurrent.CompletableFuture$AsyncSupply.run(CompletableFuture.java:1604)
	at java.util.concurrent.ThreadPoolExecutor.runWorker(ThreadPoolExecutor.java:1149)
	at java.util.concurrent.ThreadPoolExecutor$Worker.run(ThreadPoolExecutor.java:624)
	at java.lang.Thread.run(Thread.java:748)
2021-01-10 13:36:40,660 [pool-365-thread-1] INFO  server.RaftServerConfigKeys (ConfUtils.java:logGet(44)) - raft.server.notification.no-leader.timeout = 300s (custom)
2021-01-10 13:36:40,660 [pool-365-thread-1] INFO  server.RaftServerConfigKeys (ConfUtils.java:logGet(44)) - raft.server.log.use.memory = false (default)
2021-01-10 13:36:40,660 [pool-365-thread-1] INFO  server.RaftServerConfigKeys (ConfUtils.java:logGet(44)) - raft.server.log.purge.gap = 1000000 (custom)
2021-01-10 13:36:40,660 [pool-365-thread-1] INFO  server.RaftServerConfigKeys (ConfUtils.java:logGet(44)) - raft.server.log.appender.buffer.byte-limit = 33554432 (custom)
2021-01-10 13:36:40,661 [pool-365-thread-1] INFO  metrics.RatisMetrics (RatisMetrics.java:lambda$create$0(36)) - Creating Metrics Registry : ratis.log_worker.2f093e54-b728-4a2a-9239-b3f8c2a2e755@group-A3BBB560D53B
2021-01-10 13:36:40,661 [pool-365-thread-1] INFO  server.RaftServerConfigKeys (ConfUtils.java:logGet(44)) - raft.server.log.segment.size.max = 1048576 (custom)
2021-01-10 13:36:40,661 [pool-365-thread-1] INFO  server.RaftServerConfigKeys (ConfUtils.java:logGet(44)) - raft.server.log.segment.cache.num.max = 2 (custom)
2021-01-10 13:36:40,661 [pool-365-thread-1] INFO  server.RaftServerConfigKeys (ConfUtils.java:logGet(44)) - raft.server.log.segment.cache.size.max = 200MB (=209715200) (default)
2021-01-10 13:36:40,661 [pool-365-thread-1] INFO  segmented.SegmentedRaftLogWorker (SegmentedRaftLogWorker.java:<init>(181)) - new 2f093e54-b728-4a2a-9239-b3f8c2a2e755@group-A3BBB560D53B-SegmentedRaftLogWorker for RaftStorageImpl:Storage Directory /github/workspace/mnt/ozone/hadoop-ozone/integration-test/target/test-dir/MiniOzoneClusterImpl-0ee44e4a-5790-445b-bee5-3ef48b2e27da/datanode-5/data/ratis/10e00e4b-c610-426e-ab56-a3bbb560d53b
2021-01-10 13:36:40,662 [pool-365-thread-1] INFO  server.RaftServerConfigKeys (ConfUtils.java:logGet(44)) - raft.server.log.queue.byte-limit = 2147483647 (custom)
2021-01-10 13:36:40,662 [pool-365-thread-1] INFO  server.RaftServerConfigKeys (ConfUtils.java:logGet(44)) - raft.server.log.queue.element-limit = 1024 (custom)
2021-01-10 13:36:40,662 [pool-365-thread-1] INFO  server.RaftServerConfigKeys (ConfUtils.java:logGet(44)) - raft.server.log.segment.size.max = 1048576 (custom)
2021-01-10 13:36:40,662 [pool-365-thread-1] INFO  server.RaftServerConfigKeys (ConfUtils.java:logGet(44)) - raft.server.log.preallocated.size = 16384 (custom)
2021-01-10 13:36:40,662 [pool-365-thread-1] INFO  server.RaftServerConfigKeys (ConfUtils.java:logGet(44)) - raft.server.log.force.sync.num = 128 (default)
2021-01-10 13:36:40,662 [pool-365-thread-1] INFO  server.RaftServerConfigKeys (ConfUtils.java:logGet(44)) - raft.server.log.statemachine.data.sync = true (default)
2021-01-10 13:36:40,662 [pool-365-thread-1] INFO  server.RaftServerConfigKeys (ConfUtils.java:logGet(44)) - raft.server.log.statemachine.data.sync.timeout = 10s (default)
2021-01-10 13:36:40,662 [pool-365-thread-1] INFO  server.RaftServerConfigKeys (ConfUtils.java:logGet(44)) - raft.server.log.statemachine.data.sync.timeout.retry = -1 (default)
2021-01-10 13:36:40,663 [pool-365-thread-1] INFO  server.RaftServerConfigKeys (ConfUtils.java:logGet(44)) - raft.server.log.write.buffer.size = 1048576 (custom)
2021-01-10 13:36:40,664 [pool-365-thread-1] INFO  server.RaftServerConfigKeys (ConfUtils.java:logGet(44)) - raft.server.log.statemachine.data.caching.enabled = true (custom)
2021-01-10 13:36:40,664 [pool-365-thread-1] INFO  segmented.SegmentedRaftLogWorker (SegmentedRaftLogWorker.java:lambda$new$0(132)) - 2f093e54-b728-4a2a-9239-b3f8c2a2e755@group-A3BBB560D53B-SegmentedRaftLogWorker: flushIndex: setUnconditionally 0 -> -1
2021-01-10 13:36:40,664 [pool-365-thread-1] INFO  segmented.SegmentedRaftLogWorker (SegmentedRaftLogWorker.java:lambda$new$0(132)) - 2f093e54-b728-4a2a-9239-b3f8c2a2e755@group-A3BBB560D53B-SegmentedRaftLogWorker: safeCacheEvictIndex: setUnconditionally 0 -> -1
2021-01-10 13:36:40,665 [EventQueue-PipelineReportForPipelineReportHandler] INFO  pipeline.PipelineStateManager (PipelineStateManager.java:openPipeline(132)) - Pipeline Pipeline[ Id: 10e00e4b-c610-426e-ab56-a3bbb560d53b, Nodes: 2f093e54-b728-4a2a-9239-b3f8c2a2e755{ip: 172.17.0.2, host: c2cea8100722, networkLocation: /default-rack, certSerialId: null, persistedOpState: IN_SERVICE, persistedOpStateExpiryEpochSec: 0}, Type:RATIS, Factor:ONE, State:ALLOCATED, leaderId:2f093e54-b728-4a2a-9239-b3f8c2a2e755, CreationTimestamp2021-01-10T13:36:37.653Z] moved to OPEN state
2021-01-10 13:36:40,665 [pool-365-thread-1] INFO  server.RaftServerConfigKeys (ConfUtils.java:logGet(44)) - raft.server.snapshot.auto.trigger.enabled = true (custom)
2021-01-10 13:36:40,665 [pool-365-thread-1] INFO  server.RaftServerConfigKeys (ConfUtils.java:logGet(44)) - raft.server.snapshot.auto.trigger.threshold = 10000 (custom)
2021-01-10 13:36:40,665 [pool-365-thread-1] INFO  server.RaftServerConfigKeys (ConfUtils.java:logGet(44)) - raft.server.snapshot.retention.file.num = 5 (custom)
2021-01-10 13:36:40,665 [pool-365-thread-1] INFO  server.RaftServerConfigKeys (ConfUtils.java:logGet(44)) - raft.server.log.purge.upto.snapshot.index = false (default)
2021-01-10 13:36:40,666 [pool-365-thread-1] INFO  server.RaftServerConfigKeys (ConfUtils.java:logGet(44)) - raft.server.retrycache.expirytime = 600000ms (custom)
2021-01-10 13:36:40,666 [pool-365-thread-1] INFO  server.RaftServerConfigKeys (ConfUtils.java:logGet(44)) - raft.server.retrycache.statistics.expirytime = 100?s (default)
2021-01-10 13:36:40,666 [pool-365-thread-1] INFO  metrics.RatisMetrics (RatisMetrics.java:lambda$create$0(36)) - Creating Metrics Registry : ratis.leader_election.2f093e54-b728-4a2a-9239-b3f8c2a2e755@group-A3BBB560D53B
2021-01-10 13:36:40,666 [pool-365-thread-1] INFO  metrics.RatisMetrics (RatisMetrics.java:lambda$create$0(36)) - Creating Metrics Registry : ratis.server.2f093e54-b728-4a2a-9239-b3f8c2a2e755@group-A3BBB560D53B
2021-01-10 13:36:40,667 [pool-365-thread-1] INFO  server.RaftServer$Division (RaftServerImpl.java:start(294)) - 2f093e54-b728-4a2a-9239-b3f8c2a2e755@group-A3BBB560D53B: start as a follower, conf=-1: [2f093e54-b728-4a2a-9239-b3f8c2a2e755|rpc:172.17.0.2:36353|priority:1], old=null
2021-01-10 13:36:40,667 [pool-365-thread-1] INFO  server.RaftServer$Division (RaftServerImpl.java:setRole(283)) - 2f093e54-b728-4a2a-9239-b3f8c2a2e755@group-A3BBB560D53B: changes role from      null to FOLLOWER at term 0 for startAsFollower
2021-01-10 13:36:40,667 [pool-365-thread-1] INFO  impl.RoleInfo (RoleInfo.java:updateAndGet(130)) - 2f093e54-b728-4a2a-9239-b3f8c2a2e755: start 2f093e54-b728-4a2a-9239-b3f8c2a2e755@group-A3BBB560D53B-FollowerState
2021-01-10 13:36:40,667 [pool-365-thread-1] INFO  util.JmxRegister (JmxRegister.java:tryRegister(44)) - Successfully registered JMX Bean with object name Ratis:service=RaftServer,group=group-A3BBB560D53B,id=2f093e54-b728-4a2a-9239-b3f8c2a2e755
2021-01-10 13:36:40,667 [pool-365-thread-1] INFO  metrics.RatisMetrics (RatisMetrics.java:lambda$create$0(36)) - Creating Metrics Registry : ratis.state_machine.2f093e54-b728-4a2a-9239-b3f8c2a2e755@group-A3BBB560D53B
2021-01-10 13:36:40,668 [Command processor thread] INFO  commandhandler.CreatePipelineCommandHandler (CreatePipelineCommandHandler.java:handle(106)) - Created Pipeline RATIS ONE PipelineID=10e00e4b-c610-426e-ab56-a3bbb560d53b.
2021-01-10 13:36:40,679 [Listener at 127.0.0.1/42999] INFO  rpc.RpcClient (RpcClient.java:createVolume(273)) - Creating Volume: vol1, with user62517 as owner.
2021-01-10 13:36:40,681 [IPC Server handler 4 on default port 42999] INFO  volume.OMVolumeCreateRequest (OMVolumeCreateRequest.java:validateAndUpdateCache(196)) - created volume:vol1 for user:user62517
2021-01-10 13:36:40,689 [Listener at 127.0.0.1/42999] INFO  rpc.RpcClient (RpcClient.java:createBucket(429)) - Creating Bucket: vol1/bucket1, with Versioning false and Storage Type set to DISK and Encryption set to false 
2021-01-10 13:36:40,710 [Listener at 127.0.0.1/42999] INFO  metrics.RatisMetrics (RatisMetrics.java:lambda$create$0(36)) - Creating Metrics Registry : ratis.client_message_metrics.client-AA1E491B44C7->63b42672-d3a4-4132-9f43-651996da4388
2021-01-10 13:36:42,763 [EventQueue-Delayed safe mode statusForReplicationManager] INFO  container.ReplicationManager (ReplicationManager.java:start(186)) - Starting Replication Monitor Thread.
2021-01-10 13:36:42,765 [ReplicationMonitor] INFO  container.ReplicationManager (ReplicationManager.java:run(250)) - Replication Monitor Thread took 1 milliseconds for processing 3 containers.
2021-01-10 13:36:43,765 [ReplicationMonitor] INFO  container.ReplicationManager (ReplicationManager.java:run(250)) - Replication Monitor Thread took 0 milliseconds for processing 3 containers.
2021-01-10 13:36:44,304 [Thread-840] INFO  impl.FollowerState (FollowerState.java:run(133)) - b3570078-f6e2-4b7a-8962-99d3351b1084@group-0D998C0963B1-FollowerState: change to CANDIDATE, lastRpcElapsedTime:5002102760ns, electionTimeout:5001ms
2021-01-10 13:36:44,304 [Thread-840] INFO  impl.RoleInfo (RoleInfo.java:shutdownFollowerState(108)) - b3570078-f6e2-4b7a-8962-99d3351b1084: shutdown b3570078-f6e2-4b7a-8962-99d3351b1084@group-0D998C0963B1-FollowerState
2021-01-10 13:36:44,304 [Thread-840] INFO  server.RaftServer$Division (RaftServerImpl.java:setRole(283)) - b3570078-f6e2-4b7a-8962-99d3351b1084@group-0D998C0963B1: changes role from  FOLLOWER to CANDIDATE at term 0 for changeToCandidate
2021-01-10 13:36:44,304 [Thread-840] INFO  impl.RoleInfo (RoleInfo.java:updateAndGet(130)) - b3570078-f6e2-4b7a-8962-99d3351b1084: start b3570078-f6e2-4b7a-8962-99d3351b1084@group-0D998C0963B1-LeaderElection16
2021-01-10 13:36:44,308 [b3570078-f6e2-4b7a-8962-99d3351b1084@group-0D998C0963B1-LeaderElection16] INFO  impl.LeaderElection (LeaderElection.java:askForPreVotes(259)) - b3570078-f6e2-4b7a-8962-99d3351b1084@group-0D998C0963B1-LeaderElection16: begin a pre-vote at term 0 for -1: [b3570078-f6e2-4b7a-8962-99d3351b1084|rpc:172.17.0.2:45597|priority:0, 0ad6d196-e751-48c8-8ca7-d67dcf240f32|rpc:172.17.0.2:38183|priority:1, 2f093e54-b728-4a2a-9239-b3f8c2a2e755|rpc:172.17.0.2:36353|priority:0], old=null
2021-01-10 13:36:44,320 [grpc-default-executor-4] INFO  server.RaftServer$Division (RaftServerImpl.java:requestPreVote(1060)) - 2f093e54-b728-4a2a-9239-b3f8c2a2e755@group-0D998C0963B1: receive preVote(b3570078-f6e2-4b7a-8962-99d3351b1084, group-0D998C0963B1, 0, (t:0, i:0))
2021-01-10 13:36:44,320 [grpc-default-executor-4] INFO  server.RaftServer$Division (RaftServerImpl.java:requestPreVote(1081)) - 2f093e54-b728-4a2a-9239-b3f8c2a2e755@group-0D998C0963B1 role: FOLLOWER allow pre-vote from:b3570078-f6e2-4b7a-8962-99d3351b1084
2021-01-10 13:36:44,320 [grpc-default-executor-4] INFO  server.RaftServer$Division (RaftServerImpl.java:requestPreVote(1099)) - 2f093e54-b728-4a2a-9239-b3f8c2a2e755@group-0D998C0963B1 replies to pre-vote request: b3570078-f6e2-4b7a-8962-99d3351b1084<-2f093e54-b728-4a2a-9239-b3f8c2a2e755#0:OK-t0. Peer's state: 2f093e54-b728-4a2a-9239-b3f8c2a2e755@group-0D998C0963B1:t0, leader=null, voted=, raftlog=2f093e54-b728-4a2a-9239-b3f8c2a2e755@group-0D998C0963B1-SegmentedRaftLog:OPENED:c-1,f-1,i0, conf=-1: [b3570078-f6e2-4b7a-8962-99d3351b1084|rpc:172.17.0.2:45597|dataStream:|priority:0, 0ad6d196-e751-48c8-8ca7-d67dcf240f32|rpc:172.17.0.2:38183|dataStream:|priority:1, 2f093e54-b728-4a2a-9239-b3f8c2a2e755|rpc:172.17.0.2:36353|dataStream:|priority:0], old=null
2021-01-10 13:36:44,320 [grpc-default-executor-2] INFO  server.RaftServer$Division (RaftServerImpl.java:requestPreVote(1060)) - 0ad6d196-e751-48c8-8ca7-d67dcf240f32@group-0D998C0963B1: receive preVote(b3570078-f6e2-4b7a-8962-99d3351b1084, group-0D998C0963B1, 0, (t:0, i:0))
2021-01-10 13:36:44,321 [grpc-default-executor-2] INFO  server.RaftServer$Division (RaftServerImpl.java:requestPreVote(1083)) - 0ad6d196-e751-48c8-8ca7-d67dcf240f32@group-0D998C0963B1 role: FOLLOWER reject pre-vote from:b3570078-f6e2-4b7a-8962-99d3351b1084 because compare:0 isCurrentLeaderValid:false
2021-01-10 13:36:44,321 [grpc-default-executor-2] INFO  server.RaftServer$Division (RaftServerImpl.java:requestPreVote(1099)) - 0ad6d196-e751-48c8-8ca7-d67dcf240f32@group-0D998C0963B1 replies to pre-vote request: b3570078-f6e2-4b7a-8962-99d3351b1084<-0ad6d196-e751-48c8-8ca7-d67dcf240f32#0:FAIL-t0. Peer's state: 0ad6d196-e751-48c8-8ca7-d67dcf240f32@group-0D998C0963B1:t0, leader=null, voted=, raftlog=0ad6d196-e751-48c8-8ca7-d67dcf240f32@group-0D998C0963B1-SegmentedRaftLog:OPENED:c-1,f-1,i0, conf=-1: [b3570078-f6e2-4b7a-8962-99d3351b1084|rpc:172.17.0.2:45597|dataStream:|priority:0, 0ad6d196-e751-48c8-8ca7-d67dcf240f32|rpc:172.17.0.2:38183|dataStream:|priority:1, 2f093e54-b728-4a2a-9239-b3f8c2a2e755|rpc:172.17.0.2:36353|dataStream:|priority:0], old=null
2021-01-10 13:36:44,323 [b3570078-f6e2-4b7a-8962-99d3351b1084@group-0D998C0963B1-LeaderElection16] INFO  impl.LeaderElection (LeaderElection.java:logAndReturn(68)) - b3570078-f6e2-4b7a-8962-99d3351b1084@group-0D998C0963B1-LeaderElection16: Pre-vote  REJECTED received 2 response(s):[b3570078-f6e2-4b7a-8962-99d3351b1084<-0ad6d196-e751-48c8-8ca7-d67dcf240f32#0:FAIL-t0, b3570078-f6e2-4b7a-8962-99d3351b1084<-2f093e54-b728-4a2a-9239-b3f8c2a2e755#0:OK-t0]
2021-01-10 13:36:44,323 [b3570078-f6e2-4b7a-8962-99d3351b1084@group-0D998C0963B1-LeaderElection16] INFO  impl.LeaderElection (LeaderElection.java:askForPreVotes(261)) - b3570078-f6e2-4b7a-8962-99d3351b1084@group-0D998C0963B1-LeaderElection16 pre-vote result is REJECTED.
2021-01-10 13:36:44,324 [b3570078-f6e2-4b7a-8962-99d3351b1084@group-0D998C0963B1-LeaderElection16] INFO  server.RaftServer$Division (RaftServerImpl.java:setRole(283)) - b3570078-f6e2-4b7a-8962-99d3351b1084@group-0D998C0963B1: changes role from CANDIDATE to FOLLOWER at term 0 for REJECTED
2021-01-10 13:36:44,324 [b3570078-f6e2-4b7a-8962-99d3351b1084@group-0D998C0963B1-LeaderElection16] INFO  impl.RoleInfo (RoleInfo.java:shutdownLeaderElection(121)) - b3570078-f6e2-4b7a-8962-99d3351b1084: shutdown b3570078-f6e2-4b7a-8962-99d3351b1084@group-0D998C0963B1-LeaderElection16
2021-01-10 13:36:44,324 [b3570078-f6e2-4b7a-8962-99d3351b1084@group-0D998C0963B1-LeaderElection16] INFO  impl.RoleInfo (RoleInfo.java:updateAndGet(130)) - b3570078-f6e2-4b7a-8962-99d3351b1084: start b3570078-f6e2-4b7a-8962-99d3351b1084@group-0D998C0963B1-FollowerState
2021-01-10 13:36:44,449 [Thread-842] INFO  impl.FollowerState (FollowerState.java:run(133)) - 0ad6d196-e751-48c8-8ca7-d67dcf240f32@group-0D998C0963B1-FollowerState: change to CANDIDATE, lastRpcElapsedTime:5118861342ns, electionTimeout:5117ms
2021-01-10 13:36:44,450 [Thread-842] INFO  impl.RoleInfo (RoleInfo.java:shutdownFollowerState(108)) - 0ad6d196-e751-48c8-8ca7-d67dcf240f32: shutdown 0ad6d196-e751-48c8-8ca7-d67dcf240f32@group-0D998C0963B1-FollowerState
2021-01-10 13:36:44,450 [Thread-842] INFO  server.RaftServer$Division (RaftServerImpl.java:setRole(283)) - 0ad6d196-e751-48c8-8ca7-d67dcf240f32@group-0D998C0963B1: changes role from  FOLLOWER to CANDIDATE at term 0 for changeToCandidate
2021-01-10 13:36:44,451 [Thread-842] INFO  impl.RoleInfo (RoleInfo.java:updateAndGet(130)) - 0ad6d196-e751-48c8-8ca7-d67dcf240f32: start 0ad6d196-e751-48c8-8ca7-d67dcf240f32@group-0D998C0963B1-LeaderElection17
2021-01-10 13:36:44,451 [0ad6d196-e751-48c8-8ca7-d67dcf240f32@group-0D998C0963B1-LeaderElection17] INFO  impl.LeaderElection (LeaderElection.java:askForPreVotes(259)) - 0ad6d196-e751-48c8-8ca7-d67dcf240f32@group-0D998C0963B1-LeaderElection17: begin a pre-vote at term 0 for -1: [b3570078-f6e2-4b7a-8962-99d3351b1084|rpc:172.17.0.2:45597|dataStream:|priority:0, 0ad6d196-e751-48c8-8ca7-d67dcf240f32|rpc:172.17.0.2:38183|dataStream:|priority:1, 2f093e54-b728-4a2a-9239-b3f8c2a2e755|rpc:172.17.0.2:36353|dataStream:|priority:0], old=null
2021-01-10 13:36:44,464 [grpc-default-executor-4] INFO  server.RaftServer$Division (RaftServerImpl.java:requestPreVote(1060)) - 2f093e54-b728-4a2a-9239-b3f8c2a2e755@group-0D998C0963B1: receive preVote(0ad6d196-e751-48c8-8ca7-d67dcf240f32, group-0D998C0963B1, 0, (t:0, i:0))
2021-01-10 13:36:44,464 [grpc-default-executor-4] INFO  server.RaftServer$Division (RaftServerImpl.java:requestPreVote(1081)) - 2f093e54-b728-4a2a-9239-b3f8c2a2e755@group-0D998C0963B1 role: FOLLOWER allow pre-vote from:0ad6d196-e751-48c8-8ca7-d67dcf240f32
2021-01-10 13:36:44,465 [grpc-default-executor-4] INFO  server.RaftServer$Division (RaftServerImpl.java:requestPreVote(1099)) - 2f093e54-b728-4a2a-9239-b3f8c2a2e755@group-0D998C0963B1 replies to pre-vote request: 0ad6d196-e751-48c8-8ca7-d67dcf240f32<-2f093e54-b728-4a2a-9239-b3f8c2a2e755#0:OK-t0. Peer's state: 2f093e54-b728-4a2a-9239-b3f8c2a2e755@group-0D998C0963B1:t0, leader=null, voted=, raftlog=2f093e54-b728-4a2a-9239-b3f8c2a2e755@group-0D998C0963B1-SegmentedRaftLog:OPENED:c-1,f-1,i0, conf=-1: [b3570078-f6e2-4b7a-8962-99d3351b1084|rpc:172.17.0.2:45597|dataStream:|priority:0, 0ad6d196-e751-48c8-8ca7-d67dcf240f32|rpc:172.17.0.2:38183|dataStream:|priority:1, 2f093e54-b728-4a2a-9239-b3f8c2a2e755|rpc:172.17.0.2:36353|dataStream:|priority:0], old=null
2021-01-10 13:36:44,466 [grpc-default-executor-2] INFO  metrics.RatisMetrics (RatisMetrics.java:lambda$create$0(36)) - Creating Metrics Registry : ratis.server_message_metrics.b3570078-f6e2-4b7a-8962-99d3351b1084
2021-01-10 13:36:44,470 [grpc-default-executor-2] INFO  server.RaftServer$Division (RaftServerImpl.java:requestPreVote(1060)) - b3570078-f6e2-4b7a-8962-99d3351b1084@group-0D998C0963B1: receive preVote(0ad6d196-e751-48c8-8ca7-d67dcf240f32, group-0D998C0963B1, 0, (t:0, i:0))
2021-01-10 13:36:44,471 [grpc-default-executor-2] INFO  server.RaftServer$Division (RaftServerImpl.java:requestPreVote(1081)) - b3570078-f6e2-4b7a-8962-99d3351b1084@group-0D998C0963B1 role: FOLLOWER allow pre-vote from:0ad6d196-e751-48c8-8ca7-d67dcf240f32
2021-01-10 13:36:44,471 [grpc-default-executor-2] INFO  server.RaftServer$Division (RaftServerImpl.java:requestPreVote(1099)) - b3570078-f6e2-4b7a-8962-99d3351b1084@group-0D998C0963B1 replies to pre-vote request: 0ad6d196-e751-48c8-8ca7-d67dcf240f32<-b3570078-f6e2-4b7a-8962-99d3351b1084#0:OK-t0. Peer's state: b3570078-f6e2-4b7a-8962-99d3351b1084@group-0D998C0963B1:t0, leader=null, voted=, raftlog=b3570078-f6e2-4b7a-8962-99d3351b1084@group-0D998C0963B1-SegmentedRaftLog:OPENED:c-1,f-1,i0, conf=-1: [b3570078-f6e2-4b7a-8962-99d3351b1084|rpc:172.17.0.2:45597|priority:0, 0ad6d196-e751-48c8-8ca7-d67dcf240f32|rpc:172.17.0.2:38183|priority:1, 2f093e54-b728-4a2a-9239-b3f8c2a2e755|rpc:172.17.0.2:36353|priority:0], old=null
2021-01-10 13:36:44,473 [0ad6d196-e751-48c8-8ca7-d67dcf240f32@group-0D998C0963B1-LeaderElection17] INFO  impl.LeaderElection (LeaderElection.java:logAndReturn(68)) - 0ad6d196-e751-48c8-8ca7-d67dcf240f32@group-0D998C0963B1-LeaderElection17: Pre-vote  PASSED received 1 response(s):[0ad6d196-e751-48c8-8ca7-d67dcf240f32<-2f093e54-b728-4a2a-9239-b3f8c2a2e755#0:OK-t0]
2021-01-10 13:36:44,477 [0ad6d196-e751-48c8-8ca7-d67dcf240f32@group-0D998C0963B1-LeaderElection17] INFO  impl.LeaderElection (LeaderElection.java:askForPreVotes(261)) - 0ad6d196-e751-48c8-8ca7-d67dcf240f32@group-0D998C0963B1-LeaderElection17 pre-vote result is PASSED.
2021-01-10 13:36:44,479 [0ad6d196-e751-48c8-8ca7-d67dcf240f32@group-0D998C0963B1-LeaderElection17] INFO  impl.LeaderElection (LeaderElection.java:askForVotes(308)) - 0ad6d196-e751-48c8-8ca7-d67dcf240f32@group-0D998C0963B1-LeaderElection17: begin an election at term 1 for -1: [b3570078-f6e2-4b7a-8962-99d3351b1084|rpc:172.17.0.2:45597|dataStream:|priority:0, 0ad6d196-e751-48c8-8ca7-d67dcf240f32|rpc:172.17.0.2:38183|dataStream:|priority:1, 2f093e54-b728-4a2a-9239-b3f8c2a2e755|rpc:172.17.0.2:36353|dataStream:|priority:0], old=null
2021-01-10 13:36:44,498 [grpc-default-executor-2] INFO  server.RaftServer$Division (RaftServerImpl.java:setRole(283)) - b3570078-f6e2-4b7a-8962-99d3351b1084@group-0D998C0963B1: changes role from  FOLLOWER to FOLLOWER at term 1 for recognizeCandidate:0ad6d196-e751-48c8-8ca7-d67dcf240f32
2021-01-10 13:36:44,500 [grpc-default-executor-2] INFO  impl.RoleInfo (RoleInfo.java:shutdownFollowerState(108)) - b3570078-f6e2-4b7a-8962-99d3351b1084: shutdown b3570078-f6e2-4b7a-8962-99d3351b1084@group-0D998C0963B1-FollowerState
2021-01-10 13:36:44,500 [grpc-default-executor-2] INFO  impl.RoleInfo (RoleInfo.java:updateAndGet(130)) - b3570078-f6e2-4b7a-8962-99d3351b1084: start b3570078-f6e2-4b7a-8962-99d3351b1084@group-0D998C0963B1-FollowerState
2021-01-10 13:36:44,500 [Thread-1104] INFO  impl.FollowerState (FollowerState.java:run(142)) - b3570078-f6e2-4b7a-8962-99d3351b1084@group-0D998C0963B1-FollowerState was interrupted: {}
java.lang.InterruptedException: sleep interrupted
	at java.lang.Thread.sleep(Native Method)
	at java.lang.Thread.sleep(Thread.java:340)
	at java.util.concurrent.TimeUnit.sleep(TimeUnit.java:386)
	at org.apache.ratis.util.TimeDuration.sleep(TimeDuration.java:324)
	at org.apache.ratis.util.TimeDuration.sleep(TimeDuration.java:309)
	at org.apache.ratis.server.impl.FollowerState.run(FollowerState.java:117)
2021-01-10 13:36:44,500 [grpc-default-executor-2] INFO  server.RaftServer$Division (RaftServerImpl.java:requestVote(1137)) -  FOLLOWER b3570078-f6e2-4b7a-8962-99d3351b1084@group-0D998C0963B1:t1, leader=null, voted=null, raftlog=b3570078-f6e2-4b7a-8962-99d3351b1084@group-0D998C0963B1-SegmentedRaftLog:OPENED:c-1,f-1,i0, conf=-1: [b3570078-f6e2-4b7a-8962-99d3351b1084|rpc:172.17.0.2:45597|priority:0, 0ad6d196-e751-48c8-8ca7-d67dcf240f32|rpc:172.17.0.2:38183|priority:1, 2f093e54-b728-4a2a-9239-b3f8c2a2e755|rpc:172.17.0.2:36353|priority:0], old=null RUNNING priority:0 candidate:0ad6d196-e751-48c8-8ca7-d67dcf240f32|rpc:172.17.0.2:38183|priority:1 candidatePriority:1 compare:0
2021-01-10 13:36:44,500 [grpc-default-executor-4] INFO  server.RaftServer$Division (RaftServerImpl.java:setRole(283)) - 2f093e54-b728-4a2a-9239-b3f8c2a2e755@group-0D998C0963B1: changes role from  FOLLOWER to FOLLOWER at term 1 for recognizeCandidate:0ad6d196-e751-48c8-8ca7-d67dcf240f32
2021-01-10 13:36:44,506 [grpc-default-executor-4] INFO  impl.RoleInfo (RoleInfo.java:shutdownFollowerState(108)) - 2f093e54-b728-4a2a-9239-b3f8c2a2e755: shutdown 2f093e54-b728-4a2a-9239-b3f8c2a2e755@group-0D998C0963B1-FollowerState
2021-01-10 13:36:44,506 [grpc-default-executor-4] INFO  impl.RoleInfo (RoleInfo.java:updateAndGet(130)) - 2f093e54-b728-4a2a-9239-b3f8c2a2e755: start 2f093e54-b728-4a2a-9239-b3f8c2a2e755@group-0D998C0963B1-FollowerState
2021-01-10 13:36:44,507 [Thread-845] INFO  impl.FollowerState (FollowerState.java:run(142)) - 2f093e54-b728-4a2a-9239-b3f8c2a2e755@group-0D998C0963B1-FollowerState was interrupted: {}
java.lang.InterruptedException: sleep interrupted
	at java.lang.Thread.sleep(Native Method)
	at java.lang.Thread.sleep(Thread.java:340)
	at java.util.concurrent.TimeUnit.sleep(TimeUnit.java:386)
	at org.apache.ratis.util.TimeDuration.sleep(TimeDuration.java:324)
	at org.apache.ratis.util.TimeDuration.sleep(TimeDuration.java:309)
	at org.apache.ratis.server.impl.FollowerState.run(FollowerState.java:117)
2021-01-10 13:36:44,507 [grpc-default-executor-4] INFO  server.RaftServer$Division (RaftServerImpl.java:requestVote(1137)) -  FOLLOWER 2f093e54-b728-4a2a-9239-b3f8c2a2e755@group-0D998C0963B1:t1, leader=null, voted=null, raftlog=2f093e54-b728-4a2a-9239-b3f8c2a2e755@group-0D998C0963B1-SegmentedRaftLog:OPENED:c-1,f-1,i0, conf=-1: [b3570078-f6e2-4b7a-8962-99d3351b1084|rpc:172.17.0.2:45597|dataStream:|priority:0, 0ad6d196-e751-48c8-8ca7-d67dcf240f32|rpc:172.17.0.2:38183|dataStream:|priority:1, 2f093e54-b728-4a2a-9239-b3f8c2a2e755|rpc:172.17.0.2:36353|dataStream:|priority:0], old=null RUNNING priority:0 candidate:0ad6d196-e751-48c8-8ca7-d67dcf240f32|rpc:172.17.0.2:38183|dataStream:|priority:1 candidatePriority:1 compare:0
2021-01-10 13:36:44,518 [0ad6d196-e751-48c8-8ca7-d67dcf240f32@group-0D998C0963B1-LeaderElection17] INFO  impl.LeaderElection (LeaderElection.java:logAndReturn(68)) - 0ad6d196-e751-48c8-8ca7-d67dcf240f32@group-0D998C0963B1-LeaderElection17: Election  PASSED received 1 response(s):[0ad6d196-e751-48c8-8ca7-d67dcf240f32<-b3570078-f6e2-4b7a-8962-99d3351b1084#0:OK-t1]
2021-01-10 13:36:44,518 [0ad6d196-e751-48c8-8ca7-d67dcf240f32@group-0D998C0963B1-LeaderElection17] INFO  impl.RoleInfo (RoleInfo.java:shutdownLeaderElection(121)) - 0ad6d196-e751-48c8-8ca7-d67dcf240f32: shutdown 0ad6d196-e751-48c8-8ca7-d67dcf240f32@group-0D998C0963B1-LeaderElection17
2021-01-10 13:36:44,518 [0ad6d196-e751-48c8-8ca7-d67dcf240f32@group-0D998C0963B1-LeaderElection17] INFO  server.RaftServer$Division (RaftServerImpl.java:setRole(283)) - 0ad6d196-e751-48c8-8ca7-d67dcf240f32@group-0D998C0963B1: changes role from CANDIDATE to LEADER at term 1 for changeToLeader
2021-01-10 13:36:44,518 [0ad6d196-e751-48c8-8ca7-d67dcf240f32@group-0D998C0963B1-LeaderElection17] INFO  ratis.XceiverServerRatis (XceiverServerRatis.java:handleLeaderChangedNotification(868)) - Leader change notification received for group: group-0D998C0963B1 with new leaderId: 0ad6d196-e751-48c8-8ca7-d67dcf240f32
2021-01-10 13:36:44,519 [0ad6d196-e751-48c8-8ca7-d67dcf240f32@group-0D998C0963B1-LeaderElection17] INFO  server.RaftServer$Division (ServerState.java:setLeader(249)) - 0ad6d196-e751-48c8-8ca7-d67dcf240f32@group-0D998C0963B1: change Leader from null to 0ad6d196-e751-48c8-8ca7-d67dcf240f32 at term 1 for becomeLeader, leader elected after 5195ms
2021-01-10 13:36:44,519 [0ad6d196-e751-48c8-8ca7-d67dcf240f32@group-0D998C0963B1-LeaderElection17] INFO  server.RaftServerConfigKeys (ConfUtils.java:logGet(44)) - raft.server.staging.catchup.gap = 1000 (default)
2021-01-10 13:36:44,519 [0ad6d196-e751-48c8-8ca7-d67dcf240f32@group-0D998C0963B1-LeaderElection17] INFO  metrics.RatisMetrics (RatisMetrics.java:lambda$create$0(36)) - Creating Metrics Registry : ratis.log_appender.0ad6d196-e751-48c8-8ca7-d67dcf240f32@group-0D998C0963B1
2021-01-10 13:36:44,519 [0ad6d196-e751-48c8-8ca7-d67dcf240f32@group-0D998C0963B1-LeaderElection17] INFO  server.RaftServerConfigKeys (ConfUtils.java:logGet(44)) - raft.server.write.element-limit = 1024 (custom)
2021-01-10 13:36:44,519 [0ad6d196-e751-48c8-8ca7-d67dcf240f32@group-0D998C0963B1-LeaderElection17] INFO  server.RaftServerConfigKeys (ConfUtils.java:logGet(44)) - raft.server.write.byte-limit = 1073741824 (custom)
2021-01-10 13:36:44,519 [0ad6d196-e751-48c8-8ca7-d67dcf240f32@group-0D998C0963B1-LeaderElection17] INFO  server.RaftServerConfigKeys (ConfUtils.java:logGet(44)) - raft.server.watch.timeout = 180s (custom)
2021-01-10 13:36:44,519 [0ad6d196-e751-48c8-8ca7-d67dcf240f32@group-0D998C0963B1-LeaderElection17] INFO  server.RaftServerConfigKeys (ConfUtils.java:logGet(44)) - raft.server.watch.timeout.denomination = 1s (default)
2021-01-10 13:36:44,519 [0ad6d196-e751-48c8-8ca7-d67dcf240f32@group-0D998C0963B1-LeaderElection17] INFO  server.RaftServerConfigKeys (ConfUtils.java:logGet(44)) - raft.server.watch.element-limit = 65536 (default)
2021-01-10 13:36:44,519 [0ad6d196-e751-48c8-8ca7-d67dcf240f32@group-0D998C0963B1-LeaderElection17] INFO  server.RaftServerConfigKeys (ConfUtils.java:logGet(44)) - raft.server.log.appender.snapshot.chunk.size.max = 16MB (=16777216) (default)
2021-01-10 13:36:44,520 [0ad6d196-e751-48c8-8ca7-d67dcf240f32@group-0D998C0963B1-LeaderElection17] INFO  server.RaftServerConfigKeys (ConfUtils.java:logGet(44)) - raft.server.log.appender.buffer.byte-limit = 33554432 (custom)
2021-01-10 13:36:44,520 [0ad6d196-e751-48c8-8ca7-d67dcf240f32@group-0D998C0963B1-LeaderElection17] INFO  server.RaftServerConfigKeys (ConfUtils.java:logGet(44)) - raft.server.log.appender.buffer.element-limit = 1 (custom)
2021-01-10 13:36:44,520 [0ad6d196-e751-48c8-8ca7-d67dcf240f32@group-0D998C0963B1-LeaderElection17] INFO  grpc.GrpcConfigKeys (ConfUtils.java:logGet(44)) - raft.grpc.server.leader.outstanding.appends.max = 128 (default)
2021-01-10 13:36:44,520 [0ad6d196-e751-48c8-8ca7-d67dcf240f32@group-0D998C0963B1-LeaderElection17] INFO  server.RaftServerConfigKeys (ConfUtils.java:logGet(44)) - raft.server.rpc.request.timeout = 60s (custom)
2021-01-10 13:36:44,520 [0ad6d196-e751-48c8-8ca7-d67dcf240f32@group-0D998C0963B1-LeaderElection17] INFO  server.RaftServerConfigKeys (ConfUtils.java:logGet(44)) - raft.server.log.appender.install.snapshot.enabled = false (custom)
2021-01-10 13:36:44,520 [0ad6d196-e751-48c8-8ca7-d67dcf240f32@group-0D998C0963B1-LeaderElection17] INFO  metrics.RatisMetrics (RatisMetrics.java:lambda$create$0(36)) - Creating Metrics Registry : ratis_grpc.log_appender.0ad6d196-e751-48c8-8ca7-d67dcf240f32@group-0D998C0963B1
2021-01-10 13:36:44,521 [0ad6d196-e751-48c8-8ca7-d67dcf240f32@group-0D998C0963B1-LeaderElection17] INFO  server.RaftServerConfigKeys (ConfUtils.java:logGet(44)) - raft.server.log.appender.snapshot.chunk.size.max = 16MB (=16777216) (default)
2021-01-10 13:36:44,521 [0ad6d196-e751-48c8-8ca7-d67dcf240f32@group-0D998C0963B1-LeaderElection17] INFO  server.RaftServerConfigKeys (ConfUtils.java:logGet(44)) - raft.server.log.appender.buffer.byte-limit = 33554432 (custom)
2021-01-10 13:36:44,521 [0ad6d196-e751-48c8-8ca7-d67dcf240f32@group-0D998C0963B1-LeaderElection17] INFO  server.RaftServerConfigKeys (ConfUtils.java:logGet(44)) - raft.server.log.appender.buffer.element-limit = 1 (custom)
2021-01-10 13:36:44,521 [0ad6d196-e751-48c8-8ca7-d67dcf240f32@group-0D998C0963B1-LeaderElection17] INFO  grpc.GrpcConfigKeys (ConfUtils.java:logGet(44)) - raft.grpc.server.leader.outstanding.appends.max = 128 (default)
2021-01-10 13:36:44,521 [0ad6d196-e751-48c8-8ca7-d67dcf240f32@group-0D998C0963B1-LeaderElection17] INFO  server.RaftServerConfigKeys (ConfUtils.java:logGet(44)) - raft.server.rpc.request.timeout = 60s (custom)
2021-01-10 13:36:44,521 [0ad6d196-e751-48c8-8ca7-d67dcf240f32@group-0D998C0963B1-LeaderElection17] INFO  server.RaftServerConfigKeys (ConfUtils.java:logGet(44)) - raft.server.log.appender.install.snapshot.enabled = false (custom)
2021-01-10 13:36:44,522 [0ad6d196-e751-48c8-8ca7-d67dcf240f32@group-0D998C0963B1-LeaderElection17] INFO  impl.RoleInfo (RoleInfo.java:updateAndGet(130)) - 0ad6d196-e751-48c8-8ca7-d67dcf240f32: start 0ad6d196-e751-48c8-8ca7-d67dcf240f32@group-0D998C0963B1-LeaderStateImpl
2021-01-10 13:36:44,522 [0ad6d196-e751-48c8-8ca7-d67dcf240f32@group-0D998C0963B1-LeaderElection17] INFO  segmented.SegmentedRaftLogWorker (SegmentedRaftLogWorker.java:startLogSegment(392)) - 0ad6d196-e751-48c8-8ca7-d67dcf240f32@group-0D998C0963B1-SegmentedRaftLogWorker: Starting segment from index:0
2021-01-10 13:36:44,524 [EventQueue-PipelineReportForPipelineReportHandler] INFO  pipeline.PipelineStateManager (PipelineStateManager.java:openPipeline(132)) - Pipeline Pipeline[ Id: b3c08616-cf70-4772-8e17-0d998c0963b1, Nodes: 0ad6d196-e751-48c8-8ca7-d67dcf240f32{ip: 172.17.0.2, host: c2cea8100722, networkLocation: /default-rack, certSerialId: null, persistedOpState: IN_SERVICE, persistedOpStateExpiryEpochSec: 0}b3570078-f6e2-4b7a-8962-99d3351b1084{ip: 172.17.0.2, host: c2cea8100722, networkLocation: /default-rack, certSerialId: null, persistedOpState: IN_SERVICE, persistedOpStateExpiryEpochSec: 0}2f093e54-b728-4a2a-9239-b3f8c2a2e755{ip: 172.17.0.2, host: c2cea8100722, networkLocation: /default-rack, certSerialId: null, persistedOpState: IN_SERVICE, persistedOpStateExpiryEpochSec: 0}, Type:RATIS, Factor:THREE, State:ALLOCATED, leaderId:0ad6d196-e751-48c8-8ca7-d67dcf240f32, CreationTimestamp2021-01-10T13:36:37.654Z] moved to OPEN state
2021-01-10 13:36:44,524 [0ad6d196-e751-48c8-8ca7-d67dcf240f32@group-0D998C0963B1-SegmentedRaftLogWorker] INFO  segmented.SegmentedRaftLogWorker (SegmentedRaftLogWorker.java:execute(599)) - 0ad6d196-e751-48c8-8ca7-d67dcf240f32@group-0D998C0963B1-SegmentedRaftLogWorker: created new log segment /github/workspace/mnt/ozone/hadoop-ozone/integration-test/target/test-dir/MiniOzoneClusterImpl-0ee44e4a-5790-445b-bee5-3ef48b2e27da/datanode-4/data/ratis/b3c08616-cf70-4772-8e17-0d998c0963b1/current/log_inprogress_0
2021-01-10 13:36:44,534 [0ad6d196-e751-48c8-8ca7-d67dcf240f32@group-0D998C0963B1-LeaderElection17] INFO  server.RaftServer$Division (ServerState.java:setRaftConf(368)) - 0ad6d196-e751-48c8-8ca7-d67dcf240f32@group-0D998C0963B1: set configuration 0: [b3570078-f6e2-4b7a-8962-99d3351b1084|rpc:172.17.0.2:45597|dataStream:|priority:0, 0ad6d196-e751-48c8-8ca7-d67dcf240f32|rpc:172.17.0.2:38183|dataStream:|priority:1, 2f093e54-b728-4a2a-9239-b3f8c2a2e755|rpc:172.17.0.2:36353|dataStream:|priority:0], old=null
2021-01-10 13:36:44,537 [grpc-default-executor-2] INFO  ratis.XceiverServerRatis (XceiverServerRatis.java:handleLeaderChangedNotification(868)) - Leader change notification received for group: group-0D998C0963B1 with new leaderId: 0ad6d196-e751-48c8-8ca7-d67dcf240f32
2021-01-10 13:36:44,537 [grpc-default-executor-2] INFO  server.RaftServer$Division (ServerState.java:setLeader(249)) - b3570078-f6e2-4b7a-8962-99d3351b1084@group-0D998C0963B1: change Leader from null to 0ad6d196-e751-48c8-8ca7-d67dcf240f32 at term 1 for appendEntries, leader elected after 5243ms
2021-01-10 13:36:44,538 [grpc-default-executor-2] INFO  server.RaftServer$Division (ServerState.java:setRaftConf(368)) - b3570078-f6e2-4b7a-8962-99d3351b1084@group-0D998C0963B1: set configuration 0: [b3570078-f6e2-4b7a-8962-99d3351b1084|rpc:172.17.0.2:45597|dataStream:|priority:0, 0ad6d196-e751-48c8-8ca7-d67dcf240f32|rpc:172.17.0.2:38183|dataStream:|priority:1, 2f093e54-b728-4a2a-9239-b3f8c2a2e755|rpc:172.17.0.2:36353|dataStream:|priority:0], old=null
2021-01-10 13:36:44,539 [grpc-default-executor-2] INFO  segmented.SegmentedRaftLogWorker (SegmentedRaftLogWorker.java:startLogSegment(392)) - b3570078-f6e2-4b7a-8962-99d3351b1084@group-0D998C0963B1-SegmentedRaftLogWorker: Starting segment from index:0
2021-01-10 13:36:44,541 [b3570078-f6e2-4b7a-8962-99d3351b1084@group-0D998C0963B1-SegmentedRaftLogWorker] INFO  segmented.SegmentedRaftLogWorker (SegmentedRaftLogWorker.java:execute(599)) - b3570078-f6e2-4b7a-8962-99d3351b1084@group-0D998C0963B1-SegmentedRaftLogWorker: created new log segment /github/workspace/mnt/ozone/hadoop-ozone/integration-test/target/test-dir/MiniOzoneClusterImpl-0ee44e4a-5790-445b-bee5-3ef48b2e27da/datanode-3/data/ratis/b3c08616-cf70-4772-8e17-0d998c0963b1/current/log_inprogress_0
2021-01-10 13:36:44,546 [grpc-default-executor-3] INFO  ratis.XceiverServerRatis (XceiverServerRatis.java:handleLeaderChangedNotification(868)) - Leader change notification received for group: group-0D998C0963B1 with new leaderId: 0ad6d196-e751-48c8-8ca7-d67dcf240f32
2021-01-10 13:36:44,546 [grpc-default-executor-3] INFO  server.RaftServer$Division (ServerState.java:setLeader(249)) - 2f093e54-b728-4a2a-9239-b3f8c2a2e755@group-0D998C0963B1: change Leader from null to 0ad6d196-e751-48c8-8ca7-d67dcf240f32 at term 1 for appendEntries, leader elected after 5194ms
2021-01-10 13:36:44,547 [grpc-default-executor-3] INFO  server.RaftServer$Division (ServerState.java:setRaftConf(368)) - 2f093e54-b728-4a2a-9239-b3f8c2a2e755@group-0D998C0963B1: set configuration 0: [b3570078-f6e2-4b7a-8962-99d3351b1084|rpc:172.17.0.2:45597|dataStream:|priority:0, 0ad6d196-e751-48c8-8ca7-d67dcf240f32|rpc:172.17.0.2:38183|dataStream:|priority:1, 2f093e54-b728-4a2a-9239-b3f8c2a2e755|rpc:172.17.0.2:36353|dataStream:|priority:0], old=null
2021-01-10 13:36:44,548 [grpc-default-executor-3] INFO  segmented.SegmentedRaftLogWorker (SegmentedRaftLogWorker.java:startLogSegment(392)) - 2f093e54-b728-4a2a-9239-b3f8c2a2e755@group-0D998C0963B1-SegmentedRaftLogWorker: Starting segment from index:0
2021-01-10 13:36:44,549 [2f093e54-b728-4a2a-9239-b3f8c2a2e755@group-0D998C0963B1-SegmentedRaftLogWorker] INFO  segmented.SegmentedRaftLogWorker (SegmentedRaftLogWorker.java:execute(599)) - 2f093e54-b728-4a2a-9239-b3f8c2a2e755@group-0D998C0963B1-SegmentedRaftLogWorker: created new log segment /github/workspace/mnt/ozone/hadoop-ozone/integration-test/target/test-dir/MiniOzoneClusterImpl-0ee44e4a-5790-445b-bee5-3ef48b2e27da/datanode-5/data/ratis/b3c08616-cf70-4772-8e17-0d998c0963b1/current/log_inprogress_0
2021-01-10 13:36:44,766 [ReplicationMonitor] INFO  container.ReplicationManager (ReplicationManager.java:run(250)) - Replication Monitor Thread took 0 milliseconds for processing 3 containers.
2021-01-10 13:36:45,557 [Thread-873] INFO  impl.FollowerState (FollowerState.java:run(133)) - 0ad6d196-e751-48c8-8ca7-d67dcf240f32@group-C5B73ABBF97B-FollowerState: change to CANDIDATE, lastRpcElapsedTime:5088763851ns, electionTimeout:5081ms
2021-01-10 13:36:45,558 [Thread-873] INFO  impl.RoleInfo (RoleInfo.java:shutdownFollowerState(108)) - 0ad6d196-e751-48c8-8ca7-d67dcf240f32: shutdown 0ad6d196-e751-48c8-8ca7-d67dcf240f32@group-C5B73ABBF97B-FollowerState
2021-01-10 13:36:45,558 [Thread-873] INFO  server.RaftServer$Division (RaftServerImpl.java:setRole(283)) - 0ad6d196-e751-48c8-8ca7-d67dcf240f32@group-C5B73ABBF97B: changes role from  FOLLOWER to CANDIDATE at term 0 for changeToCandidate
2021-01-10 13:36:45,558 [Thread-873] INFO  impl.RoleInfo (RoleInfo.java:updateAndGet(130)) - 0ad6d196-e751-48c8-8ca7-d67dcf240f32: start 0ad6d196-e751-48c8-8ca7-d67dcf240f32@group-C5B73ABBF97B-LeaderElection18
2021-01-10 13:36:45,562 [0ad6d196-e751-48c8-8ca7-d67dcf240f32@group-C5B73ABBF97B-LeaderElection18] INFO  impl.LeaderElection (LeaderElection.java:askForPreVotes(259)) - 0ad6d196-e751-48c8-8ca7-d67dcf240f32@group-C5B73ABBF97B-LeaderElection18: begin a pre-vote at term 0 for -1: [0ad6d196-e751-48c8-8ca7-d67dcf240f32|rpc:172.17.0.2:38183|priority:1], old=null
2021-01-10 13:36:45,562 [0ad6d196-e751-48c8-8ca7-d67dcf240f32@group-C5B73ABBF97B-LeaderElection18] INFO  impl.LeaderElection (LeaderElection.java:askForPreVotes(261)) - 0ad6d196-e751-48c8-8ca7-d67dcf240f32@group-C5B73ABBF97B-LeaderElection18 pre-vote result is PASSED.
2021-01-10 13:36:45,564 [0ad6d196-e751-48c8-8ca7-d67dcf240f32@group-C5B73ABBF97B-LeaderElection18] INFO  impl.LeaderElection (LeaderElection.java:askForVotes(308)) - 0ad6d196-e751-48c8-8ca7-d67dcf240f32@group-C5B73ABBF97B-LeaderElection18: begin an election at term 1 for -1: [0ad6d196-e751-48c8-8ca7-d67dcf240f32|rpc:172.17.0.2:38183|priority:1], old=null
2021-01-10 13:36:45,564 [0ad6d196-e751-48c8-8ca7-d67dcf240f32@group-C5B73ABBF97B-LeaderElection18] INFO  impl.RoleInfo (RoleInfo.java:shutdownLeaderElection(121)) - 0ad6d196-e751-48c8-8ca7-d67dcf240f32: shutdown 0ad6d196-e751-48c8-8ca7-d67dcf240f32@group-C5B73ABBF97B-LeaderElection18
2021-01-10 13:36:45,564 [0ad6d196-e751-48c8-8ca7-d67dcf240f32@group-C5B73ABBF97B-LeaderElection18] INFO  server.RaftServer$Division (RaftServerImpl.java:setRole(283)) - 0ad6d196-e751-48c8-8ca7-d67dcf240f32@group-C5B73ABBF97B: changes role from CANDIDATE to LEADER at term 1 for changeToLeader
2021-01-10 13:36:45,564 [0ad6d196-e751-48c8-8ca7-d67dcf240f32@group-C5B73ABBF97B-LeaderElection18] INFO  ratis.XceiverServerRatis (XceiverServerRatis.java:handleLeaderChangedNotification(868)) - Leader change notification received for group: group-C5B73ABBF97B with new leaderId: 0ad6d196-e751-48c8-8ca7-d67dcf240f32
2021-01-10 13:36:45,564 [0ad6d196-e751-48c8-8ca7-d67dcf240f32@group-C5B73ABBF97B-LeaderElection18] INFO  server.RaftServer$Division (ServerState.java:setLeader(249)) - 0ad6d196-e751-48c8-8ca7-d67dcf240f32@group-C5B73ABBF97B: change Leader from null to 0ad6d196-e751-48c8-8ca7-d67dcf240f32 at term 1 for becomeLeader, leader elected after 5108ms
2021-01-10 13:36:45,564 [0ad6d196-e751-48c8-8ca7-d67dcf240f32@group-C5B73ABBF97B-LeaderElection18] INFO  server.RaftServerConfigKeys (ConfUtils.java:logGet(44)) - raft.server.staging.catchup.gap = 1000 (default)
2021-01-10 13:36:45,565 [0ad6d196-e751-48c8-8ca7-d67dcf240f32@group-C5B73ABBF97B-LeaderElection18] INFO  metrics.RatisMetrics (RatisMetrics.java:lambda$create$0(36)) - Creating Metrics Registry : ratis.log_appender.0ad6d196-e751-48c8-8ca7-d67dcf240f32@group-C5B73ABBF97B
2021-01-10 13:36:45,565 [0ad6d196-e751-48c8-8ca7-d67dcf240f32@group-C5B73ABBF97B-LeaderElection18] INFO  server.RaftServerConfigKeys (ConfUtils.java:logGet(44)) - raft.server.write.element-limit = 1024 (custom)
2021-01-10 13:36:45,565 [0ad6d196-e751-48c8-8ca7-d67dcf240f32@group-C5B73ABBF97B-LeaderElection18] INFO  server.RaftServerConfigKeys (ConfUtils.java:logGet(44)) - raft.server.write.byte-limit = 1073741824 (custom)
2021-01-10 13:36:45,566 [0ad6d196-e751-48c8-8ca7-d67dcf240f32@group-C5B73ABBF97B-LeaderElection18] INFO  server.RaftServerConfigKeys (ConfUtils.java:logGet(44)) - raft.server.watch.timeout = 180s (custom)
2021-01-10 13:36:45,566 [0ad6d196-e751-48c8-8ca7-d67dcf240f32@group-C5B73ABBF97B-LeaderElection18] INFO  server.RaftServerConfigKeys (ConfUtils.java:logGet(44)) - raft.server.watch.timeout.denomination = 1s (default)
2021-01-10 13:36:45,566 [0ad6d196-e751-48c8-8ca7-d67dcf240f32@group-C5B73ABBF97B-LeaderElection18] INFO  server.RaftServerConfigKeys (ConfUtils.java:logGet(44)) - raft.server.watch.element-limit = 65536 (default)
2021-01-10 13:36:45,566 [0ad6d196-e751-48c8-8ca7-d67dcf240f32@group-C5B73ABBF97B-LeaderElection18] INFO  impl.RoleInfo (RoleInfo.java:updateAndGet(130)) - 0ad6d196-e751-48c8-8ca7-d67dcf240f32: start 0ad6d196-e751-48c8-8ca7-d67dcf240f32@group-C5B73ABBF97B-LeaderStateImpl
2021-01-10 13:36:45,566 [0ad6d196-e751-48c8-8ca7-d67dcf240f32@group-C5B73ABBF97B-LeaderElection18] INFO  segmented.SegmentedRaftLogWorker (SegmentedRaftLogWorker.java:startLogSegment(392)) - 0ad6d196-e751-48c8-8ca7-d67dcf240f32@group-C5B73ABBF97B-SegmentedRaftLogWorker: Starting segment from index:0
2021-01-10 13:36:45,568 [0ad6d196-e751-48c8-8ca7-d67dcf240f32@group-C5B73ABBF97B-SegmentedRaftLogWorker] INFO  segmented.SegmentedRaftLogWorker (SegmentedRaftLogWorker.java:execute(599)) - 0ad6d196-e751-48c8-8ca7-d67dcf240f32@group-C5B73ABBF97B-SegmentedRaftLogWorker: created new log segment /github/workspace/mnt/ozone/hadoop-ozone/integration-test/target/test-dir/MiniOzoneClusterImpl-0ee44e4a-5790-445b-bee5-3ef48b2e27da/datanode-4/data/ratis/9d180bb0-01e7-48f4-bfab-c5b73abbf97b/current/log_inprogress_0
2021-01-10 13:36:45,568 [0ad6d196-e751-48c8-8ca7-d67dcf240f32@group-C5B73ABBF97B-LeaderElection18] INFO  server.RaftServer$Division (ServerState.java:setRaftConf(368)) - 0ad6d196-e751-48c8-8ca7-d67dcf240f32@group-C5B73ABBF97B: set configuration 0: [0ad6d196-e751-48c8-8ca7-d67dcf240f32|rpc:172.17.0.2:38183|dataStream:|priority:1], old=null
2021-01-10 13:36:45,766 [ReplicationMonitor] INFO  container.ReplicationManager (ReplicationManager.java:run(250)) - Replication Monitor Thread took 0 milliseconds for processing 3 containers.
2021-01-10 13:36:45,856 [Thread-876] INFO  impl.FollowerState (FollowerState.java:run(133)) - 2f093e54-b728-4a2a-9239-b3f8c2a2e755@group-A3BBB560D53B-FollowerState: change to CANDIDATE, lastRpcElapsedTime:5189028567ns, electionTimeout:5188ms
2021-01-10 13:36:45,856 [Thread-876] INFO  impl.RoleInfo (RoleInfo.java:shutdownFollowerState(108)) - 2f093e54-b728-4a2a-9239-b3f8c2a2e755: shutdown 2f093e54-b728-4a2a-9239-b3f8c2a2e755@group-A3BBB560D53B-FollowerState
2021-01-10 13:36:45,857 [Thread-876] INFO  server.RaftServer$Division (RaftServerImpl.java:setRole(283)) - 2f093e54-b728-4a2a-9239-b3f8c2a2e755@group-A3BBB560D53B: changes role from  FOLLOWER to CANDIDATE at term 0 for changeToCandidate
2021-01-10 13:36:45,857 [Thread-876] INFO  impl.RoleInfo (RoleInfo.java:updateAndGet(130)) - 2f093e54-b728-4a2a-9239-b3f8c2a2e755: start 2f093e54-b728-4a2a-9239-b3f8c2a2e755@group-A3BBB560D53B-LeaderElection19
2021-01-10 13:36:45,859 [2f093e54-b728-4a2a-9239-b3f8c2a2e755@group-A3BBB560D53B-LeaderElection19] INFO  impl.LeaderElection (LeaderElection.java:askForPreVotes(259)) - 2f093e54-b728-4a2a-9239-b3f8c2a2e755@group-A3BBB560D53B-LeaderElection19: begin a pre-vote at term 0 for -1: [2f093e54-b728-4a2a-9239-b3f8c2a2e755|rpc:172.17.0.2:36353|priority:1], old=null
2021-01-10 13:36:45,859 [2f093e54-b728-4a2a-9239-b3f8c2a2e755@group-A3BBB560D53B-LeaderElection19] INFO  impl.LeaderElection (LeaderElection.java:askForPreVotes(261)) - 2f093e54-b728-4a2a-9239-b3f8c2a2e755@group-A3BBB560D53B-LeaderElection19 pre-vote result is PASSED.
2021-01-10 13:36:45,861 [2f093e54-b728-4a2a-9239-b3f8c2a2e755@group-A3BBB560D53B-LeaderElection19] INFO  impl.LeaderElection (LeaderElection.java:askForVotes(308)) - 2f093e54-b728-4a2a-9239-b3f8c2a2e755@group-A3BBB560D53B-LeaderElection19: begin an election at term 1 for -1: [2f093e54-b728-4a2a-9239-b3f8c2a2e755|rpc:172.17.0.2:36353|priority:1], old=null
2021-01-10 13:36:45,861 [2f093e54-b728-4a2a-9239-b3f8c2a2e755@group-A3BBB560D53B-LeaderElection19] INFO  impl.RoleInfo (RoleInfo.java:shutdownLeaderElection(121)) - 2f093e54-b728-4a2a-9239-b3f8c2a2e755: shutdown 2f093e54-b728-4a2a-9239-b3f8c2a2e755@group-A3BBB560D53B-LeaderElection19
2021-01-10 13:36:45,861 [2f093e54-b728-4a2a-9239-b3f8c2a2e755@group-A3BBB560D53B-LeaderElection19] INFO  server.RaftServer$Division (RaftServerImpl.java:setRole(283)) - 2f093e54-b728-4a2a-9239-b3f8c2a2e755@group-A3BBB560D53B: changes role from CANDIDATE to LEADER at term 1 for changeToLeader
2021-01-10 13:36:45,861 [2f093e54-b728-4a2a-9239-b3f8c2a2e755@group-A3BBB560D53B-LeaderElection19] INFO  ratis.XceiverServerRatis (XceiverServerRatis.java:handleLeaderChangedNotification(868)) - Leader change notification received for group: group-A3BBB560D53B with new leaderId: 2f093e54-b728-4a2a-9239-b3f8c2a2e755
2021-01-10 13:36:45,861 [2f093e54-b728-4a2a-9239-b3f8c2a2e755@group-A3BBB560D53B-LeaderElection19] INFO  server.RaftServer$Division (ServerState.java:setLeader(249)) - 2f093e54-b728-4a2a-9239-b3f8c2a2e755@group-A3BBB560D53B: change Leader from null to 2f093e54-b728-4a2a-9239-b3f8c2a2e755 at term 1 for becomeLeader, leader elected after 5201ms
2021-01-10 13:36:45,862 [2f093e54-b728-4a2a-9239-b3f8c2a2e755@group-A3BBB560D53B-LeaderElection19] INFO  server.RaftServerConfigKeys (ConfUtils.java:logGet(44)) - raft.server.staging.catchup.gap = 1000 (default)
2021-01-10 13:36:45,862 [2f093e54-b728-4a2a-9239-b3f8c2a2e755@group-A3BBB560D53B-LeaderElection19] INFO  metrics.RatisMetrics (RatisMetrics.java:lambda$create$0(36)) - Creating Metrics Registry : ratis.log_appender.2f093e54-b728-4a2a-9239-b3f8c2a2e755@group-A3BBB560D53B
2021-01-10 13:36:45,862 [2f093e54-b728-4a2a-9239-b3f8c2a2e755@group-A3BBB560D53B-LeaderElection19] INFO  server.RaftServerConfigKeys (ConfUtils.java:logGet(44)) - raft.server.write.element-limit = 1024 (custom)
2021-01-10 13:36:45,862 [2f093e54-b728-4a2a-9239-b3f8c2a2e755@group-A3BBB560D53B-LeaderElection19] INFO  server.RaftServerConfigKeys (ConfUtils.java:logGet(44)) - raft.server.write.byte-limit = 1073741824 (custom)
2021-01-10 13:36:45,863 [2f093e54-b728-4a2a-9239-b3f8c2a2e755@group-A3BBB560D53B-LeaderElection19] INFO  server.RaftServerConfigKeys (ConfUtils.java:logGet(44)) - raft.server.watch.timeout = 180s (custom)
2021-01-10 13:36:45,863 [2f093e54-b728-4a2a-9239-b3f8c2a2e755@group-A3BBB560D53B-LeaderElection19] INFO  server.RaftServerConfigKeys (ConfUtils.java:logGet(44)) - raft.server.watch.timeout.denomination = 1s (default)
2021-01-10 13:36:45,863 [2f093e54-b728-4a2a-9239-b3f8c2a2e755@group-A3BBB560D53B-LeaderElection19] INFO  server.RaftServerConfigKeys (ConfUtils.java:logGet(44)) - raft.server.watch.element-limit = 65536 (default)
2021-01-10 13:36:45,864 [2f093e54-b728-4a2a-9239-b3f8c2a2e755@group-A3BBB560D53B-LeaderElection19] INFO  impl.RoleInfo (RoleInfo.java:updateAndGet(130)) - 2f093e54-b728-4a2a-9239-b3f8c2a2e755: start 2f093e54-b728-4a2a-9239-b3f8c2a2e755@group-A3BBB560D53B-LeaderStateImpl
2021-01-10 13:36:45,864 [2f093e54-b728-4a2a-9239-b3f8c2a2e755@group-A3BBB560D53B-LeaderElection19] INFO  segmented.SegmentedRaftLogWorker (SegmentedRaftLogWorker.java:startLogSegment(392)) - 2f093e54-b728-4a2a-9239-b3f8c2a2e755@group-A3BBB560D53B-SegmentedRaftLogWorker: Starting segment from index:0
2021-01-10 13:36:45,865 [2f093e54-b728-4a2a-9239-b3f8c2a2e755@group-A3BBB560D53B-SegmentedRaftLogWorker] INFO  segmented.SegmentedRaftLogWorker (SegmentedRaftLogWorker.java:execute(599)) - 2f093e54-b728-4a2a-9239-b3f8c2a2e755@group-A3BBB560D53B-SegmentedRaftLogWorker: created new log segment /github/workspace/mnt/ozone/hadoop-ozone/integration-test/target/test-dir/MiniOzoneClusterImpl-0ee44e4a-5790-445b-bee5-3ef48b2e27da/datanode-5/data/ratis/10e00e4b-c610-426e-ab56-a3bbb560d53b/current/log_inprogress_0
2021-01-10 13:36:45,866 [2f093e54-b728-4a2a-9239-b3f8c2a2e755@group-A3BBB560D53B-LeaderElection19] INFO  server.RaftServer$Division (ServerState.java:setRaftConf(368)) - 2f093e54-b728-4a2a-9239-b3f8c2a2e755@group-A3BBB560D53B: set configuration 0: [2f093e54-b728-4a2a-9239-b3f8c2a2e755|rpc:172.17.0.2:36353|dataStream:|priority:1], old=null
2021-01-10 13:36:46,588 [Listener at 127.0.0.1/42999] INFO  metrics.RatisMetrics (RatisMetrics.java:lambda$create$0(36)) - Creating Metrics Registry : ratis.client_message_metrics.client-79C370500DAD->0ad6d196-e751-48c8-8ca7-d67dcf240f32
2021-01-10 13:36:46,767 [ReplicationMonitor] INFO  container.ReplicationManager (ReplicationManager.java:run(250)) - Replication Monitor Thread took 0 milliseconds for processing 5 containers.
2021-01-10 13:36:47,767 [ReplicationMonitor] INFO  container.ReplicationManager (ReplicationManager.java:run(250)) - Replication Monitor Thread took 0 milliseconds for processing 5 containers.
2021-01-10 13:36:48,767 [ReplicationMonitor] INFO  container.ReplicationManager (ReplicationManager.java:run(250)) - Replication Monitor Thread took 0 milliseconds for processing 5 containers.
2021-01-10 13:36:48,804 [IPC Server handler 0 on default port 46543] INFO  node.NodeDecommissionManager (NodeDecommissionManager.java:startMaintenance(344)) - Starting Maintenance for node 2f093e54-b728-4a2a-9239-b3f8c2a2e755{ip: 172.17.0.2, host: c2cea8100722, networkLocation: /default-rack, certSerialId: null, persistedOpState: IN_SERVICE, persistedOpStateExpiryEpochSec: 0}
2021-01-10 13:36:48,804 [IPC Server handler 0 on default port 46543] INFO  node.NodeDecommissionManager (NodeDecommissionManager.java:startMaintenance(344)) - Starting Maintenance for node 0ad6d196-e751-48c8-8ca7-d67dcf240f32{ip: 172.17.0.2, host: c2cea8100722, networkLocation: /default-rack, certSerialId: null, persistedOpState: IN_SERVICE, persistedOpStateExpiryEpochSec: 0}
2021-01-10 13:36:48,804 [IPC Server handler 0 on default port 46543] INFO  node.NodeDecommissionManager (NodeDecommissionManager.java:startMaintenance(344)) - Starting Maintenance for node b3570078-f6e2-4b7a-8962-99d3351b1084{ip: 172.17.0.2, host: c2cea8100722, networkLocation: /default-rack, certSerialId: null, persistedOpState: IN_SERVICE, persistedOpStateExpiryEpochSec: 0}
2021-01-10 13:36:49,098 [DatanodeAdminManager-0] INFO  node.DatanodeAdminMonitorImpl (DatanodeAdminMonitorImpl.java:checkPipelinesClosedOnNode(267)) - Waiting for pipelines to close for 0ad6d196-e751-48c8-8ca7-d67dcf240f32{ip: 172.17.0.2, host: c2cea8100722, networkLocation: /default-rack, certSerialId: null, persistedOpState: IN_SERVICE, persistedOpStateExpiryEpochSec: 0}. There are 2 pipelines
2021-01-10 13:36:49,098 [EventQueue-StartAdminOnNodeForStartDatanodeAdminHandler] INFO  node.StartDatanodeAdminHandler (StartDatanodeAdminHandler.java:onMessage(56)) - Admin start on datanode 2f093e54-b728-4a2a-9239-b3f8c2a2e755{ip: 172.17.0.2, host: c2cea8100722, networkLocation: /default-rack, certSerialId: null, persistedOpState: IN_SERVICE, persistedOpStateExpiryEpochSec: 0}. Finalizing its pipelines [PipelineID=b3c08616-cf70-4772-8e17-0d998c0963b1, PipelineID=10e00e4b-c610-426e-ab56-a3bbb560d53b]
2021-01-10 13:36:49,098 [DatanodeAdminManager-0] INFO  node.DatanodeAdminMonitorImpl (DatanodeAdminMonitorImpl.java:checkPipelinesClosedOnNode(267)) - Waiting for pipelines to close for 2f093e54-b728-4a2a-9239-b3f8c2a2e755{ip: 172.17.0.2, host: c2cea8100722, networkLocation: /default-rack, certSerialId: null, persistedOpState: IN_SERVICE, persistedOpStateExpiryEpochSec: 0}. There are 2 pipelines
2021-01-10 13:36:49,098 [EventQueue-StartAdminOnNodeForStartDatanodeAdminHandler] INFO  pipeline.SCMPipelineManager (SCMPipelineManager.java:finalizeAndDestroyPipeline(482)) - Destroying pipeline:Pipeline[ Id: b3c08616-cf70-4772-8e17-0d998c0963b1, Nodes: 0ad6d196-e751-48c8-8ca7-d67dcf240f32{ip: 172.17.0.2, host: c2cea8100722, networkLocation: /default-rack, certSerialId: null, persistedOpState: IN_SERVICE, persistedOpStateExpiryEpochSec: 0}b3570078-f6e2-4b7a-8962-99d3351b1084{ip: 172.17.0.2, host: c2cea8100722, networkLocation: /default-rack, certSerialId: null, persistedOpState: IN_SERVICE, persistedOpStateExpiryEpochSec: 0}2f093e54-b728-4a2a-9239-b3f8c2a2e755{ip: 172.17.0.2, host: c2cea8100722, networkLocation: /default-rack, certSerialId: null, persistedOpState: IN_SERVICE, persistedOpStateExpiryEpochSec: 0}, Type:RATIS, Factor:THREE, State:OPEN, leaderId:0ad6d196-e751-48c8-8ca7-d67dcf240f32, CreationTimestamp2021-01-10T13:36:37.654Z]
2021-01-10 13:36:49,098 [DatanodeAdminManager-0] INFO  node.DatanodeAdminMonitorImpl (DatanodeAdminMonitorImpl.java:checkPipelinesClosedOnNode(267)) - Waiting for pipelines to close for b3570078-f6e2-4b7a-8962-99d3351b1084{ip: 172.17.0.2, host: c2cea8100722, networkLocation: /default-rack, certSerialId: null, persistedOpState: IN_SERVICE, persistedOpStateExpiryEpochSec: 0}. There are 2 pipelines
2021-01-10 13:36:49,098 [DatanodeAdminManager-0] INFO  node.DatanodeAdminMonitorImpl (DatanodeAdminMonitorImpl.java:run(136)) - There are 3 nodes tracked for decommission and maintenance. 0 pending nodes.
2021-01-10 13:36:49,098 [EventQueue-StartAdminOnNodeForStartDatanodeAdminHandler] INFO  pipeline.PipelineStateManager (PipelineStateManager.java:finalizePipeline(121)) - Pipeline Pipeline[ Id: b3c08616-cf70-4772-8e17-0d998c0963b1, Nodes: 0ad6d196-e751-48c8-8ca7-d67dcf240f32{ip: 172.17.0.2, host: c2cea8100722, networkLocation: /default-rack, certSerialId: null, persistedOpState: IN_SERVICE, persistedOpStateExpiryEpochSec: 0}b3570078-f6e2-4b7a-8962-99d3351b1084{ip: 172.17.0.2, host: c2cea8100722, networkLocation: /default-rack, certSerialId: null, persistedOpState: IN_SERVICE, persistedOpStateExpiryEpochSec: 0}2f093e54-b728-4a2a-9239-b3f8c2a2e755{ip: 172.17.0.2, host: c2cea8100722, networkLocation: /default-rack, certSerialId: null, persistedOpState: IN_SERVICE, persistedOpStateExpiryEpochSec: 0}, Type:RATIS, Factor:THREE, State:CLOSED, leaderId:0ad6d196-e751-48c8-8ca7-d67dcf240f32, CreationTimestamp2021-01-10T13:36:37.654Z] moved to CLOSED state
2021-01-10 13:36:49,100 [EventQueue-StartAdminOnNodeForStartDatanodeAdminHandler] INFO  pipeline.RatisPipelineProvider (RatisPipelineProvider.java:lambda$close$1(199)) - Send pipeline:PipelineID=b3c08616-cf70-4772-8e17-0d998c0963b1 close command to datanode 0ad6d196-e751-48c8-8ca7-d67dcf240f32
2021-01-10 13:36:49,100 [EventQueue-StartAdminOnNodeForStartDatanodeAdminHandler] INFO  pipeline.RatisPipelineProvider (RatisPipelineProvider.java:lambda$close$1(199)) - Send pipeline:PipelineID=b3c08616-cf70-4772-8e17-0d998c0963b1 close command to datanode b3570078-f6e2-4b7a-8962-99d3351b1084
2021-01-10 13:36:49,100 [EventQueue-CloseContainerForCloseContainerEventHandler] INFO  container.CloseContainerEventHandler (CloseContainerEventHandler.java:onMessage(61)) - Close container Event triggered for container : #4
2021-01-10 13:36:49,100 [EventQueue-StartAdminOnNodeForStartDatanodeAdminHandler] INFO  pipeline.RatisPipelineProvider (RatisPipelineProvider.java:lambda$close$1(199)) - Send pipeline:PipelineID=b3c08616-cf70-4772-8e17-0d998c0963b1 close command to datanode 2f093e54-b728-4a2a-9239-b3f8c2a2e755
2021-01-10 13:36:49,101 [EventQueue-StartAdminOnNodeForStartDatanodeAdminHandler] INFO  pipeline.PipelineStateManager (PipelineStateManager.java:removePipeline(106)) - Pipeline Pipeline[ Id: b3c08616-cf70-4772-8e17-0d998c0963b1, Nodes: 0ad6d196-e751-48c8-8ca7-d67dcf240f32{ip: 172.17.0.2, host: c2cea8100722, networkLocation: /default-rack, certSerialId: null, persistedOpState: IN_SERVICE, persistedOpStateExpiryEpochSec: 0}b3570078-f6e2-4b7a-8962-99d3351b1084{ip: 172.17.0.2, host: c2cea8100722, networkLocation: /default-rack, certSerialId: null, persistedOpState: IN_SERVICE, persistedOpStateExpiryEpochSec: 0}2f093e54-b728-4a2a-9239-b3f8c2a2e755{ip: 172.17.0.2, host: c2cea8100722, networkLocation: /default-rack, certSerialId: null, persistedOpState: IN_SERVICE, persistedOpStateExpiryEpochSec: 0}, Type:RATIS, Factor:THREE, State:CLOSED, leaderId:0ad6d196-e751-48c8-8ca7-d67dcf240f32, CreationTimestamp2021-01-10T13:36:37.654Z] removed from db
2021-01-10 13:36:49,102 [EventQueue-CloseContainerForCloseContainerEventHandler] WARN  container.SCMContainerManager (SCMContainerManager.java:updateContainerState(367)) - Unable to remove container #4 from pipeline PipelineID=b3c08616-cf70-4772-8e17-0d998c0963b1  as the pipeline no longer exists
2021-01-10 13:36:49,102 [EventQueue-CloseContainerForCloseContainerEventHandler] INFO  container.CloseContainerEventHandler (CloseContainerEventHandler.java:onMessage(61)) - Close container Event triggered for container : #5
2021-01-10 13:36:49,103 [EventQueue-CloseContainerForCloseContainerEventHandler] WARN  container.SCMContainerManager (SCMContainerManager.java:updateContainerState(367)) - Unable to remove container #5 from pipeline PipelineID=b3c08616-cf70-4772-8e17-0d998c0963b1  as the pipeline no longer exists
2021-01-10 13:36:49,102 [EventQueue-StartAdminOnNodeForStartDatanodeAdminHandler] INFO  pipeline.SCMPipelineManager (SCMPipelineManager.java:finalizeAndDestroyPipeline(482)) - Destroying pipeline:Pipeline[ Id: 10e00e4b-c610-426e-ab56-a3bbb560d53b, Nodes: 2f093e54-b728-4a2a-9239-b3f8c2a2e755{ip: 172.17.0.2, host: c2cea8100722, networkLocation: /default-rack, certSerialId: null, persistedOpState: IN_SERVICE, persistedOpStateExpiryEpochSec: 0}, Type:RATIS, Factor:ONE, State:OPEN, leaderId:2f093e54-b728-4a2a-9239-b3f8c2a2e755, CreationTimestamp2021-01-10T13:36:37.653Z]
2021-01-10 13:36:49,104 [EventQueue-StartAdminOnNodeForStartDatanodeAdminHandler] INFO  pipeline.PipelineStateManager (PipelineStateManager.java:finalizePipeline(121)) - Pipeline Pipeline[ Id: 10e00e4b-c610-426e-ab56-a3bbb560d53b, Nodes: 2f093e54-b728-4a2a-9239-b3f8c2a2e755{ip: 172.17.0.2, host: c2cea8100722, networkLocation: /default-rack, certSerialId: null, persistedOpState: IN_SERVICE, persistedOpStateExpiryEpochSec: 0}, Type:RATIS, Factor:ONE, State:CLOSED, leaderId:2f093e54-b728-4a2a-9239-b3f8c2a2e755, CreationTimestamp2021-01-10T13:36:37.653Z] moved to CLOSED state
2021-01-10 13:36:49,104 [EventQueue-StartAdminOnNodeForStartDatanodeAdminHandler] INFO  pipeline.RatisPipelineProvider (RatisPipelineProvider.java:lambda$close$1(199)) - Send pipeline:PipelineID=10e00e4b-c610-426e-ab56-a3bbb560d53b close command to datanode 2f093e54-b728-4a2a-9239-b3f8c2a2e755
2021-01-10 13:36:49,104 [EventQueue-StartAdminOnNodeForStartDatanodeAdminHandler] INFO  pipeline.PipelineStateManager (PipelineStateManager.java:removePipeline(106)) - Pipeline Pipeline[ Id: 10e00e4b-c610-426e-ab56-a3bbb560d53b, Nodes: 2f093e54-b728-4a2a-9239-b3f8c2a2e755{ip: 172.17.0.2, host: c2cea8100722, networkLocation: /default-rack, certSerialId: null, persistedOpState: IN_SERVICE, persistedOpStateExpiryEpochSec: 0}, Type:RATIS, Factor:ONE, State:CLOSED, leaderId:2f093e54-b728-4a2a-9239-b3f8c2a2e755, CreationTimestamp2021-01-10T13:36:37.653Z] removed from db
2021-01-10 13:36:49,105 [EventQueue-StartAdminOnNodeForStartDatanodeAdminHandler] INFO  node.StartDatanodeAdminHandler (StartDatanodeAdminHandler.java:onMessage(56)) - Admin start on datanode 0ad6d196-e751-48c8-8ca7-d67dcf240f32{ip: 172.17.0.2, host: c2cea8100722, networkLocation: /default-rack, certSerialId: null, persistedOpState: IN_SERVICE, persistedOpStateExpiryEpochSec: 0}. Finalizing its pipelines [PipelineID=9d180bb0-01e7-48f4-bfab-c5b73abbf97b]
2021-01-10 13:36:49,105 [EventQueue-StartAdminOnNodeForStartDatanodeAdminHandler] INFO  pipeline.SCMPipelineManager (SCMPipelineManager.java:finalizeAndDestroyPipeline(482)) - Destroying pipeline:Pipeline[ Id: 9d180bb0-01e7-48f4-bfab-c5b73abbf97b, Nodes: 0ad6d196-e751-48c8-8ca7-d67dcf240f32{ip: 172.17.0.2, host: c2cea8100722, networkLocation: /default-rack, certSerialId: null, persistedOpState: IN_SERVICE, persistedOpStateExpiryEpochSec: 0}, Type:RATIS, Factor:ONE, State:OPEN, leaderId:0ad6d196-e751-48c8-8ca7-d67dcf240f32, CreationTimestamp2021-01-10T13:36:37.451Z]
2021-01-10 13:36:49,105 [EventQueue-StartAdminOnNodeForStartDatanodeAdminHandler] INFO  pipeline.PipelineStateManager (PipelineStateManager.java:finalizePipeline(121)) - Pipeline Pipeline[ Id: 9d180bb0-01e7-48f4-bfab-c5b73abbf97b, Nodes: 0ad6d196-e751-48c8-8ca7-d67dcf240f32{ip: 172.17.0.2, host: c2cea8100722, networkLocation: /default-rack, certSerialId: null, persistedOpState: IN_SERVICE, persistedOpStateExpiryEpochSec: 0}, Type:RATIS, Factor:ONE, State:CLOSED, leaderId:0ad6d196-e751-48c8-8ca7-d67dcf240f32, CreationTimestamp2021-01-10T13:36:37.451Z] moved to CLOSED state
2021-01-10 13:36:49,105 [EventQueue-StartAdminOnNodeForStartDatanodeAdminHandler] INFO  pipeline.RatisPipelineProvider (RatisPipelineProvider.java:lambda$close$1(199)) - Send pipeline:PipelineID=9d180bb0-01e7-48f4-bfab-c5b73abbf97b close command to datanode 0ad6d196-e751-48c8-8ca7-d67dcf240f32
2021-01-10 13:36:49,105 [EventQueue-StartAdminOnNodeForStartDatanodeAdminHandler] INFO  pipeline.PipelineStateManager (PipelineStateManager.java:removePipeline(106)) - Pipeline Pipeline[ Id: 9d180bb0-01e7-48f4-bfab-c5b73abbf97b, Nodes: 0ad6d196-e751-48c8-8ca7-d67dcf240f32{ip: 172.17.0.2, host: c2cea8100722, networkLocation: /default-rack, certSerialId: null, persistedOpState: IN_SERVICE, persistedOpStateExpiryEpochSec: 0}, Type:RATIS, Factor:ONE, State:CLOSED, leaderId:0ad6d196-e751-48c8-8ca7-d67dcf240f32, CreationTimestamp2021-01-10T13:36:37.451Z] removed from db
2021-01-10 13:36:49,106 [EventQueue-StartAdminOnNodeForStartDatanodeAdminHandler] INFO  node.StartDatanodeAdminHandler (StartDatanodeAdminHandler.java:onMessage(56)) - Admin start on datanode b3570078-f6e2-4b7a-8962-99d3351b1084{ip: 172.17.0.2, host: c2cea8100722, networkLocation: /default-rack, certSerialId: null, persistedOpState: IN_SERVICE, persistedOpStateExpiryEpochSec: 0}. Finalizing its pipelines [PipelineID=1b1f00ab-c54d-4fd5-a7f1-b5be2ecb6f3c]
2021-01-10 13:36:49,106 [EventQueue-StartAdminOnNodeForStartDatanodeAdminHandler] INFO  pipeline.SCMPipelineManager (SCMPipelineManager.java:finalizeAndDestroyPipeline(482)) - Destroying pipeline:Pipeline[ Id: 1b1f00ab-c54d-4fd5-a7f1-b5be2ecb6f3c, Nodes: b3570078-f6e2-4b7a-8962-99d3351b1084{ip: 172.17.0.2, host: c2cea8100722, networkLocation: /default-rack, certSerialId: null, persistedOpState: IN_SERVICE, persistedOpStateExpiryEpochSec: 0}, Type:RATIS, Factor:ONE, State:OPEN, leaderId:b3570078-f6e2-4b7a-8962-99d3351b1084, CreationTimestamp2021-01-10T13:36:32.280Z]
2021-01-10 13:36:49,106 [EventQueue-StartAdminOnNodeForStartDatanodeAdminHandler] INFO  pipeline.PipelineStateManager (PipelineStateManager.java:finalizePipeline(121)) - Pipeline Pipeline[ Id: 1b1f00ab-c54d-4fd5-a7f1-b5be2ecb6f3c, Nodes: b3570078-f6e2-4b7a-8962-99d3351b1084{ip: 172.17.0.2, host: c2cea8100722, networkLocation: /default-rack, certSerialId: null, persistedOpState: IN_SERVICE, persistedOpStateExpiryEpochSec: 0}, Type:RATIS, Factor:ONE, State:CLOSED, leaderId:b3570078-f6e2-4b7a-8962-99d3351b1084, CreationTimestamp2021-01-10T13:36:32.280Z] moved to CLOSED state
2021-01-10 13:36:49,106 [EventQueue-StartAdminOnNodeForStartDatanodeAdminHandler] INFO  pipeline.RatisPipelineProvider (RatisPipelineProvider.java:lambda$close$1(199)) - Send pipeline:PipelineID=1b1f00ab-c54d-4fd5-a7f1-b5be2ecb6f3c close command to datanode b3570078-f6e2-4b7a-8962-99d3351b1084
2021-01-10 13:36:49,107 [EventQueue-StartAdminOnNodeForStartDatanodeAdminHandler] INFO  pipeline.PipelineStateManager (PipelineStateManager.java:removePipeline(106)) - Pipeline Pipeline[ Id: 1b1f00ab-c54d-4fd5-a7f1-b5be2ecb6f3c, Nodes: b3570078-f6e2-4b7a-8962-99d3351b1084{ip: 172.17.0.2, host: c2cea8100722, networkLocation: /default-rack, certSerialId: null, persistedOpState: IN_SERVICE, persistedOpStateExpiryEpochSec: 0}, Type:RATIS, Factor:ONE, State:CLOSED, leaderId:b3570078-f6e2-4b7a-8962-99d3351b1084, CreationTimestamp2021-01-10T13:36:32.280Z] removed from db
2021-01-10 13:36:49,761 [IPC Server handler 18 on default port 45713] INFO  node.SCMNodeManager (SCMNodeManager.java:updateDatanodeOpState(419)) - Scheduling a command to update the operationalState persisted on the datanode as the reported value (IN_SERVICE, 0) does not match the value stored in SCM (ENTERING_MAINTENANCE, 0)
2021-01-10 13:36:49,768 [ReplicationMonitor] INFO  container.ReplicationManager (ReplicationManager.java:sendCloseCommand(948)) - Sending close container command for container #5 to datanode 0ad6d196-e751-48c8-8ca7-d67dcf240f32{ip: 172.17.0.2, host: c2cea8100722, networkLocation: /default-rack, certSerialId: null, persistedOpState: IN_SERVICE, persistedOpStateExpiryEpochSec: 0}.
2021-01-10 13:36:49,769 [ReplicationMonitor] INFO  container.ReplicationManager (ReplicationManager.java:sendCloseCommand(948)) - Sending close container command for container #5 to datanode 2f093e54-b728-4a2a-9239-b3f8c2a2e755{ip: 172.17.0.2, host: c2cea8100722, networkLocation: /default-rack, certSerialId: null, persistedOpState: IN_SERVICE, persistedOpStateExpiryEpochSec: 0}.
2021-01-10 13:36:49,769 [ReplicationMonitor] INFO  container.ReplicationManager (ReplicationManager.java:sendCloseCommand(948)) - Sending close container command for container #5 to datanode b3570078-f6e2-4b7a-8962-99d3351b1084{ip: 172.17.0.2, host: c2cea8100722, networkLocation: /default-rack, certSerialId: null, persistedOpState: IN_SERVICE, persistedOpStateExpiryEpochSec: 0}.
2021-01-10 13:36:49,769 [ReplicationMonitor] INFO  container.ReplicationManager (ReplicationManager.java:sendCloseCommand(948)) - Sending close container command for container #4 to datanode 0ad6d196-e751-48c8-8ca7-d67dcf240f32{ip: 172.17.0.2, host: c2cea8100722, networkLocation: /default-rack, certSerialId: null, persistedOpState: IN_SERVICE, persistedOpStateExpiryEpochSec: 0}.
2021-01-10 13:36:49,769 [ReplicationMonitor] INFO  container.ReplicationManager (ReplicationManager.java:sendCloseCommand(948)) - Sending close container command for container #4 to datanode 2f093e54-b728-4a2a-9239-b3f8c2a2e755{ip: 172.17.0.2, host: c2cea8100722, networkLocation: /default-rack, certSerialId: null, persistedOpState: IN_SERVICE, persistedOpStateExpiryEpochSec: 0}.
2021-01-10 13:36:49,769 [ReplicationMonitor] INFO  container.ReplicationManager (ReplicationManager.java:sendCloseCommand(948)) - Sending close container command for container #4 to datanode b3570078-f6e2-4b7a-8962-99d3351b1084{ip: 172.17.0.2, host: c2cea8100722, networkLocation: /default-rack, certSerialId: null, persistedOpState: IN_SERVICE, persistedOpStateExpiryEpochSec: 0}.
2021-01-10 13:36:49,769 [ReplicationMonitor] INFO  container.ReplicationManager (ReplicationManager.java:run(250)) - Replication Monitor Thread took 2 milliseconds for processing 5 containers.
2021-01-10 13:36:49,770 [IPC Server handler 0 on default port 45713] INFO  node.SCMNodeManager (SCMNodeManager.java:updateDatanodeOpState(419)) - Scheduling a command to update the operationalState persisted on the datanode as the reported value (IN_SERVICE, 0) does not match the value stored in SCM (ENTERING_MAINTENANCE, 0)
2021-01-10 13:36:49,771 [IPC Server handler 17 on default port 45713] INFO  node.SCMNodeManager (SCMNodeManager.java:updateDatanodeOpState(419)) - Scheduling a command to update the operationalState persisted on the datanode as the reported value (IN_SERVICE, 0) does not match the value stored in SCM (ENTERING_MAINTENANCE, 0)
2021-01-10 13:36:50,098 [DatanodeAdminManager-0] INFO  node.DatanodeAdminMonitorImpl (DatanodeAdminMonitorImpl.java:run(136)) - There are 3 nodes tracked for decommission and maintenance. 0 pending nodes.
2021-01-10 13:36:50,761 [IPC Server handler 16 on default port 45713] INFO  node.SCMNodeManager (SCMNodeManager.java:updateDatanodeOpState(419)) - Scheduling a command to update the operationalState persisted on the datanode as the reported value (IN_SERVICE, 0) does not match the value stored in SCM (ENTERING_MAINTENANCE, 0)
2021-01-10 13:36:50,768 [Command processor thread] INFO  server.RaftServer (RaftServerProxy.java:remove(106)) - b3570078-f6e2-4b7a-8962-99d3351b1084: remove  FOLLOWER b3570078-f6e2-4b7a-8962-99d3351b1084@group-0D998C0963B1:t1, leader=0ad6d196-e751-48c8-8ca7-d67dcf240f32, voted=0ad6d196-e751-48c8-8ca7-d67dcf240f32, raftlog=b3570078-f6e2-4b7a-8962-99d3351b1084@group-0D998C0963B1-SegmentedRaftLog:OPENED:c7,f7,i7, conf=0: [b3570078-f6e2-4b7a-8962-99d3351b1084|rpc:172.17.0.2:45597|dataStream:|priority:0, 0ad6d196-e751-48c8-8ca7-d67dcf240f32|rpc:172.17.0.2:38183|dataStream:|priority:1, 2f093e54-b728-4a2a-9239-b3f8c2a2e755|rpc:172.17.0.2:36353|dataStream:|priority:0], old=null RUNNING
2021-01-10 13:36:50,768 [Command processor thread] INFO  server.RaftServer$Division (RaftServerImpl.java:lambda$close$4(405)) - b3570078-f6e2-4b7a-8962-99d3351b1084@group-0D998C0963B1: shutdown
2021-01-10 13:36:50,768 [Command processor thread] INFO  server.RaftServer (RaftServerProxy.java:remove(106)) - 0ad6d196-e751-48c8-8ca7-d67dcf240f32: remove    LEADER 0ad6d196-e751-48c8-8ca7-d67dcf240f32@group-0D998C0963B1:t1, leader=0ad6d196-e751-48c8-8ca7-d67dcf240f32, voted=0ad6d196-e751-48c8-8ca7-d67dcf240f32, raftlog=0ad6d196-e751-48c8-8ca7-d67dcf240f32@group-0D998C0963B1-SegmentedRaftLog:OPENED:c7,f7,i7, conf=0: [b3570078-f6e2-4b7a-8962-99d3351b1084|rpc:172.17.0.2:45597|dataStream:|priority:0, 0ad6d196-e751-48c8-8ca7-d67dcf240f32|rpc:172.17.0.2:38183|dataStream:|priority:1, 2f093e54-b728-4a2a-9239-b3f8c2a2e755|rpc:172.17.0.2:36353|dataStream:|priority:0], old=null RUNNING
2021-01-10 13:36:50,769 [Command processor thread] INFO  server.RaftServer$Division (RaftServerImpl.java:lambda$close$4(405)) - 0ad6d196-e751-48c8-8ca7-d67dcf240f32@group-0D998C0963B1: shutdown
2021-01-10 13:36:50,769 [Command processor thread] INFO  util.JmxRegister (JmxRegister.java:unregister(73)) - Successfully un-registered JMX Bean with object name Ratis:service=RaftServer,group=group-0D998C0963B1,id=0ad6d196-e751-48c8-8ca7-d67dcf240f32
2021-01-10 13:36:50,769 [Command processor thread] INFO  impl.RoleInfo (RoleInfo.java:shutdownLeaderState(91)) - 0ad6d196-e751-48c8-8ca7-d67dcf240f32: shutdown 0ad6d196-e751-48c8-8ca7-d67dcf240f32@group-0D998C0963B1-LeaderStateImpl
2021-01-10 13:36:50,769 [Command processor thread] INFO  metrics.RatisMetrics (RatisMetrics.java:unregister(43)) - Unregistering Metrics Registry : ratis_grpc.log_appender.0ad6d196-e751-48c8-8ca7-d67dcf240f32@group-0D998C0963B1
2021-01-10 13:36:50,770 [Command processor thread] INFO  metrics.RatisMetrics (RatisMetrics.java:unregister(43)) - Unregistering Metrics Registry : ratis_grpc.log_appender.0ad6d196-e751-48c8-8ca7-d67dcf240f32@group-0D998C0963B1
2021-01-10 13:36:50,770 [Command processor thread] INFO  impl.PendingRequests (PendingRequests.java:sendNotLeaderResponses(249)) - 0ad6d196-e751-48c8-8ca7-d67dcf240f32@group-0D998C0963B1-PendingRequests: sendNotLeaderResponses
2021-01-10 13:36:50,770 [IPC Server handler 0 on default port 45713] INFO  node.SCMNodeManager (SCMNodeManager.java:updateDatanodeOpState(419)) - Scheduling a command to update the operationalState persisted on the datanode as the reported value (IN_SERVICE, 0) does not match the value stored in SCM (ENTERING_MAINTENANCE, 0)
2021-01-10 13:36:50,771 [0ad6d196-e751-48c8-8ca7-d67dcf240f32@group-0D998C0963B1->b3570078-f6e2-4b7a-8962-99d3351b1084-GrpcLogAppender-LogAppenderDaemon] WARN  server.GrpcLogAppender (GrpcLogAppender.java:mayWait(175)) - 0ad6d196-e751-48c8-8ca7-d67dcf240f32@group-0D998C0963B1->b3570078-f6e2-4b7a-8962-99d3351b1084-GrpcLogAppender: Wait interrupted by java.lang.InterruptedException
2021-01-10 13:36:50,771 [IPC Server handler 0 on default port 45713] INFO  node.SCMNodeManager (SCMNodeManager.java:updateDatanodeOpState(419)) - Scheduling a command to update the operationalState persisted on the datanode as the reported value (IN_SERVICE, 0) does not match the value stored in SCM (ENTERING_MAINTENANCE, 0)
2021-01-10 13:36:50,772 [grpc-default-executor-4] INFO  server.GrpcServerProtocolService (GrpcServerProtocolService.java:onCompleted(138)) - b3570078-f6e2-4b7a-8962-99d3351b1084: Completed APPEND_ENTRIES, lastRequest: 0ad6d196-e751-48c8-8ca7-d67dcf240f32->b3570078-f6e2-4b7a-8962-99d3351b1084#23-t1,previous=(t:1, i:6),leaderCommit=6,initializing? true,entries: size=1, first=(t:1, i:7), METADATAENTRY(c:6)
2021-01-10 13:36:50,770 [Command processor thread] INFO  util.JmxRegister (JmxRegister.java:unregister(73)) - Successfully un-registered JMX Bean with object name Ratis:service=RaftServer,group=group-0D998C0963B1,id=b3570078-f6e2-4b7a-8962-99d3351b1084
2021-01-10 13:36:50,773 [Command processor thread] INFO  impl.RoleInfo (RoleInfo.java:shutdownFollowerState(108)) - b3570078-f6e2-4b7a-8962-99d3351b1084: shutdown b3570078-f6e2-4b7a-8962-99d3351b1084@group-0D998C0963B1-FollowerState
2021-01-10 13:36:50,773 [Command processor thread] INFO  impl.StateMachineUpdater (StateMachineUpdater.java:stopAndJoin(148)) - b3570078-f6e2-4b7a-8962-99d3351b1084@group-0D998C0963B1-StateMachineUpdater: set stopIndex = 7
2021-01-10 13:36:50,773 [Thread-1110] INFO  impl.FollowerState (FollowerState.java:run(142)) - b3570078-f6e2-4b7a-8962-99d3351b1084@group-0D998C0963B1-FollowerState was interrupted: {}
java.lang.InterruptedException: sleep interrupted
	at java.lang.Thread.sleep(Native Method)
	at java.lang.Thread.sleep(Thread.java:340)
	at java.util.concurrent.TimeUnit.sleep(TimeUnit.java:386)
	at org.apache.ratis.util.TimeDuration.sleep(TimeDuration.java:324)
	at org.apache.ratis.util.TimeDuration.sleep(TimeDuration.java:309)
	at org.apache.ratis.server.impl.FollowerState.run(FollowerState.java:117)
2021-01-10 13:36:50,770 [0ad6d196-e751-48c8-8ca7-d67dcf240f32@group-0D998C0963B1->2f093e54-b728-4a2a-9239-b3f8c2a2e755-GrpcLogAppender-LogAppenderDaemon] WARN  server.GrpcLogAppender (GrpcLogAppender.java:mayWait(175)) - 0ad6d196-e751-48c8-8ca7-d67dcf240f32@group-0D998C0963B1->2f093e54-b728-4a2a-9239-b3f8c2a2e755-GrpcLogAppender: Wait interrupted by java.lang.InterruptedException
2021-01-10 13:36:50,770 [ReplicationMonitor] INFO  container.ReplicationManager (ReplicationManager.java:sendCloseCommand(948)) - Sending close container command for container #5 to datanode 0ad6d196-e751-48c8-8ca7-d67dcf240f32{ip: 172.17.0.2, host: c2cea8100722, networkLocation: /default-rack, certSerialId: null, persistedOpState: IN_SERVICE, persistedOpStateExpiryEpochSec: 0}.
2021-01-10 13:36:50,774 [ReplicationMonitor] INFO  container.ReplicationManager (ReplicationManager.java:sendCloseCommand(948)) - Sending close container command for container #5 to datanode 2f093e54-b728-4a2a-9239-b3f8c2a2e755{ip: 172.17.0.2, host: c2cea8100722, networkLocation: /default-rack, certSerialId: null, persistedOpState: IN_SERVICE, persistedOpStateExpiryEpochSec: 0}.
2021-01-10 13:36:50,774 [ReplicationMonitor] INFO  container.ReplicationManager (ReplicationManager.java:sendCloseCommand(948)) - Sending close container command for container #5 to datanode 0ad6d196-e751-48c8-8ca7-d67dcf240f32{ip: 172.17.0.2, host: c2cea8100722, networkLocation: /default-rack, certSerialId: null, persistedOpState: IN_SERVICE, persistedOpStateExpiryEpochSec: 0}.
2021-01-10 13:36:50,774 [ReplicationMonitor] INFO  container.ReplicationManager (ReplicationManager.java:sendCloseCommand(948)) - Sending close container command for container #5 to datanode b3570078-f6e2-4b7a-8962-99d3351b1084{ip: 172.17.0.2, host: c2cea8100722, networkLocation: /default-rack, certSerialId: null, persistedOpState: IN_SERVICE, persistedOpStateExpiryEpochSec: 0}.
2021-01-10 13:36:50,774 [Command processor thread] INFO  metrics.RatisMetrics (RatisMetrics.java:unregister(43)) - Unregistering Metrics Registry : ratis.log_appender.0ad6d196-e751-48c8-8ca7-d67dcf240f32@group-0D998C0963B1
2021-01-10 13:36:50,774 [ReplicationMonitor] INFO  container.ReplicationManager (ReplicationManager.java:sendCloseCommand(948)) - Sending close container command for container #4 to datanode 2f093e54-b728-4a2a-9239-b3f8c2a2e755{ip: 172.17.0.2, host: c2cea8100722, networkLocation: /default-rack, certSerialId: null, persistedOpState: IN_SERVICE, persistedOpStateExpiryEpochSec: 0}.
2021-01-10 13:36:50,774 [ReplicationMonitor] INFO  container.ReplicationManager (ReplicationManager.java:sendCloseCommand(948)) - Sending close container command for container #4 to datanode 0ad6d196-e751-48c8-8ca7-d67dcf240f32{ip: 172.17.0.2, host: c2cea8100722, networkLocation: /default-rack, certSerialId: null, persistedOpState: IN_SERVICE, persistedOpStateExpiryEpochSec: 0}.
2021-01-10 13:36:50,775 [ReplicationMonitor] INFO  container.ReplicationManager (ReplicationManager.java:sendCloseCommand(948)) - Sending close container command for container #4 to datanode b3570078-f6e2-4b7a-8962-99d3351b1084{ip: 172.17.0.2, host: c2cea8100722, networkLocation: /default-rack, certSerialId: null, persistedOpState: IN_SERVICE, persistedOpStateExpiryEpochSec: 0}.
2021-01-10 13:36:50,774 [Command processor thread] INFO  metrics.RatisMetrics (RatisMetrics.java:unregister(43)) - Unregistering Metrics Registry : ratis.server.0ad6d196-e751-48c8-8ca7-d67dcf240f32@group-0D998C0963B1
2021-01-10 13:36:50,775 [ReplicationMonitor] INFO  container.ReplicationManager (ReplicationManager.java:run(250)) - Replication Monitor Thread took 4 milliseconds for processing 5 containers.
2021-01-10 13:36:50,775 [Command processor thread] INFO  impl.StateMachineUpdater (StateMachineUpdater.java:stopAndJoin(148)) - 0ad6d196-e751-48c8-8ca7-d67dcf240f32@group-0D998C0963B1-StateMachineUpdater: set stopIndex = 7
2021-01-10 13:36:50,775 [grpc-default-executor-4] INFO  server.GrpcLogAppender (GrpcLogAppender.java:onCompleted(344)) - 0ad6d196-e751-48c8-8ca7-d67dcf240f32@group-0D998C0963B1->b3570078-f6e2-4b7a-8962-99d3351b1084-AppendLogResponseHandler: follower responses appendEntries COMPLETED
2021-01-10 13:36:50,775 [0ad6d196-e751-48c8-8ca7-d67dcf240f32@group-0D998C0963B1-StateMachineUpdater] INFO  ratis.ContainerStateMachine (ContainerStateMachine.java:takeSnapshot(291)) - group-0D998C0963B1: Taking a snapshot at:(t:1, i:7) file /github/workspace/mnt/ozone/hadoop-ozone/integration-test/target/test-dir/MiniOzoneClusterImpl-0ee44e4a-5790-445b-bee5-3ef48b2e27da/datanode-4/data/ratis/b3c08616-cf70-4772-8e17-0d998c0963b1/sm/snapshot.1_7
2021-01-10 13:36:50,775 [grpc-default-executor-4] INFO  leader.FollowerInfo (FollowerInfoImpl.java:lambda$new$0(46)) - 0ad6d196-e751-48c8-8ca7-d67dcf240f32@group-0D998C0963B1->b3570078-f6e2-4b7a-8962-99d3351b1084: nextIndex: updateUnconditionally 8 -> 7
2021-01-10 13:36:50,776 [b3570078-f6e2-4b7a-8962-99d3351b1084@group-0D998C0963B1-StateMachineUpdater] INFO  ratis.ContainerStateMachine (ContainerStateMachine.java:takeSnapshot(291)) - group-0D998C0963B1: Taking a snapshot at:(t:1, i:7) file /github/workspace/mnt/ozone/hadoop-ozone/integration-test/target/test-dir/MiniOzoneClusterImpl-0ee44e4a-5790-445b-bee5-3ef48b2e27da/datanode-3/data/ratis/b3c08616-cf70-4772-8e17-0d998c0963b1/sm/snapshot.1_7
2021-01-10 13:36:50,778 [b3570078-f6e2-4b7a-8962-99d3351b1084@group-0D998C0963B1-StateMachineUpdater] INFO  ratis.ContainerStateMachine (ContainerStateMachine.java:takeSnapshot(302)) - group-0D998C0963B1: Finished taking a snapshot at:(t:1, i:7) file:/github/workspace/mnt/ozone/hadoop-ozone/integration-test/target/test-dir/MiniOzoneClusterImpl-0ee44e4a-5790-445b-bee5-3ef48b2e27da/datanode-3/data/ratis/b3c08616-cf70-4772-8e17-0d998c0963b1/sm/snapshot.1_7 took: 1 ms
2021-01-10 13:36:50,778 [b3570078-f6e2-4b7a-8962-99d3351b1084@group-0D998C0963B1-StateMachineUpdater] INFO  impl.StateMachineUpdater (StateMachineUpdater.java:takeSnapshot(279)) - b3570078-f6e2-4b7a-8962-99d3351b1084@group-0D998C0963B1-StateMachineUpdater: Took a snapshot at index 7
2021-01-10 13:36:50,778 [b3570078-f6e2-4b7a-8962-99d3351b1084@group-0D998C0963B1-StateMachineUpdater] INFO  impl.StateMachineUpdater (StateMachineUpdater.java:lambda$new$0(88)) - b3570078-f6e2-4b7a-8962-99d3351b1084@group-0D998C0963B1-StateMachineUpdater: snapshotIndex: updateIncreasingly -1 -> 7
2021-01-10 13:36:50,778 [b3570078-f6e2-4b7a-8962-99d3351b1084@group-0D998C0963B1-StateMachineUpdater] INFO  metrics.RatisMetrics (RatisMetrics.java:unregister(43)) - Unregistering Metrics Registry : ratis.state_machine.b3570078-f6e2-4b7a-8962-99d3351b1084@group-0D998C0963B1
2021-01-10 13:36:50,778 [Command processor thread] INFO  server.RaftServer$Division (ServerState.java:close(400)) - b3570078-f6e2-4b7a-8962-99d3351b1084@group-0D998C0963B1: closes. applyIndex: 7
2021-01-10 13:36:50,778 [0ad6d196-e751-48c8-8ca7-d67dcf240f32@group-0D998C0963B1-StateMachineUpdater] INFO  ratis.ContainerStateMachine (ContainerStateMachine.java:takeSnapshot(302)) - group-0D998C0963B1: Finished taking a snapshot at:(t:1, i:7) file:/github/workspace/mnt/ozone/hadoop-ozone/integration-test/target/test-dir/MiniOzoneClusterImpl-0ee44e4a-5790-445b-bee5-3ef48b2e27da/datanode-4/data/ratis/b3c08616-cf70-4772-8e17-0d998c0963b1/sm/snapshot.1_7 took: 3 ms
2021-01-10 13:36:50,778 [b3570078-f6e2-4b7a-8962-99d3351b1084@group-0D998C0963B1-SegmentedRaftLogWorker] INFO  segmented.SegmentedRaftLogWorker (SegmentedRaftLogWorker.java:run(326)) - b3570078-f6e2-4b7a-8962-99d3351b1084@group-0D998C0963B1-SegmentedRaftLogWorker was interrupted, exiting. There are 0 tasks remaining in the queue.
2021-01-10 13:36:50,779 [0ad6d196-e751-48c8-8ca7-d67dcf240f32@group-0D998C0963B1-StateMachineUpdater] INFO  impl.StateMachineUpdater (StateMachineUpdater.java:takeSnapshot(279)) - 0ad6d196-e751-48c8-8ca7-d67dcf240f32@group-0D998C0963B1-StateMachineUpdater: Took a snapshot at index 7
2021-01-10 13:36:50,779 [0ad6d196-e751-48c8-8ca7-d67dcf240f32@group-0D998C0963B1-StateMachineUpdater] INFO  impl.StateMachineUpdater (StateMachineUpdater.java:lambda$new$0(88)) - 0ad6d196-e751-48c8-8ca7-d67dcf240f32@group-0D998C0963B1-StateMachineUpdater: snapshotIndex: updateIncreasingly -1 -> 7
2021-01-10 13:36:50,779 [Command processor thread] INFO  segmented.SegmentedRaftLogWorker (SegmentedRaftLogWorker.java:close(236)) - b3570078-f6e2-4b7a-8962-99d3351b1084@group-0D998C0963B1-SegmentedRaftLogWorker close()
2021-01-10 13:36:50,779 [0ad6d196-e751-48c8-8ca7-d67dcf240f32@group-0D998C0963B1-StateMachineUpdater] INFO  metrics.RatisMetrics (RatisMetrics.java:unregister(43)) - Unregistering Metrics Registry : ratis.state_machine.0ad6d196-e751-48c8-8ca7-d67dcf240f32@group-0D998C0963B1
2021-01-10 13:36:50,780 [Command processor thread] INFO  metrics.RatisMetrics (RatisMetrics.java:unregister(43)) - Unregistering Metrics Registry : ratis.log_worker.b3570078-f6e2-4b7a-8962-99d3351b1084@group-0D998C0963B1
2021-01-10 13:36:50,780 [Command processor thread] INFO  metrics.RatisMetrics (RatisMetrics.java:unregister(43)) - Unregistering Metrics Registry : ratis.leader_election.b3570078-f6e2-4b7a-8962-99d3351b1084@group-0D998C0963B1
2021-01-10 13:36:50,780 [Command processor thread] INFO  metrics.RatisMetrics (RatisMetrics.java:unregister(43)) - Unregistering Metrics Registry : ratis.server.b3570078-f6e2-4b7a-8962-99d3351b1084@group-0D998C0963B1
2021-01-10 13:36:50,781 [Command processor thread] INFO  server.RaftServer$Division (ServerState.java:close(400)) - 0ad6d196-e751-48c8-8ca7-d67dcf240f32@group-0D998C0963B1: closes. applyIndex: 7
2021-01-10 13:36:50,781 [0ad6d196-e751-48c8-8ca7-d67dcf240f32@group-0D998C0963B1-SegmentedRaftLogWorker] INFO  segmented.SegmentedRaftLogWorker (SegmentedRaftLogWorker.java:run(326)) - 0ad6d196-e751-48c8-8ca7-d67dcf240f32@group-0D998C0963B1-SegmentedRaftLogWorker was interrupted, exiting. There are 0 tasks remaining in the queue.
2021-01-10 13:36:50,782 [Command processor thread] INFO  segmented.SegmentedRaftLogWorker (SegmentedRaftLogWorker.java:close(236)) - 0ad6d196-e751-48c8-8ca7-d67dcf240f32@group-0D998C0963B1-SegmentedRaftLogWorker close()
2021-01-10 13:36:50,783 [IPC Server handler 1 on default port 45713] INFO  node.SCMNodeManager (SCMNodeManager.java:updateDatanodeOpState(419)) - Scheduling a command to update the operationalState persisted on the datanode as the reported value (IN_SERVICE, 0) does not match the value stored in SCM (ENTERING_MAINTENANCE, 0)
2021-01-10 13:36:50,784 [Command processor thread] INFO  metrics.RatisMetrics (RatisMetrics.java:unregister(43)) - Unregistering Metrics Registry : ratis.log_worker.0ad6d196-e751-48c8-8ca7-d67dcf240f32@group-0D998C0963B1
2021-01-10 13:36:50,784 [Command processor thread] INFO  metrics.RatisMetrics (RatisMetrics.java:unregister(43)) - Unregistering Metrics Registry : ratis.leader_election.0ad6d196-e751-48c8-8ca7-d67dcf240f32@group-0D998C0963B1
2021-01-10 13:36:50,784 [Command processor thread] INFO  metrics.RatisMetrics (RatisMetrics.java:unregister(43)) - Unregistering Metrics Registry : ratis.server.0ad6d196-e751-48c8-8ca7-d67dcf240f32@group-0D998C0963B1
2021-01-10 13:36:50,784 [Command processor thread] INFO  keyvalue.KeyValueContainer (KeyValueContainer.java:flushAndSyncDB(388)) - Container 4 is synced with bcsId 2.
2021-01-10 13:36:50,784 [Command processor thread] INFO  keyvalue.KeyValueContainer (KeyValueContainer.java:flushAndSyncDB(388)) - Container 4 is synced with bcsId 2.
2021-01-10 13:36:50,785 [grpc-default-executor-4] INFO  server.GrpcServerProtocolService (GrpcServerProtocolService.java:onCompleted(138)) - 2f093e54-b728-4a2a-9239-b3f8c2a2e755: Completed APPEND_ENTRIES, lastRequest: 0ad6d196-e751-48c8-8ca7-d67dcf240f32->2f093e54-b728-4a2a-9239-b3f8c2a2e755#23-t1,previous=(t:1, i:6),leaderCommit=6,initializing? true,entries: size=1, first=(t:1, i:7), METADATAENTRY(c:6)
2021-01-10 13:36:50,786 [grpc-default-executor-4] INFO  server.GrpcLogAppender (GrpcLogAppender.java:onCompleted(344)) - 0ad6d196-e751-48c8-8ca7-d67dcf240f32@group-0D998C0963B1->2f093e54-b728-4a2a-9239-b3f8c2a2e755-AppendLogResponseHandler: follower responses appendEntries COMPLETED
2021-01-10 13:36:50,786 [grpc-default-executor-4] INFO  leader.FollowerInfo (FollowerInfoImpl.java:lambda$new$0(46)) - 0ad6d196-e751-48c8-8ca7-d67dcf240f32@group-0D998C0963B1->2f093e54-b728-4a2a-9239-b3f8c2a2e755: nextIndex: updateUnconditionally 8 -> 7
2021-01-10 13:36:50,787 [IPC Server handler 2 on default port 45713] INFO  node.SCMNodeManager (SCMNodeManager.java:updateDatanodeOpState(419)) - Scheduling a command to update the operationalState persisted on the datanode as the reported value (IN_SERVICE, 0) does not match the value stored in SCM (ENTERING_MAINTENANCE, 0)
2021-01-10 13:36:50,789 [Command processor thread] INFO  keyvalue.KeyValueContainer (KeyValueContainer.java:flushAndSyncDB(388)) - Container 4 is synced with bcsId 2.
2021-01-10 13:36:50,789 [Command processor thread] INFO  keyvalue.KeyValueContainer (KeyValueContainer.java:flushAndSyncDB(388)) - Container 4 is synced with bcsId 2.
2021-01-10 13:36:50,790 [IPC Server handler 3 on default port 45713] INFO  node.SCMNodeManager (SCMNodeManager.java:updateDatanodeOpState(419)) - Scheduling a command to update the operationalState persisted on the datanode as the reported value (IN_SERVICE, 0) does not match the value stored in SCM (ENTERING_MAINTENANCE, 0)
2021-01-10 13:36:50,790 [EventQueue-IncrementalContainerReportForIncrementalContainerReportHandler] INFO  container.IncrementalContainerReportHandler (AbstractContainerReportHandler.java:updateContainerState(208)) - Moving container #4 to QUASI_CLOSED state, datanode b3570078-f6e2-4b7a-8962-99d3351b1084{ip: 172.17.0.2, host: c2cea8100722, networkLocation: /default-rack, certSerialId: null, persistedOpState: IN_SERVICE, persistedOpStateExpiryEpochSec: 0} reported QUASI_CLOSED replica.
2021-01-10 13:36:50,791 [IPC Server handler 4 on default port 45713] INFO  node.SCMNodeManager (SCMNodeManager.java:updateDatanodeOpState(419)) - Scheduling a command to update the operationalState persisted on the datanode as the reported value (IN_SERVICE, 0) does not match the value stored in SCM (ENTERING_MAINTENANCE, 0)
2021-01-10 13:36:50,791 [Command processor thread] INFO  keyvalue.KeyValueContainer (KeyValueContainer.java:flushAndSyncDB(388)) - Container 5 is synced with bcsId 6.
2021-01-10 13:36:50,792 [Command processor thread] INFO  keyvalue.KeyValueContainer (KeyValueContainer.java:flushAndSyncDB(388)) - Container 5 is synced with bcsId 6.
2021-01-10 13:36:50,792 [IPC Server handler 5 on default port 45713] INFO  node.SCMNodeManager (SCMNodeManager.java:updateDatanodeOpState(419)) - Scheduling a command to update the operationalState persisted on the datanode as the reported value (IN_SERVICE, 0) does not match the value stored in SCM (ENTERING_MAINTENANCE, 0)
2021-01-10 13:36:50,794 [IPC Server handler 6 on default port 45713] INFO  node.SCMNodeManager (SCMNodeManager.java:updateDatanodeOpState(419)) - Scheduling a command to update the operationalState persisted on the datanode as the reported value (IN_SERVICE, 0) does not match the value stored in SCM (ENTERING_MAINTENANCE, 0)
2021-01-10 13:36:50,794 [Command processor thread] INFO  server.RaftServer$Division (RaftServerImpl.java:groupRemove(375)) - b3570078-f6e2-4b7a-8962-99d3351b1084@group-0D998C0963B1: Succeed to remove RaftStorageDirectory Storage Directory /github/workspace/mnt/ozone/hadoop-ozone/integration-test/target/test-dir/MiniOzoneClusterImpl-0ee44e4a-5790-445b-bee5-3ef48b2e27da/datanode-3/data/ratis/b3c08616-cf70-4772-8e17-0d998c0963b1
2021-01-10 13:36:50,794 [Command processor thread] INFO  commandhandler.ClosePipelineCommandHandler (ClosePipelineCommandHandler.java:handle(75)) - Close Pipeline PipelineID=b3c08616-cf70-4772-8e17-0d998c0963b1 command on datanode b3570078-f6e2-4b7a-8962-99d3351b1084.
2021-01-10 13:36:50,794 [Command processor thread] INFO  server.RaftServer (RaftServerProxy.java:remove(106)) - b3570078-f6e2-4b7a-8962-99d3351b1084: remove    LEADER b3570078-f6e2-4b7a-8962-99d3351b1084@group-B5BE2ECB6F3C:t1, leader=b3570078-f6e2-4b7a-8962-99d3351b1084, voted=b3570078-f6e2-4b7a-8962-99d3351b1084, raftlog=b3570078-f6e2-4b7a-8962-99d3351b1084@group-B5BE2ECB6F3C-SegmentedRaftLog:OPENED:c0,f0,i0, conf=0: [b3570078-f6e2-4b7a-8962-99d3351b1084|rpc:172.17.0.2:45597|dataStream:|priority:1], old=null RUNNING
2021-01-10 13:36:50,794 [Command processor thread] INFO  server.RaftServer$Division (RaftServerImpl.java:lambda$close$4(405)) - b3570078-f6e2-4b7a-8962-99d3351b1084@group-B5BE2ECB6F3C: shutdown
2021-01-10 13:36:50,794 [Command processor thread] INFO  util.JmxRegister (JmxRegister.java:unregister(73)) - Successfully un-registered JMX Bean with object name Ratis:service=RaftServer,group=group-B5BE2ECB6F3C,id=b3570078-f6e2-4b7a-8962-99d3351b1084
2021-01-10 13:36:50,795 [Command processor thread] INFO  impl.RoleInfo (RoleInfo.java:shutdownLeaderState(91)) - b3570078-f6e2-4b7a-8962-99d3351b1084: shutdown b3570078-f6e2-4b7a-8962-99d3351b1084@group-B5BE2ECB6F3C-LeaderStateImpl
2021-01-10 13:36:50,794 [EventQueue-IncrementalContainerReportForIncrementalContainerReportHandler] INFO  container.IncrementalContainerReportHandler (AbstractContainerReportHandler.java:updateContainerState(208)) - Moving container #5 to QUASI_CLOSED state, datanode b3570078-f6e2-4b7a-8962-99d3351b1084{ip: 172.17.0.2, host: c2cea8100722, networkLocation: /default-rack, certSerialId: null, persistedOpState: IN_SERVICE, persistedOpStateExpiryEpochSec: 0} reported QUASI_CLOSED replica.
2021-01-10 13:36:50,795 [IPC Server handler 8 on default port 45713] INFO  node.SCMNodeManager (SCMNodeManager.java:updateDatanodeOpState(419)) - Scheduling a command to update the operationalState persisted on the datanode as the reported value (IN_SERVICE, 0) does not match the value stored in SCM (ENTERING_MAINTENANCE, 0)
2021-01-10 13:36:50,795 [Command processor thread] INFO  keyvalue.KeyValueContainer (KeyValueContainer.java:flushAndSyncDB(388)) - Container 5 is synced with bcsId 6.
2021-01-10 13:36:50,797 [Command processor thread] INFO  keyvalue.KeyValueContainer (KeyValueContainer.java:flushAndSyncDB(388)) - Container 5 is synced with bcsId 6.
2021-01-10 13:36:50,795 [Command processor thread] INFO  impl.PendingRequests (PendingRequests.java:sendNotLeaderResponses(249)) - b3570078-f6e2-4b7a-8962-99d3351b1084@group-B5BE2ECB6F3C-PendingRequests: sendNotLeaderResponses
2021-01-10 13:36:50,797 [Command processor thread] INFO  metrics.RatisMetrics (RatisMetrics.java:unregister(43)) - Unregistering Metrics Registry : ratis.log_appender.b3570078-f6e2-4b7a-8962-99d3351b1084@group-B5BE2ECB6F3C
2021-01-10 13:36:50,798 [Command processor thread] INFO  metrics.RatisMetrics (RatisMetrics.java:unregister(43)) - Unregistering Metrics Registry : ratis.server.b3570078-f6e2-4b7a-8962-99d3351b1084@group-B5BE2ECB6F3C
2021-01-10 13:36:50,798 [Command processor thread] INFO  impl.StateMachineUpdater (StateMachineUpdater.java:stopAndJoin(148)) - b3570078-f6e2-4b7a-8962-99d3351b1084@group-B5BE2ECB6F3C-StateMachineUpdater: set stopIndex = 0
2021-01-10 13:36:50,798 [b3570078-f6e2-4b7a-8962-99d3351b1084@group-B5BE2ECB6F3C-StateMachineUpdater] INFO  ratis.ContainerStateMachine (ContainerStateMachine.java:takeSnapshot(291)) - group-B5BE2ECB6F3C: Taking a snapshot at:(t:1, i:0) file /github/workspace/mnt/ozone/hadoop-ozone/integration-test/target/test-dir/MiniOzoneClusterImpl-0ee44e4a-5790-445b-bee5-3ef48b2e27da/datanode-3/data/ratis/1b1f00ab-c54d-4fd5-a7f1-b5be2ecb6f3c/sm/snapshot.1_0
2021-01-10 13:36:50,799 [b3570078-f6e2-4b7a-8962-99d3351b1084@group-B5BE2ECB6F3C-StateMachineUpdater] INFO  ratis.ContainerStateMachine (ContainerStateMachine.java:takeSnapshot(302)) - group-B5BE2ECB6F3C: Finished taking a snapshot at:(t:1, i:0) file:/github/workspace/mnt/ozone/hadoop-ozone/integration-test/target/test-dir/MiniOzoneClusterImpl-0ee44e4a-5790-445b-bee5-3ef48b2e27da/datanode-3/data/ratis/1b1f00ab-c54d-4fd5-a7f1-b5be2ecb6f3c/sm/snapshot.1_0 took: 1 ms
2021-01-10 13:36:50,799 [b3570078-f6e2-4b7a-8962-99d3351b1084@group-B5BE2ECB6F3C-StateMachineUpdater] INFO  impl.StateMachineUpdater (StateMachineUpdater.java:takeSnapshot(279)) - b3570078-f6e2-4b7a-8962-99d3351b1084@group-B5BE2ECB6F3C-StateMachineUpdater: Took a snapshot at index 0
2021-01-10 13:36:50,799 [b3570078-f6e2-4b7a-8962-99d3351b1084@group-B5BE2ECB6F3C-StateMachineUpdater] INFO  impl.StateMachineUpdater (StateMachineUpdater.java:lambda$new$0(88)) - b3570078-f6e2-4b7a-8962-99d3351b1084@group-B5BE2ECB6F3C-StateMachineUpdater: snapshotIndex: updateIncreasingly -1 -> 0
2021-01-10 13:36:50,800 [Command processor thread] INFO  server.RaftServer$Division (RaftServerImpl.java:groupRemove(375)) - 0ad6d196-e751-48c8-8ca7-d67dcf240f32@group-0D998C0963B1: Succeed to remove RaftStorageDirectory Storage Directory /github/workspace/mnt/ozone/hadoop-ozone/integration-test/target/test-dir/MiniOzoneClusterImpl-0ee44e4a-5790-445b-bee5-3ef48b2e27da/datanode-4/data/ratis/b3c08616-cf70-4772-8e17-0d998c0963b1
2021-01-10 13:36:50,800 [Command processor thread] INFO  commandhandler.ClosePipelineCommandHandler (ClosePipelineCommandHandler.java:handle(75)) - Close Pipeline PipelineID=b3c08616-cf70-4772-8e17-0d998c0963b1 command on datanode 0ad6d196-e751-48c8-8ca7-d67dcf240f32.
2021-01-10 13:36:50,800 [Command processor thread] INFO  server.RaftServer (RaftServerProxy.java:remove(106)) - 0ad6d196-e751-48c8-8ca7-d67dcf240f32: remove    LEADER 0ad6d196-e751-48c8-8ca7-d67dcf240f32@group-C5B73ABBF97B:t1, leader=0ad6d196-e751-48c8-8ca7-d67dcf240f32, voted=0ad6d196-e751-48c8-8ca7-d67dcf240f32, raftlog=0ad6d196-e751-48c8-8ca7-d67dcf240f32@group-C5B73ABBF97B-SegmentedRaftLog:OPENED:c0,f0,i0, conf=0: [0ad6d196-e751-48c8-8ca7-d67dcf240f32|rpc:172.17.0.2:38183|dataStream:|priority:1], old=null RUNNING
2021-01-10 13:36:50,800 [b3570078-f6e2-4b7a-8962-99d3351b1084@group-B5BE2ECB6F3C-StateMachineUpdater] INFO  metrics.RatisMetrics (RatisMetrics.java:unregister(43)) - Unregistering Metrics Registry : ratis.state_machine.b3570078-f6e2-4b7a-8962-99d3351b1084@group-B5BE2ECB6F3C
2021-01-10 13:36:50,800 [Command processor thread] INFO  server.RaftServer$Division (RaftServerImpl.java:lambda$close$4(405)) - 0ad6d196-e751-48c8-8ca7-d67dcf240f32@group-C5B73ABBF97B: shutdown
2021-01-10 13:36:50,800 [IPC Server handler 7 on default port 45713] INFO  node.SCMNodeManager (SCMNodeManager.java:updateDatanodeOpState(419)) - Scheduling a command to update the operationalState persisted on the datanode as the reported value (IN_SERVICE, 0) does not match the value stored in SCM (ENTERING_MAINTENANCE, 0)
2021-01-10 13:36:50,801 [Command processor thread] INFO  util.JmxRegister (JmxRegister.java:unregister(73)) - Successfully un-registered JMX Bean with object name Ratis:service=RaftServer,group=group-C5B73ABBF97B,id=0ad6d196-e751-48c8-8ca7-d67dcf240f32
2021-01-10 13:36:50,801 [Command processor thread] INFO  impl.RoleInfo (RoleInfo.java:shutdownLeaderState(91)) - 0ad6d196-e751-48c8-8ca7-d67dcf240f32: shutdown 0ad6d196-e751-48c8-8ca7-d67dcf240f32@group-C5B73ABBF97B-LeaderStateImpl
2021-01-10 13:36:50,801 [Command processor thread] INFO  impl.PendingRequests (PendingRequests.java:sendNotLeaderResponses(249)) - 0ad6d196-e751-48c8-8ca7-d67dcf240f32@group-C5B73ABBF97B-PendingRequests: sendNotLeaderResponses
2021-01-10 13:36:50,800 [Command processor thread] INFO  server.RaftServer$Division (ServerState.java:close(400)) - b3570078-f6e2-4b7a-8962-99d3351b1084@group-B5BE2ECB6F3C: closes. applyIndex: 0
2021-01-10 13:36:50,801 [b3570078-f6e2-4b7a-8962-99d3351b1084@group-B5BE2ECB6F3C-SegmentedRaftLogWorker] INFO  segmented.SegmentedRaftLogWorker (SegmentedRaftLogWorker.java:run(326)) - b3570078-f6e2-4b7a-8962-99d3351b1084@group-B5BE2ECB6F3C-SegmentedRaftLogWorker was interrupted, exiting. There are 0 tasks remaining in the queue.
2021-01-10 13:36:50,802 [Command processor thread] INFO  segmented.SegmentedRaftLogWorker (SegmentedRaftLogWorker.java:close(236)) - b3570078-f6e2-4b7a-8962-99d3351b1084@group-B5BE2ECB6F3C-SegmentedRaftLogWorker close()
2021-01-10 13:36:50,802 [Command processor thread] INFO  metrics.RatisMetrics (RatisMetrics.java:unregister(43)) - Unregistering Metrics Registry : ratis.log_appender.0ad6d196-e751-48c8-8ca7-d67dcf240f32@group-C5B73ABBF97B
2021-01-10 13:36:50,804 [Command processor thread] INFO  metrics.RatisMetrics (RatisMetrics.java:unregister(43)) - Unregistering Metrics Registry : ratis.log_worker.b3570078-f6e2-4b7a-8962-99d3351b1084@group-B5BE2ECB6F3C
2021-01-10 13:36:50,804 [Command processor thread] INFO  metrics.RatisMetrics (RatisMetrics.java:unregister(43)) - Unregistering Metrics Registry : ratis.leader_election.b3570078-f6e2-4b7a-8962-99d3351b1084@group-B5BE2ECB6F3C
2021-01-10 13:36:50,804 [Command processor thread] INFO  metrics.RatisMetrics (RatisMetrics.java:unregister(43)) - Unregistering Metrics Registry : ratis.server.b3570078-f6e2-4b7a-8962-99d3351b1084@group-B5BE2ECB6F3C
2021-01-10 13:36:50,804 [Command processor thread] INFO  server.RaftServer$Division (RaftServerImpl.java:groupRemove(375)) - b3570078-f6e2-4b7a-8962-99d3351b1084@group-B5BE2ECB6F3C: Succeed to remove RaftStorageDirectory Storage Directory /github/workspace/mnt/ozone/hadoop-ozone/integration-test/target/test-dir/MiniOzoneClusterImpl-0ee44e4a-5790-445b-bee5-3ef48b2e27da/datanode-3/data/ratis/1b1f00ab-c54d-4fd5-a7f1-b5be2ecb6f3c
2021-01-10 13:36:50,804 [Command processor thread] INFO  metrics.RatisMetrics (RatisMetrics.java:unregister(43)) - Unregistering Metrics Registry : ratis.server.0ad6d196-e751-48c8-8ca7-d67dcf240f32@group-C5B73ABBF97B
2021-01-10 13:36:50,805 [Command processor thread] INFO  commandhandler.ClosePipelineCommandHandler (ClosePipelineCommandHandler.java:handle(75)) - Close Pipeline PipelineID=1b1f00ab-c54d-4fd5-a7f1-b5be2ecb6f3c command on datanode b3570078-f6e2-4b7a-8962-99d3351b1084.
2021-01-10 13:36:50,805 [Command processor thread] INFO  impl.StateMachineUpdater (StateMachineUpdater.java:stopAndJoin(148)) - 0ad6d196-e751-48c8-8ca7-d67dcf240f32@group-C5B73ABBF97B-StateMachineUpdater: set stopIndex = 0
2021-01-10 13:36:50,805 [0ad6d196-e751-48c8-8ca7-d67dcf240f32@group-C5B73ABBF97B-StateMachineUpdater] INFO  ratis.ContainerStateMachine (ContainerStateMachine.java:takeSnapshot(291)) - group-C5B73ABBF97B: Taking a snapshot at:(t:1, i:0) file /github/workspace/mnt/ozone/hadoop-ozone/integration-test/target/test-dir/MiniOzoneClusterImpl-0ee44e4a-5790-445b-bee5-3ef48b2e27da/datanode-4/data/ratis/9d180bb0-01e7-48f4-bfab-c5b73abbf97b/sm/snapshot.1_0
2021-01-10 13:36:50,807 [0ad6d196-e751-48c8-8ca7-d67dcf240f32@group-C5B73ABBF97B-StateMachineUpdater] INFO  ratis.ContainerStateMachine (ContainerStateMachine.java:takeSnapshot(302)) - group-C5B73ABBF97B: Finished taking a snapshot at:(t:1, i:0) file:/github/workspace/mnt/ozone/hadoop-ozone/integration-test/target/test-dir/MiniOzoneClusterImpl-0ee44e4a-5790-445b-bee5-3ef48b2e27da/datanode-4/data/ratis/9d180bb0-01e7-48f4-bfab-c5b73abbf97b/sm/snapshot.1_0 took: 2 ms
2021-01-10 13:36:50,808 [0ad6d196-e751-48c8-8ca7-d67dcf240f32@group-C5B73ABBF97B-StateMachineUpdater] INFO  impl.StateMachineUpdater (StateMachineUpdater.java:takeSnapshot(279)) - 0ad6d196-e751-48c8-8ca7-d67dcf240f32@group-C5B73ABBF97B-StateMachineUpdater: Took a snapshot at index 0
2021-01-10 13:36:50,808 [0ad6d196-e751-48c8-8ca7-d67dcf240f32@group-C5B73ABBF97B-StateMachineUpdater] INFO  impl.StateMachineUpdater (StateMachineUpdater.java:lambda$new$0(88)) - 0ad6d196-e751-48c8-8ca7-d67dcf240f32@group-C5B73ABBF97B-StateMachineUpdater: snapshotIndex: updateIncreasingly -1 -> 0
2021-01-10 13:36:50,808 [0ad6d196-e751-48c8-8ca7-d67dcf240f32@group-C5B73ABBF97B-StateMachineUpdater] INFO  metrics.RatisMetrics (RatisMetrics.java:unregister(43)) - Unregistering Metrics Registry : ratis.state_machine.0ad6d196-e751-48c8-8ca7-d67dcf240f32@group-C5B73ABBF97B
2021-01-10 13:36:50,808 [Command processor thread] INFO  server.RaftServer$Division (ServerState.java:close(400)) - 0ad6d196-e751-48c8-8ca7-d67dcf240f32@group-C5B73ABBF97B: closes. applyIndex: 0
2021-01-10 13:36:50,808 [0ad6d196-e751-48c8-8ca7-d67dcf240f32@group-C5B73ABBF97B-SegmentedRaftLogWorker] INFO  segmented.SegmentedRaftLogWorker (SegmentedRaftLogWorker.java:run(326)) - 0ad6d196-e751-48c8-8ca7-d67dcf240f32@group-C5B73ABBF97B-SegmentedRaftLogWorker was interrupted, exiting. There are 0 tasks remaining in the queue.
2021-01-10 13:36:50,808 [Command processor thread] INFO  segmented.SegmentedRaftLogWorker (SegmentedRaftLogWorker.java:close(236)) - 0ad6d196-e751-48c8-8ca7-d67dcf240f32@group-C5B73ABBF97B-SegmentedRaftLogWorker close()
2021-01-10 13:36:50,808 [Command processor thread] WARN  server.RaftServer (RaftServerProxy.java:remove(101)) - b3570078-f6e2-4b7a-8962-99d3351b1084: does not contain group: group-0D998C0963B1
2021-01-10 13:36:50,809 [Command processor thread] INFO  metrics.RatisMetrics (RatisMetrics.java:unregister(43)) - Unregistering Metrics Registry : ratis.log_worker.0ad6d196-e751-48c8-8ca7-d67dcf240f32@group-C5B73ABBF97B
2021-01-10 13:36:50,811 [Command processor thread] INFO  metrics.RatisMetrics (RatisMetrics.java:unregister(43)) - Unregistering Metrics Registry : ratis.leader_election.0ad6d196-e751-48c8-8ca7-d67dcf240f32@group-C5B73ABBF97B
2021-01-10 13:36:50,811 [Command processor thread] INFO  metrics.RatisMetrics (RatisMetrics.java:unregister(43)) - Unregistering Metrics Registry : ratis.server.0ad6d196-e751-48c8-8ca7-d67dcf240f32@group-C5B73ABBF97B
2021-01-10 13:36:50,811 [Command processor thread] ERROR commandhandler.ClosePipelineCommandHandler (ClosePipelineCommandHandler.java:handle(78)) - Can't close pipeline PipelineID=b3c08616-cf70-4772-8e17-0d998c0963b1
java.io.IOException: b3570078-f6e2-4b7a-8962-99d3351b1084: Group group-0D998C0963B1 not found.
	at org.apache.hadoop.ozone.container.common.transport.server.ratis.XceiverServerRatis.removeGroup(XceiverServerRatis.java:788)
	at org.apache.hadoop.ozone.container.common.statemachine.commandhandler.ClosePipelineCommandHandler.handle(ClosePipelineCommandHandler.java:74)
	at org.apache.hadoop.ozone.container.common.statemachine.commandhandler.CommandDispatcher.handle(CommandDispatcher.java:99)
	at org.apache.hadoop.ozone.container.common.statemachine.DatanodeStateMachine.lambda$initCommandHandlerThread$2(DatanodeStateMachine.java:498)
	at java.lang.Thread.run(Thread.java:748)
Caused by: org.apache.ratis.protocol.exceptions.GroupMismatchException: b3570078-f6e2-4b7a-8962-99d3351b1084: Group group-0D998C0963B1 not found.
	at org.apache.ratis.server.impl.RaftServerProxy.groupRemoveAsync(RaftServerProxy.java:502)
	at org.apache.ratis.server.impl.RaftServerProxy.groupManagementAsync(RaftServerProxy.java:458)
	at org.apache.ratis.server.impl.RaftServerProxy.groupManagement(RaftServerProxy.java:438)
	at org.apache.hadoop.ozone.container.common.transport.server.ratis.XceiverServerRatis.removeGroup(XceiverServerRatis.java:786)
	... 4 more
2021-01-10 13:36:50,811 [Command processor thread] WARN  server.RaftServer (RaftServerProxy.java:remove(101)) - b3570078-f6e2-4b7a-8962-99d3351b1084: does not contain group: group-B5BE2ECB6F3C
2021-01-10 13:36:50,811 [Command processor thread] ERROR commandhandler.ClosePipelineCommandHandler (ClosePipelineCommandHandler.java:handle(78)) - Can't close pipeline PipelineID=1b1f00ab-c54d-4fd5-a7f1-b5be2ecb6f3c
java.io.IOException: b3570078-f6e2-4b7a-8962-99d3351b1084: Group group-B5BE2ECB6F3C not found.
	at org.apache.hadoop.ozone.container.common.transport.server.ratis.XceiverServerRatis.removeGroup(XceiverServerRatis.java:788)
	at org.apache.hadoop.ozone.container.common.statemachine.commandhandler.ClosePipelineCommandHandler.handle(ClosePipelineCommandHandler.java:74)
	at org.apache.hadoop.ozone.container.common.statemachine.commandhandler.CommandDispatcher.handle(CommandDispatcher.java:99)
	at org.apache.hadoop.ozone.container.common.statemachine.DatanodeStateMachine.lambda$initCommandHandlerThread$2(DatanodeStateMachine.java:498)
	at java.lang.Thread.run(Thread.java:748)
Caused by: org.apache.ratis.protocol.exceptions.GroupMismatchException: b3570078-f6e2-4b7a-8962-99d3351b1084: Group group-B5BE2ECB6F3C not found.
	at org.apache.ratis.server.impl.RaftServerProxy.groupRemoveAsync(RaftServerProxy.java:502)
	at org.apache.ratis.server.impl.RaftServerProxy.groupManagementAsync(RaftServerProxy.java:458)
	at org.apache.ratis.server.impl.RaftServerProxy.groupManagement(RaftServerProxy.java:438)
	at org.apache.hadoop.ozone.container.common.transport.server.ratis.XceiverServerRatis.removeGroup(XceiverServerRatis.java:786)
	... 4 more
2021-01-10 13:36:50,811 [Command processor thread] INFO  server.RaftServer$Division (RaftServerImpl.java:groupRemove(375)) - 0ad6d196-e751-48c8-8ca7-d67dcf240f32@group-C5B73ABBF97B: Succeed to remove RaftStorageDirectory Storage Directory /github/workspace/mnt/ozone/hadoop-ozone/integration-test/target/test-dir/MiniOzoneClusterImpl-0ee44e4a-5790-445b-bee5-3ef48b2e27da/datanode-4/data/ratis/9d180bb0-01e7-48f4-bfab-c5b73abbf97b
2021-01-10 13:36:50,812 [Command processor thread] INFO  commandhandler.ClosePipelineCommandHandler (ClosePipelineCommandHandler.java:handle(75)) - Close Pipeline PipelineID=9d180bb0-01e7-48f4-bfab-c5b73abbf97b command on datanode 0ad6d196-e751-48c8-8ca7-d67dcf240f32.
2021-01-10 13:36:50,812 [Command processor thread] WARN  server.RaftServer (RaftServerProxy.java:remove(101)) - b3570078-f6e2-4b7a-8962-99d3351b1084: does not contain group: group-0D998C0963B1
2021-01-10 13:36:50,812 [Command processor thread] ERROR commandhandler.ClosePipelineCommandHandler (ClosePipelineCommandHandler.java:handle(78)) - Can't close pipeline PipelineID=b3c08616-cf70-4772-8e17-0d998c0963b1
java.io.IOException: b3570078-f6e2-4b7a-8962-99d3351b1084: Group group-0D998C0963B1 not found.
	at org.apache.hadoop.ozone.container.common.transport.server.ratis.XceiverServerRatis.removeGroup(XceiverServerRatis.java:788)
	at org.apache.hadoop.ozone.container.common.statemachine.commandhandler.ClosePipelineCommandHandler.handle(ClosePipelineCommandHandler.java:74)
	at org.apache.hadoop.ozone.container.common.statemachine.commandhandler.CommandDispatcher.handle(CommandDispatcher.java:99)
	at org.apache.hadoop.ozone.container.common.statemachine.DatanodeStateMachine.lambda$initCommandHandlerThread$2(DatanodeStateMachine.java:498)
	at java.lang.Thread.run(Thread.java:748)
Caused by: org.apache.ratis.protocol.exceptions.GroupMismatchException: b3570078-f6e2-4b7a-8962-99d3351b1084: Group group-0D998C0963B1 not found.
	at org.apache.ratis.server.impl.RaftServerProxy.groupRemoveAsync(RaftServerProxy.java:502)
	at org.apache.ratis.server.impl.RaftServerProxy.groupManagementAsync(RaftServerProxy.java:458)
	at org.apache.ratis.server.impl.RaftServerProxy.groupManagement(RaftServerProxy.java:438)
	at org.apache.hadoop.ozone.container.common.transport.server.ratis.XceiverServerRatis.removeGroup(XceiverServerRatis.java:786)
	... 4 more
2021-01-10 13:36:50,812 [Command processor thread] WARN  server.RaftServer (RaftServerProxy.java:remove(101)) - b3570078-f6e2-4b7a-8962-99d3351b1084: does not contain group: group-B5BE2ECB6F3C
2021-01-10 13:36:50,812 [Command processor thread] WARN  server.RaftServer (RaftServerProxy.java:remove(101)) - 0ad6d196-e751-48c8-8ca7-d67dcf240f32: does not contain group: group-0D998C0963B1
2021-01-10 13:36:50,812 [Command processor thread] ERROR commandhandler.ClosePipelineCommandHandler (ClosePipelineCommandHandler.java:handle(78)) - Can't close pipeline PipelineID=1b1f00ab-c54d-4fd5-a7f1-b5be2ecb6f3c
java.io.IOException: b3570078-f6e2-4b7a-8962-99d3351b1084: Group group-B5BE2ECB6F3C not found.
	at org.apache.hadoop.ozone.container.common.transport.server.ratis.XceiverServerRatis.removeGroup(XceiverServerRatis.java:788)
	at org.apache.hadoop.ozone.container.common.statemachine.commandhandler.ClosePipelineCommandHandler.handle(ClosePipelineCommandHandler.java:74)
	at org.apache.hadoop.ozone.container.common.statemachine.commandhandler.CommandDispatcher.handle(CommandDispatcher.java:99)
	at org.apache.hadoop.ozone.container.common.statemachine.DatanodeStateMachine.lambda$initCommandHandlerThread$2(DatanodeStateMachine.java:498)
	at java.lang.Thread.run(Thread.java:748)
Caused by: org.apache.ratis.protocol.exceptions.GroupMismatchException: b3570078-f6e2-4b7a-8962-99d3351b1084: Group group-B5BE2ECB6F3C not found.
	at org.apache.ratis.server.impl.RaftServerProxy.groupRemoveAsync(RaftServerProxy.java:502)
	at org.apache.ratis.server.impl.RaftServerProxy.groupManagementAsync(RaftServerProxy.java:458)
	at org.apache.ratis.server.impl.RaftServerProxy.groupManagement(RaftServerProxy.java:438)
	at org.apache.hadoop.ozone.container.common.transport.server.ratis.XceiverServerRatis.removeGroup(XceiverServerRatis.java:786)
	... 4 more
2021-01-10 13:36:50,813 [Command processor thread] ERROR commandhandler.ClosePipelineCommandHandler (ClosePipelineCommandHandler.java:handle(78)) - Can't close pipeline PipelineID=b3c08616-cf70-4772-8e17-0d998c0963b1
java.io.IOException: 0ad6d196-e751-48c8-8ca7-d67dcf240f32: Group group-0D998C0963B1 not found.
	at org.apache.hadoop.ozone.container.common.transport.server.ratis.XceiverServerRatis.removeGroup(XceiverServerRatis.java:788)
	at org.apache.hadoop.ozone.container.common.statemachine.commandhandler.ClosePipelineCommandHandler.handle(ClosePipelineCommandHandler.java:74)
	at org.apache.hadoop.ozone.container.common.statemachine.commandhandler.CommandDispatcher.handle(CommandDispatcher.java:99)
	at org.apache.hadoop.ozone.container.common.statemachine.DatanodeStateMachine.lambda$initCommandHandlerThread$2(DatanodeStateMachine.java:498)
	at java.lang.Thread.run(Thread.java:748)
Caused by: org.apache.ratis.protocol.exceptions.GroupMismatchException: 0ad6d196-e751-48c8-8ca7-d67dcf240f32: Group group-0D998C0963B1 not found.
	at org.apache.ratis.server.impl.RaftServerProxy.groupRemoveAsync(RaftServerProxy.java:502)
	at org.apache.ratis.server.impl.RaftServerProxy.groupManagementAsync(RaftServerProxy.java:458)
	at org.apache.ratis.server.impl.RaftServerProxy.groupManagement(RaftServerProxy.java:438)
	at org.apache.hadoop.ozone.container.common.transport.server.ratis.XceiverServerRatis.removeGroup(XceiverServerRatis.java:786)
	... 4 more
2021-01-10 13:36:50,813 [Command processor thread] WARN  server.RaftServer (RaftServerProxy.java:remove(101)) - 0ad6d196-e751-48c8-8ca7-d67dcf240f32: does not contain group: group-C5B73ABBF97B
2021-01-10 13:36:50,813 [Command processor thread] ERROR commandhandler.ClosePipelineCommandHandler (ClosePipelineCommandHandler.java:handle(78)) - Can't close pipeline PipelineID=9d180bb0-01e7-48f4-bfab-c5b73abbf97b
java.io.IOException: 0ad6d196-e751-48c8-8ca7-d67dcf240f32: Group group-C5B73ABBF97B not found.
	at org.apache.hadoop.ozone.container.common.transport.server.ratis.XceiverServerRatis.removeGroup(XceiverServerRatis.java:788)
	at org.apache.hadoop.ozone.container.common.statemachine.commandhandler.ClosePipelineCommandHandler.handle(ClosePipelineCommandHandler.java:74)
	at org.apache.hadoop.ozone.container.common.statemachine.commandhandler.CommandDispatcher.handle(CommandDispatcher.java:99)
	at org.apache.hadoop.ozone.container.common.statemachine.DatanodeStateMachine.lambda$initCommandHandlerThread$2(DatanodeStateMachine.java:498)
	at java.lang.Thread.run(Thread.java:748)
Caused by: org.apache.ratis.protocol.exceptions.GroupMismatchException: 0ad6d196-e751-48c8-8ca7-d67dcf240f32: Group group-C5B73ABBF97B not found.
	at org.apache.ratis.server.impl.RaftServerProxy.groupRemoveAsync(RaftServerProxy.java:502)
	at org.apache.ratis.server.impl.RaftServerProxy.groupManagementAsync(RaftServerProxy.java:458)
	at org.apache.ratis.server.impl.RaftServerProxy.groupManagement(RaftServerProxy.java:438)
	at org.apache.hadoop.ozone.container.common.transport.server.ratis.XceiverServerRatis.removeGroup(XceiverServerRatis.java:786)
	... 4 more
2021-01-10 13:36:50,813 [Command processor thread] WARN  server.RaftServer (RaftServerProxy.java:remove(101)) - b3570078-f6e2-4b7a-8962-99d3351b1084: does not contain group: group-0D998C0963B1
2021-01-10 13:36:50,814 [Command processor thread] ERROR commandhandler.ClosePipelineCommandHandler (ClosePipelineCommandHandler.java:handle(78)) - Can't close pipeline PipelineID=b3c08616-cf70-4772-8e17-0d998c0963b1
java.io.IOException: b3570078-f6e2-4b7a-8962-99d3351b1084: Group group-0D998C0963B1 not found.
	at org.apache.hadoop.ozone.container.common.transport.server.ratis.XceiverServerRatis.removeGroup(XceiverServerRatis.java:788)
	at org.apache.hadoop.ozone.container.common.statemachine.commandhandler.ClosePipelineCommandHandler.handle(ClosePipelineCommandHandler.java:74)
	at org.apache.hadoop.ozone.container.common.statemachine.commandhandler.CommandDispatcher.handle(CommandDispatcher.java:99)
	at org.apache.hadoop.ozone.container.common.statemachine.DatanodeStateMachine.lambda$initCommandHandlerThread$2(DatanodeStateMachine.java:498)
	at java.lang.Thread.run(Thread.java:748)
Caused by: org.apache.ratis.protocol.exceptions.GroupMismatchException: b3570078-f6e2-4b7a-8962-99d3351b1084: Group group-0D998C0963B1 not found.
	at org.apache.ratis.server.impl.RaftServerProxy.groupRemoveAsync(RaftServerProxy.java:502)
	at org.apache.ratis.server.impl.RaftServerProxy.groupManagementAsync(RaftServerProxy.java:458)
	at org.apache.ratis.server.impl.RaftServerProxy.groupManagement(RaftServerProxy.java:438)
	at org.apache.hadoop.ozone.container.common.transport.server.ratis.XceiverServerRatis.removeGroup(XceiverServerRatis.java:786)
	... 4 more
2021-01-10 13:36:50,814 [Command processor thread] WARN  server.RaftServer (RaftServerProxy.java:remove(101)) - b3570078-f6e2-4b7a-8962-99d3351b1084: does not contain group: group-B5BE2ECB6F3C
2021-01-10 13:36:50,814 [Command processor thread] WARN  server.RaftServer (RaftServerProxy.java:remove(101)) - 0ad6d196-e751-48c8-8ca7-d67dcf240f32: does not contain group: group-0D998C0963B1
2021-01-10 13:36:50,814 [Command processor thread] ERROR commandhandler.ClosePipelineCommandHandler (ClosePipelineCommandHandler.java:handle(78)) - Can't close pipeline PipelineID=1b1f00ab-c54d-4fd5-a7f1-b5be2ecb6f3c
java.io.IOException: b3570078-f6e2-4b7a-8962-99d3351b1084: Group group-B5BE2ECB6F3C not found.
	at org.apache.hadoop.ozone.container.common.transport.server.ratis.XceiverServerRatis.removeGroup(XceiverServerRatis.java:788)
	at org.apache.hadoop.ozone.container.common.statemachine.commandhandler.ClosePipelineCommandHandler.handle(ClosePipelineCommandHandler.java:74)
	at org.apache.hadoop.ozone.container.common.statemachine.commandhandler.CommandDispatcher.handle(CommandDispatcher.java:99)
	at org.apache.hadoop.ozone.container.common.statemachine.DatanodeStateMachine.lambda$initCommandHandlerThread$2(DatanodeStateMachine.java:498)
	at java.lang.Thread.run(Thread.java:748)
Caused by: org.apache.ratis.protocol.exceptions.GroupMismatchException: b3570078-f6e2-4b7a-8962-99d3351b1084: Group group-B5BE2ECB6F3C not found.
	at org.apache.ratis.server.impl.RaftServerProxy.groupRemoveAsync(RaftServerProxy.java:502)
	at org.apache.ratis.server.impl.RaftServerProxy.groupManagementAsync(RaftServerProxy.java:458)
	at org.apache.ratis.server.impl.RaftServerProxy.groupManagement(RaftServerProxy.java:438)
	at org.apache.hadoop.ozone.container.common.transport.server.ratis.XceiverServerRatis.removeGroup(XceiverServerRatis.java:786)
	... 4 more
2021-01-10 13:36:50,814 [Command processor thread] ERROR commandhandler.ClosePipelineCommandHandler (ClosePipelineCommandHandler.java:handle(78)) - Can't close pipeline PipelineID=b3c08616-cf70-4772-8e17-0d998c0963b1
java.io.IOException: 0ad6d196-e751-48c8-8ca7-d67dcf240f32: Group group-0D998C0963B1 not found.
	at org.apache.hadoop.ozone.container.common.transport.server.ratis.XceiverServerRatis.removeGroup(XceiverServerRatis.java:788)
	at org.apache.hadoop.ozone.container.common.statemachine.commandhandler.ClosePipelineCommandHandler.handle(ClosePipelineCommandHandler.java:74)
	at org.apache.hadoop.ozone.container.common.statemachine.commandhandler.CommandDispatcher.handle(CommandDispatcher.java:99)
	at org.apache.hadoop.ozone.container.common.statemachine.DatanodeStateMachine.lambda$initCommandHandlerThread$2(DatanodeStateMachine.java:498)
	at java.lang.Thread.run(Thread.java:748)
Caused by: org.apache.ratis.protocol.exceptions.GroupMismatchException: 0ad6d196-e751-48c8-8ca7-d67dcf240f32: Group group-0D998C0963B1 not found.
	at org.apache.ratis.server.impl.RaftServerProxy.groupRemoveAsync(RaftServerProxy.java:502)
	at org.apache.ratis.server.impl.RaftServerProxy.groupManagementAsync(RaftServerProxy.java:458)
	at org.apache.ratis.server.impl.RaftServerProxy.groupManagement(RaftServerProxy.java:438)
	at org.apache.hadoop.ozone.container.common.transport.server.ratis.XceiverServerRatis.removeGroup(XceiverServerRatis.java:786)
	... 4 more
2021-01-10 13:36:50,814 [Command processor thread] WARN  server.RaftServer (RaftServerProxy.java:remove(101)) - 0ad6d196-e751-48c8-8ca7-d67dcf240f32: does not contain group: group-C5B73ABBF97B
2021-01-10 13:36:50,814 [Command processor thread] ERROR commandhandler.ClosePipelineCommandHandler (ClosePipelineCommandHandler.java:handle(78)) - Can't close pipeline PipelineID=9d180bb0-01e7-48f4-bfab-c5b73abbf97b
java.io.IOException: 0ad6d196-e751-48c8-8ca7-d67dcf240f32: Group group-C5B73ABBF97B not found.
	at org.apache.hadoop.ozone.container.common.transport.server.ratis.XceiverServerRatis.removeGroup(XceiverServerRatis.java:788)
	at org.apache.hadoop.ozone.container.common.statemachine.commandhandler.ClosePipelineCommandHandler.handle(ClosePipelineCommandHandler.java:74)
	at org.apache.hadoop.ozone.container.common.statemachine.commandhandler.CommandDispatcher.handle(CommandDispatcher.java:99)
	at org.apache.hadoop.ozone.container.common.statemachine.DatanodeStateMachine.lambda$initCommandHandlerThread$2(DatanodeStateMachine.java:498)
	at java.lang.Thread.run(Thread.java:748)
Caused by: org.apache.ratis.protocol.exceptions.GroupMismatchException: 0ad6d196-e751-48c8-8ca7-d67dcf240f32: Group group-C5B73ABBF97B not found.
	at org.apache.ratis.server.impl.RaftServerProxy.groupRemoveAsync(RaftServerProxy.java:502)
	at org.apache.ratis.server.impl.RaftServerProxy.groupManagementAsync(RaftServerProxy.java:458)
	at org.apache.ratis.server.impl.RaftServerProxy.groupManagement(RaftServerProxy.java:438)
	at org.apache.hadoop.ozone.container.common.transport.server.ratis.XceiverServerRatis.removeGroup(XceiverServerRatis.java:786)
	... 4 more
2021-01-10 13:36:50,815 [Command processor thread] WARN  server.RaftServer (RaftServerProxy.java:remove(101)) - b3570078-f6e2-4b7a-8962-99d3351b1084: does not contain group: group-0D998C0963B1
2021-01-10 13:36:50,816 [Command processor thread] WARN  server.RaftServer (RaftServerProxy.java:remove(101)) - 0ad6d196-e751-48c8-8ca7-d67dcf240f32: does not contain group: group-0D998C0963B1
2021-01-10 13:36:50,817 [Command processor thread] ERROR commandhandler.ClosePipelineCommandHandler (ClosePipelineCommandHandler.java:handle(78)) - Can't close pipeline PipelineID=b3c08616-cf70-4772-8e17-0d998c0963b1
java.io.IOException: 0ad6d196-e751-48c8-8ca7-d67dcf240f32: Group group-0D998C0963B1 not found.
	at org.apache.hadoop.ozone.container.common.transport.server.ratis.XceiverServerRatis.removeGroup(XceiverServerRatis.java:788)
	at org.apache.hadoop.ozone.container.common.statemachine.commandhandler.ClosePipelineCommandHandler.handle(ClosePipelineCommandHandler.java:74)
	at org.apache.hadoop.ozone.container.common.statemachine.commandhandler.CommandDispatcher.handle(CommandDispatcher.java:99)
	at org.apache.hadoop.ozone.container.common.statemachine.DatanodeStateMachine.lambda$initCommandHandlerThread$2(DatanodeStateMachine.java:498)
	at java.lang.Thread.run(Thread.java:748)
Caused by: org.apache.ratis.protocol.exceptions.GroupMismatchException: 0ad6d196-e751-48c8-8ca7-d67dcf240f32: Group group-0D998C0963B1 not found.
	at org.apache.ratis.server.impl.RaftServerProxy.groupRemoveAsync(RaftServerProxy.java:502)
	at org.apache.ratis.server.impl.RaftServerProxy.groupManagementAsync(RaftServerProxy.java:458)
	at org.apache.ratis.server.impl.RaftServerProxy.groupManagement(RaftServerProxy.java:438)
	at org.apache.hadoop.ozone.container.common.transport.server.ratis.XceiverServerRatis.removeGroup(XceiverServerRatis.java:786)
	... 4 more
2021-01-10 13:36:50,817 [Command processor thread] WARN  server.RaftServer (RaftServerProxy.java:remove(101)) - 0ad6d196-e751-48c8-8ca7-d67dcf240f32: does not contain group: group-C5B73ABBF97B
2021-01-10 13:36:50,817 [Command processor thread] ERROR commandhandler.ClosePipelineCommandHandler (ClosePipelineCommandHandler.java:handle(78)) - Can't close pipeline PipelineID=b3c08616-cf70-4772-8e17-0d998c0963b1
java.io.IOException: b3570078-f6e2-4b7a-8962-99d3351b1084: Group group-0D998C0963B1 not found.
	at org.apache.hadoop.ozone.container.common.transport.server.ratis.XceiverServerRatis.removeGroup(XceiverServerRatis.java:788)
	at org.apache.hadoop.ozone.container.common.statemachine.commandhandler.ClosePipelineCommandHandler.handle(ClosePipelineCommandHandler.java:74)
	at org.apache.hadoop.ozone.container.common.statemachine.commandhandler.CommandDispatcher.handle(CommandDispatcher.java:99)
	at org.apache.hadoop.ozone.container.common.statemachine.DatanodeStateMachine.lambda$initCommandHandlerThread$2(DatanodeStateMachine.java:498)
	at java.lang.Thread.run(Thread.java:748)
Caused by: org.apache.ratis.protocol.exceptions.GroupMismatchException: b3570078-f6e2-4b7a-8962-99d3351b1084: Group group-0D998C0963B1 not found.
	at org.apache.ratis.server.impl.RaftServerProxy.groupRemoveAsync(RaftServerProxy.java:502)
	at org.apache.ratis.server.impl.RaftServerProxy.groupManagementAsync(RaftServerProxy.java:458)
	at org.apache.ratis.server.impl.RaftServerProxy.groupManagement(RaftServerProxy.java:438)
	at org.apache.hadoop.ozone.container.common.transport.server.ratis.XceiverServerRatis.removeGroup(XceiverServerRatis.java:786)
	... 4 more
2021-01-10 13:36:50,817 [Command processor thread] ERROR commandhandler.ClosePipelineCommandHandler (ClosePipelineCommandHandler.java:handle(78)) - Can't close pipeline PipelineID=9d180bb0-01e7-48f4-bfab-c5b73abbf97b
java.io.IOException: 0ad6d196-e751-48c8-8ca7-d67dcf240f32: Group group-C5B73ABBF97B not found.
	at org.apache.hadoop.ozone.container.common.transport.server.ratis.XceiverServerRatis.removeGroup(XceiverServerRatis.java:788)
	at org.apache.hadoop.ozone.container.common.statemachine.commandhandler.ClosePipelineCommandHandler.handle(ClosePipelineCommandHandler.java:74)
	at org.apache.hadoop.ozone.container.common.statemachine.commandhandler.CommandDispatcher.handle(CommandDispatcher.java:99)
	at org.apache.hadoop.ozone.container.common.statemachine.DatanodeStateMachine.lambda$initCommandHandlerThread$2(DatanodeStateMachine.java:498)
	at java.lang.Thread.run(Thread.java:748)
Caused by: org.apache.ratis.protocol.exceptions.GroupMismatchException: 0ad6d196-e751-48c8-8ca7-d67dcf240f32: Group group-C5B73ABBF97B not found.
	at org.apache.ratis.server.impl.RaftServerProxy.groupRemoveAsync(RaftServerProxy.java:502)
	at org.apache.ratis.server.impl.RaftServerProxy.groupManagementAsync(RaftServerProxy.java:458)
	at org.apache.ratis.server.impl.RaftServerProxy.groupManagement(RaftServerProxy.java:438)
	at org.apache.hadoop.ozone.container.common.transport.server.ratis.XceiverServerRatis.removeGroup(XceiverServerRatis.java:786)
	... 4 more
2021-01-10 13:36:50,818 [Command processor thread] WARN  server.RaftServer (RaftServerProxy.java:remove(101)) - b3570078-f6e2-4b7a-8962-99d3351b1084: does not contain group: group-B5BE2ECB6F3C
2021-01-10 13:36:50,818 [Command processor thread] ERROR commandhandler.ClosePipelineCommandHandler (ClosePipelineCommandHandler.java:handle(78)) - Can't close pipeline PipelineID=1b1f00ab-c54d-4fd5-a7f1-b5be2ecb6f3c
java.io.IOException: b3570078-f6e2-4b7a-8962-99d3351b1084: Group group-B5BE2ECB6F3C not found.
	at org.apache.hadoop.ozone.container.common.transport.server.ratis.XceiverServerRatis.removeGroup(XceiverServerRatis.java:788)
	at org.apache.hadoop.ozone.container.common.statemachine.commandhandler.ClosePipelineCommandHandler.handle(ClosePipelineCommandHandler.java:74)
	at org.apache.hadoop.ozone.container.common.statemachine.commandhandler.CommandDispatcher.handle(CommandDispatcher.java:99)
	at org.apache.hadoop.ozone.container.common.statemachine.DatanodeStateMachine.lambda$initCommandHandlerThread$2(DatanodeStateMachine.java:498)
	at java.lang.Thread.run(Thread.java:748)
Caused by: org.apache.ratis.protocol.exceptions.GroupMismatchException: b3570078-f6e2-4b7a-8962-99d3351b1084: Group group-B5BE2ECB6F3C not found.
	at org.apache.ratis.server.impl.RaftServerProxy.groupRemoveAsync(RaftServerProxy.java:502)
	at org.apache.ratis.server.impl.RaftServerProxy.groupManagementAsync(RaftServerProxy.java:458)
	at org.apache.ratis.server.impl.RaftServerProxy.groupManagement(RaftServerProxy.java:438)
	at org.apache.hadoop.ozone.container.common.transport.server.ratis.XceiverServerRatis.removeGroup(XceiverServerRatis.java:786)
	... 4 more
2021-01-10 13:36:50,818 [Command processor thread] WARN  server.RaftServer (RaftServerProxy.java:remove(101)) - 0ad6d196-e751-48c8-8ca7-d67dcf240f32: does not contain group: group-0D998C0963B1
2021-01-10 13:36:50,818 [Command processor thread] ERROR commandhandler.ClosePipelineCommandHandler (ClosePipelineCommandHandler.java:handle(78)) - Can't close pipeline PipelineID=b3c08616-cf70-4772-8e17-0d998c0963b1
java.io.IOException: 0ad6d196-e751-48c8-8ca7-d67dcf240f32: Group group-0D998C0963B1 not found.
	at org.apache.hadoop.ozone.container.common.transport.server.ratis.XceiverServerRatis.removeGroup(XceiverServerRatis.java:788)
	at org.apache.hadoop.ozone.container.common.statemachine.commandhandler.ClosePipelineCommandHandler.handle(ClosePipelineCommandHandler.java:74)
	at org.apache.hadoop.ozone.container.common.statemachine.commandhandler.CommandDispatcher.handle(CommandDispatcher.java:99)
	at org.apache.hadoop.ozone.container.common.statemachine.DatanodeStateMachine.lambda$initCommandHandlerThread$2(DatanodeStateMachine.java:498)
	at java.lang.Thread.run(Thread.java:748)
Caused by: org.apache.ratis.protocol.exceptions.GroupMismatchException: 0ad6d196-e751-48c8-8ca7-d67dcf240f32: Group group-0D998C0963B1 not found.
	at org.apache.ratis.server.impl.RaftServerProxy.groupRemoveAsync(RaftServerProxy.java:502)
	at org.apache.ratis.server.impl.RaftServerProxy.groupManagementAsync(RaftServerProxy.java:458)
	at org.apache.ratis.server.impl.RaftServerProxy.groupManagement(RaftServerProxy.java:438)
	at org.apache.hadoop.ozone.container.common.transport.server.ratis.XceiverServerRatis.removeGroup(XceiverServerRatis.java:786)
	... 4 more
2021-01-10 13:36:50,819 [Command processor thread] WARN  server.RaftServer (RaftServerProxy.java:remove(101)) - 0ad6d196-e751-48c8-8ca7-d67dcf240f32: does not contain group: group-C5B73ABBF97B
2021-01-10 13:36:50,819 [Command processor thread] ERROR commandhandler.ClosePipelineCommandHandler (ClosePipelineCommandHandler.java:handle(78)) - Can't close pipeline PipelineID=9d180bb0-01e7-48f4-bfab-c5b73abbf97b
java.io.IOException: 0ad6d196-e751-48c8-8ca7-d67dcf240f32: Group group-C5B73ABBF97B not found.
	at org.apache.hadoop.ozone.container.common.transport.server.ratis.XceiverServerRatis.removeGroup(XceiverServerRatis.java:788)
	at org.apache.hadoop.ozone.container.common.statemachine.commandhandler.ClosePipelineCommandHandler.handle(ClosePipelineCommandHandler.java:74)
	at org.apache.hadoop.ozone.container.common.statemachine.commandhandler.CommandDispatcher.handle(CommandDispatcher.java:99)
	at org.apache.hadoop.ozone.container.common.statemachine.DatanodeStateMachine.lambda$initCommandHandlerThread$2(DatanodeStateMachine.java:498)
	at java.lang.Thread.run(Thread.java:748)
Caused by: org.apache.ratis.protocol.exceptions.GroupMismatchException: 0ad6d196-e751-48c8-8ca7-d67dcf240f32: Group group-C5B73ABBF97B not found.
	at org.apache.ratis.server.impl.RaftServerProxy.groupRemoveAsync(RaftServerProxy.java:502)
	at org.apache.ratis.server.impl.RaftServerProxy.groupManagementAsync(RaftServerProxy.java:458)
	at org.apache.ratis.server.impl.RaftServerProxy.groupManagement(RaftServerProxy.java:438)
	at org.apache.hadoop.ozone.container.common.transport.server.ratis.XceiverServerRatis.removeGroup(XceiverServerRatis.java:786)
	... 4 more
2021-01-10 13:36:50,819 [Command processor thread] WARN  server.RaftServer (RaftServerProxy.java:remove(101)) - b3570078-f6e2-4b7a-8962-99d3351b1084: does not contain group: group-0D998C0963B1
2021-01-10 13:36:50,819 [Command processor thread] ERROR commandhandler.ClosePipelineCommandHandler (ClosePipelineCommandHandler.java:handle(78)) - Can't close pipeline PipelineID=b3c08616-cf70-4772-8e17-0d998c0963b1
java.io.IOException: b3570078-f6e2-4b7a-8962-99d3351b1084: Group group-0D998C0963B1 not found.
	at org.apache.hadoop.ozone.container.common.transport.server.ratis.XceiverServerRatis.removeGroup(XceiverServerRatis.java:788)
	at org.apache.hadoop.ozone.container.common.statemachine.commandhandler.ClosePipelineCommandHandler.handle(ClosePipelineCommandHandler.java:74)
	at org.apache.hadoop.ozone.container.common.statemachine.commandhandler.CommandDispatcher.handle(CommandDispatcher.java:99)
	at org.apache.hadoop.ozone.container.common.statemachine.DatanodeStateMachine.lambda$initCommandHandlerThread$2(DatanodeStateMachine.java:498)
	at java.lang.Thread.run(Thread.java:748)
Caused by: org.apache.ratis.protocol.exceptions.GroupMismatchException: b3570078-f6e2-4b7a-8962-99d3351b1084: Group group-0D998C0963B1 not found.
	at org.apache.ratis.server.impl.RaftServerProxy.groupRemoveAsync(RaftServerProxy.java:502)
	at org.apache.ratis.server.impl.RaftServerProxy.groupManagementAsync(RaftServerProxy.java:458)
	at org.apache.ratis.server.impl.RaftServerProxy.groupManagement(RaftServerProxy.java:438)
	at org.apache.hadoop.ozone.container.common.transport.server.ratis.XceiverServerRatis.removeGroup(XceiverServerRatis.java:786)
	... 4 more
2021-01-10 13:36:50,819 [Command processor thread] WARN  server.RaftServer (RaftServerProxy.java:remove(101)) - b3570078-f6e2-4b7a-8962-99d3351b1084: does not contain group: group-B5BE2ECB6F3C
2021-01-10 13:36:50,819 [Command processor thread] WARN  server.RaftServer (RaftServerProxy.java:remove(101)) - 0ad6d196-e751-48c8-8ca7-d67dcf240f32: does not contain group: group-0D998C0963B1
2021-01-10 13:36:50,820 [Command processor thread] ERROR commandhandler.ClosePipelineCommandHandler (ClosePipelineCommandHandler.java:handle(78)) - Can't close pipeline PipelineID=1b1f00ab-c54d-4fd5-a7f1-b5be2ecb6f3c
java.io.IOException: b3570078-f6e2-4b7a-8962-99d3351b1084: Group group-B5BE2ECB6F3C not found.
	at org.apache.hadoop.ozone.container.common.transport.server.ratis.XceiverServerRatis.removeGroup(XceiverServerRatis.java:788)
	at org.apache.hadoop.ozone.container.common.statemachine.commandhandler.ClosePipelineCommandHandler.handle(ClosePipelineCommandHandler.java:74)
	at org.apache.hadoop.ozone.container.common.statemachine.commandhandler.CommandDispatcher.handle(CommandDispatcher.java:99)
	at org.apache.hadoop.ozone.container.common.statemachine.DatanodeStateMachine.lambda$initCommandHandlerThread$2(DatanodeStateMachine.java:498)
	at java.lang.Thread.run(Thread.java:748)
Caused by: org.apache.ratis.protocol.exceptions.GroupMismatchException: b3570078-f6e2-4b7a-8962-99d3351b1084: Group group-B5BE2ECB6F3C not found.
	at org.apache.ratis.server.impl.RaftServerProxy.groupRemoveAsync(RaftServerProxy.java:502)
	at org.apache.ratis.server.impl.RaftServerProxy.groupManagementAsync(RaftServerProxy.java:458)
	at org.apache.ratis.server.impl.RaftServerProxy.groupManagement(RaftServerProxy.java:438)
	at org.apache.hadoop.ozone.container.common.transport.server.ratis.XceiverServerRatis.removeGroup(XceiverServerRatis.java:786)
	... 4 more
2021-01-10 13:36:50,820 [Command processor thread] ERROR commandhandler.ClosePipelineCommandHandler (ClosePipelineCommandHandler.java:handle(78)) - Can't close pipeline PipelineID=b3c08616-cf70-4772-8e17-0d998c0963b1
java.io.IOException: 0ad6d196-e751-48c8-8ca7-d67dcf240f32: Group group-0D998C0963B1 not found.
	at org.apache.hadoop.ozone.container.common.transport.server.ratis.XceiverServerRatis.removeGroup(XceiverServerRatis.java:788)
	at org.apache.hadoop.ozone.container.common.statemachine.commandhandler.ClosePipelineCommandHandler.handle(ClosePipelineCommandHandler.java:74)
	at org.apache.hadoop.ozone.container.common.statemachine.commandhandler.CommandDispatcher.handle(CommandDispatcher.java:99)
	at org.apache.hadoop.ozone.container.common.statemachine.DatanodeStateMachine.lambda$initCommandHandlerThread$2(DatanodeStateMachine.java:498)
	at java.lang.Thread.run(Thread.java:748)
Caused by: org.apache.ratis.protocol.exceptions.GroupMismatchException: 0ad6d196-e751-48c8-8ca7-d67dcf240f32: Group group-0D998C0963B1 not found.
	at org.apache.ratis.server.impl.RaftServerProxy.groupRemoveAsync(RaftServerProxy.java:502)
	at org.apache.ratis.server.impl.RaftServerProxy.groupManagementAsync(RaftServerProxy.java:458)
	at org.apache.ratis.server.impl.RaftServerProxy.groupManagement(RaftServerProxy.java:438)
	at org.apache.hadoop.ozone.container.common.transport.server.ratis.XceiverServerRatis.removeGroup(XceiverServerRatis.java:786)
	... 4 more
2021-01-10 13:36:50,820 [Command processor thread] WARN  server.RaftServer (RaftServerProxy.java:remove(101)) - 0ad6d196-e751-48c8-8ca7-d67dcf240f32: does not contain group: group-C5B73ABBF97B
2021-01-10 13:36:50,820 [Command processor thread] ERROR commandhandler.ClosePipelineCommandHandler (ClosePipelineCommandHandler.java:handle(78)) - Can't close pipeline PipelineID=9d180bb0-01e7-48f4-bfab-c5b73abbf97b
java.io.IOException: 0ad6d196-e751-48c8-8ca7-d67dcf240f32: Group group-C5B73ABBF97B not found.
	at org.apache.hadoop.ozone.container.common.transport.server.ratis.XceiverServerRatis.removeGroup(XceiverServerRatis.java:788)
	at org.apache.hadoop.ozone.container.common.statemachine.commandhandler.ClosePipelineCommandHandler.handle(ClosePipelineCommandHandler.java:74)
	at org.apache.hadoop.ozone.container.common.statemachine.commandhandler.CommandDispatcher.handle(CommandDispatcher.java:99)
	at org.apache.hadoop.ozone.container.common.statemachine.DatanodeStateMachine.lambda$initCommandHandlerThread$2(DatanodeStateMachine.java:498)
	at java.lang.Thread.run(Thread.java:748)
Caused by: org.apache.ratis.protocol.exceptions.GroupMismatchException: 0ad6d196-e751-48c8-8ca7-d67dcf240f32: Group group-C5B73ABBF97B not found.
	at org.apache.ratis.server.impl.RaftServerProxy.groupRemoveAsync(RaftServerProxy.java:502)
	at org.apache.ratis.server.impl.RaftServerProxy.groupManagementAsync(RaftServerProxy.java:458)
	at org.apache.ratis.server.impl.RaftServerProxy.groupManagement(RaftServerProxy.java:438)
	at org.apache.hadoop.ozone.container.common.transport.server.ratis.XceiverServerRatis.removeGroup(XceiverServerRatis.java:786)
	... 4 more
2021-01-10 13:36:51,098 [DatanodeAdminManager-0] INFO  node.DatanodeAdminMonitorImpl (DatanodeAdminMonitorImpl.java:run(136)) - There are 3 nodes tracked for decommission and maintenance. 0 pending nodes.
2021-01-10 13:36:51,760 [Command processor thread] INFO  server.RaftServer (RaftServerProxy.java:remove(106)) - 2f093e54-b728-4a2a-9239-b3f8c2a2e755: remove  FOLLOWER 2f093e54-b728-4a2a-9239-b3f8c2a2e755@group-0D998C0963B1:t1, leader=0ad6d196-e751-48c8-8ca7-d67dcf240f32, voted=0ad6d196-e751-48c8-8ca7-d67dcf240f32, raftlog=2f093e54-b728-4a2a-9239-b3f8c2a2e755@group-0D998C0963B1-SegmentedRaftLog:OPENED:c7,f7,i7, conf=0: [b3570078-f6e2-4b7a-8962-99d3351b1084|rpc:172.17.0.2:45597|dataStream:|priority:0, 0ad6d196-e751-48c8-8ca7-d67dcf240f32|rpc:172.17.0.2:38183|dataStream:|priority:1, 2f093e54-b728-4a2a-9239-b3f8c2a2e755|rpc:172.17.0.2:36353|dataStream:|priority:0], old=null RUNNING
2021-01-10 13:36:51,760 [Command processor thread] INFO  server.RaftServer$Division (RaftServerImpl.java:lambda$close$4(405)) - 2f093e54-b728-4a2a-9239-b3f8c2a2e755@group-0D998C0963B1: shutdown
2021-01-10 13:36:51,760 [IPC Server handler 16 on default port 45713] INFO  node.SCMNodeManager (SCMNodeManager.java:updateDatanodeOpState(419)) - Scheduling a command to update the operationalState persisted on the datanode as the reported value (IN_SERVICE, 0) does not match the value stored in SCM (ENTERING_MAINTENANCE, 0)
2021-01-10 13:36:51,760 [Command processor thread] INFO  util.JmxRegister (JmxRegister.java:unregister(73)) - Successfully un-registered JMX Bean with object name Ratis:service=RaftServer,group=group-0D998C0963B1,id=2f093e54-b728-4a2a-9239-b3f8c2a2e755
2021-01-10 13:36:51,763 [Command processor thread] INFO  impl.RoleInfo (RoleInfo.java:shutdownFollowerState(108)) - 2f093e54-b728-4a2a-9239-b3f8c2a2e755: shutdown 2f093e54-b728-4a2a-9239-b3f8c2a2e755@group-0D998C0963B1-FollowerState
2021-01-10 13:36:51,763 [Command processor thread] INFO  impl.StateMachineUpdater (StateMachineUpdater.java:stopAndJoin(148)) - 2f093e54-b728-4a2a-9239-b3f8c2a2e755@group-0D998C0963B1-StateMachineUpdater: set stopIndex = 7
2021-01-10 13:36:51,763 [Thread-1111] INFO  impl.FollowerState (FollowerState.java:run(142)) - 2f093e54-b728-4a2a-9239-b3f8c2a2e755@group-0D998C0963B1-FollowerState was interrupted: {}
java.lang.InterruptedException: sleep interrupted
	at java.lang.Thread.sleep(Native Method)
	at java.lang.Thread.sleep(Thread.java:340)
	at java.util.concurrent.TimeUnit.sleep(TimeUnit.java:386)
	at org.apache.ratis.util.TimeDuration.sleep(TimeDuration.java:324)
	at org.apache.ratis.util.TimeDuration.sleep(TimeDuration.java:309)
	at org.apache.ratis.server.impl.FollowerState.run(FollowerState.java:117)
2021-01-10 13:36:51,763 [2f093e54-b728-4a2a-9239-b3f8c2a2e755@group-0D998C0963B1-StateMachineUpdater] INFO  ratis.ContainerStateMachine (ContainerStateMachine.java:takeSnapshot(291)) - group-0D998C0963B1: Taking a snapshot at:(t:1, i:7) file /github/workspace/mnt/ozone/hadoop-ozone/integration-test/target/test-dir/MiniOzoneClusterImpl-0ee44e4a-5790-445b-bee5-3ef48b2e27da/datanode-5/data/ratis/b3c08616-cf70-4772-8e17-0d998c0963b1/sm/snapshot.1_7
2021-01-10 13:36:51,765 [2f093e54-b728-4a2a-9239-b3f8c2a2e755@group-0D998C0963B1-StateMachineUpdater] INFO  ratis.ContainerStateMachine (ContainerStateMachine.java:takeSnapshot(302)) - group-0D998C0963B1: Finished taking a snapshot at:(t:1, i:7) file:/github/workspace/mnt/ozone/hadoop-ozone/integration-test/target/test-dir/MiniOzoneClusterImpl-0ee44e4a-5790-445b-bee5-3ef48b2e27da/datanode-5/data/ratis/b3c08616-cf70-4772-8e17-0d998c0963b1/sm/snapshot.1_7 took: 2 ms
2021-01-10 13:36:51,765 [2f093e54-b728-4a2a-9239-b3f8c2a2e755@group-0D998C0963B1-StateMachineUpdater] INFO  impl.StateMachineUpdater (StateMachineUpdater.java:takeSnapshot(279)) - 2f093e54-b728-4a2a-9239-b3f8c2a2e755@group-0D998C0963B1-StateMachineUpdater: Took a snapshot at index 7
2021-01-10 13:36:51,765 [2f093e54-b728-4a2a-9239-b3f8c2a2e755@group-0D998C0963B1-StateMachineUpdater] INFO  impl.StateMachineUpdater (StateMachineUpdater.java:lambda$new$0(88)) - 2f093e54-b728-4a2a-9239-b3f8c2a2e755@group-0D998C0963B1-StateMachineUpdater: snapshotIndex: updateIncreasingly -1 -> 7
2021-01-10 13:36:51,765 [2f093e54-b728-4a2a-9239-b3f8c2a2e755@group-0D998C0963B1-StateMachineUpdater] INFO  metrics.RatisMetrics (RatisMetrics.java:unregister(43)) - Unregistering Metrics Registry : ratis.state_machine.2f093e54-b728-4a2a-9239-b3f8c2a2e755@group-0D998C0963B1
2021-01-10 13:36:51,766 [Command processor thread] INFO  server.RaftServer$Division (ServerState.java:close(400)) - 2f093e54-b728-4a2a-9239-b3f8c2a2e755@group-0D998C0963B1: closes. applyIndex: 7
2021-01-10 13:36:51,766 [2f093e54-b728-4a2a-9239-b3f8c2a2e755@group-0D998C0963B1-SegmentedRaftLogWorker] INFO  segmented.SegmentedRaftLogWorker (SegmentedRaftLogWorker.java:run(326)) - 2f093e54-b728-4a2a-9239-b3f8c2a2e755@group-0D998C0963B1-SegmentedRaftLogWorker was interrupted, exiting. There are 0 tasks remaining in the queue.
2021-01-10 13:36:51,766 [Command processor thread] INFO  segmented.SegmentedRaftLogWorker (SegmentedRaftLogWorker.java:close(236)) - 2f093e54-b728-4a2a-9239-b3f8c2a2e755@group-0D998C0963B1-SegmentedRaftLogWorker close()
2021-01-10 13:36:51,768 [Command processor thread] INFO  metrics.RatisMetrics (RatisMetrics.java:unregister(43)) - Unregistering Metrics Registry : ratis.log_worker.2f093e54-b728-4a2a-9239-b3f8c2a2e755@group-0D998C0963B1
2021-01-10 13:36:51,768 [Command processor thread] INFO  metrics.RatisMetrics (RatisMetrics.java:unregister(43)) - Unregistering Metrics Registry : ratis.leader_election.2f093e54-b728-4a2a-9239-b3f8c2a2e755@group-0D998C0963B1
2021-01-10 13:36:51,768 [Command processor thread] INFO  metrics.RatisMetrics (RatisMetrics.java:unregister(43)) - Unregistering Metrics Registry : ratis.server.2f093e54-b728-4a2a-9239-b3f8c2a2e755@group-0D998C0963B1
2021-01-10 13:36:51,772 [Command processor thread] INFO  keyvalue.KeyValueContainer (KeyValueContainer.java:flushAndSyncDB(388)) - Container 4 is synced with bcsId 2.
2021-01-10 13:36:51,772 [Command processor thread] INFO  keyvalue.KeyValueContainer (KeyValueContainer.java:flushAndSyncDB(388)) - Container 4 is synced with bcsId 2.
2021-01-10 13:36:51,772 [IPC Server handler 0 on default port 45713] INFO  node.SCMNodeManager (SCMNodeManager.java:updateDatanodeOpState(419)) - Scheduling a command to update the operationalState persisted on the datanode as the reported value (IN_SERVICE, 0) does not match the value stored in SCM (ENTERING_MAINTENANCE, 0)
2021-01-10 13:36:51,774 [IPC Server handler 1 on default port 45713] INFO  node.SCMNodeManager (SCMNodeManager.java:updateDatanodeOpState(419)) - Scheduling a command to update the operationalState persisted on the datanode as the reported value (IN_SERVICE, 0) does not match the value stored in SCM (ENTERING_MAINTENANCE, 0)
2021-01-10 13:36:51,775 [ReplicationMonitor] INFO  container.ReplicationManager (ReplicationManager.java:sendCloseCommand(948)) - Sending close container command for container #5 to datanode 2f093e54-b728-4a2a-9239-b3f8c2a2e755{ip: 172.17.0.2, host: c2cea8100722, networkLocation: /default-rack, certSerialId: null, persistedOpState: IN_SERVICE, persistedOpStateExpiryEpochSec: 0}.
2021-01-10 13:36:51,775 [ReplicationMonitor] INFO  container.ReplicationManager (ReplicationManager.java:sendCloseCommand(948)) - Sending close container command for container #5 to datanode b3570078-f6e2-4b7a-8962-99d3351b1084{ip: 172.17.0.2, host: c2cea8100722, networkLocation: /default-rack, certSerialId: null, persistedOpState: IN_SERVICE, persistedOpStateExpiryEpochSec: 0}.
2021-01-10 13:36:51,775 [ReplicationMonitor] INFO  container.ReplicationManager (ReplicationManager.java:sendCloseCommand(948)) - Sending close container command for container #4 to datanode 0ad6d196-e751-48c8-8ca7-d67dcf240f32{ip: 172.17.0.2, host: c2cea8100722, networkLocation: /default-rack, certSerialId: null, persistedOpState: IN_SERVICE, persistedOpStateExpiryEpochSec: 0}.
2021-01-10 13:36:51,775 [ReplicationMonitor] INFO  container.ReplicationManager (ReplicationManager.java:sendCloseCommand(948)) - Sending close container command for container #4 to datanode 2f093e54-b728-4a2a-9239-b3f8c2a2e755{ip: 172.17.0.2, host: c2cea8100722, networkLocation: /default-rack, certSerialId: null, persistedOpState: IN_SERVICE, persistedOpStateExpiryEpochSec: 0}.
2021-01-10 13:36:51,775 [ReplicationMonitor] INFO  container.ReplicationManager (ReplicationManager.java:sendCloseCommand(948)) - Sending close container command for container #4 to datanode b3570078-f6e2-4b7a-8962-99d3351b1084{ip: 172.17.0.2, host: c2cea8100722, networkLocation: /default-rack, certSerialId: null, persistedOpState: IN_SERVICE, persistedOpStateExpiryEpochSec: 0}.
2021-01-10 13:36:51,775 [ReplicationMonitor] INFO  container.ReplicationManager (ReplicationManager.java:run(250)) - Replication Monitor Thread took 0 milliseconds for processing 5 containers.
2021-01-10 13:36:51,777 [IPC Server handler 2 on default port 45713] INFO  node.SCMNodeManager (SCMNodeManager.java:updateDatanodeOpState(419)) - Scheduling a command to update the operationalState persisted on the datanode as the reported value (IN_SERVICE, 0) does not match the value stored in SCM (ENTERING_MAINTENANCE, 0)
2021-01-10 13:36:51,778 [Command processor thread] INFO  keyvalue.KeyValueContainer (KeyValueContainer.java:flushAndSyncDB(388)) - Container 5 is synced with bcsId 6.
2021-01-10 13:36:51,778 [Command processor thread] INFO  keyvalue.KeyValueContainer (KeyValueContainer.java:flushAndSyncDB(388)) - Container 5 is synced with bcsId 6.
2021-01-10 13:36:51,780 [IPC Server handler 3 on default port 45713] INFO  node.SCMNodeManager (SCMNodeManager.java:updateDatanodeOpState(419)) - Scheduling a command to update the operationalState persisted on the datanode as the reported value (IN_SERVICE, 0) does not match the value stored in SCM (ENTERING_MAINTENANCE, 0)
2021-01-10 13:36:51,781 [Command processor thread] INFO  server.RaftServer$Division (RaftServerImpl.java:groupRemove(375)) - 2f093e54-b728-4a2a-9239-b3f8c2a2e755@group-0D998C0963B1: Succeed to remove RaftStorageDirectory Storage Directory /github/workspace/mnt/ozone/hadoop-ozone/integration-test/target/test-dir/MiniOzoneClusterImpl-0ee44e4a-5790-445b-bee5-3ef48b2e27da/datanode-5/data/ratis/b3c08616-cf70-4772-8e17-0d998c0963b1
2021-01-10 13:36:51,781 [Command processor thread] INFO  commandhandler.ClosePipelineCommandHandler (ClosePipelineCommandHandler.java:handle(75)) - Close Pipeline PipelineID=b3c08616-cf70-4772-8e17-0d998c0963b1 command on datanode 2f093e54-b728-4a2a-9239-b3f8c2a2e755.
2021-01-10 13:36:51,782 [Command processor thread] INFO  server.RaftServer (RaftServerProxy.java:remove(106)) - 2f093e54-b728-4a2a-9239-b3f8c2a2e755: remove    LEADER 2f093e54-b728-4a2a-9239-b3f8c2a2e755@group-A3BBB560D53B:t1, leader=2f093e54-b728-4a2a-9239-b3f8c2a2e755, voted=2f093e54-b728-4a2a-9239-b3f8c2a2e755, raftlog=2f093e54-b728-4a2a-9239-b3f8c2a2e755@group-A3BBB560D53B-SegmentedRaftLog:OPENED:c0,f0,i0, conf=0: [2f093e54-b728-4a2a-9239-b3f8c2a2e755|rpc:172.17.0.2:36353|dataStream:|priority:1], old=null RUNNING
2021-01-10 13:36:51,782 [Command processor thread] INFO  server.RaftServer$Division (RaftServerImpl.java:lambda$close$4(405)) - 2f093e54-b728-4a2a-9239-b3f8c2a2e755@group-A3BBB560D53B: shutdown
2021-01-10 13:36:51,782 [Command processor thread] INFO  util.JmxRegister (JmxRegister.java:unregister(73)) - Successfully un-registered JMX Bean with object name Ratis:service=RaftServer,group=group-A3BBB560D53B,id=2f093e54-b728-4a2a-9239-b3f8c2a2e755
2021-01-10 13:36:51,782 [Command processor thread] INFO  impl.RoleInfo (RoleInfo.java:shutdownLeaderState(91)) - 2f093e54-b728-4a2a-9239-b3f8c2a2e755: shutdown 2f093e54-b728-4a2a-9239-b3f8c2a2e755@group-A3BBB560D53B-LeaderStateImpl
2021-01-10 13:36:51,782 [Command processor thread] INFO  impl.PendingRequests (PendingRequests.java:sendNotLeaderResponses(249)) - 2f093e54-b728-4a2a-9239-b3f8c2a2e755@group-A3BBB560D53B-PendingRequests: sendNotLeaderResponses
2021-01-10 13:36:51,782 [Command processor thread] INFO  metrics.RatisMetrics (RatisMetrics.java:unregister(43)) - Unregistering Metrics Registry : ratis.log_appender.2f093e54-b728-4a2a-9239-b3f8c2a2e755@group-A3BBB560D53B
2021-01-10 13:36:51,782 [Command processor thread] INFO  metrics.RatisMetrics (RatisMetrics.java:unregister(43)) - Unregistering Metrics Registry : ratis.server.2f093e54-b728-4a2a-9239-b3f8c2a2e755@group-A3BBB560D53B
2021-01-10 13:36:51,783 [Command processor thread] INFO  impl.StateMachineUpdater (StateMachineUpdater.java:stopAndJoin(148)) - 2f093e54-b728-4a2a-9239-b3f8c2a2e755@group-A3BBB560D53B-StateMachineUpdater: set stopIndex = 0
2021-01-10 13:36:51,783 [2f093e54-b728-4a2a-9239-b3f8c2a2e755@group-A3BBB560D53B-StateMachineUpdater] INFO  ratis.ContainerStateMachine (ContainerStateMachine.java:takeSnapshot(291)) - group-A3BBB560D53B: Taking a snapshot at:(t:1, i:0) file /github/workspace/mnt/ozone/hadoop-ozone/integration-test/target/test-dir/MiniOzoneClusterImpl-0ee44e4a-5790-445b-bee5-3ef48b2e27da/datanode-5/data/ratis/10e00e4b-c610-426e-ab56-a3bbb560d53b/sm/snapshot.1_0
2021-01-10 13:36:51,785 [2f093e54-b728-4a2a-9239-b3f8c2a2e755@group-A3BBB560D53B-StateMachineUpdater] INFO  ratis.ContainerStateMachine (ContainerStateMachine.java:takeSnapshot(302)) - group-A3BBB560D53B: Finished taking a snapshot at:(t:1, i:0) file:/github/workspace/mnt/ozone/hadoop-ozone/integration-test/target/test-dir/MiniOzoneClusterImpl-0ee44e4a-5790-445b-bee5-3ef48b2e27da/datanode-5/data/ratis/10e00e4b-c610-426e-ab56-a3bbb560d53b/sm/snapshot.1_0 took: 2 ms
2021-01-10 13:36:51,786 [2f093e54-b728-4a2a-9239-b3f8c2a2e755@group-A3BBB560D53B-StateMachineUpdater] INFO  impl.StateMachineUpdater (StateMachineUpdater.java:takeSnapshot(279)) - 2f093e54-b728-4a2a-9239-b3f8c2a2e755@group-A3BBB560D53B-StateMachineUpdater: Took a snapshot at index 0
2021-01-10 13:36:51,786 [2f093e54-b728-4a2a-9239-b3f8c2a2e755@group-A3BBB560D53B-StateMachineUpdater] INFO  impl.StateMachineUpdater (StateMachineUpdater.java:lambda$new$0(88)) - 2f093e54-b728-4a2a-9239-b3f8c2a2e755@group-A3BBB560D53B-StateMachineUpdater: snapshotIndex: updateIncreasingly -1 -> 0
2021-01-10 13:36:51,786 [2f093e54-b728-4a2a-9239-b3f8c2a2e755@group-A3BBB560D53B-StateMachineUpdater] INFO  metrics.RatisMetrics (RatisMetrics.java:unregister(43)) - Unregistering Metrics Registry : ratis.state_machine.2f093e54-b728-4a2a-9239-b3f8c2a2e755@group-A3BBB560D53B
2021-01-10 13:36:51,786 [Command processor thread] INFO  server.RaftServer$Division (ServerState.java:close(400)) - 2f093e54-b728-4a2a-9239-b3f8c2a2e755@group-A3BBB560D53B: closes. applyIndex: 0
2021-01-10 13:36:51,786 [2f093e54-b728-4a2a-9239-b3f8c2a2e755@group-A3BBB560D53B-SegmentedRaftLogWorker] INFO  segmented.SegmentedRaftLogWorker (SegmentedRaftLogWorker.java:run(326)) - 2f093e54-b728-4a2a-9239-b3f8c2a2e755@group-A3BBB560D53B-SegmentedRaftLogWorker was interrupted, exiting. There are 0 tasks remaining in the queue.
2021-01-10 13:36:51,786 [Command processor thread] INFO  segmented.SegmentedRaftLogWorker (SegmentedRaftLogWorker.java:close(236)) - 2f093e54-b728-4a2a-9239-b3f8c2a2e755@group-A3BBB560D53B-SegmentedRaftLogWorker close()
2021-01-10 13:36:51,787 [Command processor thread] INFO  metrics.RatisMetrics (RatisMetrics.java:unregister(43)) - Unregistering Metrics Registry : ratis.log_worker.2f093e54-b728-4a2a-9239-b3f8c2a2e755@group-A3BBB560D53B
2021-01-10 13:36:51,787 [Command processor thread] INFO  metrics.RatisMetrics (RatisMetrics.java:unregister(43)) - Unregistering Metrics Registry : ratis.leader_election.2f093e54-b728-4a2a-9239-b3f8c2a2e755@group-A3BBB560D53B
2021-01-10 13:36:51,787 [Command processor thread] INFO  metrics.RatisMetrics (RatisMetrics.java:unregister(43)) - Unregistering Metrics Registry : ratis.server.2f093e54-b728-4a2a-9239-b3f8c2a2e755@group-A3BBB560D53B
2021-01-10 13:36:51,787 [Command processor thread] INFO  server.RaftServer$Division (RaftServerImpl.java:groupRemove(375)) - 2f093e54-b728-4a2a-9239-b3f8c2a2e755@group-A3BBB560D53B: Succeed to remove RaftStorageDirectory Storage Directory /github/workspace/mnt/ozone/hadoop-ozone/integration-test/target/test-dir/MiniOzoneClusterImpl-0ee44e4a-5790-445b-bee5-3ef48b2e27da/datanode-5/data/ratis/10e00e4b-c610-426e-ab56-a3bbb560d53b
2021-01-10 13:36:51,787 [Command processor thread] INFO  commandhandler.ClosePipelineCommandHandler (ClosePipelineCommandHandler.java:handle(75)) - Close Pipeline PipelineID=10e00e4b-c610-426e-ab56-a3bbb560d53b command on datanode 2f093e54-b728-4a2a-9239-b3f8c2a2e755.
2021-01-10 13:36:51,788 [Command processor thread] WARN  server.RaftServer (RaftServerProxy.java:remove(101)) - 2f093e54-b728-4a2a-9239-b3f8c2a2e755: does not contain group: group-0D998C0963B1
2021-01-10 13:36:51,788 [Command processor thread] ERROR commandhandler.ClosePipelineCommandHandler (ClosePipelineCommandHandler.java:handle(78)) - Can't close pipeline PipelineID=b3c08616-cf70-4772-8e17-0d998c0963b1
java.io.IOException: 2f093e54-b728-4a2a-9239-b3f8c2a2e755: Group group-0D998C0963B1 not found.
	at org.apache.hadoop.ozone.container.common.transport.server.ratis.XceiverServerRatis.removeGroup(XceiverServerRatis.java:788)
	at org.apache.hadoop.ozone.container.common.statemachine.commandhandler.ClosePipelineCommandHandler.handle(ClosePipelineCommandHandler.java:74)
	at org.apache.hadoop.ozone.container.common.statemachine.commandhandler.CommandDispatcher.handle(CommandDispatcher.java:99)
	at org.apache.hadoop.ozone.container.common.statemachine.DatanodeStateMachine.lambda$initCommandHandlerThread$2(DatanodeStateMachine.java:498)
	at java.lang.Thread.run(Thread.java:748)
Caused by: org.apache.ratis.protocol.exceptions.GroupMismatchException: 2f093e54-b728-4a2a-9239-b3f8c2a2e755: Group group-0D998C0963B1 not found.
	at org.apache.ratis.server.impl.RaftServerProxy.groupRemoveAsync(RaftServerProxy.java:502)
	at org.apache.ratis.server.impl.RaftServerProxy.groupManagementAsync(RaftServerProxy.java:458)
	at org.apache.ratis.server.impl.RaftServerProxy.groupManagement(RaftServerProxy.java:438)
	at org.apache.hadoop.ozone.container.common.transport.server.ratis.XceiverServerRatis.removeGroup(XceiverServerRatis.java:786)
	... 4 more
2021-01-10 13:36:51,788 [Command processor thread] WARN  server.RaftServer (RaftServerProxy.java:remove(101)) - 2f093e54-b728-4a2a-9239-b3f8c2a2e755: does not contain group: group-A3BBB560D53B
2021-01-10 13:36:51,788 [Command processor thread] ERROR commandhandler.ClosePipelineCommandHandler (ClosePipelineCommandHandler.java:handle(78)) - Can't close pipeline PipelineID=10e00e4b-c610-426e-ab56-a3bbb560d53b
java.io.IOException: 2f093e54-b728-4a2a-9239-b3f8c2a2e755: Group group-A3BBB560D53B not found.
	at org.apache.hadoop.ozone.container.common.transport.server.ratis.XceiverServerRatis.removeGroup(XceiverServerRatis.java:788)
	at org.apache.hadoop.ozone.container.common.statemachine.commandhandler.ClosePipelineCommandHandler.handle(ClosePipelineCommandHandler.java:74)
	at org.apache.hadoop.ozone.container.common.statemachine.commandhandler.CommandDispatcher.handle(CommandDispatcher.java:99)
	at org.apache.hadoop.ozone.container.common.statemachine.DatanodeStateMachine.lambda$initCommandHandlerThread$2(DatanodeStateMachine.java:498)
	at java.lang.Thread.run(Thread.java:748)
Caused by: org.apache.ratis.protocol.exceptions.GroupMismatchException: 2f093e54-b728-4a2a-9239-b3f8c2a2e755: Group group-A3BBB560D53B not found.
	at org.apache.ratis.server.impl.RaftServerProxy.groupRemoveAsync(RaftServerProxy.java:502)
	at org.apache.ratis.server.impl.RaftServerProxy.groupManagementAsync(RaftServerProxy.java:458)
	at org.apache.ratis.server.impl.RaftServerProxy.groupManagement(RaftServerProxy.java:438)
	at org.apache.hadoop.ozone.container.common.transport.server.ratis.XceiverServerRatis.removeGroup(XceiverServerRatis.java:786)
	... 4 more
2021-01-10 13:36:51,789 [Command processor thread] WARN  server.RaftServer (RaftServerProxy.java:remove(101)) - 2f093e54-b728-4a2a-9239-b3f8c2a2e755: does not contain group: group-0D998C0963B1
2021-01-10 13:36:51,789 [Command processor thread] ERROR commandhandler.ClosePipelineCommandHandler (ClosePipelineCommandHandler.java:handle(78)) - Can't close pipeline PipelineID=b3c08616-cf70-4772-8e17-0d998c0963b1
java.io.IOException: 2f093e54-b728-4a2a-9239-b3f8c2a2e755: Group group-0D998C0963B1 not found.
	at org.apache.hadoop.ozone.container.common.transport.server.ratis.XceiverServerRatis.removeGroup(XceiverServerRatis.java:788)
	at org.apache.hadoop.ozone.container.common.statemachine.commandhandler.ClosePipelineCommandHandler.handle(ClosePipelineCommandHandler.java:74)
	at org.apache.hadoop.ozone.container.common.statemachine.commandhandler.CommandDispatcher.handle(CommandDispatcher.java:99)
	at org.apache.hadoop.ozone.container.common.statemachine.DatanodeStateMachine.lambda$initCommandHandlerThread$2(DatanodeStateMachine.java:498)
	at java.lang.Thread.run(Thread.java:748)
Caused by: org.apache.ratis.protocol.exceptions.GroupMismatchException: 2f093e54-b728-4a2a-9239-b3f8c2a2e755: Group group-0D998C0963B1 not found.
	at org.apache.ratis.server.impl.RaftServerProxy.groupRemoveAsync(RaftServerProxy.java:502)
	at org.apache.ratis.server.impl.RaftServerProxy.groupManagementAsync(RaftServerProxy.java:458)
	at org.apache.ratis.server.impl.RaftServerProxy.groupManagement(RaftServerProxy.java:438)
	at org.apache.hadoop.ozone.container.common.transport.server.ratis.XceiverServerRatis.removeGroup(XceiverServerRatis.java:786)
	... 4 more
2021-01-10 13:36:51,789 [Command processor thread] WARN  server.RaftServer (RaftServerProxy.java:remove(101)) - 2f093e54-b728-4a2a-9239-b3f8c2a2e755: does not contain group: group-A3BBB560D53B
2021-01-10 13:36:51,790 [Command processor thread] ERROR commandhandler.ClosePipelineCommandHandler (ClosePipelineCommandHandler.java:handle(78)) - Can't close pipeline PipelineID=10e00e4b-c610-426e-ab56-a3bbb560d53b
java.io.IOException: 2f093e54-b728-4a2a-9239-b3f8c2a2e755: Group group-A3BBB560D53B not found.
	at org.apache.hadoop.ozone.container.common.transport.server.ratis.XceiverServerRatis.removeGroup(XceiverServerRatis.java:788)
	at org.apache.hadoop.ozone.container.common.statemachine.commandhandler.ClosePipelineCommandHandler.handle(ClosePipelineCommandHandler.java:74)
	at org.apache.hadoop.ozone.container.common.statemachine.commandhandler.CommandDispatcher.handle(CommandDispatcher.java:99)
	at org.apache.hadoop.ozone.container.common.statemachine.DatanodeStateMachine.lambda$initCommandHandlerThread$2(DatanodeStateMachine.java:498)
	at java.lang.Thread.run(Thread.java:748)
Caused by: org.apache.ratis.protocol.exceptions.GroupMismatchException: 2f093e54-b728-4a2a-9239-b3f8c2a2e755: Group group-A3BBB560D53B not found.
	at org.apache.ratis.server.impl.RaftServerProxy.groupRemoveAsync(RaftServerProxy.java:502)
	at org.apache.ratis.server.impl.RaftServerProxy.groupManagementAsync(RaftServerProxy.java:458)
	at org.apache.ratis.server.impl.RaftServerProxy.groupManagement(RaftServerProxy.java:438)
	at org.apache.hadoop.ozone.container.common.transport.server.ratis.XceiverServerRatis.removeGroup(XceiverServerRatis.java:786)
	... 4 more
2021-01-10 13:36:51,790 [Command processor thread] WARN  server.RaftServer (RaftServerProxy.java:remove(101)) - 2f093e54-b728-4a2a-9239-b3f8c2a2e755: does not contain group: group-0D998C0963B1
2021-01-10 13:36:51,790 [Command processor thread] ERROR commandhandler.ClosePipelineCommandHandler (ClosePipelineCommandHandler.java:handle(78)) - Can't close pipeline PipelineID=b3c08616-cf70-4772-8e17-0d998c0963b1
java.io.IOException: 2f093e54-b728-4a2a-9239-b3f8c2a2e755: Group group-0D998C0963B1 not found.
	at org.apache.hadoop.ozone.container.common.transport.server.ratis.XceiverServerRatis.removeGroup(XceiverServerRatis.java:788)
	at org.apache.hadoop.ozone.container.common.statemachine.commandhandler.ClosePipelineCommandHandler.handle(ClosePipelineCommandHandler.java:74)
	at org.apache.hadoop.ozone.container.common.statemachine.commandhandler.CommandDispatcher.handle(CommandDispatcher.java:99)
	at org.apache.hadoop.ozone.container.common.statemachine.DatanodeStateMachine.lambda$initCommandHandlerThread$2(DatanodeStateMachine.java:498)
	at java.lang.Thread.run(Thread.java:748)
Caused by: org.apache.ratis.protocol.exceptions.GroupMismatchException: 2f093e54-b728-4a2a-9239-b3f8c2a2e755: Group group-0D998C0963B1 not found.
	at org.apache.ratis.server.impl.RaftServerProxy.groupRemoveAsync(RaftServerProxy.java:502)
	at org.apache.ratis.server.impl.RaftServerProxy.groupManagementAsync(RaftServerProxy.java:458)
	at org.apache.ratis.server.impl.RaftServerProxy.groupManagement(RaftServerProxy.java:438)
	at org.apache.hadoop.ozone.container.common.transport.server.ratis.XceiverServerRatis.removeGroup(XceiverServerRatis.java:786)
	... 4 more
2021-01-10 13:36:51,791 [Command processor thread] WARN  server.RaftServer (RaftServerProxy.java:remove(101)) - 2f093e54-b728-4a2a-9239-b3f8c2a2e755: does not contain group: group-A3BBB560D53B
2021-01-10 13:36:51,791 [Command processor thread] ERROR commandhandler.ClosePipelineCommandHandler (ClosePipelineCommandHandler.java:handle(78)) - Can't close pipeline PipelineID=10e00e4b-c610-426e-ab56-a3bbb560d53b
java.io.IOException: 2f093e54-b728-4a2a-9239-b3f8c2a2e755: Group group-A3BBB560D53B not found.
	at org.apache.hadoop.ozone.container.common.transport.server.ratis.XceiverServerRatis.removeGroup(XceiverServerRatis.java:788)
	at org.apache.hadoop.ozone.container.common.statemachine.commandhandler.ClosePipelineCommandHandler.handle(ClosePipelineCommandHandler.java:74)
	at org.apache.hadoop.ozone.container.common.statemachine.commandhandler.CommandDispatcher.handle(CommandDispatcher.java:99)
	at org.apache.hadoop.ozone.container.common.statemachine.DatanodeStateMachine.lambda$initCommandHandlerThread$2(DatanodeStateMachine.java:498)
	at java.lang.Thread.run(Thread.java:748)
Caused by: org.apache.ratis.protocol.exceptions.GroupMismatchException: 2f093e54-b728-4a2a-9239-b3f8c2a2e755: Group group-A3BBB560D53B not found.
	at org.apache.ratis.server.impl.RaftServerProxy.groupRemoveAsync(RaftServerProxy.java:502)
	at org.apache.ratis.server.impl.RaftServerProxy.groupManagementAsync(RaftServerProxy.java:458)
	at org.apache.ratis.server.impl.RaftServerProxy.groupManagement(RaftServerProxy.java:438)
	at org.apache.hadoop.ozone.container.common.transport.server.ratis.XceiverServerRatis.removeGroup(XceiverServerRatis.java:786)
	... 4 more
2021-01-10 13:36:51,791 [Command processor thread] WARN  server.RaftServer (RaftServerProxy.java:remove(101)) - 2f093e54-b728-4a2a-9239-b3f8c2a2e755: does not contain group: group-0D998C0963B1
2021-01-10 13:36:51,791 [Command processor thread] ERROR commandhandler.ClosePipelineCommandHandler (ClosePipelineCommandHandler.java:handle(78)) - Can't close pipeline PipelineID=b3c08616-cf70-4772-8e17-0d998c0963b1
java.io.IOException: 2f093e54-b728-4a2a-9239-b3f8c2a2e755: Group group-0D998C0963B1 not found.
	at org.apache.hadoop.ozone.container.common.transport.server.ratis.XceiverServerRatis.removeGroup(XceiverServerRatis.java:788)
	at org.apache.hadoop.ozone.container.common.statemachine.commandhandler.ClosePipelineCommandHandler.handle(ClosePipelineCommandHandler.java:74)
	at org.apache.hadoop.ozone.container.common.statemachine.commandhandler.CommandDispatcher.handle(CommandDispatcher.java:99)
	at org.apache.hadoop.ozone.container.common.statemachine.DatanodeStateMachine.lambda$initCommandHandlerThread$2(DatanodeStateMachine.java:498)
	at java.lang.Thread.run(Thread.java:748)
Caused by: org.apache.ratis.protocol.exceptions.GroupMismatchException: 2f093e54-b728-4a2a-9239-b3f8c2a2e755: Group group-0D998C0963B1 not found.
	at org.apache.ratis.server.impl.RaftServerProxy.groupRemoveAsync(RaftServerProxy.java:502)
	at org.apache.ratis.server.impl.RaftServerProxy.groupManagementAsync(RaftServerProxy.java:458)
	at org.apache.ratis.server.impl.RaftServerProxy.groupManagement(RaftServerProxy.java:438)
	at org.apache.hadoop.ozone.container.common.transport.server.ratis.XceiverServerRatis.removeGroup(XceiverServerRatis.java:786)
	... 4 more
2021-01-10 13:36:51,792 [Command processor thread] WARN  server.RaftServer (RaftServerProxy.java:remove(101)) - 2f093e54-b728-4a2a-9239-b3f8c2a2e755: does not contain group: group-A3BBB560D53B
2021-01-10 13:36:51,792 [Command processor thread] ERROR commandhandler.ClosePipelineCommandHandler (ClosePipelineCommandHandler.java:handle(78)) - Can't close pipeline PipelineID=10e00e4b-c610-426e-ab56-a3bbb560d53b
java.io.IOException: 2f093e54-b728-4a2a-9239-b3f8c2a2e755: Group group-A3BBB560D53B not found.
	at org.apache.hadoop.ozone.container.common.transport.server.ratis.XceiverServerRatis.removeGroup(XceiverServerRatis.java:788)
	at org.apache.hadoop.ozone.container.common.statemachine.commandhandler.ClosePipelineCommandHandler.handle(ClosePipelineCommandHandler.java:74)
	at org.apache.hadoop.ozone.container.common.statemachine.commandhandler.CommandDispatcher.handle(CommandDispatcher.java:99)
	at org.apache.hadoop.ozone.container.common.statemachine.DatanodeStateMachine.lambda$initCommandHandlerThread$2(DatanodeStateMachine.java:498)
	at java.lang.Thread.run(Thread.java:748)
Caused by: org.apache.ratis.protocol.exceptions.GroupMismatchException: 2f093e54-b728-4a2a-9239-b3f8c2a2e755: Group group-A3BBB560D53B not found.
	at org.apache.ratis.server.impl.RaftServerProxy.groupRemoveAsync(RaftServerProxy.java:502)
	at org.apache.ratis.server.impl.RaftServerProxy.groupManagementAsync(RaftServerProxy.java:458)
	at org.apache.ratis.server.impl.RaftServerProxy.groupManagement(RaftServerProxy.java:438)
	at org.apache.hadoop.ozone.container.common.transport.server.ratis.XceiverServerRatis.removeGroup(XceiverServerRatis.java:786)
	... 4 more
2021-01-10 13:36:51,792 [Command processor thread] WARN  server.RaftServer (RaftServerProxy.java:remove(101)) - 2f093e54-b728-4a2a-9239-b3f8c2a2e755: does not contain group: group-0D998C0963B1
2021-01-10 13:36:51,792 [Command processor thread] ERROR commandhandler.ClosePipelineCommandHandler (ClosePipelineCommandHandler.java:handle(78)) - Can't close pipeline PipelineID=b3c08616-cf70-4772-8e17-0d998c0963b1
java.io.IOException: 2f093e54-b728-4a2a-9239-b3f8c2a2e755: Group group-0D998C0963B1 not found.
	at org.apache.hadoop.ozone.container.common.transport.server.ratis.XceiverServerRatis.removeGroup(XceiverServerRatis.java:788)
	at org.apache.hadoop.ozone.container.common.statemachine.commandhandler.ClosePipelineCommandHandler.handle(ClosePipelineCommandHandler.java:74)
	at org.apache.hadoop.ozone.container.common.statemachine.commandhandler.CommandDispatcher.handle(CommandDispatcher.java:99)
	at org.apache.hadoop.ozone.container.common.statemachine.DatanodeStateMachine.lambda$initCommandHandlerThread$2(DatanodeStateMachine.java:498)
	at java.lang.Thread.run(Thread.java:748)
Caused by: org.apache.ratis.protocol.exceptions.GroupMismatchException: 2f093e54-b728-4a2a-9239-b3f8c2a2e755: Group group-0D998C0963B1 not found.
	at org.apache.ratis.server.impl.RaftServerProxy.groupRemoveAsync(RaftServerProxy.java:502)
	at org.apache.ratis.server.impl.RaftServerProxy.groupManagementAsync(RaftServerProxy.java:458)
	at org.apache.ratis.server.impl.RaftServerProxy.groupManagement(RaftServerProxy.java:438)
	at org.apache.hadoop.ozone.container.common.transport.server.ratis.XceiverServerRatis.removeGroup(XceiverServerRatis.java:786)
	... 4 more
2021-01-10 13:36:51,793 [Command processor thread] WARN  server.RaftServer (RaftServerProxy.java:remove(101)) - 2f093e54-b728-4a2a-9239-b3f8c2a2e755: does not contain group: group-A3BBB560D53B
2021-01-10 13:36:51,793 [Command processor thread] ERROR commandhandler.ClosePipelineCommandHandler (ClosePipelineCommandHandler.java:handle(78)) - Can't close pipeline PipelineID=10e00e4b-c610-426e-ab56-a3bbb560d53b
java.io.IOException: 2f093e54-b728-4a2a-9239-b3f8c2a2e755: Group group-A3BBB560D53B not found.
	at org.apache.hadoop.ozone.container.common.transport.server.ratis.XceiverServerRatis.removeGroup(XceiverServerRatis.java:788)
	at org.apache.hadoop.ozone.container.common.statemachine.commandhandler.ClosePipelineCommandHandler.handle(ClosePipelineCommandHandler.java:74)
	at org.apache.hadoop.ozone.container.common.statemachine.commandhandler.CommandDispatcher.handle(CommandDispatcher.java:99)
	at org.apache.hadoop.ozone.container.common.statemachine.DatanodeStateMachine.lambda$initCommandHandlerThread$2(DatanodeStateMachine.java:498)
	at java.lang.Thread.run(Thread.java:748)
Caused by: org.apache.ratis.protocol.exceptions.GroupMismatchException: 2f093e54-b728-4a2a-9239-b3f8c2a2e755: Group group-A3BBB560D53B not found.
	at org.apache.ratis.server.impl.RaftServerProxy.groupRemoveAsync(RaftServerProxy.java:502)
	at org.apache.ratis.server.impl.RaftServerProxy.groupManagementAsync(RaftServerProxy.java:458)
	at org.apache.ratis.server.impl.RaftServerProxy.groupManagement(RaftServerProxy.java:438)
	at org.apache.hadoop.ozone.container.common.transport.server.ratis.XceiverServerRatis.removeGroup(XceiverServerRatis.java:786)
	... 4 more
2021-01-10 13:36:51,795 [Command processor thread] WARN  server.RaftServer (RaftServerProxy.java:remove(101)) - 2f093e54-b728-4a2a-9239-b3f8c2a2e755: does not contain group: group-0D998C0963B1
2021-01-10 13:36:51,795 [Command processor thread] ERROR commandhandler.ClosePipelineCommandHandler (ClosePipelineCommandHandler.java:handle(78)) - Can't close pipeline PipelineID=b3c08616-cf70-4772-8e17-0d998c0963b1
java.io.IOException: 2f093e54-b728-4a2a-9239-b3f8c2a2e755: Group group-0D998C0963B1 not found.
	at org.apache.hadoop.ozone.container.common.transport.server.ratis.XceiverServerRatis.removeGroup(XceiverServerRatis.java:788)
	at org.apache.hadoop.ozone.container.common.statemachine.commandhandler.ClosePipelineCommandHandler.handle(ClosePipelineCommandHandler.java:74)
	at org.apache.hadoop.ozone.container.common.statemachine.commandhandler.CommandDispatcher.handle(CommandDispatcher.java:99)
	at org.apache.hadoop.ozone.container.common.statemachine.DatanodeStateMachine.lambda$initCommandHandlerThread$2(DatanodeStateMachine.java:498)
	at java.lang.Thread.run(Thread.java:748)
Caused by: org.apache.ratis.protocol.exceptions.GroupMismatchException: 2f093e54-b728-4a2a-9239-b3f8c2a2e755: Group group-0D998C0963B1 not found.
	at org.apache.ratis.server.impl.RaftServerProxy.groupRemoveAsync(RaftServerProxy.java:502)
	at org.apache.ratis.server.impl.RaftServerProxy.groupManagementAsync(RaftServerProxy.java:458)
	at org.apache.ratis.server.impl.RaftServerProxy.groupManagement(RaftServerProxy.java:438)
	at org.apache.hadoop.ozone.container.common.transport.server.ratis.XceiverServerRatis.removeGroup(XceiverServerRatis.java:786)
	... 4 more
2021-01-10 13:36:51,795 [Command processor thread] WARN  server.RaftServer (RaftServerProxy.java:remove(101)) - 2f093e54-b728-4a2a-9239-b3f8c2a2e755: does not contain group: group-A3BBB560D53B
2021-01-10 13:36:51,795 [Command processor thread] ERROR commandhandler.ClosePipelineCommandHandler (ClosePipelineCommandHandler.java:handle(78)) - Can't close pipeline PipelineID=10e00e4b-c610-426e-ab56-a3bbb560d53b
java.io.IOException: 2f093e54-b728-4a2a-9239-b3f8c2a2e755: Group group-A3BBB560D53B not found.
	at org.apache.hadoop.ozone.container.common.transport.server.ratis.XceiverServerRatis.removeGroup(XceiverServerRatis.java:788)
	at org.apache.hadoop.ozone.container.common.statemachine.commandhandler.ClosePipelineCommandHandler.handle(ClosePipelineCommandHandler.java:74)
	at org.apache.hadoop.ozone.container.common.statemachine.commandhandler.CommandDispatcher.handle(CommandDispatcher.java:99)
	at org.apache.hadoop.ozone.container.common.statemachine.DatanodeStateMachine.lambda$initCommandHandlerThread$2(DatanodeStateMachine.java:498)
	at java.lang.Thread.run(Thread.java:748)
Caused by: org.apache.ratis.protocol.exceptions.GroupMismatchException: 2f093e54-b728-4a2a-9239-b3f8c2a2e755: Group group-A3BBB560D53B not found.
	at org.apache.ratis.server.impl.RaftServerProxy.groupRemoveAsync(RaftServerProxy.java:502)
	at org.apache.ratis.server.impl.RaftServerProxy.groupManagementAsync(RaftServerProxy.java:458)
	at org.apache.ratis.server.impl.RaftServerProxy.groupManagement(RaftServerProxy.java:438)
	at org.apache.hadoop.ozone.container.common.transport.server.ratis.XceiverServerRatis.removeGroup(XceiverServerRatis.java:786)
	... 4 more
2021-01-10 13:36:52,101 [DatanodeAdminManager-0] INFO  node.DatanodeAdminMonitorImpl (DatanodeAdminMonitorImpl.java:checkContainersReplicatedOnNode(297)) - 0ad6d196-e751-48c8-8ca7-d67dcf240f32{ip: 172.17.0.2, host: c2cea8100722, networkLocation: /default-rack, certSerialId: null, persistedOpState: ENTERING_MAINTENANCE, persistedOpStateExpiryEpochSec: 0} has 0 sufficientlyReplicated, 2 underReplicated and 1 unhealthy containers
2021-01-10 13:36:52,101 [DatanodeAdminManager-0] INFO  node.DatanodeAdminMonitorImpl (DatanodeAdminMonitorImpl.java:checkContainersReplicatedOnNode(297)) - b3570078-f6e2-4b7a-8962-99d3351b1084{ip: 172.17.0.2, host: c2cea8100722, networkLocation: /default-rack, certSerialId: null, persistedOpState: ENTERING_MAINTENANCE, persistedOpStateExpiryEpochSec: 0} has 0 sufficientlyReplicated, 2 underReplicated and 1 unhealthy containers
2021-01-10 13:36:52,101 [DatanodeAdminManager-0] INFO  node.DatanodeAdminMonitorImpl (DatanodeAdminMonitorImpl.java:run(136)) - There are 3 nodes tracked for decommission and maintenance. 0 pending nodes.
2021-01-10 13:36:52,776 [ReplicationMonitor] INFO  container.ReplicationManager (ReplicationManager.java:forceCloseContainer(633)) - Force closing container #5 with BCSID 6, which is in QUASI_CLOSED state.
2021-01-10 13:36:52,776 [ReplicationMonitor] INFO  container.ReplicationManager (ReplicationManager.java:sendCloseCommand(948)) - Sending close container command for container #5 to datanode 2f093e54-b728-4a2a-9239-b3f8c2a2e755{ip: 172.17.0.2, host: c2cea8100722, networkLocation: /default-rack, certSerialId: null, persistedOpState: IN_SERVICE, persistedOpStateExpiryEpochSec: 0}.
2021-01-10 13:36:52,776 [ReplicationMonitor] INFO  container.ReplicationManager (ReplicationManager.java:sendCloseCommand(948)) - Sending close container command for container #5 to datanode 0ad6d196-e751-48c8-8ca7-d67dcf240f32{ip: 172.17.0.2, host: c2cea8100722, networkLocation: /default-rack, certSerialId: null, persistedOpState: ENTERING_MAINTENANCE, persistedOpStateExpiryEpochSec: 0}.
2021-01-10 13:36:52,776 [ReplicationMonitor] INFO  container.ReplicationManager (ReplicationManager.java:sendCloseCommand(948)) - Sending close container command for container #5 to datanode b3570078-f6e2-4b7a-8962-99d3351b1084{ip: 172.17.0.2, host: c2cea8100722, networkLocation: /default-rack, certSerialId: null, persistedOpState: ENTERING_MAINTENANCE, persistedOpStateExpiryEpochSec: 0}.
2021-01-10 13:36:52,776 [ReplicationMonitor] INFO  container.ReplicationManager (ReplicationManager.java:forceCloseContainer(633)) - Force closing container #4 with BCSID 2, which is in QUASI_CLOSED state.
2021-01-10 13:36:52,777 [ReplicationMonitor] INFO  container.ReplicationManager (ReplicationManager.java:sendCloseCommand(948)) - Sending close container command for container #4 to datanode 0ad6d196-e751-48c8-8ca7-d67dcf240f32{ip: 172.17.0.2, host: c2cea8100722, networkLocation: /default-rack, certSerialId: null, persistedOpState: ENTERING_MAINTENANCE, persistedOpStateExpiryEpochSec: 0}.
2021-01-10 13:36:52,777 [ReplicationMonitor] INFO  container.ReplicationManager (ReplicationManager.java:sendCloseCommand(948)) - Sending close container command for container #4 to datanode b3570078-f6e2-4b7a-8962-99d3351b1084{ip: 172.17.0.2, host: c2cea8100722, networkLocation: /default-rack, certSerialId: null, persistedOpState: ENTERING_MAINTENANCE, persistedOpStateExpiryEpochSec: 0}.
2021-01-10 13:36:52,777 [ReplicationMonitor] INFO  container.ReplicationManager (ReplicationManager.java:run(250)) - Replication Monitor Thread took 2 milliseconds for processing 5 containers.
2021-01-10 13:36:52,793 [Command processor thread] WARN  server.RaftServer (RaftServerProxy.java:remove(101)) - b3570078-f6e2-4b7a-8962-99d3351b1084: does not contain group: group-0D998C0963B1
2021-01-10 13:36:52,793 [Command processor thread] ERROR commandhandler.ClosePipelineCommandHandler (ClosePipelineCommandHandler.java:handle(78)) - Can't close pipeline PipelineID=b3c08616-cf70-4772-8e17-0d998c0963b1
java.io.IOException: b3570078-f6e2-4b7a-8962-99d3351b1084: Group group-0D998C0963B1 not found.
	at org.apache.hadoop.ozone.container.common.transport.server.ratis.XceiverServerRatis.removeGroup(XceiverServerRatis.java:788)
	at org.apache.hadoop.ozone.container.common.statemachine.commandhandler.ClosePipelineCommandHandler.handle(ClosePipelineCommandHandler.java:74)
	at org.apache.hadoop.ozone.container.common.statemachine.commandhandler.CommandDispatcher.handle(CommandDispatcher.java:99)
	at org.apache.hadoop.ozone.container.common.statemachine.DatanodeStateMachine.lambda$initCommandHandlerThread$2(DatanodeStateMachine.java:498)
	at java.lang.Thread.run(Thread.java:748)
Caused by: org.apache.ratis.protocol.exceptions.GroupMismatchException: b3570078-f6e2-4b7a-8962-99d3351b1084: Group group-0D998C0963B1 not found.
	at org.apache.ratis.server.impl.RaftServerProxy.groupRemoveAsync(RaftServerProxy.java:502)
	at org.apache.ratis.server.impl.RaftServerProxy.groupManagementAsync(RaftServerProxy.java:458)
	at org.apache.ratis.server.impl.RaftServerProxy.groupManagement(RaftServerProxy.java:438)
	at org.apache.hadoop.ozone.container.common.transport.server.ratis.XceiverServerRatis.removeGroup(XceiverServerRatis.java:786)
	... 4 more
2021-01-10 13:36:52,794 [Command processor thread] WARN  server.RaftServer (RaftServerProxy.java:remove(101)) - b3570078-f6e2-4b7a-8962-99d3351b1084: does not contain group: group-B5BE2ECB6F3C
2021-01-10 13:36:52,794 [Command processor thread] ERROR commandhandler.ClosePipelineCommandHandler (ClosePipelineCommandHandler.java:handle(78)) - Can't close pipeline PipelineID=1b1f00ab-c54d-4fd5-a7f1-b5be2ecb6f3c
java.io.IOException: b3570078-f6e2-4b7a-8962-99d3351b1084: Group group-B5BE2ECB6F3C not found.
	at org.apache.hadoop.ozone.container.common.transport.server.ratis.XceiverServerRatis.removeGroup(XceiverServerRatis.java:788)
	at org.apache.hadoop.ozone.container.common.statemachine.commandhandler.ClosePipelineCommandHandler.handle(ClosePipelineCommandHandler.java:74)
	at org.apache.hadoop.ozone.container.common.statemachine.commandhandler.CommandDispatcher.handle(CommandDispatcher.java:99)
	at org.apache.hadoop.ozone.container.common.statemachine.DatanodeStateMachine.lambda$initCommandHandlerThread$2(DatanodeStateMachine.java:498)
	at java.lang.Thread.run(Thread.java:748)
Caused by: org.apache.ratis.protocol.exceptions.GroupMismatchException: b3570078-f6e2-4b7a-8962-99d3351b1084: Group group-B5BE2ECB6F3C not found.
	at org.apache.ratis.server.impl.RaftServerProxy.groupRemoveAsync(RaftServerProxy.java:502)
	at org.apache.ratis.server.impl.RaftServerProxy.groupManagementAsync(RaftServerProxy.java:458)
	at org.apache.ratis.server.impl.RaftServerProxy.groupManagement(RaftServerProxy.java:438)
	at org.apache.hadoop.ozone.container.common.transport.server.ratis.XceiverServerRatis.removeGroup(XceiverServerRatis.java:786)
	... 4 more
2021-01-10 13:36:52,800 [Command processor thread] WARN  server.RaftServer (RaftServerProxy.java:remove(101)) - 0ad6d196-e751-48c8-8ca7-d67dcf240f32: does not contain group: group-0D998C0963B1
2021-01-10 13:36:52,800 [Command processor thread] ERROR commandhandler.ClosePipelineCommandHandler (ClosePipelineCommandHandler.java:handle(78)) - Can't close pipeline PipelineID=b3c08616-cf70-4772-8e17-0d998c0963b1
java.io.IOException: 0ad6d196-e751-48c8-8ca7-d67dcf240f32: Group group-0D998C0963B1 not found.
	at org.apache.hadoop.ozone.container.common.transport.server.ratis.XceiverServerRatis.removeGroup(XceiverServerRatis.java:788)
	at org.apache.hadoop.ozone.container.common.statemachine.commandhandler.ClosePipelineCommandHandler.handle(ClosePipelineCommandHandler.java:74)
	at org.apache.hadoop.ozone.container.common.statemachine.commandhandler.CommandDispatcher.handle(CommandDispatcher.java:99)
	at org.apache.hadoop.ozone.container.common.statemachine.DatanodeStateMachine.lambda$initCommandHandlerThread$2(DatanodeStateMachine.java:498)
	at java.lang.Thread.run(Thread.java:748)
Caused by: org.apache.ratis.protocol.exceptions.GroupMismatchException: 0ad6d196-e751-48c8-8ca7-d67dcf240f32: Group group-0D998C0963B1 not found.
	at org.apache.ratis.server.impl.RaftServerProxy.groupRemoveAsync(RaftServerProxy.java:502)
	at org.apache.ratis.server.impl.RaftServerProxy.groupManagementAsync(RaftServerProxy.java:458)
	at org.apache.ratis.server.impl.RaftServerProxy.groupManagement(RaftServerProxy.java:438)
	at org.apache.hadoop.ozone.container.common.transport.server.ratis.XceiverServerRatis.removeGroup(XceiverServerRatis.java:786)
	... 4 more
2021-01-10 13:36:52,800 [Command processor thread] WARN  server.RaftServer (RaftServerProxy.java:remove(101)) - 0ad6d196-e751-48c8-8ca7-d67dcf240f32: does not contain group: group-C5B73ABBF97B
2021-01-10 13:36:52,800 [Command processor thread] ERROR commandhandler.ClosePipelineCommandHandler (ClosePipelineCommandHandler.java:handle(78)) - Can't close pipeline PipelineID=9d180bb0-01e7-48f4-bfab-c5b73abbf97b
java.io.IOException: 0ad6d196-e751-48c8-8ca7-d67dcf240f32: Group group-C5B73ABBF97B not found.
	at org.apache.hadoop.ozone.container.common.transport.server.ratis.XceiverServerRatis.removeGroup(XceiverServerRatis.java:788)
	at org.apache.hadoop.ozone.container.common.statemachine.commandhandler.ClosePipelineCommandHandler.handle(ClosePipelineCommandHandler.java:74)
	at org.apache.hadoop.ozone.container.common.statemachine.commandhandler.CommandDispatcher.handle(CommandDispatcher.java:99)
	at org.apache.hadoop.ozone.container.common.statemachine.DatanodeStateMachine.lambda$initCommandHandlerThread$2(DatanodeStateMachine.java:498)
	at java.lang.Thread.run(Thread.java:748)
Caused by: org.apache.ratis.protocol.exceptions.GroupMismatchException: 0ad6d196-e751-48c8-8ca7-d67dcf240f32: Group group-C5B73ABBF97B not found.
	at org.apache.ratis.server.impl.RaftServerProxy.groupRemoveAsync(RaftServerProxy.java:502)
	at org.apache.ratis.server.impl.RaftServerProxy.groupManagementAsync(RaftServerProxy.java:458)
	at org.apache.ratis.server.impl.RaftServerProxy.groupManagement(RaftServerProxy.java:438)
	at org.apache.hadoop.ozone.container.common.transport.server.ratis.XceiverServerRatis.removeGroup(XceiverServerRatis.java:786)
	... 4 more
2021-01-10 13:36:53,098 [DatanodeAdminManager-0] INFO  node.DatanodeAdminMonitorImpl (DatanodeAdminMonitorImpl.java:checkContainersReplicatedOnNode(297)) - 0ad6d196-e751-48c8-8ca7-d67dcf240f32{ip: 172.17.0.2, host: c2cea8100722, networkLocation: /default-rack, certSerialId: null, persistedOpState: ENTERING_MAINTENANCE, persistedOpStateExpiryEpochSec: 0} has 0 sufficientlyReplicated, 2 underReplicated and 0 unhealthy containers
2021-01-10 13:36:53,098 [DatanodeAdminManager-0] INFO  node.DatanodeAdminMonitorImpl (DatanodeAdminMonitorImpl.java:checkContainersReplicatedOnNode(297)) - 2f093e54-b728-4a2a-9239-b3f8c2a2e755{ip: 172.17.0.2, host: c2cea8100722, networkLocation: /default-rack, certSerialId: null, persistedOpState: ENTERING_MAINTENANCE, persistedOpStateExpiryEpochSec: 0} has 0 sufficientlyReplicated, 2 underReplicated and 0 unhealthy containers
2021-01-10 13:36:53,098 [DatanodeAdminManager-0] INFO  node.DatanodeAdminMonitorImpl (DatanodeAdminMonitorImpl.java:checkContainersReplicatedOnNode(297)) - b3570078-f6e2-4b7a-8962-99d3351b1084{ip: 172.17.0.2, host: c2cea8100722, networkLocation: /default-rack, certSerialId: null, persistedOpState: ENTERING_MAINTENANCE, persistedOpStateExpiryEpochSec: 0} has 0 sufficientlyReplicated, 2 underReplicated and 0 unhealthy containers
2021-01-10 13:36:53,098 [DatanodeAdminManager-0] INFO  node.DatanodeAdminMonitorImpl (DatanodeAdminMonitorImpl.java:run(136)) - There are 3 nodes tracked for decommission and maintenance. 0 pending nodes.
2021-01-10 13:36:53,777 [ReplicationMonitor] INFO  container.ReplicationManager (ReplicationManager.java:forceCloseContainer(633)) - Force closing container #5 with BCSID 6, which is in QUASI_CLOSED state.
2021-01-10 13:36:53,777 [ReplicationMonitor] INFO  container.ReplicationManager (ReplicationManager.java:sendCloseCommand(948)) - Sending close container command for container #5 to datanode 0ad6d196-e751-48c8-8ca7-d67dcf240f32{ip: 172.17.0.2, host: c2cea8100722, networkLocation: /default-rack, certSerialId: null, persistedOpState: ENTERING_MAINTENANCE, persistedOpStateExpiryEpochSec: 0}.
2021-01-10 13:36:53,778 [ReplicationMonitor] INFO  container.ReplicationManager (ReplicationManager.java:sendCloseCommand(948)) - Sending close container command for container #5 to datanode b3570078-f6e2-4b7a-8962-99d3351b1084{ip: 172.17.0.2, host: c2cea8100722, networkLocation: /default-rack, certSerialId: null, persistedOpState: ENTERING_MAINTENANCE, persistedOpStateExpiryEpochSec: 0}.
2021-01-10 13:36:53,778 [ReplicationMonitor] INFO  container.ReplicationManager (ReplicationManager.java:forceCloseContainer(633)) - Force closing container #4 with BCSID 2, which is in QUASI_CLOSED state.
2021-01-10 13:36:53,778 [ReplicationMonitor] INFO  container.ReplicationManager (ReplicationManager.java:sendCloseCommand(948)) - Sending close container command for container #4 to datanode 0ad6d196-e751-48c8-8ca7-d67dcf240f32{ip: 172.17.0.2, host: c2cea8100722, networkLocation: /default-rack, certSerialId: null, persistedOpState: ENTERING_MAINTENANCE, persistedOpStateExpiryEpochSec: 0}.
2021-01-10 13:36:53,778 [ReplicationMonitor] INFO  container.ReplicationManager (ReplicationManager.java:sendCloseCommand(948)) - Sending close container command for container #4 to datanode b3570078-f6e2-4b7a-8962-99d3351b1084{ip: 172.17.0.2, host: c2cea8100722, networkLocation: /default-rack, certSerialId: null, persistedOpState: ENTERING_MAINTENANCE, persistedOpStateExpiryEpochSec: 0}.
2021-01-10 13:36:53,778 [ReplicationMonitor] INFO  container.ReplicationManager (ReplicationManager.java:run(250)) - Replication Monitor Thread took 1 milliseconds for processing 5 containers.
2021-01-10 13:36:53,780 [Command processor thread] WARN  server.RaftServer (RaftServerProxy.java:remove(101)) - 2f093e54-b728-4a2a-9239-b3f8c2a2e755: does not contain group: group-0D998C0963B1
2021-01-10 13:36:53,780 [Command processor thread] ERROR commandhandler.ClosePipelineCommandHandler (ClosePipelineCommandHandler.java:handle(78)) - Can't close pipeline PipelineID=b3c08616-cf70-4772-8e17-0d998c0963b1
java.io.IOException: 2f093e54-b728-4a2a-9239-b3f8c2a2e755: Group group-0D998C0963B1 not found.
	at org.apache.hadoop.ozone.container.common.transport.server.ratis.XceiverServerRatis.removeGroup(XceiverServerRatis.java:788)
	at org.apache.hadoop.ozone.container.common.statemachine.commandhandler.ClosePipelineCommandHandler.handle(ClosePipelineCommandHandler.java:74)
	at org.apache.hadoop.ozone.container.common.statemachine.commandhandler.CommandDispatcher.handle(CommandDispatcher.java:99)
	at org.apache.hadoop.ozone.container.common.statemachine.DatanodeStateMachine.lambda$initCommandHandlerThread$2(DatanodeStateMachine.java:498)
	at java.lang.Thread.run(Thread.java:748)
Caused by: org.apache.ratis.protocol.exceptions.GroupMismatchException: 2f093e54-b728-4a2a-9239-b3f8c2a2e755: Group group-0D998C0963B1 not found.
	at org.apache.ratis.server.impl.RaftServerProxy.groupRemoveAsync(RaftServerProxy.java:502)
	at org.apache.ratis.server.impl.RaftServerProxy.groupManagementAsync(RaftServerProxy.java:458)
	at org.apache.ratis.server.impl.RaftServerProxy.groupManagement(RaftServerProxy.java:438)
	at org.apache.hadoop.ozone.container.common.transport.server.ratis.XceiverServerRatis.removeGroup(XceiverServerRatis.java:786)
	... 4 more
2021-01-10 13:36:53,781 [Command processor thread] WARN  server.RaftServer (RaftServerProxy.java:remove(101)) - 2f093e54-b728-4a2a-9239-b3f8c2a2e755: does not contain group: group-A3BBB560D53B
2021-01-10 13:36:53,781 [Command processor thread] ERROR commandhandler.ClosePipelineCommandHandler (ClosePipelineCommandHandler.java:handle(78)) - Can't close pipeline PipelineID=10e00e4b-c610-426e-ab56-a3bbb560d53b
java.io.IOException: 2f093e54-b728-4a2a-9239-b3f8c2a2e755: Group group-A3BBB560D53B not found.
	at org.apache.hadoop.ozone.container.common.transport.server.ratis.XceiverServerRatis.removeGroup(XceiverServerRatis.java:788)
	at org.apache.hadoop.ozone.container.common.statemachine.commandhandler.ClosePipelineCommandHandler.handle(ClosePipelineCommandHandler.java:74)
	at org.apache.hadoop.ozone.container.common.statemachine.commandhandler.CommandDispatcher.handle(CommandDispatcher.java:99)
	at org.apache.hadoop.ozone.container.common.statemachine.DatanodeStateMachine.lambda$initCommandHandlerThread$2(DatanodeStateMachine.java:498)
	at java.lang.Thread.run(Thread.java:748)
Caused by: org.apache.ratis.protocol.exceptions.GroupMismatchException: 2f093e54-b728-4a2a-9239-b3f8c2a2e755: Group group-A3BBB560D53B not found.
	at org.apache.ratis.server.impl.RaftServerProxy.groupRemoveAsync(RaftServerProxy.java:502)
	at org.apache.ratis.server.impl.RaftServerProxy.groupManagementAsync(RaftServerProxy.java:458)
	at org.apache.ratis.server.impl.RaftServerProxy.groupManagement(RaftServerProxy.java:438)
	at org.apache.hadoop.ozone.container.common.transport.server.ratis.XceiverServerRatis.removeGroup(XceiverServerRatis.java:786)
	... 4 more
2021-01-10 13:36:53,781 [Command processor thread] INFO  keyvalue.KeyValueContainer (KeyValueContainer.java:flushAndSyncDB(388)) - Container 5 is synced with bcsId 6.
2021-01-10 13:36:53,781 [Command processor thread] INFO  keyvalue.KeyValueContainer (KeyValueContainer.java:flushAndSyncDB(388)) - Container 5 is synced with bcsId 6.
2021-01-10 13:36:53,783 [Command processor thread] INFO  keyvalue.KeyValueContainer (KeyValueContainer.java:close(326)) - Container 5 is closed with bcsId 6.
2021-01-10 13:36:53,784 [EventQueue-IncrementalContainerReportForIncrementalContainerReportHandler] INFO  container.IncrementalContainerReportHandler (AbstractContainerReportHandler.java:updateContainerState(241)) - Moving container #5 to CLOSED state, datanode 2f093e54-b728-4a2a-9239-b3f8c2a2e755{ip: 172.17.0.2, host: c2cea8100722, networkLocation: /default-rack, certSerialId: null, persistedOpState: ENTERING_MAINTENANCE, persistedOpStateExpiryEpochSec: 0} reported CLOSED replica.
2021-01-10 13:36:54,098 [DatanodeAdminManager-0] INFO  node.DatanodeAdminMonitorImpl (DatanodeAdminMonitorImpl.java:checkContainersReplicatedOnNode(297)) - 0ad6d196-e751-48c8-8ca7-d67dcf240f32{ip: 172.17.0.2, host: c2cea8100722, networkLocation: /default-rack, certSerialId: null, persistedOpState: ENTERING_MAINTENANCE, persistedOpStateExpiryEpochSec: 0} has 0 sufficientlyReplicated, 2 underReplicated and 0 unhealthy containers
2021-01-10 13:36:54,098 [DatanodeAdminManager-0] INFO  node.DatanodeAdminMonitorImpl (DatanodeAdminMonitorImpl.java:checkContainersReplicatedOnNode(297)) - 2f093e54-b728-4a2a-9239-b3f8c2a2e755{ip: 172.17.0.2, host: c2cea8100722, networkLocation: /default-rack, certSerialId: null, persistedOpState: ENTERING_MAINTENANCE, persistedOpStateExpiryEpochSec: 0} has 0 sufficientlyReplicated, 2 underReplicated and 0 unhealthy containers
2021-01-10 13:36:54,098 [DatanodeAdminManager-0] INFO  node.DatanodeAdminMonitorImpl (DatanodeAdminMonitorImpl.java:checkContainersReplicatedOnNode(297)) - b3570078-f6e2-4b7a-8962-99d3351b1084{ip: 172.17.0.2, host: c2cea8100722, networkLocation: /default-rack, certSerialId: null, persistedOpState: ENTERING_MAINTENANCE, persistedOpStateExpiryEpochSec: 0} has 0 sufficientlyReplicated, 2 underReplicated and 0 unhealthy containers
2021-01-10 13:36:54,098 [DatanodeAdminManager-0] INFO  node.DatanodeAdminMonitorImpl (DatanodeAdminMonitorImpl.java:run(136)) - There are 3 nodes tracked for decommission and maintenance. 0 pending nodes.
2021-01-10 13:36:54,779 [ReplicationMonitor] INFO  container.ReplicationManager (ReplicationManager.java:handleUnderReplicatedContainer(722)) - Container #5 is under replicated. Expected replica count is 3, but found 1.
2021-01-10 13:36:54,779 [ReplicationMonitor] INFO  container.ReplicationManager (ReplicationManager.java:sendReplicateCommand(970)) - Sending replicate container command for container #5 to datanode cfe20c21-fb82-45e1-aa84-22b1a6eaba94{ip: 172.17.0.2, host: c2cea8100722, networkLocation: /default-rack, certSerialId: null, persistedOpState: IN_SERVICE, persistedOpStateExpiryEpochSec: 0}
2021-01-10 13:36:54,779 [ReplicationMonitor] INFO  container.ReplicationManager (ReplicationManager.java:sendReplicateCommand(970)) - Sending replicate container command for container #5 to datanode 63b42672-d3a4-4132-9f43-651996da4388{ip: 172.17.0.2, host: c2cea8100722, networkLocation: /default-rack, certSerialId: null, persistedOpState: IN_SERVICE, persistedOpStateExpiryEpochSec: 0}
2021-01-10 13:36:54,780 [ReplicationMonitor] INFO  container.ReplicationManager (ReplicationManager.java:forceCloseContainer(633)) - Force closing container #4 with BCSID 2, which is in QUASI_CLOSED state.
2021-01-10 13:36:54,780 [ReplicationMonitor] INFO  container.ReplicationManager (ReplicationManager.java:sendCloseCommand(948)) - Sending close container command for container #4 to datanode 2f093e54-b728-4a2a-9239-b3f8c2a2e755{ip: 172.17.0.2, host: c2cea8100722, networkLocation: /default-rack, certSerialId: null, persistedOpState: ENTERING_MAINTENANCE, persistedOpStateExpiryEpochSec: 0}.
2021-01-10 13:36:54,780 [ReplicationMonitor] INFO  container.ReplicationManager (ReplicationManager.java:sendCloseCommand(948)) - Sending close container command for container #4 to datanode 0ad6d196-e751-48c8-8ca7-d67dcf240f32{ip: 172.17.0.2, host: c2cea8100722, networkLocation: /default-rack, certSerialId: null, persistedOpState: ENTERING_MAINTENANCE, persistedOpStateExpiryEpochSec: 0}.
2021-01-10 13:36:54,780 [ReplicationMonitor] INFO  container.ReplicationManager (ReplicationManager.java:sendCloseCommand(948)) - Sending close container command for container #4 to datanode b3570078-f6e2-4b7a-8962-99d3351b1084{ip: 172.17.0.2, host: c2cea8100722, networkLocation: /default-rack, certSerialId: null, persistedOpState: ENTERING_MAINTENANCE, persistedOpStateExpiryEpochSec: 0}.
2021-01-10 13:36:54,780 [ReplicationMonitor] INFO  container.ReplicationManager (ReplicationManager.java:run(250)) - Replication Monitor Thread took 2 milliseconds for processing 5 containers.
2021-01-10 13:36:54,793 [Command processor thread] INFO  keyvalue.KeyValueContainer (KeyValueContainer.java:flushAndSyncDB(388)) - Container 5 is synced with bcsId 6.
2021-01-10 13:36:54,793 [Command processor thread] INFO  keyvalue.KeyValueContainer (KeyValueContainer.java:flushAndSyncDB(388)) - Container 5 is synced with bcsId 6.
2021-01-10 13:36:54,795 [Command processor thread] INFO  keyvalue.KeyValueContainer (KeyValueContainer.java:close(326)) - Container 5 is closed with bcsId 6.
2021-01-10 13:36:54,795 [Command processor thread] INFO  keyvalue.KeyValueContainer (KeyValueContainer.java:flushAndSyncDB(388)) - Container 4 is synced with bcsId 2.
2021-01-10 13:36:54,796 [Command processor thread] INFO  keyvalue.KeyValueContainer (KeyValueContainer.java:flushAndSyncDB(388)) - Container 4 is synced with bcsId 2.
2021-01-10 13:36:54,797 [Command processor thread] INFO  keyvalue.KeyValueContainer (KeyValueContainer.java:close(326)) - Container 4 is closed with bcsId 2.
2021-01-10 13:36:54,798 [EventQueue-IncrementalContainerReportForIncrementalContainerReportHandler] INFO  container.IncrementalContainerReportHandler (AbstractContainerReportHandler.java:updateContainerState(241)) - Moving container #4 to CLOSED state, datanode b3570078-f6e2-4b7a-8962-99d3351b1084{ip: 172.17.0.2, host: c2cea8100722, networkLocation: /default-rack, certSerialId: null, persistedOpState: ENTERING_MAINTENANCE, persistedOpStateExpiryEpochSec: 0} reported CLOSED replica.
2021-01-10 13:36:54,799 [Command processor thread] INFO  keyvalue.KeyValueContainer (KeyValueContainer.java:flushAndSyncDB(388)) - Container 5 is synced with bcsId 6.
2021-01-10 13:36:54,799 [Command processor thread] INFO  keyvalue.KeyValueContainer (KeyValueContainer.java:flushAndSyncDB(388)) - Container 5 is synced with bcsId 6.
2021-01-10 13:36:54,801 [Command processor thread] INFO  keyvalue.KeyValueContainer (KeyValueContainer.java:close(326)) - Container 5 is closed with bcsId 6.
2021-01-10 13:36:54,801 [Command processor thread] INFO  keyvalue.KeyValueContainer (KeyValueContainer.java:flushAndSyncDB(388)) - Container 4 is synced with bcsId 2.
2021-01-10 13:36:54,801 [Command processor thread] INFO  keyvalue.KeyValueContainer (KeyValueContainer.java:flushAndSyncDB(388)) - Container 4 is synced with bcsId 2.
2021-01-10 13:36:54,803 [Command processor thread] INFO  keyvalue.KeyValueContainer (KeyValueContainer.java:close(326)) - Container 4 is closed with bcsId 2.
2021-01-10 13:36:55,098 [DatanodeAdminManager-0] INFO  node.DatanodeAdminMonitorImpl (DatanodeAdminMonitorImpl.java:checkContainersReplicatedOnNode(297)) - 0ad6d196-e751-48c8-8ca7-d67dcf240f32{ip: 172.17.0.2, host: c2cea8100722, networkLocation: /default-rack, certSerialId: null, persistedOpState: ENTERING_MAINTENANCE, persistedOpStateExpiryEpochSec: 0} has 0 sufficientlyReplicated, 2 underReplicated and 0 unhealthy containers
2021-01-10 13:36:55,098 [DatanodeAdminManager-0] INFO  node.DatanodeAdminMonitorImpl (DatanodeAdminMonitorImpl.java:checkContainersReplicatedOnNode(297)) - 2f093e54-b728-4a2a-9239-b3f8c2a2e755{ip: 172.17.0.2, host: c2cea8100722, networkLocation: /default-rack, certSerialId: null, persistedOpState: ENTERING_MAINTENANCE, persistedOpStateExpiryEpochSec: 0} has 0 sufficientlyReplicated, 2 underReplicated and 0 unhealthy containers
2021-01-10 13:36:55,098 [DatanodeAdminManager-0] INFO  node.DatanodeAdminMonitorImpl (DatanodeAdminMonitorImpl.java:checkContainersReplicatedOnNode(297)) - b3570078-f6e2-4b7a-8962-99d3351b1084{ip: 172.17.0.2, host: c2cea8100722, networkLocation: /default-rack, certSerialId: null, persistedOpState: ENTERING_MAINTENANCE, persistedOpStateExpiryEpochSec: 0} has 0 sufficientlyReplicated, 2 underReplicated and 0 unhealthy containers
2021-01-10 13:36:55,098 [DatanodeAdminManager-0] INFO  node.DatanodeAdminMonitorImpl (DatanodeAdminMonitorImpl.java:run(136)) - There are 3 nodes tracked for decommission and maintenance. 0 pending nodes.
2021-01-10 13:36:55,781 [Command processor thread] INFO  keyvalue.KeyValueContainer (KeyValueContainer.java:flushAndSyncDB(388)) - Container 4 is synced with bcsId 2.
2021-01-10 13:36:55,781 [Command processor thread] INFO  keyvalue.KeyValueContainer (KeyValueContainer.java:flushAndSyncDB(388)) - Container 4 is synced with bcsId 2.
2021-01-10 13:36:55,781 [ReplicationMonitor] INFO  container.ReplicationManager (ReplicationManager.java:handleUnderReplicatedContainer(722)) - Container #4 is under replicated. Expected replica count is 3, but found 1.
2021-01-10 13:36:55,781 [ReplicationMonitor] INFO  container.ReplicationManager (ReplicationManager.java:sendReplicateCommand(970)) - Sending replicate container command for container #4 to datanode 63b42672-d3a4-4132-9f43-651996da4388{ip: 172.17.0.2, host: c2cea8100722, networkLocation: /default-rack, certSerialId: null, persistedOpState: IN_SERVICE, persistedOpStateExpiryEpochSec: 0}
2021-01-10 13:36:55,781 [ReplicationMonitor] INFO  container.ReplicationManager (ReplicationManager.java:sendReplicateCommand(970)) - Sending replicate container command for container #4 to datanode cfe20c21-fb82-45e1-aa84-22b1a6eaba94{ip: 172.17.0.2, host: c2cea8100722, networkLocation: /default-rack, certSerialId: null, persistedOpState: IN_SERVICE, persistedOpStateExpiryEpochSec: 0}
2021-01-10 13:36:55,781 [ReplicationMonitor] INFO  container.ReplicationManager (ReplicationManager.java:run(250)) - Replication Monitor Thread took 1 milliseconds for processing 5 containers.
2021-01-10 13:36:55,784 [Command processor thread] INFO  keyvalue.KeyValueContainer (KeyValueContainer.java:close(326)) - Container 4 is closed with bcsId 2.
2021-01-10 13:36:56,098 [DatanodeAdminManager-0] INFO  node.DatanodeAdminMonitorImpl (DatanodeAdminMonitorImpl.java:checkContainersReplicatedOnNode(297)) - 0ad6d196-e751-48c8-8ca7-d67dcf240f32{ip: 172.17.0.2, host: c2cea8100722, networkLocation: /default-rack, certSerialId: null, persistedOpState: ENTERING_MAINTENANCE, persistedOpStateExpiryEpochSec: 0} has 0 sufficientlyReplicated, 2 underReplicated and 0 unhealthy containers
2021-01-10 13:36:56,098 [DatanodeAdminManager-0] INFO  node.DatanodeAdminMonitorImpl (DatanodeAdminMonitorImpl.java:checkContainersReplicatedOnNode(297)) - 2f093e54-b728-4a2a-9239-b3f8c2a2e755{ip: 172.17.0.2, host: c2cea8100722, networkLocation: /default-rack, certSerialId: null, persistedOpState: ENTERING_MAINTENANCE, persistedOpStateExpiryEpochSec: 0} has 0 sufficientlyReplicated, 2 underReplicated and 0 unhealthy containers
2021-01-10 13:36:56,098 [DatanodeAdminManager-0] INFO  node.DatanodeAdminMonitorImpl (DatanodeAdminMonitorImpl.java:checkContainersReplicatedOnNode(297)) - b3570078-f6e2-4b7a-8962-99d3351b1084{ip: 172.17.0.2, host: c2cea8100722, networkLocation: /default-rack, certSerialId: null, persistedOpState: ENTERING_MAINTENANCE, persistedOpStateExpiryEpochSec: 0} has 0 sufficientlyReplicated, 2 underReplicated and 0 unhealthy containers
2021-01-10 13:36:56,098 [DatanodeAdminManager-0] INFO  node.DatanodeAdminMonitorImpl (DatanodeAdminMonitorImpl.java:run(136)) - There are 3 nodes tracked for decommission and maintenance. 0 pending nodes.
2021-01-10 13:36:56,782 [ReplicationMonitor] INFO  container.ReplicationManager (ReplicationManager.java:run(250)) - Replication Monitor Thread took 1 milliseconds for processing 5 containers.
2021-01-10 13:36:56,971 [ContainerReplicationThread-0] INFO  replication.DownloadAndImportReplicator (DownloadAndImportReplicator.java:replicate(106)) - Starting replication of container 5 from [2f093e54-b728-4a2a-9239-b3f8c2a2e755{ip: 172.17.0.2, host: c2cea8100722, networkLocation: /default-rack, certSerialId: null, persistedOpState: ENTERING_MAINTENANCE, persistedOpStateExpiryEpochSec: 0}, 0ad6d196-e751-48c8-8ca7-d67dcf240f32{ip: 172.17.0.2, host: c2cea8100722, networkLocation: /default-rack, certSerialId: null, persistedOpState: ENTERING_MAINTENANCE, persistedOpStateExpiryEpochSec: 0}, b3570078-f6e2-4b7a-8962-99d3351b1084{ip: 172.17.0.2, host: c2cea8100722, networkLocation: /default-rack, certSerialId: null, persistedOpState: ENTERING_MAINTENANCE, persistedOpStateExpiryEpochSec: 0}]
2021-01-10 13:36:56,972 [ContainerReplicationThread-1] INFO  replication.DownloadAndImportReplicator (DownloadAndImportReplicator.java:replicate(106)) - Starting replication of container 4 from [2f093e54-b728-4a2a-9239-b3f8c2a2e755{ip: 172.17.0.2, host: c2cea8100722, networkLocation: /default-rack, certSerialId: null, persistedOpState: ENTERING_MAINTENANCE, persistedOpStateExpiryEpochSec: 0}, 0ad6d196-e751-48c8-8ca7-d67dcf240f32{ip: 172.17.0.2, host: c2cea8100722, networkLocation: /default-rack, certSerialId: null, persistedOpState: ENTERING_MAINTENANCE, persistedOpStateExpiryEpochSec: 0}, b3570078-f6e2-4b7a-8962-99d3351b1084{ip: 172.17.0.2, host: c2cea8100722, networkLocation: /default-rack, certSerialId: null, persistedOpState: ENTERING_MAINTENANCE, persistedOpStateExpiryEpochSec: 0}]
2021-01-10 13:36:56,976 [ContainerReplicationThread-0] INFO  replication.DownloadAndImportReplicator (DownloadAndImportReplicator.java:replicate(106)) - Starting replication of container 5 from [2f093e54-b728-4a2a-9239-b3f8c2a2e755{ip: 172.17.0.2, host: c2cea8100722, networkLocation: /default-rack, certSerialId: null, persistedOpState: ENTERING_MAINTENANCE, persistedOpStateExpiryEpochSec: 0}, 0ad6d196-e751-48c8-8ca7-d67dcf240f32{ip: 172.17.0.2, host: c2cea8100722, networkLocation: /default-rack, certSerialId: null, persistedOpState: ENTERING_MAINTENANCE, persistedOpStateExpiryEpochSec: 0}, b3570078-f6e2-4b7a-8962-99d3351b1084{ip: 172.17.0.2, host: c2cea8100722, networkLocation: /default-rack, certSerialId: null, persistedOpState: ENTERING_MAINTENANCE, persistedOpStateExpiryEpochSec: 0}]
2021-01-10 13:36:56,977 [ContainerReplicationThread-1] INFO  replication.DownloadAndImportReplicator (DownloadAndImportReplicator.java:replicate(106)) - Starting replication of container 4 from [2f093e54-b728-4a2a-9239-b3f8c2a2e755{ip: 172.17.0.2, host: c2cea8100722, networkLocation: /default-rack, certSerialId: null, persistedOpState: ENTERING_MAINTENANCE, persistedOpStateExpiryEpochSec: 0}, 0ad6d196-e751-48c8-8ca7-d67dcf240f32{ip: 172.17.0.2, host: c2cea8100722, networkLocation: /default-rack, certSerialId: null, persistedOpState: ENTERING_MAINTENANCE, persistedOpStateExpiryEpochSec: 0}, b3570078-f6e2-4b7a-8962-99d3351b1084{ip: 172.17.0.2, host: c2cea8100722, networkLocation: /default-rack, certSerialId: null, persistedOpState: ENTERING_MAINTENANCE, persistedOpStateExpiryEpochSec: 0}]
2021-01-10 13:36:56,981 [grpc-default-executor-4] INFO  replication.GrpcReplicationService (GrpcReplicationService.java:download(52)) - Streaming container data (5) to other datanode
2021-01-10 13:36:56,986 [grpc-default-executor-2] INFO  replication.GrpcReplicationService (GrpcReplicationService.java:download(52)) - Streaming container data (5) to other datanode
2021-01-10 13:36:56,989 [grpc-default-executor-3] INFO  replication.GrpcReplicationService (GrpcReplicationService.java:download(52)) - Streaming container data (4) to other datanode
2021-01-10 13:36:56,992 [grpc-default-executor-4] INFO  replication.GrpcOutputStream (GrpcOutputStream.java:close(104)) - Sent 10311 bytes for container 5
2021-01-10 13:36:56,997 [grpc-default-executor-1] INFO  replication.GrpcReplicationClient (GrpcReplicationClient.java:onCompleted(186)) - Container 5 is downloaded to /github/workspace/mnt/ozone/hadoop-ozone/integration-test/target/test-dir/MiniOzoneClusterImpl-0ee44e4a-5790-445b-bee5-3ef48b2e27da/datanode-1/data/replication/work/container-5.tar.gz
2021-01-10 13:36:57,000 [grpc-default-executor-3] INFO  replication.GrpcOutputStream (GrpcOutputStream.java:close(104)) - Sent 10254 bytes for container 4
2021-01-10 13:36:57,002 [ContainerReplicationThread-0] INFO  replication.DownloadAndImportReplicator (DownloadAndImportReplicator.java:replicate(117)) - Container 5 is downloaded, starting to import.
2021-01-10 13:36:57,004 [grpc-default-executor-3] INFO  replication.GrpcReplicationClient (GrpcReplicationClient.java:onCompleted(186)) - Container 4 is downloaded to /github/workspace/mnt/ozone/hadoop-ozone/integration-test/target/test-dir/MiniOzoneClusterImpl-0ee44e4a-5790-445b-bee5-3ef48b2e27da/datanode-1/data/replication/work/container-4.tar.gz
2021-01-10 13:36:57,005 [grpc-default-executor-1] INFO  replication.GrpcReplicationService (GrpcReplicationService.java:download(52)) - Streaming container data (4) to other datanode
2021-01-10 13:36:57,016 [ContainerReplicationThread-1] INFO  replication.DownloadAndImportReplicator (DownloadAndImportReplicator.java:replicate(117)) - Container 4 is downloaded, starting to import.
2021-01-10 13:36:57,036 [grpc-default-executor-1] INFO  replication.GrpcOutputStream (GrpcOutputStream.java:close(104)) - Sent 10226 bytes for container 4
2021-01-10 13:36:57,036 [grpc-default-executor-3] INFO  replication.GrpcReplicationClient (GrpcReplicationClient.java:onCompleted(186)) - Container 4 is downloaded to /github/workspace/mnt/ozone/hadoop-ozone/integration-test/target/test-dir/MiniOzoneClusterImpl-0ee44e4a-5790-445b-bee5-3ef48b2e27da/datanode-2/data/replication/work/container-4.tar.gz
2021-01-10 13:36:57,040 [ContainerReplicationThread-1] INFO  replication.DownloadAndImportReplicator (DownloadAndImportReplicator.java:replicate(117)) - Container 4 is downloaded, starting to import.
2021-01-10 13:36:57,053 [grpc-default-executor-2] INFO  replication.GrpcOutputStream (GrpcOutputStream.java:close(104)) - Sent 20151 bytes for container 5
2021-01-10 13:36:57,062 [grpc-default-executor-2] INFO  replication.GrpcReplicationClient (GrpcReplicationClient.java:onCompleted(186)) - Container 5 is downloaded to /github/workspace/mnt/ozone/hadoop-ozone/integration-test/target/test-dir/MiniOzoneClusterImpl-0ee44e4a-5790-445b-bee5-3ef48b2e27da/datanode-2/data/replication/work/container-5.tar.gz
2021-01-10 13:36:57,064 [ContainerReplicationThread-0] INFO  replication.DownloadAndImportReplicator (DownloadAndImportReplicator.java:replicate(117)) - Container 5 is downloaded, starting to import.
2021-01-10 13:36:57,084 [ContainerReplicationThread-0] INFO  replication.DownloadAndImportReplicator (DownloadAndImportReplicator.java:replicate(120)) - Container 5 is replicated successfully
2021-01-10 13:36:57,084 [ContainerReplicationThread-0] INFO  replication.ReplicationSupervisor (ReplicationSupervisor.java:run(147)) - Container 5 is replicated.
2021-01-10 13:36:57,092 [ContainerReplicationThread-1] INFO  replication.DownloadAndImportReplicator (DownloadAndImportReplicator.java:replicate(120)) - Container 4 is replicated successfully
2021-01-10 13:36:57,092 [ContainerReplicationThread-1] INFO  replication.ReplicationSupervisor (ReplicationSupervisor.java:run(147)) - Container 4 is replicated.
2021-01-10 13:36:57,095 [ContainerReplicationThread-1] INFO  replication.DownloadAndImportReplicator (DownloadAndImportReplicator.java:replicate(120)) - Container 4 is replicated successfully
2021-01-10 13:36:57,095 [ContainerReplicationThread-1] INFO  replication.ReplicationSupervisor (ReplicationSupervisor.java:run(147)) - Container 4 is replicated.
2021-01-10 13:36:57,098 [DatanodeAdminManager-0] INFO  node.DatanodeAdminMonitorImpl (DatanodeAdminMonitorImpl.java:checkContainersReplicatedOnNode(297)) - 0ad6d196-e751-48c8-8ca7-d67dcf240f32{ip: 172.17.0.2, host: c2cea8100722, networkLocation: /default-rack, certSerialId: null, persistedOpState: ENTERING_MAINTENANCE, persistedOpStateExpiryEpochSec: 0} has 0 sufficientlyReplicated, 2 underReplicated and 0 unhealthy containers
2021-01-10 13:36:57,098 [DatanodeAdminManager-0] INFO  node.DatanodeAdminMonitorImpl (DatanodeAdminMonitorImpl.java:checkContainersReplicatedOnNode(297)) - 2f093e54-b728-4a2a-9239-b3f8c2a2e755{ip: 172.17.0.2, host: c2cea8100722, networkLocation: /default-rack, certSerialId: null, persistedOpState: ENTERING_MAINTENANCE, persistedOpStateExpiryEpochSec: 0} has 0 sufficientlyReplicated, 2 underReplicated and 0 unhealthy containers
2021-01-10 13:36:57,098 [DatanodeAdminManager-0] INFO  node.DatanodeAdminMonitorImpl (DatanodeAdminMonitorImpl.java:checkContainersReplicatedOnNode(297)) - b3570078-f6e2-4b7a-8962-99d3351b1084{ip: 172.17.0.2, host: c2cea8100722, networkLocation: /default-rack, certSerialId: null, persistedOpState: ENTERING_MAINTENANCE, persistedOpStateExpiryEpochSec: 0} has 0 sufficientlyReplicated, 2 underReplicated and 0 unhealthy containers
2021-01-10 13:36:57,098 [DatanodeAdminManager-0] INFO  node.DatanodeAdminMonitorImpl (DatanodeAdminMonitorImpl.java:run(136)) - There are 3 nodes tracked for decommission and maintenance. 0 pending nodes.
2021-01-10 13:36:57,098 [ContainerReplicationThread-0] INFO  replication.DownloadAndImportReplicator (DownloadAndImportReplicator.java:replicate(120)) - Container 5 is replicated successfully
2021-01-10 13:36:57,098 [ContainerReplicationThread-0] INFO  replication.ReplicationSupervisor (ReplicationSupervisor.java:run(147)) - Container 5 is replicated.
2021-01-10 13:36:57,783 [ReplicationMonitor] INFO  container.ReplicationManager (ReplicationManager.java:run(250)) - Replication Monitor Thread took 0 milliseconds for processing 5 containers.
2021-01-10 13:36:58,098 [DatanodeAdminManager-0] INFO  node.DatanodeAdminMonitorImpl (DatanodeAdminMonitorImpl.java:checkContainersReplicatedOnNode(297)) - 0ad6d196-e751-48c8-8ca7-d67dcf240f32{ip: 172.17.0.2, host: c2cea8100722, networkLocation: /default-rack, certSerialId: null, persistedOpState: ENTERING_MAINTENANCE, persistedOpStateExpiryEpochSec: 0} has 1 sufficientlyReplicated, 1 underReplicated and 0 unhealthy containers
2021-01-10 13:36:58,098 [DatanodeAdminManager-0] INFO  node.DatanodeAdminMonitorImpl (DatanodeAdminMonitorImpl.java:checkContainersReplicatedOnNode(297)) - 2f093e54-b728-4a2a-9239-b3f8c2a2e755{ip: 172.17.0.2, host: c2cea8100722, networkLocation: /default-rack, certSerialId: null, persistedOpState: ENTERING_MAINTENANCE, persistedOpStateExpiryEpochSec: 0} has 1 sufficientlyReplicated, 1 underReplicated and 0 unhealthy containers
2021-01-10 13:36:58,098 [DatanodeAdminManager-0] INFO  node.DatanodeAdminMonitorImpl (DatanodeAdminMonitorImpl.java:checkContainersReplicatedOnNode(297)) - b3570078-f6e2-4b7a-8962-99d3351b1084{ip: 172.17.0.2, host: c2cea8100722, networkLocation: /default-rack, certSerialId: null, persistedOpState: ENTERING_MAINTENANCE, persistedOpStateExpiryEpochSec: 0} has 1 sufficientlyReplicated, 1 underReplicated and 0 unhealthy containers
2021-01-10 13:36:58,098 [DatanodeAdminManager-0] INFO  node.DatanodeAdminMonitorImpl (DatanodeAdminMonitorImpl.java:run(136)) - There are 3 nodes tracked for decommission and maintenance. 0 pending nodes.
2021-01-10 13:36:58,783 [ReplicationMonitor] INFO  container.ReplicationManager (ReplicationManager.java:handleUnderReplicatedContainer(722)) - Container #5 is under replicated. Expected replica count is 3, but found 2.
2021-01-10 13:36:58,784 [ReplicationMonitor] INFO  container.ReplicationManager (ReplicationManager.java:sendReplicateCommand(970)) - Sending replicate container command for container #5 to datanode 5a30f297-e3d6-40f2-a678-35d09e11e701{ip: 172.17.0.2, host: c2cea8100722, networkLocation: /default-rack, certSerialId: null, persistedOpState: IN_SERVICE, persistedOpStateExpiryEpochSec: 0}
2021-01-10 13:36:58,784 [ReplicationMonitor] INFO  container.ReplicationManager (ReplicationManager.java:run(250)) - Replication Monitor Thread took 1 milliseconds for processing 5 containers.
2021-01-10 13:36:59,098 [DatanodeAdminManager-0] INFO  node.DatanodeAdminMonitorImpl (DatanodeAdminMonitorImpl.java:checkContainersReplicatedOnNode(297)) - 0ad6d196-e751-48c8-8ca7-d67dcf240f32{ip: 172.17.0.2, host: c2cea8100722, networkLocation: /default-rack, certSerialId: null, persistedOpState: ENTERING_MAINTENANCE, persistedOpStateExpiryEpochSec: 0} has 0 sufficientlyReplicated, 2 underReplicated and 0 unhealthy containers
2021-01-10 13:36:59,098 [DatanodeAdminManager-0] INFO  node.DatanodeAdminMonitorImpl (DatanodeAdminMonitorImpl.java:checkContainersReplicatedOnNode(297)) - 2f093e54-b728-4a2a-9239-b3f8c2a2e755{ip: 172.17.0.2, host: c2cea8100722, networkLocation: /default-rack, certSerialId: null, persistedOpState: ENTERING_MAINTENANCE, persistedOpStateExpiryEpochSec: 0} has 0 sufficientlyReplicated, 2 underReplicated and 0 unhealthy containers
2021-01-10 13:36:59,098 [DatanodeAdminManager-0] INFO  node.DatanodeAdminMonitorImpl (DatanodeAdminMonitorImpl.java:checkContainersReplicatedOnNode(297)) - b3570078-f6e2-4b7a-8962-99d3351b1084{ip: 172.17.0.2, host: c2cea8100722, networkLocation: /default-rack, certSerialId: null, persistedOpState: ENTERING_MAINTENANCE, persistedOpStateExpiryEpochSec: 0} has 0 sufficientlyReplicated, 2 underReplicated and 0 unhealthy containers
2021-01-10 13:36:59,098 [DatanodeAdminManager-0] INFO  node.DatanodeAdminMonitorImpl (DatanodeAdminMonitorImpl.java:run(136)) - There are 3 nodes tracked for decommission and maintenance. 0 pending nodes.
2021-01-10 13:36:59,785 [ReplicationMonitor] INFO  container.ReplicationManager (ReplicationManager.java:run(250)) - Replication Monitor Thread took 1 milliseconds for processing 5 containers.
2021-01-10 13:37:00,098 [DatanodeAdminManager-0] INFO  node.DatanodeAdminMonitorImpl (DatanodeAdminMonitorImpl.java:checkContainersReplicatedOnNode(297)) - 0ad6d196-e751-48c8-8ca7-d67dcf240f32{ip: 172.17.0.2, host: c2cea8100722, networkLocation: /default-rack, certSerialId: null, persistedOpState: ENTERING_MAINTENANCE, persistedOpStateExpiryEpochSec: 0} has 2 sufficientlyReplicated, 0 underReplicated and 0 unhealthy containers
2021-01-10 13:37:00,098 [DatanodeAdminManager-0] INFO  node.DatanodeAdminMonitorImpl (DatanodeAdminMonitorImpl.java:putIntoMaintenance(313)) - Datanode 0ad6d196-e751-48c8-8ca7-d67dcf240f32{ip: 172.17.0.2, host: c2cea8100722, networkLocation: /default-rack, certSerialId: null, persistedOpState: ENTERING_MAINTENANCE, persistedOpStateExpiryEpochSec: 0} has entered maintenance
2021-01-10 13:37:00,098 [DatanodeAdminManager-0] INFO  node.DatanodeAdminMonitorImpl (DatanodeAdminMonitorImpl.java:checkContainersReplicatedOnNode(297)) - 2f093e54-b728-4a2a-9239-b3f8c2a2e755{ip: 172.17.0.2, host: c2cea8100722, networkLocation: /default-rack, certSerialId: null, persistedOpState: ENTERING_MAINTENANCE, persistedOpStateExpiryEpochSec: 0} has 2 sufficientlyReplicated, 0 underReplicated and 0 unhealthy containers
2021-01-10 13:37:00,098 [DatanodeAdminManager-0] INFO  node.DatanodeAdminMonitorImpl (DatanodeAdminMonitorImpl.java:putIntoMaintenance(313)) - Datanode 2f093e54-b728-4a2a-9239-b3f8c2a2e755{ip: 172.17.0.2, host: c2cea8100722, networkLocation: /default-rack, certSerialId: null, persistedOpState: ENTERING_MAINTENANCE, persistedOpStateExpiryEpochSec: 0} has entered maintenance
2021-01-10 13:37:00,098 [DatanodeAdminManager-0] INFO  node.DatanodeAdminMonitorImpl (DatanodeAdminMonitorImpl.java:checkContainersReplicatedOnNode(297)) - b3570078-f6e2-4b7a-8962-99d3351b1084{ip: 172.17.0.2, host: c2cea8100722, networkLocation: /default-rack, certSerialId: null, persistedOpState: ENTERING_MAINTENANCE, persistedOpStateExpiryEpochSec: 0} has 2 sufficientlyReplicated, 0 underReplicated and 0 unhealthy containers
2021-01-10 13:37:00,098 [DatanodeAdminManager-0] INFO  node.DatanodeAdminMonitorImpl (DatanodeAdminMonitorImpl.java:putIntoMaintenance(313)) - Datanode b3570078-f6e2-4b7a-8962-99d3351b1084{ip: 172.17.0.2, host: c2cea8100722, networkLocation: /default-rack, certSerialId: null, persistedOpState: ENTERING_MAINTENANCE, persistedOpStateExpiryEpochSec: 0} has entered maintenance
2021-01-10 13:37:00,098 [DatanodeAdminManager-0] INFO  node.DatanodeAdminMonitorImpl (DatanodeAdminMonitorImpl.java:run(136)) - There are 3 nodes tracked for decommission and maintenance. 0 pending nodes.
2021-01-10 13:37:00,785 [IPC Server handler 4 on default port 45713] INFO  node.SCMNodeManager (SCMNodeManager.java:updateDatanodeOpState(419)) - Scheduling a command to update the operationalState persisted on the datanode as the reported value (ENTERING_MAINTENANCE, 0) does not match the value stored in SCM (IN_MAINTENANCE, 0)
2021-01-10 13:37:00,786 [ReplicationMonitor] INFO  container.ReplicationManager (ReplicationManager.java:run(250)) - Replication Monitor Thread took 0 milliseconds for processing 5 containers.
2021-01-10 13:37:00,801 [IPC Server handler 11 on default port 45713] INFO  node.SCMNodeManager (SCMNodeManager.java:updateDatanodeOpState(419)) - Scheduling a command to update the operationalState persisted on the datanode as the reported value (ENTERING_MAINTENANCE, 0) does not match the value stored in SCM (IN_MAINTENANCE, 0)
2021-01-10 13:37:00,805 [IPC Server handler 15 on default port 45713] INFO  node.SCMNodeManager (SCMNodeManager.java:updateDatanodeOpState(419)) - Scheduling a command to update the operationalState persisted on the datanode as the reported value (ENTERING_MAINTENANCE, 0) does not match the value stored in SCM (IN_MAINTENANCE, 0)
2021-01-10 13:37:00,980 [ContainerReplicationThread-0] INFO  replication.DownloadAndImportReplicator (DownloadAndImportReplicator.java:replicate(106)) - Starting replication of container 5 from [2f093e54-b728-4a2a-9239-b3f8c2a2e755{ip: 172.17.0.2, host: c2cea8100722, networkLocation: /default-rack, certSerialId: null, persistedOpState: ENTERING_MAINTENANCE, persistedOpStateExpiryEpochSec: 0}, 0ad6d196-e751-48c8-8ca7-d67dcf240f32{ip: 172.17.0.2, host: c2cea8100722, networkLocation: /default-rack, certSerialId: null, persistedOpState: ENTERING_MAINTENANCE, persistedOpStateExpiryEpochSec: 0}, b3570078-f6e2-4b7a-8962-99d3351b1084{ip: 172.17.0.2, host: c2cea8100722, networkLocation: /default-rack, certSerialId: null, persistedOpState: ENTERING_MAINTENANCE, persistedOpStateExpiryEpochSec: 0}, 63b42672-d3a4-4132-9f43-651996da4388{ip: 172.17.0.2, host: c2cea8100722, networkLocation: /default-rack, certSerialId: null, persistedOpState: IN_SERVICE, persistedOpStateExpiryEpochSec: 0}]
2021-01-10 13:37:01,225 [DatanodeAdminManager-0] INFO  node.DatanodeAdminMonitorImpl (DatanodeAdminMonitorImpl.java:run(136)) - There are 3 nodes tracked for decommission and maintenance. 0 pending nodes.
2021-01-10 13:37:01,226 [org.apache.ratis.util.JvmPauseMonitor$$Lambda$220/668167883@105c86b1] WARN  util.JvmPauseMonitor (JvmPauseMonitor.java:detectPause(124)) - JvmPauseMonitor-63b42672-d3a4-4132-9f43-651996da4388: Detected pause in JVM or host machine (eg GC): pause of approximately 235818851ns

GC pool 'PS MarkSweep' had collection(s): count=1 time=171ms
GC pool 'PS Scavenge' had collection(s): count=1 time=61ms
2021-01-10 13:37:01,227 [org.apache.ratis.util.JvmPauseMonitor$$Lambda$220/668167883@26902e95] WARN  util.JvmPauseMonitor (JvmPauseMonitor.java:detectPause(124)) - JvmPauseMonitor-5a30f297-e3d6-40f2-a678-35d09e11e701: Detected pause in JVM or host machine (eg GC): pause of approximately 166671138ns

GC pool 'PS MarkSweep' had collection(s): count=1 time=171ms
GC pool 'PS Scavenge' had collection(s): count=1 time=61ms
2021-01-10 13:37:01,232 [grpc-default-executor-2] INFO  replication.GrpcReplicationService (GrpcReplicationService.java:download(52)) - Streaming container data (5) to other datanode
2021-01-10 13:37:01,260 [grpc-default-executor-2] INFO  replication.GrpcOutputStream (GrpcOutputStream.java:close(104)) - Sent 31325 bytes for container 5
2021-01-10 13:37:01,261 [grpc-default-executor-2] INFO  replication.GrpcReplicationClient (GrpcReplicationClient.java:onCompleted(186)) - Container 5 is downloaded to /github/workspace/mnt/ozone/hadoop-ozone/integration-test/target/test-dir/MiniOzoneClusterImpl-0ee44e4a-5790-445b-bee5-3ef48b2e27da/datanode-0/data/replication/work/container-5.tar.gz
2021-01-10 13:37:01,262 [ContainerReplicationThread-0] INFO  replication.DownloadAndImportReplicator (DownloadAndImportReplicator.java:replicate(117)) - Container 5 is downloaded, starting to import.
2021-01-10 13:37:01,288 [ContainerReplicationThread-0] INFO  replication.DownloadAndImportReplicator (DownloadAndImportReplicator.java:replicate(120)) - Container 5 is replicated successfully
2021-01-10 13:37:01,288 [ContainerReplicationThread-0] INFO  replication.ReplicationSupervisor (ReplicationSupervisor.java:run(147)) - Container 5 is replicated.
2021-01-10 13:37:01,786 [IPC Server handler 4 on default port 45713] INFO  node.SCMNodeManager (SCMNodeManager.java:updateDatanodeOpState(419)) - Scheduling a command to update the operationalState persisted on the datanode as the reported value (ENTERING_MAINTENANCE, 0) does not match the value stored in SCM (IN_MAINTENANCE, 0)
2021-01-10 13:37:01,786 [ReplicationMonitor] INFO  container.ReplicationManager (ReplicationManager.java:run(250)) - Replication Monitor Thread took 0 milliseconds for processing 5 containers.
2021-01-10 13:37:01,805 [IPC Server handler 15 on default port 45713] INFO  node.SCMNodeManager (SCMNodeManager.java:updateDatanodeOpState(419)) - Scheduling a command to update the operationalState persisted on the datanode as the reported value (ENTERING_MAINTENANCE, 0) does not match the value stored in SCM (IN_MAINTENANCE, 0)
2021-01-10 13:37:02,098 [DatanodeAdminManager-0] INFO  node.DatanodeAdminMonitorImpl (DatanodeAdminMonitorImpl.java:run(136)) - There are 3 nodes tracked for decommission and maintenance. 0 pending nodes.
2021-01-10 13:37:02,787 [ReplicationMonitor] INFO  container.ReplicationManager (ReplicationManager.java:run(250)) - Replication Monitor Thread took 1 milliseconds for processing 5 containers.
2021-01-10 13:37:02,829 [Listener at 127.0.0.1/42999] INFO  ozone.MiniOzoneClusterImpl (MiniOzoneClusterImpl.java:shutdown(389)) - Shutting down the Mini Ozone Cluster
2021-01-10 13:37:02,829 [Listener at 127.0.0.1/42999] INFO  ozone.MiniOzoneClusterImpl (MiniOzoneClusterImpl.java:stop(404)) - Stopping the Mini Ozone Cluster
2021-01-10 13:37:02,829 [Listener at 127.0.0.1/42999] INFO  ozone.MiniOzoneClusterImpl (MiniOzoneClusterImpl.java:stopOM(486)) - Stopping the OzoneManager
2021-01-10 13:37:02,829 [Listener at 127.0.0.1/42999] INFO  ipc.Server (Server.java:stop(3359)) - Stopping server on 42999
2021-01-10 13:37:02,832 [IPC Server listener on 0] INFO  ipc.Server (Server.java:run(1330)) - Stopping IPC Server listener on 0
2021-01-10 13:37:02,835 [IPC Server Responder] INFO  ipc.Server (Server.java:run(1465)) - Stopping IPC Server Responder
2021-01-10 13:37:02,835 [Listener at 127.0.0.1/42999] INFO  ratis.OzoneManagerDoubleBuffer (OzoneManagerDoubleBuffer.java:stop(425)) - Stopping OMDoubleBuffer flush thread
2021-01-10 13:37:02,835 [OMDoubleBufferFlushThread] INFO  ratis.OzoneManagerDoubleBuffer (OzoneManagerDoubleBuffer.java:flushTransactions(352)) - OMDoubleBuffer flush thread OMDoubleBufferFlushThread is interrupted and will exit. OMDoubleBufferFlushThread
2021-01-10 13:37:02,836 [Listener at 127.0.0.1/42999] INFO  utils.BackgroundService (BackgroundService.java:shutdown(132)) - Shutting down service KeyDeletingService
2021-01-10 13:37:02,837 [Listener at 127.0.0.1/42999] INFO  handler.ContextHandler (ContextHandler.java:doStop(1154)) - Stopped o.e.j.w.WebAppContext@35cb8b64{ozoneManager,/,null,STOPPED}{file:/github/workspace/mnt/ozone/hadoop-ozone/integration-test/target/test-classes/webapps/ozoneManager}
2021-01-10 13:37:02,837 [Listener at 127.0.0.1/42999] INFO  server.AbstractConnector (AbstractConnector.java:doStop(381)) - Stopped ServerConnector@608e34bf{HTTP/1.1, (http/1.1)}{0.0.0.0:0}
2021-01-10 13:37:02,837 [Listener at 127.0.0.1/42999] INFO  server.session (HouseKeeper.java:stopScavenging(149)) - node0 Stopped scavenging
2021-01-10 13:37:02,837 [Listener at 127.0.0.1/42999] INFO  handler.ContextHandler (ContextHandler.java:doStop(1154)) - Stopped o.e.j.s.ServletContextHandler@79bcaf78{static,/static,file:///github/workspace/mnt/ozone/hadoop-ozone/integration-test/target/test-classes/webapps/static,STOPPED}
2021-01-10 13:37:02,838 [Listener at 127.0.0.1/42999] INFO  handler.ContextHandler (ContextHandler.java:doStop(1154)) - Stopped o.e.j.s.ServletContextHandler@69a245d6{logs,/logs,file:///github/workspace/mnt/ozone/hadoop-ozone/integration-test/target/log,STOPPED}
2021-01-10 13:37:02,840 [Listener at 127.0.0.1/42999] INFO  ozone.MiniOzoneClusterImpl (MiniOzoneClusterImpl.java:stopDatanodes(463)) - Stopping the HddsDatanodes
2021-01-10 13:37:03,098 [DatanodeAdminManager-0] INFO  node.DatanodeAdminMonitorImpl (DatanodeAdminMonitorImpl.java:run(136)) - There are 3 nodes tracked for decommission and maintenance. 0 pending nodes.
2021-01-10 13:37:03,224 [Datanode State Machine Thread - 0] INFO  statemachine.DatanodeStateMachine (DatanodeStateMachine.java:lambda$startDaemon$0(408)) - Ozone container server started.
2021-01-10 13:37:03,271 [Datanode State Machine Thread - 0] INFO  statemachine.DatanodeStateMachine (DatanodeStateMachine.java:lambda$startDaemon$0(408)) - Ozone container server started.
2021-01-10 13:37:03,271 [Listener at 127.0.0.1/42999] INFO  ozoneimpl.OzoneContainer (OzoneContainer.java:stop(273)) - Attempting to stop container services.
2021-01-10 13:37:03,273 [Listener at 127.0.0.1/42999] INFO  server.RaftServer (RaftServerProxy.java:lambda$close$6(389)) - b3570078-f6e2-4b7a-8962-99d3351b1084: close
2021-01-10 13:37:03,273 [Listener at 127.0.0.1/42999] INFO  server.GrpcService (GrpcService.java:closeImpl(183)) - b3570078-f6e2-4b7a-8962-99d3351b1084: shutdown server with port 45597 now
2021-01-10 13:37:03,280 [Listener at 127.0.0.1/42999] INFO  server.GrpcService (GrpcService.java:closeImpl(192)) - b3570078-f6e2-4b7a-8962-99d3351b1084: shutdown server with port 45597 successfully
2021-01-10 13:37:03,280 [org.apache.ratis.util.JvmPauseMonitor$$Lambda$220/668167883@6429451b] INFO  util.JvmPauseMonitor (JvmPauseMonitor.java:run(109)) - JvmPauseMonitor-b3570078-f6e2-4b7a-8962-99d3351b1084: Stopped
2021-01-10 13:37:03,281 [Listener at 127.0.0.1/42999] INFO  utils.BackgroundService (BackgroundService.java:shutdown(132)) - Shutting down service BlockDeletingService
2021-01-10 13:37:03,282 [Listener at 127.0.0.1/42999] INFO  statemachine.DatanodeStateMachine (DatanodeStateMachine.java:stopDaemon(461)) - Ozone container server stopped.
2021-01-10 13:37:03,292 [Listener at 127.0.0.1/42999] INFO  handler.ContextHandler (ContextHandler.java:doStop(1154)) - Stopped o.e.j.w.WebAppContext@6307382{hddsDatanode,/,null,STOPPED}{jar:file:/home/user/.m2/repository/org/apache/hadoop/hadoop-hdds-container-service/1.1.0-SNAPSHOT/hadoop-hdds-container-service-1.1.0-SNAPSHOT.jar!/webapps/hddsDatanode}
2021-01-10 13:37:03,292 [Listener at 127.0.0.1/42999] INFO  server.AbstractConnector (AbstractConnector.java:doStop(381)) - Stopped ServerConnector@23c21550{HTTP/1.1, (http/1.1)}{0.0.0.0:0}
2021-01-10 13:37:03,292 [Listener at 127.0.0.1/42999] INFO  server.session (HouseKeeper.java:stopScavenging(149)) - node0 Stopped scavenging
2021-01-10 13:37:03,293 [Listener at 127.0.0.1/42999] INFO  handler.ContextHandler (ContextHandler.java:doStop(1154)) - Stopped o.e.j.s.ServletContextHandler@5580356d{static,/static,jar:file:/home/user/.m2/repository/org/apache/hadoop/hadoop-hdds-container-service/1.1.0-SNAPSHOT/hadoop-hdds-container-service-1.1.0-SNAPSHOT.jar!/webapps/static,STOPPED}
2021-01-10 13:37:03,293 [Listener at 127.0.0.1/42999] INFO  handler.ContextHandler (ContextHandler.java:doStop(1154)) - Stopped o.e.j.s.ServletContextHandler@59ed8460{logs,/logs,file:///github/workspace/mnt/ozone/hadoop-ozone/integration-test/target/log,STOPPED}
2021-01-10 13:37:03,750 [ForkJoinPool.commonPool-worker-0] INFO  ozoneimpl.OzoneContainer (OzoneContainer.java:stop(273)) - Attempting to stop container services.
2021-01-10 13:37:03,753 [ForkJoinPool.commonPool-worker-0] INFO  server.RaftServer (RaftServerProxy.java:lambda$close$6(389)) - cfe20c21-fb82-45e1-aa84-22b1a6eaba94: close
2021-01-10 13:37:03,754 [ForkJoinPool.commonPool-worker-0] INFO  server.RaftServer$Division (RaftServerImpl.java:lambda$close$4(405)) - cfe20c21-fb82-45e1-aa84-22b1a6eaba94@group-26D9A5F304AB: shutdown
2021-01-10 13:37:03,754 [ForkJoinPool.commonPool-worker-0] INFO  util.JmxRegister (JmxRegister.java:unregister(73)) - Successfully un-registered JMX Bean with object name Ratis:service=RaftServer,group=group-26D9A5F304AB,id=cfe20c21-fb82-45e1-aa84-22b1a6eaba94
2021-01-10 13:37:03,754 [ForkJoinPool.commonPool-worker-0] INFO  impl.RoleInfo (RoleInfo.java:shutdownLeaderState(91)) - cfe20c21-fb82-45e1-aa84-22b1a6eaba94: shutdown cfe20c21-fb82-45e1-aa84-22b1a6eaba94@group-26D9A5F304AB-LeaderStateImpl
2021-01-10 13:37:03,754 [ForkJoinPool.commonPool-worker-0] INFO  impl.PendingRequests (PendingRequests.java:sendNotLeaderResponses(249)) - cfe20c21-fb82-45e1-aa84-22b1a6eaba94@group-26D9A5F304AB-PendingRequests: sendNotLeaderResponses
2021-01-10 13:37:03,754 [ForkJoinPool.commonPool-worker-0] INFO  metrics.RatisMetrics (RatisMetrics.java:unregister(43)) - Unregistering Metrics Registry : ratis.log_appender.cfe20c21-fb82-45e1-aa84-22b1a6eaba94@group-26D9A5F304AB
2021-01-10 13:37:03,754 [ForkJoinPool.commonPool-worker-0] INFO  metrics.RatisMetrics (RatisMetrics.java:unregister(43)) - Unregistering Metrics Registry : ratis.server.cfe20c21-fb82-45e1-aa84-22b1a6eaba94@group-26D9A5F304AB
2021-01-10 13:37:03,755 [ForkJoinPool.commonPool-worker-0] INFO  impl.StateMachineUpdater (StateMachineUpdater.java:stopAndJoin(148)) - cfe20c21-fb82-45e1-aa84-22b1a6eaba94@group-26D9A5F304AB-StateMachineUpdater: set stopIndex = 0
2021-01-10 13:37:03,755 [cfe20c21-fb82-45e1-aa84-22b1a6eaba94@group-26D9A5F304AB-StateMachineUpdater] INFO  ratis.ContainerStateMachine (ContainerStateMachine.java:takeSnapshot(291)) - group-26D9A5F304AB: Taking a snapshot at:(t:1, i:0) file /github/workspace/mnt/ozone/hadoop-ozone/integration-test/target/test-dir/MiniOzoneClusterImpl-0ee44e4a-5790-445b-bee5-3ef48b2e27da/datanode-1/data/ratis/62ab115a-1b2b-4152-800c-26d9a5f304ab/sm/snapshot.1_0
2021-01-10 13:37:03,756 [cfe20c21-fb82-45e1-aa84-22b1a6eaba94@group-26D9A5F304AB-StateMachineUpdater] INFO  ratis.ContainerStateMachine (ContainerStateMachine.java:takeSnapshot(302)) - group-26D9A5F304AB: Finished taking a snapshot at:(t:1, i:0) file:/github/workspace/mnt/ozone/hadoop-ozone/integration-test/target/test-dir/MiniOzoneClusterImpl-0ee44e4a-5790-445b-bee5-3ef48b2e27da/datanode-1/data/ratis/62ab115a-1b2b-4152-800c-26d9a5f304ab/sm/snapshot.1_0 took: 1 ms
2021-01-10 13:37:03,756 [cfe20c21-fb82-45e1-aa84-22b1a6eaba94@group-26D9A5F304AB-StateMachineUpdater] INFO  impl.StateMachineUpdater (StateMachineUpdater.java:takeSnapshot(279)) - cfe20c21-fb82-45e1-aa84-22b1a6eaba94@group-26D9A5F304AB-StateMachineUpdater: Took a snapshot at index 0
2021-01-10 13:37:03,756 [cfe20c21-fb82-45e1-aa84-22b1a6eaba94@group-26D9A5F304AB-StateMachineUpdater] INFO  impl.StateMachineUpdater (StateMachineUpdater.java:lambda$new$0(88)) - cfe20c21-fb82-45e1-aa84-22b1a6eaba94@group-26D9A5F304AB-StateMachineUpdater: snapshotIndex: updateIncreasingly -1 -> 0
2021-01-10 13:37:03,756 [cfe20c21-fb82-45e1-aa84-22b1a6eaba94@group-26D9A5F304AB-StateMachineUpdater] INFO  metrics.RatisMetrics (RatisMetrics.java:unregister(43)) - Unregistering Metrics Registry : ratis.state_machine.cfe20c21-fb82-45e1-aa84-22b1a6eaba94@group-26D9A5F304AB
2021-01-10 13:37:03,757 [ForkJoinPool.commonPool-worker-0] INFO  server.RaftServer$Division (ServerState.java:close(400)) - cfe20c21-fb82-45e1-aa84-22b1a6eaba94@group-26D9A5F304AB: closes. applyIndex: 0
2021-01-10 13:37:03,757 [cfe20c21-fb82-45e1-aa84-22b1a6eaba94@group-26D9A5F304AB-SegmentedRaftLogWorker] INFO  segmented.SegmentedRaftLogWorker (SegmentedRaftLogWorker.java:run(326)) - cfe20c21-fb82-45e1-aa84-22b1a6eaba94@group-26D9A5F304AB-SegmentedRaftLogWorker was interrupted, exiting. There are 0 tasks remaining in the queue.
2021-01-10 13:37:03,757 [ForkJoinPool.commonPool-worker-0] INFO  segmented.SegmentedRaftLogWorker (SegmentedRaftLogWorker.java:close(236)) - cfe20c21-fb82-45e1-aa84-22b1a6eaba94@group-26D9A5F304AB-SegmentedRaftLogWorker close()
2021-01-10 13:37:03,757 [ForkJoinPool.commonPool-worker-0] INFO  metrics.RatisMetrics (RatisMetrics.java:unregister(43)) - Unregistering Metrics Registry : ratis.log_worker.cfe20c21-fb82-45e1-aa84-22b1a6eaba94@group-26D9A5F304AB
2021-01-10 13:37:03,757 [ForkJoinPool.commonPool-worker-0] INFO  metrics.RatisMetrics (RatisMetrics.java:unregister(43)) - Unregistering Metrics Registry : ratis.leader_election.cfe20c21-fb82-45e1-aa84-22b1a6eaba94@group-26D9A5F304AB
2021-01-10 13:37:03,757 [ForkJoinPool.commonPool-worker-0] INFO  metrics.RatisMetrics (RatisMetrics.java:unregister(43)) - Unregistering Metrics Registry : ratis.server.cfe20c21-fb82-45e1-aa84-22b1a6eaba94@group-26D9A5F304AB
2021-01-10 13:37:03,758 [ForkJoinPool.commonPool-worker-0] INFO  server.RaftServer$Division (RaftServerImpl.java:lambda$close$4(405)) - cfe20c21-fb82-45e1-aa84-22b1a6eaba94@group-91813F2FE7BB: shutdown
2021-01-10 13:37:03,758 [ForkJoinPool.commonPool-worker-0] INFO  util.JmxRegister (JmxRegister.java:unregister(73)) - Successfully un-registered JMX Bean with object name Ratis:service=RaftServer,group=group-91813F2FE7BB,id=cfe20c21-fb82-45e1-aa84-22b1a6eaba94
2021-01-10 13:37:03,758 [ForkJoinPool.commonPool-worker-0] INFO  impl.RoleInfo (RoleInfo.java:shutdownFollowerState(108)) - cfe20c21-fb82-45e1-aa84-22b1a6eaba94: shutdown cfe20c21-fb82-45e1-aa84-22b1a6eaba94@group-91813F2FE7BB-FollowerState
2021-01-10 13:37:03,758 [Thread-852] INFO  impl.FollowerState (FollowerState.java:run(142)) - cfe20c21-fb82-45e1-aa84-22b1a6eaba94@group-91813F2FE7BB-FollowerState was interrupted: {}
java.lang.InterruptedException: sleep interrupted
	at java.lang.Thread.sleep(Native Method)
	at java.lang.Thread.sleep(Thread.java:340)
	at java.util.concurrent.TimeUnit.sleep(TimeUnit.java:386)
	at org.apache.ratis.util.TimeDuration.sleep(TimeDuration.java:324)
	at org.apache.ratis.util.TimeDuration.sleep(TimeDuration.java:309)
	at org.apache.ratis.server.impl.FollowerState.run(FollowerState.java:117)
2021-01-10 13:37:03,758 [cfe20c21-fb82-45e1-aa84-22b1a6eaba94@group-91813F2FE7BB-StateMachineUpdater] INFO  ratis.ContainerStateMachine (ContainerStateMachine.java:takeSnapshot(291)) - group-91813F2FE7BB: Taking a snapshot at:(t:1, i:70) file /github/workspace/mnt/ozone/hadoop-ozone/integration-test/target/test-dir/MiniOzoneClusterImpl-0ee44e4a-5790-445b-bee5-3ef48b2e27da/datanode-1/data/ratis/2179bdfc-ce7e-44d4-b365-91813f2fe7bb/sm/snapshot.1_70
2021-01-10 13:37:03,758 [ForkJoinPool.commonPool-worker-0] INFO  impl.StateMachineUpdater (StateMachineUpdater.java:stopAndJoin(148)) - cfe20c21-fb82-45e1-aa84-22b1a6eaba94@group-91813F2FE7BB-StateMachineUpdater: set stopIndex = 70
2021-01-10 13:37:03,760 [cfe20c21-fb82-45e1-aa84-22b1a6eaba94@group-91813F2FE7BB-StateMachineUpdater] INFO  ratis.ContainerStateMachine (ContainerStateMachine.java:takeSnapshot(302)) - group-91813F2FE7BB: Finished taking a snapshot at:(t:1, i:70) file:/github/workspace/mnt/ozone/hadoop-ozone/integration-test/target/test-dir/MiniOzoneClusterImpl-0ee44e4a-5790-445b-bee5-3ef48b2e27da/datanode-1/data/ratis/2179bdfc-ce7e-44d4-b365-91813f2fe7bb/sm/snapshot.1_70 took: 2 ms
2021-01-10 13:37:03,760 [cfe20c21-fb82-45e1-aa84-22b1a6eaba94@group-91813F2FE7BB-StateMachineUpdater] INFO  impl.StateMachineUpdater (StateMachineUpdater.java:takeSnapshot(279)) - cfe20c21-fb82-45e1-aa84-22b1a6eaba94@group-91813F2FE7BB-StateMachineUpdater: Took a snapshot at index 70
2021-01-10 13:37:03,760 [cfe20c21-fb82-45e1-aa84-22b1a6eaba94@group-91813F2FE7BB-StateMachineUpdater] INFO  impl.StateMachineUpdater (StateMachineUpdater.java:lambda$new$0(88)) - cfe20c21-fb82-45e1-aa84-22b1a6eaba94@group-91813F2FE7BB-StateMachineUpdater: snapshotIndex: updateIncreasingly -1 -> 70
2021-01-10 13:37:03,760 [cfe20c21-fb82-45e1-aa84-22b1a6eaba94@group-91813F2FE7BB-StateMachineUpdater] INFO  metrics.RatisMetrics (RatisMetrics.java:unregister(43)) - Unregistering Metrics Registry : ratis.state_machine.cfe20c21-fb82-45e1-aa84-22b1a6eaba94@group-91813F2FE7BB
2021-01-10 13:37:03,761 [ForkJoinPool.commonPool-worker-0] INFO  server.RaftServer$Division (ServerState.java:close(400)) - cfe20c21-fb82-45e1-aa84-22b1a6eaba94@group-91813F2FE7BB: closes. applyIndex: 70
2021-01-10 13:37:03,761 [cfe20c21-fb82-45e1-aa84-22b1a6eaba94@group-91813F2FE7BB-SegmentedRaftLogWorker] INFO  segmented.SegmentedRaftLogWorker (SegmentedRaftLogWorker.java:run(326)) - cfe20c21-fb82-45e1-aa84-22b1a6eaba94@group-91813F2FE7BB-SegmentedRaftLogWorker was interrupted, exiting. There are 0 tasks remaining in the queue.
2021-01-10 13:37:03,761 [ForkJoinPool.commonPool-worker-0] INFO  segmented.SegmentedRaftLogWorker (SegmentedRaftLogWorker.java:close(236)) - cfe20c21-fb82-45e1-aa84-22b1a6eaba94@group-91813F2FE7BB-SegmentedRaftLogWorker close()
2021-01-10 13:37:03,761 [ForkJoinPool.commonPool-worker-0] INFO  metrics.RatisMetrics (RatisMetrics.java:unregister(43)) - Unregistering Metrics Registry : ratis.log_worker.cfe20c21-fb82-45e1-aa84-22b1a6eaba94@group-91813F2FE7BB
2021-01-10 13:37:03,761 [ForkJoinPool.commonPool-worker-0] INFO  metrics.RatisMetrics (RatisMetrics.java:unregister(43)) - Unregistering Metrics Registry : ratis.leader_election.cfe20c21-fb82-45e1-aa84-22b1a6eaba94@group-91813F2FE7BB
2021-01-10 13:37:03,761 [ForkJoinPool.commonPool-worker-0] INFO  metrics.RatisMetrics (RatisMetrics.java:unregister(43)) - Unregistering Metrics Registry : ratis.server.cfe20c21-fb82-45e1-aa84-22b1a6eaba94@group-91813F2FE7BB
2021-01-10 13:37:03,761 [ForkJoinPool.commonPool-worker-0] INFO  server.GrpcService (GrpcService.java:closeImpl(183)) - cfe20c21-fb82-45e1-aa84-22b1a6eaba94: shutdown server with port 45443 now
2021-01-10 13:37:03,764 [ForkJoinPool.commonPool-worker-0] INFO  server.GrpcService (GrpcService.java:closeImpl(192)) - cfe20c21-fb82-45e1-aa84-22b1a6eaba94: shutdown server with port 45443 successfully
2021-01-10 13:37:03,764 [org.apache.ratis.util.JvmPauseMonitor$$Lambda$220/668167883@29f0e74] INFO  util.JvmPauseMonitor (JvmPauseMonitor.java:run(109)) - JvmPauseMonitor-cfe20c21-fb82-45e1-aa84-22b1a6eaba94: Stopped
2021-01-10 13:37:03,764 [grpc-default-executor-3] WARN  server.GrpcServerProtocolService (LogUtils.java:warn(122)) - cfe20c21-fb82-45e1-aa84-22b1a6eaba94: installSnapshot onError, lastRequest: 63b42672-d3a4-4132-9f43-651996da4388->cfe20c21-fb82-45e1-aa84-22b1a6eaba94#466-t1,previous=(t:1, i:69),leaderCommit=68,initializing? true,entries: size=1, first=(t:1, i:70), METADATAENTRY(c:68): org.apache.ratis.thirdparty.io.grpc.StatusRuntimeException: CANCELLED: cancelled before receiving half close
2021-01-10 13:37:03,767 [grpc-default-executor-1] WARN  server.GrpcLogAppender (LogUtils.java:warn(122)) - 63b42672-d3a4-4132-9f43-651996da4388@group-91813F2FE7BB->cfe20c21-fb82-45e1-aa84-22b1a6eaba94-AppendLogResponseHandler: Failed appendEntries: org.apache.ratis.thirdparty.io.grpc.StatusRuntimeException: CANCELLED: HTTP/2 error code: CANCEL
Received Rst Stream
2021-01-10 13:37:03,767 [grpc-default-executor-1] INFO  leader.FollowerInfo (FollowerInfoImpl.java:lambda$new$0(46)) - 63b42672-d3a4-4132-9f43-651996da4388@group-91813F2FE7BB->cfe20c21-fb82-45e1-aa84-22b1a6eaba94: nextIndex: updateUnconditionally 71 -> 70
2021-01-10 13:37:03,768 [ForkJoinPool.commonPool-worker-0] INFO  utils.BackgroundService (BackgroundService.java:shutdown(132)) - Shutting down service BlockDeletingService
2021-01-10 13:37:03,769 [ForkJoinPool.commonPool-worker-0] INFO  statemachine.DatanodeStateMachine (DatanodeStateMachine.java:stopDaemon(461)) - Ozone container server stopped.
2021-01-10 13:37:03,782 [grpc-default-executor-3] WARN  server.GrpcLogAppender (LogUtils.java:warn(122)) - 63b42672-d3a4-4132-9f43-651996da4388@group-91813F2FE7BB->cfe20c21-fb82-45e1-aa84-22b1a6eaba94-AppendLogResponseHandler: Failed appendEntries: org.apache.ratis.thirdparty.io.grpc.StatusRuntimeException: UNAVAILABLE: io exception
2021-01-10 13:37:03,783 [grpc-default-executor-3] INFO  leader.FollowerInfo (FollowerInfoImpl.java:lambda$new$0(46)) - 63b42672-d3a4-4132-9f43-651996da4388@group-91813F2FE7BB->cfe20c21-fb82-45e1-aa84-22b1a6eaba94: nextIndex: updateUnconditionally 71 -> 70
2021-01-10 13:37:03,785 [ForkJoinPool.commonPool-worker-0] INFO  handler.ContextHandler (ContextHandler.java:doStop(1154)) - Stopped o.e.j.w.WebAppContext@28a4d87f{hddsDatanode,/,null,STOPPED}{jar:file:/home/user/.m2/repository/org/apache/hadoop/hadoop-hdds-container-service/1.1.0-SNAPSHOT/hadoop-hdds-container-service-1.1.0-SNAPSHOT.jar!/webapps/hddsDatanode}
2021-01-10 13:37:03,785 [Datanode State Machine Thread - 0] INFO  statemachine.DatanodeStateMachine (DatanodeStateMachine.java:lambda$startDaemon$0(408)) - Ozone container server started.
2021-01-10 13:37:03,786 [ForkJoinPool.commonPool-worker-0] INFO  server.AbstractConnector (AbstractConnector.java:doStop(381)) - Stopped ServerConnector@7459002d{HTTP/1.1, (http/1.1)}{0.0.0.0:0}
2021-01-10 13:37:03,787 [ForkJoinPool.commonPool-worker-0] INFO  server.session (HouseKeeper.java:stopScavenging(149)) - node0 Stopped scavenging
2021-01-10 13:37:03,787 [ReplicationMonitor] INFO  container.ReplicationManager (ReplicationManager.java:run(250)) - Replication Monitor Thread took 0 milliseconds for processing 5 containers.
2021-01-10 13:37:03,787 [ForkJoinPool.commonPool-worker-0] INFO  handler.ContextHandler (ContextHandler.java:doStop(1154)) - Stopped o.e.j.s.ServletContextHandler@11d16eb8{static,/static,jar:file:/home/user/.m2/repository/org/apache/hadoop/hadoop-hdds-container-service/1.1.0-SNAPSHOT/hadoop-hdds-container-service-1.1.0-SNAPSHOT.jar!/webapps/static,STOPPED}
2021-01-10 13:37:03,789 [ForkJoinPool.commonPool-worker-0] INFO  handler.ContextHandler (ContextHandler.java:doStop(1154)) - Stopped o.e.j.s.ServletContextHandler@78bbc584{logs,/logs,file:///github/workspace/mnt/ozone/hadoop-ozone/integration-test/target/log,STOPPED}
2021-01-10 13:37:04,098 [DatanodeAdminManager-0] INFO  node.DatanodeAdminMonitorImpl (DatanodeAdminMonitorImpl.java:run(136)) - There are 3 nodes tracked for decommission and maintenance. 0 pending nodes.
2021-01-10 13:37:04,226 [Datanode State Machine Thread - 0] INFO  statemachine.DatanodeStateMachine (DatanodeStateMachine.java:lambda$startDaemon$0(408)) - Ozone container server started.
2021-01-10 13:37:04,464 [Listener at 127.0.0.1/42999] INFO  ozoneimpl.OzoneContainer (OzoneContainer.java:stop(273)) - Attempting to stop container services.
2021-01-10 13:37:04,465 [Listener at 127.0.0.1/42999] INFO  server.RaftServer (RaftServerProxy.java:lambda$close$6(389)) - 2f093e54-b728-4a2a-9239-b3f8c2a2e755: close
2021-01-10 13:37:04,465 [Listener at 127.0.0.1/42999] INFO  server.GrpcService (GrpcService.java:closeImpl(183)) - 2f093e54-b728-4a2a-9239-b3f8c2a2e755: shutdown server with port 36353 now
2021-01-10 13:37:04,466 [Listener at 127.0.0.1/42999] INFO  server.GrpcService (GrpcService.java:closeImpl(192)) - 2f093e54-b728-4a2a-9239-b3f8c2a2e755: shutdown server with port 36353 successfully
2021-01-10 13:37:04,466 [org.apache.ratis.util.JvmPauseMonitor$$Lambda$220/668167883@1bceb88f] INFO  util.JvmPauseMonitor (JvmPauseMonitor.java:run(109)) - JvmPauseMonitor-2f093e54-b728-4a2a-9239-b3f8c2a2e755: Stopped
2021-01-10 13:37:04,467 [Listener at 127.0.0.1/42999] INFO  utils.BackgroundService (BackgroundService.java:shutdown(132)) - Shutting down service BlockDeletingService
2021-01-10 13:37:04,470 [Listener at 127.0.0.1/42999] INFO  statemachine.DatanodeStateMachine (DatanodeStateMachine.java:stopDaemon(461)) - Ozone container server stopped.
2021-01-10 13:37:04,480 [Listener at 127.0.0.1/42999] INFO  handler.ContextHandler (ContextHandler.java:doStop(1154)) - Stopped o.e.j.w.WebAppContext@2f2be537{hddsDatanode,/,null,STOPPED}{jar:file:/home/user/.m2/repository/org/apache/hadoop/hadoop-hdds-container-service/1.1.0-SNAPSHOT/hadoop-hdds-container-service-1.1.0-SNAPSHOT.jar!/webapps/hddsDatanode}
2021-01-10 13:37:04,481 [Listener at 127.0.0.1/42999] INFO  server.AbstractConnector (AbstractConnector.java:doStop(381)) - Stopped ServerConnector@77f4742b{HTTP/1.1, (http/1.1)}{0.0.0.0:0}
2021-01-10 13:37:04,481 [Listener at 127.0.0.1/42999] INFO  server.session (HouseKeeper.java:stopScavenging(149)) - node0 Stopped scavenging
2021-01-10 13:37:04,482 [Listener at 127.0.0.1/42999] INFO  handler.ContextHandler (ContextHandler.java:doStop(1154)) - Stopped o.e.j.s.ServletContextHandler@12898e77{static,/static,jar:file:/home/user/.m2/repository/org/apache/hadoop/hadoop-hdds-container-service/1.1.0-SNAPSHOT/hadoop-hdds-container-service-1.1.0-SNAPSHOT.jar!/webapps/static,STOPPED}
2021-01-10 13:37:04,482 [Listener at 127.0.0.1/42999] INFO  handler.ContextHandler (ContextHandler.java:doStop(1154)) - Stopped o.e.j.s.ServletContextHandler@722713da{logs,/logs,file:///github/workspace/mnt/ozone/hadoop-ozone/integration-test/target/log,STOPPED}
2021-01-10 13:37:04,788 [ReplicationMonitor] INFO  container.ReplicationManager (ReplicationManager.java:run(250)) - Replication Monitor Thread took 1 milliseconds for processing 5 containers.
2021-01-10 13:37:04,805 [Datanode State Machine Thread - 0] INFO  statemachine.DatanodeStateMachine (DatanodeStateMachine.java:lambda$startDaemon$0(408)) - Ozone container server started.
2021-01-10 13:37:05,098 [DatanodeAdminManager-0] INFO  node.DatanodeAdminMonitorImpl (DatanodeAdminMonitorImpl.java:run(136)) - There are 3 nodes tracked for decommission and maintenance. 0 pending nodes.
2021-01-10 13:37:05,203 [ForkJoinPool.commonPool-worker-0] INFO  ozoneimpl.OzoneContainer (OzoneContainer.java:stop(273)) - Attempting to stop container services.
2021-01-10 13:37:05,204 [ForkJoinPool.commonPool-worker-0] INFO  server.RaftServer (RaftServerProxy.java:lambda$close$6(389)) - 63b42672-d3a4-4132-9f43-651996da4388: close
2021-01-10 13:37:05,205 [ForkJoinPool.commonPool-worker-0] INFO  server.RaftServer$Division (RaftServerImpl.java:lambda$close$4(405)) - 63b42672-d3a4-4132-9f43-651996da4388@group-CEBC98829C2B: shutdown
2021-01-10 13:37:05,205 [ForkJoinPool.commonPool-worker-0] INFO  util.JmxRegister (JmxRegister.java:unregister(73)) - Successfully un-registered JMX Bean with object name Ratis:service=RaftServer,group=group-CEBC98829C2B,id=63b42672-d3a4-4132-9f43-651996da4388
2021-01-10 13:37:05,205 [ForkJoinPool.commonPool-worker-0] INFO  impl.RoleInfo (RoleInfo.java:shutdownLeaderState(91)) - 63b42672-d3a4-4132-9f43-651996da4388: shutdown 63b42672-d3a4-4132-9f43-651996da4388@group-CEBC98829C2B-LeaderStateImpl
2021-01-10 13:37:05,205 [ForkJoinPool.commonPool-worker-0] INFO  impl.PendingRequests (PendingRequests.java:sendNotLeaderResponses(249)) - 63b42672-d3a4-4132-9f43-651996da4388@group-CEBC98829C2B-PendingRequests: sendNotLeaderResponses
2021-01-10 13:37:05,205 [ForkJoinPool.commonPool-worker-0] INFO  metrics.RatisMetrics (RatisMetrics.java:unregister(43)) - Unregistering Metrics Registry : ratis.log_appender.63b42672-d3a4-4132-9f43-651996da4388@group-CEBC98829C2B
2021-01-10 13:37:05,206 [ForkJoinPool.commonPool-worker-0] INFO  metrics.RatisMetrics (RatisMetrics.java:unregister(43)) - Unregistering Metrics Registry : ratis.server.63b42672-d3a4-4132-9f43-651996da4388@group-CEBC98829C2B
2021-01-10 13:37:05,207 [63b42672-d3a4-4132-9f43-651996da4388@group-CEBC98829C2B-StateMachineUpdater] INFO  ratis.ContainerStateMachine (ContainerStateMachine.java:takeSnapshot(291)) - group-CEBC98829C2B: Taking a snapshot at:(t:1, i:0) file /github/workspace/mnt/ozone/hadoop-ozone/integration-test/target/test-dir/MiniOzoneClusterImpl-0ee44e4a-5790-445b-bee5-3ef48b2e27da/datanode-2/data/ratis/6bc86d6c-fd7a-4694-9305-cebc98829c2b/sm/snapshot.1_0
2021-01-10 13:37:05,207 [ForkJoinPool.commonPool-worker-0] INFO  impl.StateMachineUpdater (StateMachineUpdater.java:stopAndJoin(148)) - 63b42672-d3a4-4132-9f43-651996da4388@group-CEBC98829C2B-StateMachineUpdater: set stopIndex = 0
2021-01-10 13:37:05,208 [63b42672-d3a4-4132-9f43-651996da4388@group-CEBC98829C2B-StateMachineUpdater] INFO  ratis.ContainerStateMachine (ContainerStateMachine.java:takeSnapshot(302)) - group-CEBC98829C2B: Finished taking a snapshot at:(t:1, i:0) file:/github/workspace/mnt/ozone/hadoop-ozone/integration-test/target/test-dir/MiniOzoneClusterImpl-0ee44e4a-5790-445b-bee5-3ef48b2e27da/datanode-2/data/ratis/6bc86d6c-fd7a-4694-9305-cebc98829c2b/sm/snapshot.1_0 took: 1 ms
2021-01-10 13:37:05,208 [63b42672-d3a4-4132-9f43-651996da4388@group-CEBC98829C2B-StateMachineUpdater] INFO  impl.StateMachineUpdater (StateMachineUpdater.java:takeSnapshot(279)) - 63b42672-d3a4-4132-9f43-651996da4388@group-CEBC98829C2B-StateMachineUpdater: Took a snapshot at index 0
2021-01-10 13:37:05,208 [63b42672-d3a4-4132-9f43-651996da4388@group-CEBC98829C2B-StateMachineUpdater] INFO  impl.StateMachineUpdater (StateMachineUpdater.java:lambda$new$0(88)) - 63b42672-d3a4-4132-9f43-651996da4388@group-CEBC98829C2B-StateMachineUpdater: snapshotIndex: updateIncreasingly -1 -> 0
2021-01-10 13:37:05,209 [63b42672-d3a4-4132-9f43-651996da4388@group-CEBC98829C2B-StateMachineUpdater] INFO  metrics.RatisMetrics (RatisMetrics.java:unregister(43)) - Unregistering Metrics Registry : ratis.state_machine.63b42672-d3a4-4132-9f43-651996da4388@group-CEBC98829C2B
2021-01-10 13:37:05,209 [ForkJoinPool.commonPool-worker-0] INFO  server.RaftServer$Division (ServerState.java:close(400)) - 63b42672-d3a4-4132-9f43-651996da4388@group-CEBC98829C2B: closes. applyIndex: 0
2021-01-10 13:37:05,209 [63b42672-d3a4-4132-9f43-651996da4388@group-CEBC98829C2B-SegmentedRaftLogWorker] INFO  segmented.SegmentedRaftLogWorker (SegmentedRaftLogWorker.java:run(326)) - 63b42672-d3a4-4132-9f43-651996da4388@group-CEBC98829C2B-SegmentedRaftLogWorker was interrupted, exiting. There are 0 tasks remaining in the queue.
2021-01-10 13:37:05,209 [ForkJoinPool.commonPool-worker-0] INFO  segmented.SegmentedRaftLogWorker (SegmentedRaftLogWorker.java:close(236)) - 63b42672-d3a4-4132-9f43-651996da4388@group-CEBC98829C2B-SegmentedRaftLogWorker close()
2021-01-10 13:37:05,210 [ForkJoinPool.commonPool-worker-0] INFO  metrics.RatisMetrics (RatisMetrics.java:unregister(43)) - Unregistering Metrics Registry : ratis.log_worker.63b42672-d3a4-4132-9f43-651996da4388@group-CEBC98829C2B
2021-01-10 13:37:05,210 [ForkJoinPool.commonPool-worker-0] INFO  metrics.RatisMetrics (RatisMetrics.java:unregister(43)) - Unregistering Metrics Registry : ratis.leader_election.63b42672-d3a4-4132-9f43-651996da4388@group-CEBC98829C2B
2021-01-10 13:37:05,210 [ForkJoinPool.commonPool-worker-0] INFO  metrics.RatisMetrics (RatisMetrics.java:unregister(43)) - Unregistering Metrics Registry : ratis.server.63b42672-d3a4-4132-9f43-651996da4388@group-CEBC98829C2B
2021-01-10 13:37:05,210 [ForkJoinPool.commonPool-worker-0] INFO  server.RaftServer$Division (RaftServerImpl.java:lambda$close$4(405)) - 63b42672-d3a4-4132-9f43-651996da4388@group-91813F2FE7BB: shutdown
2021-01-10 13:37:05,211 [ForkJoinPool.commonPool-worker-0] INFO  util.JmxRegister (JmxRegister.java:unregister(73)) - Successfully un-registered JMX Bean with object name Ratis:service=RaftServer,group=group-91813F2FE7BB,id=63b42672-d3a4-4132-9f43-651996da4388
2021-01-10 13:37:05,211 [ForkJoinPool.commonPool-worker-0] INFO  impl.RoleInfo (RoleInfo.java:shutdownLeaderState(91)) - 63b42672-d3a4-4132-9f43-651996da4388: shutdown 63b42672-d3a4-4132-9f43-651996da4388@group-91813F2FE7BB-LeaderStateImpl
2021-01-10 13:37:05,211 [ForkJoinPool.commonPool-worker-0] INFO  metrics.RatisMetrics (RatisMetrics.java:unregister(43)) - Unregistering Metrics Registry : ratis_grpc.log_appender.63b42672-d3a4-4132-9f43-651996da4388@group-91813F2FE7BB
2021-01-10 13:37:05,211 [ForkJoinPool.commonPool-worker-0] INFO  metrics.RatisMetrics (RatisMetrics.java:unregister(43)) - Unregistering Metrics Registry : ratis_grpc.log_appender.63b42672-d3a4-4132-9f43-651996da4388@group-91813F2FE7BB
2021-01-10 13:37:05,211 [63b42672-d3a4-4132-9f43-651996da4388@group-91813F2FE7BB->5a30f297-e3d6-40f2-a678-35d09e11e701-GrpcLogAppender-LogAppenderDaemon] WARN  server.GrpcLogAppender (GrpcLogAppender.java:mayWait(175)) - 63b42672-d3a4-4132-9f43-651996da4388@group-91813F2FE7BB->5a30f297-e3d6-40f2-a678-35d09e11e701-GrpcLogAppender: Wait interrupted by java.lang.InterruptedException
2021-01-10 13:37:05,212 [ForkJoinPool.commonPool-worker-0] INFO  impl.PendingRequests (PendingRequests.java:sendNotLeaderResponses(249)) - 63b42672-d3a4-4132-9f43-651996da4388@group-91813F2FE7BB-PendingRequests: sendNotLeaderResponses
2021-01-10 13:37:05,212 [63b42672-d3a4-4132-9f43-651996da4388@group-91813F2FE7BB->cfe20c21-fb82-45e1-aa84-22b1a6eaba94-GrpcLogAppender-LogAppenderDaemon] WARN  server.GrpcLogAppender (GrpcLogAppender.java:mayWait(175)) - 63b42672-d3a4-4132-9f43-651996da4388@group-91813F2FE7BB->cfe20c21-fb82-45e1-aa84-22b1a6eaba94-GrpcLogAppender: Wait interrupted by java.lang.InterruptedException
2021-01-10 13:37:05,217 [ForkJoinPool.commonPool-worker-0] INFO  metrics.RatisMetrics (RatisMetrics.java:unregister(43)) - Unregistering Metrics Registry : ratis.log_appender.63b42672-d3a4-4132-9f43-651996da4388@group-91813F2FE7BB
2021-01-10 13:37:05,217 [ForkJoinPool.commonPool-worker-0] INFO  metrics.RatisMetrics (RatisMetrics.java:unregister(43)) - Unregistering Metrics Registry : ratis.server.63b42672-d3a4-4132-9f43-651996da4388@group-91813F2FE7BB
2021-01-10 13:37:05,218 [ForkJoinPool.commonPool-worker-0] INFO  impl.StateMachineUpdater (StateMachineUpdater.java:stopAndJoin(148)) - 63b42672-d3a4-4132-9f43-651996da4388@group-91813F2FE7BB-StateMachineUpdater: set stopIndex = 70
2021-01-10 13:37:05,217 [grpc-default-executor-3] INFO  server.GrpcServerProtocolService (GrpcServerProtocolService.java:onCompleted(138)) - 5a30f297-e3d6-40f2-a678-35d09e11e701: Completed APPEND_ENTRIES, lastRequest: 63b42672-d3a4-4132-9f43-651996da4388->5a30f297-e3d6-40f2-a678-35d09e11e701#551-t1,previous=(t:1, i:69),leaderCommit=68,initializing? true,entries: size=1, first=(t:1, i:70), METADATAENTRY(c:68)
2021-01-10 13:37:05,218 [63b42672-d3a4-4132-9f43-651996da4388@group-91813F2FE7BB-StateMachineUpdater] INFO  ratis.ContainerStateMachine (ContainerStateMachine.java:takeSnapshot(291)) - group-91813F2FE7BB: Taking a snapshot at:(t:1, i:70) file /github/workspace/mnt/ozone/hadoop-ozone/integration-test/target/test-dir/MiniOzoneClusterImpl-0ee44e4a-5790-445b-bee5-3ef48b2e27da/datanode-2/data/ratis/2179bdfc-ce7e-44d4-b365-91813f2fe7bb/sm/snapshot.1_70
2021-01-10 13:37:05,220 [grpc-default-executor-1] INFO  server.GrpcLogAppender (GrpcLogAppender.java:onCompleted(344)) - 63b42672-d3a4-4132-9f43-651996da4388@group-91813F2FE7BB->5a30f297-e3d6-40f2-a678-35d09e11e701-AppendLogResponseHandler: follower responses appendEntries COMPLETED
2021-01-10 13:37:05,220 [grpc-default-executor-1] INFO  leader.FollowerInfo (FollowerInfoImpl.java:lambda$new$0(46)) - 63b42672-d3a4-4132-9f43-651996da4388@group-91813F2FE7BB->5a30f297-e3d6-40f2-a678-35d09e11e701: nextIndex: updateUnconditionally 71 -> 70
2021-01-10 13:37:05,221 [63b42672-d3a4-4132-9f43-651996da4388@group-91813F2FE7BB-StateMachineUpdater] INFO  ratis.ContainerStateMachine (ContainerStateMachine.java:takeSnapshot(302)) - group-91813F2FE7BB: Finished taking a snapshot at:(t:1, i:70) file:/github/workspace/mnt/ozone/hadoop-ozone/integration-test/target/test-dir/MiniOzoneClusterImpl-0ee44e4a-5790-445b-bee5-3ef48b2e27da/datanode-2/data/ratis/2179bdfc-ce7e-44d4-b365-91813f2fe7bb/sm/snapshot.1_70 took: 3 ms
2021-01-10 13:37:05,221 [63b42672-d3a4-4132-9f43-651996da4388@group-91813F2FE7BB-StateMachineUpdater] INFO  impl.StateMachineUpdater (StateMachineUpdater.java:takeSnapshot(279)) - 63b42672-d3a4-4132-9f43-651996da4388@group-91813F2FE7BB-StateMachineUpdater: Took a snapshot at index 70
2021-01-10 13:37:05,221 [63b42672-d3a4-4132-9f43-651996da4388@group-91813F2FE7BB-StateMachineUpdater] INFO  impl.StateMachineUpdater (StateMachineUpdater.java:lambda$new$0(88)) - 63b42672-d3a4-4132-9f43-651996da4388@group-91813F2FE7BB-StateMachineUpdater: snapshotIndex: updateIncreasingly -1 -> 70
2021-01-10 13:37:05,221 [63b42672-d3a4-4132-9f43-651996da4388@group-91813F2FE7BB-StateMachineUpdater] INFO  metrics.RatisMetrics (RatisMetrics.java:unregister(43)) - Unregistering Metrics Registry : ratis.state_machine.63b42672-d3a4-4132-9f43-651996da4388@group-91813F2FE7BB
2021-01-10 13:37:05,221 [ForkJoinPool.commonPool-worker-0] INFO  server.RaftServer$Division (ServerState.java:close(400)) - 63b42672-d3a4-4132-9f43-651996da4388@group-91813F2FE7BB: closes. applyIndex: 70
2021-01-10 13:37:05,221 [63b42672-d3a4-4132-9f43-651996da4388@group-91813F2FE7BB-SegmentedRaftLogWorker] INFO  segmented.SegmentedRaftLogWorker (SegmentedRaftLogWorker.java:run(326)) - 63b42672-d3a4-4132-9f43-651996da4388@group-91813F2FE7BB-SegmentedRaftLogWorker was interrupted, exiting. There are 0 tasks remaining in the queue.
2021-01-10 13:37:05,222 [ForkJoinPool.commonPool-worker-0] INFO  segmented.SegmentedRaftLogWorker (SegmentedRaftLogWorker.java:close(236)) - 63b42672-d3a4-4132-9f43-651996da4388@group-91813F2FE7BB-SegmentedRaftLogWorker close()
2021-01-10 13:37:05,222 [ForkJoinPool.commonPool-worker-0] INFO  metrics.RatisMetrics (RatisMetrics.java:unregister(43)) - Unregistering Metrics Registry : ratis.log_worker.63b42672-d3a4-4132-9f43-651996da4388@group-91813F2FE7BB
2021-01-10 13:37:05,222 [ForkJoinPool.commonPool-worker-0] INFO  metrics.RatisMetrics (RatisMetrics.java:unregister(43)) - Unregistering Metrics Registry : ratis.leader_election.63b42672-d3a4-4132-9f43-651996da4388@group-91813F2FE7BB
2021-01-10 13:37:05,222 [ForkJoinPool.commonPool-worker-0] INFO  metrics.RatisMetrics (RatisMetrics.java:unregister(43)) - Unregistering Metrics Registry : ratis.server.63b42672-d3a4-4132-9f43-651996da4388@group-91813F2FE7BB
2021-01-10 13:37:05,222 [ForkJoinPool.commonPool-worker-0] INFO  server.GrpcService (GrpcService.java:closeImpl(183)) - 63b42672-d3a4-4132-9f43-651996da4388: shutdown server with port 41451 now
2021-01-10 13:37:05,223 [grpc-default-executor-1] WARN  client.GrpcClientProtocolService (LogUtils.java:warn(122)) - 1-UnorderedRequestStreamObserver1: onError: org.apache.ratis.thirdparty.io.grpc.StatusRuntimeException: CANCELLED: cancelled before receiving half close
2021-01-10 13:37:05,226 [ForkJoinPool.commonPool-worker-0] INFO  server.GrpcService (GrpcService.java:closeImpl(192)) - 63b42672-d3a4-4132-9f43-651996da4388: shutdown server with port 41451 successfully
2021-01-10 13:37:05,226 [org.apache.ratis.util.JvmPauseMonitor$$Lambda$220/668167883@105c86b1] INFO  util.JvmPauseMonitor (JvmPauseMonitor.java:run(109)) - JvmPauseMonitor-63b42672-d3a4-4132-9f43-651996da4388: Stopped
2021-01-10 13:37:05,227 [ForkJoinPool.commonPool-worker-0] INFO  utils.BackgroundService (BackgroundService.java:shutdown(132)) - Shutting down service BlockDeletingService
2021-01-10 13:37:05,229 [ForkJoinPool.commonPool-worker-0] INFO  statemachine.DatanodeStateMachine (DatanodeStateMachine.java:stopDaemon(461)) - Ozone container server stopped.
2021-01-10 13:37:05,236 [EventQueue-StaleNodeForStaleNodeHandler] INFO  node.StaleNodeHandler (StaleNodeHandler.java:onMessage(58)) - Datanode cfe20c21-fb82-45e1-aa84-22b1a6eaba94{ip: 172.17.0.2, host: c2cea8100722, networkLocation: /default-rack, certSerialId: null, persistedOpState: IN_SERVICE, persistedOpStateExpiryEpochSec: 0} moved to stale state. Finalizing its pipelines [PipelineID=62ab115a-1b2b-4152-800c-26d9a5f304ab, PipelineID=2179bdfc-ce7e-44d4-b365-91813f2fe7bb]
2021-01-10 13:37:05,236 [EventQueue-StaleNodeForStaleNodeHandler] INFO  pipeline.SCMPipelineManager (SCMPipelineManager.java:finalizeAndDestroyPipeline(482)) - Destroying pipeline:Pipeline[ Id: 62ab115a-1b2b-4152-800c-26d9a5f304ab, Nodes: cfe20c21-fb82-45e1-aa84-22b1a6eaba94{ip: 172.17.0.2, host: c2cea8100722, networkLocation: /default-rack, certSerialId: null, persistedOpState: IN_SERVICE, persistedOpStateExpiryEpochSec: 0}, Type:RATIS, Factor:ONE, State:OPEN, leaderId:cfe20c21-fb82-45e1-aa84-22b1a6eaba94, CreationTimestamp2021-01-10T13:36:31.748Z]
2021-01-10 13:37:05,237 [EventQueue-StaleNodeForStaleNodeHandler] INFO  pipeline.PipelineStateManager (PipelineStateManager.java:finalizePipeline(121)) - Pipeline Pipeline[ Id: 62ab115a-1b2b-4152-800c-26d9a5f304ab, Nodes: cfe20c21-fb82-45e1-aa84-22b1a6eaba94{ip: 172.17.0.2, host: c2cea8100722, networkLocation: /default-rack, certSerialId: null, persistedOpState: IN_SERVICE, persistedOpStateExpiryEpochSec: 0}, Type:RATIS, Factor:ONE, State:CLOSED, leaderId:cfe20c21-fb82-45e1-aa84-22b1a6eaba94, CreationTimestamp2021-01-10T13:36:31.748Z] moved to CLOSED state
2021-01-10 13:37:05,237 [EventQueue-StaleNodeForStaleNodeHandler] INFO  pipeline.SCMPipelineManager (SCMPipelineManager.java:finalizeAndDestroyPipeline(482)) - Destroying pipeline:Pipeline[ Id: 2179bdfc-ce7e-44d4-b365-91813f2fe7bb, Nodes: 63b42672-d3a4-4132-9f43-651996da4388{ip: 172.17.0.2, host: c2cea8100722, networkLocation: /default-rack, certSerialId: null, persistedOpState: IN_SERVICE, persistedOpStateExpiryEpochSec: 0}5a30f297-e3d6-40f2-a678-35d09e11e701{ip: 172.17.0.2, host: c2cea8100722, networkLocation: /default-rack, certSerialId: null, persistedOpState: IN_SERVICE, persistedOpStateExpiryEpochSec: 0}cfe20c21-fb82-45e1-aa84-22b1a6eaba94{ip: 172.17.0.2, host: c2cea8100722, networkLocation: /default-rack, certSerialId: null, persistedOpState: IN_SERVICE, persistedOpStateExpiryEpochSec: 0}, Type:RATIS, Factor:THREE, State:OPEN, leaderId:63b42672-d3a4-4132-9f43-651996da4388, CreationTimestamp2021-01-10T13:36:31.977Z]
2021-01-10 13:37:05,237 [EventQueue-StaleNodeForStaleNodeHandler] INFO  pipeline.PipelineStateManager (PipelineStateManager.java:finalizePipeline(121)) - Pipeline Pipeline[ Id: 2179bdfc-ce7e-44d4-b365-91813f2fe7bb, Nodes: 63b42672-d3a4-4132-9f43-651996da4388{ip: 172.17.0.2, host: c2cea8100722, networkLocation: /default-rack, certSerialId: null, persistedOpState: IN_SERVICE, persistedOpStateExpiryEpochSec: 0}5a30f297-e3d6-40f2-a678-35d09e11e701{ip: 172.17.0.2, host: c2cea8100722, networkLocation: /default-rack, certSerialId: null, persistedOpState: IN_SERVICE, persistedOpStateExpiryEpochSec: 0}cfe20c21-fb82-45e1-aa84-22b1a6eaba94{ip: 172.17.0.2, host: c2cea8100722, networkLocation: /default-rack, certSerialId: null, persistedOpState: IN_SERVICE, persistedOpStateExpiryEpochSec: 0}, Type:RATIS, Factor:THREE, State:CLOSED, leaderId:63b42672-d3a4-4132-9f43-651996da4388, CreationTimestamp2021-01-10T13:36:31.977Z] moved to CLOSED state
2021-01-10 13:37:05,238 [EventQueue-CloseContainerForCloseContainerEventHandler] INFO  container.CloseContainerEventHandler (CloseContainerEventHandler.java:onMessage(61)) - Close container Event triggered for container : #1
2021-01-10 13:37:05,238 [EventQueue-CloseContainerForCloseContainerEventHandler] INFO  container.CloseContainerEventHandler (CloseContainerEventHandler.java:onMessage(61)) - Close container Event triggered for container : #2
2021-01-10 13:37:05,238 [EventQueue-CloseContainerForCloseContainerEventHandler] INFO  container.CloseContainerEventHandler (CloseContainerEventHandler.java:onMessage(61)) - Close container Event triggered for container : #3
2021-01-10 13:37:05,241 [ForkJoinPool.commonPool-worker-0] INFO  handler.ContextHandler (ContextHandler.java:doStop(1154)) - Stopped o.e.j.w.WebAppContext@1713f25b{hddsDatanode,/,null,STOPPED}{jar:file:/home/user/.m2/repository/org/apache/hadoop/hadoop-hdds-container-service/1.1.0-SNAPSHOT/hadoop-hdds-container-service-1.1.0-SNAPSHOT.jar!/webapps/hddsDatanode}
2021-01-10 13:37:05,241 [ForkJoinPool.commonPool-worker-0] INFO  server.AbstractConnector (AbstractConnector.java:doStop(381)) - Stopped ServerConnector@12e4c6de{HTTP/1.1, (http/1.1)}{0.0.0.0:0}
2021-01-10 13:37:05,241 [ForkJoinPool.commonPool-worker-0] INFO  server.session (HouseKeeper.java:stopScavenging(149)) - node0 Stopped scavenging
2021-01-10 13:37:05,242 [ForkJoinPool.commonPool-worker-0] INFO  handler.ContextHandler (ContextHandler.java:doStop(1154)) - Stopped o.e.j.s.ServletContextHandler@2938c689{static,/static,jar:file:/home/user/.m2/repository/org/apache/hadoop/hadoop-hdds-container-service/1.1.0-SNAPSHOT/hadoop-hdds-container-service-1.1.0-SNAPSHOT.jar!/webapps/static,STOPPED}
2021-01-10 13:37:05,243 [ForkJoinPool.commonPool-worker-0] INFO  handler.ContextHandler (ContextHandler.java:doStop(1154)) - Stopped o.e.j.s.ServletContextHandler@68886059{logs,/logs,file:///github/workspace/mnt/ozone/hadoop-ozone/integration-test/target/log,STOPPED}
2021-01-10 13:37:05,288 [Datanode State Machine Thread - 0] INFO  statemachine.DatanodeStateMachine (DatanodeStateMachine.java:lambda$startDaemon$0(408)) - Ozone container server started.
2021-01-10 13:37:05,789 [ReplicationMonitor] INFO  container.ReplicationManager (ReplicationManager.java:sendCloseCommand(948)) - Sending close container command for container #1 to datanode 63b42672-d3a4-4132-9f43-651996da4388{ip: 172.17.0.2, host: c2cea8100722, networkLocation: /default-rack, certSerialId: null, persistedOpState: IN_SERVICE, persistedOpStateExpiryEpochSec: 0}.
2021-01-10 13:37:05,789 [ReplicationMonitor] INFO  container.ReplicationManager (ReplicationManager.java:sendCloseCommand(948)) - Sending close container command for container #1 to datanode 5a30f297-e3d6-40f2-a678-35d09e11e701{ip: 172.17.0.2, host: c2cea8100722, networkLocation: /default-rack, certSerialId: null, persistedOpState: IN_SERVICE, persistedOpStateExpiryEpochSec: 0}.
2021-01-10 13:37:05,789 [ReplicationMonitor] INFO  container.ReplicationManager (ReplicationManager.java:sendCloseCommand(948)) - Sending close container command for container #1 to datanode cfe20c21-fb82-45e1-aa84-22b1a6eaba94{ip: 172.17.0.2, host: c2cea8100722, networkLocation: /default-rack, certSerialId: null, persistedOpState: IN_SERVICE, persistedOpStateExpiryEpochSec: 0}.
2021-01-10 13:37:05,789 [ReplicationMonitor] INFO  container.ReplicationManager (ReplicationManager.java:sendCloseCommand(948)) - Sending close container command for container #2 to datanode 5a30f297-e3d6-40f2-a678-35d09e11e701{ip: 172.17.0.2, host: c2cea8100722, networkLocation: /default-rack, certSerialId: null, persistedOpState: IN_SERVICE, persistedOpStateExpiryEpochSec: 0}.
2021-01-10 13:37:05,789 [ReplicationMonitor] INFO  container.ReplicationManager (ReplicationManager.java:sendCloseCommand(948)) - Sending close container command for container #2 to datanode cfe20c21-fb82-45e1-aa84-22b1a6eaba94{ip: 172.17.0.2, host: c2cea8100722, networkLocation: /default-rack, certSerialId: null, persistedOpState: IN_SERVICE, persistedOpStateExpiryEpochSec: 0}.
2021-01-10 13:37:05,789 [ReplicationMonitor] INFO  container.ReplicationManager (ReplicationManager.java:sendCloseCommand(948)) - Sending close container command for container #2 to datanode 63b42672-d3a4-4132-9f43-651996da4388{ip: 172.17.0.2, host: c2cea8100722, networkLocation: /default-rack, certSerialId: null, persistedOpState: IN_SERVICE, persistedOpStateExpiryEpochSec: 0}.
2021-01-10 13:37:05,789 [ReplicationMonitor] INFO  container.ReplicationManager (ReplicationManager.java:sendCloseCommand(948)) - Sending close container command for container #3 to datanode 63b42672-d3a4-4132-9f43-651996da4388{ip: 172.17.0.2, host: c2cea8100722, networkLocation: /default-rack, certSerialId: null, persistedOpState: IN_SERVICE, persistedOpStateExpiryEpochSec: 0}.
2021-01-10 13:37:05,789 [ReplicationMonitor] INFO  container.ReplicationManager (ReplicationManager.java:sendCloseCommand(948)) - Sending close container command for container #3 to datanode 5a30f297-e3d6-40f2-a678-35d09e11e701{ip: 172.17.0.2, host: c2cea8100722, networkLocation: /default-rack, certSerialId: null, persistedOpState: IN_SERVICE, persistedOpStateExpiryEpochSec: 0}.
2021-01-10 13:37:05,790 [ReplicationMonitor] INFO  container.ReplicationManager (ReplicationManager.java:sendCloseCommand(948)) - Sending close container command for container #3 to datanode cfe20c21-fb82-45e1-aa84-22b1a6eaba94{ip: 172.17.0.2, host: c2cea8100722, networkLocation: /default-rack, certSerialId: null, persistedOpState: IN_SERVICE, persistedOpStateExpiryEpochSec: 0}.
2021-01-10 13:37:05,790 [ReplicationMonitor] INFO  container.ReplicationManager (ReplicationManager.java:run(250)) - Replication Monitor Thread took 2 milliseconds for processing 5 containers.
2021-01-10 13:37:05,838 [EventQueue-StaleNodeForStaleNodeHandler] INFO  node.StaleNodeHandler (StaleNodeHandler.java:onMessage(58)) - Datanode b3570078-f6e2-4b7a-8962-99d3351b1084{ip: 172.17.0.2, host: c2cea8100722, networkLocation: /default-rack, certSerialId: null, persistedOpState: IN_MAINTENANCE, persistedOpStateExpiryEpochSec: 0} moved to stale state. Finalizing its pipelines []
2021-01-10 13:37:05,838 [EventQueue-StaleNodeForStaleNodeHandler] INFO  node.StaleNodeHandler (StaleNodeHandler.java:onMessage(58)) - Datanode 2f093e54-b728-4a2a-9239-b3f8c2a2e755{ip: 172.17.0.2, host: c2cea8100722, networkLocation: /default-rack, certSerialId: null, persistedOpState: IN_MAINTENANCE, persistedOpStateExpiryEpochSec: 0} moved to stale state. Finalizing its pipelines []
2021-01-10 13:37:06,098 [DatanodeAdminManager-0] INFO  node.DatanodeAdminMonitorImpl (DatanodeAdminMonitorImpl.java:run(136)) - There are 3 nodes tracked for decommission and maintenance. 0 pending nodes.
2021-01-10 13:37:06,211 [Listener at 127.0.0.1/42999] INFO  ozoneimpl.OzoneContainer (OzoneContainer.java:stop(273)) - Attempting to stop container services.
2021-01-10 13:37:06,212 [Listener at 127.0.0.1/42999] INFO  server.RaftServer (RaftServerProxy.java:lambda$close$6(389)) - 0ad6d196-e751-48c8-8ca7-d67dcf240f32: close
2021-01-10 13:37:06,212 [Listener at 127.0.0.1/42999] INFO  server.GrpcService (GrpcService.java:closeImpl(183)) - 0ad6d196-e751-48c8-8ca7-d67dcf240f32: shutdown server with port 38183 now
2021-01-10 13:37:06,217 [Listener at 127.0.0.1/42999] INFO  server.GrpcService (GrpcService.java:closeImpl(192)) - 0ad6d196-e751-48c8-8ca7-d67dcf240f32: shutdown server with port 38183 successfully
2021-01-10 13:37:06,217 [org.apache.ratis.util.JvmPauseMonitor$$Lambda$220/668167883@4534b60e] INFO  util.JvmPauseMonitor (JvmPauseMonitor.java:run(109)) - JvmPauseMonitor-0ad6d196-e751-48c8-8ca7-d67dcf240f32: Stopped
2021-01-10 13:37:06,218 [Listener at 127.0.0.1/42999] INFO  utils.BackgroundService (BackgroundService.java:shutdown(132)) - Shutting down service BlockDeletingService
2021-01-10 13:37:06,215 [grpc-default-executor-2] WARN  client.GrpcClientProtocolService (LogUtils.java:warn(122)) - 1-UnorderedRequestStreamObserver1: onError: org.apache.ratis.thirdparty.io.grpc.StatusRuntimeException: CANCELLED: cancelled before receiving half close
2021-01-10 13:37:06,220 [Listener at 127.0.0.1/42999] INFO  statemachine.DatanodeStateMachine (DatanodeStateMachine.java:stopDaemon(461)) - Ozone container server stopped.
2021-01-10 13:37:06,228 [Listener at 127.0.0.1/42999] INFO  handler.ContextHandler (ContextHandler.java:doStop(1154)) - Stopped o.e.j.w.WebAppContext@28494fd9{hddsDatanode,/,null,STOPPED}{jar:file:/home/user/.m2/repository/org/apache/hadoop/hadoop-hdds-container-service/1.1.0-SNAPSHOT/hadoop-hdds-container-service-1.1.0-SNAPSHOT.jar!/webapps/hddsDatanode}
2021-01-10 13:37:06,229 [Listener at 127.0.0.1/42999] INFO  server.AbstractConnector (AbstractConnector.java:doStop(381)) - Stopped ServerConnector@2c6db83a{HTTP/1.1, (http/1.1)}{0.0.0.0:0}
2021-01-10 13:37:06,229 [Listener at 127.0.0.1/42999] INFO  server.session (HouseKeeper.java:stopScavenging(149)) - node0 Stopped scavenging
2021-01-10 13:37:06,229 [Listener at 127.0.0.1/42999] INFO  handler.ContextHandler (ContextHandler.java:doStop(1154)) - Stopped o.e.j.s.ServletContextHandler@1d5b4a5b{static,/static,jar:file:/home/user/.m2/repository/org/apache/hadoop/hadoop-hdds-container-service/1.1.0-SNAPSHOT/hadoop-hdds-container-service-1.1.0-SNAPSHOT.jar!/webapps/static,STOPPED}
2021-01-10 13:37:06,230 [Listener at 127.0.0.1/42999] INFO  handler.ContextHandler (ContextHandler.java:doStop(1154)) - Stopped o.e.j.s.ServletContextHandler@2028ecf4{logs,/logs,file:///github/workspace/mnt/ozone/hadoop-ozone/integration-test/target/log,STOPPED}
2021-01-10 13:37:06,238 [EventQueue-StaleNodeForStaleNodeHandler] INFO  node.StaleNodeHandler (StaleNodeHandler.java:onMessage(58)) - Datanode 63b42672-d3a4-4132-9f43-651996da4388{ip: 172.17.0.2, host: c2cea8100722, networkLocation: /default-rack, certSerialId: null, persistedOpState: IN_SERVICE, persistedOpStateExpiryEpochSec: 0} moved to stale state. Finalizing its pipelines [PipelineID=6bc86d6c-fd7a-4694-9305-cebc98829c2b, PipelineID=2179bdfc-ce7e-44d4-b365-91813f2fe7bb]
2021-01-10 13:37:06,238 [EventQueue-StaleNodeForStaleNodeHandler] INFO  pipeline.SCMPipelineManager (SCMPipelineManager.java:finalizeAndDestroyPipeline(482)) - Destroying pipeline:Pipeline[ Id: 6bc86d6c-fd7a-4694-9305-cebc98829c2b, Nodes: 63b42672-d3a4-4132-9f43-651996da4388{ip: 172.17.0.2, host: c2cea8100722, networkLocation: /default-rack, certSerialId: null, persistedOpState: IN_SERVICE, persistedOpStateExpiryEpochSec: 0}, Type:RATIS, Factor:ONE, State:OPEN, leaderId:63b42672-d3a4-4132-9f43-651996da4388, CreationTimestamp2021-01-10T13:36:31.977Z]
2021-01-10 13:37:06,239 [EventQueue-StaleNodeForStaleNodeHandler] INFO  pipeline.PipelineStateManager (PipelineStateManager.java:finalizePipeline(121)) - Pipeline Pipeline[ Id: 6bc86d6c-fd7a-4694-9305-cebc98829c2b, Nodes: 63b42672-d3a4-4132-9f43-651996da4388{ip: 172.17.0.2, host: c2cea8100722, networkLocation: /default-rack, certSerialId: null, persistedOpState: IN_SERVICE, persistedOpStateExpiryEpochSec: 0}, Type:RATIS, Factor:ONE, State:CLOSED, leaderId:63b42672-d3a4-4132-9f43-651996da4388, CreationTimestamp2021-01-10T13:36:31.977Z] moved to CLOSED state
2021-01-10 13:37:06,239 [EventQueue-StaleNodeForStaleNodeHandler] INFO  pipeline.SCMPipelineManager (SCMPipelineManager.java:finalizeAndDestroyPipeline(482)) - Destroying pipeline:Pipeline[ Id: 2179bdfc-ce7e-44d4-b365-91813f2fe7bb, Nodes: 63b42672-d3a4-4132-9f43-651996da4388{ip: 172.17.0.2, host: c2cea8100722, networkLocation: /default-rack, certSerialId: null, persistedOpState: IN_SERVICE, persistedOpStateExpiryEpochSec: 0}5a30f297-e3d6-40f2-a678-35d09e11e701{ip: 172.17.0.2, host: c2cea8100722, networkLocation: /default-rack, certSerialId: null, persistedOpState: IN_SERVICE, persistedOpStateExpiryEpochSec: 0}cfe20c21-fb82-45e1-aa84-22b1a6eaba94{ip: 172.17.0.2, host: c2cea8100722, networkLocation: /default-rack, certSerialId: null, persistedOpState: IN_SERVICE, persistedOpStateExpiryEpochSec: 0}, Type:RATIS, Factor:THREE, State:CLOSED, leaderId:63b42672-d3a4-4132-9f43-651996da4388, CreationTimestamp2021-01-10T13:36:31.977Z]
2021-01-10 13:37:06,362 [ForkJoinPool.commonPool-worker-0] INFO  ozoneimpl.OzoneContainer (OzoneContainer.java:stop(273)) - Attempting to stop container services.
2021-01-10 13:37:06,362 [ForkJoinPool.commonPool-worker-0] INFO  server.RaftServer (RaftServerProxy.java:lambda$close$6(389)) - 5a30f297-e3d6-40f2-a678-35d09e11e701: close
2021-01-10 13:37:06,362 [ForkJoinPool.commonPool-worker-0] INFO  server.RaftServer$Division (RaftServerImpl.java:lambda$close$4(405)) - 5a30f297-e3d6-40f2-a678-35d09e11e701@group-2FAF46B9DE84: shutdown
2021-01-10 13:37:06,363 [ForkJoinPool.commonPool-worker-0] INFO  util.JmxRegister (JmxRegister.java:unregister(73)) - Successfully un-registered JMX Bean with object name Ratis:service=RaftServer,group=group-2FAF46B9DE84,id=5a30f297-e3d6-40f2-a678-35d09e11e701
2021-01-10 13:37:06,363 [ForkJoinPool.commonPool-worker-0] INFO  impl.RoleInfo (RoleInfo.java:shutdownLeaderState(91)) - 5a30f297-e3d6-40f2-a678-35d09e11e701: shutdown 5a30f297-e3d6-40f2-a678-35d09e11e701@group-2FAF46B9DE84-LeaderStateImpl
2021-01-10 13:37:06,363 [ForkJoinPool.commonPool-worker-0] INFO  impl.PendingRequests (PendingRequests.java:sendNotLeaderResponses(249)) - 5a30f297-e3d6-40f2-a678-35d09e11e701@group-2FAF46B9DE84-PendingRequests: sendNotLeaderResponses
2021-01-10 13:37:06,363 [ForkJoinPool.commonPool-worker-0] INFO  metrics.RatisMetrics (RatisMetrics.java:unregister(43)) - Unregistering Metrics Registry : ratis.log_appender.5a30f297-e3d6-40f2-a678-35d09e11e701@group-2FAF46B9DE84
2021-01-10 13:37:06,363 [ForkJoinPool.commonPool-worker-0] INFO  metrics.RatisMetrics (RatisMetrics.java:unregister(43)) - Unregistering Metrics Registry : ratis.server.5a30f297-e3d6-40f2-a678-35d09e11e701@group-2FAF46B9DE84
2021-01-10 13:37:06,364 [ForkJoinPool.commonPool-worker-0] INFO  impl.StateMachineUpdater (StateMachineUpdater.java:stopAndJoin(148)) - 5a30f297-e3d6-40f2-a678-35d09e11e701@group-2FAF46B9DE84-StateMachineUpdater: set stopIndex = 0
2021-01-10 13:37:06,365 [5a30f297-e3d6-40f2-a678-35d09e11e701@group-2FAF46B9DE84-StateMachineUpdater] INFO  ratis.ContainerStateMachine (ContainerStateMachine.java:takeSnapshot(291)) - group-2FAF46B9DE84: Taking a snapshot at:(t:1, i:0) file /github/workspace/mnt/ozone/hadoop-ozone/integration-test/target/test-dir/MiniOzoneClusterImpl-0ee44e4a-5790-445b-bee5-3ef48b2e27da/datanode-0/data/ratis/d60ea957-3f58-4a62-9ef1-2faf46b9de84/sm/snapshot.1_0
2021-01-10 13:37:06,366 [5a30f297-e3d6-40f2-a678-35d09e11e701@group-2FAF46B9DE84-StateMachineUpdater] INFO  ratis.ContainerStateMachine (ContainerStateMachine.java:takeSnapshot(302)) - group-2FAF46B9DE84: Finished taking a snapshot at:(t:1, i:0) file:/github/workspace/mnt/ozone/hadoop-ozone/integration-test/target/test-dir/MiniOzoneClusterImpl-0ee44e4a-5790-445b-bee5-3ef48b2e27da/datanode-0/data/ratis/d60ea957-3f58-4a62-9ef1-2faf46b9de84/sm/snapshot.1_0 took: 1 ms
2021-01-10 13:37:06,366 [5a30f297-e3d6-40f2-a678-35d09e11e701@group-2FAF46B9DE84-StateMachineUpdater] INFO  impl.StateMachineUpdater (StateMachineUpdater.java:takeSnapshot(279)) - 5a30f297-e3d6-40f2-a678-35d09e11e701@group-2FAF46B9DE84-StateMachineUpdater: Took a snapshot at index 0
2021-01-10 13:37:06,366 [5a30f297-e3d6-40f2-a678-35d09e11e701@group-2FAF46B9DE84-StateMachineUpdater] INFO  impl.StateMachineUpdater (StateMachineUpdater.java:lambda$new$0(88)) - 5a30f297-e3d6-40f2-a678-35d09e11e701@group-2FAF46B9DE84-StateMachineUpdater: snapshotIndex: updateIncreasingly -1 -> 0
2021-01-10 13:37:06,366 [5a30f297-e3d6-40f2-a678-35d09e11e701@group-2FAF46B9DE84-StateMachineUpdater] INFO  metrics.RatisMetrics (RatisMetrics.java:unregister(43)) - Unregistering Metrics Registry : ratis.state_machine.5a30f297-e3d6-40f2-a678-35d09e11e701@group-2FAF46B9DE84
2021-01-10 13:37:06,366 [ForkJoinPool.commonPool-worker-0] INFO  server.RaftServer$Division (ServerState.java:close(400)) - 5a30f297-e3d6-40f2-a678-35d09e11e701@group-2FAF46B9DE84: closes. applyIndex: 0
2021-01-10 13:37:06,367 [5a30f297-e3d6-40f2-a678-35d09e11e701@group-2FAF46B9DE84-SegmentedRaftLogWorker] INFO  segmented.SegmentedRaftLogWorker (SegmentedRaftLogWorker.java:run(326)) - 5a30f297-e3d6-40f2-a678-35d09e11e701@group-2FAF46B9DE84-SegmentedRaftLogWorker was interrupted, exiting. There are 0 tasks remaining in the queue.
2021-01-10 13:37:06,367 [ForkJoinPool.commonPool-worker-0] INFO  segmented.SegmentedRaftLogWorker (SegmentedRaftLogWorker.java:close(236)) - 5a30f297-e3d6-40f2-a678-35d09e11e701@group-2FAF46B9DE84-SegmentedRaftLogWorker close()
2021-01-10 13:37:06,367 [ForkJoinPool.commonPool-worker-0] INFO  metrics.RatisMetrics (RatisMetrics.java:unregister(43)) - Unregistering Metrics Registry : ratis.log_worker.5a30f297-e3d6-40f2-a678-35d09e11e701@group-2FAF46B9DE84
2021-01-10 13:37:06,368 [ForkJoinPool.commonPool-worker-0] INFO  metrics.RatisMetrics (RatisMetrics.java:unregister(43)) - Unregistering Metrics Registry : ratis.leader_election.5a30f297-e3d6-40f2-a678-35d09e11e701@group-2FAF46B9DE84
2021-01-10 13:37:06,368 [ForkJoinPool.commonPool-worker-0] INFO  metrics.RatisMetrics (RatisMetrics.java:unregister(43)) - Unregistering Metrics Registry : ratis.server.5a30f297-e3d6-40f2-a678-35d09e11e701@group-2FAF46B9DE84
2021-01-10 13:37:06,368 [ForkJoinPool.commonPool-worker-0] INFO  server.RaftServer$Division (RaftServerImpl.java:lambda$close$4(405)) - 5a30f297-e3d6-40f2-a678-35d09e11e701@group-91813F2FE7BB: shutdown
2021-01-10 13:37:06,368 [ForkJoinPool.commonPool-worker-0] INFO  util.JmxRegister (JmxRegister.java:unregister(73)) - Successfully un-registered JMX Bean with object name Ratis:service=RaftServer,group=group-91813F2FE7BB,id=5a30f297-e3d6-40f2-a678-35d09e11e701
2021-01-10 13:37:06,368 [ForkJoinPool.commonPool-worker-0] INFO  impl.RoleInfo (RoleInfo.java:shutdownFollowerState(108)) - 5a30f297-e3d6-40f2-a678-35d09e11e701: shutdown 5a30f297-e3d6-40f2-a678-35d09e11e701@group-91813F2FE7BB-FollowerState
2021-01-10 13:37:06,368 [Thread-853] INFO  impl.FollowerState (FollowerState.java:run(142)) - 5a30f297-e3d6-40f2-a678-35d09e11e701@group-91813F2FE7BB-FollowerState was interrupted: {}
java.lang.InterruptedException: sleep interrupted
	at java.lang.Thread.sleep(Native Method)
	at java.lang.Thread.sleep(Thread.java:340)
	at java.util.concurrent.TimeUnit.sleep(TimeUnit.java:386)
	at org.apache.ratis.util.TimeDuration.sleep(TimeDuration.java:324)
	at org.apache.ratis.util.TimeDuration.sleep(TimeDuration.java:309)
	at org.apache.ratis.server.impl.FollowerState.run(FollowerState.java:117)
2021-01-10 13:37:06,373 [ForkJoinPool.commonPool-worker-0] INFO  impl.StateMachineUpdater (StateMachineUpdater.java:stopAndJoin(148)) - 5a30f297-e3d6-40f2-a678-35d09e11e701@group-91813F2FE7BB-StateMachineUpdater: set stopIndex = 70
2021-01-10 13:37:06,373 [5a30f297-e3d6-40f2-a678-35d09e11e701@group-91813F2FE7BB-StateMachineUpdater] INFO  ratis.ContainerStateMachine (ContainerStateMachine.java:takeSnapshot(291)) - group-91813F2FE7BB: Taking a snapshot at:(t:1, i:70) file /github/workspace/mnt/ozone/hadoop-ozone/integration-test/target/test-dir/MiniOzoneClusterImpl-0ee44e4a-5790-445b-bee5-3ef48b2e27da/datanode-0/data/ratis/2179bdfc-ce7e-44d4-b365-91813f2fe7bb/sm/snapshot.1_70
2021-01-10 13:37:06,375 [5a30f297-e3d6-40f2-a678-35d09e11e701@group-91813F2FE7BB-StateMachineUpdater] INFO  ratis.ContainerStateMachine (ContainerStateMachine.java:takeSnapshot(302)) - group-91813F2FE7BB: Finished taking a snapshot at:(t:1, i:70) file:/github/workspace/mnt/ozone/hadoop-ozone/integration-test/target/test-dir/MiniOzoneClusterImpl-0ee44e4a-5790-445b-bee5-3ef48b2e27da/datanode-0/data/ratis/2179bdfc-ce7e-44d4-b365-91813f2fe7bb/sm/snapshot.1_70 took: 2 ms
2021-01-10 13:37:06,375 [5a30f297-e3d6-40f2-a678-35d09e11e701@group-91813F2FE7BB-StateMachineUpdater] INFO  impl.StateMachineUpdater (StateMachineUpdater.java:takeSnapshot(279)) - 5a30f297-e3d6-40f2-a678-35d09e11e701@group-91813F2FE7BB-StateMachineUpdater: Took a snapshot at index 70
2021-01-10 13:37:06,375 [5a30f297-e3d6-40f2-a678-35d09e11e701@group-91813F2FE7BB-StateMachineUpdater] INFO  impl.StateMachineUpdater (StateMachineUpdater.java:lambda$new$0(88)) - 5a30f297-e3d6-40f2-a678-35d09e11e701@group-91813F2FE7BB-StateMachineUpdater: snapshotIndex: updateIncreasingly -1 -> 70
2021-01-10 13:37:06,376 [5a30f297-e3d6-40f2-a678-35d09e11e701@group-91813F2FE7BB-StateMachineUpdater] INFO  metrics.RatisMetrics (RatisMetrics.java:unregister(43)) - Unregistering Metrics Registry : ratis.state_machine.5a30f297-e3d6-40f2-a678-35d09e11e701@group-91813F2FE7BB
2021-01-10 13:37:06,376 [ForkJoinPool.commonPool-worker-0] INFO  server.RaftServer$Division (ServerState.java:close(400)) - 5a30f297-e3d6-40f2-a678-35d09e11e701@group-91813F2FE7BB: closes. applyIndex: 70
2021-01-10 13:37:06,376 [5a30f297-e3d6-40f2-a678-35d09e11e701@group-91813F2FE7BB-SegmentedRaftLogWorker] INFO  segmented.SegmentedRaftLogWorker (SegmentedRaftLogWorker.java:run(326)) - 5a30f297-e3d6-40f2-a678-35d09e11e701@group-91813F2FE7BB-SegmentedRaftLogWorker was interrupted, exiting. There are 0 tasks remaining in the queue.
2021-01-10 13:37:06,376 [ForkJoinPool.commonPool-worker-0] INFO  segmented.SegmentedRaftLogWorker (SegmentedRaftLogWorker.java:close(236)) - 5a30f297-e3d6-40f2-a678-35d09e11e701@group-91813F2FE7BB-SegmentedRaftLogWorker close()
2021-01-10 13:37:06,376 [ForkJoinPool.commonPool-worker-0] INFO  metrics.RatisMetrics (RatisMetrics.java:unregister(43)) - Unregistering Metrics Registry : ratis.log_worker.5a30f297-e3d6-40f2-a678-35d09e11e701@group-91813F2FE7BB
2021-01-10 13:37:06,376 [ForkJoinPool.commonPool-worker-0] INFO  metrics.RatisMetrics (RatisMetrics.java:unregister(43)) - Unregistering Metrics Registry : ratis.leader_election.5a30f297-e3d6-40f2-a678-35d09e11e701@group-91813F2FE7BB
2021-01-10 13:37:06,377 [ForkJoinPool.commonPool-worker-0] INFO  metrics.RatisMetrics (RatisMetrics.java:unregister(43)) - Unregistering Metrics Registry : ratis.server.5a30f297-e3d6-40f2-a678-35d09e11e701@group-91813F2FE7BB
2021-01-10 13:37:06,377 [ForkJoinPool.commonPool-worker-0] INFO  server.GrpcService (GrpcService.java:closeImpl(183)) - 5a30f297-e3d6-40f2-a678-35d09e11e701: shutdown server with port 34335 now
2021-01-10 13:37:06,377 [ForkJoinPool.commonPool-worker-0] INFO  server.GrpcService (GrpcService.java:closeImpl(192)) - 5a30f297-e3d6-40f2-a678-35d09e11e701: shutdown server with port 34335 successfully
2021-01-10 13:37:06,377 [org.apache.ratis.util.JvmPauseMonitor$$Lambda$220/668167883@26902e95] INFO  util.JvmPauseMonitor (JvmPauseMonitor.java:run(109)) - JvmPauseMonitor-5a30f297-e3d6-40f2-a678-35d09e11e701: Stopped
2021-01-10 13:37:06,379 [ForkJoinPool.commonPool-worker-0] INFO  utils.BackgroundService (BackgroundService.java:shutdown(132)) - Shutting down service BlockDeletingService
2021-01-10 13:37:06,380 [ForkJoinPool.commonPool-worker-0] INFO  statemachine.DatanodeStateMachine (DatanodeStateMachine.java:stopDaemon(461)) - Ozone container server stopped.
2021-01-10 13:37:06,389 [ForkJoinPool.commonPool-worker-0] INFO  handler.ContextHandler (ContextHandler.java:doStop(1154)) - Stopped o.e.j.w.WebAppContext@67f3b72d{hddsDatanode,/,null,STOPPED}{jar:file:/home/user/.m2/repository/org/apache/hadoop/hadoop-hdds-container-service/1.1.0-SNAPSHOT/hadoop-hdds-container-service-1.1.0-SNAPSHOT.jar!/webapps/hddsDatanode}
2021-01-10 13:37:06,389 [ForkJoinPool.commonPool-worker-0] INFO  server.AbstractConnector (AbstractConnector.java:doStop(381)) - Stopped ServerConnector@5a77b7cc{HTTP/1.1, (http/1.1)}{0.0.0.0:0}
2021-01-10 13:37:06,390 [ForkJoinPool.commonPool-worker-0] INFO  server.session (HouseKeeper.java:stopScavenging(149)) - node0 Stopped scavenging
2021-01-10 13:37:06,390 [ForkJoinPool.commonPool-worker-0] INFO  handler.ContextHandler (ContextHandler.java:doStop(1154)) - Stopped o.e.j.s.ServletContextHandler@17574caa{static,/static,jar:file:/home/user/.m2/repository/org/apache/hadoop/hadoop-hdds-container-service/1.1.0-SNAPSHOT/hadoop-hdds-container-service-1.1.0-SNAPSHOT.jar!/webapps/static,STOPPED}
2021-01-10 13:37:06,391 [ForkJoinPool.commonPool-worker-0] INFO  handler.ContextHandler (ContextHandler.java:doStop(1154)) - Stopped o.e.j.s.ServletContextHandler@379bc95e{logs,/logs,file:///github/workspace/mnt/ozone/hadoop-ozone/integration-test/target/log,STOPPED}
2021-01-10 13:37:06,392 [Listener at 127.0.0.1/42999] INFO  ozone.MiniOzoneClusterImpl (MiniOzoneClusterImpl.java:stopSCM(478)) - Stopping the StorageContainerManager
2021-01-10 13:37:06,392 [Listener at 127.0.0.1/42999] INFO  server.StorageContainerManager (StorageContainerManager.java:stop(832)) - Stopping Replication Manager Service.
2021-01-10 13:37:06,392 [Listener at 127.0.0.1/42999] INFO  container.ReplicationManager (ReplicationManager.java:stop(227)) - Stopping Replication Monitor Thread.
2021-01-10 13:37:06,393 [Listener at 127.0.0.1/42999] INFO  server.StorageContainerManager (StorageContainerManager.java:stop(839)) - Stopping the Datanode Admin Monitor.
2021-01-10 13:37:06,393 [Listener at 127.0.0.1/42999] INFO  server.StorageContainerManager (StorageContainerManager.java:stop(846)) - Stopping Lease Manager of the command watchers
2021-01-10 13:37:06,393 [Listener at 127.0.0.1/42999] INFO  server.StorageContainerManager (StorageContainerManager.java:stop(853)) - Stopping datanode service RPC server
2021-01-10 13:37:06,393 [Listener at 127.0.0.1/42999] INFO  server.SCMDatanodeProtocolServer (SCMDatanodeProtocolServer.java:stop(369)) - Stopping the RPC server for DataNodes
2021-01-10 13:37:06,393 [Listener at 127.0.0.1/42999] INFO  ipc.Server (Server.java:stop(3359)) - Stopping server on 45713
2021-01-10 13:37:06,395 [IPC Server listener on 0] INFO  ipc.Server (Server.java:run(1330)) - Stopping IPC Server listener on 0
2021-01-10 13:37:06,395 [IPC Server Responder] INFO  ipc.Server (Server.java:run(1465)) - Stopping IPC Server Responder
2021-01-10 13:37:06,439 [SCM Heartbeat Processing Thread - 0] WARN  node.NodeStateManager (NodeStateManager.java:scheduleNextHealthCheck(688)) - Current Thread is interrupted, shutting down HB processing thread for Node Manager.
2021-01-10 13:37:06,439 [Listener at 127.0.0.1/42999] INFO  server.StorageContainerManager (StorageContainerManager.java:stop(861)) - Stopping block service RPC server
2021-01-10 13:37:06,439 [Listener at 127.0.0.1/42999] INFO  server.SCMBlockProtocolServer (SCMBlockProtocolServer.java:stop(159)) - Stopping the RPC server for Block Protocol
2021-01-10 13:37:06,439 [Listener at 127.0.0.1/42999] INFO  ipc.Server (Server.java:stop(3359)) - Stopping server on 37297
2021-01-10 13:37:06,442 [Listener at 127.0.0.1/42999] INFO  server.StorageContainerManager (StorageContainerManager.java:stop(868)) - Stopping the StorageContainerLocationProtocol RPC server
2021-01-10 13:37:06,442 [Listener at 127.0.0.1/42999] INFO  server.SCMClientProtocolServer (SCMClientProtocolServer.java:stop(168)) - Stopping the RPC server for Client Protocol
2021-01-10 13:37:06,442 [IPC Server listener on 0] INFO  ipc.Server (Server.java:run(1330)) - Stopping IPC Server listener on 0
2021-01-10 13:37:06,442 [IPC Server Responder] INFO  ipc.Server (Server.java:run(1465)) - Stopping IPC Server Responder
2021-01-10 13:37:06,443 [Listener at 127.0.0.1/42999] INFO  ipc.Server (Server.java:stop(3359)) - Stopping server on 46543
2021-01-10 13:37:06,444 [IPC Server listener on 0] INFO  ipc.Server (Server.java:run(1330)) - Stopping IPC Server listener on 0
2021-01-10 13:37:06,446 [IPC Server Responder] INFO  ipc.Server (Server.java:run(1465)) - Stopping IPC Server Responder
2021-01-10 13:37:06,446 [Listener at 127.0.0.1/42999] INFO  server.StorageContainerManager (StorageContainerManager.java:stop(875)) - Stopping Storage Container Manager HTTP server.
2021-01-10 13:37:06,447 [Listener at 127.0.0.1/42999] INFO  handler.ContextHandler (ContextHandler.java:doStop(1154)) - Stopped o.e.j.w.WebAppContext@1801a55a{scm,/,null,STOPPED}{file:/github/workspace/mnt/ozone/hadoop-ozone/integration-test/target/test-classes/webapps/scm}
2021-01-10 13:37:06,448 [Listener at 127.0.0.1/42999] INFO  server.AbstractConnector (AbstractConnector.java:doStop(381)) - Stopped ServerConnector@267e36f5{HTTP/1.1, (http/1.1)}{0.0.0.0:0}
2021-01-10 13:37:06,448 [Listener at 127.0.0.1/42999] INFO  server.session (HouseKeeper.java:stopScavenging(149)) - node0 Stopped scavenging
2021-01-10 13:37:06,448 [Listener at 127.0.0.1/42999] INFO  handler.ContextHandler (ContextHandler.java:doStop(1154)) - Stopped o.e.j.s.ServletContextHandler@4463d9b7{static,/static,file:///github/workspace/mnt/ozone/hadoop-ozone/integration-test/target/test-classes/webapps/static,STOPPED}
2021-01-10 13:37:06,448 [Listener at 127.0.0.1/42999] INFO  handler.ContextHandler (ContextHandler.java:doStop(1154)) - Stopped o.e.j.s.ServletContextHandler@15d67d0f{logs,/logs,file:///github/workspace/mnt/ozone/hadoop-ozone/integration-test/target/log,STOPPED}
2021-01-10 13:37:06,449 [Listener at 127.0.0.1/42999] INFO  server.StorageContainerManager (StorageContainerManager.java:stop(886)) - Stopping Block Manager Service.
2021-01-10 13:37:06,449 [Listener at 127.0.0.1/42999] INFO  utils.BackgroundService (BackgroundService.java:shutdown(132)) - Shutting down service SCMBlockDeletingService
2021-01-10 13:37:06,450 [Listener at 127.0.0.1/42999] INFO  utils.BackgroundService (BackgroundService.java:shutdown(132)) - Shutting down service SCMBlockDeletingService
2021-01-10 13:37:06,450 [Listener at 127.0.0.1/42999] INFO  server.StorageContainerManager (StorageContainerManager.java:stop(911)) - Stopping SCM Event Queue.
2021-01-10 13:37:06,453 [Listener at 127.0.0.1/42999] INFO  impl.MetricsSystemImpl (MetricsSystemImpl.java:stop(210)) - Stopping HddsDatanode metrics system...
2021-01-10 13:37:06,455 [Listener at 127.0.0.1/42999] INFO  impl.MetricsSystemImpl (MetricsSystemImpl.java:stop(216)) - HddsDatanode metrics system stopped.
]]></system-out>
  </testcase>
  <testcase name="testDecommissionedStateReinstatedAfterSCMRestart" classname="org.apache.hadoop.ozone.scm.node.TestDecommissionAndMaintenance" time="43.617"/>
  <testcase name="testMaintenanceEndsAutomaticallyAtTimeout" classname="org.apache.hadoop.ozone.scm.node.TestDecommissionAndMaintenance" time="56.781"/>
  <testcase name="testDecommissionedNodeCanBeRecommissioned" classname="org.apache.hadoop.ozone.scm.node.TestDecommissionAndMaintenance" time="30.463"/>
  <testcase name="testNodeWithOpenPipelineCanBeDecommissioned" classname="org.apache.hadoop.ozone.scm.node.TestDecommissionAndMaintenance" time="47.676"/>
  <testcase name="testSingleNodeWithOpenPipelineCanGotoMaintenance" classname="org.apache.hadoop.ozone.scm.node.TestDecommissionAndMaintenance" time="53.094"/>
  <testcase name="testSCMHandlesRestartForMaintenanceNode" classname="org.apache.hadoop.ozone.scm.node.TestDecommissionAndMaintenance" time="55.985"/>
  <testcase name="testStoppedDecommissionedNodeTakesSCMStateOnRestart" classname="org.apache.hadoop.ozone.scm.node.TestDecommissionAndMaintenance" time="48.193"/>
  <testcase name="testEnteringMaintenanceNodeCompletesAfterSCMRestart" classname="org.apache.hadoop.ozone.scm.node.TestDecommissionAndMaintenance" time="45.2"/>
  <testcase name="testDecommissioningNodesCompleteDecommissionOnSCMRestart" classname="org.apache.hadoop.ozone.scm.node.TestDecommissionAndMaintenance" time="42.33"/>
</testsuite>