<?xml version="1.0" encoding="UTF-8"?>
<testsuite xmlns:xsi="http://www.w3.org/2001/XMLSchema-instance" xsi:noNamespaceSchemaLocation="https://maven.apache.org/surefire/maven-surefire-plugin/xsd/surefire-test-report-3.0.xsd" version="3.0" name="org.apache.hadoop.fs.ozone.TestOzoneFileSystem" time="269.785" tests="136" errors="0" skipped="0" failures="2">
  <properties>
    <property name="awt.toolkit" value="sun.awt.X11.XToolkit"/>
    <property name="file.encoding.pkg" value="sun.io"/>
    <property name="java.specification.version" value="1.8"/>
    <property name="sun.cpu.isalist" value=""/>
    <property name="sun.jnu.encoding" value="UTF-8"/>
    <property name="java.class.path" value="/home/runner/work/ozone/ozone/hadoop-ozone/integration-test/target/test-classes:/home/runner/work/ozone/ozone/hadoop-ozone/integration-test/target/classes:/home/runner/.m2/repository/org/apache/ozone/ozone-common/1.3.0-SNAPSHOT/ozone-common-1.3.0-SNAPSHOT.jar:/home/runner/.m2/repository/org/apache/commons/commons-compress/1.21/commons-compress-1.21.jar:/home/runner/.m2/repository/org/apache/ozone/hdds-common/1.3.0-SNAPSHOT/hdds-common-1.3.0-SNAPSHOT.jar:/home/runner/.m2/repository/org/apache/ozone/hdds-client/1.3.0-SNAPSHOT/hdds-client-1.3.0-SNAPSHOT.jar:/home/runner/.m2/repository/org/apache/ozone/ozone-interface-client/1.3.0-SNAPSHOT/ozone-interface-client-1.3.0-SNAPSHOT.jar:/home/runner/.m2/repository/org/apache/ozone/hdds-test-utils/1.3.0-SNAPSHOT/hdds-test-utils-1.3.0-SNAPSHOT.jar:/home/runner/.m2/repository/com/google/guava/guava/30.1.1-jre/guava-30.1.1-jre.jar:/home/runner/.m2/repository/com/google/guava/failureaccess/1.0.1/failureaccess-1.0.1.jar:/home/runner/.m2/repository/com/google/guava/listenablefuture/9999.0-empty-to-avoid-conflict-with-guava/listenablefuture-9999.0-empty-to-avoid-conflict-with-guava.jar:/home/runner/.m2/repository/com/google/code/findbugs/jsr305/3.0.0/jsr305-3.0.0.jar:/home/runner/.m2/repository/org/checkerframework/checker-qual/3.8.0/checker-qual-3.8.0.jar:/home/runner/.m2/repository/com/google/errorprone/error_prone_annotations/2.2.0/error_prone_annotations-2.2.0.jar:/home/runner/.m2/repository/com/google/j2objc/j2objc-annotations/1.3/j2objc-annotations-1.3.jar:/home/runner/.m2/repository/commons-io/commons-io/2.11.0/commons-io-2.11.0.jar:/home/runner/.m2/repository/commons-logging/commons-logging/1.2/commons-logging-1.2.jar:/home/runner/.m2/repository/log4j/log4j/1.2.17/log4j-1.2.17.jar:/home/runner/.m2/repository/org/slf4j/slf4j-api/1.7.30/slf4j-api-1.7.30.jar:/home/runner/.m2/repository/org/apache/ozone/hdds-server-scm/1.3.0-SNAPSHOT/hdds-server-scm-1.3.0-SNAPSHOT.jar:/home/runner/.m2/repository/org/apache/ozone/hdds-container-service/1.3.0-SNAPSHOT/hdds-container-service-1.3.0-SNAPSHOT.jar:/home/runner/.m2/repository/org/apache/ozone/hdds-hadoop-dependency-server/1.3.0-SNAPSHOT/hdds-hadoop-dependency-server-1.3.0-SNAPSHOT.jar:/home/runner/.m2/repository/org/apache/hadoop/hadoop-hdfs/3.3.1/hadoop-hdfs-3.3.1.jar:/home/runner/.m2/repository/org/apache/ozone/hdds-server-framework/1.3.0-SNAPSHOT/hdds-server-framework-1.3.0-SNAPSHOT.jar:/home/runner/.m2/repository/org/apache/ozone/hdds-interface-server/1.3.0-SNAPSHOT/hdds-interface-server-1.3.0-SNAPSHOT.jar:/home/runner/.m2/repository/org/apache/logging/log4j/log4j-core/2.17.1/log4j-core-2.17.1.jar:/home/runner/.m2/repository/com/lmax/disruptor/3.4.2/disruptor-3.4.2.jar:/home/runner/.m2/repository/org/eclipse/jetty/jetty-servlet/9.4.43.v20210629/jetty-servlet-9.4.43.v20210629.jar:/home/runner/.m2/repository/org/eclipse/jetty/jetty-security/9.4.43.v20210629/jetty-security-9.4.43.v20210629.jar:/home/runner/.m2/repository/org/rocksdb/rocksdbjni/7.0.4/rocksdbjni-7.0.4.jar:/home/runner/.m2/repository/io/prometheus/simpleclient_dropwizard/0.7.0/simpleclient_dropwizard-0.7.0.jar:/home/runner/.m2/repository/io/prometheus/simpleclient/0.7.0/simpleclient-0.7.0.jar:/home/runner/.m2/repository/io/prometheus/simpleclient_common/0.7.0/simpleclient_common-0.7.0.jar:/home/runner/.m2/repository/com/fasterxml/jackson/datatype/jackson-datatype-jsr310/2.13.2/jackson-datatype-jsr310-2.13.2.jar:/home/runner/.m2/repository/io/dropwizard/metrics/metrics-core/3.2.4/metrics-core-3.2.4.jar:/home/runner/.m2/repository/org/apache/hadoop/hadoop-hdfs-client/3.3.1/hadoop-hdfs-client-3.3.1.jar:/home/runner/.m2/repository/org/bouncycastle/bcprov-jdk15on/1.67/bcprov-jdk15on-1.67.jar:/home/runner/.m2/repository/com/google/protobuf/protobuf-java/2.5.0/protobuf-java-2.5.0.jar:/home/runner/.m2/repository/org/apache/ozone/ozone-manager/1.3.0-SNAPSHOT/ozone-manager-1.3.0-SNAPSHOT.jar:/home/runner/.m2/repository/org/aspectj/aspectjrt/1.9.7/aspectjrt-1.9.7.jar:/home/runner/.m2/repository/org/aspectj/aspectjweaver/1.9.7/aspectjweaver-1.9.7.jar:/home/runner/.m2/repository/org/apache/ozone/hdds-interface-client/1.3.0-SNAPSHOT/hdds-interface-client-1.3.0-SNAPSHOT.jar:/home/runner/.m2/repository/org/apache/hadoop/thirdparty/hadoop-shaded-protobuf_3_7/1.1.1/hadoop-shaded-protobuf_3_7-1.1.1.jar:/home/runner/.m2/repository/org/apache/ozone/ozone-interface-storage/1.3.0-SNAPSHOT/ozone-interface-storage-1.3.0-SNAPSHOT.jar:/home/runner/.m2/repository/org/reflections/reflections/0.9.11/reflections-0.9.11.jar:/home/runner/.m2/repository/org/apache/hadoop/hadoop-minikdc/3.3.1/hadoop-minikdc-3.3.1.jar:/home/runner/.m2/repository/org/apache/kerby/kerb-simplekdc/1.0.1/kerb-simplekdc-1.0.1.jar:/home/runner/.m2/repository/org/apache/kerby/kerb-client/1.0.1/kerb-client-1.0.1.jar:/home/runner/.m2/repository/org/apache/kerby/kerby-config/1.0.1/kerby-config-1.0.1.jar:/home/runner/.m2/repository/org/apache/kerby/kerb-common/1.0.1/kerb-common-1.0.1.jar:/home/runner/.m2/repository/org/apache/kerby/kerb-crypto/1.0.1/kerb-crypto-1.0.1.jar:/home/runner/.m2/repository/org/apache/kerby/kerb-util/1.0.1/kerb-util-1.0.1.jar:/home/runner/.m2/repository/org/apache/kerby/token-provider/1.0.1/token-provider-1.0.1.jar:/home/runner/.m2/repository/org/apache/kerby/kerb-admin/1.0.1/kerb-admin-1.0.1.jar:/home/runner/.m2/repository/org/apache/kerby/kerb-server/1.0.1/kerb-server-1.0.1.jar:/home/runner/.m2/repository/org/apache/kerby/kerb-identity/1.0.1/kerb-identity-1.0.1.jar:/home/runner/.m2/repository/org/apache/kerby/kerby-xdr/1.0.1/kerby-xdr-1.0.1.jar:/home/runner/.m2/repository/org/slf4j/slf4j-log4j12/1.7.30/slf4j-log4j12-1.7.30.jar:/home/runner/.m2/repository/org/apache/ozone/ozone-s3gateway/1.3.0-SNAPSHOT/ozone-s3gateway-1.3.0-SNAPSHOT.jar:/home/runner/.m2/repository/org/javassist/javassist/3.21.0-GA/javassist-3.21.0-GA.jar:/home/runner/.m2/repository/org/jboss/weld/servlet/weld-servlet/2.4.7.Final/weld-servlet-2.4.7.Final.jar:/home/runner/.m2/repository/org/glassfish/jersey/containers/jersey-container-servlet-core/2.33/jersey-container-servlet-core-2.33.jar:/home/runner/.m2/repository/org/glassfish/hk2/external/jakarta.inject/2.6.1/jakarta.inject-2.6.1.jar:/home/runner/.m2/repository/org/glassfish/jersey/core/jersey-common/2.33/jersey-common-2.33.jar:/home/runner/.m2/repository/jakarta/ws/rs/jakarta.ws.rs-api/2.1.6/jakarta.ws.rs-api-2.1.6.jar:/home/runner/.m2/repository/org/glassfish/jersey/ext/cdi/jersey-cdi1x/2.33/jersey-cdi1x-2.33.jar:/home/runner/.m2/repository/org/glassfish/jersey/inject/jersey-hk2/2.33/jersey-hk2-2.33.jar:/home/runner/.m2/repository/org/glassfish/hk2/hk2-locator/2.6.1/hk2-locator-2.6.1.jar:/home/runner/.m2/repository/org/glassfish/jersey/media/jersey-media-jaxb/2.33/jersey-media-jaxb-2.33.jar:/home/runner/.m2/repository/org/glassfish/hk2/osgi-resource-locator/1.0.3/osgi-resource-locator-1.0.3.jar:/home/runner/.m2/repository/org/glassfish/hk2/hk2-api/2.5.0/hk2-api-2.5.0.jar:/home/runner/.m2/repository/org/glassfish/hk2/hk2-utils/2.5.0/hk2-utils-2.5.0.jar:/home/runner/.m2/repository/org/glassfish/hk2/external/aopalliance-repackaged/2.5.0/aopalliance-repackaged-2.5.0.jar:/home/runner/.m2/repository/com/fasterxml/jackson/dataformat/jackson-dataformat-xml/2.13.2/jackson-dataformat-xml-2.13.2.jar:/home/runner/.m2/repository/com/fasterxml/jackson/core/jackson-core/2.13.2/jackson-core-2.13.2.jar:/home/runner/.m2/repository/org/codehaus/woodstox/stax2-api/3.1.4/stax2-api-3.1.4.jar:/home/runner/.m2/repository/com/fasterxml/woodstox/woodstox-core/5.0.3/woodstox-core-5.0.3.jar:/home/runner/.m2/repository/com/fasterxml/jackson/module/jackson-module-jaxb-annotations/2.13.2/jackson-module-jaxb-annotations-2.13.2.jar:/home/runner/.m2/repository/jakarta/xml/bind/jakarta.xml.bind-api/2.3.3/jakarta.xml.bind-api-2.3.3.jar:/home/runner/.m2/repository/jakarta/activation/jakarta.activation-api/1.2.1/jakarta.activation-api-1.2.1.jar:/home/runner/.m2/repository/javax/enterprise/cdi-api/1.2/cdi-api-1.2.jar:/home/runner/.m2/repository/javax/el/javax.el-api/3.0.0/javax.el-api-3.0.0.jar:/home/runner/.m2/repository/javax/interceptor/javax.interceptor-api/1.2/javax.interceptor-api-1.2.jar:/home/runner/.m2/repository/javax/inject/javax.inject/1/javax.inject-1.jar:/home/runner/.m2/repository/javax/xml/bind/jaxb-api/2.3.0/jaxb-api-2.3.0.jar:/home/runner/.m2/repository/org/glassfish/jaxb/jaxb-runtime/2.3.0.1/jaxb-runtime-2.3.0.1.jar:/home/runner/.m2/repository/org/glassfish/jaxb/jaxb-core/2.3.0.1/jaxb-core-2.3.0.1.jar:/home/runner/.m2/repository/org/glassfish/jaxb/txw2/2.3.0.1/txw2-2.3.0.1.jar:/home/runner/.m2/repository/com/sun/istack/istack-commons-runtime/3.0.5/istack-commons-runtime-3.0.5.jar:/home/runner/.m2/repository/org/jvnet/staxex/stax-ex/1.7.8/stax-ex-1.7.8.jar:/home/runner/.m2/repository/com/sun/xml/fastinfoset/FastInfoset/1.2.13/FastInfoset-1.2.13.jar:/home/runner/.m2/repository/javax/activation/activation/1.1.1/activation-1.1.1.jar:/home/runner/.m2/repository/org/apache/ozone/ozone-csi/1.3.0-SNAPSHOT/ozone-csi-1.3.0-SNAPSHOT.jar:/home/runner/.m2/repository/com/google/protobuf/protobuf-java-util/3.12.0/protobuf-java-util-3.12.0.jar:/home/runner/.m2/repository/com/google/code/gson/gson/2.2.4/gson-2.2.4.jar:/home/runner/.m2/repository/org/apache/ozone/hdds-config/1.3.0-SNAPSHOT/hdds-config-1.3.0-SNAPSHOT.jar:/home/runner/.m2/repository/io/grpc/grpc-netty/1.33.0/grpc-netty-1.33.0.jar:/home/runner/.m2/repository/io/grpc/grpc-core/1.33.0/grpc-core-1.33.0.jar:/home/runner/.m2/repository/com/google/android/annotations/4.1.1.4/annotations-4.1.1.4.jar:/home/runner/.m2/repository/io/netty/netty-codec-http2/4.1.63.Final/netty-codec-http2-4.1.63.Final.jar:/home/runner/.m2/repository/io/netty/netty-codec-http/4.1.63.Final/netty-codec-http-4.1.63.Final.jar:/home/runner/.m2/repository/io/netty/netty-handler-proxy/4.1.63.Final/netty-handler-proxy-4.1.63.Final.jar:/home/runner/.m2/repository/io/netty/netty-codec-socks/4.1.63.Final/netty-codec-socks-4.1.63.Final.jar:/home/runner/.m2/repository/io/perfmark/perfmark-api/0.19.0/perfmark-api-0.19.0.jar:/home/runner/.m2/repository/org/codehaus/mojo/animal-sniffer-annotations/1.18/animal-sniffer-annotations-1.18.jar:/home/runner/.m2/repository/io/netty/netty-transport-native-epoll/4.1.63.Final/netty-transport-native-epoll-4.1.63.Final.jar:/home/runner/.m2/repository/io/netty/netty-common/4.1.63.Final/netty-common-4.1.63.Final.jar:/home/runner/.m2/repository/io/netty/netty-buffer/4.1.63.Final/netty-buffer-4.1.63.Final.jar:/home/runner/.m2/repository/io/netty/netty-transport-native-unix-common/4.1.63.Final/netty-transport-native-unix-common-4.1.63.Final.jar:/home/runner/.m2/repository/io/grpc/grpc-protobuf/1.33.0/grpc-protobuf-1.33.0.jar:/home/runner/.m2/repository/io/grpc/grpc-api/1.33.0/grpc-api-1.33.0.jar:/home/runner/.m2/repository/io/grpc/grpc-context/1.33.0/grpc-context-1.33.0.jar:/home/runner/.m2/repository/com/google/api/grpc/proto-google-common-protos/1.17.0/proto-google-common-protos-1.17.0.jar:/home/runner/.m2/repository/io/grpc/grpc-protobuf-lite/1.33.0/grpc-protobuf-lite-1.33.0.jar:/home/runner/.m2/repository/io/grpc/grpc-stub/1.33.0/grpc-stub-1.33.0.jar:/home/runner/.m2/repository/org/apache/ozone/ozone-recon/1.3.0-SNAPSHOT/ozone-recon-1.3.0-SNAPSHOT.jar:/home/runner/.m2/repository/org/apache/ozone/ozone-reconcodegen/1.3.0-SNAPSHOT/ozone-reconcodegen-1.3.0-SNAPSHOT.jar:/home/runner/.m2/repository/com/google/inject/extensions/guice-multibindings/4.0/guice-multibindings-4.0.jar:/home/runner/.m2/repository/com/google/inject/guice/4.0/guice-4.0.jar:/home/runner/.m2/repository/aopalliance/aopalliance/1.0/aopalliance-1.0.jar:/home/runner/.m2/repository/com/google/inject/extensions/guice-assistedinject/4.0/guice-assistedinject-4.0.jar:/home/runner/.m2/repository/com/google/inject/extensions/guice-servlet/4.0/guice-servlet-4.0.jar:/home/runner/.m2/repository/org/glassfish/jersey/containers/jersey-container-servlet/2.33/jersey-container-servlet-2.33.jar:/home/runner/.m2/repository/org/glassfish/hk2/guice-bridge/2.5.0/guice-bridge-2.5.0.jar:/home/runner/.m2/repository/org/glassfish/jersey/core/jersey-server/2.33/jersey-server-2.33.jar:/home/runner/.m2/repository/org/glassfish/jersey/core/jersey-client/2.33/jersey-client-2.33.jar:/home/runner/.m2/repository/jakarta/annotation/jakarta.annotation-api/1.3.5/jakarta.annotation-api-1.3.5.jar:/home/runner/.m2/repository/jakarta/validation/jakarta.validation-api/2.0.2/jakarta.validation-api-2.0.2.jar:/home/runner/.m2/repository/org/glassfish/jersey/media/jersey-media-json-jackson/2.33/jersey-media-json-jackson-2.33.jar:/home/runner/.m2/repository/org/glassfish/jersey/ext/jersey-entity-filtering/2.33/jersey-entity-filtering-2.33.jar:/home/runner/.m2/repository/org/jooq/jooq/3.11.10/jooq-3.11.10.jar:/home/runner/.m2/repository/org/jooq/jooq-meta/3.11.10/jooq-meta-3.11.10.jar:/home/runner/.m2/repository/org/jooq/jooq-codegen/3.11.10/jooq-codegen-3.11.10.jar:/home/runner/.m2/repository/com/jolbox/bonecp/0.8.0.RELEASE/bonecp-0.8.0.RELEASE.jar:/home/runner/.m2/repository/org/apache/derby/derby/10.14.2.0/derby-10.14.2.0.jar:/home/runner/.m2/repository/org/xerial/sqlite-jdbc/3.25.2/sqlite-jdbc-3.25.2.jar:/home/runner/.m2/repository/org/springframework/spring-jdbc/5.2.20.RELEASE/spring-jdbc-5.2.20.RELEASE.jar:/home/runner/.m2/repository/org/springframework/spring-beans/5.2.20.RELEASE/spring-beans-5.2.20.RELEASE.jar:/home/runner/.m2/repository/org/springframework/spring-core/5.2.20.RELEASE/spring-core-5.2.20.RELEASE.jar:/home/runner/.m2/repository/org/springframework/spring-jcl/5.2.20.RELEASE/spring-jcl-5.2.20.RELEASE.jar:/home/runner/.m2/repository/org/springframework/spring-tx/5.2.20.RELEASE/spring-tx-5.2.20.RELEASE.jar:/home/runner/.m2/repository/org/apache/ozone/ozone-client/1.3.0-SNAPSHOT/ozone-client-1.3.0-SNAPSHOT.jar:/home/runner/.m2/repository/org/apache/ozone/hdds-erasurecode/1.3.0-SNAPSHOT/hdds-erasurecode-1.3.0-SNAPSHOT.jar:/home/runner/.m2/repository/com/github/spotbugs/spotbugs-annotations/3.1.12/spotbugs-annotations-3.1.12.jar:/home/runner/.m2/repository/org/apache/ozone/ozone-filesystem/1.3.0-SNAPSHOT/ozone-filesystem-1.3.0-SNAPSHOT.jar:/home/runner/.m2/repository/org/apache/ozone/ozone-filesystem-common/1.3.0-SNAPSHOT/ozone-filesystem-common-1.3.0-SNAPSHOT.jar:/home/runner/.m2/repository/org/apache/ozone/ozone-tools/1.3.0-SNAPSHOT/ozone-tools-1.3.0-SNAPSHOT.jar:/home/runner/.m2/repository/org/apache/ratis/ratis-tools/2.2.0/ratis-tools-2.2.0.jar:/home/runner/.m2/repository/com/amazonaws/aws-java-sdk-core/1.12.124/aws-java-sdk-core-1.12.124.jar:/home/runner/.m2/repository/org/apache/httpcomponents/httpclient/4.5.13/httpclient-4.5.13.jar:/home/runner/.m2/repository/org/apache/httpcomponents/httpcore/4.4.13/httpcore-4.4.13.jar:/home/runner/.m2/repository/software/amazon/ion/ion-java/1.0.2/ion-java-1.0.2.jar:/home/runner/.m2/repository/com/fasterxml/jackson/dataformat/jackson-dataformat-cbor/2.13.2/jackson-dataformat-cbor-2.13.2.jar:/home/runner/.m2/repository/joda-time/joda-time/2.8.1/joda-time-2.8.1.jar:/home/runner/.m2/repository/com/amazonaws/aws-java-sdk-s3/1.12.124/aws-java-sdk-s3-1.12.124.jar:/home/runner/.m2/repository/com/amazonaws/aws-java-sdk-kms/1.12.124/aws-java-sdk-kms-1.12.124.jar:/home/runner/.m2/repository/com/amazonaws/jmespath-java/1.12.124/jmespath-java-1.12.124.jar:/home/runner/.m2/repository/org/kohsuke/metainf-services/metainf-services/1.8/metainf-services-1.8.jar:/home/runner/.m2/repository/org/apache/ozone/hdds-tools/1.3.0-SNAPSHOT/hdds-tools-1.3.0-SNAPSHOT.jar:/home/runner/.m2/repository/commons-cli/commons-cli/1.2/commons-cli-1.2.jar:/home/runner/.m2/repository/org/apache/commons/commons-lang3/3.7/commons-lang3-3.7.jar:/home/runner/.m2/repository/org/apache/ozone/ozone-manager/1.3.0-SNAPSHOT/ozone-manager-1.3.0-SNAPSHOT-tests.jar:/home/runner/.m2/repository/org/apache/ozone/hdds-common/1.3.0-SNAPSHOT/hdds-common-1.3.0-SNAPSHOT-tests.jar:/home/runner/.m2/repository/org/apache/ozone/hdds-hadoop-dependency-client/1.3.0-SNAPSHOT/hdds-hadoop-dependency-client-1.3.0-SNAPSHOT.jar:/home/runner/.m2/repository/info/picocli/picocli/4.6.1/picocli-4.6.1.jar:/home/runner/.m2/repository/com/fasterxml/jackson/core/jackson-annotations/2.13.2/jackson-annotations-2.13.2.jar:/home/runner/.m2/repository/javax/annotation/javax.annotation-api/1.2/javax.annotation-api-1.2.jar:/home/runner/.m2/repository/org/apache/ratis/ratis-server/2.2.0/ratis-server-2.2.0.jar:/home/runner/.m2/repository/org/apache/ratis/ratis-client/2.2.0/ratis-client-2.2.0.jar:/home/runner/.m2/repository/org/apache/ratis/ratis-server-api/2.2.0/ratis-server-api-2.2.0.jar:/home/runner/.m2/repository/org/apache/ratis/ratis-metrics/2.2.0/ratis-metrics-2.2.0.jar:/home/runner/.m2/repository/org/apache/ratis/ratis-netty/2.2.0/ratis-netty-2.2.0.jar:/home/runner/.m2/repository/org/apache/ratis/ratis-grpc/2.2.0/ratis-grpc-2.2.0.jar:/home/runner/.m2/repository/org/apache/logging/log4j/log4j-api/2.17.1/log4j-api-2.17.1.jar:/home/runner/.m2/repository/org/apache/commons/commons-pool2/2.6.0/commons-pool2-2.6.0.jar:/home/runner/.m2/repository/org/bouncycastle/bcpkix-jdk15on/1.67/bcpkix-jdk15on-1.67.jar:/home/runner/.m2/repository/commons-validator/commons-validator/1.6/commons-validator-1.6.jar:/home/runner/.m2/repository/commons-beanutils/commons-beanutils/1.9.4/commons-beanutils-1.9.4.jar:/home/runner/.m2/repository/commons-digester/commons-digester/1.8.1/commons-digester-1.8.1.jar:/home/runner/.m2/repository/commons-collections/commons-collections/3.2.2/commons-collections-3.2.2.jar:/home/runner/.m2/repository/io/jaegertracing/jaeger-client/1.6.0/jaeger-client-1.6.0.jar:/home/runner/.m2/repository/io/jaegertracing/jaeger-thrift/1.6.0/jaeger-thrift-1.6.0.jar:/home/runner/.m2/repository/org/apache/thrift/libthrift/0.14.1/libthrift-0.14.1.jar:/home/runner/.m2/repository/com/squareup/okhttp3/okhttp/4.9.0/okhttp-4.9.0.jar:/home/runner/.m2/repository/com/squareup/okio/okio/2.8.0/okio-2.8.0.jar:/home/runner/.m2/repository/io/jaegertracing/jaeger-core/1.6.0/jaeger-core-1.6.0.jar:/home/runner/.m2/repository/io/jaegertracing/jaeger-tracerresolver/1.6.0/jaeger-tracerresolver-1.6.0.jar:/home/runner/.m2/repository/io/opentracing/contrib/opentracing-tracerresolver/0.1.8/opentracing-tracerresolver-0.1.8.jar:/home/runner/.m2/repository/org/jetbrains/kotlin/kotlin-stdlib/1.4.31/kotlin-stdlib-1.4.31.jar:/home/runner/.m2/repository/org/jetbrains/kotlin/kotlin-stdlib-common/1.4.31/kotlin-stdlib-common-1.4.31.jar:/home/runner/.m2/repository/org/jetbrains/annotations/13.0/annotations-13.0.jar:/home/runner/.m2/repository/io/opentracing/opentracing-util/0.33.0/opentracing-util-0.33.0.jar:/home/runner/.m2/repository/io/opentracing/opentracing-api/0.33.0/opentracing-api-0.33.0.jar:/home/runner/.m2/repository/io/opentracing/opentracing-noop/0.33.0/opentracing-noop-0.33.0.jar:/home/runner/.m2/repository/org/yaml/snakeyaml/1.26/snakeyaml-1.26.jar:/home/runner/.m2/repository/org/apache/ozone/hdds-interface-admin/1.3.0-SNAPSHOT/hdds-interface-admin-1.3.0-SNAPSHOT.jar:/home/runner/.m2/repository/junit/junit/4.13.1/junit-4.13.1.jar:/home/runner/.m2/repository/org/hamcrest/hamcrest-core/1.3/hamcrest-core-1.3.jar:/home/runner/.m2/repository/org/junit/jupiter/junit-jupiter-api/5.7.0/junit-jupiter-api-5.7.0.jar:/home/runner/.m2/repository/org/apiguardian/apiguardian-api/1.1.0/apiguardian-api-1.1.0.jar:/home/runner/.m2/repository/org/opentest4j/opentest4j/1.2.0/opentest4j-1.2.0.jar:/home/runner/.m2/repository/org/junit/platform/junit-platform-commons/1.7.0/junit-platform-commons-1.7.0.jar:/home/runner/.m2/repository/org/junit/jupiter/junit-jupiter-params/5.7.0/junit-jupiter-params-5.7.0.jar:/home/runner/.m2/repository/org/junit/jupiter/junit-jupiter-migrationsupport/5.7.0/junit-jupiter-migrationsupport-5.7.0.jar:/home/runner/.m2/repository/org/junit/jupiter/junit-jupiter-engine/5.7.0/junit-jupiter-engine-5.7.0.jar:/home/runner/.m2/repository/org/junit/platform/junit-platform-engine/1.7.0/junit-platform-engine-1.7.0.jar:/home/runner/.m2/repository/org/junit/vintage/junit-vintage-engine/5.7.0/junit-vintage-engine-5.7.0.jar:/home/runner/.m2/repository/org/junit/platform/junit-platform-launcher/1.7.0/junit-platform-launcher-1.7.0.jar:/home/runner/.m2/repository/org/mockito/mockito-core/2.28.2/mockito-core-2.28.2.jar:/home/runner/.m2/repository/net/bytebuddy/byte-buddy/1.9.10/byte-buddy-1.9.10.jar:/home/runner/.m2/repository/net/bytebuddy/byte-buddy-agent/1.9.10/byte-buddy-agent-1.9.10.jar:/home/runner/.m2/repository/org/objenesis/objenesis/1.0/objenesis-1.0.jar:/home/runner/.m2/repository/org/apache/hadoop/hadoop-kms/3.3.1/hadoop-kms-3.3.1.jar:/home/runner/.m2/repository/org/apache/hadoop/hadoop-auth/3.3.1/hadoop-auth-3.3.1.jar:/home/runner/.m2/repository/com/nimbusds/nimbus-jose-jwt/7.9/nimbus-jose-jwt-7.9.jar:/home/runner/.m2/repository/com/github/stephenc/jcip/jcip-annotations/1.0-1/jcip-annotations-1.0-1.jar:/home/runner/.m2/repository/net/minidev/json-smart/2.4.7/json-smart-2.4.7.jar:/home/runner/.m2/repository/net/minidev/accessors-smart/2.4.7/accessors-smart-2.4.7.jar:/home/runner/.m2/repository/org/ow2/asm/asm/5.0.4/asm-5.0.4.jar:/home/runner/.m2/repository/org/apache/zookeeper/zookeeper/3.5.6/zookeeper-3.5.6.jar:/home/runner/.m2/repository/org/apache/zookeeper/zookeeper-jute/3.5.6/zookeeper-jute-3.5.6.jar:/home/runner/.m2/repository/org/apache/yetus/audience-annotations/0.5.0/audience-annotations-0.5.0.jar:/home/runner/.m2/repository/org/apache/curator/curator-framework/4.2.0/curator-framework-4.2.0.jar:/home/runner/.m2/repository/org/apache/hadoop/thirdparty/hadoop-shaded-guava/1.1.1/hadoop-shaded-guava-1.1.1.jar:/home/runner/.m2/repository/com/sun/jersey/jersey-core/1.19/jersey-core-1.19.jar:/home/runner/.m2/repository/javax/ws/rs/jsr311-api/1.1.1/jsr311-api-1.1.1.jar:/home/runner/.m2/repository/com/sun/jersey/jersey-server/1.19/jersey-server-1.19.jar:/home/runner/.m2/repository/javax/servlet/javax.servlet-api/3.1.0/javax.servlet-api-3.1.0.jar:/home/runner/.m2/repository/org/eclipse/jetty/jetty-server/9.4.43.v20210629/jetty-server-9.4.43.v20210629.jar:/home/runner/.m2/repository/org/eclipse/jetty/jetty-http/9.4.43.v20210629/jetty-http-9.4.43.v20210629.jar:/home/runner/.m2/repository/org/eclipse/jetty/jetty-io/9.4.43.v20210629/jetty-io-9.4.43.v20210629.jar:/home/runner/.m2/repository/org/eclipse/jetty/jetty-webapp/9.4.43.v20210629/jetty-webapp-9.4.43.v20210629.jar:/home/runner/.m2/repository/org/eclipse/jetty/jetty-xml/9.4.43.v20210629/jetty-xml-9.4.43.v20210629.jar:/home/runner/.m2/repository/org/apache/hadoop/hadoop-common/3.3.1/hadoop-common-3.3.1.jar:/home/runner/.m2/repository/org/apache/commons/commons-math3/3.1.1/commons-math3-3.1.1.jar:/home/runner/.m2/repository/commons-net/commons-net/3.6/commons-net-3.6.jar:/home/runner/.m2/repository/com/sun/jersey/jersey-servlet/1.19/jersey-servlet-1.19.jar:/home/runner/.m2/repository/com/sun/jersey/jersey-json/1.19/jersey-json-1.19.jar:/home/runner/.m2/repository/org/codehaus/jettison/jettison/1.1/jettison-1.1.jar:/home/runner/.m2/repository/com/sun/xml/bind/jaxb-impl/2.2.3-1/jaxb-impl-2.2.3-1.jar:/home/runner/.m2/repository/org/codehaus/jackson/jackson-jaxrs/1.9.2/jackson-jaxrs-1.9.2.jar:/home/runner/.m2/repository/org/codehaus/jackson/jackson-xc/1.9.2/jackson-xc-1.9.2.jar:/home/runner/.m2/repository/org/apache/commons/commons-configuration2/2.1.1/commons-configuration2-2.1.1.jar:/home/runner/.m2/repository/org/apache/commons/commons-text/1.4/commons-text-1.4.jar:/home/runner/.m2/repository/com/google/re2j/re2j/1.1/re2j-1.1.jar:/home/runner/.m2/repository/com/jcraft/jsch/0.1.54/jsch-0.1.54.jar:/home/runner/.m2/repository/org/apache/curator/curator-client/4.2.0/curator-client-4.2.0.jar:/home/runner/.m2/repository/org/apache/curator/curator-recipes/4.2.0/curator-recipes-4.2.0.jar:/home/runner/.m2/repository/org/apache/kerby/kerb-core/1.0.1/kerb-core-1.0.1.jar:/home/runner/.m2/repository/org/apache/kerby/kerby-pkix/1.0.1/kerby-pkix-1.0.1.jar:/home/runner/.m2/repository/org/apache/kerby/kerby-asn1/1.0.1/kerby-asn1-1.0.1.jar:/home/runner/.m2/repository/org/apache/kerby/kerby-util/1.0.1/kerby-util-1.0.1.jar:/home/runner/.m2/repository/dnsjava/dnsjava/2.1.7/dnsjava-2.1.7.jar:/home/runner/.m2/repository/org/xerial/snappy/snappy-java/1.1.8.2/snappy-java-1.1.8.2.jar:/home/runner/.m2/repository/org/slf4j/jul-to-slf4j/1.7.30/jul-to-slf4j-1.7.30.jar:/home/runner/.m2/repository/org/eclipse/jetty/jetty-util/9.4.43.v20210629/jetty-util-9.4.43.v20210629.jar:/home/runner/.m2/repository/com/fasterxml/jackson/core/jackson-databind/2.13.2.2/jackson-databind-2.13.2.2.jar:/home/runner/.m2/repository/org/apache/hadoop/hadoop-kms/3.3.1/hadoop-kms-3.3.1-tests.jar:/home/runner/.m2/repository/org/apache/ozone/hdds-server-scm/1.3.0-SNAPSHOT/hdds-server-scm-1.3.0-SNAPSHOT-tests.jar:/home/runner/.m2/repository/org/apache/ozone/hdds-container-service/1.3.0-SNAPSHOT/hdds-container-service-1.3.0-SNAPSHOT-tests.jar:/home/runner/.m2/repository/commons-codec/commons-codec/1.11/commons-codec-1.11.jar:/home/runner/.m2/repository/io/netty/netty-transport/4.1.63.Final/netty-transport-4.1.63.Final.jar:/home/runner/.m2/repository/io/netty/netty-resolver/4.1.63.Final/netty-resolver-4.1.63.Final.jar:/home/runner/.m2/repository/io/netty/netty-codec/4.1.63.Final/netty-codec-4.1.63.Final.jar:/home/runner/.m2/repository/io/netty/netty-handler/4.1.63.Final/netty-handler-4.1.63.Final.jar:/home/runner/.m2/repository/org/apache/ozone/hdds-hadoop-dependency-test/1.3.0-SNAPSHOT/hdds-hadoop-dependency-test-1.3.0-SNAPSHOT.jar:/home/runner/.m2/repository/org/apache/hadoop/hadoop-common/3.3.1/hadoop-common-3.3.1-tests.jar:/home/runner/.m2/repository/org/assertj/assertj-core/3.12.2/assertj-core-3.12.2.jar:/home/runner/.m2/repository/org/apache/hadoop/hadoop-hdfs/3.3.1/hadoop-hdfs-3.3.1-tests.jar:/home/runner/.m2/repository/org/eclipse/jetty/jetty-util-ajax/9.4.43.v20210629/jetty-util-ajax-9.4.43.v20210629.jar:/home/runner/.m2/repository/commons-daemon/commons-daemon/1.0.13/commons-daemon-1.0.13.jar:/home/runner/.m2/repository/io/netty/netty/3.10.6.Final/netty-3.10.6.Final.jar:/home/runner/.m2/repository/io/netty/netty-all/4.1.63.Final/netty-all-4.1.63.Final.jar:/home/runner/.m2/repository/org/apache/htrace/htrace-core4/4.1.0-incubating/htrace-core4-4.1.0-incubating.jar:/home/runner/.m2/repository/org/fusesource/leveldbjni/leveldbjni-all/1.8/leveldbjni-all-1.8.jar:/home/runner/.m2/repository/org/apache/hadoop/hadoop-distcp/3.3.1/hadoop-distcp-3.3.1.jar:/home/runner/.m2/repository/org/apache/hadoop/hadoop-mapreduce-client-jobclient/3.3.1/hadoop-mapreduce-client-jobclient-3.3.1.jar:/home/runner/.m2/repository/org/apache/hadoop/hadoop-mapreduce-client-common/3.3.1/hadoop-mapreduce-client-common-3.3.1.jar:/home/runner/.m2/repository/org/apache/hadoop/hadoop-yarn-common/3.3.1/hadoop-yarn-common-3.3.1.jar:/home/runner/.m2/repository/org/apache/hadoop/hadoop-yarn-api/3.3.1/hadoop-yarn-api-3.3.1.jar:/home/runner/.m2/repository/com/sun/jersey/jersey-client/1.19/jersey-client-1.19.jar:/home/runner/.m2/repository/com/sun/jersey/contribs/jersey-guice/1.19/jersey-guice-1.19.jar:/home/runner/.m2/repository/com/fasterxml/jackson/jaxrs/jackson-jaxrs-json-provider/2.13.2/jackson-jaxrs-json-provider-2.13.2.jar:/home/runner/.m2/repository/com/fasterxml/jackson/jaxrs/jackson-jaxrs-base/2.13.2/jackson-jaxrs-base-2.13.2.jar:/home/runner/.m2/repository/org/apache/hadoop/hadoop-yarn-client/3.3.1/hadoop-yarn-client-3.3.1.jar:/home/runner/.m2/repository/org/eclipse/jetty/websocket/websocket-client/9.4.40.v20210413/websocket-client-9.4.40.v20210413.jar:/home/runner/.m2/repository/org/eclipse/jetty/jetty-client/9.4.40.v20210413/jetty-client-9.4.40.v20210413.jar:/home/runner/.m2/repository/org/eclipse/jetty/websocket/websocket-common/9.4.40.v20210413/websocket-common-9.4.40.v20210413.jar:/home/runner/.m2/repository/org/eclipse/jetty/websocket/websocket-api/9.4.40.v20210413/websocket-api-9.4.40.v20210413.jar:/home/runner/.m2/repository/org/jline/jline/3.9.0/jline-3.9.0.jar:/home/runner/.m2/repository/org/apache/hadoop/hadoop-mapreduce-client-core/3.3.1/hadoop-mapreduce-client-core-3.3.1.jar:/home/runner/.m2/repository/org/apache/avro/avro/1.7.7/avro-1.7.7.jar:/home/runner/.m2/repository/org/codehaus/jackson/jackson-core-asl/1.9.13/jackson-core-asl-1.9.13.jar:/home/runner/.m2/repository/org/codehaus/jackson/jackson-mapper-asl/1.9.13/jackson-mapper-asl-1.9.13.jar:/home/runner/.m2/repository/com/thoughtworks/paranamer/paranamer/2.3/paranamer-2.3.jar:/home/runner/.m2/repository/org/apache/hadoop/hadoop-annotations/3.3.1/hadoop-annotations-3.3.1.jar:/usr/lib/jvm/temurin-8-jdk-amd64/jre/../lib/tools.jar:/home/runner/.m2/repository/org/apache/hadoop/hadoop-distcp/3.3.1/hadoop-distcp-3.3.1-tests.jar:/home/runner/.m2/repository/org/apache/ratis/ratis-common/2.2.0/ratis-common-2.2.0.jar:/home/runner/.m2/repository/org/apache/ratis/ratis-thirdparty-misc/0.7.0/ratis-thirdparty-misc-0.7.0.jar:/home/runner/.m2/repository/org/apache/ratis/ratis-proto/2.2.0/ratis-proto-2.2.0.jar:/home/runner/.m2/repository/org/apache/ozone/ozone-annotation-processing/1.3.0-SNAPSHOT/ozone-annotation-processing-1.3.0-SNAPSHOT.jar:"/>
    <property name="java.vm.vendor" value="Temurin"/>
    <property name="sun.arch.data.model" value="64"/>
    <property name="test.build.dir" value="/home/runner/work/ozone/ozone/hadoop-ozone/integration-test/target/test-dir"/>
    <property name="test.cache.data" value=""/>
    <property name="java.vendor.url" value="https://adoptium.net/"/>
    <property name="user.timezone" value="Etc/UTC"/>
    <property name="java.vm.specification.version" value="1.8"/>
    <property name="os.name" value="Linux"/>
    <property name="test.build.data" value="/home/runner/work/ozone/ozone/hadoop-ozone/integration-test/target/test-dir"/>
    <property name="sun.java.launcher" value="SUN_STANDARD"/>
    <property name="sun.boot.library.path" value="/usr/lib/jvm/temurin-8-jdk-amd64/jre/lib/amd64"/>
    <property name="sun.java.command" value="/home/runner/work/ozone/ozone/hadoop-ozone/integration-test/target/surefire/surefirebooter6456541587774690645.jar /home/runner/work/ozone/ozone/hadoop-ozone/integration-test/target/surefire 2022-04-24T03-19-14_339-jvmRun1 surefire8226164848934566543tmp surefire_316655471622250416142tmp"/>
    <property name="surefire.test.class.path" value="/home/runner/work/ozone/ozone/hadoop-ozone/integration-test/target/test-classes:/home/runner/work/ozone/ozone/hadoop-ozone/integration-test/target/classes:/home/runner/.m2/repository/org/apache/ozone/ozone-common/1.3.0-SNAPSHOT/ozone-common-1.3.0-SNAPSHOT.jar:/home/runner/.m2/repository/org/apache/commons/commons-compress/1.21/commons-compress-1.21.jar:/home/runner/.m2/repository/org/apache/ozone/hdds-common/1.3.0-SNAPSHOT/hdds-common-1.3.0-SNAPSHOT.jar:/home/runner/.m2/repository/org/apache/ozone/hdds-client/1.3.0-SNAPSHOT/hdds-client-1.3.0-SNAPSHOT.jar:/home/runner/.m2/repository/org/apache/ozone/ozone-interface-client/1.3.0-SNAPSHOT/ozone-interface-client-1.3.0-SNAPSHOT.jar:/home/runner/.m2/repository/org/apache/ozone/hdds-test-utils/1.3.0-SNAPSHOT/hdds-test-utils-1.3.0-SNAPSHOT.jar:/home/runner/.m2/repository/com/google/guava/guava/30.1.1-jre/guava-30.1.1-jre.jar:/home/runner/.m2/repository/com/google/guava/failureaccess/1.0.1/failureaccess-1.0.1.jar:/home/runner/.m2/repository/com/google/guava/listenablefuture/9999.0-empty-to-avoid-conflict-with-guava/listenablefuture-9999.0-empty-to-avoid-conflict-with-guava.jar:/home/runner/.m2/repository/com/google/code/findbugs/jsr305/3.0.0/jsr305-3.0.0.jar:/home/runner/.m2/repository/org/checkerframework/checker-qual/3.8.0/checker-qual-3.8.0.jar:/home/runner/.m2/repository/com/google/errorprone/error_prone_annotations/2.2.0/error_prone_annotations-2.2.0.jar:/home/runner/.m2/repository/com/google/j2objc/j2objc-annotations/1.3/j2objc-annotations-1.3.jar:/home/runner/.m2/repository/commons-io/commons-io/2.11.0/commons-io-2.11.0.jar:/home/runner/.m2/repository/commons-logging/commons-logging/1.2/commons-logging-1.2.jar:/home/runner/.m2/repository/log4j/log4j/1.2.17/log4j-1.2.17.jar:/home/runner/.m2/repository/org/slf4j/slf4j-api/1.7.30/slf4j-api-1.7.30.jar:/home/runner/.m2/repository/org/apache/ozone/hdds-server-scm/1.3.0-SNAPSHOT/hdds-server-scm-1.3.0-SNAPSHOT.jar:/home/runner/.m2/repository/org/apache/ozone/hdds-container-service/1.3.0-SNAPSHOT/hdds-container-service-1.3.0-SNAPSHOT.jar:/home/runner/.m2/repository/org/apache/ozone/hdds-hadoop-dependency-server/1.3.0-SNAPSHOT/hdds-hadoop-dependency-server-1.3.0-SNAPSHOT.jar:/home/runner/.m2/repository/org/apache/hadoop/hadoop-hdfs/3.3.1/hadoop-hdfs-3.3.1.jar:/home/runner/.m2/repository/org/apache/ozone/hdds-server-framework/1.3.0-SNAPSHOT/hdds-server-framework-1.3.0-SNAPSHOT.jar:/home/runner/.m2/repository/org/apache/ozone/hdds-interface-server/1.3.0-SNAPSHOT/hdds-interface-server-1.3.0-SNAPSHOT.jar:/home/runner/.m2/repository/org/apache/logging/log4j/log4j-core/2.17.1/log4j-core-2.17.1.jar:/home/runner/.m2/repository/com/lmax/disruptor/3.4.2/disruptor-3.4.2.jar:/home/runner/.m2/repository/org/eclipse/jetty/jetty-servlet/9.4.43.v20210629/jetty-servlet-9.4.43.v20210629.jar:/home/runner/.m2/repository/org/eclipse/jetty/jetty-security/9.4.43.v20210629/jetty-security-9.4.43.v20210629.jar:/home/runner/.m2/repository/org/rocksdb/rocksdbjni/7.0.4/rocksdbjni-7.0.4.jar:/home/runner/.m2/repository/io/prometheus/simpleclient_dropwizard/0.7.0/simpleclient_dropwizard-0.7.0.jar:/home/runner/.m2/repository/io/prometheus/simpleclient/0.7.0/simpleclient-0.7.0.jar:/home/runner/.m2/repository/io/prometheus/simpleclient_common/0.7.0/simpleclient_common-0.7.0.jar:/home/runner/.m2/repository/com/fasterxml/jackson/datatype/jackson-datatype-jsr310/2.13.2/jackson-datatype-jsr310-2.13.2.jar:/home/runner/.m2/repository/io/dropwizard/metrics/metrics-core/3.2.4/metrics-core-3.2.4.jar:/home/runner/.m2/repository/org/apache/hadoop/hadoop-hdfs-client/3.3.1/hadoop-hdfs-client-3.3.1.jar:/home/runner/.m2/repository/org/bouncycastle/bcprov-jdk15on/1.67/bcprov-jdk15on-1.67.jar:/home/runner/.m2/repository/com/google/protobuf/protobuf-java/2.5.0/protobuf-java-2.5.0.jar:/home/runner/.m2/repository/org/apache/ozone/ozone-manager/1.3.0-SNAPSHOT/ozone-manager-1.3.0-SNAPSHOT.jar:/home/runner/.m2/repository/org/aspectj/aspectjrt/1.9.7/aspectjrt-1.9.7.jar:/home/runner/.m2/repository/org/aspectj/aspectjweaver/1.9.7/aspectjweaver-1.9.7.jar:/home/runner/.m2/repository/org/apache/ozone/hdds-interface-client/1.3.0-SNAPSHOT/hdds-interface-client-1.3.0-SNAPSHOT.jar:/home/runner/.m2/repository/org/apache/hadoop/thirdparty/hadoop-shaded-protobuf_3_7/1.1.1/hadoop-shaded-protobuf_3_7-1.1.1.jar:/home/runner/.m2/repository/org/apache/ozone/ozone-interface-storage/1.3.0-SNAPSHOT/ozone-interface-storage-1.3.0-SNAPSHOT.jar:/home/runner/.m2/repository/org/reflections/reflections/0.9.11/reflections-0.9.11.jar:/home/runner/.m2/repository/org/apache/hadoop/hadoop-minikdc/3.3.1/hadoop-minikdc-3.3.1.jar:/home/runner/.m2/repository/org/apache/kerby/kerb-simplekdc/1.0.1/kerb-simplekdc-1.0.1.jar:/home/runner/.m2/repository/org/apache/kerby/kerb-client/1.0.1/kerb-client-1.0.1.jar:/home/runner/.m2/repository/org/apache/kerby/kerby-config/1.0.1/kerby-config-1.0.1.jar:/home/runner/.m2/repository/org/apache/kerby/kerb-common/1.0.1/kerb-common-1.0.1.jar:/home/runner/.m2/repository/org/apache/kerby/kerb-crypto/1.0.1/kerb-crypto-1.0.1.jar:/home/runner/.m2/repository/org/apache/kerby/kerb-util/1.0.1/kerb-util-1.0.1.jar:/home/runner/.m2/repository/org/apache/kerby/token-provider/1.0.1/token-provider-1.0.1.jar:/home/runner/.m2/repository/org/apache/kerby/kerb-admin/1.0.1/kerb-admin-1.0.1.jar:/home/runner/.m2/repository/org/apache/kerby/kerb-server/1.0.1/kerb-server-1.0.1.jar:/home/runner/.m2/repository/org/apache/kerby/kerb-identity/1.0.1/kerb-identity-1.0.1.jar:/home/runner/.m2/repository/org/apache/kerby/kerby-xdr/1.0.1/kerby-xdr-1.0.1.jar:/home/runner/.m2/repository/org/slf4j/slf4j-log4j12/1.7.30/slf4j-log4j12-1.7.30.jar:/home/runner/.m2/repository/org/apache/ozone/ozone-s3gateway/1.3.0-SNAPSHOT/ozone-s3gateway-1.3.0-SNAPSHOT.jar:/home/runner/.m2/repository/org/javassist/javassist/3.21.0-GA/javassist-3.21.0-GA.jar:/home/runner/.m2/repository/org/jboss/weld/servlet/weld-servlet/2.4.7.Final/weld-servlet-2.4.7.Final.jar:/home/runner/.m2/repository/org/glassfish/jersey/containers/jersey-container-servlet-core/2.33/jersey-container-servlet-core-2.33.jar:/home/runner/.m2/repository/org/glassfish/hk2/external/jakarta.inject/2.6.1/jakarta.inject-2.6.1.jar:/home/runner/.m2/repository/org/glassfish/jersey/core/jersey-common/2.33/jersey-common-2.33.jar:/home/runner/.m2/repository/jakarta/ws/rs/jakarta.ws.rs-api/2.1.6/jakarta.ws.rs-api-2.1.6.jar:/home/runner/.m2/repository/org/glassfish/jersey/ext/cdi/jersey-cdi1x/2.33/jersey-cdi1x-2.33.jar:/home/runner/.m2/repository/org/glassfish/jersey/inject/jersey-hk2/2.33/jersey-hk2-2.33.jar:/home/runner/.m2/repository/org/glassfish/hk2/hk2-locator/2.6.1/hk2-locator-2.6.1.jar:/home/runner/.m2/repository/org/glassfish/jersey/media/jersey-media-jaxb/2.33/jersey-media-jaxb-2.33.jar:/home/runner/.m2/repository/org/glassfish/hk2/osgi-resource-locator/1.0.3/osgi-resource-locator-1.0.3.jar:/home/runner/.m2/repository/org/glassfish/hk2/hk2-api/2.5.0/hk2-api-2.5.0.jar:/home/runner/.m2/repository/org/glassfish/hk2/hk2-utils/2.5.0/hk2-utils-2.5.0.jar:/home/runner/.m2/repository/org/glassfish/hk2/external/aopalliance-repackaged/2.5.0/aopalliance-repackaged-2.5.0.jar:/home/runner/.m2/repository/com/fasterxml/jackson/dataformat/jackson-dataformat-xml/2.13.2/jackson-dataformat-xml-2.13.2.jar:/home/runner/.m2/repository/com/fasterxml/jackson/core/jackson-core/2.13.2/jackson-core-2.13.2.jar:/home/runner/.m2/repository/org/codehaus/woodstox/stax2-api/3.1.4/stax2-api-3.1.4.jar:/home/runner/.m2/repository/com/fasterxml/woodstox/woodstox-core/5.0.3/woodstox-core-5.0.3.jar:/home/runner/.m2/repository/com/fasterxml/jackson/module/jackson-module-jaxb-annotations/2.13.2/jackson-module-jaxb-annotations-2.13.2.jar:/home/runner/.m2/repository/jakarta/xml/bind/jakarta.xml.bind-api/2.3.3/jakarta.xml.bind-api-2.3.3.jar:/home/runner/.m2/repository/jakarta/activation/jakarta.activation-api/1.2.1/jakarta.activation-api-1.2.1.jar:/home/runner/.m2/repository/javax/enterprise/cdi-api/1.2/cdi-api-1.2.jar:/home/runner/.m2/repository/javax/el/javax.el-api/3.0.0/javax.el-api-3.0.0.jar:/home/runner/.m2/repository/javax/interceptor/javax.interceptor-api/1.2/javax.interceptor-api-1.2.jar:/home/runner/.m2/repository/javax/inject/javax.inject/1/javax.inject-1.jar:/home/runner/.m2/repository/javax/xml/bind/jaxb-api/2.3.0/jaxb-api-2.3.0.jar:/home/runner/.m2/repository/org/glassfish/jaxb/jaxb-runtime/2.3.0.1/jaxb-runtime-2.3.0.1.jar:/home/runner/.m2/repository/org/glassfish/jaxb/jaxb-core/2.3.0.1/jaxb-core-2.3.0.1.jar:/home/runner/.m2/repository/org/glassfish/jaxb/txw2/2.3.0.1/txw2-2.3.0.1.jar:/home/runner/.m2/repository/com/sun/istack/istack-commons-runtime/3.0.5/istack-commons-runtime-3.0.5.jar:/home/runner/.m2/repository/org/jvnet/staxex/stax-ex/1.7.8/stax-ex-1.7.8.jar:/home/runner/.m2/repository/com/sun/xml/fastinfoset/FastInfoset/1.2.13/FastInfoset-1.2.13.jar:/home/runner/.m2/repository/javax/activation/activation/1.1.1/activation-1.1.1.jar:/home/runner/.m2/repository/org/apache/ozone/ozone-csi/1.3.0-SNAPSHOT/ozone-csi-1.3.0-SNAPSHOT.jar:/home/runner/.m2/repository/com/google/protobuf/protobuf-java-util/3.12.0/protobuf-java-util-3.12.0.jar:/home/runner/.m2/repository/com/google/code/gson/gson/2.2.4/gson-2.2.4.jar:/home/runner/.m2/repository/org/apache/ozone/hdds-config/1.3.0-SNAPSHOT/hdds-config-1.3.0-SNAPSHOT.jar:/home/runner/.m2/repository/io/grpc/grpc-netty/1.33.0/grpc-netty-1.33.0.jar:/home/runner/.m2/repository/io/grpc/grpc-core/1.33.0/grpc-core-1.33.0.jar:/home/runner/.m2/repository/com/google/android/annotations/4.1.1.4/annotations-4.1.1.4.jar:/home/runner/.m2/repository/io/netty/netty-codec-http2/4.1.63.Final/netty-codec-http2-4.1.63.Final.jar:/home/runner/.m2/repository/io/netty/netty-codec-http/4.1.63.Final/netty-codec-http-4.1.63.Final.jar:/home/runner/.m2/repository/io/netty/netty-handler-proxy/4.1.63.Final/netty-handler-proxy-4.1.63.Final.jar:/home/runner/.m2/repository/io/netty/netty-codec-socks/4.1.63.Final/netty-codec-socks-4.1.63.Final.jar:/home/runner/.m2/repository/io/perfmark/perfmark-api/0.19.0/perfmark-api-0.19.0.jar:/home/runner/.m2/repository/org/codehaus/mojo/animal-sniffer-annotations/1.18/animal-sniffer-annotations-1.18.jar:/home/runner/.m2/repository/io/netty/netty-transport-native-epoll/4.1.63.Final/netty-transport-native-epoll-4.1.63.Final.jar:/home/runner/.m2/repository/io/netty/netty-common/4.1.63.Final/netty-common-4.1.63.Final.jar:/home/runner/.m2/repository/io/netty/netty-buffer/4.1.63.Final/netty-buffer-4.1.63.Final.jar:/home/runner/.m2/repository/io/netty/netty-transport-native-unix-common/4.1.63.Final/netty-transport-native-unix-common-4.1.63.Final.jar:/home/runner/.m2/repository/io/grpc/grpc-protobuf/1.33.0/grpc-protobuf-1.33.0.jar:/home/runner/.m2/repository/io/grpc/grpc-api/1.33.0/grpc-api-1.33.0.jar:/home/runner/.m2/repository/io/grpc/grpc-context/1.33.0/grpc-context-1.33.0.jar:/home/runner/.m2/repository/com/google/api/grpc/proto-google-common-protos/1.17.0/proto-google-common-protos-1.17.0.jar:/home/runner/.m2/repository/io/grpc/grpc-protobuf-lite/1.33.0/grpc-protobuf-lite-1.33.0.jar:/home/runner/.m2/repository/io/grpc/grpc-stub/1.33.0/grpc-stub-1.33.0.jar:/home/runner/.m2/repository/org/apache/ozone/ozone-recon/1.3.0-SNAPSHOT/ozone-recon-1.3.0-SNAPSHOT.jar:/home/runner/.m2/repository/org/apache/ozone/ozone-reconcodegen/1.3.0-SNAPSHOT/ozone-reconcodegen-1.3.0-SNAPSHOT.jar:/home/runner/.m2/repository/com/google/inject/extensions/guice-multibindings/4.0/guice-multibindings-4.0.jar:/home/runner/.m2/repository/com/google/inject/guice/4.0/guice-4.0.jar:/home/runner/.m2/repository/aopalliance/aopalliance/1.0/aopalliance-1.0.jar:/home/runner/.m2/repository/com/google/inject/extensions/guice-assistedinject/4.0/guice-assistedinject-4.0.jar:/home/runner/.m2/repository/com/google/inject/extensions/guice-servlet/4.0/guice-servlet-4.0.jar:/home/runner/.m2/repository/org/glassfish/jersey/containers/jersey-container-servlet/2.33/jersey-container-servlet-2.33.jar:/home/runner/.m2/repository/org/glassfish/hk2/guice-bridge/2.5.0/guice-bridge-2.5.0.jar:/home/runner/.m2/repository/org/glassfish/jersey/core/jersey-server/2.33/jersey-server-2.33.jar:/home/runner/.m2/repository/org/glassfish/jersey/core/jersey-client/2.33/jersey-client-2.33.jar:/home/runner/.m2/repository/jakarta/annotation/jakarta.annotation-api/1.3.5/jakarta.annotation-api-1.3.5.jar:/home/runner/.m2/repository/jakarta/validation/jakarta.validation-api/2.0.2/jakarta.validation-api-2.0.2.jar:/home/runner/.m2/repository/org/glassfish/jersey/media/jersey-media-json-jackson/2.33/jersey-media-json-jackson-2.33.jar:/home/runner/.m2/repository/org/glassfish/jersey/ext/jersey-entity-filtering/2.33/jersey-entity-filtering-2.33.jar:/home/runner/.m2/repository/org/jooq/jooq/3.11.10/jooq-3.11.10.jar:/home/runner/.m2/repository/org/jooq/jooq-meta/3.11.10/jooq-meta-3.11.10.jar:/home/runner/.m2/repository/org/jooq/jooq-codegen/3.11.10/jooq-codegen-3.11.10.jar:/home/runner/.m2/repository/com/jolbox/bonecp/0.8.0.RELEASE/bonecp-0.8.0.RELEASE.jar:/home/runner/.m2/repository/org/apache/derby/derby/10.14.2.0/derby-10.14.2.0.jar:/home/runner/.m2/repository/org/xerial/sqlite-jdbc/3.25.2/sqlite-jdbc-3.25.2.jar:/home/runner/.m2/repository/org/springframework/spring-jdbc/5.2.20.RELEASE/spring-jdbc-5.2.20.RELEASE.jar:/home/runner/.m2/repository/org/springframework/spring-beans/5.2.20.RELEASE/spring-beans-5.2.20.RELEASE.jar:/home/runner/.m2/repository/org/springframework/spring-core/5.2.20.RELEASE/spring-core-5.2.20.RELEASE.jar:/home/runner/.m2/repository/org/springframework/spring-jcl/5.2.20.RELEASE/spring-jcl-5.2.20.RELEASE.jar:/home/runner/.m2/repository/org/springframework/spring-tx/5.2.20.RELEASE/spring-tx-5.2.20.RELEASE.jar:/home/runner/.m2/repository/org/apache/ozone/ozone-client/1.3.0-SNAPSHOT/ozone-client-1.3.0-SNAPSHOT.jar:/home/runner/.m2/repository/org/apache/ozone/hdds-erasurecode/1.3.0-SNAPSHOT/hdds-erasurecode-1.3.0-SNAPSHOT.jar:/home/runner/.m2/repository/com/github/spotbugs/spotbugs-annotations/3.1.12/spotbugs-annotations-3.1.12.jar:/home/runner/.m2/repository/org/apache/ozone/ozone-filesystem/1.3.0-SNAPSHOT/ozone-filesystem-1.3.0-SNAPSHOT.jar:/home/runner/.m2/repository/org/apache/ozone/ozone-filesystem-common/1.3.0-SNAPSHOT/ozone-filesystem-common-1.3.0-SNAPSHOT.jar:/home/runner/.m2/repository/org/apache/ozone/ozone-tools/1.3.0-SNAPSHOT/ozone-tools-1.3.0-SNAPSHOT.jar:/home/runner/.m2/repository/org/apache/ratis/ratis-tools/2.2.0/ratis-tools-2.2.0.jar:/home/runner/.m2/repository/com/amazonaws/aws-java-sdk-core/1.12.124/aws-java-sdk-core-1.12.124.jar:/home/runner/.m2/repository/org/apache/httpcomponents/httpclient/4.5.13/httpclient-4.5.13.jar:/home/runner/.m2/repository/org/apache/httpcomponents/httpcore/4.4.13/httpcore-4.4.13.jar:/home/runner/.m2/repository/software/amazon/ion/ion-java/1.0.2/ion-java-1.0.2.jar:/home/runner/.m2/repository/com/fasterxml/jackson/dataformat/jackson-dataformat-cbor/2.13.2/jackson-dataformat-cbor-2.13.2.jar:/home/runner/.m2/repository/joda-time/joda-time/2.8.1/joda-time-2.8.1.jar:/home/runner/.m2/repository/com/amazonaws/aws-java-sdk-s3/1.12.124/aws-java-sdk-s3-1.12.124.jar:/home/runner/.m2/repository/com/amazonaws/aws-java-sdk-kms/1.12.124/aws-java-sdk-kms-1.12.124.jar:/home/runner/.m2/repository/com/amazonaws/jmespath-java/1.12.124/jmespath-java-1.12.124.jar:/home/runner/.m2/repository/org/kohsuke/metainf-services/metainf-services/1.8/metainf-services-1.8.jar:/home/runner/.m2/repository/org/apache/ozone/hdds-tools/1.3.0-SNAPSHOT/hdds-tools-1.3.0-SNAPSHOT.jar:/home/runner/.m2/repository/commons-cli/commons-cli/1.2/commons-cli-1.2.jar:/home/runner/.m2/repository/org/apache/commons/commons-lang3/3.7/commons-lang3-3.7.jar:/home/runner/.m2/repository/org/apache/ozone/ozone-manager/1.3.0-SNAPSHOT/ozone-manager-1.3.0-SNAPSHOT-tests.jar:/home/runner/.m2/repository/org/apache/ozone/hdds-common/1.3.0-SNAPSHOT/hdds-common-1.3.0-SNAPSHOT-tests.jar:/home/runner/.m2/repository/org/apache/ozone/hdds-hadoop-dependency-client/1.3.0-SNAPSHOT/hdds-hadoop-dependency-client-1.3.0-SNAPSHOT.jar:/home/runner/.m2/repository/info/picocli/picocli/4.6.1/picocli-4.6.1.jar:/home/runner/.m2/repository/com/fasterxml/jackson/core/jackson-annotations/2.13.2/jackson-annotations-2.13.2.jar:/home/runner/.m2/repository/javax/annotation/javax.annotation-api/1.2/javax.annotation-api-1.2.jar:/home/runner/.m2/repository/org/apache/ratis/ratis-server/2.2.0/ratis-server-2.2.0.jar:/home/runner/.m2/repository/org/apache/ratis/ratis-client/2.2.0/ratis-client-2.2.0.jar:/home/runner/.m2/repository/org/apache/ratis/ratis-server-api/2.2.0/ratis-server-api-2.2.0.jar:/home/runner/.m2/repository/org/apache/ratis/ratis-metrics/2.2.0/ratis-metrics-2.2.0.jar:/home/runner/.m2/repository/org/apache/ratis/ratis-netty/2.2.0/ratis-netty-2.2.0.jar:/home/runner/.m2/repository/org/apache/ratis/ratis-grpc/2.2.0/ratis-grpc-2.2.0.jar:/home/runner/.m2/repository/org/apache/logging/log4j/log4j-api/2.17.1/log4j-api-2.17.1.jar:/home/runner/.m2/repository/org/apache/commons/commons-pool2/2.6.0/commons-pool2-2.6.0.jar:/home/runner/.m2/repository/org/bouncycastle/bcpkix-jdk15on/1.67/bcpkix-jdk15on-1.67.jar:/home/runner/.m2/repository/commons-validator/commons-validator/1.6/commons-validator-1.6.jar:/home/runner/.m2/repository/commons-beanutils/commons-beanutils/1.9.4/commons-beanutils-1.9.4.jar:/home/runner/.m2/repository/commons-digester/commons-digester/1.8.1/commons-digester-1.8.1.jar:/home/runner/.m2/repository/commons-collections/commons-collections/3.2.2/commons-collections-3.2.2.jar:/home/runner/.m2/repository/io/jaegertracing/jaeger-client/1.6.0/jaeger-client-1.6.0.jar:/home/runner/.m2/repository/io/jaegertracing/jaeger-thrift/1.6.0/jaeger-thrift-1.6.0.jar:/home/runner/.m2/repository/org/apache/thrift/libthrift/0.14.1/libthrift-0.14.1.jar:/home/runner/.m2/repository/com/squareup/okhttp3/okhttp/4.9.0/okhttp-4.9.0.jar:/home/runner/.m2/repository/com/squareup/okio/okio/2.8.0/okio-2.8.0.jar:/home/runner/.m2/repository/io/jaegertracing/jaeger-core/1.6.0/jaeger-core-1.6.0.jar:/home/runner/.m2/repository/io/jaegertracing/jaeger-tracerresolver/1.6.0/jaeger-tracerresolver-1.6.0.jar:/home/runner/.m2/repository/io/opentracing/contrib/opentracing-tracerresolver/0.1.8/opentracing-tracerresolver-0.1.8.jar:/home/runner/.m2/repository/org/jetbrains/kotlin/kotlin-stdlib/1.4.31/kotlin-stdlib-1.4.31.jar:/home/runner/.m2/repository/org/jetbrains/kotlin/kotlin-stdlib-common/1.4.31/kotlin-stdlib-common-1.4.31.jar:/home/runner/.m2/repository/org/jetbrains/annotations/13.0/annotations-13.0.jar:/home/runner/.m2/repository/io/opentracing/opentracing-util/0.33.0/opentracing-util-0.33.0.jar:/home/runner/.m2/repository/io/opentracing/opentracing-api/0.33.0/opentracing-api-0.33.0.jar:/home/runner/.m2/repository/io/opentracing/opentracing-noop/0.33.0/opentracing-noop-0.33.0.jar:/home/runner/.m2/repository/org/yaml/snakeyaml/1.26/snakeyaml-1.26.jar:/home/runner/.m2/repository/org/apache/ozone/hdds-interface-admin/1.3.0-SNAPSHOT/hdds-interface-admin-1.3.0-SNAPSHOT.jar:/home/runner/.m2/repository/junit/junit/4.13.1/junit-4.13.1.jar:/home/runner/.m2/repository/org/hamcrest/hamcrest-core/1.3/hamcrest-core-1.3.jar:/home/runner/.m2/repository/org/junit/jupiter/junit-jupiter-api/5.7.0/junit-jupiter-api-5.7.0.jar:/home/runner/.m2/repository/org/apiguardian/apiguardian-api/1.1.0/apiguardian-api-1.1.0.jar:/home/runner/.m2/repository/org/opentest4j/opentest4j/1.2.0/opentest4j-1.2.0.jar:/home/runner/.m2/repository/org/junit/platform/junit-platform-commons/1.7.0/junit-platform-commons-1.7.0.jar:/home/runner/.m2/repository/org/junit/jupiter/junit-jupiter-params/5.7.0/junit-jupiter-params-5.7.0.jar:/home/runner/.m2/repository/org/junit/jupiter/junit-jupiter-migrationsupport/5.7.0/junit-jupiter-migrationsupport-5.7.0.jar:/home/runner/.m2/repository/org/junit/jupiter/junit-jupiter-engine/5.7.0/junit-jupiter-engine-5.7.0.jar:/home/runner/.m2/repository/org/junit/platform/junit-platform-engine/1.7.0/junit-platform-engine-1.7.0.jar:/home/runner/.m2/repository/org/junit/vintage/junit-vintage-engine/5.7.0/junit-vintage-engine-5.7.0.jar:/home/runner/.m2/repository/org/junit/platform/junit-platform-launcher/1.7.0/junit-platform-launcher-1.7.0.jar:/home/runner/.m2/repository/org/mockito/mockito-core/2.28.2/mockito-core-2.28.2.jar:/home/runner/.m2/repository/net/bytebuddy/byte-buddy/1.9.10/byte-buddy-1.9.10.jar:/home/runner/.m2/repository/net/bytebuddy/byte-buddy-agent/1.9.10/byte-buddy-agent-1.9.10.jar:/home/runner/.m2/repository/org/objenesis/objenesis/1.0/objenesis-1.0.jar:/home/runner/.m2/repository/org/apache/hadoop/hadoop-kms/3.3.1/hadoop-kms-3.3.1.jar:/home/runner/.m2/repository/org/apache/hadoop/hadoop-auth/3.3.1/hadoop-auth-3.3.1.jar:/home/runner/.m2/repository/com/nimbusds/nimbus-jose-jwt/7.9/nimbus-jose-jwt-7.9.jar:/home/runner/.m2/repository/com/github/stephenc/jcip/jcip-annotations/1.0-1/jcip-annotations-1.0-1.jar:/home/runner/.m2/repository/net/minidev/json-smart/2.4.7/json-smart-2.4.7.jar:/home/runner/.m2/repository/net/minidev/accessors-smart/2.4.7/accessors-smart-2.4.7.jar:/home/runner/.m2/repository/org/ow2/asm/asm/5.0.4/asm-5.0.4.jar:/home/runner/.m2/repository/org/apache/zookeeper/zookeeper/3.5.6/zookeeper-3.5.6.jar:/home/runner/.m2/repository/org/apache/zookeeper/zookeeper-jute/3.5.6/zookeeper-jute-3.5.6.jar:/home/runner/.m2/repository/org/apache/yetus/audience-annotations/0.5.0/audience-annotations-0.5.0.jar:/home/runner/.m2/repository/org/apache/curator/curator-framework/4.2.0/curator-framework-4.2.0.jar:/home/runner/.m2/repository/org/apache/hadoop/thirdparty/hadoop-shaded-guava/1.1.1/hadoop-shaded-guava-1.1.1.jar:/home/runner/.m2/repository/com/sun/jersey/jersey-core/1.19/jersey-core-1.19.jar:/home/runner/.m2/repository/javax/ws/rs/jsr311-api/1.1.1/jsr311-api-1.1.1.jar:/home/runner/.m2/repository/com/sun/jersey/jersey-server/1.19/jersey-server-1.19.jar:/home/runner/.m2/repository/javax/servlet/javax.servlet-api/3.1.0/javax.servlet-api-3.1.0.jar:/home/runner/.m2/repository/org/eclipse/jetty/jetty-server/9.4.43.v20210629/jetty-server-9.4.43.v20210629.jar:/home/runner/.m2/repository/org/eclipse/jetty/jetty-http/9.4.43.v20210629/jetty-http-9.4.43.v20210629.jar:/home/runner/.m2/repository/org/eclipse/jetty/jetty-io/9.4.43.v20210629/jetty-io-9.4.43.v20210629.jar:/home/runner/.m2/repository/org/eclipse/jetty/jetty-webapp/9.4.43.v20210629/jetty-webapp-9.4.43.v20210629.jar:/home/runner/.m2/repository/org/eclipse/jetty/jetty-xml/9.4.43.v20210629/jetty-xml-9.4.43.v20210629.jar:/home/runner/.m2/repository/org/apache/hadoop/hadoop-common/3.3.1/hadoop-common-3.3.1.jar:/home/runner/.m2/repository/org/apache/commons/commons-math3/3.1.1/commons-math3-3.1.1.jar:/home/runner/.m2/repository/commons-net/commons-net/3.6/commons-net-3.6.jar:/home/runner/.m2/repository/com/sun/jersey/jersey-servlet/1.19/jersey-servlet-1.19.jar:/home/runner/.m2/repository/com/sun/jersey/jersey-json/1.19/jersey-json-1.19.jar:/home/runner/.m2/repository/org/codehaus/jettison/jettison/1.1/jettison-1.1.jar:/home/runner/.m2/repository/com/sun/xml/bind/jaxb-impl/2.2.3-1/jaxb-impl-2.2.3-1.jar:/home/runner/.m2/repository/org/codehaus/jackson/jackson-jaxrs/1.9.2/jackson-jaxrs-1.9.2.jar:/home/runner/.m2/repository/org/codehaus/jackson/jackson-xc/1.9.2/jackson-xc-1.9.2.jar:/home/runner/.m2/repository/org/apache/commons/commons-configuration2/2.1.1/commons-configuration2-2.1.1.jar:/home/runner/.m2/repository/org/apache/commons/commons-text/1.4/commons-text-1.4.jar:/home/runner/.m2/repository/com/google/re2j/re2j/1.1/re2j-1.1.jar:/home/runner/.m2/repository/com/jcraft/jsch/0.1.54/jsch-0.1.54.jar:/home/runner/.m2/repository/org/apache/curator/curator-client/4.2.0/curator-client-4.2.0.jar:/home/runner/.m2/repository/org/apache/curator/curator-recipes/4.2.0/curator-recipes-4.2.0.jar:/home/runner/.m2/repository/org/apache/kerby/kerb-core/1.0.1/kerb-core-1.0.1.jar:/home/runner/.m2/repository/org/apache/kerby/kerby-pkix/1.0.1/kerby-pkix-1.0.1.jar:/home/runner/.m2/repository/org/apache/kerby/kerby-asn1/1.0.1/kerby-asn1-1.0.1.jar:/home/runner/.m2/repository/org/apache/kerby/kerby-util/1.0.1/kerby-util-1.0.1.jar:/home/runner/.m2/repository/dnsjava/dnsjava/2.1.7/dnsjava-2.1.7.jar:/home/runner/.m2/repository/org/xerial/snappy/snappy-java/1.1.8.2/snappy-java-1.1.8.2.jar:/home/runner/.m2/repository/org/slf4j/jul-to-slf4j/1.7.30/jul-to-slf4j-1.7.30.jar:/home/runner/.m2/repository/org/eclipse/jetty/jetty-util/9.4.43.v20210629/jetty-util-9.4.43.v20210629.jar:/home/runner/.m2/repository/com/fasterxml/jackson/core/jackson-databind/2.13.2.2/jackson-databind-2.13.2.2.jar:/home/runner/.m2/repository/org/apache/hadoop/hadoop-kms/3.3.1/hadoop-kms-3.3.1-tests.jar:/home/runner/.m2/repository/org/apache/ozone/hdds-server-scm/1.3.0-SNAPSHOT/hdds-server-scm-1.3.0-SNAPSHOT-tests.jar:/home/runner/.m2/repository/org/apache/ozone/hdds-container-service/1.3.0-SNAPSHOT/hdds-container-service-1.3.0-SNAPSHOT-tests.jar:/home/runner/.m2/repository/commons-codec/commons-codec/1.11/commons-codec-1.11.jar:/home/runner/.m2/repository/io/netty/netty-transport/4.1.63.Final/netty-transport-4.1.63.Final.jar:/home/runner/.m2/repository/io/netty/netty-resolver/4.1.63.Final/netty-resolver-4.1.63.Final.jar:/home/runner/.m2/repository/io/netty/netty-codec/4.1.63.Final/netty-codec-4.1.63.Final.jar:/home/runner/.m2/repository/io/netty/netty-handler/4.1.63.Final/netty-handler-4.1.63.Final.jar:/home/runner/.m2/repository/org/apache/ozone/hdds-hadoop-dependency-test/1.3.0-SNAPSHOT/hdds-hadoop-dependency-test-1.3.0-SNAPSHOT.jar:/home/runner/.m2/repository/org/apache/hadoop/hadoop-common/3.3.1/hadoop-common-3.3.1-tests.jar:/home/runner/.m2/repository/org/assertj/assertj-core/3.12.2/assertj-core-3.12.2.jar:/home/runner/.m2/repository/org/apache/hadoop/hadoop-hdfs/3.3.1/hadoop-hdfs-3.3.1-tests.jar:/home/runner/.m2/repository/org/eclipse/jetty/jetty-util-ajax/9.4.43.v20210629/jetty-util-ajax-9.4.43.v20210629.jar:/home/runner/.m2/repository/commons-daemon/commons-daemon/1.0.13/commons-daemon-1.0.13.jar:/home/runner/.m2/repository/io/netty/netty/3.10.6.Final/netty-3.10.6.Final.jar:/home/runner/.m2/repository/io/netty/netty-all/4.1.63.Final/netty-all-4.1.63.Final.jar:/home/runner/.m2/repository/org/apache/htrace/htrace-core4/4.1.0-incubating/htrace-core4-4.1.0-incubating.jar:/home/runner/.m2/repository/org/fusesource/leveldbjni/leveldbjni-all/1.8/leveldbjni-all-1.8.jar:/home/runner/.m2/repository/org/apache/hadoop/hadoop-distcp/3.3.1/hadoop-distcp-3.3.1.jar:/home/runner/.m2/repository/org/apache/hadoop/hadoop-mapreduce-client-jobclient/3.3.1/hadoop-mapreduce-client-jobclient-3.3.1.jar:/home/runner/.m2/repository/org/apache/hadoop/hadoop-mapreduce-client-common/3.3.1/hadoop-mapreduce-client-common-3.3.1.jar:/home/runner/.m2/repository/org/apache/hadoop/hadoop-yarn-common/3.3.1/hadoop-yarn-common-3.3.1.jar:/home/runner/.m2/repository/org/apache/hadoop/hadoop-yarn-api/3.3.1/hadoop-yarn-api-3.3.1.jar:/home/runner/.m2/repository/com/sun/jersey/jersey-client/1.19/jersey-client-1.19.jar:/home/runner/.m2/repository/com/sun/jersey/contribs/jersey-guice/1.19/jersey-guice-1.19.jar:/home/runner/.m2/repository/com/fasterxml/jackson/jaxrs/jackson-jaxrs-json-provider/2.13.2/jackson-jaxrs-json-provider-2.13.2.jar:/home/runner/.m2/repository/com/fasterxml/jackson/jaxrs/jackson-jaxrs-base/2.13.2/jackson-jaxrs-base-2.13.2.jar:/home/runner/.m2/repository/org/apache/hadoop/hadoop-yarn-client/3.3.1/hadoop-yarn-client-3.3.1.jar:/home/runner/.m2/repository/org/eclipse/jetty/websocket/websocket-client/9.4.40.v20210413/websocket-client-9.4.40.v20210413.jar:/home/runner/.m2/repository/org/eclipse/jetty/jetty-client/9.4.40.v20210413/jetty-client-9.4.40.v20210413.jar:/home/runner/.m2/repository/org/eclipse/jetty/websocket/websocket-common/9.4.40.v20210413/websocket-common-9.4.40.v20210413.jar:/home/runner/.m2/repository/org/eclipse/jetty/websocket/websocket-api/9.4.40.v20210413/websocket-api-9.4.40.v20210413.jar:/home/runner/.m2/repository/org/jline/jline/3.9.0/jline-3.9.0.jar:/home/runner/.m2/repository/org/apache/hadoop/hadoop-mapreduce-client-core/3.3.1/hadoop-mapreduce-client-core-3.3.1.jar:/home/runner/.m2/repository/org/apache/avro/avro/1.7.7/avro-1.7.7.jar:/home/runner/.m2/repository/org/codehaus/jackson/jackson-core-asl/1.9.13/jackson-core-asl-1.9.13.jar:/home/runner/.m2/repository/org/codehaus/jackson/jackson-mapper-asl/1.9.13/jackson-mapper-asl-1.9.13.jar:/home/runner/.m2/repository/com/thoughtworks/paranamer/paranamer/2.3/paranamer-2.3.jar:/home/runner/.m2/repository/org/apache/hadoop/hadoop-annotations/3.3.1/hadoop-annotations-3.3.1.jar:/usr/lib/jvm/temurin-8-jdk-amd64/jre/../lib/tools.jar:/home/runner/.m2/repository/org/apache/hadoop/hadoop-distcp/3.3.1/hadoop-distcp-3.3.1-tests.jar:/home/runner/.m2/repository/org/apache/ratis/ratis-common/2.2.0/ratis-common-2.2.0.jar:/home/runner/.m2/repository/org/apache/ratis/ratis-thirdparty-misc/0.7.0/ratis-thirdparty-misc-0.7.0.jar:/home/runner/.m2/repository/org/apache/ratis/ratis-proto/2.2.0/ratis-proto-2.2.0.jar:/home/runner/.m2/repository/org/apache/ozone/ozone-annotation-processing/1.3.0-SNAPSHOT/ozone-annotation-processing-1.3.0-SNAPSHOT.jar:"/>
    <property name="sun.cpu.endian" value="little"/>
    <property name="user.home" value="/home/runner"/>
    <property name="user.language" value="en"/>
    <property name="java.specification.vendor" value="Oracle Corporation"/>
    <property name="java.home" value="/usr/lib/jvm/temurin-8-jdk-amd64/jre"/>
    <property name="java.security.krb5.conf" value="/home/runner/work/ozone/ozone/hadoop-ozone/integration-test/target/test-classes/krb5.conf"/>
    <property name="basedir" value="/home/runner/work/ozone/ozone/hadoop-ozone/integration-test"/>
    <property name="file.separator" value="/"/>
    <property name="line.separator" value="&#10;"/>
    <property name="java.vm.specification.vendor" value="Oracle Corporation"/>
    <property name="java.specification.name" value="Java Platform API Specification"/>
    <property name="java.awt.graphicsenv" value="sun.awt.X11GraphicsEnvironment"/>
    <property name="skip.installnpx" value="true"/>
    <property name="surefire.real.class.path" value="/home/runner/work/ozone/ozone/hadoop-ozone/integration-test/target/surefire/surefirebooter6456541587774690645.jar:/home/runner/.m2/repository/org/jacoco/org.jacoco.agent/0.8.5/org.jacoco.agent-0.8.5-runtime.jar"/>
    <property name="hadoop.log.dir" value="/home/runner/work/ozone/ozone/hadoop-ozone/integration-test/target/log"/>
    <property name="sun.boot.class.path" value="/usr/lib/jvm/temurin-8-jdk-amd64/jre/lib/resources.jar:/usr/lib/jvm/temurin-8-jdk-amd64/jre/lib/rt.jar:/usr/lib/jvm/temurin-8-jdk-amd64/jre/lib/sunrsasign.jar:/usr/lib/jvm/temurin-8-jdk-amd64/jre/lib/jsse.jar:/usr/lib/jvm/temurin-8-jdk-amd64/jre/lib/jce.jar:/usr/lib/jvm/temurin-8-jdk-amd64/jre/lib/charsets.jar:/usr/lib/jvm/temurin-8-jdk-amd64/jre/lib/jfr.jar:/usr/lib/jvm/temurin-8-jdk-amd64/jre/classes"/>
    <property name="sun.management.compiler" value="HotSpot 64-Bit Tiered Compilers"/>
    <property name="skip.npx" value="true"/>
    <property name="java.runtime.version" value="1.8.0_322-b06"/>
    <property name="java.net.preferIPv4Stack" value="true"/>
    <property name="user.name" value="runner"/>
    <property name="path.separator" value=":"/>
    <property name="java.security.egd" value="file:///dev/urandom"/>
    <property name="os.version" value="5.4.0-1074-azure"/>
    <property name="java.endorsed.dirs" value="/usr/lib/jvm/temurin-8-jdk-amd64/jre/lib/endorsed"/>
    <property name="java.runtime.name" value="OpenJDK Runtime Environment"/>
    <property name="file.encoding" value="UTF-8"/>
    <property name="java.vm.name" value="OpenJDK 64-Bit Server VM"/>
    <property name="test.build.webapps" value=""/>
    <property name="localRepository" value="/home/runner/.m2/repository"/>
    <property name="jetty.git.hash" value="526006ecfa3af7f1a27ef3a288e2bef7ea9dd7e8"/>
    <property name="java.vendor.url.bug" value="https://github.com/adoptium/adoptium-support/issues"/>
    <property name="java.io.tmpdir" value="/tmp"/>
    <property name="require.test.libhadoop" value=""/>
    <property name="java.version" value="1.8.0_322"/>
    <property name="user.dir" value="/home/runner/work/ozone/ozone/hadoop-ozone/integration-test"/>
    <property name="os.arch" value="amd64"/>
    <property name="java.vm.specification.name" value="Java Virtual Machine Specification"/>
    <property name="test.build.classes" value="/home/runner/work/ozone/ozone/hadoop-ozone/integration-test/target/test-classes"/>
    <property name="java.awt.printerjob" value="sun.print.PSPrinterJob"/>
    <property name="sun.os.patch.level" value="unknown"/>
    <property name="hadoop.tmp.dir" value="/home/runner/work/ozone/ozone/hadoop-ozone/integration-test/target/tmp"/>
    <property name="java.library.path" value="/usr/java/packages/lib/amd64:/usr/lib64:/lib64:/lib:/usr/lib"/>
    <property name="java.vm.info" value="mixed mode"/>
    <property name="java.vendor" value="Temurin"/>
    <property name="java.vm.version" value="25.322-b06"/>
    <property name="java.ext.dirs" value="/usr/lib/jvm/temurin-8-jdk-amd64/jre/lib/ext:/usr/java/packages/lib/ext"/>
    <property name="sun.io.unicode.encoding" value="UnicodeLittle"/>
    <property name="java.class.version" value="52.0"/>
  </properties>
  <testcase name="testGetTrashRoot" classname="TestOzoneFileSystem" time="20.524">
    <system-out><![CDATA[2022-04-24 04:14:44,414 [main] WARN  server.ServerUtils (ServerUtils.java:getScmDbDir(148)) - ozone.scm.db.dirs is not configured. We recommend adding this setting. Falling back to ozone.metadata.dirs instead.
2022-04-24 04:14:44,513 [main] INFO  ha.SCMHANodeDetails (SCMHANodeDetails.java:loadSCMHAConfig(157)) - ServiceID for StorageContainerManager is null
2022-04-24 04:14:44,514 [main] INFO  ha.SCMHANodeDetails (SCMHANodeDetails.java:loadSCMHAConfig(162)) - ozone.scm.default.service.id is not defined, falling back to ozone.scm.service.ids to find serviceID for StorageContainerManager if it is HA enabled cluster
2022-04-24 04:14:44,639 [main] WARN  server.ServerUtils (ServerUtils.java:getScmDbDir(148)) - ozone.scm.db.dirs is not configured. We recommend adding this setting. Falling back to ozone.metadata.dirs instead.
2022-04-24 04:14:44,643 [main] INFO  upgrade.AbstractLayoutVersionManager (AbstractLayoutVersionManager.java:init(79)) - Initializing Layout version manager with metadata layout = ERASURE_CODED_STORAGE_SUPPORT (version = 3), software layout = ERASURE_CODED_STORAGE_SUPPORT (version = 3)
2022-04-24 04:14:44,829 [main] INFO  reflections.Reflections (Reflections.java:scan(232)) - Reflections took 111 ms to scan 7 urls, producing 126 keys and 287 values 
2022-04-24 04:14:45,335 [main] WARN  utils.HAUtils (HAUtils.java:getMetaDir(342)) - ozone.scm.db.dirs is not configured. We recommend adding this setting. Falling back to ozone.metadata.dirs instead.
2022-04-24 04:14:45,468 [main] WARN  db.DBStoreBuilder (DBStoreBuilder.java:applyDBDefinition(145)) - ozone.scm.db.dirs is not configured. We recommend adding this setting. Falling back to ozone.metadata.dirs instead.
2022-04-24 04:14:45,623 [main] INFO  net.NodeSchemaLoader (NodeSchemaLoader.java:loadSchemaFromFile(129)) - Loading schema from [jar:file:/home/runner/.m2/repository/org/apache/ozone/hdds-common/1.3.0-SNAPSHOT/hdds-common-1.3.0-SNAPSHOT.jar!/network-topology-default.xml]
2022-04-24 04:14:45,625 [main] INFO  net.NodeSchemaLoader (NodeSchemaLoader.java:loadSchema(176)) - Loading network topology layer schema file
2022-04-24 04:14:45,665 [main] INFO  metrics.MetricRegistries (MetricRegistriesLoader.java:load(64)) - Loaded MetricRegistries class org.apache.ratis.metrics.impl.MetricRegistriesImpl
2022-04-24 04:14:45,680 [main] INFO  ha.SequenceIdGenerator (SequenceIdGenerator.java:upgradeToSequenceId(347)) - upgrade localId to 109611004723200000
2022-04-24 04:14:45,681 [main] INFO  ha.SequenceIdGenerator (SequenceIdGenerator.java:upgradeToSequenceId(357)) - upgrade delTxnId to 0
2022-04-24 04:14:45,684 [main] INFO  ha.SequenceIdGenerator (SequenceIdGenerator.java:upgradeToSequenceId(371)) - upgrade containerId to 0
2022-04-24 04:14:45,686 [main] INFO  ha.SequenceIdGenerator (SequenceIdGenerator.java:<init>(218)) - Init the HA SequenceIdGenerator.
2022-04-24 04:14:45,722 [main] WARN  server.ServerUtils (ServerUtils.java:sanitizeUserArgs(73)) - ozone.scm.stale.node.interval value = 300000 is larger than max = 100000 based on the key value of ozone.scm.heartbeat.thread.interval, reset to the max value 100000.
2022-04-24 04:14:45,723 [main] WARN  server.ServerUtils (ServerUtils.java:sanitizeUserArgs(73)) - ozone.scm.stale.node.interval value = 300000 is larger than max = 100000 based on the key value of ozone.scm.heartbeat.thread.interval, reset to the max value 100000.
2022-04-24 04:14:45,729 [main] INFO  node.SCMNodeManager (SCMNodeManager.java:<init>(146)) - Entering startup safe mode.
2022-04-24 04:14:45,795 [main] INFO  algorithms.ContainerPlacementPolicyFactory (ContainerPlacementPolicyFactory.java:getPolicyInternal(86)) - Create container placement policy of type org.apache.hadoop.hdds.scm.container.placement.algorithms.SCMContainerPlacementRandom
2022-04-24 04:14:45,805 [main] INFO  pipeline.PipelineStateManagerImpl (PipelineStateManagerImpl.java:initialize(78)) - No pipeline exists in current db
2022-04-24 04:14:45,841 [main] INFO  algorithms.LeaderChoosePolicyFactory (LeaderChoosePolicyFactory.java:getPolicy(57)) - Create leader choose policy of type org.apache.hadoop.hdds.scm.pipeline.leader.choose.algorithms.MinLeaderCountChoosePolicy
2022-04-24 04:14:45,842 [main] INFO  algorithms.ContainerPlacementPolicyFactory (ContainerPlacementPolicyFactory.java:getPolicyInternal(86)) - Create container placement policy of type org.apache.hadoop.hdds.scm.container.placement.algorithms.SCMContainerPlacementRackScatter
2022-04-24 04:14:45,848 [main] INFO  ha.SCMServiceManager (SCMServiceManager.java:register(42)) - Registering service BackgroundPipelineCreator.
2022-04-24 04:14:45,848 [main] INFO  pipeline.BackgroundPipelineCreator (BackgroundPipelineCreator.java:start(129)) - Starting RatisPipelineUtilsThread.
2022-04-24 04:14:45,877 [main] INFO  algorithms.PipelineChoosePolicyFactory (PipelineChoosePolicyFactory.java:createPipelineChoosePolicyFromClass(73)) - Create pipeline choose policy of type org.apache.hadoop.hdds.scm.pipeline.choose.algorithms.RandomPipelineChoosePolicy
2022-04-24 04:14:45,904 [main] INFO  ha.SCMServiceManager (SCMServiceManager.java:register(42)) - Registering service SCMBlockDeletingService.
2022-04-24 04:14:45,933 [main] INFO  ha.SCMServiceManager (SCMServiceManager.java:register(42)) - Registering service ReplicationManager.
2022-04-24 04:14:45,947 [main] INFO  container.ReplicationManager (ReplicationManager.java:start(326)) - Starting Replication Monitor Thread.
2022-04-24 04:14:45,959 [ReplicationMonitor] INFO  container.ReplicationManager (ReplicationManager.java:processAll(374)) - Replication Manager is not ready to run until 3000ms after safemode exit
2022-04-24 04:14:45,964 [main] INFO  safemode.ContainerSafeModeRule (ContainerSafeModeRule.java:<init>(89)) - containers with one replica threshold count 0
2022-04-24 04:14:45,968 [main] INFO  safemode.HealthyPipelineSafeModeRule (HealthyPipelineSafeModeRule.java:initializeRule(156)) - Total pipeline count is 0, healthy pipeline threshold count is 1
2022-04-24 04:14:45,971 [main] INFO  safemode.OneReplicaPipelineSafeModeRule (OneReplicaPipelineSafeModeRule.java:initializeRule(180)) - Total pipeline count is 0, pipeline's with at least one datanode reported threshold count is 0
2022-04-24 04:14:46,334 [main] INFO  audit.AuditLogger (AuditLogger.java:refreshDebugCmdSet(120)) - Refresh DebugCmdSet for SCMAudit to [].
2022-04-24 04:14:46,368 [main] INFO  ipc.CallQueueManager (CallQueueManager.java:<init>(90)) - Using callQueue: class java.util.concurrent.LinkedBlockingQueue, queueCapacity: 2000, scheduler: class org.apache.hadoop.ipc.DefaultRpcScheduler, ipcBackoff: false.
2022-04-24 04:14:46,409 [Socket Reader #1 for port 0] INFO  ipc.Server (Server.java:run(1265)) - Starting Socket Reader #1 for port 0
2022-04-24 04:14:46,484 [Listener at 0.0.0.0/41217] INFO  audit.AuditLogger (AuditLogger.java:refreshDebugCmdSet(120)) - Refresh DebugCmdSet for SCMAudit to [].
2022-04-24 04:14:46,490 [Listener at 0.0.0.0/41217] INFO  ipc.CallQueueManager (CallQueueManager.java:<init>(90)) - Using callQueue: class java.util.concurrent.LinkedBlockingQueue, queueCapacity: 2000, scheduler: class org.apache.hadoop.ipc.DefaultRpcScheduler, ipcBackoff: false.
2022-04-24 04:14:46,491 [Socket Reader #1 for port 0] INFO  ipc.Server (Server.java:run(1265)) - Starting Socket Reader #1 for port 0
2022-04-24 04:14:46,519 [Listener at 0.0.0.0/33293] INFO  audit.AuditLogger (AuditLogger.java:refreshDebugCmdSet(120)) - Refresh DebugCmdSet for SCMAudit to [].
2022-04-24 04:14:46,531 [Listener at 0.0.0.0/33293] INFO  ipc.CallQueueManager (CallQueueManager.java:<init>(90)) - Using callQueue: class java.util.concurrent.LinkedBlockingQueue, queueCapacity: 2000, scheduler: class org.apache.hadoop.ipc.DefaultRpcScheduler, ipcBackoff: false.
2022-04-24 04:14:46,532 [Socket Reader #1 for port 0] INFO  ipc.Server (Server.java:run(1265)) - Starting Socket Reader #1 for port 0
2022-04-24 04:14:46,582 [Listener at 0.0.0.0/39293] INFO  server.StorageContainerManager (StorageContainerManager.java:<init>(390)) - 
Container Balancer status:
Key                            Value
Running                        false
Container Balancer Configuration values:
Key                                                Value
Threshold                                          10
Max Datanodes to Involve per Iteration(percent)    20
Max Size to Move per Iteration                     500GB
Max Size Entering Target per Iteration             26GB
Max Size Leaving Source per Iteration              26GB

2022-04-24 04:14:46,582 [Listener at 0.0.0.0/39293] WARN  events.EventQueue (EventQueue.java:fireEvent(194)) - No event handler registered for event TypedEvent{payloadType=SafeModeStatus, name='Safe mode status'}
2022-04-24 04:14:46,582 [Listener at 0.0.0.0/39293] INFO  ha.SCMContext (SCMContext.java:updateSafeModeStatus(211)) - Update SafeModeStatus from SafeModeStatus{safeModeStatus=true, preCheckPassed=false} to SafeModeStatus{safeModeStatus=true, preCheckPassed=false}.
2022-04-24 04:14:46,585 [Listener at 0.0.0.0/39293] INFO  server.StorageContainerManager (StorageContainerManager.java:start(1328)) - StorageContainerLocationProtocol RPC server is listening at /0.0.0.0:39293
2022-04-24 04:14:46,653 [Listener at 0.0.0.0/39293] WARN  impl.MetricsConfig (MetricsConfig.java:loadFirst(136)) - Cannot locate configuration: tried hadoop-metrics2-storagecontainermanager.properties,hadoop-metrics2.properties
2022-04-24 04:14:46,668 [Listener at 0.0.0.0/39293] INFO  impl.MetricsSystemImpl (MetricsSystemImpl.java:startTimer(378)) - Scheduled Metric snapshot period at 10 second(s).
2022-04-24 04:14:46,669 [Listener at 0.0.0.0/39293] INFO  impl.MetricsSystemImpl (MetricsSystemImpl.java:start(191)) - StorageContainerManager metrics system started
2022-04-24 04:14:47,022 [Listener at 0.0.0.0/39293] INFO  server.SCMClientProtocolServer (SCMClientProtocolServer.java:start(169)) - RPC server for Client  is listening at /0.0.0.0:39293
2022-04-24 04:14:47,025 [IPC Server Responder] INFO  ipc.Server (Server.java:run(1507)) - IPC Server Responder: starting
2022-04-24 04:14:47,027 [IPC Server listener on 0] INFO  ipc.Server (Server.java:run(1344)) - IPC Server listener on 0: starting
2022-04-24 04:14:47,031 [Listener at 0.0.0.0/39293] INFO  server.StorageContainerManager (StorageContainerManager.java:start(1343)) - ScmBlockLocationProtocol RPC server is listening at /0.0.0.0:33293
2022-04-24 04:14:47,032 [Listener at 0.0.0.0/39293] INFO  server.SCMBlockProtocolServer (SCMBlockProtocolServer.java:start(151)) - RPC server for Block Protocol is listening at /0.0.0.0:33293
2022-04-24 04:14:47,034 [IPC Server Responder] INFO  ipc.Server (Server.java:run(1507)) - IPC Server Responder: starting
2022-04-24 04:14:47,035 [IPC Server listener on 0] INFO  ipc.Server (Server.java:run(1344)) - IPC Server listener on 0: starting
2022-04-24 04:14:47,042 [Listener at 0.0.0.0/39293] INFO  server.SCMDatanodeProtocolServer (SCMDatanodeProtocolServer.java:start(183)) - ScmDatanodeProtocol RPC server for DataNodes is listening at /0.0.0.0:41217
2022-04-24 04:14:47,045 [IPC Server Responder] INFO  ipc.Server (Server.java:run(1507)) - IPC Server Responder: starting
2022-04-24 04:14:47,046 [IPC Server listener on 0] INFO  ipc.Server (Server.java:run(1344)) - IPC Server listener on 0: starting
2022-04-24 04:14:47,069 [org.apache.hadoop.util.JvmPauseMonitor$Monitor@2e1e7bc6] INFO  util.JvmPauseMonitor (JvmPauseMonitor.java:run(188)) - Starting JVM pause monitor
2022-04-24 04:14:47,087 [Listener at 0.0.0.0/39293] INFO  http.BaseHttpServer (BaseHttpServer.java:newHttpServer2BuilderForOzone(209)) - Starting Web-server for scm at: http://0.0.0.0:0
2022-04-24 04:14:47,088 [Listener at 0.0.0.0/39293] INFO  http.BaseHttpServer (BaseHttpServer.java:<init>(107)) - Hadoop Security Enabled: false Ozone Security Enabled: false Ozone HTTP Security Enabled: false 
2022-04-24 04:14:47,119 [Listener at 0.0.0.0/39293] INFO  util.log (Log.java:initialized(170)) - Logging initialized @4170ms to org.eclipse.jetty.util.log.Slf4jLog
2022-04-24 04:14:47,239 [Listener at 0.0.0.0/39293] INFO  server.AuthenticationFilter (AuthenticationFilter.java:constructSecretProvider(240)) - Unable to initialize FileSignerSecretProvider, falling back to use random secrets.
2022-04-24 04:14:47,244 [Listener at 0.0.0.0/39293] WARN  http.HttpRequestLog (HttpRequestLog.java:getRequestLog(103)) - Jetty request log can only be enabled using Log4j
2022-04-24 04:14:47,254 [Listener at 0.0.0.0/39293] INFO  http.HttpServer2 (HttpServer2.java:addGlobalFilter(1030)) - Added global filter 'safety' (class=org.apache.hadoop.hdds.server.http.HttpServer2$QuotingInputFilter)
2022-04-24 04:14:47,257 [Listener at 0.0.0.0/39293] INFO  http.HttpServer2 (HttpServer2.java:addFilter(1006)) - Added filter static_user_filter (class=org.apache.hadoop.http.lib.StaticUserWebFilter$StaticUserFilter) to context scm
2022-04-24 04:14:47,257 [Listener at 0.0.0.0/39293] INFO  http.HttpServer2 (HttpServer2.java:addFilter(1014)) - Added filter static_user_filter (class=org.apache.hadoop.http.lib.StaticUserWebFilter$StaticUserFilter) to context static
2022-04-24 04:14:47,258 [Listener at 0.0.0.0/39293] INFO  http.HttpServer2 (HttpServer2.java:addFilter(1014)) - Added filter static_user_filter (class=org.apache.hadoop.http.lib.StaticUserWebFilter$StaticUserFilter) to context logs
2022-04-24 04:14:47,301 [Listener at 0.0.0.0/39293] INFO  http.HttpServer2 (HttpServer2.java:bindListener(1249)) - Jetty bound to port 41767
2022-04-24 04:14:47,303 [Listener at 0.0.0.0/39293] INFO  server.Server (Server.java:doStart(375)) - jetty-9.4.43.v20210629; built: 2021-06-30T11:07:22.254Z; git: 526006ecfa3af7f1a27ef3a288e2bef7ea9dd7e8; jvm 1.8.0_322-b06
2022-04-24 04:14:47,342 [Listener at 0.0.0.0/39293] INFO  server.session (DefaultSessionIdManager.java:doStart(334)) - DefaultSessionIdManager workerName=node0
2022-04-24 04:14:47,342 [Listener at 0.0.0.0/39293] INFO  server.session (DefaultSessionIdManager.java:doStart(339)) - No SessionScavenger set, using defaults
2022-04-24 04:14:47,345 [Listener at 0.0.0.0/39293] INFO  server.session (HouseKeeper.java:startScavenging(132)) - node0 Scavenging every 660000ms
2022-04-24 04:14:47,362 [Listener at 0.0.0.0/39293] INFO  handler.ContextHandler (ContextHandler.java:doStart(915)) - Started o.e.j.s.ServletContextHandler@14983265{logs,/logs,file:///home/runner/work/ozone/ozone/hadoop-ozone/integration-test/target/log,AVAILABLE}
2022-04-24 04:14:47,363 [Listener at 0.0.0.0/39293] INFO  handler.ContextHandler (ContextHandler.java:doStart(915)) - Started o.e.j.s.ServletContextHandler@5464aeec{static,/static,file:///home/runner/work/ozone/ozone/hadoop-ozone/integration-test/target/test-classes/webapps/static,AVAILABLE}
2022-04-24 04:14:47,416 [Listener at 0.0.0.0/39293] INFO  handler.ContextHandler (ContextHandler.java:doStart(915)) - Started o.e.j.w.WebAppContext@270be080{scm,/,file:///home/runner/work/ozone/ozone/hadoop-ozone/integration-test/target/test-classes/webapps/scm/,AVAILABLE}{file:/home/runner/work/ozone/ozone/hadoop-ozone/integration-test/target/test-classes/webapps/scm}
2022-04-24 04:14:47,426 [Listener at 0.0.0.0/39293] INFO  server.AbstractConnector (AbstractConnector.java:doStart(331)) - Started ServerConnector@25a2f432{HTTP/1.1, (http/1.1)}{0.0.0.0:41767}
2022-04-24 04:14:47,427 [Listener at 0.0.0.0/39293] INFO  server.Server (Server.java:doStart(415)) - Started @4478ms
2022-04-24 04:14:47,429 [Listener at 0.0.0.0/39293] INFO  impl.MetricsSinkAdapter (MetricsSinkAdapter.java:start(204)) - Sink prometheus started
2022-04-24 04:14:47,429 [Listener at 0.0.0.0/39293] INFO  impl.MetricsSystemImpl (MetricsSystemImpl.java:registerSink(305)) - Registered sink prometheus
2022-04-24 04:14:47,431 [Listener at 0.0.0.0/39293] INFO  http.BaseHttpServer (BaseHttpServer.java:updateConnectorAddress(329)) - HTTP server of scm listening at http://0.0.0.0:41767
2022-04-24 04:14:47,433 [Listener at 0.0.0.0/39293] WARN  server.ServerUtils (ServerUtils.java:getDBPath(225)) - ozone.om.db.dirs is not configured. We recommend adding this setting. Falling back to ozone.metadata.dirs instead.
2022-04-24 04:14:47,488 [Listener at 0.0.0.0/39293] INFO  audit.AuditLogger (AuditLogger.java:refreshDebugCmdSet(120)) - Refresh DebugCmdSet for OMAudit to [].
2022-04-24 04:14:47,572 [Listener at 0.0.0.0/39293] INFO  ha.OMHANodeDetails (OMHANodeDetails.java:loadOMHAConfig(112)) - ozone.om.internal.service.id is not defined, falling back to ozone.om.service.ids to find serviceID for OzoneManager if it is HA enabled cluster
2022-04-24 04:14:47,575 [Listener at 0.0.0.0/39293] INFO  ha.OMHANodeDetails (OMHANodeDetails.java:loadOMHAConfig(218)) - Configuration does not have ozone.om.address set. Falling back to the default OM address /127.0.0.1:0
2022-04-24 04:14:47,576 [Listener at 0.0.0.0/39293] INFO  ha.OMHANodeDetails (OMHANodeDetails.java:getOMNodeDetailsForNonHA(246)) - OM Service ID is not set. Setting it to the default ID: omServiceIdDefault
2022-04-24 04:14:47,577 [Listener at 0.0.0.0/39293] INFO  ha.OMHANodeDetails (OMHANodeDetails.java:getOMNodeDetailsForNonHA(253)) - OM Node ID is not set. Setting it to the default ID: om1
2022-04-24 04:14:47,581 [Listener at 0.0.0.0/39293] WARN  server.ServerUtils (ServerUtils.java:getDBPath(225)) - ozone.om.db.dirs is not configured. We recommend adding this setting. Falling back to ozone.metadata.dirs instead.
2022-04-24 04:14:47,583 [Listener at 0.0.0.0/39293] INFO  upgrade.AbstractLayoutVersionManager (AbstractLayoutVersionManager.java:init(79)) - Initializing Layout version manager with metadata layout = ERASURE_CODED_STORAGE_SUPPORT (version = 1), software layout = ERASURE_CODED_STORAGE_SUPPORT (version = 1)
2022-04-24 04:14:47,661 [Listener at 0.0.0.0/39293] INFO  reflections.Reflections (Reflections.java:scan(232)) - Reflections took 71 ms to scan 2 urls, producing 142 keys and 367 values [using 2 cores]
2022-04-24 04:14:47,668 [Listener at 0.0.0.0/39293] INFO  upgrade.OMLayoutVersionManager (OMLayoutVersionManager.java:lambda$0(115)) - Skipping Upgrade Action MockOmUpgradeAction since it has been finalized.
2022-04-24 04:14:47,669 [Listener at 0.0.0.0/39293] WARN  server.ServerUtils (ServerUtils.java:getDBPath(225)) - ozone.om.db.dirs is not configured. We recommend adding this setting. Falling back to ozone.metadata.dirs instead.
2022-04-24 04:14:48,139 [Listener at 0.0.0.0/39293] WARN  server.ServerUtils (ServerUtils.java:getDBPath(225)) - ozone.om.db.dirs is not configured. We recommend adding this setting. Falling back to ozone.metadata.dirs instead.
2022-04-24 04:14:48,148 [Listener at 0.0.0.0/39293] INFO  codec.OmKeyInfoCodec (OmKeyInfoCodec.java:<init>(49)) - OmKeyInfoCodec ignorePipeline = true
2022-04-24 04:14:48,149 [Listener at 0.0.0.0/39293] INFO  codec.RepeatedOmKeyInfoCodec (RepeatedOmKeyInfoCodec.java:<init>(41)) - RepeatedOmKeyInfoCodec ignorePipeline = true
2022-04-24 04:14:48,360 [Listener at 0.0.0.0/39293] INFO  om.OzoneManager (OzoneManager.java:addS3GVolumeToDB(3770)) - Created Volume s3v With Owner runner required for S3Gateway operations.
2022-04-24 04:14:48,404 [Listener at 0.0.0.0/39293] WARN  server.ServerUtils (ServerUtils.java:getDefaultRatisDirectory(237)) - Storage directory for Ratis is not configured. It is a good idea to map this to an SSD disk. Falling back to ozone.metadata.dirs
2022-04-24 04:14:48,405 [Listener at 0.0.0.0/39293] WARN  utils.OzoneManagerRatisUtils (OzoneManagerRatisUtils.java:getOMRatisSnapshotDirectory(395)) - ozone.om.ratis.snapshot.dir is not configured. Falling back to ozone.metadata.dirs config
2022-04-24 04:14:48,427 [Listener at 0.0.0.0/39293] WARN  server.ServerUtils (ServerUtils.java:getDefaultRatisDirectory(237)) - Storage directory for Ratis is not configured. It is a good idea to map this to an SSD disk. Falling back to ozone.metadata.dirs
2022-04-24 04:14:48,460 [Listener at 0.0.0.0/39293] INFO  ratis.OzoneManagerRatisServer (OzoneManagerRatisServer.java:<init>(159)) - Instantiating OM Ratis server with groupID: omServiceIdDefault and peers: localhost:9872
2022-04-24 04:14:48,469 [Listener at 0.0.0.0/39293] INFO  ratis.OzoneManagerStateMachine (OzoneManagerStateMachine.java:loadSnapshotInfoFromDB(617)) - LastAppliedIndex is set from TransactionInfo from OM DB as (t:0, i:~)
2022-04-24 04:14:48,505 [Listener at 0.0.0.0/39293] INFO  server.RaftServer (ConfUtils.java:logGet(44)) - raft.rpc.type = GRPC (default)
2022-04-24 04:14:48,590 [Listener at 0.0.0.0/39293] INFO  grpc.GrpcFactory (GrpcFactory.java:checkPooledByteBufAllocatorUseCacheForAllThreads(48)) - PERFORMANCE WARNING: useCacheForAllThreads is true that may cause Netty to create a lot garbage objects and, as a result, trigger GC.
	It is recommended to disable useCacheForAllThreads by setting -Dorg.apache.ratis.thirdparty.io.netty.allocator.useCacheForAllThreads=false in command line.
2022-04-24 04:14:48,594 [Listener at 0.0.0.0/39293] INFO  grpc.GrpcConfigKeys (ConfUtils.java:logGet(44)) - raft.grpc.admin.port = -1 (default)
2022-04-24 04:14:48,595 [Listener at 0.0.0.0/39293] INFO  grpc.GrpcConfigKeys (ConfUtils.java:logGet(44)) - raft.grpc.server.port = 9872 (custom)
2022-04-24 04:14:48,596 [Listener at 0.0.0.0/39293] INFO  grpc.GrpcConfigKeys (ConfUtils.java:logGet(44)) - raft.grpc.client.port = -1 (default)
2022-04-24 04:14:48,596 [Listener at 0.0.0.0/39293] INFO  grpc.GrpcConfigKeys (ConfUtils.java:logGet(44)) - raft.grpc.server.port = 9872 (custom)
2022-04-24 04:14:48,596 [Listener at 0.0.0.0/39293] INFO  grpc.GrpcConfigKeys (ConfUtils.java:logGet(44)) - raft.grpc.server.port = 9872 (custom)
2022-04-24 04:14:48,597 [Listener at 0.0.0.0/39293] INFO  server.GrpcService (ConfUtils.java:logGet(44)) - raft.grpc.message.size.max = 33554432 (custom)
2022-04-24 04:14:48,598 [Listener at 0.0.0.0/39293] INFO  server.RaftServerConfigKeys (ConfUtils.java:logGet(44)) - raft.server.log.appender.buffer.byte-limit = 33554432 (custom)
2022-04-24 04:14:48,599 [Listener at 0.0.0.0/39293] INFO  server.GrpcService (ConfUtils.java:logGet(44)) - raft.grpc.flow.control.window = 1MB (=1048576) (default)
2022-04-24 04:14:48,599 [Listener at 0.0.0.0/39293] INFO  server.RaftServerConfigKeys (ConfUtils.java:logGet(44)) - raft.server.rpc.request.timeout = 3000ms (default)
2022-04-24 04:14:48,919 [Listener at 0.0.0.0/39293] INFO  impl.DataStreamServerImpl (ConfUtils.java:logGet(44)) - raft.datastream.type = DISABLED (default)
2022-04-24 04:14:48,921 [Listener at 0.0.0.0/39293] INFO  server.RaftServerConfigKeys (ConfUtils.java:logGet(44)) - raft.server.rpc.slowness.timeout = 120s (custom)
2022-04-24 04:14:48,921 [Listener at 0.0.0.0/39293] INFO  server.RaftServerConfigKeys (ConfUtils.java:logGet(44)) - raft.server.leaderelection.leader.step-down.wait-time = 10s (default)
2022-04-24 04:14:48,939 [Listener at 0.0.0.0/39293] INFO  server.RaftServerConfigKeys (ConfUtils.java:logGet(44)) - raft.server.storage.dir = [/home/runner/work/ozone/ozone/hadoop-ozone/integration-test/target/test-dir/MiniOzoneClusterImpl-a4f891ee-a8e1-4ed6-b509-207d494f3db6/ozone-meta/ratis] (custom)
2022-04-24 04:14:48,945 [Listener at 0.0.0.0/39293] INFO  server.RaftServer (RaftServerProxy.java:addNew(95)) - om1: addNew group-C5BA1605619E:[om1|rpc:localhost:9872|priority:0] returns group-C5BA1605619E:java.util.concurrent.CompletableFuture@76f58d0[Not completed]
2022-04-24 04:14:48,945 [Listener at 0.0.0.0/39293] INFO  om.OzoneManager (OzoneManager.java:initializeRatisServer(1839)) - OzoneManager Ratis server initialized at port 9872
2022-04-24 04:14:48,983 [pool-50-thread-1] INFO  server.RaftServer$Division (RaftServerImpl.java:<init>(184)) - om1: new RaftServerImpl for group-C5BA1605619E:[om1|rpc:localhost:9872|priority:0] with OzoneManagerStateMachine:uninitialized
2022-04-24 04:14:48,986 [pool-50-thread-1] INFO  server.RaftServerConfigKeys (ConfUtils.java:logGet(44)) - raft.server.rpc.timeout.min = 1s (custom)
2022-04-24 04:14:48,986 [pool-50-thread-1] INFO  server.RaftServerConfigKeys (ConfUtils.java:logGet(44)) - raft.server.rpc.timeout.max = 1200ms (custom)
2022-04-24 04:14:48,986 [pool-50-thread-1] INFO  server.RaftServerConfigKeys (ConfUtils.java:logGet(44)) - raft.server.rpc.sleep.time = 25ms (default)
2022-04-24 04:14:48,986 [pool-50-thread-1] INFO  server.RaftServerConfigKeys (ConfUtils.java:logGet(44)) - raft.server.rpc.slowness.timeout = 120s (custom)
2022-04-24 04:14:48,986 [pool-50-thread-1] INFO  server.RaftServerConfigKeys (ConfUtils.java:logGet(44)) - raft.server.leaderelection.leader.step-down.wait-time = 10s (default)
2022-04-24 04:14:48,987 [pool-50-thread-1] INFO  server.RaftServerConfigKeys (ConfUtils.java:logGet(44)) - raft.server.sleep.deviation.threshold = 300ms (default)
2022-04-24 04:14:48,987 [pool-50-thread-1] INFO  server.RaftServerConfigKeys (ConfUtils.java:logGet(44)) - raft.server.log.appender.install.snapshot.enabled = false (custom)
2022-04-24 04:14:48,993 [pool-50-thread-1] INFO  server.RaftServer$Division (ServerState.java:<init>(105)) - om1@group-C5BA1605619E: ConfigurationManager, init=-1: [om1|rpc:localhost:9872|priority:0], old=null, confs=<EMPTY_MAP>
2022-04-24 04:14:49,002 [pool-50-thread-1] INFO  server.RaftServerConfigKeys (ConfUtils.java:logGet(44)) - raft.server.storage.dir = [/home/runner/work/ozone/ozone/hadoop-ozone/integration-test/target/test-dir/MiniOzoneClusterImpl-a4f891ee-a8e1-4ed6-b509-207d494f3db6/ozone-meta/ratis] (custom)
2022-04-24 04:14:49,012 [pool-50-thread-1] INFO  server.RaftServerConfigKeys (ConfUtils.java:logGet(44)) - raft.server.log.corruption.policy = EXCEPTION (default)
2022-04-24 04:14:49,013 [pool-50-thread-1] INFO  server.RaftServerConfigKeys (ConfUtils.java:logGet(44)) - raft.server.storage.free-space.min = 0MB (=0) (default)
2022-04-24 04:14:49,014 [pool-50-thread-1] INFO  storage.RaftStorageDirectory (RaftStorageDirectoryImpl.java:analyzeStorage(135)) - The storage directory /home/runner/work/ozone/ozone/hadoop-ozone/integration-test/target/test-dir/MiniOzoneClusterImpl-a4f891ee-a8e1-4ed6-b509-207d494f3db6/ozone-meta/ratis/bf265839-605b-3f16-9796-c5ba1605619e does not exist. Creating ...
2022-04-24 04:14:49,019 [pool-50-thread-1] INFO  storage.RaftStorageDirectory (RaftStorageDirectoryImpl.java:tryLock(230)) - Lock on /home/runner/work/ozone/ozone/hadoop-ozone/integration-test/target/test-dir/MiniOzoneClusterImpl-a4f891ee-a8e1-4ed6-b509-207d494f3db6/ozone-meta/ratis/bf265839-605b-3f16-9796-c5ba1605619e/in_use.lock acquired by nodename 18665@fv-az50-870
2022-04-24 04:14:49,048 [pool-50-thread-1] INFO  storage.RaftStorage (RaftStorageImpl.java:format(89)) - Storage directory /home/runner/work/ozone/ozone/hadoop-ozone/integration-test/target/test-dir/MiniOzoneClusterImpl-a4f891ee-a8e1-4ed6-b509-207d494f3db6/ozone-meta/ratis/bf265839-605b-3f16-9796-c5ba1605619e has been successfully formatted.
2022-04-24 04:14:49,060 [pool-50-thread-1] INFO  server.RaftServerConfigKeys (ConfUtils.java:logGet(44)) - raft.server.notification.no-leader.timeout = 120s (custom)
2022-04-24 04:14:49,062 [pool-50-thread-1] INFO  server.RaftServerConfigKeys (ConfUtils.java:logGet(44)) - raft.server.log.use.memory = false (default)
2022-04-24 04:14:49,093 [pool-50-thread-1] INFO  server.RaftServerConfigKeys (ConfUtils.java:logGet(44)) - raft.server.log.purge.gap = 1000000 (custom)
2022-04-24 04:14:49,093 [pool-50-thread-1] INFO  server.RaftServerConfigKeys (ConfUtils.java:logGet(44)) - raft.server.log.appender.buffer.byte-limit = 33554432 (custom)
2022-04-24 04:14:49,143 [pool-50-thread-1] INFO  server.RaftServerConfigKeys (ConfUtils.java:logGet(44)) - raft.server.log.segment.size.max = 4194304 (custom)
2022-04-24 04:14:49,173 [pool-50-thread-1] INFO  server.RaftServerConfigKeys (ConfUtils.java:logGet(44)) - raft.server.log.segment.cache.num.max = 2 (custom)
2022-04-24 04:14:49,174 [pool-50-thread-1] INFO  server.RaftServerConfigKeys (ConfUtils.java:logGet(44)) - raft.server.log.segment.cache.size.max = 200MB (=209715200) (default)
2022-04-24 04:14:49,186 [pool-50-thread-1] INFO  segmented.SegmentedRaftLogWorker (SegmentedRaftLogWorker.java:<init>(182)) - new om1@group-C5BA1605619E-SegmentedRaftLogWorker for RaftStorageImpl:Storage Directory /home/runner/work/ozone/ozone/hadoop-ozone/integration-test/target/test-dir/MiniOzoneClusterImpl-a4f891ee-a8e1-4ed6-b509-207d494f3db6/ozone-meta/ratis/bf265839-605b-3f16-9796-c5ba1605619e
2022-04-24 04:14:49,187 [pool-50-thread-1] INFO  server.RaftServerConfigKeys (ConfUtils.java:logGet(44)) - raft.server.log.queue.byte-limit = 64MB (=67108864) (default)
2022-04-24 04:14:49,187 [pool-50-thread-1] INFO  server.RaftServerConfigKeys (ConfUtils.java:logGet(44)) - raft.server.log.queue.element-limit = 4096 (default)
2022-04-24 04:14:49,188 [pool-50-thread-1] INFO  server.RaftServerConfigKeys (ConfUtils.java:logGet(44)) - raft.server.log.segment.size.max = 4194304 (custom)
2022-04-24 04:14:49,189 [pool-50-thread-1] INFO  server.RaftServerConfigKeys (ConfUtils.java:logGet(44)) - raft.server.log.preallocated.size = 4194304 (custom)
2022-04-24 04:14:49,189 [pool-50-thread-1] INFO  server.RaftServerConfigKeys (ConfUtils.java:logGet(44)) - raft.server.log.force.sync.num = 128 (default)
2022-04-24 04:14:49,191 [pool-50-thread-1] INFO  server.RaftServerConfigKeys (ConfUtils.java:logGet(44)) - raft.server.log.statemachine.data.sync = true (default)
2022-04-24 04:14:49,191 [pool-50-thread-1] INFO  server.RaftServerConfigKeys (ConfUtils.java:logGet(44)) - raft.server.log.statemachine.data.sync.timeout = 10s (default)
2022-04-24 04:14:49,192 [pool-50-thread-1] INFO  server.RaftServerConfigKeys (ConfUtils.java:logGet(44)) - raft.server.log.statemachine.data.sync.timeout.retry = -1 (default)
2022-04-24 04:14:49,220 [pool-50-thread-1] INFO  server.RaftServerConfigKeys (ConfUtils.java:logGet(44)) - raft.server.log.write.buffer.size = 64KB (=65536) (default)
2022-04-24 04:14:49,221 [pool-50-thread-1] INFO  server.RaftServerConfigKeys (ConfUtils.java:logGet(44)) - raft.server.log.statemachine.data.caching.enabled = false (default)
2022-04-24 04:14:49,237 [pool-50-thread-1] INFO  segmented.SegmentedRaftLogWorker (SegmentedRaftLogWorker.java:lambda$new$0(133)) - om1@group-C5BA1605619E-SegmentedRaftLogWorker: flushIndex: setUnconditionally 0 -> -1
2022-04-24 04:14:49,237 [pool-50-thread-1] INFO  segmented.SegmentedRaftLogWorker (SegmentedRaftLogWorker.java:lambda$new$0(133)) - om1@group-C5BA1605619E-SegmentedRaftLogWorker: safeCacheEvictIndex: setUnconditionally 0 -> -1
2022-04-24 04:14:49,249 [pool-50-thread-1] INFO  server.RaftServerConfigKeys (ConfUtils.java:logGet(44)) - raft.server.snapshot.auto.trigger.enabled = true (custom)
2022-04-24 04:14:49,249 [pool-50-thread-1] INFO  server.RaftServerConfigKeys (ConfUtils.java:logGet(44)) - raft.server.snapshot.auto.trigger.threshold = 400000 (default)
2022-04-24 04:14:49,250 [pool-50-thread-1] INFO  server.RaftServerConfigKeys (ConfUtils.java:logGet(44)) - raft.server.snapshot.retention.file.num = -1 (default)
2022-04-24 04:14:49,250 [pool-50-thread-1] INFO  server.RaftServerConfigKeys (ConfUtils.java:logGet(44)) - raft.server.log.purge.upto.snapshot.index = true (custom)
2022-04-24 04:14:49,252 [pool-50-thread-1] INFO  server.RaftServerConfigKeys (ConfUtils.java:logGet(44)) - raft.server.retrycache.expirytime = 300s (custom)
2022-04-24 04:14:49,252 [pool-50-thread-1] INFO  server.RaftServerConfigKeys (ConfUtils.java:logGet(44)) - raft.server.retrycache.statistics.expirytime = 100μs (default)
2022-04-24 04:14:49,666 [Listener at 0.0.0.0/39293] INFO  reflections.Reflections (Reflections.java:scan(232)) - Reflections took 657 ms to scan 18 urls, producing 61 keys and 3647 values [using 2 cores]
2022-04-24 04:14:49,792 [Listener at 0.0.0.0/39293] INFO  ipc.CallQueueManager (CallQueueManager.java:<init>(90)) - Using callQueue: class java.util.concurrent.LinkedBlockingQueue, queueCapacity: 2000, scheduler: class org.apache.hadoop.ipc.DefaultRpcScheduler, ipcBackoff: false.
2022-04-24 04:14:49,793 [Socket Reader #1 for port 0] INFO  ipc.Server (Server.java:run(1265)) - Starting Socket Reader #1 for port 0
2022-04-24 04:14:49,831 [Listener at 127.0.0.1/38503] INFO  impl.MetricsSystemImpl (MetricsSystemImpl.java:init(158)) - OzoneManager metrics system started (again)
2022-04-24 04:14:49,844 [Listener at 127.0.0.1/38503] INFO  om.OzoneManager (OzoneManager.java:start(1367)) - OzoneManager RPC server is listening at localhost/127.0.0.1:38503
2022-04-24 04:14:49,845 [Listener at 127.0.0.1/38503] INFO  ratis.OzoneManagerRatisServer (OzoneManagerRatisServer.java:start(554)) - Starting OzoneManagerRatisServer om1 at port 9872
2022-04-24 04:14:49,847 [Listener at 127.0.0.1/38503] INFO  server.RaftServer$Division (RaftServerImpl.java:start(301)) - om1@group-C5BA1605619E: start as a follower, conf=-1: [om1|rpc:localhost:9872|priority:0], old=null
2022-04-24 04:14:49,851 [Listener at 127.0.0.1/38503] INFO  server.RaftServer$Division (RaftServerImpl.java:setRole(290)) - om1@group-C5BA1605619E: changes role from      null to FOLLOWER at term 0 for startAsFollower
2022-04-24 04:14:49,852 [Listener at 127.0.0.1/38503] INFO  impl.RoleInfo (RoleInfo.java:updateAndGet(130)) - om1: start om1@group-C5BA1605619E-FollowerState
2022-04-24 04:14:49,854 [Listener at 127.0.0.1/38503] INFO  util.JmxRegister (JmxRegister.java:tryRegister(44)) - Successfully registered JMX Bean with object name Ratis:service=RaftServer,group=group-C5BA1605619E,id=om1
2022-04-24 04:14:49,862 [Listener at 127.0.0.1/38503] INFO  server.RaftServer (RaftServerProxy.java:lambda$start$5(374)) - om1: start RPC server
2022-04-24 04:14:49,926 [Listener at 127.0.0.1/38503] INFO  server.GrpcService (GrpcService.java:startImpl(253)) - om1: GrpcService started, listening on 9872
2022-04-24 04:14:49,928 [Listener at 127.0.0.1/38503] INFO  om.OzoneManager (OzoneManager.java:start(1383)) - Version File has different layout version (1) than OM DB (null). That is expected if this OM has never been finalized to a newer layout version.
2022-04-24 04:14:49,930 [org.apache.ratis.util.JvmPauseMonitor$$Lambda$580/177642409@1b3b650c] INFO  util.JvmPauseMonitor (JvmPauseMonitor.java:run(103)) - JvmPauseMonitor-om1: Started
2022-04-24 04:14:49,935 [Listener at 127.0.0.1/38503] INFO  http.BaseHttpServer (BaseHttpServer.java:newHttpServer2BuilderForOzone(209)) - Starting Web-server for ozoneManager at: http://0.0.0.0:0
2022-04-24 04:14:49,936 [Listener at 127.0.0.1/38503] INFO  http.BaseHttpServer (BaseHttpServer.java:<init>(107)) - Hadoop Security Enabled: false Ozone Security Enabled: false Ozone HTTP Security Enabled: false 
2022-04-24 04:14:49,937 [Listener at 127.0.0.1/38503] INFO  server.AuthenticationFilter (AuthenticationFilter.java:constructSecretProvider(240)) - Unable to initialize FileSignerSecretProvider, falling back to use random secrets.
2022-04-24 04:14:49,938 [Listener at 127.0.0.1/38503] WARN  http.HttpRequestLog (HttpRequestLog.java:getRequestLog(103)) - Jetty request log can only be enabled using Log4j
2022-04-24 04:14:49,939 [Listener at 127.0.0.1/38503] INFO  http.HttpServer2 (HttpServer2.java:addGlobalFilter(1030)) - Added global filter 'safety' (class=org.apache.hadoop.hdds.server.http.HttpServer2$QuotingInputFilter)
2022-04-24 04:14:49,940 [Listener at 127.0.0.1/38503] INFO  http.HttpServer2 (HttpServer2.java:addFilter(1006)) - Added filter static_user_filter (class=org.apache.hadoop.http.lib.StaticUserWebFilter$StaticUserFilter) to context ozoneManager
2022-04-24 04:14:49,940 [Listener at 127.0.0.1/38503] INFO  http.HttpServer2 (HttpServer2.java:addFilter(1014)) - Added filter static_user_filter (class=org.apache.hadoop.http.lib.StaticUserWebFilter$StaticUserFilter) to context logs
2022-04-24 04:14:49,940 [Listener at 127.0.0.1/38503] INFO  http.HttpServer2 (HttpServer2.java:addFilter(1014)) - Added filter static_user_filter (class=org.apache.hadoop.http.lib.StaticUserWebFilter$StaticUserFilter) to context static
2022-04-24 04:14:49,942 [Listener at 127.0.0.1/38503] INFO  http.HttpServer2 (HttpServer2.java:bindListener(1249)) - Jetty bound to port 40151
2022-04-24 04:14:49,942 [Listener at 127.0.0.1/38503] INFO  server.Server (Server.java:doStart(375)) - jetty-9.4.43.v20210629; built: 2021-06-30T11:07:22.254Z; git: 526006ecfa3af7f1a27ef3a288e2bef7ea9dd7e8; jvm 1.8.0_322-b06
2022-04-24 04:14:49,945 [Listener at 127.0.0.1/38503] INFO  server.session (DefaultSessionIdManager.java:doStart(334)) - DefaultSessionIdManager workerName=node0
2022-04-24 04:14:49,945 [Listener at 127.0.0.1/38503] INFO  server.session (DefaultSessionIdManager.java:doStart(339)) - No SessionScavenger set, using defaults
2022-04-24 04:14:49,945 [Listener at 127.0.0.1/38503] INFO  server.session (HouseKeeper.java:startScavenging(132)) - node0 Scavenging every 600000ms
2022-04-24 04:14:49,952 [Listener at 127.0.0.1/38503] INFO  handler.ContextHandler (ContextHandler.java:doStart(915)) - Started o.e.j.s.ServletContextHandler@36bc3c49{logs,/logs,file:///home/runner/work/ozone/ozone/hadoop-ozone/integration-test/target/log,AVAILABLE}
2022-04-24 04:14:49,952 [Listener at 127.0.0.1/38503] INFO  handler.ContextHandler (ContextHandler.java:doStart(915)) - Started o.e.j.s.ServletContextHandler@36f3f2a8{static,/static,file:///home/runner/work/ozone/ozone/hadoop-ozone/integration-test/target/test-classes/webapps/static,AVAILABLE}
2022-04-24 04:14:49,956 [Listener at 127.0.0.1/38503] INFO  handler.ContextHandler (ContextHandler.java:doStart(915)) - Started o.e.j.w.WebAppContext@7a2b0101{ozoneManager,/,file:///home/runner/work/ozone/ozone/hadoop-ozone/integration-test/target/test-classes/webapps/ozoneManager/,AVAILABLE}{file:/home/runner/work/ozone/ozone/hadoop-ozone/integration-test/target/test-classes/webapps/ozoneManager}
2022-04-24 04:14:49,957 [Listener at 127.0.0.1/38503] INFO  server.AbstractConnector (AbstractConnector.java:doStart(331)) - Started ServerConnector@56eb8c30{HTTP/1.1, (http/1.1)}{0.0.0.0:40151}
2022-04-24 04:14:49,958 [Listener at 127.0.0.1/38503] INFO  server.Server (Server.java:doStart(415)) - Started @7009ms
2022-04-24 04:14:49,958 [Listener at 127.0.0.1/38503] WARN  impl.MetricsSystemImpl (MetricsSystemImpl.java:register(279)) - Sink prometheus already exists!
2022-04-24 04:14:49,958 [Listener at 127.0.0.1/38503] INFO  http.BaseHttpServer (BaseHttpServer.java:updateConnectorAddress(329)) - HTTP server of ozoneManager listening at http://0.0.0.0:40151
2022-04-24 04:14:49,959 [IPC Server Responder] INFO  ipc.Server (Server.java:run(1507)) - IPC Server Responder: starting
2022-04-24 04:14:49,959 [IPC Server listener on 0] INFO  ipc.Server (Server.java:run(1344)) - IPC Server listener on 0: starting
2022-04-24 04:14:50,011 [Listener at 127.0.0.1/38503] INFO  om.TrashPolicyOzone (TrashPolicyOzone.java:<init>(178)) - Ozone Manager trash configuration: Deletion interval = 0 minutes, Emptier interval = 0 minutes.
2022-04-24 04:14:50,029 [org.apache.hadoop.util.JvmPauseMonitor$Monitor@4effe36a] INFO  util.JvmPauseMonitor (JvmPauseMonitor.java:run(188)) - Starting JVM pause monitor
2022-04-24 04:14:50,348 [Listener at 127.0.0.1/38503] WARN  impl.MetricRegistriesImpl (MetricRegistriesImpl.java:addReporterRegistration(111)) - New reporters are added after registries were created. Some metrics will be missing from the reporter. Please add reporter before adding any new registry.
2022-04-24 04:14:50,348 [Listener at 127.0.0.1/38503] WARN  impl.MetricRegistriesImpl (MetricRegistriesImpl.java:addReporterRegistration(111)) - New reporters are added after registries were created. Some metrics will be missing from the reporter. Please add reporter before adding any new registry.
2022-04-24 04:14:50,348 [Listener at 127.0.0.1/38503] INFO  impl.MetricsSystemImpl (MetricsSystemImpl.java:init(158)) - HddsDatanode metrics system started (again)
2022-04-24 04:14:50,365 [Listener at 127.0.0.1/38503] INFO  ozone.HddsDatanodeService (HddsDatanodeService.java:start(233)) - HddsDatanodeService host:fv-az50-870.grzltbmokehuzjyc5b133kdqgh.cx.internal.cloudapp.net ip:10.1.0.15
2022-04-24 04:14:50,393 [Listener at 127.0.0.1/38503] INFO  upgrade.AbstractLayoutVersionManager (AbstractLayoutVersionManager.java:init(79)) - Initializing Layout version manager with metadata layout = ERASURE_CODED_STORAGE_SUPPORT (version = 3), software layout = ERASURE_CODED_STORAGE_SUPPORT (version = 3)
2022-04-24 04:14:50,432 [Listener at 127.0.0.1/38503] INFO  reflections.Reflections (Reflections.java:scan(232)) - Reflections took 38 ms to scan 7 urls, producing 126 keys and 287 values 
2022-04-24 04:14:50,436 [Listener at 127.0.0.1/38503] INFO  statemachine.DatanodeStateMachine (DatanodeStateMachine.java:getEndPointTaskThreadPoolSize(224)) - Datanode State Machine Task Thread Pool size 2
2022-04-24 04:14:50,489 [Listener at 127.0.0.1/38503] INFO  volume.HddsVolume (HddsVolume.java:<init>(120)) - Creating HddsVolume: /home/runner/work/ozone/ozone/hadoop-ozone/integration-test/target/test-dir/MiniOzoneClusterImpl-a4f891ee-a8e1-4ed6-b509-207d494f3db6/datanode-0/data-0/containers/hdds of storage type : DISK capacity : 9223372036854775807
2022-04-24 04:14:50,491 [Listener at 127.0.0.1/38503] INFO  volume.MutableVolumeSet (MutableVolumeSet.java:initializeVolumeSet(168)) - Added Volume : /home/runner/work/ozone/ozone/hadoop-ozone/integration-test/target/test-dir/MiniOzoneClusterImpl-a4f891ee-a8e1-4ed6-b509-207d494f3db6/datanode-0/data-0/containers/hdds to VolumeSet
2022-04-24 04:14:50,492 [Listener at 127.0.0.1/38503] INFO  volume.ThrottledAsyncChecker (ThrottledAsyncChecker.java:schedule(141)) - Scheduling a check for /home/runner/work/ozone/ozone/hadoop-ozone/integration-test/target/test-dir/MiniOzoneClusterImpl-a4f891ee-a8e1-4ed6-b509-207d494f3db6/datanode-0/data-0/containers/hdds
2022-04-24 04:14:50,511 [Listener at 127.0.0.1/38503] INFO  volume.StorageVolumeChecker (StorageVolumeChecker.java:checkAllVolumes(202)) - Scheduled health check for volume /home/runner/work/ozone/ozone/hadoop-ozone/integration-test/target/test-dir/MiniOzoneClusterImpl-a4f891ee-a8e1-4ed6-b509-207d494f3db6/datanode-0/data-0/containers/hdds
2022-04-24 04:14:50,529 [Listener at 127.0.0.1/38503] INFO  volume.MutableVolumeSet (MutableVolumeSet.java:initializeVolumeSet(168)) - Added Volume : /home/runner/work/ozone/ozone/hadoop-ozone/integration-test/target/test-dir/MiniOzoneClusterImpl-a4f891ee-a8e1-4ed6-b509-207d494f3db6/datanode-0/data/ratis to VolumeSet
2022-04-24 04:14:50,530 [Listener at 127.0.0.1/38503] INFO  volume.ThrottledAsyncChecker (ThrottledAsyncChecker.java:schedule(141)) - Scheduling a check for /home/runner/work/ozone/ozone/hadoop-ozone/integration-test/target/test-dir/MiniOzoneClusterImpl-a4f891ee-a8e1-4ed6-b509-207d494f3db6/datanode-0/data/ratis
2022-04-24 04:14:50,530 [Listener at 127.0.0.1/38503] INFO  volume.StorageVolumeChecker (StorageVolumeChecker.java:checkAllVolumes(202)) - Scheduled health check for volume /home/runner/work/ozone/ozone/hadoop-ozone/integration-test/target/test-dir/MiniOzoneClusterImpl-a4f891ee-a8e1-4ed6-b509-207d494f3db6/datanode-0/data/ratis
2022-04-24 04:14:50,558 [Thread-130] INFO  ozoneimpl.ContainerReader (ContainerReader.java:readVolume(172)) - Finish verifying containers on volume /home/runner/work/ozone/ozone/hadoop-ozone/integration-test/target/test-dir/MiniOzoneClusterImpl-a4f891ee-a8e1-4ed6-b509-207d494f3db6/datanode-0/data-0/containers/hdds
2022-04-24 04:14:50,558 [Listener at 127.0.0.1/38503] INFO  ozoneimpl.OzoneContainer (OzoneContainer.java:buildContainerSet(257)) - Build ContainerSet costs 0s
2022-04-24 04:14:50,607 [Listener at 127.0.0.1/38503] INFO  audit.AuditLogger (AuditLogger.java:refreshDebugCmdSet(120)) - Refresh DebugCmdSet for DNAudit to [].
2022-04-24 04:14:50,636 [Listener at 127.0.0.1/38503] INFO  server.RaftServer (ConfUtils.java:logGet(44)) - raft.rpc.type = GRPC (default)
2022-04-24 04:14:50,637 [Listener at 127.0.0.1/38503] INFO  grpc.GrpcFactory (GrpcFactory.java:checkPooledByteBufAllocatorUseCacheForAllThreads(48)) - PERFORMANCE WARNING: useCacheForAllThreads is true that may cause Netty to create a lot garbage objects and, as a result, trigger GC.
	It is recommended to disable useCacheForAllThreads by setting -Dorg.apache.ratis.thirdparty.io.netty.allocator.useCacheForAllThreads=false in command line.
2022-04-24 04:14:50,637 [Listener at 127.0.0.1/38503] INFO  grpc.GrpcConfigKeys (ConfUtils.java:logGet(44)) - raft.grpc.admin.port = 0 (custom)
2022-04-24 04:14:50,637 [Listener at 127.0.0.1/38503] INFO  grpc.GrpcConfigKeys (ConfUtils.java:logGet(44)) - raft.grpc.client.port = 0 (custom)
2022-04-24 04:14:50,637 [Listener at 127.0.0.1/38503] INFO  grpc.GrpcConfigKeys (ConfUtils.java:logGet(44)) - raft.grpc.server.port = 0 (default)
2022-04-24 04:14:50,637 [Listener at 127.0.0.1/38503] INFO  server.GrpcService (ConfUtils.java:logGet(44)) - raft.grpc.message.size.max = 32MB (=33554432) (custom)
2022-04-24 04:14:50,637 [Listener at 127.0.0.1/38503] INFO  server.RaftServerConfigKeys (ConfUtils.java:logGet(44)) - raft.server.log.appender.buffer.byte-limit = 33554432 (custom)
2022-04-24 04:14:50,638 [Listener at 127.0.0.1/38503] INFO  server.GrpcService (ConfUtils.java:logGet(44)) - raft.grpc.flow.control.window = 5MB (=5242880) (custom)
2022-04-24 04:14:50,638 [Listener at 127.0.0.1/38503] INFO  server.RaftServerConfigKeys (ConfUtils.java:logGet(44)) - raft.server.rpc.request.timeout = 60s (custom)
2022-04-24 04:14:50,639 [Listener at 127.0.0.1/38503] INFO  impl.DataStreamServerImpl (ConfUtils.java:logGet(44)) - raft.datastream.type = DISABLED (default)
2022-04-24 04:14:50,640 [Listener at 127.0.0.1/38503] INFO  server.RaftServerConfigKeys (ConfUtils.java:logGet(44)) - raft.server.rpc.slowness.timeout = 300s (custom)
2022-04-24 04:14:50,640 [Listener at 127.0.0.1/38503] INFO  server.RaftServerConfigKeys (ConfUtils.java:logGet(44)) - raft.server.leaderelection.leader.step-down.wait-time = 10s (default)
2022-04-24 04:14:50,640 [Listener at 127.0.0.1/38503] INFO  server.RaftServerConfigKeys (ConfUtils.java:logGet(44)) - raft.server.storage.dir = [/home/runner/work/ozone/ozone/hadoop-ozone/integration-test/target/test-dir/MiniOzoneClusterImpl-a4f891ee-a8e1-4ed6-b509-207d494f3db6/datanode-0/data/ratis] (custom)
2022-04-24 04:14:50,659 [Listener at 127.0.0.1/38503] INFO  server.XceiverServerGrpc (XceiverServerGrpc.java:<init>(132)) - GrpcServer channel type EpollServerSocketChannel
2022-04-24 04:14:50,704 [Listener at 127.0.0.1/38503] INFO  http.BaseHttpServer (BaseHttpServer.java:newHttpServer2BuilderForOzone(209)) - Starting Web-server for hddsDatanode at: http://0.0.0.0:0
2022-04-24 04:14:50,704 [Listener at 127.0.0.1/38503] INFO  http.BaseHttpServer (BaseHttpServer.java:<init>(107)) - Hadoop Security Enabled: false Ozone Security Enabled: false Ozone HTTP Security Enabled: false 
2022-04-24 04:14:50,706 [Listener at 127.0.0.1/38503] INFO  server.AuthenticationFilter (AuthenticationFilter.java:constructSecretProvider(240)) - Unable to initialize FileSignerSecretProvider, falling back to use random secrets.
2022-04-24 04:14:50,709 [Listener at 127.0.0.1/38503] WARN  http.HttpRequestLog (HttpRequestLog.java:getRequestLog(103)) - Jetty request log can only be enabled using Log4j
2022-04-24 04:14:50,711 [Listener at 127.0.0.1/38503] INFO  http.HttpServer2 (HttpServer2.java:addGlobalFilter(1030)) - Added global filter 'safety' (class=org.apache.hadoop.hdds.server.http.HttpServer2$QuotingInputFilter)
2022-04-24 04:14:50,712 [Listener at 127.0.0.1/38503] INFO  http.HttpServer2 (HttpServer2.java:addFilter(1006)) - Added filter static_user_filter (class=org.apache.hadoop.http.lib.StaticUserWebFilter$StaticUserFilter) to context hddsDatanode
2022-04-24 04:14:50,712 [Listener at 127.0.0.1/38503] INFO  http.HttpServer2 (HttpServer2.java:addFilter(1014)) - Added filter static_user_filter (class=org.apache.hadoop.http.lib.StaticUserWebFilter$StaticUserFilter) to context static
2022-04-24 04:14:50,712 [Listener at 127.0.0.1/38503] INFO  http.HttpServer2 (HttpServer2.java:addFilter(1014)) - Added filter static_user_filter (class=org.apache.hadoop.http.lib.StaticUserWebFilter$StaticUserFilter) to context logs
2022-04-24 04:14:50,713 [Listener at 127.0.0.1/38503] INFO  http.HttpServer2 (HttpServer2.java:bindListener(1249)) - Jetty bound to port 44463
2022-04-24 04:14:50,713 [Listener at 127.0.0.1/38503] INFO  server.Server (Server.java:doStart(375)) - jetty-9.4.43.v20210629; built: 2021-06-30T11:07:22.254Z; git: 526006ecfa3af7f1a27ef3a288e2bef7ea9dd7e8; jvm 1.8.0_322-b06
2022-04-24 04:14:50,719 [Listener at 127.0.0.1/38503] INFO  server.session (DefaultSessionIdManager.java:doStart(334)) - DefaultSessionIdManager workerName=node0
2022-04-24 04:14:50,719 [Listener at 127.0.0.1/38503] INFO  server.session (DefaultSessionIdManager.java:doStart(339)) - No SessionScavenger set, using defaults
2022-04-24 04:14:50,720 [Listener at 127.0.0.1/38503] INFO  server.session (HouseKeeper.java:startScavenging(132)) - node0 Scavenging every 600000ms
2022-04-24 04:14:50,720 [Listener at 127.0.0.1/38503] INFO  handler.ContextHandler (ContextHandler.java:doStart(915)) - Started o.e.j.s.ServletContextHandler@5bf54c2c{logs,/logs,file:///home/runner/work/ozone/ozone/hadoop-ozone/integration-test/target/log,AVAILABLE}
2022-04-24 04:14:50,721 [Listener at 127.0.0.1/38503] INFO  handler.ContextHandler (ContextHandler.java:doStart(915)) - Started o.e.j.s.ServletContextHandler@ee49f34{static,/static,jar:file:/home/runner/.m2/repository/org/apache/ozone/hdds-container-service/1.3.0-SNAPSHOT/hdds-container-service-1.3.0-SNAPSHOT.jar!/webapps/static,AVAILABLE}
2022-04-24 04:14:50,770 [Listener at 127.0.0.1/38503] INFO  handler.ContextHandler (ContextHandler.java:doStart(915)) - Started o.e.j.w.WebAppContext@7c7537f6{hddsDatanode,/,file:///tmp/jetty-0_0_0_0-44463-hdds-container-service-1_3_0-SNAPSHOT_jar-_-any-3420738782994741932/webapp/,AVAILABLE}{jar:file:/home/runner/.m2/repository/org/apache/ozone/hdds-container-service/1.3.0-SNAPSHOT/hdds-container-service-1.3.0-SNAPSHOT.jar!/webapps/hddsDatanode}
2022-04-24 04:14:50,771 [Listener at 127.0.0.1/38503] INFO  server.AbstractConnector (AbstractConnector.java:doStart(331)) - Started ServerConnector@41df3497{HTTP/1.1, (http/1.1)}{0.0.0.0:44463}
2022-04-24 04:14:50,772 [Listener at 127.0.0.1/38503] INFO  server.Server (Server.java:doStart(415)) - Started @7823ms
2022-04-24 04:14:50,772 [Listener at 127.0.0.1/38503] WARN  impl.MetricsSystemImpl (MetricsSystemImpl.java:register(279)) - Sink prometheus already exists!
2022-04-24 04:14:50,773 [Listener at 127.0.0.1/38503] INFO  http.BaseHttpServer (BaseHttpServer.java:updateConnectorAddress(329)) - HTTP server of hddsDatanode listening at http://0.0.0.0:44463
2022-04-24 04:14:50,774 [Listener at 127.0.0.1/38503] WARN  impl.MetricRegistriesImpl (MetricRegistriesImpl.java:addReporterRegistration(111)) - New reporters are added after registries were created. Some metrics will be missing from the reporter. Please add reporter before adding any new registry.
2022-04-24 04:14:50,774 [Listener at 127.0.0.1/38503] WARN  impl.MetricRegistriesImpl (MetricRegistriesImpl.java:addReporterRegistration(111)) - New reporters are added after registries were created. Some metrics will be missing from the reporter. Please add reporter before adding any new registry.
2022-04-24 04:14:50,775 [Listener at 127.0.0.1/38503] INFO  impl.MetricsSystemImpl (MetricsSystemImpl.java:init(158)) - HddsDatanode metrics system started (again)
2022-04-24 04:14:50,782 [Datanode State Machine Daemon Thread] INFO  statemachine.DatanodeStateMachine (DatanodeStateMachine.java:lambda$startDaemon$0(472)) - Ozone container server started.
2022-04-24 04:14:50,801 [org.apache.hadoop.util.JvmPauseMonitor$Monitor@46f99bb1] INFO  util.JvmPauseMonitor (JvmPauseMonitor.java:run(188)) - Starting JVM pause monitor
2022-04-24 04:14:50,809 [Listener at 127.0.0.1/38503] INFO  ozone.HddsDatanodeService (HddsDatanodeService.java:start(233)) - HddsDatanodeService host:fv-az50-870.grzltbmokehuzjyc5b133kdqgh.cx.internal.cloudapp.net ip:10.1.0.15
2022-04-24 04:14:50,846 [Listener at 127.0.0.1/38503] INFO  upgrade.AbstractLayoutVersionManager (AbstractLayoutVersionManager.java:init(79)) - Initializing Layout version manager with metadata layout = ERASURE_CODED_STORAGE_SUPPORT (version = 3), software layout = ERASURE_CODED_STORAGE_SUPPORT (version = 3)
2022-04-24 04:14:50,932 [Listener at 127.0.0.1/38503] INFO  reflections.Reflections (Reflections.java:scan(232)) - Reflections took 82 ms to scan 7 urls, producing 126 keys and 287 values 
2022-04-24 04:14:50,939 [Listener at 127.0.0.1/38503] INFO  statemachine.DatanodeStateMachine (DatanodeStateMachine.java:getEndPointTaskThreadPoolSize(224)) - Datanode State Machine Task Thread Pool size 2
2022-04-24 04:14:50,950 [Listener at 127.0.0.1/38503] INFO  volume.HddsVolume (HddsVolume.java:<init>(120)) - Creating HddsVolume: /home/runner/work/ozone/ozone/hadoop-ozone/integration-test/target/test-dir/MiniOzoneClusterImpl-a4f891ee-a8e1-4ed6-b509-207d494f3db6/datanode-1/data-0/containers/hdds of storage type : DISK capacity : 9223372036854775807
2022-04-24 04:14:50,951 [Listener at 127.0.0.1/38503] INFO  volume.MutableVolumeSet (MutableVolumeSet.java:initializeVolumeSet(168)) - Added Volume : /home/runner/work/ozone/ozone/hadoop-ozone/integration-test/target/test-dir/MiniOzoneClusterImpl-a4f891ee-a8e1-4ed6-b509-207d494f3db6/datanode-1/data-0/containers/hdds to VolumeSet
2022-04-24 04:14:50,951 [Listener at 127.0.0.1/38503] INFO  volume.ThrottledAsyncChecker (ThrottledAsyncChecker.java:schedule(141)) - Scheduling a check for /home/runner/work/ozone/ozone/hadoop-ozone/integration-test/target/test-dir/MiniOzoneClusterImpl-a4f891ee-a8e1-4ed6-b509-207d494f3db6/datanode-1/data-0/containers/hdds
2022-04-24 04:14:50,963 [Listener at 127.0.0.1/38503] INFO  volume.StorageVolumeChecker (StorageVolumeChecker.java:checkAllVolumes(202)) - Scheduled health check for volume /home/runner/work/ozone/ozone/hadoop-ozone/integration-test/target/test-dir/MiniOzoneClusterImpl-a4f891ee-a8e1-4ed6-b509-207d494f3db6/datanode-1/data-0/containers/hdds
2022-04-24 04:14:50,978 [Listener at 127.0.0.1/38503] INFO  volume.MutableVolumeSet (MutableVolumeSet.java:initializeVolumeSet(168)) - Added Volume : /home/runner/work/ozone/ozone/hadoop-ozone/integration-test/target/test-dir/MiniOzoneClusterImpl-a4f891ee-a8e1-4ed6-b509-207d494f3db6/datanode-1/data/ratis to VolumeSet
2022-04-24 04:14:50,979 [Listener at 127.0.0.1/38503] INFO  volume.ThrottledAsyncChecker (ThrottledAsyncChecker.java:schedule(141)) - Scheduling a check for /home/runner/work/ozone/ozone/hadoop-ozone/integration-test/target/test-dir/MiniOzoneClusterImpl-a4f891ee-a8e1-4ed6-b509-207d494f3db6/datanode-1/data/ratis
2022-04-24 04:14:50,979 [Listener at 127.0.0.1/38503] INFO  volume.StorageVolumeChecker (StorageVolumeChecker.java:checkAllVolumes(202)) - Scheduled health check for volume /home/runner/work/ozone/ozone/hadoop-ozone/integration-test/target/test-dir/MiniOzoneClusterImpl-a4f891ee-a8e1-4ed6-b509-207d494f3db6/datanode-1/data/ratis
2022-04-24 04:14:50,990 [Thread-142] INFO  ozoneimpl.ContainerReader (ContainerReader.java:readVolume(172)) - Finish verifying containers on volume /home/runner/work/ozone/ozone/hadoop-ozone/integration-test/target/test-dir/MiniOzoneClusterImpl-a4f891ee-a8e1-4ed6-b509-207d494f3db6/datanode-1/data-0/containers/hdds
2022-04-24 04:14:50,991 [Listener at 127.0.0.1/38503] INFO  ozoneimpl.OzoneContainer (OzoneContainer.java:buildContainerSet(257)) - Build ContainerSet costs 0s
2022-04-24 04:14:50,995 [Listener at 127.0.0.1/38503] INFO  server.RaftServer (ConfUtils.java:logGet(44)) - raft.rpc.type = GRPC (default)
2022-04-24 04:14:50,995 [Listener at 127.0.0.1/38503] INFO  grpc.GrpcFactory (GrpcFactory.java:checkPooledByteBufAllocatorUseCacheForAllThreads(48)) - PERFORMANCE WARNING: useCacheForAllThreads is true that may cause Netty to create a lot garbage objects and, as a result, trigger GC.
	It is recommended to disable useCacheForAllThreads by setting -Dorg.apache.ratis.thirdparty.io.netty.allocator.useCacheForAllThreads=false in command line.
2022-04-24 04:14:50,995 [Listener at 127.0.0.1/38503] INFO  grpc.GrpcConfigKeys (ConfUtils.java:logGet(44)) - raft.grpc.admin.port = 0 (custom)
2022-04-24 04:14:50,995 [Listener at 127.0.0.1/38503] INFO  grpc.GrpcConfigKeys (ConfUtils.java:logGet(44)) - raft.grpc.client.port = 0 (custom)
2022-04-24 04:14:50,995 [Listener at 127.0.0.1/38503] INFO  grpc.GrpcConfigKeys (ConfUtils.java:logGet(44)) - raft.grpc.server.port = 0 (default)
2022-04-24 04:14:50,995 [Listener at 127.0.0.1/38503] INFO  server.GrpcService (ConfUtils.java:logGet(44)) - raft.grpc.message.size.max = 32MB (=33554432) (custom)
2022-04-24 04:14:50,996 [Listener at 127.0.0.1/38503] INFO  server.RaftServerConfigKeys (ConfUtils.java:logGet(44)) - raft.server.log.appender.buffer.byte-limit = 33554432 (custom)
2022-04-24 04:14:50,996 [Listener at 127.0.0.1/38503] INFO  server.GrpcService (ConfUtils.java:logGet(44)) - raft.grpc.flow.control.window = 5MB (=5242880) (custom)
2022-04-24 04:14:50,996 [Listener at 127.0.0.1/38503] INFO  server.RaftServerConfigKeys (ConfUtils.java:logGet(44)) - raft.server.rpc.request.timeout = 60s (custom)
2022-04-24 04:14:50,997 [Listener at 127.0.0.1/38503] INFO  impl.DataStreamServerImpl (ConfUtils.java:logGet(44)) - raft.datastream.type = DISABLED (default)
2022-04-24 04:14:50,998 [Listener at 127.0.0.1/38503] INFO  server.RaftServerConfigKeys (ConfUtils.java:logGet(44)) - raft.server.rpc.slowness.timeout = 300s (custom)
2022-04-24 04:14:50,998 [Listener at 127.0.0.1/38503] INFO  server.RaftServerConfigKeys (ConfUtils.java:logGet(44)) - raft.server.leaderelection.leader.step-down.wait-time = 10s (default)
2022-04-24 04:14:50,998 [Listener at 127.0.0.1/38503] INFO  server.RaftServerConfigKeys (ConfUtils.java:logGet(44)) - raft.server.storage.dir = [/home/runner/work/ozone/ozone/hadoop-ozone/integration-test/target/test-dir/MiniOzoneClusterImpl-a4f891ee-a8e1-4ed6-b509-207d494f3db6/datanode-1/data/ratis] (custom)
2022-04-24 04:14:51,000 [Listener at 127.0.0.1/38503] INFO  server.XceiverServerGrpc (XceiverServerGrpc.java:<init>(132)) - GrpcServer channel type EpollServerSocketChannel
2022-04-24 04:14:51,004 [Listener at 127.0.0.1/38503] INFO  http.BaseHttpServer (BaseHttpServer.java:newHttpServer2BuilderForOzone(209)) - Starting Web-server for hddsDatanode at: http://0.0.0.0:0
2022-04-24 04:14:51,004 [Listener at 127.0.0.1/38503] INFO  http.BaseHttpServer (BaseHttpServer.java:<init>(107)) - Hadoop Security Enabled: false Ozone Security Enabled: false Ozone HTTP Security Enabled: false 
2022-04-24 04:14:51,005 [Listener at 127.0.0.1/38503] INFO  server.AuthenticationFilter (AuthenticationFilter.java:constructSecretProvider(240)) - Unable to initialize FileSignerSecretProvider, falling back to use random secrets.
2022-04-24 04:14:51,006 [Listener at 127.0.0.1/38503] WARN  http.HttpRequestLog (HttpRequestLog.java:getRequestLog(103)) - Jetty request log can only be enabled using Log4j
2022-04-24 04:14:51,007 [Listener at 127.0.0.1/38503] INFO  http.HttpServer2 (HttpServer2.java:addGlobalFilter(1030)) - Added global filter 'safety' (class=org.apache.hadoop.hdds.server.http.HttpServer2$QuotingInputFilter)
2022-04-24 04:14:51,008 [Listener at 127.0.0.1/38503] INFO  http.HttpServer2 (HttpServer2.java:addFilter(1006)) - Added filter static_user_filter (class=org.apache.hadoop.http.lib.StaticUserWebFilter$StaticUserFilter) to context hddsDatanode
2022-04-24 04:14:51,008 [Listener at 127.0.0.1/38503] INFO  http.HttpServer2 (HttpServer2.java:addFilter(1014)) - Added filter static_user_filter (class=org.apache.hadoop.http.lib.StaticUserWebFilter$StaticUserFilter) to context static
2022-04-24 04:14:51,008 [Listener at 127.0.0.1/38503] INFO  http.HttpServer2 (HttpServer2.java:addFilter(1014)) - Added filter static_user_filter (class=org.apache.hadoop.http.lib.StaticUserWebFilter$StaticUserFilter) to context logs
2022-04-24 04:14:51,008 [Listener at 127.0.0.1/38503] INFO  http.HttpServer2 (HttpServer2.java:bindListener(1249)) - Jetty bound to port 38215
2022-04-24 04:14:51,009 [Listener at 127.0.0.1/38503] INFO  server.Server (Server.java:doStart(375)) - jetty-9.4.43.v20210629; built: 2021-06-30T11:07:22.254Z; git: 526006ecfa3af7f1a27ef3a288e2bef7ea9dd7e8; jvm 1.8.0_322-b06
2022-04-24 04:14:51,021 [Datanode State Machine Task Thread - 0] INFO  datanode.InitDatanodeState (InitDatanodeState.java:persistContainerDatanodeDetails(138)) - DatanodeDetails is persisted to /home/runner/work/ozone/ozone/hadoop-ozone/integration-test/target/test-dir/MiniOzoneClusterImpl-a4f891ee-a8e1-4ed6-b509-207d494f3db6/datanode-0/meta/datanode.id
2022-04-24 04:14:51,023 [Listener at 127.0.0.1/38503] INFO  server.session (DefaultSessionIdManager.java:doStart(334)) - DefaultSessionIdManager workerName=node0
2022-04-24 04:14:51,023 [Listener at 127.0.0.1/38503] INFO  server.session (DefaultSessionIdManager.java:doStart(339)) - No SessionScavenger set, using defaults
2022-04-24 04:14:51,023 [Listener at 127.0.0.1/38503] INFO  server.session (HouseKeeper.java:startScavenging(132)) - node0 Scavenging every 600000ms
2022-04-24 04:14:51,024 [Listener at 127.0.0.1/38503] INFO  handler.ContextHandler (ContextHandler.java:doStart(915)) - Started o.e.j.s.ServletContextHandler@3cde655c{logs,/logs,file:///home/runner/work/ozone/ozone/hadoop-ozone/integration-test/target/log,AVAILABLE}
2022-04-24 04:14:51,025 [Listener at 127.0.0.1/38503] INFO  handler.ContextHandler (ContextHandler.java:doStart(915)) - Started o.e.j.s.ServletContextHandler@70d5b235{static,/static,jar:file:/home/runner/.m2/repository/org/apache/ozone/hdds-container-service/1.3.0-SNAPSHOT/hdds-container-service-1.3.0-SNAPSHOT.jar!/webapps/static,AVAILABLE}
2022-04-24 04:14:51,043 [om1@group-C5BA1605619E-FollowerState] INFO  impl.FollowerState (FollowerState.java:run(134)) - om1@group-C5BA1605619E-FollowerState: change to CANDIDATE, lastRpcElapsedTime:1191168504ns, electionTimeout:1180ms
2022-04-24 04:14:51,045 [om1@group-C5BA1605619E-FollowerState] INFO  impl.RoleInfo (RoleInfo.java:shutdownFollowerState(108)) - om1: shutdown om1@group-C5BA1605619E-FollowerState
2022-04-24 04:14:51,045 [om1@group-C5BA1605619E-FollowerState] INFO  server.RaftServer$Division (RaftServerImpl.java:setRole(290)) - om1@group-C5BA1605619E: changes role from  FOLLOWER to CANDIDATE at term 0 for changeToCandidate
2022-04-24 04:14:51,048 [om1@group-C5BA1605619E-FollowerState] INFO  server.RaftServerConfigKeys (ConfUtils.java:logGet(44)) - raft.server.leaderelection.pre-vote = false (custom)
2022-04-24 04:14:51,049 [om1@group-C5BA1605619E-FollowerState] INFO  impl.RoleInfo (RoleInfo.java:updateAndGet(130)) - om1: start om1@group-C5BA1605619E-LeaderElection1
2022-04-24 04:14:51,066 [om1@group-C5BA1605619E-LeaderElection1] INFO  impl.LeaderElection (LeaderElection.java:askForVotes(306)) - om1@group-C5BA1605619E-LeaderElection1 ELECTION round 0: submit vote requests at term 1 for -1: [om1|rpc:localhost:9872|priority:0], old=null
2022-04-24 04:14:51,069 [om1@group-C5BA1605619E-LeaderElection1] INFO  impl.LeaderElection (LeaderElection.java:askForVotes(308)) - om1@group-C5BA1605619E-LeaderElection1 ELECTION round 0: result PASSED (term=1)
2022-04-24 04:14:51,070 [om1@group-C5BA1605619E-LeaderElection1] INFO  impl.RoleInfo (RoleInfo.java:shutdownLeaderElection(121)) - om1: shutdown om1@group-C5BA1605619E-LeaderElection1
2022-04-24 04:14:51,071 [om1@group-C5BA1605619E-LeaderElection1] INFO  server.RaftServer$Division (RaftServerImpl.java:setRole(290)) - om1@group-C5BA1605619E: changes role from CANDIDATE to LEADER at term 1 for changeToLeader
2022-04-24 04:14:51,072 [om1@group-C5BA1605619E-LeaderElection1] INFO  server.RaftServer$Division (ServerState.java:setLeader(285)) - om1@group-C5BA1605619E: change Leader from null to om1 at term 1 for becomeLeader, leader elected after 2012ms
2022-04-24 04:14:51,082 [om1@group-C5BA1605619E-LeaderElection1] INFO  server.RaftServerConfigKeys (ConfUtils.java:logGet(44)) - raft.server.staging.catchup.gap = 1000 (default)
2022-04-24 04:14:51,092 [om1@group-C5BA1605619E-LeaderElection1] INFO  server.RaftServerConfigKeys (ConfUtils.java:logGet(44)) - raft.server.write.element-limit = 4096 (default)
2022-04-24 04:14:51,092 [om1@group-C5BA1605619E-LeaderElection1] INFO  server.RaftServerConfigKeys (ConfUtils.java:logGet(44)) - raft.server.write.byte-limit = 64MB (=67108864) (default)
2022-04-24 04:14:51,099 [Listener at 127.0.0.1/38503] INFO  handler.ContextHandler (ContextHandler.java:doStart(915)) - Started o.e.j.w.WebAppContext@1e7c3465{hddsDatanode,/,file:///tmp/jetty-0_0_0_0-38215-hdds-container-service-1_3_0-SNAPSHOT_jar-_-any-8994561302114990144/webapp/,AVAILABLE}{jar:file:/home/runner/.m2/repository/org/apache/ozone/hdds-container-service/1.3.0-SNAPSHOT/hdds-container-service-1.3.0-SNAPSHOT.jar!/webapps/hddsDatanode}
2022-04-24 04:14:51,102 [Listener at 127.0.0.1/38503] INFO  server.AbstractConnector (AbstractConnector.java:doStart(331)) - Started ServerConnector@4190f278{HTTP/1.1, (http/1.1)}{0.0.0.0:38215}
2022-04-24 04:14:51,103 [Listener at 127.0.0.1/38503] INFO  server.Server (Server.java:doStart(415)) - Started @8154ms
2022-04-24 04:14:51,103 [Listener at 127.0.0.1/38503] WARN  impl.MetricsSystemImpl (MetricsSystemImpl.java:register(279)) - Sink prometheus already exists!
2022-04-24 04:14:51,107 [om1@group-C5BA1605619E-LeaderElection1] INFO  server.RaftServerConfigKeys (ConfUtils.java:logGet(44)) - raft.server.watch.timeout = 10s (default)
2022-04-24 04:14:51,107 [om1@group-C5BA1605619E-LeaderElection1] INFO  server.RaftServerConfigKeys (ConfUtils.java:logGet(44)) - raft.server.watch.timeout.denomination = 1s (default)
2022-04-24 04:14:51,108 [om1@group-C5BA1605619E-LeaderElection1] INFO  server.RaftServerConfigKeys (ConfUtils.java:logGet(44)) - raft.server.watch.element-limit = 65536 (default)
2022-04-24 04:14:51,112 [om1@group-C5BA1605619E-LeaderElection1] INFO  server.RaftServerConfigKeys (ConfUtils.java:logGet(44)) - raft.server.write.element-limit = 4096 (default)
2022-04-24 04:14:51,114 [Listener at 127.0.0.1/38503] INFO  http.BaseHttpServer (BaseHttpServer.java:updateConnectorAddress(329)) - HTTP server of hddsDatanode listening at http://0.0.0.0:38215
2022-04-24 04:14:51,114 [Listener at 127.0.0.1/38503] WARN  impl.MetricRegistriesImpl (MetricRegistriesImpl.java:addReporterRegistration(111)) - New reporters are added after registries were created. Some metrics will be missing from the reporter. Please add reporter before adding any new registry.
2022-04-24 04:14:51,115 [Listener at 127.0.0.1/38503] WARN  impl.MetricRegistriesImpl (MetricRegistriesImpl.java:addReporterRegistration(111)) - New reporters are added after registries were created. Some metrics will be missing from the reporter. Please add reporter before adding any new registry.
2022-04-24 04:14:51,115 [Listener at 127.0.0.1/38503] INFO  impl.MetricsSystemImpl (MetricsSystemImpl.java:init(158)) - HddsDatanode metrics system started (again)
2022-04-24 04:14:51,121 [Datanode State Machine Daemon Thread] INFO  statemachine.DatanodeStateMachine (DatanodeStateMachine.java:lambda$startDaemon$0(472)) - Ozone container server started.
2022-04-24 04:14:51,128 [org.apache.hadoop.util.JvmPauseMonitor$Monitor@22ab7179] INFO  util.JvmPauseMonitor (JvmPauseMonitor.java:run(188)) - Starting JVM pause monitor
2022-04-24 04:14:51,134 [om1@group-C5BA1605619E-LeaderElection1] INFO  server.RaftServerConfigKeys (ConfUtils.java:logGet(44)) - raft.server.write.follower.gap.ratio.max = -1.0 (default)
2022-04-24 04:14:51,138 [Listener at 127.0.0.1/38503] INFO  ozone.HddsDatanodeService (HddsDatanodeService.java:start(233)) - HddsDatanodeService host:fv-az50-870.grzltbmokehuzjyc5b133kdqgh.cx.internal.cloudapp.net ip:10.1.0.15
2022-04-24 04:14:51,146 [Datanode State Machine Task Thread - 0] INFO  datanode.InitDatanodeState (InitDatanodeState.java:persistContainerDatanodeDetails(138)) - DatanodeDetails is persisted to /home/runner/work/ozone/ozone/hadoop-ozone/integration-test/target/test-dir/MiniOzoneClusterImpl-a4f891ee-a8e1-4ed6-b509-207d494f3db6/datanode-1/meta/datanode.id
2022-04-24 04:14:51,145 [om1@group-C5BA1605619E-LeaderElection1] INFO  impl.RoleInfo (RoleInfo.java:updateAndGet(130)) - om1: start om1@group-C5BA1605619E-LeaderStateImpl
2022-04-24 04:14:51,180 [om1@group-C5BA1605619E-LeaderElection1] INFO  segmented.SegmentedRaftLogWorker (SegmentedRaftLogWorker.java:startLogSegment(394)) - om1@group-C5BA1605619E-SegmentedRaftLogWorker: Starting segment from index:0
2022-04-24 04:14:51,187 [Listener at 127.0.0.1/38503] INFO  upgrade.AbstractLayoutVersionManager (AbstractLayoutVersionManager.java:init(79)) - Initializing Layout version manager with metadata layout = ERASURE_CODED_STORAGE_SUPPORT (version = 3), software layout = ERASURE_CODED_STORAGE_SUPPORT (version = 3)
2022-04-24 04:14:51,257 [om1@group-C5BA1605619E-LeaderElection1] INFO  server.RaftServer$Division (ServerState.java:setRaftConf(387)) - om1@group-C5BA1605619E: set configuration 0: [om1|rpc:localhost:9872|admin:|client:|dataStream:|priority:0], old=null
2022-04-24 04:14:51,275 [Listener at 127.0.0.1/38503] INFO  reflections.Reflections (Reflections.java:scan(232)) - Reflections took 86 ms to scan 7 urls, producing 126 keys and 287 values 
2022-04-24 04:14:51,277 [Listener at 127.0.0.1/38503] INFO  statemachine.DatanodeStateMachine (DatanodeStateMachine.java:getEndPointTaskThreadPoolSize(224)) - Datanode State Machine Task Thread Pool size 2
2022-04-24 04:14:51,288 [Listener at 127.0.0.1/38503] INFO  volume.HddsVolume (HddsVolume.java:<init>(120)) - Creating HddsVolume: /home/runner/work/ozone/ozone/hadoop-ozone/integration-test/target/test-dir/MiniOzoneClusterImpl-a4f891ee-a8e1-4ed6-b509-207d494f3db6/datanode-2/data-0/containers/hdds of storage type : DISK capacity : 9223372036854775807
2022-04-24 04:14:51,289 [Listener at 127.0.0.1/38503] INFO  volume.MutableVolumeSet (MutableVolumeSet.java:initializeVolumeSet(168)) - Added Volume : /home/runner/work/ozone/ozone/hadoop-ozone/integration-test/target/test-dir/MiniOzoneClusterImpl-a4f891ee-a8e1-4ed6-b509-207d494f3db6/datanode-2/data-0/containers/hdds to VolumeSet
2022-04-24 04:14:51,289 [Listener at 127.0.0.1/38503] INFO  volume.ThrottledAsyncChecker (ThrottledAsyncChecker.java:schedule(141)) - Scheduling a check for /home/runner/work/ozone/ozone/hadoop-ozone/integration-test/target/test-dir/MiniOzoneClusterImpl-a4f891ee-a8e1-4ed6-b509-207d494f3db6/datanode-2/data-0/containers/hdds
2022-04-24 04:14:51,302 [Listener at 127.0.0.1/38503] INFO  volume.StorageVolumeChecker (StorageVolumeChecker.java:checkAllVolumes(202)) - Scheduled health check for volume /home/runner/work/ozone/ozone/hadoop-ozone/integration-test/target/test-dir/MiniOzoneClusterImpl-a4f891ee-a8e1-4ed6-b509-207d494f3db6/datanode-2/data-0/containers/hdds
2022-04-24 04:14:51,316 [om1@group-C5BA1605619E-SegmentedRaftLogWorker] INFO  segmented.SegmentedRaftLogWorker (SegmentedRaftLogWorker.java:execute(601)) - om1@group-C5BA1605619E-SegmentedRaftLogWorker: created new log segment /home/runner/work/ozone/ozone/hadoop-ozone/integration-test/target/test-dir/MiniOzoneClusterImpl-a4f891ee-a8e1-4ed6-b509-207d494f3db6/ozone-meta/ratis/bf265839-605b-3f16-9796-c5ba1605619e/current/log_inprogress_0
2022-04-24 04:14:51,329 [Listener at 127.0.0.1/38503] INFO  volume.MutableVolumeSet (MutableVolumeSet.java:initializeVolumeSet(168)) - Added Volume : /home/runner/work/ozone/ozone/hadoop-ozone/integration-test/target/test-dir/MiniOzoneClusterImpl-a4f891ee-a8e1-4ed6-b509-207d494f3db6/datanode-2/data/ratis to VolumeSet
2022-04-24 04:14:51,330 [Listener at 127.0.0.1/38503] INFO  volume.ThrottledAsyncChecker (ThrottledAsyncChecker.java:schedule(141)) - Scheduling a check for /home/runner/work/ozone/ozone/hadoop-ozone/integration-test/target/test-dir/MiniOzoneClusterImpl-a4f891ee-a8e1-4ed6-b509-207d494f3db6/datanode-2/data/ratis
2022-04-24 04:14:51,330 [Listener at 127.0.0.1/38503] INFO  volume.StorageVolumeChecker (StorageVolumeChecker.java:checkAllVolumes(202)) - Scheduled health check for volume /home/runner/work/ozone/ozone/hadoop-ozone/integration-test/target/test-dir/MiniOzoneClusterImpl-a4f891ee-a8e1-4ed6-b509-207d494f3db6/datanode-2/data/ratis
2022-04-24 04:14:51,355 [Thread-156] INFO  ozoneimpl.ContainerReader (ContainerReader.java:readVolume(172)) - Finish verifying containers on volume /home/runner/work/ozone/ozone/hadoop-ozone/integration-test/target/test-dir/MiniOzoneClusterImpl-a4f891ee-a8e1-4ed6-b509-207d494f3db6/datanode-2/data-0/containers/hdds
2022-04-24 04:14:51,355 [Listener at 127.0.0.1/38503] INFO  ozoneimpl.OzoneContainer (OzoneContainer.java:buildContainerSet(257)) - Build ContainerSet costs 0s
2022-04-24 04:14:51,358 [Listener at 127.0.0.1/38503] INFO  server.RaftServer (ConfUtils.java:logGet(44)) - raft.rpc.type = GRPC (default)
2022-04-24 04:14:51,359 [Listener at 127.0.0.1/38503] INFO  grpc.GrpcFactory (GrpcFactory.java:checkPooledByteBufAllocatorUseCacheForAllThreads(48)) - PERFORMANCE WARNING: useCacheForAllThreads is true that may cause Netty to create a lot garbage objects and, as a result, trigger GC.
	It is recommended to disable useCacheForAllThreads by setting -Dorg.apache.ratis.thirdparty.io.netty.allocator.useCacheForAllThreads=false in command line.
2022-04-24 04:14:51,359 [Listener at 127.0.0.1/38503] INFO  grpc.GrpcConfigKeys (ConfUtils.java:logGet(44)) - raft.grpc.admin.port = 0 (custom)
2022-04-24 04:14:51,359 [Listener at 127.0.0.1/38503] INFO  grpc.GrpcConfigKeys (ConfUtils.java:logGet(44)) - raft.grpc.client.port = 0 (custom)
2022-04-24 04:14:51,359 [Listener at 127.0.0.1/38503] INFO  grpc.GrpcConfigKeys (ConfUtils.java:logGet(44)) - raft.grpc.server.port = 0 (default)
2022-04-24 04:14:51,359 [Listener at 127.0.0.1/38503] INFO  server.GrpcService (ConfUtils.java:logGet(44)) - raft.grpc.message.size.max = 32MB (=33554432) (custom)
2022-04-24 04:14:51,359 [Listener at 127.0.0.1/38503] INFO  server.RaftServerConfigKeys (ConfUtils.java:logGet(44)) - raft.server.log.appender.buffer.byte-limit = 33554432 (custom)
2022-04-24 04:14:51,360 [Listener at 127.0.0.1/38503] INFO  server.GrpcService (ConfUtils.java:logGet(44)) - raft.grpc.flow.control.window = 5MB (=5242880) (custom)
2022-04-24 04:14:51,360 [Listener at 127.0.0.1/38503] INFO  server.RaftServerConfigKeys (ConfUtils.java:logGet(44)) - raft.server.rpc.request.timeout = 60s (custom)
2022-04-24 04:14:51,361 [Listener at 127.0.0.1/38503] INFO  impl.DataStreamServerImpl (ConfUtils.java:logGet(44)) - raft.datastream.type = DISABLED (default)
2022-04-24 04:14:51,361 [Listener at 127.0.0.1/38503] INFO  server.RaftServerConfigKeys (ConfUtils.java:logGet(44)) - raft.server.rpc.slowness.timeout = 300s (custom)
2022-04-24 04:14:51,365 [Listener at 127.0.0.1/38503] INFO  server.RaftServerConfigKeys (ConfUtils.java:logGet(44)) - raft.server.leaderelection.leader.step-down.wait-time = 10s (default)
2022-04-24 04:14:51,366 [Listener at 127.0.0.1/38503] INFO  server.RaftServerConfigKeys (ConfUtils.java:logGet(44)) - raft.server.storage.dir = [/home/runner/work/ozone/ozone/hadoop-ozone/integration-test/target/test-dir/MiniOzoneClusterImpl-a4f891ee-a8e1-4ed6-b509-207d494f3db6/datanode-2/data/ratis] (custom)
2022-04-24 04:14:51,367 [Listener at 127.0.0.1/38503] INFO  server.XceiverServerGrpc (XceiverServerGrpc.java:<init>(132)) - GrpcServer channel type EpollServerSocketChannel
2022-04-24 04:14:51,370 [Listener at 127.0.0.1/38503] INFO  http.BaseHttpServer (BaseHttpServer.java:newHttpServer2BuilderForOzone(209)) - Starting Web-server for hddsDatanode at: http://0.0.0.0:0
2022-04-24 04:14:51,370 [Listener at 127.0.0.1/38503] INFO  http.BaseHttpServer (BaseHttpServer.java:<init>(107)) - Hadoop Security Enabled: false Ozone Security Enabled: false Ozone HTTP Security Enabled: false 
2022-04-24 04:14:51,372 [Listener at 127.0.0.1/38503] INFO  server.AuthenticationFilter (AuthenticationFilter.java:constructSecretProvider(240)) - Unable to initialize FileSignerSecretProvider, falling back to use random secrets.
2022-04-24 04:14:51,377 [Listener at 127.0.0.1/38503] WARN  http.HttpRequestLog (HttpRequestLog.java:getRequestLog(103)) - Jetty request log can only be enabled using Log4j
2022-04-24 04:14:51,378 [Listener at 127.0.0.1/38503] INFO  http.HttpServer2 (HttpServer2.java:addGlobalFilter(1030)) - Added global filter 'safety' (class=org.apache.hadoop.hdds.server.http.HttpServer2$QuotingInputFilter)
2022-04-24 04:14:51,379 [Listener at 127.0.0.1/38503] INFO  http.HttpServer2 (HttpServer2.java:addFilter(1006)) - Added filter static_user_filter (class=org.apache.hadoop.http.lib.StaticUserWebFilter$StaticUserFilter) to context hddsDatanode
2022-04-24 04:14:51,379 [Listener at 127.0.0.1/38503] INFO  http.HttpServer2 (HttpServer2.java:addFilter(1014)) - Added filter static_user_filter (class=org.apache.hadoop.http.lib.StaticUserWebFilter$StaticUserFilter) to context logs
2022-04-24 04:14:51,379 [Listener at 127.0.0.1/38503] INFO  http.HttpServer2 (HttpServer2.java:addFilter(1014)) - Added filter static_user_filter (class=org.apache.hadoop.http.lib.StaticUserWebFilter$StaticUserFilter) to context static
2022-04-24 04:14:51,380 [Listener at 127.0.0.1/38503] INFO  http.HttpServer2 (HttpServer2.java:bindListener(1249)) - Jetty bound to port 45055
2022-04-24 04:14:51,380 [Listener at 127.0.0.1/38503] INFO  server.Server (Server.java:doStart(375)) - jetty-9.4.43.v20210629; built: 2021-06-30T11:07:22.254Z; git: 526006ecfa3af7f1a27ef3a288e2bef7ea9dd7e8; jvm 1.8.0_322-b06
2022-04-24 04:14:51,394 [Listener at 127.0.0.1/38503] INFO  server.session (DefaultSessionIdManager.java:doStart(334)) - DefaultSessionIdManager workerName=node0
2022-04-24 04:14:51,394 [Listener at 127.0.0.1/38503] INFO  server.session (DefaultSessionIdManager.java:doStart(339)) - No SessionScavenger set, using defaults
2022-04-24 04:14:51,394 [Listener at 127.0.0.1/38503] INFO  server.session (HouseKeeper.java:startScavenging(132)) - node0 Scavenging every 660000ms
2022-04-24 04:14:51,398 [Listener at 127.0.0.1/38503] INFO  handler.ContextHandler (ContextHandler.java:doStart(915)) - Started o.e.j.s.ServletContextHandler@588b9a5f{logs,/logs,file:///home/runner/work/ozone/ozone/hadoop-ozone/integration-test/target/log,AVAILABLE}
2022-04-24 04:14:51,399 [Listener at 127.0.0.1/38503] INFO  handler.ContextHandler (ContextHandler.java:doStart(915)) - Started o.e.j.s.ServletContextHandler@29dbf03f{static,/static,jar:file:/home/runner/.m2/repository/org/apache/ozone/hdds-container-service/1.3.0-SNAPSHOT/hdds-container-service-1.3.0-SNAPSHOT.jar!/webapps/static,AVAILABLE}
2022-04-24 04:14:51,442 [om1@group-C5BA1605619E-StateMachineUpdater] INFO  ratis.OzoneManagerStateMachine (OzoneManagerStateMachine.java:notifyConfigurationChanged(189)) - Received Configuration change notification from Ratis. New Peer list:
[id: "om1"
address: "localhost:9872"
]
2022-04-24 04:14:51,454 [Listener at 127.0.0.1/38503] INFO  handler.ContextHandler (ContextHandler.java:doStart(915)) - Started o.e.j.w.WebAppContext@4722250f{hddsDatanode,/,file:///tmp/jetty-0_0_0_0-45055-hdds-container-service-1_3_0-SNAPSHOT_jar-_-any-4172795902663200230/webapp/,AVAILABLE}{jar:file:/home/runner/.m2/repository/org/apache/ozone/hdds-container-service/1.3.0-SNAPSHOT/hdds-container-service-1.3.0-SNAPSHOT.jar!/webapps/hddsDatanode}
2022-04-24 04:14:51,456 [Listener at 127.0.0.1/38503] INFO  server.AbstractConnector (AbstractConnector.java:doStart(331)) - Started ServerConnector@37a20de7{HTTP/1.1, (http/1.1)}{0.0.0.0:45055}
2022-04-24 04:14:51,457 [Listener at 127.0.0.1/38503] INFO  server.Server (Server.java:doStart(415)) - Started @8509ms
2022-04-24 04:14:51,457 [Listener at 127.0.0.1/38503] WARN  impl.MetricsSystemImpl (MetricsSystemImpl.java:register(279)) - Sink prometheus already exists!
2022-04-24 04:14:51,458 [Listener at 127.0.0.1/38503] INFO  http.BaseHttpServer (BaseHttpServer.java:updateConnectorAddress(329)) - HTTP server of hddsDatanode listening at http://0.0.0.0:45055
2022-04-24 04:14:51,459 [Listener at 127.0.0.1/38503] WARN  impl.MetricRegistriesImpl (MetricRegistriesImpl.java:addReporterRegistration(111)) - New reporters are added after registries were created. Some metrics will be missing from the reporter. Please add reporter before adding any new registry.
2022-04-24 04:14:51,459 [Listener at 127.0.0.1/38503] WARN  impl.MetricRegistriesImpl (MetricRegistriesImpl.java:addReporterRegistration(111)) - New reporters are added after registries were created. Some metrics will be missing from the reporter. Please add reporter before adding any new registry.
2022-04-24 04:14:51,459 [Listener at 127.0.0.1/38503] INFO  impl.MetricsSystemImpl (MetricsSystemImpl.java:init(158)) - HddsDatanode metrics system started (again)
2022-04-24 04:14:51,466 [Datanode State Machine Daemon Thread] INFO  statemachine.DatanodeStateMachine (DatanodeStateMachine.java:lambda$startDaemon$0(472)) - Ozone container server started.
2022-04-24 04:14:51,483 [org.apache.hadoop.util.JvmPauseMonitor$Monitor@f1c41c6] INFO  util.JvmPauseMonitor (JvmPauseMonitor.java:run(188)) - Starting JVM pause monitor
2022-04-24 04:14:51,485 [Listener at 127.0.0.1/38503] INFO  ozone.HddsDatanodeService (HddsDatanodeService.java:start(233)) - HddsDatanodeService host:fv-az50-870.grzltbmokehuzjyc5b133kdqgh.cx.internal.cloudapp.net ip:10.1.0.15
2022-04-24 04:14:51,492 [Datanode State Machine Task Thread - 0] INFO  datanode.InitDatanodeState (InitDatanodeState.java:persistContainerDatanodeDetails(138)) - DatanodeDetails is persisted to /home/runner/work/ozone/ozone/hadoop-ozone/integration-test/target/test-dir/MiniOzoneClusterImpl-a4f891ee-a8e1-4ed6-b509-207d494f3db6/datanode-2/meta/datanode.id
2022-04-24 04:14:51,508 [Listener at 127.0.0.1/38503] INFO  upgrade.AbstractLayoutVersionManager (AbstractLayoutVersionManager.java:init(79)) - Initializing Layout version manager with metadata layout = ERASURE_CODED_STORAGE_SUPPORT (version = 3), software layout = ERASURE_CODED_STORAGE_SUPPORT (version = 3)
2022-04-24 04:14:51,548 [Listener at 127.0.0.1/38503] INFO  reflections.Reflections (Reflections.java:scan(232)) - Reflections took 38 ms to scan 7 urls, producing 126 keys and 287 values 
2022-04-24 04:14:51,550 [Listener at 127.0.0.1/38503] INFO  statemachine.DatanodeStateMachine (DatanodeStateMachine.java:getEndPointTaskThreadPoolSize(224)) - Datanode State Machine Task Thread Pool size 2
2022-04-24 04:14:51,559 [Listener at 127.0.0.1/38503] INFO  volume.HddsVolume (HddsVolume.java:<init>(120)) - Creating HddsVolume: /home/runner/work/ozone/ozone/hadoop-ozone/integration-test/target/test-dir/MiniOzoneClusterImpl-a4f891ee-a8e1-4ed6-b509-207d494f3db6/datanode-3/data-0/containers/hdds of storage type : DISK capacity : 9223372036854775807
2022-04-24 04:14:51,559 [Listener at 127.0.0.1/38503] INFO  volume.MutableVolumeSet (MutableVolumeSet.java:initializeVolumeSet(168)) - Added Volume : /home/runner/work/ozone/ozone/hadoop-ozone/integration-test/target/test-dir/MiniOzoneClusterImpl-a4f891ee-a8e1-4ed6-b509-207d494f3db6/datanode-3/data-0/containers/hdds to VolumeSet
2022-04-24 04:14:51,560 [Listener at 127.0.0.1/38503] INFO  volume.ThrottledAsyncChecker (ThrottledAsyncChecker.java:schedule(141)) - Scheduling a check for /home/runner/work/ozone/ozone/hadoop-ozone/integration-test/target/test-dir/MiniOzoneClusterImpl-a4f891ee-a8e1-4ed6-b509-207d494f3db6/datanode-3/data-0/containers/hdds
2022-04-24 04:14:51,561 [Listener at 127.0.0.1/38503] INFO  volume.StorageVolumeChecker (StorageVolumeChecker.java:checkAllVolumes(202)) - Scheduled health check for volume /home/runner/work/ozone/ozone/hadoop-ozone/integration-test/target/test-dir/MiniOzoneClusterImpl-a4f891ee-a8e1-4ed6-b509-207d494f3db6/datanode-3/data-0/containers/hdds
2022-04-24 04:14:51,572 [Listener at 127.0.0.1/38503] INFO  volume.MutableVolumeSet (MutableVolumeSet.java:initializeVolumeSet(168)) - Added Volume : /home/runner/work/ozone/ozone/hadoop-ozone/integration-test/target/test-dir/MiniOzoneClusterImpl-a4f891ee-a8e1-4ed6-b509-207d494f3db6/datanode-3/data/ratis to VolumeSet
2022-04-24 04:14:51,573 [Listener at 127.0.0.1/38503] INFO  volume.ThrottledAsyncChecker (ThrottledAsyncChecker.java:schedule(141)) - Scheduling a check for /home/runner/work/ozone/ozone/hadoop-ozone/integration-test/target/test-dir/MiniOzoneClusterImpl-a4f891ee-a8e1-4ed6-b509-207d494f3db6/datanode-3/data/ratis
2022-04-24 04:14:51,573 [Listener at 127.0.0.1/38503] INFO  volume.StorageVolumeChecker (StorageVolumeChecker.java:checkAllVolumes(202)) - Scheduled health check for volume /home/runner/work/ozone/ozone/hadoop-ozone/integration-test/target/test-dir/MiniOzoneClusterImpl-a4f891ee-a8e1-4ed6-b509-207d494f3db6/datanode-3/data/ratis
2022-04-24 04:14:51,587 [Thread-168] INFO  ozoneimpl.ContainerReader (ContainerReader.java:readVolume(172)) - Finish verifying containers on volume /home/runner/work/ozone/ozone/hadoop-ozone/integration-test/target/test-dir/MiniOzoneClusterImpl-a4f891ee-a8e1-4ed6-b509-207d494f3db6/datanode-3/data-0/containers/hdds
2022-04-24 04:14:51,587 [Listener at 127.0.0.1/38503] INFO  ozoneimpl.OzoneContainer (OzoneContainer.java:buildContainerSet(257)) - Build ContainerSet costs 0s
2022-04-24 04:14:51,594 [Listener at 127.0.0.1/38503] INFO  server.RaftServer (ConfUtils.java:logGet(44)) - raft.rpc.type = GRPC (default)
2022-04-24 04:14:51,594 [Listener at 127.0.0.1/38503] INFO  grpc.GrpcFactory (GrpcFactory.java:checkPooledByteBufAllocatorUseCacheForAllThreads(48)) - PERFORMANCE WARNING: useCacheForAllThreads is true that may cause Netty to create a lot garbage objects and, as a result, trigger GC.
	It is recommended to disable useCacheForAllThreads by setting -Dorg.apache.ratis.thirdparty.io.netty.allocator.useCacheForAllThreads=false in command line.
2022-04-24 04:14:51,594 [Listener at 127.0.0.1/38503] INFO  grpc.GrpcConfigKeys (ConfUtils.java:logGet(44)) - raft.grpc.admin.port = 0 (custom)
2022-04-24 04:14:51,595 [Listener at 127.0.0.1/38503] INFO  grpc.GrpcConfigKeys (ConfUtils.java:logGet(44)) - raft.grpc.client.port = 0 (custom)
2022-04-24 04:14:51,595 [Listener at 127.0.0.1/38503] INFO  grpc.GrpcConfigKeys (ConfUtils.java:logGet(44)) - raft.grpc.server.port = 0 (default)
2022-04-24 04:14:51,595 [Listener at 127.0.0.1/38503] INFO  server.GrpcService (ConfUtils.java:logGet(44)) - raft.grpc.message.size.max = 32MB (=33554432) (custom)
2022-04-24 04:14:51,595 [Listener at 127.0.0.1/38503] INFO  server.RaftServerConfigKeys (ConfUtils.java:logGet(44)) - raft.server.log.appender.buffer.byte-limit = 33554432 (custom)
2022-04-24 04:14:51,595 [Listener at 127.0.0.1/38503] INFO  server.GrpcService (ConfUtils.java:logGet(44)) - raft.grpc.flow.control.window = 5MB (=5242880) (custom)
2022-04-24 04:14:51,595 [Listener at 127.0.0.1/38503] INFO  server.RaftServerConfigKeys (ConfUtils.java:logGet(44)) - raft.server.rpc.request.timeout = 60s (custom)
2022-04-24 04:14:51,597 [Listener at 127.0.0.1/38503] INFO  impl.DataStreamServerImpl (ConfUtils.java:logGet(44)) - raft.datastream.type = DISABLED (default)
2022-04-24 04:14:51,597 [Listener at 127.0.0.1/38503] INFO  server.RaftServerConfigKeys (ConfUtils.java:logGet(44)) - raft.server.rpc.slowness.timeout = 300s (custom)
2022-04-24 04:14:51,598 [Listener at 127.0.0.1/38503] INFO  server.RaftServerConfigKeys (ConfUtils.java:logGet(44)) - raft.server.leaderelection.leader.step-down.wait-time = 10s (default)
2022-04-24 04:14:51,598 [Listener at 127.0.0.1/38503] INFO  server.RaftServerConfigKeys (ConfUtils.java:logGet(44)) - raft.server.storage.dir = [/home/runner/work/ozone/ozone/hadoop-ozone/integration-test/target/test-dir/MiniOzoneClusterImpl-a4f891ee-a8e1-4ed6-b509-207d494f3db6/datanode-3/data/ratis] (custom)
2022-04-24 04:14:51,599 [Listener at 127.0.0.1/38503] INFO  server.XceiverServerGrpc (XceiverServerGrpc.java:<init>(132)) - GrpcServer channel type EpollServerSocketChannel
2022-04-24 04:14:51,602 [Listener at 127.0.0.1/38503] INFO  http.BaseHttpServer (BaseHttpServer.java:newHttpServer2BuilderForOzone(209)) - Starting Web-server for hddsDatanode at: http://0.0.0.0:0
2022-04-24 04:14:51,602 [Listener at 127.0.0.1/38503] INFO  http.BaseHttpServer (BaseHttpServer.java:<init>(107)) - Hadoop Security Enabled: false Ozone Security Enabled: false Ozone HTTP Security Enabled: false 
2022-04-24 04:14:51,604 [Listener at 127.0.0.1/38503] INFO  server.AuthenticationFilter (AuthenticationFilter.java:constructSecretProvider(240)) - Unable to initialize FileSignerSecretProvider, falling back to use random secrets.
2022-04-24 04:14:51,604 [Listener at 127.0.0.1/38503] WARN  http.HttpRequestLog (HttpRequestLog.java:getRequestLog(103)) - Jetty request log can only be enabled using Log4j
2022-04-24 04:14:51,605 [Listener at 127.0.0.1/38503] INFO  http.HttpServer2 (HttpServer2.java:addGlobalFilter(1030)) - Added global filter 'safety' (class=org.apache.hadoop.hdds.server.http.HttpServer2$QuotingInputFilter)
2022-04-24 04:14:51,606 [Listener at 127.0.0.1/38503] INFO  http.HttpServer2 (HttpServer2.java:addFilter(1006)) - Added filter static_user_filter (class=org.apache.hadoop.http.lib.StaticUserWebFilter$StaticUserFilter) to context hddsDatanode
2022-04-24 04:14:51,606 [Listener at 127.0.0.1/38503] INFO  http.HttpServer2 (HttpServer2.java:addFilter(1014)) - Added filter static_user_filter (class=org.apache.hadoop.http.lib.StaticUserWebFilter$StaticUserFilter) to context static
2022-04-24 04:14:51,606 [Listener at 127.0.0.1/38503] INFO  http.HttpServer2 (HttpServer2.java:addFilter(1014)) - Added filter static_user_filter (class=org.apache.hadoop.http.lib.StaticUserWebFilter$StaticUserFilter) to context logs
2022-04-24 04:14:51,607 [Listener at 127.0.0.1/38503] INFO  http.HttpServer2 (HttpServer2.java:bindListener(1249)) - Jetty bound to port 34543
2022-04-24 04:14:51,607 [Listener at 127.0.0.1/38503] INFO  server.Server (Server.java:doStart(375)) - jetty-9.4.43.v20210629; built: 2021-06-30T11:07:22.254Z; git: 526006ecfa3af7f1a27ef3a288e2bef7ea9dd7e8; jvm 1.8.0_322-b06
2022-04-24 04:14:51,618 [Listener at 127.0.0.1/38503] INFO  server.session (DefaultSessionIdManager.java:doStart(334)) - DefaultSessionIdManager workerName=node0
2022-04-24 04:14:51,618 [Listener at 127.0.0.1/38503] INFO  server.session (DefaultSessionIdManager.java:doStart(339)) - No SessionScavenger set, using defaults
2022-04-24 04:14:51,618 [Listener at 127.0.0.1/38503] INFO  server.session (HouseKeeper.java:startScavenging(132)) - node0 Scavenging every 660000ms
2022-04-24 04:14:51,620 [Listener at 127.0.0.1/38503] INFO  handler.ContextHandler (ContextHandler.java:doStart(915)) - Started o.e.j.s.ServletContextHandler@62cf74f3{logs,/logs,file:///home/runner/work/ozone/ozone/hadoop-ozone/integration-test/target/log,AVAILABLE}
2022-04-24 04:14:51,620 [Listener at 127.0.0.1/38503] INFO  handler.ContextHandler (ContextHandler.java:doStart(915)) - Started o.e.j.s.ServletContextHandler@14ccd97f{static,/static,jar:file:/home/runner/.m2/repository/org/apache/ozone/hdds-container-service/1.3.0-SNAPSHOT/hdds-container-service-1.3.0-SNAPSHOT.jar!/webapps/static,AVAILABLE}
2022-04-24 04:14:51,662 [Listener at 127.0.0.1/38503] INFO  handler.ContextHandler (ContextHandler.java:doStart(915)) - Started o.e.j.w.WebAppContext@cf91dc2{hddsDatanode,/,file:///tmp/jetty-0_0_0_0-34543-hdds-container-service-1_3_0-SNAPSHOT_jar-_-any-5814649700760529638/webapp/,AVAILABLE}{jar:file:/home/runner/.m2/repository/org/apache/ozone/hdds-container-service/1.3.0-SNAPSHOT/hdds-container-service-1.3.0-SNAPSHOT.jar!/webapps/hddsDatanode}
2022-04-24 04:14:51,664 [Listener at 127.0.0.1/38503] INFO  server.AbstractConnector (AbstractConnector.java:doStart(331)) - Started ServerConnector@6d4d4108{HTTP/1.1, (http/1.1)}{0.0.0.0:34543}
2022-04-24 04:14:51,665 [Listener at 127.0.0.1/38503] INFO  server.Server (Server.java:doStart(415)) - Started @8716ms
2022-04-24 04:14:51,665 [Listener at 127.0.0.1/38503] WARN  impl.MetricsSystemImpl (MetricsSystemImpl.java:register(279)) - Sink prometheus already exists!
2022-04-24 04:14:51,666 [Listener at 127.0.0.1/38503] INFO  http.BaseHttpServer (BaseHttpServer.java:updateConnectorAddress(329)) - HTTP server of hddsDatanode listening at http://0.0.0.0:34543
2022-04-24 04:14:51,667 [Listener at 127.0.0.1/38503] WARN  impl.MetricRegistriesImpl (MetricRegistriesImpl.java:addReporterRegistration(111)) - New reporters are added after registries were created. Some metrics will be missing from the reporter. Please add reporter before adding any new registry.
2022-04-24 04:14:51,667 [Listener at 127.0.0.1/38503] WARN  impl.MetricRegistriesImpl (MetricRegistriesImpl.java:addReporterRegistration(111)) - New reporters are added after registries were created. Some metrics will be missing from the reporter. Please add reporter before adding any new registry.
2022-04-24 04:14:51,667 [Listener at 127.0.0.1/38503] INFO  impl.MetricsSystemImpl (MetricsSystemImpl.java:init(158)) - HddsDatanode metrics system started (again)
2022-04-24 04:14:51,668 [Datanode State Machine Daemon Thread] INFO  statemachine.DatanodeStateMachine (DatanodeStateMachine.java:lambda$startDaemon$0(472)) - Ozone container server started.
2022-04-24 04:14:51,680 [Listener at 127.0.0.1/38503] INFO  ozone.HddsDatanodeService (HddsDatanodeService.java:start(233)) - HddsDatanodeService host:fv-az50-870.grzltbmokehuzjyc5b133kdqgh.cx.internal.cloudapp.net ip:10.1.0.15
2022-04-24 04:14:51,681 [org.apache.hadoop.util.JvmPauseMonitor$Monitor@50f867a5] INFO  util.JvmPauseMonitor (JvmPauseMonitor.java:run(188)) - Starting JVM pause monitor
2022-04-24 04:14:51,684 [Datanode State Machine Task Thread - 0] INFO  datanode.InitDatanodeState (InitDatanodeState.java:persistContainerDatanodeDetails(138)) - DatanodeDetails is persisted to /home/runner/work/ozone/ozone/hadoop-ozone/integration-test/target/test-dir/MiniOzoneClusterImpl-a4f891ee-a8e1-4ed6-b509-207d494f3db6/datanode-3/meta/datanode.id
2022-04-24 04:14:51,699 [Listener at 127.0.0.1/38503] INFO  upgrade.AbstractLayoutVersionManager (AbstractLayoutVersionManager.java:init(79)) - Initializing Layout version manager with metadata layout = ERASURE_CODED_STORAGE_SUPPORT (version = 3), software layout = ERASURE_CODED_STORAGE_SUPPORT (version = 3)
2022-04-24 04:14:51,741 [Listener at 127.0.0.1/38503] INFO  reflections.Reflections (Reflections.java:scan(232)) - Reflections took 41 ms to scan 7 urls, producing 126 keys and 287 values 
2022-04-24 04:14:51,743 [Listener at 127.0.0.1/38503] INFO  statemachine.DatanodeStateMachine (DatanodeStateMachine.java:getEndPointTaskThreadPoolSize(224)) - Datanode State Machine Task Thread Pool size 2
2022-04-24 04:14:51,747 [Listener at 127.0.0.1/38503] INFO  volume.HddsVolume (HddsVolume.java:<init>(120)) - Creating HddsVolume: /home/runner/work/ozone/ozone/hadoop-ozone/integration-test/target/test-dir/MiniOzoneClusterImpl-a4f891ee-a8e1-4ed6-b509-207d494f3db6/datanode-4/data-0/containers/hdds of storage type : DISK capacity : 9223372036854775807
2022-04-24 04:14:51,748 [Listener at 127.0.0.1/38503] INFO  volume.MutableVolumeSet (MutableVolumeSet.java:initializeVolumeSet(168)) - Added Volume : /home/runner/work/ozone/ozone/hadoop-ozone/integration-test/target/test-dir/MiniOzoneClusterImpl-a4f891ee-a8e1-4ed6-b509-207d494f3db6/datanode-4/data-0/containers/hdds to VolumeSet
2022-04-24 04:14:51,748 [Listener at 127.0.0.1/38503] INFO  volume.ThrottledAsyncChecker (ThrottledAsyncChecker.java:schedule(141)) - Scheduling a check for /home/runner/work/ozone/ozone/hadoop-ozone/integration-test/target/test-dir/MiniOzoneClusterImpl-a4f891ee-a8e1-4ed6-b509-207d494f3db6/datanode-4/data-0/containers/hdds
2022-04-24 04:14:51,752 [Listener at 127.0.0.1/38503] INFO  volume.StorageVolumeChecker (StorageVolumeChecker.java:checkAllVolumes(202)) - Scheduled health check for volume /home/runner/work/ozone/ozone/hadoop-ozone/integration-test/target/test-dir/MiniOzoneClusterImpl-a4f891ee-a8e1-4ed6-b509-207d494f3db6/datanode-4/data-0/containers/hdds
2022-04-24 04:14:51,766 [Listener at 127.0.0.1/38503] INFO  volume.MutableVolumeSet (MutableVolumeSet.java:initializeVolumeSet(168)) - Added Volume : /home/runner/work/ozone/ozone/hadoop-ozone/integration-test/target/test-dir/MiniOzoneClusterImpl-a4f891ee-a8e1-4ed6-b509-207d494f3db6/datanode-4/data/ratis to VolumeSet
2022-04-24 04:14:51,767 [Listener at 127.0.0.1/38503] INFO  volume.ThrottledAsyncChecker (ThrottledAsyncChecker.java:schedule(141)) - Scheduling a check for /home/runner/work/ozone/ozone/hadoop-ozone/integration-test/target/test-dir/MiniOzoneClusterImpl-a4f891ee-a8e1-4ed6-b509-207d494f3db6/datanode-4/data/ratis
2022-04-24 04:14:51,767 [Listener at 127.0.0.1/38503] INFO  volume.StorageVolumeChecker (StorageVolumeChecker.java:checkAllVolumes(202)) - Scheduled health check for volume /home/runner/work/ozone/ozone/hadoop-ozone/integration-test/target/test-dir/MiniOzoneClusterImpl-a4f891ee-a8e1-4ed6-b509-207d494f3db6/datanode-4/data/ratis
2022-04-24 04:14:51,780 [Thread-180] INFO  ozoneimpl.ContainerReader (ContainerReader.java:readVolume(172)) - Finish verifying containers on volume /home/runner/work/ozone/ozone/hadoop-ozone/integration-test/target/test-dir/MiniOzoneClusterImpl-a4f891ee-a8e1-4ed6-b509-207d494f3db6/datanode-4/data-0/containers/hdds
2022-04-24 04:14:51,780 [Listener at 127.0.0.1/38503] INFO  ozoneimpl.OzoneContainer (OzoneContainer.java:buildContainerSet(257)) - Build ContainerSet costs 0s
2022-04-24 04:14:51,785 [Listener at 127.0.0.1/38503] INFO  server.RaftServer (ConfUtils.java:logGet(44)) - raft.rpc.type = GRPC (default)
2022-04-24 04:14:51,785 [Listener at 127.0.0.1/38503] INFO  grpc.GrpcFactory (GrpcFactory.java:checkPooledByteBufAllocatorUseCacheForAllThreads(48)) - PERFORMANCE WARNING: useCacheForAllThreads is true that may cause Netty to create a lot garbage objects and, as a result, trigger GC.
	It is recommended to disable useCacheForAllThreads by setting -Dorg.apache.ratis.thirdparty.io.netty.allocator.useCacheForAllThreads=false in command line.
2022-04-24 04:14:51,786 [Listener at 127.0.0.1/38503] INFO  grpc.GrpcConfigKeys (ConfUtils.java:logGet(44)) - raft.grpc.admin.port = 0 (custom)
2022-04-24 04:14:51,786 [Listener at 127.0.0.1/38503] INFO  grpc.GrpcConfigKeys (ConfUtils.java:logGet(44)) - raft.grpc.client.port = 0 (custom)
2022-04-24 04:14:51,786 [Listener at 127.0.0.1/38503] INFO  grpc.GrpcConfigKeys (ConfUtils.java:logGet(44)) - raft.grpc.server.port = 0 (default)
2022-04-24 04:14:51,786 [Listener at 127.0.0.1/38503] INFO  server.GrpcService (ConfUtils.java:logGet(44)) - raft.grpc.message.size.max = 32MB (=33554432) (custom)
2022-04-24 04:14:51,786 [Listener at 127.0.0.1/38503] INFO  server.RaftServerConfigKeys (ConfUtils.java:logGet(44)) - raft.server.log.appender.buffer.byte-limit = 33554432 (custom)
2022-04-24 04:14:51,786 [Listener at 127.0.0.1/38503] INFO  server.GrpcService (ConfUtils.java:logGet(44)) - raft.grpc.flow.control.window = 5MB (=5242880) (custom)
2022-04-24 04:14:51,786 [Listener at 127.0.0.1/38503] INFO  server.RaftServerConfigKeys (ConfUtils.java:logGet(44)) - raft.server.rpc.request.timeout = 60s (custom)
2022-04-24 04:14:51,788 [Listener at 127.0.0.1/38503] INFO  impl.DataStreamServerImpl (ConfUtils.java:logGet(44)) - raft.datastream.type = DISABLED (default)
2022-04-24 04:14:51,789 [Listener at 127.0.0.1/38503] INFO  server.RaftServerConfigKeys (ConfUtils.java:logGet(44)) - raft.server.rpc.slowness.timeout = 300s (custom)
2022-04-24 04:14:51,789 [Listener at 127.0.0.1/38503] INFO  server.RaftServerConfigKeys (ConfUtils.java:logGet(44)) - raft.server.leaderelection.leader.step-down.wait-time = 10s (default)
2022-04-24 04:14:51,789 [Listener at 127.0.0.1/38503] INFO  server.RaftServerConfigKeys (ConfUtils.java:logGet(44)) - raft.server.storage.dir = [/home/runner/work/ozone/ozone/hadoop-ozone/integration-test/target/test-dir/MiniOzoneClusterImpl-a4f891ee-a8e1-4ed6-b509-207d494f3db6/datanode-4/data/ratis] (custom)
2022-04-24 04:14:51,791 [Listener at 127.0.0.1/38503] INFO  server.XceiverServerGrpc (XceiverServerGrpc.java:<init>(132)) - GrpcServer channel type EpollServerSocketChannel
2022-04-24 04:14:51,814 [Listener at 127.0.0.1/38503] INFO  http.BaseHttpServer (BaseHttpServer.java:newHttpServer2BuilderForOzone(209)) - Starting Web-server for hddsDatanode at: http://0.0.0.0:0
2022-04-24 04:14:51,814 [Listener at 127.0.0.1/38503] INFO  http.BaseHttpServer (BaseHttpServer.java:<init>(107)) - Hadoop Security Enabled: false Ozone Security Enabled: false Ozone HTTP Security Enabled: false 
2022-04-24 04:14:51,816 [Listener at 127.0.0.1/38503] INFO  server.AuthenticationFilter (AuthenticationFilter.java:constructSecretProvider(240)) - Unable to initialize FileSignerSecretProvider, falling back to use random secrets.
2022-04-24 04:14:51,817 [Listener at 127.0.0.1/38503] WARN  http.HttpRequestLog (HttpRequestLog.java:getRequestLog(103)) - Jetty request log can only be enabled using Log4j
2022-04-24 04:14:51,841 [Listener at 127.0.0.1/38503] INFO  http.HttpServer2 (HttpServer2.java:addGlobalFilter(1030)) - Added global filter 'safety' (class=org.apache.hadoop.hdds.server.http.HttpServer2$QuotingInputFilter)
2022-04-24 04:14:51,843 [Listener at 127.0.0.1/38503] INFO  http.HttpServer2 (HttpServer2.java:addFilter(1006)) - Added filter static_user_filter (class=org.apache.hadoop.http.lib.StaticUserWebFilter$StaticUserFilter) to context hddsDatanode
2022-04-24 04:14:51,843 [Listener at 127.0.0.1/38503] INFO  http.HttpServer2 (HttpServer2.java:addFilter(1014)) - Added filter static_user_filter (class=org.apache.hadoop.http.lib.StaticUserWebFilter$StaticUserFilter) to context static
2022-04-24 04:14:51,844 [Listener at 127.0.0.1/38503] INFO  http.HttpServer2 (HttpServer2.java:addFilter(1014)) - Added filter static_user_filter (class=org.apache.hadoop.http.lib.StaticUserWebFilter$StaticUserFilter) to context logs
2022-04-24 04:14:51,846 [Listener at 127.0.0.1/38503] INFO  http.HttpServer2 (HttpServer2.java:bindListener(1249)) - Jetty bound to port 46359
2022-04-24 04:14:51,847 [Listener at 127.0.0.1/38503] INFO  server.Server (Server.java:doStart(375)) - jetty-9.4.43.v20210629; built: 2021-06-30T11:07:22.254Z; git: 526006ecfa3af7f1a27ef3a288e2bef7ea9dd7e8; jvm 1.8.0_322-b06
2022-04-24 04:14:51,851 [Listener at 127.0.0.1/38503] INFO  server.session (DefaultSessionIdManager.java:doStart(334)) - DefaultSessionIdManager workerName=node0
2022-04-24 04:14:51,851 [Listener at 127.0.0.1/38503] INFO  server.session (DefaultSessionIdManager.java:doStart(339)) - No SessionScavenger set, using defaults
2022-04-24 04:14:51,852 [Listener at 127.0.0.1/38503] INFO  server.session (HouseKeeper.java:startScavenging(132)) - node0 Scavenging every 660000ms
2022-04-24 04:14:51,853 [Listener at 127.0.0.1/38503] INFO  handler.ContextHandler (ContextHandler.java:doStart(915)) - Started o.e.j.s.ServletContextHandler@29db3f23{logs,/logs,file:///home/runner/work/ozone/ozone/hadoop-ozone/integration-test/target/log,AVAILABLE}
2022-04-24 04:14:51,853 [Listener at 127.0.0.1/38503] INFO  handler.ContextHandler (ContextHandler.java:doStart(915)) - Started o.e.j.s.ServletContextHandler@c3cdf38{static,/static,jar:file:/home/runner/.m2/repository/org/apache/ozone/hdds-container-service/1.3.0-SNAPSHOT/hdds-container-service-1.3.0-SNAPSHOT.jar!/webapps/static,AVAILABLE}
2022-04-24 04:14:51,894 [Listener at 127.0.0.1/38503] INFO  handler.ContextHandler (ContextHandler.java:doStart(915)) - Started o.e.j.w.WebAppContext@396e2498{hddsDatanode,/,file:///tmp/jetty-0_0_0_0-46359-hdds-container-service-1_3_0-SNAPSHOT_jar-_-any-5290881021759769538/webapp/,AVAILABLE}{jar:file:/home/runner/.m2/repository/org/apache/ozone/hdds-container-service/1.3.0-SNAPSHOT/hdds-container-service-1.3.0-SNAPSHOT.jar!/webapps/hddsDatanode}
2022-04-24 04:14:51,895 [Listener at 127.0.0.1/38503] INFO  server.AbstractConnector (AbstractConnector.java:doStart(331)) - Started ServerConnector@17b1c453{HTTP/1.1, (http/1.1)}{0.0.0.0:46359}
2022-04-24 04:14:51,895 [Listener at 127.0.0.1/38503] INFO  server.Server (Server.java:doStart(415)) - Started @8947ms
2022-04-24 04:14:51,895 [Listener at 127.0.0.1/38503] WARN  impl.MetricsSystemImpl (MetricsSystemImpl.java:register(279)) - Sink prometheus already exists!
2022-04-24 04:14:51,896 [Listener at 127.0.0.1/38503] INFO  http.BaseHttpServer (BaseHttpServer.java:updateConnectorAddress(329)) - HTTP server of hddsDatanode listening at http://0.0.0.0:46359
2022-04-24 04:14:51,897 [Datanode State Machine Daemon Thread] INFO  statemachine.DatanodeStateMachine (DatanodeStateMachine.java:lambda$startDaemon$0(472)) - Ozone container server started.
2022-04-24 04:14:51,904 [Listener at 127.0.0.1/38503] INFO  ozone.MiniOzoneClusterImpl (MiniOzoneClusterImpl.java:lambda$waitForClusterToBeReady$0(221)) - Waiting for nodes to be ready. Got 0 of 5 DN Heartbeats.
2022-04-24 04:14:51,904 [Listener at 127.0.0.1/38503] INFO  ozone.MiniOzoneClusterImpl (MiniOzoneClusterImpl.java:lambda$waitForClusterToBeReady$0(224)) - Waiting for cluster to exit safe mode
2022-04-24 04:14:51,904 [Listener at 127.0.0.1/38503] INFO  ozone.MiniOzoneClusterImpl (MiniOzoneClusterImpl.java:lambda$waitForClusterToBeReady$0(226)) - SCM became leader
2022-04-24 04:14:51,910 [org.apache.hadoop.util.JvmPauseMonitor$Monitor@12b04670] INFO  util.JvmPauseMonitor (JvmPauseMonitor.java:run(188)) - Starting JVM pause monitor
2022-04-24 04:14:51,917 [Datanode State Machine Task Thread - 0] INFO  datanode.InitDatanodeState (InitDatanodeState.java:persistContainerDatanodeDetails(138)) - DatanodeDetails is persisted to /home/runner/work/ozone/ozone/hadoop-ozone/integration-test/target/test-dir/MiniOzoneClusterImpl-a4f891ee-a8e1-4ed6-b509-207d494f3db6/datanode-4/meta/datanode.id
2022-04-24 04:14:52,858 [EndpointStateMachine task thread for /0.0.0.0:41217 - 0 ] INFO  ozoneimpl.OzoneContainer (OzoneContainer.java:start(335)) - Attempting to start container services.
2022-04-24 04:14:52,861 [EndpointStateMachine task thread for /0.0.0.0:41217 - 0 ] INFO  ozoneimpl.OzoneContainer (OzoneContainer.java:startContainerScrub(270)) - Background container scanner has been disabled.
2022-04-24 04:14:52,863 [EndpointStateMachine task thread for /0.0.0.0:41217 - 0 ] INFO  replication.ReplicationServer (ReplicationServer.java:start(111)) - ReplicationServer is started using port 44619
2022-04-24 04:14:52,865 [EndpointStateMachine task thread for /0.0.0.0:41217 - 0 ] INFO  ratis.XceiverServerRatis (XceiverServerRatis.java:start(481)) - Starting XceiverServerRatis 8e96264f-9eb0-4fa6-9fb0-f6b0892d4633
2022-04-24 04:14:52,870 [EndpointStateMachine task thread for /0.0.0.0:41217 - 0 ] INFO  server.RaftServer (RaftServerProxy.java:lambda$start$5(374)) - 8e96264f-9eb0-4fa6-9fb0-f6b0892d4633: start RPC server
2022-04-24 04:14:52,877 [EndpointStateMachine task thread for /0.0.0.0:41217 - 0 ] INFO  server.GrpcService (GrpcService.java:startImpl(253)) - 8e96264f-9eb0-4fa6-9fb0-f6b0892d4633: GrpcService started, listening on 37687
2022-04-24 04:14:52,878 [org.apache.ratis.util.JvmPauseMonitor$$Lambda$580/177642409@7a3c4ef0] INFO  util.JvmPauseMonitor (JvmPauseMonitor.java:run(103)) - JvmPauseMonitor-8e96264f-9eb0-4fa6-9fb0-f6b0892d4633: Started
2022-04-24 04:14:52,878 [EndpointStateMachine task thread for /0.0.0.0:41217 - 0 ] INFO  ratis.XceiverServerRatis (XceiverServerRatis.java:getRealPort(502)) - XceiverServerRatis 8e96264f-9eb0-4fa6-9fb0-f6b0892d4633 is started using port 37687 for RATIS
2022-04-24 04:14:52,878 [EndpointStateMachine task thread for /0.0.0.0:41217 - 0 ] INFO  ratis.XceiverServerRatis (XceiverServerRatis.java:getRealPort(502)) - XceiverServerRatis 8e96264f-9eb0-4fa6-9fb0-f6b0892d4633 is started using port 37687 for RATIS_ADMIN
2022-04-24 04:14:52,878 [EndpointStateMachine task thread for /0.0.0.0:41217 - 0 ] INFO  ratis.XceiverServerRatis (XceiverServerRatis.java:getRealPort(502)) - XceiverServerRatis 8e96264f-9eb0-4fa6-9fb0-f6b0892d4633 is started using port 37687 for RATIS_SERVER
2022-04-24 04:14:52,882 [EndpointStateMachine task thread for /0.0.0.0:41217 - 0 ] INFO  server.XceiverServerGrpc (XceiverServerGrpc.java:start(180)) - XceiverServerGrpc 8e96264f-9eb0-4fa6-9fb0-f6b0892d4633 is started using port 39377
2022-04-24 04:14:52,904 [Listener at 127.0.0.1/38503] INFO  ozone.MiniOzoneClusterImpl (MiniOzoneClusterImpl.java:lambda$waitForClusterToBeReady$0(221)) - Waiting for nodes to be ready. Got 0 of 5 DN Heartbeats.
2022-04-24 04:14:52,904 [Listener at 127.0.0.1/38503] INFO  ozone.MiniOzoneClusterImpl (MiniOzoneClusterImpl.java:lambda$waitForClusterToBeReady$0(224)) - Waiting for cluster to exit safe mode
2022-04-24 04:14:52,904 [Listener at 127.0.0.1/38503] INFO  ozone.MiniOzoneClusterImpl (MiniOzoneClusterImpl.java:lambda$waitForClusterToBeReady$0(226)) - SCM became leader
2022-04-24 04:14:53,132 [EndpointStateMachine task thread for /0.0.0.0:41217 - 0 ] INFO  ozoneimpl.OzoneContainer (OzoneContainer.java:start(335)) - Attempting to start container services.
2022-04-24 04:14:53,132 [EndpointStateMachine task thread for /0.0.0.0:41217 - 0 ] INFO  ozoneimpl.OzoneContainer (OzoneContainer.java:startContainerScrub(270)) - Background container scanner has been disabled.
2022-04-24 04:14:53,134 [EndpointStateMachine task thread for /0.0.0.0:41217 - 0 ] INFO  replication.ReplicationServer (ReplicationServer.java:start(111)) - ReplicationServer is started using port 37707
2022-04-24 04:14:53,135 [EndpointStateMachine task thread for /0.0.0.0:41217 - 0 ] INFO  ratis.XceiverServerRatis (XceiverServerRatis.java:start(481)) - Starting XceiverServerRatis e8c8a659-d261-4c5d-8a2f-41b1aaadacc9
2022-04-24 04:14:53,135 [EndpointStateMachine task thread for /0.0.0.0:41217 - 0 ] INFO  server.RaftServer (RaftServerProxy.java:lambda$start$5(374)) - e8c8a659-d261-4c5d-8a2f-41b1aaadacc9: start RPC server
2022-04-24 04:14:53,136 [EndpointStateMachine task thread for /0.0.0.0:41217 - 0 ] INFO  server.GrpcService (GrpcService.java:startImpl(253)) - e8c8a659-d261-4c5d-8a2f-41b1aaadacc9: GrpcService started, listening on 38205
2022-04-24 04:14:53,137 [EndpointStateMachine task thread for /0.0.0.0:41217 - 0 ] INFO  ratis.XceiverServerRatis (XceiverServerRatis.java:getRealPort(502)) - XceiverServerRatis e8c8a659-d261-4c5d-8a2f-41b1aaadacc9 is started using port 38205 for RATIS
2022-04-24 04:14:53,137 [EndpointStateMachine task thread for /0.0.0.0:41217 - 0 ] INFO  ratis.XceiverServerRatis (XceiverServerRatis.java:getRealPort(502)) - XceiverServerRatis e8c8a659-d261-4c5d-8a2f-41b1aaadacc9 is started using port 38205 for RATIS_ADMIN
2022-04-24 04:14:53,137 [EndpointStateMachine task thread for /0.0.0.0:41217 - 0 ] INFO  ratis.XceiverServerRatis (XceiverServerRatis.java:getRealPort(502)) - XceiverServerRatis e8c8a659-d261-4c5d-8a2f-41b1aaadacc9 is started using port 38205 for RATIS_SERVER
2022-04-24 04:14:53,137 [org.apache.ratis.util.JvmPauseMonitor$$Lambda$580/177642409@432a5362] INFO  util.JvmPauseMonitor (JvmPauseMonitor.java:run(103)) - JvmPauseMonitor-e8c8a659-d261-4c5d-8a2f-41b1aaadacc9: Started
2022-04-24 04:14:53,139 [EndpointStateMachine task thread for /0.0.0.0:41217 - 0 ] INFO  server.XceiverServerGrpc (XceiverServerGrpc.java:start(180)) - XceiverServerGrpc e8c8a659-d261-4c5d-8a2f-41b1aaadacc9 is started using port 43153
2022-04-24 04:14:53,485 [EndpointStateMachine task thread for /0.0.0.0:41217 - 0 ] INFO  ozoneimpl.OzoneContainer (OzoneContainer.java:start(335)) - Attempting to start container services.
2022-04-24 04:14:53,485 [EndpointStateMachine task thread for /0.0.0.0:41217 - 0 ] INFO  ozoneimpl.OzoneContainer (OzoneContainer.java:startContainerScrub(270)) - Background container scanner has been disabled.
2022-04-24 04:14:53,486 [EndpointStateMachine task thread for /0.0.0.0:41217 - 0 ] INFO  replication.ReplicationServer (ReplicationServer.java:start(111)) - ReplicationServer is started using port 46325
2022-04-24 04:14:53,487 [EndpointStateMachine task thread for /0.0.0.0:41217 - 0 ] INFO  ratis.XceiverServerRatis (XceiverServerRatis.java:start(481)) - Starting XceiverServerRatis 541013cf-2288-4650-a5cb-617f95277836
2022-04-24 04:14:53,487 [EndpointStateMachine task thread for /0.0.0.0:41217 - 0 ] INFO  server.RaftServer (RaftServerProxy.java:lambda$start$5(374)) - 541013cf-2288-4650-a5cb-617f95277836: start RPC server
2022-04-24 04:14:53,488 [EndpointStateMachine task thread for /0.0.0.0:41217 - 0 ] INFO  server.GrpcService (GrpcService.java:startImpl(253)) - 541013cf-2288-4650-a5cb-617f95277836: GrpcService started, listening on 42611
2022-04-24 04:14:53,489 [EndpointStateMachine task thread for /0.0.0.0:41217 - 0 ] INFO  ratis.XceiverServerRatis (XceiverServerRatis.java:getRealPort(502)) - XceiverServerRatis 541013cf-2288-4650-a5cb-617f95277836 is started using port 42611 for RATIS
2022-04-24 04:14:53,489 [EndpointStateMachine task thread for /0.0.0.0:41217 - 0 ] INFO  ratis.XceiverServerRatis (XceiverServerRatis.java:getRealPort(502)) - XceiverServerRatis 541013cf-2288-4650-a5cb-617f95277836 is started using port 42611 for RATIS_ADMIN
2022-04-24 04:14:53,489 [EndpointStateMachine task thread for /0.0.0.0:41217 - 0 ] INFO  ratis.XceiverServerRatis (XceiverServerRatis.java:getRealPort(502)) - XceiverServerRatis 541013cf-2288-4650-a5cb-617f95277836 is started using port 42611 for RATIS_SERVER
2022-04-24 04:14:53,490 [org.apache.ratis.util.JvmPauseMonitor$$Lambda$580/177642409@191e94b1] INFO  util.JvmPauseMonitor (JvmPauseMonitor.java:run(103)) - JvmPauseMonitor-541013cf-2288-4650-a5cb-617f95277836: Started
2022-04-24 04:14:53,491 [EndpointStateMachine task thread for /0.0.0.0:41217 - 0 ] INFO  server.XceiverServerGrpc (XceiverServerGrpc.java:start(180)) - XceiverServerGrpc 541013cf-2288-4650-a5cb-617f95277836 is started using port 38347
2022-04-24 04:14:53,687 [EndpointStateMachine task thread for /0.0.0.0:41217 - 0 ] INFO  ozoneimpl.OzoneContainer (OzoneContainer.java:start(335)) - Attempting to start container services.
2022-04-24 04:14:53,687 [EndpointStateMachine task thread for /0.0.0.0:41217 - 0 ] INFO  ozoneimpl.OzoneContainer (OzoneContainer.java:startContainerScrub(270)) - Background container scanner has been disabled.
2022-04-24 04:14:53,689 [EndpointStateMachine task thread for /0.0.0.0:41217 - 0 ] INFO  replication.ReplicationServer (ReplicationServer.java:start(111)) - ReplicationServer is started using port 45663
2022-04-24 04:14:53,690 [EndpointStateMachine task thread for /0.0.0.0:41217 - 0 ] INFO  ratis.XceiverServerRatis (XceiverServerRatis.java:start(481)) - Starting XceiverServerRatis 0c7828af-8fac-44b0-ab7c-baee889924d1
2022-04-24 04:14:53,691 [EndpointStateMachine task thread for /0.0.0.0:41217 - 0 ] INFO  server.RaftServer (RaftServerProxy.java:lambda$start$5(374)) - 0c7828af-8fac-44b0-ab7c-baee889924d1: start RPC server
2022-04-24 04:14:53,692 [EndpointStateMachine task thread for /0.0.0.0:41217 - 0 ] INFO  server.GrpcService (GrpcService.java:startImpl(253)) - 0c7828af-8fac-44b0-ab7c-baee889924d1: GrpcService started, listening on 44817
2022-04-24 04:14:53,692 [EndpointStateMachine task thread for /0.0.0.0:41217 - 0 ] INFO  ratis.XceiverServerRatis (XceiverServerRatis.java:getRealPort(502)) - XceiverServerRatis 0c7828af-8fac-44b0-ab7c-baee889924d1 is started using port 44817 for RATIS
2022-04-24 04:14:53,692 [org.apache.ratis.util.JvmPauseMonitor$$Lambda$580/177642409@6c76ba68] INFO  util.JvmPauseMonitor (JvmPauseMonitor.java:run(103)) - JvmPauseMonitor-0c7828af-8fac-44b0-ab7c-baee889924d1: Started
2022-04-24 04:14:53,692 [EndpointStateMachine task thread for /0.0.0.0:41217 - 0 ] INFO  ratis.XceiverServerRatis (XceiverServerRatis.java:getRealPort(502)) - XceiverServerRatis 0c7828af-8fac-44b0-ab7c-baee889924d1 is started using port 44817 for RATIS_ADMIN
2022-04-24 04:14:53,692 [EndpointStateMachine task thread for /0.0.0.0:41217 - 0 ] INFO  ratis.XceiverServerRatis (XceiverServerRatis.java:getRealPort(502)) - XceiverServerRatis 0c7828af-8fac-44b0-ab7c-baee889924d1 is started using port 44817 for RATIS_SERVER
2022-04-24 04:14:53,694 [EndpointStateMachine task thread for /0.0.0.0:41217 - 0 ] INFO  server.XceiverServerGrpc (XceiverServerGrpc.java:start(180)) - XceiverServerGrpc 0c7828af-8fac-44b0-ab7c-baee889924d1 is started using port 38979
2022-04-24 04:14:53,905 [Listener at 127.0.0.1/38503] INFO  ozone.MiniOzoneClusterImpl (MiniOzoneClusterImpl.java:lambda$waitForClusterToBeReady$0(221)) - Waiting for nodes to be ready. Got 0 of 5 DN Heartbeats.
2022-04-24 04:14:53,905 [Listener at 127.0.0.1/38503] INFO  ozone.MiniOzoneClusterImpl (MiniOzoneClusterImpl.java:lambda$waitForClusterToBeReady$0(224)) - Waiting for cluster to exit safe mode
2022-04-24 04:14:53,905 [Listener at 127.0.0.1/38503] INFO  ozone.MiniOzoneClusterImpl (MiniOzoneClusterImpl.java:lambda$waitForClusterToBeReady$0(226)) - SCM became leader
2022-04-24 04:14:53,921 [EndpointStateMachine task thread for /0.0.0.0:41217 - 0 ] INFO  ozoneimpl.OzoneContainer (OzoneContainer.java:start(335)) - Attempting to start container services.
2022-04-24 04:14:53,921 [EndpointStateMachine task thread for /0.0.0.0:41217 - 0 ] INFO  ozoneimpl.OzoneContainer (OzoneContainer.java:startContainerScrub(270)) - Background container scanner has been disabled.
2022-04-24 04:14:53,927 [EndpointStateMachine task thread for /0.0.0.0:41217 - 0 ] INFO  replication.ReplicationServer (ReplicationServer.java:start(111)) - ReplicationServer is started using port 37053
2022-04-24 04:14:53,928 [EndpointStateMachine task thread for /0.0.0.0:41217 - 0 ] INFO  ratis.XceiverServerRatis (XceiverServerRatis.java:start(481)) - Starting XceiverServerRatis fe9480c6-0304-45ac-b1dc-5616f3c657bb
2022-04-24 04:14:53,928 [EndpointStateMachine task thread for /0.0.0.0:41217 - 0 ] INFO  server.RaftServer (RaftServerProxy.java:lambda$start$5(374)) - fe9480c6-0304-45ac-b1dc-5616f3c657bb: start RPC server
2022-04-24 04:14:53,930 [EndpointStateMachine task thread for /0.0.0.0:41217 - 0 ] INFO  server.GrpcService (GrpcService.java:startImpl(253)) - fe9480c6-0304-45ac-b1dc-5616f3c657bb: GrpcService started, listening on 33537
2022-04-24 04:14:53,930 [EndpointStateMachine task thread for /0.0.0.0:41217 - 0 ] INFO  ratis.XceiverServerRatis (XceiverServerRatis.java:getRealPort(502)) - XceiverServerRatis fe9480c6-0304-45ac-b1dc-5616f3c657bb is started using port 33537 for RATIS
2022-04-24 04:14:53,930 [org.apache.ratis.util.JvmPauseMonitor$$Lambda$580/177642409@2b558f10] INFO  util.JvmPauseMonitor (JvmPauseMonitor.java:run(103)) - JvmPauseMonitor-fe9480c6-0304-45ac-b1dc-5616f3c657bb: Started
2022-04-24 04:14:53,930 [EndpointStateMachine task thread for /0.0.0.0:41217 - 0 ] INFO  ratis.XceiverServerRatis (XceiverServerRatis.java:getRealPort(502)) - XceiverServerRatis fe9480c6-0304-45ac-b1dc-5616f3c657bb is started using port 33537 for RATIS_ADMIN
2022-04-24 04:14:53,931 [EndpointStateMachine task thread for /0.0.0.0:41217 - 0 ] INFO  ratis.XceiverServerRatis (XceiverServerRatis.java:getRealPort(502)) - XceiverServerRatis fe9480c6-0304-45ac-b1dc-5616f3c657bb is started using port 33537 for RATIS_SERVER
2022-04-24 04:14:53,934 [EndpointStateMachine task thread for /0.0.0.0:41217 - 0 ] INFO  server.XceiverServerGrpc (XceiverServerGrpc.java:start(180)) - XceiverServerGrpc fe9480c6-0304-45ac-b1dc-5616f3c657bb is started using port 40241
2022-04-24 04:14:54,836 [IPC Server handler 3 on default port 41217] INFO  net.NetworkTopologyImpl (NetworkTopologyImpl.java:add(112)) - Added a new node: /default-rack/8e96264f-9eb0-4fa6-9fb0-f6b0892d4633
2022-04-24 04:14:54,838 [IPC Server handler 3 on default port 41217] INFO  node.SCMNodeManager (SCMNodeManager.java:register(391)) - Registered Data node : 8e96264f-9eb0-4fa6-9fb0-f6b0892d4633{ip: 10.1.0.15, host: fv-az50-870.grzltbmokehuzjyc5b133kdqgh.cx.internal.cloudapp.net, ports: [REPLICATION=44619, RATIS=37687, RATIS_ADMIN=37687, RATIS_SERVER=37687, STANDALONE=39377], networkLocation: /default-rack, certSerialId: null, persistedOpState: null, persistedOpStateExpiryEpochSec: 0}
2022-04-24 04:14:54,842 [EventQueue-NewNodeForNewNodeHandler] INFO  pipeline.BackgroundPipelineCreator (BackgroundPipelineCreator.java:notifyEventTriggered(284)) - trigger a one-shot run on RatisPipelineUtilsThread.
2022-04-24 04:14:54,855 [RatisPipelineUtilsThread - 0] INFO  pipeline.RatisPipelineProvider (RatisPipelineProvider.java:lambda$create$0(195)) - Sending CreatePipelineCommand for pipeline:PipelineID=afc2ac7b-2091-4efc-9015-716c8b274692 to datanode:8e96264f-9eb0-4fa6-9fb0-f6b0892d4633
2022-04-24 04:14:54,856 [EventQueue-NodeRegistrationContainerReportForContainerSafeModeRule] INFO  safemode.SCMSafeModeManager (SCMSafeModeManager.java:validateSafeModeExitRules(204)) - ContainerSafeModeRule rule is successfully validated
2022-04-24 04:14:54,856 [EventQueue-NodeRegistrationContainerReportForDataNodeSafeModeRule] INFO  safemode.SCMSafeModeManager (DataNodeSafeModeRule.java:process(71)) - SCM in safe mode. 1 DataNodes registered, 3 required.
2022-04-24 04:14:54,860 [EventQueue-PipelineReportForOneReplicaPipelineSafeModeRule] INFO  safemode.SCMSafeModeManager (SCMSafeModeManager.java:validateSafeModeExitRules(204)) - AtleastOneDatanodeReportedRule rule is successfully validated
2022-04-24 04:14:54,871 [RatisPipelineUtilsThread - 0] INFO  pipeline.PipelineStateManagerImpl (PipelineStateManagerImpl.java:addPipeline(101)) - Created pipeline Pipeline[ Id: afc2ac7b-2091-4efc-9015-716c8b274692, Nodes: 8e96264f-9eb0-4fa6-9fb0-f6b0892d4633{ip: 10.1.0.15, host: fv-az50-870.grzltbmokehuzjyc5b133kdqgh.cx.internal.cloudapp.net, ports: [REPLICATION=44619, RATIS=37687, RATIS_ADMIN=37687, RATIS_SERVER=37687, STANDALONE=39377], networkLocation: /default-rack, certSerialId: null, persistedOpState: IN_SERVICE, persistedOpStateExpiryEpochSec: 0}, ReplicationConfig: RATIS/ONE, State:ALLOCATED, leaderId:, CreationTimestamp2022-04-24T04:14:54.852Z[Etc/UTC]].
2022-04-24 04:14:54,906 [Listener at 127.0.0.1/38503] INFO  ozone.MiniOzoneClusterImpl (MiniOzoneClusterImpl.java:lambda$waitForClusterToBeReady$0(221)) - Waiting for nodes to be ready. Got 1 of 5 DN Heartbeats.
2022-04-24 04:14:54,906 [Listener at 127.0.0.1/38503] INFO  ozone.MiniOzoneClusterImpl (MiniOzoneClusterImpl.java:lambda$waitForClusterToBeReady$0(224)) - Waiting for cluster to exit safe mode
2022-04-24 04:14:54,906 [Listener at 127.0.0.1/38503] INFO  ozone.MiniOzoneClusterImpl (MiniOzoneClusterImpl.java:lambda$waitForClusterToBeReady$0(226)) - SCM became leader
2022-04-24 04:14:55,131 [IPC Server handler 0 on default port 41217] INFO  net.NetworkTopologyImpl (NetworkTopologyImpl.java:add(112)) - Added a new node: /default-rack/e8c8a659-d261-4c5d-8a2f-41b1aaadacc9
2022-04-24 04:14:55,132 [IPC Server handler 0 on default port 41217] INFO  node.SCMNodeManager (SCMNodeManager.java:register(391)) - Registered Data node : e8c8a659-d261-4c5d-8a2f-41b1aaadacc9{ip: 10.1.0.15, host: fv-az50-870.grzltbmokehuzjyc5b133kdqgh.cx.internal.cloudapp.net, ports: [REPLICATION=37707, RATIS=38205, RATIS_ADMIN=38205, RATIS_SERVER=38205, STANDALONE=43153], networkLocation: /default-rack, certSerialId: null, persistedOpState: null, persistedOpStateExpiryEpochSec: 0}
2022-04-24 04:14:55,133 [EventQueue-NewNodeForNewNodeHandler] INFO  pipeline.BackgroundPipelineCreator (BackgroundPipelineCreator.java:notifyEventTriggered(284)) - trigger a one-shot run on RatisPipelineUtilsThread.
2022-04-24 04:14:55,133 [EventQueue-NodeRegistrationContainerReportForDataNodeSafeModeRule] INFO  safemode.SCMSafeModeManager (DataNodeSafeModeRule.java:process(71)) - SCM in safe mode. 2 DataNodes registered, 3 required.
2022-04-24 04:14:55,136 [RatisPipelineUtilsThread - 0] INFO  pipeline.RatisPipelineProvider (RatisPipelineProvider.java:lambda$create$0(195)) - Sending CreatePipelineCommand for pipeline:PipelineID=1205f272-f983-4ccc-bf06-af293890ad0c to datanode:e8c8a659-d261-4c5d-8a2f-41b1aaadacc9
2022-04-24 04:14:55,136 [RatisPipelineUtilsThread - 0] INFO  pipeline.PipelineStateManagerImpl (PipelineStateManagerImpl.java:addPipeline(101)) - Created pipeline Pipeline[ Id: 1205f272-f983-4ccc-bf06-af293890ad0c, Nodes: e8c8a659-d261-4c5d-8a2f-41b1aaadacc9{ip: 10.1.0.15, host: fv-az50-870.grzltbmokehuzjyc5b133kdqgh.cx.internal.cloudapp.net, ports: [REPLICATION=37707, RATIS=38205, RATIS_ADMIN=38205, RATIS_SERVER=38205, STANDALONE=43153], networkLocation: /default-rack, certSerialId: null, persistedOpState: IN_SERVICE, persistedOpStateExpiryEpochSec: 0}, ReplicationConfig: RATIS/ONE, State:ALLOCATED, leaderId:, CreationTimestamp2022-04-24T04:14:55.136Z[Etc/UTC]].
2022-04-24 04:14:55,482 [IPC Server handler 1 on default port 41217] INFO  net.NetworkTopologyImpl (NetworkTopologyImpl.java:add(112)) - Added a new node: /default-rack/541013cf-2288-4650-a5cb-617f95277836
2022-04-24 04:14:55,482 [IPC Server handler 1 on default port 41217] INFO  node.SCMNodeManager (SCMNodeManager.java:register(391)) - Registered Data node : 541013cf-2288-4650-a5cb-617f95277836{ip: 10.1.0.15, host: fv-az50-870.grzltbmokehuzjyc5b133kdqgh.cx.internal.cloudapp.net, ports: [REPLICATION=46325, RATIS=42611, RATIS_ADMIN=42611, RATIS_SERVER=42611, STANDALONE=38347], networkLocation: /default-rack, certSerialId: null, persistedOpState: null, persistedOpStateExpiryEpochSec: 0}
2022-04-24 04:14:55,482 [EventQueue-NewNodeForNewNodeHandler] INFO  pipeline.BackgroundPipelineCreator (BackgroundPipelineCreator.java:notifyEventTriggered(284)) - trigger a one-shot run on RatisPipelineUtilsThread.
2022-04-24 04:14:55,484 [EventQueue-NodeRegistrationContainerReportForDataNodeSafeModeRule] INFO  safemode.SCMSafeModeManager (DataNodeSafeModeRule.java:process(71)) - SCM in safe mode. 3 DataNodes registered, 3 required.
2022-04-24 04:14:55,484 [EventQueue-NodeRegistrationContainerReportForDataNodeSafeModeRule] INFO  safemode.SCMSafeModeManager (SCMSafeModeManager.java:validateSafeModeExitRules(204)) - DataNodeSafeModeRule rule is successfully validated
2022-04-24 04:14:55,484 [EventQueue-NodeRegistrationContainerReportForDataNodeSafeModeRule] INFO  safemode.SCMSafeModeManager (SCMSafeModeManager.java:completePreCheck(233)) - All SCM safe mode pre check rules have passed
2022-04-24 04:14:55,484 [EventQueue-NodeRegistrationContainerReportForDataNodeSafeModeRule] WARN  events.EventQueue (EventQueue.java:fireEvent(194)) - No event handler registered for event TypedEvent{payloadType=SafeModeStatus, name='Safe mode status'}
2022-04-24 04:14:55,484 [EventQueue-NodeRegistrationContainerReportForDataNodeSafeModeRule] INFO  ha.SCMContext (SCMContext.java:updateSafeModeStatus(211)) - Update SafeModeStatus from SafeModeStatus{safeModeStatus=true, preCheckPassed=false} to SafeModeStatus{safeModeStatus=true, preCheckPassed=true}.
2022-04-24 04:14:55,484 [EventQueue-NodeRegistrationContainerReportForDataNodeSafeModeRule] INFO  pipeline.BackgroundPipelineCreator (BackgroundPipelineCreator.java:notifyEventTriggered(284)) - trigger a one-shot run on RatisPipelineUtilsThread.
2022-04-24 04:14:55,485 [RatisPipelineUtilsThread - 0] INFO  pipeline.RatisPipelineProvider (RatisPipelineProvider.java:lambda$create$0(195)) - Sending CreatePipelineCommand for pipeline:PipelineID=21f5c4fc-a501-4435-b484-77e5f71781cc to datanode:541013cf-2288-4650-a5cb-617f95277836
2022-04-24 04:14:55,486 [RatisPipelineUtilsThread - 0] INFO  pipeline.PipelineStateManagerImpl (PipelineStateManagerImpl.java:addPipeline(101)) - Created pipeline Pipeline[ Id: 21f5c4fc-a501-4435-b484-77e5f71781cc, Nodes: 541013cf-2288-4650-a5cb-617f95277836{ip: 10.1.0.15, host: fv-az50-870.grzltbmokehuzjyc5b133kdqgh.cx.internal.cloudapp.net, ports: [REPLICATION=46325, RATIS=42611, RATIS_ADMIN=42611, RATIS_SERVER=42611, STANDALONE=38347], networkLocation: /default-rack, certSerialId: null, persistedOpState: IN_SERVICE, persistedOpStateExpiryEpochSec: 0}, ReplicationConfig: RATIS/ONE, State:ALLOCATED, leaderId:, CreationTimestamp2022-04-24T04:14:55.485Z[Etc/UTC]].
2022-04-24 04:14:55,490 [RatisPipelineUtilsThread - 0] INFO  pipeline.RatisPipelineProvider (RatisPipelineProvider.java:lambda$create$0(195)) - Sending CreatePipelineCommand for pipeline:PipelineID=d4604e0f-572a-4a89-97eb-45e776b468c9 to datanode:541013cf-2288-4650-a5cb-617f95277836
2022-04-24 04:14:55,490 [RatisPipelineUtilsThread - 0] INFO  pipeline.RatisPipelineProvider (RatisPipelineProvider.java:lambda$create$0(195)) - Sending CreatePipelineCommand for pipeline:PipelineID=d4604e0f-572a-4a89-97eb-45e776b468c9 to datanode:e8c8a659-d261-4c5d-8a2f-41b1aaadacc9
2022-04-24 04:14:55,490 [RatisPipelineUtilsThread - 0] INFO  pipeline.RatisPipelineProvider (RatisPipelineProvider.java:lambda$create$0(195)) - Sending CreatePipelineCommand for pipeline:PipelineID=d4604e0f-572a-4a89-97eb-45e776b468c9 to datanode:8e96264f-9eb0-4fa6-9fb0-f6b0892d4633
2022-04-24 04:14:55,491 [RatisPipelineUtilsThread - 0] INFO  pipeline.PipelineStateManagerImpl (PipelineStateManagerImpl.java:addPipeline(101)) - Created pipeline Pipeline[ Id: d4604e0f-572a-4a89-97eb-45e776b468c9, Nodes: 541013cf-2288-4650-a5cb-617f95277836{ip: 10.1.0.15, host: fv-az50-870.grzltbmokehuzjyc5b133kdqgh.cx.internal.cloudapp.net, ports: [REPLICATION=46325, RATIS=42611, RATIS_ADMIN=42611, RATIS_SERVER=42611, STANDALONE=38347], networkLocation: /default-rack, certSerialId: null, persistedOpState: IN_SERVICE, persistedOpStateExpiryEpochSec: 0}e8c8a659-d261-4c5d-8a2f-41b1aaadacc9{ip: 10.1.0.15, host: fv-az50-870.grzltbmokehuzjyc5b133kdqgh.cx.internal.cloudapp.net, ports: [REPLICATION=37707, RATIS=38205, RATIS_ADMIN=38205, RATIS_SERVER=38205, STANDALONE=43153], networkLocation: /default-rack, certSerialId: null, persistedOpState: IN_SERVICE, persistedOpStateExpiryEpochSec: 0}8e96264f-9eb0-4fa6-9fb0-f6b0892d4633{ip: 10.1.0.15, host: fv-az50-870.grzltbmokehuzjyc5b133kdqgh.cx.internal.cloudapp.net, ports: [REPLICATION=44619, RATIS=37687, RATIS_ADMIN=37687, RATIS_SERVER=37687, STANDALONE=39377], networkLocation: /default-rack, certSerialId: null, persistedOpState: IN_SERVICE, persistedOpStateExpiryEpochSec: 0}, ReplicationConfig: RATIS/THREE, State:ALLOCATED, leaderId:, CreationTimestamp2022-04-24T04:14:55.490Z[Etc/UTC]].
2022-04-24 04:14:55,492 [RatisPipelineUtilsThread - 0] INFO  pipeline.RatisPipelineProvider (RatisPipelineProvider.java:lambda$create$0(195)) - Sending CreatePipelineCommand for pipeline:PipelineID=15211a34-0e77-4a80-b463-643b1867606f to datanode:e8c8a659-d261-4c5d-8a2f-41b1aaadacc9
2022-04-24 04:14:55,492 [RatisPipelineUtilsThread - 0] INFO  pipeline.RatisPipelineProvider (RatisPipelineProvider.java:lambda$create$0(195)) - Sending CreatePipelineCommand for pipeline:PipelineID=15211a34-0e77-4a80-b463-643b1867606f to datanode:8e96264f-9eb0-4fa6-9fb0-f6b0892d4633
2022-04-24 04:14:55,492 [RatisPipelineUtilsThread - 0] INFO  pipeline.RatisPipelineProvider (RatisPipelineProvider.java:lambda$create$0(195)) - Sending CreatePipelineCommand for pipeline:PipelineID=15211a34-0e77-4a80-b463-643b1867606f to datanode:541013cf-2288-4650-a5cb-617f95277836
2022-04-24 04:14:55,493 [RatisPipelineUtilsThread - 0] INFO  pipeline.PipelineStateManagerImpl (PipelineStateManagerImpl.java:addPipeline(101)) - Created pipeline Pipeline[ Id: 15211a34-0e77-4a80-b463-643b1867606f, Nodes: e8c8a659-d261-4c5d-8a2f-41b1aaadacc9{ip: 10.1.0.15, host: fv-az50-870.grzltbmokehuzjyc5b133kdqgh.cx.internal.cloudapp.net, ports: [REPLICATION=37707, RATIS=38205, RATIS_ADMIN=38205, RATIS_SERVER=38205, STANDALONE=43153], networkLocation: /default-rack, certSerialId: null, persistedOpState: IN_SERVICE, persistedOpStateExpiryEpochSec: 0}8e96264f-9eb0-4fa6-9fb0-f6b0892d4633{ip: 10.1.0.15, host: fv-az50-870.grzltbmokehuzjyc5b133kdqgh.cx.internal.cloudapp.net, ports: [REPLICATION=44619, RATIS=37687, RATIS_ADMIN=37687, RATIS_SERVER=37687, STANDALONE=39377], networkLocation: /default-rack, certSerialId: null, persistedOpState: IN_SERVICE, persistedOpStateExpiryEpochSec: 0}541013cf-2288-4650-a5cb-617f95277836{ip: 10.1.0.15, host: fv-az50-870.grzltbmokehuzjyc5b133kdqgh.cx.internal.cloudapp.net, ports: [REPLICATION=46325, RATIS=42611, RATIS_ADMIN=42611, RATIS_SERVER=42611, STANDALONE=38347], networkLocation: /default-rack, certSerialId: null, persistedOpState: IN_SERVICE, persistedOpStateExpiryEpochSec: 0}, ReplicationConfig: RATIS/THREE, State:ALLOCATED, leaderId:, CreationTimestamp2022-04-24T04:14:55.492Z[Etc/UTC]].
2022-04-24 04:14:55,493 [RatisPipelineUtilsThread - 0] INFO  pipeline.PipelineManagerImpl (PipelineManagerImpl.java:recordMetricsForPipeline(669)) - Pipeline: PipelineID=15211a34-0e77-4a80-b463-643b1867606f contains same datanodes as previous pipelines: PipelineID=d4604e0f-572a-4a89-97eb-45e776b468c9 nodeIds: e8c8a659-d261-4c5d-8a2f-41b1aaadacc9, 8e96264f-9eb0-4fa6-9fb0-f6b0892d4633, 541013cf-2288-4650-a5cb-617f95277836
2022-04-24 04:14:55,684 [IPC Server handler 2 on default port 41217] INFO  net.NetworkTopologyImpl (NetworkTopologyImpl.java:add(112)) - Added a new node: /default-rack/0c7828af-8fac-44b0-ab7c-baee889924d1
2022-04-24 04:14:55,685 [IPC Server handler 2 on default port 41217] INFO  node.SCMNodeManager (SCMNodeManager.java:register(391)) - Registered Data node : 0c7828af-8fac-44b0-ab7c-baee889924d1{ip: 10.1.0.15, host: fv-az50-870.grzltbmokehuzjyc5b133kdqgh.cx.internal.cloudapp.net, ports: [REPLICATION=45663, RATIS=44817, RATIS_ADMIN=44817, RATIS_SERVER=44817, STANDALONE=38979], networkLocation: /default-rack, certSerialId: null, persistedOpState: null, persistedOpStateExpiryEpochSec: 0}
2022-04-24 04:14:55,685 [EventQueue-NewNodeForNewNodeHandler] INFO  pipeline.BackgroundPipelineCreator (BackgroundPipelineCreator.java:notifyEventTriggered(284)) - trigger a one-shot run on RatisPipelineUtilsThread.
2022-04-24 04:14:55,686 [RatisPipelineUtilsThread - 0] INFO  pipeline.RatisPipelineProvider (RatisPipelineProvider.java:lambda$create$0(195)) - Sending CreatePipelineCommand for pipeline:PipelineID=314585cc-4e9f-4d76-8f8b-59ca3c2c35d0 to datanode:0c7828af-8fac-44b0-ab7c-baee889924d1
2022-04-24 04:14:55,687 [RatisPipelineUtilsThread - 0] INFO  pipeline.PipelineStateManagerImpl (PipelineStateManagerImpl.java:addPipeline(101)) - Created pipeline Pipeline[ Id: 314585cc-4e9f-4d76-8f8b-59ca3c2c35d0, Nodes: 0c7828af-8fac-44b0-ab7c-baee889924d1{ip: 10.1.0.15, host: fv-az50-870.grzltbmokehuzjyc5b133kdqgh.cx.internal.cloudapp.net, ports: [REPLICATION=45663, RATIS=44817, RATIS_ADMIN=44817, RATIS_SERVER=44817, STANDALONE=38979], networkLocation: /default-rack, certSerialId: null, persistedOpState: IN_SERVICE, persistedOpStateExpiryEpochSec: 0}, ReplicationConfig: RATIS/ONE, State:ALLOCATED, leaderId:, CreationTimestamp2022-04-24T04:14:55.686Z[Etc/UTC]].
2022-04-24 04:14:55,907 [Listener at 127.0.0.1/38503] INFO  ozone.MiniOzoneClusterImpl (MiniOzoneClusterImpl.java:lambda$waitForClusterToBeReady$0(221)) - Waiting for nodes to be ready. Got 4 of 5 DN Heartbeats.
2022-04-24 04:14:55,907 [Listener at 127.0.0.1/38503] INFO  ozone.MiniOzoneClusterImpl (MiniOzoneClusterImpl.java:lambda$waitForClusterToBeReady$0(224)) - Waiting for cluster to exit safe mode
2022-04-24 04:14:55,907 [Listener at 127.0.0.1/38503] INFO  ozone.MiniOzoneClusterImpl (MiniOzoneClusterImpl.java:lambda$waitForClusterToBeReady$0(226)) - SCM became leader
2022-04-24 04:14:55,914 [IPC Server handler 4 on default port 41217] INFO  net.NetworkTopologyImpl (NetworkTopologyImpl.java:add(112)) - Added a new node: /default-rack/fe9480c6-0304-45ac-b1dc-5616f3c657bb
2022-04-24 04:14:55,914 [IPC Server handler 4 on default port 41217] INFO  node.SCMNodeManager (SCMNodeManager.java:register(391)) - Registered Data node : fe9480c6-0304-45ac-b1dc-5616f3c657bb{ip: 10.1.0.15, host: fv-az50-870.grzltbmokehuzjyc5b133kdqgh.cx.internal.cloudapp.net, ports: [REPLICATION=37053, RATIS=33537, RATIS_ADMIN=33537, RATIS_SERVER=33537, STANDALONE=40241], networkLocation: /default-rack, certSerialId: null, persistedOpState: null, persistedOpStateExpiryEpochSec: 0}
2022-04-24 04:14:55,914 [EventQueue-NewNodeForNewNodeHandler] INFO  pipeline.BackgroundPipelineCreator (BackgroundPipelineCreator.java:notifyEventTriggered(284)) - trigger a one-shot run on RatisPipelineUtilsThread.
2022-04-24 04:14:55,915 [RatisPipelineUtilsThread - 0] INFO  pipeline.RatisPipelineProvider (RatisPipelineProvider.java:lambda$create$0(195)) - Sending CreatePipelineCommand for pipeline:PipelineID=a933a914-e600-4840-b983-2ca9c104e74a to datanode:fe9480c6-0304-45ac-b1dc-5616f3c657bb
2022-04-24 04:14:55,916 [RatisPipelineUtilsThread - 0] INFO  pipeline.PipelineStateManagerImpl (PipelineStateManagerImpl.java:addPipeline(101)) - Created pipeline Pipeline[ Id: a933a914-e600-4840-b983-2ca9c104e74a, Nodes: fe9480c6-0304-45ac-b1dc-5616f3c657bb{ip: 10.1.0.15, host: fv-az50-870.grzltbmokehuzjyc5b133kdqgh.cx.internal.cloudapp.net, ports: [REPLICATION=37053, RATIS=33537, RATIS_ADMIN=33537, RATIS_SERVER=33537, STANDALONE=40241], networkLocation: /default-rack, certSerialId: null, persistedOpState: IN_SERVICE, persistedOpStateExpiryEpochSec: 0}, ReplicationConfig: RATIS/ONE, State:ALLOCATED, leaderId:, CreationTimestamp2022-04-24T04:14:55.915Z[Etc/UTC]].
2022-04-24 04:14:56,907 [Listener at 127.0.0.1/38503] INFO  ozone.MiniOzoneClusterImpl (MiniOzoneClusterImpl.java:lambda$waitForClusterToBeReady$0(221)) - Nodes are ready. Got 5 of 5 DN Heartbeats.
2022-04-24 04:14:56,908 [Listener at 127.0.0.1/38503] INFO  ozone.MiniOzoneClusterImpl (MiniOzoneClusterImpl.java:lambda$waitForClusterToBeReady$0(224)) - Waiting for cluster to exit safe mode
2022-04-24 04:14:56,908 [Listener at 127.0.0.1/38503] INFO  ozone.MiniOzoneClusterImpl (MiniOzoneClusterImpl.java:lambda$waitForClusterToBeReady$0(226)) - SCM became leader
2022-04-24 04:14:57,820 [Command processor thread] INFO  server.RaftServer (RaftServerProxy.java:addNew(95)) - 8e96264f-9eb0-4fa6-9fb0-f6b0892d4633: addNew group-716C8B274692:[8e96264f-9eb0-4fa6-9fb0-f6b0892d4633|rpc:10.1.0.15:37687|priority:1] returns group-716C8B274692:java.util.concurrent.CompletableFuture@2a2dcb20[Not completed]
2022-04-24 04:14:57,834 [pool-68-thread-1] INFO  server.RaftServer$Division (RaftServerImpl.java:<init>(184)) - 8e96264f-9eb0-4fa6-9fb0-f6b0892d4633: new RaftServerImpl for group-716C8B274692:[8e96264f-9eb0-4fa6-9fb0-f6b0892d4633|rpc:10.1.0.15:37687|priority:1] with ContainerStateMachine:uninitialized
2022-04-24 04:14:57,835 [pool-68-thread-1] INFO  server.RaftServerConfigKeys (ConfUtils.java:logGet(44)) - raft.server.rpc.timeout.min = 5s (custom)
2022-04-24 04:14:57,835 [pool-68-thread-1] INFO  server.RaftServerConfigKeys (ConfUtils.java:logGet(44)) - raft.server.rpc.timeout.max = 5200ms (custom)
2022-04-24 04:14:57,835 [pool-68-thread-1] INFO  server.RaftServerConfigKeys (ConfUtils.java:logGet(44)) - raft.server.rpc.sleep.time = 25ms (default)
2022-04-24 04:14:57,835 [pool-68-thread-1] INFO  server.RaftServerConfigKeys (ConfUtils.java:logGet(44)) - raft.server.rpc.slowness.timeout = 300s (custom)
2022-04-24 04:14:57,835 [pool-68-thread-1] INFO  server.RaftServerConfigKeys (ConfUtils.java:logGet(44)) - raft.server.leaderelection.leader.step-down.wait-time = 10s (default)
2022-04-24 04:14:57,835 [pool-68-thread-1] INFO  server.RaftServerConfigKeys (ConfUtils.java:logGet(44)) - raft.server.sleep.deviation.threshold = 300ms (default)
2022-04-24 04:14:57,835 [pool-68-thread-1] INFO  server.RaftServerConfigKeys (ConfUtils.java:logGet(44)) - raft.server.log.appender.install.snapshot.enabled = false (custom)
2022-04-24 04:14:57,835 [pool-68-thread-1] INFO  server.RaftServer$Division (ServerState.java:<init>(105)) - 8e96264f-9eb0-4fa6-9fb0-f6b0892d4633@group-716C8B274692: ConfigurationManager, init=-1: [8e96264f-9eb0-4fa6-9fb0-f6b0892d4633|rpc:10.1.0.15:37687|priority:1], old=null, confs=<EMPTY_MAP>
2022-04-24 04:14:57,835 [pool-68-thread-1] INFO  server.RaftServerConfigKeys (ConfUtils.java:logGet(44)) - raft.server.storage.dir = [/home/runner/work/ozone/ozone/hadoop-ozone/integration-test/target/test-dir/MiniOzoneClusterImpl-a4f891ee-a8e1-4ed6-b509-207d494f3db6/datanode-0/data/ratis] (custom)
2022-04-24 04:14:57,835 [pool-68-thread-1] INFO  server.RaftServerConfigKeys (ConfUtils.java:logGet(44)) - raft.server.log.corruption.policy = EXCEPTION (default)
2022-04-24 04:14:57,835 [pool-68-thread-1] INFO  server.RaftServerConfigKeys (ConfUtils.java:logGet(44)) - raft.server.storage.free-space.min = 0MB (=0) (default)
2022-04-24 04:14:57,836 [pool-68-thread-1] INFO  storage.RaftStorageDirectory (RaftStorageDirectoryImpl.java:analyzeStorage(135)) - The storage directory /home/runner/work/ozone/ozone/hadoop-ozone/integration-test/target/test-dir/MiniOzoneClusterImpl-a4f891ee-a8e1-4ed6-b509-207d494f3db6/datanode-0/data/ratis/afc2ac7b-2091-4efc-9015-716c8b274692 does not exist. Creating ...
2022-04-24 04:14:57,839 [pool-68-thread-1] INFO  storage.RaftStorageDirectory (RaftStorageDirectoryImpl.java:tryLock(230)) - Lock on /home/runner/work/ozone/ozone/hadoop-ozone/integration-test/target/test-dir/MiniOzoneClusterImpl-a4f891ee-a8e1-4ed6-b509-207d494f3db6/datanode-0/data/ratis/afc2ac7b-2091-4efc-9015-716c8b274692/in_use.lock acquired by nodename 18665@fv-az50-870
2022-04-24 04:14:57,840 [pool-68-thread-1] INFO  storage.RaftStorage (RaftStorageImpl.java:format(89)) - Storage directory /home/runner/work/ozone/ozone/hadoop-ozone/integration-test/target/test-dir/MiniOzoneClusterImpl-a4f891ee-a8e1-4ed6-b509-207d494f3db6/datanode-0/data/ratis/afc2ac7b-2091-4efc-9015-716c8b274692 has been successfully formatted.
2022-04-24 04:14:57,845 [pool-68-thread-1] INFO  ratis.ContainerStateMachine (ContainerStateMachine.java:loadSnapshot(236)) - group-716C8B274692: The snapshot info is null. Setting the last applied indexto:(t:0, i:~)
2022-04-24 04:14:57,845 [pool-68-thread-1] INFO  server.RaftServerConfigKeys (ConfUtils.java:logGet(44)) - raft.server.notification.no-leader.timeout = 300s (custom)
2022-04-24 04:14:57,846 [pool-68-thread-1] INFO  server.RaftServerConfigKeys (ConfUtils.java:logGet(44)) - raft.server.log.use.memory = false (default)
2022-04-24 04:14:57,846 [pool-68-thread-1] INFO  server.RaftServerConfigKeys (ConfUtils.java:logGet(44)) - raft.server.log.purge.gap = 1000000 (custom)
2022-04-24 04:14:57,846 [pool-68-thread-1] INFO  server.RaftServerConfigKeys (ConfUtils.java:logGet(44)) - raft.server.log.appender.buffer.byte-limit = 33554432 (custom)
2022-04-24 04:14:57,846 [pool-68-thread-1] INFO  server.RaftServerConfigKeys (ConfUtils.java:logGet(44)) - raft.server.log.segment.size.max = 1048576 (custom)
2022-04-24 04:14:57,847 [pool-68-thread-1] INFO  server.RaftServerConfigKeys (ConfUtils.java:logGet(44)) - raft.server.log.segment.cache.num.max = 2 (custom)
2022-04-24 04:14:57,847 [pool-68-thread-1] INFO  server.RaftServerConfigKeys (ConfUtils.java:logGet(44)) - raft.server.log.segment.cache.size.max = 200MB (=209715200) (default)
2022-04-24 04:14:57,847 [pool-68-thread-1] INFO  segmented.SegmentedRaftLogWorker (SegmentedRaftLogWorker.java:<init>(182)) - new 8e96264f-9eb0-4fa6-9fb0-f6b0892d4633@group-716C8B274692-SegmentedRaftLogWorker for RaftStorageImpl:Storage Directory /home/runner/work/ozone/ozone/hadoop-ozone/integration-test/target/test-dir/MiniOzoneClusterImpl-a4f891ee-a8e1-4ed6-b509-207d494f3db6/datanode-0/data/ratis/afc2ac7b-2091-4efc-9015-716c8b274692
2022-04-24 04:14:57,847 [pool-68-thread-1] INFO  server.RaftServerConfigKeys (ConfUtils.java:logGet(44)) - raft.server.log.queue.byte-limit = 4294967296 (custom)
2022-04-24 04:14:57,847 [pool-68-thread-1] INFO  server.RaftServerConfigKeys (ConfUtils.java:logGet(44)) - raft.server.log.queue.element-limit = 1024 (custom)
2022-04-24 04:14:57,847 [pool-68-thread-1] INFO  server.RaftServerConfigKeys (ConfUtils.java:logGet(44)) - raft.server.log.segment.size.max = 1048576 (custom)
2022-04-24 04:14:57,847 [pool-68-thread-1] INFO  server.RaftServerConfigKeys (ConfUtils.java:logGet(44)) - raft.server.log.preallocated.size = 16384 (custom)
2022-04-24 04:14:57,847 [pool-68-thread-1] INFO  server.RaftServerConfigKeys (ConfUtils.java:logGet(44)) - raft.server.log.force.sync.num = 128 (default)
2022-04-24 04:14:57,847 [pool-68-thread-1] INFO  server.RaftServerConfigKeys (ConfUtils.java:logGet(44)) - raft.server.log.statemachine.data.sync = true (default)
2022-04-24 04:14:57,847 [pool-68-thread-1] INFO  server.RaftServerConfigKeys (ConfUtils.java:logGet(44)) - raft.server.log.statemachine.data.sync.timeout = 10s (default)
2022-04-24 04:14:57,847 [pool-68-thread-1] INFO  server.RaftServerConfigKeys (ConfUtils.java:logGet(44)) - raft.server.log.statemachine.data.sync.timeout.retry = -1 (default)
2022-04-24 04:14:57,849 [pool-68-thread-1] INFO  server.RaftServerConfigKeys (ConfUtils.java:logGet(44)) - raft.server.log.write.buffer.size = 1048576 (custom)
2022-04-24 04:14:57,850 [pool-68-thread-1] INFO  server.RaftServerConfigKeys (ConfUtils.java:logGet(44)) - raft.server.log.statemachine.data.caching.enabled = true (custom)
2022-04-24 04:14:57,850 [pool-68-thread-1] INFO  segmented.SegmentedRaftLogWorker (SegmentedRaftLogWorker.java:lambda$new$0(133)) - 8e96264f-9eb0-4fa6-9fb0-f6b0892d4633@group-716C8B274692-SegmentedRaftLogWorker: flushIndex: setUnconditionally 0 -> -1
2022-04-24 04:14:57,850 [pool-68-thread-1] INFO  segmented.SegmentedRaftLogWorker (SegmentedRaftLogWorker.java:lambda$new$0(133)) - 8e96264f-9eb0-4fa6-9fb0-f6b0892d4633@group-716C8B274692-SegmentedRaftLogWorker: safeCacheEvictIndex: setUnconditionally 0 -> -1
2022-04-24 04:14:57,853 [pool-68-thread-1] INFO  server.RaftServerConfigKeys (ConfUtils.java:logGet(44)) - raft.server.snapshot.auto.trigger.enabled = true (custom)
2022-04-24 04:14:57,853 [pool-68-thread-1] INFO  server.RaftServerConfigKeys (ConfUtils.java:logGet(44)) - raft.server.snapshot.auto.trigger.threshold = 10000 (custom)
2022-04-24 04:14:57,853 [pool-68-thread-1] INFO  server.RaftServerConfigKeys (ConfUtils.java:logGet(44)) - raft.server.snapshot.retention.file.num = 5 (custom)
2022-04-24 04:14:57,854 [pool-68-thread-1] INFO  server.RaftServerConfigKeys (ConfUtils.java:logGet(44)) - raft.server.log.purge.upto.snapshot.index = false (default)
2022-04-24 04:14:57,854 [pool-68-thread-1] INFO  server.RaftServerConfigKeys (ConfUtils.java:logGet(44)) - raft.server.retrycache.expirytime = 600000ms (custom)
2022-04-24 04:14:57,854 [pool-68-thread-1] INFO  server.RaftServerConfigKeys (ConfUtils.java:logGet(44)) - raft.server.retrycache.statistics.expirytime = 100μs (default)
2022-04-24 04:14:57,856 [pool-68-thread-1] INFO  server.RaftServer$Division (RaftServerImpl.java:start(301)) - 8e96264f-9eb0-4fa6-9fb0-f6b0892d4633@group-716C8B274692: start as a follower, conf=-1: [8e96264f-9eb0-4fa6-9fb0-f6b0892d4633|rpc:10.1.0.15:37687|priority:1], old=null
2022-04-24 04:14:57,856 [pool-68-thread-1] INFO  server.RaftServer$Division (RaftServerImpl.java:setRole(290)) - 8e96264f-9eb0-4fa6-9fb0-f6b0892d4633@group-716C8B274692: changes role from      null to FOLLOWER at term 0 for startAsFollower
2022-04-24 04:14:57,856 [pool-68-thread-1] INFO  impl.RoleInfo (RoleInfo.java:updateAndGet(130)) - 8e96264f-9eb0-4fa6-9fb0-f6b0892d4633: start 8e96264f-9eb0-4fa6-9fb0-f6b0892d4633@group-716C8B274692-FollowerState
2022-04-24 04:14:57,858 [pool-68-thread-1] INFO  util.JmxRegister (JmxRegister.java:tryRegister(44)) - Successfully registered JMX Bean with object name Ratis:service=RaftServer,group=group-716C8B274692,id=8e96264f-9eb0-4fa6-9fb0-f6b0892d4633
2022-04-24 04:14:57,882 [EventQueue-PipelineReportForPipelineReportHandler] INFO  pipeline.PipelineManagerImpl (PipelineManagerImpl.java:openPipeline(321)) - Pipeline Pipeline[ Id: afc2ac7b-2091-4efc-9015-716c8b274692, Nodes: 8e96264f-9eb0-4fa6-9fb0-f6b0892d4633{ip: 10.1.0.15, host: fv-az50-870.grzltbmokehuzjyc5b133kdqgh.cx.internal.cloudapp.net, ports: [REPLICATION=44619, RATIS=37687, RATIS_ADMIN=37687, RATIS_SERVER=37687, STANDALONE=39377], networkLocation: /default-rack, certSerialId: null, persistedOpState: IN_SERVICE, persistedOpStateExpiryEpochSec: 0}, ReplicationConfig: RATIS/ONE, State:ALLOCATED, leaderId:8e96264f-9eb0-4fa6-9fb0-f6b0892d4633, CreationTimestamp2022-04-24T04:14:54.852Z[Etc/UTC]] moved to OPEN state
2022-04-24 04:14:57,885 [EventQueue-OpenPipelineForHealthyPipelineSafeModeRule] INFO  safemode.SCMSafeModeManager (HealthyPipelineSafeModeRule.java:process(124)) - SCM in safe mode. Healthy pipelines reported count is 0, required healthy pipeline reported count is 1
2022-04-24 04:14:57,888 [Command processor thread] INFO  ratis.XceiverServerRatis (XceiverServerRatis.java:addGroup(765)) - Created group PipelineID=afc2ac7b-2091-4efc-9015-716c8b274692
2022-04-24 04:14:57,889 [Command processor thread] INFO  commandhandler.CreatePipelineCommandHandler (CreatePipelineCommandHandler.java:handle(113)) - Created Pipeline RATIS ONE PipelineID=afc2ac7b-2091-4efc-9015-716c8b274692.
2022-04-24 04:14:57,889 [Command processor thread] INFO  server.RaftServer (RaftServerProxy.java:addNew(95)) - 8e96264f-9eb0-4fa6-9fb0-f6b0892d4633: addNew group-45E776B468C9:[541013cf-2288-4650-a5cb-617f95277836|rpc:10.1.0.15:42611|priority:0, 8e96264f-9eb0-4fa6-9fb0-f6b0892d4633|rpc:10.1.0.15:37687|priority:1, e8c8a659-d261-4c5d-8a2f-41b1aaadacc9|rpc:10.1.0.15:38205|priority:0] returns group-45E776B468C9:java.util.concurrent.CompletableFuture@4f20c9c6[Not completed]
2022-04-24 04:14:57,893 [pool-68-thread-1] INFO  server.RaftServer$Division (RaftServerImpl.java:<init>(184)) - 8e96264f-9eb0-4fa6-9fb0-f6b0892d4633: new RaftServerImpl for group-45E776B468C9:[541013cf-2288-4650-a5cb-617f95277836|rpc:10.1.0.15:42611|priority:0, 8e96264f-9eb0-4fa6-9fb0-f6b0892d4633|rpc:10.1.0.15:37687|priority:1, e8c8a659-d261-4c5d-8a2f-41b1aaadacc9|rpc:10.1.0.15:38205|priority:0] with ContainerStateMachine:uninitialized
2022-04-24 04:14:57,893 [pool-68-thread-1] INFO  server.RaftServerConfigKeys (ConfUtils.java:logGet(44)) - raft.server.rpc.timeout.min = 5s (custom)
2022-04-24 04:14:57,893 [pool-68-thread-1] INFO  server.RaftServerConfigKeys (ConfUtils.java:logGet(44)) - raft.server.rpc.timeout.max = 5200ms (custom)
2022-04-24 04:14:57,893 [pool-68-thread-1] INFO  server.RaftServerConfigKeys (ConfUtils.java:logGet(44)) - raft.server.rpc.sleep.time = 25ms (default)
2022-04-24 04:14:57,893 [pool-68-thread-1] INFO  server.RaftServerConfigKeys (ConfUtils.java:logGet(44)) - raft.server.rpc.slowness.timeout = 300s (custom)
2022-04-24 04:14:57,893 [pool-68-thread-1] INFO  server.RaftServerConfigKeys (ConfUtils.java:logGet(44)) - raft.server.leaderelection.leader.step-down.wait-time = 10s (default)
2022-04-24 04:14:57,893 [pool-68-thread-1] INFO  server.RaftServerConfigKeys (ConfUtils.java:logGet(44)) - raft.server.sleep.deviation.threshold = 300ms (default)
2022-04-24 04:14:57,893 [pool-68-thread-1] INFO  server.RaftServerConfigKeys (ConfUtils.java:logGet(44)) - raft.server.log.appender.install.snapshot.enabled = false (custom)
2022-04-24 04:14:57,894 [pool-68-thread-1] INFO  server.RaftServer$Division (ServerState.java:<init>(105)) - 8e96264f-9eb0-4fa6-9fb0-f6b0892d4633@group-45E776B468C9: ConfigurationManager, init=-1: [541013cf-2288-4650-a5cb-617f95277836|rpc:10.1.0.15:42611|priority:0, 8e96264f-9eb0-4fa6-9fb0-f6b0892d4633|rpc:10.1.0.15:37687|priority:1, e8c8a659-d261-4c5d-8a2f-41b1aaadacc9|rpc:10.1.0.15:38205|priority:0], old=null, confs=<EMPTY_MAP>
2022-04-24 04:14:57,894 [pool-68-thread-1] INFO  server.RaftServerConfigKeys (ConfUtils.java:logGet(44)) - raft.server.storage.dir = [/home/runner/work/ozone/ozone/hadoop-ozone/integration-test/target/test-dir/MiniOzoneClusterImpl-a4f891ee-a8e1-4ed6-b509-207d494f3db6/datanode-0/data/ratis] (custom)
2022-04-24 04:14:57,894 [pool-68-thread-1] INFO  server.RaftServerConfigKeys (ConfUtils.java:logGet(44)) - raft.server.log.corruption.policy = EXCEPTION (default)
2022-04-24 04:14:57,894 [pool-68-thread-1] INFO  server.RaftServerConfigKeys (ConfUtils.java:logGet(44)) - raft.server.storage.free-space.min = 0MB (=0) (default)
2022-04-24 04:14:57,894 [pool-68-thread-1] INFO  storage.RaftStorageDirectory (RaftStorageDirectoryImpl.java:analyzeStorage(135)) - The storage directory /home/runner/work/ozone/ozone/hadoop-ozone/integration-test/target/test-dir/MiniOzoneClusterImpl-a4f891ee-a8e1-4ed6-b509-207d494f3db6/datanode-0/data/ratis/d4604e0f-572a-4a89-97eb-45e776b468c9 does not exist. Creating ...
2022-04-24 04:14:57,895 [pool-68-thread-1] INFO  storage.RaftStorageDirectory (RaftStorageDirectoryImpl.java:tryLock(230)) - Lock on /home/runner/work/ozone/ozone/hadoop-ozone/integration-test/target/test-dir/MiniOzoneClusterImpl-a4f891ee-a8e1-4ed6-b509-207d494f3db6/datanode-0/data/ratis/d4604e0f-572a-4a89-97eb-45e776b468c9/in_use.lock acquired by nodename 18665@fv-az50-870
2022-04-24 04:14:57,897 [pool-68-thread-1] INFO  storage.RaftStorage (RaftStorageImpl.java:format(89)) - Storage directory /home/runner/work/ozone/ozone/hadoop-ozone/integration-test/target/test-dir/MiniOzoneClusterImpl-a4f891ee-a8e1-4ed6-b509-207d494f3db6/datanode-0/data/ratis/d4604e0f-572a-4a89-97eb-45e776b468c9 has been successfully formatted.
2022-04-24 04:14:57,897 [pool-68-thread-1] INFO  ratis.ContainerStateMachine (ContainerStateMachine.java:loadSnapshot(236)) - group-45E776B468C9: The snapshot info is null. Setting the last applied indexto:(t:0, i:~)
2022-04-24 04:14:57,897 [pool-68-thread-1] INFO  server.RaftServerConfigKeys (ConfUtils.java:logGet(44)) - raft.server.notification.no-leader.timeout = 300s (custom)
2022-04-24 04:14:57,897 [pool-68-thread-1] INFO  server.RaftServerConfigKeys (ConfUtils.java:logGet(44)) - raft.server.log.use.memory = false (default)
2022-04-24 04:14:57,900 [pool-68-thread-1] INFO  server.RaftServerConfigKeys (ConfUtils.java:logGet(44)) - raft.server.log.purge.gap = 1000000 (custom)
2022-04-24 04:14:57,900 [pool-68-thread-1] INFO  server.RaftServerConfigKeys (ConfUtils.java:logGet(44)) - raft.server.log.appender.buffer.byte-limit = 33554432 (custom)
2022-04-24 04:14:57,900 [pool-68-thread-1] INFO  server.RaftServerConfigKeys (ConfUtils.java:logGet(44)) - raft.server.log.segment.size.max = 1048576 (custom)
2022-04-24 04:14:57,901 [EventQueue-OpenPipelineForHealthyPipelineSafeModeRule] INFO  safemode.SCMSafeModeManager (HealthyPipelineSafeModeRule.java:process(124)) - SCM in safe mode. Healthy pipelines reported count is 0, required healthy pipeline reported count is 1
2022-04-24 04:14:57,905 [pool-68-thread-1] INFO  server.RaftServerConfigKeys (ConfUtils.java:logGet(44)) - raft.server.log.segment.cache.num.max = 2 (custom)
2022-04-24 04:14:57,905 [pool-68-thread-1] INFO  server.RaftServerConfigKeys (ConfUtils.java:logGet(44)) - raft.server.log.segment.cache.size.max = 200MB (=209715200) (default)
2022-04-24 04:14:57,905 [pool-68-thread-1] INFO  segmented.SegmentedRaftLogWorker (SegmentedRaftLogWorker.java:<init>(182)) - new 8e96264f-9eb0-4fa6-9fb0-f6b0892d4633@group-45E776B468C9-SegmentedRaftLogWorker for RaftStorageImpl:Storage Directory /home/runner/work/ozone/ozone/hadoop-ozone/integration-test/target/test-dir/MiniOzoneClusterImpl-a4f891ee-a8e1-4ed6-b509-207d494f3db6/datanode-0/data/ratis/d4604e0f-572a-4a89-97eb-45e776b468c9
2022-04-24 04:14:57,905 [pool-68-thread-1] INFO  server.RaftServerConfigKeys (ConfUtils.java:logGet(44)) - raft.server.log.queue.byte-limit = 4294967296 (custom)
2022-04-24 04:14:57,905 [pool-68-thread-1] INFO  server.RaftServerConfigKeys (ConfUtils.java:logGet(44)) - raft.server.log.queue.element-limit = 1024 (custom)
2022-04-24 04:14:57,905 [pool-68-thread-1] INFO  server.RaftServerConfigKeys (ConfUtils.java:logGet(44)) - raft.server.log.segment.size.max = 1048576 (custom)
2022-04-24 04:14:57,905 [pool-68-thread-1] INFO  server.RaftServerConfigKeys (ConfUtils.java:logGet(44)) - raft.server.log.preallocated.size = 16384 (custom)
2022-04-24 04:14:57,905 [pool-68-thread-1] INFO  server.RaftServerConfigKeys (ConfUtils.java:logGet(44)) - raft.server.log.force.sync.num = 128 (default)
2022-04-24 04:14:57,905 [pool-68-thread-1] INFO  server.RaftServerConfigKeys (ConfUtils.java:logGet(44)) - raft.server.log.statemachine.data.sync = true (default)
2022-04-24 04:14:57,905 [pool-68-thread-1] INFO  server.RaftServerConfigKeys (ConfUtils.java:logGet(44)) - raft.server.log.statemachine.data.sync.timeout = 10s (default)
2022-04-24 04:14:57,905 [pool-68-thread-1] INFO  server.RaftServerConfigKeys (ConfUtils.java:logGet(44)) - raft.server.log.statemachine.data.sync.timeout.retry = -1 (default)
2022-04-24 04:14:57,907 [pool-68-thread-1] INFO  server.RaftServerConfigKeys (ConfUtils.java:logGet(44)) - raft.server.log.write.buffer.size = 1048576 (custom)
2022-04-24 04:14:57,908 [pool-68-thread-1] INFO  server.RaftServerConfigKeys (ConfUtils.java:logGet(44)) - raft.server.log.statemachine.data.caching.enabled = true (custom)
2022-04-24 04:14:57,908 [pool-68-thread-1] INFO  segmented.SegmentedRaftLogWorker (SegmentedRaftLogWorker.java:lambda$new$0(133)) - 8e96264f-9eb0-4fa6-9fb0-f6b0892d4633@group-45E776B468C9-SegmentedRaftLogWorker: flushIndex: setUnconditionally 0 -> -1
2022-04-24 04:14:57,908 [pool-68-thread-1] INFO  segmented.SegmentedRaftLogWorker (SegmentedRaftLogWorker.java:lambda$new$0(133)) - 8e96264f-9eb0-4fa6-9fb0-f6b0892d4633@group-45E776B468C9-SegmentedRaftLogWorker: safeCacheEvictIndex: setUnconditionally 0 -> -1
2022-04-24 04:14:57,908 [Listener at 127.0.0.1/38503] INFO  ozone.MiniOzoneClusterImpl (MiniOzoneClusterImpl.java:lambda$waitForClusterToBeReady$0(221)) - Nodes are ready. Got 5 of 5 DN Heartbeats.
2022-04-24 04:14:57,908 [Listener at 127.0.0.1/38503] INFO  ozone.MiniOzoneClusterImpl (MiniOzoneClusterImpl.java:lambda$waitForClusterToBeReady$0(224)) - Waiting for cluster to exit safe mode
2022-04-24 04:14:57,908 [Listener at 127.0.0.1/38503] INFO  ozone.MiniOzoneClusterImpl (MiniOzoneClusterImpl.java:lambda$waitForClusterToBeReady$0(226)) - SCM became leader
2022-04-24 04:14:57,923 [pool-68-thread-1] INFO  server.RaftServerConfigKeys (ConfUtils.java:logGet(44)) - raft.server.snapshot.auto.trigger.enabled = true (custom)
2022-04-24 04:14:57,924 [pool-68-thread-1] INFO  server.RaftServerConfigKeys (ConfUtils.java:logGet(44)) - raft.server.snapshot.auto.trigger.threshold = 10000 (custom)
2022-04-24 04:14:57,924 [pool-68-thread-1] INFO  server.RaftServerConfigKeys (ConfUtils.java:logGet(44)) - raft.server.snapshot.retention.file.num = 5 (custom)
2022-04-24 04:14:57,924 [pool-68-thread-1] INFO  server.RaftServerConfigKeys (ConfUtils.java:logGet(44)) - raft.server.log.purge.upto.snapshot.index = false (default)
2022-04-24 04:14:57,924 [pool-68-thread-1] INFO  server.RaftServerConfigKeys (ConfUtils.java:logGet(44)) - raft.server.retrycache.expirytime = 600000ms (custom)
2022-04-24 04:14:57,924 [pool-68-thread-1] INFO  server.RaftServerConfigKeys (ConfUtils.java:logGet(44)) - raft.server.retrycache.statistics.expirytime = 100μs (default)
2022-04-24 04:14:57,926 [pool-68-thread-1] INFO  server.RaftServer$Division (RaftServerImpl.java:start(301)) - 8e96264f-9eb0-4fa6-9fb0-f6b0892d4633@group-45E776B468C9: start as a follower, conf=-1: [541013cf-2288-4650-a5cb-617f95277836|rpc:10.1.0.15:42611|priority:0, 8e96264f-9eb0-4fa6-9fb0-f6b0892d4633|rpc:10.1.0.15:37687|priority:1, e8c8a659-d261-4c5d-8a2f-41b1aaadacc9|rpc:10.1.0.15:38205|priority:0], old=null
2022-04-24 04:14:57,926 [pool-68-thread-1] INFO  server.RaftServer$Division (RaftServerImpl.java:setRole(290)) - 8e96264f-9eb0-4fa6-9fb0-f6b0892d4633@group-45E776B468C9: changes role from      null to FOLLOWER at term 0 for startAsFollower
2022-04-24 04:14:57,926 [pool-68-thread-1] INFO  impl.RoleInfo (RoleInfo.java:updateAndGet(130)) - 8e96264f-9eb0-4fa6-9fb0-f6b0892d4633: start 8e96264f-9eb0-4fa6-9fb0-f6b0892d4633@group-45E776B468C9-FollowerState
2022-04-24 04:14:57,926 [pool-68-thread-1] INFO  util.JmxRegister (JmxRegister.java:tryRegister(44)) - Successfully registered JMX Bean with object name Ratis:service=RaftServer,group=group-45E776B468C9,id=8e96264f-9eb0-4fa6-9fb0-f6b0892d4633
2022-04-24 04:14:57,928 [Command processor thread] INFO  ratis.XceiverServerRatis (XceiverServerRatis.java:addGroup(765)) - Created group PipelineID=d4604e0f-572a-4a89-97eb-45e776b468c9
2022-04-24 04:14:58,133 [Command processor thread] INFO  server.RaftServer (RaftServerProxy.java:addNew(95)) - e8c8a659-d261-4c5d-8a2f-41b1aaadacc9: addNew group-AF293890AD0C:[e8c8a659-d261-4c5d-8a2f-41b1aaadacc9|rpc:10.1.0.15:38205|priority:1] returns group-AF293890AD0C:java.util.concurrent.CompletableFuture@18928674[Not completed]
2022-04-24 04:14:58,135 [pool-89-thread-1] INFO  server.RaftServer$Division (RaftServerImpl.java:<init>(184)) - e8c8a659-d261-4c5d-8a2f-41b1aaadacc9: new RaftServerImpl for group-AF293890AD0C:[e8c8a659-d261-4c5d-8a2f-41b1aaadacc9|rpc:10.1.0.15:38205|priority:1] with ContainerStateMachine:uninitialized
2022-04-24 04:14:58,136 [pool-89-thread-1] INFO  server.RaftServerConfigKeys (ConfUtils.java:logGet(44)) - raft.server.rpc.timeout.min = 5s (custom)
2022-04-24 04:14:58,136 [pool-89-thread-1] INFO  server.RaftServerConfigKeys (ConfUtils.java:logGet(44)) - raft.server.rpc.timeout.max = 5200ms (custom)
2022-04-24 04:14:58,136 [pool-89-thread-1] INFO  server.RaftServerConfigKeys (ConfUtils.java:logGet(44)) - raft.server.rpc.sleep.time = 25ms (default)
2022-04-24 04:14:58,136 [pool-89-thread-1] INFO  server.RaftServerConfigKeys (ConfUtils.java:logGet(44)) - raft.server.rpc.slowness.timeout = 300s (custom)
2022-04-24 04:14:58,136 [pool-89-thread-1] INFO  server.RaftServerConfigKeys (ConfUtils.java:logGet(44)) - raft.server.leaderelection.leader.step-down.wait-time = 10s (default)
2022-04-24 04:14:58,136 [pool-89-thread-1] INFO  server.RaftServerConfigKeys (ConfUtils.java:logGet(44)) - raft.server.sleep.deviation.threshold = 300ms (default)
2022-04-24 04:14:58,136 [pool-89-thread-1] INFO  server.RaftServerConfigKeys (ConfUtils.java:logGet(44)) - raft.server.log.appender.install.snapshot.enabled = false (custom)
2022-04-24 04:14:58,137 [pool-89-thread-1] INFO  server.RaftServer$Division (ServerState.java:<init>(105)) - e8c8a659-d261-4c5d-8a2f-41b1aaadacc9@group-AF293890AD0C: ConfigurationManager, init=-1: [e8c8a659-d261-4c5d-8a2f-41b1aaadacc9|rpc:10.1.0.15:38205|priority:1], old=null, confs=<EMPTY_MAP>
2022-04-24 04:14:58,137 [pool-89-thread-1] INFO  server.RaftServerConfigKeys (ConfUtils.java:logGet(44)) - raft.server.storage.dir = [/home/runner/work/ozone/ozone/hadoop-ozone/integration-test/target/test-dir/MiniOzoneClusterImpl-a4f891ee-a8e1-4ed6-b509-207d494f3db6/datanode-1/data/ratis] (custom)
2022-04-24 04:14:58,137 [pool-89-thread-1] INFO  server.RaftServerConfigKeys (ConfUtils.java:logGet(44)) - raft.server.log.corruption.policy = EXCEPTION (default)
2022-04-24 04:14:58,137 [pool-89-thread-1] INFO  server.RaftServerConfigKeys (ConfUtils.java:logGet(44)) - raft.server.storage.free-space.min = 0MB (=0) (default)
2022-04-24 04:14:58,137 [pool-89-thread-1] INFO  storage.RaftStorageDirectory (RaftStorageDirectoryImpl.java:analyzeStorage(135)) - The storage directory /home/runner/work/ozone/ozone/hadoop-ozone/integration-test/target/test-dir/MiniOzoneClusterImpl-a4f891ee-a8e1-4ed6-b509-207d494f3db6/datanode-1/data/ratis/1205f272-f983-4ccc-bf06-af293890ad0c does not exist. Creating ...
2022-04-24 04:14:58,138 [pool-89-thread-1] INFO  storage.RaftStorageDirectory (RaftStorageDirectoryImpl.java:tryLock(230)) - Lock on /home/runner/work/ozone/ozone/hadoop-ozone/integration-test/target/test-dir/MiniOzoneClusterImpl-a4f891ee-a8e1-4ed6-b509-207d494f3db6/datanode-1/data/ratis/1205f272-f983-4ccc-bf06-af293890ad0c/in_use.lock acquired by nodename 18665@fv-az50-870
2022-04-24 04:14:58,139 [pool-89-thread-1] INFO  storage.RaftStorage (RaftStorageImpl.java:format(89)) - Storage directory /home/runner/work/ozone/ozone/hadoop-ozone/integration-test/target/test-dir/MiniOzoneClusterImpl-a4f891ee-a8e1-4ed6-b509-207d494f3db6/datanode-1/data/ratis/1205f272-f983-4ccc-bf06-af293890ad0c has been successfully formatted.
2022-04-24 04:14:58,146 [EventQueue-PipelineReportForPipelineReportHandler] INFO  pipeline.PipelineManagerImpl (PipelineManagerImpl.java:openPipeline(321)) - Pipeline Pipeline[ Id: 1205f272-f983-4ccc-bf06-af293890ad0c, Nodes: e8c8a659-d261-4c5d-8a2f-41b1aaadacc9{ip: 10.1.0.15, host: fv-az50-870.grzltbmokehuzjyc5b133kdqgh.cx.internal.cloudapp.net, ports: [REPLICATION=37707, RATIS=38205, RATIS_ADMIN=38205, RATIS_SERVER=38205, STANDALONE=43153], networkLocation: /default-rack, certSerialId: null, persistedOpState: IN_SERVICE, persistedOpStateExpiryEpochSec: 0}, ReplicationConfig: RATIS/ONE, State:ALLOCATED, leaderId:e8c8a659-d261-4c5d-8a2f-41b1aaadacc9, CreationTimestamp2022-04-24T04:14:55.136Z[Etc/UTC]] moved to OPEN state
2022-04-24 04:14:58,147 [EventQueue-OpenPipelineForHealthyPipelineSafeModeRule] INFO  safemode.SCMSafeModeManager (HealthyPipelineSafeModeRule.java:process(124)) - SCM in safe mode. Healthy pipelines reported count is 0, required healthy pipeline reported count is 1
2022-04-24 04:14:58,141 [pool-89-thread-1] INFO  ratis.ContainerStateMachine (ContainerStateMachine.java:loadSnapshot(236)) - group-AF293890AD0C: The snapshot info is null. Setting the last applied indexto:(t:0, i:~)
2022-04-24 04:14:58,153 [pool-89-thread-1] INFO  server.RaftServerConfigKeys (ConfUtils.java:logGet(44)) - raft.server.notification.no-leader.timeout = 300s (custom)
2022-04-24 04:14:58,153 [pool-89-thread-1] INFO  server.RaftServerConfigKeys (ConfUtils.java:logGet(44)) - raft.server.log.use.memory = false (default)
2022-04-24 04:14:58,153 [pool-89-thread-1] INFO  server.RaftServerConfigKeys (ConfUtils.java:logGet(44)) - raft.server.log.purge.gap = 1000000 (custom)
2022-04-24 04:14:58,153 [pool-89-thread-1] INFO  server.RaftServerConfigKeys (ConfUtils.java:logGet(44)) - raft.server.log.appender.buffer.byte-limit = 33554432 (custom)
2022-04-24 04:14:58,162 [pool-89-thread-1] INFO  server.RaftServerConfigKeys (ConfUtils.java:logGet(44)) - raft.server.log.segment.size.max = 1048576 (custom)
2022-04-24 04:14:58,167 [pool-89-thread-1] INFO  server.RaftServerConfigKeys (ConfUtils.java:logGet(44)) - raft.server.log.segment.cache.num.max = 2 (custom)
2022-04-24 04:14:58,167 [pool-89-thread-1] INFO  server.RaftServerConfigKeys (ConfUtils.java:logGet(44)) - raft.server.log.segment.cache.size.max = 200MB (=209715200) (default)
2022-04-24 04:14:58,167 [pool-89-thread-1] INFO  segmented.SegmentedRaftLogWorker (SegmentedRaftLogWorker.java:<init>(182)) - new e8c8a659-d261-4c5d-8a2f-41b1aaadacc9@group-AF293890AD0C-SegmentedRaftLogWorker for RaftStorageImpl:Storage Directory /home/runner/work/ozone/ozone/hadoop-ozone/integration-test/target/test-dir/MiniOzoneClusterImpl-a4f891ee-a8e1-4ed6-b509-207d494f3db6/datanode-1/data/ratis/1205f272-f983-4ccc-bf06-af293890ad0c
2022-04-24 04:14:58,167 [pool-89-thread-1] INFO  server.RaftServerConfigKeys (ConfUtils.java:logGet(44)) - raft.server.log.queue.byte-limit = 4294967296 (custom)
2022-04-24 04:14:58,167 [pool-89-thread-1] INFO  server.RaftServerConfigKeys (ConfUtils.java:logGet(44)) - raft.server.log.queue.element-limit = 1024 (custom)
2022-04-24 04:14:58,167 [pool-89-thread-1] INFO  server.RaftServerConfigKeys (ConfUtils.java:logGet(44)) - raft.server.log.segment.size.max = 1048576 (custom)
2022-04-24 04:14:58,167 [pool-89-thread-1] INFO  server.RaftServerConfigKeys (ConfUtils.java:logGet(44)) - raft.server.log.preallocated.size = 16384 (custom)
2022-04-24 04:14:58,167 [pool-89-thread-1] INFO  server.RaftServerConfigKeys (ConfUtils.java:logGet(44)) - raft.server.log.force.sync.num = 128 (default)
2022-04-24 04:14:58,167 [pool-89-thread-1] INFO  server.RaftServerConfigKeys (ConfUtils.java:logGet(44)) - raft.server.log.statemachine.data.sync = true (default)
2022-04-24 04:14:58,167 [pool-89-thread-1] INFO  server.RaftServerConfigKeys (ConfUtils.java:logGet(44)) - raft.server.log.statemachine.data.sync.timeout = 10s (default)
2022-04-24 04:14:58,168 [pool-89-thread-1] INFO  server.RaftServerConfigKeys (ConfUtils.java:logGet(44)) - raft.server.log.statemachine.data.sync.timeout.retry = -1 (default)
2022-04-24 04:14:58,169 [pool-89-thread-1] INFO  server.RaftServerConfigKeys (ConfUtils.java:logGet(44)) - raft.server.log.write.buffer.size = 1048576 (custom)
2022-04-24 04:14:58,170 [pool-89-thread-1] INFO  server.RaftServerConfigKeys (ConfUtils.java:logGet(44)) - raft.server.log.statemachine.data.caching.enabled = true (custom)
2022-04-24 04:14:58,170 [pool-89-thread-1] INFO  segmented.SegmentedRaftLogWorker (SegmentedRaftLogWorker.java:lambda$new$0(133)) - e8c8a659-d261-4c5d-8a2f-41b1aaadacc9@group-AF293890AD0C-SegmentedRaftLogWorker: flushIndex: setUnconditionally 0 -> -1
2022-04-24 04:14:58,170 [pool-89-thread-1] INFO  segmented.SegmentedRaftLogWorker (SegmentedRaftLogWorker.java:lambda$new$0(133)) - e8c8a659-d261-4c5d-8a2f-41b1aaadacc9@group-AF293890AD0C-SegmentedRaftLogWorker: safeCacheEvictIndex: setUnconditionally 0 -> -1
2022-04-24 04:14:58,176 [pool-89-thread-1] INFO  server.RaftServerConfigKeys (ConfUtils.java:logGet(44)) - raft.server.snapshot.auto.trigger.enabled = true (custom)
2022-04-24 04:14:58,177 [pool-89-thread-1] INFO  server.RaftServerConfigKeys (ConfUtils.java:logGet(44)) - raft.server.snapshot.auto.trigger.threshold = 10000 (custom)
2022-04-24 04:14:58,177 [pool-89-thread-1] INFO  server.RaftServerConfigKeys (ConfUtils.java:logGet(44)) - raft.server.snapshot.retention.file.num = 5 (custom)
2022-04-24 04:14:58,177 [pool-89-thread-1] INFO  server.RaftServerConfigKeys (ConfUtils.java:logGet(44)) - raft.server.log.purge.upto.snapshot.index = false (default)
2022-04-24 04:14:58,177 [pool-89-thread-1] INFO  server.RaftServerConfigKeys (ConfUtils.java:logGet(44)) - raft.server.retrycache.expirytime = 600000ms (custom)
2022-04-24 04:14:58,177 [pool-89-thread-1] INFO  server.RaftServerConfigKeys (ConfUtils.java:logGet(44)) - raft.server.retrycache.statistics.expirytime = 100μs (default)
2022-04-24 04:14:58,179 [pool-89-thread-1] INFO  server.RaftServer$Division (RaftServerImpl.java:start(301)) - e8c8a659-d261-4c5d-8a2f-41b1aaadacc9@group-AF293890AD0C: start as a follower, conf=-1: [e8c8a659-d261-4c5d-8a2f-41b1aaadacc9|rpc:10.1.0.15:38205|priority:1], old=null
2022-04-24 04:14:58,179 [pool-89-thread-1] INFO  server.RaftServer$Division (RaftServerImpl.java:setRole(290)) - e8c8a659-d261-4c5d-8a2f-41b1aaadacc9@group-AF293890AD0C: changes role from      null to FOLLOWER at term 0 for startAsFollower
2022-04-24 04:14:58,179 [pool-89-thread-1] INFO  impl.RoleInfo (RoleInfo.java:updateAndGet(130)) - e8c8a659-d261-4c5d-8a2f-41b1aaadacc9: start e8c8a659-d261-4c5d-8a2f-41b1aaadacc9@group-AF293890AD0C-FollowerState
2022-04-24 04:14:58,185 [pool-89-thread-1] INFO  util.JmxRegister (JmxRegister.java:tryRegister(44)) - Successfully registered JMX Bean with object name Ratis:service=RaftServer,group=group-AF293890AD0C,id=e8c8a659-d261-4c5d-8a2f-41b1aaadacc9
2022-04-24 04:14:58,187 [Command processor thread] INFO  ratis.XceiverServerRatis (XceiverServerRatis.java:addGroup(765)) - Created group PipelineID=1205f272-f983-4ccc-bf06-af293890ad0c
2022-04-24 04:14:58,187 [Command processor thread] INFO  commandhandler.CreatePipelineCommandHandler (CreatePipelineCommandHandler.java:handle(113)) - Created Pipeline RATIS ONE PipelineID=1205f272-f983-4ccc-bf06-af293890ad0c.
2022-04-24 04:14:58,190 [Command processor thread] INFO  server.RaftServer (RaftServerProxy.java:addNew(95)) - e8c8a659-d261-4c5d-8a2f-41b1aaadacc9: addNew group-45E776B468C9:[541013cf-2288-4650-a5cb-617f95277836|rpc:10.1.0.15:42611|priority:0, 8e96264f-9eb0-4fa6-9fb0-f6b0892d4633|rpc:10.1.0.15:37687|priority:1, e8c8a659-d261-4c5d-8a2f-41b1aaadacc9|rpc:10.1.0.15:38205|priority:0] returns group-45E776B468C9:java.util.concurrent.CompletableFuture@1cad01be[Not completed]
2022-04-24 04:14:58,191 [pool-89-thread-1] INFO  server.RaftServer$Division (RaftServerImpl.java:<init>(184)) - e8c8a659-d261-4c5d-8a2f-41b1aaadacc9: new RaftServerImpl for group-45E776B468C9:[541013cf-2288-4650-a5cb-617f95277836|rpc:10.1.0.15:42611|priority:0, 8e96264f-9eb0-4fa6-9fb0-f6b0892d4633|rpc:10.1.0.15:37687|priority:1, e8c8a659-d261-4c5d-8a2f-41b1aaadacc9|rpc:10.1.0.15:38205|priority:0] with ContainerStateMachine:uninitialized
2022-04-24 04:14:58,192 [pool-89-thread-1] INFO  server.RaftServerConfigKeys (ConfUtils.java:logGet(44)) - raft.server.rpc.timeout.min = 5s (custom)
2022-04-24 04:14:58,192 [pool-89-thread-1] INFO  server.RaftServerConfigKeys (ConfUtils.java:logGet(44)) - raft.server.rpc.timeout.max = 5200ms (custom)
2022-04-24 04:14:58,192 [pool-89-thread-1] INFO  server.RaftServerConfigKeys (ConfUtils.java:logGet(44)) - raft.server.rpc.sleep.time = 25ms (default)
2022-04-24 04:14:58,192 [pool-89-thread-1] INFO  server.RaftServerConfigKeys (ConfUtils.java:logGet(44)) - raft.server.rpc.slowness.timeout = 300s (custom)
2022-04-24 04:14:58,192 [pool-89-thread-1] INFO  server.RaftServerConfigKeys (ConfUtils.java:logGet(44)) - raft.server.leaderelection.leader.step-down.wait-time = 10s (default)
2022-04-24 04:14:58,192 [pool-89-thread-1] INFO  server.RaftServerConfigKeys (ConfUtils.java:logGet(44)) - raft.server.sleep.deviation.threshold = 300ms (default)
2022-04-24 04:14:58,192 [pool-89-thread-1] INFO  server.RaftServerConfigKeys (ConfUtils.java:logGet(44)) - raft.server.log.appender.install.snapshot.enabled = false (custom)
2022-04-24 04:14:58,192 [pool-89-thread-1] INFO  server.RaftServer$Division (ServerState.java:<init>(105)) - e8c8a659-d261-4c5d-8a2f-41b1aaadacc9@group-45E776B468C9: ConfigurationManager, init=-1: [541013cf-2288-4650-a5cb-617f95277836|rpc:10.1.0.15:42611|priority:0, 8e96264f-9eb0-4fa6-9fb0-f6b0892d4633|rpc:10.1.0.15:37687|priority:1, e8c8a659-d261-4c5d-8a2f-41b1aaadacc9|rpc:10.1.0.15:38205|priority:0], old=null, confs=<EMPTY_MAP>
2022-04-24 04:14:58,192 [pool-89-thread-1] INFO  server.RaftServerConfigKeys (ConfUtils.java:logGet(44)) - raft.server.storage.dir = [/home/runner/work/ozone/ozone/hadoop-ozone/integration-test/target/test-dir/MiniOzoneClusterImpl-a4f891ee-a8e1-4ed6-b509-207d494f3db6/datanode-1/data/ratis] (custom)
2022-04-24 04:14:58,192 [pool-89-thread-1] INFO  server.RaftServerConfigKeys (ConfUtils.java:logGet(44)) - raft.server.log.corruption.policy = EXCEPTION (default)
2022-04-24 04:14:58,192 [pool-89-thread-1] INFO  server.RaftServerConfigKeys (ConfUtils.java:logGet(44)) - raft.server.storage.free-space.min = 0MB (=0) (default)
2022-04-24 04:14:58,192 [pool-89-thread-1] INFO  storage.RaftStorageDirectory (RaftStorageDirectoryImpl.java:analyzeStorage(135)) - The storage directory /home/runner/work/ozone/ozone/hadoop-ozone/integration-test/target/test-dir/MiniOzoneClusterImpl-a4f891ee-a8e1-4ed6-b509-207d494f3db6/datanode-1/data/ratis/d4604e0f-572a-4a89-97eb-45e776b468c9 does not exist. Creating ...
2022-04-24 04:14:58,193 [pool-89-thread-1] INFO  storage.RaftStorageDirectory (RaftStorageDirectoryImpl.java:tryLock(230)) - Lock on /home/runner/work/ozone/ozone/hadoop-ozone/integration-test/target/test-dir/MiniOzoneClusterImpl-a4f891ee-a8e1-4ed6-b509-207d494f3db6/datanode-1/data/ratis/d4604e0f-572a-4a89-97eb-45e776b468c9/in_use.lock acquired by nodename 18665@fv-az50-870
2022-04-24 04:14:58,196 [pool-89-thread-1] INFO  storage.RaftStorage (RaftStorageImpl.java:format(89)) - Storage directory /home/runner/work/ozone/ozone/hadoop-ozone/integration-test/target/test-dir/MiniOzoneClusterImpl-a4f891ee-a8e1-4ed6-b509-207d494f3db6/datanode-1/data/ratis/d4604e0f-572a-4a89-97eb-45e776b468c9 has been successfully formatted.
2022-04-24 04:14:58,198 [pool-89-thread-1] INFO  ratis.ContainerStateMachine (ContainerStateMachine.java:loadSnapshot(236)) - group-45E776B468C9: The snapshot info is null. Setting the last applied indexto:(t:0, i:~)
2022-04-24 04:14:58,198 [pool-89-thread-1] INFO  server.RaftServerConfigKeys (ConfUtils.java:logGet(44)) - raft.server.notification.no-leader.timeout = 300s (custom)
2022-04-24 04:14:58,198 [pool-89-thread-1] INFO  server.RaftServerConfigKeys (ConfUtils.java:logGet(44)) - raft.server.log.use.memory = false (default)
2022-04-24 04:14:58,198 [pool-89-thread-1] INFO  server.RaftServerConfigKeys (ConfUtils.java:logGet(44)) - raft.server.log.purge.gap = 1000000 (custom)
2022-04-24 04:14:58,198 [EventQueue-OpenPipelineForHealthyPipelineSafeModeRule] INFO  safemode.SCMSafeModeManager (HealthyPipelineSafeModeRule.java:process(124)) - SCM in safe mode. Healthy pipelines reported count is 0, required healthy pipeline reported count is 1
2022-04-24 04:14:58,200 [pool-89-thread-1] INFO  server.RaftServerConfigKeys (ConfUtils.java:logGet(44)) - raft.server.log.appender.buffer.byte-limit = 33554432 (custom)
2022-04-24 04:14:58,200 [pool-89-thread-1] INFO  server.RaftServerConfigKeys (ConfUtils.java:logGet(44)) - raft.server.log.segment.size.max = 1048576 (custom)
2022-04-24 04:14:58,201 [pool-89-thread-1] INFO  server.RaftServerConfigKeys (ConfUtils.java:logGet(44)) - raft.server.log.segment.cache.num.max = 2 (custom)
2022-04-24 04:14:58,201 [pool-89-thread-1] INFO  server.RaftServerConfigKeys (ConfUtils.java:logGet(44)) - raft.server.log.segment.cache.size.max = 200MB (=209715200) (default)
2022-04-24 04:14:58,201 [pool-89-thread-1] INFO  segmented.SegmentedRaftLogWorker (SegmentedRaftLogWorker.java:<init>(182)) - new e8c8a659-d261-4c5d-8a2f-41b1aaadacc9@group-45E776B468C9-SegmentedRaftLogWorker for RaftStorageImpl:Storage Directory /home/runner/work/ozone/ozone/hadoop-ozone/integration-test/target/test-dir/MiniOzoneClusterImpl-a4f891ee-a8e1-4ed6-b509-207d494f3db6/datanode-1/data/ratis/d4604e0f-572a-4a89-97eb-45e776b468c9
2022-04-24 04:14:58,201 [pool-89-thread-1] INFO  server.RaftServerConfigKeys (ConfUtils.java:logGet(44)) - raft.server.log.queue.byte-limit = 4294967296 (custom)
2022-04-24 04:14:58,201 [pool-89-thread-1] INFO  server.RaftServerConfigKeys (ConfUtils.java:logGet(44)) - raft.server.log.queue.element-limit = 1024 (custom)
2022-04-24 04:14:58,201 [pool-89-thread-1] INFO  server.RaftServerConfigKeys (ConfUtils.java:logGet(44)) - raft.server.log.segment.size.max = 1048576 (custom)
2022-04-24 04:14:58,201 [pool-89-thread-1] INFO  server.RaftServerConfigKeys (ConfUtils.java:logGet(44)) - raft.server.log.preallocated.size = 16384 (custom)
2022-04-24 04:14:58,202 [pool-89-thread-1] INFO  server.RaftServerConfigKeys (ConfUtils.java:logGet(44)) - raft.server.log.force.sync.num = 128 (default)
2022-04-24 04:14:58,203 [pool-89-thread-1] INFO  server.RaftServerConfigKeys (ConfUtils.java:logGet(44)) - raft.server.log.statemachine.data.sync = true (default)
2022-04-24 04:14:58,203 [pool-89-thread-1] INFO  server.RaftServerConfigKeys (ConfUtils.java:logGet(44)) - raft.server.log.statemachine.data.sync.timeout = 10s (default)
2022-04-24 04:14:58,203 [pool-89-thread-1] INFO  server.RaftServerConfigKeys (ConfUtils.java:logGet(44)) - raft.server.log.statemachine.data.sync.timeout.retry = -1 (default)
2022-04-24 04:14:58,204 [pool-89-thread-1] INFO  server.RaftServerConfigKeys (ConfUtils.java:logGet(44)) - raft.server.log.write.buffer.size = 1048576 (custom)
2022-04-24 04:14:58,205 [pool-89-thread-1] INFO  server.RaftServerConfigKeys (ConfUtils.java:logGet(44)) - raft.server.log.statemachine.data.caching.enabled = true (custom)
2022-04-24 04:14:58,205 [pool-89-thread-1] INFO  segmented.SegmentedRaftLogWorker (SegmentedRaftLogWorker.java:lambda$new$0(133)) - e8c8a659-d261-4c5d-8a2f-41b1aaadacc9@group-45E776B468C9-SegmentedRaftLogWorker: flushIndex: setUnconditionally 0 -> -1
2022-04-24 04:14:58,206 [pool-89-thread-1] INFO  segmented.SegmentedRaftLogWorker (SegmentedRaftLogWorker.java:lambda$new$0(133)) - e8c8a659-d261-4c5d-8a2f-41b1aaadacc9@group-45E776B468C9-SegmentedRaftLogWorker: safeCacheEvictIndex: setUnconditionally 0 -> -1
2022-04-24 04:14:58,206 [pool-89-thread-1] INFO  server.RaftServerConfigKeys (ConfUtils.java:logGet(44)) - raft.server.snapshot.auto.trigger.enabled = true (custom)
2022-04-24 04:14:58,206 [pool-89-thread-1] INFO  server.RaftServerConfigKeys (ConfUtils.java:logGet(44)) - raft.server.snapshot.auto.trigger.threshold = 10000 (custom)
2022-04-24 04:14:58,206 [pool-89-thread-1] INFO  server.RaftServerConfigKeys (ConfUtils.java:logGet(44)) - raft.server.snapshot.retention.file.num = 5 (custom)
2022-04-24 04:14:58,206 [pool-89-thread-1] INFO  server.RaftServerConfigKeys (ConfUtils.java:logGet(44)) - raft.server.log.purge.upto.snapshot.index = false (default)
2022-04-24 04:14:58,206 [pool-89-thread-1] INFO  server.RaftServerConfigKeys (ConfUtils.java:logGet(44)) - raft.server.retrycache.expirytime = 600000ms (custom)
2022-04-24 04:14:58,206 [pool-89-thread-1] INFO  server.RaftServerConfigKeys (ConfUtils.java:logGet(44)) - raft.server.retrycache.statistics.expirytime = 100μs (default)
2022-04-24 04:14:58,208 [pool-89-thread-1] INFO  server.RaftServer$Division (RaftServerImpl.java:start(301)) - e8c8a659-d261-4c5d-8a2f-41b1aaadacc9@group-45E776B468C9: start as a follower, conf=-1: [541013cf-2288-4650-a5cb-617f95277836|rpc:10.1.0.15:42611|priority:0, 8e96264f-9eb0-4fa6-9fb0-f6b0892d4633|rpc:10.1.0.15:37687|priority:1, e8c8a659-d261-4c5d-8a2f-41b1aaadacc9|rpc:10.1.0.15:38205|priority:0], old=null
2022-04-24 04:14:58,208 [pool-89-thread-1] INFO  server.RaftServer$Division (RaftServerImpl.java:setRole(290)) - e8c8a659-d261-4c5d-8a2f-41b1aaadacc9@group-45E776B468C9: changes role from      null to FOLLOWER at term 0 for startAsFollower
2022-04-24 04:14:58,208 [pool-89-thread-1] INFO  impl.RoleInfo (RoleInfo.java:updateAndGet(130)) - e8c8a659-d261-4c5d-8a2f-41b1aaadacc9: start e8c8a659-d261-4c5d-8a2f-41b1aaadacc9@group-45E776B468C9-FollowerState
2022-04-24 04:14:58,208 [pool-89-thread-1] INFO  util.JmxRegister (JmxRegister.java:tryRegister(44)) - Successfully registered JMX Bean with object name Ratis:service=RaftServer,group=group-45E776B468C9,id=e8c8a659-d261-4c5d-8a2f-41b1aaadacc9
2022-04-24 04:14:58,209 [Command processor thread] INFO  ratis.XceiverServerRatis (XceiverServerRatis.java:addGroup(765)) - Created group PipelineID=d4604e0f-572a-4a89-97eb-45e776b468c9
2022-04-24 04:14:58,485 [Command processor thread] INFO  server.RaftServer (RaftServerProxy.java:addNew(95)) - 541013cf-2288-4650-a5cb-617f95277836: addNew group-77E5F71781CC:[541013cf-2288-4650-a5cb-617f95277836|rpc:10.1.0.15:42611|priority:1] returns group-77E5F71781CC:java.util.concurrent.CompletableFuture@216e1690[Not completed]
2022-04-24 04:14:58,498 [pool-110-thread-1] INFO  server.RaftServer$Division (RaftServerImpl.java:<init>(184)) - 541013cf-2288-4650-a5cb-617f95277836: new RaftServerImpl for group-77E5F71781CC:[541013cf-2288-4650-a5cb-617f95277836|rpc:10.1.0.15:42611|priority:1] with ContainerStateMachine:uninitialized
2022-04-24 04:14:58,499 [pool-110-thread-1] INFO  server.RaftServerConfigKeys (ConfUtils.java:logGet(44)) - raft.server.rpc.timeout.min = 5s (custom)
2022-04-24 04:14:58,500 [pool-110-thread-1] INFO  server.RaftServerConfigKeys (ConfUtils.java:logGet(44)) - raft.server.rpc.timeout.max = 5200ms (custom)
2022-04-24 04:14:58,500 [pool-110-thread-1] INFO  server.RaftServerConfigKeys (ConfUtils.java:logGet(44)) - raft.server.rpc.sleep.time = 25ms (default)
2022-04-24 04:14:58,500 [pool-110-thread-1] INFO  server.RaftServerConfigKeys (ConfUtils.java:logGet(44)) - raft.server.rpc.slowness.timeout = 300s (custom)
2022-04-24 04:14:58,500 [pool-110-thread-1] INFO  server.RaftServerConfigKeys (ConfUtils.java:logGet(44)) - raft.server.leaderelection.leader.step-down.wait-time = 10s (default)
2022-04-24 04:14:58,500 [pool-110-thread-1] INFO  server.RaftServerConfigKeys (ConfUtils.java:logGet(44)) - raft.server.sleep.deviation.threshold = 300ms (default)
2022-04-24 04:14:58,500 [pool-110-thread-1] INFO  server.RaftServerConfigKeys (ConfUtils.java:logGet(44)) - raft.server.log.appender.install.snapshot.enabled = false (custom)
2022-04-24 04:14:58,500 [pool-110-thread-1] INFO  server.RaftServer$Division (ServerState.java:<init>(105)) - 541013cf-2288-4650-a5cb-617f95277836@group-77E5F71781CC: ConfigurationManager, init=-1: [541013cf-2288-4650-a5cb-617f95277836|rpc:10.1.0.15:42611|priority:1], old=null, confs=<EMPTY_MAP>
2022-04-24 04:14:58,501 [pool-110-thread-1] INFO  server.RaftServerConfigKeys (ConfUtils.java:logGet(44)) - raft.server.storage.dir = [/home/runner/work/ozone/ozone/hadoop-ozone/integration-test/target/test-dir/MiniOzoneClusterImpl-a4f891ee-a8e1-4ed6-b509-207d494f3db6/datanode-2/data/ratis] (custom)
2022-04-24 04:14:58,501 [pool-110-thread-1] INFO  server.RaftServerConfigKeys (ConfUtils.java:logGet(44)) - raft.server.log.corruption.policy = EXCEPTION (default)
2022-04-24 04:14:58,501 [pool-110-thread-1] INFO  server.RaftServerConfigKeys (ConfUtils.java:logGet(44)) - raft.server.storage.free-space.min = 0MB (=0) (default)
2022-04-24 04:14:58,501 [pool-110-thread-1] INFO  storage.RaftStorageDirectory (RaftStorageDirectoryImpl.java:analyzeStorage(135)) - The storage directory /home/runner/work/ozone/ozone/hadoop-ozone/integration-test/target/test-dir/MiniOzoneClusterImpl-a4f891ee-a8e1-4ed6-b509-207d494f3db6/datanode-2/data/ratis/21f5c4fc-a501-4435-b484-77e5f71781cc does not exist. Creating ...
2022-04-24 04:14:58,503 [pool-110-thread-1] INFO  storage.RaftStorageDirectory (RaftStorageDirectoryImpl.java:tryLock(230)) - Lock on /home/runner/work/ozone/ozone/hadoop-ozone/integration-test/target/test-dir/MiniOzoneClusterImpl-a4f891ee-a8e1-4ed6-b509-207d494f3db6/datanode-2/data/ratis/21f5c4fc-a501-4435-b484-77e5f71781cc/in_use.lock acquired by nodename 18665@fv-az50-870
2022-04-24 04:14:58,505 [pool-110-thread-1] INFO  storage.RaftStorage (RaftStorageImpl.java:format(89)) - Storage directory /home/runner/work/ozone/ozone/hadoop-ozone/integration-test/target/test-dir/MiniOzoneClusterImpl-a4f891ee-a8e1-4ed6-b509-207d494f3db6/datanode-2/data/ratis/21f5c4fc-a501-4435-b484-77e5f71781cc has been successfully formatted.
2022-04-24 04:14:58,509 [grpc-default-executor-0] INFO  server.RaftServer (RaftServerProxy.java:addNew(95)) - 541013cf-2288-4650-a5cb-617f95277836: addNew group-45E776B468C9:[541013cf-2288-4650-a5cb-617f95277836|rpc:10.1.0.15:42611|dataStream:|priority:0, 8e96264f-9eb0-4fa6-9fb0-f6b0892d4633|rpc:10.1.0.15:37687|dataStream:|priority:1, e8c8a659-d261-4c5d-8a2f-41b1aaadacc9|rpc:10.1.0.15:38205|dataStream:|priority:0] returns group-45E776B468C9:java.util.concurrent.CompletableFuture@3de69042[Not completed]
2022-04-24 04:14:58,510 [pool-110-thread-1] INFO  ratis.ContainerStateMachine (ContainerStateMachine.java:loadSnapshot(236)) - group-77E5F71781CC: The snapshot info is null. Setting the last applied indexto:(t:0, i:~)
2022-04-24 04:14:58,510 [pool-110-thread-1] INFO  server.RaftServerConfigKeys (ConfUtils.java:logGet(44)) - raft.server.notification.no-leader.timeout = 300s (custom)
2022-04-24 04:14:58,511 [pool-110-thread-1] INFO  server.RaftServerConfigKeys (ConfUtils.java:logGet(44)) - raft.server.log.use.memory = false (default)
2022-04-24 04:14:58,511 [pool-110-thread-1] INFO  server.RaftServerConfigKeys (ConfUtils.java:logGet(44)) - raft.server.log.purge.gap = 1000000 (custom)
2022-04-24 04:14:58,514 [pool-110-thread-1] INFO  server.RaftServerConfigKeys (ConfUtils.java:logGet(44)) - raft.server.log.appender.buffer.byte-limit = 33554432 (custom)
2022-04-24 04:14:58,514 [pool-110-thread-1] INFO  server.RaftServerConfigKeys (ConfUtils.java:logGet(44)) - raft.server.log.segment.size.max = 1048576 (custom)
2022-04-24 04:14:58,515 [pool-110-thread-1] INFO  server.RaftServerConfigKeys (ConfUtils.java:logGet(44)) - raft.server.log.segment.cache.num.max = 2 (custom)
2022-04-24 04:14:58,515 [pool-110-thread-1] INFO  server.RaftServerConfigKeys (ConfUtils.java:logGet(44)) - raft.server.log.segment.cache.size.max = 200MB (=209715200) (default)
2022-04-24 04:14:58,515 [pool-110-thread-1] INFO  segmented.SegmentedRaftLogWorker (SegmentedRaftLogWorker.java:<init>(182)) - new 541013cf-2288-4650-a5cb-617f95277836@group-77E5F71781CC-SegmentedRaftLogWorker for RaftStorageImpl:Storage Directory /home/runner/work/ozone/ozone/hadoop-ozone/integration-test/target/test-dir/MiniOzoneClusterImpl-a4f891ee-a8e1-4ed6-b509-207d494f3db6/datanode-2/data/ratis/21f5c4fc-a501-4435-b484-77e5f71781cc
2022-04-24 04:14:58,515 [EventQueue-PipelineReportForPipelineReportHandler] INFO  pipeline.PipelineManagerImpl (PipelineManagerImpl.java:openPipeline(321)) - Pipeline Pipeline[ Id: 21f5c4fc-a501-4435-b484-77e5f71781cc, Nodes: 541013cf-2288-4650-a5cb-617f95277836{ip: 10.1.0.15, host: fv-az50-870.grzltbmokehuzjyc5b133kdqgh.cx.internal.cloudapp.net, ports: [REPLICATION=46325, RATIS=42611, RATIS_ADMIN=42611, RATIS_SERVER=42611, STANDALONE=38347], networkLocation: /default-rack, certSerialId: null, persistedOpState: IN_SERVICE, persistedOpStateExpiryEpochSec: 0}, ReplicationConfig: RATIS/ONE, State:ALLOCATED, leaderId:541013cf-2288-4650-a5cb-617f95277836, CreationTimestamp2022-04-24T04:14:55.485Z[Etc/UTC]] moved to OPEN state
2022-04-24 04:14:58,516 [EventQueue-OpenPipelineForHealthyPipelineSafeModeRule] INFO  safemode.SCMSafeModeManager (HealthyPipelineSafeModeRule.java:process(124)) - SCM in safe mode. Healthy pipelines reported count is 0, required healthy pipeline reported count is 1
2022-04-24 04:14:58,515 [pool-110-thread-1] INFO  server.RaftServerConfigKeys (ConfUtils.java:logGet(44)) - raft.server.log.queue.byte-limit = 4294967296 (custom)
2022-04-24 04:14:58,520 [pool-110-thread-1] INFO  server.RaftServerConfigKeys (ConfUtils.java:logGet(44)) - raft.server.log.queue.element-limit = 1024 (custom)
2022-04-24 04:14:58,520 [pool-110-thread-1] INFO  server.RaftServerConfigKeys (ConfUtils.java:logGet(44)) - raft.server.log.segment.size.max = 1048576 (custom)
2022-04-24 04:14:58,521 [pool-110-thread-1] INFO  server.RaftServerConfigKeys (ConfUtils.java:logGet(44)) - raft.server.log.preallocated.size = 16384 (custom)
2022-04-24 04:14:58,521 [pool-110-thread-1] INFO  server.RaftServerConfigKeys (ConfUtils.java:logGet(44)) - raft.server.log.force.sync.num = 128 (default)
2022-04-24 04:14:58,521 [pool-110-thread-1] INFO  server.RaftServerConfigKeys (ConfUtils.java:logGet(44)) - raft.server.log.statemachine.data.sync = true (default)
2022-04-24 04:14:58,521 [pool-110-thread-1] INFO  server.RaftServerConfigKeys (ConfUtils.java:logGet(44)) - raft.server.log.statemachine.data.sync.timeout = 10s (default)
2022-04-24 04:14:58,530 [pool-110-thread-1] INFO  server.RaftServerConfigKeys (ConfUtils.java:logGet(44)) - raft.server.log.statemachine.data.sync.timeout.retry = -1 (default)
2022-04-24 04:14:58,531 [pool-110-thread-1] INFO  server.RaftServerConfigKeys (ConfUtils.java:logGet(44)) - raft.server.log.write.buffer.size = 1048576 (custom)
2022-04-24 04:14:58,532 [pool-110-thread-1] INFO  server.RaftServerConfigKeys (ConfUtils.java:logGet(44)) - raft.server.log.statemachine.data.caching.enabled = true (custom)
2022-04-24 04:14:58,532 [pool-110-thread-1] INFO  segmented.SegmentedRaftLogWorker (SegmentedRaftLogWorker.java:lambda$new$0(133)) - 541013cf-2288-4650-a5cb-617f95277836@group-77E5F71781CC-SegmentedRaftLogWorker: flushIndex: setUnconditionally 0 -> -1
2022-04-24 04:14:58,532 [pool-110-thread-1] INFO  segmented.SegmentedRaftLogWorker (SegmentedRaftLogWorker.java:lambda$new$0(133)) - 541013cf-2288-4650-a5cb-617f95277836@group-77E5F71781CC-SegmentedRaftLogWorker: safeCacheEvictIndex: setUnconditionally 0 -> -1
2022-04-24 04:14:58,533 [pool-110-thread-1] INFO  server.RaftServerConfigKeys (ConfUtils.java:logGet(44)) - raft.server.snapshot.auto.trigger.enabled = true (custom)
2022-04-24 04:14:58,533 [pool-110-thread-1] INFO  server.RaftServerConfigKeys (ConfUtils.java:logGet(44)) - raft.server.snapshot.auto.trigger.threshold = 10000 (custom)
2022-04-24 04:14:58,533 [pool-110-thread-1] INFO  server.RaftServerConfigKeys (ConfUtils.java:logGet(44)) - raft.server.snapshot.retention.file.num = 5 (custom)
2022-04-24 04:14:58,534 [pool-110-thread-1] INFO  server.RaftServerConfigKeys (ConfUtils.java:logGet(44)) - raft.server.log.purge.upto.snapshot.index = false (default)
2022-04-24 04:14:58,534 [pool-110-thread-1] INFO  server.RaftServerConfigKeys (ConfUtils.java:logGet(44)) - raft.server.retrycache.expirytime = 600000ms (custom)
2022-04-24 04:14:58,534 [pool-110-thread-1] INFO  server.RaftServerConfigKeys (ConfUtils.java:logGet(44)) - raft.server.retrycache.statistics.expirytime = 100μs (default)
2022-04-24 04:14:58,552 [pool-110-thread-1] INFO  server.RaftServer$Division (RaftServerImpl.java:<init>(184)) - 541013cf-2288-4650-a5cb-617f95277836: new RaftServerImpl for group-45E776B468C9:[541013cf-2288-4650-a5cb-617f95277836|rpc:10.1.0.15:42611|dataStream:|priority:0, 8e96264f-9eb0-4fa6-9fb0-f6b0892d4633|rpc:10.1.0.15:37687|dataStream:|priority:1, e8c8a659-d261-4c5d-8a2f-41b1aaadacc9|rpc:10.1.0.15:38205|dataStream:|priority:0] with ContainerStateMachine:uninitialized
2022-04-24 04:14:58,552 [pool-110-thread-1] INFO  server.RaftServerConfigKeys (ConfUtils.java:logGet(44)) - raft.server.rpc.timeout.min = 5s (custom)
2022-04-24 04:14:58,553 [pool-110-thread-1] INFO  server.RaftServerConfigKeys (ConfUtils.java:logGet(44)) - raft.server.rpc.timeout.max = 5200ms (custom)
2022-04-24 04:14:58,553 [pool-110-thread-1] INFO  server.RaftServerConfigKeys (ConfUtils.java:logGet(44)) - raft.server.rpc.sleep.time = 25ms (default)
2022-04-24 04:14:58,553 [pool-110-thread-1] INFO  server.RaftServerConfigKeys (ConfUtils.java:logGet(44)) - raft.server.rpc.slowness.timeout = 300s (custom)
2022-04-24 04:14:58,553 [pool-110-thread-1] INFO  server.RaftServerConfigKeys (ConfUtils.java:logGet(44)) - raft.server.leaderelection.leader.step-down.wait-time = 10s (default)
2022-04-24 04:14:58,553 [pool-110-thread-1] INFO  server.RaftServerConfigKeys (ConfUtils.java:logGet(44)) - raft.server.sleep.deviation.threshold = 300ms (default)
2022-04-24 04:14:58,553 [pool-110-thread-1] INFO  server.RaftServerConfigKeys (ConfUtils.java:logGet(44)) - raft.server.log.appender.install.snapshot.enabled = false (custom)
2022-04-24 04:14:58,553 [pool-110-thread-1] INFO  server.RaftServer$Division (ServerState.java:<init>(105)) - 541013cf-2288-4650-a5cb-617f95277836@group-45E776B468C9: ConfigurationManager, init=-1: [541013cf-2288-4650-a5cb-617f95277836|rpc:10.1.0.15:42611|dataStream:|priority:0, 8e96264f-9eb0-4fa6-9fb0-f6b0892d4633|rpc:10.1.0.15:37687|dataStream:|priority:1, e8c8a659-d261-4c5d-8a2f-41b1aaadacc9|rpc:10.1.0.15:38205|dataStream:|priority:0], old=null, confs=<EMPTY_MAP>
2022-04-24 04:14:58,553 [pool-110-thread-1] INFO  server.RaftServerConfigKeys (ConfUtils.java:logGet(44)) - raft.server.storage.dir = [/home/runner/work/ozone/ozone/hadoop-ozone/integration-test/target/test-dir/MiniOzoneClusterImpl-a4f891ee-a8e1-4ed6-b509-207d494f3db6/datanode-2/data/ratis] (custom)
2022-04-24 04:14:58,553 [pool-110-thread-1] INFO  server.RaftServerConfigKeys (ConfUtils.java:logGet(44)) - raft.server.log.corruption.policy = EXCEPTION (default)
2022-04-24 04:14:58,553 [pool-110-thread-1] INFO  server.RaftServerConfigKeys (ConfUtils.java:logGet(44)) - raft.server.storage.free-space.min = 0MB (=0) (default)
2022-04-24 04:14:58,553 [pool-110-thread-1] INFO  storage.RaftStorageDirectory (RaftStorageDirectoryImpl.java:analyzeStorage(135)) - The storage directory /home/runner/work/ozone/ozone/hadoop-ozone/integration-test/target/test-dir/MiniOzoneClusterImpl-a4f891ee-a8e1-4ed6-b509-207d494f3db6/datanode-2/data/ratis/d4604e0f-572a-4a89-97eb-45e776b468c9 does not exist. Creating ...
2022-04-24 04:14:58,564 [pool-110-thread-1] INFO  storage.RaftStorageDirectory (RaftStorageDirectoryImpl.java:tryLock(230)) - Lock on /home/runner/work/ozone/ozone/hadoop-ozone/integration-test/target/test-dir/MiniOzoneClusterImpl-a4f891ee-a8e1-4ed6-b509-207d494f3db6/datanode-2/data/ratis/d4604e0f-572a-4a89-97eb-45e776b468c9/in_use.lock acquired by nodename 18665@fv-az50-870
2022-04-24 04:14:58,574 [pool-110-thread-1] INFO  storage.RaftStorage (RaftStorageImpl.java:format(89)) - Storage directory /home/runner/work/ozone/ozone/hadoop-ozone/integration-test/target/test-dir/MiniOzoneClusterImpl-a4f891ee-a8e1-4ed6-b509-207d494f3db6/datanode-2/data/ratis/d4604e0f-572a-4a89-97eb-45e776b468c9 has been successfully formatted.
2022-04-24 04:14:58,575 [pool-110-thread-1] INFO  ratis.ContainerStateMachine (ContainerStateMachine.java:loadSnapshot(236)) - group-45E776B468C9: The snapshot info is null. Setting the last applied indexto:(t:0, i:~)
2022-04-24 04:14:58,575 [pool-110-thread-1] INFO  server.RaftServerConfigKeys (ConfUtils.java:logGet(44)) - raft.server.notification.no-leader.timeout = 300s (custom)
2022-04-24 04:14:58,575 [pool-110-thread-1] INFO  server.RaftServerConfigKeys (ConfUtils.java:logGet(44)) - raft.server.log.use.memory = false (default)
2022-04-24 04:14:58,575 [pool-110-thread-1] INFO  server.RaftServerConfigKeys (ConfUtils.java:logGet(44)) - raft.server.log.purge.gap = 1000000 (custom)
2022-04-24 04:14:58,575 [pool-110-thread-1] INFO  server.RaftServerConfigKeys (ConfUtils.java:logGet(44)) - raft.server.log.appender.buffer.byte-limit = 33554432 (custom)
2022-04-24 04:14:58,576 [pool-110-thread-1] INFO  server.RaftServerConfigKeys (ConfUtils.java:logGet(44)) - raft.server.log.segment.size.max = 1048576 (custom)
2022-04-24 04:14:58,583 [EventQueue-OpenPipelineForHealthyPipelineSafeModeRule] INFO  safemode.SCMSafeModeManager (HealthyPipelineSafeModeRule.java:process(124)) - SCM in safe mode. Healthy pipelines reported count is 0, required healthy pipeline reported count is 1
2022-04-24 04:14:58,584 [pool-110-thread-1] INFO  server.RaftServerConfigKeys (ConfUtils.java:logGet(44)) - raft.server.log.segment.cache.num.max = 2 (custom)
2022-04-24 04:14:58,584 [pool-110-thread-1] INFO  server.RaftServerConfigKeys (ConfUtils.java:logGet(44)) - raft.server.log.segment.cache.size.max = 200MB (=209715200) (default)
2022-04-24 04:14:58,584 [pool-110-thread-1] INFO  segmented.SegmentedRaftLogWorker (SegmentedRaftLogWorker.java:<init>(182)) - new 541013cf-2288-4650-a5cb-617f95277836@group-45E776B468C9-SegmentedRaftLogWorker for RaftStorageImpl:Storage Directory /home/runner/work/ozone/ozone/hadoop-ozone/integration-test/target/test-dir/MiniOzoneClusterImpl-a4f891ee-a8e1-4ed6-b509-207d494f3db6/datanode-2/data/ratis/d4604e0f-572a-4a89-97eb-45e776b468c9
2022-04-24 04:14:58,584 [pool-110-thread-1] INFO  server.RaftServerConfigKeys (ConfUtils.java:logGet(44)) - raft.server.log.queue.byte-limit = 4294967296 (custom)
2022-04-24 04:14:58,584 [pool-110-thread-1] INFO  server.RaftServerConfigKeys (ConfUtils.java:logGet(44)) - raft.server.log.queue.element-limit = 1024 (custom)
2022-04-24 04:14:58,584 [pool-110-thread-1] INFO  server.RaftServerConfigKeys (ConfUtils.java:logGet(44)) - raft.server.log.segment.size.max = 1048576 (custom)
2022-04-24 04:14:58,584 [pool-110-thread-1] INFO  server.RaftServerConfigKeys (ConfUtils.java:logGet(44)) - raft.server.log.preallocated.size = 16384 (custom)
2022-04-24 04:14:58,584 [pool-110-thread-1] INFO  server.RaftServerConfigKeys (ConfUtils.java:logGet(44)) - raft.server.log.force.sync.num = 128 (default)
2022-04-24 04:14:58,584 [pool-110-thread-1] INFO  server.RaftServerConfigKeys (ConfUtils.java:logGet(44)) - raft.server.log.statemachine.data.sync = true (default)
2022-04-24 04:14:58,584 [pool-110-thread-1] INFO  server.RaftServerConfigKeys (ConfUtils.java:logGet(44)) - raft.server.log.statemachine.data.sync.timeout = 10s (default)
2022-04-24 04:14:58,584 [pool-110-thread-1] INFO  server.RaftServerConfigKeys (ConfUtils.java:logGet(44)) - raft.server.log.statemachine.data.sync.timeout.retry = -1 (default)
2022-04-24 04:14:58,591 [pool-110-thread-1] INFO  server.RaftServerConfigKeys (ConfUtils.java:logGet(44)) - raft.server.log.write.buffer.size = 1048576 (custom)
2022-04-24 04:14:58,592 [pool-110-thread-1] INFO  server.RaftServerConfigKeys (ConfUtils.java:logGet(44)) - raft.server.log.statemachine.data.caching.enabled = true (custom)
2022-04-24 04:14:58,592 [pool-110-thread-1] INFO  segmented.SegmentedRaftLogWorker (SegmentedRaftLogWorker.java:lambda$new$0(133)) - 541013cf-2288-4650-a5cb-617f95277836@group-45E776B468C9-SegmentedRaftLogWorker: flushIndex: setUnconditionally 0 -> -1
2022-04-24 04:14:58,592 [pool-110-thread-1] INFO  segmented.SegmentedRaftLogWorker (SegmentedRaftLogWorker.java:lambda$new$0(133)) - 541013cf-2288-4650-a5cb-617f95277836@group-45E776B468C9-SegmentedRaftLogWorker: safeCacheEvictIndex: setUnconditionally 0 -> -1
2022-04-24 04:14:58,594 [pool-110-thread-1] INFO  server.RaftServerConfigKeys (ConfUtils.java:logGet(44)) - raft.server.snapshot.auto.trigger.enabled = true (custom)
2022-04-24 04:14:58,594 [pool-110-thread-1] INFO  server.RaftServerConfigKeys (ConfUtils.java:logGet(44)) - raft.server.snapshot.auto.trigger.threshold = 10000 (custom)
2022-04-24 04:14:58,594 [pool-110-thread-1] INFO  server.RaftServerConfigKeys (ConfUtils.java:logGet(44)) - raft.server.snapshot.retention.file.num = 5 (custom)
2022-04-24 04:14:58,594 [pool-110-thread-1] INFO  server.RaftServerConfigKeys (ConfUtils.java:logGet(44)) - raft.server.log.purge.upto.snapshot.index = false (default)
2022-04-24 04:14:58,595 [pool-110-thread-1] INFO  server.RaftServerConfigKeys (ConfUtils.java:logGet(44)) - raft.server.retrycache.expirytime = 600000ms (custom)
2022-04-24 04:14:58,595 [pool-110-thread-1] INFO  server.RaftServerConfigKeys (ConfUtils.java:logGet(44)) - raft.server.retrycache.statistics.expirytime = 100μs (default)
2022-04-24 04:14:58,596 [pool-110-thread-1] INFO  server.RaftServer$Division (RaftServerImpl.java:start(301)) - 541013cf-2288-4650-a5cb-617f95277836@group-77E5F71781CC: start as a follower, conf=-1: [541013cf-2288-4650-a5cb-617f95277836|rpc:10.1.0.15:42611|priority:1], old=null
2022-04-24 04:14:58,596 [pool-110-thread-1] INFO  server.RaftServer$Division (RaftServerImpl.java:setRole(290)) - 541013cf-2288-4650-a5cb-617f95277836@group-77E5F71781CC: changes role from      null to FOLLOWER at term 0 for startAsFollower
2022-04-24 04:14:58,596 [pool-110-thread-1] INFO  impl.RoleInfo (RoleInfo.java:updateAndGet(130)) - 541013cf-2288-4650-a5cb-617f95277836: start 541013cf-2288-4650-a5cb-617f95277836@group-77E5F71781CC-FollowerState
2022-04-24 04:14:58,605 [pool-110-thread-1] INFO  util.JmxRegister (JmxRegister.java:tryRegister(44)) - Successfully registered JMX Bean with object name Ratis:service=RaftServer,group=group-77E5F71781CC,id=541013cf-2288-4650-a5cb-617f95277836
2022-04-24 04:14:58,616 [Command processor thread] INFO  ratis.XceiverServerRatis (XceiverServerRatis.java:addGroup(765)) - Created group PipelineID=21f5c4fc-a501-4435-b484-77e5f71781cc
2022-04-24 04:14:58,616 [pool-110-thread-1] INFO  server.RaftServer$Division (RaftServerImpl.java:start(301)) - 541013cf-2288-4650-a5cb-617f95277836@group-45E776B468C9: start as a follower, conf=-1: [541013cf-2288-4650-a5cb-617f95277836|rpc:10.1.0.15:42611|dataStream:|priority:0, 8e96264f-9eb0-4fa6-9fb0-f6b0892d4633|rpc:10.1.0.15:37687|dataStream:|priority:1, e8c8a659-d261-4c5d-8a2f-41b1aaadacc9|rpc:10.1.0.15:38205|dataStream:|priority:0], old=null
2022-04-24 04:14:58,616 [Command processor thread] INFO  commandhandler.CreatePipelineCommandHandler (CreatePipelineCommandHandler.java:handle(113)) - Created Pipeline RATIS ONE PipelineID=21f5c4fc-a501-4435-b484-77e5f71781cc.
2022-04-24 04:14:58,617 [pool-110-thread-1] INFO  server.RaftServer$Division (RaftServerImpl.java:setRole(290)) - 541013cf-2288-4650-a5cb-617f95277836@group-45E776B468C9: changes role from      null to FOLLOWER at term 0 for startAsFollower
2022-04-24 04:14:58,617 [pool-110-thread-1] INFO  impl.RoleInfo (RoleInfo.java:updateAndGet(130)) - 541013cf-2288-4650-a5cb-617f95277836: start 541013cf-2288-4650-a5cb-617f95277836@group-45E776B468C9-FollowerState
2022-04-24 04:14:58,617 [Command processor thread] INFO  server.RaftServer (RaftServerProxy.java:addNew(95)) - 541013cf-2288-4650-a5cb-617f95277836: addNew group-643B1867606F:[541013cf-2288-4650-a5cb-617f95277836|rpc:10.1.0.15:42611|priority:1, 8e96264f-9eb0-4fa6-9fb0-f6b0892d4633|rpc:10.1.0.15:37687|priority:0, e8c8a659-d261-4c5d-8a2f-41b1aaadacc9|rpc:10.1.0.15:38205|priority:0] returns group-643B1867606F:java.util.concurrent.CompletableFuture@25518665[Not completed]
2022-04-24 04:14:58,617 [pool-110-thread-1] INFO  util.JmxRegister (JmxRegister.java:tryRegister(44)) - Successfully registered JMX Bean with object name Ratis:service=RaftServer,group=group-45E776B468C9,id=541013cf-2288-4650-a5cb-617f95277836
2022-04-24 04:14:58,623 [pool-110-thread-1] INFO  server.RaftServer$Division (RaftServerImpl.java:<init>(184)) - 541013cf-2288-4650-a5cb-617f95277836: new RaftServerImpl for group-643B1867606F:[541013cf-2288-4650-a5cb-617f95277836|rpc:10.1.0.15:42611|priority:1, 8e96264f-9eb0-4fa6-9fb0-f6b0892d4633|rpc:10.1.0.15:37687|priority:0, e8c8a659-d261-4c5d-8a2f-41b1aaadacc9|rpc:10.1.0.15:38205|priority:0] with ContainerStateMachine:uninitialized
2022-04-24 04:14:58,623 [pool-110-thread-1] INFO  server.RaftServerConfigKeys (ConfUtils.java:logGet(44)) - raft.server.rpc.timeout.min = 5s (custom)
2022-04-24 04:14:58,624 [pool-110-thread-1] INFO  server.RaftServerConfigKeys (ConfUtils.java:logGet(44)) - raft.server.rpc.timeout.max = 5200ms (custom)
2022-04-24 04:14:58,624 [pool-110-thread-1] INFO  server.RaftServerConfigKeys (ConfUtils.java:logGet(44)) - raft.server.rpc.sleep.time = 25ms (default)
2022-04-24 04:14:58,624 [pool-110-thread-1] INFO  server.RaftServerConfigKeys (ConfUtils.java:logGet(44)) - raft.server.rpc.slowness.timeout = 300s (custom)
2022-04-24 04:14:58,624 [pool-110-thread-1] INFO  server.RaftServerConfigKeys (ConfUtils.java:logGet(44)) - raft.server.leaderelection.leader.step-down.wait-time = 10s (default)
2022-04-24 04:14:58,624 [pool-110-thread-1] INFO  server.RaftServerConfigKeys (ConfUtils.java:logGet(44)) - raft.server.sleep.deviation.threshold = 300ms (default)
2022-04-24 04:14:58,624 [pool-110-thread-1] INFO  server.RaftServerConfigKeys (ConfUtils.java:logGet(44)) - raft.server.log.appender.install.snapshot.enabled = false (custom)
2022-04-24 04:14:58,624 [pool-110-thread-1] INFO  server.RaftServer$Division (ServerState.java:<init>(105)) - 541013cf-2288-4650-a5cb-617f95277836@group-643B1867606F: ConfigurationManager, init=-1: [541013cf-2288-4650-a5cb-617f95277836|rpc:10.1.0.15:42611|priority:1, 8e96264f-9eb0-4fa6-9fb0-f6b0892d4633|rpc:10.1.0.15:37687|priority:0, e8c8a659-d261-4c5d-8a2f-41b1aaadacc9|rpc:10.1.0.15:38205|priority:0], old=null, confs=<EMPTY_MAP>
2022-04-24 04:14:58,624 [pool-110-thread-1] INFO  server.RaftServerConfigKeys (ConfUtils.java:logGet(44)) - raft.server.storage.dir = [/home/runner/work/ozone/ozone/hadoop-ozone/integration-test/target/test-dir/MiniOzoneClusterImpl-a4f891ee-a8e1-4ed6-b509-207d494f3db6/datanode-2/data/ratis] (custom)
2022-04-24 04:14:58,624 [pool-110-thread-1] INFO  server.RaftServerConfigKeys (ConfUtils.java:logGet(44)) - raft.server.log.corruption.policy = EXCEPTION (default)
2022-04-24 04:14:58,624 [pool-110-thread-1] INFO  server.RaftServerConfigKeys (ConfUtils.java:logGet(44)) - raft.server.storage.free-space.min = 0MB (=0) (default)
2022-04-24 04:14:58,624 [pool-110-thread-1] INFO  storage.RaftStorageDirectory (RaftStorageDirectoryImpl.java:analyzeStorage(135)) - The storage directory /home/runner/work/ozone/ozone/hadoop-ozone/integration-test/target/test-dir/MiniOzoneClusterImpl-a4f891ee-a8e1-4ed6-b509-207d494f3db6/datanode-2/data/ratis/15211a34-0e77-4a80-b463-643b1867606f does not exist. Creating ...
2022-04-24 04:14:58,628 [pool-110-thread-1] INFO  storage.RaftStorageDirectory (RaftStorageDirectoryImpl.java:tryLock(230)) - Lock on /home/runner/work/ozone/ozone/hadoop-ozone/integration-test/target/test-dir/MiniOzoneClusterImpl-a4f891ee-a8e1-4ed6-b509-207d494f3db6/datanode-2/data/ratis/15211a34-0e77-4a80-b463-643b1867606f/in_use.lock acquired by nodename 18665@fv-az50-870
2022-04-24 04:14:58,631 [pool-110-thread-1] INFO  storage.RaftStorage (RaftStorageImpl.java:format(89)) - Storage directory /home/runner/work/ozone/ozone/hadoop-ozone/integration-test/target/test-dir/MiniOzoneClusterImpl-a4f891ee-a8e1-4ed6-b509-207d494f3db6/datanode-2/data/ratis/15211a34-0e77-4a80-b463-643b1867606f has been successfully formatted.
2022-04-24 04:14:58,645 [pool-110-thread-1] INFO  ratis.ContainerStateMachine (ContainerStateMachine.java:loadSnapshot(236)) - group-643B1867606F: The snapshot info is null. Setting the last applied indexto:(t:0, i:~)
2022-04-24 04:14:58,646 [pool-110-thread-1] INFO  server.RaftServerConfigKeys (ConfUtils.java:logGet(44)) - raft.server.notification.no-leader.timeout = 300s (custom)
2022-04-24 04:14:58,646 [pool-110-thread-1] INFO  server.RaftServerConfigKeys (ConfUtils.java:logGet(44)) - raft.server.log.use.memory = false (default)
2022-04-24 04:14:58,646 [pool-110-thread-1] INFO  server.RaftServerConfigKeys (ConfUtils.java:logGet(44)) - raft.server.log.purge.gap = 1000000 (custom)
2022-04-24 04:14:58,646 [pool-110-thread-1] INFO  server.RaftServerConfigKeys (ConfUtils.java:logGet(44)) - raft.server.log.appender.buffer.byte-limit = 33554432 (custom)
2022-04-24 04:14:58,646 [pool-110-thread-1] INFO  server.RaftServerConfigKeys (ConfUtils.java:logGet(44)) - raft.server.log.segment.size.max = 1048576 (custom)
2022-04-24 04:14:58,647 [pool-110-thread-1] INFO  server.RaftServerConfigKeys (ConfUtils.java:logGet(44)) - raft.server.log.segment.cache.num.max = 2 (custom)
2022-04-24 04:14:58,647 [pool-110-thread-1] INFO  server.RaftServerConfigKeys (ConfUtils.java:logGet(44)) - raft.server.log.segment.cache.size.max = 200MB (=209715200) (default)
2022-04-24 04:14:58,647 [pool-110-thread-1] INFO  segmented.SegmentedRaftLogWorker (SegmentedRaftLogWorker.java:<init>(182)) - new 541013cf-2288-4650-a5cb-617f95277836@group-643B1867606F-SegmentedRaftLogWorker for RaftStorageImpl:Storage Directory /home/runner/work/ozone/ozone/hadoop-ozone/integration-test/target/test-dir/MiniOzoneClusterImpl-a4f891ee-a8e1-4ed6-b509-207d494f3db6/datanode-2/data/ratis/15211a34-0e77-4a80-b463-643b1867606f
2022-04-24 04:14:58,647 [pool-110-thread-1] INFO  server.RaftServerConfigKeys (ConfUtils.java:logGet(44)) - raft.server.log.queue.byte-limit = 4294967296 (custom)
2022-04-24 04:14:58,647 [pool-110-thread-1] INFO  server.RaftServerConfigKeys (ConfUtils.java:logGet(44)) - raft.server.log.queue.element-limit = 1024 (custom)
2022-04-24 04:14:58,647 [pool-110-thread-1] INFO  server.RaftServerConfigKeys (ConfUtils.java:logGet(44)) - raft.server.log.segment.size.max = 1048576 (custom)
2022-04-24 04:14:58,647 [pool-110-thread-1] INFO  server.RaftServerConfigKeys (ConfUtils.java:logGet(44)) - raft.server.log.preallocated.size = 16384 (custom)
2022-04-24 04:14:58,647 [pool-110-thread-1] INFO  server.RaftServerConfigKeys (ConfUtils.java:logGet(44)) - raft.server.log.force.sync.num = 128 (default)
2022-04-24 04:14:58,647 [pool-110-thread-1] INFO  server.RaftServerConfigKeys (ConfUtils.java:logGet(44)) - raft.server.log.statemachine.data.sync = true (default)
2022-04-24 04:14:58,647 [pool-110-thread-1] INFO  server.RaftServerConfigKeys (ConfUtils.java:logGet(44)) - raft.server.log.statemachine.data.sync.timeout = 10s (default)
2022-04-24 04:14:58,647 [pool-110-thread-1] INFO  server.RaftServerConfigKeys (ConfUtils.java:logGet(44)) - raft.server.log.statemachine.data.sync.timeout.retry = -1 (default)
2022-04-24 04:14:58,648 [pool-110-thread-1] INFO  server.RaftServerConfigKeys (ConfUtils.java:logGet(44)) - raft.server.log.write.buffer.size = 1048576 (custom)
2022-04-24 04:14:58,649 [pool-110-thread-1] INFO  server.RaftServerConfigKeys (ConfUtils.java:logGet(44)) - raft.server.log.statemachine.data.caching.enabled = true (custom)
2022-04-24 04:14:58,649 [pool-110-thread-1] INFO  segmented.SegmentedRaftLogWorker (SegmentedRaftLogWorker.java:lambda$new$0(133)) - 541013cf-2288-4650-a5cb-617f95277836@group-643B1867606F-SegmentedRaftLogWorker: flushIndex: setUnconditionally 0 -> -1
2022-04-24 04:14:58,649 [pool-110-thread-1] INFO  segmented.SegmentedRaftLogWorker (SegmentedRaftLogWorker.java:lambda$new$0(133)) - 541013cf-2288-4650-a5cb-617f95277836@group-643B1867606F-SegmentedRaftLogWorker: safeCacheEvictIndex: setUnconditionally 0 -> -1
2022-04-24 04:14:58,649 [pool-110-thread-1] INFO  server.RaftServerConfigKeys (ConfUtils.java:logGet(44)) - raft.server.snapshot.auto.trigger.enabled = true (custom)
2022-04-24 04:14:58,650 [pool-110-thread-1] INFO  server.RaftServerConfigKeys (ConfUtils.java:logGet(44)) - raft.server.snapshot.auto.trigger.threshold = 10000 (custom)
2022-04-24 04:14:58,650 [pool-110-thread-1] INFO  server.RaftServerConfigKeys (ConfUtils.java:logGet(44)) - raft.server.snapshot.retention.file.num = 5 (custom)
2022-04-24 04:14:58,650 [pool-110-thread-1] INFO  server.RaftServerConfigKeys (ConfUtils.java:logGet(44)) - raft.server.log.purge.upto.snapshot.index = false (default)
2022-04-24 04:14:58,650 [pool-110-thread-1] INFO  server.RaftServerConfigKeys (ConfUtils.java:logGet(44)) - raft.server.retrycache.expirytime = 600000ms (custom)
2022-04-24 04:14:58,650 [pool-110-thread-1] INFO  server.RaftServerConfigKeys (ConfUtils.java:logGet(44)) - raft.server.retrycache.statistics.expirytime = 100μs (default)
2022-04-24 04:14:58,651 [pool-110-thread-1] INFO  server.RaftServer$Division (RaftServerImpl.java:start(301)) - 541013cf-2288-4650-a5cb-617f95277836@group-643B1867606F: start as a follower, conf=-1: [541013cf-2288-4650-a5cb-617f95277836|rpc:10.1.0.15:42611|priority:1, 8e96264f-9eb0-4fa6-9fb0-f6b0892d4633|rpc:10.1.0.15:37687|priority:0, e8c8a659-d261-4c5d-8a2f-41b1aaadacc9|rpc:10.1.0.15:38205|priority:0], old=null
2022-04-24 04:14:58,651 [pool-110-thread-1] INFO  server.RaftServer$Division (RaftServerImpl.java:setRole(290)) - 541013cf-2288-4650-a5cb-617f95277836@group-643B1867606F: changes role from      null to FOLLOWER at term 0 for startAsFollower
2022-04-24 04:14:58,651 [pool-110-thread-1] INFO  impl.RoleInfo (RoleInfo.java:updateAndGet(130)) - 541013cf-2288-4650-a5cb-617f95277836: start 541013cf-2288-4650-a5cb-617f95277836@group-643B1867606F-FollowerState
2022-04-24 04:14:58,654 [pool-110-thread-1] INFO  util.JmxRegister (JmxRegister.java:tryRegister(44)) - Successfully registered JMX Bean with object name Ratis:service=RaftServer,group=group-643B1867606F,id=541013cf-2288-4650-a5cb-617f95277836
2022-04-24 04:14:58,655 [Command processor thread] INFO  ratis.XceiverServerRatis (XceiverServerRatis.java:addGroup(765)) - Created group PipelineID=15211a34-0e77-4a80-b463-643b1867606f
2022-04-24 04:14:58,665 [EventQueue-OpenPipelineForHealthyPipelineSafeModeRule] INFO  safemode.SCMSafeModeManager (HealthyPipelineSafeModeRule.java:process(124)) - SCM in safe mode. Healthy pipelines reported count is 0, required healthy pipeline reported count is 1
2022-04-24 04:14:58,687 [Command processor thread] INFO  server.RaftServer (RaftServerProxy.java:addNew(95)) - 0c7828af-8fac-44b0-ab7c-baee889924d1: addNew group-59CA3C2C35D0:[0c7828af-8fac-44b0-ab7c-baee889924d1|rpc:10.1.0.15:44817|priority:1] returns group-59CA3C2C35D0:java.util.concurrent.CompletableFuture@6dce9d7a[Not completed]
2022-04-24 04:14:58,688 [pool-131-thread-1] INFO  server.RaftServer$Division (RaftServerImpl.java:<init>(184)) - 0c7828af-8fac-44b0-ab7c-baee889924d1: new RaftServerImpl for group-59CA3C2C35D0:[0c7828af-8fac-44b0-ab7c-baee889924d1|rpc:10.1.0.15:44817|priority:1] with ContainerStateMachine:uninitialized
2022-04-24 04:14:58,691 [Command processor thread] INFO  commandhandler.CreatePipelineCommandHandler (CreatePipelineCommandHandler.java:handle(113)) - Created Pipeline RATIS THREE PipelineID=d4604e0f-572a-4a89-97eb-45e776b468c9.
2022-04-24 04:14:58,691 [Command processor thread] INFO  server.RaftServer (RaftServerProxy.java:addNew(95)) - e8c8a659-d261-4c5d-8a2f-41b1aaadacc9: addNew group-643B1867606F:[541013cf-2288-4650-a5cb-617f95277836|rpc:10.1.0.15:42611|priority:1, 8e96264f-9eb0-4fa6-9fb0-f6b0892d4633|rpc:10.1.0.15:37687|priority:0, e8c8a659-d261-4c5d-8a2f-41b1aaadacc9|rpc:10.1.0.15:38205|priority:0] returns group-643B1867606F:java.util.concurrent.CompletableFuture@1d56fcab[Not completed]
2022-04-24 04:14:58,692 [pool-131-thread-1] INFO  server.RaftServerConfigKeys (ConfUtils.java:logGet(44)) - raft.server.rpc.timeout.min = 5s (custom)
2022-04-24 04:14:58,692 [pool-131-thread-1] INFO  server.RaftServerConfigKeys (ConfUtils.java:logGet(44)) - raft.server.rpc.timeout.max = 5200ms (custom)
2022-04-24 04:14:58,692 [pool-131-thread-1] INFO  server.RaftServerConfigKeys (ConfUtils.java:logGet(44)) - raft.server.rpc.sleep.time = 25ms (default)
2022-04-24 04:14:58,692 [pool-131-thread-1] INFO  server.RaftServerConfigKeys (ConfUtils.java:logGet(44)) - raft.server.rpc.slowness.timeout = 300s (custom)
2022-04-24 04:14:58,692 [pool-131-thread-1] INFO  server.RaftServerConfigKeys (ConfUtils.java:logGet(44)) - raft.server.leaderelection.leader.step-down.wait-time = 10s (default)
2022-04-24 04:14:58,692 [pool-131-thread-1] INFO  server.RaftServerConfigKeys (ConfUtils.java:logGet(44)) - raft.server.sleep.deviation.threshold = 300ms (default)
2022-04-24 04:14:58,692 [pool-131-thread-1] INFO  server.RaftServerConfigKeys (ConfUtils.java:logGet(44)) - raft.server.log.appender.install.snapshot.enabled = false (custom)
2022-04-24 04:14:58,692 [pool-131-thread-1] INFO  server.RaftServer$Division (ServerState.java:<init>(105)) - 0c7828af-8fac-44b0-ab7c-baee889924d1@group-59CA3C2C35D0: ConfigurationManager, init=-1: [0c7828af-8fac-44b0-ab7c-baee889924d1|rpc:10.1.0.15:44817|priority:1], old=null, confs=<EMPTY_MAP>
2022-04-24 04:14:58,692 [pool-131-thread-1] INFO  server.RaftServerConfigKeys (ConfUtils.java:logGet(44)) - raft.server.storage.dir = [/home/runner/work/ozone/ozone/hadoop-ozone/integration-test/target/test-dir/MiniOzoneClusterImpl-a4f891ee-a8e1-4ed6-b509-207d494f3db6/datanode-3/data/ratis] (custom)
2022-04-24 04:14:58,692 [pool-89-thread-1] INFO  server.RaftServer$Division (RaftServerImpl.java:<init>(184)) - e8c8a659-d261-4c5d-8a2f-41b1aaadacc9: new RaftServerImpl for group-643B1867606F:[541013cf-2288-4650-a5cb-617f95277836|rpc:10.1.0.15:42611|priority:1, 8e96264f-9eb0-4fa6-9fb0-f6b0892d4633|rpc:10.1.0.15:37687|priority:0, e8c8a659-d261-4c5d-8a2f-41b1aaadacc9|rpc:10.1.0.15:38205|priority:0] with ContainerStateMachine:uninitialized
2022-04-24 04:14:58,693 [pool-89-thread-1] INFO  server.RaftServerConfigKeys (ConfUtils.java:logGet(44)) - raft.server.rpc.timeout.min = 5s (custom)
2022-04-24 04:14:58,693 [pool-89-thread-1] INFO  server.RaftServerConfigKeys (ConfUtils.java:logGet(44)) - raft.server.rpc.timeout.max = 5200ms (custom)
2022-04-24 04:14:58,693 [pool-89-thread-1] INFO  server.RaftServerConfigKeys (ConfUtils.java:logGet(44)) - raft.server.rpc.sleep.time = 25ms (default)
2022-04-24 04:14:58,693 [pool-89-thread-1] INFO  server.RaftServerConfigKeys (ConfUtils.java:logGet(44)) - raft.server.rpc.slowness.timeout = 300s (custom)
2022-04-24 04:14:58,693 [pool-89-thread-1] INFO  server.RaftServerConfigKeys (ConfUtils.java:logGet(44)) - raft.server.leaderelection.leader.step-down.wait-time = 10s (default)
2022-04-24 04:14:58,693 [pool-89-thread-1] INFO  server.RaftServerConfigKeys (ConfUtils.java:logGet(44)) - raft.server.sleep.deviation.threshold = 300ms (default)
2022-04-24 04:14:58,693 [pool-89-thread-1] INFO  server.RaftServerConfigKeys (ConfUtils.java:logGet(44)) - raft.server.log.appender.install.snapshot.enabled = false (custom)
2022-04-24 04:14:58,693 [pool-89-thread-1] INFO  server.RaftServer$Division (ServerState.java:<init>(105)) - e8c8a659-d261-4c5d-8a2f-41b1aaadacc9@group-643B1867606F: ConfigurationManager, init=-1: [541013cf-2288-4650-a5cb-617f95277836|rpc:10.1.0.15:42611|priority:1, 8e96264f-9eb0-4fa6-9fb0-f6b0892d4633|rpc:10.1.0.15:37687|priority:0, e8c8a659-d261-4c5d-8a2f-41b1aaadacc9|rpc:10.1.0.15:38205|priority:0], old=null, confs=<EMPTY_MAP>
2022-04-24 04:14:58,693 [pool-89-thread-1] INFO  server.RaftServerConfigKeys (ConfUtils.java:logGet(44)) - raft.server.storage.dir = [/home/runner/work/ozone/ozone/hadoop-ozone/integration-test/target/test-dir/MiniOzoneClusterImpl-a4f891ee-a8e1-4ed6-b509-207d494f3db6/datanode-1/data/ratis] (custom)
2022-04-24 04:14:58,693 [pool-89-thread-1] INFO  server.RaftServerConfigKeys (ConfUtils.java:logGet(44)) - raft.server.log.corruption.policy = EXCEPTION (default)
2022-04-24 04:14:58,693 [pool-89-thread-1] INFO  server.RaftServerConfigKeys (ConfUtils.java:logGet(44)) - raft.server.storage.free-space.min = 0MB (=0) (default)
2022-04-24 04:14:58,693 [pool-89-thread-1] INFO  storage.RaftStorageDirectory (RaftStorageDirectoryImpl.java:analyzeStorage(135)) - The storage directory /home/runner/work/ozone/ozone/hadoop-ozone/integration-test/target/test-dir/MiniOzoneClusterImpl-a4f891ee-a8e1-4ed6-b509-207d494f3db6/datanode-1/data/ratis/15211a34-0e77-4a80-b463-643b1867606f does not exist. Creating ...
2022-04-24 04:14:58,692 [pool-131-thread-1] INFO  server.RaftServerConfigKeys (ConfUtils.java:logGet(44)) - raft.server.log.corruption.policy = EXCEPTION (default)
2022-04-24 04:14:58,694 [pool-131-thread-1] INFO  server.RaftServerConfigKeys (ConfUtils.java:logGet(44)) - raft.server.storage.free-space.min = 0MB (=0) (default)
2022-04-24 04:14:58,696 [pool-89-thread-1] INFO  storage.RaftStorageDirectory (RaftStorageDirectoryImpl.java:tryLock(230)) - Lock on /home/runner/work/ozone/ozone/hadoop-ozone/integration-test/target/test-dir/MiniOzoneClusterImpl-a4f891ee-a8e1-4ed6-b509-207d494f3db6/datanode-1/data/ratis/15211a34-0e77-4a80-b463-643b1867606f/in_use.lock acquired by nodename 18665@fv-az50-870
2022-04-24 04:14:58,701 [pool-131-thread-1] INFO  storage.RaftStorageDirectory (RaftStorageDirectoryImpl.java:analyzeStorage(135)) - The storage directory /home/runner/work/ozone/ozone/hadoop-ozone/integration-test/target/test-dir/MiniOzoneClusterImpl-a4f891ee-a8e1-4ed6-b509-207d494f3db6/datanode-3/data/ratis/314585cc-4e9f-4d76-8f8b-59ca3c2c35d0 does not exist. Creating ...
2022-04-24 04:14:58,701 [pool-89-thread-1] INFO  storage.RaftStorage (RaftStorageImpl.java:format(89)) - Storage directory /home/runner/work/ozone/ozone/hadoop-ozone/integration-test/target/test-dir/MiniOzoneClusterImpl-a4f891ee-a8e1-4ed6-b509-207d494f3db6/datanode-1/data/ratis/15211a34-0e77-4a80-b463-643b1867606f has been successfully formatted.
2022-04-24 04:14:58,701 [pool-89-thread-1] INFO  ratis.ContainerStateMachine (ContainerStateMachine.java:loadSnapshot(236)) - group-643B1867606F: The snapshot info is null. Setting the last applied indexto:(t:0, i:~)
2022-04-24 04:14:58,701 [pool-89-thread-1] INFO  server.RaftServerConfigKeys (ConfUtils.java:logGet(44)) - raft.server.notification.no-leader.timeout = 300s (custom)
2022-04-24 04:14:58,701 [pool-89-thread-1] INFO  server.RaftServerConfigKeys (ConfUtils.java:logGet(44)) - raft.server.log.use.memory = false (default)
2022-04-24 04:14:58,702 [pool-89-thread-1] INFO  server.RaftServerConfigKeys (ConfUtils.java:logGet(44)) - raft.server.log.purge.gap = 1000000 (custom)
2022-04-24 04:14:58,702 [pool-89-thread-1] INFO  server.RaftServerConfigKeys (ConfUtils.java:logGet(44)) - raft.server.log.appender.buffer.byte-limit = 33554432 (custom)
2022-04-24 04:14:58,702 [pool-89-thread-1] INFO  server.RaftServerConfigKeys (ConfUtils.java:logGet(44)) - raft.server.log.segment.size.max = 1048576 (custom)
2022-04-24 04:14:58,702 [pool-89-thread-1] INFO  server.RaftServerConfigKeys (ConfUtils.java:logGet(44)) - raft.server.log.segment.cache.num.max = 2 (custom)
2022-04-24 04:14:58,702 [pool-89-thread-1] INFO  server.RaftServerConfigKeys (ConfUtils.java:logGet(44)) - raft.server.log.segment.cache.size.max = 200MB (=209715200) (default)
2022-04-24 04:14:58,702 [pool-89-thread-1] INFO  segmented.SegmentedRaftLogWorker (SegmentedRaftLogWorker.java:<init>(182)) - new e8c8a659-d261-4c5d-8a2f-41b1aaadacc9@group-643B1867606F-SegmentedRaftLogWorker for RaftStorageImpl:Storage Directory /home/runner/work/ozone/ozone/hadoop-ozone/integration-test/target/test-dir/MiniOzoneClusterImpl-a4f891ee-a8e1-4ed6-b509-207d494f3db6/datanode-1/data/ratis/15211a34-0e77-4a80-b463-643b1867606f
2022-04-24 04:14:58,702 [pool-89-thread-1] INFO  server.RaftServerConfigKeys (ConfUtils.java:logGet(44)) - raft.server.log.queue.byte-limit = 4294967296 (custom)
2022-04-24 04:14:58,703 [pool-89-thread-1] INFO  server.RaftServerConfigKeys (ConfUtils.java:logGet(44)) - raft.server.log.queue.element-limit = 1024 (custom)
2022-04-24 04:14:58,703 [pool-89-thread-1] INFO  server.RaftServerConfigKeys (ConfUtils.java:logGet(44)) - raft.server.log.segment.size.max = 1048576 (custom)
2022-04-24 04:14:58,703 [pool-89-thread-1] INFO  server.RaftServerConfigKeys (ConfUtils.java:logGet(44)) - raft.server.log.preallocated.size = 16384 (custom)
2022-04-24 04:14:58,703 [pool-89-thread-1] INFO  server.RaftServerConfigKeys (ConfUtils.java:logGet(44)) - raft.server.log.force.sync.num = 128 (default)
2022-04-24 04:14:58,703 [pool-89-thread-1] INFO  server.RaftServerConfigKeys (ConfUtils.java:logGet(44)) - raft.server.log.statemachine.data.sync = true (default)
2022-04-24 04:14:58,703 [pool-89-thread-1] INFO  server.RaftServerConfigKeys (ConfUtils.java:logGet(44)) - raft.server.log.statemachine.data.sync.timeout = 10s (default)
2022-04-24 04:14:58,703 [pool-89-thread-1] INFO  server.RaftServerConfigKeys (ConfUtils.java:logGet(44)) - raft.server.log.statemachine.data.sync.timeout.retry = -1 (default)
2022-04-24 04:14:58,703 [pool-89-thread-1] INFO  server.RaftServerConfigKeys (ConfUtils.java:logGet(44)) - raft.server.log.write.buffer.size = 1048576 (custom)
2022-04-24 04:14:58,704 [pool-89-thread-1] INFO  server.RaftServerConfigKeys (ConfUtils.java:logGet(44)) - raft.server.log.statemachine.data.caching.enabled = true (custom)
2022-04-24 04:14:58,704 [pool-89-thread-1] INFO  segmented.SegmentedRaftLogWorker (SegmentedRaftLogWorker.java:lambda$new$0(133)) - e8c8a659-d261-4c5d-8a2f-41b1aaadacc9@group-643B1867606F-SegmentedRaftLogWorker: flushIndex: setUnconditionally 0 -> -1
2022-04-24 04:14:58,704 [pool-89-thread-1] INFO  segmented.SegmentedRaftLogWorker (SegmentedRaftLogWorker.java:lambda$new$0(133)) - e8c8a659-d261-4c5d-8a2f-41b1aaadacc9@group-643B1867606F-SegmentedRaftLogWorker: safeCacheEvictIndex: setUnconditionally 0 -> -1
2022-04-24 04:14:58,706 [pool-131-thread-1] INFO  storage.RaftStorageDirectory (RaftStorageDirectoryImpl.java:tryLock(230)) - Lock on /home/runner/work/ozone/ozone/hadoop-ozone/integration-test/target/test-dir/MiniOzoneClusterImpl-a4f891ee-a8e1-4ed6-b509-207d494f3db6/datanode-3/data/ratis/314585cc-4e9f-4d76-8f8b-59ca3c2c35d0/in_use.lock acquired by nodename 18665@fv-az50-870
2022-04-24 04:14:58,717 [pool-89-thread-1] INFO  server.RaftServerConfigKeys (ConfUtils.java:logGet(44)) - raft.server.snapshot.auto.trigger.enabled = true (custom)
2022-04-24 04:14:58,723 [pool-89-thread-1] INFO  server.RaftServerConfigKeys (ConfUtils.java:logGet(44)) - raft.server.snapshot.auto.trigger.threshold = 10000 (custom)
2022-04-24 04:14:58,723 [pool-89-thread-1] INFO  server.RaftServerConfigKeys (ConfUtils.java:logGet(44)) - raft.server.snapshot.retention.file.num = 5 (custom)
2022-04-24 04:14:58,723 [pool-89-thread-1] INFO  server.RaftServerConfigKeys (ConfUtils.java:logGet(44)) - raft.server.log.purge.upto.snapshot.index = false (default)
2022-04-24 04:14:58,723 [pool-89-thread-1] INFO  server.RaftServerConfigKeys (ConfUtils.java:logGet(44)) - raft.server.retrycache.expirytime = 600000ms (custom)
2022-04-24 04:14:58,724 [pool-89-thread-1] INFO  server.RaftServerConfigKeys (ConfUtils.java:logGet(44)) - raft.server.retrycache.statistics.expirytime = 100μs (default)
2022-04-24 04:14:58,719 [EventQueue-OpenPipelineForHealthyPipelineSafeModeRule] INFO  safemode.SCMSafeModeManager (HealthyPipelineSafeModeRule.java:process(124)) - SCM in safe mode. Healthy pipelines reported count is 0, required healthy pipeline reported count is 1
2022-04-24 04:14:58,717 [pool-131-thread-1] INFO  storage.RaftStorage (RaftStorageImpl.java:format(89)) - Storage directory /home/runner/work/ozone/ozone/hadoop-ozone/integration-test/target/test-dir/MiniOzoneClusterImpl-a4f891ee-a8e1-4ed6-b509-207d494f3db6/datanode-3/data/ratis/314585cc-4e9f-4d76-8f8b-59ca3c2c35d0 has been successfully formatted.
2022-04-24 04:14:58,727 [pool-89-thread-1] INFO  server.RaftServer$Division (RaftServerImpl.java:start(301)) - e8c8a659-d261-4c5d-8a2f-41b1aaadacc9@group-643B1867606F: start as a follower, conf=-1: [541013cf-2288-4650-a5cb-617f95277836|rpc:10.1.0.15:42611|priority:1, 8e96264f-9eb0-4fa6-9fb0-f6b0892d4633|rpc:10.1.0.15:37687|priority:0, e8c8a659-d261-4c5d-8a2f-41b1aaadacc9|rpc:10.1.0.15:38205|priority:0], old=null
2022-04-24 04:14:58,727 [pool-89-thread-1] INFO  server.RaftServer$Division (RaftServerImpl.java:setRole(290)) - e8c8a659-d261-4c5d-8a2f-41b1aaadacc9@group-643B1867606F: changes role from      null to FOLLOWER at term 0 for startAsFollower
2022-04-24 04:14:58,727 [pool-89-thread-1] INFO  impl.RoleInfo (RoleInfo.java:updateAndGet(130)) - e8c8a659-d261-4c5d-8a2f-41b1aaadacc9: start e8c8a659-d261-4c5d-8a2f-41b1aaadacc9@group-643B1867606F-FollowerState
2022-04-24 04:14:58,728 [pool-89-thread-1] INFO  util.JmxRegister (JmxRegister.java:tryRegister(44)) - Successfully registered JMX Bean with object name Ratis:service=RaftServer,group=group-643B1867606F,id=e8c8a659-d261-4c5d-8a2f-41b1aaadacc9
2022-04-24 04:14:58,734 [pool-131-thread-1] INFO  ratis.ContainerStateMachine (ContainerStateMachine.java:loadSnapshot(236)) - group-59CA3C2C35D0: The snapshot info is null. Setting the last applied indexto:(t:0, i:~)
2022-04-24 04:14:58,734 [pool-131-thread-1] INFO  server.RaftServerConfigKeys (ConfUtils.java:logGet(44)) - raft.server.notification.no-leader.timeout = 300s (custom)
2022-04-24 04:14:58,734 [pool-131-thread-1] INFO  server.RaftServerConfigKeys (ConfUtils.java:logGet(44)) - raft.server.log.use.memory = false (default)
2022-04-24 04:14:58,734 [pool-131-thread-1] INFO  server.RaftServerConfigKeys (ConfUtils.java:logGet(44)) - raft.server.log.purge.gap = 1000000 (custom)
2022-04-24 04:14:58,734 [pool-131-thread-1] INFO  server.RaftServerConfigKeys (ConfUtils.java:logGet(44)) - raft.server.log.appender.buffer.byte-limit = 33554432 (custom)
2022-04-24 04:14:58,735 [pool-131-thread-1] INFO  server.RaftServerConfigKeys (ConfUtils.java:logGet(44)) - raft.server.log.segment.size.max = 1048576 (custom)
2022-04-24 04:14:58,735 [pool-131-thread-1] INFO  server.RaftServerConfigKeys (ConfUtils.java:logGet(44)) - raft.server.log.segment.cache.num.max = 2 (custom)
2022-04-24 04:14:58,735 [pool-131-thread-1] INFO  server.RaftServerConfigKeys (ConfUtils.java:logGet(44)) - raft.server.log.segment.cache.size.max = 200MB (=209715200) (default)
2022-04-24 04:14:58,735 [pool-131-thread-1] INFO  segmented.SegmentedRaftLogWorker (SegmentedRaftLogWorker.java:<init>(182)) - new 0c7828af-8fac-44b0-ab7c-baee889924d1@group-59CA3C2C35D0-SegmentedRaftLogWorker for RaftStorageImpl:Storage Directory /home/runner/work/ozone/ozone/hadoop-ozone/integration-test/target/test-dir/MiniOzoneClusterImpl-a4f891ee-a8e1-4ed6-b509-207d494f3db6/datanode-3/data/ratis/314585cc-4e9f-4d76-8f8b-59ca3c2c35d0
2022-04-24 04:14:58,735 [pool-131-thread-1] INFO  server.RaftServerConfigKeys (ConfUtils.java:logGet(44)) - raft.server.log.queue.byte-limit = 4294967296 (custom)
2022-04-24 04:14:58,735 [pool-131-thread-1] INFO  server.RaftServerConfigKeys (ConfUtils.java:logGet(44)) - raft.server.log.queue.element-limit = 1024 (custom)
2022-04-24 04:14:58,735 [pool-131-thread-1] INFO  server.RaftServerConfigKeys (ConfUtils.java:logGet(44)) - raft.server.log.segment.size.max = 1048576 (custom)
2022-04-24 04:14:58,735 [pool-131-thread-1] INFO  server.RaftServerConfigKeys (ConfUtils.java:logGet(44)) - raft.server.log.preallocated.size = 16384 (custom)
2022-04-24 04:14:58,735 [Command processor thread] INFO  ratis.XceiverServerRatis (XceiverServerRatis.java:addGroup(765)) - Created group PipelineID=15211a34-0e77-4a80-b463-643b1867606f
2022-04-24 04:14:58,735 [pool-131-thread-1] INFO  server.RaftServerConfigKeys (ConfUtils.java:logGet(44)) - raft.server.log.force.sync.num = 128 (default)
2022-04-24 04:14:58,744 [pool-131-thread-1] INFO  server.RaftServerConfigKeys (ConfUtils.java:logGet(44)) - raft.server.log.statemachine.data.sync = true (default)
2022-04-24 04:14:58,744 [pool-131-thread-1] INFO  server.RaftServerConfigKeys (ConfUtils.java:logGet(44)) - raft.server.log.statemachine.data.sync.timeout = 10s (default)
2022-04-24 04:14:58,744 [pool-131-thread-1] INFO  server.RaftServerConfigKeys (ConfUtils.java:logGet(44)) - raft.server.log.statemachine.data.sync.timeout.retry = -1 (default)
2022-04-24 04:14:58,745 [pool-131-thread-1] INFO  server.RaftServerConfigKeys (ConfUtils.java:logGet(44)) - raft.server.log.write.buffer.size = 1048576 (custom)
2022-04-24 04:14:58,745 [pool-131-thread-1] INFO  server.RaftServerConfigKeys (ConfUtils.java:logGet(44)) - raft.server.log.statemachine.data.caching.enabled = true (custom)
2022-04-24 04:14:58,745 [pool-131-thread-1] INFO  segmented.SegmentedRaftLogWorker (SegmentedRaftLogWorker.java:lambda$new$0(133)) - 0c7828af-8fac-44b0-ab7c-baee889924d1@group-59CA3C2C35D0-SegmentedRaftLogWorker: flushIndex: setUnconditionally 0 -> -1
2022-04-24 04:14:58,745 [pool-131-thread-1] INFO  segmented.SegmentedRaftLogWorker (SegmentedRaftLogWorker.java:lambda$new$0(133)) - 0c7828af-8fac-44b0-ab7c-baee889924d1@group-59CA3C2C35D0-SegmentedRaftLogWorker: safeCacheEvictIndex: setUnconditionally 0 -> -1
2022-04-24 04:14:58,750 [pool-131-thread-1] INFO  server.RaftServerConfigKeys (ConfUtils.java:logGet(44)) - raft.server.snapshot.auto.trigger.enabled = true (custom)
2022-04-24 04:14:58,755 [EventQueue-PipelineReportForPipelineReportHandler] INFO  pipeline.PipelineManagerImpl (PipelineManagerImpl.java:openPipeline(321)) - Pipeline Pipeline[ Id: 314585cc-4e9f-4d76-8f8b-59ca3c2c35d0, Nodes: 0c7828af-8fac-44b0-ab7c-baee889924d1{ip: 10.1.0.15, host: fv-az50-870.grzltbmokehuzjyc5b133kdqgh.cx.internal.cloudapp.net, ports: [REPLICATION=45663, RATIS=44817, RATIS_ADMIN=44817, RATIS_SERVER=44817, STANDALONE=38979], networkLocation: /default-rack, certSerialId: null, persistedOpState: IN_SERVICE, persistedOpStateExpiryEpochSec: 0}, ReplicationConfig: RATIS/ONE, State:ALLOCATED, leaderId:0c7828af-8fac-44b0-ab7c-baee889924d1, CreationTimestamp2022-04-24T04:14:55.686Z[Etc/UTC]] moved to OPEN state
2022-04-24 04:14:58,756 [EventQueue-OpenPipelineForHealthyPipelineSafeModeRule] INFO  safemode.SCMSafeModeManager (HealthyPipelineSafeModeRule.java:process(124)) - SCM in safe mode. Healthy pipelines reported count is 0, required healthy pipeline reported count is 1
2022-04-24 04:14:58,757 [pool-131-thread-1] INFO  server.RaftServerConfigKeys (ConfUtils.java:logGet(44)) - raft.server.snapshot.auto.trigger.threshold = 10000 (custom)
2022-04-24 04:14:58,758 [pool-131-thread-1] INFO  server.RaftServerConfigKeys (ConfUtils.java:logGet(44)) - raft.server.snapshot.retention.file.num = 5 (custom)
2022-04-24 04:14:58,758 [pool-131-thread-1] INFO  server.RaftServerConfigKeys (ConfUtils.java:logGet(44)) - raft.server.log.purge.upto.snapshot.index = false (default)
2022-04-24 04:14:58,759 [pool-131-thread-1] INFO  server.RaftServerConfigKeys (ConfUtils.java:logGet(44)) - raft.server.retrycache.expirytime = 600000ms (custom)
2022-04-24 04:14:58,759 [pool-131-thread-1] INFO  server.RaftServerConfigKeys (ConfUtils.java:logGet(44)) - raft.server.retrycache.statistics.expirytime = 100μs (default)
2022-04-24 04:14:58,761 [pool-131-thread-1] INFO  server.RaftServer$Division (RaftServerImpl.java:start(301)) - 0c7828af-8fac-44b0-ab7c-baee889924d1@group-59CA3C2C35D0: start as a follower, conf=-1: [0c7828af-8fac-44b0-ab7c-baee889924d1|rpc:10.1.0.15:44817|priority:1], old=null
2022-04-24 04:14:58,761 [pool-131-thread-1] INFO  server.RaftServer$Division (RaftServerImpl.java:setRole(290)) - 0c7828af-8fac-44b0-ab7c-baee889924d1@group-59CA3C2C35D0: changes role from      null to FOLLOWER at term 0 for startAsFollower
2022-04-24 04:14:58,761 [pool-131-thread-1] INFO  impl.RoleInfo (RoleInfo.java:updateAndGet(130)) - 0c7828af-8fac-44b0-ab7c-baee889924d1: start 0c7828af-8fac-44b0-ab7c-baee889924d1@group-59CA3C2C35D0-FollowerState
2022-04-24 04:14:58,761 [pool-131-thread-1] INFO  util.JmxRegister (JmxRegister.java:tryRegister(44)) - Successfully registered JMX Bean with object name Ratis:service=RaftServer,group=group-59CA3C2C35D0,id=0c7828af-8fac-44b0-ab7c-baee889924d1
2022-04-24 04:14:58,762 [Command processor thread] INFO  ratis.XceiverServerRatis (XceiverServerRatis.java:addGroup(765)) - Created group PipelineID=314585cc-4e9f-4d76-8f8b-59ca3c2c35d0
2022-04-24 04:14:58,762 [Command processor thread] INFO  commandhandler.CreatePipelineCommandHandler (CreatePipelineCommandHandler.java:handle(113)) - Created Pipeline RATIS ONE PipelineID=314585cc-4e9f-4d76-8f8b-59ca3c2c35d0.
2022-04-24 04:14:58,792 [grpc-default-executor-1] INFO  server.RaftServer (RaftServerProxy.java:addNew(95)) - 8e96264f-9eb0-4fa6-9fb0-f6b0892d4633: addNew group-643B1867606F:[541013cf-2288-4650-a5cb-617f95277836|rpc:10.1.0.15:42611|dataStream:|priority:1, 8e96264f-9eb0-4fa6-9fb0-f6b0892d4633|rpc:10.1.0.15:37687|dataStream:|priority:0, e8c8a659-d261-4c5d-8a2f-41b1aaadacc9|rpc:10.1.0.15:38205|dataStream:|priority:0] returns group-643B1867606F:java.util.concurrent.CompletableFuture@22d6daf3[Not completed]
2022-04-24 04:14:58,793 [pool-68-thread-1] INFO  server.RaftServer$Division (RaftServerImpl.java:<init>(184)) - 8e96264f-9eb0-4fa6-9fb0-f6b0892d4633: new RaftServerImpl for group-643B1867606F:[541013cf-2288-4650-a5cb-617f95277836|rpc:10.1.0.15:42611|dataStream:|priority:1, 8e96264f-9eb0-4fa6-9fb0-f6b0892d4633|rpc:10.1.0.15:37687|dataStream:|priority:0, e8c8a659-d261-4c5d-8a2f-41b1aaadacc9|rpc:10.1.0.15:38205|dataStream:|priority:0] with ContainerStateMachine:uninitialized
2022-04-24 04:14:58,794 [pool-68-thread-1] INFO  server.RaftServerConfigKeys (ConfUtils.java:logGet(44)) - raft.server.rpc.timeout.min = 5s (custom)
2022-04-24 04:14:58,794 [pool-68-thread-1] INFO  server.RaftServerConfigKeys (ConfUtils.java:logGet(44)) - raft.server.rpc.timeout.max = 5200ms (custom)
2022-04-24 04:14:58,794 [pool-68-thread-1] INFO  server.RaftServerConfigKeys (ConfUtils.java:logGet(44)) - raft.server.rpc.sleep.time = 25ms (default)
2022-04-24 04:14:58,794 [pool-68-thread-1] INFO  server.RaftServerConfigKeys (ConfUtils.java:logGet(44)) - raft.server.rpc.slowness.timeout = 300s (custom)
2022-04-24 04:14:58,794 [pool-68-thread-1] INFO  server.RaftServerConfigKeys (ConfUtils.java:logGet(44)) - raft.server.leaderelection.leader.step-down.wait-time = 10s (default)
2022-04-24 04:14:58,794 [pool-68-thread-1] INFO  server.RaftServerConfigKeys (ConfUtils.java:logGet(44)) - raft.server.sleep.deviation.threshold = 300ms (default)
2022-04-24 04:14:58,794 [pool-68-thread-1] INFO  server.RaftServerConfigKeys (ConfUtils.java:logGet(44)) - raft.server.log.appender.install.snapshot.enabled = false (custom)
2022-04-24 04:14:58,794 [pool-68-thread-1] INFO  server.RaftServer$Division (ServerState.java:<init>(105)) - 8e96264f-9eb0-4fa6-9fb0-f6b0892d4633@group-643B1867606F: ConfigurationManager, init=-1: [541013cf-2288-4650-a5cb-617f95277836|rpc:10.1.0.15:42611|dataStream:|priority:1, 8e96264f-9eb0-4fa6-9fb0-f6b0892d4633|rpc:10.1.0.15:37687|dataStream:|priority:0, e8c8a659-d261-4c5d-8a2f-41b1aaadacc9|rpc:10.1.0.15:38205|dataStream:|priority:0], old=null, confs=<EMPTY_MAP>
2022-04-24 04:14:58,794 [pool-68-thread-1] INFO  server.RaftServerConfigKeys (ConfUtils.java:logGet(44)) - raft.server.storage.dir = [/home/runner/work/ozone/ozone/hadoop-ozone/integration-test/target/test-dir/MiniOzoneClusterImpl-a4f891ee-a8e1-4ed6-b509-207d494f3db6/datanode-0/data/ratis] (custom)
2022-04-24 04:14:58,794 [pool-68-thread-1] INFO  server.RaftServerConfigKeys (ConfUtils.java:logGet(44)) - raft.server.log.corruption.policy = EXCEPTION (default)
2022-04-24 04:14:58,794 [pool-68-thread-1] INFO  server.RaftServerConfigKeys (ConfUtils.java:logGet(44)) - raft.server.storage.free-space.min = 0MB (=0) (default)
2022-04-24 04:14:58,794 [pool-68-thread-1] INFO  storage.RaftStorageDirectory (RaftStorageDirectoryImpl.java:analyzeStorage(135)) - The storage directory /home/runner/work/ozone/ozone/hadoop-ozone/integration-test/target/test-dir/MiniOzoneClusterImpl-a4f891ee-a8e1-4ed6-b509-207d494f3db6/datanode-0/data/ratis/15211a34-0e77-4a80-b463-643b1867606f does not exist. Creating ...
2022-04-24 04:14:58,795 [pool-68-thread-1] INFO  storage.RaftStorageDirectory (RaftStorageDirectoryImpl.java:tryLock(230)) - Lock on /home/runner/work/ozone/ozone/hadoop-ozone/integration-test/target/test-dir/MiniOzoneClusterImpl-a4f891ee-a8e1-4ed6-b509-207d494f3db6/datanode-0/data/ratis/15211a34-0e77-4a80-b463-643b1867606f/in_use.lock acquired by nodename 18665@fv-az50-870
2022-04-24 04:14:58,796 [pool-68-thread-1] INFO  storage.RaftStorage (RaftStorageImpl.java:format(89)) - Storage directory /home/runner/work/ozone/ozone/hadoop-ozone/integration-test/target/test-dir/MiniOzoneClusterImpl-a4f891ee-a8e1-4ed6-b509-207d494f3db6/datanode-0/data/ratis/15211a34-0e77-4a80-b463-643b1867606f has been successfully formatted.
2022-04-24 04:14:58,797 [pool-68-thread-1] INFO  ratis.ContainerStateMachine (ContainerStateMachine.java:loadSnapshot(236)) - group-643B1867606F: The snapshot info is null. Setting the last applied indexto:(t:0, i:~)
2022-04-24 04:14:58,797 [pool-68-thread-1] INFO  server.RaftServerConfigKeys (ConfUtils.java:logGet(44)) - raft.server.notification.no-leader.timeout = 300s (custom)
2022-04-24 04:14:58,797 [pool-68-thread-1] INFO  server.RaftServerConfigKeys (ConfUtils.java:logGet(44)) - raft.server.log.use.memory = false (default)
2022-04-24 04:14:58,797 [pool-68-thread-1] INFO  server.RaftServerConfigKeys (ConfUtils.java:logGet(44)) - raft.server.log.purge.gap = 1000000 (custom)
2022-04-24 04:14:58,797 [pool-68-thread-1] INFO  server.RaftServerConfigKeys (ConfUtils.java:logGet(44)) - raft.server.log.appender.buffer.byte-limit = 33554432 (custom)
2022-04-24 04:14:58,798 [pool-68-thread-1] INFO  server.RaftServerConfigKeys (ConfUtils.java:logGet(44)) - raft.server.log.segment.size.max = 1048576 (custom)
2022-04-24 04:14:58,798 [pool-68-thread-1] INFO  server.RaftServerConfigKeys (ConfUtils.java:logGet(44)) - raft.server.log.segment.cache.num.max = 2 (custom)
2022-04-24 04:14:58,798 [pool-68-thread-1] INFO  server.RaftServerConfigKeys (ConfUtils.java:logGet(44)) - raft.server.log.segment.cache.size.max = 200MB (=209715200) (default)
2022-04-24 04:14:58,798 [pool-68-thread-1] INFO  segmented.SegmentedRaftLogWorker (SegmentedRaftLogWorker.java:<init>(182)) - new 8e96264f-9eb0-4fa6-9fb0-f6b0892d4633@group-643B1867606F-SegmentedRaftLogWorker for RaftStorageImpl:Storage Directory /home/runner/work/ozone/ozone/hadoop-ozone/integration-test/target/test-dir/MiniOzoneClusterImpl-a4f891ee-a8e1-4ed6-b509-207d494f3db6/datanode-0/data/ratis/15211a34-0e77-4a80-b463-643b1867606f
2022-04-24 04:14:58,798 [pool-68-thread-1] INFO  server.RaftServerConfigKeys (ConfUtils.java:logGet(44)) - raft.server.log.queue.byte-limit = 4294967296 (custom)
2022-04-24 04:14:58,798 [pool-68-thread-1] INFO  server.RaftServerConfigKeys (ConfUtils.java:logGet(44)) - raft.server.log.queue.element-limit = 1024 (custom)
2022-04-24 04:14:58,798 [pool-68-thread-1] INFO  server.RaftServerConfigKeys (ConfUtils.java:logGet(44)) - raft.server.log.segment.size.max = 1048576 (custom)
2022-04-24 04:14:58,798 [pool-68-thread-1] INFO  server.RaftServerConfigKeys (ConfUtils.java:logGet(44)) - raft.server.log.preallocated.size = 16384 (custom)
2022-04-24 04:14:58,800 [EventQueue-OpenPipelineForHealthyPipelineSafeModeRule] INFO  safemode.SCMSafeModeManager (HealthyPipelineSafeModeRule.java:process(124)) - SCM in safe mode. Healthy pipelines reported count is 0, required healthy pipeline reported count is 1
2022-04-24 04:14:58,800 [pool-68-thread-1] INFO  server.RaftServerConfigKeys (ConfUtils.java:logGet(44)) - raft.server.log.force.sync.num = 128 (default)
2022-04-24 04:14:58,802 [pool-68-thread-1] INFO  server.RaftServerConfigKeys (ConfUtils.java:logGet(44)) - raft.server.log.statemachine.data.sync = true (default)
2022-04-24 04:14:58,802 [pool-68-thread-1] INFO  server.RaftServerConfigKeys (ConfUtils.java:logGet(44)) - raft.server.log.statemachine.data.sync.timeout = 10s (default)
2022-04-24 04:14:58,802 [pool-68-thread-1] INFO  server.RaftServerConfigKeys (ConfUtils.java:logGet(44)) - raft.server.log.statemachine.data.sync.timeout.retry = -1 (default)
2022-04-24 04:14:58,802 [pool-68-thread-1] INFO  server.RaftServerConfigKeys (ConfUtils.java:logGet(44)) - raft.server.log.write.buffer.size = 1048576 (custom)
2022-04-24 04:14:58,803 [pool-68-thread-1] INFO  server.RaftServerConfigKeys (ConfUtils.java:logGet(44)) - raft.server.log.statemachine.data.caching.enabled = true (custom)
2022-04-24 04:14:58,803 [pool-68-thread-1] INFO  segmented.SegmentedRaftLogWorker (SegmentedRaftLogWorker.java:lambda$new$0(133)) - 8e96264f-9eb0-4fa6-9fb0-f6b0892d4633@group-643B1867606F-SegmentedRaftLogWorker: flushIndex: setUnconditionally 0 -> -1
2022-04-24 04:14:58,804 [pool-68-thread-1] INFO  segmented.SegmentedRaftLogWorker (SegmentedRaftLogWorker.java:lambda$new$0(133)) - 8e96264f-9eb0-4fa6-9fb0-f6b0892d4633@group-643B1867606F-SegmentedRaftLogWorker: safeCacheEvictIndex: setUnconditionally 0 -> -1
2022-04-24 04:14:58,804 [pool-68-thread-1] INFO  server.RaftServerConfigKeys (ConfUtils.java:logGet(44)) - raft.server.snapshot.auto.trigger.enabled = true (custom)
2022-04-24 04:14:58,804 [pool-68-thread-1] INFO  server.RaftServerConfigKeys (ConfUtils.java:logGet(44)) - raft.server.snapshot.auto.trigger.threshold = 10000 (custom)
2022-04-24 04:14:58,804 [pool-68-thread-1] INFO  server.RaftServerConfigKeys (ConfUtils.java:logGet(44)) - raft.server.snapshot.retention.file.num = 5 (custom)
2022-04-24 04:14:58,804 [pool-68-thread-1] INFO  server.RaftServerConfigKeys (ConfUtils.java:logGet(44)) - raft.server.log.purge.upto.snapshot.index = false (default)
2022-04-24 04:14:58,804 [pool-68-thread-1] INFO  server.RaftServerConfigKeys (ConfUtils.java:logGet(44)) - raft.server.retrycache.expirytime = 600000ms (custom)
2022-04-24 04:14:58,804 [pool-68-thread-1] INFO  server.RaftServerConfigKeys (ConfUtils.java:logGet(44)) - raft.server.retrycache.statistics.expirytime = 100μs (default)
2022-04-24 04:14:58,805 [pool-68-thread-1] INFO  server.RaftServer$Division (RaftServerImpl.java:start(301)) - 8e96264f-9eb0-4fa6-9fb0-f6b0892d4633@group-643B1867606F: start as a follower, conf=-1: [541013cf-2288-4650-a5cb-617f95277836|rpc:10.1.0.15:42611|dataStream:|priority:1, 8e96264f-9eb0-4fa6-9fb0-f6b0892d4633|rpc:10.1.0.15:37687|dataStream:|priority:0, e8c8a659-d261-4c5d-8a2f-41b1aaadacc9|rpc:10.1.0.15:38205|dataStream:|priority:0], old=null
2022-04-24 04:14:58,805 [pool-68-thread-1] INFO  server.RaftServer$Division (RaftServerImpl.java:setRole(290)) - 8e96264f-9eb0-4fa6-9fb0-f6b0892d4633@group-643B1867606F: changes role from      null to FOLLOWER at term 0 for startAsFollower
2022-04-24 04:14:58,805 [pool-68-thread-1] INFO  impl.RoleInfo (RoleInfo.java:updateAndGet(130)) - 8e96264f-9eb0-4fa6-9fb0-f6b0892d4633: start 8e96264f-9eb0-4fa6-9fb0-f6b0892d4633@group-643B1867606F-FollowerState
2022-04-24 04:14:58,812 [pool-68-thread-1] INFO  util.JmxRegister (JmxRegister.java:tryRegister(44)) - Successfully registered JMX Bean with object name Ratis:service=RaftServer,group=group-643B1867606F,id=8e96264f-9eb0-4fa6-9fb0-f6b0892d4633
2022-04-24 04:14:58,819 [Command processor thread] INFO  commandhandler.CreatePipelineCommandHandler (CreatePipelineCommandHandler.java:handle(113)) - Created Pipeline RATIS THREE PipelineID=d4604e0f-572a-4a89-97eb-45e776b468c9.
2022-04-24 04:14:58,821 [Command processor thread] INFO  commandhandler.CreatePipelineCommandHandler (CreatePipelineCommandHandler.java:handle(113)) - Created Pipeline RATIS THREE PipelineID=15211a34-0e77-4a80-b463-643b1867606f.
2022-04-24 04:14:58,841 [Command processor thread] INFO  commandhandler.CreatePipelineCommandHandler (CreatePipelineCommandHandler.java:handle(113)) - Created Pipeline RATIS THREE PipelineID=15211a34-0e77-4a80-b463-643b1867606f.
2022-04-24 04:14:58,909 [Listener at 127.0.0.1/38503] INFO  ozone.MiniOzoneClusterImpl (MiniOzoneClusterImpl.java:lambda$waitForClusterToBeReady$0(221)) - Nodes are ready. Got 5 of 5 DN Heartbeats.
2022-04-24 04:14:58,909 [Listener at 127.0.0.1/38503] INFO  ozone.MiniOzoneClusterImpl (MiniOzoneClusterImpl.java:lambda$waitForClusterToBeReady$0(224)) - Waiting for cluster to exit safe mode
2022-04-24 04:14:58,909 [Listener at 127.0.0.1/38503] INFO  ozone.MiniOzoneClusterImpl (MiniOzoneClusterImpl.java:lambda$waitForClusterToBeReady$0(226)) - SCM became leader
2022-04-24 04:14:58,912 [Command processor thread] INFO  server.RaftServer (RaftServerProxy.java:addNew(95)) - fe9480c6-0304-45ac-b1dc-5616f3c657bb: addNew group-2CA9C104E74A:[fe9480c6-0304-45ac-b1dc-5616f3c657bb|rpc:10.1.0.15:33537|priority:1] returns group-2CA9C104E74A:java.util.concurrent.CompletableFuture@3d45581e[Not completed]
2022-04-24 04:14:58,924 [pool-152-thread-1] INFO  server.RaftServer$Division (RaftServerImpl.java:<init>(184)) - fe9480c6-0304-45ac-b1dc-5616f3c657bb: new RaftServerImpl for group-2CA9C104E74A:[fe9480c6-0304-45ac-b1dc-5616f3c657bb|rpc:10.1.0.15:33537|priority:1] with ContainerStateMachine:uninitialized
2022-04-24 04:14:58,925 [pool-152-thread-1] INFO  server.RaftServerConfigKeys (ConfUtils.java:logGet(44)) - raft.server.rpc.timeout.min = 5s (custom)
2022-04-24 04:14:58,925 [pool-152-thread-1] INFO  server.RaftServerConfigKeys (ConfUtils.java:logGet(44)) - raft.server.rpc.timeout.max = 5200ms (custom)
2022-04-24 04:14:58,925 [pool-152-thread-1] INFO  server.RaftServerConfigKeys (ConfUtils.java:logGet(44)) - raft.server.rpc.sleep.time = 25ms (default)
2022-04-24 04:14:58,925 [pool-152-thread-1] INFO  server.RaftServerConfigKeys (ConfUtils.java:logGet(44)) - raft.server.rpc.slowness.timeout = 300s (custom)
2022-04-24 04:14:58,925 [pool-152-thread-1] INFO  server.RaftServerConfigKeys (ConfUtils.java:logGet(44)) - raft.server.leaderelection.leader.step-down.wait-time = 10s (default)
2022-04-24 04:14:58,925 [pool-152-thread-1] INFO  server.RaftServerConfigKeys (ConfUtils.java:logGet(44)) - raft.server.sleep.deviation.threshold = 300ms (default)
2022-04-24 04:14:58,925 [pool-152-thread-1] INFO  server.RaftServerConfigKeys (ConfUtils.java:logGet(44)) - raft.server.log.appender.install.snapshot.enabled = false (custom)
2022-04-24 04:14:58,925 [pool-152-thread-1] INFO  server.RaftServer$Division (ServerState.java:<init>(105)) - fe9480c6-0304-45ac-b1dc-5616f3c657bb@group-2CA9C104E74A: ConfigurationManager, init=-1: [fe9480c6-0304-45ac-b1dc-5616f3c657bb|rpc:10.1.0.15:33537|priority:1], old=null, confs=<EMPTY_MAP>
2022-04-24 04:14:58,926 [pool-152-thread-1] INFO  server.RaftServerConfigKeys (ConfUtils.java:logGet(44)) - raft.server.storage.dir = [/home/runner/work/ozone/ozone/hadoop-ozone/integration-test/target/test-dir/MiniOzoneClusterImpl-a4f891ee-a8e1-4ed6-b509-207d494f3db6/datanode-4/data/ratis] (custom)
2022-04-24 04:14:58,926 [pool-152-thread-1] INFO  server.RaftServerConfigKeys (ConfUtils.java:logGet(44)) - raft.server.log.corruption.policy = EXCEPTION (default)
2022-04-24 04:14:58,926 [pool-152-thread-1] INFO  server.RaftServerConfigKeys (ConfUtils.java:logGet(44)) - raft.server.storage.free-space.min = 0MB (=0) (default)
2022-04-24 04:14:58,926 [pool-152-thread-1] INFO  storage.RaftStorageDirectory (RaftStorageDirectoryImpl.java:analyzeStorage(135)) - The storage directory /home/runner/work/ozone/ozone/hadoop-ozone/integration-test/target/test-dir/MiniOzoneClusterImpl-a4f891ee-a8e1-4ed6-b509-207d494f3db6/datanode-4/data/ratis/a933a914-e600-4840-b983-2ca9c104e74a does not exist. Creating ...
2022-04-24 04:14:58,927 [pool-152-thread-1] INFO  storage.RaftStorageDirectory (RaftStorageDirectoryImpl.java:tryLock(230)) - Lock on /home/runner/work/ozone/ozone/hadoop-ozone/integration-test/target/test-dir/MiniOzoneClusterImpl-a4f891ee-a8e1-4ed6-b509-207d494f3db6/datanode-4/data/ratis/a933a914-e600-4840-b983-2ca9c104e74a/in_use.lock acquired by nodename 18665@fv-az50-870
2022-04-24 04:14:58,928 [pool-152-thread-1] INFO  storage.RaftStorage (RaftStorageImpl.java:format(89)) - Storage directory /home/runner/work/ozone/ozone/hadoop-ozone/integration-test/target/test-dir/MiniOzoneClusterImpl-a4f891ee-a8e1-4ed6-b509-207d494f3db6/datanode-4/data/ratis/a933a914-e600-4840-b983-2ca9c104e74a has been successfully formatted.
2022-04-24 04:14:58,929 [pool-152-thread-1] INFO  ratis.ContainerStateMachine (ContainerStateMachine.java:loadSnapshot(236)) - group-2CA9C104E74A: The snapshot info is null. Setting the last applied indexto:(t:0, i:~)
2022-04-24 04:14:58,929 [pool-152-thread-1] INFO  server.RaftServerConfigKeys (ConfUtils.java:logGet(44)) - raft.server.notification.no-leader.timeout = 300s (custom)
2022-04-24 04:14:58,929 [pool-152-thread-1] INFO  server.RaftServerConfigKeys (ConfUtils.java:logGet(44)) - raft.server.log.use.memory = false (default)
2022-04-24 04:14:58,929 [pool-152-thread-1] INFO  server.RaftServerConfigKeys (ConfUtils.java:logGet(44)) - raft.server.log.purge.gap = 1000000 (custom)
2022-04-24 04:14:58,929 [pool-152-thread-1] INFO  server.RaftServerConfigKeys (ConfUtils.java:logGet(44)) - raft.server.log.appender.buffer.byte-limit = 33554432 (custom)
2022-04-24 04:14:58,930 [pool-152-thread-1] INFO  server.RaftServerConfigKeys (ConfUtils.java:logGet(44)) - raft.server.log.segment.size.max = 1048576 (custom)
2022-04-24 04:14:58,931 [EventQueue-PipelineReportForPipelineReportHandler] INFO  pipeline.PipelineManagerImpl (PipelineManagerImpl.java:openPipeline(321)) - Pipeline Pipeline[ Id: a933a914-e600-4840-b983-2ca9c104e74a, Nodes: fe9480c6-0304-45ac-b1dc-5616f3c657bb{ip: 10.1.0.15, host: fv-az50-870.grzltbmokehuzjyc5b133kdqgh.cx.internal.cloudapp.net, ports: [REPLICATION=37053, RATIS=33537, RATIS_ADMIN=33537, RATIS_SERVER=33537, STANDALONE=40241], networkLocation: /default-rack, certSerialId: null, persistedOpState: IN_SERVICE, persistedOpStateExpiryEpochSec: 0}, ReplicationConfig: RATIS/ONE, State:ALLOCATED, leaderId:fe9480c6-0304-45ac-b1dc-5616f3c657bb, CreationTimestamp2022-04-24T04:14:55.915Z[Etc/UTC]] moved to OPEN state
2022-04-24 04:14:58,932 [pool-152-thread-1] INFO  server.RaftServerConfigKeys (ConfUtils.java:logGet(44)) - raft.server.log.segment.cache.num.max = 2 (custom)
2022-04-24 04:14:58,932 [pool-152-thread-1] INFO  server.RaftServerConfigKeys (ConfUtils.java:logGet(44)) - raft.server.log.segment.cache.size.max = 200MB (=209715200) (default)
2022-04-24 04:14:58,932 [EventQueue-OpenPipelineForHealthyPipelineSafeModeRule] INFO  safemode.SCMSafeModeManager (HealthyPipelineSafeModeRule.java:process(124)) - SCM in safe mode. Healthy pipelines reported count is 0, required healthy pipeline reported count is 1
2022-04-24 04:14:58,932 [pool-152-thread-1] INFO  segmented.SegmentedRaftLogWorker (SegmentedRaftLogWorker.java:<init>(182)) - new fe9480c6-0304-45ac-b1dc-5616f3c657bb@group-2CA9C104E74A-SegmentedRaftLogWorker for RaftStorageImpl:Storage Directory /home/runner/work/ozone/ozone/hadoop-ozone/integration-test/target/test-dir/MiniOzoneClusterImpl-a4f891ee-a8e1-4ed6-b509-207d494f3db6/datanode-4/data/ratis/a933a914-e600-4840-b983-2ca9c104e74a
2022-04-24 04:14:58,934 [pool-152-thread-1] INFO  server.RaftServerConfigKeys (ConfUtils.java:logGet(44)) - raft.server.log.queue.byte-limit = 4294967296 (custom)
2022-04-24 04:14:58,934 [pool-152-thread-1] INFO  server.RaftServerConfigKeys (ConfUtils.java:logGet(44)) - raft.server.log.queue.element-limit = 1024 (custom)
2022-04-24 04:14:58,934 [pool-152-thread-1] INFO  server.RaftServerConfigKeys (ConfUtils.java:logGet(44)) - raft.server.log.segment.size.max = 1048576 (custom)
2022-04-24 04:14:58,934 [pool-152-thread-1] INFO  server.RaftServerConfigKeys (ConfUtils.java:logGet(44)) - raft.server.log.preallocated.size = 16384 (custom)
2022-04-24 04:14:58,934 [pool-152-thread-1] INFO  server.RaftServerConfigKeys (ConfUtils.java:logGet(44)) - raft.server.log.force.sync.num = 128 (default)
2022-04-24 04:14:58,934 [pool-152-thread-1] INFO  server.RaftServerConfigKeys (ConfUtils.java:logGet(44)) - raft.server.log.statemachine.data.sync = true (default)
2022-04-24 04:14:58,935 [pool-152-thread-1] INFO  server.RaftServerConfigKeys (ConfUtils.java:logGet(44)) - raft.server.log.statemachine.data.sync.timeout = 10s (default)
2022-04-24 04:14:58,935 [pool-152-thread-1] INFO  server.RaftServerConfigKeys (ConfUtils.java:logGet(44)) - raft.server.log.statemachine.data.sync.timeout.retry = -1 (default)
2022-04-24 04:14:58,936 [pool-152-thread-1] INFO  server.RaftServerConfigKeys (ConfUtils.java:logGet(44)) - raft.server.log.write.buffer.size = 1048576 (custom)
2022-04-24 04:14:58,936 [pool-152-thread-1] INFO  server.RaftServerConfigKeys (ConfUtils.java:logGet(44)) - raft.server.log.statemachine.data.caching.enabled = true (custom)
2022-04-24 04:14:58,937 [pool-152-thread-1] INFO  segmented.SegmentedRaftLogWorker (SegmentedRaftLogWorker.java:lambda$new$0(133)) - fe9480c6-0304-45ac-b1dc-5616f3c657bb@group-2CA9C104E74A-SegmentedRaftLogWorker: flushIndex: setUnconditionally 0 -> -1
2022-04-24 04:14:58,937 [pool-152-thread-1] INFO  segmented.SegmentedRaftLogWorker (SegmentedRaftLogWorker.java:lambda$new$0(133)) - fe9480c6-0304-45ac-b1dc-5616f3c657bb@group-2CA9C104E74A-SegmentedRaftLogWorker: safeCacheEvictIndex: setUnconditionally 0 -> -1
2022-04-24 04:14:58,943 [pool-152-thread-1] INFO  server.RaftServerConfigKeys (ConfUtils.java:logGet(44)) - raft.server.snapshot.auto.trigger.enabled = true (custom)
2022-04-24 04:14:58,943 [pool-152-thread-1] INFO  server.RaftServerConfigKeys (ConfUtils.java:logGet(44)) - raft.server.snapshot.auto.trigger.threshold = 10000 (custom)
2022-04-24 04:14:58,943 [pool-152-thread-1] INFO  server.RaftServerConfigKeys (ConfUtils.java:logGet(44)) - raft.server.snapshot.retention.file.num = 5 (custom)
2022-04-24 04:14:58,943 [pool-152-thread-1] INFO  server.RaftServerConfigKeys (ConfUtils.java:logGet(44)) - raft.server.log.purge.upto.snapshot.index = false (default)
2022-04-24 04:14:58,943 [pool-152-thread-1] INFO  server.RaftServerConfigKeys (ConfUtils.java:logGet(44)) - raft.server.retrycache.expirytime = 600000ms (custom)
2022-04-24 04:14:58,943 [pool-152-thread-1] INFO  server.RaftServerConfigKeys (ConfUtils.java:logGet(44)) - raft.server.retrycache.statistics.expirytime = 100μs (default)
2022-04-24 04:14:58,944 [pool-152-thread-1] INFO  server.RaftServer$Division (RaftServerImpl.java:start(301)) - fe9480c6-0304-45ac-b1dc-5616f3c657bb@group-2CA9C104E74A: start as a follower, conf=-1: [fe9480c6-0304-45ac-b1dc-5616f3c657bb|rpc:10.1.0.15:33537|priority:1], old=null
2022-04-24 04:14:58,944 [pool-152-thread-1] INFO  server.RaftServer$Division (RaftServerImpl.java:setRole(290)) - fe9480c6-0304-45ac-b1dc-5616f3c657bb@group-2CA9C104E74A: changes role from      null to FOLLOWER at term 0 for startAsFollower
2022-04-24 04:14:58,944 [pool-152-thread-1] INFO  impl.RoleInfo (RoleInfo.java:updateAndGet(130)) - fe9480c6-0304-45ac-b1dc-5616f3c657bb: start fe9480c6-0304-45ac-b1dc-5616f3c657bb@group-2CA9C104E74A-FollowerState
2022-04-24 04:14:58,949 [pool-152-thread-1] INFO  util.JmxRegister (JmxRegister.java:tryRegister(44)) - Successfully registered JMX Bean with object name Ratis:service=RaftServer,group=group-2CA9C104E74A,id=fe9480c6-0304-45ac-b1dc-5616f3c657bb
2022-04-24 04:14:58,951 [Command processor thread] INFO  ratis.XceiverServerRatis (XceiverServerRatis.java:addGroup(765)) - Created group PipelineID=a933a914-e600-4840-b983-2ca9c104e74a
2022-04-24 04:14:58,951 [Command processor thread] INFO  commandhandler.CreatePipelineCommandHandler (CreatePipelineCommandHandler.java:handle(113)) - Created Pipeline RATIS ONE PipelineID=a933a914-e600-4840-b983-2ca9c104e74a.
2022-04-24 04:14:59,910 [Listener at 127.0.0.1/38503] INFO  ozone.MiniOzoneClusterImpl (MiniOzoneClusterImpl.java:lambda$waitForClusterToBeReady$0(221)) - Nodes are ready. Got 5 of 5 DN Heartbeats.
2022-04-24 04:14:59,910 [Listener at 127.0.0.1/38503] INFO  ozone.MiniOzoneClusterImpl (MiniOzoneClusterImpl.java:lambda$waitForClusterToBeReady$0(224)) - Waiting for cluster to exit safe mode
2022-04-24 04:14:59,910 [Listener at 127.0.0.1/38503] INFO  ozone.MiniOzoneClusterImpl (MiniOzoneClusterImpl.java:lambda$waitForClusterToBeReady$0(226)) - SCM became leader
2022-04-24 04:15:00,911 [Listener at 127.0.0.1/38503] INFO  ozone.MiniOzoneClusterImpl (MiniOzoneClusterImpl.java:lambda$waitForClusterToBeReady$0(221)) - Nodes are ready. Got 5 of 5 DN Heartbeats.
2022-04-24 04:15:00,911 [Listener at 127.0.0.1/38503] INFO  ozone.MiniOzoneClusterImpl (MiniOzoneClusterImpl.java:lambda$waitForClusterToBeReady$0(224)) - Waiting for cluster to exit safe mode
2022-04-24 04:15:00,911 [Listener at 127.0.0.1/38503] INFO  ozone.MiniOzoneClusterImpl (MiniOzoneClusterImpl.java:lambda$waitForClusterToBeReady$0(226)) - SCM became leader
2022-04-24 04:15:01,912 [Listener at 127.0.0.1/38503] INFO  ozone.MiniOzoneClusterImpl (MiniOzoneClusterImpl.java:lambda$waitForClusterToBeReady$0(221)) - Nodes are ready. Got 5 of 5 DN Heartbeats.
2022-04-24 04:15:01,912 [Listener at 127.0.0.1/38503] INFO  ozone.MiniOzoneClusterImpl (MiniOzoneClusterImpl.java:lambda$waitForClusterToBeReady$0(224)) - Waiting for cluster to exit safe mode
2022-04-24 04:15:01,912 [Listener at 127.0.0.1/38503] INFO  ozone.MiniOzoneClusterImpl (MiniOzoneClusterImpl.java:lambda$waitForClusterToBeReady$0(226)) - SCM became leader
2022-04-24 04:15:02,912 [Listener at 127.0.0.1/38503] INFO  ozone.MiniOzoneClusterImpl (MiniOzoneClusterImpl.java:lambda$waitForClusterToBeReady$0(221)) - Nodes are ready. Got 5 of 5 DN Heartbeats.
2022-04-24 04:15:02,913 [Listener at 127.0.0.1/38503] INFO  ozone.MiniOzoneClusterImpl (MiniOzoneClusterImpl.java:lambda$waitForClusterToBeReady$0(224)) - Waiting for cluster to exit safe mode
2022-04-24 04:15:02,913 [Listener at 127.0.0.1/38503] INFO  ozone.MiniOzoneClusterImpl (MiniOzoneClusterImpl.java:lambda$waitForClusterToBeReady$0(226)) - SCM became leader
2022-04-24 04:15:02,919 [8e96264f-9eb0-4fa6-9fb0-f6b0892d4633@group-716C8B274692-FollowerState] INFO  impl.FollowerState (FollowerState.java:run(134)) - 8e96264f-9eb0-4fa6-9fb0-f6b0892d4633@group-716C8B274692-FollowerState: change to CANDIDATE, lastRpcElapsedTime:5062836559ns, electionTimeout:5057ms
2022-04-24 04:15:02,920 [8e96264f-9eb0-4fa6-9fb0-f6b0892d4633@group-716C8B274692-FollowerState] INFO  impl.RoleInfo (RoleInfo.java:shutdownFollowerState(108)) - 8e96264f-9eb0-4fa6-9fb0-f6b0892d4633: shutdown 8e96264f-9eb0-4fa6-9fb0-f6b0892d4633@group-716C8B274692-FollowerState
2022-04-24 04:15:02,920 [8e96264f-9eb0-4fa6-9fb0-f6b0892d4633@group-716C8B274692-FollowerState] INFO  server.RaftServer$Division (RaftServerImpl.java:setRole(290)) - 8e96264f-9eb0-4fa6-9fb0-f6b0892d4633@group-716C8B274692: changes role from  FOLLOWER to CANDIDATE at term 0 for changeToCandidate
2022-04-24 04:15:02,920 [8e96264f-9eb0-4fa6-9fb0-f6b0892d4633@group-716C8B274692-FollowerState] INFO  server.RaftServerConfigKeys (ConfUtils.java:logGet(44)) - raft.server.leaderelection.pre-vote = false (custom)
2022-04-24 04:15:02,920 [8e96264f-9eb0-4fa6-9fb0-f6b0892d4633@group-716C8B274692-FollowerState] INFO  impl.RoleInfo (RoleInfo.java:updateAndGet(130)) - 8e96264f-9eb0-4fa6-9fb0-f6b0892d4633: start 8e96264f-9eb0-4fa6-9fb0-f6b0892d4633@group-716C8B274692-LeaderElection2
2022-04-24 04:15:02,923 [8e96264f-9eb0-4fa6-9fb0-f6b0892d4633@group-716C8B274692-LeaderElection2] INFO  impl.LeaderElection (LeaderElection.java:askForVotes(306)) - 8e96264f-9eb0-4fa6-9fb0-f6b0892d4633@group-716C8B274692-LeaderElection2 ELECTION round 0: submit vote requests at term 1 for -1: [8e96264f-9eb0-4fa6-9fb0-f6b0892d4633|rpc:10.1.0.15:37687|priority:1], old=null
2022-04-24 04:15:02,923 [8e96264f-9eb0-4fa6-9fb0-f6b0892d4633@group-716C8B274692-LeaderElection2] INFO  impl.LeaderElection (LeaderElection.java:askForVotes(308)) - 8e96264f-9eb0-4fa6-9fb0-f6b0892d4633@group-716C8B274692-LeaderElection2 ELECTION round 0: result PASSED (term=1)
2022-04-24 04:15:02,923 [8e96264f-9eb0-4fa6-9fb0-f6b0892d4633@group-716C8B274692-LeaderElection2] INFO  impl.RoleInfo (RoleInfo.java:shutdownLeaderElection(121)) - 8e96264f-9eb0-4fa6-9fb0-f6b0892d4633: shutdown 8e96264f-9eb0-4fa6-9fb0-f6b0892d4633@group-716C8B274692-LeaderElection2
2022-04-24 04:15:02,923 [8e96264f-9eb0-4fa6-9fb0-f6b0892d4633@group-716C8B274692-LeaderElection2] INFO  server.RaftServer$Division (RaftServerImpl.java:setRole(290)) - 8e96264f-9eb0-4fa6-9fb0-f6b0892d4633@group-716C8B274692: changes role from CANDIDATE to LEADER at term 1 for changeToLeader
2022-04-24 04:15:02,923 [8e96264f-9eb0-4fa6-9fb0-f6b0892d4633@group-716C8B274692-LeaderElection2] INFO  ratis.XceiverServerRatis (XceiverServerRatis.java:handleLeaderChangedNotification(863)) - Leader change notification received for group: group-716C8B274692 with new leaderId: 8e96264f-9eb0-4fa6-9fb0-f6b0892d4633
2022-04-24 04:15:02,924 [8e96264f-9eb0-4fa6-9fb0-f6b0892d4633@group-716C8B274692-LeaderElection2] INFO  server.RaftServer$Division (ServerState.java:setLeader(285)) - 8e96264f-9eb0-4fa6-9fb0-f6b0892d4633@group-716C8B274692: change Leader from null to 8e96264f-9eb0-4fa6-9fb0-f6b0892d4633 at term 1 for becomeLeader, leader elected after 5078ms
2022-04-24 04:15:02,924 [8e96264f-9eb0-4fa6-9fb0-f6b0892d4633@group-716C8B274692-LeaderElection2] INFO  server.RaftServerConfigKeys (ConfUtils.java:logGet(44)) - raft.server.staging.catchup.gap = 1000 (default)
2022-04-24 04:15:02,924 [8e96264f-9eb0-4fa6-9fb0-f6b0892d4633@group-716C8B274692-LeaderElection2] INFO  server.RaftServerConfigKeys (ConfUtils.java:logGet(44)) - raft.server.write.element-limit = 1024 (custom)
2022-04-24 04:15:02,924 [8e96264f-9eb0-4fa6-9fb0-f6b0892d4633@group-716C8B274692-LeaderElection2] INFO  server.RaftServerConfigKeys (ConfUtils.java:logGet(44)) - raft.server.write.byte-limit = 1024 M (=1073741824) (custom)
2022-04-24 04:15:02,924 [8e96264f-9eb0-4fa6-9fb0-f6b0892d4633@group-716C8B274692-LeaderElection2] INFO  server.RaftServerConfigKeys (ConfUtils.java:logGet(44)) - raft.server.watch.timeout = 180s (custom)
2022-04-24 04:15:02,924 [8e96264f-9eb0-4fa6-9fb0-f6b0892d4633@group-716C8B274692-LeaderElection2] INFO  server.RaftServerConfigKeys (ConfUtils.java:logGet(44)) - raft.server.watch.timeout.denomination = 1s (default)
2022-04-24 04:15:02,925 [8e96264f-9eb0-4fa6-9fb0-f6b0892d4633@group-716C8B274692-LeaderElection2] INFO  server.RaftServerConfigKeys (ConfUtils.java:logGet(44)) - raft.server.watch.element-limit = 65536 (default)
2022-04-24 04:15:02,925 [8e96264f-9eb0-4fa6-9fb0-f6b0892d4633@group-716C8B274692-LeaderElection2] INFO  server.RaftServerConfigKeys (ConfUtils.java:logGet(44)) - raft.server.write.element-limit = 1024 (custom)
2022-04-24 04:15:02,925 [8e96264f-9eb0-4fa6-9fb0-f6b0892d4633@group-716C8B274692-LeaderElection2] INFO  server.RaftServerConfigKeys (ConfUtils.java:logGet(44)) - raft.server.write.follower.gap.ratio.max = -1.0 (default)
2022-04-24 04:15:02,925 [8e96264f-9eb0-4fa6-9fb0-f6b0892d4633@group-716C8B274692-LeaderElection2] INFO  impl.RoleInfo (RoleInfo.java:updateAndGet(130)) - 8e96264f-9eb0-4fa6-9fb0-f6b0892d4633: start 8e96264f-9eb0-4fa6-9fb0-f6b0892d4633@group-716C8B274692-LeaderStateImpl
2022-04-24 04:15:02,925 [8e96264f-9eb0-4fa6-9fb0-f6b0892d4633@group-716C8B274692-LeaderElection2] INFO  segmented.SegmentedRaftLogWorker (SegmentedRaftLogWorker.java:startLogSegment(394)) - 8e96264f-9eb0-4fa6-9fb0-f6b0892d4633@group-716C8B274692-SegmentedRaftLogWorker: Starting segment from index:0
2022-04-24 04:15:02,926 [EventQueue-OpenPipelineForHealthyPipelineSafeModeRule] INFO  safemode.SCMSafeModeManager (HealthyPipelineSafeModeRule.java:process(124)) - SCM in safe mode. Healthy pipelines reported count is 0, required healthy pipeline reported count is 1
2022-04-24 04:15:02,927 [8e96264f-9eb0-4fa6-9fb0-f6b0892d4633@group-716C8B274692-SegmentedRaftLogWorker] INFO  segmented.SegmentedRaftLogWorker (SegmentedRaftLogWorker.java:execute(601)) - 8e96264f-9eb0-4fa6-9fb0-f6b0892d4633@group-716C8B274692-SegmentedRaftLogWorker: created new log segment /home/runner/work/ozone/ozone/hadoop-ozone/integration-test/target/test-dir/MiniOzoneClusterImpl-a4f891ee-a8e1-4ed6-b509-207d494f3db6/datanode-0/data/ratis/afc2ac7b-2091-4efc-9015-716c8b274692/current/log_inprogress_0
2022-04-24 04:15:02,929 [8e96264f-9eb0-4fa6-9fb0-f6b0892d4633@group-716C8B274692-LeaderElection2] INFO  server.RaftServer$Division (ServerState.java:setRaftConf(387)) - 8e96264f-9eb0-4fa6-9fb0-f6b0892d4633@group-716C8B274692: set configuration 0: [8e96264f-9eb0-4fa6-9fb0-f6b0892d4633|rpc:10.1.0.15:37687|dataStream:|priority:1], old=null
2022-04-24 04:15:03,083 [8e96264f-9eb0-4fa6-9fb0-f6b0892d4633@group-45E776B468C9-FollowerState] INFO  impl.FollowerState (FollowerState.java:run(134)) - 8e96264f-9eb0-4fa6-9fb0-f6b0892d4633@group-45E776B468C9-FollowerState: change to CANDIDATE, lastRpcElapsedTime:5157244728ns, electionTimeout:5156ms
2022-04-24 04:15:03,085 [8e96264f-9eb0-4fa6-9fb0-f6b0892d4633@group-45E776B468C9-FollowerState] INFO  impl.RoleInfo (RoleInfo.java:shutdownFollowerState(108)) - 8e96264f-9eb0-4fa6-9fb0-f6b0892d4633: shutdown 8e96264f-9eb0-4fa6-9fb0-f6b0892d4633@group-45E776B468C9-FollowerState
2022-04-24 04:15:03,085 [8e96264f-9eb0-4fa6-9fb0-f6b0892d4633@group-45E776B468C9-FollowerState] INFO  server.RaftServer$Division (RaftServerImpl.java:setRole(290)) - 8e96264f-9eb0-4fa6-9fb0-f6b0892d4633@group-45E776B468C9: changes role from  FOLLOWER to CANDIDATE at term 0 for changeToCandidate
2022-04-24 04:15:03,085 [8e96264f-9eb0-4fa6-9fb0-f6b0892d4633@group-45E776B468C9-FollowerState] INFO  server.RaftServerConfigKeys (ConfUtils.java:logGet(44)) - raft.server.leaderelection.pre-vote = false (custom)
2022-04-24 04:15:03,085 [8e96264f-9eb0-4fa6-9fb0-f6b0892d4633@group-45E776B468C9-FollowerState] INFO  impl.RoleInfo (RoleInfo.java:updateAndGet(130)) - 8e96264f-9eb0-4fa6-9fb0-f6b0892d4633: start 8e96264f-9eb0-4fa6-9fb0-f6b0892d4633@group-45E776B468C9-LeaderElection3
2022-04-24 04:15:03,088 [8e96264f-9eb0-4fa6-9fb0-f6b0892d4633@group-45E776B468C9-LeaderElection3] INFO  impl.LeaderElection (LeaderElection.java:askForVotes(306)) - 8e96264f-9eb0-4fa6-9fb0-f6b0892d4633@group-45E776B468C9-LeaderElection3 ELECTION round 0: submit vote requests at term 1 for -1: [541013cf-2288-4650-a5cb-617f95277836|rpc:10.1.0.15:42611|priority:0, 8e96264f-9eb0-4fa6-9fb0-f6b0892d4633|rpc:10.1.0.15:37687|priority:1, e8c8a659-d261-4c5d-8a2f-41b1aaadacc9|rpc:10.1.0.15:38205|priority:0], old=null
2022-04-24 04:15:03,116 [grpc-default-executor-1] INFO  server.RaftServer$Division (RaftServerImpl.java:requestVote(1046)) - 541013cf-2288-4650-a5cb-617f95277836@group-45E776B468C9: receive requestVote(ELECTION, 8e96264f-9eb0-4fa6-9fb0-f6b0892d4633, group-45E776B468C9, 1, (t:0, i:0))
2022-04-24 04:15:03,118 [grpc-default-executor-1] INFO  impl.VoteContext (VoteContext.java:log(48)) - 541013cf-2288-4650-a5cb-617f95277836@group-45E776B468C9-FOLLOWER: accept ELECTION from 8e96264f-9eb0-4fa6-9fb0-f6b0892d4633: our priority 0 <= candidate's priority 1
2022-04-24 04:15:03,118 [grpc-default-executor-1] INFO  server.RaftServer$Division (RaftServerImpl.java:setRole(290)) - 541013cf-2288-4650-a5cb-617f95277836@group-45E776B468C9: changes role from  FOLLOWER to FOLLOWER at term 1 for candidate:8e96264f-9eb0-4fa6-9fb0-f6b0892d4633
2022-04-24 04:15:03,119 [grpc-default-executor-1] INFO  impl.RoleInfo (RoleInfo.java:shutdownFollowerState(108)) - 541013cf-2288-4650-a5cb-617f95277836: shutdown 541013cf-2288-4650-a5cb-617f95277836@group-45E776B468C9-FollowerState
2022-04-24 04:15:03,119 [grpc-default-executor-1] INFO  impl.RoleInfo (RoleInfo.java:updateAndGet(130)) - 541013cf-2288-4650-a5cb-617f95277836: start 541013cf-2288-4650-a5cb-617f95277836@group-45E776B468C9-FollowerState
2022-04-24 04:15:03,119 [541013cf-2288-4650-a5cb-617f95277836@group-45E776B468C9-FollowerState] INFO  impl.FollowerState (FollowerState.java:run(143)) - 541013cf-2288-4650-a5cb-617f95277836@group-45E776B468C9-FollowerState was interrupted: {}
java.lang.InterruptedException: sleep interrupted
	at java.lang.Thread.sleep(Native Method)
	at java.lang.Thread.sleep(Thread.java:342)
	at java.util.concurrent.TimeUnit.sleep(TimeUnit.java:386)
	at org.apache.ratis.util.TimeDuration.sleep(TimeDuration.java:324)
	at org.apache.ratis.util.TimeDuration.sleep(TimeDuration.java:309)
	at org.apache.ratis.server.impl.FollowerState.run(FollowerState.java:118)
2022-04-24 04:15:03,126 [grpc-default-executor-1] INFO  server.RaftServer$Division (RaftServerImpl.java:requestVote(1078)) - 541013cf-2288-4650-a5cb-617f95277836@group-45E776B468C9 replies to ELECTION vote request: 8e96264f-9eb0-4fa6-9fb0-f6b0892d4633<-541013cf-2288-4650-a5cb-617f95277836#0:OK-t1. Peer's state: 541013cf-2288-4650-a5cb-617f95277836@group-45E776B468C9:t1, leader=null, voted=8e96264f-9eb0-4fa6-9fb0-f6b0892d4633, raftlog=541013cf-2288-4650-a5cb-617f95277836@group-45E776B468C9-SegmentedRaftLog:OPENED:c-1, conf=-1: [541013cf-2288-4650-a5cb-617f95277836|rpc:10.1.0.15:42611|dataStream:|priority:0, 8e96264f-9eb0-4fa6-9fb0-f6b0892d4633|rpc:10.1.0.15:37687|dataStream:|priority:1, e8c8a659-d261-4c5d-8a2f-41b1aaadacc9|rpc:10.1.0.15:38205|dataStream:|priority:0], old=null
2022-04-24 04:15:03,129 [grpc-default-executor-0] INFO  server.RaftServer$Division (RaftServerImpl.java:requestVote(1046)) - e8c8a659-d261-4c5d-8a2f-41b1aaadacc9@group-45E776B468C9: receive requestVote(ELECTION, 8e96264f-9eb0-4fa6-9fb0-f6b0892d4633, group-45E776B468C9, 1, (t:0, i:0))
2022-04-24 04:15:03,131 [8e96264f-9eb0-4fa6-9fb0-f6b0892d4633@group-45E776B468C9-LeaderElection3] INFO  impl.LeaderElection (LeaderElection.java:logAndReturn(89)) - 8e96264f-9eb0-4fa6-9fb0-f6b0892d4633@group-45E776B468C9-LeaderElection3: ELECTION PASSED received 1 response(s) and 0 exception(s):
2022-04-24 04:15:03,129 [grpc-default-executor-0] INFO  impl.VoteContext (VoteContext.java:log(48)) - e8c8a659-d261-4c5d-8a2f-41b1aaadacc9@group-45E776B468C9-FOLLOWER: accept ELECTION from 8e96264f-9eb0-4fa6-9fb0-f6b0892d4633: our priority 0 <= candidate's priority 1
2022-04-24 04:15:03,133 [8e96264f-9eb0-4fa6-9fb0-f6b0892d4633@group-45E776B468C9-LeaderElection3] INFO  impl.LeaderElection (LeaderElection.java:logAndReturn(93)) -   Response 0: 8e96264f-9eb0-4fa6-9fb0-f6b0892d4633<-541013cf-2288-4650-a5cb-617f95277836#0:OK-t1
2022-04-24 04:15:03,133 [grpc-default-executor-0] INFO  server.RaftServer$Division (RaftServerImpl.java:setRole(290)) - e8c8a659-d261-4c5d-8a2f-41b1aaadacc9@group-45E776B468C9: changes role from  FOLLOWER to FOLLOWER at term 1 for candidate:8e96264f-9eb0-4fa6-9fb0-f6b0892d4633
2022-04-24 04:15:03,133 [grpc-default-executor-0] INFO  impl.RoleInfo (RoleInfo.java:shutdownFollowerState(108)) - e8c8a659-d261-4c5d-8a2f-41b1aaadacc9: shutdown e8c8a659-d261-4c5d-8a2f-41b1aaadacc9@group-45E776B468C9-FollowerState
2022-04-24 04:15:03,133 [grpc-default-executor-0] INFO  impl.RoleInfo (RoleInfo.java:updateAndGet(130)) - e8c8a659-d261-4c5d-8a2f-41b1aaadacc9: start e8c8a659-d261-4c5d-8a2f-41b1aaadacc9@group-45E776B468C9-FollowerState
2022-04-24 04:15:03,133 [e8c8a659-d261-4c5d-8a2f-41b1aaadacc9@group-45E776B468C9-FollowerState] INFO  impl.FollowerState (FollowerState.java:run(143)) - e8c8a659-d261-4c5d-8a2f-41b1aaadacc9@group-45E776B468C9-FollowerState was interrupted: {}
java.lang.InterruptedException: sleep interrupted
	at java.lang.Thread.sleep(Native Method)
	at java.lang.Thread.sleep(Thread.java:342)
	at java.util.concurrent.TimeUnit.sleep(TimeUnit.java:386)
	at org.apache.ratis.util.TimeDuration.sleep(TimeDuration.java:324)
	at org.apache.ratis.util.TimeDuration.sleep(TimeDuration.java:309)
	at org.apache.ratis.server.impl.FollowerState.run(FollowerState.java:118)
2022-04-24 04:15:03,134 [8e96264f-9eb0-4fa6-9fb0-f6b0892d4633@group-45E776B468C9-LeaderElection3] INFO  impl.LeaderElection (LeaderElection.java:askForVotes(308)) - 8e96264f-9eb0-4fa6-9fb0-f6b0892d4633@group-45E776B468C9-LeaderElection3 ELECTION round 0: result PASSED
2022-04-24 04:15:03,134 [8e96264f-9eb0-4fa6-9fb0-f6b0892d4633@group-45E776B468C9-LeaderElection3] INFO  impl.RoleInfo (RoleInfo.java:shutdownLeaderElection(121)) - 8e96264f-9eb0-4fa6-9fb0-f6b0892d4633: shutdown 8e96264f-9eb0-4fa6-9fb0-f6b0892d4633@group-45E776B468C9-LeaderElection3
2022-04-24 04:15:03,134 [8e96264f-9eb0-4fa6-9fb0-f6b0892d4633@group-45E776B468C9-LeaderElection3] INFO  server.RaftServer$Division (RaftServerImpl.java:setRole(290)) - 8e96264f-9eb0-4fa6-9fb0-f6b0892d4633@group-45E776B468C9: changes role from CANDIDATE to LEADER at term 1 for changeToLeader
2022-04-24 04:15:03,134 [8e96264f-9eb0-4fa6-9fb0-f6b0892d4633@group-45E776B468C9-LeaderElection3] INFO  ratis.XceiverServerRatis (XceiverServerRatis.java:handleLeaderChangedNotification(863)) - Leader change notification received for group: group-45E776B468C9 with new leaderId: 8e96264f-9eb0-4fa6-9fb0-f6b0892d4633
2022-04-24 04:15:03,134 [8e96264f-9eb0-4fa6-9fb0-f6b0892d4633@group-45E776B468C9-LeaderElection3] INFO  server.RaftServer$Division (ServerState.java:setLeader(285)) - 8e96264f-9eb0-4fa6-9fb0-f6b0892d4633@group-45E776B468C9: change Leader from null to 8e96264f-9eb0-4fa6-9fb0-f6b0892d4633 at term 1 for becomeLeader, leader elected after 5237ms
2022-04-24 04:15:03,134 [8e96264f-9eb0-4fa6-9fb0-f6b0892d4633@group-45E776B468C9-LeaderElection3] INFO  server.RaftServerConfigKeys (ConfUtils.java:logGet(44)) - raft.server.staging.catchup.gap = 1000 (default)
2022-04-24 04:15:03,136 [grpc-default-executor-0] INFO  server.RaftServer$Division (RaftServerImpl.java:requestVote(1078)) - e8c8a659-d261-4c5d-8a2f-41b1aaadacc9@group-45E776B468C9 replies to ELECTION vote request: 8e96264f-9eb0-4fa6-9fb0-f6b0892d4633<-e8c8a659-d261-4c5d-8a2f-41b1aaadacc9#0:OK-t1. Peer's state: e8c8a659-d261-4c5d-8a2f-41b1aaadacc9@group-45E776B468C9:t1, leader=null, voted=8e96264f-9eb0-4fa6-9fb0-f6b0892d4633, raftlog=e8c8a659-d261-4c5d-8a2f-41b1aaadacc9@group-45E776B468C9-SegmentedRaftLog:OPENED:c-1, conf=-1: [541013cf-2288-4650-a5cb-617f95277836|rpc:10.1.0.15:42611|priority:0, 8e96264f-9eb0-4fa6-9fb0-f6b0892d4633|rpc:10.1.0.15:37687|priority:1, e8c8a659-d261-4c5d-8a2f-41b1aaadacc9|rpc:10.1.0.15:38205|priority:0], old=null
2022-04-24 04:15:03,136 [8e96264f-9eb0-4fa6-9fb0-f6b0892d4633@group-45E776B468C9-LeaderElection3] INFO  server.RaftServerConfigKeys (ConfUtils.java:logGet(44)) - raft.server.write.element-limit = 1024 (custom)
2022-04-24 04:15:03,136 [8e96264f-9eb0-4fa6-9fb0-f6b0892d4633@group-45E776B468C9-LeaderElection3] INFO  server.RaftServerConfigKeys (ConfUtils.java:logGet(44)) - raft.server.write.byte-limit = 1024 M (=1073741824) (custom)
2022-04-24 04:15:03,138 [8e96264f-9eb0-4fa6-9fb0-f6b0892d4633@group-45E776B468C9-LeaderElection3] INFO  server.RaftServerConfigKeys (ConfUtils.java:logGet(44)) - raft.server.watch.timeout = 180s (custom)
2022-04-24 04:15:03,138 [8e96264f-9eb0-4fa6-9fb0-f6b0892d4633@group-45E776B468C9-LeaderElection3] INFO  server.RaftServerConfigKeys (ConfUtils.java:logGet(44)) - raft.server.watch.timeout.denomination = 1s (default)
2022-04-24 04:15:03,138 [8e96264f-9eb0-4fa6-9fb0-f6b0892d4633@group-45E776B468C9-LeaderElection3] INFO  server.RaftServerConfigKeys (ConfUtils.java:logGet(44)) - raft.server.watch.element-limit = 65536 (default)
2022-04-24 04:15:03,139 [8e96264f-9eb0-4fa6-9fb0-f6b0892d4633@group-45E776B468C9-LeaderElection3] INFO  server.RaftServerConfigKeys (ConfUtils.java:logGet(44)) - raft.server.write.element-limit = 1024 (custom)
2022-04-24 04:15:03,139 [8e96264f-9eb0-4fa6-9fb0-f6b0892d4633@group-45E776B468C9-LeaderElection3] INFO  server.RaftServerConfigKeys (ConfUtils.java:logGet(44)) - raft.server.write.follower.gap.ratio.max = -1.0 (default)
2022-04-24 04:15:03,141 [EventQueue-PipelineReportForPipelineReportHandler] INFO  pipeline.PipelineManagerImpl (PipelineManagerImpl.java:openPipeline(321)) - Pipeline Pipeline[ Id: d4604e0f-572a-4a89-97eb-45e776b468c9, Nodes: 541013cf-2288-4650-a5cb-617f95277836{ip: 10.1.0.15, host: fv-az50-870.grzltbmokehuzjyc5b133kdqgh.cx.internal.cloudapp.net, ports: [REPLICATION=46325, RATIS=42611, RATIS_ADMIN=42611, RATIS_SERVER=42611, STANDALONE=38347], networkLocation: /default-rack, certSerialId: null, persistedOpState: IN_SERVICE, persistedOpStateExpiryEpochSec: 0}e8c8a659-d261-4c5d-8a2f-41b1aaadacc9{ip: 10.1.0.15, host: fv-az50-870.grzltbmokehuzjyc5b133kdqgh.cx.internal.cloudapp.net, ports: [REPLICATION=37707, RATIS=38205, RATIS_ADMIN=38205, RATIS_SERVER=38205, STANDALONE=43153], networkLocation: /default-rack, certSerialId: null, persistedOpState: IN_SERVICE, persistedOpStateExpiryEpochSec: 0}8e96264f-9eb0-4fa6-9fb0-f6b0892d4633{ip: 10.1.0.15, host: fv-az50-870.grzltbmokehuzjyc5b133kdqgh.cx.internal.cloudapp.net, ports: [REPLICATION=44619, RATIS=37687, RATIS_ADMIN=37687, RATIS_SERVER=37687, STANDALONE=39377], networkLocation: /default-rack, certSerialId: null, persistedOpState: IN_SERVICE, persistedOpStateExpiryEpochSec: 0}, ReplicationConfig: RATIS/THREE, State:ALLOCATED, leaderId:8e96264f-9eb0-4fa6-9fb0-f6b0892d4633, CreationTimestamp2022-04-24T04:14:55.490Z[Etc/UTC]] moved to OPEN state
2022-04-24 04:15:03,149 [8e96264f-9eb0-4fa6-9fb0-f6b0892d4633@group-45E776B468C9-LeaderElection3] INFO  server.RaftServerConfigKeys (ConfUtils.java:logGet(44)) - raft.server.log.appender.snapshot.chunk.size.max = 16MB (=16777216) (default)
2022-04-24 04:15:03,142 [EventQueue-OpenPipelineForHealthyPipelineSafeModeRule] INFO  safemode.SCMSafeModeManager (HealthyPipelineSafeModeRule.java:process(124)) - SCM in safe mode. Healthy pipelines reported count is 0, required healthy pipeline reported count is 1
2022-04-24 04:15:03,149 [8e96264f-9eb0-4fa6-9fb0-f6b0892d4633@group-45E776B468C9-LeaderElection3] INFO  server.RaftServerConfigKeys (ConfUtils.java:logGet(44)) - raft.server.log.appender.buffer.byte-limit = 33554432 (custom)
2022-04-24 04:15:03,150 [EventQueue-OpenPipelineForHealthyPipelineSafeModeRule] INFO  safemode.SCMSafeModeManager (HealthyPipelineSafeModeRule.java:process(124)) - SCM in safe mode. Healthy pipelines reported count is 1, required healthy pipeline reported count is 1
2022-04-24 04:15:03,150 [EventQueue-OpenPipelineForHealthyPipelineSafeModeRule] INFO  safemode.SCMSafeModeManager (SCMSafeModeManager.java:validateSafeModeExitRules(204)) - HealthyPipelineSafeModeRule rule is successfully validated
2022-04-24 04:15:03,150 [EventQueue-OpenPipelineForHealthyPipelineSafeModeRule] INFO  safemode.SCMSafeModeManager (SCMSafeModeManager.java:validateSafeModeExitRules(219)) - ScmSafeModeManager, all rules are successfully validated
2022-04-24 04:15:03,150 [EventQueue-OpenPipelineForHealthyPipelineSafeModeRule] INFO  safemode.SCMSafeModeManager (SCMSafeModeManager.java:exitSafeMode(248)) - SCM exiting safe mode.
2022-04-24 04:15:03,150 [EventQueue-OpenPipelineForHealthyPipelineSafeModeRule] WARN  events.EventQueue (EventQueue.java:fireEvent(194)) - No event handler registered for event TypedEvent{payloadType=SafeModeStatus, name='Safe mode status'}
2022-04-24 04:15:03,150 [EventQueue-OpenPipelineForHealthyPipelineSafeModeRule] INFO  ha.SCMContext (SCMContext.java:updateSafeModeStatus(211)) - Update SafeModeStatus from SafeModeStatus{safeModeStatus=true, preCheckPassed=true} to SafeModeStatus{safeModeStatus=false, preCheckPassed=true}.
2022-04-24 04:15:03,150 [EventQueue-OpenPipelineForHealthyPipelineSafeModeRule] INFO  pipeline.BackgroundPipelineCreator (BackgroundPipelineCreator.java:notifyStatusChanged(263)) - Service BackgroundPipelineCreator transitions to RUNNING.
2022-04-24 04:15:03,150 [8e96264f-9eb0-4fa6-9fb0-f6b0892d4633@group-45E776B468C9-LeaderElection3] INFO  server.RaftServerConfigKeys (ConfUtils.java:logGet(44)) - raft.server.log.appender.buffer.element-limit = 1 (custom)
2022-04-24 04:15:03,150 [EventQueue-OpenPipelineForHealthyPipelineSafeModeRule] INFO  container.ReplicationManager (ReplicationManager.java:notifyStatusChanged(1815)) - Service ReplicationManager transitions to RUNNING.
2022-04-24 04:15:03,154 [8e96264f-9eb0-4fa6-9fb0-f6b0892d4633@group-45E776B468C9-LeaderElection3] INFO  grpc.GrpcConfigKeys (ConfUtils.java:logGet(44)) - raft.grpc.server.leader.outstanding.appends.max = 128 (default)
2022-04-24 04:15:03,154 [8e96264f-9eb0-4fa6-9fb0-f6b0892d4633@group-45E776B468C9-LeaderElection3] INFO  server.RaftServerConfigKeys (ConfUtils.java:logGet(44)) - raft.server.rpc.request.timeout = 60s (custom)
2022-04-24 04:15:03,154 [8e96264f-9eb0-4fa6-9fb0-f6b0892d4633@group-45E776B468C9-LeaderElection3] INFO  server.RaftServerConfigKeys (ConfUtils.java:logGet(44)) - raft.server.log.appender.install.snapshot.enabled = false (custom)
2022-04-24 04:15:03,157 [8e96264f-9eb0-4fa6-9fb0-f6b0892d4633@group-45E776B468C9-LeaderElection3] INFO  server.RaftServerConfigKeys (ConfUtils.java:logGet(44)) - raft.server.log.appender.snapshot.chunk.size.max = 16MB (=16777216) (default)
2022-04-24 04:15:03,158 [8e96264f-9eb0-4fa6-9fb0-f6b0892d4633@group-45E776B468C9-LeaderElection3] INFO  server.RaftServerConfigKeys (ConfUtils.java:logGet(44)) - raft.server.log.appender.buffer.byte-limit = 33554432 (custom)
2022-04-24 04:15:03,158 [8e96264f-9eb0-4fa6-9fb0-f6b0892d4633@group-45E776B468C9-LeaderElection3] INFO  server.RaftServerConfigKeys (ConfUtils.java:logGet(44)) - raft.server.log.appender.buffer.element-limit = 1 (custom)
2022-04-24 04:15:03,158 [8e96264f-9eb0-4fa6-9fb0-f6b0892d4633@group-45E776B468C9-LeaderElection3] INFO  grpc.GrpcConfigKeys (ConfUtils.java:logGet(44)) - raft.grpc.server.leader.outstanding.appends.max = 128 (default)
2022-04-24 04:15:03,158 [8e96264f-9eb0-4fa6-9fb0-f6b0892d4633@group-45E776B468C9-LeaderElection3] INFO  server.RaftServerConfigKeys (ConfUtils.java:logGet(44)) - raft.server.rpc.request.timeout = 60s (custom)
2022-04-24 04:15:03,158 [8e96264f-9eb0-4fa6-9fb0-f6b0892d4633@group-45E776B468C9-LeaderElection3] INFO  server.RaftServerConfigKeys (ConfUtils.java:logGet(44)) - raft.server.log.appender.install.snapshot.enabled = false (custom)
2022-04-24 04:15:03,159 [8e96264f-9eb0-4fa6-9fb0-f6b0892d4633@group-45E776B468C9-LeaderElection3] INFO  impl.RoleInfo (RoleInfo.java:updateAndGet(130)) - 8e96264f-9eb0-4fa6-9fb0-f6b0892d4633: start 8e96264f-9eb0-4fa6-9fb0-f6b0892d4633@group-45E776B468C9-LeaderStateImpl
2022-04-24 04:15:03,160 [8e96264f-9eb0-4fa6-9fb0-f6b0892d4633@group-45E776B468C9-LeaderElection3] INFO  segmented.SegmentedRaftLogWorker (SegmentedRaftLogWorker.java:startLogSegment(394)) - 8e96264f-9eb0-4fa6-9fb0-f6b0892d4633@group-45E776B468C9-SegmentedRaftLogWorker: Starting segment from index:0
2022-04-24 04:15:03,161 [8e96264f-9eb0-4fa6-9fb0-f6b0892d4633@group-45E776B468C9-SegmentedRaftLogWorker] INFO  segmented.SegmentedRaftLogWorker (SegmentedRaftLogWorker.java:execute(601)) - 8e96264f-9eb0-4fa6-9fb0-f6b0892d4633@group-45E776B468C9-SegmentedRaftLogWorker: created new log segment /home/runner/work/ozone/ozone/hadoop-ozone/integration-test/target/test-dir/MiniOzoneClusterImpl-a4f891ee-a8e1-4ed6-b509-207d494f3db6/datanode-0/data/ratis/d4604e0f-572a-4a89-97eb-45e776b468c9/current/log_inprogress_0
2022-04-24 04:15:03,170 [8e96264f-9eb0-4fa6-9fb0-f6b0892d4633@group-45E776B468C9-LeaderElection3] INFO  server.RaftServer$Division (ServerState.java:setRaftConf(387)) - 8e96264f-9eb0-4fa6-9fb0-f6b0892d4633@group-45E776B468C9: set configuration 0: [541013cf-2288-4650-a5cb-617f95277836|rpc:10.1.0.15:42611|dataStream:|priority:0, 8e96264f-9eb0-4fa6-9fb0-f6b0892d4633|rpc:10.1.0.15:37687|dataStream:|priority:1, e8c8a659-d261-4c5d-8a2f-41b1aaadacc9|rpc:10.1.0.15:38205|dataStream:|priority:0], old=null
2022-04-24 04:15:03,201 [grpc-default-executor-1] INFO  ratis.XceiverServerRatis (XceiverServerRatis.java:handleLeaderChangedNotification(863)) - Leader change notification received for group: group-45E776B468C9 with new leaderId: 8e96264f-9eb0-4fa6-9fb0-f6b0892d4633
2022-04-24 04:15:03,201 [grpc-default-executor-1] INFO  server.RaftServer$Division (ServerState.java:setLeader(285)) - e8c8a659-d261-4c5d-8a2f-41b1aaadacc9@group-45E776B468C9: change Leader from null to 8e96264f-9eb0-4fa6-9fb0-f6b0892d4633 at term 1 for appendEntries, leader elected after 5003ms
2022-04-24 04:15:03,202 [grpc-default-executor-0] INFO  ratis.XceiverServerRatis (XceiverServerRatis.java:handleLeaderChangedNotification(863)) - Leader change notification received for group: group-45E776B468C9 with new leaderId: 8e96264f-9eb0-4fa6-9fb0-f6b0892d4633
2022-04-24 04:15:03,202 [grpc-default-executor-0] INFO  server.RaftServer$Division (ServerState.java:setLeader(285)) - 541013cf-2288-4650-a5cb-617f95277836@group-45E776B468C9: change Leader from null to 8e96264f-9eb0-4fa6-9fb0-f6b0892d4633 at term 1 for appendEntries, leader elected after 4627ms
2022-04-24 04:15:03,221 [grpc-default-executor-2] INFO  server.RaftServer$Division (ServerState.java:setRaftConf(387)) - 541013cf-2288-4650-a5cb-617f95277836@group-45E776B468C9: set configuration 0: [541013cf-2288-4650-a5cb-617f95277836|rpc:10.1.0.15:42611|dataStream:|priority:0, 8e96264f-9eb0-4fa6-9fb0-f6b0892d4633|rpc:10.1.0.15:37687|dataStream:|priority:1, e8c8a659-d261-4c5d-8a2f-41b1aaadacc9|rpc:10.1.0.15:38205|dataStream:|priority:0], old=null
2022-04-24 04:15:03,222 [grpc-default-executor-2] INFO  segmented.SegmentedRaftLogWorker (SegmentedRaftLogWorker.java:startLogSegment(394)) - 541013cf-2288-4650-a5cb-617f95277836@group-45E776B468C9-SegmentedRaftLogWorker: Starting segment from index:0
2022-04-24 04:15:03,221 [grpc-default-executor-1] INFO  server.RaftServer$Division (ServerState.java:setRaftConf(387)) - e8c8a659-d261-4c5d-8a2f-41b1aaadacc9@group-45E776B468C9: set configuration 0: [541013cf-2288-4650-a5cb-617f95277836|rpc:10.1.0.15:42611|dataStream:|priority:0, 8e96264f-9eb0-4fa6-9fb0-f6b0892d4633|rpc:10.1.0.15:37687|dataStream:|priority:1, e8c8a659-d261-4c5d-8a2f-41b1aaadacc9|rpc:10.1.0.15:38205|dataStream:|priority:0], old=null
2022-04-24 04:15:03,225 [grpc-default-executor-1] INFO  segmented.SegmentedRaftLogWorker (SegmentedRaftLogWorker.java:startLogSegment(394)) - e8c8a659-d261-4c5d-8a2f-41b1aaadacc9@group-45E776B468C9-SegmentedRaftLogWorker: Starting segment from index:0
2022-04-24 04:15:03,226 [541013cf-2288-4650-a5cb-617f95277836@group-45E776B468C9-SegmentedRaftLogWorker] INFO  segmented.SegmentedRaftLogWorker (SegmentedRaftLogWorker.java:execute(601)) - 541013cf-2288-4650-a5cb-617f95277836@group-45E776B468C9-SegmentedRaftLogWorker: created new log segment /home/runner/work/ozone/ozone/hadoop-ozone/integration-test/target/test-dir/MiniOzoneClusterImpl-a4f891ee-a8e1-4ed6-b509-207d494f3db6/datanode-2/data/ratis/d4604e0f-572a-4a89-97eb-45e776b468c9/current/log_inprogress_0
2022-04-24 04:15:03,226 [e8c8a659-d261-4c5d-8a2f-41b1aaadacc9@group-45E776B468C9-SegmentedRaftLogWorker] INFO  segmented.SegmentedRaftLogWorker (SegmentedRaftLogWorker.java:execute(601)) - e8c8a659-d261-4c5d-8a2f-41b1aaadacc9@group-45E776B468C9-SegmentedRaftLogWorker: created new log segment /home/runner/work/ozone/ozone/hadoop-ozone/integration-test/target/test-dir/MiniOzoneClusterImpl-a4f891ee-a8e1-4ed6-b509-207d494f3db6/datanode-1/data/ratis/d4604e0f-572a-4a89-97eb-45e776b468c9/current/log_inprogress_0
2022-04-24 04:15:03,385 [e8c8a659-d261-4c5d-8a2f-41b1aaadacc9@group-AF293890AD0C-FollowerState] INFO  impl.FollowerState (FollowerState.java:run(134)) - e8c8a659-d261-4c5d-8a2f-41b1aaadacc9@group-AF293890AD0C-FollowerState: change to CANDIDATE, lastRpcElapsedTime:5206238183ns, electionTimeout:5199ms
2022-04-24 04:15:03,386 [e8c8a659-d261-4c5d-8a2f-41b1aaadacc9@group-AF293890AD0C-FollowerState] INFO  impl.RoleInfo (RoleInfo.java:shutdownFollowerState(108)) - e8c8a659-d261-4c5d-8a2f-41b1aaadacc9: shutdown e8c8a659-d261-4c5d-8a2f-41b1aaadacc9@group-AF293890AD0C-FollowerState
2022-04-24 04:15:03,386 [e8c8a659-d261-4c5d-8a2f-41b1aaadacc9@group-AF293890AD0C-FollowerState] INFO  server.RaftServer$Division (RaftServerImpl.java:setRole(290)) - e8c8a659-d261-4c5d-8a2f-41b1aaadacc9@group-AF293890AD0C: changes role from  FOLLOWER to CANDIDATE at term 0 for changeToCandidate
2022-04-24 04:15:03,386 [e8c8a659-d261-4c5d-8a2f-41b1aaadacc9@group-AF293890AD0C-FollowerState] INFO  server.RaftServerConfigKeys (ConfUtils.java:logGet(44)) - raft.server.leaderelection.pre-vote = false (custom)
2022-04-24 04:15:03,386 [e8c8a659-d261-4c5d-8a2f-41b1aaadacc9@group-AF293890AD0C-FollowerState] INFO  impl.RoleInfo (RoleInfo.java:updateAndGet(130)) - e8c8a659-d261-4c5d-8a2f-41b1aaadacc9: start e8c8a659-d261-4c5d-8a2f-41b1aaadacc9@group-AF293890AD0C-LeaderElection4
2022-04-24 04:15:03,389 [e8c8a659-d261-4c5d-8a2f-41b1aaadacc9@group-AF293890AD0C-LeaderElection4] INFO  impl.LeaderElection (LeaderElection.java:askForVotes(306)) - e8c8a659-d261-4c5d-8a2f-41b1aaadacc9@group-AF293890AD0C-LeaderElection4 ELECTION round 0: submit vote requests at term 1 for -1: [e8c8a659-d261-4c5d-8a2f-41b1aaadacc9|rpc:10.1.0.15:38205|priority:1], old=null
2022-04-24 04:15:03,390 [e8c8a659-d261-4c5d-8a2f-41b1aaadacc9@group-AF293890AD0C-LeaderElection4] INFO  impl.LeaderElection (LeaderElection.java:askForVotes(308)) - e8c8a659-d261-4c5d-8a2f-41b1aaadacc9@group-AF293890AD0C-LeaderElection4 ELECTION round 0: result PASSED (term=1)
2022-04-24 04:15:03,390 [e8c8a659-d261-4c5d-8a2f-41b1aaadacc9@group-AF293890AD0C-LeaderElection4] INFO  impl.RoleInfo (RoleInfo.java:shutdownLeaderElection(121)) - e8c8a659-d261-4c5d-8a2f-41b1aaadacc9: shutdown e8c8a659-d261-4c5d-8a2f-41b1aaadacc9@group-AF293890AD0C-LeaderElection4
2022-04-24 04:15:03,391 [e8c8a659-d261-4c5d-8a2f-41b1aaadacc9@group-AF293890AD0C-LeaderElection4] INFO  server.RaftServer$Division (RaftServerImpl.java:setRole(290)) - e8c8a659-d261-4c5d-8a2f-41b1aaadacc9@group-AF293890AD0C: changes role from CANDIDATE to LEADER at term 1 for changeToLeader
2022-04-24 04:15:03,391 [e8c8a659-d261-4c5d-8a2f-41b1aaadacc9@group-AF293890AD0C-LeaderElection4] INFO  ratis.XceiverServerRatis (XceiverServerRatis.java:handleLeaderChangedNotification(863)) - Leader change notification received for group: group-AF293890AD0C with new leaderId: e8c8a659-d261-4c5d-8a2f-41b1aaadacc9
2022-04-24 04:15:03,391 [e8c8a659-d261-4c5d-8a2f-41b1aaadacc9@group-AF293890AD0C-LeaderElection4] INFO  server.RaftServer$Division (ServerState.java:setLeader(285)) - e8c8a659-d261-4c5d-8a2f-41b1aaadacc9@group-AF293890AD0C: change Leader from null to e8c8a659-d261-4c5d-8a2f-41b1aaadacc9 at term 1 for becomeLeader, leader elected after 5237ms
2022-04-24 04:15:03,392 [e8c8a659-d261-4c5d-8a2f-41b1aaadacc9@group-AF293890AD0C-LeaderElection4] INFO  server.RaftServerConfigKeys (ConfUtils.java:logGet(44)) - raft.server.staging.catchup.gap = 1000 (default)
2022-04-24 04:15:03,392 [e8c8a659-d261-4c5d-8a2f-41b1aaadacc9@group-AF293890AD0C-LeaderElection4] INFO  server.RaftServerConfigKeys (ConfUtils.java:logGet(44)) - raft.server.write.element-limit = 1024 (custom)
2022-04-24 04:15:03,392 [e8c8a659-d261-4c5d-8a2f-41b1aaadacc9@group-AF293890AD0C-LeaderElection4] INFO  server.RaftServerConfigKeys (ConfUtils.java:logGet(44)) - raft.server.write.byte-limit = 1024 M (=1073741824) (custom)
2022-04-24 04:15:03,392 [e8c8a659-d261-4c5d-8a2f-41b1aaadacc9@group-AF293890AD0C-LeaderElection4] INFO  server.RaftServerConfigKeys (ConfUtils.java:logGet(44)) - raft.server.watch.timeout = 180s (custom)
2022-04-24 04:15:03,392 [e8c8a659-d261-4c5d-8a2f-41b1aaadacc9@group-AF293890AD0C-LeaderElection4] INFO  server.RaftServerConfigKeys (ConfUtils.java:logGet(44)) - raft.server.watch.timeout.denomination = 1s (default)
2022-04-24 04:15:03,393 [e8c8a659-d261-4c5d-8a2f-41b1aaadacc9@group-AF293890AD0C-LeaderElection4] INFO  server.RaftServerConfigKeys (ConfUtils.java:logGet(44)) - raft.server.watch.element-limit = 65536 (default)
2022-04-24 04:15:03,393 [e8c8a659-d261-4c5d-8a2f-41b1aaadacc9@group-AF293890AD0C-LeaderElection4] INFO  server.RaftServerConfigKeys (ConfUtils.java:logGet(44)) - raft.server.write.element-limit = 1024 (custom)
2022-04-24 04:15:03,393 [e8c8a659-d261-4c5d-8a2f-41b1aaadacc9@group-AF293890AD0C-LeaderElection4] INFO  server.RaftServerConfigKeys (ConfUtils.java:logGet(44)) - raft.server.write.follower.gap.ratio.max = -1.0 (default)
2022-04-24 04:15:03,393 [e8c8a659-d261-4c5d-8a2f-41b1aaadacc9@group-AF293890AD0C-LeaderElection4] INFO  impl.RoleInfo (RoleInfo.java:updateAndGet(130)) - e8c8a659-d261-4c5d-8a2f-41b1aaadacc9: start e8c8a659-d261-4c5d-8a2f-41b1aaadacc9@group-AF293890AD0C-LeaderStateImpl
2022-04-24 04:15:03,393 [e8c8a659-d261-4c5d-8a2f-41b1aaadacc9@group-AF293890AD0C-LeaderElection4] INFO  segmented.SegmentedRaftLogWorker (SegmentedRaftLogWorker.java:startLogSegment(394)) - e8c8a659-d261-4c5d-8a2f-41b1aaadacc9@group-AF293890AD0C-SegmentedRaftLogWorker: Starting segment from index:0
2022-04-24 04:15:03,394 [e8c8a659-d261-4c5d-8a2f-41b1aaadacc9@group-AF293890AD0C-SegmentedRaftLogWorker] INFO  segmented.SegmentedRaftLogWorker (SegmentedRaftLogWorker.java:execute(601)) - e8c8a659-d261-4c5d-8a2f-41b1aaadacc9@group-AF293890AD0C-SegmentedRaftLogWorker: created new log segment /home/runner/work/ozone/ozone/hadoop-ozone/integration-test/target/test-dir/MiniOzoneClusterImpl-a4f891ee-a8e1-4ed6-b509-207d494f3db6/datanode-1/data/ratis/1205f272-f983-4ccc-bf06-af293890ad0c/current/log_inprogress_0
2022-04-24 04:15:03,398 [e8c8a659-d261-4c5d-8a2f-41b1aaadacc9@group-AF293890AD0C-LeaderElection4] INFO  server.RaftServer$Division (ServerState.java:setRaftConf(387)) - e8c8a659-d261-4c5d-8a2f-41b1aaadacc9@group-AF293890AD0C: set configuration 0: [e8c8a659-d261-4c5d-8a2f-41b1aaadacc9|rpc:10.1.0.15:38205|dataStream:|priority:1], old=null
2022-04-24 04:15:03,728 [541013cf-2288-4650-a5cb-617f95277836@group-643B1867606F-FollowerState] INFO  impl.FollowerState (FollowerState.java:run(134)) - 541013cf-2288-4650-a5cb-617f95277836@group-643B1867606F-FollowerState: change to CANDIDATE, lastRpcElapsedTime:5077058818ns, electionTimeout:5073ms
2022-04-24 04:15:03,728 [541013cf-2288-4650-a5cb-617f95277836@group-643B1867606F-FollowerState] INFO  impl.RoleInfo (RoleInfo.java:shutdownFollowerState(108)) - 541013cf-2288-4650-a5cb-617f95277836: shutdown 541013cf-2288-4650-a5cb-617f95277836@group-643B1867606F-FollowerState
2022-04-24 04:15:03,729 [541013cf-2288-4650-a5cb-617f95277836@group-643B1867606F-FollowerState] INFO  server.RaftServer$Division (RaftServerImpl.java:setRole(290)) - 541013cf-2288-4650-a5cb-617f95277836@group-643B1867606F: changes role from  FOLLOWER to CANDIDATE at term 0 for changeToCandidate
2022-04-24 04:15:03,729 [541013cf-2288-4650-a5cb-617f95277836@group-643B1867606F-FollowerState] INFO  server.RaftServerConfigKeys (ConfUtils.java:logGet(44)) - raft.server.leaderelection.pre-vote = false (custom)
2022-04-24 04:15:03,729 [541013cf-2288-4650-a5cb-617f95277836@group-643B1867606F-FollowerState] INFO  impl.RoleInfo (RoleInfo.java:updateAndGet(130)) - 541013cf-2288-4650-a5cb-617f95277836: start 541013cf-2288-4650-a5cb-617f95277836@group-643B1867606F-LeaderElection5
2022-04-24 04:15:03,732 [541013cf-2288-4650-a5cb-617f95277836@group-643B1867606F-LeaderElection5] INFO  impl.LeaderElection (LeaderElection.java:askForVotes(306)) - 541013cf-2288-4650-a5cb-617f95277836@group-643B1867606F-LeaderElection5 ELECTION round 0: submit vote requests at term 1 for -1: [541013cf-2288-4650-a5cb-617f95277836|rpc:10.1.0.15:42611|priority:1, 8e96264f-9eb0-4fa6-9fb0-f6b0892d4633|rpc:10.1.0.15:37687|priority:0, e8c8a659-d261-4c5d-8a2f-41b1aaadacc9|rpc:10.1.0.15:38205|priority:0], old=null
2022-04-24 04:15:03,747 [grpc-default-executor-2] INFO  server.RaftServer$Division (RaftServerImpl.java:requestVote(1046)) - e8c8a659-d261-4c5d-8a2f-41b1aaadacc9@group-643B1867606F: receive requestVote(ELECTION, 541013cf-2288-4650-a5cb-617f95277836, group-643B1867606F, 1, (t:0, i:0))
2022-04-24 04:15:03,747 [grpc-default-executor-2] INFO  impl.VoteContext (VoteContext.java:log(48)) - e8c8a659-d261-4c5d-8a2f-41b1aaadacc9@group-643B1867606F-FOLLOWER: accept ELECTION from 541013cf-2288-4650-a5cb-617f95277836: our priority 0 <= candidate's priority 1
2022-04-24 04:15:03,747 [grpc-default-executor-2] INFO  server.RaftServer$Division (RaftServerImpl.java:setRole(290)) - e8c8a659-d261-4c5d-8a2f-41b1aaadacc9@group-643B1867606F: changes role from  FOLLOWER to FOLLOWER at term 1 for candidate:541013cf-2288-4650-a5cb-617f95277836
2022-04-24 04:15:03,747 [grpc-default-executor-2] INFO  impl.RoleInfo (RoleInfo.java:shutdownFollowerState(108)) - e8c8a659-d261-4c5d-8a2f-41b1aaadacc9: shutdown e8c8a659-d261-4c5d-8a2f-41b1aaadacc9@group-643B1867606F-FollowerState
2022-04-24 04:15:03,748 [grpc-default-executor-2] INFO  impl.RoleInfo (RoleInfo.java:updateAndGet(130)) - e8c8a659-d261-4c5d-8a2f-41b1aaadacc9: start e8c8a659-d261-4c5d-8a2f-41b1aaadacc9@group-643B1867606F-FollowerState
2022-04-24 04:15:03,748 [e8c8a659-d261-4c5d-8a2f-41b1aaadacc9@group-643B1867606F-FollowerState] INFO  impl.FollowerState (FollowerState.java:run(143)) - e8c8a659-d261-4c5d-8a2f-41b1aaadacc9@group-643B1867606F-FollowerState was interrupted: {}
java.lang.InterruptedException: sleep interrupted
	at java.lang.Thread.sleep(Native Method)
	at java.lang.Thread.sleep(Thread.java:342)
	at java.util.concurrent.TimeUnit.sleep(TimeUnit.java:386)
	at org.apache.ratis.util.TimeDuration.sleep(TimeDuration.java:324)
	at org.apache.ratis.util.TimeDuration.sleep(TimeDuration.java:309)
	at org.apache.ratis.server.impl.FollowerState.run(FollowerState.java:118)
2022-04-24 04:15:03,758 [grpc-default-executor-0] INFO  server.RaftServer$Division (RaftServerImpl.java:requestVote(1046)) - 8e96264f-9eb0-4fa6-9fb0-f6b0892d4633@group-643B1867606F: receive requestVote(ELECTION, 541013cf-2288-4650-a5cb-617f95277836, group-643B1867606F, 1, (t:0, i:0))
2022-04-24 04:15:03,759 [grpc-default-executor-0] INFO  impl.VoteContext (VoteContext.java:log(48)) - 8e96264f-9eb0-4fa6-9fb0-f6b0892d4633@group-643B1867606F-FOLLOWER: accept ELECTION from 541013cf-2288-4650-a5cb-617f95277836: our priority 0 <= candidate's priority 1
2022-04-24 04:15:03,759 [grpc-default-executor-0] INFO  server.RaftServer$Division (RaftServerImpl.java:setRole(290)) - 8e96264f-9eb0-4fa6-9fb0-f6b0892d4633@group-643B1867606F: changes role from  FOLLOWER to FOLLOWER at term 1 for candidate:541013cf-2288-4650-a5cb-617f95277836
2022-04-24 04:15:03,759 [grpc-default-executor-0] INFO  impl.RoleInfo (RoleInfo.java:shutdownFollowerState(108)) - 8e96264f-9eb0-4fa6-9fb0-f6b0892d4633: shutdown 8e96264f-9eb0-4fa6-9fb0-f6b0892d4633@group-643B1867606F-FollowerState
2022-04-24 04:15:03,759 [8e96264f-9eb0-4fa6-9fb0-f6b0892d4633@group-643B1867606F-FollowerState] INFO  impl.FollowerState (FollowerState.java:run(143)) - 8e96264f-9eb0-4fa6-9fb0-f6b0892d4633@group-643B1867606F-FollowerState was interrupted: {}
java.lang.InterruptedException: sleep interrupted
	at java.lang.Thread.sleep(Native Method)
	at java.lang.Thread.sleep(Thread.java:342)
	at java.util.concurrent.TimeUnit.sleep(TimeUnit.java:386)
	at org.apache.ratis.util.TimeDuration.sleep(TimeDuration.java:324)
	at org.apache.ratis.util.TimeDuration.sleep(TimeDuration.java:309)
	at org.apache.ratis.server.impl.FollowerState.run(FollowerState.java:118)
2022-04-24 04:15:03,760 [grpc-default-executor-2] INFO  server.RaftServer$Division (RaftServerImpl.java:requestVote(1078)) - e8c8a659-d261-4c5d-8a2f-41b1aaadacc9@group-643B1867606F replies to ELECTION vote request: 541013cf-2288-4650-a5cb-617f95277836<-e8c8a659-d261-4c5d-8a2f-41b1aaadacc9#0:OK-t1. Peer's state: e8c8a659-d261-4c5d-8a2f-41b1aaadacc9@group-643B1867606F:t1, leader=null, voted=541013cf-2288-4650-a5cb-617f95277836, raftlog=e8c8a659-d261-4c5d-8a2f-41b1aaadacc9@group-643B1867606F-SegmentedRaftLog:OPENED:c-1, conf=-1: [541013cf-2288-4650-a5cb-617f95277836|rpc:10.1.0.15:42611|priority:1, 8e96264f-9eb0-4fa6-9fb0-f6b0892d4633|rpc:10.1.0.15:37687|priority:0, e8c8a659-d261-4c5d-8a2f-41b1aaadacc9|rpc:10.1.0.15:38205|priority:0], old=null
2022-04-24 04:15:03,762 [grpc-default-executor-0] INFO  impl.RoleInfo (RoleInfo.java:updateAndGet(130)) - 8e96264f-9eb0-4fa6-9fb0-f6b0892d4633: start 8e96264f-9eb0-4fa6-9fb0-f6b0892d4633@group-643B1867606F-FollowerState
2022-04-24 04:15:03,763 [541013cf-2288-4650-a5cb-617f95277836@group-643B1867606F-LeaderElection5] INFO  impl.LeaderElection (LeaderElection.java:logAndReturn(89)) - 541013cf-2288-4650-a5cb-617f95277836@group-643B1867606F-LeaderElection5: ELECTION PASSED received 1 response(s) and 0 exception(s):
2022-04-24 04:15:03,770 [541013cf-2288-4650-a5cb-617f95277836@group-643B1867606F-LeaderElection5] INFO  impl.LeaderElection (LeaderElection.java:logAndReturn(93)) -   Response 0: 541013cf-2288-4650-a5cb-617f95277836<-e8c8a659-d261-4c5d-8a2f-41b1aaadacc9#0:OK-t1
2022-04-24 04:15:03,770 [grpc-default-executor-0] INFO  server.RaftServer$Division (RaftServerImpl.java:requestVote(1078)) - 8e96264f-9eb0-4fa6-9fb0-f6b0892d4633@group-643B1867606F replies to ELECTION vote request: 541013cf-2288-4650-a5cb-617f95277836<-8e96264f-9eb0-4fa6-9fb0-f6b0892d4633#0:OK-t1. Peer's state: 8e96264f-9eb0-4fa6-9fb0-f6b0892d4633@group-643B1867606F:t1, leader=null, voted=541013cf-2288-4650-a5cb-617f95277836, raftlog=8e96264f-9eb0-4fa6-9fb0-f6b0892d4633@group-643B1867606F-SegmentedRaftLog:OPENED:c-1, conf=-1: [541013cf-2288-4650-a5cb-617f95277836|rpc:10.1.0.15:42611|dataStream:|priority:1, 8e96264f-9eb0-4fa6-9fb0-f6b0892d4633|rpc:10.1.0.15:37687|dataStream:|priority:0, e8c8a659-d261-4c5d-8a2f-41b1aaadacc9|rpc:10.1.0.15:38205|dataStream:|priority:0], old=null
2022-04-24 04:15:03,770 [541013cf-2288-4650-a5cb-617f95277836@group-643B1867606F-LeaderElection5] INFO  impl.LeaderElection (LeaderElection.java:askForVotes(308)) - 541013cf-2288-4650-a5cb-617f95277836@group-643B1867606F-LeaderElection5 ELECTION round 0: result PASSED
2022-04-24 04:15:03,770 [541013cf-2288-4650-a5cb-617f95277836@group-643B1867606F-LeaderElection5] INFO  impl.RoleInfo (RoleInfo.java:shutdownLeaderElection(121)) - 541013cf-2288-4650-a5cb-617f95277836: shutdown 541013cf-2288-4650-a5cb-617f95277836@group-643B1867606F-LeaderElection5
2022-04-24 04:15:03,770 [541013cf-2288-4650-a5cb-617f95277836@group-643B1867606F-LeaderElection5] INFO  server.RaftServer$Division (RaftServerImpl.java:setRole(290)) - 541013cf-2288-4650-a5cb-617f95277836@group-643B1867606F: changes role from CANDIDATE to LEADER at term 1 for changeToLeader
2022-04-24 04:15:03,770 [541013cf-2288-4650-a5cb-617f95277836@group-643B1867606F-LeaderElection5] INFO  ratis.XceiverServerRatis (XceiverServerRatis.java:handleLeaderChangedNotification(863)) - Leader change notification received for group: group-643B1867606F with new leaderId: 541013cf-2288-4650-a5cb-617f95277836
2022-04-24 04:15:03,770 [541013cf-2288-4650-a5cb-617f95277836@group-643B1867606F-LeaderElection5] INFO  server.RaftServer$Division (ServerState.java:setLeader(285)) - 541013cf-2288-4650-a5cb-617f95277836@group-643B1867606F: change Leader from null to 541013cf-2288-4650-a5cb-617f95277836 at term 1 for becomeLeader, leader elected after 5124ms
2022-04-24 04:15:03,770 [541013cf-2288-4650-a5cb-617f95277836@group-643B1867606F-LeaderElection5] INFO  server.RaftServerConfigKeys (ConfUtils.java:logGet(44)) - raft.server.staging.catchup.gap = 1000 (default)
2022-04-24 04:15:03,771 [541013cf-2288-4650-a5cb-617f95277836@group-643B1867606F-LeaderElection5] INFO  server.RaftServerConfigKeys (ConfUtils.java:logGet(44)) - raft.server.write.element-limit = 1024 (custom)
2022-04-24 04:15:03,771 [541013cf-2288-4650-a5cb-617f95277836@group-643B1867606F-LeaderElection5] INFO  server.RaftServerConfigKeys (ConfUtils.java:logGet(44)) - raft.server.write.byte-limit = 1024 M (=1073741824) (custom)
2022-04-24 04:15:03,771 [541013cf-2288-4650-a5cb-617f95277836@group-643B1867606F-LeaderElection5] INFO  server.RaftServerConfigKeys (ConfUtils.java:logGet(44)) - raft.server.watch.timeout = 180s (custom)
2022-04-24 04:15:03,771 [541013cf-2288-4650-a5cb-617f95277836@group-643B1867606F-LeaderElection5] INFO  server.RaftServerConfigKeys (ConfUtils.java:logGet(44)) - raft.server.watch.timeout.denomination = 1s (default)
2022-04-24 04:15:03,771 [541013cf-2288-4650-a5cb-617f95277836@group-643B1867606F-LeaderElection5] INFO  server.RaftServerConfigKeys (ConfUtils.java:logGet(44)) - raft.server.watch.element-limit = 65536 (default)
2022-04-24 04:15:03,771 [541013cf-2288-4650-a5cb-617f95277836@group-643B1867606F-LeaderElection5] INFO  server.RaftServerConfigKeys (ConfUtils.java:logGet(44)) - raft.server.write.element-limit = 1024 (custom)
2022-04-24 04:15:03,771 [541013cf-2288-4650-a5cb-617f95277836@group-643B1867606F-LeaderElection5] INFO  server.RaftServerConfigKeys (ConfUtils.java:logGet(44)) - raft.server.write.follower.gap.ratio.max = -1.0 (default)
2022-04-24 04:15:03,772 [541013cf-2288-4650-a5cb-617f95277836@group-643B1867606F-LeaderElection5] INFO  server.RaftServerConfigKeys (ConfUtils.java:logGet(44)) - raft.server.log.appender.snapshot.chunk.size.max = 16MB (=16777216) (default)
2022-04-24 04:15:03,772 [541013cf-2288-4650-a5cb-617f95277836@group-643B1867606F-LeaderElection5] INFO  server.RaftServerConfigKeys (ConfUtils.java:logGet(44)) - raft.server.log.appender.buffer.byte-limit = 33554432 (custom)
2022-04-24 04:15:03,772 [541013cf-2288-4650-a5cb-617f95277836@group-643B1867606F-LeaderElection5] INFO  server.RaftServerConfigKeys (ConfUtils.java:logGet(44)) - raft.server.log.appender.buffer.element-limit = 1 (custom)
2022-04-24 04:15:03,772 [541013cf-2288-4650-a5cb-617f95277836@group-643B1867606F-LeaderElection5] INFO  grpc.GrpcConfigKeys (ConfUtils.java:logGet(44)) - raft.grpc.server.leader.outstanding.appends.max = 128 (default)
2022-04-24 04:15:03,773 [541013cf-2288-4650-a5cb-617f95277836@group-643B1867606F-LeaderElection5] INFO  server.RaftServerConfigKeys (ConfUtils.java:logGet(44)) - raft.server.rpc.request.timeout = 60s (custom)
2022-04-24 04:15:03,773 [541013cf-2288-4650-a5cb-617f95277836@group-643B1867606F-LeaderElection5] INFO  server.RaftServerConfigKeys (ConfUtils.java:logGet(44)) - raft.server.log.appender.install.snapshot.enabled = false (custom)
2022-04-24 04:15:03,774 [541013cf-2288-4650-a5cb-617f95277836@group-643B1867606F-LeaderElection5] INFO  server.RaftServerConfigKeys (ConfUtils.java:logGet(44)) - raft.server.log.appender.snapshot.chunk.size.max = 16MB (=16777216) (default)
2022-04-24 04:15:03,774 [541013cf-2288-4650-a5cb-617f95277836@group-643B1867606F-LeaderElection5] INFO  server.RaftServerConfigKeys (ConfUtils.java:logGet(44)) - raft.server.log.appender.buffer.byte-limit = 33554432 (custom)
2022-04-24 04:15:03,774 [541013cf-2288-4650-a5cb-617f95277836@group-643B1867606F-LeaderElection5] INFO  server.RaftServerConfigKeys (ConfUtils.java:logGet(44)) - raft.server.log.appender.buffer.element-limit = 1 (custom)
2022-04-24 04:15:03,774 [541013cf-2288-4650-a5cb-617f95277836@group-643B1867606F-LeaderElection5] INFO  grpc.GrpcConfigKeys (ConfUtils.java:logGet(44)) - raft.grpc.server.leader.outstanding.appends.max = 128 (default)
2022-04-24 04:15:03,774 [541013cf-2288-4650-a5cb-617f95277836@group-643B1867606F-LeaderElection5] INFO  server.RaftServerConfigKeys (ConfUtils.java:logGet(44)) - raft.server.rpc.request.timeout = 60s (custom)
2022-04-24 04:15:03,774 [541013cf-2288-4650-a5cb-617f95277836@group-643B1867606F-LeaderElection5] INFO  server.RaftServerConfigKeys (ConfUtils.java:logGet(44)) - raft.server.log.appender.install.snapshot.enabled = false (custom)
2022-04-24 04:15:03,775 [EventQueue-PipelineReportForPipelineReportHandler] INFO  pipeline.PipelineManagerImpl (PipelineManagerImpl.java:openPipeline(321)) - Pipeline Pipeline[ Id: 15211a34-0e77-4a80-b463-643b1867606f, Nodes: e8c8a659-d261-4c5d-8a2f-41b1aaadacc9{ip: 10.1.0.15, host: fv-az50-870.grzltbmokehuzjyc5b133kdqgh.cx.internal.cloudapp.net, ports: [REPLICATION=37707, RATIS=38205, RATIS_ADMIN=38205, RATIS_SERVER=38205, STANDALONE=43153], networkLocation: /default-rack, certSerialId: null, persistedOpState: IN_SERVICE, persistedOpStateExpiryEpochSec: 0}8e96264f-9eb0-4fa6-9fb0-f6b0892d4633{ip: 10.1.0.15, host: fv-az50-870.grzltbmokehuzjyc5b133kdqgh.cx.internal.cloudapp.net, ports: [REPLICATION=44619, RATIS=37687, RATIS_ADMIN=37687, RATIS_SERVER=37687, STANDALONE=39377], networkLocation: /default-rack, certSerialId: null, persistedOpState: IN_SERVICE, persistedOpStateExpiryEpochSec: 0}541013cf-2288-4650-a5cb-617f95277836{ip: 10.1.0.15, host: fv-az50-870.grzltbmokehuzjyc5b133kdqgh.cx.internal.cloudapp.net, ports: [REPLICATION=46325, RATIS=42611, RATIS_ADMIN=42611, RATIS_SERVER=42611, STANDALONE=38347], networkLocation: /default-rack, certSerialId: null, persistedOpState: IN_SERVICE, persistedOpStateExpiryEpochSec: 0}, ReplicationConfig: RATIS/THREE, State:ALLOCATED, leaderId:541013cf-2288-4650-a5cb-617f95277836, CreationTimestamp2022-04-24T04:14:55.492Z[Etc/UTC]] moved to OPEN state
2022-04-24 04:15:03,775 [541013cf-2288-4650-a5cb-617f95277836@group-643B1867606F-LeaderElection5] INFO  impl.RoleInfo (RoleInfo.java:updateAndGet(130)) - 541013cf-2288-4650-a5cb-617f95277836: start 541013cf-2288-4650-a5cb-617f95277836@group-643B1867606F-LeaderStateImpl
2022-04-24 04:15:03,779 [541013cf-2288-4650-a5cb-617f95277836@group-643B1867606F-LeaderElection5] INFO  segmented.SegmentedRaftLogWorker (SegmentedRaftLogWorker.java:startLogSegment(394)) - 541013cf-2288-4650-a5cb-617f95277836@group-643B1867606F-SegmentedRaftLogWorker: Starting segment from index:0
2022-04-24 04:15:03,781 [541013cf-2288-4650-a5cb-617f95277836@group-643B1867606F-SegmentedRaftLogWorker] INFO  segmented.SegmentedRaftLogWorker (SegmentedRaftLogWorker.java:execute(601)) - 541013cf-2288-4650-a5cb-617f95277836@group-643B1867606F-SegmentedRaftLogWorker: created new log segment /home/runner/work/ozone/ozone/hadoop-ozone/integration-test/target/test-dir/MiniOzoneClusterImpl-a4f891ee-a8e1-4ed6-b509-207d494f3db6/datanode-2/data/ratis/15211a34-0e77-4a80-b463-643b1867606f/current/log_inprogress_0
2022-04-24 04:15:03,783 [0c7828af-8fac-44b0-ab7c-baee889924d1@group-59CA3C2C35D0-FollowerState] INFO  impl.FollowerState (FollowerState.java:run(134)) - 0c7828af-8fac-44b0-ab7c-baee889924d1@group-59CA3C2C35D0-FollowerState: change to CANDIDATE, lastRpcElapsedTime:5022740303ns, electionTimeout:5022ms
2022-04-24 04:15:03,786 [0c7828af-8fac-44b0-ab7c-baee889924d1@group-59CA3C2C35D0-FollowerState] INFO  impl.RoleInfo (RoleInfo.java:shutdownFollowerState(108)) - 0c7828af-8fac-44b0-ab7c-baee889924d1: shutdown 0c7828af-8fac-44b0-ab7c-baee889924d1@group-59CA3C2C35D0-FollowerState
2022-04-24 04:15:03,786 [0c7828af-8fac-44b0-ab7c-baee889924d1@group-59CA3C2C35D0-FollowerState] INFO  server.RaftServer$Division (RaftServerImpl.java:setRole(290)) - 0c7828af-8fac-44b0-ab7c-baee889924d1@group-59CA3C2C35D0: changes role from  FOLLOWER to CANDIDATE at term 0 for changeToCandidate
2022-04-24 04:15:03,786 [0c7828af-8fac-44b0-ab7c-baee889924d1@group-59CA3C2C35D0-FollowerState] INFO  server.RaftServerConfigKeys (ConfUtils.java:logGet(44)) - raft.server.leaderelection.pre-vote = false (custom)
2022-04-24 04:15:03,792 [0c7828af-8fac-44b0-ab7c-baee889924d1@group-59CA3C2C35D0-FollowerState] INFO  impl.RoleInfo (RoleInfo.java:updateAndGet(130)) - 0c7828af-8fac-44b0-ab7c-baee889924d1: start 0c7828af-8fac-44b0-ab7c-baee889924d1@group-59CA3C2C35D0-LeaderElection6
2022-04-24 04:15:03,790 [541013cf-2288-4650-a5cb-617f95277836@group-643B1867606F-LeaderElection5] INFO  server.RaftServer$Division (ServerState.java:setRaftConf(387)) - 541013cf-2288-4650-a5cb-617f95277836@group-643B1867606F: set configuration 0: [541013cf-2288-4650-a5cb-617f95277836|rpc:10.1.0.15:42611|dataStream:|priority:1, 8e96264f-9eb0-4fa6-9fb0-f6b0892d4633|rpc:10.1.0.15:37687|dataStream:|priority:0, e8c8a659-d261-4c5d-8a2f-41b1aaadacc9|rpc:10.1.0.15:38205|dataStream:|priority:0], old=null
2022-04-24 04:15:03,797 [grpc-default-executor-2] INFO  ratis.XceiverServerRatis (XceiverServerRatis.java:handleLeaderChangedNotification(863)) - Leader change notification received for group: group-643B1867606F with new leaderId: 541013cf-2288-4650-a5cb-617f95277836
2022-04-24 04:15:03,797 [grpc-default-executor-2] INFO  server.RaftServer$Division (ServerState.java:setLeader(285)) - 8e96264f-9eb0-4fa6-9fb0-f6b0892d4633@group-643B1867606F: change Leader from null to 541013cf-2288-4650-a5cb-617f95277836 at term 1 for appendEntries, leader elected after 5000ms
2022-04-24 04:15:03,797 [grpc-default-executor-0] INFO  ratis.XceiverServerRatis (XceiverServerRatis.java:handleLeaderChangedNotification(863)) - Leader change notification received for group: group-643B1867606F with new leaderId: 541013cf-2288-4650-a5cb-617f95277836
2022-04-24 04:15:03,798 [grpc-default-executor-0] INFO  server.RaftServer$Division (ServerState.java:setLeader(285)) - e8c8a659-d261-4c5d-8a2f-41b1aaadacc9@group-643B1867606F: change Leader from null to 541013cf-2288-4650-a5cb-617f95277836 at term 1 for appendEntries, leader elected after 5096ms
2022-04-24 04:15:03,799 [0c7828af-8fac-44b0-ab7c-baee889924d1@group-59CA3C2C35D0-LeaderElection6] INFO  impl.LeaderElection (LeaderElection.java:askForVotes(306)) - 0c7828af-8fac-44b0-ab7c-baee889924d1@group-59CA3C2C35D0-LeaderElection6 ELECTION round 0: submit vote requests at term 1 for -1: [0c7828af-8fac-44b0-ab7c-baee889924d1|rpc:10.1.0.15:44817|priority:1], old=null
2022-04-24 04:15:03,799 [0c7828af-8fac-44b0-ab7c-baee889924d1@group-59CA3C2C35D0-LeaderElection6] INFO  impl.LeaderElection (LeaderElection.java:askForVotes(308)) - 0c7828af-8fac-44b0-ab7c-baee889924d1@group-59CA3C2C35D0-LeaderElection6 ELECTION round 0: result PASSED (term=1)
2022-04-24 04:15:03,799 [0c7828af-8fac-44b0-ab7c-baee889924d1@group-59CA3C2C35D0-LeaderElection6] INFO  impl.RoleInfo (RoleInfo.java:shutdownLeaderElection(121)) - 0c7828af-8fac-44b0-ab7c-baee889924d1: shutdown 0c7828af-8fac-44b0-ab7c-baee889924d1@group-59CA3C2C35D0-LeaderElection6
2022-04-24 04:15:03,799 [0c7828af-8fac-44b0-ab7c-baee889924d1@group-59CA3C2C35D0-LeaderElection6] INFO  server.RaftServer$Division (RaftServerImpl.java:setRole(290)) - 0c7828af-8fac-44b0-ab7c-baee889924d1@group-59CA3C2C35D0: changes role from CANDIDATE to LEADER at term 1 for changeToLeader
2022-04-24 04:15:03,799 [0c7828af-8fac-44b0-ab7c-baee889924d1@group-59CA3C2C35D0-LeaderElection6] INFO  ratis.XceiverServerRatis (XceiverServerRatis.java:handleLeaderChangedNotification(863)) - Leader change notification received for group: group-59CA3C2C35D0 with new leaderId: 0c7828af-8fac-44b0-ab7c-baee889924d1
2022-04-24 04:15:03,802 [541013cf-2288-4650-a5cb-617f95277836@group-77E5F71781CC-FollowerState] INFO  impl.FollowerState (FollowerState.java:run(134)) - 541013cf-2288-4650-a5cb-617f95277836@group-77E5F71781CC-FollowerState: change to CANDIDATE, lastRpcElapsedTime:5205704376ns, electionTimeout:5196ms
2022-04-24 04:15:03,802 [541013cf-2288-4650-a5cb-617f95277836@group-77E5F71781CC-FollowerState] INFO  impl.RoleInfo (RoleInfo.java:shutdownFollowerState(108)) - 541013cf-2288-4650-a5cb-617f95277836: shutdown 541013cf-2288-4650-a5cb-617f95277836@group-77E5F71781CC-FollowerState
2022-04-24 04:15:03,802 [541013cf-2288-4650-a5cb-617f95277836@group-77E5F71781CC-FollowerState] INFO  server.RaftServer$Division (RaftServerImpl.java:setRole(290)) - 541013cf-2288-4650-a5cb-617f95277836@group-77E5F71781CC: changes role from  FOLLOWER to CANDIDATE at term 0 for changeToCandidate
2022-04-24 04:15:03,802 [0c7828af-8fac-44b0-ab7c-baee889924d1@group-59CA3C2C35D0-LeaderElection6] INFO  server.RaftServer$Division (ServerState.java:setLeader(285)) - 0c7828af-8fac-44b0-ab7c-baee889924d1@group-59CA3C2C35D0: change Leader from null to 0c7828af-8fac-44b0-ab7c-baee889924d1 at term 1 for becomeLeader, leader elected after 5064ms
2022-04-24 04:15:03,802 [0c7828af-8fac-44b0-ab7c-baee889924d1@group-59CA3C2C35D0-LeaderElection6] INFO  server.RaftServerConfigKeys (ConfUtils.java:logGet(44)) - raft.server.staging.catchup.gap = 1000 (default)
2022-04-24 04:15:03,803 [0c7828af-8fac-44b0-ab7c-baee889924d1@group-59CA3C2C35D0-LeaderElection6] INFO  server.RaftServerConfigKeys (ConfUtils.java:logGet(44)) - raft.server.write.element-limit = 1024 (custom)
2022-04-24 04:15:03,803 [0c7828af-8fac-44b0-ab7c-baee889924d1@group-59CA3C2C35D0-LeaderElection6] INFO  server.RaftServerConfigKeys (ConfUtils.java:logGet(44)) - raft.server.write.byte-limit = 1024 M (=1073741824) (custom)
2022-04-24 04:15:03,803 [0c7828af-8fac-44b0-ab7c-baee889924d1@group-59CA3C2C35D0-LeaderElection6] INFO  server.RaftServerConfigKeys (ConfUtils.java:logGet(44)) - raft.server.watch.timeout = 180s (custom)
2022-04-24 04:15:03,803 [0c7828af-8fac-44b0-ab7c-baee889924d1@group-59CA3C2C35D0-LeaderElection6] INFO  server.RaftServerConfigKeys (ConfUtils.java:logGet(44)) - raft.server.watch.timeout.denomination = 1s (default)
2022-04-24 04:15:03,803 [0c7828af-8fac-44b0-ab7c-baee889924d1@group-59CA3C2C35D0-LeaderElection6] INFO  server.RaftServerConfigKeys (ConfUtils.java:logGet(44)) - raft.server.watch.element-limit = 65536 (default)
2022-04-24 04:15:03,803 [0c7828af-8fac-44b0-ab7c-baee889924d1@group-59CA3C2C35D0-LeaderElection6] INFO  server.RaftServerConfigKeys (ConfUtils.java:logGet(44)) - raft.server.write.element-limit = 1024 (custom)
2022-04-24 04:15:03,803 [0c7828af-8fac-44b0-ab7c-baee889924d1@group-59CA3C2C35D0-LeaderElection6] INFO  server.RaftServerConfigKeys (ConfUtils.java:logGet(44)) - raft.server.write.follower.gap.ratio.max = -1.0 (default)
2022-04-24 04:15:03,803 [0c7828af-8fac-44b0-ab7c-baee889924d1@group-59CA3C2C35D0-LeaderElection6] INFO  impl.RoleInfo (RoleInfo.java:updateAndGet(130)) - 0c7828af-8fac-44b0-ab7c-baee889924d1: start 0c7828af-8fac-44b0-ab7c-baee889924d1@group-59CA3C2C35D0-LeaderStateImpl
2022-04-24 04:15:03,804 [0c7828af-8fac-44b0-ab7c-baee889924d1@group-59CA3C2C35D0-LeaderElection6] INFO  segmented.SegmentedRaftLogWorker (SegmentedRaftLogWorker.java:startLogSegment(394)) - 0c7828af-8fac-44b0-ab7c-baee889924d1@group-59CA3C2C35D0-SegmentedRaftLogWorker: Starting segment from index:0
2022-04-24 04:15:03,807 [0c7828af-8fac-44b0-ab7c-baee889924d1@group-59CA3C2C35D0-SegmentedRaftLogWorker] INFO  segmented.SegmentedRaftLogWorker (SegmentedRaftLogWorker.java:execute(601)) - 0c7828af-8fac-44b0-ab7c-baee889924d1@group-59CA3C2C35D0-SegmentedRaftLogWorker: created new log segment /home/runner/work/ozone/ozone/hadoop-ozone/integration-test/target/test-dir/MiniOzoneClusterImpl-a4f891ee-a8e1-4ed6-b509-207d494f3db6/datanode-3/data/ratis/314585cc-4e9f-4d76-8f8b-59ca3c2c35d0/current/log_inprogress_0
2022-04-24 04:15:03,811 [541013cf-2288-4650-a5cb-617f95277836@group-77E5F71781CC-FollowerState] INFO  server.RaftServerConfigKeys (ConfUtils.java:logGet(44)) - raft.server.leaderelection.pre-vote = false (custom)
2022-04-24 04:15:03,813 [grpc-default-executor-0] INFO  server.RaftServer$Division (ServerState.java:setRaftConf(387)) - e8c8a659-d261-4c5d-8a2f-41b1aaadacc9@group-643B1867606F: set configuration 0: [541013cf-2288-4650-a5cb-617f95277836|rpc:10.1.0.15:42611|dataStream:|priority:1, 8e96264f-9eb0-4fa6-9fb0-f6b0892d4633|rpc:10.1.0.15:37687|dataStream:|priority:0, e8c8a659-d261-4c5d-8a2f-41b1aaadacc9|rpc:10.1.0.15:38205|dataStream:|priority:0], old=null
2022-04-24 04:15:03,813 [grpc-default-executor-2] INFO  server.RaftServer$Division (ServerState.java:setRaftConf(387)) - 8e96264f-9eb0-4fa6-9fb0-f6b0892d4633@group-643B1867606F: set configuration 0: [541013cf-2288-4650-a5cb-617f95277836|rpc:10.1.0.15:42611|dataStream:|priority:1, 8e96264f-9eb0-4fa6-9fb0-f6b0892d4633|rpc:10.1.0.15:37687|dataStream:|priority:0, e8c8a659-d261-4c5d-8a2f-41b1aaadacc9|rpc:10.1.0.15:38205|dataStream:|priority:0], old=null
2022-04-24 04:15:03,813 [grpc-default-executor-0] INFO  segmented.SegmentedRaftLogWorker (SegmentedRaftLogWorker.java:startLogSegment(394)) - e8c8a659-d261-4c5d-8a2f-41b1aaadacc9@group-643B1867606F-SegmentedRaftLogWorker: Starting segment from index:0
2022-04-24 04:15:03,814 [grpc-default-executor-2] INFO  segmented.SegmentedRaftLogWorker (SegmentedRaftLogWorker.java:startLogSegment(394)) - 8e96264f-9eb0-4fa6-9fb0-f6b0892d4633@group-643B1867606F-SegmentedRaftLogWorker: Starting segment from index:0
2022-04-24 04:15:03,813 [541013cf-2288-4650-a5cb-617f95277836@group-77E5F71781CC-FollowerState] INFO  impl.RoleInfo (RoleInfo.java:updateAndGet(130)) - 541013cf-2288-4650-a5cb-617f95277836: start 541013cf-2288-4650-a5cb-617f95277836@group-77E5F71781CC-LeaderElection7
2022-04-24 04:15:03,815 [8e96264f-9eb0-4fa6-9fb0-f6b0892d4633@group-643B1867606F-SegmentedRaftLogWorker] INFO  segmented.SegmentedRaftLogWorker (SegmentedRaftLogWorker.java:execute(601)) - 8e96264f-9eb0-4fa6-9fb0-f6b0892d4633@group-643B1867606F-SegmentedRaftLogWorker: created new log segment /home/runner/work/ozone/ozone/hadoop-ozone/integration-test/target/test-dir/MiniOzoneClusterImpl-a4f891ee-a8e1-4ed6-b509-207d494f3db6/datanode-0/data/ratis/15211a34-0e77-4a80-b463-643b1867606f/current/log_inprogress_0
2022-04-24 04:15:03,818 [e8c8a659-d261-4c5d-8a2f-41b1aaadacc9@group-643B1867606F-SegmentedRaftLogWorker] INFO  segmented.SegmentedRaftLogWorker (SegmentedRaftLogWorker.java:execute(601)) - e8c8a659-d261-4c5d-8a2f-41b1aaadacc9@group-643B1867606F-SegmentedRaftLogWorker: created new log segment /home/runner/work/ozone/ozone/hadoop-ozone/integration-test/target/test-dir/MiniOzoneClusterImpl-a4f891ee-a8e1-4ed6-b509-207d494f3db6/datanode-1/data/ratis/15211a34-0e77-4a80-b463-643b1867606f/current/log_inprogress_0
2022-04-24 04:15:03,819 [0c7828af-8fac-44b0-ab7c-baee889924d1@group-59CA3C2C35D0-LeaderElection6] INFO  server.RaftServer$Division (ServerState.java:setRaftConf(387)) - 0c7828af-8fac-44b0-ab7c-baee889924d1@group-59CA3C2C35D0: set configuration 0: [0c7828af-8fac-44b0-ab7c-baee889924d1|rpc:10.1.0.15:44817|dataStream:|priority:1], old=null
2022-04-24 04:15:03,831 [541013cf-2288-4650-a5cb-617f95277836@group-77E5F71781CC-LeaderElection7] INFO  impl.LeaderElection (LeaderElection.java:askForVotes(306)) - 541013cf-2288-4650-a5cb-617f95277836@group-77E5F71781CC-LeaderElection7 ELECTION round 0: submit vote requests at term 1 for -1: [541013cf-2288-4650-a5cb-617f95277836|rpc:10.1.0.15:42611|priority:1], old=null
2022-04-24 04:15:03,831 [541013cf-2288-4650-a5cb-617f95277836@group-77E5F71781CC-LeaderElection7] INFO  impl.LeaderElection (LeaderElection.java:askForVotes(308)) - 541013cf-2288-4650-a5cb-617f95277836@group-77E5F71781CC-LeaderElection7 ELECTION round 0: result PASSED (term=1)
2022-04-24 04:15:03,831 [541013cf-2288-4650-a5cb-617f95277836@group-77E5F71781CC-LeaderElection7] INFO  impl.RoleInfo (RoleInfo.java:shutdownLeaderElection(121)) - 541013cf-2288-4650-a5cb-617f95277836: shutdown 541013cf-2288-4650-a5cb-617f95277836@group-77E5F71781CC-LeaderElection7
2022-04-24 04:15:03,831 [541013cf-2288-4650-a5cb-617f95277836@group-77E5F71781CC-LeaderElection7] INFO  server.RaftServer$Division (RaftServerImpl.java:setRole(290)) - 541013cf-2288-4650-a5cb-617f95277836@group-77E5F71781CC: changes role from CANDIDATE to LEADER at term 1 for changeToLeader
2022-04-24 04:15:03,831 [541013cf-2288-4650-a5cb-617f95277836@group-77E5F71781CC-LeaderElection7] INFO  ratis.XceiverServerRatis (XceiverServerRatis.java:handleLeaderChangedNotification(863)) - Leader change notification received for group: group-77E5F71781CC with new leaderId: 541013cf-2288-4650-a5cb-617f95277836
2022-04-24 04:15:03,831 [541013cf-2288-4650-a5cb-617f95277836@group-77E5F71781CC-LeaderElection7] INFO  server.RaftServer$Division (ServerState.java:setLeader(285)) - 541013cf-2288-4650-a5cb-617f95277836@group-77E5F71781CC: change Leader from null to 541013cf-2288-4650-a5cb-617f95277836 at term 1 for becomeLeader, leader elected after 5320ms
2022-04-24 04:15:03,831 [541013cf-2288-4650-a5cb-617f95277836@group-77E5F71781CC-LeaderElection7] INFO  server.RaftServerConfigKeys (ConfUtils.java:logGet(44)) - raft.server.staging.catchup.gap = 1000 (default)
2022-04-24 04:15:03,832 [541013cf-2288-4650-a5cb-617f95277836@group-77E5F71781CC-LeaderElection7] INFO  server.RaftServerConfigKeys (ConfUtils.java:logGet(44)) - raft.server.write.element-limit = 1024 (custom)
2022-04-24 04:15:03,832 [541013cf-2288-4650-a5cb-617f95277836@group-77E5F71781CC-LeaderElection7] INFO  server.RaftServerConfigKeys (ConfUtils.java:logGet(44)) - raft.server.write.byte-limit = 1024 M (=1073741824) (custom)
2022-04-24 04:15:03,832 [541013cf-2288-4650-a5cb-617f95277836@group-77E5F71781CC-LeaderElection7] INFO  server.RaftServerConfigKeys (ConfUtils.java:logGet(44)) - raft.server.watch.timeout = 180s (custom)
2022-04-24 04:15:03,832 [541013cf-2288-4650-a5cb-617f95277836@group-77E5F71781CC-LeaderElection7] INFO  server.RaftServerConfigKeys (ConfUtils.java:logGet(44)) - raft.server.watch.timeout.denomination = 1s (default)
2022-04-24 04:15:03,832 [541013cf-2288-4650-a5cb-617f95277836@group-77E5F71781CC-LeaderElection7] INFO  server.RaftServerConfigKeys (ConfUtils.java:logGet(44)) - raft.server.watch.element-limit = 65536 (default)
2022-04-24 04:15:03,832 [541013cf-2288-4650-a5cb-617f95277836@group-77E5F71781CC-LeaderElection7] INFO  server.RaftServerConfigKeys (ConfUtils.java:logGet(44)) - raft.server.write.element-limit = 1024 (custom)
2022-04-24 04:15:03,832 [541013cf-2288-4650-a5cb-617f95277836@group-77E5F71781CC-LeaderElection7] INFO  server.RaftServerConfigKeys (ConfUtils.java:logGet(44)) - raft.server.write.follower.gap.ratio.max = -1.0 (default)
2022-04-24 04:15:03,832 [541013cf-2288-4650-a5cb-617f95277836@group-77E5F71781CC-LeaderElection7] INFO  impl.RoleInfo (RoleInfo.java:updateAndGet(130)) - 541013cf-2288-4650-a5cb-617f95277836: start 541013cf-2288-4650-a5cb-617f95277836@group-77E5F71781CC-LeaderStateImpl
2022-04-24 04:15:03,832 [541013cf-2288-4650-a5cb-617f95277836@group-77E5F71781CC-LeaderElection7] INFO  segmented.SegmentedRaftLogWorker (SegmentedRaftLogWorker.java:startLogSegment(394)) - 541013cf-2288-4650-a5cb-617f95277836@group-77E5F71781CC-SegmentedRaftLogWorker: Starting segment from index:0
2022-04-24 04:15:03,834 [541013cf-2288-4650-a5cb-617f95277836@group-77E5F71781CC-SegmentedRaftLogWorker] INFO  segmented.SegmentedRaftLogWorker (SegmentedRaftLogWorker.java:execute(601)) - 541013cf-2288-4650-a5cb-617f95277836@group-77E5F71781CC-SegmentedRaftLogWorker: created new log segment /home/runner/work/ozone/ozone/hadoop-ozone/integration-test/target/test-dir/MiniOzoneClusterImpl-a4f891ee-a8e1-4ed6-b509-207d494f3db6/datanode-2/data/ratis/21f5c4fc-a501-4435-b484-77e5f71781cc/current/log_inprogress_0
2022-04-24 04:15:03,835 [541013cf-2288-4650-a5cb-617f95277836@group-77E5F71781CC-LeaderElection7] INFO  server.RaftServer$Division (ServerState.java:setRaftConf(387)) - 541013cf-2288-4650-a5cb-617f95277836@group-77E5F71781CC: set configuration 0: [541013cf-2288-4650-a5cb-617f95277836|rpc:10.1.0.15:42611|dataStream:|priority:1], old=null
2022-04-24 04:15:03,913 [Listener at 127.0.0.1/38503] INFO  ozone.MiniOzoneClusterImpl (MiniOzoneClusterImpl.java:lambda$waitForClusterToBeReady$0(221)) - Nodes are ready. Got 5 of 5 DN Heartbeats.
2022-04-24 04:15:03,914 [Listener at 127.0.0.1/38503] INFO  ozone.MiniOzoneClusterImpl (MiniOzoneClusterImpl.java:lambda$waitForClusterToBeReady$0(224)) - Cluster exits safe mode
2022-04-24 04:15:03,914 [Listener at 127.0.0.1/38503] INFO  ozone.MiniOzoneClusterImpl (MiniOzoneClusterImpl.java:lambda$waitForClusterToBeReady$0(226)) - SCM became leader
2022-04-24 04:15:03,991 [fe9480c6-0304-45ac-b1dc-5616f3c657bb@group-2CA9C104E74A-FollowerState] INFO  impl.FollowerState (FollowerState.java:run(134)) - fe9480c6-0304-45ac-b1dc-5616f3c657bb@group-2CA9C104E74A-FollowerState: change to CANDIDATE, lastRpcElapsedTime:5046883675ns, electionTimeout:5017ms
2022-04-24 04:15:03,992 [fe9480c6-0304-45ac-b1dc-5616f3c657bb@group-2CA9C104E74A-FollowerState] INFO  impl.RoleInfo (RoleInfo.java:shutdownFollowerState(108)) - fe9480c6-0304-45ac-b1dc-5616f3c657bb: shutdown fe9480c6-0304-45ac-b1dc-5616f3c657bb@group-2CA9C104E74A-FollowerState
2022-04-24 04:15:03,992 [fe9480c6-0304-45ac-b1dc-5616f3c657bb@group-2CA9C104E74A-FollowerState] INFO  server.RaftServer$Division (RaftServerImpl.java:setRole(290)) - fe9480c6-0304-45ac-b1dc-5616f3c657bb@group-2CA9C104E74A: changes role from  FOLLOWER to CANDIDATE at term 0 for changeToCandidate
2022-04-24 04:15:03,992 [fe9480c6-0304-45ac-b1dc-5616f3c657bb@group-2CA9C104E74A-FollowerState] INFO  server.RaftServerConfigKeys (ConfUtils.java:logGet(44)) - raft.server.leaderelection.pre-vote = false (custom)
2022-04-24 04:15:03,992 [fe9480c6-0304-45ac-b1dc-5616f3c657bb@group-2CA9C104E74A-FollowerState] INFO  impl.RoleInfo (RoleInfo.java:updateAndGet(130)) - fe9480c6-0304-45ac-b1dc-5616f3c657bb: start fe9480c6-0304-45ac-b1dc-5616f3c657bb@group-2CA9C104E74A-LeaderElection8
2022-04-24 04:15:04,013 [fe9480c6-0304-45ac-b1dc-5616f3c657bb@group-2CA9C104E74A-LeaderElection8] INFO  impl.LeaderElection (LeaderElection.java:askForVotes(306)) - fe9480c6-0304-45ac-b1dc-5616f3c657bb@group-2CA9C104E74A-LeaderElection8 ELECTION round 0: submit vote requests at term 1 for -1: [fe9480c6-0304-45ac-b1dc-5616f3c657bb|rpc:10.1.0.15:33537|priority:1], old=null
2022-04-24 04:15:04,013 [fe9480c6-0304-45ac-b1dc-5616f3c657bb@group-2CA9C104E74A-LeaderElection8] INFO  impl.LeaderElection (LeaderElection.java:askForVotes(308)) - fe9480c6-0304-45ac-b1dc-5616f3c657bb@group-2CA9C104E74A-LeaderElection8 ELECTION round 0: result PASSED (term=1)
2022-04-24 04:15:04,013 [fe9480c6-0304-45ac-b1dc-5616f3c657bb@group-2CA9C104E74A-LeaderElection8] INFO  impl.RoleInfo (RoleInfo.java:shutdownLeaderElection(121)) - fe9480c6-0304-45ac-b1dc-5616f3c657bb: shutdown fe9480c6-0304-45ac-b1dc-5616f3c657bb@group-2CA9C104E74A-LeaderElection8
2022-04-24 04:15:04,013 [fe9480c6-0304-45ac-b1dc-5616f3c657bb@group-2CA9C104E74A-LeaderElection8] INFO  server.RaftServer$Division (RaftServerImpl.java:setRole(290)) - fe9480c6-0304-45ac-b1dc-5616f3c657bb@group-2CA9C104E74A: changes role from CANDIDATE to LEADER at term 1 for changeToLeader
2022-04-24 04:15:04,013 [fe9480c6-0304-45ac-b1dc-5616f3c657bb@group-2CA9C104E74A-LeaderElection8] INFO  ratis.XceiverServerRatis (XceiverServerRatis.java:handleLeaderChangedNotification(863)) - Leader change notification received for group: group-2CA9C104E74A with new leaderId: fe9480c6-0304-45ac-b1dc-5616f3c657bb
2022-04-24 04:15:04,015 [fe9480c6-0304-45ac-b1dc-5616f3c657bb@group-2CA9C104E74A-LeaderElection8] INFO  server.RaftServer$Division (ServerState.java:setLeader(285)) - fe9480c6-0304-45ac-b1dc-5616f3c657bb@group-2CA9C104E74A: change Leader from null to fe9480c6-0304-45ac-b1dc-5616f3c657bb at term 1 for becomeLeader, leader elected after 5084ms
2022-04-24 04:15:04,020 [fe9480c6-0304-45ac-b1dc-5616f3c657bb@group-2CA9C104E74A-LeaderElection8] INFO  server.RaftServerConfigKeys (ConfUtils.java:logGet(44)) - raft.server.staging.catchup.gap = 1000 (default)
2022-04-24 04:15:04,021 [fe9480c6-0304-45ac-b1dc-5616f3c657bb@group-2CA9C104E74A-LeaderElection8] INFO  server.RaftServerConfigKeys (ConfUtils.java:logGet(44)) - raft.server.write.element-limit = 1024 (custom)
2022-04-24 04:15:04,021 [fe9480c6-0304-45ac-b1dc-5616f3c657bb@group-2CA9C104E74A-LeaderElection8] INFO  server.RaftServerConfigKeys (ConfUtils.java:logGet(44)) - raft.server.write.byte-limit = 1024 M (=1073741824) (custom)
2022-04-24 04:15:04,021 [fe9480c6-0304-45ac-b1dc-5616f3c657bb@group-2CA9C104E74A-LeaderElection8] INFO  server.RaftServerConfigKeys (ConfUtils.java:logGet(44)) - raft.server.watch.timeout = 180s (custom)
2022-04-24 04:15:04,021 [fe9480c6-0304-45ac-b1dc-5616f3c657bb@group-2CA9C104E74A-LeaderElection8] INFO  server.RaftServerConfigKeys (ConfUtils.java:logGet(44)) - raft.server.watch.timeout.denomination = 1s (default)
2022-04-24 04:15:04,021 [fe9480c6-0304-45ac-b1dc-5616f3c657bb@group-2CA9C104E74A-LeaderElection8] INFO  server.RaftServerConfigKeys (ConfUtils.java:logGet(44)) - raft.server.watch.element-limit = 65536 (default)
2022-04-24 04:15:04,021 [fe9480c6-0304-45ac-b1dc-5616f3c657bb@group-2CA9C104E74A-LeaderElection8] INFO  server.RaftServerConfigKeys (ConfUtils.java:logGet(44)) - raft.server.write.element-limit = 1024 (custom)
2022-04-24 04:15:04,021 [fe9480c6-0304-45ac-b1dc-5616f3c657bb@group-2CA9C104E74A-LeaderElection8] INFO  server.RaftServerConfigKeys (ConfUtils.java:logGet(44)) - raft.server.write.follower.gap.ratio.max = -1.0 (default)
2022-04-24 04:15:04,027 [fe9480c6-0304-45ac-b1dc-5616f3c657bb@group-2CA9C104E74A-LeaderElection8] INFO  impl.RoleInfo (RoleInfo.java:updateAndGet(130)) - fe9480c6-0304-45ac-b1dc-5616f3c657bb: start fe9480c6-0304-45ac-b1dc-5616f3c657bb@group-2CA9C104E74A-LeaderStateImpl
2022-04-24 04:15:04,028 [fe9480c6-0304-45ac-b1dc-5616f3c657bb@group-2CA9C104E74A-LeaderElection8] INFO  segmented.SegmentedRaftLogWorker (SegmentedRaftLogWorker.java:startLogSegment(394)) - fe9480c6-0304-45ac-b1dc-5616f3c657bb@group-2CA9C104E74A-SegmentedRaftLogWorker: Starting segment from index:0
2022-04-24 04:15:04,029 [fe9480c6-0304-45ac-b1dc-5616f3c657bb@group-2CA9C104E74A-SegmentedRaftLogWorker] INFO  segmented.SegmentedRaftLogWorker (SegmentedRaftLogWorker.java:execute(601)) - fe9480c6-0304-45ac-b1dc-5616f3c657bb@group-2CA9C104E74A-SegmentedRaftLogWorker: created new log segment /home/runner/work/ozone/ozone/hadoop-ozone/integration-test/target/test-dir/MiniOzoneClusterImpl-a4f891ee-a8e1-4ed6-b509-207d494f3db6/datanode-4/data/ratis/a933a914-e600-4840-b983-2ca9c104e74a/current/log_inprogress_0
2022-04-24 04:15:04,033 [fe9480c6-0304-45ac-b1dc-5616f3c657bb@group-2CA9C104E74A-LeaderElection8] INFO  server.RaftServer$Division (ServerState.java:setRaftConf(387)) - fe9480c6-0304-45ac-b1dc-5616f3c657bb@group-2CA9C104E74A: set configuration 0: [fe9480c6-0304-45ac-b1dc-5616f3c657bb|rpc:10.1.0.15:33537|dataStream:|priority:1], old=null
2022-04-24 04:15:04,351 [Listener at 127.0.0.1/38503] INFO  rpc.RpcClient (RpcClient.java:createVolume(448)) - Creating Volume: volume87548, with user35251 as owner and space quota set to -1 bytes, counts quota set to -1
2022-04-24 04:15:04,417 [OM StateMachine ApplyTransaction Thread - 0] INFO  volume.OMVolumeCreateRequest (OMVolumeCreateRequest.java:validateAndUpdateCache(195)) - created volume:volume87548 for user:user35251
2022-04-24 04:15:04,435 [Listener at 127.0.0.1/38503] INFO  rpc.RpcClient (RpcClient.java:createBucket(637)) - Creating Bucket: volume87548/bucket21072, with runner as owner and Versioning false and Storage Type set to DISK and Encryption set to false 
2022-04-24 04:15:04,456 [OM StateMachine ApplyTransaction Thread - 0] INFO  bucket.OMBucketCreateRequest (OMBucketCreateRequest.java:validateAndUpdateCache(258)) - created bucket: bucket21072 of layout LEGACY in volume: volume87548
]]></system-out>
  </testcase>
  <testcase name="testGetTrashRoot" classname="TestOzoneFileSystem" time="46.8">
    <system-out><![CDATA[2022-04-24 04:15:24,310 [Listener at 127.0.0.1/38503] INFO  ozone.MiniOzoneClusterImpl (MiniOzoneClusterImpl.java:shutdown(456)) - Shutting down the Mini Ozone Cluster
2022-04-24 04:15:24,311 [Listener at 127.0.0.1/38503] INFO  ozone.MiniOzoneClusterImpl (MiniOzoneClusterImpl.java:stop(471)) - Stopping the Mini Ozone Cluster
2022-04-24 04:15:24,312 [Listener at 127.0.0.1/38503] INFO  ozone.MiniOzoneClusterImpl (MiniOzoneClusterImpl.java:stopOM(553)) - Stopping the OzoneManager
2022-04-24 04:15:24,312 [Listener at 127.0.0.1/38503] INFO  om.OzoneManager (OzoneManager.java:stop(1898)) - om1[localhost:0]: Stopping Ozone Manager
2022-04-24 04:15:24,313 [Listener at 127.0.0.1/38503] INFO  ipc.Server (Server.java:stop(3414)) - Stopping server on 38503
2022-04-24 04:15:24,317 [IPC Server listener on 0] INFO  ipc.Server (Server.java:run(1376)) - Stopping IPC Server listener on 0
2022-04-24 04:15:24,320 [IPC Server Responder] INFO  ipc.Server (Server.java:run(1512)) - Stopping IPC Server Responder
2022-04-24 04:15:24,321 [Listener at 127.0.0.1/38503] INFO  server.RaftServer (RaftServerProxy.java:lambda$close$6(391)) - om1: close
2022-04-24 04:15:24,322 [Listener at 127.0.0.1/38503] INFO  server.RaftServer$Division (RaftServerImpl.java:lambda$close$4(412)) - om1@group-C5BA1605619E: shutdown
2022-04-24 04:15:24,323 [Listener at 127.0.0.1/38503] INFO  util.JmxRegister (JmxRegister.java:unregister(73)) - Successfully un-registered JMX Bean with object name Ratis:service=RaftServer,group=group-C5BA1605619E,id=om1
2022-04-24 04:15:24,323 [Listener at 127.0.0.1/38503] INFO  impl.RoleInfo (RoleInfo.java:shutdownLeaderState(91)) - om1: shutdown om1@group-C5BA1605619E-LeaderStateImpl
2022-04-24 04:15:24,323 [Listener at 127.0.0.1/38503] INFO  impl.PendingRequests (PendingRequests.java:sendNotLeaderResponses(282)) - om1@group-C5BA1605619E-PendingRequests: sendNotLeaderResponses
2022-04-24 04:15:24,327 [om1@group-C5BA1605619E-StateMachineUpdater] INFO  ratis.OzoneManagerStateMachine (OzoneManagerStateMachine.java:takeSnapshot(426)) - Current Snapshot Index (t:1, i:10306)
2022-04-24 04:15:24,328 [om1@group-C5BA1605619E-StateMachineUpdater] INFO  impl.StateMachineUpdater (StateMachineUpdater.java:takeSnapshot(281)) - om1@group-C5BA1605619E-StateMachineUpdater: Took a snapshot at index 10306
2022-04-24 04:15:24,328 [om1@group-C5BA1605619E-StateMachineUpdater] INFO  impl.StateMachineUpdater (StateMachineUpdater.java:lambda$new$0(89)) - om1@group-C5BA1605619E-StateMachineUpdater: snapshotIndex: updateIncreasingly -1 -> 10306
2022-04-24 04:15:24,328 [om1@group-C5BA1605619E-StateMachineUpdater] INFO  ratis.OzoneManagerStateMachine (OzoneManagerStateMachine.java:close(480)) - StateMachine has shutdown. Shutdown OzoneManager if not already shutdown.
2022-04-24 04:15:24,328 [om1@group-C5BA1605619E-StateMachineUpdater] INFO  ratis.OzoneManagerDoubleBuffer (OzoneManagerDoubleBuffer.java:stop(466)) - Stopping OMDoubleBuffer flush thread
2022-04-24 04:15:24,329 [OMDoubleBufferFlushThread] INFO  ratis.OzoneManagerDoubleBuffer (OzoneManagerDoubleBuffer.java:flushTransactions(385)) - OMDoubleBuffer flush thread OMDoubleBufferFlushThread is interrupted and will exit. OMDoubleBufferFlushThread
2022-04-24 04:15:24,334 [Listener at 127.0.0.1/38503] INFO  impl.StateMachineUpdater (StateMachineUpdater.java:stopAndJoin(149)) - om1@group-C5BA1605619E-StateMachineUpdater: set stopIndex = 10306
2022-04-24 04:15:24,337 [Listener at 127.0.0.1/38503] INFO  server.RaftServer$Division (ServerState.java:close(419)) - om1@group-C5BA1605619E: closes. applyIndex: 10306
2022-04-24 04:15:24,344 [om1@group-C5BA1605619E-SegmentedRaftLogWorker] INFO  segmented.SegmentedRaftLogWorker (SegmentedRaftLogWorker.java:run(327)) - om1@group-C5BA1605619E-SegmentedRaftLogWorker was interrupted, exiting. There are 0 tasks remaining in the queue.
2022-04-24 04:15:24,346 [Listener at 127.0.0.1/38503] INFO  segmented.SegmentedRaftLogWorker (SegmentedRaftLogWorker.java:close(237)) - om1@group-C5BA1605619E-SegmentedRaftLogWorker close()
2022-04-24 04:15:24,348 [Listener at 127.0.0.1/38503] INFO  server.GrpcService (GrpcService.java:closeImpl(262)) - om1: shutdown server with port 9872 now
2022-04-24 04:15:24,351 [Listener at 127.0.0.1/38503] INFO  server.GrpcService (GrpcService.java:closeImpl(271)) - om1: shutdown server with port 9872 successfully
2022-04-24 04:15:24,352 [org.apache.ratis.util.JvmPauseMonitor$$Lambda$580/177642409@1b3b650c] INFO  util.JvmPauseMonitor (JvmPauseMonitor.java:run(109)) - JvmPauseMonitor-om1: Stopped
2022-04-24 04:15:24,352 [Listener at 127.0.0.1/38503] INFO  ratis.OzoneManagerStateMachine (OzoneManagerStateMachine.java:close(480)) - StateMachine has shutdown. Shutdown OzoneManager if not already shutdown.
2022-04-24 04:15:24,352 [Listener at 127.0.0.1/38503] INFO  ratis.OzoneManagerDoubleBuffer (OzoneManagerDoubleBuffer.java:stop(478)) - OMDoubleBuffer flush thread is not running.
2022-04-24 04:15:24,352 [Listener at 127.0.0.1/38503] INFO  utils.BackgroundService (BackgroundService.java:shutdown(132)) - Shutting down service KeyDeletingService
2022-04-24 04:15:24,353 [Listener at 127.0.0.1/38503] INFO  utils.BackgroundService (BackgroundService.java:shutdown(132)) - Shutting down service DirectoryDeletingService
2022-04-24 04:15:24,355 [Listener at 127.0.0.1/38503] INFO  handler.ContextHandler (ContextHandler.java:doStop(1153)) - Stopped o.e.j.w.WebAppContext@7a2b0101{ozoneManager,/,null,STOPPED}{file:/home/runner/work/ozone/ozone/hadoop-ozone/integration-test/target/test-classes/webapps/ozoneManager}
2022-04-24 04:15:24,360 [Listener at 127.0.0.1/38503] INFO  server.AbstractConnector (AbstractConnector.java:doStop(381)) - Stopped ServerConnector@56eb8c30{HTTP/1.1, (http/1.1)}{0.0.0.0:0}
2022-04-24 04:15:24,361 [Listener at 127.0.0.1/38503] INFO  server.session (HouseKeeper.java:stopScavenging(149)) - node0 Stopped scavenging
2022-04-24 04:15:24,361 [Listener at 127.0.0.1/38503] INFO  handler.ContextHandler (ContextHandler.java:doStop(1153)) - Stopped o.e.j.s.ServletContextHandler@36f3f2a8{static,/static,file:///home/runner/work/ozone/ozone/hadoop-ozone/integration-test/target/test-classes/webapps/static,STOPPED}
2022-04-24 04:15:24,361 [Listener at 127.0.0.1/38503] INFO  handler.ContextHandler (ContextHandler.java:doStop(1153)) - Stopped o.e.j.s.ServletContextHandler@36bc3c49{logs,/logs,file:///home/runner/work/ozone/ozone/hadoop-ozone/integration-test/target/log,STOPPED}
2022-04-24 04:15:24,363 [Trash Emptier] ERROR om.TrashPolicyOzone (TrashPolicyOzone.java:run(251)) - Error attempting to shutdown
java.lang.InterruptedException
	at java.util.concurrent.locks.AbstractQueuedSynchronizer$ConditionObject.awaitNanos(AbstractQueuedSynchronizer.java:2067)
	at java.util.concurrent.ThreadPoolExecutor.awaitTermination(ThreadPoolExecutor.java:1475)
	at org.apache.hadoop.ozone.om.TrashPolicyOzone$Emptier.run(TrashPolicyOzone.java:249)
	at java.lang.Thread.run(Thread.java:750)
2022-04-24 04:15:24,363 [Trash Emptier] ERROR util.ExitUtils (ExitUtils.java:terminate(133)) - Terminating with exit status -1: Thread[Trash Emptier,5,main] has thrown an uncaught exception
java.lang.UnsupportedOperationException: fs.getUri() not implemented in TrashOzoneFileSystem
	at org.apache.hadoop.ozone.om.TrashOzoneFileSystem.getUri(TrashOzoneFileSystem.java:124)
	at org.apache.hadoop.fs.FileSystem.close(FileSystem.java:2592)
	at org.apache.hadoop.ozone.om.TrashPolicyOzone$Emptier.run(TrashPolicyOzone.java:243)
	at java.lang.Thread.run(Thread.java:750)
2022-04-24 04:15:24,367 [Listener at 127.0.0.1/38503] INFO  ozone.MiniOzoneClusterImpl (MiniOzoneClusterImpl.java:stopDatanodes(530)) - Stopping the HddsDatanodes
2022-04-24 04:15:29,370 [ForkJoinPool.commonPool-worker-1] INFO  ozoneimpl.OzoneContainer (OzoneContainer.java:stop(356)) - Attempting to stop container services.
2022-04-24 04:15:29,370 [Listener at 127.0.0.1/38503] INFO  ozoneimpl.OzoneContainer (OzoneContainer.java:stop(356)) - Attempting to stop container services.
2022-04-24 04:15:29,372 [ForkJoinPool.commonPool-worker-1] INFO  server.RaftServer (RaftServerProxy.java:lambda$close$6(391)) - e8c8a659-d261-4c5d-8a2f-41b1aaadacc9: close
2022-04-24 04:15:29,373 [ForkJoinPool.commonPool-worker-1] INFO  server.RaftServer$Division (RaftServerImpl.java:lambda$close$4(412)) - e8c8a659-d261-4c5d-8a2f-41b1aaadacc9@group-643B1867606F: shutdown
2022-04-24 04:15:29,373 [ForkJoinPool.commonPool-worker-1] INFO  util.JmxRegister (JmxRegister.java:unregister(73)) - Successfully un-registered JMX Bean with object name Ratis:service=RaftServer,group=group-643B1867606F,id=e8c8a659-d261-4c5d-8a2f-41b1aaadacc9
2022-04-24 04:15:29,373 [ForkJoinPool.commonPool-worker-1] INFO  impl.RoleInfo (RoleInfo.java:shutdownFollowerState(108)) - e8c8a659-d261-4c5d-8a2f-41b1aaadacc9: shutdown e8c8a659-d261-4c5d-8a2f-41b1aaadacc9@group-643B1867606F-FollowerState
2022-04-24 04:15:29,373 [ForkJoinPool.commonPool-worker-1] INFO  impl.StateMachineUpdater (StateMachineUpdater.java:stopAndJoin(149)) - e8c8a659-d261-4c5d-8a2f-41b1aaadacc9@group-643B1867606F-StateMachineUpdater: set stopIndex = 29
2022-04-24 04:15:29,372 [Listener at 127.0.0.1/38503] INFO  server.RaftServer (RaftServerProxy.java:lambda$close$6(391)) - 541013cf-2288-4650-a5cb-617f95277836: close
2022-04-24 04:15:29,374 [Listener at 127.0.0.1/38503] INFO  server.RaftServer$Division (RaftServerImpl.java:lambda$close$4(412)) - 541013cf-2288-4650-a5cb-617f95277836@group-643B1867606F: shutdown
2022-04-24 04:15:29,374 [e8c8a659-d261-4c5d-8a2f-41b1aaadacc9@group-643B1867606F-FollowerState] INFO  impl.FollowerState (FollowerState.java:run(143)) - e8c8a659-d261-4c5d-8a2f-41b1aaadacc9@group-643B1867606F-FollowerState was interrupted: {}
java.lang.InterruptedException: sleep interrupted
	at java.lang.Thread.sleep(Native Method)
	at java.lang.Thread.sleep(Thread.java:342)
	at java.util.concurrent.TimeUnit.sleep(TimeUnit.java:386)
	at org.apache.ratis.util.TimeDuration.sleep(TimeDuration.java:324)
	at org.apache.ratis.util.TimeDuration.sleep(TimeDuration.java:309)
	at org.apache.ratis.server.impl.FollowerState.run(FollowerState.java:118)
2022-04-24 04:15:29,374 [e8c8a659-d261-4c5d-8a2f-41b1aaadacc9@group-643B1867606F-StateMachineUpdater] INFO  ratis.ContainerStateMachine (ContainerStateMachine.java:takeSnapshot(304)) - group-643B1867606F: Taking a snapshot at:(t:1, i:29) file /home/runner/work/ozone/ozone/hadoop-ozone/integration-test/target/test-dir/MiniOzoneClusterImpl-a4f891ee-a8e1-4ed6-b509-207d494f3db6/datanode-1/data/ratis/15211a34-0e77-4a80-b463-643b1867606f/sm/snapshot.1_29
2022-04-24 04:15:29,375 [Listener at 127.0.0.1/38503] INFO  util.JmxRegister (JmxRegister.java:unregister(73)) - Successfully un-registered JMX Bean with object name Ratis:service=RaftServer,group=group-643B1867606F,id=541013cf-2288-4650-a5cb-617f95277836
2022-04-24 04:15:29,381 [Listener at 127.0.0.1/38503] INFO  impl.RoleInfo (RoleInfo.java:shutdownLeaderState(91)) - 541013cf-2288-4650-a5cb-617f95277836: shutdown 541013cf-2288-4650-a5cb-617f95277836@group-643B1867606F-LeaderStateImpl
2022-04-24 04:15:29,381 [Listener at 127.0.0.1/38503] INFO  impl.PendingRequests (PendingRequests.java:sendNotLeaderResponses(282)) - 541013cf-2288-4650-a5cb-617f95277836@group-643B1867606F-PendingRequests: sendNotLeaderResponses
2022-04-24 04:15:29,381 [541013cf-2288-4650-a5cb-617f95277836@group-643B1867606F->e8c8a659-d261-4c5d-8a2f-41b1aaadacc9-GrpcLogAppender-LogAppenderDaemon] WARN  server.GrpcLogAppender (GrpcLogAppender.java:mayWait(177)) - 541013cf-2288-4650-a5cb-617f95277836@group-643B1867606F->e8c8a659-d261-4c5d-8a2f-41b1aaadacc9-GrpcLogAppender: Wait interrupted by java.lang.InterruptedException
2022-04-24 04:15:29,381 [541013cf-2288-4650-a5cb-617f95277836@group-643B1867606F->8e96264f-9eb0-4fa6-9fb0-f6b0892d4633-GrpcLogAppender-LogAppenderDaemon] WARN  server.GrpcLogAppender (GrpcLogAppender.java:mayWait(177)) - 541013cf-2288-4650-a5cb-617f95277836@group-643B1867606F->8e96264f-9eb0-4fa6-9fb0-f6b0892d4633-GrpcLogAppender: Wait interrupted by java.lang.InterruptedException
2022-04-24 04:15:29,391 [grpc-default-executor-0] INFO  server.GrpcServerProtocolService (GrpcServerProtocolService.java:onCompleted(140)) - 8e96264f-9eb0-4fa6-9fb0-f6b0892d4633: Completed APPEND_ENTRIES, lastRequest: 541013cf-2288-4650-a5cb-617f95277836->8e96264f-9eb0-4fa6-9fb0-f6b0892d4633#392-t1,previous=(t:1, i:28),leaderCommit=27,initializing? true,entries: size=1, first=(t:1, i:29), METADATAENTRY(c:27)
2022-04-24 04:15:29,391 [Listener at 127.0.0.1/38503] INFO  impl.StateMachineUpdater (StateMachineUpdater.java:stopAndJoin(149)) - 541013cf-2288-4650-a5cb-617f95277836@group-643B1867606F-StateMachineUpdater: set stopIndex = 29
2022-04-24 04:15:29,393 [541013cf-2288-4650-a5cb-617f95277836@group-643B1867606F-StateMachineUpdater] INFO  ratis.ContainerStateMachine (ContainerStateMachine.java:takeSnapshot(304)) - group-643B1867606F: Taking a snapshot at:(t:1, i:29) file /home/runner/work/ozone/ozone/hadoop-ozone/integration-test/target/test-dir/MiniOzoneClusterImpl-a4f891ee-a8e1-4ed6-b509-207d494f3db6/datanode-2/data/ratis/15211a34-0e77-4a80-b463-643b1867606f/sm/snapshot.1_29
2022-04-24 04:15:29,399 [grpc-default-executor-2] INFO  server.GrpcLogAppender (GrpcLogAppender.java:onCompleted(346)) - 541013cf-2288-4650-a5cb-617f95277836@group-643B1867606F->8e96264f-9eb0-4fa6-9fb0-f6b0892d4633-AppendLogResponseHandler: follower responses appendEntries COMPLETED
2022-04-24 04:15:29,402 [grpc-default-executor-2] INFO  leader.FollowerInfo (FollowerInfoImpl.java:lambda$new$0(47)) - 541013cf-2288-4650-a5cb-617f95277836@group-643B1867606F->8e96264f-9eb0-4fa6-9fb0-f6b0892d4633: nextIndex: updateUnconditionally 30 -> 29
2022-04-24 04:15:29,402 [grpc-default-executor-2] INFO  server.GrpcServerProtocolService (GrpcServerProtocolService.java:onCompleted(140)) - e8c8a659-d261-4c5d-8a2f-41b1aaadacc9: Completed APPEND_ENTRIES, lastRequest: 541013cf-2288-4650-a5cb-617f95277836->e8c8a659-d261-4c5d-8a2f-41b1aaadacc9#390-t1,previous=(t:1, i:28),leaderCommit=27,initializing? true,entries: size=1, first=(t:1, i:29), METADATAENTRY(c:27)
2022-04-24 04:15:29,404 [grpc-default-executor-0] INFO  server.GrpcLogAppender (GrpcLogAppender.java:onCompleted(346)) - 541013cf-2288-4650-a5cb-617f95277836@group-643B1867606F->e8c8a659-d261-4c5d-8a2f-41b1aaadacc9-AppendLogResponseHandler: follower responses appendEntries COMPLETED
2022-04-24 04:15:29,406 [grpc-default-executor-0] INFO  leader.FollowerInfo (FollowerInfoImpl.java:lambda$new$0(47)) - 541013cf-2288-4650-a5cb-617f95277836@group-643B1867606F->e8c8a659-d261-4c5d-8a2f-41b1aaadacc9: nextIndex: updateUnconditionally 30 -> 29
2022-04-24 04:15:29,438 [541013cf-2288-4650-a5cb-617f95277836@group-643B1867606F-StateMachineUpdater] INFO  ratis.ContainerStateMachine (ContainerStateMachine.java:takeSnapshot(315)) - group-643B1867606F: Finished taking a snapshot at:(t:1, i:29) file:/home/runner/work/ozone/ozone/hadoop-ozone/integration-test/target/test-dir/MiniOzoneClusterImpl-a4f891ee-a8e1-4ed6-b509-207d494f3db6/datanode-2/data/ratis/15211a34-0e77-4a80-b463-643b1867606f/sm/snapshot.1_29 took: 45 ms
2022-04-24 04:15:29,440 [541013cf-2288-4650-a5cb-617f95277836@group-643B1867606F-StateMachineUpdater] INFO  impl.StateMachineUpdater (StateMachineUpdater.java:takeSnapshot(281)) - 541013cf-2288-4650-a5cb-617f95277836@group-643B1867606F-StateMachineUpdater: Took a snapshot at index 29
2022-04-24 04:15:29,440 [541013cf-2288-4650-a5cb-617f95277836@group-643B1867606F-StateMachineUpdater] INFO  impl.StateMachineUpdater (StateMachineUpdater.java:lambda$new$0(89)) - 541013cf-2288-4650-a5cb-617f95277836@group-643B1867606F-StateMachineUpdater: snapshotIndex: updateIncreasingly -1 -> 29
2022-04-24 04:15:29,444 [e8c8a659-d261-4c5d-8a2f-41b1aaadacc9@group-643B1867606F-StateMachineUpdater] INFO  ratis.ContainerStateMachine (ContainerStateMachine.java:takeSnapshot(315)) - group-643B1867606F: Finished taking a snapshot at:(t:1, i:29) file:/home/runner/work/ozone/ozone/hadoop-ozone/integration-test/target/test-dir/MiniOzoneClusterImpl-a4f891ee-a8e1-4ed6-b509-207d494f3db6/datanode-1/data/ratis/15211a34-0e77-4a80-b463-643b1867606f/sm/snapshot.1_29 took: 69 ms
2022-04-24 04:15:29,444 [e8c8a659-d261-4c5d-8a2f-41b1aaadacc9@group-643B1867606F-StateMachineUpdater] INFO  impl.StateMachineUpdater (StateMachineUpdater.java:takeSnapshot(281)) - e8c8a659-d261-4c5d-8a2f-41b1aaadacc9@group-643B1867606F-StateMachineUpdater: Took a snapshot at index 29
2022-04-24 04:15:29,444 [e8c8a659-d261-4c5d-8a2f-41b1aaadacc9@group-643B1867606F-StateMachineUpdater] INFO  impl.StateMachineUpdater (StateMachineUpdater.java:lambda$new$0(89)) - e8c8a659-d261-4c5d-8a2f-41b1aaadacc9@group-643B1867606F-StateMachineUpdater: snapshotIndex: updateIncreasingly -1 -> 29
2022-04-24 04:15:29,446 [Listener at 127.0.0.1/38503] INFO  server.RaftServer$Division (ServerState.java:close(419)) - 541013cf-2288-4650-a5cb-617f95277836@group-643B1867606F: closes. applyIndex: 29
2022-04-24 04:15:29,447 [541013cf-2288-4650-a5cb-617f95277836@group-643B1867606F-SegmentedRaftLogWorker] INFO  segmented.SegmentedRaftLogWorker (SegmentedRaftLogWorker.java:run(327)) - 541013cf-2288-4650-a5cb-617f95277836@group-643B1867606F-SegmentedRaftLogWorker was interrupted, exiting. There are 0 tasks remaining in the queue.
2022-04-24 04:15:29,448 [Listener at 127.0.0.1/38503] INFO  segmented.SegmentedRaftLogWorker (SegmentedRaftLogWorker.java:close(237)) - 541013cf-2288-4650-a5cb-617f95277836@group-643B1867606F-SegmentedRaftLogWorker close()
2022-04-24 04:15:29,450 [Listener at 127.0.0.1/38503] INFO  server.RaftServer$Division (RaftServerImpl.java:lambda$close$4(412)) - 541013cf-2288-4650-a5cb-617f95277836@group-77E5F71781CC: shutdown
2022-04-24 04:15:29,450 [Listener at 127.0.0.1/38503] INFO  util.JmxRegister (JmxRegister.java:unregister(73)) - Successfully un-registered JMX Bean with object name Ratis:service=RaftServer,group=group-77E5F71781CC,id=541013cf-2288-4650-a5cb-617f95277836
2022-04-24 04:15:29,450 [Listener at 127.0.0.1/38503] INFO  impl.RoleInfo (RoleInfo.java:shutdownLeaderState(91)) - 541013cf-2288-4650-a5cb-617f95277836: shutdown 541013cf-2288-4650-a5cb-617f95277836@group-77E5F71781CC-LeaderStateImpl
2022-04-24 04:15:29,450 [Listener at 127.0.0.1/38503] INFO  impl.PendingRequests (PendingRequests.java:sendNotLeaderResponses(282)) - 541013cf-2288-4650-a5cb-617f95277836@group-77E5F71781CC-PendingRequests: sendNotLeaderResponses
2022-04-24 04:15:29,451 [541013cf-2288-4650-a5cb-617f95277836@group-77E5F71781CC-StateMachineUpdater] INFO  ratis.ContainerStateMachine (ContainerStateMachine.java:takeSnapshot(304)) - group-77E5F71781CC: Taking a snapshot at:(t:1, i:0) file /home/runner/work/ozone/ozone/hadoop-ozone/integration-test/target/test-dir/MiniOzoneClusterImpl-a4f891ee-a8e1-4ed6-b509-207d494f3db6/datanode-2/data/ratis/21f5c4fc-a501-4435-b484-77e5f71781cc/sm/snapshot.1_0
2022-04-24 04:15:29,451 [Listener at 127.0.0.1/38503] INFO  impl.StateMachineUpdater (StateMachineUpdater.java:stopAndJoin(149)) - 541013cf-2288-4650-a5cb-617f95277836@group-77E5F71781CC-StateMachineUpdater: set stopIndex = 0
2022-04-24 04:15:29,452 [541013cf-2288-4650-a5cb-617f95277836@group-77E5F71781CC-StateMachineUpdater] INFO  ratis.ContainerStateMachine (ContainerStateMachine.java:takeSnapshot(315)) - group-77E5F71781CC: Finished taking a snapshot at:(t:1, i:0) file:/home/runner/work/ozone/ozone/hadoop-ozone/integration-test/target/test-dir/MiniOzoneClusterImpl-a4f891ee-a8e1-4ed6-b509-207d494f3db6/datanode-2/data/ratis/21f5c4fc-a501-4435-b484-77e5f71781cc/sm/snapshot.1_0 took: 1 ms
2022-04-24 04:15:29,452 [541013cf-2288-4650-a5cb-617f95277836@group-77E5F71781CC-StateMachineUpdater] INFO  impl.StateMachineUpdater (StateMachineUpdater.java:takeSnapshot(281)) - 541013cf-2288-4650-a5cb-617f95277836@group-77E5F71781CC-StateMachineUpdater: Took a snapshot at index 0
2022-04-24 04:15:29,453 [541013cf-2288-4650-a5cb-617f95277836@group-77E5F71781CC-StateMachineUpdater] INFO  impl.StateMachineUpdater (StateMachineUpdater.java:lambda$new$0(89)) - 541013cf-2288-4650-a5cb-617f95277836@group-77E5F71781CC-StateMachineUpdater: snapshotIndex: updateIncreasingly -1 -> 0
2022-04-24 04:15:29,452 [ForkJoinPool.commonPool-worker-1] INFO  server.RaftServer$Division (ServerState.java:close(419)) - e8c8a659-d261-4c5d-8a2f-41b1aaadacc9@group-643B1867606F: closes. applyIndex: 29
2022-04-24 04:15:29,453 [e8c8a659-d261-4c5d-8a2f-41b1aaadacc9@group-643B1867606F-SegmentedRaftLogWorker] INFO  segmented.SegmentedRaftLogWorker (SegmentedRaftLogWorker.java:run(327)) - e8c8a659-d261-4c5d-8a2f-41b1aaadacc9@group-643B1867606F-SegmentedRaftLogWorker was interrupted, exiting. There are 0 tasks remaining in the queue.
2022-04-24 04:15:29,456 [ForkJoinPool.commonPool-worker-1] INFO  segmented.SegmentedRaftLogWorker (SegmentedRaftLogWorker.java:close(237)) - e8c8a659-d261-4c5d-8a2f-41b1aaadacc9@group-643B1867606F-SegmentedRaftLogWorker close()
2022-04-24 04:15:29,456 [Listener at 127.0.0.1/38503] INFO  server.RaftServer$Division (ServerState.java:close(419)) - 541013cf-2288-4650-a5cb-617f95277836@group-77E5F71781CC: closes. applyIndex: 0
2022-04-24 04:15:29,456 [541013cf-2288-4650-a5cb-617f95277836@group-77E5F71781CC-SegmentedRaftLogWorker] INFO  segmented.SegmentedRaftLogWorker (SegmentedRaftLogWorker.java:run(327)) - 541013cf-2288-4650-a5cb-617f95277836@group-77E5F71781CC-SegmentedRaftLogWorker was interrupted, exiting. There are 0 tasks remaining in the queue.
2022-04-24 04:15:29,457 [Listener at 127.0.0.1/38503] INFO  segmented.SegmentedRaftLogWorker (SegmentedRaftLogWorker.java:close(237)) - 541013cf-2288-4650-a5cb-617f95277836@group-77E5F71781CC-SegmentedRaftLogWorker close()
2022-04-24 04:15:29,459 [ForkJoinPool.commonPool-worker-1] INFO  server.RaftServer$Division (RaftServerImpl.java:lambda$close$4(412)) - e8c8a659-d261-4c5d-8a2f-41b1aaadacc9@group-AF293890AD0C: shutdown
2022-04-24 04:15:29,459 [ForkJoinPool.commonPool-worker-1] INFO  util.JmxRegister (JmxRegister.java:unregister(73)) - Successfully un-registered JMX Bean with object name Ratis:service=RaftServer,group=group-AF293890AD0C,id=e8c8a659-d261-4c5d-8a2f-41b1aaadacc9
2022-04-24 04:15:29,459 [ForkJoinPool.commonPool-worker-1] INFO  impl.RoleInfo (RoleInfo.java:shutdownLeaderState(91)) - e8c8a659-d261-4c5d-8a2f-41b1aaadacc9: shutdown e8c8a659-d261-4c5d-8a2f-41b1aaadacc9@group-AF293890AD0C-LeaderStateImpl
2022-04-24 04:15:29,459 [ForkJoinPool.commonPool-worker-1] INFO  impl.PendingRequests (PendingRequests.java:sendNotLeaderResponses(282)) - e8c8a659-d261-4c5d-8a2f-41b1aaadacc9@group-AF293890AD0C-PendingRequests: sendNotLeaderResponses
2022-04-24 04:15:29,460 [ForkJoinPool.commonPool-worker-1] INFO  impl.StateMachineUpdater (StateMachineUpdater.java:stopAndJoin(149)) - e8c8a659-d261-4c5d-8a2f-41b1aaadacc9@group-AF293890AD0C-StateMachineUpdater: set stopIndex = 0
2022-04-24 04:15:29,460 [Listener at 127.0.0.1/38503] INFO  server.RaftServer$Division (RaftServerImpl.java:lambda$close$4(412)) - 541013cf-2288-4650-a5cb-617f95277836@group-45E776B468C9: shutdown
2022-04-24 04:15:29,460 [Listener at 127.0.0.1/38503] INFO  util.JmxRegister (JmxRegister.java:unregister(73)) - Successfully un-registered JMX Bean with object name Ratis:service=RaftServer,group=group-45E776B468C9,id=541013cf-2288-4650-a5cb-617f95277836
2022-04-24 04:15:29,461 [Listener at 127.0.0.1/38503] INFO  impl.RoleInfo (RoleInfo.java:shutdownFollowerState(108)) - 541013cf-2288-4650-a5cb-617f95277836: shutdown 541013cf-2288-4650-a5cb-617f95277836@group-45E776B468C9-FollowerState
2022-04-24 04:15:29,461 [Listener at 127.0.0.1/38503] INFO  impl.StateMachineUpdater (StateMachineUpdater.java:stopAndJoin(149)) - 541013cf-2288-4650-a5cb-617f95277836@group-45E776B468C9-StateMachineUpdater: set stopIndex = 0
2022-04-24 04:15:29,461 [541013cf-2288-4650-a5cb-617f95277836@group-45E776B468C9-FollowerState] INFO  impl.FollowerState (FollowerState.java:run(143)) - 541013cf-2288-4650-a5cb-617f95277836@group-45E776B468C9-FollowerState was interrupted: {}
java.lang.InterruptedException: sleep interrupted
	at java.lang.Thread.sleep(Native Method)
	at java.lang.Thread.sleep(Thread.java:342)
	at java.util.concurrent.TimeUnit.sleep(TimeUnit.java:386)
	at org.apache.ratis.util.TimeDuration.sleep(TimeDuration.java:324)
	at org.apache.ratis.util.TimeDuration.sleep(TimeDuration.java:309)
	at org.apache.ratis.server.impl.FollowerState.run(FollowerState.java:118)
2022-04-24 04:15:29,461 [e8c8a659-d261-4c5d-8a2f-41b1aaadacc9@group-AF293890AD0C-StateMachineUpdater] INFO  ratis.ContainerStateMachine (ContainerStateMachine.java:takeSnapshot(304)) - group-AF293890AD0C: Taking a snapshot at:(t:1, i:0) file /home/runner/work/ozone/ozone/hadoop-ozone/integration-test/target/test-dir/MiniOzoneClusterImpl-a4f891ee-a8e1-4ed6-b509-207d494f3db6/datanode-1/data/ratis/1205f272-f983-4ccc-bf06-af293890ad0c/sm/snapshot.1_0
2022-04-24 04:15:29,462 [541013cf-2288-4650-a5cb-617f95277836@group-45E776B468C9-StateMachineUpdater] INFO  ratis.ContainerStateMachine (ContainerStateMachine.java:takeSnapshot(304)) - group-45E776B468C9: Taking a snapshot at:(t:1, i:0) file /home/runner/work/ozone/ozone/hadoop-ozone/integration-test/target/test-dir/MiniOzoneClusterImpl-a4f891ee-a8e1-4ed6-b509-207d494f3db6/datanode-2/data/ratis/d4604e0f-572a-4a89-97eb-45e776b468c9/sm/snapshot.1_0
2022-04-24 04:15:29,462 [e8c8a659-d261-4c5d-8a2f-41b1aaadacc9@group-AF293890AD0C-StateMachineUpdater] INFO  ratis.ContainerStateMachine (ContainerStateMachine.java:takeSnapshot(315)) - group-AF293890AD0C: Finished taking a snapshot at:(t:1, i:0) file:/home/runner/work/ozone/ozone/hadoop-ozone/integration-test/target/test-dir/MiniOzoneClusterImpl-a4f891ee-a8e1-4ed6-b509-207d494f3db6/datanode-1/data/ratis/1205f272-f983-4ccc-bf06-af293890ad0c/sm/snapshot.1_0 took: 1 ms
2022-04-24 04:15:29,462 [e8c8a659-d261-4c5d-8a2f-41b1aaadacc9@group-AF293890AD0C-StateMachineUpdater] INFO  impl.StateMachineUpdater (StateMachineUpdater.java:takeSnapshot(281)) - e8c8a659-d261-4c5d-8a2f-41b1aaadacc9@group-AF293890AD0C-StateMachineUpdater: Took a snapshot at index 0
2022-04-24 04:15:29,463 [e8c8a659-d261-4c5d-8a2f-41b1aaadacc9@group-AF293890AD0C-StateMachineUpdater] INFO  impl.StateMachineUpdater (StateMachineUpdater.java:lambda$new$0(89)) - e8c8a659-d261-4c5d-8a2f-41b1aaadacc9@group-AF293890AD0C-StateMachineUpdater: snapshotIndex: updateIncreasingly -1 -> 0
2022-04-24 04:15:29,463 [541013cf-2288-4650-a5cb-617f95277836@group-45E776B468C9-StateMachineUpdater] INFO  ratis.ContainerStateMachine (ContainerStateMachine.java:takeSnapshot(315)) - group-45E776B468C9: Finished taking a snapshot at:(t:1, i:0) file:/home/runner/work/ozone/ozone/hadoop-ozone/integration-test/target/test-dir/MiniOzoneClusterImpl-a4f891ee-a8e1-4ed6-b509-207d494f3db6/datanode-2/data/ratis/d4604e0f-572a-4a89-97eb-45e776b468c9/sm/snapshot.1_0 took: 1 ms
2022-04-24 04:15:29,463 [ForkJoinPool.commonPool-worker-1] INFO  server.RaftServer$Division (ServerState.java:close(419)) - e8c8a659-d261-4c5d-8a2f-41b1aaadacc9@group-AF293890AD0C: closes. applyIndex: 0
2022-04-24 04:15:29,463 [541013cf-2288-4650-a5cb-617f95277836@group-45E776B468C9-StateMachineUpdater] INFO  impl.StateMachineUpdater (StateMachineUpdater.java:takeSnapshot(281)) - 541013cf-2288-4650-a5cb-617f95277836@group-45E776B468C9-StateMachineUpdater: Took a snapshot at index 0
2022-04-24 04:15:29,463 [e8c8a659-d261-4c5d-8a2f-41b1aaadacc9@group-AF293890AD0C-SegmentedRaftLogWorker] INFO  segmented.SegmentedRaftLogWorker (SegmentedRaftLogWorker.java:run(327)) - e8c8a659-d261-4c5d-8a2f-41b1aaadacc9@group-AF293890AD0C-SegmentedRaftLogWorker was interrupted, exiting. There are 0 tasks remaining in the queue.
2022-04-24 04:15:29,463 [541013cf-2288-4650-a5cb-617f95277836@group-45E776B468C9-StateMachineUpdater] INFO  impl.StateMachineUpdater (StateMachineUpdater.java:lambda$new$0(89)) - 541013cf-2288-4650-a5cb-617f95277836@group-45E776B468C9-StateMachineUpdater: snapshotIndex: updateIncreasingly -1 -> 0
2022-04-24 04:15:29,463 [ForkJoinPool.commonPool-worker-1] INFO  segmented.SegmentedRaftLogWorker (SegmentedRaftLogWorker.java:close(237)) - e8c8a659-d261-4c5d-8a2f-41b1aaadacc9@group-AF293890AD0C-SegmentedRaftLogWorker close()
2022-04-24 04:15:29,463 [Listener at 127.0.0.1/38503] INFO  server.RaftServer$Division (ServerState.java:close(419)) - 541013cf-2288-4650-a5cb-617f95277836@group-45E776B468C9: closes. applyIndex: 0
2022-04-24 04:15:29,464 [541013cf-2288-4650-a5cb-617f95277836@group-45E776B468C9-SegmentedRaftLogWorker] INFO  segmented.SegmentedRaftLogWorker (SegmentedRaftLogWorker.java:run(327)) - 541013cf-2288-4650-a5cb-617f95277836@group-45E776B468C9-SegmentedRaftLogWorker was interrupted, exiting. There are 0 tasks remaining in the queue.
2022-04-24 04:15:29,464 [Listener at 127.0.0.1/38503] INFO  segmented.SegmentedRaftLogWorker (SegmentedRaftLogWorker.java:close(237)) - 541013cf-2288-4650-a5cb-617f95277836@group-45E776B468C9-SegmentedRaftLogWorker close()
2022-04-24 04:15:29,465 [ForkJoinPool.commonPool-worker-1] INFO  server.RaftServer$Division (RaftServerImpl.java:lambda$close$4(412)) - e8c8a659-d261-4c5d-8a2f-41b1aaadacc9@group-45E776B468C9: shutdown
2022-04-24 04:15:29,465 [Listener at 127.0.0.1/38503] INFO  server.GrpcService (GrpcService.java:closeImpl(262)) - 541013cf-2288-4650-a5cb-617f95277836: shutdown server with port 42611 now
2022-04-24 04:15:29,465 [ForkJoinPool.commonPool-worker-1] INFO  util.JmxRegister (JmxRegister.java:unregister(73)) - Successfully un-registered JMX Bean with object name Ratis:service=RaftServer,group=group-45E776B468C9,id=e8c8a659-d261-4c5d-8a2f-41b1aaadacc9
2022-04-24 04:15:29,465 [ForkJoinPool.commonPool-worker-1] INFO  impl.RoleInfo (RoleInfo.java:shutdownFollowerState(108)) - e8c8a659-d261-4c5d-8a2f-41b1aaadacc9: shutdown e8c8a659-d261-4c5d-8a2f-41b1aaadacc9@group-45E776B468C9-FollowerState
2022-04-24 04:15:29,465 [ForkJoinPool.commonPool-worker-1] INFO  impl.StateMachineUpdater (StateMachineUpdater.java:stopAndJoin(149)) - e8c8a659-d261-4c5d-8a2f-41b1aaadacc9@group-45E776B468C9-StateMachineUpdater: set stopIndex = 0
2022-04-24 04:15:29,466 [e8c8a659-d261-4c5d-8a2f-41b1aaadacc9@group-45E776B468C9-FollowerState] INFO  impl.FollowerState (FollowerState.java:run(143)) - e8c8a659-d261-4c5d-8a2f-41b1aaadacc9@group-45E776B468C9-FollowerState was interrupted: {}
java.lang.InterruptedException: sleep interrupted
	at java.lang.Thread.sleep(Native Method)
	at java.lang.Thread.sleep(Thread.java:342)
	at java.util.concurrent.TimeUnit.sleep(TimeUnit.java:386)
	at org.apache.ratis.util.TimeDuration.sleep(TimeDuration.java:324)
	at org.apache.ratis.util.TimeDuration.sleep(TimeDuration.java:309)
	at org.apache.ratis.server.impl.FollowerState.run(FollowerState.java:118)
2022-04-24 04:15:29,466 [e8c8a659-d261-4c5d-8a2f-41b1aaadacc9@group-45E776B468C9-StateMachineUpdater] INFO  ratis.ContainerStateMachine (ContainerStateMachine.java:takeSnapshot(304)) - group-45E776B468C9: Taking a snapshot at:(t:1, i:0) file /home/runner/work/ozone/ozone/hadoop-ozone/integration-test/target/test-dir/MiniOzoneClusterImpl-a4f891ee-a8e1-4ed6-b509-207d494f3db6/datanode-1/data/ratis/d4604e0f-572a-4a89-97eb-45e776b468c9/sm/snapshot.1_0
2022-04-24 04:15:29,467 [e8c8a659-d261-4c5d-8a2f-41b1aaadacc9@group-45E776B468C9-StateMachineUpdater] INFO  ratis.ContainerStateMachine (ContainerStateMachine.java:takeSnapshot(315)) - group-45E776B468C9: Finished taking a snapshot at:(t:1, i:0) file:/home/runner/work/ozone/ozone/hadoop-ozone/integration-test/target/test-dir/MiniOzoneClusterImpl-a4f891ee-a8e1-4ed6-b509-207d494f3db6/datanode-1/data/ratis/d4604e0f-572a-4a89-97eb-45e776b468c9/sm/snapshot.1_0 took: 1 ms
2022-04-24 04:15:29,467 [e8c8a659-d261-4c5d-8a2f-41b1aaadacc9@group-45E776B468C9-StateMachineUpdater] INFO  impl.StateMachineUpdater (StateMachineUpdater.java:takeSnapshot(281)) - e8c8a659-d261-4c5d-8a2f-41b1aaadacc9@group-45E776B468C9-StateMachineUpdater: Took a snapshot at index 0
2022-04-24 04:15:29,467 [e8c8a659-d261-4c5d-8a2f-41b1aaadacc9@group-45E776B468C9-StateMachineUpdater] INFO  impl.StateMachineUpdater (StateMachineUpdater.java:lambda$new$0(89)) - e8c8a659-d261-4c5d-8a2f-41b1aaadacc9@group-45E776B468C9-StateMachineUpdater: snapshotIndex: updateIncreasingly -1 -> 0
2022-04-24 04:15:29,468 [ForkJoinPool.commonPool-worker-1] INFO  server.RaftServer$Division (ServerState.java:close(419)) - e8c8a659-d261-4c5d-8a2f-41b1aaadacc9@group-45E776B468C9: closes. applyIndex: 0
2022-04-24 04:15:29,468 [e8c8a659-d261-4c5d-8a2f-41b1aaadacc9@group-45E776B468C9-SegmentedRaftLogWorker] INFO  segmented.SegmentedRaftLogWorker (SegmentedRaftLogWorker.java:run(327)) - e8c8a659-d261-4c5d-8a2f-41b1aaadacc9@group-45E776B468C9-SegmentedRaftLogWorker was interrupted, exiting. There are 0 tasks remaining in the queue.
2022-04-24 04:15:29,468 [ForkJoinPool.commonPool-worker-1] INFO  segmented.SegmentedRaftLogWorker (SegmentedRaftLogWorker.java:close(237)) - e8c8a659-d261-4c5d-8a2f-41b1aaadacc9@group-45E776B468C9-SegmentedRaftLogWorker close()
2022-04-24 04:15:29,471 [ForkJoinPool.commonPool-worker-1] INFO  server.GrpcService (GrpcService.java:closeImpl(262)) - e8c8a659-d261-4c5d-8a2f-41b1aaadacc9: shutdown server with port 38205 now
2022-04-24 04:15:29,475 [grpc-default-executor-2] WARN  server.GrpcServerProtocolService (LogUtils.java:warn(122)) - 541013cf-2288-4650-a5cb-617f95277836: installSnapshot onError, lastRequest: 8e96264f-9eb0-4fa6-9fb0-f6b0892d4633->541013cf-2288-4650-a5cb-617f95277836#1-t1,previous=(t:0, i:0),leaderCommit=0,initializing? true,entries: size=1, first=(t:1, i:0), CONFIGURATIONENTRY: org.apache.ratis.thirdparty.io.grpc.StatusRuntimeException: CANCELLED: client cancelled
2022-04-24 04:15:29,475 [grpc-default-executor-0] WARN  client.GrpcClientProtocolService (LogUtils.java:warn(122)) - 1-UnorderedRequestStreamObserver1: onError: org.apache.ratis.thirdparty.io.grpc.StatusRuntimeException: CANCELLED: client cancelled
2022-04-24 04:15:29,477 [grpc-default-executor-0] WARN  server.GrpcServerProtocolService (LogUtils.java:warn(122)) - e8c8a659-d261-4c5d-8a2f-41b1aaadacc9: installSnapshot onError, lastRequest: 8e96264f-9eb0-4fa6-9fb0-f6b0892d4633->e8c8a659-d261-4c5d-8a2f-41b1aaadacc9#1-t1,previous=(t:0, i:0),leaderCommit=0,initializing? true,entries: size=1, first=(t:1, i:0), CONFIGURATIONENTRY: org.apache.ratis.thirdparty.io.grpc.StatusRuntimeException: CANCELLED: client cancelled
2022-04-24 04:15:29,477 [ForkJoinPool.commonPool-worker-1] INFO  server.GrpcService (GrpcService.java:closeImpl(271)) - e8c8a659-d261-4c5d-8a2f-41b1aaadacc9: shutdown server with port 38205 successfully
2022-04-24 04:15:29,477 [org.apache.ratis.util.JvmPauseMonitor$$Lambda$580/177642409@432a5362] INFO  util.JvmPauseMonitor (JvmPauseMonitor.java:run(109)) - JvmPauseMonitor-e8c8a659-d261-4c5d-8a2f-41b1aaadacc9: Stopped
2022-04-24 04:15:29,489 [grpc-default-executor-1] WARN  server.GrpcLogAppender (LogUtils.java:warn(122)) - 8e96264f-9eb0-4fa6-9fb0-f6b0892d4633@group-45E776B468C9->541013cf-2288-4650-a5cb-617f95277836-AppendLogResponseHandler: Failed appendEntries: org.apache.ratis.thirdparty.io.grpc.StatusRuntimeException: CANCELLED: HTTP/2 error code: CANCEL
Received Rst Stream
2022-04-24 04:15:29,490 [grpc-default-executor-1] WARN  server.GrpcLogAppender (GrpcLogAppender.java:resetClient(110)) - 8e96264f-9eb0-4fa6-9fb0-f6b0892d4633@group-45E776B468C9->541013cf-2288-4650-a5cb-617f95277836-GrpcLogAppender: Leader has not got in touch with Follower 8e96264f-9eb0-4fa6-9fb0-f6b0892d4633@group-45E776B468C9->541013cf-2288-4650-a5cb-617f95277836(c0,m0,n1, attendVote=true, lastRpcSendTime=1133, lastRpcResponseTime=1126) yet, just keep nextIndex unchanged and retry.
2022-04-24 04:15:29,494 [grpc-default-executor-1] WARN  server.GrpcLogAppender (LogUtils.java:warn(122)) - 8e96264f-9eb0-4fa6-9fb0-f6b0892d4633@group-45E776B468C9->e8c8a659-d261-4c5d-8a2f-41b1aaadacc9-AppendLogResponseHandler: Failed appendEntries: org.apache.ratis.thirdparty.io.grpc.StatusRuntimeException: CANCELLED: HTTP/2 error code: CANCEL
Received Rst Stream
2022-04-24 04:15:29,494 [grpc-default-executor-1] WARN  server.GrpcLogAppender (GrpcLogAppender.java:resetClient(110)) - 8e96264f-9eb0-4fa6-9fb0-f6b0892d4633@group-45E776B468C9->e8c8a659-d261-4c5d-8a2f-41b1aaadacc9-GrpcLogAppender: Leader has not got in touch with Follower 8e96264f-9eb0-4fa6-9fb0-f6b0892d4633@group-45E776B468C9->e8c8a659-d261-4c5d-8a2f-41b1aaadacc9(c0,m0,n1, attendVote=true, lastRpcSendTime=1198, lastRpcResponseTime=1196) yet, just keep nextIndex unchanged and retry.
2022-04-24 04:15:29,495 [Listener at 127.0.0.1/38503] INFO  server.GrpcService (GrpcService.java:closeImpl(271)) - 541013cf-2288-4650-a5cb-617f95277836: shutdown server with port 42611 successfully
2022-04-24 04:15:29,496 [org.apache.ratis.util.JvmPauseMonitor$$Lambda$580/177642409@191e94b1] INFO  util.JvmPauseMonitor (JvmPauseMonitor.java:run(109)) - JvmPauseMonitor-541013cf-2288-4650-a5cb-617f95277836: Stopped
2022-04-24 04:15:30,840 [grpc-default-executor-1] WARN  server.GrpcLogAppender (LogUtils.java:warn(122)) - 8e96264f-9eb0-4fa6-9fb0-f6b0892d4633@group-45E776B468C9->e8c8a659-d261-4c5d-8a2f-41b1aaadacc9-AppendLogResponseHandler: Failed appendEntries: org.apache.ratis.thirdparty.io.grpc.StatusRuntimeException: UNAVAILABLE: io exception
2022-04-24 04:15:30,841 [grpc-default-executor-1] WARN  server.GrpcLogAppender (GrpcLogAppender.java:resetClient(110)) - 8e96264f-9eb0-4fa6-9fb0-f6b0892d4633@group-45E776B468C9->e8c8a659-d261-4c5d-8a2f-41b1aaadacc9-GrpcLogAppender: Leader has not got in touch with Follower 8e96264f-9eb0-4fa6-9fb0-f6b0892d4633@group-45E776B468C9->e8c8a659-d261-4c5d-8a2f-41b1aaadacc9(c0,m0,n1, attendVote=true, lastRpcSendTime=0, lastRpcResponseTime=2543) yet, just keep nextIndex unchanged and retry.
2022-04-24 04:15:30,871 [grpc-default-executor-0] WARN  server.GrpcLogAppender (LogUtils.java:warn(122)) - 8e96264f-9eb0-4fa6-9fb0-f6b0892d4633@group-45E776B468C9->541013cf-2288-4650-a5cb-617f95277836-AppendLogResponseHandler: Failed appendEntries: org.apache.ratis.thirdparty.io.grpc.StatusRuntimeException: UNAVAILABLE: io exception
2022-04-24 04:15:30,873 [grpc-default-executor-0] WARN  server.GrpcLogAppender (GrpcLogAppender.java:resetClient(110)) - 8e96264f-9eb0-4fa6-9fb0-f6b0892d4633@group-45E776B468C9->541013cf-2288-4650-a5cb-617f95277836-GrpcLogAppender: Leader has not got in touch with Follower 8e96264f-9eb0-4fa6-9fb0-f6b0892d4633@group-45E776B468C9->541013cf-2288-4650-a5cb-617f95277836(c0,m0,n1, attendVote=true, lastRpcSendTime=2516, lastRpcResponseTime=2509) yet, just keep nextIndex unchanged and retry.
2022-04-24 04:15:31,519 [Listener at 127.0.0.1/38503] INFO  utils.BackgroundService (BackgroundService.java:shutdown(132)) - Shutting down service BlockDeletingService
2022-04-24 04:15:31,543 [ForkJoinPool.commonPool-worker-1] INFO  utils.BackgroundService (BackgroundService.java:shutdown(132)) - Shutting down service BlockDeletingService
2022-04-24 04:15:33,346 [grpc-default-executor-0] WARN  server.GrpcLogAppender (LogUtils.java:warn(122)) - 8e96264f-9eb0-4fa6-9fb0-f6b0892d4633@group-45E776B468C9->e8c8a659-d261-4c5d-8a2f-41b1aaadacc9-AppendLogResponseHandler: Failed appendEntries: org.apache.ratis.thirdparty.io.grpc.StatusRuntimeException: UNAVAILABLE: io exception
2022-04-24 04:15:33,347 [grpc-default-executor-0] WARN  server.GrpcLogAppender (GrpcLogAppender.java:resetClient(110)) - 8e96264f-9eb0-4fa6-9fb0-f6b0892d4633@group-45E776B468C9->e8c8a659-d261-4c5d-8a2f-41b1aaadacc9-GrpcLogAppender: Leader has not got in touch with Follower 8e96264f-9eb0-4fa6-9fb0-f6b0892d4633@group-45E776B468C9->e8c8a659-d261-4c5d-8a2f-41b1aaadacc9(c0,m0,n1, attendVote=true, lastRpcSendTime=1, lastRpcResponseTime=5049) yet, just keep nextIndex unchanged and retry.
2022-04-24 04:15:33,378 [grpc-default-executor-0] WARN  server.GrpcLogAppender (LogUtils.java:warn(122)) - 8e96264f-9eb0-4fa6-9fb0-f6b0892d4633@group-45E776B468C9->541013cf-2288-4650-a5cb-617f95277836-AppendLogResponseHandler: Failed appendEntries: org.apache.ratis.thirdparty.io.grpc.StatusRuntimeException: UNAVAILABLE: io exception
2022-04-24 04:15:33,379 [grpc-default-executor-0] WARN  server.GrpcLogAppender (GrpcLogAppender.java:resetClient(110)) - 8e96264f-9eb0-4fa6-9fb0-f6b0892d4633@group-45E776B468C9->541013cf-2288-4650-a5cb-617f95277836-GrpcLogAppender: Leader has not got in touch with Follower 8e96264f-9eb0-4fa6-9fb0-f6b0892d4633@group-45E776B468C9->541013cf-2288-4650-a5cb-617f95277836(c0,m0,n1, attendVote=true, lastRpcSendTime=0, lastRpcResponseTime=5015) yet, just keep nextIndex unchanged and retry.
2022-04-24 04:15:34,255 [8e96264f-9eb0-4fa6-9fb0-f6b0892d4633@group-643B1867606F-FollowerState] INFO  impl.FollowerState (FollowerState.java:run(134)) - 8e96264f-9eb0-4fa6-9fb0-f6b0892d4633@group-643B1867606F-FollowerState: change to CANDIDATE, lastRpcElapsedTime:7371315966ns, electionTimeout:5027ms
2022-04-24 04:15:34,255 [8e96264f-9eb0-4fa6-9fb0-f6b0892d4633@group-643B1867606F-FollowerState] INFO  impl.RoleInfo (RoleInfo.java:shutdownFollowerState(108)) - 8e96264f-9eb0-4fa6-9fb0-f6b0892d4633: shutdown 8e96264f-9eb0-4fa6-9fb0-f6b0892d4633@group-643B1867606F-FollowerState
2022-04-24 04:15:34,255 [8e96264f-9eb0-4fa6-9fb0-f6b0892d4633@group-643B1867606F-FollowerState] INFO  server.RaftServer$Division (RaftServerImpl.java:setRole(290)) - 8e96264f-9eb0-4fa6-9fb0-f6b0892d4633@group-643B1867606F: changes role from  FOLLOWER to CANDIDATE at term 1 for changeToCandidate
2022-04-24 04:15:34,255 [8e96264f-9eb0-4fa6-9fb0-f6b0892d4633@group-643B1867606F-FollowerState] INFO  server.RaftServerConfigKeys (ConfUtils.java:logGet(44)) - raft.server.leaderelection.pre-vote = false (custom)
2022-04-24 04:15:34,255 [8e96264f-9eb0-4fa6-9fb0-f6b0892d4633@group-643B1867606F-FollowerState] INFO  impl.RoleInfo (RoleInfo.java:updateAndGet(130)) - 8e96264f-9eb0-4fa6-9fb0-f6b0892d4633: start 8e96264f-9eb0-4fa6-9fb0-f6b0892d4633@group-643B1867606F-LeaderElection9
2022-04-24 04:15:34,273 [8e96264f-9eb0-4fa6-9fb0-f6b0892d4633@group-643B1867606F-LeaderElection9] INFO  server.RaftServer$Division (ServerState.java:setLeader(285)) - 8e96264f-9eb0-4fa6-9fb0-f6b0892d4633@group-643B1867606F: change Leader from 541013cf-2288-4650-a5cb-617f95277836 to null at term 1 for ELECTION
2022-04-24 04:15:34,276 [8e96264f-9eb0-4fa6-9fb0-f6b0892d4633@group-643B1867606F-LeaderElection9] INFO  impl.LeaderElection (LeaderElection.java:askForVotes(306)) - 8e96264f-9eb0-4fa6-9fb0-f6b0892d4633@group-643B1867606F-LeaderElection9 ELECTION round 0: submit vote requests at term 2 for 0: [541013cf-2288-4650-a5cb-617f95277836|rpc:10.1.0.15:42611|dataStream:|priority:1, 8e96264f-9eb0-4fa6-9fb0-f6b0892d4633|rpc:10.1.0.15:37687|dataStream:|priority:0, e8c8a659-d261-4c5d-8a2f-41b1aaadacc9|rpc:10.1.0.15:38205|dataStream:|priority:0], old=null
2022-04-24 04:15:34,302 [8e96264f-9eb0-4fa6-9fb0-f6b0892d4633@group-643B1867606F-LeaderElection9] INFO  impl.LeaderElection (LogUtils.java:infoOrTrace(137)) - 8e96264f-9eb0-4fa6-9fb0-f6b0892d4633@group-643B1867606F-LeaderElection9 got exception when requesting votes: java.util.concurrent.ExecutionException: org.apache.ratis.thirdparty.io.grpc.StatusRuntimeException: UNAVAILABLE: io exception
2022-04-24 04:15:34,302 [8e96264f-9eb0-4fa6-9fb0-f6b0892d4633@group-643B1867606F-LeaderElection9] INFO  impl.LeaderElection (LogUtils.java:infoOrTrace(137)) - 8e96264f-9eb0-4fa6-9fb0-f6b0892d4633@group-643B1867606F-LeaderElection9 got exception when requesting votes: java.util.concurrent.ExecutionException: org.apache.ratis.thirdparty.io.grpc.StatusRuntimeException: UNAVAILABLE: io exception
2022-04-24 04:15:34,302 [8e96264f-9eb0-4fa6-9fb0-f6b0892d4633@group-643B1867606F-LeaderElection9] INFO  impl.LeaderElection (LeaderElection.java:logAndReturn(89)) - 8e96264f-9eb0-4fa6-9fb0-f6b0892d4633@group-643B1867606F-LeaderElection9: ELECTION REJECTED received 0 response(s) and 2 exception(s):
2022-04-24 04:15:34,302 [8e96264f-9eb0-4fa6-9fb0-f6b0892d4633@group-643B1867606F-LeaderElection9] INFO  impl.LeaderElection (LogUtils.java:infoOrTrace(137)) -   Exception 0: java.util.concurrent.ExecutionException: org.apache.ratis.thirdparty.io.grpc.StatusRuntimeException: UNAVAILABLE: io exception
2022-04-24 04:15:34,303 [8e96264f-9eb0-4fa6-9fb0-f6b0892d4633@group-643B1867606F-LeaderElection9] INFO  impl.LeaderElection (LogUtils.java:infoOrTrace(137)) -   Exception 1: java.util.concurrent.ExecutionException: org.apache.ratis.thirdparty.io.grpc.StatusRuntimeException: UNAVAILABLE: io exception
2022-04-24 04:15:34,303 [8e96264f-9eb0-4fa6-9fb0-f6b0892d4633@group-643B1867606F-LeaderElection9] INFO  impl.LeaderElection (LeaderElection.java:askForVotes(308)) - 8e96264f-9eb0-4fa6-9fb0-f6b0892d4633@group-643B1867606F-LeaderElection9 ELECTION round 0: result REJECTED
2022-04-24 04:15:34,303 [8e96264f-9eb0-4fa6-9fb0-f6b0892d4633@group-643B1867606F-LeaderElection9] INFO  server.RaftServer$Division (RaftServerImpl.java:setRole(290)) - 8e96264f-9eb0-4fa6-9fb0-f6b0892d4633@group-643B1867606F: changes role from CANDIDATE to FOLLOWER at term 2 for REJECTED
2022-04-24 04:15:34,303 [8e96264f-9eb0-4fa6-9fb0-f6b0892d4633@group-643B1867606F-LeaderElection9] INFO  impl.RoleInfo (RoleInfo.java:shutdownLeaderElection(121)) - 8e96264f-9eb0-4fa6-9fb0-f6b0892d4633: shutdown 8e96264f-9eb0-4fa6-9fb0-f6b0892d4633@group-643B1867606F-LeaderElection9
2022-04-24 04:15:34,303 [8e96264f-9eb0-4fa6-9fb0-f6b0892d4633@group-643B1867606F-LeaderElection9] INFO  impl.RoleInfo (RoleInfo.java:updateAndGet(130)) - 8e96264f-9eb0-4fa6-9fb0-f6b0892d4633: start 8e96264f-9eb0-4fa6-9fb0-f6b0892d4633@group-643B1867606F-FollowerState
2022-04-24 04:15:34,372 [8e96264f-9eb0-4fa6-9fb0-f6b0892d4633@group-45E776B468C9-LeaderStateImpl] WARN  server.RaftServer$Division (LeaderStateImpl.java:checkLeadership(974)) - 8e96264f-9eb0-4fa6-9fb0-f6b0892d4633@group-45E776B468C9-LeaderStateImpl: Lost leadership on term: 1. Election timeout: 5200ms. In charge for: 31238ms. Conf: 0: [541013cf-2288-4650-a5cb-617f95277836|rpc:10.1.0.15:42611|dataStream:|priority:0, 8e96264f-9eb0-4fa6-9fb0-f6b0892d4633|rpc:10.1.0.15:37687|dataStream:|priority:1, e8c8a659-d261-4c5d-8a2f-41b1aaadacc9|rpc:10.1.0.15:38205|dataStream:|priority:0], old=null
2022-04-24 04:15:34,374 [8e96264f-9eb0-4fa6-9fb0-f6b0892d4633@group-45E776B468C9-LeaderStateImpl] WARN  server.RaftServer$Division (LeaderStateImpl.java:lambda$checkLeadership$15(978)) - Follower 8e96264f-9eb0-4fa6-9fb0-f6b0892d4633@group-45E776B468C9->541013cf-2288-4650-a5cb-617f95277836(c0,m0,n1, attendVote=true, lastRpcSendTime=996, lastRpcResponseTime=6010)
2022-04-24 04:15:34,374 [8e96264f-9eb0-4fa6-9fb0-f6b0892d4633@group-45E776B468C9-LeaderStateImpl] WARN  server.RaftServer$Division (LeaderStateImpl.java:lambda$checkLeadership$15(978)) - Follower 8e96264f-9eb0-4fa6-9fb0-f6b0892d4633@group-45E776B468C9->e8c8a659-d261-4c5d-8a2f-41b1aaadacc9(c0,m0,n1, attendVote=true, lastRpcSendTime=1028, lastRpcResponseTime=6076)
2022-04-24 04:15:34,374 [8e96264f-9eb0-4fa6-9fb0-f6b0892d4633@group-45E776B468C9-LeaderStateImpl] INFO  server.RaftServer$Division (RaftServerImpl.java:setRole(290)) - 8e96264f-9eb0-4fa6-9fb0-f6b0892d4633@group-45E776B468C9: changes role from    LEADER to FOLLOWER at term 1 for StepDownReason:LOST_MAJORITY_HEARTBEATS
2022-04-24 04:15:34,374 [8e96264f-9eb0-4fa6-9fb0-f6b0892d4633@group-45E776B468C9-LeaderStateImpl] INFO  impl.RoleInfo (RoleInfo.java:shutdownLeaderState(91)) - 8e96264f-9eb0-4fa6-9fb0-f6b0892d4633: shutdown 8e96264f-9eb0-4fa6-9fb0-f6b0892d4633@group-45E776B468C9-LeaderStateImpl
2022-04-24 04:15:34,375 [8e96264f-9eb0-4fa6-9fb0-f6b0892d4633@group-45E776B468C9-LeaderStateImpl] INFO  impl.PendingRequests (PendingRequests.java:sendNotLeaderResponses(282)) - 8e96264f-9eb0-4fa6-9fb0-f6b0892d4633@group-45E776B468C9-PendingRequests: sendNotLeaderResponses
2022-04-24 04:15:34,375 [8e96264f-9eb0-4fa6-9fb0-f6b0892d4633@group-45E776B468C9-LeaderStateImpl] INFO  impl.RoleInfo (RoleInfo.java:updateAndGet(130)) - 8e96264f-9eb0-4fa6-9fb0-f6b0892d4633: start 8e96264f-9eb0-4fa6-9fb0-f6b0892d4633@group-45E776B468C9-FollowerState
2022-04-24 04:15:34,543 [Listener at 127.0.0.1/38503] INFO  statemachine.DatanodeStateMachine (DatanodeStateMachine.java:stopDaemon(560)) - Ozone container server stopped.
2022-04-24 04:15:34,545 [Listener at 127.0.0.1/38503] INFO  handler.ContextHandler (ContextHandler.java:doStop(1153)) - Stopped o.e.j.w.WebAppContext@4722250f{hddsDatanode,/,null,STOPPED}{jar:file:/home/runner/.m2/repository/org/apache/ozone/hdds-container-service/1.3.0-SNAPSHOT/hdds-container-service-1.3.0-SNAPSHOT.jar!/webapps/hddsDatanode}
2022-04-24 04:15:34,546 [Listener at 127.0.0.1/38503] INFO  server.AbstractConnector (AbstractConnector.java:doStop(381)) - Stopped ServerConnector@37a20de7{HTTP/1.1, (http/1.1)}{0.0.0.0:0}
2022-04-24 04:15:34,546 [Listener at 127.0.0.1/38503] INFO  server.session (HouseKeeper.java:stopScavenging(149)) - node0 Stopped scavenging
2022-04-24 04:15:34,547 [Listener at 127.0.0.1/38503] INFO  handler.ContextHandler (ContextHandler.java:doStop(1153)) - Stopped o.e.j.s.ServletContextHandler@29dbf03f{static,/static,jar:file:/home/runner/.m2/repository/org/apache/ozone/hdds-container-service/1.3.0-SNAPSHOT/hdds-container-service-1.3.0-SNAPSHOT.jar!/webapps/static,STOPPED}
2022-04-24 04:15:34,547 [Listener at 127.0.0.1/38503] INFO  handler.ContextHandler (ContextHandler.java:doStop(1153)) - Stopped o.e.j.s.ServletContextHandler@588b9a5f{logs,/logs,file:///home/runner/work/ozone/ozone/hadoop-ozone/integration-test/target/log,STOPPED}
2022-04-24 04:15:34,582 [ForkJoinPool.commonPool-worker-1] INFO  statemachine.DatanodeStateMachine (DatanodeStateMachine.java:stopDaemon(560)) - Ozone container server stopped.
2022-04-24 04:15:34,586 [ForkJoinPool.commonPool-worker-1] INFO  handler.ContextHandler (ContextHandler.java:doStop(1153)) - Stopped o.e.j.w.WebAppContext@1e7c3465{hddsDatanode,/,null,STOPPED}{jar:file:/home/runner/.m2/repository/org/apache/ozone/hdds-container-service/1.3.0-SNAPSHOT/hdds-container-service-1.3.0-SNAPSHOT.jar!/webapps/hddsDatanode}
2022-04-24 04:15:34,586 [ForkJoinPool.commonPool-worker-1] INFO  server.AbstractConnector (AbstractConnector.java:doStop(381)) - Stopped ServerConnector@4190f278{HTTP/1.1, (http/1.1)}{0.0.0.0:0}
2022-04-24 04:15:34,586 [ForkJoinPool.commonPool-worker-1] INFO  server.session (HouseKeeper.java:stopScavenging(149)) - node0 Stopped scavenging
2022-04-24 04:15:34,588 [ForkJoinPool.commonPool-worker-1] INFO  handler.ContextHandler (ContextHandler.java:doStop(1153)) - Stopped o.e.j.s.ServletContextHandler@70d5b235{static,/static,jar:file:/home/runner/.m2/repository/org/apache/ozone/hdds-container-service/1.3.0-SNAPSHOT/hdds-container-service-1.3.0-SNAPSHOT.jar!/webapps/static,STOPPED}
2022-04-24 04:15:34,589 [ForkJoinPool.commonPool-worker-1] INFO  handler.ContextHandler (ContextHandler.java:doStop(1153)) - Stopped o.e.j.s.ServletContextHandler@3cde655c{logs,/logs,file:///home/runner/work/ozone/ozone/hadoop-ozone/integration-test/target/log,STOPPED}
2022-04-24 04:15:39,394 [8e96264f-9eb0-4fa6-9fb0-f6b0892d4633@group-45E776B468C9-FollowerState] INFO  impl.FollowerState (FollowerState.java:lostMajorityHeartbeatsRecently(107)) - 8e96264f-9eb0-4fa6-9fb0-f6b0892d4633@group-45E776B468C9-FollowerState: Skipping leader election since it stepped down recently (elapsed = 5018ms < waitTime = 10s)
2022-04-24 04:15:39,410 [8e96264f-9eb0-4fa6-9fb0-f6b0892d4633@group-643B1867606F-FollowerState] INFO  impl.FollowerState (FollowerState.java:run(134)) - 8e96264f-9eb0-4fa6-9fb0-f6b0892d4633@group-643B1867606F-FollowerState: change to CANDIDATE, lastRpcElapsedTime:5107580143ns, electionTimeout:5085ms
2022-04-24 04:15:39,411 [8e96264f-9eb0-4fa6-9fb0-f6b0892d4633@group-643B1867606F-FollowerState] INFO  impl.RoleInfo (RoleInfo.java:shutdownFollowerState(108)) - 8e96264f-9eb0-4fa6-9fb0-f6b0892d4633: shutdown 8e96264f-9eb0-4fa6-9fb0-f6b0892d4633@group-643B1867606F-FollowerState
2022-04-24 04:15:39,411 [8e96264f-9eb0-4fa6-9fb0-f6b0892d4633@group-643B1867606F-FollowerState] INFO  server.RaftServer$Division (RaftServerImpl.java:setRole(290)) - 8e96264f-9eb0-4fa6-9fb0-f6b0892d4633@group-643B1867606F: changes role from  FOLLOWER to CANDIDATE at term 2 for changeToCandidate
2022-04-24 04:15:39,411 [8e96264f-9eb0-4fa6-9fb0-f6b0892d4633@group-643B1867606F-FollowerState] INFO  server.RaftServerConfigKeys (ConfUtils.java:logGet(44)) - raft.server.leaderelection.pre-vote = false (custom)
2022-04-24 04:15:39,411 [8e96264f-9eb0-4fa6-9fb0-f6b0892d4633@group-643B1867606F-FollowerState] INFO  impl.RoleInfo (RoleInfo.java:updateAndGet(130)) - 8e96264f-9eb0-4fa6-9fb0-f6b0892d4633: start 8e96264f-9eb0-4fa6-9fb0-f6b0892d4633@group-643B1867606F-LeaderElection10
2022-04-24 04:15:39,421 [8e96264f-9eb0-4fa6-9fb0-f6b0892d4633@group-643B1867606F-LeaderElection10] INFO  impl.LeaderElection (LeaderElection.java:askForVotes(306)) - 8e96264f-9eb0-4fa6-9fb0-f6b0892d4633@group-643B1867606F-LeaderElection10 ELECTION round 0: submit vote requests at term 3 for 0: [541013cf-2288-4650-a5cb-617f95277836|rpc:10.1.0.15:42611|dataStream:|priority:1, 8e96264f-9eb0-4fa6-9fb0-f6b0892d4633|rpc:10.1.0.15:37687|dataStream:|priority:0, e8c8a659-d261-4c5d-8a2f-41b1aaadacc9|rpc:10.1.0.15:38205|dataStream:|priority:0], old=null
2022-04-24 04:15:39,430 [8e96264f-9eb0-4fa6-9fb0-f6b0892d4633@group-643B1867606F-LeaderElection10] INFO  impl.LeaderElection (LogUtils.java:infoOrTrace(137)) - 8e96264f-9eb0-4fa6-9fb0-f6b0892d4633@group-643B1867606F-LeaderElection10 got exception when requesting votes: java.util.concurrent.ExecutionException: org.apache.ratis.thirdparty.io.grpc.StatusRuntimeException: UNAVAILABLE: io exception
2022-04-24 04:15:39,434 [8e96264f-9eb0-4fa6-9fb0-f6b0892d4633@group-643B1867606F-LeaderElection10] INFO  impl.LeaderElection (LogUtils.java:infoOrTrace(137)) - 8e96264f-9eb0-4fa6-9fb0-f6b0892d4633@group-643B1867606F-LeaderElection10 got exception when requesting votes: java.util.concurrent.ExecutionException: org.apache.ratis.thirdparty.io.grpc.StatusRuntimeException: UNAVAILABLE: io exception
2022-04-24 04:15:39,434 [8e96264f-9eb0-4fa6-9fb0-f6b0892d4633@group-643B1867606F-LeaderElection10] INFO  impl.LeaderElection (LeaderElection.java:logAndReturn(89)) - 8e96264f-9eb0-4fa6-9fb0-f6b0892d4633@group-643B1867606F-LeaderElection10: ELECTION REJECTED received 0 response(s) and 2 exception(s):
2022-04-24 04:15:39,434 [8e96264f-9eb0-4fa6-9fb0-f6b0892d4633@group-643B1867606F-LeaderElection10] INFO  impl.LeaderElection (LogUtils.java:infoOrTrace(137)) -   Exception 0: java.util.concurrent.ExecutionException: org.apache.ratis.thirdparty.io.grpc.StatusRuntimeException: UNAVAILABLE: io exception
2022-04-24 04:15:39,434 [8e96264f-9eb0-4fa6-9fb0-f6b0892d4633@group-643B1867606F-LeaderElection10] INFO  impl.LeaderElection (LogUtils.java:infoOrTrace(137)) -   Exception 1: java.util.concurrent.ExecutionException: org.apache.ratis.thirdparty.io.grpc.StatusRuntimeException: UNAVAILABLE: io exception
2022-04-24 04:15:39,434 [8e96264f-9eb0-4fa6-9fb0-f6b0892d4633@group-643B1867606F-LeaderElection10] INFO  impl.LeaderElection (LeaderElection.java:askForVotes(308)) - 8e96264f-9eb0-4fa6-9fb0-f6b0892d4633@group-643B1867606F-LeaderElection10 ELECTION round 0: result REJECTED
2022-04-24 04:15:39,434 [8e96264f-9eb0-4fa6-9fb0-f6b0892d4633@group-643B1867606F-LeaderElection10] INFO  server.RaftServer$Division (RaftServerImpl.java:setRole(290)) - 8e96264f-9eb0-4fa6-9fb0-f6b0892d4633@group-643B1867606F: changes role from CANDIDATE to FOLLOWER at term 3 for REJECTED
2022-04-24 04:15:39,434 [8e96264f-9eb0-4fa6-9fb0-f6b0892d4633@group-643B1867606F-LeaderElection10] INFO  impl.RoleInfo (RoleInfo.java:shutdownLeaderElection(121)) - 8e96264f-9eb0-4fa6-9fb0-f6b0892d4633: shutdown 8e96264f-9eb0-4fa6-9fb0-f6b0892d4633@group-643B1867606F-LeaderElection10
2022-04-24 04:15:39,434 [8e96264f-9eb0-4fa6-9fb0-f6b0892d4633@group-643B1867606F-LeaderElection10] INFO  impl.RoleInfo (RoleInfo.java:updateAndGet(130)) - 8e96264f-9eb0-4fa6-9fb0-f6b0892d4633: start 8e96264f-9eb0-4fa6-9fb0-f6b0892d4633@group-643B1867606F-FollowerState
2022-04-24 04:15:39,549 [Listener at 127.0.0.1/38503] INFO  ozoneimpl.OzoneContainer (OzoneContainer.java:stop(356)) - Attempting to stop container services.
2022-04-24 04:15:39,551 [Listener at 127.0.0.1/38503] INFO  server.RaftServer (RaftServerProxy.java:lambda$close$6(391)) - fe9480c6-0304-45ac-b1dc-5616f3c657bb: close
2022-04-24 04:15:39,551 [Listener at 127.0.0.1/38503] INFO  server.RaftServer$Division (RaftServerImpl.java:lambda$close$4(412)) - fe9480c6-0304-45ac-b1dc-5616f3c657bb@group-2CA9C104E74A: shutdown
2022-04-24 04:15:39,551 [Listener at 127.0.0.1/38503] INFO  util.JmxRegister (JmxRegister.java:unregister(73)) - Successfully un-registered JMX Bean with object name Ratis:service=RaftServer,group=group-2CA9C104E74A,id=fe9480c6-0304-45ac-b1dc-5616f3c657bb
2022-04-24 04:15:39,551 [Listener at 127.0.0.1/38503] INFO  impl.RoleInfo (RoleInfo.java:shutdownLeaderState(91)) - fe9480c6-0304-45ac-b1dc-5616f3c657bb: shutdown fe9480c6-0304-45ac-b1dc-5616f3c657bb@group-2CA9C104E74A-LeaderStateImpl
2022-04-24 04:15:39,552 [Listener at 127.0.0.1/38503] INFO  impl.PendingRequests (PendingRequests.java:sendNotLeaderResponses(282)) - fe9480c6-0304-45ac-b1dc-5616f3c657bb@group-2CA9C104E74A-PendingRequests: sendNotLeaderResponses
2022-04-24 04:15:39,554 [Listener at 127.0.0.1/38503] INFO  impl.StateMachineUpdater (StateMachineUpdater.java:stopAndJoin(149)) - fe9480c6-0304-45ac-b1dc-5616f3c657bb@group-2CA9C104E74A-StateMachineUpdater: set stopIndex = 0
2022-04-24 04:15:39,557 [fe9480c6-0304-45ac-b1dc-5616f3c657bb@group-2CA9C104E74A-StateMachineUpdater] INFO  ratis.ContainerStateMachine (ContainerStateMachine.java:takeSnapshot(304)) - group-2CA9C104E74A: Taking a snapshot at:(t:1, i:0) file /home/runner/work/ozone/ozone/hadoop-ozone/integration-test/target/test-dir/MiniOzoneClusterImpl-a4f891ee-a8e1-4ed6-b509-207d494f3db6/datanode-4/data/ratis/a933a914-e600-4840-b983-2ca9c104e74a/sm/snapshot.1_0
2022-04-24 04:15:39,559 [fe9480c6-0304-45ac-b1dc-5616f3c657bb@group-2CA9C104E74A-StateMachineUpdater] INFO  ratis.ContainerStateMachine (ContainerStateMachine.java:takeSnapshot(315)) - group-2CA9C104E74A: Finished taking a snapshot at:(t:1, i:0) file:/home/runner/work/ozone/ozone/hadoop-ozone/integration-test/target/test-dir/MiniOzoneClusterImpl-a4f891ee-a8e1-4ed6-b509-207d494f3db6/datanode-4/data/ratis/a933a914-e600-4840-b983-2ca9c104e74a/sm/snapshot.1_0 took: 1 ms
2022-04-24 04:15:39,559 [fe9480c6-0304-45ac-b1dc-5616f3c657bb@group-2CA9C104E74A-StateMachineUpdater] INFO  impl.StateMachineUpdater (StateMachineUpdater.java:takeSnapshot(281)) - fe9480c6-0304-45ac-b1dc-5616f3c657bb@group-2CA9C104E74A-StateMachineUpdater: Took a snapshot at index 0
2022-04-24 04:15:39,559 [fe9480c6-0304-45ac-b1dc-5616f3c657bb@group-2CA9C104E74A-StateMachineUpdater] INFO  impl.StateMachineUpdater (StateMachineUpdater.java:lambda$new$0(89)) - fe9480c6-0304-45ac-b1dc-5616f3c657bb@group-2CA9C104E74A-StateMachineUpdater: snapshotIndex: updateIncreasingly -1 -> 0
2022-04-24 04:15:39,559 [Listener at 127.0.0.1/38503] INFO  server.RaftServer$Division (ServerState.java:close(419)) - fe9480c6-0304-45ac-b1dc-5616f3c657bb@group-2CA9C104E74A: closes. applyIndex: 0
2022-04-24 04:15:39,560 [fe9480c6-0304-45ac-b1dc-5616f3c657bb@group-2CA9C104E74A-SegmentedRaftLogWorker] INFO  segmented.SegmentedRaftLogWorker (SegmentedRaftLogWorker.java:run(327)) - fe9480c6-0304-45ac-b1dc-5616f3c657bb@group-2CA9C104E74A-SegmentedRaftLogWorker was interrupted, exiting. There are 0 tasks remaining in the queue.
2022-04-24 04:15:39,561 [Listener at 127.0.0.1/38503] INFO  segmented.SegmentedRaftLogWorker (SegmentedRaftLogWorker.java:close(237)) - fe9480c6-0304-45ac-b1dc-5616f3c657bb@group-2CA9C104E74A-SegmentedRaftLogWorker close()
2022-04-24 04:15:39,562 [Listener at 127.0.0.1/38503] INFO  server.GrpcService (GrpcService.java:closeImpl(262)) - fe9480c6-0304-45ac-b1dc-5616f3c657bb: shutdown server with port 33537 now
2022-04-24 04:15:39,562 [Listener at 127.0.0.1/38503] INFO  server.GrpcService (GrpcService.java:closeImpl(271)) - fe9480c6-0304-45ac-b1dc-5616f3c657bb: shutdown server with port 33537 successfully
2022-04-24 04:15:39,563 [org.apache.ratis.util.JvmPauseMonitor$$Lambda$580/177642409@2b558f10] INFO  util.JvmPauseMonitor (JvmPauseMonitor.java:run(109)) - JvmPauseMonitor-fe9480c6-0304-45ac-b1dc-5616f3c657bb: Stopped
2022-04-24 04:15:39,591 [ForkJoinPool.commonPool-worker-1] INFO  ozoneimpl.OzoneContainer (OzoneContainer.java:stop(356)) - Attempting to stop container services.
2022-04-24 04:15:39,592 [ForkJoinPool.commonPool-worker-1] INFO  server.RaftServer (RaftServerProxy.java:lambda$close$6(391)) - 8e96264f-9eb0-4fa6-9fb0-f6b0892d4633: close
2022-04-24 04:15:39,592 [ForkJoinPool.commonPool-worker-1] INFO  server.RaftServer$Division (RaftServerImpl.java:lambda$close$4(412)) - 8e96264f-9eb0-4fa6-9fb0-f6b0892d4633@group-643B1867606F: shutdown
2022-04-24 04:15:39,592 [ForkJoinPool.commonPool-worker-1] INFO  util.JmxRegister (JmxRegister.java:unregister(73)) - Successfully un-registered JMX Bean with object name Ratis:service=RaftServer,group=group-643B1867606F,id=8e96264f-9eb0-4fa6-9fb0-f6b0892d4633
2022-04-24 04:15:39,592 [ForkJoinPool.commonPool-worker-1] INFO  impl.RoleInfo (RoleInfo.java:shutdownFollowerState(108)) - 8e96264f-9eb0-4fa6-9fb0-f6b0892d4633: shutdown 8e96264f-9eb0-4fa6-9fb0-f6b0892d4633@group-643B1867606F-FollowerState
2022-04-24 04:15:39,592 [ForkJoinPool.commonPool-worker-1] INFO  impl.StateMachineUpdater (StateMachineUpdater.java:stopAndJoin(149)) - 8e96264f-9eb0-4fa6-9fb0-f6b0892d4633@group-643B1867606F-StateMachineUpdater: set stopIndex = 29
2022-04-24 04:15:39,592 [8e96264f-9eb0-4fa6-9fb0-f6b0892d4633@group-643B1867606F-FollowerState] INFO  impl.FollowerState (FollowerState.java:run(143)) - 8e96264f-9eb0-4fa6-9fb0-f6b0892d4633@group-643B1867606F-FollowerState was interrupted: {}
java.lang.InterruptedException: sleep interrupted
	at java.lang.Thread.sleep(Native Method)
	at java.lang.Thread.sleep(Thread.java:342)
	at java.util.concurrent.TimeUnit.sleep(TimeUnit.java:386)
	at org.apache.ratis.util.TimeDuration.sleep(TimeDuration.java:324)
	at org.apache.ratis.util.TimeDuration.sleep(TimeDuration.java:309)
	at org.apache.ratis.server.impl.FollowerState.run(FollowerState.java:118)
2022-04-24 04:15:39,593 [8e96264f-9eb0-4fa6-9fb0-f6b0892d4633@group-643B1867606F-StateMachineUpdater] INFO  ratis.ContainerStateMachine (ContainerStateMachine.java:takeSnapshot(304)) - group-643B1867606F: Taking a snapshot at:(t:1, i:29) file /home/runner/work/ozone/ozone/hadoop-ozone/integration-test/target/test-dir/MiniOzoneClusterImpl-a4f891ee-a8e1-4ed6-b509-207d494f3db6/datanode-0/data/ratis/15211a34-0e77-4a80-b463-643b1867606f/sm/snapshot.1_29
2022-04-24 04:15:39,594 [8e96264f-9eb0-4fa6-9fb0-f6b0892d4633@group-643B1867606F-StateMachineUpdater] INFO  ratis.ContainerStateMachine (ContainerStateMachine.java:takeSnapshot(315)) - group-643B1867606F: Finished taking a snapshot at:(t:1, i:29) file:/home/runner/work/ozone/ozone/hadoop-ozone/integration-test/target/test-dir/MiniOzoneClusterImpl-a4f891ee-a8e1-4ed6-b509-207d494f3db6/datanode-0/data/ratis/15211a34-0e77-4a80-b463-643b1867606f/sm/snapshot.1_29 took: 2 ms
2022-04-24 04:15:39,594 [8e96264f-9eb0-4fa6-9fb0-f6b0892d4633@group-643B1867606F-StateMachineUpdater] INFO  impl.StateMachineUpdater (StateMachineUpdater.java:takeSnapshot(281)) - 8e96264f-9eb0-4fa6-9fb0-f6b0892d4633@group-643B1867606F-StateMachineUpdater: Took a snapshot at index 29
2022-04-24 04:15:39,594 [8e96264f-9eb0-4fa6-9fb0-f6b0892d4633@group-643B1867606F-StateMachineUpdater] INFO  impl.StateMachineUpdater (StateMachineUpdater.java:lambda$new$0(89)) - 8e96264f-9eb0-4fa6-9fb0-f6b0892d4633@group-643B1867606F-StateMachineUpdater: snapshotIndex: updateIncreasingly -1 -> 29
2022-04-24 04:15:39,596 [ForkJoinPool.commonPool-worker-1] INFO  server.RaftServer$Division (ServerState.java:close(419)) - 8e96264f-9eb0-4fa6-9fb0-f6b0892d4633@group-643B1867606F: closes. applyIndex: 29
2022-04-24 04:15:39,596 [8e96264f-9eb0-4fa6-9fb0-f6b0892d4633@group-643B1867606F-SegmentedRaftLogWorker] INFO  segmented.SegmentedRaftLogWorker (SegmentedRaftLogWorker.java:run(327)) - 8e96264f-9eb0-4fa6-9fb0-f6b0892d4633@group-643B1867606F-SegmentedRaftLogWorker was interrupted, exiting. There are 0 tasks remaining in the queue.
2022-04-24 04:15:39,596 [ForkJoinPool.commonPool-worker-1] INFO  segmented.SegmentedRaftLogWorker (SegmentedRaftLogWorker.java:close(237)) - 8e96264f-9eb0-4fa6-9fb0-f6b0892d4633@group-643B1867606F-SegmentedRaftLogWorker close()
2022-04-24 04:15:39,597 [ForkJoinPool.commonPool-worker-1] INFO  server.RaftServer$Division (RaftServerImpl.java:lambda$close$4(412)) - 8e96264f-9eb0-4fa6-9fb0-f6b0892d4633@group-716C8B274692: shutdown
2022-04-24 04:15:39,597 [ForkJoinPool.commonPool-worker-1] INFO  util.JmxRegister (JmxRegister.java:unregister(73)) - Successfully un-registered JMX Bean with object name Ratis:service=RaftServer,group=group-716C8B274692,id=8e96264f-9eb0-4fa6-9fb0-f6b0892d4633
2022-04-24 04:15:39,597 [ForkJoinPool.commonPool-worker-1] INFO  impl.RoleInfo (RoleInfo.java:shutdownLeaderState(91)) - 8e96264f-9eb0-4fa6-9fb0-f6b0892d4633: shutdown 8e96264f-9eb0-4fa6-9fb0-f6b0892d4633@group-716C8B274692-LeaderStateImpl
2022-04-24 04:15:39,597 [ForkJoinPool.commonPool-worker-1] INFO  impl.PendingRequests (PendingRequests.java:sendNotLeaderResponses(282)) - 8e96264f-9eb0-4fa6-9fb0-f6b0892d4633@group-716C8B274692-PendingRequests: sendNotLeaderResponses
2022-04-24 04:15:39,598 [8e96264f-9eb0-4fa6-9fb0-f6b0892d4633@group-716C8B274692-StateMachineUpdater] INFO  ratis.ContainerStateMachine (ContainerStateMachine.java:takeSnapshot(304)) - group-716C8B274692: Taking a snapshot at:(t:1, i:0) file /home/runner/work/ozone/ozone/hadoop-ozone/integration-test/target/test-dir/MiniOzoneClusterImpl-a4f891ee-a8e1-4ed6-b509-207d494f3db6/datanode-0/data/ratis/afc2ac7b-2091-4efc-9015-716c8b274692/sm/snapshot.1_0
2022-04-24 04:15:39,598 [ForkJoinPool.commonPool-worker-1] INFO  impl.StateMachineUpdater (StateMachineUpdater.java:stopAndJoin(149)) - 8e96264f-9eb0-4fa6-9fb0-f6b0892d4633@group-716C8B274692-StateMachineUpdater: set stopIndex = 0
2022-04-24 04:15:39,599 [8e96264f-9eb0-4fa6-9fb0-f6b0892d4633@group-716C8B274692-StateMachineUpdater] INFO  ratis.ContainerStateMachine (ContainerStateMachine.java:takeSnapshot(315)) - group-716C8B274692: Finished taking a snapshot at:(t:1, i:0) file:/home/runner/work/ozone/ozone/hadoop-ozone/integration-test/target/test-dir/MiniOzoneClusterImpl-a4f891ee-a8e1-4ed6-b509-207d494f3db6/datanode-0/data/ratis/afc2ac7b-2091-4efc-9015-716c8b274692/sm/snapshot.1_0 took: 0 ms
2022-04-24 04:15:39,599 [8e96264f-9eb0-4fa6-9fb0-f6b0892d4633@group-716C8B274692-StateMachineUpdater] INFO  impl.StateMachineUpdater (StateMachineUpdater.java:takeSnapshot(281)) - 8e96264f-9eb0-4fa6-9fb0-f6b0892d4633@group-716C8B274692-StateMachineUpdater: Took a snapshot at index 0
2022-04-24 04:15:39,599 [8e96264f-9eb0-4fa6-9fb0-f6b0892d4633@group-716C8B274692-StateMachineUpdater] INFO  impl.StateMachineUpdater (StateMachineUpdater.java:lambda$new$0(89)) - 8e96264f-9eb0-4fa6-9fb0-f6b0892d4633@group-716C8B274692-StateMachineUpdater: snapshotIndex: updateIncreasingly -1 -> 0
2022-04-24 04:15:39,599 [ForkJoinPool.commonPool-worker-1] INFO  server.RaftServer$Division (ServerState.java:close(419)) - 8e96264f-9eb0-4fa6-9fb0-f6b0892d4633@group-716C8B274692: closes. applyIndex: 0
2022-04-24 04:15:39,600 [8e96264f-9eb0-4fa6-9fb0-f6b0892d4633@group-716C8B274692-SegmentedRaftLogWorker] INFO  segmented.SegmentedRaftLogWorker (SegmentedRaftLogWorker.java:run(327)) - 8e96264f-9eb0-4fa6-9fb0-f6b0892d4633@group-716C8B274692-SegmentedRaftLogWorker was interrupted, exiting. There are 0 tasks remaining in the queue.
2022-04-24 04:15:39,600 [ForkJoinPool.commonPool-worker-1] INFO  segmented.SegmentedRaftLogWorker (SegmentedRaftLogWorker.java:close(237)) - 8e96264f-9eb0-4fa6-9fb0-f6b0892d4633@group-716C8B274692-SegmentedRaftLogWorker close()
2022-04-24 04:15:39,601 [ForkJoinPool.commonPool-worker-1] INFO  server.RaftServer$Division (RaftServerImpl.java:lambda$close$4(412)) - 8e96264f-9eb0-4fa6-9fb0-f6b0892d4633@group-45E776B468C9: shutdown
2022-04-24 04:15:39,601 [ForkJoinPool.commonPool-worker-1] INFO  util.JmxRegister (JmxRegister.java:unregister(73)) - Successfully un-registered JMX Bean with object name Ratis:service=RaftServer,group=group-45E776B468C9,id=8e96264f-9eb0-4fa6-9fb0-f6b0892d4633
2022-04-24 04:15:39,601 [ForkJoinPool.commonPool-worker-1] INFO  impl.RoleInfo (RoleInfo.java:shutdownFollowerState(108)) - 8e96264f-9eb0-4fa6-9fb0-f6b0892d4633: shutdown 8e96264f-9eb0-4fa6-9fb0-f6b0892d4633@group-45E776B468C9-FollowerState
2022-04-24 04:15:39,601 [8e96264f-9eb0-4fa6-9fb0-f6b0892d4633@group-45E776B468C9-FollowerState] INFO  impl.FollowerState (FollowerState.java:run(143)) - 8e96264f-9eb0-4fa6-9fb0-f6b0892d4633@group-45E776B468C9-FollowerState was interrupted: {}
java.lang.InterruptedException: sleep interrupted
	at java.lang.Thread.sleep(Native Method)
	at java.lang.Thread.sleep(Thread.java:342)
	at java.util.concurrent.TimeUnit.sleep(TimeUnit.java:386)
	at org.apache.ratis.util.TimeDuration.sleep(TimeDuration.java:324)
	at org.apache.ratis.util.TimeDuration.sleep(TimeDuration.java:309)
	at org.apache.ratis.server.impl.FollowerState.run(FollowerState.java:118)
2022-04-24 04:15:39,601 [8e96264f-9eb0-4fa6-9fb0-f6b0892d4633@group-45E776B468C9-StateMachineUpdater] INFO  ratis.ContainerStateMachine (ContainerStateMachine.java:takeSnapshot(304)) - group-45E776B468C9: Taking a snapshot at:(t:1, i:0) file /home/runner/work/ozone/ozone/hadoop-ozone/integration-test/target/test-dir/MiniOzoneClusterImpl-a4f891ee-a8e1-4ed6-b509-207d494f3db6/datanode-0/data/ratis/d4604e0f-572a-4a89-97eb-45e776b468c9/sm/snapshot.1_0
2022-04-24 04:15:39,603 [ForkJoinPool.commonPool-worker-1] INFO  impl.StateMachineUpdater (StateMachineUpdater.java:stopAndJoin(149)) - 8e96264f-9eb0-4fa6-9fb0-f6b0892d4633@group-45E776B468C9-StateMachineUpdater: set stopIndex = 0
2022-04-24 04:15:39,603 [8e96264f-9eb0-4fa6-9fb0-f6b0892d4633@group-45E776B468C9-StateMachineUpdater] INFO  ratis.ContainerStateMachine (ContainerStateMachine.java:takeSnapshot(315)) - group-45E776B468C9: Finished taking a snapshot at:(t:1, i:0) file:/home/runner/work/ozone/ozone/hadoop-ozone/integration-test/target/test-dir/MiniOzoneClusterImpl-a4f891ee-a8e1-4ed6-b509-207d494f3db6/datanode-0/data/ratis/d4604e0f-572a-4a89-97eb-45e776b468c9/sm/snapshot.1_0 took: 2 ms
2022-04-24 04:15:39,603 [8e96264f-9eb0-4fa6-9fb0-f6b0892d4633@group-45E776B468C9-StateMachineUpdater] INFO  impl.StateMachineUpdater (StateMachineUpdater.java:takeSnapshot(281)) - 8e96264f-9eb0-4fa6-9fb0-f6b0892d4633@group-45E776B468C9-StateMachineUpdater: Took a snapshot at index 0
2022-04-24 04:15:39,603 [8e96264f-9eb0-4fa6-9fb0-f6b0892d4633@group-45E776B468C9-StateMachineUpdater] INFO  impl.StateMachineUpdater (StateMachineUpdater.java:lambda$new$0(89)) - 8e96264f-9eb0-4fa6-9fb0-f6b0892d4633@group-45E776B468C9-StateMachineUpdater: snapshotIndex: updateIncreasingly -1 -> 0
2022-04-24 04:15:39,604 [ForkJoinPool.commonPool-worker-1] INFO  server.RaftServer$Division (ServerState.java:close(419)) - 8e96264f-9eb0-4fa6-9fb0-f6b0892d4633@group-45E776B468C9: closes. applyIndex: 0
2022-04-24 04:15:39,604 [8e96264f-9eb0-4fa6-9fb0-f6b0892d4633@group-45E776B468C9-SegmentedRaftLogWorker] INFO  segmented.SegmentedRaftLogWorker (SegmentedRaftLogWorker.java:run(327)) - 8e96264f-9eb0-4fa6-9fb0-f6b0892d4633@group-45E776B468C9-SegmentedRaftLogWorker was interrupted, exiting. There are 0 tasks remaining in the queue.
2022-04-24 04:15:39,604 [ForkJoinPool.commonPool-worker-1] INFO  segmented.SegmentedRaftLogWorker (SegmentedRaftLogWorker.java:close(237)) - 8e96264f-9eb0-4fa6-9fb0-f6b0892d4633@group-45E776B468C9-SegmentedRaftLogWorker close()
2022-04-24 04:15:39,605 [ForkJoinPool.commonPool-worker-1] INFO  server.GrpcService (GrpcService.java:closeImpl(262)) - 8e96264f-9eb0-4fa6-9fb0-f6b0892d4633: shutdown server with port 37687 now
2022-04-24 04:15:39,610 [ForkJoinPool.commonPool-worker-1] INFO  server.GrpcService (GrpcService.java:closeImpl(271)) - 8e96264f-9eb0-4fa6-9fb0-f6b0892d4633: shutdown server with port 37687 successfully
2022-04-24 04:15:39,611 [org.apache.ratis.util.JvmPauseMonitor$$Lambda$580/177642409@7a3c4ef0] INFO  util.JvmPauseMonitor (JvmPauseMonitor.java:run(109)) - JvmPauseMonitor-8e96264f-9eb0-4fa6-9fb0-f6b0892d4633: Stopped
2022-04-24 04:15:41,574 [Listener at 127.0.0.1/38503] INFO  utils.BackgroundService (BackgroundService.java:shutdown(132)) - Shutting down service BlockDeletingService
2022-04-24 04:15:41,621 [ForkJoinPool.commonPool-worker-1] INFO  utils.BackgroundService (BackgroundService.java:shutdown(132)) - Shutting down service BlockDeletingService
2022-04-24 04:15:44,579 [Listener at 127.0.0.1/38503] INFO  statemachine.DatanodeStateMachine (DatanodeStateMachine.java:stopDaemon(560)) - Ozone container server stopped.
2022-04-24 04:15:44,580 [Listener at 127.0.0.1/38503] INFO  handler.ContextHandler (ContextHandler.java:doStop(1153)) - Stopped o.e.j.w.WebAppContext@396e2498{hddsDatanode,/,null,STOPPED}{jar:file:/home/runner/.m2/repository/org/apache/ozone/hdds-container-service/1.3.0-SNAPSHOT/hdds-container-service-1.3.0-SNAPSHOT.jar!/webapps/hddsDatanode}
2022-04-24 04:15:44,586 [Listener at 127.0.0.1/38503] INFO  server.AbstractConnector (AbstractConnector.java:doStop(381)) - Stopped ServerConnector@17b1c453{HTTP/1.1, (http/1.1)}{0.0.0.0:0}
2022-04-24 04:15:44,586 [Listener at 127.0.0.1/38503] INFO  server.session (HouseKeeper.java:stopScavenging(149)) - node0 Stopped scavenging
2022-04-24 04:15:44,586 [Listener at 127.0.0.1/38503] INFO  handler.ContextHandler (ContextHandler.java:doStop(1153)) - Stopped o.e.j.s.ServletContextHandler@c3cdf38{static,/static,jar:file:/home/runner/.m2/repository/org/apache/ozone/hdds-container-service/1.3.0-SNAPSHOT/hdds-container-service-1.3.0-SNAPSHOT.jar!/webapps/static,STOPPED}
2022-04-24 04:15:44,586 [Listener at 127.0.0.1/38503] INFO  handler.ContextHandler (ContextHandler.java:doStop(1153)) - Stopped o.e.j.s.ServletContextHandler@29db3f23{logs,/logs,file:///home/runner/work/ozone/ozone/hadoop-ozone/integration-test/target/log,STOPPED}
2022-04-24 04:15:44,624 [ForkJoinPool.commonPool-worker-1] INFO  statemachine.DatanodeStateMachine (DatanodeStateMachine.java:stopDaemon(560)) - Ozone container server stopped.
2022-04-24 04:15:44,628 [ForkJoinPool.commonPool-worker-1] INFO  handler.ContextHandler (ContextHandler.java:doStop(1153)) - Stopped o.e.j.w.WebAppContext@7c7537f6{hddsDatanode,/,null,STOPPED}{jar:file:/home/runner/.m2/repository/org/apache/ozone/hdds-container-service/1.3.0-SNAPSHOT/hdds-container-service-1.3.0-SNAPSHOT.jar!/webapps/hddsDatanode}
2022-04-24 04:15:44,630 [ForkJoinPool.commonPool-worker-1] INFO  server.AbstractConnector (AbstractConnector.java:doStop(381)) - Stopped ServerConnector@41df3497{HTTP/1.1, (http/1.1)}{0.0.0.0:0}
2022-04-24 04:15:44,630 [ForkJoinPool.commonPool-worker-1] INFO  server.session (HouseKeeper.java:stopScavenging(149)) - node0 Stopped scavenging
2022-04-24 04:15:44,638 [ForkJoinPool.commonPool-worker-1] INFO  handler.ContextHandler (ContextHandler.java:doStop(1153)) - Stopped o.e.j.s.ServletContextHandler@ee49f34{static,/static,jar:file:/home/runner/.m2/repository/org/apache/ozone/hdds-container-service/1.3.0-SNAPSHOT/hdds-container-service-1.3.0-SNAPSHOT.jar!/webapps/static,STOPPED}
2022-04-24 04:15:44,639 [ForkJoinPool.commonPool-worker-1] INFO  handler.ContextHandler (ContextHandler.java:doStop(1153)) - Stopped o.e.j.s.ServletContextHandler@5bf54c2c{logs,/logs,file:///home/runner/work/ozone/ozone/hadoop-ozone/integration-test/target/log,STOPPED}
2022-04-24 04:15:49,591 [Listener at 127.0.0.1/38503] INFO  ozoneimpl.OzoneContainer (OzoneContainer.java:stop(356)) - Attempting to stop container services.
2022-04-24 04:15:49,592 [Listener at 127.0.0.1/38503] INFO  server.RaftServer (RaftServerProxy.java:lambda$close$6(391)) - 0c7828af-8fac-44b0-ab7c-baee889924d1: close
2022-04-24 04:15:49,592 [Listener at 127.0.0.1/38503] INFO  server.RaftServer$Division (RaftServerImpl.java:lambda$close$4(412)) - 0c7828af-8fac-44b0-ab7c-baee889924d1@group-59CA3C2C35D0: shutdown
2022-04-24 04:15:49,593 [Listener at 127.0.0.1/38503] INFO  util.JmxRegister (JmxRegister.java:unregister(73)) - Successfully un-registered JMX Bean with object name Ratis:service=RaftServer,group=group-59CA3C2C35D0,id=0c7828af-8fac-44b0-ab7c-baee889924d1
2022-04-24 04:15:49,593 [Listener at 127.0.0.1/38503] INFO  impl.RoleInfo (RoleInfo.java:shutdownLeaderState(91)) - 0c7828af-8fac-44b0-ab7c-baee889924d1: shutdown 0c7828af-8fac-44b0-ab7c-baee889924d1@group-59CA3C2C35D0-LeaderStateImpl
2022-04-24 04:15:49,593 [Listener at 127.0.0.1/38503] INFO  impl.PendingRequests (PendingRequests.java:sendNotLeaderResponses(282)) - 0c7828af-8fac-44b0-ab7c-baee889924d1@group-59CA3C2C35D0-PendingRequests: sendNotLeaderResponses
2022-04-24 04:15:49,598 [0c7828af-8fac-44b0-ab7c-baee889924d1@group-59CA3C2C35D0-StateMachineUpdater] INFO  ratis.ContainerStateMachine (ContainerStateMachine.java:takeSnapshot(304)) - group-59CA3C2C35D0: Taking a snapshot at:(t:1, i:0) file /home/runner/work/ozone/ozone/hadoop-ozone/integration-test/target/test-dir/MiniOzoneClusterImpl-a4f891ee-a8e1-4ed6-b509-207d494f3db6/datanode-3/data/ratis/314585cc-4e9f-4d76-8f8b-59ca3c2c35d0/sm/snapshot.1_0
2022-04-24 04:15:49,598 [Listener at 127.0.0.1/38503] INFO  impl.StateMachineUpdater (StateMachineUpdater.java:stopAndJoin(149)) - 0c7828af-8fac-44b0-ab7c-baee889924d1@group-59CA3C2C35D0-StateMachineUpdater: set stopIndex = 0
2022-04-24 04:15:49,599 [0c7828af-8fac-44b0-ab7c-baee889924d1@group-59CA3C2C35D0-StateMachineUpdater] INFO  ratis.ContainerStateMachine (ContainerStateMachine.java:takeSnapshot(315)) - group-59CA3C2C35D0: Finished taking a snapshot at:(t:1, i:0) file:/home/runner/work/ozone/ozone/hadoop-ozone/integration-test/target/test-dir/MiniOzoneClusterImpl-a4f891ee-a8e1-4ed6-b509-207d494f3db6/datanode-3/data/ratis/314585cc-4e9f-4d76-8f8b-59ca3c2c35d0/sm/snapshot.1_0 took: 2 ms
2022-04-24 04:15:49,599 [0c7828af-8fac-44b0-ab7c-baee889924d1@group-59CA3C2C35D0-StateMachineUpdater] INFO  impl.StateMachineUpdater (StateMachineUpdater.java:takeSnapshot(281)) - 0c7828af-8fac-44b0-ab7c-baee889924d1@group-59CA3C2C35D0-StateMachineUpdater: Took a snapshot at index 0
2022-04-24 04:15:49,599 [0c7828af-8fac-44b0-ab7c-baee889924d1@group-59CA3C2C35D0-StateMachineUpdater] INFO  impl.StateMachineUpdater (StateMachineUpdater.java:lambda$new$0(89)) - 0c7828af-8fac-44b0-ab7c-baee889924d1@group-59CA3C2C35D0-StateMachineUpdater: snapshotIndex: updateIncreasingly -1 -> 0
2022-04-24 04:15:49,600 [Listener at 127.0.0.1/38503] INFO  server.RaftServer$Division (ServerState.java:close(419)) - 0c7828af-8fac-44b0-ab7c-baee889924d1@group-59CA3C2C35D0: closes. applyIndex: 0
2022-04-24 04:15:49,600 [0c7828af-8fac-44b0-ab7c-baee889924d1@group-59CA3C2C35D0-SegmentedRaftLogWorker] INFO  segmented.SegmentedRaftLogWorker (SegmentedRaftLogWorker.java:run(327)) - 0c7828af-8fac-44b0-ab7c-baee889924d1@group-59CA3C2C35D0-SegmentedRaftLogWorker was interrupted, exiting. There are 0 tasks remaining in the queue.
2022-04-24 04:15:49,600 [Listener at 127.0.0.1/38503] INFO  segmented.SegmentedRaftLogWorker (SegmentedRaftLogWorker.java:close(237)) - 0c7828af-8fac-44b0-ab7c-baee889924d1@group-59CA3C2C35D0-SegmentedRaftLogWorker close()
2022-04-24 04:15:49,601 [Listener at 127.0.0.1/38503] INFO  server.GrpcService (GrpcService.java:closeImpl(262)) - 0c7828af-8fac-44b0-ab7c-baee889924d1: shutdown server with port 44817 now
2022-04-24 04:15:49,607 [Listener at 127.0.0.1/38503] INFO  server.GrpcService (GrpcService.java:closeImpl(271)) - 0c7828af-8fac-44b0-ab7c-baee889924d1: shutdown server with port 44817 successfully
2022-04-24 04:15:49,607 [org.apache.ratis.util.JvmPauseMonitor$$Lambda$580/177642409@6c76ba68] INFO  util.JvmPauseMonitor (JvmPauseMonitor.java:run(109)) - JvmPauseMonitor-0c7828af-8fac-44b0-ab7c-baee889924d1: Stopped
2022-04-24 04:15:51,618 [Listener at 127.0.0.1/38503] INFO  utils.BackgroundService (BackgroundService.java:shutdown(132)) - Shutting down service BlockDeletingService
2022-04-24 04:15:54,621 [Listener at 127.0.0.1/38503] INFO  statemachine.DatanodeStateMachine (DatanodeStateMachine.java:stopDaemon(560)) - Ozone container server stopped.
2022-04-24 04:15:54,622 [Listener at 127.0.0.1/38503] INFO  handler.ContextHandler (ContextHandler.java:doStop(1153)) - Stopped o.e.j.w.WebAppContext@cf91dc2{hddsDatanode,/,null,STOPPED}{jar:file:/home/runner/.m2/repository/org/apache/ozone/hdds-container-service/1.3.0-SNAPSHOT/hdds-container-service-1.3.0-SNAPSHOT.jar!/webapps/hddsDatanode}
2022-04-24 04:15:54,624 [Listener at 127.0.0.1/38503] INFO  server.AbstractConnector (AbstractConnector.java:doStop(381)) - Stopped ServerConnector@6d4d4108{HTTP/1.1, (http/1.1)}{0.0.0.0:0}
2022-04-24 04:15:54,624 [Listener at 127.0.0.1/38503] INFO  server.session (HouseKeeper.java:stopScavenging(149)) - node0 Stopped scavenging
2022-04-24 04:15:54,624 [Listener at 127.0.0.1/38503] INFO  handler.ContextHandler (ContextHandler.java:doStop(1153)) - Stopped o.e.j.s.ServletContextHandler@14ccd97f{static,/static,jar:file:/home/runner/.m2/repository/org/apache/ozone/hdds-container-service/1.3.0-SNAPSHOT/hdds-container-service-1.3.0-SNAPSHOT.jar!/webapps/static,STOPPED}
2022-04-24 04:15:54,624 [Listener at 127.0.0.1/38503] INFO  handler.ContextHandler (ContextHandler.java:doStop(1153)) - Stopped o.e.j.s.ServletContextHandler@62cf74f3{logs,/logs,file:///home/runner/work/ozone/ozone/hadoop-ozone/integration-test/target/log,STOPPED}
2022-04-24 04:15:54,631 [Listener at 127.0.0.1/38503] INFO  ozone.MiniOzoneClusterImpl (MiniOzoneClusterImpl.java:stopSCM(545)) - Stopping the StorageContainerManager
2022-04-24 04:15:54,631 [Listener at 127.0.0.1/38503] INFO  server.StorageContainerManager (StorageContainerManager.java:stop(1415)) - Stopping Container Balancer service.
2022-04-24 04:15:54,631 [Listener at 127.0.0.1/38503] INFO  balancer.ContainerBalancer (ContainerBalancer.java:stopBalancer(916)) - Container Balancer is not running.
2022-04-24 04:15:54,631 [Listener at 127.0.0.1/38503] INFO  server.StorageContainerManager (StorageContainerManager.java:stop(1422)) - Stopping Replication Manager Service.
2022-04-24 04:15:54,631 [Listener at 127.0.0.1/38503] INFO  container.ReplicationManager (ReplicationManager.java:stop(357)) - Stopping Replication Monitor Thread.
2022-04-24 04:15:54,632 [Listener at 127.0.0.1/38503] INFO  server.StorageContainerManager (StorageContainerManager.java:stop(1429)) - Stopping the Datanode Admin Monitor.
2022-04-24 04:15:54,632 [Listener at 127.0.0.1/38503] INFO  server.StorageContainerManager (StorageContainerManager.java:stop(1436)) - Stopping Lease Manager of the command watchers
2022-04-24 04:15:54,632 [Listener at 127.0.0.1/38503] INFO  server.StorageContainerManager (StorageContainerManager.java:stop(1443)) - Stopping datanode service RPC server
2022-04-24 04:15:54,633 [Listener at 127.0.0.1/38503] INFO  server.SCMDatanodeProtocolServer (SCMDatanodeProtocolServer.java:stop(400)) - Stopping the RPC server for DataNodes
2022-04-24 04:15:54,633 [Listener at 127.0.0.1/38503] INFO  ipc.Server (Server.java:stop(3414)) - Stopping server on 41217
2022-04-24 04:15:54,639 [IPC Server listener on 0] INFO  ipc.Server (Server.java:run(1376)) - Stopping IPC Server listener on 0
2022-04-24 04:15:54,639 [IPC Server Responder] INFO  ipc.Server (Server.java:run(1512)) - Stopping IPC Server Responder
2022-04-24 04:15:54,648 [SCM Heartbeat Processing Thread - 0] WARN  node.NodeStateManager (NodeStateManager.java:scheduleNextHealthCheck(815)) - Current Thread is interrupted, shutting down HB processing thread for Node Manager.
2022-04-24 04:15:54,648 [Listener at 127.0.0.1/38503] INFO  server.StorageContainerManager (StorageContainerManager.java:stop(1451)) - Stopping block service RPC server
2022-04-24 04:15:54,648 [Listener at 127.0.0.1/38503] INFO  server.SCMBlockProtocolServer (SCMBlockProtocolServer.java:stop(160)) - Stopping the RPC server for Block Protocol
2022-04-24 04:15:54,648 [Listener at 127.0.0.1/38503] INFO  ipc.Server (Server.java:stop(3414)) - Stopping server on 33293
2022-04-24 04:15:54,651 [Listener at 127.0.0.1/38503] INFO  server.StorageContainerManager (StorageContainerManager.java:stop(1458)) - Stopping the StorageContainerLocationProtocol RPC server
2022-04-24 04:15:54,652 [Listener at 127.0.0.1/38503] INFO  server.SCMClientProtocolServer (SCMClientProtocolServer.java:stop(178)) - Stopping the RPC server for Client Protocol
2022-04-24 04:15:54,652 [Listener at 127.0.0.1/38503] INFO  ipc.Server (Server.java:stop(3414)) - Stopping server on 39293
2022-04-24 04:15:54,652 [IPC Server Responder] INFO  ipc.Server (Server.java:run(1512)) - Stopping IPC Server Responder
2022-04-24 04:15:54,653 [IPC Server listener on 0] INFO  ipc.Server (Server.java:run(1376)) - Stopping IPC Server listener on 0
2022-04-24 04:15:54,658 [IPC Server listener on 0] INFO  ipc.Server (Server.java:run(1376)) - Stopping IPC Server listener on 0
2022-04-24 04:15:54,658 [Listener at 127.0.0.1/38503] INFO  server.StorageContainerManager (StorageContainerManager.java:stop(1465)) - Stopping Storage Container Manager HTTP server.
2022-04-24 04:15:54,658 [IPC Server Responder] INFO  ipc.Server (Server.java:run(1512)) - Stopping IPC Server Responder
2022-04-24 04:15:54,659 [Listener at 127.0.0.1/38503] INFO  handler.ContextHandler (ContextHandler.java:doStop(1153)) - Stopped o.e.j.w.WebAppContext@270be080{scm,/,null,STOPPED}{file:/home/runner/work/ozone/ozone/hadoop-ozone/integration-test/target/test-classes/webapps/scm}
2022-04-24 04:15:54,659 [Listener at 127.0.0.1/38503] INFO  server.AbstractConnector (AbstractConnector.java:doStop(381)) - Stopped ServerConnector@25a2f432{HTTP/1.1, (http/1.1)}{0.0.0.0:0}
2022-04-24 04:15:54,659 [Listener at 127.0.0.1/38503] INFO  server.session (HouseKeeper.java:stopScavenging(149)) - node0 Stopped scavenging
2022-04-24 04:15:54,660 [Listener at 127.0.0.1/38503] INFO  handler.ContextHandler (ContextHandler.java:doStop(1153)) - Stopped o.e.j.s.ServletContextHandler@5464aeec{static,/static,file:///home/runner/work/ozone/ozone/hadoop-ozone/integration-test/target/test-classes/webapps/static,STOPPED}
2022-04-24 04:15:54,660 [Listener at 127.0.0.1/38503] INFO  handler.ContextHandler (ContextHandler.java:doStop(1153)) - Stopped o.e.j.s.ServletContextHandler@14983265{logs,/logs,file:///home/runner/work/ozone/ozone/hadoop-ozone/integration-test/target/log,STOPPED}
2022-04-24 04:15:54,661 [Listener at 127.0.0.1/38503] INFO  server.StorageContainerManager (StorageContainerManager.java:stop(1476)) - Stopping Block Manager Service.
2022-04-24 04:15:54,661 [Listener at 127.0.0.1/38503] INFO  utils.BackgroundService (BackgroundService.java:shutdown(132)) - Shutting down service SCMBlockDeletingService
2022-04-24 04:15:54,661 [Listener at 127.0.0.1/38503] INFO  utils.BackgroundService (BackgroundService.java:shutdown(132)) - Shutting down service SCMBlockDeletingService
2022-04-24 04:15:54,661 [Listener at 127.0.0.1/38503] INFO  server.StorageContainerManager (StorageContainerManager.java:stop(1503)) - Stopping SCM Event Queue.
2022-04-24 04:15:54,669 [Listener at 127.0.0.1/38503] INFO  server.StorageContainerManager (StorageContainerManager.java:stop(1514)) - Stopping SCM HA services.
2022-04-24 04:15:54,669 [Listener at 127.0.0.1/38503] INFO  pipeline.BackgroundPipelineCreator (BackgroundPipelineCreator.java:stop(154)) - Stopping RatisPipelineUtilsThread.
2022-04-24 04:15:54,671 [Listener at 127.0.0.1/38503] INFO  server.StorageContainerManager (StorageContainerManager.java:stop(1524)) - Stopping SCM MetadataStore.
2022-04-24 04:15:54,672 [Listener at 127.0.0.1/38503] INFO  impl.MetricsSystemImpl (MetricsSystemImpl.java:stop(210)) - Stopping XceiverClientMetrics metrics system...
2022-04-24 04:15:54,712 [prometheus] INFO  impl.MetricsSinkAdapter (MetricsSinkAdapter.java:publishMetricsFromQueue(141)) - prometheus thread interrupted.
2022-04-24 04:15:54,712 [Listener at 127.0.0.1/38503] INFO  impl.MetricsSystemImpl (MetricsSystemImpl.java:stop(216)) - XceiverClientMetrics metrics system stopped.
2022-04-24 04:15:54,884 [Listener at 127.0.0.1/38503] WARN  server.ServerUtils (ServerUtils.java:getScmDbDir(148)) - ozone.scm.db.dirs is not configured. We recommend adding this setting. Falling back to ozone.metadata.dirs instead.
2022-04-24 04:15:54,904 [Listener at 127.0.0.1/38503] INFO  ha.SCMHANodeDetails (SCMHANodeDetails.java:loadSCMHAConfig(157)) - ServiceID for StorageContainerManager is null
2022-04-24 04:15:54,905 [Listener at 127.0.0.1/38503] INFO  ha.SCMHANodeDetails (SCMHANodeDetails.java:loadSCMHAConfig(162)) - ozone.scm.default.service.id is not defined, falling back to ozone.scm.service.ids to find serviceID for StorageContainerManager if it is HA enabled cluster
2022-04-24 04:15:54,906 [Listener at 127.0.0.1/38503] WARN  server.ServerUtils (ServerUtils.java:getScmDbDir(148)) - ozone.scm.db.dirs is not configured. We recommend adding this setting. Falling back to ozone.metadata.dirs instead.
2022-04-24 04:15:54,906 [Listener at 127.0.0.1/38503] INFO  upgrade.AbstractLayoutVersionManager (AbstractLayoutVersionManager.java:init(79)) - Initializing Layout version manager with metadata layout = ERASURE_CODED_STORAGE_SUPPORT (version = 3), software layout = ERASURE_CODED_STORAGE_SUPPORT (version = 3)
2022-04-24 04:15:55,015 [Listener at 127.0.0.1/38503] INFO  reflections.Reflections (Reflections.java:scan(232)) - Reflections took 93 ms to scan 7 urls, producing 126 keys and 287 values 
2022-04-24 04:15:55,016 [Listener at 127.0.0.1/38503] WARN  utils.HAUtils (HAUtils.java:getMetaDir(342)) - ozone.scm.db.dirs is not configured. We recommend adding this setting. Falling back to ozone.metadata.dirs instead.
2022-04-24 04:15:55,018 [Listener at 127.0.0.1/38503] WARN  db.DBStoreBuilder (DBStoreBuilder.java:applyDBDefinition(145)) - ozone.scm.db.dirs is not configured. We recommend adding this setting. Falling back to ozone.metadata.dirs instead.
2022-04-24 04:15:55,208 [Listener at 127.0.0.1/38503] INFO  net.NodeSchemaLoader (NodeSchemaLoader.java:loadSchemaFromFile(129)) - Loading schema from [jar:file:/home/runner/.m2/repository/org/apache/ozone/hdds-common/1.3.0-SNAPSHOT/hdds-common-1.3.0-SNAPSHOT.jar!/network-topology-default.xml]
2022-04-24 04:15:55,209 [Listener at 127.0.0.1/38503] INFO  net.NodeSchemaLoader (NodeSchemaLoader.java:loadSchema(176)) - Loading network topology layer schema file
2022-04-24 04:15:55,213 [Listener at 127.0.0.1/38503] INFO  ha.SequenceIdGenerator (SequenceIdGenerator.java:upgradeToSequenceId(347)) - upgrade localId to 109611004723200000
2022-04-24 04:15:55,213 [Listener at 127.0.0.1/38503] INFO  ha.SequenceIdGenerator (SequenceIdGenerator.java:upgradeToSequenceId(357)) - upgrade delTxnId to 0
2022-04-24 04:15:55,222 [Listener at 127.0.0.1/38503] INFO  ha.SequenceIdGenerator (SequenceIdGenerator.java:upgradeToSequenceId(371)) - upgrade containerId to 0
2022-04-24 04:15:55,222 [Listener at 127.0.0.1/38503] INFO  ha.SequenceIdGenerator (SequenceIdGenerator.java:<init>(218)) - Init the HA SequenceIdGenerator.
2022-04-24 04:15:55,223 [Listener at 127.0.0.1/38503] WARN  server.ServerUtils (ServerUtils.java:sanitizeUserArgs(73)) - ozone.scm.stale.node.interval value = 300000 is larger than max = 100000 based on the key value of ozone.scm.heartbeat.thread.interval, reset to the max value 100000.
2022-04-24 04:15:55,223 [Listener at 127.0.0.1/38503] WARN  server.ServerUtils (ServerUtils.java:sanitizeUserArgs(73)) - ozone.scm.stale.node.interval value = 300000 is larger than max = 100000 based on the key value of ozone.scm.heartbeat.thread.interval, reset to the max value 100000.
2022-04-24 04:15:55,223 [Listener at 127.0.0.1/38503] INFO  node.SCMNodeManager (SCMNodeManager.java:<init>(146)) - Entering startup safe mode.
2022-04-24 04:15:55,224 [Listener at 127.0.0.1/38503] INFO  algorithms.ContainerPlacementPolicyFactory (ContainerPlacementPolicyFactory.java:getPolicyInternal(86)) - Create container placement policy of type org.apache.hadoop.hdds.scm.container.placement.algorithms.SCMContainerPlacementRandom
2022-04-24 04:15:55,224 [Listener at 127.0.0.1/38503] INFO  pipeline.PipelineStateManagerImpl (PipelineStateManagerImpl.java:initialize(78)) - No pipeline exists in current db
2022-04-24 04:15:55,224 [Listener at 127.0.0.1/38503] INFO  algorithms.LeaderChoosePolicyFactory (LeaderChoosePolicyFactory.java:getPolicy(57)) - Create leader choose policy of type org.apache.hadoop.hdds.scm.pipeline.leader.choose.algorithms.MinLeaderCountChoosePolicy
2022-04-24 04:15:55,225 [Listener at 127.0.0.1/38503] INFO  algorithms.ContainerPlacementPolicyFactory (ContainerPlacementPolicyFactory.java:getPolicyInternal(86)) - Create container placement policy of type org.apache.hadoop.hdds.scm.container.placement.algorithms.SCMContainerPlacementRackScatter
2022-04-24 04:15:55,225 [Listener at 127.0.0.1/38503] INFO  ha.SCMServiceManager (SCMServiceManager.java:register(42)) - Registering service BackgroundPipelineCreator.
2022-04-24 04:15:55,225 [Listener at 127.0.0.1/38503] INFO  pipeline.BackgroundPipelineCreator (BackgroundPipelineCreator.java:start(129)) - Starting RatisPipelineUtilsThread.
2022-04-24 04:15:55,227 [Listener at 127.0.0.1/38503] INFO  algorithms.PipelineChoosePolicyFactory (PipelineChoosePolicyFactory.java:createPipelineChoosePolicyFromClass(73)) - Create pipeline choose policy of type org.apache.hadoop.hdds.scm.pipeline.choose.algorithms.RandomPipelineChoosePolicy
2022-04-24 04:15:55,228 [Listener at 127.0.0.1/38503] INFO  ha.SCMServiceManager (SCMServiceManager.java:register(42)) - Registering service SCMBlockDeletingService.
2022-04-24 04:15:55,228 [Listener at 127.0.0.1/38503] INFO  ha.SCMServiceManager (SCMServiceManager.java:register(42)) - Registering service ReplicationManager.
2022-04-24 04:15:55,228 [Listener at 127.0.0.1/38503] INFO  container.ReplicationManager (ReplicationManager.java:start(326)) - Starting Replication Monitor Thread.
2022-04-24 04:15:55,236 [Listener at 127.0.0.1/38503] INFO  safemode.ContainerSafeModeRule (ContainerSafeModeRule.java:<init>(89)) - containers with one replica threshold count 0
2022-04-24 04:15:55,237 [Listener at 127.0.0.1/38503] INFO  safemode.HealthyPipelineSafeModeRule (HealthyPipelineSafeModeRule.java:initializeRule(156)) - Total pipeline count is 0, healthy pipeline threshold count is 1
2022-04-24 04:15:55,237 [Listener at 127.0.0.1/38503] INFO  safemode.OneReplicaPipelineSafeModeRule (OneReplicaPipelineSafeModeRule.java:initializeRule(180)) - Total pipeline count is 0, pipeline's with at least one datanode reported threshold count is 0
2022-04-24 04:15:55,251 [Listener at 127.0.0.1/38503] INFO  ipc.CallQueueManager (CallQueueManager.java:<init>(90)) - Using callQueue: class java.util.concurrent.LinkedBlockingQueue, queueCapacity: 2000, scheduler: class org.apache.hadoop.ipc.DefaultRpcScheduler, ipcBackoff: false.
2022-04-24 04:15:55,258 [Socket Reader #1 for port 0] INFO  ipc.Server (Server.java:run(1265)) - Starting Socket Reader #1 for port 0
2022-04-24 04:15:55,260 [Listener at 0.0.0.0/38325] INFO  ipc.CallQueueManager (CallQueueManager.java:<init>(90)) - Using callQueue: class java.util.concurrent.LinkedBlockingQueue, queueCapacity: 2000, scheduler: class org.apache.hadoop.ipc.DefaultRpcScheduler, ipcBackoff: false.
2022-04-24 04:15:55,262 [ReplicationMonitor] INFO  container.ReplicationManager (ReplicationManager.java:processAll(374)) - Replication Manager is not ready to run until 3000ms after safemode exit
2022-04-24 04:15:55,269 [Socket Reader #1 for port 0] INFO  ipc.Server (Server.java:run(1265)) - Starting Socket Reader #1 for port 0
2022-04-24 04:15:55,272 [Listener at 0.0.0.0/39111] INFO  ipc.CallQueueManager (CallQueueManager.java:<init>(90)) - Using callQueue: class java.util.concurrent.LinkedBlockingQueue, queueCapacity: 2000, scheduler: class org.apache.hadoop.ipc.DefaultRpcScheduler, ipcBackoff: false.
2022-04-24 04:15:55,297 [Socket Reader #1 for port 0] INFO  ipc.Server (Server.java:run(1265)) - Starting Socket Reader #1 for port 0
2022-04-24 04:15:55,358 [Listener at 0.0.0.0/40267] INFO  server.StorageContainerManager (StorageContainerManager.java:<init>(390)) - 
Container Balancer status:
Key                            Value
Running                        false
Container Balancer Configuration values:
Key                                                Value
Threshold                                          10
Max Datanodes to Involve per Iteration(percent)    20
Max Size to Move per Iteration                     500GB
Max Size Entering Target per Iteration             26GB
Max Size Leaving Source per Iteration              26GB

2022-04-24 04:15:55,358 [Listener at 0.0.0.0/40267] WARN  events.EventQueue (EventQueue.java:fireEvent(194)) - No event handler registered for event TypedEvent{payloadType=SafeModeStatus, name='Safe mode status'}
2022-04-24 04:15:55,358 [Listener at 0.0.0.0/40267] INFO  ha.SCMContext (SCMContext.java:updateSafeModeStatus(211)) - Update SafeModeStatus from SafeModeStatus{safeModeStatus=true, preCheckPassed=false} to SafeModeStatus{safeModeStatus=true, preCheckPassed=false}.
2022-04-24 04:15:55,359 [Listener at 0.0.0.0/40267] INFO  server.StorageContainerManager (StorageContainerManager.java:start(1328)) - StorageContainerLocationProtocol RPC server is listening at /0.0.0.0:40267
2022-04-24 04:15:55,370 [Listener at 0.0.0.0/40267] WARN  impl.MetricsConfig (MetricsConfig.java:loadFirst(136)) - Cannot locate configuration: tried hadoop-metrics2-storagecontainermanager.properties,hadoop-metrics2.properties
2022-04-24 04:15:55,383 [Listener at 0.0.0.0/40267] INFO  impl.MetricsSystemImpl (MetricsSystemImpl.java:startTimer(378)) - Scheduled Metric snapshot period at 10 second(s).
2022-04-24 04:15:55,383 [Listener at 0.0.0.0/40267] INFO  impl.MetricsSystemImpl (MetricsSystemImpl.java:start(191)) - StorageContainerManager metrics system started
2022-04-24 04:15:55,441 [Listener at 0.0.0.0/40267] INFO  impl.MetricsSinkAdapter (MetricsSinkAdapter.java:start(204)) - Sink prometheus started
2022-04-24 04:15:55,446 [Listener at 0.0.0.0/40267] INFO  impl.MetricsSystemImpl (MetricsSystemImpl.java:registerSink(305)) - Registered sink prometheus
2022-04-24 04:15:55,476 [Listener at 0.0.0.0/40267] INFO  server.SCMClientProtocolServer (SCMClientProtocolServer.java:start(169)) - RPC server for Client  is listening at /0.0.0.0:40267
2022-04-24 04:15:55,485 [IPC Server Responder] INFO  ipc.Server (Server.java:run(1507)) - IPC Server Responder: starting
2022-04-24 04:15:55,491 [Listener at 0.0.0.0/40267] INFO  server.StorageContainerManager (StorageContainerManager.java:start(1343)) - ScmBlockLocationProtocol RPC server is listening at /0.0.0.0:39111
2022-04-24 04:15:55,485 [IPC Server listener on 0] INFO  ipc.Server (Server.java:run(1344)) - IPC Server listener on 0: starting
2022-04-24 04:15:55,492 [Listener at 0.0.0.0/40267] INFO  server.SCMBlockProtocolServer (SCMBlockProtocolServer.java:start(151)) - RPC server for Block Protocol is listening at /0.0.0.0:39111
2022-04-24 04:15:55,497 [IPC Server Responder] INFO  ipc.Server (Server.java:run(1507)) - IPC Server Responder: starting
2022-04-24 04:15:55,498 [IPC Server listener on 0] INFO  ipc.Server (Server.java:run(1344)) - IPC Server listener on 0: starting
2022-04-24 04:15:55,500 [Listener at 0.0.0.0/40267] INFO  server.SCMDatanodeProtocolServer (SCMDatanodeProtocolServer.java:start(183)) - ScmDatanodeProtocol RPC server for DataNodes is listening at /0.0.0.0:38325
2022-04-24 04:15:55,501 [IPC Server Responder] INFO  ipc.Server (Server.java:run(1507)) - IPC Server Responder: starting
2022-04-24 04:15:55,501 [IPC Server listener on 0] INFO  ipc.Server (Server.java:run(1344)) - IPC Server listener on 0: starting
2022-04-24 04:15:55,524 [Listener at 0.0.0.0/40267] INFO  http.BaseHttpServer (BaseHttpServer.java:newHttpServer2BuilderForOzone(209)) - Starting Web-server for scm at: http://0.0.0.0:0
2022-04-24 04:15:55,524 [Listener at 0.0.0.0/40267] INFO  http.BaseHttpServer (BaseHttpServer.java:<init>(107)) - Hadoop Security Enabled: false Ozone Security Enabled: false Ozone HTTP Security Enabled: false 
2022-04-24 04:15:55,527 [Listener at 0.0.0.0/40267] INFO  server.AuthenticationFilter (AuthenticationFilter.java:constructSecretProvider(240)) - Unable to initialize FileSignerSecretProvider, falling back to use random secrets.
2022-04-24 04:15:55,529 [Listener at 0.0.0.0/40267] WARN  http.HttpRequestLog (HttpRequestLog.java:getRequestLog(103)) - Jetty request log can only be enabled using Log4j
2022-04-24 04:15:55,530 [Listener at 0.0.0.0/40267] INFO  http.HttpServer2 (HttpServer2.java:addGlobalFilter(1030)) - Added global filter 'safety' (class=org.apache.hadoop.hdds.server.http.HttpServer2$QuotingInputFilter)
2022-04-24 04:15:55,531 [Listener at 0.0.0.0/40267] INFO  http.HttpServer2 (HttpServer2.java:addFilter(1006)) - Added filter static_user_filter (class=org.apache.hadoop.http.lib.StaticUserWebFilter$StaticUserFilter) to context scm
2022-04-24 04:15:55,531 [Listener at 0.0.0.0/40267] INFO  http.HttpServer2 (HttpServer2.java:addFilter(1014)) - Added filter static_user_filter (class=org.apache.hadoop.http.lib.StaticUserWebFilter$StaticUserFilter) to context static
2022-04-24 04:15:55,531 [Listener at 0.0.0.0/40267] INFO  http.HttpServer2 (HttpServer2.java:addFilter(1014)) - Added filter static_user_filter (class=org.apache.hadoop.http.lib.StaticUserWebFilter$StaticUserFilter) to context logs
2022-04-24 04:15:55,532 [Listener at 0.0.0.0/40267] INFO  http.HttpServer2 (HttpServer2.java:bindListener(1249)) - Jetty bound to port 37721
2022-04-24 04:15:55,532 [Listener at 0.0.0.0/40267] INFO  server.Server (Server.java:doStart(375)) - jetty-9.4.43.v20210629; built: 2021-06-30T11:07:22.254Z; git: 526006ecfa3af7f1a27ef3a288e2bef7ea9dd7e8; jvm 1.8.0_322-b06
2022-04-24 04:15:55,536 [Listener at 0.0.0.0/40267] INFO  server.session (DefaultSessionIdManager.java:doStart(334)) - DefaultSessionIdManager workerName=node0
2022-04-24 04:15:55,536 [Listener at 0.0.0.0/40267] INFO  server.session (DefaultSessionIdManager.java:doStart(339)) - No SessionScavenger set, using defaults
2022-04-24 04:15:55,536 [Listener at 0.0.0.0/40267] INFO  server.session (HouseKeeper.java:startScavenging(132)) - node0 Scavenging every 660000ms
2022-04-24 04:15:55,537 [Listener at 0.0.0.0/40267] INFO  handler.ContextHandler (ContextHandler.java:doStart(915)) - Started o.e.j.s.ServletContextHandler@4cb9fc4a{logs,/logs,file:///home/runner/work/ozone/ozone/hadoop-ozone/integration-test/target/log,AVAILABLE}
2022-04-24 04:15:55,538 [Listener at 0.0.0.0/40267] INFO  handler.ContextHandler (ContextHandler.java:doStart(915)) - Started o.e.j.s.ServletContextHandler@1dfbf67a{static,/static,file:///home/runner/work/ozone/ozone/hadoop-ozone/integration-test/target/test-classes/webapps/static,AVAILABLE}
2022-04-24 04:15:55,541 [Listener at 0.0.0.0/40267] INFO  handler.ContextHandler (ContextHandler.java:doStart(915)) - Started o.e.j.w.WebAppContext@5e8f17a5{scm,/,file:///home/runner/work/ozone/ozone/hadoop-ozone/integration-test/target/test-classes/webapps/scm/,AVAILABLE}{file:/home/runner/work/ozone/ozone/hadoop-ozone/integration-test/target/test-classes/webapps/scm}
2022-04-24 04:15:55,541 [org.apache.hadoop.util.JvmPauseMonitor$Monitor@1d5e1982] INFO  util.JvmPauseMonitor (JvmPauseMonitor.java:run(188)) - Starting JVM pause monitor
2022-04-24 04:15:55,566 [Listener at 0.0.0.0/40267] INFO  server.AbstractConnector (AbstractConnector.java:doStart(331)) - Started ServerConnector@69f4cf0{HTTP/1.1, (http/1.1)}{0.0.0.0:37721}
2022-04-24 04:15:55,566 [Listener at 0.0.0.0/40267] INFO  server.Server (Server.java:doStart(415)) - Started @72618ms
2022-04-24 04:15:55,567 [Listener at 0.0.0.0/40267] WARN  impl.MetricsSystemImpl (MetricsSystemImpl.java:register(279)) - Sink prometheus already exists!
2022-04-24 04:15:55,569 [Listener at 0.0.0.0/40267] INFO  http.BaseHttpServer (BaseHttpServer.java:updateConnectorAddress(329)) - HTTP server of scm listening at http://0.0.0.0:37721
2022-04-24 04:15:55,570 [Listener at 0.0.0.0/40267] WARN  server.ServerUtils (ServerUtils.java:getDBPath(225)) - ozone.om.db.dirs is not configured. We recommend adding this setting. Falling back to ozone.metadata.dirs instead.
2022-04-24 04:15:55,572 [Listener at 0.0.0.0/40267] INFO  ha.OMHANodeDetails (OMHANodeDetails.java:loadOMHAConfig(112)) - ozone.om.internal.service.id is not defined, falling back to ozone.om.service.ids to find serviceID for OzoneManager if it is HA enabled cluster
2022-04-24 04:15:55,573 [Listener at 0.0.0.0/40267] INFO  ha.OMHANodeDetails (OMHANodeDetails.java:loadOMHAConfig(218)) - Configuration does not have ozone.om.address set. Falling back to the default OM address /127.0.0.1:0
2022-04-24 04:15:55,573 [Listener at 0.0.0.0/40267] INFO  ha.OMHANodeDetails (OMHANodeDetails.java:getOMNodeDetailsForNonHA(246)) - OM Service ID is not set. Setting it to the default ID: omServiceIdDefault
2022-04-24 04:15:55,573 [Listener at 0.0.0.0/40267] INFO  ha.OMHANodeDetails (OMHANodeDetails.java:getOMNodeDetailsForNonHA(253)) - OM Node ID is not set. Setting it to the default ID: om1
2022-04-24 04:15:55,573 [Listener at 0.0.0.0/40267] WARN  server.ServerUtils (ServerUtils.java:getDBPath(225)) - ozone.om.db.dirs is not configured. We recommend adding this setting. Falling back to ozone.metadata.dirs instead.
2022-04-24 04:15:55,574 [Listener at 0.0.0.0/40267] INFO  upgrade.AbstractLayoutVersionManager (AbstractLayoutVersionManager.java:init(79)) - Initializing Layout version manager with metadata layout = ERASURE_CODED_STORAGE_SUPPORT (version = 1), software layout = ERASURE_CODED_STORAGE_SUPPORT (version = 1)
2022-04-24 04:15:55,709 [Listener at 0.0.0.0/40267] INFO  reflections.Reflections (Reflections.java:scan(232)) - Reflections took 134 ms to scan 2 urls, producing 142 keys and 367 values [using 2 cores]
2022-04-24 04:15:55,710 [Listener at 0.0.0.0/40267] INFO  upgrade.OMLayoutVersionManager (OMLayoutVersionManager.java:lambda$0(115)) - Skipping Upgrade Action MockOmUpgradeAction since it has been finalized.
2022-04-24 04:15:55,710 [Listener at 0.0.0.0/40267] WARN  server.ServerUtils (ServerUtils.java:getDBPath(225)) - ozone.om.db.dirs is not configured. We recommend adding this setting. Falling back to ozone.metadata.dirs instead.
2022-04-24 04:15:55,747 [Listener at 0.0.0.0/40267] WARN  server.ServerUtils (ServerUtils.java:getDBPath(225)) - ozone.om.db.dirs is not configured. We recommend adding this setting. Falling back to ozone.metadata.dirs instead.
2022-04-24 04:15:55,748 [Listener at 0.0.0.0/40267] INFO  codec.OmKeyInfoCodec (OmKeyInfoCodec.java:<init>(49)) - OmKeyInfoCodec ignorePipeline = true
2022-04-24 04:15:55,748 [Listener at 0.0.0.0/40267] INFO  codec.RepeatedOmKeyInfoCodec (RepeatedOmKeyInfoCodec.java:<init>(41)) - RepeatedOmKeyInfoCodec ignorePipeline = true
2022-04-24 04:15:56,093 [Listener at 0.0.0.0/40267] INFO  om.OzoneManager (OzoneManager.java:addS3GVolumeToDB(3770)) - Created Volume s3v With Owner runner required for S3Gateway operations.
2022-04-24 04:15:56,952 [Listener at 0.0.0.0/40267] INFO  reflections.Reflections (Reflections.java:scan(232)) - Reflections took 846 ms to scan 18 urls, producing 61 keys and 3647 values [using 2 cores]
2022-04-24 04:15:56,953 [Listener at 0.0.0.0/40267] INFO  ipc.CallQueueManager (CallQueueManager.java:<init>(90)) - Using callQueue: class java.util.concurrent.LinkedBlockingQueue, queueCapacity: 2000, scheduler: class org.apache.hadoop.ipc.DefaultRpcScheduler, ipcBackoff: false.
2022-04-24 04:15:56,962 [Socket Reader #1 for port 0] INFO  ipc.Server (Server.java:run(1265)) - Starting Socket Reader #1 for port 0
2022-04-24 04:15:57,015 [Listener at 127.0.0.1/40137] INFO  impl.MetricsSystemImpl (MetricsSystemImpl.java:init(158)) - OzoneManager metrics system started (again)
2022-04-24 04:15:57,044 [Listener at 127.0.0.1/40137] INFO  om.OzoneManager (OzoneManager.java:start(1367)) - OzoneManager RPC server is listening at localhost/127.0.0.1:40137
2022-04-24 04:15:57,044 [Listener at 127.0.0.1/40137] INFO  om.OzoneManager (OzoneManager.java:start(1383)) - Version File has different layout version (1) than OM DB (null). That is expected if this OM has never been finalized to a newer layout version.
2022-04-24 04:15:57,081 [Listener at 127.0.0.1/40137] INFO  http.BaseHttpServer (BaseHttpServer.java:newHttpServer2BuilderForOzone(209)) - Starting Web-server for ozoneManager at: http://0.0.0.0:0
2022-04-24 04:15:57,082 [Listener at 127.0.0.1/40137] INFO  http.BaseHttpServer (BaseHttpServer.java:<init>(107)) - Hadoop Security Enabled: false Ozone Security Enabled: false Ozone HTTP Security Enabled: false 
2022-04-24 04:15:57,083 [Listener at 127.0.0.1/40137] INFO  server.AuthenticationFilter (AuthenticationFilter.java:constructSecretProvider(240)) - Unable to initialize FileSignerSecretProvider, falling back to use random secrets.
2022-04-24 04:15:57,087 [Listener at 127.0.0.1/40137] WARN  http.HttpRequestLog (HttpRequestLog.java:getRequestLog(103)) - Jetty request log can only be enabled using Log4j
2022-04-24 04:15:57,088 [Listener at 127.0.0.1/40137] INFO  http.HttpServer2 (HttpServer2.java:addGlobalFilter(1030)) - Added global filter 'safety' (class=org.apache.hadoop.hdds.server.http.HttpServer2$QuotingInputFilter)
2022-04-24 04:15:57,089 [Listener at 127.0.0.1/40137] INFO  http.HttpServer2 (HttpServer2.java:addFilter(1006)) - Added filter static_user_filter (class=org.apache.hadoop.http.lib.StaticUserWebFilter$StaticUserFilter) to context ozoneManager
2022-04-24 04:15:57,090 [Listener at 127.0.0.1/40137] INFO  http.HttpServer2 (HttpServer2.java:addFilter(1014)) - Added filter static_user_filter (class=org.apache.hadoop.http.lib.StaticUserWebFilter$StaticUserFilter) to context logs
2022-04-24 04:15:57,090 [Listener at 127.0.0.1/40137] INFO  http.HttpServer2 (HttpServer2.java:addFilter(1014)) - Added filter static_user_filter (class=org.apache.hadoop.http.lib.StaticUserWebFilter$StaticUserFilter) to context static
2022-04-24 04:15:57,092 [Listener at 127.0.0.1/40137] INFO  http.HttpServer2 (HttpServer2.java:bindListener(1249)) - Jetty bound to port 35961
2022-04-24 04:15:57,092 [Listener at 127.0.0.1/40137] INFO  server.Server (Server.java:doStart(375)) - jetty-9.4.43.v20210629; built: 2021-06-30T11:07:22.254Z; git: 526006ecfa3af7f1a27ef3a288e2bef7ea9dd7e8; jvm 1.8.0_322-b06
2022-04-24 04:15:57,108 [Listener at 127.0.0.1/40137] INFO  server.session (DefaultSessionIdManager.java:doStart(334)) - DefaultSessionIdManager workerName=node0
2022-04-24 04:15:57,109 [Listener at 127.0.0.1/40137] INFO  server.session (DefaultSessionIdManager.java:doStart(339)) - No SessionScavenger set, using defaults
2022-04-24 04:15:57,109 [Listener at 127.0.0.1/40137] INFO  server.session (HouseKeeper.java:startScavenging(132)) - node0 Scavenging every 600000ms
2022-04-24 04:15:57,114 [Listener at 127.0.0.1/40137] INFO  handler.ContextHandler (ContextHandler.java:doStart(915)) - Started o.e.j.s.ServletContextHandler@5602ec5{logs,/logs,file:///home/runner/work/ozone/ozone/hadoop-ozone/integration-test/target/log,AVAILABLE}
2022-04-24 04:15:57,115 [Listener at 127.0.0.1/40137] INFO  handler.ContextHandler (ContextHandler.java:doStart(915)) - Started o.e.j.s.ServletContextHandler@fea99d7{static,/static,file:///home/runner/work/ozone/ozone/hadoop-ozone/integration-test/target/test-classes/webapps/static,AVAILABLE}
2022-04-24 04:15:57,118 [Listener at 127.0.0.1/40137] INFO  handler.ContextHandler (ContextHandler.java:doStart(915)) - Started o.e.j.w.WebAppContext@420f8aa4{ozoneManager,/,file:///home/runner/work/ozone/ozone/hadoop-ozone/integration-test/target/test-classes/webapps/ozoneManager/,AVAILABLE}{file:/home/runner/work/ozone/ozone/hadoop-ozone/integration-test/target/test-classes/webapps/ozoneManager}
2022-04-24 04:15:57,135 [Listener at 127.0.0.1/40137] INFO  server.AbstractConnector (AbstractConnector.java:doStart(331)) - Started ServerConnector@16972bc5{HTTP/1.1, (http/1.1)}{0.0.0.0:35961}
2022-04-24 04:15:57,135 [Listener at 127.0.0.1/40137] INFO  server.Server (Server.java:doStart(415)) - Started @74187ms
2022-04-24 04:15:57,135 [Listener at 127.0.0.1/40137] WARN  impl.MetricsSystemImpl (MetricsSystemImpl.java:register(279)) - Sink prometheus already exists!
2022-04-24 04:15:57,136 [Listener at 127.0.0.1/40137] INFO  http.BaseHttpServer (BaseHttpServer.java:updateConnectorAddress(329)) - HTTP server of ozoneManager listening at http://0.0.0.0:35961
2022-04-24 04:15:57,141 [IPC Server Responder] INFO  ipc.Server (Server.java:run(1507)) - IPC Server Responder: starting
2022-04-24 04:15:57,142 [IPC Server listener on 0] INFO  ipc.Server (Server.java:run(1344)) - IPC Server listener on 0: starting
2022-04-24 04:15:57,144 [Listener at 127.0.0.1/40137] INFO  om.TrashPolicyOzone (TrashPolicyOzone.java:<init>(178)) - Ozone Manager trash configuration: Deletion interval = 0 minutes, Emptier interval = 0 minutes.
2022-04-24 04:15:57,189 [org.apache.hadoop.util.JvmPauseMonitor$Monitor@69e66b37] INFO  util.JvmPauseMonitor (JvmPauseMonitor.java:run(188)) - Starting JVM pause monitor
2022-04-24 04:15:57,228 [Listener at 127.0.0.1/40137] INFO  impl.MetricsSystemImpl (MetricsSystemImpl.java:init(158)) - HddsDatanode metrics system started (again)
2022-04-24 04:15:57,275 [Listener at 127.0.0.1/40137] INFO  ozone.HddsDatanodeService (HddsDatanodeService.java:start(233)) - HddsDatanodeService host:fv-az50-870.grzltbmokehuzjyc5b133kdqgh.cx.internal.cloudapp.net ip:10.1.0.15
2022-04-24 04:15:57,333 [Listener at 127.0.0.1/40137] INFO  upgrade.AbstractLayoutVersionManager (AbstractLayoutVersionManager.java:init(79)) - Initializing Layout version manager with metadata layout = ERASURE_CODED_STORAGE_SUPPORT (version = 3), software layout = ERASURE_CODED_STORAGE_SUPPORT (version = 3)
2022-04-24 04:15:57,433 [Listener at 127.0.0.1/40137] INFO  reflections.Reflections (Reflections.java:scan(232)) - Reflections took 97 ms to scan 7 urls, producing 126 keys and 287 values 
2022-04-24 04:15:57,435 [Listener at 127.0.0.1/40137] INFO  statemachine.DatanodeStateMachine (DatanodeStateMachine.java:getEndPointTaskThreadPoolSize(224)) - Datanode State Machine Task Thread Pool size 2
2022-04-24 04:15:57,437 [Listener at 127.0.0.1/40137] INFO  volume.HddsVolume (HddsVolume.java:<init>(120)) - Creating HddsVolume: /home/runner/work/ozone/ozone/hadoop-ozone/integration-test/target/test-dir/MiniOzoneClusterImpl-e7da0ab5-4936-473d-8bac-46be260cf6da/datanode-0/data-0/containers/hdds of storage type : DISK capacity : 9223372036854775807
2022-04-24 04:15:57,440 [Listener at 127.0.0.1/40137] INFO  volume.MutableVolumeSet (MutableVolumeSet.java:initializeVolumeSet(168)) - Added Volume : /home/runner/work/ozone/ozone/hadoop-ozone/integration-test/target/test-dir/MiniOzoneClusterImpl-e7da0ab5-4936-473d-8bac-46be260cf6da/datanode-0/data-0/containers/hdds to VolumeSet
2022-04-24 04:15:57,440 [Listener at 127.0.0.1/40137] INFO  volume.ThrottledAsyncChecker (ThrottledAsyncChecker.java:schedule(141)) - Scheduling a check for /home/runner/work/ozone/ozone/hadoop-ozone/integration-test/target/test-dir/MiniOzoneClusterImpl-e7da0ab5-4936-473d-8bac-46be260cf6da/datanode-0/data-0/containers/hdds
2022-04-24 04:15:57,441 [Listener at 127.0.0.1/40137] INFO  volume.StorageVolumeChecker (StorageVolumeChecker.java:checkAllVolumes(202)) - Scheduled health check for volume /home/runner/work/ozone/ozone/hadoop-ozone/integration-test/target/test-dir/MiniOzoneClusterImpl-e7da0ab5-4936-473d-8bac-46be260cf6da/datanode-0/data-0/containers/hdds
2022-04-24 04:15:57,483 [Listener at 127.0.0.1/40137] INFO  volume.MutableVolumeSet (MutableVolumeSet.java:initializeVolumeSet(168)) - Added Volume : /home/runner/work/ozone/ozone/hadoop-ozone/integration-test/target/test-dir/MiniOzoneClusterImpl-e7da0ab5-4936-473d-8bac-46be260cf6da/datanode-0/data/ratis to VolumeSet
2022-04-24 04:15:57,483 [Listener at 127.0.0.1/40137] INFO  volume.ThrottledAsyncChecker (ThrottledAsyncChecker.java:schedule(141)) - Scheduling a check for /home/runner/work/ozone/ozone/hadoop-ozone/integration-test/target/test-dir/MiniOzoneClusterImpl-e7da0ab5-4936-473d-8bac-46be260cf6da/datanode-0/data/ratis
2022-04-24 04:15:57,485 [Listener at 127.0.0.1/40137] INFO  volume.StorageVolumeChecker (StorageVolumeChecker.java:checkAllVolumes(202)) - Scheduled health check for volume /home/runner/work/ozone/ozone/hadoop-ozone/integration-test/target/test-dir/MiniOzoneClusterImpl-e7da0ab5-4936-473d-8bac-46be260cf6da/datanode-0/data/ratis
2022-04-24 04:15:57,517 [Thread-534] INFO  ozoneimpl.ContainerReader (ContainerReader.java:readVolume(172)) - Finish verifying containers on volume /home/runner/work/ozone/ozone/hadoop-ozone/integration-test/target/test-dir/MiniOzoneClusterImpl-e7da0ab5-4936-473d-8bac-46be260cf6da/datanode-0/data-0/containers/hdds
2022-04-24 04:15:57,526 [Listener at 127.0.0.1/40137] INFO  ozoneimpl.OzoneContainer (OzoneContainer.java:buildContainerSet(257)) - Build ContainerSet costs 0s
2022-04-24 04:15:57,532 [Listener at 127.0.0.1/40137] INFO  server.RaftServer (ConfUtils.java:logGet(44)) - raft.rpc.type = GRPC (default)
2022-04-24 04:15:57,532 [Listener at 127.0.0.1/40137] INFO  grpc.GrpcFactory (GrpcFactory.java:checkPooledByteBufAllocatorUseCacheForAllThreads(48)) - PERFORMANCE WARNING: useCacheForAllThreads is true that may cause Netty to create a lot garbage objects and, as a result, trigger GC.
	It is recommended to disable useCacheForAllThreads by setting -Dorg.apache.ratis.thirdparty.io.netty.allocator.useCacheForAllThreads=false in command line.
2022-04-24 04:15:57,533 [Listener at 127.0.0.1/40137] INFO  grpc.GrpcConfigKeys (ConfUtils.java:logGet(44)) - raft.grpc.admin.port = 0 (custom)
2022-04-24 04:15:57,533 [Listener at 127.0.0.1/40137] INFO  grpc.GrpcConfigKeys (ConfUtils.java:logGet(44)) - raft.grpc.client.port = 0 (custom)
2022-04-24 04:15:57,533 [Listener at 127.0.0.1/40137] INFO  grpc.GrpcConfigKeys (ConfUtils.java:logGet(44)) - raft.grpc.server.port = 0 (default)
2022-04-24 04:15:57,533 [Listener at 127.0.0.1/40137] INFO  server.GrpcService (ConfUtils.java:logGet(44)) - raft.grpc.message.size.max = 32MB (=33554432) (custom)
2022-04-24 04:15:57,533 [Listener at 127.0.0.1/40137] INFO  server.RaftServerConfigKeys (ConfUtils.java:logGet(44)) - raft.server.log.appender.buffer.byte-limit = 33554432 (custom)
2022-04-24 04:15:57,533 [Listener at 127.0.0.1/40137] INFO  server.GrpcService (ConfUtils.java:logGet(44)) - raft.grpc.flow.control.window = 5MB (=5242880) (custom)
2022-04-24 04:15:57,534 [Listener at 127.0.0.1/40137] INFO  server.RaftServerConfigKeys (ConfUtils.java:logGet(44)) - raft.server.rpc.request.timeout = 60s (custom)
2022-04-24 04:15:57,538 [Listener at 127.0.0.1/40137] INFO  impl.DataStreamServerImpl (ConfUtils.java:logGet(44)) - raft.datastream.type = DISABLED (default)
2022-04-24 04:15:57,538 [Listener at 127.0.0.1/40137] INFO  server.RaftServerConfigKeys (ConfUtils.java:logGet(44)) - raft.server.rpc.slowness.timeout = 300s (custom)
2022-04-24 04:15:57,538 [Listener at 127.0.0.1/40137] INFO  server.RaftServerConfigKeys (ConfUtils.java:logGet(44)) - raft.server.leaderelection.leader.step-down.wait-time = 10s (default)
2022-04-24 04:15:57,538 [Listener at 127.0.0.1/40137] INFO  server.RaftServerConfigKeys (ConfUtils.java:logGet(44)) - raft.server.storage.dir = [/home/runner/work/ozone/ozone/hadoop-ozone/integration-test/target/test-dir/MiniOzoneClusterImpl-e7da0ab5-4936-473d-8bac-46be260cf6da/datanode-0/data/ratis] (custom)
2022-04-24 04:15:57,540 [Listener at 127.0.0.1/40137] INFO  server.XceiverServerGrpc (XceiverServerGrpc.java:<init>(132)) - GrpcServer channel type EpollServerSocketChannel
2022-04-24 04:15:57,561 [Listener at 127.0.0.1/40137] INFO  http.BaseHttpServer (BaseHttpServer.java:newHttpServer2BuilderForOzone(209)) - Starting Web-server for hddsDatanode at: http://0.0.0.0:0
2022-04-24 04:15:57,561 [Listener at 127.0.0.1/40137] INFO  http.BaseHttpServer (BaseHttpServer.java:<init>(107)) - Hadoop Security Enabled: false Ozone Security Enabled: false Ozone HTTP Security Enabled: false 
2022-04-24 04:15:57,563 [Listener at 127.0.0.1/40137] INFO  server.AuthenticationFilter (AuthenticationFilter.java:constructSecretProvider(240)) - Unable to initialize FileSignerSecretProvider, falling back to use random secrets.
2022-04-24 04:15:57,569 [Listener at 127.0.0.1/40137] WARN  http.HttpRequestLog (HttpRequestLog.java:getRequestLog(103)) - Jetty request log can only be enabled using Log4j
2022-04-24 04:15:57,570 [Listener at 127.0.0.1/40137] INFO  http.HttpServer2 (HttpServer2.java:addGlobalFilter(1030)) - Added global filter 'safety' (class=org.apache.hadoop.hdds.server.http.HttpServer2$QuotingInputFilter)
2022-04-24 04:15:57,571 [Listener at 127.0.0.1/40137] INFO  http.HttpServer2 (HttpServer2.java:addFilter(1006)) - Added filter static_user_filter (class=org.apache.hadoop.http.lib.StaticUserWebFilter$StaticUserFilter) to context hddsDatanode
2022-04-24 04:15:57,571 [Listener at 127.0.0.1/40137] INFO  http.HttpServer2 (HttpServer2.java:addFilter(1014)) - Added filter static_user_filter (class=org.apache.hadoop.http.lib.StaticUserWebFilter$StaticUserFilter) to context static
2022-04-24 04:15:57,572 [Listener at 127.0.0.1/40137] INFO  http.HttpServer2 (HttpServer2.java:addFilter(1014)) - Added filter static_user_filter (class=org.apache.hadoop.http.lib.StaticUserWebFilter$StaticUserFilter) to context logs
2022-04-24 04:15:57,580 [Listener at 127.0.0.1/40137] INFO  http.HttpServer2 (HttpServer2.java:bindListener(1249)) - Jetty bound to port 41777
2022-04-24 04:15:57,581 [Listener at 127.0.0.1/40137] INFO  server.Server (Server.java:doStart(375)) - jetty-9.4.43.v20210629; built: 2021-06-30T11:07:22.254Z; git: 526006ecfa3af7f1a27ef3a288e2bef7ea9dd7e8; jvm 1.8.0_322-b06
2022-04-24 04:15:57,647 [Listener at 127.0.0.1/40137] INFO  server.session (DefaultSessionIdManager.java:doStart(334)) - DefaultSessionIdManager workerName=node0
2022-04-24 04:15:57,647 [Listener at 127.0.0.1/40137] INFO  server.session (DefaultSessionIdManager.java:doStart(339)) - No SessionScavenger set, using defaults
2022-04-24 04:15:57,647 [Listener at 127.0.0.1/40137] INFO  server.session (HouseKeeper.java:startScavenging(132)) - node0 Scavenging every 600000ms
2022-04-24 04:15:57,662 [Listener at 127.0.0.1/40137] INFO  handler.ContextHandler (ContextHandler.java:doStart(915)) - Started o.e.j.s.ServletContextHandler@579612f8{logs,/logs,file:///home/runner/work/ozone/ozone/hadoop-ozone/integration-test/target/log,AVAILABLE}
2022-04-24 04:15:57,662 [Listener at 127.0.0.1/40137] INFO  handler.ContextHandler (ContextHandler.java:doStart(915)) - Started o.e.j.s.ServletContextHandler@45a7770d{static,/static,jar:file:/home/runner/.m2/repository/org/apache/ozone/hdds-container-service/1.3.0-SNAPSHOT/hdds-container-service-1.3.0-SNAPSHOT.jar!/webapps/static,AVAILABLE}
2022-04-24 04:15:57,782 [Listener at 127.0.0.1/40137] INFO  handler.ContextHandler (ContextHandler.java:doStart(915)) - Started o.e.j.w.WebAppContext@4fcbf387{hddsDatanode,/,file:///tmp/jetty-0_0_0_0-41777-hdds-container-service-1_3_0-SNAPSHOT_jar-_-any-4773571596892193397/webapp/,AVAILABLE}{jar:file:/home/runner/.m2/repository/org/apache/ozone/hdds-container-service/1.3.0-SNAPSHOT/hdds-container-service-1.3.0-SNAPSHOT.jar!/webapps/hddsDatanode}
2022-04-24 04:15:57,783 [Listener at 127.0.0.1/40137] INFO  server.AbstractConnector (AbstractConnector.java:doStart(331)) - Started ServerConnector@5d0c5251{HTTP/1.1, (http/1.1)}{0.0.0.0:41777}
2022-04-24 04:15:57,784 [Listener at 127.0.0.1/40137] INFO  server.Server (Server.java:doStart(415)) - Started @74836ms
2022-04-24 04:15:57,784 [Listener at 127.0.0.1/40137] WARN  impl.MetricsSystemImpl (MetricsSystemImpl.java:register(279)) - Sink prometheus already exists!
2022-04-24 04:15:57,785 [Listener at 127.0.0.1/40137] INFO  http.BaseHttpServer (BaseHttpServer.java:updateConnectorAddress(329)) - HTTP server of hddsDatanode listening at http://0.0.0.0:41777
2022-04-24 04:15:57,794 [Listener at 127.0.0.1/40137] INFO  impl.MetricsSystemImpl (MetricsSystemImpl.java:init(158)) - HddsDatanode metrics system started (again)
2022-04-24 04:15:57,801 [Datanode State Machine Daemon Thread] INFO  statemachine.DatanodeStateMachine (DatanodeStateMachine.java:lambda$startDaemon$0(472)) - Ozone container server started.
2022-04-24 04:15:57,854 [org.apache.hadoop.util.JvmPauseMonitor$Monitor@1ce4b46d] INFO  util.JvmPauseMonitor (JvmPauseMonitor.java:run(188)) - Starting JVM pause monitor
2022-04-24 04:15:57,871 [Datanode State Machine Task Thread - 0] INFO  datanode.InitDatanodeState (InitDatanodeState.java:persistContainerDatanodeDetails(138)) - DatanodeDetails is persisted to /home/runner/work/ozone/ozone/hadoop-ozone/integration-test/target/test-dir/MiniOzoneClusterImpl-e7da0ab5-4936-473d-8bac-46be260cf6da/datanode-0/meta/datanode.id
2022-04-24 04:15:57,876 [Listener at 127.0.0.1/40137] INFO  ozone.HddsDatanodeService (HddsDatanodeService.java:start(233)) - HddsDatanodeService host:fv-az50-870.grzltbmokehuzjyc5b133kdqgh.cx.internal.cloudapp.net ip:10.1.0.15
2022-04-24 04:15:57,950 [Listener at 127.0.0.1/40137] INFO  upgrade.AbstractLayoutVersionManager (AbstractLayoutVersionManager.java:init(79)) - Initializing Layout version manager with metadata layout = ERASURE_CODED_STORAGE_SUPPORT (version = 3), software layout = ERASURE_CODED_STORAGE_SUPPORT (version = 3)
2022-04-24 04:15:58,069 [Listener at 127.0.0.1/40137] INFO  reflections.Reflections (Reflections.java:scan(232)) - Reflections took 118 ms to scan 7 urls, producing 126 keys and 287 values 
2022-04-24 04:15:58,071 [Listener at 127.0.0.1/40137] INFO  statemachine.DatanodeStateMachine (DatanodeStateMachine.java:getEndPointTaskThreadPoolSize(224)) - Datanode State Machine Task Thread Pool size 2
2022-04-24 04:15:58,077 [Listener at 127.0.0.1/40137] INFO  volume.HddsVolume (HddsVolume.java:<init>(120)) - Creating HddsVolume: /home/runner/work/ozone/ozone/hadoop-ozone/integration-test/target/test-dir/MiniOzoneClusterImpl-e7da0ab5-4936-473d-8bac-46be260cf6da/datanode-1/data-0/containers/hdds of storage type : DISK capacity : 9223372036854775807
2022-04-24 04:15:58,082 [Listener at 127.0.0.1/40137] INFO  volume.MutableVolumeSet (MutableVolumeSet.java:initializeVolumeSet(168)) - Added Volume : /home/runner/work/ozone/ozone/hadoop-ozone/integration-test/target/test-dir/MiniOzoneClusterImpl-e7da0ab5-4936-473d-8bac-46be260cf6da/datanode-1/data-0/containers/hdds to VolumeSet
2022-04-24 04:15:58,082 [Listener at 127.0.0.1/40137] INFO  volume.ThrottledAsyncChecker (ThrottledAsyncChecker.java:schedule(141)) - Scheduling a check for /home/runner/work/ozone/ozone/hadoop-ozone/integration-test/target/test-dir/MiniOzoneClusterImpl-e7da0ab5-4936-473d-8bac-46be260cf6da/datanode-1/data-0/containers/hdds
2022-04-24 04:15:58,085 [Listener at 127.0.0.1/40137] INFO  volume.StorageVolumeChecker (StorageVolumeChecker.java:checkAllVolumes(202)) - Scheduled health check for volume /home/runner/work/ozone/ozone/hadoop-ozone/integration-test/target/test-dir/MiniOzoneClusterImpl-e7da0ab5-4936-473d-8bac-46be260cf6da/datanode-1/data-0/containers/hdds
2022-04-24 04:15:58,110 [Listener at 127.0.0.1/40137] INFO  volume.MutableVolumeSet (MutableVolumeSet.java:initializeVolumeSet(168)) - Added Volume : /home/runner/work/ozone/ozone/hadoop-ozone/integration-test/target/test-dir/MiniOzoneClusterImpl-e7da0ab5-4936-473d-8bac-46be260cf6da/datanode-1/data/ratis to VolumeSet
2022-04-24 04:15:58,110 [Listener at 127.0.0.1/40137] INFO  volume.ThrottledAsyncChecker (ThrottledAsyncChecker.java:schedule(141)) - Scheduling a check for /home/runner/work/ozone/ozone/hadoop-ozone/integration-test/target/test-dir/MiniOzoneClusterImpl-e7da0ab5-4936-473d-8bac-46be260cf6da/datanode-1/data/ratis
2022-04-24 04:15:58,111 [Listener at 127.0.0.1/40137] INFO  volume.StorageVolumeChecker (StorageVolumeChecker.java:checkAllVolumes(202)) - Scheduled health check for volume /home/runner/work/ozone/ozone/hadoop-ozone/integration-test/target/test-dir/MiniOzoneClusterImpl-e7da0ab5-4936-473d-8bac-46be260cf6da/datanode-1/data/ratis
2022-04-24 04:15:58,134 [Thread-546] INFO  ozoneimpl.ContainerReader (ContainerReader.java:readVolume(172)) - Finish verifying containers on volume /home/runner/work/ozone/ozone/hadoop-ozone/integration-test/target/test-dir/MiniOzoneClusterImpl-e7da0ab5-4936-473d-8bac-46be260cf6da/datanode-1/data-0/containers/hdds
2022-04-24 04:15:58,134 [Listener at 127.0.0.1/40137] INFO  ozoneimpl.OzoneContainer (OzoneContainer.java:buildContainerSet(257)) - Build ContainerSet costs 0s
2022-04-24 04:15:58,136 [Listener at 127.0.0.1/40137] INFO  server.RaftServer (ConfUtils.java:logGet(44)) - raft.rpc.type = GRPC (default)
2022-04-24 04:15:58,137 [Listener at 127.0.0.1/40137] INFO  grpc.GrpcFactory (GrpcFactory.java:checkPooledByteBufAllocatorUseCacheForAllThreads(48)) - PERFORMANCE WARNING: useCacheForAllThreads is true that may cause Netty to create a lot garbage objects and, as a result, trigger GC.
	It is recommended to disable useCacheForAllThreads by setting -Dorg.apache.ratis.thirdparty.io.netty.allocator.useCacheForAllThreads=false in command line.
2022-04-24 04:15:58,137 [Listener at 127.0.0.1/40137] INFO  grpc.GrpcConfigKeys (ConfUtils.java:logGet(44)) - raft.grpc.admin.port = 0 (custom)
2022-04-24 04:15:58,137 [Listener at 127.0.0.1/40137] INFO  grpc.GrpcConfigKeys (ConfUtils.java:logGet(44)) - raft.grpc.client.port = 0 (custom)
2022-04-24 04:15:58,137 [Listener at 127.0.0.1/40137] INFO  grpc.GrpcConfigKeys (ConfUtils.java:logGet(44)) - raft.grpc.server.port = 0 (default)
2022-04-24 04:15:58,137 [Listener at 127.0.0.1/40137] INFO  server.GrpcService (ConfUtils.java:logGet(44)) - raft.grpc.message.size.max = 32MB (=33554432) (custom)
2022-04-24 04:15:58,137 [Listener at 127.0.0.1/40137] INFO  server.RaftServerConfigKeys (ConfUtils.java:logGet(44)) - raft.server.log.appender.buffer.byte-limit = 33554432 (custom)
2022-04-24 04:15:58,137 [Listener at 127.0.0.1/40137] INFO  server.GrpcService (ConfUtils.java:logGet(44)) - raft.grpc.flow.control.window = 5MB (=5242880) (custom)
2022-04-24 04:15:58,138 [Listener at 127.0.0.1/40137] INFO  server.RaftServerConfigKeys (ConfUtils.java:logGet(44)) - raft.server.rpc.request.timeout = 60s (custom)
2022-04-24 04:15:58,139 [Listener at 127.0.0.1/40137] INFO  impl.DataStreamServerImpl (ConfUtils.java:logGet(44)) - raft.datastream.type = DISABLED (default)
2022-04-24 04:15:58,139 [Listener at 127.0.0.1/40137] INFO  server.RaftServerConfigKeys (ConfUtils.java:logGet(44)) - raft.server.rpc.slowness.timeout = 300s (custom)
2022-04-24 04:15:58,139 [Listener at 127.0.0.1/40137] INFO  server.RaftServerConfigKeys (ConfUtils.java:logGet(44)) - raft.server.leaderelection.leader.step-down.wait-time = 10s (default)
2022-04-24 04:15:58,139 [Listener at 127.0.0.1/40137] INFO  server.RaftServerConfigKeys (ConfUtils.java:logGet(44)) - raft.server.storage.dir = [/home/runner/work/ozone/ozone/hadoop-ozone/integration-test/target/test-dir/MiniOzoneClusterImpl-e7da0ab5-4936-473d-8bac-46be260cf6da/datanode-1/data/ratis] (custom)
2022-04-24 04:15:58,141 [Listener at 127.0.0.1/40137] INFO  server.XceiverServerGrpc (XceiverServerGrpc.java:<init>(132)) - GrpcServer channel type EpollServerSocketChannel
2022-04-24 04:15:58,144 [Listener at 127.0.0.1/40137] INFO  http.BaseHttpServer (BaseHttpServer.java:newHttpServer2BuilderForOzone(209)) - Starting Web-server for hddsDatanode at: http://0.0.0.0:0
2022-04-24 04:15:58,144 [Listener at 127.0.0.1/40137] INFO  http.BaseHttpServer (BaseHttpServer.java:<init>(107)) - Hadoop Security Enabled: false Ozone Security Enabled: false Ozone HTTP Security Enabled: false 
2022-04-24 04:15:58,145 [Listener at 127.0.0.1/40137] INFO  server.AuthenticationFilter (AuthenticationFilter.java:constructSecretProvider(240)) - Unable to initialize FileSignerSecretProvider, falling back to use random secrets.
2022-04-24 04:15:58,148 [Listener at 127.0.0.1/40137] WARN  http.HttpRequestLog (HttpRequestLog.java:getRequestLog(103)) - Jetty request log can only be enabled using Log4j
2022-04-24 04:15:58,149 [Listener at 127.0.0.1/40137] INFO  http.HttpServer2 (HttpServer2.java:addGlobalFilter(1030)) - Added global filter 'safety' (class=org.apache.hadoop.hdds.server.http.HttpServer2$QuotingInputFilter)
2022-04-24 04:15:58,150 [Listener at 127.0.0.1/40137] INFO  http.HttpServer2 (HttpServer2.java:addFilter(1006)) - Added filter static_user_filter (class=org.apache.hadoop.http.lib.StaticUserWebFilter$StaticUserFilter) to context hddsDatanode
2022-04-24 04:15:58,150 [Listener at 127.0.0.1/40137] INFO  http.HttpServer2 (HttpServer2.java:addFilter(1014)) - Added filter static_user_filter (class=org.apache.hadoop.http.lib.StaticUserWebFilter$StaticUserFilter) to context static
2022-04-24 04:15:58,150 [Listener at 127.0.0.1/40137] INFO  http.HttpServer2 (HttpServer2.java:addFilter(1014)) - Added filter static_user_filter (class=org.apache.hadoop.http.lib.StaticUserWebFilter$StaticUserFilter) to context logs
2022-04-24 04:15:58,151 [Listener at 127.0.0.1/40137] INFO  http.HttpServer2 (HttpServer2.java:bindListener(1249)) - Jetty bound to port 40099
2022-04-24 04:15:58,151 [Listener at 127.0.0.1/40137] INFO  server.Server (Server.java:doStart(375)) - jetty-9.4.43.v20210629; built: 2021-06-30T11:07:22.254Z; git: 526006ecfa3af7f1a27ef3a288e2bef7ea9dd7e8; jvm 1.8.0_322-b06
2022-04-24 04:15:58,164 [Listener at 127.0.0.1/40137] INFO  server.session (DefaultSessionIdManager.java:doStart(334)) - DefaultSessionIdManager workerName=node0
2022-04-24 04:15:58,164 [Listener at 127.0.0.1/40137] INFO  server.session (DefaultSessionIdManager.java:doStart(339)) - No SessionScavenger set, using defaults
2022-04-24 04:15:58,165 [Listener at 127.0.0.1/40137] INFO  server.session (HouseKeeper.java:startScavenging(132)) - node0 Scavenging every 660000ms
2022-04-24 04:15:58,165 [Listener at 127.0.0.1/40137] INFO  handler.ContextHandler (ContextHandler.java:doStart(915)) - Started o.e.j.s.ServletContextHandler@3f8b8746{logs,/logs,file:///home/runner/work/ozone/ozone/hadoop-ozone/integration-test/target/log,AVAILABLE}
2022-04-24 04:15:58,166 [Listener at 127.0.0.1/40137] INFO  handler.ContextHandler (ContextHandler.java:doStart(915)) - Started o.e.j.s.ServletContextHandler@42c9b9f5{static,/static,jar:file:/home/runner/.m2/repository/org/apache/ozone/hdds-container-service/1.3.0-SNAPSHOT/hdds-container-service-1.3.0-SNAPSHOT.jar!/webapps/static,AVAILABLE}
2022-04-24 04:15:58,241 [Listener at 127.0.0.1/40137] INFO  handler.ContextHandler (ContextHandler.java:doStart(915)) - Started o.e.j.w.WebAppContext@51c1b1b{hddsDatanode,/,file:///tmp/jetty-0_0_0_0-40099-hdds-container-service-1_3_0-SNAPSHOT_jar-_-any-8669372636709589995/webapp/,AVAILABLE}{jar:file:/home/runner/.m2/repository/org/apache/ozone/hdds-container-service/1.3.0-SNAPSHOT/hdds-container-service-1.3.0-SNAPSHOT.jar!/webapps/hddsDatanode}
2022-04-24 04:15:58,250 [Listener at 127.0.0.1/40137] INFO  server.AbstractConnector (AbstractConnector.java:doStart(331)) - Started ServerConnector@7210af32{HTTP/1.1, (http/1.1)}{0.0.0.0:40099}
2022-04-24 04:15:58,251 [Listener at 127.0.0.1/40137] INFO  server.Server (Server.java:doStart(415)) - Started @75302ms
2022-04-24 04:15:58,251 [Listener at 127.0.0.1/40137] WARN  impl.MetricsSystemImpl (MetricsSystemImpl.java:register(279)) - Sink prometheus already exists!
2022-04-24 04:15:58,251 [Listener at 127.0.0.1/40137] INFO  http.BaseHttpServer (BaseHttpServer.java:updateConnectorAddress(329)) - HTTP server of hddsDatanode listening at http://0.0.0.0:40099
2022-04-24 04:15:58,263 [Listener at 127.0.0.1/40137] INFO  impl.MetricsSystemImpl (MetricsSystemImpl.java:init(158)) - HddsDatanode metrics system started (again)
2022-04-24 04:15:58,272 [Datanode State Machine Daemon Thread] INFO  statemachine.DatanodeStateMachine (DatanodeStateMachine.java:lambda$startDaemon$0(472)) - Ozone container server started.
2022-04-24 04:15:58,295 [Listener at 127.0.0.1/40137] INFO  ozone.HddsDatanodeService (HddsDatanodeService.java:start(233)) - HddsDatanodeService host:fv-az50-870.grzltbmokehuzjyc5b133kdqgh.cx.internal.cloudapp.net ip:10.1.0.15
2022-04-24 04:15:58,295 [org.apache.hadoop.util.JvmPauseMonitor$Monitor@47ee9e4c] INFO  util.JvmPauseMonitor (JvmPauseMonitor.java:run(188)) - Starting JVM pause monitor
2022-04-24 04:15:58,316 [Datanode State Machine Task Thread - 0] INFO  datanode.InitDatanodeState (InitDatanodeState.java:persistContainerDatanodeDetails(138)) - DatanodeDetails is persisted to /home/runner/work/ozone/ozone/hadoop-ozone/integration-test/target/test-dir/MiniOzoneClusterImpl-e7da0ab5-4936-473d-8bac-46be260cf6da/datanode-1/meta/datanode.id
2022-04-24 04:15:58,341 [Listener at 127.0.0.1/40137] INFO  upgrade.AbstractLayoutVersionManager (AbstractLayoutVersionManager.java:init(79)) - Initializing Layout version manager with metadata layout = ERASURE_CODED_STORAGE_SUPPORT (version = 3), software layout = ERASURE_CODED_STORAGE_SUPPORT (version = 3)
2022-04-24 04:15:58,432 [Listener at 127.0.0.1/40137] INFO  reflections.Reflections (Reflections.java:scan(232)) - Reflections took 89 ms to scan 7 urls, producing 126 keys and 287 values 
2022-04-24 04:15:58,443 [Listener at 127.0.0.1/40137] INFO  statemachine.DatanodeStateMachine (DatanodeStateMachine.java:getEndPointTaskThreadPoolSize(224)) - Datanode State Machine Task Thread Pool size 2
2022-04-24 04:15:58,458 [Listener at 127.0.0.1/40137] INFO  volume.HddsVolume (HddsVolume.java:<init>(120)) - Creating HddsVolume: /home/runner/work/ozone/ozone/hadoop-ozone/integration-test/target/test-dir/MiniOzoneClusterImpl-e7da0ab5-4936-473d-8bac-46be260cf6da/datanode-2/data-0/containers/hdds of storage type : DISK capacity : 9223372036854775807
2022-04-24 04:15:58,459 [Listener at 127.0.0.1/40137] INFO  volume.MutableVolumeSet (MutableVolumeSet.java:initializeVolumeSet(168)) - Added Volume : /home/runner/work/ozone/ozone/hadoop-ozone/integration-test/target/test-dir/MiniOzoneClusterImpl-e7da0ab5-4936-473d-8bac-46be260cf6da/datanode-2/data-0/containers/hdds to VolumeSet
2022-04-24 04:15:58,459 [Listener at 127.0.0.1/40137] INFO  volume.ThrottledAsyncChecker (ThrottledAsyncChecker.java:schedule(141)) - Scheduling a check for /home/runner/work/ozone/ozone/hadoop-ozone/integration-test/target/test-dir/MiniOzoneClusterImpl-e7da0ab5-4936-473d-8bac-46be260cf6da/datanode-2/data-0/containers/hdds
2022-04-24 04:15:58,473 [Listener at 127.0.0.1/40137] INFO  volume.StorageVolumeChecker (StorageVolumeChecker.java:checkAllVolumes(202)) - Scheduled health check for volume /home/runner/work/ozone/ozone/hadoop-ozone/integration-test/target/test-dir/MiniOzoneClusterImpl-e7da0ab5-4936-473d-8bac-46be260cf6da/datanode-2/data-0/containers/hdds
2022-04-24 04:15:58,487 [Listener at 127.0.0.1/40137] INFO  volume.MutableVolumeSet (MutableVolumeSet.java:initializeVolumeSet(168)) - Added Volume : /home/runner/work/ozone/ozone/hadoop-ozone/integration-test/target/test-dir/MiniOzoneClusterImpl-e7da0ab5-4936-473d-8bac-46be260cf6da/datanode-2/data/ratis to VolumeSet
2022-04-24 04:15:58,487 [Listener at 127.0.0.1/40137] INFO  volume.ThrottledAsyncChecker (ThrottledAsyncChecker.java:schedule(141)) - Scheduling a check for /home/runner/work/ozone/ozone/hadoop-ozone/integration-test/target/test-dir/MiniOzoneClusterImpl-e7da0ab5-4936-473d-8bac-46be260cf6da/datanode-2/data/ratis
2022-04-24 04:15:58,488 [Listener at 127.0.0.1/40137] INFO  volume.StorageVolumeChecker (StorageVolumeChecker.java:checkAllVolumes(202)) - Scheduled health check for volume /home/runner/work/ozone/ozone/hadoop-ozone/integration-test/target/test-dir/MiniOzoneClusterImpl-e7da0ab5-4936-473d-8bac-46be260cf6da/datanode-2/data/ratis
2022-04-24 04:15:58,513 [Thread-558] INFO  ozoneimpl.ContainerReader (ContainerReader.java:readVolume(172)) - Finish verifying containers on volume /home/runner/work/ozone/ozone/hadoop-ozone/integration-test/target/test-dir/MiniOzoneClusterImpl-e7da0ab5-4936-473d-8bac-46be260cf6da/datanode-2/data-0/containers/hdds
2022-04-24 04:15:58,514 [Listener at 127.0.0.1/40137] INFO  ozoneimpl.OzoneContainer (OzoneContainer.java:buildContainerSet(257)) - Build ContainerSet costs 0s
2022-04-24 04:15:58,516 [Listener at 127.0.0.1/40137] INFO  server.RaftServer (ConfUtils.java:logGet(44)) - raft.rpc.type = GRPC (default)
2022-04-24 04:15:58,516 [Listener at 127.0.0.1/40137] INFO  grpc.GrpcFactory (GrpcFactory.java:checkPooledByteBufAllocatorUseCacheForAllThreads(48)) - PERFORMANCE WARNING: useCacheForAllThreads is true that may cause Netty to create a lot garbage objects and, as a result, trigger GC.
	It is recommended to disable useCacheForAllThreads by setting -Dorg.apache.ratis.thirdparty.io.netty.allocator.useCacheForAllThreads=false in command line.
2022-04-24 04:15:58,516 [Listener at 127.0.0.1/40137] INFO  grpc.GrpcConfigKeys (ConfUtils.java:logGet(44)) - raft.grpc.admin.port = 0 (custom)
2022-04-24 04:15:58,516 [Listener at 127.0.0.1/40137] INFO  grpc.GrpcConfigKeys (ConfUtils.java:logGet(44)) - raft.grpc.client.port = 0 (custom)
2022-04-24 04:15:58,516 [Listener at 127.0.0.1/40137] INFO  grpc.GrpcConfigKeys (ConfUtils.java:logGet(44)) - raft.grpc.server.port = 0 (default)
2022-04-24 04:15:58,517 [Listener at 127.0.0.1/40137] INFO  server.GrpcService (ConfUtils.java:logGet(44)) - raft.grpc.message.size.max = 32MB (=33554432) (custom)
2022-04-24 04:15:58,517 [Listener at 127.0.0.1/40137] INFO  server.RaftServerConfigKeys (ConfUtils.java:logGet(44)) - raft.server.log.appender.buffer.byte-limit = 33554432 (custom)
2022-04-24 04:15:58,517 [Listener at 127.0.0.1/40137] INFO  server.GrpcService (ConfUtils.java:logGet(44)) - raft.grpc.flow.control.window = 5MB (=5242880) (custom)
2022-04-24 04:15:58,517 [Listener at 127.0.0.1/40137] INFO  server.RaftServerConfigKeys (ConfUtils.java:logGet(44)) - raft.server.rpc.request.timeout = 60s (custom)
2022-04-24 04:15:58,528 [Listener at 127.0.0.1/40137] INFO  impl.DataStreamServerImpl (ConfUtils.java:logGet(44)) - raft.datastream.type = DISABLED (default)
2022-04-24 04:15:58,528 [Listener at 127.0.0.1/40137] INFO  server.RaftServerConfigKeys (ConfUtils.java:logGet(44)) - raft.server.rpc.slowness.timeout = 300s (custom)
2022-04-24 04:15:58,528 [Listener at 127.0.0.1/40137] INFO  server.RaftServerConfigKeys (ConfUtils.java:logGet(44)) - raft.server.leaderelection.leader.step-down.wait-time = 10s (default)
2022-04-24 04:15:58,529 [Listener at 127.0.0.1/40137] INFO  server.RaftServerConfigKeys (ConfUtils.java:logGet(44)) - raft.server.storage.dir = [/home/runner/work/ozone/ozone/hadoop-ozone/integration-test/target/test-dir/MiniOzoneClusterImpl-e7da0ab5-4936-473d-8bac-46be260cf6da/datanode-2/data/ratis] (custom)
2022-04-24 04:15:58,530 [Listener at 127.0.0.1/40137] INFO  server.XceiverServerGrpc (XceiverServerGrpc.java:<init>(132)) - GrpcServer channel type EpollServerSocketChannel
2022-04-24 04:15:58,543 [Listener at 127.0.0.1/40137] INFO  http.BaseHttpServer (BaseHttpServer.java:newHttpServer2BuilderForOzone(209)) - Starting Web-server for hddsDatanode at: http://0.0.0.0:0
2022-04-24 04:15:58,543 [Listener at 127.0.0.1/40137] INFO  http.BaseHttpServer (BaseHttpServer.java:<init>(107)) - Hadoop Security Enabled: false Ozone Security Enabled: false Ozone HTTP Security Enabled: false 
2022-04-24 04:15:58,544 [Listener at 127.0.0.1/40137] INFO  server.AuthenticationFilter (AuthenticationFilter.java:constructSecretProvider(240)) - Unable to initialize FileSignerSecretProvider, falling back to use random secrets.
2022-04-24 04:15:58,545 [Listener at 127.0.0.1/40137] WARN  http.HttpRequestLog (HttpRequestLog.java:getRequestLog(103)) - Jetty request log can only be enabled using Log4j
2022-04-24 04:15:58,546 [Listener at 127.0.0.1/40137] INFO  http.HttpServer2 (HttpServer2.java:addGlobalFilter(1030)) - Added global filter 'safety' (class=org.apache.hadoop.hdds.server.http.HttpServer2$QuotingInputFilter)
2022-04-24 04:15:58,547 [Listener at 127.0.0.1/40137] INFO  http.HttpServer2 (HttpServer2.java:addFilter(1006)) - Added filter static_user_filter (class=org.apache.hadoop.http.lib.StaticUserWebFilter$StaticUserFilter) to context hddsDatanode
2022-04-24 04:15:58,547 [Listener at 127.0.0.1/40137] INFO  http.HttpServer2 (HttpServer2.java:addFilter(1014)) - Added filter static_user_filter (class=org.apache.hadoop.http.lib.StaticUserWebFilter$StaticUserFilter) to context static
2022-04-24 04:15:58,547 [Listener at 127.0.0.1/40137] INFO  http.HttpServer2 (HttpServer2.java:addFilter(1014)) - Added filter static_user_filter (class=org.apache.hadoop.http.lib.StaticUserWebFilter$StaticUserFilter) to context logs
2022-04-24 04:15:58,547 [Listener at 127.0.0.1/40137] INFO  http.HttpServer2 (HttpServer2.java:bindListener(1249)) - Jetty bound to port 41009
2022-04-24 04:15:58,548 [Listener at 127.0.0.1/40137] INFO  server.Server (Server.java:doStart(375)) - jetty-9.4.43.v20210629; built: 2021-06-30T11:07:22.254Z; git: 526006ecfa3af7f1a27ef3a288e2bef7ea9dd7e8; jvm 1.8.0_322-b06
2022-04-24 04:15:58,571 [Listener at 127.0.0.1/40137] INFO  server.session (DefaultSessionIdManager.java:doStart(334)) - DefaultSessionIdManager workerName=node0
2022-04-24 04:15:58,572 [Listener at 127.0.0.1/40137] INFO  server.session (DefaultSessionIdManager.java:doStart(339)) - No SessionScavenger set, using defaults
2022-04-24 04:15:58,572 [Listener at 127.0.0.1/40137] INFO  server.session (HouseKeeper.java:startScavenging(132)) - node0 Scavenging every 660000ms
2022-04-24 04:15:58,573 [Listener at 127.0.0.1/40137] INFO  handler.ContextHandler (ContextHandler.java:doStart(915)) - Started o.e.j.s.ServletContextHandler@617335ea{logs,/logs,file:///home/runner/work/ozone/ozone/hadoop-ozone/integration-test/target/log,AVAILABLE}
2022-04-24 04:15:58,573 [Listener at 127.0.0.1/40137] INFO  handler.ContextHandler (ContextHandler.java:doStart(915)) - Started o.e.j.s.ServletContextHandler@4628ec69{static,/static,jar:file:/home/runner/.m2/repository/org/apache/ozone/hdds-container-service/1.3.0-SNAPSHOT/hdds-container-service-1.3.0-SNAPSHOT.jar!/webapps/static,AVAILABLE}
2022-04-24 04:15:58,641 [Listener at 127.0.0.1/40137] INFO  handler.ContextHandler (ContextHandler.java:doStart(915)) - Started o.e.j.w.WebAppContext@38f96672{hddsDatanode,/,file:///tmp/jetty-0_0_0_0-41009-hdds-container-service-1_3_0-SNAPSHOT_jar-_-any-3457347986058734296/webapp/,AVAILABLE}{jar:file:/home/runner/.m2/repository/org/apache/ozone/hdds-container-service/1.3.0-SNAPSHOT/hdds-container-service-1.3.0-SNAPSHOT.jar!/webapps/hddsDatanode}
2022-04-24 04:15:58,649 [Listener at 127.0.0.1/40137] INFO  server.AbstractConnector (AbstractConnector.java:doStart(331)) - Started ServerConnector@6c0f7810{HTTP/1.1, (http/1.1)}{0.0.0.0:41009}
2022-04-24 04:15:58,649 [Listener at 127.0.0.1/40137] INFO  server.Server (Server.java:doStart(415)) - Started @75701ms
2022-04-24 04:15:58,649 [Listener at 127.0.0.1/40137] WARN  impl.MetricsSystemImpl (MetricsSystemImpl.java:register(279)) - Sink prometheus already exists!
2022-04-24 04:15:58,650 [Listener at 127.0.0.1/40137] INFO  http.BaseHttpServer (BaseHttpServer.java:updateConnectorAddress(329)) - HTTP server of hddsDatanode listening at http://0.0.0.0:41009
2022-04-24 04:15:58,658 [Listener at 127.0.0.1/40137] INFO  impl.MetricsSystemImpl (MetricsSystemImpl.java:init(158)) - HddsDatanode metrics system started (again)
2022-04-24 04:15:58,668 [Datanode State Machine Daemon Thread] INFO  statemachine.DatanodeStateMachine (DatanodeStateMachine.java:lambda$startDaemon$0(472)) - Ozone container server started.
2022-04-24 04:15:58,681 [org.apache.hadoop.util.JvmPauseMonitor$Monitor@5f55a6b0] INFO  util.JvmPauseMonitor (JvmPauseMonitor.java:run(188)) - Starting JVM pause monitor
2022-04-24 04:15:58,684 [Datanode State Machine Task Thread - 0] INFO  datanode.InitDatanodeState (InitDatanodeState.java:persistContainerDatanodeDetails(138)) - DatanodeDetails is persisted to /home/runner/work/ozone/ozone/hadoop-ozone/integration-test/target/test-dir/MiniOzoneClusterImpl-e7da0ab5-4936-473d-8bac-46be260cf6da/datanode-2/meta/datanode.id
2022-04-24 04:15:58,689 [Listener at 127.0.0.1/40137] INFO  ozone.HddsDatanodeService (HddsDatanodeService.java:start(233)) - HddsDatanodeService host:fv-az50-870.grzltbmokehuzjyc5b133kdqgh.cx.internal.cloudapp.net ip:10.1.0.15
2022-04-24 04:15:58,724 [Listener at 127.0.0.1/40137] INFO  upgrade.AbstractLayoutVersionManager (AbstractLayoutVersionManager.java:init(79)) - Initializing Layout version manager with metadata layout = ERASURE_CODED_STORAGE_SUPPORT (version = 3), software layout = ERASURE_CODED_STORAGE_SUPPORT (version = 3)
2022-04-24 04:15:59,039 [Listener at 127.0.0.1/40137] INFO  reflections.Reflections (Reflections.java:scan(232)) - Reflections took 313 ms to scan 7 urls, producing 126 keys and 287 values 
2022-04-24 04:15:59,041 [Listener at 127.0.0.1/40137] INFO  statemachine.DatanodeStateMachine (DatanodeStateMachine.java:getEndPointTaskThreadPoolSize(224)) - Datanode State Machine Task Thread Pool size 2
2022-04-24 04:15:59,043 [Listener at 127.0.0.1/40137] INFO  volume.HddsVolume (HddsVolume.java:<init>(120)) - Creating HddsVolume: /home/runner/work/ozone/ozone/hadoop-ozone/integration-test/target/test-dir/MiniOzoneClusterImpl-e7da0ab5-4936-473d-8bac-46be260cf6da/datanode-3/data-0/containers/hdds of storage type : DISK capacity : 9223372036854775807
2022-04-24 04:15:59,043 [Listener at 127.0.0.1/40137] INFO  volume.MutableVolumeSet (MutableVolumeSet.java:initializeVolumeSet(168)) - Added Volume : /home/runner/work/ozone/ozone/hadoop-ozone/integration-test/target/test-dir/MiniOzoneClusterImpl-e7da0ab5-4936-473d-8bac-46be260cf6da/datanode-3/data-0/containers/hdds to VolumeSet
2022-04-24 04:15:59,043 [Listener at 127.0.0.1/40137] INFO  volume.ThrottledAsyncChecker (ThrottledAsyncChecker.java:schedule(141)) - Scheduling a check for /home/runner/work/ozone/ozone/hadoop-ozone/integration-test/target/test-dir/MiniOzoneClusterImpl-e7da0ab5-4936-473d-8bac-46be260cf6da/datanode-3/data-0/containers/hdds
2022-04-24 04:15:59,044 [Listener at 127.0.0.1/40137] INFO  volume.StorageVolumeChecker (StorageVolumeChecker.java:checkAllVolumes(202)) - Scheduled health check for volume /home/runner/work/ozone/ozone/hadoop-ozone/integration-test/target/test-dir/MiniOzoneClusterImpl-e7da0ab5-4936-473d-8bac-46be260cf6da/datanode-3/data-0/containers/hdds
2022-04-24 04:15:59,068 [Listener at 127.0.0.1/40137] INFO  volume.MutableVolumeSet (MutableVolumeSet.java:initializeVolumeSet(168)) - Added Volume : /home/runner/work/ozone/ozone/hadoop-ozone/integration-test/target/test-dir/MiniOzoneClusterImpl-e7da0ab5-4936-473d-8bac-46be260cf6da/datanode-3/data/ratis to VolumeSet
2022-04-24 04:15:59,069 [Listener at 127.0.0.1/40137] INFO  volume.ThrottledAsyncChecker (ThrottledAsyncChecker.java:schedule(141)) - Scheduling a check for /home/runner/work/ozone/ozone/hadoop-ozone/integration-test/target/test-dir/MiniOzoneClusterImpl-e7da0ab5-4936-473d-8bac-46be260cf6da/datanode-3/data/ratis
2022-04-24 04:15:59,069 [Listener at 127.0.0.1/40137] INFO  volume.StorageVolumeChecker (StorageVolumeChecker.java:checkAllVolumes(202)) - Scheduled health check for volume /home/runner/work/ozone/ozone/hadoop-ozone/integration-test/target/test-dir/MiniOzoneClusterImpl-e7da0ab5-4936-473d-8bac-46be260cf6da/datanode-3/data/ratis
2022-04-24 04:15:59,125 [Thread-570] INFO  ozoneimpl.ContainerReader (ContainerReader.java:readVolume(172)) - Finish verifying containers on volume /home/runner/work/ozone/ozone/hadoop-ozone/integration-test/target/test-dir/MiniOzoneClusterImpl-e7da0ab5-4936-473d-8bac-46be260cf6da/datanode-3/data-0/containers/hdds
2022-04-24 04:15:59,126 [Listener at 127.0.0.1/40137] INFO  ozoneimpl.OzoneContainer (OzoneContainer.java:buildContainerSet(257)) - Build ContainerSet costs 0s
2022-04-24 04:15:59,134 [Listener at 127.0.0.1/40137] INFO  server.RaftServer (ConfUtils.java:logGet(44)) - raft.rpc.type = GRPC (default)
2022-04-24 04:15:59,134 [Listener at 127.0.0.1/40137] INFO  grpc.GrpcFactory (GrpcFactory.java:checkPooledByteBufAllocatorUseCacheForAllThreads(48)) - PERFORMANCE WARNING: useCacheForAllThreads is true that may cause Netty to create a lot garbage objects and, as a result, trigger GC.
	It is recommended to disable useCacheForAllThreads by setting -Dorg.apache.ratis.thirdparty.io.netty.allocator.useCacheForAllThreads=false in command line.
2022-04-24 04:15:59,134 [Listener at 127.0.0.1/40137] INFO  grpc.GrpcConfigKeys (ConfUtils.java:logGet(44)) - raft.grpc.admin.port = 0 (custom)
2022-04-24 04:15:59,135 [Listener at 127.0.0.1/40137] INFO  grpc.GrpcConfigKeys (ConfUtils.java:logGet(44)) - raft.grpc.client.port = 0 (custom)
2022-04-24 04:15:59,135 [Listener at 127.0.0.1/40137] INFO  grpc.GrpcConfigKeys (ConfUtils.java:logGet(44)) - raft.grpc.server.port = 0 (default)
2022-04-24 04:15:59,135 [Listener at 127.0.0.1/40137] INFO  server.GrpcService (ConfUtils.java:logGet(44)) - raft.grpc.message.size.max = 32MB (=33554432) (custom)
2022-04-24 04:15:59,135 [Listener at 127.0.0.1/40137] INFO  server.RaftServerConfigKeys (ConfUtils.java:logGet(44)) - raft.server.log.appender.buffer.byte-limit = 33554432 (custom)
2022-04-24 04:15:59,135 [Listener at 127.0.0.1/40137] INFO  server.GrpcService (ConfUtils.java:logGet(44)) - raft.grpc.flow.control.window = 5MB (=5242880) (custom)
2022-04-24 04:15:59,135 [Listener at 127.0.0.1/40137] INFO  server.RaftServerConfigKeys (ConfUtils.java:logGet(44)) - raft.server.rpc.request.timeout = 60s (custom)
2022-04-24 04:15:59,136 [Listener at 127.0.0.1/40137] INFO  impl.DataStreamServerImpl (ConfUtils.java:logGet(44)) - raft.datastream.type = DISABLED (default)
2022-04-24 04:15:59,137 [Listener at 127.0.0.1/40137] INFO  server.RaftServerConfigKeys (ConfUtils.java:logGet(44)) - raft.server.rpc.slowness.timeout = 300s (custom)
2022-04-24 04:15:59,137 [Listener at 127.0.0.1/40137] INFO  server.RaftServerConfigKeys (ConfUtils.java:logGet(44)) - raft.server.leaderelection.leader.step-down.wait-time = 10s (default)
2022-04-24 04:15:59,137 [Listener at 127.0.0.1/40137] INFO  server.RaftServerConfigKeys (ConfUtils.java:logGet(44)) - raft.server.storage.dir = [/home/runner/work/ozone/ozone/hadoop-ozone/integration-test/target/test-dir/MiniOzoneClusterImpl-e7da0ab5-4936-473d-8bac-46be260cf6da/datanode-3/data/ratis] (custom)
2022-04-24 04:15:59,151 [Listener at 127.0.0.1/40137] INFO  server.XceiverServerGrpc (XceiverServerGrpc.java:<init>(132)) - GrpcServer channel type EpollServerSocketChannel
2022-04-24 04:15:59,166 [Listener at 127.0.0.1/40137] INFO  http.BaseHttpServer (BaseHttpServer.java:newHttpServer2BuilderForOzone(209)) - Starting Web-server for hddsDatanode at: http://0.0.0.0:0
2022-04-24 04:15:59,166 [Listener at 127.0.0.1/40137] INFO  http.BaseHttpServer (BaseHttpServer.java:<init>(107)) - Hadoop Security Enabled: false Ozone Security Enabled: false Ozone HTTP Security Enabled: false 
2022-04-24 04:15:59,167 [Listener at 127.0.0.1/40137] INFO  server.AuthenticationFilter (AuthenticationFilter.java:constructSecretProvider(240)) - Unable to initialize FileSignerSecretProvider, falling back to use random secrets.
2022-04-24 04:15:59,183 [Listener at 127.0.0.1/40137] WARN  http.HttpRequestLog (HttpRequestLog.java:getRequestLog(103)) - Jetty request log can only be enabled using Log4j
2022-04-24 04:15:59,184 [Listener at 127.0.0.1/40137] INFO  http.HttpServer2 (HttpServer2.java:addGlobalFilter(1030)) - Added global filter 'safety' (class=org.apache.hadoop.hdds.server.http.HttpServer2$QuotingInputFilter)
2022-04-24 04:15:59,185 [Listener at 127.0.0.1/40137] INFO  http.HttpServer2 (HttpServer2.java:addFilter(1006)) - Added filter static_user_filter (class=org.apache.hadoop.http.lib.StaticUserWebFilter$StaticUserFilter) to context hddsDatanode
2022-04-24 04:15:59,185 [Listener at 127.0.0.1/40137] INFO  http.HttpServer2 (HttpServer2.java:addFilter(1014)) - Added filter static_user_filter (class=org.apache.hadoop.http.lib.StaticUserWebFilter$StaticUserFilter) to context static
2022-04-24 04:15:59,185 [Listener at 127.0.0.1/40137] INFO  http.HttpServer2 (HttpServer2.java:addFilter(1014)) - Added filter static_user_filter (class=org.apache.hadoop.http.lib.StaticUserWebFilter$StaticUserFilter) to context logs
2022-04-24 04:15:59,186 [Listener at 127.0.0.1/40137] INFO  http.HttpServer2 (HttpServer2.java:bindListener(1249)) - Jetty bound to port 43897
2022-04-24 04:15:59,186 [Listener at 127.0.0.1/40137] INFO  server.Server (Server.java:doStart(375)) - jetty-9.4.43.v20210629; built: 2021-06-30T11:07:22.254Z; git: 526006ecfa3af7f1a27ef3a288e2bef7ea9dd7e8; jvm 1.8.0_322-b06
2022-04-24 04:15:59,238 [Listener at 127.0.0.1/40137] INFO  server.session (DefaultSessionIdManager.java:doStart(334)) - DefaultSessionIdManager workerName=node0
2022-04-24 04:15:59,238 [Listener at 127.0.0.1/40137] INFO  server.session (DefaultSessionIdManager.java:doStart(339)) - No SessionScavenger set, using defaults
2022-04-24 04:15:59,238 [Listener at 127.0.0.1/40137] INFO  server.session (HouseKeeper.java:startScavenging(132)) - node0 Scavenging every 660000ms
2022-04-24 04:15:59,239 [Listener at 127.0.0.1/40137] INFO  handler.ContextHandler (ContextHandler.java:doStart(915)) - Started o.e.j.s.ServletContextHandler@7f0bc723{logs,/logs,file:///home/runner/work/ozone/ozone/hadoop-ozone/integration-test/target/log,AVAILABLE}
2022-04-24 04:15:59,240 [Listener at 127.0.0.1/40137] INFO  handler.ContextHandler (ContextHandler.java:doStart(915)) - Started o.e.j.s.ServletContextHandler@52d2a313{static,/static,jar:file:/home/runner/.m2/repository/org/apache/ozone/hdds-container-service/1.3.0-SNAPSHOT/hdds-container-service-1.3.0-SNAPSHOT.jar!/webapps/static,AVAILABLE}
2022-04-24 04:15:59,382 [Listener at 127.0.0.1/40137] INFO  handler.ContextHandler (ContextHandler.java:doStart(915)) - Started o.e.j.w.WebAppContext@7b0fce68{hddsDatanode,/,file:///tmp/jetty-0_0_0_0-43897-hdds-container-service-1_3_0-SNAPSHOT_jar-_-any-6037672884288762675/webapp/,AVAILABLE}{jar:file:/home/runner/.m2/repository/org/apache/ozone/hdds-container-service/1.3.0-SNAPSHOT/hdds-container-service-1.3.0-SNAPSHOT.jar!/webapps/hddsDatanode}
2022-04-24 04:15:59,397 [Listener at 127.0.0.1/40137] INFO  server.AbstractConnector (AbstractConnector.java:doStart(331)) - Started ServerConnector@15eae4fa{HTTP/1.1, (http/1.1)}{0.0.0.0:43897}
2022-04-24 04:15:59,398 [Listener at 127.0.0.1/40137] INFO  server.Server (Server.java:doStart(415)) - Started @76450ms
2022-04-24 04:15:59,398 [Listener at 127.0.0.1/40137] WARN  impl.MetricsSystemImpl (MetricsSystemImpl.java:register(279)) - Sink prometheus already exists!
2022-04-24 04:15:59,399 [Listener at 127.0.0.1/40137] INFO  http.BaseHttpServer (BaseHttpServer.java:updateConnectorAddress(329)) - HTTP server of hddsDatanode listening at http://0.0.0.0:43897
2022-04-24 04:15:59,402 [Listener at 127.0.0.1/40137] INFO  impl.MetricsSystemImpl (MetricsSystemImpl.java:init(158)) - HddsDatanode metrics system started (again)
2022-04-24 04:15:59,405 [Datanode State Machine Daemon Thread] INFO  statemachine.DatanodeStateMachine (DatanodeStateMachine.java:lambda$startDaemon$0(472)) - Ozone container server started.
2022-04-24 04:15:59,441 [Listener at 127.0.0.1/40137] INFO  ozone.HddsDatanodeService (HddsDatanodeService.java:start(233)) - HddsDatanodeService host:fv-az50-870.grzltbmokehuzjyc5b133kdqgh.cx.internal.cloudapp.net ip:10.1.0.15
2022-04-24 04:15:59,442 [org.apache.hadoop.util.JvmPauseMonitor$Monitor@2723c81d] INFO  util.JvmPauseMonitor (JvmPauseMonitor.java:run(188)) - Starting JVM pause monitor
2022-04-24 04:15:59,475 [Datanode State Machine Task Thread - 0] INFO  datanode.InitDatanodeState (InitDatanodeState.java:persistContainerDatanodeDetails(138)) - DatanodeDetails is persisted to /home/runner/work/ozone/ozone/hadoop-ozone/integration-test/target/test-dir/MiniOzoneClusterImpl-e7da0ab5-4936-473d-8bac-46be260cf6da/datanode-3/meta/datanode.id
2022-04-24 04:15:59,495 [Listener at 127.0.0.1/40137] INFO  upgrade.AbstractLayoutVersionManager (AbstractLayoutVersionManager.java:init(79)) - Initializing Layout version manager with metadata layout = ERASURE_CODED_STORAGE_SUPPORT (version = 3), software layout = ERASURE_CODED_STORAGE_SUPPORT (version = 3)
2022-04-24 04:15:59,570 [Listener at 127.0.0.1/40137] INFO  reflections.Reflections (Reflections.java:scan(232)) - Reflections took 73 ms to scan 7 urls, producing 126 keys and 287 values 
2022-04-24 04:15:59,572 [Listener at 127.0.0.1/40137] INFO  statemachine.DatanodeStateMachine (DatanodeStateMachine.java:getEndPointTaskThreadPoolSize(224)) - Datanode State Machine Task Thread Pool size 2
2022-04-24 04:15:59,576 [Listener at 127.0.0.1/40137] INFO  volume.HddsVolume (HddsVolume.java:<init>(120)) - Creating HddsVolume: /home/runner/work/ozone/ozone/hadoop-ozone/integration-test/target/test-dir/MiniOzoneClusterImpl-e7da0ab5-4936-473d-8bac-46be260cf6da/datanode-4/data-0/containers/hdds of storage type : DISK capacity : 9223372036854775807
2022-04-24 04:15:59,576 [Listener at 127.0.0.1/40137] INFO  volume.MutableVolumeSet (MutableVolumeSet.java:initializeVolumeSet(168)) - Added Volume : /home/runner/work/ozone/ozone/hadoop-ozone/integration-test/target/test-dir/MiniOzoneClusterImpl-e7da0ab5-4936-473d-8bac-46be260cf6da/datanode-4/data-0/containers/hdds to VolumeSet
2022-04-24 04:15:59,576 [Listener at 127.0.0.1/40137] INFO  volume.ThrottledAsyncChecker (ThrottledAsyncChecker.java:schedule(141)) - Scheduling a check for /home/runner/work/ozone/ozone/hadoop-ozone/integration-test/target/test-dir/MiniOzoneClusterImpl-e7da0ab5-4936-473d-8bac-46be260cf6da/datanode-4/data-0/containers/hdds
2022-04-24 04:15:59,581 [Listener at 127.0.0.1/40137] INFO  volume.StorageVolumeChecker (StorageVolumeChecker.java:checkAllVolumes(202)) - Scheduled health check for volume /home/runner/work/ozone/ozone/hadoop-ozone/integration-test/target/test-dir/MiniOzoneClusterImpl-e7da0ab5-4936-473d-8bac-46be260cf6da/datanode-4/data-0/containers/hdds
2022-04-24 04:15:59,593 [Listener at 127.0.0.1/40137] INFO  volume.MutableVolumeSet (MutableVolumeSet.java:initializeVolumeSet(168)) - Added Volume : /home/runner/work/ozone/ozone/hadoop-ozone/integration-test/target/test-dir/MiniOzoneClusterImpl-e7da0ab5-4936-473d-8bac-46be260cf6da/datanode-4/data/ratis to VolumeSet
2022-04-24 04:15:59,594 [Listener at 127.0.0.1/40137] INFO  volume.ThrottledAsyncChecker (ThrottledAsyncChecker.java:schedule(141)) - Scheduling a check for /home/runner/work/ozone/ozone/hadoop-ozone/integration-test/target/test-dir/MiniOzoneClusterImpl-e7da0ab5-4936-473d-8bac-46be260cf6da/datanode-4/data/ratis
2022-04-24 04:15:59,594 [Listener at 127.0.0.1/40137] INFO  volume.StorageVolumeChecker (StorageVolumeChecker.java:checkAllVolumes(202)) - Scheduled health check for volume /home/runner/work/ozone/ozone/hadoop-ozone/integration-test/target/test-dir/MiniOzoneClusterImpl-e7da0ab5-4936-473d-8bac-46be260cf6da/datanode-4/data/ratis
2022-04-24 04:15:59,620 [Thread-582] INFO  ozoneimpl.ContainerReader (ContainerReader.java:readVolume(172)) - Finish verifying containers on volume /home/runner/work/ozone/ozone/hadoop-ozone/integration-test/target/test-dir/MiniOzoneClusterImpl-e7da0ab5-4936-473d-8bac-46be260cf6da/datanode-4/data-0/containers/hdds
2022-04-24 04:15:59,620 [Listener at 127.0.0.1/40137] INFO  ozoneimpl.OzoneContainer (OzoneContainer.java:buildContainerSet(257)) - Build ContainerSet costs 0s
2022-04-24 04:15:59,622 [Listener at 127.0.0.1/40137] INFO  server.RaftServer (ConfUtils.java:logGet(44)) - raft.rpc.type = GRPC (default)
2022-04-24 04:15:59,623 [Listener at 127.0.0.1/40137] INFO  grpc.GrpcFactory (GrpcFactory.java:checkPooledByteBufAllocatorUseCacheForAllThreads(48)) - PERFORMANCE WARNING: useCacheForAllThreads is true that may cause Netty to create a lot garbage objects and, as a result, trigger GC.
	It is recommended to disable useCacheForAllThreads by setting -Dorg.apache.ratis.thirdparty.io.netty.allocator.useCacheForAllThreads=false in command line.
2022-04-24 04:15:59,623 [Listener at 127.0.0.1/40137] INFO  grpc.GrpcConfigKeys (ConfUtils.java:logGet(44)) - raft.grpc.admin.port = 0 (custom)
2022-04-24 04:15:59,623 [Listener at 127.0.0.1/40137] INFO  grpc.GrpcConfigKeys (ConfUtils.java:logGet(44)) - raft.grpc.client.port = 0 (custom)
2022-04-24 04:15:59,623 [Listener at 127.0.0.1/40137] INFO  grpc.GrpcConfigKeys (ConfUtils.java:logGet(44)) - raft.grpc.server.port = 0 (default)
2022-04-24 04:15:59,623 [Listener at 127.0.0.1/40137] INFO  server.GrpcService (ConfUtils.java:logGet(44)) - raft.grpc.message.size.max = 32MB (=33554432) (custom)
2022-04-24 04:15:59,623 [Listener at 127.0.0.1/40137] INFO  server.RaftServerConfigKeys (ConfUtils.java:logGet(44)) - raft.server.log.appender.buffer.byte-limit = 33554432 (custom)
2022-04-24 04:15:59,623 [Listener at 127.0.0.1/40137] INFO  server.GrpcService (ConfUtils.java:logGet(44)) - raft.grpc.flow.control.window = 5MB (=5242880) (custom)
2022-04-24 04:15:59,624 [Listener at 127.0.0.1/40137] INFO  server.RaftServerConfigKeys (ConfUtils.java:logGet(44)) - raft.server.rpc.request.timeout = 60s (custom)
2022-04-24 04:15:59,625 [Listener at 127.0.0.1/40137] INFO  impl.DataStreamServerImpl (ConfUtils.java:logGet(44)) - raft.datastream.type = DISABLED (default)
2022-04-24 04:15:59,625 [Listener at 127.0.0.1/40137] INFO  server.RaftServerConfigKeys (ConfUtils.java:logGet(44)) - raft.server.rpc.slowness.timeout = 300s (custom)
2022-04-24 04:15:59,625 [Listener at 127.0.0.1/40137] INFO  server.RaftServerConfigKeys (ConfUtils.java:logGet(44)) - raft.server.leaderelection.leader.step-down.wait-time = 10s (default)
2022-04-24 04:15:59,631 [Listener at 127.0.0.1/40137] INFO  server.RaftServerConfigKeys (ConfUtils.java:logGet(44)) - raft.server.storage.dir = [/home/runner/work/ozone/ozone/hadoop-ozone/integration-test/target/test-dir/MiniOzoneClusterImpl-e7da0ab5-4936-473d-8bac-46be260cf6da/datanode-4/data/ratis] (custom)
2022-04-24 04:15:59,633 [Listener at 127.0.0.1/40137] INFO  server.XceiverServerGrpc (XceiverServerGrpc.java:<init>(132)) - GrpcServer channel type EpollServerSocketChannel
2022-04-24 04:15:59,659 [Listener at 127.0.0.1/40137] INFO  http.BaseHttpServer (BaseHttpServer.java:newHttpServer2BuilderForOzone(209)) - Starting Web-server for hddsDatanode at: http://0.0.0.0:0
2022-04-24 04:15:59,661 [Listener at 127.0.0.1/40137] INFO  http.BaseHttpServer (BaseHttpServer.java:<init>(107)) - Hadoop Security Enabled: false Ozone Security Enabled: false Ozone HTTP Security Enabled: false 
2022-04-24 04:15:59,663 [Listener at 127.0.0.1/40137] INFO  server.AuthenticationFilter (AuthenticationFilter.java:constructSecretProvider(240)) - Unable to initialize FileSignerSecretProvider, falling back to use random secrets.
2022-04-24 04:15:59,675 [Listener at 127.0.0.1/40137] WARN  http.HttpRequestLog (HttpRequestLog.java:getRequestLog(103)) - Jetty request log can only be enabled using Log4j
2022-04-24 04:15:59,676 [Listener at 127.0.0.1/40137] INFO  http.HttpServer2 (HttpServer2.java:addGlobalFilter(1030)) - Added global filter 'safety' (class=org.apache.hadoop.hdds.server.http.HttpServer2$QuotingInputFilter)
2022-04-24 04:15:59,677 [Listener at 127.0.0.1/40137] INFO  http.HttpServer2 (HttpServer2.java:addFilter(1006)) - Added filter static_user_filter (class=org.apache.hadoop.http.lib.StaticUserWebFilter$StaticUserFilter) to context hddsDatanode
2022-04-24 04:15:59,677 [Listener at 127.0.0.1/40137] INFO  http.HttpServer2 (HttpServer2.java:addFilter(1014)) - Added filter static_user_filter (class=org.apache.hadoop.http.lib.StaticUserWebFilter$StaticUserFilter) to context static
2022-04-24 04:15:59,677 [Listener at 127.0.0.1/40137] INFO  http.HttpServer2 (HttpServer2.java:addFilter(1014)) - Added filter static_user_filter (class=org.apache.hadoop.http.lib.StaticUserWebFilter$StaticUserFilter) to context logs
2022-04-24 04:15:59,680 [Listener at 127.0.0.1/40137] INFO  http.HttpServer2 (HttpServer2.java:bindListener(1249)) - Jetty bound to port 36921
2022-04-24 04:15:59,681 [Listener at 127.0.0.1/40137] INFO  server.Server (Server.java:doStart(375)) - jetty-9.4.43.v20210629; built: 2021-06-30T11:07:22.254Z; git: 526006ecfa3af7f1a27ef3a288e2bef7ea9dd7e8; jvm 1.8.0_322-b06
2022-04-24 04:15:59,735 [Listener at 127.0.0.1/40137] INFO  server.session (DefaultSessionIdManager.java:doStart(334)) - DefaultSessionIdManager workerName=node0
2022-04-24 04:15:59,735 [Listener at 127.0.0.1/40137] INFO  server.session (DefaultSessionIdManager.java:doStart(339)) - No SessionScavenger set, using defaults
2022-04-24 04:15:59,735 [Listener at 127.0.0.1/40137] INFO  server.session (HouseKeeper.java:startScavenging(132)) - node0 Scavenging every 600000ms
2022-04-24 04:15:59,736 [Listener at 127.0.0.1/40137] INFO  handler.ContextHandler (ContextHandler.java:doStart(915)) - Started o.e.j.s.ServletContextHandler@67452d8{logs,/logs,file:///home/runner/work/ozone/ozone/hadoop-ozone/integration-test/target/log,AVAILABLE}
2022-04-24 04:15:59,737 [Listener at 127.0.0.1/40137] INFO  handler.ContextHandler (ContextHandler.java:doStart(915)) - Started o.e.j.s.ServletContextHandler@65ec5a7e{static,/static,jar:file:/home/runner/.m2/repository/org/apache/ozone/hdds-container-service/1.3.0-SNAPSHOT/hdds-container-service-1.3.0-SNAPSHOT.jar!/webapps/static,AVAILABLE}
2022-04-24 04:15:59,822 [Listener at 127.0.0.1/40137] INFO  handler.ContextHandler (ContextHandler.java:doStart(915)) - Started o.e.j.w.WebAppContext@1e4fd633{hddsDatanode,/,file:///tmp/jetty-0_0_0_0-36921-hdds-container-service-1_3_0-SNAPSHOT_jar-_-any-964151964623933417/webapp/,AVAILABLE}{jar:file:/home/runner/.m2/repository/org/apache/ozone/hdds-container-service/1.3.0-SNAPSHOT/hdds-container-service-1.3.0-SNAPSHOT.jar!/webapps/hddsDatanode}
2022-04-24 04:15:59,836 [Listener at 127.0.0.1/40137] INFO  server.AbstractConnector (AbstractConnector.java:doStart(331)) - Started ServerConnector@14abfc39{HTTP/1.1, (http/1.1)}{0.0.0.0:36921}
2022-04-24 04:15:59,836 [Listener at 127.0.0.1/40137] INFO  server.Server (Server.java:doStart(415)) - Started @76888ms
2022-04-24 04:15:59,836 [Listener at 127.0.0.1/40137] WARN  impl.MetricsSystemImpl (MetricsSystemImpl.java:register(279)) - Sink prometheus already exists!
2022-04-24 04:15:59,839 [Listener at 127.0.0.1/40137] INFO  http.BaseHttpServer (BaseHttpServer.java:updateConnectorAddress(329)) - HTTP server of hddsDatanode listening at http://0.0.0.0:36921
2022-04-24 04:15:59,844 [Listener at 127.0.0.1/40137] INFO  ozone.MiniOzoneClusterImpl (MiniOzoneClusterImpl.java:lambda$waitForClusterToBeReady$0(221)) - Waiting for nodes to be ready. Got 0 of 5 DN Heartbeats.
2022-04-24 04:15:59,844 [Listener at 127.0.0.1/40137] INFO  ozone.MiniOzoneClusterImpl (MiniOzoneClusterImpl.java:lambda$waitForClusterToBeReady$0(224)) - Waiting for cluster to exit safe mode
2022-04-24 04:15:59,844 [Listener at 127.0.0.1/40137] INFO  ozone.MiniOzoneClusterImpl (MiniOzoneClusterImpl.java:lambda$waitForClusterToBeReady$0(226)) - SCM became leader
2022-04-24 04:15:59,845 [Datanode State Machine Daemon Thread] INFO  statemachine.DatanodeStateMachine (DatanodeStateMachine.java:lambda$startDaemon$0(472)) - Ozone container server started.
2022-04-24 04:15:59,878 [org.apache.hadoop.util.JvmPauseMonitor$Monitor@528a9118] INFO  util.JvmPauseMonitor (JvmPauseMonitor.java:run(188)) - Starting JVM pause monitor
2022-04-24 04:15:59,890 [Datanode State Machine Task Thread - 0] INFO  datanode.InitDatanodeState (InitDatanodeState.java:persistContainerDatanodeDetails(138)) - DatanodeDetails is persisted to /home/runner/work/ozone/ozone/hadoop-ozone/integration-test/target/test-dir/MiniOzoneClusterImpl-e7da0ab5-4936-473d-8bac-46be260cf6da/datanode-4/meta/datanode.id
2022-04-24 04:15:59,938 [EndpointStateMachine task thread for /0.0.0.0:38325 - 0 ] INFO  ozoneimpl.OzoneContainer (OzoneContainer.java:start(335)) - Attempting to start container services.
2022-04-24 04:15:59,939 [EndpointStateMachine task thread for /0.0.0.0:38325 - 0 ] INFO  ozoneimpl.OzoneContainer (OzoneContainer.java:startContainerScrub(270)) - Background container scanner has been disabled.
2022-04-24 04:15:59,952 [EndpointStateMachine task thread for /0.0.0.0:38325 - 0 ] INFO  replication.ReplicationServer (ReplicationServer.java:start(111)) - ReplicationServer is started using port 38105
2022-04-24 04:15:59,953 [EndpointStateMachine task thread for /0.0.0.0:38325 - 0 ] INFO  ratis.XceiverServerRatis (XceiverServerRatis.java:start(481)) - Starting XceiverServerRatis 862c3159-621e-4808-8fb5-192a2fed7743
2022-04-24 04:15:59,957 [EndpointStateMachine task thread for /0.0.0.0:38325 - 0 ] INFO  server.RaftServer (RaftServerProxy.java:lambda$start$5(374)) - 862c3159-621e-4808-8fb5-192a2fed7743: start RPC server
2022-04-24 04:15:59,957 [EndpointStateMachine task thread for /0.0.0.0:38325 - 0 ] INFO  server.GrpcService (GrpcService.java:startImpl(253)) - 862c3159-621e-4808-8fb5-192a2fed7743: GrpcService started, listening on 38757
2022-04-24 04:15:59,961 [EndpointStateMachine task thread for /0.0.0.0:38325 - 0 ] INFO  ratis.XceiverServerRatis (XceiverServerRatis.java:getRealPort(502)) - XceiverServerRatis 862c3159-621e-4808-8fb5-192a2fed7743 is started using port 38757 for RATIS
2022-04-24 04:15:59,961 [EndpointStateMachine task thread for /0.0.0.0:38325 - 0 ] INFO  ratis.XceiverServerRatis (XceiverServerRatis.java:getRealPort(502)) - XceiverServerRatis 862c3159-621e-4808-8fb5-192a2fed7743 is started using port 38757 for RATIS_ADMIN
2022-04-24 04:15:59,961 [EndpointStateMachine task thread for /0.0.0.0:38325 - 0 ] INFO  ratis.XceiverServerRatis (XceiverServerRatis.java:getRealPort(502)) - XceiverServerRatis 862c3159-621e-4808-8fb5-192a2fed7743 is started using port 38757 for RATIS_SERVER
2022-04-24 04:15:59,962 [org.apache.ratis.util.JvmPauseMonitor$$Lambda$580/177642409@513d9eb1] INFO  util.JvmPauseMonitor (JvmPauseMonitor.java:run(103)) - JvmPauseMonitor-862c3159-621e-4808-8fb5-192a2fed7743: Started
2022-04-24 04:15:59,968 [EndpointStateMachine task thread for /0.0.0.0:38325 - 0 ] INFO  server.XceiverServerGrpc (XceiverServerGrpc.java:start(180)) - XceiverServerGrpc 862c3159-621e-4808-8fb5-192a2fed7743 is started using port 34309
2022-04-24 04:16:00,305 [EndpointStateMachine task thread for /0.0.0.0:38325 - 0 ] INFO  ozoneimpl.OzoneContainer (OzoneContainer.java:start(335)) - Attempting to start container services.
2022-04-24 04:16:00,306 [EndpointStateMachine task thread for /0.0.0.0:38325 - 0 ] INFO  ozoneimpl.OzoneContainer (OzoneContainer.java:startContainerScrub(270)) - Background container scanner has been disabled.
2022-04-24 04:16:00,308 [EndpointStateMachine task thread for /0.0.0.0:38325 - 0 ] INFO  replication.ReplicationServer (ReplicationServer.java:start(111)) - ReplicationServer is started using port 43807
2022-04-24 04:16:00,313 [EndpointStateMachine task thread for /0.0.0.0:38325 - 0 ] INFO  ratis.XceiverServerRatis (XceiverServerRatis.java:start(481)) - Starting XceiverServerRatis 1de514c8-4282-4370-a982-a3c391975046
2022-04-24 04:16:00,314 [EndpointStateMachine task thread for /0.0.0.0:38325 - 0 ] INFO  server.RaftServer (RaftServerProxy.java:lambda$start$5(374)) - 1de514c8-4282-4370-a982-a3c391975046: start RPC server
2022-04-24 04:16:00,331 [EndpointStateMachine task thread for /0.0.0.0:38325 - 0 ] INFO  server.GrpcService (GrpcService.java:startImpl(253)) - 1de514c8-4282-4370-a982-a3c391975046: GrpcService started, listening on 35459
2022-04-24 04:16:00,332 [EndpointStateMachine task thread for /0.0.0.0:38325 - 0 ] INFO  ratis.XceiverServerRatis (XceiverServerRatis.java:getRealPort(502)) - XceiverServerRatis 1de514c8-4282-4370-a982-a3c391975046 is started using port 35459 for RATIS
2022-04-24 04:16:00,332 [EndpointStateMachine task thread for /0.0.0.0:38325 - 0 ] INFO  ratis.XceiverServerRatis (XceiverServerRatis.java:getRealPort(502)) - XceiverServerRatis 1de514c8-4282-4370-a982-a3c391975046 is started using port 35459 for RATIS_ADMIN
2022-04-24 04:16:00,332 [EndpointStateMachine task thread for /0.0.0.0:38325 - 0 ] INFO  ratis.XceiverServerRatis (XceiverServerRatis.java:getRealPort(502)) - XceiverServerRatis 1de514c8-4282-4370-a982-a3c391975046 is started using port 35459 for RATIS_SERVER
2022-04-24 04:16:00,332 [org.apache.ratis.util.JvmPauseMonitor$$Lambda$580/177642409@46df84e0] INFO  util.JvmPauseMonitor (JvmPauseMonitor.java:run(103)) - JvmPauseMonitor-1de514c8-4282-4370-a982-a3c391975046: Started
2022-04-24 04:16:00,334 [EndpointStateMachine task thread for /0.0.0.0:38325 - 0 ] INFO  server.XceiverServerGrpc (XceiverServerGrpc.java:start(180)) - XceiverServerGrpc 1de514c8-4282-4370-a982-a3c391975046 is started using port 46095
2022-04-24 04:16:00,689 [EndpointStateMachine task thread for /0.0.0.0:38325 - 0 ] INFO  ozoneimpl.OzoneContainer (OzoneContainer.java:start(335)) - Attempting to start container services.
2022-04-24 04:16:00,689 [EndpointStateMachine task thread for /0.0.0.0:38325 - 0 ] INFO  ozoneimpl.OzoneContainer (OzoneContainer.java:startContainerScrub(270)) - Background container scanner has been disabled.
2022-04-24 04:16:00,690 [EndpointStateMachine task thread for /0.0.0.0:38325 - 0 ] INFO  replication.ReplicationServer (ReplicationServer.java:start(111)) - ReplicationServer is started using port 33499
2022-04-24 04:16:00,691 [EndpointStateMachine task thread for /0.0.0.0:38325 - 0 ] INFO  ratis.XceiverServerRatis (XceiverServerRatis.java:start(481)) - Starting XceiverServerRatis 895edd85-c017-4033-b7e9-810222bcedda
2022-04-24 04:16:00,698 [EndpointStateMachine task thread for /0.0.0.0:38325 - 0 ] INFO  server.RaftServer (RaftServerProxy.java:lambda$start$5(374)) - 895edd85-c017-4033-b7e9-810222bcedda: start RPC server
2022-04-24 04:16:00,698 [EndpointStateMachine task thread for /0.0.0.0:38325 - 0 ] INFO  server.GrpcService (GrpcService.java:startImpl(253)) - 895edd85-c017-4033-b7e9-810222bcedda: GrpcService started, listening on 44303
2022-04-24 04:16:00,699 [EndpointStateMachine task thread for /0.0.0.0:38325 - 0 ] INFO  ratis.XceiverServerRatis (XceiverServerRatis.java:getRealPort(502)) - XceiverServerRatis 895edd85-c017-4033-b7e9-810222bcedda is started using port 44303 for RATIS
2022-04-24 04:16:00,699 [EndpointStateMachine task thread for /0.0.0.0:38325 - 0 ] INFO  ratis.XceiverServerRatis (XceiverServerRatis.java:getRealPort(502)) - XceiverServerRatis 895edd85-c017-4033-b7e9-810222bcedda is started using port 44303 for RATIS_ADMIN
2022-04-24 04:16:00,699 [EndpointStateMachine task thread for /0.0.0.0:38325 - 0 ] INFO  ratis.XceiverServerRatis (XceiverServerRatis.java:getRealPort(502)) - XceiverServerRatis 895edd85-c017-4033-b7e9-810222bcedda is started using port 44303 for RATIS_SERVER
2022-04-24 04:16:00,699 [org.apache.ratis.util.JvmPauseMonitor$$Lambda$580/177642409@22ab8142] INFO  util.JvmPauseMonitor (JvmPauseMonitor.java:run(103)) - JvmPauseMonitor-895edd85-c017-4033-b7e9-810222bcedda: Started
2022-04-24 04:16:00,700 [EndpointStateMachine task thread for /0.0.0.0:38325 - 0 ] INFO  server.XceiverServerGrpc (XceiverServerGrpc.java:start(180)) - XceiverServerGrpc 895edd85-c017-4033-b7e9-810222bcedda is started using port 37299
2022-04-24 04:16:00,844 [Listener at 127.0.0.1/40137] INFO  ozone.MiniOzoneClusterImpl (MiniOzoneClusterImpl.java:lambda$waitForClusterToBeReady$0(221)) - Waiting for nodes to be ready. Got 0 of 5 DN Heartbeats.
2022-04-24 04:16:00,844 [Listener at 127.0.0.1/40137] INFO  ozone.MiniOzoneClusterImpl (MiniOzoneClusterImpl.java:lambda$waitForClusterToBeReady$0(224)) - Waiting for cluster to exit safe mode
2022-04-24 04:16:00,845 [Listener at 127.0.0.1/40137] INFO  ozone.MiniOzoneClusterImpl (MiniOzoneClusterImpl.java:lambda$waitForClusterToBeReady$0(226)) - SCM became leader
2022-04-24 04:16:01,450 [EndpointStateMachine task thread for /0.0.0.0:38325 - 0 ] INFO  ozoneimpl.OzoneContainer (OzoneContainer.java:start(335)) - Attempting to start container services.
2022-04-24 04:16:01,450 [EndpointStateMachine task thread for /0.0.0.0:38325 - 0 ] INFO  ozoneimpl.OzoneContainer (OzoneContainer.java:startContainerScrub(270)) - Background container scanner has been disabled.
2022-04-24 04:16:01,451 [EndpointStateMachine task thread for /0.0.0.0:38325 - 0 ] INFO  replication.ReplicationServer (ReplicationServer.java:start(111)) - ReplicationServer is started using port 39615
2022-04-24 04:16:01,456 [EndpointStateMachine task thread for /0.0.0.0:38325 - 0 ] INFO  ratis.XceiverServerRatis (XceiverServerRatis.java:start(481)) - Starting XceiverServerRatis e5466937-965b-4b6e-8204-a37ae84ad2ab
2022-04-24 04:16:01,458 [EndpointStateMachine task thread for /0.0.0.0:38325 - 0 ] INFO  server.RaftServer (RaftServerProxy.java:lambda$start$5(374)) - e5466937-965b-4b6e-8204-a37ae84ad2ab: start RPC server
2022-04-24 04:16:01,458 [EndpointStateMachine task thread for /0.0.0.0:38325 - 0 ] INFO  server.GrpcService (GrpcService.java:startImpl(253)) - e5466937-965b-4b6e-8204-a37ae84ad2ab: GrpcService started, listening on 45821
2022-04-24 04:16:01,459 [EndpointStateMachine task thread for /0.0.0.0:38325 - 0 ] INFO  ratis.XceiverServerRatis (XceiverServerRatis.java:getRealPort(502)) - XceiverServerRatis e5466937-965b-4b6e-8204-a37ae84ad2ab is started using port 45821 for RATIS
2022-04-24 04:16:01,459 [EndpointStateMachine task thread for /0.0.0.0:38325 - 0 ] INFO  ratis.XceiverServerRatis (XceiverServerRatis.java:getRealPort(502)) - XceiverServerRatis e5466937-965b-4b6e-8204-a37ae84ad2ab is started using port 45821 for RATIS_ADMIN
2022-04-24 04:16:01,459 [EndpointStateMachine task thread for /0.0.0.0:38325 - 0 ] INFO  ratis.XceiverServerRatis (XceiverServerRatis.java:getRealPort(502)) - XceiverServerRatis e5466937-965b-4b6e-8204-a37ae84ad2ab is started using port 45821 for RATIS_SERVER
2022-04-24 04:16:01,459 [org.apache.ratis.util.JvmPauseMonitor$$Lambda$580/177642409@1a5b8efa] INFO  util.JvmPauseMonitor (JvmPauseMonitor.java:run(103)) - JvmPauseMonitor-e5466937-965b-4b6e-8204-a37ae84ad2ab: Started
2022-04-24 04:16:01,460 [EndpointStateMachine task thread for /0.0.0.0:38325 - 0 ] INFO  server.XceiverServerGrpc (XceiverServerGrpc.java:start(180)) - XceiverServerGrpc e5466937-965b-4b6e-8204-a37ae84ad2ab is started using port 37409
2022-04-24 04:16:01,845 [Listener at 127.0.0.1/40137] INFO  ozone.MiniOzoneClusterImpl (MiniOzoneClusterImpl.java:lambda$waitForClusterToBeReady$0(221)) - Waiting for nodes to be ready. Got 0 of 5 DN Heartbeats.
2022-04-24 04:16:01,845 [Listener at 127.0.0.1/40137] INFO  ozone.MiniOzoneClusterImpl (MiniOzoneClusterImpl.java:lambda$waitForClusterToBeReady$0(224)) - Waiting for cluster to exit safe mode
2022-04-24 04:16:01,845 [Listener at 127.0.0.1/40137] INFO  ozone.MiniOzoneClusterImpl (MiniOzoneClusterImpl.java:lambda$waitForClusterToBeReady$0(226)) - SCM became leader
2022-04-24 04:16:01,859 [IPC Server handler 1 on default port 38325] INFO  net.NetworkTopologyImpl (NetworkTopologyImpl.java:add(112)) - Added a new node: /default-rack/862c3159-621e-4808-8fb5-192a2fed7743
2022-04-24 04:16:01,859 [IPC Server handler 1 on default port 38325] INFO  node.SCMNodeManager (SCMNodeManager.java:register(391)) - Registered Data node : 862c3159-621e-4808-8fb5-192a2fed7743{ip: 10.1.0.15, host: fv-az50-870.grzltbmokehuzjyc5b133kdqgh.cx.internal.cloudapp.net, ports: [REPLICATION=38105, RATIS=38757, RATIS_ADMIN=38757, RATIS_SERVER=38757, STANDALONE=34309], networkLocation: /default-rack, certSerialId: null, persistedOpState: null, persistedOpStateExpiryEpochSec: 0}
2022-04-24 04:16:01,863 [EventQueue-NodeRegistrationContainerReportForContainerSafeModeRule] INFO  safemode.SCMSafeModeManager (SCMSafeModeManager.java:validateSafeModeExitRules(204)) - ContainerSafeModeRule rule is successfully validated
2022-04-24 04:16:01,863 [EventQueue-NodeRegistrationContainerReportForDataNodeSafeModeRule] INFO  safemode.SCMSafeModeManager (DataNodeSafeModeRule.java:process(71)) - SCM in safe mode. 1 DataNodes registered, 3 required.
2022-04-24 04:16:01,866 [EventQueue-NewNodeForNewNodeHandler] INFO  pipeline.BackgroundPipelineCreator (BackgroundPipelineCreator.java:notifyEventTriggered(284)) - trigger a one-shot run on RatisPipelineUtilsThread.
2022-04-24 04:16:01,866 [EventQueue-PipelineReportForOneReplicaPipelineSafeModeRule] INFO  safemode.SCMSafeModeManager (SCMSafeModeManager.java:validateSafeModeExitRules(204)) - AtleastOneDatanodeReportedRule rule is successfully validated
2022-04-24 04:16:01,867 [RatisPipelineUtilsThread - 0] INFO  pipeline.RatisPipelineProvider (RatisPipelineProvider.java:lambda$create$0(195)) - Sending CreatePipelineCommand for pipeline:PipelineID=95274780-67c6-4bf3-8811-f8f271ae0048 to datanode:862c3159-621e-4808-8fb5-192a2fed7743
2022-04-24 04:16:01,868 [RatisPipelineUtilsThread - 0] INFO  pipeline.PipelineStateManagerImpl (PipelineStateManagerImpl.java:addPipeline(101)) - Created pipeline Pipeline[ Id: 95274780-67c6-4bf3-8811-f8f271ae0048, Nodes: 862c3159-621e-4808-8fb5-192a2fed7743{ip: 10.1.0.15, host: fv-az50-870.grzltbmokehuzjyc5b133kdqgh.cx.internal.cloudapp.net, ports: [REPLICATION=38105, RATIS=38757, RATIS_ADMIN=38757, RATIS_SERVER=38757, STANDALONE=34309], networkLocation: /default-rack, certSerialId: null, persistedOpState: IN_SERVICE, persistedOpStateExpiryEpochSec: 0}, ReplicationConfig: RATIS/ONE, State:ALLOCATED, leaderId:, CreationTimestamp2022-04-24T04:16:01.867Z[Etc/UTC]].
2022-04-24 04:16:01,883 [EndpointStateMachine task thread for /0.0.0.0:38325 - 0 ] INFO  ozoneimpl.OzoneContainer (OzoneContainer.java:start(335)) - Attempting to start container services.
2022-04-24 04:16:01,883 [EndpointStateMachine task thread for /0.0.0.0:38325 - 0 ] INFO  ozoneimpl.OzoneContainer (OzoneContainer.java:startContainerScrub(270)) - Background container scanner has been disabled.
2022-04-24 04:16:01,884 [EndpointStateMachine task thread for /0.0.0.0:38325 - 0 ] INFO  replication.ReplicationServer (ReplicationServer.java:start(111)) - ReplicationServer is started using port 39225
2022-04-24 04:16:01,895 [EndpointStateMachine task thread for /0.0.0.0:38325 - 0 ] INFO  ratis.XceiverServerRatis (XceiverServerRatis.java:start(481)) - Starting XceiverServerRatis e43a4dc9-a00f-4e9b-92e8-7d3d6197108c
2022-04-24 04:16:01,910 [EndpointStateMachine task thread for /0.0.0.0:38325 - 0 ] INFO  server.RaftServer (RaftServerProxy.java:lambda$start$5(374)) - e43a4dc9-a00f-4e9b-92e8-7d3d6197108c: start RPC server
2022-04-24 04:16:01,910 [EndpointStateMachine task thread for /0.0.0.0:38325 - 0 ] INFO  server.GrpcService (GrpcService.java:startImpl(253)) - e43a4dc9-a00f-4e9b-92e8-7d3d6197108c: GrpcService started, listening on 40557
2022-04-24 04:16:01,915 [EndpointStateMachine task thread for /0.0.0.0:38325 - 0 ] INFO  ratis.XceiverServerRatis (XceiverServerRatis.java:getRealPort(502)) - XceiverServerRatis e43a4dc9-a00f-4e9b-92e8-7d3d6197108c is started using port 40557 for RATIS
2022-04-24 04:16:01,915 [EndpointStateMachine task thread for /0.0.0.0:38325 - 0 ] INFO  ratis.XceiverServerRatis (XceiverServerRatis.java:getRealPort(502)) - XceiverServerRatis e43a4dc9-a00f-4e9b-92e8-7d3d6197108c is started using port 40557 for RATIS_ADMIN
2022-04-24 04:16:01,915 [EndpointStateMachine task thread for /0.0.0.0:38325 - 0 ] INFO  ratis.XceiverServerRatis (XceiverServerRatis.java:getRealPort(502)) - XceiverServerRatis e43a4dc9-a00f-4e9b-92e8-7d3d6197108c is started using port 40557 for RATIS_SERVER
2022-04-24 04:16:01,915 [org.apache.ratis.util.JvmPauseMonitor$$Lambda$580/177642409@3f62bdd6] INFO  util.JvmPauseMonitor (JvmPauseMonitor.java:run(103)) - JvmPauseMonitor-e43a4dc9-a00f-4e9b-92e8-7d3d6197108c: Started
2022-04-24 04:16:01,927 [EndpointStateMachine task thread for /0.0.0.0:38325 - 0 ] INFO  server.XceiverServerGrpc (XceiverServerGrpc.java:start(180)) - XceiverServerGrpc e43a4dc9-a00f-4e9b-92e8-7d3d6197108c is started using port 38297
2022-04-24 04:16:02,298 [IPC Server handler 3 on default port 38325] INFO  net.NetworkTopologyImpl (NetworkTopologyImpl.java:add(112)) - Added a new node: /default-rack/1de514c8-4282-4370-a982-a3c391975046
2022-04-24 04:16:02,298 [IPC Server handler 3 on default port 38325] INFO  node.SCMNodeManager (SCMNodeManager.java:register(391)) - Registered Data node : 1de514c8-4282-4370-a982-a3c391975046{ip: 10.1.0.15, host: fv-az50-870.grzltbmokehuzjyc5b133kdqgh.cx.internal.cloudapp.net, ports: [REPLICATION=43807, RATIS=35459, RATIS_ADMIN=35459, RATIS_SERVER=35459, STANDALONE=46095], networkLocation: /default-rack, certSerialId: null, persistedOpState: null, persistedOpStateExpiryEpochSec: 0}
2022-04-24 04:16:02,298 [EventQueue-NewNodeForNewNodeHandler] INFO  pipeline.BackgroundPipelineCreator (BackgroundPipelineCreator.java:notifyEventTriggered(284)) - trigger a one-shot run on RatisPipelineUtilsThread.
2022-04-24 04:16:02,302 [RatisPipelineUtilsThread - 0] INFO  pipeline.RatisPipelineProvider (RatisPipelineProvider.java:lambda$create$0(195)) - Sending CreatePipelineCommand for pipeline:PipelineID=93ce1baf-e889-42ab-8c0a-94e7c9a85208 to datanode:1de514c8-4282-4370-a982-a3c391975046
2022-04-24 04:16:02,303 [RatisPipelineUtilsThread - 0] INFO  pipeline.PipelineStateManagerImpl (PipelineStateManagerImpl.java:addPipeline(101)) - Created pipeline Pipeline[ Id: 93ce1baf-e889-42ab-8c0a-94e7c9a85208, Nodes: 1de514c8-4282-4370-a982-a3c391975046{ip: 10.1.0.15, host: fv-az50-870.grzltbmokehuzjyc5b133kdqgh.cx.internal.cloudapp.net, ports: [REPLICATION=43807, RATIS=35459, RATIS_ADMIN=35459, RATIS_SERVER=35459, STANDALONE=46095], networkLocation: /default-rack, certSerialId: null, persistedOpState: IN_SERVICE, persistedOpStateExpiryEpochSec: 0}, ReplicationConfig: RATIS/ONE, State:ALLOCATED, leaderId:, CreationTimestamp2022-04-24T04:16:02.302Z[Etc/UTC]].
2022-04-24 04:16:02,314 [EventQueue-NodeRegistrationContainerReportForDataNodeSafeModeRule] INFO  safemode.SCMSafeModeManager (DataNodeSafeModeRule.java:process(71)) - SCM in safe mode. 2 DataNodes registered, 3 required.
2022-04-24 04:16:02,691 [IPC Server handler 0 on default port 38325] INFO  net.NetworkTopologyImpl (NetworkTopologyImpl.java:add(112)) - Added a new node: /default-rack/895edd85-c017-4033-b7e9-810222bcedda
2022-04-24 04:16:02,692 [IPC Server handler 0 on default port 38325] INFO  node.SCMNodeManager (SCMNodeManager.java:register(391)) - Registered Data node : 895edd85-c017-4033-b7e9-810222bcedda{ip: 10.1.0.15, host: fv-az50-870.grzltbmokehuzjyc5b133kdqgh.cx.internal.cloudapp.net, ports: [REPLICATION=33499, RATIS=44303, RATIS_ADMIN=44303, RATIS_SERVER=44303, STANDALONE=37299], networkLocation: /default-rack, certSerialId: null, persistedOpState: null, persistedOpStateExpiryEpochSec: 0}
2022-04-24 04:16:02,693 [EventQueue-NewNodeForNewNodeHandler] INFO  pipeline.BackgroundPipelineCreator (BackgroundPipelineCreator.java:notifyEventTriggered(284)) - trigger a one-shot run on RatisPipelineUtilsThread.
2022-04-24 04:16:02,693 [EventQueue-NodeRegistrationContainerReportForDataNodeSafeModeRule] INFO  safemode.SCMSafeModeManager (DataNodeSafeModeRule.java:process(71)) - SCM in safe mode. 3 DataNodes registered, 3 required.
2022-04-24 04:16:02,693 [EventQueue-NodeRegistrationContainerReportForDataNodeSafeModeRule] INFO  safemode.SCMSafeModeManager (SCMSafeModeManager.java:validateSafeModeExitRules(204)) - DataNodeSafeModeRule rule is successfully validated
2022-04-24 04:16:02,693 [EventQueue-NodeRegistrationContainerReportForDataNodeSafeModeRule] INFO  safemode.SCMSafeModeManager (SCMSafeModeManager.java:completePreCheck(233)) - All SCM safe mode pre check rules have passed
2022-04-24 04:16:02,693 [EventQueue-NodeRegistrationContainerReportForDataNodeSafeModeRule] WARN  events.EventQueue (EventQueue.java:fireEvent(194)) - No event handler registered for event TypedEvent{payloadType=SafeModeStatus, name='Safe mode status'}
2022-04-24 04:16:02,693 [EventQueue-NodeRegistrationContainerReportForDataNodeSafeModeRule] INFO  ha.SCMContext (SCMContext.java:updateSafeModeStatus(211)) - Update SafeModeStatus from SafeModeStatus{safeModeStatus=true, preCheckPassed=false} to SafeModeStatus{safeModeStatus=true, preCheckPassed=true}.
2022-04-24 04:16:02,693 [EventQueue-NodeRegistrationContainerReportForDataNodeSafeModeRule] INFO  pipeline.BackgroundPipelineCreator (BackgroundPipelineCreator.java:notifyEventTriggered(284)) - trigger a one-shot run on RatisPipelineUtilsThread.
2022-04-24 04:16:02,694 [RatisPipelineUtilsThread - 0] INFO  pipeline.RatisPipelineProvider (RatisPipelineProvider.java:lambda$create$0(195)) - Sending CreatePipelineCommand for pipeline:PipelineID=3cac7997-f105-407e-b190-74ce2d070d28 to datanode:895edd85-c017-4033-b7e9-810222bcedda
2022-04-24 04:16:02,695 [RatisPipelineUtilsThread - 0] INFO  pipeline.PipelineStateManagerImpl (PipelineStateManagerImpl.java:addPipeline(101)) - Created pipeline Pipeline[ Id: 3cac7997-f105-407e-b190-74ce2d070d28, Nodes: 895edd85-c017-4033-b7e9-810222bcedda{ip: 10.1.0.15, host: fv-az50-870.grzltbmokehuzjyc5b133kdqgh.cx.internal.cloudapp.net, ports: [REPLICATION=33499, RATIS=44303, RATIS_ADMIN=44303, RATIS_SERVER=44303, STANDALONE=37299], networkLocation: /default-rack, certSerialId: null, persistedOpState: IN_SERVICE, persistedOpStateExpiryEpochSec: 0}, ReplicationConfig: RATIS/ONE, State:ALLOCATED, leaderId:, CreationTimestamp2022-04-24T04:16:02.694Z[Etc/UTC]].
2022-04-24 04:16:02,695 [RatisPipelineUtilsThread - 0] INFO  pipeline.RatisPipelineProvider (RatisPipelineProvider.java:lambda$create$0(195)) - Sending CreatePipelineCommand for pipeline:PipelineID=ab1c6947-aa28-481a-94d5-3fea44e64fbe to datanode:895edd85-c017-4033-b7e9-810222bcedda
2022-04-24 04:16:02,695 [RatisPipelineUtilsThread - 0] INFO  pipeline.RatisPipelineProvider (RatisPipelineProvider.java:lambda$create$0(195)) - Sending CreatePipelineCommand for pipeline:PipelineID=ab1c6947-aa28-481a-94d5-3fea44e64fbe to datanode:1de514c8-4282-4370-a982-a3c391975046
2022-04-24 04:16:02,695 [RatisPipelineUtilsThread - 0] INFO  pipeline.RatisPipelineProvider (RatisPipelineProvider.java:lambda$create$0(195)) - Sending CreatePipelineCommand for pipeline:PipelineID=ab1c6947-aa28-481a-94d5-3fea44e64fbe to datanode:862c3159-621e-4808-8fb5-192a2fed7743
2022-04-24 04:16:02,695 [RatisPipelineUtilsThread - 0] INFO  pipeline.PipelineStateManagerImpl (PipelineStateManagerImpl.java:addPipeline(101)) - Created pipeline Pipeline[ Id: ab1c6947-aa28-481a-94d5-3fea44e64fbe, Nodes: 895edd85-c017-4033-b7e9-810222bcedda{ip: 10.1.0.15, host: fv-az50-870.grzltbmokehuzjyc5b133kdqgh.cx.internal.cloudapp.net, ports: [REPLICATION=33499, RATIS=44303, RATIS_ADMIN=44303, RATIS_SERVER=44303, STANDALONE=37299], networkLocation: /default-rack, certSerialId: null, persistedOpState: IN_SERVICE, persistedOpStateExpiryEpochSec: 0}1de514c8-4282-4370-a982-a3c391975046{ip: 10.1.0.15, host: fv-az50-870.grzltbmokehuzjyc5b133kdqgh.cx.internal.cloudapp.net, ports: [REPLICATION=43807, RATIS=35459, RATIS_ADMIN=35459, RATIS_SERVER=35459, STANDALONE=46095], networkLocation: /default-rack, certSerialId: null, persistedOpState: IN_SERVICE, persistedOpStateExpiryEpochSec: 0}862c3159-621e-4808-8fb5-192a2fed7743{ip: 10.1.0.15, host: fv-az50-870.grzltbmokehuzjyc5b133kdqgh.cx.internal.cloudapp.net, ports: [REPLICATION=38105, RATIS=38757, RATIS_ADMIN=38757, RATIS_SERVER=38757, STANDALONE=34309], networkLocation: /default-rack, certSerialId: null, persistedOpState: IN_SERVICE, persistedOpStateExpiryEpochSec: 0}, ReplicationConfig: RATIS/THREE, State:ALLOCATED, leaderId:, CreationTimestamp2022-04-24T04:16:02.695Z[Etc/UTC]].
2022-04-24 04:16:02,696 [RatisPipelineUtilsThread - 0] INFO  pipeline.RatisPipelineProvider (RatisPipelineProvider.java:lambda$create$0(195)) - Sending CreatePipelineCommand for pipeline:PipelineID=f64d7104-b4d4-4a96-9fb6-557fb44d8093 to datanode:1de514c8-4282-4370-a982-a3c391975046
2022-04-24 04:16:02,696 [RatisPipelineUtilsThread - 0] INFO  pipeline.RatisPipelineProvider (RatisPipelineProvider.java:lambda$create$0(195)) - Sending CreatePipelineCommand for pipeline:PipelineID=f64d7104-b4d4-4a96-9fb6-557fb44d8093 to datanode:862c3159-621e-4808-8fb5-192a2fed7743
2022-04-24 04:16:02,696 [RatisPipelineUtilsThread - 0] INFO  pipeline.RatisPipelineProvider (RatisPipelineProvider.java:lambda$create$0(195)) - Sending CreatePipelineCommand for pipeline:PipelineID=f64d7104-b4d4-4a96-9fb6-557fb44d8093 to datanode:895edd85-c017-4033-b7e9-810222bcedda
2022-04-24 04:16:02,696 [RatisPipelineUtilsThread - 0] INFO  pipeline.PipelineStateManagerImpl (PipelineStateManagerImpl.java:addPipeline(101)) - Created pipeline Pipeline[ Id: f64d7104-b4d4-4a96-9fb6-557fb44d8093, Nodes: 1de514c8-4282-4370-a982-a3c391975046{ip: 10.1.0.15, host: fv-az50-870.grzltbmokehuzjyc5b133kdqgh.cx.internal.cloudapp.net, ports: [REPLICATION=43807, RATIS=35459, RATIS_ADMIN=35459, RATIS_SERVER=35459, STANDALONE=46095], networkLocation: /default-rack, certSerialId: null, persistedOpState: IN_SERVICE, persistedOpStateExpiryEpochSec: 0}862c3159-621e-4808-8fb5-192a2fed7743{ip: 10.1.0.15, host: fv-az50-870.grzltbmokehuzjyc5b133kdqgh.cx.internal.cloudapp.net, ports: [REPLICATION=38105, RATIS=38757, RATIS_ADMIN=38757, RATIS_SERVER=38757, STANDALONE=34309], networkLocation: /default-rack, certSerialId: null, persistedOpState: IN_SERVICE, persistedOpStateExpiryEpochSec: 0}895edd85-c017-4033-b7e9-810222bcedda{ip: 10.1.0.15, host: fv-az50-870.grzltbmokehuzjyc5b133kdqgh.cx.internal.cloudapp.net, ports: [REPLICATION=33499, RATIS=44303, RATIS_ADMIN=44303, RATIS_SERVER=44303, STANDALONE=37299], networkLocation: /default-rack, certSerialId: null, persistedOpState: IN_SERVICE, persistedOpStateExpiryEpochSec: 0}, ReplicationConfig: RATIS/THREE, State:ALLOCATED, leaderId:, CreationTimestamp2022-04-24T04:16:02.696Z[Etc/UTC]].
2022-04-24 04:16:02,697 [RatisPipelineUtilsThread - 0] INFO  pipeline.PipelineManagerImpl (PipelineManagerImpl.java:recordMetricsForPipeline(669)) - Pipeline: PipelineID=f64d7104-b4d4-4a96-9fb6-557fb44d8093 contains same datanodes as previous pipelines: PipelineID=ab1c6947-aa28-481a-94d5-3fea44e64fbe nodeIds: 1de514c8-4282-4370-a982-a3c391975046, 862c3159-621e-4808-8fb5-192a2fed7743, 895edd85-c017-4033-b7e9-810222bcedda
2022-04-24 04:16:02,846 [Listener at 127.0.0.1/40137] INFO  ozone.MiniOzoneClusterImpl (MiniOzoneClusterImpl.java:lambda$waitForClusterToBeReady$0(221)) - Waiting for nodes to be ready. Got 3 of 5 DN Heartbeats.
2022-04-24 04:16:02,852 [Listener at 127.0.0.1/40137] INFO  ozone.MiniOzoneClusterImpl (MiniOzoneClusterImpl.java:lambda$waitForClusterToBeReady$0(224)) - Waiting for cluster to exit safe mode
2022-04-24 04:16:02,852 [Listener at 127.0.0.1/40137] INFO  ozone.MiniOzoneClusterImpl (MiniOzoneClusterImpl.java:lambda$waitForClusterToBeReady$0(226)) - SCM became leader
2022-04-24 04:16:03,445 [IPC Server handler 4 on default port 38325] INFO  net.NetworkTopologyImpl (NetworkTopologyImpl.java:add(112)) - Added a new node: /default-rack/e5466937-965b-4b6e-8204-a37ae84ad2ab
2022-04-24 04:16:03,445 [IPC Server handler 4 on default port 38325] INFO  node.SCMNodeManager (SCMNodeManager.java:register(391)) - Registered Data node : e5466937-965b-4b6e-8204-a37ae84ad2ab{ip: 10.1.0.15, host: fv-az50-870.grzltbmokehuzjyc5b133kdqgh.cx.internal.cloudapp.net, ports: [REPLICATION=39615, RATIS=45821, RATIS_ADMIN=45821, RATIS_SERVER=45821, STANDALONE=37409], networkLocation: /default-rack, certSerialId: null, persistedOpState: null, persistedOpStateExpiryEpochSec: 0}
2022-04-24 04:16:03,446 [EventQueue-NewNodeForNewNodeHandler] INFO  pipeline.BackgroundPipelineCreator (BackgroundPipelineCreator.java:notifyEventTriggered(284)) - trigger a one-shot run on RatisPipelineUtilsThread.
2022-04-24 04:16:03,446 [RatisPipelineUtilsThread - 0] INFO  pipeline.RatisPipelineProvider (RatisPipelineProvider.java:lambda$create$0(195)) - Sending CreatePipelineCommand for pipeline:PipelineID=f7883620-447b-41f9-9897-2393f5a06436 to datanode:e5466937-965b-4b6e-8204-a37ae84ad2ab
2022-04-24 04:16:03,447 [RatisPipelineUtilsThread - 0] INFO  pipeline.PipelineStateManagerImpl (PipelineStateManagerImpl.java:addPipeline(101)) - Created pipeline Pipeline[ Id: f7883620-447b-41f9-9897-2393f5a06436, Nodes: e5466937-965b-4b6e-8204-a37ae84ad2ab{ip: 10.1.0.15, host: fv-az50-870.grzltbmokehuzjyc5b133kdqgh.cx.internal.cloudapp.net, ports: [REPLICATION=39615, RATIS=45821, RATIS_ADMIN=45821, RATIS_SERVER=45821, STANDALONE=37409], networkLocation: /default-rack, certSerialId: null, persistedOpState: IN_SERVICE, persistedOpStateExpiryEpochSec: 0}, ReplicationConfig: RATIS/ONE, State:ALLOCATED, leaderId:, CreationTimestamp2022-04-24T04:16:03.446Z[Etc/UTC]].
2022-04-24 04:16:03,857 [Listener at 127.0.0.1/40137] INFO  ozone.MiniOzoneClusterImpl (MiniOzoneClusterImpl.java:lambda$waitForClusterToBeReady$0(221)) - Waiting for nodes to be ready. Got 4 of 5 DN Heartbeats.
2022-04-24 04:16:03,857 [Listener at 127.0.0.1/40137] INFO  ozone.MiniOzoneClusterImpl (MiniOzoneClusterImpl.java:lambda$waitForClusterToBeReady$0(224)) - Waiting for cluster to exit safe mode
2022-04-24 04:16:03,857 [Listener at 127.0.0.1/40137] INFO  ozone.MiniOzoneClusterImpl (MiniOzoneClusterImpl.java:lambda$waitForClusterToBeReady$0(226)) - SCM became leader
2022-04-24 04:16:03,883 [IPC Server handler 3 on default port 38325] INFO  net.NetworkTopologyImpl (NetworkTopologyImpl.java:add(112)) - Added a new node: /default-rack/e43a4dc9-a00f-4e9b-92e8-7d3d6197108c
2022-04-24 04:16:03,885 [IPC Server handler 3 on default port 38325] INFO  node.SCMNodeManager (SCMNodeManager.java:register(391)) - Registered Data node : e43a4dc9-a00f-4e9b-92e8-7d3d6197108c{ip: 10.1.0.15, host: fv-az50-870.grzltbmokehuzjyc5b133kdqgh.cx.internal.cloudapp.net, ports: [REPLICATION=39225, RATIS=40557, RATIS_ADMIN=40557, RATIS_SERVER=40557, STANDALONE=38297], networkLocation: /default-rack, certSerialId: null, persistedOpState: null, persistedOpStateExpiryEpochSec: 0}
2022-04-24 04:16:03,885 [EventQueue-NewNodeForNewNodeHandler] INFO  pipeline.BackgroundPipelineCreator (BackgroundPipelineCreator.java:notifyEventTriggered(284)) - trigger a one-shot run on RatisPipelineUtilsThread.
2022-04-24 04:16:03,886 [RatisPipelineUtilsThread - 0] INFO  pipeline.RatisPipelineProvider (RatisPipelineProvider.java:lambda$create$0(195)) - Sending CreatePipelineCommand for pipeline:PipelineID=7014a621-df9c-42ac-9659-47ba30d22b91 to datanode:e43a4dc9-a00f-4e9b-92e8-7d3d6197108c
2022-04-24 04:16:03,886 [RatisPipelineUtilsThread - 0] INFO  pipeline.PipelineStateManagerImpl (PipelineStateManagerImpl.java:addPipeline(101)) - Created pipeline Pipeline[ Id: 7014a621-df9c-42ac-9659-47ba30d22b91, Nodes: e43a4dc9-a00f-4e9b-92e8-7d3d6197108c{ip: 10.1.0.15, host: fv-az50-870.grzltbmokehuzjyc5b133kdqgh.cx.internal.cloudapp.net, ports: [REPLICATION=39225, RATIS=40557, RATIS_ADMIN=40557, RATIS_SERVER=40557, STANDALONE=38297], networkLocation: /default-rack, certSerialId: null, persistedOpState: IN_SERVICE, persistedOpStateExpiryEpochSec: 0}, ReplicationConfig: RATIS/ONE, State:ALLOCATED, leaderId:, CreationTimestamp2022-04-24T04:16:03.886Z[Etc/UTC]].
2022-04-24 04:16:04,859 [Command processor thread] INFO  server.RaftServer (RaftServerProxy.java:addNew(95)) - 862c3159-621e-4808-8fb5-192a2fed7743: addNew group-F8F271AE0048:[862c3159-621e-4808-8fb5-192a2fed7743|rpc:10.1.0.15:38757|priority:1] returns group-F8F271AE0048:java.util.concurrent.CompletableFuture@8433a1a[Not completed]
2022-04-24 04:16:04,861 [Listener at 127.0.0.1/40137] INFO  ozone.MiniOzoneClusterImpl (MiniOzoneClusterImpl.java:lambda$waitForClusterToBeReady$0(221)) - Nodes are ready. Got 5 of 5 DN Heartbeats.
2022-04-24 04:16:04,874 [Listener at 127.0.0.1/40137] INFO  ozone.MiniOzoneClusterImpl (MiniOzoneClusterImpl.java:lambda$waitForClusterToBeReady$0(224)) - Waiting for cluster to exit safe mode
2022-04-24 04:16:04,874 [Listener at 127.0.0.1/40137] INFO  ozone.MiniOzoneClusterImpl (MiniOzoneClusterImpl.java:lambda$waitForClusterToBeReady$0(226)) - SCM became leader
2022-04-24 04:16:04,887 [pool-260-thread-1] INFO  server.RaftServer$Division (RaftServerImpl.java:<init>(184)) - 862c3159-621e-4808-8fb5-192a2fed7743: new RaftServerImpl for group-F8F271AE0048:[862c3159-621e-4808-8fb5-192a2fed7743|rpc:10.1.0.15:38757|priority:1] with ContainerStateMachine:uninitialized
2022-04-24 04:16:04,899 [pool-260-thread-1] INFO  server.RaftServerConfigKeys (ConfUtils.java:logGet(44)) - raft.server.rpc.timeout.min = 5s (custom)
2022-04-24 04:16:04,900 [pool-260-thread-1] INFO  server.RaftServerConfigKeys (ConfUtils.java:logGet(44)) - raft.server.rpc.timeout.max = 5200ms (custom)
2022-04-24 04:16:04,900 [pool-260-thread-1] INFO  server.RaftServerConfigKeys (ConfUtils.java:logGet(44)) - raft.server.rpc.sleep.time = 25ms (default)
2022-04-24 04:16:04,900 [pool-260-thread-1] INFO  server.RaftServerConfigKeys (ConfUtils.java:logGet(44)) - raft.server.rpc.slowness.timeout = 300s (custom)
2022-04-24 04:16:04,900 [pool-260-thread-1] INFO  server.RaftServerConfigKeys (ConfUtils.java:logGet(44)) - raft.server.leaderelection.leader.step-down.wait-time = 10s (default)
2022-04-24 04:16:04,900 [pool-260-thread-1] INFO  server.RaftServerConfigKeys (ConfUtils.java:logGet(44)) - raft.server.sleep.deviation.threshold = 300ms (default)
2022-04-24 04:16:04,900 [pool-260-thread-1] INFO  server.RaftServerConfigKeys (ConfUtils.java:logGet(44)) - raft.server.log.appender.install.snapshot.enabled = false (custom)
2022-04-24 04:16:04,900 [pool-260-thread-1] INFO  server.RaftServer$Division (ServerState.java:<init>(105)) - 862c3159-621e-4808-8fb5-192a2fed7743@group-F8F271AE0048: ConfigurationManager, init=-1: [862c3159-621e-4808-8fb5-192a2fed7743|rpc:10.1.0.15:38757|priority:1], old=null, confs=<EMPTY_MAP>
2022-04-24 04:16:04,900 [pool-260-thread-1] INFO  server.RaftServerConfigKeys (ConfUtils.java:logGet(44)) - raft.server.storage.dir = [/home/runner/work/ozone/ozone/hadoop-ozone/integration-test/target/test-dir/MiniOzoneClusterImpl-e7da0ab5-4936-473d-8bac-46be260cf6da/datanode-0/data/ratis] (custom)
2022-04-24 04:16:04,900 [pool-260-thread-1] INFO  server.RaftServerConfigKeys (ConfUtils.java:logGet(44)) - raft.server.log.corruption.policy = EXCEPTION (default)
2022-04-24 04:16:04,900 [pool-260-thread-1] INFO  server.RaftServerConfigKeys (ConfUtils.java:logGet(44)) - raft.server.storage.free-space.min = 0MB (=0) (default)
2022-04-24 04:16:04,901 [pool-260-thread-1] INFO  storage.RaftStorageDirectory (RaftStorageDirectoryImpl.java:analyzeStorage(135)) - The storage directory /home/runner/work/ozone/ozone/hadoop-ozone/integration-test/target/test-dir/MiniOzoneClusterImpl-e7da0ab5-4936-473d-8bac-46be260cf6da/datanode-0/data/ratis/95274780-67c6-4bf3-8811-f8f271ae0048 does not exist. Creating ...
2022-04-24 04:16:04,905 [pool-260-thread-1] INFO  storage.RaftStorageDirectory (RaftStorageDirectoryImpl.java:tryLock(230)) - Lock on /home/runner/work/ozone/ozone/hadoop-ozone/integration-test/target/test-dir/MiniOzoneClusterImpl-e7da0ab5-4936-473d-8bac-46be260cf6da/datanode-0/data/ratis/95274780-67c6-4bf3-8811-f8f271ae0048/in_use.lock acquired by nodename 18665@fv-az50-870
2022-04-24 04:16:04,907 [pool-260-thread-1] INFO  storage.RaftStorage (RaftStorageImpl.java:format(89)) - Storage directory /home/runner/work/ozone/ozone/hadoop-ozone/integration-test/target/test-dir/MiniOzoneClusterImpl-e7da0ab5-4936-473d-8bac-46be260cf6da/datanode-0/data/ratis/95274780-67c6-4bf3-8811-f8f271ae0048 has been successfully formatted.
2022-04-24 04:16:04,918 [pool-260-thread-1] INFO  ratis.ContainerStateMachine (ContainerStateMachine.java:loadSnapshot(236)) - group-F8F271AE0048: The snapshot info is null. Setting the last applied indexto:(t:0, i:~)
2022-04-24 04:16:04,918 [pool-260-thread-1] INFO  server.RaftServerConfigKeys (ConfUtils.java:logGet(44)) - raft.server.notification.no-leader.timeout = 300s (custom)
2022-04-24 04:16:04,918 [pool-260-thread-1] INFO  server.RaftServerConfigKeys (ConfUtils.java:logGet(44)) - raft.server.log.use.memory = false (default)
2022-04-24 04:16:04,918 [pool-260-thread-1] INFO  server.RaftServerConfigKeys (ConfUtils.java:logGet(44)) - raft.server.log.purge.gap = 1000000 (custom)
2022-04-24 04:16:04,919 [pool-260-thread-1] INFO  server.RaftServerConfigKeys (ConfUtils.java:logGet(44)) - raft.server.log.appender.buffer.byte-limit = 33554432 (custom)
2022-04-24 04:16:04,919 [pool-260-thread-1] INFO  server.RaftServerConfigKeys (ConfUtils.java:logGet(44)) - raft.server.log.segment.size.max = 1048576 (custom)
2022-04-24 04:16:04,919 [pool-260-thread-1] INFO  server.RaftServerConfigKeys (ConfUtils.java:logGet(44)) - raft.server.log.segment.cache.num.max = 2 (custom)
2022-04-24 04:16:04,919 [pool-260-thread-1] INFO  server.RaftServerConfigKeys (ConfUtils.java:logGet(44)) - raft.server.log.segment.cache.size.max = 200MB (=209715200) (default)
2022-04-24 04:16:04,920 [pool-260-thread-1] INFO  segmented.SegmentedRaftLogWorker (SegmentedRaftLogWorker.java:<init>(182)) - new 862c3159-621e-4808-8fb5-192a2fed7743@group-F8F271AE0048-SegmentedRaftLogWorker for RaftStorageImpl:Storage Directory /home/runner/work/ozone/ozone/hadoop-ozone/integration-test/target/test-dir/MiniOzoneClusterImpl-e7da0ab5-4936-473d-8bac-46be260cf6da/datanode-0/data/ratis/95274780-67c6-4bf3-8811-f8f271ae0048
2022-04-24 04:16:04,920 [pool-260-thread-1] INFO  server.RaftServerConfigKeys (ConfUtils.java:logGet(44)) - raft.server.log.queue.byte-limit = 4294967296 (custom)
2022-04-24 04:16:04,920 [pool-260-thread-1] INFO  server.RaftServerConfigKeys (ConfUtils.java:logGet(44)) - raft.server.log.queue.element-limit = 1024 (custom)
2022-04-24 04:16:04,920 [pool-260-thread-1] INFO  server.RaftServerConfigKeys (ConfUtils.java:logGet(44)) - raft.server.log.segment.size.max = 1048576 (custom)
2022-04-24 04:16:04,920 [pool-260-thread-1] INFO  server.RaftServerConfigKeys (ConfUtils.java:logGet(44)) - raft.server.log.preallocated.size = 16384 (custom)
2022-04-24 04:16:04,920 [pool-260-thread-1] INFO  server.RaftServerConfigKeys (ConfUtils.java:logGet(44)) - raft.server.log.force.sync.num = 128 (default)
2022-04-24 04:16:04,920 [pool-260-thread-1] INFO  server.RaftServerConfigKeys (ConfUtils.java:logGet(44)) - raft.server.log.statemachine.data.sync = true (default)
2022-04-24 04:16:04,920 [pool-260-thread-1] INFO  server.RaftServerConfigKeys (ConfUtils.java:logGet(44)) - raft.server.log.statemachine.data.sync.timeout = 10s (default)
2022-04-24 04:16:04,920 [pool-260-thread-1] INFO  server.RaftServerConfigKeys (ConfUtils.java:logGet(44)) - raft.server.log.statemachine.data.sync.timeout.retry = -1 (default)
2022-04-24 04:16:04,923 [EventQueue-PipelineReportForPipelineReportHandler] INFO  pipeline.PipelineManagerImpl (PipelineManagerImpl.java:openPipeline(321)) - Pipeline Pipeline[ Id: 95274780-67c6-4bf3-8811-f8f271ae0048, Nodes: 862c3159-621e-4808-8fb5-192a2fed7743{ip: 10.1.0.15, host: fv-az50-870.grzltbmokehuzjyc5b133kdqgh.cx.internal.cloudapp.net, ports: [REPLICATION=38105, RATIS=38757, RATIS_ADMIN=38757, RATIS_SERVER=38757, STANDALONE=34309], networkLocation: /default-rack, certSerialId: null, persistedOpState: IN_SERVICE, persistedOpStateExpiryEpochSec: 0}, ReplicationConfig: RATIS/ONE, State:ALLOCATED, leaderId:862c3159-621e-4808-8fb5-192a2fed7743, CreationTimestamp2022-04-24T04:16:01.867Z[Etc/UTC]] moved to OPEN state
2022-04-24 04:16:04,930 [pool-260-thread-1] INFO  server.RaftServerConfigKeys (ConfUtils.java:logGet(44)) - raft.server.log.write.buffer.size = 1048576 (custom)
2022-04-24 04:16:04,930 [pool-260-thread-1] INFO  server.RaftServerConfigKeys (ConfUtils.java:logGet(44)) - raft.server.log.statemachine.data.caching.enabled = true (custom)
2022-04-24 04:16:04,930 [pool-260-thread-1] INFO  segmented.SegmentedRaftLogWorker (SegmentedRaftLogWorker.java:lambda$new$0(133)) - 862c3159-621e-4808-8fb5-192a2fed7743@group-F8F271AE0048-SegmentedRaftLogWorker: flushIndex: setUnconditionally 0 -> -1
2022-04-24 04:16:04,930 [pool-260-thread-1] INFO  segmented.SegmentedRaftLogWorker (SegmentedRaftLogWorker.java:lambda$new$0(133)) - 862c3159-621e-4808-8fb5-192a2fed7743@group-F8F271AE0048-SegmentedRaftLogWorker: safeCacheEvictIndex: setUnconditionally 0 -> -1
2022-04-24 04:16:04,943 [pool-260-thread-1] INFO  server.RaftServerConfigKeys (ConfUtils.java:logGet(44)) - raft.server.snapshot.auto.trigger.enabled = true (custom)
2022-04-24 04:16:04,943 [pool-260-thread-1] INFO  server.RaftServerConfigKeys (ConfUtils.java:logGet(44)) - raft.server.snapshot.auto.trigger.threshold = 10000 (custom)
2022-04-24 04:16:04,943 [pool-260-thread-1] INFO  server.RaftServerConfigKeys (ConfUtils.java:logGet(44)) - raft.server.snapshot.retention.file.num = 5 (custom)
2022-04-24 04:16:04,943 [pool-260-thread-1] INFO  server.RaftServerConfigKeys (ConfUtils.java:logGet(44)) - raft.server.log.purge.upto.snapshot.index = false (default)
2022-04-24 04:16:04,943 [pool-260-thread-1] INFO  server.RaftServerConfigKeys (ConfUtils.java:logGet(44)) - raft.server.retrycache.expirytime = 600000ms (custom)
2022-04-24 04:16:04,943 [pool-260-thread-1] INFO  server.RaftServerConfigKeys (ConfUtils.java:logGet(44)) - raft.server.retrycache.statistics.expirytime = 100μs (default)
2022-04-24 04:16:04,945 [pool-260-thread-1] INFO  server.RaftServer$Division (RaftServerImpl.java:start(301)) - 862c3159-621e-4808-8fb5-192a2fed7743@group-F8F271AE0048: start as a follower, conf=-1: [862c3159-621e-4808-8fb5-192a2fed7743|rpc:10.1.0.15:38757|priority:1], old=null
2022-04-24 04:16:04,945 [pool-260-thread-1] INFO  server.RaftServer$Division (RaftServerImpl.java:setRole(290)) - 862c3159-621e-4808-8fb5-192a2fed7743@group-F8F271AE0048: changes role from      null to FOLLOWER at term 0 for startAsFollower
2022-04-24 04:16:04,945 [pool-260-thread-1] INFO  impl.RoleInfo (RoleInfo.java:updateAndGet(130)) - 862c3159-621e-4808-8fb5-192a2fed7743: start 862c3159-621e-4808-8fb5-192a2fed7743@group-F8F271AE0048-FollowerState
2022-04-24 04:16:04,947 [pool-260-thread-1] INFO  util.JmxRegister (JmxRegister.java:tryRegister(44)) - Successfully registered JMX Bean with object name Ratis:service=RaftServer,group=group-F8F271AE0048,id=862c3159-621e-4808-8fb5-192a2fed7743
2022-04-24 04:16:04,961 [Command processor thread] INFO  ratis.XceiverServerRatis (XceiverServerRatis.java:addGroup(765)) - Created group PipelineID=95274780-67c6-4bf3-8811-f8f271ae0048
2022-04-24 04:16:04,969 [Command processor thread] INFO  commandhandler.CreatePipelineCommandHandler (CreatePipelineCommandHandler.java:handle(113)) - Created Pipeline RATIS ONE PipelineID=95274780-67c6-4bf3-8811-f8f271ae0048.
2022-04-24 04:16:04,969 [Command processor thread] INFO  server.RaftServer (RaftServerProxy.java:addNew(95)) - 862c3159-621e-4808-8fb5-192a2fed7743: addNew group-3FEA44E64FBE:[1de514c8-4282-4370-a982-a3c391975046|rpc:10.1.0.15:35459|priority:0, 895edd85-c017-4033-b7e9-810222bcedda|rpc:10.1.0.15:44303|priority:1, 862c3159-621e-4808-8fb5-192a2fed7743|rpc:10.1.0.15:38757|priority:0] returns group-3FEA44E64FBE:java.util.concurrent.CompletableFuture@c7cafca[Not completed]
2022-04-24 04:16:04,961 [EventQueue-OpenPipelineForHealthyPipelineSafeModeRule] INFO  safemode.SCMSafeModeManager (HealthyPipelineSafeModeRule.java:process(124)) - SCM in safe mode. Healthy pipelines reported count is 0, required healthy pipeline reported count is 1
2022-04-24 04:16:04,971 [pool-260-thread-1] INFO  server.RaftServer$Division (RaftServerImpl.java:<init>(184)) - 862c3159-621e-4808-8fb5-192a2fed7743: new RaftServerImpl for group-3FEA44E64FBE:[1de514c8-4282-4370-a982-a3c391975046|rpc:10.1.0.15:35459|priority:0, 895edd85-c017-4033-b7e9-810222bcedda|rpc:10.1.0.15:44303|priority:1, 862c3159-621e-4808-8fb5-192a2fed7743|rpc:10.1.0.15:38757|priority:0] with ContainerStateMachine:uninitialized
2022-04-24 04:16:04,971 [pool-260-thread-1] INFO  server.RaftServerConfigKeys (ConfUtils.java:logGet(44)) - raft.server.rpc.timeout.min = 5s (custom)
2022-04-24 04:16:04,971 [pool-260-thread-1] INFO  server.RaftServerConfigKeys (ConfUtils.java:logGet(44)) - raft.server.rpc.timeout.max = 5200ms (custom)
2022-04-24 04:16:04,971 [pool-260-thread-1] INFO  server.RaftServerConfigKeys (ConfUtils.java:logGet(44)) - raft.server.rpc.sleep.time = 25ms (default)
2022-04-24 04:16:04,971 [pool-260-thread-1] INFO  server.RaftServerConfigKeys (ConfUtils.java:logGet(44)) - raft.server.rpc.slowness.timeout = 300s (custom)
2022-04-24 04:16:04,971 [pool-260-thread-1] INFO  server.RaftServerConfigKeys (ConfUtils.java:logGet(44)) - raft.server.leaderelection.leader.step-down.wait-time = 10s (default)
2022-04-24 04:16:04,971 [pool-260-thread-1] INFO  server.RaftServerConfigKeys (ConfUtils.java:logGet(44)) - raft.server.sleep.deviation.threshold = 300ms (default)
2022-04-24 04:16:04,971 [pool-260-thread-1] INFO  server.RaftServerConfigKeys (ConfUtils.java:logGet(44)) - raft.server.log.appender.install.snapshot.enabled = false (custom)
2022-04-24 04:16:04,971 [pool-260-thread-1] INFO  server.RaftServer$Division (ServerState.java:<init>(105)) - 862c3159-621e-4808-8fb5-192a2fed7743@group-3FEA44E64FBE: ConfigurationManager, init=-1: [1de514c8-4282-4370-a982-a3c391975046|rpc:10.1.0.15:35459|priority:0, 895edd85-c017-4033-b7e9-810222bcedda|rpc:10.1.0.15:44303|priority:1, 862c3159-621e-4808-8fb5-192a2fed7743|rpc:10.1.0.15:38757|priority:0], old=null, confs=<EMPTY_MAP>
2022-04-24 04:16:04,971 [pool-260-thread-1] INFO  server.RaftServerConfigKeys (ConfUtils.java:logGet(44)) - raft.server.storage.dir = [/home/runner/work/ozone/ozone/hadoop-ozone/integration-test/target/test-dir/MiniOzoneClusterImpl-e7da0ab5-4936-473d-8bac-46be260cf6da/datanode-0/data/ratis] (custom)
2022-04-24 04:16:04,971 [pool-260-thread-1] INFO  server.RaftServerConfigKeys (ConfUtils.java:logGet(44)) - raft.server.log.corruption.policy = EXCEPTION (default)
2022-04-24 04:16:04,972 [pool-260-thread-1] INFO  server.RaftServerConfigKeys (ConfUtils.java:logGet(44)) - raft.server.storage.free-space.min = 0MB (=0) (default)
2022-04-24 04:16:04,972 [pool-260-thread-1] INFO  storage.RaftStorageDirectory (RaftStorageDirectoryImpl.java:analyzeStorage(135)) - The storage directory /home/runner/work/ozone/ozone/hadoop-ozone/integration-test/target/test-dir/MiniOzoneClusterImpl-e7da0ab5-4936-473d-8bac-46be260cf6da/datanode-0/data/ratis/ab1c6947-aa28-481a-94d5-3fea44e64fbe does not exist. Creating ...
2022-04-24 04:16:04,973 [pool-260-thread-1] INFO  storage.RaftStorageDirectory (RaftStorageDirectoryImpl.java:tryLock(230)) - Lock on /home/runner/work/ozone/ozone/hadoop-ozone/integration-test/target/test-dir/MiniOzoneClusterImpl-e7da0ab5-4936-473d-8bac-46be260cf6da/datanode-0/data/ratis/ab1c6947-aa28-481a-94d5-3fea44e64fbe/in_use.lock acquired by nodename 18665@fv-az50-870
2022-04-24 04:16:04,976 [pool-260-thread-1] INFO  storage.RaftStorage (RaftStorageImpl.java:format(89)) - Storage directory /home/runner/work/ozone/ozone/hadoop-ozone/integration-test/target/test-dir/MiniOzoneClusterImpl-e7da0ab5-4936-473d-8bac-46be260cf6da/datanode-0/data/ratis/ab1c6947-aa28-481a-94d5-3fea44e64fbe has been successfully formatted.
2022-04-24 04:16:04,979 [pool-260-thread-1] INFO  ratis.ContainerStateMachine (ContainerStateMachine.java:loadSnapshot(236)) - group-3FEA44E64FBE: The snapshot info is null. Setting the last applied indexto:(t:0, i:~)
2022-04-24 04:16:04,979 [pool-260-thread-1] INFO  server.RaftServerConfigKeys (ConfUtils.java:logGet(44)) - raft.server.notification.no-leader.timeout = 300s (custom)
2022-04-24 04:16:04,980 [EventQueue-OpenPipelineForHealthyPipelineSafeModeRule] INFO  safemode.SCMSafeModeManager (HealthyPipelineSafeModeRule.java:process(124)) - SCM in safe mode. Healthy pipelines reported count is 0, required healthy pipeline reported count is 1
2022-04-24 04:16:04,980 [pool-260-thread-1] INFO  server.RaftServerConfigKeys (ConfUtils.java:logGet(44)) - raft.server.log.use.memory = false (default)
2022-04-24 04:16:04,980 [pool-260-thread-1] INFO  server.RaftServerConfigKeys (ConfUtils.java:logGet(44)) - raft.server.log.purge.gap = 1000000 (custom)
2022-04-24 04:16:04,980 [pool-260-thread-1] INFO  server.RaftServerConfigKeys (ConfUtils.java:logGet(44)) - raft.server.log.appender.buffer.byte-limit = 33554432 (custom)
2022-04-24 04:16:04,980 [pool-260-thread-1] INFO  server.RaftServerConfigKeys (ConfUtils.java:logGet(44)) - raft.server.log.segment.size.max = 1048576 (custom)
2022-04-24 04:16:04,981 [pool-260-thread-1] INFO  server.RaftServerConfigKeys (ConfUtils.java:logGet(44)) - raft.server.log.segment.cache.num.max = 2 (custom)
2022-04-24 04:16:04,981 [pool-260-thread-1] INFO  server.RaftServerConfigKeys (ConfUtils.java:logGet(44)) - raft.server.log.segment.cache.size.max = 200MB (=209715200) (default)
2022-04-24 04:16:04,981 [pool-260-thread-1] INFO  segmented.SegmentedRaftLogWorker (SegmentedRaftLogWorker.java:<init>(182)) - new 862c3159-621e-4808-8fb5-192a2fed7743@group-3FEA44E64FBE-SegmentedRaftLogWorker for RaftStorageImpl:Storage Directory /home/runner/work/ozone/ozone/hadoop-ozone/integration-test/target/test-dir/MiniOzoneClusterImpl-e7da0ab5-4936-473d-8bac-46be260cf6da/datanode-0/data/ratis/ab1c6947-aa28-481a-94d5-3fea44e64fbe
2022-04-24 04:16:04,981 [pool-260-thread-1] INFO  server.RaftServerConfigKeys (ConfUtils.java:logGet(44)) - raft.server.log.queue.byte-limit = 4294967296 (custom)
2022-04-24 04:16:04,981 [pool-260-thread-1] INFO  server.RaftServerConfigKeys (ConfUtils.java:logGet(44)) - raft.server.log.queue.element-limit = 1024 (custom)
2022-04-24 04:16:04,981 [pool-260-thread-1] INFO  server.RaftServerConfigKeys (ConfUtils.java:logGet(44)) - raft.server.log.segment.size.max = 1048576 (custom)
2022-04-24 04:16:04,981 [pool-260-thread-1] INFO  server.RaftServerConfigKeys (ConfUtils.java:logGet(44)) - raft.server.log.preallocated.size = 16384 (custom)
2022-04-24 04:16:04,981 [pool-260-thread-1] INFO  server.RaftServerConfigKeys (ConfUtils.java:logGet(44)) - raft.server.log.force.sync.num = 128 (default)
2022-04-24 04:16:04,981 [pool-260-thread-1] INFO  server.RaftServerConfigKeys (ConfUtils.java:logGet(44)) - raft.server.log.statemachine.data.sync = true (default)
2022-04-24 04:16:04,981 [pool-260-thread-1] INFO  server.RaftServerConfigKeys (ConfUtils.java:logGet(44)) - raft.server.log.statemachine.data.sync.timeout = 10s (default)
2022-04-24 04:16:04,981 [pool-260-thread-1] INFO  server.RaftServerConfigKeys (ConfUtils.java:logGet(44)) - raft.server.log.statemachine.data.sync.timeout.retry = -1 (default)
2022-04-24 04:16:04,982 [pool-260-thread-1] INFO  server.RaftServerConfigKeys (ConfUtils.java:logGet(44)) - raft.server.log.write.buffer.size = 1048576 (custom)
2022-04-24 04:16:04,983 [pool-260-thread-1] INFO  server.RaftServerConfigKeys (ConfUtils.java:logGet(44)) - raft.server.log.statemachine.data.caching.enabled = true (custom)
2022-04-24 04:16:04,983 [pool-260-thread-1] INFO  segmented.SegmentedRaftLogWorker (SegmentedRaftLogWorker.java:lambda$new$0(133)) - 862c3159-621e-4808-8fb5-192a2fed7743@group-3FEA44E64FBE-SegmentedRaftLogWorker: flushIndex: setUnconditionally 0 -> -1
2022-04-24 04:16:04,983 [pool-260-thread-1] INFO  segmented.SegmentedRaftLogWorker (SegmentedRaftLogWorker.java:lambda$new$0(133)) - 862c3159-621e-4808-8fb5-192a2fed7743@group-3FEA44E64FBE-SegmentedRaftLogWorker: safeCacheEvictIndex: setUnconditionally 0 -> -1
2022-04-24 04:16:04,993 [pool-260-thread-1] INFO  server.RaftServerConfigKeys (ConfUtils.java:logGet(44)) - raft.server.snapshot.auto.trigger.enabled = true (custom)
2022-04-24 04:16:04,993 [pool-260-thread-1] INFO  server.RaftServerConfigKeys (ConfUtils.java:logGet(44)) - raft.server.snapshot.auto.trigger.threshold = 10000 (custom)
2022-04-24 04:16:04,993 [pool-260-thread-1] INFO  server.RaftServerConfigKeys (ConfUtils.java:logGet(44)) - raft.server.snapshot.retention.file.num = 5 (custom)
2022-04-24 04:16:04,994 [pool-260-thread-1] INFO  server.RaftServerConfigKeys (ConfUtils.java:logGet(44)) - raft.server.log.purge.upto.snapshot.index = false (default)
2022-04-24 04:16:04,994 [pool-260-thread-1] INFO  server.RaftServerConfigKeys (ConfUtils.java:logGet(44)) - raft.server.retrycache.expirytime = 600000ms (custom)
2022-04-24 04:16:04,994 [pool-260-thread-1] INFO  server.RaftServerConfigKeys (ConfUtils.java:logGet(44)) - raft.server.retrycache.statistics.expirytime = 100μs (default)
2022-04-24 04:16:04,995 [pool-260-thread-1] INFO  server.RaftServer$Division (RaftServerImpl.java:start(301)) - 862c3159-621e-4808-8fb5-192a2fed7743@group-3FEA44E64FBE: start as a follower, conf=-1: [1de514c8-4282-4370-a982-a3c391975046|rpc:10.1.0.15:35459|priority:0, 895edd85-c017-4033-b7e9-810222bcedda|rpc:10.1.0.15:44303|priority:1, 862c3159-621e-4808-8fb5-192a2fed7743|rpc:10.1.0.15:38757|priority:0], old=null
2022-04-24 04:16:04,995 [pool-260-thread-1] INFO  server.RaftServer$Division (RaftServerImpl.java:setRole(290)) - 862c3159-621e-4808-8fb5-192a2fed7743@group-3FEA44E64FBE: changes role from      null to FOLLOWER at term 0 for startAsFollower
2022-04-24 04:16:04,995 [pool-260-thread-1] INFO  impl.RoleInfo (RoleInfo.java:updateAndGet(130)) - 862c3159-621e-4808-8fb5-192a2fed7743: start 862c3159-621e-4808-8fb5-192a2fed7743@group-3FEA44E64FBE-FollowerState
2022-04-24 04:16:04,997 [pool-260-thread-1] INFO  util.JmxRegister (JmxRegister.java:tryRegister(44)) - Successfully registered JMX Bean with object name Ratis:service=RaftServer,group=group-3FEA44E64FBE,id=862c3159-621e-4808-8fb5-192a2fed7743
2022-04-24 04:16:05,017 [Command processor thread] INFO  ratis.XceiverServerRatis (XceiverServerRatis.java:addGroup(765)) - Created group PipelineID=ab1c6947-aa28-481a-94d5-3fea44e64fbe
2022-04-24 04:16:05,119 [grpc-default-executor-0] INFO  server.RaftServer (RaftServerProxy.java:addNew(95)) - 895edd85-c017-4033-b7e9-810222bcedda: addNew group-3FEA44E64FBE:[1de514c8-4282-4370-a982-a3c391975046|rpc:10.1.0.15:35459|dataStream:|priority:0, 895edd85-c017-4033-b7e9-810222bcedda|rpc:10.1.0.15:44303|dataStream:|priority:1, 862c3159-621e-4808-8fb5-192a2fed7743|rpc:10.1.0.15:38757|dataStream:|priority:0] returns group-3FEA44E64FBE:java.util.concurrent.CompletableFuture@3d559f4a[Not completed]
2022-04-24 04:16:05,120 [pool-302-thread-1] INFO  server.RaftServer$Division (RaftServerImpl.java:<init>(184)) - 895edd85-c017-4033-b7e9-810222bcedda: new RaftServerImpl for group-3FEA44E64FBE:[1de514c8-4282-4370-a982-a3c391975046|rpc:10.1.0.15:35459|dataStream:|priority:0, 895edd85-c017-4033-b7e9-810222bcedda|rpc:10.1.0.15:44303|dataStream:|priority:1, 862c3159-621e-4808-8fb5-192a2fed7743|rpc:10.1.0.15:38757|dataStream:|priority:0] with ContainerStateMachine:uninitialized
2022-04-24 04:16:05,145 [pool-302-thread-1] INFO  server.RaftServerConfigKeys (ConfUtils.java:logGet(44)) - raft.server.rpc.timeout.min = 5s (custom)
2022-04-24 04:16:05,145 [pool-302-thread-1] INFO  server.RaftServerConfigKeys (ConfUtils.java:logGet(44)) - raft.server.rpc.timeout.max = 5200ms (custom)
2022-04-24 04:16:05,145 [pool-302-thread-1] INFO  server.RaftServerConfigKeys (ConfUtils.java:logGet(44)) - raft.server.rpc.sleep.time = 25ms (default)
2022-04-24 04:16:05,145 [pool-302-thread-1] INFO  server.RaftServerConfigKeys (ConfUtils.java:logGet(44)) - raft.server.rpc.slowness.timeout = 300s (custom)
2022-04-24 04:16:05,145 [pool-302-thread-1] INFO  server.RaftServerConfigKeys (ConfUtils.java:logGet(44)) - raft.server.leaderelection.leader.step-down.wait-time = 10s (default)
2022-04-24 04:16:05,145 [pool-302-thread-1] INFO  server.RaftServerConfigKeys (ConfUtils.java:logGet(44)) - raft.server.sleep.deviation.threshold = 300ms (default)
2022-04-24 04:16:05,145 [pool-302-thread-1] INFO  server.RaftServerConfigKeys (ConfUtils.java:logGet(44)) - raft.server.log.appender.install.snapshot.enabled = false (custom)
2022-04-24 04:16:05,146 [pool-302-thread-1] INFO  server.RaftServer$Division (ServerState.java:<init>(105)) - 895edd85-c017-4033-b7e9-810222bcedda@group-3FEA44E64FBE: ConfigurationManager, init=-1: [1de514c8-4282-4370-a982-a3c391975046|rpc:10.1.0.15:35459|dataStream:|priority:0, 895edd85-c017-4033-b7e9-810222bcedda|rpc:10.1.0.15:44303|dataStream:|priority:1, 862c3159-621e-4808-8fb5-192a2fed7743|rpc:10.1.0.15:38757|dataStream:|priority:0], old=null, confs=<EMPTY_MAP>
2022-04-24 04:16:05,146 [pool-302-thread-1] INFO  server.RaftServerConfigKeys (ConfUtils.java:logGet(44)) - raft.server.storage.dir = [/home/runner/work/ozone/ozone/hadoop-ozone/integration-test/target/test-dir/MiniOzoneClusterImpl-e7da0ab5-4936-473d-8bac-46be260cf6da/datanode-2/data/ratis] (custom)
2022-04-24 04:16:05,146 [pool-302-thread-1] INFO  server.RaftServerConfigKeys (ConfUtils.java:logGet(44)) - raft.server.log.corruption.policy = EXCEPTION (default)
2022-04-24 04:16:05,146 [pool-302-thread-1] INFO  server.RaftServerConfigKeys (ConfUtils.java:logGet(44)) - raft.server.storage.free-space.min = 0MB (=0) (default)
2022-04-24 04:16:05,146 [pool-302-thread-1] INFO  storage.RaftStorageDirectory (RaftStorageDirectoryImpl.java:analyzeStorage(135)) - The storage directory /home/runner/work/ozone/ozone/hadoop-ozone/integration-test/target/test-dir/MiniOzoneClusterImpl-e7da0ab5-4936-473d-8bac-46be260cf6da/datanode-2/data/ratis/ab1c6947-aa28-481a-94d5-3fea44e64fbe does not exist. Creating ...
2022-04-24 04:16:05,149 [pool-302-thread-1] INFO  storage.RaftStorageDirectory (RaftStorageDirectoryImpl.java:tryLock(230)) - Lock on /home/runner/work/ozone/ozone/hadoop-ozone/integration-test/target/test-dir/MiniOzoneClusterImpl-e7da0ab5-4936-473d-8bac-46be260cf6da/datanode-2/data/ratis/ab1c6947-aa28-481a-94d5-3fea44e64fbe/in_use.lock acquired by nodename 18665@fv-az50-870
2022-04-24 04:16:05,154 [pool-302-thread-1] INFO  storage.RaftStorage (RaftStorageImpl.java:format(89)) - Storage directory /home/runner/work/ozone/ozone/hadoop-ozone/integration-test/target/test-dir/MiniOzoneClusterImpl-e7da0ab5-4936-473d-8bac-46be260cf6da/datanode-2/data/ratis/ab1c6947-aa28-481a-94d5-3fea44e64fbe has been successfully formatted.
2022-04-24 04:16:05,161 [pool-302-thread-1] INFO  ratis.ContainerStateMachine (ContainerStateMachine.java:loadSnapshot(236)) - group-3FEA44E64FBE: The snapshot info is null. Setting the last applied indexto:(t:0, i:~)
2022-04-24 04:16:05,162 [pool-302-thread-1] INFO  server.RaftServerConfigKeys (ConfUtils.java:logGet(44)) - raft.server.notification.no-leader.timeout = 300s (custom)
2022-04-24 04:16:05,162 [pool-302-thread-1] INFO  server.RaftServerConfigKeys (ConfUtils.java:logGet(44)) - raft.server.log.use.memory = false (default)
2022-04-24 04:16:05,162 [pool-302-thread-1] INFO  server.RaftServerConfigKeys (ConfUtils.java:logGet(44)) - raft.server.log.purge.gap = 1000000 (custom)
2022-04-24 04:16:05,162 [pool-302-thread-1] INFO  server.RaftServerConfigKeys (ConfUtils.java:logGet(44)) - raft.server.log.appender.buffer.byte-limit = 33554432 (custom)
2022-04-24 04:16:05,162 [pool-302-thread-1] INFO  server.RaftServerConfigKeys (ConfUtils.java:logGet(44)) - raft.server.log.segment.size.max = 1048576 (custom)
2022-04-24 04:16:05,163 [pool-302-thread-1] INFO  server.RaftServerConfigKeys (ConfUtils.java:logGet(44)) - raft.server.log.segment.cache.num.max = 2 (custom)
2022-04-24 04:16:05,163 [pool-302-thread-1] INFO  server.RaftServerConfigKeys (ConfUtils.java:logGet(44)) - raft.server.log.segment.cache.size.max = 200MB (=209715200) (default)
2022-04-24 04:16:05,163 [pool-302-thread-1] INFO  segmented.SegmentedRaftLogWorker (SegmentedRaftLogWorker.java:<init>(182)) - new 895edd85-c017-4033-b7e9-810222bcedda@group-3FEA44E64FBE-SegmentedRaftLogWorker for RaftStorageImpl:Storage Directory /home/runner/work/ozone/ozone/hadoop-ozone/integration-test/target/test-dir/MiniOzoneClusterImpl-e7da0ab5-4936-473d-8bac-46be260cf6da/datanode-2/data/ratis/ab1c6947-aa28-481a-94d5-3fea44e64fbe
2022-04-24 04:16:05,163 [pool-302-thread-1] INFO  server.RaftServerConfigKeys (ConfUtils.java:logGet(44)) - raft.server.log.queue.byte-limit = 4294967296 (custom)
2022-04-24 04:16:05,164 [pool-302-thread-1] INFO  server.RaftServerConfigKeys (ConfUtils.java:logGet(44)) - raft.server.log.queue.element-limit = 1024 (custom)
2022-04-24 04:16:05,164 [pool-302-thread-1] INFO  server.RaftServerConfigKeys (ConfUtils.java:logGet(44)) - raft.server.log.segment.size.max = 1048576 (custom)
2022-04-24 04:16:05,164 [pool-302-thread-1] INFO  server.RaftServerConfigKeys (ConfUtils.java:logGet(44)) - raft.server.log.preallocated.size = 16384 (custom)
2022-04-24 04:16:05,164 [pool-302-thread-1] INFO  server.RaftServerConfigKeys (ConfUtils.java:logGet(44)) - raft.server.log.force.sync.num = 128 (default)
2022-04-24 04:16:05,164 [pool-302-thread-1] INFO  server.RaftServerConfigKeys (ConfUtils.java:logGet(44)) - raft.server.log.statemachine.data.sync = true (default)
2022-04-24 04:16:05,164 [pool-302-thread-1] INFO  server.RaftServerConfigKeys (ConfUtils.java:logGet(44)) - raft.server.log.statemachine.data.sync.timeout = 10s (default)
2022-04-24 04:16:05,164 [pool-302-thread-1] INFO  server.RaftServerConfigKeys (ConfUtils.java:logGet(44)) - raft.server.log.statemachine.data.sync.timeout.retry = -1 (default)
2022-04-24 04:16:05,165 [pool-302-thread-1] INFO  server.RaftServerConfigKeys (ConfUtils.java:logGet(44)) - raft.server.log.write.buffer.size = 1048576 (custom)
2022-04-24 04:16:05,165 [pool-302-thread-1] INFO  server.RaftServerConfigKeys (ConfUtils.java:logGet(44)) - raft.server.log.statemachine.data.caching.enabled = true (custom)
2022-04-24 04:16:05,165 [pool-302-thread-1] INFO  segmented.SegmentedRaftLogWorker (SegmentedRaftLogWorker.java:lambda$new$0(133)) - 895edd85-c017-4033-b7e9-810222bcedda@group-3FEA44E64FBE-SegmentedRaftLogWorker: flushIndex: setUnconditionally 0 -> -1
2022-04-24 04:16:05,165 [pool-302-thread-1] INFO  segmented.SegmentedRaftLogWorker (SegmentedRaftLogWorker.java:lambda$new$0(133)) - 895edd85-c017-4033-b7e9-810222bcedda@group-3FEA44E64FBE-SegmentedRaftLogWorker: safeCacheEvictIndex: setUnconditionally 0 -> -1
2022-04-24 04:16:05,181 [pool-302-thread-1] INFO  server.RaftServerConfigKeys (ConfUtils.java:logGet(44)) - raft.server.snapshot.auto.trigger.enabled = true (custom)
2022-04-24 04:16:05,182 [pool-302-thread-1] INFO  server.RaftServerConfigKeys (ConfUtils.java:logGet(44)) - raft.server.snapshot.auto.trigger.threshold = 10000 (custom)
2022-04-24 04:16:05,190 [pool-302-thread-1] INFO  server.RaftServerConfigKeys (ConfUtils.java:logGet(44)) - raft.server.snapshot.retention.file.num = 5 (custom)
2022-04-24 04:16:05,190 [pool-302-thread-1] INFO  server.RaftServerConfigKeys (ConfUtils.java:logGet(44)) - raft.server.log.purge.upto.snapshot.index = false (default)
2022-04-24 04:16:05,190 [pool-302-thread-1] INFO  server.RaftServerConfigKeys (ConfUtils.java:logGet(44)) - raft.server.retrycache.expirytime = 600000ms (custom)
2022-04-24 04:16:05,190 [pool-302-thread-1] INFO  server.RaftServerConfigKeys (ConfUtils.java:logGet(44)) - raft.server.retrycache.statistics.expirytime = 100μs (default)
2022-04-24 04:16:05,192 [pool-302-thread-1] INFO  server.RaftServer$Division (RaftServerImpl.java:start(301)) - 895edd85-c017-4033-b7e9-810222bcedda@group-3FEA44E64FBE: start as a follower, conf=-1: [1de514c8-4282-4370-a982-a3c391975046|rpc:10.1.0.15:35459|dataStream:|priority:0, 895edd85-c017-4033-b7e9-810222bcedda|rpc:10.1.0.15:44303|dataStream:|priority:1, 862c3159-621e-4808-8fb5-192a2fed7743|rpc:10.1.0.15:38757|dataStream:|priority:0], old=null
2022-04-24 04:16:05,192 [pool-302-thread-1] INFO  server.RaftServer$Division (RaftServerImpl.java:setRole(290)) - 895edd85-c017-4033-b7e9-810222bcedda@group-3FEA44E64FBE: changes role from      null to FOLLOWER at term 0 for startAsFollower
2022-04-24 04:16:05,192 [pool-302-thread-1] INFO  impl.RoleInfo (RoleInfo.java:updateAndGet(130)) - 895edd85-c017-4033-b7e9-810222bcedda: start 895edd85-c017-4033-b7e9-810222bcedda@group-3FEA44E64FBE-FollowerState
2022-04-24 04:16:05,202 [pool-302-thread-1] INFO  util.JmxRegister (JmxRegister.java:tryRegister(44)) - Successfully registered JMX Bean with object name Ratis:service=RaftServer,group=group-3FEA44E64FBE,id=895edd85-c017-4033-b7e9-810222bcedda
2022-04-24 04:16:05,262 [grpc-default-executor-0] INFO  server.RaftServer (RaftServerProxy.java:addNew(95)) - 1de514c8-4282-4370-a982-a3c391975046: addNew group-3FEA44E64FBE:[1de514c8-4282-4370-a982-a3c391975046|rpc:10.1.0.15:35459|dataStream:|priority:0, 895edd85-c017-4033-b7e9-810222bcedda|rpc:10.1.0.15:44303|dataStream:|priority:1, 862c3159-621e-4808-8fb5-192a2fed7743|rpc:10.1.0.15:38757|dataStream:|priority:0] returns group-3FEA44E64FBE:java.util.concurrent.CompletableFuture@74ee0f6f[Not completed]
2022-04-24 04:16:05,270 [pool-281-thread-1] INFO  server.RaftServer$Division (RaftServerImpl.java:<init>(184)) - 1de514c8-4282-4370-a982-a3c391975046: new RaftServerImpl for group-3FEA44E64FBE:[1de514c8-4282-4370-a982-a3c391975046|rpc:10.1.0.15:35459|dataStream:|priority:0, 895edd85-c017-4033-b7e9-810222bcedda|rpc:10.1.0.15:44303|dataStream:|priority:1, 862c3159-621e-4808-8fb5-192a2fed7743|rpc:10.1.0.15:38757|dataStream:|priority:0] with ContainerStateMachine:uninitialized
2022-04-24 04:16:05,281 [pool-281-thread-1] INFO  server.RaftServerConfigKeys (ConfUtils.java:logGet(44)) - raft.server.rpc.timeout.min = 5s (custom)
2022-04-24 04:16:05,281 [pool-281-thread-1] INFO  server.RaftServerConfigKeys (ConfUtils.java:logGet(44)) - raft.server.rpc.timeout.max = 5200ms (custom)
2022-04-24 04:16:05,281 [pool-281-thread-1] INFO  server.RaftServerConfigKeys (ConfUtils.java:logGet(44)) - raft.server.rpc.sleep.time = 25ms (default)
2022-04-24 04:16:05,281 [pool-281-thread-1] INFO  server.RaftServerConfigKeys (ConfUtils.java:logGet(44)) - raft.server.rpc.slowness.timeout = 300s (custom)
2022-04-24 04:16:05,281 [pool-281-thread-1] INFO  server.RaftServerConfigKeys (ConfUtils.java:logGet(44)) - raft.server.leaderelection.leader.step-down.wait-time = 10s (default)
2022-04-24 04:16:05,281 [pool-281-thread-1] INFO  server.RaftServerConfigKeys (ConfUtils.java:logGet(44)) - raft.server.sleep.deviation.threshold = 300ms (default)
2022-04-24 04:16:05,281 [pool-281-thread-1] INFO  server.RaftServerConfigKeys (ConfUtils.java:logGet(44)) - raft.server.log.appender.install.snapshot.enabled = false (custom)
2022-04-24 04:16:05,281 [pool-281-thread-1] INFO  server.RaftServer$Division (ServerState.java:<init>(105)) - 1de514c8-4282-4370-a982-a3c391975046@group-3FEA44E64FBE: ConfigurationManager, init=-1: [1de514c8-4282-4370-a982-a3c391975046|rpc:10.1.0.15:35459|dataStream:|priority:0, 895edd85-c017-4033-b7e9-810222bcedda|rpc:10.1.0.15:44303|dataStream:|priority:1, 862c3159-621e-4808-8fb5-192a2fed7743|rpc:10.1.0.15:38757|dataStream:|priority:0], old=null, confs=<EMPTY_MAP>
2022-04-24 04:16:05,281 [pool-281-thread-1] INFO  server.RaftServerConfigKeys (ConfUtils.java:logGet(44)) - raft.server.storage.dir = [/home/runner/work/ozone/ozone/hadoop-ozone/integration-test/target/test-dir/MiniOzoneClusterImpl-e7da0ab5-4936-473d-8bac-46be260cf6da/datanode-1/data/ratis] (custom)
2022-04-24 04:16:05,281 [pool-281-thread-1] INFO  server.RaftServerConfigKeys (ConfUtils.java:logGet(44)) - raft.server.log.corruption.policy = EXCEPTION (default)
2022-04-24 04:16:05,281 [pool-281-thread-1] INFO  server.RaftServerConfigKeys (ConfUtils.java:logGet(44)) - raft.server.storage.free-space.min = 0MB (=0) (default)
2022-04-24 04:16:05,281 [pool-281-thread-1] INFO  storage.RaftStorageDirectory (RaftStorageDirectoryImpl.java:analyzeStorage(135)) - The storage directory /home/runner/work/ozone/ozone/hadoop-ozone/integration-test/target/test-dir/MiniOzoneClusterImpl-e7da0ab5-4936-473d-8bac-46be260cf6da/datanode-1/data/ratis/ab1c6947-aa28-481a-94d5-3fea44e64fbe does not exist. Creating ...
2022-04-24 04:16:05,287 [pool-281-thread-1] INFO  storage.RaftStorageDirectory (RaftStorageDirectoryImpl.java:tryLock(230)) - Lock on /home/runner/work/ozone/ozone/hadoop-ozone/integration-test/target/test-dir/MiniOzoneClusterImpl-e7da0ab5-4936-473d-8bac-46be260cf6da/datanode-1/data/ratis/ab1c6947-aa28-481a-94d5-3fea44e64fbe/in_use.lock acquired by nodename 18665@fv-az50-870
2022-04-24 04:16:05,291 [pool-281-thread-1] INFO  storage.RaftStorage (RaftStorageImpl.java:format(89)) - Storage directory /home/runner/work/ozone/ozone/hadoop-ozone/integration-test/target/test-dir/MiniOzoneClusterImpl-e7da0ab5-4936-473d-8bac-46be260cf6da/datanode-1/data/ratis/ab1c6947-aa28-481a-94d5-3fea44e64fbe has been successfully formatted.
2022-04-24 04:16:05,296 [pool-281-thread-1] INFO  ratis.ContainerStateMachine (ContainerStateMachine.java:loadSnapshot(236)) - group-3FEA44E64FBE: The snapshot info is null. Setting the last applied indexto:(t:0, i:~)
2022-04-24 04:16:05,296 [Command processor thread] INFO  server.RaftServer (RaftServerProxy.java:addNew(95)) - 1de514c8-4282-4370-a982-a3c391975046: addNew group-94E7C9A85208:[1de514c8-4282-4370-a982-a3c391975046|rpc:10.1.0.15:35459|priority:1] returns group-94E7C9A85208:java.util.concurrent.CompletableFuture@7e6ec424[Not completed]
2022-04-24 04:16:05,305 [pool-281-thread-1] INFO  server.RaftServerConfigKeys (ConfUtils.java:logGet(44)) - raft.server.notification.no-leader.timeout = 300s (custom)
2022-04-24 04:16:05,306 [pool-281-thread-1] INFO  server.RaftServerConfigKeys (ConfUtils.java:logGet(44)) - raft.server.log.use.memory = false (default)
2022-04-24 04:16:05,307 [pool-281-thread-1] INFO  server.RaftServerConfigKeys (ConfUtils.java:logGet(44)) - raft.server.log.purge.gap = 1000000 (custom)
2022-04-24 04:16:05,307 [pool-281-thread-1] INFO  server.RaftServerConfigKeys (ConfUtils.java:logGet(44)) - raft.server.log.appender.buffer.byte-limit = 33554432 (custom)
2022-04-24 04:16:05,309 [pool-281-thread-1] INFO  server.RaftServerConfigKeys (ConfUtils.java:logGet(44)) - raft.server.log.segment.size.max = 1048576 (custom)
2022-04-24 04:16:05,309 [pool-281-thread-1] INFO  server.RaftServerConfigKeys (ConfUtils.java:logGet(44)) - raft.server.log.segment.cache.num.max = 2 (custom)
2022-04-24 04:16:05,309 [pool-281-thread-1] INFO  server.RaftServerConfigKeys (ConfUtils.java:logGet(44)) - raft.server.log.segment.cache.size.max = 200MB (=209715200) (default)
2022-04-24 04:16:05,309 [pool-281-thread-1] INFO  segmented.SegmentedRaftLogWorker (SegmentedRaftLogWorker.java:<init>(182)) - new 1de514c8-4282-4370-a982-a3c391975046@group-3FEA44E64FBE-SegmentedRaftLogWorker for RaftStorageImpl:Storage Directory /home/runner/work/ozone/ozone/hadoop-ozone/integration-test/target/test-dir/MiniOzoneClusterImpl-e7da0ab5-4936-473d-8bac-46be260cf6da/datanode-1/data/ratis/ab1c6947-aa28-481a-94d5-3fea44e64fbe
2022-04-24 04:16:05,310 [pool-281-thread-1] INFO  server.RaftServerConfigKeys (ConfUtils.java:logGet(44)) - raft.server.log.queue.byte-limit = 4294967296 (custom)
2022-04-24 04:16:05,310 [pool-281-thread-1] INFO  server.RaftServerConfigKeys (ConfUtils.java:logGet(44)) - raft.server.log.queue.element-limit = 1024 (custom)
2022-04-24 04:16:05,315 [pool-281-thread-1] INFO  server.RaftServerConfigKeys (ConfUtils.java:logGet(44)) - raft.server.log.segment.size.max = 1048576 (custom)
2022-04-24 04:16:05,315 [pool-281-thread-1] INFO  server.RaftServerConfigKeys (ConfUtils.java:logGet(44)) - raft.server.log.preallocated.size = 16384 (custom)
2022-04-24 04:16:05,315 [pool-281-thread-1] INFO  server.RaftServerConfigKeys (ConfUtils.java:logGet(44)) - raft.server.log.force.sync.num = 128 (default)
2022-04-24 04:16:05,315 [pool-281-thread-1] INFO  server.RaftServerConfigKeys (ConfUtils.java:logGet(44)) - raft.server.log.statemachine.data.sync = true (default)
2022-04-24 04:16:05,315 [pool-281-thread-1] INFO  server.RaftServerConfigKeys (ConfUtils.java:logGet(44)) - raft.server.log.statemachine.data.sync.timeout = 10s (default)
2022-04-24 04:16:05,315 [pool-281-thread-1] INFO  server.RaftServerConfigKeys (ConfUtils.java:logGet(44)) - raft.server.log.statemachine.data.sync.timeout.retry = -1 (default)
2022-04-24 04:16:05,316 [pool-281-thread-1] INFO  server.RaftServerConfigKeys (ConfUtils.java:logGet(44)) - raft.server.log.write.buffer.size = 1048576 (custom)
2022-04-24 04:16:05,317 [pool-281-thread-1] INFO  server.RaftServerConfigKeys (ConfUtils.java:logGet(44)) - raft.server.log.statemachine.data.caching.enabled = true (custom)
2022-04-24 04:16:05,317 [pool-281-thread-1] INFO  segmented.SegmentedRaftLogWorker (SegmentedRaftLogWorker.java:lambda$new$0(133)) - 1de514c8-4282-4370-a982-a3c391975046@group-3FEA44E64FBE-SegmentedRaftLogWorker: flushIndex: setUnconditionally 0 -> -1
2022-04-24 04:16:05,317 [pool-281-thread-1] INFO  segmented.SegmentedRaftLogWorker (SegmentedRaftLogWorker.java:lambda$new$0(133)) - 1de514c8-4282-4370-a982-a3c391975046@group-3FEA44E64FBE-SegmentedRaftLogWorker: safeCacheEvictIndex: setUnconditionally 0 -> -1
2022-04-24 04:16:05,322 [pool-281-thread-1] INFO  server.RaftServerConfigKeys (ConfUtils.java:logGet(44)) - raft.server.snapshot.auto.trigger.enabled = true (custom)
2022-04-24 04:16:05,322 [pool-281-thread-1] INFO  server.RaftServerConfigKeys (ConfUtils.java:logGet(44)) - raft.server.snapshot.auto.trigger.threshold = 10000 (custom)
2022-04-24 04:16:05,322 [pool-281-thread-1] INFO  server.RaftServerConfigKeys (ConfUtils.java:logGet(44)) - raft.server.snapshot.retention.file.num = 5 (custom)
2022-04-24 04:16:05,322 [pool-281-thread-1] INFO  server.RaftServerConfigKeys (ConfUtils.java:logGet(44)) - raft.server.log.purge.upto.snapshot.index = false (default)
2022-04-24 04:16:05,323 [pool-281-thread-1] INFO  server.RaftServerConfigKeys (ConfUtils.java:logGet(44)) - raft.server.retrycache.expirytime = 600000ms (custom)
2022-04-24 04:16:05,323 [pool-281-thread-1] INFO  server.RaftServerConfigKeys (ConfUtils.java:logGet(44)) - raft.server.retrycache.statistics.expirytime = 100μs (default)
2022-04-24 04:16:05,328 [pool-281-thread-1] INFO  server.RaftServer$Division (RaftServerImpl.java:<init>(184)) - 1de514c8-4282-4370-a982-a3c391975046: new RaftServerImpl for group-94E7C9A85208:[1de514c8-4282-4370-a982-a3c391975046|rpc:10.1.0.15:35459|priority:1] with ContainerStateMachine:uninitialized
2022-04-24 04:16:05,328 [pool-281-thread-1] INFO  server.RaftServerConfigKeys (ConfUtils.java:logGet(44)) - raft.server.rpc.timeout.min = 5s (custom)
2022-04-24 04:16:05,328 [pool-281-thread-1] INFO  server.RaftServerConfigKeys (ConfUtils.java:logGet(44)) - raft.server.rpc.timeout.max = 5200ms (custom)
2022-04-24 04:16:05,328 [pool-281-thread-1] INFO  server.RaftServerConfigKeys (ConfUtils.java:logGet(44)) - raft.server.rpc.sleep.time = 25ms (default)
2022-04-24 04:16:05,333 [pool-281-thread-1] INFO  server.RaftServerConfigKeys (ConfUtils.java:logGet(44)) - raft.server.rpc.slowness.timeout = 300s (custom)
2022-04-24 04:16:05,333 [pool-281-thread-1] INFO  server.RaftServerConfigKeys (ConfUtils.java:logGet(44)) - raft.server.leaderelection.leader.step-down.wait-time = 10s (default)
2022-04-24 04:16:05,333 [pool-281-thread-1] INFO  server.RaftServerConfigKeys (ConfUtils.java:logGet(44)) - raft.server.sleep.deviation.threshold = 300ms (default)
2022-04-24 04:16:05,333 [pool-281-thread-1] INFO  server.RaftServerConfigKeys (ConfUtils.java:logGet(44)) - raft.server.log.appender.install.snapshot.enabled = false (custom)
2022-04-24 04:16:05,333 [pool-281-thread-1] INFO  server.RaftServer$Division (ServerState.java:<init>(105)) - 1de514c8-4282-4370-a982-a3c391975046@group-94E7C9A85208: ConfigurationManager, init=-1: [1de514c8-4282-4370-a982-a3c391975046|rpc:10.1.0.15:35459|priority:1], old=null, confs=<EMPTY_MAP>
2022-04-24 04:16:05,333 [pool-281-thread-1] INFO  server.RaftServerConfigKeys (ConfUtils.java:logGet(44)) - raft.server.storage.dir = [/home/runner/work/ozone/ozone/hadoop-ozone/integration-test/target/test-dir/MiniOzoneClusterImpl-e7da0ab5-4936-473d-8bac-46be260cf6da/datanode-1/data/ratis] (custom)
2022-04-24 04:16:05,333 [pool-281-thread-1] INFO  server.RaftServerConfigKeys (ConfUtils.java:logGet(44)) - raft.server.log.corruption.policy = EXCEPTION (default)
2022-04-24 04:16:05,333 [pool-281-thread-1] INFO  server.RaftServerConfigKeys (ConfUtils.java:logGet(44)) - raft.server.storage.free-space.min = 0MB (=0) (default)
2022-04-24 04:16:05,333 [pool-281-thread-1] INFO  storage.RaftStorageDirectory (RaftStorageDirectoryImpl.java:analyzeStorage(135)) - The storage directory /home/runner/work/ozone/ozone/hadoop-ozone/integration-test/target/test-dir/MiniOzoneClusterImpl-e7da0ab5-4936-473d-8bac-46be260cf6da/datanode-1/data/ratis/93ce1baf-e889-42ab-8c0a-94e7c9a85208 does not exist. Creating ...
2022-04-24 04:16:05,335 [pool-281-thread-1] INFO  storage.RaftStorageDirectory (RaftStorageDirectoryImpl.java:tryLock(230)) - Lock on /home/runner/work/ozone/ozone/hadoop-ozone/integration-test/target/test-dir/MiniOzoneClusterImpl-e7da0ab5-4936-473d-8bac-46be260cf6da/datanode-1/data/ratis/93ce1baf-e889-42ab-8c0a-94e7c9a85208/in_use.lock acquired by nodename 18665@fv-az50-870
2022-04-24 04:16:05,341 [pool-281-thread-1] INFO  storage.RaftStorage (RaftStorageImpl.java:format(89)) - Storage directory /home/runner/work/ozone/ozone/hadoop-ozone/integration-test/target/test-dir/MiniOzoneClusterImpl-e7da0ab5-4936-473d-8bac-46be260cf6da/datanode-1/data/ratis/93ce1baf-e889-42ab-8c0a-94e7c9a85208 has been successfully formatted.
2022-04-24 04:16:05,343 [EventQueue-PipelineReportForPipelineReportHandler] INFO  pipeline.PipelineManagerImpl (PipelineManagerImpl.java:openPipeline(321)) - Pipeline Pipeline[ Id: 93ce1baf-e889-42ab-8c0a-94e7c9a85208, Nodes: 1de514c8-4282-4370-a982-a3c391975046{ip: 10.1.0.15, host: fv-az50-870.grzltbmokehuzjyc5b133kdqgh.cx.internal.cloudapp.net, ports: [REPLICATION=43807, RATIS=35459, RATIS_ADMIN=35459, RATIS_SERVER=35459, STANDALONE=46095], networkLocation: /default-rack, certSerialId: null, persistedOpState: IN_SERVICE, persistedOpStateExpiryEpochSec: 0}, ReplicationConfig: RATIS/ONE, State:ALLOCATED, leaderId:1de514c8-4282-4370-a982-a3c391975046, CreationTimestamp2022-04-24T04:16:02.302Z[Etc/UTC]] moved to OPEN state
2022-04-24 04:16:05,343 [pool-281-thread-1] INFO  ratis.ContainerStateMachine (ContainerStateMachine.java:loadSnapshot(236)) - group-94E7C9A85208: The snapshot info is null. Setting the last applied indexto:(t:0, i:~)
2022-04-24 04:16:05,344 [EventQueue-OpenPipelineForHealthyPipelineSafeModeRule] INFO  safemode.SCMSafeModeManager (HealthyPipelineSafeModeRule.java:process(124)) - SCM in safe mode. Healthy pipelines reported count is 0, required healthy pipeline reported count is 1
2022-04-24 04:16:05,347 [pool-281-thread-1] INFO  server.RaftServerConfigKeys (ConfUtils.java:logGet(44)) - raft.server.notification.no-leader.timeout = 300s (custom)
2022-04-24 04:16:05,347 [pool-281-thread-1] INFO  server.RaftServerConfigKeys (ConfUtils.java:logGet(44)) - raft.server.log.use.memory = false (default)
2022-04-24 04:16:05,347 [pool-281-thread-1] INFO  server.RaftServerConfigKeys (ConfUtils.java:logGet(44)) - raft.server.log.purge.gap = 1000000 (custom)
2022-04-24 04:16:05,347 [pool-281-thread-1] INFO  server.RaftServerConfigKeys (ConfUtils.java:logGet(44)) - raft.server.log.appender.buffer.byte-limit = 33554432 (custom)
2022-04-24 04:16:05,347 [pool-281-thread-1] INFO  server.RaftServerConfigKeys (ConfUtils.java:logGet(44)) - raft.server.log.segment.size.max = 1048576 (custom)
2022-04-24 04:16:05,353 [pool-281-thread-1] INFO  server.RaftServerConfigKeys (ConfUtils.java:logGet(44)) - raft.server.log.segment.cache.num.max = 2 (custom)
2022-04-24 04:16:05,353 [pool-281-thread-1] INFO  server.RaftServerConfigKeys (ConfUtils.java:logGet(44)) - raft.server.log.segment.cache.size.max = 200MB (=209715200) (default)
2022-04-24 04:16:05,353 [pool-281-thread-1] INFO  segmented.SegmentedRaftLogWorker (SegmentedRaftLogWorker.java:<init>(182)) - new 1de514c8-4282-4370-a982-a3c391975046@group-94E7C9A85208-SegmentedRaftLogWorker for RaftStorageImpl:Storage Directory /home/runner/work/ozone/ozone/hadoop-ozone/integration-test/target/test-dir/MiniOzoneClusterImpl-e7da0ab5-4936-473d-8bac-46be260cf6da/datanode-1/data/ratis/93ce1baf-e889-42ab-8c0a-94e7c9a85208
2022-04-24 04:16:05,353 [pool-281-thread-1] INFO  server.RaftServerConfigKeys (ConfUtils.java:logGet(44)) - raft.server.log.queue.byte-limit = 4294967296 (custom)
2022-04-24 04:16:05,353 [pool-281-thread-1] INFO  server.RaftServerConfigKeys (ConfUtils.java:logGet(44)) - raft.server.log.queue.element-limit = 1024 (custom)
2022-04-24 04:16:05,353 [pool-281-thread-1] INFO  server.RaftServerConfigKeys (ConfUtils.java:logGet(44)) - raft.server.log.segment.size.max = 1048576 (custom)
2022-04-24 04:16:05,353 [pool-281-thread-1] INFO  server.RaftServerConfigKeys (ConfUtils.java:logGet(44)) - raft.server.log.preallocated.size = 16384 (custom)
2022-04-24 04:16:05,353 [pool-281-thread-1] INFO  server.RaftServerConfigKeys (ConfUtils.java:logGet(44)) - raft.server.log.force.sync.num = 128 (default)
2022-04-24 04:16:05,353 [pool-281-thread-1] INFO  server.RaftServerConfigKeys (ConfUtils.java:logGet(44)) - raft.server.log.statemachine.data.sync = true (default)
2022-04-24 04:16:05,353 [pool-281-thread-1] INFO  server.RaftServerConfigKeys (ConfUtils.java:logGet(44)) - raft.server.log.statemachine.data.sync.timeout = 10s (default)
2022-04-24 04:16:05,353 [pool-281-thread-1] INFO  server.RaftServerConfigKeys (ConfUtils.java:logGet(44)) - raft.server.log.statemachine.data.sync.timeout.retry = -1 (default)
2022-04-24 04:16:05,354 [pool-281-thread-1] INFO  server.RaftServerConfigKeys (ConfUtils.java:logGet(44)) - raft.server.log.write.buffer.size = 1048576 (custom)
2022-04-24 04:16:05,355 [pool-281-thread-1] INFO  server.RaftServerConfigKeys (ConfUtils.java:logGet(44)) - raft.server.log.statemachine.data.caching.enabled = true (custom)
2022-04-24 04:16:05,355 [pool-281-thread-1] INFO  segmented.SegmentedRaftLogWorker (SegmentedRaftLogWorker.java:lambda$new$0(133)) - 1de514c8-4282-4370-a982-a3c391975046@group-94E7C9A85208-SegmentedRaftLogWorker: flushIndex: setUnconditionally 0 -> -1
2022-04-24 04:16:05,355 [pool-281-thread-1] INFO  segmented.SegmentedRaftLogWorker (SegmentedRaftLogWorker.java:lambda$new$0(133)) - 1de514c8-4282-4370-a982-a3c391975046@group-94E7C9A85208-SegmentedRaftLogWorker: safeCacheEvictIndex: setUnconditionally 0 -> -1
2022-04-24 04:16:05,376 [pool-281-thread-1] INFO  server.RaftServerConfigKeys (ConfUtils.java:logGet(44)) - raft.server.snapshot.auto.trigger.enabled = true (custom)
2022-04-24 04:16:05,376 [pool-281-thread-1] INFO  server.RaftServerConfigKeys (ConfUtils.java:logGet(44)) - raft.server.snapshot.auto.trigger.threshold = 10000 (custom)
2022-04-24 04:16:05,376 [pool-281-thread-1] INFO  server.RaftServerConfigKeys (ConfUtils.java:logGet(44)) - raft.server.snapshot.retention.file.num = 5 (custom)
2022-04-24 04:16:05,376 [pool-281-thread-1] INFO  server.RaftServerConfigKeys (ConfUtils.java:logGet(44)) - raft.server.log.purge.upto.snapshot.index = false (default)
2022-04-24 04:16:05,376 [pool-281-thread-1] INFO  server.RaftServerConfigKeys (ConfUtils.java:logGet(44)) - raft.server.retrycache.expirytime = 600000ms (custom)
2022-04-24 04:16:05,376 [pool-281-thread-1] INFO  server.RaftServerConfigKeys (ConfUtils.java:logGet(44)) - raft.server.retrycache.statistics.expirytime = 100μs (default)
2022-04-24 04:16:05,378 [pool-281-thread-1] INFO  server.RaftServer$Division (RaftServerImpl.java:start(301)) - 1de514c8-4282-4370-a982-a3c391975046@group-3FEA44E64FBE: start as a follower, conf=-1: [1de514c8-4282-4370-a982-a3c391975046|rpc:10.1.0.15:35459|dataStream:|priority:0, 895edd85-c017-4033-b7e9-810222bcedda|rpc:10.1.0.15:44303|dataStream:|priority:1, 862c3159-621e-4808-8fb5-192a2fed7743|rpc:10.1.0.15:38757|dataStream:|priority:0], old=null
2022-04-24 04:16:05,378 [pool-281-thread-1] INFO  server.RaftServer$Division (RaftServerImpl.java:setRole(290)) - 1de514c8-4282-4370-a982-a3c391975046@group-3FEA44E64FBE: changes role from      null to FOLLOWER at term 0 for startAsFollower
2022-04-24 04:16:05,378 [pool-281-thread-1] INFO  impl.RoleInfo (RoleInfo.java:updateAndGet(130)) - 1de514c8-4282-4370-a982-a3c391975046: start 1de514c8-4282-4370-a982-a3c391975046@group-3FEA44E64FBE-FollowerState
2022-04-24 04:16:05,380 [pool-281-thread-1] INFO  util.JmxRegister (JmxRegister.java:tryRegister(44)) - Successfully registered JMX Bean with object name Ratis:service=RaftServer,group=group-3FEA44E64FBE,id=1de514c8-4282-4370-a982-a3c391975046
2022-04-24 04:16:05,381 [pool-281-thread-1] INFO  server.RaftServer$Division (RaftServerImpl.java:start(301)) - 1de514c8-4282-4370-a982-a3c391975046@group-94E7C9A85208: start as a follower, conf=-1: [1de514c8-4282-4370-a982-a3c391975046|rpc:10.1.0.15:35459|priority:1], old=null
2022-04-24 04:16:05,381 [pool-281-thread-1] INFO  server.RaftServer$Division (RaftServerImpl.java:setRole(290)) - 1de514c8-4282-4370-a982-a3c391975046@group-94E7C9A85208: changes role from      null to FOLLOWER at term 0 for startAsFollower
2022-04-24 04:16:05,381 [pool-281-thread-1] INFO  impl.RoleInfo (RoleInfo.java:updateAndGet(130)) - 1de514c8-4282-4370-a982-a3c391975046: start 1de514c8-4282-4370-a982-a3c391975046@group-94E7C9A85208-FollowerState
2022-04-24 04:16:05,388 [pool-281-thread-1] INFO  util.JmxRegister (JmxRegister.java:tryRegister(44)) - Successfully registered JMX Bean with object name Ratis:service=RaftServer,group=group-94E7C9A85208,id=1de514c8-4282-4370-a982-a3c391975046
2022-04-24 04:16:05,389 [Command processor thread] INFO  ratis.XceiverServerRatis (XceiverServerRatis.java:addGroup(765)) - Created group PipelineID=93ce1baf-e889-42ab-8c0a-94e7c9a85208
2022-04-24 04:16:05,389 [Command processor thread] INFO  commandhandler.CreatePipelineCommandHandler (CreatePipelineCommandHandler.java:handle(113)) - Created Pipeline RATIS ONE PipelineID=93ce1baf-e889-42ab-8c0a-94e7c9a85208.
2022-04-24 04:16:05,389 [Command processor thread] INFO  server.RaftServer (RaftServerProxy.java:addNew(95)) - 1de514c8-4282-4370-a982-a3c391975046: addNew group-557FB44D8093:[1de514c8-4282-4370-a982-a3c391975046|rpc:10.1.0.15:35459|priority:0, 895edd85-c017-4033-b7e9-810222bcedda|rpc:10.1.0.15:44303|priority:0, 862c3159-621e-4808-8fb5-192a2fed7743|rpc:10.1.0.15:38757|priority:1] returns group-557FB44D8093:java.util.concurrent.CompletableFuture@70a93599[Not completed]
2022-04-24 04:16:05,410 [Command processor thread] INFO  commandhandler.CreatePipelineCommandHandler (CreatePipelineCommandHandler.java:handle(113)) - Created Pipeline RATIS THREE PipelineID=ab1c6947-aa28-481a-94d5-3fea44e64fbe.
2022-04-24 04:16:05,410 [Command processor thread] INFO  server.RaftServer (RaftServerProxy.java:addNew(95)) - 862c3159-621e-4808-8fb5-192a2fed7743: addNew group-557FB44D8093:[1de514c8-4282-4370-a982-a3c391975046|rpc:10.1.0.15:35459|priority:0, 895edd85-c017-4033-b7e9-810222bcedda|rpc:10.1.0.15:44303|priority:0, 862c3159-621e-4808-8fb5-192a2fed7743|rpc:10.1.0.15:38757|priority:1] returns group-557FB44D8093:java.util.concurrent.CompletableFuture@64611b55[Not completed]
2022-04-24 04:16:05,481 [pool-260-thread-1] INFO  server.RaftServer$Division (RaftServerImpl.java:<init>(184)) - 862c3159-621e-4808-8fb5-192a2fed7743: new RaftServerImpl for group-557FB44D8093:[1de514c8-4282-4370-a982-a3c391975046|rpc:10.1.0.15:35459|priority:0, 895edd85-c017-4033-b7e9-810222bcedda|rpc:10.1.0.15:44303|priority:0, 862c3159-621e-4808-8fb5-192a2fed7743|rpc:10.1.0.15:38757|priority:1] with ContainerStateMachine:uninitialized
2022-04-24 04:16:05,481 [pool-260-thread-1] INFO  server.RaftServerConfigKeys (ConfUtils.java:logGet(44)) - raft.server.rpc.timeout.min = 5s (custom)
2022-04-24 04:16:05,482 [pool-260-thread-1] INFO  server.RaftServerConfigKeys (ConfUtils.java:logGet(44)) - raft.server.rpc.timeout.max = 5200ms (custom)
2022-04-24 04:16:05,482 [pool-260-thread-1] INFO  server.RaftServerConfigKeys (ConfUtils.java:logGet(44)) - raft.server.rpc.sleep.time = 25ms (default)
2022-04-24 04:16:05,482 [pool-260-thread-1] INFO  server.RaftServerConfigKeys (ConfUtils.java:logGet(44)) - raft.server.rpc.slowness.timeout = 300s (custom)
2022-04-24 04:16:05,482 [pool-260-thread-1] INFO  server.RaftServerConfigKeys (ConfUtils.java:logGet(44)) - raft.server.leaderelection.leader.step-down.wait-time = 10s (default)
2022-04-24 04:16:05,482 [pool-260-thread-1] INFO  server.RaftServerConfigKeys (ConfUtils.java:logGet(44)) - raft.server.sleep.deviation.threshold = 300ms (default)
2022-04-24 04:16:05,482 [pool-260-thread-1] INFO  server.RaftServerConfigKeys (ConfUtils.java:logGet(44)) - raft.server.log.appender.install.snapshot.enabled = false (custom)
2022-04-24 04:16:05,482 [pool-260-thread-1] INFO  server.RaftServer$Division (ServerState.java:<init>(105)) - 862c3159-621e-4808-8fb5-192a2fed7743@group-557FB44D8093: ConfigurationManager, init=-1: [1de514c8-4282-4370-a982-a3c391975046|rpc:10.1.0.15:35459|priority:0, 895edd85-c017-4033-b7e9-810222bcedda|rpc:10.1.0.15:44303|priority:0, 862c3159-621e-4808-8fb5-192a2fed7743|rpc:10.1.0.15:38757|priority:1], old=null, confs=<EMPTY_MAP>
2022-04-24 04:16:05,482 [pool-260-thread-1] INFO  server.RaftServerConfigKeys (ConfUtils.java:logGet(44)) - raft.server.storage.dir = [/home/runner/work/ozone/ozone/hadoop-ozone/integration-test/target/test-dir/MiniOzoneClusterImpl-e7da0ab5-4936-473d-8bac-46be260cf6da/datanode-0/data/ratis] (custom)
2022-04-24 04:16:05,482 [pool-260-thread-1] INFO  server.RaftServerConfigKeys (ConfUtils.java:logGet(44)) - raft.server.log.corruption.policy = EXCEPTION (default)
2022-04-24 04:16:05,482 [pool-260-thread-1] INFO  server.RaftServerConfigKeys (ConfUtils.java:logGet(44)) - raft.server.storage.free-space.min = 0MB (=0) (default)
2022-04-24 04:16:05,482 [pool-260-thread-1] INFO  storage.RaftStorageDirectory (RaftStorageDirectoryImpl.java:analyzeStorage(135)) - The storage directory /home/runner/work/ozone/ozone/hadoop-ozone/integration-test/target/test-dir/MiniOzoneClusterImpl-e7da0ab5-4936-473d-8bac-46be260cf6da/datanode-0/data/ratis/f64d7104-b4d4-4a96-9fb6-557fb44d8093 does not exist. Creating ...
2022-04-24 04:16:05,483 [pool-281-thread-1] INFO  server.RaftServer$Division (RaftServerImpl.java:<init>(184)) - 1de514c8-4282-4370-a982-a3c391975046: new RaftServerImpl for group-557FB44D8093:[1de514c8-4282-4370-a982-a3c391975046|rpc:10.1.0.15:35459|priority:0, 895edd85-c017-4033-b7e9-810222bcedda|rpc:10.1.0.15:44303|priority:0, 862c3159-621e-4808-8fb5-192a2fed7743|rpc:10.1.0.15:38757|priority:1] with ContainerStateMachine:uninitialized
2022-04-24 04:16:05,483 [pool-281-thread-1] INFO  server.RaftServerConfigKeys (ConfUtils.java:logGet(44)) - raft.server.rpc.timeout.min = 5s (custom)
2022-04-24 04:16:05,483 [pool-281-thread-1] INFO  server.RaftServerConfigKeys (ConfUtils.java:logGet(44)) - raft.server.rpc.timeout.max = 5200ms (custom)
2022-04-24 04:16:05,483 [pool-281-thread-1] INFO  server.RaftServerConfigKeys (ConfUtils.java:logGet(44)) - raft.server.rpc.sleep.time = 25ms (default)
2022-04-24 04:16:05,483 [pool-281-thread-1] INFO  server.RaftServerConfigKeys (ConfUtils.java:logGet(44)) - raft.server.rpc.slowness.timeout = 300s (custom)
2022-04-24 04:16:05,483 [pool-281-thread-1] INFO  server.RaftServerConfigKeys (ConfUtils.java:logGet(44)) - raft.server.leaderelection.leader.step-down.wait-time = 10s (default)
2022-04-24 04:16:05,483 [pool-281-thread-1] INFO  server.RaftServerConfigKeys (ConfUtils.java:logGet(44)) - raft.server.sleep.deviation.threshold = 300ms (default)
2022-04-24 04:16:05,483 [pool-281-thread-1] INFO  server.RaftServerConfigKeys (ConfUtils.java:logGet(44)) - raft.server.log.appender.install.snapshot.enabled = false (custom)
2022-04-24 04:16:05,484 [pool-281-thread-1] INFO  server.RaftServer$Division (ServerState.java:<init>(105)) - 1de514c8-4282-4370-a982-a3c391975046@group-557FB44D8093: ConfigurationManager, init=-1: [1de514c8-4282-4370-a982-a3c391975046|rpc:10.1.0.15:35459|priority:0, 895edd85-c017-4033-b7e9-810222bcedda|rpc:10.1.0.15:44303|priority:0, 862c3159-621e-4808-8fb5-192a2fed7743|rpc:10.1.0.15:38757|priority:1], old=null, confs=<EMPTY_MAP>
2022-04-24 04:16:05,484 [pool-281-thread-1] INFO  server.RaftServerConfigKeys (ConfUtils.java:logGet(44)) - raft.server.storage.dir = [/home/runner/work/ozone/ozone/hadoop-ozone/integration-test/target/test-dir/MiniOzoneClusterImpl-e7da0ab5-4936-473d-8bac-46be260cf6da/datanode-1/data/ratis] (custom)
2022-04-24 04:16:05,484 [pool-281-thread-1] INFO  server.RaftServerConfigKeys (ConfUtils.java:logGet(44)) - raft.server.log.corruption.policy = EXCEPTION (default)
2022-04-24 04:16:05,484 [pool-281-thread-1] INFO  server.RaftServerConfigKeys (ConfUtils.java:logGet(44)) - raft.server.storage.free-space.min = 0MB (=0) (default)
2022-04-24 04:16:05,484 [pool-281-thread-1] INFO  storage.RaftStorageDirectory (RaftStorageDirectoryImpl.java:analyzeStorage(135)) - The storage directory /home/runner/work/ozone/ozone/hadoop-ozone/integration-test/target/test-dir/MiniOzoneClusterImpl-e7da0ab5-4936-473d-8bac-46be260cf6da/datanode-1/data/ratis/f64d7104-b4d4-4a96-9fb6-557fb44d8093 does not exist. Creating ...
2022-04-24 04:16:05,484 [pool-281-thread-1] INFO  storage.RaftStorageDirectory (RaftStorageDirectoryImpl.java:tryLock(230)) - Lock on /home/runner/work/ozone/ozone/hadoop-ozone/integration-test/target/test-dir/MiniOzoneClusterImpl-e7da0ab5-4936-473d-8bac-46be260cf6da/datanode-1/data/ratis/f64d7104-b4d4-4a96-9fb6-557fb44d8093/in_use.lock acquired by nodename 18665@fv-az50-870
2022-04-24 04:16:05,485 [pool-260-thread-1] INFO  storage.RaftStorageDirectory (RaftStorageDirectoryImpl.java:tryLock(230)) - Lock on /home/runner/work/ozone/ozone/hadoop-ozone/integration-test/target/test-dir/MiniOzoneClusterImpl-e7da0ab5-4936-473d-8bac-46be260cf6da/datanode-0/data/ratis/f64d7104-b4d4-4a96-9fb6-557fb44d8093/in_use.lock acquired by nodename 18665@fv-az50-870
2022-04-24 04:16:05,496 [pool-281-thread-1] INFO  storage.RaftStorage (RaftStorageImpl.java:format(89)) - Storage directory /home/runner/work/ozone/ozone/hadoop-ozone/integration-test/target/test-dir/MiniOzoneClusterImpl-e7da0ab5-4936-473d-8bac-46be260cf6da/datanode-1/data/ratis/f64d7104-b4d4-4a96-9fb6-557fb44d8093 has been successfully formatted.
2022-04-24 04:16:05,505 [pool-281-thread-1] INFO  ratis.ContainerStateMachine (ContainerStateMachine.java:loadSnapshot(236)) - group-557FB44D8093: The snapshot info is null. Setting the last applied indexto:(t:0, i:~)
2022-04-24 04:16:05,506 [pool-281-thread-1] INFO  server.RaftServerConfigKeys (ConfUtils.java:logGet(44)) - raft.server.notification.no-leader.timeout = 300s (custom)
2022-04-24 04:16:05,506 [pool-281-thread-1] INFO  server.RaftServerConfigKeys (ConfUtils.java:logGet(44)) - raft.server.log.use.memory = false (default)
2022-04-24 04:16:05,506 [pool-281-thread-1] INFO  server.RaftServerConfigKeys (ConfUtils.java:logGet(44)) - raft.server.log.purge.gap = 1000000 (custom)
2022-04-24 04:16:05,506 [pool-281-thread-1] INFO  server.RaftServerConfigKeys (ConfUtils.java:logGet(44)) - raft.server.log.appender.buffer.byte-limit = 33554432 (custom)
2022-04-24 04:16:05,506 [pool-281-thread-1] INFO  server.RaftServerConfigKeys (ConfUtils.java:logGet(44)) - raft.server.log.segment.size.max = 1048576 (custom)
2022-04-24 04:16:05,506 [pool-281-thread-1] INFO  server.RaftServerConfigKeys (ConfUtils.java:logGet(44)) - raft.server.log.segment.cache.num.max = 2 (custom)
2022-04-24 04:16:05,506 [pool-281-thread-1] INFO  server.RaftServerConfigKeys (ConfUtils.java:logGet(44)) - raft.server.log.segment.cache.size.max = 200MB (=209715200) (default)
2022-04-24 04:16:05,507 [pool-281-thread-1] INFO  segmented.SegmentedRaftLogWorker (SegmentedRaftLogWorker.java:<init>(182)) - new 1de514c8-4282-4370-a982-a3c391975046@group-557FB44D8093-SegmentedRaftLogWorker for RaftStorageImpl:Storage Directory /home/runner/work/ozone/ozone/hadoop-ozone/integration-test/target/test-dir/MiniOzoneClusterImpl-e7da0ab5-4936-473d-8bac-46be260cf6da/datanode-1/data/ratis/f64d7104-b4d4-4a96-9fb6-557fb44d8093
2022-04-24 04:16:05,507 [pool-281-thread-1] INFO  server.RaftServerConfigKeys (ConfUtils.java:logGet(44)) - raft.server.log.queue.byte-limit = 4294967296 (custom)
2022-04-24 04:16:05,507 [pool-281-thread-1] INFO  server.RaftServerConfigKeys (ConfUtils.java:logGet(44)) - raft.server.log.queue.element-limit = 1024 (custom)
2022-04-24 04:16:05,507 [pool-281-thread-1] INFO  server.RaftServerConfigKeys (ConfUtils.java:logGet(44)) - raft.server.log.segment.size.max = 1048576 (custom)
2022-04-24 04:16:05,507 [pool-281-thread-1] INFO  server.RaftServerConfigKeys (ConfUtils.java:logGet(44)) - raft.server.log.preallocated.size = 16384 (custom)
2022-04-24 04:16:05,507 [pool-281-thread-1] INFO  server.RaftServerConfigKeys (ConfUtils.java:logGet(44)) - raft.server.log.force.sync.num = 128 (default)
2022-04-24 04:16:05,507 [pool-281-thread-1] INFO  server.RaftServerConfigKeys (ConfUtils.java:logGet(44)) - raft.server.log.statemachine.data.sync = true (default)
2022-04-24 04:16:05,507 [pool-281-thread-1] INFO  server.RaftServerConfigKeys (ConfUtils.java:logGet(44)) - raft.server.log.statemachine.data.sync.timeout = 10s (default)
2022-04-24 04:16:05,507 [pool-281-thread-1] INFO  server.RaftServerConfigKeys (ConfUtils.java:logGet(44)) - raft.server.log.statemachine.data.sync.timeout.retry = -1 (default)
2022-04-24 04:16:05,508 [pool-281-thread-1] INFO  server.RaftServerConfigKeys (ConfUtils.java:logGet(44)) - raft.server.log.write.buffer.size = 1048576 (custom)
2022-04-24 04:16:05,508 [pool-281-thread-1] INFO  server.RaftServerConfigKeys (ConfUtils.java:logGet(44)) - raft.server.log.statemachine.data.caching.enabled = true (custom)
2022-04-24 04:16:05,508 [pool-281-thread-1] INFO  segmented.SegmentedRaftLogWorker (SegmentedRaftLogWorker.java:lambda$new$0(133)) - 1de514c8-4282-4370-a982-a3c391975046@group-557FB44D8093-SegmentedRaftLogWorker: flushIndex: setUnconditionally 0 -> -1
2022-04-24 04:16:05,509 [pool-281-thread-1] INFO  segmented.SegmentedRaftLogWorker (SegmentedRaftLogWorker.java:lambda$new$0(133)) - 1de514c8-4282-4370-a982-a3c391975046@group-557FB44D8093-SegmentedRaftLogWorker: safeCacheEvictIndex: setUnconditionally 0 -> -1
2022-04-24 04:16:05,500 [pool-260-thread-1] INFO  storage.RaftStorage (RaftStorageImpl.java:format(89)) - Storage directory /home/runner/work/ozone/ozone/hadoop-ozone/integration-test/target/test-dir/MiniOzoneClusterImpl-e7da0ab5-4936-473d-8bac-46be260cf6da/datanode-0/data/ratis/f64d7104-b4d4-4a96-9fb6-557fb44d8093 has been successfully formatted.
2022-04-24 04:16:05,513 [pool-281-thread-1] INFO  server.RaftServerConfigKeys (ConfUtils.java:logGet(44)) - raft.server.snapshot.auto.trigger.enabled = true (custom)
2022-04-24 04:16:05,513 [pool-281-thread-1] INFO  server.RaftServerConfigKeys (ConfUtils.java:logGet(44)) - raft.server.snapshot.auto.trigger.threshold = 10000 (custom)
2022-04-24 04:16:05,513 [pool-281-thread-1] INFO  server.RaftServerConfigKeys (ConfUtils.java:logGet(44)) - raft.server.snapshot.retention.file.num = 5 (custom)
2022-04-24 04:16:05,513 [pool-281-thread-1] INFO  server.RaftServerConfigKeys (ConfUtils.java:logGet(44)) - raft.server.log.purge.upto.snapshot.index = false (default)
2022-04-24 04:16:05,514 [pool-281-thread-1] INFO  server.RaftServerConfigKeys (ConfUtils.java:logGet(44)) - raft.server.retrycache.expirytime = 600000ms (custom)
2022-04-24 04:16:05,514 [pool-281-thread-1] INFO  server.RaftServerConfigKeys (ConfUtils.java:logGet(44)) - raft.server.retrycache.statistics.expirytime = 100μs (default)
2022-04-24 04:16:05,515 [pool-281-thread-1] INFO  server.RaftServer$Division (RaftServerImpl.java:start(301)) - 1de514c8-4282-4370-a982-a3c391975046@group-557FB44D8093: start as a follower, conf=-1: [1de514c8-4282-4370-a982-a3c391975046|rpc:10.1.0.15:35459|priority:0, 895edd85-c017-4033-b7e9-810222bcedda|rpc:10.1.0.15:44303|priority:0, 862c3159-621e-4808-8fb5-192a2fed7743|rpc:10.1.0.15:38757|priority:1], old=null
2022-04-24 04:16:05,515 [pool-281-thread-1] INFO  server.RaftServer$Division (RaftServerImpl.java:setRole(290)) - 1de514c8-4282-4370-a982-a3c391975046@group-557FB44D8093: changes role from      null to FOLLOWER at term 0 for startAsFollower
2022-04-24 04:16:05,515 [pool-281-thread-1] INFO  impl.RoleInfo (RoleInfo.java:updateAndGet(130)) - 1de514c8-4282-4370-a982-a3c391975046: start 1de514c8-4282-4370-a982-a3c391975046@group-557FB44D8093-FollowerState
2022-04-24 04:16:05,515 [pool-281-thread-1] INFO  util.JmxRegister (JmxRegister.java:tryRegister(44)) - Successfully registered JMX Bean with object name Ratis:service=RaftServer,group=group-557FB44D8093,id=1de514c8-4282-4370-a982-a3c391975046
2022-04-24 04:16:05,517 [EventQueue-OpenPipelineForHealthyPipelineSafeModeRule] INFO  safemode.SCMSafeModeManager (HealthyPipelineSafeModeRule.java:process(124)) - SCM in safe mode. Healthy pipelines reported count is 0, required healthy pipeline reported count is 1
2022-04-24 04:16:05,525 [Command processor thread] INFO  ratis.XceiverServerRatis (XceiverServerRatis.java:addGroup(765)) - Created group PipelineID=f64d7104-b4d4-4a96-9fb6-557fb44d8093
2022-04-24 04:16:05,530 [pool-260-thread-1] INFO  ratis.ContainerStateMachine (ContainerStateMachine.java:loadSnapshot(236)) - group-557FB44D8093: The snapshot info is null. Setting the last applied indexto:(t:0, i:~)
2022-04-24 04:16:05,530 [pool-260-thread-1] INFO  server.RaftServerConfigKeys (ConfUtils.java:logGet(44)) - raft.server.notification.no-leader.timeout = 300s (custom)
2022-04-24 04:16:05,530 [pool-260-thread-1] INFO  server.RaftServerConfigKeys (ConfUtils.java:logGet(44)) - raft.server.log.use.memory = false (default)
2022-04-24 04:16:05,531 [pool-260-thread-1] INFO  server.RaftServerConfigKeys (ConfUtils.java:logGet(44)) - raft.server.log.purge.gap = 1000000 (custom)
2022-04-24 04:16:05,531 [pool-260-thread-1] INFO  server.RaftServerConfigKeys (ConfUtils.java:logGet(44)) - raft.server.log.appender.buffer.byte-limit = 33554432 (custom)
2022-04-24 04:16:05,533 [EventQueue-OpenPipelineForHealthyPipelineSafeModeRule] INFO  safemode.SCMSafeModeManager (HealthyPipelineSafeModeRule.java:process(124)) - SCM in safe mode. Healthy pipelines reported count is 0, required healthy pipeline reported count is 1
2022-04-24 04:16:05,536 [pool-260-thread-1] INFO  server.RaftServerConfigKeys (ConfUtils.java:logGet(44)) - raft.server.log.segment.size.max = 1048576 (custom)
2022-04-24 04:16:05,537 [pool-260-thread-1] INFO  server.RaftServerConfigKeys (ConfUtils.java:logGet(44)) - raft.server.log.segment.cache.num.max = 2 (custom)
2022-04-24 04:16:05,537 [pool-260-thread-1] INFO  server.RaftServerConfigKeys (ConfUtils.java:logGet(44)) - raft.server.log.segment.cache.size.max = 200MB (=209715200) (default)
2022-04-24 04:16:05,537 [pool-260-thread-1] INFO  segmented.SegmentedRaftLogWorker (SegmentedRaftLogWorker.java:<init>(182)) - new 862c3159-621e-4808-8fb5-192a2fed7743@group-557FB44D8093-SegmentedRaftLogWorker for RaftStorageImpl:Storage Directory /home/runner/work/ozone/ozone/hadoop-ozone/integration-test/target/test-dir/MiniOzoneClusterImpl-e7da0ab5-4936-473d-8bac-46be260cf6da/datanode-0/data/ratis/f64d7104-b4d4-4a96-9fb6-557fb44d8093
2022-04-24 04:16:05,537 [pool-260-thread-1] INFO  server.RaftServerConfigKeys (ConfUtils.java:logGet(44)) - raft.server.log.queue.byte-limit = 4294967296 (custom)
2022-04-24 04:16:05,537 [pool-260-thread-1] INFO  server.RaftServerConfigKeys (ConfUtils.java:logGet(44)) - raft.server.log.queue.element-limit = 1024 (custom)
2022-04-24 04:16:05,537 [pool-260-thread-1] INFO  server.RaftServerConfigKeys (ConfUtils.java:logGet(44)) - raft.server.log.segment.size.max = 1048576 (custom)
2022-04-24 04:16:05,537 [pool-260-thread-1] INFO  server.RaftServerConfigKeys (ConfUtils.java:logGet(44)) - raft.server.log.preallocated.size = 16384 (custom)
2022-04-24 04:16:05,537 [pool-260-thread-1] INFO  server.RaftServerConfigKeys (ConfUtils.java:logGet(44)) - raft.server.log.force.sync.num = 128 (default)
2022-04-24 04:16:05,537 [pool-260-thread-1] INFO  server.RaftServerConfigKeys (ConfUtils.java:logGet(44)) - raft.server.log.statemachine.data.sync = true (default)
2022-04-24 04:16:05,537 [pool-260-thread-1] INFO  server.RaftServerConfigKeys (ConfUtils.java:logGet(44)) - raft.server.log.statemachine.data.sync.timeout = 10s (default)
2022-04-24 04:16:05,537 [pool-260-thread-1] INFO  server.RaftServerConfigKeys (ConfUtils.java:logGet(44)) - raft.server.log.statemachine.data.sync.timeout.retry = -1 (default)
2022-04-24 04:16:05,542 [pool-260-thread-1] INFO  server.RaftServerConfigKeys (ConfUtils.java:logGet(44)) - raft.server.log.write.buffer.size = 1048576 (custom)
2022-04-24 04:16:05,543 [pool-260-thread-1] INFO  server.RaftServerConfigKeys (ConfUtils.java:logGet(44)) - raft.server.log.statemachine.data.caching.enabled = true (custom)
2022-04-24 04:16:05,543 [pool-260-thread-1] INFO  segmented.SegmentedRaftLogWorker (SegmentedRaftLogWorker.java:lambda$new$0(133)) - 862c3159-621e-4808-8fb5-192a2fed7743@group-557FB44D8093-SegmentedRaftLogWorker: flushIndex: setUnconditionally 0 -> -1
2022-04-24 04:16:05,543 [pool-260-thread-1] INFO  segmented.SegmentedRaftLogWorker (SegmentedRaftLogWorker.java:lambda$new$0(133)) - 862c3159-621e-4808-8fb5-192a2fed7743@group-557FB44D8093-SegmentedRaftLogWorker: safeCacheEvictIndex: setUnconditionally 0 -> -1
2022-04-24 04:16:05,562 [pool-260-thread-1] INFO  server.RaftServerConfigKeys (ConfUtils.java:logGet(44)) - raft.server.snapshot.auto.trigger.enabled = true (custom)
2022-04-24 04:16:05,562 [pool-260-thread-1] INFO  server.RaftServerConfigKeys (ConfUtils.java:logGet(44)) - raft.server.snapshot.auto.trigger.threshold = 10000 (custom)
2022-04-24 04:16:05,562 [pool-260-thread-1] INFO  server.RaftServerConfigKeys (ConfUtils.java:logGet(44)) - raft.server.snapshot.retention.file.num = 5 (custom)
2022-04-24 04:16:05,562 [pool-260-thread-1] INFO  server.RaftServerConfigKeys (ConfUtils.java:logGet(44)) - raft.server.log.purge.upto.snapshot.index = false (default)
2022-04-24 04:16:05,562 [pool-260-thread-1] INFO  server.RaftServerConfigKeys (ConfUtils.java:logGet(44)) - raft.server.retrycache.expirytime = 600000ms (custom)
2022-04-24 04:16:05,562 [pool-260-thread-1] INFO  server.RaftServerConfigKeys (ConfUtils.java:logGet(44)) - raft.server.retrycache.statistics.expirytime = 100μs (default)
2022-04-24 04:16:05,563 [pool-260-thread-1] INFO  server.RaftServer$Division (RaftServerImpl.java:start(301)) - 862c3159-621e-4808-8fb5-192a2fed7743@group-557FB44D8093: start as a follower, conf=-1: [1de514c8-4282-4370-a982-a3c391975046|rpc:10.1.0.15:35459|priority:0, 895edd85-c017-4033-b7e9-810222bcedda|rpc:10.1.0.15:44303|priority:0, 862c3159-621e-4808-8fb5-192a2fed7743|rpc:10.1.0.15:38757|priority:1], old=null
2022-04-24 04:16:05,564 [pool-260-thread-1] INFO  server.RaftServer$Division (RaftServerImpl.java:setRole(290)) - 862c3159-621e-4808-8fb5-192a2fed7743@group-557FB44D8093: changes role from      null to FOLLOWER at term 0 for startAsFollower
2022-04-24 04:16:05,564 [pool-260-thread-1] INFO  impl.RoleInfo (RoleInfo.java:updateAndGet(130)) - 862c3159-621e-4808-8fb5-192a2fed7743: start 862c3159-621e-4808-8fb5-192a2fed7743@group-557FB44D8093-FollowerState
2022-04-24 04:16:05,569 [pool-260-thread-1] INFO  util.JmxRegister (JmxRegister.java:tryRegister(44)) - Successfully registered JMX Bean with object name Ratis:service=RaftServer,group=group-557FB44D8093,id=862c3159-621e-4808-8fb5-192a2fed7743
2022-04-24 04:16:05,574 [Command processor thread] INFO  ratis.XceiverServerRatis (XceiverServerRatis.java:addGroup(765)) - Created group PipelineID=f64d7104-b4d4-4a96-9fb6-557fb44d8093
2022-04-24 04:16:05,684 [Command processor thread] INFO  server.RaftServer (RaftServerProxy.java:addNew(95)) - 895edd85-c017-4033-b7e9-810222bcedda: addNew group-74CE2D070D28:[895edd85-c017-4033-b7e9-810222bcedda|rpc:10.1.0.15:44303|priority:1] returns group-74CE2D070D28:java.util.concurrent.CompletableFuture@331d7269[Not completed]
2022-04-24 04:16:05,687 [pool-302-thread-1] INFO  server.RaftServer$Division (RaftServerImpl.java:<init>(184)) - 895edd85-c017-4033-b7e9-810222bcedda: new RaftServerImpl for group-74CE2D070D28:[895edd85-c017-4033-b7e9-810222bcedda|rpc:10.1.0.15:44303|priority:1] with ContainerStateMachine:uninitialized
2022-04-24 04:16:05,687 [pool-302-thread-1] INFO  server.RaftServerConfigKeys (ConfUtils.java:logGet(44)) - raft.server.rpc.timeout.min = 5s (custom)
2022-04-24 04:16:05,687 [pool-302-thread-1] INFO  server.RaftServerConfigKeys (ConfUtils.java:logGet(44)) - raft.server.rpc.timeout.max = 5200ms (custom)
2022-04-24 04:16:05,687 [pool-302-thread-1] INFO  server.RaftServerConfigKeys (ConfUtils.java:logGet(44)) - raft.server.rpc.sleep.time = 25ms (default)
2022-04-24 04:16:05,687 [pool-302-thread-1] INFO  server.RaftServerConfigKeys (ConfUtils.java:logGet(44)) - raft.server.rpc.slowness.timeout = 300s (custom)
2022-04-24 04:16:05,687 [pool-302-thread-1] INFO  server.RaftServerConfigKeys (ConfUtils.java:logGet(44)) - raft.server.leaderelection.leader.step-down.wait-time = 10s (default)
2022-04-24 04:16:05,687 [pool-302-thread-1] INFO  server.RaftServerConfigKeys (ConfUtils.java:logGet(44)) - raft.server.sleep.deviation.threshold = 300ms (default)
2022-04-24 04:16:05,687 [pool-302-thread-1] INFO  server.RaftServerConfigKeys (ConfUtils.java:logGet(44)) - raft.server.log.appender.install.snapshot.enabled = false (custom)
2022-04-24 04:16:05,688 [pool-302-thread-1] INFO  server.RaftServer$Division (ServerState.java:<init>(105)) - 895edd85-c017-4033-b7e9-810222bcedda@group-74CE2D070D28: ConfigurationManager, init=-1: [895edd85-c017-4033-b7e9-810222bcedda|rpc:10.1.0.15:44303|priority:1], old=null, confs=<EMPTY_MAP>
2022-04-24 04:16:05,688 [pool-302-thread-1] INFO  server.RaftServerConfigKeys (ConfUtils.java:logGet(44)) - raft.server.storage.dir = [/home/runner/work/ozone/ozone/hadoop-ozone/integration-test/target/test-dir/MiniOzoneClusterImpl-e7da0ab5-4936-473d-8bac-46be260cf6da/datanode-2/data/ratis] (custom)
2022-04-24 04:16:05,688 [pool-302-thread-1] INFO  server.RaftServerConfigKeys (ConfUtils.java:logGet(44)) - raft.server.log.corruption.policy = EXCEPTION (default)
2022-04-24 04:16:05,688 [pool-302-thread-1] INFO  server.RaftServerConfigKeys (ConfUtils.java:logGet(44)) - raft.server.storage.free-space.min = 0MB (=0) (default)
2022-04-24 04:16:05,688 [pool-302-thread-1] INFO  storage.RaftStorageDirectory (RaftStorageDirectoryImpl.java:analyzeStorage(135)) - The storage directory /home/runner/work/ozone/ozone/hadoop-ozone/integration-test/target/test-dir/MiniOzoneClusterImpl-e7da0ab5-4936-473d-8bac-46be260cf6da/datanode-2/data/ratis/3cac7997-f105-407e-b190-74ce2d070d28 does not exist. Creating ...
2022-04-24 04:16:05,700 [pool-302-thread-1] INFO  storage.RaftStorageDirectory (RaftStorageDirectoryImpl.java:tryLock(230)) - Lock on /home/runner/work/ozone/ozone/hadoop-ozone/integration-test/target/test-dir/MiniOzoneClusterImpl-e7da0ab5-4936-473d-8bac-46be260cf6da/datanode-2/data/ratis/3cac7997-f105-407e-b190-74ce2d070d28/in_use.lock acquired by nodename 18665@fv-az50-870
2022-04-24 04:16:05,702 [pool-302-thread-1] INFO  storage.RaftStorage (RaftStorageImpl.java:format(89)) - Storage directory /home/runner/work/ozone/ozone/hadoop-ozone/integration-test/target/test-dir/MiniOzoneClusterImpl-e7da0ab5-4936-473d-8bac-46be260cf6da/datanode-2/data/ratis/3cac7997-f105-407e-b190-74ce2d070d28 has been successfully formatted.
2022-04-24 04:16:05,703 [pool-302-thread-1] INFO  ratis.ContainerStateMachine (ContainerStateMachine.java:loadSnapshot(236)) - group-74CE2D070D28: The snapshot info is null. Setting the last applied indexto:(t:0, i:~)
2022-04-24 04:16:05,703 [pool-302-thread-1] INFO  server.RaftServerConfigKeys (ConfUtils.java:logGet(44)) - raft.server.notification.no-leader.timeout = 300s (custom)
2022-04-24 04:16:05,703 [pool-302-thread-1] INFO  server.RaftServerConfigKeys (ConfUtils.java:logGet(44)) - raft.server.log.use.memory = false (default)
2022-04-24 04:16:05,703 [pool-302-thread-1] INFO  server.RaftServerConfigKeys (ConfUtils.java:logGet(44)) - raft.server.log.purge.gap = 1000000 (custom)
2022-04-24 04:16:05,703 [pool-302-thread-1] INFO  server.RaftServerConfigKeys (ConfUtils.java:logGet(44)) - raft.server.log.appender.buffer.byte-limit = 33554432 (custom)
2022-04-24 04:16:05,703 [pool-302-thread-1] INFO  server.RaftServerConfigKeys (ConfUtils.java:logGet(44)) - raft.server.log.segment.size.max = 1048576 (custom)
2022-04-24 04:16:05,704 [pool-302-thread-1] INFO  server.RaftServerConfigKeys (ConfUtils.java:logGet(44)) - raft.server.log.segment.cache.num.max = 2 (custom)
2022-04-24 04:16:05,704 [EventQueue-PipelineReportForPipelineReportHandler] INFO  pipeline.PipelineManagerImpl (PipelineManagerImpl.java:openPipeline(321)) - Pipeline Pipeline[ Id: 3cac7997-f105-407e-b190-74ce2d070d28, Nodes: 895edd85-c017-4033-b7e9-810222bcedda{ip: 10.1.0.15, host: fv-az50-870.grzltbmokehuzjyc5b133kdqgh.cx.internal.cloudapp.net, ports: [REPLICATION=33499, RATIS=44303, RATIS_ADMIN=44303, RATIS_SERVER=44303, STANDALONE=37299], networkLocation: /default-rack, certSerialId: null, persistedOpState: IN_SERVICE, persistedOpStateExpiryEpochSec: 0}, ReplicationConfig: RATIS/ONE, State:ALLOCATED, leaderId:895edd85-c017-4033-b7e9-810222bcedda, CreationTimestamp2022-04-24T04:16:02.694Z[Etc/UTC]] moved to OPEN state
2022-04-24 04:16:05,710 [EventQueue-OpenPipelineForHealthyPipelineSafeModeRule] INFO  safemode.SCMSafeModeManager (HealthyPipelineSafeModeRule.java:process(124)) - SCM in safe mode. Healthy pipelines reported count is 0, required healthy pipeline reported count is 1
2022-04-24 04:16:05,709 [pool-302-thread-1] INFO  server.RaftServerConfigKeys (ConfUtils.java:logGet(44)) - raft.server.log.segment.cache.size.max = 200MB (=209715200) (default)
2022-04-24 04:16:05,719 [pool-302-thread-1] INFO  segmented.SegmentedRaftLogWorker (SegmentedRaftLogWorker.java:<init>(182)) - new 895edd85-c017-4033-b7e9-810222bcedda@group-74CE2D070D28-SegmentedRaftLogWorker for RaftStorageImpl:Storage Directory /home/runner/work/ozone/ozone/hadoop-ozone/integration-test/target/test-dir/MiniOzoneClusterImpl-e7da0ab5-4936-473d-8bac-46be260cf6da/datanode-2/data/ratis/3cac7997-f105-407e-b190-74ce2d070d28
2022-04-24 04:16:05,719 [pool-302-thread-1] INFO  server.RaftServerConfigKeys (ConfUtils.java:logGet(44)) - raft.server.log.queue.byte-limit = 4294967296 (custom)
2022-04-24 04:16:05,719 [pool-302-thread-1] INFO  server.RaftServerConfigKeys (ConfUtils.java:logGet(44)) - raft.server.log.queue.element-limit = 1024 (custom)
2022-04-24 04:16:05,719 [pool-302-thread-1] INFO  server.RaftServerConfigKeys (ConfUtils.java:logGet(44)) - raft.server.log.segment.size.max = 1048576 (custom)
2022-04-24 04:16:05,719 [pool-302-thread-1] INFO  server.RaftServerConfigKeys (ConfUtils.java:logGet(44)) - raft.server.log.preallocated.size = 16384 (custom)
2022-04-24 04:16:05,719 [pool-302-thread-1] INFO  server.RaftServerConfigKeys (ConfUtils.java:logGet(44)) - raft.server.log.force.sync.num = 128 (default)
2022-04-24 04:16:05,719 [pool-302-thread-1] INFO  server.RaftServerConfigKeys (ConfUtils.java:logGet(44)) - raft.server.log.statemachine.data.sync = true (default)
2022-04-24 04:16:05,719 [pool-302-thread-1] INFO  server.RaftServerConfigKeys (ConfUtils.java:logGet(44)) - raft.server.log.statemachine.data.sync.timeout = 10s (default)
2022-04-24 04:16:05,720 [pool-302-thread-1] INFO  server.RaftServerConfigKeys (ConfUtils.java:logGet(44)) - raft.server.log.statemachine.data.sync.timeout.retry = -1 (default)
2022-04-24 04:16:05,720 [pool-302-thread-1] INFO  server.RaftServerConfigKeys (ConfUtils.java:logGet(44)) - raft.server.log.write.buffer.size = 1048576 (custom)
2022-04-24 04:16:05,721 [pool-302-thread-1] INFO  server.RaftServerConfigKeys (ConfUtils.java:logGet(44)) - raft.server.log.statemachine.data.caching.enabled = true (custom)
2022-04-24 04:16:05,721 [pool-302-thread-1] INFO  segmented.SegmentedRaftLogWorker (SegmentedRaftLogWorker.java:lambda$new$0(133)) - 895edd85-c017-4033-b7e9-810222bcedda@group-74CE2D070D28-SegmentedRaftLogWorker: flushIndex: setUnconditionally 0 -> -1
2022-04-24 04:16:05,721 [pool-302-thread-1] INFO  segmented.SegmentedRaftLogWorker (SegmentedRaftLogWorker.java:lambda$new$0(133)) - 895edd85-c017-4033-b7e9-810222bcedda@group-74CE2D070D28-SegmentedRaftLogWorker: safeCacheEvictIndex: setUnconditionally 0 -> -1
2022-04-24 04:16:05,725 [pool-302-thread-1] INFO  server.RaftServerConfigKeys (ConfUtils.java:logGet(44)) - raft.server.snapshot.auto.trigger.enabled = true (custom)
2022-04-24 04:16:05,725 [pool-302-thread-1] INFO  server.RaftServerConfigKeys (ConfUtils.java:logGet(44)) - raft.server.snapshot.auto.trigger.threshold = 10000 (custom)
2022-04-24 04:16:05,725 [pool-302-thread-1] INFO  server.RaftServerConfigKeys (ConfUtils.java:logGet(44)) - raft.server.snapshot.retention.file.num = 5 (custom)
2022-04-24 04:16:05,725 [pool-302-thread-1] INFO  server.RaftServerConfigKeys (ConfUtils.java:logGet(44)) - raft.server.log.purge.upto.snapshot.index = false (default)
2022-04-24 04:16:05,726 [pool-302-thread-1] INFO  server.RaftServerConfigKeys (ConfUtils.java:logGet(44)) - raft.server.retrycache.expirytime = 600000ms (custom)
2022-04-24 04:16:05,726 [pool-302-thread-1] INFO  server.RaftServerConfigKeys (ConfUtils.java:logGet(44)) - raft.server.retrycache.statistics.expirytime = 100μs (default)
2022-04-24 04:16:05,727 [pool-302-thread-1] INFO  server.RaftServer$Division (RaftServerImpl.java:start(301)) - 895edd85-c017-4033-b7e9-810222bcedda@group-74CE2D070D28: start as a follower, conf=-1: [895edd85-c017-4033-b7e9-810222bcedda|rpc:10.1.0.15:44303|priority:1], old=null
2022-04-24 04:16:05,727 [pool-302-thread-1] INFO  server.RaftServer$Division (RaftServerImpl.java:setRole(290)) - 895edd85-c017-4033-b7e9-810222bcedda@group-74CE2D070D28: changes role from      null to FOLLOWER at term 0 for startAsFollower
2022-04-24 04:16:05,727 [pool-302-thread-1] INFO  impl.RoleInfo (RoleInfo.java:updateAndGet(130)) - 895edd85-c017-4033-b7e9-810222bcedda: start 895edd85-c017-4033-b7e9-810222bcedda@group-74CE2D070D28-FollowerState
2022-04-24 04:16:05,740 [grpc-default-executor-0] INFO  server.RaftServer (RaftServerProxy.java:addNew(95)) - 895edd85-c017-4033-b7e9-810222bcedda: addNew group-557FB44D8093:[1de514c8-4282-4370-a982-a3c391975046|rpc:10.1.0.15:35459|dataStream:|priority:0, 895edd85-c017-4033-b7e9-810222bcedda|rpc:10.1.0.15:44303|dataStream:|priority:0, 862c3159-621e-4808-8fb5-192a2fed7743|rpc:10.1.0.15:38757|dataStream:|priority:1] returns group-557FB44D8093:java.util.concurrent.CompletableFuture@478e5c75[Not completed]
2022-04-24 04:16:05,740 [pool-302-thread-1] INFO  util.JmxRegister (JmxRegister.java:tryRegister(44)) - Successfully registered JMX Bean with object name Ratis:service=RaftServer,group=group-74CE2D070D28,id=895edd85-c017-4033-b7e9-810222bcedda
2022-04-24 04:16:05,744 [pool-302-thread-1] INFO  server.RaftServer$Division (RaftServerImpl.java:<init>(184)) - 895edd85-c017-4033-b7e9-810222bcedda: new RaftServerImpl for group-557FB44D8093:[1de514c8-4282-4370-a982-a3c391975046|rpc:10.1.0.15:35459|dataStream:|priority:0, 895edd85-c017-4033-b7e9-810222bcedda|rpc:10.1.0.15:44303|dataStream:|priority:0, 862c3159-621e-4808-8fb5-192a2fed7743|rpc:10.1.0.15:38757|dataStream:|priority:1] with ContainerStateMachine:uninitialized
2022-04-24 04:16:05,744 [pool-302-thread-1] INFO  server.RaftServerConfigKeys (ConfUtils.java:logGet(44)) - raft.server.rpc.timeout.min = 5s (custom)
2022-04-24 04:16:05,744 [pool-302-thread-1] INFO  server.RaftServerConfigKeys (ConfUtils.java:logGet(44)) - raft.server.rpc.timeout.max = 5200ms (custom)
2022-04-24 04:16:05,744 [pool-302-thread-1] INFO  server.RaftServerConfigKeys (ConfUtils.java:logGet(44)) - raft.server.rpc.sleep.time = 25ms (default)
2022-04-24 04:16:05,744 [pool-302-thread-1] INFO  server.RaftServerConfigKeys (ConfUtils.java:logGet(44)) - raft.server.rpc.slowness.timeout = 300s (custom)
2022-04-24 04:16:05,744 [pool-302-thread-1] INFO  server.RaftServerConfigKeys (ConfUtils.java:logGet(44)) - raft.server.leaderelection.leader.step-down.wait-time = 10s (default)
2022-04-24 04:16:05,744 [pool-302-thread-1] INFO  server.RaftServerConfigKeys (ConfUtils.java:logGet(44)) - raft.server.sleep.deviation.threshold = 300ms (default)
2022-04-24 04:16:05,744 [pool-302-thread-1] INFO  server.RaftServerConfigKeys (ConfUtils.java:logGet(44)) - raft.server.log.appender.install.snapshot.enabled = false (custom)
2022-04-24 04:16:05,744 [pool-302-thread-1] INFO  server.RaftServer$Division (ServerState.java:<init>(105)) - 895edd85-c017-4033-b7e9-810222bcedda@group-557FB44D8093: ConfigurationManager, init=-1: [1de514c8-4282-4370-a982-a3c391975046|rpc:10.1.0.15:35459|dataStream:|priority:0, 895edd85-c017-4033-b7e9-810222bcedda|rpc:10.1.0.15:44303|dataStream:|priority:0, 862c3159-621e-4808-8fb5-192a2fed7743|rpc:10.1.0.15:38757|dataStream:|priority:1], old=null, confs=<EMPTY_MAP>
2022-04-24 04:16:05,744 [pool-302-thread-1] INFO  server.RaftServerConfigKeys (ConfUtils.java:logGet(44)) - raft.server.storage.dir = [/home/runner/work/ozone/ozone/hadoop-ozone/integration-test/target/test-dir/MiniOzoneClusterImpl-e7da0ab5-4936-473d-8bac-46be260cf6da/datanode-2/data/ratis] (custom)
2022-04-24 04:16:05,745 [pool-302-thread-1] INFO  server.RaftServerConfigKeys (ConfUtils.java:logGet(44)) - raft.server.log.corruption.policy = EXCEPTION (default)
2022-04-24 04:16:05,745 [pool-302-thread-1] INFO  server.RaftServerConfigKeys (ConfUtils.java:logGet(44)) - raft.server.storage.free-space.min = 0MB (=0) (default)
2022-04-24 04:16:05,745 [pool-302-thread-1] INFO  storage.RaftStorageDirectory (RaftStorageDirectoryImpl.java:analyzeStorage(135)) - The storage directory /home/runner/work/ozone/ozone/hadoop-ozone/integration-test/target/test-dir/MiniOzoneClusterImpl-e7da0ab5-4936-473d-8bac-46be260cf6da/datanode-2/data/ratis/f64d7104-b4d4-4a96-9fb6-557fb44d8093 does not exist. Creating ...
2022-04-24 04:16:05,745 [Command processor thread] INFO  ratis.XceiverServerRatis (XceiverServerRatis.java:addGroup(765)) - Created group PipelineID=3cac7997-f105-407e-b190-74ce2d070d28
2022-04-24 04:16:05,745 [Command processor thread] INFO  commandhandler.CreatePipelineCommandHandler (CreatePipelineCommandHandler.java:handle(113)) - Created Pipeline RATIS ONE PipelineID=3cac7997-f105-407e-b190-74ce2d070d28.
2022-04-24 04:16:05,746 [pool-302-thread-1] INFO  storage.RaftStorageDirectory (RaftStorageDirectoryImpl.java:tryLock(230)) - Lock on /home/runner/work/ozone/ozone/hadoop-ozone/integration-test/target/test-dir/MiniOzoneClusterImpl-e7da0ab5-4936-473d-8bac-46be260cf6da/datanode-2/data/ratis/f64d7104-b4d4-4a96-9fb6-557fb44d8093/in_use.lock acquired by nodename 18665@fv-az50-870
2022-04-24 04:16:05,755 [pool-302-thread-1] INFO  storage.RaftStorage (RaftStorageImpl.java:format(89)) - Storage directory /home/runner/work/ozone/ozone/hadoop-ozone/integration-test/target/test-dir/MiniOzoneClusterImpl-e7da0ab5-4936-473d-8bac-46be260cf6da/datanode-2/data/ratis/f64d7104-b4d4-4a96-9fb6-557fb44d8093 has been successfully formatted.
2022-04-24 04:16:05,762 [pool-302-thread-1] INFO  ratis.ContainerStateMachine (ContainerStateMachine.java:loadSnapshot(236)) - group-557FB44D8093: The snapshot info is null. Setting the last applied indexto:(t:0, i:~)
2022-04-24 04:16:05,763 [EventQueue-OpenPipelineForHealthyPipelineSafeModeRule] INFO  safemode.SCMSafeModeManager (HealthyPipelineSafeModeRule.java:process(124)) - SCM in safe mode. Healthy pipelines reported count is 0, required healthy pipeline reported count is 1
2022-04-24 04:16:05,763 [pool-302-thread-1] INFO  server.RaftServerConfigKeys (ConfUtils.java:logGet(44)) - raft.server.notification.no-leader.timeout = 300s (custom)
2022-04-24 04:16:05,763 [pool-302-thread-1] INFO  server.RaftServerConfigKeys (ConfUtils.java:logGet(44)) - raft.server.log.use.memory = false (default)
2022-04-24 04:16:05,763 [pool-302-thread-1] INFO  server.RaftServerConfigKeys (ConfUtils.java:logGet(44)) - raft.server.log.purge.gap = 1000000 (custom)
2022-04-24 04:16:05,763 [pool-302-thread-1] INFO  server.RaftServerConfigKeys (ConfUtils.java:logGet(44)) - raft.server.log.appender.buffer.byte-limit = 33554432 (custom)
2022-04-24 04:16:05,763 [pool-302-thread-1] INFO  server.RaftServerConfigKeys (ConfUtils.java:logGet(44)) - raft.server.log.segment.size.max = 1048576 (custom)
2022-04-24 04:16:05,764 [pool-302-thread-1] INFO  server.RaftServerConfigKeys (ConfUtils.java:logGet(44)) - raft.server.log.segment.cache.num.max = 2 (custom)
2022-04-24 04:16:05,764 [pool-302-thread-1] INFO  server.RaftServerConfigKeys (ConfUtils.java:logGet(44)) - raft.server.log.segment.cache.size.max = 200MB (=209715200) (default)
2022-04-24 04:16:05,764 [pool-302-thread-1] INFO  segmented.SegmentedRaftLogWorker (SegmentedRaftLogWorker.java:<init>(182)) - new 895edd85-c017-4033-b7e9-810222bcedda@group-557FB44D8093-SegmentedRaftLogWorker for RaftStorageImpl:Storage Directory /home/runner/work/ozone/ozone/hadoop-ozone/integration-test/target/test-dir/MiniOzoneClusterImpl-e7da0ab5-4936-473d-8bac-46be260cf6da/datanode-2/data/ratis/f64d7104-b4d4-4a96-9fb6-557fb44d8093
2022-04-24 04:16:05,764 [pool-302-thread-1] INFO  server.RaftServerConfigKeys (ConfUtils.java:logGet(44)) - raft.server.log.queue.byte-limit = 4294967296 (custom)
2022-04-24 04:16:05,764 [pool-302-thread-1] INFO  server.RaftServerConfigKeys (ConfUtils.java:logGet(44)) - raft.server.log.queue.element-limit = 1024 (custom)
2022-04-24 04:16:05,764 [pool-302-thread-1] INFO  server.RaftServerConfigKeys (ConfUtils.java:logGet(44)) - raft.server.log.segment.size.max = 1048576 (custom)
2022-04-24 04:16:05,764 [pool-302-thread-1] INFO  server.RaftServerConfigKeys (ConfUtils.java:logGet(44)) - raft.server.log.preallocated.size = 16384 (custom)
2022-04-24 04:16:05,764 [pool-302-thread-1] INFO  server.RaftServerConfigKeys (ConfUtils.java:logGet(44)) - raft.server.log.force.sync.num = 128 (default)
2022-04-24 04:16:05,764 [pool-302-thread-1] INFO  server.RaftServerConfigKeys (ConfUtils.java:logGet(44)) - raft.server.log.statemachine.data.sync = true (default)
2022-04-24 04:16:05,764 [pool-302-thread-1] INFO  server.RaftServerConfigKeys (ConfUtils.java:logGet(44)) - raft.server.log.statemachine.data.sync.timeout = 10s (default)
2022-04-24 04:16:05,764 [pool-302-thread-1] INFO  server.RaftServerConfigKeys (ConfUtils.java:logGet(44)) - raft.server.log.statemachine.data.sync.timeout.retry = -1 (default)
2022-04-24 04:16:05,765 [pool-302-thread-1] INFO  server.RaftServerConfigKeys (ConfUtils.java:logGet(44)) - raft.server.log.write.buffer.size = 1048576 (custom)
2022-04-24 04:16:05,765 [pool-302-thread-1] INFO  server.RaftServerConfigKeys (ConfUtils.java:logGet(44)) - raft.server.log.statemachine.data.caching.enabled = true (custom)
2022-04-24 04:16:05,765 [pool-302-thread-1] INFO  segmented.SegmentedRaftLogWorker (SegmentedRaftLogWorker.java:lambda$new$0(133)) - 895edd85-c017-4033-b7e9-810222bcedda@group-557FB44D8093-SegmentedRaftLogWorker: flushIndex: setUnconditionally 0 -> -1
2022-04-24 04:16:05,765 [pool-302-thread-1] INFO  segmented.SegmentedRaftLogWorker (SegmentedRaftLogWorker.java:lambda$new$0(133)) - 895edd85-c017-4033-b7e9-810222bcedda@group-557FB44D8093-SegmentedRaftLogWorker: safeCacheEvictIndex: setUnconditionally 0 -> -1
2022-04-24 04:16:05,775 [pool-302-thread-1] INFO  server.RaftServerConfigKeys (ConfUtils.java:logGet(44)) - raft.server.snapshot.auto.trigger.enabled = true (custom)
2022-04-24 04:16:05,775 [pool-302-thread-1] INFO  server.RaftServerConfigKeys (ConfUtils.java:logGet(44)) - raft.server.snapshot.auto.trigger.threshold = 10000 (custom)
2022-04-24 04:16:05,775 [pool-302-thread-1] INFO  server.RaftServerConfigKeys (ConfUtils.java:logGet(44)) - raft.server.snapshot.retention.file.num = 5 (custom)
2022-04-24 04:16:05,775 [pool-302-thread-1] INFO  server.RaftServerConfigKeys (ConfUtils.java:logGet(44)) - raft.server.log.purge.upto.snapshot.index = false (default)
2022-04-24 04:16:05,775 [pool-302-thread-1] INFO  server.RaftServerConfigKeys (ConfUtils.java:logGet(44)) - raft.server.retrycache.expirytime = 600000ms (custom)
2022-04-24 04:16:05,775 [pool-302-thread-1] INFO  server.RaftServerConfigKeys (ConfUtils.java:logGet(44)) - raft.server.retrycache.statistics.expirytime = 100μs (default)
2022-04-24 04:16:05,776 [pool-302-thread-1] INFO  server.RaftServer$Division (RaftServerImpl.java:start(301)) - 895edd85-c017-4033-b7e9-810222bcedda@group-557FB44D8093: start as a follower, conf=-1: [1de514c8-4282-4370-a982-a3c391975046|rpc:10.1.0.15:35459|dataStream:|priority:0, 895edd85-c017-4033-b7e9-810222bcedda|rpc:10.1.0.15:44303|dataStream:|priority:0, 862c3159-621e-4808-8fb5-192a2fed7743|rpc:10.1.0.15:38757|dataStream:|priority:1], old=null
2022-04-24 04:16:05,776 [pool-302-thread-1] INFO  server.RaftServer$Division (RaftServerImpl.java:setRole(290)) - 895edd85-c017-4033-b7e9-810222bcedda@group-557FB44D8093: changes role from      null to FOLLOWER at term 0 for startAsFollower
2022-04-24 04:16:05,776 [pool-302-thread-1] INFO  impl.RoleInfo (RoleInfo.java:updateAndGet(130)) - 895edd85-c017-4033-b7e9-810222bcedda: start 895edd85-c017-4033-b7e9-810222bcedda@group-557FB44D8093-FollowerState
2022-04-24 04:16:05,792 [pool-302-thread-1] INFO  util.JmxRegister (JmxRegister.java:tryRegister(44)) - Successfully registered JMX Bean with object name Ratis:service=RaftServer,group=group-557FB44D8093,id=895edd85-c017-4033-b7e9-810222bcedda
2022-04-24 04:16:05,866 [Command processor thread] INFO  commandhandler.CreatePipelineCommandHandler (CreatePipelineCommandHandler.java:handle(113)) - Created Pipeline RATIS THREE PipelineID=f64d7104-b4d4-4a96-9fb6-557fb44d8093.
2022-04-24 04:16:05,868 [Command processor thread] INFO  commandhandler.CreatePipelineCommandHandler (CreatePipelineCommandHandler.java:handle(113)) - Created Pipeline RATIS THREE PipelineID=f64d7104-b4d4-4a96-9fb6-557fb44d8093.
2022-04-24 04:16:05,874 [Listener at 127.0.0.1/40137] INFO  ozone.MiniOzoneClusterImpl (MiniOzoneClusterImpl.java:lambda$waitForClusterToBeReady$0(221)) - Nodes are ready. Got 5 of 5 DN Heartbeats.
2022-04-24 04:16:05,874 [Listener at 127.0.0.1/40137] INFO  ozone.MiniOzoneClusterImpl (MiniOzoneClusterImpl.java:lambda$waitForClusterToBeReady$0(224)) - Waiting for cluster to exit safe mode
2022-04-24 04:16:05,874 [Listener at 127.0.0.1/40137] INFO  ozone.MiniOzoneClusterImpl (MiniOzoneClusterImpl.java:lambda$waitForClusterToBeReady$0(226)) - SCM became leader
2022-04-24 04:16:06,456 [Command processor thread] INFO  server.RaftServer (RaftServerProxy.java:addNew(95)) - e5466937-965b-4b6e-8204-a37ae84ad2ab: addNew group-2393F5A06436:[e5466937-965b-4b6e-8204-a37ae84ad2ab|rpc:10.1.0.15:45821|priority:1] returns group-2393F5A06436:java.util.concurrent.CompletableFuture@17c205f3[Not completed]
2022-04-24 04:16:06,466 [pool-323-thread-1] INFO  server.RaftServer$Division (RaftServerImpl.java:<init>(184)) - e5466937-965b-4b6e-8204-a37ae84ad2ab: new RaftServerImpl for group-2393F5A06436:[e5466937-965b-4b6e-8204-a37ae84ad2ab|rpc:10.1.0.15:45821|priority:1] with ContainerStateMachine:uninitialized
2022-04-24 04:16:06,472 [pool-323-thread-1] INFO  server.RaftServerConfigKeys (ConfUtils.java:logGet(44)) - raft.server.rpc.timeout.min = 5s (custom)
2022-04-24 04:16:06,473 [pool-323-thread-1] INFO  server.RaftServerConfigKeys (ConfUtils.java:logGet(44)) - raft.server.rpc.timeout.max = 5200ms (custom)
2022-04-24 04:16:06,473 [pool-323-thread-1] INFO  server.RaftServerConfigKeys (ConfUtils.java:logGet(44)) - raft.server.rpc.sleep.time = 25ms (default)
2022-04-24 04:16:06,473 [pool-323-thread-1] INFO  server.RaftServerConfigKeys (ConfUtils.java:logGet(44)) - raft.server.rpc.slowness.timeout = 300s (custom)
2022-04-24 04:16:06,473 [pool-323-thread-1] INFO  server.RaftServerConfigKeys (ConfUtils.java:logGet(44)) - raft.server.leaderelection.leader.step-down.wait-time = 10s (default)
2022-04-24 04:16:06,473 [pool-323-thread-1] INFO  server.RaftServerConfigKeys (ConfUtils.java:logGet(44)) - raft.server.sleep.deviation.threshold = 300ms (default)
2022-04-24 04:16:06,473 [pool-323-thread-1] INFO  server.RaftServerConfigKeys (ConfUtils.java:logGet(44)) - raft.server.log.appender.install.snapshot.enabled = false (custom)
2022-04-24 04:16:06,473 [pool-323-thread-1] INFO  server.RaftServer$Division (ServerState.java:<init>(105)) - e5466937-965b-4b6e-8204-a37ae84ad2ab@group-2393F5A06436: ConfigurationManager, init=-1: [e5466937-965b-4b6e-8204-a37ae84ad2ab|rpc:10.1.0.15:45821|priority:1], old=null, confs=<EMPTY_MAP>
2022-04-24 04:16:06,473 [pool-323-thread-1] INFO  server.RaftServerConfigKeys (ConfUtils.java:logGet(44)) - raft.server.storage.dir = [/home/runner/work/ozone/ozone/hadoop-ozone/integration-test/target/test-dir/MiniOzoneClusterImpl-e7da0ab5-4936-473d-8bac-46be260cf6da/datanode-3/data/ratis] (custom)
2022-04-24 04:16:06,473 [pool-323-thread-1] INFO  server.RaftServerConfigKeys (ConfUtils.java:logGet(44)) - raft.server.log.corruption.policy = EXCEPTION (default)
2022-04-24 04:16:06,473 [pool-323-thread-1] INFO  server.RaftServerConfigKeys (ConfUtils.java:logGet(44)) - raft.server.storage.free-space.min = 0MB (=0) (default)
2022-04-24 04:16:06,473 [pool-323-thread-1] INFO  storage.RaftStorageDirectory (RaftStorageDirectoryImpl.java:analyzeStorage(135)) - The storage directory /home/runner/work/ozone/ozone/hadoop-ozone/integration-test/target/test-dir/MiniOzoneClusterImpl-e7da0ab5-4936-473d-8bac-46be260cf6da/datanode-3/data/ratis/f7883620-447b-41f9-9897-2393f5a06436 does not exist. Creating ...
2022-04-24 04:16:06,478 [pool-323-thread-1] INFO  storage.RaftStorageDirectory (RaftStorageDirectoryImpl.java:tryLock(230)) - Lock on /home/runner/work/ozone/ozone/hadoop-ozone/integration-test/target/test-dir/MiniOzoneClusterImpl-e7da0ab5-4936-473d-8bac-46be260cf6da/datanode-3/data/ratis/f7883620-447b-41f9-9897-2393f5a06436/in_use.lock acquired by nodename 18665@fv-az50-870
2022-04-24 04:16:06,482 [pool-323-thread-1] INFO  storage.RaftStorage (RaftStorageImpl.java:format(89)) - Storage directory /home/runner/work/ozone/ozone/hadoop-ozone/integration-test/target/test-dir/MiniOzoneClusterImpl-e7da0ab5-4936-473d-8bac-46be260cf6da/datanode-3/data/ratis/f7883620-447b-41f9-9897-2393f5a06436 has been successfully formatted.
2022-04-24 04:16:06,493 [pool-323-thread-1] INFO  ratis.ContainerStateMachine (ContainerStateMachine.java:loadSnapshot(236)) - group-2393F5A06436: The snapshot info is null. Setting the last applied indexto:(t:0, i:~)
2022-04-24 04:16:06,493 [pool-323-thread-1] INFO  server.RaftServerConfigKeys (ConfUtils.java:logGet(44)) - raft.server.notification.no-leader.timeout = 300s (custom)
2022-04-24 04:16:06,494 [pool-323-thread-1] INFO  server.RaftServerConfigKeys (ConfUtils.java:logGet(44)) - raft.server.log.use.memory = false (default)
2022-04-24 04:16:06,494 [pool-323-thread-1] INFO  server.RaftServerConfigKeys (ConfUtils.java:logGet(44)) - raft.server.log.purge.gap = 1000000 (custom)
2022-04-24 04:16:06,495 [EventQueue-PipelineReportForPipelineReportHandler] INFO  pipeline.PipelineManagerImpl (PipelineManagerImpl.java:openPipeline(321)) - Pipeline Pipeline[ Id: f7883620-447b-41f9-9897-2393f5a06436, Nodes: e5466937-965b-4b6e-8204-a37ae84ad2ab{ip: 10.1.0.15, host: fv-az50-870.grzltbmokehuzjyc5b133kdqgh.cx.internal.cloudapp.net, ports: [REPLICATION=39615, RATIS=45821, RATIS_ADMIN=45821, RATIS_SERVER=45821, STANDALONE=37409], networkLocation: /default-rack, certSerialId: null, persistedOpState: IN_SERVICE, persistedOpStateExpiryEpochSec: 0}, ReplicationConfig: RATIS/ONE, State:ALLOCATED, leaderId:e5466937-965b-4b6e-8204-a37ae84ad2ab, CreationTimestamp2022-04-24T04:16:03.446Z[Etc/UTC]] moved to OPEN state
2022-04-24 04:16:06,497 [EventQueue-OpenPipelineForHealthyPipelineSafeModeRule] INFO  safemode.SCMSafeModeManager (HealthyPipelineSafeModeRule.java:process(124)) - SCM in safe mode. Healthy pipelines reported count is 0, required healthy pipeline reported count is 1
2022-04-24 04:16:06,501 [pool-323-thread-1] INFO  server.RaftServerConfigKeys (ConfUtils.java:logGet(44)) - raft.server.log.appender.buffer.byte-limit = 33554432 (custom)
2022-04-24 04:16:06,511 [pool-323-thread-1] INFO  server.RaftServerConfigKeys (ConfUtils.java:logGet(44)) - raft.server.log.segment.size.max = 1048576 (custom)
2022-04-24 04:16:06,511 [pool-323-thread-1] INFO  server.RaftServerConfigKeys (ConfUtils.java:logGet(44)) - raft.server.log.segment.cache.num.max = 2 (custom)
2022-04-24 04:16:06,511 [pool-323-thread-1] INFO  server.RaftServerConfigKeys (ConfUtils.java:logGet(44)) - raft.server.log.segment.cache.size.max = 200MB (=209715200) (default)
2022-04-24 04:16:06,511 [pool-323-thread-1] INFO  segmented.SegmentedRaftLogWorker (SegmentedRaftLogWorker.java:<init>(182)) - new e5466937-965b-4b6e-8204-a37ae84ad2ab@group-2393F5A06436-SegmentedRaftLogWorker for RaftStorageImpl:Storage Directory /home/runner/work/ozone/ozone/hadoop-ozone/integration-test/target/test-dir/MiniOzoneClusterImpl-e7da0ab5-4936-473d-8bac-46be260cf6da/datanode-3/data/ratis/f7883620-447b-41f9-9897-2393f5a06436
2022-04-24 04:16:06,511 [pool-323-thread-1] INFO  server.RaftServerConfigKeys (ConfUtils.java:logGet(44)) - raft.server.log.queue.byte-limit = 4294967296 (custom)
2022-04-24 04:16:06,511 [pool-323-thread-1] INFO  server.RaftServerConfigKeys (ConfUtils.java:logGet(44)) - raft.server.log.queue.element-limit = 1024 (custom)
2022-04-24 04:16:06,511 [pool-323-thread-1] INFO  server.RaftServerConfigKeys (ConfUtils.java:logGet(44)) - raft.server.log.segment.size.max = 1048576 (custom)
2022-04-24 04:16:06,511 [pool-323-thread-1] INFO  server.RaftServerConfigKeys (ConfUtils.java:logGet(44)) - raft.server.log.preallocated.size = 16384 (custom)
2022-04-24 04:16:06,511 [pool-323-thread-1] INFO  server.RaftServerConfigKeys (ConfUtils.java:logGet(44)) - raft.server.log.force.sync.num = 128 (default)
2022-04-24 04:16:06,511 [pool-323-thread-1] INFO  server.RaftServerConfigKeys (ConfUtils.java:logGet(44)) - raft.server.log.statemachine.data.sync = true (default)
2022-04-24 04:16:06,511 [pool-323-thread-1] INFO  server.RaftServerConfigKeys (ConfUtils.java:logGet(44)) - raft.server.log.statemachine.data.sync.timeout = 10s (default)
2022-04-24 04:16:06,512 [pool-323-thread-1] INFO  server.RaftServerConfigKeys (ConfUtils.java:logGet(44)) - raft.server.log.statemachine.data.sync.timeout.retry = -1 (default)
2022-04-24 04:16:06,526 [pool-323-thread-1] INFO  server.RaftServerConfigKeys (ConfUtils.java:logGet(44)) - raft.server.log.write.buffer.size = 1048576 (custom)
2022-04-24 04:16:06,526 [pool-323-thread-1] INFO  server.RaftServerConfigKeys (ConfUtils.java:logGet(44)) - raft.server.log.statemachine.data.caching.enabled = true (custom)
2022-04-24 04:16:06,527 [pool-323-thread-1] INFO  segmented.SegmentedRaftLogWorker (SegmentedRaftLogWorker.java:lambda$new$0(133)) - e5466937-965b-4b6e-8204-a37ae84ad2ab@group-2393F5A06436-SegmentedRaftLogWorker: flushIndex: setUnconditionally 0 -> -1
2022-04-24 04:16:06,527 [pool-323-thread-1] INFO  segmented.SegmentedRaftLogWorker (SegmentedRaftLogWorker.java:lambda$new$0(133)) - e5466937-965b-4b6e-8204-a37ae84ad2ab@group-2393F5A06436-SegmentedRaftLogWorker: safeCacheEvictIndex: setUnconditionally 0 -> -1
2022-04-24 04:16:06,531 [pool-323-thread-1] INFO  server.RaftServerConfigKeys (ConfUtils.java:logGet(44)) - raft.server.snapshot.auto.trigger.enabled = true (custom)
2022-04-24 04:16:06,531 [pool-323-thread-1] INFO  server.RaftServerConfigKeys (ConfUtils.java:logGet(44)) - raft.server.snapshot.auto.trigger.threshold = 10000 (custom)
2022-04-24 04:16:06,531 [pool-323-thread-1] INFO  server.RaftServerConfigKeys (ConfUtils.java:logGet(44)) - raft.server.snapshot.retention.file.num = 5 (custom)
2022-04-24 04:16:06,531 [pool-323-thread-1] INFO  server.RaftServerConfigKeys (ConfUtils.java:logGet(44)) - raft.server.log.purge.upto.snapshot.index = false (default)
2022-04-24 04:16:06,531 [pool-323-thread-1] INFO  server.RaftServerConfigKeys (ConfUtils.java:logGet(44)) - raft.server.retrycache.expirytime = 600000ms (custom)
2022-04-24 04:16:06,531 [pool-323-thread-1] INFO  server.RaftServerConfigKeys (ConfUtils.java:logGet(44)) - raft.server.retrycache.statistics.expirytime = 100μs (default)
2022-04-24 04:16:06,534 [pool-323-thread-1] INFO  server.RaftServer$Division (RaftServerImpl.java:start(301)) - e5466937-965b-4b6e-8204-a37ae84ad2ab@group-2393F5A06436: start as a follower, conf=-1: [e5466937-965b-4b6e-8204-a37ae84ad2ab|rpc:10.1.0.15:45821|priority:1], old=null
2022-04-24 04:16:06,534 [pool-323-thread-1] INFO  server.RaftServer$Division (RaftServerImpl.java:setRole(290)) - e5466937-965b-4b6e-8204-a37ae84ad2ab@group-2393F5A06436: changes role from      null to FOLLOWER at term 0 for startAsFollower
2022-04-24 04:16:06,534 [pool-323-thread-1] INFO  impl.RoleInfo (RoleInfo.java:updateAndGet(130)) - e5466937-965b-4b6e-8204-a37ae84ad2ab: start e5466937-965b-4b6e-8204-a37ae84ad2ab@group-2393F5A06436-FollowerState
2022-04-24 04:16:06,539 [pool-323-thread-1] INFO  util.JmxRegister (JmxRegister.java:tryRegister(44)) - Successfully registered JMX Bean with object name Ratis:service=RaftServer,group=group-2393F5A06436,id=e5466937-965b-4b6e-8204-a37ae84ad2ab
2022-04-24 04:16:06,551 [Command processor thread] INFO  ratis.XceiverServerRatis (XceiverServerRatis.java:addGroup(765)) - Created group PipelineID=f7883620-447b-41f9-9897-2393f5a06436
2022-04-24 04:16:06,551 [Command processor thread] INFO  commandhandler.CreatePipelineCommandHandler (CreatePipelineCommandHandler.java:handle(113)) - Created Pipeline RATIS ONE PipelineID=f7883620-447b-41f9-9897-2393f5a06436.
2022-04-24 04:16:06,874 [Listener at 127.0.0.1/40137] INFO  ozone.MiniOzoneClusterImpl (MiniOzoneClusterImpl.java:lambda$waitForClusterToBeReady$0(221)) - Nodes are ready. Got 5 of 5 DN Heartbeats.
2022-04-24 04:16:06,875 [Listener at 127.0.0.1/40137] INFO  ozone.MiniOzoneClusterImpl (MiniOzoneClusterImpl.java:lambda$waitForClusterToBeReady$0(224)) - Waiting for cluster to exit safe mode
2022-04-24 04:16:06,875 [Listener at 127.0.0.1/40137] INFO  ozone.MiniOzoneClusterImpl (MiniOzoneClusterImpl.java:lambda$waitForClusterToBeReady$0(226)) - SCM became leader
2022-04-24 04:16:06,880 [Command processor thread] INFO  server.RaftServer (RaftServerProxy.java:addNew(95)) - e43a4dc9-a00f-4e9b-92e8-7d3d6197108c: addNew group-47BA30D22B91:[e43a4dc9-a00f-4e9b-92e8-7d3d6197108c|rpc:10.1.0.15:40557|priority:1] returns group-47BA30D22B91:java.util.concurrent.CompletableFuture@9703db4[Not completed]
2022-04-24 04:16:06,885 [pool-344-thread-1] INFO  server.RaftServer$Division (RaftServerImpl.java:<init>(184)) - e43a4dc9-a00f-4e9b-92e8-7d3d6197108c: new RaftServerImpl for group-47BA30D22B91:[e43a4dc9-a00f-4e9b-92e8-7d3d6197108c|rpc:10.1.0.15:40557|priority:1] with ContainerStateMachine:uninitialized
2022-04-24 04:16:06,895 [pool-344-thread-1] INFO  server.RaftServerConfigKeys (ConfUtils.java:logGet(44)) - raft.server.rpc.timeout.min = 5s (custom)
2022-04-24 04:16:06,895 [pool-344-thread-1] INFO  server.RaftServerConfigKeys (ConfUtils.java:logGet(44)) - raft.server.rpc.timeout.max = 5200ms (custom)
2022-04-24 04:16:06,895 [pool-344-thread-1] INFO  server.RaftServerConfigKeys (ConfUtils.java:logGet(44)) - raft.server.rpc.sleep.time = 25ms (default)
2022-04-24 04:16:06,895 [pool-344-thread-1] INFO  server.RaftServerConfigKeys (ConfUtils.java:logGet(44)) - raft.server.rpc.slowness.timeout = 300s (custom)
2022-04-24 04:16:06,895 [pool-344-thread-1] INFO  server.RaftServerConfigKeys (ConfUtils.java:logGet(44)) - raft.server.leaderelection.leader.step-down.wait-time = 10s (default)
2022-04-24 04:16:06,895 [pool-344-thread-1] INFO  server.RaftServerConfigKeys (ConfUtils.java:logGet(44)) - raft.server.sleep.deviation.threshold = 300ms (default)
2022-04-24 04:16:06,896 [pool-344-thread-1] INFO  server.RaftServerConfigKeys (ConfUtils.java:logGet(44)) - raft.server.log.appender.install.snapshot.enabled = false (custom)
2022-04-24 04:16:06,896 [pool-344-thread-1] INFO  server.RaftServer$Division (ServerState.java:<init>(105)) - e43a4dc9-a00f-4e9b-92e8-7d3d6197108c@group-47BA30D22B91: ConfigurationManager, init=-1: [e43a4dc9-a00f-4e9b-92e8-7d3d6197108c|rpc:10.1.0.15:40557|priority:1], old=null, confs=<EMPTY_MAP>
2022-04-24 04:16:06,896 [pool-344-thread-1] INFO  server.RaftServerConfigKeys (ConfUtils.java:logGet(44)) - raft.server.storage.dir = [/home/runner/work/ozone/ozone/hadoop-ozone/integration-test/target/test-dir/MiniOzoneClusterImpl-e7da0ab5-4936-473d-8bac-46be260cf6da/datanode-4/data/ratis] (custom)
2022-04-24 04:16:06,896 [pool-344-thread-1] INFO  server.RaftServerConfigKeys (ConfUtils.java:logGet(44)) - raft.server.log.corruption.policy = EXCEPTION (default)
2022-04-24 04:16:06,896 [pool-344-thread-1] INFO  server.RaftServerConfigKeys (ConfUtils.java:logGet(44)) - raft.server.storage.free-space.min = 0MB (=0) (default)
2022-04-24 04:16:06,896 [pool-344-thread-1] INFO  storage.RaftStorageDirectory (RaftStorageDirectoryImpl.java:analyzeStorage(135)) - The storage directory /home/runner/work/ozone/ozone/hadoop-ozone/integration-test/target/test-dir/MiniOzoneClusterImpl-e7da0ab5-4936-473d-8bac-46be260cf6da/datanode-4/data/ratis/7014a621-df9c-42ac-9659-47ba30d22b91 does not exist. Creating ...
2022-04-24 04:16:06,899 [pool-344-thread-1] INFO  storage.RaftStorageDirectory (RaftStorageDirectoryImpl.java:tryLock(230)) - Lock on /home/runner/work/ozone/ozone/hadoop-ozone/integration-test/target/test-dir/MiniOzoneClusterImpl-e7da0ab5-4936-473d-8bac-46be260cf6da/datanode-4/data/ratis/7014a621-df9c-42ac-9659-47ba30d22b91/in_use.lock acquired by nodename 18665@fv-az50-870
2022-04-24 04:16:06,901 [pool-344-thread-1] INFO  storage.RaftStorage (RaftStorageImpl.java:format(89)) - Storage directory /home/runner/work/ozone/ozone/hadoop-ozone/integration-test/target/test-dir/MiniOzoneClusterImpl-e7da0ab5-4936-473d-8bac-46be260cf6da/datanode-4/data/ratis/7014a621-df9c-42ac-9659-47ba30d22b91 has been successfully formatted.
2022-04-24 04:16:06,907 [pool-344-thread-1] INFO  ratis.ContainerStateMachine (ContainerStateMachine.java:loadSnapshot(236)) - group-47BA30D22B91: The snapshot info is null. Setting the last applied indexto:(t:0, i:~)
2022-04-24 04:16:06,907 [pool-344-thread-1] INFO  server.RaftServerConfigKeys (ConfUtils.java:logGet(44)) - raft.server.notification.no-leader.timeout = 300s (custom)
2022-04-24 04:16:06,907 [pool-344-thread-1] INFO  server.RaftServerConfigKeys (ConfUtils.java:logGet(44)) - raft.server.log.use.memory = false (default)
2022-04-24 04:16:06,907 [pool-344-thread-1] INFO  server.RaftServerConfigKeys (ConfUtils.java:logGet(44)) - raft.server.log.purge.gap = 1000000 (custom)
2022-04-24 04:16:06,907 [pool-344-thread-1] INFO  server.RaftServerConfigKeys (ConfUtils.java:logGet(44)) - raft.server.log.appender.buffer.byte-limit = 33554432 (custom)
2022-04-24 04:16:06,908 [EventQueue-PipelineReportForPipelineReportHandler] INFO  pipeline.PipelineManagerImpl (PipelineManagerImpl.java:openPipeline(321)) - Pipeline Pipeline[ Id: 7014a621-df9c-42ac-9659-47ba30d22b91, Nodes: e43a4dc9-a00f-4e9b-92e8-7d3d6197108c{ip: 10.1.0.15, host: fv-az50-870.grzltbmokehuzjyc5b133kdqgh.cx.internal.cloudapp.net, ports: [REPLICATION=39225, RATIS=40557, RATIS_ADMIN=40557, RATIS_SERVER=40557, STANDALONE=38297], networkLocation: /default-rack, certSerialId: null, persistedOpState: IN_SERVICE, persistedOpStateExpiryEpochSec: 0}, ReplicationConfig: RATIS/ONE, State:ALLOCATED, leaderId:e43a4dc9-a00f-4e9b-92e8-7d3d6197108c, CreationTimestamp2022-04-24T04:16:03.886Z[Etc/UTC]] moved to OPEN state
2022-04-24 04:16:06,908 [pool-344-thread-1] INFO  server.RaftServerConfigKeys (ConfUtils.java:logGet(44)) - raft.server.log.segment.size.max = 1048576 (custom)
2022-04-24 04:16:06,909 [EventQueue-OpenPipelineForHealthyPipelineSafeModeRule] INFO  safemode.SCMSafeModeManager (HealthyPipelineSafeModeRule.java:process(124)) - SCM in safe mode. Healthy pipelines reported count is 0, required healthy pipeline reported count is 1
2022-04-24 04:16:06,923 [pool-344-thread-1] INFO  server.RaftServerConfigKeys (ConfUtils.java:logGet(44)) - raft.server.log.segment.cache.num.max = 2 (custom)
2022-04-24 04:16:06,923 [pool-344-thread-1] INFO  server.RaftServerConfigKeys (ConfUtils.java:logGet(44)) - raft.server.log.segment.cache.size.max = 200MB (=209715200) (default)
2022-04-24 04:16:06,923 [pool-344-thread-1] INFO  segmented.SegmentedRaftLogWorker (SegmentedRaftLogWorker.java:<init>(182)) - new e43a4dc9-a00f-4e9b-92e8-7d3d6197108c@group-47BA30D22B91-SegmentedRaftLogWorker for RaftStorageImpl:Storage Directory /home/runner/work/ozone/ozone/hadoop-ozone/integration-test/target/test-dir/MiniOzoneClusterImpl-e7da0ab5-4936-473d-8bac-46be260cf6da/datanode-4/data/ratis/7014a621-df9c-42ac-9659-47ba30d22b91
2022-04-24 04:16:06,923 [pool-344-thread-1] INFO  server.RaftServerConfigKeys (ConfUtils.java:logGet(44)) - raft.server.log.queue.byte-limit = 4294967296 (custom)
2022-04-24 04:16:06,923 [pool-344-thread-1] INFO  server.RaftServerConfigKeys (ConfUtils.java:logGet(44)) - raft.server.log.queue.element-limit = 1024 (custom)
2022-04-24 04:16:06,923 [pool-344-thread-1] INFO  server.RaftServerConfigKeys (ConfUtils.java:logGet(44)) - raft.server.log.segment.size.max = 1048576 (custom)
2022-04-24 04:16:06,923 [pool-344-thread-1] INFO  server.RaftServerConfigKeys (ConfUtils.java:logGet(44)) - raft.server.log.preallocated.size = 16384 (custom)
2022-04-24 04:16:06,923 [pool-344-thread-1] INFO  server.RaftServerConfigKeys (ConfUtils.java:logGet(44)) - raft.server.log.force.sync.num = 128 (default)
2022-04-24 04:16:06,923 [pool-344-thread-1] INFO  server.RaftServerConfigKeys (ConfUtils.java:logGet(44)) - raft.server.log.statemachine.data.sync = true (default)
2022-04-24 04:16:06,923 [pool-344-thread-1] INFO  server.RaftServerConfigKeys (ConfUtils.java:logGet(44)) - raft.server.log.statemachine.data.sync.timeout = 10s (default)
2022-04-24 04:16:06,923 [pool-344-thread-1] INFO  server.RaftServerConfigKeys (ConfUtils.java:logGet(44)) - raft.server.log.statemachine.data.sync.timeout.retry = -1 (default)
2022-04-24 04:16:06,924 [pool-344-thread-1] INFO  server.RaftServerConfigKeys (ConfUtils.java:logGet(44)) - raft.server.log.write.buffer.size = 1048576 (custom)
2022-04-24 04:16:06,924 [pool-344-thread-1] INFO  server.RaftServerConfigKeys (ConfUtils.java:logGet(44)) - raft.server.log.statemachine.data.caching.enabled = true (custom)
2022-04-24 04:16:06,925 [pool-344-thread-1] INFO  segmented.SegmentedRaftLogWorker (SegmentedRaftLogWorker.java:lambda$new$0(133)) - e43a4dc9-a00f-4e9b-92e8-7d3d6197108c@group-47BA30D22B91-SegmentedRaftLogWorker: flushIndex: setUnconditionally 0 -> -1
2022-04-24 04:16:06,925 [pool-344-thread-1] INFO  segmented.SegmentedRaftLogWorker (SegmentedRaftLogWorker.java:lambda$new$0(133)) - e43a4dc9-a00f-4e9b-92e8-7d3d6197108c@group-47BA30D22B91-SegmentedRaftLogWorker: safeCacheEvictIndex: setUnconditionally 0 -> -1
2022-04-24 04:16:06,929 [pool-344-thread-1] INFO  server.RaftServerConfigKeys (ConfUtils.java:logGet(44)) - raft.server.snapshot.auto.trigger.enabled = true (custom)
2022-04-24 04:16:06,929 [pool-344-thread-1] INFO  server.RaftServerConfigKeys (ConfUtils.java:logGet(44)) - raft.server.snapshot.auto.trigger.threshold = 10000 (custom)
2022-04-24 04:16:06,929 [pool-344-thread-1] INFO  server.RaftServerConfigKeys (ConfUtils.java:logGet(44)) - raft.server.snapshot.retention.file.num = 5 (custom)
2022-04-24 04:16:06,929 [pool-344-thread-1] INFO  server.RaftServerConfigKeys (ConfUtils.java:logGet(44)) - raft.server.log.purge.upto.snapshot.index = false (default)
2022-04-24 04:16:06,929 [pool-344-thread-1] INFO  server.RaftServerConfigKeys (ConfUtils.java:logGet(44)) - raft.server.retrycache.expirytime = 600000ms (custom)
2022-04-24 04:16:06,930 [pool-344-thread-1] INFO  server.RaftServerConfigKeys (ConfUtils.java:logGet(44)) - raft.server.retrycache.statistics.expirytime = 100μs (default)
2022-04-24 04:16:06,931 [pool-344-thread-1] INFO  server.RaftServer$Division (RaftServerImpl.java:start(301)) - e43a4dc9-a00f-4e9b-92e8-7d3d6197108c@group-47BA30D22B91: start as a follower, conf=-1: [e43a4dc9-a00f-4e9b-92e8-7d3d6197108c|rpc:10.1.0.15:40557|priority:1], old=null
2022-04-24 04:16:06,931 [pool-344-thread-1] INFO  server.RaftServer$Division (RaftServerImpl.java:setRole(290)) - e43a4dc9-a00f-4e9b-92e8-7d3d6197108c@group-47BA30D22B91: changes role from      null to FOLLOWER at term 0 for startAsFollower
2022-04-24 04:16:06,931 [pool-344-thread-1] INFO  impl.RoleInfo (RoleInfo.java:updateAndGet(130)) - e43a4dc9-a00f-4e9b-92e8-7d3d6197108c: start e43a4dc9-a00f-4e9b-92e8-7d3d6197108c@group-47BA30D22B91-FollowerState
2022-04-24 04:16:06,942 [pool-344-thread-1] INFO  util.JmxRegister (JmxRegister.java:tryRegister(44)) - Successfully registered JMX Bean with object name Ratis:service=RaftServer,group=group-47BA30D22B91,id=e43a4dc9-a00f-4e9b-92e8-7d3d6197108c
2022-04-24 04:16:06,944 [Command processor thread] INFO  ratis.XceiverServerRatis (XceiverServerRatis.java:addGroup(765)) - Created group PipelineID=7014a621-df9c-42ac-9659-47ba30d22b91
2022-04-24 04:16:06,944 [Command processor thread] INFO  commandhandler.CreatePipelineCommandHandler (CreatePipelineCommandHandler.java:handle(113)) - Created Pipeline RATIS ONE PipelineID=7014a621-df9c-42ac-9659-47ba30d22b91.
2022-04-24 04:16:07,876 [Listener at 127.0.0.1/40137] INFO  ozone.MiniOzoneClusterImpl (MiniOzoneClusterImpl.java:lambda$waitForClusterToBeReady$0(221)) - Nodes are ready. Got 5 of 5 DN Heartbeats.
2022-04-24 04:16:07,877 [Listener at 127.0.0.1/40137] INFO  ozone.MiniOzoneClusterImpl (MiniOzoneClusterImpl.java:lambda$waitForClusterToBeReady$0(224)) - Waiting for cluster to exit safe mode
2022-04-24 04:16:07,877 [Listener at 127.0.0.1/40137] INFO  ozone.MiniOzoneClusterImpl (MiniOzoneClusterImpl.java:lambda$waitForClusterToBeReady$0(226)) - SCM became leader
2022-04-24 04:16:08,877 [Listener at 127.0.0.1/40137] INFO  ozone.MiniOzoneClusterImpl (MiniOzoneClusterImpl.java:lambda$waitForClusterToBeReady$0(221)) - Nodes are ready. Got 5 of 5 DN Heartbeats.
2022-04-24 04:16:08,877 [Listener at 127.0.0.1/40137] INFO  ozone.MiniOzoneClusterImpl (MiniOzoneClusterImpl.java:lambda$waitForClusterToBeReady$0(224)) - Waiting for cluster to exit safe mode
2022-04-24 04:16:08,877 [Listener at 127.0.0.1/40137] INFO  ozone.MiniOzoneClusterImpl (MiniOzoneClusterImpl.java:lambda$waitForClusterToBeReady$0(226)) - SCM became leader
2022-04-24 04:16:09,878 [Listener at 127.0.0.1/40137] INFO  ozone.MiniOzoneClusterImpl (MiniOzoneClusterImpl.java:lambda$waitForClusterToBeReady$0(221)) - Nodes are ready. Got 5 of 5 DN Heartbeats.
2022-04-24 04:16:09,878 [Listener at 127.0.0.1/40137] INFO  ozone.MiniOzoneClusterImpl (MiniOzoneClusterImpl.java:lambda$waitForClusterToBeReady$0(224)) - Waiting for cluster to exit safe mode
2022-04-24 04:16:09,878 [Listener at 127.0.0.1/40137] INFO  ozone.MiniOzoneClusterImpl (MiniOzoneClusterImpl.java:lambda$waitForClusterToBeReady$0(226)) - SCM became leader
2022-04-24 04:16:10,000 [862c3159-621e-4808-8fb5-192a2fed7743@group-F8F271AE0048-FollowerState] INFO  impl.FollowerState (FollowerState.java:run(134)) - 862c3159-621e-4808-8fb5-192a2fed7743@group-F8F271AE0048-FollowerState: change to CANDIDATE, lastRpcElapsedTime:5055003753ns, electionTimeout:5051ms
2022-04-24 04:16:10,000 [862c3159-621e-4808-8fb5-192a2fed7743@group-F8F271AE0048-FollowerState] INFO  impl.RoleInfo (RoleInfo.java:shutdownFollowerState(108)) - 862c3159-621e-4808-8fb5-192a2fed7743: shutdown 862c3159-621e-4808-8fb5-192a2fed7743@group-F8F271AE0048-FollowerState
2022-04-24 04:16:10,000 [862c3159-621e-4808-8fb5-192a2fed7743@group-F8F271AE0048-FollowerState] INFO  server.RaftServer$Division (RaftServerImpl.java:setRole(290)) - 862c3159-621e-4808-8fb5-192a2fed7743@group-F8F271AE0048: changes role from  FOLLOWER to CANDIDATE at term 0 for changeToCandidate
2022-04-24 04:16:10,001 [862c3159-621e-4808-8fb5-192a2fed7743@group-F8F271AE0048-FollowerState] INFO  server.RaftServerConfigKeys (ConfUtils.java:logGet(44)) - raft.server.leaderelection.pre-vote = false (custom)
2022-04-24 04:16:10,001 [862c3159-621e-4808-8fb5-192a2fed7743@group-F8F271AE0048-FollowerState] INFO  impl.RoleInfo (RoleInfo.java:updateAndGet(130)) - 862c3159-621e-4808-8fb5-192a2fed7743: start 862c3159-621e-4808-8fb5-192a2fed7743@group-F8F271AE0048-LeaderElection11
2022-04-24 04:16:10,022 [862c3159-621e-4808-8fb5-192a2fed7743@group-F8F271AE0048-LeaderElection11] INFO  impl.LeaderElection (LeaderElection.java:askForVotes(306)) - 862c3159-621e-4808-8fb5-192a2fed7743@group-F8F271AE0048-LeaderElection11 ELECTION round 0: submit vote requests at term 1 for -1: [862c3159-621e-4808-8fb5-192a2fed7743|rpc:10.1.0.15:38757|priority:1], old=null
2022-04-24 04:16:10,022 [862c3159-621e-4808-8fb5-192a2fed7743@group-F8F271AE0048-LeaderElection11] INFO  impl.LeaderElection (LeaderElection.java:askForVotes(308)) - 862c3159-621e-4808-8fb5-192a2fed7743@group-F8F271AE0048-LeaderElection11 ELECTION round 0: result PASSED (term=1)
2022-04-24 04:16:10,022 [862c3159-621e-4808-8fb5-192a2fed7743@group-F8F271AE0048-LeaderElection11] INFO  impl.RoleInfo (RoleInfo.java:shutdownLeaderElection(121)) - 862c3159-621e-4808-8fb5-192a2fed7743: shutdown 862c3159-621e-4808-8fb5-192a2fed7743@group-F8F271AE0048-LeaderElection11
2022-04-24 04:16:10,022 [862c3159-621e-4808-8fb5-192a2fed7743@group-F8F271AE0048-LeaderElection11] INFO  server.RaftServer$Division (RaftServerImpl.java:setRole(290)) - 862c3159-621e-4808-8fb5-192a2fed7743@group-F8F271AE0048: changes role from CANDIDATE to LEADER at term 1 for changeToLeader
2022-04-24 04:16:10,022 [862c3159-621e-4808-8fb5-192a2fed7743@group-F8F271AE0048-LeaderElection11] INFO  ratis.XceiverServerRatis (XceiverServerRatis.java:handleLeaderChangedNotification(863)) - Leader change notification received for group: group-F8F271AE0048 with new leaderId: 862c3159-621e-4808-8fb5-192a2fed7743
2022-04-24 04:16:10,022 [862c3159-621e-4808-8fb5-192a2fed7743@group-F8F271AE0048-LeaderElection11] INFO  server.RaftServer$Division (ServerState.java:setLeader(285)) - 862c3159-621e-4808-8fb5-192a2fed7743@group-F8F271AE0048: change Leader from null to 862c3159-621e-4808-8fb5-192a2fed7743 at term 1 for becomeLeader, leader elected after 5103ms
2022-04-24 04:16:10,023 [862c3159-621e-4808-8fb5-192a2fed7743@group-F8F271AE0048-LeaderElection11] INFO  server.RaftServerConfigKeys (ConfUtils.java:logGet(44)) - raft.server.staging.catchup.gap = 1000 (default)
2022-04-24 04:16:10,023 [862c3159-621e-4808-8fb5-192a2fed7743@group-F8F271AE0048-LeaderElection11] INFO  server.RaftServerConfigKeys (ConfUtils.java:logGet(44)) - raft.server.write.element-limit = 1024 (custom)
2022-04-24 04:16:10,023 [862c3159-621e-4808-8fb5-192a2fed7743@group-F8F271AE0048-LeaderElection11] INFO  server.RaftServerConfigKeys (ConfUtils.java:logGet(44)) - raft.server.write.byte-limit = 1024 M (=1073741824) (custom)
2022-04-24 04:16:10,023 [862c3159-621e-4808-8fb5-192a2fed7743@group-F8F271AE0048-LeaderElection11] INFO  server.RaftServerConfigKeys (ConfUtils.java:logGet(44)) - raft.server.watch.timeout = 180s (custom)
2022-04-24 04:16:10,023 [862c3159-621e-4808-8fb5-192a2fed7743@group-F8F271AE0048-LeaderElection11] INFO  server.RaftServerConfigKeys (ConfUtils.java:logGet(44)) - raft.server.watch.timeout.denomination = 1s (default)
2022-04-24 04:16:10,023 [862c3159-621e-4808-8fb5-192a2fed7743@group-F8F271AE0048-LeaderElection11] INFO  server.RaftServerConfigKeys (ConfUtils.java:logGet(44)) - raft.server.watch.element-limit = 65536 (default)
2022-04-24 04:16:10,024 [862c3159-621e-4808-8fb5-192a2fed7743@group-F8F271AE0048-LeaderElection11] INFO  server.RaftServerConfigKeys (ConfUtils.java:logGet(44)) - raft.server.write.element-limit = 1024 (custom)
2022-04-24 04:16:10,024 [862c3159-621e-4808-8fb5-192a2fed7743@group-F8F271AE0048-LeaderElection11] INFO  server.RaftServerConfigKeys (ConfUtils.java:logGet(44)) - raft.server.write.follower.gap.ratio.max = -1.0 (default)
2022-04-24 04:16:10,024 [862c3159-621e-4808-8fb5-192a2fed7743@group-F8F271AE0048-LeaderElection11] INFO  impl.RoleInfo (RoleInfo.java:updateAndGet(130)) - 862c3159-621e-4808-8fb5-192a2fed7743: start 862c3159-621e-4808-8fb5-192a2fed7743@group-F8F271AE0048-LeaderStateImpl
2022-04-24 04:16:10,024 [862c3159-621e-4808-8fb5-192a2fed7743@group-F8F271AE0048-LeaderElection11] INFO  segmented.SegmentedRaftLogWorker (SegmentedRaftLogWorker.java:startLogSegment(394)) - 862c3159-621e-4808-8fb5-192a2fed7743@group-F8F271AE0048-SegmentedRaftLogWorker: Starting segment from index:0
2022-04-24 04:16:10,027 [EventQueue-OpenPipelineForHealthyPipelineSafeModeRule] INFO  safemode.SCMSafeModeManager (HealthyPipelineSafeModeRule.java:process(124)) - SCM in safe mode. Healthy pipelines reported count is 0, required healthy pipeline reported count is 1
2022-04-24 04:16:10,033 [862c3159-621e-4808-8fb5-192a2fed7743@group-F8F271AE0048-SegmentedRaftLogWorker] INFO  segmented.SegmentedRaftLogWorker (SegmentedRaftLogWorker.java:execute(601)) - 862c3159-621e-4808-8fb5-192a2fed7743@group-F8F271AE0048-SegmentedRaftLogWorker: created new log segment /home/runner/work/ozone/ozone/hadoop-ozone/integration-test/target/test-dir/MiniOzoneClusterImpl-e7da0ab5-4936-473d-8bac-46be260cf6da/datanode-0/data/ratis/95274780-67c6-4bf3-8811-f8f271ae0048/current/log_inprogress_0
2022-04-24 04:16:10,051 [862c3159-621e-4808-8fb5-192a2fed7743@group-F8F271AE0048-LeaderElection11] INFO  server.RaftServer$Division (ServerState.java:setRaftConf(387)) - 862c3159-621e-4808-8fb5-192a2fed7743@group-F8F271AE0048: set configuration 0: [862c3159-621e-4808-8fb5-192a2fed7743|rpc:10.1.0.15:38757|dataStream:|priority:1], old=null
2022-04-24 04:16:10,132 [862c3159-621e-4808-8fb5-192a2fed7743@group-3FEA44E64FBE-FollowerState] INFO  impl.FollowerState (FollowerState.java:run(134)) - 862c3159-621e-4808-8fb5-192a2fed7743@group-3FEA44E64FBE-FollowerState: change to CANDIDATE, lastRpcElapsedTime:5137099879ns, electionTimeout:5134ms
2022-04-24 04:16:10,133 [862c3159-621e-4808-8fb5-192a2fed7743@group-3FEA44E64FBE-FollowerState] INFO  impl.RoleInfo (RoleInfo.java:shutdownFollowerState(108)) - 862c3159-621e-4808-8fb5-192a2fed7743: shutdown 862c3159-621e-4808-8fb5-192a2fed7743@group-3FEA44E64FBE-FollowerState
2022-04-24 04:16:10,133 [862c3159-621e-4808-8fb5-192a2fed7743@group-3FEA44E64FBE-FollowerState] INFO  server.RaftServer$Division (RaftServerImpl.java:setRole(290)) - 862c3159-621e-4808-8fb5-192a2fed7743@group-3FEA44E64FBE: changes role from  FOLLOWER to CANDIDATE at term 0 for changeToCandidate
2022-04-24 04:16:10,133 [862c3159-621e-4808-8fb5-192a2fed7743@group-3FEA44E64FBE-FollowerState] INFO  server.RaftServerConfigKeys (ConfUtils.java:logGet(44)) - raft.server.leaderelection.pre-vote = false (custom)
2022-04-24 04:16:10,133 [862c3159-621e-4808-8fb5-192a2fed7743@group-3FEA44E64FBE-FollowerState] INFO  impl.RoleInfo (RoleInfo.java:updateAndGet(130)) - 862c3159-621e-4808-8fb5-192a2fed7743: start 862c3159-621e-4808-8fb5-192a2fed7743@group-3FEA44E64FBE-LeaderElection12
2022-04-24 04:16:10,140 [862c3159-621e-4808-8fb5-192a2fed7743@group-3FEA44E64FBE-LeaderElection12] INFO  impl.LeaderElection (LeaderElection.java:askForVotes(306)) - 862c3159-621e-4808-8fb5-192a2fed7743@group-3FEA44E64FBE-LeaderElection12 ELECTION round 0: submit vote requests at term 1 for -1: [1de514c8-4282-4370-a982-a3c391975046|rpc:10.1.0.15:35459|priority:0, 895edd85-c017-4033-b7e9-810222bcedda|rpc:10.1.0.15:44303|priority:1, 862c3159-621e-4808-8fb5-192a2fed7743|rpc:10.1.0.15:38757|priority:0], old=null
2022-04-24 04:16:10,179 [grpc-default-executor-1] INFO  server.RaftServer$Division (RaftServerImpl.java:requestVote(1046)) - 1de514c8-4282-4370-a982-a3c391975046@group-3FEA44E64FBE: receive requestVote(ELECTION, 862c3159-621e-4808-8fb5-192a2fed7743, group-3FEA44E64FBE, 1, (t:0, i:0))
2022-04-24 04:16:10,179 [grpc-default-executor-1] INFO  impl.VoteContext (VoteContext.java:log(48)) - 1de514c8-4282-4370-a982-a3c391975046@group-3FEA44E64FBE-FOLLOWER: accept ELECTION from 862c3159-621e-4808-8fb5-192a2fed7743: our priority 0 <= candidate's priority 0
2022-04-24 04:16:10,179 [grpc-default-executor-1] INFO  server.RaftServer$Division (RaftServerImpl.java:setRole(290)) - 1de514c8-4282-4370-a982-a3c391975046@group-3FEA44E64FBE: changes role from  FOLLOWER to FOLLOWER at term 1 for candidate:862c3159-621e-4808-8fb5-192a2fed7743
2022-04-24 04:16:10,179 [grpc-default-executor-1] INFO  impl.RoleInfo (RoleInfo.java:shutdownFollowerState(108)) - 1de514c8-4282-4370-a982-a3c391975046: shutdown 1de514c8-4282-4370-a982-a3c391975046@group-3FEA44E64FBE-FollowerState
2022-04-24 04:16:10,179 [grpc-default-executor-1] INFO  impl.RoleInfo (RoleInfo.java:updateAndGet(130)) - 1de514c8-4282-4370-a982-a3c391975046: start 1de514c8-4282-4370-a982-a3c391975046@group-3FEA44E64FBE-FollowerState
2022-04-24 04:16:10,179 [1de514c8-4282-4370-a982-a3c391975046@group-3FEA44E64FBE-FollowerState] INFO  impl.FollowerState (FollowerState.java:run(143)) - 1de514c8-4282-4370-a982-a3c391975046@group-3FEA44E64FBE-FollowerState was interrupted: {}
java.lang.InterruptedException: sleep interrupted
	at java.lang.Thread.sleep(Native Method)
	at java.lang.Thread.sleep(Thread.java:342)
	at java.util.concurrent.TimeUnit.sleep(TimeUnit.java:386)
	at org.apache.ratis.util.TimeDuration.sleep(TimeDuration.java:324)
	at org.apache.ratis.util.TimeDuration.sleep(TimeDuration.java:309)
	at org.apache.ratis.server.impl.FollowerState.run(FollowerState.java:118)
2022-04-24 04:16:10,186 [grpc-default-executor-0] INFO  server.RaftServer$Division (RaftServerImpl.java:requestVote(1046)) - 895edd85-c017-4033-b7e9-810222bcedda@group-3FEA44E64FBE: receive requestVote(ELECTION, 862c3159-621e-4808-8fb5-192a2fed7743, group-3FEA44E64FBE, 1, (t:0, i:0))
2022-04-24 04:16:10,187 [grpc-default-executor-0] INFO  impl.VoteContext (VoteContext.java:log(48)) - 895edd85-c017-4033-b7e9-810222bcedda@group-3FEA44E64FBE-FOLLOWER: reject ELECTION from 862c3159-621e-4808-8fb5-192a2fed7743: our priority 1 > candidate's priority 0
2022-04-24 04:16:10,187 [grpc-default-executor-0] INFO  server.RaftServer$Division (RaftServerImpl.java:setRole(290)) - 895edd85-c017-4033-b7e9-810222bcedda@group-3FEA44E64FBE: changes role from  FOLLOWER to FOLLOWER at term 1 for candidate:862c3159-621e-4808-8fb5-192a2fed7743
2022-04-24 04:16:10,187 [grpc-default-executor-0] INFO  impl.RoleInfo (RoleInfo.java:shutdownFollowerState(108)) - 895edd85-c017-4033-b7e9-810222bcedda: shutdown 895edd85-c017-4033-b7e9-810222bcedda@group-3FEA44E64FBE-FollowerState
2022-04-24 04:16:10,187 [grpc-default-executor-0] INFO  impl.RoleInfo (RoleInfo.java:updateAndGet(130)) - 895edd85-c017-4033-b7e9-810222bcedda: start 895edd85-c017-4033-b7e9-810222bcedda@group-3FEA44E64FBE-FollowerState
2022-04-24 04:16:10,187 [895edd85-c017-4033-b7e9-810222bcedda@group-3FEA44E64FBE-FollowerState] INFO  impl.FollowerState (FollowerState.java:run(143)) - 895edd85-c017-4033-b7e9-810222bcedda@group-3FEA44E64FBE-FollowerState was interrupted: {}
java.lang.InterruptedException: sleep interrupted
	at java.lang.Thread.sleep(Native Method)
	at java.lang.Thread.sleep(Thread.java:342)
	at java.util.concurrent.TimeUnit.sleep(TimeUnit.java:386)
	at org.apache.ratis.util.TimeDuration.sleep(TimeDuration.java:324)
	at org.apache.ratis.util.TimeDuration.sleep(TimeDuration.java:309)
	at org.apache.ratis.server.impl.FollowerState.run(FollowerState.java:118)
2022-04-24 04:16:10,190 [grpc-default-executor-1] INFO  server.RaftServer$Division (RaftServerImpl.java:requestVote(1078)) - 1de514c8-4282-4370-a982-a3c391975046@group-3FEA44E64FBE replies to ELECTION vote request: 862c3159-621e-4808-8fb5-192a2fed7743<-1de514c8-4282-4370-a982-a3c391975046#0:OK-t1. Peer's state: 1de514c8-4282-4370-a982-a3c391975046@group-3FEA44E64FBE:t1, leader=null, voted=862c3159-621e-4808-8fb5-192a2fed7743, raftlog=1de514c8-4282-4370-a982-a3c391975046@group-3FEA44E64FBE-SegmentedRaftLog:OPENED:c-1, conf=-1: [1de514c8-4282-4370-a982-a3c391975046|rpc:10.1.0.15:35459|dataStream:|priority:0, 895edd85-c017-4033-b7e9-810222bcedda|rpc:10.1.0.15:44303|dataStream:|priority:1, 862c3159-621e-4808-8fb5-192a2fed7743|rpc:10.1.0.15:38757|dataStream:|priority:0], old=null
2022-04-24 04:16:10,190 [grpc-default-executor-0] INFO  server.RaftServer$Division (RaftServerImpl.java:requestVote(1078)) - 895edd85-c017-4033-b7e9-810222bcedda@group-3FEA44E64FBE replies to ELECTION vote request: 862c3159-621e-4808-8fb5-192a2fed7743<-895edd85-c017-4033-b7e9-810222bcedda#0:FAIL-t1. Peer's state: 895edd85-c017-4033-b7e9-810222bcedda@group-3FEA44E64FBE:t1, leader=null, voted=null, raftlog=895edd85-c017-4033-b7e9-810222bcedda@group-3FEA44E64FBE-SegmentedRaftLog:OPENED:c-1, conf=-1: [1de514c8-4282-4370-a982-a3c391975046|rpc:10.1.0.15:35459|dataStream:|priority:0, 895edd85-c017-4033-b7e9-810222bcedda|rpc:10.1.0.15:44303|dataStream:|priority:1, 862c3159-621e-4808-8fb5-192a2fed7743|rpc:10.1.0.15:38757|dataStream:|priority:0], old=null
2022-04-24 04:16:10,192 [862c3159-621e-4808-8fb5-192a2fed7743@group-3FEA44E64FBE-LeaderElection12] INFO  impl.LeaderElection (LeaderElection.java:logAndReturn(89)) - 862c3159-621e-4808-8fb5-192a2fed7743@group-3FEA44E64FBE-LeaderElection12: ELECTION REJECTED received 1 response(s) and 0 exception(s):
2022-04-24 04:16:10,200 [862c3159-621e-4808-8fb5-192a2fed7743@group-3FEA44E64FBE-LeaderElection12] INFO  impl.LeaderElection (LeaderElection.java:logAndReturn(93)) -   Response 0: 862c3159-621e-4808-8fb5-192a2fed7743<-895edd85-c017-4033-b7e9-810222bcedda#0:FAIL-t1
2022-04-24 04:16:10,200 [862c3159-621e-4808-8fb5-192a2fed7743@group-3FEA44E64FBE-LeaderElection12] INFO  impl.LeaderElection (LeaderElection.java:askForVotes(308)) - 862c3159-621e-4808-8fb5-192a2fed7743@group-3FEA44E64FBE-LeaderElection12 ELECTION round 0: result REJECTED
2022-04-24 04:16:10,200 [862c3159-621e-4808-8fb5-192a2fed7743@group-3FEA44E64FBE-LeaderElection12] INFO  server.RaftServer$Division (RaftServerImpl.java:setRole(290)) - 862c3159-621e-4808-8fb5-192a2fed7743@group-3FEA44E64FBE: changes role from CANDIDATE to FOLLOWER at term 1 for REJECTED
2022-04-24 04:16:10,200 [862c3159-621e-4808-8fb5-192a2fed7743@group-3FEA44E64FBE-LeaderElection12] INFO  impl.RoleInfo (RoleInfo.java:shutdownLeaderElection(121)) - 862c3159-621e-4808-8fb5-192a2fed7743: shutdown 862c3159-621e-4808-8fb5-192a2fed7743@group-3FEA44E64FBE-LeaderElection12
2022-04-24 04:16:10,200 [862c3159-621e-4808-8fb5-192a2fed7743@group-3FEA44E64FBE-LeaderElection12] INFO  impl.RoleInfo (RoleInfo.java:updateAndGet(130)) - 862c3159-621e-4808-8fb5-192a2fed7743: start 862c3159-621e-4808-8fb5-192a2fed7743@group-3FEA44E64FBE-FollowerState
2022-04-24 04:16:10,588 [1de514c8-4282-4370-a982-a3c391975046@group-94E7C9A85208-FollowerState] INFO  impl.FollowerState (FollowerState.java:run(134)) - 1de514c8-4282-4370-a982-a3c391975046@group-94E7C9A85208-FollowerState: change to CANDIDATE, lastRpcElapsedTime:5206629862ns, electionTimeout:5199ms
2022-04-24 04:16:10,589 [1de514c8-4282-4370-a982-a3c391975046@group-94E7C9A85208-FollowerState] INFO  impl.RoleInfo (RoleInfo.java:shutdownFollowerState(108)) - 1de514c8-4282-4370-a982-a3c391975046: shutdown 1de514c8-4282-4370-a982-a3c391975046@group-94E7C9A85208-FollowerState
2022-04-24 04:16:10,589 [1de514c8-4282-4370-a982-a3c391975046@group-94E7C9A85208-FollowerState] INFO  server.RaftServer$Division (RaftServerImpl.java:setRole(290)) - 1de514c8-4282-4370-a982-a3c391975046@group-94E7C9A85208: changes role from  FOLLOWER to CANDIDATE at term 0 for changeToCandidate
2022-04-24 04:16:10,589 [1de514c8-4282-4370-a982-a3c391975046@group-94E7C9A85208-FollowerState] INFO  server.RaftServerConfigKeys (ConfUtils.java:logGet(44)) - raft.server.leaderelection.pre-vote = false (custom)
2022-04-24 04:16:10,590 [1de514c8-4282-4370-a982-a3c391975046@group-94E7C9A85208-FollowerState] INFO  impl.RoleInfo (RoleInfo.java:updateAndGet(130)) - 1de514c8-4282-4370-a982-a3c391975046: start 1de514c8-4282-4370-a982-a3c391975046@group-94E7C9A85208-LeaderElection13
2022-04-24 04:16:10,595 [862c3159-621e-4808-8fb5-192a2fed7743@group-557FB44D8093-FollowerState] INFO  impl.FollowerState (FollowerState.java:run(134)) - 862c3159-621e-4808-8fb5-192a2fed7743@group-557FB44D8093-FollowerState: change to CANDIDATE, lastRpcElapsedTime:5031534686ns, electionTimeout:5025ms
2022-04-24 04:16:10,596 [862c3159-621e-4808-8fb5-192a2fed7743@group-557FB44D8093-FollowerState] INFO  impl.RoleInfo (RoleInfo.java:shutdownFollowerState(108)) - 862c3159-621e-4808-8fb5-192a2fed7743: shutdown 862c3159-621e-4808-8fb5-192a2fed7743@group-557FB44D8093-FollowerState
2022-04-24 04:16:10,596 [862c3159-621e-4808-8fb5-192a2fed7743@group-557FB44D8093-FollowerState] INFO  server.RaftServer$Division (RaftServerImpl.java:setRole(290)) - 862c3159-621e-4808-8fb5-192a2fed7743@group-557FB44D8093: changes role from  FOLLOWER to CANDIDATE at term 0 for changeToCandidate
2022-04-24 04:16:10,596 [862c3159-621e-4808-8fb5-192a2fed7743@group-557FB44D8093-FollowerState] INFO  server.RaftServerConfigKeys (ConfUtils.java:logGet(44)) - raft.server.leaderelection.pre-vote = false (custom)
2022-04-24 04:16:10,596 [862c3159-621e-4808-8fb5-192a2fed7743@group-557FB44D8093-FollowerState] INFO  impl.RoleInfo (RoleInfo.java:updateAndGet(130)) - 862c3159-621e-4808-8fb5-192a2fed7743: start 862c3159-621e-4808-8fb5-192a2fed7743@group-557FB44D8093-LeaderElection14
2022-04-24 04:16:10,605 [1de514c8-4282-4370-a982-a3c391975046@group-94E7C9A85208-LeaderElection13] INFO  impl.LeaderElection (LeaderElection.java:askForVotes(306)) - 1de514c8-4282-4370-a982-a3c391975046@group-94E7C9A85208-LeaderElection13 ELECTION round 0: submit vote requests at term 1 for -1: [1de514c8-4282-4370-a982-a3c391975046|rpc:10.1.0.15:35459|priority:1], old=null
2022-04-24 04:16:10,605 [1de514c8-4282-4370-a982-a3c391975046@group-94E7C9A85208-LeaderElection13] INFO  impl.LeaderElection (LeaderElection.java:askForVotes(308)) - 1de514c8-4282-4370-a982-a3c391975046@group-94E7C9A85208-LeaderElection13 ELECTION round 0: result PASSED (term=1)
2022-04-24 04:16:10,605 [1de514c8-4282-4370-a982-a3c391975046@group-94E7C9A85208-LeaderElection13] INFO  impl.RoleInfo (RoleInfo.java:shutdownLeaderElection(121)) - 1de514c8-4282-4370-a982-a3c391975046: shutdown 1de514c8-4282-4370-a982-a3c391975046@group-94E7C9A85208-LeaderElection13
2022-04-24 04:16:10,605 [1de514c8-4282-4370-a982-a3c391975046@group-94E7C9A85208-LeaderElection13] INFO  server.RaftServer$Division (RaftServerImpl.java:setRole(290)) - 1de514c8-4282-4370-a982-a3c391975046@group-94E7C9A85208: changes role from CANDIDATE to LEADER at term 1 for changeToLeader
2022-04-24 04:16:10,606 [1de514c8-4282-4370-a982-a3c391975046@group-94E7C9A85208-LeaderElection13] INFO  ratis.XceiverServerRatis (XceiverServerRatis.java:handleLeaderChangedNotification(863)) - Leader change notification received for group: group-94E7C9A85208 with new leaderId: 1de514c8-4282-4370-a982-a3c391975046
2022-04-24 04:16:10,606 [1de514c8-4282-4370-a982-a3c391975046@group-94E7C9A85208-LeaderElection13] INFO  server.RaftServer$Division (ServerState.java:setLeader(285)) - 1de514c8-4282-4370-a982-a3c391975046@group-94E7C9A85208: change Leader from null to 1de514c8-4282-4370-a982-a3c391975046 at term 1 for becomeLeader, leader elected after 5258ms
2022-04-24 04:16:10,609 [EventQueue-OpenPipelineForHealthyPipelineSafeModeRule] INFO  safemode.SCMSafeModeManager (HealthyPipelineSafeModeRule.java:process(124)) - SCM in safe mode. Healthy pipelines reported count is 0, required healthy pipeline reported count is 1
2022-04-24 04:16:10,610 [1de514c8-4282-4370-a982-a3c391975046@group-94E7C9A85208-LeaderElection13] INFO  server.RaftServerConfigKeys (ConfUtils.java:logGet(44)) - raft.server.staging.catchup.gap = 1000 (default)
2022-04-24 04:16:10,610 [1de514c8-4282-4370-a982-a3c391975046@group-94E7C9A85208-LeaderElection13] INFO  server.RaftServerConfigKeys (ConfUtils.java:logGet(44)) - raft.server.write.element-limit = 1024 (custom)
2022-04-24 04:16:10,610 [1de514c8-4282-4370-a982-a3c391975046@group-94E7C9A85208-LeaderElection13] INFO  server.RaftServerConfigKeys (ConfUtils.java:logGet(44)) - raft.server.write.byte-limit = 1024 M (=1073741824) (custom)
2022-04-24 04:16:10,617 [1de514c8-4282-4370-a982-a3c391975046@group-94E7C9A85208-LeaderElection13] INFO  server.RaftServerConfigKeys (ConfUtils.java:logGet(44)) - raft.server.watch.timeout = 180s (custom)
2022-04-24 04:16:10,618 [1de514c8-4282-4370-a982-a3c391975046@group-94E7C9A85208-LeaderElection13] INFO  server.RaftServerConfigKeys (ConfUtils.java:logGet(44)) - raft.server.watch.timeout.denomination = 1s (default)
2022-04-24 04:16:10,618 [1de514c8-4282-4370-a982-a3c391975046@group-94E7C9A85208-LeaderElection13] INFO  server.RaftServerConfigKeys (ConfUtils.java:logGet(44)) - raft.server.watch.element-limit = 65536 (default)
2022-04-24 04:16:10,618 [1de514c8-4282-4370-a982-a3c391975046@group-94E7C9A85208-LeaderElection13] INFO  server.RaftServerConfigKeys (ConfUtils.java:logGet(44)) - raft.server.write.element-limit = 1024 (custom)
2022-04-24 04:16:10,618 [1de514c8-4282-4370-a982-a3c391975046@group-94E7C9A85208-LeaderElection13] INFO  server.RaftServerConfigKeys (ConfUtils.java:logGet(44)) - raft.server.write.follower.gap.ratio.max = -1.0 (default)
2022-04-24 04:16:10,618 [1de514c8-4282-4370-a982-a3c391975046@group-94E7C9A85208-LeaderElection13] INFO  impl.RoleInfo (RoleInfo.java:updateAndGet(130)) - 1de514c8-4282-4370-a982-a3c391975046: start 1de514c8-4282-4370-a982-a3c391975046@group-94E7C9A85208-LeaderStateImpl
2022-04-24 04:16:10,619 [1de514c8-4282-4370-a982-a3c391975046@group-94E7C9A85208-LeaderElection13] INFO  segmented.SegmentedRaftLogWorker (SegmentedRaftLogWorker.java:startLogSegment(394)) - 1de514c8-4282-4370-a982-a3c391975046@group-94E7C9A85208-SegmentedRaftLogWorker: Starting segment from index:0
2022-04-24 04:16:10,620 [862c3159-621e-4808-8fb5-192a2fed7743@group-557FB44D8093-LeaderElection14] INFO  impl.LeaderElection (LeaderElection.java:askForVotes(306)) - 862c3159-621e-4808-8fb5-192a2fed7743@group-557FB44D8093-LeaderElection14 ELECTION round 0: submit vote requests at term 1 for -1: [1de514c8-4282-4370-a982-a3c391975046|rpc:10.1.0.15:35459|priority:0, 895edd85-c017-4033-b7e9-810222bcedda|rpc:10.1.0.15:44303|priority:0, 862c3159-621e-4808-8fb5-192a2fed7743|rpc:10.1.0.15:38757|priority:1], old=null
2022-04-24 04:16:10,621 [1de514c8-4282-4370-a982-a3c391975046@group-94E7C9A85208-SegmentedRaftLogWorker] INFO  segmented.SegmentedRaftLogWorker (SegmentedRaftLogWorker.java:execute(601)) - 1de514c8-4282-4370-a982-a3c391975046@group-94E7C9A85208-SegmentedRaftLogWorker: created new log segment /home/runner/work/ozone/ozone/hadoop-ozone/integration-test/target/test-dir/MiniOzoneClusterImpl-e7da0ab5-4936-473d-8bac-46be260cf6da/datanode-1/data/ratis/93ce1baf-e889-42ab-8c0a-94e7c9a85208/current/log_inprogress_0
2022-04-24 04:16:10,655 [1de514c8-4282-4370-a982-a3c391975046@group-94E7C9A85208-LeaderElection13] INFO  server.RaftServer$Division (ServerState.java:setRaftConf(387)) - 1de514c8-4282-4370-a982-a3c391975046@group-94E7C9A85208: set configuration 0: [1de514c8-4282-4370-a982-a3c391975046|rpc:10.1.0.15:35459|dataStream:|priority:1], old=null
2022-04-24 04:16:10,655 [grpc-default-executor-0] INFO  server.RaftServer$Division (RaftServerImpl.java:requestVote(1046)) - 1de514c8-4282-4370-a982-a3c391975046@group-557FB44D8093: receive requestVote(ELECTION, 862c3159-621e-4808-8fb5-192a2fed7743, group-557FB44D8093, 1, (t:0, i:0))
2022-04-24 04:16:10,656 [grpc-default-executor-0] INFO  impl.VoteContext (VoteContext.java:log(48)) - 1de514c8-4282-4370-a982-a3c391975046@group-557FB44D8093-FOLLOWER: accept ELECTION from 862c3159-621e-4808-8fb5-192a2fed7743: our priority 0 <= candidate's priority 1
2022-04-24 04:16:10,656 [grpc-default-executor-0] INFO  server.RaftServer$Division (RaftServerImpl.java:setRole(290)) - 1de514c8-4282-4370-a982-a3c391975046@group-557FB44D8093: changes role from  FOLLOWER to FOLLOWER at term 1 for candidate:862c3159-621e-4808-8fb5-192a2fed7743
2022-04-24 04:16:10,656 [grpc-default-executor-0] INFO  impl.RoleInfo (RoleInfo.java:shutdownFollowerState(108)) - 1de514c8-4282-4370-a982-a3c391975046: shutdown 1de514c8-4282-4370-a982-a3c391975046@group-557FB44D8093-FollowerState
2022-04-24 04:16:10,656 [grpc-default-executor-0] INFO  impl.RoleInfo (RoleInfo.java:updateAndGet(130)) - 1de514c8-4282-4370-a982-a3c391975046: start 1de514c8-4282-4370-a982-a3c391975046@group-557FB44D8093-FollowerState
2022-04-24 04:16:10,658 [1de514c8-4282-4370-a982-a3c391975046@group-557FB44D8093-FollowerState] INFO  impl.FollowerState (FollowerState.java:run(143)) - 1de514c8-4282-4370-a982-a3c391975046@group-557FB44D8093-FollowerState was interrupted: {}
java.lang.InterruptedException: sleep interrupted
	at java.lang.Thread.sleep(Native Method)
	at java.lang.Thread.sleep(Thread.java:342)
	at java.util.concurrent.TimeUnit.sleep(TimeUnit.java:386)
	at org.apache.ratis.util.TimeDuration.sleep(TimeDuration.java:324)
	at org.apache.ratis.util.TimeDuration.sleep(TimeDuration.java:309)
	at org.apache.ratis.server.impl.FollowerState.run(FollowerState.java:118)
2022-04-24 04:16:10,662 [grpc-default-executor-0] INFO  server.RaftServer$Division (RaftServerImpl.java:requestVote(1078)) - 1de514c8-4282-4370-a982-a3c391975046@group-557FB44D8093 replies to ELECTION vote request: 862c3159-621e-4808-8fb5-192a2fed7743<-1de514c8-4282-4370-a982-a3c391975046#0:OK-t1. Peer's state: 1de514c8-4282-4370-a982-a3c391975046@group-557FB44D8093:t1, leader=null, voted=862c3159-621e-4808-8fb5-192a2fed7743, raftlog=1de514c8-4282-4370-a982-a3c391975046@group-557FB44D8093-SegmentedRaftLog:OPENED:c-1, conf=-1: [1de514c8-4282-4370-a982-a3c391975046|rpc:10.1.0.15:35459|priority:0, 895edd85-c017-4033-b7e9-810222bcedda|rpc:10.1.0.15:44303|priority:0, 862c3159-621e-4808-8fb5-192a2fed7743|rpc:10.1.0.15:38757|priority:1], old=null
2022-04-24 04:16:10,687 [862c3159-621e-4808-8fb5-192a2fed7743@group-557FB44D8093-LeaderElection14] INFO  impl.LeaderElection (LeaderElection.java:logAndReturn(89)) - 862c3159-621e-4808-8fb5-192a2fed7743@group-557FB44D8093-LeaderElection14: ELECTION PASSED received 1 response(s) and 0 exception(s):
2022-04-24 04:16:10,687 [862c3159-621e-4808-8fb5-192a2fed7743@group-557FB44D8093-LeaderElection14] INFO  impl.LeaderElection (LeaderElection.java:logAndReturn(93)) -   Response 0: 862c3159-621e-4808-8fb5-192a2fed7743<-1de514c8-4282-4370-a982-a3c391975046#0:OK-t1
2022-04-24 04:16:10,687 [862c3159-621e-4808-8fb5-192a2fed7743@group-557FB44D8093-LeaderElection14] INFO  impl.LeaderElection (LeaderElection.java:askForVotes(308)) - 862c3159-621e-4808-8fb5-192a2fed7743@group-557FB44D8093-LeaderElection14 ELECTION round 0: result PASSED
2022-04-24 04:16:10,687 [862c3159-621e-4808-8fb5-192a2fed7743@group-557FB44D8093-LeaderElection14] INFO  impl.RoleInfo (RoleInfo.java:shutdownLeaderElection(121)) - 862c3159-621e-4808-8fb5-192a2fed7743: shutdown 862c3159-621e-4808-8fb5-192a2fed7743@group-557FB44D8093-LeaderElection14
2022-04-24 04:16:10,687 [862c3159-621e-4808-8fb5-192a2fed7743@group-557FB44D8093-LeaderElection14] INFO  server.RaftServer$Division (RaftServerImpl.java:setRole(290)) - 862c3159-621e-4808-8fb5-192a2fed7743@group-557FB44D8093: changes role from CANDIDATE to LEADER at term 1 for changeToLeader
2022-04-24 04:16:10,687 [862c3159-621e-4808-8fb5-192a2fed7743@group-557FB44D8093-LeaderElection14] INFO  ratis.XceiverServerRatis (XceiverServerRatis.java:handleLeaderChangedNotification(863)) - Leader change notification received for group: group-557FB44D8093 with new leaderId: 862c3159-621e-4808-8fb5-192a2fed7743
2022-04-24 04:16:10,687 [862c3159-621e-4808-8fb5-192a2fed7743@group-557FB44D8093-LeaderElection14] INFO  server.RaftServer$Division (ServerState.java:setLeader(285)) - 862c3159-621e-4808-8fb5-192a2fed7743@group-557FB44D8093: change Leader from null to 862c3159-621e-4808-8fb5-192a2fed7743 at term 1 for becomeLeader, leader elected after 5156ms
2022-04-24 04:16:10,687 [862c3159-621e-4808-8fb5-192a2fed7743@group-557FB44D8093-LeaderElection14] INFO  server.RaftServerConfigKeys (ConfUtils.java:logGet(44)) - raft.server.staging.catchup.gap = 1000 (default)
2022-04-24 04:16:10,688 [862c3159-621e-4808-8fb5-192a2fed7743@group-557FB44D8093-LeaderElection14] INFO  server.RaftServerConfigKeys (ConfUtils.java:logGet(44)) - raft.server.write.element-limit = 1024 (custom)
2022-04-24 04:16:10,688 [862c3159-621e-4808-8fb5-192a2fed7743@group-557FB44D8093-LeaderElection14] INFO  server.RaftServerConfigKeys (ConfUtils.java:logGet(44)) - raft.server.write.byte-limit = 1024 M (=1073741824) (custom)
2022-04-24 04:16:10,688 [862c3159-621e-4808-8fb5-192a2fed7743@group-557FB44D8093-LeaderElection14] INFO  server.RaftServerConfigKeys (ConfUtils.java:logGet(44)) - raft.server.watch.timeout = 180s (custom)
2022-04-24 04:16:10,688 [862c3159-621e-4808-8fb5-192a2fed7743@group-557FB44D8093-LeaderElection14] INFO  server.RaftServerConfigKeys (ConfUtils.java:logGet(44)) - raft.server.watch.timeout.denomination = 1s (default)
2022-04-24 04:16:10,688 [862c3159-621e-4808-8fb5-192a2fed7743@group-557FB44D8093-LeaderElection14] INFO  server.RaftServerConfigKeys (ConfUtils.java:logGet(44)) - raft.server.watch.element-limit = 65536 (default)
2022-04-24 04:16:10,688 [862c3159-621e-4808-8fb5-192a2fed7743@group-557FB44D8093-LeaderElection14] INFO  server.RaftServerConfigKeys (ConfUtils.java:logGet(44)) - raft.server.write.element-limit = 1024 (custom)
2022-04-24 04:16:10,688 [862c3159-621e-4808-8fb5-192a2fed7743@group-557FB44D8093-LeaderElection14] INFO  server.RaftServerConfigKeys (ConfUtils.java:logGet(44)) - raft.server.write.follower.gap.ratio.max = -1.0 (default)
2022-04-24 04:16:10,688 [grpc-default-executor-0] INFO  server.RaftServer$Division (RaftServerImpl.java:requestVote(1046)) - 895edd85-c017-4033-b7e9-810222bcedda@group-557FB44D8093: receive requestVote(ELECTION, 862c3159-621e-4808-8fb5-192a2fed7743, group-557FB44D8093, 1, (t:0, i:0))
2022-04-24 04:16:10,690 [grpc-default-executor-0] INFO  impl.VoteContext (VoteContext.java:log(48)) - 895edd85-c017-4033-b7e9-810222bcedda@group-557FB44D8093-FOLLOWER: accept ELECTION from 862c3159-621e-4808-8fb5-192a2fed7743: our priority 0 <= candidate's priority 1
2022-04-24 04:16:10,690 [grpc-default-executor-0] INFO  server.RaftServer$Division (RaftServerImpl.java:setRole(290)) - 895edd85-c017-4033-b7e9-810222bcedda@group-557FB44D8093: changes role from  FOLLOWER to FOLLOWER at term 1 for candidate:862c3159-621e-4808-8fb5-192a2fed7743
2022-04-24 04:16:10,690 [grpc-default-executor-0] INFO  impl.RoleInfo (RoleInfo.java:shutdownFollowerState(108)) - 895edd85-c017-4033-b7e9-810222bcedda: shutdown 895edd85-c017-4033-b7e9-810222bcedda@group-557FB44D8093-FollowerState
2022-04-24 04:16:10,690 [grpc-default-executor-0] INFO  impl.RoleInfo (RoleInfo.java:updateAndGet(130)) - 895edd85-c017-4033-b7e9-810222bcedda: start 895edd85-c017-4033-b7e9-810222bcedda@group-557FB44D8093-FollowerState
2022-04-24 04:16:10,690 [895edd85-c017-4033-b7e9-810222bcedda@group-557FB44D8093-FollowerState] INFO  impl.FollowerState (FollowerState.java:run(143)) - 895edd85-c017-4033-b7e9-810222bcedda@group-557FB44D8093-FollowerState was interrupted: {}
java.lang.InterruptedException: sleep interrupted
	at java.lang.Thread.sleep(Native Method)
	at java.lang.Thread.sleep(Thread.java:342)
	at java.util.concurrent.TimeUnit.sleep(TimeUnit.java:386)
	at org.apache.ratis.util.TimeDuration.sleep(TimeDuration.java:324)
	at org.apache.ratis.util.TimeDuration.sleep(TimeDuration.java:309)
	at org.apache.ratis.server.impl.FollowerState.run(FollowerState.java:118)
2022-04-24 04:16:10,688 [862c3159-621e-4808-8fb5-192a2fed7743@group-557FB44D8093-LeaderElection14] INFO  server.RaftServerConfigKeys (ConfUtils.java:logGet(44)) - raft.server.log.appender.snapshot.chunk.size.max = 16MB (=16777216) (default)
2022-04-24 04:16:10,699 [862c3159-621e-4808-8fb5-192a2fed7743@group-557FB44D8093-LeaderElection14] INFO  server.RaftServerConfigKeys (ConfUtils.java:logGet(44)) - raft.server.log.appender.buffer.byte-limit = 33554432 (custom)
2022-04-24 04:16:10,699 [862c3159-621e-4808-8fb5-192a2fed7743@group-557FB44D8093-LeaderElection14] INFO  server.RaftServerConfigKeys (ConfUtils.java:logGet(44)) - raft.server.log.appender.buffer.element-limit = 1 (custom)
2022-04-24 04:16:10,700 [862c3159-621e-4808-8fb5-192a2fed7743@group-557FB44D8093-LeaderElection14] INFO  grpc.GrpcConfigKeys (ConfUtils.java:logGet(44)) - raft.grpc.server.leader.outstanding.appends.max = 128 (default)
2022-04-24 04:16:10,700 [862c3159-621e-4808-8fb5-192a2fed7743@group-557FB44D8093-LeaderElection14] INFO  server.RaftServerConfigKeys (ConfUtils.java:logGet(44)) - raft.server.rpc.request.timeout = 60s (custom)
2022-04-24 04:16:10,700 [862c3159-621e-4808-8fb5-192a2fed7743@group-557FB44D8093-LeaderElection14] INFO  server.RaftServerConfigKeys (ConfUtils.java:logGet(44)) - raft.server.log.appender.install.snapshot.enabled = false (custom)
2022-04-24 04:16:10,699 [EventQueue-OpenPipelineForHealthyPipelineSafeModeRule] INFO  safemode.SCMSafeModeManager (HealthyPipelineSafeModeRule.java:process(124)) - SCM in safe mode. Healthy pipelines reported count is 0, required healthy pipeline reported count is 1
2022-04-24 04:16:10,699 [EventQueue-PipelineReportForPipelineReportHandler] INFO  pipeline.PipelineManagerImpl (PipelineManagerImpl.java:openPipeline(321)) - Pipeline Pipeline[ Id: f64d7104-b4d4-4a96-9fb6-557fb44d8093, Nodes: 1de514c8-4282-4370-a982-a3c391975046{ip: 10.1.0.15, host: fv-az50-870.grzltbmokehuzjyc5b133kdqgh.cx.internal.cloudapp.net, ports: [REPLICATION=43807, RATIS=35459, RATIS_ADMIN=35459, RATIS_SERVER=35459, STANDALONE=46095], networkLocation: /default-rack, certSerialId: null, persistedOpState: IN_SERVICE, persistedOpStateExpiryEpochSec: 0}862c3159-621e-4808-8fb5-192a2fed7743{ip: 10.1.0.15, host: fv-az50-870.grzltbmokehuzjyc5b133kdqgh.cx.internal.cloudapp.net, ports: [REPLICATION=38105, RATIS=38757, RATIS_ADMIN=38757, RATIS_SERVER=38757, STANDALONE=34309], networkLocation: /default-rack, certSerialId: null, persistedOpState: IN_SERVICE, persistedOpStateExpiryEpochSec: 0}895edd85-c017-4033-b7e9-810222bcedda{ip: 10.1.0.15, host: fv-az50-870.grzltbmokehuzjyc5b133kdqgh.cx.internal.cloudapp.net, ports: [REPLICATION=33499, RATIS=44303, RATIS_ADMIN=44303, RATIS_SERVER=44303, STANDALONE=37299], networkLocation: /default-rack, certSerialId: null, persistedOpState: IN_SERVICE, persistedOpStateExpiryEpochSec: 0}, ReplicationConfig: RATIS/THREE, State:ALLOCATED, leaderId:862c3159-621e-4808-8fb5-192a2fed7743, CreationTimestamp2022-04-24T04:16:02.696Z[Etc/UTC]] moved to OPEN state
2022-04-24 04:16:10,701 [EventQueue-OpenPipelineForHealthyPipelineSafeModeRule] INFO  safemode.SCMSafeModeManager (HealthyPipelineSafeModeRule.java:process(124)) - SCM in safe mode. Healthy pipelines reported count is 1, required healthy pipeline reported count is 1
2022-04-24 04:16:10,701 [EventQueue-OpenPipelineForHealthyPipelineSafeModeRule] INFO  safemode.SCMSafeModeManager (SCMSafeModeManager.java:validateSafeModeExitRules(204)) - HealthyPipelineSafeModeRule rule is successfully validated
2022-04-24 04:16:10,701 [EventQueue-OpenPipelineForHealthyPipelineSafeModeRule] INFO  safemode.SCMSafeModeManager (SCMSafeModeManager.java:validateSafeModeExitRules(219)) - ScmSafeModeManager, all rules are successfully validated
2022-04-24 04:16:10,701 [EventQueue-OpenPipelineForHealthyPipelineSafeModeRule] INFO  safemode.SCMSafeModeManager (SCMSafeModeManager.java:exitSafeMode(248)) - SCM exiting safe mode.
2022-04-24 04:16:10,701 [EventQueue-OpenPipelineForHealthyPipelineSafeModeRule] WARN  events.EventQueue (EventQueue.java:fireEvent(194)) - No event handler registered for event TypedEvent{payloadType=SafeModeStatus, name='Safe mode status'}
2022-04-24 04:16:10,701 [EventQueue-OpenPipelineForHealthyPipelineSafeModeRule] INFO  ha.SCMContext (SCMContext.java:updateSafeModeStatus(211)) - Update SafeModeStatus from SafeModeStatus{safeModeStatus=true, preCheckPassed=true} to SafeModeStatus{safeModeStatus=false, preCheckPassed=true}.
2022-04-24 04:16:10,701 [EventQueue-OpenPipelineForHealthyPipelineSafeModeRule] INFO  pipeline.BackgroundPipelineCreator (BackgroundPipelineCreator.java:notifyStatusChanged(263)) - Service BackgroundPipelineCreator transitions to RUNNING.
2022-04-24 04:16:10,701 [EventQueue-OpenPipelineForHealthyPipelineSafeModeRule] INFO  container.ReplicationManager (ReplicationManager.java:notifyStatusChanged(1815)) - Service ReplicationManager transitions to RUNNING.
2022-04-24 04:16:10,701 [grpc-default-executor-0] INFO  server.RaftServer$Division (RaftServerImpl.java:requestVote(1078)) - 895edd85-c017-4033-b7e9-810222bcedda@group-557FB44D8093 replies to ELECTION vote request: 862c3159-621e-4808-8fb5-192a2fed7743<-895edd85-c017-4033-b7e9-810222bcedda#0:OK-t1. Peer's state: 895edd85-c017-4033-b7e9-810222bcedda@group-557FB44D8093:t1, leader=null, voted=862c3159-621e-4808-8fb5-192a2fed7743, raftlog=895edd85-c017-4033-b7e9-810222bcedda@group-557FB44D8093-SegmentedRaftLog:OPENED:c-1, conf=-1: [1de514c8-4282-4370-a982-a3c391975046|rpc:10.1.0.15:35459|dataStream:|priority:0, 895edd85-c017-4033-b7e9-810222bcedda|rpc:10.1.0.15:44303|dataStream:|priority:0, 862c3159-621e-4808-8fb5-192a2fed7743|rpc:10.1.0.15:38757|dataStream:|priority:1], old=null
2022-04-24 04:16:10,710 [862c3159-621e-4808-8fb5-192a2fed7743@group-557FB44D8093-LeaderElection14] INFO  server.RaftServerConfigKeys (ConfUtils.java:logGet(44)) - raft.server.log.appender.snapshot.chunk.size.max = 16MB (=16777216) (default)
2022-04-24 04:16:10,710 [862c3159-621e-4808-8fb5-192a2fed7743@group-557FB44D8093-LeaderElection14] INFO  server.RaftServerConfigKeys (ConfUtils.java:logGet(44)) - raft.server.log.appender.buffer.byte-limit = 33554432 (custom)
2022-04-24 04:16:10,710 [862c3159-621e-4808-8fb5-192a2fed7743@group-557FB44D8093-LeaderElection14] INFO  server.RaftServerConfigKeys (ConfUtils.java:logGet(44)) - raft.server.log.appender.buffer.element-limit = 1 (custom)
2022-04-24 04:16:10,710 [862c3159-621e-4808-8fb5-192a2fed7743@group-557FB44D8093-LeaderElection14] INFO  grpc.GrpcConfigKeys (ConfUtils.java:logGet(44)) - raft.grpc.server.leader.outstanding.appends.max = 128 (default)
2022-04-24 04:16:10,710 [862c3159-621e-4808-8fb5-192a2fed7743@group-557FB44D8093-LeaderElection14] INFO  server.RaftServerConfigKeys (ConfUtils.java:logGet(44)) - raft.server.rpc.request.timeout = 60s (custom)
2022-04-24 04:16:10,710 [862c3159-621e-4808-8fb5-192a2fed7743@group-557FB44D8093-LeaderElection14] INFO  server.RaftServerConfigKeys (ConfUtils.java:logGet(44)) - raft.server.log.appender.install.snapshot.enabled = false (custom)
2022-04-24 04:16:10,711 [862c3159-621e-4808-8fb5-192a2fed7743@group-557FB44D8093-LeaderElection14] INFO  impl.RoleInfo (RoleInfo.java:updateAndGet(130)) - 862c3159-621e-4808-8fb5-192a2fed7743: start 862c3159-621e-4808-8fb5-192a2fed7743@group-557FB44D8093-LeaderStateImpl
2022-04-24 04:16:10,711 [862c3159-621e-4808-8fb5-192a2fed7743@group-557FB44D8093-LeaderElection14] INFO  segmented.SegmentedRaftLogWorker (SegmentedRaftLogWorker.java:startLogSegment(394)) - 862c3159-621e-4808-8fb5-192a2fed7743@group-557FB44D8093-SegmentedRaftLogWorker: Starting segment from index:0
2022-04-24 04:16:10,713 [862c3159-621e-4808-8fb5-192a2fed7743@group-557FB44D8093-SegmentedRaftLogWorker] INFO  segmented.SegmentedRaftLogWorker (SegmentedRaftLogWorker.java:execute(601)) - 862c3159-621e-4808-8fb5-192a2fed7743@group-557FB44D8093-SegmentedRaftLogWorker: created new log segment /home/runner/work/ozone/ozone/hadoop-ozone/integration-test/target/test-dir/MiniOzoneClusterImpl-e7da0ab5-4936-473d-8bac-46be260cf6da/datanode-0/data/ratis/f64d7104-b4d4-4a96-9fb6-557fb44d8093/current/log_inprogress_0
2022-04-24 04:16:10,781 [grpc-default-executor-1] INFO  ratis.XceiverServerRatis (XceiverServerRatis.java:handleLeaderChangedNotification(863)) - Leader change notification received for group: group-557FB44D8093 with new leaderId: 862c3159-621e-4808-8fb5-192a2fed7743
2022-04-24 04:16:10,781 [grpc-default-executor-1] INFO  server.RaftServer$Division (ServerState.java:setLeader(285)) - 895edd85-c017-4033-b7e9-810222bcedda@group-557FB44D8093: change Leader from null to 862c3159-621e-4808-8fb5-192a2fed7743 at term 1 for appendEntries, leader elected after 5018ms
2022-04-24 04:16:10,787 [862c3159-621e-4808-8fb5-192a2fed7743@group-557FB44D8093-LeaderElection14] INFO  server.RaftServer$Division (ServerState.java:setRaftConf(387)) - 862c3159-621e-4808-8fb5-192a2fed7743@group-557FB44D8093: set configuration 0: [1de514c8-4282-4370-a982-a3c391975046|rpc:10.1.0.15:35459|dataStream:|priority:0, 895edd85-c017-4033-b7e9-810222bcedda|rpc:10.1.0.15:44303|dataStream:|priority:0, 862c3159-621e-4808-8fb5-192a2fed7743|rpc:10.1.0.15:38757|dataStream:|priority:1], old=null
2022-04-24 04:16:10,797 [grpc-default-executor-0] INFO  ratis.XceiverServerRatis (XceiverServerRatis.java:handleLeaderChangedNotification(863)) - Leader change notification received for group: group-557FB44D8093 with new leaderId: 862c3159-621e-4808-8fb5-192a2fed7743
2022-04-24 04:16:10,797 [grpc-default-executor-0] INFO  server.RaftServer$Division (ServerState.java:setLeader(285)) - 1de514c8-4282-4370-a982-a3c391975046@group-557FB44D8093: change Leader from null to 862c3159-621e-4808-8fb5-192a2fed7743 at term 1 for appendEntries, leader elected after 5291ms
2022-04-24 04:16:10,823 [grpc-default-executor-0] INFO  server.RaftServer$Division (ServerState.java:setRaftConf(387)) - 1de514c8-4282-4370-a982-a3c391975046@group-557FB44D8093: set configuration 0: [1de514c8-4282-4370-a982-a3c391975046|rpc:10.1.0.15:35459|dataStream:|priority:0, 895edd85-c017-4033-b7e9-810222bcedda|rpc:10.1.0.15:44303|dataStream:|priority:0, 862c3159-621e-4808-8fb5-192a2fed7743|rpc:10.1.0.15:38757|dataStream:|priority:1], old=null
2022-04-24 04:16:10,823 [grpc-default-executor-0] INFO  segmented.SegmentedRaftLogWorker (SegmentedRaftLogWorker.java:startLogSegment(394)) - 1de514c8-4282-4370-a982-a3c391975046@group-557FB44D8093-SegmentedRaftLogWorker: Starting segment from index:0
2022-04-24 04:16:10,824 [grpc-default-executor-1] INFO  server.RaftServer$Division (ServerState.java:setRaftConf(387)) - 895edd85-c017-4033-b7e9-810222bcedda@group-557FB44D8093: set configuration 0: [1de514c8-4282-4370-a982-a3c391975046|rpc:10.1.0.15:35459|dataStream:|priority:0, 895edd85-c017-4033-b7e9-810222bcedda|rpc:10.1.0.15:44303|dataStream:|priority:0, 862c3159-621e-4808-8fb5-192a2fed7743|rpc:10.1.0.15:38757|dataStream:|priority:1], old=null
2022-04-24 04:16:10,825 [grpc-default-executor-1] INFO  segmented.SegmentedRaftLogWorker (SegmentedRaftLogWorker.java:startLogSegment(394)) - 895edd85-c017-4033-b7e9-810222bcedda@group-557FB44D8093-SegmentedRaftLogWorker: Starting segment from index:0
2022-04-24 04:16:10,826 [1de514c8-4282-4370-a982-a3c391975046@group-557FB44D8093-SegmentedRaftLogWorker] INFO  segmented.SegmentedRaftLogWorker (SegmentedRaftLogWorker.java:execute(601)) - 1de514c8-4282-4370-a982-a3c391975046@group-557FB44D8093-SegmentedRaftLogWorker: created new log segment /home/runner/work/ozone/ozone/hadoop-ozone/integration-test/target/test-dir/MiniOzoneClusterImpl-e7da0ab5-4936-473d-8bac-46be260cf6da/datanode-1/data/ratis/f64d7104-b4d4-4a96-9fb6-557fb44d8093/current/log_inprogress_0
2022-04-24 04:16:10,828 [895edd85-c017-4033-b7e9-810222bcedda@group-557FB44D8093-SegmentedRaftLogWorker] INFO  segmented.SegmentedRaftLogWorker (SegmentedRaftLogWorker.java:execute(601)) - 895edd85-c017-4033-b7e9-810222bcedda@group-557FB44D8093-SegmentedRaftLogWorker: created new log segment /home/runner/work/ozone/ozone/hadoop-ozone/integration-test/target/test-dir/MiniOzoneClusterImpl-e7da0ab5-4936-473d-8bac-46be260cf6da/datanode-2/data/ratis/f64d7104-b4d4-4a96-9fb6-557fb44d8093/current/log_inprogress_0
2022-04-24 04:16:10,874 [895edd85-c017-4033-b7e9-810222bcedda@group-74CE2D070D28-FollowerState] INFO  impl.FollowerState (FollowerState.java:run(134)) - 895edd85-c017-4033-b7e9-810222bcedda@group-74CE2D070D28-FollowerState: change to CANDIDATE, lastRpcElapsedTime:5147108990ns, electionTimeout:5118ms
2022-04-24 04:16:10,874 [895edd85-c017-4033-b7e9-810222bcedda@group-74CE2D070D28-FollowerState] INFO  impl.RoleInfo (RoleInfo.java:shutdownFollowerState(108)) - 895edd85-c017-4033-b7e9-810222bcedda: shutdown 895edd85-c017-4033-b7e9-810222bcedda@group-74CE2D070D28-FollowerState
2022-04-24 04:16:10,874 [895edd85-c017-4033-b7e9-810222bcedda@group-74CE2D070D28-FollowerState] INFO  server.RaftServer$Division (RaftServerImpl.java:setRole(290)) - 895edd85-c017-4033-b7e9-810222bcedda@group-74CE2D070D28: changes role from  FOLLOWER to CANDIDATE at term 0 for changeToCandidate
2022-04-24 04:16:10,874 [895edd85-c017-4033-b7e9-810222bcedda@group-74CE2D070D28-FollowerState] INFO  server.RaftServerConfigKeys (ConfUtils.java:logGet(44)) - raft.server.leaderelection.pre-vote = false (custom)
2022-04-24 04:16:10,874 [895edd85-c017-4033-b7e9-810222bcedda@group-74CE2D070D28-FollowerState] INFO  impl.RoleInfo (RoleInfo.java:updateAndGet(130)) - 895edd85-c017-4033-b7e9-810222bcedda: start 895edd85-c017-4033-b7e9-810222bcedda@group-74CE2D070D28-LeaderElection15
2022-04-24 04:16:10,878 [Listener at 127.0.0.1/40137] INFO  ozone.MiniOzoneClusterImpl (MiniOzoneClusterImpl.java:lambda$waitForClusterToBeReady$0(221)) - Nodes are ready. Got 5 of 5 DN Heartbeats.
2022-04-24 04:16:10,879 [Listener at 127.0.0.1/40137] INFO  ozone.MiniOzoneClusterImpl (MiniOzoneClusterImpl.java:lambda$waitForClusterToBeReady$0(224)) - Cluster exits safe mode
2022-04-24 04:16:10,879 [Listener at 127.0.0.1/40137] INFO  ozone.MiniOzoneClusterImpl (MiniOzoneClusterImpl.java:lambda$waitForClusterToBeReady$0(226)) - SCM became leader
2022-04-24 04:16:10,884 [895edd85-c017-4033-b7e9-810222bcedda@group-74CE2D070D28-LeaderElection15] INFO  impl.LeaderElection (LeaderElection.java:askForVotes(306)) - 895edd85-c017-4033-b7e9-810222bcedda@group-74CE2D070D28-LeaderElection15 ELECTION round 0: submit vote requests at term 1 for -1: [895edd85-c017-4033-b7e9-810222bcedda|rpc:10.1.0.15:44303|priority:1], old=null
2022-04-24 04:16:10,884 [895edd85-c017-4033-b7e9-810222bcedda@group-74CE2D070D28-LeaderElection15] INFO  impl.LeaderElection (LeaderElection.java:askForVotes(308)) - 895edd85-c017-4033-b7e9-810222bcedda@group-74CE2D070D28-LeaderElection15 ELECTION round 0: result PASSED (term=1)
2022-04-24 04:16:10,886 [895edd85-c017-4033-b7e9-810222bcedda@group-74CE2D070D28-LeaderElection15] INFO  impl.RoleInfo (RoleInfo.java:shutdownLeaderElection(121)) - 895edd85-c017-4033-b7e9-810222bcedda: shutdown 895edd85-c017-4033-b7e9-810222bcedda@group-74CE2D070D28-LeaderElection15
2022-04-24 04:16:10,886 [895edd85-c017-4033-b7e9-810222bcedda@group-74CE2D070D28-LeaderElection15] INFO  server.RaftServer$Division (RaftServerImpl.java:setRole(290)) - 895edd85-c017-4033-b7e9-810222bcedda@group-74CE2D070D28: changes role from CANDIDATE to LEADER at term 1 for changeToLeader
2022-04-24 04:16:10,886 [895edd85-c017-4033-b7e9-810222bcedda@group-74CE2D070D28-LeaderElection15] INFO  ratis.XceiverServerRatis (XceiverServerRatis.java:handleLeaderChangedNotification(863)) - Leader change notification received for group: group-74CE2D070D28 with new leaderId: 895edd85-c017-4033-b7e9-810222bcedda
2022-04-24 04:16:10,905 [895edd85-c017-4033-b7e9-810222bcedda@group-74CE2D070D28-LeaderElection15] INFO  server.RaftServer$Division (ServerState.java:setLeader(285)) - 895edd85-c017-4033-b7e9-810222bcedda@group-74CE2D070D28: change Leader from null to 895edd85-c017-4033-b7e9-810222bcedda at term 1 for becomeLeader, leader elected after 5183ms
2022-04-24 04:16:10,905 [895edd85-c017-4033-b7e9-810222bcedda@group-74CE2D070D28-LeaderElection15] INFO  server.RaftServerConfigKeys (ConfUtils.java:logGet(44)) - raft.server.staging.catchup.gap = 1000 (default)
2022-04-24 04:16:10,906 [895edd85-c017-4033-b7e9-810222bcedda@group-74CE2D070D28-LeaderElection15] INFO  server.RaftServerConfigKeys (ConfUtils.java:logGet(44)) - raft.server.write.element-limit = 1024 (custom)
2022-04-24 04:16:10,906 [895edd85-c017-4033-b7e9-810222bcedda@group-74CE2D070D28-LeaderElection15] INFO  server.RaftServerConfigKeys (ConfUtils.java:logGet(44)) - raft.server.write.byte-limit = 1024 M (=1073741824) (custom)
2022-04-24 04:16:10,906 [895edd85-c017-4033-b7e9-810222bcedda@group-74CE2D070D28-LeaderElection15] INFO  server.RaftServerConfigKeys (ConfUtils.java:logGet(44)) - raft.server.watch.timeout = 180s (custom)
2022-04-24 04:16:10,906 [895edd85-c017-4033-b7e9-810222bcedda@group-74CE2D070D28-LeaderElection15] INFO  server.RaftServerConfigKeys (ConfUtils.java:logGet(44)) - raft.server.watch.timeout.denomination = 1s (default)
2022-04-24 04:16:10,906 [895edd85-c017-4033-b7e9-810222bcedda@group-74CE2D070D28-LeaderElection15] INFO  server.RaftServerConfigKeys (ConfUtils.java:logGet(44)) - raft.server.watch.element-limit = 65536 (default)
2022-04-24 04:16:10,906 [895edd85-c017-4033-b7e9-810222bcedda@group-74CE2D070D28-LeaderElection15] INFO  server.RaftServerConfigKeys (ConfUtils.java:logGet(44)) - raft.server.write.element-limit = 1024 (custom)
2022-04-24 04:16:10,906 [895edd85-c017-4033-b7e9-810222bcedda@group-74CE2D070D28-LeaderElection15] INFO  server.RaftServerConfigKeys (ConfUtils.java:logGet(44)) - raft.server.write.follower.gap.ratio.max = -1.0 (default)
2022-04-24 04:16:10,906 [895edd85-c017-4033-b7e9-810222bcedda@group-74CE2D070D28-LeaderElection15] INFO  impl.RoleInfo (RoleInfo.java:updateAndGet(130)) - 895edd85-c017-4033-b7e9-810222bcedda: start 895edd85-c017-4033-b7e9-810222bcedda@group-74CE2D070D28-LeaderStateImpl
2022-04-24 04:16:10,906 [895edd85-c017-4033-b7e9-810222bcedda@group-74CE2D070D28-LeaderElection15] INFO  segmented.SegmentedRaftLogWorker (SegmentedRaftLogWorker.java:startLogSegment(394)) - 895edd85-c017-4033-b7e9-810222bcedda@group-74CE2D070D28-SegmentedRaftLogWorker: Starting segment from index:0
2022-04-24 04:16:10,908 [895edd85-c017-4033-b7e9-810222bcedda@group-74CE2D070D28-SegmentedRaftLogWorker] INFO  segmented.SegmentedRaftLogWorker (SegmentedRaftLogWorker.java:execute(601)) - 895edd85-c017-4033-b7e9-810222bcedda@group-74CE2D070D28-SegmentedRaftLogWorker: created new log segment /home/runner/work/ozone/ozone/hadoop-ozone/integration-test/target/test-dir/MiniOzoneClusterImpl-e7da0ab5-4936-473d-8bac-46be260cf6da/datanode-2/data/ratis/3cac7997-f105-407e-b190-74ce2d070d28/current/log_inprogress_0
2022-04-24 04:16:10,913 [895edd85-c017-4033-b7e9-810222bcedda@group-74CE2D070D28-LeaderElection15] INFO  server.RaftServer$Division (ServerState.java:setRaftConf(387)) - 895edd85-c017-4033-b7e9-810222bcedda@group-74CE2D070D28: set configuration 0: [895edd85-c017-4033-b7e9-810222bcedda|rpc:10.1.0.15:44303|dataStream:|priority:1], old=null
2022-04-24 04:16:11,021 [Listener at 127.0.0.1/40137] INFO  rpc.RpcClient (RpcClient.java:createVolume(448)) - Creating Volume: volume25603, with user60779 as owner and space quota set to -1 bytes, counts quota set to -1
2022-04-24 04:16:11,026 [IPC Server handler 4 on default port 40137] INFO  volume.OMVolumeCreateRequest (OMVolumeCreateRequest.java:validateAndUpdateCache(195)) - created volume:volume25603 for user:user60779
2022-04-24 04:16:11,044 [Listener at 127.0.0.1/40137] INFO  rpc.RpcClient (RpcClient.java:createBucket(637)) - Creating Bucket: volume25603/bucket32835, with runner as owner and Versioning false and Storage Type set to DISK and Encryption set to false 
2022-04-24 04:16:11,057 [IPC Server handler 12 on default port 40137] INFO  bucket.OMBucketCreateRequest (OMBucketCreateRequest.java:validateAndUpdateCache(258)) - created bucket: bucket32835 of layout LEGACY in volume: volume25603
]]></system-out>
  </testcase>
  <testcase name="testGetTrashRoot" classname="TestOzoneFileSystem" time="47.113">
    <system-out><![CDATA[2022-04-24 04:16:20,689 [Listener at 127.0.0.1/40137] INFO  ozone.MiniOzoneClusterImpl (MiniOzoneClusterImpl.java:shutdown(456)) - Shutting down the Mini Ozone Cluster
2022-04-24 04:16:20,690 [Listener at 127.0.0.1/40137] INFO  ozone.MiniOzoneClusterImpl (MiniOzoneClusterImpl.java:stop(471)) - Stopping the Mini Ozone Cluster
2022-04-24 04:16:20,690 [Listener at 127.0.0.1/40137] INFO  ozone.MiniOzoneClusterImpl (MiniOzoneClusterImpl.java:stopOM(553)) - Stopping the OzoneManager
2022-04-24 04:16:20,690 [Listener at 127.0.0.1/40137] INFO  om.OzoneManager (OzoneManager.java:stop(1898)) - om1[localhost:0]: Stopping Ozone Manager
2022-04-24 04:16:20,690 [Listener at 127.0.0.1/40137] INFO  ipc.Server (Server.java:stop(3414)) - Stopping server on 40137
2022-04-24 04:16:20,706 [IPC Server listener on 0] INFO  ipc.Server (Server.java:run(1376)) - Stopping IPC Server listener on 0
2022-04-24 04:16:20,706 [IPC Server Responder] INFO  ipc.Server (Server.java:run(1512)) - Stopping IPC Server Responder
2022-04-24 04:16:20,706 [Listener at 127.0.0.1/40137] INFO  ratis.OzoneManagerDoubleBuffer (OzoneManagerDoubleBuffer.java:stop(466)) - Stopping OMDoubleBuffer flush thread
2022-04-24 04:16:20,706 [OMDoubleBufferFlushThread] INFO  ratis.OzoneManagerDoubleBuffer (OzoneManagerDoubleBuffer.java:flushTransactions(385)) - OMDoubleBuffer flush thread OMDoubleBufferFlushThread is interrupted and will exit. OMDoubleBufferFlushThread
2022-04-24 04:16:20,715 [Listener at 127.0.0.1/40137] INFO  utils.BackgroundService (BackgroundService.java:shutdown(132)) - Shutting down service KeyDeletingService
2022-04-24 04:16:20,716 [Listener at 127.0.0.1/40137] INFO  utils.BackgroundService (BackgroundService.java:shutdown(132)) - Shutting down service DirectoryDeletingService
2022-04-24 04:16:20,717 [Listener at 127.0.0.1/40137] INFO  handler.ContextHandler (ContextHandler.java:doStop(1153)) - Stopped o.e.j.w.WebAppContext@420f8aa4{ozoneManager,/,null,STOPPED}{file:/home/runner/work/ozone/ozone/hadoop-ozone/integration-test/target/test-classes/webapps/ozoneManager}
2022-04-24 04:16:20,718 [Listener at 127.0.0.1/40137] INFO  server.AbstractConnector (AbstractConnector.java:doStop(381)) - Stopped ServerConnector@16972bc5{HTTP/1.1, (http/1.1)}{0.0.0.0:0}
2022-04-24 04:16:20,718 [Listener at 127.0.0.1/40137] INFO  server.session (HouseKeeper.java:stopScavenging(149)) - node0 Stopped scavenging
2022-04-24 04:16:20,718 [Listener at 127.0.0.1/40137] INFO  handler.ContextHandler (ContextHandler.java:doStop(1153)) - Stopped o.e.j.s.ServletContextHandler@fea99d7{static,/static,file:///home/runner/work/ozone/ozone/hadoop-ozone/integration-test/target/test-classes/webapps/static,STOPPED}
2022-04-24 04:16:20,718 [Listener at 127.0.0.1/40137] INFO  handler.ContextHandler (ContextHandler.java:doStop(1153)) - Stopped o.e.j.s.ServletContextHandler@5602ec5{logs,/logs,file:///home/runner/work/ozone/ozone/hadoop-ozone/integration-test/target/log,STOPPED}
2022-04-24 04:16:20,722 [Trash Emptier] ERROR om.TrashPolicyOzone (TrashPolicyOzone.java:run(251)) - Error attempting to shutdown
java.lang.InterruptedException
	at java.util.concurrent.locks.AbstractQueuedSynchronizer$ConditionObject.awaitNanos(AbstractQueuedSynchronizer.java:2067)
	at java.util.concurrent.ThreadPoolExecutor.awaitTermination(ThreadPoolExecutor.java:1475)
	at org.apache.hadoop.ozone.om.TrashPolicyOzone$Emptier.run(TrashPolicyOzone.java:249)
	at java.lang.Thread.run(Thread.java:750)
2022-04-24 04:16:20,722 [Trash Emptier] ERROR util.ExitUtils (ExitUtils.java:terminate(133)) - Terminating with exit status -1: Thread[Trash Emptier,5,main] has thrown an uncaught exception
java.lang.UnsupportedOperationException: fs.getUri() not implemented in TrashOzoneFileSystem
	at org.apache.hadoop.ozone.om.TrashOzoneFileSystem.getUri(TrashOzoneFileSystem.java:124)
	at org.apache.hadoop.fs.FileSystem.close(FileSystem.java:2592)
	at org.apache.hadoop.ozone.om.TrashPolicyOzone$Emptier.run(TrashPolicyOzone.java:243)
	at java.lang.Thread.run(Thread.java:750)
2022-04-24 04:16:20,749 [Listener at 127.0.0.1/40137] INFO  ozone.MiniOzoneClusterImpl (MiniOzoneClusterImpl.java:stopDatanodes(530)) - Stopping the HddsDatanodes
2022-04-24 04:16:25,617 [1de514c8-4282-4370-a982-a3c391975046@group-3FEA44E64FBE-FollowerState] INFO  impl.FollowerState (FollowerState.java:run(134)) - 1de514c8-4282-4370-a982-a3c391975046@group-3FEA44E64FBE-FollowerState: change to CANDIDATE, lastRpcElapsedTime:5090671509ns, electionTimeout:5056ms
2022-04-24 04:16:25,617 [1de514c8-4282-4370-a982-a3c391975046@group-3FEA44E64FBE-FollowerState] INFO  impl.RoleInfo (RoleInfo.java:shutdownFollowerState(108)) - 1de514c8-4282-4370-a982-a3c391975046: shutdown 1de514c8-4282-4370-a982-a3c391975046@group-3FEA44E64FBE-FollowerState
2022-04-24 04:16:25,617 [1de514c8-4282-4370-a982-a3c391975046@group-3FEA44E64FBE-FollowerState] INFO  server.RaftServer$Division (RaftServerImpl.java:setRole(290)) - 1de514c8-4282-4370-a982-a3c391975046@group-3FEA44E64FBE: changes role from  FOLLOWER to CANDIDATE at term 3 for changeToCandidate
2022-04-24 04:16:25,617 [1de514c8-4282-4370-a982-a3c391975046@group-3FEA44E64FBE-FollowerState] INFO  server.RaftServerConfigKeys (ConfUtils.java:logGet(44)) - raft.server.leaderelection.pre-vote = false (custom)
2022-04-24 04:16:25,617 [1de514c8-4282-4370-a982-a3c391975046@group-3FEA44E64FBE-FollowerState] INFO  impl.RoleInfo (RoleInfo.java:updateAndGet(130)) - 1de514c8-4282-4370-a982-a3c391975046: start 1de514c8-4282-4370-a982-a3c391975046@group-3FEA44E64FBE-LeaderElection23
2022-04-24 04:16:25,633 [1de514c8-4282-4370-a982-a3c391975046@group-3FEA44E64FBE-LeaderElection23] INFO  impl.LeaderElection (LeaderElection.java:askForVotes(306)) - 1de514c8-4282-4370-a982-a3c391975046@group-3FEA44E64FBE-LeaderElection23 ELECTION round 0: submit vote requests at term 4 for -1: [1de514c8-4282-4370-a982-a3c391975046|rpc:10.1.0.15:35459|dataStream:|priority:0, 895edd85-c017-4033-b7e9-810222bcedda|rpc:10.1.0.15:44303|dataStream:|priority:1, 862c3159-621e-4808-8fb5-192a2fed7743|rpc:10.1.0.15:38757|dataStream:|priority:0], old=null
2022-04-24 04:16:25,654 [grpc-default-executor-0] INFO  server.RaftServer$Division (RaftServerImpl.java:requestVote(1046)) - 895edd85-c017-4033-b7e9-810222bcedda@group-3FEA44E64FBE: receive requestVote(ELECTION, 1de514c8-4282-4370-a982-a3c391975046, group-3FEA44E64FBE, 4, (t:0, i:0))
2022-04-24 04:16:25,654 [grpc-default-executor-0] INFO  impl.VoteContext (VoteContext.java:log(48)) - 895edd85-c017-4033-b7e9-810222bcedda@group-3FEA44E64FBE-FOLLOWER: reject ELECTION from 1de514c8-4282-4370-a982-a3c391975046: our priority 1 > candidate's priority 0
2022-04-24 04:16:25,654 [grpc-default-executor-0] INFO  server.RaftServer$Division (RaftServerImpl.java:setRole(290)) - 895edd85-c017-4033-b7e9-810222bcedda@group-3FEA44E64FBE: changes role from  FOLLOWER to FOLLOWER at term 4 for candidate:1de514c8-4282-4370-a982-a3c391975046
2022-04-24 04:16:25,654 [grpc-default-executor-0] INFO  impl.RoleInfo (RoleInfo.java:shutdownFollowerState(108)) - 895edd85-c017-4033-b7e9-810222bcedda: shutdown 895edd85-c017-4033-b7e9-810222bcedda@group-3FEA44E64FBE-FollowerState
2022-04-24 04:16:25,654 [grpc-default-executor-0] INFO  impl.RoleInfo (RoleInfo.java:updateAndGet(130)) - 895edd85-c017-4033-b7e9-810222bcedda: start 895edd85-c017-4033-b7e9-810222bcedda@group-3FEA44E64FBE-FollowerState
2022-04-24 04:16:25,654 [895edd85-c017-4033-b7e9-810222bcedda@group-3FEA44E64FBE-FollowerState] INFO  impl.FollowerState (FollowerState.java:run(143)) - 895edd85-c017-4033-b7e9-810222bcedda@group-3FEA44E64FBE-FollowerState was interrupted: {}
java.lang.InterruptedException: sleep interrupted
	at java.lang.Thread.sleep(Native Method)
	at java.lang.Thread.sleep(Thread.java:342)
	at java.util.concurrent.TimeUnit.sleep(TimeUnit.java:386)
	at org.apache.ratis.util.TimeDuration.sleep(TimeDuration.java:324)
	at org.apache.ratis.util.TimeDuration.sleep(TimeDuration.java:309)
	at org.apache.ratis.server.impl.FollowerState.run(FollowerState.java:118)
2022-04-24 04:16:25,656 [grpc-default-executor-0] INFO  server.RaftServer$Division (RaftServerImpl.java:requestVote(1078)) - 895edd85-c017-4033-b7e9-810222bcedda@group-3FEA44E64FBE replies to ELECTION vote request: 1de514c8-4282-4370-a982-a3c391975046<-895edd85-c017-4033-b7e9-810222bcedda#0:FAIL-t4. Peer's state: 895edd85-c017-4033-b7e9-810222bcedda@group-3FEA44E64FBE:t4, leader=null, voted=null, raftlog=895edd85-c017-4033-b7e9-810222bcedda@group-3FEA44E64FBE-SegmentedRaftLog:OPENED:c-1, conf=-1: [1de514c8-4282-4370-a982-a3c391975046|rpc:10.1.0.15:35459|dataStream:|priority:0, 895edd85-c017-4033-b7e9-810222bcedda|rpc:10.1.0.15:44303|dataStream:|priority:1, 862c3159-621e-4808-8fb5-192a2fed7743|rpc:10.1.0.15:38757|dataStream:|priority:0], old=null
2022-04-24 04:16:25,667 [1de514c8-4282-4370-a982-a3c391975046@group-3FEA44E64FBE-LeaderElection23] INFO  impl.LeaderElection (LeaderElection.java:logAndReturn(89)) - 1de514c8-4282-4370-a982-a3c391975046@group-3FEA44E64FBE-LeaderElection23: ELECTION REJECTED received 1 response(s) and 0 exception(s):
2022-04-24 04:16:25,667 [1de514c8-4282-4370-a982-a3c391975046@group-3FEA44E64FBE-LeaderElection23] INFO  impl.LeaderElection (LeaderElection.java:logAndReturn(93)) -   Response 0: 1de514c8-4282-4370-a982-a3c391975046<-895edd85-c017-4033-b7e9-810222bcedda#0:FAIL-t4
2022-04-24 04:16:25,667 [1de514c8-4282-4370-a982-a3c391975046@group-3FEA44E64FBE-LeaderElection23] INFO  impl.LeaderElection (LeaderElection.java:askForVotes(308)) - 1de514c8-4282-4370-a982-a3c391975046@group-3FEA44E64FBE-LeaderElection23 ELECTION round 0: result REJECTED
2022-04-24 04:16:25,667 [1de514c8-4282-4370-a982-a3c391975046@group-3FEA44E64FBE-LeaderElection23] INFO  server.RaftServer$Division (RaftServerImpl.java:setRole(290)) - 1de514c8-4282-4370-a982-a3c391975046@group-3FEA44E64FBE: changes role from CANDIDATE to FOLLOWER at term 4 for REJECTED
2022-04-24 04:16:25,667 [1de514c8-4282-4370-a982-a3c391975046@group-3FEA44E64FBE-LeaderElection23] INFO  impl.RoleInfo (RoleInfo.java:shutdownLeaderElection(121)) - 1de514c8-4282-4370-a982-a3c391975046: shutdown 1de514c8-4282-4370-a982-a3c391975046@group-3FEA44E64FBE-LeaderElection23
2022-04-24 04:16:25,667 [1de514c8-4282-4370-a982-a3c391975046@group-3FEA44E64FBE-LeaderElection23] INFO  impl.RoleInfo (RoleInfo.java:updateAndGet(130)) - 1de514c8-4282-4370-a982-a3c391975046: start 1de514c8-4282-4370-a982-a3c391975046@group-3FEA44E64FBE-FollowerState
2022-04-24 04:16:25,693 [grpc-default-executor-0] INFO  server.RaftServer$Division (RaftServerImpl.java:requestVote(1046)) - 862c3159-621e-4808-8fb5-192a2fed7743@group-3FEA44E64FBE: receive requestVote(ELECTION, 1de514c8-4282-4370-a982-a3c391975046, group-3FEA44E64FBE, 4, (t:0, i:0))
2022-04-24 04:16:25,701 [grpc-default-executor-0] INFO  impl.VoteContext (VoteContext.java:log(48)) - 862c3159-621e-4808-8fb5-192a2fed7743@group-3FEA44E64FBE-FOLLOWER: accept ELECTION from 1de514c8-4282-4370-a982-a3c391975046: our priority 0 <= candidate's priority 0
2022-04-24 04:16:25,701 [grpc-default-executor-0] INFO  server.RaftServer$Division (RaftServerImpl.java:setRole(290)) - 862c3159-621e-4808-8fb5-192a2fed7743@group-3FEA44E64FBE: changes role from  FOLLOWER to FOLLOWER at term 4 for candidate:1de514c8-4282-4370-a982-a3c391975046
2022-04-24 04:16:25,701 [grpc-default-executor-0] INFO  impl.RoleInfo (RoleInfo.java:shutdownFollowerState(108)) - 862c3159-621e-4808-8fb5-192a2fed7743: shutdown 862c3159-621e-4808-8fb5-192a2fed7743@group-3FEA44E64FBE-FollowerState
2022-04-24 04:16:25,701 [grpc-default-executor-0] INFO  impl.RoleInfo (RoleInfo.java:updateAndGet(130)) - 862c3159-621e-4808-8fb5-192a2fed7743: start 862c3159-621e-4808-8fb5-192a2fed7743@group-3FEA44E64FBE-FollowerState
2022-04-24 04:16:25,701 [862c3159-621e-4808-8fb5-192a2fed7743@group-3FEA44E64FBE-FollowerState] INFO  impl.FollowerState (FollowerState.java:run(143)) - 862c3159-621e-4808-8fb5-192a2fed7743@group-3FEA44E64FBE-FollowerState was interrupted: {}
java.lang.InterruptedException: sleep interrupted
	at java.lang.Thread.sleep(Native Method)
	at java.lang.Thread.sleep(Thread.java:342)
	at java.util.concurrent.TimeUnit.sleep(TimeUnit.java:386)
	at org.apache.ratis.util.TimeDuration.sleep(TimeDuration.java:324)
	at org.apache.ratis.util.TimeDuration.sleep(TimeDuration.java:309)
	at org.apache.ratis.server.impl.FollowerState.run(FollowerState.java:118)
2022-04-24 04:16:25,703 [grpc-default-executor-0] INFO  server.RaftServer$Division (RaftServerImpl.java:requestVote(1078)) - 862c3159-621e-4808-8fb5-192a2fed7743@group-3FEA44E64FBE replies to ELECTION vote request: 1de514c8-4282-4370-a982-a3c391975046<-862c3159-621e-4808-8fb5-192a2fed7743#0:OK-t4. Peer's state: 862c3159-621e-4808-8fb5-192a2fed7743@group-3FEA44E64FBE:t4, leader=null, voted=1de514c8-4282-4370-a982-a3c391975046, raftlog=862c3159-621e-4808-8fb5-192a2fed7743@group-3FEA44E64FBE-SegmentedRaftLog:OPENED:c-1, conf=-1: [1de514c8-4282-4370-a982-a3c391975046|rpc:10.1.0.15:35459|priority:0, 895edd85-c017-4033-b7e9-810222bcedda|rpc:10.1.0.15:44303|priority:1, 862c3159-621e-4808-8fb5-192a2fed7743|rpc:10.1.0.15:38757|priority:0], old=null
2022-04-24 04:16:25,750 [Listener at 127.0.0.1/40137] INFO  ozoneimpl.OzoneContainer (OzoneContainer.java:stop(356)) - Attempting to stop container services.
2022-04-24 04:16:25,751 [ForkJoinPool.commonPool-worker-1] INFO  ozoneimpl.OzoneContainer (OzoneContainer.java:stop(356)) - Attempting to stop container services.
2022-04-24 04:16:25,753 [ForkJoinPool.commonPool-worker-1] INFO  server.RaftServer (RaftServerProxy.java:lambda$close$6(391)) - 1de514c8-4282-4370-a982-a3c391975046: close
2022-04-24 04:16:25,753 [ForkJoinPool.commonPool-worker-1] INFO  server.RaftServer$Division (RaftServerImpl.java:lambda$close$4(412)) - 1de514c8-4282-4370-a982-a3c391975046@group-557FB44D8093: shutdown
2022-04-24 04:16:25,753 [ForkJoinPool.commonPool-worker-1] INFO  util.JmxRegister (JmxRegister.java:unregister(73)) - Successfully un-registered JMX Bean with object name Ratis:service=RaftServer,group=group-557FB44D8093,id=1de514c8-4282-4370-a982-a3c391975046
2022-04-24 04:16:25,753 [ForkJoinPool.commonPool-worker-1] INFO  impl.RoleInfo (RoleInfo.java:shutdownFollowerState(108)) - 1de514c8-4282-4370-a982-a3c391975046: shutdown 1de514c8-4282-4370-a982-a3c391975046@group-557FB44D8093-FollowerState
2022-04-24 04:16:25,753 [ForkJoinPool.commonPool-worker-1] INFO  impl.StateMachineUpdater (StateMachineUpdater.java:stopAndJoin(149)) - 1de514c8-4282-4370-a982-a3c391975046@group-557FB44D8093-StateMachineUpdater: set stopIndex = 30
2022-04-24 04:16:25,753 [1de514c8-4282-4370-a982-a3c391975046@group-557FB44D8093-FollowerState] INFO  impl.FollowerState (FollowerState.java:run(143)) - 1de514c8-4282-4370-a982-a3c391975046@group-557FB44D8093-FollowerState was interrupted: {}
java.lang.InterruptedException: sleep interrupted
	at java.lang.Thread.sleep(Native Method)
	at java.lang.Thread.sleep(Thread.java:342)
	at java.util.concurrent.TimeUnit.sleep(TimeUnit.java:386)
	at org.apache.ratis.util.TimeDuration.sleep(TimeDuration.java:324)
	at org.apache.ratis.util.TimeDuration.sleep(TimeDuration.java:309)
	at org.apache.ratis.server.impl.FollowerState.run(FollowerState.java:118)
2022-04-24 04:16:25,753 [1de514c8-4282-4370-a982-a3c391975046@group-557FB44D8093-StateMachineUpdater] INFO  ratis.ContainerStateMachine (ContainerStateMachine.java:takeSnapshot(304)) - group-557FB44D8093: Taking a snapshot at:(t:1, i:30) file /home/runner/work/ozone/ozone/hadoop-ozone/integration-test/target/test-dir/MiniOzoneClusterImpl-e7da0ab5-4936-473d-8bac-46be260cf6da/datanode-1/data/ratis/f64d7104-b4d4-4a96-9fb6-557fb44d8093/sm/snapshot.1_30
2022-04-24 04:16:25,756 [Listener at 127.0.0.1/40137] INFO  server.RaftServer (RaftServerProxy.java:lambda$close$6(391)) - 895edd85-c017-4033-b7e9-810222bcedda: close
2022-04-24 04:16:25,758 [Listener at 127.0.0.1/40137] INFO  server.RaftServer$Division (RaftServerImpl.java:lambda$close$4(412)) - 895edd85-c017-4033-b7e9-810222bcedda@group-74CE2D070D28: shutdown
2022-04-24 04:16:25,758 [Listener at 127.0.0.1/40137] INFO  util.JmxRegister (JmxRegister.java:unregister(73)) - Successfully un-registered JMX Bean with object name Ratis:service=RaftServer,group=group-74CE2D070D28,id=895edd85-c017-4033-b7e9-810222bcedda
2022-04-24 04:16:25,759 [Listener at 127.0.0.1/40137] INFO  impl.RoleInfo (RoleInfo.java:shutdownLeaderState(91)) - 895edd85-c017-4033-b7e9-810222bcedda: shutdown 895edd85-c017-4033-b7e9-810222bcedda@group-74CE2D070D28-LeaderStateImpl
2022-04-24 04:16:25,759 [Listener at 127.0.0.1/40137] INFO  impl.PendingRequests (PendingRequests.java:sendNotLeaderResponses(282)) - 895edd85-c017-4033-b7e9-810222bcedda@group-74CE2D070D28-PendingRequests: sendNotLeaderResponses
2022-04-24 04:16:25,759 [Listener at 127.0.0.1/40137] INFO  impl.StateMachineUpdater (StateMachineUpdater.java:stopAndJoin(149)) - 895edd85-c017-4033-b7e9-810222bcedda@group-74CE2D070D28-StateMachineUpdater: set stopIndex = 0
2022-04-24 04:16:25,760 [895edd85-c017-4033-b7e9-810222bcedda@group-74CE2D070D28-StateMachineUpdater] INFO  ratis.ContainerStateMachine (ContainerStateMachine.java:takeSnapshot(304)) - group-74CE2D070D28: Taking a snapshot at:(t:1, i:0) file /home/runner/work/ozone/ozone/hadoop-ozone/integration-test/target/test-dir/MiniOzoneClusterImpl-e7da0ab5-4936-473d-8bac-46be260cf6da/datanode-2/data/ratis/3cac7997-f105-407e-b190-74ce2d070d28/sm/snapshot.1_0
2022-04-24 04:16:25,760 [1de514c8-4282-4370-a982-a3c391975046@group-557FB44D8093-StateMachineUpdater] INFO  ratis.ContainerStateMachine (ContainerStateMachine.java:takeSnapshot(315)) - group-557FB44D8093: Finished taking a snapshot at:(t:1, i:30) file:/home/runner/work/ozone/ozone/hadoop-ozone/integration-test/target/test-dir/MiniOzoneClusterImpl-e7da0ab5-4936-473d-8bac-46be260cf6da/datanode-1/data/ratis/f64d7104-b4d4-4a96-9fb6-557fb44d8093/sm/snapshot.1_30 took: 7 ms
2022-04-24 04:16:25,760 [895edd85-c017-4033-b7e9-810222bcedda@group-74CE2D070D28-StateMachineUpdater] INFO  ratis.ContainerStateMachine (ContainerStateMachine.java:takeSnapshot(315)) - group-74CE2D070D28: Finished taking a snapshot at:(t:1, i:0) file:/home/runner/work/ozone/ozone/hadoop-ozone/integration-test/target/test-dir/MiniOzoneClusterImpl-e7da0ab5-4936-473d-8bac-46be260cf6da/datanode-2/data/ratis/3cac7997-f105-407e-b190-74ce2d070d28/sm/snapshot.1_0 took: 1 ms
2022-04-24 04:16:25,760 [1de514c8-4282-4370-a982-a3c391975046@group-557FB44D8093-StateMachineUpdater] INFO  impl.StateMachineUpdater (StateMachineUpdater.java:takeSnapshot(281)) - 1de514c8-4282-4370-a982-a3c391975046@group-557FB44D8093-StateMachineUpdater: Took a snapshot at index 30
2022-04-24 04:16:25,760 [1de514c8-4282-4370-a982-a3c391975046@group-557FB44D8093-StateMachineUpdater] INFO  impl.StateMachineUpdater (StateMachineUpdater.java:lambda$new$0(89)) - 1de514c8-4282-4370-a982-a3c391975046@group-557FB44D8093-StateMachineUpdater: snapshotIndex: updateIncreasingly -1 -> 30
2022-04-24 04:16:25,761 [895edd85-c017-4033-b7e9-810222bcedda@group-74CE2D070D28-StateMachineUpdater] INFO  impl.StateMachineUpdater (StateMachineUpdater.java:takeSnapshot(281)) - 895edd85-c017-4033-b7e9-810222bcedda@group-74CE2D070D28-StateMachineUpdater: Took a snapshot at index 0
2022-04-24 04:16:25,761 [895edd85-c017-4033-b7e9-810222bcedda@group-74CE2D070D28-StateMachineUpdater] INFO  impl.StateMachineUpdater (StateMachineUpdater.java:lambda$new$0(89)) - 895edd85-c017-4033-b7e9-810222bcedda@group-74CE2D070D28-StateMachineUpdater: snapshotIndex: updateIncreasingly -1 -> 0
2022-04-24 04:16:25,761 [ForkJoinPool.commonPool-worker-1] INFO  server.RaftServer$Division (ServerState.java:close(419)) - 1de514c8-4282-4370-a982-a3c391975046@group-557FB44D8093: closes. applyIndex: 30
2022-04-24 04:16:25,761 [1de514c8-4282-4370-a982-a3c391975046@group-557FB44D8093-SegmentedRaftLogWorker] INFO  segmented.SegmentedRaftLogWorker (SegmentedRaftLogWorker.java:run(327)) - 1de514c8-4282-4370-a982-a3c391975046@group-557FB44D8093-SegmentedRaftLogWorker was interrupted, exiting. There are 0 tasks remaining in the queue.
2022-04-24 04:16:25,762 [Listener at 127.0.0.1/40137] INFO  server.RaftServer$Division (ServerState.java:close(419)) - 895edd85-c017-4033-b7e9-810222bcedda@group-74CE2D070D28: closes. applyIndex: 0
2022-04-24 04:16:25,764 [ForkJoinPool.commonPool-worker-1] INFO  segmented.SegmentedRaftLogWorker (SegmentedRaftLogWorker.java:close(237)) - 1de514c8-4282-4370-a982-a3c391975046@group-557FB44D8093-SegmentedRaftLogWorker close()
2022-04-24 04:16:25,765 [ForkJoinPool.commonPool-worker-1] INFO  server.RaftServer$Division (RaftServerImpl.java:lambda$close$4(412)) - 1de514c8-4282-4370-a982-a3c391975046@group-3FEA44E64FBE: shutdown
2022-04-24 04:16:25,766 [ForkJoinPool.commonPool-worker-1] INFO  util.JmxRegister (JmxRegister.java:unregister(73)) - Successfully un-registered JMX Bean with object name Ratis:service=RaftServer,group=group-3FEA44E64FBE,id=1de514c8-4282-4370-a982-a3c391975046
2022-04-24 04:16:25,766 [ForkJoinPool.commonPool-worker-1] INFO  impl.RoleInfo (RoleInfo.java:shutdownFollowerState(108)) - 1de514c8-4282-4370-a982-a3c391975046: shutdown 1de514c8-4282-4370-a982-a3c391975046@group-3FEA44E64FBE-FollowerState
2022-04-24 04:16:25,766 [895edd85-c017-4033-b7e9-810222bcedda@group-74CE2D070D28-SegmentedRaftLogWorker] INFO  segmented.SegmentedRaftLogWorker (SegmentedRaftLogWorker.java:run(327)) - 895edd85-c017-4033-b7e9-810222bcedda@group-74CE2D070D28-SegmentedRaftLogWorker was interrupted, exiting. There are 0 tasks remaining in the queue.
2022-04-24 04:16:25,767 [ForkJoinPool.commonPool-worker-1] INFO  impl.StateMachineUpdater (StateMachineUpdater.java:stopAndJoin(149)) - 1de514c8-4282-4370-a982-a3c391975046@group-3FEA44E64FBE-StateMachineUpdater: set stopIndex = -1
2022-04-24 04:16:25,767 [1de514c8-4282-4370-a982-a3c391975046@group-3FEA44E64FBE-FollowerState] INFO  impl.FollowerState (FollowerState.java:run(143)) - 1de514c8-4282-4370-a982-a3c391975046@group-3FEA44E64FBE-FollowerState was interrupted: {}
java.lang.InterruptedException: sleep interrupted
	at java.lang.Thread.sleep(Native Method)
	at java.lang.Thread.sleep(Thread.java:342)
	at java.util.concurrent.TimeUnit.sleep(TimeUnit.java:386)
	at org.apache.ratis.util.TimeDuration.sleep(TimeDuration.java:324)
	at org.apache.ratis.util.TimeDuration.sleep(TimeDuration.java:309)
	at org.apache.ratis.server.impl.FollowerState.run(FollowerState.java:118)
2022-04-24 04:16:25,768 [ForkJoinPool.commonPool-worker-1] INFO  server.RaftServer$Division (ServerState.java:close(419)) - 1de514c8-4282-4370-a982-a3c391975046@group-3FEA44E64FBE: closes. applyIndex: -1
2022-04-24 04:16:25,778 [1de514c8-4282-4370-a982-a3c391975046@group-3FEA44E64FBE-SegmentedRaftLogWorker] INFO  segmented.SegmentedRaftLogWorker (SegmentedRaftLogWorker.java:run(327)) - 1de514c8-4282-4370-a982-a3c391975046@group-3FEA44E64FBE-SegmentedRaftLogWorker was interrupted, exiting. There are 0 tasks remaining in the queue.
2022-04-24 04:16:25,778 [ForkJoinPool.commonPool-worker-1] INFO  segmented.SegmentedRaftLogWorker (SegmentedRaftLogWorker.java:close(237)) - 1de514c8-4282-4370-a982-a3c391975046@group-3FEA44E64FBE-SegmentedRaftLogWorker close()
2022-04-24 04:16:25,767 [Listener at 127.0.0.1/40137] INFO  segmented.SegmentedRaftLogWorker (SegmentedRaftLogWorker.java:close(237)) - 895edd85-c017-4033-b7e9-810222bcedda@group-74CE2D070D28-SegmentedRaftLogWorker close()
2022-04-24 04:16:25,789 [ForkJoinPool.commonPool-worker-1] INFO  server.RaftServer$Division (RaftServerImpl.java:lambda$close$4(412)) - 1de514c8-4282-4370-a982-a3c391975046@group-94E7C9A85208: shutdown
2022-04-24 04:16:25,789 [ForkJoinPool.commonPool-worker-1] INFO  util.JmxRegister (JmxRegister.java:unregister(73)) - Successfully un-registered JMX Bean with object name Ratis:service=RaftServer,group=group-94E7C9A85208,id=1de514c8-4282-4370-a982-a3c391975046
2022-04-24 04:16:25,789 [ForkJoinPool.commonPool-worker-1] INFO  impl.RoleInfo (RoleInfo.java:shutdownLeaderState(91)) - 1de514c8-4282-4370-a982-a3c391975046: shutdown 1de514c8-4282-4370-a982-a3c391975046@group-94E7C9A85208-LeaderStateImpl
2022-04-24 04:16:25,789 [ForkJoinPool.commonPool-worker-1] INFO  impl.PendingRequests (PendingRequests.java:sendNotLeaderResponses(282)) - 1de514c8-4282-4370-a982-a3c391975046@group-94E7C9A85208-PendingRequests: sendNotLeaderResponses
2022-04-24 04:16:25,790 [ForkJoinPool.commonPool-worker-1] INFO  impl.StateMachineUpdater (StateMachineUpdater.java:stopAndJoin(149)) - 1de514c8-4282-4370-a982-a3c391975046@group-94E7C9A85208-StateMachineUpdater: set stopIndex = 0
2022-04-24 04:16:25,790 [1de514c8-4282-4370-a982-a3c391975046@group-94E7C9A85208-StateMachineUpdater] INFO  ratis.ContainerStateMachine (ContainerStateMachine.java:takeSnapshot(304)) - group-94E7C9A85208: Taking a snapshot at:(t:1, i:0) file /home/runner/work/ozone/ozone/hadoop-ozone/integration-test/target/test-dir/MiniOzoneClusterImpl-e7da0ab5-4936-473d-8bac-46be260cf6da/datanode-1/data/ratis/93ce1baf-e889-42ab-8c0a-94e7c9a85208/sm/snapshot.1_0
2022-04-24 04:16:25,789 [Listener at 127.0.0.1/40137] INFO  server.RaftServer$Division (RaftServerImpl.java:lambda$close$4(412)) - 895edd85-c017-4033-b7e9-810222bcedda@group-557FB44D8093: shutdown
2022-04-24 04:16:25,793 [Listener at 127.0.0.1/40137] INFO  util.JmxRegister (JmxRegister.java:unregister(73)) - Successfully un-registered JMX Bean with object name Ratis:service=RaftServer,group=group-557FB44D8093,id=895edd85-c017-4033-b7e9-810222bcedda
2022-04-24 04:16:25,793 [Listener at 127.0.0.1/40137] INFO  impl.RoleInfo (RoleInfo.java:shutdownFollowerState(108)) - 895edd85-c017-4033-b7e9-810222bcedda: shutdown 895edd85-c017-4033-b7e9-810222bcedda@group-557FB44D8093-FollowerState
2022-04-24 04:16:25,793 [Listener at 127.0.0.1/40137] INFO  impl.StateMachineUpdater (StateMachineUpdater.java:stopAndJoin(149)) - 895edd85-c017-4033-b7e9-810222bcedda@group-557FB44D8093-StateMachineUpdater: set stopIndex = 30
2022-04-24 04:16:25,794 [895edd85-c017-4033-b7e9-810222bcedda@group-557FB44D8093-FollowerState] INFO  impl.FollowerState (FollowerState.java:run(143)) - 895edd85-c017-4033-b7e9-810222bcedda@group-557FB44D8093-FollowerState was interrupted: {}
java.lang.InterruptedException: sleep interrupted
	at java.lang.Thread.sleep(Native Method)
	at java.lang.Thread.sleep(Thread.java:342)
	at java.util.concurrent.TimeUnit.sleep(TimeUnit.java:386)
	at org.apache.ratis.util.TimeDuration.sleep(TimeDuration.java:324)
	at org.apache.ratis.util.TimeDuration.sleep(TimeDuration.java:309)
	at org.apache.ratis.server.impl.FollowerState.run(FollowerState.java:118)
2022-04-24 04:16:25,794 [895edd85-c017-4033-b7e9-810222bcedda@group-557FB44D8093-StateMachineUpdater] INFO  ratis.ContainerStateMachine (ContainerStateMachine.java:takeSnapshot(304)) - group-557FB44D8093: Taking a snapshot at:(t:1, i:30) file /home/runner/work/ozone/ozone/hadoop-ozone/integration-test/target/test-dir/MiniOzoneClusterImpl-e7da0ab5-4936-473d-8bac-46be260cf6da/datanode-2/data/ratis/f64d7104-b4d4-4a96-9fb6-557fb44d8093/sm/snapshot.1_30
2022-04-24 04:16:25,795 [895edd85-c017-4033-b7e9-810222bcedda@group-557FB44D8093-StateMachineUpdater] INFO  ratis.ContainerStateMachine (ContainerStateMachine.java:takeSnapshot(315)) - group-557FB44D8093: Finished taking a snapshot at:(t:1, i:30) file:/home/runner/work/ozone/ozone/hadoop-ozone/integration-test/target/test-dir/MiniOzoneClusterImpl-e7da0ab5-4936-473d-8bac-46be260cf6da/datanode-2/data/ratis/f64d7104-b4d4-4a96-9fb6-557fb44d8093/sm/snapshot.1_30 took: 2 ms
2022-04-24 04:16:25,795 [895edd85-c017-4033-b7e9-810222bcedda@group-557FB44D8093-StateMachineUpdater] INFO  impl.StateMachineUpdater (StateMachineUpdater.java:takeSnapshot(281)) - 895edd85-c017-4033-b7e9-810222bcedda@group-557FB44D8093-StateMachineUpdater: Took a snapshot at index 30
2022-04-24 04:16:25,795 [895edd85-c017-4033-b7e9-810222bcedda@group-557FB44D8093-StateMachineUpdater] INFO  impl.StateMachineUpdater (StateMachineUpdater.java:lambda$new$0(89)) - 895edd85-c017-4033-b7e9-810222bcedda@group-557FB44D8093-StateMachineUpdater: snapshotIndex: updateIncreasingly -1 -> 30
2022-04-24 04:16:25,797 [Listener at 127.0.0.1/40137] INFO  server.RaftServer$Division (ServerState.java:close(419)) - 895edd85-c017-4033-b7e9-810222bcedda@group-557FB44D8093: closes. applyIndex: 30
2022-04-24 04:16:25,798 [895edd85-c017-4033-b7e9-810222bcedda@group-557FB44D8093-SegmentedRaftLogWorker] INFO  segmented.SegmentedRaftLogWorker (SegmentedRaftLogWorker.java:run(327)) - 895edd85-c017-4033-b7e9-810222bcedda@group-557FB44D8093-SegmentedRaftLogWorker was interrupted, exiting. There are 0 tasks remaining in the queue.
2022-04-24 04:16:25,799 [Listener at 127.0.0.1/40137] INFO  segmented.SegmentedRaftLogWorker (SegmentedRaftLogWorker.java:close(237)) - 895edd85-c017-4033-b7e9-810222bcedda@group-557FB44D8093-SegmentedRaftLogWorker close()
2022-04-24 04:16:25,799 [1de514c8-4282-4370-a982-a3c391975046@group-94E7C9A85208-StateMachineUpdater] INFO  ratis.ContainerStateMachine (ContainerStateMachine.java:takeSnapshot(315)) - group-94E7C9A85208: Finished taking a snapshot at:(t:1, i:0) file:/home/runner/work/ozone/ozone/hadoop-ozone/integration-test/target/test-dir/MiniOzoneClusterImpl-e7da0ab5-4936-473d-8bac-46be260cf6da/datanode-1/data/ratis/93ce1baf-e889-42ab-8c0a-94e7c9a85208/sm/snapshot.1_0 took: 9 ms
2022-04-24 04:16:25,800 [1de514c8-4282-4370-a982-a3c391975046@group-94E7C9A85208-StateMachineUpdater] INFO  impl.StateMachineUpdater (StateMachineUpdater.java:takeSnapshot(281)) - 1de514c8-4282-4370-a982-a3c391975046@group-94E7C9A85208-StateMachineUpdater: Took a snapshot at index 0
2022-04-24 04:16:25,800 [1de514c8-4282-4370-a982-a3c391975046@group-94E7C9A85208-StateMachineUpdater] INFO  impl.StateMachineUpdater (StateMachineUpdater.java:lambda$new$0(89)) - 1de514c8-4282-4370-a982-a3c391975046@group-94E7C9A85208-StateMachineUpdater: snapshotIndex: updateIncreasingly -1 -> 0
2022-04-24 04:16:25,809 [ForkJoinPool.commonPool-worker-1] INFO  server.RaftServer$Division (ServerState.java:close(419)) - 1de514c8-4282-4370-a982-a3c391975046@group-94E7C9A85208: closes. applyIndex: 0
2022-04-24 04:16:25,812 [Listener at 127.0.0.1/40137] INFO  server.RaftServer$Division (RaftServerImpl.java:lambda$close$4(412)) - 895edd85-c017-4033-b7e9-810222bcedda@group-3FEA44E64FBE: shutdown
2022-04-24 04:16:25,813 [Listener at 127.0.0.1/40137] INFO  util.JmxRegister (JmxRegister.java:unregister(73)) - Successfully un-registered JMX Bean with object name Ratis:service=RaftServer,group=group-3FEA44E64FBE,id=895edd85-c017-4033-b7e9-810222bcedda
2022-04-24 04:16:25,813 [Listener at 127.0.0.1/40137] INFO  impl.RoleInfo (RoleInfo.java:shutdownFollowerState(108)) - 895edd85-c017-4033-b7e9-810222bcedda: shutdown 895edd85-c017-4033-b7e9-810222bcedda@group-3FEA44E64FBE-FollowerState
2022-04-24 04:16:25,813 [895edd85-c017-4033-b7e9-810222bcedda@group-3FEA44E64FBE-FollowerState] INFO  impl.FollowerState (FollowerState.java:run(143)) - 895edd85-c017-4033-b7e9-810222bcedda@group-3FEA44E64FBE-FollowerState was interrupted: {}
java.lang.InterruptedException: sleep interrupted
	at java.lang.Thread.sleep(Native Method)
	at java.lang.Thread.sleep(Thread.java:342)
	at java.util.concurrent.TimeUnit.sleep(TimeUnit.java:386)
	at org.apache.ratis.util.TimeDuration.sleep(TimeDuration.java:324)
	at org.apache.ratis.util.TimeDuration.sleep(TimeDuration.java:309)
	at org.apache.ratis.server.impl.FollowerState.run(FollowerState.java:118)
2022-04-24 04:16:25,813 [Listener at 127.0.0.1/40137] INFO  impl.StateMachineUpdater (StateMachineUpdater.java:stopAndJoin(149)) - 895edd85-c017-4033-b7e9-810222bcedda@group-3FEA44E64FBE-StateMachineUpdater: set stopIndex = -1
2022-04-24 04:16:25,817 [Listener at 127.0.0.1/40137] INFO  server.RaftServer$Division (ServerState.java:close(419)) - 895edd85-c017-4033-b7e9-810222bcedda@group-3FEA44E64FBE: closes. applyIndex: -1
2022-04-24 04:16:25,817 [895edd85-c017-4033-b7e9-810222bcedda@group-3FEA44E64FBE-SegmentedRaftLogWorker] INFO  segmented.SegmentedRaftLogWorker (SegmentedRaftLogWorker.java:run(327)) - 895edd85-c017-4033-b7e9-810222bcedda@group-3FEA44E64FBE-SegmentedRaftLogWorker was interrupted, exiting. There are 0 tasks remaining in the queue.
2022-04-24 04:16:25,818 [Listener at 127.0.0.1/40137] INFO  segmented.SegmentedRaftLogWorker (SegmentedRaftLogWorker.java:close(237)) - 895edd85-c017-4033-b7e9-810222bcedda@group-3FEA44E64FBE-SegmentedRaftLogWorker close()
2022-04-24 04:16:25,820 [1de514c8-4282-4370-a982-a3c391975046@group-94E7C9A85208-SegmentedRaftLogWorker] INFO  segmented.SegmentedRaftLogWorker (SegmentedRaftLogWorker.java:run(327)) - 1de514c8-4282-4370-a982-a3c391975046@group-94E7C9A85208-SegmentedRaftLogWorker was interrupted, exiting. There are 0 tasks remaining in the queue.
2022-04-24 04:16:25,820 [Listener at 127.0.0.1/40137] INFO  server.GrpcService (GrpcService.java:closeImpl(262)) - 895edd85-c017-4033-b7e9-810222bcedda: shutdown server with port 44303 now
2022-04-24 04:16:25,821 [ForkJoinPool.commonPool-worker-1] INFO  segmented.SegmentedRaftLogWorker (SegmentedRaftLogWorker.java:close(237)) - 1de514c8-4282-4370-a982-a3c391975046@group-94E7C9A85208-SegmentedRaftLogWorker close()
2022-04-24 04:16:25,822 [ForkJoinPool.commonPool-worker-1] INFO  server.GrpcService (GrpcService.java:closeImpl(262)) - 1de514c8-4282-4370-a982-a3c391975046: shutdown server with port 35459 now
2022-04-24 04:16:25,823 [grpc-default-executor-2] WARN  server.GrpcServerProtocolService (LogUtils.java:warn(122)) - 895edd85-c017-4033-b7e9-810222bcedda: installSnapshot onError, lastRequest: 862c3159-621e-4808-8fb5-192a2fed7743->895edd85-c017-4033-b7e9-810222bcedda#410-t1,previous=(t:1, i:29),leaderCommit=30,initializing? true,entries: size=1, first=(t:1, i:30), METADATAENTRY(c:28): org.apache.ratis.thirdparty.io.grpc.StatusRuntimeException: CANCELLED: client cancelled
2022-04-24 04:16:25,823 [grpc-default-executor-1] WARN  server.GrpcLogAppender (LogUtils.java:warn(122)) - 862c3159-621e-4808-8fb5-192a2fed7743@group-557FB44D8093->895edd85-c017-4033-b7e9-810222bcedda-AppendLogResponseHandler: Failed appendEntries: org.apache.ratis.thirdparty.io.grpc.StatusRuntimeException: CANCELLED: HTTP/2 error code: CANCEL
Received Rst Stream
2022-04-24 04:16:25,823 [grpc-default-executor-1] INFO  leader.FollowerInfo (FollowerInfoImpl.java:lambda$new$0(47)) - 862c3159-621e-4808-8fb5-192a2fed7743@group-557FB44D8093->895edd85-c017-4033-b7e9-810222bcedda: nextIndex: updateUnconditionally 31 -> 30
2022-04-24 04:16:25,833 [grpc-default-executor-3] WARN  server.GrpcServerProtocolService (LogUtils.java:warn(122)) - 1de514c8-4282-4370-a982-a3c391975046: installSnapshot onError, lastRequest: 862c3159-621e-4808-8fb5-192a2fed7743->1de514c8-4282-4370-a982-a3c391975046#412-t1,previous=(t:1, i:29),leaderCommit=28,initializing? true,entries: size=1, first=(t:1, i:30), METADATAENTRY(c:28): org.apache.ratis.thirdparty.io.grpc.StatusRuntimeException: CANCELLED: client cancelled
2022-04-24 04:16:25,859 [grpc-default-executor-3] WARN  server.GrpcLogAppender (LogUtils.java:warn(122)) - 862c3159-621e-4808-8fb5-192a2fed7743@group-557FB44D8093->1de514c8-4282-4370-a982-a3c391975046-AppendLogResponseHandler: Failed appendEntries: org.apache.ratis.thirdparty.io.grpc.StatusRuntimeException: CANCELLED: HTTP/2 error code: CANCEL
Received Rst Stream
2022-04-24 04:16:25,859 [grpc-default-executor-3] INFO  leader.FollowerInfo (FollowerInfoImpl.java:lambda$new$0(47)) - 862c3159-621e-4808-8fb5-192a2fed7743@group-557FB44D8093->1de514c8-4282-4370-a982-a3c391975046: nextIndex: updateUnconditionally 31 -> 30
2022-04-24 04:16:25,862 [Listener at 127.0.0.1/40137] INFO  server.GrpcService (GrpcService.java:closeImpl(271)) - 895edd85-c017-4033-b7e9-810222bcedda: shutdown server with port 44303 successfully
2022-04-24 04:16:25,863 [org.apache.ratis.util.JvmPauseMonitor$$Lambda$580/177642409@22ab8142] INFO  util.JvmPauseMonitor (JvmPauseMonitor.java:run(109)) - JvmPauseMonitor-895edd85-c017-4033-b7e9-810222bcedda: Stopped
2022-04-24 04:16:25,870 [grpc-default-executor-1] WARN  server.GrpcLogAppender (LogUtils.java:warn(122)) - 862c3159-621e-4808-8fb5-192a2fed7743@group-557FB44D8093->1de514c8-4282-4370-a982-a3c391975046-AppendLogResponseHandler: Failed appendEntries: org.apache.ratis.thirdparty.io.grpc.StatusRuntimeException: UNAVAILABLE: io exception
2022-04-24 04:16:25,871 [grpc-default-executor-1] INFO  leader.FollowerInfo (FollowerInfoImpl.java:lambda$new$0(47)) - 862c3159-621e-4808-8fb5-192a2fed7743@group-557FB44D8093->1de514c8-4282-4370-a982-a3c391975046: nextIndex: updateUnconditionally 31 -> 30
2022-04-24 04:16:25,876 [grpc-default-executor-1] WARN  server.GrpcLogAppender (LogUtils.java:warn(122)) - 862c3159-621e-4808-8fb5-192a2fed7743@group-557FB44D8093->895edd85-c017-4033-b7e9-810222bcedda-AppendLogResponseHandler: Failed appendEntries: org.apache.ratis.thirdparty.io.grpc.StatusRuntimeException: UNAVAILABLE: io exception
2022-04-24 04:16:25,877 [grpc-default-executor-1] INFO  leader.FollowerInfo (FollowerInfoImpl.java:lambda$new$0(47)) - 862c3159-621e-4808-8fb5-192a2fed7743@group-557FB44D8093->895edd85-c017-4033-b7e9-810222bcedda: nextIndex: updateUnconditionally 31 -> 30
2022-04-24 04:16:25,879 [ForkJoinPool.commonPool-worker-1] INFO  server.GrpcService (GrpcService.java:closeImpl(271)) - 1de514c8-4282-4370-a982-a3c391975046: shutdown server with port 35459 successfully
2022-04-24 04:16:25,885 [org.apache.ratis.util.JvmPauseMonitor$$Lambda$580/177642409@46df84e0] INFO  util.JvmPauseMonitor (JvmPauseMonitor.java:run(109)) - JvmPauseMonitor-1de514c8-4282-4370-a982-a3c391975046: Stopped
2022-04-24 04:16:27,885 [Listener at 127.0.0.1/40137] INFO  utils.BackgroundService (BackgroundService.java:shutdown(132)) - Shutting down service BlockDeletingService
2022-04-24 04:16:27,907 [ForkJoinPool.commonPool-worker-1] INFO  utils.BackgroundService (BackgroundService.java:shutdown(132)) - Shutting down service BlockDeletingService
2022-04-24 04:16:28,340 [grpc-default-executor-4] WARN  server.GrpcLogAppender (LogUtils.java:warn(122)) - 862c3159-621e-4808-8fb5-192a2fed7743@group-557FB44D8093->895edd85-c017-4033-b7e9-810222bcedda-AppendLogResponseHandler: Failed appendEntries: org.apache.ratis.thirdparty.io.grpc.StatusRuntimeException: UNAVAILABLE: io exception
2022-04-24 04:16:28,341 [grpc-default-executor-4] INFO  leader.FollowerInfo (FollowerInfoImpl.java:lambda$new$0(47)) - 862c3159-621e-4808-8fb5-192a2fed7743@group-557FB44D8093->895edd85-c017-4033-b7e9-810222bcedda: nextIndex: updateUnconditionally 31 -> 30
2022-04-24 04:16:28,371 [grpc-default-executor-4] WARN  server.GrpcLogAppender (LogUtils.java:warn(122)) - 862c3159-621e-4808-8fb5-192a2fed7743@group-557FB44D8093->1de514c8-4282-4370-a982-a3c391975046-AppendLogResponseHandler: Failed appendEntries: org.apache.ratis.thirdparty.io.grpc.StatusRuntimeException: UNAVAILABLE: io exception
2022-04-24 04:16:28,371 [grpc-default-executor-4] INFO  leader.FollowerInfo (FollowerInfoImpl.java:lambda$new$0(47)) - 862c3159-621e-4808-8fb5-192a2fed7743@group-557FB44D8093->1de514c8-4282-4370-a982-a3c391975046: nextIndex: updateUnconditionally 31 -> 30
2022-04-24 04:16:30,789 [862c3159-621e-4808-8fb5-192a2fed7743@group-3FEA44E64FBE-FollowerState] INFO  impl.FollowerState (FollowerState.java:run(134)) - 862c3159-621e-4808-8fb5-192a2fed7743@group-3FEA44E64FBE-FollowerState: change to CANDIDATE, lastRpcElapsedTime:5085408534ns, electionTimeout:5076ms
2022-04-24 04:16:30,789 [862c3159-621e-4808-8fb5-192a2fed7743@group-3FEA44E64FBE-FollowerState] INFO  impl.RoleInfo (RoleInfo.java:shutdownFollowerState(108)) - 862c3159-621e-4808-8fb5-192a2fed7743: shutdown 862c3159-621e-4808-8fb5-192a2fed7743@group-3FEA44E64FBE-FollowerState
2022-04-24 04:16:30,789 [862c3159-621e-4808-8fb5-192a2fed7743@group-3FEA44E64FBE-FollowerState] INFO  server.RaftServer$Division (RaftServerImpl.java:setRole(290)) - 862c3159-621e-4808-8fb5-192a2fed7743@group-3FEA44E64FBE: changes role from  FOLLOWER to CANDIDATE at term 4 for changeToCandidate
2022-04-24 04:16:30,789 [862c3159-621e-4808-8fb5-192a2fed7743@group-3FEA44E64FBE-FollowerState] INFO  server.RaftServerConfigKeys (ConfUtils.java:logGet(44)) - raft.server.leaderelection.pre-vote = false (custom)
2022-04-24 04:16:30,789 [862c3159-621e-4808-8fb5-192a2fed7743@group-3FEA44E64FBE-FollowerState] INFO  impl.RoleInfo (RoleInfo.java:updateAndGet(130)) - 862c3159-621e-4808-8fb5-192a2fed7743: start 862c3159-621e-4808-8fb5-192a2fed7743@group-3FEA44E64FBE-LeaderElection24
2022-04-24 04:16:30,806 [862c3159-621e-4808-8fb5-192a2fed7743@group-3FEA44E64FBE-LeaderElection24] INFO  impl.LeaderElection (LeaderElection.java:askForVotes(306)) - 862c3159-621e-4808-8fb5-192a2fed7743@group-3FEA44E64FBE-LeaderElection24 ELECTION round 0: submit vote requests at term 5 for -1: [1de514c8-4282-4370-a982-a3c391975046|rpc:10.1.0.15:35459|priority:0, 895edd85-c017-4033-b7e9-810222bcedda|rpc:10.1.0.15:44303|priority:1, 862c3159-621e-4808-8fb5-192a2fed7743|rpc:10.1.0.15:38757|priority:0], old=null
2022-04-24 04:16:30,830 [862c3159-621e-4808-8fb5-192a2fed7743@group-3FEA44E64FBE-LeaderElection24] INFO  impl.LeaderElection (LogUtils.java:infoOrTrace(137)) - 862c3159-621e-4808-8fb5-192a2fed7743@group-3FEA44E64FBE-LeaderElection24 got exception when requesting votes: java.util.concurrent.ExecutionException: org.apache.ratis.thirdparty.io.grpc.StatusRuntimeException: UNAVAILABLE: io exception
2022-04-24 04:16:30,831 [862c3159-621e-4808-8fb5-192a2fed7743@group-3FEA44E64FBE-LeaderElection24] INFO  impl.LeaderElection (LogUtils.java:infoOrTrace(137)) - 862c3159-621e-4808-8fb5-192a2fed7743@group-3FEA44E64FBE-LeaderElection24 got exception when requesting votes: java.util.concurrent.ExecutionException: org.apache.ratis.thirdparty.io.grpc.StatusRuntimeException: UNAVAILABLE: io exception
2022-04-24 04:16:30,831 [862c3159-621e-4808-8fb5-192a2fed7743@group-3FEA44E64FBE-LeaderElection24] INFO  impl.LeaderElection (LeaderElection.java:logAndReturn(89)) - 862c3159-621e-4808-8fb5-192a2fed7743@group-3FEA44E64FBE-LeaderElection24: ELECTION REJECTED received 0 response(s) and 2 exception(s):
2022-04-24 04:16:30,831 [862c3159-621e-4808-8fb5-192a2fed7743@group-3FEA44E64FBE-LeaderElection24] INFO  impl.LeaderElection (LogUtils.java:infoOrTrace(137)) -   Exception 0: java.util.concurrent.ExecutionException: org.apache.ratis.thirdparty.io.grpc.StatusRuntimeException: UNAVAILABLE: io exception
2022-04-24 04:16:30,831 [862c3159-621e-4808-8fb5-192a2fed7743@group-3FEA44E64FBE-LeaderElection24] INFO  impl.LeaderElection (LogUtils.java:infoOrTrace(137)) -   Exception 1: java.util.concurrent.ExecutionException: org.apache.ratis.thirdparty.io.grpc.StatusRuntimeException: UNAVAILABLE: io exception
2022-04-24 04:16:30,831 [862c3159-621e-4808-8fb5-192a2fed7743@group-3FEA44E64FBE-LeaderElection24] INFO  impl.LeaderElection (LeaderElection.java:askForVotes(308)) - 862c3159-621e-4808-8fb5-192a2fed7743@group-3FEA44E64FBE-LeaderElection24 ELECTION round 0: result REJECTED
2022-04-24 04:16:30,831 [862c3159-621e-4808-8fb5-192a2fed7743@group-3FEA44E64FBE-LeaderElection24] INFO  server.RaftServer$Division (RaftServerImpl.java:setRole(290)) - 862c3159-621e-4808-8fb5-192a2fed7743@group-3FEA44E64FBE: changes role from CANDIDATE to FOLLOWER at term 5 for REJECTED
2022-04-24 04:16:30,831 [862c3159-621e-4808-8fb5-192a2fed7743@group-3FEA44E64FBE-LeaderElection24] INFO  impl.RoleInfo (RoleInfo.java:shutdownLeaderElection(121)) - 862c3159-621e-4808-8fb5-192a2fed7743: shutdown 862c3159-621e-4808-8fb5-192a2fed7743@group-3FEA44E64FBE-LeaderElection24
2022-04-24 04:16:30,832 [862c3159-621e-4808-8fb5-192a2fed7743@group-3FEA44E64FBE-LeaderElection24] INFO  impl.RoleInfo (RoleInfo.java:updateAndGet(130)) - 862c3159-621e-4808-8fb5-192a2fed7743: start 862c3159-621e-4808-8fb5-192a2fed7743@group-3FEA44E64FBE-FollowerState
2022-04-24 04:16:30,840 [grpc-default-executor-4] WARN  server.GrpcLogAppender (LogUtils.java:warn(122)) - 862c3159-621e-4808-8fb5-192a2fed7743@group-557FB44D8093->895edd85-c017-4033-b7e9-810222bcedda-AppendLogResponseHandler: Failed appendEntries: org.apache.ratis.thirdparty.io.grpc.StatusRuntimeException: UNAVAILABLE: io exception
2022-04-24 04:16:30,841 [grpc-default-executor-4] INFO  leader.FollowerInfo (FollowerInfoImpl.java:lambda$new$0(47)) - 862c3159-621e-4808-8fb5-192a2fed7743@group-557FB44D8093->895edd85-c017-4033-b7e9-810222bcedda: nextIndex: updateUnconditionally 31 -> 30
2022-04-24 04:16:30,871 [grpc-default-executor-4] WARN  server.GrpcLogAppender (LogUtils.java:warn(122)) - 862c3159-621e-4808-8fb5-192a2fed7743@group-557FB44D8093->1de514c8-4282-4370-a982-a3c391975046-AppendLogResponseHandler: Failed appendEntries: org.apache.ratis.thirdparty.io.grpc.StatusRuntimeException: UNAVAILABLE: io exception
2022-04-24 04:16:30,872 [grpc-default-executor-4] INFO  leader.FollowerInfo (FollowerInfoImpl.java:lambda$new$0(47)) - 862c3159-621e-4808-8fb5-192a2fed7743@group-557FB44D8093->1de514c8-4282-4370-a982-a3c391975046: nextIndex: updateUnconditionally 31 -> 30
2022-04-24 04:16:30,893 [Listener at 127.0.0.1/40137] INFO  statemachine.DatanodeStateMachine (DatanodeStateMachine.java:stopDaemon(560)) - Ozone container server stopped.
2022-04-24 04:16:30,894 [Listener at 127.0.0.1/40137] INFO  handler.ContextHandler (ContextHandler.java:doStop(1153)) - Stopped o.e.j.w.WebAppContext@38f96672{hddsDatanode,/,null,STOPPED}{jar:file:/home/runner/.m2/repository/org/apache/ozone/hdds-container-service/1.3.0-SNAPSHOT/hdds-container-service-1.3.0-SNAPSHOT.jar!/webapps/hddsDatanode}
2022-04-24 04:16:30,896 [Listener at 127.0.0.1/40137] INFO  server.AbstractConnector (AbstractConnector.java:doStop(381)) - Stopped ServerConnector@6c0f7810{HTTP/1.1, (http/1.1)}{0.0.0.0:0}
2022-04-24 04:16:30,896 [Listener at 127.0.0.1/40137] INFO  server.session (HouseKeeper.java:stopScavenging(149)) - node0 Stopped scavenging
2022-04-24 04:16:30,896 [Listener at 127.0.0.1/40137] INFO  handler.ContextHandler (ContextHandler.java:doStop(1153)) - Stopped o.e.j.s.ServletContextHandler@4628ec69{static,/static,jar:file:/home/runner/.m2/repository/org/apache/ozone/hdds-container-service/1.3.0-SNAPSHOT/hdds-container-service-1.3.0-SNAPSHOT.jar!/webapps/static,STOPPED}
2022-04-24 04:16:30,896 [Listener at 127.0.0.1/40137] INFO  handler.ContextHandler (ContextHandler.java:doStop(1153)) - Stopped o.e.j.s.ServletContextHandler@617335ea{logs,/logs,file:///home/runner/work/ozone/ozone/hadoop-ozone/integration-test/target/log,STOPPED}
2022-04-24 04:16:30,908 [ForkJoinPool.commonPool-worker-1] INFO  statemachine.DatanodeStateMachine (DatanodeStateMachine.java:stopDaemon(560)) - Ozone container server stopped.
2022-04-24 04:16:30,919 [ForkJoinPool.commonPool-worker-1] INFO  handler.ContextHandler (ContextHandler.java:doStop(1153)) - Stopped o.e.j.w.WebAppContext@51c1b1b{hddsDatanode,/,null,STOPPED}{jar:file:/home/runner/.m2/repository/org/apache/ozone/hdds-container-service/1.3.0-SNAPSHOT/hdds-container-service-1.3.0-SNAPSHOT.jar!/webapps/hddsDatanode}
2022-04-24 04:16:30,923 [ForkJoinPool.commonPool-worker-1] INFO  server.AbstractConnector (AbstractConnector.java:doStop(381)) - Stopped ServerConnector@7210af32{HTTP/1.1, (http/1.1)}{0.0.0.0:0}
2022-04-24 04:16:30,924 [ForkJoinPool.commonPool-worker-1] INFO  server.session (HouseKeeper.java:stopScavenging(149)) - node0 Stopped scavenging
2022-04-24 04:16:30,924 [ForkJoinPool.commonPool-worker-1] INFO  handler.ContextHandler (ContextHandler.java:doStop(1153)) - Stopped o.e.j.s.ServletContextHandler@42c9b9f5{static,/static,jar:file:/home/runner/.m2/repository/org/apache/ozone/hdds-container-service/1.3.0-SNAPSHOT/hdds-container-service-1.3.0-SNAPSHOT.jar!/webapps/static,STOPPED}
2022-04-24 04:16:30,930 [ForkJoinPool.commonPool-worker-1] INFO  handler.ContextHandler (ContextHandler.java:doStop(1153)) - Stopped o.e.j.s.ServletContextHandler@3f8b8746{logs,/logs,file:///home/runner/work/ozone/ozone/hadoop-ozone/integration-test/target/log,STOPPED}
2022-04-24 04:16:33,341 [grpc-default-executor-4] WARN  server.GrpcLogAppender (LogUtils.java:warn(122)) - 862c3159-621e-4808-8fb5-192a2fed7743@group-557FB44D8093->895edd85-c017-4033-b7e9-810222bcedda-AppendLogResponseHandler: Failed appendEntries: org.apache.ratis.thirdparty.io.grpc.StatusRuntimeException: UNAVAILABLE: io exception
2022-04-24 04:16:33,342 [grpc-default-executor-4] INFO  leader.FollowerInfo (FollowerInfoImpl.java:lambda$new$0(47)) - 862c3159-621e-4808-8fb5-192a2fed7743@group-557FB44D8093->895edd85-c017-4033-b7e9-810222bcedda: nextIndex: updateUnconditionally 31 -> 30
2022-04-24 04:16:33,372 [grpc-default-executor-4] WARN  server.GrpcLogAppender (LogUtils.java:warn(122)) - 862c3159-621e-4808-8fb5-192a2fed7743@group-557FB44D8093->1de514c8-4282-4370-a982-a3c391975046-AppendLogResponseHandler: Failed appendEntries: org.apache.ratis.thirdparty.io.grpc.StatusRuntimeException: UNAVAILABLE: io exception
2022-04-24 04:16:33,373 [grpc-default-executor-4] INFO  leader.FollowerInfo (FollowerInfoImpl.java:lambda$new$0(47)) - 862c3159-621e-4808-8fb5-192a2fed7743@group-557FB44D8093->1de514c8-4282-4370-a982-a3c391975046: nextIndex: updateUnconditionally 31 -> 30
2022-04-24 04:16:33,560 [862c3159-621e-4808-8fb5-192a2fed7743@group-557FB44D8093-LeaderStateImpl] WARN  server.RaftServer$Division (LeaderStateImpl.java:checkLeadership(974)) - 862c3159-621e-4808-8fb5-192a2fed7743@group-557FB44D8093-LeaderStateImpl: Lost leadership on term: 1. Election timeout: 5200ms. In charge for: 22872ms. Conf: 0: [1de514c8-4282-4370-a982-a3c391975046|rpc:10.1.0.15:35459|dataStream:|priority:0, 895edd85-c017-4033-b7e9-810222bcedda|rpc:10.1.0.15:44303|dataStream:|priority:0, 862c3159-621e-4808-8fb5-192a2fed7743|rpc:10.1.0.15:38757|dataStream:|priority:1], old=null
2022-04-24 04:16:33,560 [862c3159-621e-4808-8fb5-192a2fed7743@group-557FB44D8093-LeaderStateImpl] WARN  server.RaftServer$Division (LeaderStateImpl.java:lambda$checkLeadership$15(978)) - Follower 862c3159-621e-4808-8fb5-192a2fed7743@group-557FB44D8093->1de514c8-4282-4370-a982-a3c391975046(c30,m30,n30, attendVote=true, lastRpcSendTime=188, lastRpcResponseTime=8084)
2022-04-24 04:16:33,560 [862c3159-621e-4808-8fb5-192a2fed7743@group-557FB44D8093-LeaderStateImpl] WARN  server.RaftServer$Division (LeaderStateImpl.java:lambda$checkLeadership$15(978)) - Follower 862c3159-621e-4808-8fb5-192a2fed7743@group-557FB44D8093->895edd85-c017-4033-b7e9-810222bcedda(c30,m30,n30, attendVote=true, lastRpcSendTime=219, lastRpcResponseTime=8055)
2022-04-24 04:16:33,560 [862c3159-621e-4808-8fb5-192a2fed7743@group-557FB44D8093-LeaderStateImpl] INFO  server.RaftServer$Division (RaftServerImpl.java:setRole(290)) - 862c3159-621e-4808-8fb5-192a2fed7743@group-557FB44D8093: changes role from    LEADER to FOLLOWER at term 1 for StepDownReason:LOST_MAJORITY_HEARTBEATS
2022-04-24 04:16:33,560 [862c3159-621e-4808-8fb5-192a2fed7743@group-557FB44D8093-LeaderStateImpl] INFO  impl.RoleInfo (RoleInfo.java:shutdownLeaderState(91)) - 862c3159-621e-4808-8fb5-192a2fed7743: shutdown 862c3159-621e-4808-8fb5-192a2fed7743@group-557FB44D8093-LeaderStateImpl
2022-04-24 04:16:33,561 [862c3159-621e-4808-8fb5-192a2fed7743@group-557FB44D8093-LeaderStateImpl] INFO  impl.PendingRequests (PendingRequests.java:sendNotLeaderResponses(282)) - 862c3159-621e-4808-8fb5-192a2fed7743@group-557FB44D8093-PendingRequests: sendNotLeaderResponses
2022-04-24 04:16:33,561 [862c3159-621e-4808-8fb5-192a2fed7743@group-557FB44D8093->1de514c8-4282-4370-a982-a3c391975046-GrpcLogAppender-LogAppenderDaemon] WARN  server.GrpcLogAppender (GrpcLogAppender.java:mayWait(177)) - 862c3159-621e-4808-8fb5-192a2fed7743@group-557FB44D8093->1de514c8-4282-4370-a982-a3c391975046-GrpcLogAppender: Wait interrupted by java.lang.InterruptedException
2022-04-24 04:16:33,562 [862c3159-621e-4808-8fb5-192a2fed7743@group-557FB44D8093-LeaderStateImpl] INFO  impl.RoleInfo (RoleInfo.java:updateAndGet(130)) - 862c3159-621e-4808-8fb5-192a2fed7743: start 862c3159-621e-4808-8fb5-192a2fed7743@group-557FB44D8093-FollowerState
2022-04-24 04:16:33,567 [862c3159-621e-4808-8fb5-192a2fed7743@group-557FB44D8093->895edd85-c017-4033-b7e9-810222bcedda-GrpcLogAppender-LogAppenderDaemon] WARN  server.GrpcLogAppender (GrpcLogAppender.java:mayWait(177)) - 862c3159-621e-4808-8fb5-192a2fed7743@group-557FB44D8093->895edd85-c017-4033-b7e9-810222bcedda-GrpcLogAppender: Wait interrupted by java.lang.InterruptedException
2022-04-24 04:16:35,846 [862c3159-621e-4808-8fb5-192a2fed7743@group-3FEA44E64FBE-FollowerState] INFO  impl.FollowerState (FollowerState.java:run(134)) - 862c3159-621e-4808-8fb5-192a2fed7743@group-3FEA44E64FBE-FollowerState: change to CANDIDATE, lastRpcElapsedTime:5014150716ns, electionTimeout:5011ms
2022-04-24 04:16:35,846 [862c3159-621e-4808-8fb5-192a2fed7743@group-3FEA44E64FBE-FollowerState] INFO  impl.RoleInfo (RoleInfo.java:shutdownFollowerState(108)) - 862c3159-621e-4808-8fb5-192a2fed7743: shutdown 862c3159-621e-4808-8fb5-192a2fed7743@group-3FEA44E64FBE-FollowerState
2022-04-24 04:16:35,846 [862c3159-621e-4808-8fb5-192a2fed7743@group-3FEA44E64FBE-FollowerState] INFO  server.RaftServer$Division (RaftServerImpl.java:setRole(290)) - 862c3159-621e-4808-8fb5-192a2fed7743@group-3FEA44E64FBE: changes role from  FOLLOWER to CANDIDATE at term 5 for changeToCandidate
2022-04-24 04:16:35,846 [862c3159-621e-4808-8fb5-192a2fed7743@group-3FEA44E64FBE-FollowerState] INFO  server.RaftServerConfigKeys (ConfUtils.java:logGet(44)) - raft.server.leaderelection.pre-vote = false (custom)
2022-04-24 04:16:35,846 [862c3159-621e-4808-8fb5-192a2fed7743@group-3FEA44E64FBE-FollowerState] INFO  impl.RoleInfo (RoleInfo.java:updateAndGet(130)) - 862c3159-621e-4808-8fb5-192a2fed7743: start 862c3159-621e-4808-8fb5-192a2fed7743@group-3FEA44E64FBE-LeaderElection25
2022-04-24 04:16:35,871 [862c3159-621e-4808-8fb5-192a2fed7743@group-3FEA44E64FBE-LeaderElection25] INFO  impl.LeaderElection (LeaderElection.java:askForVotes(306)) - 862c3159-621e-4808-8fb5-192a2fed7743@group-3FEA44E64FBE-LeaderElection25 ELECTION round 0: submit vote requests at term 6 for -1: [1de514c8-4282-4370-a982-a3c391975046|rpc:10.1.0.15:35459|priority:0, 895edd85-c017-4033-b7e9-810222bcedda|rpc:10.1.0.15:44303|priority:1, 862c3159-621e-4808-8fb5-192a2fed7743|rpc:10.1.0.15:38757|priority:0], old=null
2022-04-24 04:16:35,877 [862c3159-621e-4808-8fb5-192a2fed7743@group-3FEA44E64FBE-LeaderElection25] INFO  impl.LeaderElection (LogUtils.java:infoOrTrace(137)) - 862c3159-621e-4808-8fb5-192a2fed7743@group-3FEA44E64FBE-LeaderElection25 got exception when requesting votes: java.util.concurrent.ExecutionException: org.apache.ratis.thirdparty.io.grpc.StatusRuntimeException: UNAVAILABLE: io exception
2022-04-24 04:16:35,878 [862c3159-621e-4808-8fb5-192a2fed7743@group-3FEA44E64FBE-LeaderElection25] INFO  impl.LeaderElection (LogUtils.java:infoOrTrace(137)) - 862c3159-621e-4808-8fb5-192a2fed7743@group-3FEA44E64FBE-LeaderElection25 got exception when requesting votes: java.util.concurrent.ExecutionException: org.apache.ratis.thirdparty.io.grpc.StatusRuntimeException: UNAVAILABLE: io exception
2022-04-24 04:16:35,878 [862c3159-621e-4808-8fb5-192a2fed7743@group-3FEA44E64FBE-LeaderElection25] INFO  impl.LeaderElection (LeaderElection.java:logAndReturn(89)) - 862c3159-621e-4808-8fb5-192a2fed7743@group-3FEA44E64FBE-LeaderElection25: ELECTION REJECTED received 0 response(s) and 2 exception(s):
2022-04-24 04:16:35,878 [862c3159-621e-4808-8fb5-192a2fed7743@group-3FEA44E64FBE-LeaderElection25] INFO  impl.LeaderElection (LogUtils.java:infoOrTrace(137)) -   Exception 0: java.util.concurrent.ExecutionException: org.apache.ratis.thirdparty.io.grpc.StatusRuntimeException: UNAVAILABLE: io exception
2022-04-24 04:16:35,878 [862c3159-621e-4808-8fb5-192a2fed7743@group-3FEA44E64FBE-LeaderElection25] INFO  impl.LeaderElection (LogUtils.java:infoOrTrace(137)) -   Exception 1: java.util.concurrent.ExecutionException: org.apache.ratis.thirdparty.io.grpc.StatusRuntimeException: UNAVAILABLE: io exception
2022-04-24 04:16:35,878 [862c3159-621e-4808-8fb5-192a2fed7743@group-3FEA44E64FBE-LeaderElection25] INFO  impl.LeaderElection (LeaderElection.java:askForVotes(308)) - 862c3159-621e-4808-8fb5-192a2fed7743@group-3FEA44E64FBE-LeaderElection25 ELECTION round 0: result REJECTED
2022-04-24 04:16:35,878 [862c3159-621e-4808-8fb5-192a2fed7743@group-3FEA44E64FBE-LeaderElection25] INFO  server.RaftServer$Division (RaftServerImpl.java:setRole(290)) - 862c3159-621e-4808-8fb5-192a2fed7743@group-3FEA44E64FBE: changes role from CANDIDATE to FOLLOWER at term 6 for REJECTED
2022-04-24 04:16:35,878 [862c3159-621e-4808-8fb5-192a2fed7743@group-3FEA44E64FBE-LeaderElection25] INFO  impl.RoleInfo (RoleInfo.java:shutdownLeaderElection(121)) - 862c3159-621e-4808-8fb5-192a2fed7743: shutdown 862c3159-621e-4808-8fb5-192a2fed7743@group-3FEA44E64FBE-LeaderElection25
2022-04-24 04:16:35,878 [862c3159-621e-4808-8fb5-192a2fed7743@group-3FEA44E64FBE-LeaderElection25] INFO  impl.RoleInfo (RoleInfo.java:updateAndGet(130)) - 862c3159-621e-4808-8fb5-192a2fed7743: start 862c3159-621e-4808-8fb5-192a2fed7743@group-3FEA44E64FBE-FollowerState
2022-04-24 04:16:35,900 [Listener at 127.0.0.1/40137] INFO  ozoneimpl.OzoneContainer (OzoneContainer.java:stop(356)) - Attempting to stop container services.
2022-04-24 04:16:35,907 [Listener at 127.0.0.1/40137] INFO  server.RaftServer (RaftServerProxy.java:lambda$close$6(391)) - e43a4dc9-a00f-4e9b-92e8-7d3d6197108c: close
2022-04-24 04:16:35,907 [Listener at 127.0.0.1/40137] INFO  server.RaftServer$Division (RaftServerImpl.java:lambda$close$4(412)) - e43a4dc9-a00f-4e9b-92e8-7d3d6197108c@group-47BA30D22B91: shutdown
2022-04-24 04:16:35,908 [Listener at 127.0.0.1/40137] INFO  util.JmxRegister (JmxRegister.java:unregister(73)) - Successfully un-registered JMX Bean with object name Ratis:service=RaftServer,group=group-47BA30D22B91,id=e43a4dc9-a00f-4e9b-92e8-7d3d6197108c
2022-04-24 04:16:35,908 [Listener at 127.0.0.1/40137] INFO  impl.RoleInfo (RoleInfo.java:shutdownLeaderState(91)) - e43a4dc9-a00f-4e9b-92e8-7d3d6197108c: shutdown e43a4dc9-a00f-4e9b-92e8-7d3d6197108c@group-47BA30D22B91-LeaderStateImpl
2022-04-24 04:16:35,908 [Listener at 127.0.0.1/40137] INFO  impl.PendingRequests (PendingRequests.java:sendNotLeaderResponses(282)) - e43a4dc9-a00f-4e9b-92e8-7d3d6197108c@group-47BA30D22B91-PendingRequests: sendNotLeaderResponses
2022-04-24 04:16:35,908 [Listener at 127.0.0.1/40137] INFO  impl.StateMachineUpdater (StateMachineUpdater.java:stopAndJoin(149)) - e43a4dc9-a00f-4e9b-92e8-7d3d6197108c@group-47BA30D22B91-StateMachineUpdater: set stopIndex = 0
2022-04-24 04:16:35,909 [e43a4dc9-a00f-4e9b-92e8-7d3d6197108c@group-47BA30D22B91-StateMachineUpdater] INFO  ratis.ContainerStateMachine (ContainerStateMachine.java:takeSnapshot(304)) - group-47BA30D22B91: Taking a snapshot at:(t:1, i:0) file /home/runner/work/ozone/ozone/hadoop-ozone/integration-test/target/test-dir/MiniOzoneClusterImpl-e7da0ab5-4936-473d-8bac-46be260cf6da/datanode-4/data/ratis/7014a621-df9c-42ac-9659-47ba30d22b91/sm/snapshot.1_0
2022-04-24 04:16:35,910 [e43a4dc9-a00f-4e9b-92e8-7d3d6197108c@group-47BA30D22B91-StateMachineUpdater] INFO  ratis.ContainerStateMachine (ContainerStateMachine.java:takeSnapshot(315)) - group-47BA30D22B91: Finished taking a snapshot at:(t:1, i:0) file:/home/runner/work/ozone/ozone/hadoop-ozone/integration-test/target/test-dir/MiniOzoneClusterImpl-e7da0ab5-4936-473d-8bac-46be260cf6da/datanode-4/data/ratis/7014a621-df9c-42ac-9659-47ba30d22b91/sm/snapshot.1_0 took: 1 ms
2022-04-24 04:16:35,910 [e43a4dc9-a00f-4e9b-92e8-7d3d6197108c@group-47BA30D22B91-StateMachineUpdater] INFO  impl.StateMachineUpdater (StateMachineUpdater.java:takeSnapshot(281)) - e43a4dc9-a00f-4e9b-92e8-7d3d6197108c@group-47BA30D22B91-StateMachineUpdater: Took a snapshot at index 0
2022-04-24 04:16:35,910 [e43a4dc9-a00f-4e9b-92e8-7d3d6197108c@group-47BA30D22B91-StateMachineUpdater] INFO  impl.StateMachineUpdater (StateMachineUpdater.java:lambda$new$0(89)) - e43a4dc9-a00f-4e9b-92e8-7d3d6197108c@group-47BA30D22B91-StateMachineUpdater: snapshotIndex: updateIncreasingly -1 -> 0
2022-04-24 04:16:35,910 [Listener at 127.0.0.1/40137] INFO  server.RaftServer$Division (ServerState.java:close(419)) - e43a4dc9-a00f-4e9b-92e8-7d3d6197108c@group-47BA30D22B91: closes. applyIndex: 0
2022-04-24 04:16:35,911 [e43a4dc9-a00f-4e9b-92e8-7d3d6197108c@group-47BA30D22B91-SegmentedRaftLogWorker] INFO  segmented.SegmentedRaftLogWorker (SegmentedRaftLogWorker.java:run(327)) - e43a4dc9-a00f-4e9b-92e8-7d3d6197108c@group-47BA30D22B91-SegmentedRaftLogWorker was interrupted, exiting. There are 0 tasks remaining in the queue.
2022-04-24 04:16:35,912 [Listener at 127.0.0.1/40137] INFO  segmented.SegmentedRaftLogWorker (SegmentedRaftLogWorker.java:close(237)) - e43a4dc9-a00f-4e9b-92e8-7d3d6197108c@group-47BA30D22B91-SegmentedRaftLogWorker close()
2022-04-24 04:16:35,912 [Listener at 127.0.0.1/40137] INFO  server.GrpcService (GrpcService.java:closeImpl(262)) - e43a4dc9-a00f-4e9b-92e8-7d3d6197108c: shutdown server with port 40557 now
2022-04-24 04:16:35,913 [Listener at 127.0.0.1/40137] INFO  server.GrpcService (GrpcService.java:closeImpl(271)) - e43a4dc9-a00f-4e9b-92e8-7d3d6197108c: shutdown server with port 40557 successfully
2022-04-24 04:16:35,913 [org.apache.ratis.util.JvmPauseMonitor$$Lambda$580/177642409@3f62bdd6] INFO  util.JvmPauseMonitor (JvmPauseMonitor.java:run(109)) - JvmPauseMonitor-e43a4dc9-a00f-4e9b-92e8-7d3d6197108c: Stopped
2022-04-24 04:16:35,932 [ForkJoinPool.commonPool-worker-1] INFO  ozoneimpl.OzoneContainer (OzoneContainer.java:stop(356)) - Attempting to stop container services.
2022-04-24 04:16:35,936 [ForkJoinPool.commonPool-worker-1] INFO  server.RaftServer (RaftServerProxy.java:lambda$close$6(391)) - 862c3159-621e-4808-8fb5-192a2fed7743: close
2022-04-24 04:16:35,936 [ForkJoinPool.commonPool-worker-1] INFO  server.RaftServer$Division (RaftServerImpl.java:lambda$close$4(412)) - 862c3159-621e-4808-8fb5-192a2fed7743@group-F8F271AE0048: shutdown
2022-04-24 04:16:35,936 [ForkJoinPool.commonPool-worker-1] INFO  util.JmxRegister (JmxRegister.java:unregister(73)) - Successfully un-registered JMX Bean with object name Ratis:service=RaftServer,group=group-F8F271AE0048,id=862c3159-621e-4808-8fb5-192a2fed7743
2022-04-24 04:16:35,937 [ForkJoinPool.commonPool-worker-1] INFO  impl.RoleInfo (RoleInfo.java:shutdownLeaderState(91)) - 862c3159-621e-4808-8fb5-192a2fed7743: shutdown 862c3159-621e-4808-8fb5-192a2fed7743@group-F8F271AE0048-LeaderStateImpl
2022-04-24 04:16:35,937 [ForkJoinPool.commonPool-worker-1] INFO  impl.PendingRequests (PendingRequests.java:sendNotLeaderResponses(282)) - 862c3159-621e-4808-8fb5-192a2fed7743@group-F8F271AE0048-PendingRequests: sendNotLeaderResponses
2022-04-24 04:16:35,937 [ForkJoinPool.commonPool-worker-1] INFO  impl.StateMachineUpdater (StateMachineUpdater.java:stopAndJoin(149)) - 862c3159-621e-4808-8fb5-192a2fed7743@group-F8F271AE0048-StateMachineUpdater: set stopIndex = 0
2022-04-24 04:16:35,937 [862c3159-621e-4808-8fb5-192a2fed7743@group-F8F271AE0048-StateMachineUpdater] INFO  ratis.ContainerStateMachine (ContainerStateMachine.java:takeSnapshot(304)) - group-F8F271AE0048: Taking a snapshot at:(t:1, i:0) file /home/runner/work/ozone/ozone/hadoop-ozone/integration-test/target/test-dir/MiniOzoneClusterImpl-e7da0ab5-4936-473d-8bac-46be260cf6da/datanode-0/data/ratis/95274780-67c6-4bf3-8811-f8f271ae0048/sm/snapshot.1_0
2022-04-24 04:16:35,938 [862c3159-621e-4808-8fb5-192a2fed7743@group-F8F271AE0048-StateMachineUpdater] INFO  ratis.ContainerStateMachine (ContainerStateMachine.java:takeSnapshot(315)) - group-F8F271AE0048: Finished taking a snapshot at:(t:1, i:0) file:/home/runner/work/ozone/ozone/hadoop-ozone/integration-test/target/test-dir/MiniOzoneClusterImpl-e7da0ab5-4936-473d-8bac-46be260cf6da/datanode-0/data/ratis/95274780-67c6-4bf3-8811-f8f271ae0048/sm/snapshot.1_0 took: 1 ms
2022-04-24 04:16:35,938 [862c3159-621e-4808-8fb5-192a2fed7743@group-F8F271AE0048-StateMachineUpdater] INFO  impl.StateMachineUpdater (StateMachineUpdater.java:takeSnapshot(281)) - 862c3159-621e-4808-8fb5-192a2fed7743@group-F8F271AE0048-StateMachineUpdater: Took a snapshot at index 0
2022-04-24 04:16:35,938 [862c3159-621e-4808-8fb5-192a2fed7743@group-F8F271AE0048-StateMachineUpdater] INFO  impl.StateMachineUpdater (StateMachineUpdater.java:lambda$new$0(89)) - 862c3159-621e-4808-8fb5-192a2fed7743@group-F8F271AE0048-StateMachineUpdater: snapshotIndex: updateIncreasingly -1 -> 0
2022-04-24 04:16:35,939 [ForkJoinPool.commonPool-worker-1] INFO  server.RaftServer$Division (ServerState.java:close(419)) - 862c3159-621e-4808-8fb5-192a2fed7743@group-F8F271AE0048: closes. applyIndex: 0
2022-04-24 04:16:35,939 [862c3159-621e-4808-8fb5-192a2fed7743@group-F8F271AE0048-SegmentedRaftLogWorker] INFO  segmented.SegmentedRaftLogWorker (SegmentedRaftLogWorker.java:run(327)) - 862c3159-621e-4808-8fb5-192a2fed7743@group-F8F271AE0048-SegmentedRaftLogWorker was interrupted, exiting. There are 0 tasks remaining in the queue.
2022-04-24 04:16:35,940 [ForkJoinPool.commonPool-worker-1] INFO  segmented.SegmentedRaftLogWorker (SegmentedRaftLogWorker.java:close(237)) - 862c3159-621e-4808-8fb5-192a2fed7743@group-F8F271AE0048-SegmentedRaftLogWorker close()
2022-04-24 04:16:35,942 [ForkJoinPool.commonPool-worker-1] INFO  server.RaftServer$Division (RaftServerImpl.java:lambda$close$4(412)) - 862c3159-621e-4808-8fb5-192a2fed7743@group-557FB44D8093: shutdown
2022-04-24 04:16:35,942 [ForkJoinPool.commonPool-worker-1] INFO  util.JmxRegister (JmxRegister.java:unregister(73)) - Successfully un-registered JMX Bean with object name Ratis:service=RaftServer,group=group-557FB44D8093,id=862c3159-621e-4808-8fb5-192a2fed7743
2022-04-24 04:16:35,942 [ForkJoinPool.commonPool-worker-1] INFO  impl.RoleInfo (RoleInfo.java:shutdownFollowerState(108)) - 862c3159-621e-4808-8fb5-192a2fed7743: shutdown 862c3159-621e-4808-8fb5-192a2fed7743@group-557FB44D8093-FollowerState
2022-04-24 04:16:35,942 [ForkJoinPool.commonPool-worker-1] INFO  impl.StateMachineUpdater (StateMachineUpdater.java:stopAndJoin(149)) - 862c3159-621e-4808-8fb5-192a2fed7743@group-557FB44D8093-StateMachineUpdater: set stopIndex = 30
2022-04-24 04:16:35,942 [862c3159-621e-4808-8fb5-192a2fed7743@group-557FB44D8093-StateMachineUpdater] INFO  ratis.ContainerStateMachine (ContainerStateMachine.java:takeSnapshot(304)) - group-557FB44D8093: Taking a snapshot at:(t:1, i:30) file /home/runner/work/ozone/ozone/hadoop-ozone/integration-test/target/test-dir/MiniOzoneClusterImpl-e7da0ab5-4936-473d-8bac-46be260cf6da/datanode-0/data/ratis/f64d7104-b4d4-4a96-9fb6-557fb44d8093/sm/snapshot.1_30
2022-04-24 04:16:35,943 [862c3159-621e-4808-8fb5-192a2fed7743@group-557FB44D8093-FollowerState] INFO  impl.FollowerState (FollowerState.java:run(143)) - 862c3159-621e-4808-8fb5-192a2fed7743@group-557FB44D8093-FollowerState was interrupted: {}
java.lang.InterruptedException: sleep interrupted
	at java.lang.Thread.sleep(Native Method)
	at java.lang.Thread.sleep(Thread.java:342)
	at java.util.concurrent.TimeUnit.sleep(TimeUnit.java:386)
	at org.apache.ratis.util.TimeDuration.sleep(TimeDuration.java:324)
	at org.apache.ratis.util.TimeDuration.sleep(TimeDuration.java:309)
	at org.apache.ratis.server.impl.FollowerState.run(FollowerState.java:118)
2022-04-24 04:16:35,944 [862c3159-621e-4808-8fb5-192a2fed7743@group-557FB44D8093-StateMachineUpdater] INFO  ratis.ContainerStateMachine (ContainerStateMachine.java:takeSnapshot(315)) - group-557FB44D8093: Finished taking a snapshot at:(t:1, i:30) file:/home/runner/work/ozone/ozone/hadoop-ozone/integration-test/target/test-dir/MiniOzoneClusterImpl-e7da0ab5-4936-473d-8bac-46be260cf6da/datanode-0/data/ratis/f64d7104-b4d4-4a96-9fb6-557fb44d8093/sm/snapshot.1_30 took: 1 ms
2022-04-24 04:16:35,944 [862c3159-621e-4808-8fb5-192a2fed7743@group-557FB44D8093-StateMachineUpdater] INFO  impl.StateMachineUpdater (StateMachineUpdater.java:takeSnapshot(281)) - 862c3159-621e-4808-8fb5-192a2fed7743@group-557FB44D8093-StateMachineUpdater: Took a snapshot at index 30
2022-04-24 04:16:35,944 [862c3159-621e-4808-8fb5-192a2fed7743@group-557FB44D8093-StateMachineUpdater] INFO  impl.StateMachineUpdater (StateMachineUpdater.java:lambda$new$0(89)) - 862c3159-621e-4808-8fb5-192a2fed7743@group-557FB44D8093-StateMachineUpdater: snapshotIndex: updateIncreasingly -1 -> 30
2022-04-24 04:16:35,954 [ForkJoinPool.commonPool-worker-1] INFO  server.RaftServer$Division (ServerState.java:close(419)) - 862c3159-621e-4808-8fb5-192a2fed7743@group-557FB44D8093: closes. applyIndex: 30
2022-04-24 04:16:35,954 [862c3159-621e-4808-8fb5-192a2fed7743@group-557FB44D8093-SegmentedRaftLogWorker] INFO  segmented.SegmentedRaftLogWorker (SegmentedRaftLogWorker.java:run(327)) - 862c3159-621e-4808-8fb5-192a2fed7743@group-557FB44D8093-SegmentedRaftLogWorker was interrupted, exiting. There are 0 tasks remaining in the queue.
2022-04-24 04:16:35,955 [ForkJoinPool.commonPool-worker-1] INFO  segmented.SegmentedRaftLogWorker (SegmentedRaftLogWorker.java:close(237)) - 862c3159-621e-4808-8fb5-192a2fed7743@group-557FB44D8093-SegmentedRaftLogWorker close()
2022-04-24 04:16:35,955 [ForkJoinPool.commonPool-worker-1] INFO  server.RaftServer$Division (RaftServerImpl.java:lambda$close$4(412)) - 862c3159-621e-4808-8fb5-192a2fed7743@group-3FEA44E64FBE: shutdown
2022-04-24 04:16:35,955 [ForkJoinPool.commonPool-worker-1] INFO  util.JmxRegister (JmxRegister.java:unregister(73)) - Successfully un-registered JMX Bean with object name Ratis:service=RaftServer,group=group-3FEA44E64FBE,id=862c3159-621e-4808-8fb5-192a2fed7743
2022-04-24 04:16:35,955 [ForkJoinPool.commonPool-worker-1] INFO  impl.RoleInfo (RoleInfo.java:shutdownFollowerState(108)) - 862c3159-621e-4808-8fb5-192a2fed7743: shutdown 862c3159-621e-4808-8fb5-192a2fed7743@group-3FEA44E64FBE-FollowerState
2022-04-24 04:16:35,955 [862c3159-621e-4808-8fb5-192a2fed7743@group-3FEA44E64FBE-FollowerState] INFO  impl.FollowerState (FollowerState.java:run(143)) - 862c3159-621e-4808-8fb5-192a2fed7743@group-3FEA44E64FBE-FollowerState was interrupted: {}
java.lang.InterruptedException: sleep interrupted
	at java.lang.Thread.sleep(Native Method)
	at java.lang.Thread.sleep(Thread.java:342)
	at java.util.concurrent.TimeUnit.sleep(TimeUnit.java:386)
	at org.apache.ratis.util.TimeDuration.sleep(TimeDuration.java:324)
	at org.apache.ratis.util.TimeDuration.sleep(TimeDuration.java:309)
	at org.apache.ratis.server.impl.FollowerState.run(FollowerState.java:118)
2022-04-24 04:16:35,955 [ForkJoinPool.commonPool-worker-1] INFO  impl.StateMachineUpdater (StateMachineUpdater.java:stopAndJoin(149)) - 862c3159-621e-4808-8fb5-192a2fed7743@group-3FEA44E64FBE-StateMachineUpdater: set stopIndex = -1
2022-04-24 04:16:35,956 [ForkJoinPool.commonPool-worker-1] INFO  server.RaftServer$Division (ServerState.java:close(419)) - 862c3159-621e-4808-8fb5-192a2fed7743@group-3FEA44E64FBE: closes. applyIndex: -1
2022-04-24 04:16:35,956 [862c3159-621e-4808-8fb5-192a2fed7743@group-3FEA44E64FBE-SegmentedRaftLogWorker] INFO  segmented.SegmentedRaftLogWorker (SegmentedRaftLogWorker.java:run(327)) - 862c3159-621e-4808-8fb5-192a2fed7743@group-3FEA44E64FBE-SegmentedRaftLogWorker was interrupted, exiting. There are 0 tasks remaining in the queue.
2022-04-24 04:16:35,956 [ForkJoinPool.commonPool-worker-1] INFO  segmented.SegmentedRaftLogWorker (SegmentedRaftLogWorker.java:close(237)) - 862c3159-621e-4808-8fb5-192a2fed7743@group-3FEA44E64FBE-SegmentedRaftLogWorker close()
2022-04-24 04:16:35,956 [ForkJoinPool.commonPool-worker-1] INFO  server.GrpcService (GrpcService.java:closeImpl(262)) - 862c3159-621e-4808-8fb5-192a2fed7743: shutdown server with port 38757 now
2022-04-24 04:16:35,966 [grpc-default-executor-1] WARN  client.GrpcClientProtocolService (LogUtils.java:warn(122)) - 1-UnorderedRequestStreamObserver1: onError: org.apache.ratis.thirdparty.io.grpc.StatusRuntimeException: CANCELLED: client cancelled
2022-04-24 04:16:35,982 [ForkJoinPool.commonPool-worker-1] INFO  server.GrpcService (GrpcService.java:closeImpl(271)) - 862c3159-621e-4808-8fb5-192a2fed7743: shutdown server with port 38757 successfully
2022-04-24 04:16:35,983 [org.apache.ratis.util.JvmPauseMonitor$$Lambda$580/177642409@513d9eb1] INFO  util.JvmPauseMonitor (JvmPauseMonitor.java:run(109)) - JvmPauseMonitor-862c3159-621e-4808-8fb5-192a2fed7743: Stopped
2022-04-24 04:16:37,940 [Listener at 127.0.0.1/40137] INFO  utils.BackgroundService (BackgroundService.java:shutdown(132)) - Shutting down service BlockDeletingService
2022-04-24 04:16:38,015 [ForkJoinPool.commonPool-worker-1] INFO  utils.BackgroundService (BackgroundService.java:shutdown(132)) - Shutting down service BlockDeletingService
2022-04-24 04:16:40,963 [Listener at 127.0.0.1/40137] INFO  statemachine.DatanodeStateMachine (DatanodeStateMachine.java:stopDaemon(560)) - Ozone container server stopped.
2022-04-24 04:16:40,964 [Listener at 127.0.0.1/40137] INFO  handler.ContextHandler (ContextHandler.java:doStop(1153)) - Stopped o.e.j.w.WebAppContext@1e4fd633{hddsDatanode,/,null,STOPPED}{jar:file:/home/runner/.m2/repository/org/apache/ozone/hdds-container-service/1.3.0-SNAPSHOT/hdds-container-service-1.3.0-SNAPSHOT.jar!/webapps/hddsDatanode}
2022-04-24 04:16:40,972 [Listener at 127.0.0.1/40137] INFO  server.AbstractConnector (AbstractConnector.java:doStop(381)) - Stopped ServerConnector@14abfc39{HTTP/1.1, (http/1.1)}{0.0.0.0:0}
2022-04-24 04:16:40,972 [Listener at 127.0.0.1/40137] INFO  server.session (HouseKeeper.java:stopScavenging(149)) - node0 Stopped scavenging
2022-04-24 04:16:40,972 [Listener at 127.0.0.1/40137] INFO  handler.ContextHandler (ContextHandler.java:doStop(1153)) - Stopped o.e.j.s.ServletContextHandler@65ec5a7e{static,/static,jar:file:/home/runner/.m2/repository/org/apache/ozone/hdds-container-service/1.3.0-SNAPSHOT/hdds-container-service-1.3.0-SNAPSHOT.jar!/webapps/static,STOPPED}
2022-04-24 04:16:40,973 [Listener at 127.0.0.1/40137] INFO  handler.ContextHandler (ContextHandler.java:doStop(1153)) - Stopped o.e.j.s.ServletContextHandler@67452d8{logs,/logs,file:///home/runner/work/ozone/ozone/hadoop-ozone/integration-test/target/log,STOPPED}
2022-04-24 04:16:41,018 [ForkJoinPool.commonPool-worker-1] INFO  statemachine.DatanodeStateMachine (DatanodeStateMachine.java:stopDaemon(560)) - Ozone container server stopped.
2022-04-24 04:16:41,022 [ForkJoinPool.commonPool-worker-1] INFO  handler.ContextHandler (ContextHandler.java:doStop(1153)) - Stopped o.e.j.w.WebAppContext@4fcbf387{hddsDatanode,/,null,STOPPED}{jar:file:/home/runner/.m2/repository/org/apache/ozone/hdds-container-service/1.3.0-SNAPSHOT/hdds-container-service-1.3.0-SNAPSHOT.jar!/webapps/hddsDatanode}
2022-04-24 04:16:41,039 [ForkJoinPool.commonPool-worker-1] INFO  server.AbstractConnector (AbstractConnector.java:doStop(381)) - Stopped ServerConnector@5d0c5251{HTTP/1.1, (http/1.1)}{0.0.0.0:0}
2022-04-24 04:16:41,039 [ForkJoinPool.commonPool-worker-1] INFO  server.session (HouseKeeper.java:stopScavenging(149)) - node0 Stopped scavenging
2022-04-24 04:16:41,044 [ForkJoinPool.commonPool-worker-1] INFO  handler.ContextHandler (ContextHandler.java:doStop(1153)) - Stopped o.e.j.s.ServletContextHandler@45a7770d{static,/static,jar:file:/home/runner/.m2/repository/org/apache/ozone/hdds-container-service/1.3.0-SNAPSHOT/hdds-container-service-1.3.0-SNAPSHOT.jar!/webapps/static,STOPPED}
2022-04-24 04:16:41,045 [ForkJoinPool.commonPool-worker-1] INFO  handler.ContextHandler (ContextHandler.java:doStop(1153)) - Stopped o.e.j.s.ServletContextHandler@579612f8{logs,/logs,file:///home/runner/work/ozone/ozone/hadoop-ozone/integration-test/target/log,STOPPED}
2022-04-24 04:16:45,979 [Listener at 127.0.0.1/40137] INFO  ozoneimpl.OzoneContainer (OzoneContainer.java:stop(356)) - Attempting to stop container services.
2022-04-24 04:16:45,980 [Listener at 127.0.0.1/40137] INFO  server.RaftServer (RaftServerProxy.java:lambda$close$6(391)) - e5466937-965b-4b6e-8204-a37ae84ad2ab: close
2022-04-24 04:16:45,980 [Listener at 127.0.0.1/40137] INFO  server.RaftServer$Division (RaftServerImpl.java:lambda$close$4(412)) - e5466937-965b-4b6e-8204-a37ae84ad2ab@group-2393F5A06436: shutdown
2022-04-24 04:16:45,980 [Listener at 127.0.0.1/40137] INFO  util.JmxRegister (JmxRegister.java:unregister(73)) - Successfully un-registered JMX Bean with object name Ratis:service=RaftServer,group=group-2393F5A06436,id=e5466937-965b-4b6e-8204-a37ae84ad2ab
2022-04-24 04:16:45,980 [Listener at 127.0.0.1/40137] INFO  impl.RoleInfo (RoleInfo.java:shutdownLeaderState(91)) - e5466937-965b-4b6e-8204-a37ae84ad2ab: shutdown e5466937-965b-4b6e-8204-a37ae84ad2ab@group-2393F5A06436-LeaderStateImpl
2022-04-24 04:16:45,981 [Listener at 127.0.0.1/40137] INFO  impl.PendingRequests (PendingRequests.java:sendNotLeaderResponses(282)) - e5466937-965b-4b6e-8204-a37ae84ad2ab@group-2393F5A06436-PendingRequests: sendNotLeaderResponses
2022-04-24 04:16:45,986 [Listener at 127.0.0.1/40137] INFO  impl.StateMachineUpdater (StateMachineUpdater.java:stopAndJoin(149)) - e5466937-965b-4b6e-8204-a37ae84ad2ab@group-2393F5A06436-StateMachineUpdater: set stopIndex = 0
2022-04-24 04:16:45,986 [e5466937-965b-4b6e-8204-a37ae84ad2ab@group-2393F5A06436-StateMachineUpdater] INFO  ratis.ContainerStateMachine (ContainerStateMachine.java:takeSnapshot(304)) - group-2393F5A06436: Taking a snapshot at:(t:1, i:0) file /home/runner/work/ozone/ozone/hadoop-ozone/integration-test/target/test-dir/MiniOzoneClusterImpl-e7da0ab5-4936-473d-8bac-46be260cf6da/datanode-3/data/ratis/f7883620-447b-41f9-9897-2393f5a06436/sm/snapshot.1_0
2022-04-24 04:16:45,988 [e5466937-965b-4b6e-8204-a37ae84ad2ab@group-2393F5A06436-StateMachineUpdater] INFO  ratis.ContainerStateMachine (ContainerStateMachine.java:takeSnapshot(315)) - group-2393F5A06436: Finished taking a snapshot at:(t:1, i:0) file:/home/runner/work/ozone/ozone/hadoop-ozone/integration-test/target/test-dir/MiniOzoneClusterImpl-e7da0ab5-4936-473d-8bac-46be260cf6da/datanode-3/data/ratis/f7883620-447b-41f9-9897-2393f5a06436/sm/snapshot.1_0 took: 1 ms
2022-04-24 04:16:45,988 [e5466937-965b-4b6e-8204-a37ae84ad2ab@group-2393F5A06436-StateMachineUpdater] INFO  impl.StateMachineUpdater (StateMachineUpdater.java:takeSnapshot(281)) - e5466937-965b-4b6e-8204-a37ae84ad2ab@group-2393F5A06436-StateMachineUpdater: Took a snapshot at index 0
2022-04-24 04:16:45,988 [e5466937-965b-4b6e-8204-a37ae84ad2ab@group-2393F5A06436-StateMachineUpdater] INFO  impl.StateMachineUpdater (StateMachineUpdater.java:lambda$new$0(89)) - e5466937-965b-4b6e-8204-a37ae84ad2ab@group-2393F5A06436-StateMachineUpdater: snapshotIndex: updateIncreasingly -1 -> 0
2022-04-24 04:16:45,993 [Listener at 127.0.0.1/40137] INFO  server.RaftServer$Division (ServerState.java:close(419)) - e5466937-965b-4b6e-8204-a37ae84ad2ab@group-2393F5A06436: closes. applyIndex: 0
2022-04-24 04:16:45,994 [e5466937-965b-4b6e-8204-a37ae84ad2ab@group-2393F5A06436-SegmentedRaftLogWorker] INFO  segmented.SegmentedRaftLogWorker (SegmentedRaftLogWorker.java:run(327)) - e5466937-965b-4b6e-8204-a37ae84ad2ab@group-2393F5A06436-SegmentedRaftLogWorker was interrupted, exiting. There are 0 tasks remaining in the queue.
2022-04-24 04:16:46,007 [Listener at 127.0.0.1/40137] INFO  segmented.SegmentedRaftLogWorker (SegmentedRaftLogWorker.java:close(237)) - e5466937-965b-4b6e-8204-a37ae84ad2ab@group-2393F5A06436-SegmentedRaftLogWorker close()
2022-04-24 04:16:46,007 [Listener at 127.0.0.1/40137] INFO  server.GrpcService (GrpcService.java:closeImpl(262)) - e5466937-965b-4b6e-8204-a37ae84ad2ab: shutdown server with port 45821 now
2022-04-24 04:16:46,021 [Listener at 127.0.0.1/40137] INFO  server.GrpcService (GrpcService.java:closeImpl(271)) - e5466937-965b-4b6e-8204-a37ae84ad2ab: shutdown server with port 45821 successfully
2022-04-24 04:16:46,021 [org.apache.ratis.util.JvmPauseMonitor$$Lambda$580/177642409@1a5b8efa] INFO  util.JvmPauseMonitor (JvmPauseMonitor.java:run(109)) - JvmPauseMonitor-e5466937-965b-4b6e-8204-a37ae84ad2ab: Stopped
2022-04-24 04:16:48,045 [Listener at 127.0.0.1/40137] INFO  utils.BackgroundService (BackgroundService.java:shutdown(132)) - Shutting down service BlockDeletingService
2022-04-24 04:16:51,062 [Listener at 127.0.0.1/40137] INFO  statemachine.DatanodeStateMachine (DatanodeStateMachine.java:stopDaemon(560)) - Ozone container server stopped.
2022-04-24 04:16:51,063 [Listener at 127.0.0.1/40137] INFO  handler.ContextHandler (ContextHandler.java:doStop(1153)) - Stopped o.e.j.w.WebAppContext@7b0fce68{hddsDatanode,/,null,STOPPED}{jar:file:/home/runner/.m2/repository/org/apache/ozone/hdds-container-service/1.3.0-SNAPSHOT/hdds-container-service-1.3.0-SNAPSHOT.jar!/webapps/hddsDatanode}
2022-04-24 04:16:51,065 [Listener at 127.0.0.1/40137] INFO  server.AbstractConnector (AbstractConnector.java:doStop(381)) - Stopped ServerConnector@15eae4fa{HTTP/1.1, (http/1.1)}{0.0.0.0:0}
2022-04-24 04:16:51,065 [Listener at 127.0.0.1/40137] INFO  server.session (HouseKeeper.java:stopScavenging(149)) - node0 Stopped scavenging
2022-04-24 04:16:51,065 [Listener at 127.0.0.1/40137] INFO  handler.ContextHandler (ContextHandler.java:doStop(1153)) - Stopped o.e.j.s.ServletContextHandler@52d2a313{static,/static,jar:file:/home/runner/.m2/repository/org/apache/ozone/hdds-container-service/1.3.0-SNAPSHOT/hdds-container-service-1.3.0-SNAPSHOT.jar!/webapps/static,STOPPED}
2022-04-24 04:16:51,065 [Listener at 127.0.0.1/40137] INFO  handler.ContextHandler (ContextHandler.java:doStop(1153)) - Stopped o.e.j.s.ServletContextHandler@7f0bc723{logs,/logs,file:///home/runner/work/ozone/ozone/hadoop-ozone/integration-test/target/log,STOPPED}
2022-04-24 04:16:51,067 [Listener at 127.0.0.1/40137] INFO  ozone.MiniOzoneClusterImpl (MiniOzoneClusterImpl.java:stopSCM(545)) - Stopping the StorageContainerManager
2022-04-24 04:16:51,067 [Listener at 127.0.0.1/40137] INFO  server.StorageContainerManager (StorageContainerManager.java:stop(1415)) - Stopping Container Balancer service.
2022-04-24 04:16:51,067 [Listener at 127.0.0.1/40137] INFO  balancer.ContainerBalancer (ContainerBalancer.java:stopBalancer(916)) - Container Balancer is not running.
2022-04-24 04:16:51,067 [Listener at 127.0.0.1/40137] INFO  server.StorageContainerManager (StorageContainerManager.java:stop(1422)) - Stopping Replication Manager Service.
2022-04-24 04:16:51,067 [Listener at 127.0.0.1/40137] INFO  container.ReplicationManager (ReplicationManager.java:stop(357)) - Stopping Replication Monitor Thread.
2022-04-24 04:16:51,067 [Listener at 127.0.0.1/40137] INFO  server.StorageContainerManager (StorageContainerManager.java:stop(1429)) - Stopping the Datanode Admin Monitor.
2022-04-24 04:16:51,073 [Listener at 127.0.0.1/40137] INFO  server.StorageContainerManager (StorageContainerManager.java:stop(1436)) - Stopping Lease Manager of the command watchers
2022-04-24 04:16:51,073 [Listener at 127.0.0.1/40137] INFO  server.StorageContainerManager (StorageContainerManager.java:stop(1443)) - Stopping datanode service RPC server
2022-04-24 04:16:51,073 [Listener at 127.0.0.1/40137] INFO  server.SCMDatanodeProtocolServer (SCMDatanodeProtocolServer.java:stop(400)) - Stopping the RPC server for DataNodes
2022-04-24 04:16:51,074 [Listener at 127.0.0.1/40137] INFO  ipc.Server (Server.java:stop(3414)) - Stopping server on 38325
2022-04-24 04:16:51,074 [IPC Server listener on 0] INFO  ipc.Server (Server.java:run(1376)) - Stopping IPC Server listener on 0
2022-04-24 04:16:51,100 [IPC Server Responder] INFO  ipc.Server (Server.java:run(1512)) - Stopping IPC Server Responder
2022-04-24 04:16:51,171 [SCM Heartbeat Processing Thread - 0] WARN  node.NodeStateManager (NodeStateManager.java:scheduleNextHealthCheck(815)) - Current Thread is interrupted, shutting down HB processing thread for Node Manager.
2022-04-24 04:16:51,171 [Listener at 127.0.0.1/40137] INFO  server.StorageContainerManager (StorageContainerManager.java:stop(1451)) - Stopping block service RPC server
2022-04-24 04:16:51,171 [Listener at 127.0.0.1/40137] INFO  server.SCMBlockProtocolServer (SCMBlockProtocolServer.java:stop(160)) - Stopping the RPC server for Block Protocol
2022-04-24 04:16:51,171 [Listener at 127.0.0.1/40137] INFO  ipc.Server (Server.java:stop(3414)) - Stopping server on 39111
2022-04-24 04:16:51,181 [IPC Server Responder] INFO  ipc.Server (Server.java:run(1512)) - Stopping IPC Server Responder
2022-04-24 04:16:51,181 [Listener at 127.0.0.1/40137] INFO  server.StorageContainerManager (StorageContainerManager.java:stop(1458)) - Stopping the StorageContainerLocationProtocol RPC server
2022-04-24 04:16:51,182 [Listener at 127.0.0.1/40137] INFO  server.SCMClientProtocolServer (SCMClientProtocolServer.java:stop(178)) - Stopping the RPC server for Client Protocol
2022-04-24 04:16:51,182 [Listener at 127.0.0.1/40137] INFO  ipc.Server (Server.java:stop(3414)) - Stopping server on 40267
2022-04-24 04:16:51,183 [IPC Server listener on 0] INFO  ipc.Server (Server.java:run(1376)) - Stopping IPC Server listener on 0
2022-04-24 04:16:51,191 [IPC Server Responder] INFO  ipc.Server (Server.java:run(1512)) - Stopping IPC Server Responder
2022-04-24 04:16:51,191 [IPC Server listener on 0] INFO  ipc.Server (Server.java:run(1376)) - Stopping IPC Server listener on 0
2022-04-24 04:16:51,191 [Listener at 127.0.0.1/40137] INFO  server.StorageContainerManager (StorageContainerManager.java:stop(1465)) - Stopping Storage Container Manager HTTP server.
2022-04-24 04:16:51,201 [Listener at 127.0.0.1/40137] INFO  handler.ContextHandler (ContextHandler.java:doStop(1153)) - Stopped o.e.j.w.WebAppContext@5e8f17a5{scm,/,null,STOPPED}{file:/home/runner/work/ozone/ozone/hadoop-ozone/integration-test/target/test-classes/webapps/scm}
2022-04-24 04:16:51,205 [Listener at 127.0.0.1/40137] INFO  server.AbstractConnector (AbstractConnector.java:doStop(381)) - Stopped ServerConnector@69f4cf0{HTTP/1.1, (http/1.1)}{0.0.0.0:0}
2022-04-24 04:16:51,206 [Listener at 127.0.0.1/40137] INFO  server.session (HouseKeeper.java:stopScavenging(149)) - node0 Stopped scavenging
2022-04-24 04:16:51,206 [Listener at 127.0.0.1/40137] INFO  handler.ContextHandler (ContextHandler.java:doStop(1153)) - Stopped o.e.j.s.ServletContextHandler@1dfbf67a{static,/static,file:///home/runner/work/ozone/ozone/hadoop-ozone/integration-test/target/test-classes/webapps/static,STOPPED}
2022-04-24 04:16:51,206 [Listener at 127.0.0.1/40137] INFO  handler.ContextHandler (ContextHandler.java:doStop(1153)) - Stopped o.e.j.s.ServletContextHandler@4cb9fc4a{logs,/logs,file:///home/runner/work/ozone/ozone/hadoop-ozone/integration-test/target/log,STOPPED}
2022-04-24 04:16:51,213 [Listener at 127.0.0.1/40137] INFO  server.StorageContainerManager (StorageContainerManager.java:stop(1476)) - Stopping Block Manager Service.
2022-04-24 04:16:51,213 [Listener at 127.0.0.1/40137] INFO  utils.BackgroundService (BackgroundService.java:shutdown(132)) - Shutting down service SCMBlockDeletingService
2022-04-24 04:16:51,214 [Listener at 127.0.0.1/40137] INFO  utils.BackgroundService (BackgroundService.java:shutdown(132)) - Shutting down service SCMBlockDeletingService
2022-04-24 04:16:51,214 [Listener at 127.0.0.1/40137] INFO  server.StorageContainerManager (StorageContainerManager.java:stop(1503)) - Stopping SCM Event Queue.
2022-04-24 04:16:51,215 [Listener at 127.0.0.1/40137] INFO  server.StorageContainerManager (StorageContainerManager.java:stop(1514)) - Stopping SCM HA services.
2022-04-24 04:16:51,215 [Listener at 127.0.0.1/40137] INFO  pipeline.BackgroundPipelineCreator (BackgroundPipelineCreator.java:stop(154)) - Stopping RatisPipelineUtilsThread.
2022-04-24 04:16:51,215 [Listener at 127.0.0.1/40137] INFO  server.StorageContainerManager (StorageContainerManager.java:stop(1524)) - Stopping SCM MetadataStore.
2022-04-24 04:16:51,216 [Listener at 127.0.0.1/40137] INFO  impl.MetricsSystemImpl (MetricsSystemImpl.java:stop(210)) - Stopping HddsDatanode metrics system...
2022-04-24 04:16:51,250 [prometheus] INFO  impl.MetricsSinkAdapter (MetricsSinkAdapter.java:publishMetricsFromQueue(141)) - prometheus thread interrupted.
2022-04-24 04:16:51,253 [Listener at 127.0.0.1/40137] INFO  impl.MetricsSystemImpl (MetricsSystemImpl.java:stop(216)) - HddsDatanode metrics system stopped.
2022-04-24 04:16:51,415 [Listener at 127.0.0.1/40137] WARN  server.ServerUtils (ServerUtils.java:getScmDbDir(148)) - ozone.scm.db.dirs is not configured. We recommend adding this setting. Falling back to ozone.metadata.dirs instead.
2022-04-24 04:16:51,433 [Listener at 127.0.0.1/40137] INFO  ha.SCMHANodeDetails (SCMHANodeDetails.java:loadSCMHAConfig(157)) - ServiceID for StorageContainerManager is null
2022-04-24 04:16:51,434 [Listener at 127.0.0.1/40137] INFO  ha.SCMHANodeDetails (SCMHANodeDetails.java:loadSCMHAConfig(162)) - ozone.scm.default.service.id is not defined, falling back to ozone.scm.service.ids to find serviceID for StorageContainerManager if it is HA enabled cluster
2022-04-24 04:16:51,434 [Listener at 127.0.0.1/40137] WARN  server.ServerUtils (ServerUtils.java:getScmDbDir(148)) - ozone.scm.db.dirs is not configured. We recommend adding this setting. Falling back to ozone.metadata.dirs instead.
2022-04-24 04:16:51,435 [Listener at 127.0.0.1/40137] INFO  upgrade.AbstractLayoutVersionManager (AbstractLayoutVersionManager.java:init(79)) - Initializing Layout version manager with metadata layout = ERASURE_CODED_STORAGE_SUPPORT (version = 3), software layout = ERASURE_CODED_STORAGE_SUPPORT (version = 3)
2022-04-24 04:16:51,534 [Listener at 127.0.0.1/40137] INFO  reflections.Reflections (Reflections.java:scan(232)) - Reflections took 97 ms to scan 7 urls, producing 126 keys and 287 values 
2022-04-24 04:16:51,538 [Listener at 127.0.0.1/40137] WARN  utils.HAUtils (HAUtils.java:getMetaDir(342)) - ozone.scm.db.dirs is not configured. We recommend adding this setting. Falling back to ozone.metadata.dirs instead.
2022-04-24 04:16:51,539 [Listener at 127.0.0.1/40137] WARN  db.DBStoreBuilder (DBStoreBuilder.java:applyDBDefinition(145)) - ozone.scm.db.dirs is not configured. We recommend adding this setting. Falling back to ozone.metadata.dirs instead.
2022-04-24 04:16:51,732 [Listener at 127.0.0.1/40137] INFO  net.NodeSchemaLoader (NodeSchemaLoader.java:loadSchemaFromFile(129)) - Loading schema from [jar:file:/home/runner/.m2/repository/org/apache/ozone/hdds-common/1.3.0-SNAPSHOT/hdds-common-1.3.0-SNAPSHOT.jar!/network-topology-default.xml]
2022-04-24 04:16:51,733 [Listener at 127.0.0.1/40137] INFO  net.NodeSchemaLoader (NodeSchemaLoader.java:loadSchema(176)) - Loading network topology layer schema file
2022-04-24 04:16:51,761 [Listener at 127.0.0.1/40137] INFO  ha.SequenceIdGenerator (SequenceIdGenerator.java:upgradeToSequenceId(347)) - upgrade localId to 109611004723200000
2022-04-24 04:16:51,761 [Listener at 127.0.0.1/40137] INFO  ha.SequenceIdGenerator (SequenceIdGenerator.java:upgradeToSequenceId(357)) - upgrade delTxnId to 0
2022-04-24 04:16:51,761 [Listener at 127.0.0.1/40137] INFO  ha.SequenceIdGenerator (SequenceIdGenerator.java:upgradeToSequenceId(371)) - upgrade containerId to 0
2022-04-24 04:16:51,761 [Listener at 127.0.0.1/40137] INFO  ha.SequenceIdGenerator (SequenceIdGenerator.java:<init>(218)) - Init the HA SequenceIdGenerator.
2022-04-24 04:16:51,762 [Listener at 127.0.0.1/40137] WARN  server.ServerUtils (ServerUtils.java:sanitizeUserArgs(73)) - ozone.scm.stale.node.interval value = 300000 is larger than max = 100000 based on the key value of ozone.scm.heartbeat.thread.interval, reset to the max value 100000.
2022-04-24 04:16:51,762 [Listener at 127.0.0.1/40137] WARN  server.ServerUtils (ServerUtils.java:sanitizeUserArgs(73)) - ozone.scm.stale.node.interval value = 300000 is larger than max = 100000 based on the key value of ozone.scm.heartbeat.thread.interval, reset to the max value 100000.
2022-04-24 04:16:51,770 [Listener at 127.0.0.1/40137] INFO  node.SCMNodeManager (SCMNodeManager.java:<init>(146)) - Entering startup safe mode.
2022-04-24 04:16:51,771 [Listener at 127.0.0.1/40137] INFO  algorithms.ContainerPlacementPolicyFactory (ContainerPlacementPolicyFactory.java:getPolicyInternal(86)) - Create container placement policy of type org.apache.hadoop.hdds.scm.container.placement.algorithms.SCMContainerPlacementRandom
2022-04-24 04:16:51,771 [Listener at 127.0.0.1/40137] INFO  pipeline.PipelineStateManagerImpl (PipelineStateManagerImpl.java:initialize(78)) - No pipeline exists in current db
2022-04-24 04:16:51,772 [Listener at 127.0.0.1/40137] INFO  algorithms.LeaderChoosePolicyFactory (LeaderChoosePolicyFactory.java:getPolicy(57)) - Create leader choose policy of type org.apache.hadoop.hdds.scm.pipeline.leader.choose.algorithms.MinLeaderCountChoosePolicy
2022-04-24 04:16:51,772 [Listener at 127.0.0.1/40137] INFO  algorithms.ContainerPlacementPolicyFactory (ContainerPlacementPolicyFactory.java:getPolicyInternal(86)) - Create container placement policy of type org.apache.hadoop.hdds.scm.container.placement.algorithms.SCMContainerPlacementRackScatter
2022-04-24 04:16:51,772 [Listener at 127.0.0.1/40137] INFO  ha.SCMServiceManager (SCMServiceManager.java:register(42)) - Registering service BackgroundPipelineCreator.
2022-04-24 04:16:51,772 [Listener at 127.0.0.1/40137] INFO  pipeline.BackgroundPipelineCreator (BackgroundPipelineCreator.java:start(129)) - Starting RatisPipelineUtilsThread.
2022-04-24 04:16:51,777 [Listener at 127.0.0.1/40137] INFO  algorithms.PipelineChoosePolicyFactory (PipelineChoosePolicyFactory.java:createPipelineChoosePolicyFromClass(73)) - Create pipeline choose policy of type org.apache.hadoop.hdds.scm.pipeline.choose.algorithms.RandomPipelineChoosePolicy
2022-04-24 04:16:51,777 [Listener at 127.0.0.1/40137] INFO  ha.SCMServiceManager (SCMServiceManager.java:register(42)) - Registering service SCMBlockDeletingService.
2022-04-24 04:16:51,777 [Listener at 127.0.0.1/40137] INFO  ha.SCMServiceManager (SCMServiceManager.java:register(42)) - Registering service ReplicationManager.
2022-04-24 04:16:51,778 [Listener at 127.0.0.1/40137] INFO  container.ReplicationManager (ReplicationManager.java:start(326)) - Starting Replication Monitor Thread.
2022-04-24 04:16:51,781 [Listener at 127.0.0.1/40137] INFO  safemode.ContainerSafeModeRule (ContainerSafeModeRule.java:<init>(89)) - containers with one replica threshold count 0
2022-04-24 04:16:51,781 [Listener at 127.0.0.1/40137] INFO  safemode.HealthyPipelineSafeModeRule (HealthyPipelineSafeModeRule.java:initializeRule(156)) - Total pipeline count is 0, healthy pipeline threshold count is 1
2022-04-24 04:16:51,782 [Listener at 127.0.0.1/40137] INFO  safemode.OneReplicaPipelineSafeModeRule (OneReplicaPipelineSafeModeRule.java:initializeRule(180)) - Total pipeline count is 0, pipeline's with at least one datanode reported threshold count is 0
2022-04-24 04:16:51,784 [Listener at 127.0.0.1/40137] INFO  ipc.CallQueueManager (CallQueueManager.java:<init>(90)) - Using callQueue: class java.util.concurrent.LinkedBlockingQueue, queueCapacity: 2000, scheduler: class org.apache.hadoop.ipc.DefaultRpcScheduler, ipcBackoff: false.
2022-04-24 04:16:51,788 [Socket Reader #1 for port 0] INFO  ipc.Server (Server.java:run(1265)) - Starting Socket Reader #1 for port 0
2022-04-24 04:16:51,790 [Listener at 0.0.0.0/34463] INFO  ipc.CallQueueManager (CallQueueManager.java:<init>(90)) - Using callQueue: class java.util.concurrent.LinkedBlockingQueue, queueCapacity: 2000, scheduler: class org.apache.hadoop.ipc.DefaultRpcScheduler, ipcBackoff: false.
2022-04-24 04:16:51,793 [Socket Reader #1 for port 0] INFO  ipc.Server (Server.java:run(1265)) - Starting Socket Reader #1 for port 0
2022-04-24 04:16:51,794 [Listener at 0.0.0.0/40493] INFO  ipc.CallQueueManager (CallQueueManager.java:<init>(90)) - Using callQueue: class java.util.concurrent.LinkedBlockingQueue, queueCapacity: 2000, scheduler: class org.apache.hadoop.ipc.DefaultRpcScheduler, ipcBackoff: false.
2022-04-24 04:16:51,803 [Socket Reader #1 for port 0] INFO  ipc.Server (Server.java:run(1265)) - Starting Socket Reader #1 for port 0
2022-04-24 04:16:51,810 [ReplicationMonitor] INFO  container.ReplicationManager (ReplicationManager.java:processAll(374)) - Replication Manager is not ready to run until 3000ms after safemode exit
2022-04-24 04:16:51,845 [Listener at 0.0.0.0/45515] INFO  server.StorageContainerManager (StorageContainerManager.java:<init>(390)) - 
Container Balancer status:
Key                            Value
Running                        false
Container Balancer Configuration values:
Key                                                Value
Threshold                                          10
Max Datanodes to Involve per Iteration(percent)    20
Max Size to Move per Iteration                     500GB
Max Size Entering Target per Iteration             26GB
Max Size Leaving Source per Iteration              26GB

2022-04-24 04:16:51,845 [Listener at 0.0.0.0/45515] WARN  events.EventQueue (EventQueue.java:fireEvent(194)) - No event handler registered for event TypedEvent{payloadType=SafeModeStatus, name='Safe mode status'}
2022-04-24 04:16:51,845 [Listener at 0.0.0.0/45515] INFO  ha.SCMContext (SCMContext.java:updateSafeModeStatus(211)) - Update SafeModeStatus from SafeModeStatus{safeModeStatus=true, preCheckPassed=false} to SafeModeStatus{safeModeStatus=true, preCheckPassed=false}.
2022-04-24 04:16:51,846 [Listener at 0.0.0.0/45515] INFO  server.StorageContainerManager (StorageContainerManager.java:start(1328)) - StorageContainerLocationProtocol RPC server is listening at /0.0.0.0:45515
2022-04-24 04:16:51,847 [Listener at 0.0.0.0/45515] WARN  impl.MetricsConfig (MetricsConfig.java:loadFirst(136)) - Cannot locate configuration: tried hadoop-metrics2-storagecontainermanager.properties,hadoop-metrics2.properties
2022-04-24 04:16:51,864 [Listener at 0.0.0.0/45515] INFO  impl.MetricsSystemImpl (MetricsSystemImpl.java:startTimer(378)) - Scheduled Metric snapshot period at 10 second(s).
2022-04-24 04:16:51,865 [Listener at 0.0.0.0/45515] INFO  impl.MetricsSystemImpl (MetricsSystemImpl.java:start(191)) - StorageContainerManager metrics system started
2022-04-24 04:16:51,937 [Listener at 0.0.0.0/45515] INFO  impl.MetricsSinkAdapter (MetricsSinkAdapter.java:start(204)) - Sink prometheus started
2022-04-24 04:16:51,938 [Listener at 0.0.0.0/45515] INFO  impl.MetricsSystemImpl (MetricsSystemImpl.java:registerSink(305)) - Registered sink prometheus
2022-04-24 04:16:52,008 [Listener at 0.0.0.0/45515] INFO  server.SCMClientProtocolServer (SCMClientProtocolServer.java:start(169)) - RPC server for Client  is listening at /0.0.0.0:45515
2022-04-24 04:16:52,019 [IPC Server Responder] INFO  ipc.Server (Server.java:run(1507)) - IPC Server Responder: starting
2022-04-24 04:16:52,037 [IPC Server listener on 0] INFO  ipc.Server (Server.java:run(1344)) - IPC Server listener on 0: starting
2022-04-24 04:16:52,069 [Listener at 0.0.0.0/45515] INFO  server.StorageContainerManager (StorageContainerManager.java:start(1343)) - ScmBlockLocationProtocol RPC server is listening at /0.0.0.0:40493
2022-04-24 04:16:52,070 [Listener at 0.0.0.0/45515] INFO  server.SCMBlockProtocolServer (SCMBlockProtocolServer.java:start(151)) - RPC server for Block Protocol is listening at /0.0.0.0:40493
2022-04-24 04:16:52,070 [IPC Server Responder] INFO  ipc.Server (Server.java:run(1507)) - IPC Server Responder: starting
2022-04-24 04:16:52,070 [IPC Server listener on 0] INFO  ipc.Server (Server.java:run(1344)) - IPC Server listener on 0: starting
2022-04-24 04:16:52,072 [Listener at 0.0.0.0/45515] INFO  server.SCMDatanodeProtocolServer (SCMDatanodeProtocolServer.java:start(183)) - ScmDatanodeProtocol RPC server for DataNodes is listening at /0.0.0.0:34463
2022-04-24 04:16:52,072 [IPC Server Responder] INFO  ipc.Server (Server.java:run(1507)) - IPC Server Responder: starting
2022-04-24 04:16:52,072 [IPC Server listener on 0] INFO  ipc.Server (Server.java:run(1344)) - IPC Server listener on 0: starting
2022-04-24 04:16:52,129 [Listener at 0.0.0.0/45515] INFO  http.BaseHttpServer (BaseHttpServer.java:newHttpServer2BuilderForOzone(209)) - Starting Web-server for scm at: http://0.0.0.0:0
2022-04-24 04:16:52,130 [Listener at 0.0.0.0/45515] INFO  http.BaseHttpServer (BaseHttpServer.java:<init>(107)) - Hadoop Security Enabled: false Ozone Security Enabled: false Ozone HTTP Security Enabled: false 
2022-04-24 04:16:52,131 [Listener at 0.0.0.0/45515] INFO  server.AuthenticationFilter (AuthenticationFilter.java:constructSecretProvider(240)) - Unable to initialize FileSignerSecretProvider, falling back to use random secrets.
2022-04-24 04:16:52,149 [Listener at 0.0.0.0/45515] WARN  http.HttpRequestLog (HttpRequestLog.java:getRequestLog(103)) - Jetty request log can only be enabled using Log4j
2022-04-24 04:16:52,150 [org.apache.hadoop.util.JvmPauseMonitor$Monitor@3e9b410a] INFO  util.JvmPauseMonitor (JvmPauseMonitor.java:run(188)) - Starting JVM pause monitor
2022-04-24 04:16:52,151 [Listener at 0.0.0.0/45515] INFO  http.HttpServer2 (HttpServer2.java:addGlobalFilter(1030)) - Added global filter 'safety' (class=org.apache.hadoop.hdds.server.http.HttpServer2$QuotingInputFilter)
2022-04-24 04:16:52,151 [Listener at 0.0.0.0/45515] INFO  http.HttpServer2 (HttpServer2.java:addFilter(1006)) - Added filter static_user_filter (class=org.apache.hadoop.http.lib.StaticUserWebFilter$StaticUserFilter) to context scm
2022-04-24 04:16:52,152 [Listener at 0.0.0.0/45515] INFO  http.HttpServer2 (HttpServer2.java:addFilter(1014)) - Added filter static_user_filter (class=org.apache.hadoop.http.lib.StaticUserWebFilter$StaticUserFilter) to context static
2022-04-24 04:16:52,152 [Listener at 0.0.0.0/45515] INFO  http.HttpServer2 (HttpServer2.java:addFilter(1014)) - Added filter static_user_filter (class=org.apache.hadoop.http.lib.StaticUserWebFilter$StaticUserFilter) to context logs
2022-04-24 04:16:52,152 [Listener at 0.0.0.0/45515] INFO  http.HttpServer2 (HttpServer2.java:bindListener(1249)) - Jetty bound to port 45835
2022-04-24 04:16:52,152 [Listener at 0.0.0.0/45515] INFO  server.Server (Server.java:doStart(375)) - jetty-9.4.43.v20210629; built: 2021-06-30T11:07:22.254Z; git: 526006ecfa3af7f1a27ef3a288e2bef7ea9dd7e8; jvm 1.8.0_322-b06
2022-04-24 04:16:52,186 [Listener at 0.0.0.0/45515] INFO  server.session (DefaultSessionIdManager.java:doStart(334)) - DefaultSessionIdManager workerName=node0
2022-04-24 04:16:52,187 [Listener at 0.0.0.0/45515] INFO  server.session (DefaultSessionIdManager.java:doStart(339)) - No SessionScavenger set, using defaults
2022-04-24 04:16:52,187 [Listener at 0.0.0.0/45515] INFO  server.session (HouseKeeper.java:startScavenging(132)) - node0 Scavenging every 600000ms
2022-04-24 04:16:52,188 [Listener at 0.0.0.0/45515] INFO  handler.ContextHandler (ContextHandler.java:doStart(915)) - Started o.e.j.s.ServletContextHandler@7446870c{logs,/logs,file:///home/runner/work/ozone/ozone/hadoop-ozone/integration-test/target/log,AVAILABLE}
2022-04-24 04:16:52,188 [Listener at 0.0.0.0/45515] INFO  handler.ContextHandler (ContextHandler.java:doStart(915)) - Started o.e.j.s.ServletContextHandler@27a5e750{static,/static,file:///home/runner/work/ozone/ozone/hadoop-ozone/integration-test/target/test-classes/webapps/static,AVAILABLE}
2022-04-24 04:16:52,191 [Listener at 0.0.0.0/45515] INFO  handler.ContextHandler (ContextHandler.java:doStart(915)) - Started o.e.j.w.WebAppContext@70263a9b{scm,/,file:///home/runner/work/ozone/ozone/hadoop-ozone/integration-test/target/test-classes/webapps/scm/,AVAILABLE}{file:/home/runner/work/ozone/ozone/hadoop-ozone/integration-test/target/test-classes/webapps/scm}
2022-04-24 04:16:52,201 [Listener at 0.0.0.0/45515] INFO  server.AbstractConnector (AbstractConnector.java:doStart(331)) - Started ServerConnector@63d53653{HTTP/1.1, (http/1.1)}{0.0.0.0:45835}
2022-04-24 04:16:52,229 [Listener at 0.0.0.0/45515] INFO  server.Server (Server.java:doStart(415)) - Started @129281ms
2022-04-24 04:16:52,230 [Listener at 0.0.0.0/45515] WARN  impl.MetricsSystemImpl (MetricsSystemImpl.java:register(279)) - Sink prometheus already exists!
2022-04-24 04:16:52,230 [Listener at 0.0.0.0/45515] INFO  http.BaseHttpServer (BaseHttpServer.java:updateConnectorAddress(329)) - HTTP server of scm listening at http://0.0.0.0:45835
2022-04-24 04:16:52,231 [Listener at 0.0.0.0/45515] WARN  server.ServerUtils (ServerUtils.java:getDBPath(225)) - ozone.om.db.dirs is not configured. We recommend adding this setting. Falling back to ozone.metadata.dirs instead.
2022-04-24 04:16:52,233 [Listener at 0.0.0.0/45515] INFO  ha.OMHANodeDetails (OMHANodeDetails.java:loadOMHAConfig(112)) - ozone.om.internal.service.id is not defined, falling back to ozone.om.service.ids to find serviceID for OzoneManager if it is HA enabled cluster
2022-04-24 04:16:52,234 [Listener at 0.0.0.0/45515] INFO  ha.OMHANodeDetails (OMHANodeDetails.java:loadOMHAConfig(218)) - Configuration does not have ozone.om.address set. Falling back to the default OM address /127.0.0.1:0
2022-04-24 04:16:52,234 [Listener at 0.0.0.0/45515] INFO  ha.OMHANodeDetails (OMHANodeDetails.java:getOMNodeDetailsForNonHA(246)) - OM Service ID is not set. Setting it to the default ID: omServiceIdDefault
2022-04-24 04:16:52,234 [Listener at 0.0.0.0/45515] INFO  ha.OMHANodeDetails (OMHANodeDetails.java:getOMNodeDetailsForNonHA(253)) - OM Node ID is not set. Setting it to the default ID: om1
2022-04-24 04:16:52,234 [Listener at 0.0.0.0/45515] WARN  server.ServerUtils (ServerUtils.java:getDBPath(225)) - ozone.om.db.dirs is not configured. We recommend adding this setting. Falling back to ozone.metadata.dirs instead.
2022-04-24 04:16:52,234 [Listener at 0.0.0.0/45515] INFO  upgrade.AbstractLayoutVersionManager (AbstractLayoutVersionManager.java:init(79)) - Initializing Layout version manager with metadata layout = ERASURE_CODED_STORAGE_SUPPORT (version = 1), software layout = ERASURE_CODED_STORAGE_SUPPORT (version = 1)
2022-04-24 04:16:52,318 [Listener at 0.0.0.0/45515] INFO  reflections.Reflections (Reflections.java:scan(232)) - Reflections took 83 ms to scan 2 urls, producing 142 keys and 367 values [using 2 cores]
2022-04-24 04:16:52,319 [Listener at 0.0.0.0/45515] INFO  upgrade.OMLayoutVersionManager (OMLayoutVersionManager.java:lambda$0(115)) - Skipping Upgrade Action MockOmUpgradeAction since it has been finalized.
2022-04-24 04:16:52,319 [Listener at 0.0.0.0/45515] WARN  server.ServerUtils (ServerUtils.java:getDBPath(225)) - ozone.om.db.dirs is not configured. We recommend adding this setting. Falling back to ozone.metadata.dirs instead.
2022-04-24 04:16:52,353 [Listener at 0.0.0.0/45515] WARN  server.ServerUtils (ServerUtils.java:getDBPath(225)) - ozone.om.db.dirs is not configured. We recommend adding this setting. Falling back to ozone.metadata.dirs instead.
2022-04-24 04:16:52,354 [Listener at 0.0.0.0/45515] INFO  codec.OmKeyInfoCodec (OmKeyInfoCodec.java:<init>(49)) - OmKeyInfoCodec ignorePipeline = true
2022-04-24 04:16:52,354 [Listener at 0.0.0.0/45515] INFO  codec.RepeatedOmKeyInfoCodec (RepeatedOmKeyInfoCodec.java:<init>(41)) - RepeatedOmKeyInfoCodec ignorePipeline = true
2022-04-24 04:16:52,597 [Listener at 0.0.0.0/45515] INFO  om.OzoneManager (OzoneManager.java:addS3GVolumeToDB(3770)) - Created Volume s3v With Owner runner required for S3Gateway operations.
2022-04-24 04:16:52,598 [Listener at 0.0.0.0/45515] WARN  server.ServerUtils (ServerUtils.java:getDefaultRatisDirectory(237)) - Storage directory for Ratis is not configured. It is a good idea to map this to an SSD disk. Falling back to ozone.metadata.dirs
2022-04-24 04:16:52,598 [Listener at 0.0.0.0/45515] WARN  utils.OzoneManagerRatisUtils (OzoneManagerRatisUtils.java:getOMRatisSnapshotDirectory(395)) - ozone.om.ratis.snapshot.dir is not configured. Falling back to ozone.metadata.dirs config
2022-04-24 04:16:52,598 [Listener at 0.0.0.0/45515] WARN  server.ServerUtils (ServerUtils.java:getDefaultRatisDirectory(237)) - Storage directory for Ratis is not configured. It is a good idea to map this to an SSD disk. Falling back to ozone.metadata.dirs
2022-04-24 04:16:52,599 [Listener at 0.0.0.0/45515] INFO  ratis.OzoneManagerRatisServer (OzoneManagerRatisServer.java:<init>(159)) - Instantiating OM Ratis server with groupID: omServiceIdDefault and peers: localhost:9872
2022-04-24 04:16:52,599 [Listener at 0.0.0.0/45515] INFO  ratis.OzoneManagerStateMachine (OzoneManagerStateMachine.java:loadSnapshotInfoFromDB(617)) - LastAppliedIndex is set from TransactionInfo from OM DB as (t:0, i:~)
2022-04-24 04:16:52,600 [Listener at 0.0.0.0/45515] INFO  server.RaftServer (ConfUtils.java:logGet(44)) - raft.rpc.type = GRPC (default)
2022-04-24 04:16:52,600 [Listener at 0.0.0.0/45515] INFO  grpc.GrpcFactory (GrpcFactory.java:checkPooledByteBufAllocatorUseCacheForAllThreads(48)) - PERFORMANCE WARNING: useCacheForAllThreads is true that may cause Netty to create a lot garbage objects and, as a result, trigger GC.
	It is recommended to disable useCacheForAllThreads by setting -Dorg.apache.ratis.thirdparty.io.netty.allocator.useCacheForAllThreads=false in command line.
2022-04-24 04:16:52,600 [Listener at 0.0.0.0/45515] INFO  grpc.GrpcConfigKeys (ConfUtils.java:logGet(44)) - raft.grpc.admin.port = -1 (default)
2022-04-24 04:16:52,600 [Listener at 0.0.0.0/45515] INFO  grpc.GrpcConfigKeys (ConfUtils.java:logGet(44)) - raft.grpc.server.port = 9872 (custom)
2022-04-24 04:16:52,600 [Listener at 0.0.0.0/45515] INFO  grpc.GrpcConfigKeys (ConfUtils.java:logGet(44)) - raft.grpc.client.port = -1 (default)
2022-04-24 04:16:52,600 [Listener at 0.0.0.0/45515] INFO  grpc.GrpcConfigKeys (ConfUtils.java:logGet(44)) - raft.grpc.server.port = 9872 (custom)
2022-04-24 04:16:52,601 [Listener at 0.0.0.0/45515] INFO  grpc.GrpcConfigKeys (ConfUtils.java:logGet(44)) - raft.grpc.server.port = 9872 (custom)
2022-04-24 04:16:52,601 [Listener at 0.0.0.0/45515] INFO  server.GrpcService (ConfUtils.java:logGet(44)) - raft.grpc.message.size.max = 33554432 (custom)
2022-04-24 04:16:52,601 [Listener at 0.0.0.0/45515] INFO  server.RaftServerConfigKeys (ConfUtils.java:logGet(44)) - raft.server.log.appender.buffer.byte-limit = 33554432 (custom)
2022-04-24 04:16:52,601 [Listener at 0.0.0.0/45515] INFO  server.GrpcService (ConfUtils.java:logGet(44)) - raft.grpc.flow.control.window = 1MB (=1048576) (default)
2022-04-24 04:16:52,601 [Listener at 0.0.0.0/45515] INFO  server.RaftServerConfigKeys (ConfUtils.java:logGet(44)) - raft.server.rpc.request.timeout = 3000ms (default)
2022-04-24 04:16:52,602 [Listener at 0.0.0.0/45515] INFO  impl.DataStreamServerImpl (ConfUtils.java:logGet(44)) - raft.datastream.type = DISABLED (default)
2022-04-24 04:16:52,603 [Listener at 0.0.0.0/45515] INFO  server.RaftServerConfigKeys (ConfUtils.java:logGet(44)) - raft.server.rpc.slowness.timeout = 120s (custom)
2022-04-24 04:16:52,603 [Listener at 0.0.0.0/45515] INFO  server.RaftServerConfigKeys (ConfUtils.java:logGet(44)) - raft.server.leaderelection.leader.step-down.wait-time = 10s (default)
2022-04-24 04:16:52,603 [Listener at 0.0.0.0/45515] INFO  server.RaftServerConfigKeys (ConfUtils.java:logGet(44)) - raft.server.storage.dir = [/home/runner/work/ozone/ozone/hadoop-ozone/integration-test/target/test-dir/MiniOzoneClusterImpl-83189976-e3c9-4226-841a-8dae3aba4f8d/ozone-meta/ratis] (custom)
2022-04-24 04:16:52,603 [Listener at 0.0.0.0/45515] INFO  server.RaftServer (RaftServerProxy.java:addNew(95)) - om1: addNew group-C5BA1605619E:[om1|rpc:localhost:9872|priority:0] returns group-C5BA1605619E:java.util.concurrent.CompletableFuture@1448372a[Not completed]
2022-04-24 04:16:52,603 [Listener at 0.0.0.0/45515] INFO  om.OzoneManager (OzoneManager.java:initializeRatisServer(1839)) - OzoneManager Ratis server initialized at port 9872
2022-04-24 04:16:52,605 [pool-441-thread-1] INFO  server.RaftServer$Division (RaftServerImpl.java:<init>(184)) - om1: new RaftServerImpl for group-C5BA1605619E:[om1|rpc:localhost:9872|priority:0] with OzoneManagerStateMachine:uninitialized
2022-04-24 04:16:52,618 [pool-441-thread-1] INFO  server.RaftServerConfigKeys (ConfUtils.java:logGet(44)) - raft.server.rpc.timeout.min = 1s (custom)
2022-04-24 04:16:52,618 [pool-441-thread-1] INFO  server.RaftServerConfigKeys (ConfUtils.java:logGet(44)) - raft.server.rpc.timeout.max = 1200ms (custom)
2022-04-24 04:16:52,618 [pool-441-thread-1] INFO  server.RaftServerConfigKeys (ConfUtils.java:logGet(44)) - raft.server.rpc.sleep.time = 25ms (default)
2022-04-24 04:16:52,618 [pool-441-thread-1] INFO  server.RaftServerConfigKeys (ConfUtils.java:logGet(44)) - raft.server.rpc.slowness.timeout = 120s (custom)
2022-04-24 04:16:52,618 [pool-441-thread-1] INFO  server.RaftServerConfigKeys (ConfUtils.java:logGet(44)) - raft.server.leaderelection.leader.step-down.wait-time = 10s (default)
2022-04-24 04:16:52,618 [pool-441-thread-1] INFO  server.RaftServerConfigKeys (ConfUtils.java:logGet(44)) - raft.server.sleep.deviation.threshold = 300ms (default)
2022-04-24 04:16:52,618 [pool-441-thread-1] INFO  server.RaftServerConfigKeys (ConfUtils.java:logGet(44)) - raft.server.log.appender.install.snapshot.enabled = false (custom)
2022-04-24 04:16:52,618 [pool-441-thread-1] INFO  server.RaftServer$Division (ServerState.java:<init>(105)) - om1@group-C5BA1605619E: ConfigurationManager, init=-1: [om1|rpc:localhost:9872|priority:0], old=null, confs=<EMPTY_MAP>
2022-04-24 04:16:52,618 [pool-441-thread-1] INFO  server.RaftServerConfigKeys (ConfUtils.java:logGet(44)) - raft.server.storage.dir = [/home/runner/work/ozone/ozone/hadoop-ozone/integration-test/target/test-dir/MiniOzoneClusterImpl-83189976-e3c9-4226-841a-8dae3aba4f8d/ozone-meta/ratis] (custom)
2022-04-24 04:16:52,619 [pool-441-thread-1] INFO  server.RaftServerConfigKeys (ConfUtils.java:logGet(44)) - raft.server.log.corruption.policy = EXCEPTION (default)
2022-04-24 04:16:52,619 [pool-441-thread-1] INFO  server.RaftServerConfigKeys (ConfUtils.java:logGet(44)) - raft.server.storage.free-space.min = 0MB (=0) (default)
2022-04-24 04:16:52,619 [pool-441-thread-1] INFO  storage.RaftStorageDirectory (RaftStorageDirectoryImpl.java:analyzeStorage(135)) - The storage directory /home/runner/work/ozone/ozone/hadoop-ozone/integration-test/target/test-dir/MiniOzoneClusterImpl-83189976-e3c9-4226-841a-8dae3aba4f8d/ozone-meta/ratis/bf265839-605b-3f16-9796-c5ba1605619e does not exist. Creating ...
2022-04-24 04:16:52,622 [pool-441-thread-1] INFO  storage.RaftStorageDirectory (RaftStorageDirectoryImpl.java:tryLock(230)) - Lock on /home/runner/work/ozone/ozone/hadoop-ozone/integration-test/target/test-dir/MiniOzoneClusterImpl-83189976-e3c9-4226-841a-8dae3aba4f8d/ozone-meta/ratis/bf265839-605b-3f16-9796-c5ba1605619e/in_use.lock acquired by nodename 18665@fv-az50-870
2022-04-24 04:16:52,623 [pool-441-thread-1] INFO  storage.RaftStorage (RaftStorageImpl.java:format(89)) - Storage directory /home/runner/work/ozone/ozone/hadoop-ozone/integration-test/target/test-dir/MiniOzoneClusterImpl-83189976-e3c9-4226-841a-8dae3aba4f8d/ozone-meta/ratis/bf265839-605b-3f16-9796-c5ba1605619e has been successfully formatted.
2022-04-24 04:16:52,624 [pool-441-thread-1] INFO  server.RaftServerConfigKeys (ConfUtils.java:logGet(44)) - raft.server.notification.no-leader.timeout = 120s (custom)
2022-04-24 04:16:52,624 [pool-441-thread-1] INFO  server.RaftServerConfigKeys (ConfUtils.java:logGet(44)) - raft.server.log.use.memory = false (default)
2022-04-24 04:16:52,624 [pool-441-thread-1] INFO  server.RaftServerConfigKeys (ConfUtils.java:logGet(44)) - raft.server.log.purge.gap = 1000000 (custom)
2022-04-24 04:16:52,624 [pool-441-thread-1] INFO  server.RaftServerConfigKeys (ConfUtils.java:logGet(44)) - raft.server.log.appender.buffer.byte-limit = 33554432 (custom)
2022-04-24 04:16:52,624 [pool-441-thread-1] INFO  server.RaftServerConfigKeys (ConfUtils.java:logGet(44)) - raft.server.log.segment.size.max = 4194304 (custom)
2022-04-24 04:16:52,624 [pool-441-thread-1] INFO  server.RaftServerConfigKeys (ConfUtils.java:logGet(44)) - raft.server.log.segment.cache.num.max = 2 (custom)
2022-04-24 04:16:52,624 [pool-441-thread-1] INFO  server.RaftServerConfigKeys (ConfUtils.java:logGet(44)) - raft.server.log.segment.cache.size.max = 200MB (=209715200) (default)
2022-04-24 04:16:52,624 [pool-441-thread-1] INFO  segmented.SegmentedRaftLogWorker (SegmentedRaftLogWorker.java:<init>(182)) - new om1@group-C5BA1605619E-SegmentedRaftLogWorker for RaftStorageImpl:Storage Directory /home/runner/work/ozone/ozone/hadoop-ozone/integration-test/target/test-dir/MiniOzoneClusterImpl-83189976-e3c9-4226-841a-8dae3aba4f8d/ozone-meta/ratis/bf265839-605b-3f16-9796-c5ba1605619e
2022-04-24 04:16:52,624 [pool-441-thread-1] INFO  server.RaftServerConfigKeys (ConfUtils.java:logGet(44)) - raft.server.log.queue.byte-limit = 64MB (=67108864) (default)
2022-04-24 04:16:52,624 [pool-441-thread-1] INFO  server.RaftServerConfigKeys (ConfUtils.java:logGet(44)) - raft.server.log.queue.element-limit = 4096 (default)
2022-04-24 04:16:52,624 [pool-441-thread-1] INFO  server.RaftServerConfigKeys (ConfUtils.java:logGet(44)) - raft.server.log.segment.size.max = 4194304 (custom)
2022-04-24 04:16:52,624 [pool-441-thread-1] INFO  server.RaftServerConfigKeys (ConfUtils.java:logGet(44)) - raft.server.log.preallocated.size = 4194304 (custom)
2022-04-24 04:16:52,625 [pool-441-thread-1] INFO  server.RaftServerConfigKeys (ConfUtils.java:logGet(44)) - raft.server.log.force.sync.num = 128 (default)
2022-04-24 04:16:52,625 [pool-441-thread-1] INFO  server.RaftServerConfigKeys (ConfUtils.java:logGet(44)) - raft.server.log.statemachine.data.sync = true (default)
2022-04-24 04:16:52,625 [pool-441-thread-1] INFO  server.RaftServerConfigKeys (ConfUtils.java:logGet(44)) - raft.server.log.statemachine.data.sync.timeout = 10s (default)
2022-04-24 04:16:52,625 [pool-441-thread-1] INFO  server.RaftServerConfigKeys (ConfUtils.java:logGet(44)) - raft.server.log.statemachine.data.sync.timeout.retry = -1 (default)
2022-04-24 04:16:52,625 [pool-441-thread-1] INFO  server.RaftServerConfigKeys (ConfUtils.java:logGet(44)) - raft.server.log.write.buffer.size = 64KB (=65536) (default)
2022-04-24 04:16:52,625 [pool-441-thread-1] INFO  server.RaftServerConfigKeys (ConfUtils.java:logGet(44)) - raft.server.log.statemachine.data.caching.enabled = false (default)
2022-04-24 04:16:52,625 [pool-441-thread-1] INFO  segmented.SegmentedRaftLogWorker (SegmentedRaftLogWorker.java:lambda$new$0(133)) - om1@group-C5BA1605619E-SegmentedRaftLogWorker: flushIndex: setUnconditionally 0 -> -1
2022-04-24 04:16:52,626 [pool-441-thread-1] INFO  segmented.SegmentedRaftLogWorker (SegmentedRaftLogWorker.java:lambda$new$0(133)) - om1@group-C5BA1605619E-SegmentedRaftLogWorker: safeCacheEvictIndex: setUnconditionally 0 -> -1
2022-04-24 04:16:52,651 [pool-441-thread-1] INFO  server.RaftServerConfigKeys (ConfUtils.java:logGet(44)) - raft.server.snapshot.auto.trigger.enabled = true (custom)
2022-04-24 04:16:52,651 [pool-441-thread-1] INFO  server.RaftServerConfigKeys (ConfUtils.java:logGet(44)) - raft.server.snapshot.auto.trigger.threshold = 400000 (default)
2022-04-24 04:16:52,651 [pool-441-thread-1] INFO  server.RaftServerConfigKeys (ConfUtils.java:logGet(44)) - raft.server.snapshot.retention.file.num = -1 (default)
2022-04-24 04:16:52,651 [pool-441-thread-1] INFO  server.RaftServerConfigKeys (ConfUtils.java:logGet(44)) - raft.server.log.purge.upto.snapshot.index = true (custom)
2022-04-24 04:16:52,651 [pool-441-thread-1] INFO  server.RaftServerConfigKeys (ConfUtils.java:logGet(44)) - raft.server.retrycache.expirytime = 300s (custom)
2022-04-24 04:16:52,651 [pool-441-thread-1] INFO  server.RaftServerConfigKeys (ConfUtils.java:logGet(44)) - raft.server.retrycache.statistics.expirytime = 100μs (default)
2022-04-24 04:16:53,528 [Listener at 0.0.0.0/45515] INFO  reflections.Reflections (Reflections.java:scan(232)) - Reflections took 923 ms to scan 18 urls, producing 61 keys and 3647 values [using 2 cores]
2022-04-24 04:16:53,529 [Listener at 0.0.0.0/45515] INFO  ipc.CallQueueManager (CallQueueManager.java:<init>(90)) - Using callQueue: class java.util.concurrent.LinkedBlockingQueue, queueCapacity: 2000, scheduler: class org.apache.hadoop.ipc.DefaultRpcScheduler, ipcBackoff: false.
2022-04-24 04:16:53,541 [Socket Reader #1 for port 0] INFO  ipc.Server (Server.java:run(1265)) - Starting Socket Reader #1 for port 0
2022-04-24 04:16:53,595 [Listener at 127.0.0.1/45981] INFO  impl.MetricsSystemImpl (MetricsSystemImpl.java:init(158)) - OzoneManager metrics system started (again)
2022-04-24 04:16:53,611 [Listener at 127.0.0.1/45981] INFO  om.OzoneManager (OzoneManager.java:start(1367)) - OzoneManager RPC server is listening at localhost/127.0.0.1:45981
2022-04-24 04:16:53,611 [Listener at 127.0.0.1/45981] INFO  ratis.OzoneManagerRatisServer (OzoneManagerRatisServer.java:start(554)) - Starting OzoneManagerRatisServer om1 at port 9872
2022-04-24 04:16:53,611 [Listener at 127.0.0.1/45981] INFO  server.RaftServer$Division (RaftServerImpl.java:start(301)) - om1@group-C5BA1605619E: start as a follower, conf=-1: [om1|rpc:localhost:9872|priority:0], old=null
2022-04-24 04:16:53,611 [Listener at 127.0.0.1/45981] INFO  server.RaftServer$Division (RaftServerImpl.java:setRole(290)) - om1@group-C5BA1605619E: changes role from      null to FOLLOWER at term 0 for startAsFollower
2022-04-24 04:16:53,611 [Listener at 127.0.0.1/45981] INFO  impl.RoleInfo (RoleInfo.java:updateAndGet(130)) - om1: start om1@group-C5BA1605619E-FollowerState
2022-04-24 04:16:53,611 [Listener at 127.0.0.1/45981] INFO  util.JmxRegister (JmxRegister.java:tryRegister(44)) - Successfully registered JMX Bean with object name Ratis:service=RaftServer,group=group-C5BA1605619E,id=om1
2022-04-24 04:16:53,612 [Listener at 127.0.0.1/45981] INFO  server.RaftServer (RaftServerProxy.java:lambda$start$5(374)) - om1: start RPC server
2022-04-24 04:16:53,613 [Listener at 127.0.0.1/45981] INFO  server.GrpcService (GrpcService.java:startImpl(253)) - om1: GrpcService started, listening on 9872
2022-04-24 04:16:53,630 [Listener at 127.0.0.1/45981] INFO  om.OzoneManager (OzoneManager.java:start(1383)) - Version File has different layout version (1) than OM DB (null). That is expected if this OM has never been finalized to a newer layout version.
2022-04-24 04:16:53,630 [org.apache.ratis.util.JvmPauseMonitor$$Lambda$580/177642409@3afb0c42] INFO  util.JvmPauseMonitor (JvmPauseMonitor.java:run(103)) - JvmPauseMonitor-om1: Started
2022-04-24 04:16:53,638 [Listener at 127.0.0.1/45981] INFO  http.BaseHttpServer (BaseHttpServer.java:newHttpServer2BuilderForOzone(209)) - Starting Web-server for ozoneManager at: http://0.0.0.0:0
2022-04-24 04:16:53,638 [Listener at 127.0.0.1/45981] INFO  http.BaseHttpServer (BaseHttpServer.java:<init>(107)) - Hadoop Security Enabled: false Ozone Security Enabled: false Ozone HTTP Security Enabled: false 
2022-04-24 04:16:53,640 [Listener at 127.0.0.1/45981] INFO  server.AuthenticationFilter (AuthenticationFilter.java:constructSecretProvider(240)) - Unable to initialize FileSignerSecretProvider, falling back to use random secrets.
2022-04-24 04:16:53,643 [Listener at 127.0.0.1/45981] WARN  http.HttpRequestLog (HttpRequestLog.java:getRequestLog(103)) - Jetty request log can only be enabled using Log4j
2022-04-24 04:16:53,644 [Listener at 127.0.0.1/45981] INFO  http.HttpServer2 (HttpServer2.java:addGlobalFilter(1030)) - Added global filter 'safety' (class=org.apache.hadoop.hdds.server.http.HttpServer2$QuotingInputFilter)
2022-04-24 04:16:53,645 [Listener at 127.0.0.1/45981] INFO  http.HttpServer2 (HttpServer2.java:addFilter(1006)) - Added filter static_user_filter (class=org.apache.hadoop.http.lib.StaticUserWebFilter$StaticUserFilter) to context ozoneManager
2022-04-24 04:16:53,645 [Listener at 127.0.0.1/45981] INFO  http.HttpServer2 (HttpServer2.java:addFilter(1014)) - Added filter static_user_filter (class=org.apache.hadoop.http.lib.StaticUserWebFilter$StaticUserFilter) to context logs
2022-04-24 04:16:53,645 [Listener at 127.0.0.1/45981] INFO  http.HttpServer2 (HttpServer2.java:addFilter(1014)) - Added filter static_user_filter (class=org.apache.hadoop.http.lib.StaticUserWebFilter$StaticUserFilter) to context static
2022-04-24 04:16:53,650 [Listener at 127.0.0.1/45981] INFO  http.HttpServer2 (HttpServer2.java:bindListener(1249)) - Jetty bound to port 43493
2022-04-24 04:16:53,650 [Listener at 127.0.0.1/45981] INFO  server.Server (Server.java:doStart(375)) - jetty-9.4.43.v20210629; built: 2021-06-30T11:07:22.254Z; git: 526006ecfa3af7f1a27ef3a288e2bef7ea9dd7e8; jvm 1.8.0_322-b06
2022-04-24 04:16:53,672 [Listener at 127.0.0.1/45981] INFO  server.session (DefaultSessionIdManager.java:doStart(334)) - DefaultSessionIdManager workerName=node0
2022-04-24 04:16:53,672 [Listener at 127.0.0.1/45981] INFO  server.session (DefaultSessionIdManager.java:doStart(339)) - No SessionScavenger set, using defaults
2022-04-24 04:16:53,672 [Listener at 127.0.0.1/45981] INFO  server.session (HouseKeeper.java:startScavenging(132)) - node0 Scavenging every 660000ms
2022-04-24 04:16:53,674 [Listener at 127.0.0.1/45981] INFO  handler.ContextHandler (ContextHandler.java:doStart(915)) - Started o.e.j.s.ServletContextHandler@7116940a{logs,/logs,file:///home/runner/work/ozone/ozone/hadoop-ozone/integration-test/target/log,AVAILABLE}
2022-04-24 04:16:53,674 [Listener at 127.0.0.1/45981] INFO  handler.ContextHandler (ContextHandler.java:doStart(915)) - Started o.e.j.s.ServletContextHandler@70a0499d{static,/static,file:///home/runner/work/ozone/ozone/hadoop-ozone/integration-test/target/test-classes/webapps/static,AVAILABLE}
2022-04-24 04:16:53,681 [Listener at 127.0.0.1/45981] INFO  handler.ContextHandler (ContextHandler.java:doStart(915)) - Started o.e.j.w.WebAppContext@5ca627da{ozoneManager,/,file:///home/runner/work/ozone/ozone/hadoop-ozone/integration-test/target/test-classes/webapps/ozoneManager/,AVAILABLE}{file:/home/runner/work/ozone/ozone/hadoop-ozone/integration-test/target/test-classes/webapps/ozoneManager}
2022-04-24 04:16:53,705 [Listener at 127.0.0.1/45981] INFO  server.AbstractConnector (AbstractConnector.java:doStart(331)) - Started ServerConnector@50e9e1cd{HTTP/1.1, (http/1.1)}{0.0.0.0:43493}
2022-04-24 04:16:53,706 [Listener at 127.0.0.1/45981] INFO  server.Server (Server.java:doStart(415)) - Started @130757ms
2022-04-24 04:16:53,706 [Listener at 127.0.0.1/45981] WARN  impl.MetricsSystemImpl (MetricsSystemImpl.java:register(279)) - Sink prometheus already exists!
2022-04-24 04:16:53,709 [Listener at 127.0.0.1/45981] INFO  http.BaseHttpServer (BaseHttpServer.java:updateConnectorAddress(329)) - HTTP server of ozoneManager listening at http://0.0.0.0:43493
2022-04-24 04:16:53,711 [IPC Server Responder] INFO  ipc.Server (Server.java:run(1507)) - IPC Server Responder: starting
2022-04-24 04:16:53,711 [IPC Server listener on 0] INFO  ipc.Server (Server.java:run(1344)) - IPC Server listener on 0: starting
2022-04-24 04:16:53,713 [Listener at 127.0.0.1/45981] INFO  om.TrashPolicyOzone (TrashPolicyOzone.java:<init>(178)) - Ozone Manager trash configuration: Deletion interval = 0 minutes, Emptier interval = 0 minutes.
2022-04-24 04:16:53,746 [org.apache.hadoop.util.JvmPauseMonitor$Monitor@29299f28] INFO  util.JvmPauseMonitor (JvmPauseMonitor.java:run(188)) - Starting JVM pause monitor
2022-04-24 04:16:53,787 [Listener at 127.0.0.1/45981] WARN  impl.MetricRegistriesImpl (MetricRegistriesImpl.java:addReporterRegistration(111)) - New reporters are added after registries were created. Some metrics will be missing from the reporter. Please add reporter before adding any new registry.
2022-04-24 04:16:53,787 [Listener at 127.0.0.1/45981] WARN  impl.MetricRegistriesImpl (MetricRegistriesImpl.java:addReporterRegistration(111)) - New reporters are added after registries were created. Some metrics will be missing from the reporter. Please add reporter before adding any new registry.
2022-04-24 04:16:53,787 [Listener at 127.0.0.1/45981] INFO  impl.MetricsSystemImpl (MetricsSystemImpl.java:init(158)) - HddsDatanode metrics system started (again)
2022-04-24 04:16:53,818 [Listener at 127.0.0.1/45981] INFO  ozone.HddsDatanodeService (HddsDatanodeService.java:start(233)) - HddsDatanodeService host:fv-az50-870.grzltbmokehuzjyc5b133kdqgh.cx.internal.cloudapp.net ip:10.1.0.15
2022-04-24 04:16:53,872 [Listener at 127.0.0.1/45981] INFO  upgrade.AbstractLayoutVersionManager (AbstractLayoutVersionManager.java:init(79)) - Initializing Layout version manager with metadata layout = ERASURE_CODED_STORAGE_SUPPORT (version = 3), software layout = ERASURE_CODED_STORAGE_SUPPORT (version = 3)
2022-04-24 04:16:53,965 [Listener at 127.0.0.1/45981] INFO  reflections.Reflections (Reflections.java:scan(232)) - Reflections took 81 ms to scan 7 urls, producing 126 keys and 287 values 
2022-04-24 04:16:53,977 [Listener at 127.0.0.1/45981] INFO  statemachine.DatanodeStateMachine (DatanodeStateMachine.java:getEndPointTaskThreadPoolSize(224)) - Datanode State Machine Task Thread Pool size 2
2022-04-24 04:16:54,003 [Listener at 127.0.0.1/45981] INFO  volume.HddsVolume (HddsVolume.java:<init>(120)) - Creating HddsVolume: /home/runner/work/ozone/ozone/hadoop-ozone/integration-test/target/test-dir/MiniOzoneClusterImpl-83189976-e3c9-4226-841a-8dae3aba4f8d/datanode-0/data-0/containers/hdds of storage type : DISK capacity : 9223372036854775807
2022-04-24 04:16:54,003 [Listener at 127.0.0.1/45981] INFO  volume.MutableVolumeSet (MutableVolumeSet.java:initializeVolumeSet(168)) - Added Volume : /home/runner/work/ozone/ozone/hadoop-ozone/integration-test/target/test-dir/MiniOzoneClusterImpl-83189976-e3c9-4226-841a-8dae3aba4f8d/datanode-0/data-0/containers/hdds to VolumeSet
2022-04-24 04:16:54,004 [Listener at 127.0.0.1/45981] INFO  volume.ThrottledAsyncChecker (ThrottledAsyncChecker.java:schedule(141)) - Scheduling a check for /home/runner/work/ozone/ozone/hadoop-ozone/integration-test/target/test-dir/MiniOzoneClusterImpl-83189976-e3c9-4226-841a-8dae3aba4f8d/datanode-0/data-0/containers/hdds
2022-04-24 04:16:54,032 [Listener at 127.0.0.1/45981] INFO  volume.StorageVolumeChecker (StorageVolumeChecker.java:checkAllVolumes(202)) - Scheduled health check for volume /home/runner/work/ozone/ozone/hadoop-ozone/integration-test/target/test-dir/MiniOzoneClusterImpl-83189976-e3c9-4226-841a-8dae3aba4f8d/datanode-0/data-0/containers/hdds
2022-04-24 04:16:54,063 [Listener at 127.0.0.1/45981] INFO  volume.MutableVolumeSet (MutableVolumeSet.java:initializeVolumeSet(168)) - Added Volume : /home/runner/work/ozone/ozone/hadoop-ozone/integration-test/target/test-dir/MiniOzoneClusterImpl-83189976-e3c9-4226-841a-8dae3aba4f8d/datanode-0/data/ratis to VolumeSet
2022-04-24 04:16:54,063 [Listener at 127.0.0.1/45981] INFO  volume.ThrottledAsyncChecker (ThrottledAsyncChecker.java:schedule(141)) - Scheduling a check for /home/runner/work/ozone/ozone/hadoop-ozone/integration-test/target/test-dir/MiniOzoneClusterImpl-83189976-e3c9-4226-841a-8dae3aba4f8d/datanode-0/data/ratis
2022-04-24 04:16:54,064 [Listener at 127.0.0.1/45981] INFO  volume.StorageVolumeChecker (StorageVolumeChecker.java:checkAllVolumes(202)) - Scheduled health check for volume /home/runner/work/ozone/ozone/hadoop-ozone/integration-test/target/test-dir/MiniOzoneClusterImpl-83189976-e3c9-4226-841a-8dae3aba4f8d/datanode-0/data/ratis
2022-04-24 04:16:54,098 [Thread-930] INFO  ozoneimpl.ContainerReader (ContainerReader.java:readVolume(172)) - Finish verifying containers on volume /home/runner/work/ozone/ozone/hadoop-ozone/integration-test/target/test-dir/MiniOzoneClusterImpl-83189976-e3c9-4226-841a-8dae3aba4f8d/datanode-0/data-0/containers/hdds
2022-04-24 04:16:54,098 [Listener at 127.0.0.1/45981] INFO  ozoneimpl.OzoneContainer (OzoneContainer.java:buildContainerSet(257)) - Build ContainerSet costs 0s
2022-04-24 04:16:54,100 [Listener at 127.0.0.1/45981] INFO  server.RaftServer (ConfUtils.java:logGet(44)) - raft.rpc.type = GRPC (default)
2022-04-24 04:16:54,101 [Listener at 127.0.0.1/45981] INFO  grpc.GrpcFactory (GrpcFactory.java:checkPooledByteBufAllocatorUseCacheForAllThreads(48)) - PERFORMANCE WARNING: useCacheForAllThreads is true that may cause Netty to create a lot garbage objects and, as a result, trigger GC.
	It is recommended to disable useCacheForAllThreads by setting -Dorg.apache.ratis.thirdparty.io.netty.allocator.useCacheForAllThreads=false in command line.
2022-04-24 04:16:54,101 [Listener at 127.0.0.1/45981] INFO  grpc.GrpcConfigKeys (ConfUtils.java:logGet(44)) - raft.grpc.admin.port = 0 (custom)
2022-04-24 04:16:54,101 [Listener at 127.0.0.1/45981] INFO  grpc.GrpcConfigKeys (ConfUtils.java:logGet(44)) - raft.grpc.client.port = 0 (custom)
2022-04-24 04:16:54,101 [Listener at 127.0.0.1/45981] INFO  grpc.GrpcConfigKeys (ConfUtils.java:logGet(44)) - raft.grpc.server.port = 0 (default)
2022-04-24 04:16:54,101 [Listener at 127.0.0.1/45981] INFO  server.GrpcService (ConfUtils.java:logGet(44)) - raft.grpc.message.size.max = 32MB (=33554432) (custom)
2022-04-24 04:16:54,101 [Listener at 127.0.0.1/45981] INFO  server.RaftServerConfigKeys (ConfUtils.java:logGet(44)) - raft.server.log.appender.buffer.byte-limit = 33554432 (custom)
2022-04-24 04:16:54,101 [Listener at 127.0.0.1/45981] INFO  server.GrpcService (ConfUtils.java:logGet(44)) - raft.grpc.flow.control.window = 5MB (=5242880) (custom)
2022-04-24 04:16:54,101 [Listener at 127.0.0.1/45981] INFO  server.RaftServerConfigKeys (ConfUtils.java:logGet(44)) - raft.server.rpc.request.timeout = 60s (custom)
2022-04-24 04:16:54,102 [Listener at 127.0.0.1/45981] INFO  impl.DataStreamServerImpl (ConfUtils.java:logGet(44)) - raft.datastream.type = DISABLED (default)
2022-04-24 04:16:54,103 [Listener at 127.0.0.1/45981] INFO  server.RaftServerConfigKeys (ConfUtils.java:logGet(44)) - raft.server.rpc.slowness.timeout = 300s (custom)
2022-04-24 04:16:54,103 [Listener at 127.0.0.1/45981] INFO  server.RaftServerConfigKeys (ConfUtils.java:logGet(44)) - raft.server.leaderelection.leader.step-down.wait-time = 10s (default)
2022-04-24 04:16:54,103 [Listener at 127.0.0.1/45981] INFO  server.RaftServerConfigKeys (ConfUtils.java:logGet(44)) - raft.server.storage.dir = [/home/runner/work/ozone/ozone/hadoop-ozone/integration-test/target/test-dir/MiniOzoneClusterImpl-83189976-e3c9-4226-841a-8dae3aba4f8d/datanode-0/data/ratis] (custom)
2022-04-24 04:16:54,104 [Listener at 127.0.0.1/45981] INFO  server.XceiverServerGrpc (XceiverServerGrpc.java:<init>(132)) - GrpcServer channel type EpollServerSocketChannel
2022-04-24 04:16:54,131 [Listener at 127.0.0.1/45981] INFO  http.BaseHttpServer (BaseHttpServer.java:newHttpServer2BuilderForOzone(209)) - Starting Web-server for hddsDatanode at: http://0.0.0.0:0
2022-04-24 04:16:54,131 [Listener at 127.0.0.1/45981] INFO  http.BaseHttpServer (BaseHttpServer.java:<init>(107)) - Hadoop Security Enabled: false Ozone Security Enabled: false Ozone HTTP Security Enabled: false 
2022-04-24 04:16:54,132 [Listener at 127.0.0.1/45981] INFO  server.AuthenticationFilter (AuthenticationFilter.java:constructSecretProvider(240)) - Unable to initialize FileSignerSecretProvider, falling back to use random secrets.
2022-04-24 04:16:54,140 [Listener at 127.0.0.1/45981] WARN  http.HttpRequestLog (HttpRequestLog.java:getRequestLog(103)) - Jetty request log can only be enabled using Log4j
2022-04-24 04:16:54,141 [Listener at 127.0.0.1/45981] INFO  http.HttpServer2 (HttpServer2.java:addGlobalFilter(1030)) - Added global filter 'safety' (class=org.apache.hadoop.hdds.server.http.HttpServer2$QuotingInputFilter)
2022-04-24 04:16:54,142 [Listener at 127.0.0.1/45981] INFO  http.HttpServer2 (HttpServer2.java:addFilter(1006)) - Added filter static_user_filter (class=org.apache.hadoop.http.lib.StaticUserWebFilter$StaticUserFilter) to context hddsDatanode
2022-04-24 04:16:54,142 [Listener at 127.0.0.1/45981] INFO  http.HttpServer2 (HttpServer2.java:addFilter(1014)) - Added filter static_user_filter (class=org.apache.hadoop.http.lib.StaticUserWebFilter$StaticUserFilter) to context static
2022-04-24 04:16:54,142 [Listener at 127.0.0.1/45981] INFO  http.HttpServer2 (HttpServer2.java:addFilter(1014)) - Added filter static_user_filter (class=org.apache.hadoop.http.lib.StaticUserWebFilter$StaticUserFilter) to context logs
2022-04-24 04:16:54,143 [Listener at 127.0.0.1/45981] INFO  http.HttpServer2 (HttpServer2.java:bindListener(1249)) - Jetty bound to port 33919
2022-04-24 04:16:54,143 [Listener at 127.0.0.1/45981] INFO  server.Server (Server.java:doStart(375)) - jetty-9.4.43.v20210629; built: 2021-06-30T11:07:22.254Z; git: 526006ecfa3af7f1a27ef3a288e2bef7ea9dd7e8; jvm 1.8.0_322-b06
2022-04-24 04:16:54,228 [Listener at 127.0.0.1/45981] INFO  server.session (DefaultSessionIdManager.java:doStart(334)) - DefaultSessionIdManager workerName=node0
2022-04-24 04:16:54,228 [Listener at 127.0.0.1/45981] INFO  server.session (DefaultSessionIdManager.java:doStart(339)) - No SessionScavenger set, using defaults
2022-04-24 04:16:54,228 [Listener at 127.0.0.1/45981] INFO  server.session (HouseKeeper.java:startScavenging(132)) - node0 Scavenging every 660000ms
2022-04-24 04:16:54,229 [Listener at 127.0.0.1/45981] INFO  handler.ContextHandler (ContextHandler.java:doStart(915)) - Started o.e.j.s.ServletContextHandler@2a810a2d{logs,/logs,file:///home/runner/work/ozone/ozone/hadoop-ozone/integration-test/target/log,AVAILABLE}
2022-04-24 04:16:54,229 [Listener at 127.0.0.1/45981] INFO  handler.ContextHandler (ContextHandler.java:doStart(915)) - Started o.e.j.s.ServletContextHandler@338f500e{static,/static,jar:file:/home/runner/.m2/repository/org/apache/ozone/hdds-container-service/1.3.0-SNAPSHOT/hdds-container-service-1.3.0-SNAPSHOT.jar!/webapps/static,AVAILABLE}
2022-04-24 04:16:54,332 [Listener at 127.0.0.1/45981] INFO  handler.ContextHandler (ContextHandler.java:doStart(915)) - Started o.e.j.w.WebAppContext@56259be0{hddsDatanode,/,file:///tmp/jetty-0_0_0_0-33919-hdds-container-service-1_3_0-SNAPSHOT_jar-_-any-1338688169167405385/webapp/,AVAILABLE}{jar:file:/home/runner/.m2/repository/org/apache/ozone/hdds-container-service/1.3.0-SNAPSHOT/hdds-container-service-1.3.0-SNAPSHOT.jar!/webapps/hddsDatanode}
2022-04-24 04:16:54,345 [Listener at 127.0.0.1/45981] INFO  server.AbstractConnector (AbstractConnector.java:doStart(331)) - Started ServerConnector@5a154f22{HTTP/1.1, (http/1.1)}{0.0.0.0:33919}
2022-04-24 04:16:54,346 [Listener at 127.0.0.1/45981] INFO  server.Server (Server.java:doStart(415)) - Started @131397ms
2022-04-24 04:16:54,346 [Listener at 127.0.0.1/45981] WARN  impl.MetricsSystemImpl (MetricsSystemImpl.java:register(279)) - Sink prometheus already exists!
2022-04-24 04:16:54,346 [Listener at 127.0.0.1/45981] INFO  http.BaseHttpServer (BaseHttpServer.java:updateConnectorAddress(329)) - HTTP server of hddsDatanode listening at http://0.0.0.0:33919
2022-04-24 04:16:54,355 [Listener at 127.0.0.1/45981] WARN  impl.MetricRegistriesImpl (MetricRegistriesImpl.java:addReporterRegistration(111)) - New reporters are added after registries were created. Some metrics will be missing from the reporter. Please add reporter before adding any new registry.
2022-04-24 04:16:54,355 [Listener at 127.0.0.1/45981] WARN  impl.MetricRegistriesImpl (MetricRegistriesImpl.java:addReporterRegistration(111)) - New reporters are added after registries were created. Some metrics will be missing from the reporter. Please add reporter before adding any new registry.
2022-04-24 04:16:54,355 [Listener at 127.0.0.1/45981] INFO  impl.MetricsSystemImpl (MetricsSystemImpl.java:init(158)) - HddsDatanode metrics system started (again)
2022-04-24 04:16:54,362 [Datanode State Machine Daemon Thread] INFO  statemachine.DatanodeStateMachine (DatanodeStateMachine.java:lambda$startDaemon$0(472)) - Ozone container server started.
2022-04-24 04:16:54,413 [org.apache.hadoop.util.JvmPauseMonitor$Monitor@40ad242a] INFO  util.JvmPauseMonitor (JvmPauseMonitor.java:run(188)) - Starting JVM pause monitor
2022-04-24 04:16:54,426 [Datanode State Machine Task Thread - 0] INFO  datanode.InitDatanodeState (InitDatanodeState.java:persistContainerDatanodeDetails(138)) - DatanodeDetails is persisted to /home/runner/work/ozone/ozone/hadoop-ozone/integration-test/target/test-dir/MiniOzoneClusterImpl-83189976-e3c9-4226-841a-8dae3aba4f8d/datanode-0/meta/datanode.id
2022-04-24 04:16:54,435 [Listener at 127.0.0.1/45981] INFO  ozone.HddsDatanodeService (HddsDatanodeService.java:start(233)) - HddsDatanodeService host:fv-az50-870.grzltbmokehuzjyc5b133kdqgh.cx.internal.cloudapp.net ip:10.1.0.15
2022-04-24 04:16:54,476 [Listener at 127.0.0.1/45981] INFO  upgrade.AbstractLayoutVersionManager (AbstractLayoutVersionManager.java:init(79)) - Initializing Layout version manager with metadata layout = ERASURE_CODED_STORAGE_SUPPORT (version = 3), software layout = ERASURE_CODED_STORAGE_SUPPORT (version = 3)
2022-04-24 04:16:54,546 [Listener at 127.0.0.1/45981] INFO  reflections.Reflections (Reflections.java:scan(232)) - Reflections took 67 ms to scan 7 urls, producing 126 keys and 287 values 
2022-04-24 04:16:54,548 [Listener at 127.0.0.1/45981] INFO  statemachine.DatanodeStateMachine (DatanodeStateMachine.java:getEndPointTaskThreadPoolSize(224)) - Datanode State Machine Task Thread Pool size 2
2022-04-24 04:16:54,549 [Listener at 127.0.0.1/45981] INFO  volume.HddsVolume (HddsVolume.java:<init>(120)) - Creating HddsVolume: /home/runner/work/ozone/ozone/hadoop-ozone/integration-test/target/test-dir/MiniOzoneClusterImpl-83189976-e3c9-4226-841a-8dae3aba4f8d/datanode-1/data-0/containers/hdds of storage type : DISK capacity : 9223372036854775807
2022-04-24 04:16:54,549 [Listener at 127.0.0.1/45981] INFO  volume.MutableVolumeSet (MutableVolumeSet.java:initializeVolumeSet(168)) - Added Volume : /home/runner/work/ozone/ozone/hadoop-ozone/integration-test/target/test-dir/MiniOzoneClusterImpl-83189976-e3c9-4226-841a-8dae3aba4f8d/datanode-1/data-0/containers/hdds to VolumeSet
2022-04-24 04:16:54,549 [Listener at 127.0.0.1/45981] INFO  volume.ThrottledAsyncChecker (ThrottledAsyncChecker.java:schedule(141)) - Scheduling a check for /home/runner/work/ozone/ozone/hadoop-ozone/integration-test/target/test-dir/MiniOzoneClusterImpl-83189976-e3c9-4226-841a-8dae3aba4f8d/datanode-1/data-0/containers/hdds
2022-04-24 04:16:54,552 [Listener at 127.0.0.1/45981] INFO  volume.StorageVolumeChecker (StorageVolumeChecker.java:checkAllVolumes(202)) - Scheduled health check for volume /home/runner/work/ozone/ozone/hadoop-ozone/integration-test/target/test-dir/MiniOzoneClusterImpl-83189976-e3c9-4226-841a-8dae3aba4f8d/datanode-1/data-0/containers/hdds
2022-04-24 04:16:54,563 [Listener at 127.0.0.1/45981] INFO  volume.MutableVolumeSet (MutableVolumeSet.java:initializeVolumeSet(168)) - Added Volume : /home/runner/work/ozone/ozone/hadoop-ozone/integration-test/target/test-dir/MiniOzoneClusterImpl-83189976-e3c9-4226-841a-8dae3aba4f8d/datanode-1/data/ratis to VolumeSet
2022-04-24 04:16:54,563 [Listener at 127.0.0.1/45981] INFO  volume.ThrottledAsyncChecker (ThrottledAsyncChecker.java:schedule(141)) - Scheduling a check for /home/runner/work/ozone/ozone/hadoop-ozone/integration-test/target/test-dir/MiniOzoneClusterImpl-83189976-e3c9-4226-841a-8dae3aba4f8d/datanode-1/data/ratis
2022-04-24 04:16:54,564 [Listener at 127.0.0.1/45981] INFO  volume.StorageVolumeChecker (StorageVolumeChecker.java:checkAllVolumes(202)) - Scheduled health check for volume /home/runner/work/ozone/ozone/hadoop-ozone/integration-test/target/test-dir/MiniOzoneClusterImpl-83189976-e3c9-4226-841a-8dae3aba4f8d/datanode-1/data/ratis
2022-04-24 04:16:54,587 [Thread-942] INFO  ozoneimpl.ContainerReader (ContainerReader.java:readVolume(172)) - Finish verifying containers on volume /home/runner/work/ozone/ozone/hadoop-ozone/integration-test/target/test-dir/MiniOzoneClusterImpl-83189976-e3c9-4226-841a-8dae3aba4f8d/datanode-1/data-0/containers/hdds
2022-04-24 04:16:54,587 [Listener at 127.0.0.1/45981] INFO  ozoneimpl.OzoneContainer (OzoneContainer.java:buildContainerSet(257)) - Build ContainerSet costs 0s
2022-04-24 04:16:54,589 [Listener at 127.0.0.1/45981] INFO  server.RaftServer (ConfUtils.java:logGet(44)) - raft.rpc.type = GRPC (default)
2022-04-24 04:16:54,589 [Listener at 127.0.0.1/45981] INFO  grpc.GrpcFactory (GrpcFactory.java:checkPooledByteBufAllocatorUseCacheForAllThreads(48)) - PERFORMANCE WARNING: useCacheForAllThreads is true that may cause Netty to create a lot garbage objects and, as a result, trigger GC.
	It is recommended to disable useCacheForAllThreads by setting -Dorg.apache.ratis.thirdparty.io.netty.allocator.useCacheForAllThreads=false in command line.
2022-04-24 04:16:54,589 [Listener at 127.0.0.1/45981] INFO  grpc.GrpcConfigKeys (ConfUtils.java:logGet(44)) - raft.grpc.admin.port = 0 (custom)
2022-04-24 04:16:54,589 [Listener at 127.0.0.1/45981] INFO  grpc.GrpcConfigKeys (ConfUtils.java:logGet(44)) - raft.grpc.client.port = 0 (custom)
2022-04-24 04:16:54,589 [Listener at 127.0.0.1/45981] INFO  grpc.GrpcConfigKeys (ConfUtils.java:logGet(44)) - raft.grpc.server.port = 0 (default)
2022-04-24 04:16:54,589 [Listener at 127.0.0.1/45981] INFO  server.GrpcService (ConfUtils.java:logGet(44)) - raft.grpc.message.size.max = 32MB (=33554432) (custom)
2022-04-24 04:16:54,590 [Listener at 127.0.0.1/45981] INFO  server.RaftServerConfigKeys (ConfUtils.java:logGet(44)) - raft.server.log.appender.buffer.byte-limit = 33554432 (custom)
2022-04-24 04:16:54,590 [Listener at 127.0.0.1/45981] INFO  server.GrpcService (ConfUtils.java:logGet(44)) - raft.grpc.flow.control.window = 5MB (=5242880) (custom)
2022-04-24 04:16:54,590 [Listener at 127.0.0.1/45981] INFO  server.RaftServerConfigKeys (ConfUtils.java:logGet(44)) - raft.server.rpc.request.timeout = 60s (custom)
2022-04-24 04:16:54,591 [Listener at 127.0.0.1/45981] INFO  impl.DataStreamServerImpl (ConfUtils.java:logGet(44)) - raft.datastream.type = DISABLED (default)
2022-04-24 04:16:54,591 [Listener at 127.0.0.1/45981] INFO  server.RaftServerConfigKeys (ConfUtils.java:logGet(44)) - raft.server.rpc.slowness.timeout = 300s (custom)
2022-04-24 04:16:54,591 [Listener at 127.0.0.1/45981] INFO  server.RaftServerConfigKeys (ConfUtils.java:logGet(44)) - raft.server.leaderelection.leader.step-down.wait-time = 10s (default)
2022-04-24 04:16:54,591 [Listener at 127.0.0.1/45981] INFO  server.RaftServerConfigKeys (ConfUtils.java:logGet(44)) - raft.server.storage.dir = [/home/runner/work/ozone/ozone/hadoop-ozone/integration-test/target/test-dir/MiniOzoneClusterImpl-83189976-e3c9-4226-841a-8dae3aba4f8d/datanode-1/data/ratis] (custom)
2022-04-24 04:16:54,592 [Listener at 127.0.0.1/45981] INFO  server.XceiverServerGrpc (XceiverServerGrpc.java:<init>(132)) - GrpcServer channel type EpollServerSocketChannel
2022-04-24 04:16:54,601 [Listener at 127.0.0.1/45981] INFO  http.BaseHttpServer (BaseHttpServer.java:newHttpServer2BuilderForOzone(209)) - Starting Web-server for hddsDatanode at: http://0.0.0.0:0
2022-04-24 04:16:54,601 [Listener at 127.0.0.1/45981] INFO  http.BaseHttpServer (BaseHttpServer.java:<init>(107)) - Hadoop Security Enabled: false Ozone Security Enabled: false Ozone HTTP Security Enabled: false 
2022-04-24 04:16:54,602 [Listener at 127.0.0.1/45981] INFO  server.AuthenticationFilter (AuthenticationFilter.java:constructSecretProvider(240)) - Unable to initialize FileSignerSecretProvider, falling back to use random secrets.
2022-04-24 04:16:54,629 [Listener at 127.0.0.1/45981] WARN  http.HttpRequestLog (HttpRequestLog.java:getRequestLog(103)) - Jetty request log can only be enabled using Log4j
2022-04-24 04:16:54,630 [Listener at 127.0.0.1/45981] INFO  http.HttpServer2 (HttpServer2.java:addGlobalFilter(1030)) - Added global filter 'safety' (class=org.apache.hadoop.hdds.server.http.HttpServer2$QuotingInputFilter)
2022-04-24 04:16:54,631 [Listener at 127.0.0.1/45981] INFO  http.HttpServer2 (HttpServer2.java:addFilter(1006)) - Added filter static_user_filter (class=org.apache.hadoop.http.lib.StaticUserWebFilter$StaticUserFilter) to context hddsDatanode
2022-04-24 04:16:54,631 [Listener at 127.0.0.1/45981] INFO  http.HttpServer2 (HttpServer2.java:addFilter(1014)) - Added filter static_user_filter (class=org.apache.hadoop.http.lib.StaticUserWebFilter$StaticUserFilter) to context static
2022-04-24 04:16:54,631 [Listener at 127.0.0.1/45981] INFO  http.HttpServer2 (HttpServer2.java:addFilter(1014)) - Added filter static_user_filter (class=org.apache.hadoop.http.lib.StaticUserWebFilter$StaticUserFilter) to context logs
2022-04-24 04:16:54,632 [Listener at 127.0.0.1/45981] INFO  http.HttpServer2 (HttpServer2.java:bindListener(1249)) - Jetty bound to port 44071
2022-04-24 04:16:54,632 [Listener at 127.0.0.1/45981] INFO  server.Server (Server.java:doStart(375)) - jetty-9.4.43.v20210629; built: 2021-06-30T11:07:22.254Z; git: 526006ecfa3af7f1a27ef3a288e2bef7ea9dd7e8; jvm 1.8.0_322-b06
2022-04-24 04:16:54,658 [Listener at 127.0.0.1/45981] INFO  server.session (DefaultSessionIdManager.java:doStart(334)) - DefaultSessionIdManager workerName=node0
2022-04-24 04:16:54,658 [Listener at 127.0.0.1/45981] INFO  server.session (DefaultSessionIdManager.java:doStart(339)) - No SessionScavenger set, using defaults
2022-04-24 04:16:54,658 [Listener at 127.0.0.1/45981] INFO  server.session (HouseKeeper.java:startScavenging(132)) - node0 Scavenging every 660000ms
2022-04-24 04:16:54,665 [Listener at 127.0.0.1/45981] INFO  handler.ContextHandler (ContextHandler.java:doStart(915)) - Started o.e.j.s.ServletContextHandler@5cc430cb{logs,/logs,file:///home/runner/work/ozone/ozone/hadoop-ozone/integration-test/target/log,AVAILABLE}
2022-04-24 04:16:54,666 [Listener at 127.0.0.1/45981] INFO  handler.ContextHandler (ContextHandler.java:doStart(915)) - Started o.e.j.s.ServletContextHandler@2e59b658{static,/static,jar:file:/home/runner/.m2/repository/org/apache/ozone/hdds-container-service/1.3.0-SNAPSHOT/hdds-container-service-1.3.0-SNAPSHOT.jar!/webapps/static,AVAILABLE}
2022-04-24 04:16:54,724 [om1@group-C5BA1605619E-FollowerState] INFO  impl.FollowerState (FollowerState.java:run(134)) - om1@group-C5BA1605619E-FollowerState: change to CANDIDATE, lastRpcElapsedTime:1113167434ns, electionTimeout:1112ms
2022-04-24 04:16:54,725 [om1@group-C5BA1605619E-FollowerState] INFO  impl.RoleInfo (RoleInfo.java:shutdownFollowerState(108)) - om1: shutdown om1@group-C5BA1605619E-FollowerState
2022-04-24 04:16:54,725 [om1@group-C5BA1605619E-FollowerState] INFO  server.RaftServer$Division (RaftServerImpl.java:setRole(290)) - om1@group-C5BA1605619E: changes role from  FOLLOWER to CANDIDATE at term 0 for changeToCandidate
2022-04-24 04:16:54,725 [om1@group-C5BA1605619E-FollowerState] INFO  server.RaftServerConfigKeys (ConfUtils.java:logGet(44)) - raft.server.leaderelection.pre-vote = false (custom)
2022-04-24 04:16:54,725 [om1@group-C5BA1605619E-FollowerState] INFO  impl.RoleInfo (RoleInfo.java:updateAndGet(130)) - om1: start om1@group-C5BA1605619E-LeaderElection26
2022-04-24 04:16:54,758 [Listener at 127.0.0.1/45981] INFO  handler.ContextHandler (ContextHandler.java:doStart(915)) - Started o.e.j.w.WebAppContext@550cfdc6{hddsDatanode,/,file:///tmp/jetty-0_0_0_0-44071-hdds-container-service-1_3_0-SNAPSHOT_jar-_-any-5661644023662890423/webapp/,AVAILABLE}{jar:file:/home/runner/.m2/repository/org/apache/ozone/hdds-container-service/1.3.0-SNAPSHOT/hdds-container-service-1.3.0-SNAPSHOT.jar!/webapps/hddsDatanode}
2022-04-24 04:16:54,787 [Listener at 127.0.0.1/45981] INFO  server.AbstractConnector (AbstractConnector.java:doStart(331)) - Started ServerConnector@69fe55fb{HTTP/1.1, (http/1.1)}{0.0.0.0:44071}
2022-04-24 04:16:54,787 [Listener at 127.0.0.1/45981] INFO  server.Server (Server.java:doStart(415)) - Started @131839ms
2022-04-24 04:16:54,787 [Listener at 127.0.0.1/45981] WARN  impl.MetricsSystemImpl (MetricsSystemImpl.java:register(279)) - Sink prometheus already exists!
2022-04-24 04:16:54,788 [Listener at 127.0.0.1/45981] INFO  http.BaseHttpServer (BaseHttpServer.java:updateConnectorAddress(329)) - HTTP server of hddsDatanode listening at http://0.0.0.0:44071
2022-04-24 04:16:54,788 [om1@group-C5BA1605619E-LeaderElection26] INFO  impl.LeaderElection (LeaderElection.java:askForVotes(306)) - om1@group-C5BA1605619E-LeaderElection26 ELECTION round 0: submit vote requests at term 1 for -1: [om1|rpc:localhost:9872|priority:0], old=null
2022-04-24 04:16:54,788 [om1@group-C5BA1605619E-LeaderElection26] INFO  impl.LeaderElection (LeaderElection.java:askForVotes(308)) - om1@group-C5BA1605619E-LeaderElection26 ELECTION round 0: result PASSED (term=1)
2022-04-24 04:16:54,788 [om1@group-C5BA1605619E-LeaderElection26] INFO  impl.RoleInfo (RoleInfo.java:shutdownLeaderElection(121)) - om1: shutdown om1@group-C5BA1605619E-LeaderElection26
2022-04-24 04:16:54,788 [om1@group-C5BA1605619E-LeaderElection26] INFO  server.RaftServer$Division (RaftServerImpl.java:setRole(290)) - om1@group-C5BA1605619E: changes role from CANDIDATE to LEADER at term 1 for changeToLeader
2022-04-24 04:16:54,788 [om1@group-C5BA1605619E-LeaderElection26] INFO  server.RaftServer$Division (ServerState.java:setLeader(285)) - om1@group-C5BA1605619E: change Leader from null to om1 at term 1 for becomeLeader, leader elected after 2164ms
2022-04-24 04:16:54,789 [om1@group-C5BA1605619E-LeaderElection26] INFO  server.RaftServerConfigKeys (ConfUtils.java:logGet(44)) - raft.server.staging.catchup.gap = 1000 (default)
2022-04-24 04:16:54,797 [Listener at 127.0.0.1/45981] WARN  impl.MetricRegistriesImpl (MetricRegistriesImpl.java:addReporterRegistration(111)) - New reporters are added after registries were created. Some metrics will be missing from the reporter. Please add reporter before adding any new registry.
2022-04-24 04:16:54,798 [Listener at 127.0.0.1/45981] WARN  impl.MetricRegistriesImpl (MetricRegistriesImpl.java:addReporterRegistration(111)) - New reporters are added after registries were created. Some metrics will be missing from the reporter. Please add reporter before adding any new registry.
2022-04-24 04:16:54,798 [Listener at 127.0.0.1/45981] INFO  impl.MetricsSystemImpl (MetricsSystemImpl.java:init(158)) - HddsDatanode metrics system started (again)
2022-04-24 04:16:54,801 [om1@group-C5BA1605619E-LeaderElection26] INFO  server.RaftServerConfigKeys (ConfUtils.java:logGet(44)) - raft.server.write.element-limit = 4096 (default)
2022-04-24 04:16:54,802 [om1@group-C5BA1605619E-LeaderElection26] INFO  server.RaftServerConfigKeys (ConfUtils.java:logGet(44)) - raft.server.write.byte-limit = 64MB (=67108864) (default)
2022-04-24 04:16:54,802 [om1@group-C5BA1605619E-LeaderElection26] INFO  server.RaftServerConfigKeys (ConfUtils.java:logGet(44)) - raft.server.watch.timeout = 10s (default)
2022-04-24 04:16:54,802 [om1@group-C5BA1605619E-LeaderElection26] INFO  server.RaftServerConfigKeys (ConfUtils.java:logGet(44)) - raft.server.watch.timeout.denomination = 1s (default)
2022-04-24 04:16:54,802 [om1@group-C5BA1605619E-LeaderElection26] INFO  server.RaftServerConfigKeys (ConfUtils.java:logGet(44)) - raft.server.watch.element-limit = 65536 (default)
2022-04-24 04:16:54,802 [om1@group-C5BA1605619E-LeaderElection26] INFO  server.RaftServerConfigKeys (ConfUtils.java:logGet(44)) - raft.server.write.element-limit = 4096 (default)
2022-04-24 04:16:54,802 [om1@group-C5BA1605619E-LeaderElection26] INFO  server.RaftServerConfigKeys (ConfUtils.java:logGet(44)) - raft.server.write.follower.gap.ratio.max = -1.0 (default)
2022-04-24 04:16:54,802 [om1@group-C5BA1605619E-LeaderElection26] INFO  impl.RoleInfo (RoleInfo.java:updateAndGet(130)) - om1: start om1@group-C5BA1605619E-LeaderStateImpl
2022-04-24 04:16:54,802 [om1@group-C5BA1605619E-LeaderElection26] INFO  segmented.SegmentedRaftLogWorker (SegmentedRaftLogWorker.java:startLogSegment(394)) - om1@group-C5BA1605619E-SegmentedRaftLogWorker: Starting segment from index:0
2022-04-24 04:16:54,818 [om1@group-C5BA1605619E-SegmentedRaftLogWorker] INFO  segmented.SegmentedRaftLogWorker (SegmentedRaftLogWorker.java:execute(601)) - om1@group-C5BA1605619E-SegmentedRaftLogWorker: created new log segment /home/runner/work/ozone/ozone/hadoop-ozone/integration-test/target/test-dir/MiniOzoneClusterImpl-83189976-e3c9-4226-841a-8dae3aba4f8d/ozone-meta/ratis/bf265839-605b-3f16-9796-c5ba1605619e/current/log_inprogress_0
2022-04-24 04:16:54,818 [Datanode State Machine Daemon Thread] INFO  statemachine.DatanodeStateMachine (DatanodeStateMachine.java:lambda$startDaemon$0(472)) - Ozone container server started.
2022-04-24 04:16:54,834 [Listener at 127.0.0.1/45981] INFO  ozone.HddsDatanodeService (HddsDatanodeService.java:start(233)) - HddsDatanodeService host:fv-az50-870.grzltbmokehuzjyc5b133kdqgh.cx.internal.cloudapp.net ip:10.1.0.15
2022-04-24 04:16:54,850 [om1@group-C5BA1605619E-LeaderElection26] INFO  server.RaftServer$Division (ServerState.java:setRaftConf(387)) - om1@group-C5BA1605619E: set configuration 0: [om1|rpc:localhost:9872|admin:|client:|dataStream:|priority:0], old=null
2022-04-24 04:16:54,852 [om1@group-C5BA1605619E-StateMachineUpdater] INFO  ratis.OzoneManagerStateMachine (OzoneManagerStateMachine.java:notifyConfigurationChanged(189)) - Received Configuration change notification from Ratis. New Peer list:
[id: "om1"
address: "localhost:9872"
]
2022-04-24 04:16:54,858 [org.apache.hadoop.util.JvmPauseMonitor$Monitor@11469d3c] INFO  util.JvmPauseMonitor (JvmPauseMonitor.java:run(188)) - Starting JVM pause monitor
2022-04-24 04:16:54,906 [Datanode State Machine Task Thread - 0] INFO  datanode.InitDatanodeState (InitDatanodeState.java:persistContainerDatanodeDetails(138)) - DatanodeDetails is persisted to /home/runner/work/ozone/ozone/hadoop-ozone/integration-test/target/test-dir/MiniOzoneClusterImpl-83189976-e3c9-4226-841a-8dae3aba4f8d/datanode-1/meta/datanode.id
2022-04-24 04:16:54,926 [Listener at 127.0.0.1/45981] INFO  upgrade.AbstractLayoutVersionManager (AbstractLayoutVersionManager.java:init(79)) - Initializing Layout version manager with metadata layout = ERASURE_CODED_STORAGE_SUPPORT (version = 3), software layout = ERASURE_CODED_STORAGE_SUPPORT (version = 3)
2022-04-24 04:16:55,001 [Listener at 127.0.0.1/45981] INFO  reflections.Reflections (Reflections.java:scan(232)) - Reflections took 74 ms to scan 7 urls, producing 126 keys and 287 values 
2022-04-24 04:16:55,007 [Listener at 127.0.0.1/45981] INFO  statemachine.DatanodeStateMachine (DatanodeStateMachine.java:getEndPointTaskThreadPoolSize(224)) - Datanode State Machine Task Thread Pool size 2
2022-04-24 04:16:55,024 [Listener at 127.0.0.1/45981] INFO  volume.HddsVolume (HddsVolume.java:<init>(120)) - Creating HddsVolume: /home/runner/work/ozone/ozone/hadoop-ozone/integration-test/target/test-dir/MiniOzoneClusterImpl-83189976-e3c9-4226-841a-8dae3aba4f8d/datanode-2/data-0/containers/hdds of storage type : DISK capacity : 9223372036854775807
2022-04-24 04:16:55,024 [Listener at 127.0.0.1/45981] INFO  volume.MutableVolumeSet (MutableVolumeSet.java:initializeVolumeSet(168)) - Added Volume : /home/runner/work/ozone/ozone/hadoop-ozone/integration-test/target/test-dir/MiniOzoneClusterImpl-83189976-e3c9-4226-841a-8dae3aba4f8d/datanode-2/data-0/containers/hdds to VolumeSet
2022-04-24 04:16:55,024 [Listener at 127.0.0.1/45981] INFO  volume.ThrottledAsyncChecker (ThrottledAsyncChecker.java:schedule(141)) - Scheduling a check for /home/runner/work/ozone/ozone/hadoop-ozone/integration-test/target/test-dir/MiniOzoneClusterImpl-83189976-e3c9-4226-841a-8dae3aba4f8d/datanode-2/data-0/containers/hdds
2022-04-24 04:16:55,057 [Listener at 127.0.0.1/45981] INFO  volume.StorageVolumeChecker (StorageVolumeChecker.java:checkAllVolumes(202)) - Scheduled health check for volume /home/runner/work/ozone/ozone/hadoop-ozone/integration-test/target/test-dir/MiniOzoneClusterImpl-83189976-e3c9-4226-841a-8dae3aba4f8d/datanode-2/data-0/containers/hdds
2022-04-24 04:16:55,068 [Listener at 127.0.0.1/45981] INFO  volume.MutableVolumeSet (MutableVolumeSet.java:initializeVolumeSet(168)) - Added Volume : /home/runner/work/ozone/ozone/hadoop-ozone/integration-test/target/test-dir/MiniOzoneClusterImpl-83189976-e3c9-4226-841a-8dae3aba4f8d/datanode-2/data/ratis to VolumeSet
2022-04-24 04:16:55,068 [Listener at 127.0.0.1/45981] INFO  volume.ThrottledAsyncChecker (ThrottledAsyncChecker.java:schedule(141)) - Scheduling a check for /home/runner/work/ozone/ozone/hadoop-ozone/integration-test/target/test-dir/MiniOzoneClusterImpl-83189976-e3c9-4226-841a-8dae3aba4f8d/datanode-2/data/ratis
2022-04-24 04:16:55,068 [Listener at 127.0.0.1/45981] INFO  volume.StorageVolumeChecker (StorageVolumeChecker.java:checkAllVolumes(202)) - Scheduled health check for volume /home/runner/work/ozone/ozone/hadoop-ozone/integration-test/target/test-dir/MiniOzoneClusterImpl-83189976-e3c9-4226-841a-8dae3aba4f8d/datanode-2/data/ratis
2022-04-24 04:16:55,107 [Thread-956] INFO  ozoneimpl.ContainerReader (ContainerReader.java:readVolume(172)) - Finish verifying containers on volume /home/runner/work/ozone/ozone/hadoop-ozone/integration-test/target/test-dir/MiniOzoneClusterImpl-83189976-e3c9-4226-841a-8dae3aba4f8d/datanode-2/data-0/containers/hdds
2022-04-24 04:16:55,107 [Listener at 127.0.0.1/45981] INFO  ozoneimpl.OzoneContainer (OzoneContainer.java:buildContainerSet(257)) - Build ContainerSet costs 0s
2022-04-24 04:16:55,110 [Listener at 127.0.0.1/45981] INFO  server.RaftServer (ConfUtils.java:logGet(44)) - raft.rpc.type = GRPC (default)
2022-04-24 04:16:55,110 [Listener at 127.0.0.1/45981] INFO  grpc.GrpcFactory (GrpcFactory.java:checkPooledByteBufAllocatorUseCacheForAllThreads(48)) - PERFORMANCE WARNING: useCacheForAllThreads is true that may cause Netty to create a lot garbage objects and, as a result, trigger GC.
	It is recommended to disable useCacheForAllThreads by setting -Dorg.apache.ratis.thirdparty.io.netty.allocator.useCacheForAllThreads=false in command line.
2022-04-24 04:16:55,110 [Listener at 127.0.0.1/45981] INFO  grpc.GrpcConfigKeys (ConfUtils.java:logGet(44)) - raft.grpc.admin.port = 0 (custom)
2022-04-24 04:16:55,110 [Listener at 127.0.0.1/45981] INFO  grpc.GrpcConfigKeys (ConfUtils.java:logGet(44)) - raft.grpc.client.port = 0 (custom)
2022-04-24 04:16:55,110 [Listener at 127.0.0.1/45981] INFO  grpc.GrpcConfigKeys (ConfUtils.java:logGet(44)) - raft.grpc.server.port = 0 (default)
2022-04-24 04:16:55,110 [Listener at 127.0.0.1/45981] INFO  server.GrpcService (ConfUtils.java:logGet(44)) - raft.grpc.message.size.max = 32MB (=33554432) (custom)
2022-04-24 04:16:55,110 [Listener at 127.0.0.1/45981] INFO  server.RaftServerConfigKeys (ConfUtils.java:logGet(44)) - raft.server.log.appender.buffer.byte-limit = 33554432 (custom)
2022-04-24 04:16:55,110 [Listener at 127.0.0.1/45981] INFO  server.GrpcService (ConfUtils.java:logGet(44)) - raft.grpc.flow.control.window = 5MB (=5242880) (custom)
2022-04-24 04:16:55,111 [Listener at 127.0.0.1/45981] INFO  server.RaftServerConfigKeys (ConfUtils.java:logGet(44)) - raft.server.rpc.request.timeout = 60s (custom)
2022-04-24 04:16:55,112 [Listener at 127.0.0.1/45981] INFO  impl.DataStreamServerImpl (ConfUtils.java:logGet(44)) - raft.datastream.type = DISABLED (default)
2022-04-24 04:16:55,112 [Listener at 127.0.0.1/45981] INFO  server.RaftServerConfigKeys (ConfUtils.java:logGet(44)) - raft.server.rpc.slowness.timeout = 300s (custom)
2022-04-24 04:16:55,112 [Listener at 127.0.0.1/45981] INFO  server.RaftServerConfigKeys (ConfUtils.java:logGet(44)) - raft.server.leaderelection.leader.step-down.wait-time = 10s (default)
2022-04-24 04:16:55,112 [Listener at 127.0.0.1/45981] INFO  server.RaftServerConfigKeys (ConfUtils.java:logGet(44)) - raft.server.storage.dir = [/home/runner/work/ozone/ozone/hadoop-ozone/integration-test/target/test-dir/MiniOzoneClusterImpl-83189976-e3c9-4226-841a-8dae3aba4f8d/datanode-2/data/ratis] (custom)
2022-04-24 04:16:55,121 [Listener at 127.0.0.1/45981] INFO  server.XceiverServerGrpc (XceiverServerGrpc.java:<init>(132)) - GrpcServer channel type EpollServerSocketChannel
2022-04-24 04:16:55,131 [Listener at 127.0.0.1/45981] INFO  http.BaseHttpServer (BaseHttpServer.java:newHttpServer2BuilderForOzone(209)) - Starting Web-server for hddsDatanode at: http://0.0.0.0:0
2022-04-24 04:16:55,131 [Listener at 127.0.0.1/45981] INFO  http.BaseHttpServer (BaseHttpServer.java:<init>(107)) - Hadoop Security Enabled: false Ozone Security Enabled: false Ozone HTTP Security Enabled: false 
2022-04-24 04:16:55,132 [Listener at 127.0.0.1/45981] INFO  server.AuthenticationFilter (AuthenticationFilter.java:constructSecretProvider(240)) - Unable to initialize FileSignerSecretProvider, falling back to use random secrets.
2022-04-24 04:16:55,138 [Listener at 127.0.0.1/45981] WARN  http.HttpRequestLog (HttpRequestLog.java:getRequestLog(103)) - Jetty request log can only be enabled using Log4j
2022-04-24 04:16:55,139 [Listener at 127.0.0.1/45981] INFO  http.HttpServer2 (HttpServer2.java:addGlobalFilter(1030)) - Added global filter 'safety' (class=org.apache.hadoop.hdds.server.http.HttpServer2$QuotingInputFilter)
2022-04-24 04:16:55,140 [Listener at 127.0.0.1/45981] INFO  http.HttpServer2 (HttpServer2.java:addFilter(1006)) - Added filter static_user_filter (class=org.apache.hadoop.http.lib.StaticUserWebFilter$StaticUserFilter) to context hddsDatanode
2022-04-24 04:16:55,140 [Listener at 127.0.0.1/45981] INFO  http.HttpServer2 (HttpServer2.java:addFilter(1014)) - Added filter static_user_filter (class=org.apache.hadoop.http.lib.StaticUserWebFilter$StaticUserFilter) to context static
2022-04-24 04:16:55,140 [Listener at 127.0.0.1/45981] INFO  http.HttpServer2 (HttpServer2.java:addFilter(1014)) - Added filter static_user_filter (class=org.apache.hadoop.http.lib.StaticUserWebFilter$StaticUserFilter) to context logs
2022-04-24 04:16:55,141 [Listener at 127.0.0.1/45981] INFO  http.HttpServer2 (HttpServer2.java:bindListener(1249)) - Jetty bound to port 36425
2022-04-24 04:16:55,141 [Listener at 127.0.0.1/45981] INFO  server.Server (Server.java:doStart(375)) - jetty-9.4.43.v20210629; built: 2021-06-30T11:07:22.254Z; git: 526006ecfa3af7f1a27ef3a288e2bef7ea9dd7e8; jvm 1.8.0_322-b06
2022-04-24 04:16:55,184 [Listener at 127.0.0.1/45981] INFO  server.session (DefaultSessionIdManager.java:doStart(334)) - DefaultSessionIdManager workerName=node0
2022-04-24 04:16:55,184 [Listener at 127.0.0.1/45981] INFO  server.session (DefaultSessionIdManager.java:doStart(339)) - No SessionScavenger set, using defaults
2022-04-24 04:16:55,184 [Listener at 127.0.0.1/45981] INFO  server.session (HouseKeeper.java:startScavenging(132)) - node0 Scavenging every 660000ms
2022-04-24 04:16:55,186 [Listener at 127.0.0.1/45981] INFO  handler.ContextHandler (ContextHandler.java:doStart(915)) - Started o.e.j.s.ServletContextHandler@69dd5e82{logs,/logs,file:///home/runner/work/ozone/ozone/hadoop-ozone/integration-test/target/log,AVAILABLE}
2022-04-24 04:16:55,186 [Listener at 127.0.0.1/45981] INFO  handler.ContextHandler (ContextHandler.java:doStart(915)) - Started o.e.j.s.ServletContextHandler@3c846b00{static,/static,jar:file:/home/runner/.m2/repository/org/apache/ozone/hdds-container-service/1.3.0-SNAPSHOT/hdds-container-service-1.3.0-SNAPSHOT.jar!/webapps/static,AVAILABLE}
2022-04-24 04:16:55,322 [Listener at 127.0.0.1/45981] INFO  handler.ContextHandler (ContextHandler.java:doStart(915)) - Started o.e.j.w.WebAppContext@20a7e171{hddsDatanode,/,file:///tmp/jetty-0_0_0_0-36425-hdds-container-service-1_3_0-SNAPSHOT_jar-_-any-5619410858921202334/webapp/,AVAILABLE}{jar:file:/home/runner/.m2/repository/org/apache/ozone/hdds-container-service/1.3.0-SNAPSHOT/hdds-container-service-1.3.0-SNAPSHOT.jar!/webapps/hddsDatanode}
2022-04-24 04:16:55,324 [Listener at 127.0.0.1/45981] INFO  server.AbstractConnector (AbstractConnector.java:doStart(331)) - Started ServerConnector@4a4ea586{HTTP/1.1, (http/1.1)}{0.0.0.0:36425}
2022-04-24 04:16:55,324 [Listener at 127.0.0.1/45981] INFO  server.Server (Server.java:doStart(415)) - Started @132376ms
2022-04-24 04:16:55,324 [Listener at 127.0.0.1/45981] WARN  impl.MetricsSystemImpl (MetricsSystemImpl.java:register(279)) - Sink prometheus already exists!
2022-04-24 04:16:55,331 [Listener at 127.0.0.1/45981] INFO  http.BaseHttpServer (BaseHttpServer.java:updateConnectorAddress(329)) - HTTP server of hddsDatanode listening at http://0.0.0.0:36425
2022-04-24 04:16:55,334 [Listener at 127.0.0.1/45981] WARN  impl.MetricRegistriesImpl (MetricRegistriesImpl.java:addReporterRegistration(111)) - New reporters are added after registries were created. Some metrics will be missing from the reporter. Please add reporter before adding any new registry.
2022-04-24 04:16:55,334 [Listener at 127.0.0.1/45981] WARN  impl.MetricRegistriesImpl (MetricRegistriesImpl.java:addReporterRegistration(111)) - New reporters are added after registries were created. Some metrics will be missing from the reporter. Please add reporter before adding any new registry.
2022-04-24 04:16:55,334 [Listener at 127.0.0.1/45981] INFO  impl.MetricsSystemImpl (MetricsSystemImpl.java:init(158)) - HddsDatanode metrics system started (again)
2022-04-24 04:16:55,347 [Datanode State Machine Daemon Thread] INFO  statemachine.DatanodeStateMachine (DatanodeStateMachine.java:lambda$startDaemon$0(472)) - Ozone container server started.
2022-04-24 04:16:55,363 [Listener at 127.0.0.1/45981] INFO  ozone.HddsDatanodeService (HddsDatanodeService.java:start(233)) - HddsDatanodeService host:fv-az50-870.grzltbmokehuzjyc5b133kdqgh.cx.internal.cloudapp.net ip:10.1.0.15
2022-04-24 04:16:55,390 [org.apache.hadoop.util.JvmPauseMonitor$Monitor@70ceccbe] INFO  util.JvmPauseMonitor (JvmPauseMonitor.java:run(188)) - Starting JVM pause monitor
2022-04-24 04:16:55,396 [Datanode State Machine Task Thread - 0] INFO  datanode.InitDatanodeState (InitDatanodeState.java:persistContainerDatanodeDetails(138)) - DatanodeDetails is persisted to /home/runner/work/ozone/ozone/hadoop-ozone/integration-test/target/test-dir/MiniOzoneClusterImpl-83189976-e3c9-4226-841a-8dae3aba4f8d/datanode-2/meta/datanode.id
2022-04-24 04:16:55,417 [Listener at 127.0.0.1/45981] INFO  upgrade.AbstractLayoutVersionManager (AbstractLayoutVersionManager.java:init(79)) - Initializing Layout version manager with metadata layout = ERASURE_CODED_STORAGE_SUPPORT (version = 3), software layout = ERASURE_CODED_STORAGE_SUPPORT (version = 3)
2022-04-24 04:16:55,545 [Listener at 127.0.0.1/45981] INFO  reflections.Reflections (Reflections.java:scan(232)) - Reflections took 106 ms to scan 7 urls, producing 126 keys and 287 values 
2022-04-24 04:16:55,547 [Listener at 127.0.0.1/45981] INFO  statemachine.DatanodeStateMachine (DatanodeStateMachine.java:getEndPointTaskThreadPoolSize(224)) - Datanode State Machine Task Thread Pool size 2
2022-04-24 04:16:55,556 [Listener at 127.0.0.1/45981] INFO  volume.HddsVolume (HddsVolume.java:<init>(120)) - Creating HddsVolume: /home/runner/work/ozone/ozone/hadoop-ozone/integration-test/target/test-dir/MiniOzoneClusterImpl-83189976-e3c9-4226-841a-8dae3aba4f8d/datanode-3/data-0/containers/hdds of storage type : DISK capacity : 9223372036854775807
2022-04-24 04:16:55,557 [Listener at 127.0.0.1/45981] INFO  volume.MutableVolumeSet (MutableVolumeSet.java:initializeVolumeSet(168)) - Added Volume : /home/runner/work/ozone/ozone/hadoop-ozone/integration-test/target/test-dir/MiniOzoneClusterImpl-83189976-e3c9-4226-841a-8dae3aba4f8d/datanode-3/data-0/containers/hdds to VolumeSet
2022-04-24 04:16:55,557 [Listener at 127.0.0.1/45981] INFO  volume.ThrottledAsyncChecker (ThrottledAsyncChecker.java:schedule(141)) - Scheduling a check for /home/runner/work/ozone/ozone/hadoop-ozone/integration-test/target/test-dir/MiniOzoneClusterImpl-83189976-e3c9-4226-841a-8dae3aba4f8d/datanode-3/data-0/containers/hdds
2022-04-24 04:16:55,557 [Listener at 127.0.0.1/45981] INFO  volume.StorageVolumeChecker (StorageVolumeChecker.java:checkAllVolumes(202)) - Scheduled health check for volume /home/runner/work/ozone/ozone/hadoop-ozone/integration-test/target/test-dir/MiniOzoneClusterImpl-83189976-e3c9-4226-841a-8dae3aba4f8d/datanode-3/data-0/containers/hdds
2022-04-24 04:16:55,615 [Listener at 127.0.0.1/45981] INFO  volume.MutableVolumeSet (MutableVolumeSet.java:initializeVolumeSet(168)) - Added Volume : /home/runner/work/ozone/ozone/hadoop-ozone/integration-test/target/test-dir/MiniOzoneClusterImpl-83189976-e3c9-4226-841a-8dae3aba4f8d/datanode-3/data/ratis to VolumeSet
2022-04-24 04:16:55,616 [Listener at 127.0.0.1/45981] INFO  volume.ThrottledAsyncChecker (ThrottledAsyncChecker.java:schedule(141)) - Scheduling a check for /home/runner/work/ozone/ozone/hadoop-ozone/integration-test/target/test-dir/MiniOzoneClusterImpl-83189976-e3c9-4226-841a-8dae3aba4f8d/datanode-3/data/ratis
2022-04-24 04:16:55,617 [Listener at 127.0.0.1/45981] INFO  volume.StorageVolumeChecker (StorageVolumeChecker.java:checkAllVolumes(202)) - Scheduled health check for volume /home/runner/work/ozone/ozone/hadoop-ozone/integration-test/target/test-dir/MiniOzoneClusterImpl-83189976-e3c9-4226-841a-8dae3aba4f8d/datanode-3/data/ratis
2022-04-24 04:16:55,644 [Thread-968] INFO  ozoneimpl.ContainerReader (ContainerReader.java:readVolume(172)) - Finish verifying containers on volume /home/runner/work/ozone/ozone/hadoop-ozone/integration-test/target/test-dir/MiniOzoneClusterImpl-83189976-e3c9-4226-841a-8dae3aba4f8d/datanode-3/data-0/containers/hdds
2022-04-24 04:16:55,645 [Listener at 127.0.0.1/45981] INFO  ozoneimpl.OzoneContainer (OzoneContainer.java:buildContainerSet(257)) - Build ContainerSet costs 0s
2022-04-24 04:16:55,647 [Listener at 127.0.0.1/45981] INFO  server.RaftServer (ConfUtils.java:logGet(44)) - raft.rpc.type = GRPC (default)
2022-04-24 04:16:55,647 [Listener at 127.0.0.1/45981] INFO  grpc.GrpcFactory (GrpcFactory.java:checkPooledByteBufAllocatorUseCacheForAllThreads(48)) - PERFORMANCE WARNING: useCacheForAllThreads is true that may cause Netty to create a lot garbage objects and, as a result, trigger GC.
	It is recommended to disable useCacheForAllThreads by setting -Dorg.apache.ratis.thirdparty.io.netty.allocator.useCacheForAllThreads=false in command line.
2022-04-24 04:16:55,647 [Listener at 127.0.0.1/45981] INFO  grpc.GrpcConfigKeys (ConfUtils.java:logGet(44)) - raft.grpc.admin.port = 0 (custom)
2022-04-24 04:16:55,647 [Listener at 127.0.0.1/45981] INFO  grpc.GrpcConfigKeys (ConfUtils.java:logGet(44)) - raft.grpc.client.port = 0 (custom)
2022-04-24 04:16:55,647 [Listener at 127.0.0.1/45981] INFO  grpc.GrpcConfigKeys (ConfUtils.java:logGet(44)) - raft.grpc.server.port = 0 (default)
2022-04-24 04:16:55,648 [Listener at 127.0.0.1/45981] INFO  server.GrpcService (ConfUtils.java:logGet(44)) - raft.grpc.message.size.max = 32MB (=33554432) (custom)
2022-04-24 04:16:55,648 [Listener at 127.0.0.1/45981] INFO  server.RaftServerConfigKeys (ConfUtils.java:logGet(44)) - raft.server.log.appender.buffer.byte-limit = 33554432 (custom)
2022-04-24 04:16:55,648 [Listener at 127.0.0.1/45981] INFO  server.GrpcService (ConfUtils.java:logGet(44)) - raft.grpc.flow.control.window = 5MB (=5242880) (custom)
2022-04-24 04:16:55,648 [Listener at 127.0.0.1/45981] INFO  server.RaftServerConfigKeys (ConfUtils.java:logGet(44)) - raft.server.rpc.request.timeout = 60s (custom)
2022-04-24 04:16:55,649 [Listener at 127.0.0.1/45981] INFO  impl.DataStreamServerImpl (ConfUtils.java:logGet(44)) - raft.datastream.type = DISABLED (default)
2022-04-24 04:16:55,651 [Listener at 127.0.0.1/45981] INFO  server.RaftServerConfigKeys (ConfUtils.java:logGet(44)) - raft.server.rpc.slowness.timeout = 300s (custom)
2022-04-24 04:16:55,651 [Listener at 127.0.0.1/45981] INFO  server.RaftServerConfigKeys (ConfUtils.java:logGet(44)) - raft.server.leaderelection.leader.step-down.wait-time = 10s (default)
2022-04-24 04:16:55,651 [Listener at 127.0.0.1/45981] INFO  server.RaftServerConfigKeys (ConfUtils.java:logGet(44)) - raft.server.storage.dir = [/home/runner/work/ozone/ozone/hadoop-ozone/integration-test/target/test-dir/MiniOzoneClusterImpl-83189976-e3c9-4226-841a-8dae3aba4f8d/datanode-3/data/ratis] (custom)
2022-04-24 04:16:55,653 [Listener at 127.0.0.1/45981] INFO  server.XceiverServerGrpc (XceiverServerGrpc.java:<init>(132)) - GrpcServer channel type EpollServerSocketChannel
2022-04-24 04:16:55,664 [Listener at 127.0.0.1/45981] INFO  http.BaseHttpServer (BaseHttpServer.java:newHttpServer2BuilderForOzone(209)) - Starting Web-server for hddsDatanode at: http://0.0.0.0:0
2022-04-24 04:16:55,664 [Listener at 127.0.0.1/45981] INFO  http.BaseHttpServer (BaseHttpServer.java:<init>(107)) - Hadoop Security Enabled: false Ozone Security Enabled: false Ozone HTTP Security Enabled: false 
2022-04-24 04:16:55,665 [Listener at 127.0.0.1/45981] INFO  server.AuthenticationFilter (AuthenticationFilter.java:constructSecretProvider(240)) - Unable to initialize FileSignerSecretProvider, falling back to use random secrets.
2022-04-24 04:16:55,685 [Listener at 127.0.0.1/45981] WARN  http.HttpRequestLog (HttpRequestLog.java:getRequestLog(103)) - Jetty request log can only be enabled using Log4j
2022-04-24 04:16:55,696 [Listener at 127.0.0.1/45981] INFO  http.HttpServer2 (HttpServer2.java:addGlobalFilter(1030)) - Added global filter 'safety' (class=org.apache.hadoop.hdds.server.http.HttpServer2$QuotingInputFilter)
2022-04-24 04:16:55,696 [Listener at 127.0.0.1/45981] INFO  http.HttpServer2 (HttpServer2.java:addFilter(1006)) - Added filter static_user_filter (class=org.apache.hadoop.http.lib.StaticUserWebFilter$StaticUserFilter) to context hddsDatanode
2022-04-24 04:16:55,697 [Listener at 127.0.0.1/45981] INFO  http.HttpServer2 (HttpServer2.java:addFilter(1014)) - Added filter static_user_filter (class=org.apache.hadoop.http.lib.StaticUserWebFilter$StaticUserFilter) to context static
2022-04-24 04:16:55,697 [Listener at 127.0.0.1/45981] INFO  http.HttpServer2 (HttpServer2.java:addFilter(1014)) - Added filter static_user_filter (class=org.apache.hadoop.http.lib.StaticUserWebFilter$StaticUserFilter) to context logs
2022-04-24 04:16:55,697 [Listener at 127.0.0.1/45981] INFO  http.HttpServer2 (HttpServer2.java:bindListener(1249)) - Jetty bound to port 41125
2022-04-24 04:16:55,697 [Listener at 127.0.0.1/45981] INFO  server.Server (Server.java:doStart(375)) - jetty-9.4.43.v20210629; built: 2021-06-30T11:07:22.254Z; git: 526006ecfa3af7f1a27ef3a288e2bef7ea9dd7e8; jvm 1.8.0_322-b06
2022-04-24 04:16:55,713 [Listener at 127.0.0.1/45981] INFO  server.session (DefaultSessionIdManager.java:doStart(334)) - DefaultSessionIdManager workerName=node0
2022-04-24 04:16:55,713 [Listener at 127.0.0.1/45981] INFO  server.session (DefaultSessionIdManager.java:doStart(339)) - No SessionScavenger set, using defaults
2022-04-24 04:16:55,716 [Listener at 127.0.0.1/45981] INFO  server.session (HouseKeeper.java:startScavenging(132)) - node0 Scavenging every 600000ms
2022-04-24 04:16:55,716 [Listener at 127.0.0.1/45981] INFO  handler.ContextHandler (ContextHandler.java:doStart(915)) - Started o.e.j.s.ServletContextHandler@7da21834{logs,/logs,file:///home/runner/work/ozone/ozone/hadoop-ozone/integration-test/target/log,AVAILABLE}
2022-04-24 04:16:55,717 [Listener at 127.0.0.1/45981] INFO  handler.ContextHandler (ContextHandler.java:doStart(915)) - Started o.e.j.s.ServletContextHandler@5ffb7dce{static,/static,jar:file:/home/runner/.m2/repository/org/apache/ozone/hdds-container-service/1.3.0-SNAPSHOT/hdds-container-service-1.3.0-SNAPSHOT.jar!/webapps/static,AVAILABLE}
2022-04-24 04:16:55,847 [Listener at 127.0.0.1/45981] INFO  handler.ContextHandler (ContextHandler.java:doStart(915)) - Started o.e.j.w.WebAppContext@6a2f88fa{hddsDatanode,/,file:///tmp/jetty-0_0_0_0-41125-hdds-container-service-1_3_0-SNAPSHOT_jar-_-any-5093213723765146885/webapp/,AVAILABLE}{jar:file:/home/runner/.m2/repository/org/apache/ozone/hdds-container-service/1.3.0-SNAPSHOT/hdds-container-service-1.3.0-SNAPSHOT.jar!/webapps/hddsDatanode}
2022-04-24 04:16:55,870 [Listener at 127.0.0.1/45981] INFO  server.AbstractConnector (AbstractConnector.java:doStart(331)) - Started ServerConnector@641059e2{HTTP/1.1, (http/1.1)}{0.0.0.0:41125}
2022-04-24 04:16:55,870 [Listener at 127.0.0.1/45981] INFO  server.Server (Server.java:doStart(415)) - Started @132922ms
2022-04-24 04:16:55,871 [Listener at 127.0.0.1/45981] WARN  impl.MetricsSystemImpl (MetricsSystemImpl.java:register(279)) - Sink prometheus already exists!
2022-04-24 04:16:55,872 [Listener at 127.0.0.1/45981] INFO  http.BaseHttpServer (BaseHttpServer.java:updateConnectorAddress(329)) - HTTP server of hddsDatanode listening at http://0.0.0.0:41125
2022-04-24 04:16:55,884 [Listener at 127.0.0.1/45981] WARN  impl.MetricRegistriesImpl (MetricRegistriesImpl.java:addReporterRegistration(111)) - New reporters are added after registries were created. Some metrics will be missing from the reporter. Please add reporter before adding any new registry.
2022-04-24 04:16:55,884 [Listener at 127.0.0.1/45981] WARN  impl.MetricRegistriesImpl (MetricRegistriesImpl.java:addReporterRegistration(111)) - New reporters are added after registries were created. Some metrics will be missing from the reporter. Please add reporter before adding any new registry.
2022-04-24 04:16:55,884 [Listener at 127.0.0.1/45981] INFO  impl.MetricsSystemImpl (MetricsSystemImpl.java:init(158)) - HddsDatanode metrics system started (again)
2022-04-24 04:16:55,905 [Datanode State Machine Daemon Thread] INFO  statemachine.DatanodeStateMachine (DatanodeStateMachine.java:lambda$startDaemon$0(472)) - Ozone container server started.
2022-04-24 04:16:55,925 [org.apache.hadoop.util.JvmPauseMonitor$Monitor@3f9999b5] INFO  util.JvmPauseMonitor (JvmPauseMonitor.java:run(188)) - Starting JVM pause monitor
2022-04-24 04:16:55,942 [Datanode State Machine Task Thread - 0] INFO  datanode.InitDatanodeState (InitDatanodeState.java:persistContainerDatanodeDetails(138)) - DatanodeDetails is persisted to /home/runner/work/ozone/ozone/hadoop-ozone/integration-test/target/test-dir/MiniOzoneClusterImpl-83189976-e3c9-4226-841a-8dae3aba4f8d/datanode-3/meta/datanode.id
2022-04-24 04:16:55,943 [Listener at 127.0.0.1/45981] INFO  ozone.HddsDatanodeService (HddsDatanodeService.java:start(233)) - HddsDatanodeService host:fv-az50-870.grzltbmokehuzjyc5b133kdqgh.cx.internal.cloudapp.net ip:10.1.0.15
2022-04-24 04:16:55,990 [Listener at 127.0.0.1/45981] INFO  upgrade.AbstractLayoutVersionManager (AbstractLayoutVersionManager.java:init(79)) - Initializing Layout version manager with metadata layout = ERASURE_CODED_STORAGE_SUPPORT (version = 3), software layout = ERASURE_CODED_STORAGE_SUPPORT (version = 3)
2022-04-24 04:16:56,038 [Listener at 127.0.0.1/45981] INFO  reflections.Reflections (Reflections.java:scan(232)) - Reflections took 47 ms to scan 7 urls, producing 126 keys and 287 values 
2022-04-24 04:16:56,039 [Listener at 127.0.0.1/45981] INFO  statemachine.DatanodeStateMachine (DatanodeStateMachine.java:getEndPointTaskThreadPoolSize(224)) - Datanode State Machine Task Thread Pool size 2
2022-04-24 04:16:56,058 [Listener at 127.0.0.1/45981] INFO  volume.HddsVolume (HddsVolume.java:<init>(120)) - Creating HddsVolume: /home/runner/work/ozone/ozone/hadoop-ozone/integration-test/target/test-dir/MiniOzoneClusterImpl-83189976-e3c9-4226-841a-8dae3aba4f8d/datanode-4/data-0/containers/hdds of storage type : DISK capacity : 9223372036854775807
2022-04-24 04:16:56,058 [Listener at 127.0.0.1/45981] INFO  volume.MutableVolumeSet (MutableVolumeSet.java:initializeVolumeSet(168)) - Added Volume : /home/runner/work/ozone/ozone/hadoop-ozone/integration-test/target/test-dir/MiniOzoneClusterImpl-83189976-e3c9-4226-841a-8dae3aba4f8d/datanode-4/data-0/containers/hdds to VolumeSet
2022-04-24 04:16:56,058 [Listener at 127.0.0.1/45981] INFO  volume.ThrottledAsyncChecker (ThrottledAsyncChecker.java:schedule(141)) - Scheduling a check for /home/runner/work/ozone/ozone/hadoop-ozone/integration-test/target/test-dir/MiniOzoneClusterImpl-83189976-e3c9-4226-841a-8dae3aba4f8d/datanode-4/data-0/containers/hdds
2022-04-24 04:16:56,059 [Listener at 127.0.0.1/45981] INFO  volume.StorageVolumeChecker (StorageVolumeChecker.java:checkAllVolumes(202)) - Scheduled health check for volume /home/runner/work/ozone/ozone/hadoop-ozone/integration-test/target/test-dir/MiniOzoneClusterImpl-83189976-e3c9-4226-841a-8dae3aba4f8d/datanode-4/data-0/containers/hdds
2022-04-24 04:16:56,077 [Listener at 127.0.0.1/45981] INFO  volume.MutableVolumeSet (MutableVolumeSet.java:initializeVolumeSet(168)) - Added Volume : /home/runner/work/ozone/ozone/hadoop-ozone/integration-test/target/test-dir/MiniOzoneClusterImpl-83189976-e3c9-4226-841a-8dae3aba4f8d/datanode-4/data/ratis to VolumeSet
2022-04-24 04:16:56,077 [Listener at 127.0.0.1/45981] INFO  volume.ThrottledAsyncChecker (ThrottledAsyncChecker.java:schedule(141)) - Scheduling a check for /home/runner/work/ozone/ozone/hadoop-ozone/integration-test/target/test-dir/MiniOzoneClusterImpl-83189976-e3c9-4226-841a-8dae3aba4f8d/datanode-4/data/ratis
2022-04-24 04:16:56,077 [Listener at 127.0.0.1/45981] INFO  volume.StorageVolumeChecker (StorageVolumeChecker.java:checkAllVolumes(202)) - Scheduled health check for volume /home/runner/work/ozone/ozone/hadoop-ozone/integration-test/target/test-dir/MiniOzoneClusterImpl-83189976-e3c9-4226-841a-8dae3aba4f8d/datanode-4/data/ratis
2022-04-24 04:16:56,109 [Thread-980] INFO  ozoneimpl.ContainerReader (ContainerReader.java:readVolume(172)) - Finish verifying containers on volume /home/runner/work/ozone/ozone/hadoop-ozone/integration-test/target/test-dir/MiniOzoneClusterImpl-83189976-e3c9-4226-841a-8dae3aba4f8d/datanode-4/data-0/containers/hdds
2022-04-24 04:16:56,110 [Listener at 127.0.0.1/45981] INFO  ozoneimpl.OzoneContainer (OzoneContainer.java:buildContainerSet(257)) - Build ContainerSet costs 0s
2022-04-24 04:16:56,112 [Listener at 127.0.0.1/45981] INFO  server.RaftServer (ConfUtils.java:logGet(44)) - raft.rpc.type = GRPC (default)
2022-04-24 04:16:56,112 [Listener at 127.0.0.1/45981] INFO  grpc.GrpcFactory (GrpcFactory.java:checkPooledByteBufAllocatorUseCacheForAllThreads(48)) - PERFORMANCE WARNING: useCacheForAllThreads is true that may cause Netty to create a lot garbage objects and, as a result, trigger GC.
	It is recommended to disable useCacheForAllThreads by setting -Dorg.apache.ratis.thirdparty.io.netty.allocator.useCacheForAllThreads=false in command line.
2022-04-24 04:16:56,112 [Listener at 127.0.0.1/45981] INFO  grpc.GrpcConfigKeys (ConfUtils.java:logGet(44)) - raft.grpc.admin.port = 0 (custom)
2022-04-24 04:16:56,112 [Listener at 127.0.0.1/45981] INFO  grpc.GrpcConfigKeys (ConfUtils.java:logGet(44)) - raft.grpc.client.port = 0 (custom)
2022-04-24 04:16:56,112 [Listener at 127.0.0.1/45981] INFO  grpc.GrpcConfigKeys (ConfUtils.java:logGet(44)) - raft.grpc.server.port = 0 (default)
2022-04-24 04:16:56,113 [Listener at 127.0.0.1/45981] INFO  server.GrpcService (ConfUtils.java:logGet(44)) - raft.grpc.message.size.max = 32MB (=33554432) (custom)
2022-04-24 04:16:56,113 [Listener at 127.0.0.1/45981] INFO  server.RaftServerConfigKeys (ConfUtils.java:logGet(44)) - raft.server.log.appender.buffer.byte-limit = 33554432 (custom)
2022-04-24 04:16:56,113 [Listener at 127.0.0.1/45981] INFO  server.GrpcService (ConfUtils.java:logGet(44)) - raft.grpc.flow.control.window = 5MB (=5242880) (custom)
2022-04-24 04:16:56,113 [Listener at 127.0.0.1/45981] INFO  server.RaftServerConfigKeys (ConfUtils.java:logGet(44)) - raft.server.rpc.request.timeout = 60s (custom)
2022-04-24 04:16:56,114 [Listener at 127.0.0.1/45981] INFO  impl.DataStreamServerImpl (ConfUtils.java:logGet(44)) - raft.datastream.type = DISABLED (default)
2022-04-24 04:16:56,114 [Listener at 127.0.0.1/45981] INFO  server.RaftServerConfigKeys (ConfUtils.java:logGet(44)) - raft.server.rpc.slowness.timeout = 300s (custom)
2022-04-24 04:16:56,114 [Listener at 127.0.0.1/45981] INFO  server.RaftServerConfigKeys (ConfUtils.java:logGet(44)) - raft.server.leaderelection.leader.step-down.wait-time = 10s (default)
2022-04-24 04:16:56,114 [Listener at 127.0.0.1/45981] INFO  server.RaftServerConfigKeys (ConfUtils.java:logGet(44)) - raft.server.storage.dir = [/home/runner/work/ozone/ozone/hadoop-ozone/integration-test/target/test-dir/MiniOzoneClusterImpl-83189976-e3c9-4226-841a-8dae3aba4f8d/datanode-4/data/ratis] (custom)
2022-04-24 04:16:56,116 [Listener at 127.0.0.1/45981] INFO  server.XceiverServerGrpc (XceiverServerGrpc.java:<init>(132)) - GrpcServer channel type EpollServerSocketChannel
2022-04-24 04:16:56,127 [Listener at 127.0.0.1/45981] INFO  http.BaseHttpServer (BaseHttpServer.java:newHttpServer2BuilderForOzone(209)) - Starting Web-server for hddsDatanode at: http://0.0.0.0:0
2022-04-24 04:16:56,127 [Listener at 127.0.0.1/45981] INFO  http.BaseHttpServer (BaseHttpServer.java:<init>(107)) - Hadoop Security Enabled: false Ozone Security Enabled: false Ozone HTTP Security Enabled: false 
2022-04-24 04:16:56,151 [Listener at 127.0.0.1/45981] INFO  server.AuthenticationFilter (AuthenticationFilter.java:constructSecretProvider(240)) - Unable to initialize FileSignerSecretProvider, falling back to use random secrets.
2022-04-24 04:16:56,159 [Listener at 127.0.0.1/45981] WARN  http.HttpRequestLog (HttpRequestLog.java:getRequestLog(103)) - Jetty request log can only be enabled using Log4j
2022-04-24 04:16:56,161 [Listener at 127.0.0.1/45981] INFO  http.HttpServer2 (HttpServer2.java:addGlobalFilter(1030)) - Added global filter 'safety' (class=org.apache.hadoop.hdds.server.http.HttpServer2$QuotingInputFilter)
2022-04-24 04:16:56,162 [Listener at 127.0.0.1/45981] INFO  http.HttpServer2 (HttpServer2.java:addFilter(1006)) - Added filter static_user_filter (class=org.apache.hadoop.http.lib.StaticUserWebFilter$StaticUserFilter) to context hddsDatanode
2022-04-24 04:16:56,162 [Listener at 127.0.0.1/45981] INFO  http.HttpServer2 (HttpServer2.java:addFilter(1014)) - Added filter static_user_filter (class=org.apache.hadoop.http.lib.StaticUserWebFilter$StaticUserFilter) to context static
2022-04-24 04:16:56,162 [Listener at 127.0.0.1/45981] INFO  http.HttpServer2 (HttpServer2.java:addFilter(1014)) - Added filter static_user_filter (class=org.apache.hadoop.http.lib.StaticUserWebFilter$StaticUserFilter) to context logs
2022-04-24 04:16:56,164 [Listener at 127.0.0.1/45981] INFO  http.HttpServer2 (HttpServer2.java:bindListener(1249)) - Jetty bound to port 42489
2022-04-24 04:16:56,165 [Listener at 127.0.0.1/45981] INFO  server.Server (Server.java:doStart(375)) - jetty-9.4.43.v20210629; built: 2021-06-30T11:07:22.254Z; git: 526006ecfa3af7f1a27ef3a288e2bef7ea9dd7e8; jvm 1.8.0_322-b06
2022-04-24 04:16:56,166 [Listener at 127.0.0.1/45981] INFO  server.session (DefaultSessionIdManager.java:doStart(334)) - DefaultSessionIdManager workerName=node0
2022-04-24 04:16:56,166 [Listener at 127.0.0.1/45981] INFO  server.session (DefaultSessionIdManager.java:doStart(339)) - No SessionScavenger set, using defaults
2022-04-24 04:16:56,166 [Listener at 127.0.0.1/45981] INFO  server.session (HouseKeeper.java:startScavenging(132)) - node0 Scavenging every 660000ms
2022-04-24 04:16:56,167 [Listener at 127.0.0.1/45981] INFO  handler.ContextHandler (ContextHandler.java:doStart(915)) - Started o.e.j.s.ServletContextHandler@74e7b041{logs,/logs,file:///home/runner/work/ozone/ozone/hadoop-ozone/integration-test/target/log,AVAILABLE}
2022-04-24 04:16:56,167 [Listener at 127.0.0.1/45981] INFO  handler.ContextHandler (ContextHandler.java:doStart(915)) - Started o.e.j.s.ServletContextHandler@7dfde83f{static,/static,jar:file:/home/runner/.m2/repository/org/apache/ozone/hdds-container-service/1.3.0-SNAPSHOT/hdds-container-service-1.3.0-SNAPSHOT.jar!/webapps/static,AVAILABLE}
2022-04-24 04:16:56,275 [Listener at 127.0.0.1/45981] INFO  handler.ContextHandler (ContextHandler.java:doStart(915)) - Started o.e.j.w.WebAppContext@458556e4{hddsDatanode,/,file:///tmp/jetty-0_0_0_0-42489-hdds-container-service-1_3_0-SNAPSHOT_jar-_-any-5481823267419898559/webapp/,AVAILABLE}{jar:file:/home/runner/.m2/repository/org/apache/ozone/hdds-container-service/1.3.0-SNAPSHOT/hdds-container-service-1.3.0-SNAPSHOT.jar!/webapps/hddsDatanode}
2022-04-24 04:16:56,297 [Listener at 127.0.0.1/45981] INFO  server.AbstractConnector (AbstractConnector.java:doStart(331)) - Started ServerConnector@d974318{HTTP/1.1, (http/1.1)}{0.0.0.0:42489}
2022-04-24 04:16:56,298 [Listener at 127.0.0.1/45981] INFO  server.Server (Server.java:doStart(415)) - Started @133350ms
2022-04-24 04:16:56,298 [Listener at 127.0.0.1/45981] WARN  impl.MetricsSystemImpl (MetricsSystemImpl.java:register(279)) - Sink prometheus already exists!
2022-04-24 04:16:56,298 [Listener at 127.0.0.1/45981] INFO  http.BaseHttpServer (BaseHttpServer.java:updateConnectorAddress(329)) - HTTP server of hddsDatanode listening at http://0.0.0.0:42489
2022-04-24 04:16:56,304 [Listener at 127.0.0.1/45981] INFO  ozone.MiniOzoneClusterImpl (MiniOzoneClusterImpl.java:lambda$waitForClusterToBeReady$0(221)) - Waiting for nodes to be ready. Got 0 of 5 DN Heartbeats.
2022-04-24 04:16:56,304 [Listener at 127.0.0.1/45981] INFO  ozone.MiniOzoneClusterImpl (MiniOzoneClusterImpl.java:lambda$waitForClusterToBeReady$0(224)) - Waiting for cluster to exit safe mode
2022-04-24 04:16:56,304 [Listener at 127.0.0.1/45981] INFO  ozone.MiniOzoneClusterImpl (MiniOzoneClusterImpl.java:lambda$waitForClusterToBeReady$0(226)) - SCM became leader
2022-04-24 04:16:56,304 [Datanode State Machine Daemon Thread] INFO  statemachine.DatanodeStateMachine (DatanodeStateMachine.java:lambda$startDaemon$0(472)) - Ozone container server started.
2022-04-24 04:16:56,358 [Datanode State Machine Task Thread - 0] INFO  datanode.InitDatanodeState (InitDatanodeState.java:persistContainerDatanodeDetails(138)) - DatanodeDetails is persisted to /home/runner/work/ozone/ozone/hadoop-ozone/integration-test/target/test-dir/MiniOzoneClusterImpl-83189976-e3c9-4226-841a-8dae3aba4f8d/datanode-4/meta/datanode.id
2022-04-24 04:16:56,359 [org.apache.hadoop.util.JvmPauseMonitor$Monitor@14774bd] INFO  util.JvmPauseMonitor (JvmPauseMonitor.java:run(188)) - Starting JVM pause monitor
2022-04-24 04:16:56,435 [EndpointStateMachine task thread for /0.0.0.0:34463 - 0 ] INFO  ozoneimpl.OzoneContainer (OzoneContainer.java:start(335)) - Attempting to start container services.
2022-04-24 04:16:56,435 [EndpointStateMachine task thread for /0.0.0.0:34463 - 0 ] INFO  ozoneimpl.OzoneContainer (OzoneContainer.java:startContainerScrub(270)) - Background container scanner has been disabled.
2022-04-24 04:16:56,436 [EndpointStateMachine task thread for /0.0.0.0:34463 - 0 ] INFO  replication.ReplicationServer (ReplicationServer.java:start(111)) - ReplicationServer is started using port 34863
2022-04-24 04:16:56,436 [EndpointStateMachine task thread for /0.0.0.0:34463 - 0 ] INFO  ratis.XceiverServerRatis (XceiverServerRatis.java:start(481)) - Starting XceiverServerRatis 07194f3d-c9eb-4893-9cab-c457c5e8e7cf
2022-04-24 04:16:56,442 [EndpointStateMachine task thread for /0.0.0.0:34463 - 0 ] INFO  server.RaftServer (RaftServerProxy.java:lambda$start$5(374)) - 07194f3d-c9eb-4893-9cab-c457c5e8e7cf: start RPC server
2022-04-24 04:16:56,444 [EndpointStateMachine task thread for /0.0.0.0:34463 - 0 ] INFO  server.GrpcService (GrpcService.java:startImpl(253)) - 07194f3d-c9eb-4893-9cab-c457c5e8e7cf: GrpcService started, listening on 38719
2022-04-24 04:16:56,457 [EndpointStateMachine task thread for /0.0.0.0:34463 - 0 ] INFO  ratis.XceiverServerRatis (XceiverServerRatis.java:getRealPort(502)) - XceiverServerRatis 07194f3d-c9eb-4893-9cab-c457c5e8e7cf is started using port 38719 for RATIS
2022-04-24 04:16:56,457 [EndpointStateMachine task thread for /0.0.0.0:34463 - 0 ] INFO  ratis.XceiverServerRatis (XceiverServerRatis.java:getRealPort(502)) - XceiverServerRatis 07194f3d-c9eb-4893-9cab-c457c5e8e7cf is started using port 38719 for RATIS_ADMIN
2022-04-24 04:16:56,457 [EndpointStateMachine task thread for /0.0.0.0:34463 - 0 ] INFO  ratis.XceiverServerRatis (XceiverServerRatis.java:getRealPort(502)) - XceiverServerRatis 07194f3d-c9eb-4893-9cab-c457c5e8e7cf is started using port 38719 for RATIS_SERVER
2022-04-24 04:16:56,458 [org.apache.ratis.util.JvmPauseMonitor$$Lambda$580/177642409@72b4b43c] INFO  util.JvmPauseMonitor (JvmPauseMonitor.java:run(103)) - JvmPauseMonitor-07194f3d-c9eb-4893-9cab-c457c5e8e7cf: Started
2022-04-24 04:16:56,464 [EndpointStateMachine task thread for /0.0.0.0:34463 - 0 ] INFO  server.XceiverServerGrpc (XceiverServerGrpc.java:start(180)) - XceiverServerGrpc 07194f3d-c9eb-4893-9cab-c457c5e8e7cf is started using port 36679
2022-04-24 04:16:56,880 [EndpointStateMachine task thread for /0.0.0.0:34463 - 0 ] INFO  ozoneimpl.OzoneContainer (OzoneContainer.java:start(335)) - Attempting to start container services.
2022-04-24 04:16:56,881 [EndpointStateMachine task thread for /0.0.0.0:34463 - 0 ] INFO  ozoneimpl.OzoneContainer (OzoneContainer.java:startContainerScrub(270)) - Background container scanner has been disabled.
2022-04-24 04:16:56,881 [EndpointStateMachine task thread for /0.0.0.0:34463 - 0 ] INFO  replication.ReplicationServer (ReplicationServer.java:start(111)) - ReplicationServer is started using port 40429
2022-04-24 04:16:56,886 [EndpointStateMachine task thread for /0.0.0.0:34463 - 0 ] INFO  ratis.XceiverServerRatis (XceiverServerRatis.java:start(481)) - Starting XceiverServerRatis 17cdb9c6-36ab-42af-b35d-3948633e5a03
2022-04-24 04:16:56,909 [EndpointStateMachine task thread for /0.0.0.0:34463 - 0 ] INFO  server.RaftServer (RaftServerProxy.java:lambda$start$5(374)) - 17cdb9c6-36ab-42af-b35d-3948633e5a03: start RPC server
2022-04-24 04:16:56,915 [EndpointStateMachine task thread for /0.0.0.0:34463 - 0 ] INFO  server.GrpcService (GrpcService.java:startImpl(253)) - 17cdb9c6-36ab-42af-b35d-3948633e5a03: GrpcService started, listening on 34029
2022-04-24 04:16:56,922 [EndpointStateMachine task thread for /0.0.0.0:34463 - 0 ] INFO  ratis.XceiverServerRatis (XceiverServerRatis.java:getRealPort(502)) - XceiverServerRatis 17cdb9c6-36ab-42af-b35d-3948633e5a03 is started using port 34029 for RATIS
2022-04-24 04:16:56,922 [EndpointStateMachine task thread for /0.0.0.0:34463 - 0 ] INFO  ratis.XceiverServerRatis (XceiverServerRatis.java:getRealPort(502)) - XceiverServerRatis 17cdb9c6-36ab-42af-b35d-3948633e5a03 is started using port 34029 for RATIS_ADMIN
2022-04-24 04:16:56,922 [EndpointStateMachine task thread for /0.0.0.0:34463 - 0 ] INFO  ratis.XceiverServerRatis (XceiverServerRatis.java:getRealPort(502)) - XceiverServerRatis 17cdb9c6-36ab-42af-b35d-3948633e5a03 is started using port 34029 for RATIS_SERVER
2022-04-24 04:16:56,923 [org.apache.ratis.util.JvmPauseMonitor$$Lambda$580/177642409@7141894a] INFO  util.JvmPauseMonitor (JvmPauseMonitor.java:run(103)) - JvmPauseMonitor-17cdb9c6-36ab-42af-b35d-3948633e5a03: Started
2022-04-24 04:16:56,923 [EndpointStateMachine task thread for /0.0.0.0:34463 - 0 ] INFO  server.XceiverServerGrpc (XceiverServerGrpc.java:start(180)) - XceiverServerGrpc 17cdb9c6-36ab-42af-b35d-3948633e5a03 is started using port 45695
2022-04-24 04:16:57,304 [Listener at 127.0.0.1/45981] INFO  ozone.MiniOzoneClusterImpl (MiniOzoneClusterImpl.java:lambda$waitForClusterToBeReady$0(221)) - Waiting for nodes to be ready. Got 0 of 5 DN Heartbeats.
2022-04-24 04:16:57,304 [Listener at 127.0.0.1/45981] INFO  ozone.MiniOzoneClusterImpl (MiniOzoneClusterImpl.java:lambda$waitForClusterToBeReady$0(224)) - Waiting for cluster to exit safe mode
2022-04-24 04:16:57,304 [Listener at 127.0.0.1/45981] INFO  ozone.MiniOzoneClusterImpl (MiniOzoneClusterImpl.java:lambda$waitForClusterToBeReady$0(226)) - SCM became leader
2022-04-24 04:16:57,415 [EndpointStateMachine task thread for /0.0.0.0:34463 - 0 ] INFO  ozoneimpl.OzoneContainer (OzoneContainer.java:start(335)) - Attempting to start container services.
2022-04-24 04:16:57,415 [EndpointStateMachine task thread for /0.0.0.0:34463 - 0 ] INFO  ozoneimpl.OzoneContainer (OzoneContainer.java:startContainerScrub(270)) - Background container scanner has been disabled.
2022-04-24 04:16:57,418 [EndpointStateMachine task thread for /0.0.0.0:34463 - 0 ] INFO  replication.ReplicationServer (ReplicationServer.java:start(111)) - ReplicationServer is started using port 38359
2022-04-24 04:16:57,421 [EndpointStateMachine task thread for /0.0.0.0:34463 - 0 ] INFO  ratis.XceiverServerRatis (XceiverServerRatis.java:start(481)) - Starting XceiverServerRatis e1740749-fe91-487e-b92b-84770da375d0
2022-04-24 04:16:57,428 [EndpointStateMachine task thread for /0.0.0.0:34463 - 0 ] INFO  server.RaftServer (RaftServerProxy.java:lambda$start$5(374)) - e1740749-fe91-487e-b92b-84770da375d0: start RPC server
2022-04-24 04:16:57,433 [EndpointStateMachine task thread for /0.0.0.0:34463 - 0 ] INFO  server.GrpcService (GrpcService.java:startImpl(253)) - e1740749-fe91-487e-b92b-84770da375d0: GrpcService started, listening on 38503
2022-04-24 04:16:57,434 [EndpointStateMachine task thread for /0.0.0.0:34463 - 0 ] INFO  ratis.XceiverServerRatis (XceiverServerRatis.java:getRealPort(502)) - XceiverServerRatis e1740749-fe91-487e-b92b-84770da375d0 is started using port 38503 for RATIS
2022-04-24 04:16:57,434 [EndpointStateMachine task thread for /0.0.0.0:34463 - 0 ] INFO  ratis.XceiverServerRatis (XceiverServerRatis.java:getRealPort(502)) - XceiverServerRatis e1740749-fe91-487e-b92b-84770da375d0 is started using port 38503 for RATIS_ADMIN
2022-04-24 04:16:57,434 [EndpointStateMachine task thread for /0.0.0.0:34463 - 0 ] INFO  ratis.XceiverServerRatis (XceiverServerRatis.java:getRealPort(502)) - XceiverServerRatis e1740749-fe91-487e-b92b-84770da375d0 is started using port 38503 for RATIS_SERVER
2022-04-24 04:16:57,435 [org.apache.ratis.util.JvmPauseMonitor$$Lambda$580/177642409@64733f5c] INFO  util.JvmPauseMonitor (JvmPauseMonitor.java:run(103)) - JvmPauseMonitor-e1740749-fe91-487e-b92b-84770da375d0: Started
2022-04-24 04:16:57,435 [EndpointStateMachine task thread for /0.0.0.0:34463 - 0 ] INFO  server.XceiverServerGrpc (XceiverServerGrpc.java:start(180)) - XceiverServerGrpc e1740749-fe91-487e-b92b-84770da375d0 is started using port 46271
2022-04-24 04:16:57,932 [EndpointStateMachine task thread for /0.0.0.0:34463 - 0 ] INFO  ozoneimpl.OzoneContainer (OzoneContainer.java:start(335)) - Attempting to start container services.
2022-04-24 04:16:57,933 [EndpointStateMachine task thread for /0.0.0.0:34463 - 0 ] INFO  ozoneimpl.OzoneContainer (OzoneContainer.java:startContainerScrub(270)) - Background container scanner has been disabled.
2022-04-24 04:16:57,938 [EndpointStateMachine task thread for /0.0.0.0:34463 - 0 ] INFO  replication.ReplicationServer (ReplicationServer.java:start(111)) - ReplicationServer is started using port 41293
2022-04-24 04:16:57,943 [EndpointStateMachine task thread for /0.0.0.0:34463 - 0 ] INFO  ratis.XceiverServerRatis (XceiverServerRatis.java:start(481)) - Starting XceiverServerRatis 54e7648f-2930-4d31-a354-11192bb944d6
2022-04-24 04:16:57,950 [EndpointStateMachine task thread for /0.0.0.0:34463 - 0 ] INFO  server.RaftServer (RaftServerProxy.java:lambda$start$5(374)) - 54e7648f-2930-4d31-a354-11192bb944d6: start RPC server
2022-04-24 04:16:57,953 [EndpointStateMachine task thread for /0.0.0.0:34463 - 0 ] INFO  server.GrpcService (GrpcService.java:startImpl(253)) - 54e7648f-2930-4d31-a354-11192bb944d6: GrpcService started, listening on 36625
2022-04-24 04:16:57,962 [EndpointStateMachine task thread for /0.0.0.0:34463 - 0 ] INFO  ratis.XceiverServerRatis (XceiverServerRatis.java:getRealPort(502)) - XceiverServerRatis 54e7648f-2930-4d31-a354-11192bb944d6 is started using port 36625 for RATIS
2022-04-24 04:16:57,962 [EndpointStateMachine task thread for /0.0.0.0:34463 - 0 ] INFO  ratis.XceiverServerRatis (XceiverServerRatis.java:getRealPort(502)) - XceiverServerRatis 54e7648f-2930-4d31-a354-11192bb944d6 is started using port 36625 for RATIS_ADMIN
2022-04-24 04:16:57,962 [EndpointStateMachine task thread for /0.0.0.0:34463 - 0 ] INFO  ratis.XceiverServerRatis (XceiverServerRatis.java:getRealPort(502)) - XceiverServerRatis 54e7648f-2930-4d31-a354-11192bb944d6 is started using port 36625 for RATIS_SERVER
2022-04-24 04:16:57,966 [org.apache.ratis.util.JvmPauseMonitor$$Lambda$580/177642409@1b9ba2b7] INFO  util.JvmPauseMonitor (JvmPauseMonitor.java:run(103)) - JvmPauseMonitor-54e7648f-2930-4d31-a354-11192bb944d6: Started
2022-04-24 04:16:57,970 [EndpointStateMachine task thread for /0.0.0.0:34463 - 0 ] INFO  server.XceiverServerGrpc (XceiverServerGrpc.java:start(180)) - XceiverServerGrpc 54e7648f-2930-4d31-a354-11192bb944d6 is started using port 41343
2022-04-24 04:16:58,305 [Listener at 127.0.0.1/45981] INFO  ozone.MiniOzoneClusterImpl (MiniOzoneClusterImpl.java:lambda$waitForClusterToBeReady$0(221)) - Waiting for nodes to be ready. Got 0 of 5 DN Heartbeats.
2022-04-24 04:16:58,305 [Listener at 127.0.0.1/45981] INFO  ozone.MiniOzoneClusterImpl (MiniOzoneClusterImpl.java:lambda$waitForClusterToBeReady$0(224)) - Waiting for cluster to exit safe mode
2022-04-24 04:16:58,305 [Listener at 127.0.0.1/45981] INFO  ozone.MiniOzoneClusterImpl (MiniOzoneClusterImpl.java:lambda$waitForClusterToBeReady$0(226)) - SCM became leader
2022-04-24 04:16:58,358 [EndpointStateMachine task thread for /0.0.0.0:34463 - 0 ] INFO  ozoneimpl.OzoneContainer (OzoneContainer.java:start(335)) - Attempting to start container services.
2022-04-24 04:16:58,358 [EndpointStateMachine task thread for /0.0.0.0:34463 - 0 ] INFO  ozoneimpl.OzoneContainer (OzoneContainer.java:startContainerScrub(270)) - Background container scanner has been disabled.
2022-04-24 04:16:58,362 [EndpointStateMachine task thread for /0.0.0.0:34463 - 0 ] INFO  replication.ReplicationServer (ReplicationServer.java:start(111)) - ReplicationServer is started using port 33777
2022-04-24 04:16:58,385 [EndpointStateMachine task thread for /0.0.0.0:34463 - 0 ] INFO  ratis.XceiverServerRatis (XceiverServerRatis.java:start(481)) - Starting XceiverServerRatis bffb6770-0dea-4a47-b7e7-380b8a6a8c28
2022-04-24 04:16:58,390 [EndpointStateMachine task thread for /0.0.0.0:34463 - 0 ] INFO  server.RaftServer (RaftServerProxy.java:lambda$start$5(374)) - bffb6770-0dea-4a47-b7e7-380b8a6a8c28: start RPC server
2022-04-24 04:16:58,391 [EndpointStateMachine task thread for /0.0.0.0:34463 - 0 ] INFO  server.GrpcService (GrpcService.java:startImpl(253)) - bffb6770-0dea-4a47-b7e7-380b8a6a8c28: GrpcService started, listening on 37891
2022-04-24 04:16:58,392 [EndpointStateMachine task thread for /0.0.0.0:34463 - 0 ] INFO  ratis.XceiverServerRatis (XceiverServerRatis.java:getRealPort(502)) - XceiverServerRatis bffb6770-0dea-4a47-b7e7-380b8a6a8c28 is started using port 37891 for RATIS
2022-04-24 04:16:58,392 [EndpointStateMachine task thread for /0.0.0.0:34463 - 0 ] INFO  ratis.XceiverServerRatis (XceiverServerRatis.java:getRealPort(502)) - XceiverServerRatis bffb6770-0dea-4a47-b7e7-380b8a6a8c28 is started using port 37891 for RATIS_ADMIN
2022-04-24 04:16:58,392 [EndpointStateMachine task thread for /0.0.0.0:34463 - 0 ] INFO  ratis.XceiverServerRatis (XceiverServerRatis.java:getRealPort(502)) - XceiverServerRatis bffb6770-0dea-4a47-b7e7-380b8a6a8c28 is started using port 37891 for RATIS_SERVER
2022-04-24 04:16:58,392 [org.apache.ratis.util.JvmPauseMonitor$$Lambda$580/177642409@582a6323] INFO  util.JvmPauseMonitor (JvmPauseMonitor.java:run(103)) - JvmPauseMonitor-bffb6770-0dea-4a47-b7e7-380b8a6a8c28: Started
2022-04-24 04:16:58,393 [EndpointStateMachine task thread for /0.0.0.0:34463 - 0 ] INFO  server.XceiverServerGrpc (XceiverServerGrpc.java:start(180)) - XceiverServerGrpc bffb6770-0dea-4a47-b7e7-380b8a6a8c28 is started using port 36533
2022-04-24 04:16:58,415 [IPC Server handler 1 on default port 34463] INFO  net.NetworkTopologyImpl (NetworkTopologyImpl.java:add(112)) - Added a new node: /default-rack/07194f3d-c9eb-4893-9cab-c457c5e8e7cf
2022-04-24 04:16:58,415 [IPC Server handler 1 on default port 34463] INFO  node.SCMNodeManager (SCMNodeManager.java:register(391)) - Registered Data node : 07194f3d-c9eb-4893-9cab-c457c5e8e7cf{ip: 10.1.0.15, host: fv-az50-870.grzltbmokehuzjyc5b133kdqgh.cx.internal.cloudapp.net, ports: [REPLICATION=34863, RATIS=38719, RATIS_ADMIN=38719, RATIS_SERVER=38719, STANDALONE=36679], networkLocation: /default-rack, certSerialId: null, persistedOpState: null, persistedOpStateExpiryEpochSec: 0}
2022-04-24 04:16:58,433 [EventQueue-NodeRegistrationContainerReportForContainerSafeModeRule] INFO  safemode.SCMSafeModeManager (SCMSafeModeManager.java:validateSafeModeExitRules(204)) - ContainerSafeModeRule rule is successfully validated
2022-04-24 04:16:58,435 [EventQueue-NodeRegistrationContainerReportForDataNodeSafeModeRule] INFO  safemode.SCMSafeModeManager (DataNodeSafeModeRule.java:process(71)) - SCM in safe mode. 1 DataNodes registered, 3 required.
2022-04-24 04:16:58,443 [EventQueue-NewNodeForNewNodeHandler] INFO  pipeline.BackgroundPipelineCreator (BackgroundPipelineCreator.java:notifyEventTriggered(284)) - trigger a one-shot run on RatisPipelineUtilsThread.
2022-04-24 04:16:58,443 [RatisPipelineUtilsThread - 0] INFO  pipeline.RatisPipelineProvider (RatisPipelineProvider.java:lambda$create$0(195)) - Sending CreatePipelineCommand for pipeline:PipelineID=5b8d4bd1-8074-4b65-96c1-fda5d5a2125f to datanode:07194f3d-c9eb-4893-9cab-c457c5e8e7cf
2022-04-24 04:16:58,445 [EventQueue-PipelineReportForOneReplicaPipelineSafeModeRule] INFO  safemode.SCMSafeModeManager (SCMSafeModeManager.java:validateSafeModeExitRules(204)) - AtleastOneDatanodeReportedRule rule is successfully validated
2022-04-24 04:16:58,446 [RatisPipelineUtilsThread - 0] INFO  pipeline.PipelineStateManagerImpl (PipelineStateManagerImpl.java:addPipeline(101)) - Created pipeline Pipeline[ Id: 5b8d4bd1-8074-4b65-96c1-fda5d5a2125f, Nodes: 07194f3d-c9eb-4893-9cab-c457c5e8e7cf{ip: 10.1.0.15, host: fv-az50-870.grzltbmokehuzjyc5b133kdqgh.cx.internal.cloudapp.net, ports: [REPLICATION=34863, RATIS=38719, RATIS_ADMIN=38719, RATIS_SERVER=38719, STANDALONE=36679], networkLocation: /default-rack, certSerialId: null, persistedOpState: IN_SERVICE, persistedOpStateExpiryEpochSec: 0}, ReplicationConfig: RATIS/ONE, State:ALLOCATED, leaderId:, CreationTimestamp2022-04-24T04:16:58.443Z[Etc/UTC]].
2022-04-24 04:16:58,859 [IPC Server handler 2 on default port 34463] INFO  net.NetworkTopologyImpl (NetworkTopologyImpl.java:add(112)) - Added a new node: /default-rack/17cdb9c6-36ab-42af-b35d-3948633e5a03
2022-04-24 04:16:58,860 [IPC Server handler 2 on default port 34463] INFO  node.SCMNodeManager (SCMNodeManager.java:register(391)) - Registered Data node : 17cdb9c6-36ab-42af-b35d-3948633e5a03{ip: 10.1.0.15, host: fv-az50-870.grzltbmokehuzjyc5b133kdqgh.cx.internal.cloudapp.net, ports: [REPLICATION=40429, RATIS=34029, RATIS_ADMIN=34029, RATIS_SERVER=34029, STANDALONE=45695], networkLocation: /default-rack, certSerialId: null, persistedOpState: null, persistedOpStateExpiryEpochSec: 0}
2022-04-24 04:16:58,860 [EventQueue-NewNodeForNewNodeHandler] INFO  pipeline.BackgroundPipelineCreator (BackgroundPipelineCreator.java:notifyEventTriggered(284)) - trigger a one-shot run on RatisPipelineUtilsThread.
2022-04-24 04:16:58,862 [RatisPipelineUtilsThread - 0] INFO  pipeline.RatisPipelineProvider (RatisPipelineProvider.java:lambda$create$0(195)) - Sending CreatePipelineCommand for pipeline:PipelineID=12602f73-9948-4ca8-8eed-95f5ef4cc5f8 to datanode:17cdb9c6-36ab-42af-b35d-3948633e5a03
2022-04-24 04:16:58,862 [RatisPipelineUtilsThread - 0] INFO  pipeline.PipelineStateManagerImpl (PipelineStateManagerImpl.java:addPipeline(101)) - Created pipeline Pipeline[ Id: 12602f73-9948-4ca8-8eed-95f5ef4cc5f8, Nodes: 17cdb9c6-36ab-42af-b35d-3948633e5a03{ip: 10.1.0.15, host: fv-az50-870.grzltbmokehuzjyc5b133kdqgh.cx.internal.cloudapp.net, ports: [REPLICATION=40429, RATIS=34029, RATIS_ADMIN=34029, RATIS_SERVER=34029, STANDALONE=45695], networkLocation: /default-rack, certSerialId: null, persistedOpState: IN_SERVICE, persistedOpStateExpiryEpochSec: 0}, ReplicationConfig: RATIS/ONE, State:ALLOCATED, leaderId:, CreationTimestamp2022-04-24T04:16:58.862Z[Etc/UTC]].
2022-04-24 04:16:58,877 [EventQueue-NodeRegistrationContainerReportForDataNodeSafeModeRule] INFO  safemode.SCMSafeModeManager (DataNodeSafeModeRule.java:process(71)) - SCM in safe mode. 2 DataNodes registered, 3 required.
2022-04-24 04:16:59,305 [Listener at 127.0.0.1/45981] INFO  ozone.MiniOzoneClusterImpl (MiniOzoneClusterImpl.java:lambda$waitForClusterToBeReady$0(221)) - Waiting for nodes to be ready. Got 2 of 5 DN Heartbeats.
2022-04-24 04:16:59,307 [Listener at 127.0.0.1/45981] INFO  ozone.MiniOzoneClusterImpl (MiniOzoneClusterImpl.java:lambda$waitForClusterToBeReady$0(224)) - Waiting for cluster to exit safe mode
2022-04-24 04:16:59,307 [Listener at 127.0.0.1/45981] INFO  ozone.MiniOzoneClusterImpl (MiniOzoneClusterImpl.java:lambda$waitForClusterToBeReady$0(226)) - SCM became leader
2022-04-24 04:16:59,392 [IPC Server handler 1 on default port 34463] INFO  net.NetworkTopologyImpl (NetworkTopologyImpl.java:add(112)) - Added a new node: /default-rack/e1740749-fe91-487e-b92b-84770da375d0
2022-04-24 04:16:59,393 [IPC Server handler 1 on default port 34463] INFO  node.SCMNodeManager (SCMNodeManager.java:register(391)) - Registered Data node : e1740749-fe91-487e-b92b-84770da375d0{ip: 10.1.0.15, host: fv-az50-870.grzltbmokehuzjyc5b133kdqgh.cx.internal.cloudapp.net, ports: [REPLICATION=38359, RATIS=38503, RATIS_ADMIN=38503, RATIS_SERVER=38503, STANDALONE=46271], networkLocation: /default-rack, certSerialId: null, persistedOpState: null, persistedOpStateExpiryEpochSec: 0}
2022-04-24 04:16:59,393 [EventQueue-NewNodeForNewNodeHandler] INFO  pipeline.BackgroundPipelineCreator (BackgroundPipelineCreator.java:notifyEventTriggered(284)) - trigger a one-shot run on RatisPipelineUtilsThread.
2022-04-24 04:16:59,393 [EventQueue-NodeRegistrationContainerReportForDataNodeSafeModeRule] INFO  safemode.SCMSafeModeManager (DataNodeSafeModeRule.java:process(71)) - SCM in safe mode. 3 DataNodes registered, 3 required.
2022-04-24 04:16:59,393 [EventQueue-NodeRegistrationContainerReportForDataNodeSafeModeRule] INFO  safemode.SCMSafeModeManager (SCMSafeModeManager.java:validateSafeModeExitRules(204)) - DataNodeSafeModeRule rule is successfully validated
2022-04-24 04:16:59,393 [EventQueue-NodeRegistrationContainerReportForDataNodeSafeModeRule] INFO  safemode.SCMSafeModeManager (SCMSafeModeManager.java:completePreCheck(233)) - All SCM safe mode pre check rules have passed
2022-04-24 04:16:59,393 [EventQueue-NodeRegistrationContainerReportForDataNodeSafeModeRule] WARN  events.EventQueue (EventQueue.java:fireEvent(194)) - No event handler registered for event TypedEvent{payloadType=SafeModeStatus, name='Safe mode status'}
2022-04-24 04:16:59,393 [EventQueue-NodeRegistrationContainerReportForDataNodeSafeModeRule] INFO  ha.SCMContext (SCMContext.java:updateSafeModeStatus(211)) - Update SafeModeStatus from SafeModeStatus{safeModeStatus=true, preCheckPassed=false} to SafeModeStatus{safeModeStatus=true, preCheckPassed=true}.
2022-04-24 04:16:59,393 [EventQueue-NodeRegistrationContainerReportForDataNodeSafeModeRule] INFO  pipeline.BackgroundPipelineCreator (BackgroundPipelineCreator.java:notifyEventTriggered(284)) - trigger a one-shot run on RatisPipelineUtilsThread.
2022-04-24 04:16:59,394 [RatisPipelineUtilsThread - 0] INFO  pipeline.RatisPipelineProvider (RatisPipelineProvider.java:lambda$create$0(195)) - Sending CreatePipelineCommand for pipeline:PipelineID=2ac12360-71f7-4f36-b3a4-c93319a1f28a to datanode:e1740749-fe91-487e-b92b-84770da375d0
2022-04-24 04:16:59,394 [RatisPipelineUtilsThread - 0] INFO  pipeline.PipelineStateManagerImpl (PipelineStateManagerImpl.java:addPipeline(101)) - Created pipeline Pipeline[ Id: 2ac12360-71f7-4f36-b3a4-c93319a1f28a, Nodes: e1740749-fe91-487e-b92b-84770da375d0{ip: 10.1.0.15, host: fv-az50-870.grzltbmokehuzjyc5b133kdqgh.cx.internal.cloudapp.net, ports: [REPLICATION=38359, RATIS=38503, RATIS_ADMIN=38503, RATIS_SERVER=38503, STANDALONE=46271], networkLocation: /default-rack, certSerialId: null, persistedOpState: IN_SERVICE, persistedOpStateExpiryEpochSec: 0}, ReplicationConfig: RATIS/ONE, State:ALLOCATED, leaderId:, CreationTimestamp2022-04-24T04:16:59.394Z[Etc/UTC]].
2022-04-24 04:16:59,395 [RatisPipelineUtilsThread - 0] INFO  pipeline.RatisPipelineProvider (RatisPipelineProvider.java:lambda$create$0(195)) - Sending CreatePipelineCommand for pipeline:PipelineID=4ce39555-f55b-4b8c-aa95-ade53eb9beda to datanode:17cdb9c6-36ab-42af-b35d-3948633e5a03
2022-04-24 04:16:59,395 [RatisPipelineUtilsThread - 0] INFO  pipeline.RatisPipelineProvider (RatisPipelineProvider.java:lambda$create$0(195)) - Sending CreatePipelineCommand for pipeline:PipelineID=4ce39555-f55b-4b8c-aa95-ade53eb9beda to datanode:e1740749-fe91-487e-b92b-84770da375d0
2022-04-24 04:16:59,395 [RatisPipelineUtilsThread - 0] INFO  pipeline.RatisPipelineProvider (RatisPipelineProvider.java:lambda$create$0(195)) - Sending CreatePipelineCommand for pipeline:PipelineID=4ce39555-f55b-4b8c-aa95-ade53eb9beda to datanode:07194f3d-c9eb-4893-9cab-c457c5e8e7cf
2022-04-24 04:16:59,395 [RatisPipelineUtilsThread - 0] INFO  pipeline.PipelineStateManagerImpl (PipelineStateManagerImpl.java:addPipeline(101)) - Created pipeline Pipeline[ Id: 4ce39555-f55b-4b8c-aa95-ade53eb9beda, Nodes: 17cdb9c6-36ab-42af-b35d-3948633e5a03{ip: 10.1.0.15, host: fv-az50-870.grzltbmokehuzjyc5b133kdqgh.cx.internal.cloudapp.net, ports: [REPLICATION=40429, RATIS=34029, RATIS_ADMIN=34029, RATIS_SERVER=34029, STANDALONE=45695], networkLocation: /default-rack, certSerialId: null, persistedOpState: IN_SERVICE, persistedOpStateExpiryEpochSec: 0}e1740749-fe91-487e-b92b-84770da375d0{ip: 10.1.0.15, host: fv-az50-870.grzltbmokehuzjyc5b133kdqgh.cx.internal.cloudapp.net, ports: [REPLICATION=38359, RATIS=38503, RATIS_ADMIN=38503, RATIS_SERVER=38503, STANDALONE=46271], networkLocation: /default-rack, certSerialId: null, persistedOpState: IN_SERVICE, persistedOpStateExpiryEpochSec: 0}07194f3d-c9eb-4893-9cab-c457c5e8e7cf{ip: 10.1.0.15, host: fv-az50-870.grzltbmokehuzjyc5b133kdqgh.cx.internal.cloudapp.net, ports: [REPLICATION=34863, RATIS=38719, RATIS_ADMIN=38719, RATIS_SERVER=38719, STANDALONE=36679], networkLocation: /default-rack, certSerialId: null, persistedOpState: IN_SERVICE, persistedOpStateExpiryEpochSec: 0}, ReplicationConfig: RATIS/THREE, State:ALLOCATED, leaderId:, CreationTimestamp2022-04-24T04:16:59.395Z[Etc/UTC]].
2022-04-24 04:16:59,395 [RatisPipelineUtilsThread - 0] INFO  pipeline.RatisPipelineProvider (RatisPipelineProvider.java:lambda$create$0(195)) - Sending CreatePipelineCommand for pipeline:PipelineID=af01b7d4-bc2f-4284-a020-0cc7895f5f7c to datanode:07194f3d-c9eb-4893-9cab-c457c5e8e7cf
2022-04-24 04:16:59,396 [RatisPipelineUtilsThread - 0] INFO  pipeline.RatisPipelineProvider (RatisPipelineProvider.java:lambda$create$0(195)) - Sending CreatePipelineCommand for pipeline:PipelineID=af01b7d4-bc2f-4284-a020-0cc7895f5f7c to datanode:17cdb9c6-36ab-42af-b35d-3948633e5a03
2022-04-24 04:16:59,396 [RatisPipelineUtilsThread - 0] INFO  pipeline.RatisPipelineProvider (RatisPipelineProvider.java:lambda$create$0(195)) - Sending CreatePipelineCommand for pipeline:PipelineID=af01b7d4-bc2f-4284-a020-0cc7895f5f7c to datanode:e1740749-fe91-487e-b92b-84770da375d0
2022-04-24 04:16:59,396 [RatisPipelineUtilsThread - 0] INFO  pipeline.PipelineStateManagerImpl (PipelineStateManagerImpl.java:addPipeline(101)) - Created pipeline Pipeline[ Id: af01b7d4-bc2f-4284-a020-0cc7895f5f7c, Nodes: 07194f3d-c9eb-4893-9cab-c457c5e8e7cf{ip: 10.1.0.15, host: fv-az50-870.grzltbmokehuzjyc5b133kdqgh.cx.internal.cloudapp.net, ports: [REPLICATION=34863, RATIS=38719, RATIS_ADMIN=38719, RATIS_SERVER=38719, STANDALONE=36679], networkLocation: /default-rack, certSerialId: null, persistedOpState: IN_SERVICE, persistedOpStateExpiryEpochSec: 0}17cdb9c6-36ab-42af-b35d-3948633e5a03{ip: 10.1.0.15, host: fv-az50-870.grzltbmokehuzjyc5b133kdqgh.cx.internal.cloudapp.net, ports: [REPLICATION=40429, RATIS=34029, RATIS_ADMIN=34029, RATIS_SERVER=34029, STANDALONE=45695], networkLocation: /default-rack, certSerialId: null, persistedOpState: IN_SERVICE, persistedOpStateExpiryEpochSec: 0}e1740749-fe91-487e-b92b-84770da375d0{ip: 10.1.0.15, host: fv-az50-870.grzltbmokehuzjyc5b133kdqgh.cx.internal.cloudapp.net, ports: [REPLICATION=38359, RATIS=38503, RATIS_ADMIN=38503, RATIS_SERVER=38503, STANDALONE=46271], networkLocation: /default-rack, certSerialId: null, persistedOpState: IN_SERVICE, persistedOpStateExpiryEpochSec: 0}, ReplicationConfig: RATIS/THREE, State:ALLOCATED, leaderId:, CreationTimestamp2022-04-24T04:16:59.395Z[Etc/UTC]].
2022-04-24 04:16:59,396 [RatisPipelineUtilsThread - 0] INFO  pipeline.PipelineManagerImpl (PipelineManagerImpl.java:recordMetricsForPipeline(669)) - Pipeline: PipelineID=af01b7d4-bc2f-4284-a020-0cc7895f5f7c contains same datanodes as previous pipelines: PipelineID=4ce39555-f55b-4b8c-aa95-ade53eb9beda nodeIds: 07194f3d-c9eb-4893-9cab-c457c5e8e7cf, 17cdb9c6-36ab-42af-b35d-3948633e5a03, e1740749-fe91-487e-b92b-84770da375d0
2022-04-24 04:16:59,927 [IPC Server handler 3 on default port 34463] INFO  net.NetworkTopologyImpl (NetworkTopologyImpl.java:add(112)) - Added a new node: /default-rack/54e7648f-2930-4d31-a354-11192bb944d6
2022-04-24 04:16:59,929 [IPC Server handler 3 on default port 34463] INFO  node.SCMNodeManager (SCMNodeManager.java:register(391)) - Registered Data node : 54e7648f-2930-4d31-a354-11192bb944d6{ip: 10.1.0.15, host: fv-az50-870.grzltbmokehuzjyc5b133kdqgh.cx.internal.cloudapp.net, ports: [REPLICATION=41293, RATIS=36625, RATIS_ADMIN=36625, RATIS_SERVER=36625, STANDALONE=41343], networkLocation: /default-rack, certSerialId: null, persistedOpState: null, persistedOpStateExpiryEpochSec: 0}
2022-04-24 04:16:59,929 [EventQueue-NewNodeForNewNodeHandler] INFO  pipeline.BackgroundPipelineCreator (BackgroundPipelineCreator.java:notifyEventTriggered(284)) - trigger a one-shot run on RatisPipelineUtilsThread.
2022-04-24 04:16:59,929 [RatisPipelineUtilsThread - 0] INFO  pipeline.RatisPipelineProvider (RatisPipelineProvider.java:lambda$create$0(195)) - Sending CreatePipelineCommand for pipeline:PipelineID=97b49c42-f93a-477e-8e2f-7db8b539c621 to datanode:54e7648f-2930-4d31-a354-11192bb944d6
2022-04-24 04:16:59,930 [RatisPipelineUtilsThread - 0] INFO  pipeline.PipelineStateManagerImpl (PipelineStateManagerImpl.java:addPipeline(101)) - Created pipeline Pipeline[ Id: 97b49c42-f93a-477e-8e2f-7db8b539c621, Nodes: 54e7648f-2930-4d31-a354-11192bb944d6{ip: 10.1.0.15, host: fv-az50-870.grzltbmokehuzjyc5b133kdqgh.cx.internal.cloudapp.net, ports: [REPLICATION=41293, RATIS=36625, RATIS_ADMIN=36625, RATIS_SERVER=36625, STANDALONE=41343], networkLocation: /default-rack, certSerialId: null, persistedOpState: IN_SERVICE, persistedOpStateExpiryEpochSec: 0}, ReplicationConfig: RATIS/ONE, State:ALLOCATED, leaderId:, CreationTimestamp2022-04-24T04:16:59.929Z[Etc/UTC]].
2022-04-24 04:17:00,309 [Listener at 127.0.0.1/45981] INFO  ozone.MiniOzoneClusterImpl (MiniOzoneClusterImpl.java:lambda$waitForClusterToBeReady$0(221)) - Waiting for nodes to be ready. Got 4 of 5 DN Heartbeats.
2022-04-24 04:17:00,309 [Listener at 127.0.0.1/45981] INFO  ozone.MiniOzoneClusterImpl (MiniOzoneClusterImpl.java:lambda$waitForClusterToBeReady$0(224)) - Waiting for cluster to exit safe mode
2022-04-24 04:17:00,310 [Listener at 127.0.0.1/45981] INFO  ozone.MiniOzoneClusterImpl (MiniOzoneClusterImpl.java:lambda$waitForClusterToBeReady$0(226)) - SCM became leader
2022-04-24 04:17:00,351 [IPC Server handler 0 on default port 34463] INFO  net.NetworkTopologyImpl (NetworkTopologyImpl.java:add(112)) - Added a new node: /default-rack/bffb6770-0dea-4a47-b7e7-380b8a6a8c28
2022-04-24 04:17:00,357 [IPC Server handler 0 on default port 34463] INFO  node.SCMNodeManager (SCMNodeManager.java:register(391)) - Registered Data node : bffb6770-0dea-4a47-b7e7-380b8a6a8c28{ip: 10.1.0.15, host: fv-az50-870.grzltbmokehuzjyc5b133kdqgh.cx.internal.cloudapp.net, ports: [REPLICATION=33777, RATIS=37891, RATIS_ADMIN=37891, RATIS_SERVER=37891, STANDALONE=36533], networkLocation: /default-rack, certSerialId: null, persistedOpState: null, persistedOpStateExpiryEpochSec: 0}
2022-04-24 04:17:00,358 [EventQueue-NewNodeForNewNodeHandler] INFO  pipeline.BackgroundPipelineCreator (BackgroundPipelineCreator.java:notifyEventTriggered(284)) - trigger a one-shot run on RatisPipelineUtilsThread.
2022-04-24 04:17:00,358 [RatisPipelineUtilsThread - 0] INFO  pipeline.RatisPipelineProvider (RatisPipelineProvider.java:lambda$create$0(195)) - Sending CreatePipelineCommand for pipeline:PipelineID=0f82a6fb-6143-486d-b4b9-dfdbb496666c to datanode:bffb6770-0dea-4a47-b7e7-380b8a6a8c28
2022-04-24 04:17:00,359 [RatisPipelineUtilsThread - 0] INFO  pipeline.PipelineStateManagerImpl (PipelineStateManagerImpl.java:addPipeline(101)) - Created pipeline Pipeline[ Id: 0f82a6fb-6143-486d-b4b9-dfdbb496666c, Nodes: bffb6770-0dea-4a47-b7e7-380b8a6a8c28{ip: 10.1.0.15, host: fv-az50-870.grzltbmokehuzjyc5b133kdqgh.cx.internal.cloudapp.net, ports: [REPLICATION=33777, RATIS=37891, RATIS_ADMIN=37891, RATIS_SERVER=37891, STANDALONE=36533], networkLocation: /default-rack, certSerialId: null, persistedOpState: IN_SERVICE, persistedOpStateExpiryEpochSec: 0}, ReplicationConfig: RATIS/ONE, State:ALLOCATED, leaderId:, CreationTimestamp2022-04-24T04:17:00.358Z[Etc/UTC]].
2022-04-24 04:17:01,310 [Listener at 127.0.0.1/45981] INFO  ozone.MiniOzoneClusterImpl (MiniOzoneClusterImpl.java:lambda$waitForClusterToBeReady$0(221)) - Nodes are ready. Got 5 of 5 DN Heartbeats.
2022-04-24 04:17:01,311 [Listener at 127.0.0.1/45981] INFO  ozone.MiniOzoneClusterImpl (MiniOzoneClusterImpl.java:lambda$waitForClusterToBeReady$0(224)) - Waiting for cluster to exit safe mode
2022-04-24 04:17:01,311 [Listener at 127.0.0.1/45981] INFO  ozone.MiniOzoneClusterImpl (MiniOzoneClusterImpl.java:lambda$waitForClusterToBeReady$0(226)) - SCM became leader
2022-04-24 04:17:01,416 [Command processor thread] INFO  server.RaftServer (RaftServerProxy.java:addNew(95)) - 07194f3d-c9eb-4893-9cab-c457c5e8e7cf: addNew group-FDA5D5A2125F:[07194f3d-c9eb-4893-9cab-c457c5e8e7cf|rpc:10.1.0.15:38719|priority:1] returns group-FDA5D5A2125F:java.util.concurrent.CompletableFuture@471c5088[Not completed]
2022-04-24 04:17:01,436 [pool-457-thread-1] INFO  server.RaftServer$Division (RaftServerImpl.java:<init>(184)) - 07194f3d-c9eb-4893-9cab-c457c5e8e7cf: new RaftServerImpl for group-FDA5D5A2125F:[07194f3d-c9eb-4893-9cab-c457c5e8e7cf|rpc:10.1.0.15:38719|priority:1] with ContainerStateMachine:uninitialized
2022-04-24 04:17:01,437 [pool-457-thread-1] INFO  server.RaftServerConfigKeys (ConfUtils.java:logGet(44)) - raft.server.rpc.timeout.min = 5s (custom)
2022-04-24 04:17:01,437 [pool-457-thread-1] INFO  server.RaftServerConfigKeys (ConfUtils.java:logGet(44)) - raft.server.rpc.timeout.max = 5200ms (custom)
2022-04-24 04:17:01,437 [pool-457-thread-1] INFO  server.RaftServerConfigKeys (ConfUtils.java:logGet(44)) - raft.server.rpc.sleep.time = 25ms (default)
2022-04-24 04:17:01,437 [pool-457-thread-1] INFO  server.RaftServerConfigKeys (ConfUtils.java:logGet(44)) - raft.server.rpc.slowness.timeout = 300s (custom)
2022-04-24 04:17:01,437 [pool-457-thread-1] INFO  server.RaftServerConfigKeys (ConfUtils.java:logGet(44)) - raft.server.leaderelection.leader.step-down.wait-time = 10s (default)
2022-04-24 04:17:01,437 [pool-457-thread-1] INFO  server.RaftServerConfigKeys (ConfUtils.java:logGet(44)) - raft.server.sleep.deviation.threshold = 300ms (default)
2022-04-24 04:17:01,438 [pool-457-thread-1] INFO  server.RaftServerConfigKeys (ConfUtils.java:logGet(44)) - raft.server.log.appender.install.snapshot.enabled = false (custom)
2022-04-24 04:17:01,438 [pool-457-thread-1] INFO  server.RaftServer$Division (ServerState.java:<init>(105)) - 07194f3d-c9eb-4893-9cab-c457c5e8e7cf@group-FDA5D5A2125F: ConfigurationManager, init=-1: [07194f3d-c9eb-4893-9cab-c457c5e8e7cf|rpc:10.1.0.15:38719|priority:1], old=null, confs=<EMPTY_MAP>
2022-04-24 04:17:01,438 [pool-457-thread-1] INFO  server.RaftServerConfigKeys (ConfUtils.java:logGet(44)) - raft.server.storage.dir = [/home/runner/work/ozone/ozone/hadoop-ozone/integration-test/target/test-dir/MiniOzoneClusterImpl-83189976-e3c9-4226-841a-8dae3aba4f8d/datanode-0/data/ratis] (custom)
2022-04-24 04:17:01,438 [pool-457-thread-1] INFO  server.RaftServerConfigKeys (ConfUtils.java:logGet(44)) - raft.server.log.corruption.policy = EXCEPTION (default)
2022-04-24 04:17:01,438 [pool-457-thread-1] INFO  server.RaftServerConfigKeys (ConfUtils.java:logGet(44)) - raft.server.storage.free-space.min = 0MB (=0) (default)
2022-04-24 04:17:01,438 [pool-457-thread-1] INFO  storage.RaftStorageDirectory (RaftStorageDirectoryImpl.java:analyzeStorage(135)) - The storage directory /home/runner/work/ozone/ozone/hadoop-ozone/integration-test/target/test-dir/MiniOzoneClusterImpl-83189976-e3c9-4226-841a-8dae3aba4f8d/datanode-0/data/ratis/5b8d4bd1-8074-4b65-96c1-fda5d5a2125f does not exist. Creating ...
2022-04-24 04:17:01,454 [pool-457-thread-1] INFO  storage.RaftStorageDirectory (RaftStorageDirectoryImpl.java:tryLock(230)) - Lock on /home/runner/work/ozone/ozone/hadoop-ozone/integration-test/target/test-dir/MiniOzoneClusterImpl-83189976-e3c9-4226-841a-8dae3aba4f8d/datanode-0/data/ratis/5b8d4bd1-8074-4b65-96c1-fda5d5a2125f/in_use.lock acquired by nodename 18665@fv-az50-870
2022-04-24 04:17:01,455 [pool-457-thread-1] INFO  storage.RaftStorage (RaftStorageImpl.java:format(89)) - Storage directory /home/runner/work/ozone/ozone/hadoop-ozone/integration-test/target/test-dir/MiniOzoneClusterImpl-83189976-e3c9-4226-841a-8dae3aba4f8d/datanode-0/data/ratis/5b8d4bd1-8074-4b65-96c1-fda5d5a2125f has been successfully formatted.
2022-04-24 04:17:01,480 [pool-457-thread-1] INFO  ratis.ContainerStateMachine (ContainerStateMachine.java:loadSnapshot(236)) - group-FDA5D5A2125F: The snapshot info is null. Setting the last applied indexto:(t:0, i:~)
2022-04-24 04:17:01,480 [pool-457-thread-1] INFO  server.RaftServerConfigKeys (ConfUtils.java:logGet(44)) - raft.server.notification.no-leader.timeout = 300s (custom)
2022-04-24 04:17:01,480 [pool-457-thread-1] INFO  server.RaftServerConfigKeys (ConfUtils.java:logGet(44)) - raft.server.log.use.memory = false (default)
2022-04-24 04:17:01,480 [pool-457-thread-1] INFO  server.RaftServerConfigKeys (ConfUtils.java:logGet(44)) - raft.server.log.purge.gap = 1000000 (custom)
2022-04-24 04:17:01,480 [pool-457-thread-1] INFO  server.RaftServerConfigKeys (ConfUtils.java:logGet(44)) - raft.server.log.appender.buffer.byte-limit = 33554432 (custom)
2022-04-24 04:17:01,481 [EventQueue-PipelineReportForPipelineReportHandler] INFO  pipeline.PipelineManagerImpl (PipelineManagerImpl.java:openPipeline(321)) - Pipeline Pipeline[ Id: 5b8d4bd1-8074-4b65-96c1-fda5d5a2125f, Nodes: 07194f3d-c9eb-4893-9cab-c457c5e8e7cf{ip: 10.1.0.15, host: fv-az50-870.grzltbmokehuzjyc5b133kdqgh.cx.internal.cloudapp.net, ports: [REPLICATION=34863, RATIS=38719, RATIS_ADMIN=38719, RATIS_SERVER=38719, STANDALONE=36679], networkLocation: /default-rack, certSerialId: null, persistedOpState: IN_SERVICE, persistedOpStateExpiryEpochSec: 0}, ReplicationConfig: RATIS/ONE, State:ALLOCATED, leaderId:07194f3d-c9eb-4893-9cab-c457c5e8e7cf, CreationTimestamp2022-04-24T04:16:58.443Z[Etc/UTC]] moved to OPEN state
2022-04-24 04:17:01,482 [pool-457-thread-1] INFO  server.RaftServerConfigKeys (ConfUtils.java:logGet(44)) - raft.server.log.segment.size.max = 1048576 (custom)
2022-04-24 04:17:01,482 [pool-457-thread-1] INFO  server.RaftServerConfigKeys (ConfUtils.java:logGet(44)) - raft.server.log.segment.cache.num.max = 2 (custom)
2022-04-24 04:17:01,482 [pool-457-thread-1] INFO  server.RaftServerConfigKeys (ConfUtils.java:logGet(44)) - raft.server.log.segment.cache.size.max = 200MB (=209715200) (default)
2022-04-24 04:17:01,482 [pool-457-thread-1] INFO  segmented.SegmentedRaftLogWorker (SegmentedRaftLogWorker.java:<init>(182)) - new 07194f3d-c9eb-4893-9cab-c457c5e8e7cf@group-FDA5D5A2125F-SegmentedRaftLogWorker for RaftStorageImpl:Storage Directory /home/runner/work/ozone/ozone/hadoop-ozone/integration-test/target/test-dir/MiniOzoneClusterImpl-83189976-e3c9-4226-841a-8dae3aba4f8d/datanode-0/data/ratis/5b8d4bd1-8074-4b65-96c1-fda5d5a2125f
2022-04-24 04:17:01,482 [pool-457-thread-1] INFO  server.RaftServerConfigKeys (ConfUtils.java:logGet(44)) - raft.server.log.queue.byte-limit = 4294967296 (custom)
2022-04-24 04:17:01,482 [pool-457-thread-1] INFO  server.RaftServerConfigKeys (ConfUtils.java:logGet(44)) - raft.server.log.queue.element-limit = 1024 (custom)
2022-04-24 04:17:01,482 [pool-457-thread-1] INFO  server.RaftServerConfigKeys (ConfUtils.java:logGet(44)) - raft.server.log.segment.size.max = 1048576 (custom)
2022-04-24 04:17:01,482 [pool-457-thread-1] INFO  server.RaftServerConfigKeys (ConfUtils.java:logGet(44)) - raft.server.log.preallocated.size = 16384 (custom)
2022-04-24 04:17:01,483 [pool-457-thread-1] INFO  server.RaftServerConfigKeys (ConfUtils.java:logGet(44)) - raft.server.log.force.sync.num = 128 (default)
2022-04-24 04:17:01,483 [pool-457-thread-1] INFO  server.RaftServerConfigKeys (ConfUtils.java:logGet(44)) - raft.server.log.statemachine.data.sync = true (default)
2022-04-24 04:17:01,483 [pool-457-thread-1] INFO  server.RaftServerConfigKeys (ConfUtils.java:logGet(44)) - raft.server.log.statemachine.data.sync.timeout = 10s (default)
2022-04-24 04:17:01,483 [pool-457-thread-1] INFO  server.RaftServerConfigKeys (ConfUtils.java:logGet(44)) - raft.server.log.statemachine.data.sync.timeout.retry = -1 (default)
2022-04-24 04:17:01,483 [pool-457-thread-1] INFO  server.RaftServerConfigKeys (ConfUtils.java:logGet(44)) - raft.server.log.write.buffer.size = 1048576 (custom)
2022-04-24 04:17:01,494 [pool-457-thread-1] INFO  server.RaftServerConfigKeys (ConfUtils.java:logGet(44)) - raft.server.log.statemachine.data.caching.enabled = true (custom)
2022-04-24 04:17:01,495 [pool-457-thread-1] INFO  segmented.SegmentedRaftLogWorker (SegmentedRaftLogWorker.java:lambda$new$0(133)) - 07194f3d-c9eb-4893-9cab-c457c5e8e7cf@group-FDA5D5A2125F-SegmentedRaftLogWorker: flushIndex: setUnconditionally 0 -> -1
2022-04-24 04:17:01,495 [pool-457-thread-1] INFO  segmented.SegmentedRaftLogWorker (SegmentedRaftLogWorker.java:lambda$new$0(133)) - 07194f3d-c9eb-4893-9cab-c457c5e8e7cf@group-FDA5D5A2125F-SegmentedRaftLogWorker: safeCacheEvictIndex: setUnconditionally 0 -> -1
2022-04-24 04:17:01,509 [pool-457-thread-1] INFO  server.RaftServerConfigKeys (ConfUtils.java:logGet(44)) - raft.server.snapshot.auto.trigger.enabled = true (custom)
2022-04-24 04:17:01,509 [pool-457-thread-1] INFO  server.RaftServerConfigKeys (ConfUtils.java:logGet(44)) - raft.server.snapshot.auto.trigger.threshold = 10000 (custom)
2022-04-24 04:17:01,509 [pool-457-thread-1] INFO  server.RaftServerConfigKeys (ConfUtils.java:logGet(44)) - raft.server.snapshot.retention.file.num = 5 (custom)
2022-04-24 04:17:01,510 [pool-457-thread-1] INFO  server.RaftServerConfigKeys (ConfUtils.java:logGet(44)) - raft.server.log.purge.upto.snapshot.index = false (default)
2022-04-24 04:17:01,510 [pool-457-thread-1] INFO  server.RaftServerConfigKeys (ConfUtils.java:logGet(44)) - raft.server.retrycache.expirytime = 600000ms (custom)
2022-04-24 04:17:01,510 [pool-457-thread-1] INFO  server.RaftServerConfigKeys (ConfUtils.java:logGet(44)) - raft.server.retrycache.statistics.expirytime = 100μs (default)
2022-04-24 04:17:01,519 [EventQueue-OpenPipelineForHealthyPipelineSafeModeRule] INFO  safemode.SCMSafeModeManager (HealthyPipelineSafeModeRule.java:process(124)) - SCM in safe mode. Healthy pipelines reported count is 0, required healthy pipeline reported count is 1
2022-04-24 04:17:01,527 [pool-457-thread-1] INFO  server.RaftServer$Division (RaftServerImpl.java:start(301)) - 07194f3d-c9eb-4893-9cab-c457c5e8e7cf@group-FDA5D5A2125F: start as a follower, conf=-1: [07194f3d-c9eb-4893-9cab-c457c5e8e7cf|rpc:10.1.0.15:38719|priority:1], old=null
2022-04-24 04:17:01,527 [pool-457-thread-1] INFO  server.RaftServer$Division (RaftServerImpl.java:setRole(290)) - 07194f3d-c9eb-4893-9cab-c457c5e8e7cf@group-FDA5D5A2125F: changes role from      null to FOLLOWER at term 0 for startAsFollower
2022-04-24 04:17:01,527 [pool-457-thread-1] INFO  impl.RoleInfo (RoleInfo.java:updateAndGet(130)) - 07194f3d-c9eb-4893-9cab-c457c5e8e7cf: start 07194f3d-c9eb-4893-9cab-c457c5e8e7cf@group-FDA5D5A2125F-FollowerState
2022-04-24 04:17:01,533 [pool-457-thread-1] INFO  util.JmxRegister (JmxRegister.java:tryRegister(44)) - Successfully registered JMX Bean with object name Ratis:service=RaftServer,group=group-FDA5D5A2125F,id=07194f3d-c9eb-4893-9cab-c457c5e8e7cf
2022-04-24 04:17:01,542 [Command processor thread] INFO  ratis.XceiverServerRatis (XceiverServerRatis.java:addGroup(765)) - Created group PipelineID=5b8d4bd1-8074-4b65-96c1-fda5d5a2125f
2022-04-24 04:17:01,542 [Command processor thread] INFO  commandhandler.CreatePipelineCommandHandler (CreatePipelineCommandHandler.java:handle(113)) - Created Pipeline RATIS ONE PipelineID=5b8d4bd1-8074-4b65-96c1-fda5d5a2125f.
2022-04-24 04:17:01,542 [Command processor thread] INFO  server.RaftServer (RaftServerProxy.java:addNew(95)) - 07194f3d-c9eb-4893-9cab-c457c5e8e7cf: addNew group-ADE53EB9BEDA:[e1740749-fe91-487e-b92b-84770da375d0|rpc:10.1.0.15:38503|priority:0, 17cdb9c6-36ab-42af-b35d-3948633e5a03|rpc:10.1.0.15:34029|priority:1, 07194f3d-c9eb-4893-9cab-c457c5e8e7cf|rpc:10.1.0.15:38719|priority:0] returns group-ADE53EB9BEDA:java.util.concurrent.CompletableFuture@4323ccb3[Not completed]
2022-04-24 04:17:01,543 [pool-457-thread-1] INFO  server.RaftServer$Division (RaftServerImpl.java:<init>(184)) - 07194f3d-c9eb-4893-9cab-c457c5e8e7cf: new RaftServerImpl for group-ADE53EB9BEDA:[e1740749-fe91-487e-b92b-84770da375d0|rpc:10.1.0.15:38503|priority:0, 17cdb9c6-36ab-42af-b35d-3948633e5a03|rpc:10.1.0.15:34029|priority:1, 07194f3d-c9eb-4893-9cab-c457c5e8e7cf|rpc:10.1.0.15:38719|priority:0] with ContainerStateMachine:uninitialized
2022-04-24 04:17:01,543 [pool-457-thread-1] INFO  server.RaftServerConfigKeys (ConfUtils.java:logGet(44)) - raft.server.rpc.timeout.min = 5s (custom)
2022-04-24 04:17:01,543 [pool-457-thread-1] INFO  server.RaftServerConfigKeys (ConfUtils.java:logGet(44)) - raft.server.rpc.timeout.max = 5200ms (custom)
2022-04-24 04:17:01,543 [pool-457-thread-1] INFO  server.RaftServerConfigKeys (ConfUtils.java:logGet(44)) - raft.server.rpc.sleep.time = 25ms (default)
2022-04-24 04:17:01,543 [pool-457-thread-1] INFO  server.RaftServerConfigKeys (ConfUtils.java:logGet(44)) - raft.server.rpc.slowness.timeout = 300s (custom)
2022-04-24 04:17:01,543 [pool-457-thread-1] INFO  server.RaftServerConfigKeys (ConfUtils.java:logGet(44)) - raft.server.leaderelection.leader.step-down.wait-time = 10s (default)
2022-04-24 04:17:01,543 [pool-457-thread-1] INFO  server.RaftServerConfigKeys (ConfUtils.java:logGet(44)) - raft.server.sleep.deviation.threshold = 300ms (default)
2022-04-24 04:17:01,543 [pool-457-thread-1] INFO  server.RaftServerConfigKeys (ConfUtils.java:logGet(44)) - raft.server.log.appender.install.snapshot.enabled = false (custom)
2022-04-24 04:17:01,543 [pool-457-thread-1] INFO  server.RaftServer$Division (ServerState.java:<init>(105)) - 07194f3d-c9eb-4893-9cab-c457c5e8e7cf@group-ADE53EB9BEDA: ConfigurationManager, init=-1: [e1740749-fe91-487e-b92b-84770da375d0|rpc:10.1.0.15:38503|priority:0, 17cdb9c6-36ab-42af-b35d-3948633e5a03|rpc:10.1.0.15:34029|priority:1, 07194f3d-c9eb-4893-9cab-c457c5e8e7cf|rpc:10.1.0.15:38719|priority:0], old=null, confs=<EMPTY_MAP>
2022-04-24 04:17:01,543 [pool-457-thread-1] INFO  server.RaftServerConfigKeys (ConfUtils.java:logGet(44)) - raft.server.storage.dir = [/home/runner/work/ozone/ozone/hadoop-ozone/integration-test/target/test-dir/MiniOzoneClusterImpl-83189976-e3c9-4226-841a-8dae3aba4f8d/datanode-0/data/ratis] (custom)
2022-04-24 04:17:01,544 [pool-457-thread-1] INFO  server.RaftServerConfigKeys (ConfUtils.java:logGet(44)) - raft.server.log.corruption.policy = EXCEPTION (default)
2022-04-24 04:17:01,544 [pool-457-thread-1] INFO  server.RaftServerConfigKeys (ConfUtils.java:logGet(44)) - raft.server.storage.free-space.min = 0MB (=0) (default)
2022-04-24 04:17:01,544 [pool-457-thread-1] INFO  storage.RaftStorageDirectory (RaftStorageDirectoryImpl.java:analyzeStorage(135)) - The storage directory /home/runner/work/ozone/ozone/hadoop-ozone/integration-test/target/test-dir/MiniOzoneClusterImpl-83189976-e3c9-4226-841a-8dae3aba4f8d/datanode-0/data/ratis/4ce39555-f55b-4b8c-aa95-ade53eb9beda does not exist. Creating ...
2022-04-24 04:17:01,545 [pool-457-thread-1] INFO  storage.RaftStorageDirectory (RaftStorageDirectoryImpl.java:tryLock(230)) - Lock on /home/runner/work/ozone/ozone/hadoop-ozone/integration-test/target/test-dir/MiniOzoneClusterImpl-83189976-e3c9-4226-841a-8dae3aba4f8d/datanode-0/data/ratis/4ce39555-f55b-4b8c-aa95-ade53eb9beda/in_use.lock acquired by nodename 18665@fv-az50-870
2022-04-24 04:17:01,546 [pool-457-thread-1] INFO  storage.RaftStorage (RaftStorageImpl.java:format(89)) - Storage directory /home/runner/work/ozone/ozone/hadoop-ozone/integration-test/target/test-dir/MiniOzoneClusterImpl-83189976-e3c9-4226-841a-8dae3aba4f8d/datanode-0/data/ratis/4ce39555-f55b-4b8c-aa95-ade53eb9beda has been successfully formatted.
2022-04-24 04:17:01,548 [EventQueue-OpenPipelineForHealthyPipelineSafeModeRule] INFO  safemode.SCMSafeModeManager (HealthyPipelineSafeModeRule.java:process(124)) - SCM in safe mode. Healthy pipelines reported count is 0, required healthy pipeline reported count is 1
2022-04-24 04:17:01,548 [pool-457-thread-1] INFO  ratis.ContainerStateMachine (ContainerStateMachine.java:loadSnapshot(236)) - group-ADE53EB9BEDA: The snapshot info is null. Setting the last applied indexto:(t:0, i:~)
2022-04-24 04:17:01,566 [pool-457-thread-1] INFO  server.RaftServerConfigKeys (ConfUtils.java:logGet(44)) - raft.server.notification.no-leader.timeout = 300s (custom)
2022-04-24 04:17:01,566 [pool-457-thread-1] INFO  server.RaftServerConfigKeys (ConfUtils.java:logGet(44)) - raft.server.log.use.memory = false (default)
2022-04-24 04:17:01,566 [pool-457-thread-1] INFO  server.RaftServerConfigKeys (ConfUtils.java:logGet(44)) - raft.server.log.purge.gap = 1000000 (custom)
2022-04-24 04:17:01,566 [pool-457-thread-1] INFO  server.RaftServerConfigKeys (ConfUtils.java:logGet(44)) - raft.server.log.appender.buffer.byte-limit = 33554432 (custom)
2022-04-24 04:17:01,566 [pool-457-thread-1] INFO  server.RaftServerConfigKeys (ConfUtils.java:logGet(44)) - raft.server.log.segment.size.max = 1048576 (custom)
2022-04-24 04:17:01,566 [pool-457-thread-1] INFO  server.RaftServerConfigKeys (ConfUtils.java:logGet(44)) - raft.server.log.segment.cache.num.max = 2 (custom)
2022-04-24 04:17:01,566 [pool-457-thread-1] INFO  server.RaftServerConfigKeys (ConfUtils.java:logGet(44)) - raft.server.log.segment.cache.size.max = 200MB (=209715200) (default)
2022-04-24 04:17:01,567 [pool-457-thread-1] INFO  segmented.SegmentedRaftLogWorker (SegmentedRaftLogWorker.java:<init>(182)) - new 07194f3d-c9eb-4893-9cab-c457c5e8e7cf@group-ADE53EB9BEDA-SegmentedRaftLogWorker for RaftStorageImpl:Storage Directory /home/runner/work/ozone/ozone/hadoop-ozone/integration-test/target/test-dir/MiniOzoneClusterImpl-83189976-e3c9-4226-841a-8dae3aba4f8d/datanode-0/data/ratis/4ce39555-f55b-4b8c-aa95-ade53eb9beda
2022-04-24 04:17:01,567 [pool-457-thread-1] INFO  server.RaftServerConfigKeys (ConfUtils.java:logGet(44)) - raft.server.log.queue.byte-limit = 4294967296 (custom)
2022-04-24 04:17:01,567 [pool-457-thread-1] INFO  server.RaftServerConfigKeys (ConfUtils.java:logGet(44)) - raft.server.log.queue.element-limit = 1024 (custom)
2022-04-24 04:17:01,567 [pool-457-thread-1] INFO  server.RaftServerConfigKeys (ConfUtils.java:logGet(44)) - raft.server.log.segment.size.max = 1048576 (custom)
2022-04-24 04:17:01,567 [pool-457-thread-1] INFO  server.RaftServerConfigKeys (ConfUtils.java:logGet(44)) - raft.server.log.preallocated.size = 16384 (custom)
2022-04-24 04:17:01,567 [pool-457-thread-1] INFO  server.RaftServerConfigKeys (ConfUtils.java:logGet(44)) - raft.server.log.force.sync.num = 128 (default)
2022-04-24 04:17:01,567 [pool-457-thread-1] INFO  server.RaftServerConfigKeys (ConfUtils.java:logGet(44)) - raft.server.log.statemachine.data.sync = true (default)
2022-04-24 04:17:01,567 [pool-457-thread-1] INFO  server.RaftServerConfigKeys (ConfUtils.java:logGet(44)) - raft.server.log.statemachine.data.sync.timeout = 10s (default)
2022-04-24 04:17:01,567 [pool-457-thread-1] INFO  server.RaftServerConfigKeys (ConfUtils.java:logGet(44)) - raft.server.log.statemachine.data.sync.timeout.retry = -1 (default)
2022-04-24 04:17:01,568 [pool-457-thread-1] INFO  server.RaftServerConfigKeys (ConfUtils.java:logGet(44)) - raft.server.log.write.buffer.size = 1048576 (custom)
2022-04-24 04:17:01,568 [pool-457-thread-1] INFO  server.RaftServerConfigKeys (ConfUtils.java:logGet(44)) - raft.server.log.statemachine.data.caching.enabled = true (custom)
2022-04-24 04:17:01,568 [pool-457-thread-1] INFO  segmented.SegmentedRaftLogWorker (SegmentedRaftLogWorker.java:lambda$new$0(133)) - 07194f3d-c9eb-4893-9cab-c457c5e8e7cf@group-ADE53EB9BEDA-SegmentedRaftLogWorker: flushIndex: setUnconditionally 0 -> -1
2022-04-24 04:17:01,569 [pool-457-thread-1] INFO  segmented.SegmentedRaftLogWorker (SegmentedRaftLogWorker.java:lambda$new$0(133)) - 07194f3d-c9eb-4893-9cab-c457c5e8e7cf@group-ADE53EB9BEDA-SegmentedRaftLogWorker: safeCacheEvictIndex: setUnconditionally 0 -> -1
2022-04-24 04:17:01,577 [pool-457-thread-1] INFO  server.RaftServerConfigKeys (ConfUtils.java:logGet(44)) - raft.server.snapshot.auto.trigger.enabled = true (custom)
2022-04-24 04:17:01,577 [pool-457-thread-1] INFO  server.RaftServerConfigKeys (ConfUtils.java:logGet(44)) - raft.server.snapshot.auto.trigger.threshold = 10000 (custom)
2022-04-24 04:17:01,578 [pool-457-thread-1] INFO  server.RaftServerConfigKeys (ConfUtils.java:logGet(44)) - raft.server.snapshot.retention.file.num = 5 (custom)
2022-04-24 04:17:01,578 [pool-457-thread-1] INFO  server.RaftServerConfigKeys (ConfUtils.java:logGet(44)) - raft.server.log.purge.upto.snapshot.index = false (default)
2022-04-24 04:17:01,578 [pool-457-thread-1] INFO  server.RaftServerConfigKeys (ConfUtils.java:logGet(44)) - raft.server.retrycache.expirytime = 600000ms (custom)
2022-04-24 04:17:01,578 [pool-457-thread-1] INFO  server.RaftServerConfigKeys (ConfUtils.java:logGet(44)) - raft.server.retrycache.statistics.expirytime = 100μs (default)
2022-04-24 04:17:01,585 [pool-457-thread-1] INFO  server.RaftServer$Division (RaftServerImpl.java:start(301)) - 07194f3d-c9eb-4893-9cab-c457c5e8e7cf@group-ADE53EB9BEDA: start as a follower, conf=-1: [e1740749-fe91-487e-b92b-84770da375d0|rpc:10.1.0.15:38503|priority:0, 17cdb9c6-36ab-42af-b35d-3948633e5a03|rpc:10.1.0.15:34029|priority:1, 07194f3d-c9eb-4893-9cab-c457c5e8e7cf|rpc:10.1.0.15:38719|priority:0], old=null
2022-04-24 04:17:01,585 [pool-457-thread-1] INFO  server.RaftServer$Division (RaftServerImpl.java:setRole(290)) - 07194f3d-c9eb-4893-9cab-c457c5e8e7cf@group-ADE53EB9BEDA: changes role from      null to FOLLOWER at term 0 for startAsFollower
2022-04-24 04:17:01,585 [pool-457-thread-1] INFO  impl.RoleInfo (RoleInfo.java:updateAndGet(130)) - 07194f3d-c9eb-4893-9cab-c457c5e8e7cf: start 07194f3d-c9eb-4893-9cab-c457c5e8e7cf@group-ADE53EB9BEDA-FollowerState
2022-04-24 04:17:01,594 [pool-457-thread-1] INFO  util.JmxRegister (JmxRegister.java:tryRegister(44)) - Successfully registered JMX Bean with object name Ratis:service=RaftServer,group=group-ADE53EB9BEDA,id=07194f3d-c9eb-4893-9cab-c457c5e8e7cf
2022-04-24 04:17:01,596 [Command processor thread] INFO  ratis.XceiverServerRatis (XceiverServerRatis.java:addGroup(765)) - Created group PipelineID=4ce39555-f55b-4b8c-aa95-ade53eb9beda
2022-04-24 04:17:01,629 [grpc-default-executor-0] INFO  server.RaftServer (RaftServerProxy.java:addNew(95)) - 17cdb9c6-36ab-42af-b35d-3948633e5a03: addNew group-ADE53EB9BEDA:[e1740749-fe91-487e-b92b-84770da375d0|rpc:10.1.0.15:38503|dataStream:|priority:0, 17cdb9c6-36ab-42af-b35d-3948633e5a03|rpc:10.1.0.15:34029|dataStream:|priority:1, 07194f3d-c9eb-4893-9cab-c457c5e8e7cf|rpc:10.1.0.15:38719|dataStream:|priority:0] returns group-ADE53EB9BEDA:java.util.concurrent.CompletableFuture@13584819[Not completed]
2022-04-24 04:17:01,638 [pool-478-thread-1] INFO  server.RaftServer$Division (RaftServerImpl.java:<init>(184)) - 17cdb9c6-36ab-42af-b35d-3948633e5a03: new RaftServerImpl for group-ADE53EB9BEDA:[e1740749-fe91-487e-b92b-84770da375d0|rpc:10.1.0.15:38503|dataStream:|priority:0, 17cdb9c6-36ab-42af-b35d-3948633e5a03|rpc:10.1.0.15:34029|dataStream:|priority:1, 07194f3d-c9eb-4893-9cab-c457c5e8e7cf|rpc:10.1.0.15:38719|dataStream:|priority:0] with ContainerStateMachine:uninitialized
2022-04-24 04:17:01,650 [pool-478-thread-1] INFO  server.RaftServerConfigKeys (ConfUtils.java:logGet(44)) - raft.server.rpc.timeout.min = 5s (custom)
2022-04-24 04:17:01,650 [pool-478-thread-1] INFO  server.RaftServerConfigKeys (ConfUtils.java:logGet(44)) - raft.server.rpc.timeout.max = 5200ms (custom)
2022-04-24 04:17:01,651 [pool-478-thread-1] INFO  server.RaftServerConfigKeys (ConfUtils.java:logGet(44)) - raft.server.rpc.sleep.time = 25ms (default)
2022-04-24 04:17:01,651 [pool-478-thread-1] INFO  server.RaftServerConfigKeys (ConfUtils.java:logGet(44)) - raft.server.rpc.slowness.timeout = 300s (custom)
2022-04-24 04:17:01,651 [pool-478-thread-1] INFO  server.RaftServerConfigKeys (ConfUtils.java:logGet(44)) - raft.server.leaderelection.leader.step-down.wait-time = 10s (default)
2022-04-24 04:17:01,651 [pool-478-thread-1] INFO  server.RaftServerConfigKeys (ConfUtils.java:logGet(44)) - raft.server.sleep.deviation.threshold = 300ms (default)
2022-04-24 04:17:01,651 [pool-478-thread-1] INFO  server.RaftServerConfigKeys (ConfUtils.java:logGet(44)) - raft.server.log.appender.install.snapshot.enabled = false (custom)
2022-04-24 04:17:01,651 [pool-478-thread-1] INFO  server.RaftServer$Division (ServerState.java:<init>(105)) - 17cdb9c6-36ab-42af-b35d-3948633e5a03@group-ADE53EB9BEDA: ConfigurationManager, init=-1: [e1740749-fe91-487e-b92b-84770da375d0|rpc:10.1.0.15:38503|dataStream:|priority:0, 17cdb9c6-36ab-42af-b35d-3948633e5a03|rpc:10.1.0.15:34029|dataStream:|priority:1, 07194f3d-c9eb-4893-9cab-c457c5e8e7cf|rpc:10.1.0.15:38719|dataStream:|priority:0], old=null, confs=<EMPTY_MAP>
2022-04-24 04:17:01,654 [pool-478-thread-1] INFO  server.RaftServerConfigKeys (ConfUtils.java:logGet(44)) - raft.server.storage.dir = [/home/runner/work/ozone/ozone/hadoop-ozone/integration-test/target/test-dir/MiniOzoneClusterImpl-83189976-e3c9-4226-841a-8dae3aba4f8d/datanode-1/data/ratis] (custom)
2022-04-24 04:17:01,655 [pool-478-thread-1] INFO  server.RaftServerConfigKeys (ConfUtils.java:logGet(44)) - raft.server.log.corruption.policy = EXCEPTION (default)
2022-04-24 04:17:01,655 [pool-478-thread-1] INFO  server.RaftServerConfigKeys (ConfUtils.java:logGet(44)) - raft.server.storage.free-space.min = 0MB (=0) (default)
2022-04-24 04:17:01,655 [pool-478-thread-1] INFO  storage.RaftStorageDirectory (RaftStorageDirectoryImpl.java:analyzeStorage(135)) - The storage directory /home/runner/work/ozone/ozone/hadoop-ozone/integration-test/target/test-dir/MiniOzoneClusterImpl-83189976-e3c9-4226-841a-8dae3aba4f8d/datanode-1/data/ratis/4ce39555-f55b-4b8c-aa95-ade53eb9beda does not exist. Creating ...
2022-04-24 04:17:01,665 [pool-478-thread-1] INFO  storage.RaftStorageDirectory (RaftStorageDirectoryImpl.java:tryLock(230)) - Lock on /home/runner/work/ozone/ozone/hadoop-ozone/integration-test/target/test-dir/MiniOzoneClusterImpl-83189976-e3c9-4226-841a-8dae3aba4f8d/datanode-1/data/ratis/4ce39555-f55b-4b8c-aa95-ade53eb9beda/in_use.lock acquired by nodename 18665@fv-az50-870
2022-04-24 04:17:01,675 [pool-478-thread-1] INFO  storage.RaftStorage (RaftStorageImpl.java:format(89)) - Storage directory /home/runner/work/ozone/ozone/hadoop-ozone/integration-test/target/test-dir/MiniOzoneClusterImpl-83189976-e3c9-4226-841a-8dae3aba4f8d/datanode-1/data/ratis/4ce39555-f55b-4b8c-aa95-ade53eb9beda has been successfully formatted.
2022-04-24 04:17:01,684 [pool-478-thread-1] INFO  ratis.ContainerStateMachine (ContainerStateMachine.java:loadSnapshot(236)) - group-ADE53EB9BEDA: The snapshot info is null. Setting the last applied indexto:(t:0, i:~)
2022-04-24 04:17:01,684 [pool-478-thread-1] INFO  server.RaftServerConfigKeys (ConfUtils.java:logGet(44)) - raft.server.notification.no-leader.timeout = 300s (custom)
2022-04-24 04:17:01,684 [pool-478-thread-1] INFO  server.RaftServerConfigKeys (ConfUtils.java:logGet(44)) - raft.server.log.use.memory = false (default)
2022-04-24 04:17:01,684 [pool-478-thread-1] INFO  server.RaftServerConfigKeys (ConfUtils.java:logGet(44)) - raft.server.log.purge.gap = 1000000 (custom)
2022-04-24 04:17:01,684 [pool-478-thread-1] INFO  server.RaftServerConfigKeys (ConfUtils.java:logGet(44)) - raft.server.log.appender.buffer.byte-limit = 33554432 (custom)
2022-04-24 04:17:01,685 [pool-478-thread-1] INFO  server.RaftServerConfigKeys (ConfUtils.java:logGet(44)) - raft.server.log.segment.size.max = 1048576 (custom)
2022-04-24 04:17:01,685 [pool-478-thread-1] INFO  server.RaftServerConfigKeys (ConfUtils.java:logGet(44)) - raft.server.log.segment.cache.num.max = 2 (custom)
2022-04-24 04:17:01,685 [pool-478-thread-1] INFO  server.RaftServerConfigKeys (ConfUtils.java:logGet(44)) - raft.server.log.segment.cache.size.max = 200MB (=209715200) (default)
2022-04-24 04:17:01,685 [pool-478-thread-1] INFO  segmented.SegmentedRaftLogWorker (SegmentedRaftLogWorker.java:<init>(182)) - new 17cdb9c6-36ab-42af-b35d-3948633e5a03@group-ADE53EB9BEDA-SegmentedRaftLogWorker for RaftStorageImpl:Storage Directory /home/runner/work/ozone/ozone/hadoop-ozone/integration-test/target/test-dir/MiniOzoneClusterImpl-83189976-e3c9-4226-841a-8dae3aba4f8d/datanode-1/data/ratis/4ce39555-f55b-4b8c-aa95-ade53eb9beda
2022-04-24 04:17:01,685 [pool-478-thread-1] INFO  server.RaftServerConfigKeys (ConfUtils.java:logGet(44)) - raft.server.log.queue.byte-limit = 4294967296 (custom)
2022-04-24 04:17:01,685 [pool-478-thread-1] INFO  server.RaftServerConfigKeys (ConfUtils.java:logGet(44)) - raft.server.log.queue.element-limit = 1024 (custom)
2022-04-24 04:17:01,685 [pool-478-thread-1] INFO  server.RaftServerConfigKeys (ConfUtils.java:logGet(44)) - raft.server.log.segment.size.max = 1048576 (custom)
2022-04-24 04:17:01,685 [pool-478-thread-1] INFO  server.RaftServerConfigKeys (ConfUtils.java:logGet(44)) - raft.server.log.preallocated.size = 16384 (custom)
2022-04-24 04:17:01,685 [pool-478-thread-1] INFO  server.RaftServerConfigKeys (ConfUtils.java:logGet(44)) - raft.server.log.force.sync.num = 128 (default)
2022-04-24 04:17:01,685 [pool-478-thread-1] INFO  server.RaftServerConfigKeys (ConfUtils.java:logGet(44)) - raft.server.log.statemachine.data.sync = true (default)
2022-04-24 04:17:01,685 [pool-478-thread-1] INFO  server.RaftServerConfigKeys (ConfUtils.java:logGet(44)) - raft.server.log.statemachine.data.sync.timeout = 10s (default)
2022-04-24 04:17:01,685 [pool-478-thread-1] INFO  server.RaftServerConfigKeys (ConfUtils.java:logGet(44)) - raft.server.log.statemachine.data.sync.timeout.retry = -1 (default)
2022-04-24 04:17:01,686 [pool-478-thread-1] INFO  server.RaftServerConfigKeys (ConfUtils.java:logGet(44)) - raft.server.log.write.buffer.size = 1048576 (custom)
2022-04-24 04:17:01,686 [pool-478-thread-1] INFO  server.RaftServerConfigKeys (ConfUtils.java:logGet(44)) - raft.server.log.statemachine.data.caching.enabled = true (custom)
2022-04-24 04:17:01,687 [pool-478-thread-1] INFO  segmented.SegmentedRaftLogWorker (SegmentedRaftLogWorker.java:lambda$new$0(133)) - 17cdb9c6-36ab-42af-b35d-3948633e5a03@group-ADE53EB9BEDA-SegmentedRaftLogWorker: flushIndex: setUnconditionally 0 -> -1
2022-04-24 04:17:01,687 [pool-478-thread-1] INFO  segmented.SegmentedRaftLogWorker (SegmentedRaftLogWorker.java:lambda$new$0(133)) - 17cdb9c6-36ab-42af-b35d-3948633e5a03@group-ADE53EB9BEDA-SegmentedRaftLogWorker: safeCacheEvictIndex: setUnconditionally 0 -> -1
2022-04-24 04:17:01,700 [pool-478-thread-1] INFO  server.RaftServerConfigKeys (ConfUtils.java:logGet(44)) - raft.server.snapshot.auto.trigger.enabled = true (custom)
2022-04-24 04:17:01,700 [pool-478-thread-1] INFO  server.RaftServerConfigKeys (ConfUtils.java:logGet(44)) - raft.server.snapshot.auto.trigger.threshold = 10000 (custom)
2022-04-24 04:17:01,700 [pool-478-thread-1] INFO  server.RaftServerConfigKeys (ConfUtils.java:logGet(44)) - raft.server.snapshot.retention.file.num = 5 (custom)
2022-04-24 04:17:01,701 [pool-478-thread-1] INFO  server.RaftServerConfigKeys (ConfUtils.java:logGet(44)) - raft.server.log.purge.upto.snapshot.index = false (default)
2022-04-24 04:17:01,701 [pool-478-thread-1] INFO  server.RaftServerConfigKeys (ConfUtils.java:logGet(44)) - raft.server.retrycache.expirytime = 600000ms (custom)
2022-04-24 04:17:01,701 [pool-478-thread-1] INFO  server.RaftServerConfigKeys (ConfUtils.java:logGet(44)) - raft.server.retrycache.statistics.expirytime = 100μs (default)
2022-04-24 04:17:01,702 [pool-478-thread-1] INFO  server.RaftServer$Division (RaftServerImpl.java:start(301)) - 17cdb9c6-36ab-42af-b35d-3948633e5a03@group-ADE53EB9BEDA: start as a follower, conf=-1: [e1740749-fe91-487e-b92b-84770da375d0|rpc:10.1.0.15:38503|dataStream:|priority:0, 17cdb9c6-36ab-42af-b35d-3948633e5a03|rpc:10.1.0.15:34029|dataStream:|priority:1, 07194f3d-c9eb-4893-9cab-c457c5e8e7cf|rpc:10.1.0.15:38719|dataStream:|priority:0], old=null
2022-04-24 04:17:01,702 [pool-478-thread-1] INFO  server.RaftServer$Division (RaftServerImpl.java:setRole(290)) - 17cdb9c6-36ab-42af-b35d-3948633e5a03@group-ADE53EB9BEDA: changes role from      null to FOLLOWER at term 0 for startAsFollower
2022-04-24 04:17:01,702 [pool-478-thread-1] INFO  impl.RoleInfo (RoleInfo.java:updateAndGet(130)) - 17cdb9c6-36ab-42af-b35d-3948633e5a03: start 17cdb9c6-36ab-42af-b35d-3948633e5a03@group-ADE53EB9BEDA-FollowerState
2022-04-24 04:17:01,716 [pool-478-thread-1] INFO  util.JmxRegister (JmxRegister.java:tryRegister(44)) - Successfully registered JMX Bean with object name Ratis:service=RaftServer,group=group-ADE53EB9BEDA,id=17cdb9c6-36ab-42af-b35d-3948633e5a03
2022-04-24 04:17:01,767 [grpc-default-executor-0] INFO  server.RaftServer (RaftServerProxy.java:addNew(95)) - e1740749-fe91-487e-b92b-84770da375d0: addNew group-ADE53EB9BEDA:[e1740749-fe91-487e-b92b-84770da375d0|rpc:10.1.0.15:38503|dataStream:|priority:0, 17cdb9c6-36ab-42af-b35d-3948633e5a03|rpc:10.1.0.15:34029|dataStream:|priority:1, 07194f3d-c9eb-4893-9cab-c457c5e8e7cf|rpc:10.1.0.15:38719|dataStream:|priority:0] returns group-ADE53EB9BEDA:java.util.concurrent.CompletableFuture@1f63a5e2[Not completed]
2022-04-24 04:17:01,772 [pool-499-thread-1] INFO  server.RaftServer$Division (RaftServerImpl.java:<init>(184)) - e1740749-fe91-487e-b92b-84770da375d0: new RaftServerImpl for group-ADE53EB9BEDA:[e1740749-fe91-487e-b92b-84770da375d0|rpc:10.1.0.15:38503|dataStream:|priority:0, 17cdb9c6-36ab-42af-b35d-3948633e5a03|rpc:10.1.0.15:34029|dataStream:|priority:1, 07194f3d-c9eb-4893-9cab-c457c5e8e7cf|rpc:10.1.0.15:38719|dataStream:|priority:0] with ContainerStateMachine:uninitialized
2022-04-24 04:17:01,774 [pool-499-thread-1] INFO  server.RaftServerConfigKeys (ConfUtils.java:logGet(44)) - raft.server.rpc.timeout.min = 5s (custom)
2022-04-24 04:17:01,774 [pool-499-thread-1] INFO  server.RaftServerConfigKeys (ConfUtils.java:logGet(44)) - raft.server.rpc.timeout.max = 5200ms (custom)
2022-04-24 04:17:01,774 [pool-499-thread-1] INFO  server.RaftServerConfigKeys (ConfUtils.java:logGet(44)) - raft.server.rpc.sleep.time = 25ms (default)
2022-04-24 04:17:01,774 [pool-499-thread-1] INFO  server.RaftServerConfigKeys (ConfUtils.java:logGet(44)) - raft.server.rpc.slowness.timeout = 300s (custom)
2022-04-24 04:17:01,774 [pool-499-thread-1] INFO  server.RaftServerConfigKeys (ConfUtils.java:logGet(44)) - raft.server.leaderelection.leader.step-down.wait-time = 10s (default)
2022-04-24 04:17:01,774 [pool-499-thread-1] INFO  server.RaftServerConfigKeys (ConfUtils.java:logGet(44)) - raft.server.sleep.deviation.threshold = 300ms (default)
2022-04-24 04:17:01,774 [pool-499-thread-1] INFO  server.RaftServerConfigKeys (ConfUtils.java:logGet(44)) - raft.server.log.appender.install.snapshot.enabled = false (custom)
2022-04-24 04:17:01,774 [pool-499-thread-1] INFO  server.RaftServer$Division (ServerState.java:<init>(105)) - e1740749-fe91-487e-b92b-84770da375d0@group-ADE53EB9BEDA: ConfigurationManager, init=-1: [e1740749-fe91-487e-b92b-84770da375d0|rpc:10.1.0.15:38503|dataStream:|priority:0, 17cdb9c6-36ab-42af-b35d-3948633e5a03|rpc:10.1.0.15:34029|dataStream:|priority:1, 07194f3d-c9eb-4893-9cab-c457c5e8e7cf|rpc:10.1.0.15:38719|dataStream:|priority:0], old=null, confs=<EMPTY_MAP>
2022-04-24 04:17:01,774 [pool-499-thread-1] INFO  server.RaftServerConfigKeys (ConfUtils.java:logGet(44)) - raft.server.storage.dir = [/home/runner/work/ozone/ozone/hadoop-ozone/integration-test/target/test-dir/MiniOzoneClusterImpl-83189976-e3c9-4226-841a-8dae3aba4f8d/datanode-2/data/ratis] (custom)
2022-04-24 04:17:01,775 [pool-499-thread-1] INFO  server.RaftServerConfigKeys (ConfUtils.java:logGet(44)) - raft.server.log.corruption.policy = EXCEPTION (default)
2022-04-24 04:17:01,775 [pool-499-thread-1] INFO  server.RaftServerConfigKeys (ConfUtils.java:logGet(44)) - raft.server.storage.free-space.min = 0MB (=0) (default)
2022-04-24 04:17:01,775 [pool-499-thread-1] INFO  storage.RaftStorageDirectory (RaftStorageDirectoryImpl.java:analyzeStorage(135)) - The storage directory /home/runner/work/ozone/ozone/hadoop-ozone/integration-test/target/test-dir/MiniOzoneClusterImpl-83189976-e3c9-4226-841a-8dae3aba4f8d/datanode-2/data/ratis/4ce39555-f55b-4b8c-aa95-ade53eb9beda does not exist. Creating ...
2022-04-24 04:17:01,776 [pool-499-thread-1] INFO  storage.RaftStorageDirectory (RaftStorageDirectoryImpl.java:tryLock(230)) - Lock on /home/runner/work/ozone/ozone/hadoop-ozone/integration-test/target/test-dir/MiniOzoneClusterImpl-83189976-e3c9-4226-841a-8dae3aba4f8d/datanode-2/data/ratis/4ce39555-f55b-4b8c-aa95-ade53eb9beda/in_use.lock acquired by nodename 18665@fv-az50-870
2022-04-24 04:17:01,809 [pool-499-thread-1] INFO  storage.RaftStorage (RaftStorageImpl.java:format(89)) - Storage directory /home/runner/work/ozone/ozone/hadoop-ozone/integration-test/target/test-dir/MiniOzoneClusterImpl-83189976-e3c9-4226-841a-8dae3aba4f8d/datanode-2/data/ratis/4ce39555-f55b-4b8c-aa95-ade53eb9beda has been successfully formatted.
2022-04-24 04:17:01,810 [pool-499-thread-1] INFO  ratis.ContainerStateMachine (ContainerStateMachine.java:loadSnapshot(236)) - group-ADE53EB9BEDA: The snapshot info is null. Setting the last applied indexto:(t:0, i:~)
2022-04-24 04:17:01,811 [pool-499-thread-1] INFO  server.RaftServerConfigKeys (ConfUtils.java:logGet(44)) - raft.server.notification.no-leader.timeout = 300s (custom)
2022-04-24 04:17:01,811 [pool-499-thread-1] INFO  server.RaftServerConfigKeys (ConfUtils.java:logGet(44)) - raft.server.log.use.memory = false (default)
2022-04-24 04:17:01,811 [pool-499-thread-1] INFO  server.RaftServerConfigKeys (ConfUtils.java:logGet(44)) - raft.server.log.purge.gap = 1000000 (custom)
2022-04-24 04:17:01,811 [pool-499-thread-1] INFO  server.RaftServerConfigKeys (ConfUtils.java:logGet(44)) - raft.server.log.appender.buffer.byte-limit = 33554432 (custom)
2022-04-24 04:17:01,811 [pool-499-thread-1] INFO  server.RaftServerConfigKeys (ConfUtils.java:logGet(44)) - raft.server.log.segment.size.max = 1048576 (custom)
2022-04-24 04:17:01,811 [pool-499-thread-1] INFO  server.RaftServerConfigKeys (ConfUtils.java:logGet(44)) - raft.server.log.segment.cache.num.max = 2 (custom)
2022-04-24 04:17:01,811 [pool-499-thread-1] INFO  server.RaftServerConfigKeys (ConfUtils.java:logGet(44)) - raft.server.log.segment.cache.size.max = 200MB (=209715200) (default)
2022-04-24 04:17:01,812 [pool-499-thread-1] INFO  segmented.SegmentedRaftLogWorker (SegmentedRaftLogWorker.java:<init>(182)) - new e1740749-fe91-487e-b92b-84770da375d0@group-ADE53EB9BEDA-SegmentedRaftLogWorker for RaftStorageImpl:Storage Directory /home/runner/work/ozone/ozone/hadoop-ozone/integration-test/target/test-dir/MiniOzoneClusterImpl-83189976-e3c9-4226-841a-8dae3aba4f8d/datanode-2/data/ratis/4ce39555-f55b-4b8c-aa95-ade53eb9beda
2022-04-24 04:17:01,812 [pool-499-thread-1] INFO  server.RaftServerConfigKeys (ConfUtils.java:logGet(44)) - raft.server.log.queue.byte-limit = 4294967296 (custom)
2022-04-24 04:17:01,812 [pool-499-thread-1] INFO  server.RaftServerConfigKeys (ConfUtils.java:logGet(44)) - raft.server.log.queue.element-limit = 1024 (custom)
2022-04-24 04:17:01,812 [pool-499-thread-1] INFO  server.RaftServerConfigKeys (ConfUtils.java:logGet(44)) - raft.server.log.segment.size.max = 1048576 (custom)
2022-04-24 04:17:01,812 [pool-499-thread-1] INFO  server.RaftServerConfigKeys (ConfUtils.java:logGet(44)) - raft.server.log.preallocated.size = 16384 (custom)
2022-04-24 04:17:01,812 [pool-499-thread-1] INFO  server.RaftServerConfigKeys (ConfUtils.java:logGet(44)) - raft.server.log.force.sync.num = 128 (default)
2022-04-24 04:17:01,812 [pool-499-thread-1] INFO  server.RaftServerConfigKeys (ConfUtils.java:logGet(44)) - raft.server.log.statemachine.data.sync = true (default)
2022-04-24 04:17:01,812 [pool-499-thread-1] INFO  server.RaftServerConfigKeys (ConfUtils.java:logGet(44)) - raft.server.log.statemachine.data.sync.timeout = 10s (default)
2022-04-24 04:17:01,812 [pool-499-thread-1] INFO  server.RaftServerConfigKeys (ConfUtils.java:logGet(44)) - raft.server.log.statemachine.data.sync.timeout.retry = -1 (default)
2022-04-24 04:17:01,813 [pool-499-thread-1] INFO  server.RaftServerConfigKeys (ConfUtils.java:logGet(44)) - raft.server.log.write.buffer.size = 1048576 (custom)
2022-04-24 04:17:01,820 [pool-499-thread-1] INFO  server.RaftServerConfigKeys (ConfUtils.java:logGet(44)) - raft.server.log.statemachine.data.caching.enabled = true (custom)
2022-04-24 04:17:01,820 [pool-499-thread-1] INFO  segmented.SegmentedRaftLogWorker (SegmentedRaftLogWorker.java:lambda$new$0(133)) - e1740749-fe91-487e-b92b-84770da375d0@group-ADE53EB9BEDA-SegmentedRaftLogWorker: flushIndex: setUnconditionally 0 -> -1
2022-04-24 04:17:01,820 [pool-499-thread-1] INFO  segmented.SegmentedRaftLogWorker (SegmentedRaftLogWorker.java:lambda$new$0(133)) - e1740749-fe91-487e-b92b-84770da375d0@group-ADE53EB9BEDA-SegmentedRaftLogWorker: safeCacheEvictIndex: setUnconditionally 0 -> -1
2022-04-24 04:17:01,824 [pool-499-thread-1] INFO  server.RaftServerConfigKeys (ConfUtils.java:logGet(44)) - raft.server.snapshot.auto.trigger.enabled = true (custom)
2022-04-24 04:17:01,825 [pool-499-thread-1] INFO  server.RaftServerConfigKeys (ConfUtils.java:logGet(44)) - raft.server.snapshot.auto.trigger.threshold = 10000 (custom)
2022-04-24 04:17:01,825 [pool-499-thread-1] INFO  server.RaftServerConfigKeys (ConfUtils.java:logGet(44)) - raft.server.snapshot.retention.file.num = 5 (custom)
2022-04-24 04:17:01,825 [pool-499-thread-1] INFO  server.RaftServerConfigKeys (ConfUtils.java:logGet(44)) - raft.server.log.purge.upto.snapshot.index = false (default)
2022-04-24 04:17:01,825 [pool-499-thread-1] INFO  server.RaftServerConfigKeys (ConfUtils.java:logGet(44)) - raft.server.retrycache.expirytime = 600000ms (custom)
2022-04-24 04:17:01,825 [pool-499-thread-1] INFO  server.RaftServerConfigKeys (ConfUtils.java:logGet(44)) - raft.server.retrycache.statistics.expirytime = 100μs (default)
2022-04-24 04:17:01,826 [pool-499-thread-1] INFO  server.RaftServer$Division (RaftServerImpl.java:start(301)) - e1740749-fe91-487e-b92b-84770da375d0@group-ADE53EB9BEDA: start as a follower, conf=-1: [e1740749-fe91-487e-b92b-84770da375d0|rpc:10.1.0.15:38503|dataStream:|priority:0, 17cdb9c6-36ab-42af-b35d-3948633e5a03|rpc:10.1.0.15:34029|dataStream:|priority:1, 07194f3d-c9eb-4893-9cab-c457c5e8e7cf|rpc:10.1.0.15:38719|dataStream:|priority:0], old=null
2022-04-24 04:17:01,826 [pool-499-thread-1] INFO  server.RaftServer$Division (RaftServerImpl.java:setRole(290)) - e1740749-fe91-487e-b92b-84770da375d0@group-ADE53EB9BEDA: changes role from      null to FOLLOWER at term 0 for startAsFollower
2022-04-24 04:17:01,826 [pool-499-thread-1] INFO  impl.RoleInfo (RoleInfo.java:updateAndGet(130)) - e1740749-fe91-487e-b92b-84770da375d0: start e1740749-fe91-487e-b92b-84770da375d0@group-ADE53EB9BEDA-FollowerState
2022-04-24 04:17:01,829 [pool-499-thread-1] INFO  util.JmxRegister (JmxRegister.java:tryRegister(44)) - Successfully registered JMX Bean with object name Ratis:service=RaftServer,group=group-ADE53EB9BEDA,id=e1740749-fe91-487e-b92b-84770da375d0
2022-04-24 04:17:01,854 [Command processor thread] INFO  commandhandler.CreatePipelineCommandHandler (CreatePipelineCommandHandler.java:handle(113)) - Created Pipeline RATIS THREE PipelineID=4ce39555-f55b-4b8c-aa95-ade53eb9beda.
2022-04-24 04:17:01,855 [Command processor thread] INFO  server.RaftServer (RaftServerProxy.java:addNew(95)) - 07194f3d-c9eb-4893-9cab-c457c5e8e7cf: addNew group-0CC7895F5F7C:[e1740749-fe91-487e-b92b-84770da375d0|rpc:10.1.0.15:38503|priority:0, 17cdb9c6-36ab-42af-b35d-3948633e5a03|rpc:10.1.0.15:34029|priority:0, 07194f3d-c9eb-4893-9cab-c457c5e8e7cf|rpc:10.1.0.15:38719|priority:1] returns group-0CC7895F5F7C:java.util.concurrent.CompletableFuture@e1c6aa1[Not completed]
2022-04-24 04:17:01,859 [Command processor thread] INFO  server.RaftServer (RaftServerProxy.java:addNew(95)) - 17cdb9c6-36ab-42af-b35d-3948633e5a03: addNew group-95F5EF4CC5F8:[17cdb9c6-36ab-42af-b35d-3948633e5a03|rpc:10.1.0.15:34029|priority:1] returns group-95F5EF4CC5F8:java.util.concurrent.CompletableFuture@6dcd3cac[Not completed]
2022-04-24 04:17:01,860 [pool-478-thread-1] INFO  server.RaftServer$Division (RaftServerImpl.java:<init>(184)) - 17cdb9c6-36ab-42af-b35d-3948633e5a03: new RaftServerImpl for group-95F5EF4CC5F8:[17cdb9c6-36ab-42af-b35d-3948633e5a03|rpc:10.1.0.15:34029|priority:1] with ContainerStateMachine:uninitialized
2022-04-24 04:17:01,860 [pool-478-thread-1] INFO  server.RaftServerConfigKeys (ConfUtils.java:logGet(44)) - raft.server.rpc.timeout.min = 5s (custom)
2022-04-24 04:17:01,860 [pool-478-thread-1] INFO  server.RaftServerConfigKeys (ConfUtils.java:logGet(44)) - raft.server.rpc.timeout.max = 5200ms (custom)
2022-04-24 04:17:01,860 [pool-478-thread-1] INFO  server.RaftServerConfigKeys (ConfUtils.java:logGet(44)) - raft.server.rpc.sleep.time = 25ms (default)
2022-04-24 04:17:01,860 [pool-478-thread-1] INFO  server.RaftServerConfigKeys (ConfUtils.java:logGet(44)) - raft.server.rpc.slowness.timeout = 300s (custom)
2022-04-24 04:17:01,860 [pool-478-thread-1] INFO  server.RaftServerConfigKeys (ConfUtils.java:logGet(44)) - raft.server.leaderelection.leader.step-down.wait-time = 10s (default)
2022-04-24 04:17:01,860 [pool-478-thread-1] INFO  server.RaftServerConfigKeys (ConfUtils.java:logGet(44)) - raft.server.sleep.deviation.threshold = 300ms (default)
2022-04-24 04:17:01,860 [pool-478-thread-1] INFO  server.RaftServerConfigKeys (ConfUtils.java:logGet(44)) - raft.server.log.appender.install.snapshot.enabled = false (custom)
2022-04-24 04:17:01,860 [pool-457-thread-1] INFO  server.RaftServer$Division (RaftServerImpl.java:<init>(184)) - 07194f3d-c9eb-4893-9cab-c457c5e8e7cf: new RaftServerImpl for group-0CC7895F5F7C:[e1740749-fe91-487e-b92b-84770da375d0|rpc:10.1.0.15:38503|priority:0, 17cdb9c6-36ab-42af-b35d-3948633e5a03|rpc:10.1.0.15:34029|priority:0, 07194f3d-c9eb-4893-9cab-c457c5e8e7cf|rpc:10.1.0.15:38719|priority:1] with ContainerStateMachine:uninitialized
2022-04-24 04:17:01,860 [pool-457-thread-1] INFO  server.RaftServerConfigKeys (ConfUtils.java:logGet(44)) - raft.server.rpc.timeout.min = 5s (custom)
2022-04-24 04:17:01,861 [pool-457-thread-1] INFO  server.RaftServerConfigKeys (ConfUtils.java:logGet(44)) - raft.server.rpc.timeout.max = 5200ms (custom)
2022-04-24 04:17:01,861 [pool-457-thread-1] INFO  server.RaftServerConfigKeys (ConfUtils.java:logGet(44)) - raft.server.rpc.sleep.time = 25ms (default)
2022-04-24 04:17:01,861 [pool-457-thread-1] INFO  server.RaftServerConfigKeys (ConfUtils.java:logGet(44)) - raft.server.rpc.slowness.timeout = 300s (custom)
2022-04-24 04:17:01,861 [pool-457-thread-1] INFO  server.RaftServerConfigKeys (ConfUtils.java:logGet(44)) - raft.server.leaderelection.leader.step-down.wait-time = 10s (default)
2022-04-24 04:17:01,861 [pool-457-thread-1] INFO  server.RaftServerConfigKeys (ConfUtils.java:logGet(44)) - raft.server.sleep.deviation.threshold = 300ms (default)
2022-04-24 04:17:01,861 [pool-457-thread-1] INFO  server.RaftServerConfigKeys (ConfUtils.java:logGet(44)) - raft.server.log.appender.install.snapshot.enabled = false (custom)
2022-04-24 04:17:01,861 [pool-457-thread-1] INFO  server.RaftServer$Division (ServerState.java:<init>(105)) - 07194f3d-c9eb-4893-9cab-c457c5e8e7cf@group-0CC7895F5F7C: ConfigurationManager, init=-1: [e1740749-fe91-487e-b92b-84770da375d0|rpc:10.1.0.15:38503|priority:0, 17cdb9c6-36ab-42af-b35d-3948633e5a03|rpc:10.1.0.15:34029|priority:0, 07194f3d-c9eb-4893-9cab-c457c5e8e7cf|rpc:10.1.0.15:38719|priority:1], old=null, confs=<EMPTY_MAP>
2022-04-24 04:17:01,860 [pool-478-thread-1] INFO  server.RaftServer$Division (ServerState.java:<init>(105)) - 17cdb9c6-36ab-42af-b35d-3948633e5a03@group-95F5EF4CC5F8: ConfigurationManager, init=-1: [17cdb9c6-36ab-42af-b35d-3948633e5a03|rpc:10.1.0.15:34029|priority:1], old=null, confs=<EMPTY_MAP>
2022-04-24 04:17:01,861 [pool-478-thread-1] INFO  server.RaftServerConfigKeys (ConfUtils.java:logGet(44)) - raft.server.storage.dir = [/home/runner/work/ozone/ozone/hadoop-ozone/integration-test/target/test-dir/MiniOzoneClusterImpl-83189976-e3c9-4226-841a-8dae3aba4f8d/datanode-1/data/ratis] (custom)
2022-04-24 04:17:01,861 [pool-478-thread-1] INFO  server.RaftServerConfigKeys (ConfUtils.java:logGet(44)) - raft.server.log.corruption.policy = EXCEPTION (default)
2022-04-24 04:17:01,861 [pool-478-thread-1] INFO  server.RaftServerConfigKeys (ConfUtils.java:logGet(44)) - raft.server.storage.free-space.min = 0MB (=0) (default)
2022-04-24 04:17:01,861 [pool-478-thread-1] INFO  storage.RaftStorageDirectory (RaftStorageDirectoryImpl.java:analyzeStorage(135)) - The storage directory /home/runner/work/ozone/ozone/hadoop-ozone/integration-test/target/test-dir/MiniOzoneClusterImpl-83189976-e3c9-4226-841a-8dae3aba4f8d/datanode-1/data/ratis/12602f73-9948-4ca8-8eed-95f5ef4cc5f8 does not exist. Creating ...
2022-04-24 04:17:01,861 [pool-457-thread-1] INFO  server.RaftServerConfigKeys (ConfUtils.java:logGet(44)) - raft.server.storage.dir = [/home/runner/work/ozone/ozone/hadoop-ozone/integration-test/target/test-dir/MiniOzoneClusterImpl-83189976-e3c9-4226-841a-8dae3aba4f8d/datanode-0/data/ratis] (custom)
2022-04-24 04:17:01,862 [pool-457-thread-1] INFO  server.RaftServerConfigKeys (ConfUtils.java:logGet(44)) - raft.server.log.corruption.policy = EXCEPTION (default)
2022-04-24 04:17:01,862 [pool-457-thread-1] INFO  server.RaftServerConfigKeys (ConfUtils.java:logGet(44)) - raft.server.storage.free-space.min = 0MB (=0) (default)
2022-04-24 04:17:01,862 [pool-457-thread-1] INFO  storage.RaftStorageDirectory (RaftStorageDirectoryImpl.java:analyzeStorage(135)) - The storage directory /home/runner/work/ozone/ozone/hadoop-ozone/integration-test/target/test-dir/MiniOzoneClusterImpl-83189976-e3c9-4226-841a-8dae3aba4f8d/datanode-0/data/ratis/af01b7d4-bc2f-4284-a020-0cc7895f5f7c does not exist. Creating ...
2022-04-24 04:17:01,862 [pool-457-thread-1] INFO  storage.RaftStorageDirectory (RaftStorageDirectoryImpl.java:tryLock(230)) - Lock on /home/runner/work/ozone/ozone/hadoop-ozone/integration-test/target/test-dir/MiniOzoneClusterImpl-83189976-e3c9-4226-841a-8dae3aba4f8d/datanode-0/data/ratis/af01b7d4-bc2f-4284-a020-0cc7895f5f7c/in_use.lock acquired by nodename 18665@fv-az50-870
2022-04-24 04:17:01,863 [pool-478-thread-1] INFO  storage.RaftStorageDirectory (RaftStorageDirectoryImpl.java:tryLock(230)) - Lock on /home/runner/work/ozone/ozone/hadoop-ozone/integration-test/target/test-dir/MiniOzoneClusterImpl-83189976-e3c9-4226-841a-8dae3aba4f8d/datanode-1/data/ratis/12602f73-9948-4ca8-8eed-95f5ef4cc5f8/in_use.lock acquired by nodename 18665@fv-az50-870
2022-04-24 04:17:01,873 [pool-478-thread-1] INFO  storage.RaftStorage (RaftStorageImpl.java:format(89)) - Storage directory /home/runner/work/ozone/ozone/hadoop-ozone/integration-test/target/test-dir/MiniOzoneClusterImpl-83189976-e3c9-4226-841a-8dae3aba4f8d/datanode-1/data/ratis/12602f73-9948-4ca8-8eed-95f5ef4cc5f8 has been successfully formatted.
2022-04-24 04:17:01,873 [pool-478-thread-1] INFO  ratis.ContainerStateMachine (ContainerStateMachine.java:loadSnapshot(236)) - group-95F5EF4CC5F8: The snapshot info is null. Setting the last applied indexto:(t:0, i:~)
2022-04-24 04:17:01,873 [pool-478-thread-1] INFO  server.RaftServerConfigKeys (ConfUtils.java:logGet(44)) - raft.server.notification.no-leader.timeout = 300s (custom)
2022-04-24 04:17:01,873 [pool-478-thread-1] INFO  server.RaftServerConfigKeys (ConfUtils.java:logGet(44)) - raft.server.log.use.memory = false (default)
2022-04-24 04:17:01,873 [pool-478-thread-1] INFO  server.RaftServerConfigKeys (ConfUtils.java:logGet(44)) - raft.server.log.purge.gap = 1000000 (custom)
2022-04-24 04:17:01,873 [pool-478-thread-1] INFO  server.RaftServerConfigKeys (ConfUtils.java:logGet(44)) - raft.server.log.appender.buffer.byte-limit = 33554432 (custom)
2022-04-24 04:17:01,873 [pool-478-thread-1] INFO  server.RaftServerConfigKeys (ConfUtils.java:logGet(44)) - raft.server.log.segment.size.max = 1048576 (custom)
2022-04-24 04:17:01,874 [pool-478-thread-1] INFO  server.RaftServerConfigKeys (ConfUtils.java:logGet(44)) - raft.server.log.segment.cache.num.max = 2 (custom)
2022-04-24 04:17:01,874 [pool-478-thread-1] INFO  server.RaftServerConfigKeys (ConfUtils.java:logGet(44)) - raft.server.log.segment.cache.size.max = 200MB (=209715200) (default)
2022-04-24 04:17:01,874 [pool-478-thread-1] INFO  segmented.SegmentedRaftLogWorker (SegmentedRaftLogWorker.java:<init>(182)) - new 17cdb9c6-36ab-42af-b35d-3948633e5a03@group-95F5EF4CC5F8-SegmentedRaftLogWorker for RaftStorageImpl:Storage Directory /home/runner/work/ozone/ozone/hadoop-ozone/integration-test/target/test-dir/MiniOzoneClusterImpl-83189976-e3c9-4226-841a-8dae3aba4f8d/datanode-1/data/ratis/12602f73-9948-4ca8-8eed-95f5ef4cc5f8
2022-04-24 04:17:01,874 [pool-478-thread-1] INFO  server.RaftServerConfigKeys (ConfUtils.java:logGet(44)) - raft.server.log.queue.byte-limit = 4294967296 (custom)
2022-04-24 04:17:01,874 [pool-478-thread-1] INFO  server.RaftServerConfigKeys (ConfUtils.java:logGet(44)) - raft.server.log.queue.element-limit = 1024 (custom)
2022-04-24 04:17:01,874 [pool-478-thread-1] INFO  server.RaftServerConfigKeys (ConfUtils.java:logGet(44)) - raft.server.log.segment.size.max = 1048576 (custom)
2022-04-24 04:17:01,874 [pool-478-thread-1] INFO  server.RaftServerConfigKeys (ConfUtils.java:logGet(44)) - raft.server.log.preallocated.size = 16384 (custom)
2022-04-24 04:17:01,874 [pool-478-thread-1] INFO  server.RaftServerConfigKeys (ConfUtils.java:logGet(44)) - raft.server.log.force.sync.num = 128 (default)
2022-04-24 04:17:01,874 [pool-478-thread-1] INFO  server.RaftServerConfigKeys (ConfUtils.java:logGet(44)) - raft.server.log.statemachine.data.sync = true (default)
2022-04-24 04:17:01,874 [pool-478-thread-1] INFO  server.RaftServerConfigKeys (ConfUtils.java:logGet(44)) - raft.server.log.statemachine.data.sync.timeout = 10s (default)
2022-04-24 04:17:01,874 [pool-478-thread-1] INFO  server.RaftServerConfigKeys (ConfUtils.java:logGet(44)) - raft.server.log.statemachine.data.sync.timeout.retry = -1 (default)
2022-04-24 04:17:01,875 [pool-478-thread-1] INFO  server.RaftServerConfigKeys (ConfUtils.java:logGet(44)) - raft.server.log.write.buffer.size = 1048576 (custom)
2022-04-24 04:17:01,875 [pool-478-thread-1] INFO  server.RaftServerConfigKeys (ConfUtils.java:logGet(44)) - raft.server.log.statemachine.data.caching.enabled = true (custom)
2022-04-24 04:17:01,875 [pool-478-thread-1] INFO  segmented.SegmentedRaftLogWorker (SegmentedRaftLogWorker.java:lambda$new$0(133)) - 17cdb9c6-36ab-42af-b35d-3948633e5a03@group-95F5EF4CC5F8-SegmentedRaftLogWorker: flushIndex: setUnconditionally 0 -> -1
2022-04-24 04:17:01,875 [pool-478-thread-1] INFO  segmented.SegmentedRaftLogWorker (SegmentedRaftLogWorker.java:lambda$new$0(133)) - 17cdb9c6-36ab-42af-b35d-3948633e5a03@group-95F5EF4CC5F8-SegmentedRaftLogWorker: safeCacheEvictIndex: setUnconditionally 0 -> -1
2022-04-24 04:17:01,876 [pool-478-thread-1] INFO  server.RaftServerConfigKeys (ConfUtils.java:logGet(44)) - raft.server.snapshot.auto.trigger.enabled = true (custom)
2022-04-24 04:17:01,876 [pool-478-thread-1] INFO  server.RaftServerConfigKeys (ConfUtils.java:logGet(44)) - raft.server.snapshot.auto.trigger.threshold = 10000 (custom)
2022-04-24 04:17:01,876 [pool-478-thread-1] INFO  server.RaftServerConfigKeys (ConfUtils.java:logGet(44)) - raft.server.snapshot.retention.file.num = 5 (custom)
2022-04-24 04:17:01,876 [pool-478-thread-1] INFO  server.RaftServerConfigKeys (ConfUtils.java:logGet(44)) - raft.server.log.purge.upto.snapshot.index = false (default)
2022-04-24 04:17:01,876 [pool-478-thread-1] INFO  server.RaftServerConfigKeys (ConfUtils.java:logGet(44)) - raft.server.retrycache.expirytime = 600000ms (custom)
2022-04-24 04:17:01,876 [pool-478-thread-1] INFO  server.RaftServerConfigKeys (ConfUtils.java:logGet(44)) - raft.server.retrycache.statistics.expirytime = 100μs (default)
2022-04-24 04:17:01,877 [pool-478-thread-1] INFO  server.RaftServer$Division (RaftServerImpl.java:start(301)) - 17cdb9c6-36ab-42af-b35d-3948633e5a03@group-95F5EF4CC5F8: start as a follower, conf=-1: [17cdb9c6-36ab-42af-b35d-3948633e5a03|rpc:10.1.0.15:34029|priority:1], old=null
2022-04-24 04:17:01,877 [pool-478-thread-1] INFO  server.RaftServer$Division (RaftServerImpl.java:setRole(290)) - 17cdb9c6-36ab-42af-b35d-3948633e5a03@group-95F5EF4CC5F8: changes role from      null to FOLLOWER at term 0 for startAsFollower
2022-04-24 04:17:01,877 [pool-478-thread-1] INFO  impl.RoleInfo (RoleInfo.java:updateAndGet(130)) - 17cdb9c6-36ab-42af-b35d-3948633e5a03: start 17cdb9c6-36ab-42af-b35d-3948633e5a03@group-95F5EF4CC5F8-FollowerState
2022-04-24 04:17:01,877 [pool-478-thread-1] INFO  util.JmxRegister (JmxRegister.java:tryRegister(44)) - Successfully registered JMX Bean with object name Ratis:service=RaftServer,group=group-95F5EF4CC5F8,id=17cdb9c6-36ab-42af-b35d-3948633e5a03
2022-04-24 04:17:01,878 [Command processor thread] INFO  ratis.XceiverServerRatis (XceiverServerRatis.java:addGroup(765)) - Created group PipelineID=12602f73-9948-4ca8-8eed-95f5ef4cc5f8
2022-04-24 04:17:01,878 [pool-457-thread-1] INFO  storage.RaftStorage (RaftStorageImpl.java:format(89)) - Storage directory /home/runner/work/ozone/ozone/hadoop-ozone/integration-test/target/test-dir/MiniOzoneClusterImpl-83189976-e3c9-4226-841a-8dae3aba4f8d/datanode-0/data/ratis/af01b7d4-bc2f-4284-a020-0cc7895f5f7c has been successfully formatted.
2022-04-24 04:17:01,878 [Command processor thread] INFO  commandhandler.CreatePipelineCommandHandler (CreatePipelineCommandHandler.java:handle(113)) - Created Pipeline RATIS ONE PipelineID=12602f73-9948-4ca8-8eed-95f5ef4cc5f8.
2022-04-24 04:17:01,878 [pool-457-thread-1] INFO  ratis.ContainerStateMachine (ContainerStateMachine.java:loadSnapshot(236)) - group-0CC7895F5F7C: The snapshot info is null. Setting the last applied indexto:(t:0, i:~)
2022-04-24 04:17:01,878 [Command processor thread] INFO  server.RaftServer (RaftServerProxy.java:addNew(95)) - 17cdb9c6-36ab-42af-b35d-3948633e5a03: addNew group-0CC7895F5F7C:[e1740749-fe91-487e-b92b-84770da375d0|rpc:10.1.0.15:38503|priority:0, 17cdb9c6-36ab-42af-b35d-3948633e5a03|rpc:10.1.0.15:34029|priority:0, 07194f3d-c9eb-4893-9cab-c457c5e8e7cf|rpc:10.1.0.15:38719|priority:1] returns group-0CC7895F5F7C:java.util.concurrent.CompletableFuture@630adf65[Not completed]
2022-04-24 04:17:01,878 [pool-457-thread-1] INFO  server.RaftServerConfigKeys (ConfUtils.java:logGet(44)) - raft.server.notification.no-leader.timeout = 300s (custom)
2022-04-24 04:17:01,878 [pool-457-thread-1] INFO  server.RaftServerConfigKeys (ConfUtils.java:logGet(44)) - raft.server.log.use.memory = false (default)
2022-04-24 04:17:01,879 [pool-457-thread-1] INFO  server.RaftServerConfigKeys (ConfUtils.java:logGet(44)) - raft.server.log.purge.gap = 1000000 (custom)
2022-04-24 04:17:01,879 [pool-457-thread-1] INFO  server.RaftServerConfigKeys (ConfUtils.java:logGet(44)) - raft.server.log.appender.buffer.byte-limit = 33554432 (custom)
2022-04-24 04:17:01,879 [pool-457-thread-1] INFO  server.RaftServerConfigKeys (ConfUtils.java:logGet(44)) - raft.server.log.segment.size.max = 1048576 (custom)
2022-04-24 04:17:01,879 [pool-457-thread-1] INFO  server.RaftServerConfigKeys (ConfUtils.java:logGet(44)) - raft.server.log.segment.cache.num.max = 2 (custom)
2022-04-24 04:17:01,879 [pool-457-thread-1] INFO  server.RaftServerConfigKeys (ConfUtils.java:logGet(44)) - raft.server.log.segment.cache.size.max = 200MB (=209715200) (default)
2022-04-24 04:17:01,879 [pool-457-thread-1] INFO  segmented.SegmentedRaftLogWorker (SegmentedRaftLogWorker.java:<init>(182)) - new 07194f3d-c9eb-4893-9cab-c457c5e8e7cf@group-0CC7895F5F7C-SegmentedRaftLogWorker for RaftStorageImpl:Storage Directory /home/runner/work/ozone/ozone/hadoop-ozone/integration-test/target/test-dir/MiniOzoneClusterImpl-83189976-e3c9-4226-841a-8dae3aba4f8d/datanode-0/data/ratis/af01b7d4-bc2f-4284-a020-0cc7895f5f7c
2022-04-24 04:17:01,879 [pool-457-thread-1] INFO  server.RaftServerConfigKeys (ConfUtils.java:logGet(44)) - raft.server.log.queue.byte-limit = 4294967296 (custom)
2022-04-24 04:17:01,879 [pool-457-thread-1] INFO  server.RaftServerConfigKeys (ConfUtils.java:logGet(44)) - raft.server.log.queue.element-limit = 1024 (custom)
2022-04-24 04:17:01,879 [pool-457-thread-1] INFO  server.RaftServerConfigKeys (ConfUtils.java:logGet(44)) - raft.server.log.segment.size.max = 1048576 (custom)
2022-04-24 04:17:01,879 [pool-457-thread-1] INFO  server.RaftServerConfigKeys (ConfUtils.java:logGet(44)) - raft.server.log.preallocated.size = 16384 (custom)
2022-04-24 04:17:01,879 [pool-457-thread-1] INFO  server.RaftServerConfigKeys (ConfUtils.java:logGet(44)) - raft.server.log.force.sync.num = 128 (default)
2022-04-24 04:17:01,879 [pool-457-thread-1] INFO  server.RaftServerConfigKeys (ConfUtils.java:logGet(44)) - raft.server.log.statemachine.data.sync = true (default)
2022-04-24 04:17:01,879 [pool-457-thread-1] INFO  server.RaftServerConfigKeys (ConfUtils.java:logGet(44)) - raft.server.log.statemachine.data.sync.timeout = 10s (default)
2022-04-24 04:17:01,879 [pool-457-thread-1] INFO  server.RaftServerConfigKeys (ConfUtils.java:logGet(44)) - raft.server.log.statemachine.data.sync.timeout.retry = -1 (default)
2022-04-24 04:17:01,880 [pool-457-thread-1] INFO  server.RaftServerConfigKeys (ConfUtils.java:logGet(44)) - raft.server.log.write.buffer.size = 1048576 (custom)
2022-04-24 04:17:01,881 [pool-457-thread-1] INFO  server.RaftServerConfigKeys (ConfUtils.java:logGet(44)) - raft.server.log.statemachine.data.caching.enabled = true (custom)
2022-04-24 04:17:01,881 [pool-457-thread-1] INFO  segmented.SegmentedRaftLogWorker (SegmentedRaftLogWorker.java:lambda$new$0(133)) - 07194f3d-c9eb-4893-9cab-c457c5e8e7cf@group-0CC7895F5F7C-SegmentedRaftLogWorker: flushIndex: setUnconditionally 0 -> -1
2022-04-24 04:17:01,881 [pool-457-thread-1] INFO  segmented.SegmentedRaftLogWorker (SegmentedRaftLogWorker.java:lambda$new$0(133)) - 07194f3d-c9eb-4893-9cab-c457c5e8e7cf@group-0CC7895F5F7C-SegmentedRaftLogWorker: safeCacheEvictIndex: setUnconditionally 0 -> -1
2022-04-24 04:17:01,889 [pool-457-thread-1] INFO  server.RaftServerConfigKeys (ConfUtils.java:logGet(44)) - raft.server.snapshot.auto.trigger.enabled = true (custom)
2022-04-24 04:17:01,889 [pool-457-thread-1] INFO  server.RaftServerConfigKeys (ConfUtils.java:logGet(44)) - raft.server.snapshot.auto.trigger.threshold = 10000 (custom)
2022-04-24 04:17:01,889 [pool-457-thread-1] INFO  server.RaftServerConfigKeys (ConfUtils.java:logGet(44)) - raft.server.snapshot.retention.file.num = 5 (custom)
2022-04-24 04:17:01,889 [pool-457-thread-1] INFO  server.RaftServerConfigKeys (ConfUtils.java:logGet(44)) - raft.server.log.purge.upto.snapshot.index = false (default)
2022-04-24 04:17:01,889 [pool-457-thread-1] INFO  server.RaftServerConfigKeys (ConfUtils.java:logGet(44)) - raft.server.retrycache.expirytime = 600000ms (custom)
2022-04-24 04:17:01,889 [pool-457-thread-1] INFO  server.RaftServerConfigKeys (ConfUtils.java:logGet(44)) - raft.server.retrycache.statistics.expirytime = 100μs (default)
2022-04-24 04:17:01,890 [pool-457-thread-1] INFO  server.RaftServer$Division (RaftServerImpl.java:start(301)) - 07194f3d-c9eb-4893-9cab-c457c5e8e7cf@group-0CC7895F5F7C: start as a follower, conf=-1: [e1740749-fe91-487e-b92b-84770da375d0|rpc:10.1.0.15:38503|priority:0, 17cdb9c6-36ab-42af-b35d-3948633e5a03|rpc:10.1.0.15:34029|priority:0, 07194f3d-c9eb-4893-9cab-c457c5e8e7cf|rpc:10.1.0.15:38719|priority:1], old=null
2022-04-24 04:17:01,891 [pool-457-thread-1] INFO  server.RaftServer$Division (RaftServerImpl.java:setRole(290)) - 07194f3d-c9eb-4893-9cab-c457c5e8e7cf@group-0CC7895F5F7C: changes role from      null to FOLLOWER at term 0 for startAsFollower
2022-04-24 04:17:01,891 [pool-457-thread-1] INFO  impl.RoleInfo (RoleInfo.java:updateAndGet(130)) - 07194f3d-c9eb-4893-9cab-c457c5e8e7cf: start 07194f3d-c9eb-4893-9cab-c457c5e8e7cf@group-0CC7895F5F7C-FollowerState
2022-04-24 04:17:01,893 [pool-457-thread-1] INFO  util.JmxRegister (JmxRegister.java:tryRegister(44)) - Successfully registered JMX Bean with object name Ratis:service=RaftServer,group=group-0CC7895F5F7C,id=07194f3d-c9eb-4893-9cab-c457c5e8e7cf
2022-04-24 04:17:01,898 [Command processor thread] INFO  ratis.XceiverServerRatis (XceiverServerRatis.java:addGroup(765)) - Created group PipelineID=af01b7d4-bc2f-4284-a020-0cc7895f5f7c
2022-04-24 04:17:01,954 [pool-478-thread-1] INFO  server.RaftServer$Division (RaftServerImpl.java:<init>(184)) - 17cdb9c6-36ab-42af-b35d-3948633e5a03: new RaftServerImpl for group-0CC7895F5F7C:[e1740749-fe91-487e-b92b-84770da375d0|rpc:10.1.0.15:38503|priority:0, 17cdb9c6-36ab-42af-b35d-3948633e5a03|rpc:10.1.0.15:34029|priority:0, 07194f3d-c9eb-4893-9cab-c457c5e8e7cf|rpc:10.1.0.15:38719|priority:1] with ContainerStateMachine:uninitialized
2022-04-24 04:17:01,954 [pool-478-thread-1] INFO  server.RaftServerConfigKeys (ConfUtils.java:logGet(44)) - raft.server.rpc.timeout.min = 5s (custom)
2022-04-24 04:17:01,955 [pool-478-thread-1] INFO  server.RaftServerConfigKeys (ConfUtils.java:logGet(44)) - raft.server.rpc.timeout.max = 5200ms (custom)
2022-04-24 04:17:01,955 [pool-478-thread-1] INFO  server.RaftServerConfigKeys (ConfUtils.java:logGet(44)) - raft.server.rpc.sleep.time = 25ms (default)
2022-04-24 04:17:01,955 [pool-478-thread-1] INFO  server.RaftServerConfigKeys (ConfUtils.java:logGet(44)) - raft.server.rpc.slowness.timeout = 300s (custom)
2022-04-24 04:17:01,955 [pool-478-thread-1] INFO  server.RaftServerConfigKeys (ConfUtils.java:logGet(44)) - raft.server.leaderelection.leader.step-down.wait-time = 10s (default)
2022-04-24 04:17:01,955 [pool-478-thread-1] INFO  server.RaftServerConfigKeys (ConfUtils.java:logGet(44)) - raft.server.sleep.deviation.threshold = 300ms (default)
2022-04-24 04:17:01,955 [pool-478-thread-1] INFO  server.RaftServerConfigKeys (ConfUtils.java:logGet(44)) - raft.server.log.appender.install.snapshot.enabled = false (custom)
2022-04-24 04:17:01,955 [pool-478-thread-1] INFO  server.RaftServer$Division (ServerState.java:<init>(105)) - 17cdb9c6-36ab-42af-b35d-3948633e5a03@group-0CC7895F5F7C: ConfigurationManager, init=-1: [e1740749-fe91-487e-b92b-84770da375d0|rpc:10.1.0.15:38503|priority:0, 17cdb9c6-36ab-42af-b35d-3948633e5a03|rpc:10.1.0.15:34029|priority:0, 07194f3d-c9eb-4893-9cab-c457c5e8e7cf|rpc:10.1.0.15:38719|priority:1], old=null, confs=<EMPTY_MAP>
2022-04-24 04:17:01,955 [pool-478-thread-1] INFO  server.RaftServerConfigKeys (ConfUtils.java:logGet(44)) - raft.server.storage.dir = [/home/runner/work/ozone/ozone/hadoop-ozone/integration-test/target/test-dir/MiniOzoneClusterImpl-83189976-e3c9-4226-841a-8dae3aba4f8d/datanode-1/data/ratis] (custom)
2022-04-24 04:17:01,955 [pool-478-thread-1] INFO  server.RaftServerConfigKeys (ConfUtils.java:logGet(44)) - raft.server.log.corruption.policy = EXCEPTION (default)
2022-04-24 04:17:01,955 [pool-478-thread-1] INFO  server.RaftServerConfigKeys (ConfUtils.java:logGet(44)) - raft.server.storage.free-space.min = 0MB (=0) (default)
2022-04-24 04:17:01,955 [pool-478-thread-1] INFO  storage.RaftStorageDirectory (RaftStorageDirectoryImpl.java:analyzeStorage(135)) - The storage directory /home/runner/work/ozone/ozone/hadoop-ozone/integration-test/target/test-dir/MiniOzoneClusterImpl-83189976-e3c9-4226-841a-8dae3aba4f8d/datanode-1/data/ratis/af01b7d4-bc2f-4284-a020-0cc7895f5f7c does not exist. Creating ...
2022-04-24 04:17:01,957 [EventQueue-PipelineReportForPipelineReportHandler] INFO  pipeline.PipelineManagerImpl (PipelineManagerImpl.java:openPipeline(321)) - Pipeline Pipeline[ Id: 12602f73-9948-4ca8-8eed-95f5ef4cc5f8, Nodes: 17cdb9c6-36ab-42af-b35d-3948633e5a03{ip: 10.1.0.15, host: fv-az50-870.grzltbmokehuzjyc5b133kdqgh.cx.internal.cloudapp.net, ports: [REPLICATION=40429, RATIS=34029, RATIS_ADMIN=34029, RATIS_SERVER=34029, STANDALONE=45695], networkLocation: /default-rack, certSerialId: null, persistedOpState: IN_SERVICE, persistedOpStateExpiryEpochSec: 0}, ReplicationConfig: RATIS/ONE, State:ALLOCATED, leaderId:17cdb9c6-36ab-42af-b35d-3948633e5a03, CreationTimestamp2022-04-24T04:16:58.862Z[Etc/UTC]] moved to OPEN state
2022-04-24 04:17:01,957 [EventQueue-OpenPipelineForHealthyPipelineSafeModeRule] INFO  safemode.SCMSafeModeManager (HealthyPipelineSafeModeRule.java:process(124)) - SCM in safe mode. Healthy pipelines reported count is 0, required healthy pipeline reported count is 1
2022-04-24 04:17:01,959 [EventQueue-OpenPipelineForHealthyPipelineSafeModeRule] INFO  safemode.SCMSafeModeManager (HealthyPipelineSafeModeRule.java:process(124)) - SCM in safe mode. Healthy pipelines reported count is 0, required healthy pipeline reported count is 1
2022-04-24 04:17:01,959 [pool-478-thread-1] INFO  storage.RaftStorageDirectory (RaftStorageDirectoryImpl.java:tryLock(230)) - Lock on /home/runner/work/ozone/ozone/hadoop-ozone/integration-test/target/test-dir/MiniOzoneClusterImpl-83189976-e3c9-4226-841a-8dae3aba4f8d/datanode-1/data/ratis/af01b7d4-bc2f-4284-a020-0cc7895f5f7c/in_use.lock acquired by nodename 18665@fv-az50-870
2022-04-24 04:17:01,995 [pool-478-thread-1] INFO  storage.RaftStorage (RaftStorageImpl.java:format(89)) - Storage directory /home/runner/work/ozone/ozone/hadoop-ozone/integration-test/target/test-dir/MiniOzoneClusterImpl-83189976-e3c9-4226-841a-8dae3aba4f8d/datanode-1/data/ratis/af01b7d4-bc2f-4284-a020-0cc7895f5f7c has been successfully formatted.
2022-04-24 04:17:01,996 [pool-478-thread-1] INFO  ratis.ContainerStateMachine (ContainerStateMachine.java:loadSnapshot(236)) - group-0CC7895F5F7C: The snapshot info is null. Setting the last applied indexto:(t:0, i:~)
2022-04-24 04:17:01,996 [pool-478-thread-1] INFO  server.RaftServerConfigKeys (ConfUtils.java:logGet(44)) - raft.server.notification.no-leader.timeout = 300s (custom)
2022-04-24 04:17:01,996 [pool-478-thread-1] INFO  server.RaftServerConfigKeys (ConfUtils.java:logGet(44)) - raft.server.log.use.memory = false (default)
2022-04-24 04:17:01,996 [pool-478-thread-1] INFO  server.RaftServerConfigKeys (ConfUtils.java:logGet(44)) - raft.server.log.purge.gap = 1000000 (custom)
2022-04-24 04:17:01,996 [pool-478-thread-1] INFO  server.RaftServerConfigKeys (ConfUtils.java:logGet(44)) - raft.server.log.appender.buffer.byte-limit = 33554432 (custom)
2022-04-24 04:17:01,996 [pool-478-thread-1] INFO  server.RaftServerConfigKeys (ConfUtils.java:logGet(44)) - raft.server.log.segment.size.max = 1048576 (custom)
2022-04-24 04:17:01,997 [pool-478-thread-1] INFO  server.RaftServerConfigKeys (ConfUtils.java:logGet(44)) - raft.server.log.segment.cache.num.max = 2 (custom)
2022-04-24 04:17:01,997 [pool-478-thread-1] INFO  server.RaftServerConfigKeys (ConfUtils.java:logGet(44)) - raft.server.log.segment.cache.size.max = 200MB (=209715200) (default)
2022-04-24 04:17:01,997 [pool-478-thread-1] INFO  segmented.SegmentedRaftLogWorker (SegmentedRaftLogWorker.java:<init>(182)) - new 17cdb9c6-36ab-42af-b35d-3948633e5a03@group-0CC7895F5F7C-SegmentedRaftLogWorker for RaftStorageImpl:Storage Directory /home/runner/work/ozone/ozone/hadoop-ozone/integration-test/target/test-dir/MiniOzoneClusterImpl-83189976-e3c9-4226-841a-8dae3aba4f8d/datanode-1/data/ratis/af01b7d4-bc2f-4284-a020-0cc7895f5f7c
2022-04-24 04:17:01,997 [pool-478-thread-1] INFO  server.RaftServerConfigKeys (ConfUtils.java:logGet(44)) - raft.server.log.queue.byte-limit = 4294967296 (custom)
2022-04-24 04:17:01,997 [pool-478-thread-1] INFO  server.RaftServerConfigKeys (ConfUtils.java:logGet(44)) - raft.server.log.queue.element-limit = 1024 (custom)
2022-04-24 04:17:01,997 [pool-478-thread-1] INFO  server.RaftServerConfigKeys (ConfUtils.java:logGet(44)) - raft.server.log.segment.size.max = 1048576 (custom)
2022-04-24 04:17:01,997 [pool-478-thread-1] INFO  server.RaftServerConfigKeys (ConfUtils.java:logGet(44)) - raft.server.log.preallocated.size = 16384 (custom)
2022-04-24 04:17:02,036 [pool-478-thread-1] INFO  server.RaftServerConfigKeys (ConfUtils.java:logGet(44)) - raft.server.log.force.sync.num = 128 (default)
2022-04-24 04:17:02,036 [pool-478-thread-1] INFO  server.RaftServerConfigKeys (ConfUtils.java:logGet(44)) - raft.server.log.statemachine.data.sync = true (default)
2022-04-24 04:17:02,036 [pool-478-thread-1] INFO  server.RaftServerConfigKeys (ConfUtils.java:logGet(44)) - raft.server.log.statemachine.data.sync.timeout = 10s (default)
2022-04-24 04:17:02,036 [EventQueue-OpenPipelineForHealthyPipelineSafeModeRule] INFO  safemode.SCMSafeModeManager (HealthyPipelineSafeModeRule.java:process(124)) - SCM in safe mode. Healthy pipelines reported count is 0, required healthy pipeline reported count is 1
2022-04-24 04:17:02,036 [pool-478-thread-1] INFO  server.RaftServerConfigKeys (ConfUtils.java:logGet(44)) - raft.server.log.statemachine.data.sync.timeout.retry = -1 (default)
2022-04-24 04:17:02,038 [pool-478-thread-1] INFO  server.RaftServerConfigKeys (ConfUtils.java:logGet(44)) - raft.server.log.write.buffer.size = 1048576 (custom)
2022-04-24 04:17:02,038 [pool-478-thread-1] INFO  server.RaftServerConfigKeys (ConfUtils.java:logGet(44)) - raft.server.log.statemachine.data.caching.enabled = true (custom)
2022-04-24 04:17:02,039 [pool-478-thread-1] INFO  segmented.SegmentedRaftLogWorker (SegmentedRaftLogWorker.java:lambda$new$0(133)) - 17cdb9c6-36ab-42af-b35d-3948633e5a03@group-0CC7895F5F7C-SegmentedRaftLogWorker: flushIndex: setUnconditionally 0 -> -1
2022-04-24 04:17:02,039 [pool-478-thread-1] INFO  segmented.SegmentedRaftLogWorker (SegmentedRaftLogWorker.java:lambda$new$0(133)) - 17cdb9c6-36ab-42af-b35d-3948633e5a03@group-0CC7895F5F7C-SegmentedRaftLogWorker: safeCacheEvictIndex: setUnconditionally 0 -> -1
2022-04-24 04:17:02,045 [pool-478-thread-1] INFO  server.RaftServerConfigKeys (ConfUtils.java:logGet(44)) - raft.server.snapshot.auto.trigger.enabled = true (custom)
2022-04-24 04:17:02,045 [pool-478-thread-1] INFO  server.RaftServerConfigKeys (ConfUtils.java:logGet(44)) - raft.server.snapshot.auto.trigger.threshold = 10000 (custom)
2022-04-24 04:17:02,045 [pool-478-thread-1] INFO  server.RaftServerConfigKeys (ConfUtils.java:logGet(44)) - raft.server.snapshot.retention.file.num = 5 (custom)
2022-04-24 04:17:02,045 [pool-478-thread-1] INFO  server.RaftServerConfigKeys (ConfUtils.java:logGet(44)) - raft.server.log.purge.upto.snapshot.index = false (default)
2022-04-24 04:17:02,046 [pool-478-thread-1] INFO  server.RaftServerConfigKeys (ConfUtils.java:logGet(44)) - raft.server.retrycache.expirytime = 600000ms (custom)
2022-04-24 04:17:02,046 [pool-478-thread-1] INFO  server.RaftServerConfigKeys (ConfUtils.java:logGet(44)) - raft.server.retrycache.statistics.expirytime = 100μs (default)
2022-04-24 04:17:02,047 [pool-478-thread-1] INFO  server.RaftServer$Division (RaftServerImpl.java:start(301)) - 17cdb9c6-36ab-42af-b35d-3948633e5a03@group-0CC7895F5F7C: start as a follower, conf=-1: [e1740749-fe91-487e-b92b-84770da375d0|rpc:10.1.0.15:38503|priority:0, 17cdb9c6-36ab-42af-b35d-3948633e5a03|rpc:10.1.0.15:34029|priority:0, 07194f3d-c9eb-4893-9cab-c457c5e8e7cf|rpc:10.1.0.15:38719|priority:1], old=null
2022-04-24 04:17:02,047 [pool-478-thread-1] INFO  server.RaftServer$Division (RaftServerImpl.java:setRole(290)) - 17cdb9c6-36ab-42af-b35d-3948633e5a03@group-0CC7895F5F7C: changes role from      null to FOLLOWER at term 0 for startAsFollower
2022-04-24 04:17:02,047 [pool-478-thread-1] INFO  impl.RoleInfo (RoleInfo.java:updateAndGet(130)) - 17cdb9c6-36ab-42af-b35d-3948633e5a03: start 17cdb9c6-36ab-42af-b35d-3948633e5a03@group-0CC7895F5F7C-FollowerState
2022-04-24 04:17:02,047 [pool-478-thread-1] INFO  util.JmxRegister (JmxRegister.java:tryRegister(44)) - Successfully registered JMX Bean with object name Ratis:service=RaftServer,group=group-0CC7895F5F7C,id=17cdb9c6-36ab-42af-b35d-3948633e5a03
2022-04-24 04:17:02,055 [grpc-default-executor-0] INFO  server.RaftServer (RaftServerProxy.java:addNew(95)) - e1740749-fe91-487e-b92b-84770da375d0: addNew group-0CC7895F5F7C:[e1740749-fe91-487e-b92b-84770da375d0|rpc:10.1.0.15:38503|dataStream:|priority:0, 17cdb9c6-36ab-42af-b35d-3948633e5a03|rpc:10.1.0.15:34029|dataStream:|priority:0, 07194f3d-c9eb-4893-9cab-c457c5e8e7cf|rpc:10.1.0.15:38719|dataStream:|priority:1] returns group-0CC7895F5F7C:java.util.concurrent.CompletableFuture@2c386461[Not completed]
2022-04-24 04:17:02,055 [Command processor thread] INFO  ratis.XceiverServerRatis (XceiverServerRatis.java:addGroup(765)) - Created group PipelineID=af01b7d4-bc2f-4284-a020-0cc7895f5f7c
2022-04-24 04:17:02,074 [pool-499-thread-1] INFO  server.RaftServer$Division (RaftServerImpl.java:<init>(184)) - e1740749-fe91-487e-b92b-84770da375d0: new RaftServerImpl for group-0CC7895F5F7C:[e1740749-fe91-487e-b92b-84770da375d0|rpc:10.1.0.15:38503|dataStream:|priority:0, 17cdb9c6-36ab-42af-b35d-3948633e5a03|rpc:10.1.0.15:34029|dataStream:|priority:0, 07194f3d-c9eb-4893-9cab-c457c5e8e7cf|rpc:10.1.0.15:38719|dataStream:|priority:1] with ContainerStateMachine:uninitialized
2022-04-24 04:17:02,074 [pool-499-thread-1] INFO  server.RaftServerConfigKeys (ConfUtils.java:logGet(44)) - raft.server.rpc.timeout.min = 5s (custom)
2022-04-24 04:17:02,074 [pool-499-thread-1] INFO  server.RaftServerConfigKeys (ConfUtils.java:logGet(44)) - raft.server.rpc.timeout.max = 5200ms (custom)
2022-04-24 04:17:02,074 [pool-499-thread-1] INFO  server.RaftServerConfigKeys (ConfUtils.java:logGet(44)) - raft.server.rpc.sleep.time = 25ms (default)
2022-04-24 04:17:02,074 [pool-499-thread-1] INFO  server.RaftServerConfigKeys (ConfUtils.java:logGet(44)) - raft.server.rpc.slowness.timeout = 300s (custom)
2022-04-24 04:17:02,074 [pool-499-thread-1] INFO  server.RaftServerConfigKeys (ConfUtils.java:logGet(44)) - raft.server.leaderelection.leader.step-down.wait-time = 10s (default)
2022-04-24 04:17:02,074 [pool-499-thread-1] INFO  server.RaftServerConfigKeys (ConfUtils.java:logGet(44)) - raft.server.sleep.deviation.threshold = 300ms (default)
2022-04-24 04:17:02,075 [pool-499-thread-1] INFO  server.RaftServerConfigKeys (ConfUtils.java:logGet(44)) - raft.server.log.appender.install.snapshot.enabled = false (custom)
2022-04-24 04:17:02,075 [pool-499-thread-1] INFO  server.RaftServer$Division (ServerState.java:<init>(105)) - e1740749-fe91-487e-b92b-84770da375d0@group-0CC7895F5F7C: ConfigurationManager, init=-1: [e1740749-fe91-487e-b92b-84770da375d0|rpc:10.1.0.15:38503|dataStream:|priority:0, 17cdb9c6-36ab-42af-b35d-3948633e5a03|rpc:10.1.0.15:34029|dataStream:|priority:0, 07194f3d-c9eb-4893-9cab-c457c5e8e7cf|rpc:10.1.0.15:38719|dataStream:|priority:1], old=null, confs=<EMPTY_MAP>
2022-04-24 04:17:02,075 [pool-499-thread-1] INFO  server.RaftServerConfigKeys (ConfUtils.java:logGet(44)) - raft.server.storage.dir = [/home/runner/work/ozone/ozone/hadoop-ozone/integration-test/target/test-dir/MiniOzoneClusterImpl-83189976-e3c9-4226-841a-8dae3aba4f8d/datanode-2/data/ratis] (custom)
2022-04-24 04:17:02,075 [pool-499-thread-1] INFO  server.RaftServerConfigKeys (ConfUtils.java:logGet(44)) - raft.server.log.corruption.policy = EXCEPTION (default)
2022-04-24 04:17:02,075 [pool-499-thread-1] INFO  server.RaftServerConfigKeys (ConfUtils.java:logGet(44)) - raft.server.storage.free-space.min = 0MB (=0) (default)
2022-04-24 04:17:02,075 [pool-499-thread-1] INFO  storage.RaftStorageDirectory (RaftStorageDirectoryImpl.java:analyzeStorage(135)) - The storage directory /home/runner/work/ozone/ozone/hadoop-ozone/integration-test/target/test-dir/MiniOzoneClusterImpl-83189976-e3c9-4226-841a-8dae3aba4f8d/datanode-2/data/ratis/af01b7d4-bc2f-4284-a020-0cc7895f5f7c does not exist. Creating ...
2022-04-24 04:17:02,101 [pool-499-thread-1] INFO  storage.RaftStorageDirectory (RaftStorageDirectoryImpl.java:tryLock(230)) - Lock on /home/runner/work/ozone/ozone/hadoop-ozone/integration-test/target/test-dir/MiniOzoneClusterImpl-83189976-e3c9-4226-841a-8dae3aba4f8d/datanode-2/data/ratis/af01b7d4-bc2f-4284-a020-0cc7895f5f7c/in_use.lock acquired by nodename 18665@fv-az50-870
2022-04-24 04:17:02,102 [pool-499-thread-1] INFO  storage.RaftStorage (RaftStorageImpl.java:format(89)) - Storage directory /home/runner/work/ozone/ozone/hadoop-ozone/integration-test/target/test-dir/MiniOzoneClusterImpl-83189976-e3c9-4226-841a-8dae3aba4f8d/datanode-2/data/ratis/af01b7d4-bc2f-4284-a020-0cc7895f5f7c has been successfully formatted.
2022-04-24 04:17:02,103 [pool-499-thread-1] INFO  ratis.ContainerStateMachine (ContainerStateMachine.java:loadSnapshot(236)) - group-0CC7895F5F7C: The snapshot info is null. Setting the last applied indexto:(t:0, i:~)
2022-04-24 04:17:02,103 [pool-499-thread-1] INFO  server.RaftServerConfigKeys (ConfUtils.java:logGet(44)) - raft.server.notification.no-leader.timeout = 300s (custom)
2022-04-24 04:17:02,103 [pool-499-thread-1] INFO  server.RaftServerConfigKeys (ConfUtils.java:logGet(44)) - raft.server.log.use.memory = false (default)
2022-04-24 04:17:02,103 [pool-499-thread-1] INFO  server.RaftServerConfigKeys (ConfUtils.java:logGet(44)) - raft.server.log.purge.gap = 1000000 (custom)
2022-04-24 04:17:02,103 [pool-499-thread-1] INFO  server.RaftServerConfigKeys (ConfUtils.java:logGet(44)) - raft.server.log.appender.buffer.byte-limit = 33554432 (custom)
2022-04-24 04:17:02,104 [pool-499-thread-1] INFO  server.RaftServerConfigKeys (ConfUtils.java:logGet(44)) - raft.server.log.segment.size.max = 1048576 (custom)
2022-04-24 04:17:02,104 [pool-499-thread-1] INFO  server.RaftServerConfigKeys (ConfUtils.java:logGet(44)) - raft.server.log.segment.cache.num.max = 2 (custom)
2022-04-24 04:17:02,104 [pool-499-thread-1] INFO  server.RaftServerConfigKeys (ConfUtils.java:logGet(44)) - raft.server.log.segment.cache.size.max = 200MB (=209715200) (default)
2022-04-24 04:17:02,104 [pool-499-thread-1] INFO  segmented.SegmentedRaftLogWorker (SegmentedRaftLogWorker.java:<init>(182)) - new e1740749-fe91-487e-b92b-84770da375d0@group-0CC7895F5F7C-SegmentedRaftLogWorker for RaftStorageImpl:Storage Directory /home/runner/work/ozone/ozone/hadoop-ozone/integration-test/target/test-dir/MiniOzoneClusterImpl-83189976-e3c9-4226-841a-8dae3aba4f8d/datanode-2/data/ratis/af01b7d4-bc2f-4284-a020-0cc7895f5f7c
2022-04-24 04:17:02,104 [pool-499-thread-1] INFO  server.RaftServerConfigKeys (ConfUtils.java:logGet(44)) - raft.server.log.queue.byte-limit = 4294967296 (custom)
2022-04-24 04:17:02,104 [pool-499-thread-1] INFO  server.RaftServerConfigKeys (ConfUtils.java:logGet(44)) - raft.server.log.queue.element-limit = 1024 (custom)
2022-04-24 04:17:02,104 [pool-499-thread-1] INFO  server.RaftServerConfigKeys (ConfUtils.java:logGet(44)) - raft.server.log.segment.size.max = 1048576 (custom)
2022-04-24 04:17:02,104 [pool-499-thread-1] INFO  server.RaftServerConfigKeys (ConfUtils.java:logGet(44)) - raft.server.log.preallocated.size = 16384 (custom)
2022-04-24 04:17:02,105 [pool-499-thread-1] INFO  server.RaftServerConfigKeys (ConfUtils.java:logGet(44)) - raft.server.log.force.sync.num = 128 (default)
2022-04-24 04:17:02,105 [pool-499-thread-1] INFO  server.RaftServerConfigKeys (ConfUtils.java:logGet(44)) - raft.server.log.statemachine.data.sync = true (default)
2022-04-24 04:17:02,105 [pool-499-thread-1] INFO  server.RaftServerConfigKeys (ConfUtils.java:logGet(44)) - raft.server.log.statemachine.data.sync.timeout = 10s (default)
2022-04-24 04:17:02,105 [pool-499-thread-1] INFO  server.RaftServerConfigKeys (ConfUtils.java:logGet(44)) - raft.server.log.statemachine.data.sync.timeout.retry = -1 (default)
2022-04-24 04:17:02,106 [pool-499-thread-1] INFO  server.RaftServerConfigKeys (ConfUtils.java:logGet(44)) - raft.server.log.write.buffer.size = 1048576 (custom)
2022-04-24 04:17:02,107 [pool-499-thread-1] INFO  server.RaftServerConfigKeys (ConfUtils.java:logGet(44)) - raft.server.log.statemachine.data.caching.enabled = true (custom)
2022-04-24 04:17:02,107 [pool-499-thread-1] INFO  segmented.SegmentedRaftLogWorker (SegmentedRaftLogWorker.java:lambda$new$0(133)) - e1740749-fe91-487e-b92b-84770da375d0@group-0CC7895F5F7C-SegmentedRaftLogWorker: flushIndex: setUnconditionally 0 -> -1
2022-04-24 04:17:02,107 [pool-499-thread-1] INFO  segmented.SegmentedRaftLogWorker (SegmentedRaftLogWorker.java:lambda$new$0(133)) - e1740749-fe91-487e-b92b-84770da375d0@group-0CC7895F5F7C-SegmentedRaftLogWorker: safeCacheEvictIndex: setUnconditionally 0 -> -1
2022-04-24 04:17:02,145 [pool-499-thread-1] INFO  server.RaftServerConfigKeys (ConfUtils.java:logGet(44)) - raft.server.snapshot.auto.trigger.enabled = true (custom)
2022-04-24 04:17:02,145 [pool-499-thread-1] INFO  server.RaftServerConfigKeys (ConfUtils.java:logGet(44)) - raft.server.snapshot.auto.trigger.threshold = 10000 (custom)
2022-04-24 04:17:02,145 [pool-499-thread-1] INFO  server.RaftServerConfigKeys (ConfUtils.java:logGet(44)) - raft.server.snapshot.retention.file.num = 5 (custom)
2022-04-24 04:17:02,145 [pool-499-thread-1] INFO  server.RaftServerConfigKeys (ConfUtils.java:logGet(44)) - raft.server.log.purge.upto.snapshot.index = false (default)
2022-04-24 04:17:02,145 [pool-499-thread-1] INFO  server.RaftServerConfigKeys (ConfUtils.java:logGet(44)) - raft.server.retrycache.expirytime = 600000ms (custom)
2022-04-24 04:17:02,145 [pool-499-thread-1] INFO  server.RaftServerConfigKeys (ConfUtils.java:logGet(44)) - raft.server.retrycache.statistics.expirytime = 100μs (default)
2022-04-24 04:17:02,146 [pool-499-thread-1] INFO  server.RaftServer$Division (RaftServerImpl.java:start(301)) - e1740749-fe91-487e-b92b-84770da375d0@group-0CC7895F5F7C: start as a follower, conf=-1: [e1740749-fe91-487e-b92b-84770da375d0|rpc:10.1.0.15:38503|dataStream:|priority:0, 17cdb9c6-36ab-42af-b35d-3948633e5a03|rpc:10.1.0.15:34029|dataStream:|priority:0, 07194f3d-c9eb-4893-9cab-c457c5e8e7cf|rpc:10.1.0.15:38719|dataStream:|priority:1], old=null
2022-04-24 04:17:02,146 [pool-499-thread-1] INFO  server.RaftServer$Division (RaftServerImpl.java:setRole(290)) - e1740749-fe91-487e-b92b-84770da375d0@group-0CC7895F5F7C: changes role from      null to FOLLOWER at term 0 for startAsFollower
2022-04-24 04:17:02,146 [pool-499-thread-1] INFO  impl.RoleInfo (RoleInfo.java:updateAndGet(130)) - e1740749-fe91-487e-b92b-84770da375d0: start e1740749-fe91-487e-b92b-84770da375d0@group-0CC7895F5F7C-FollowerState
2022-04-24 04:17:02,153 [pool-499-thread-1] INFO  util.JmxRegister (JmxRegister.java:tryRegister(44)) - Successfully registered JMX Bean with object name Ratis:service=RaftServer,group=group-0CC7895F5F7C,id=e1740749-fe91-487e-b92b-84770da375d0
2022-04-24 04:17:02,250 [Command processor thread] INFO  commandhandler.CreatePipelineCommandHandler (CreatePipelineCommandHandler.java:handle(113)) - Created Pipeline RATIS THREE PipelineID=af01b7d4-bc2f-4284-a020-0cc7895f5f7c.
2022-04-24 04:17:02,301 [Command processor thread] INFO  commandhandler.CreatePipelineCommandHandler (CreatePipelineCommandHandler.java:handle(113)) - Created Pipeline RATIS THREE PipelineID=af01b7d4-bc2f-4284-a020-0cc7895f5f7c.
2022-04-24 04:17:02,311 [Listener at 127.0.0.1/45981] INFO  ozone.MiniOzoneClusterImpl (MiniOzoneClusterImpl.java:lambda$waitForClusterToBeReady$0(221)) - Nodes are ready. Got 5 of 5 DN Heartbeats.
2022-04-24 04:17:02,311 [Listener at 127.0.0.1/45981] INFO  ozone.MiniOzoneClusterImpl (MiniOzoneClusterImpl.java:lambda$waitForClusterToBeReady$0(224)) - Waiting for cluster to exit safe mode
2022-04-24 04:17:02,311 [Listener at 127.0.0.1/45981] INFO  ozone.MiniOzoneClusterImpl (MiniOzoneClusterImpl.java:lambda$waitForClusterToBeReady$0(226)) - SCM became leader
2022-04-24 04:17:02,390 [Command processor thread] INFO  server.RaftServer (RaftServerProxy.java:addNew(95)) - e1740749-fe91-487e-b92b-84770da375d0: addNew group-C93319A1F28A:[e1740749-fe91-487e-b92b-84770da375d0|rpc:10.1.0.15:38503|priority:1] returns group-C93319A1F28A:java.util.concurrent.CompletableFuture@39d04397[Not completed]
2022-04-24 04:17:02,391 [pool-499-thread-1] INFO  server.RaftServer$Division (RaftServerImpl.java:<init>(184)) - e1740749-fe91-487e-b92b-84770da375d0: new RaftServerImpl for group-C93319A1F28A:[e1740749-fe91-487e-b92b-84770da375d0|rpc:10.1.0.15:38503|priority:1] with ContainerStateMachine:uninitialized
2022-04-24 04:17:02,391 [pool-499-thread-1] INFO  server.RaftServerConfigKeys (ConfUtils.java:logGet(44)) - raft.server.rpc.timeout.min = 5s (custom)
2022-04-24 04:17:02,392 [pool-499-thread-1] INFO  server.RaftServerConfigKeys (ConfUtils.java:logGet(44)) - raft.server.rpc.timeout.max = 5200ms (custom)
2022-04-24 04:17:02,392 [pool-499-thread-1] INFO  server.RaftServerConfigKeys (ConfUtils.java:logGet(44)) - raft.server.rpc.sleep.time = 25ms (default)
2022-04-24 04:17:02,392 [pool-499-thread-1] INFO  server.RaftServerConfigKeys (ConfUtils.java:logGet(44)) - raft.server.rpc.slowness.timeout = 300s (custom)
2022-04-24 04:17:02,392 [pool-499-thread-1] INFO  server.RaftServerConfigKeys (ConfUtils.java:logGet(44)) - raft.server.leaderelection.leader.step-down.wait-time = 10s (default)
2022-04-24 04:17:02,392 [pool-499-thread-1] INFO  server.RaftServerConfigKeys (ConfUtils.java:logGet(44)) - raft.server.sleep.deviation.threshold = 300ms (default)
2022-04-24 04:17:02,392 [pool-499-thread-1] INFO  server.RaftServerConfigKeys (ConfUtils.java:logGet(44)) - raft.server.log.appender.install.snapshot.enabled = false (custom)
2022-04-24 04:17:02,392 [pool-499-thread-1] INFO  server.RaftServer$Division (ServerState.java:<init>(105)) - e1740749-fe91-487e-b92b-84770da375d0@group-C93319A1F28A: ConfigurationManager, init=-1: [e1740749-fe91-487e-b92b-84770da375d0|rpc:10.1.0.15:38503|priority:1], old=null, confs=<EMPTY_MAP>
2022-04-24 04:17:02,392 [pool-499-thread-1] INFO  server.RaftServerConfigKeys (ConfUtils.java:logGet(44)) - raft.server.storage.dir = [/home/runner/work/ozone/ozone/hadoop-ozone/integration-test/target/test-dir/MiniOzoneClusterImpl-83189976-e3c9-4226-841a-8dae3aba4f8d/datanode-2/data/ratis] (custom)
2022-04-24 04:17:02,392 [pool-499-thread-1] INFO  server.RaftServerConfigKeys (ConfUtils.java:logGet(44)) - raft.server.log.corruption.policy = EXCEPTION (default)
2022-04-24 04:17:02,392 [pool-499-thread-1] INFO  server.RaftServerConfigKeys (ConfUtils.java:logGet(44)) - raft.server.storage.free-space.min = 0MB (=0) (default)
2022-04-24 04:17:02,392 [pool-499-thread-1] INFO  storage.RaftStorageDirectory (RaftStorageDirectoryImpl.java:analyzeStorage(135)) - The storage directory /home/runner/work/ozone/ozone/hadoop-ozone/integration-test/target/test-dir/MiniOzoneClusterImpl-83189976-e3c9-4226-841a-8dae3aba4f8d/datanode-2/data/ratis/2ac12360-71f7-4f36-b3a4-c93319a1f28a does not exist. Creating ...
2022-04-24 04:17:02,393 [pool-499-thread-1] INFO  storage.RaftStorageDirectory (RaftStorageDirectoryImpl.java:tryLock(230)) - Lock on /home/runner/work/ozone/ozone/hadoop-ozone/integration-test/target/test-dir/MiniOzoneClusterImpl-83189976-e3c9-4226-841a-8dae3aba4f8d/datanode-2/data/ratis/2ac12360-71f7-4f36-b3a4-c93319a1f28a/in_use.lock acquired by nodename 18665@fv-az50-870
2022-04-24 04:17:02,400 [pool-499-thread-1] INFO  storage.RaftStorage (RaftStorageImpl.java:format(89)) - Storage directory /home/runner/work/ozone/ozone/hadoop-ozone/integration-test/target/test-dir/MiniOzoneClusterImpl-83189976-e3c9-4226-841a-8dae3aba4f8d/datanode-2/data/ratis/2ac12360-71f7-4f36-b3a4-c93319a1f28a has been successfully formatted.
2022-04-24 04:17:02,400 [pool-499-thread-1] INFO  ratis.ContainerStateMachine (ContainerStateMachine.java:loadSnapshot(236)) - group-C93319A1F28A: The snapshot info is null. Setting the last applied indexto:(t:0, i:~)
2022-04-24 04:17:02,401 [pool-499-thread-1] INFO  server.RaftServerConfigKeys (ConfUtils.java:logGet(44)) - raft.server.notification.no-leader.timeout = 300s (custom)
2022-04-24 04:17:02,401 [pool-499-thread-1] INFO  server.RaftServerConfigKeys (ConfUtils.java:logGet(44)) - raft.server.log.use.memory = false (default)
2022-04-24 04:17:02,401 [pool-499-thread-1] INFO  server.RaftServerConfigKeys (ConfUtils.java:logGet(44)) - raft.server.log.purge.gap = 1000000 (custom)
2022-04-24 04:17:02,401 [pool-499-thread-1] INFO  server.RaftServerConfigKeys (ConfUtils.java:logGet(44)) - raft.server.log.appender.buffer.byte-limit = 33554432 (custom)
2022-04-24 04:17:02,401 [pool-499-thread-1] INFO  server.RaftServerConfigKeys (ConfUtils.java:logGet(44)) - raft.server.log.segment.size.max = 1048576 (custom)
2022-04-24 04:17:02,402 [EventQueue-PipelineReportForPipelineReportHandler] INFO  pipeline.PipelineManagerImpl (PipelineManagerImpl.java:openPipeline(321)) - Pipeline Pipeline[ Id: 2ac12360-71f7-4f36-b3a4-c93319a1f28a, Nodes: e1740749-fe91-487e-b92b-84770da375d0{ip: 10.1.0.15, host: fv-az50-870.grzltbmokehuzjyc5b133kdqgh.cx.internal.cloudapp.net, ports: [REPLICATION=38359, RATIS=38503, RATIS_ADMIN=38503, RATIS_SERVER=38503, STANDALONE=46271], networkLocation: /default-rack, certSerialId: null, persistedOpState: IN_SERVICE, persistedOpStateExpiryEpochSec: 0}, ReplicationConfig: RATIS/ONE, State:ALLOCATED, leaderId:e1740749-fe91-487e-b92b-84770da375d0, CreationTimestamp2022-04-24T04:16:59.394Z[Etc/UTC]] moved to OPEN state
2022-04-24 04:17:02,404 [EventQueue-OpenPipelineForHealthyPipelineSafeModeRule] INFO  safemode.SCMSafeModeManager (HealthyPipelineSafeModeRule.java:process(124)) - SCM in safe mode. Healthy pipelines reported count is 0, required healthy pipeline reported count is 1
2022-04-24 04:17:02,404 [pool-499-thread-1] INFO  server.RaftServerConfigKeys (ConfUtils.java:logGet(44)) - raft.server.log.segment.cache.num.max = 2 (custom)
2022-04-24 04:17:02,408 [pool-499-thread-1] INFO  server.RaftServerConfigKeys (ConfUtils.java:logGet(44)) - raft.server.log.segment.cache.size.max = 200MB (=209715200) (default)
2022-04-24 04:17:02,408 [pool-499-thread-1] INFO  segmented.SegmentedRaftLogWorker (SegmentedRaftLogWorker.java:<init>(182)) - new e1740749-fe91-487e-b92b-84770da375d0@group-C93319A1F28A-SegmentedRaftLogWorker for RaftStorageImpl:Storage Directory /home/runner/work/ozone/ozone/hadoop-ozone/integration-test/target/test-dir/MiniOzoneClusterImpl-83189976-e3c9-4226-841a-8dae3aba4f8d/datanode-2/data/ratis/2ac12360-71f7-4f36-b3a4-c93319a1f28a
2022-04-24 04:17:02,408 [pool-499-thread-1] INFO  server.RaftServerConfigKeys (ConfUtils.java:logGet(44)) - raft.server.log.queue.byte-limit = 4294967296 (custom)
2022-04-24 04:17:02,408 [pool-499-thread-1] INFO  server.RaftServerConfigKeys (ConfUtils.java:logGet(44)) - raft.server.log.queue.element-limit = 1024 (custom)
2022-04-24 04:17:02,408 [pool-499-thread-1] INFO  server.RaftServerConfigKeys (ConfUtils.java:logGet(44)) - raft.server.log.segment.size.max = 1048576 (custom)
2022-04-24 04:17:02,408 [pool-499-thread-1] INFO  server.RaftServerConfigKeys (ConfUtils.java:logGet(44)) - raft.server.log.preallocated.size = 16384 (custom)
2022-04-24 04:17:02,408 [pool-499-thread-1] INFO  server.RaftServerConfigKeys (ConfUtils.java:logGet(44)) - raft.server.log.force.sync.num = 128 (default)
2022-04-24 04:17:02,408 [pool-499-thread-1] INFO  server.RaftServerConfigKeys (ConfUtils.java:logGet(44)) - raft.server.log.statemachine.data.sync = true (default)
2022-04-24 04:17:02,408 [pool-499-thread-1] INFO  server.RaftServerConfigKeys (ConfUtils.java:logGet(44)) - raft.server.log.statemachine.data.sync.timeout = 10s (default)
2022-04-24 04:17:02,408 [pool-499-thread-1] INFO  server.RaftServerConfigKeys (ConfUtils.java:logGet(44)) - raft.server.log.statemachine.data.sync.timeout.retry = -1 (default)
2022-04-24 04:17:02,409 [pool-499-thread-1] INFO  server.RaftServerConfigKeys (ConfUtils.java:logGet(44)) - raft.server.log.write.buffer.size = 1048576 (custom)
2022-04-24 04:17:02,414 [pool-499-thread-1] INFO  server.RaftServerConfigKeys (ConfUtils.java:logGet(44)) - raft.server.log.statemachine.data.caching.enabled = true (custom)
2022-04-24 04:17:02,414 [pool-499-thread-1] INFO  segmented.SegmentedRaftLogWorker (SegmentedRaftLogWorker.java:lambda$new$0(133)) - e1740749-fe91-487e-b92b-84770da375d0@group-C93319A1F28A-SegmentedRaftLogWorker: flushIndex: setUnconditionally 0 -> -1
2022-04-24 04:17:02,414 [pool-499-thread-1] INFO  segmented.SegmentedRaftLogWorker (SegmentedRaftLogWorker.java:lambda$new$0(133)) - e1740749-fe91-487e-b92b-84770da375d0@group-C93319A1F28A-SegmentedRaftLogWorker: safeCacheEvictIndex: setUnconditionally 0 -> -1
2022-04-24 04:17:02,418 [pool-499-thread-1] INFO  server.RaftServerConfigKeys (ConfUtils.java:logGet(44)) - raft.server.snapshot.auto.trigger.enabled = true (custom)
2022-04-24 04:17:02,418 [pool-499-thread-1] INFO  server.RaftServerConfigKeys (ConfUtils.java:logGet(44)) - raft.server.snapshot.auto.trigger.threshold = 10000 (custom)
2022-04-24 04:17:02,418 [pool-499-thread-1] INFO  server.RaftServerConfigKeys (ConfUtils.java:logGet(44)) - raft.server.snapshot.retention.file.num = 5 (custom)
2022-04-24 04:17:02,418 [pool-499-thread-1] INFO  server.RaftServerConfigKeys (ConfUtils.java:logGet(44)) - raft.server.log.purge.upto.snapshot.index = false (default)
2022-04-24 04:17:02,418 [pool-499-thread-1] INFO  server.RaftServerConfigKeys (ConfUtils.java:logGet(44)) - raft.server.retrycache.expirytime = 600000ms (custom)
2022-04-24 04:17:02,418 [pool-499-thread-1] INFO  server.RaftServerConfigKeys (ConfUtils.java:logGet(44)) - raft.server.retrycache.statistics.expirytime = 100μs (default)
2022-04-24 04:17:02,419 [pool-499-thread-1] INFO  server.RaftServer$Division (RaftServerImpl.java:start(301)) - e1740749-fe91-487e-b92b-84770da375d0@group-C93319A1F28A: start as a follower, conf=-1: [e1740749-fe91-487e-b92b-84770da375d0|rpc:10.1.0.15:38503|priority:1], old=null
2022-04-24 04:17:02,420 [pool-499-thread-1] INFO  server.RaftServer$Division (RaftServerImpl.java:setRole(290)) - e1740749-fe91-487e-b92b-84770da375d0@group-C93319A1F28A: changes role from      null to FOLLOWER at term 0 for startAsFollower
2022-04-24 04:17:02,420 [pool-499-thread-1] INFO  impl.RoleInfo (RoleInfo.java:updateAndGet(130)) - e1740749-fe91-487e-b92b-84770da375d0: start e1740749-fe91-487e-b92b-84770da375d0@group-C93319A1F28A-FollowerState
2022-04-24 04:17:02,428 [pool-499-thread-1] INFO  util.JmxRegister (JmxRegister.java:tryRegister(44)) - Successfully registered JMX Bean with object name Ratis:service=RaftServer,group=group-C93319A1F28A,id=e1740749-fe91-487e-b92b-84770da375d0
2022-04-24 04:17:02,437 [Command processor thread] INFO  ratis.XceiverServerRatis (XceiverServerRatis.java:addGroup(765)) - Created group PipelineID=2ac12360-71f7-4f36-b3a4-c93319a1f28a
2022-04-24 04:17:02,437 [Command processor thread] INFO  commandhandler.CreatePipelineCommandHandler (CreatePipelineCommandHandler.java:handle(113)) - Created Pipeline RATIS ONE PipelineID=2ac12360-71f7-4f36-b3a4-c93319a1f28a.
2022-04-24 04:17:02,938 [Command processor thread] INFO  server.RaftServer (RaftServerProxy.java:addNew(95)) - 54e7648f-2930-4d31-a354-11192bb944d6: addNew group-7DB8B539C621:[54e7648f-2930-4d31-a354-11192bb944d6|rpc:10.1.0.15:36625|priority:1] returns group-7DB8B539C621:java.util.concurrent.CompletableFuture@1b9a6800[Not completed]
2022-04-24 04:17:02,950 [pool-520-thread-1] INFO  server.RaftServer$Division (RaftServerImpl.java:<init>(184)) - 54e7648f-2930-4d31-a354-11192bb944d6: new RaftServerImpl for group-7DB8B539C621:[54e7648f-2930-4d31-a354-11192bb944d6|rpc:10.1.0.15:36625|priority:1] with ContainerStateMachine:uninitialized
2022-04-24 04:17:02,962 [pool-520-thread-1] INFO  server.RaftServerConfigKeys (ConfUtils.java:logGet(44)) - raft.server.rpc.timeout.min = 5s (custom)
2022-04-24 04:17:02,962 [pool-520-thread-1] INFO  server.RaftServerConfigKeys (ConfUtils.java:logGet(44)) - raft.server.rpc.timeout.max = 5200ms (custom)
2022-04-24 04:17:02,962 [pool-520-thread-1] INFO  server.RaftServerConfigKeys (ConfUtils.java:logGet(44)) - raft.server.rpc.sleep.time = 25ms (default)
2022-04-24 04:17:02,962 [pool-520-thread-1] INFO  server.RaftServerConfigKeys (ConfUtils.java:logGet(44)) - raft.server.rpc.slowness.timeout = 300s (custom)
2022-04-24 04:17:02,962 [pool-520-thread-1] INFO  server.RaftServerConfigKeys (ConfUtils.java:logGet(44)) - raft.server.leaderelection.leader.step-down.wait-time = 10s (default)
2022-04-24 04:17:02,962 [pool-520-thread-1] INFO  server.RaftServerConfigKeys (ConfUtils.java:logGet(44)) - raft.server.sleep.deviation.threshold = 300ms (default)
2022-04-24 04:17:02,962 [pool-520-thread-1] INFO  server.RaftServerConfigKeys (ConfUtils.java:logGet(44)) - raft.server.log.appender.install.snapshot.enabled = false (custom)
2022-04-24 04:17:02,962 [pool-520-thread-1] INFO  server.RaftServer$Division (ServerState.java:<init>(105)) - 54e7648f-2930-4d31-a354-11192bb944d6@group-7DB8B539C621: ConfigurationManager, init=-1: [54e7648f-2930-4d31-a354-11192bb944d6|rpc:10.1.0.15:36625|priority:1], old=null, confs=<EMPTY_MAP>
2022-04-24 04:17:02,963 [pool-520-thread-1] INFO  server.RaftServerConfigKeys (ConfUtils.java:logGet(44)) - raft.server.storage.dir = [/home/runner/work/ozone/ozone/hadoop-ozone/integration-test/target/test-dir/MiniOzoneClusterImpl-83189976-e3c9-4226-841a-8dae3aba4f8d/datanode-3/data/ratis] (custom)
2022-04-24 04:17:02,963 [pool-520-thread-1] INFO  server.RaftServerConfigKeys (ConfUtils.java:logGet(44)) - raft.server.log.corruption.policy = EXCEPTION (default)
2022-04-24 04:17:02,963 [pool-520-thread-1] INFO  server.RaftServerConfigKeys (ConfUtils.java:logGet(44)) - raft.server.storage.free-space.min = 0MB (=0) (default)
2022-04-24 04:17:02,963 [pool-520-thread-1] INFO  storage.RaftStorageDirectory (RaftStorageDirectoryImpl.java:analyzeStorage(135)) - The storage directory /home/runner/work/ozone/ozone/hadoop-ozone/integration-test/target/test-dir/MiniOzoneClusterImpl-83189976-e3c9-4226-841a-8dae3aba4f8d/datanode-3/data/ratis/97b49c42-f93a-477e-8e2f-7db8b539c621 does not exist. Creating ...
2022-04-24 04:17:02,964 [pool-520-thread-1] INFO  storage.RaftStorageDirectory (RaftStorageDirectoryImpl.java:tryLock(230)) - Lock on /home/runner/work/ozone/ozone/hadoop-ozone/integration-test/target/test-dir/MiniOzoneClusterImpl-83189976-e3c9-4226-841a-8dae3aba4f8d/datanode-3/data/ratis/97b49c42-f93a-477e-8e2f-7db8b539c621/in_use.lock acquired by nodename 18665@fv-az50-870
2022-04-24 04:17:02,965 [pool-520-thread-1] INFO  storage.RaftStorage (RaftStorageImpl.java:format(89)) - Storage directory /home/runner/work/ozone/ozone/hadoop-ozone/integration-test/target/test-dir/MiniOzoneClusterImpl-83189976-e3c9-4226-841a-8dae3aba4f8d/datanode-3/data/ratis/97b49c42-f93a-477e-8e2f-7db8b539c621 has been successfully formatted.
2022-04-24 04:17:02,990 [pool-520-thread-1] INFO  ratis.ContainerStateMachine (ContainerStateMachine.java:loadSnapshot(236)) - group-7DB8B539C621: The snapshot info is null. Setting the last applied indexto:(t:0, i:~)
2022-04-24 04:17:02,990 [pool-520-thread-1] INFO  server.RaftServerConfigKeys (ConfUtils.java:logGet(44)) - raft.server.notification.no-leader.timeout = 300s (custom)
2022-04-24 04:17:02,990 [pool-520-thread-1] INFO  server.RaftServerConfigKeys (ConfUtils.java:logGet(44)) - raft.server.log.use.memory = false (default)
2022-04-24 04:17:02,991 [EventQueue-PipelineReportForPipelineReportHandler] INFO  pipeline.PipelineManagerImpl (PipelineManagerImpl.java:openPipeline(321)) - Pipeline Pipeline[ Id: 97b49c42-f93a-477e-8e2f-7db8b539c621, Nodes: 54e7648f-2930-4d31-a354-11192bb944d6{ip: 10.1.0.15, host: fv-az50-870.grzltbmokehuzjyc5b133kdqgh.cx.internal.cloudapp.net, ports: [REPLICATION=41293, RATIS=36625, RATIS_ADMIN=36625, RATIS_SERVER=36625, STANDALONE=41343], networkLocation: /default-rack, certSerialId: null, persistedOpState: IN_SERVICE, persistedOpStateExpiryEpochSec: 0}, ReplicationConfig: RATIS/ONE, State:ALLOCATED, leaderId:54e7648f-2930-4d31-a354-11192bb944d6, CreationTimestamp2022-04-24T04:16:59.929Z[Etc/UTC]] moved to OPEN state
2022-04-24 04:17:02,991 [EventQueue-OpenPipelineForHealthyPipelineSafeModeRule] INFO  safemode.SCMSafeModeManager (HealthyPipelineSafeModeRule.java:process(124)) - SCM in safe mode. Healthy pipelines reported count is 0, required healthy pipeline reported count is 1
2022-04-24 04:17:02,991 [pool-520-thread-1] INFO  server.RaftServerConfigKeys (ConfUtils.java:logGet(44)) - raft.server.log.purge.gap = 1000000 (custom)
2022-04-24 04:17:03,004 [pool-520-thread-1] INFO  server.RaftServerConfigKeys (ConfUtils.java:logGet(44)) - raft.server.log.appender.buffer.byte-limit = 33554432 (custom)
2022-04-24 04:17:03,004 [pool-520-thread-1] INFO  server.RaftServerConfigKeys (ConfUtils.java:logGet(44)) - raft.server.log.segment.size.max = 1048576 (custom)
2022-04-24 04:17:03,005 [pool-520-thread-1] INFO  server.RaftServerConfigKeys (ConfUtils.java:logGet(44)) - raft.server.log.segment.cache.num.max = 2 (custom)
2022-04-24 04:17:03,005 [pool-520-thread-1] INFO  server.RaftServerConfigKeys (ConfUtils.java:logGet(44)) - raft.server.log.segment.cache.size.max = 200MB (=209715200) (default)
2022-04-24 04:17:03,005 [pool-520-thread-1] INFO  segmented.SegmentedRaftLogWorker (SegmentedRaftLogWorker.java:<init>(182)) - new 54e7648f-2930-4d31-a354-11192bb944d6@group-7DB8B539C621-SegmentedRaftLogWorker for RaftStorageImpl:Storage Directory /home/runner/work/ozone/ozone/hadoop-ozone/integration-test/target/test-dir/MiniOzoneClusterImpl-83189976-e3c9-4226-841a-8dae3aba4f8d/datanode-3/data/ratis/97b49c42-f93a-477e-8e2f-7db8b539c621
2022-04-24 04:17:03,005 [pool-520-thread-1] INFO  server.RaftServerConfigKeys (ConfUtils.java:logGet(44)) - raft.server.log.queue.byte-limit = 4294967296 (custom)
2022-04-24 04:17:03,005 [pool-520-thread-1] INFO  server.RaftServerConfigKeys (ConfUtils.java:logGet(44)) - raft.server.log.queue.element-limit = 1024 (custom)
2022-04-24 04:17:03,005 [pool-520-thread-1] INFO  server.RaftServerConfigKeys (ConfUtils.java:logGet(44)) - raft.server.log.segment.size.max = 1048576 (custom)
2022-04-24 04:17:03,005 [pool-520-thread-1] INFO  server.RaftServerConfigKeys (ConfUtils.java:logGet(44)) - raft.server.log.preallocated.size = 16384 (custom)
2022-04-24 04:17:03,005 [pool-520-thread-1] INFO  server.RaftServerConfigKeys (ConfUtils.java:logGet(44)) - raft.server.log.force.sync.num = 128 (default)
2022-04-24 04:17:03,005 [pool-520-thread-1] INFO  server.RaftServerConfigKeys (ConfUtils.java:logGet(44)) - raft.server.log.statemachine.data.sync = true (default)
2022-04-24 04:17:03,005 [pool-520-thread-1] INFO  server.RaftServerConfigKeys (ConfUtils.java:logGet(44)) - raft.server.log.statemachine.data.sync.timeout = 10s (default)
2022-04-24 04:17:03,005 [pool-520-thread-1] INFO  server.RaftServerConfigKeys (ConfUtils.java:logGet(44)) - raft.server.log.statemachine.data.sync.timeout.retry = -1 (default)
2022-04-24 04:17:03,006 [pool-520-thread-1] INFO  server.RaftServerConfigKeys (ConfUtils.java:logGet(44)) - raft.server.log.write.buffer.size = 1048576 (custom)
2022-04-24 04:17:03,014 [pool-520-thread-1] INFO  server.RaftServerConfigKeys (ConfUtils.java:logGet(44)) - raft.server.log.statemachine.data.caching.enabled = true (custom)
2022-04-24 04:17:03,024 [pool-520-thread-1] INFO  segmented.SegmentedRaftLogWorker (SegmentedRaftLogWorker.java:lambda$new$0(133)) - 54e7648f-2930-4d31-a354-11192bb944d6@group-7DB8B539C621-SegmentedRaftLogWorker: flushIndex: setUnconditionally 0 -> -1
2022-04-24 04:17:03,024 [pool-520-thread-1] INFO  segmented.SegmentedRaftLogWorker (SegmentedRaftLogWorker.java:lambda$new$0(133)) - 54e7648f-2930-4d31-a354-11192bb944d6@group-7DB8B539C621-SegmentedRaftLogWorker: safeCacheEvictIndex: setUnconditionally 0 -> -1
2022-04-24 04:17:03,034 [pool-520-thread-1] INFO  server.RaftServerConfigKeys (ConfUtils.java:logGet(44)) - raft.server.snapshot.auto.trigger.enabled = true (custom)
2022-04-24 04:17:03,034 [pool-520-thread-1] INFO  server.RaftServerConfigKeys (ConfUtils.java:logGet(44)) - raft.server.snapshot.auto.trigger.threshold = 10000 (custom)
2022-04-24 04:17:03,034 [pool-520-thread-1] INFO  server.RaftServerConfigKeys (ConfUtils.java:logGet(44)) - raft.server.snapshot.retention.file.num = 5 (custom)
2022-04-24 04:17:03,034 [pool-520-thread-1] INFO  server.RaftServerConfigKeys (ConfUtils.java:logGet(44)) - raft.server.log.purge.upto.snapshot.index = false (default)
2022-04-24 04:17:03,034 [pool-520-thread-1] INFO  server.RaftServerConfigKeys (ConfUtils.java:logGet(44)) - raft.server.retrycache.expirytime = 600000ms (custom)
2022-04-24 04:17:03,034 [pool-520-thread-1] INFO  server.RaftServerConfigKeys (ConfUtils.java:logGet(44)) - raft.server.retrycache.statistics.expirytime = 100μs (default)
2022-04-24 04:17:03,035 [pool-520-thread-1] INFO  server.RaftServer$Division (RaftServerImpl.java:start(301)) - 54e7648f-2930-4d31-a354-11192bb944d6@group-7DB8B539C621: start as a follower, conf=-1: [54e7648f-2930-4d31-a354-11192bb944d6|rpc:10.1.0.15:36625|priority:1], old=null
2022-04-24 04:17:03,035 [pool-520-thread-1] INFO  server.RaftServer$Division (RaftServerImpl.java:setRole(290)) - 54e7648f-2930-4d31-a354-11192bb944d6@group-7DB8B539C621: changes role from      null to FOLLOWER at term 0 for startAsFollower
2022-04-24 04:17:03,036 [pool-520-thread-1] INFO  impl.RoleInfo (RoleInfo.java:updateAndGet(130)) - 54e7648f-2930-4d31-a354-11192bb944d6: start 54e7648f-2930-4d31-a354-11192bb944d6@group-7DB8B539C621-FollowerState
2022-04-24 04:17:03,036 [pool-520-thread-1] INFO  util.JmxRegister (JmxRegister.java:tryRegister(44)) - Successfully registered JMX Bean with object name Ratis:service=RaftServer,group=group-7DB8B539C621,id=54e7648f-2930-4d31-a354-11192bb944d6
2022-04-24 04:17:03,041 [Command processor thread] INFO  ratis.XceiverServerRatis (XceiverServerRatis.java:addGroup(765)) - Created group PipelineID=97b49c42-f93a-477e-8e2f-7db8b539c621
2022-04-24 04:17:03,042 [Command processor thread] INFO  commandhandler.CreatePipelineCommandHandler (CreatePipelineCommandHandler.java:handle(113)) - Created Pipeline RATIS ONE PipelineID=97b49c42-f93a-477e-8e2f-7db8b539c621.
2022-04-24 04:17:03,311 [Listener at 127.0.0.1/45981] INFO  ozone.MiniOzoneClusterImpl (MiniOzoneClusterImpl.java:lambda$waitForClusterToBeReady$0(221)) - Nodes are ready. Got 5 of 5 DN Heartbeats.
2022-04-24 04:17:03,312 [Listener at 127.0.0.1/45981] INFO  ozone.MiniOzoneClusterImpl (MiniOzoneClusterImpl.java:lambda$waitForClusterToBeReady$0(224)) - Waiting for cluster to exit safe mode
2022-04-24 04:17:03,312 [Listener at 127.0.0.1/45981] INFO  ozone.MiniOzoneClusterImpl (MiniOzoneClusterImpl.java:lambda$waitForClusterToBeReady$0(226)) - SCM became leader
2022-04-24 04:17:03,357 [Command processor thread] INFO  server.RaftServer (RaftServerProxy.java:addNew(95)) - bffb6770-0dea-4a47-b7e7-380b8a6a8c28: addNew group-DFDBB496666C:[bffb6770-0dea-4a47-b7e7-380b8a6a8c28|rpc:10.1.0.15:37891|priority:1] returns group-DFDBB496666C:java.util.concurrent.CompletableFuture@6412036e[Not completed]
2022-04-24 04:17:03,360 [pool-541-thread-1] INFO  server.RaftServer$Division (RaftServerImpl.java:<init>(184)) - bffb6770-0dea-4a47-b7e7-380b8a6a8c28: new RaftServerImpl for group-DFDBB496666C:[bffb6770-0dea-4a47-b7e7-380b8a6a8c28|rpc:10.1.0.15:37891|priority:1] with ContainerStateMachine:uninitialized
2022-04-24 04:17:03,366 [pool-541-thread-1] INFO  server.RaftServerConfigKeys (ConfUtils.java:logGet(44)) - raft.server.rpc.timeout.min = 5s (custom)
2022-04-24 04:17:03,366 [pool-541-thread-1] INFO  server.RaftServerConfigKeys (ConfUtils.java:logGet(44)) - raft.server.rpc.timeout.max = 5200ms (custom)
2022-04-24 04:17:03,366 [pool-541-thread-1] INFO  server.RaftServerConfigKeys (ConfUtils.java:logGet(44)) - raft.server.rpc.sleep.time = 25ms (default)
2022-04-24 04:17:03,366 [pool-541-thread-1] INFO  server.RaftServerConfigKeys (ConfUtils.java:logGet(44)) - raft.server.rpc.slowness.timeout = 300s (custom)
2022-04-24 04:17:03,366 [pool-541-thread-1] INFO  server.RaftServerConfigKeys (ConfUtils.java:logGet(44)) - raft.server.leaderelection.leader.step-down.wait-time = 10s (default)
2022-04-24 04:17:03,366 [pool-541-thread-1] INFO  server.RaftServerConfigKeys (ConfUtils.java:logGet(44)) - raft.server.sleep.deviation.threshold = 300ms (default)
2022-04-24 04:17:03,366 [pool-541-thread-1] INFO  server.RaftServerConfigKeys (ConfUtils.java:logGet(44)) - raft.server.log.appender.install.snapshot.enabled = false (custom)
2022-04-24 04:17:03,366 [pool-541-thread-1] INFO  server.RaftServer$Division (ServerState.java:<init>(105)) - bffb6770-0dea-4a47-b7e7-380b8a6a8c28@group-DFDBB496666C: ConfigurationManager, init=-1: [bffb6770-0dea-4a47-b7e7-380b8a6a8c28|rpc:10.1.0.15:37891|priority:1], old=null, confs=<EMPTY_MAP>
2022-04-24 04:17:03,366 [pool-541-thread-1] INFO  server.RaftServerConfigKeys (ConfUtils.java:logGet(44)) - raft.server.storage.dir = [/home/runner/work/ozone/ozone/hadoop-ozone/integration-test/target/test-dir/MiniOzoneClusterImpl-83189976-e3c9-4226-841a-8dae3aba4f8d/datanode-4/data/ratis] (custom)
2022-04-24 04:17:03,367 [pool-541-thread-1] INFO  server.RaftServerConfigKeys (ConfUtils.java:logGet(44)) - raft.server.log.corruption.policy = EXCEPTION (default)
2022-04-24 04:17:03,367 [pool-541-thread-1] INFO  server.RaftServerConfigKeys (ConfUtils.java:logGet(44)) - raft.server.storage.free-space.min = 0MB (=0) (default)
2022-04-24 04:17:03,367 [pool-541-thread-1] INFO  storage.RaftStorageDirectory (RaftStorageDirectoryImpl.java:analyzeStorage(135)) - The storage directory /home/runner/work/ozone/ozone/hadoop-ozone/integration-test/target/test-dir/MiniOzoneClusterImpl-83189976-e3c9-4226-841a-8dae3aba4f8d/datanode-4/data/ratis/0f82a6fb-6143-486d-b4b9-dfdbb496666c does not exist. Creating ...
2022-04-24 04:17:03,368 [pool-541-thread-1] INFO  storage.RaftStorageDirectory (RaftStorageDirectoryImpl.java:tryLock(230)) - Lock on /home/runner/work/ozone/ozone/hadoop-ozone/integration-test/target/test-dir/MiniOzoneClusterImpl-83189976-e3c9-4226-841a-8dae3aba4f8d/datanode-4/data/ratis/0f82a6fb-6143-486d-b4b9-dfdbb496666c/in_use.lock acquired by nodename 18665@fv-az50-870
2022-04-24 04:17:03,369 [pool-541-thread-1] INFO  storage.RaftStorage (RaftStorageImpl.java:format(89)) - Storage directory /home/runner/work/ozone/ozone/hadoop-ozone/integration-test/target/test-dir/MiniOzoneClusterImpl-83189976-e3c9-4226-841a-8dae3aba4f8d/datanode-4/data/ratis/0f82a6fb-6143-486d-b4b9-dfdbb496666c has been successfully formatted.
2022-04-24 04:17:03,389 [pool-541-thread-1] INFO  ratis.ContainerStateMachine (ContainerStateMachine.java:loadSnapshot(236)) - group-DFDBB496666C: The snapshot info is null. Setting the last applied indexto:(t:0, i:~)
2022-04-24 04:17:03,390 [EventQueue-PipelineReportForPipelineReportHandler] INFO  pipeline.PipelineManagerImpl (PipelineManagerImpl.java:openPipeline(321)) - Pipeline Pipeline[ Id: 0f82a6fb-6143-486d-b4b9-dfdbb496666c, Nodes: bffb6770-0dea-4a47-b7e7-380b8a6a8c28{ip: 10.1.0.15, host: fv-az50-870.grzltbmokehuzjyc5b133kdqgh.cx.internal.cloudapp.net, ports: [REPLICATION=33777, RATIS=37891, RATIS_ADMIN=37891, RATIS_SERVER=37891, STANDALONE=36533], networkLocation: /default-rack, certSerialId: null, persistedOpState: IN_SERVICE, persistedOpStateExpiryEpochSec: 0}, ReplicationConfig: RATIS/ONE, State:ALLOCATED, leaderId:bffb6770-0dea-4a47-b7e7-380b8a6a8c28, CreationTimestamp2022-04-24T04:17:00.358Z[Etc/UTC]] moved to OPEN state
2022-04-24 04:17:03,398 [EventQueue-OpenPipelineForHealthyPipelineSafeModeRule] INFO  safemode.SCMSafeModeManager (HealthyPipelineSafeModeRule.java:process(124)) - SCM in safe mode. Healthy pipelines reported count is 0, required healthy pipeline reported count is 1
2022-04-24 04:17:03,399 [pool-541-thread-1] INFO  server.RaftServerConfigKeys (ConfUtils.java:logGet(44)) - raft.server.notification.no-leader.timeout = 300s (custom)
2022-04-24 04:17:03,419 [pool-541-thread-1] INFO  server.RaftServerConfigKeys (ConfUtils.java:logGet(44)) - raft.server.log.use.memory = false (default)
2022-04-24 04:17:03,419 [pool-541-thread-1] INFO  server.RaftServerConfigKeys (ConfUtils.java:logGet(44)) - raft.server.log.purge.gap = 1000000 (custom)
2022-04-24 04:17:03,419 [pool-541-thread-1] INFO  server.RaftServerConfigKeys (ConfUtils.java:logGet(44)) - raft.server.log.appender.buffer.byte-limit = 33554432 (custom)
2022-04-24 04:17:03,419 [pool-541-thread-1] INFO  server.RaftServerConfigKeys (ConfUtils.java:logGet(44)) - raft.server.log.segment.size.max = 1048576 (custom)
2022-04-24 04:17:03,419 [pool-541-thread-1] INFO  server.RaftServerConfigKeys (ConfUtils.java:logGet(44)) - raft.server.log.segment.cache.num.max = 2 (custom)
2022-04-24 04:17:03,419 [pool-541-thread-1] INFO  server.RaftServerConfigKeys (ConfUtils.java:logGet(44)) - raft.server.log.segment.cache.size.max = 200MB (=209715200) (default)
2022-04-24 04:17:03,419 [pool-541-thread-1] INFO  segmented.SegmentedRaftLogWorker (SegmentedRaftLogWorker.java:<init>(182)) - new bffb6770-0dea-4a47-b7e7-380b8a6a8c28@group-DFDBB496666C-SegmentedRaftLogWorker for RaftStorageImpl:Storage Directory /home/runner/work/ozone/ozone/hadoop-ozone/integration-test/target/test-dir/MiniOzoneClusterImpl-83189976-e3c9-4226-841a-8dae3aba4f8d/datanode-4/data/ratis/0f82a6fb-6143-486d-b4b9-dfdbb496666c
2022-04-24 04:17:03,420 [pool-541-thread-1] INFO  server.RaftServerConfigKeys (ConfUtils.java:logGet(44)) - raft.server.log.queue.byte-limit = 4294967296 (custom)
2022-04-24 04:17:03,420 [pool-541-thread-1] INFO  server.RaftServerConfigKeys (ConfUtils.java:logGet(44)) - raft.server.log.queue.element-limit = 1024 (custom)
2022-04-24 04:17:03,420 [pool-541-thread-1] INFO  server.RaftServerConfigKeys (ConfUtils.java:logGet(44)) - raft.server.log.segment.size.max = 1048576 (custom)
2022-04-24 04:17:03,420 [pool-541-thread-1] INFO  server.RaftServerConfigKeys (ConfUtils.java:logGet(44)) - raft.server.log.preallocated.size = 16384 (custom)
2022-04-24 04:17:03,420 [pool-541-thread-1] INFO  server.RaftServerConfigKeys (ConfUtils.java:logGet(44)) - raft.server.log.force.sync.num = 128 (default)
2022-04-24 04:17:03,420 [pool-541-thread-1] INFO  server.RaftServerConfigKeys (ConfUtils.java:logGet(44)) - raft.server.log.statemachine.data.sync = true (default)
2022-04-24 04:17:03,420 [pool-541-thread-1] INFO  server.RaftServerConfigKeys (ConfUtils.java:logGet(44)) - raft.server.log.statemachine.data.sync.timeout = 10s (default)
2022-04-24 04:17:03,420 [pool-541-thread-1] INFO  server.RaftServerConfigKeys (ConfUtils.java:logGet(44)) - raft.server.log.statemachine.data.sync.timeout.retry = -1 (default)
2022-04-24 04:17:03,421 [pool-541-thread-1] INFO  server.RaftServerConfigKeys (ConfUtils.java:logGet(44)) - raft.server.log.write.buffer.size = 1048576 (custom)
2022-04-24 04:17:03,421 [pool-541-thread-1] INFO  server.RaftServerConfigKeys (ConfUtils.java:logGet(44)) - raft.server.log.statemachine.data.caching.enabled = true (custom)
2022-04-24 04:17:03,422 [pool-541-thread-1] INFO  segmented.SegmentedRaftLogWorker (SegmentedRaftLogWorker.java:lambda$new$0(133)) - bffb6770-0dea-4a47-b7e7-380b8a6a8c28@group-DFDBB496666C-SegmentedRaftLogWorker: flushIndex: setUnconditionally 0 -> -1
2022-04-24 04:17:03,422 [pool-541-thread-1] INFO  segmented.SegmentedRaftLogWorker (SegmentedRaftLogWorker.java:lambda$new$0(133)) - bffb6770-0dea-4a47-b7e7-380b8a6a8c28@group-DFDBB496666C-SegmentedRaftLogWorker: safeCacheEvictIndex: setUnconditionally 0 -> -1
2022-04-24 04:17:03,427 [pool-541-thread-1] INFO  server.RaftServerConfigKeys (ConfUtils.java:logGet(44)) - raft.server.snapshot.auto.trigger.enabled = true (custom)
2022-04-24 04:17:03,428 [pool-541-thread-1] INFO  server.RaftServerConfigKeys (ConfUtils.java:logGet(44)) - raft.server.snapshot.auto.trigger.threshold = 10000 (custom)
2022-04-24 04:17:03,428 [pool-541-thread-1] INFO  server.RaftServerConfigKeys (ConfUtils.java:logGet(44)) - raft.server.snapshot.retention.file.num = 5 (custom)
2022-04-24 04:17:03,428 [pool-541-thread-1] INFO  server.RaftServerConfigKeys (ConfUtils.java:logGet(44)) - raft.server.log.purge.upto.snapshot.index = false (default)
2022-04-24 04:17:03,428 [pool-541-thread-1] INFO  server.RaftServerConfigKeys (ConfUtils.java:logGet(44)) - raft.server.retrycache.expirytime = 600000ms (custom)
2022-04-24 04:17:03,428 [pool-541-thread-1] INFO  server.RaftServerConfigKeys (ConfUtils.java:logGet(44)) - raft.server.retrycache.statistics.expirytime = 100μs (default)
2022-04-24 04:17:03,429 [pool-541-thread-1] INFO  server.RaftServer$Division (RaftServerImpl.java:start(301)) - bffb6770-0dea-4a47-b7e7-380b8a6a8c28@group-DFDBB496666C: start as a follower, conf=-1: [bffb6770-0dea-4a47-b7e7-380b8a6a8c28|rpc:10.1.0.15:37891|priority:1], old=null
2022-04-24 04:17:03,429 [pool-541-thread-1] INFO  server.RaftServer$Division (RaftServerImpl.java:setRole(290)) - bffb6770-0dea-4a47-b7e7-380b8a6a8c28@group-DFDBB496666C: changes role from      null to FOLLOWER at term 0 for startAsFollower
2022-04-24 04:17:03,429 [pool-541-thread-1] INFO  impl.RoleInfo (RoleInfo.java:updateAndGet(130)) - bffb6770-0dea-4a47-b7e7-380b8a6a8c28: start bffb6770-0dea-4a47-b7e7-380b8a6a8c28@group-DFDBB496666C-FollowerState
2022-04-24 04:17:03,439 [pool-541-thread-1] INFO  util.JmxRegister (JmxRegister.java:tryRegister(44)) - Successfully registered JMX Bean with object name Ratis:service=RaftServer,group=group-DFDBB496666C,id=bffb6770-0dea-4a47-b7e7-380b8a6a8c28
2022-04-24 04:17:03,440 [Command processor thread] INFO  ratis.XceiverServerRatis (XceiverServerRatis.java:addGroup(765)) - Created group PipelineID=0f82a6fb-6143-486d-b4b9-dfdbb496666c
2022-04-24 04:17:03,440 [Command processor thread] INFO  commandhandler.CreatePipelineCommandHandler (CreatePipelineCommandHandler.java:handle(113)) - Created Pipeline RATIS ONE PipelineID=0f82a6fb-6143-486d-b4b9-dfdbb496666c.
2022-04-24 04:17:04,312 [Listener at 127.0.0.1/45981] INFO  ozone.MiniOzoneClusterImpl (MiniOzoneClusterImpl.java:lambda$waitForClusterToBeReady$0(221)) - Nodes are ready. Got 5 of 5 DN Heartbeats.
2022-04-24 04:17:04,312 [Listener at 127.0.0.1/45981] INFO  ozone.MiniOzoneClusterImpl (MiniOzoneClusterImpl.java:lambda$waitForClusterToBeReady$0(224)) - Waiting for cluster to exit safe mode
2022-04-24 04:17:04,312 [Listener at 127.0.0.1/45981] INFO  ozone.MiniOzoneClusterImpl (MiniOzoneClusterImpl.java:lambda$waitForClusterToBeReady$0(226)) - SCM became leader
2022-04-24 04:17:05,313 [Listener at 127.0.0.1/45981] INFO  ozone.MiniOzoneClusterImpl (MiniOzoneClusterImpl.java:lambda$waitForClusterToBeReady$0(221)) - Nodes are ready. Got 5 of 5 DN Heartbeats.
2022-04-24 04:17:05,313 [Listener at 127.0.0.1/45981] INFO  ozone.MiniOzoneClusterImpl (MiniOzoneClusterImpl.java:lambda$waitForClusterToBeReady$0(224)) - Waiting for cluster to exit safe mode
2022-04-24 04:17:05,313 [Listener at 127.0.0.1/45981] INFO  ozone.MiniOzoneClusterImpl (MiniOzoneClusterImpl.java:lambda$waitForClusterToBeReady$0(226)) - SCM became leader
2022-04-24 04:17:06,314 [Listener at 127.0.0.1/45981] INFO  ozone.MiniOzoneClusterImpl (MiniOzoneClusterImpl.java:lambda$waitForClusterToBeReady$0(221)) - Nodes are ready. Got 5 of 5 DN Heartbeats.
2022-04-24 04:17:06,314 [Listener at 127.0.0.1/45981] INFO  ozone.MiniOzoneClusterImpl (MiniOzoneClusterImpl.java:lambda$waitForClusterToBeReady$0(224)) - Waiting for cluster to exit safe mode
2022-04-24 04:17:06,314 [Listener at 127.0.0.1/45981] INFO  ozone.MiniOzoneClusterImpl (MiniOzoneClusterImpl.java:lambda$waitForClusterToBeReady$0(226)) - SCM became leader
2022-04-24 04:17:06,596 [07194f3d-c9eb-4893-9cab-c457c5e8e7cf@group-FDA5D5A2125F-FollowerState] INFO  impl.FollowerState (FollowerState.java:run(134)) - 07194f3d-c9eb-4893-9cab-c457c5e8e7cf@group-FDA5D5A2125F-FollowerState: change to CANDIDATE, lastRpcElapsedTime:5068878647ns, electionTimeout:5046ms
2022-04-24 04:17:06,596 [07194f3d-c9eb-4893-9cab-c457c5e8e7cf@group-FDA5D5A2125F-FollowerState] INFO  impl.RoleInfo (RoleInfo.java:shutdownFollowerState(108)) - 07194f3d-c9eb-4893-9cab-c457c5e8e7cf: shutdown 07194f3d-c9eb-4893-9cab-c457c5e8e7cf@group-FDA5D5A2125F-FollowerState
2022-04-24 04:17:06,596 [07194f3d-c9eb-4893-9cab-c457c5e8e7cf@group-FDA5D5A2125F-FollowerState] INFO  server.RaftServer$Division (RaftServerImpl.java:setRole(290)) - 07194f3d-c9eb-4893-9cab-c457c5e8e7cf@group-FDA5D5A2125F: changes role from  FOLLOWER to CANDIDATE at term 0 for changeToCandidate
2022-04-24 04:17:06,596 [07194f3d-c9eb-4893-9cab-c457c5e8e7cf@group-FDA5D5A2125F-FollowerState] INFO  server.RaftServerConfigKeys (ConfUtils.java:logGet(44)) - raft.server.leaderelection.pre-vote = false (custom)
2022-04-24 04:17:06,596 [07194f3d-c9eb-4893-9cab-c457c5e8e7cf@group-FDA5D5A2125F-FollowerState] INFO  impl.RoleInfo (RoleInfo.java:updateAndGet(130)) - 07194f3d-c9eb-4893-9cab-c457c5e8e7cf: start 07194f3d-c9eb-4893-9cab-c457c5e8e7cf@group-FDA5D5A2125F-LeaderElection27
2022-04-24 04:17:06,653 [07194f3d-c9eb-4893-9cab-c457c5e8e7cf@group-FDA5D5A2125F-LeaderElection27] INFO  impl.LeaderElection (LeaderElection.java:askForVotes(306)) - 07194f3d-c9eb-4893-9cab-c457c5e8e7cf@group-FDA5D5A2125F-LeaderElection27 ELECTION round 0: submit vote requests at term 1 for -1: [07194f3d-c9eb-4893-9cab-c457c5e8e7cf|rpc:10.1.0.15:38719|priority:1], old=null
2022-04-24 04:17:06,653 [07194f3d-c9eb-4893-9cab-c457c5e8e7cf@group-FDA5D5A2125F-LeaderElection27] INFO  impl.LeaderElection (LeaderElection.java:askForVotes(308)) - 07194f3d-c9eb-4893-9cab-c457c5e8e7cf@group-FDA5D5A2125F-LeaderElection27 ELECTION round 0: result PASSED (term=1)
2022-04-24 04:17:06,654 [07194f3d-c9eb-4893-9cab-c457c5e8e7cf@group-FDA5D5A2125F-LeaderElection27] INFO  impl.RoleInfo (RoleInfo.java:shutdownLeaderElection(121)) - 07194f3d-c9eb-4893-9cab-c457c5e8e7cf: shutdown 07194f3d-c9eb-4893-9cab-c457c5e8e7cf@group-FDA5D5A2125F-LeaderElection27
2022-04-24 04:17:06,654 [07194f3d-c9eb-4893-9cab-c457c5e8e7cf@group-FDA5D5A2125F-LeaderElection27] INFO  server.RaftServer$Division (RaftServerImpl.java:setRole(290)) - 07194f3d-c9eb-4893-9cab-c457c5e8e7cf@group-FDA5D5A2125F: changes role from CANDIDATE to LEADER at term 1 for changeToLeader
2022-04-24 04:17:06,654 [07194f3d-c9eb-4893-9cab-c457c5e8e7cf@group-FDA5D5A2125F-LeaderElection27] INFO  ratis.XceiverServerRatis (XceiverServerRatis.java:handleLeaderChangedNotification(863)) - Leader change notification received for group: group-FDA5D5A2125F with new leaderId: 07194f3d-c9eb-4893-9cab-c457c5e8e7cf
2022-04-24 04:17:06,654 [07194f3d-c9eb-4893-9cab-c457c5e8e7cf@group-FDA5D5A2125F-LeaderElection27] INFO  server.RaftServer$Division (ServerState.java:setLeader(285)) - 07194f3d-c9eb-4893-9cab-c457c5e8e7cf@group-FDA5D5A2125F: change Leader from null to 07194f3d-c9eb-4893-9cab-c457c5e8e7cf at term 1 for becomeLeader, leader elected after 5173ms
2022-04-24 04:17:06,654 [07194f3d-c9eb-4893-9cab-c457c5e8e7cf@group-FDA5D5A2125F-LeaderElection27] INFO  server.RaftServerConfigKeys (ConfUtils.java:logGet(44)) - raft.server.staging.catchup.gap = 1000 (default)
2022-04-24 04:17:06,655 [EventQueue-OpenPipelineForHealthyPipelineSafeModeRule] INFO  safemode.SCMSafeModeManager (HealthyPipelineSafeModeRule.java:process(124)) - SCM in safe mode. Healthy pipelines reported count is 0, required healthy pipeline reported count is 1
2022-04-24 04:17:06,655 [07194f3d-c9eb-4893-9cab-c457c5e8e7cf@group-FDA5D5A2125F-LeaderElection27] INFO  server.RaftServerConfigKeys (ConfUtils.java:logGet(44)) - raft.server.write.element-limit = 1024 (custom)
2022-04-24 04:17:06,655 [07194f3d-c9eb-4893-9cab-c457c5e8e7cf@group-FDA5D5A2125F-LeaderElection27] INFO  server.RaftServerConfigKeys (ConfUtils.java:logGet(44)) - raft.server.write.byte-limit = 1024 M (=1073741824) (custom)
2022-04-24 04:17:06,656 [07194f3d-c9eb-4893-9cab-c457c5e8e7cf@group-FDA5D5A2125F-LeaderElection27] INFO  server.RaftServerConfigKeys (ConfUtils.java:logGet(44)) - raft.server.watch.timeout = 180s (custom)
2022-04-24 04:17:06,656 [07194f3d-c9eb-4893-9cab-c457c5e8e7cf@group-FDA5D5A2125F-LeaderElection27] INFO  server.RaftServerConfigKeys (ConfUtils.java:logGet(44)) - raft.server.watch.timeout.denomination = 1s (default)
2022-04-24 04:17:06,656 [07194f3d-c9eb-4893-9cab-c457c5e8e7cf@group-FDA5D5A2125F-LeaderElection27] INFO  server.RaftServerConfigKeys (ConfUtils.java:logGet(44)) - raft.server.watch.element-limit = 65536 (default)
2022-04-24 04:17:06,656 [07194f3d-c9eb-4893-9cab-c457c5e8e7cf@group-FDA5D5A2125F-LeaderElection27] INFO  server.RaftServerConfigKeys (ConfUtils.java:logGet(44)) - raft.server.write.element-limit = 1024 (custom)
2022-04-24 04:17:06,656 [07194f3d-c9eb-4893-9cab-c457c5e8e7cf@group-FDA5D5A2125F-LeaderElection27] INFO  server.RaftServerConfigKeys (ConfUtils.java:logGet(44)) - raft.server.write.follower.gap.ratio.max = -1.0 (default)
2022-04-24 04:17:06,656 [07194f3d-c9eb-4893-9cab-c457c5e8e7cf@group-FDA5D5A2125F-LeaderElection27] INFO  impl.RoleInfo (RoleInfo.java:updateAndGet(130)) - 07194f3d-c9eb-4893-9cab-c457c5e8e7cf: start 07194f3d-c9eb-4893-9cab-c457c5e8e7cf@group-FDA5D5A2125F-LeaderStateImpl
2022-04-24 04:17:06,656 [07194f3d-c9eb-4893-9cab-c457c5e8e7cf@group-FDA5D5A2125F-LeaderElection27] INFO  segmented.SegmentedRaftLogWorker (SegmentedRaftLogWorker.java:startLogSegment(394)) - 07194f3d-c9eb-4893-9cab-c457c5e8e7cf@group-FDA5D5A2125F-SegmentedRaftLogWorker: Starting segment from index:0
2022-04-24 04:17:06,660 [07194f3d-c9eb-4893-9cab-c457c5e8e7cf@group-FDA5D5A2125F-SegmentedRaftLogWorker] INFO  segmented.SegmentedRaftLogWorker (SegmentedRaftLogWorker.java:execute(601)) - 07194f3d-c9eb-4893-9cab-c457c5e8e7cf@group-FDA5D5A2125F-SegmentedRaftLogWorker: created new log segment /home/runner/work/ozone/ozone/hadoop-ozone/integration-test/target/test-dir/MiniOzoneClusterImpl-83189976-e3c9-4226-841a-8dae3aba4f8d/datanode-0/data/ratis/5b8d4bd1-8074-4b65-96c1-fda5d5a2125f/current/log_inprogress_0
2022-04-24 04:17:06,691 [07194f3d-c9eb-4893-9cab-c457c5e8e7cf@group-FDA5D5A2125F-LeaderElection27] INFO  server.RaftServer$Division (ServerState.java:setRaftConf(387)) - 07194f3d-c9eb-4893-9cab-c457c5e8e7cf@group-FDA5D5A2125F: set configuration 0: [07194f3d-c9eb-4893-9cab-c457c5e8e7cf|rpc:10.1.0.15:38719|dataStream:|priority:1], old=null
2022-04-24 04:17:06,725 [17cdb9c6-36ab-42af-b35d-3948633e5a03@group-ADE53EB9BEDA-FollowerState] INFO  impl.FollowerState (FollowerState.java:run(134)) - 17cdb9c6-36ab-42af-b35d-3948633e5a03@group-ADE53EB9BEDA-FollowerState: change to CANDIDATE, lastRpcElapsedTime:5023476735ns, electionTimeout:5006ms
2022-04-24 04:17:06,726 [17cdb9c6-36ab-42af-b35d-3948633e5a03@group-ADE53EB9BEDA-FollowerState] INFO  impl.RoleInfo (RoleInfo.java:shutdownFollowerState(108)) - 17cdb9c6-36ab-42af-b35d-3948633e5a03: shutdown 17cdb9c6-36ab-42af-b35d-3948633e5a03@group-ADE53EB9BEDA-FollowerState
2022-04-24 04:17:06,726 [17cdb9c6-36ab-42af-b35d-3948633e5a03@group-ADE53EB9BEDA-FollowerState] INFO  server.RaftServer$Division (RaftServerImpl.java:setRole(290)) - 17cdb9c6-36ab-42af-b35d-3948633e5a03@group-ADE53EB9BEDA: changes role from  FOLLOWER to CANDIDATE at term 0 for changeToCandidate
2022-04-24 04:17:06,726 [17cdb9c6-36ab-42af-b35d-3948633e5a03@group-ADE53EB9BEDA-FollowerState] INFO  server.RaftServerConfigKeys (ConfUtils.java:logGet(44)) - raft.server.leaderelection.pre-vote = false (custom)
2022-04-24 04:17:06,726 [17cdb9c6-36ab-42af-b35d-3948633e5a03@group-ADE53EB9BEDA-FollowerState] INFO  impl.RoleInfo (RoleInfo.java:updateAndGet(130)) - 17cdb9c6-36ab-42af-b35d-3948633e5a03: start 17cdb9c6-36ab-42af-b35d-3948633e5a03@group-ADE53EB9BEDA-LeaderElection28
2022-04-24 04:17:06,769 [07194f3d-c9eb-4893-9cab-c457c5e8e7cf@group-ADE53EB9BEDA-FollowerState] INFO  impl.FollowerState (FollowerState.java:run(134)) - 07194f3d-c9eb-4893-9cab-c457c5e8e7cf@group-ADE53EB9BEDA-FollowerState: change to CANDIDATE, lastRpcElapsedTime:5183905241ns, electionTimeout:5173ms
2022-04-24 04:17:06,769 [07194f3d-c9eb-4893-9cab-c457c5e8e7cf@group-ADE53EB9BEDA-FollowerState] INFO  impl.RoleInfo (RoleInfo.java:shutdownFollowerState(108)) - 07194f3d-c9eb-4893-9cab-c457c5e8e7cf: shutdown 07194f3d-c9eb-4893-9cab-c457c5e8e7cf@group-ADE53EB9BEDA-FollowerState
2022-04-24 04:17:06,769 [07194f3d-c9eb-4893-9cab-c457c5e8e7cf@group-ADE53EB9BEDA-FollowerState] INFO  server.RaftServer$Division (RaftServerImpl.java:setRole(290)) - 07194f3d-c9eb-4893-9cab-c457c5e8e7cf@group-ADE53EB9BEDA: changes role from  FOLLOWER to CANDIDATE at term 0 for changeToCandidate
2022-04-24 04:17:06,769 [07194f3d-c9eb-4893-9cab-c457c5e8e7cf@group-ADE53EB9BEDA-FollowerState] INFO  server.RaftServerConfigKeys (ConfUtils.java:logGet(44)) - raft.server.leaderelection.pre-vote = false (custom)
2022-04-24 04:17:06,769 [07194f3d-c9eb-4893-9cab-c457c5e8e7cf@group-ADE53EB9BEDA-FollowerState] INFO  impl.RoleInfo (RoleInfo.java:updateAndGet(130)) - 07194f3d-c9eb-4893-9cab-c457c5e8e7cf: start 07194f3d-c9eb-4893-9cab-c457c5e8e7cf@group-ADE53EB9BEDA-LeaderElection29
2022-04-24 04:17:06,796 [17cdb9c6-36ab-42af-b35d-3948633e5a03@group-ADE53EB9BEDA-LeaderElection28] INFO  impl.LeaderElection (LeaderElection.java:askForVotes(306)) - 17cdb9c6-36ab-42af-b35d-3948633e5a03@group-ADE53EB9BEDA-LeaderElection28 ELECTION round 0: submit vote requests at term 1 for -1: [e1740749-fe91-487e-b92b-84770da375d0|rpc:10.1.0.15:38503|dataStream:|priority:0, 17cdb9c6-36ab-42af-b35d-3948633e5a03|rpc:10.1.0.15:34029|dataStream:|priority:1, 07194f3d-c9eb-4893-9cab-c457c5e8e7cf|rpc:10.1.0.15:38719|dataStream:|priority:0], old=null
2022-04-24 04:17:06,797 [07194f3d-c9eb-4893-9cab-c457c5e8e7cf@group-ADE53EB9BEDA-LeaderElection29] INFO  impl.LeaderElection (LeaderElection.java:askForVotes(306)) - 07194f3d-c9eb-4893-9cab-c457c5e8e7cf@group-ADE53EB9BEDA-LeaderElection29 ELECTION round 0: submit vote requests at term 1 for -1: [e1740749-fe91-487e-b92b-84770da375d0|rpc:10.1.0.15:38503|priority:0, 17cdb9c6-36ab-42af-b35d-3948633e5a03|rpc:10.1.0.15:34029|priority:1, 07194f3d-c9eb-4893-9cab-c457c5e8e7cf|rpc:10.1.0.15:38719|priority:0], old=null
2022-04-24 04:17:06,845 [grpc-default-executor-0] INFO  server.RaftServer$Division (RaftServerImpl.java:requestVote(1046)) - e1740749-fe91-487e-b92b-84770da375d0@group-ADE53EB9BEDA: receive requestVote(ELECTION, 17cdb9c6-36ab-42af-b35d-3948633e5a03, group-ADE53EB9BEDA, 1, (t:0, i:0))
2022-04-24 04:17:06,847 [grpc-default-executor-0] INFO  impl.VoteContext (VoteContext.java:log(48)) - e1740749-fe91-487e-b92b-84770da375d0@group-ADE53EB9BEDA-FOLLOWER: accept ELECTION from 17cdb9c6-36ab-42af-b35d-3948633e5a03: our priority 0 <= candidate's priority 1
2022-04-24 04:17:06,847 [grpc-default-executor-0] INFO  server.RaftServer$Division (RaftServerImpl.java:setRole(290)) - e1740749-fe91-487e-b92b-84770da375d0@group-ADE53EB9BEDA: changes role from  FOLLOWER to FOLLOWER at term 1 for candidate:17cdb9c6-36ab-42af-b35d-3948633e5a03
2022-04-24 04:17:06,847 [grpc-default-executor-0] INFO  impl.RoleInfo (RoleInfo.java:shutdownFollowerState(108)) - e1740749-fe91-487e-b92b-84770da375d0: shutdown e1740749-fe91-487e-b92b-84770da375d0@group-ADE53EB9BEDA-FollowerState
2022-04-24 04:17:06,847 [grpc-default-executor-0] INFO  impl.RoleInfo (RoleInfo.java:updateAndGet(130)) - e1740749-fe91-487e-b92b-84770da375d0: start e1740749-fe91-487e-b92b-84770da375d0@group-ADE53EB9BEDA-FollowerState
2022-04-24 04:17:06,847 [e1740749-fe91-487e-b92b-84770da375d0@group-ADE53EB9BEDA-FollowerState] INFO  impl.FollowerState (FollowerState.java:run(143)) - e1740749-fe91-487e-b92b-84770da375d0@group-ADE53EB9BEDA-FollowerState was interrupted: {}
java.lang.InterruptedException: sleep interrupted
	at java.lang.Thread.sleep(Native Method)
	at java.lang.Thread.sleep(Thread.java:342)
	at java.util.concurrent.TimeUnit.sleep(TimeUnit.java:386)
	at org.apache.ratis.util.TimeDuration.sleep(TimeDuration.java:324)
	at org.apache.ratis.util.TimeDuration.sleep(TimeDuration.java:309)
	at org.apache.ratis.server.impl.FollowerState.run(FollowerState.java:118)
2022-04-24 04:17:06,857 [grpc-default-executor-0] INFO  server.RaftServer$Division (RaftServerImpl.java:requestVote(1078)) - e1740749-fe91-487e-b92b-84770da375d0@group-ADE53EB9BEDA replies to ELECTION vote request: 17cdb9c6-36ab-42af-b35d-3948633e5a03<-e1740749-fe91-487e-b92b-84770da375d0#0:OK-t1. Peer's state: e1740749-fe91-487e-b92b-84770da375d0@group-ADE53EB9BEDA:t1, leader=null, voted=17cdb9c6-36ab-42af-b35d-3948633e5a03, raftlog=e1740749-fe91-487e-b92b-84770da375d0@group-ADE53EB9BEDA-SegmentedRaftLog:OPENED:c-1, conf=-1: [e1740749-fe91-487e-b92b-84770da375d0|rpc:10.1.0.15:38503|dataStream:|priority:0, 17cdb9c6-36ab-42af-b35d-3948633e5a03|rpc:10.1.0.15:34029|dataStream:|priority:1, 07194f3d-c9eb-4893-9cab-c457c5e8e7cf|rpc:10.1.0.15:38719|dataStream:|priority:0], old=null
2022-04-24 04:17:06,881 [17cdb9c6-36ab-42af-b35d-3948633e5a03@group-ADE53EB9BEDA-LeaderElection28] INFO  impl.LeaderElection (LeaderElection.java:logAndReturn(89)) - 17cdb9c6-36ab-42af-b35d-3948633e5a03@group-ADE53EB9BEDA-LeaderElection28: ELECTION PASSED received 1 response(s) and 0 exception(s):
2022-04-24 04:17:06,882 [17cdb9c6-36ab-42af-b35d-3948633e5a03@group-ADE53EB9BEDA-LeaderElection28] INFO  impl.LeaderElection (LeaderElection.java:logAndReturn(93)) -   Response 0: 17cdb9c6-36ab-42af-b35d-3948633e5a03<-e1740749-fe91-487e-b92b-84770da375d0#0:OK-t1
2022-04-24 04:17:06,882 [17cdb9c6-36ab-42af-b35d-3948633e5a03@group-ADE53EB9BEDA-LeaderElection28] INFO  impl.LeaderElection (LeaderElection.java:askForVotes(308)) - 17cdb9c6-36ab-42af-b35d-3948633e5a03@group-ADE53EB9BEDA-LeaderElection28 ELECTION round 0: result PASSED
2022-04-24 04:17:06,882 [17cdb9c6-36ab-42af-b35d-3948633e5a03@group-ADE53EB9BEDA-LeaderElection28] INFO  impl.RoleInfo (RoleInfo.java:shutdownLeaderElection(121)) - 17cdb9c6-36ab-42af-b35d-3948633e5a03: shutdown 17cdb9c6-36ab-42af-b35d-3948633e5a03@group-ADE53EB9BEDA-LeaderElection28
2022-04-24 04:17:06,882 [17cdb9c6-36ab-42af-b35d-3948633e5a03@group-ADE53EB9BEDA-LeaderElection28] INFO  server.RaftServer$Division (RaftServerImpl.java:setRole(290)) - 17cdb9c6-36ab-42af-b35d-3948633e5a03@group-ADE53EB9BEDA: changes role from CANDIDATE to LEADER at term 1 for changeToLeader
2022-04-24 04:17:06,882 [17cdb9c6-36ab-42af-b35d-3948633e5a03@group-ADE53EB9BEDA-LeaderElection28] INFO  ratis.XceiverServerRatis (XceiverServerRatis.java:handleLeaderChangedNotification(863)) - Leader change notification received for group: group-ADE53EB9BEDA with new leaderId: 17cdb9c6-36ab-42af-b35d-3948633e5a03
2022-04-24 04:17:06,882 [17cdb9c6-36ab-42af-b35d-3948633e5a03@group-ADE53EB9BEDA-LeaderElection28] INFO  server.RaftServer$Division (ServerState.java:setLeader(285)) - 17cdb9c6-36ab-42af-b35d-3948633e5a03@group-ADE53EB9BEDA: change Leader from null to 17cdb9c6-36ab-42af-b35d-3948633e5a03 at term 1 for becomeLeader, leader elected after 5197ms
2022-04-24 04:17:06,882 [17cdb9c6-36ab-42af-b35d-3948633e5a03@group-ADE53EB9BEDA-LeaderElection28] INFO  server.RaftServerConfigKeys (ConfUtils.java:logGet(44)) - raft.server.staging.catchup.gap = 1000 (default)
2022-04-24 04:17:06,882 [17cdb9c6-36ab-42af-b35d-3948633e5a03@group-ADE53EB9BEDA-LeaderElection28] INFO  server.RaftServerConfigKeys (ConfUtils.java:logGet(44)) - raft.server.write.element-limit = 1024 (custom)
2022-04-24 04:17:06,882 [17cdb9c6-36ab-42af-b35d-3948633e5a03@group-ADE53EB9BEDA-LeaderElection28] INFO  server.RaftServerConfigKeys (ConfUtils.java:logGet(44)) - raft.server.write.byte-limit = 1024 M (=1073741824) (custom)
2022-04-24 04:17:06,883 [17cdb9c6-36ab-42af-b35d-3948633e5a03@group-ADE53EB9BEDA-LeaderElection28] INFO  server.RaftServerConfigKeys (ConfUtils.java:logGet(44)) - raft.server.watch.timeout = 180s (custom)
2022-04-24 04:17:06,883 [17cdb9c6-36ab-42af-b35d-3948633e5a03@group-ADE53EB9BEDA-LeaderElection28] INFO  server.RaftServerConfigKeys (ConfUtils.java:logGet(44)) - raft.server.watch.timeout.denomination = 1s (default)
2022-04-24 04:17:06,883 [17cdb9c6-36ab-42af-b35d-3948633e5a03@group-ADE53EB9BEDA-LeaderElection28] INFO  server.RaftServerConfigKeys (ConfUtils.java:logGet(44)) - raft.server.watch.element-limit = 65536 (default)
2022-04-24 04:17:06,883 [17cdb9c6-36ab-42af-b35d-3948633e5a03@group-ADE53EB9BEDA-LeaderElection28] INFO  server.RaftServerConfigKeys (ConfUtils.java:logGet(44)) - raft.server.write.element-limit = 1024 (custom)
2022-04-24 04:17:06,883 [17cdb9c6-36ab-42af-b35d-3948633e5a03@group-ADE53EB9BEDA-LeaderElection28] INFO  server.RaftServerConfigKeys (ConfUtils.java:logGet(44)) - raft.server.write.follower.gap.ratio.max = -1.0 (default)
2022-04-24 04:17:06,883 [17cdb9c6-36ab-42af-b35d-3948633e5a03@group-ADE53EB9BEDA-LeaderElection28] INFO  server.RaftServerConfigKeys (ConfUtils.java:logGet(44)) - raft.server.log.appender.snapshot.chunk.size.max = 16MB (=16777216) (default)
2022-04-24 04:17:06,883 [17cdb9c6-36ab-42af-b35d-3948633e5a03@group-ADE53EB9BEDA-LeaderElection28] INFO  server.RaftServerConfigKeys (ConfUtils.java:logGet(44)) - raft.server.log.appender.buffer.byte-limit = 33554432 (custom)
2022-04-24 04:17:06,883 [17cdb9c6-36ab-42af-b35d-3948633e5a03@group-ADE53EB9BEDA-LeaderElection28] INFO  server.RaftServerConfigKeys (ConfUtils.java:logGet(44)) - raft.server.log.appender.buffer.element-limit = 1 (custom)
2022-04-24 04:17:06,883 [17cdb9c6-36ab-42af-b35d-3948633e5a03@group-ADE53EB9BEDA-LeaderElection28] INFO  grpc.GrpcConfigKeys (ConfUtils.java:logGet(44)) - raft.grpc.server.leader.outstanding.appends.max = 128 (default)
2022-04-24 04:17:06,883 [17cdb9c6-36ab-42af-b35d-3948633e5a03@group-ADE53EB9BEDA-LeaderElection28] INFO  server.RaftServerConfigKeys (ConfUtils.java:logGet(44)) - raft.server.rpc.request.timeout = 60s (custom)
2022-04-24 04:17:06,883 [17cdb9c6-36ab-42af-b35d-3948633e5a03@group-ADE53EB9BEDA-LeaderElection28] INFO  server.RaftServerConfigKeys (ConfUtils.java:logGet(44)) - raft.server.log.appender.install.snapshot.enabled = false (custom)
2022-04-24 04:17:06,884 [17cdb9c6-36ab-42af-b35d-3948633e5a03@group-ADE53EB9BEDA-LeaderElection28] INFO  server.RaftServerConfigKeys (ConfUtils.java:logGet(44)) - raft.server.log.appender.snapshot.chunk.size.max = 16MB (=16777216) (default)
2022-04-24 04:17:06,884 [17cdb9c6-36ab-42af-b35d-3948633e5a03@group-ADE53EB9BEDA-LeaderElection28] INFO  server.RaftServerConfigKeys (ConfUtils.java:logGet(44)) - raft.server.log.appender.buffer.byte-limit = 33554432 (custom)
2022-04-24 04:17:06,884 [17cdb9c6-36ab-42af-b35d-3948633e5a03@group-ADE53EB9BEDA-LeaderElection28] INFO  server.RaftServerConfigKeys (ConfUtils.java:logGet(44)) - raft.server.log.appender.buffer.element-limit = 1 (custom)
2022-04-24 04:17:06,884 [17cdb9c6-36ab-42af-b35d-3948633e5a03@group-ADE53EB9BEDA-LeaderElection28] INFO  grpc.GrpcConfigKeys (ConfUtils.java:logGet(44)) - raft.grpc.server.leader.outstanding.appends.max = 128 (default)
2022-04-24 04:17:06,884 [17cdb9c6-36ab-42af-b35d-3948633e5a03@group-ADE53EB9BEDA-LeaderElection28] INFO  server.RaftServerConfigKeys (ConfUtils.java:logGet(44)) - raft.server.rpc.request.timeout = 60s (custom)
2022-04-24 04:17:06,884 [17cdb9c6-36ab-42af-b35d-3948633e5a03@group-ADE53EB9BEDA-LeaderElection28] INFO  server.RaftServerConfigKeys (ConfUtils.java:logGet(44)) - raft.server.log.appender.install.snapshot.enabled = false (custom)
2022-04-24 04:17:06,885 [17cdb9c6-36ab-42af-b35d-3948633e5a03@group-ADE53EB9BEDA-LeaderElection28] INFO  impl.RoleInfo (RoleInfo.java:updateAndGet(130)) - 17cdb9c6-36ab-42af-b35d-3948633e5a03: start 17cdb9c6-36ab-42af-b35d-3948633e5a03@group-ADE53EB9BEDA-LeaderStateImpl
2022-04-24 04:17:06,890 [EventQueue-PipelineReportForPipelineReportHandler] INFO  pipeline.PipelineManagerImpl (PipelineManagerImpl.java:openPipeline(321)) - Pipeline Pipeline[ Id: 4ce39555-f55b-4b8c-aa95-ade53eb9beda, Nodes: 17cdb9c6-36ab-42af-b35d-3948633e5a03{ip: 10.1.0.15, host: fv-az50-870.grzltbmokehuzjyc5b133kdqgh.cx.internal.cloudapp.net, ports: [REPLICATION=40429, RATIS=34029, RATIS_ADMIN=34029, RATIS_SERVER=34029, STANDALONE=45695], networkLocation: /default-rack, certSerialId: null, persistedOpState: IN_SERVICE, persistedOpStateExpiryEpochSec: 0}e1740749-fe91-487e-b92b-84770da375d0{ip: 10.1.0.15, host: fv-az50-870.grzltbmokehuzjyc5b133kdqgh.cx.internal.cloudapp.net, ports: [REPLICATION=38359, RATIS=38503, RATIS_ADMIN=38503, RATIS_SERVER=38503, STANDALONE=46271], networkLocation: /default-rack, certSerialId: null, persistedOpState: IN_SERVICE, persistedOpStateExpiryEpochSec: 0}07194f3d-c9eb-4893-9cab-c457c5e8e7cf{ip: 10.1.0.15, host: fv-az50-870.grzltbmokehuzjyc5b133kdqgh.cx.internal.cloudapp.net, ports: [REPLICATION=34863, RATIS=38719, RATIS_ADMIN=38719, RATIS_SERVER=38719, STANDALONE=36679], networkLocation: /default-rack, certSerialId: null, persistedOpState: IN_SERVICE, persistedOpStateExpiryEpochSec: 0}, ReplicationConfig: RATIS/THREE, State:ALLOCATED, leaderId:17cdb9c6-36ab-42af-b35d-3948633e5a03, CreationTimestamp2022-04-24T04:16:59.395Z[Etc/UTC]] moved to OPEN state
2022-04-24 04:17:06,931 [17cdb9c6-36ab-42af-b35d-3948633e5a03@group-95F5EF4CC5F8-FollowerState] INFO  impl.FollowerState (FollowerState.java:run(134)) - 17cdb9c6-36ab-42af-b35d-3948633e5a03@group-95F5EF4CC5F8-FollowerState: change to CANDIDATE, lastRpcElapsedTime:5053888477ns, electionTimeout:5053ms
2022-04-24 04:17:06,934 [17cdb9c6-36ab-42af-b35d-3948633e5a03@group-95F5EF4CC5F8-FollowerState] INFO  impl.RoleInfo (RoleInfo.java:shutdownFollowerState(108)) - 17cdb9c6-36ab-42af-b35d-3948633e5a03: shutdown 17cdb9c6-36ab-42af-b35d-3948633e5a03@group-95F5EF4CC5F8-FollowerState
2022-04-24 04:17:06,934 [17cdb9c6-36ab-42af-b35d-3948633e5a03@group-95F5EF4CC5F8-FollowerState] INFO  server.RaftServer$Division (RaftServerImpl.java:setRole(290)) - 17cdb9c6-36ab-42af-b35d-3948633e5a03@group-95F5EF4CC5F8: changes role from  FOLLOWER to CANDIDATE at term 0 for changeToCandidate
2022-04-24 04:17:06,934 [17cdb9c6-36ab-42af-b35d-3948633e5a03@group-95F5EF4CC5F8-FollowerState] INFO  server.RaftServerConfigKeys (ConfUtils.java:logGet(44)) - raft.server.leaderelection.pre-vote = false (custom)
2022-04-24 04:17:06,934 [17cdb9c6-36ab-42af-b35d-3948633e5a03@group-95F5EF4CC5F8-FollowerState] INFO  impl.RoleInfo (RoleInfo.java:updateAndGet(130)) - 17cdb9c6-36ab-42af-b35d-3948633e5a03: start 17cdb9c6-36ab-42af-b35d-3948633e5a03@group-95F5EF4CC5F8-LeaderElection30
2022-04-24 04:17:06,930 [grpc-default-executor-1] INFO  server.RaftServer$Division (RaftServerImpl.java:requestVote(1046)) - e1740749-fe91-487e-b92b-84770da375d0@group-ADE53EB9BEDA: receive requestVote(ELECTION, 07194f3d-c9eb-4893-9cab-c457c5e8e7cf, group-ADE53EB9BEDA, 1, (t:0, i:0))
2022-04-24 04:17:06,900 [grpc-default-executor-0] INFO  server.RaftServer$Division (RaftServerImpl.java:requestVote(1046)) - 07194f3d-c9eb-4893-9cab-c457c5e8e7cf@group-ADE53EB9BEDA: receive requestVote(ELECTION, 17cdb9c6-36ab-42af-b35d-3948633e5a03, group-ADE53EB9BEDA, 1, (t:0, i:0))
2022-04-24 04:17:06,958 [grpc-default-executor-0] INFO  impl.VoteContext (VoteContext.java:log(48)) - 07194f3d-c9eb-4893-9cab-c457c5e8e7cf@group-ADE53EB9BEDA-CANDIDATE: reject ELECTION from 17cdb9c6-36ab-42af-b35d-3948633e5a03: already has voted for 07194f3d-c9eb-4893-9cab-c457c5e8e7cf at current term 1
2022-04-24 04:17:06,959 [grpc-default-executor-0] INFO  server.RaftServer$Division (RaftServerImpl.java:requestVote(1078)) - 07194f3d-c9eb-4893-9cab-c457c5e8e7cf@group-ADE53EB9BEDA replies to ELECTION vote request: 17cdb9c6-36ab-42af-b35d-3948633e5a03<-07194f3d-c9eb-4893-9cab-c457c5e8e7cf#0:FAIL-t1. Peer's state: 07194f3d-c9eb-4893-9cab-c457c5e8e7cf@group-ADE53EB9BEDA:t1, leader=null, voted=07194f3d-c9eb-4893-9cab-c457c5e8e7cf, raftlog=07194f3d-c9eb-4893-9cab-c457c5e8e7cf@group-ADE53EB9BEDA-SegmentedRaftLog:OPENED:c-1, conf=-1: [e1740749-fe91-487e-b92b-84770da375d0|rpc:10.1.0.15:38503|priority:0, 17cdb9c6-36ab-42af-b35d-3948633e5a03|rpc:10.1.0.15:34029|priority:1, 07194f3d-c9eb-4893-9cab-c457c5e8e7cf|rpc:10.1.0.15:38719|priority:0], old=null
2022-04-24 04:17:06,892 [17cdb9c6-36ab-42af-b35d-3948633e5a03@group-ADE53EB9BEDA-LeaderElection28] INFO  segmented.SegmentedRaftLogWorker (SegmentedRaftLogWorker.java:startLogSegment(394)) - 17cdb9c6-36ab-42af-b35d-3948633e5a03@group-ADE53EB9BEDA-SegmentedRaftLogWorker: Starting segment from index:0
2022-04-24 04:17:06,946 [grpc-default-executor-2] INFO  server.RaftServer$Division (RaftServerImpl.java:requestVote(1046)) - 17cdb9c6-36ab-42af-b35d-3948633e5a03@group-ADE53EB9BEDA: receive requestVote(ELECTION, 07194f3d-c9eb-4893-9cab-c457c5e8e7cf, group-ADE53EB9BEDA, 1, (t:0, i:0))
2022-04-24 04:17:07,001 [grpc-default-executor-1] INFO  impl.VoteContext (VoteContext.java:log(48)) - e1740749-fe91-487e-b92b-84770da375d0@group-ADE53EB9BEDA-FOLLOWER: reject ELECTION from 07194f3d-c9eb-4893-9cab-c457c5e8e7cf: already has voted for 17cdb9c6-36ab-42af-b35d-3948633e5a03 at current term 1
2022-04-24 04:17:07,003 [grpc-default-executor-1] INFO  server.RaftServer$Division (RaftServerImpl.java:requestVote(1078)) - e1740749-fe91-487e-b92b-84770da375d0@group-ADE53EB9BEDA replies to ELECTION vote request: 07194f3d-c9eb-4893-9cab-c457c5e8e7cf<-e1740749-fe91-487e-b92b-84770da375d0#0:FAIL-t1. Peer's state: e1740749-fe91-487e-b92b-84770da375d0@group-ADE53EB9BEDA:t1, leader=null, voted=17cdb9c6-36ab-42af-b35d-3948633e5a03, raftlog=e1740749-fe91-487e-b92b-84770da375d0@group-ADE53EB9BEDA-SegmentedRaftLog:OPENED:c-1, conf=-1: [e1740749-fe91-487e-b92b-84770da375d0|rpc:10.1.0.15:38503|dataStream:|priority:0, 17cdb9c6-36ab-42af-b35d-3948633e5a03|rpc:10.1.0.15:34029|dataStream:|priority:1, 07194f3d-c9eb-4893-9cab-c457c5e8e7cf|rpc:10.1.0.15:38719|dataStream:|priority:0], old=null
2022-04-24 04:17:06,977 [07194f3d-c9eb-4893-9cab-c457c5e8e7cf@group-0CC7895F5F7C-FollowerState] INFO  impl.FollowerState (FollowerState.java:run(134)) - 07194f3d-c9eb-4893-9cab-c457c5e8e7cf@group-0CC7895F5F7C-FollowerState: change to CANDIDATE, lastRpcElapsedTime:5086010738ns, electionTimeout:5083ms
2022-04-24 04:17:06,969 [EventQueue-OpenPipelineForHealthyPipelineSafeModeRule] INFO  safemode.SCMSafeModeManager (HealthyPipelineSafeModeRule.java:process(124)) - SCM in safe mode. Healthy pipelines reported count is 1, required healthy pipeline reported count is 1
2022-04-24 04:17:07,016 [EventQueue-OpenPipelineForHealthyPipelineSafeModeRule] INFO  safemode.SCMSafeModeManager (SCMSafeModeManager.java:validateSafeModeExitRules(204)) - HealthyPipelineSafeModeRule rule is successfully validated
2022-04-24 04:17:07,016 [EventQueue-OpenPipelineForHealthyPipelineSafeModeRule] INFO  safemode.SCMSafeModeManager (SCMSafeModeManager.java:validateSafeModeExitRules(219)) - ScmSafeModeManager, all rules are successfully validated
2022-04-24 04:17:07,016 [EventQueue-OpenPipelineForHealthyPipelineSafeModeRule] INFO  safemode.SCMSafeModeManager (SCMSafeModeManager.java:exitSafeMode(248)) - SCM exiting safe mode.
2022-04-24 04:17:07,016 [EventQueue-OpenPipelineForHealthyPipelineSafeModeRule] WARN  events.EventQueue (EventQueue.java:fireEvent(194)) - No event handler registered for event TypedEvent{payloadType=SafeModeStatus, name='Safe mode status'}
2022-04-24 04:17:07,016 [EventQueue-OpenPipelineForHealthyPipelineSafeModeRule] INFO  ha.SCMContext (SCMContext.java:updateSafeModeStatus(211)) - Update SafeModeStatus from SafeModeStatus{safeModeStatus=true, preCheckPassed=true} to SafeModeStatus{safeModeStatus=false, preCheckPassed=true}.
2022-04-24 04:17:07,016 [EventQueue-OpenPipelineForHealthyPipelineSafeModeRule] INFO  pipeline.BackgroundPipelineCreator (BackgroundPipelineCreator.java:notifyStatusChanged(263)) - Service BackgroundPipelineCreator transitions to RUNNING.
2022-04-24 04:17:07,016 [EventQueue-OpenPipelineForHealthyPipelineSafeModeRule] INFO  container.ReplicationManager (ReplicationManager.java:notifyStatusChanged(1815)) - Service ReplicationManager transitions to RUNNING.
2022-04-24 04:17:06,961 [17cdb9c6-36ab-42af-b35d-3948633e5a03@group-ADE53EB9BEDA-SegmentedRaftLogWorker] INFO  segmented.SegmentedRaftLogWorker (SegmentedRaftLogWorker.java:execute(601)) - 17cdb9c6-36ab-42af-b35d-3948633e5a03@group-ADE53EB9BEDA-SegmentedRaftLogWorker: created new log segment /home/runner/work/ozone/ozone/hadoop-ozone/integration-test/target/test-dir/MiniOzoneClusterImpl-83189976-e3c9-4226-841a-8dae3aba4f8d/datanode-1/data/ratis/4ce39555-f55b-4b8c-aa95-ade53eb9beda/current/log_inprogress_0
2022-04-24 04:17:07,024 [grpc-default-executor-0] INFO  ratis.XceiverServerRatis (XceiverServerRatis.java:handleLeaderChangedNotification(863)) - Leader change notification received for group: group-ADE53EB9BEDA with new leaderId: 17cdb9c6-36ab-42af-b35d-3948633e5a03
2022-04-24 04:17:07,025 [grpc-default-executor-0] INFO  server.RaftServer$Division (ServerState.java:setLeader(285)) - e1740749-fe91-487e-b92b-84770da375d0@group-ADE53EB9BEDA: change Leader from null to 17cdb9c6-36ab-42af-b35d-3948633e5a03 at term 1 for appendEntries, leader elected after 5213ms
2022-04-24 04:17:07,007 [grpc-default-executor-3] INFO  server.RaftServer$Division (RaftServerImpl.java:setRole(290)) - 07194f3d-c9eb-4893-9cab-c457c5e8e7cf@group-ADE53EB9BEDA: changes role from CANDIDATE to FOLLOWER at term 1 for appendEntries
2022-04-24 04:17:07,004 [07194f3d-c9eb-4893-9cab-c457c5e8e7cf@group-0CC7895F5F7C-FollowerState] INFO  impl.RoleInfo (RoleInfo.java:shutdownFollowerState(108)) - 07194f3d-c9eb-4893-9cab-c457c5e8e7cf: shutdown 07194f3d-c9eb-4893-9cab-c457c5e8e7cf@group-0CC7895F5F7C-FollowerState
2022-04-24 04:17:07,033 [07194f3d-c9eb-4893-9cab-c457c5e8e7cf@group-0CC7895F5F7C-FollowerState] INFO  server.RaftServer$Division (RaftServerImpl.java:setRole(290)) - 07194f3d-c9eb-4893-9cab-c457c5e8e7cf@group-0CC7895F5F7C: changes role from  FOLLOWER to CANDIDATE at term 0 for changeToCandidate
2022-04-24 04:17:07,034 [07194f3d-c9eb-4893-9cab-c457c5e8e7cf@group-0CC7895F5F7C-FollowerState] INFO  server.RaftServerConfigKeys (ConfUtils.java:logGet(44)) - raft.server.leaderelection.pre-vote = false (custom)
2022-04-24 04:17:07,034 [07194f3d-c9eb-4893-9cab-c457c5e8e7cf@group-0CC7895F5F7C-FollowerState] INFO  impl.RoleInfo (RoleInfo.java:updateAndGet(130)) - 07194f3d-c9eb-4893-9cab-c457c5e8e7cf: start 07194f3d-c9eb-4893-9cab-c457c5e8e7cf@group-0CC7895F5F7C-LeaderElection31
2022-04-24 04:17:07,033 [grpc-default-executor-3] INFO  impl.RoleInfo (RoleInfo.java:shutdownLeaderElection(121)) - 07194f3d-c9eb-4893-9cab-c457c5e8e7cf: shutdown 07194f3d-c9eb-4893-9cab-c457c5e8e7cf@group-ADE53EB9BEDA-LeaderElection29
2022-04-24 04:17:07,053 [grpc-default-executor-3] INFO  impl.RoleInfo (RoleInfo.java:updateAndGet(130)) - 07194f3d-c9eb-4893-9cab-c457c5e8e7cf: start 07194f3d-c9eb-4893-9cab-c457c5e8e7cf@group-ADE53EB9BEDA-FollowerState
2022-04-24 04:17:07,074 [grpc-default-executor-3] INFO  ratis.XceiverServerRatis (XceiverServerRatis.java:handleLeaderChangedNotification(863)) - Leader change notification received for group: group-ADE53EB9BEDA with new leaderId: 17cdb9c6-36ab-42af-b35d-3948633e5a03
2022-04-24 04:17:07,075 [grpc-default-executor-3] INFO  server.RaftServer$Division (ServerState.java:setLeader(285)) - 07194f3d-c9eb-4893-9cab-c457c5e8e7cf@group-ADE53EB9BEDA: change Leader from null to 17cdb9c6-36ab-42af-b35d-3948633e5a03 at term 1 for appendEntries, leader elected after 5508ms
2022-04-24 04:17:07,094 [17cdb9c6-36ab-42af-b35d-3948633e5a03@group-ADE53EB9BEDA-LeaderElection28] INFO  server.RaftServer$Division (ServerState.java:setRaftConf(387)) - 17cdb9c6-36ab-42af-b35d-3948633e5a03@group-ADE53EB9BEDA: set configuration 0: [e1740749-fe91-487e-b92b-84770da375d0|rpc:10.1.0.15:38503|dataStream:|priority:0, 17cdb9c6-36ab-42af-b35d-3948633e5a03|rpc:10.1.0.15:34029|dataStream:|priority:1, 07194f3d-c9eb-4893-9cab-c457c5e8e7cf|rpc:10.1.0.15:38719|dataStream:|priority:0], old=null
2022-04-24 04:17:07,095 [grpc-default-executor-0] INFO  server.RaftServer$Division (ServerState.java:setRaftConf(387)) - e1740749-fe91-487e-b92b-84770da375d0@group-ADE53EB9BEDA: set configuration 0: [e1740749-fe91-487e-b92b-84770da375d0|rpc:10.1.0.15:38503|dataStream:|priority:0, 17cdb9c6-36ab-42af-b35d-3948633e5a03|rpc:10.1.0.15:34029|dataStream:|priority:1, 07194f3d-c9eb-4893-9cab-c457c5e8e7cf|rpc:10.1.0.15:38719|dataStream:|priority:0], old=null
2022-04-24 04:17:07,095 [grpc-default-executor-0] INFO  segmented.SegmentedRaftLogWorker (SegmentedRaftLogWorker.java:startLogSegment(394)) - e1740749-fe91-487e-b92b-84770da375d0@group-ADE53EB9BEDA-SegmentedRaftLogWorker: Starting segment from index:0
2022-04-24 04:17:07,095 [grpc-default-executor-2] INFO  impl.VoteContext (VoteContext.java:log(48)) - 17cdb9c6-36ab-42af-b35d-3948633e5a03@group-ADE53EB9BEDA-LEADER: reject ELECTION from 07194f3d-c9eb-4893-9cab-c457c5e8e7cf: already has voted for 17cdb9c6-36ab-42af-b35d-3948633e5a03 at current term 1
2022-04-24 04:17:07,096 [grpc-default-executor-2] INFO  server.RaftServer$Division (RaftServerImpl.java:requestVote(1078)) - 17cdb9c6-36ab-42af-b35d-3948633e5a03@group-ADE53EB9BEDA replies to ELECTION vote request: 07194f3d-c9eb-4893-9cab-c457c5e8e7cf<-17cdb9c6-36ab-42af-b35d-3948633e5a03#0:FAIL-t1. Peer's state: 17cdb9c6-36ab-42af-b35d-3948633e5a03@group-ADE53EB9BEDA:t1, leader=17cdb9c6-36ab-42af-b35d-3948633e5a03, voted=17cdb9c6-36ab-42af-b35d-3948633e5a03, raftlog=17cdb9c6-36ab-42af-b35d-3948633e5a03@group-ADE53EB9BEDA-SegmentedRaftLog:OPENED:c-1, conf=0: [e1740749-fe91-487e-b92b-84770da375d0|rpc:10.1.0.15:38503|dataStream:|priority:0, 17cdb9c6-36ab-42af-b35d-3948633e5a03|rpc:10.1.0.15:34029|dataStream:|priority:1, 07194f3d-c9eb-4893-9cab-c457c5e8e7cf|rpc:10.1.0.15:38719|dataStream:|priority:0], old=null
2022-04-24 04:17:07,097 [17cdb9c6-36ab-42af-b35d-3948633e5a03@group-95F5EF4CC5F8-LeaderElection30] INFO  impl.LeaderElection (LeaderElection.java:askForVotes(306)) - 17cdb9c6-36ab-42af-b35d-3948633e5a03@group-95F5EF4CC5F8-LeaderElection30 ELECTION round 0: submit vote requests at term 1 for -1: [17cdb9c6-36ab-42af-b35d-3948633e5a03|rpc:10.1.0.15:34029|priority:1], old=null
2022-04-24 04:17:07,097 [17cdb9c6-36ab-42af-b35d-3948633e5a03@group-95F5EF4CC5F8-LeaderElection30] INFO  impl.LeaderElection (LeaderElection.java:askForVotes(308)) - 17cdb9c6-36ab-42af-b35d-3948633e5a03@group-95F5EF4CC5F8-LeaderElection30 ELECTION round 0: result PASSED (term=1)
2022-04-24 04:17:07,097 [17cdb9c6-36ab-42af-b35d-3948633e5a03@group-95F5EF4CC5F8-LeaderElection30] INFO  impl.RoleInfo (RoleInfo.java:shutdownLeaderElection(121)) - 17cdb9c6-36ab-42af-b35d-3948633e5a03: shutdown 17cdb9c6-36ab-42af-b35d-3948633e5a03@group-95F5EF4CC5F8-LeaderElection30
2022-04-24 04:17:07,097 [17cdb9c6-36ab-42af-b35d-3948633e5a03@group-95F5EF4CC5F8-LeaderElection30] INFO  server.RaftServer$Division (RaftServerImpl.java:setRole(290)) - 17cdb9c6-36ab-42af-b35d-3948633e5a03@group-95F5EF4CC5F8: changes role from CANDIDATE to LEADER at term 1 for changeToLeader
2022-04-24 04:17:07,097 [17cdb9c6-36ab-42af-b35d-3948633e5a03@group-95F5EF4CC5F8-LeaderElection30] INFO  ratis.XceiverServerRatis (XceiverServerRatis.java:handleLeaderChangedNotification(863)) - Leader change notification received for group: group-95F5EF4CC5F8 with new leaderId: 17cdb9c6-36ab-42af-b35d-3948633e5a03
2022-04-24 04:17:07,097 [17cdb9c6-36ab-42af-b35d-3948633e5a03@group-95F5EF4CC5F8-LeaderElection30] INFO  server.RaftServer$Division (ServerState.java:setLeader(285)) - 17cdb9c6-36ab-42af-b35d-3948633e5a03@group-95F5EF4CC5F8: change Leader from null to 17cdb9c6-36ab-42af-b35d-3948633e5a03 at term 1 for becomeLeader, leader elected after 5223ms
2022-04-24 04:17:07,102 [17cdb9c6-36ab-42af-b35d-3948633e5a03@group-95F5EF4CC5F8-LeaderElection30] INFO  server.RaftServerConfigKeys (ConfUtils.java:logGet(44)) - raft.server.staging.catchup.gap = 1000 (default)
2022-04-24 04:17:07,103 [17cdb9c6-36ab-42af-b35d-3948633e5a03@group-95F5EF4CC5F8-LeaderElection30] INFO  server.RaftServerConfigKeys (ConfUtils.java:logGet(44)) - raft.server.write.element-limit = 1024 (custom)
2022-04-24 04:17:07,103 [17cdb9c6-36ab-42af-b35d-3948633e5a03@group-95F5EF4CC5F8-LeaderElection30] INFO  server.RaftServerConfigKeys (ConfUtils.java:logGet(44)) - raft.server.write.byte-limit = 1024 M (=1073741824) (custom)
2022-04-24 04:17:07,103 [e1740749-fe91-487e-b92b-84770da375d0@group-ADE53EB9BEDA-SegmentedRaftLogWorker] INFO  segmented.SegmentedRaftLogWorker (SegmentedRaftLogWorker.java:execute(601)) - e1740749-fe91-487e-b92b-84770da375d0@group-ADE53EB9BEDA-SegmentedRaftLogWorker: created new log segment /home/runner/work/ozone/ozone/hadoop-ozone/integration-test/target/test-dir/MiniOzoneClusterImpl-83189976-e3c9-4226-841a-8dae3aba4f8d/datanode-2/data/ratis/4ce39555-f55b-4b8c-aa95-ade53eb9beda/current/log_inprogress_0
2022-04-24 04:17:07,131 [grpc-default-executor-0] INFO  server.RaftServer$Division (ServerState.java:setRaftConf(387)) - 07194f3d-c9eb-4893-9cab-c457c5e8e7cf@group-ADE53EB9BEDA: set configuration 0: [e1740749-fe91-487e-b92b-84770da375d0|rpc:10.1.0.15:38503|dataStream:|priority:0, 17cdb9c6-36ab-42af-b35d-3948633e5a03|rpc:10.1.0.15:34029|dataStream:|priority:1, 07194f3d-c9eb-4893-9cab-c457c5e8e7cf|rpc:10.1.0.15:38719|dataStream:|priority:0], old=null
2022-04-24 04:17:07,110 [07194f3d-c9eb-4893-9cab-c457c5e8e7cf@group-0CC7895F5F7C-LeaderElection31] INFO  impl.LeaderElection (LeaderElection.java:askForVotes(306)) - 07194f3d-c9eb-4893-9cab-c457c5e8e7cf@group-0CC7895F5F7C-LeaderElection31 ELECTION round 0: submit vote requests at term 1 for -1: [e1740749-fe91-487e-b92b-84770da375d0|rpc:10.1.0.15:38503|priority:0, 17cdb9c6-36ab-42af-b35d-3948633e5a03|rpc:10.1.0.15:34029|priority:0, 07194f3d-c9eb-4893-9cab-c457c5e8e7cf|rpc:10.1.0.15:38719|priority:1], old=null
2022-04-24 04:17:07,131 [07194f3d-c9eb-4893-9cab-c457c5e8e7cf@group-ADE53EB9BEDA-LeaderElection29] INFO  impl.LeaderElection (LeaderElection.java:logAndReturn(89)) - 07194f3d-c9eb-4893-9cab-c457c5e8e7cf@group-ADE53EB9BEDA-LeaderElection29: ELECTION REJECTED received 2 response(s) and 0 exception(s):
2022-04-24 04:17:07,103 [17cdb9c6-36ab-42af-b35d-3948633e5a03@group-95F5EF4CC5F8-LeaderElection30] INFO  server.RaftServerConfigKeys (ConfUtils.java:logGet(44)) - raft.server.watch.timeout = 180s (custom)
2022-04-24 04:17:07,131 [07194f3d-c9eb-4893-9cab-c457c5e8e7cf@group-ADE53EB9BEDA-LeaderElection29] INFO  impl.LeaderElection (LeaderElection.java:logAndReturn(93)) -   Response 0: 07194f3d-c9eb-4893-9cab-c457c5e8e7cf<-e1740749-fe91-487e-b92b-84770da375d0#0:FAIL-t1
2022-04-24 04:17:07,131 [17cdb9c6-36ab-42af-b35d-3948633e5a03@group-95F5EF4CC5F8-LeaderElection30] INFO  server.RaftServerConfigKeys (ConfUtils.java:logGet(44)) - raft.server.watch.timeout.denomination = 1s (default)
2022-04-24 04:17:07,131 [07194f3d-c9eb-4893-9cab-c457c5e8e7cf@group-ADE53EB9BEDA-LeaderElection29] INFO  impl.LeaderElection (LeaderElection.java:logAndReturn(93)) -   Response 1: 07194f3d-c9eb-4893-9cab-c457c5e8e7cf<-17cdb9c6-36ab-42af-b35d-3948633e5a03#0:FAIL-t1
2022-04-24 04:17:07,132 [17cdb9c6-36ab-42af-b35d-3948633e5a03@group-95F5EF4CC5F8-LeaderElection30] INFO  server.RaftServerConfigKeys (ConfUtils.java:logGet(44)) - raft.server.watch.element-limit = 65536 (default)
2022-04-24 04:17:07,132 [17cdb9c6-36ab-42af-b35d-3948633e5a03@group-95F5EF4CC5F8-LeaderElection30] INFO  server.RaftServerConfigKeys (ConfUtils.java:logGet(44)) - raft.server.write.element-limit = 1024 (custom)
2022-04-24 04:17:07,132 [17cdb9c6-36ab-42af-b35d-3948633e5a03@group-95F5EF4CC5F8-LeaderElection30] INFO  server.RaftServerConfigKeys (ConfUtils.java:logGet(44)) - raft.server.write.follower.gap.ratio.max = -1.0 (default)
2022-04-24 04:17:07,132 [17cdb9c6-36ab-42af-b35d-3948633e5a03@group-95F5EF4CC5F8-LeaderElection30] INFO  impl.RoleInfo (RoleInfo.java:updateAndGet(130)) - 17cdb9c6-36ab-42af-b35d-3948633e5a03: start 17cdb9c6-36ab-42af-b35d-3948633e5a03@group-95F5EF4CC5F8-LeaderStateImpl
2022-04-24 04:17:07,133 [grpc-default-executor-3] INFO  server.RaftServer$Division (RaftServerImpl.java:requestVote(1046)) - e1740749-fe91-487e-b92b-84770da375d0@group-0CC7895F5F7C: receive requestVote(ELECTION, 07194f3d-c9eb-4893-9cab-c457c5e8e7cf, group-0CC7895F5F7C, 1, (t:0, i:0))
2022-04-24 04:17:07,133 [grpc-default-executor-3] INFO  impl.VoteContext (VoteContext.java:log(48)) - e1740749-fe91-487e-b92b-84770da375d0@group-0CC7895F5F7C-FOLLOWER: accept ELECTION from 07194f3d-c9eb-4893-9cab-c457c5e8e7cf: our priority 0 <= candidate's priority 1
2022-04-24 04:17:07,134 [grpc-default-executor-3] INFO  server.RaftServer$Division (RaftServerImpl.java:setRole(290)) - e1740749-fe91-487e-b92b-84770da375d0@group-0CC7895F5F7C: changes role from  FOLLOWER to FOLLOWER at term 1 for candidate:07194f3d-c9eb-4893-9cab-c457c5e8e7cf
2022-04-24 04:17:07,134 [grpc-default-executor-3] INFO  impl.RoleInfo (RoleInfo.java:shutdownFollowerState(108)) - e1740749-fe91-487e-b92b-84770da375d0: shutdown e1740749-fe91-487e-b92b-84770da375d0@group-0CC7895F5F7C-FollowerState
2022-04-24 04:17:07,145 [grpc-default-executor-3] INFO  impl.RoleInfo (RoleInfo.java:updateAndGet(130)) - e1740749-fe91-487e-b92b-84770da375d0: start e1740749-fe91-487e-b92b-84770da375d0@group-0CC7895F5F7C-FollowerState
2022-04-24 04:17:07,145 [e1740749-fe91-487e-b92b-84770da375d0@group-0CC7895F5F7C-FollowerState] INFO  impl.FollowerState (FollowerState.java:run(143)) - e1740749-fe91-487e-b92b-84770da375d0@group-0CC7895F5F7C-FollowerState was interrupted: {}
java.lang.InterruptedException: sleep interrupted
	at java.lang.Thread.sleep(Native Method)
	at java.lang.Thread.sleep(Thread.java:342)
	at java.util.concurrent.TimeUnit.sleep(TimeUnit.java:386)
	at org.apache.ratis.util.TimeDuration.sleep(TimeDuration.java:324)
	at org.apache.ratis.util.TimeDuration.sleep(TimeDuration.java:309)
	at org.apache.ratis.server.impl.FollowerState.run(FollowerState.java:118)
2022-04-24 04:17:07,154 [grpc-default-executor-2] INFO  server.RaftServer$Division (RaftServerImpl.java:requestVote(1046)) - 17cdb9c6-36ab-42af-b35d-3948633e5a03@group-0CC7895F5F7C: receive requestVote(ELECTION, 07194f3d-c9eb-4893-9cab-c457c5e8e7cf, group-0CC7895F5F7C, 1, (t:0, i:0))
2022-04-24 04:17:07,154 [grpc-default-executor-2] INFO  impl.VoteContext (VoteContext.java:log(48)) - 17cdb9c6-36ab-42af-b35d-3948633e5a03@group-0CC7895F5F7C-FOLLOWER: accept ELECTION from 07194f3d-c9eb-4893-9cab-c457c5e8e7cf: our priority 0 <= candidate's priority 1
2022-04-24 04:17:07,154 [grpc-default-executor-2] INFO  server.RaftServer$Division (RaftServerImpl.java:setRole(290)) - 17cdb9c6-36ab-42af-b35d-3948633e5a03@group-0CC7895F5F7C: changes role from  FOLLOWER to FOLLOWER at term 1 for candidate:07194f3d-c9eb-4893-9cab-c457c5e8e7cf
2022-04-24 04:17:07,154 [grpc-default-executor-2] INFO  impl.RoleInfo (RoleInfo.java:shutdownFollowerState(108)) - 17cdb9c6-36ab-42af-b35d-3948633e5a03: shutdown 17cdb9c6-36ab-42af-b35d-3948633e5a03@group-0CC7895F5F7C-FollowerState
2022-04-24 04:17:07,158 [07194f3d-c9eb-4893-9cab-c457c5e8e7cf@group-ADE53EB9BEDA-LeaderElection29] INFO  impl.LeaderElection (LeaderElection.java:askForVotes(308)) - 07194f3d-c9eb-4893-9cab-c457c5e8e7cf@group-ADE53EB9BEDA-LeaderElection29 ELECTION round 0: result REJECTED
2022-04-24 04:17:07,158 [grpc-default-executor-0] INFO  segmented.SegmentedRaftLogWorker (SegmentedRaftLogWorker.java:startLogSegment(394)) - 07194f3d-c9eb-4893-9cab-c457c5e8e7cf@group-ADE53EB9BEDA-SegmentedRaftLogWorker: Starting segment from index:0
2022-04-24 04:17:07,158 [grpc-default-executor-2] INFO  impl.RoleInfo (RoleInfo.java:updateAndGet(130)) - 17cdb9c6-36ab-42af-b35d-3948633e5a03: start 17cdb9c6-36ab-42af-b35d-3948633e5a03@group-0CC7895F5F7C-FollowerState
2022-04-24 04:17:07,160 [grpc-default-executor-3] INFO  server.RaftServer$Division (RaftServerImpl.java:requestVote(1078)) - e1740749-fe91-487e-b92b-84770da375d0@group-0CC7895F5F7C replies to ELECTION vote request: 07194f3d-c9eb-4893-9cab-c457c5e8e7cf<-e1740749-fe91-487e-b92b-84770da375d0#0:OK-t1. Peer's state: e1740749-fe91-487e-b92b-84770da375d0@group-0CC7895F5F7C:t1, leader=null, voted=07194f3d-c9eb-4893-9cab-c457c5e8e7cf, raftlog=e1740749-fe91-487e-b92b-84770da375d0@group-0CC7895F5F7C-SegmentedRaftLog:OPENED:c-1, conf=-1: [e1740749-fe91-487e-b92b-84770da375d0|rpc:10.1.0.15:38503|dataStream:|priority:0, 17cdb9c6-36ab-42af-b35d-3948633e5a03|rpc:10.1.0.15:34029|dataStream:|priority:0, 07194f3d-c9eb-4893-9cab-c457c5e8e7cf|rpc:10.1.0.15:38719|dataStream:|priority:1], old=null
2022-04-24 04:17:07,190 [17cdb9c6-36ab-42af-b35d-3948633e5a03@group-0CC7895F5F7C-FollowerState] INFO  impl.FollowerState (FollowerState.java:run(143)) - 17cdb9c6-36ab-42af-b35d-3948633e5a03@group-0CC7895F5F7C-FollowerState was interrupted: {}
java.lang.InterruptedException: sleep interrupted
	at java.lang.Thread.sleep(Native Method)
	at java.lang.Thread.sleep(Thread.java:342)
	at java.util.concurrent.TimeUnit.sleep(TimeUnit.java:386)
	at org.apache.ratis.util.TimeDuration.sleep(TimeDuration.java:324)
	at org.apache.ratis.util.TimeDuration.sleep(TimeDuration.java:309)
	at org.apache.ratis.server.impl.FollowerState.run(FollowerState.java:118)
2022-04-24 04:17:07,191 [07194f3d-c9eb-4893-9cab-c457c5e8e7cf@group-0CC7895F5F7C-LeaderElection31] INFO  impl.LeaderElection (LeaderElection.java:logAndReturn(89)) - 07194f3d-c9eb-4893-9cab-c457c5e8e7cf@group-0CC7895F5F7C-LeaderElection31: ELECTION PASSED received 1 response(s) and 0 exception(s):
2022-04-24 04:17:07,225 [07194f3d-c9eb-4893-9cab-c457c5e8e7cf@group-0CC7895F5F7C-LeaderElection31] INFO  impl.LeaderElection (LeaderElection.java:logAndReturn(93)) -   Response 0: 07194f3d-c9eb-4893-9cab-c457c5e8e7cf<-e1740749-fe91-487e-b92b-84770da375d0#0:OK-t1
2022-04-24 04:17:07,225 [07194f3d-c9eb-4893-9cab-c457c5e8e7cf@group-0CC7895F5F7C-LeaderElection31] INFO  impl.LeaderElection (LeaderElection.java:askForVotes(308)) - 07194f3d-c9eb-4893-9cab-c457c5e8e7cf@group-0CC7895F5F7C-LeaderElection31 ELECTION round 0: result PASSED
2022-04-24 04:17:07,225 [07194f3d-c9eb-4893-9cab-c457c5e8e7cf@group-0CC7895F5F7C-LeaderElection31] INFO  impl.RoleInfo (RoleInfo.java:shutdownLeaderElection(121)) - 07194f3d-c9eb-4893-9cab-c457c5e8e7cf: shutdown 07194f3d-c9eb-4893-9cab-c457c5e8e7cf@group-0CC7895F5F7C-LeaderElection31
2022-04-24 04:17:07,225 [07194f3d-c9eb-4893-9cab-c457c5e8e7cf@group-0CC7895F5F7C-LeaderElection31] INFO  server.RaftServer$Division (RaftServerImpl.java:setRole(290)) - 07194f3d-c9eb-4893-9cab-c457c5e8e7cf@group-0CC7895F5F7C: changes role from CANDIDATE to LEADER at term 1 for changeToLeader
2022-04-24 04:17:07,225 [07194f3d-c9eb-4893-9cab-c457c5e8e7cf@group-0CC7895F5F7C-LeaderElection31] INFO  ratis.XceiverServerRatis (XceiverServerRatis.java:handleLeaderChangedNotification(863)) - Leader change notification received for group: group-0CC7895F5F7C with new leaderId: 07194f3d-c9eb-4893-9cab-c457c5e8e7cf
2022-04-24 04:17:07,225 [07194f3d-c9eb-4893-9cab-c457c5e8e7cf@group-0CC7895F5F7C-LeaderElection31] INFO  server.RaftServer$Division (ServerState.java:setLeader(285)) - 07194f3d-c9eb-4893-9cab-c457c5e8e7cf@group-0CC7895F5F7C: change Leader from null to 07194f3d-c9eb-4893-9cab-c457c5e8e7cf at term 1 for becomeLeader, leader elected after 5346ms
2022-04-24 04:17:07,226 [07194f3d-c9eb-4893-9cab-c457c5e8e7cf@group-0CC7895F5F7C-LeaderElection31] INFO  server.RaftServerConfigKeys (ConfUtils.java:logGet(44)) - raft.server.staging.catchup.gap = 1000 (default)
2022-04-24 04:17:07,226 [07194f3d-c9eb-4893-9cab-c457c5e8e7cf@group-0CC7895F5F7C-LeaderElection31] INFO  server.RaftServerConfigKeys (ConfUtils.java:logGet(44)) - raft.server.write.element-limit = 1024 (custom)
2022-04-24 04:17:07,226 [07194f3d-c9eb-4893-9cab-c457c5e8e7cf@group-0CC7895F5F7C-LeaderElection31] INFO  server.RaftServerConfigKeys (ConfUtils.java:logGet(44)) - raft.server.write.byte-limit = 1024 M (=1073741824) (custom)
2022-04-24 04:17:07,226 [07194f3d-c9eb-4893-9cab-c457c5e8e7cf@group-0CC7895F5F7C-LeaderElection31] INFO  server.RaftServerConfigKeys (ConfUtils.java:logGet(44)) - raft.server.watch.timeout = 180s (custom)
2022-04-24 04:17:07,226 [07194f3d-c9eb-4893-9cab-c457c5e8e7cf@group-0CC7895F5F7C-LeaderElection31] INFO  server.RaftServerConfigKeys (ConfUtils.java:logGet(44)) - raft.server.watch.timeout.denomination = 1s (default)
2022-04-24 04:17:07,226 [07194f3d-c9eb-4893-9cab-c457c5e8e7cf@group-0CC7895F5F7C-LeaderElection31] INFO  server.RaftServerConfigKeys (ConfUtils.java:logGet(44)) - raft.server.watch.element-limit = 65536 (default)
2022-04-24 04:17:07,226 [07194f3d-c9eb-4893-9cab-c457c5e8e7cf@group-0CC7895F5F7C-LeaderElection31] INFO  server.RaftServerConfigKeys (ConfUtils.java:logGet(44)) - raft.server.write.element-limit = 1024 (custom)
2022-04-24 04:17:07,226 [07194f3d-c9eb-4893-9cab-c457c5e8e7cf@group-0CC7895F5F7C-LeaderElection31] INFO  server.RaftServerConfigKeys (ConfUtils.java:logGet(44)) - raft.server.write.follower.gap.ratio.max = -1.0 (default)
2022-04-24 04:17:07,226 [07194f3d-c9eb-4893-9cab-c457c5e8e7cf@group-0CC7895F5F7C-LeaderElection31] INFO  server.RaftServerConfigKeys (ConfUtils.java:logGet(44)) - raft.server.log.appender.snapshot.chunk.size.max = 16MB (=16777216) (default)
2022-04-24 04:17:07,226 [07194f3d-c9eb-4893-9cab-c457c5e8e7cf@group-0CC7895F5F7C-LeaderElection31] INFO  server.RaftServerConfigKeys (ConfUtils.java:logGet(44)) - raft.server.log.appender.buffer.byte-limit = 33554432 (custom)
2022-04-24 04:17:07,227 [07194f3d-c9eb-4893-9cab-c457c5e8e7cf@group-0CC7895F5F7C-LeaderElection31] INFO  server.RaftServerConfigKeys (ConfUtils.java:logGet(44)) - raft.server.log.appender.buffer.element-limit = 1 (custom)
2022-04-24 04:17:07,227 [07194f3d-c9eb-4893-9cab-c457c5e8e7cf@group-0CC7895F5F7C-LeaderElection31] INFO  grpc.GrpcConfigKeys (ConfUtils.java:logGet(44)) - raft.grpc.server.leader.outstanding.appends.max = 128 (default)
2022-04-24 04:17:07,227 [07194f3d-c9eb-4893-9cab-c457c5e8e7cf@group-0CC7895F5F7C-LeaderElection31] INFO  server.RaftServerConfigKeys (ConfUtils.java:logGet(44)) - raft.server.rpc.request.timeout = 60s (custom)
2022-04-24 04:17:07,227 [07194f3d-c9eb-4893-9cab-c457c5e8e7cf@group-0CC7895F5F7C-LeaderElection31] INFO  server.RaftServerConfigKeys (ConfUtils.java:logGet(44)) - raft.server.log.appender.install.snapshot.enabled = false (custom)
2022-04-24 04:17:07,227 [07194f3d-c9eb-4893-9cab-c457c5e8e7cf@group-0CC7895F5F7C-LeaderElection31] INFO  server.RaftServerConfigKeys (ConfUtils.java:logGet(44)) - raft.server.log.appender.snapshot.chunk.size.max = 16MB (=16777216) (default)
2022-04-24 04:17:07,228 [07194f3d-c9eb-4893-9cab-c457c5e8e7cf@group-0CC7895F5F7C-LeaderElection31] INFO  server.RaftServerConfigKeys (ConfUtils.java:logGet(44)) - raft.server.log.appender.buffer.byte-limit = 33554432 (custom)
2022-04-24 04:17:07,228 [07194f3d-c9eb-4893-9cab-c457c5e8e7cf@group-0CC7895F5F7C-LeaderElection31] INFO  server.RaftServerConfigKeys (ConfUtils.java:logGet(44)) - raft.server.log.appender.buffer.element-limit = 1 (custom)
2022-04-24 04:17:07,228 [07194f3d-c9eb-4893-9cab-c457c5e8e7cf@group-0CC7895F5F7C-LeaderElection31] INFO  grpc.GrpcConfigKeys (ConfUtils.java:logGet(44)) - raft.grpc.server.leader.outstanding.appends.max = 128 (default)
2022-04-24 04:17:07,228 [07194f3d-c9eb-4893-9cab-c457c5e8e7cf@group-0CC7895F5F7C-LeaderElection31] INFO  server.RaftServerConfigKeys (ConfUtils.java:logGet(44)) - raft.server.rpc.request.timeout = 60s (custom)
2022-04-24 04:17:07,228 [07194f3d-c9eb-4893-9cab-c457c5e8e7cf@group-0CC7895F5F7C-LeaderElection31] INFO  server.RaftServerConfigKeys (ConfUtils.java:logGet(44)) - raft.server.log.appender.install.snapshot.enabled = false (custom)
2022-04-24 04:17:07,228 [07194f3d-c9eb-4893-9cab-c457c5e8e7cf@group-0CC7895F5F7C-LeaderElection31] INFO  impl.RoleInfo (RoleInfo.java:updateAndGet(130)) - 07194f3d-c9eb-4893-9cab-c457c5e8e7cf: start 07194f3d-c9eb-4893-9cab-c457c5e8e7cf@group-0CC7895F5F7C-LeaderStateImpl
2022-04-24 04:17:07,229 [07194f3d-c9eb-4893-9cab-c457c5e8e7cf@group-0CC7895F5F7C-LeaderElection31] INFO  segmented.SegmentedRaftLogWorker (SegmentedRaftLogWorker.java:startLogSegment(394)) - 07194f3d-c9eb-4893-9cab-c457c5e8e7cf@group-0CC7895F5F7C-SegmentedRaftLogWorker: Starting segment from index:0
2022-04-24 04:17:07,193 [07194f3d-c9eb-4893-9cab-c457c5e8e7cf@group-ADE53EB9BEDA-SegmentedRaftLogWorker] INFO  segmented.SegmentedRaftLogWorker (SegmentedRaftLogWorker.java:execute(601)) - 07194f3d-c9eb-4893-9cab-c457c5e8e7cf@group-ADE53EB9BEDA-SegmentedRaftLogWorker: created new log segment /home/runner/work/ozone/ozone/hadoop-ozone/integration-test/target/test-dir/MiniOzoneClusterImpl-83189976-e3c9-4226-841a-8dae3aba4f8d/datanode-0/data/ratis/4ce39555-f55b-4b8c-aa95-ade53eb9beda/current/log_inprogress_0
2022-04-24 04:17:07,230 [07194f3d-c9eb-4893-9cab-c457c5e8e7cf@group-0CC7895F5F7C-SegmentedRaftLogWorker] INFO  segmented.SegmentedRaftLogWorker (SegmentedRaftLogWorker.java:execute(601)) - 07194f3d-c9eb-4893-9cab-c457c5e8e7cf@group-0CC7895F5F7C-SegmentedRaftLogWorker: created new log segment /home/runner/work/ozone/ozone/hadoop-ozone/integration-test/target/test-dir/MiniOzoneClusterImpl-83189976-e3c9-4226-841a-8dae3aba4f8d/datanode-0/data/ratis/af01b7d4-bc2f-4284-a020-0cc7895f5f7c/current/log_inprogress_0
2022-04-24 04:17:07,193 [grpc-default-executor-2] INFO  server.RaftServer$Division (RaftServerImpl.java:requestVote(1078)) - 17cdb9c6-36ab-42af-b35d-3948633e5a03@group-0CC7895F5F7C replies to ELECTION vote request: 07194f3d-c9eb-4893-9cab-c457c5e8e7cf<-17cdb9c6-36ab-42af-b35d-3948633e5a03#0:OK-t1. Peer's state: 17cdb9c6-36ab-42af-b35d-3948633e5a03@group-0CC7895F5F7C:t1, leader=null, voted=07194f3d-c9eb-4893-9cab-c457c5e8e7cf, raftlog=17cdb9c6-36ab-42af-b35d-3948633e5a03@group-0CC7895F5F7C-SegmentedRaftLog:OPENED:c-1, conf=-1: [e1740749-fe91-487e-b92b-84770da375d0|rpc:10.1.0.15:38503|priority:0, 17cdb9c6-36ab-42af-b35d-3948633e5a03|rpc:10.1.0.15:34029|priority:0, 07194f3d-c9eb-4893-9cab-c457c5e8e7cf|rpc:10.1.0.15:38719|priority:1], old=null
2022-04-24 04:17:07,192 [17cdb9c6-36ab-42af-b35d-3948633e5a03@group-95F5EF4CC5F8-LeaderElection30] INFO  segmented.SegmentedRaftLogWorker (SegmentedRaftLogWorker.java:startLogSegment(394)) - 17cdb9c6-36ab-42af-b35d-3948633e5a03@group-95F5EF4CC5F8-SegmentedRaftLogWorker: Starting segment from index:0
2022-04-24 04:17:07,233 [EventQueue-PipelineReportForPipelineReportHandler] INFO  pipeline.PipelineManagerImpl (PipelineManagerImpl.java:openPipeline(321)) - Pipeline Pipeline[ Id: af01b7d4-bc2f-4284-a020-0cc7895f5f7c, Nodes: 07194f3d-c9eb-4893-9cab-c457c5e8e7cf{ip: 10.1.0.15, host: fv-az50-870.grzltbmokehuzjyc5b133kdqgh.cx.internal.cloudapp.net, ports: [REPLICATION=34863, RATIS=38719, RATIS_ADMIN=38719, RATIS_SERVER=38719, STANDALONE=36679], networkLocation: /default-rack, certSerialId: null, persistedOpState: IN_SERVICE, persistedOpStateExpiryEpochSec: 0}17cdb9c6-36ab-42af-b35d-3948633e5a03{ip: 10.1.0.15, host: fv-az50-870.grzltbmokehuzjyc5b133kdqgh.cx.internal.cloudapp.net, ports: [REPLICATION=40429, RATIS=34029, RATIS_ADMIN=34029, RATIS_SERVER=34029, STANDALONE=45695], networkLocation: /default-rack, certSerialId: null, persistedOpState: IN_SERVICE, persistedOpStateExpiryEpochSec: 0}e1740749-fe91-487e-b92b-84770da375d0{ip: 10.1.0.15, host: fv-az50-870.grzltbmokehuzjyc5b133kdqgh.cx.internal.cloudapp.net, ports: [REPLICATION=38359, RATIS=38503, RATIS_ADMIN=38503, RATIS_SERVER=38503, STANDALONE=46271], networkLocation: /default-rack, certSerialId: null, persistedOpState: IN_SERVICE, persistedOpStateExpiryEpochSec: 0}, ReplicationConfig: RATIS/THREE, State:ALLOCATED, leaderId:07194f3d-c9eb-4893-9cab-c457c5e8e7cf, CreationTimestamp2022-04-24T04:16:59.395Z[Etc/UTC]] moved to OPEN state
2022-04-24 04:17:07,287 [07194f3d-c9eb-4893-9cab-c457c5e8e7cf@group-0CC7895F5F7C-LeaderElection31] INFO  server.RaftServer$Division (ServerState.java:setRaftConf(387)) - 07194f3d-c9eb-4893-9cab-c457c5e8e7cf@group-0CC7895F5F7C: set configuration 0: [e1740749-fe91-487e-b92b-84770da375d0|rpc:10.1.0.15:38503|dataStream:|priority:0, 17cdb9c6-36ab-42af-b35d-3948633e5a03|rpc:10.1.0.15:34029|dataStream:|priority:0, 07194f3d-c9eb-4893-9cab-c457c5e8e7cf|rpc:10.1.0.15:38719|dataStream:|priority:1], old=null
2022-04-24 04:17:07,288 [17cdb9c6-36ab-42af-b35d-3948633e5a03@group-95F5EF4CC5F8-SegmentedRaftLogWorker] INFO  segmented.SegmentedRaftLogWorker (SegmentedRaftLogWorker.java:execute(601)) - 17cdb9c6-36ab-42af-b35d-3948633e5a03@group-95F5EF4CC5F8-SegmentedRaftLogWorker: created new log segment /home/runner/work/ozone/ozone/hadoop-ozone/integration-test/target/test-dir/MiniOzoneClusterImpl-83189976-e3c9-4226-841a-8dae3aba4f8d/datanode-1/data/ratis/12602f73-9948-4ca8-8eed-95f5ef4cc5f8/current/log_inprogress_0
2022-04-24 04:17:07,296 [17cdb9c6-36ab-42af-b35d-3948633e5a03@group-95F5EF4CC5F8-LeaderElection30] INFO  server.RaftServer$Division (ServerState.java:setRaftConf(387)) - 17cdb9c6-36ab-42af-b35d-3948633e5a03@group-95F5EF4CC5F8: set configuration 0: [17cdb9c6-36ab-42af-b35d-3948633e5a03|rpc:10.1.0.15:34029|dataStream:|priority:1], old=null
2022-04-24 04:17:07,288 [grpc-default-executor-3] INFO  ratis.XceiverServerRatis (XceiverServerRatis.java:handleLeaderChangedNotification(863)) - Leader change notification received for group: group-0CC7895F5F7C with new leaderId: 07194f3d-c9eb-4893-9cab-c457c5e8e7cf
2022-04-24 04:17:07,297 [grpc-default-executor-3] INFO  server.RaftServer$Division (ServerState.java:setLeader(285)) - e1740749-fe91-487e-b92b-84770da375d0@group-0CC7895F5F7C: change Leader from null to 07194f3d-c9eb-4893-9cab-c457c5e8e7cf at term 1 for appendEntries, leader elected after 5185ms
2022-04-24 04:17:07,306 [grpc-default-executor-3] INFO  server.RaftServer$Division (ServerState.java:setRaftConf(387)) - e1740749-fe91-487e-b92b-84770da375d0@group-0CC7895F5F7C: set configuration 0: [e1740749-fe91-487e-b92b-84770da375d0|rpc:10.1.0.15:38503|dataStream:|priority:0, 17cdb9c6-36ab-42af-b35d-3948633e5a03|rpc:10.1.0.15:34029|dataStream:|priority:0, 07194f3d-c9eb-4893-9cab-c457c5e8e7cf|rpc:10.1.0.15:38719|dataStream:|priority:1], old=null
2022-04-24 04:17:07,306 [grpc-default-executor-3] INFO  segmented.SegmentedRaftLogWorker (SegmentedRaftLogWorker.java:startLogSegment(394)) - e1740749-fe91-487e-b92b-84770da375d0@group-0CC7895F5F7C-SegmentedRaftLogWorker: Starting segment from index:0
2022-04-24 04:17:07,308 [e1740749-fe91-487e-b92b-84770da375d0@group-0CC7895F5F7C-SegmentedRaftLogWorker] INFO  segmented.SegmentedRaftLogWorker (SegmentedRaftLogWorker.java:execute(601)) - e1740749-fe91-487e-b92b-84770da375d0@group-0CC7895F5F7C-SegmentedRaftLogWorker: created new log segment /home/runner/work/ozone/ozone/hadoop-ozone/integration-test/target/test-dir/MiniOzoneClusterImpl-83189976-e3c9-4226-841a-8dae3aba4f8d/datanode-2/data/ratis/af01b7d4-bc2f-4284-a020-0cc7895f5f7c/current/log_inprogress_0
2022-04-24 04:17:07,314 [Listener at 127.0.0.1/45981] INFO  ozone.MiniOzoneClusterImpl (MiniOzoneClusterImpl.java:lambda$waitForClusterToBeReady$0(221)) - Nodes are ready. Got 5 of 5 DN Heartbeats.
2022-04-24 04:17:07,315 [Listener at 127.0.0.1/45981] INFO  ozone.MiniOzoneClusterImpl (MiniOzoneClusterImpl.java:lambda$waitForClusterToBeReady$0(224)) - Cluster exits safe mode
2022-04-24 04:17:07,315 [Listener at 127.0.0.1/45981] INFO  ozone.MiniOzoneClusterImpl (MiniOzoneClusterImpl.java:lambda$waitForClusterToBeReady$0(226)) - SCM became leader
2022-04-24 04:17:07,316 [grpc-default-executor-2] INFO  ratis.XceiverServerRatis (XceiverServerRatis.java:handleLeaderChangedNotification(863)) - Leader change notification received for group: group-0CC7895F5F7C with new leaderId: 07194f3d-c9eb-4893-9cab-c457c5e8e7cf
2022-04-24 04:17:07,316 [grpc-default-executor-2] INFO  server.RaftServer$Division (ServerState.java:setLeader(285)) - 17cdb9c6-36ab-42af-b35d-3948633e5a03@group-0CC7895F5F7C: change Leader from null to 07194f3d-c9eb-4893-9cab-c457c5e8e7cf at term 1 for appendEntries, leader elected after 5320ms
2022-04-24 04:17:07,336 [grpc-default-executor-2] INFO  server.RaftServer$Division (ServerState.java:setRaftConf(387)) - 17cdb9c6-36ab-42af-b35d-3948633e5a03@group-0CC7895F5F7C: set configuration 0: [e1740749-fe91-487e-b92b-84770da375d0|rpc:10.1.0.15:38503|dataStream:|priority:0, 17cdb9c6-36ab-42af-b35d-3948633e5a03|rpc:10.1.0.15:34029|dataStream:|priority:0, 07194f3d-c9eb-4893-9cab-c457c5e8e7cf|rpc:10.1.0.15:38719|dataStream:|priority:1], old=null
2022-04-24 04:17:07,336 [grpc-default-executor-2] INFO  segmented.SegmentedRaftLogWorker (SegmentedRaftLogWorker.java:startLogSegment(394)) - 17cdb9c6-36ab-42af-b35d-3948633e5a03@group-0CC7895F5F7C-SegmentedRaftLogWorker: Starting segment from index:0
2022-04-24 04:17:07,363 [17cdb9c6-36ab-42af-b35d-3948633e5a03@group-0CC7895F5F7C-SegmentedRaftLogWorker] INFO  segmented.SegmentedRaftLogWorker (SegmentedRaftLogWorker.java:execute(601)) - 17cdb9c6-36ab-42af-b35d-3948633e5a03@group-0CC7895F5F7C-SegmentedRaftLogWorker: created new log segment /home/runner/work/ozone/ozone/hadoop-ozone/integration-test/target/test-dir/MiniOzoneClusterImpl-83189976-e3c9-4226-841a-8dae3aba4f8d/datanode-1/data/ratis/af01b7d4-bc2f-4284-a020-0cc7895f5f7c/current/log_inprogress_0
2022-04-24 04:17:07,466 [e1740749-fe91-487e-b92b-84770da375d0@group-C93319A1F28A-FollowerState] INFO  impl.FollowerState (FollowerState.java:run(134)) - e1740749-fe91-487e-b92b-84770da375d0@group-C93319A1F28A-FollowerState: change to CANDIDATE, lastRpcElapsedTime:5046655494ns, electionTimeout:5037ms
2022-04-24 04:17:07,467 [e1740749-fe91-487e-b92b-84770da375d0@group-C93319A1F28A-FollowerState] INFO  impl.RoleInfo (RoleInfo.java:shutdownFollowerState(108)) - e1740749-fe91-487e-b92b-84770da375d0: shutdown e1740749-fe91-487e-b92b-84770da375d0@group-C93319A1F28A-FollowerState
2022-04-24 04:17:07,467 [e1740749-fe91-487e-b92b-84770da375d0@group-C93319A1F28A-FollowerState] INFO  server.RaftServer$Division (RaftServerImpl.java:setRole(290)) - e1740749-fe91-487e-b92b-84770da375d0@group-C93319A1F28A: changes role from  FOLLOWER to CANDIDATE at term 0 for changeToCandidate
2022-04-24 04:17:07,467 [e1740749-fe91-487e-b92b-84770da375d0@group-C93319A1F28A-FollowerState] INFO  server.RaftServerConfigKeys (ConfUtils.java:logGet(44)) - raft.server.leaderelection.pre-vote = false (custom)
2022-04-24 04:17:07,467 [e1740749-fe91-487e-b92b-84770da375d0@group-C93319A1F28A-FollowerState] INFO  impl.RoleInfo (RoleInfo.java:updateAndGet(130)) - e1740749-fe91-487e-b92b-84770da375d0: start e1740749-fe91-487e-b92b-84770da375d0@group-C93319A1F28A-LeaderElection32
2022-04-24 04:17:07,521 [e1740749-fe91-487e-b92b-84770da375d0@group-C93319A1F28A-LeaderElection32] INFO  impl.LeaderElection (LeaderElection.java:askForVotes(306)) - e1740749-fe91-487e-b92b-84770da375d0@group-C93319A1F28A-LeaderElection32 ELECTION round 0: submit vote requests at term 1 for -1: [e1740749-fe91-487e-b92b-84770da375d0|rpc:10.1.0.15:38503|priority:1], old=null
2022-04-24 04:17:07,521 [e1740749-fe91-487e-b92b-84770da375d0@group-C93319A1F28A-LeaderElection32] INFO  impl.LeaderElection (LeaderElection.java:askForVotes(308)) - e1740749-fe91-487e-b92b-84770da375d0@group-C93319A1F28A-LeaderElection32 ELECTION round 0: result PASSED (term=1)
2022-04-24 04:17:07,521 [e1740749-fe91-487e-b92b-84770da375d0@group-C93319A1F28A-LeaderElection32] INFO  impl.RoleInfo (RoleInfo.java:shutdownLeaderElection(121)) - e1740749-fe91-487e-b92b-84770da375d0: shutdown e1740749-fe91-487e-b92b-84770da375d0@group-C93319A1F28A-LeaderElection32
2022-04-24 04:17:07,521 [e1740749-fe91-487e-b92b-84770da375d0@group-C93319A1F28A-LeaderElection32] INFO  server.RaftServer$Division (RaftServerImpl.java:setRole(290)) - e1740749-fe91-487e-b92b-84770da375d0@group-C93319A1F28A: changes role from CANDIDATE to LEADER at term 1 for changeToLeader
2022-04-24 04:17:07,521 [e1740749-fe91-487e-b92b-84770da375d0@group-C93319A1F28A-LeaderElection32] INFO  ratis.XceiverServerRatis (XceiverServerRatis.java:handleLeaderChangedNotification(863)) - Leader change notification received for group: group-C93319A1F28A with new leaderId: e1740749-fe91-487e-b92b-84770da375d0
2022-04-24 04:17:07,522 [e1740749-fe91-487e-b92b-84770da375d0@group-C93319A1F28A-LeaderElection32] INFO  server.RaftServer$Division (ServerState.java:setLeader(285)) - e1740749-fe91-487e-b92b-84770da375d0@group-C93319A1F28A: change Leader from null to e1740749-fe91-487e-b92b-84770da375d0 at term 1 for becomeLeader, leader elected after 5120ms
2022-04-24 04:17:07,522 [e1740749-fe91-487e-b92b-84770da375d0@group-C93319A1F28A-LeaderElection32] INFO  server.RaftServerConfigKeys (ConfUtils.java:logGet(44)) - raft.server.staging.catchup.gap = 1000 (default)
2022-04-24 04:17:07,522 [e1740749-fe91-487e-b92b-84770da375d0@group-C93319A1F28A-LeaderElection32] INFO  server.RaftServerConfigKeys (ConfUtils.java:logGet(44)) - raft.server.write.element-limit = 1024 (custom)
2022-04-24 04:17:07,522 [e1740749-fe91-487e-b92b-84770da375d0@group-C93319A1F28A-LeaderElection32] INFO  server.RaftServerConfigKeys (ConfUtils.java:logGet(44)) - raft.server.write.byte-limit = 1024 M (=1073741824) (custom)
2022-04-24 04:17:07,522 [e1740749-fe91-487e-b92b-84770da375d0@group-C93319A1F28A-LeaderElection32] INFO  server.RaftServerConfigKeys (ConfUtils.java:logGet(44)) - raft.server.watch.timeout = 180s (custom)
2022-04-24 04:17:07,522 [e1740749-fe91-487e-b92b-84770da375d0@group-C93319A1F28A-LeaderElection32] INFO  server.RaftServerConfigKeys (ConfUtils.java:logGet(44)) - raft.server.watch.timeout.denomination = 1s (default)
2022-04-24 04:17:07,522 [e1740749-fe91-487e-b92b-84770da375d0@group-C93319A1F28A-LeaderElection32] INFO  server.RaftServerConfigKeys (ConfUtils.java:logGet(44)) - raft.server.watch.element-limit = 65536 (default)
2022-04-24 04:17:07,522 [e1740749-fe91-487e-b92b-84770da375d0@group-C93319A1F28A-LeaderElection32] INFO  server.RaftServerConfigKeys (ConfUtils.java:logGet(44)) - raft.server.write.element-limit = 1024 (custom)
2022-04-24 04:17:07,522 [e1740749-fe91-487e-b92b-84770da375d0@group-C93319A1F28A-LeaderElection32] INFO  server.RaftServerConfigKeys (ConfUtils.java:logGet(44)) - raft.server.write.follower.gap.ratio.max = -1.0 (default)
2022-04-24 04:17:07,523 [e1740749-fe91-487e-b92b-84770da375d0@group-C93319A1F28A-LeaderElection32] INFO  impl.RoleInfo (RoleInfo.java:updateAndGet(130)) - e1740749-fe91-487e-b92b-84770da375d0: start e1740749-fe91-487e-b92b-84770da375d0@group-C93319A1F28A-LeaderStateImpl
2022-04-24 04:17:07,523 [e1740749-fe91-487e-b92b-84770da375d0@group-C93319A1F28A-LeaderElection32] INFO  segmented.SegmentedRaftLogWorker (SegmentedRaftLogWorker.java:startLogSegment(394)) - e1740749-fe91-487e-b92b-84770da375d0@group-C93319A1F28A-SegmentedRaftLogWorker: Starting segment from index:0
2022-04-24 04:17:07,524 [e1740749-fe91-487e-b92b-84770da375d0@group-C93319A1F28A-SegmentedRaftLogWorker] INFO  segmented.SegmentedRaftLogWorker (SegmentedRaftLogWorker.java:execute(601)) - e1740749-fe91-487e-b92b-84770da375d0@group-C93319A1F28A-SegmentedRaftLogWorker: created new log segment /home/runner/work/ozone/ozone/hadoop-ozone/integration-test/target/test-dir/MiniOzoneClusterImpl-83189976-e3c9-4226-841a-8dae3aba4f8d/datanode-2/data/ratis/2ac12360-71f7-4f36-b3a4-c93319a1f28a/current/log_inprogress_0
2022-04-24 04:17:07,548 [e1740749-fe91-487e-b92b-84770da375d0@group-C93319A1F28A-LeaderElection32] INFO  server.RaftServer$Division (ServerState.java:setRaftConf(387)) - e1740749-fe91-487e-b92b-84770da375d0@group-C93319A1F28A: set configuration 0: [e1740749-fe91-487e-b92b-84770da375d0|rpc:10.1.0.15:38503|dataStream:|priority:1], old=null
2022-04-24 04:17:07,680 [Listener at 127.0.0.1/45981] INFO  rpc.RpcClient (RpcClient.java:createVolume(448)) - Creating Volume: volume21477, with user11295 as owner and space quota set to -1 bytes, counts quota set to -1
2022-04-24 04:17:07,695 [OM StateMachine ApplyTransaction Thread - 0] INFO  volume.OMVolumeCreateRequest (OMVolumeCreateRequest.java:validateAndUpdateCache(195)) - created volume:volume21477 for user:user11295
2022-04-24 04:17:07,725 [Listener at 127.0.0.1/45981] INFO  rpc.RpcClient (RpcClient.java:createBucket(637)) - Creating Bucket: volume21477/bucket24700, with runner as owner and Versioning false and Storage Type set to DISK and Encryption set to false 
2022-04-24 04:17:07,752 [OM StateMachine ApplyTransaction Thread - 0] INFO  bucket.OMBucketCreateRequest (OMBucketCreateRequest.java:validateAndUpdateCache(258)) - created bucket: bucket24700 of layout LEGACY in volume: volume21477
]]></system-out>
  </testcase>
  <testcase name="testGetTrashRoot" classname="TestOzoneFileSystem" time="47.536">
    <system-out><![CDATA[2022-04-24 04:17:31,200 [Listener at 127.0.0.1/45981] INFO  ozone.MiniOzoneClusterImpl (MiniOzoneClusterImpl.java:shutdown(456)) - Shutting down the Mini Ozone Cluster
2022-04-24 04:17:31,203 [Listener at 127.0.0.1/45981] INFO  ozone.MiniOzoneClusterImpl (MiniOzoneClusterImpl.java:stop(471)) - Stopping the Mini Ozone Cluster
2022-04-24 04:17:31,203 [Listener at 127.0.0.1/45981] INFO  ozone.MiniOzoneClusterImpl (MiniOzoneClusterImpl.java:stopOM(553)) - Stopping the OzoneManager
2022-04-24 04:17:31,203 [Listener at 127.0.0.1/45981] INFO  om.OzoneManager (OzoneManager.java:stop(1898)) - om1[localhost:0]: Stopping Ozone Manager
2022-04-24 04:17:31,203 [Listener at 127.0.0.1/45981] INFO  ipc.Server (Server.java:stop(3414)) - Stopping server on 45981
2022-04-24 04:17:31,231 [IPC Server listener on 0] INFO  ipc.Server (Server.java:run(1376)) - Stopping IPC Server listener on 0
2022-04-24 04:17:31,231 [IPC Server Responder] INFO  ipc.Server (Server.java:run(1512)) - Stopping IPC Server Responder
2022-04-24 04:17:31,232 [Listener at 127.0.0.1/45981] INFO  server.RaftServer (RaftServerProxy.java:lambda$close$6(391)) - om1: close
2022-04-24 04:17:31,233 [Listener at 127.0.0.1/45981] INFO  server.RaftServer$Division (RaftServerImpl.java:lambda$close$4(412)) - om1@group-C5BA1605619E: shutdown
2022-04-24 04:17:31,233 [Listener at 127.0.0.1/45981] INFO  util.JmxRegister (JmxRegister.java:unregister(73)) - Successfully un-registered JMX Bean with object name Ratis:service=RaftServer,group=group-C5BA1605619E,id=om1
2022-04-24 04:17:31,233 [Listener at 127.0.0.1/45981] INFO  impl.RoleInfo (RoleInfo.java:shutdownLeaderState(91)) - om1: shutdown om1@group-C5BA1605619E-LeaderStateImpl
2022-04-24 04:17:31,233 [Listener at 127.0.0.1/45981] INFO  impl.PendingRequests (PendingRequests.java:sendNotLeaderResponses(282)) - om1@group-C5BA1605619E-PendingRequests: sendNotLeaderResponses
2022-04-24 04:17:31,281 [Listener at 127.0.0.1/45981] INFO  impl.StateMachineUpdater (StateMachineUpdater.java:stopAndJoin(149)) - om1@group-C5BA1605619E-StateMachineUpdater: set stopIndex = 10304
2022-04-24 04:17:31,283 [om1@group-C5BA1605619E-StateMachineUpdater] INFO  ratis.OzoneManagerStateMachine (OzoneManagerStateMachine.java:takeSnapshot(426)) - Current Snapshot Index (t:1, i:10304)
2022-04-24 04:17:31,283 [om1@group-C5BA1605619E-StateMachineUpdater] INFO  impl.StateMachineUpdater (StateMachineUpdater.java:takeSnapshot(281)) - om1@group-C5BA1605619E-StateMachineUpdater: Took a snapshot at index 10304
2022-04-24 04:17:31,283 [om1@group-C5BA1605619E-StateMachineUpdater] INFO  impl.StateMachineUpdater (StateMachineUpdater.java:lambda$new$0(89)) - om1@group-C5BA1605619E-StateMachineUpdater: snapshotIndex: updateIncreasingly -1 -> 10304
2022-04-24 04:17:31,283 [om1@group-C5BA1605619E-StateMachineUpdater] INFO  ratis.OzoneManagerStateMachine (OzoneManagerStateMachine.java:close(480)) - StateMachine has shutdown. Shutdown OzoneManager if not already shutdown.
2022-04-24 04:17:31,283 [om1@group-C5BA1605619E-StateMachineUpdater] INFO  ratis.OzoneManagerDoubleBuffer (OzoneManagerDoubleBuffer.java:stop(466)) - Stopping OMDoubleBuffer flush thread
2022-04-24 04:17:31,305 [OMDoubleBufferFlushThread] INFO  ratis.OzoneManagerDoubleBuffer (OzoneManagerDoubleBuffer.java:flushTransactions(385)) - OMDoubleBuffer flush thread OMDoubleBufferFlushThread is interrupted and will exit. OMDoubleBufferFlushThread
2022-04-24 04:17:31,306 [Listener at 127.0.0.1/45981] INFO  server.RaftServer$Division (ServerState.java:close(419)) - om1@group-C5BA1605619E: closes. applyIndex: 10304
2022-04-24 04:17:31,307 [om1@group-C5BA1605619E-SegmentedRaftLogWorker] INFO  segmented.SegmentedRaftLogWorker (SegmentedRaftLogWorker.java:run(327)) - om1@group-C5BA1605619E-SegmentedRaftLogWorker was interrupted, exiting. There are 0 tasks remaining in the queue.
2022-04-24 04:17:31,332 [Listener at 127.0.0.1/45981] INFO  segmented.SegmentedRaftLogWorker (SegmentedRaftLogWorker.java:close(237)) - om1@group-C5BA1605619E-SegmentedRaftLogWorker close()
2022-04-24 04:17:31,349 [Listener at 127.0.0.1/45981] INFO  server.GrpcService (GrpcService.java:closeImpl(262)) - om1: shutdown server with port 9872 now
2022-04-24 04:17:31,350 [Listener at 127.0.0.1/45981] INFO  server.GrpcService (GrpcService.java:closeImpl(271)) - om1: shutdown server with port 9872 successfully
2022-04-24 04:17:31,350 [org.apache.ratis.util.JvmPauseMonitor$$Lambda$580/177642409@3afb0c42] INFO  util.JvmPauseMonitor (JvmPauseMonitor.java:run(109)) - JvmPauseMonitor-om1: Stopped
2022-04-24 04:17:31,353 [Listener at 127.0.0.1/45981] INFO  ratis.OzoneManagerStateMachine (OzoneManagerStateMachine.java:close(480)) - StateMachine has shutdown. Shutdown OzoneManager if not already shutdown.
2022-04-24 04:17:31,353 [Listener at 127.0.0.1/45981] INFO  ratis.OzoneManagerDoubleBuffer (OzoneManagerDoubleBuffer.java:stop(478)) - OMDoubleBuffer flush thread is not running.
2022-04-24 04:17:31,353 [Listener at 127.0.0.1/45981] INFO  utils.BackgroundService (BackgroundService.java:shutdown(132)) - Shutting down service KeyDeletingService
2022-04-24 04:17:31,353 [Listener at 127.0.0.1/45981] INFO  utils.BackgroundService (BackgroundService.java:shutdown(132)) - Shutting down service DirectoryDeletingService
2022-04-24 04:17:31,354 [Listener at 127.0.0.1/45981] INFO  handler.ContextHandler (ContextHandler.java:doStop(1153)) - Stopped o.e.j.w.WebAppContext@5ca627da{ozoneManager,/,null,STOPPED}{file:/home/runner/work/ozone/ozone/hadoop-ozone/integration-test/target/test-classes/webapps/ozoneManager}
2022-04-24 04:17:31,355 [Listener at 127.0.0.1/45981] INFO  server.AbstractConnector (AbstractConnector.java:doStop(381)) - Stopped ServerConnector@50e9e1cd{HTTP/1.1, (http/1.1)}{0.0.0.0:0}
2022-04-24 04:17:31,355 [Listener at 127.0.0.1/45981] INFO  server.session (HouseKeeper.java:stopScavenging(149)) - node0 Stopped scavenging
2022-04-24 04:17:31,355 [Listener at 127.0.0.1/45981] INFO  handler.ContextHandler (ContextHandler.java:doStop(1153)) - Stopped o.e.j.s.ServletContextHandler@70a0499d{static,/static,file:///home/runner/work/ozone/ozone/hadoop-ozone/integration-test/target/test-classes/webapps/static,STOPPED}
2022-04-24 04:17:31,355 [Listener at 127.0.0.1/45981] INFO  handler.ContextHandler (ContextHandler.java:doStop(1153)) - Stopped o.e.j.s.ServletContextHandler@7116940a{logs,/logs,file:///home/runner/work/ozone/ozone/hadoop-ozone/integration-test/target/log,STOPPED}
2022-04-24 04:17:31,368 [Listener at 127.0.0.1/45981] INFO  ozone.MiniOzoneClusterImpl (MiniOzoneClusterImpl.java:stopDatanodes(530)) - Stopping the HddsDatanodes
2022-04-24 04:17:31,374 [Trash Emptier] ERROR om.TrashPolicyOzone (TrashPolicyOzone.java:run(251)) - Error attempting to shutdown
java.lang.InterruptedException
	at java.util.concurrent.locks.AbstractQueuedSynchronizer$ConditionObject.awaitNanos(AbstractQueuedSynchronizer.java:2067)
	at java.util.concurrent.ThreadPoolExecutor.awaitTermination(ThreadPoolExecutor.java:1475)
	at org.apache.hadoop.ozone.om.TrashPolicyOzone$Emptier.run(TrashPolicyOzone.java:249)
	at java.lang.Thread.run(Thread.java:750)
2022-04-24 04:17:31,374 [Trash Emptier] ERROR util.ExitUtils (ExitUtils.java:terminate(133)) - Terminating with exit status -1: Thread[Trash Emptier,5,main] has thrown an uncaught exception
java.lang.UnsupportedOperationException: fs.getUri() not implemented in TrashOzoneFileSystem
	at org.apache.hadoop.ozone.om.TrashOzoneFileSystem.getUri(TrashOzoneFileSystem.java:124)
	at org.apache.hadoop.fs.FileSystem.close(FileSystem.java:2592)
	at org.apache.hadoop.ozone.om.TrashPolicyOzone$Emptier.run(TrashPolicyOzone.java:243)
	at java.lang.Thread.run(Thread.java:750)
2022-04-24 04:17:36,369 [Listener at 127.0.0.1/45981] INFO  ozoneimpl.OzoneContainer (OzoneContainer.java:stop(356)) - Attempting to stop container services.
2022-04-24 04:17:36,374 [Listener at 127.0.0.1/45981] INFO  server.RaftServer (RaftServerProxy.java:lambda$close$6(391)) - e1740749-fe91-487e-b92b-84770da375d0: close
2022-04-24 04:17:36,374 [Listener at 127.0.0.1/45981] INFO  server.RaftServer$Division (RaftServerImpl.java:lambda$close$4(412)) - e1740749-fe91-487e-b92b-84770da375d0@group-ADE53EB9BEDA: shutdown
2022-04-24 04:17:36,375 [Listener at 127.0.0.1/45981] INFO  util.JmxRegister (JmxRegister.java:unregister(73)) - Successfully un-registered JMX Bean with object name Ratis:service=RaftServer,group=group-ADE53EB9BEDA,id=e1740749-fe91-487e-b92b-84770da375d0
2022-04-24 04:17:36,375 [Listener at 127.0.0.1/45981] INFO  impl.RoleInfo (RoleInfo.java:shutdownFollowerState(108)) - e1740749-fe91-487e-b92b-84770da375d0: shutdown e1740749-fe91-487e-b92b-84770da375d0@group-ADE53EB9BEDA-FollowerState
2022-04-24 04:17:36,375 [Listener at 127.0.0.1/45981] INFO  impl.StateMachineUpdater (StateMachineUpdater.java:stopAndJoin(149)) - e1740749-fe91-487e-b92b-84770da375d0@group-ADE53EB9BEDA-StateMachineUpdater: set stopIndex = 7
2022-04-24 04:17:36,375 [e1740749-fe91-487e-b92b-84770da375d0@group-ADE53EB9BEDA-FollowerState] INFO  impl.FollowerState (FollowerState.java:run(143)) - e1740749-fe91-487e-b92b-84770da375d0@group-ADE53EB9BEDA-FollowerState was interrupted: {}
java.lang.InterruptedException: sleep interrupted
	at java.lang.Thread.sleep(Native Method)
	at java.lang.Thread.sleep(Thread.java:342)
	at java.util.concurrent.TimeUnit.sleep(TimeUnit.java:386)
	at org.apache.ratis.util.TimeDuration.sleep(TimeDuration.java:324)
	at org.apache.ratis.util.TimeDuration.sleep(TimeDuration.java:309)
	at org.apache.ratis.server.impl.FollowerState.run(FollowerState.java:118)
2022-04-24 04:17:36,375 [e1740749-fe91-487e-b92b-84770da375d0@group-ADE53EB9BEDA-StateMachineUpdater] INFO  ratis.ContainerStateMachine (ContainerStateMachine.java:takeSnapshot(304)) - group-ADE53EB9BEDA: Taking a snapshot at:(t:1, i:7) file /home/runner/work/ozone/ozone/hadoop-ozone/integration-test/target/test-dir/MiniOzoneClusterImpl-83189976-e3c9-4226-841a-8dae3aba4f8d/datanode-2/data/ratis/4ce39555-f55b-4b8c-aa95-ade53eb9beda/sm/snapshot.1_7
2022-04-24 04:17:36,385 [ForkJoinPool.commonPool-worker-1] INFO  ozoneimpl.OzoneContainer (OzoneContainer.java:stop(356)) - Attempting to stop container services.
2022-04-24 04:17:36,388 [ForkJoinPool.commonPool-worker-1] INFO  server.RaftServer (RaftServerProxy.java:lambda$close$6(391)) - 17cdb9c6-36ab-42af-b35d-3948633e5a03: close
2022-04-24 04:17:36,388 [ForkJoinPool.commonPool-worker-1] INFO  server.RaftServer$Division (RaftServerImpl.java:lambda$close$4(412)) - 17cdb9c6-36ab-42af-b35d-3948633e5a03@group-ADE53EB9BEDA: shutdown
2022-04-24 04:17:36,388 [ForkJoinPool.commonPool-worker-1] INFO  util.JmxRegister (JmxRegister.java:unregister(73)) - Successfully un-registered JMX Bean with object name Ratis:service=RaftServer,group=group-ADE53EB9BEDA,id=17cdb9c6-36ab-42af-b35d-3948633e5a03
2022-04-24 04:17:36,388 [ForkJoinPool.commonPool-worker-1] INFO  impl.RoleInfo (RoleInfo.java:shutdownLeaderState(91)) - 17cdb9c6-36ab-42af-b35d-3948633e5a03: shutdown 17cdb9c6-36ab-42af-b35d-3948633e5a03@group-ADE53EB9BEDA-LeaderStateImpl
2022-04-24 04:17:36,389 [17cdb9c6-36ab-42af-b35d-3948633e5a03@group-ADE53EB9BEDA->07194f3d-c9eb-4893-9cab-c457c5e8e7cf-GrpcLogAppender-LogAppenderDaemon] WARN  server.GrpcLogAppender (GrpcLogAppender.java:mayWait(177)) - 17cdb9c6-36ab-42af-b35d-3948633e5a03@group-ADE53EB9BEDA->07194f3d-c9eb-4893-9cab-c457c5e8e7cf-GrpcLogAppender: Wait interrupted by java.lang.InterruptedException
2022-04-24 04:17:36,389 [ForkJoinPool.commonPool-worker-1] INFO  impl.PendingRequests (PendingRequests.java:sendNotLeaderResponses(282)) - 17cdb9c6-36ab-42af-b35d-3948633e5a03@group-ADE53EB9BEDA-PendingRequests: sendNotLeaderResponses
2022-04-24 04:17:36,389 [17cdb9c6-36ab-42af-b35d-3948633e5a03@group-ADE53EB9BEDA->e1740749-fe91-487e-b92b-84770da375d0-GrpcLogAppender-LogAppenderDaemon] WARN  server.GrpcLogAppender (GrpcLogAppender.java:mayWait(177)) - 17cdb9c6-36ab-42af-b35d-3948633e5a03@group-ADE53EB9BEDA->e1740749-fe91-487e-b92b-84770da375d0-GrpcLogAppender: Wait interrupted by java.lang.InterruptedException
2022-04-24 04:17:36,391 [ForkJoinPool.commonPool-worker-1] INFO  impl.StateMachineUpdater (StateMachineUpdater.java:stopAndJoin(149)) - 17cdb9c6-36ab-42af-b35d-3948633e5a03@group-ADE53EB9BEDA-StateMachineUpdater: set stopIndex = 7
2022-04-24 04:17:36,392 [17cdb9c6-36ab-42af-b35d-3948633e5a03@group-ADE53EB9BEDA-StateMachineUpdater] INFO  ratis.ContainerStateMachine (ContainerStateMachine.java:takeSnapshot(304)) - group-ADE53EB9BEDA: Taking a snapshot at:(t:1, i:7) file /home/runner/work/ozone/ozone/hadoop-ozone/integration-test/target/test-dir/MiniOzoneClusterImpl-83189976-e3c9-4226-841a-8dae3aba4f8d/datanode-1/data/ratis/4ce39555-f55b-4b8c-aa95-ade53eb9beda/sm/snapshot.1_7
2022-04-24 04:17:36,393 [e1740749-fe91-487e-b92b-84770da375d0@group-ADE53EB9BEDA-StateMachineUpdater] INFO  ratis.ContainerStateMachine (ContainerStateMachine.java:takeSnapshot(315)) - group-ADE53EB9BEDA: Finished taking a snapshot at:(t:1, i:7) file:/home/runner/work/ozone/ozone/hadoop-ozone/integration-test/target/test-dir/MiniOzoneClusterImpl-83189976-e3c9-4226-841a-8dae3aba4f8d/datanode-2/data/ratis/4ce39555-f55b-4b8c-aa95-ade53eb9beda/sm/snapshot.1_7 took: 18 ms
2022-04-24 04:17:36,394 [e1740749-fe91-487e-b92b-84770da375d0@group-ADE53EB9BEDA-StateMachineUpdater] INFO  impl.StateMachineUpdater (StateMachineUpdater.java:takeSnapshot(281)) - e1740749-fe91-487e-b92b-84770da375d0@group-ADE53EB9BEDA-StateMachineUpdater: Took a snapshot at index 7
2022-04-24 04:17:36,394 [e1740749-fe91-487e-b92b-84770da375d0@group-ADE53EB9BEDA-StateMachineUpdater] INFO  impl.StateMachineUpdater (StateMachineUpdater.java:lambda$new$0(89)) - e1740749-fe91-487e-b92b-84770da375d0@group-ADE53EB9BEDA-StateMachineUpdater: snapshotIndex: updateIncreasingly -1 -> 7
2022-04-24 04:17:36,394 [Listener at 127.0.0.1/45981] INFO  server.RaftServer$Division (ServerState.java:close(419)) - e1740749-fe91-487e-b92b-84770da375d0@group-ADE53EB9BEDA: closes. applyIndex: 7
2022-04-24 04:17:36,395 [e1740749-fe91-487e-b92b-84770da375d0@group-ADE53EB9BEDA-SegmentedRaftLogWorker] INFO  segmented.SegmentedRaftLogWorker (SegmentedRaftLogWorker.java:run(327)) - e1740749-fe91-487e-b92b-84770da375d0@group-ADE53EB9BEDA-SegmentedRaftLogWorker was interrupted, exiting. There are 0 tasks remaining in the queue.
2022-04-24 04:17:36,395 [17cdb9c6-36ab-42af-b35d-3948633e5a03@group-ADE53EB9BEDA-StateMachineUpdater] INFO  ratis.ContainerStateMachine (ContainerStateMachine.java:takeSnapshot(315)) - group-ADE53EB9BEDA: Finished taking a snapshot at:(t:1, i:7) file:/home/runner/work/ozone/ozone/hadoop-ozone/integration-test/target/test-dir/MiniOzoneClusterImpl-83189976-e3c9-4226-841a-8dae3aba4f8d/datanode-1/data/ratis/4ce39555-f55b-4b8c-aa95-ade53eb9beda/sm/snapshot.1_7 took: 4 ms
2022-04-24 04:17:36,395 [17cdb9c6-36ab-42af-b35d-3948633e5a03@group-ADE53EB9BEDA-StateMachineUpdater] INFO  impl.StateMachineUpdater (StateMachineUpdater.java:takeSnapshot(281)) - 17cdb9c6-36ab-42af-b35d-3948633e5a03@group-ADE53EB9BEDA-StateMachineUpdater: Took a snapshot at index 7
2022-04-24 04:17:36,396 [17cdb9c6-36ab-42af-b35d-3948633e5a03@group-ADE53EB9BEDA-StateMachineUpdater] INFO  impl.StateMachineUpdater (StateMachineUpdater.java:lambda$new$0(89)) - 17cdb9c6-36ab-42af-b35d-3948633e5a03@group-ADE53EB9BEDA-StateMachineUpdater: snapshotIndex: updateIncreasingly -1 -> 7
2022-04-24 04:17:36,396 [ForkJoinPool.commonPool-worker-1] INFO  server.RaftServer$Division (ServerState.java:close(419)) - 17cdb9c6-36ab-42af-b35d-3948633e5a03@group-ADE53EB9BEDA: closes. applyIndex: 7
2022-04-24 04:17:36,396 [17cdb9c6-36ab-42af-b35d-3948633e5a03@group-ADE53EB9BEDA-SegmentedRaftLogWorker] INFO  segmented.SegmentedRaftLogWorker (SegmentedRaftLogWorker.java:run(327)) - 17cdb9c6-36ab-42af-b35d-3948633e5a03@group-ADE53EB9BEDA-SegmentedRaftLogWorker was interrupted, exiting. There are 0 tasks remaining in the queue.
2022-04-24 04:17:36,403 [grpc-default-executor-0] INFO  server.GrpcServerProtocolService (GrpcServerProtocolService.java:onCompleted(140)) - e1740749-fe91-487e-b92b-84770da375d0: Completed APPEND_ENTRIES, lastRequest: 17cdb9c6-36ab-42af-b35d-3948633e5a03->e1740749-fe91-487e-b92b-84770da375d0#314-t1,previous=(t:1, i:6),leaderCommit=6,initializing? true,entries: size=1, first=(t:1, i:7), METADATAENTRY(c:6)
2022-04-24 04:17:36,403 [grpc-default-executor-0] INFO  server.GrpcLogAppender (GrpcLogAppender.java:onCompleted(346)) - 17cdb9c6-36ab-42af-b35d-3948633e5a03@group-ADE53EB9BEDA->e1740749-fe91-487e-b92b-84770da375d0-AppendLogResponseHandler: follower responses appendEntries COMPLETED
2022-04-24 04:17:36,404 [grpc-default-executor-0] INFO  leader.FollowerInfo (FollowerInfoImpl.java:lambda$new$0(47)) - 17cdb9c6-36ab-42af-b35d-3948633e5a03@group-ADE53EB9BEDA->e1740749-fe91-487e-b92b-84770da375d0: nextIndex: updateUnconditionally 8 -> 7
2022-04-24 04:17:36,405 [grpc-default-executor-2] INFO  server.GrpcServerProtocolService (GrpcServerProtocolService.java:onCompleted(140)) - 07194f3d-c9eb-4893-9cab-c457c5e8e7cf: Completed APPEND_ENTRIES, lastRequest: 17cdb9c6-36ab-42af-b35d-3948633e5a03->07194f3d-c9eb-4893-9cab-c457c5e8e7cf#304-t1,previous=(t:1, i:6),leaderCommit=6,initializing? true,entries: size=1, first=(t:1, i:7), METADATAENTRY(c:6)
2022-04-24 04:17:36,413 [grpc-default-executor-3] INFO  server.GrpcLogAppender (GrpcLogAppender.java:onCompleted(346)) - 17cdb9c6-36ab-42af-b35d-3948633e5a03@group-ADE53EB9BEDA->07194f3d-c9eb-4893-9cab-c457c5e8e7cf-AppendLogResponseHandler: follower responses appendEntries COMPLETED
2022-04-24 04:17:36,413 [grpc-default-executor-3] INFO  leader.FollowerInfo (FollowerInfoImpl.java:lambda$new$0(47)) - 17cdb9c6-36ab-42af-b35d-3948633e5a03@group-ADE53EB9BEDA->07194f3d-c9eb-4893-9cab-c457c5e8e7cf: nextIndex: updateUnconditionally 8 -> 7
2022-04-24 04:17:36,414 [ForkJoinPool.commonPool-worker-1] INFO  segmented.SegmentedRaftLogWorker (SegmentedRaftLogWorker.java:close(237)) - 17cdb9c6-36ab-42af-b35d-3948633e5a03@group-ADE53EB9BEDA-SegmentedRaftLogWorker close()
2022-04-24 04:17:36,414 [Listener at 127.0.0.1/45981] INFO  segmented.SegmentedRaftLogWorker (SegmentedRaftLogWorker.java:close(237)) - e1740749-fe91-487e-b92b-84770da375d0@group-ADE53EB9BEDA-SegmentedRaftLogWorker close()
2022-04-24 04:17:36,427 [ForkJoinPool.commonPool-worker-1] INFO  server.RaftServer$Division (RaftServerImpl.java:lambda$close$4(412)) - 17cdb9c6-36ab-42af-b35d-3948633e5a03@group-0CC7895F5F7C: shutdown
2022-04-24 04:17:36,428 [ForkJoinPool.commonPool-worker-1] INFO  util.JmxRegister (JmxRegister.java:unregister(73)) - Successfully un-registered JMX Bean with object name Ratis:service=RaftServer,group=group-0CC7895F5F7C,id=17cdb9c6-36ab-42af-b35d-3948633e5a03
2022-04-24 04:17:36,428 [ForkJoinPool.commonPool-worker-1] INFO  impl.RoleInfo (RoleInfo.java:shutdownFollowerState(108)) - 17cdb9c6-36ab-42af-b35d-3948633e5a03: shutdown 17cdb9c6-36ab-42af-b35d-3948633e5a03@group-0CC7895F5F7C-FollowerState
2022-04-24 04:17:36,428 [ForkJoinPool.commonPool-worker-1] INFO  impl.StateMachineUpdater (StateMachineUpdater.java:stopAndJoin(149)) - 17cdb9c6-36ab-42af-b35d-3948633e5a03@group-0CC7895F5F7C-StateMachineUpdater: set stopIndex = 20
2022-04-24 04:17:36,428 [17cdb9c6-36ab-42af-b35d-3948633e5a03@group-0CC7895F5F7C-FollowerState] INFO  impl.FollowerState (FollowerState.java:run(143)) - 17cdb9c6-36ab-42af-b35d-3948633e5a03@group-0CC7895F5F7C-FollowerState was interrupted: {}
java.lang.InterruptedException: sleep interrupted
	at java.lang.Thread.sleep(Native Method)
	at java.lang.Thread.sleep(Thread.java:342)
	at java.util.concurrent.TimeUnit.sleep(TimeUnit.java:386)
	at org.apache.ratis.util.TimeDuration.sleep(TimeDuration.java:324)
	at org.apache.ratis.util.TimeDuration.sleep(TimeDuration.java:309)
	at org.apache.ratis.server.impl.FollowerState.run(FollowerState.java:118)
2022-04-24 04:17:36,428 [17cdb9c6-36ab-42af-b35d-3948633e5a03@group-0CC7895F5F7C-StateMachineUpdater] INFO  ratis.ContainerStateMachine (ContainerStateMachine.java:takeSnapshot(304)) - group-0CC7895F5F7C: Taking a snapshot at:(t:1, i:20) file /home/runner/work/ozone/ozone/hadoop-ozone/integration-test/target/test-dir/MiniOzoneClusterImpl-83189976-e3c9-4226-841a-8dae3aba4f8d/datanode-1/data/ratis/af01b7d4-bc2f-4284-a020-0cc7895f5f7c/sm/snapshot.1_20
2022-04-24 04:17:36,429 [Listener at 127.0.0.1/45981] INFO  server.RaftServer$Division (RaftServerImpl.java:lambda$close$4(412)) - e1740749-fe91-487e-b92b-84770da375d0@group-0CC7895F5F7C: shutdown
2022-04-24 04:17:36,430 [Listener at 127.0.0.1/45981] INFO  util.JmxRegister (JmxRegister.java:unregister(73)) - Successfully un-registered JMX Bean with object name Ratis:service=RaftServer,group=group-0CC7895F5F7C,id=e1740749-fe91-487e-b92b-84770da375d0
2022-04-24 04:17:36,430 [17cdb9c6-36ab-42af-b35d-3948633e5a03@group-0CC7895F5F7C-StateMachineUpdater] INFO  ratis.ContainerStateMachine (ContainerStateMachine.java:takeSnapshot(315)) - group-0CC7895F5F7C: Finished taking a snapshot at:(t:1, i:20) file:/home/runner/work/ozone/ozone/hadoop-ozone/integration-test/target/test-dir/MiniOzoneClusterImpl-83189976-e3c9-4226-841a-8dae3aba4f8d/datanode-1/data/ratis/af01b7d4-bc2f-4284-a020-0cc7895f5f7c/sm/snapshot.1_20 took: 1 ms
2022-04-24 04:17:36,430 [17cdb9c6-36ab-42af-b35d-3948633e5a03@group-0CC7895F5F7C-StateMachineUpdater] INFO  impl.StateMachineUpdater (StateMachineUpdater.java:takeSnapshot(281)) - 17cdb9c6-36ab-42af-b35d-3948633e5a03@group-0CC7895F5F7C-StateMachineUpdater: Took a snapshot at index 20
2022-04-24 04:17:36,430 [17cdb9c6-36ab-42af-b35d-3948633e5a03@group-0CC7895F5F7C-StateMachineUpdater] INFO  impl.StateMachineUpdater (StateMachineUpdater.java:lambda$new$0(89)) - 17cdb9c6-36ab-42af-b35d-3948633e5a03@group-0CC7895F5F7C-StateMachineUpdater: snapshotIndex: updateIncreasingly -1 -> 20
2022-04-24 04:17:36,430 [Listener at 127.0.0.1/45981] INFO  impl.RoleInfo (RoleInfo.java:shutdownFollowerState(108)) - e1740749-fe91-487e-b92b-84770da375d0: shutdown e1740749-fe91-487e-b92b-84770da375d0@group-0CC7895F5F7C-FollowerState
2022-04-24 04:17:36,439 [Listener at 127.0.0.1/45981] INFO  impl.StateMachineUpdater (StateMachineUpdater.java:stopAndJoin(149)) - e1740749-fe91-487e-b92b-84770da375d0@group-0CC7895F5F7C-StateMachineUpdater: set stopIndex = 20
2022-04-24 04:17:36,439 [e1740749-fe91-487e-b92b-84770da375d0@group-0CC7895F5F7C-StateMachineUpdater] INFO  ratis.ContainerStateMachine (ContainerStateMachine.java:takeSnapshot(304)) - group-0CC7895F5F7C: Taking a snapshot at:(t:1, i:20) file /home/runner/work/ozone/ozone/hadoop-ozone/integration-test/target/test-dir/MiniOzoneClusterImpl-83189976-e3c9-4226-841a-8dae3aba4f8d/datanode-2/data/ratis/af01b7d4-bc2f-4284-a020-0cc7895f5f7c/sm/snapshot.1_20
2022-04-24 04:17:36,440 [e1740749-fe91-487e-b92b-84770da375d0@group-0CC7895F5F7C-FollowerState] INFO  impl.FollowerState (FollowerState.java:run(143)) - e1740749-fe91-487e-b92b-84770da375d0@group-0CC7895F5F7C-FollowerState was interrupted: {}
java.lang.InterruptedException: sleep interrupted
	at java.lang.Thread.sleep(Native Method)
	at java.lang.Thread.sleep(Thread.java:342)
	at java.util.concurrent.TimeUnit.sleep(TimeUnit.java:386)
	at org.apache.ratis.util.TimeDuration.sleep(TimeDuration.java:324)
	at org.apache.ratis.util.TimeDuration.sleep(TimeDuration.java:309)
	at org.apache.ratis.server.impl.FollowerState.run(FollowerState.java:118)
2022-04-24 04:17:36,464 [e1740749-fe91-487e-b92b-84770da375d0@group-0CC7895F5F7C-StateMachineUpdater] INFO  ratis.ContainerStateMachine (ContainerStateMachine.java:takeSnapshot(315)) - group-0CC7895F5F7C: Finished taking a snapshot at:(t:1, i:20) file:/home/runner/work/ozone/ozone/hadoop-ozone/integration-test/target/test-dir/MiniOzoneClusterImpl-83189976-e3c9-4226-841a-8dae3aba4f8d/datanode-2/data/ratis/af01b7d4-bc2f-4284-a020-0cc7895f5f7c/sm/snapshot.1_20 took: 24 ms
2022-04-24 04:17:36,464 [e1740749-fe91-487e-b92b-84770da375d0@group-0CC7895F5F7C-StateMachineUpdater] INFO  impl.StateMachineUpdater (StateMachineUpdater.java:takeSnapshot(281)) - e1740749-fe91-487e-b92b-84770da375d0@group-0CC7895F5F7C-StateMachineUpdater: Took a snapshot at index 20
2022-04-24 04:17:36,464 [e1740749-fe91-487e-b92b-84770da375d0@group-0CC7895F5F7C-StateMachineUpdater] INFO  impl.StateMachineUpdater (StateMachineUpdater.java:lambda$new$0(89)) - e1740749-fe91-487e-b92b-84770da375d0@group-0CC7895F5F7C-StateMachineUpdater: snapshotIndex: updateIncreasingly -1 -> 20
2022-04-24 04:17:36,465 [Listener at 127.0.0.1/45981] INFO  server.RaftServer$Division (ServerState.java:close(419)) - e1740749-fe91-487e-b92b-84770da375d0@group-0CC7895F5F7C: closes. applyIndex: 20
2022-04-24 04:17:36,468 [e1740749-fe91-487e-b92b-84770da375d0@group-0CC7895F5F7C-SegmentedRaftLogWorker] INFO  segmented.SegmentedRaftLogWorker (SegmentedRaftLogWorker.java:run(327)) - e1740749-fe91-487e-b92b-84770da375d0@group-0CC7895F5F7C-SegmentedRaftLogWorker was interrupted, exiting. There are 0 tasks remaining in the queue.
2022-04-24 04:17:36,468 [ForkJoinPool.commonPool-worker-1] INFO  server.RaftServer$Division (ServerState.java:close(419)) - 17cdb9c6-36ab-42af-b35d-3948633e5a03@group-0CC7895F5F7C: closes. applyIndex: 20
2022-04-24 04:17:36,468 [17cdb9c6-36ab-42af-b35d-3948633e5a03@group-0CC7895F5F7C-SegmentedRaftLogWorker] INFO  segmented.SegmentedRaftLogWorker (SegmentedRaftLogWorker.java:run(327)) - 17cdb9c6-36ab-42af-b35d-3948633e5a03@group-0CC7895F5F7C-SegmentedRaftLogWorker was interrupted, exiting. There are 0 tasks remaining in the queue.
2022-04-24 04:17:36,477 [Listener at 127.0.0.1/45981] INFO  segmented.SegmentedRaftLogWorker (SegmentedRaftLogWorker.java:close(237)) - e1740749-fe91-487e-b92b-84770da375d0@group-0CC7895F5F7C-SegmentedRaftLogWorker close()
2022-04-24 04:17:36,478 [ForkJoinPool.commonPool-worker-1] INFO  segmented.SegmentedRaftLogWorker (SegmentedRaftLogWorker.java:close(237)) - 17cdb9c6-36ab-42af-b35d-3948633e5a03@group-0CC7895F5F7C-SegmentedRaftLogWorker close()
2022-04-24 04:17:36,490 [Listener at 127.0.0.1/45981] INFO  server.RaftServer$Division (RaftServerImpl.java:lambda$close$4(412)) - e1740749-fe91-487e-b92b-84770da375d0@group-C93319A1F28A: shutdown
2022-04-24 04:17:36,490 [Listener at 127.0.0.1/45981] INFO  util.JmxRegister (JmxRegister.java:unregister(73)) - Successfully un-registered JMX Bean with object name Ratis:service=RaftServer,group=group-C93319A1F28A,id=e1740749-fe91-487e-b92b-84770da375d0
2022-04-24 04:17:36,491 [Listener at 127.0.0.1/45981] INFO  impl.RoleInfo (RoleInfo.java:shutdownLeaderState(91)) - e1740749-fe91-487e-b92b-84770da375d0: shutdown e1740749-fe91-487e-b92b-84770da375d0@group-C93319A1F28A-LeaderStateImpl
2022-04-24 04:17:36,491 [Listener at 127.0.0.1/45981] INFO  impl.PendingRequests (PendingRequests.java:sendNotLeaderResponses(282)) - e1740749-fe91-487e-b92b-84770da375d0@group-C93319A1F28A-PendingRequests: sendNotLeaderResponses
2022-04-24 04:17:36,491 [Listener at 127.0.0.1/45981] INFO  impl.StateMachineUpdater (StateMachineUpdater.java:stopAndJoin(149)) - e1740749-fe91-487e-b92b-84770da375d0@group-C93319A1F28A-StateMachineUpdater: set stopIndex = 0
2022-04-24 04:17:36,492 [ForkJoinPool.commonPool-worker-1] INFO  server.RaftServer$Division (RaftServerImpl.java:lambda$close$4(412)) - 17cdb9c6-36ab-42af-b35d-3948633e5a03@group-95F5EF4CC5F8: shutdown
2022-04-24 04:17:36,492 [ForkJoinPool.commonPool-worker-1] INFO  util.JmxRegister (JmxRegister.java:unregister(73)) - Successfully un-registered JMX Bean with object name Ratis:service=RaftServer,group=group-95F5EF4CC5F8,id=17cdb9c6-36ab-42af-b35d-3948633e5a03
2022-04-24 04:17:36,492 [ForkJoinPool.commonPool-worker-1] INFO  impl.RoleInfo (RoleInfo.java:shutdownLeaderState(91)) - 17cdb9c6-36ab-42af-b35d-3948633e5a03: shutdown 17cdb9c6-36ab-42af-b35d-3948633e5a03@group-95F5EF4CC5F8-LeaderStateImpl
2022-04-24 04:17:36,492 [ForkJoinPool.commonPool-worker-1] INFO  impl.PendingRequests (PendingRequests.java:sendNotLeaderResponses(282)) - 17cdb9c6-36ab-42af-b35d-3948633e5a03@group-95F5EF4CC5F8-PendingRequests: sendNotLeaderResponses
2022-04-24 04:17:36,492 [ForkJoinPool.commonPool-worker-1] INFO  impl.StateMachineUpdater (StateMachineUpdater.java:stopAndJoin(149)) - 17cdb9c6-36ab-42af-b35d-3948633e5a03@group-95F5EF4CC5F8-StateMachineUpdater: set stopIndex = 0
2022-04-24 04:17:36,494 [e1740749-fe91-487e-b92b-84770da375d0@group-C93319A1F28A-StateMachineUpdater] INFO  ratis.ContainerStateMachine (ContainerStateMachine.java:takeSnapshot(304)) - group-C93319A1F28A: Taking a snapshot at:(t:1, i:0) file /home/runner/work/ozone/ozone/hadoop-ozone/integration-test/target/test-dir/MiniOzoneClusterImpl-83189976-e3c9-4226-841a-8dae3aba4f8d/datanode-2/data/ratis/2ac12360-71f7-4f36-b3a4-c93319a1f28a/sm/snapshot.1_0
2022-04-24 04:17:36,495 [17cdb9c6-36ab-42af-b35d-3948633e5a03@group-95F5EF4CC5F8-StateMachineUpdater] INFO  ratis.ContainerStateMachine (ContainerStateMachine.java:takeSnapshot(304)) - group-95F5EF4CC5F8: Taking a snapshot at:(t:1, i:0) file /home/runner/work/ozone/ozone/hadoop-ozone/integration-test/target/test-dir/MiniOzoneClusterImpl-83189976-e3c9-4226-841a-8dae3aba4f8d/datanode-1/data/ratis/12602f73-9948-4ca8-8eed-95f5ef4cc5f8/sm/snapshot.1_0
2022-04-24 04:17:36,495 [e1740749-fe91-487e-b92b-84770da375d0@group-C93319A1F28A-StateMachineUpdater] INFO  ratis.ContainerStateMachine (ContainerStateMachine.java:takeSnapshot(315)) - group-C93319A1F28A: Finished taking a snapshot at:(t:1, i:0) file:/home/runner/work/ozone/ozone/hadoop-ozone/integration-test/target/test-dir/MiniOzoneClusterImpl-83189976-e3c9-4226-841a-8dae3aba4f8d/datanode-2/data/ratis/2ac12360-71f7-4f36-b3a4-c93319a1f28a/sm/snapshot.1_0 took: 1 ms
2022-04-24 04:17:36,495 [17cdb9c6-36ab-42af-b35d-3948633e5a03@group-95F5EF4CC5F8-StateMachineUpdater] INFO  ratis.ContainerStateMachine (ContainerStateMachine.java:takeSnapshot(315)) - group-95F5EF4CC5F8: Finished taking a snapshot at:(t:1, i:0) file:/home/runner/work/ozone/ozone/hadoop-ozone/integration-test/target/test-dir/MiniOzoneClusterImpl-83189976-e3c9-4226-841a-8dae3aba4f8d/datanode-1/data/ratis/12602f73-9948-4ca8-8eed-95f5ef4cc5f8/sm/snapshot.1_0 took: 1 ms
2022-04-24 04:17:36,495 [17cdb9c6-36ab-42af-b35d-3948633e5a03@group-95F5EF4CC5F8-StateMachineUpdater] INFO  impl.StateMachineUpdater (StateMachineUpdater.java:takeSnapshot(281)) - 17cdb9c6-36ab-42af-b35d-3948633e5a03@group-95F5EF4CC5F8-StateMachineUpdater: Took a snapshot at index 0
2022-04-24 04:17:36,495 [17cdb9c6-36ab-42af-b35d-3948633e5a03@group-95F5EF4CC5F8-StateMachineUpdater] INFO  impl.StateMachineUpdater (StateMachineUpdater.java:lambda$new$0(89)) - 17cdb9c6-36ab-42af-b35d-3948633e5a03@group-95F5EF4CC5F8-StateMachineUpdater: snapshotIndex: updateIncreasingly -1 -> 0
2022-04-24 04:17:36,496 [e1740749-fe91-487e-b92b-84770da375d0@group-C93319A1F28A-StateMachineUpdater] INFO  impl.StateMachineUpdater (StateMachineUpdater.java:takeSnapshot(281)) - e1740749-fe91-487e-b92b-84770da375d0@group-C93319A1F28A-StateMachineUpdater: Took a snapshot at index 0
2022-04-24 04:17:36,496 [e1740749-fe91-487e-b92b-84770da375d0@group-C93319A1F28A-StateMachineUpdater] INFO  impl.StateMachineUpdater (StateMachineUpdater.java:lambda$new$0(89)) - e1740749-fe91-487e-b92b-84770da375d0@group-C93319A1F28A-StateMachineUpdater: snapshotIndex: updateIncreasingly -1 -> 0
2022-04-24 04:17:36,496 [ForkJoinPool.commonPool-worker-1] INFO  server.RaftServer$Division (ServerState.java:close(419)) - 17cdb9c6-36ab-42af-b35d-3948633e5a03@group-95F5EF4CC5F8: closes. applyIndex: 0
2022-04-24 04:17:36,496 [17cdb9c6-36ab-42af-b35d-3948633e5a03@group-95F5EF4CC5F8-SegmentedRaftLogWorker] INFO  segmented.SegmentedRaftLogWorker (SegmentedRaftLogWorker.java:run(327)) - 17cdb9c6-36ab-42af-b35d-3948633e5a03@group-95F5EF4CC5F8-SegmentedRaftLogWorker was interrupted, exiting. There are 0 tasks remaining in the queue.
2022-04-24 04:17:36,496 [Listener at 127.0.0.1/45981] INFO  server.RaftServer$Division (ServerState.java:close(419)) - e1740749-fe91-487e-b92b-84770da375d0@group-C93319A1F28A: closes. applyIndex: 0
2022-04-24 04:17:36,497 [e1740749-fe91-487e-b92b-84770da375d0@group-C93319A1F28A-SegmentedRaftLogWorker] INFO  segmented.SegmentedRaftLogWorker (SegmentedRaftLogWorker.java:run(327)) - e1740749-fe91-487e-b92b-84770da375d0@group-C93319A1F28A-SegmentedRaftLogWorker was interrupted, exiting. There are 0 tasks remaining in the queue.
2022-04-24 04:17:36,501 [ForkJoinPool.commonPool-worker-1] INFO  segmented.SegmentedRaftLogWorker (SegmentedRaftLogWorker.java:close(237)) - 17cdb9c6-36ab-42af-b35d-3948633e5a03@group-95F5EF4CC5F8-SegmentedRaftLogWorker close()
2022-04-24 04:17:36,501 [Listener at 127.0.0.1/45981] INFO  segmented.SegmentedRaftLogWorker (SegmentedRaftLogWorker.java:close(237)) - e1740749-fe91-487e-b92b-84770da375d0@group-C93319A1F28A-SegmentedRaftLogWorker close()
2022-04-24 04:17:36,505 [ForkJoinPool.commonPool-worker-1] INFO  server.GrpcService (GrpcService.java:closeImpl(262)) - 17cdb9c6-36ab-42af-b35d-3948633e5a03: shutdown server with port 34029 now
2022-04-24 04:17:36,506 [Listener at 127.0.0.1/45981] INFO  server.GrpcService (GrpcService.java:closeImpl(262)) - e1740749-fe91-487e-b92b-84770da375d0: shutdown server with port 38503 now
2022-04-24 04:17:36,507 [grpc-default-executor-3] WARN  server.GrpcLogAppender (LogUtils.java:warn(122)) - 07194f3d-c9eb-4893-9cab-c457c5e8e7cf@group-0CC7895F5F7C->e1740749-fe91-487e-b92b-84770da375d0-AppendLogResponseHandler: Failed appendEntries: org.apache.ratis.thirdparty.io.grpc.StatusRuntimeException: CANCELLED: HTTP/2 error code: CANCEL
Received Rst Stream
2022-04-24 04:17:36,508 [grpc-default-executor-2] WARN  server.GrpcServerProtocolService (LogUtils.java:warn(122)) - e1740749-fe91-487e-b92b-84770da375d0: installSnapshot onError, lastRequest: 07194f3d-c9eb-4893-9cab-c457c5e8e7cf->e1740749-fe91-487e-b92b-84770da375d0#86-t1,previous=(t:1, i:19),leaderCommit=18,initializing? true,entries: size=1, first=(t:1, i:20), METADATAENTRY(c:18): org.apache.ratis.thirdparty.io.grpc.StatusRuntimeException: CANCELLED: client cancelled
2022-04-24 04:17:36,508 [grpc-default-executor-3] INFO  leader.FollowerInfo (FollowerInfoImpl.java:lambda$new$0(47)) - 07194f3d-c9eb-4893-9cab-c457c5e8e7cf@group-0CC7895F5F7C->e1740749-fe91-487e-b92b-84770da375d0: nextIndex: updateUnconditionally 21 -> 20
2022-04-24 04:17:36,508 [grpc-default-executor-0] WARN  server.GrpcServerProtocolService (LogUtils.java:warn(122)) - 17cdb9c6-36ab-42af-b35d-3948633e5a03: installSnapshot onError, lastRequest: 07194f3d-c9eb-4893-9cab-c457c5e8e7cf->17cdb9c6-36ab-42af-b35d-3948633e5a03#73-t1,previous=(t:1, i:19),leaderCommit=18,initializing? true,entries: size=1, first=(t:1, i:20), METADATAENTRY(c:18): org.apache.ratis.thirdparty.io.grpc.StatusRuntimeException: CANCELLED: client cancelled
2022-04-24 04:17:36,509 [Listener at 127.0.0.1/45981] INFO  server.GrpcService (GrpcService.java:closeImpl(271)) - e1740749-fe91-487e-b92b-84770da375d0: shutdown server with port 38503 successfully
2022-04-24 04:17:36,509 [grpc-default-executor-2] WARN  server.GrpcLogAppender (LogUtils.java:warn(122)) - 07194f3d-c9eb-4893-9cab-c457c5e8e7cf@group-0CC7895F5F7C->17cdb9c6-36ab-42af-b35d-3948633e5a03-AppendLogResponseHandler: Failed appendEntries: org.apache.ratis.thirdparty.io.grpc.StatusRuntimeException: CANCELLED: HTTP/2 error code: CANCEL
Received Rst Stream
2022-04-24 04:17:36,509 [org.apache.ratis.util.JvmPauseMonitor$$Lambda$580/177642409@64733f5c] INFO  util.JvmPauseMonitor (JvmPauseMonitor.java:run(109)) - JvmPauseMonitor-e1740749-fe91-487e-b92b-84770da375d0: Stopped
2022-04-24 04:17:36,509 [grpc-default-executor-2] INFO  leader.FollowerInfo (FollowerInfoImpl.java:lambda$new$0(47)) - 07194f3d-c9eb-4893-9cab-c457c5e8e7cf@group-0CC7895F5F7C->17cdb9c6-36ab-42af-b35d-3948633e5a03: nextIndex: updateUnconditionally 21 -> 20
2022-04-24 04:17:36,517 [grpc-default-executor-0] WARN  server.GrpcLogAppender (LogUtils.java:warn(122)) - 07194f3d-c9eb-4893-9cab-c457c5e8e7cf@group-0CC7895F5F7C->e1740749-fe91-487e-b92b-84770da375d0-AppendLogResponseHandler: Failed appendEntries: org.apache.ratis.thirdparty.io.grpc.StatusRuntimeException: UNAVAILABLE: io exception
2022-04-24 04:17:36,517 [grpc-default-executor-0] INFO  leader.FollowerInfo (FollowerInfoImpl.java:lambda$new$0(47)) - 07194f3d-c9eb-4893-9cab-c457c5e8e7cf@group-0CC7895F5F7C->e1740749-fe91-487e-b92b-84770da375d0: nextIndex: updateUnconditionally 21 -> 20
2022-04-24 04:17:36,518 [grpc-default-executor-2] WARN  server.GrpcLogAppender (LogUtils.java:warn(122)) - 07194f3d-c9eb-4893-9cab-c457c5e8e7cf@group-0CC7895F5F7C->17cdb9c6-36ab-42af-b35d-3948633e5a03-AppendLogResponseHandler: Failed appendEntries: org.apache.ratis.thirdparty.io.grpc.StatusRuntimeException: UNAVAILABLE: io exception
2022-04-24 04:17:36,518 [grpc-default-executor-2] INFO  leader.FollowerInfo (FollowerInfoImpl.java:lambda$new$0(47)) - 07194f3d-c9eb-4893-9cab-c457c5e8e7cf@group-0CC7895F5F7C->17cdb9c6-36ab-42af-b35d-3948633e5a03: nextIndex: updateUnconditionally 21 -> 20
2022-04-24 04:17:36,529 [ForkJoinPool.commonPool-worker-1] INFO  server.GrpcService (GrpcService.java:closeImpl(271)) - 17cdb9c6-36ab-42af-b35d-3948633e5a03: shutdown server with port 34029 successfully
2022-04-24 04:17:36,529 [org.apache.ratis.util.JvmPauseMonitor$$Lambda$580/177642409@7141894a] INFO  util.JvmPauseMonitor (JvmPauseMonitor.java:run(109)) - JvmPauseMonitor-17cdb9c6-36ab-42af-b35d-3948633e5a03: Stopped
2022-04-24 04:17:38,533 [Listener at 127.0.0.1/45981] INFO  utils.BackgroundService (BackgroundService.java:shutdown(132)) - Shutting down service BlockDeletingService
2022-04-24 04:17:38,581 [ForkJoinPool.commonPool-worker-1] INFO  utils.BackgroundService (BackgroundService.java:shutdown(132)) - Shutting down service BlockDeletingService
2022-04-24 04:17:39,017 [grpc-default-executor-2] WARN  server.GrpcLogAppender (LogUtils.java:warn(122)) - 07194f3d-c9eb-4893-9cab-c457c5e8e7cf@group-0CC7895F5F7C->e1740749-fe91-487e-b92b-84770da375d0-AppendLogResponseHandler: Failed appendEntries: org.apache.ratis.thirdparty.io.grpc.StatusRuntimeException: UNAVAILABLE: io exception
2022-04-24 04:17:39,017 [grpc-default-executor-2] INFO  leader.FollowerInfo (FollowerInfoImpl.java:lambda$new$0(47)) - 07194f3d-c9eb-4893-9cab-c457c5e8e7cf@group-0CC7895F5F7C->e1740749-fe91-487e-b92b-84770da375d0: nextIndex: updateUnconditionally 21 -> 20
2022-04-24 04:17:39,022 [grpc-default-executor-2] WARN  server.GrpcLogAppender (LogUtils.java:warn(122)) - 07194f3d-c9eb-4893-9cab-c457c5e8e7cf@group-0CC7895F5F7C->17cdb9c6-36ab-42af-b35d-3948633e5a03-AppendLogResponseHandler: Failed appendEntries: org.apache.ratis.thirdparty.io.grpc.StatusRuntimeException: UNAVAILABLE: io exception
2022-04-24 04:17:39,022 [grpc-default-executor-2] INFO  leader.FollowerInfo (FollowerInfoImpl.java:lambda$new$0(47)) - 07194f3d-c9eb-4893-9cab-c457c5e8e7cf@group-0CC7895F5F7C->17cdb9c6-36ab-42af-b35d-3948633e5a03: nextIndex: updateUnconditionally 21 -> 20
2022-04-24 04:17:40,959 [07194f3d-c9eb-4893-9cab-c457c5e8e7cf@group-0CC7895F5F7C-LeaderStateImpl] WARN  server.RaftServer$Division (LeaderStateImpl.java:checkLeadership(974)) - 07194f3d-c9eb-4893-9cab-c457c5e8e7cf@group-0CC7895F5F7C-LeaderStateImpl: Lost leadership on term: 1. Election timeout: 5200ms. In charge for: 33733ms. Conf: 0: [e1740749-fe91-487e-b92b-84770da375d0|rpc:10.1.0.15:38503|dataStream:|priority:0, 17cdb9c6-36ab-42af-b35d-3948633e5a03|rpc:10.1.0.15:34029|dataStream:|priority:0, 07194f3d-c9eb-4893-9cab-c457c5e8e7cf|rpc:10.1.0.15:38719|dataStream:|priority:1], old=null
2022-04-24 04:17:40,959 [07194f3d-c9eb-4893-9cab-c457c5e8e7cf@group-0CC7895F5F7C-LeaderStateImpl] WARN  server.RaftServer$Division (LeaderStateImpl.java:lambda$checkLeadership$15(978)) - Follower 07194f3d-c9eb-4893-9cab-c457c5e8e7cf@group-0CC7895F5F7C->e1740749-fe91-487e-b92b-84770da375d0(c20,m20,n20, attendVote=true, lastRpcSendTime=1942, lastRpcResponseTime=6010)
2022-04-24 04:17:40,959 [07194f3d-c9eb-4893-9cab-c457c5e8e7cf@group-0CC7895F5F7C-LeaderStateImpl] WARN  server.RaftServer$Division (LeaderStateImpl.java:lambda$checkLeadership$15(978)) - Follower 07194f3d-c9eb-4893-9cab-c457c5e8e7cf@group-0CC7895F5F7C->17cdb9c6-36ab-42af-b35d-3948633e5a03(c20,m20,n20, attendVote=true, lastRpcSendTime=1937, lastRpcResponseTime=6082)
2022-04-24 04:17:40,959 [07194f3d-c9eb-4893-9cab-c457c5e8e7cf@group-0CC7895F5F7C-LeaderStateImpl] INFO  server.RaftServer$Division (RaftServerImpl.java:setRole(290)) - 07194f3d-c9eb-4893-9cab-c457c5e8e7cf@group-0CC7895F5F7C: changes role from    LEADER to FOLLOWER at term 1 for StepDownReason:LOST_MAJORITY_HEARTBEATS
2022-04-24 04:17:40,959 [07194f3d-c9eb-4893-9cab-c457c5e8e7cf@group-0CC7895F5F7C-LeaderStateImpl] INFO  impl.RoleInfo (RoleInfo.java:shutdownLeaderState(91)) - 07194f3d-c9eb-4893-9cab-c457c5e8e7cf: shutdown 07194f3d-c9eb-4893-9cab-c457c5e8e7cf@group-0CC7895F5F7C-LeaderStateImpl
2022-04-24 04:17:40,959 [07194f3d-c9eb-4893-9cab-c457c5e8e7cf@group-0CC7895F5F7C-LeaderStateImpl] INFO  impl.PendingRequests (PendingRequests.java:sendNotLeaderResponses(282)) - 07194f3d-c9eb-4893-9cab-c457c5e8e7cf@group-0CC7895F5F7C-PendingRequests: sendNotLeaderResponses
2022-04-24 04:17:40,960 [07194f3d-c9eb-4893-9cab-c457c5e8e7cf@group-0CC7895F5F7C-LeaderStateImpl] INFO  impl.RoleInfo (RoleInfo.java:updateAndGet(130)) - 07194f3d-c9eb-4893-9cab-c457c5e8e7cf: start 07194f3d-c9eb-4893-9cab-c457c5e8e7cf@group-0CC7895F5F7C-FollowerState
2022-04-24 04:17:40,978 [07194f3d-c9eb-4893-9cab-c457c5e8e7cf@group-0CC7895F5F7C->e1740749-fe91-487e-b92b-84770da375d0-GrpcLogAppender-LogAppenderDaemon] WARN  server.GrpcLogAppender (GrpcLogAppender.java:mayWait(177)) - 07194f3d-c9eb-4893-9cab-c457c5e8e7cf@group-0CC7895F5F7C->e1740749-fe91-487e-b92b-84770da375d0-GrpcLogAppender: Wait interrupted by java.lang.InterruptedException
2022-04-24 04:17:40,978 [07194f3d-c9eb-4893-9cab-c457c5e8e7cf@group-0CC7895F5F7C->17cdb9c6-36ab-42af-b35d-3948633e5a03-GrpcLogAppender-LogAppenderDaemon] WARN  server.GrpcLogAppender (GrpcLogAppender.java:mayWait(177)) - 07194f3d-c9eb-4893-9cab-c457c5e8e7cf@group-0CC7895F5F7C->17cdb9c6-36ab-42af-b35d-3948633e5a03-GrpcLogAppender: Wait interrupted by java.lang.InterruptedException
2022-04-24 04:17:41,541 [Listener at 127.0.0.1/45981] INFO  statemachine.DatanodeStateMachine (DatanodeStateMachine.java:stopDaemon(560)) - Ozone container server stopped.
2022-04-24 04:17:41,542 [Listener at 127.0.0.1/45981] INFO  handler.ContextHandler (ContextHandler.java:doStop(1153)) - Stopped o.e.j.w.WebAppContext@20a7e171{hddsDatanode,/,null,STOPPED}{jar:file:/home/runner/.m2/repository/org/apache/ozone/hdds-container-service/1.3.0-SNAPSHOT/hdds-container-service-1.3.0-SNAPSHOT.jar!/webapps/hddsDatanode}
2022-04-24 04:17:41,545 [Listener at 127.0.0.1/45981] INFO  server.AbstractConnector (AbstractConnector.java:doStop(381)) - Stopped ServerConnector@4a4ea586{HTTP/1.1, (http/1.1)}{0.0.0.0:0}
2022-04-24 04:17:41,545 [Listener at 127.0.0.1/45981] INFO  server.session (HouseKeeper.java:stopScavenging(149)) - node0 Stopped scavenging
2022-04-24 04:17:41,545 [Listener at 127.0.0.1/45981] INFO  handler.ContextHandler (ContextHandler.java:doStop(1153)) - Stopped o.e.j.s.ServletContextHandler@3c846b00{static,/static,jar:file:/home/runner/.m2/repository/org/apache/ozone/hdds-container-service/1.3.0-SNAPSHOT/hdds-container-service-1.3.0-SNAPSHOT.jar!/webapps/static,STOPPED}
2022-04-24 04:17:41,545 [Listener at 127.0.0.1/45981] INFO  handler.ContextHandler (ContextHandler.java:doStop(1153)) - Stopped o.e.j.s.ServletContextHandler@69dd5e82{logs,/logs,file:///home/runner/work/ozone/ozone/hadoop-ozone/integration-test/target/log,STOPPED}
2022-04-24 04:17:41,609 [ForkJoinPool.commonPool-worker-1] INFO  statemachine.DatanodeStateMachine (DatanodeStateMachine.java:stopDaemon(560)) - Ozone container server stopped.
2022-04-24 04:17:41,613 [ForkJoinPool.commonPool-worker-1] INFO  handler.ContextHandler (ContextHandler.java:doStop(1153)) - Stopped o.e.j.w.WebAppContext@550cfdc6{hddsDatanode,/,null,STOPPED}{jar:file:/home/runner/.m2/repository/org/apache/ozone/hdds-container-service/1.3.0-SNAPSHOT/hdds-container-service-1.3.0-SNAPSHOT.jar!/webapps/hddsDatanode}
2022-04-24 04:17:41,613 [ForkJoinPool.commonPool-worker-1] INFO  server.AbstractConnector (AbstractConnector.java:doStop(381)) - Stopped ServerConnector@69fe55fb{HTTP/1.1, (http/1.1)}{0.0.0.0:0}
2022-04-24 04:17:41,613 [ForkJoinPool.commonPool-worker-1] INFO  server.session (HouseKeeper.java:stopScavenging(149)) - node0 Stopped scavenging
2022-04-24 04:17:41,614 [ForkJoinPool.commonPool-worker-1] INFO  handler.ContextHandler (ContextHandler.java:doStop(1153)) - Stopped o.e.j.s.ServletContextHandler@2e59b658{static,/static,jar:file:/home/runner/.m2/repository/org/apache/ozone/hdds-container-service/1.3.0-SNAPSHOT/hdds-container-service-1.3.0-SNAPSHOT.jar!/webapps/static,STOPPED}
2022-04-24 04:17:41,617 [ForkJoinPool.commonPool-worker-1] INFO  handler.ContextHandler (ContextHandler.java:doStop(1153)) - Stopped o.e.j.s.ServletContextHandler@5cc430cb{logs,/logs,file:///home/runner/work/ozone/ozone/hadoop-ozone/integration-test/target/log,STOPPED}
2022-04-24 04:17:42,639 [07194f3d-c9eb-4893-9cab-c457c5e8e7cf@group-ADE53EB9BEDA-FollowerState] INFO  impl.FollowerState (FollowerState.java:run(134)) - 07194f3d-c9eb-4893-9cab-c457c5e8e7cf@group-ADE53EB9BEDA-FollowerState: change to CANDIDATE, lastRpcElapsedTime:7060541833ns, electionTimeout:5026ms
2022-04-24 04:17:42,639 [07194f3d-c9eb-4893-9cab-c457c5e8e7cf@group-ADE53EB9BEDA-FollowerState] INFO  impl.RoleInfo (RoleInfo.java:shutdownFollowerState(108)) - 07194f3d-c9eb-4893-9cab-c457c5e8e7cf: shutdown 07194f3d-c9eb-4893-9cab-c457c5e8e7cf@group-ADE53EB9BEDA-FollowerState
2022-04-24 04:17:42,639 [07194f3d-c9eb-4893-9cab-c457c5e8e7cf@group-ADE53EB9BEDA-FollowerState] INFO  server.RaftServer$Division (RaftServerImpl.java:setRole(290)) - 07194f3d-c9eb-4893-9cab-c457c5e8e7cf@group-ADE53EB9BEDA: changes role from  FOLLOWER to CANDIDATE at term 1 for changeToCandidate
2022-04-24 04:17:42,639 [07194f3d-c9eb-4893-9cab-c457c5e8e7cf@group-ADE53EB9BEDA-FollowerState] INFO  server.RaftServerConfigKeys (ConfUtils.java:logGet(44)) - raft.server.leaderelection.pre-vote = false (custom)
2022-04-24 04:17:42,639 [07194f3d-c9eb-4893-9cab-c457c5e8e7cf@group-ADE53EB9BEDA-FollowerState] INFO  impl.RoleInfo (RoleInfo.java:updateAndGet(130)) - 07194f3d-c9eb-4893-9cab-c457c5e8e7cf: start 07194f3d-c9eb-4893-9cab-c457c5e8e7cf@group-ADE53EB9BEDA-LeaderElection35
2022-04-24 04:17:42,661 [07194f3d-c9eb-4893-9cab-c457c5e8e7cf@group-ADE53EB9BEDA-LeaderElection35] INFO  server.RaftServer$Division (ServerState.java:setLeader(285)) - 07194f3d-c9eb-4893-9cab-c457c5e8e7cf@group-ADE53EB9BEDA: change Leader from 17cdb9c6-36ab-42af-b35d-3948633e5a03 to null at term 1 for ELECTION
2022-04-24 04:17:42,666 [07194f3d-c9eb-4893-9cab-c457c5e8e7cf@group-ADE53EB9BEDA-LeaderElection35] INFO  impl.LeaderElection (LeaderElection.java:askForVotes(306)) - 07194f3d-c9eb-4893-9cab-c457c5e8e7cf@group-ADE53EB9BEDA-LeaderElection35 ELECTION round 0: submit vote requests at term 2 for 0: [e1740749-fe91-487e-b92b-84770da375d0|rpc:10.1.0.15:38503|dataStream:|priority:0, 17cdb9c6-36ab-42af-b35d-3948633e5a03|rpc:10.1.0.15:34029|dataStream:|priority:1, 07194f3d-c9eb-4893-9cab-c457c5e8e7cf|rpc:10.1.0.15:38719|dataStream:|priority:0], old=null
2022-04-24 04:17:42,668 [07194f3d-c9eb-4893-9cab-c457c5e8e7cf@group-ADE53EB9BEDA-LeaderElection35] INFO  impl.LeaderElection (LogUtils.java:infoOrTrace(137)) - 07194f3d-c9eb-4893-9cab-c457c5e8e7cf@group-ADE53EB9BEDA-LeaderElection35 got exception when requesting votes: java.util.concurrent.ExecutionException: org.apache.ratis.thirdparty.io.grpc.StatusRuntimeException: UNAVAILABLE: io exception
2022-04-24 04:17:42,668 [07194f3d-c9eb-4893-9cab-c457c5e8e7cf@group-ADE53EB9BEDA-LeaderElection35] INFO  impl.LeaderElection (LogUtils.java:infoOrTrace(137)) - 07194f3d-c9eb-4893-9cab-c457c5e8e7cf@group-ADE53EB9BEDA-LeaderElection35 got exception when requesting votes: java.util.concurrent.ExecutionException: org.apache.ratis.thirdparty.io.grpc.StatusRuntimeException: UNAVAILABLE: io exception
2022-04-24 04:17:42,668 [07194f3d-c9eb-4893-9cab-c457c5e8e7cf@group-ADE53EB9BEDA-LeaderElection35] INFO  impl.LeaderElection (LeaderElection.java:logAndReturn(89)) - 07194f3d-c9eb-4893-9cab-c457c5e8e7cf@group-ADE53EB9BEDA-LeaderElection35: ELECTION REJECTED received 0 response(s) and 2 exception(s):
2022-04-24 04:17:42,668 [07194f3d-c9eb-4893-9cab-c457c5e8e7cf@group-ADE53EB9BEDA-LeaderElection35] INFO  impl.LeaderElection (LogUtils.java:infoOrTrace(137)) -   Exception 0: java.util.concurrent.ExecutionException: org.apache.ratis.thirdparty.io.grpc.StatusRuntimeException: UNAVAILABLE: io exception
2022-04-24 04:17:42,668 [07194f3d-c9eb-4893-9cab-c457c5e8e7cf@group-ADE53EB9BEDA-LeaderElection35] INFO  impl.LeaderElection (LogUtils.java:infoOrTrace(137)) -   Exception 1: java.util.concurrent.ExecutionException: org.apache.ratis.thirdparty.io.grpc.StatusRuntimeException: UNAVAILABLE: io exception
2022-04-24 04:17:42,668 [07194f3d-c9eb-4893-9cab-c457c5e8e7cf@group-ADE53EB9BEDA-LeaderElection35] INFO  impl.LeaderElection (LeaderElection.java:askForVotes(308)) - 07194f3d-c9eb-4893-9cab-c457c5e8e7cf@group-ADE53EB9BEDA-LeaderElection35 ELECTION round 0: result REJECTED
2022-04-24 04:17:42,674 [07194f3d-c9eb-4893-9cab-c457c5e8e7cf@group-ADE53EB9BEDA-LeaderElection35] INFO  server.RaftServer$Division (RaftServerImpl.java:setRole(290)) - 07194f3d-c9eb-4893-9cab-c457c5e8e7cf@group-ADE53EB9BEDA: changes role from CANDIDATE to FOLLOWER at term 2 for REJECTED
2022-04-24 04:17:42,674 [07194f3d-c9eb-4893-9cab-c457c5e8e7cf@group-ADE53EB9BEDA-LeaderElection35] INFO  impl.RoleInfo (RoleInfo.java:shutdownLeaderElection(121)) - 07194f3d-c9eb-4893-9cab-c457c5e8e7cf: shutdown 07194f3d-c9eb-4893-9cab-c457c5e8e7cf@group-ADE53EB9BEDA-LeaderElection35
2022-04-24 04:17:42,674 [07194f3d-c9eb-4893-9cab-c457c5e8e7cf@group-ADE53EB9BEDA-LeaderElection35] INFO  impl.RoleInfo (RoleInfo.java:updateAndGet(130)) - 07194f3d-c9eb-4893-9cab-c457c5e8e7cf: start 07194f3d-c9eb-4893-9cab-c457c5e8e7cf@group-ADE53EB9BEDA-FollowerState
2022-04-24 04:17:46,015 [07194f3d-c9eb-4893-9cab-c457c5e8e7cf@group-0CC7895F5F7C-FollowerState] INFO  impl.FollowerState (FollowerState.java:lostMajorityHeartbeatsRecently(107)) - 07194f3d-c9eb-4893-9cab-c457c5e8e7cf@group-0CC7895F5F7C-FollowerState: Skipping leader election since it stepped down recently (elapsed = 5054ms < waitTime = 10s)
2022-04-24 04:17:46,549 [Listener at 127.0.0.1/45981] INFO  ozoneimpl.OzoneContainer (OzoneContainer.java:stop(356)) - Attempting to stop container services.
2022-04-24 04:17:46,550 [Listener at 127.0.0.1/45981] INFO  server.RaftServer (RaftServerProxy.java:lambda$close$6(391)) - bffb6770-0dea-4a47-b7e7-380b8a6a8c28: close
2022-04-24 04:17:46,550 [Listener at 127.0.0.1/45981] INFO  server.RaftServer$Division (RaftServerImpl.java:lambda$close$4(412)) - bffb6770-0dea-4a47-b7e7-380b8a6a8c28@group-DFDBB496666C: shutdown
2022-04-24 04:17:46,550 [Listener at 127.0.0.1/45981] INFO  util.JmxRegister (JmxRegister.java:unregister(73)) - Successfully un-registered JMX Bean with object name Ratis:service=RaftServer,group=group-DFDBB496666C,id=bffb6770-0dea-4a47-b7e7-380b8a6a8c28
2022-04-24 04:17:46,550 [Listener at 127.0.0.1/45981] INFO  impl.RoleInfo (RoleInfo.java:shutdownLeaderState(91)) - bffb6770-0dea-4a47-b7e7-380b8a6a8c28: shutdown bffb6770-0dea-4a47-b7e7-380b8a6a8c28@group-DFDBB496666C-LeaderStateImpl
2022-04-24 04:17:46,550 [Listener at 127.0.0.1/45981] INFO  impl.PendingRequests (PendingRequests.java:sendNotLeaderResponses(282)) - bffb6770-0dea-4a47-b7e7-380b8a6a8c28@group-DFDBB496666C-PendingRequests: sendNotLeaderResponses
2022-04-24 04:17:46,554 [bffb6770-0dea-4a47-b7e7-380b8a6a8c28@group-DFDBB496666C-StateMachineUpdater] INFO  ratis.ContainerStateMachine (ContainerStateMachine.java:takeSnapshot(304)) - group-DFDBB496666C: Taking a snapshot at:(t:1, i:0) file /home/runner/work/ozone/ozone/hadoop-ozone/integration-test/target/test-dir/MiniOzoneClusterImpl-83189976-e3c9-4226-841a-8dae3aba4f8d/datanode-4/data/ratis/0f82a6fb-6143-486d-b4b9-dfdbb496666c/sm/snapshot.1_0
2022-04-24 04:17:46,554 [Listener at 127.0.0.1/45981] INFO  impl.StateMachineUpdater (StateMachineUpdater.java:stopAndJoin(149)) - bffb6770-0dea-4a47-b7e7-380b8a6a8c28@group-DFDBB496666C-StateMachineUpdater: set stopIndex = 0
2022-04-24 04:17:46,555 [bffb6770-0dea-4a47-b7e7-380b8a6a8c28@group-DFDBB496666C-StateMachineUpdater] INFO  ratis.ContainerStateMachine (ContainerStateMachine.java:takeSnapshot(315)) - group-DFDBB496666C: Finished taking a snapshot at:(t:1, i:0) file:/home/runner/work/ozone/ozone/hadoop-ozone/integration-test/target/test-dir/MiniOzoneClusterImpl-83189976-e3c9-4226-841a-8dae3aba4f8d/datanode-4/data/ratis/0f82a6fb-6143-486d-b4b9-dfdbb496666c/sm/snapshot.1_0 took: 1 ms
2022-04-24 04:17:46,555 [bffb6770-0dea-4a47-b7e7-380b8a6a8c28@group-DFDBB496666C-StateMachineUpdater] INFO  impl.StateMachineUpdater (StateMachineUpdater.java:takeSnapshot(281)) - bffb6770-0dea-4a47-b7e7-380b8a6a8c28@group-DFDBB496666C-StateMachineUpdater: Took a snapshot at index 0
2022-04-24 04:17:46,555 [bffb6770-0dea-4a47-b7e7-380b8a6a8c28@group-DFDBB496666C-StateMachineUpdater] INFO  impl.StateMachineUpdater (StateMachineUpdater.java:lambda$new$0(89)) - bffb6770-0dea-4a47-b7e7-380b8a6a8c28@group-DFDBB496666C-StateMachineUpdater: snapshotIndex: updateIncreasingly -1 -> 0
2022-04-24 04:17:46,556 [Listener at 127.0.0.1/45981] INFO  server.RaftServer$Division (ServerState.java:close(419)) - bffb6770-0dea-4a47-b7e7-380b8a6a8c28@group-DFDBB496666C: closes. applyIndex: 0
2022-04-24 04:17:46,557 [bffb6770-0dea-4a47-b7e7-380b8a6a8c28@group-DFDBB496666C-SegmentedRaftLogWorker] INFO  segmented.SegmentedRaftLogWorker (SegmentedRaftLogWorker.java:run(327)) - bffb6770-0dea-4a47-b7e7-380b8a6a8c28@group-DFDBB496666C-SegmentedRaftLogWorker was interrupted, exiting. There are 0 tasks remaining in the queue.
2022-04-24 04:17:46,577 [Listener at 127.0.0.1/45981] INFO  segmented.SegmentedRaftLogWorker (SegmentedRaftLogWorker.java:close(237)) - bffb6770-0dea-4a47-b7e7-380b8a6a8c28@group-DFDBB496666C-SegmentedRaftLogWorker close()
2022-04-24 04:17:46,579 [Listener at 127.0.0.1/45981] INFO  server.GrpcService (GrpcService.java:closeImpl(262)) - bffb6770-0dea-4a47-b7e7-380b8a6a8c28: shutdown server with port 37891 now
2022-04-24 04:17:46,585 [Listener at 127.0.0.1/45981] INFO  server.GrpcService (GrpcService.java:closeImpl(271)) - bffb6770-0dea-4a47-b7e7-380b8a6a8c28: shutdown server with port 37891 successfully
2022-04-24 04:17:46,585 [org.apache.ratis.util.JvmPauseMonitor$$Lambda$580/177642409@582a6323] INFO  util.JvmPauseMonitor (JvmPauseMonitor.java:run(109)) - JvmPauseMonitor-bffb6770-0dea-4a47-b7e7-380b8a6a8c28: Stopped
2022-04-24 04:17:46,626 [ForkJoinPool.commonPool-worker-1] INFO  ozoneimpl.OzoneContainer (OzoneContainer.java:stop(356)) - Attempting to stop container services.
2022-04-24 04:17:46,627 [ForkJoinPool.commonPool-worker-1] INFO  server.RaftServer (RaftServerProxy.java:lambda$close$6(391)) - 07194f3d-c9eb-4893-9cab-c457c5e8e7cf: close
2022-04-24 04:17:46,627 [ForkJoinPool.commonPool-worker-1] INFO  server.RaftServer$Division (RaftServerImpl.java:lambda$close$4(412)) - 07194f3d-c9eb-4893-9cab-c457c5e8e7cf@group-ADE53EB9BEDA: shutdown
2022-04-24 04:17:46,627 [ForkJoinPool.commonPool-worker-1] INFO  util.JmxRegister (JmxRegister.java:unregister(73)) - Successfully un-registered JMX Bean with object name Ratis:service=RaftServer,group=group-ADE53EB9BEDA,id=07194f3d-c9eb-4893-9cab-c457c5e8e7cf
2022-04-24 04:17:46,627 [ForkJoinPool.commonPool-worker-1] INFO  impl.RoleInfo (RoleInfo.java:shutdownFollowerState(108)) - 07194f3d-c9eb-4893-9cab-c457c5e8e7cf: shutdown 07194f3d-c9eb-4893-9cab-c457c5e8e7cf@group-ADE53EB9BEDA-FollowerState
2022-04-24 04:17:46,627 [ForkJoinPool.commonPool-worker-1] INFO  impl.StateMachineUpdater (StateMachineUpdater.java:stopAndJoin(149)) - 07194f3d-c9eb-4893-9cab-c457c5e8e7cf@group-ADE53EB9BEDA-StateMachineUpdater: set stopIndex = 7
2022-04-24 04:17:46,627 [07194f3d-c9eb-4893-9cab-c457c5e8e7cf@group-ADE53EB9BEDA-StateMachineUpdater] INFO  ratis.ContainerStateMachine (ContainerStateMachine.java:takeSnapshot(304)) - group-ADE53EB9BEDA: Taking a snapshot at:(t:1, i:7) file /home/runner/work/ozone/ozone/hadoop-ozone/integration-test/target/test-dir/MiniOzoneClusterImpl-83189976-e3c9-4226-841a-8dae3aba4f8d/datanode-0/data/ratis/4ce39555-f55b-4b8c-aa95-ade53eb9beda/sm/snapshot.1_7
2022-04-24 04:17:46,630 [07194f3d-c9eb-4893-9cab-c457c5e8e7cf@group-ADE53EB9BEDA-StateMachineUpdater] INFO  ratis.ContainerStateMachine (ContainerStateMachine.java:takeSnapshot(315)) - group-ADE53EB9BEDA: Finished taking a snapshot at:(t:1, i:7) file:/home/runner/work/ozone/ozone/hadoop-ozone/integration-test/target/test-dir/MiniOzoneClusterImpl-83189976-e3c9-4226-841a-8dae3aba4f8d/datanode-0/data/ratis/4ce39555-f55b-4b8c-aa95-ade53eb9beda/sm/snapshot.1_7 took: 2 ms
2022-04-24 04:17:46,630 [07194f3d-c9eb-4893-9cab-c457c5e8e7cf@group-ADE53EB9BEDA-StateMachineUpdater] INFO  impl.StateMachineUpdater (StateMachineUpdater.java:takeSnapshot(281)) - 07194f3d-c9eb-4893-9cab-c457c5e8e7cf@group-ADE53EB9BEDA-StateMachineUpdater: Took a snapshot at index 7
2022-04-24 04:17:46,630 [07194f3d-c9eb-4893-9cab-c457c5e8e7cf@group-ADE53EB9BEDA-StateMachineUpdater] INFO  impl.StateMachineUpdater (StateMachineUpdater.java:lambda$new$0(89)) - 07194f3d-c9eb-4893-9cab-c457c5e8e7cf@group-ADE53EB9BEDA-StateMachineUpdater: snapshotIndex: updateIncreasingly -1 -> 7
2022-04-24 04:17:46,631 [ForkJoinPool.commonPool-worker-1] INFO  server.RaftServer$Division (ServerState.java:close(419)) - 07194f3d-c9eb-4893-9cab-c457c5e8e7cf@group-ADE53EB9BEDA: closes. applyIndex: 7
2022-04-24 04:17:46,631 [07194f3d-c9eb-4893-9cab-c457c5e8e7cf@group-ADE53EB9BEDA-SegmentedRaftLogWorker] INFO  segmented.SegmentedRaftLogWorker (SegmentedRaftLogWorker.java:run(327)) - 07194f3d-c9eb-4893-9cab-c457c5e8e7cf@group-ADE53EB9BEDA-SegmentedRaftLogWorker was interrupted, exiting. There are 0 tasks remaining in the queue.
2022-04-24 04:17:46,635 [ForkJoinPool.commonPool-worker-1] INFO  segmented.SegmentedRaftLogWorker (SegmentedRaftLogWorker.java:close(237)) - 07194f3d-c9eb-4893-9cab-c457c5e8e7cf@group-ADE53EB9BEDA-SegmentedRaftLogWorker close()
2022-04-24 04:17:46,636 [ForkJoinPool.commonPool-worker-1] INFO  server.RaftServer$Division (RaftServerImpl.java:lambda$close$4(412)) - 07194f3d-c9eb-4893-9cab-c457c5e8e7cf@group-FDA5D5A2125F: shutdown
2022-04-24 04:17:46,636 [ForkJoinPool.commonPool-worker-1] INFO  util.JmxRegister (JmxRegister.java:unregister(73)) - Successfully un-registered JMX Bean with object name Ratis:service=RaftServer,group=group-FDA5D5A2125F,id=07194f3d-c9eb-4893-9cab-c457c5e8e7cf
2022-04-24 04:17:46,636 [ForkJoinPool.commonPool-worker-1] INFO  impl.RoleInfo (RoleInfo.java:shutdownLeaderState(91)) - 07194f3d-c9eb-4893-9cab-c457c5e8e7cf: shutdown 07194f3d-c9eb-4893-9cab-c457c5e8e7cf@group-FDA5D5A2125F-LeaderStateImpl
2022-04-24 04:17:46,636 [ForkJoinPool.commonPool-worker-1] INFO  impl.PendingRequests (PendingRequests.java:sendNotLeaderResponses(282)) - 07194f3d-c9eb-4893-9cab-c457c5e8e7cf@group-FDA5D5A2125F-PendingRequests: sendNotLeaderResponses
2022-04-24 04:17:46,637 [ForkJoinPool.commonPool-worker-1] INFO  impl.StateMachineUpdater (StateMachineUpdater.java:stopAndJoin(149)) - 07194f3d-c9eb-4893-9cab-c457c5e8e7cf@group-FDA5D5A2125F-StateMachineUpdater: set stopIndex = 0
2022-04-24 04:17:46,637 [07194f3d-c9eb-4893-9cab-c457c5e8e7cf@group-FDA5D5A2125F-StateMachineUpdater] INFO  ratis.ContainerStateMachine (ContainerStateMachine.java:takeSnapshot(304)) - group-FDA5D5A2125F: Taking a snapshot at:(t:1, i:0) file /home/runner/work/ozone/ozone/hadoop-ozone/integration-test/target/test-dir/MiniOzoneClusterImpl-83189976-e3c9-4226-841a-8dae3aba4f8d/datanode-0/data/ratis/5b8d4bd1-8074-4b65-96c1-fda5d5a2125f/sm/snapshot.1_0
2022-04-24 04:17:46,638 [07194f3d-c9eb-4893-9cab-c457c5e8e7cf@group-FDA5D5A2125F-StateMachineUpdater] INFO  ratis.ContainerStateMachine (ContainerStateMachine.java:takeSnapshot(315)) - group-FDA5D5A2125F: Finished taking a snapshot at:(t:1, i:0) file:/home/runner/work/ozone/ozone/hadoop-ozone/integration-test/target/test-dir/MiniOzoneClusterImpl-83189976-e3c9-4226-841a-8dae3aba4f8d/datanode-0/data/ratis/5b8d4bd1-8074-4b65-96c1-fda5d5a2125f/sm/snapshot.1_0 took: 1 ms
2022-04-24 04:17:46,638 [07194f3d-c9eb-4893-9cab-c457c5e8e7cf@group-FDA5D5A2125F-StateMachineUpdater] INFO  impl.StateMachineUpdater (StateMachineUpdater.java:takeSnapshot(281)) - 07194f3d-c9eb-4893-9cab-c457c5e8e7cf@group-FDA5D5A2125F-StateMachineUpdater: Took a snapshot at index 0
2022-04-24 04:17:46,638 [07194f3d-c9eb-4893-9cab-c457c5e8e7cf@group-FDA5D5A2125F-StateMachineUpdater] INFO  impl.StateMachineUpdater (StateMachineUpdater.java:lambda$new$0(89)) - 07194f3d-c9eb-4893-9cab-c457c5e8e7cf@group-FDA5D5A2125F-StateMachineUpdater: snapshotIndex: updateIncreasingly -1 -> 0
2022-04-24 04:17:46,638 [ForkJoinPool.commonPool-worker-1] INFO  server.RaftServer$Division (ServerState.java:close(419)) - 07194f3d-c9eb-4893-9cab-c457c5e8e7cf@group-FDA5D5A2125F: closes. applyIndex: 0
2022-04-24 04:17:46,639 [07194f3d-c9eb-4893-9cab-c457c5e8e7cf@group-FDA5D5A2125F-SegmentedRaftLogWorker] INFO  segmented.SegmentedRaftLogWorker (SegmentedRaftLogWorker.java:run(327)) - 07194f3d-c9eb-4893-9cab-c457c5e8e7cf@group-FDA5D5A2125F-SegmentedRaftLogWorker was interrupted, exiting. There are 0 tasks remaining in the queue.
2022-04-24 04:17:46,640 [ForkJoinPool.commonPool-worker-1] INFO  segmented.SegmentedRaftLogWorker (SegmentedRaftLogWorker.java:close(237)) - 07194f3d-c9eb-4893-9cab-c457c5e8e7cf@group-FDA5D5A2125F-SegmentedRaftLogWorker close()
2022-04-24 04:17:46,640 [07194f3d-c9eb-4893-9cab-c457c5e8e7cf@group-ADE53EB9BEDA-FollowerState] INFO  impl.FollowerState (FollowerState.java:run(143)) - 07194f3d-c9eb-4893-9cab-c457c5e8e7cf@group-ADE53EB9BEDA-FollowerState was interrupted: {}
java.lang.InterruptedException: sleep interrupted
	at java.lang.Thread.sleep(Native Method)
	at java.lang.Thread.sleep(Thread.java:342)
	at java.util.concurrent.TimeUnit.sleep(TimeUnit.java:386)
	at org.apache.ratis.util.TimeDuration.sleep(TimeDuration.java:324)
	at org.apache.ratis.util.TimeDuration.sleep(TimeDuration.java:309)
	at org.apache.ratis.server.impl.FollowerState.run(FollowerState.java:118)
2022-04-24 04:17:46,643 [ForkJoinPool.commonPool-worker-1] INFO  server.RaftServer$Division (RaftServerImpl.java:lambda$close$4(412)) - 07194f3d-c9eb-4893-9cab-c457c5e8e7cf@group-0CC7895F5F7C: shutdown
2022-04-24 04:17:46,643 [ForkJoinPool.commonPool-worker-1] INFO  util.JmxRegister (JmxRegister.java:unregister(73)) - Successfully un-registered JMX Bean with object name Ratis:service=RaftServer,group=group-0CC7895F5F7C,id=07194f3d-c9eb-4893-9cab-c457c5e8e7cf
2022-04-24 04:17:46,643 [ForkJoinPool.commonPool-worker-1] INFO  impl.RoleInfo (RoleInfo.java:shutdownFollowerState(108)) - 07194f3d-c9eb-4893-9cab-c457c5e8e7cf: shutdown 07194f3d-c9eb-4893-9cab-c457c5e8e7cf@group-0CC7895F5F7C-FollowerState
2022-04-24 04:17:46,643 [07194f3d-c9eb-4893-9cab-c457c5e8e7cf@group-0CC7895F5F7C-FollowerState] INFO  impl.FollowerState (FollowerState.java:run(143)) - 07194f3d-c9eb-4893-9cab-c457c5e8e7cf@group-0CC7895F5F7C-FollowerState was interrupted: {}
java.lang.InterruptedException: sleep interrupted
	at java.lang.Thread.sleep(Native Method)
	at java.lang.Thread.sleep(Thread.java:342)
	at java.util.concurrent.TimeUnit.sleep(TimeUnit.java:386)
	at org.apache.ratis.util.TimeDuration.sleep(TimeDuration.java:324)
	at org.apache.ratis.util.TimeDuration.sleep(TimeDuration.java:309)
	at org.apache.ratis.server.impl.FollowerState.run(FollowerState.java:118)
2022-04-24 04:17:46,644 [07194f3d-c9eb-4893-9cab-c457c5e8e7cf@group-0CC7895F5F7C-StateMachineUpdater] INFO  ratis.ContainerStateMachine (ContainerStateMachine.java:takeSnapshot(304)) - group-0CC7895F5F7C: Taking a snapshot at:(t:1, i:20) file /home/runner/work/ozone/ozone/hadoop-ozone/integration-test/target/test-dir/MiniOzoneClusterImpl-83189976-e3c9-4226-841a-8dae3aba4f8d/datanode-0/data/ratis/af01b7d4-bc2f-4284-a020-0cc7895f5f7c/sm/snapshot.1_20
2022-04-24 04:17:46,644 [ForkJoinPool.commonPool-worker-1] INFO  impl.StateMachineUpdater (StateMachineUpdater.java:stopAndJoin(149)) - 07194f3d-c9eb-4893-9cab-c457c5e8e7cf@group-0CC7895F5F7C-StateMachineUpdater: set stopIndex = 20
2022-04-24 04:17:46,654 [07194f3d-c9eb-4893-9cab-c457c5e8e7cf@group-0CC7895F5F7C-StateMachineUpdater] INFO  ratis.ContainerStateMachine (ContainerStateMachine.java:takeSnapshot(315)) - group-0CC7895F5F7C: Finished taking a snapshot at:(t:1, i:20) file:/home/runner/work/ozone/ozone/hadoop-ozone/integration-test/target/test-dir/MiniOzoneClusterImpl-83189976-e3c9-4226-841a-8dae3aba4f8d/datanode-0/data/ratis/af01b7d4-bc2f-4284-a020-0cc7895f5f7c/sm/snapshot.1_20 took: 10 ms
2022-04-24 04:17:46,654 [07194f3d-c9eb-4893-9cab-c457c5e8e7cf@group-0CC7895F5F7C-StateMachineUpdater] INFO  impl.StateMachineUpdater (StateMachineUpdater.java:takeSnapshot(281)) - 07194f3d-c9eb-4893-9cab-c457c5e8e7cf@group-0CC7895F5F7C-StateMachineUpdater: Took a snapshot at index 20
2022-04-24 04:17:46,654 [07194f3d-c9eb-4893-9cab-c457c5e8e7cf@group-0CC7895F5F7C-StateMachineUpdater] INFO  impl.StateMachineUpdater (StateMachineUpdater.java:lambda$new$0(89)) - 07194f3d-c9eb-4893-9cab-c457c5e8e7cf@group-0CC7895F5F7C-StateMachineUpdater: snapshotIndex: updateIncreasingly -1 -> 20
2022-04-24 04:17:46,655 [ForkJoinPool.commonPool-worker-1] INFO  server.RaftServer$Division (ServerState.java:close(419)) - 07194f3d-c9eb-4893-9cab-c457c5e8e7cf@group-0CC7895F5F7C: closes. applyIndex: 20
2022-04-24 04:17:46,655 [07194f3d-c9eb-4893-9cab-c457c5e8e7cf@group-0CC7895F5F7C-SegmentedRaftLogWorker] INFO  segmented.SegmentedRaftLogWorker (SegmentedRaftLogWorker.java:run(327)) - 07194f3d-c9eb-4893-9cab-c457c5e8e7cf@group-0CC7895F5F7C-SegmentedRaftLogWorker was interrupted, exiting. There are 0 tasks remaining in the queue.
2022-04-24 04:17:46,665 [ForkJoinPool.commonPool-worker-1] INFO  segmented.SegmentedRaftLogWorker (SegmentedRaftLogWorker.java:close(237)) - 07194f3d-c9eb-4893-9cab-c457c5e8e7cf@group-0CC7895F5F7C-SegmentedRaftLogWorker close()
2022-04-24 04:17:46,666 [ForkJoinPool.commonPool-worker-1] INFO  server.GrpcService (GrpcService.java:closeImpl(262)) - 07194f3d-c9eb-4893-9cab-c457c5e8e7cf: shutdown server with port 38719 now
2022-04-24 04:17:46,681 [ForkJoinPool.commonPool-worker-1] INFO  server.GrpcService (GrpcService.java:closeImpl(271)) - 07194f3d-c9eb-4893-9cab-c457c5e8e7cf: shutdown server with port 38719 successfully
2022-04-24 04:17:46,687 [org.apache.ratis.util.JvmPauseMonitor$$Lambda$580/177642409@72b4b43c] INFO  util.JvmPauseMonitor (JvmPauseMonitor.java:run(109)) - JvmPauseMonitor-07194f3d-c9eb-4893-9cab-c457c5e8e7cf: Stopped
2022-04-24 04:17:46,701 [grpc-default-executor-0] WARN  client.GrpcClientProtocolService (LogUtils.java:warn(122)) - 1-UnorderedRequestStreamObserver1: onError: org.apache.ratis.thirdparty.io.grpc.StatusRuntimeException: CANCELLED: client cancelled
2022-04-24 04:17:48,621 [Listener at 127.0.0.1/45981] INFO  utils.BackgroundService (BackgroundService.java:shutdown(132)) - Shutting down service BlockDeletingService
2022-04-24 04:17:48,726 [ForkJoinPool.commonPool-worker-1] INFO  utils.BackgroundService (BackgroundService.java:shutdown(132)) - Shutting down service BlockDeletingService
2022-04-24 04:17:51,633 [Listener at 127.0.0.1/45981] INFO  statemachine.DatanodeStateMachine (DatanodeStateMachine.java:stopDaemon(560)) - Ozone container server stopped.
2022-04-24 04:17:51,634 [Listener at 127.0.0.1/45981] INFO  handler.ContextHandler (ContextHandler.java:doStop(1153)) - Stopped o.e.j.w.WebAppContext@458556e4{hddsDatanode,/,null,STOPPED}{jar:file:/home/runner/.m2/repository/org/apache/ozone/hdds-container-service/1.3.0-SNAPSHOT/hdds-container-service-1.3.0-SNAPSHOT.jar!/webapps/hddsDatanode}
2022-04-24 04:17:51,635 [Listener at 127.0.0.1/45981] INFO  server.AbstractConnector (AbstractConnector.java:doStop(381)) - Stopped ServerConnector@d974318{HTTP/1.1, (http/1.1)}{0.0.0.0:0}
2022-04-24 04:17:51,635 [Listener at 127.0.0.1/45981] INFO  server.session (HouseKeeper.java:stopScavenging(149)) - node0 Stopped scavenging
2022-04-24 04:17:51,635 [Listener at 127.0.0.1/45981] INFO  handler.ContextHandler (ContextHandler.java:doStop(1153)) - Stopped o.e.j.s.ServletContextHandler@7dfde83f{static,/static,jar:file:/home/runner/.m2/repository/org/apache/ozone/hdds-container-service/1.3.0-SNAPSHOT/hdds-container-service-1.3.0-SNAPSHOT.jar!/webapps/static,STOPPED}
2022-04-24 04:17:51,636 [Listener at 127.0.0.1/45981] INFO  handler.ContextHandler (ContextHandler.java:doStop(1153)) - Stopped o.e.j.s.ServletContextHandler@74e7b041{logs,/logs,file:///home/runner/work/ozone/ozone/hadoop-ozone/integration-test/target/log,STOPPED}
2022-04-24 04:17:51,736 [ForkJoinPool.commonPool-worker-1] INFO  statemachine.DatanodeStateMachine (DatanodeStateMachine.java:stopDaemon(560)) - Ozone container server stopped.
2022-04-24 04:17:51,745 [ForkJoinPool.commonPool-worker-1] INFO  handler.ContextHandler (ContextHandler.java:doStop(1153)) - Stopped o.e.j.w.WebAppContext@56259be0{hddsDatanode,/,null,STOPPED}{jar:file:/home/runner/.m2/repository/org/apache/ozone/hdds-container-service/1.3.0-SNAPSHOT/hdds-container-service-1.3.0-SNAPSHOT.jar!/webapps/hddsDatanode}
2022-04-24 04:17:51,767 [ForkJoinPool.commonPool-worker-1] INFO  server.AbstractConnector (AbstractConnector.java:doStop(381)) - Stopped ServerConnector@5a154f22{HTTP/1.1, (http/1.1)}{0.0.0.0:0}
2022-04-24 04:17:51,767 [ForkJoinPool.commonPool-worker-1] INFO  server.session (HouseKeeper.java:stopScavenging(149)) - node0 Stopped scavenging
2022-04-24 04:17:51,769 [ForkJoinPool.commonPool-worker-1] INFO  handler.ContextHandler (ContextHandler.java:doStop(1153)) - Stopped o.e.j.s.ServletContextHandler@338f500e{static,/static,jar:file:/home/runner/.m2/repository/org/apache/ozone/hdds-container-service/1.3.0-SNAPSHOT/hdds-container-service-1.3.0-SNAPSHOT.jar!/webapps/static,STOPPED}
2022-04-24 04:17:51,769 [ForkJoinPool.commonPool-worker-1] INFO  handler.ContextHandler (ContextHandler.java:doStop(1153)) - Stopped o.e.j.s.ServletContextHandler@2a810a2d{logs,/logs,file:///home/runner/work/ozone/ozone/hadoop-ozone/integration-test/target/log,STOPPED}
2022-04-24 04:17:56,653 [Listener at 127.0.0.1/45981] INFO  ozoneimpl.OzoneContainer (OzoneContainer.java:stop(356)) - Attempting to stop container services.
2022-04-24 04:17:56,656 [Listener at 127.0.0.1/45981] INFO  server.RaftServer (RaftServerProxy.java:lambda$close$6(391)) - 54e7648f-2930-4d31-a354-11192bb944d6: close
2022-04-24 04:17:56,656 [Listener at 127.0.0.1/45981] INFO  server.RaftServer$Division (RaftServerImpl.java:lambda$close$4(412)) - 54e7648f-2930-4d31-a354-11192bb944d6@group-7DB8B539C621: shutdown
2022-04-24 04:17:56,656 [Listener at 127.0.0.1/45981] INFO  util.JmxRegister (JmxRegister.java:unregister(73)) - Successfully un-registered JMX Bean with object name Ratis:service=RaftServer,group=group-7DB8B539C621,id=54e7648f-2930-4d31-a354-11192bb944d6
2022-04-24 04:17:56,656 [Listener at 127.0.0.1/45981] INFO  impl.RoleInfo (RoleInfo.java:shutdownLeaderState(91)) - 54e7648f-2930-4d31-a354-11192bb944d6: shutdown 54e7648f-2930-4d31-a354-11192bb944d6@group-7DB8B539C621-LeaderStateImpl
2022-04-24 04:17:56,656 [Listener at 127.0.0.1/45981] INFO  impl.PendingRequests (PendingRequests.java:sendNotLeaderResponses(282)) - 54e7648f-2930-4d31-a354-11192bb944d6@group-7DB8B539C621-PendingRequests: sendNotLeaderResponses
2022-04-24 04:17:56,657 [Listener at 127.0.0.1/45981] INFO  impl.StateMachineUpdater (StateMachineUpdater.java:stopAndJoin(149)) - 54e7648f-2930-4d31-a354-11192bb944d6@group-7DB8B539C621-StateMachineUpdater: set stopIndex = 0
2022-04-24 04:17:56,657 [54e7648f-2930-4d31-a354-11192bb944d6@group-7DB8B539C621-StateMachineUpdater] INFO  ratis.ContainerStateMachine (ContainerStateMachine.java:takeSnapshot(304)) - group-7DB8B539C621: Taking a snapshot at:(t:1, i:0) file /home/runner/work/ozone/ozone/hadoop-ozone/integration-test/target/test-dir/MiniOzoneClusterImpl-83189976-e3c9-4226-841a-8dae3aba4f8d/datanode-3/data/ratis/97b49c42-f93a-477e-8e2f-7db8b539c621/sm/snapshot.1_0
2022-04-24 04:17:56,659 [54e7648f-2930-4d31-a354-11192bb944d6@group-7DB8B539C621-StateMachineUpdater] INFO  ratis.ContainerStateMachine (ContainerStateMachine.java:takeSnapshot(315)) - group-7DB8B539C621: Finished taking a snapshot at:(t:1, i:0) file:/home/runner/work/ozone/ozone/hadoop-ozone/integration-test/target/test-dir/MiniOzoneClusterImpl-83189976-e3c9-4226-841a-8dae3aba4f8d/datanode-3/data/ratis/97b49c42-f93a-477e-8e2f-7db8b539c621/sm/snapshot.1_0 took: 2 ms
2022-04-24 04:17:56,659 [54e7648f-2930-4d31-a354-11192bb944d6@group-7DB8B539C621-StateMachineUpdater] INFO  impl.StateMachineUpdater (StateMachineUpdater.java:takeSnapshot(281)) - 54e7648f-2930-4d31-a354-11192bb944d6@group-7DB8B539C621-StateMachineUpdater: Took a snapshot at index 0
2022-04-24 04:17:56,659 [54e7648f-2930-4d31-a354-11192bb944d6@group-7DB8B539C621-StateMachineUpdater] INFO  impl.StateMachineUpdater (StateMachineUpdater.java:lambda$new$0(89)) - 54e7648f-2930-4d31-a354-11192bb944d6@group-7DB8B539C621-StateMachineUpdater: snapshotIndex: updateIncreasingly -1 -> 0
2022-04-24 04:17:56,663 [Listener at 127.0.0.1/45981] INFO  server.RaftServer$Division (ServerState.java:close(419)) - 54e7648f-2930-4d31-a354-11192bb944d6@group-7DB8B539C621: closes. applyIndex: 0
2022-04-24 04:17:56,663 [54e7648f-2930-4d31-a354-11192bb944d6@group-7DB8B539C621-SegmentedRaftLogWorker] INFO  segmented.SegmentedRaftLogWorker (SegmentedRaftLogWorker.java:run(327)) - 54e7648f-2930-4d31-a354-11192bb944d6@group-7DB8B539C621-SegmentedRaftLogWorker was interrupted, exiting. There are 0 tasks remaining in the queue.
2022-04-24 04:17:56,664 [Listener at 127.0.0.1/45981] INFO  segmented.SegmentedRaftLogWorker (SegmentedRaftLogWorker.java:close(237)) - 54e7648f-2930-4d31-a354-11192bb944d6@group-7DB8B539C621-SegmentedRaftLogWorker close()
2022-04-24 04:17:56,690 [Listener at 127.0.0.1/45981] INFO  server.GrpcService (GrpcService.java:closeImpl(262)) - 54e7648f-2930-4d31-a354-11192bb944d6: shutdown server with port 36625 now
2022-04-24 04:17:56,694 [Listener at 127.0.0.1/45981] INFO  server.GrpcService (GrpcService.java:closeImpl(271)) - 54e7648f-2930-4d31-a354-11192bb944d6: shutdown server with port 36625 successfully
2022-04-24 04:17:56,694 [org.apache.ratis.util.JvmPauseMonitor$$Lambda$580/177642409@1b9ba2b7] INFO  util.JvmPauseMonitor (JvmPauseMonitor.java:run(109)) - JvmPauseMonitor-54e7648f-2930-4d31-a354-11192bb944d6: Stopped
2022-04-24 04:17:58,752 [Listener at 127.0.0.1/45981] INFO  utils.BackgroundService (BackgroundService.java:shutdown(132)) - Shutting down service BlockDeletingService
2022-04-24 04:18:01,767 [Listener at 127.0.0.1/45981] INFO  statemachine.DatanodeStateMachine (DatanodeStateMachine.java:stopDaemon(560)) - Ozone container server stopped.
2022-04-24 04:18:01,768 [Listener at 127.0.0.1/45981] INFO  handler.ContextHandler (ContextHandler.java:doStop(1153)) - Stopped o.e.j.w.WebAppContext@6a2f88fa{hddsDatanode,/,null,STOPPED}{jar:file:/home/runner/.m2/repository/org/apache/ozone/hdds-container-service/1.3.0-SNAPSHOT/hdds-container-service-1.3.0-SNAPSHOT.jar!/webapps/hddsDatanode}
2022-04-24 04:18:01,769 [Listener at 127.0.0.1/45981] INFO  server.AbstractConnector (AbstractConnector.java:doStop(381)) - Stopped ServerConnector@641059e2{HTTP/1.1, (http/1.1)}{0.0.0.0:0}
2022-04-24 04:18:01,769 [Listener at 127.0.0.1/45981] INFO  server.session (HouseKeeper.java:stopScavenging(149)) - node0 Stopped scavenging
2022-04-24 04:18:01,769 [Listener at 127.0.0.1/45981] INFO  handler.ContextHandler (ContextHandler.java:doStop(1153)) - Stopped o.e.j.s.ServletContextHandler@5ffb7dce{static,/static,jar:file:/home/runner/.m2/repository/org/apache/ozone/hdds-container-service/1.3.0-SNAPSHOT/hdds-container-service-1.3.0-SNAPSHOT.jar!/webapps/static,STOPPED}
2022-04-24 04:18:01,769 [Listener at 127.0.0.1/45981] INFO  handler.ContextHandler (ContextHandler.java:doStop(1153)) - Stopped o.e.j.s.ServletContextHandler@7da21834{logs,/logs,file:///home/runner/work/ozone/ozone/hadoop-ozone/integration-test/target/log,STOPPED}
2022-04-24 04:18:01,771 [Listener at 127.0.0.1/45981] INFO  ozone.MiniOzoneClusterImpl (MiniOzoneClusterImpl.java:stopSCM(545)) - Stopping the StorageContainerManager
2022-04-24 04:18:01,771 [Listener at 127.0.0.1/45981] INFO  server.StorageContainerManager (StorageContainerManager.java:stop(1415)) - Stopping Container Balancer service.
2022-04-24 04:18:01,771 [Listener at 127.0.0.1/45981] INFO  balancer.ContainerBalancer (ContainerBalancer.java:stopBalancer(916)) - Container Balancer is not running.
2022-04-24 04:18:01,771 [Listener at 127.0.0.1/45981] INFO  server.StorageContainerManager (StorageContainerManager.java:stop(1422)) - Stopping Replication Manager Service.
2022-04-24 04:18:01,771 [Listener at 127.0.0.1/45981] INFO  container.ReplicationManager (ReplicationManager.java:stop(357)) - Stopping Replication Monitor Thread.
2022-04-24 04:18:01,771 [Listener at 127.0.0.1/45981] INFO  server.StorageContainerManager (StorageContainerManager.java:stop(1429)) - Stopping the Datanode Admin Monitor.
2022-04-24 04:18:01,772 [Listener at 127.0.0.1/45981] INFO  server.StorageContainerManager (StorageContainerManager.java:stop(1436)) - Stopping Lease Manager of the command watchers
2022-04-24 04:18:01,772 [Listener at 127.0.0.1/45981] INFO  server.StorageContainerManager (StorageContainerManager.java:stop(1443)) - Stopping datanode service RPC server
2022-04-24 04:18:01,772 [Listener at 127.0.0.1/45981] INFO  server.SCMDatanodeProtocolServer (SCMDatanodeProtocolServer.java:stop(400)) - Stopping the RPC server for DataNodes
2022-04-24 04:18:01,776 [Listener at 127.0.0.1/45981] INFO  ipc.Server (Server.java:stop(3414)) - Stopping server on 34463
2022-04-24 04:18:01,785 [IPC Server listener on 0] INFO  ipc.Server (Server.java:run(1376)) - Stopping IPC Server listener on 0
2022-04-24 04:18:01,809 [IPC Server Responder] INFO  ipc.Server (Server.java:run(1512)) - Stopping IPC Server Responder
2022-04-24 04:18:01,812 [SCM Heartbeat Processing Thread - 0] WARN  node.NodeStateManager (NodeStateManager.java:scheduleNextHealthCheck(815)) - Current Thread is interrupted, shutting down HB processing thread for Node Manager.
2022-04-24 04:18:01,812 [Listener at 127.0.0.1/45981] INFO  server.StorageContainerManager (StorageContainerManager.java:stop(1451)) - Stopping block service RPC server
2022-04-24 04:18:01,813 [Listener at 127.0.0.1/45981] INFO  server.SCMBlockProtocolServer (SCMBlockProtocolServer.java:stop(160)) - Stopping the RPC server for Block Protocol
2022-04-24 04:18:01,813 [Listener at 127.0.0.1/45981] INFO  ipc.Server (Server.java:stop(3414)) - Stopping server on 40493
2022-04-24 04:18:01,820 [IPC Server listener on 0] INFO  ipc.Server (Server.java:run(1376)) - Stopping IPC Server listener on 0
2022-04-24 04:18:01,833 [IPC Server Responder] INFO  ipc.Server (Server.java:run(1512)) - Stopping IPC Server Responder
2022-04-24 04:18:01,833 [Listener at 127.0.0.1/45981] INFO  server.StorageContainerManager (StorageContainerManager.java:stop(1458)) - Stopping the StorageContainerLocationProtocol RPC server
2022-04-24 04:18:01,834 [Listener at 127.0.0.1/45981] INFO  server.SCMClientProtocolServer (SCMClientProtocolServer.java:stop(178)) - Stopping the RPC server for Client Protocol
2022-04-24 04:18:01,834 [Listener at 127.0.0.1/45981] INFO  ipc.Server (Server.java:stop(3414)) - Stopping server on 45515
2022-04-24 04:18:01,835 [IPC Server listener on 0] INFO  ipc.Server (Server.java:run(1376)) - Stopping IPC Server listener on 0
2022-04-24 04:18:01,876 [Listener at 127.0.0.1/45981] INFO  server.StorageContainerManager (StorageContainerManager.java:stop(1465)) - Stopping Storage Container Manager HTTP server.
2022-04-24 04:18:01,877 [Listener at 127.0.0.1/45981] INFO  handler.ContextHandler (ContextHandler.java:doStop(1153)) - Stopped o.e.j.w.WebAppContext@70263a9b{scm,/,null,STOPPED}{file:/home/runner/work/ozone/ozone/hadoop-ozone/integration-test/target/test-classes/webapps/scm}
2022-04-24 04:18:01,877 [IPC Server Responder] INFO  ipc.Server (Server.java:run(1512)) - Stopping IPC Server Responder
2022-04-24 04:18:01,878 [Listener at 127.0.0.1/45981] INFO  server.AbstractConnector (AbstractConnector.java:doStop(381)) - Stopped ServerConnector@63d53653{HTTP/1.1, (http/1.1)}{0.0.0.0:0}
2022-04-24 04:18:01,878 [Listener at 127.0.0.1/45981] INFO  server.session (HouseKeeper.java:stopScavenging(149)) - node0 Stopped scavenging
2022-04-24 04:18:01,878 [Listener at 127.0.0.1/45981] INFO  handler.ContextHandler (ContextHandler.java:doStop(1153)) - Stopped o.e.j.s.ServletContextHandler@27a5e750{static,/static,file:///home/runner/work/ozone/ozone/hadoop-ozone/integration-test/target/test-classes/webapps/static,STOPPED}
2022-04-24 04:18:01,878 [Listener at 127.0.0.1/45981] INFO  handler.ContextHandler (ContextHandler.java:doStop(1153)) - Stopped o.e.j.s.ServletContextHandler@7446870c{logs,/logs,file:///home/runner/work/ozone/ozone/hadoop-ozone/integration-test/target/log,STOPPED}
2022-04-24 04:18:01,879 [Listener at 127.0.0.1/45981] INFO  server.StorageContainerManager (StorageContainerManager.java:stop(1476)) - Stopping Block Manager Service.
2022-04-24 04:18:01,879 [Listener at 127.0.0.1/45981] INFO  utils.BackgroundService (BackgroundService.java:shutdown(132)) - Shutting down service SCMBlockDeletingService
2022-04-24 04:18:01,880 [Listener at 127.0.0.1/45981] INFO  utils.BackgroundService (BackgroundService.java:shutdown(132)) - Shutting down service SCMBlockDeletingService
2022-04-24 04:18:01,880 [Listener at 127.0.0.1/45981] INFO  server.StorageContainerManager (StorageContainerManager.java:stop(1503)) - Stopping SCM Event Queue.
2022-04-24 04:18:01,899 [Listener at 127.0.0.1/45981] INFO  server.StorageContainerManager (StorageContainerManager.java:stop(1514)) - Stopping SCM HA services.
2022-04-24 04:18:01,899 [Listener at 127.0.0.1/45981] INFO  pipeline.BackgroundPipelineCreator (BackgroundPipelineCreator.java:stop(154)) - Stopping RatisPipelineUtilsThread.
2022-04-24 04:18:01,901 [Listener at 127.0.0.1/45981] INFO  server.StorageContainerManager (StorageContainerManager.java:stop(1524)) - Stopping SCM MetadataStore.
2022-04-24 04:18:01,902 [Listener at 127.0.0.1/45981] INFO  impl.MetricsSystemImpl (MetricsSystemImpl.java:stop(210)) - Stopping HddsDatanode metrics system...
2022-04-24 04:18:01,960 [Listener at 127.0.0.1/45981] INFO  impl.MetricsSystemImpl (MetricsSystemImpl.java:stop(216)) - HddsDatanode metrics system stopped.
2022-04-24 04:18:02,153 [Listener at 127.0.0.1/45981] WARN  server.ServerUtils (ServerUtils.java:getScmDbDir(148)) - ozone.scm.db.dirs is not configured. We recommend adding this setting. Falling back to ozone.metadata.dirs instead.
2022-04-24 04:18:02,165 [Listener at 127.0.0.1/45981] INFO  ha.SCMHANodeDetails (SCMHANodeDetails.java:loadSCMHAConfig(157)) - ServiceID for StorageContainerManager is null
2022-04-24 04:18:02,166 [Listener at 127.0.0.1/45981] INFO  ha.SCMHANodeDetails (SCMHANodeDetails.java:loadSCMHAConfig(162)) - ozone.scm.default.service.id is not defined, falling back to ozone.scm.service.ids to find serviceID for StorageContainerManager if it is HA enabled cluster
2022-04-24 04:18:02,167 [Listener at 127.0.0.1/45981] WARN  server.ServerUtils (ServerUtils.java:getScmDbDir(148)) - ozone.scm.db.dirs is not configured. We recommend adding this setting. Falling back to ozone.metadata.dirs instead.
2022-04-24 04:18:02,168 [Listener at 127.0.0.1/45981] INFO  upgrade.AbstractLayoutVersionManager (AbstractLayoutVersionManager.java:init(79)) - Initializing Layout version manager with metadata layout = ERASURE_CODED_STORAGE_SUPPORT (version = 3), software layout = ERASURE_CODED_STORAGE_SUPPORT (version = 3)
2022-04-24 04:18:02,250 [Listener at 127.0.0.1/45981] INFO  reflections.Reflections (Reflections.java:scan(232)) - Reflections took 79 ms to scan 7 urls, producing 126 keys and 287 values 
2022-04-24 04:18:02,253 [Listener at 127.0.0.1/45981] WARN  utils.HAUtils (HAUtils.java:getMetaDir(342)) - ozone.scm.db.dirs is not configured. We recommend adding this setting. Falling back to ozone.metadata.dirs instead.
2022-04-24 04:18:02,254 [Listener at 127.0.0.1/45981] WARN  db.DBStoreBuilder (DBStoreBuilder.java:applyDBDefinition(145)) - ozone.scm.db.dirs is not configured. We recommend adding this setting. Falling back to ozone.metadata.dirs instead.
2022-04-24 04:18:02,490 [Listener at 127.0.0.1/45981] INFO  net.NodeSchemaLoader (NodeSchemaLoader.java:loadSchemaFromFile(129)) - Loading schema from [jar:file:/home/runner/.m2/repository/org/apache/ozone/hdds-common/1.3.0-SNAPSHOT/hdds-common-1.3.0-SNAPSHOT.jar!/network-topology-default.xml]
2022-04-24 04:18:02,490 [Listener at 127.0.0.1/45981] INFO  net.NodeSchemaLoader (NodeSchemaLoader.java:loadSchema(176)) - Loading network topology layer schema file
2022-04-24 04:18:02,492 [Listener at 127.0.0.1/45981] INFO  ha.SequenceIdGenerator (SequenceIdGenerator.java:upgradeToSequenceId(347)) - upgrade localId to 109611004723200000
2022-04-24 04:18:02,493 [Listener at 127.0.0.1/45981] INFO  ha.SequenceIdGenerator (SequenceIdGenerator.java:upgradeToSequenceId(357)) - upgrade delTxnId to 0
2022-04-24 04:18:02,493 [Listener at 127.0.0.1/45981] INFO  ha.SequenceIdGenerator (SequenceIdGenerator.java:upgradeToSequenceId(371)) - upgrade containerId to 0
2022-04-24 04:18:02,493 [Listener at 127.0.0.1/45981] INFO  ha.SequenceIdGenerator (SequenceIdGenerator.java:<init>(218)) - Init the HA SequenceIdGenerator.
2022-04-24 04:18:02,507 [Listener at 127.0.0.1/45981] WARN  server.ServerUtils (ServerUtils.java:sanitizeUserArgs(73)) - ozone.scm.stale.node.interval value = 300000 is larger than max = 100000 based on the key value of ozone.scm.heartbeat.thread.interval, reset to the max value 100000.
2022-04-24 04:18:02,507 [Listener at 127.0.0.1/45981] WARN  server.ServerUtils (ServerUtils.java:sanitizeUserArgs(73)) - ozone.scm.stale.node.interval value = 300000 is larger than max = 100000 based on the key value of ozone.scm.heartbeat.thread.interval, reset to the max value 100000.
2022-04-24 04:18:02,517 [Listener at 127.0.0.1/45981] INFO  node.SCMNodeManager (SCMNodeManager.java:<init>(146)) - Entering startup safe mode.
2022-04-24 04:18:02,518 [Listener at 127.0.0.1/45981] INFO  algorithms.ContainerPlacementPolicyFactory (ContainerPlacementPolicyFactory.java:getPolicyInternal(86)) - Create container placement policy of type org.apache.hadoop.hdds.scm.container.placement.algorithms.SCMContainerPlacementRandom
2022-04-24 04:18:02,518 [Listener at 127.0.0.1/45981] INFO  pipeline.PipelineStateManagerImpl (PipelineStateManagerImpl.java:initialize(78)) - No pipeline exists in current db
2022-04-24 04:18:02,518 [Listener at 127.0.0.1/45981] INFO  algorithms.LeaderChoosePolicyFactory (LeaderChoosePolicyFactory.java:getPolicy(57)) - Create leader choose policy of type org.apache.hadoop.hdds.scm.pipeline.leader.choose.algorithms.MinLeaderCountChoosePolicy
2022-04-24 04:18:02,518 [Listener at 127.0.0.1/45981] INFO  algorithms.ContainerPlacementPolicyFactory (ContainerPlacementPolicyFactory.java:getPolicyInternal(86)) - Create container placement policy of type org.apache.hadoop.hdds.scm.container.placement.algorithms.SCMContainerPlacementRackScatter
2022-04-24 04:18:02,518 [Listener at 127.0.0.1/45981] INFO  ha.SCMServiceManager (SCMServiceManager.java:register(42)) - Registering service BackgroundPipelineCreator.
2022-04-24 04:18:02,519 [Listener at 127.0.0.1/45981] INFO  pipeline.BackgroundPipelineCreator (BackgroundPipelineCreator.java:start(129)) - Starting RatisPipelineUtilsThread.
2022-04-24 04:18:02,521 [Listener at 127.0.0.1/45981] INFO  algorithms.PipelineChoosePolicyFactory (PipelineChoosePolicyFactory.java:createPipelineChoosePolicyFromClass(73)) - Create pipeline choose policy of type org.apache.hadoop.hdds.scm.pipeline.choose.algorithms.RandomPipelineChoosePolicy
2022-04-24 04:18:02,522 [Listener at 127.0.0.1/45981] INFO  ha.SCMServiceManager (SCMServiceManager.java:register(42)) - Registering service SCMBlockDeletingService.
2022-04-24 04:18:02,522 [Listener at 127.0.0.1/45981] INFO  ha.SCMServiceManager (SCMServiceManager.java:register(42)) - Registering service ReplicationManager.
2022-04-24 04:18:02,522 [Listener at 127.0.0.1/45981] INFO  container.ReplicationManager (ReplicationManager.java:start(326)) - Starting Replication Monitor Thread.
2022-04-24 04:18:02,522 [Listener at 127.0.0.1/45981] INFO  safemode.ContainerSafeModeRule (ContainerSafeModeRule.java:<init>(89)) - containers with one replica threshold count 0
2022-04-24 04:18:02,523 [Listener at 127.0.0.1/45981] INFO  safemode.HealthyPipelineSafeModeRule (HealthyPipelineSafeModeRule.java:initializeRule(156)) - Total pipeline count is 0, healthy pipeline threshold count is 1
2022-04-24 04:18:02,523 [Listener at 127.0.0.1/45981] INFO  safemode.OneReplicaPipelineSafeModeRule (OneReplicaPipelineSafeModeRule.java:initializeRule(180)) - Total pipeline count is 0, pipeline's with at least one datanode reported threshold count is 0
2022-04-24 04:18:02,523 [Listener at 127.0.0.1/45981] INFO  ipc.CallQueueManager (CallQueueManager.java:<init>(90)) - Using callQueue: class java.util.concurrent.LinkedBlockingQueue, queueCapacity: 2000, scheduler: class org.apache.hadoop.ipc.DefaultRpcScheduler, ipcBackoff: false.
2022-04-24 04:18:02,524 [Socket Reader #1 for port 0] INFO  ipc.Server (Server.java:run(1265)) - Starting Socket Reader #1 for port 0
2022-04-24 04:18:02,524 [Listener at 0.0.0.0/44153] INFO  ipc.CallQueueManager (CallQueueManager.java:<init>(90)) - Using callQueue: class java.util.concurrent.LinkedBlockingQueue, queueCapacity: 2000, scheduler: class org.apache.hadoop.ipc.DefaultRpcScheduler, ipcBackoff: false.
2022-04-24 04:18:02,525 [Socket Reader #1 for port 0] INFO  ipc.Server (Server.java:run(1265)) - Starting Socket Reader #1 for port 0
2022-04-24 04:18:02,525 [Listener at 0.0.0.0/33759] INFO  ipc.CallQueueManager (CallQueueManager.java:<init>(90)) - Using callQueue: class java.util.concurrent.LinkedBlockingQueue, queueCapacity: 2000, scheduler: class org.apache.hadoop.ipc.DefaultRpcScheduler, ipcBackoff: false.
2022-04-24 04:18:02,526 [Socket Reader #1 for port 0] INFO  ipc.Server (Server.java:run(1265)) - Starting Socket Reader #1 for port 0
2022-04-24 04:18:02,535 [ReplicationMonitor] INFO  container.ReplicationManager (ReplicationManager.java:processAll(374)) - Replication Manager is not ready to run until 3000ms after safemode exit
2022-04-24 04:18:02,575 [Listener at 0.0.0.0/44463] INFO  server.StorageContainerManager (StorageContainerManager.java:<init>(390)) - 
Container Balancer status:
Key                            Value
Running                        false
Container Balancer Configuration values:
Key                                                Value
Threshold                                          10
Max Datanodes to Involve per Iteration(percent)    20
Max Size to Move per Iteration                     500GB
Max Size Entering Target per Iteration             26GB
Max Size Leaving Source per Iteration              26GB

2022-04-24 04:18:02,575 [Listener at 0.0.0.0/44463] WARN  events.EventQueue (EventQueue.java:fireEvent(194)) - No event handler registered for event TypedEvent{payloadType=SafeModeStatus, name='Safe mode status'}
2022-04-24 04:18:02,575 [Listener at 0.0.0.0/44463] INFO  ha.SCMContext (SCMContext.java:updateSafeModeStatus(211)) - Update SafeModeStatus from SafeModeStatus{safeModeStatus=true, preCheckPassed=false} to SafeModeStatus{safeModeStatus=true, preCheckPassed=false}.
2022-04-24 04:18:02,576 [Listener at 0.0.0.0/44463] INFO  server.StorageContainerManager (StorageContainerManager.java:start(1328)) - StorageContainerLocationProtocol RPC server is listening at /0.0.0.0:44463
2022-04-24 04:18:02,580 [Listener at 0.0.0.0/44463] WARN  impl.MetricsConfig (MetricsConfig.java:loadFirst(136)) - Cannot locate configuration: tried hadoop-metrics2-storagecontainermanager.properties,hadoop-metrics2.properties
2022-04-24 04:18:02,581 [Listener at 0.0.0.0/44463] INFO  impl.MetricsSystemImpl (MetricsSystemImpl.java:startTimer(378)) - Scheduled Metric snapshot period at 10 second(s).
2022-04-24 04:18:02,581 [Listener at 0.0.0.0/44463] INFO  impl.MetricsSystemImpl (MetricsSystemImpl.java:start(191)) - StorageContainerManager metrics system started
2022-04-24 04:18:02,636 [Listener at 0.0.0.0/44463] INFO  impl.MetricsSinkAdapter (MetricsSinkAdapter.java:start(204)) - Sink prometheus started
2022-04-24 04:18:02,636 [Listener at 0.0.0.0/44463] INFO  impl.MetricsSystemImpl (MetricsSystemImpl.java:registerSink(305)) - Registered sink prometheus
2022-04-24 04:18:02,705 [Listener at 0.0.0.0/44463] INFO  server.SCMClientProtocolServer (SCMClientProtocolServer.java:start(169)) - RPC server for Client  is listening at /0.0.0.0:44463
2022-04-24 04:18:02,713 [IPC Server Responder] INFO  ipc.Server (Server.java:run(1507)) - IPC Server Responder: starting
2022-04-24 04:18:02,742 [Listener at 0.0.0.0/44463] INFO  server.StorageContainerManager (StorageContainerManager.java:start(1343)) - ScmBlockLocationProtocol RPC server is listening at /0.0.0.0:33759
2022-04-24 04:18:02,747 [Listener at 0.0.0.0/44463] INFO  server.SCMBlockProtocolServer (SCMBlockProtocolServer.java:start(151)) - RPC server for Block Protocol is listening at /0.0.0.0:33759
2022-04-24 04:18:02,725 [IPC Server listener on 0] INFO  ipc.Server (Server.java:run(1344)) - IPC Server listener on 0: starting
2022-04-24 04:18:02,755 [IPC Server Responder] INFO  ipc.Server (Server.java:run(1507)) - IPC Server Responder: starting
2022-04-24 04:18:02,757 [IPC Server listener on 0] INFO  ipc.Server (Server.java:run(1344)) - IPC Server listener on 0: starting
2022-04-24 04:18:02,765 [Listener at 0.0.0.0/44463] INFO  server.SCMDatanodeProtocolServer (SCMDatanodeProtocolServer.java:start(183)) - ScmDatanodeProtocol RPC server for DataNodes is listening at /0.0.0.0:44153
2022-04-24 04:18:02,766 [IPC Server Responder] INFO  ipc.Server (Server.java:run(1507)) - IPC Server Responder: starting
2022-04-24 04:18:02,766 [IPC Server listener on 0] INFO  ipc.Server (Server.java:run(1344)) - IPC Server listener on 0: starting
2022-04-24 04:18:02,773 [Listener at 0.0.0.0/44463] INFO  http.BaseHttpServer (BaseHttpServer.java:newHttpServer2BuilderForOzone(209)) - Starting Web-server for scm at: http://0.0.0.0:0
2022-04-24 04:18:02,773 [Listener at 0.0.0.0/44463] INFO  http.BaseHttpServer (BaseHttpServer.java:<init>(107)) - Hadoop Security Enabled: false Ozone Security Enabled: false Ozone HTTP Security Enabled: false 
2022-04-24 04:18:02,774 [Listener at 0.0.0.0/44463] INFO  server.AuthenticationFilter (AuthenticationFilter.java:constructSecretProvider(240)) - Unable to initialize FileSignerSecretProvider, falling back to use random secrets.
2022-04-24 04:18:02,777 [org.apache.hadoop.util.JvmPauseMonitor$Monitor@46c1ef9e] INFO  util.JvmPauseMonitor (JvmPauseMonitor.java:run(188)) - Starting JVM pause monitor
2022-04-24 04:18:02,782 [Listener at 0.0.0.0/44463] WARN  http.HttpRequestLog (HttpRequestLog.java:getRequestLog(103)) - Jetty request log can only be enabled using Log4j
2022-04-24 04:18:02,783 [Listener at 0.0.0.0/44463] INFO  http.HttpServer2 (HttpServer2.java:addGlobalFilter(1030)) - Added global filter 'safety' (class=org.apache.hadoop.hdds.server.http.HttpServer2$QuotingInputFilter)
2022-04-24 04:18:02,784 [Listener at 0.0.0.0/44463] INFO  http.HttpServer2 (HttpServer2.java:addFilter(1006)) - Added filter static_user_filter (class=org.apache.hadoop.http.lib.StaticUserWebFilter$StaticUserFilter) to context scm
2022-04-24 04:18:02,784 [Listener at 0.0.0.0/44463] INFO  http.HttpServer2 (HttpServer2.java:addFilter(1014)) - Added filter static_user_filter (class=org.apache.hadoop.http.lib.StaticUserWebFilter$StaticUserFilter) to context logs
2022-04-24 04:18:02,784 [Listener at 0.0.0.0/44463] INFO  http.HttpServer2 (HttpServer2.java:addFilter(1014)) - Added filter static_user_filter (class=org.apache.hadoop.http.lib.StaticUserWebFilter$StaticUserFilter) to context static
2022-04-24 04:18:02,784 [Listener at 0.0.0.0/44463] INFO  http.HttpServer2 (HttpServer2.java:bindListener(1249)) - Jetty bound to port 37299
2022-04-24 04:18:02,784 [Listener at 0.0.0.0/44463] INFO  server.Server (Server.java:doStart(375)) - jetty-9.4.43.v20210629; built: 2021-06-30T11:07:22.254Z; git: 526006ecfa3af7f1a27ef3a288e2bef7ea9dd7e8; jvm 1.8.0_322-b06
2022-04-24 04:18:02,808 [Listener at 0.0.0.0/44463] INFO  server.session (DefaultSessionIdManager.java:doStart(334)) - DefaultSessionIdManager workerName=node0
2022-04-24 04:18:02,808 [Listener at 0.0.0.0/44463] INFO  server.session (DefaultSessionIdManager.java:doStart(339)) - No SessionScavenger set, using defaults
2022-04-24 04:18:02,808 [Listener at 0.0.0.0/44463] INFO  server.session (HouseKeeper.java:startScavenging(132)) - node0 Scavenging every 660000ms
2022-04-24 04:18:02,810 [Listener at 0.0.0.0/44463] INFO  handler.ContextHandler (ContextHandler.java:doStart(915)) - Started o.e.j.s.ServletContextHandler@2baee43d{logs,/logs,file:///home/runner/work/ozone/ozone/hadoop-ozone/integration-test/target/log,AVAILABLE}
2022-04-24 04:18:02,810 [Listener at 0.0.0.0/44463] INFO  handler.ContextHandler (ContextHandler.java:doStart(915)) - Started o.e.j.s.ServletContextHandler@2eff8bc4{static,/static,file:///home/runner/work/ozone/ozone/hadoop-ozone/integration-test/target/test-classes/webapps/static,AVAILABLE}
2022-04-24 04:18:02,847 [Listener at 0.0.0.0/44463] INFO  handler.ContextHandler (ContextHandler.java:doStart(915)) - Started o.e.j.w.WebAppContext@73f8d6e7{scm,/,file:///home/runner/work/ozone/ozone/hadoop-ozone/integration-test/target/test-classes/webapps/scm/,AVAILABLE}{file:/home/runner/work/ozone/ozone/hadoop-ozone/integration-test/target/test-classes/webapps/scm}
2022-04-24 04:18:02,848 [Listener at 0.0.0.0/44463] INFO  server.AbstractConnector (AbstractConnector.java:doStart(331)) - Started ServerConnector@4eab32cc{HTTP/1.1, (http/1.1)}{0.0.0.0:37299}
2022-04-24 04:18:02,848 [Listener at 0.0.0.0/44463] INFO  server.Server (Server.java:doStart(415)) - Started @199900ms
2022-04-24 04:18:02,848 [Listener at 0.0.0.0/44463] WARN  impl.MetricsSystemImpl (MetricsSystemImpl.java:register(279)) - Sink prometheus already exists!
2022-04-24 04:18:02,849 [Listener at 0.0.0.0/44463] INFO  http.BaseHttpServer (BaseHttpServer.java:updateConnectorAddress(329)) - HTTP server of scm listening at http://0.0.0.0:37299
2022-04-24 04:18:02,849 [Listener at 0.0.0.0/44463] WARN  server.ServerUtils (ServerUtils.java:getDBPath(225)) - ozone.om.db.dirs is not configured. We recommend adding this setting. Falling back to ozone.metadata.dirs instead.
2022-04-24 04:18:02,851 [Listener at 0.0.0.0/44463] INFO  ha.OMHANodeDetails (OMHANodeDetails.java:loadOMHAConfig(112)) - ozone.om.internal.service.id is not defined, falling back to ozone.om.service.ids to find serviceID for OzoneManager if it is HA enabled cluster
2022-04-24 04:18:02,851 [Listener at 0.0.0.0/44463] INFO  ha.OMHANodeDetails (OMHANodeDetails.java:loadOMHAConfig(218)) - Configuration does not have ozone.om.address set. Falling back to the default OM address /127.0.0.1:0
2022-04-24 04:18:02,852 [Listener at 0.0.0.0/44463] INFO  ha.OMHANodeDetails (OMHANodeDetails.java:getOMNodeDetailsForNonHA(246)) - OM Service ID is not set. Setting it to the default ID: omServiceIdDefault
2022-04-24 04:18:02,852 [Listener at 0.0.0.0/44463] INFO  ha.OMHANodeDetails (OMHANodeDetails.java:getOMNodeDetailsForNonHA(253)) - OM Node ID is not set. Setting it to the default ID: om1
2022-04-24 04:18:02,852 [Listener at 0.0.0.0/44463] WARN  server.ServerUtils (ServerUtils.java:getDBPath(225)) - ozone.om.db.dirs is not configured. We recommend adding this setting. Falling back to ozone.metadata.dirs instead.
2022-04-24 04:18:02,852 [Listener at 0.0.0.0/44463] INFO  upgrade.AbstractLayoutVersionManager (AbstractLayoutVersionManager.java:init(79)) - Initializing Layout version manager with metadata layout = ERASURE_CODED_STORAGE_SUPPORT (version = 1), software layout = ERASURE_CODED_STORAGE_SUPPORT (version = 1)
2022-04-24 04:18:02,986 [Listener at 0.0.0.0/44463] INFO  reflections.Reflections (Reflections.java:scan(232)) - Reflections took 133 ms to scan 2 urls, producing 142 keys and 367 values [using 2 cores]
2022-04-24 04:18:02,986 [Listener at 0.0.0.0/44463] INFO  upgrade.OMLayoutVersionManager (OMLayoutVersionManager.java:lambda$0(115)) - Skipping Upgrade Action MockOmUpgradeAction since it has been finalized.
2022-04-24 04:18:02,986 [Listener at 0.0.0.0/44463] WARN  server.ServerUtils (ServerUtils.java:getDBPath(225)) - ozone.om.db.dirs is not configured. We recommend adding this setting. Falling back to ozone.metadata.dirs instead.
2022-04-24 04:18:03,023 [Listener at 0.0.0.0/44463] WARN  server.ServerUtils (ServerUtils.java:getDBPath(225)) - ozone.om.db.dirs is not configured. We recommend adding this setting. Falling back to ozone.metadata.dirs instead.
2022-04-24 04:18:03,039 [Listener at 0.0.0.0/44463] INFO  codec.OmKeyInfoCodec (OmKeyInfoCodec.java:<init>(49)) - OmKeyInfoCodec ignorePipeline = true
2022-04-24 04:18:03,039 [Listener at 0.0.0.0/44463] INFO  codec.RepeatedOmKeyInfoCodec (RepeatedOmKeyInfoCodec.java:<init>(41)) - RepeatedOmKeyInfoCodec ignorePipeline = true
2022-04-24 04:18:03,400 [Listener at 0.0.0.0/44463] INFO  om.OzoneManager (OzoneManager.java:addS3GVolumeToDB(3770)) - Created Volume s3v With Owner runner required for S3Gateway operations.
2022-04-24 04:18:04,419 [Listener at 0.0.0.0/44463] INFO  reflections.Reflections (Reflections.java:scan(232)) - Reflections took 1003 ms to scan 18 urls, producing 61 keys and 3647 values [using 2 cores]
2022-04-24 04:18:04,421 [Listener at 0.0.0.0/44463] INFO  ipc.CallQueueManager (CallQueueManager.java:<init>(90)) - Using callQueue: class java.util.concurrent.LinkedBlockingQueue, queueCapacity: 2000, scheduler: class org.apache.hadoop.ipc.DefaultRpcScheduler, ipcBackoff: false.
2022-04-24 04:18:04,437 [Socket Reader #1 for port 0] INFO  ipc.Server (Server.java:run(1265)) - Starting Socket Reader #1 for port 0
2022-04-24 04:18:04,521 [Listener at 127.0.0.1/37371] INFO  impl.MetricsSystemImpl (MetricsSystemImpl.java:init(158)) - OzoneManager metrics system started (again)
2022-04-24 04:18:04,540 [Listener at 127.0.0.1/37371] INFO  om.OzoneManager (OzoneManager.java:start(1367)) - OzoneManager RPC server is listening at localhost/127.0.0.1:37371
2022-04-24 04:18:04,541 [Listener at 127.0.0.1/37371] INFO  om.OzoneManager (OzoneManager.java:start(1383)) - Version File has different layout version (1) than OM DB (null). That is expected if this OM has never been finalized to a newer layout version.
2022-04-24 04:18:04,632 [Listener at 127.0.0.1/37371] INFO  http.BaseHttpServer (BaseHttpServer.java:newHttpServer2BuilderForOzone(209)) - Starting Web-server for ozoneManager at: http://0.0.0.0:0
2022-04-24 04:18:04,632 [Listener at 127.0.0.1/37371] INFO  http.BaseHttpServer (BaseHttpServer.java:<init>(107)) - Hadoop Security Enabled: false Ozone Security Enabled: false Ozone HTTP Security Enabled: false 
2022-04-24 04:18:04,633 [Listener at 127.0.0.1/37371] INFO  server.AuthenticationFilter (AuthenticationFilter.java:constructSecretProvider(240)) - Unable to initialize FileSignerSecretProvider, falling back to use random secrets.
2022-04-24 04:18:04,653 [Listener at 127.0.0.1/37371] WARN  http.HttpRequestLog (HttpRequestLog.java:getRequestLog(103)) - Jetty request log can only be enabled using Log4j
2022-04-24 04:18:04,654 [Listener at 127.0.0.1/37371] INFO  http.HttpServer2 (HttpServer2.java:addGlobalFilter(1030)) - Added global filter 'safety' (class=org.apache.hadoop.hdds.server.http.HttpServer2$QuotingInputFilter)
2022-04-24 04:18:04,655 [Listener at 127.0.0.1/37371] INFO  http.HttpServer2 (HttpServer2.java:addFilter(1006)) - Added filter static_user_filter (class=org.apache.hadoop.http.lib.StaticUserWebFilter$StaticUserFilter) to context ozoneManager
2022-04-24 04:18:04,655 [Listener at 127.0.0.1/37371] INFO  http.HttpServer2 (HttpServer2.java:addFilter(1014)) - Added filter static_user_filter (class=org.apache.hadoop.http.lib.StaticUserWebFilter$StaticUserFilter) to context logs
2022-04-24 04:18:04,655 [Listener at 127.0.0.1/37371] INFO  http.HttpServer2 (HttpServer2.java:addFilter(1014)) - Added filter static_user_filter (class=org.apache.hadoop.http.lib.StaticUserWebFilter$StaticUserFilter) to context static
2022-04-24 04:18:04,656 [Listener at 127.0.0.1/37371] INFO  http.HttpServer2 (HttpServer2.java:bindListener(1249)) - Jetty bound to port 46215
2022-04-24 04:18:04,656 [Listener at 127.0.0.1/37371] INFO  server.Server (Server.java:doStart(375)) - jetty-9.4.43.v20210629; built: 2021-06-30T11:07:22.254Z; git: 526006ecfa3af7f1a27ef3a288e2bef7ea9dd7e8; jvm 1.8.0_322-b06
2022-04-24 04:18:04,671 [Listener at 127.0.0.1/37371] INFO  server.session (DefaultSessionIdManager.java:doStart(334)) - DefaultSessionIdManager workerName=node0
2022-04-24 04:18:04,671 [Listener at 127.0.0.1/37371] INFO  server.session (DefaultSessionIdManager.java:doStart(339)) - No SessionScavenger set, using defaults
2022-04-24 04:18:04,672 [Listener at 127.0.0.1/37371] INFO  server.session (HouseKeeper.java:startScavenging(132)) - node0 Scavenging every 660000ms
2022-04-24 04:18:04,672 [Listener at 127.0.0.1/37371] INFO  handler.ContextHandler (ContextHandler.java:doStart(915)) - Started o.e.j.s.ServletContextHandler@aaf94b{logs,/logs,file:///home/runner/work/ozone/ozone/hadoop-ozone/integration-test/target/log,AVAILABLE}
2022-04-24 04:18:04,673 [Listener at 127.0.0.1/37371] INFO  handler.ContextHandler (ContextHandler.java:doStart(915)) - Started o.e.j.s.ServletContextHandler@4a9e8345{static,/static,file:///home/runner/work/ozone/ozone/hadoop-ozone/integration-test/target/test-classes/webapps/static,AVAILABLE}
2022-04-24 04:18:04,676 [Listener at 127.0.0.1/37371] INFO  handler.ContextHandler (ContextHandler.java:doStart(915)) - Started o.e.j.w.WebAppContext@6bc85459{ozoneManager,/,file:///home/runner/work/ozone/ozone/hadoop-ozone/integration-test/target/test-classes/webapps/ozoneManager/,AVAILABLE}{file:/home/runner/work/ozone/ozone/hadoop-ozone/integration-test/target/test-classes/webapps/ozoneManager}
2022-04-24 04:18:04,716 [Listener at 127.0.0.1/37371] INFO  server.AbstractConnector (AbstractConnector.java:doStart(331)) - Started ServerConnector@2f57b8{HTTP/1.1, (http/1.1)}{0.0.0.0:46215}
2022-04-24 04:18:04,716 [Listener at 127.0.0.1/37371] INFO  server.Server (Server.java:doStart(415)) - Started @201768ms
2022-04-24 04:18:04,716 [Listener at 127.0.0.1/37371] WARN  impl.MetricsSystemImpl (MetricsSystemImpl.java:register(279)) - Sink prometheus already exists!
2022-04-24 04:18:04,717 [Listener at 127.0.0.1/37371] INFO  http.BaseHttpServer (BaseHttpServer.java:updateConnectorAddress(329)) - HTTP server of ozoneManager listening at http://0.0.0.0:46215
2022-04-24 04:18:04,718 [IPC Server Responder] INFO  ipc.Server (Server.java:run(1507)) - IPC Server Responder: starting
2022-04-24 04:18:04,718 [IPC Server listener on 0] INFO  ipc.Server (Server.java:run(1344)) - IPC Server listener on 0: starting
2022-04-24 04:18:04,772 [Listener at 127.0.0.1/37371] INFO  om.TrashPolicyOzone (TrashPolicyOzone.java:<init>(178)) - Ozone Manager trash configuration: Deletion interval = 0 minutes, Emptier interval = 0 minutes.
2022-04-24 04:18:04,802 [org.apache.hadoop.util.JvmPauseMonitor$Monitor@48846828] INFO  util.JvmPauseMonitor (JvmPauseMonitor.java:run(188)) - Starting JVM pause monitor
2022-04-24 04:18:04,819 [Listener at 127.0.0.1/37371] INFO  impl.MetricsSystemImpl (MetricsSystemImpl.java:init(158)) - HddsDatanode metrics system started (again)
2022-04-24 04:18:04,865 [Listener at 127.0.0.1/37371] INFO  ozone.HddsDatanodeService (HddsDatanodeService.java:start(233)) - HddsDatanodeService host:fv-az50-870.grzltbmokehuzjyc5b133kdqgh.cx.internal.cloudapp.net ip:10.1.0.15
2022-04-24 04:18:04,930 [Listener at 127.0.0.1/37371] INFO  upgrade.AbstractLayoutVersionManager (AbstractLayoutVersionManager.java:init(79)) - Initializing Layout version manager with metadata layout = ERASURE_CODED_STORAGE_SUPPORT (version = 3), software layout = ERASURE_CODED_STORAGE_SUPPORT (version = 3)
2022-04-24 04:18:05,010 [Listener at 127.0.0.1/37371] INFO  reflections.Reflections (Reflections.java:scan(232)) - Reflections took 78 ms to scan 7 urls, producing 126 keys and 287 values 
2022-04-24 04:18:05,012 [Listener at 127.0.0.1/37371] INFO  statemachine.DatanodeStateMachine (DatanodeStateMachine.java:getEndPointTaskThreadPoolSize(224)) - Datanode State Machine Task Thread Pool size 2
2022-04-24 04:18:05,013 [Listener at 127.0.0.1/37371] INFO  volume.HddsVolume (HddsVolume.java:<init>(120)) - Creating HddsVolume: /home/runner/work/ozone/ozone/hadoop-ozone/integration-test/target/test-dir/MiniOzoneClusterImpl-db3b6155-0a61-4c23-9e75-9b22dbc84111/datanode-0/data-0/containers/hdds of storage type : DISK capacity : 9223372036854775807
2022-04-24 04:18:05,013 [Listener at 127.0.0.1/37371] INFO  volume.MutableVolumeSet (MutableVolumeSet.java:initializeVolumeSet(168)) - Added Volume : /home/runner/work/ozone/ozone/hadoop-ozone/integration-test/target/test-dir/MiniOzoneClusterImpl-db3b6155-0a61-4c23-9e75-9b22dbc84111/datanode-0/data-0/containers/hdds to VolumeSet
2022-04-24 04:18:05,013 [Listener at 127.0.0.1/37371] INFO  volume.ThrottledAsyncChecker (ThrottledAsyncChecker.java:schedule(141)) - Scheduling a check for /home/runner/work/ozone/ozone/hadoop-ozone/integration-test/target/test-dir/MiniOzoneClusterImpl-db3b6155-0a61-4c23-9e75-9b22dbc84111/datanode-0/data-0/containers/hdds
2022-04-24 04:18:05,036 [Listener at 127.0.0.1/37371] INFO  volume.StorageVolumeChecker (StorageVolumeChecker.java:checkAllVolumes(202)) - Scheduled health check for volume /home/runner/work/ozone/ozone/hadoop-ozone/integration-test/target/test-dir/MiniOzoneClusterImpl-db3b6155-0a61-4c23-9e75-9b22dbc84111/datanode-0/data-0/containers/hdds
2022-04-24 04:18:05,077 [Listener at 127.0.0.1/37371] INFO  volume.MutableVolumeSet (MutableVolumeSet.java:initializeVolumeSet(168)) - Added Volume : /home/runner/work/ozone/ozone/hadoop-ozone/integration-test/target/test-dir/MiniOzoneClusterImpl-db3b6155-0a61-4c23-9e75-9b22dbc84111/datanode-0/data/ratis to VolumeSet
2022-04-24 04:18:05,078 [Listener at 127.0.0.1/37371] INFO  volume.ThrottledAsyncChecker (ThrottledAsyncChecker.java:schedule(141)) - Scheduling a check for /home/runner/work/ozone/ozone/hadoop-ozone/integration-test/target/test-dir/MiniOzoneClusterImpl-db3b6155-0a61-4c23-9e75-9b22dbc84111/datanode-0/data/ratis
2022-04-24 04:18:05,078 [Listener at 127.0.0.1/37371] INFO  volume.StorageVolumeChecker (StorageVolumeChecker.java:checkAllVolumes(202)) - Scheduled health check for volume /home/runner/work/ozone/ozone/hadoop-ozone/integration-test/target/test-dir/MiniOzoneClusterImpl-db3b6155-0a61-4c23-9e75-9b22dbc84111/datanode-0/data/ratis
2022-04-24 04:18:05,116 [Thread-1337] INFO  ozoneimpl.ContainerReader (ContainerReader.java:readVolume(172)) - Finish verifying containers on volume /home/runner/work/ozone/ozone/hadoop-ozone/integration-test/target/test-dir/MiniOzoneClusterImpl-db3b6155-0a61-4c23-9e75-9b22dbc84111/datanode-0/data-0/containers/hdds
2022-04-24 04:18:05,116 [Listener at 127.0.0.1/37371] INFO  ozoneimpl.OzoneContainer (OzoneContainer.java:buildContainerSet(257)) - Build ContainerSet costs 0s
2022-04-24 04:18:05,119 [Listener at 127.0.0.1/37371] INFO  server.RaftServer (ConfUtils.java:logGet(44)) - raft.rpc.type = GRPC (default)
2022-04-24 04:18:05,123 [Listener at 127.0.0.1/37371] INFO  grpc.GrpcFactory (GrpcFactory.java:checkPooledByteBufAllocatorUseCacheForAllThreads(48)) - PERFORMANCE WARNING: useCacheForAllThreads is true that may cause Netty to create a lot garbage objects and, as a result, trigger GC.
	It is recommended to disable useCacheForAllThreads by setting -Dorg.apache.ratis.thirdparty.io.netty.allocator.useCacheForAllThreads=false in command line.
2022-04-24 04:18:05,123 [Listener at 127.0.0.1/37371] INFO  grpc.GrpcConfigKeys (ConfUtils.java:logGet(44)) - raft.grpc.admin.port = 0 (custom)
2022-04-24 04:18:05,123 [Listener at 127.0.0.1/37371] INFO  grpc.GrpcConfigKeys (ConfUtils.java:logGet(44)) - raft.grpc.client.port = 0 (custom)
2022-04-24 04:18:05,123 [Listener at 127.0.0.1/37371] INFO  grpc.GrpcConfigKeys (ConfUtils.java:logGet(44)) - raft.grpc.server.port = 0 (default)
2022-04-24 04:18:05,124 [Listener at 127.0.0.1/37371] INFO  server.GrpcService (ConfUtils.java:logGet(44)) - raft.grpc.message.size.max = 32MB (=33554432) (custom)
2022-04-24 04:18:05,124 [Listener at 127.0.0.1/37371] INFO  server.RaftServerConfigKeys (ConfUtils.java:logGet(44)) - raft.server.log.appender.buffer.byte-limit = 33554432 (custom)
2022-04-24 04:18:05,124 [Listener at 127.0.0.1/37371] INFO  server.GrpcService (ConfUtils.java:logGet(44)) - raft.grpc.flow.control.window = 5MB (=5242880) (custom)
2022-04-24 04:18:05,124 [Listener at 127.0.0.1/37371] INFO  server.RaftServerConfigKeys (ConfUtils.java:logGet(44)) - raft.server.rpc.request.timeout = 60s (custom)
2022-04-24 04:18:05,125 [Listener at 127.0.0.1/37371] INFO  impl.DataStreamServerImpl (ConfUtils.java:logGet(44)) - raft.datastream.type = DISABLED (default)
2022-04-24 04:18:05,125 [Listener at 127.0.0.1/37371] INFO  server.RaftServerConfigKeys (ConfUtils.java:logGet(44)) - raft.server.rpc.slowness.timeout = 300s (custom)
2022-04-24 04:18:05,125 [Listener at 127.0.0.1/37371] INFO  server.RaftServerConfigKeys (ConfUtils.java:logGet(44)) - raft.server.leaderelection.leader.step-down.wait-time = 10s (default)
2022-04-24 04:18:05,126 [Listener at 127.0.0.1/37371] INFO  server.RaftServerConfigKeys (ConfUtils.java:logGet(44)) - raft.server.storage.dir = [/home/runner/work/ozone/ozone/hadoop-ozone/integration-test/target/test-dir/MiniOzoneClusterImpl-db3b6155-0a61-4c23-9e75-9b22dbc84111/datanode-0/data/ratis] (custom)
2022-04-24 04:18:05,127 [Listener at 127.0.0.1/37371] INFO  server.XceiverServerGrpc (XceiverServerGrpc.java:<init>(132)) - GrpcServer channel type EpollServerSocketChannel
2022-04-24 04:18:05,163 [Listener at 127.0.0.1/37371] INFO  http.BaseHttpServer (BaseHttpServer.java:newHttpServer2BuilderForOzone(209)) - Starting Web-server for hddsDatanode at: http://0.0.0.0:0
2022-04-24 04:18:05,163 [Listener at 127.0.0.1/37371] INFO  http.BaseHttpServer (BaseHttpServer.java:<init>(107)) - Hadoop Security Enabled: false Ozone Security Enabled: false Ozone HTTP Security Enabled: false 
2022-04-24 04:18:05,164 [Listener at 127.0.0.1/37371] INFO  server.AuthenticationFilter (AuthenticationFilter.java:constructSecretProvider(240)) - Unable to initialize FileSignerSecretProvider, falling back to use random secrets.
2022-04-24 04:18:05,172 [Listener at 127.0.0.1/37371] WARN  http.HttpRequestLog (HttpRequestLog.java:getRequestLog(103)) - Jetty request log can only be enabled using Log4j
2022-04-24 04:18:05,173 [Listener at 127.0.0.1/37371] INFO  http.HttpServer2 (HttpServer2.java:addGlobalFilter(1030)) - Added global filter 'safety' (class=org.apache.hadoop.hdds.server.http.HttpServer2$QuotingInputFilter)
2022-04-24 04:18:05,173 [Listener at 127.0.0.1/37371] INFO  http.HttpServer2 (HttpServer2.java:addFilter(1006)) - Added filter static_user_filter (class=org.apache.hadoop.http.lib.StaticUserWebFilter$StaticUserFilter) to context hddsDatanode
2022-04-24 04:18:05,174 [Listener at 127.0.0.1/37371] INFO  http.HttpServer2 (HttpServer2.java:addFilter(1014)) - Added filter static_user_filter (class=org.apache.hadoop.http.lib.StaticUserWebFilter$StaticUserFilter) to context logs
2022-04-24 04:18:05,174 [Listener at 127.0.0.1/37371] INFO  http.HttpServer2 (HttpServer2.java:addFilter(1014)) - Added filter static_user_filter (class=org.apache.hadoop.http.lib.StaticUserWebFilter$StaticUserFilter) to context static
2022-04-24 04:18:05,174 [Listener at 127.0.0.1/37371] INFO  http.HttpServer2 (HttpServer2.java:bindListener(1249)) - Jetty bound to port 45281
2022-04-24 04:18:05,174 [Listener at 127.0.0.1/37371] INFO  server.Server (Server.java:doStart(375)) - jetty-9.4.43.v20210629; built: 2021-06-30T11:07:22.254Z; git: 526006ecfa3af7f1a27ef3a288e2bef7ea9dd7e8; jvm 1.8.0_322-b06
2022-04-24 04:18:05,176 [Listener at 127.0.0.1/37371] INFO  server.session (DefaultSessionIdManager.java:doStart(334)) - DefaultSessionIdManager workerName=node0
2022-04-24 04:18:05,176 [Listener at 127.0.0.1/37371] INFO  server.session (DefaultSessionIdManager.java:doStart(339)) - No SessionScavenger set, using defaults
2022-04-24 04:18:05,176 [Listener at 127.0.0.1/37371] INFO  server.session (HouseKeeper.java:startScavenging(132)) - node0 Scavenging every 660000ms
2022-04-24 04:18:05,176 [Listener at 127.0.0.1/37371] INFO  handler.ContextHandler (ContextHandler.java:doStart(915)) - Started o.e.j.s.ServletContextHandler@ccd075b{logs,/logs,file:///home/runner/work/ozone/ozone/hadoop-ozone/integration-test/target/log,AVAILABLE}
2022-04-24 04:18:05,177 [Listener at 127.0.0.1/37371] INFO  handler.ContextHandler (ContextHandler.java:doStart(915)) - Started o.e.j.s.ServletContextHandler@3643ac9d{static,/static,jar:file:/home/runner/.m2/repository/org/apache/ozone/hdds-container-service/1.3.0-SNAPSHOT/hdds-container-service-1.3.0-SNAPSHOT.jar!/webapps/static,AVAILABLE}
2022-04-24 04:18:05,305 [Listener at 127.0.0.1/37371] INFO  handler.ContextHandler (ContextHandler.java:doStart(915)) - Started o.e.j.w.WebAppContext@6ed4d442{hddsDatanode,/,file:///tmp/jetty-0_0_0_0-45281-hdds-container-service-1_3_0-SNAPSHOT_jar-_-any-8181282036613494531/webapp/,AVAILABLE}{jar:file:/home/runner/.m2/repository/org/apache/ozone/hdds-container-service/1.3.0-SNAPSHOT/hdds-container-service-1.3.0-SNAPSHOT.jar!/webapps/hddsDatanode}
2022-04-24 04:18:05,331 [Listener at 127.0.0.1/37371] INFO  server.AbstractConnector (AbstractConnector.java:doStart(331)) - Started ServerConnector@4759b196{HTTP/1.1, (http/1.1)}{0.0.0.0:45281}
2022-04-24 04:18:05,332 [Listener at 127.0.0.1/37371] INFO  server.Server (Server.java:doStart(415)) - Started @202384ms
2022-04-24 04:18:05,332 [Listener at 127.0.0.1/37371] WARN  impl.MetricsSystemImpl (MetricsSystemImpl.java:register(279)) - Sink prometheus already exists!
2022-04-24 04:18:05,333 [Listener at 127.0.0.1/37371] INFO  http.BaseHttpServer (BaseHttpServer.java:updateConnectorAddress(329)) - HTTP server of hddsDatanode listening at http://0.0.0.0:45281
2022-04-24 04:18:05,334 [Listener at 127.0.0.1/37371] INFO  impl.MetricsSystemImpl (MetricsSystemImpl.java:init(158)) - HddsDatanode metrics system started (again)
2022-04-24 04:18:05,346 [Datanode State Machine Daemon Thread] INFO  statemachine.DatanodeStateMachine (DatanodeStateMachine.java:lambda$startDaemon$0(472)) - Ozone container server started.
2022-04-24 04:18:05,381 [org.apache.hadoop.util.JvmPauseMonitor$Monitor@185fc0c] INFO  util.JvmPauseMonitor (JvmPauseMonitor.java:run(188)) - Starting JVM pause monitor
2022-04-24 04:18:05,408 [Listener at 127.0.0.1/37371] INFO  ozone.HddsDatanodeService (HddsDatanodeService.java:start(233)) - HddsDatanodeService host:fv-az50-870.grzltbmokehuzjyc5b133kdqgh.cx.internal.cloudapp.net ip:10.1.0.15
2022-04-24 04:18:05,420 [Datanode State Machine Task Thread - 0] INFO  datanode.InitDatanodeState (InitDatanodeState.java:persistContainerDatanodeDetails(138)) - DatanodeDetails is persisted to /home/runner/work/ozone/ozone/hadoop-ozone/integration-test/target/test-dir/MiniOzoneClusterImpl-db3b6155-0a61-4c23-9e75-9b22dbc84111/datanode-0/meta/datanode.id
2022-04-24 04:18:05,470 [Listener at 127.0.0.1/37371] INFO  upgrade.AbstractLayoutVersionManager (AbstractLayoutVersionManager.java:init(79)) - Initializing Layout version manager with metadata layout = ERASURE_CODED_STORAGE_SUPPORT (version = 3), software layout = ERASURE_CODED_STORAGE_SUPPORT (version = 3)
2022-04-24 04:18:05,535 [Listener at 127.0.0.1/37371] INFO  reflections.Reflections (Reflections.java:scan(232)) - Reflections took 64 ms to scan 7 urls, producing 126 keys and 287 values 
2022-04-24 04:18:05,546 [Listener at 127.0.0.1/37371] INFO  statemachine.DatanodeStateMachine (DatanodeStateMachine.java:getEndPointTaskThreadPoolSize(224)) - Datanode State Machine Task Thread Pool size 2
2022-04-24 04:18:05,571 [Listener at 127.0.0.1/37371] INFO  volume.HddsVolume (HddsVolume.java:<init>(120)) - Creating HddsVolume: /home/runner/work/ozone/ozone/hadoop-ozone/integration-test/target/test-dir/MiniOzoneClusterImpl-db3b6155-0a61-4c23-9e75-9b22dbc84111/datanode-1/data-0/containers/hdds of storage type : DISK capacity : 9223372036854775807
2022-04-24 04:18:05,571 [Listener at 127.0.0.1/37371] INFO  volume.MutableVolumeSet (MutableVolumeSet.java:initializeVolumeSet(168)) - Added Volume : /home/runner/work/ozone/ozone/hadoop-ozone/integration-test/target/test-dir/MiniOzoneClusterImpl-db3b6155-0a61-4c23-9e75-9b22dbc84111/datanode-1/data-0/containers/hdds to VolumeSet
2022-04-24 04:18:05,571 [Listener at 127.0.0.1/37371] INFO  volume.ThrottledAsyncChecker (ThrottledAsyncChecker.java:schedule(141)) - Scheduling a check for /home/runner/work/ozone/ozone/hadoop-ozone/integration-test/target/test-dir/MiniOzoneClusterImpl-db3b6155-0a61-4c23-9e75-9b22dbc84111/datanode-1/data-0/containers/hdds
2022-04-24 04:18:05,585 [Listener at 127.0.0.1/37371] INFO  volume.StorageVolumeChecker (StorageVolumeChecker.java:checkAllVolumes(202)) - Scheduled health check for volume /home/runner/work/ozone/ozone/hadoop-ozone/integration-test/target/test-dir/MiniOzoneClusterImpl-db3b6155-0a61-4c23-9e75-9b22dbc84111/datanode-1/data-0/containers/hdds
2022-04-24 04:18:05,596 [Listener at 127.0.0.1/37371] INFO  volume.MutableVolumeSet (MutableVolumeSet.java:initializeVolumeSet(168)) - Added Volume : /home/runner/work/ozone/ozone/hadoop-ozone/integration-test/target/test-dir/MiniOzoneClusterImpl-db3b6155-0a61-4c23-9e75-9b22dbc84111/datanode-1/data/ratis to VolumeSet
2022-04-24 04:18:05,597 [Listener at 127.0.0.1/37371] INFO  volume.ThrottledAsyncChecker (ThrottledAsyncChecker.java:schedule(141)) - Scheduling a check for /home/runner/work/ozone/ozone/hadoop-ozone/integration-test/target/test-dir/MiniOzoneClusterImpl-db3b6155-0a61-4c23-9e75-9b22dbc84111/datanode-1/data/ratis
2022-04-24 04:18:05,597 [Listener at 127.0.0.1/37371] INFO  volume.StorageVolumeChecker (StorageVolumeChecker.java:checkAllVolumes(202)) - Scheduled health check for volume /home/runner/work/ozone/ozone/hadoop-ozone/integration-test/target/test-dir/MiniOzoneClusterImpl-db3b6155-0a61-4c23-9e75-9b22dbc84111/datanode-1/data/ratis
2022-04-24 04:18:05,607 [Thread-1349] INFO  ozoneimpl.ContainerReader (ContainerReader.java:readVolume(172)) - Finish verifying containers on volume /home/runner/work/ozone/ozone/hadoop-ozone/integration-test/target/test-dir/MiniOzoneClusterImpl-db3b6155-0a61-4c23-9e75-9b22dbc84111/datanode-1/data-0/containers/hdds
2022-04-24 04:18:05,607 [Listener at 127.0.0.1/37371] INFO  ozoneimpl.OzoneContainer (OzoneContainer.java:buildContainerSet(257)) - Build ContainerSet costs 0s
2022-04-24 04:18:05,609 [Listener at 127.0.0.1/37371] INFO  server.RaftServer (ConfUtils.java:logGet(44)) - raft.rpc.type = GRPC (default)
2022-04-24 04:18:05,609 [Listener at 127.0.0.1/37371] INFO  grpc.GrpcFactory (GrpcFactory.java:checkPooledByteBufAllocatorUseCacheForAllThreads(48)) - PERFORMANCE WARNING: useCacheForAllThreads is true that may cause Netty to create a lot garbage objects and, as a result, trigger GC.
	It is recommended to disable useCacheForAllThreads by setting -Dorg.apache.ratis.thirdparty.io.netty.allocator.useCacheForAllThreads=false in command line.
2022-04-24 04:18:05,609 [Listener at 127.0.0.1/37371] INFO  grpc.GrpcConfigKeys (ConfUtils.java:logGet(44)) - raft.grpc.admin.port = 0 (custom)
2022-04-24 04:18:05,609 [Listener at 127.0.0.1/37371] INFO  grpc.GrpcConfigKeys (ConfUtils.java:logGet(44)) - raft.grpc.client.port = 0 (custom)
2022-04-24 04:18:05,610 [Listener at 127.0.0.1/37371] INFO  grpc.GrpcConfigKeys (ConfUtils.java:logGet(44)) - raft.grpc.server.port = 0 (default)
2022-04-24 04:18:05,610 [Listener at 127.0.0.1/37371] INFO  server.GrpcService (ConfUtils.java:logGet(44)) - raft.grpc.message.size.max = 32MB (=33554432) (custom)
2022-04-24 04:18:05,610 [Listener at 127.0.0.1/37371] INFO  server.RaftServerConfigKeys (ConfUtils.java:logGet(44)) - raft.server.log.appender.buffer.byte-limit = 33554432 (custom)
2022-04-24 04:18:05,611 [Listener at 127.0.0.1/37371] INFO  server.GrpcService (ConfUtils.java:logGet(44)) - raft.grpc.flow.control.window = 5MB (=5242880) (custom)
2022-04-24 04:18:05,611 [Listener at 127.0.0.1/37371] INFO  server.RaftServerConfigKeys (ConfUtils.java:logGet(44)) - raft.server.rpc.request.timeout = 60s (custom)
2022-04-24 04:18:05,613 [Listener at 127.0.0.1/37371] INFO  impl.DataStreamServerImpl (ConfUtils.java:logGet(44)) - raft.datastream.type = DISABLED (default)
2022-04-24 04:18:05,614 [Listener at 127.0.0.1/37371] INFO  server.RaftServerConfigKeys (ConfUtils.java:logGet(44)) - raft.server.rpc.slowness.timeout = 300s (custom)
2022-04-24 04:18:05,614 [Listener at 127.0.0.1/37371] INFO  server.RaftServerConfigKeys (ConfUtils.java:logGet(44)) - raft.server.leaderelection.leader.step-down.wait-time = 10s (default)
2022-04-24 04:18:05,614 [Listener at 127.0.0.1/37371] INFO  server.RaftServerConfigKeys (ConfUtils.java:logGet(44)) - raft.server.storage.dir = [/home/runner/work/ozone/ozone/hadoop-ozone/integration-test/target/test-dir/MiniOzoneClusterImpl-db3b6155-0a61-4c23-9e75-9b22dbc84111/datanode-1/data/ratis] (custom)
2022-04-24 04:18:05,615 [Listener at 127.0.0.1/37371] INFO  server.XceiverServerGrpc (XceiverServerGrpc.java:<init>(132)) - GrpcServer channel type EpollServerSocketChannel
2022-04-24 04:18:05,617 [Listener at 127.0.0.1/37371] INFO  http.BaseHttpServer (BaseHttpServer.java:newHttpServer2BuilderForOzone(209)) - Starting Web-server for hddsDatanode at: http://0.0.0.0:0
2022-04-24 04:18:05,623 [Listener at 127.0.0.1/37371] INFO  http.BaseHttpServer (BaseHttpServer.java:<init>(107)) - Hadoop Security Enabled: false Ozone Security Enabled: false Ozone HTTP Security Enabled: false 
2022-04-24 04:18:05,624 [Listener at 127.0.0.1/37371] INFO  server.AuthenticationFilter (AuthenticationFilter.java:constructSecretProvider(240)) - Unable to initialize FileSignerSecretProvider, falling back to use random secrets.
2022-04-24 04:18:05,628 [Listener at 127.0.0.1/37371] WARN  http.HttpRequestLog (HttpRequestLog.java:getRequestLog(103)) - Jetty request log can only be enabled using Log4j
2022-04-24 04:18:05,629 [Listener at 127.0.0.1/37371] INFO  http.HttpServer2 (HttpServer2.java:addGlobalFilter(1030)) - Added global filter 'safety' (class=org.apache.hadoop.hdds.server.http.HttpServer2$QuotingInputFilter)
2022-04-24 04:18:05,630 [Listener at 127.0.0.1/37371] INFO  http.HttpServer2 (HttpServer2.java:addFilter(1006)) - Added filter static_user_filter (class=org.apache.hadoop.http.lib.StaticUserWebFilter$StaticUserFilter) to context hddsDatanode
2022-04-24 04:18:05,630 [Listener at 127.0.0.1/37371] INFO  http.HttpServer2 (HttpServer2.java:addFilter(1014)) - Added filter static_user_filter (class=org.apache.hadoop.http.lib.StaticUserWebFilter$StaticUserFilter) to context logs
2022-04-24 04:18:05,630 [Listener at 127.0.0.1/37371] INFO  http.HttpServer2 (HttpServer2.java:addFilter(1014)) - Added filter static_user_filter (class=org.apache.hadoop.http.lib.StaticUserWebFilter$StaticUserFilter) to context static
2022-04-24 04:18:05,631 [Listener at 127.0.0.1/37371] INFO  http.HttpServer2 (HttpServer2.java:bindListener(1249)) - Jetty bound to port 41041
2022-04-24 04:18:05,631 [Listener at 127.0.0.1/37371] INFO  server.Server (Server.java:doStart(375)) - jetty-9.4.43.v20210629; built: 2021-06-30T11:07:22.254Z; git: 526006ecfa3af7f1a27ef3a288e2bef7ea9dd7e8; jvm 1.8.0_322-b06
2022-04-24 04:18:05,659 [Listener at 127.0.0.1/37371] INFO  server.session (DefaultSessionIdManager.java:doStart(334)) - DefaultSessionIdManager workerName=node0
2022-04-24 04:18:05,659 [Listener at 127.0.0.1/37371] INFO  server.session (DefaultSessionIdManager.java:doStart(339)) - No SessionScavenger set, using defaults
2022-04-24 04:18:05,659 [Listener at 127.0.0.1/37371] INFO  server.session (HouseKeeper.java:startScavenging(132)) - node0 Scavenging every 600000ms
2022-04-24 04:18:05,660 [Listener at 127.0.0.1/37371] INFO  handler.ContextHandler (ContextHandler.java:doStart(915)) - Started o.e.j.s.ServletContextHandler@4d22b399{logs,/logs,file:///home/runner/work/ozone/ozone/hadoop-ozone/integration-test/target/log,AVAILABLE}
2022-04-24 04:18:05,660 [Listener at 127.0.0.1/37371] INFO  handler.ContextHandler (ContextHandler.java:doStart(915)) - Started o.e.j.s.ServletContextHandler@646b4d24{static,/static,jar:file:/home/runner/.m2/repository/org/apache/ozone/hdds-container-service/1.3.0-SNAPSHOT/hdds-container-service-1.3.0-SNAPSHOT.jar!/webapps/static,AVAILABLE}
2022-04-24 04:18:05,747 [Listener at 127.0.0.1/37371] INFO  handler.ContextHandler (ContextHandler.java:doStart(915)) - Started o.e.j.w.WebAppContext@273f0f37{hddsDatanode,/,file:///tmp/jetty-0_0_0_0-41041-hdds-container-service-1_3_0-SNAPSHOT_jar-_-any-5891095449092802718/webapp/,AVAILABLE}{jar:file:/home/runner/.m2/repository/org/apache/ozone/hdds-container-service/1.3.0-SNAPSHOT/hdds-container-service-1.3.0-SNAPSHOT.jar!/webapps/hddsDatanode}
2022-04-24 04:18:05,753 [Listener at 127.0.0.1/37371] INFO  server.AbstractConnector (AbstractConnector.java:doStart(331)) - Started ServerConnector@2718a85{HTTP/1.1, (http/1.1)}{0.0.0.0:41041}
2022-04-24 04:18:05,754 [Listener at 127.0.0.1/37371] INFO  server.Server (Server.java:doStart(415)) - Started @202805ms
2022-04-24 04:18:05,754 [Listener at 127.0.0.1/37371] WARN  impl.MetricsSystemImpl (MetricsSystemImpl.java:register(279)) - Sink prometheus already exists!
2022-04-24 04:18:05,762 [Listener at 127.0.0.1/37371] INFO  http.BaseHttpServer (BaseHttpServer.java:updateConnectorAddress(329)) - HTTP server of hddsDatanode listening at http://0.0.0.0:41041
2022-04-24 04:18:05,763 [Listener at 127.0.0.1/37371] INFO  impl.MetricsSystemImpl (MetricsSystemImpl.java:init(158)) - HddsDatanode metrics system started (again)
2022-04-24 04:18:05,792 [Datanode State Machine Daemon Thread] INFO  statemachine.DatanodeStateMachine (DatanodeStateMachine.java:lambda$startDaemon$0(472)) - Ozone container server started.
2022-04-24 04:18:05,813 [Listener at 127.0.0.1/37371] INFO  ozone.HddsDatanodeService (HddsDatanodeService.java:start(233)) - HddsDatanodeService host:fv-az50-870.grzltbmokehuzjyc5b133kdqgh.cx.internal.cloudapp.net ip:10.1.0.15
2022-04-24 04:18:05,825 [org.apache.hadoop.util.JvmPauseMonitor$Monitor@58845e61] INFO  util.JvmPauseMonitor (JvmPauseMonitor.java:run(188)) - Starting JVM pause monitor
2022-04-24 04:18:05,838 [Datanode State Machine Task Thread - 0] INFO  datanode.InitDatanodeState (InitDatanodeState.java:persistContainerDatanodeDetails(138)) - DatanodeDetails is persisted to /home/runner/work/ozone/ozone/hadoop-ozone/integration-test/target/test-dir/MiniOzoneClusterImpl-db3b6155-0a61-4c23-9e75-9b22dbc84111/datanode-1/meta/datanode.id
2022-04-24 04:18:05,857 [Listener at 127.0.0.1/37371] INFO  upgrade.AbstractLayoutVersionManager (AbstractLayoutVersionManager.java:init(79)) - Initializing Layout version manager with metadata layout = ERASURE_CODED_STORAGE_SUPPORT (version = 3), software layout = ERASURE_CODED_STORAGE_SUPPORT (version = 3)
2022-04-24 04:18:05,921 [Listener at 127.0.0.1/37371] INFO  reflections.Reflections (Reflections.java:scan(232)) - Reflections took 63 ms to scan 7 urls, producing 126 keys and 287 values 
2022-04-24 04:18:05,923 [Listener at 127.0.0.1/37371] INFO  statemachine.DatanodeStateMachine (DatanodeStateMachine.java:getEndPointTaskThreadPoolSize(224)) - Datanode State Machine Task Thread Pool size 2
2022-04-24 04:18:05,924 [Listener at 127.0.0.1/37371] INFO  volume.HddsVolume (HddsVolume.java:<init>(120)) - Creating HddsVolume: /home/runner/work/ozone/ozone/hadoop-ozone/integration-test/target/test-dir/MiniOzoneClusterImpl-db3b6155-0a61-4c23-9e75-9b22dbc84111/datanode-2/data-0/containers/hdds of storage type : DISK capacity : 9223372036854775807
2022-04-24 04:18:05,924 [Listener at 127.0.0.1/37371] INFO  volume.MutableVolumeSet (MutableVolumeSet.java:initializeVolumeSet(168)) - Added Volume : /home/runner/work/ozone/ozone/hadoop-ozone/integration-test/target/test-dir/MiniOzoneClusterImpl-db3b6155-0a61-4c23-9e75-9b22dbc84111/datanode-2/data-0/containers/hdds to VolumeSet
2022-04-24 04:18:05,924 [Listener at 127.0.0.1/37371] INFO  volume.ThrottledAsyncChecker (ThrottledAsyncChecker.java:schedule(141)) - Scheduling a check for /home/runner/work/ozone/ozone/hadoop-ozone/integration-test/target/test-dir/MiniOzoneClusterImpl-db3b6155-0a61-4c23-9e75-9b22dbc84111/datanode-2/data-0/containers/hdds
2022-04-24 04:18:05,946 [Listener at 127.0.0.1/37371] INFO  volume.StorageVolumeChecker (StorageVolumeChecker.java:checkAllVolumes(202)) - Scheduled health check for volume /home/runner/work/ozone/ozone/hadoop-ozone/integration-test/target/test-dir/MiniOzoneClusterImpl-db3b6155-0a61-4c23-9e75-9b22dbc84111/datanode-2/data-0/containers/hdds
2022-04-24 04:18:05,961 [Listener at 127.0.0.1/37371] INFO  volume.MutableVolumeSet (MutableVolumeSet.java:initializeVolumeSet(168)) - Added Volume : /home/runner/work/ozone/ozone/hadoop-ozone/integration-test/target/test-dir/MiniOzoneClusterImpl-db3b6155-0a61-4c23-9e75-9b22dbc84111/datanode-2/data/ratis to VolumeSet
2022-04-24 04:18:05,961 [Listener at 127.0.0.1/37371] INFO  volume.ThrottledAsyncChecker (ThrottledAsyncChecker.java:schedule(141)) - Scheduling a check for /home/runner/work/ozone/ozone/hadoop-ozone/integration-test/target/test-dir/MiniOzoneClusterImpl-db3b6155-0a61-4c23-9e75-9b22dbc84111/datanode-2/data/ratis
2022-04-24 04:18:05,961 [Listener at 127.0.0.1/37371] INFO  volume.StorageVolumeChecker (StorageVolumeChecker.java:checkAllVolumes(202)) - Scheduled health check for volume /home/runner/work/ozone/ozone/hadoop-ozone/integration-test/target/test-dir/MiniOzoneClusterImpl-db3b6155-0a61-4c23-9e75-9b22dbc84111/datanode-2/data/ratis
2022-04-24 04:18:05,986 [Thread-1361] INFO  ozoneimpl.ContainerReader (ContainerReader.java:readVolume(172)) - Finish verifying containers on volume /home/runner/work/ozone/ozone/hadoop-ozone/integration-test/target/test-dir/MiniOzoneClusterImpl-db3b6155-0a61-4c23-9e75-9b22dbc84111/datanode-2/data-0/containers/hdds
2022-04-24 04:18:05,986 [Listener at 127.0.0.1/37371] INFO  ozoneimpl.OzoneContainer (OzoneContainer.java:buildContainerSet(257)) - Build ContainerSet costs 0s
2022-04-24 04:18:05,987 [Listener at 127.0.0.1/37371] INFO  server.RaftServer (ConfUtils.java:logGet(44)) - raft.rpc.type = GRPC (default)
2022-04-24 04:18:05,988 [Listener at 127.0.0.1/37371] INFO  grpc.GrpcFactory (GrpcFactory.java:checkPooledByteBufAllocatorUseCacheForAllThreads(48)) - PERFORMANCE WARNING: useCacheForAllThreads is true that may cause Netty to create a lot garbage objects and, as a result, trigger GC.
	It is recommended to disable useCacheForAllThreads by setting -Dorg.apache.ratis.thirdparty.io.netty.allocator.useCacheForAllThreads=false in command line.
2022-04-24 04:18:05,988 [Listener at 127.0.0.1/37371] INFO  grpc.GrpcConfigKeys (ConfUtils.java:logGet(44)) - raft.grpc.admin.port = 0 (custom)
2022-04-24 04:18:05,988 [Listener at 127.0.0.1/37371] INFO  grpc.GrpcConfigKeys (ConfUtils.java:logGet(44)) - raft.grpc.client.port = 0 (custom)
2022-04-24 04:18:05,988 [Listener at 127.0.0.1/37371] INFO  grpc.GrpcConfigKeys (ConfUtils.java:logGet(44)) - raft.grpc.server.port = 0 (default)
2022-04-24 04:18:05,988 [Listener at 127.0.0.1/37371] INFO  server.GrpcService (ConfUtils.java:logGet(44)) - raft.grpc.message.size.max = 32MB (=33554432) (custom)
2022-04-24 04:18:05,988 [Listener at 127.0.0.1/37371] INFO  server.RaftServerConfigKeys (ConfUtils.java:logGet(44)) - raft.server.log.appender.buffer.byte-limit = 33554432 (custom)
2022-04-24 04:18:05,988 [Listener at 127.0.0.1/37371] INFO  server.GrpcService (ConfUtils.java:logGet(44)) - raft.grpc.flow.control.window = 5MB (=5242880) (custom)
2022-04-24 04:18:05,988 [Listener at 127.0.0.1/37371] INFO  server.RaftServerConfigKeys (ConfUtils.java:logGet(44)) - raft.server.rpc.request.timeout = 60s (custom)
2022-04-24 04:18:05,998 [Listener at 127.0.0.1/37371] INFO  impl.DataStreamServerImpl (ConfUtils.java:logGet(44)) - raft.datastream.type = DISABLED (default)
2022-04-24 04:18:05,998 [Listener at 127.0.0.1/37371] INFO  server.RaftServerConfigKeys (ConfUtils.java:logGet(44)) - raft.server.rpc.slowness.timeout = 300s (custom)
2022-04-24 04:18:05,998 [Listener at 127.0.0.1/37371] INFO  server.RaftServerConfigKeys (ConfUtils.java:logGet(44)) - raft.server.leaderelection.leader.step-down.wait-time = 10s (default)
2022-04-24 04:18:05,998 [Listener at 127.0.0.1/37371] INFO  server.RaftServerConfigKeys (ConfUtils.java:logGet(44)) - raft.server.storage.dir = [/home/runner/work/ozone/ozone/hadoop-ozone/integration-test/target/test-dir/MiniOzoneClusterImpl-db3b6155-0a61-4c23-9e75-9b22dbc84111/datanode-2/data/ratis] (custom)
2022-04-24 04:18:05,999 [Listener at 127.0.0.1/37371] INFO  server.XceiverServerGrpc (XceiverServerGrpc.java:<init>(132)) - GrpcServer channel type EpollServerSocketChannel
2022-04-24 04:18:06,054 [Listener at 127.0.0.1/37371] INFO  http.BaseHttpServer (BaseHttpServer.java:newHttpServer2BuilderForOzone(209)) - Starting Web-server for hddsDatanode at: http://0.0.0.0:0
2022-04-24 04:18:06,054 [Listener at 127.0.0.1/37371] INFO  http.BaseHttpServer (BaseHttpServer.java:<init>(107)) - Hadoop Security Enabled: false Ozone Security Enabled: false Ozone HTTP Security Enabled: false 
2022-04-24 04:18:06,056 [Listener at 127.0.0.1/37371] INFO  server.AuthenticationFilter (AuthenticationFilter.java:constructSecretProvider(240)) - Unable to initialize FileSignerSecretProvider, falling back to use random secrets.
2022-04-24 04:18:06,057 [Listener at 127.0.0.1/37371] WARN  http.HttpRequestLog (HttpRequestLog.java:getRequestLog(103)) - Jetty request log can only be enabled using Log4j
2022-04-24 04:18:06,058 [Listener at 127.0.0.1/37371] INFO  http.HttpServer2 (HttpServer2.java:addGlobalFilter(1030)) - Added global filter 'safety' (class=org.apache.hadoop.hdds.server.http.HttpServer2$QuotingInputFilter)
2022-04-24 04:18:06,058 [Listener at 127.0.0.1/37371] INFO  http.HttpServer2 (HttpServer2.java:addFilter(1006)) - Added filter static_user_filter (class=org.apache.hadoop.http.lib.StaticUserWebFilter$StaticUserFilter) to context hddsDatanode
2022-04-24 04:18:06,059 [Listener at 127.0.0.1/37371] INFO  http.HttpServer2 (HttpServer2.java:addFilter(1014)) - Added filter static_user_filter (class=org.apache.hadoop.http.lib.StaticUserWebFilter$StaticUserFilter) to context static
2022-04-24 04:18:06,059 [Listener at 127.0.0.1/37371] INFO  http.HttpServer2 (HttpServer2.java:addFilter(1014)) - Added filter static_user_filter (class=org.apache.hadoop.http.lib.StaticUserWebFilter$StaticUserFilter) to context logs
2022-04-24 04:18:06,059 [Listener at 127.0.0.1/37371] INFO  http.HttpServer2 (HttpServer2.java:bindListener(1249)) - Jetty bound to port 38721
2022-04-24 04:18:06,059 [Listener at 127.0.0.1/37371] INFO  server.Server (Server.java:doStart(375)) - jetty-9.4.43.v20210629; built: 2021-06-30T11:07:22.254Z; git: 526006ecfa3af7f1a27ef3a288e2bef7ea9dd7e8; jvm 1.8.0_322-b06
2022-04-24 04:18:06,063 [Listener at 127.0.0.1/37371] INFO  server.session (DefaultSessionIdManager.java:doStart(334)) - DefaultSessionIdManager workerName=node0
2022-04-24 04:18:06,063 [Listener at 127.0.0.1/37371] INFO  server.session (DefaultSessionIdManager.java:doStart(339)) - No SessionScavenger set, using defaults
2022-04-24 04:18:06,063 [Listener at 127.0.0.1/37371] INFO  server.session (HouseKeeper.java:startScavenging(132)) - node0 Scavenging every 600000ms
2022-04-24 04:18:06,068 [Listener at 127.0.0.1/37371] INFO  handler.ContextHandler (ContextHandler.java:doStart(915)) - Started o.e.j.s.ServletContextHandler@62c1a0da{logs,/logs,file:///home/runner/work/ozone/ozone/hadoop-ozone/integration-test/target/log,AVAILABLE}
2022-04-24 04:18:06,068 [Listener at 127.0.0.1/37371] INFO  handler.ContextHandler (ContextHandler.java:doStart(915)) - Started o.e.j.s.ServletContextHandler@1f2fbd9c{static,/static,jar:file:/home/runner/.m2/repository/org/apache/ozone/hdds-container-service/1.3.0-SNAPSHOT/hdds-container-service-1.3.0-SNAPSHOT.jar!/webapps/static,AVAILABLE}
2022-04-24 04:18:06,172 [Listener at 127.0.0.1/37371] INFO  handler.ContextHandler (ContextHandler.java:doStart(915)) - Started o.e.j.w.WebAppContext@768abaa1{hddsDatanode,/,file:///tmp/jetty-0_0_0_0-38721-hdds-container-service-1_3_0-SNAPSHOT_jar-_-any-2193973510420503458/webapp/,AVAILABLE}{jar:file:/home/runner/.m2/repository/org/apache/ozone/hdds-container-service/1.3.0-SNAPSHOT/hdds-container-service-1.3.0-SNAPSHOT.jar!/webapps/hddsDatanode}
2022-04-24 04:18:06,178 [Listener at 127.0.0.1/37371] INFO  server.AbstractConnector (AbstractConnector.java:doStart(331)) - Started ServerConnector@258a435c{HTTP/1.1, (http/1.1)}{0.0.0.0:38721}
2022-04-24 04:18:06,179 [Listener at 127.0.0.1/37371] INFO  server.Server (Server.java:doStart(415)) - Started @203230ms
2022-04-24 04:18:06,179 [Listener at 127.0.0.1/37371] WARN  impl.MetricsSystemImpl (MetricsSystemImpl.java:register(279)) - Sink prometheus already exists!
2022-04-24 04:18:06,179 [Listener at 127.0.0.1/37371] INFO  http.BaseHttpServer (BaseHttpServer.java:updateConnectorAddress(329)) - HTTP server of hddsDatanode listening at http://0.0.0.0:38721
2022-04-24 04:18:06,182 [Listener at 127.0.0.1/37371] INFO  impl.MetricsSystemImpl (MetricsSystemImpl.java:init(158)) - HddsDatanode metrics system started (again)
2022-04-24 04:18:06,198 [Datanode State Machine Daemon Thread] INFO  statemachine.DatanodeStateMachine (DatanodeStateMachine.java:lambda$startDaemon$0(472)) - Ozone container server started.
2022-04-24 04:18:06,216 [Listener at 127.0.0.1/37371] INFO  ozone.HddsDatanodeService (HddsDatanodeService.java:start(233)) - HddsDatanodeService host:fv-az50-870.grzltbmokehuzjyc5b133kdqgh.cx.internal.cloudapp.net ip:10.1.0.15
2022-04-24 04:18:06,270 [org.apache.hadoop.util.JvmPauseMonitor$Monitor@2f1a6df9] INFO  util.JvmPauseMonitor (JvmPauseMonitor.java:run(188)) - Starting JVM pause monitor
2022-04-24 04:18:06,307 [Datanode State Machine Task Thread - 0] INFO  datanode.InitDatanodeState (InitDatanodeState.java:persistContainerDatanodeDetails(138)) - DatanodeDetails is persisted to /home/runner/work/ozone/ozone/hadoop-ozone/integration-test/target/test-dir/MiniOzoneClusterImpl-db3b6155-0a61-4c23-9e75-9b22dbc84111/datanode-2/meta/datanode.id
2022-04-24 04:18:06,338 [Listener at 127.0.0.1/37371] INFO  upgrade.AbstractLayoutVersionManager (AbstractLayoutVersionManager.java:init(79)) - Initializing Layout version manager with metadata layout = ERASURE_CODED_STORAGE_SUPPORT (version = 3), software layout = ERASURE_CODED_STORAGE_SUPPORT (version = 3)
2022-04-24 04:18:06,417 [Listener at 127.0.0.1/37371] INFO  reflections.Reflections (Reflections.java:scan(232)) - Reflections took 75 ms to scan 7 urls, producing 126 keys and 287 values 
2022-04-24 04:18:06,418 [Listener at 127.0.0.1/37371] INFO  statemachine.DatanodeStateMachine (DatanodeStateMachine.java:getEndPointTaskThreadPoolSize(224)) - Datanode State Machine Task Thread Pool size 2
2022-04-24 04:18:06,431 [Listener at 127.0.0.1/37371] INFO  volume.HddsVolume (HddsVolume.java:<init>(120)) - Creating HddsVolume: /home/runner/work/ozone/ozone/hadoop-ozone/integration-test/target/test-dir/MiniOzoneClusterImpl-db3b6155-0a61-4c23-9e75-9b22dbc84111/datanode-3/data-0/containers/hdds of storage type : DISK capacity : 9223372036854775807
2022-04-24 04:18:06,431 [Listener at 127.0.0.1/37371] INFO  volume.MutableVolumeSet (MutableVolumeSet.java:initializeVolumeSet(168)) - Added Volume : /home/runner/work/ozone/ozone/hadoop-ozone/integration-test/target/test-dir/MiniOzoneClusterImpl-db3b6155-0a61-4c23-9e75-9b22dbc84111/datanode-3/data-0/containers/hdds to VolumeSet
2022-04-24 04:18:06,431 [Listener at 127.0.0.1/37371] INFO  volume.ThrottledAsyncChecker (ThrottledAsyncChecker.java:schedule(141)) - Scheduling a check for /home/runner/work/ozone/ozone/hadoop-ozone/integration-test/target/test-dir/MiniOzoneClusterImpl-db3b6155-0a61-4c23-9e75-9b22dbc84111/datanode-3/data-0/containers/hdds
2022-04-24 04:18:06,466 [Listener at 127.0.0.1/37371] INFO  volume.StorageVolumeChecker (StorageVolumeChecker.java:checkAllVolumes(202)) - Scheduled health check for volume /home/runner/work/ozone/ozone/hadoop-ozone/integration-test/target/test-dir/MiniOzoneClusterImpl-db3b6155-0a61-4c23-9e75-9b22dbc84111/datanode-3/data-0/containers/hdds
2022-04-24 04:18:06,487 [Listener at 127.0.0.1/37371] INFO  volume.MutableVolumeSet (MutableVolumeSet.java:initializeVolumeSet(168)) - Added Volume : /home/runner/work/ozone/ozone/hadoop-ozone/integration-test/target/test-dir/MiniOzoneClusterImpl-db3b6155-0a61-4c23-9e75-9b22dbc84111/datanode-3/data/ratis to VolumeSet
2022-04-24 04:18:06,487 [Listener at 127.0.0.1/37371] INFO  volume.ThrottledAsyncChecker (ThrottledAsyncChecker.java:schedule(141)) - Scheduling a check for /home/runner/work/ozone/ozone/hadoop-ozone/integration-test/target/test-dir/MiniOzoneClusterImpl-db3b6155-0a61-4c23-9e75-9b22dbc84111/datanode-3/data/ratis
2022-04-24 04:18:06,494 [Listener at 127.0.0.1/37371] INFO  volume.StorageVolumeChecker (StorageVolumeChecker.java:checkAllVolumes(202)) - Scheduled health check for volume /home/runner/work/ozone/ozone/hadoop-ozone/integration-test/target/test-dir/MiniOzoneClusterImpl-db3b6155-0a61-4c23-9e75-9b22dbc84111/datanode-3/data/ratis
2022-04-24 04:18:06,544 [Thread-1373] INFO  ozoneimpl.ContainerReader (ContainerReader.java:readVolume(172)) - Finish verifying containers on volume /home/runner/work/ozone/ozone/hadoop-ozone/integration-test/target/test-dir/MiniOzoneClusterImpl-db3b6155-0a61-4c23-9e75-9b22dbc84111/datanode-3/data-0/containers/hdds
2022-04-24 04:18:06,544 [Listener at 127.0.0.1/37371] INFO  ozoneimpl.OzoneContainer (OzoneContainer.java:buildContainerSet(257)) - Build ContainerSet costs 0s
2022-04-24 04:18:06,546 [Listener at 127.0.0.1/37371] INFO  server.RaftServer (ConfUtils.java:logGet(44)) - raft.rpc.type = GRPC (default)
2022-04-24 04:18:06,546 [Listener at 127.0.0.1/37371] INFO  grpc.GrpcFactory (GrpcFactory.java:checkPooledByteBufAllocatorUseCacheForAllThreads(48)) - PERFORMANCE WARNING: useCacheForAllThreads is true that may cause Netty to create a lot garbage objects and, as a result, trigger GC.
	It is recommended to disable useCacheForAllThreads by setting -Dorg.apache.ratis.thirdparty.io.netty.allocator.useCacheForAllThreads=false in command line.
2022-04-24 04:18:06,546 [Listener at 127.0.0.1/37371] INFO  grpc.GrpcConfigKeys (ConfUtils.java:logGet(44)) - raft.grpc.admin.port = 0 (custom)
2022-04-24 04:18:06,547 [Listener at 127.0.0.1/37371] INFO  grpc.GrpcConfigKeys (ConfUtils.java:logGet(44)) - raft.grpc.client.port = 0 (custom)
2022-04-24 04:18:06,547 [Listener at 127.0.0.1/37371] INFO  grpc.GrpcConfigKeys (ConfUtils.java:logGet(44)) - raft.grpc.server.port = 0 (default)
2022-04-24 04:18:06,547 [Listener at 127.0.0.1/37371] INFO  server.GrpcService (ConfUtils.java:logGet(44)) - raft.grpc.message.size.max = 32MB (=33554432) (custom)
2022-04-24 04:18:06,547 [Listener at 127.0.0.1/37371] INFO  server.RaftServerConfigKeys (ConfUtils.java:logGet(44)) - raft.server.log.appender.buffer.byte-limit = 33554432 (custom)
2022-04-24 04:18:06,547 [Listener at 127.0.0.1/37371] INFO  server.GrpcService (ConfUtils.java:logGet(44)) - raft.grpc.flow.control.window = 5MB (=5242880) (custom)
2022-04-24 04:18:06,547 [Listener at 127.0.0.1/37371] INFO  server.RaftServerConfigKeys (ConfUtils.java:logGet(44)) - raft.server.rpc.request.timeout = 60s (custom)
2022-04-24 04:18:06,548 [Listener at 127.0.0.1/37371] INFO  impl.DataStreamServerImpl (ConfUtils.java:logGet(44)) - raft.datastream.type = DISABLED (default)
2022-04-24 04:18:06,548 [Listener at 127.0.0.1/37371] INFO  server.RaftServerConfigKeys (ConfUtils.java:logGet(44)) - raft.server.rpc.slowness.timeout = 300s (custom)
2022-04-24 04:18:06,549 [Listener at 127.0.0.1/37371] INFO  server.RaftServerConfigKeys (ConfUtils.java:logGet(44)) - raft.server.leaderelection.leader.step-down.wait-time = 10s (default)
2022-04-24 04:18:06,549 [Listener at 127.0.0.1/37371] INFO  server.RaftServerConfigKeys (ConfUtils.java:logGet(44)) - raft.server.storage.dir = [/home/runner/work/ozone/ozone/hadoop-ozone/integration-test/target/test-dir/MiniOzoneClusterImpl-db3b6155-0a61-4c23-9e75-9b22dbc84111/datanode-3/data/ratis] (custom)
2022-04-24 04:18:06,567 [Listener at 127.0.0.1/37371] INFO  server.XceiverServerGrpc (XceiverServerGrpc.java:<init>(132)) - GrpcServer channel type EpollServerSocketChannel
2022-04-24 04:18:06,574 [Listener at 127.0.0.1/37371] INFO  http.BaseHttpServer (BaseHttpServer.java:newHttpServer2BuilderForOzone(209)) - Starting Web-server for hddsDatanode at: http://0.0.0.0:0
2022-04-24 04:18:06,574 [Listener at 127.0.0.1/37371] INFO  http.BaseHttpServer (BaseHttpServer.java:<init>(107)) - Hadoop Security Enabled: false Ozone Security Enabled: false Ozone HTTP Security Enabled: false 
2022-04-24 04:18:06,575 [Listener at 127.0.0.1/37371] INFO  server.AuthenticationFilter (AuthenticationFilter.java:constructSecretProvider(240)) - Unable to initialize FileSignerSecretProvider, falling back to use random secrets.
2022-04-24 04:18:06,576 [Listener at 127.0.0.1/37371] WARN  http.HttpRequestLog (HttpRequestLog.java:getRequestLog(103)) - Jetty request log can only be enabled using Log4j
2022-04-24 04:18:06,576 [Listener at 127.0.0.1/37371] INFO  http.HttpServer2 (HttpServer2.java:addGlobalFilter(1030)) - Added global filter 'safety' (class=org.apache.hadoop.hdds.server.http.HttpServer2$QuotingInputFilter)
2022-04-24 04:18:06,577 [Listener at 127.0.0.1/37371] INFO  http.HttpServer2 (HttpServer2.java:addFilter(1006)) - Added filter static_user_filter (class=org.apache.hadoop.http.lib.StaticUserWebFilter$StaticUserFilter) to context hddsDatanode
2022-04-24 04:18:06,577 [Listener at 127.0.0.1/37371] INFO  http.HttpServer2 (HttpServer2.java:addFilter(1014)) - Added filter static_user_filter (class=org.apache.hadoop.http.lib.StaticUserWebFilter$StaticUserFilter) to context logs
2022-04-24 04:18:06,577 [Listener at 127.0.0.1/37371] INFO  http.HttpServer2 (HttpServer2.java:addFilter(1014)) - Added filter static_user_filter (class=org.apache.hadoop.http.lib.StaticUserWebFilter$StaticUserFilter) to context static
2022-04-24 04:18:06,578 [Listener at 127.0.0.1/37371] INFO  http.HttpServer2 (HttpServer2.java:bindListener(1249)) - Jetty bound to port 35289
2022-04-24 04:18:06,578 [Listener at 127.0.0.1/37371] INFO  server.Server (Server.java:doStart(375)) - jetty-9.4.43.v20210629; built: 2021-06-30T11:07:22.254Z; git: 526006ecfa3af7f1a27ef3a288e2bef7ea9dd7e8; jvm 1.8.0_322-b06
2022-04-24 04:18:06,580 [Listener at 127.0.0.1/37371] INFO  server.session (DefaultSessionIdManager.java:doStart(334)) - DefaultSessionIdManager workerName=node0
2022-04-24 04:18:06,580 [Listener at 127.0.0.1/37371] INFO  server.session (DefaultSessionIdManager.java:doStart(339)) - No SessionScavenger set, using defaults
2022-04-24 04:18:06,580 [Listener at 127.0.0.1/37371] INFO  server.session (HouseKeeper.java:startScavenging(132)) - node0 Scavenging every 660000ms
2022-04-24 04:18:06,581 [Listener at 127.0.0.1/37371] INFO  handler.ContextHandler (ContextHandler.java:doStart(915)) - Started o.e.j.s.ServletContextHandler@3538740a{logs,/logs,file:///home/runner/work/ozone/ozone/hadoop-ozone/integration-test/target/log,AVAILABLE}
2022-04-24 04:18:06,581 [Listener at 127.0.0.1/37371] INFO  handler.ContextHandler (ContextHandler.java:doStart(915)) - Started o.e.j.s.ServletContextHandler@77e69bee{static,/static,jar:file:/home/runner/.m2/repository/org/apache/ozone/hdds-container-service/1.3.0-SNAPSHOT/hdds-container-service-1.3.0-SNAPSHOT.jar!/webapps/static,AVAILABLE}
2022-04-24 04:18:06,770 [Listener at 127.0.0.1/37371] INFO  handler.ContextHandler (ContextHandler.java:doStart(915)) - Started o.e.j.w.WebAppContext@5202cabe{hddsDatanode,/,file:///tmp/jetty-0_0_0_0-35289-hdds-container-service-1_3_0-SNAPSHOT_jar-_-any-2096396043029160617/webapp/,AVAILABLE}{jar:file:/home/runner/.m2/repository/org/apache/ozone/hdds-container-service/1.3.0-SNAPSHOT/hdds-container-service-1.3.0-SNAPSHOT.jar!/webapps/hddsDatanode}
2022-04-24 04:18:06,801 [Listener at 127.0.0.1/37371] INFO  server.AbstractConnector (AbstractConnector.java:doStart(331)) - Started ServerConnector@2d83bcd1{HTTP/1.1, (http/1.1)}{0.0.0.0:35289}
2022-04-24 04:18:06,801 [Listener at 127.0.0.1/37371] INFO  server.Server (Server.java:doStart(415)) - Started @203853ms
2022-04-24 04:18:06,801 [Listener at 127.0.0.1/37371] WARN  impl.MetricsSystemImpl (MetricsSystemImpl.java:register(279)) - Sink prometheus already exists!
2022-04-24 04:18:06,803 [Listener at 127.0.0.1/37371] INFO  http.BaseHttpServer (BaseHttpServer.java:updateConnectorAddress(329)) - HTTP server of hddsDatanode listening at http://0.0.0.0:35289
2022-04-24 04:18:06,828 [Listener at 127.0.0.1/37371] INFO  impl.MetricsSystemImpl (MetricsSystemImpl.java:init(158)) - HddsDatanode metrics system started (again)
2022-04-24 04:18:06,832 [Datanode State Machine Daemon Thread] INFO  statemachine.DatanodeStateMachine (DatanodeStateMachine.java:lambda$startDaemon$0(472)) - Ozone container server started.
2022-04-24 04:18:06,873 [org.apache.hadoop.util.JvmPauseMonitor$Monitor@64068503] INFO  util.JvmPauseMonitor (JvmPauseMonitor.java:run(188)) - Starting JVM pause monitor
2022-04-24 04:18:06,906 [Listener at 127.0.0.1/37371] INFO  ozone.HddsDatanodeService (HddsDatanodeService.java:start(233)) - HddsDatanodeService host:fv-az50-870.grzltbmokehuzjyc5b133kdqgh.cx.internal.cloudapp.net ip:10.1.0.15
2022-04-24 04:18:06,914 [Datanode State Machine Task Thread - 0] INFO  datanode.InitDatanodeState (InitDatanodeState.java:persistContainerDatanodeDetails(138)) - DatanodeDetails is persisted to /home/runner/work/ozone/ozone/hadoop-ozone/integration-test/target/test-dir/MiniOzoneClusterImpl-db3b6155-0a61-4c23-9e75-9b22dbc84111/datanode-3/meta/datanode.id
2022-04-24 04:18:07,005 [Listener at 127.0.0.1/37371] INFO  upgrade.AbstractLayoutVersionManager (AbstractLayoutVersionManager.java:init(79)) - Initializing Layout version manager with metadata layout = ERASURE_CODED_STORAGE_SUPPORT (version = 3), software layout = ERASURE_CODED_STORAGE_SUPPORT (version = 3)
2022-04-24 04:18:07,125 [Listener at 127.0.0.1/37371] INFO  reflections.Reflections (Reflections.java:scan(232)) - Reflections took 108 ms to scan 7 urls, producing 126 keys and 287 values 
2022-04-24 04:18:07,126 [Listener at 127.0.0.1/37371] INFO  statemachine.DatanodeStateMachine (DatanodeStateMachine.java:getEndPointTaskThreadPoolSize(224)) - Datanode State Machine Task Thread Pool size 2
2022-04-24 04:18:07,140 [Listener at 127.0.0.1/37371] INFO  volume.HddsVolume (HddsVolume.java:<init>(120)) - Creating HddsVolume: /home/runner/work/ozone/ozone/hadoop-ozone/integration-test/target/test-dir/MiniOzoneClusterImpl-db3b6155-0a61-4c23-9e75-9b22dbc84111/datanode-4/data-0/containers/hdds of storage type : DISK capacity : 9223372036854775807
2022-04-24 04:18:07,140 [Listener at 127.0.0.1/37371] INFO  volume.MutableVolumeSet (MutableVolumeSet.java:initializeVolumeSet(168)) - Added Volume : /home/runner/work/ozone/ozone/hadoop-ozone/integration-test/target/test-dir/MiniOzoneClusterImpl-db3b6155-0a61-4c23-9e75-9b22dbc84111/datanode-4/data-0/containers/hdds to VolumeSet
2022-04-24 04:18:07,140 [Listener at 127.0.0.1/37371] INFO  volume.ThrottledAsyncChecker (ThrottledAsyncChecker.java:schedule(141)) - Scheduling a check for /home/runner/work/ozone/ozone/hadoop-ozone/integration-test/target/test-dir/MiniOzoneClusterImpl-db3b6155-0a61-4c23-9e75-9b22dbc84111/datanode-4/data-0/containers/hdds
2022-04-24 04:18:07,141 [Listener at 127.0.0.1/37371] INFO  volume.StorageVolumeChecker (StorageVolumeChecker.java:checkAllVolumes(202)) - Scheduled health check for volume /home/runner/work/ozone/ozone/hadoop-ozone/integration-test/target/test-dir/MiniOzoneClusterImpl-db3b6155-0a61-4c23-9e75-9b22dbc84111/datanode-4/data-0/containers/hdds
2022-04-24 04:18:07,152 [Listener at 127.0.0.1/37371] INFO  volume.MutableVolumeSet (MutableVolumeSet.java:initializeVolumeSet(168)) - Added Volume : /home/runner/work/ozone/ozone/hadoop-ozone/integration-test/target/test-dir/MiniOzoneClusterImpl-db3b6155-0a61-4c23-9e75-9b22dbc84111/datanode-4/data/ratis to VolumeSet
2022-04-24 04:18:07,152 [Listener at 127.0.0.1/37371] INFO  volume.ThrottledAsyncChecker (ThrottledAsyncChecker.java:schedule(141)) - Scheduling a check for /home/runner/work/ozone/ozone/hadoop-ozone/integration-test/target/test-dir/MiniOzoneClusterImpl-db3b6155-0a61-4c23-9e75-9b22dbc84111/datanode-4/data/ratis
2022-04-24 04:18:07,152 [Listener at 127.0.0.1/37371] INFO  volume.StorageVolumeChecker (StorageVolumeChecker.java:checkAllVolumes(202)) - Scheduled health check for volume /home/runner/work/ozone/ozone/hadoop-ozone/integration-test/target/test-dir/MiniOzoneClusterImpl-db3b6155-0a61-4c23-9e75-9b22dbc84111/datanode-4/data/ratis
2022-04-24 04:18:07,162 [Thread-1385] INFO  ozoneimpl.ContainerReader (ContainerReader.java:readVolume(172)) - Finish verifying containers on volume /home/runner/work/ozone/ozone/hadoop-ozone/integration-test/target/test-dir/MiniOzoneClusterImpl-db3b6155-0a61-4c23-9e75-9b22dbc84111/datanode-4/data-0/containers/hdds
2022-04-24 04:18:07,162 [Listener at 127.0.0.1/37371] INFO  ozoneimpl.OzoneContainer (OzoneContainer.java:buildContainerSet(257)) - Build ContainerSet costs 0s
2022-04-24 04:18:07,164 [Listener at 127.0.0.1/37371] INFO  server.RaftServer (ConfUtils.java:logGet(44)) - raft.rpc.type = GRPC (default)
2022-04-24 04:18:07,164 [Listener at 127.0.0.1/37371] INFO  grpc.GrpcFactory (GrpcFactory.java:checkPooledByteBufAllocatorUseCacheForAllThreads(48)) - PERFORMANCE WARNING: useCacheForAllThreads is true that may cause Netty to create a lot garbage objects and, as a result, trigger GC.
	It is recommended to disable useCacheForAllThreads by setting -Dorg.apache.ratis.thirdparty.io.netty.allocator.useCacheForAllThreads=false in command line.
2022-04-24 04:18:07,164 [Listener at 127.0.0.1/37371] INFO  grpc.GrpcConfigKeys (ConfUtils.java:logGet(44)) - raft.grpc.admin.port = 0 (custom)
2022-04-24 04:18:07,164 [Listener at 127.0.0.1/37371] INFO  grpc.GrpcConfigKeys (ConfUtils.java:logGet(44)) - raft.grpc.client.port = 0 (custom)
2022-04-24 04:18:07,165 [Listener at 127.0.0.1/37371] INFO  grpc.GrpcConfigKeys (ConfUtils.java:logGet(44)) - raft.grpc.server.port = 0 (default)
2022-04-24 04:18:07,165 [Listener at 127.0.0.1/37371] INFO  server.GrpcService (ConfUtils.java:logGet(44)) - raft.grpc.message.size.max = 32MB (=33554432) (custom)
2022-04-24 04:18:07,165 [Listener at 127.0.0.1/37371] INFO  server.RaftServerConfigKeys (ConfUtils.java:logGet(44)) - raft.server.log.appender.buffer.byte-limit = 33554432 (custom)
2022-04-24 04:18:07,165 [Listener at 127.0.0.1/37371] INFO  server.GrpcService (ConfUtils.java:logGet(44)) - raft.grpc.flow.control.window = 5MB (=5242880) (custom)
2022-04-24 04:18:07,165 [Listener at 127.0.0.1/37371] INFO  server.RaftServerConfigKeys (ConfUtils.java:logGet(44)) - raft.server.rpc.request.timeout = 60s (custom)
2022-04-24 04:18:07,166 [Listener at 127.0.0.1/37371] INFO  impl.DataStreamServerImpl (ConfUtils.java:logGet(44)) - raft.datastream.type = DISABLED (default)
2022-04-24 04:18:07,166 [Listener at 127.0.0.1/37371] INFO  server.RaftServerConfigKeys (ConfUtils.java:logGet(44)) - raft.server.rpc.slowness.timeout = 300s (custom)
2022-04-24 04:18:07,166 [Listener at 127.0.0.1/37371] INFO  server.RaftServerConfigKeys (ConfUtils.java:logGet(44)) - raft.server.leaderelection.leader.step-down.wait-time = 10s (default)
2022-04-24 04:18:07,166 [Listener at 127.0.0.1/37371] INFO  server.RaftServerConfigKeys (ConfUtils.java:logGet(44)) - raft.server.storage.dir = [/home/runner/work/ozone/ozone/hadoop-ozone/integration-test/target/test-dir/MiniOzoneClusterImpl-db3b6155-0a61-4c23-9e75-9b22dbc84111/datanode-4/data/ratis] (custom)
2022-04-24 04:18:07,167 [Listener at 127.0.0.1/37371] INFO  server.XceiverServerGrpc (XceiverServerGrpc.java:<init>(132)) - GrpcServer channel type EpollServerSocketChannel
2022-04-24 04:18:07,169 [Listener at 127.0.0.1/37371] INFO  http.BaseHttpServer (BaseHttpServer.java:newHttpServer2BuilderForOzone(209)) - Starting Web-server for hddsDatanode at: http://0.0.0.0:0
2022-04-24 04:18:07,169 [Listener at 127.0.0.1/37371] INFO  http.BaseHttpServer (BaseHttpServer.java:<init>(107)) - Hadoop Security Enabled: false Ozone Security Enabled: false Ozone HTTP Security Enabled: false 
2022-04-24 04:18:07,170 [Listener at 127.0.0.1/37371] INFO  server.AuthenticationFilter (AuthenticationFilter.java:constructSecretProvider(240)) - Unable to initialize FileSignerSecretProvider, falling back to use random secrets.
2022-04-24 04:18:07,171 [Listener at 127.0.0.1/37371] WARN  http.HttpRequestLog (HttpRequestLog.java:getRequestLog(103)) - Jetty request log can only be enabled using Log4j
2022-04-24 04:18:07,171 [Listener at 127.0.0.1/37371] INFO  http.HttpServer2 (HttpServer2.java:addGlobalFilter(1030)) - Added global filter 'safety' (class=org.apache.hadoop.hdds.server.http.HttpServer2$QuotingInputFilter)
2022-04-24 04:18:07,172 [Listener at 127.0.0.1/37371] INFO  http.HttpServer2 (HttpServer2.java:addFilter(1006)) - Added filter static_user_filter (class=org.apache.hadoop.http.lib.StaticUserWebFilter$StaticUserFilter) to context hddsDatanode
2022-04-24 04:18:07,172 [Listener at 127.0.0.1/37371] INFO  http.HttpServer2 (HttpServer2.java:addFilter(1014)) - Added filter static_user_filter (class=org.apache.hadoop.http.lib.StaticUserWebFilter$StaticUserFilter) to context static
2022-04-24 04:18:07,172 [Listener at 127.0.0.1/37371] INFO  http.HttpServer2 (HttpServer2.java:addFilter(1014)) - Added filter static_user_filter (class=org.apache.hadoop.http.lib.StaticUserWebFilter$StaticUserFilter) to context logs
2022-04-24 04:18:07,172 [Listener at 127.0.0.1/37371] INFO  http.HttpServer2 (HttpServer2.java:bindListener(1249)) - Jetty bound to port 36077
2022-04-24 04:18:07,172 [Listener at 127.0.0.1/37371] INFO  server.Server (Server.java:doStart(375)) - jetty-9.4.43.v20210629; built: 2021-06-30T11:07:22.254Z; git: 526006ecfa3af7f1a27ef3a288e2bef7ea9dd7e8; jvm 1.8.0_322-b06
2022-04-24 04:18:07,222 [Listener at 127.0.0.1/37371] INFO  server.session (DefaultSessionIdManager.java:doStart(334)) - DefaultSessionIdManager workerName=node0
2022-04-24 04:18:07,222 [Listener at 127.0.0.1/37371] INFO  server.session (DefaultSessionIdManager.java:doStart(339)) - No SessionScavenger set, using defaults
2022-04-24 04:18:07,222 [Listener at 127.0.0.1/37371] INFO  server.session (HouseKeeper.java:startScavenging(132)) - node0 Scavenging every 660000ms
2022-04-24 04:18:07,223 [Listener at 127.0.0.1/37371] INFO  handler.ContextHandler (ContextHandler.java:doStart(915)) - Started o.e.j.s.ServletContextHandler@5e421025{logs,/logs,file:///home/runner/work/ozone/ozone/hadoop-ozone/integration-test/target/log,AVAILABLE}
2022-04-24 04:18:07,223 [Listener at 127.0.0.1/37371] INFO  handler.ContextHandler (ContextHandler.java:doStart(915)) - Started o.e.j.s.ServletContextHandler@10635355{static,/static,jar:file:/home/runner/.m2/repository/org/apache/ozone/hdds-container-service/1.3.0-SNAPSHOT/hdds-container-service-1.3.0-SNAPSHOT.jar!/webapps/static,AVAILABLE}
2022-04-24 04:18:07,328 [Listener at 127.0.0.1/37371] INFO  handler.ContextHandler (ContextHandler.java:doStart(915)) - Started o.e.j.w.WebAppContext@2bba8eeb{hddsDatanode,/,file:///tmp/jetty-0_0_0_0-36077-hdds-container-service-1_3_0-SNAPSHOT_jar-_-any-3104950094426368702/webapp/,AVAILABLE}{jar:file:/home/runner/.m2/repository/org/apache/ozone/hdds-container-service/1.3.0-SNAPSHOT/hdds-container-service-1.3.0-SNAPSHOT.jar!/webapps/hddsDatanode}
2022-04-24 04:18:07,333 [Listener at 127.0.0.1/37371] INFO  server.AbstractConnector (AbstractConnector.java:doStart(331)) - Started ServerConnector@5d573615{HTTP/1.1, (http/1.1)}{0.0.0.0:36077}
2022-04-24 04:18:07,333 [Listener at 127.0.0.1/37371] INFO  server.Server (Server.java:doStart(415)) - Started @204385ms
2022-04-24 04:18:07,333 [Listener at 127.0.0.1/37371] WARN  impl.MetricsSystemImpl (MetricsSystemImpl.java:register(279)) - Sink prometheus already exists!
2022-04-24 04:18:07,334 [Listener at 127.0.0.1/37371] INFO  http.BaseHttpServer (BaseHttpServer.java:updateConnectorAddress(329)) - HTTP server of hddsDatanode listening at http://0.0.0.0:36077
2022-04-24 04:18:07,337 [Listener at 127.0.0.1/37371] INFO  ozone.MiniOzoneClusterImpl (MiniOzoneClusterImpl.java:lambda$waitForClusterToBeReady$0(221)) - Waiting for nodes to be ready. Got 0 of 5 DN Heartbeats.
2022-04-24 04:18:07,338 [Listener at 127.0.0.1/37371] INFO  ozone.MiniOzoneClusterImpl (MiniOzoneClusterImpl.java:lambda$waitForClusterToBeReady$0(224)) - Waiting for cluster to exit safe mode
2022-04-24 04:18:07,338 [Listener at 127.0.0.1/37371] INFO  ozone.MiniOzoneClusterImpl (MiniOzoneClusterImpl.java:lambda$waitForClusterToBeReady$0(226)) - SCM became leader
2022-04-24 04:18:07,338 [Datanode State Machine Daemon Thread] INFO  statemachine.DatanodeStateMachine (DatanodeStateMachine.java:lambda$startDaemon$0(472)) - Ozone container server started.
2022-04-24 04:18:07,417 [org.apache.hadoop.util.JvmPauseMonitor$Monitor@6053fcb8] INFO  util.JvmPauseMonitor (JvmPauseMonitor.java:run(188)) - Starting JVM pause monitor
2022-04-24 04:18:07,439 [EndpointStateMachine task thread for /0.0.0.0:44153 - 0 ] INFO  ozoneimpl.OzoneContainer (OzoneContainer.java:start(335)) - Attempting to start container services.
2022-04-24 04:18:07,440 [EndpointStateMachine task thread for /0.0.0.0:44153 - 0 ] INFO  ozoneimpl.OzoneContainer (OzoneContainer.java:startContainerScrub(270)) - Background container scanner has been disabled.
2022-04-24 04:18:07,457 [EndpointStateMachine task thread for /0.0.0.0:44153 - 0 ] INFO  replication.ReplicationServer (ReplicationServer.java:start(111)) - ReplicationServer is started using port 42317
2022-04-24 04:18:07,463 [EndpointStateMachine task thread for /0.0.0.0:44153 - 0 ] INFO  ratis.XceiverServerRatis (XceiverServerRatis.java:start(481)) - Starting XceiverServerRatis d419d700-ddf7-43da-8a6c-bfb8eedae9d7
2022-04-24 04:18:07,464 [EndpointStateMachine task thread for /0.0.0.0:44153 - 0 ] INFO  server.RaftServer (RaftServerProxy.java:lambda$start$5(374)) - d419d700-ddf7-43da-8a6c-bfb8eedae9d7: start RPC server
2022-04-24 04:18:07,483 [Datanode State Machine Task Thread - 0] INFO  datanode.InitDatanodeState (InitDatanodeState.java:persistContainerDatanodeDetails(138)) - DatanodeDetails is persisted to /home/runner/work/ozone/ozone/hadoop-ozone/integration-test/target/test-dir/MiniOzoneClusterImpl-db3b6155-0a61-4c23-9e75-9b22dbc84111/datanode-4/meta/datanode.id
2022-04-24 04:18:07,489 [EndpointStateMachine task thread for /0.0.0.0:44153 - 0 ] INFO  server.GrpcService (GrpcService.java:startImpl(253)) - d419d700-ddf7-43da-8a6c-bfb8eedae9d7: GrpcService started, listening on 39835
2022-04-24 04:18:07,506 [EndpointStateMachine task thread for /0.0.0.0:44153 - 0 ] INFO  ratis.XceiverServerRatis (XceiverServerRatis.java:getRealPort(502)) - XceiverServerRatis d419d700-ddf7-43da-8a6c-bfb8eedae9d7 is started using port 39835 for RATIS
2022-04-24 04:18:07,506 [EndpointStateMachine task thread for /0.0.0.0:44153 - 0 ] INFO  ratis.XceiverServerRatis (XceiverServerRatis.java:getRealPort(502)) - XceiverServerRatis d419d700-ddf7-43da-8a6c-bfb8eedae9d7 is started using port 39835 for RATIS_ADMIN
2022-04-24 04:18:07,506 [EndpointStateMachine task thread for /0.0.0.0:44153 - 0 ] INFO  ratis.XceiverServerRatis (XceiverServerRatis.java:getRealPort(502)) - XceiverServerRatis d419d700-ddf7-43da-8a6c-bfb8eedae9d7 is started using port 39835 for RATIS_SERVER
2022-04-24 04:18:07,507 [org.apache.ratis.util.JvmPauseMonitor$$Lambda$580/177642409@11761e2] INFO  util.JvmPauseMonitor (JvmPauseMonitor.java:run(103)) - JvmPauseMonitor-d419d700-ddf7-43da-8a6c-bfb8eedae9d7: Started
2022-04-24 04:18:07,509 [EndpointStateMachine task thread for /0.0.0.0:44153 - 0 ] INFO  server.XceiverServerGrpc (XceiverServerGrpc.java:start(180)) - XceiverServerGrpc d419d700-ddf7-43da-8a6c-bfb8eedae9d7 is started using port 44977
2022-04-24 04:18:07,841 [EndpointStateMachine task thread for /0.0.0.0:44153 - 0 ] INFO  ozoneimpl.OzoneContainer (OzoneContainer.java:start(335)) - Attempting to start container services.
2022-04-24 04:18:07,841 [EndpointStateMachine task thread for /0.0.0.0:44153 - 0 ] INFO  ozoneimpl.OzoneContainer (OzoneContainer.java:startContainerScrub(270)) - Background container scanner has been disabled.
2022-04-24 04:18:07,842 [EndpointStateMachine task thread for /0.0.0.0:44153 - 0 ] INFO  replication.ReplicationServer (ReplicationServer.java:start(111)) - ReplicationServer is started using port 40473
2022-04-24 04:18:07,856 [EndpointStateMachine task thread for /0.0.0.0:44153 - 0 ] INFO  ratis.XceiverServerRatis (XceiverServerRatis.java:start(481)) - Starting XceiverServerRatis 438da751-ffe1-4787-af39-168936e85d29
2022-04-24 04:18:07,859 [EndpointStateMachine task thread for /0.0.0.0:44153 - 0 ] INFO  server.RaftServer (RaftServerProxy.java:lambda$start$5(374)) - 438da751-ffe1-4787-af39-168936e85d29: start RPC server
2022-04-24 04:18:07,860 [EndpointStateMachine task thread for /0.0.0.0:44153 - 0 ] INFO  server.GrpcService (GrpcService.java:startImpl(253)) - 438da751-ffe1-4787-af39-168936e85d29: GrpcService started, listening on 45355
2022-04-24 04:18:07,860 [EndpointStateMachine task thread for /0.0.0.0:44153 - 0 ] INFO  ratis.XceiverServerRatis (XceiverServerRatis.java:getRealPort(502)) - XceiverServerRatis 438da751-ffe1-4787-af39-168936e85d29 is started using port 45355 for RATIS
2022-04-24 04:18:07,860 [EndpointStateMachine task thread for /0.0.0.0:44153 - 0 ] INFO  ratis.XceiverServerRatis (XceiverServerRatis.java:getRealPort(502)) - XceiverServerRatis 438da751-ffe1-4787-af39-168936e85d29 is started using port 45355 for RATIS_ADMIN
2022-04-24 04:18:07,860 [EndpointStateMachine task thread for /0.0.0.0:44153 - 0 ] INFO  ratis.XceiverServerRatis (XceiverServerRatis.java:getRealPort(502)) - XceiverServerRatis 438da751-ffe1-4787-af39-168936e85d29 is started using port 45355 for RATIS_SERVER
2022-04-24 04:18:07,860 [org.apache.ratis.util.JvmPauseMonitor$$Lambda$580/177642409@d26dcda] INFO  util.JvmPauseMonitor (JvmPauseMonitor.java:run(103)) - JvmPauseMonitor-438da751-ffe1-4787-af39-168936e85d29: Started
2022-04-24 04:18:07,861 [EndpointStateMachine task thread for /0.0.0.0:44153 - 0 ] INFO  server.XceiverServerGrpc (XceiverServerGrpc.java:start(180)) - XceiverServerGrpc 438da751-ffe1-4787-af39-168936e85d29 is started using port 38113
2022-04-24 04:18:08,302 [EndpointStateMachine task thread for /0.0.0.0:44153 - 0 ] INFO  ozoneimpl.OzoneContainer (OzoneContainer.java:start(335)) - Attempting to start container services.
2022-04-24 04:18:08,302 [EndpointStateMachine task thread for /0.0.0.0:44153 - 0 ] INFO  ozoneimpl.OzoneContainer (OzoneContainer.java:startContainerScrub(270)) - Background container scanner has been disabled.
2022-04-24 04:18:08,312 [EndpointStateMachine task thread for /0.0.0.0:44153 - 0 ] INFO  replication.ReplicationServer (ReplicationServer.java:start(111)) - ReplicationServer is started using port 38659
2022-04-24 04:18:08,330 [EndpointStateMachine task thread for /0.0.0.0:44153 - 0 ] INFO  ratis.XceiverServerRatis (XceiverServerRatis.java:start(481)) - Starting XceiverServerRatis 3c8f196b-f336-4cca-b7e0-24f945f171e6
2022-04-24 04:18:08,331 [EndpointStateMachine task thread for /0.0.0.0:44153 - 0 ] INFO  server.RaftServer (RaftServerProxy.java:lambda$start$5(374)) - 3c8f196b-f336-4cca-b7e0-24f945f171e6: start RPC server
2022-04-24 04:18:08,331 [EndpointStateMachine task thread for /0.0.0.0:44153 - 0 ] INFO  server.GrpcService (GrpcService.java:startImpl(253)) - 3c8f196b-f336-4cca-b7e0-24f945f171e6: GrpcService started, listening on 39931
2022-04-24 04:18:08,332 [EndpointStateMachine task thread for /0.0.0.0:44153 - 0 ] INFO  ratis.XceiverServerRatis (XceiverServerRatis.java:getRealPort(502)) - XceiverServerRatis 3c8f196b-f336-4cca-b7e0-24f945f171e6 is started using port 39931 for RATIS
2022-04-24 04:18:08,332 [EndpointStateMachine task thread for /0.0.0.0:44153 - 0 ] INFO  ratis.XceiverServerRatis (XceiverServerRatis.java:getRealPort(502)) - XceiverServerRatis 3c8f196b-f336-4cca-b7e0-24f945f171e6 is started using port 39931 for RATIS_ADMIN
2022-04-24 04:18:08,332 [EndpointStateMachine task thread for /0.0.0.0:44153 - 0 ] INFO  ratis.XceiverServerRatis (XceiverServerRatis.java:getRealPort(502)) - XceiverServerRatis 3c8f196b-f336-4cca-b7e0-24f945f171e6 is started using port 39931 for RATIS_SERVER
2022-04-24 04:18:08,332 [org.apache.ratis.util.JvmPauseMonitor$$Lambda$580/177642409@1d2f09bc] INFO  util.JvmPauseMonitor (JvmPauseMonitor.java:run(103)) - JvmPauseMonitor-3c8f196b-f336-4cca-b7e0-24f945f171e6: Started
2022-04-24 04:18:08,340 [Listener at 127.0.0.1/37371] INFO  ozone.MiniOzoneClusterImpl (MiniOzoneClusterImpl.java:lambda$waitForClusterToBeReady$0(221)) - Waiting for nodes to be ready. Got 0 of 5 DN Heartbeats.
2022-04-24 04:18:08,340 [Listener at 127.0.0.1/37371] INFO  ozone.MiniOzoneClusterImpl (MiniOzoneClusterImpl.java:lambda$waitForClusterToBeReady$0(224)) - Waiting for cluster to exit safe mode
2022-04-24 04:18:08,340 [Listener at 127.0.0.1/37371] INFO  ozone.MiniOzoneClusterImpl (MiniOzoneClusterImpl.java:lambda$waitForClusterToBeReady$0(226)) - SCM became leader
2022-04-24 04:18:08,365 [EndpointStateMachine task thread for /0.0.0.0:44153 - 0 ] INFO  server.XceiverServerGrpc (XceiverServerGrpc.java:start(180)) - XceiverServerGrpc 3c8f196b-f336-4cca-b7e0-24f945f171e6 is started using port 33573
2022-04-24 04:18:08,888 [EndpointStateMachine task thread for /0.0.0.0:44153 - 0 ] INFO  ozoneimpl.OzoneContainer (OzoneContainer.java:start(335)) - Attempting to start container services.
2022-04-24 04:18:08,888 [EndpointStateMachine task thread for /0.0.0.0:44153 - 0 ] INFO  ozoneimpl.OzoneContainer (OzoneContainer.java:startContainerScrub(270)) - Background container scanner has been disabled.
2022-04-24 04:18:08,888 [EndpointStateMachine task thread for /0.0.0.0:44153 - 0 ] INFO  replication.ReplicationServer (ReplicationServer.java:start(111)) - ReplicationServer is started using port 40509
2022-04-24 04:18:08,923 [EndpointStateMachine task thread for /0.0.0.0:44153 - 0 ] INFO  ratis.XceiverServerRatis (XceiverServerRatis.java:start(481)) - Starting XceiverServerRatis 91aa9fd6-1503-4ed0-96fb-fc9682767c9f
2022-04-24 04:18:08,930 [EndpointStateMachine task thread for /0.0.0.0:44153 - 0 ] INFO  server.RaftServer (RaftServerProxy.java:lambda$start$5(374)) - 91aa9fd6-1503-4ed0-96fb-fc9682767c9f: start RPC server
2022-04-24 04:18:08,930 [EndpointStateMachine task thread for /0.0.0.0:44153 - 0 ] INFO  server.GrpcService (GrpcService.java:startImpl(253)) - 91aa9fd6-1503-4ed0-96fb-fc9682767c9f: GrpcService started, listening on 33579
2022-04-24 04:18:08,931 [EndpointStateMachine task thread for /0.0.0.0:44153 - 0 ] INFO  ratis.XceiverServerRatis (XceiverServerRatis.java:getRealPort(502)) - XceiverServerRatis 91aa9fd6-1503-4ed0-96fb-fc9682767c9f is started using port 33579 for RATIS
2022-04-24 04:18:08,931 [EndpointStateMachine task thread for /0.0.0.0:44153 - 0 ] INFO  ratis.XceiverServerRatis (XceiverServerRatis.java:getRealPort(502)) - XceiverServerRatis 91aa9fd6-1503-4ed0-96fb-fc9682767c9f is started using port 33579 for RATIS_ADMIN
2022-04-24 04:18:08,931 [EndpointStateMachine task thread for /0.0.0.0:44153 - 0 ] INFO  ratis.XceiverServerRatis (XceiverServerRatis.java:getRealPort(502)) - XceiverServerRatis 91aa9fd6-1503-4ed0-96fb-fc9682767c9f is started using port 33579 for RATIS_SERVER
2022-04-24 04:18:08,931 [org.apache.ratis.util.JvmPauseMonitor$$Lambda$580/177642409@424fed23] INFO  util.JvmPauseMonitor (JvmPauseMonitor.java:run(103)) - JvmPauseMonitor-91aa9fd6-1503-4ed0-96fb-fc9682767c9f: Started
2022-04-24 04:18:08,931 [EndpointStateMachine task thread for /0.0.0.0:44153 - 0 ] INFO  server.XceiverServerGrpc (XceiverServerGrpc.java:start(180)) - XceiverServerGrpc 91aa9fd6-1503-4ed0-96fb-fc9682767c9f is started using port 38559
2022-04-24 04:18:09,341 [Listener at 127.0.0.1/37371] INFO  ozone.MiniOzoneClusterImpl (MiniOzoneClusterImpl.java:lambda$waitForClusterToBeReady$0(221)) - Waiting for nodes to be ready. Got 0 of 5 DN Heartbeats.
2022-04-24 04:18:09,341 [Listener at 127.0.0.1/37371] INFO  ozone.MiniOzoneClusterImpl (MiniOzoneClusterImpl.java:lambda$waitForClusterToBeReady$0(224)) - Waiting for cluster to exit safe mode
2022-04-24 04:18:09,341 [Listener at 127.0.0.1/37371] INFO  ozone.MiniOzoneClusterImpl (MiniOzoneClusterImpl.java:lambda$waitForClusterToBeReady$0(226)) - SCM became leader
2022-04-24 04:18:09,383 [IPC Server handler 17 on default port 44153] INFO  net.NetworkTopologyImpl (NetworkTopologyImpl.java:add(112)) - Added a new node: /default-rack/d419d700-ddf7-43da-8a6c-bfb8eedae9d7
2022-04-24 04:18:09,383 [IPC Server handler 17 on default port 44153] INFO  node.SCMNodeManager (SCMNodeManager.java:register(391)) - Registered Data node : d419d700-ddf7-43da-8a6c-bfb8eedae9d7{ip: 10.1.0.15, host: fv-az50-870.grzltbmokehuzjyc5b133kdqgh.cx.internal.cloudapp.net, ports: [REPLICATION=42317, RATIS=39835, RATIS_ADMIN=39835, RATIS_SERVER=39835, STANDALONE=44977], networkLocation: /default-rack, certSerialId: null, persistedOpState: null, persistedOpStateExpiryEpochSec: 0}
2022-04-24 04:18:09,401 [EventQueue-NodeRegistrationContainerReportForContainerSafeModeRule] INFO  safemode.SCMSafeModeManager (SCMSafeModeManager.java:validateSafeModeExitRules(204)) - ContainerSafeModeRule rule is successfully validated
2022-04-24 04:18:09,408 [EventQueue-NodeRegistrationContainerReportForDataNodeSafeModeRule] INFO  safemode.SCMSafeModeManager (DataNodeSafeModeRule.java:process(71)) - SCM in safe mode. 1 DataNodes registered, 3 required.
2022-04-24 04:18:09,434 [EventQueue-PipelineReportForOneReplicaPipelineSafeModeRule] INFO  safemode.SCMSafeModeManager (SCMSafeModeManager.java:validateSafeModeExitRules(204)) - AtleastOneDatanodeReportedRule rule is successfully validated
2022-04-24 04:18:09,434 [EventQueue-NewNodeForNewNodeHandler] INFO  pipeline.BackgroundPipelineCreator (BackgroundPipelineCreator.java:notifyEventTriggered(284)) - trigger a one-shot run on RatisPipelineUtilsThread.
2022-04-24 04:18:09,443 [RatisPipelineUtilsThread - 0] INFO  pipeline.RatisPipelineProvider (RatisPipelineProvider.java:lambda$create$0(195)) - Sending CreatePipelineCommand for pipeline:PipelineID=7c29cc92-bf21-4148-b792-34d86a5464d3 to datanode:d419d700-ddf7-43da-8a6c-bfb8eedae9d7
2022-04-24 04:18:09,445 [RatisPipelineUtilsThread - 0] INFO  pipeline.PipelineStateManagerImpl (PipelineStateManagerImpl.java:addPipeline(101)) - Created pipeline Pipeline[ Id: 7c29cc92-bf21-4148-b792-34d86a5464d3, Nodes: d419d700-ddf7-43da-8a6c-bfb8eedae9d7{ip: 10.1.0.15, host: fv-az50-870.grzltbmokehuzjyc5b133kdqgh.cx.internal.cloudapp.net, ports: [REPLICATION=42317, RATIS=39835, RATIS_ADMIN=39835, RATIS_SERVER=39835, STANDALONE=44977], networkLocation: /default-rack, certSerialId: null, persistedOpState: IN_SERVICE, persistedOpStateExpiryEpochSec: 0}, ReplicationConfig: RATIS/ONE, State:ALLOCATED, leaderId:, CreationTimestamp2022-04-24T04:18:09.443Z[Etc/UTC]].
2022-04-24 04:18:09,452 [EndpointStateMachine task thread for /0.0.0.0:44153 - 0 ] INFO  ozoneimpl.OzoneContainer (OzoneContainer.java:start(335)) - Attempting to start container services.
2022-04-24 04:18:09,452 [EndpointStateMachine task thread for /0.0.0.0:44153 - 0 ] INFO  ozoneimpl.OzoneContainer (OzoneContainer.java:startContainerScrub(270)) - Background container scanner has been disabled.
2022-04-24 04:18:09,453 [EndpointStateMachine task thread for /0.0.0.0:44153 - 0 ] INFO  replication.ReplicationServer (ReplicationServer.java:start(111)) - ReplicationServer is started using port 36445
2022-04-24 04:18:09,478 [EndpointStateMachine task thread for /0.0.0.0:44153 - 0 ] INFO  ratis.XceiverServerRatis (XceiverServerRatis.java:start(481)) - Starting XceiverServerRatis 9d71fcab-e36c-460d-857b-bb54f2584166
2022-04-24 04:18:09,496 [EndpointStateMachine task thread for /0.0.0.0:44153 - 0 ] INFO  server.RaftServer (RaftServerProxy.java:lambda$start$5(374)) - 9d71fcab-e36c-460d-857b-bb54f2584166: start RPC server
2022-04-24 04:18:09,501 [EndpointStateMachine task thread for /0.0.0.0:44153 - 0 ] INFO  server.GrpcService (GrpcService.java:startImpl(253)) - 9d71fcab-e36c-460d-857b-bb54f2584166: GrpcService started, listening on 37105
2022-04-24 04:18:09,510 [EndpointStateMachine task thread for /0.0.0.0:44153 - 0 ] INFO  ratis.XceiverServerRatis (XceiverServerRatis.java:getRealPort(502)) - XceiverServerRatis 9d71fcab-e36c-460d-857b-bb54f2584166 is started using port 37105 for RATIS
2022-04-24 04:18:09,510 [EndpointStateMachine task thread for /0.0.0.0:44153 - 0 ] INFO  ratis.XceiverServerRatis (XceiverServerRatis.java:getRealPort(502)) - XceiverServerRatis 9d71fcab-e36c-460d-857b-bb54f2584166 is started using port 37105 for RATIS_ADMIN
2022-04-24 04:18:09,510 [EndpointStateMachine task thread for /0.0.0.0:44153 - 0 ] INFO  ratis.XceiverServerRatis (XceiverServerRatis.java:getRealPort(502)) - XceiverServerRatis 9d71fcab-e36c-460d-857b-bb54f2584166 is started using port 37105 for RATIS_SERVER
2022-04-24 04:18:09,510 [org.apache.ratis.util.JvmPauseMonitor$$Lambda$580/177642409@73a07018] INFO  util.JvmPauseMonitor (JvmPauseMonitor.java:run(103)) - JvmPauseMonitor-9d71fcab-e36c-460d-857b-bb54f2584166: Started
2022-04-24 04:18:09,542 [EndpointStateMachine task thread for /0.0.0.0:44153 - 0 ] INFO  server.XceiverServerGrpc (XceiverServerGrpc.java:start(180)) - XceiverServerGrpc 9d71fcab-e36c-460d-857b-bb54f2584166 is started using port 43633
2022-04-24 04:18:09,828 [IPC Server handler 18 on default port 44153] INFO  net.NetworkTopologyImpl (NetworkTopologyImpl.java:add(112)) - Added a new node: /default-rack/438da751-ffe1-4787-af39-168936e85d29
2022-04-24 04:18:09,829 [IPC Server handler 18 on default port 44153] INFO  node.SCMNodeManager (SCMNodeManager.java:register(391)) - Registered Data node : 438da751-ffe1-4787-af39-168936e85d29{ip: 10.1.0.15, host: fv-az50-870.grzltbmokehuzjyc5b133kdqgh.cx.internal.cloudapp.net, ports: [REPLICATION=40473, RATIS=45355, RATIS_ADMIN=45355, RATIS_SERVER=45355, STANDALONE=38113], networkLocation: /default-rack, certSerialId: null, persistedOpState: null, persistedOpStateExpiryEpochSec: 0}
2022-04-24 04:18:09,829 [EventQueue-NewNodeForNewNodeHandler] INFO  pipeline.BackgroundPipelineCreator (BackgroundPipelineCreator.java:notifyEventTriggered(284)) - trigger a one-shot run on RatisPipelineUtilsThread.
2022-04-24 04:18:09,833 [EventQueue-NodeRegistrationContainerReportForDataNodeSafeModeRule] INFO  safemode.SCMSafeModeManager (DataNodeSafeModeRule.java:process(71)) - SCM in safe mode. 2 DataNodes registered, 3 required.
2022-04-24 04:18:09,834 [RatisPipelineUtilsThread - 0] INFO  pipeline.RatisPipelineProvider (RatisPipelineProvider.java:lambda$create$0(195)) - Sending CreatePipelineCommand for pipeline:PipelineID=e970c54d-f6e5-433b-8e20-61dc4a925ab4 to datanode:438da751-ffe1-4787-af39-168936e85d29
2022-04-24 04:18:09,835 [RatisPipelineUtilsThread - 0] INFO  pipeline.PipelineStateManagerImpl (PipelineStateManagerImpl.java:addPipeline(101)) - Created pipeline Pipeline[ Id: e970c54d-f6e5-433b-8e20-61dc4a925ab4, Nodes: 438da751-ffe1-4787-af39-168936e85d29{ip: 10.1.0.15, host: fv-az50-870.grzltbmokehuzjyc5b133kdqgh.cx.internal.cloudapp.net, ports: [REPLICATION=40473, RATIS=45355, RATIS_ADMIN=45355, RATIS_SERVER=45355, STANDALONE=38113], networkLocation: /default-rack, certSerialId: null, persistedOpState: IN_SERVICE, persistedOpStateExpiryEpochSec: 0}, ReplicationConfig: RATIS/ONE, State:ALLOCATED, leaderId:, CreationTimestamp2022-04-24T04:18:09.834Z[Etc/UTC]].
2022-04-24 04:18:10,272 [IPC Server handler 17 on default port 44153] INFO  net.NetworkTopologyImpl (NetworkTopologyImpl.java:add(112)) - Added a new node: /default-rack/3c8f196b-f336-4cca-b7e0-24f945f171e6
2022-04-24 04:18:10,273 [IPC Server handler 17 on default port 44153] INFO  node.SCMNodeManager (SCMNodeManager.java:register(391)) - Registered Data node : 3c8f196b-f336-4cca-b7e0-24f945f171e6{ip: 10.1.0.15, host: fv-az50-870.grzltbmokehuzjyc5b133kdqgh.cx.internal.cloudapp.net, ports: [REPLICATION=38659, RATIS=39931, RATIS_ADMIN=39931, RATIS_SERVER=39931, STANDALONE=33573], networkLocation: /default-rack, certSerialId: null, persistedOpState: null, persistedOpStateExpiryEpochSec: 0}
2022-04-24 04:18:10,273 [EventQueue-NewNodeForNewNodeHandler] INFO  pipeline.BackgroundPipelineCreator (BackgroundPipelineCreator.java:notifyEventTriggered(284)) - trigger a one-shot run on RatisPipelineUtilsThread.
2022-04-24 04:18:10,273 [EventQueue-NodeRegistrationContainerReportForDataNodeSafeModeRule] INFO  safemode.SCMSafeModeManager (DataNodeSafeModeRule.java:process(71)) - SCM in safe mode. 3 DataNodes registered, 3 required.
2022-04-24 04:18:10,275 [EventQueue-NodeRegistrationContainerReportForDataNodeSafeModeRule] INFO  safemode.SCMSafeModeManager (SCMSafeModeManager.java:validateSafeModeExitRules(204)) - DataNodeSafeModeRule rule is successfully validated
2022-04-24 04:18:10,275 [EventQueue-NodeRegistrationContainerReportForDataNodeSafeModeRule] INFO  safemode.SCMSafeModeManager (SCMSafeModeManager.java:completePreCheck(233)) - All SCM safe mode pre check rules have passed
2022-04-24 04:18:10,275 [EventQueue-NodeRegistrationContainerReportForDataNodeSafeModeRule] WARN  events.EventQueue (EventQueue.java:fireEvent(194)) - No event handler registered for event TypedEvent{payloadType=SafeModeStatus, name='Safe mode status'}
2022-04-24 04:18:10,275 [EventQueue-NodeRegistrationContainerReportForDataNodeSafeModeRule] INFO  ha.SCMContext (SCMContext.java:updateSafeModeStatus(211)) - Update SafeModeStatus from SafeModeStatus{safeModeStatus=true, preCheckPassed=false} to SafeModeStatus{safeModeStatus=true, preCheckPassed=true}.
2022-04-24 04:18:10,275 [EventQueue-NodeRegistrationContainerReportForDataNodeSafeModeRule] INFO  pipeline.BackgroundPipelineCreator (BackgroundPipelineCreator.java:notifyEventTriggered(284)) - trigger a one-shot run on RatisPipelineUtilsThread.
2022-04-24 04:18:10,275 [RatisPipelineUtilsThread - 0] INFO  pipeline.RatisPipelineProvider (RatisPipelineProvider.java:lambda$create$0(195)) - Sending CreatePipelineCommand for pipeline:PipelineID=dda22cb7-84ba-48c7-9457-d3d755bed7e4 to datanode:3c8f196b-f336-4cca-b7e0-24f945f171e6
2022-04-24 04:18:10,276 [RatisPipelineUtilsThread - 0] INFO  pipeline.PipelineStateManagerImpl (PipelineStateManagerImpl.java:addPipeline(101)) - Created pipeline Pipeline[ Id: dda22cb7-84ba-48c7-9457-d3d755bed7e4, Nodes: 3c8f196b-f336-4cca-b7e0-24f945f171e6{ip: 10.1.0.15, host: fv-az50-870.grzltbmokehuzjyc5b133kdqgh.cx.internal.cloudapp.net, ports: [REPLICATION=38659, RATIS=39931, RATIS_ADMIN=39931, RATIS_SERVER=39931, STANDALONE=33573], networkLocation: /default-rack, certSerialId: null, persistedOpState: IN_SERVICE, persistedOpStateExpiryEpochSec: 0}, ReplicationConfig: RATIS/ONE, State:ALLOCATED, leaderId:, CreationTimestamp2022-04-24T04:18:10.275Z[Etc/UTC]].
2022-04-24 04:18:10,276 [RatisPipelineUtilsThread - 0] INFO  pipeline.RatisPipelineProvider (RatisPipelineProvider.java:lambda$create$0(195)) - Sending CreatePipelineCommand for pipeline:PipelineID=15131b6b-0765-482f-94cc-a96aadb4029c to datanode:d419d700-ddf7-43da-8a6c-bfb8eedae9d7
2022-04-24 04:18:10,276 [RatisPipelineUtilsThread - 0] INFO  pipeline.RatisPipelineProvider (RatisPipelineProvider.java:lambda$create$0(195)) - Sending CreatePipelineCommand for pipeline:PipelineID=15131b6b-0765-482f-94cc-a96aadb4029c to datanode:438da751-ffe1-4787-af39-168936e85d29
2022-04-24 04:18:10,276 [RatisPipelineUtilsThread - 0] INFO  pipeline.RatisPipelineProvider (RatisPipelineProvider.java:lambda$create$0(195)) - Sending CreatePipelineCommand for pipeline:PipelineID=15131b6b-0765-482f-94cc-a96aadb4029c to datanode:3c8f196b-f336-4cca-b7e0-24f945f171e6
2022-04-24 04:18:10,276 [RatisPipelineUtilsThread - 0] INFO  pipeline.PipelineStateManagerImpl (PipelineStateManagerImpl.java:addPipeline(101)) - Created pipeline Pipeline[ Id: 15131b6b-0765-482f-94cc-a96aadb4029c, Nodes: d419d700-ddf7-43da-8a6c-bfb8eedae9d7{ip: 10.1.0.15, host: fv-az50-870.grzltbmokehuzjyc5b133kdqgh.cx.internal.cloudapp.net, ports: [REPLICATION=42317, RATIS=39835, RATIS_ADMIN=39835, RATIS_SERVER=39835, STANDALONE=44977], networkLocation: /default-rack, certSerialId: null, persistedOpState: IN_SERVICE, persistedOpStateExpiryEpochSec: 0}438da751-ffe1-4787-af39-168936e85d29{ip: 10.1.0.15, host: fv-az50-870.grzltbmokehuzjyc5b133kdqgh.cx.internal.cloudapp.net, ports: [REPLICATION=40473, RATIS=45355, RATIS_ADMIN=45355, RATIS_SERVER=45355, STANDALONE=38113], networkLocation: /default-rack, certSerialId: null, persistedOpState: IN_SERVICE, persistedOpStateExpiryEpochSec: 0}3c8f196b-f336-4cca-b7e0-24f945f171e6{ip: 10.1.0.15, host: fv-az50-870.grzltbmokehuzjyc5b133kdqgh.cx.internal.cloudapp.net, ports: [REPLICATION=38659, RATIS=39931, RATIS_ADMIN=39931, RATIS_SERVER=39931, STANDALONE=33573], networkLocation: /default-rack, certSerialId: null, persistedOpState: IN_SERVICE, persistedOpStateExpiryEpochSec: 0}, ReplicationConfig: RATIS/THREE, State:ALLOCATED, leaderId:, CreationTimestamp2022-04-24T04:18:10.276Z[Etc/UTC]].
2022-04-24 04:18:10,277 [RatisPipelineUtilsThread - 0] INFO  pipeline.RatisPipelineProvider (RatisPipelineProvider.java:lambda$create$0(195)) - Sending CreatePipelineCommand for pipeline:PipelineID=4fc68c91-64e9-4c3a-a9e1-61f8d1a464c8 to datanode:3c8f196b-f336-4cca-b7e0-24f945f171e6
2022-04-24 04:18:10,277 [RatisPipelineUtilsThread - 0] INFO  pipeline.RatisPipelineProvider (RatisPipelineProvider.java:lambda$create$0(195)) - Sending CreatePipelineCommand for pipeline:PipelineID=4fc68c91-64e9-4c3a-a9e1-61f8d1a464c8 to datanode:438da751-ffe1-4787-af39-168936e85d29
2022-04-24 04:18:10,277 [RatisPipelineUtilsThread - 0] INFO  pipeline.RatisPipelineProvider (RatisPipelineProvider.java:lambda$create$0(195)) - Sending CreatePipelineCommand for pipeline:PipelineID=4fc68c91-64e9-4c3a-a9e1-61f8d1a464c8 to datanode:d419d700-ddf7-43da-8a6c-bfb8eedae9d7
2022-04-24 04:18:10,277 [RatisPipelineUtilsThread - 0] INFO  pipeline.PipelineStateManagerImpl (PipelineStateManagerImpl.java:addPipeline(101)) - Created pipeline Pipeline[ Id: 4fc68c91-64e9-4c3a-a9e1-61f8d1a464c8, Nodes: 3c8f196b-f336-4cca-b7e0-24f945f171e6{ip: 10.1.0.15, host: fv-az50-870.grzltbmokehuzjyc5b133kdqgh.cx.internal.cloudapp.net, ports: [REPLICATION=38659, RATIS=39931, RATIS_ADMIN=39931, RATIS_SERVER=39931, STANDALONE=33573], networkLocation: /default-rack, certSerialId: null, persistedOpState: IN_SERVICE, persistedOpStateExpiryEpochSec: 0}438da751-ffe1-4787-af39-168936e85d29{ip: 10.1.0.15, host: fv-az50-870.grzltbmokehuzjyc5b133kdqgh.cx.internal.cloudapp.net, ports: [REPLICATION=40473, RATIS=45355, RATIS_ADMIN=45355, RATIS_SERVER=45355, STANDALONE=38113], networkLocation: /default-rack, certSerialId: null, persistedOpState: IN_SERVICE, persistedOpStateExpiryEpochSec: 0}d419d700-ddf7-43da-8a6c-bfb8eedae9d7{ip: 10.1.0.15, host: fv-az50-870.grzltbmokehuzjyc5b133kdqgh.cx.internal.cloudapp.net, ports: [REPLICATION=42317, RATIS=39835, RATIS_ADMIN=39835, RATIS_SERVER=39835, STANDALONE=44977], networkLocation: /default-rack, certSerialId: null, persistedOpState: IN_SERVICE, persistedOpStateExpiryEpochSec: 0}, ReplicationConfig: RATIS/THREE, State:ALLOCATED, leaderId:, CreationTimestamp2022-04-24T04:18:10.277Z[Etc/UTC]].
2022-04-24 04:18:10,277 [RatisPipelineUtilsThread - 0] INFO  pipeline.PipelineManagerImpl (PipelineManagerImpl.java:recordMetricsForPipeline(669)) - Pipeline: PipelineID=4fc68c91-64e9-4c3a-a9e1-61f8d1a464c8 contains same datanodes as previous pipelines: PipelineID=15131b6b-0765-482f-94cc-a96aadb4029c nodeIds: 3c8f196b-f336-4cca-b7e0-24f945f171e6, 438da751-ffe1-4787-af39-168936e85d29, d419d700-ddf7-43da-8a6c-bfb8eedae9d7
2022-04-24 04:18:10,341 [Listener at 127.0.0.1/37371] INFO  ozone.MiniOzoneClusterImpl (MiniOzoneClusterImpl.java:lambda$waitForClusterToBeReady$0(221)) - Waiting for nodes to be ready. Got 3 of 5 DN Heartbeats.
2022-04-24 04:18:10,343 [Listener at 127.0.0.1/37371] INFO  ozone.MiniOzoneClusterImpl (MiniOzoneClusterImpl.java:lambda$waitForClusterToBeReady$0(224)) - Waiting for cluster to exit safe mode
2022-04-24 04:18:10,343 [Listener at 127.0.0.1/37371] INFO  ozone.MiniOzoneClusterImpl (MiniOzoneClusterImpl.java:lambda$waitForClusterToBeReady$0(226)) - SCM became leader
2022-04-24 04:18:10,874 [IPC Server handler 17 on default port 44153] INFO  net.NetworkTopologyImpl (NetworkTopologyImpl.java:add(112)) - Added a new node: /default-rack/91aa9fd6-1503-4ed0-96fb-fc9682767c9f
2022-04-24 04:18:10,874 [IPC Server handler 17 on default port 44153] INFO  node.SCMNodeManager (SCMNodeManager.java:register(391)) - Registered Data node : 91aa9fd6-1503-4ed0-96fb-fc9682767c9f{ip: 10.1.0.15, host: fv-az50-870.grzltbmokehuzjyc5b133kdqgh.cx.internal.cloudapp.net, ports: [REPLICATION=40509, RATIS=33579, RATIS_ADMIN=33579, RATIS_SERVER=33579, STANDALONE=38559], networkLocation: /default-rack, certSerialId: null, persistedOpState: null, persistedOpStateExpiryEpochSec: 0}
2022-04-24 04:18:10,874 [EventQueue-NewNodeForNewNodeHandler] INFO  pipeline.BackgroundPipelineCreator (BackgroundPipelineCreator.java:notifyEventTriggered(284)) - trigger a one-shot run on RatisPipelineUtilsThread.
2022-04-24 04:18:10,875 [RatisPipelineUtilsThread - 0] INFO  pipeline.RatisPipelineProvider (RatisPipelineProvider.java:lambda$create$0(195)) - Sending CreatePipelineCommand for pipeline:PipelineID=de8f4323-ed8b-4c07-a25d-ad0516ceb88e to datanode:91aa9fd6-1503-4ed0-96fb-fc9682767c9f
2022-04-24 04:18:10,875 [RatisPipelineUtilsThread - 0] INFO  pipeline.PipelineStateManagerImpl (PipelineStateManagerImpl.java:addPipeline(101)) - Created pipeline Pipeline[ Id: de8f4323-ed8b-4c07-a25d-ad0516ceb88e, Nodes: 91aa9fd6-1503-4ed0-96fb-fc9682767c9f{ip: 10.1.0.15, host: fv-az50-870.grzltbmokehuzjyc5b133kdqgh.cx.internal.cloudapp.net, ports: [REPLICATION=40509, RATIS=33579, RATIS_ADMIN=33579, RATIS_SERVER=33579, STANDALONE=38559], networkLocation: /default-rack, certSerialId: null, persistedOpState: IN_SERVICE, persistedOpStateExpiryEpochSec: 0}, ReplicationConfig: RATIS/ONE, State:ALLOCATED, leaderId:, CreationTimestamp2022-04-24T04:18:10.875Z[Etc/UTC]].
2022-04-24 04:18:11,344 [Listener at 127.0.0.1/37371] INFO  ozone.MiniOzoneClusterImpl (MiniOzoneClusterImpl.java:lambda$waitForClusterToBeReady$0(221)) - Waiting for nodes to be ready. Got 4 of 5 DN Heartbeats.
2022-04-24 04:18:11,344 [Listener at 127.0.0.1/37371] INFO  ozone.MiniOzoneClusterImpl (MiniOzoneClusterImpl.java:lambda$waitForClusterToBeReady$0(224)) - Waiting for cluster to exit safe mode
2022-04-24 04:18:11,345 [Listener at 127.0.0.1/37371] INFO  ozone.MiniOzoneClusterImpl (MiniOzoneClusterImpl.java:lambda$waitForClusterToBeReady$0(226)) - SCM became leader
2022-04-24 04:18:11,421 [IPC Server handler 15 on default port 44153] INFO  net.NetworkTopologyImpl (NetworkTopologyImpl.java:add(112)) - Added a new node: /default-rack/9d71fcab-e36c-460d-857b-bb54f2584166
2022-04-24 04:18:11,423 [IPC Server handler 15 on default port 44153] INFO  node.SCMNodeManager (SCMNodeManager.java:register(391)) - Registered Data node : 9d71fcab-e36c-460d-857b-bb54f2584166{ip: 10.1.0.15, host: fv-az50-870.grzltbmokehuzjyc5b133kdqgh.cx.internal.cloudapp.net, ports: [REPLICATION=36445, RATIS=37105, RATIS_ADMIN=37105, RATIS_SERVER=37105, STANDALONE=43633], networkLocation: /default-rack, certSerialId: null, persistedOpState: null, persistedOpStateExpiryEpochSec: 0}
2022-04-24 04:18:11,423 [EventQueue-NewNodeForNewNodeHandler] INFO  pipeline.BackgroundPipelineCreator (BackgroundPipelineCreator.java:notifyEventTriggered(284)) - trigger a one-shot run on RatisPipelineUtilsThread.
2022-04-24 04:18:11,424 [RatisPipelineUtilsThread - 0] INFO  pipeline.RatisPipelineProvider (RatisPipelineProvider.java:lambda$create$0(195)) - Sending CreatePipelineCommand for pipeline:PipelineID=e9d24d29-b111-41f6-9527-120c33cd41fc to datanode:9d71fcab-e36c-460d-857b-bb54f2584166
2022-04-24 04:18:11,424 [RatisPipelineUtilsThread - 0] INFO  pipeline.PipelineStateManagerImpl (PipelineStateManagerImpl.java:addPipeline(101)) - Created pipeline Pipeline[ Id: e9d24d29-b111-41f6-9527-120c33cd41fc, Nodes: 9d71fcab-e36c-460d-857b-bb54f2584166{ip: 10.1.0.15, host: fv-az50-870.grzltbmokehuzjyc5b133kdqgh.cx.internal.cloudapp.net, ports: [REPLICATION=36445, RATIS=37105, RATIS_ADMIN=37105, RATIS_SERVER=37105, STANDALONE=43633], networkLocation: /default-rack, certSerialId: null, persistedOpState: IN_SERVICE, persistedOpStateExpiryEpochSec: 0}, ReplicationConfig: RATIS/ONE, State:ALLOCATED, leaderId:, CreationTimestamp2022-04-24T04:18:11.424Z[Etc/UTC]].
2022-04-24 04:18:12,345 [Listener at 127.0.0.1/37371] INFO  ozone.MiniOzoneClusterImpl (MiniOzoneClusterImpl.java:lambda$waitForClusterToBeReady$0(221)) - Nodes are ready. Got 5 of 5 DN Heartbeats.
2022-04-24 04:18:12,345 [Listener at 127.0.0.1/37371] INFO  ozone.MiniOzoneClusterImpl (MiniOzoneClusterImpl.java:lambda$waitForClusterToBeReady$0(224)) - Waiting for cluster to exit safe mode
2022-04-24 04:18:12,345 [Listener at 127.0.0.1/37371] INFO  ozone.MiniOzoneClusterImpl (MiniOzoneClusterImpl.java:lambda$waitForClusterToBeReady$0(226)) - SCM became leader
2022-04-24 04:18:12,385 [Command processor thread] INFO  server.RaftServer (RaftServerProxy.java:addNew(95)) - d419d700-ddf7-43da-8a6c-bfb8eedae9d7: addNew group-34D86A5464D3:[d419d700-ddf7-43da-8a6c-bfb8eedae9d7|rpc:10.1.0.15:39835|priority:1] returns group-34D86A5464D3:java.util.concurrent.CompletableFuture@2d1eb25e[Not completed]
2022-04-24 04:18:12,408 [pool-673-thread-1] INFO  server.RaftServer$Division (RaftServerImpl.java:<init>(184)) - d419d700-ddf7-43da-8a6c-bfb8eedae9d7: new RaftServerImpl for group-34D86A5464D3:[d419d700-ddf7-43da-8a6c-bfb8eedae9d7|rpc:10.1.0.15:39835|priority:1] with ContainerStateMachine:uninitialized
2022-04-24 04:18:12,413 [pool-673-thread-1] INFO  server.RaftServerConfigKeys (ConfUtils.java:logGet(44)) - raft.server.rpc.timeout.min = 5s (custom)
2022-04-24 04:18:12,413 [pool-673-thread-1] INFO  server.RaftServerConfigKeys (ConfUtils.java:logGet(44)) - raft.server.rpc.timeout.max = 5200ms (custom)
2022-04-24 04:18:12,413 [pool-673-thread-1] INFO  server.RaftServerConfigKeys (ConfUtils.java:logGet(44)) - raft.server.rpc.sleep.time = 25ms (default)
2022-04-24 04:18:12,413 [pool-673-thread-1] INFO  server.RaftServerConfigKeys (ConfUtils.java:logGet(44)) - raft.server.rpc.slowness.timeout = 300s (custom)
2022-04-24 04:18:12,413 [pool-673-thread-1] INFO  server.RaftServerConfigKeys (ConfUtils.java:logGet(44)) - raft.server.leaderelection.leader.step-down.wait-time = 10s (default)
2022-04-24 04:18:12,413 [pool-673-thread-1] INFO  server.RaftServerConfigKeys (ConfUtils.java:logGet(44)) - raft.server.sleep.deviation.threshold = 300ms (default)
2022-04-24 04:18:12,413 [pool-673-thread-1] INFO  server.RaftServerConfigKeys (ConfUtils.java:logGet(44)) - raft.server.log.appender.install.snapshot.enabled = false (custom)
2022-04-24 04:18:12,413 [pool-673-thread-1] INFO  server.RaftServer$Division (ServerState.java:<init>(105)) - d419d700-ddf7-43da-8a6c-bfb8eedae9d7@group-34D86A5464D3: ConfigurationManager, init=-1: [d419d700-ddf7-43da-8a6c-bfb8eedae9d7|rpc:10.1.0.15:39835|priority:1], old=null, confs=<EMPTY_MAP>
2022-04-24 04:18:12,413 [pool-673-thread-1] INFO  server.RaftServerConfigKeys (ConfUtils.java:logGet(44)) - raft.server.storage.dir = [/home/runner/work/ozone/ozone/hadoop-ozone/integration-test/target/test-dir/MiniOzoneClusterImpl-db3b6155-0a61-4c23-9e75-9b22dbc84111/datanode-0/data/ratis] (custom)
2022-04-24 04:18:12,413 [pool-673-thread-1] INFO  server.RaftServerConfigKeys (ConfUtils.java:logGet(44)) - raft.server.log.corruption.policy = EXCEPTION (default)
2022-04-24 04:18:12,413 [pool-673-thread-1] INFO  server.RaftServerConfigKeys (ConfUtils.java:logGet(44)) - raft.server.storage.free-space.min = 0MB (=0) (default)
2022-04-24 04:18:12,414 [pool-673-thread-1] INFO  storage.RaftStorageDirectory (RaftStorageDirectoryImpl.java:analyzeStorage(135)) - The storage directory /home/runner/work/ozone/ozone/hadoop-ozone/integration-test/target/test-dir/MiniOzoneClusterImpl-db3b6155-0a61-4c23-9e75-9b22dbc84111/datanode-0/data/ratis/7c29cc92-bf21-4148-b792-34d86a5464d3 does not exist. Creating ...
2022-04-24 04:18:12,421 [pool-673-thread-1] INFO  storage.RaftStorageDirectory (RaftStorageDirectoryImpl.java:tryLock(230)) - Lock on /home/runner/work/ozone/ozone/hadoop-ozone/integration-test/target/test-dir/MiniOzoneClusterImpl-db3b6155-0a61-4c23-9e75-9b22dbc84111/datanode-0/data/ratis/7c29cc92-bf21-4148-b792-34d86a5464d3/in_use.lock acquired by nodename 18665@fv-az50-870
2022-04-24 04:18:12,423 [pool-673-thread-1] INFO  storage.RaftStorage (RaftStorageImpl.java:format(89)) - Storage directory /home/runner/work/ozone/ozone/hadoop-ozone/integration-test/target/test-dir/MiniOzoneClusterImpl-db3b6155-0a61-4c23-9e75-9b22dbc84111/datanode-0/data/ratis/7c29cc92-bf21-4148-b792-34d86a5464d3 has been successfully formatted.
2022-04-24 04:18:12,426 [pool-673-thread-1] INFO  ratis.ContainerStateMachine (ContainerStateMachine.java:loadSnapshot(236)) - group-34D86A5464D3: The snapshot info is null. Setting the last applied indexto:(t:0, i:~)
2022-04-24 04:18:12,426 [pool-673-thread-1] INFO  server.RaftServerConfigKeys (ConfUtils.java:logGet(44)) - raft.server.notification.no-leader.timeout = 300s (custom)
2022-04-24 04:18:12,427 [pool-673-thread-1] INFO  server.RaftServerConfigKeys (ConfUtils.java:logGet(44)) - raft.server.log.use.memory = false (default)
2022-04-24 04:18:12,427 [pool-673-thread-1] INFO  server.RaftServerConfigKeys (ConfUtils.java:logGet(44)) - raft.server.log.purge.gap = 1000000 (custom)
2022-04-24 04:18:12,427 [pool-673-thread-1] INFO  server.RaftServerConfigKeys (ConfUtils.java:logGet(44)) - raft.server.log.appender.buffer.byte-limit = 33554432 (custom)
2022-04-24 04:18:12,427 [pool-673-thread-1] INFO  server.RaftServerConfigKeys (ConfUtils.java:logGet(44)) - raft.server.log.segment.size.max = 1048576 (custom)
2022-04-24 04:18:12,427 [EventQueue-PipelineReportForPipelineReportHandler] INFO  pipeline.PipelineManagerImpl (PipelineManagerImpl.java:openPipeline(321)) - Pipeline Pipeline[ Id: 7c29cc92-bf21-4148-b792-34d86a5464d3, Nodes: d419d700-ddf7-43da-8a6c-bfb8eedae9d7{ip: 10.1.0.15, host: fv-az50-870.grzltbmokehuzjyc5b133kdqgh.cx.internal.cloudapp.net, ports: [REPLICATION=42317, RATIS=39835, RATIS_ADMIN=39835, RATIS_SERVER=39835, STANDALONE=44977], networkLocation: /default-rack, certSerialId: null, persistedOpState: IN_SERVICE, persistedOpStateExpiryEpochSec: 0}, ReplicationConfig: RATIS/ONE, State:ALLOCATED, leaderId:d419d700-ddf7-43da-8a6c-bfb8eedae9d7, CreationTimestamp2022-04-24T04:18:09.443Z[Etc/UTC]] moved to OPEN state
2022-04-24 04:18:12,457 [EventQueue-OpenPipelineForHealthyPipelineSafeModeRule] INFO  safemode.SCMSafeModeManager (HealthyPipelineSafeModeRule.java:process(124)) - SCM in safe mode. Healthy pipelines reported count is 0, required healthy pipeline reported count is 1
2022-04-24 04:18:12,462 [pool-673-thread-1] INFO  server.RaftServerConfigKeys (ConfUtils.java:logGet(44)) - raft.server.log.segment.cache.num.max = 2 (custom)
2022-04-24 04:18:12,470 [pool-673-thread-1] INFO  server.RaftServerConfigKeys (ConfUtils.java:logGet(44)) - raft.server.log.segment.cache.size.max = 200MB (=209715200) (default)
2022-04-24 04:18:12,471 [pool-673-thread-1] INFO  segmented.SegmentedRaftLogWorker (SegmentedRaftLogWorker.java:<init>(182)) - new d419d700-ddf7-43da-8a6c-bfb8eedae9d7@group-34D86A5464D3-SegmentedRaftLogWorker for RaftStorageImpl:Storage Directory /home/runner/work/ozone/ozone/hadoop-ozone/integration-test/target/test-dir/MiniOzoneClusterImpl-db3b6155-0a61-4c23-9e75-9b22dbc84111/datanode-0/data/ratis/7c29cc92-bf21-4148-b792-34d86a5464d3
2022-04-24 04:18:12,471 [pool-673-thread-1] INFO  server.RaftServerConfigKeys (ConfUtils.java:logGet(44)) - raft.server.log.queue.byte-limit = 4294967296 (custom)
2022-04-24 04:18:12,471 [pool-673-thread-1] INFO  server.RaftServerConfigKeys (ConfUtils.java:logGet(44)) - raft.server.log.queue.element-limit = 1024 (custom)
2022-04-24 04:18:12,471 [pool-673-thread-1] INFO  server.RaftServerConfigKeys (ConfUtils.java:logGet(44)) - raft.server.log.segment.size.max = 1048576 (custom)
2022-04-24 04:18:12,471 [pool-673-thread-1] INFO  server.RaftServerConfigKeys (ConfUtils.java:logGet(44)) - raft.server.log.preallocated.size = 16384 (custom)
2022-04-24 04:18:12,471 [pool-673-thread-1] INFO  server.RaftServerConfigKeys (ConfUtils.java:logGet(44)) - raft.server.log.force.sync.num = 128 (default)
2022-04-24 04:18:12,471 [pool-673-thread-1] INFO  server.RaftServerConfigKeys (ConfUtils.java:logGet(44)) - raft.server.log.statemachine.data.sync = true (default)
2022-04-24 04:18:12,471 [pool-673-thread-1] INFO  server.RaftServerConfigKeys (ConfUtils.java:logGet(44)) - raft.server.log.statemachine.data.sync.timeout = 10s (default)
2022-04-24 04:18:12,471 [pool-673-thread-1] INFO  server.RaftServerConfigKeys (ConfUtils.java:logGet(44)) - raft.server.log.statemachine.data.sync.timeout.retry = -1 (default)
2022-04-24 04:18:12,472 [pool-673-thread-1] INFO  server.RaftServerConfigKeys (ConfUtils.java:logGet(44)) - raft.server.log.write.buffer.size = 1048576 (custom)
2022-04-24 04:18:12,472 [pool-673-thread-1] INFO  server.RaftServerConfigKeys (ConfUtils.java:logGet(44)) - raft.server.log.statemachine.data.caching.enabled = true (custom)
2022-04-24 04:18:12,472 [pool-673-thread-1] INFO  segmented.SegmentedRaftLogWorker (SegmentedRaftLogWorker.java:lambda$new$0(133)) - d419d700-ddf7-43da-8a6c-bfb8eedae9d7@group-34D86A5464D3-SegmentedRaftLogWorker: flushIndex: setUnconditionally 0 -> -1
2022-04-24 04:18:12,472 [pool-673-thread-1] INFO  segmented.SegmentedRaftLogWorker (SegmentedRaftLogWorker.java:lambda$new$0(133)) - d419d700-ddf7-43da-8a6c-bfb8eedae9d7@group-34D86A5464D3-SegmentedRaftLogWorker: safeCacheEvictIndex: setUnconditionally 0 -> -1
2022-04-24 04:18:12,473 [pool-673-thread-1] INFO  server.RaftServerConfigKeys (ConfUtils.java:logGet(44)) - raft.server.snapshot.auto.trigger.enabled = true (custom)
2022-04-24 04:18:12,473 [pool-673-thread-1] INFO  server.RaftServerConfigKeys (ConfUtils.java:logGet(44)) - raft.server.snapshot.auto.trigger.threshold = 10000 (custom)
2022-04-24 04:18:12,473 [pool-673-thread-1] INFO  server.RaftServerConfigKeys (ConfUtils.java:logGet(44)) - raft.server.snapshot.retention.file.num = 5 (custom)
2022-04-24 04:18:12,473 [pool-673-thread-1] INFO  server.RaftServerConfigKeys (ConfUtils.java:logGet(44)) - raft.server.log.purge.upto.snapshot.index = false (default)
2022-04-24 04:18:12,473 [pool-673-thread-1] INFO  server.RaftServerConfigKeys (ConfUtils.java:logGet(44)) - raft.server.retrycache.expirytime = 600000ms (custom)
2022-04-24 04:18:12,473 [pool-673-thread-1] INFO  server.RaftServerConfigKeys (ConfUtils.java:logGet(44)) - raft.server.retrycache.statistics.expirytime = 100μs (default)
2022-04-24 04:18:12,474 [pool-673-thread-1] INFO  server.RaftServer$Division (RaftServerImpl.java:start(301)) - d419d700-ddf7-43da-8a6c-bfb8eedae9d7@group-34D86A5464D3: start as a follower, conf=-1: [d419d700-ddf7-43da-8a6c-bfb8eedae9d7|rpc:10.1.0.15:39835|priority:1], old=null
2022-04-24 04:18:12,474 [pool-673-thread-1] INFO  server.RaftServer$Division (RaftServerImpl.java:setRole(290)) - d419d700-ddf7-43da-8a6c-bfb8eedae9d7@group-34D86A5464D3: changes role from      null to FOLLOWER at term 0 for startAsFollower
2022-04-24 04:18:12,474 [pool-673-thread-1] INFO  impl.RoleInfo (RoleInfo.java:updateAndGet(130)) - d419d700-ddf7-43da-8a6c-bfb8eedae9d7: start d419d700-ddf7-43da-8a6c-bfb8eedae9d7@group-34D86A5464D3-FollowerState
2022-04-24 04:18:12,475 [pool-673-thread-1] INFO  util.JmxRegister (JmxRegister.java:tryRegister(44)) - Successfully registered JMX Bean with object name Ratis:service=RaftServer,group=group-34D86A5464D3,id=d419d700-ddf7-43da-8a6c-bfb8eedae9d7
2022-04-24 04:18:12,475 [Command processor thread] INFO  ratis.XceiverServerRatis (XceiverServerRatis.java:addGroup(765)) - Created group PipelineID=7c29cc92-bf21-4148-b792-34d86a5464d3
2022-04-24 04:18:12,475 [Command processor thread] INFO  commandhandler.CreatePipelineCommandHandler (CreatePipelineCommandHandler.java:handle(113)) - Created Pipeline RATIS ONE PipelineID=7c29cc92-bf21-4148-b792-34d86a5464d3.
2022-04-24 04:18:12,476 [Command processor thread] INFO  server.RaftServer (RaftServerProxy.java:addNew(95)) - d419d700-ddf7-43da-8a6c-bfb8eedae9d7: addNew group-A96AADB4029C:[d419d700-ddf7-43da-8a6c-bfb8eedae9d7|rpc:10.1.0.15:39835|priority:0, 438da751-ffe1-4787-af39-168936e85d29|rpc:10.1.0.15:45355|priority:0, 3c8f196b-f336-4cca-b7e0-24f945f171e6|rpc:10.1.0.15:39931|priority:1] returns group-A96AADB4029C:java.util.concurrent.CompletableFuture@29213325[Not completed]
2022-04-24 04:18:12,482 [pool-673-thread-1] INFO  server.RaftServer$Division (RaftServerImpl.java:<init>(184)) - d419d700-ddf7-43da-8a6c-bfb8eedae9d7: new RaftServerImpl for group-A96AADB4029C:[d419d700-ddf7-43da-8a6c-bfb8eedae9d7|rpc:10.1.0.15:39835|priority:0, 438da751-ffe1-4787-af39-168936e85d29|rpc:10.1.0.15:45355|priority:0, 3c8f196b-f336-4cca-b7e0-24f945f171e6|rpc:10.1.0.15:39931|priority:1] with ContainerStateMachine:uninitialized
2022-04-24 04:18:12,482 [pool-673-thread-1] INFO  server.RaftServerConfigKeys (ConfUtils.java:logGet(44)) - raft.server.rpc.timeout.min = 5s (custom)
2022-04-24 04:18:12,482 [pool-673-thread-1] INFO  server.RaftServerConfigKeys (ConfUtils.java:logGet(44)) - raft.server.rpc.timeout.max = 5200ms (custom)
2022-04-24 04:18:12,482 [pool-673-thread-1] INFO  server.RaftServerConfigKeys (ConfUtils.java:logGet(44)) - raft.server.rpc.sleep.time = 25ms (default)
2022-04-24 04:18:12,482 [pool-673-thread-1] INFO  server.RaftServerConfigKeys (ConfUtils.java:logGet(44)) - raft.server.rpc.slowness.timeout = 300s (custom)
2022-04-24 04:18:12,482 [pool-673-thread-1] INFO  server.RaftServerConfigKeys (ConfUtils.java:logGet(44)) - raft.server.leaderelection.leader.step-down.wait-time = 10s (default)
2022-04-24 04:18:12,482 [pool-673-thread-1] INFO  server.RaftServerConfigKeys (ConfUtils.java:logGet(44)) - raft.server.sleep.deviation.threshold = 300ms (default)
2022-04-24 04:18:12,482 [pool-673-thread-1] INFO  server.RaftServerConfigKeys (ConfUtils.java:logGet(44)) - raft.server.log.appender.install.snapshot.enabled = false (custom)
2022-04-24 04:18:12,482 [pool-673-thread-1] INFO  server.RaftServer$Division (ServerState.java:<init>(105)) - d419d700-ddf7-43da-8a6c-bfb8eedae9d7@group-A96AADB4029C: ConfigurationManager, init=-1: [d419d700-ddf7-43da-8a6c-bfb8eedae9d7|rpc:10.1.0.15:39835|priority:0, 438da751-ffe1-4787-af39-168936e85d29|rpc:10.1.0.15:45355|priority:0, 3c8f196b-f336-4cca-b7e0-24f945f171e6|rpc:10.1.0.15:39931|priority:1], old=null, confs=<EMPTY_MAP>
2022-04-24 04:18:12,482 [pool-673-thread-1] INFO  server.RaftServerConfigKeys (ConfUtils.java:logGet(44)) - raft.server.storage.dir = [/home/runner/work/ozone/ozone/hadoop-ozone/integration-test/target/test-dir/MiniOzoneClusterImpl-db3b6155-0a61-4c23-9e75-9b22dbc84111/datanode-0/data/ratis] (custom)
2022-04-24 04:18:12,482 [pool-673-thread-1] INFO  server.RaftServerConfigKeys (ConfUtils.java:logGet(44)) - raft.server.log.corruption.policy = EXCEPTION (default)
2022-04-24 04:18:12,482 [pool-673-thread-1] INFO  server.RaftServerConfigKeys (ConfUtils.java:logGet(44)) - raft.server.storage.free-space.min = 0MB (=0) (default)
2022-04-24 04:18:12,482 [pool-673-thread-1] INFO  storage.RaftStorageDirectory (RaftStorageDirectoryImpl.java:analyzeStorage(135)) - The storage directory /home/runner/work/ozone/ozone/hadoop-ozone/integration-test/target/test-dir/MiniOzoneClusterImpl-db3b6155-0a61-4c23-9e75-9b22dbc84111/datanode-0/data/ratis/15131b6b-0765-482f-94cc-a96aadb4029c does not exist. Creating ...
2022-04-24 04:18:12,486 [pool-673-thread-1] INFO  storage.RaftStorageDirectory (RaftStorageDirectoryImpl.java:tryLock(230)) - Lock on /home/runner/work/ozone/ozone/hadoop-ozone/integration-test/target/test-dir/MiniOzoneClusterImpl-db3b6155-0a61-4c23-9e75-9b22dbc84111/datanode-0/data/ratis/15131b6b-0765-482f-94cc-a96aadb4029c/in_use.lock acquired by nodename 18665@fv-az50-870
2022-04-24 04:18:12,492 [pool-673-thread-1] INFO  storage.RaftStorage (RaftStorageImpl.java:format(89)) - Storage directory /home/runner/work/ozone/ozone/hadoop-ozone/integration-test/target/test-dir/MiniOzoneClusterImpl-db3b6155-0a61-4c23-9e75-9b22dbc84111/datanode-0/data/ratis/15131b6b-0765-482f-94cc-a96aadb4029c has been successfully formatted.
2022-04-24 04:18:12,492 [pool-673-thread-1] INFO  ratis.ContainerStateMachine (ContainerStateMachine.java:loadSnapshot(236)) - group-A96AADB4029C: The snapshot info is null. Setting the last applied indexto:(t:0, i:~)
2022-04-24 04:18:12,493 [pool-673-thread-1] INFO  server.RaftServerConfigKeys (ConfUtils.java:logGet(44)) - raft.server.notification.no-leader.timeout = 300s (custom)
2022-04-24 04:18:12,493 [pool-673-thread-1] INFO  server.RaftServerConfigKeys (ConfUtils.java:logGet(44)) - raft.server.log.use.memory = false (default)
2022-04-24 04:18:12,493 [pool-673-thread-1] INFO  server.RaftServerConfigKeys (ConfUtils.java:logGet(44)) - raft.server.log.purge.gap = 1000000 (custom)
2022-04-24 04:18:12,493 [pool-673-thread-1] INFO  server.RaftServerConfigKeys (ConfUtils.java:logGet(44)) - raft.server.log.appender.buffer.byte-limit = 33554432 (custom)
2022-04-24 04:18:12,493 [pool-673-thread-1] INFO  server.RaftServerConfigKeys (ConfUtils.java:logGet(44)) - raft.server.log.segment.size.max = 1048576 (custom)
2022-04-24 04:18:12,493 [pool-673-thread-1] INFO  server.RaftServerConfigKeys (ConfUtils.java:logGet(44)) - raft.server.log.segment.cache.num.max = 2 (custom)
2022-04-24 04:18:12,494 [pool-673-thread-1] INFO  server.RaftServerConfigKeys (ConfUtils.java:logGet(44)) - raft.server.log.segment.cache.size.max = 200MB (=209715200) (default)
2022-04-24 04:18:12,494 [pool-673-thread-1] INFO  segmented.SegmentedRaftLogWorker (SegmentedRaftLogWorker.java:<init>(182)) - new d419d700-ddf7-43da-8a6c-bfb8eedae9d7@group-A96AADB4029C-SegmentedRaftLogWorker for RaftStorageImpl:Storage Directory /home/runner/work/ozone/ozone/hadoop-ozone/integration-test/target/test-dir/MiniOzoneClusterImpl-db3b6155-0a61-4c23-9e75-9b22dbc84111/datanode-0/data/ratis/15131b6b-0765-482f-94cc-a96aadb4029c
2022-04-24 04:18:12,494 [pool-673-thread-1] INFO  server.RaftServerConfigKeys (ConfUtils.java:logGet(44)) - raft.server.log.queue.byte-limit = 4294967296 (custom)
2022-04-24 04:18:12,494 [pool-673-thread-1] INFO  server.RaftServerConfigKeys (ConfUtils.java:logGet(44)) - raft.server.log.queue.element-limit = 1024 (custom)
2022-04-24 04:18:12,494 [pool-673-thread-1] INFO  server.RaftServerConfigKeys (ConfUtils.java:logGet(44)) - raft.server.log.segment.size.max = 1048576 (custom)
2022-04-24 04:18:12,494 [pool-673-thread-1] INFO  server.RaftServerConfigKeys (ConfUtils.java:logGet(44)) - raft.server.log.preallocated.size = 16384 (custom)
2022-04-24 04:18:12,494 [pool-673-thread-1] INFO  server.RaftServerConfigKeys (ConfUtils.java:logGet(44)) - raft.server.log.force.sync.num = 128 (default)
2022-04-24 04:18:12,494 [pool-673-thread-1] INFO  server.RaftServerConfigKeys (ConfUtils.java:logGet(44)) - raft.server.log.statemachine.data.sync = true (default)
2022-04-24 04:18:12,494 [pool-673-thread-1] INFO  server.RaftServerConfigKeys (ConfUtils.java:logGet(44)) - raft.server.log.statemachine.data.sync.timeout = 10s (default)
2022-04-24 04:18:12,494 [pool-673-thread-1] INFO  server.RaftServerConfigKeys (ConfUtils.java:logGet(44)) - raft.server.log.statemachine.data.sync.timeout.retry = -1 (default)
2022-04-24 04:18:12,495 [pool-673-thread-1] INFO  server.RaftServerConfigKeys (ConfUtils.java:logGet(44)) - raft.server.log.write.buffer.size = 1048576 (custom)
2022-04-24 04:18:12,495 [EventQueue-OpenPipelineForHealthyPipelineSafeModeRule] INFO  safemode.SCMSafeModeManager (HealthyPipelineSafeModeRule.java:process(124)) - SCM in safe mode. Healthy pipelines reported count is 0, required healthy pipeline reported count is 1
2022-04-24 04:18:12,501 [pool-673-thread-1] INFO  server.RaftServerConfigKeys (ConfUtils.java:logGet(44)) - raft.server.log.statemachine.data.caching.enabled = true (custom)
2022-04-24 04:18:12,502 [pool-673-thread-1] INFO  segmented.SegmentedRaftLogWorker (SegmentedRaftLogWorker.java:lambda$new$0(133)) - d419d700-ddf7-43da-8a6c-bfb8eedae9d7@group-A96AADB4029C-SegmentedRaftLogWorker: flushIndex: setUnconditionally 0 -> -1
2022-04-24 04:18:12,502 [pool-673-thread-1] INFO  segmented.SegmentedRaftLogWorker (SegmentedRaftLogWorker.java:lambda$new$0(133)) - d419d700-ddf7-43da-8a6c-bfb8eedae9d7@group-A96AADB4029C-SegmentedRaftLogWorker: safeCacheEvictIndex: setUnconditionally 0 -> -1
2022-04-24 04:18:12,517 [pool-673-thread-1] INFO  server.RaftServerConfigKeys (ConfUtils.java:logGet(44)) - raft.server.snapshot.auto.trigger.enabled = true (custom)
2022-04-24 04:18:12,517 [pool-673-thread-1] INFO  server.RaftServerConfigKeys (ConfUtils.java:logGet(44)) - raft.server.snapshot.auto.trigger.threshold = 10000 (custom)
2022-04-24 04:18:12,517 [pool-673-thread-1] INFO  server.RaftServerConfigKeys (ConfUtils.java:logGet(44)) - raft.server.snapshot.retention.file.num = 5 (custom)
2022-04-24 04:18:12,518 [pool-673-thread-1] INFO  server.RaftServerConfigKeys (ConfUtils.java:logGet(44)) - raft.server.log.purge.upto.snapshot.index = false (default)
2022-04-24 04:18:12,518 [pool-673-thread-1] INFO  server.RaftServerConfigKeys (ConfUtils.java:logGet(44)) - raft.server.retrycache.expirytime = 600000ms (custom)
2022-04-24 04:18:12,518 [pool-673-thread-1] INFO  server.RaftServerConfigKeys (ConfUtils.java:logGet(44)) - raft.server.retrycache.statistics.expirytime = 100μs (default)
2022-04-24 04:18:12,519 [pool-673-thread-1] INFO  server.RaftServer$Division (RaftServerImpl.java:start(301)) - d419d700-ddf7-43da-8a6c-bfb8eedae9d7@group-A96AADB4029C: start as a follower, conf=-1: [d419d700-ddf7-43da-8a6c-bfb8eedae9d7|rpc:10.1.0.15:39835|priority:0, 438da751-ffe1-4787-af39-168936e85d29|rpc:10.1.0.15:45355|priority:0, 3c8f196b-f336-4cca-b7e0-24f945f171e6|rpc:10.1.0.15:39931|priority:1], old=null
2022-04-24 04:18:12,519 [pool-673-thread-1] INFO  server.RaftServer$Division (RaftServerImpl.java:setRole(290)) - d419d700-ddf7-43da-8a6c-bfb8eedae9d7@group-A96AADB4029C: changes role from      null to FOLLOWER at term 0 for startAsFollower
2022-04-24 04:18:12,519 [pool-673-thread-1] INFO  impl.RoleInfo (RoleInfo.java:updateAndGet(130)) - d419d700-ddf7-43da-8a6c-bfb8eedae9d7: start d419d700-ddf7-43da-8a6c-bfb8eedae9d7@group-A96AADB4029C-FollowerState
2022-04-24 04:18:12,519 [pool-673-thread-1] INFO  util.JmxRegister (JmxRegister.java:tryRegister(44)) - Successfully registered JMX Bean with object name Ratis:service=RaftServer,group=group-A96AADB4029C,id=d419d700-ddf7-43da-8a6c-bfb8eedae9d7
2022-04-24 04:18:12,520 [Command processor thread] INFO  ratis.XceiverServerRatis (XceiverServerRatis.java:addGroup(765)) - Created group PipelineID=15131b6b-0765-482f-94cc-a96aadb4029c
2022-04-24 04:18:12,556 [grpc-default-executor-0] INFO  server.RaftServer (RaftServerProxy.java:addNew(95)) - 438da751-ffe1-4787-af39-168936e85d29: addNew group-A96AADB4029C:[d419d700-ddf7-43da-8a6c-bfb8eedae9d7|rpc:10.1.0.15:39835|dataStream:|priority:0, 438da751-ffe1-4787-af39-168936e85d29|rpc:10.1.0.15:45355|dataStream:|priority:0, 3c8f196b-f336-4cca-b7e0-24f945f171e6|rpc:10.1.0.15:39931|dataStream:|priority:1] returns group-A96AADB4029C:java.util.concurrent.CompletableFuture@485e8157[Not completed]
2022-04-24 04:18:12,564 [pool-694-thread-1] INFO  server.RaftServer$Division (RaftServerImpl.java:<init>(184)) - 438da751-ffe1-4787-af39-168936e85d29: new RaftServerImpl for group-A96AADB4029C:[d419d700-ddf7-43da-8a6c-bfb8eedae9d7|rpc:10.1.0.15:39835|dataStream:|priority:0, 438da751-ffe1-4787-af39-168936e85d29|rpc:10.1.0.15:45355|dataStream:|priority:0, 3c8f196b-f336-4cca-b7e0-24f945f171e6|rpc:10.1.0.15:39931|dataStream:|priority:1] with ContainerStateMachine:uninitialized
2022-04-24 04:18:12,661 [pool-694-thread-1] INFO  server.RaftServerConfigKeys (ConfUtils.java:logGet(44)) - raft.server.rpc.timeout.min = 5s (custom)
2022-04-24 04:18:12,661 [pool-694-thread-1] INFO  server.RaftServerConfigKeys (ConfUtils.java:logGet(44)) - raft.server.rpc.timeout.max = 5200ms (custom)
2022-04-24 04:18:12,661 [pool-694-thread-1] INFO  server.RaftServerConfigKeys (ConfUtils.java:logGet(44)) - raft.server.rpc.sleep.time = 25ms (default)
2022-04-24 04:18:12,661 [pool-694-thread-1] INFO  server.RaftServerConfigKeys (ConfUtils.java:logGet(44)) - raft.server.rpc.slowness.timeout = 300s (custom)
2022-04-24 04:18:12,662 [pool-694-thread-1] INFO  server.RaftServerConfigKeys (ConfUtils.java:logGet(44)) - raft.server.leaderelection.leader.step-down.wait-time = 10s (default)
2022-04-24 04:18:12,662 [pool-694-thread-1] INFO  server.RaftServerConfigKeys (ConfUtils.java:logGet(44)) - raft.server.sleep.deviation.threshold = 300ms (default)
2022-04-24 04:18:12,662 [pool-694-thread-1] INFO  server.RaftServerConfigKeys (ConfUtils.java:logGet(44)) - raft.server.log.appender.install.snapshot.enabled = false (custom)
2022-04-24 04:18:12,662 [pool-694-thread-1] INFO  server.RaftServer$Division (ServerState.java:<init>(105)) - 438da751-ffe1-4787-af39-168936e85d29@group-A96AADB4029C: ConfigurationManager, init=-1: [d419d700-ddf7-43da-8a6c-bfb8eedae9d7|rpc:10.1.0.15:39835|dataStream:|priority:0, 438da751-ffe1-4787-af39-168936e85d29|rpc:10.1.0.15:45355|dataStream:|priority:0, 3c8f196b-f336-4cca-b7e0-24f945f171e6|rpc:10.1.0.15:39931|dataStream:|priority:1], old=null, confs=<EMPTY_MAP>
2022-04-24 04:18:12,662 [pool-694-thread-1] INFO  server.RaftServerConfigKeys (ConfUtils.java:logGet(44)) - raft.server.storage.dir = [/home/runner/work/ozone/ozone/hadoop-ozone/integration-test/target/test-dir/MiniOzoneClusterImpl-db3b6155-0a61-4c23-9e75-9b22dbc84111/datanode-1/data/ratis] (custom)
2022-04-24 04:18:12,662 [pool-694-thread-1] INFO  server.RaftServerConfigKeys (ConfUtils.java:logGet(44)) - raft.server.log.corruption.policy = EXCEPTION (default)
2022-04-24 04:18:12,662 [pool-694-thread-1] INFO  server.RaftServerConfigKeys (ConfUtils.java:logGet(44)) - raft.server.storage.free-space.min = 0MB (=0) (default)
2022-04-24 04:18:12,662 [pool-694-thread-1] INFO  storage.RaftStorageDirectory (RaftStorageDirectoryImpl.java:analyzeStorage(135)) - The storage directory /home/runner/work/ozone/ozone/hadoop-ozone/integration-test/target/test-dir/MiniOzoneClusterImpl-db3b6155-0a61-4c23-9e75-9b22dbc84111/datanode-1/data/ratis/15131b6b-0765-482f-94cc-a96aadb4029c does not exist. Creating ...
2022-04-24 04:18:12,663 [pool-694-thread-1] INFO  storage.RaftStorageDirectory (RaftStorageDirectoryImpl.java:tryLock(230)) - Lock on /home/runner/work/ozone/ozone/hadoop-ozone/integration-test/target/test-dir/MiniOzoneClusterImpl-db3b6155-0a61-4c23-9e75-9b22dbc84111/datanode-1/data/ratis/15131b6b-0765-482f-94cc-a96aadb4029c/in_use.lock acquired by nodename 18665@fv-az50-870
2022-04-24 04:18:12,702 [pool-694-thread-1] INFO  storage.RaftStorage (RaftStorageImpl.java:format(89)) - Storage directory /home/runner/work/ozone/ozone/hadoop-ozone/integration-test/target/test-dir/MiniOzoneClusterImpl-db3b6155-0a61-4c23-9e75-9b22dbc84111/datanode-1/data/ratis/15131b6b-0765-482f-94cc-a96aadb4029c has been successfully formatted.
2022-04-24 04:18:12,703 [pool-694-thread-1] INFO  ratis.ContainerStateMachine (ContainerStateMachine.java:loadSnapshot(236)) - group-A96AADB4029C: The snapshot info is null. Setting the last applied indexto:(t:0, i:~)
2022-04-24 04:18:12,703 [pool-694-thread-1] INFO  server.RaftServerConfigKeys (ConfUtils.java:logGet(44)) - raft.server.notification.no-leader.timeout = 300s (custom)
2022-04-24 04:18:12,703 [pool-694-thread-1] INFO  server.RaftServerConfigKeys (ConfUtils.java:logGet(44)) - raft.server.log.use.memory = false (default)
2022-04-24 04:18:12,703 [pool-694-thread-1] INFO  server.RaftServerConfigKeys (ConfUtils.java:logGet(44)) - raft.server.log.purge.gap = 1000000 (custom)
2022-04-24 04:18:12,704 [pool-694-thread-1] INFO  server.RaftServerConfigKeys (ConfUtils.java:logGet(44)) - raft.server.log.appender.buffer.byte-limit = 33554432 (custom)
2022-04-24 04:18:12,704 [pool-694-thread-1] INFO  server.RaftServerConfigKeys (ConfUtils.java:logGet(44)) - raft.server.log.segment.size.max = 1048576 (custom)
2022-04-24 04:18:12,704 [pool-694-thread-1] INFO  server.RaftServerConfigKeys (ConfUtils.java:logGet(44)) - raft.server.log.segment.cache.num.max = 2 (custom)
2022-04-24 04:18:12,704 [pool-694-thread-1] INFO  server.RaftServerConfigKeys (ConfUtils.java:logGet(44)) - raft.server.log.segment.cache.size.max = 200MB (=209715200) (default)
2022-04-24 04:18:12,704 [pool-694-thread-1] INFO  segmented.SegmentedRaftLogWorker (SegmentedRaftLogWorker.java:<init>(182)) - new 438da751-ffe1-4787-af39-168936e85d29@group-A96AADB4029C-SegmentedRaftLogWorker for RaftStorageImpl:Storage Directory /home/runner/work/ozone/ozone/hadoop-ozone/integration-test/target/test-dir/MiniOzoneClusterImpl-db3b6155-0a61-4c23-9e75-9b22dbc84111/datanode-1/data/ratis/15131b6b-0765-482f-94cc-a96aadb4029c
2022-04-24 04:18:12,704 [pool-694-thread-1] INFO  server.RaftServerConfigKeys (ConfUtils.java:logGet(44)) - raft.server.log.queue.byte-limit = 4294967296 (custom)
2022-04-24 04:18:12,704 [pool-694-thread-1] INFO  server.RaftServerConfigKeys (ConfUtils.java:logGet(44)) - raft.server.log.queue.element-limit = 1024 (custom)
2022-04-24 04:18:12,704 [pool-694-thread-1] INFO  server.RaftServerConfigKeys (ConfUtils.java:logGet(44)) - raft.server.log.segment.size.max = 1048576 (custom)
2022-04-24 04:18:12,704 [pool-694-thread-1] INFO  server.RaftServerConfigKeys (ConfUtils.java:logGet(44)) - raft.server.log.preallocated.size = 16384 (custom)
2022-04-24 04:18:12,704 [pool-694-thread-1] INFO  server.RaftServerConfigKeys (ConfUtils.java:logGet(44)) - raft.server.log.force.sync.num = 128 (default)
2022-04-24 04:18:12,704 [pool-694-thread-1] INFO  server.RaftServerConfigKeys (ConfUtils.java:logGet(44)) - raft.server.log.statemachine.data.sync = true (default)
2022-04-24 04:18:12,704 [pool-694-thread-1] INFO  server.RaftServerConfigKeys (ConfUtils.java:logGet(44)) - raft.server.log.statemachine.data.sync.timeout = 10s (default)
2022-04-24 04:18:12,705 [pool-694-thread-1] INFO  server.RaftServerConfigKeys (ConfUtils.java:logGet(44)) - raft.server.log.statemachine.data.sync.timeout.retry = -1 (default)
2022-04-24 04:18:12,706 [pool-694-thread-1] INFO  server.RaftServerConfigKeys (ConfUtils.java:logGet(44)) - raft.server.log.write.buffer.size = 1048576 (custom)
2022-04-24 04:18:12,707 [pool-694-thread-1] INFO  server.RaftServerConfigKeys (ConfUtils.java:logGet(44)) - raft.server.log.statemachine.data.caching.enabled = true (custom)
2022-04-24 04:18:12,707 [pool-694-thread-1] INFO  segmented.SegmentedRaftLogWorker (SegmentedRaftLogWorker.java:lambda$new$0(133)) - 438da751-ffe1-4787-af39-168936e85d29@group-A96AADB4029C-SegmentedRaftLogWorker: flushIndex: setUnconditionally 0 -> -1
2022-04-24 04:18:12,707 [pool-694-thread-1] INFO  segmented.SegmentedRaftLogWorker (SegmentedRaftLogWorker.java:lambda$new$0(133)) - 438da751-ffe1-4787-af39-168936e85d29@group-A96AADB4029C-SegmentedRaftLogWorker: safeCacheEvictIndex: setUnconditionally 0 -> -1
2022-04-24 04:18:12,707 [pool-694-thread-1] INFO  server.RaftServerConfigKeys (ConfUtils.java:logGet(44)) - raft.server.snapshot.auto.trigger.enabled = true (custom)
2022-04-24 04:18:12,745 [pool-694-thread-1] INFO  server.RaftServerConfigKeys (ConfUtils.java:logGet(44)) - raft.server.snapshot.auto.trigger.threshold = 10000 (custom)
2022-04-24 04:18:12,745 [pool-694-thread-1] INFO  server.RaftServerConfigKeys (ConfUtils.java:logGet(44)) - raft.server.snapshot.retention.file.num = 5 (custom)
2022-04-24 04:18:12,745 [pool-694-thread-1] INFO  server.RaftServerConfigKeys (ConfUtils.java:logGet(44)) - raft.server.log.purge.upto.snapshot.index = false (default)
2022-04-24 04:18:12,745 [pool-694-thread-1] INFO  server.RaftServerConfigKeys (ConfUtils.java:logGet(44)) - raft.server.retrycache.expirytime = 600000ms (custom)
2022-04-24 04:18:12,745 [pool-694-thread-1] INFO  server.RaftServerConfigKeys (ConfUtils.java:logGet(44)) - raft.server.retrycache.statistics.expirytime = 100μs (default)
2022-04-24 04:18:12,747 [pool-694-thread-1] INFO  server.RaftServer$Division (RaftServerImpl.java:start(301)) - 438da751-ffe1-4787-af39-168936e85d29@group-A96AADB4029C: start as a follower, conf=-1: [d419d700-ddf7-43da-8a6c-bfb8eedae9d7|rpc:10.1.0.15:39835|dataStream:|priority:0, 438da751-ffe1-4787-af39-168936e85d29|rpc:10.1.0.15:45355|dataStream:|priority:0, 3c8f196b-f336-4cca-b7e0-24f945f171e6|rpc:10.1.0.15:39931|dataStream:|priority:1], old=null
2022-04-24 04:18:12,747 [pool-694-thread-1] INFO  server.RaftServer$Division (RaftServerImpl.java:setRole(290)) - 438da751-ffe1-4787-af39-168936e85d29@group-A96AADB4029C: changes role from      null to FOLLOWER at term 0 for startAsFollower
2022-04-24 04:18:12,747 [pool-694-thread-1] INFO  impl.RoleInfo (RoleInfo.java:updateAndGet(130)) - 438da751-ffe1-4787-af39-168936e85d29: start 438da751-ffe1-4787-af39-168936e85d29@group-A96AADB4029C-FollowerState
2022-04-24 04:18:12,760 [pool-694-thread-1] INFO  util.JmxRegister (JmxRegister.java:tryRegister(44)) - Successfully registered JMX Bean with object name Ratis:service=RaftServer,group=group-A96AADB4029C,id=438da751-ffe1-4787-af39-168936e85d29
2022-04-24 04:18:12,826 [Command processor thread] INFO  server.RaftServer (RaftServerProxy.java:addNew(95)) - 438da751-ffe1-4787-af39-168936e85d29: addNew group-61DC4A925AB4:[438da751-ffe1-4787-af39-168936e85d29|rpc:10.1.0.15:45355|priority:1] returns group-61DC4A925AB4:java.util.concurrent.CompletableFuture@247e757e[Not completed]
2022-04-24 04:18:12,827 [pool-694-thread-1] INFO  server.RaftServer$Division (RaftServerImpl.java:<init>(184)) - 438da751-ffe1-4787-af39-168936e85d29: new RaftServerImpl for group-61DC4A925AB4:[438da751-ffe1-4787-af39-168936e85d29|rpc:10.1.0.15:45355|priority:1] with ContainerStateMachine:uninitialized
2022-04-24 04:18:12,827 [pool-694-thread-1] INFO  server.RaftServerConfigKeys (ConfUtils.java:logGet(44)) - raft.server.rpc.timeout.min = 5s (custom)
2022-04-24 04:18:12,827 [pool-694-thread-1] INFO  server.RaftServerConfigKeys (ConfUtils.java:logGet(44)) - raft.server.rpc.timeout.max = 5200ms (custom)
2022-04-24 04:18:12,827 [pool-694-thread-1] INFO  server.RaftServerConfigKeys (ConfUtils.java:logGet(44)) - raft.server.rpc.sleep.time = 25ms (default)
2022-04-24 04:18:12,827 [pool-694-thread-1] INFO  server.RaftServerConfigKeys (ConfUtils.java:logGet(44)) - raft.server.rpc.slowness.timeout = 300s (custom)
2022-04-24 04:18:12,827 [pool-694-thread-1] INFO  server.RaftServerConfigKeys (ConfUtils.java:logGet(44)) - raft.server.leaderelection.leader.step-down.wait-time = 10s (default)
2022-04-24 04:18:12,827 [pool-694-thread-1] INFO  server.RaftServerConfigKeys (ConfUtils.java:logGet(44)) - raft.server.sleep.deviation.threshold = 300ms (default)
2022-04-24 04:18:12,827 [pool-694-thread-1] INFO  server.RaftServerConfigKeys (ConfUtils.java:logGet(44)) - raft.server.log.appender.install.snapshot.enabled = false (custom)
2022-04-24 04:18:12,827 [pool-694-thread-1] INFO  server.RaftServer$Division (ServerState.java:<init>(105)) - 438da751-ffe1-4787-af39-168936e85d29@group-61DC4A925AB4: ConfigurationManager, init=-1: [438da751-ffe1-4787-af39-168936e85d29|rpc:10.1.0.15:45355|priority:1], old=null, confs=<EMPTY_MAP>
2022-04-24 04:18:12,827 [pool-694-thread-1] INFO  server.RaftServerConfigKeys (ConfUtils.java:logGet(44)) - raft.server.storage.dir = [/home/runner/work/ozone/ozone/hadoop-ozone/integration-test/target/test-dir/MiniOzoneClusterImpl-db3b6155-0a61-4c23-9e75-9b22dbc84111/datanode-1/data/ratis] (custom)
2022-04-24 04:18:12,828 [pool-694-thread-1] INFO  server.RaftServerConfigKeys (ConfUtils.java:logGet(44)) - raft.server.log.corruption.policy = EXCEPTION (default)
2022-04-24 04:18:12,828 [pool-694-thread-1] INFO  server.RaftServerConfigKeys (ConfUtils.java:logGet(44)) - raft.server.storage.free-space.min = 0MB (=0) (default)
2022-04-24 04:18:12,839 [pool-694-thread-1] INFO  storage.RaftStorageDirectory (RaftStorageDirectoryImpl.java:analyzeStorage(135)) - The storage directory /home/runner/work/ozone/ozone/hadoop-ozone/integration-test/target/test-dir/MiniOzoneClusterImpl-db3b6155-0a61-4c23-9e75-9b22dbc84111/datanode-1/data/ratis/e970c54d-f6e5-433b-8e20-61dc4a925ab4 does not exist. Creating ...
2022-04-24 04:18:12,854 [grpc-default-executor-0] INFO  server.RaftServer (RaftServerProxy.java:addNew(95)) - 3c8f196b-f336-4cca-b7e0-24f945f171e6: addNew group-A96AADB4029C:[d419d700-ddf7-43da-8a6c-bfb8eedae9d7|rpc:10.1.0.15:39835|dataStream:|priority:0, 438da751-ffe1-4787-af39-168936e85d29|rpc:10.1.0.15:45355|dataStream:|priority:0, 3c8f196b-f336-4cca-b7e0-24f945f171e6|rpc:10.1.0.15:39931|dataStream:|priority:1] returns group-A96AADB4029C:java.util.concurrent.CompletableFuture@5eaa4e61[Not completed]
2022-04-24 04:18:12,855 [pool-715-thread-1] INFO  server.RaftServer$Division (RaftServerImpl.java:<init>(184)) - 3c8f196b-f336-4cca-b7e0-24f945f171e6: new RaftServerImpl for group-A96AADB4029C:[d419d700-ddf7-43da-8a6c-bfb8eedae9d7|rpc:10.1.0.15:39835|dataStream:|priority:0, 438da751-ffe1-4787-af39-168936e85d29|rpc:10.1.0.15:45355|dataStream:|priority:0, 3c8f196b-f336-4cca-b7e0-24f945f171e6|rpc:10.1.0.15:39931|dataStream:|priority:1] with ContainerStateMachine:uninitialized
2022-04-24 04:18:12,882 [pool-694-thread-1] INFO  storage.RaftStorageDirectory (RaftStorageDirectoryImpl.java:tryLock(230)) - Lock on /home/runner/work/ozone/ozone/hadoop-ozone/integration-test/target/test-dir/MiniOzoneClusterImpl-db3b6155-0a61-4c23-9e75-9b22dbc84111/datanode-1/data/ratis/e970c54d-f6e5-433b-8e20-61dc4a925ab4/in_use.lock acquired by nodename 18665@fv-az50-870
2022-04-24 04:18:12,885 [pool-715-thread-1] INFO  server.RaftServerConfigKeys (ConfUtils.java:logGet(44)) - raft.server.rpc.timeout.min = 5s (custom)
2022-04-24 04:18:12,885 [pool-715-thread-1] INFO  server.RaftServerConfigKeys (ConfUtils.java:logGet(44)) - raft.server.rpc.timeout.max = 5200ms (custom)
2022-04-24 04:18:12,885 [pool-715-thread-1] INFO  server.RaftServerConfigKeys (ConfUtils.java:logGet(44)) - raft.server.rpc.sleep.time = 25ms (default)
2022-04-24 04:18:12,885 [pool-715-thread-1] INFO  server.RaftServerConfigKeys (ConfUtils.java:logGet(44)) - raft.server.rpc.slowness.timeout = 300s (custom)
2022-04-24 04:18:12,885 [pool-715-thread-1] INFO  server.RaftServerConfigKeys (ConfUtils.java:logGet(44)) - raft.server.leaderelection.leader.step-down.wait-time = 10s (default)
2022-04-24 04:18:12,886 [pool-715-thread-1] INFO  server.RaftServerConfigKeys (ConfUtils.java:logGet(44)) - raft.server.sleep.deviation.threshold = 300ms (default)
2022-04-24 04:18:12,886 [pool-715-thread-1] INFO  server.RaftServerConfigKeys (ConfUtils.java:logGet(44)) - raft.server.log.appender.install.snapshot.enabled = false (custom)
2022-04-24 04:18:12,886 [pool-715-thread-1] INFO  server.RaftServer$Division (ServerState.java:<init>(105)) - 3c8f196b-f336-4cca-b7e0-24f945f171e6@group-A96AADB4029C: ConfigurationManager, init=-1: [d419d700-ddf7-43da-8a6c-bfb8eedae9d7|rpc:10.1.0.15:39835|dataStream:|priority:0, 438da751-ffe1-4787-af39-168936e85d29|rpc:10.1.0.15:45355|dataStream:|priority:0, 3c8f196b-f336-4cca-b7e0-24f945f171e6|rpc:10.1.0.15:39931|dataStream:|priority:1], old=null, confs=<EMPTY_MAP>
2022-04-24 04:18:12,886 [pool-715-thread-1] INFO  server.RaftServerConfigKeys (ConfUtils.java:logGet(44)) - raft.server.storage.dir = [/home/runner/work/ozone/ozone/hadoop-ozone/integration-test/target/test-dir/MiniOzoneClusterImpl-db3b6155-0a61-4c23-9e75-9b22dbc84111/datanode-2/data/ratis] (custom)
2022-04-24 04:18:12,886 [pool-715-thread-1] INFO  server.RaftServerConfigKeys (ConfUtils.java:logGet(44)) - raft.server.log.corruption.policy = EXCEPTION (default)
2022-04-24 04:18:12,886 [pool-715-thread-1] INFO  server.RaftServerConfigKeys (ConfUtils.java:logGet(44)) - raft.server.storage.free-space.min = 0MB (=0) (default)
2022-04-24 04:18:12,886 [pool-715-thread-1] INFO  storage.RaftStorageDirectory (RaftStorageDirectoryImpl.java:analyzeStorage(135)) - The storage directory /home/runner/work/ozone/ozone/hadoop-ozone/integration-test/target/test-dir/MiniOzoneClusterImpl-db3b6155-0a61-4c23-9e75-9b22dbc84111/datanode-2/data/ratis/15131b6b-0765-482f-94cc-a96aadb4029c does not exist. Creating ...
2022-04-24 04:18:12,887 [pool-715-thread-1] INFO  storage.RaftStorageDirectory (RaftStorageDirectoryImpl.java:tryLock(230)) - Lock on /home/runner/work/ozone/ozone/hadoop-ozone/integration-test/target/test-dir/MiniOzoneClusterImpl-db3b6155-0a61-4c23-9e75-9b22dbc84111/datanode-2/data/ratis/15131b6b-0765-482f-94cc-a96aadb4029c/in_use.lock acquired by nodename 18665@fv-az50-870
2022-04-24 04:18:12,889 [pool-694-thread-1] INFO  storage.RaftStorage (RaftStorageImpl.java:format(89)) - Storage directory /home/runner/work/ozone/ozone/hadoop-ozone/integration-test/target/test-dir/MiniOzoneClusterImpl-db3b6155-0a61-4c23-9e75-9b22dbc84111/datanode-1/data/ratis/e970c54d-f6e5-433b-8e20-61dc4a925ab4 has been successfully formatted.
2022-04-24 04:18:12,890 [pool-694-thread-1] INFO  ratis.ContainerStateMachine (ContainerStateMachine.java:loadSnapshot(236)) - group-61DC4A925AB4: The snapshot info is null. Setting the last applied indexto:(t:0, i:~)
2022-04-24 04:18:12,899 [pool-694-thread-1] INFO  server.RaftServerConfigKeys (ConfUtils.java:logGet(44)) - raft.server.notification.no-leader.timeout = 300s (custom)
2022-04-24 04:18:12,900 [pool-694-thread-1] INFO  server.RaftServerConfigKeys (ConfUtils.java:logGet(44)) - raft.server.log.use.memory = false (default)
2022-04-24 04:18:12,900 [pool-694-thread-1] INFO  server.RaftServerConfigKeys (ConfUtils.java:logGet(44)) - raft.server.log.purge.gap = 1000000 (custom)
2022-04-24 04:18:12,900 [pool-694-thread-1] INFO  server.RaftServerConfigKeys (ConfUtils.java:logGet(44)) - raft.server.log.appender.buffer.byte-limit = 33554432 (custom)
2022-04-24 04:18:12,900 [pool-694-thread-1] INFO  server.RaftServerConfigKeys (ConfUtils.java:logGet(44)) - raft.server.log.segment.size.max = 1048576 (custom)
2022-04-24 04:18:12,900 [pool-694-thread-1] INFO  server.RaftServerConfigKeys (ConfUtils.java:logGet(44)) - raft.server.log.segment.cache.num.max = 2 (custom)
2022-04-24 04:18:12,900 [pool-694-thread-1] INFO  server.RaftServerConfigKeys (ConfUtils.java:logGet(44)) - raft.server.log.segment.cache.size.max = 200MB (=209715200) (default)
2022-04-24 04:18:12,900 [pool-694-thread-1] INFO  segmented.SegmentedRaftLogWorker (SegmentedRaftLogWorker.java:<init>(182)) - new 438da751-ffe1-4787-af39-168936e85d29@group-61DC4A925AB4-SegmentedRaftLogWorker for RaftStorageImpl:Storage Directory /home/runner/work/ozone/ozone/hadoop-ozone/integration-test/target/test-dir/MiniOzoneClusterImpl-db3b6155-0a61-4c23-9e75-9b22dbc84111/datanode-1/data/ratis/e970c54d-f6e5-433b-8e20-61dc4a925ab4
2022-04-24 04:18:12,900 [pool-694-thread-1] INFO  server.RaftServerConfigKeys (ConfUtils.java:logGet(44)) - raft.server.log.queue.byte-limit = 4294967296 (custom)
2022-04-24 04:18:12,900 [pool-694-thread-1] INFO  server.RaftServerConfigKeys (ConfUtils.java:logGet(44)) - raft.server.log.queue.element-limit = 1024 (custom)
2022-04-24 04:18:12,901 [pool-694-thread-1] INFO  server.RaftServerConfigKeys (ConfUtils.java:logGet(44)) - raft.server.log.segment.size.max = 1048576 (custom)
2022-04-24 04:18:12,901 [pool-694-thread-1] INFO  server.RaftServerConfigKeys (ConfUtils.java:logGet(44)) - raft.server.log.preallocated.size = 16384 (custom)
2022-04-24 04:18:12,901 [pool-694-thread-1] INFO  server.RaftServerConfigKeys (ConfUtils.java:logGet(44)) - raft.server.log.force.sync.num = 128 (default)
2022-04-24 04:18:12,901 [pool-694-thread-1] INFO  server.RaftServerConfigKeys (ConfUtils.java:logGet(44)) - raft.server.log.statemachine.data.sync = true (default)
2022-04-24 04:18:12,901 [pool-694-thread-1] INFO  server.RaftServerConfigKeys (ConfUtils.java:logGet(44)) - raft.server.log.statemachine.data.sync.timeout = 10s (default)
2022-04-24 04:18:12,901 [pool-694-thread-1] INFO  server.RaftServerConfigKeys (ConfUtils.java:logGet(44)) - raft.server.log.statemachine.data.sync.timeout.retry = -1 (default)
2022-04-24 04:18:12,902 [pool-694-thread-1] INFO  server.RaftServerConfigKeys (ConfUtils.java:logGet(44)) - raft.server.log.write.buffer.size = 1048576 (custom)
2022-04-24 04:18:12,902 [pool-694-thread-1] INFO  server.RaftServerConfigKeys (ConfUtils.java:logGet(44)) - raft.server.log.statemachine.data.caching.enabled = true (custom)
2022-04-24 04:18:12,902 [pool-694-thread-1] INFO  segmented.SegmentedRaftLogWorker (SegmentedRaftLogWorker.java:lambda$new$0(133)) - 438da751-ffe1-4787-af39-168936e85d29@group-61DC4A925AB4-SegmentedRaftLogWorker: flushIndex: setUnconditionally 0 -> -1
2022-04-24 04:18:12,902 [pool-694-thread-1] INFO  segmented.SegmentedRaftLogWorker (SegmentedRaftLogWorker.java:lambda$new$0(133)) - 438da751-ffe1-4787-af39-168936e85d29@group-61DC4A925AB4-SegmentedRaftLogWorker: safeCacheEvictIndex: setUnconditionally 0 -> -1
2022-04-24 04:18:12,904 [EventQueue-PipelineReportForPipelineReportHandler] INFO  pipeline.PipelineManagerImpl (PipelineManagerImpl.java:openPipeline(321)) - Pipeline Pipeline[ Id: e970c54d-f6e5-433b-8e20-61dc4a925ab4, Nodes: 438da751-ffe1-4787-af39-168936e85d29{ip: 10.1.0.15, host: fv-az50-870.grzltbmokehuzjyc5b133kdqgh.cx.internal.cloudapp.net, ports: [REPLICATION=40473, RATIS=45355, RATIS_ADMIN=45355, RATIS_SERVER=45355, STANDALONE=38113], networkLocation: /default-rack, certSerialId: null, persistedOpState: IN_SERVICE, persistedOpStateExpiryEpochSec: 0}, ReplicationConfig: RATIS/ONE, State:ALLOCATED, leaderId:438da751-ffe1-4787-af39-168936e85d29, CreationTimestamp2022-04-24T04:18:09.834Z[Etc/UTC]] moved to OPEN state
2022-04-24 04:18:12,904 [EventQueue-OpenPipelineForHealthyPipelineSafeModeRule] INFO  safemode.SCMSafeModeManager (HealthyPipelineSafeModeRule.java:process(124)) - SCM in safe mode. Healthy pipelines reported count is 0, required healthy pipeline reported count is 1
2022-04-24 04:18:12,906 [pool-715-thread-1] INFO  storage.RaftStorage (RaftStorageImpl.java:format(89)) - Storage directory /home/runner/work/ozone/ozone/hadoop-ozone/integration-test/target/test-dir/MiniOzoneClusterImpl-db3b6155-0a61-4c23-9e75-9b22dbc84111/datanode-2/data/ratis/15131b6b-0765-482f-94cc-a96aadb4029c has been successfully formatted.
2022-04-24 04:18:12,929 [pool-715-thread-1] INFO  ratis.ContainerStateMachine (ContainerStateMachine.java:loadSnapshot(236)) - group-A96AADB4029C: The snapshot info is null. Setting the last applied indexto:(t:0, i:~)
2022-04-24 04:18:12,930 [pool-715-thread-1] INFO  server.RaftServerConfigKeys (ConfUtils.java:logGet(44)) - raft.server.notification.no-leader.timeout = 300s (custom)
2022-04-24 04:18:12,930 [pool-715-thread-1] INFO  server.RaftServerConfigKeys (ConfUtils.java:logGet(44)) - raft.server.log.use.memory = false (default)
2022-04-24 04:18:12,930 [pool-715-thread-1] INFO  server.RaftServerConfigKeys (ConfUtils.java:logGet(44)) - raft.server.log.purge.gap = 1000000 (custom)
2022-04-24 04:18:12,930 [pool-715-thread-1] INFO  server.RaftServerConfigKeys (ConfUtils.java:logGet(44)) - raft.server.log.appender.buffer.byte-limit = 33554432 (custom)
2022-04-24 04:18:12,930 [pool-715-thread-1] INFO  server.RaftServerConfigKeys (ConfUtils.java:logGet(44)) - raft.server.log.segment.size.max = 1048576 (custom)
2022-04-24 04:18:12,931 [pool-715-thread-1] INFO  server.RaftServerConfigKeys (ConfUtils.java:logGet(44)) - raft.server.log.segment.cache.num.max = 2 (custom)
2022-04-24 04:18:12,931 [pool-715-thread-1] INFO  server.RaftServerConfigKeys (ConfUtils.java:logGet(44)) - raft.server.log.segment.cache.size.max = 200MB (=209715200) (default)
2022-04-24 04:18:12,931 [pool-715-thread-1] INFO  segmented.SegmentedRaftLogWorker (SegmentedRaftLogWorker.java:<init>(182)) - new 3c8f196b-f336-4cca-b7e0-24f945f171e6@group-A96AADB4029C-SegmentedRaftLogWorker for RaftStorageImpl:Storage Directory /home/runner/work/ozone/ozone/hadoop-ozone/integration-test/target/test-dir/MiniOzoneClusterImpl-db3b6155-0a61-4c23-9e75-9b22dbc84111/datanode-2/data/ratis/15131b6b-0765-482f-94cc-a96aadb4029c
2022-04-24 04:18:12,931 [pool-715-thread-1] INFO  server.RaftServerConfigKeys (ConfUtils.java:logGet(44)) - raft.server.log.queue.byte-limit = 4294967296 (custom)
2022-04-24 04:18:12,931 [pool-715-thread-1] INFO  server.RaftServerConfigKeys (ConfUtils.java:logGet(44)) - raft.server.log.queue.element-limit = 1024 (custom)
2022-04-24 04:18:12,931 [pool-715-thread-1] INFO  server.RaftServerConfigKeys (ConfUtils.java:logGet(44)) - raft.server.log.segment.size.max = 1048576 (custom)
2022-04-24 04:18:12,931 [pool-715-thread-1] INFO  server.RaftServerConfigKeys (ConfUtils.java:logGet(44)) - raft.server.log.preallocated.size = 16384 (custom)
2022-04-24 04:18:12,931 [pool-715-thread-1] INFO  server.RaftServerConfigKeys (ConfUtils.java:logGet(44)) - raft.server.log.force.sync.num = 128 (default)
2022-04-24 04:18:12,931 [pool-715-thread-1] INFO  server.RaftServerConfigKeys (ConfUtils.java:logGet(44)) - raft.server.log.statemachine.data.sync = true (default)
2022-04-24 04:18:12,931 [pool-715-thread-1] INFO  server.RaftServerConfigKeys (ConfUtils.java:logGet(44)) - raft.server.log.statemachine.data.sync.timeout = 10s (default)
2022-04-24 04:18:12,931 [pool-715-thread-1] INFO  server.RaftServerConfigKeys (ConfUtils.java:logGet(44)) - raft.server.log.statemachine.data.sync.timeout.retry = -1 (default)
2022-04-24 04:18:12,932 [pool-715-thread-1] INFO  server.RaftServerConfigKeys (ConfUtils.java:logGet(44)) - raft.server.log.write.buffer.size = 1048576 (custom)
2022-04-24 04:18:12,932 [pool-715-thread-1] INFO  server.RaftServerConfigKeys (ConfUtils.java:logGet(44)) - raft.server.log.statemachine.data.caching.enabled = true (custom)
2022-04-24 04:18:12,933 [pool-715-thread-1] INFO  segmented.SegmentedRaftLogWorker (SegmentedRaftLogWorker.java:lambda$new$0(133)) - 3c8f196b-f336-4cca-b7e0-24f945f171e6@group-A96AADB4029C-SegmentedRaftLogWorker: flushIndex: setUnconditionally 0 -> -1
2022-04-24 04:18:12,933 [pool-715-thread-1] INFO  segmented.SegmentedRaftLogWorker (SegmentedRaftLogWorker.java:lambda$new$0(133)) - 3c8f196b-f336-4cca-b7e0-24f945f171e6@group-A96AADB4029C-SegmentedRaftLogWorker: safeCacheEvictIndex: setUnconditionally 0 -> -1
2022-04-24 04:18:12,961 [pool-715-thread-1] INFO  server.RaftServerConfigKeys (ConfUtils.java:logGet(44)) - raft.server.snapshot.auto.trigger.enabled = true (custom)
2022-04-24 04:18:12,961 [pool-715-thread-1] INFO  server.RaftServerConfigKeys (ConfUtils.java:logGet(44)) - raft.server.snapshot.auto.trigger.threshold = 10000 (custom)
2022-04-24 04:18:12,962 [pool-715-thread-1] INFO  server.RaftServerConfigKeys (ConfUtils.java:logGet(44)) - raft.server.snapshot.retention.file.num = 5 (custom)
2022-04-24 04:18:12,962 [pool-715-thread-1] INFO  server.RaftServerConfigKeys (ConfUtils.java:logGet(44)) - raft.server.log.purge.upto.snapshot.index = false (default)
2022-04-24 04:18:12,962 [pool-715-thread-1] INFO  server.RaftServerConfigKeys (ConfUtils.java:logGet(44)) - raft.server.retrycache.expirytime = 600000ms (custom)
2022-04-24 04:18:12,962 [pool-715-thread-1] INFO  server.RaftServerConfigKeys (ConfUtils.java:logGet(44)) - raft.server.retrycache.statistics.expirytime = 100μs (default)
2022-04-24 04:18:12,963 [pool-715-thread-1] INFO  server.RaftServer$Division (RaftServerImpl.java:start(301)) - 3c8f196b-f336-4cca-b7e0-24f945f171e6@group-A96AADB4029C: start as a follower, conf=-1: [d419d700-ddf7-43da-8a6c-bfb8eedae9d7|rpc:10.1.0.15:39835|dataStream:|priority:0, 438da751-ffe1-4787-af39-168936e85d29|rpc:10.1.0.15:45355|dataStream:|priority:0, 3c8f196b-f336-4cca-b7e0-24f945f171e6|rpc:10.1.0.15:39931|dataStream:|priority:1], old=null
2022-04-24 04:18:12,963 [pool-715-thread-1] INFO  server.RaftServer$Division (RaftServerImpl.java:setRole(290)) - 3c8f196b-f336-4cca-b7e0-24f945f171e6@group-A96AADB4029C: changes role from      null to FOLLOWER at term 0 for startAsFollower
2022-04-24 04:18:12,963 [pool-715-thread-1] INFO  impl.RoleInfo (RoleInfo.java:updateAndGet(130)) - 3c8f196b-f336-4cca-b7e0-24f945f171e6: start 3c8f196b-f336-4cca-b7e0-24f945f171e6@group-A96AADB4029C-FollowerState
2022-04-24 04:18:12,972 [pool-715-thread-1] INFO  util.JmxRegister (JmxRegister.java:tryRegister(44)) - Successfully registered JMX Bean with object name Ratis:service=RaftServer,group=group-A96AADB4029C,id=3c8f196b-f336-4cca-b7e0-24f945f171e6
2022-04-24 04:18:12,993 [pool-694-thread-1] INFO  server.RaftServerConfigKeys (ConfUtils.java:logGet(44)) - raft.server.snapshot.auto.trigger.enabled = true (custom)
2022-04-24 04:18:12,993 [pool-694-thread-1] INFO  server.RaftServerConfigKeys (ConfUtils.java:logGet(44)) - raft.server.snapshot.auto.trigger.threshold = 10000 (custom)
2022-04-24 04:18:12,993 [pool-694-thread-1] INFO  server.RaftServerConfigKeys (ConfUtils.java:logGet(44)) - raft.server.snapshot.retention.file.num = 5 (custom)
2022-04-24 04:18:12,993 [pool-694-thread-1] INFO  server.RaftServerConfigKeys (ConfUtils.java:logGet(44)) - raft.server.log.purge.upto.snapshot.index = false (default)
2022-04-24 04:18:12,993 [pool-694-thread-1] INFO  server.RaftServerConfigKeys (ConfUtils.java:logGet(44)) - raft.server.retrycache.expirytime = 600000ms (custom)
2022-04-24 04:18:12,993 [pool-694-thread-1] INFO  server.RaftServerConfigKeys (ConfUtils.java:logGet(44)) - raft.server.retrycache.statistics.expirytime = 100μs (default)
2022-04-24 04:18:12,994 [pool-694-thread-1] INFO  server.RaftServer$Division (RaftServerImpl.java:start(301)) - 438da751-ffe1-4787-af39-168936e85d29@group-61DC4A925AB4: start as a follower, conf=-1: [438da751-ffe1-4787-af39-168936e85d29|rpc:10.1.0.15:45355|priority:1], old=null
2022-04-24 04:18:12,995 [pool-694-thread-1] INFO  server.RaftServer$Division (RaftServerImpl.java:setRole(290)) - 438da751-ffe1-4787-af39-168936e85d29@group-61DC4A925AB4: changes role from      null to FOLLOWER at term 0 for startAsFollower
2022-04-24 04:18:12,995 [pool-694-thread-1] INFO  impl.RoleInfo (RoleInfo.java:updateAndGet(130)) - 438da751-ffe1-4787-af39-168936e85d29: start 438da751-ffe1-4787-af39-168936e85d29@group-61DC4A925AB4-FollowerState
2022-04-24 04:18:12,996 [pool-694-thread-1] INFO  util.JmxRegister (JmxRegister.java:tryRegister(44)) - Successfully registered JMX Bean with object name Ratis:service=RaftServer,group=group-61DC4A925AB4,id=438da751-ffe1-4787-af39-168936e85d29
2022-04-24 04:18:12,996 [Command processor thread] INFO  ratis.XceiverServerRatis (XceiverServerRatis.java:addGroup(765)) - Created group PipelineID=e970c54d-f6e5-433b-8e20-61dc4a925ab4
2022-04-24 04:18:12,997 [Command processor thread] INFO  commandhandler.CreatePipelineCommandHandler (CreatePipelineCommandHandler.java:handle(113)) - Created Pipeline RATIS ONE PipelineID=e970c54d-f6e5-433b-8e20-61dc4a925ab4.
2022-04-24 04:18:12,997 [Command processor thread] INFO  server.RaftServer (RaftServerProxy.java:addNew(95)) - 438da751-ffe1-4787-af39-168936e85d29: addNew group-61F8D1A464C8:[438da751-ffe1-4787-af39-168936e85d29|rpc:10.1.0.15:45355|priority:1, d419d700-ddf7-43da-8a6c-bfb8eedae9d7|rpc:10.1.0.15:39835|priority:0, 3c8f196b-f336-4cca-b7e0-24f945f171e6|rpc:10.1.0.15:39931|priority:0] returns group-61F8D1A464C8:java.util.concurrent.CompletableFuture@2ab99f81[Not completed]
2022-04-24 04:18:12,997 [pool-694-thread-1] INFO  server.RaftServer$Division (RaftServerImpl.java:<init>(184)) - 438da751-ffe1-4787-af39-168936e85d29: new RaftServerImpl for group-61F8D1A464C8:[438da751-ffe1-4787-af39-168936e85d29|rpc:10.1.0.15:45355|priority:1, d419d700-ddf7-43da-8a6c-bfb8eedae9d7|rpc:10.1.0.15:39835|priority:0, 3c8f196b-f336-4cca-b7e0-24f945f171e6|rpc:10.1.0.15:39931|priority:0] with ContainerStateMachine:uninitialized
2022-04-24 04:18:12,998 [pool-694-thread-1] INFO  server.RaftServerConfigKeys (ConfUtils.java:logGet(44)) - raft.server.rpc.timeout.min = 5s (custom)
2022-04-24 04:18:12,998 [pool-694-thread-1] INFO  server.RaftServerConfigKeys (ConfUtils.java:logGet(44)) - raft.server.rpc.timeout.max = 5200ms (custom)
2022-04-24 04:18:12,998 [pool-694-thread-1] INFO  server.RaftServerConfigKeys (ConfUtils.java:logGet(44)) - raft.server.rpc.sleep.time = 25ms (default)
2022-04-24 04:18:12,998 [pool-694-thread-1] INFO  server.RaftServerConfigKeys (ConfUtils.java:logGet(44)) - raft.server.rpc.slowness.timeout = 300s (custom)
2022-04-24 04:18:12,998 [pool-694-thread-1] INFO  server.RaftServerConfigKeys (ConfUtils.java:logGet(44)) - raft.server.leaderelection.leader.step-down.wait-time = 10s (default)
2022-04-24 04:18:12,998 [pool-694-thread-1] INFO  server.RaftServerConfigKeys (ConfUtils.java:logGet(44)) - raft.server.sleep.deviation.threshold = 300ms (default)
2022-04-24 04:18:12,998 [pool-694-thread-1] INFO  server.RaftServerConfigKeys (ConfUtils.java:logGet(44)) - raft.server.log.appender.install.snapshot.enabled = false (custom)
2022-04-24 04:18:12,998 [pool-694-thread-1] INFO  server.RaftServer$Division (ServerState.java:<init>(105)) - 438da751-ffe1-4787-af39-168936e85d29@group-61F8D1A464C8: ConfigurationManager, init=-1: [438da751-ffe1-4787-af39-168936e85d29|rpc:10.1.0.15:45355|priority:1, d419d700-ddf7-43da-8a6c-bfb8eedae9d7|rpc:10.1.0.15:39835|priority:0, 3c8f196b-f336-4cca-b7e0-24f945f171e6|rpc:10.1.0.15:39931|priority:0], old=null, confs=<EMPTY_MAP>
2022-04-24 04:18:12,998 [pool-694-thread-1] INFO  server.RaftServerConfigKeys (ConfUtils.java:logGet(44)) - raft.server.storage.dir = [/home/runner/work/ozone/ozone/hadoop-ozone/integration-test/target/test-dir/MiniOzoneClusterImpl-db3b6155-0a61-4c23-9e75-9b22dbc84111/datanode-1/data/ratis] (custom)
2022-04-24 04:18:12,998 [pool-694-thread-1] INFO  server.RaftServerConfigKeys (ConfUtils.java:logGet(44)) - raft.server.log.corruption.policy = EXCEPTION (default)
2022-04-24 04:18:12,998 [pool-694-thread-1] INFO  server.RaftServerConfigKeys (ConfUtils.java:logGet(44)) - raft.server.storage.free-space.min = 0MB (=0) (default)
2022-04-24 04:18:12,998 [pool-694-thread-1] INFO  storage.RaftStorageDirectory (RaftStorageDirectoryImpl.java:analyzeStorage(135)) - The storage directory /home/runner/work/ozone/ozone/hadoop-ozone/integration-test/target/test-dir/MiniOzoneClusterImpl-db3b6155-0a61-4c23-9e75-9b22dbc84111/datanode-1/data/ratis/4fc68c91-64e9-4c3a-a9e1-61f8d1a464c8 does not exist. Creating ...
2022-04-24 04:18:13,012 [Command processor thread] INFO  commandhandler.CreatePipelineCommandHandler (CreatePipelineCommandHandler.java:handle(113)) - Created Pipeline RATIS THREE PipelineID=15131b6b-0765-482f-94cc-a96aadb4029c.
2022-04-24 04:18:13,013 [Command processor thread] INFO  server.RaftServer (RaftServerProxy.java:addNew(95)) - d419d700-ddf7-43da-8a6c-bfb8eedae9d7: addNew group-61F8D1A464C8:[438da751-ffe1-4787-af39-168936e85d29|rpc:10.1.0.15:45355|priority:1, d419d700-ddf7-43da-8a6c-bfb8eedae9d7|rpc:10.1.0.15:39835|priority:0, 3c8f196b-f336-4cca-b7e0-24f945f171e6|rpc:10.1.0.15:39931|priority:0] returns group-61F8D1A464C8:java.util.concurrent.CompletableFuture@71059a56[Not completed]
2022-04-24 04:18:13,013 [pool-673-thread-1] INFO  server.RaftServer$Division (RaftServerImpl.java:<init>(184)) - d419d700-ddf7-43da-8a6c-bfb8eedae9d7: new RaftServerImpl for group-61F8D1A464C8:[438da751-ffe1-4787-af39-168936e85d29|rpc:10.1.0.15:45355|priority:1, d419d700-ddf7-43da-8a6c-bfb8eedae9d7|rpc:10.1.0.15:39835|priority:0, 3c8f196b-f336-4cca-b7e0-24f945f171e6|rpc:10.1.0.15:39931|priority:0] with ContainerStateMachine:uninitialized
2022-04-24 04:18:13,013 [pool-673-thread-1] INFO  server.RaftServerConfigKeys (ConfUtils.java:logGet(44)) - raft.server.rpc.timeout.min = 5s (custom)
2022-04-24 04:18:13,014 [pool-673-thread-1] INFO  server.RaftServerConfigKeys (ConfUtils.java:logGet(44)) - raft.server.rpc.timeout.max = 5200ms (custom)
2022-04-24 04:18:13,014 [pool-673-thread-1] INFO  server.RaftServerConfigKeys (ConfUtils.java:logGet(44)) - raft.server.rpc.sleep.time = 25ms (default)
2022-04-24 04:18:13,014 [pool-673-thread-1] INFO  server.RaftServerConfigKeys (ConfUtils.java:logGet(44)) - raft.server.rpc.slowness.timeout = 300s (custom)
2022-04-24 04:18:13,014 [pool-673-thread-1] INFO  server.RaftServerConfigKeys (ConfUtils.java:logGet(44)) - raft.server.leaderelection.leader.step-down.wait-time = 10s (default)
2022-04-24 04:18:13,014 [pool-673-thread-1] INFO  server.RaftServerConfigKeys (ConfUtils.java:logGet(44)) - raft.server.sleep.deviation.threshold = 300ms (default)
2022-04-24 04:18:13,014 [pool-673-thread-1] INFO  server.RaftServerConfigKeys (ConfUtils.java:logGet(44)) - raft.server.log.appender.install.snapshot.enabled = false (custom)
2022-04-24 04:18:13,014 [pool-673-thread-1] INFO  server.RaftServer$Division (ServerState.java:<init>(105)) - d419d700-ddf7-43da-8a6c-bfb8eedae9d7@group-61F8D1A464C8: ConfigurationManager, init=-1: [438da751-ffe1-4787-af39-168936e85d29|rpc:10.1.0.15:45355|priority:1, d419d700-ddf7-43da-8a6c-bfb8eedae9d7|rpc:10.1.0.15:39835|priority:0, 3c8f196b-f336-4cca-b7e0-24f945f171e6|rpc:10.1.0.15:39931|priority:0], old=null, confs=<EMPTY_MAP>
2022-04-24 04:18:13,014 [pool-673-thread-1] INFO  server.RaftServerConfigKeys (ConfUtils.java:logGet(44)) - raft.server.storage.dir = [/home/runner/work/ozone/ozone/hadoop-ozone/integration-test/target/test-dir/MiniOzoneClusterImpl-db3b6155-0a61-4c23-9e75-9b22dbc84111/datanode-0/data/ratis] (custom)
2022-04-24 04:18:13,014 [pool-673-thread-1] INFO  server.RaftServerConfigKeys (ConfUtils.java:logGet(44)) - raft.server.log.corruption.policy = EXCEPTION (default)
2022-04-24 04:18:13,014 [pool-673-thread-1] INFO  server.RaftServerConfigKeys (ConfUtils.java:logGet(44)) - raft.server.storage.free-space.min = 0MB (=0) (default)
2022-04-24 04:18:13,014 [pool-673-thread-1] INFO  storage.RaftStorageDirectory (RaftStorageDirectoryImpl.java:analyzeStorage(135)) - The storage directory /home/runner/work/ozone/ozone/hadoop-ozone/integration-test/target/test-dir/MiniOzoneClusterImpl-db3b6155-0a61-4c23-9e75-9b22dbc84111/datanode-0/data/ratis/4fc68c91-64e9-4c3a-a9e1-61f8d1a464c8 does not exist. Creating ...
2022-04-24 04:18:13,015 [pool-673-thread-1] INFO  storage.RaftStorageDirectory (RaftStorageDirectoryImpl.java:tryLock(230)) - Lock on /home/runner/work/ozone/ozone/hadoop-ozone/integration-test/target/test-dir/MiniOzoneClusterImpl-db3b6155-0a61-4c23-9e75-9b22dbc84111/datanode-0/data/ratis/4fc68c91-64e9-4c3a-a9e1-61f8d1a464c8/in_use.lock acquired by nodename 18665@fv-az50-870
2022-04-24 04:18:13,015 [pool-694-thread-1] INFO  storage.RaftStorageDirectory (RaftStorageDirectoryImpl.java:tryLock(230)) - Lock on /home/runner/work/ozone/ozone/hadoop-ozone/integration-test/target/test-dir/MiniOzoneClusterImpl-db3b6155-0a61-4c23-9e75-9b22dbc84111/datanode-1/data/ratis/4fc68c91-64e9-4c3a-a9e1-61f8d1a464c8/in_use.lock acquired by nodename 18665@fv-az50-870
2022-04-24 04:18:13,023 [pool-694-thread-1] INFO  storage.RaftStorage (RaftStorageImpl.java:format(89)) - Storage directory /home/runner/work/ozone/ozone/hadoop-ozone/integration-test/target/test-dir/MiniOzoneClusterImpl-db3b6155-0a61-4c23-9e75-9b22dbc84111/datanode-1/data/ratis/4fc68c91-64e9-4c3a-a9e1-61f8d1a464c8 has been successfully formatted.
2022-04-24 04:18:13,023 [pool-673-thread-1] INFO  storage.RaftStorage (RaftStorageImpl.java:format(89)) - Storage directory /home/runner/work/ozone/ozone/hadoop-ozone/integration-test/target/test-dir/MiniOzoneClusterImpl-db3b6155-0a61-4c23-9e75-9b22dbc84111/datanode-0/data/ratis/4fc68c91-64e9-4c3a-a9e1-61f8d1a464c8 has been successfully formatted.
2022-04-24 04:18:13,023 [pool-694-thread-1] INFO  ratis.ContainerStateMachine (ContainerStateMachine.java:loadSnapshot(236)) - group-61F8D1A464C8: The snapshot info is null. Setting the last applied indexto:(t:0, i:~)
2022-04-24 04:18:13,023 [pool-694-thread-1] INFO  server.RaftServerConfigKeys (ConfUtils.java:logGet(44)) - raft.server.notification.no-leader.timeout = 300s (custom)
2022-04-24 04:18:13,023 [pool-694-thread-1] INFO  server.RaftServerConfigKeys (ConfUtils.java:logGet(44)) - raft.server.log.use.memory = false (default)
2022-04-24 04:18:13,024 [pool-694-thread-1] INFO  server.RaftServerConfigKeys (ConfUtils.java:logGet(44)) - raft.server.log.purge.gap = 1000000 (custom)
2022-04-24 04:18:13,024 [pool-694-thread-1] INFO  server.RaftServerConfigKeys (ConfUtils.java:logGet(44)) - raft.server.log.appender.buffer.byte-limit = 33554432 (custom)
2022-04-24 04:18:13,024 [pool-694-thread-1] INFO  server.RaftServerConfigKeys (ConfUtils.java:logGet(44)) - raft.server.log.segment.size.max = 1048576 (custom)
2022-04-24 04:18:13,024 [pool-694-thread-1] INFO  server.RaftServerConfigKeys (ConfUtils.java:logGet(44)) - raft.server.log.segment.cache.num.max = 2 (custom)
2022-04-24 04:18:13,024 [pool-694-thread-1] INFO  server.RaftServerConfigKeys (ConfUtils.java:logGet(44)) - raft.server.log.segment.cache.size.max = 200MB (=209715200) (default)
2022-04-24 04:18:13,024 [pool-694-thread-1] INFO  segmented.SegmentedRaftLogWorker (SegmentedRaftLogWorker.java:<init>(182)) - new 438da751-ffe1-4787-af39-168936e85d29@group-61F8D1A464C8-SegmentedRaftLogWorker for RaftStorageImpl:Storage Directory /home/runner/work/ozone/ozone/hadoop-ozone/integration-test/target/test-dir/MiniOzoneClusterImpl-db3b6155-0a61-4c23-9e75-9b22dbc84111/datanode-1/data/ratis/4fc68c91-64e9-4c3a-a9e1-61f8d1a464c8
2022-04-24 04:18:13,024 [pool-694-thread-1] INFO  server.RaftServerConfigKeys (ConfUtils.java:logGet(44)) - raft.server.log.queue.byte-limit = 4294967296 (custom)
2022-04-24 04:18:13,024 [pool-694-thread-1] INFO  server.RaftServerConfigKeys (ConfUtils.java:logGet(44)) - raft.server.log.queue.element-limit = 1024 (custom)
2022-04-24 04:18:13,024 [pool-694-thread-1] INFO  server.RaftServerConfigKeys (ConfUtils.java:logGet(44)) - raft.server.log.segment.size.max = 1048576 (custom)
2022-04-24 04:18:13,024 [pool-694-thread-1] INFO  server.RaftServerConfigKeys (ConfUtils.java:logGet(44)) - raft.server.log.preallocated.size = 16384 (custom)
2022-04-24 04:18:13,024 [pool-694-thread-1] INFO  server.RaftServerConfigKeys (ConfUtils.java:logGet(44)) - raft.server.log.force.sync.num = 128 (default)
2022-04-24 04:18:13,024 [pool-694-thread-1] INFO  server.RaftServerConfigKeys (ConfUtils.java:logGet(44)) - raft.server.log.statemachine.data.sync = true (default)
2022-04-24 04:18:13,024 [pool-694-thread-1] INFO  server.RaftServerConfigKeys (ConfUtils.java:logGet(44)) - raft.server.log.statemachine.data.sync.timeout = 10s (default)
2022-04-24 04:18:13,024 [pool-694-thread-1] INFO  server.RaftServerConfigKeys (ConfUtils.java:logGet(44)) - raft.server.log.statemachine.data.sync.timeout.retry = -1 (default)
2022-04-24 04:18:13,030 [EventQueue-OpenPipelineForHealthyPipelineSafeModeRule] INFO  safemode.SCMSafeModeManager (HealthyPipelineSafeModeRule.java:process(124)) - SCM in safe mode. Healthy pipelines reported count is 0, required healthy pipeline reported count is 1
2022-04-24 04:18:13,030 [pool-694-thread-1] INFO  server.RaftServerConfigKeys (ConfUtils.java:logGet(44)) - raft.server.log.write.buffer.size = 1048576 (custom)
2022-04-24 04:18:13,031 [pool-694-thread-1] INFO  server.RaftServerConfigKeys (ConfUtils.java:logGet(44)) - raft.server.log.statemachine.data.caching.enabled = true (custom)
2022-04-24 04:18:13,031 [pool-694-thread-1] INFO  segmented.SegmentedRaftLogWorker (SegmentedRaftLogWorker.java:lambda$new$0(133)) - 438da751-ffe1-4787-af39-168936e85d29@group-61F8D1A464C8-SegmentedRaftLogWorker: flushIndex: setUnconditionally 0 -> -1
2022-04-24 04:18:13,031 [pool-694-thread-1] INFO  segmented.SegmentedRaftLogWorker (SegmentedRaftLogWorker.java:lambda$new$0(133)) - 438da751-ffe1-4787-af39-168936e85d29@group-61F8D1A464C8-SegmentedRaftLogWorker: safeCacheEvictIndex: setUnconditionally 0 -> -1
2022-04-24 04:18:13,031 [pool-694-thread-1] INFO  server.RaftServerConfigKeys (ConfUtils.java:logGet(44)) - raft.server.snapshot.auto.trigger.enabled = true (custom)
2022-04-24 04:18:13,031 [pool-694-thread-1] INFO  server.RaftServerConfigKeys (ConfUtils.java:logGet(44)) - raft.server.snapshot.auto.trigger.threshold = 10000 (custom)
2022-04-24 04:18:13,031 [pool-694-thread-1] INFO  server.RaftServerConfigKeys (ConfUtils.java:logGet(44)) - raft.server.snapshot.retention.file.num = 5 (custom)
2022-04-24 04:18:13,031 [pool-694-thread-1] INFO  server.RaftServerConfigKeys (ConfUtils.java:logGet(44)) - raft.server.log.purge.upto.snapshot.index = false (default)
2022-04-24 04:18:13,031 [pool-694-thread-1] INFO  server.RaftServerConfigKeys (ConfUtils.java:logGet(44)) - raft.server.retrycache.expirytime = 600000ms (custom)
2022-04-24 04:18:13,031 [pool-694-thread-1] INFO  server.RaftServerConfigKeys (ConfUtils.java:logGet(44)) - raft.server.retrycache.statistics.expirytime = 100μs (default)
2022-04-24 04:18:13,032 [pool-694-thread-1] INFO  server.RaftServer$Division (RaftServerImpl.java:start(301)) - 438da751-ffe1-4787-af39-168936e85d29@group-61F8D1A464C8: start as a follower, conf=-1: [438da751-ffe1-4787-af39-168936e85d29|rpc:10.1.0.15:45355|priority:1, d419d700-ddf7-43da-8a6c-bfb8eedae9d7|rpc:10.1.0.15:39835|priority:0, 3c8f196b-f336-4cca-b7e0-24f945f171e6|rpc:10.1.0.15:39931|priority:0], old=null
2022-04-24 04:18:13,032 [pool-694-thread-1] INFO  server.RaftServer$Division (RaftServerImpl.java:setRole(290)) - 438da751-ffe1-4787-af39-168936e85d29@group-61F8D1A464C8: changes role from      null to FOLLOWER at term 0 for startAsFollower
2022-04-24 04:18:13,032 [pool-694-thread-1] INFO  impl.RoleInfo (RoleInfo.java:updateAndGet(130)) - 438da751-ffe1-4787-af39-168936e85d29: start 438da751-ffe1-4787-af39-168936e85d29@group-61F8D1A464C8-FollowerState
2022-04-24 04:18:13,049 [pool-694-thread-1] INFO  util.JmxRegister (JmxRegister.java:tryRegister(44)) - Successfully registered JMX Bean with object name Ratis:service=RaftServer,group=group-61F8D1A464C8,id=438da751-ffe1-4787-af39-168936e85d29
2022-04-24 04:18:13,056 [Command processor thread] INFO  ratis.XceiverServerRatis (XceiverServerRatis.java:addGroup(765)) - Created group PipelineID=4fc68c91-64e9-4c3a-a9e1-61f8d1a464c8
2022-04-24 04:18:13,060 [pool-673-thread-1] INFO  ratis.ContainerStateMachine (ContainerStateMachine.java:loadSnapshot(236)) - group-61F8D1A464C8: The snapshot info is null. Setting the last applied indexto:(t:0, i:~)
2022-04-24 04:18:13,060 [pool-673-thread-1] INFO  server.RaftServerConfigKeys (ConfUtils.java:logGet(44)) - raft.server.notification.no-leader.timeout = 300s (custom)
2022-04-24 04:18:13,060 [pool-673-thread-1] INFO  server.RaftServerConfigKeys (ConfUtils.java:logGet(44)) - raft.server.log.use.memory = false (default)
2022-04-24 04:18:13,060 [pool-673-thread-1] INFO  server.RaftServerConfigKeys (ConfUtils.java:logGet(44)) - raft.server.log.purge.gap = 1000000 (custom)
2022-04-24 04:18:13,060 [pool-673-thread-1] INFO  server.RaftServerConfigKeys (ConfUtils.java:logGet(44)) - raft.server.log.appender.buffer.byte-limit = 33554432 (custom)
2022-04-24 04:18:13,061 [pool-673-thread-1] INFO  server.RaftServerConfigKeys (ConfUtils.java:logGet(44)) - raft.server.log.segment.size.max = 1048576 (custom)
2022-04-24 04:18:13,061 [pool-673-thread-1] INFO  server.RaftServerConfigKeys (ConfUtils.java:logGet(44)) - raft.server.log.segment.cache.num.max = 2 (custom)
2022-04-24 04:18:13,061 [pool-673-thread-1] INFO  server.RaftServerConfigKeys (ConfUtils.java:logGet(44)) - raft.server.log.segment.cache.size.max = 200MB (=209715200) (default)
2022-04-24 04:18:13,061 [pool-673-thread-1] INFO  segmented.SegmentedRaftLogWorker (SegmentedRaftLogWorker.java:<init>(182)) - new d419d700-ddf7-43da-8a6c-bfb8eedae9d7@group-61F8D1A464C8-SegmentedRaftLogWorker for RaftStorageImpl:Storage Directory /home/runner/work/ozone/ozone/hadoop-ozone/integration-test/target/test-dir/MiniOzoneClusterImpl-db3b6155-0a61-4c23-9e75-9b22dbc84111/datanode-0/data/ratis/4fc68c91-64e9-4c3a-a9e1-61f8d1a464c8
2022-04-24 04:18:13,061 [pool-673-thread-1] INFO  server.RaftServerConfigKeys (ConfUtils.java:logGet(44)) - raft.server.log.queue.byte-limit = 4294967296 (custom)
2022-04-24 04:18:13,061 [pool-673-thread-1] INFO  server.RaftServerConfigKeys (ConfUtils.java:logGet(44)) - raft.server.log.queue.element-limit = 1024 (custom)
2022-04-24 04:18:13,061 [pool-673-thread-1] INFO  server.RaftServerConfigKeys (ConfUtils.java:logGet(44)) - raft.server.log.segment.size.max = 1048576 (custom)
2022-04-24 04:18:13,061 [pool-673-thread-1] INFO  server.RaftServerConfigKeys (ConfUtils.java:logGet(44)) - raft.server.log.preallocated.size = 16384 (custom)
2022-04-24 04:18:13,061 [pool-673-thread-1] INFO  server.RaftServerConfigKeys (ConfUtils.java:logGet(44)) - raft.server.log.force.sync.num = 128 (default)
2022-04-24 04:18:13,061 [pool-673-thread-1] INFO  server.RaftServerConfigKeys (ConfUtils.java:logGet(44)) - raft.server.log.statemachine.data.sync = true (default)
2022-04-24 04:18:13,081 [pool-673-thread-1] INFO  server.RaftServerConfigKeys (ConfUtils.java:logGet(44)) - raft.server.log.statemachine.data.sync.timeout = 10s (default)
2022-04-24 04:18:13,081 [pool-673-thread-1] INFO  server.RaftServerConfigKeys (ConfUtils.java:logGet(44)) - raft.server.log.statemachine.data.sync.timeout.retry = -1 (default)
2022-04-24 04:18:13,082 [pool-673-thread-1] INFO  server.RaftServerConfigKeys (ConfUtils.java:logGet(44)) - raft.server.log.write.buffer.size = 1048576 (custom)
2022-04-24 04:18:13,083 [pool-673-thread-1] INFO  server.RaftServerConfigKeys (ConfUtils.java:logGet(44)) - raft.server.log.statemachine.data.caching.enabled = true (custom)
2022-04-24 04:18:13,083 [pool-673-thread-1] INFO  segmented.SegmentedRaftLogWorker (SegmentedRaftLogWorker.java:lambda$new$0(133)) - d419d700-ddf7-43da-8a6c-bfb8eedae9d7@group-61F8D1A464C8-SegmentedRaftLogWorker: flushIndex: setUnconditionally 0 -> -1
2022-04-24 04:18:13,083 [pool-673-thread-1] INFO  segmented.SegmentedRaftLogWorker (SegmentedRaftLogWorker.java:lambda$new$0(133)) - d419d700-ddf7-43da-8a6c-bfb8eedae9d7@group-61F8D1A464C8-SegmentedRaftLogWorker: safeCacheEvictIndex: setUnconditionally 0 -> -1
2022-04-24 04:18:13,084 [pool-673-thread-1] INFO  server.RaftServerConfigKeys (ConfUtils.java:logGet(44)) - raft.server.snapshot.auto.trigger.enabled = true (custom)
2022-04-24 04:18:13,084 [pool-673-thread-1] INFO  server.RaftServerConfigKeys (ConfUtils.java:logGet(44)) - raft.server.snapshot.auto.trigger.threshold = 10000 (custom)
2022-04-24 04:18:13,084 [pool-673-thread-1] INFO  server.RaftServerConfigKeys (ConfUtils.java:logGet(44)) - raft.server.snapshot.retention.file.num = 5 (custom)
2022-04-24 04:18:13,084 [pool-673-thread-1] INFO  server.RaftServerConfigKeys (ConfUtils.java:logGet(44)) - raft.server.log.purge.upto.snapshot.index = false (default)
2022-04-24 04:18:13,084 [pool-673-thread-1] INFO  server.RaftServerConfigKeys (ConfUtils.java:logGet(44)) - raft.server.retrycache.expirytime = 600000ms (custom)
2022-04-24 04:18:13,084 [pool-673-thread-1] INFO  server.RaftServerConfigKeys (ConfUtils.java:logGet(44)) - raft.server.retrycache.statistics.expirytime = 100μs (default)
2022-04-24 04:18:13,085 [pool-673-thread-1] INFO  server.RaftServer$Division (RaftServerImpl.java:start(301)) - d419d700-ddf7-43da-8a6c-bfb8eedae9d7@group-61F8D1A464C8: start as a follower, conf=-1: [438da751-ffe1-4787-af39-168936e85d29|rpc:10.1.0.15:45355|priority:1, d419d700-ddf7-43da-8a6c-bfb8eedae9d7|rpc:10.1.0.15:39835|priority:0, 3c8f196b-f336-4cca-b7e0-24f945f171e6|rpc:10.1.0.15:39931|priority:0], old=null
2022-04-24 04:18:13,085 [pool-673-thread-1] INFO  server.RaftServer$Division (RaftServerImpl.java:setRole(290)) - d419d700-ddf7-43da-8a6c-bfb8eedae9d7@group-61F8D1A464C8: changes role from      null to FOLLOWER at term 0 for startAsFollower
2022-04-24 04:18:13,085 [pool-673-thread-1] INFO  impl.RoleInfo (RoleInfo.java:updateAndGet(130)) - d419d700-ddf7-43da-8a6c-bfb8eedae9d7: start d419d700-ddf7-43da-8a6c-bfb8eedae9d7@group-61F8D1A464C8-FollowerState
2022-04-24 04:18:13,086 [pool-673-thread-1] INFO  util.JmxRegister (JmxRegister.java:tryRegister(44)) - Successfully registered JMX Bean with object name Ratis:service=RaftServer,group=group-61F8D1A464C8,id=d419d700-ddf7-43da-8a6c-bfb8eedae9d7
2022-04-24 04:18:13,086 [Command processor thread] INFO  ratis.XceiverServerRatis (XceiverServerRatis.java:addGroup(765)) - Created group PipelineID=4fc68c91-64e9-4c3a-a9e1-61f8d1a464c8
2022-04-24 04:18:13,094 [EventQueue-OpenPipelineForHealthyPipelineSafeModeRule] INFO  safemode.SCMSafeModeManager (HealthyPipelineSafeModeRule.java:process(124)) - SCM in safe mode. Healthy pipelines reported count is 0, required healthy pipeline reported count is 1
2022-04-24 04:18:13,098 [grpc-default-executor-0] INFO  server.RaftServer (RaftServerProxy.java:addNew(95)) - 3c8f196b-f336-4cca-b7e0-24f945f171e6: addNew group-61F8D1A464C8:[438da751-ffe1-4787-af39-168936e85d29|rpc:10.1.0.15:45355|dataStream:|priority:1, d419d700-ddf7-43da-8a6c-bfb8eedae9d7|rpc:10.1.0.15:39835|dataStream:|priority:0, 3c8f196b-f336-4cca-b7e0-24f945f171e6|rpc:10.1.0.15:39931|dataStream:|priority:0] returns group-61F8D1A464C8:java.util.concurrent.CompletableFuture@7737f96d[Not completed]
2022-04-24 04:18:13,098 [pool-715-thread-1] INFO  server.RaftServer$Division (RaftServerImpl.java:<init>(184)) - 3c8f196b-f336-4cca-b7e0-24f945f171e6: new RaftServerImpl for group-61F8D1A464C8:[438da751-ffe1-4787-af39-168936e85d29|rpc:10.1.0.15:45355|dataStream:|priority:1, d419d700-ddf7-43da-8a6c-bfb8eedae9d7|rpc:10.1.0.15:39835|dataStream:|priority:0, 3c8f196b-f336-4cca-b7e0-24f945f171e6|rpc:10.1.0.15:39931|dataStream:|priority:0] with ContainerStateMachine:uninitialized
2022-04-24 04:18:13,098 [pool-715-thread-1] INFO  server.RaftServerConfigKeys (ConfUtils.java:logGet(44)) - raft.server.rpc.timeout.min = 5s (custom)
2022-04-24 04:18:13,098 [pool-715-thread-1] INFO  server.RaftServerConfigKeys (ConfUtils.java:logGet(44)) - raft.server.rpc.timeout.max = 5200ms (custom)
2022-04-24 04:18:13,099 [pool-715-thread-1] INFO  server.RaftServerConfigKeys (ConfUtils.java:logGet(44)) - raft.server.rpc.sleep.time = 25ms (default)
2022-04-24 04:18:13,099 [pool-715-thread-1] INFO  server.RaftServerConfigKeys (ConfUtils.java:logGet(44)) - raft.server.rpc.slowness.timeout = 300s (custom)
2022-04-24 04:18:13,099 [pool-715-thread-1] INFO  server.RaftServerConfigKeys (ConfUtils.java:logGet(44)) - raft.server.leaderelection.leader.step-down.wait-time = 10s (default)
2022-04-24 04:18:13,099 [pool-715-thread-1] INFO  server.RaftServerConfigKeys (ConfUtils.java:logGet(44)) - raft.server.sleep.deviation.threshold = 300ms (default)
2022-04-24 04:18:13,099 [pool-715-thread-1] INFO  server.RaftServerConfigKeys (ConfUtils.java:logGet(44)) - raft.server.log.appender.install.snapshot.enabled = false (custom)
2022-04-24 04:18:13,099 [pool-715-thread-1] INFO  server.RaftServer$Division (ServerState.java:<init>(105)) - 3c8f196b-f336-4cca-b7e0-24f945f171e6@group-61F8D1A464C8: ConfigurationManager, init=-1: [438da751-ffe1-4787-af39-168936e85d29|rpc:10.1.0.15:45355|dataStream:|priority:1, d419d700-ddf7-43da-8a6c-bfb8eedae9d7|rpc:10.1.0.15:39835|dataStream:|priority:0, 3c8f196b-f336-4cca-b7e0-24f945f171e6|rpc:10.1.0.15:39931|dataStream:|priority:0], old=null, confs=<EMPTY_MAP>
2022-04-24 04:18:13,099 [pool-715-thread-1] INFO  server.RaftServerConfigKeys (ConfUtils.java:logGet(44)) - raft.server.storage.dir = [/home/runner/work/ozone/ozone/hadoop-ozone/integration-test/target/test-dir/MiniOzoneClusterImpl-db3b6155-0a61-4c23-9e75-9b22dbc84111/datanode-2/data/ratis] (custom)
2022-04-24 04:18:13,099 [pool-715-thread-1] INFO  server.RaftServerConfigKeys (ConfUtils.java:logGet(44)) - raft.server.log.corruption.policy = EXCEPTION (default)
2022-04-24 04:18:13,099 [pool-715-thread-1] INFO  server.RaftServerConfigKeys (ConfUtils.java:logGet(44)) - raft.server.storage.free-space.min = 0MB (=0) (default)
2022-04-24 04:18:13,099 [pool-715-thread-1] INFO  storage.RaftStorageDirectory (RaftStorageDirectoryImpl.java:analyzeStorage(135)) - The storage directory /home/runner/work/ozone/ozone/hadoop-ozone/integration-test/target/test-dir/MiniOzoneClusterImpl-db3b6155-0a61-4c23-9e75-9b22dbc84111/datanode-2/data/ratis/4fc68c91-64e9-4c3a-a9e1-61f8d1a464c8 does not exist. Creating ...
2022-04-24 04:18:13,101 [pool-715-thread-1] INFO  storage.RaftStorageDirectory (RaftStorageDirectoryImpl.java:tryLock(230)) - Lock on /home/runner/work/ozone/ozone/hadoop-ozone/integration-test/target/test-dir/MiniOzoneClusterImpl-db3b6155-0a61-4c23-9e75-9b22dbc84111/datanode-2/data/ratis/4fc68c91-64e9-4c3a-a9e1-61f8d1a464c8/in_use.lock acquired by nodename 18665@fv-az50-870
2022-04-24 04:18:13,102 [pool-715-thread-1] INFO  storage.RaftStorage (RaftStorageImpl.java:format(89)) - Storage directory /home/runner/work/ozone/ozone/hadoop-ozone/integration-test/target/test-dir/MiniOzoneClusterImpl-db3b6155-0a61-4c23-9e75-9b22dbc84111/datanode-2/data/ratis/4fc68c91-64e9-4c3a-a9e1-61f8d1a464c8 has been successfully formatted.
2022-04-24 04:18:13,109 [pool-715-thread-1] INFO  ratis.ContainerStateMachine (ContainerStateMachine.java:loadSnapshot(236)) - group-61F8D1A464C8: The snapshot info is null. Setting the last applied indexto:(t:0, i:~)
2022-04-24 04:18:13,109 [pool-715-thread-1] INFO  server.RaftServerConfigKeys (ConfUtils.java:logGet(44)) - raft.server.notification.no-leader.timeout = 300s (custom)
2022-04-24 04:18:13,110 [pool-715-thread-1] INFO  server.RaftServerConfigKeys (ConfUtils.java:logGet(44)) - raft.server.log.use.memory = false (default)
2022-04-24 04:18:13,110 [pool-715-thread-1] INFO  server.RaftServerConfigKeys (ConfUtils.java:logGet(44)) - raft.server.log.purge.gap = 1000000 (custom)
2022-04-24 04:18:13,110 [pool-715-thread-1] INFO  server.RaftServerConfigKeys (ConfUtils.java:logGet(44)) - raft.server.log.appender.buffer.byte-limit = 33554432 (custom)
2022-04-24 04:18:13,110 [pool-715-thread-1] INFO  server.RaftServerConfigKeys (ConfUtils.java:logGet(44)) - raft.server.log.segment.size.max = 1048576 (custom)
2022-04-24 04:18:13,110 [pool-715-thread-1] INFO  server.RaftServerConfigKeys (ConfUtils.java:logGet(44)) - raft.server.log.segment.cache.num.max = 2 (custom)
2022-04-24 04:18:13,110 [pool-715-thread-1] INFO  server.RaftServerConfigKeys (ConfUtils.java:logGet(44)) - raft.server.log.segment.cache.size.max = 200MB (=209715200) (default)
2022-04-24 04:18:13,110 [pool-715-thread-1] INFO  segmented.SegmentedRaftLogWorker (SegmentedRaftLogWorker.java:<init>(182)) - new 3c8f196b-f336-4cca-b7e0-24f945f171e6@group-61F8D1A464C8-SegmentedRaftLogWorker for RaftStorageImpl:Storage Directory /home/runner/work/ozone/ozone/hadoop-ozone/integration-test/target/test-dir/MiniOzoneClusterImpl-db3b6155-0a61-4c23-9e75-9b22dbc84111/datanode-2/data/ratis/4fc68c91-64e9-4c3a-a9e1-61f8d1a464c8
2022-04-24 04:18:13,110 [pool-715-thread-1] INFO  server.RaftServerConfigKeys (ConfUtils.java:logGet(44)) - raft.server.log.queue.byte-limit = 4294967296 (custom)
2022-04-24 04:18:13,110 [pool-715-thread-1] INFO  server.RaftServerConfigKeys (ConfUtils.java:logGet(44)) - raft.server.log.queue.element-limit = 1024 (custom)
2022-04-24 04:18:13,110 [pool-715-thread-1] INFO  server.RaftServerConfigKeys (ConfUtils.java:logGet(44)) - raft.server.log.segment.size.max = 1048576 (custom)
2022-04-24 04:18:13,110 [pool-715-thread-1] INFO  server.RaftServerConfigKeys (ConfUtils.java:logGet(44)) - raft.server.log.preallocated.size = 16384 (custom)
2022-04-24 04:18:13,110 [pool-715-thread-1] INFO  server.RaftServerConfigKeys (ConfUtils.java:logGet(44)) - raft.server.log.force.sync.num = 128 (default)
2022-04-24 04:18:13,111 [pool-715-thread-1] INFO  server.RaftServerConfigKeys (ConfUtils.java:logGet(44)) - raft.server.log.statemachine.data.sync = true (default)
2022-04-24 04:18:13,111 [pool-715-thread-1] INFO  server.RaftServerConfigKeys (ConfUtils.java:logGet(44)) - raft.server.log.statemachine.data.sync.timeout = 10s (default)
2022-04-24 04:18:13,111 [pool-715-thread-1] INFO  server.RaftServerConfigKeys (ConfUtils.java:logGet(44)) - raft.server.log.statemachine.data.sync.timeout.retry = -1 (default)
2022-04-24 04:18:13,111 [pool-715-thread-1] INFO  server.RaftServerConfigKeys (ConfUtils.java:logGet(44)) - raft.server.log.write.buffer.size = 1048576 (custom)
2022-04-24 04:18:13,112 [pool-715-thread-1] INFO  server.RaftServerConfigKeys (ConfUtils.java:logGet(44)) - raft.server.log.statemachine.data.caching.enabled = true (custom)
2022-04-24 04:18:13,112 [pool-715-thread-1] INFO  segmented.SegmentedRaftLogWorker (SegmentedRaftLogWorker.java:lambda$new$0(133)) - 3c8f196b-f336-4cca-b7e0-24f945f171e6@group-61F8D1A464C8-SegmentedRaftLogWorker: flushIndex: setUnconditionally 0 -> -1
2022-04-24 04:18:13,112 [pool-715-thread-1] INFO  segmented.SegmentedRaftLogWorker (SegmentedRaftLogWorker.java:lambda$new$0(133)) - 3c8f196b-f336-4cca-b7e0-24f945f171e6@group-61F8D1A464C8-SegmentedRaftLogWorker: safeCacheEvictIndex: setUnconditionally 0 -> -1
2022-04-24 04:18:13,113 [pool-715-thread-1] INFO  server.RaftServerConfigKeys (ConfUtils.java:logGet(44)) - raft.server.snapshot.auto.trigger.enabled = true (custom)
2022-04-24 04:18:13,113 [pool-715-thread-1] INFO  server.RaftServerConfigKeys (ConfUtils.java:logGet(44)) - raft.server.snapshot.auto.trigger.threshold = 10000 (custom)
2022-04-24 04:18:13,113 [pool-715-thread-1] INFO  server.RaftServerConfigKeys (ConfUtils.java:logGet(44)) - raft.server.snapshot.retention.file.num = 5 (custom)
2022-04-24 04:18:13,113 [pool-715-thread-1] INFO  server.RaftServerConfigKeys (ConfUtils.java:logGet(44)) - raft.server.log.purge.upto.snapshot.index = false (default)
2022-04-24 04:18:13,113 [pool-715-thread-1] INFO  server.RaftServerConfigKeys (ConfUtils.java:logGet(44)) - raft.server.retrycache.expirytime = 600000ms (custom)
2022-04-24 04:18:13,113 [pool-715-thread-1] INFO  server.RaftServerConfigKeys (ConfUtils.java:logGet(44)) - raft.server.retrycache.statistics.expirytime = 100μs (default)
2022-04-24 04:18:13,114 [pool-715-thread-1] INFO  server.RaftServer$Division (RaftServerImpl.java:start(301)) - 3c8f196b-f336-4cca-b7e0-24f945f171e6@group-61F8D1A464C8: start as a follower, conf=-1: [438da751-ffe1-4787-af39-168936e85d29|rpc:10.1.0.15:45355|dataStream:|priority:1, d419d700-ddf7-43da-8a6c-bfb8eedae9d7|rpc:10.1.0.15:39835|dataStream:|priority:0, 3c8f196b-f336-4cca-b7e0-24f945f171e6|rpc:10.1.0.15:39931|dataStream:|priority:0], old=null
2022-04-24 04:18:13,114 [pool-715-thread-1] INFO  server.RaftServer$Division (RaftServerImpl.java:setRole(290)) - 3c8f196b-f336-4cca-b7e0-24f945f171e6@group-61F8D1A464C8: changes role from      null to FOLLOWER at term 0 for startAsFollower
2022-04-24 04:18:13,114 [pool-715-thread-1] INFO  impl.RoleInfo (RoleInfo.java:updateAndGet(130)) - 3c8f196b-f336-4cca-b7e0-24f945f171e6: start 3c8f196b-f336-4cca-b7e0-24f945f171e6@group-61F8D1A464C8-FollowerState
2022-04-24 04:18:13,123 [pool-715-thread-1] INFO  util.JmxRegister (JmxRegister.java:tryRegister(44)) - Successfully registered JMX Bean with object name Ratis:service=RaftServer,group=group-61F8D1A464C8,id=3c8f196b-f336-4cca-b7e0-24f945f171e6
2022-04-24 04:18:13,272 [Command processor thread] INFO  server.RaftServer (RaftServerProxy.java:addNew(95)) - 3c8f196b-f336-4cca-b7e0-24f945f171e6: addNew group-D3D755BED7E4:[3c8f196b-f336-4cca-b7e0-24f945f171e6|rpc:10.1.0.15:39931|priority:1] returns group-D3D755BED7E4:java.util.concurrent.CompletableFuture@61796c20[Not completed]
2022-04-24 04:18:13,273 [pool-715-thread-1] INFO  server.RaftServer$Division (RaftServerImpl.java:<init>(184)) - 3c8f196b-f336-4cca-b7e0-24f945f171e6: new RaftServerImpl for group-D3D755BED7E4:[3c8f196b-f336-4cca-b7e0-24f945f171e6|rpc:10.1.0.15:39931|priority:1] with ContainerStateMachine:uninitialized
2022-04-24 04:18:13,273 [pool-715-thread-1] INFO  server.RaftServerConfigKeys (ConfUtils.java:logGet(44)) - raft.server.rpc.timeout.min = 5s (custom)
2022-04-24 04:18:13,273 [pool-715-thread-1] INFO  server.RaftServerConfigKeys (ConfUtils.java:logGet(44)) - raft.server.rpc.timeout.max = 5200ms (custom)
2022-04-24 04:18:13,273 [pool-715-thread-1] INFO  server.RaftServerConfigKeys (ConfUtils.java:logGet(44)) - raft.server.rpc.sleep.time = 25ms (default)
2022-04-24 04:18:13,273 [pool-715-thread-1] INFO  server.RaftServerConfigKeys (ConfUtils.java:logGet(44)) - raft.server.rpc.slowness.timeout = 300s (custom)
2022-04-24 04:18:13,273 [pool-715-thread-1] INFO  server.RaftServerConfigKeys (ConfUtils.java:logGet(44)) - raft.server.leaderelection.leader.step-down.wait-time = 10s (default)
2022-04-24 04:18:13,273 [pool-715-thread-1] INFO  server.RaftServerConfigKeys (ConfUtils.java:logGet(44)) - raft.server.sleep.deviation.threshold = 300ms (default)
2022-04-24 04:18:13,273 [pool-715-thread-1] INFO  server.RaftServerConfigKeys (ConfUtils.java:logGet(44)) - raft.server.log.appender.install.snapshot.enabled = false (custom)
2022-04-24 04:18:13,273 [pool-715-thread-1] INFO  server.RaftServer$Division (ServerState.java:<init>(105)) - 3c8f196b-f336-4cca-b7e0-24f945f171e6@group-D3D755BED7E4: ConfigurationManager, init=-1: [3c8f196b-f336-4cca-b7e0-24f945f171e6|rpc:10.1.0.15:39931|priority:1], old=null, confs=<EMPTY_MAP>
2022-04-24 04:18:13,273 [pool-715-thread-1] INFO  server.RaftServerConfigKeys (ConfUtils.java:logGet(44)) - raft.server.storage.dir = [/home/runner/work/ozone/ozone/hadoop-ozone/integration-test/target/test-dir/MiniOzoneClusterImpl-db3b6155-0a61-4c23-9e75-9b22dbc84111/datanode-2/data/ratis] (custom)
2022-04-24 04:18:13,273 [pool-715-thread-1] INFO  server.RaftServerConfigKeys (ConfUtils.java:logGet(44)) - raft.server.log.corruption.policy = EXCEPTION (default)
2022-04-24 04:18:13,273 [pool-715-thread-1] INFO  server.RaftServerConfigKeys (ConfUtils.java:logGet(44)) - raft.server.storage.free-space.min = 0MB (=0) (default)
2022-04-24 04:18:13,273 [pool-715-thread-1] INFO  storage.RaftStorageDirectory (RaftStorageDirectoryImpl.java:analyzeStorage(135)) - The storage directory /home/runner/work/ozone/ozone/hadoop-ozone/integration-test/target/test-dir/MiniOzoneClusterImpl-db3b6155-0a61-4c23-9e75-9b22dbc84111/datanode-2/data/ratis/dda22cb7-84ba-48c7-9457-d3d755bed7e4 does not exist. Creating ...
2022-04-24 04:18:13,301 [Command processor thread] INFO  commandhandler.CreatePipelineCommandHandler (CreatePipelineCommandHandler.java:handle(113)) - Created Pipeline RATIS THREE PipelineID=4fc68c91-64e9-4c3a-a9e1-61f8d1a464c8.
2022-04-24 04:18:13,311 [pool-715-thread-1] INFO  storage.RaftStorageDirectory (RaftStorageDirectoryImpl.java:tryLock(230)) - Lock on /home/runner/work/ozone/ozone/hadoop-ozone/integration-test/target/test-dir/MiniOzoneClusterImpl-db3b6155-0a61-4c23-9e75-9b22dbc84111/datanode-2/data/ratis/dda22cb7-84ba-48c7-9457-d3d755bed7e4/in_use.lock acquired by nodename 18665@fv-az50-870
2022-04-24 04:18:13,311 [Command processor thread] INFO  commandhandler.CreatePipelineCommandHandler (CreatePipelineCommandHandler.java:handle(113)) - Created Pipeline RATIS THREE PipelineID=4fc68c91-64e9-4c3a-a9e1-61f8d1a464c8.
2022-04-24 04:18:13,312 [pool-715-thread-1] INFO  storage.RaftStorage (RaftStorageImpl.java:format(89)) - Storage directory /home/runner/work/ozone/ozone/hadoop-ozone/integration-test/target/test-dir/MiniOzoneClusterImpl-db3b6155-0a61-4c23-9e75-9b22dbc84111/datanode-2/data/ratis/dda22cb7-84ba-48c7-9457-d3d755bed7e4 has been successfully formatted.
2022-04-24 04:18:13,312 [pool-715-thread-1] INFO  ratis.ContainerStateMachine (ContainerStateMachine.java:loadSnapshot(236)) - group-D3D755BED7E4: The snapshot info is null. Setting the last applied indexto:(t:0, i:~)
2022-04-24 04:18:13,312 [pool-715-thread-1] INFO  server.RaftServerConfigKeys (ConfUtils.java:logGet(44)) - raft.server.notification.no-leader.timeout = 300s (custom)
2022-04-24 04:18:13,313 [pool-715-thread-1] INFO  server.RaftServerConfigKeys (ConfUtils.java:logGet(44)) - raft.server.log.use.memory = false (default)
2022-04-24 04:18:13,313 [pool-715-thread-1] INFO  server.RaftServerConfigKeys (ConfUtils.java:logGet(44)) - raft.server.log.purge.gap = 1000000 (custom)
2022-04-24 04:18:13,313 [pool-715-thread-1] INFO  server.RaftServerConfigKeys (ConfUtils.java:logGet(44)) - raft.server.log.appender.buffer.byte-limit = 33554432 (custom)
2022-04-24 04:18:13,313 [pool-715-thread-1] INFO  server.RaftServerConfigKeys (ConfUtils.java:logGet(44)) - raft.server.log.segment.size.max = 1048576 (custom)
2022-04-24 04:18:13,313 [pool-715-thread-1] INFO  server.RaftServerConfigKeys (ConfUtils.java:logGet(44)) - raft.server.log.segment.cache.num.max = 2 (custom)
2022-04-24 04:18:13,313 [pool-715-thread-1] INFO  server.RaftServerConfigKeys (ConfUtils.java:logGet(44)) - raft.server.log.segment.cache.size.max = 200MB (=209715200) (default)
2022-04-24 04:18:13,313 [pool-715-thread-1] INFO  segmented.SegmentedRaftLogWorker (SegmentedRaftLogWorker.java:<init>(182)) - new 3c8f196b-f336-4cca-b7e0-24f945f171e6@group-D3D755BED7E4-SegmentedRaftLogWorker for RaftStorageImpl:Storage Directory /home/runner/work/ozone/ozone/hadoop-ozone/integration-test/target/test-dir/MiniOzoneClusterImpl-db3b6155-0a61-4c23-9e75-9b22dbc84111/datanode-2/data/ratis/dda22cb7-84ba-48c7-9457-d3d755bed7e4
2022-04-24 04:18:13,313 [pool-715-thread-1] INFO  server.RaftServerConfigKeys (ConfUtils.java:logGet(44)) - raft.server.log.queue.byte-limit = 4294967296 (custom)
2022-04-24 04:18:13,316 [pool-715-thread-1] INFO  server.RaftServerConfigKeys (ConfUtils.java:logGet(44)) - raft.server.log.queue.element-limit = 1024 (custom)
2022-04-24 04:18:13,316 [pool-715-thread-1] INFO  server.RaftServerConfigKeys (ConfUtils.java:logGet(44)) - raft.server.log.segment.size.max = 1048576 (custom)
2022-04-24 04:18:13,316 [pool-715-thread-1] INFO  server.RaftServerConfigKeys (ConfUtils.java:logGet(44)) - raft.server.log.preallocated.size = 16384 (custom)
2022-04-24 04:18:13,316 [pool-715-thread-1] INFO  server.RaftServerConfigKeys (ConfUtils.java:logGet(44)) - raft.server.log.force.sync.num = 128 (default)
2022-04-24 04:18:13,316 [pool-715-thread-1] INFO  server.RaftServerConfigKeys (ConfUtils.java:logGet(44)) - raft.server.log.statemachine.data.sync = true (default)
2022-04-24 04:18:13,316 [pool-715-thread-1] INFO  server.RaftServerConfigKeys (ConfUtils.java:logGet(44)) - raft.server.log.statemachine.data.sync.timeout = 10s (default)
2022-04-24 04:18:13,316 [EventQueue-PipelineReportForPipelineReportHandler] INFO  pipeline.PipelineManagerImpl (PipelineManagerImpl.java:openPipeline(321)) - Pipeline Pipeline[ Id: dda22cb7-84ba-48c7-9457-d3d755bed7e4, Nodes: 3c8f196b-f336-4cca-b7e0-24f945f171e6{ip: 10.1.0.15, host: fv-az50-870.grzltbmokehuzjyc5b133kdqgh.cx.internal.cloudapp.net, ports: [REPLICATION=38659, RATIS=39931, RATIS_ADMIN=39931, RATIS_SERVER=39931, STANDALONE=33573], networkLocation: /default-rack, certSerialId: null, persistedOpState: IN_SERVICE, persistedOpStateExpiryEpochSec: 0}, ReplicationConfig: RATIS/ONE, State:ALLOCATED, leaderId:3c8f196b-f336-4cca-b7e0-24f945f171e6, CreationTimestamp2022-04-24T04:18:10.275Z[Etc/UTC]] moved to OPEN state
2022-04-24 04:18:13,317 [EventQueue-OpenPipelineForHealthyPipelineSafeModeRule] INFO  safemode.SCMSafeModeManager (HealthyPipelineSafeModeRule.java:process(124)) - SCM in safe mode. Healthy pipelines reported count is 0, required healthy pipeline reported count is 1
2022-04-24 04:18:13,317 [pool-715-thread-1] INFO  server.RaftServerConfigKeys (ConfUtils.java:logGet(44)) - raft.server.log.statemachine.data.sync.timeout.retry = -1 (default)
2022-04-24 04:18:13,330 [pool-715-thread-1] INFO  server.RaftServerConfigKeys (ConfUtils.java:logGet(44)) - raft.server.log.write.buffer.size = 1048576 (custom)
2022-04-24 04:18:13,331 [pool-715-thread-1] INFO  server.RaftServerConfigKeys (ConfUtils.java:logGet(44)) - raft.server.log.statemachine.data.caching.enabled = true (custom)
2022-04-24 04:18:13,331 [pool-715-thread-1] INFO  segmented.SegmentedRaftLogWorker (SegmentedRaftLogWorker.java:lambda$new$0(133)) - 3c8f196b-f336-4cca-b7e0-24f945f171e6@group-D3D755BED7E4-SegmentedRaftLogWorker: flushIndex: setUnconditionally 0 -> -1
2022-04-24 04:18:13,331 [pool-715-thread-1] INFO  segmented.SegmentedRaftLogWorker (SegmentedRaftLogWorker.java:lambda$new$0(133)) - 3c8f196b-f336-4cca-b7e0-24f945f171e6@group-D3D755BED7E4-SegmentedRaftLogWorker: safeCacheEvictIndex: setUnconditionally 0 -> -1
2022-04-24 04:18:13,345 [Listener at 127.0.0.1/37371] INFO  ozone.MiniOzoneClusterImpl (MiniOzoneClusterImpl.java:lambda$waitForClusterToBeReady$0(221)) - Nodes are ready. Got 5 of 5 DN Heartbeats.
2022-04-24 04:18:13,346 [Listener at 127.0.0.1/37371] INFO  ozone.MiniOzoneClusterImpl (MiniOzoneClusterImpl.java:lambda$waitForClusterToBeReady$0(224)) - Waiting for cluster to exit safe mode
2022-04-24 04:18:13,346 [Listener at 127.0.0.1/37371] INFO  ozone.MiniOzoneClusterImpl (MiniOzoneClusterImpl.java:lambda$waitForClusterToBeReady$0(226)) - SCM became leader
2022-04-24 04:18:13,352 [pool-715-thread-1] INFO  server.RaftServerConfigKeys (ConfUtils.java:logGet(44)) - raft.server.snapshot.auto.trigger.enabled = true (custom)
2022-04-24 04:18:13,353 [pool-715-thread-1] INFO  server.RaftServerConfigKeys (ConfUtils.java:logGet(44)) - raft.server.snapshot.auto.trigger.threshold = 10000 (custom)
2022-04-24 04:18:13,353 [pool-715-thread-1] INFO  server.RaftServerConfigKeys (ConfUtils.java:logGet(44)) - raft.server.snapshot.retention.file.num = 5 (custom)
2022-04-24 04:18:13,353 [pool-715-thread-1] INFO  server.RaftServerConfigKeys (ConfUtils.java:logGet(44)) - raft.server.log.purge.upto.snapshot.index = false (default)
2022-04-24 04:18:13,353 [pool-715-thread-1] INFO  server.RaftServerConfigKeys (ConfUtils.java:logGet(44)) - raft.server.retrycache.expirytime = 600000ms (custom)
2022-04-24 04:18:13,353 [pool-715-thread-1] INFO  server.RaftServerConfigKeys (ConfUtils.java:logGet(44)) - raft.server.retrycache.statistics.expirytime = 100μs (default)
2022-04-24 04:18:13,359 [pool-715-thread-1] INFO  server.RaftServer$Division (RaftServerImpl.java:start(301)) - 3c8f196b-f336-4cca-b7e0-24f945f171e6@group-D3D755BED7E4: start as a follower, conf=-1: [3c8f196b-f336-4cca-b7e0-24f945f171e6|rpc:10.1.0.15:39931|priority:1], old=null
2022-04-24 04:18:13,359 [pool-715-thread-1] INFO  server.RaftServer$Division (RaftServerImpl.java:setRole(290)) - 3c8f196b-f336-4cca-b7e0-24f945f171e6@group-D3D755BED7E4: changes role from      null to FOLLOWER at term 0 for startAsFollower
2022-04-24 04:18:13,359 [pool-715-thread-1] INFO  impl.RoleInfo (RoleInfo.java:updateAndGet(130)) - 3c8f196b-f336-4cca-b7e0-24f945f171e6: start 3c8f196b-f336-4cca-b7e0-24f945f171e6@group-D3D755BED7E4-FollowerState
2022-04-24 04:18:13,362 [pool-715-thread-1] INFO  util.JmxRegister (JmxRegister.java:tryRegister(44)) - Successfully registered JMX Bean with object name Ratis:service=RaftServer,group=group-D3D755BED7E4,id=3c8f196b-f336-4cca-b7e0-24f945f171e6
2022-04-24 04:18:13,369 [Command processor thread] INFO  ratis.XceiverServerRatis (XceiverServerRatis.java:addGroup(765)) - Created group PipelineID=dda22cb7-84ba-48c7-9457-d3d755bed7e4
2022-04-24 04:18:13,369 [Command processor thread] INFO  commandhandler.CreatePipelineCommandHandler (CreatePipelineCommandHandler.java:handle(113)) - Created Pipeline RATIS ONE PipelineID=dda22cb7-84ba-48c7-9457-d3d755bed7e4.
2022-04-24 04:18:13,889 [Command processor thread] INFO  server.RaftServer (RaftServerProxy.java:addNew(95)) - 91aa9fd6-1503-4ed0-96fb-fc9682767c9f: addNew group-AD0516CEB88E:[91aa9fd6-1503-4ed0-96fb-fc9682767c9f|rpc:10.1.0.15:33579|priority:1] returns group-AD0516CEB88E:java.util.concurrent.CompletableFuture@273fb64c[Not completed]
2022-04-24 04:18:13,890 [pool-736-thread-1] INFO  server.RaftServer$Division (RaftServerImpl.java:<init>(184)) - 91aa9fd6-1503-4ed0-96fb-fc9682767c9f: new RaftServerImpl for group-AD0516CEB88E:[91aa9fd6-1503-4ed0-96fb-fc9682767c9f|rpc:10.1.0.15:33579|priority:1] with ContainerStateMachine:uninitialized
2022-04-24 04:18:13,917 [pool-736-thread-1] INFO  server.RaftServerConfigKeys (ConfUtils.java:logGet(44)) - raft.server.rpc.timeout.min = 5s (custom)
2022-04-24 04:18:13,917 [pool-736-thread-1] INFO  server.RaftServerConfigKeys (ConfUtils.java:logGet(44)) - raft.server.rpc.timeout.max = 5200ms (custom)
2022-04-24 04:18:13,917 [pool-736-thread-1] INFO  server.RaftServerConfigKeys (ConfUtils.java:logGet(44)) - raft.server.rpc.sleep.time = 25ms (default)
2022-04-24 04:18:13,917 [pool-736-thread-1] INFO  server.RaftServerConfigKeys (ConfUtils.java:logGet(44)) - raft.server.rpc.slowness.timeout = 300s (custom)
2022-04-24 04:18:13,917 [pool-736-thread-1] INFO  server.RaftServerConfigKeys (ConfUtils.java:logGet(44)) - raft.server.leaderelection.leader.step-down.wait-time = 10s (default)
2022-04-24 04:18:13,917 [pool-736-thread-1] INFO  server.RaftServerConfigKeys (ConfUtils.java:logGet(44)) - raft.server.sleep.deviation.threshold = 300ms (default)
2022-04-24 04:18:13,918 [pool-736-thread-1] INFO  server.RaftServerConfigKeys (ConfUtils.java:logGet(44)) - raft.server.log.appender.install.snapshot.enabled = false (custom)
2022-04-24 04:18:13,918 [pool-736-thread-1] INFO  server.RaftServer$Division (ServerState.java:<init>(105)) - 91aa9fd6-1503-4ed0-96fb-fc9682767c9f@group-AD0516CEB88E: ConfigurationManager, init=-1: [91aa9fd6-1503-4ed0-96fb-fc9682767c9f|rpc:10.1.0.15:33579|priority:1], old=null, confs=<EMPTY_MAP>
2022-04-24 04:18:13,918 [pool-736-thread-1] INFO  server.RaftServerConfigKeys (ConfUtils.java:logGet(44)) - raft.server.storage.dir = [/home/runner/work/ozone/ozone/hadoop-ozone/integration-test/target/test-dir/MiniOzoneClusterImpl-db3b6155-0a61-4c23-9e75-9b22dbc84111/datanode-3/data/ratis] (custom)
2022-04-24 04:18:13,918 [pool-736-thread-1] INFO  server.RaftServerConfigKeys (ConfUtils.java:logGet(44)) - raft.server.log.corruption.policy = EXCEPTION (default)
2022-04-24 04:18:13,918 [pool-736-thread-1] INFO  server.RaftServerConfigKeys (ConfUtils.java:logGet(44)) - raft.server.storage.free-space.min = 0MB (=0) (default)
2022-04-24 04:18:13,918 [pool-736-thread-1] INFO  storage.RaftStorageDirectory (RaftStorageDirectoryImpl.java:analyzeStorage(135)) - The storage directory /home/runner/work/ozone/ozone/hadoop-ozone/integration-test/target/test-dir/MiniOzoneClusterImpl-db3b6155-0a61-4c23-9e75-9b22dbc84111/datanode-3/data/ratis/de8f4323-ed8b-4c07-a25d-ad0516ceb88e does not exist. Creating ...
2022-04-24 04:18:13,933 [pool-736-thread-1] INFO  storage.RaftStorageDirectory (RaftStorageDirectoryImpl.java:tryLock(230)) - Lock on /home/runner/work/ozone/ozone/hadoop-ozone/integration-test/target/test-dir/MiniOzoneClusterImpl-db3b6155-0a61-4c23-9e75-9b22dbc84111/datanode-3/data/ratis/de8f4323-ed8b-4c07-a25d-ad0516ceb88e/in_use.lock acquired by nodename 18665@fv-az50-870
2022-04-24 04:18:13,934 [pool-736-thread-1] INFO  storage.RaftStorage (RaftStorageImpl.java:format(89)) - Storage directory /home/runner/work/ozone/ozone/hadoop-ozone/integration-test/target/test-dir/MiniOzoneClusterImpl-db3b6155-0a61-4c23-9e75-9b22dbc84111/datanode-3/data/ratis/de8f4323-ed8b-4c07-a25d-ad0516ceb88e has been successfully formatted.
2022-04-24 04:18:13,943 [pool-736-thread-1] INFO  ratis.ContainerStateMachine (ContainerStateMachine.java:loadSnapshot(236)) - group-AD0516CEB88E: The snapshot info is null. Setting the last applied indexto:(t:0, i:~)
2022-04-24 04:18:13,943 [pool-736-thread-1] INFO  server.RaftServerConfigKeys (ConfUtils.java:logGet(44)) - raft.server.notification.no-leader.timeout = 300s (custom)
2022-04-24 04:18:13,943 [EventQueue-PipelineReportForPipelineReportHandler] INFO  pipeline.PipelineManagerImpl (PipelineManagerImpl.java:openPipeline(321)) - Pipeline Pipeline[ Id: de8f4323-ed8b-4c07-a25d-ad0516ceb88e, Nodes: 91aa9fd6-1503-4ed0-96fb-fc9682767c9f{ip: 10.1.0.15, host: fv-az50-870.grzltbmokehuzjyc5b133kdqgh.cx.internal.cloudapp.net, ports: [REPLICATION=40509, RATIS=33579, RATIS_ADMIN=33579, RATIS_SERVER=33579, STANDALONE=38559], networkLocation: /default-rack, certSerialId: null, persistedOpState: IN_SERVICE, persistedOpStateExpiryEpochSec: 0}, ReplicationConfig: RATIS/ONE, State:ALLOCATED, leaderId:91aa9fd6-1503-4ed0-96fb-fc9682767c9f, CreationTimestamp2022-04-24T04:18:10.875Z[Etc/UTC]] moved to OPEN state
2022-04-24 04:18:13,944 [pool-736-thread-1] INFO  server.RaftServerConfigKeys (ConfUtils.java:logGet(44)) - raft.server.log.use.memory = false (default)
2022-04-24 04:18:13,944 [pool-736-thread-1] INFO  server.RaftServerConfigKeys (ConfUtils.java:logGet(44)) - raft.server.log.purge.gap = 1000000 (custom)
2022-04-24 04:18:13,944 [pool-736-thread-1] INFO  server.RaftServerConfigKeys (ConfUtils.java:logGet(44)) - raft.server.log.appender.buffer.byte-limit = 33554432 (custom)
2022-04-24 04:18:13,944 [pool-736-thread-1] INFO  server.RaftServerConfigKeys (ConfUtils.java:logGet(44)) - raft.server.log.segment.size.max = 1048576 (custom)
2022-04-24 04:18:13,944 [pool-736-thread-1] INFO  server.RaftServerConfigKeys (ConfUtils.java:logGet(44)) - raft.server.log.segment.cache.num.max = 2 (custom)
2022-04-24 04:18:13,944 [pool-736-thread-1] INFO  server.RaftServerConfigKeys (ConfUtils.java:logGet(44)) - raft.server.log.segment.cache.size.max = 200MB (=209715200) (default)
2022-04-24 04:18:13,944 [pool-736-thread-1] INFO  segmented.SegmentedRaftLogWorker (SegmentedRaftLogWorker.java:<init>(182)) - new 91aa9fd6-1503-4ed0-96fb-fc9682767c9f@group-AD0516CEB88E-SegmentedRaftLogWorker for RaftStorageImpl:Storage Directory /home/runner/work/ozone/ozone/hadoop-ozone/integration-test/target/test-dir/MiniOzoneClusterImpl-db3b6155-0a61-4c23-9e75-9b22dbc84111/datanode-3/data/ratis/de8f4323-ed8b-4c07-a25d-ad0516ceb88e
2022-04-24 04:18:13,944 [pool-736-thread-1] INFO  server.RaftServerConfigKeys (ConfUtils.java:logGet(44)) - raft.server.log.queue.byte-limit = 4294967296 (custom)
2022-04-24 04:18:13,944 [pool-736-thread-1] INFO  server.RaftServerConfigKeys (ConfUtils.java:logGet(44)) - raft.server.log.queue.element-limit = 1024 (custom)
2022-04-24 04:18:13,944 [pool-736-thread-1] INFO  server.RaftServerConfigKeys (ConfUtils.java:logGet(44)) - raft.server.log.segment.size.max = 1048576 (custom)
2022-04-24 04:18:13,944 [pool-736-thread-1] INFO  server.RaftServerConfigKeys (ConfUtils.java:logGet(44)) - raft.server.log.preallocated.size = 16384 (custom)
2022-04-24 04:18:13,944 [pool-736-thread-1] INFO  server.RaftServerConfigKeys (ConfUtils.java:logGet(44)) - raft.server.log.force.sync.num = 128 (default)
2022-04-24 04:18:13,945 [pool-736-thread-1] INFO  server.RaftServerConfigKeys (ConfUtils.java:logGet(44)) - raft.server.log.statemachine.data.sync = true (default)
2022-04-24 04:18:13,945 [pool-736-thread-1] INFO  server.RaftServerConfigKeys (ConfUtils.java:logGet(44)) - raft.server.log.statemachine.data.sync.timeout = 10s (default)
2022-04-24 04:18:13,945 [pool-736-thread-1] INFO  server.RaftServerConfigKeys (ConfUtils.java:logGet(44)) - raft.server.log.statemachine.data.sync.timeout.retry = -1 (default)
2022-04-24 04:18:13,945 [EventQueue-OpenPipelineForHealthyPipelineSafeModeRule] INFO  safemode.SCMSafeModeManager (HealthyPipelineSafeModeRule.java:process(124)) - SCM in safe mode. Healthy pipelines reported count is 0, required healthy pipeline reported count is 1
2022-04-24 04:18:13,979 [pool-736-thread-1] INFO  server.RaftServerConfigKeys (ConfUtils.java:logGet(44)) - raft.server.log.write.buffer.size = 1048576 (custom)
2022-04-24 04:18:13,980 [pool-736-thread-1] INFO  server.RaftServerConfigKeys (ConfUtils.java:logGet(44)) - raft.server.log.statemachine.data.caching.enabled = true (custom)
2022-04-24 04:18:13,980 [pool-736-thread-1] INFO  segmented.SegmentedRaftLogWorker (SegmentedRaftLogWorker.java:lambda$new$0(133)) - 91aa9fd6-1503-4ed0-96fb-fc9682767c9f@group-AD0516CEB88E-SegmentedRaftLogWorker: flushIndex: setUnconditionally 0 -> -1
2022-04-24 04:18:13,980 [pool-736-thread-1] INFO  segmented.SegmentedRaftLogWorker (SegmentedRaftLogWorker.java:lambda$new$0(133)) - 91aa9fd6-1503-4ed0-96fb-fc9682767c9f@group-AD0516CEB88E-SegmentedRaftLogWorker: safeCacheEvictIndex: setUnconditionally 0 -> -1
2022-04-24 04:18:13,997 [pool-736-thread-1] INFO  server.RaftServerConfigKeys (ConfUtils.java:logGet(44)) - raft.server.snapshot.auto.trigger.enabled = true (custom)
2022-04-24 04:18:13,997 [pool-736-thread-1] INFO  server.RaftServerConfigKeys (ConfUtils.java:logGet(44)) - raft.server.snapshot.auto.trigger.threshold = 10000 (custom)
2022-04-24 04:18:13,998 [pool-736-thread-1] INFO  server.RaftServerConfigKeys (ConfUtils.java:logGet(44)) - raft.server.snapshot.retention.file.num = 5 (custom)
2022-04-24 04:18:13,998 [pool-736-thread-1] INFO  server.RaftServerConfigKeys (ConfUtils.java:logGet(44)) - raft.server.log.purge.upto.snapshot.index = false (default)
2022-04-24 04:18:13,998 [pool-736-thread-1] INFO  server.RaftServerConfigKeys (ConfUtils.java:logGet(44)) - raft.server.retrycache.expirytime = 600000ms (custom)
2022-04-24 04:18:13,998 [pool-736-thread-1] INFO  server.RaftServerConfigKeys (ConfUtils.java:logGet(44)) - raft.server.retrycache.statistics.expirytime = 100μs (default)
2022-04-24 04:18:13,999 [pool-736-thread-1] INFO  server.RaftServer$Division (RaftServerImpl.java:start(301)) - 91aa9fd6-1503-4ed0-96fb-fc9682767c9f@group-AD0516CEB88E: start as a follower, conf=-1: [91aa9fd6-1503-4ed0-96fb-fc9682767c9f|rpc:10.1.0.15:33579|priority:1], old=null
2022-04-24 04:18:13,999 [pool-736-thread-1] INFO  server.RaftServer$Division (RaftServerImpl.java:setRole(290)) - 91aa9fd6-1503-4ed0-96fb-fc9682767c9f@group-AD0516CEB88E: changes role from      null to FOLLOWER at term 0 for startAsFollower
2022-04-24 04:18:13,999 [pool-736-thread-1] INFO  impl.RoleInfo (RoleInfo.java:updateAndGet(130)) - 91aa9fd6-1503-4ed0-96fb-fc9682767c9f: start 91aa9fd6-1503-4ed0-96fb-fc9682767c9f@group-AD0516CEB88E-FollowerState
2022-04-24 04:18:14,009 [pool-736-thread-1] INFO  util.JmxRegister (JmxRegister.java:tryRegister(44)) - Successfully registered JMX Bean with object name Ratis:service=RaftServer,group=group-AD0516CEB88E,id=91aa9fd6-1503-4ed0-96fb-fc9682767c9f
2022-04-24 04:18:14,035 [Command processor thread] INFO  ratis.XceiverServerRatis (XceiverServerRatis.java:addGroup(765)) - Created group PipelineID=de8f4323-ed8b-4c07-a25d-ad0516ceb88e
2022-04-24 04:18:14,036 [Command processor thread] INFO  commandhandler.CreatePipelineCommandHandler (CreatePipelineCommandHandler.java:handle(113)) - Created Pipeline RATIS ONE PipelineID=de8f4323-ed8b-4c07-a25d-ad0516ceb88e.
2022-04-24 04:18:14,346 [Listener at 127.0.0.1/37371] INFO  ozone.MiniOzoneClusterImpl (MiniOzoneClusterImpl.java:lambda$waitForClusterToBeReady$0(221)) - Nodes are ready. Got 5 of 5 DN Heartbeats.
2022-04-24 04:18:14,346 [Listener at 127.0.0.1/37371] INFO  ozone.MiniOzoneClusterImpl (MiniOzoneClusterImpl.java:lambda$waitForClusterToBeReady$0(224)) - Waiting for cluster to exit safe mode
2022-04-24 04:18:14,346 [Listener at 127.0.0.1/37371] INFO  ozone.MiniOzoneClusterImpl (MiniOzoneClusterImpl.java:lambda$waitForClusterToBeReady$0(226)) - SCM became leader
2022-04-24 04:18:14,434 [Command processor thread] INFO  server.RaftServer (RaftServerProxy.java:addNew(95)) - 9d71fcab-e36c-460d-857b-bb54f2584166: addNew group-120C33CD41FC:[9d71fcab-e36c-460d-857b-bb54f2584166|rpc:10.1.0.15:37105|priority:1] returns group-120C33CD41FC:java.util.concurrent.CompletableFuture@7bae76de[Not completed]
2022-04-24 04:18:14,443 [pool-757-thread-1] INFO  server.RaftServer$Division (RaftServerImpl.java:<init>(184)) - 9d71fcab-e36c-460d-857b-bb54f2584166: new RaftServerImpl for group-120C33CD41FC:[9d71fcab-e36c-460d-857b-bb54f2584166|rpc:10.1.0.15:37105|priority:1] with ContainerStateMachine:uninitialized
2022-04-24 04:18:14,477 [pool-757-thread-1] INFO  server.RaftServerConfigKeys (ConfUtils.java:logGet(44)) - raft.server.rpc.timeout.min = 5s (custom)
2022-04-24 04:18:14,477 [pool-757-thread-1] INFO  server.RaftServerConfigKeys (ConfUtils.java:logGet(44)) - raft.server.rpc.timeout.max = 5200ms (custom)
2022-04-24 04:18:14,477 [pool-757-thread-1] INFO  server.RaftServerConfigKeys (ConfUtils.java:logGet(44)) - raft.server.rpc.sleep.time = 25ms (default)
2022-04-24 04:18:14,478 [pool-757-thread-1] INFO  server.RaftServerConfigKeys (ConfUtils.java:logGet(44)) - raft.server.rpc.slowness.timeout = 300s (custom)
2022-04-24 04:18:14,478 [pool-757-thread-1] INFO  server.RaftServerConfigKeys (ConfUtils.java:logGet(44)) - raft.server.leaderelection.leader.step-down.wait-time = 10s (default)
2022-04-24 04:18:14,478 [pool-757-thread-1] INFO  server.RaftServerConfigKeys (ConfUtils.java:logGet(44)) - raft.server.sleep.deviation.threshold = 300ms (default)
2022-04-24 04:18:14,478 [pool-757-thread-1] INFO  server.RaftServerConfigKeys (ConfUtils.java:logGet(44)) - raft.server.log.appender.install.snapshot.enabled = false (custom)
2022-04-24 04:18:14,478 [pool-757-thread-1] INFO  server.RaftServer$Division (ServerState.java:<init>(105)) - 9d71fcab-e36c-460d-857b-bb54f2584166@group-120C33CD41FC: ConfigurationManager, init=-1: [9d71fcab-e36c-460d-857b-bb54f2584166|rpc:10.1.0.15:37105|priority:1], old=null, confs=<EMPTY_MAP>
2022-04-24 04:18:14,478 [pool-757-thread-1] INFO  server.RaftServerConfigKeys (ConfUtils.java:logGet(44)) - raft.server.storage.dir = [/home/runner/work/ozone/ozone/hadoop-ozone/integration-test/target/test-dir/MiniOzoneClusterImpl-db3b6155-0a61-4c23-9e75-9b22dbc84111/datanode-4/data/ratis] (custom)
2022-04-24 04:18:14,478 [pool-757-thread-1] INFO  server.RaftServerConfigKeys (ConfUtils.java:logGet(44)) - raft.server.log.corruption.policy = EXCEPTION (default)
2022-04-24 04:18:14,478 [pool-757-thread-1] INFO  server.RaftServerConfigKeys (ConfUtils.java:logGet(44)) - raft.server.storage.free-space.min = 0MB (=0) (default)
2022-04-24 04:18:14,478 [pool-757-thread-1] INFO  storage.RaftStorageDirectory (RaftStorageDirectoryImpl.java:analyzeStorage(135)) - The storage directory /home/runner/work/ozone/ozone/hadoop-ozone/integration-test/target/test-dir/MiniOzoneClusterImpl-db3b6155-0a61-4c23-9e75-9b22dbc84111/datanode-4/data/ratis/e9d24d29-b111-41f6-9527-120c33cd41fc does not exist. Creating ...
2022-04-24 04:18:14,479 [pool-757-thread-1] INFO  storage.RaftStorageDirectory (RaftStorageDirectoryImpl.java:tryLock(230)) - Lock on /home/runner/work/ozone/ozone/hadoop-ozone/integration-test/target/test-dir/MiniOzoneClusterImpl-db3b6155-0a61-4c23-9e75-9b22dbc84111/datanode-4/data/ratis/e9d24d29-b111-41f6-9527-120c33cd41fc/in_use.lock acquired by nodename 18665@fv-az50-870
2022-04-24 04:18:14,481 [pool-757-thread-1] INFO  storage.RaftStorage (RaftStorageImpl.java:format(89)) - Storage directory /home/runner/work/ozone/ozone/hadoop-ozone/integration-test/target/test-dir/MiniOzoneClusterImpl-db3b6155-0a61-4c23-9e75-9b22dbc84111/datanode-4/data/ratis/e9d24d29-b111-41f6-9527-120c33cd41fc has been successfully formatted.
2022-04-24 04:18:14,485 [pool-757-thread-1] INFO  ratis.ContainerStateMachine (ContainerStateMachine.java:loadSnapshot(236)) - group-120C33CD41FC: The snapshot info is null. Setting the last applied indexto:(t:0, i:~)
2022-04-24 04:18:14,485 [pool-757-thread-1] INFO  server.RaftServerConfigKeys (ConfUtils.java:logGet(44)) - raft.server.notification.no-leader.timeout = 300s (custom)
2022-04-24 04:18:14,485 [pool-757-thread-1] INFO  server.RaftServerConfigKeys (ConfUtils.java:logGet(44)) - raft.server.log.use.memory = false (default)
2022-04-24 04:18:14,485 [pool-757-thread-1] INFO  server.RaftServerConfigKeys (ConfUtils.java:logGet(44)) - raft.server.log.purge.gap = 1000000 (custom)
2022-04-24 04:18:14,485 [pool-757-thread-1] INFO  server.RaftServerConfigKeys (ConfUtils.java:logGet(44)) - raft.server.log.appender.buffer.byte-limit = 33554432 (custom)
2022-04-24 04:18:14,486 [pool-757-thread-1] INFO  server.RaftServerConfigKeys (ConfUtils.java:logGet(44)) - raft.server.log.segment.size.max = 1048576 (custom)
2022-04-24 04:18:14,486 [pool-757-thread-1] INFO  server.RaftServerConfigKeys (ConfUtils.java:logGet(44)) - raft.server.log.segment.cache.num.max = 2 (custom)
2022-04-24 04:18:14,486 [pool-757-thread-1] INFO  server.RaftServerConfigKeys (ConfUtils.java:logGet(44)) - raft.server.log.segment.cache.size.max = 200MB (=209715200) (default)
2022-04-24 04:18:14,486 [pool-757-thread-1] INFO  segmented.SegmentedRaftLogWorker (SegmentedRaftLogWorker.java:<init>(182)) - new 9d71fcab-e36c-460d-857b-bb54f2584166@group-120C33CD41FC-SegmentedRaftLogWorker for RaftStorageImpl:Storage Directory /home/runner/work/ozone/ozone/hadoop-ozone/integration-test/target/test-dir/MiniOzoneClusterImpl-db3b6155-0a61-4c23-9e75-9b22dbc84111/datanode-4/data/ratis/e9d24d29-b111-41f6-9527-120c33cd41fc
2022-04-24 04:18:14,486 [pool-757-thread-1] INFO  server.RaftServerConfigKeys (ConfUtils.java:logGet(44)) - raft.server.log.queue.byte-limit = 4294967296 (custom)
2022-04-24 04:18:14,486 [pool-757-thread-1] INFO  server.RaftServerConfigKeys (ConfUtils.java:logGet(44)) - raft.server.log.queue.element-limit = 1024 (custom)
2022-04-24 04:18:14,486 [pool-757-thread-1] INFO  server.RaftServerConfigKeys (ConfUtils.java:logGet(44)) - raft.server.log.segment.size.max = 1048576 (custom)
2022-04-24 04:18:14,486 [pool-757-thread-1] INFO  server.RaftServerConfigKeys (ConfUtils.java:logGet(44)) - raft.server.log.preallocated.size = 16384 (custom)
2022-04-24 04:18:14,486 [pool-757-thread-1] INFO  server.RaftServerConfigKeys (ConfUtils.java:logGet(44)) - raft.server.log.force.sync.num = 128 (default)
2022-04-24 04:18:14,486 [pool-757-thread-1] INFO  server.RaftServerConfigKeys (ConfUtils.java:logGet(44)) - raft.server.log.statemachine.data.sync = true (default)
2022-04-24 04:18:14,486 [pool-757-thread-1] INFO  server.RaftServerConfigKeys (ConfUtils.java:logGet(44)) - raft.server.log.statemachine.data.sync.timeout = 10s (default)
2022-04-24 04:18:14,486 [pool-757-thread-1] INFO  server.RaftServerConfigKeys (ConfUtils.java:logGet(44)) - raft.server.log.statemachine.data.sync.timeout.retry = -1 (default)
2022-04-24 04:18:14,487 [pool-757-thread-1] INFO  server.RaftServerConfigKeys (ConfUtils.java:logGet(44)) - raft.server.log.write.buffer.size = 1048576 (custom)
2022-04-24 04:18:14,488 [pool-757-thread-1] INFO  server.RaftServerConfigKeys (ConfUtils.java:logGet(44)) - raft.server.log.statemachine.data.caching.enabled = true (custom)
2022-04-24 04:18:14,488 [pool-757-thread-1] INFO  segmented.SegmentedRaftLogWorker (SegmentedRaftLogWorker.java:lambda$new$0(133)) - 9d71fcab-e36c-460d-857b-bb54f2584166@group-120C33CD41FC-SegmentedRaftLogWorker: flushIndex: setUnconditionally 0 -> -1
2022-04-24 04:18:14,488 [pool-757-thread-1] INFO  segmented.SegmentedRaftLogWorker (SegmentedRaftLogWorker.java:lambda$new$0(133)) - 9d71fcab-e36c-460d-857b-bb54f2584166@group-120C33CD41FC-SegmentedRaftLogWorker: safeCacheEvictIndex: setUnconditionally 0 -> -1
2022-04-24 04:18:14,488 [pool-757-thread-1] INFO  server.RaftServerConfigKeys (ConfUtils.java:logGet(44)) - raft.server.snapshot.auto.trigger.enabled = true (custom)
2022-04-24 04:18:14,488 [pool-757-thread-1] INFO  server.RaftServerConfigKeys (ConfUtils.java:logGet(44)) - raft.server.snapshot.auto.trigger.threshold = 10000 (custom)
2022-04-24 04:18:14,489 [pool-757-thread-1] INFO  server.RaftServerConfigKeys (ConfUtils.java:logGet(44)) - raft.server.snapshot.retention.file.num = 5 (custom)
2022-04-24 04:18:14,489 [pool-757-thread-1] INFO  server.RaftServerConfigKeys (ConfUtils.java:logGet(44)) - raft.server.log.purge.upto.snapshot.index = false (default)
2022-04-24 04:18:14,489 [pool-757-thread-1] INFO  server.RaftServerConfigKeys (ConfUtils.java:logGet(44)) - raft.server.retrycache.expirytime = 600000ms (custom)
2022-04-24 04:18:14,489 [pool-757-thread-1] INFO  server.RaftServerConfigKeys (ConfUtils.java:logGet(44)) - raft.server.retrycache.statistics.expirytime = 100μs (default)
2022-04-24 04:18:14,490 [pool-757-thread-1] INFO  server.RaftServer$Division (RaftServerImpl.java:start(301)) - 9d71fcab-e36c-460d-857b-bb54f2584166@group-120C33CD41FC: start as a follower, conf=-1: [9d71fcab-e36c-460d-857b-bb54f2584166|rpc:10.1.0.15:37105|priority:1], old=null
2022-04-24 04:18:14,490 [pool-757-thread-1] INFO  server.RaftServer$Division (RaftServerImpl.java:setRole(290)) - 9d71fcab-e36c-460d-857b-bb54f2584166@group-120C33CD41FC: changes role from      null to FOLLOWER at term 0 for startAsFollower
2022-04-24 04:18:14,490 [pool-757-thread-1] INFO  impl.RoleInfo (RoleInfo.java:updateAndGet(130)) - 9d71fcab-e36c-460d-857b-bb54f2584166: start 9d71fcab-e36c-460d-857b-bb54f2584166@group-120C33CD41FC-FollowerState
2022-04-24 04:18:14,501 [pool-757-thread-1] INFO  util.JmxRegister (JmxRegister.java:tryRegister(44)) - Successfully registered JMX Bean with object name Ratis:service=RaftServer,group=group-120C33CD41FC,id=9d71fcab-e36c-460d-857b-bb54f2584166
2022-04-24 04:18:14,509 [Command processor thread] INFO  ratis.XceiverServerRatis (XceiverServerRatis.java:addGroup(765)) - Created group PipelineID=e9d24d29-b111-41f6-9527-120c33cd41fc
2022-04-24 04:18:14,509 [Command processor thread] INFO  commandhandler.CreatePipelineCommandHandler (CreatePipelineCommandHandler.java:handle(113)) - Created Pipeline RATIS ONE PipelineID=e9d24d29-b111-41f6-9527-120c33cd41fc.
2022-04-24 04:18:14,526 [EventQueue-PipelineReportForPipelineReportHandler] INFO  pipeline.PipelineManagerImpl (PipelineManagerImpl.java:openPipeline(321)) - Pipeline Pipeline[ Id: e9d24d29-b111-41f6-9527-120c33cd41fc, Nodes: 9d71fcab-e36c-460d-857b-bb54f2584166{ip: 10.1.0.15, host: fv-az50-870.grzltbmokehuzjyc5b133kdqgh.cx.internal.cloudapp.net, ports: [REPLICATION=36445, RATIS=37105, RATIS_ADMIN=37105, RATIS_SERVER=37105, STANDALONE=43633], networkLocation: /default-rack, certSerialId: null, persistedOpState: IN_SERVICE, persistedOpStateExpiryEpochSec: 0}, ReplicationConfig: RATIS/ONE, State:ALLOCATED, leaderId:9d71fcab-e36c-460d-857b-bb54f2584166, CreationTimestamp2022-04-24T04:18:11.424Z[Etc/UTC]] moved to OPEN state
2022-04-24 04:18:14,527 [EventQueue-OpenPipelineForHealthyPipelineSafeModeRule] INFO  safemode.SCMSafeModeManager (HealthyPipelineSafeModeRule.java:process(124)) - SCM in safe mode. Healthy pipelines reported count is 0, required healthy pipeline reported count is 1
2022-04-24 04:18:15,346 [Listener at 127.0.0.1/37371] INFO  ozone.MiniOzoneClusterImpl (MiniOzoneClusterImpl.java:lambda$waitForClusterToBeReady$0(221)) - Nodes are ready. Got 5 of 5 DN Heartbeats.
2022-04-24 04:18:15,348 [Listener at 127.0.0.1/37371] INFO  ozone.MiniOzoneClusterImpl (MiniOzoneClusterImpl.java:lambda$waitForClusterToBeReady$0(224)) - Waiting for cluster to exit safe mode
2022-04-24 04:18:15,348 [Listener at 127.0.0.1/37371] INFO  ozone.MiniOzoneClusterImpl (MiniOzoneClusterImpl.java:lambda$waitForClusterToBeReady$0(226)) - SCM became leader
2022-04-24 04:18:16,348 [Listener at 127.0.0.1/37371] INFO  ozone.MiniOzoneClusterImpl (MiniOzoneClusterImpl.java:lambda$waitForClusterToBeReady$0(221)) - Nodes are ready. Got 5 of 5 DN Heartbeats.
2022-04-24 04:18:16,349 [Listener at 127.0.0.1/37371] INFO  ozone.MiniOzoneClusterImpl (MiniOzoneClusterImpl.java:lambda$waitForClusterToBeReady$0(224)) - Waiting for cluster to exit safe mode
2022-04-24 04:18:16,349 [Listener at 127.0.0.1/37371] INFO  ozone.MiniOzoneClusterImpl (MiniOzoneClusterImpl.java:lambda$waitForClusterToBeReady$0(226)) - SCM became leader
2022-04-24 04:18:17,349 [Listener at 127.0.0.1/37371] INFO  ozone.MiniOzoneClusterImpl (MiniOzoneClusterImpl.java:lambda$waitForClusterToBeReady$0(221)) - Nodes are ready. Got 5 of 5 DN Heartbeats.
2022-04-24 04:18:17,349 [Listener at 127.0.0.1/37371] INFO  ozone.MiniOzoneClusterImpl (MiniOzoneClusterImpl.java:lambda$waitForClusterToBeReady$0(224)) - Waiting for cluster to exit safe mode
2022-04-24 04:18:17,349 [Listener at 127.0.0.1/37371] INFO  ozone.MiniOzoneClusterImpl (MiniOzoneClusterImpl.java:lambda$waitForClusterToBeReady$0(226)) - SCM became leader
2022-04-24 04:18:17,623 [d419d700-ddf7-43da-8a6c-bfb8eedae9d7@group-34D86A5464D3-FollowerState] INFO  impl.FollowerState (FollowerState.java:run(134)) - d419d700-ddf7-43da-8a6c-bfb8eedae9d7@group-34D86A5464D3-FollowerState: change to CANDIDATE, lastRpcElapsedTime:5148885764ns, electionTimeout:5148ms
2022-04-24 04:18:17,624 [d419d700-ddf7-43da-8a6c-bfb8eedae9d7@group-34D86A5464D3-FollowerState] INFO  impl.RoleInfo (RoleInfo.java:shutdownFollowerState(108)) - d419d700-ddf7-43da-8a6c-bfb8eedae9d7: shutdown d419d700-ddf7-43da-8a6c-bfb8eedae9d7@group-34D86A5464D3-FollowerState
2022-04-24 04:18:17,624 [d419d700-ddf7-43da-8a6c-bfb8eedae9d7@group-34D86A5464D3-FollowerState] INFO  server.RaftServer$Division (RaftServerImpl.java:setRole(290)) - d419d700-ddf7-43da-8a6c-bfb8eedae9d7@group-34D86A5464D3: changes role from  FOLLOWER to CANDIDATE at term 0 for changeToCandidate
2022-04-24 04:18:17,624 [d419d700-ddf7-43da-8a6c-bfb8eedae9d7@group-34D86A5464D3-FollowerState] INFO  server.RaftServerConfigKeys (ConfUtils.java:logGet(44)) - raft.server.leaderelection.pre-vote = false (custom)
2022-04-24 04:18:17,624 [d419d700-ddf7-43da-8a6c-bfb8eedae9d7@group-34D86A5464D3-FollowerState] INFO  impl.RoleInfo (RoleInfo.java:updateAndGet(130)) - d419d700-ddf7-43da-8a6c-bfb8eedae9d7: start d419d700-ddf7-43da-8a6c-bfb8eedae9d7@group-34D86A5464D3-LeaderElection36
2022-04-24 04:18:17,655 [d419d700-ddf7-43da-8a6c-bfb8eedae9d7@group-34D86A5464D3-LeaderElection36] INFO  impl.LeaderElection (LeaderElection.java:askForVotes(306)) - d419d700-ddf7-43da-8a6c-bfb8eedae9d7@group-34D86A5464D3-LeaderElection36 ELECTION round 0: submit vote requests at term 1 for -1: [d419d700-ddf7-43da-8a6c-bfb8eedae9d7|rpc:10.1.0.15:39835|priority:1], old=null
2022-04-24 04:18:17,655 [d419d700-ddf7-43da-8a6c-bfb8eedae9d7@group-34D86A5464D3-LeaderElection36] INFO  impl.LeaderElection (LeaderElection.java:askForVotes(308)) - d419d700-ddf7-43da-8a6c-bfb8eedae9d7@group-34D86A5464D3-LeaderElection36 ELECTION round 0: result PASSED (term=1)
2022-04-24 04:18:17,655 [d419d700-ddf7-43da-8a6c-bfb8eedae9d7@group-34D86A5464D3-LeaderElection36] INFO  impl.RoleInfo (RoleInfo.java:shutdownLeaderElection(121)) - d419d700-ddf7-43da-8a6c-bfb8eedae9d7: shutdown d419d700-ddf7-43da-8a6c-bfb8eedae9d7@group-34D86A5464D3-LeaderElection36
2022-04-24 04:18:17,656 [d419d700-ddf7-43da-8a6c-bfb8eedae9d7@group-34D86A5464D3-LeaderElection36] INFO  server.RaftServer$Division (RaftServerImpl.java:setRole(290)) - d419d700-ddf7-43da-8a6c-bfb8eedae9d7@group-34D86A5464D3: changes role from CANDIDATE to LEADER at term 1 for changeToLeader
2022-04-24 04:18:17,656 [d419d700-ddf7-43da-8a6c-bfb8eedae9d7@group-34D86A5464D3-LeaderElection36] INFO  ratis.XceiverServerRatis (XceiverServerRatis.java:handleLeaderChangedNotification(863)) - Leader change notification received for group: group-34D86A5464D3 with new leaderId: d419d700-ddf7-43da-8a6c-bfb8eedae9d7
2022-04-24 04:18:17,667 [d419d700-ddf7-43da-8a6c-bfb8eedae9d7@group-34D86A5464D3-LeaderElection36] INFO  server.RaftServer$Division (ServerState.java:setLeader(285)) - d419d700-ddf7-43da-8a6c-bfb8eedae9d7@group-34D86A5464D3: change Leader from null to d419d700-ddf7-43da-8a6c-bfb8eedae9d7 at term 1 for becomeLeader, leader elected after 5229ms
2022-04-24 04:18:17,668 [d419d700-ddf7-43da-8a6c-bfb8eedae9d7@group-34D86A5464D3-LeaderElection36] INFO  server.RaftServerConfigKeys (ConfUtils.java:logGet(44)) - raft.server.staging.catchup.gap = 1000 (default)
2022-04-24 04:18:17,668 [d419d700-ddf7-43da-8a6c-bfb8eedae9d7@group-34D86A5464D3-LeaderElection36] INFO  server.RaftServerConfigKeys (ConfUtils.java:logGet(44)) - raft.server.write.element-limit = 1024 (custom)
2022-04-24 04:18:17,668 [d419d700-ddf7-43da-8a6c-bfb8eedae9d7@group-34D86A5464D3-LeaderElection36] INFO  server.RaftServerConfigKeys (ConfUtils.java:logGet(44)) - raft.server.write.byte-limit = 1024 M (=1073741824) (custom)
2022-04-24 04:18:17,668 [d419d700-ddf7-43da-8a6c-bfb8eedae9d7@group-34D86A5464D3-LeaderElection36] INFO  server.RaftServerConfigKeys (ConfUtils.java:logGet(44)) - raft.server.watch.timeout = 180s (custom)
2022-04-24 04:18:17,668 [d419d700-ddf7-43da-8a6c-bfb8eedae9d7@group-34D86A5464D3-LeaderElection36] INFO  server.RaftServerConfigKeys (ConfUtils.java:logGet(44)) - raft.server.watch.timeout.denomination = 1s (default)
2022-04-24 04:18:17,668 [d419d700-ddf7-43da-8a6c-bfb8eedae9d7@group-34D86A5464D3-LeaderElection36] INFO  server.RaftServerConfigKeys (ConfUtils.java:logGet(44)) - raft.server.watch.element-limit = 65536 (default)
2022-04-24 04:18:17,668 [d419d700-ddf7-43da-8a6c-bfb8eedae9d7@group-34D86A5464D3-LeaderElection36] INFO  server.RaftServerConfigKeys (ConfUtils.java:logGet(44)) - raft.server.write.element-limit = 1024 (custom)
2022-04-24 04:18:17,668 [d419d700-ddf7-43da-8a6c-bfb8eedae9d7@group-34D86A5464D3-LeaderElection36] INFO  server.RaftServerConfigKeys (ConfUtils.java:logGet(44)) - raft.server.write.follower.gap.ratio.max = -1.0 (default)
2022-04-24 04:18:17,669 [d419d700-ddf7-43da-8a6c-bfb8eedae9d7@group-34D86A5464D3-LeaderElection36] INFO  impl.RoleInfo (RoleInfo.java:updateAndGet(130)) - d419d700-ddf7-43da-8a6c-bfb8eedae9d7: start d419d700-ddf7-43da-8a6c-bfb8eedae9d7@group-34D86A5464D3-LeaderStateImpl
2022-04-24 04:18:17,669 [d419d700-ddf7-43da-8a6c-bfb8eedae9d7@group-34D86A5464D3-LeaderElection36] INFO  segmented.SegmentedRaftLogWorker (SegmentedRaftLogWorker.java:startLogSegment(394)) - d419d700-ddf7-43da-8a6c-bfb8eedae9d7@group-34D86A5464D3-SegmentedRaftLogWorker: Starting segment from index:0
2022-04-24 04:18:17,673 [EventQueue-OpenPipelineForHealthyPipelineSafeModeRule] INFO  safemode.SCMSafeModeManager (HealthyPipelineSafeModeRule.java:process(124)) - SCM in safe mode. Healthy pipelines reported count is 0, required healthy pipeline reported count is 1
2022-04-24 04:18:17,676 [d419d700-ddf7-43da-8a6c-bfb8eedae9d7@group-34D86A5464D3-SegmentedRaftLogWorker] INFO  segmented.SegmentedRaftLogWorker (SegmentedRaftLogWorker.java:execute(601)) - d419d700-ddf7-43da-8a6c-bfb8eedae9d7@group-34D86A5464D3-SegmentedRaftLogWorker: created new log segment /home/runner/work/ozone/ozone/hadoop-ozone/integration-test/target/test-dir/MiniOzoneClusterImpl-db3b6155-0a61-4c23-9e75-9b22dbc84111/datanode-0/data/ratis/7c29cc92-bf21-4148-b792-34d86a5464d3/current/log_inprogress_0
2022-04-24 04:18:17,692 [d419d700-ddf7-43da-8a6c-bfb8eedae9d7@group-34D86A5464D3-LeaderElection36] INFO  server.RaftServer$Division (ServerState.java:setRaftConf(387)) - d419d700-ddf7-43da-8a6c-bfb8eedae9d7@group-34D86A5464D3: set configuration 0: [d419d700-ddf7-43da-8a6c-bfb8eedae9d7|rpc:10.1.0.15:39835|dataStream:|priority:1], old=null
2022-04-24 04:18:17,713 [d419d700-ddf7-43da-8a6c-bfb8eedae9d7@group-A96AADB4029C-FollowerState] INFO  impl.FollowerState (FollowerState.java:run(134)) - d419d700-ddf7-43da-8a6c-bfb8eedae9d7@group-A96AADB4029C-FollowerState: change to CANDIDATE, lastRpcElapsedTime:5193874269ns, electionTimeout:5193ms
2022-04-24 04:18:17,713 [d419d700-ddf7-43da-8a6c-bfb8eedae9d7@group-A96AADB4029C-FollowerState] INFO  impl.RoleInfo (RoleInfo.java:shutdownFollowerState(108)) - d419d700-ddf7-43da-8a6c-bfb8eedae9d7: shutdown d419d700-ddf7-43da-8a6c-bfb8eedae9d7@group-A96AADB4029C-FollowerState
2022-04-24 04:18:17,713 [d419d700-ddf7-43da-8a6c-bfb8eedae9d7@group-A96AADB4029C-FollowerState] INFO  server.RaftServer$Division (RaftServerImpl.java:setRole(290)) - d419d700-ddf7-43da-8a6c-bfb8eedae9d7@group-A96AADB4029C: changes role from  FOLLOWER to CANDIDATE at term 0 for changeToCandidate
2022-04-24 04:18:17,713 [d419d700-ddf7-43da-8a6c-bfb8eedae9d7@group-A96AADB4029C-FollowerState] INFO  server.RaftServerConfigKeys (ConfUtils.java:logGet(44)) - raft.server.leaderelection.pre-vote = false (custom)
2022-04-24 04:18:17,713 [d419d700-ddf7-43da-8a6c-bfb8eedae9d7@group-A96AADB4029C-FollowerState] INFO  impl.RoleInfo (RoleInfo.java:updateAndGet(130)) - d419d700-ddf7-43da-8a6c-bfb8eedae9d7: start d419d700-ddf7-43da-8a6c-bfb8eedae9d7@group-A96AADB4029C-LeaderElection37
2022-04-24 04:18:17,759 [d419d700-ddf7-43da-8a6c-bfb8eedae9d7@group-A96AADB4029C-LeaderElection37] INFO  impl.LeaderElection (LeaderElection.java:askForVotes(306)) - d419d700-ddf7-43da-8a6c-bfb8eedae9d7@group-A96AADB4029C-LeaderElection37 ELECTION round 0: submit vote requests at term 1 for -1: [d419d700-ddf7-43da-8a6c-bfb8eedae9d7|rpc:10.1.0.15:39835|priority:0, 438da751-ffe1-4787-af39-168936e85d29|rpc:10.1.0.15:45355|priority:0, 3c8f196b-f336-4cca-b7e0-24f945f171e6|rpc:10.1.0.15:39931|priority:1], old=null
2022-04-24 04:18:17,821 [grpc-default-executor-0] INFO  server.RaftServer$Division (RaftServerImpl.java:requestVote(1046)) - 438da751-ffe1-4787-af39-168936e85d29@group-A96AADB4029C: receive requestVote(ELECTION, d419d700-ddf7-43da-8a6c-bfb8eedae9d7, group-A96AADB4029C, 1, (t:0, i:0))
2022-04-24 04:18:17,822 [grpc-default-executor-0] INFO  impl.VoteContext (VoteContext.java:log(48)) - 438da751-ffe1-4787-af39-168936e85d29@group-A96AADB4029C-FOLLOWER: accept ELECTION from d419d700-ddf7-43da-8a6c-bfb8eedae9d7: our priority 0 <= candidate's priority 0
2022-04-24 04:18:17,822 [grpc-default-executor-0] INFO  server.RaftServer$Division (RaftServerImpl.java:setRole(290)) - 438da751-ffe1-4787-af39-168936e85d29@group-A96AADB4029C: changes role from  FOLLOWER to FOLLOWER at term 1 for candidate:d419d700-ddf7-43da-8a6c-bfb8eedae9d7
2022-04-24 04:18:17,822 [grpc-default-executor-0] INFO  impl.RoleInfo (RoleInfo.java:shutdownFollowerState(108)) - 438da751-ffe1-4787-af39-168936e85d29: shutdown 438da751-ffe1-4787-af39-168936e85d29@group-A96AADB4029C-FollowerState
2022-04-24 04:18:17,822 [grpc-default-executor-0] INFO  impl.RoleInfo (RoleInfo.java:updateAndGet(130)) - 438da751-ffe1-4787-af39-168936e85d29: start 438da751-ffe1-4787-af39-168936e85d29@group-A96AADB4029C-FollowerState
2022-04-24 04:18:17,822 [438da751-ffe1-4787-af39-168936e85d29@group-A96AADB4029C-FollowerState] INFO  impl.FollowerState (FollowerState.java:run(143)) - 438da751-ffe1-4787-af39-168936e85d29@group-A96AADB4029C-FollowerState was interrupted: {}
java.lang.InterruptedException: sleep interrupted
	at java.lang.Thread.sleep(Native Method)
	at java.lang.Thread.sleep(Thread.java:342)
	at java.util.concurrent.TimeUnit.sleep(TimeUnit.java:386)
	at org.apache.ratis.util.TimeDuration.sleep(TimeDuration.java:324)
	at org.apache.ratis.util.TimeDuration.sleep(TimeDuration.java:309)
	at org.apache.ratis.server.impl.FollowerState.run(FollowerState.java:118)
2022-04-24 04:18:17,822 [grpc-default-executor-1] INFO  server.RaftServer$Division (RaftServerImpl.java:requestVote(1046)) - 3c8f196b-f336-4cca-b7e0-24f945f171e6@group-A96AADB4029C: receive requestVote(ELECTION, d419d700-ddf7-43da-8a6c-bfb8eedae9d7, group-A96AADB4029C, 1, (t:0, i:0))
2022-04-24 04:18:17,823 [grpc-default-executor-1] INFO  impl.VoteContext (VoteContext.java:log(48)) - 3c8f196b-f336-4cca-b7e0-24f945f171e6@group-A96AADB4029C-FOLLOWER: reject ELECTION from d419d700-ddf7-43da-8a6c-bfb8eedae9d7: our priority 1 > candidate's priority 0
2022-04-24 04:18:17,823 [grpc-default-executor-1] INFO  server.RaftServer$Division (RaftServerImpl.java:setRole(290)) - 3c8f196b-f336-4cca-b7e0-24f945f171e6@group-A96AADB4029C: changes role from  FOLLOWER to FOLLOWER at term 1 for candidate:d419d700-ddf7-43da-8a6c-bfb8eedae9d7
2022-04-24 04:18:17,823 [grpc-default-executor-1] INFO  impl.RoleInfo (RoleInfo.java:shutdownFollowerState(108)) - 3c8f196b-f336-4cca-b7e0-24f945f171e6: shutdown 3c8f196b-f336-4cca-b7e0-24f945f171e6@group-A96AADB4029C-FollowerState
2022-04-24 04:18:17,870 [grpc-default-executor-0] INFO  server.RaftServer$Division (RaftServerImpl.java:requestVote(1078)) - 438da751-ffe1-4787-af39-168936e85d29@group-A96AADB4029C replies to ELECTION vote request: d419d700-ddf7-43da-8a6c-bfb8eedae9d7<-438da751-ffe1-4787-af39-168936e85d29#0:OK-t1. Peer's state: 438da751-ffe1-4787-af39-168936e85d29@group-A96AADB4029C:t1, leader=null, voted=d419d700-ddf7-43da-8a6c-bfb8eedae9d7, raftlog=438da751-ffe1-4787-af39-168936e85d29@group-A96AADB4029C-SegmentedRaftLog:OPENED:c-1, conf=-1: [d419d700-ddf7-43da-8a6c-bfb8eedae9d7|rpc:10.1.0.15:39835|dataStream:|priority:0, 438da751-ffe1-4787-af39-168936e85d29|rpc:10.1.0.15:45355|dataStream:|priority:0, 3c8f196b-f336-4cca-b7e0-24f945f171e6|rpc:10.1.0.15:39931|dataStream:|priority:1], old=null
2022-04-24 04:18:17,873 [3c8f196b-f336-4cca-b7e0-24f945f171e6@group-A96AADB4029C-FollowerState] INFO  impl.FollowerState (FollowerState.java:run(143)) - 3c8f196b-f336-4cca-b7e0-24f945f171e6@group-A96AADB4029C-FollowerState was interrupted: {}
java.lang.InterruptedException: sleep interrupted
	at java.lang.Thread.sleep(Native Method)
	at java.lang.Thread.sleep(Thread.java:342)
	at java.util.concurrent.TimeUnit.sleep(TimeUnit.java:386)
	at org.apache.ratis.util.TimeDuration.sleep(TimeDuration.java:324)
	at org.apache.ratis.util.TimeDuration.sleep(TimeDuration.java:309)
	at org.apache.ratis.server.impl.FollowerState.run(FollowerState.java:118)
2022-04-24 04:18:17,880 [grpc-default-executor-1] INFO  impl.RoleInfo (RoleInfo.java:updateAndGet(130)) - 3c8f196b-f336-4cca-b7e0-24f945f171e6: start 3c8f196b-f336-4cca-b7e0-24f945f171e6@group-A96AADB4029C-FollowerState
2022-04-24 04:18:17,890 [grpc-default-executor-1] INFO  server.RaftServer$Division (RaftServerImpl.java:requestVote(1078)) - 3c8f196b-f336-4cca-b7e0-24f945f171e6@group-A96AADB4029C replies to ELECTION vote request: d419d700-ddf7-43da-8a6c-bfb8eedae9d7<-3c8f196b-f336-4cca-b7e0-24f945f171e6#0:FAIL-t1. Peer's state: 3c8f196b-f336-4cca-b7e0-24f945f171e6@group-A96AADB4029C:t1, leader=null, voted=null, raftlog=3c8f196b-f336-4cca-b7e0-24f945f171e6@group-A96AADB4029C-SegmentedRaftLog:OPENED:c-1, conf=-1: [d419d700-ddf7-43da-8a6c-bfb8eedae9d7|rpc:10.1.0.15:39835|dataStream:|priority:0, 438da751-ffe1-4787-af39-168936e85d29|rpc:10.1.0.15:45355|dataStream:|priority:0, 3c8f196b-f336-4cca-b7e0-24f945f171e6|rpc:10.1.0.15:39931|dataStream:|priority:1], old=null
2022-04-24 04:18:17,916 [d419d700-ddf7-43da-8a6c-bfb8eedae9d7@group-A96AADB4029C-LeaderElection37] INFO  impl.LeaderElection (LeaderElection.java:logAndReturn(89)) - d419d700-ddf7-43da-8a6c-bfb8eedae9d7@group-A96AADB4029C-LeaderElection37: ELECTION REJECTED received 2 response(s) and 0 exception(s):
2022-04-24 04:18:17,916 [d419d700-ddf7-43da-8a6c-bfb8eedae9d7@group-A96AADB4029C-LeaderElection37] INFO  impl.LeaderElection (LeaderElection.java:logAndReturn(93)) -   Response 0: d419d700-ddf7-43da-8a6c-bfb8eedae9d7<-438da751-ffe1-4787-af39-168936e85d29#0:OK-t1
2022-04-24 04:18:17,916 [d419d700-ddf7-43da-8a6c-bfb8eedae9d7@group-A96AADB4029C-LeaderElection37] INFO  impl.LeaderElection (LeaderElection.java:logAndReturn(93)) -   Response 1: d419d700-ddf7-43da-8a6c-bfb8eedae9d7<-3c8f196b-f336-4cca-b7e0-24f945f171e6#0:FAIL-t1
2022-04-24 04:18:17,916 [d419d700-ddf7-43da-8a6c-bfb8eedae9d7@group-A96AADB4029C-LeaderElection37] INFO  impl.LeaderElection (LeaderElection.java:askForVotes(308)) - d419d700-ddf7-43da-8a6c-bfb8eedae9d7@group-A96AADB4029C-LeaderElection37 ELECTION round 0: result REJECTED
2022-04-24 04:18:17,916 [d419d700-ddf7-43da-8a6c-bfb8eedae9d7@group-A96AADB4029C-LeaderElection37] INFO  server.RaftServer$Division (RaftServerImpl.java:setRole(290)) - d419d700-ddf7-43da-8a6c-bfb8eedae9d7@group-A96AADB4029C: changes role from CANDIDATE to FOLLOWER at term 1 for REJECTED
2022-04-24 04:18:17,916 [d419d700-ddf7-43da-8a6c-bfb8eedae9d7@group-A96AADB4029C-LeaderElection37] INFO  impl.RoleInfo (RoleInfo.java:shutdownLeaderElection(121)) - d419d700-ddf7-43da-8a6c-bfb8eedae9d7: shutdown d419d700-ddf7-43da-8a6c-bfb8eedae9d7@group-A96AADB4029C-LeaderElection37
2022-04-24 04:18:17,916 [d419d700-ddf7-43da-8a6c-bfb8eedae9d7@group-A96AADB4029C-LeaderElection37] INFO  impl.RoleInfo (RoleInfo.java:updateAndGet(130)) - d419d700-ddf7-43da-8a6c-bfb8eedae9d7: start d419d700-ddf7-43da-8a6c-bfb8eedae9d7@group-A96AADB4029C-FollowerState
2022-04-24 04:18:18,050 [438da751-ffe1-4787-af39-168936e85d29@group-61F8D1A464C8-FollowerState] INFO  impl.FollowerState (FollowerState.java:run(134)) - 438da751-ffe1-4787-af39-168936e85d29@group-61F8D1A464C8-FollowerState: change to CANDIDATE, lastRpcElapsedTime:5017224686ns, electionTimeout:5000ms
2022-04-24 04:18:18,051 [438da751-ffe1-4787-af39-168936e85d29@group-61F8D1A464C8-FollowerState] INFO  impl.RoleInfo (RoleInfo.java:shutdownFollowerState(108)) - 438da751-ffe1-4787-af39-168936e85d29: shutdown 438da751-ffe1-4787-af39-168936e85d29@group-61F8D1A464C8-FollowerState
2022-04-24 04:18:18,051 [438da751-ffe1-4787-af39-168936e85d29@group-61F8D1A464C8-FollowerState] INFO  server.RaftServer$Division (RaftServerImpl.java:setRole(290)) - 438da751-ffe1-4787-af39-168936e85d29@group-61F8D1A464C8: changes role from  FOLLOWER to CANDIDATE at term 0 for changeToCandidate
2022-04-24 04:18:18,052 [438da751-ffe1-4787-af39-168936e85d29@group-61F8D1A464C8-FollowerState] INFO  server.RaftServerConfigKeys (ConfUtils.java:logGet(44)) - raft.server.leaderelection.pre-vote = false (custom)
2022-04-24 04:18:18,052 [438da751-ffe1-4787-af39-168936e85d29@group-61F8D1A464C8-FollowerState] INFO  impl.RoleInfo (RoleInfo.java:updateAndGet(130)) - 438da751-ffe1-4787-af39-168936e85d29: start 438da751-ffe1-4787-af39-168936e85d29@group-61F8D1A464C8-LeaderElection38
2022-04-24 04:18:18,075 [438da751-ffe1-4787-af39-168936e85d29@group-61F8D1A464C8-LeaderElection38] INFO  impl.LeaderElection (LeaderElection.java:askForVotes(306)) - 438da751-ffe1-4787-af39-168936e85d29@group-61F8D1A464C8-LeaderElection38 ELECTION round 0: submit vote requests at term 1 for -1: [438da751-ffe1-4787-af39-168936e85d29|rpc:10.1.0.15:45355|priority:1, d419d700-ddf7-43da-8a6c-bfb8eedae9d7|rpc:10.1.0.15:39835|priority:0, 3c8f196b-f336-4cca-b7e0-24f945f171e6|rpc:10.1.0.15:39931|priority:0], old=null
2022-04-24 04:18:18,087 [438da751-ffe1-4787-af39-168936e85d29@group-61DC4A925AB4-FollowerState] INFO  impl.FollowerState (FollowerState.java:run(134)) - 438da751-ffe1-4787-af39-168936e85d29@group-61DC4A925AB4-FollowerState: change to CANDIDATE, lastRpcElapsedTime:5092831234ns, electionTimeout:5091ms
2022-04-24 04:18:18,088 [438da751-ffe1-4787-af39-168936e85d29@group-61DC4A925AB4-FollowerState] INFO  impl.RoleInfo (RoleInfo.java:shutdownFollowerState(108)) - 438da751-ffe1-4787-af39-168936e85d29: shutdown 438da751-ffe1-4787-af39-168936e85d29@group-61DC4A925AB4-FollowerState
2022-04-24 04:18:18,088 [438da751-ffe1-4787-af39-168936e85d29@group-61DC4A925AB4-FollowerState] INFO  server.RaftServer$Division (RaftServerImpl.java:setRole(290)) - 438da751-ffe1-4787-af39-168936e85d29@group-61DC4A925AB4: changes role from  FOLLOWER to CANDIDATE at term 0 for changeToCandidate
2022-04-24 04:18:18,088 [438da751-ffe1-4787-af39-168936e85d29@group-61DC4A925AB4-FollowerState] INFO  server.RaftServerConfigKeys (ConfUtils.java:logGet(44)) - raft.server.leaderelection.pre-vote = false (custom)
2022-04-24 04:18:18,088 [438da751-ffe1-4787-af39-168936e85d29@group-61DC4A925AB4-FollowerState] INFO  impl.RoleInfo (RoleInfo.java:updateAndGet(130)) - 438da751-ffe1-4787-af39-168936e85d29: start 438da751-ffe1-4787-af39-168936e85d29@group-61DC4A925AB4-LeaderElection39
2022-04-24 04:18:18,091 [grpc-default-executor-1] INFO  server.RaftServer$Division (RaftServerImpl.java:requestVote(1046)) - d419d700-ddf7-43da-8a6c-bfb8eedae9d7@group-61F8D1A464C8: receive requestVote(ELECTION, 438da751-ffe1-4787-af39-168936e85d29, group-61F8D1A464C8, 1, (t:0, i:0))
2022-04-24 04:18:18,091 [grpc-default-executor-1] INFO  impl.VoteContext (VoteContext.java:log(48)) - d419d700-ddf7-43da-8a6c-bfb8eedae9d7@group-61F8D1A464C8-FOLLOWER: accept ELECTION from 438da751-ffe1-4787-af39-168936e85d29: our priority 0 <= candidate's priority 1
2022-04-24 04:18:18,091 [grpc-default-executor-1] INFO  server.RaftServer$Division (RaftServerImpl.java:setRole(290)) - d419d700-ddf7-43da-8a6c-bfb8eedae9d7@group-61F8D1A464C8: changes role from  FOLLOWER to FOLLOWER at term 1 for candidate:438da751-ffe1-4787-af39-168936e85d29
2022-04-24 04:18:18,091 [grpc-default-executor-1] INFO  impl.RoleInfo (RoleInfo.java:shutdownFollowerState(108)) - d419d700-ddf7-43da-8a6c-bfb8eedae9d7: shutdown d419d700-ddf7-43da-8a6c-bfb8eedae9d7@group-61F8D1A464C8-FollowerState
2022-04-24 04:18:18,119 [grpc-default-executor-1] INFO  impl.RoleInfo (RoleInfo.java:updateAndGet(130)) - d419d700-ddf7-43da-8a6c-bfb8eedae9d7: start d419d700-ddf7-43da-8a6c-bfb8eedae9d7@group-61F8D1A464C8-FollowerState
2022-04-24 04:18:18,121 [d419d700-ddf7-43da-8a6c-bfb8eedae9d7@group-61F8D1A464C8-FollowerState] INFO  impl.FollowerState (FollowerState.java:run(143)) - d419d700-ddf7-43da-8a6c-bfb8eedae9d7@group-61F8D1A464C8-FollowerState was interrupted: {}
java.lang.InterruptedException: sleep interrupted
	at java.lang.Thread.sleep(Native Method)
	at java.lang.Thread.sleep(Thread.java:342)
	at java.util.concurrent.TimeUnit.sleep(TimeUnit.java:386)
	at org.apache.ratis.util.TimeDuration.sleep(TimeDuration.java:324)
	at org.apache.ratis.util.TimeDuration.sleep(TimeDuration.java:309)
	at org.apache.ratis.server.impl.FollowerState.run(FollowerState.java:118)
2022-04-24 04:18:18,124 [grpc-default-executor-0] INFO  server.RaftServer$Division (RaftServerImpl.java:requestVote(1046)) - 3c8f196b-f336-4cca-b7e0-24f945f171e6@group-61F8D1A464C8: receive requestVote(ELECTION, 438da751-ffe1-4787-af39-168936e85d29, group-61F8D1A464C8, 1, (t:0, i:0))
2022-04-24 04:18:18,124 [grpc-default-executor-0] INFO  impl.VoteContext (VoteContext.java:log(48)) - 3c8f196b-f336-4cca-b7e0-24f945f171e6@group-61F8D1A464C8-FOLLOWER: accept ELECTION from 438da751-ffe1-4787-af39-168936e85d29: our priority 0 <= candidate's priority 1
2022-04-24 04:18:18,124 [grpc-default-executor-0] INFO  server.RaftServer$Division (RaftServerImpl.java:setRole(290)) - 3c8f196b-f336-4cca-b7e0-24f945f171e6@group-61F8D1A464C8: changes role from  FOLLOWER to FOLLOWER at term 1 for candidate:438da751-ffe1-4787-af39-168936e85d29
2022-04-24 04:18:18,124 [grpc-default-executor-0] INFO  impl.RoleInfo (RoleInfo.java:shutdownFollowerState(108)) - 3c8f196b-f336-4cca-b7e0-24f945f171e6: shutdown 3c8f196b-f336-4cca-b7e0-24f945f171e6@group-61F8D1A464C8-FollowerState
2022-04-24 04:18:18,132 [438da751-ffe1-4787-af39-168936e85d29@group-61DC4A925AB4-LeaderElection39] INFO  impl.LeaderElection (LeaderElection.java:askForVotes(306)) - 438da751-ffe1-4787-af39-168936e85d29@group-61DC4A925AB4-LeaderElection39 ELECTION round 0: submit vote requests at term 1 for -1: [438da751-ffe1-4787-af39-168936e85d29|rpc:10.1.0.15:45355|priority:1], old=null
2022-04-24 04:18:18,132 [438da751-ffe1-4787-af39-168936e85d29@group-61DC4A925AB4-LeaderElection39] INFO  impl.LeaderElection (LeaderElection.java:askForVotes(308)) - 438da751-ffe1-4787-af39-168936e85d29@group-61DC4A925AB4-LeaderElection39 ELECTION round 0: result PASSED (term=1)
2022-04-24 04:18:18,132 [438da751-ffe1-4787-af39-168936e85d29@group-61DC4A925AB4-LeaderElection39] INFO  impl.RoleInfo (RoleInfo.java:shutdownLeaderElection(121)) - 438da751-ffe1-4787-af39-168936e85d29: shutdown 438da751-ffe1-4787-af39-168936e85d29@group-61DC4A925AB4-LeaderElection39
2022-04-24 04:18:18,132 [438da751-ffe1-4787-af39-168936e85d29@group-61DC4A925AB4-LeaderElection39] INFO  server.RaftServer$Division (RaftServerImpl.java:setRole(290)) - 438da751-ffe1-4787-af39-168936e85d29@group-61DC4A925AB4: changes role from CANDIDATE to LEADER at term 1 for changeToLeader
2022-04-24 04:18:18,132 [438da751-ffe1-4787-af39-168936e85d29@group-61DC4A925AB4-LeaderElection39] INFO  ratis.XceiverServerRatis (XceiverServerRatis.java:handleLeaderChangedNotification(863)) - Leader change notification received for group: group-61DC4A925AB4 with new leaderId: 438da751-ffe1-4787-af39-168936e85d29
2022-04-24 04:18:18,133 [438da751-ffe1-4787-af39-168936e85d29@group-61DC4A925AB4-LeaderElection39] INFO  server.RaftServer$Division (ServerState.java:setLeader(285)) - 438da751-ffe1-4787-af39-168936e85d29@group-61DC4A925AB4: change Leader from null to 438da751-ffe1-4787-af39-168936e85d29 at term 1 for becomeLeader, leader elected after 5232ms
2022-04-24 04:18:18,133 [438da751-ffe1-4787-af39-168936e85d29@group-61DC4A925AB4-LeaderElection39] INFO  server.RaftServerConfigKeys (ConfUtils.java:logGet(44)) - raft.server.staging.catchup.gap = 1000 (default)
2022-04-24 04:18:18,133 [438da751-ffe1-4787-af39-168936e85d29@group-61DC4A925AB4-LeaderElection39] INFO  server.RaftServerConfigKeys (ConfUtils.java:logGet(44)) - raft.server.write.element-limit = 1024 (custom)
2022-04-24 04:18:18,133 [438da751-ffe1-4787-af39-168936e85d29@group-61DC4A925AB4-LeaderElection39] INFO  server.RaftServerConfigKeys (ConfUtils.java:logGet(44)) - raft.server.write.byte-limit = 1024 M (=1073741824) (custom)
2022-04-24 04:18:18,133 [438da751-ffe1-4787-af39-168936e85d29@group-61DC4A925AB4-LeaderElection39] INFO  server.RaftServerConfigKeys (ConfUtils.java:logGet(44)) - raft.server.watch.timeout = 180s (custom)
2022-04-24 04:18:18,133 [438da751-ffe1-4787-af39-168936e85d29@group-61DC4A925AB4-LeaderElection39] INFO  server.RaftServerConfigKeys (ConfUtils.java:logGet(44)) - raft.server.watch.timeout.denomination = 1s (default)
2022-04-24 04:18:18,133 [438da751-ffe1-4787-af39-168936e85d29@group-61DC4A925AB4-LeaderElection39] INFO  server.RaftServerConfigKeys (ConfUtils.java:logGet(44)) - raft.server.watch.element-limit = 65536 (default)
2022-04-24 04:18:18,134 [438da751-ffe1-4787-af39-168936e85d29@group-61DC4A925AB4-LeaderElection39] INFO  server.RaftServerConfigKeys (ConfUtils.java:logGet(44)) - raft.server.write.element-limit = 1024 (custom)
2022-04-24 04:18:18,134 [438da751-ffe1-4787-af39-168936e85d29@group-61DC4A925AB4-LeaderElection39] INFO  server.RaftServerConfigKeys (ConfUtils.java:logGet(44)) - raft.server.write.follower.gap.ratio.max = -1.0 (default)
2022-04-24 04:18:18,134 [438da751-ffe1-4787-af39-168936e85d29@group-61DC4A925AB4-LeaderElection39] INFO  impl.RoleInfo (RoleInfo.java:updateAndGet(130)) - 438da751-ffe1-4787-af39-168936e85d29: start 438da751-ffe1-4787-af39-168936e85d29@group-61DC4A925AB4-LeaderStateImpl
2022-04-24 04:18:18,134 [438da751-ffe1-4787-af39-168936e85d29@group-61DC4A925AB4-LeaderElection39] INFO  segmented.SegmentedRaftLogWorker (SegmentedRaftLogWorker.java:startLogSegment(394)) - 438da751-ffe1-4787-af39-168936e85d29@group-61DC4A925AB4-SegmentedRaftLogWorker: Starting segment from index:0
2022-04-24 04:18:18,135 [438da751-ffe1-4787-af39-168936e85d29@group-61DC4A925AB4-SegmentedRaftLogWorker] INFO  segmented.SegmentedRaftLogWorker (SegmentedRaftLogWorker.java:execute(601)) - 438da751-ffe1-4787-af39-168936e85d29@group-61DC4A925AB4-SegmentedRaftLogWorker: created new log segment /home/runner/work/ozone/ozone/hadoop-ozone/integration-test/target/test-dir/MiniOzoneClusterImpl-db3b6155-0a61-4c23-9e75-9b22dbc84111/datanode-1/data/ratis/e970c54d-f6e5-433b-8e20-61dc4a925ab4/current/log_inprogress_0
2022-04-24 04:18:18,138 [EventQueue-OpenPipelineForHealthyPipelineSafeModeRule] INFO  safemode.SCMSafeModeManager (HealthyPipelineSafeModeRule.java:process(124)) - SCM in safe mode. Healthy pipelines reported count is 0, required healthy pipeline reported count is 1
2022-04-24 04:18:18,151 [438da751-ffe1-4787-af39-168936e85d29@group-61DC4A925AB4-LeaderElection39] INFO  server.RaftServer$Division (ServerState.java:setRaftConf(387)) - 438da751-ffe1-4787-af39-168936e85d29@group-61DC4A925AB4: set configuration 0: [438da751-ffe1-4787-af39-168936e85d29|rpc:10.1.0.15:45355|dataStream:|priority:1], old=null
2022-04-24 04:18:18,167 [grpc-default-executor-1] INFO  server.RaftServer$Division (RaftServerImpl.java:requestVote(1078)) - d419d700-ddf7-43da-8a6c-bfb8eedae9d7@group-61F8D1A464C8 replies to ELECTION vote request: 438da751-ffe1-4787-af39-168936e85d29<-d419d700-ddf7-43da-8a6c-bfb8eedae9d7#0:OK-t1. Peer's state: d419d700-ddf7-43da-8a6c-bfb8eedae9d7@group-61F8D1A464C8:t1, leader=null, voted=438da751-ffe1-4787-af39-168936e85d29, raftlog=d419d700-ddf7-43da-8a6c-bfb8eedae9d7@group-61F8D1A464C8-SegmentedRaftLog:OPENED:c-1, conf=-1: [438da751-ffe1-4787-af39-168936e85d29|rpc:10.1.0.15:45355|priority:1, d419d700-ddf7-43da-8a6c-bfb8eedae9d7|rpc:10.1.0.15:39835|priority:0, 3c8f196b-f336-4cca-b7e0-24f945f171e6|rpc:10.1.0.15:39931|priority:0], old=null
2022-04-24 04:18:18,168 [grpc-default-executor-0] INFO  impl.RoleInfo (RoleInfo.java:updateAndGet(130)) - 3c8f196b-f336-4cca-b7e0-24f945f171e6: start 3c8f196b-f336-4cca-b7e0-24f945f171e6@group-61F8D1A464C8-FollowerState
2022-04-24 04:18:18,168 [3c8f196b-f336-4cca-b7e0-24f945f171e6@group-61F8D1A464C8-FollowerState] INFO  impl.FollowerState (FollowerState.java:run(143)) - 3c8f196b-f336-4cca-b7e0-24f945f171e6@group-61F8D1A464C8-FollowerState was interrupted: {}
java.lang.InterruptedException: sleep interrupted
	at java.lang.Thread.sleep(Native Method)
	at java.lang.Thread.sleep(Thread.java:342)
	at java.util.concurrent.TimeUnit.sleep(TimeUnit.java:386)
	at org.apache.ratis.util.TimeDuration.sleep(TimeDuration.java:324)
	at org.apache.ratis.util.TimeDuration.sleep(TimeDuration.java:309)
	at org.apache.ratis.server.impl.FollowerState.run(FollowerState.java:118)
2022-04-24 04:18:18,188 [438da751-ffe1-4787-af39-168936e85d29@group-61F8D1A464C8-LeaderElection38] INFO  impl.LeaderElection (LeaderElection.java:logAndReturn(89)) - 438da751-ffe1-4787-af39-168936e85d29@group-61F8D1A464C8-LeaderElection38: ELECTION PASSED received 1 response(s) and 0 exception(s):
2022-04-24 04:18:18,188 [438da751-ffe1-4787-af39-168936e85d29@group-61F8D1A464C8-LeaderElection38] INFO  impl.LeaderElection (LeaderElection.java:logAndReturn(93)) -   Response 0: 438da751-ffe1-4787-af39-168936e85d29<-d419d700-ddf7-43da-8a6c-bfb8eedae9d7#0:OK-t1
2022-04-24 04:18:18,188 [438da751-ffe1-4787-af39-168936e85d29@group-61F8D1A464C8-LeaderElection38] INFO  impl.LeaderElection (LeaderElection.java:askForVotes(308)) - 438da751-ffe1-4787-af39-168936e85d29@group-61F8D1A464C8-LeaderElection38 ELECTION round 0: result PASSED
2022-04-24 04:18:18,188 [438da751-ffe1-4787-af39-168936e85d29@group-61F8D1A464C8-LeaderElection38] INFO  impl.RoleInfo (RoleInfo.java:shutdownLeaderElection(121)) - 438da751-ffe1-4787-af39-168936e85d29: shutdown 438da751-ffe1-4787-af39-168936e85d29@group-61F8D1A464C8-LeaderElection38
2022-04-24 04:18:18,188 [438da751-ffe1-4787-af39-168936e85d29@group-61F8D1A464C8-LeaderElection38] INFO  server.RaftServer$Division (RaftServerImpl.java:setRole(290)) - 438da751-ffe1-4787-af39-168936e85d29@group-61F8D1A464C8: changes role from CANDIDATE to LEADER at term 1 for changeToLeader
2022-04-24 04:18:18,188 [438da751-ffe1-4787-af39-168936e85d29@group-61F8D1A464C8-LeaderElection38] INFO  ratis.XceiverServerRatis (XceiverServerRatis.java:handleLeaderChangedNotification(863)) - Leader change notification received for group: group-61F8D1A464C8 with new leaderId: 438da751-ffe1-4787-af39-168936e85d29
2022-04-24 04:18:18,189 [438da751-ffe1-4787-af39-168936e85d29@group-61F8D1A464C8-LeaderElection38] INFO  server.RaftServer$Division (ServerState.java:setLeader(285)) - 438da751-ffe1-4787-af39-168936e85d29@group-61F8D1A464C8: change Leader from null to 438da751-ffe1-4787-af39-168936e85d29 at term 1 for becomeLeader, leader elected after 5165ms
2022-04-24 04:18:18,189 [438da751-ffe1-4787-af39-168936e85d29@group-61F8D1A464C8-LeaderElection38] INFO  server.RaftServerConfigKeys (ConfUtils.java:logGet(44)) - raft.server.staging.catchup.gap = 1000 (default)
2022-04-24 04:18:18,189 [438da751-ffe1-4787-af39-168936e85d29@group-61F8D1A464C8-LeaderElection38] INFO  server.RaftServerConfigKeys (ConfUtils.java:logGet(44)) - raft.server.write.element-limit = 1024 (custom)
2022-04-24 04:18:18,189 [438da751-ffe1-4787-af39-168936e85d29@group-61F8D1A464C8-LeaderElection38] INFO  server.RaftServerConfigKeys (ConfUtils.java:logGet(44)) - raft.server.write.byte-limit = 1024 M (=1073741824) (custom)
2022-04-24 04:18:18,189 [438da751-ffe1-4787-af39-168936e85d29@group-61F8D1A464C8-LeaderElection38] INFO  server.RaftServerConfigKeys (ConfUtils.java:logGet(44)) - raft.server.watch.timeout = 180s (custom)
2022-04-24 04:18:18,189 [438da751-ffe1-4787-af39-168936e85d29@group-61F8D1A464C8-LeaderElection38] INFO  server.RaftServerConfigKeys (ConfUtils.java:logGet(44)) - raft.server.watch.timeout.denomination = 1s (default)
2022-04-24 04:18:18,189 [438da751-ffe1-4787-af39-168936e85d29@group-61F8D1A464C8-LeaderElection38] INFO  server.RaftServerConfigKeys (ConfUtils.java:logGet(44)) - raft.server.watch.element-limit = 65536 (default)
2022-04-24 04:18:18,189 [438da751-ffe1-4787-af39-168936e85d29@group-61F8D1A464C8-LeaderElection38] INFO  server.RaftServerConfigKeys (ConfUtils.java:logGet(44)) - raft.server.write.element-limit = 1024 (custom)
2022-04-24 04:18:18,190 [438da751-ffe1-4787-af39-168936e85d29@group-61F8D1A464C8-LeaderElection38] INFO  server.RaftServerConfigKeys (ConfUtils.java:logGet(44)) - raft.server.write.follower.gap.ratio.max = -1.0 (default)
2022-04-24 04:18:18,190 [438da751-ffe1-4787-af39-168936e85d29@group-61F8D1A464C8-LeaderElection38] INFO  server.RaftServerConfigKeys (ConfUtils.java:logGet(44)) - raft.server.log.appender.snapshot.chunk.size.max = 16MB (=16777216) (default)
2022-04-24 04:18:18,190 [438da751-ffe1-4787-af39-168936e85d29@group-61F8D1A464C8-LeaderElection38] INFO  server.RaftServerConfigKeys (ConfUtils.java:logGet(44)) - raft.server.log.appender.buffer.byte-limit = 33554432 (custom)
2022-04-24 04:18:18,190 [438da751-ffe1-4787-af39-168936e85d29@group-61F8D1A464C8-LeaderElection38] INFO  server.RaftServerConfigKeys (ConfUtils.java:logGet(44)) - raft.server.log.appender.buffer.element-limit = 1 (custom)
2022-04-24 04:18:18,190 [438da751-ffe1-4787-af39-168936e85d29@group-61F8D1A464C8-LeaderElection38] INFO  grpc.GrpcConfigKeys (ConfUtils.java:logGet(44)) - raft.grpc.server.leader.outstanding.appends.max = 128 (default)
2022-04-24 04:18:18,190 [438da751-ffe1-4787-af39-168936e85d29@group-61F8D1A464C8-LeaderElection38] INFO  server.RaftServerConfigKeys (ConfUtils.java:logGet(44)) - raft.server.rpc.request.timeout = 60s (custom)
2022-04-24 04:18:18,190 [438da751-ffe1-4787-af39-168936e85d29@group-61F8D1A464C8-LeaderElection38] INFO  server.RaftServerConfigKeys (ConfUtils.java:logGet(44)) - raft.server.log.appender.install.snapshot.enabled = false (custom)
2022-04-24 04:18:18,191 [438da751-ffe1-4787-af39-168936e85d29@group-61F8D1A464C8-LeaderElection38] INFO  server.RaftServerConfigKeys (ConfUtils.java:logGet(44)) - raft.server.log.appender.snapshot.chunk.size.max = 16MB (=16777216) (default)
2022-04-24 04:18:18,191 [438da751-ffe1-4787-af39-168936e85d29@group-61F8D1A464C8-LeaderElection38] INFO  server.RaftServerConfigKeys (ConfUtils.java:logGet(44)) - raft.server.log.appender.buffer.byte-limit = 33554432 (custom)
2022-04-24 04:18:18,191 [438da751-ffe1-4787-af39-168936e85d29@group-61F8D1A464C8-LeaderElection38] INFO  server.RaftServerConfigKeys (ConfUtils.java:logGet(44)) - raft.server.log.appender.buffer.element-limit = 1 (custom)
2022-04-24 04:18:18,191 [438da751-ffe1-4787-af39-168936e85d29@group-61F8D1A464C8-LeaderElection38] INFO  grpc.GrpcConfigKeys (ConfUtils.java:logGet(44)) - raft.grpc.server.leader.outstanding.appends.max = 128 (default)
2022-04-24 04:18:18,191 [438da751-ffe1-4787-af39-168936e85d29@group-61F8D1A464C8-LeaderElection38] INFO  server.RaftServerConfigKeys (ConfUtils.java:logGet(44)) - raft.server.rpc.request.timeout = 60s (custom)
2022-04-24 04:18:18,191 [438da751-ffe1-4787-af39-168936e85d29@group-61F8D1A464C8-LeaderElection38] INFO  server.RaftServerConfigKeys (ConfUtils.java:logGet(44)) - raft.server.log.appender.install.snapshot.enabled = false (custom)
2022-04-24 04:18:18,192 [438da751-ffe1-4787-af39-168936e85d29@group-61F8D1A464C8-LeaderElection38] INFO  impl.RoleInfo (RoleInfo.java:updateAndGet(130)) - 438da751-ffe1-4787-af39-168936e85d29: start 438da751-ffe1-4787-af39-168936e85d29@group-61F8D1A464C8-LeaderStateImpl
2022-04-24 04:18:18,192 [438da751-ffe1-4787-af39-168936e85d29@group-61F8D1A464C8-LeaderElection38] INFO  segmented.SegmentedRaftLogWorker (SegmentedRaftLogWorker.java:startLogSegment(394)) - 438da751-ffe1-4787-af39-168936e85d29@group-61F8D1A464C8-SegmentedRaftLogWorker: Starting segment from index:0
2022-04-24 04:18:18,186 [grpc-default-executor-0] INFO  server.RaftServer$Division (RaftServerImpl.java:requestVote(1078)) - 3c8f196b-f336-4cca-b7e0-24f945f171e6@group-61F8D1A464C8 replies to ELECTION vote request: 438da751-ffe1-4787-af39-168936e85d29<-3c8f196b-f336-4cca-b7e0-24f945f171e6#0:OK-t1. Peer's state: 3c8f196b-f336-4cca-b7e0-24f945f171e6@group-61F8D1A464C8:t1, leader=null, voted=438da751-ffe1-4787-af39-168936e85d29, raftlog=3c8f196b-f336-4cca-b7e0-24f945f171e6@group-61F8D1A464C8-SegmentedRaftLog:OPENED:c-1, conf=-1: [438da751-ffe1-4787-af39-168936e85d29|rpc:10.1.0.15:45355|dataStream:|priority:1, d419d700-ddf7-43da-8a6c-bfb8eedae9d7|rpc:10.1.0.15:39835|dataStream:|priority:0, 3c8f196b-f336-4cca-b7e0-24f945f171e6|rpc:10.1.0.15:39931|dataStream:|priority:0], old=null
2022-04-24 04:18:18,194 [EventQueue-PipelineReportForPipelineReportHandler] INFO  pipeline.PipelineManagerImpl (PipelineManagerImpl.java:openPipeline(321)) - Pipeline Pipeline[ Id: 4fc68c91-64e9-4c3a-a9e1-61f8d1a464c8, Nodes: 3c8f196b-f336-4cca-b7e0-24f945f171e6{ip: 10.1.0.15, host: fv-az50-870.grzltbmokehuzjyc5b133kdqgh.cx.internal.cloudapp.net, ports: [REPLICATION=38659, RATIS=39931, RATIS_ADMIN=39931, RATIS_SERVER=39931, STANDALONE=33573], networkLocation: /default-rack, certSerialId: null, persistedOpState: IN_SERVICE, persistedOpStateExpiryEpochSec: 0}438da751-ffe1-4787-af39-168936e85d29{ip: 10.1.0.15, host: fv-az50-870.grzltbmokehuzjyc5b133kdqgh.cx.internal.cloudapp.net, ports: [REPLICATION=40473, RATIS=45355, RATIS_ADMIN=45355, RATIS_SERVER=45355, STANDALONE=38113], networkLocation: /default-rack, certSerialId: null, persistedOpState: IN_SERVICE, persistedOpStateExpiryEpochSec: 0}d419d700-ddf7-43da-8a6c-bfb8eedae9d7{ip: 10.1.0.15, host: fv-az50-870.grzltbmokehuzjyc5b133kdqgh.cx.internal.cloudapp.net, ports: [REPLICATION=42317, RATIS=39835, RATIS_ADMIN=39835, RATIS_SERVER=39835, STANDALONE=44977], networkLocation: /default-rack, certSerialId: null, persistedOpState: IN_SERVICE, persistedOpStateExpiryEpochSec: 0}, ReplicationConfig: RATIS/THREE, State:ALLOCATED, leaderId:438da751-ffe1-4787-af39-168936e85d29, CreationTimestamp2022-04-24T04:18:10.277Z[Etc/UTC]] moved to OPEN state
2022-04-24 04:18:18,194 [438da751-ffe1-4787-af39-168936e85d29@group-61F8D1A464C8-SegmentedRaftLogWorker] INFO  segmented.SegmentedRaftLogWorker (SegmentedRaftLogWorker.java:execute(601)) - 438da751-ffe1-4787-af39-168936e85d29@group-61F8D1A464C8-SegmentedRaftLogWorker: created new log segment /home/runner/work/ozone/ozone/hadoop-ozone/integration-test/target/test-dir/MiniOzoneClusterImpl-db3b6155-0a61-4c23-9e75-9b22dbc84111/datanode-1/data/ratis/4fc68c91-64e9-4c3a-a9e1-61f8d1a464c8/current/log_inprogress_0
2022-04-24 04:18:18,194 [EventQueue-OpenPipelineForHealthyPipelineSafeModeRule] INFO  safemode.SCMSafeModeManager (HealthyPipelineSafeModeRule.java:process(124)) - SCM in safe mode. Healthy pipelines reported count is 1, required healthy pipeline reported count is 1
2022-04-24 04:18:18,235 [EventQueue-OpenPipelineForHealthyPipelineSafeModeRule] INFO  safemode.SCMSafeModeManager (SCMSafeModeManager.java:validateSafeModeExitRules(204)) - HealthyPipelineSafeModeRule rule is successfully validated
2022-04-24 04:18:18,235 [EventQueue-OpenPipelineForHealthyPipelineSafeModeRule] INFO  safemode.SCMSafeModeManager (SCMSafeModeManager.java:validateSafeModeExitRules(219)) - ScmSafeModeManager, all rules are successfully validated
2022-04-24 04:18:18,235 [EventQueue-OpenPipelineForHealthyPipelineSafeModeRule] INFO  safemode.SCMSafeModeManager (SCMSafeModeManager.java:exitSafeMode(248)) - SCM exiting safe mode.
2022-04-24 04:18:18,235 [EventQueue-OpenPipelineForHealthyPipelineSafeModeRule] WARN  events.EventQueue (EventQueue.java:fireEvent(194)) - No event handler registered for event TypedEvent{payloadType=SafeModeStatus, name='Safe mode status'}
2022-04-24 04:18:18,235 [EventQueue-OpenPipelineForHealthyPipelineSafeModeRule] INFO  ha.SCMContext (SCMContext.java:updateSafeModeStatus(211)) - Update SafeModeStatus from SafeModeStatus{safeModeStatus=true, preCheckPassed=true} to SafeModeStatus{safeModeStatus=false, preCheckPassed=true}.
2022-04-24 04:18:18,235 [EventQueue-OpenPipelineForHealthyPipelineSafeModeRule] INFO  pipeline.BackgroundPipelineCreator (BackgroundPipelineCreator.java:notifyStatusChanged(263)) - Service BackgroundPipelineCreator transitions to RUNNING.
2022-04-24 04:18:18,235 [EventQueue-OpenPipelineForHealthyPipelineSafeModeRule] INFO  container.ReplicationManager (ReplicationManager.java:notifyStatusChanged(1815)) - Service ReplicationManager transitions to RUNNING.
2022-04-24 04:18:18,233 [grpc-default-executor-1] INFO  ratis.XceiverServerRatis (XceiverServerRatis.java:handleLeaderChangedNotification(863)) - Leader change notification received for group: group-61F8D1A464C8 with new leaderId: 438da751-ffe1-4787-af39-168936e85d29
2022-04-24 04:18:18,235 [grpc-default-executor-1] INFO  server.RaftServer$Division (ServerState.java:setLeader(285)) - 3c8f196b-f336-4cca-b7e0-24f945f171e6@group-61F8D1A464C8: change Leader from null to 438da751-ffe1-4787-af39-168936e85d29 at term 1 for appendEntries, leader elected after 5123ms
2022-04-24 04:18:18,234 [438da751-ffe1-4787-af39-168936e85d29@group-61F8D1A464C8-LeaderElection38] INFO  server.RaftServer$Division (ServerState.java:setRaftConf(387)) - 438da751-ffe1-4787-af39-168936e85d29@group-61F8D1A464C8: set configuration 0: [438da751-ffe1-4787-af39-168936e85d29|rpc:10.1.0.15:45355|dataStream:|priority:1, d419d700-ddf7-43da-8a6c-bfb8eedae9d7|rpc:10.1.0.15:39835|dataStream:|priority:0, 3c8f196b-f336-4cca-b7e0-24f945f171e6|rpc:10.1.0.15:39931|dataStream:|priority:0], old=null
2022-04-24 04:18:18,242 [grpc-default-executor-1] INFO  server.RaftServer$Division (ServerState.java:setRaftConf(387)) - 3c8f196b-f336-4cca-b7e0-24f945f171e6@group-61F8D1A464C8: set configuration 0: [438da751-ffe1-4787-af39-168936e85d29|rpc:10.1.0.15:45355|dataStream:|priority:1, d419d700-ddf7-43da-8a6c-bfb8eedae9d7|rpc:10.1.0.15:39835|dataStream:|priority:0, 3c8f196b-f336-4cca-b7e0-24f945f171e6|rpc:10.1.0.15:39931|dataStream:|priority:0], old=null
2022-04-24 04:18:18,243 [grpc-default-executor-1] INFO  segmented.SegmentedRaftLogWorker (SegmentedRaftLogWorker.java:startLogSegment(394)) - 3c8f196b-f336-4cca-b7e0-24f945f171e6@group-61F8D1A464C8-SegmentedRaftLogWorker: Starting segment from index:0
2022-04-24 04:18:18,249 [3c8f196b-f336-4cca-b7e0-24f945f171e6@group-61F8D1A464C8-SegmentedRaftLogWorker] INFO  segmented.SegmentedRaftLogWorker (SegmentedRaftLogWorker.java:execute(601)) - 3c8f196b-f336-4cca-b7e0-24f945f171e6@group-61F8D1A464C8-SegmentedRaftLogWorker: created new log segment /home/runner/work/ozone/ozone/hadoop-ozone/integration-test/target/test-dir/MiniOzoneClusterImpl-db3b6155-0a61-4c23-9e75-9b22dbc84111/datanode-2/data/ratis/4fc68c91-64e9-4c3a-a9e1-61f8d1a464c8/current/log_inprogress_0
2022-04-24 04:18:18,265 [grpc-default-executor-0] INFO  ratis.XceiverServerRatis (XceiverServerRatis.java:handleLeaderChangedNotification(863)) - Leader change notification received for group: group-61F8D1A464C8 with new leaderId: 438da751-ffe1-4787-af39-168936e85d29
2022-04-24 04:18:18,266 [grpc-default-executor-0] INFO  server.RaftServer$Division (ServerState.java:setLeader(285)) - d419d700-ddf7-43da-8a6c-bfb8eedae9d7@group-61F8D1A464C8: change Leader from null to 438da751-ffe1-4787-af39-168936e85d29 at term 1 for appendEntries, leader elected after 5205ms
2022-04-24 04:18:18,292 [grpc-default-executor-1] INFO  server.RaftServer$Division (ServerState.java:setRaftConf(387)) - d419d700-ddf7-43da-8a6c-bfb8eedae9d7@group-61F8D1A464C8: set configuration 0: [438da751-ffe1-4787-af39-168936e85d29|rpc:10.1.0.15:45355|dataStream:|priority:1, d419d700-ddf7-43da-8a6c-bfb8eedae9d7|rpc:10.1.0.15:39835|dataStream:|priority:0, 3c8f196b-f336-4cca-b7e0-24f945f171e6|rpc:10.1.0.15:39931|dataStream:|priority:0], old=null
2022-04-24 04:18:18,293 [grpc-default-executor-1] INFO  segmented.SegmentedRaftLogWorker (SegmentedRaftLogWorker.java:startLogSegment(394)) - d419d700-ddf7-43da-8a6c-bfb8eedae9d7@group-61F8D1A464C8-SegmentedRaftLogWorker: Starting segment from index:0
2022-04-24 04:18:18,295 [d419d700-ddf7-43da-8a6c-bfb8eedae9d7@group-61F8D1A464C8-SegmentedRaftLogWorker] INFO  segmented.SegmentedRaftLogWorker (SegmentedRaftLogWorker.java:execute(601)) - d419d700-ddf7-43da-8a6c-bfb8eedae9d7@group-61F8D1A464C8-SegmentedRaftLogWorker: created new log segment /home/runner/work/ozone/ozone/hadoop-ozone/integration-test/target/test-dir/MiniOzoneClusterImpl-db3b6155-0a61-4c23-9e75-9b22dbc84111/datanode-0/data/ratis/4fc68c91-64e9-4c3a-a9e1-61f8d1a464c8/current/log_inprogress_0
2022-04-24 04:18:18,350 [Listener at 127.0.0.1/37371] INFO  ozone.MiniOzoneClusterImpl (MiniOzoneClusterImpl.java:lambda$waitForClusterToBeReady$0(221)) - Nodes are ready. Got 5 of 5 DN Heartbeats.
2022-04-24 04:18:18,350 [Listener at 127.0.0.1/37371] INFO  ozone.MiniOzoneClusterImpl (MiniOzoneClusterImpl.java:lambda$waitForClusterToBeReady$0(224)) - Cluster exits safe mode
2022-04-24 04:18:18,350 [Listener at 127.0.0.1/37371] INFO  ozone.MiniOzoneClusterImpl (MiniOzoneClusterImpl.java:lambda$waitForClusterToBeReady$0(226)) - SCM became leader
2022-04-24 04:18:18,538 [3c8f196b-f336-4cca-b7e0-24f945f171e6@group-D3D755BED7E4-FollowerState] INFO  impl.FollowerState (FollowerState.java:run(134)) - 3c8f196b-f336-4cca-b7e0-24f945f171e6@group-D3D755BED7E4-FollowerState: change to CANDIDATE, lastRpcElapsedTime:5179651507ns, electionTimeout:5176ms
2022-04-24 04:18:18,539 [3c8f196b-f336-4cca-b7e0-24f945f171e6@group-D3D755BED7E4-FollowerState] INFO  impl.RoleInfo (RoleInfo.java:shutdownFollowerState(108)) - 3c8f196b-f336-4cca-b7e0-24f945f171e6: shutdown 3c8f196b-f336-4cca-b7e0-24f945f171e6@group-D3D755BED7E4-FollowerState
2022-04-24 04:18:18,539 [3c8f196b-f336-4cca-b7e0-24f945f171e6@group-D3D755BED7E4-FollowerState] INFO  server.RaftServer$Division (RaftServerImpl.java:setRole(290)) - 3c8f196b-f336-4cca-b7e0-24f945f171e6@group-D3D755BED7E4: changes role from  FOLLOWER to CANDIDATE at term 0 for changeToCandidate
2022-04-24 04:18:18,539 [3c8f196b-f336-4cca-b7e0-24f945f171e6@group-D3D755BED7E4-FollowerState] INFO  server.RaftServerConfigKeys (ConfUtils.java:logGet(44)) - raft.server.leaderelection.pre-vote = false (custom)
2022-04-24 04:18:18,539 [3c8f196b-f336-4cca-b7e0-24f945f171e6@group-D3D755BED7E4-FollowerState] INFO  impl.RoleInfo (RoleInfo.java:updateAndGet(130)) - 3c8f196b-f336-4cca-b7e0-24f945f171e6: start 3c8f196b-f336-4cca-b7e0-24f945f171e6@group-D3D755BED7E4-LeaderElection40
2022-04-24 04:18:18,550 [Listener at 127.0.0.1/37371] INFO  rpc.RpcClient (RpcClient.java:createVolume(448)) - Creating Volume: volume22323, with user49388 as owner and space quota set to -1 bytes, counts quota set to -1
2022-04-24 04:18:18,551 [IPC Server handler 8 on default port 37371] INFO  volume.OMVolumeCreateRequest (OMVolumeCreateRequest.java:validateAndUpdateCache(195)) - created volume:volume22323 for user:user49388
2022-04-24 04:18:18,571 [3c8f196b-f336-4cca-b7e0-24f945f171e6@group-D3D755BED7E4-LeaderElection40] INFO  impl.LeaderElection (LeaderElection.java:askForVotes(306)) - 3c8f196b-f336-4cca-b7e0-24f945f171e6@group-D3D755BED7E4-LeaderElection40 ELECTION round 0: submit vote requests at term 1 for -1: [3c8f196b-f336-4cca-b7e0-24f945f171e6|rpc:10.1.0.15:39931|priority:1], old=null
2022-04-24 04:18:18,571 [3c8f196b-f336-4cca-b7e0-24f945f171e6@group-D3D755BED7E4-LeaderElection40] INFO  impl.LeaderElection (LeaderElection.java:askForVotes(308)) - 3c8f196b-f336-4cca-b7e0-24f945f171e6@group-D3D755BED7E4-LeaderElection40 ELECTION round 0: result PASSED (term=1)
2022-04-24 04:18:18,571 [3c8f196b-f336-4cca-b7e0-24f945f171e6@group-D3D755BED7E4-LeaderElection40] INFO  impl.RoleInfo (RoleInfo.java:shutdownLeaderElection(121)) - 3c8f196b-f336-4cca-b7e0-24f945f171e6: shutdown 3c8f196b-f336-4cca-b7e0-24f945f171e6@group-D3D755BED7E4-LeaderElection40
2022-04-24 04:18:18,571 [3c8f196b-f336-4cca-b7e0-24f945f171e6@group-D3D755BED7E4-LeaderElection40] INFO  server.RaftServer$Division (RaftServerImpl.java:setRole(290)) - 3c8f196b-f336-4cca-b7e0-24f945f171e6@group-D3D755BED7E4: changes role from CANDIDATE to LEADER at term 1 for changeToLeader
2022-04-24 04:18:18,571 [3c8f196b-f336-4cca-b7e0-24f945f171e6@group-D3D755BED7E4-LeaderElection40] INFO  ratis.XceiverServerRatis (XceiverServerRatis.java:handleLeaderChangedNotification(863)) - Leader change notification received for group: group-D3D755BED7E4 with new leaderId: 3c8f196b-f336-4cca-b7e0-24f945f171e6
2022-04-24 04:18:18,571 [3c8f196b-f336-4cca-b7e0-24f945f171e6@group-D3D755BED7E4-LeaderElection40] INFO  server.RaftServer$Division (ServerState.java:setLeader(285)) - 3c8f196b-f336-4cca-b7e0-24f945f171e6@group-D3D755BED7E4: change Leader from null to 3c8f196b-f336-4cca-b7e0-24f945f171e6 at term 1 for becomeLeader, leader elected after 5258ms
2022-04-24 04:18:18,571 [3c8f196b-f336-4cca-b7e0-24f945f171e6@group-D3D755BED7E4-LeaderElection40] INFO  server.RaftServerConfigKeys (ConfUtils.java:logGet(44)) - raft.server.staging.catchup.gap = 1000 (default)
2022-04-24 04:18:18,572 [3c8f196b-f336-4cca-b7e0-24f945f171e6@group-D3D755BED7E4-LeaderElection40] INFO  server.RaftServerConfigKeys (ConfUtils.java:logGet(44)) - raft.server.write.element-limit = 1024 (custom)
2022-04-24 04:18:18,572 [3c8f196b-f336-4cca-b7e0-24f945f171e6@group-D3D755BED7E4-LeaderElection40] INFO  server.RaftServerConfigKeys (ConfUtils.java:logGet(44)) - raft.server.write.byte-limit = 1024 M (=1073741824) (custom)
2022-04-24 04:18:18,572 [3c8f196b-f336-4cca-b7e0-24f945f171e6@group-D3D755BED7E4-LeaderElection40] INFO  server.RaftServerConfigKeys (ConfUtils.java:logGet(44)) - raft.server.watch.timeout = 180s (custom)
2022-04-24 04:18:18,572 [3c8f196b-f336-4cca-b7e0-24f945f171e6@group-D3D755BED7E4-LeaderElection40] INFO  server.RaftServerConfigKeys (ConfUtils.java:logGet(44)) - raft.server.watch.timeout.denomination = 1s (default)
2022-04-24 04:18:18,572 [3c8f196b-f336-4cca-b7e0-24f945f171e6@group-D3D755BED7E4-LeaderElection40] INFO  server.RaftServerConfigKeys (ConfUtils.java:logGet(44)) - raft.server.watch.element-limit = 65536 (default)
2022-04-24 04:18:18,572 [3c8f196b-f336-4cca-b7e0-24f945f171e6@group-D3D755BED7E4-LeaderElection40] INFO  server.RaftServerConfigKeys (ConfUtils.java:logGet(44)) - raft.server.write.element-limit = 1024 (custom)
2022-04-24 04:18:18,572 [3c8f196b-f336-4cca-b7e0-24f945f171e6@group-D3D755BED7E4-LeaderElection40] INFO  server.RaftServerConfigKeys (ConfUtils.java:logGet(44)) - raft.server.write.follower.gap.ratio.max = -1.0 (default)
2022-04-24 04:18:18,572 [3c8f196b-f336-4cca-b7e0-24f945f171e6@group-D3D755BED7E4-LeaderElection40] INFO  impl.RoleInfo (RoleInfo.java:updateAndGet(130)) - 3c8f196b-f336-4cca-b7e0-24f945f171e6: start 3c8f196b-f336-4cca-b7e0-24f945f171e6@group-D3D755BED7E4-LeaderStateImpl
2022-04-24 04:18:18,573 [3c8f196b-f336-4cca-b7e0-24f945f171e6@group-D3D755BED7E4-LeaderElection40] INFO  segmented.SegmentedRaftLogWorker (SegmentedRaftLogWorker.java:startLogSegment(394)) - 3c8f196b-f336-4cca-b7e0-24f945f171e6@group-D3D755BED7E4-SegmentedRaftLogWorker: Starting segment from index:0
2022-04-24 04:18:18,576 [3c8f196b-f336-4cca-b7e0-24f945f171e6@group-D3D755BED7E4-SegmentedRaftLogWorker] INFO  segmented.SegmentedRaftLogWorker (SegmentedRaftLogWorker.java:execute(601)) - 3c8f196b-f336-4cca-b7e0-24f945f171e6@group-D3D755BED7E4-SegmentedRaftLogWorker: created new log segment /home/runner/work/ozone/ozone/hadoop-ozone/integration-test/target/test-dir/MiniOzoneClusterImpl-db3b6155-0a61-4c23-9e75-9b22dbc84111/datanode-2/data/ratis/dda22cb7-84ba-48c7-9457-d3d755bed7e4/current/log_inprogress_0
2022-04-24 04:18:18,581 [3c8f196b-f336-4cca-b7e0-24f945f171e6@group-D3D755BED7E4-LeaderElection40] INFO  server.RaftServer$Division (ServerState.java:setRaftConf(387)) - 3c8f196b-f336-4cca-b7e0-24f945f171e6@group-D3D755BED7E4: set configuration 0: [3c8f196b-f336-4cca-b7e0-24f945f171e6|rpc:10.1.0.15:39931|dataStream:|priority:1], old=null
2022-04-24 04:18:18,611 [Listener at 127.0.0.1/37371] INFO  rpc.RpcClient (RpcClient.java:createBucket(637)) - Creating Bucket: volume22323/bucket47719, with runner as owner and Versioning false and Storage Type set to DISK and Encryption set to false 
2022-04-24 04:18:18,634 [IPC Server handler 10 on default port 37371] INFO  bucket.OMBucketCreateRequest (OMBucketCreateRequest.java:validateAndUpdateCache(258)) - created bucket: bucket47719 of layout LEGACY in volume: volume22323
]]></system-out>
  </testcase>
  <testcase name="testSeekOnFileLength" classname="TestOzoneFileSystem" time="0.88">
    <system-out><![CDATA[2022-04-24 04:15:04,653 [IPC Server handler 19 on default port 33293] INFO  ha.SequenceIdGenerator (SequenceIdGenerator.java:getNextId(127)) - Allocate a batch for containerId, change lastId from 0 to 1000.
2022-04-24 04:15:04,663 [IPC Server handler 19 on default port 33293] WARN  ha.SequenceIdGenerator (SequenceIdGenerator.java:allocateBatch(235)) - Failed to allocate a batch for localId, expected lastId is 0, actual lastId is 109611004723200000.
2022-04-24 04:15:04,664 [IPC Server handler 19 on default port 33293] INFO  ha.SequenceIdGenerator (SequenceIdGenerator.java:getNextId(127)) - Allocate a batch for localId, change lastId from 109611004723200000 to 109611004723201000.
2022-04-24 04:15:04,751 [Time-limited test] INFO  impl.MetricsSystemImpl (MetricsSystemImpl.java:init(158)) - XceiverClientMetrics metrics system started (again)
04:15:05.445 [IPC Server handler 5 on default port 38503] ERROR OMAudit - user=runner | ip=127.0.0.1 | op=LOOKUP_FILE {volume=volume87548, bucket=bucket21072, key=file_notexist, dataSize=0, replicationConfig=null} | ret=FAILURE
org.apache.hadoop.ozone.om.exceptions.OMException: Unable to get file status: volume: volume87548 bucket: bucket21072 key: file_notexist
	at org.apache.hadoop.ozone.om.KeyManagerImpl.getOzoneFileStatus(KeyManagerImpl.java:1280) ~[ozone-manager-1.3.0-SNAPSHOT.jar:?]
	at org.apache.hadoop.ozone.om.KeyManagerImpl.lookupFile(KeyManagerImpl.java:1392) ~[ozone-manager-1.3.0-SNAPSHOT.jar:?]
	at org.apache.hadoop.ozone.om.OzoneManager.lookupFile(OzoneManager.java:3047) ~[ozone-manager-1.3.0-SNAPSHOT.jar:?]
	at org.apache.hadoop.ozone.protocolPB.OzoneManagerRequestHandler.lookupFile(OzoneManagerRequestHandler.java:716) ~[ozone-manager-1.3.0-SNAPSHOT.jar:?]
	at org.apache.hadoop.ozone.protocolPB.OzoneManagerRequestHandler.handleReadRequest(OzoneManagerRequestHandler.java:207) ~[ozone-manager-1.3.0-SNAPSHOT.jar:?]
	at org.apache.hadoop.ozone.protocolPB.OzoneManagerProtocolServerSideTranslatorPB.submitReadRequestToOM(OzoneManagerProtocolServerSideTranslatorPB.java:213) ~[ozone-manager-1.3.0-SNAPSHOT.jar:?]
	at org.apache.hadoop.ozone.protocolPB.OzoneManagerProtocolServerSideTranslatorPB.processRequest(OzoneManagerProtocolServerSideTranslatorPB.java:174) ~[ozone-manager-1.3.0-SNAPSHOT.jar:?]
	at org.apache.hadoop.hdds.server.OzoneProtocolMessageDispatcher.processRequest(OzoneProtocolMessageDispatcher.java:87) [hdds-server-framework-1.3.0-SNAPSHOT.jar:?]
	at org.apache.hadoop.ozone.protocolPB.OzoneManagerProtocolServerSideTranslatorPB.submitRequest(OzoneManagerProtocolServerSideTranslatorPB.java:146) [ozone-manager-1.3.0-SNAPSHOT.jar:?]
	at org.apache.hadoop.ozone.protocol.proto.OzoneManagerProtocolProtos$OzoneManagerService$2.callBlockingMethod(OzoneManagerProtocolProtos.java) [ozone-interface-client-1.3.0-SNAPSHOT.jar:?]
	at org.apache.hadoop.ipc.ProtobufRpcEngine$Server.processCall(ProtobufRpcEngine.java:466) [hadoop-common-3.3.1.jar:?]
	at org.apache.hadoop.ipc.ProtobufRpcEngine2$Server$ProtoBufRpcInvoker.call(ProtobufRpcEngine2.java:574) [hadoop-common-3.3.1.jar:?]
	at org.apache.hadoop.ipc.ProtobufRpcEngine2$Server$ProtoBufRpcInvoker.call(ProtobufRpcEngine2.java:552) [hadoop-common-3.3.1.jar:?]
	at org.apache.hadoop.ipc.RPC$Server.call(RPC.java:1093) [hadoop-common-3.3.1.jar:?]
	at org.apache.hadoop.ipc.Server$RpcCall.run(Server.java:1035) [hadoop-common-3.3.1.jar:?]
	at org.apache.hadoop.ipc.Server$RpcCall.run(Server.java:963) [hadoop-common-3.3.1.jar:?]
	at java.security.AccessController.doPrivileged(Native Method) ~[?:1.8.0_322]
	at javax.security.auth.Subject.doAs(Subject.java:422) [?:1.8.0_322]
	at org.apache.hadoop.security.UserGroupInformation.doAs(UserGroupInformation.java:1878) [hadoop-common-3.3.1.jar:?]
	at org.apache.hadoop.ipc.Server$Handler.run(Server.java:2966) [hadoop-common-3.3.1.jar:?]
]]></system-out>
  </testcase>
  <testcase name="testSeekOnFileLength" classname="TestOzoneFileSystem" time="0.504">
    <system-out><![CDATA[2022-04-24 04:16:11,137 [IPC Server handler 1 on default port 39111] INFO  ha.SequenceIdGenerator (SequenceIdGenerator.java:getNextId(127)) - Allocate a batch for containerId, change lastId from 0 to 1000.
2022-04-24 04:16:11,138 [IPC Server handler 1 on default port 39111] WARN  ha.SequenceIdGenerator (SequenceIdGenerator.java:allocateBatch(235)) - Failed to allocate a batch for localId, expected lastId is 0, actual lastId is 109611004723200000.
2022-04-24 04:16:11,138 [IPC Server handler 1 on default port 39111] INFO  ha.SequenceIdGenerator (SequenceIdGenerator.java:getNextId(127)) - Allocate a batch for localId, change lastId from 109611004723200000 to 109611004723201000.
04:16:11.595 [IPC Server handler 5 on default port 40137] ERROR OMAudit - user=runner | ip=127.0.0.1 | op=LOOKUP_FILE {volume=volume25603, bucket=bucket32835, key=file_notexist, dataSize=0, replicationConfig=null} | ret=FAILURE
org.apache.hadoop.ozone.om.exceptions.OMException: Unable to get file status: volume: volume25603 bucket: bucket32835 key: file_notexist
	at org.apache.hadoop.ozone.om.KeyManagerImpl.getOzoneFileStatus(KeyManagerImpl.java:1280) ~[ozone-manager-1.3.0-SNAPSHOT.jar:?]
	at org.apache.hadoop.ozone.om.KeyManagerImpl.lookupFile(KeyManagerImpl.java:1392) ~[ozone-manager-1.3.0-SNAPSHOT.jar:?]
	at org.apache.hadoop.ozone.om.OzoneManager.lookupFile(OzoneManager.java:3047) ~[ozone-manager-1.3.0-SNAPSHOT.jar:?]
	at org.apache.hadoop.ozone.protocolPB.OzoneManagerRequestHandler.lookupFile(OzoneManagerRequestHandler.java:716) ~[ozone-manager-1.3.0-SNAPSHOT.jar:?]
	at org.apache.hadoop.ozone.protocolPB.OzoneManagerRequestHandler.handleReadRequest(OzoneManagerRequestHandler.java:207) ~[ozone-manager-1.3.0-SNAPSHOT.jar:?]
	at org.apache.hadoop.ozone.protocolPB.OzoneManagerProtocolServerSideTranslatorPB.submitRequestDirectlyToOM(OzoneManagerProtocolServerSideTranslatorPB.java:271) ~[ozone-manager-1.3.0-SNAPSHOT.jar:?]
	at org.apache.hadoop.ozone.protocolPB.OzoneManagerProtocolServerSideTranslatorPB.processRequest(OzoneManagerProtocolServerSideTranslatorPB.java:195) ~[ozone-manager-1.3.0-SNAPSHOT.jar:?]
	at org.apache.hadoop.hdds.server.OzoneProtocolMessageDispatcher.processRequest(OzoneProtocolMessageDispatcher.java:87) [hdds-server-framework-1.3.0-SNAPSHOT.jar:?]
	at org.apache.hadoop.ozone.protocolPB.OzoneManagerProtocolServerSideTranslatorPB.submitRequest(OzoneManagerProtocolServerSideTranslatorPB.java:146) [ozone-manager-1.3.0-SNAPSHOT.jar:?]
	at org.apache.hadoop.ozone.protocol.proto.OzoneManagerProtocolProtos$OzoneManagerService$2.callBlockingMethod(OzoneManagerProtocolProtos.java) [ozone-interface-client-1.3.0-SNAPSHOT.jar:?]
	at org.apache.hadoop.ipc.ProtobufRpcEngine$Server.processCall(ProtobufRpcEngine.java:466) [hadoop-common-3.3.1.jar:?]
	at org.apache.hadoop.ipc.ProtobufRpcEngine2$Server$ProtoBufRpcInvoker.call(ProtobufRpcEngine2.java:574) [hadoop-common-3.3.1.jar:?]
	at org.apache.hadoop.ipc.ProtobufRpcEngine2$Server$ProtoBufRpcInvoker.call(ProtobufRpcEngine2.java:552) [hadoop-common-3.3.1.jar:?]
	at org.apache.hadoop.ipc.RPC$Server.call(RPC.java:1093) [hadoop-common-3.3.1.jar:?]
	at org.apache.hadoop.ipc.Server$RpcCall.run(Server.java:1035) [hadoop-common-3.3.1.jar:?]
	at org.apache.hadoop.ipc.Server$RpcCall.run(Server.java:963) [hadoop-common-3.3.1.jar:?]
	at java.security.AccessController.doPrivileged(Native Method) ~[?:1.8.0_322]
	at javax.security.auth.Subject.doAs(Subject.java:422) [?:1.8.0_322]
	at org.apache.hadoop.security.UserGroupInformation.doAs(UserGroupInformation.java:1878) [hadoop-common-3.3.1.jar:?]
	at org.apache.hadoop.ipc.Server$Handler.run(Server.java:2966) [hadoop-common-3.3.1.jar:?]
]]></system-out>
  </testcase>
  <testcase name="testSeekOnFileLength" classname="TestOzoneFileSystem" time="0.534">
    <system-out><![CDATA[2022-04-24 04:17:07,838 [IPC Server handler 5 on default port 40493] INFO  ha.SequenceIdGenerator (SequenceIdGenerator.java:getNextId(127)) - Allocate a batch for containerId, change lastId from 0 to 1000.
2022-04-24 04:17:07,839 [IPC Server handler 5 on default port 40493] WARN  ha.SequenceIdGenerator (SequenceIdGenerator.java:allocateBatch(235)) - Failed to allocate a batch for localId, expected lastId is 0, actual lastId is 109611004723200000.
2022-04-24 04:17:07,839 [IPC Server handler 5 on default port 40493] INFO  ha.SequenceIdGenerator (SequenceIdGenerator.java:getNextId(127)) - Allocate a batch for localId, change lastId from 109611004723200000 to 109611004723201000.
2022-04-24 04:17:08,169 [54e7648f-2930-4d31-a354-11192bb944d6@group-7DB8B539C621-FollowerState] INFO  impl.FollowerState (FollowerState.java:run(134)) - 54e7648f-2930-4d31-a354-11192bb944d6@group-7DB8B539C621-FollowerState: change to CANDIDATE, lastRpcElapsedTime:5133673172ns, electionTimeout:5130ms
2022-04-24 04:17:08,169 [54e7648f-2930-4d31-a354-11192bb944d6@group-7DB8B539C621-FollowerState] INFO  impl.RoleInfo (RoleInfo.java:shutdownFollowerState(108)) - 54e7648f-2930-4d31-a354-11192bb944d6: shutdown 54e7648f-2930-4d31-a354-11192bb944d6@group-7DB8B539C621-FollowerState
2022-04-24 04:17:08,170 [54e7648f-2930-4d31-a354-11192bb944d6@group-7DB8B539C621-FollowerState] INFO  server.RaftServer$Division (RaftServerImpl.java:setRole(290)) - 54e7648f-2930-4d31-a354-11192bb944d6@group-7DB8B539C621: changes role from  FOLLOWER to CANDIDATE at term 0 for changeToCandidate
2022-04-24 04:17:08,170 [54e7648f-2930-4d31-a354-11192bb944d6@group-7DB8B539C621-FollowerState] INFO  server.RaftServerConfigKeys (ConfUtils.java:logGet(44)) - raft.server.leaderelection.pre-vote = false (custom)
2022-04-24 04:17:08,170 [54e7648f-2930-4d31-a354-11192bb944d6@group-7DB8B539C621-FollowerState] INFO  impl.RoleInfo (RoleInfo.java:updateAndGet(130)) - 54e7648f-2930-4d31-a354-11192bb944d6: start 54e7648f-2930-4d31-a354-11192bb944d6@group-7DB8B539C621-LeaderElection33
2022-04-24 04:17:08,233 [54e7648f-2930-4d31-a354-11192bb944d6@group-7DB8B539C621-LeaderElection33] INFO  impl.LeaderElection (LeaderElection.java:askForVotes(306)) - 54e7648f-2930-4d31-a354-11192bb944d6@group-7DB8B539C621-LeaderElection33 ELECTION round 0: submit vote requests at term 1 for -1: [54e7648f-2930-4d31-a354-11192bb944d6|rpc:10.1.0.15:36625|priority:1], old=null
2022-04-24 04:17:08,233 [54e7648f-2930-4d31-a354-11192bb944d6@group-7DB8B539C621-LeaderElection33] INFO  impl.LeaderElection (LeaderElection.java:askForVotes(308)) - 54e7648f-2930-4d31-a354-11192bb944d6@group-7DB8B539C621-LeaderElection33 ELECTION round 0: result PASSED (term=1)
2022-04-24 04:17:08,233 [54e7648f-2930-4d31-a354-11192bb944d6@group-7DB8B539C621-LeaderElection33] INFO  impl.RoleInfo (RoleInfo.java:shutdownLeaderElection(121)) - 54e7648f-2930-4d31-a354-11192bb944d6: shutdown 54e7648f-2930-4d31-a354-11192bb944d6@group-7DB8B539C621-LeaderElection33
2022-04-24 04:17:08,233 [54e7648f-2930-4d31-a354-11192bb944d6@group-7DB8B539C621-LeaderElection33] INFO  server.RaftServer$Division (RaftServerImpl.java:setRole(290)) - 54e7648f-2930-4d31-a354-11192bb944d6@group-7DB8B539C621: changes role from CANDIDATE to LEADER at term 1 for changeToLeader
2022-04-24 04:17:08,233 [54e7648f-2930-4d31-a354-11192bb944d6@group-7DB8B539C621-LeaderElection33] INFO  ratis.XceiverServerRatis (XceiverServerRatis.java:handleLeaderChangedNotification(863)) - Leader change notification received for group: group-7DB8B539C621 with new leaderId: 54e7648f-2930-4d31-a354-11192bb944d6
2022-04-24 04:17:08,233 [54e7648f-2930-4d31-a354-11192bb944d6@group-7DB8B539C621-LeaderElection33] INFO  server.RaftServer$Division (ServerState.java:setLeader(285)) - 54e7648f-2930-4d31-a354-11192bb944d6@group-7DB8B539C621: change Leader from null to 54e7648f-2930-4d31-a354-11192bb944d6 at term 1 for becomeLeader, leader elected after 5242ms
2022-04-24 04:17:08,233 [54e7648f-2930-4d31-a354-11192bb944d6@group-7DB8B539C621-LeaderElection33] INFO  server.RaftServerConfigKeys (ConfUtils.java:logGet(44)) - raft.server.staging.catchup.gap = 1000 (default)
2022-04-24 04:17:08,234 [54e7648f-2930-4d31-a354-11192bb944d6@group-7DB8B539C621-LeaderElection33] INFO  server.RaftServerConfigKeys (ConfUtils.java:logGet(44)) - raft.server.write.element-limit = 1024 (custom)
2022-04-24 04:17:08,234 [54e7648f-2930-4d31-a354-11192bb944d6@group-7DB8B539C621-LeaderElection33] INFO  server.RaftServerConfigKeys (ConfUtils.java:logGet(44)) - raft.server.write.byte-limit = 1024 M (=1073741824) (custom)
2022-04-24 04:17:08,234 [54e7648f-2930-4d31-a354-11192bb944d6@group-7DB8B539C621-LeaderElection33] INFO  server.RaftServerConfigKeys (ConfUtils.java:logGet(44)) - raft.server.watch.timeout = 180s (custom)
2022-04-24 04:17:08,234 [54e7648f-2930-4d31-a354-11192bb944d6@group-7DB8B539C621-LeaderElection33] INFO  server.RaftServerConfigKeys (ConfUtils.java:logGet(44)) - raft.server.watch.timeout.denomination = 1s (default)
2022-04-24 04:17:08,234 [54e7648f-2930-4d31-a354-11192bb944d6@group-7DB8B539C621-LeaderElection33] INFO  server.RaftServerConfigKeys (ConfUtils.java:logGet(44)) - raft.server.watch.element-limit = 65536 (default)
2022-04-24 04:17:08,234 [54e7648f-2930-4d31-a354-11192bb944d6@group-7DB8B539C621-LeaderElection33] INFO  server.RaftServerConfigKeys (ConfUtils.java:logGet(44)) - raft.server.write.element-limit = 1024 (custom)
2022-04-24 04:17:08,234 [54e7648f-2930-4d31-a354-11192bb944d6@group-7DB8B539C621-LeaderElection33] INFO  server.RaftServerConfigKeys (ConfUtils.java:logGet(44)) - raft.server.write.follower.gap.ratio.max = -1.0 (default)
2022-04-24 04:17:08,234 [54e7648f-2930-4d31-a354-11192bb944d6@group-7DB8B539C621-LeaderElection33] INFO  impl.RoleInfo (RoleInfo.java:updateAndGet(130)) - 54e7648f-2930-4d31-a354-11192bb944d6: start 54e7648f-2930-4d31-a354-11192bb944d6@group-7DB8B539C621-LeaderStateImpl
2022-04-24 04:17:08,234 [54e7648f-2930-4d31-a354-11192bb944d6@group-7DB8B539C621-LeaderElection33] INFO  segmented.SegmentedRaftLogWorker (SegmentedRaftLogWorker.java:startLogSegment(394)) - 54e7648f-2930-4d31-a354-11192bb944d6@group-7DB8B539C621-SegmentedRaftLogWorker: Starting segment from index:0
2022-04-24 04:17:08,248 [54e7648f-2930-4d31-a354-11192bb944d6@group-7DB8B539C621-LeaderElection33] INFO  server.RaftServer$Division (ServerState.java:setRaftConf(387)) - 54e7648f-2930-4d31-a354-11192bb944d6@group-7DB8B539C621: set configuration 0: [54e7648f-2930-4d31-a354-11192bb944d6|rpc:10.1.0.15:36625|dataStream:|priority:1], old=null
2022-04-24 04:17:08,258 [54e7648f-2930-4d31-a354-11192bb944d6@group-7DB8B539C621-SegmentedRaftLogWorker] INFO  segmented.SegmentedRaftLogWorker (SegmentedRaftLogWorker.java:execute(601)) - 54e7648f-2930-4d31-a354-11192bb944d6@group-7DB8B539C621-SegmentedRaftLogWorker: created new log segment /home/runner/work/ozone/ozone/hadoop-ozone/integration-test/target/test-dir/MiniOzoneClusterImpl-83189976-e3c9-4226-841a-8dae3aba4f8d/datanode-3/data/ratis/97b49c42-f93a-477e-8e2f-7db8b539c621/current/log_inprogress_0
04:17:08.329 [IPC Server handler 6 on default port 45981] ERROR OMAudit - user=runner | ip=127.0.0.1 | op=LOOKUP_FILE {volume=volume21477, bucket=bucket24700, key=file_notexist, dataSize=0, replicationConfig=null} | ret=FAILURE
org.apache.hadoop.ozone.om.exceptions.OMException: Unable to get file status: volume: volume21477 bucket: bucket24700 key: file_notexist
	at org.apache.hadoop.ozone.om.KeyManagerImpl.getOzoneFileStatus(KeyManagerImpl.java:1280) ~[ozone-manager-1.3.0-SNAPSHOT.jar:?]
	at org.apache.hadoop.ozone.om.KeyManagerImpl.lookupFile(KeyManagerImpl.java:1392) ~[ozone-manager-1.3.0-SNAPSHOT.jar:?]
	at org.apache.hadoop.ozone.om.OzoneManager.lookupFile(OzoneManager.java:3047) ~[ozone-manager-1.3.0-SNAPSHOT.jar:?]
	at org.apache.hadoop.ozone.protocolPB.OzoneManagerRequestHandler.lookupFile(OzoneManagerRequestHandler.java:716) ~[ozone-manager-1.3.0-SNAPSHOT.jar:?]
	at org.apache.hadoop.ozone.protocolPB.OzoneManagerRequestHandler.handleReadRequest(OzoneManagerRequestHandler.java:207) ~[ozone-manager-1.3.0-SNAPSHOT.jar:?]
	at org.apache.hadoop.ozone.protocolPB.OzoneManagerProtocolServerSideTranslatorPB.submitReadRequestToOM(OzoneManagerProtocolServerSideTranslatorPB.java:213) ~[ozone-manager-1.3.0-SNAPSHOT.jar:?]
	at org.apache.hadoop.ozone.protocolPB.OzoneManagerProtocolServerSideTranslatorPB.processRequest(OzoneManagerProtocolServerSideTranslatorPB.java:174) ~[ozone-manager-1.3.0-SNAPSHOT.jar:?]
	at org.apache.hadoop.hdds.server.OzoneProtocolMessageDispatcher.processRequest(OzoneProtocolMessageDispatcher.java:87) [hdds-server-framework-1.3.0-SNAPSHOT.jar:?]
	at org.apache.hadoop.ozone.protocolPB.OzoneManagerProtocolServerSideTranslatorPB.submitRequest(OzoneManagerProtocolServerSideTranslatorPB.java:146) [ozone-manager-1.3.0-SNAPSHOT.jar:?]
	at org.apache.hadoop.ozone.protocol.proto.OzoneManagerProtocolProtos$OzoneManagerService$2.callBlockingMethod(OzoneManagerProtocolProtos.java) [ozone-interface-client-1.3.0-SNAPSHOT.jar:?]
	at org.apache.hadoop.ipc.ProtobufRpcEngine$Server.processCall(ProtobufRpcEngine.java:466) [hadoop-common-3.3.1.jar:?]
	at org.apache.hadoop.ipc.ProtobufRpcEngine2$Server$ProtoBufRpcInvoker.call(ProtobufRpcEngine2.java:574) [hadoop-common-3.3.1.jar:?]
	at org.apache.hadoop.ipc.ProtobufRpcEngine2$Server$ProtoBufRpcInvoker.call(ProtobufRpcEngine2.java:552) [hadoop-common-3.3.1.jar:?]
	at org.apache.hadoop.ipc.RPC$Server.call(RPC.java:1093) [hadoop-common-3.3.1.jar:?]
	at org.apache.hadoop.ipc.Server$RpcCall.run(Server.java:1035) [hadoop-common-3.3.1.jar:?]
	at org.apache.hadoop.ipc.Server$RpcCall.run(Server.java:963) [hadoop-common-3.3.1.jar:?]
	at java.security.AccessController.doPrivileged(Native Method) ~[?:1.8.0_322]
	at javax.security.auth.Subject.doAs(Subject.java:422) [?:1.8.0_322]
	at org.apache.hadoop.security.UserGroupInformation.doAs(UserGroupInformation.java:1878) [hadoop-common-3.3.1.jar:?]
	at org.apache.hadoop.ipc.Server$Handler.run(Server.java:2966) [hadoop-common-3.3.1.jar:?]
]]></system-out>
  </testcase>
  <testcase name="testSeekOnFileLength" classname="TestOzoneFileSystem" time="0.737">
    <system-out><![CDATA[2022-04-24 04:18:18,785 [IPC Server handler 1 on default port 33759] INFO  ha.SequenceIdGenerator (SequenceIdGenerator.java:getNextId(127)) - Allocate a batch for containerId, change lastId from 0 to 1000.
2022-04-24 04:18:18,786 [IPC Server handler 1 on default port 33759] WARN  ha.SequenceIdGenerator (SequenceIdGenerator.java:allocateBatch(235)) - Failed to allocate a batch for localId, expected lastId is 0, actual lastId is 109611004723200000.
2022-04-24 04:18:18,786 [IPC Server handler 1 on default port 33759] INFO  ha.SequenceIdGenerator (SequenceIdGenerator.java:getNextId(127)) - Allocate a batch for localId, change lastId from 109611004723200000 to 109611004723201000.
2022-04-24 04:18:19,095 [91aa9fd6-1503-4ed0-96fb-fc9682767c9f@group-AD0516CEB88E-FollowerState] INFO  impl.FollowerState (FollowerState.java:run(134)) - 91aa9fd6-1503-4ed0-96fb-fc9682767c9f@group-AD0516CEB88E-FollowerState: change to CANDIDATE, lastRpcElapsedTime:5096211669ns, electionTimeout:5086ms
2022-04-24 04:18:19,096 [91aa9fd6-1503-4ed0-96fb-fc9682767c9f@group-AD0516CEB88E-FollowerState] INFO  impl.RoleInfo (RoleInfo.java:shutdownFollowerState(108)) - 91aa9fd6-1503-4ed0-96fb-fc9682767c9f: shutdown 91aa9fd6-1503-4ed0-96fb-fc9682767c9f@group-AD0516CEB88E-FollowerState
2022-04-24 04:18:19,096 [91aa9fd6-1503-4ed0-96fb-fc9682767c9f@group-AD0516CEB88E-FollowerState] INFO  server.RaftServer$Division (RaftServerImpl.java:setRole(290)) - 91aa9fd6-1503-4ed0-96fb-fc9682767c9f@group-AD0516CEB88E: changes role from  FOLLOWER to CANDIDATE at term 0 for changeToCandidate
2022-04-24 04:18:19,096 [91aa9fd6-1503-4ed0-96fb-fc9682767c9f@group-AD0516CEB88E-FollowerState] INFO  server.RaftServerConfigKeys (ConfUtils.java:logGet(44)) - raft.server.leaderelection.pre-vote = false (custom)
2022-04-24 04:18:19,096 [91aa9fd6-1503-4ed0-96fb-fc9682767c9f@group-AD0516CEB88E-FollowerState] INFO  impl.RoleInfo (RoleInfo.java:updateAndGet(130)) - 91aa9fd6-1503-4ed0-96fb-fc9682767c9f: start 91aa9fd6-1503-4ed0-96fb-fc9682767c9f@group-AD0516CEB88E-LeaderElection41
2022-04-24 04:18:19,123 [91aa9fd6-1503-4ed0-96fb-fc9682767c9f@group-AD0516CEB88E-LeaderElection41] INFO  impl.LeaderElection (LeaderElection.java:askForVotes(306)) - 91aa9fd6-1503-4ed0-96fb-fc9682767c9f@group-AD0516CEB88E-LeaderElection41 ELECTION round 0: submit vote requests at term 1 for -1: [91aa9fd6-1503-4ed0-96fb-fc9682767c9f|rpc:10.1.0.15:33579|priority:1], old=null
2022-04-24 04:18:19,123 [91aa9fd6-1503-4ed0-96fb-fc9682767c9f@group-AD0516CEB88E-LeaderElection41] INFO  impl.LeaderElection (LeaderElection.java:askForVotes(308)) - 91aa9fd6-1503-4ed0-96fb-fc9682767c9f@group-AD0516CEB88E-LeaderElection41 ELECTION round 0: result PASSED (term=1)
2022-04-24 04:18:19,123 [91aa9fd6-1503-4ed0-96fb-fc9682767c9f@group-AD0516CEB88E-LeaderElection41] INFO  impl.RoleInfo (RoleInfo.java:shutdownLeaderElection(121)) - 91aa9fd6-1503-4ed0-96fb-fc9682767c9f: shutdown 91aa9fd6-1503-4ed0-96fb-fc9682767c9f@group-AD0516CEB88E-LeaderElection41
2022-04-24 04:18:19,123 [91aa9fd6-1503-4ed0-96fb-fc9682767c9f@group-AD0516CEB88E-LeaderElection41] INFO  server.RaftServer$Division (RaftServerImpl.java:setRole(290)) - 91aa9fd6-1503-4ed0-96fb-fc9682767c9f@group-AD0516CEB88E: changes role from CANDIDATE to LEADER at term 1 for changeToLeader
2022-04-24 04:18:19,123 [91aa9fd6-1503-4ed0-96fb-fc9682767c9f@group-AD0516CEB88E-LeaderElection41] INFO  ratis.XceiverServerRatis (XceiverServerRatis.java:handleLeaderChangedNotification(863)) - Leader change notification received for group: group-AD0516CEB88E with new leaderId: 91aa9fd6-1503-4ed0-96fb-fc9682767c9f
2022-04-24 04:18:19,151 [91aa9fd6-1503-4ed0-96fb-fc9682767c9f@group-AD0516CEB88E-LeaderElection41] INFO  server.RaftServer$Division (ServerState.java:setLeader(285)) - 91aa9fd6-1503-4ed0-96fb-fc9682767c9f@group-AD0516CEB88E: change Leader from null to 91aa9fd6-1503-4ed0-96fb-fc9682767c9f at term 1 for becomeLeader, leader elected after 5180ms
2022-04-24 04:18:19,151 [91aa9fd6-1503-4ed0-96fb-fc9682767c9f@group-AD0516CEB88E-LeaderElection41] INFO  server.RaftServerConfigKeys (ConfUtils.java:logGet(44)) - raft.server.staging.catchup.gap = 1000 (default)
2022-04-24 04:18:19,185 [91aa9fd6-1503-4ed0-96fb-fc9682767c9f@group-AD0516CEB88E-LeaderElection41] INFO  server.RaftServerConfigKeys (ConfUtils.java:logGet(44)) - raft.server.write.element-limit = 1024 (custom)
2022-04-24 04:18:19,185 [91aa9fd6-1503-4ed0-96fb-fc9682767c9f@group-AD0516CEB88E-LeaderElection41] INFO  server.RaftServerConfigKeys (ConfUtils.java:logGet(44)) - raft.server.write.byte-limit = 1024 M (=1073741824) (custom)
2022-04-24 04:18:19,186 [91aa9fd6-1503-4ed0-96fb-fc9682767c9f@group-AD0516CEB88E-LeaderElection41] INFO  server.RaftServerConfigKeys (ConfUtils.java:logGet(44)) - raft.server.watch.timeout = 180s (custom)
2022-04-24 04:18:19,186 [91aa9fd6-1503-4ed0-96fb-fc9682767c9f@group-AD0516CEB88E-LeaderElection41] INFO  server.RaftServerConfigKeys (ConfUtils.java:logGet(44)) - raft.server.watch.timeout.denomination = 1s (default)
2022-04-24 04:18:19,186 [91aa9fd6-1503-4ed0-96fb-fc9682767c9f@group-AD0516CEB88E-LeaderElection41] INFO  server.RaftServerConfigKeys (ConfUtils.java:logGet(44)) - raft.server.watch.element-limit = 65536 (default)
2022-04-24 04:18:19,186 [91aa9fd6-1503-4ed0-96fb-fc9682767c9f@group-AD0516CEB88E-LeaderElection41] INFO  server.RaftServerConfigKeys (ConfUtils.java:logGet(44)) - raft.server.write.element-limit = 1024 (custom)
2022-04-24 04:18:19,186 [91aa9fd6-1503-4ed0-96fb-fc9682767c9f@group-AD0516CEB88E-LeaderElection41] INFO  server.RaftServerConfigKeys (ConfUtils.java:logGet(44)) - raft.server.write.follower.gap.ratio.max = -1.0 (default)
2022-04-24 04:18:19,186 [91aa9fd6-1503-4ed0-96fb-fc9682767c9f@group-AD0516CEB88E-LeaderElection41] INFO  impl.RoleInfo (RoleInfo.java:updateAndGet(130)) - 91aa9fd6-1503-4ed0-96fb-fc9682767c9f: start 91aa9fd6-1503-4ed0-96fb-fc9682767c9f@group-AD0516CEB88E-LeaderStateImpl
2022-04-24 04:18:19,186 [91aa9fd6-1503-4ed0-96fb-fc9682767c9f@group-AD0516CEB88E-LeaderElection41] INFO  segmented.SegmentedRaftLogWorker (SegmentedRaftLogWorker.java:startLogSegment(394)) - 91aa9fd6-1503-4ed0-96fb-fc9682767c9f@group-AD0516CEB88E-SegmentedRaftLogWorker: Starting segment from index:0
2022-04-24 04:18:19,190 [91aa9fd6-1503-4ed0-96fb-fc9682767c9f@group-AD0516CEB88E-SegmentedRaftLogWorker] INFO  segmented.SegmentedRaftLogWorker (SegmentedRaftLogWorker.java:execute(601)) - 91aa9fd6-1503-4ed0-96fb-fc9682767c9f@group-AD0516CEB88E-SegmentedRaftLogWorker: created new log segment /home/runner/work/ozone/ozone/hadoop-ozone/integration-test/target/test-dir/MiniOzoneClusterImpl-db3b6155-0a61-4c23-9e75-9b22dbc84111/datanode-3/data/ratis/de8f4323-ed8b-4c07-a25d-ad0516ceb88e/current/log_inprogress_0
2022-04-24 04:18:19,207 [91aa9fd6-1503-4ed0-96fb-fc9682767c9f@group-AD0516CEB88E-LeaderElection41] INFO  server.RaftServer$Division (ServerState.java:setRaftConf(387)) - 91aa9fd6-1503-4ed0-96fb-fc9682767c9f@group-AD0516CEB88E: set configuration 0: [91aa9fd6-1503-4ed0-96fb-fc9682767c9f|rpc:10.1.0.15:33579|dataStream:|priority:1], old=null
04:18:19.467 [IPC Server handler 10 on default port 37371] ERROR OMAudit - user=runner | ip=127.0.0.1 | op=LOOKUP_FILE {volume=volume22323, bucket=bucket47719, key=file_notexist, dataSize=0, replicationConfig=null} | ret=FAILURE
org.apache.hadoop.ozone.om.exceptions.OMException: Unable to get file status: volume: volume22323 bucket: bucket47719 key: file_notexist
	at org.apache.hadoop.ozone.om.KeyManagerImpl.getOzoneFileStatus(KeyManagerImpl.java:1280) ~[ozone-manager-1.3.0-SNAPSHOT.jar:?]
	at org.apache.hadoop.ozone.om.KeyManagerImpl.lookupFile(KeyManagerImpl.java:1392) ~[ozone-manager-1.3.0-SNAPSHOT.jar:?]
	at org.apache.hadoop.ozone.om.OzoneManager.lookupFile(OzoneManager.java:3047) ~[ozone-manager-1.3.0-SNAPSHOT.jar:?]
	at org.apache.hadoop.ozone.protocolPB.OzoneManagerRequestHandler.lookupFile(OzoneManagerRequestHandler.java:716) ~[ozone-manager-1.3.0-SNAPSHOT.jar:?]
	at org.apache.hadoop.ozone.protocolPB.OzoneManagerRequestHandler.handleReadRequest(OzoneManagerRequestHandler.java:207) ~[ozone-manager-1.3.0-SNAPSHOT.jar:?]
	at org.apache.hadoop.ozone.protocolPB.OzoneManagerProtocolServerSideTranslatorPB.submitRequestDirectlyToOM(OzoneManagerProtocolServerSideTranslatorPB.java:271) ~[ozone-manager-1.3.0-SNAPSHOT.jar:?]
	at org.apache.hadoop.ozone.protocolPB.OzoneManagerProtocolServerSideTranslatorPB.processRequest(OzoneManagerProtocolServerSideTranslatorPB.java:195) ~[ozone-manager-1.3.0-SNAPSHOT.jar:?]
	at org.apache.hadoop.hdds.server.OzoneProtocolMessageDispatcher.processRequest(OzoneProtocolMessageDispatcher.java:87) [hdds-server-framework-1.3.0-SNAPSHOT.jar:?]
	at org.apache.hadoop.ozone.protocolPB.OzoneManagerProtocolServerSideTranslatorPB.submitRequest(OzoneManagerProtocolServerSideTranslatorPB.java:146) [ozone-manager-1.3.0-SNAPSHOT.jar:?]
	at org.apache.hadoop.ozone.protocol.proto.OzoneManagerProtocolProtos$OzoneManagerService$2.callBlockingMethod(OzoneManagerProtocolProtos.java) [ozone-interface-client-1.3.0-SNAPSHOT.jar:?]
	at org.apache.hadoop.ipc.ProtobufRpcEngine$Server.processCall(ProtobufRpcEngine.java:466) [hadoop-common-3.3.1.jar:?]
	at org.apache.hadoop.ipc.ProtobufRpcEngine2$Server$ProtoBufRpcInvoker.call(ProtobufRpcEngine2.java:574) [hadoop-common-3.3.1.jar:?]
	at org.apache.hadoop.ipc.ProtobufRpcEngine2$Server$ProtoBufRpcInvoker.call(ProtobufRpcEngine2.java:552) [hadoop-common-3.3.1.jar:?]
	at org.apache.hadoop.ipc.RPC$Server.call(RPC.java:1093) [hadoop-common-3.3.1.jar:?]
	at org.apache.hadoop.ipc.Server$RpcCall.run(Server.java:1035) [hadoop-common-3.3.1.jar:?]
	at org.apache.hadoop.ipc.Server$RpcCall.run(Server.java:963) [hadoop-common-3.3.1.jar:?]
	at java.security.AccessController.doPrivileged(Native Method) ~[?:1.8.0_322]
	at javax.security.auth.Subject.doAs(Subject.java:422) [?:1.8.0_322]
	at org.apache.hadoop.security.UserGroupInformation.doAs(UserGroupInformation.java:1878) [hadoop-common-3.3.1.jar:?]
	at org.apache.hadoop.ipc.Server$Handler.run(Server.java:2966) [hadoop-common-3.3.1.jar:?]
]]></system-out>
  </testcase>
  <testcase name="testRenameFile" classname="TestOzoneFileSystem" time="0.111">
    <system-out><![CDATA[04:15:05.511 [IPC Server handler 12 on default port 38503] ERROR OMAudit - user=runner | ip=127.0.0.1 | op=GET_FILE_STATUS {volume=volume87548, bucket=bucket21072, key=root/file1, dataSize=0, replicationConfig=null} | ret=FAILURE
org.apache.hadoop.ozone.om.exceptions.OMException: Unable to get file status: volume: volume87548 bucket: bucket21072 key: root/file1
	at org.apache.hadoop.ozone.om.KeyManagerImpl.getOzoneFileStatus(KeyManagerImpl.java:1280) ~[ozone-manager-1.3.0-SNAPSHOT.jar:?]
	at org.apache.hadoop.ozone.om.KeyManagerImpl.getFileStatus(KeyManagerImpl.java:1210) ~[ozone-manager-1.3.0-SNAPSHOT.jar:?]
	at org.apache.hadoop.ozone.om.OzoneManager.getFileStatus(OzoneManager.java:3009) ~[ozone-manager-1.3.0-SNAPSHOT.jar:?]
	at org.apache.hadoop.ozone.protocolPB.OzoneManagerRequestHandler.getOzoneFileStatus(OzoneManagerRequestHandler.java:670) ~[ozone-manager-1.3.0-SNAPSHOT.jar:?]
	at org.apache.hadoop.ozone.protocolPB.OzoneManagerRequestHandler.handleReadRequest(OzoneManagerRequestHandler.java:201) ~[ozone-manager-1.3.0-SNAPSHOT.jar:?]
	at org.apache.hadoop.ozone.protocolPB.OzoneManagerProtocolServerSideTranslatorPB.submitReadRequestToOM(OzoneManagerProtocolServerSideTranslatorPB.java:213) ~[ozone-manager-1.3.0-SNAPSHOT.jar:?]
	at org.apache.hadoop.ozone.protocolPB.OzoneManagerProtocolServerSideTranslatorPB.processRequest(OzoneManagerProtocolServerSideTranslatorPB.java:174) ~[ozone-manager-1.3.0-SNAPSHOT.jar:?]
	at org.apache.hadoop.hdds.server.OzoneProtocolMessageDispatcher.processRequest(OzoneProtocolMessageDispatcher.java:87) [hdds-server-framework-1.3.0-SNAPSHOT.jar:?]
	at org.apache.hadoop.ozone.protocolPB.OzoneManagerProtocolServerSideTranslatorPB.submitRequest(OzoneManagerProtocolServerSideTranslatorPB.java:146) [ozone-manager-1.3.0-SNAPSHOT.jar:?]
	at org.apache.hadoop.ozone.protocol.proto.OzoneManagerProtocolProtos$OzoneManagerService$2.callBlockingMethod(OzoneManagerProtocolProtos.java) [ozone-interface-client-1.3.0-SNAPSHOT.jar:?]
	at org.apache.hadoop.ipc.ProtobufRpcEngine$Server.processCall(ProtobufRpcEngine.java:466) [hadoop-common-3.3.1.jar:?]
	at org.apache.hadoop.ipc.ProtobufRpcEngine2$Server$ProtoBufRpcInvoker.call(ProtobufRpcEngine2.java:574) [hadoop-common-3.3.1.jar:?]
	at org.apache.hadoop.ipc.ProtobufRpcEngine2$Server$ProtoBufRpcInvoker.call(ProtobufRpcEngine2.java:552) [hadoop-common-3.3.1.jar:?]
	at org.apache.hadoop.ipc.RPC$Server.call(RPC.java:1093) [hadoop-common-3.3.1.jar:?]
	at org.apache.hadoop.ipc.Server$RpcCall.run(Server.java:1035) [hadoop-common-3.3.1.jar:?]
	at org.apache.hadoop.ipc.Server$RpcCall.run(Server.java:963) [hadoop-common-3.3.1.jar:?]
	at java.security.AccessController.doPrivileged(Native Method) ~[?:1.8.0_322]
	at javax.security.auth.Subject.doAs(Subject.java:422) [?:1.8.0_322]
	at org.apache.hadoop.security.UserGroupInformation.doAs(UserGroupInformation.java:1878) [hadoop-common-3.3.1.jar:?]
	at org.apache.hadoop.ipc.Server$Handler.run(Server.java:2966) [hadoop-common-3.3.1.jar:?]
]]></system-out>
  </testcase>
  <testcase name="testRenameFile" classname="TestOzoneFileSystem" time="0.067">
    <system-out><![CDATA[04:16:11.635 [IPC Server handler 2 on default port 40137] ERROR OMAudit - user=runner | ip=127.0.0.1 | op=GET_FILE_STATUS {volume=volume25603, bucket=bucket32835, key=root/file1, dataSize=0, replicationConfig=null} | ret=FAILURE
org.apache.hadoop.ozone.om.exceptions.OMException: Unable to get file status: volume: volume25603 bucket: bucket32835 key: root/file1
	at org.apache.hadoop.ozone.om.KeyManagerImpl.getOzoneFileStatus(KeyManagerImpl.java:1280) ~[ozone-manager-1.3.0-SNAPSHOT.jar:?]
	at org.apache.hadoop.ozone.om.KeyManagerImpl.getFileStatus(KeyManagerImpl.java:1210) ~[ozone-manager-1.3.0-SNAPSHOT.jar:?]
	at org.apache.hadoop.ozone.om.OzoneManager.getFileStatus(OzoneManager.java:3009) ~[ozone-manager-1.3.0-SNAPSHOT.jar:?]
	at org.apache.hadoop.ozone.protocolPB.OzoneManagerRequestHandler.getOzoneFileStatus(OzoneManagerRequestHandler.java:670) ~[ozone-manager-1.3.0-SNAPSHOT.jar:?]
	at org.apache.hadoop.ozone.protocolPB.OzoneManagerRequestHandler.handleReadRequest(OzoneManagerRequestHandler.java:201) ~[ozone-manager-1.3.0-SNAPSHOT.jar:?]
	at org.apache.hadoop.ozone.protocolPB.OzoneManagerProtocolServerSideTranslatorPB.submitRequestDirectlyToOM(OzoneManagerProtocolServerSideTranslatorPB.java:271) ~[ozone-manager-1.3.0-SNAPSHOT.jar:?]
	at org.apache.hadoop.ozone.protocolPB.OzoneManagerProtocolServerSideTranslatorPB.processRequest(OzoneManagerProtocolServerSideTranslatorPB.java:195) ~[ozone-manager-1.3.0-SNAPSHOT.jar:?]
	at org.apache.hadoop.hdds.server.OzoneProtocolMessageDispatcher.processRequest(OzoneProtocolMessageDispatcher.java:87) [hdds-server-framework-1.3.0-SNAPSHOT.jar:?]
	at org.apache.hadoop.ozone.protocolPB.OzoneManagerProtocolServerSideTranslatorPB.submitRequest(OzoneManagerProtocolServerSideTranslatorPB.java:146) [ozone-manager-1.3.0-SNAPSHOT.jar:?]
	at org.apache.hadoop.ozone.protocol.proto.OzoneManagerProtocolProtos$OzoneManagerService$2.callBlockingMethod(OzoneManagerProtocolProtos.java) [ozone-interface-client-1.3.0-SNAPSHOT.jar:?]
	at org.apache.hadoop.ipc.ProtobufRpcEngine$Server.processCall(ProtobufRpcEngine.java:466) [hadoop-common-3.3.1.jar:?]
	at org.apache.hadoop.ipc.ProtobufRpcEngine2$Server$ProtoBufRpcInvoker.call(ProtobufRpcEngine2.java:574) [hadoop-common-3.3.1.jar:?]
	at org.apache.hadoop.ipc.ProtobufRpcEngine2$Server$ProtoBufRpcInvoker.call(ProtobufRpcEngine2.java:552) [hadoop-common-3.3.1.jar:?]
	at org.apache.hadoop.ipc.RPC$Server.call(RPC.java:1093) [hadoop-common-3.3.1.jar:?]
	at org.apache.hadoop.ipc.Server$RpcCall.run(Server.java:1035) [hadoop-common-3.3.1.jar:?]
	at org.apache.hadoop.ipc.Server$RpcCall.run(Server.java:963) [hadoop-common-3.3.1.jar:?]
	at java.security.AccessController.doPrivileged(Native Method) ~[?:1.8.0_322]
	at javax.security.auth.Subject.doAs(Subject.java:422) [?:1.8.0_322]
	at org.apache.hadoop.security.UserGroupInformation.doAs(UserGroupInformation.java:1878) [hadoop-common-3.3.1.jar:?]
	at org.apache.hadoop.ipc.Server$Handler.run(Server.java:2966) [hadoop-common-3.3.1.jar:?]
]]></system-out>
  </testcase>
  <testcase name="testRenameFile" classname="TestOzoneFileSystem" time="0.069">
    <system-out><![CDATA[04:17:08.391 [IPC Server handler 19 on default port 45981] ERROR OMAudit - user=runner | ip=127.0.0.1 | op=GET_FILE_STATUS {volume=volume21477, bucket=bucket24700, key=root/file1, dataSize=0, replicationConfig=null} | ret=FAILURE
org.apache.hadoop.ozone.om.exceptions.OMException: Unable to get file status: volume: volume21477 bucket: bucket24700 key: root/file1
	at org.apache.hadoop.ozone.om.KeyManagerImpl.getOzoneFileStatus(KeyManagerImpl.java:1280) ~[ozone-manager-1.3.0-SNAPSHOT.jar:?]
	at org.apache.hadoop.ozone.om.KeyManagerImpl.getFileStatus(KeyManagerImpl.java:1210) ~[ozone-manager-1.3.0-SNAPSHOT.jar:?]
	at org.apache.hadoop.ozone.om.OzoneManager.getFileStatus(OzoneManager.java:3009) ~[ozone-manager-1.3.0-SNAPSHOT.jar:?]
	at org.apache.hadoop.ozone.protocolPB.OzoneManagerRequestHandler.getOzoneFileStatus(OzoneManagerRequestHandler.java:670) ~[ozone-manager-1.3.0-SNAPSHOT.jar:?]
	at org.apache.hadoop.ozone.protocolPB.OzoneManagerRequestHandler.handleReadRequest(OzoneManagerRequestHandler.java:201) ~[ozone-manager-1.3.0-SNAPSHOT.jar:?]
	at org.apache.hadoop.ozone.protocolPB.OzoneManagerProtocolServerSideTranslatorPB.submitReadRequestToOM(OzoneManagerProtocolServerSideTranslatorPB.java:213) ~[ozone-manager-1.3.0-SNAPSHOT.jar:?]
	at org.apache.hadoop.ozone.protocolPB.OzoneManagerProtocolServerSideTranslatorPB.processRequest(OzoneManagerProtocolServerSideTranslatorPB.java:174) ~[ozone-manager-1.3.0-SNAPSHOT.jar:?]
	at org.apache.hadoop.hdds.server.OzoneProtocolMessageDispatcher.processRequest(OzoneProtocolMessageDispatcher.java:87) [hdds-server-framework-1.3.0-SNAPSHOT.jar:?]
	at org.apache.hadoop.ozone.protocolPB.OzoneManagerProtocolServerSideTranslatorPB.submitRequest(OzoneManagerProtocolServerSideTranslatorPB.java:146) [ozone-manager-1.3.0-SNAPSHOT.jar:?]
	at org.apache.hadoop.ozone.protocol.proto.OzoneManagerProtocolProtos$OzoneManagerService$2.callBlockingMethod(OzoneManagerProtocolProtos.java) [ozone-interface-client-1.3.0-SNAPSHOT.jar:?]
	at org.apache.hadoop.ipc.ProtobufRpcEngine$Server.processCall(ProtobufRpcEngine.java:466) [hadoop-common-3.3.1.jar:?]
	at org.apache.hadoop.ipc.ProtobufRpcEngine2$Server$ProtoBufRpcInvoker.call(ProtobufRpcEngine2.java:574) [hadoop-common-3.3.1.jar:?]
	at org.apache.hadoop.ipc.ProtobufRpcEngine2$Server$ProtoBufRpcInvoker.call(ProtobufRpcEngine2.java:552) [hadoop-common-3.3.1.jar:?]
	at org.apache.hadoop.ipc.RPC$Server.call(RPC.java:1093) [hadoop-common-3.3.1.jar:?]
	at org.apache.hadoop.ipc.Server$RpcCall.run(Server.java:1035) [hadoop-common-3.3.1.jar:?]
	at org.apache.hadoop.ipc.Server$RpcCall.run(Server.java:963) [hadoop-common-3.3.1.jar:?]
	at java.security.AccessController.doPrivileged(Native Method) ~[?:1.8.0_322]
	at javax.security.auth.Subject.doAs(Subject.java:422) [?:1.8.0_322]
	at org.apache.hadoop.security.UserGroupInformation.doAs(UserGroupInformation.java:1878) [hadoop-common-3.3.1.jar:?]
	at org.apache.hadoop.ipc.Server$Handler.run(Server.java:2966) [hadoop-common-3.3.1.jar:?]
]]></system-out>
  </testcase>
  <testcase name="testRenameFile" classname="TestOzoneFileSystem" time="0.103">
    <system-out><![CDATA[04:18:19.557 [IPC Server handler 19 on default port 37371] ERROR OMAudit - user=runner | ip=127.0.0.1 | op=GET_FILE_STATUS {volume=volume22323, bucket=bucket47719, key=root/file1, dataSize=0, replicationConfig=null} | ret=FAILURE
org.apache.hadoop.ozone.om.exceptions.OMException: Unable to get file status: volume: volume22323 bucket: bucket47719 key: root/file1
	at org.apache.hadoop.ozone.om.KeyManagerImpl.getOzoneFileStatus(KeyManagerImpl.java:1280) ~[ozone-manager-1.3.0-SNAPSHOT.jar:?]
	at org.apache.hadoop.ozone.om.KeyManagerImpl.getFileStatus(KeyManagerImpl.java:1210) ~[ozone-manager-1.3.0-SNAPSHOT.jar:?]
	at org.apache.hadoop.ozone.om.OzoneManager.getFileStatus(OzoneManager.java:3009) ~[ozone-manager-1.3.0-SNAPSHOT.jar:?]
	at org.apache.hadoop.ozone.protocolPB.OzoneManagerRequestHandler.getOzoneFileStatus(OzoneManagerRequestHandler.java:670) ~[ozone-manager-1.3.0-SNAPSHOT.jar:?]
	at org.apache.hadoop.ozone.protocolPB.OzoneManagerRequestHandler.handleReadRequest(OzoneManagerRequestHandler.java:201) ~[ozone-manager-1.3.0-SNAPSHOT.jar:?]
	at org.apache.hadoop.ozone.protocolPB.OzoneManagerProtocolServerSideTranslatorPB.submitRequestDirectlyToOM(OzoneManagerProtocolServerSideTranslatorPB.java:271) ~[ozone-manager-1.3.0-SNAPSHOT.jar:?]
	at org.apache.hadoop.ozone.protocolPB.OzoneManagerProtocolServerSideTranslatorPB.processRequest(OzoneManagerProtocolServerSideTranslatorPB.java:195) ~[ozone-manager-1.3.0-SNAPSHOT.jar:?]
	at org.apache.hadoop.hdds.server.OzoneProtocolMessageDispatcher.processRequest(OzoneProtocolMessageDispatcher.java:87) [hdds-server-framework-1.3.0-SNAPSHOT.jar:?]
	at org.apache.hadoop.ozone.protocolPB.OzoneManagerProtocolServerSideTranslatorPB.submitRequest(OzoneManagerProtocolServerSideTranslatorPB.java:146) [ozone-manager-1.3.0-SNAPSHOT.jar:?]
	at org.apache.hadoop.ozone.protocol.proto.OzoneManagerProtocolProtos$OzoneManagerService$2.callBlockingMethod(OzoneManagerProtocolProtos.java) [ozone-interface-client-1.3.0-SNAPSHOT.jar:?]
	at org.apache.hadoop.ipc.ProtobufRpcEngine$Server.processCall(ProtobufRpcEngine.java:466) [hadoop-common-3.3.1.jar:?]
	at org.apache.hadoop.ipc.ProtobufRpcEngine2$Server$ProtoBufRpcInvoker.call(ProtobufRpcEngine2.java:574) [hadoop-common-3.3.1.jar:?]
	at org.apache.hadoop.ipc.ProtobufRpcEngine2$Server$ProtoBufRpcInvoker.call(ProtobufRpcEngine2.java:552) [hadoop-common-3.3.1.jar:?]
	at org.apache.hadoop.ipc.RPC$Server.call(RPC.java:1093) [hadoop-common-3.3.1.jar:?]
	at org.apache.hadoop.ipc.Server$RpcCall.run(Server.java:1035) [hadoop-common-3.3.1.jar:?]
	at org.apache.hadoop.ipc.Server$RpcCall.run(Server.java:963) [hadoop-common-3.3.1.jar:?]
	at java.security.AccessController.doPrivileged(Native Method) ~[?:1.8.0_322]
	at javax.security.auth.Subject.doAs(Subject.java:422) [?:1.8.0_322]
	at org.apache.hadoop.security.UserGroupInformation.doAs(UserGroupInformation.java:1878) [hadoop-common-3.3.1.jar:?]
	at org.apache.hadoop.ipc.Server$Handler.run(Server.java:2966) [hadoop-common-3.3.1.jar:?]
]]></system-out>
  </testcase>
  <testcase name="testRenameDir" classname="TestOzoneFileSystem" time="0.068">
    <system-out><![CDATA[2022-04-24 04:15:05,604 [Time-limited test] INFO  ozone.TestOzoneFileSystem (TestOzoneFileSystem.java:testRenameDir(1114)) - Created dir o3fs://bucket21072.volume87548/root_dir/dir1/sub_dir1
2022-04-24 04:15:05,605 [Time-limited test] INFO  ozone.TestOzoneFileSystem (TestOzoneFileSystem.java:testRenameDir(1115)) - Will move o3fs://bucket21072.volume87548/root_dir/dir1 to o3fs://bucket21072.volume87548/root_dir/dir1.renamed
04:15:05.613 [IPC Server handler 8 on default port 38503] ERROR OMAudit - user=runner | ip=127.0.0.1 | op=GET_FILE_STATUS {volume=volume87548, bucket=bucket21072, key=root_dir/dir1.renamed, dataSize=0, replicationConfig=null} | ret=FAILURE
org.apache.hadoop.ozone.om.exceptions.OMException: Unable to get file status: volume: volume87548 bucket: bucket21072 key: root_dir/dir1.renamed
	at org.apache.hadoop.ozone.om.KeyManagerImpl.getOzoneFileStatus(KeyManagerImpl.java:1280) ~[ozone-manager-1.3.0-SNAPSHOT.jar:?]
	at org.apache.hadoop.ozone.om.KeyManagerImpl.getFileStatus(KeyManagerImpl.java:1210) ~[ozone-manager-1.3.0-SNAPSHOT.jar:?]
	at org.apache.hadoop.ozone.om.OzoneManager.getFileStatus(OzoneManager.java:3009) ~[ozone-manager-1.3.0-SNAPSHOT.jar:?]
	at org.apache.hadoop.ozone.protocolPB.OzoneManagerRequestHandler.getOzoneFileStatus(OzoneManagerRequestHandler.java:670) ~[ozone-manager-1.3.0-SNAPSHOT.jar:?]
	at org.apache.hadoop.ozone.protocolPB.OzoneManagerRequestHandler.handleReadRequest(OzoneManagerRequestHandler.java:201) ~[ozone-manager-1.3.0-SNAPSHOT.jar:?]
	at org.apache.hadoop.ozone.protocolPB.OzoneManagerProtocolServerSideTranslatorPB.submitReadRequestToOM(OzoneManagerProtocolServerSideTranslatorPB.java:213) ~[ozone-manager-1.3.0-SNAPSHOT.jar:?]
	at org.apache.hadoop.ozone.protocolPB.OzoneManagerProtocolServerSideTranslatorPB.processRequest(OzoneManagerProtocolServerSideTranslatorPB.java:174) ~[ozone-manager-1.3.0-SNAPSHOT.jar:?]
	at org.apache.hadoop.hdds.server.OzoneProtocolMessageDispatcher.processRequest(OzoneProtocolMessageDispatcher.java:87) [hdds-server-framework-1.3.0-SNAPSHOT.jar:?]
	at org.apache.hadoop.ozone.protocolPB.OzoneManagerProtocolServerSideTranslatorPB.submitRequest(OzoneManagerProtocolServerSideTranslatorPB.java:146) [ozone-manager-1.3.0-SNAPSHOT.jar:?]
	at org.apache.hadoop.ozone.protocol.proto.OzoneManagerProtocolProtos$OzoneManagerService$2.callBlockingMethod(OzoneManagerProtocolProtos.java) [ozone-interface-client-1.3.0-SNAPSHOT.jar:?]
	at org.apache.hadoop.ipc.ProtobufRpcEngine$Server.processCall(ProtobufRpcEngine.java:466) [hadoop-common-3.3.1.jar:?]
	at org.apache.hadoop.ipc.ProtobufRpcEngine2$Server$ProtoBufRpcInvoker.call(ProtobufRpcEngine2.java:574) [hadoop-common-3.3.1.jar:?]
	at org.apache.hadoop.ipc.ProtobufRpcEngine2$Server$ProtoBufRpcInvoker.call(ProtobufRpcEngine2.java:552) [hadoop-common-3.3.1.jar:?]
	at org.apache.hadoop.ipc.RPC$Server.call(RPC.java:1093) [hadoop-common-3.3.1.jar:?]
	at org.apache.hadoop.ipc.Server$RpcCall.run(Server.java:1035) [hadoop-common-3.3.1.jar:?]
	at org.apache.hadoop.ipc.Server$RpcCall.run(Server.java:963) [hadoop-common-3.3.1.jar:?]
	at java.security.AccessController.doPrivileged(Native Method) ~[?:1.8.0_322]
	at javax.security.auth.Subject.doAs(Subject.java:422) [?:1.8.0_322]
	at org.apache.hadoop.security.UserGroupInformation.doAs(UserGroupInformation.java:1878) [hadoop-common-3.3.1.jar:?]
	at org.apache.hadoop.ipc.Server$Handler.run(Server.java:2966) [hadoop-common-3.3.1.jar:?]
]]></system-out>
  </testcase>
  <testcase name="testRenameDir" classname="TestOzoneFileSystem" time="0.069">
    <system-out><![CDATA[2022-04-24 04:16:11,687 [e5466937-965b-4b6e-8204-a37ae84ad2ab@group-2393F5A06436-FollowerState] INFO  impl.FollowerState (FollowerState.java:run(134)) - e5466937-965b-4b6e-8204-a37ae84ad2ab@group-2393F5A06436-FollowerState: change to CANDIDATE, lastRpcElapsedTime:5152878153ns, electionTimeout:5148ms
2022-04-24 04:16:11,688 [e5466937-965b-4b6e-8204-a37ae84ad2ab@group-2393F5A06436-FollowerState] INFO  impl.RoleInfo (RoleInfo.java:shutdownFollowerState(108)) - e5466937-965b-4b6e-8204-a37ae84ad2ab: shutdown e5466937-965b-4b6e-8204-a37ae84ad2ab@group-2393F5A06436-FollowerState
2022-04-24 04:16:11,688 [e5466937-965b-4b6e-8204-a37ae84ad2ab@group-2393F5A06436-FollowerState] INFO  server.RaftServer$Division (RaftServerImpl.java:setRole(290)) - e5466937-965b-4b6e-8204-a37ae84ad2ab@group-2393F5A06436: changes role from  FOLLOWER to CANDIDATE at term 0 for changeToCandidate
2022-04-24 04:16:11,689 [e5466937-965b-4b6e-8204-a37ae84ad2ab@group-2393F5A06436-FollowerState] INFO  server.RaftServerConfigKeys (ConfUtils.java:logGet(44)) - raft.server.leaderelection.pre-vote = false (custom)
2022-04-24 04:16:11,689 [e5466937-965b-4b6e-8204-a37ae84ad2ab@group-2393F5A06436-FollowerState] INFO  impl.RoleInfo (RoleInfo.java:updateAndGet(130)) - e5466937-965b-4b6e-8204-a37ae84ad2ab: start e5466937-965b-4b6e-8204-a37ae84ad2ab@group-2393F5A06436-LeaderElection16
2022-04-24 04:16:11,701 [Time-limited test] INFO  ozone.TestOzoneFileSystem (TestOzoneFileSystem.java:testRenameDir(1114)) - Created dir o3fs://bucket32835.volume25603/root_dir/dir1/sub_dir1
2022-04-24 04:16:11,701 [Time-limited test] INFO  ozone.TestOzoneFileSystem (TestOzoneFileSystem.java:testRenameDir(1115)) - Will move o3fs://bucket32835.volume25603/root_dir/dir1 to o3fs://bucket32835.volume25603/root_dir/dir1.renamed
04:16:11.707 [IPC Server handler 10 on default port 40137] ERROR OMAudit - user=runner | ip=127.0.0.1 | op=GET_FILE_STATUS {volume=volume25603, bucket=bucket32835, key=root_dir/dir1.renamed, dataSize=0, replicationConfig=null} | ret=FAILURE
org.apache.hadoop.ozone.om.exceptions.OMException: Unable to get file status: volume: volume25603 bucket: bucket32835 key: root_dir/dir1.renamed
	at org.apache.hadoop.ozone.om.KeyManagerImpl.getOzoneFileStatus(KeyManagerImpl.java:1280) ~[ozone-manager-1.3.0-SNAPSHOT.jar:?]
	at org.apache.hadoop.ozone.om.KeyManagerImpl.getFileStatus(KeyManagerImpl.java:1210) ~[ozone-manager-1.3.0-SNAPSHOT.jar:?]
	at org.apache.hadoop.ozone.om.OzoneManager.getFileStatus(OzoneManager.java:3009) ~[ozone-manager-1.3.0-SNAPSHOT.jar:?]
	at org.apache.hadoop.ozone.protocolPB.OzoneManagerRequestHandler.getOzoneFileStatus(OzoneManagerRequestHandler.java:670) ~[ozone-manager-1.3.0-SNAPSHOT.jar:?]
	at org.apache.hadoop.ozone.protocolPB.OzoneManagerRequestHandler.handleReadRequest(OzoneManagerRequestHandler.java:201) ~[ozone-manager-1.3.0-SNAPSHOT.jar:?]
	at org.apache.hadoop.ozone.protocolPB.OzoneManagerProtocolServerSideTranslatorPB.submitRequestDirectlyToOM(OzoneManagerProtocolServerSideTranslatorPB.java:271) ~[ozone-manager-1.3.0-SNAPSHOT.jar:?]
	at org.apache.hadoop.ozone.protocolPB.OzoneManagerProtocolServerSideTranslatorPB.processRequest(OzoneManagerProtocolServerSideTranslatorPB.java:195) ~[ozone-manager-1.3.0-SNAPSHOT.jar:?]
	at org.apache.hadoop.hdds.server.OzoneProtocolMessageDispatcher.processRequest(OzoneProtocolMessageDispatcher.java:87) [hdds-server-framework-1.3.0-SNAPSHOT.jar:?]
	at org.apache.hadoop.ozone.protocolPB.OzoneManagerProtocolServerSideTranslatorPB.submitRequest(OzoneManagerProtocolServerSideTranslatorPB.java:146) [ozone-manager-1.3.0-SNAPSHOT.jar:?]
	at org.apache.hadoop.ozone.protocol.proto.OzoneManagerProtocolProtos$OzoneManagerService$2.callBlockingMethod(OzoneManagerProtocolProtos.java) [ozone-interface-client-1.3.0-SNAPSHOT.jar:?]
	at org.apache.hadoop.ipc.ProtobufRpcEngine$Server.processCall(ProtobufRpcEngine.java:466) [hadoop-common-3.3.1.jar:?]
	at org.apache.hadoop.ipc.ProtobufRpcEngine2$Server$ProtoBufRpcInvoker.call(ProtobufRpcEngine2.java:574) [hadoop-common-3.3.1.jar:?]
	at org.apache.hadoop.ipc.ProtobufRpcEngine2$Server$ProtoBufRpcInvoker.call(ProtobufRpcEngine2.java:552) [hadoop-common-3.3.1.jar:?]
	at org.apache.hadoop.ipc.RPC$Server.call(RPC.java:1093) [hadoop-common-3.3.1.jar:?]
	at org.apache.hadoop.ipc.Server$RpcCall.run(Server.java:1035) [hadoop-common-3.3.1.jar:?]
	at org.apache.hadoop.ipc.Server$RpcCall.run(Server.java:963) [hadoop-common-3.3.1.jar:?]
	at java.security.AccessController.doPrivileged(Native Method) ~[?:1.8.0_322]
	at javax.security.auth.Subject.doAs(Subject.java:422) [?:1.8.0_322]
	at org.apache.hadoop.security.UserGroupInformation.doAs(UserGroupInformation.java:1878) [hadoop-common-3.3.1.jar:?]
	at org.apache.hadoop.ipc.Server$Handler.run(Server.java:2966) [hadoop-common-3.3.1.jar:?]
2022-04-24 04:16:11,726 [e5466937-965b-4b6e-8204-a37ae84ad2ab@group-2393F5A06436-LeaderElection16] INFO  impl.LeaderElection (LeaderElection.java:askForVotes(306)) - e5466937-965b-4b6e-8204-a37ae84ad2ab@group-2393F5A06436-LeaderElection16 ELECTION round 0: submit vote requests at term 1 for -1: [e5466937-965b-4b6e-8204-a37ae84ad2ab|rpc:10.1.0.15:45821|priority:1], old=null
2022-04-24 04:16:11,726 [e5466937-965b-4b6e-8204-a37ae84ad2ab@group-2393F5A06436-LeaderElection16] INFO  impl.LeaderElection (LeaderElection.java:askForVotes(308)) - e5466937-965b-4b6e-8204-a37ae84ad2ab@group-2393F5A06436-LeaderElection16 ELECTION round 0: result PASSED (term=1)
2022-04-24 04:16:11,726 [e5466937-965b-4b6e-8204-a37ae84ad2ab@group-2393F5A06436-LeaderElection16] INFO  impl.RoleInfo (RoleInfo.java:shutdownLeaderElection(121)) - e5466937-965b-4b6e-8204-a37ae84ad2ab: shutdown e5466937-965b-4b6e-8204-a37ae84ad2ab@group-2393F5A06436-LeaderElection16
2022-04-24 04:16:11,726 [e5466937-965b-4b6e-8204-a37ae84ad2ab@group-2393F5A06436-LeaderElection16] INFO  server.RaftServer$Division (RaftServerImpl.java:setRole(290)) - e5466937-965b-4b6e-8204-a37ae84ad2ab@group-2393F5A06436: changes role from CANDIDATE to LEADER at term 1 for changeToLeader
2022-04-24 04:16:11,726 [e5466937-965b-4b6e-8204-a37ae84ad2ab@group-2393F5A06436-LeaderElection16] INFO  ratis.XceiverServerRatis (XceiverServerRatis.java:handleLeaderChangedNotification(863)) - Leader change notification received for group: group-2393F5A06436 with new leaderId: e5466937-965b-4b6e-8204-a37ae84ad2ab
2022-04-24 04:16:11,726 [e5466937-965b-4b6e-8204-a37ae84ad2ab@group-2393F5A06436-LeaderElection16] INFO  server.RaftServer$Division (ServerState.java:setLeader(285)) - e5466937-965b-4b6e-8204-a37ae84ad2ab@group-2393F5A06436: change Leader from null to e5466937-965b-4b6e-8204-a37ae84ad2ab at term 1 for becomeLeader, leader elected after 5232ms
2022-04-24 04:16:11,726 [e5466937-965b-4b6e-8204-a37ae84ad2ab@group-2393F5A06436-LeaderElection16] INFO  server.RaftServerConfigKeys (ConfUtils.java:logGet(44)) - raft.server.staging.catchup.gap = 1000 (default)
2022-04-24 04:16:11,727 [e5466937-965b-4b6e-8204-a37ae84ad2ab@group-2393F5A06436-LeaderElection16] INFO  server.RaftServerConfigKeys (ConfUtils.java:logGet(44)) - raft.server.write.element-limit = 1024 (custom)
2022-04-24 04:16:11,727 [e5466937-965b-4b6e-8204-a37ae84ad2ab@group-2393F5A06436-LeaderElection16] INFO  server.RaftServerConfigKeys (ConfUtils.java:logGet(44)) - raft.server.write.byte-limit = 1024 M (=1073741824) (custom)
2022-04-24 04:16:11,727 [e5466937-965b-4b6e-8204-a37ae84ad2ab@group-2393F5A06436-LeaderElection16] INFO  server.RaftServerConfigKeys (ConfUtils.java:logGet(44)) - raft.server.watch.timeout = 180s (custom)
2022-04-24 04:16:11,727 [e5466937-965b-4b6e-8204-a37ae84ad2ab@group-2393F5A06436-LeaderElection16] INFO  server.RaftServerConfigKeys (ConfUtils.java:logGet(44)) - raft.server.watch.timeout.denomination = 1s (default)
2022-04-24 04:16:11,727 [e5466937-965b-4b6e-8204-a37ae84ad2ab@group-2393F5A06436-LeaderElection16] INFO  server.RaftServerConfigKeys (ConfUtils.java:logGet(44)) - raft.server.watch.element-limit = 65536 (default)
2022-04-24 04:16:11,727 [e5466937-965b-4b6e-8204-a37ae84ad2ab@group-2393F5A06436-LeaderElection16] INFO  server.RaftServerConfigKeys (ConfUtils.java:logGet(44)) - raft.server.write.element-limit = 1024 (custom)
2022-04-24 04:16:11,727 [e5466937-965b-4b6e-8204-a37ae84ad2ab@group-2393F5A06436-LeaderElection16] INFO  server.RaftServerConfigKeys (ConfUtils.java:logGet(44)) - raft.server.write.follower.gap.ratio.max = -1.0 (default)
2022-04-24 04:16:11,730 [e5466937-965b-4b6e-8204-a37ae84ad2ab@group-2393F5A06436-LeaderElection16] INFO  impl.RoleInfo (RoleInfo.java:updateAndGet(130)) - e5466937-965b-4b6e-8204-a37ae84ad2ab: start e5466937-965b-4b6e-8204-a37ae84ad2ab@group-2393F5A06436-LeaderStateImpl
2022-04-24 04:16:11,730 [e5466937-965b-4b6e-8204-a37ae84ad2ab@group-2393F5A06436-LeaderElection16] INFO  segmented.SegmentedRaftLogWorker (SegmentedRaftLogWorker.java:startLogSegment(394)) - e5466937-965b-4b6e-8204-a37ae84ad2ab@group-2393F5A06436-SegmentedRaftLogWorker: Starting segment from index:0
2022-04-24 04:16:11,731 [e5466937-965b-4b6e-8204-a37ae84ad2ab@group-2393F5A06436-SegmentedRaftLogWorker] INFO  segmented.SegmentedRaftLogWorker (SegmentedRaftLogWorker.java:execute(601)) - e5466937-965b-4b6e-8204-a37ae84ad2ab@group-2393F5A06436-SegmentedRaftLogWorker: created new log segment /home/runner/work/ozone/ozone/hadoop-ozone/integration-test/target/test-dir/MiniOzoneClusterImpl-e7da0ab5-4936-473d-8bac-46be260cf6da/datanode-3/data/ratis/f7883620-447b-41f9-9897-2393f5a06436/current/log_inprogress_0
2022-04-24 04:16:11,750 [e5466937-965b-4b6e-8204-a37ae84ad2ab@group-2393F5A06436-LeaderElection16] INFO  server.RaftServer$Division (ServerState.java:setRaftConf(387)) - e5466937-965b-4b6e-8204-a37ae84ad2ab@group-2393F5A06436: set configuration 0: [e5466937-965b-4b6e-8204-a37ae84ad2ab|rpc:10.1.0.15:45821|dataStream:|priority:1], old=null
]]></system-out>
  </testcase>
  <testcase name="testRenameDir" classname="TestOzoneFileSystem" time="0.029">
    <system-out><![CDATA[2022-04-24 04:17:08,417 [Time-limited test] INFO  ozone.TestOzoneFileSystem (TestOzoneFileSystem.java:testRenameDir(1114)) - Created dir o3fs://bucket24700.volume21477/root_dir/dir1/sub_dir1
2022-04-24 04:17:08,417 [Time-limited test] INFO  ozone.TestOzoneFileSystem (TestOzoneFileSystem.java:testRenameDir(1115)) - Will move o3fs://bucket24700.volume21477/root_dir/dir1 to o3fs://bucket24700.volume21477/root_dir/dir1.renamed
04:17:08.418 [IPC Server handler 10 on default port 45981] ERROR OMAudit - user=runner | ip=127.0.0.1 | op=GET_FILE_STATUS {volume=volume21477, bucket=bucket24700, key=root_dir/dir1.renamed, dataSize=0, replicationConfig=null} | ret=FAILURE
org.apache.hadoop.ozone.om.exceptions.OMException: Unable to get file status: volume: volume21477 bucket: bucket24700 key: root_dir/dir1.renamed
	at org.apache.hadoop.ozone.om.KeyManagerImpl.getOzoneFileStatus(KeyManagerImpl.java:1280) ~[ozone-manager-1.3.0-SNAPSHOT.jar:?]
	at org.apache.hadoop.ozone.om.KeyManagerImpl.getFileStatus(KeyManagerImpl.java:1210) ~[ozone-manager-1.3.0-SNAPSHOT.jar:?]
	at org.apache.hadoop.ozone.om.OzoneManager.getFileStatus(OzoneManager.java:3009) ~[ozone-manager-1.3.0-SNAPSHOT.jar:?]
	at org.apache.hadoop.ozone.protocolPB.OzoneManagerRequestHandler.getOzoneFileStatus(OzoneManagerRequestHandler.java:670) ~[ozone-manager-1.3.0-SNAPSHOT.jar:?]
	at org.apache.hadoop.ozone.protocolPB.OzoneManagerRequestHandler.handleReadRequest(OzoneManagerRequestHandler.java:201) ~[ozone-manager-1.3.0-SNAPSHOT.jar:?]
	at org.apache.hadoop.ozone.protocolPB.OzoneManagerProtocolServerSideTranslatorPB.submitReadRequestToOM(OzoneManagerProtocolServerSideTranslatorPB.java:213) ~[ozone-manager-1.3.0-SNAPSHOT.jar:?]
	at org.apache.hadoop.ozone.protocolPB.OzoneManagerProtocolServerSideTranslatorPB.processRequest(OzoneManagerProtocolServerSideTranslatorPB.java:174) ~[ozone-manager-1.3.0-SNAPSHOT.jar:?]
	at org.apache.hadoop.hdds.server.OzoneProtocolMessageDispatcher.processRequest(OzoneProtocolMessageDispatcher.java:87) [hdds-server-framework-1.3.0-SNAPSHOT.jar:?]
	at org.apache.hadoop.ozone.protocolPB.OzoneManagerProtocolServerSideTranslatorPB.submitRequest(OzoneManagerProtocolServerSideTranslatorPB.java:146) [ozone-manager-1.3.0-SNAPSHOT.jar:?]
	at org.apache.hadoop.ozone.protocol.proto.OzoneManagerProtocolProtos$OzoneManagerService$2.callBlockingMethod(OzoneManagerProtocolProtos.java) [ozone-interface-client-1.3.0-SNAPSHOT.jar:?]
	at org.apache.hadoop.ipc.ProtobufRpcEngine$Server.processCall(ProtobufRpcEngine.java:466) [hadoop-common-3.3.1.jar:?]
	at org.apache.hadoop.ipc.ProtobufRpcEngine2$Server$ProtoBufRpcInvoker.call(ProtobufRpcEngine2.java:574) [hadoop-common-3.3.1.jar:?]
	at org.apache.hadoop.ipc.ProtobufRpcEngine2$Server$ProtoBufRpcInvoker.call(ProtobufRpcEngine2.java:552) [hadoop-common-3.3.1.jar:?]
	at org.apache.hadoop.ipc.RPC$Server.call(RPC.java:1093) [hadoop-common-3.3.1.jar:?]
	at org.apache.hadoop.ipc.Server$RpcCall.run(Server.java:1035) [hadoop-common-3.3.1.jar:?]
	at org.apache.hadoop.ipc.Server$RpcCall.run(Server.java:963) [hadoop-common-3.3.1.jar:?]
	at java.security.AccessController.doPrivileged(Native Method) ~[?:1.8.0_322]
	at javax.security.auth.Subject.doAs(Subject.java:422) [?:1.8.0_322]
	at org.apache.hadoop.security.UserGroupInformation.doAs(UserGroupInformation.java:1878) [hadoop-common-3.3.1.jar:?]
	at org.apache.hadoop.ipc.Server$Handler.run(Server.java:2966) [hadoop-common-3.3.1.jar:?]
]]></system-out>
  </testcase>
  <testcase name="testRenameDir" classname="TestOzoneFileSystem" time="0.064">
    <system-out><![CDATA[2022-04-24 04:18:19,608 [Time-limited test] INFO  ozone.TestOzoneFileSystem (TestOzoneFileSystem.java:testRenameDir(1114)) - Created dir o3fs://bucket47719.volume22323/root_dir/dir1/sub_dir1
2022-04-24 04:18:19,609 [Time-limited test] INFO  ozone.TestOzoneFileSystem (TestOzoneFileSystem.java:testRenameDir(1115)) - Will move o3fs://bucket47719.volume22323/root_dir/dir1 to o3fs://bucket47719.volume22323/root_dir/dir1.renamed
04:18:19.610 [IPC Server handler 7 on default port 37371] ERROR OMAudit - user=runner | ip=127.0.0.1 | op=GET_FILE_STATUS {volume=volume22323, bucket=bucket47719, key=root_dir/dir1.renamed, dataSize=0, replicationConfig=null} | ret=FAILURE
org.apache.hadoop.ozone.om.exceptions.OMException: Unable to get file status: volume: volume22323 bucket: bucket47719 key: root_dir/dir1.renamed
	at org.apache.hadoop.ozone.om.KeyManagerImpl.getOzoneFileStatus(KeyManagerImpl.java:1280) ~[ozone-manager-1.3.0-SNAPSHOT.jar:?]
	at org.apache.hadoop.ozone.om.KeyManagerImpl.getFileStatus(KeyManagerImpl.java:1210) ~[ozone-manager-1.3.0-SNAPSHOT.jar:?]
	at org.apache.hadoop.ozone.om.OzoneManager.getFileStatus(OzoneManager.java:3009) ~[ozone-manager-1.3.0-SNAPSHOT.jar:?]
	at org.apache.hadoop.ozone.protocolPB.OzoneManagerRequestHandler.getOzoneFileStatus(OzoneManagerRequestHandler.java:670) ~[ozone-manager-1.3.0-SNAPSHOT.jar:?]
	at org.apache.hadoop.ozone.protocolPB.OzoneManagerRequestHandler.handleReadRequest(OzoneManagerRequestHandler.java:201) ~[ozone-manager-1.3.0-SNAPSHOT.jar:?]
	at org.apache.hadoop.ozone.protocolPB.OzoneManagerProtocolServerSideTranslatorPB.submitRequestDirectlyToOM(OzoneManagerProtocolServerSideTranslatorPB.java:271) ~[ozone-manager-1.3.0-SNAPSHOT.jar:?]
	at org.apache.hadoop.ozone.protocolPB.OzoneManagerProtocolServerSideTranslatorPB.processRequest(OzoneManagerProtocolServerSideTranslatorPB.java:195) ~[ozone-manager-1.3.0-SNAPSHOT.jar:?]
	at org.apache.hadoop.hdds.server.OzoneProtocolMessageDispatcher.processRequest(OzoneProtocolMessageDispatcher.java:87) [hdds-server-framework-1.3.0-SNAPSHOT.jar:?]
	at org.apache.hadoop.ozone.protocolPB.OzoneManagerProtocolServerSideTranslatorPB.submitRequest(OzoneManagerProtocolServerSideTranslatorPB.java:146) [ozone-manager-1.3.0-SNAPSHOT.jar:?]
	at org.apache.hadoop.ozone.protocol.proto.OzoneManagerProtocolProtos$OzoneManagerService$2.callBlockingMethod(OzoneManagerProtocolProtos.java) [ozone-interface-client-1.3.0-SNAPSHOT.jar:?]
	at org.apache.hadoop.ipc.ProtobufRpcEngine$Server.processCall(ProtobufRpcEngine.java:466) [hadoop-common-3.3.1.jar:?]
	at org.apache.hadoop.ipc.ProtobufRpcEngine2$Server$ProtoBufRpcInvoker.call(ProtobufRpcEngine2.java:574) [hadoop-common-3.3.1.jar:?]
	at org.apache.hadoop.ipc.ProtobufRpcEngine2$Server$ProtoBufRpcInvoker.call(ProtobufRpcEngine2.java:552) [hadoop-common-3.3.1.jar:?]
	at org.apache.hadoop.ipc.RPC$Server.call(RPC.java:1093) [hadoop-common-3.3.1.jar:?]
	at org.apache.hadoop.ipc.Server$RpcCall.run(Server.java:1035) [hadoop-common-3.3.1.jar:?]
	at org.apache.hadoop.ipc.Server$RpcCall.run(Server.java:963) [hadoop-common-3.3.1.jar:?]
	at java.security.AccessController.doPrivileged(Native Method) ~[?:1.8.0_322]
	at javax.security.auth.Subject.doAs(Subject.java:422) [?:1.8.0_322]
	at org.apache.hadoop.security.UserGroupInformation.doAs(UserGroupInformation.java:1878) [hadoop-common-3.3.1.jar:?]
	at org.apache.hadoop.ipc.Server$Handler.run(Server.java:2966) [hadoop-common-3.3.1.jar:?]
]]></system-out>
  </testcase>
  <testcase name="testAllocateMoreThanOneBlock" classname="TestOzoneFileSystem" time="0.57"/>
  <testcase name="testAllocateMoreThanOneBlock" classname="TestOzoneFileSystem" time="1.049">
    <system-out><![CDATA[2022-04-24 04:16:12,128 [e43a4dc9-a00f-4e9b-92e8-7d3d6197108c@group-47BA30D22B91-FollowerState] INFO  impl.FollowerState (FollowerState.java:run(134)) - e43a4dc9-a00f-4e9b-92e8-7d3d6197108c@group-47BA30D22B91-FollowerState: change to CANDIDATE, lastRpcElapsedTime:5196714246ns, electionTimeout:5185ms
2022-04-24 04:16:12,128 [e43a4dc9-a00f-4e9b-92e8-7d3d6197108c@group-47BA30D22B91-FollowerState] INFO  impl.RoleInfo (RoleInfo.java:shutdownFollowerState(108)) - e43a4dc9-a00f-4e9b-92e8-7d3d6197108c: shutdown e43a4dc9-a00f-4e9b-92e8-7d3d6197108c@group-47BA30D22B91-FollowerState
2022-04-24 04:16:12,128 [e43a4dc9-a00f-4e9b-92e8-7d3d6197108c@group-47BA30D22B91-FollowerState] INFO  server.RaftServer$Division (RaftServerImpl.java:setRole(290)) - e43a4dc9-a00f-4e9b-92e8-7d3d6197108c@group-47BA30D22B91: changes role from  FOLLOWER to CANDIDATE at term 0 for changeToCandidate
2022-04-24 04:16:12,150 [e43a4dc9-a00f-4e9b-92e8-7d3d6197108c@group-47BA30D22B91-FollowerState] INFO  server.RaftServerConfigKeys (ConfUtils.java:logGet(44)) - raft.server.leaderelection.pre-vote = false (custom)
2022-04-24 04:16:12,150 [e43a4dc9-a00f-4e9b-92e8-7d3d6197108c@group-47BA30D22B91-FollowerState] INFO  impl.RoleInfo (RoleInfo.java:updateAndGet(130)) - e43a4dc9-a00f-4e9b-92e8-7d3d6197108c: start e43a4dc9-a00f-4e9b-92e8-7d3d6197108c@group-47BA30D22B91-LeaderElection17
2022-04-24 04:16:12,243 [e43a4dc9-a00f-4e9b-92e8-7d3d6197108c@group-47BA30D22B91-LeaderElection17] INFO  impl.LeaderElection (LeaderElection.java:askForVotes(306)) - e43a4dc9-a00f-4e9b-92e8-7d3d6197108c@group-47BA30D22B91-LeaderElection17 ELECTION round 0: submit vote requests at term 1 for -1: [e43a4dc9-a00f-4e9b-92e8-7d3d6197108c|rpc:10.1.0.15:40557|priority:1], old=null
2022-04-24 04:16:12,243 [e43a4dc9-a00f-4e9b-92e8-7d3d6197108c@group-47BA30D22B91-LeaderElection17] INFO  impl.LeaderElection (LeaderElection.java:askForVotes(308)) - e43a4dc9-a00f-4e9b-92e8-7d3d6197108c@group-47BA30D22B91-LeaderElection17 ELECTION round 0: result PASSED (term=1)
2022-04-24 04:16:12,243 [e43a4dc9-a00f-4e9b-92e8-7d3d6197108c@group-47BA30D22B91-LeaderElection17] INFO  impl.RoleInfo (RoleInfo.java:shutdownLeaderElection(121)) - e43a4dc9-a00f-4e9b-92e8-7d3d6197108c: shutdown e43a4dc9-a00f-4e9b-92e8-7d3d6197108c@group-47BA30D22B91-LeaderElection17
2022-04-24 04:16:12,243 [e43a4dc9-a00f-4e9b-92e8-7d3d6197108c@group-47BA30D22B91-LeaderElection17] INFO  server.RaftServer$Division (RaftServerImpl.java:setRole(290)) - e43a4dc9-a00f-4e9b-92e8-7d3d6197108c@group-47BA30D22B91: changes role from CANDIDATE to LEADER at term 1 for changeToLeader
2022-04-24 04:16:12,243 [e43a4dc9-a00f-4e9b-92e8-7d3d6197108c@group-47BA30D22B91-LeaderElection17] INFO  ratis.XceiverServerRatis (XceiverServerRatis.java:handleLeaderChangedNotification(863)) - Leader change notification received for group: group-47BA30D22B91 with new leaderId: e43a4dc9-a00f-4e9b-92e8-7d3d6197108c
2022-04-24 04:16:12,243 [e43a4dc9-a00f-4e9b-92e8-7d3d6197108c@group-47BA30D22B91-LeaderElection17] INFO  server.RaftServer$Division (ServerState.java:setLeader(285)) - e43a4dc9-a00f-4e9b-92e8-7d3d6197108c@group-47BA30D22B91: change Leader from null to e43a4dc9-a00f-4e9b-92e8-7d3d6197108c at term 1 for becomeLeader, leader elected after 5335ms
2022-04-24 04:16:12,243 [e43a4dc9-a00f-4e9b-92e8-7d3d6197108c@group-47BA30D22B91-LeaderElection17] INFO  server.RaftServerConfigKeys (ConfUtils.java:logGet(44)) - raft.server.staging.catchup.gap = 1000 (default)
2022-04-24 04:16:12,243 [e43a4dc9-a00f-4e9b-92e8-7d3d6197108c@group-47BA30D22B91-LeaderElection17] INFO  server.RaftServerConfigKeys (ConfUtils.java:logGet(44)) - raft.server.write.element-limit = 1024 (custom)
2022-04-24 04:16:12,243 [e43a4dc9-a00f-4e9b-92e8-7d3d6197108c@group-47BA30D22B91-LeaderElection17] INFO  server.RaftServerConfigKeys (ConfUtils.java:logGet(44)) - raft.server.write.byte-limit = 1024 M (=1073741824) (custom)
2022-04-24 04:16:12,244 [e43a4dc9-a00f-4e9b-92e8-7d3d6197108c@group-47BA30D22B91-LeaderElection17] INFO  server.RaftServerConfigKeys (ConfUtils.java:logGet(44)) - raft.server.watch.timeout = 180s (custom)
2022-04-24 04:16:12,244 [e43a4dc9-a00f-4e9b-92e8-7d3d6197108c@group-47BA30D22B91-LeaderElection17] INFO  server.RaftServerConfigKeys (ConfUtils.java:logGet(44)) - raft.server.watch.timeout.denomination = 1s (default)
2022-04-24 04:16:12,244 [e43a4dc9-a00f-4e9b-92e8-7d3d6197108c@group-47BA30D22B91-LeaderElection17] INFO  server.RaftServerConfigKeys (ConfUtils.java:logGet(44)) - raft.server.watch.element-limit = 65536 (default)
2022-04-24 04:16:12,244 [e43a4dc9-a00f-4e9b-92e8-7d3d6197108c@group-47BA30D22B91-LeaderElection17] INFO  server.RaftServerConfigKeys (ConfUtils.java:logGet(44)) - raft.server.write.element-limit = 1024 (custom)
2022-04-24 04:16:12,244 [e43a4dc9-a00f-4e9b-92e8-7d3d6197108c@group-47BA30D22B91-LeaderElection17] INFO  server.RaftServerConfigKeys (ConfUtils.java:logGet(44)) - raft.server.write.follower.gap.ratio.max = -1.0 (default)
2022-04-24 04:16:12,244 [e43a4dc9-a00f-4e9b-92e8-7d3d6197108c@group-47BA30D22B91-LeaderElection17] INFO  impl.RoleInfo (RoleInfo.java:updateAndGet(130)) - e43a4dc9-a00f-4e9b-92e8-7d3d6197108c: start e43a4dc9-a00f-4e9b-92e8-7d3d6197108c@group-47BA30D22B91-LeaderStateImpl
2022-04-24 04:16:12,244 [e43a4dc9-a00f-4e9b-92e8-7d3d6197108c@group-47BA30D22B91-LeaderElection17] INFO  segmented.SegmentedRaftLogWorker (SegmentedRaftLogWorker.java:startLogSegment(394)) - e43a4dc9-a00f-4e9b-92e8-7d3d6197108c@group-47BA30D22B91-SegmentedRaftLogWorker: Starting segment from index:0
2022-04-24 04:16:12,246 [e43a4dc9-a00f-4e9b-92e8-7d3d6197108c@group-47BA30D22B91-SegmentedRaftLogWorker] INFO  segmented.SegmentedRaftLogWorker (SegmentedRaftLogWorker.java:execute(601)) - e43a4dc9-a00f-4e9b-92e8-7d3d6197108c@group-47BA30D22B91-SegmentedRaftLogWorker: created new log segment /home/runner/work/ozone/ozone/hadoop-ozone/integration-test/target/test-dir/MiniOzoneClusterImpl-e7da0ab5-4936-473d-8bac-46be260cf6da/datanode-4/data/ratis/7014a621-df9c-42ac-9659-47ba30d22b91/current/log_inprogress_0
2022-04-24 04:16:12,252 [e43a4dc9-a00f-4e9b-92e8-7d3d6197108c@group-47BA30D22B91-LeaderElection17] INFO  server.RaftServer$Division (ServerState.java:setRaftConf(387)) - e43a4dc9-a00f-4e9b-92e8-7d3d6197108c@group-47BA30D22B91: set configuration 0: [e43a4dc9-a00f-4e9b-92e8-7d3d6197108c|rpc:10.1.0.15:40557|dataStream:|priority:1], old=null
]]></system-out>
  </testcase>
  <testcase name="testAllocateMoreThanOneBlock" classname="TestOzoneFileSystem" time="1.382">
    <system-out><![CDATA[2022-04-24 04:17:08,479 [bffb6770-0dea-4a47-b7e7-380b8a6a8c28@group-DFDBB496666C-FollowerState] INFO  impl.FollowerState (FollowerState.java:run(134)) - bffb6770-0dea-4a47-b7e7-380b8a6a8c28@group-DFDBB496666C-FollowerState: change to CANDIDATE, lastRpcElapsedTime:5050520835ns, electionTimeout:5037ms
2022-04-24 04:17:08,480 [bffb6770-0dea-4a47-b7e7-380b8a6a8c28@group-DFDBB496666C-FollowerState] INFO  impl.RoleInfo (RoleInfo.java:shutdownFollowerState(108)) - bffb6770-0dea-4a47-b7e7-380b8a6a8c28: shutdown bffb6770-0dea-4a47-b7e7-380b8a6a8c28@group-DFDBB496666C-FollowerState
2022-04-24 04:17:08,480 [bffb6770-0dea-4a47-b7e7-380b8a6a8c28@group-DFDBB496666C-FollowerState] INFO  server.RaftServer$Division (RaftServerImpl.java:setRole(290)) - bffb6770-0dea-4a47-b7e7-380b8a6a8c28@group-DFDBB496666C: changes role from  FOLLOWER to CANDIDATE at term 0 for changeToCandidate
2022-04-24 04:17:08,480 [bffb6770-0dea-4a47-b7e7-380b8a6a8c28@group-DFDBB496666C-FollowerState] INFO  server.RaftServerConfigKeys (ConfUtils.java:logGet(44)) - raft.server.leaderelection.pre-vote = false (custom)
2022-04-24 04:17:08,480 [bffb6770-0dea-4a47-b7e7-380b8a6a8c28@group-DFDBB496666C-FollowerState] INFO  impl.RoleInfo (RoleInfo.java:updateAndGet(130)) - bffb6770-0dea-4a47-b7e7-380b8a6a8c28: start bffb6770-0dea-4a47-b7e7-380b8a6a8c28@group-DFDBB496666C-LeaderElection34
2022-04-24 04:17:08,520 [bffb6770-0dea-4a47-b7e7-380b8a6a8c28@group-DFDBB496666C-LeaderElection34] INFO  impl.LeaderElection (LeaderElection.java:askForVotes(306)) - bffb6770-0dea-4a47-b7e7-380b8a6a8c28@group-DFDBB496666C-LeaderElection34 ELECTION round 0: submit vote requests at term 1 for -1: [bffb6770-0dea-4a47-b7e7-380b8a6a8c28|rpc:10.1.0.15:37891|priority:1], old=null
2022-04-24 04:17:08,520 [bffb6770-0dea-4a47-b7e7-380b8a6a8c28@group-DFDBB496666C-LeaderElection34] INFO  impl.LeaderElection (LeaderElection.java:askForVotes(308)) - bffb6770-0dea-4a47-b7e7-380b8a6a8c28@group-DFDBB496666C-LeaderElection34 ELECTION round 0: result PASSED (term=1)
2022-04-24 04:17:08,520 [bffb6770-0dea-4a47-b7e7-380b8a6a8c28@group-DFDBB496666C-LeaderElection34] INFO  impl.RoleInfo (RoleInfo.java:shutdownLeaderElection(121)) - bffb6770-0dea-4a47-b7e7-380b8a6a8c28: shutdown bffb6770-0dea-4a47-b7e7-380b8a6a8c28@group-DFDBB496666C-LeaderElection34
2022-04-24 04:17:08,520 [bffb6770-0dea-4a47-b7e7-380b8a6a8c28@group-DFDBB496666C-LeaderElection34] INFO  server.RaftServer$Division (RaftServerImpl.java:setRole(290)) - bffb6770-0dea-4a47-b7e7-380b8a6a8c28@group-DFDBB496666C: changes role from CANDIDATE to LEADER at term 1 for changeToLeader
2022-04-24 04:17:08,520 [bffb6770-0dea-4a47-b7e7-380b8a6a8c28@group-DFDBB496666C-LeaderElection34] INFO  ratis.XceiverServerRatis (XceiverServerRatis.java:handleLeaderChangedNotification(863)) - Leader change notification received for group: group-DFDBB496666C with new leaderId: bffb6770-0dea-4a47-b7e7-380b8a6a8c28
2022-04-24 04:17:08,521 [bffb6770-0dea-4a47-b7e7-380b8a6a8c28@group-DFDBB496666C-LeaderElection34] INFO  server.RaftServer$Division (ServerState.java:setLeader(285)) - bffb6770-0dea-4a47-b7e7-380b8a6a8c28@group-DFDBB496666C: change Leader from null to bffb6770-0dea-4a47-b7e7-380b8a6a8c28 at term 1 for becomeLeader, leader elected after 5121ms
2022-04-24 04:17:08,521 [bffb6770-0dea-4a47-b7e7-380b8a6a8c28@group-DFDBB496666C-LeaderElection34] INFO  server.RaftServerConfigKeys (ConfUtils.java:logGet(44)) - raft.server.staging.catchup.gap = 1000 (default)
2022-04-24 04:17:08,521 [bffb6770-0dea-4a47-b7e7-380b8a6a8c28@group-DFDBB496666C-LeaderElection34] INFO  server.RaftServerConfigKeys (ConfUtils.java:logGet(44)) - raft.server.write.element-limit = 1024 (custom)
2022-04-24 04:17:08,521 [bffb6770-0dea-4a47-b7e7-380b8a6a8c28@group-DFDBB496666C-LeaderElection34] INFO  server.RaftServerConfigKeys (ConfUtils.java:logGet(44)) - raft.server.write.byte-limit = 1024 M (=1073741824) (custom)
2022-04-24 04:17:08,521 [bffb6770-0dea-4a47-b7e7-380b8a6a8c28@group-DFDBB496666C-LeaderElection34] INFO  server.RaftServerConfigKeys (ConfUtils.java:logGet(44)) - raft.server.watch.timeout = 180s (custom)
2022-04-24 04:17:08,521 [bffb6770-0dea-4a47-b7e7-380b8a6a8c28@group-DFDBB496666C-LeaderElection34] INFO  server.RaftServerConfigKeys (ConfUtils.java:logGet(44)) - raft.server.watch.timeout.denomination = 1s (default)
2022-04-24 04:17:08,521 [bffb6770-0dea-4a47-b7e7-380b8a6a8c28@group-DFDBB496666C-LeaderElection34] INFO  server.RaftServerConfigKeys (ConfUtils.java:logGet(44)) - raft.server.watch.element-limit = 65536 (default)
2022-04-24 04:17:08,548 [bffb6770-0dea-4a47-b7e7-380b8a6a8c28@group-DFDBB496666C-LeaderElection34] INFO  server.RaftServerConfigKeys (ConfUtils.java:logGet(44)) - raft.server.write.element-limit = 1024 (custom)
2022-04-24 04:17:08,548 [bffb6770-0dea-4a47-b7e7-380b8a6a8c28@group-DFDBB496666C-LeaderElection34] INFO  server.RaftServerConfigKeys (ConfUtils.java:logGet(44)) - raft.server.write.follower.gap.ratio.max = -1.0 (default)
2022-04-24 04:17:08,548 [bffb6770-0dea-4a47-b7e7-380b8a6a8c28@group-DFDBB496666C-LeaderElection34] INFO  impl.RoleInfo (RoleInfo.java:updateAndGet(130)) - bffb6770-0dea-4a47-b7e7-380b8a6a8c28: start bffb6770-0dea-4a47-b7e7-380b8a6a8c28@group-DFDBB496666C-LeaderStateImpl
2022-04-24 04:17:08,548 [bffb6770-0dea-4a47-b7e7-380b8a6a8c28@group-DFDBB496666C-LeaderElection34] INFO  segmented.SegmentedRaftLogWorker (SegmentedRaftLogWorker.java:startLogSegment(394)) - bffb6770-0dea-4a47-b7e7-380b8a6a8c28@group-DFDBB496666C-SegmentedRaftLogWorker: Starting segment from index:0
2022-04-24 04:17:08,551 [bffb6770-0dea-4a47-b7e7-380b8a6a8c28@group-DFDBB496666C-SegmentedRaftLogWorker] INFO  segmented.SegmentedRaftLogWorker (SegmentedRaftLogWorker.java:execute(601)) - bffb6770-0dea-4a47-b7e7-380b8a6a8c28@group-DFDBB496666C-SegmentedRaftLogWorker: created new log segment /home/runner/work/ozone/ozone/hadoop-ozone/integration-test/target/test-dir/MiniOzoneClusterImpl-83189976-e3c9-4226-841a-8dae3aba4f8d/datanode-4/data/ratis/0f82a6fb-6143-486d-b4b9-dfdbb496666c/current/log_inprogress_0
2022-04-24 04:17:08,560 [bffb6770-0dea-4a47-b7e7-380b8a6a8c28@group-DFDBB496666C-LeaderElection34] INFO  server.RaftServer$Division (ServerState.java:setRaftConf(387)) - bffb6770-0dea-4a47-b7e7-380b8a6a8c28@group-DFDBB496666C: set configuration 0: [bffb6770-0dea-4a47-b7e7-380b8a6a8c28|rpc:10.1.0.15:37891|dataStream:|priority:1], old=null
]]></system-out>
  </testcase>
  <testcase name="testAllocateMoreThanOneBlock" classname="TestOzoneFileSystem" time="1.256">
    <system-out><![CDATA[2022-04-24 04:18:19,657 [9d71fcab-e36c-460d-857b-bb54f2584166@group-120C33CD41FC-FollowerState] INFO  impl.FollowerState (FollowerState.java:run(134)) - 9d71fcab-e36c-460d-857b-bb54f2584166@group-120C33CD41FC-FollowerState: change to CANDIDATE, lastRpcElapsedTime:5167258565ns, electionTimeout:5152ms
2022-04-24 04:18:19,657 [9d71fcab-e36c-460d-857b-bb54f2584166@group-120C33CD41FC-FollowerState] INFO  impl.RoleInfo (RoleInfo.java:shutdownFollowerState(108)) - 9d71fcab-e36c-460d-857b-bb54f2584166: shutdown 9d71fcab-e36c-460d-857b-bb54f2584166@group-120C33CD41FC-FollowerState
2022-04-24 04:18:19,658 [9d71fcab-e36c-460d-857b-bb54f2584166@group-120C33CD41FC-FollowerState] INFO  server.RaftServer$Division (RaftServerImpl.java:setRole(290)) - 9d71fcab-e36c-460d-857b-bb54f2584166@group-120C33CD41FC: changes role from  FOLLOWER to CANDIDATE at term 0 for changeToCandidate
2022-04-24 04:18:19,658 [9d71fcab-e36c-460d-857b-bb54f2584166@group-120C33CD41FC-FollowerState] INFO  server.RaftServerConfigKeys (ConfUtils.java:logGet(44)) - raft.server.leaderelection.pre-vote = false (custom)
2022-04-24 04:18:19,658 [9d71fcab-e36c-460d-857b-bb54f2584166@group-120C33CD41FC-FollowerState] INFO  impl.RoleInfo (RoleInfo.java:updateAndGet(130)) - 9d71fcab-e36c-460d-857b-bb54f2584166: start 9d71fcab-e36c-460d-857b-bb54f2584166@group-120C33CD41FC-LeaderElection42
2022-04-24 04:18:19,700 [9d71fcab-e36c-460d-857b-bb54f2584166@group-120C33CD41FC-LeaderElection42] INFO  impl.LeaderElection (LeaderElection.java:askForVotes(306)) - 9d71fcab-e36c-460d-857b-bb54f2584166@group-120C33CD41FC-LeaderElection42 ELECTION round 0: submit vote requests at term 1 for -1: [9d71fcab-e36c-460d-857b-bb54f2584166|rpc:10.1.0.15:37105|priority:1], old=null
2022-04-24 04:18:19,700 [9d71fcab-e36c-460d-857b-bb54f2584166@group-120C33CD41FC-LeaderElection42] INFO  impl.LeaderElection (LeaderElection.java:askForVotes(308)) - 9d71fcab-e36c-460d-857b-bb54f2584166@group-120C33CD41FC-LeaderElection42 ELECTION round 0: result PASSED (term=1)
2022-04-24 04:18:19,700 [9d71fcab-e36c-460d-857b-bb54f2584166@group-120C33CD41FC-LeaderElection42] INFO  impl.RoleInfo (RoleInfo.java:shutdownLeaderElection(121)) - 9d71fcab-e36c-460d-857b-bb54f2584166: shutdown 9d71fcab-e36c-460d-857b-bb54f2584166@group-120C33CD41FC-LeaderElection42
2022-04-24 04:18:19,701 [9d71fcab-e36c-460d-857b-bb54f2584166@group-120C33CD41FC-LeaderElection42] INFO  server.RaftServer$Division (RaftServerImpl.java:setRole(290)) - 9d71fcab-e36c-460d-857b-bb54f2584166@group-120C33CD41FC: changes role from CANDIDATE to LEADER at term 1 for changeToLeader
2022-04-24 04:18:19,701 [9d71fcab-e36c-460d-857b-bb54f2584166@group-120C33CD41FC-LeaderElection42] INFO  ratis.XceiverServerRatis (XceiverServerRatis.java:handleLeaderChangedNotification(863)) - Leader change notification received for group: group-120C33CD41FC with new leaderId: 9d71fcab-e36c-460d-857b-bb54f2584166
2022-04-24 04:18:19,701 [9d71fcab-e36c-460d-857b-bb54f2584166@group-120C33CD41FC-LeaderElection42] INFO  server.RaftServer$Division (ServerState.java:setLeader(285)) - 9d71fcab-e36c-460d-857b-bb54f2584166@group-120C33CD41FC: change Leader from null to 9d71fcab-e36c-460d-857b-bb54f2584166 at term 1 for becomeLeader, leader elected after 5215ms
2022-04-24 04:18:19,701 [9d71fcab-e36c-460d-857b-bb54f2584166@group-120C33CD41FC-LeaderElection42] INFO  server.RaftServerConfigKeys (ConfUtils.java:logGet(44)) - raft.server.staging.catchup.gap = 1000 (default)
2022-04-24 04:18:19,701 [9d71fcab-e36c-460d-857b-bb54f2584166@group-120C33CD41FC-LeaderElection42] INFO  server.RaftServerConfigKeys (ConfUtils.java:logGet(44)) - raft.server.write.element-limit = 1024 (custom)
2022-04-24 04:18:19,701 [9d71fcab-e36c-460d-857b-bb54f2584166@group-120C33CD41FC-LeaderElection42] INFO  server.RaftServerConfigKeys (ConfUtils.java:logGet(44)) - raft.server.write.byte-limit = 1024 M (=1073741824) (custom)
2022-04-24 04:18:19,701 [9d71fcab-e36c-460d-857b-bb54f2584166@group-120C33CD41FC-LeaderElection42] INFO  server.RaftServerConfigKeys (ConfUtils.java:logGet(44)) - raft.server.watch.timeout = 180s (custom)
2022-04-24 04:18:19,701 [9d71fcab-e36c-460d-857b-bb54f2584166@group-120C33CD41FC-LeaderElection42] INFO  server.RaftServerConfigKeys (ConfUtils.java:logGet(44)) - raft.server.watch.timeout.denomination = 1s (default)
2022-04-24 04:18:19,701 [9d71fcab-e36c-460d-857b-bb54f2584166@group-120C33CD41FC-LeaderElection42] INFO  server.RaftServerConfigKeys (ConfUtils.java:logGet(44)) - raft.server.watch.element-limit = 65536 (default)
2022-04-24 04:18:19,702 [9d71fcab-e36c-460d-857b-bb54f2584166@group-120C33CD41FC-LeaderElection42] INFO  server.RaftServerConfigKeys (ConfUtils.java:logGet(44)) - raft.server.write.element-limit = 1024 (custom)
2022-04-24 04:18:19,702 [9d71fcab-e36c-460d-857b-bb54f2584166@group-120C33CD41FC-LeaderElection42] INFO  server.RaftServerConfigKeys (ConfUtils.java:logGet(44)) - raft.server.write.follower.gap.ratio.max = -1.0 (default)
2022-04-24 04:18:19,702 [9d71fcab-e36c-460d-857b-bb54f2584166@group-120C33CD41FC-LeaderElection42] INFO  impl.RoleInfo (RoleInfo.java:updateAndGet(130)) - 9d71fcab-e36c-460d-857b-bb54f2584166: start 9d71fcab-e36c-460d-857b-bb54f2584166@group-120C33CD41FC-LeaderStateImpl
2022-04-24 04:18:19,702 [9d71fcab-e36c-460d-857b-bb54f2584166@group-120C33CD41FC-LeaderElection42] INFO  segmented.SegmentedRaftLogWorker (SegmentedRaftLogWorker.java:startLogSegment(394)) - 9d71fcab-e36c-460d-857b-bb54f2584166@group-120C33CD41FC-SegmentedRaftLogWorker: Starting segment from index:0
2022-04-24 04:18:19,751 [9d71fcab-e36c-460d-857b-bb54f2584166@group-120C33CD41FC-LeaderElection42] INFO  server.RaftServer$Division (ServerState.java:setRaftConf(387)) - 9d71fcab-e36c-460d-857b-bb54f2584166@group-120C33CD41FC: set configuration 0: [9d71fcab-e36c-460d-857b-bb54f2584166|rpc:10.1.0.15:37105|dataStream:|priority:1], old=null
2022-04-24 04:18:19,769 [9d71fcab-e36c-460d-857b-bb54f2584166@group-120C33CD41FC-SegmentedRaftLogWorker] INFO  segmented.SegmentedRaftLogWorker (SegmentedRaftLogWorker.java:execute(601)) - 9d71fcab-e36c-460d-857b-bb54f2584166@group-120C33CD41FC-SegmentedRaftLogWorker: created new log segment /home/runner/work/ozone/ozone/hadoop-ozone/integration-test/target/test-dir/MiniOzoneClusterImpl-db3b6155-0a61-4c23-9e75-9b22dbc84111/datanode-4/data/ratis/e9d24d29-b111-41f6-9527-120c33cd41fc/current/log_inprogress_0
]]></system-out>
  </testcase>
  <testcase name="testRenameToExistingDir" classname="TestOzoneFileSystem" time="0.059">
    <system-out><![CDATA[04:15:06.256 [IPC Server handler 3 on default port 38503] ERROR OMAudit - user=runner | ip=127.0.0.1 | op=LIST_STATUS {volume=volume87548, bucket=bucket21072, key=b/a, dataSize=0, replicationConfig=null} | ret=FAILURE
org.apache.hadoop.ozone.om.exceptions.OMException: Unable to get file status: volume: volume87548 bucket: bucket21072 key: b/a
	at org.apache.hadoop.ozone.om.KeyManagerImpl.getOzoneFileStatus(KeyManagerImpl.java:1280) ~[ozone-manager-1.3.0-SNAPSHOT.jar:?]
	at org.apache.hadoop.ozone.om.KeyManagerImpl.getFileStatus(KeyManagerImpl.java:1210) ~[ozone-manager-1.3.0-SNAPSHOT.jar:?]
	at org.apache.hadoop.ozone.om.KeyManagerImpl.listStatus(KeyManagerImpl.java:1513) ~[ozone-manager-1.3.0-SNAPSHOT.jar:?]
	at org.apache.hadoop.ozone.om.OzoneManager.listStatus(OzoneManager.java:3080) ~[ozone-manager-1.3.0-SNAPSHOT.jar:?]
	at org.apache.hadoop.ozone.protocolPB.OzoneManagerRequestHandler.listStatus(OzoneManagerRequestHandler.java:760) ~[ozone-manager-1.3.0-SNAPSHOT.jar:?]
	at org.apache.hadoop.ozone.protocolPB.OzoneManagerRequestHandler.handleReadRequest(OzoneManagerRequestHandler.java:212) ~[ozone-manager-1.3.0-SNAPSHOT.jar:?]
	at org.apache.hadoop.ozone.protocolPB.OzoneManagerProtocolServerSideTranslatorPB.submitReadRequestToOM(OzoneManagerProtocolServerSideTranslatorPB.java:213) ~[ozone-manager-1.3.0-SNAPSHOT.jar:?]
	at org.apache.hadoop.ozone.protocolPB.OzoneManagerProtocolServerSideTranslatorPB.processRequest(OzoneManagerProtocolServerSideTranslatorPB.java:174) ~[ozone-manager-1.3.0-SNAPSHOT.jar:?]
	at org.apache.hadoop.hdds.server.OzoneProtocolMessageDispatcher.processRequest(OzoneProtocolMessageDispatcher.java:87) [hdds-server-framework-1.3.0-SNAPSHOT.jar:?]
	at org.apache.hadoop.ozone.protocolPB.OzoneManagerProtocolServerSideTranslatorPB.submitRequest(OzoneManagerProtocolServerSideTranslatorPB.java:146) [ozone-manager-1.3.0-SNAPSHOT.jar:?]
	at org.apache.hadoop.ozone.protocol.proto.OzoneManagerProtocolProtos$OzoneManagerService$2.callBlockingMethod(OzoneManagerProtocolProtos.java) [ozone-interface-client-1.3.0-SNAPSHOT.jar:?]
	at org.apache.hadoop.ipc.ProtobufRpcEngine$Server.processCall(ProtobufRpcEngine.java:466) [hadoop-common-3.3.1.jar:?]
	at org.apache.hadoop.ipc.ProtobufRpcEngine2$Server$ProtoBufRpcInvoker.call(ProtobufRpcEngine2.java:574) [hadoop-common-3.3.1.jar:?]
	at org.apache.hadoop.ipc.ProtobufRpcEngine2$Server$ProtoBufRpcInvoker.call(ProtobufRpcEngine2.java:552) [hadoop-common-3.3.1.jar:?]
	at org.apache.hadoop.ipc.RPC$Server.call(RPC.java:1093) [hadoop-common-3.3.1.jar:?]
	at org.apache.hadoop.ipc.Server$RpcCall.run(Server.java:1035) [hadoop-common-3.3.1.jar:?]
	at org.apache.hadoop.ipc.Server$RpcCall.run(Server.java:963) [hadoop-common-3.3.1.jar:?]
	at java.security.AccessController.doPrivileged(Native Method) ~[?:1.8.0_322]
	at javax.security.auth.Subject.doAs(Subject.java:422) [?:1.8.0_322]
	at org.apache.hadoop.security.UserGroupInformation.doAs(UserGroupInformation.java:1878) [hadoop-common-3.3.1.jar:?]
	at org.apache.hadoop.ipc.Server$Handler.run(Server.java:2966) [hadoop-common-3.3.1.jar:?]
]]></system-out>
  </testcase>
  <testcase name="testRenameToExistingDir" classname="TestOzoneFileSystem" time="0.035">
    <system-out><![CDATA[04:16:12.821 [IPC Server handler 19 on default port 40137] ERROR OMAudit - user=runner | ip=127.0.0.1 | op=LIST_STATUS {volume=volume25603, bucket=bucket32835, key=b/a, dataSize=0, replicationConfig=null} | ret=FAILURE
org.apache.hadoop.ozone.om.exceptions.OMException: Unable to get file status: volume: volume25603 bucket: bucket32835 key: b/a
	at org.apache.hadoop.ozone.om.KeyManagerImpl.getOzoneFileStatus(KeyManagerImpl.java:1280) ~[ozone-manager-1.3.0-SNAPSHOT.jar:?]
	at org.apache.hadoop.ozone.om.KeyManagerImpl.getFileStatus(KeyManagerImpl.java:1210) ~[ozone-manager-1.3.0-SNAPSHOT.jar:?]
	at org.apache.hadoop.ozone.om.KeyManagerImpl.listStatus(KeyManagerImpl.java:1513) ~[ozone-manager-1.3.0-SNAPSHOT.jar:?]
	at org.apache.hadoop.ozone.om.OzoneManager.listStatus(OzoneManager.java:3080) ~[ozone-manager-1.3.0-SNAPSHOT.jar:?]
	at org.apache.hadoop.ozone.protocolPB.OzoneManagerRequestHandler.listStatus(OzoneManagerRequestHandler.java:760) ~[ozone-manager-1.3.0-SNAPSHOT.jar:?]
	at org.apache.hadoop.ozone.protocolPB.OzoneManagerRequestHandler.handleReadRequest(OzoneManagerRequestHandler.java:212) ~[ozone-manager-1.3.0-SNAPSHOT.jar:?]
	at org.apache.hadoop.ozone.protocolPB.OzoneManagerProtocolServerSideTranslatorPB.submitRequestDirectlyToOM(OzoneManagerProtocolServerSideTranslatorPB.java:271) ~[ozone-manager-1.3.0-SNAPSHOT.jar:?]
	at org.apache.hadoop.ozone.protocolPB.OzoneManagerProtocolServerSideTranslatorPB.processRequest(OzoneManagerProtocolServerSideTranslatorPB.java:195) ~[ozone-manager-1.3.0-SNAPSHOT.jar:?]
	at org.apache.hadoop.hdds.server.OzoneProtocolMessageDispatcher.processRequest(OzoneProtocolMessageDispatcher.java:87) [hdds-server-framework-1.3.0-SNAPSHOT.jar:?]
	at org.apache.hadoop.ozone.protocolPB.OzoneManagerProtocolServerSideTranslatorPB.submitRequest(OzoneManagerProtocolServerSideTranslatorPB.java:146) [ozone-manager-1.3.0-SNAPSHOT.jar:?]
	at org.apache.hadoop.ozone.protocol.proto.OzoneManagerProtocolProtos$OzoneManagerService$2.callBlockingMethod(OzoneManagerProtocolProtos.java) [ozone-interface-client-1.3.0-SNAPSHOT.jar:?]
	at org.apache.hadoop.ipc.ProtobufRpcEngine$Server.processCall(ProtobufRpcEngine.java:466) [hadoop-common-3.3.1.jar:?]
	at org.apache.hadoop.ipc.ProtobufRpcEngine2$Server$ProtoBufRpcInvoker.call(ProtobufRpcEngine2.java:574) [hadoop-common-3.3.1.jar:?]
	at org.apache.hadoop.ipc.ProtobufRpcEngine2$Server$ProtoBufRpcInvoker.call(ProtobufRpcEngine2.java:552) [hadoop-common-3.3.1.jar:?]
	at org.apache.hadoop.ipc.RPC$Server.call(RPC.java:1093) [hadoop-common-3.3.1.jar:?]
	at org.apache.hadoop.ipc.Server$RpcCall.run(Server.java:1035) [hadoop-common-3.3.1.jar:?]
	at org.apache.hadoop.ipc.Server$RpcCall.run(Server.java:963) [hadoop-common-3.3.1.jar:?]
	at java.security.AccessController.doPrivileged(Native Method) ~[?:1.8.0_322]
	at javax.security.auth.Subject.doAs(Subject.java:422) [?:1.8.0_322]
	at org.apache.hadoop.security.UserGroupInformation.doAs(UserGroupInformation.java:1878) [hadoop-common-3.3.1.jar:?]
	at org.apache.hadoop.ipc.Server$Handler.run(Server.java:2966) [hadoop-common-3.3.1.jar:?]
]]></system-out>
  </testcase>
  <testcase name="testRenameToExistingDir" classname="TestOzoneFileSystem" time="0.059">
    <system-out><![CDATA[04:17:09.837 [IPC Server handler 6 on default port 45981] ERROR OMAudit - user=runner | ip=127.0.0.1 | op=LIST_STATUS {volume=volume21477, bucket=bucket24700, key=b/a, dataSize=0, replicationConfig=null} | ret=FAILURE
org.apache.hadoop.ozone.om.exceptions.OMException: Unable to get file status: volume: volume21477 bucket: bucket24700 key: b/a
	at org.apache.hadoop.ozone.om.KeyManagerImpl.getOzoneFileStatus(KeyManagerImpl.java:1280) ~[ozone-manager-1.3.0-SNAPSHOT.jar:?]
	at org.apache.hadoop.ozone.om.KeyManagerImpl.getFileStatus(KeyManagerImpl.java:1210) ~[ozone-manager-1.3.0-SNAPSHOT.jar:?]
	at org.apache.hadoop.ozone.om.KeyManagerImpl.listStatus(KeyManagerImpl.java:1513) ~[ozone-manager-1.3.0-SNAPSHOT.jar:?]
	at org.apache.hadoop.ozone.om.OzoneManager.listStatus(OzoneManager.java:3080) ~[ozone-manager-1.3.0-SNAPSHOT.jar:?]
	at org.apache.hadoop.ozone.protocolPB.OzoneManagerRequestHandler.listStatus(OzoneManagerRequestHandler.java:760) ~[ozone-manager-1.3.0-SNAPSHOT.jar:?]
	at org.apache.hadoop.ozone.protocolPB.OzoneManagerRequestHandler.handleReadRequest(OzoneManagerRequestHandler.java:212) ~[ozone-manager-1.3.0-SNAPSHOT.jar:?]
	at org.apache.hadoop.ozone.protocolPB.OzoneManagerProtocolServerSideTranslatorPB.submitReadRequestToOM(OzoneManagerProtocolServerSideTranslatorPB.java:213) ~[ozone-manager-1.3.0-SNAPSHOT.jar:?]
	at org.apache.hadoop.ozone.protocolPB.OzoneManagerProtocolServerSideTranslatorPB.processRequest(OzoneManagerProtocolServerSideTranslatorPB.java:174) ~[ozone-manager-1.3.0-SNAPSHOT.jar:?]
	at org.apache.hadoop.hdds.server.OzoneProtocolMessageDispatcher.processRequest(OzoneProtocolMessageDispatcher.java:87) [hdds-server-framework-1.3.0-SNAPSHOT.jar:?]
	at org.apache.hadoop.ozone.protocolPB.OzoneManagerProtocolServerSideTranslatorPB.submitRequest(OzoneManagerProtocolServerSideTranslatorPB.java:146) [ozone-manager-1.3.0-SNAPSHOT.jar:?]
	at org.apache.hadoop.ozone.protocol.proto.OzoneManagerProtocolProtos$OzoneManagerService$2.callBlockingMethod(OzoneManagerProtocolProtos.java) [ozone-interface-client-1.3.0-SNAPSHOT.jar:?]
	at org.apache.hadoop.ipc.ProtobufRpcEngine$Server.processCall(ProtobufRpcEngine.java:466) [hadoop-common-3.3.1.jar:?]
	at org.apache.hadoop.ipc.ProtobufRpcEngine2$Server$ProtoBufRpcInvoker.call(ProtobufRpcEngine2.java:574) [hadoop-common-3.3.1.jar:?]
	at org.apache.hadoop.ipc.ProtobufRpcEngine2$Server$ProtoBufRpcInvoker.call(ProtobufRpcEngine2.java:552) [hadoop-common-3.3.1.jar:?]
	at org.apache.hadoop.ipc.RPC$Server.call(RPC.java:1093) [hadoop-common-3.3.1.jar:?]
	at org.apache.hadoop.ipc.Server$RpcCall.run(Server.java:1035) [hadoop-common-3.3.1.jar:?]
	at org.apache.hadoop.ipc.Server$RpcCall.run(Server.java:963) [hadoop-common-3.3.1.jar:?]
	at java.security.AccessController.doPrivileged(Native Method) ~[?:1.8.0_322]
	at javax.security.auth.Subject.doAs(Subject.java:422) [?:1.8.0_322]
	at org.apache.hadoop.security.UserGroupInformation.doAs(UserGroupInformation.java:1878) [hadoop-common-3.3.1.jar:?]
	at org.apache.hadoop.ipc.Server$Handler.run(Server.java:2966) [hadoop-common-3.3.1.jar:?]
]]></system-out>
  </testcase>
  <testcase name="testRenameToExistingDir" classname="TestOzoneFileSystem" time="0.085">
    <system-out><![CDATA[04:18:20.951 [IPC Server handler 10 on default port 37371] ERROR OMAudit - user=runner | ip=127.0.0.1 | op=LIST_STATUS {volume=volume22323, bucket=bucket47719, key=b/a, dataSize=0, replicationConfig=null} | ret=FAILURE
org.apache.hadoop.ozone.om.exceptions.OMException: Unable to get file status: volume: volume22323 bucket: bucket47719 key: b/a
	at org.apache.hadoop.ozone.om.KeyManagerImpl.getOzoneFileStatus(KeyManagerImpl.java:1280) ~[ozone-manager-1.3.0-SNAPSHOT.jar:?]
	at org.apache.hadoop.ozone.om.KeyManagerImpl.getFileStatus(KeyManagerImpl.java:1210) ~[ozone-manager-1.3.0-SNAPSHOT.jar:?]
	at org.apache.hadoop.ozone.om.KeyManagerImpl.listStatus(KeyManagerImpl.java:1513) ~[ozone-manager-1.3.0-SNAPSHOT.jar:?]
	at org.apache.hadoop.ozone.om.OzoneManager.listStatus(OzoneManager.java:3080) ~[ozone-manager-1.3.0-SNAPSHOT.jar:?]
	at org.apache.hadoop.ozone.protocolPB.OzoneManagerRequestHandler.listStatus(OzoneManagerRequestHandler.java:760) ~[ozone-manager-1.3.0-SNAPSHOT.jar:?]
	at org.apache.hadoop.ozone.protocolPB.OzoneManagerRequestHandler.handleReadRequest(OzoneManagerRequestHandler.java:212) ~[ozone-manager-1.3.0-SNAPSHOT.jar:?]
	at org.apache.hadoop.ozone.protocolPB.OzoneManagerProtocolServerSideTranslatorPB.submitRequestDirectlyToOM(OzoneManagerProtocolServerSideTranslatorPB.java:271) ~[ozone-manager-1.3.0-SNAPSHOT.jar:?]
	at org.apache.hadoop.ozone.protocolPB.OzoneManagerProtocolServerSideTranslatorPB.processRequest(OzoneManagerProtocolServerSideTranslatorPB.java:195) ~[ozone-manager-1.3.0-SNAPSHOT.jar:?]
	at org.apache.hadoop.hdds.server.OzoneProtocolMessageDispatcher.processRequest(OzoneProtocolMessageDispatcher.java:87) [hdds-server-framework-1.3.0-SNAPSHOT.jar:?]
	at org.apache.hadoop.ozone.protocolPB.OzoneManagerProtocolServerSideTranslatorPB.submitRequest(OzoneManagerProtocolServerSideTranslatorPB.java:146) [ozone-manager-1.3.0-SNAPSHOT.jar:?]
	at org.apache.hadoop.ozone.protocol.proto.OzoneManagerProtocolProtos$OzoneManagerService$2.callBlockingMethod(OzoneManagerProtocolProtos.java) [ozone-interface-client-1.3.0-SNAPSHOT.jar:?]
	at org.apache.hadoop.ipc.ProtobufRpcEngine$Server.processCall(ProtobufRpcEngine.java:466) [hadoop-common-3.3.1.jar:?]
	at org.apache.hadoop.ipc.ProtobufRpcEngine2$Server$ProtoBufRpcInvoker.call(ProtobufRpcEngine2.java:574) [hadoop-common-3.3.1.jar:?]
	at org.apache.hadoop.ipc.ProtobufRpcEngine2$Server$ProtoBufRpcInvoker.call(ProtobufRpcEngine2.java:552) [hadoop-common-3.3.1.jar:?]
	at org.apache.hadoop.ipc.RPC$Server.call(RPC.java:1093) [hadoop-common-3.3.1.jar:?]
	at org.apache.hadoop.ipc.Server$RpcCall.run(Server.java:1035) [hadoop-common-3.3.1.jar:?]
	at org.apache.hadoop.ipc.Server$RpcCall.run(Server.java:963) [hadoop-common-3.3.1.jar:?]
	at java.security.AccessController.doPrivileged(Native Method) ~[?:1.8.0_322]
	at javax.security.auth.Subject.doAs(Subject.java:422) [?:1.8.0_322]
	at org.apache.hadoop.security.UserGroupInformation.doAs(UserGroupInformation.java:1878) [hadoop-common-3.3.1.jar:?]
	at org.apache.hadoop.ipc.Server$Handler.run(Server.java:2966) [hadoop-common-3.3.1.jar:?]
]]></system-out>
  </testcase>
  <testcase name="testRenameDirToItsOwnSubDir" classname="TestOzoneFileSystem" time="0.022">
    <system-out><![CDATA[2022-04-24 04:15:06,299 [Time-limited test] INFO  ozone.TestOzoneFileSystem (TestOzoneFileSystem.java:testRenameDirToItsOwnSubDir(871)) - Created dir1 o3fs://bucket21072.volume87548/root/dir1/sub_dir1
2022-04-24 04:15:06,299 [Time-limited test] INFO  ozone.TestOzoneFileSystem (TestOzoneFileSystem.java:testRenameDirToItsOwnSubDir(874)) - Rename op-> source:o3fs://bucket21072.volume87548/root to destin:o3fs://bucket21072.volume87548/root/dir1/sub_dir1
]]></system-out>
  </testcase>
  <testcase name="testRenameDirToItsOwnSubDir" classname="TestOzoneFileSystem" time="0.012">
    <system-out><![CDATA[2022-04-24 04:16:12,841 [Time-limited test] INFO  ozone.TestOzoneFileSystem (TestOzoneFileSystem.java:testRenameDirToItsOwnSubDir(871)) - Created dir1 o3fs://bucket32835.volume25603/root/dir1/sub_dir1
2022-04-24 04:16:12,841 [Time-limited test] INFO  ozone.TestOzoneFileSystem (TestOzoneFileSystem.java:testRenameDirToItsOwnSubDir(874)) - Rename op-> source:o3fs://bucket32835.volume25603/root to destin:o3fs://bucket32835.volume25603/root/dir1/sub_dir1
]]></system-out>
  </testcase>
  <testcase name="testRenameDirToItsOwnSubDir" classname="TestOzoneFileSystem" time="0.041">
    <system-out><![CDATA[2022-04-24 04:17:09,905 [Time-limited test] INFO  ozone.TestOzoneFileSystem (TestOzoneFileSystem.java:testRenameDirToItsOwnSubDir(871)) - Created dir1 o3fs://bucket24700.volume21477/root/dir1/sub_dir1
2022-04-24 04:17:09,905 [Time-limited test] INFO  ozone.TestOzoneFileSystem (TestOzoneFileSystem.java:testRenameDirToItsOwnSubDir(874)) - Rename op-> source:o3fs://bucket24700.volume21477/root to destin:o3fs://bucket24700.volume21477/root/dir1/sub_dir1
]]></system-out>
  </testcase>
  <testcase name="testRenameDirToItsOwnSubDir" classname="TestOzoneFileSystem" time="0.032">
    <system-out><![CDATA[2022-04-24 04:18:21,001 [Time-limited test] INFO  ozone.TestOzoneFileSystem (TestOzoneFileSystem.java:testRenameDirToItsOwnSubDir(871)) - Created dir1 o3fs://bucket47719.volume22323/root/dir1/sub_dir1
2022-04-24 04:18:21,002 [Time-limited test] INFO  ozone.TestOzoneFileSystem (TestOzoneFileSystem.java:testRenameDirToItsOwnSubDir(874)) - Rename op-> source:o3fs://bucket47719.volume22323/root to destin:o3fs://bucket47719.volume22323/root/dir1/sub_dir1
]]></system-out>
  </testcase>
  <testcase name="testGetDirectoryModificationTime" classname="TestOzoneFileSystem" time="0.162"/>
  <testcase name="testGetDirectoryModificationTime" classname="TestOzoneFileSystem" time="0.127"/>
  <testcase name="testGetDirectoryModificationTime" classname="TestOzoneFileSystem" time="0.132"/>
  <testcase name="testGetDirectoryModificationTime" classname="TestOzoneFileSystem" time="0.145"/>
  <testcase name="testOzoneFsServiceLoader" classname="TestOzoneFileSystem" time="0.004"/>
  <testcase name="testOzoneFsServiceLoader" classname="TestOzoneFileSystem" time="0.006"/>
  <testcase name="testOzoneFsServiceLoader" classname="TestOzoneFileSystem" time="0.006"/>
  <testcase name="testOzoneFsServiceLoader" classname="TestOzoneFileSystem" time="0.027"/>
  <testcase name="testTrash" classname="TestOzoneFileSystem" time="4.09">
    <system-out><![CDATA[04:15:06.511 [IPC Server handler 12 on default port 38503] ERROR OMAudit - user=runner | ip=127.0.0.1 | op=GET_FILE_STATUS {volume=volume87548, bucket=bucket21072, key=.Trash/runner/Current/testKey2, dataSize=0, replicationConfig=null} | ret=FAILURE
org.apache.hadoop.ozone.om.exceptions.OMException: Unable to get file status: volume: volume87548 bucket: bucket21072 key: .Trash/runner/Current/testKey2
	at org.apache.hadoop.ozone.om.KeyManagerImpl.getOzoneFileStatus(KeyManagerImpl.java:1280) ~[ozone-manager-1.3.0-SNAPSHOT.jar:?]
	at org.apache.hadoop.ozone.om.KeyManagerImpl.getFileStatus(KeyManagerImpl.java:1210) ~[ozone-manager-1.3.0-SNAPSHOT.jar:?]
	at org.apache.hadoop.ozone.om.OzoneManager.getFileStatus(OzoneManager.java:3009) ~[ozone-manager-1.3.0-SNAPSHOT.jar:?]
	at org.apache.hadoop.ozone.protocolPB.OzoneManagerRequestHandler.getOzoneFileStatus(OzoneManagerRequestHandler.java:670) ~[ozone-manager-1.3.0-SNAPSHOT.jar:?]
	at org.apache.hadoop.ozone.protocolPB.OzoneManagerRequestHandler.handleReadRequest(OzoneManagerRequestHandler.java:201) ~[ozone-manager-1.3.0-SNAPSHOT.jar:?]
	at org.apache.hadoop.ozone.protocolPB.OzoneManagerProtocolServerSideTranslatorPB.submitReadRequestToOM(OzoneManagerProtocolServerSideTranslatorPB.java:213) ~[ozone-manager-1.3.0-SNAPSHOT.jar:?]
	at org.apache.hadoop.ozone.protocolPB.OzoneManagerProtocolServerSideTranslatorPB.processRequest(OzoneManagerProtocolServerSideTranslatorPB.java:174) ~[ozone-manager-1.3.0-SNAPSHOT.jar:?]
	at org.apache.hadoop.hdds.server.OzoneProtocolMessageDispatcher.processRequest(OzoneProtocolMessageDispatcher.java:87) [hdds-server-framework-1.3.0-SNAPSHOT.jar:?]
	at org.apache.hadoop.ozone.protocolPB.OzoneManagerProtocolServerSideTranslatorPB.submitRequest(OzoneManagerProtocolServerSideTranslatorPB.java:146) [ozone-manager-1.3.0-SNAPSHOT.jar:?]
	at org.apache.hadoop.ozone.protocol.proto.OzoneManagerProtocolProtos$OzoneManagerService$2.callBlockingMethod(OzoneManagerProtocolProtos.java) [ozone-interface-client-1.3.0-SNAPSHOT.jar:?]
	at org.apache.hadoop.ipc.ProtobufRpcEngine$Server.processCall(ProtobufRpcEngine.java:466) [hadoop-common-3.3.1.jar:?]
	at org.apache.hadoop.ipc.ProtobufRpcEngine2$Server$ProtoBufRpcInvoker.call(ProtobufRpcEngine2.java:574) [hadoop-common-3.3.1.jar:?]
	at org.apache.hadoop.ipc.ProtobufRpcEngine2$Server$ProtoBufRpcInvoker.call(ProtobufRpcEngine2.java:552) [hadoop-common-3.3.1.jar:?]
	at org.apache.hadoop.ipc.RPC$Server.call(RPC.java:1093) [hadoop-common-3.3.1.jar:?]
	at org.apache.hadoop.ipc.Server$RpcCall.run(Server.java:1035) [hadoop-common-3.3.1.jar:?]
	at org.apache.hadoop.ipc.Server$RpcCall.run(Server.java:963) [hadoop-common-3.3.1.jar:?]
	at java.security.AccessController.doPrivileged(Native Method) ~[?:1.8.0_322]
	at javax.security.auth.Subject.doAs(Subject.java:422) [?:1.8.0_322]
	at org.apache.hadoop.security.UserGroupInformation.doAs(UserGroupInformation.java:1878) [hadoop-common-3.3.1.jar:?]
	at org.apache.hadoop.ipc.Server$Handler.run(Server.java:2966) [hadoop-common-3.3.1.jar:?]
04:15:06.515 [IPC Server handler 14 on default port 38503] ERROR OMAudit - user=runner | ip=127.0.0.1 | op=GET_FILE_STATUS {volume=volume87548, bucket=bucket21072, key=.Trash/runner/Current/testKey2, dataSize=0, replicationConfig=null} | ret=FAILURE
org.apache.hadoop.ozone.om.exceptions.OMException: Unable to get file status: volume: volume87548 bucket: bucket21072 key: .Trash/runner/Current/testKey2
	at org.apache.hadoop.ozone.om.KeyManagerImpl.getOzoneFileStatus(KeyManagerImpl.java:1280) ~[ozone-manager-1.3.0-SNAPSHOT.jar:?]
	at org.apache.hadoop.ozone.om.KeyManagerImpl.getFileStatus(KeyManagerImpl.java:1210) ~[ozone-manager-1.3.0-SNAPSHOT.jar:?]
	at org.apache.hadoop.ozone.om.OzoneManager.getFileStatus(OzoneManager.java:3009) ~[ozone-manager-1.3.0-SNAPSHOT.jar:?]
	at org.apache.hadoop.ozone.protocolPB.OzoneManagerRequestHandler.getOzoneFileStatus(OzoneManagerRequestHandler.java:670) ~[ozone-manager-1.3.0-SNAPSHOT.jar:?]
	at org.apache.hadoop.ozone.protocolPB.OzoneManagerRequestHandler.handleReadRequest(OzoneManagerRequestHandler.java:201) ~[ozone-manager-1.3.0-SNAPSHOT.jar:?]
	at org.apache.hadoop.ozone.protocolPB.OzoneManagerProtocolServerSideTranslatorPB.submitReadRequestToOM(OzoneManagerProtocolServerSideTranslatorPB.java:213) ~[ozone-manager-1.3.0-SNAPSHOT.jar:?]
	at org.apache.hadoop.ozone.protocolPB.OzoneManagerProtocolServerSideTranslatorPB.processRequest(OzoneManagerProtocolServerSideTranslatorPB.java:174) ~[ozone-manager-1.3.0-SNAPSHOT.jar:?]
	at org.apache.hadoop.hdds.server.OzoneProtocolMessageDispatcher.processRequest(OzoneProtocolMessageDispatcher.java:87) [hdds-server-framework-1.3.0-SNAPSHOT.jar:?]
	at org.apache.hadoop.ozone.protocolPB.OzoneManagerProtocolServerSideTranslatorPB.submitRequest(OzoneManagerProtocolServerSideTranslatorPB.java:146) [ozone-manager-1.3.0-SNAPSHOT.jar:?]
	at org.apache.hadoop.ozone.protocol.proto.OzoneManagerProtocolProtos$OzoneManagerService$2.callBlockingMethod(OzoneManagerProtocolProtos.java) [ozone-interface-client-1.3.0-SNAPSHOT.jar:?]
	at org.apache.hadoop.ipc.ProtobufRpcEngine$Server.processCall(ProtobufRpcEngine.java:466) [hadoop-common-3.3.1.jar:?]
	at org.apache.hadoop.ipc.ProtobufRpcEngine2$Server$ProtoBufRpcInvoker.call(ProtobufRpcEngine2.java:574) [hadoop-common-3.3.1.jar:?]
	at org.apache.hadoop.ipc.ProtobufRpcEngine2$Server$ProtoBufRpcInvoker.call(ProtobufRpcEngine2.java:552) [hadoop-common-3.3.1.jar:?]
	at org.apache.hadoop.ipc.RPC$Server.call(RPC.java:1093) [hadoop-common-3.3.1.jar:?]
	at org.apache.hadoop.ipc.Server$RpcCall.run(Server.java:1035) [hadoop-common-3.3.1.jar:?]
	at org.apache.hadoop.ipc.Server$RpcCall.run(Server.java:963) [hadoop-common-3.3.1.jar:?]
	at java.security.AccessController.doPrivileged(Native Method) ~[?:1.8.0_322]
	at javax.security.auth.Subject.doAs(Subject.java:422) [?:1.8.0_322]
	at org.apache.hadoop.security.UserGroupInformation.doAs(UserGroupInformation.java:1878) [hadoop-common-3.3.1.jar:?]
	at org.apache.hadoop.ipc.Server$Handler.run(Server.java:2966) [hadoop-common-3.3.1.jar:?]
2022-04-24 04:15:06,526 [Time-limited test] INFO  fs.TrashPolicyDefault (TrashPolicyDefault.java:moveToTrash(188)) - Moved: '/testKey2' to trash at: /.Trash/runner/Current/testKey2
04:15:07.530 [IPC Server handler 4 on default port 38503] ERROR OMAudit - user=runner | ip=127.0.0.1 | op=GET_FILE_STATUS {volume=volume87548, bucket=bucket21072, key=.Trash/runner/Current/testKey2, dataSize=0, replicationConfig=null} | ret=FAILURE
org.apache.hadoop.ozone.om.exceptions.OMException: Unable to get file status: volume: volume87548 bucket: bucket21072 key: .Trash/runner/Current/testKey2
	at org.apache.hadoop.ozone.om.KeyManagerImpl.getOzoneFileStatus(KeyManagerImpl.java:1280) ~[ozone-manager-1.3.0-SNAPSHOT.jar:?]
	at org.apache.hadoop.ozone.om.KeyManagerImpl.getFileStatus(KeyManagerImpl.java:1210) ~[ozone-manager-1.3.0-SNAPSHOT.jar:?]
	at org.apache.hadoop.ozone.om.OzoneManager.getFileStatus(OzoneManager.java:3009) ~[ozone-manager-1.3.0-SNAPSHOT.jar:?]
	at org.apache.hadoop.ozone.protocolPB.OzoneManagerRequestHandler.getOzoneFileStatus(OzoneManagerRequestHandler.java:670) ~[ozone-manager-1.3.0-SNAPSHOT.jar:?]
	at org.apache.hadoop.ozone.protocolPB.OzoneManagerRequestHandler.handleReadRequest(OzoneManagerRequestHandler.java:201) ~[ozone-manager-1.3.0-SNAPSHOT.jar:?]
	at org.apache.hadoop.ozone.protocolPB.OzoneManagerProtocolServerSideTranslatorPB.submitReadRequestToOM(OzoneManagerProtocolServerSideTranslatorPB.java:213) ~[ozone-manager-1.3.0-SNAPSHOT.jar:?]
	at org.apache.hadoop.ozone.protocolPB.OzoneManagerProtocolServerSideTranslatorPB.processRequest(OzoneManagerProtocolServerSideTranslatorPB.java:174) ~[ozone-manager-1.3.0-SNAPSHOT.jar:?]
	at org.apache.hadoop.hdds.server.OzoneProtocolMessageDispatcher.processRequest(OzoneProtocolMessageDispatcher.java:87) [hdds-server-framework-1.3.0-SNAPSHOT.jar:?]
	at org.apache.hadoop.ozone.protocolPB.OzoneManagerProtocolServerSideTranslatorPB.submitRequest(OzoneManagerProtocolServerSideTranslatorPB.java:146) [ozone-manager-1.3.0-SNAPSHOT.jar:?]
	at org.apache.hadoop.ozone.protocol.proto.OzoneManagerProtocolProtos$OzoneManagerService$2.callBlockingMethod(OzoneManagerProtocolProtos.java) [ozone-interface-client-1.3.0-SNAPSHOT.jar:?]
	at org.apache.hadoop.ipc.ProtobufRpcEngine$Server.processCall(ProtobufRpcEngine.java:466) [hadoop-common-3.3.1.jar:?]
	at org.apache.hadoop.ipc.ProtobufRpcEngine2$Server$ProtoBufRpcInvoker.call(ProtobufRpcEngine2.java:574) [hadoop-common-3.3.1.jar:?]
	at org.apache.hadoop.ipc.ProtobufRpcEngine2$Server$ProtoBufRpcInvoker.call(ProtobufRpcEngine2.java:552) [hadoop-common-3.3.1.jar:?]
	at org.apache.hadoop.ipc.RPC$Server.call(RPC.java:1093) [hadoop-common-3.3.1.jar:?]
	at org.apache.hadoop.ipc.Server$RpcCall.run(Server.java:1035) [hadoop-common-3.3.1.jar:?]
	at org.apache.hadoop.ipc.Server$RpcCall.run(Server.java:963) [hadoop-common-3.3.1.jar:?]
	at java.security.AccessController.doPrivileged(Native Method) ~[?:1.8.0_322]
	at javax.security.auth.Subject.doAs(Subject.java:422) [?:1.8.0_322]
	at org.apache.hadoop.security.UserGroupInformation.doAs(UserGroupInformation.java:1878) [hadoop-common-3.3.1.jar:?]
	at org.apache.hadoop.ipc.Server$Handler.run(Server.java:2966) [hadoop-common-3.3.1.jar:?]
]]></system-out>
  </testcase>
  <testcase name="testTrash" classname="TestOzoneFileSystem" time="4.043">
    <system-out><![CDATA[04:16:12.997 [IPC Server handler 3 on default port 40137] ERROR OMAudit - user=runner | ip=127.0.0.1 | op=GET_FILE_STATUS {volume=volume25603, bucket=bucket32835, key=.Trash/runner/Current/testKey2, dataSize=0, replicationConfig=null} | ret=FAILURE
org.apache.hadoop.ozone.om.exceptions.OMException: Unable to get file status: volume: volume25603 bucket: bucket32835 key: .Trash/runner/Current/testKey2
	at org.apache.hadoop.ozone.om.KeyManagerImpl.getOzoneFileStatus(KeyManagerImpl.java:1280) ~[ozone-manager-1.3.0-SNAPSHOT.jar:?]
	at org.apache.hadoop.ozone.om.KeyManagerImpl.getFileStatus(KeyManagerImpl.java:1210) ~[ozone-manager-1.3.0-SNAPSHOT.jar:?]
	at org.apache.hadoop.ozone.om.OzoneManager.getFileStatus(OzoneManager.java:3009) ~[ozone-manager-1.3.0-SNAPSHOT.jar:?]
	at org.apache.hadoop.ozone.protocolPB.OzoneManagerRequestHandler.getOzoneFileStatus(OzoneManagerRequestHandler.java:670) ~[ozone-manager-1.3.0-SNAPSHOT.jar:?]
	at org.apache.hadoop.ozone.protocolPB.OzoneManagerRequestHandler.handleReadRequest(OzoneManagerRequestHandler.java:201) ~[ozone-manager-1.3.0-SNAPSHOT.jar:?]
	at org.apache.hadoop.ozone.protocolPB.OzoneManagerProtocolServerSideTranslatorPB.submitRequestDirectlyToOM(OzoneManagerProtocolServerSideTranslatorPB.java:271) ~[ozone-manager-1.3.0-SNAPSHOT.jar:?]
	at org.apache.hadoop.ozone.protocolPB.OzoneManagerProtocolServerSideTranslatorPB.processRequest(OzoneManagerProtocolServerSideTranslatorPB.java:195) ~[ozone-manager-1.3.0-SNAPSHOT.jar:?]
	at org.apache.hadoop.hdds.server.OzoneProtocolMessageDispatcher.processRequest(OzoneProtocolMessageDispatcher.java:87) [hdds-server-framework-1.3.0-SNAPSHOT.jar:?]
	at org.apache.hadoop.ozone.protocolPB.OzoneManagerProtocolServerSideTranslatorPB.submitRequest(OzoneManagerProtocolServerSideTranslatorPB.java:146) [ozone-manager-1.3.0-SNAPSHOT.jar:?]
	at org.apache.hadoop.ozone.protocol.proto.OzoneManagerProtocolProtos$OzoneManagerService$2.callBlockingMethod(OzoneManagerProtocolProtos.java) [ozone-interface-client-1.3.0-SNAPSHOT.jar:?]
	at org.apache.hadoop.ipc.ProtobufRpcEngine$Server.processCall(ProtobufRpcEngine.java:466) [hadoop-common-3.3.1.jar:?]
	at org.apache.hadoop.ipc.ProtobufRpcEngine2$Server$ProtoBufRpcInvoker.call(ProtobufRpcEngine2.java:574) [hadoop-common-3.3.1.jar:?]
	at org.apache.hadoop.ipc.ProtobufRpcEngine2$Server$ProtoBufRpcInvoker.call(ProtobufRpcEngine2.java:552) [hadoop-common-3.3.1.jar:?]
	at org.apache.hadoop.ipc.RPC$Server.call(RPC.java:1093) [hadoop-common-3.3.1.jar:?]
	at org.apache.hadoop.ipc.Server$RpcCall.run(Server.java:1035) [hadoop-common-3.3.1.jar:?]
	at org.apache.hadoop.ipc.Server$RpcCall.run(Server.java:963) [hadoop-common-3.3.1.jar:?]
	at java.security.AccessController.doPrivileged(Native Method) ~[?:1.8.0_322]
	at javax.security.auth.Subject.doAs(Subject.java:422) [?:1.8.0_322]
	at org.apache.hadoop.security.UserGroupInformation.doAs(UserGroupInformation.java:1878) [hadoop-common-3.3.1.jar:?]
	at org.apache.hadoop.ipc.Server$Handler.run(Server.java:2966) [hadoop-common-3.3.1.jar:?]
04:16:12.999 [IPC Server handler 1 on default port 40137] ERROR OMAudit - user=runner | ip=127.0.0.1 | op=GET_FILE_STATUS {volume=volume25603, bucket=bucket32835, key=.Trash/runner/Current/testKey2, dataSize=0, replicationConfig=null} | ret=FAILURE
org.apache.hadoop.ozone.om.exceptions.OMException: Unable to get file status: volume: volume25603 bucket: bucket32835 key: .Trash/runner/Current/testKey2
	at org.apache.hadoop.ozone.om.KeyManagerImpl.getOzoneFileStatus(KeyManagerImpl.java:1280) ~[ozone-manager-1.3.0-SNAPSHOT.jar:?]
	at org.apache.hadoop.ozone.om.KeyManagerImpl.getFileStatus(KeyManagerImpl.java:1210) ~[ozone-manager-1.3.0-SNAPSHOT.jar:?]
	at org.apache.hadoop.ozone.om.OzoneManager.getFileStatus(OzoneManager.java:3009) ~[ozone-manager-1.3.0-SNAPSHOT.jar:?]
	at org.apache.hadoop.ozone.protocolPB.OzoneManagerRequestHandler.getOzoneFileStatus(OzoneManagerRequestHandler.java:670) ~[ozone-manager-1.3.0-SNAPSHOT.jar:?]
	at org.apache.hadoop.ozone.protocolPB.OzoneManagerRequestHandler.handleReadRequest(OzoneManagerRequestHandler.java:201) ~[ozone-manager-1.3.0-SNAPSHOT.jar:?]
	at org.apache.hadoop.ozone.protocolPB.OzoneManagerProtocolServerSideTranslatorPB.submitRequestDirectlyToOM(OzoneManagerProtocolServerSideTranslatorPB.java:271) ~[ozone-manager-1.3.0-SNAPSHOT.jar:?]
	at org.apache.hadoop.ozone.protocolPB.OzoneManagerProtocolServerSideTranslatorPB.processRequest(OzoneManagerProtocolServerSideTranslatorPB.java:195) ~[ozone-manager-1.3.0-SNAPSHOT.jar:?]
	at org.apache.hadoop.hdds.server.OzoneProtocolMessageDispatcher.processRequest(OzoneProtocolMessageDispatcher.java:87) [hdds-server-framework-1.3.0-SNAPSHOT.jar:?]
	at org.apache.hadoop.ozone.protocolPB.OzoneManagerProtocolServerSideTranslatorPB.submitRequest(OzoneManagerProtocolServerSideTranslatorPB.java:146) [ozone-manager-1.3.0-SNAPSHOT.jar:?]
	at org.apache.hadoop.ozone.protocol.proto.OzoneManagerProtocolProtos$OzoneManagerService$2.callBlockingMethod(OzoneManagerProtocolProtos.java) [ozone-interface-client-1.3.0-SNAPSHOT.jar:?]
	at org.apache.hadoop.ipc.ProtobufRpcEngine$Server.processCall(ProtobufRpcEngine.java:466) [hadoop-common-3.3.1.jar:?]
	at org.apache.hadoop.ipc.ProtobufRpcEngine2$Server$ProtoBufRpcInvoker.call(ProtobufRpcEngine2.java:574) [hadoop-common-3.3.1.jar:?]
	at org.apache.hadoop.ipc.ProtobufRpcEngine2$Server$ProtoBufRpcInvoker.call(ProtobufRpcEngine2.java:552) [hadoop-common-3.3.1.jar:?]
	at org.apache.hadoop.ipc.RPC$Server.call(RPC.java:1093) [hadoop-common-3.3.1.jar:?]
	at org.apache.hadoop.ipc.Server$RpcCall.run(Server.java:1035) [hadoop-common-3.3.1.jar:?]
	at org.apache.hadoop.ipc.Server$RpcCall.run(Server.java:963) [hadoop-common-3.3.1.jar:?]
	at java.security.AccessController.doPrivileged(Native Method) ~[?:1.8.0_322]
	at javax.security.auth.Subject.doAs(Subject.java:422) [?:1.8.0_322]
	at org.apache.hadoop.security.UserGroupInformation.doAs(UserGroupInformation.java:1878) [hadoop-common-3.3.1.jar:?]
	at org.apache.hadoop.ipc.Server$Handler.run(Server.java:2966) [hadoop-common-3.3.1.jar:?]
2022-04-24 04:16:13,003 [Time-limited test] INFO  fs.TrashPolicyDefault (TrashPolicyDefault.java:moveToTrash(188)) - Moved: '/testKey2' to trash at: /.Trash/runner/Current/testKey2
04:16:14.005 [IPC Server handler 12 on default port 40137] ERROR OMAudit - user=runner | ip=127.0.0.1 | op=GET_FILE_STATUS {volume=volume25603, bucket=bucket32835, key=.Trash/runner/Current/testKey2, dataSize=0, replicationConfig=null} | ret=FAILURE
org.apache.hadoop.ozone.om.exceptions.OMException: Unable to get file status: volume: volume25603 bucket: bucket32835 key: .Trash/runner/Current/testKey2
	at org.apache.hadoop.ozone.om.KeyManagerImpl.getOzoneFileStatus(KeyManagerImpl.java:1280) ~[ozone-manager-1.3.0-SNAPSHOT.jar:?]
	at org.apache.hadoop.ozone.om.KeyManagerImpl.getFileStatus(KeyManagerImpl.java:1210) ~[ozone-manager-1.3.0-SNAPSHOT.jar:?]
	at org.apache.hadoop.ozone.om.OzoneManager.getFileStatus(OzoneManager.java:3009) ~[ozone-manager-1.3.0-SNAPSHOT.jar:?]
	at org.apache.hadoop.ozone.protocolPB.OzoneManagerRequestHandler.getOzoneFileStatus(OzoneManagerRequestHandler.java:670) ~[ozone-manager-1.3.0-SNAPSHOT.jar:?]
	at org.apache.hadoop.ozone.protocolPB.OzoneManagerRequestHandler.handleReadRequest(OzoneManagerRequestHandler.java:201) ~[ozone-manager-1.3.0-SNAPSHOT.jar:?]
	at org.apache.hadoop.ozone.protocolPB.OzoneManagerProtocolServerSideTranslatorPB.submitRequestDirectlyToOM(OzoneManagerProtocolServerSideTranslatorPB.java:271) ~[ozone-manager-1.3.0-SNAPSHOT.jar:?]
	at org.apache.hadoop.ozone.protocolPB.OzoneManagerProtocolServerSideTranslatorPB.processRequest(OzoneManagerProtocolServerSideTranslatorPB.java:195) ~[ozone-manager-1.3.0-SNAPSHOT.jar:?]
	at org.apache.hadoop.hdds.server.OzoneProtocolMessageDispatcher.processRequest(OzoneProtocolMessageDispatcher.java:87) [hdds-server-framework-1.3.0-SNAPSHOT.jar:?]
	at org.apache.hadoop.ozone.protocolPB.OzoneManagerProtocolServerSideTranslatorPB.submitRequest(OzoneManagerProtocolServerSideTranslatorPB.java:146) [ozone-manager-1.3.0-SNAPSHOT.jar:?]
	at org.apache.hadoop.ozone.protocol.proto.OzoneManagerProtocolProtos$OzoneManagerService$2.callBlockingMethod(OzoneManagerProtocolProtos.java) [ozone-interface-client-1.3.0-SNAPSHOT.jar:?]
	at org.apache.hadoop.ipc.ProtobufRpcEngine$Server.processCall(ProtobufRpcEngine.java:466) [hadoop-common-3.3.1.jar:?]
	at org.apache.hadoop.ipc.ProtobufRpcEngine2$Server$ProtoBufRpcInvoker.call(ProtobufRpcEngine2.java:574) [hadoop-common-3.3.1.jar:?]
	at org.apache.hadoop.ipc.ProtobufRpcEngine2$Server$ProtoBufRpcInvoker.call(ProtobufRpcEngine2.java:552) [hadoop-common-3.3.1.jar:?]
	at org.apache.hadoop.ipc.RPC$Server.call(RPC.java:1093) [hadoop-common-3.3.1.jar:?]
	at org.apache.hadoop.ipc.Server$RpcCall.run(Server.java:1035) [hadoop-common-3.3.1.jar:?]
	at org.apache.hadoop.ipc.Server$RpcCall.run(Server.java:963) [hadoop-common-3.3.1.jar:?]
	at java.security.AccessController.doPrivileged(Native Method) ~[?:1.8.0_322]
	at javax.security.auth.Subject.doAs(Subject.java:422) [?:1.8.0_322]
	at org.apache.hadoop.security.UserGroupInformation.doAs(UserGroupInformation.java:1878) [hadoop-common-3.3.1.jar:?]
	at org.apache.hadoop.ipc.Server$Handler.run(Server.java:2966) [hadoop-common-3.3.1.jar:?]
2022-04-24 04:16:15,275 [862c3159-621e-4808-8fb5-192a2fed7743@group-3FEA44E64FBE-FollowerState] INFO  impl.FollowerState (FollowerState.java:run(134)) - 862c3159-621e-4808-8fb5-192a2fed7743@group-3FEA44E64FBE-FollowerState: change to CANDIDATE, lastRpcElapsedTime:5074665559ns, electionTimeout:5074ms
2022-04-24 04:16:15,277 [862c3159-621e-4808-8fb5-192a2fed7743@group-3FEA44E64FBE-FollowerState] INFO  impl.RoleInfo (RoleInfo.java:shutdownFollowerState(108)) - 862c3159-621e-4808-8fb5-192a2fed7743: shutdown 862c3159-621e-4808-8fb5-192a2fed7743@group-3FEA44E64FBE-FollowerState
2022-04-24 04:16:15,277 [862c3159-621e-4808-8fb5-192a2fed7743@group-3FEA44E64FBE-FollowerState] INFO  server.RaftServer$Division (RaftServerImpl.java:setRole(290)) - 862c3159-621e-4808-8fb5-192a2fed7743@group-3FEA44E64FBE: changes role from  FOLLOWER to CANDIDATE at term 1 for changeToCandidate
2022-04-24 04:16:15,278 [862c3159-621e-4808-8fb5-192a2fed7743@group-3FEA44E64FBE-FollowerState] INFO  server.RaftServerConfigKeys (ConfUtils.java:logGet(44)) - raft.server.leaderelection.pre-vote = false (custom)
2022-04-24 04:16:15,278 [862c3159-621e-4808-8fb5-192a2fed7743@group-3FEA44E64FBE-FollowerState] INFO  impl.RoleInfo (RoleInfo.java:updateAndGet(130)) - 862c3159-621e-4808-8fb5-192a2fed7743: start 862c3159-621e-4808-8fb5-192a2fed7743@group-3FEA44E64FBE-LeaderElection18
2022-04-24 04:16:15,317 [862c3159-621e-4808-8fb5-192a2fed7743@group-3FEA44E64FBE-LeaderElection18] INFO  impl.LeaderElection (LeaderElection.java:askForVotes(306)) - 862c3159-621e-4808-8fb5-192a2fed7743@group-3FEA44E64FBE-LeaderElection18 ELECTION round 0: submit vote requests at term 2 for -1: [1de514c8-4282-4370-a982-a3c391975046|rpc:10.1.0.15:35459|priority:0, 895edd85-c017-4033-b7e9-810222bcedda|rpc:10.1.0.15:44303|priority:1, 862c3159-621e-4808-8fb5-192a2fed7743|rpc:10.1.0.15:38757|priority:0], old=null
2022-04-24 04:16:15,339 [grpc-default-executor-0] INFO  server.RaftServer$Division (RaftServerImpl.java:requestVote(1046)) - 1de514c8-4282-4370-a982-a3c391975046@group-3FEA44E64FBE: receive requestVote(ELECTION, 862c3159-621e-4808-8fb5-192a2fed7743, group-3FEA44E64FBE, 2, (t:0, i:0))
2022-04-24 04:16:15,339 [grpc-default-executor-0] INFO  impl.VoteContext (VoteContext.java:log(48)) - 1de514c8-4282-4370-a982-a3c391975046@group-3FEA44E64FBE-FOLLOWER: accept ELECTION from 862c3159-621e-4808-8fb5-192a2fed7743: our priority 0 <= candidate's priority 0
2022-04-24 04:16:15,340 [grpc-default-executor-0] INFO  server.RaftServer$Division (RaftServerImpl.java:setRole(290)) - 1de514c8-4282-4370-a982-a3c391975046@group-3FEA44E64FBE: changes role from  FOLLOWER to FOLLOWER at term 2 for candidate:862c3159-621e-4808-8fb5-192a2fed7743
2022-04-24 04:16:15,340 [grpc-default-executor-0] INFO  impl.RoleInfo (RoleInfo.java:shutdownFollowerState(108)) - 1de514c8-4282-4370-a982-a3c391975046: shutdown 1de514c8-4282-4370-a982-a3c391975046@group-3FEA44E64FBE-FollowerState
2022-04-24 04:16:15,340 [grpc-default-executor-0] INFO  impl.RoleInfo (RoleInfo.java:updateAndGet(130)) - 1de514c8-4282-4370-a982-a3c391975046: start 1de514c8-4282-4370-a982-a3c391975046@group-3FEA44E64FBE-FollowerState
2022-04-24 04:16:15,340 [1de514c8-4282-4370-a982-a3c391975046@group-3FEA44E64FBE-FollowerState] INFO  impl.FollowerState (FollowerState.java:run(143)) - 1de514c8-4282-4370-a982-a3c391975046@group-3FEA44E64FBE-FollowerState was interrupted: {}
java.lang.InterruptedException: sleep interrupted
	at java.lang.Thread.sleep(Native Method)
	at java.lang.Thread.sleep(Thread.java:342)
	at java.util.concurrent.TimeUnit.sleep(TimeUnit.java:386)
	at org.apache.ratis.util.TimeDuration.sleep(TimeDuration.java:324)
	at org.apache.ratis.util.TimeDuration.sleep(TimeDuration.java:309)
	at org.apache.ratis.server.impl.FollowerState.run(FollowerState.java:118)
2022-04-24 04:16:15,345 [895edd85-c017-4033-b7e9-810222bcedda@group-3FEA44E64FBE-FollowerState] INFO  impl.FollowerState (FollowerState.java:run(134)) - 895edd85-c017-4033-b7e9-810222bcedda@group-3FEA44E64FBE-FollowerState: change to CANDIDATE, lastRpcElapsedTime:5158334003ns, electionTimeout:5139ms
2022-04-24 04:16:15,345 [895edd85-c017-4033-b7e9-810222bcedda@group-3FEA44E64FBE-FollowerState] INFO  impl.RoleInfo (RoleInfo.java:shutdownFollowerState(108)) - 895edd85-c017-4033-b7e9-810222bcedda: shutdown 895edd85-c017-4033-b7e9-810222bcedda@group-3FEA44E64FBE-FollowerState
2022-04-24 04:16:15,346 [895edd85-c017-4033-b7e9-810222bcedda@group-3FEA44E64FBE-FollowerState] INFO  server.RaftServer$Division (RaftServerImpl.java:setRole(290)) - 895edd85-c017-4033-b7e9-810222bcedda@group-3FEA44E64FBE: changes role from  FOLLOWER to CANDIDATE at term 1 for changeToCandidate
2022-04-24 04:16:15,346 [895edd85-c017-4033-b7e9-810222bcedda@group-3FEA44E64FBE-FollowerState] INFO  server.RaftServerConfigKeys (ConfUtils.java:logGet(44)) - raft.server.leaderelection.pre-vote = false (custom)
2022-04-24 04:16:15,346 [895edd85-c017-4033-b7e9-810222bcedda@group-3FEA44E64FBE-FollowerState] INFO  impl.RoleInfo (RoleInfo.java:updateAndGet(130)) - 895edd85-c017-4033-b7e9-810222bcedda: start 895edd85-c017-4033-b7e9-810222bcedda@group-3FEA44E64FBE-LeaderElection19
2022-04-24 04:16:15,348 [grpc-default-executor-0] INFO  server.RaftServer$Division (RaftServerImpl.java:requestVote(1078)) - 1de514c8-4282-4370-a982-a3c391975046@group-3FEA44E64FBE replies to ELECTION vote request: 862c3159-621e-4808-8fb5-192a2fed7743<-1de514c8-4282-4370-a982-a3c391975046#0:OK-t2. Peer's state: 1de514c8-4282-4370-a982-a3c391975046@group-3FEA44E64FBE:t2, leader=null, voted=862c3159-621e-4808-8fb5-192a2fed7743, raftlog=1de514c8-4282-4370-a982-a3c391975046@group-3FEA44E64FBE-SegmentedRaftLog:OPENED:c-1, conf=-1: [1de514c8-4282-4370-a982-a3c391975046|rpc:10.1.0.15:35459|dataStream:|priority:0, 895edd85-c017-4033-b7e9-810222bcedda|rpc:10.1.0.15:44303|dataStream:|priority:1, 862c3159-621e-4808-8fb5-192a2fed7743|rpc:10.1.0.15:38757|dataStream:|priority:0], old=null
2022-04-24 04:16:15,353 [grpc-default-executor-1] INFO  server.RaftServer$Division (RaftServerImpl.java:requestVote(1046)) - 895edd85-c017-4033-b7e9-810222bcedda@group-3FEA44E64FBE: receive requestVote(ELECTION, 862c3159-621e-4808-8fb5-192a2fed7743, group-3FEA44E64FBE, 2, (t:0, i:0))
2022-04-24 04:16:15,354 [grpc-default-executor-1] INFO  impl.VoteContext (VoteContext.java:log(48)) - 895edd85-c017-4033-b7e9-810222bcedda@group-3FEA44E64FBE-CANDIDATE: reject ELECTION from 862c3159-621e-4808-8fb5-192a2fed7743: our priority 1 > candidate's priority 0
2022-04-24 04:16:15,354 [grpc-default-executor-1] INFO  server.RaftServer$Division (RaftServerImpl.java:setRole(290)) - 895edd85-c017-4033-b7e9-810222bcedda@group-3FEA44E64FBE: changes role from CANDIDATE to FOLLOWER at term 2 for candidate:862c3159-621e-4808-8fb5-192a2fed7743
2022-04-24 04:16:15,354 [grpc-default-executor-1] INFO  impl.RoleInfo (RoleInfo.java:shutdownLeaderElection(121)) - 895edd85-c017-4033-b7e9-810222bcedda: shutdown 895edd85-c017-4033-b7e9-810222bcedda@group-3FEA44E64FBE-LeaderElection19
2022-04-24 04:16:15,354 [grpc-default-executor-1] INFO  impl.RoleInfo (RoleInfo.java:updateAndGet(130)) - 895edd85-c017-4033-b7e9-810222bcedda: start 895edd85-c017-4033-b7e9-810222bcedda@group-3FEA44E64FBE-FollowerState
2022-04-24 04:16:15,356 [grpc-default-executor-1] INFO  server.RaftServer$Division (RaftServerImpl.java:requestVote(1078)) - 895edd85-c017-4033-b7e9-810222bcedda@group-3FEA44E64FBE replies to ELECTION vote request: 862c3159-621e-4808-8fb5-192a2fed7743<-895edd85-c017-4033-b7e9-810222bcedda#0:FAIL-t2. Peer's state: 895edd85-c017-4033-b7e9-810222bcedda@group-3FEA44E64FBE:t2, leader=null, voted=null, raftlog=895edd85-c017-4033-b7e9-810222bcedda@group-3FEA44E64FBE-SegmentedRaftLog:OPENED:c-1, conf=-1: [1de514c8-4282-4370-a982-a3c391975046|rpc:10.1.0.15:35459|dataStream:|priority:0, 895edd85-c017-4033-b7e9-810222bcedda|rpc:10.1.0.15:44303|dataStream:|priority:1, 862c3159-621e-4808-8fb5-192a2fed7743|rpc:10.1.0.15:38757|dataStream:|priority:0], old=null
2022-04-24 04:16:15,360 [862c3159-621e-4808-8fb5-192a2fed7743@group-3FEA44E64FBE-LeaderElection18] INFO  impl.LeaderElection (LeaderElection.java:logAndReturn(89)) - 862c3159-621e-4808-8fb5-192a2fed7743@group-3FEA44E64FBE-LeaderElection18: ELECTION REJECTED received 2 response(s) and 0 exception(s):
2022-04-24 04:16:15,362 [862c3159-621e-4808-8fb5-192a2fed7743@group-3FEA44E64FBE-LeaderElection18] INFO  impl.LeaderElection (LeaderElection.java:logAndReturn(93)) -   Response 0: 862c3159-621e-4808-8fb5-192a2fed7743<-1de514c8-4282-4370-a982-a3c391975046#0:OK-t2
2022-04-24 04:16:15,362 [862c3159-621e-4808-8fb5-192a2fed7743@group-3FEA44E64FBE-LeaderElection18] INFO  impl.LeaderElection (LeaderElection.java:logAndReturn(93)) -   Response 1: 862c3159-621e-4808-8fb5-192a2fed7743<-895edd85-c017-4033-b7e9-810222bcedda#0:FAIL-t2
2022-04-24 04:16:15,362 [862c3159-621e-4808-8fb5-192a2fed7743@group-3FEA44E64FBE-LeaderElection18] INFO  impl.LeaderElection (LeaderElection.java:askForVotes(308)) - 862c3159-621e-4808-8fb5-192a2fed7743@group-3FEA44E64FBE-LeaderElection18 ELECTION round 0: result REJECTED
2022-04-24 04:16:15,362 [862c3159-621e-4808-8fb5-192a2fed7743@group-3FEA44E64FBE-LeaderElection18] INFO  server.RaftServer$Division (RaftServerImpl.java:setRole(290)) - 862c3159-621e-4808-8fb5-192a2fed7743@group-3FEA44E64FBE: changes role from CANDIDATE to FOLLOWER at term 2 for REJECTED
2022-04-24 04:16:15,362 [862c3159-621e-4808-8fb5-192a2fed7743@group-3FEA44E64FBE-LeaderElection18] INFO  impl.RoleInfo (RoleInfo.java:shutdownLeaderElection(121)) - 862c3159-621e-4808-8fb5-192a2fed7743: shutdown 862c3159-621e-4808-8fb5-192a2fed7743@group-3FEA44E64FBE-LeaderElection18
2022-04-24 04:16:15,362 [862c3159-621e-4808-8fb5-192a2fed7743@group-3FEA44E64FBE-LeaderElection18] INFO  impl.RoleInfo (RoleInfo.java:updateAndGet(130)) - 862c3159-621e-4808-8fb5-192a2fed7743: start 862c3159-621e-4808-8fb5-192a2fed7743@group-3FEA44E64FBE-FollowerState
2022-04-24 04:16:15,373 [895edd85-c017-4033-b7e9-810222bcedda@group-3FEA44E64FBE-LeaderElection19] INFO  impl.LeaderElection (LeaderElection.java:run(230)) - 895edd85-c017-4033-b7e9-810222bcedda@group-3FEA44E64FBE-LeaderElection19: skip running since this is already CLOSING
]]></system-out>
  </testcase>
  <testcase name="testTrash" classname="TestOzoneFileSystem" time="4.064">
    <system-out><![CDATA[04:17:10.090 [IPC Server handler 18 on default port 45981] ERROR OMAudit - user=runner | ip=127.0.0.1 | op=GET_FILE_STATUS {volume=volume21477, bucket=bucket24700, key=.Trash/runner/Current/testKey2, dataSize=0, replicationConfig=null} | ret=FAILURE
org.apache.hadoop.ozone.om.exceptions.OMException: Unable to get file status: volume: volume21477 bucket: bucket24700 key: .Trash/runner/Current/testKey2
	at org.apache.hadoop.ozone.om.KeyManagerImpl.getOzoneFileStatus(KeyManagerImpl.java:1280) ~[ozone-manager-1.3.0-SNAPSHOT.jar:?]
	at org.apache.hadoop.ozone.om.KeyManagerImpl.getFileStatus(KeyManagerImpl.java:1210) ~[ozone-manager-1.3.0-SNAPSHOT.jar:?]
	at org.apache.hadoop.ozone.om.OzoneManager.getFileStatus(OzoneManager.java:3009) ~[ozone-manager-1.3.0-SNAPSHOT.jar:?]
	at org.apache.hadoop.ozone.protocolPB.OzoneManagerRequestHandler.getOzoneFileStatus(OzoneManagerRequestHandler.java:670) ~[ozone-manager-1.3.0-SNAPSHOT.jar:?]
	at org.apache.hadoop.ozone.protocolPB.OzoneManagerRequestHandler.handleReadRequest(OzoneManagerRequestHandler.java:201) ~[ozone-manager-1.3.0-SNAPSHOT.jar:?]
	at org.apache.hadoop.ozone.protocolPB.OzoneManagerProtocolServerSideTranslatorPB.submitReadRequestToOM(OzoneManagerProtocolServerSideTranslatorPB.java:213) ~[ozone-manager-1.3.0-SNAPSHOT.jar:?]
	at org.apache.hadoop.ozone.protocolPB.OzoneManagerProtocolServerSideTranslatorPB.processRequest(OzoneManagerProtocolServerSideTranslatorPB.java:174) ~[ozone-manager-1.3.0-SNAPSHOT.jar:?]
	at org.apache.hadoop.hdds.server.OzoneProtocolMessageDispatcher.processRequest(OzoneProtocolMessageDispatcher.java:87) [hdds-server-framework-1.3.0-SNAPSHOT.jar:?]
	at org.apache.hadoop.ozone.protocolPB.OzoneManagerProtocolServerSideTranslatorPB.submitRequest(OzoneManagerProtocolServerSideTranslatorPB.java:146) [ozone-manager-1.3.0-SNAPSHOT.jar:?]
	at org.apache.hadoop.ozone.protocol.proto.OzoneManagerProtocolProtos$OzoneManagerService$2.callBlockingMethod(OzoneManagerProtocolProtos.java) [ozone-interface-client-1.3.0-SNAPSHOT.jar:?]
	at org.apache.hadoop.ipc.ProtobufRpcEngine$Server.processCall(ProtobufRpcEngine.java:466) [hadoop-common-3.3.1.jar:?]
	at org.apache.hadoop.ipc.ProtobufRpcEngine2$Server$ProtoBufRpcInvoker.call(ProtobufRpcEngine2.java:574) [hadoop-common-3.3.1.jar:?]
	at org.apache.hadoop.ipc.ProtobufRpcEngine2$Server$ProtoBufRpcInvoker.call(ProtobufRpcEngine2.java:552) [hadoop-common-3.3.1.jar:?]
	at org.apache.hadoop.ipc.RPC$Server.call(RPC.java:1093) [hadoop-common-3.3.1.jar:?]
	at org.apache.hadoop.ipc.Server$RpcCall.run(Server.java:1035) [hadoop-common-3.3.1.jar:?]
	at org.apache.hadoop.ipc.Server$RpcCall.run(Server.java:963) [hadoop-common-3.3.1.jar:?]
	at java.security.AccessController.doPrivileged(Native Method) ~[?:1.8.0_322]
	at javax.security.auth.Subject.doAs(Subject.java:422) [?:1.8.0_322]
	at org.apache.hadoop.security.UserGroupInformation.doAs(UserGroupInformation.java:1878) [hadoop-common-3.3.1.jar:?]
	at org.apache.hadoop.ipc.Server$Handler.run(Server.java:2966) [hadoop-common-3.3.1.jar:?]
04:17:10.091 [IPC Server handler 14 on default port 45981] ERROR OMAudit - user=runner | ip=127.0.0.1 | op=GET_FILE_STATUS {volume=volume21477, bucket=bucket24700, key=.Trash/runner/Current/testKey2, dataSize=0, replicationConfig=null} | ret=FAILURE
org.apache.hadoop.ozone.om.exceptions.OMException: Unable to get file status: volume: volume21477 bucket: bucket24700 key: .Trash/runner/Current/testKey2
	at org.apache.hadoop.ozone.om.KeyManagerImpl.getOzoneFileStatus(KeyManagerImpl.java:1280) ~[ozone-manager-1.3.0-SNAPSHOT.jar:?]
	at org.apache.hadoop.ozone.om.KeyManagerImpl.getFileStatus(KeyManagerImpl.java:1210) ~[ozone-manager-1.3.0-SNAPSHOT.jar:?]
	at org.apache.hadoop.ozone.om.OzoneManager.getFileStatus(OzoneManager.java:3009) ~[ozone-manager-1.3.0-SNAPSHOT.jar:?]
	at org.apache.hadoop.ozone.protocolPB.OzoneManagerRequestHandler.getOzoneFileStatus(OzoneManagerRequestHandler.java:670) ~[ozone-manager-1.3.0-SNAPSHOT.jar:?]
	at org.apache.hadoop.ozone.protocolPB.OzoneManagerRequestHandler.handleReadRequest(OzoneManagerRequestHandler.java:201) ~[ozone-manager-1.3.0-SNAPSHOT.jar:?]
	at org.apache.hadoop.ozone.protocolPB.OzoneManagerProtocolServerSideTranslatorPB.submitReadRequestToOM(OzoneManagerProtocolServerSideTranslatorPB.java:213) ~[ozone-manager-1.3.0-SNAPSHOT.jar:?]
	at org.apache.hadoop.ozone.protocolPB.OzoneManagerProtocolServerSideTranslatorPB.processRequest(OzoneManagerProtocolServerSideTranslatorPB.java:174) ~[ozone-manager-1.3.0-SNAPSHOT.jar:?]
	at org.apache.hadoop.hdds.server.OzoneProtocolMessageDispatcher.processRequest(OzoneProtocolMessageDispatcher.java:87) [hdds-server-framework-1.3.0-SNAPSHOT.jar:?]
	at org.apache.hadoop.ozone.protocolPB.OzoneManagerProtocolServerSideTranslatorPB.submitRequest(OzoneManagerProtocolServerSideTranslatorPB.java:146) [ozone-manager-1.3.0-SNAPSHOT.jar:?]
	at org.apache.hadoop.ozone.protocol.proto.OzoneManagerProtocolProtos$OzoneManagerService$2.callBlockingMethod(OzoneManagerProtocolProtos.java) [ozone-interface-client-1.3.0-SNAPSHOT.jar:?]
	at org.apache.hadoop.ipc.ProtobufRpcEngine$Server.processCall(ProtobufRpcEngine.java:466) [hadoop-common-3.3.1.jar:?]
	at org.apache.hadoop.ipc.ProtobufRpcEngine2$Server$ProtoBufRpcInvoker.call(ProtobufRpcEngine2.java:574) [hadoop-common-3.3.1.jar:?]
	at org.apache.hadoop.ipc.ProtobufRpcEngine2$Server$ProtoBufRpcInvoker.call(ProtobufRpcEngine2.java:552) [hadoop-common-3.3.1.jar:?]
	at org.apache.hadoop.ipc.RPC$Server.call(RPC.java:1093) [hadoop-common-3.3.1.jar:?]
	at org.apache.hadoop.ipc.Server$RpcCall.run(Server.java:1035) [hadoop-common-3.3.1.jar:?]
	at org.apache.hadoop.ipc.Server$RpcCall.run(Server.java:963) [hadoop-common-3.3.1.jar:?]
	at java.security.AccessController.doPrivileged(Native Method) ~[?:1.8.0_322]
	at javax.security.auth.Subject.doAs(Subject.java:422) [?:1.8.0_322]
	at org.apache.hadoop.security.UserGroupInformation.doAs(UserGroupInformation.java:1878) [hadoop-common-3.3.1.jar:?]
	at org.apache.hadoop.ipc.Server$Handler.run(Server.java:2966) [hadoop-common-3.3.1.jar:?]
2022-04-24 04:17:10,094 [Time-limited test] INFO  fs.TrashPolicyDefault (TrashPolicyDefault.java:moveToTrash(188)) - Moved: '/testKey2' to trash at: /.Trash/runner/Current/testKey2
04:17:11.098 [IPC Server handler 1 on default port 45981] ERROR OMAudit - user=runner | ip=127.0.0.1 | op=GET_FILE_STATUS {volume=volume21477, bucket=bucket24700, key=.Trash/runner/Current/testKey2, dataSize=0, replicationConfig=null} | ret=FAILURE
org.apache.hadoop.ozone.om.exceptions.OMException: Unable to get file status: volume: volume21477 bucket: bucket24700 key: .Trash/runner/Current/testKey2
	at org.apache.hadoop.ozone.om.KeyManagerImpl.getOzoneFileStatus(KeyManagerImpl.java:1280) ~[ozone-manager-1.3.0-SNAPSHOT.jar:?]
	at org.apache.hadoop.ozone.om.KeyManagerImpl.getFileStatus(KeyManagerImpl.java:1210) ~[ozone-manager-1.3.0-SNAPSHOT.jar:?]
	at org.apache.hadoop.ozone.om.OzoneManager.getFileStatus(OzoneManager.java:3009) ~[ozone-manager-1.3.0-SNAPSHOT.jar:?]
	at org.apache.hadoop.ozone.protocolPB.OzoneManagerRequestHandler.getOzoneFileStatus(OzoneManagerRequestHandler.java:670) ~[ozone-manager-1.3.0-SNAPSHOT.jar:?]
	at org.apache.hadoop.ozone.protocolPB.OzoneManagerRequestHandler.handleReadRequest(OzoneManagerRequestHandler.java:201) ~[ozone-manager-1.3.0-SNAPSHOT.jar:?]
	at org.apache.hadoop.ozone.protocolPB.OzoneManagerProtocolServerSideTranslatorPB.submitReadRequestToOM(OzoneManagerProtocolServerSideTranslatorPB.java:213) ~[ozone-manager-1.3.0-SNAPSHOT.jar:?]
	at org.apache.hadoop.ozone.protocolPB.OzoneManagerProtocolServerSideTranslatorPB.processRequest(OzoneManagerProtocolServerSideTranslatorPB.java:174) ~[ozone-manager-1.3.0-SNAPSHOT.jar:?]
	at org.apache.hadoop.hdds.server.OzoneProtocolMessageDispatcher.processRequest(OzoneProtocolMessageDispatcher.java:87) [hdds-server-framework-1.3.0-SNAPSHOT.jar:?]
	at org.apache.hadoop.ozone.protocolPB.OzoneManagerProtocolServerSideTranslatorPB.submitRequest(OzoneManagerProtocolServerSideTranslatorPB.java:146) [ozone-manager-1.3.0-SNAPSHOT.jar:?]
	at org.apache.hadoop.ozone.protocol.proto.OzoneManagerProtocolProtos$OzoneManagerService$2.callBlockingMethod(OzoneManagerProtocolProtos.java) [ozone-interface-client-1.3.0-SNAPSHOT.jar:?]
	at org.apache.hadoop.ipc.ProtobufRpcEngine$Server.processCall(ProtobufRpcEngine.java:466) [hadoop-common-3.3.1.jar:?]
	at org.apache.hadoop.ipc.ProtobufRpcEngine2$Server$ProtoBufRpcInvoker.call(ProtobufRpcEngine2.java:574) [hadoop-common-3.3.1.jar:?]
	at org.apache.hadoop.ipc.ProtobufRpcEngine2$Server$ProtoBufRpcInvoker.call(ProtobufRpcEngine2.java:552) [hadoop-common-3.3.1.jar:?]
	at org.apache.hadoop.ipc.RPC$Server.call(RPC.java:1093) [hadoop-common-3.3.1.jar:?]
	at org.apache.hadoop.ipc.Server$RpcCall.run(Server.java:1035) [hadoop-common-3.3.1.jar:?]
	at org.apache.hadoop.ipc.Server$RpcCall.run(Server.java:963) [hadoop-common-3.3.1.jar:?]
	at java.security.AccessController.doPrivileged(Native Method) ~[?:1.8.0_322]
	at javax.security.auth.Subject.doAs(Subject.java:422) [?:1.8.0_322]
	at org.apache.hadoop.security.UserGroupInformation.doAs(UserGroupInformation.java:1878) [hadoop-common-3.3.1.jar:?]
	at org.apache.hadoop.ipc.Server$Handler.run(Server.java:2966) [hadoop-common-3.3.1.jar:?]
]]></system-out>
  </testcase>
  <testcase name="testTrash" classname="TestOzoneFileSystem" time="5.054">
    <system-out><![CDATA[04:18:21.208 [IPC Server handler 19 on default port 37371] ERROR OMAudit - user=runner | ip=127.0.0.1 | op=GET_FILE_STATUS {volume=volume22323, bucket=bucket47719, key=.Trash/runner/Current/testKey2, dataSize=0, replicationConfig=null} | ret=FAILURE
org.apache.hadoop.ozone.om.exceptions.OMException: Unable to get file status: volume: volume22323 bucket: bucket47719 key: .Trash/runner/Current/testKey2
	at org.apache.hadoop.ozone.om.KeyManagerImpl.getOzoneFileStatus(KeyManagerImpl.java:1280) ~[ozone-manager-1.3.0-SNAPSHOT.jar:?]
	at org.apache.hadoop.ozone.om.KeyManagerImpl.getFileStatus(KeyManagerImpl.java:1210) ~[ozone-manager-1.3.0-SNAPSHOT.jar:?]
	at org.apache.hadoop.ozone.om.OzoneManager.getFileStatus(OzoneManager.java:3009) ~[ozone-manager-1.3.0-SNAPSHOT.jar:?]
	at org.apache.hadoop.ozone.protocolPB.OzoneManagerRequestHandler.getOzoneFileStatus(OzoneManagerRequestHandler.java:670) ~[ozone-manager-1.3.0-SNAPSHOT.jar:?]
	at org.apache.hadoop.ozone.protocolPB.OzoneManagerRequestHandler.handleReadRequest(OzoneManagerRequestHandler.java:201) ~[ozone-manager-1.3.0-SNAPSHOT.jar:?]
	at org.apache.hadoop.ozone.protocolPB.OzoneManagerProtocolServerSideTranslatorPB.submitRequestDirectlyToOM(OzoneManagerProtocolServerSideTranslatorPB.java:271) ~[ozone-manager-1.3.0-SNAPSHOT.jar:?]
	at org.apache.hadoop.ozone.protocolPB.OzoneManagerProtocolServerSideTranslatorPB.processRequest(OzoneManagerProtocolServerSideTranslatorPB.java:195) ~[ozone-manager-1.3.0-SNAPSHOT.jar:?]
	at org.apache.hadoop.hdds.server.OzoneProtocolMessageDispatcher.processRequest(OzoneProtocolMessageDispatcher.java:87) [hdds-server-framework-1.3.0-SNAPSHOT.jar:?]
	at org.apache.hadoop.ozone.protocolPB.OzoneManagerProtocolServerSideTranslatorPB.submitRequest(OzoneManagerProtocolServerSideTranslatorPB.java:146) [ozone-manager-1.3.0-SNAPSHOT.jar:?]
	at org.apache.hadoop.ozone.protocol.proto.OzoneManagerProtocolProtos$OzoneManagerService$2.callBlockingMethod(OzoneManagerProtocolProtos.java) [ozone-interface-client-1.3.0-SNAPSHOT.jar:?]
	at org.apache.hadoop.ipc.ProtobufRpcEngine$Server.processCall(ProtobufRpcEngine.java:466) [hadoop-common-3.3.1.jar:?]
	at org.apache.hadoop.ipc.ProtobufRpcEngine2$Server$ProtoBufRpcInvoker.call(ProtobufRpcEngine2.java:574) [hadoop-common-3.3.1.jar:?]
	at org.apache.hadoop.ipc.ProtobufRpcEngine2$Server$ProtoBufRpcInvoker.call(ProtobufRpcEngine2.java:552) [hadoop-common-3.3.1.jar:?]
	at org.apache.hadoop.ipc.RPC$Server.call(RPC.java:1093) [hadoop-common-3.3.1.jar:?]
	at org.apache.hadoop.ipc.Server$RpcCall.run(Server.java:1035) [hadoop-common-3.3.1.jar:?]
	at org.apache.hadoop.ipc.Server$RpcCall.run(Server.java:963) [hadoop-common-3.3.1.jar:?]
	at java.security.AccessController.doPrivileged(Native Method) ~[?:1.8.0_322]
	at javax.security.auth.Subject.doAs(Subject.java:422) [?:1.8.0_322]
	at org.apache.hadoop.security.UserGroupInformation.doAs(UserGroupInformation.java:1878) [hadoop-common-3.3.1.jar:?]
	at org.apache.hadoop.ipc.Server$Handler.run(Server.java:2966) [hadoop-common-3.3.1.jar:?]
04:18:21.209 [IPC Server handler 5 on default port 37371] ERROR OMAudit - user=runner | ip=127.0.0.1 | op=GET_FILE_STATUS {volume=volume22323, bucket=bucket47719, key=.Trash/runner/Current/testKey2, dataSize=0, replicationConfig=null} | ret=FAILURE
org.apache.hadoop.ozone.om.exceptions.OMException: Unable to get file status: volume: volume22323 bucket: bucket47719 key: .Trash/runner/Current/testKey2
	at org.apache.hadoop.ozone.om.KeyManagerImpl.getOzoneFileStatus(KeyManagerImpl.java:1280) ~[ozone-manager-1.3.0-SNAPSHOT.jar:?]
	at org.apache.hadoop.ozone.om.KeyManagerImpl.getFileStatus(KeyManagerImpl.java:1210) ~[ozone-manager-1.3.0-SNAPSHOT.jar:?]
	at org.apache.hadoop.ozone.om.OzoneManager.getFileStatus(OzoneManager.java:3009) ~[ozone-manager-1.3.0-SNAPSHOT.jar:?]
	at org.apache.hadoop.ozone.protocolPB.OzoneManagerRequestHandler.getOzoneFileStatus(OzoneManagerRequestHandler.java:670) ~[ozone-manager-1.3.0-SNAPSHOT.jar:?]
	at org.apache.hadoop.ozone.protocolPB.OzoneManagerRequestHandler.handleReadRequest(OzoneManagerRequestHandler.java:201) ~[ozone-manager-1.3.0-SNAPSHOT.jar:?]
	at org.apache.hadoop.ozone.protocolPB.OzoneManagerProtocolServerSideTranslatorPB.submitRequestDirectlyToOM(OzoneManagerProtocolServerSideTranslatorPB.java:271) ~[ozone-manager-1.3.0-SNAPSHOT.jar:?]
	at org.apache.hadoop.ozone.protocolPB.OzoneManagerProtocolServerSideTranslatorPB.processRequest(OzoneManagerProtocolServerSideTranslatorPB.java:195) ~[ozone-manager-1.3.0-SNAPSHOT.jar:?]
	at org.apache.hadoop.hdds.server.OzoneProtocolMessageDispatcher.processRequest(OzoneProtocolMessageDispatcher.java:87) [hdds-server-framework-1.3.0-SNAPSHOT.jar:?]
	at org.apache.hadoop.ozone.protocolPB.OzoneManagerProtocolServerSideTranslatorPB.submitRequest(OzoneManagerProtocolServerSideTranslatorPB.java:146) [ozone-manager-1.3.0-SNAPSHOT.jar:?]
	at org.apache.hadoop.ozone.protocol.proto.OzoneManagerProtocolProtos$OzoneManagerService$2.callBlockingMethod(OzoneManagerProtocolProtos.java) [ozone-interface-client-1.3.0-SNAPSHOT.jar:?]
	at org.apache.hadoop.ipc.ProtobufRpcEngine$Server.processCall(ProtobufRpcEngine.java:466) [hadoop-common-3.3.1.jar:?]
	at org.apache.hadoop.ipc.ProtobufRpcEngine2$Server$ProtoBufRpcInvoker.call(ProtobufRpcEngine2.java:574) [hadoop-common-3.3.1.jar:?]
	at org.apache.hadoop.ipc.ProtobufRpcEngine2$Server$ProtoBufRpcInvoker.call(ProtobufRpcEngine2.java:552) [hadoop-common-3.3.1.jar:?]
	at org.apache.hadoop.ipc.RPC$Server.call(RPC.java:1093) [hadoop-common-3.3.1.jar:?]
	at org.apache.hadoop.ipc.Server$RpcCall.run(Server.java:1035) [hadoop-common-3.3.1.jar:?]
	at org.apache.hadoop.ipc.Server$RpcCall.run(Server.java:963) [hadoop-common-3.3.1.jar:?]
	at java.security.AccessController.doPrivileged(Native Method) ~[?:1.8.0_322]
	at javax.security.auth.Subject.doAs(Subject.java:422) [?:1.8.0_322]
	at org.apache.hadoop.security.UserGroupInformation.doAs(UserGroupInformation.java:1878) [hadoop-common-3.3.1.jar:?]
	at org.apache.hadoop.ipc.Server$Handler.run(Server.java:2966) [hadoop-common-3.3.1.jar:?]
2022-04-24 04:18:21,216 [Time-limited test] INFO  fs.TrashPolicyDefault (TrashPolicyDefault.java:moveToTrash(188)) - Moved: '/testKey2' to trash at: /.Trash/runner/Current/testKey2
2022-04-24 04:18:22,907 [3c8f196b-f336-4cca-b7e0-24f945f171e6@group-A96AADB4029C-FollowerState] INFO  impl.FollowerState (FollowerState.java:run(134)) - 3c8f196b-f336-4cca-b7e0-24f945f171e6@group-A96AADB4029C-FollowerState: change to CANDIDATE, lastRpcElapsedTime:5026205475ns, electionTimeout:5019ms
2022-04-24 04:18:22,907 [3c8f196b-f336-4cca-b7e0-24f945f171e6@group-A96AADB4029C-FollowerState] INFO  impl.RoleInfo (RoleInfo.java:shutdownFollowerState(108)) - 3c8f196b-f336-4cca-b7e0-24f945f171e6: shutdown 3c8f196b-f336-4cca-b7e0-24f945f171e6@group-A96AADB4029C-FollowerState
2022-04-24 04:18:22,907 [3c8f196b-f336-4cca-b7e0-24f945f171e6@group-A96AADB4029C-FollowerState] INFO  server.RaftServer$Division (RaftServerImpl.java:setRole(290)) - 3c8f196b-f336-4cca-b7e0-24f945f171e6@group-A96AADB4029C: changes role from  FOLLOWER to CANDIDATE at term 1 for changeToCandidate
2022-04-24 04:18:22,907 [3c8f196b-f336-4cca-b7e0-24f945f171e6@group-A96AADB4029C-FollowerState] INFO  server.RaftServerConfigKeys (ConfUtils.java:logGet(44)) - raft.server.leaderelection.pre-vote = false (custom)
2022-04-24 04:18:22,907 [3c8f196b-f336-4cca-b7e0-24f945f171e6@group-A96AADB4029C-FollowerState] INFO  impl.RoleInfo (RoleInfo.java:updateAndGet(130)) - 3c8f196b-f336-4cca-b7e0-24f945f171e6: start 3c8f196b-f336-4cca-b7e0-24f945f171e6@group-A96AADB4029C-LeaderElection43
2022-04-24 04:18:22,960 [3c8f196b-f336-4cca-b7e0-24f945f171e6@group-A96AADB4029C-LeaderElection43] INFO  impl.LeaderElection (LeaderElection.java:askForVotes(306)) - 3c8f196b-f336-4cca-b7e0-24f945f171e6@group-A96AADB4029C-LeaderElection43 ELECTION round 0: submit vote requests at term 2 for -1: [d419d700-ddf7-43da-8a6c-bfb8eedae9d7|rpc:10.1.0.15:39835|dataStream:|priority:0, 438da751-ffe1-4787-af39-168936e85d29|rpc:10.1.0.15:45355|dataStream:|priority:0, 3c8f196b-f336-4cca-b7e0-24f945f171e6|rpc:10.1.0.15:39931|dataStream:|priority:1], old=null
2022-04-24 04:18:22,966 [grpc-default-executor-1] INFO  server.RaftServer$Division (RaftServerImpl.java:requestVote(1046)) - d419d700-ddf7-43da-8a6c-bfb8eedae9d7@group-A96AADB4029C: receive requestVote(ELECTION, 3c8f196b-f336-4cca-b7e0-24f945f171e6, group-A96AADB4029C, 2, (t:0, i:0))
2022-04-24 04:18:22,966 [grpc-default-executor-1] INFO  impl.VoteContext (VoteContext.java:log(48)) - d419d700-ddf7-43da-8a6c-bfb8eedae9d7@group-A96AADB4029C-FOLLOWER: accept ELECTION from 3c8f196b-f336-4cca-b7e0-24f945f171e6: our priority 0 <= candidate's priority 1
2022-04-24 04:18:22,966 [grpc-default-executor-1] INFO  server.RaftServer$Division (RaftServerImpl.java:setRole(290)) - d419d700-ddf7-43da-8a6c-bfb8eedae9d7@group-A96AADB4029C: changes role from  FOLLOWER to FOLLOWER at term 2 for candidate:3c8f196b-f336-4cca-b7e0-24f945f171e6
2022-04-24 04:18:22,966 [grpc-default-executor-1] INFO  impl.RoleInfo (RoleInfo.java:shutdownFollowerState(108)) - d419d700-ddf7-43da-8a6c-bfb8eedae9d7: shutdown d419d700-ddf7-43da-8a6c-bfb8eedae9d7@group-A96AADB4029C-FollowerState
2022-04-24 04:18:22,976 [grpc-default-executor-0] INFO  server.RaftServer$Division (RaftServerImpl.java:requestVote(1046)) - 438da751-ffe1-4787-af39-168936e85d29@group-A96AADB4029C: receive requestVote(ELECTION, 3c8f196b-f336-4cca-b7e0-24f945f171e6, group-A96AADB4029C, 2, (t:0, i:0))
2022-04-24 04:18:22,982 [grpc-default-executor-0] INFO  impl.VoteContext (VoteContext.java:log(48)) - 438da751-ffe1-4787-af39-168936e85d29@group-A96AADB4029C-FOLLOWER: accept ELECTION from 3c8f196b-f336-4cca-b7e0-24f945f171e6: our priority 0 <= candidate's priority 1
2022-04-24 04:18:22,982 [grpc-default-executor-0] INFO  server.RaftServer$Division (RaftServerImpl.java:setRole(290)) - 438da751-ffe1-4787-af39-168936e85d29@group-A96AADB4029C: changes role from  FOLLOWER to FOLLOWER at term 2 for candidate:3c8f196b-f336-4cca-b7e0-24f945f171e6
2022-04-24 04:18:22,982 [grpc-default-executor-0] INFO  impl.RoleInfo (RoleInfo.java:shutdownFollowerState(108)) - 438da751-ffe1-4787-af39-168936e85d29: shutdown 438da751-ffe1-4787-af39-168936e85d29@group-A96AADB4029C-FollowerState
2022-04-24 04:18:22,982 [grpc-default-executor-0] INFO  impl.RoleInfo (RoleInfo.java:updateAndGet(130)) - 438da751-ffe1-4787-af39-168936e85d29: start 438da751-ffe1-4787-af39-168936e85d29@group-A96AADB4029C-FollowerState
2022-04-24 04:18:22,982 [438da751-ffe1-4787-af39-168936e85d29@group-A96AADB4029C-FollowerState] INFO  impl.FollowerState (FollowerState.java:run(143)) - 438da751-ffe1-4787-af39-168936e85d29@group-A96AADB4029C-FollowerState was interrupted: {}
java.lang.InterruptedException: sleep interrupted
	at java.lang.Thread.sleep(Native Method)
	at java.lang.Thread.sleep(Thread.java:342)
	at java.util.concurrent.TimeUnit.sleep(TimeUnit.java:386)
	at org.apache.ratis.util.TimeDuration.sleep(TimeDuration.java:324)
	at org.apache.ratis.util.TimeDuration.sleep(TimeDuration.java:309)
	at org.apache.ratis.server.impl.FollowerState.run(FollowerState.java:118)
2022-04-24 04:18:22,983 [grpc-default-executor-0] INFO  server.RaftServer$Division (RaftServerImpl.java:requestVote(1078)) - 438da751-ffe1-4787-af39-168936e85d29@group-A96AADB4029C replies to ELECTION vote request: 3c8f196b-f336-4cca-b7e0-24f945f171e6<-438da751-ffe1-4787-af39-168936e85d29#0:OK-t2. Peer's state: 438da751-ffe1-4787-af39-168936e85d29@group-A96AADB4029C:t2, leader=null, voted=3c8f196b-f336-4cca-b7e0-24f945f171e6, raftlog=438da751-ffe1-4787-af39-168936e85d29@group-A96AADB4029C-SegmentedRaftLog:OPENED:c-1, conf=-1: [d419d700-ddf7-43da-8a6c-bfb8eedae9d7|rpc:10.1.0.15:39835|dataStream:|priority:0, 438da751-ffe1-4787-af39-168936e85d29|rpc:10.1.0.15:45355|dataStream:|priority:0, 3c8f196b-f336-4cca-b7e0-24f945f171e6|rpc:10.1.0.15:39931|dataStream:|priority:1], old=null
2022-04-24 04:18:23,001 [d419d700-ddf7-43da-8a6c-bfb8eedae9d7@group-A96AADB4029C-FollowerState] INFO  impl.FollowerState (FollowerState.java:run(143)) - d419d700-ddf7-43da-8a6c-bfb8eedae9d7@group-A96AADB4029C-FollowerState was interrupted: {}
java.lang.InterruptedException: sleep interrupted
	at java.lang.Thread.sleep(Native Method)
	at java.lang.Thread.sleep(Thread.java:342)
	at java.util.concurrent.TimeUnit.sleep(TimeUnit.java:386)
	at org.apache.ratis.util.TimeDuration.sleep(TimeDuration.java:324)
	at org.apache.ratis.util.TimeDuration.sleep(TimeDuration.java:309)
	at org.apache.ratis.server.impl.FollowerState.run(FollowerState.java:118)
2022-04-24 04:18:23,001 [grpc-default-executor-1] INFO  impl.RoleInfo (RoleInfo.java:updateAndGet(130)) - d419d700-ddf7-43da-8a6c-bfb8eedae9d7: start d419d700-ddf7-43da-8a6c-bfb8eedae9d7@group-A96AADB4029C-FollowerState
2022-04-24 04:18:23,008 [grpc-default-executor-1] INFO  server.RaftServer$Division (RaftServerImpl.java:requestVote(1078)) - d419d700-ddf7-43da-8a6c-bfb8eedae9d7@group-A96AADB4029C replies to ELECTION vote request: 3c8f196b-f336-4cca-b7e0-24f945f171e6<-d419d700-ddf7-43da-8a6c-bfb8eedae9d7#0:OK-t2. Peer's state: d419d700-ddf7-43da-8a6c-bfb8eedae9d7@group-A96AADB4029C:t2, leader=null, voted=3c8f196b-f336-4cca-b7e0-24f945f171e6, raftlog=d419d700-ddf7-43da-8a6c-bfb8eedae9d7@group-A96AADB4029C-SegmentedRaftLog:OPENED:c-1, conf=-1: [d419d700-ddf7-43da-8a6c-bfb8eedae9d7|rpc:10.1.0.15:39835|priority:0, 438da751-ffe1-4787-af39-168936e85d29|rpc:10.1.0.15:45355|priority:0, 3c8f196b-f336-4cca-b7e0-24f945f171e6|rpc:10.1.0.15:39931|priority:1], old=null
2022-04-24 04:18:23,008 [3c8f196b-f336-4cca-b7e0-24f945f171e6@group-A96AADB4029C-LeaderElection43] INFO  impl.LeaderElection (LeaderElection.java:logAndReturn(89)) - 3c8f196b-f336-4cca-b7e0-24f945f171e6@group-A96AADB4029C-LeaderElection43: ELECTION PASSED received 1 response(s) and 0 exception(s):
2022-04-24 04:18:23,008 [3c8f196b-f336-4cca-b7e0-24f945f171e6@group-A96AADB4029C-LeaderElection43] INFO  impl.LeaderElection (LeaderElection.java:logAndReturn(93)) -   Response 0: 3c8f196b-f336-4cca-b7e0-24f945f171e6<-438da751-ffe1-4787-af39-168936e85d29#0:OK-t2
2022-04-24 04:18:23,008 [3c8f196b-f336-4cca-b7e0-24f945f171e6@group-A96AADB4029C-LeaderElection43] INFO  impl.LeaderElection (LeaderElection.java:askForVotes(308)) - 3c8f196b-f336-4cca-b7e0-24f945f171e6@group-A96AADB4029C-LeaderElection43 ELECTION round 0: result PASSED
2022-04-24 04:18:23,008 [3c8f196b-f336-4cca-b7e0-24f945f171e6@group-A96AADB4029C-LeaderElection43] INFO  impl.RoleInfo (RoleInfo.java:shutdownLeaderElection(121)) - 3c8f196b-f336-4cca-b7e0-24f945f171e6: shutdown 3c8f196b-f336-4cca-b7e0-24f945f171e6@group-A96AADB4029C-LeaderElection43
2022-04-24 04:18:23,008 [3c8f196b-f336-4cca-b7e0-24f945f171e6@group-A96AADB4029C-LeaderElection43] INFO  server.RaftServer$Division (RaftServerImpl.java:setRole(290)) - 3c8f196b-f336-4cca-b7e0-24f945f171e6@group-A96AADB4029C: changes role from CANDIDATE to LEADER at term 2 for changeToLeader
2022-04-24 04:18:23,009 [3c8f196b-f336-4cca-b7e0-24f945f171e6@group-A96AADB4029C-LeaderElection43] INFO  ratis.XceiverServerRatis (XceiverServerRatis.java:handleLeaderChangedNotification(863)) - Leader change notification received for group: group-A96AADB4029C with new leaderId: 3c8f196b-f336-4cca-b7e0-24f945f171e6
2022-04-24 04:18:23,009 [3c8f196b-f336-4cca-b7e0-24f945f171e6@group-A96AADB4029C-LeaderElection43] INFO  server.RaftServer$Division (ServerState.java:setLeader(285)) - 3c8f196b-f336-4cca-b7e0-24f945f171e6@group-A96AADB4029C: change Leader from null to 3c8f196b-f336-4cca-b7e0-24f945f171e6 at term 2 for becomeLeader, leader elected after 10078ms
2022-04-24 04:18:23,009 [3c8f196b-f336-4cca-b7e0-24f945f171e6@group-A96AADB4029C-LeaderElection43] INFO  server.RaftServerConfigKeys (ConfUtils.java:logGet(44)) - raft.server.staging.catchup.gap = 1000 (default)
2022-04-24 04:18:23,009 [3c8f196b-f336-4cca-b7e0-24f945f171e6@group-A96AADB4029C-LeaderElection43] INFO  server.RaftServerConfigKeys (ConfUtils.java:logGet(44)) - raft.server.write.element-limit = 1024 (custom)
2022-04-24 04:18:23,011 [EventQueue-PipelineReportForPipelineReportHandler] INFO  pipeline.PipelineManagerImpl (PipelineManagerImpl.java:openPipeline(321)) - Pipeline Pipeline[ Id: 15131b6b-0765-482f-94cc-a96aadb4029c, Nodes: d419d700-ddf7-43da-8a6c-bfb8eedae9d7{ip: 10.1.0.15, host: fv-az50-870.grzltbmokehuzjyc5b133kdqgh.cx.internal.cloudapp.net, ports: [REPLICATION=42317, RATIS=39835, RATIS_ADMIN=39835, RATIS_SERVER=39835, STANDALONE=44977], networkLocation: /default-rack, certSerialId: null, persistedOpState: IN_SERVICE, persistedOpStateExpiryEpochSec: 0}438da751-ffe1-4787-af39-168936e85d29{ip: 10.1.0.15, host: fv-az50-870.grzltbmokehuzjyc5b133kdqgh.cx.internal.cloudapp.net, ports: [REPLICATION=40473, RATIS=45355, RATIS_ADMIN=45355, RATIS_SERVER=45355, STANDALONE=38113], networkLocation: /default-rack, certSerialId: null, persistedOpState: IN_SERVICE, persistedOpStateExpiryEpochSec: 0}3c8f196b-f336-4cca-b7e0-24f945f171e6{ip: 10.1.0.15, host: fv-az50-870.grzltbmokehuzjyc5b133kdqgh.cx.internal.cloudapp.net, ports: [REPLICATION=38659, RATIS=39931, RATIS_ADMIN=39931, RATIS_SERVER=39931, STANDALONE=33573], networkLocation: /default-rack, certSerialId: null, persistedOpState: IN_SERVICE, persistedOpStateExpiryEpochSec: 0}, ReplicationConfig: RATIS/THREE, State:ALLOCATED, leaderId:3c8f196b-f336-4cca-b7e0-24f945f171e6, CreationTimestamp2022-04-24T04:18:10.276Z[Etc/UTC]] moved to OPEN state
2022-04-24 04:18:23,021 [3c8f196b-f336-4cca-b7e0-24f945f171e6@group-A96AADB4029C-LeaderElection43] INFO  server.RaftServerConfigKeys (ConfUtils.java:logGet(44)) - raft.server.write.byte-limit = 1024 M (=1073741824) (custom)
2022-04-24 04:18:23,022 [3c8f196b-f336-4cca-b7e0-24f945f171e6@group-A96AADB4029C-LeaderElection43] INFO  server.RaftServerConfigKeys (ConfUtils.java:logGet(44)) - raft.server.watch.timeout = 180s (custom)
2022-04-24 04:18:23,022 [3c8f196b-f336-4cca-b7e0-24f945f171e6@group-A96AADB4029C-LeaderElection43] INFO  server.RaftServerConfigKeys (ConfUtils.java:logGet(44)) - raft.server.watch.timeout.denomination = 1s (default)
2022-04-24 04:18:23,022 [3c8f196b-f336-4cca-b7e0-24f945f171e6@group-A96AADB4029C-LeaderElection43] INFO  server.RaftServerConfigKeys (ConfUtils.java:logGet(44)) - raft.server.watch.element-limit = 65536 (default)
2022-04-24 04:18:23,022 [3c8f196b-f336-4cca-b7e0-24f945f171e6@group-A96AADB4029C-LeaderElection43] INFO  server.RaftServerConfigKeys (ConfUtils.java:logGet(44)) - raft.server.write.element-limit = 1024 (custom)
2022-04-24 04:18:23,022 [3c8f196b-f336-4cca-b7e0-24f945f171e6@group-A96AADB4029C-LeaderElection43] INFO  server.RaftServerConfigKeys (ConfUtils.java:logGet(44)) - raft.server.write.follower.gap.ratio.max = -1.0 (default)
2022-04-24 04:18:23,022 [3c8f196b-f336-4cca-b7e0-24f945f171e6@group-A96AADB4029C-LeaderElection43] INFO  server.RaftServerConfigKeys (ConfUtils.java:logGet(44)) - raft.server.log.appender.snapshot.chunk.size.max = 16MB (=16777216) (default)
2022-04-24 04:18:23,022 [3c8f196b-f336-4cca-b7e0-24f945f171e6@group-A96AADB4029C-LeaderElection43] INFO  server.RaftServerConfigKeys (ConfUtils.java:logGet(44)) - raft.server.log.appender.buffer.byte-limit = 33554432 (custom)
2022-04-24 04:18:23,022 [3c8f196b-f336-4cca-b7e0-24f945f171e6@group-A96AADB4029C-LeaderElection43] INFO  server.RaftServerConfigKeys (ConfUtils.java:logGet(44)) - raft.server.log.appender.buffer.element-limit = 1 (custom)
2022-04-24 04:18:23,022 [3c8f196b-f336-4cca-b7e0-24f945f171e6@group-A96AADB4029C-LeaderElection43] INFO  grpc.GrpcConfigKeys (ConfUtils.java:logGet(44)) - raft.grpc.server.leader.outstanding.appends.max = 128 (default)
2022-04-24 04:18:23,022 [3c8f196b-f336-4cca-b7e0-24f945f171e6@group-A96AADB4029C-LeaderElection43] INFO  server.RaftServerConfigKeys (ConfUtils.java:logGet(44)) - raft.server.rpc.request.timeout = 60s (custom)
2022-04-24 04:18:23,022 [3c8f196b-f336-4cca-b7e0-24f945f171e6@group-A96AADB4029C-LeaderElection43] INFO  server.RaftServerConfigKeys (ConfUtils.java:logGet(44)) - raft.server.log.appender.install.snapshot.enabled = false (custom)
2022-04-24 04:18:23,023 [3c8f196b-f336-4cca-b7e0-24f945f171e6@group-A96AADB4029C-LeaderElection43] INFO  server.RaftServerConfigKeys (ConfUtils.java:logGet(44)) - raft.server.log.appender.snapshot.chunk.size.max = 16MB (=16777216) (default)
2022-04-24 04:18:23,023 [3c8f196b-f336-4cca-b7e0-24f945f171e6@group-A96AADB4029C-LeaderElection43] INFO  server.RaftServerConfigKeys (ConfUtils.java:logGet(44)) - raft.server.log.appender.buffer.byte-limit = 33554432 (custom)
2022-04-24 04:18:23,023 [3c8f196b-f336-4cca-b7e0-24f945f171e6@group-A96AADB4029C-LeaderElection43] INFO  server.RaftServerConfigKeys (ConfUtils.java:logGet(44)) - raft.server.log.appender.buffer.element-limit = 1 (custom)
2022-04-24 04:18:23,023 [3c8f196b-f336-4cca-b7e0-24f945f171e6@group-A96AADB4029C-LeaderElection43] INFO  grpc.GrpcConfigKeys (ConfUtils.java:logGet(44)) - raft.grpc.server.leader.outstanding.appends.max = 128 (default)
2022-04-24 04:18:23,023 [3c8f196b-f336-4cca-b7e0-24f945f171e6@group-A96AADB4029C-LeaderElection43] INFO  server.RaftServerConfigKeys (ConfUtils.java:logGet(44)) - raft.server.rpc.request.timeout = 60s (custom)
2022-04-24 04:18:23,023 [3c8f196b-f336-4cca-b7e0-24f945f171e6@group-A96AADB4029C-LeaderElection43] INFO  server.RaftServerConfigKeys (ConfUtils.java:logGet(44)) - raft.server.log.appender.install.snapshot.enabled = false (custom)
2022-04-24 04:18:23,024 [3c8f196b-f336-4cca-b7e0-24f945f171e6@group-A96AADB4029C-LeaderElection43] INFO  impl.RoleInfo (RoleInfo.java:updateAndGet(130)) - 3c8f196b-f336-4cca-b7e0-24f945f171e6: start 3c8f196b-f336-4cca-b7e0-24f945f171e6@group-A96AADB4029C-LeaderStateImpl
2022-04-24 04:18:23,024 [3c8f196b-f336-4cca-b7e0-24f945f171e6@group-A96AADB4029C-LeaderElection43] INFO  segmented.SegmentedRaftLogWorker (SegmentedRaftLogWorker.java:startLogSegment(394)) - 3c8f196b-f336-4cca-b7e0-24f945f171e6@group-A96AADB4029C-SegmentedRaftLogWorker: Starting segment from index:0
2022-04-24 04:18:23,026 [3c8f196b-f336-4cca-b7e0-24f945f171e6@group-A96AADB4029C-SegmentedRaftLogWorker] INFO  segmented.SegmentedRaftLogWorker (SegmentedRaftLogWorker.java:execute(601)) - 3c8f196b-f336-4cca-b7e0-24f945f171e6@group-A96AADB4029C-SegmentedRaftLogWorker: created new log segment /home/runner/work/ozone/ozone/hadoop-ozone/integration-test/target/test-dir/MiniOzoneClusterImpl-db3b6155-0a61-4c23-9e75-9b22dbc84111/datanode-2/data/ratis/15131b6b-0765-482f-94cc-a96aadb4029c/current/log_inprogress_0
2022-04-24 04:18:23,061 [grpc-default-executor-0] INFO  ratis.XceiverServerRatis (XceiverServerRatis.java:handleLeaderChangedNotification(863)) - Leader change notification received for group: group-A96AADB4029C with new leaderId: 3c8f196b-f336-4cca-b7e0-24f945f171e6
2022-04-24 04:18:23,061 [grpc-default-executor-0] INFO  server.RaftServer$Division (ServerState.java:setLeader(285)) - 438da751-ffe1-4787-af39-168936e85d29@group-A96AADB4029C: change Leader from null to 3c8f196b-f336-4cca-b7e0-24f945f171e6 at term 2 for appendEntries, leader elected after 10357ms
2022-04-24 04:18:23,069 [grpc-default-executor-0] INFO  server.RaftServer$Division (ServerState.java:setRaftConf(387)) - 438da751-ffe1-4787-af39-168936e85d29@group-A96AADB4029C: set configuration 0: [d419d700-ddf7-43da-8a6c-bfb8eedae9d7|rpc:10.1.0.15:39835|dataStream:|priority:0, 438da751-ffe1-4787-af39-168936e85d29|rpc:10.1.0.15:45355|dataStream:|priority:0, 3c8f196b-f336-4cca-b7e0-24f945f171e6|rpc:10.1.0.15:39931|dataStream:|priority:1], old=null
2022-04-24 04:18:23,069 [grpc-default-executor-0] INFO  segmented.SegmentedRaftLogWorker (SegmentedRaftLogWorker.java:startLogSegment(394)) - 438da751-ffe1-4787-af39-168936e85d29@group-A96AADB4029C-SegmentedRaftLogWorker: Starting segment from index:0
2022-04-24 04:18:23,071 [438da751-ffe1-4787-af39-168936e85d29@group-A96AADB4029C-SegmentedRaftLogWorker] INFO  segmented.SegmentedRaftLogWorker (SegmentedRaftLogWorker.java:execute(601)) - 438da751-ffe1-4787-af39-168936e85d29@group-A96AADB4029C-SegmentedRaftLogWorker: created new log segment /home/runner/work/ozone/ozone/hadoop-ozone/integration-test/target/test-dir/MiniOzoneClusterImpl-db3b6155-0a61-4c23-9e75-9b22dbc84111/datanode-1/data/ratis/15131b6b-0765-482f-94cc-a96aadb4029c/current/log_inprogress_0
2022-04-24 04:18:23,072 [3c8f196b-f336-4cca-b7e0-24f945f171e6@group-A96AADB4029C-LeaderElection43] INFO  server.RaftServer$Division (ServerState.java:setRaftConf(387)) - 3c8f196b-f336-4cca-b7e0-24f945f171e6@group-A96AADB4029C: set configuration 0: [d419d700-ddf7-43da-8a6c-bfb8eedae9d7|rpc:10.1.0.15:39835|dataStream:|priority:0, 438da751-ffe1-4787-af39-168936e85d29|rpc:10.1.0.15:45355|dataStream:|priority:0, 3c8f196b-f336-4cca-b7e0-24f945f171e6|rpc:10.1.0.15:39931|dataStream:|priority:1], old=null
2022-04-24 04:18:23,082 [grpc-default-executor-1] INFO  ratis.XceiverServerRatis (XceiverServerRatis.java:handleLeaderChangedNotification(863)) - Leader change notification received for group: group-A96AADB4029C with new leaderId: 3c8f196b-f336-4cca-b7e0-24f945f171e6
2022-04-24 04:18:23,082 [grpc-default-executor-1] INFO  server.RaftServer$Division (ServerState.java:setLeader(285)) - d419d700-ddf7-43da-8a6c-bfb8eedae9d7@group-A96AADB4029C: change Leader from null to 3c8f196b-f336-4cca-b7e0-24f945f171e6 at term 2 for appendEntries, leader elected after 10588ms
2022-04-24 04:18:23,121 [grpc-default-executor-1] INFO  server.RaftServer$Division (ServerState.java:setRaftConf(387)) - d419d700-ddf7-43da-8a6c-bfb8eedae9d7@group-A96AADB4029C: set configuration 0: [d419d700-ddf7-43da-8a6c-bfb8eedae9d7|rpc:10.1.0.15:39835|dataStream:|priority:0, 438da751-ffe1-4787-af39-168936e85d29|rpc:10.1.0.15:45355|dataStream:|priority:0, 3c8f196b-f336-4cca-b7e0-24f945f171e6|rpc:10.1.0.15:39931|dataStream:|priority:1], old=null
2022-04-24 04:18:23,121 [grpc-default-executor-1] INFO  segmented.SegmentedRaftLogWorker (SegmentedRaftLogWorker.java:startLogSegment(394)) - d419d700-ddf7-43da-8a6c-bfb8eedae9d7@group-A96AADB4029C-SegmentedRaftLogWorker: Starting segment from index:0
2022-04-24 04:18:23,123 [d419d700-ddf7-43da-8a6c-bfb8eedae9d7@group-A96AADB4029C-SegmentedRaftLogWorker] INFO  segmented.SegmentedRaftLogWorker (SegmentedRaftLogWorker.java:execute(601)) - d419d700-ddf7-43da-8a6c-bfb8eedae9d7@group-A96AADB4029C-SegmentedRaftLogWorker: created new log segment /home/runner/work/ozone/ozone/hadoop-ozone/integration-test/target/test-dir/MiniOzoneClusterImpl-db3b6155-0a61-4c23-9e75-9b22dbc84111/datanode-0/data/ratis/15131b6b-0765-482f-94cc-a96aadb4029c/current/log_inprogress_0
04:18:23.220 [IPC Server handler 11 on default port 37371] ERROR OMAudit - user=runner | ip=127.0.0.1 | op=GET_FILE_STATUS {volume=volume22323, bucket=bucket47719, key=.Trash/runner/Current/testKey2, dataSize=0, replicationConfig=null} | ret=FAILURE
org.apache.hadoop.ozone.om.exceptions.OMException: Unable to get file status: volume: volume22323 bucket: bucket47719 key: .Trash/runner/Current/testKey2
	at org.apache.hadoop.ozone.om.KeyManagerImpl.getOzoneFileStatus(KeyManagerImpl.java:1280) ~[ozone-manager-1.3.0-SNAPSHOT.jar:?]
	at org.apache.hadoop.ozone.om.KeyManagerImpl.getFileStatus(KeyManagerImpl.java:1210) ~[ozone-manager-1.3.0-SNAPSHOT.jar:?]
	at org.apache.hadoop.ozone.om.OzoneManager.getFileStatus(OzoneManager.java:3009) ~[ozone-manager-1.3.0-SNAPSHOT.jar:?]
	at org.apache.hadoop.ozone.protocolPB.OzoneManagerRequestHandler.getOzoneFileStatus(OzoneManagerRequestHandler.java:670) ~[ozone-manager-1.3.0-SNAPSHOT.jar:?]
	at org.apache.hadoop.ozone.protocolPB.OzoneManagerRequestHandler.handleReadRequest(OzoneManagerRequestHandler.java:201) ~[ozone-manager-1.3.0-SNAPSHOT.jar:?]
	at org.apache.hadoop.ozone.protocolPB.OzoneManagerProtocolServerSideTranslatorPB.submitRequestDirectlyToOM(OzoneManagerProtocolServerSideTranslatorPB.java:271) ~[ozone-manager-1.3.0-SNAPSHOT.jar:?]
	at org.apache.hadoop.ozone.protocolPB.OzoneManagerProtocolServerSideTranslatorPB.processRequest(OzoneManagerProtocolServerSideTranslatorPB.java:195) ~[ozone-manager-1.3.0-SNAPSHOT.jar:?]
	at org.apache.hadoop.hdds.server.OzoneProtocolMessageDispatcher.processRequest(OzoneProtocolMessageDispatcher.java:87) [hdds-server-framework-1.3.0-SNAPSHOT.jar:?]
	at org.apache.hadoop.ozone.protocolPB.OzoneManagerProtocolServerSideTranslatorPB.submitRequest(OzoneManagerProtocolServerSideTranslatorPB.java:146) [ozone-manager-1.3.0-SNAPSHOT.jar:?]
	at org.apache.hadoop.ozone.protocol.proto.OzoneManagerProtocolProtos$OzoneManagerService$2.callBlockingMethod(OzoneManagerProtocolProtos.java) [ozone-interface-client-1.3.0-SNAPSHOT.jar:?]
	at org.apache.hadoop.ipc.ProtobufRpcEngine$Server.processCall(ProtobufRpcEngine.java:466) [hadoop-common-3.3.1.jar:?]
	at org.apache.hadoop.ipc.ProtobufRpcEngine2$Server$ProtoBufRpcInvoker.call(ProtobufRpcEngine2.java:574) [hadoop-common-3.3.1.jar:?]
	at org.apache.hadoop.ipc.ProtobufRpcEngine2$Server$ProtoBufRpcInvoker.call(ProtobufRpcEngine2.java:552) [hadoop-common-3.3.1.jar:?]
	at org.apache.hadoop.ipc.RPC$Server.call(RPC.java:1093) [hadoop-common-3.3.1.jar:?]
	at org.apache.hadoop.ipc.Server$RpcCall.run(Server.java:1035) [hadoop-common-3.3.1.jar:?]
	at org.apache.hadoop.ipc.Server$RpcCall.run(Server.java:963) [hadoop-common-3.3.1.jar:?]
	at java.security.AccessController.doPrivileged(Native Method) ~[?:1.8.0_322]
	at javax.security.auth.Subject.doAs(Subject.java:422) [?:1.8.0_322]
	at org.apache.hadoop.security.UserGroupInformation.doAs(UserGroupInformation.java:1878) [hadoop-common-3.3.1.jar:?]
	at org.apache.hadoop.ipc.Server$Handler.run(Server.java:2966) [hadoop-common-3.3.1.jar:?]
]]></system-out>
  </testcase>
  <testcase name="testRenameDestinationParentDoesntExist" classname="TestOzoneFileSystem" time="0.056">
    <system-out><![CDATA[04:15:10.592 [IPC Server handler 14 on default port 38503] ERROR OMAudit - user=runner | ip=127.0.0.1 | op=GET_FILE_STATUS {volume=volume87548, bucket=bucket21072, key=root_dir/b/c, dataSize=0, replicationConfig=null} | ret=FAILURE
org.apache.hadoop.ozone.om.exceptions.OMException: Unable to get file status: volume: volume87548 bucket: bucket21072 key: root_dir/b/c
	at org.apache.hadoop.ozone.om.KeyManagerImpl.getOzoneFileStatus(KeyManagerImpl.java:1280) ~[ozone-manager-1.3.0-SNAPSHOT.jar:?]
	at org.apache.hadoop.ozone.om.KeyManagerImpl.getFileStatus(KeyManagerImpl.java:1210) ~[ozone-manager-1.3.0-SNAPSHOT.jar:?]
	at org.apache.hadoop.ozone.om.OzoneManager.getFileStatus(OzoneManager.java:3009) ~[ozone-manager-1.3.0-SNAPSHOT.jar:?]
	at org.apache.hadoop.ozone.protocolPB.OzoneManagerRequestHandler.getOzoneFileStatus(OzoneManagerRequestHandler.java:670) ~[ozone-manager-1.3.0-SNAPSHOT.jar:?]
	at org.apache.hadoop.ozone.protocolPB.OzoneManagerRequestHandler.handleReadRequest(OzoneManagerRequestHandler.java:201) ~[ozone-manager-1.3.0-SNAPSHOT.jar:?]
	at org.apache.hadoop.ozone.protocolPB.OzoneManagerProtocolServerSideTranslatorPB.submitReadRequestToOM(OzoneManagerProtocolServerSideTranslatorPB.java:213) ~[ozone-manager-1.3.0-SNAPSHOT.jar:?]
	at org.apache.hadoop.ozone.protocolPB.OzoneManagerProtocolServerSideTranslatorPB.processRequest(OzoneManagerProtocolServerSideTranslatorPB.java:174) ~[ozone-manager-1.3.0-SNAPSHOT.jar:?]
	at org.apache.hadoop.hdds.server.OzoneProtocolMessageDispatcher.processRequest(OzoneProtocolMessageDispatcher.java:87) [hdds-server-framework-1.3.0-SNAPSHOT.jar:?]
	at org.apache.hadoop.ozone.protocolPB.OzoneManagerProtocolServerSideTranslatorPB.submitRequest(OzoneManagerProtocolServerSideTranslatorPB.java:146) [ozone-manager-1.3.0-SNAPSHOT.jar:?]
	at org.apache.hadoop.ozone.protocol.proto.OzoneManagerProtocolProtos$OzoneManagerService$2.callBlockingMethod(OzoneManagerProtocolProtos.java) [ozone-interface-client-1.3.0-SNAPSHOT.jar:?]
	at org.apache.hadoop.ipc.ProtobufRpcEngine$Server.processCall(ProtobufRpcEngine.java:466) [hadoop-common-3.3.1.jar:?]
	at org.apache.hadoop.ipc.ProtobufRpcEngine2$Server$ProtoBufRpcInvoker.call(ProtobufRpcEngine2.java:574) [hadoop-common-3.3.1.jar:?]
	at org.apache.hadoop.ipc.ProtobufRpcEngine2$Server$ProtoBufRpcInvoker.call(ProtobufRpcEngine2.java:552) [hadoop-common-3.3.1.jar:?]
	at org.apache.hadoop.ipc.RPC$Server.call(RPC.java:1093) [hadoop-common-3.3.1.jar:?]
	at org.apache.hadoop.ipc.Server$RpcCall.run(Server.java:1035) [hadoop-common-3.3.1.jar:?]
	at org.apache.hadoop.ipc.Server$RpcCall.run(Server.java:963) [hadoop-common-3.3.1.jar:?]
	at java.security.AccessController.doPrivileged(Native Method) ~[?:1.8.0_322]
	at javax.security.auth.Subject.doAs(Subject.java:422) [?:1.8.0_322]
	at org.apache.hadoop.security.UserGroupInformation.doAs(UserGroupInformation.java:1878) [hadoop-common-3.3.1.jar:?]
	at org.apache.hadoop.ipc.Server$Handler.run(Server.java:2966) [hadoop-common-3.3.1.jar:?]
04:15:10.595 [IPC Server handler 13 on default port 38503] ERROR OMAudit - user=runner | ip=127.0.0.1 | op=GET_FILE_STATUS {volume=volume87548, bucket=bucket21072, key=root_dir/b, dataSize=0, replicationConfig=null} | ret=FAILURE
org.apache.hadoop.ozone.om.exceptions.OMException: Unable to get file status: volume: volume87548 bucket: bucket21072 key: root_dir/b
	at org.apache.hadoop.ozone.om.KeyManagerImpl.getOzoneFileStatus(KeyManagerImpl.java:1280) ~[ozone-manager-1.3.0-SNAPSHOT.jar:?]
	at org.apache.hadoop.ozone.om.KeyManagerImpl.getFileStatus(KeyManagerImpl.java:1210) ~[ozone-manager-1.3.0-SNAPSHOT.jar:?]
	at org.apache.hadoop.ozone.om.OzoneManager.getFileStatus(OzoneManager.java:3009) ~[ozone-manager-1.3.0-SNAPSHOT.jar:?]
	at org.apache.hadoop.ozone.protocolPB.OzoneManagerRequestHandler.getOzoneFileStatus(OzoneManagerRequestHandler.java:670) ~[ozone-manager-1.3.0-SNAPSHOT.jar:?]
	at org.apache.hadoop.ozone.protocolPB.OzoneManagerRequestHandler.handleReadRequest(OzoneManagerRequestHandler.java:201) ~[ozone-manager-1.3.0-SNAPSHOT.jar:?]
	at org.apache.hadoop.ozone.protocolPB.OzoneManagerProtocolServerSideTranslatorPB.submitReadRequestToOM(OzoneManagerProtocolServerSideTranslatorPB.java:213) ~[ozone-manager-1.3.0-SNAPSHOT.jar:?]
	at org.apache.hadoop.ozone.protocolPB.OzoneManagerProtocolServerSideTranslatorPB.processRequest(OzoneManagerProtocolServerSideTranslatorPB.java:174) ~[ozone-manager-1.3.0-SNAPSHOT.jar:?]
	at org.apache.hadoop.hdds.server.OzoneProtocolMessageDispatcher.processRequest(OzoneProtocolMessageDispatcher.java:87) [hdds-server-framework-1.3.0-SNAPSHOT.jar:?]
	at org.apache.hadoop.ozone.protocolPB.OzoneManagerProtocolServerSideTranslatorPB.submitRequest(OzoneManagerProtocolServerSideTranslatorPB.java:146) [ozone-manager-1.3.0-SNAPSHOT.jar:?]
	at org.apache.hadoop.ozone.protocol.proto.OzoneManagerProtocolProtos$OzoneManagerService$2.callBlockingMethod(OzoneManagerProtocolProtos.java) [ozone-interface-client-1.3.0-SNAPSHOT.jar:?]
	at org.apache.hadoop.ipc.ProtobufRpcEngine$Server.processCall(ProtobufRpcEngine.java:466) [hadoop-common-3.3.1.jar:?]
	at org.apache.hadoop.ipc.ProtobufRpcEngine2$Server$ProtoBufRpcInvoker.call(ProtobufRpcEngine2.java:574) [hadoop-common-3.3.1.jar:?]
	at org.apache.hadoop.ipc.ProtobufRpcEngine2$Server$ProtoBufRpcInvoker.call(ProtobufRpcEngine2.java:552) [hadoop-common-3.3.1.jar:?]
	at org.apache.hadoop.ipc.RPC$Server.call(RPC.java:1093) [hadoop-common-3.3.1.jar:?]
	at org.apache.hadoop.ipc.Server$RpcCall.run(Server.java:1035) [hadoop-common-3.3.1.jar:?]
	at org.apache.hadoop.ipc.Server$RpcCall.run(Server.java:963) [hadoop-common-3.3.1.jar:?]
	at java.security.AccessController.doPrivileged(Native Method) ~[?:1.8.0_322]
	at javax.security.auth.Subject.doAs(Subject.java:422) [?:1.8.0_322]
	at org.apache.hadoop.security.UserGroupInformation.doAs(UserGroupInformation.java:1878) [hadoop-common-3.3.1.jar:?]
	at org.apache.hadoop.ipc.Server$Handler.run(Server.java:2966) [hadoop-common-3.3.1.jar:?]
04:15:10.614 [IPC Server handler 11 on default port 38503] ERROR OMAudit - user=runner | ip=127.0.0.1 | op=GET_FILE_STATUS {volume=volume87548, bucket=bucket21072, key=root_dir/file1/c, dataSize=0, replicationConfig=null} | ret=FAILURE
org.apache.hadoop.ozone.om.exceptions.OMException: Unable to get file status: volume: volume87548 bucket: bucket21072 key: root_dir/file1/c
	at org.apache.hadoop.ozone.om.KeyManagerImpl.getOzoneFileStatus(KeyManagerImpl.java:1280) ~[ozone-manager-1.3.0-SNAPSHOT.jar:?]
	at org.apache.hadoop.ozone.om.KeyManagerImpl.getFileStatus(KeyManagerImpl.java:1210) ~[ozone-manager-1.3.0-SNAPSHOT.jar:?]
	at org.apache.hadoop.ozone.om.OzoneManager.getFileStatus(OzoneManager.java:3009) ~[ozone-manager-1.3.0-SNAPSHOT.jar:?]
	at org.apache.hadoop.ozone.protocolPB.OzoneManagerRequestHandler.getOzoneFileStatus(OzoneManagerRequestHandler.java:670) ~[ozone-manager-1.3.0-SNAPSHOT.jar:?]
	at org.apache.hadoop.ozone.protocolPB.OzoneManagerRequestHandler.handleReadRequest(OzoneManagerRequestHandler.java:201) ~[ozone-manager-1.3.0-SNAPSHOT.jar:?]
	at org.apache.hadoop.ozone.protocolPB.OzoneManagerProtocolServerSideTranslatorPB.submitReadRequestToOM(OzoneManagerProtocolServerSideTranslatorPB.java:213) ~[ozone-manager-1.3.0-SNAPSHOT.jar:?]
	at org.apache.hadoop.ozone.protocolPB.OzoneManagerProtocolServerSideTranslatorPB.processRequest(OzoneManagerProtocolServerSideTranslatorPB.java:174) ~[ozone-manager-1.3.0-SNAPSHOT.jar:?]
	at org.apache.hadoop.hdds.server.OzoneProtocolMessageDispatcher.processRequest(OzoneProtocolMessageDispatcher.java:87) [hdds-server-framework-1.3.0-SNAPSHOT.jar:?]
	at org.apache.hadoop.ozone.protocolPB.OzoneManagerProtocolServerSideTranslatorPB.submitRequest(OzoneManagerProtocolServerSideTranslatorPB.java:146) [ozone-manager-1.3.0-SNAPSHOT.jar:?]
	at org.apache.hadoop.ozone.protocol.proto.OzoneManagerProtocolProtos$OzoneManagerService$2.callBlockingMethod(OzoneManagerProtocolProtos.java) [ozone-interface-client-1.3.0-SNAPSHOT.jar:?]
	at org.apache.hadoop.ipc.ProtobufRpcEngine$Server.processCall(ProtobufRpcEngine.java:466) [hadoop-common-3.3.1.jar:?]
	at org.apache.hadoop.ipc.ProtobufRpcEngine2$Server$ProtoBufRpcInvoker.call(ProtobufRpcEngine2.java:574) [hadoop-common-3.3.1.jar:?]
	at org.apache.hadoop.ipc.ProtobufRpcEngine2$Server$ProtoBufRpcInvoker.call(ProtobufRpcEngine2.java:552) [hadoop-common-3.3.1.jar:?]
	at org.apache.hadoop.ipc.RPC$Server.call(RPC.java:1093) [hadoop-common-3.3.1.jar:?]
	at org.apache.hadoop.ipc.Server$RpcCall.run(Server.java:1035) [hadoop-common-3.3.1.jar:?]
	at org.apache.hadoop.ipc.Server$RpcCall.run(Server.java:963) [hadoop-common-3.3.1.jar:?]
	at java.security.AccessController.doPrivileged(Native Method) ~[?:1.8.0_322]
	at javax.security.auth.Subject.doAs(Subject.java:422) [?:1.8.0_322]
	at org.apache.hadoop.security.UserGroupInformation.doAs(UserGroupInformation.java:1878) [hadoop-common-3.3.1.jar:?]
	at org.apache.hadoop.ipc.Server$Handler.run(Server.java:2966) [hadoop-common-3.3.1.jar:?]
]]></system-out>
  </testcase>
  <testcase name="testRenameDestinationParentDoesntExist" classname="TestOzoneFileSystem" time="0.053">
    <system-out><![CDATA[04:16:17.056 [IPC Server handler 1 on default port 40137] ERROR OMAudit - user=runner | ip=127.0.0.1 | op=GET_FILE_STATUS {volume=volume25603, bucket=bucket32835, key=root_dir/b/c, dataSize=0, replicationConfig=null} | ret=FAILURE
org.apache.hadoop.ozone.om.exceptions.OMException: Unable to get file status: volume: volume25603 bucket: bucket32835 key: root_dir/b/c
	at org.apache.hadoop.ozone.om.KeyManagerImpl.getOzoneFileStatus(KeyManagerImpl.java:1280) ~[ozone-manager-1.3.0-SNAPSHOT.jar:?]
	at org.apache.hadoop.ozone.om.KeyManagerImpl.getFileStatus(KeyManagerImpl.java:1210) ~[ozone-manager-1.3.0-SNAPSHOT.jar:?]
	at org.apache.hadoop.ozone.om.OzoneManager.getFileStatus(OzoneManager.java:3009) ~[ozone-manager-1.3.0-SNAPSHOT.jar:?]
	at org.apache.hadoop.ozone.protocolPB.OzoneManagerRequestHandler.getOzoneFileStatus(OzoneManagerRequestHandler.java:670) ~[ozone-manager-1.3.0-SNAPSHOT.jar:?]
	at org.apache.hadoop.ozone.protocolPB.OzoneManagerRequestHandler.handleReadRequest(OzoneManagerRequestHandler.java:201) ~[ozone-manager-1.3.0-SNAPSHOT.jar:?]
	at org.apache.hadoop.ozone.protocolPB.OzoneManagerProtocolServerSideTranslatorPB.submitRequestDirectlyToOM(OzoneManagerProtocolServerSideTranslatorPB.java:271) ~[ozone-manager-1.3.0-SNAPSHOT.jar:?]
	at org.apache.hadoop.ozone.protocolPB.OzoneManagerProtocolServerSideTranslatorPB.processRequest(OzoneManagerProtocolServerSideTranslatorPB.java:195) ~[ozone-manager-1.3.0-SNAPSHOT.jar:?]
	at org.apache.hadoop.hdds.server.OzoneProtocolMessageDispatcher.processRequest(OzoneProtocolMessageDispatcher.java:87) [hdds-server-framework-1.3.0-SNAPSHOT.jar:?]
	at org.apache.hadoop.ozone.protocolPB.OzoneManagerProtocolServerSideTranslatorPB.submitRequest(OzoneManagerProtocolServerSideTranslatorPB.java:146) [ozone-manager-1.3.0-SNAPSHOT.jar:?]
	at org.apache.hadoop.ozone.protocol.proto.OzoneManagerProtocolProtos$OzoneManagerService$2.callBlockingMethod(OzoneManagerProtocolProtos.java) [ozone-interface-client-1.3.0-SNAPSHOT.jar:?]
	at org.apache.hadoop.ipc.ProtobufRpcEngine$Server.processCall(ProtobufRpcEngine.java:466) [hadoop-common-3.3.1.jar:?]
	at org.apache.hadoop.ipc.ProtobufRpcEngine2$Server$ProtoBufRpcInvoker.call(ProtobufRpcEngine2.java:574) [hadoop-common-3.3.1.jar:?]
	at org.apache.hadoop.ipc.ProtobufRpcEngine2$Server$ProtoBufRpcInvoker.call(ProtobufRpcEngine2.java:552) [hadoop-common-3.3.1.jar:?]
	at org.apache.hadoop.ipc.RPC$Server.call(RPC.java:1093) [hadoop-common-3.3.1.jar:?]
	at org.apache.hadoop.ipc.Server$RpcCall.run(Server.java:1035) [hadoop-common-3.3.1.jar:?]
	at org.apache.hadoop.ipc.Server$RpcCall.run(Server.java:963) [hadoop-common-3.3.1.jar:?]
	at java.security.AccessController.doPrivileged(Native Method) ~[?:1.8.0_322]
	at javax.security.auth.Subject.doAs(Subject.java:422) [?:1.8.0_322]
	at org.apache.hadoop.security.UserGroupInformation.doAs(UserGroupInformation.java:1878) [hadoop-common-3.3.1.jar:?]
	at org.apache.hadoop.ipc.Server$Handler.run(Server.java:2966) [hadoop-common-3.3.1.jar:?]
04:16:17.057 [IPC Server handler 14 on default port 40137] ERROR OMAudit - user=runner | ip=127.0.0.1 | op=GET_FILE_STATUS {volume=volume25603, bucket=bucket32835, key=root_dir/b, dataSize=0, replicationConfig=null} | ret=FAILURE
org.apache.hadoop.ozone.om.exceptions.OMException: Unable to get file status: volume: volume25603 bucket: bucket32835 key: root_dir/b
	at org.apache.hadoop.ozone.om.KeyManagerImpl.getOzoneFileStatus(KeyManagerImpl.java:1280) ~[ozone-manager-1.3.0-SNAPSHOT.jar:?]
	at org.apache.hadoop.ozone.om.KeyManagerImpl.getFileStatus(KeyManagerImpl.java:1210) ~[ozone-manager-1.3.0-SNAPSHOT.jar:?]
	at org.apache.hadoop.ozone.om.OzoneManager.getFileStatus(OzoneManager.java:3009) ~[ozone-manager-1.3.0-SNAPSHOT.jar:?]
	at org.apache.hadoop.ozone.protocolPB.OzoneManagerRequestHandler.getOzoneFileStatus(OzoneManagerRequestHandler.java:670) ~[ozone-manager-1.3.0-SNAPSHOT.jar:?]
	at org.apache.hadoop.ozone.protocolPB.OzoneManagerRequestHandler.handleReadRequest(OzoneManagerRequestHandler.java:201) ~[ozone-manager-1.3.0-SNAPSHOT.jar:?]
	at org.apache.hadoop.ozone.protocolPB.OzoneManagerProtocolServerSideTranslatorPB.submitRequestDirectlyToOM(OzoneManagerProtocolServerSideTranslatorPB.java:271) ~[ozone-manager-1.3.0-SNAPSHOT.jar:?]
	at org.apache.hadoop.ozone.protocolPB.OzoneManagerProtocolServerSideTranslatorPB.processRequest(OzoneManagerProtocolServerSideTranslatorPB.java:195) ~[ozone-manager-1.3.0-SNAPSHOT.jar:?]
	at org.apache.hadoop.hdds.server.OzoneProtocolMessageDispatcher.processRequest(OzoneProtocolMessageDispatcher.java:87) [hdds-server-framework-1.3.0-SNAPSHOT.jar:?]
	at org.apache.hadoop.ozone.protocolPB.OzoneManagerProtocolServerSideTranslatorPB.submitRequest(OzoneManagerProtocolServerSideTranslatorPB.java:146) [ozone-manager-1.3.0-SNAPSHOT.jar:?]
	at org.apache.hadoop.ozone.protocol.proto.OzoneManagerProtocolProtos$OzoneManagerService$2.callBlockingMethod(OzoneManagerProtocolProtos.java) [ozone-interface-client-1.3.0-SNAPSHOT.jar:?]
	at org.apache.hadoop.ipc.ProtobufRpcEngine$Server.processCall(ProtobufRpcEngine.java:466) [hadoop-common-3.3.1.jar:?]
	at org.apache.hadoop.ipc.ProtobufRpcEngine2$Server$ProtoBufRpcInvoker.call(ProtobufRpcEngine2.java:574) [hadoop-common-3.3.1.jar:?]
	at org.apache.hadoop.ipc.ProtobufRpcEngine2$Server$ProtoBufRpcInvoker.call(ProtobufRpcEngine2.java:552) [hadoop-common-3.3.1.jar:?]
	at org.apache.hadoop.ipc.RPC$Server.call(RPC.java:1093) [hadoop-common-3.3.1.jar:?]
	at org.apache.hadoop.ipc.Server$RpcCall.run(Server.java:1035) [hadoop-common-3.3.1.jar:?]
	at org.apache.hadoop.ipc.Server$RpcCall.run(Server.java:963) [hadoop-common-3.3.1.jar:?]
	at java.security.AccessController.doPrivileged(Native Method) ~[?:1.8.0_322]
	at javax.security.auth.Subject.doAs(Subject.java:422) [?:1.8.0_322]
	at org.apache.hadoop.security.UserGroupInformation.doAs(UserGroupInformation.java:1878) [hadoop-common-3.3.1.jar:?]
	at org.apache.hadoop.ipc.Server$Handler.run(Server.java:2966) [hadoop-common-3.3.1.jar:?]
04:16:17.065 [IPC Server handler 13 on default port 40137] ERROR OMAudit - user=runner | ip=127.0.0.1 | op=GET_FILE_STATUS {volume=volume25603, bucket=bucket32835, key=root_dir/file1/c, dataSize=0, replicationConfig=null} | ret=FAILURE
org.apache.hadoop.ozone.om.exceptions.OMException: Unable to get file status: volume: volume25603 bucket: bucket32835 key: root_dir/file1/c
	at org.apache.hadoop.ozone.om.KeyManagerImpl.getOzoneFileStatus(KeyManagerImpl.java:1280) ~[ozone-manager-1.3.0-SNAPSHOT.jar:?]
	at org.apache.hadoop.ozone.om.KeyManagerImpl.getFileStatus(KeyManagerImpl.java:1210) ~[ozone-manager-1.3.0-SNAPSHOT.jar:?]
	at org.apache.hadoop.ozone.om.OzoneManager.getFileStatus(OzoneManager.java:3009) ~[ozone-manager-1.3.0-SNAPSHOT.jar:?]
	at org.apache.hadoop.ozone.protocolPB.OzoneManagerRequestHandler.getOzoneFileStatus(OzoneManagerRequestHandler.java:670) ~[ozone-manager-1.3.0-SNAPSHOT.jar:?]
	at org.apache.hadoop.ozone.protocolPB.OzoneManagerRequestHandler.handleReadRequest(OzoneManagerRequestHandler.java:201) ~[ozone-manager-1.3.0-SNAPSHOT.jar:?]
	at org.apache.hadoop.ozone.protocolPB.OzoneManagerProtocolServerSideTranslatorPB.submitRequestDirectlyToOM(OzoneManagerProtocolServerSideTranslatorPB.java:271) ~[ozone-manager-1.3.0-SNAPSHOT.jar:?]
	at org.apache.hadoop.ozone.protocolPB.OzoneManagerProtocolServerSideTranslatorPB.processRequest(OzoneManagerProtocolServerSideTranslatorPB.java:195) ~[ozone-manager-1.3.0-SNAPSHOT.jar:?]
	at org.apache.hadoop.hdds.server.OzoneProtocolMessageDispatcher.processRequest(OzoneProtocolMessageDispatcher.java:87) [hdds-server-framework-1.3.0-SNAPSHOT.jar:?]
	at org.apache.hadoop.ozone.protocolPB.OzoneManagerProtocolServerSideTranslatorPB.submitRequest(OzoneManagerProtocolServerSideTranslatorPB.java:146) [ozone-manager-1.3.0-SNAPSHOT.jar:?]
	at org.apache.hadoop.ozone.protocol.proto.OzoneManagerProtocolProtos$OzoneManagerService$2.callBlockingMethod(OzoneManagerProtocolProtos.java) [ozone-interface-client-1.3.0-SNAPSHOT.jar:?]
	at org.apache.hadoop.ipc.ProtobufRpcEngine$Server.processCall(ProtobufRpcEngine.java:466) [hadoop-common-3.3.1.jar:?]
	at org.apache.hadoop.ipc.ProtobufRpcEngine2$Server$ProtoBufRpcInvoker.call(ProtobufRpcEngine2.java:574) [hadoop-common-3.3.1.jar:?]
	at org.apache.hadoop.ipc.ProtobufRpcEngine2$Server$ProtoBufRpcInvoker.call(ProtobufRpcEngine2.java:552) [hadoop-common-3.3.1.jar:?]
	at org.apache.hadoop.ipc.RPC$Server.call(RPC.java:1093) [hadoop-common-3.3.1.jar:?]
	at org.apache.hadoop.ipc.Server$RpcCall.run(Server.java:1035) [hadoop-common-3.3.1.jar:?]
	at org.apache.hadoop.ipc.Server$RpcCall.run(Server.java:963) [hadoop-common-3.3.1.jar:?]
	at java.security.AccessController.doPrivileged(Native Method) ~[?:1.8.0_322]
	at javax.security.auth.Subject.doAs(Subject.java:422) [?:1.8.0_322]
	at org.apache.hadoop.security.UserGroupInformation.doAs(UserGroupInformation.java:1878) [hadoop-common-3.3.1.jar:?]
	at org.apache.hadoop.ipc.Server$Handler.run(Server.java:2966) [hadoop-common-3.3.1.jar:?]
]]></system-out>
  </testcase>
  <testcase name="testRenameDestinationParentDoesntExist" classname="TestOzoneFileSystem" time="0.056">
    <system-out><![CDATA[04:17:14.143 [IPC Server handler 4 on default port 45981] ERROR OMAudit - user=runner | ip=127.0.0.1 | op=GET_FILE_STATUS {volume=volume21477, bucket=bucket24700, key=root_dir/b/c, dataSize=0, replicationConfig=null} | ret=FAILURE
org.apache.hadoop.ozone.om.exceptions.OMException: Unable to get file status: volume: volume21477 bucket: bucket24700 key: root_dir/b/c
	at org.apache.hadoop.ozone.om.KeyManagerImpl.getOzoneFileStatus(KeyManagerImpl.java:1280) ~[ozone-manager-1.3.0-SNAPSHOT.jar:?]
	at org.apache.hadoop.ozone.om.KeyManagerImpl.getFileStatus(KeyManagerImpl.java:1210) ~[ozone-manager-1.3.0-SNAPSHOT.jar:?]
	at org.apache.hadoop.ozone.om.OzoneManager.getFileStatus(OzoneManager.java:3009) ~[ozone-manager-1.3.0-SNAPSHOT.jar:?]
	at org.apache.hadoop.ozone.protocolPB.OzoneManagerRequestHandler.getOzoneFileStatus(OzoneManagerRequestHandler.java:670) ~[ozone-manager-1.3.0-SNAPSHOT.jar:?]
	at org.apache.hadoop.ozone.protocolPB.OzoneManagerRequestHandler.handleReadRequest(OzoneManagerRequestHandler.java:201) ~[ozone-manager-1.3.0-SNAPSHOT.jar:?]
	at org.apache.hadoop.ozone.protocolPB.OzoneManagerProtocolServerSideTranslatorPB.submitReadRequestToOM(OzoneManagerProtocolServerSideTranslatorPB.java:213) ~[ozone-manager-1.3.0-SNAPSHOT.jar:?]
	at org.apache.hadoop.ozone.protocolPB.OzoneManagerProtocolServerSideTranslatorPB.processRequest(OzoneManagerProtocolServerSideTranslatorPB.java:174) ~[ozone-manager-1.3.0-SNAPSHOT.jar:?]
	at org.apache.hadoop.hdds.server.OzoneProtocolMessageDispatcher.processRequest(OzoneProtocolMessageDispatcher.java:87) [hdds-server-framework-1.3.0-SNAPSHOT.jar:?]
	at org.apache.hadoop.ozone.protocolPB.OzoneManagerProtocolServerSideTranslatorPB.submitRequest(OzoneManagerProtocolServerSideTranslatorPB.java:146) [ozone-manager-1.3.0-SNAPSHOT.jar:?]
	at org.apache.hadoop.ozone.protocol.proto.OzoneManagerProtocolProtos$OzoneManagerService$2.callBlockingMethod(OzoneManagerProtocolProtos.java) [ozone-interface-client-1.3.0-SNAPSHOT.jar:?]
	at org.apache.hadoop.ipc.ProtobufRpcEngine$Server.processCall(ProtobufRpcEngine.java:466) [hadoop-common-3.3.1.jar:?]
	at org.apache.hadoop.ipc.ProtobufRpcEngine2$Server$ProtoBufRpcInvoker.call(ProtobufRpcEngine2.java:574) [hadoop-common-3.3.1.jar:?]
	at org.apache.hadoop.ipc.ProtobufRpcEngine2$Server$ProtoBufRpcInvoker.call(ProtobufRpcEngine2.java:552) [hadoop-common-3.3.1.jar:?]
	at org.apache.hadoop.ipc.RPC$Server.call(RPC.java:1093) [hadoop-common-3.3.1.jar:?]
	at org.apache.hadoop.ipc.Server$RpcCall.run(Server.java:1035) [hadoop-common-3.3.1.jar:?]
	at org.apache.hadoop.ipc.Server$RpcCall.run(Server.java:963) [hadoop-common-3.3.1.jar:?]
	at java.security.AccessController.doPrivileged(Native Method) ~[?:1.8.0_322]
	at javax.security.auth.Subject.doAs(Subject.java:422) [?:1.8.0_322]
	at org.apache.hadoop.security.UserGroupInformation.doAs(UserGroupInformation.java:1878) [hadoop-common-3.3.1.jar:?]
	at org.apache.hadoop.ipc.Server$Handler.run(Server.java:2966) [hadoop-common-3.3.1.jar:?]
04:17:14.150 [IPC Server handler 14 on default port 45981] ERROR OMAudit - user=runner | ip=127.0.0.1 | op=GET_FILE_STATUS {volume=volume21477, bucket=bucket24700, key=root_dir/b, dataSize=0, replicationConfig=null} | ret=FAILURE
org.apache.hadoop.ozone.om.exceptions.OMException: Unable to get file status: volume: volume21477 bucket: bucket24700 key: root_dir/b
	at org.apache.hadoop.ozone.om.KeyManagerImpl.getOzoneFileStatus(KeyManagerImpl.java:1280) ~[ozone-manager-1.3.0-SNAPSHOT.jar:?]
	at org.apache.hadoop.ozone.om.KeyManagerImpl.getFileStatus(KeyManagerImpl.java:1210) ~[ozone-manager-1.3.0-SNAPSHOT.jar:?]
	at org.apache.hadoop.ozone.om.OzoneManager.getFileStatus(OzoneManager.java:3009) ~[ozone-manager-1.3.0-SNAPSHOT.jar:?]
	at org.apache.hadoop.ozone.protocolPB.OzoneManagerRequestHandler.getOzoneFileStatus(OzoneManagerRequestHandler.java:670) ~[ozone-manager-1.3.0-SNAPSHOT.jar:?]
	at org.apache.hadoop.ozone.protocolPB.OzoneManagerRequestHandler.handleReadRequest(OzoneManagerRequestHandler.java:201) ~[ozone-manager-1.3.0-SNAPSHOT.jar:?]
	at org.apache.hadoop.ozone.protocolPB.OzoneManagerProtocolServerSideTranslatorPB.submitReadRequestToOM(OzoneManagerProtocolServerSideTranslatorPB.java:213) ~[ozone-manager-1.3.0-SNAPSHOT.jar:?]
	at org.apache.hadoop.ozone.protocolPB.OzoneManagerProtocolServerSideTranslatorPB.processRequest(OzoneManagerProtocolServerSideTranslatorPB.java:174) ~[ozone-manager-1.3.0-SNAPSHOT.jar:?]
	at org.apache.hadoop.hdds.server.OzoneProtocolMessageDispatcher.processRequest(OzoneProtocolMessageDispatcher.java:87) [hdds-server-framework-1.3.0-SNAPSHOT.jar:?]
	at org.apache.hadoop.ozone.protocolPB.OzoneManagerProtocolServerSideTranslatorPB.submitRequest(OzoneManagerProtocolServerSideTranslatorPB.java:146) [ozone-manager-1.3.0-SNAPSHOT.jar:?]
	at org.apache.hadoop.ozone.protocol.proto.OzoneManagerProtocolProtos$OzoneManagerService$2.callBlockingMethod(OzoneManagerProtocolProtos.java) [ozone-interface-client-1.3.0-SNAPSHOT.jar:?]
	at org.apache.hadoop.ipc.ProtobufRpcEngine$Server.processCall(ProtobufRpcEngine.java:466) [hadoop-common-3.3.1.jar:?]
	at org.apache.hadoop.ipc.ProtobufRpcEngine2$Server$ProtoBufRpcInvoker.call(ProtobufRpcEngine2.java:574) [hadoop-common-3.3.1.jar:?]
	at org.apache.hadoop.ipc.ProtobufRpcEngine2$Server$ProtoBufRpcInvoker.call(ProtobufRpcEngine2.java:552) [hadoop-common-3.3.1.jar:?]
	at org.apache.hadoop.ipc.RPC$Server.call(RPC.java:1093) [hadoop-common-3.3.1.jar:?]
	at org.apache.hadoop.ipc.Server$RpcCall.run(Server.java:1035) [hadoop-common-3.3.1.jar:?]
	at org.apache.hadoop.ipc.Server$RpcCall.run(Server.java:963) [hadoop-common-3.3.1.jar:?]
	at java.security.AccessController.doPrivileged(Native Method) ~[?:1.8.0_322]
	at javax.security.auth.Subject.doAs(Subject.java:422) [?:1.8.0_322]
	at org.apache.hadoop.security.UserGroupInformation.doAs(UserGroupInformation.java:1878) [hadoop-common-3.3.1.jar:?]
	at org.apache.hadoop.ipc.Server$Handler.run(Server.java:2966) [hadoop-common-3.3.1.jar:?]
04:17:14.167 [IPC Server handler 9 on default port 45981] ERROR OMAudit - user=runner | ip=127.0.0.1 | op=GET_FILE_STATUS {volume=volume21477, bucket=bucket24700, key=root_dir/file1/c, dataSize=0, replicationConfig=null} | ret=FAILURE
org.apache.hadoop.ozone.om.exceptions.OMException: Unable to get file status: volume: volume21477 bucket: bucket24700 key: root_dir/file1/c
	at org.apache.hadoop.ozone.om.KeyManagerImpl.getOzoneFileStatus(KeyManagerImpl.java:1280) ~[ozone-manager-1.3.0-SNAPSHOT.jar:?]
	at org.apache.hadoop.ozone.om.KeyManagerImpl.getFileStatus(KeyManagerImpl.java:1210) ~[ozone-manager-1.3.0-SNAPSHOT.jar:?]
	at org.apache.hadoop.ozone.om.OzoneManager.getFileStatus(OzoneManager.java:3009) ~[ozone-manager-1.3.0-SNAPSHOT.jar:?]
	at org.apache.hadoop.ozone.protocolPB.OzoneManagerRequestHandler.getOzoneFileStatus(OzoneManagerRequestHandler.java:670) ~[ozone-manager-1.3.0-SNAPSHOT.jar:?]
	at org.apache.hadoop.ozone.protocolPB.OzoneManagerRequestHandler.handleReadRequest(OzoneManagerRequestHandler.java:201) ~[ozone-manager-1.3.0-SNAPSHOT.jar:?]
	at org.apache.hadoop.ozone.protocolPB.OzoneManagerProtocolServerSideTranslatorPB.submitReadRequestToOM(OzoneManagerProtocolServerSideTranslatorPB.java:213) ~[ozone-manager-1.3.0-SNAPSHOT.jar:?]
	at org.apache.hadoop.ozone.protocolPB.OzoneManagerProtocolServerSideTranslatorPB.processRequest(OzoneManagerProtocolServerSideTranslatorPB.java:174) ~[ozone-manager-1.3.0-SNAPSHOT.jar:?]
	at org.apache.hadoop.hdds.server.OzoneProtocolMessageDispatcher.processRequest(OzoneProtocolMessageDispatcher.java:87) [hdds-server-framework-1.3.0-SNAPSHOT.jar:?]
	at org.apache.hadoop.ozone.protocolPB.OzoneManagerProtocolServerSideTranslatorPB.submitRequest(OzoneManagerProtocolServerSideTranslatorPB.java:146) [ozone-manager-1.3.0-SNAPSHOT.jar:?]
	at org.apache.hadoop.ozone.protocol.proto.OzoneManagerProtocolProtos$OzoneManagerService$2.callBlockingMethod(OzoneManagerProtocolProtos.java) [ozone-interface-client-1.3.0-SNAPSHOT.jar:?]
	at org.apache.hadoop.ipc.ProtobufRpcEngine$Server.processCall(ProtobufRpcEngine.java:466) [hadoop-common-3.3.1.jar:?]
	at org.apache.hadoop.ipc.ProtobufRpcEngine2$Server$ProtoBufRpcInvoker.call(ProtobufRpcEngine2.java:574) [hadoop-common-3.3.1.jar:?]
	at org.apache.hadoop.ipc.ProtobufRpcEngine2$Server$ProtoBufRpcInvoker.call(ProtobufRpcEngine2.java:552) [hadoop-common-3.3.1.jar:?]
	at org.apache.hadoop.ipc.RPC$Server.call(RPC.java:1093) [hadoop-common-3.3.1.jar:?]
	at org.apache.hadoop.ipc.Server$RpcCall.run(Server.java:1035) [hadoop-common-3.3.1.jar:?]
	at org.apache.hadoop.ipc.Server$RpcCall.run(Server.java:963) [hadoop-common-3.3.1.jar:?]
	at java.security.AccessController.doPrivileged(Native Method) ~[?:1.8.0_322]
	at javax.security.auth.Subject.doAs(Subject.java:422) [?:1.8.0_322]
	at org.apache.hadoop.security.UserGroupInformation.doAs(UserGroupInformation.java:1878) [hadoop-common-3.3.1.jar:?]
	at org.apache.hadoop.ipc.Server$Handler.run(Server.java:2966) [hadoop-common-3.3.1.jar:?]
]]></system-out>
  </testcase>
  <testcase name="testRenameDestinationParentDoesntExist" classname="TestOzoneFileSystem" time="0.071">
    <system-out><![CDATA[04:18:26.261 [IPC Server handler 4 on default port 37371] ERROR OMAudit - user=runner | ip=127.0.0.1 | op=GET_FILE_STATUS {volume=volume22323, bucket=bucket47719, key=root_dir/b/c, dataSize=0, replicationConfig=null} | ret=FAILURE
org.apache.hadoop.ozone.om.exceptions.OMException: Unable to get file status: volume: volume22323 bucket: bucket47719 key: root_dir/b/c
	at org.apache.hadoop.ozone.om.KeyManagerImpl.getOzoneFileStatus(KeyManagerImpl.java:1280) ~[ozone-manager-1.3.0-SNAPSHOT.jar:?]
	at org.apache.hadoop.ozone.om.KeyManagerImpl.getFileStatus(KeyManagerImpl.java:1210) ~[ozone-manager-1.3.0-SNAPSHOT.jar:?]
	at org.apache.hadoop.ozone.om.OzoneManager.getFileStatus(OzoneManager.java:3009) ~[ozone-manager-1.3.0-SNAPSHOT.jar:?]
	at org.apache.hadoop.ozone.protocolPB.OzoneManagerRequestHandler.getOzoneFileStatus(OzoneManagerRequestHandler.java:670) ~[ozone-manager-1.3.0-SNAPSHOT.jar:?]
	at org.apache.hadoop.ozone.protocolPB.OzoneManagerRequestHandler.handleReadRequest(OzoneManagerRequestHandler.java:201) ~[ozone-manager-1.3.0-SNAPSHOT.jar:?]
	at org.apache.hadoop.ozone.protocolPB.OzoneManagerProtocolServerSideTranslatorPB.submitRequestDirectlyToOM(OzoneManagerProtocolServerSideTranslatorPB.java:271) ~[ozone-manager-1.3.0-SNAPSHOT.jar:?]
	at org.apache.hadoop.ozone.protocolPB.OzoneManagerProtocolServerSideTranslatorPB.processRequest(OzoneManagerProtocolServerSideTranslatorPB.java:195) ~[ozone-manager-1.3.0-SNAPSHOT.jar:?]
	at org.apache.hadoop.hdds.server.OzoneProtocolMessageDispatcher.processRequest(OzoneProtocolMessageDispatcher.java:87) [hdds-server-framework-1.3.0-SNAPSHOT.jar:?]
	at org.apache.hadoop.ozone.protocolPB.OzoneManagerProtocolServerSideTranslatorPB.submitRequest(OzoneManagerProtocolServerSideTranslatorPB.java:146) [ozone-manager-1.3.0-SNAPSHOT.jar:?]
	at org.apache.hadoop.ozone.protocol.proto.OzoneManagerProtocolProtos$OzoneManagerService$2.callBlockingMethod(OzoneManagerProtocolProtos.java) [ozone-interface-client-1.3.0-SNAPSHOT.jar:?]
	at org.apache.hadoop.ipc.ProtobufRpcEngine$Server.processCall(ProtobufRpcEngine.java:466) [hadoop-common-3.3.1.jar:?]
	at org.apache.hadoop.ipc.ProtobufRpcEngine2$Server$ProtoBufRpcInvoker.call(ProtobufRpcEngine2.java:574) [hadoop-common-3.3.1.jar:?]
	at org.apache.hadoop.ipc.ProtobufRpcEngine2$Server$ProtoBufRpcInvoker.call(ProtobufRpcEngine2.java:552) [hadoop-common-3.3.1.jar:?]
	at org.apache.hadoop.ipc.RPC$Server.call(RPC.java:1093) [hadoop-common-3.3.1.jar:?]
	at org.apache.hadoop.ipc.Server$RpcCall.run(Server.java:1035) [hadoop-common-3.3.1.jar:?]
	at org.apache.hadoop.ipc.Server$RpcCall.run(Server.java:963) [hadoop-common-3.3.1.jar:?]
	at java.security.AccessController.doPrivileged(Native Method) ~[?:1.8.0_322]
	at javax.security.auth.Subject.doAs(Subject.java:422) [?:1.8.0_322]
	at org.apache.hadoop.security.UserGroupInformation.doAs(UserGroupInformation.java:1878) [hadoop-common-3.3.1.jar:?]
	at org.apache.hadoop.ipc.Server$Handler.run(Server.java:2966) [hadoop-common-3.3.1.jar:?]
04:18:26.265 [IPC Server handler 3 on default port 37371] ERROR OMAudit - user=runner | ip=127.0.0.1 | op=GET_FILE_STATUS {volume=volume22323, bucket=bucket47719, key=root_dir/b, dataSize=0, replicationConfig=null} | ret=FAILURE
org.apache.hadoop.ozone.om.exceptions.OMException: Unable to get file status: volume: volume22323 bucket: bucket47719 key: root_dir/b
	at org.apache.hadoop.ozone.om.KeyManagerImpl.getOzoneFileStatus(KeyManagerImpl.java:1280) ~[ozone-manager-1.3.0-SNAPSHOT.jar:?]
	at org.apache.hadoop.ozone.om.KeyManagerImpl.getFileStatus(KeyManagerImpl.java:1210) ~[ozone-manager-1.3.0-SNAPSHOT.jar:?]
	at org.apache.hadoop.ozone.om.OzoneManager.getFileStatus(OzoneManager.java:3009) ~[ozone-manager-1.3.0-SNAPSHOT.jar:?]
	at org.apache.hadoop.ozone.protocolPB.OzoneManagerRequestHandler.getOzoneFileStatus(OzoneManagerRequestHandler.java:670) ~[ozone-manager-1.3.0-SNAPSHOT.jar:?]
	at org.apache.hadoop.ozone.protocolPB.OzoneManagerRequestHandler.handleReadRequest(OzoneManagerRequestHandler.java:201) ~[ozone-manager-1.3.0-SNAPSHOT.jar:?]
	at org.apache.hadoop.ozone.protocolPB.OzoneManagerProtocolServerSideTranslatorPB.submitRequestDirectlyToOM(OzoneManagerProtocolServerSideTranslatorPB.java:271) ~[ozone-manager-1.3.0-SNAPSHOT.jar:?]
	at org.apache.hadoop.ozone.protocolPB.OzoneManagerProtocolServerSideTranslatorPB.processRequest(OzoneManagerProtocolServerSideTranslatorPB.java:195) ~[ozone-manager-1.3.0-SNAPSHOT.jar:?]
	at org.apache.hadoop.hdds.server.OzoneProtocolMessageDispatcher.processRequest(OzoneProtocolMessageDispatcher.java:87) [hdds-server-framework-1.3.0-SNAPSHOT.jar:?]
	at org.apache.hadoop.ozone.protocolPB.OzoneManagerProtocolServerSideTranslatorPB.submitRequest(OzoneManagerProtocolServerSideTranslatorPB.java:146) [ozone-manager-1.3.0-SNAPSHOT.jar:?]
	at org.apache.hadoop.ozone.protocol.proto.OzoneManagerProtocolProtos$OzoneManagerService$2.callBlockingMethod(OzoneManagerProtocolProtos.java) [ozone-interface-client-1.3.0-SNAPSHOT.jar:?]
	at org.apache.hadoop.ipc.ProtobufRpcEngine$Server.processCall(ProtobufRpcEngine.java:466) [hadoop-common-3.3.1.jar:?]
	at org.apache.hadoop.ipc.ProtobufRpcEngine2$Server$ProtoBufRpcInvoker.call(ProtobufRpcEngine2.java:574) [hadoop-common-3.3.1.jar:?]
	at org.apache.hadoop.ipc.ProtobufRpcEngine2$Server$ProtoBufRpcInvoker.call(ProtobufRpcEngine2.java:552) [hadoop-common-3.3.1.jar:?]
	at org.apache.hadoop.ipc.RPC$Server.call(RPC.java:1093) [hadoop-common-3.3.1.jar:?]
	at org.apache.hadoop.ipc.Server$RpcCall.run(Server.java:1035) [hadoop-common-3.3.1.jar:?]
	at org.apache.hadoop.ipc.Server$RpcCall.run(Server.java:963) [hadoop-common-3.3.1.jar:?]
	at java.security.AccessController.doPrivileged(Native Method) ~[?:1.8.0_322]
	at javax.security.auth.Subject.doAs(Subject.java:422) [?:1.8.0_322]
	at org.apache.hadoop.security.UserGroupInformation.doAs(UserGroupInformation.java:1878) [hadoop-common-3.3.1.jar:?]
	at org.apache.hadoop.ipc.Server$Handler.run(Server.java:2966) [hadoop-common-3.3.1.jar:?]
04:18:26.294 [IPC Server handler 7 on default port 37371] ERROR OMAudit - user=runner | ip=127.0.0.1 | op=GET_FILE_STATUS {volume=volume22323, bucket=bucket47719, key=root_dir/file1/c, dataSize=0, replicationConfig=null} | ret=FAILURE
org.apache.hadoop.ozone.om.exceptions.OMException: Unable to get file status: volume: volume22323 bucket: bucket47719 key: root_dir/file1/c
	at org.apache.hadoop.ozone.om.KeyManagerImpl.getOzoneFileStatus(KeyManagerImpl.java:1280) ~[ozone-manager-1.3.0-SNAPSHOT.jar:?]
	at org.apache.hadoop.ozone.om.KeyManagerImpl.getFileStatus(KeyManagerImpl.java:1210) ~[ozone-manager-1.3.0-SNAPSHOT.jar:?]
	at org.apache.hadoop.ozone.om.OzoneManager.getFileStatus(OzoneManager.java:3009) ~[ozone-manager-1.3.0-SNAPSHOT.jar:?]
	at org.apache.hadoop.ozone.protocolPB.OzoneManagerRequestHandler.getOzoneFileStatus(OzoneManagerRequestHandler.java:670) ~[ozone-manager-1.3.0-SNAPSHOT.jar:?]
	at org.apache.hadoop.ozone.protocolPB.OzoneManagerRequestHandler.handleReadRequest(OzoneManagerRequestHandler.java:201) ~[ozone-manager-1.3.0-SNAPSHOT.jar:?]
	at org.apache.hadoop.ozone.protocolPB.OzoneManagerProtocolServerSideTranslatorPB.submitRequestDirectlyToOM(OzoneManagerProtocolServerSideTranslatorPB.java:271) ~[ozone-manager-1.3.0-SNAPSHOT.jar:?]
	at org.apache.hadoop.ozone.protocolPB.OzoneManagerProtocolServerSideTranslatorPB.processRequest(OzoneManagerProtocolServerSideTranslatorPB.java:195) ~[ozone-manager-1.3.0-SNAPSHOT.jar:?]
	at org.apache.hadoop.hdds.server.OzoneProtocolMessageDispatcher.processRequest(OzoneProtocolMessageDispatcher.java:87) [hdds-server-framework-1.3.0-SNAPSHOT.jar:?]
	at org.apache.hadoop.ozone.protocolPB.OzoneManagerProtocolServerSideTranslatorPB.submitRequest(OzoneManagerProtocolServerSideTranslatorPB.java:146) [ozone-manager-1.3.0-SNAPSHOT.jar:?]
	at org.apache.hadoop.ozone.protocol.proto.OzoneManagerProtocolProtos$OzoneManagerService$2.callBlockingMethod(OzoneManagerProtocolProtos.java) [ozone-interface-client-1.3.0-SNAPSHOT.jar:?]
	at org.apache.hadoop.ipc.ProtobufRpcEngine$Server.processCall(ProtobufRpcEngine.java:466) [hadoop-common-3.3.1.jar:?]
	at org.apache.hadoop.ipc.ProtobufRpcEngine2$Server$ProtoBufRpcInvoker.call(ProtobufRpcEngine2.java:574) [hadoop-common-3.3.1.jar:?]
	at org.apache.hadoop.ipc.ProtobufRpcEngine2$Server$ProtoBufRpcInvoker.call(ProtobufRpcEngine2.java:552) [hadoop-common-3.3.1.jar:?]
	at org.apache.hadoop.ipc.RPC$Server.call(RPC.java:1093) [hadoop-common-3.3.1.jar:?]
	at org.apache.hadoop.ipc.Server$RpcCall.run(Server.java:1035) [hadoop-common-3.3.1.jar:?]
	at org.apache.hadoop.ipc.Server$RpcCall.run(Server.java:963) [hadoop-common-3.3.1.jar:?]
	at java.security.AccessController.doPrivileged(Native Method) ~[?:1.8.0_322]
	at javax.security.auth.Subject.doAs(Subject.java:422) [?:1.8.0_322]
	at org.apache.hadoop.security.UserGroupInformation.doAs(UserGroupInformation.java:1878) [hadoop-common-3.3.1.jar:?]
	at org.apache.hadoop.ipc.Server$Handler.run(Server.java:2966) [hadoop-common-3.3.1.jar:?]
]]></system-out>
  </testcase>
  <testcase name="testCreateWithInvalidPaths" classname="TestOzoneFileSystem" time="0.003"/>
  <testcase name="testCreateWithInvalidPaths" classname="TestOzoneFileSystem" time="0.006"/>
  <testcase name="testCreateWithInvalidPaths" classname="TestOzoneFileSystem" time="0.021"/>
  <testcase name="testCreateWithInvalidPaths" classname="TestOzoneFileSystem" time="0.009"/>
  <testcase name="testListStatusOnRoot" classname="TestOzoneFileSystem" time="0.043"/>
  <testcase name="testListStatusOnRoot" classname="TestOzoneFileSystem" time="0.05"/>
  <testcase name="testListStatusOnRoot" classname="TestOzoneFileSystem" time="0.031"/>
  <testcase name="testListStatusOnRoot" classname="TestOzoneFileSystem" time="0.058"/>
  <testcase name="testRenameWithNonExistentSource" classname="TestOzoneFileSystem" time="0.021">
    <system-out><![CDATA[2022-04-24 04:15:10,682 [Time-limited test] INFO  ozone.TestOzoneFileSystem (TestOzoneFileSystem.java:testRenameWithNonExistentSource(853)) - Created destin dir: o3fs://bucket21072.volume87548/root/dir2
2022-04-24 04:15:10,682 [Time-limited test] INFO  ozone.TestOzoneFileSystem (TestOzoneFileSystem.java:testRenameWithNonExistentSource(855)) - Rename op-> source:o3fs://bucket21072.volume87548/root/dir1 to destin:o3fs://bucket21072.volume87548/root/dir2}
04:15:10.683 [IPC Server handler 7 on default port 38503] ERROR OMAudit - user=runner | ip=127.0.0.1 | op=GET_FILE_STATUS {volume=volume87548, bucket=bucket21072, key=root/dir1, dataSize=0, replicationConfig=null} | ret=FAILURE
org.apache.hadoop.ozone.om.exceptions.OMException: Unable to get file status: volume: volume87548 bucket: bucket21072 key: root/dir1
	at org.apache.hadoop.ozone.om.KeyManagerImpl.getOzoneFileStatus(KeyManagerImpl.java:1280) ~[ozone-manager-1.3.0-SNAPSHOT.jar:?]
	at org.apache.hadoop.ozone.om.KeyManagerImpl.getFileStatus(KeyManagerImpl.java:1210) ~[ozone-manager-1.3.0-SNAPSHOT.jar:?]
	at org.apache.hadoop.ozone.om.OzoneManager.getFileStatus(OzoneManager.java:3009) ~[ozone-manager-1.3.0-SNAPSHOT.jar:?]
	at org.apache.hadoop.ozone.protocolPB.OzoneManagerRequestHandler.getOzoneFileStatus(OzoneManagerRequestHandler.java:670) ~[ozone-manager-1.3.0-SNAPSHOT.jar:?]
	at org.apache.hadoop.ozone.protocolPB.OzoneManagerRequestHandler.handleReadRequest(OzoneManagerRequestHandler.java:201) ~[ozone-manager-1.3.0-SNAPSHOT.jar:?]
	at org.apache.hadoop.ozone.protocolPB.OzoneManagerProtocolServerSideTranslatorPB.submitReadRequestToOM(OzoneManagerProtocolServerSideTranslatorPB.java:213) ~[ozone-manager-1.3.0-SNAPSHOT.jar:?]
	at org.apache.hadoop.ozone.protocolPB.OzoneManagerProtocolServerSideTranslatorPB.processRequest(OzoneManagerProtocolServerSideTranslatorPB.java:174) ~[ozone-manager-1.3.0-SNAPSHOT.jar:?]
	at org.apache.hadoop.hdds.server.OzoneProtocolMessageDispatcher.processRequest(OzoneProtocolMessageDispatcher.java:87) [hdds-server-framework-1.3.0-SNAPSHOT.jar:?]
	at org.apache.hadoop.ozone.protocolPB.OzoneManagerProtocolServerSideTranslatorPB.submitRequest(OzoneManagerProtocolServerSideTranslatorPB.java:146) [ozone-manager-1.3.0-SNAPSHOT.jar:?]
	at org.apache.hadoop.ozone.protocol.proto.OzoneManagerProtocolProtos$OzoneManagerService$2.callBlockingMethod(OzoneManagerProtocolProtos.java) [ozone-interface-client-1.3.0-SNAPSHOT.jar:?]
	at org.apache.hadoop.ipc.ProtobufRpcEngine$Server.processCall(ProtobufRpcEngine.java:466) [hadoop-common-3.3.1.jar:?]
	at org.apache.hadoop.ipc.ProtobufRpcEngine2$Server$ProtoBufRpcInvoker.call(ProtobufRpcEngine2.java:574) [hadoop-common-3.3.1.jar:?]
	at org.apache.hadoop.ipc.ProtobufRpcEngine2$Server$ProtoBufRpcInvoker.call(ProtobufRpcEngine2.java:552) [hadoop-common-3.3.1.jar:?]
	at org.apache.hadoop.ipc.RPC$Server.call(RPC.java:1093) [hadoop-common-3.3.1.jar:?]
	at org.apache.hadoop.ipc.Server$RpcCall.run(Server.java:1035) [hadoop-common-3.3.1.jar:?]
	at org.apache.hadoop.ipc.Server$RpcCall.run(Server.java:963) [hadoop-common-3.3.1.jar:?]
	at java.security.AccessController.doPrivileged(Native Method) ~[?:1.8.0_322]
	at javax.security.auth.Subject.doAs(Subject.java:422) [?:1.8.0_322]
	at org.apache.hadoop.security.UserGroupInformation.doAs(UserGroupInformation.java:1878) [hadoop-common-3.3.1.jar:?]
	at org.apache.hadoop.ipc.Server$Handler.run(Server.java:2966) [hadoop-common-3.3.1.jar:?]
]]></system-out>
  </testcase>
  <testcase name="testRenameWithNonExistentSource" classname="TestOzoneFileSystem" time="0.018">
    <system-out><![CDATA[2022-04-24 04:16:17,148 [Time-limited test] INFO  ozone.TestOzoneFileSystem (TestOzoneFileSystem.java:testRenameWithNonExistentSource(853)) - Created destin dir: o3fs://bucket32835.volume25603/root/dir2
2022-04-24 04:16:17,148 [Time-limited test] INFO  ozone.TestOzoneFileSystem (TestOzoneFileSystem.java:testRenameWithNonExistentSource(855)) - Rename op-> source:o3fs://bucket32835.volume25603/root/dir1 to destin:o3fs://bucket32835.volume25603/root/dir2}
04:16:17.149 [IPC Server handler 11 on default port 40137] ERROR OMAudit - user=runner | ip=127.0.0.1 | op=GET_FILE_STATUS {volume=volume25603, bucket=bucket32835, key=root/dir1, dataSize=0, replicationConfig=null} | ret=FAILURE
org.apache.hadoop.ozone.om.exceptions.OMException: Unable to get file status: volume: volume25603 bucket: bucket32835 key: root/dir1
	at org.apache.hadoop.ozone.om.KeyManagerImpl.getOzoneFileStatus(KeyManagerImpl.java:1280) ~[ozone-manager-1.3.0-SNAPSHOT.jar:?]
	at org.apache.hadoop.ozone.om.KeyManagerImpl.getFileStatus(KeyManagerImpl.java:1210) ~[ozone-manager-1.3.0-SNAPSHOT.jar:?]
	at org.apache.hadoop.ozone.om.OzoneManager.getFileStatus(OzoneManager.java:3009) ~[ozone-manager-1.3.0-SNAPSHOT.jar:?]
	at org.apache.hadoop.ozone.protocolPB.OzoneManagerRequestHandler.getOzoneFileStatus(OzoneManagerRequestHandler.java:670) ~[ozone-manager-1.3.0-SNAPSHOT.jar:?]
	at org.apache.hadoop.ozone.protocolPB.OzoneManagerRequestHandler.handleReadRequest(OzoneManagerRequestHandler.java:201) ~[ozone-manager-1.3.0-SNAPSHOT.jar:?]
	at org.apache.hadoop.ozone.protocolPB.OzoneManagerProtocolServerSideTranslatorPB.submitRequestDirectlyToOM(OzoneManagerProtocolServerSideTranslatorPB.java:271) ~[ozone-manager-1.3.0-SNAPSHOT.jar:?]
	at org.apache.hadoop.ozone.protocolPB.OzoneManagerProtocolServerSideTranslatorPB.processRequest(OzoneManagerProtocolServerSideTranslatorPB.java:195) ~[ozone-manager-1.3.0-SNAPSHOT.jar:?]
	at org.apache.hadoop.hdds.server.OzoneProtocolMessageDispatcher.processRequest(OzoneProtocolMessageDispatcher.java:87) [hdds-server-framework-1.3.0-SNAPSHOT.jar:?]
	at org.apache.hadoop.ozone.protocolPB.OzoneManagerProtocolServerSideTranslatorPB.submitRequest(OzoneManagerProtocolServerSideTranslatorPB.java:146) [ozone-manager-1.3.0-SNAPSHOT.jar:?]
	at org.apache.hadoop.ozone.protocol.proto.OzoneManagerProtocolProtos$OzoneManagerService$2.callBlockingMethod(OzoneManagerProtocolProtos.java) [ozone-interface-client-1.3.0-SNAPSHOT.jar:?]
	at org.apache.hadoop.ipc.ProtobufRpcEngine$Server.processCall(ProtobufRpcEngine.java:466) [hadoop-common-3.3.1.jar:?]
	at org.apache.hadoop.ipc.ProtobufRpcEngine2$Server$ProtoBufRpcInvoker.call(ProtobufRpcEngine2.java:574) [hadoop-common-3.3.1.jar:?]
	at org.apache.hadoop.ipc.ProtobufRpcEngine2$Server$ProtoBufRpcInvoker.call(ProtobufRpcEngine2.java:552) [hadoop-common-3.3.1.jar:?]
	at org.apache.hadoop.ipc.RPC$Server.call(RPC.java:1093) [hadoop-common-3.3.1.jar:?]
	at org.apache.hadoop.ipc.Server$RpcCall.run(Server.java:1035) [hadoop-common-3.3.1.jar:?]
	at org.apache.hadoop.ipc.Server$RpcCall.run(Server.java:963) [hadoop-common-3.3.1.jar:?]
	at java.security.AccessController.doPrivileged(Native Method) ~[?:1.8.0_322]
	at javax.security.auth.Subject.doAs(Subject.java:422) [?:1.8.0_322]
	at org.apache.hadoop.security.UserGroupInformation.doAs(UserGroupInformation.java:1878) [hadoop-common-3.3.1.jar:?]
	at org.apache.hadoop.ipc.Server$Handler.run(Server.java:2966) [hadoop-common-3.3.1.jar:?]
]]></system-out>
  </testcase>
  <testcase name="testRenameWithNonExistentSource" classname="TestOzoneFileSystem" time="0.018">
    <system-out><![CDATA[2022-04-24 04:17:14,239 [Time-limited test] INFO  ozone.TestOzoneFileSystem (TestOzoneFileSystem.java:testRenameWithNonExistentSource(853)) - Created destin dir: o3fs://bucket24700.volume21477/root/dir2
2022-04-24 04:17:14,239 [Time-limited test] INFO  ozone.TestOzoneFileSystem (TestOzoneFileSystem.java:testRenameWithNonExistentSource(855)) - Rename op-> source:o3fs://bucket24700.volume21477/root/dir1 to destin:o3fs://bucket24700.volume21477/root/dir2}
04:17:14.240 [IPC Server handler 0 on default port 45981] ERROR OMAudit - user=runner | ip=127.0.0.1 | op=GET_FILE_STATUS {volume=volume21477, bucket=bucket24700, key=root/dir1, dataSize=0, replicationConfig=null} | ret=FAILURE
org.apache.hadoop.ozone.om.exceptions.OMException: Unable to get file status: volume: volume21477 bucket: bucket24700 key: root/dir1
	at org.apache.hadoop.ozone.om.KeyManagerImpl.getOzoneFileStatus(KeyManagerImpl.java:1280) ~[ozone-manager-1.3.0-SNAPSHOT.jar:?]
	at org.apache.hadoop.ozone.om.KeyManagerImpl.getFileStatus(KeyManagerImpl.java:1210) ~[ozone-manager-1.3.0-SNAPSHOT.jar:?]
	at org.apache.hadoop.ozone.om.OzoneManager.getFileStatus(OzoneManager.java:3009) ~[ozone-manager-1.3.0-SNAPSHOT.jar:?]
	at org.apache.hadoop.ozone.protocolPB.OzoneManagerRequestHandler.getOzoneFileStatus(OzoneManagerRequestHandler.java:670) ~[ozone-manager-1.3.0-SNAPSHOT.jar:?]
	at org.apache.hadoop.ozone.protocolPB.OzoneManagerRequestHandler.handleReadRequest(OzoneManagerRequestHandler.java:201) ~[ozone-manager-1.3.0-SNAPSHOT.jar:?]
	at org.apache.hadoop.ozone.protocolPB.OzoneManagerProtocolServerSideTranslatorPB.submitReadRequestToOM(OzoneManagerProtocolServerSideTranslatorPB.java:213) ~[ozone-manager-1.3.0-SNAPSHOT.jar:?]
	at org.apache.hadoop.ozone.protocolPB.OzoneManagerProtocolServerSideTranslatorPB.processRequest(OzoneManagerProtocolServerSideTranslatorPB.java:174) ~[ozone-manager-1.3.0-SNAPSHOT.jar:?]
	at org.apache.hadoop.hdds.server.OzoneProtocolMessageDispatcher.processRequest(OzoneProtocolMessageDispatcher.java:87) [hdds-server-framework-1.3.0-SNAPSHOT.jar:?]
	at org.apache.hadoop.ozone.protocolPB.OzoneManagerProtocolServerSideTranslatorPB.submitRequest(OzoneManagerProtocolServerSideTranslatorPB.java:146) [ozone-manager-1.3.0-SNAPSHOT.jar:?]
	at org.apache.hadoop.ozone.protocol.proto.OzoneManagerProtocolProtos$OzoneManagerService$2.callBlockingMethod(OzoneManagerProtocolProtos.java) [ozone-interface-client-1.3.0-SNAPSHOT.jar:?]
	at org.apache.hadoop.ipc.ProtobufRpcEngine$Server.processCall(ProtobufRpcEngine.java:466) [hadoop-common-3.3.1.jar:?]
	at org.apache.hadoop.ipc.ProtobufRpcEngine2$Server$ProtoBufRpcInvoker.call(ProtobufRpcEngine2.java:574) [hadoop-common-3.3.1.jar:?]
	at org.apache.hadoop.ipc.ProtobufRpcEngine2$Server$ProtoBufRpcInvoker.call(ProtobufRpcEngine2.java:552) [hadoop-common-3.3.1.jar:?]
	at org.apache.hadoop.ipc.RPC$Server.call(RPC.java:1093) [hadoop-common-3.3.1.jar:?]
	at org.apache.hadoop.ipc.Server$RpcCall.run(Server.java:1035) [hadoop-common-3.3.1.jar:?]
	at org.apache.hadoop.ipc.Server$RpcCall.run(Server.java:963) [hadoop-common-3.3.1.jar:?]
	at java.security.AccessController.doPrivileged(Native Method) ~[?:1.8.0_322]
	at javax.security.auth.Subject.doAs(Subject.java:422) [?:1.8.0_322]
	at org.apache.hadoop.security.UserGroupInformation.doAs(UserGroupInformation.java:1878) [hadoop-common-3.3.1.jar:?]
	at org.apache.hadoop.ipc.Server$Handler.run(Server.java:2966) [hadoop-common-3.3.1.jar:?]
]]></system-out>
  </testcase>
  <testcase name="testRenameWithNonExistentSource" classname="TestOzoneFileSystem" time="0.022">
    <system-out><![CDATA[2022-04-24 04:18:26,381 [Time-limited test] INFO  ozone.TestOzoneFileSystem (TestOzoneFileSystem.java:testRenameWithNonExistentSource(853)) - Created destin dir: o3fs://bucket47719.volume22323/root/dir2
2022-04-24 04:18:26,381 [Time-limited test] INFO  ozone.TestOzoneFileSystem (TestOzoneFileSystem.java:testRenameWithNonExistentSource(855)) - Rename op-> source:o3fs://bucket47719.volume22323/root/dir1 to destin:o3fs://bucket47719.volume22323/root/dir2}
04:18:26.381 [IPC Server handler 6 on default port 37371] ERROR OMAudit - user=runner | ip=127.0.0.1 | op=GET_FILE_STATUS {volume=volume22323, bucket=bucket47719, key=root/dir1, dataSize=0, replicationConfig=null} | ret=FAILURE
org.apache.hadoop.ozone.om.exceptions.OMException: Unable to get file status: volume: volume22323 bucket: bucket47719 key: root/dir1
	at org.apache.hadoop.ozone.om.KeyManagerImpl.getOzoneFileStatus(KeyManagerImpl.java:1280) ~[ozone-manager-1.3.0-SNAPSHOT.jar:?]
	at org.apache.hadoop.ozone.om.KeyManagerImpl.getFileStatus(KeyManagerImpl.java:1210) ~[ozone-manager-1.3.0-SNAPSHOT.jar:?]
	at org.apache.hadoop.ozone.om.OzoneManager.getFileStatus(OzoneManager.java:3009) ~[ozone-manager-1.3.0-SNAPSHOT.jar:?]
	at org.apache.hadoop.ozone.protocolPB.OzoneManagerRequestHandler.getOzoneFileStatus(OzoneManagerRequestHandler.java:670) ~[ozone-manager-1.3.0-SNAPSHOT.jar:?]
	at org.apache.hadoop.ozone.protocolPB.OzoneManagerRequestHandler.handleReadRequest(OzoneManagerRequestHandler.java:201) ~[ozone-manager-1.3.0-SNAPSHOT.jar:?]
	at org.apache.hadoop.ozone.protocolPB.OzoneManagerProtocolServerSideTranslatorPB.submitRequestDirectlyToOM(OzoneManagerProtocolServerSideTranslatorPB.java:271) ~[ozone-manager-1.3.0-SNAPSHOT.jar:?]
	at org.apache.hadoop.ozone.protocolPB.OzoneManagerProtocolServerSideTranslatorPB.processRequest(OzoneManagerProtocolServerSideTranslatorPB.java:195) ~[ozone-manager-1.3.0-SNAPSHOT.jar:?]
	at org.apache.hadoop.hdds.server.OzoneProtocolMessageDispatcher.processRequest(OzoneProtocolMessageDispatcher.java:87) [hdds-server-framework-1.3.0-SNAPSHOT.jar:?]
	at org.apache.hadoop.ozone.protocolPB.OzoneManagerProtocolServerSideTranslatorPB.submitRequest(OzoneManagerProtocolServerSideTranslatorPB.java:146) [ozone-manager-1.3.0-SNAPSHOT.jar:?]
	at org.apache.hadoop.ozone.protocol.proto.OzoneManagerProtocolProtos$OzoneManagerService$2.callBlockingMethod(OzoneManagerProtocolProtos.java) [ozone-interface-client-1.3.0-SNAPSHOT.jar:?]
	at org.apache.hadoop.ipc.ProtobufRpcEngine$Server.processCall(ProtobufRpcEngine.java:466) [hadoop-common-3.3.1.jar:?]
	at org.apache.hadoop.ipc.ProtobufRpcEngine2$Server$ProtoBufRpcInvoker.call(ProtobufRpcEngine2.java:574) [hadoop-common-3.3.1.jar:?]
	at org.apache.hadoop.ipc.ProtobufRpcEngine2$Server$ProtoBufRpcInvoker.call(ProtobufRpcEngine2.java:552) [hadoop-common-3.3.1.jar:?]
	at org.apache.hadoop.ipc.RPC$Server.call(RPC.java:1093) [hadoop-common-3.3.1.jar:?]
	at org.apache.hadoop.ipc.Server$RpcCall.run(Server.java:1035) [hadoop-common-3.3.1.jar:?]
	at org.apache.hadoop.ipc.Server$RpcCall.run(Server.java:963) [hadoop-common-3.3.1.jar:?]
	at java.security.AccessController.doPrivileged(Native Method) ~[?:1.8.0_322]
	at javax.security.auth.Subject.doAs(Subject.java:422) [?:1.8.0_322]
	at org.apache.hadoop.security.UserGroupInformation.doAs(UserGroupInformation.java:1878) [hadoop-common-3.3.1.jar:?]
	at org.apache.hadoop.ipc.Server$Handler.run(Server.java:2966) [hadoop-common-3.3.1.jar:?]
]]></system-out>
  </testcase>
  <testcase name="testRenameToParentDir" classname="TestOzoneFileSystem" time="0.067">
    <system-out><![CDATA[04:15:10.725 [IPC Server handler 13 on default port 38503] ERROR OMAudit - user=runner | ip=127.0.0.1 | op=LIST_STATUS {volume=volume87548, bucket=bucket21072, key=root_dir/dir2, dataSize=0, replicationConfig=null} | ret=FAILURE
org.apache.hadoop.ozone.om.exceptions.OMException: Unable to get file status: volume: volume87548 bucket: bucket21072 key: root_dir/dir2
	at org.apache.hadoop.ozone.om.KeyManagerImpl.getOzoneFileStatus(KeyManagerImpl.java:1280) ~[ozone-manager-1.3.0-SNAPSHOT.jar:?]
	at org.apache.hadoop.ozone.om.KeyManagerImpl.getFileStatus(KeyManagerImpl.java:1210) ~[ozone-manager-1.3.0-SNAPSHOT.jar:?]
	at org.apache.hadoop.ozone.om.KeyManagerImpl.listStatus(KeyManagerImpl.java:1513) ~[ozone-manager-1.3.0-SNAPSHOT.jar:?]
	at org.apache.hadoop.ozone.om.OzoneManager.listStatus(OzoneManager.java:3080) ~[ozone-manager-1.3.0-SNAPSHOT.jar:?]
	at org.apache.hadoop.ozone.protocolPB.OzoneManagerRequestHandler.listStatus(OzoneManagerRequestHandler.java:760) ~[ozone-manager-1.3.0-SNAPSHOT.jar:?]
	at org.apache.hadoop.ozone.protocolPB.OzoneManagerRequestHandler.handleReadRequest(OzoneManagerRequestHandler.java:212) ~[ozone-manager-1.3.0-SNAPSHOT.jar:?]
	at org.apache.hadoop.ozone.protocolPB.OzoneManagerProtocolServerSideTranslatorPB.submitReadRequestToOM(OzoneManagerProtocolServerSideTranslatorPB.java:213) ~[ozone-manager-1.3.0-SNAPSHOT.jar:?]
	at org.apache.hadoop.ozone.protocolPB.OzoneManagerProtocolServerSideTranslatorPB.processRequest(OzoneManagerProtocolServerSideTranslatorPB.java:174) ~[ozone-manager-1.3.0-SNAPSHOT.jar:?]
	at org.apache.hadoop.hdds.server.OzoneProtocolMessageDispatcher.processRequest(OzoneProtocolMessageDispatcher.java:87) [hdds-server-framework-1.3.0-SNAPSHOT.jar:?]
	at org.apache.hadoop.ozone.protocolPB.OzoneManagerProtocolServerSideTranslatorPB.submitRequest(OzoneManagerProtocolServerSideTranslatorPB.java:146) [ozone-manager-1.3.0-SNAPSHOT.jar:?]
	at org.apache.hadoop.ozone.protocol.proto.OzoneManagerProtocolProtos$OzoneManagerService$2.callBlockingMethod(OzoneManagerProtocolProtos.java) [ozone-interface-client-1.3.0-SNAPSHOT.jar:?]
	at org.apache.hadoop.ipc.ProtobufRpcEngine$Server.processCall(ProtobufRpcEngine.java:466) [hadoop-common-3.3.1.jar:?]
	at org.apache.hadoop.ipc.ProtobufRpcEngine2$Server$ProtoBufRpcInvoker.call(ProtobufRpcEngine2.java:574) [hadoop-common-3.3.1.jar:?]
	at org.apache.hadoop.ipc.ProtobufRpcEngine2$Server$ProtoBufRpcInvoker.call(ProtobufRpcEngine2.java:552) [hadoop-common-3.3.1.jar:?]
	at org.apache.hadoop.ipc.RPC$Server.call(RPC.java:1093) [hadoop-common-3.3.1.jar:?]
	at org.apache.hadoop.ipc.Server$RpcCall.run(Server.java:1035) [hadoop-common-3.3.1.jar:?]
	at org.apache.hadoop.ipc.Server$RpcCall.run(Server.java:963) [hadoop-common-3.3.1.jar:?]
	at java.security.AccessController.doPrivileged(Native Method) ~[?:1.8.0_322]
	at javax.security.auth.Subject.doAs(Subject.java:422) [?:1.8.0_322]
	at org.apache.hadoop.security.UserGroupInformation.doAs(UserGroupInformation.java:1878) [hadoop-common-3.3.1.jar:?]
	at org.apache.hadoop.ipc.Server$Handler.run(Server.java:2966) [hadoop-common-3.3.1.jar:?]
04:15:10.739 [IPC Server handler 5 on default port 38503] ERROR OMAudit - user=runner | ip=127.0.0.1 | op=LIST_STATUS {volume=volume87548, bucket=bucket21072, key=root_dir/file2, dataSize=0, replicationConfig=null} | ret=FAILURE
org.apache.hadoop.ozone.om.exceptions.OMException: Unable to get file status: volume: volume87548 bucket: bucket21072 key: root_dir/file2
	at org.apache.hadoop.ozone.om.KeyManagerImpl.getOzoneFileStatus(KeyManagerImpl.java:1280) ~[ozone-manager-1.3.0-SNAPSHOT.jar:?]
	at org.apache.hadoop.ozone.om.KeyManagerImpl.getFileStatus(KeyManagerImpl.java:1210) ~[ozone-manager-1.3.0-SNAPSHOT.jar:?]
	at org.apache.hadoop.ozone.om.KeyManagerImpl.listStatus(KeyManagerImpl.java:1513) ~[ozone-manager-1.3.0-SNAPSHOT.jar:?]
	at org.apache.hadoop.ozone.om.OzoneManager.listStatus(OzoneManager.java:3080) ~[ozone-manager-1.3.0-SNAPSHOT.jar:?]
	at org.apache.hadoop.ozone.protocolPB.OzoneManagerRequestHandler.listStatus(OzoneManagerRequestHandler.java:760) ~[ozone-manager-1.3.0-SNAPSHOT.jar:?]
	at org.apache.hadoop.ozone.protocolPB.OzoneManagerRequestHandler.handleReadRequest(OzoneManagerRequestHandler.java:212) ~[ozone-manager-1.3.0-SNAPSHOT.jar:?]
	at org.apache.hadoop.ozone.protocolPB.OzoneManagerProtocolServerSideTranslatorPB.submitReadRequestToOM(OzoneManagerProtocolServerSideTranslatorPB.java:213) ~[ozone-manager-1.3.0-SNAPSHOT.jar:?]
	at org.apache.hadoop.ozone.protocolPB.OzoneManagerProtocolServerSideTranslatorPB.processRequest(OzoneManagerProtocolServerSideTranslatorPB.java:174) ~[ozone-manager-1.3.0-SNAPSHOT.jar:?]
	at org.apache.hadoop.hdds.server.OzoneProtocolMessageDispatcher.processRequest(OzoneProtocolMessageDispatcher.java:87) [hdds-server-framework-1.3.0-SNAPSHOT.jar:?]
	at org.apache.hadoop.ozone.protocolPB.OzoneManagerProtocolServerSideTranslatorPB.submitRequest(OzoneManagerProtocolServerSideTranslatorPB.java:146) [ozone-manager-1.3.0-SNAPSHOT.jar:?]
	at org.apache.hadoop.ozone.protocol.proto.OzoneManagerProtocolProtos$OzoneManagerService$2.callBlockingMethod(OzoneManagerProtocolProtos.java) [ozone-interface-client-1.3.0-SNAPSHOT.jar:?]
	at org.apache.hadoop.ipc.ProtobufRpcEngine$Server.processCall(ProtobufRpcEngine.java:466) [hadoop-common-3.3.1.jar:?]
	at org.apache.hadoop.ipc.ProtobufRpcEngine2$Server$ProtoBufRpcInvoker.call(ProtobufRpcEngine2.java:574) [hadoop-common-3.3.1.jar:?]
	at org.apache.hadoop.ipc.ProtobufRpcEngine2$Server$ProtoBufRpcInvoker.call(ProtobufRpcEngine2.java:552) [hadoop-common-3.3.1.jar:?]
	at org.apache.hadoop.ipc.RPC$Server.call(RPC.java:1093) [hadoop-common-3.3.1.jar:?]
	at org.apache.hadoop.ipc.Server$RpcCall.run(Server.java:1035) [hadoop-common-3.3.1.jar:?]
	at org.apache.hadoop.ipc.Server$RpcCall.run(Server.java:963) [hadoop-common-3.3.1.jar:?]
	at java.security.AccessController.doPrivileged(Native Method) ~[?:1.8.0_322]
	at javax.security.auth.Subject.doAs(Subject.java:422) [?:1.8.0_322]
	at org.apache.hadoop.security.UserGroupInformation.doAs(UserGroupInformation.java:1878) [hadoop-common-3.3.1.jar:?]
	at org.apache.hadoop.ipc.Server$Handler.run(Server.java:2966) [hadoop-common-3.3.1.jar:?]
]]></system-out>
  </testcase>
  <testcase name="testRenameToParentDir" classname="TestOzoneFileSystem" time="0.038">
    <system-out><![CDATA[04:16:17.169 [IPC Server handler 14 on default port 40137] ERROR OMAudit - user=runner | ip=127.0.0.1 | op=LIST_STATUS {volume=volume25603, bucket=bucket32835, key=root_dir/dir2, dataSize=0, replicationConfig=null} | ret=FAILURE
org.apache.hadoop.ozone.om.exceptions.OMException: Unable to get file status: volume: volume25603 bucket: bucket32835 key: root_dir/dir2
	at org.apache.hadoop.ozone.om.KeyManagerImpl.getOzoneFileStatus(KeyManagerImpl.java:1280) ~[ozone-manager-1.3.0-SNAPSHOT.jar:?]
	at org.apache.hadoop.ozone.om.KeyManagerImpl.getFileStatus(KeyManagerImpl.java:1210) ~[ozone-manager-1.3.0-SNAPSHOT.jar:?]
	at org.apache.hadoop.ozone.om.KeyManagerImpl.listStatus(KeyManagerImpl.java:1513) ~[ozone-manager-1.3.0-SNAPSHOT.jar:?]
	at org.apache.hadoop.ozone.om.OzoneManager.listStatus(OzoneManager.java:3080) ~[ozone-manager-1.3.0-SNAPSHOT.jar:?]
	at org.apache.hadoop.ozone.protocolPB.OzoneManagerRequestHandler.listStatus(OzoneManagerRequestHandler.java:760) ~[ozone-manager-1.3.0-SNAPSHOT.jar:?]
	at org.apache.hadoop.ozone.protocolPB.OzoneManagerRequestHandler.handleReadRequest(OzoneManagerRequestHandler.java:212) ~[ozone-manager-1.3.0-SNAPSHOT.jar:?]
	at org.apache.hadoop.ozone.protocolPB.OzoneManagerProtocolServerSideTranslatorPB.submitRequestDirectlyToOM(OzoneManagerProtocolServerSideTranslatorPB.java:271) ~[ozone-manager-1.3.0-SNAPSHOT.jar:?]
	at org.apache.hadoop.ozone.protocolPB.OzoneManagerProtocolServerSideTranslatorPB.processRequest(OzoneManagerProtocolServerSideTranslatorPB.java:195) ~[ozone-manager-1.3.0-SNAPSHOT.jar:?]
	at org.apache.hadoop.hdds.server.OzoneProtocolMessageDispatcher.processRequest(OzoneProtocolMessageDispatcher.java:87) [hdds-server-framework-1.3.0-SNAPSHOT.jar:?]
	at org.apache.hadoop.ozone.protocolPB.OzoneManagerProtocolServerSideTranslatorPB.submitRequest(OzoneManagerProtocolServerSideTranslatorPB.java:146) [ozone-manager-1.3.0-SNAPSHOT.jar:?]
	at org.apache.hadoop.ozone.protocol.proto.OzoneManagerProtocolProtos$OzoneManagerService$2.callBlockingMethod(OzoneManagerProtocolProtos.java) [ozone-interface-client-1.3.0-SNAPSHOT.jar:?]
	at org.apache.hadoop.ipc.ProtobufRpcEngine$Server.processCall(ProtobufRpcEngine.java:466) [hadoop-common-3.3.1.jar:?]
	at org.apache.hadoop.ipc.ProtobufRpcEngine2$Server$ProtoBufRpcInvoker.call(ProtobufRpcEngine2.java:574) [hadoop-common-3.3.1.jar:?]
	at org.apache.hadoop.ipc.ProtobufRpcEngine2$Server$ProtoBufRpcInvoker.call(ProtobufRpcEngine2.java:552) [hadoop-common-3.3.1.jar:?]
	at org.apache.hadoop.ipc.RPC$Server.call(RPC.java:1093) [hadoop-common-3.3.1.jar:?]
	at org.apache.hadoop.ipc.Server$RpcCall.run(Server.java:1035) [hadoop-common-3.3.1.jar:?]
	at org.apache.hadoop.ipc.Server$RpcCall.run(Server.java:963) [hadoop-common-3.3.1.jar:?]
	at java.security.AccessController.doPrivileged(Native Method) ~[?:1.8.0_322]
	at javax.security.auth.Subject.doAs(Subject.java:422) [?:1.8.0_322]
	at org.apache.hadoop.security.UserGroupInformation.doAs(UserGroupInformation.java:1878) [hadoop-common-3.3.1.jar:?]
	at org.apache.hadoop.ipc.Server$Handler.run(Server.java:2966) [hadoop-common-3.3.1.jar:?]
04:16:17.178 [IPC Server handler 8 on default port 40137] ERROR OMAudit - user=runner | ip=127.0.0.1 | op=LIST_STATUS {volume=volume25603, bucket=bucket32835, key=root_dir/file2, dataSize=0, replicationConfig=null} | ret=FAILURE
org.apache.hadoop.ozone.om.exceptions.OMException: Unable to get file status: volume: volume25603 bucket: bucket32835 key: root_dir/file2
	at org.apache.hadoop.ozone.om.KeyManagerImpl.getOzoneFileStatus(KeyManagerImpl.java:1280) ~[ozone-manager-1.3.0-SNAPSHOT.jar:?]
	at org.apache.hadoop.ozone.om.KeyManagerImpl.getFileStatus(KeyManagerImpl.java:1210) ~[ozone-manager-1.3.0-SNAPSHOT.jar:?]
	at org.apache.hadoop.ozone.om.KeyManagerImpl.listStatus(KeyManagerImpl.java:1513) ~[ozone-manager-1.3.0-SNAPSHOT.jar:?]
	at org.apache.hadoop.ozone.om.OzoneManager.listStatus(OzoneManager.java:3080) ~[ozone-manager-1.3.0-SNAPSHOT.jar:?]
	at org.apache.hadoop.ozone.protocolPB.OzoneManagerRequestHandler.listStatus(OzoneManagerRequestHandler.java:760) ~[ozone-manager-1.3.0-SNAPSHOT.jar:?]
	at org.apache.hadoop.ozone.protocolPB.OzoneManagerRequestHandler.handleReadRequest(OzoneManagerRequestHandler.java:212) ~[ozone-manager-1.3.0-SNAPSHOT.jar:?]
	at org.apache.hadoop.ozone.protocolPB.OzoneManagerProtocolServerSideTranslatorPB.submitRequestDirectlyToOM(OzoneManagerProtocolServerSideTranslatorPB.java:271) ~[ozone-manager-1.3.0-SNAPSHOT.jar:?]
	at org.apache.hadoop.ozone.protocolPB.OzoneManagerProtocolServerSideTranslatorPB.processRequest(OzoneManagerProtocolServerSideTranslatorPB.java:195) ~[ozone-manager-1.3.0-SNAPSHOT.jar:?]
	at org.apache.hadoop.hdds.server.OzoneProtocolMessageDispatcher.processRequest(OzoneProtocolMessageDispatcher.java:87) [hdds-server-framework-1.3.0-SNAPSHOT.jar:?]
	at org.apache.hadoop.ozone.protocolPB.OzoneManagerProtocolServerSideTranslatorPB.submitRequest(OzoneManagerProtocolServerSideTranslatorPB.java:146) [ozone-manager-1.3.0-SNAPSHOT.jar:?]
	at org.apache.hadoop.ozone.protocol.proto.OzoneManagerProtocolProtos$OzoneManagerService$2.callBlockingMethod(OzoneManagerProtocolProtos.java) [ozone-interface-client-1.3.0-SNAPSHOT.jar:?]
	at org.apache.hadoop.ipc.ProtobufRpcEngine$Server.processCall(ProtobufRpcEngine.java:466) [hadoop-common-3.3.1.jar:?]
	at org.apache.hadoop.ipc.ProtobufRpcEngine2$Server$ProtoBufRpcInvoker.call(ProtobufRpcEngine2.java:574) [hadoop-common-3.3.1.jar:?]
	at org.apache.hadoop.ipc.ProtobufRpcEngine2$Server$ProtoBufRpcInvoker.call(ProtobufRpcEngine2.java:552) [hadoop-common-3.3.1.jar:?]
	at org.apache.hadoop.ipc.RPC$Server.call(RPC.java:1093) [hadoop-common-3.3.1.jar:?]
	at org.apache.hadoop.ipc.Server$RpcCall.run(Server.java:1035) [hadoop-common-3.3.1.jar:?]
	at org.apache.hadoop.ipc.Server$RpcCall.run(Server.java:963) [hadoop-common-3.3.1.jar:?]
	at java.security.AccessController.doPrivileged(Native Method) ~[?:1.8.0_322]
	at javax.security.auth.Subject.doAs(Subject.java:422) [?:1.8.0_322]
	at org.apache.hadoop.security.UserGroupInformation.doAs(UserGroupInformation.java:1878) [hadoop-common-3.3.1.jar:?]
	at org.apache.hadoop.ipc.Server$Handler.run(Server.java:2966) [hadoop-common-3.3.1.jar:?]
]]></system-out>
  </testcase>
  <testcase name="testRenameToParentDir" classname="TestOzoneFileSystem" time="0.055">
    <system-out><![CDATA[04:17:14.273 [IPC Server handler 14 on default port 45981] ERROR OMAudit - user=runner | ip=127.0.0.1 | op=LIST_STATUS {volume=volume21477, bucket=bucket24700, key=root_dir/dir2, dataSize=0, replicationConfig=null} | ret=FAILURE
org.apache.hadoop.ozone.om.exceptions.OMException: Unable to get file status: volume: volume21477 bucket: bucket24700 key: root_dir/dir2
	at org.apache.hadoop.ozone.om.KeyManagerImpl.getOzoneFileStatus(KeyManagerImpl.java:1280) ~[ozone-manager-1.3.0-SNAPSHOT.jar:?]
	at org.apache.hadoop.ozone.om.KeyManagerImpl.getFileStatus(KeyManagerImpl.java:1210) ~[ozone-manager-1.3.0-SNAPSHOT.jar:?]
	at org.apache.hadoop.ozone.om.KeyManagerImpl.listStatus(KeyManagerImpl.java:1513) ~[ozone-manager-1.3.0-SNAPSHOT.jar:?]
	at org.apache.hadoop.ozone.om.OzoneManager.listStatus(OzoneManager.java:3080) ~[ozone-manager-1.3.0-SNAPSHOT.jar:?]
	at org.apache.hadoop.ozone.protocolPB.OzoneManagerRequestHandler.listStatus(OzoneManagerRequestHandler.java:760) ~[ozone-manager-1.3.0-SNAPSHOT.jar:?]
	at org.apache.hadoop.ozone.protocolPB.OzoneManagerRequestHandler.handleReadRequest(OzoneManagerRequestHandler.java:212) ~[ozone-manager-1.3.0-SNAPSHOT.jar:?]
	at org.apache.hadoop.ozone.protocolPB.OzoneManagerProtocolServerSideTranslatorPB.submitReadRequestToOM(OzoneManagerProtocolServerSideTranslatorPB.java:213) ~[ozone-manager-1.3.0-SNAPSHOT.jar:?]
	at org.apache.hadoop.ozone.protocolPB.OzoneManagerProtocolServerSideTranslatorPB.processRequest(OzoneManagerProtocolServerSideTranslatorPB.java:174) ~[ozone-manager-1.3.0-SNAPSHOT.jar:?]
	at org.apache.hadoop.hdds.server.OzoneProtocolMessageDispatcher.processRequest(OzoneProtocolMessageDispatcher.java:87) [hdds-server-framework-1.3.0-SNAPSHOT.jar:?]
	at org.apache.hadoop.ozone.protocolPB.OzoneManagerProtocolServerSideTranslatorPB.submitRequest(OzoneManagerProtocolServerSideTranslatorPB.java:146) [ozone-manager-1.3.0-SNAPSHOT.jar:?]
	at org.apache.hadoop.ozone.protocol.proto.OzoneManagerProtocolProtos$OzoneManagerService$2.callBlockingMethod(OzoneManagerProtocolProtos.java) [ozone-interface-client-1.3.0-SNAPSHOT.jar:?]
	at org.apache.hadoop.ipc.ProtobufRpcEngine$Server.processCall(ProtobufRpcEngine.java:466) [hadoop-common-3.3.1.jar:?]
	at org.apache.hadoop.ipc.ProtobufRpcEngine2$Server$ProtoBufRpcInvoker.call(ProtobufRpcEngine2.java:574) [hadoop-common-3.3.1.jar:?]
	at org.apache.hadoop.ipc.ProtobufRpcEngine2$Server$ProtoBufRpcInvoker.call(ProtobufRpcEngine2.java:552) [hadoop-common-3.3.1.jar:?]
	at org.apache.hadoop.ipc.RPC$Server.call(RPC.java:1093) [hadoop-common-3.3.1.jar:?]
	at org.apache.hadoop.ipc.Server$RpcCall.run(Server.java:1035) [hadoop-common-3.3.1.jar:?]
	at org.apache.hadoop.ipc.Server$RpcCall.run(Server.java:963) [hadoop-common-3.3.1.jar:?]
	at java.security.AccessController.doPrivileged(Native Method) ~[?:1.8.0_322]
	at javax.security.auth.Subject.doAs(Subject.java:422) [?:1.8.0_322]
	at org.apache.hadoop.security.UserGroupInformation.doAs(UserGroupInformation.java:1878) [hadoop-common-3.3.1.jar:?]
	at org.apache.hadoop.ipc.Server$Handler.run(Server.java:2966) [hadoop-common-3.3.1.jar:?]
04:17:14.282 [IPC Server handler 7 on default port 45981] ERROR OMAudit - user=runner | ip=127.0.0.1 | op=LIST_STATUS {volume=volume21477, bucket=bucket24700, key=root_dir/file2, dataSize=0, replicationConfig=null} | ret=FAILURE
org.apache.hadoop.ozone.om.exceptions.OMException: Unable to get file status: volume: volume21477 bucket: bucket24700 key: root_dir/file2
	at org.apache.hadoop.ozone.om.KeyManagerImpl.getOzoneFileStatus(KeyManagerImpl.java:1280) ~[ozone-manager-1.3.0-SNAPSHOT.jar:?]
	at org.apache.hadoop.ozone.om.KeyManagerImpl.getFileStatus(KeyManagerImpl.java:1210) ~[ozone-manager-1.3.0-SNAPSHOT.jar:?]
	at org.apache.hadoop.ozone.om.KeyManagerImpl.listStatus(KeyManagerImpl.java:1513) ~[ozone-manager-1.3.0-SNAPSHOT.jar:?]
	at org.apache.hadoop.ozone.om.OzoneManager.listStatus(OzoneManager.java:3080) ~[ozone-manager-1.3.0-SNAPSHOT.jar:?]
	at org.apache.hadoop.ozone.protocolPB.OzoneManagerRequestHandler.listStatus(OzoneManagerRequestHandler.java:760) ~[ozone-manager-1.3.0-SNAPSHOT.jar:?]
	at org.apache.hadoop.ozone.protocolPB.OzoneManagerRequestHandler.handleReadRequest(OzoneManagerRequestHandler.java:212) ~[ozone-manager-1.3.0-SNAPSHOT.jar:?]
	at org.apache.hadoop.ozone.protocolPB.OzoneManagerProtocolServerSideTranslatorPB.submitReadRequestToOM(OzoneManagerProtocolServerSideTranslatorPB.java:213) ~[ozone-manager-1.3.0-SNAPSHOT.jar:?]
	at org.apache.hadoop.ozone.protocolPB.OzoneManagerProtocolServerSideTranslatorPB.processRequest(OzoneManagerProtocolServerSideTranslatorPB.java:174) ~[ozone-manager-1.3.0-SNAPSHOT.jar:?]
	at org.apache.hadoop.hdds.server.OzoneProtocolMessageDispatcher.processRequest(OzoneProtocolMessageDispatcher.java:87) [hdds-server-framework-1.3.0-SNAPSHOT.jar:?]
	at org.apache.hadoop.ozone.protocolPB.OzoneManagerProtocolServerSideTranslatorPB.submitRequest(OzoneManagerProtocolServerSideTranslatorPB.java:146) [ozone-manager-1.3.0-SNAPSHOT.jar:?]
	at org.apache.hadoop.ozone.protocol.proto.OzoneManagerProtocolProtos$OzoneManagerService$2.callBlockingMethod(OzoneManagerProtocolProtos.java) [ozone-interface-client-1.3.0-SNAPSHOT.jar:?]
	at org.apache.hadoop.ipc.ProtobufRpcEngine$Server.processCall(ProtobufRpcEngine.java:466) [hadoop-common-3.3.1.jar:?]
	at org.apache.hadoop.ipc.ProtobufRpcEngine2$Server$ProtoBufRpcInvoker.call(ProtobufRpcEngine2.java:574) [hadoop-common-3.3.1.jar:?]
	at org.apache.hadoop.ipc.ProtobufRpcEngine2$Server$ProtoBufRpcInvoker.call(ProtobufRpcEngine2.java:552) [hadoop-common-3.3.1.jar:?]
	at org.apache.hadoop.ipc.RPC$Server.call(RPC.java:1093) [hadoop-common-3.3.1.jar:?]
	at org.apache.hadoop.ipc.Server$RpcCall.run(Server.java:1035) [hadoop-common-3.3.1.jar:?]
	at org.apache.hadoop.ipc.Server$RpcCall.run(Server.java:963) [hadoop-common-3.3.1.jar:?]
	at java.security.AccessController.doPrivileged(Native Method) ~[?:1.8.0_322]
	at javax.security.auth.Subject.doAs(Subject.java:422) [?:1.8.0_322]
	at org.apache.hadoop.security.UserGroupInformation.doAs(UserGroupInformation.java:1878) [hadoop-common-3.3.1.jar:?]
	at org.apache.hadoop.ipc.Server$Handler.run(Server.java:2966) [hadoop-common-3.3.1.jar:?]
]]></system-out>
  </testcase>
  <testcase name="testRenameToParentDir" classname="TestOzoneFileSystem" time="0.049">
    <system-out><![CDATA[04:18:26.424 [IPC Server handler 3 on default port 37371] ERROR OMAudit - user=runner | ip=127.0.0.1 | op=LIST_STATUS {volume=volume22323, bucket=bucket47719, key=root_dir/dir2, dataSize=0, replicationConfig=null} | ret=FAILURE
org.apache.hadoop.ozone.om.exceptions.OMException: Unable to get file status: volume: volume22323 bucket: bucket47719 key: root_dir/dir2
	at org.apache.hadoop.ozone.om.KeyManagerImpl.getOzoneFileStatus(KeyManagerImpl.java:1280) ~[ozone-manager-1.3.0-SNAPSHOT.jar:?]
	at org.apache.hadoop.ozone.om.KeyManagerImpl.getFileStatus(KeyManagerImpl.java:1210) ~[ozone-manager-1.3.0-SNAPSHOT.jar:?]
	at org.apache.hadoop.ozone.om.KeyManagerImpl.listStatus(KeyManagerImpl.java:1513) ~[ozone-manager-1.3.0-SNAPSHOT.jar:?]
	at org.apache.hadoop.ozone.om.OzoneManager.listStatus(OzoneManager.java:3080) ~[ozone-manager-1.3.0-SNAPSHOT.jar:?]
	at org.apache.hadoop.ozone.protocolPB.OzoneManagerRequestHandler.listStatus(OzoneManagerRequestHandler.java:760) ~[ozone-manager-1.3.0-SNAPSHOT.jar:?]
	at org.apache.hadoop.ozone.protocolPB.OzoneManagerRequestHandler.handleReadRequest(OzoneManagerRequestHandler.java:212) ~[ozone-manager-1.3.0-SNAPSHOT.jar:?]
	at org.apache.hadoop.ozone.protocolPB.OzoneManagerProtocolServerSideTranslatorPB.submitRequestDirectlyToOM(OzoneManagerProtocolServerSideTranslatorPB.java:271) ~[ozone-manager-1.3.0-SNAPSHOT.jar:?]
	at org.apache.hadoop.ozone.protocolPB.OzoneManagerProtocolServerSideTranslatorPB.processRequest(OzoneManagerProtocolServerSideTranslatorPB.java:195) ~[ozone-manager-1.3.0-SNAPSHOT.jar:?]
	at org.apache.hadoop.hdds.server.OzoneProtocolMessageDispatcher.processRequest(OzoneProtocolMessageDispatcher.java:87) [hdds-server-framework-1.3.0-SNAPSHOT.jar:?]
	at org.apache.hadoop.ozone.protocolPB.OzoneManagerProtocolServerSideTranslatorPB.submitRequest(OzoneManagerProtocolServerSideTranslatorPB.java:146) [ozone-manager-1.3.0-SNAPSHOT.jar:?]
	at org.apache.hadoop.ozone.protocol.proto.OzoneManagerProtocolProtos$OzoneManagerService$2.callBlockingMethod(OzoneManagerProtocolProtos.java) [ozone-interface-client-1.3.0-SNAPSHOT.jar:?]
	at org.apache.hadoop.ipc.ProtobufRpcEngine$Server.processCall(ProtobufRpcEngine.java:466) [hadoop-common-3.3.1.jar:?]
	at org.apache.hadoop.ipc.ProtobufRpcEngine2$Server$ProtoBufRpcInvoker.call(ProtobufRpcEngine2.java:574) [hadoop-common-3.3.1.jar:?]
	at org.apache.hadoop.ipc.ProtobufRpcEngine2$Server$ProtoBufRpcInvoker.call(ProtobufRpcEngine2.java:552) [hadoop-common-3.3.1.jar:?]
	at org.apache.hadoop.ipc.RPC$Server.call(RPC.java:1093) [hadoop-common-3.3.1.jar:?]
	at org.apache.hadoop.ipc.Server$RpcCall.run(Server.java:1035) [hadoop-common-3.3.1.jar:?]
	at org.apache.hadoop.ipc.Server$RpcCall.run(Server.java:963) [hadoop-common-3.3.1.jar:?]
	at java.security.AccessController.doPrivileged(Native Method) ~[?:1.8.0_322]
	at javax.security.auth.Subject.doAs(Subject.java:422) [?:1.8.0_322]
	at org.apache.hadoop.security.UserGroupInformation.doAs(UserGroupInformation.java:1878) [hadoop-common-3.3.1.jar:?]
	at org.apache.hadoop.ipc.Server$Handler.run(Server.java:2966) [hadoop-common-3.3.1.jar:?]
04:18:26.431 [IPC Server handler 8 on default port 37371] ERROR OMAudit - user=runner | ip=127.0.0.1 | op=LIST_STATUS {volume=volume22323, bucket=bucket47719, key=root_dir/file2, dataSize=0, replicationConfig=null} | ret=FAILURE
org.apache.hadoop.ozone.om.exceptions.OMException: Unable to get file status: volume: volume22323 bucket: bucket47719 key: root_dir/file2
	at org.apache.hadoop.ozone.om.KeyManagerImpl.getOzoneFileStatus(KeyManagerImpl.java:1280) ~[ozone-manager-1.3.0-SNAPSHOT.jar:?]
	at org.apache.hadoop.ozone.om.KeyManagerImpl.getFileStatus(KeyManagerImpl.java:1210) ~[ozone-manager-1.3.0-SNAPSHOT.jar:?]
	at org.apache.hadoop.ozone.om.KeyManagerImpl.listStatus(KeyManagerImpl.java:1513) ~[ozone-manager-1.3.0-SNAPSHOT.jar:?]
	at org.apache.hadoop.ozone.om.OzoneManager.listStatus(OzoneManager.java:3080) ~[ozone-manager-1.3.0-SNAPSHOT.jar:?]
	at org.apache.hadoop.ozone.protocolPB.OzoneManagerRequestHandler.listStatus(OzoneManagerRequestHandler.java:760) ~[ozone-manager-1.3.0-SNAPSHOT.jar:?]
	at org.apache.hadoop.ozone.protocolPB.OzoneManagerRequestHandler.handleReadRequest(OzoneManagerRequestHandler.java:212) ~[ozone-manager-1.3.0-SNAPSHOT.jar:?]
	at org.apache.hadoop.ozone.protocolPB.OzoneManagerProtocolServerSideTranslatorPB.submitRequestDirectlyToOM(OzoneManagerProtocolServerSideTranslatorPB.java:271) ~[ozone-manager-1.3.0-SNAPSHOT.jar:?]
	at org.apache.hadoop.ozone.protocolPB.OzoneManagerProtocolServerSideTranslatorPB.processRequest(OzoneManagerProtocolServerSideTranslatorPB.java:195) ~[ozone-manager-1.3.0-SNAPSHOT.jar:?]
	at org.apache.hadoop.hdds.server.OzoneProtocolMessageDispatcher.processRequest(OzoneProtocolMessageDispatcher.java:87) [hdds-server-framework-1.3.0-SNAPSHOT.jar:?]
	at org.apache.hadoop.ozone.protocolPB.OzoneManagerProtocolServerSideTranslatorPB.submitRequest(OzoneManagerProtocolServerSideTranslatorPB.java:146) [ozone-manager-1.3.0-SNAPSHOT.jar:?]
	at org.apache.hadoop.ozone.protocol.proto.OzoneManagerProtocolProtos$OzoneManagerService$2.callBlockingMethod(OzoneManagerProtocolProtos.java) [ozone-interface-client-1.3.0-SNAPSHOT.jar:?]
	at org.apache.hadoop.ipc.ProtobufRpcEngine$Server.processCall(ProtobufRpcEngine.java:466) [hadoop-common-3.3.1.jar:?]
	at org.apache.hadoop.ipc.ProtobufRpcEngine2$Server$ProtoBufRpcInvoker.call(ProtobufRpcEngine2.java:574) [hadoop-common-3.3.1.jar:?]
	at org.apache.hadoop.ipc.ProtobufRpcEngine2$Server$ProtoBufRpcInvoker.call(ProtobufRpcEngine2.java:552) [hadoop-common-3.3.1.jar:?]
	at org.apache.hadoop.ipc.RPC$Server.call(RPC.java:1093) [hadoop-common-3.3.1.jar:?]
	at org.apache.hadoop.ipc.Server$RpcCall.run(Server.java:1035) [hadoop-common-3.3.1.jar:?]
	at org.apache.hadoop.ipc.Server$RpcCall.run(Server.java:963) [hadoop-common-3.3.1.jar:?]
	at java.security.AccessController.doPrivileged(Native Method) ~[?:1.8.0_322]
	at javax.security.auth.Subject.doAs(Subject.java:422) [?:1.8.0_322]
	at org.apache.hadoop.security.UserGroupInformation.doAs(UserGroupInformation.java:1878) [hadoop-common-3.3.1.jar:?]
	at org.apache.hadoop.ipc.Server$Handler.run(Server.java:2966) [hadoop-common-3.3.1.jar:?]
]]></system-out>
  </testcase>
  <testcase name="testListStatusOnSubDirs" classname="TestOzoneFileSystem" time="0.06"/>
  <testcase name="testListStatusOnSubDirs" classname="TestOzoneFileSystem" time="0.025"/>
  <testcase name="testListStatusOnSubDirs" classname="TestOzoneFileSystem" time="0.046"/>
  <testcase name="testListStatusOnSubDirs" classname="TestOzoneFileSystem" time="0.046"/>
  <testcase name="testListStatus" classname="TestOzoneFileSystem" time="0.078"/>
  <testcase name="testListStatus" classname="TestOzoneFileSystem" time="0.042"/>
  <testcase name="testListStatus" classname="TestOzoneFileSystem" time="0.096"/>
  <testcase name="testListStatus" classname="TestOzoneFileSystem" time="0.104"/>
  <testcase name="testRecursiveDelete" classname="TestOzoneFileSystem" time="0.32">
    <system-out><![CDATA[04:15:11.047 [IPC Server handler 17 on default port 38503] ERROR OMAudit - user=runner | ip=127.0.0.1 | op=GET_FILE_STATUS {volume=volume87548, bucket=bucket21072, key=gdir1, dataSize=0, replicationConfig=null} | ret=FAILURE
org.apache.hadoop.ozone.om.exceptions.OMException: Unable to get file status: volume: volume87548 bucket: bucket21072 key: gdir1
	at org.apache.hadoop.ozone.om.KeyManagerImpl.getOzoneFileStatus(KeyManagerImpl.java:1280) ~[ozone-manager-1.3.0-SNAPSHOT.jar:?]
	at org.apache.hadoop.ozone.om.KeyManagerImpl.getFileStatus(KeyManagerImpl.java:1210) ~[ozone-manager-1.3.0-SNAPSHOT.jar:?]
	at org.apache.hadoop.ozone.om.OzoneManager.getFileStatus(OzoneManager.java:3009) ~[ozone-manager-1.3.0-SNAPSHOT.jar:?]
	at org.apache.hadoop.ozone.protocolPB.OzoneManagerRequestHandler.getOzoneFileStatus(OzoneManagerRequestHandler.java:670) ~[ozone-manager-1.3.0-SNAPSHOT.jar:?]
	at org.apache.hadoop.ozone.protocolPB.OzoneManagerRequestHandler.handleReadRequest(OzoneManagerRequestHandler.java:201) ~[ozone-manager-1.3.0-SNAPSHOT.jar:?]
	at org.apache.hadoop.ozone.protocolPB.OzoneManagerProtocolServerSideTranslatorPB.submitReadRequestToOM(OzoneManagerProtocolServerSideTranslatorPB.java:213) ~[ozone-manager-1.3.0-SNAPSHOT.jar:?]
	at org.apache.hadoop.ozone.protocolPB.OzoneManagerProtocolServerSideTranslatorPB.processRequest(OzoneManagerProtocolServerSideTranslatorPB.java:174) ~[ozone-manager-1.3.0-SNAPSHOT.jar:?]
	at org.apache.hadoop.hdds.server.OzoneProtocolMessageDispatcher.processRequest(OzoneProtocolMessageDispatcher.java:87) [hdds-server-framework-1.3.0-SNAPSHOT.jar:?]
	at org.apache.hadoop.ozone.protocolPB.OzoneManagerProtocolServerSideTranslatorPB.submitRequest(OzoneManagerProtocolServerSideTranslatorPB.java:146) [ozone-manager-1.3.0-SNAPSHOT.jar:?]
	at org.apache.hadoop.ozone.protocol.proto.OzoneManagerProtocolProtos$OzoneManagerService$2.callBlockingMethod(OzoneManagerProtocolProtos.java) [ozone-interface-client-1.3.0-SNAPSHOT.jar:?]
	at org.apache.hadoop.ipc.ProtobufRpcEngine$Server.processCall(ProtobufRpcEngine.java:466) [hadoop-common-3.3.1.jar:?]
	at org.apache.hadoop.ipc.ProtobufRpcEngine2$Server$ProtoBufRpcInvoker.call(ProtobufRpcEngine2.java:574) [hadoop-common-3.3.1.jar:?]
	at org.apache.hadoop.ipc.ProtobufRpcEngine2$Server$ProtoBufRpcInvoker.call(ProtobufRpcEngine2.java:552) [hadoop-common-3.3.1.jar:?]
	at org.apache.hadoop.ipc.RPC$Server.call(RPC.java:1093) [hadoop-common-3.3.1.jar:?]
	at org.apache.hadoop.ipc.Server$RpcCall.run(Server.java:1035) [hadoop-common-3.3.1.jar:?]
	at org.apache.hadoop.ipc.Server$RpcCall.run(Server.java:963) [hadoop-common-3.3.1.jar:?]
	at java.security.AccessController.doPrivileged(Native Method) ~[?:1.8.0_322]
	at javax.security.auth.Subject.doAs(Subject.java:422) [?:1.8.0_322]
	at org.apache.hadoop.security.UserGroupInformation.doAs(UserGroupInformation.java:1878) [hadoop-common-3.3.1.jar:?]
	at org.apache.hadoop.ipc.Server$Handler.run(Server.java:2966) [hadoop-common-3.3.1.jar:?]
04:15:11.048 [IPC Server handler 16 on default port 38503] ERROR OMAudit - user=runner | ip=127.0.0.1 | op=GET_FILE_STATUS {volume=volume87548, bucket=bucket21072, key=gdir1/dir1, dataSize=0, replicationConfig=null} | ret=FAILURE
org.apache.hadoop.ozone.om.exceptions.OMException: Unable to get file status: volume: volume87548 bucket: bucket21072 key: gdir1/dir1
	at org.apache.hadoop.ozone.om.KeyManagerImpl.getOzoneFileStatus(KeyManagerImpl.java:1280) ~[ozone-manager-1.3.0-SNAPSHOT.jar:?]
	at org.apache.hadoop.ozone.om.KeyManagerImpl.getFileStatus(KeyManagerImpl.java:1210) ~[ozone-manager-1.3.0-SNAPSHOT.jar:?]
	at org.apache.hadoop.ozone.om.OzoneManager.getFileStatus(OzoneManager.java:3009) ~[ozone-manager-1.3.0-SNAPSHOT.jar:?]
	at org.apache.hadoop.ozone.protocolPB.OzoneManagerRequestHandler.getOzoneFileStatus(OzoneManagerRequestHandler.java:670) ~[ozone-manager-1.3.0-SNAPSHOT.jar:?]
	at org.apache.hadoop.ozone.protocolPB.OzoneManagerRequestHandler.handleReadRequest(OzoneManagerRequestHandler.java:201) ~[ozone-manager-1.3.0-SNAPSHOT.jar:?]
	at org.apache.hadoop.ozone.protocolPB.OzoneManagerProtocolServerSideTranslatorPB.submitReadRequestToOM(OzoneManagerProtocolServerSideTranslatorPB.java:213) ~[ozone-manager-1.3.0-SNAPSHOT.jar:?]
	at org.apache.hadoop.ozone.protocolPB.OzoneManagerProtocolServerSideTranslatorPB.processRequest(OzoneManagerProtocolServerSideTranslatorPB.java:174) ~[ozone-manager-1.3.0-SNAPSHOT.jar:?]
	at org.apache.hadoop.hdds.server.OzoneProtocolMessageDispatcher.processRequest(OzoneProtocolMessageDispatcher.java:87) [hdds-server-framework-1.3.0-SNAPSHOT.jar:?]
	at org.apache.hadoop.ozone.protocolPB.OzoneManagerProtocolServerSideTranslatorPB.submitRequest(OzoneManagerProtocolServerSideTranslatorPB.java:146) [ozone-manager-1.3.0-SNAPSHOT.jar:?]
	at org.apache.hadoop.ozone.protocol.proto.OzoneManagerProtocolProtos$OzoneManagerService$2.callBlockingMethod(OzoneManagerProtocolProtos.java) [ozone-interface-client-1.3.0-SNAPSHOT.jar:?]
	at org.apache.hadoop.ipc.ProtobufRpcEngine$Server.processCall(ProtobufRpcEngine.java:466) [hadoop-common-3.3.1.jar:?]
	at org.apache.hadoop.ipc.ProtobufRpcEngine2$Server$ProtoBufRpcInvoker.call(ProtobufRpcEngine2.java:574) [hadoop-common-3.3.1.jar:?]
	at org.apache.hadoop.ipc.ProtobufRpcEngine2$Server$ProtoBufRpcInvoker.call(ProtobufRpcEngine2.java:552) [hadoop-common-3.3.1.jar:?]
	at org.apache.hadoop.ipc.RPC$Server.call(RPC.java:1093) [hadoop-common-3.3.1.jar:?]
	at org.apache.hadoop.ipc.Server$RpcCall.run(Server.java:1035) [hadoop-common-3.3.1.jar:?]
	at org.apache.hadoop.ipc.Server$RpcCall.run(Server.java:963) [hadoop-common-3.3.1.jar:?]
	at java.security.AccessController.doPrivileged(Native Method) ~[?:1.8.0_322]
	at javax.security.auth.Subject.doAs(Subject.java:422) [?:1.8.0_322]
	at org.apache.hadoop.security.UserGroupInformation.doAs(UserGroupInformation.java:1878) [hadoop-common-3.3.1.jar:?]
	at org.apache.hadoop.ipc.Server$Handler.run(Server.java:2966) [hadoop-common-3.3.1.jar:?]
04:15:11.050 [IPC Server handler 12 on default port 38503] ERROR OMAudit - user=runner | ip=127.0.0.1 | op=GET_FILE_STATUS {volume=volume87548, bucket=bucket21072, key=gdir1/dir1/child, dataSize=0, replicationConfig=null} | ret=FAILURE
org.apache.hadoop.ozone.om.exceptions.OMException: Unable to get file status: volume: volume87548 bucket: bucket21072 key: gdir1/dir1/child
	at org.apache.hadoop.ozone.om.KeyManagerImpl.getOzoneFileStatus(KeyManagerImpl.java:1280) ~[ozone-manager-1.3.0-SNAPSHOT.jar:?]
	at org.apache.hadoop.ozone.om.KeyManagerImpl.getFileStatus(KeyManagerImpl.java:1210) ~[ozone-manager-1.3.0-SNAPSHOT.jar:?]
	at org.apache.hadoop.ozone.om.OzoneManager.getFileStatus(OzoneManager.java:3009) ~[ozone-manager-1.3.0-SNAPSHOT.jar:?]
	at org.apache.hadoop.ozone.protocolPB.OzoneManagerRequestHandler.getOzoneFileStatus(OzoneManagerRequestHandler.java:670) ~[ozone-manager-1.3.0-SNAPSHOT.jar:?]
	at org.apache.hadoop.ozone.protocolPB.OzoneManagerRequestHandler.handleReadRequest(OzoneManagerRequestHandler.java:201) ~[ozone-manager-1.3.0-SNAPSHOT.jar:?]
	at org.apache.hadoop.ozone.protocolPB.OzoneManagerProtocolServerSideTranslatorPB.submitReadRequestToOM(OzoneManagerProtocolServerSideTranslatorPB.java:213) ~[ozone-manager-1.3.0-SNAPSHOT.jar:?]
	at org.apache.hadoop.ozone.protocolPB.OzoneManagerProtocolServerSideTranslatorPB.processRequest(OzoneManagerProtocolServerSideTranslatorPB.java:174) ~[ozone-manager-1.3.0-SNAPSHOT.jar:?]
	at org.apache.hadoop.hdds.server.OzoneProtocolMessageDispatcher.processRequest(OzoneProtocolMessageDispatcher.java:87) [hdds-server-framework-1.3.0-SNAPSHOT.jar:?]
	at org.apache.hadoop.ozone.protocolPB.OzoneManagerProtocolServerSideTranslatorPB.submitRequest(OzoneManagerProtocolServerSideTranslatorPB.java:146) [ozone-manager-1.3.0-SNAPSHOT.jar:?]
	at org.apache.hadoop.ozone.protocol.proto.OzoneManagerProtocolProtos$OzoneManagerService$2.callBlockingMethod(OzoneManagerProtocolProtos.java) [ozone-interface-client-1.3.0-SNAPSHOT.jar:?]
	at org.apache.hadoop.ipc.ProtobufRpcEngine$Server.processCall(ProtobufRpcEngine.java:466) [hadoop-common-3.3.1.jar:?]
	at org.apache.hadoop.ipc.ProtobufRpcEngine2$Server$ProtoBufRpcInvoker.call(ProtobufRpcEngine2.java:574) [hadoop-common-3.3.1.jar:?]
	at org.apache.hadoop.ipc.ProtobufRpcEngine2$Server$ProtoBufRpcInvoker.call(ProtobufRpcEngine2.java:552) [hadoop-common-3.3.1.jar:?]
	at org.apache.hadoop.ipc.RPC$Server.call(RPC.java:1093) [hadoop-common-3.3.1.jar:?]
	at org.apache.hadoop.ipc.Server$RpcCall.run(Server.java:1035) [hadoop-common-3.3.1.jar:?]
	at org.apache.hadoop.ipc.Server$RpcCall.run(Server.java:963) [hadoop-common-3.3.1.jar:?]
	at java.security.AccessController.doPrivileged(Native Method) ~[?:1.8.0_322]
	at javax.security.auth.Subject.doAs(Subject.java:422) [?:1.8.0_322]
	at org.apache.hadoop.security.UserGroupInformation.doAs(UserGroupInformation.java:1878) [hadoop-common-3.3.1.jar:?]
	at org.apache.hadoop.ipc.Server$Handler.run(Server.java:2966) [hadoop-common-3.3.1.jar:?]
04:15:11.051 [IPC Server handler 15 on default port 38503] ERROR OMAudit - user=runner | ip=127.0.0.1 | op=GET_FILE_STATUS {volume=volume87548, bucket=bucket21072, key=gdir1/dir2, dataSize=0, replicationConfig=null} | ret=FAILURE
org.apache.hadoop.ozone.om.exceptions.OMException: Unable to get file status: volume: volume87548 bucket: bucket21072 key: gdir1/dir2
	at org.apache.hadoop.ozone.om.KeyManagerImpl.getOzoneFileStatus(KeyManagerImpl.java:1280) ~[ozone-manager-1.3.0-SNAPSHOT.jar:?]
	at org.apache.hadoop.ozone.om.KeyManagerImpl.getFileStatus(KeyManagerImpl.java:1210) ~[ozone-manager-1.3.0-SNAPSHOT.jar:?]
	at org.apache.hadoop.ozone.om.OzoneManager.getFileStatus(OzoneManager.java:3009) ~[ozone-manager-1.3.0-SNAPSHOT.jar:?]
	at org.apache.hadoop.ozone.protocolPB.OzoneManagerRequestHandler.getOzoneFileStatus(OzoneManagerRequestHandler.java:670) ~[ozone-manager-1.3.0-SNAPSHOT.jar:?]
	at org.apache.hadoop.ozone.protocolPB.OzoneManagerRequestHandler.handleReadRequest(OzoneManagerRequestHandler.java:201) ~[ozone-manager-1.3.0-SNAPSHOT.jar:?]
	at org.apache.hadoop.ozone.protocolPB.OzoneManagerProtocolServerSideTranslatorPB.submitReadRequestToOM(OzoneManagerProtocolServerSideTranslatorPB.java:213) ~[ozone-manager-1.3.0-SNAPSHOT.jar:?]
	at org.apache.hadoop.ozone.protocolPB.OzoneManagerProtocolServerSideTranslatorPB.processRequest(OzoneManagerProtocolServerSideTranslatorPB.java:174) ~[ozone-manager-1.3.0-SNAPSHOT.jar:?]
	at org.apache.hadoop.hdds.server.OzoneProtocolMessageDispatcher.processRequest(OzoneProtocolMessageDispatcher.java:87) [hdds-server-framework-1.3.0-SNAPSHOT.jar:?]
	at org.apache.hadoop.ozone.protocolPB.OzoneManagerProtocolServerSideTranslatorPB.submitRequest(OzoneManagerProtocolServerSideTranslatorPB.java:146) [ozone-manager-1.3.0-SNAPSHOT.jar:?]
	at org.apache.hadoop.ozone.protocol.proto.OzoneManagerProtocolProtos$OzoneManagerService$2.callBlockingMethod(OzoneManagerProtocolProtos.java) [ozone-interface-client-1.3.0-SNAPSHOT.jar:?]
	at org.apache.hadoop.ipc.ProtobufRpcEngine$Server.processCall(ProtobufRpcEngine.java:466) [hadoop-common-3.3.1.jar:?]
	at org.apache.hadoop.ipc.ProtobufRpcEngine2$Server$ProtoBufRpcInvoker.call(ProtobufRpcEngine2.java:574) [hadoop-common-3.3.1.jar:?]
	at org.apache.hadoop.ipc.ProtobufRpcEngine2$Server$ProtoBufRpcInvoker.call(ProtobufRpcEngine2.java:552) [hadoop-common-3.3.1.jar:?]
	at org.apache.hadoop.ipc.RPC$Server.call(RPC.java:1093) [hadoop-common-3.3.1.jar:?]
	at org.apache.hadoop.ipc.Server$RpcCall.run(Server.java:1035) [hadoop-common-3.3.1.jar:?]
	at org.apache.hadoop.ipc.Server$RpcCall.run(Server.java:963) [hadoop-common-3.3.1.jar:?]
	at java.security.AccessController.doPrivileged(Native Method) ~[?:1.8.0_322]
	at javax.security.auth.Subject.doAs(Subject.java:422) [?:1.8.0_322]
	at org.apache.hadoop.security.UserGroupInformation.doAs(UserGroupInformation.java:1878) [hadoop-common-3.3.1.jar:?]
	at org.apache.hadoop.ipc.Server$Handler.run(Server.java:2966) [hadoop-common-3.3.1.jar:?]
04:15:11.053 [IPC Server handler 14 on default port 38503] ERROR OMAudit - user=runner | ip=127.0.0.1 | op=GET_FILE_STATUS {volume=volume87548, bucket=bucket21072, key=gdir1/dir2/child, dataSize=0, replicationConfig=null} | ret=FAILURE
org.apache.hadoop.ozone.om.exceptions.OMException: Unable to get file status: volume: volume87548 bucket: bucket21072 key: gdir1/dir2/child
	at org.apache.hadoop.ozone.om.KeyManagerImpl.getOzoneFileStatus(KeyManagerImpl.java:1280) ~[ozone-manager-1.3.0-SNAPSHOT.jar:?]
	at org.apache.hadoop.ozone.om.KeyManagerImpl.getFileStatus(KeyManagerImpl.java:1210) ~[ozone-manager-1.3.0-SNAPSHOT.jar:?]
	at org.apache.hadoop.ozone.om.OzoneManager.getFileStatus(OzoneManager.java:3009) ~[ozone-manager-1.3.0-SNAPSHOT.jar:?]
	at org.apache.hadoop.ozone.protocolPB.OzoneManagerRequestHandler.getOzoneFileStatus(OzoneManagerRequestHandler.java:670) ~[ozone-manager-1.3.0-SNAPSHOT.jar:?]
	at org.apache.hadoop.ozone.protocolPB.OzoneManagerRequestHandler.handleReadRequest(OzoneManagerRequestHandler.java:201) ~[ozone-manager-1.3.0-SNAPSHOT.jar:?]
	at org.apache.hadoop.ozone.protocolPB.OzoneManagerProtocolServerSideTranslatorPB.submitReadRequestToOM(OzoneManagerProtocolServerSideTranslatorPB.java:213) ~[ozone-manager-1.3.0-SNAPSHOT.jar:?]
	at org.apache.hadoop.ozone.protocolPB.OzoneManagerProtocolServerSideTranslatorPB.processRequest(OzoneManagerProtocolServerSideTranslatorPB.java:174) ~[ozone-manager-1.3.0-SNAPSHOT.jar:?]
	at org.apache.hadoop.hdds.server.OzoneProtocolMessageDispatcher.processRequest(OzoneProtocolMessageDispatcher.java:87) [hdds-server-framework-1.3.0-SNAPSHOT.jar:?]
	at org.apache.hadoop.ozone.protocolPB.OzoneManagerProtocolServerSideTranslatorPB.submitRequest(OzoneManagerProtocolServerSideTranslatorPB.java:146) [ozone-manager-1.3.0-SNAPSHOT.jar:?]
	at org.apache.hadoop.ozone.protocol.proto.OzoneManagerProtocolProtos$OzoneManagerService$2.callBlockingMethod(OzoneManagerProtocolProtos.java) [ozone-interface-client-1.3.0-SNAPSHOT.jar:?]
	at org.apache.hadoop.ipc.ProtobufRpcEngine$Server.processCall(ProtobufRpcEngine.java:466) [hadoop-common-3.3.1.jar:?]
	at org.apache.hadoop.ipc.ProtobufRpcEngine2$Server$ProtoBufRpcInvoker.call(ProtobufRpcEngine2.java:574) [hadoop-common-3.3.1.jar:?]
	at org.apache.hadoop.ipc.ProtobufRpcEngine2$Server$ProtoBufRpcInvoker.call(ProtobufRpcEngine2.java:552) [hadoop-common-3.3.1.jar:?]
	at org.apache.hadoop.ipc.RPC$Server.call(RPC.java:1093) [hadoop-common-3.3.1.jar:?]
	at org.apache.hadoop.ipc.Server$RpcCall.run(Server.java:1035) [hadoop-common-3.3.1.jar:?]
	at org.apache.hadoop.ipc.Server$RpcCall.run(Server.java:963) [hadoop-common-3.3.1.jar:?]
	at java.security.AccessController.doPrivileged(Native Method) ~[?:1.8.0_322]
	at javax.security.auth.Subject.doAs(Subject.java:422) [?:1.8.0_322]
	at org.apache.hadoop.security.UserGroupInformation.doAs(UserGroupInformation.java:1878) [hadoop-common-3.3.1.jar:?]
	at org.apache.hadoop.ipc.Server$Handler.run(Server.java:2966) [hadoop-common-3.3.1.jar:?]
04:15:11.054 [IPC Server handler 13 on default port 38503] ERROR OMAudit - user=runner | ip=127.0.0.1 | op=GET_FILE_STATUS {volume=volume87548, bucket=bucket21072, key=gdir1/dir3, dataSize=0, replicationConfig=null} | ret=FAILURE
org.apache.hadoop.ozone.om.exceptions.OMException: Unable to get file status: volume: volume87548 bucket: bucket21072 key: gdir1/dir3
	at org.apache.hadoop.ozone.om.KeyManagerImpl.getOzoneFileStatus(KeyManagerImpl.java:1280) ~[ozone-manager-1.3.0-SNAPSHOT.jar:?]
	at org.apache.hadoop.ozone.om.KeyManagerImpl.getFileStatus(KeyManagerImpl.java:1210) ~[ozone-manager-1.3.0-SNAPSHOT.jar:?]
	at org.apache.hadoop.ozone.om.OzoneManager.getFileStatus(OzoneManager.java:3009) ~[ozone-manager-1.3.0-SNAPSHOT.jar:?]
	at org.apache.hadoop.ozone.protocolPB.OzoneManagerRequestHandler.getOzoneFileStatus(OzoneManagerRequestHandler.java:670) ~[ozone-manager-1.3.0-SNAPSHOT.jar:?]
	at org.apache.hadoop.ozone.protocolPB.OzoneManagerRequestHandler.handleReadRequest(OzoneManagerRequestHandler.java:201) ~[ozone-manager-1.3.0-SNAPSHOT.jar:?]
	at org.apache.hadoop.ozone.protocolPB.OzoneManagerProtocolServerSideTranslatorPB.submitReadRequestToOM(OzoneManagerProtocolServerSideTranslatorPB.java:213) ~[ozone-manager-1.3.0-SNAPSHOT.jar:?]
	at org.apache.hadoop.ozone.protocolPB.OzoneManagerProtocolServerSideTranslatorPB.processRequest(OzoneManagerProtocolServerSideTranslatorPB.java:174) ~[ozone-manager-1.3.0-SNAPSHOT.jar:?]
	at org.apache.hadoop.hdds.server.OzoneProtocolMessageDispatcher.processRequest(OzoneProtocolMessageDispatcher.java:87) [hdds-server-framework-1.3.0-SNAPSHOT.jar:?]
	at org.apache.hadoop.ozone.protocolPB.OzoneManagerProtocolServerSideTranslatorPB.submitRequest(OzoneManagerProtocolServerSideTranslatorPB.java:146) [ozone-manager-1.3.0-SNAPSHOT.jar:?]
	at org.apache.hadoop.ozone.protocol.proto.OzoneManagerProtocolProtos$OzoneManagerService$2.callBlockingMethod(OzoneManagerProtocolProtos.java) [ozone-interface-client-1.3.0-SNAPSHOT.jar:?]
	at org.apache.hadoop.ipc.ProtobufRpcEngine$Server.processCall(ProtobufRpcEngine.java:466) [hadoop-common-3.3.1.jar:?]
	at org.apache.hadoop.ipc.ProtobufRpcEngine2$Server$ProtoBufRpcInvoker.call(ProtobufRpcEngine2.java:574) [hadoop-common-3.3.1.jar:?]
	at org.apache.hadoop.ipc.ProtobufRpcEngine2$Server$ProtoBufRpcInvoker.call(ProtobufRpcEngine2.java:552) [hadoop-common-3.3.1.jar:?]
	at org.apache.hadoop.ipc.RPC$Server.call(RPC.java:1093) [hadoop-common-3.3.1.jar:?]
	at org.apache.hadoop.ipc.Server$RpcCall.run(Server.java:1035) [hadoop-common-3.3.1.jar:?]
	at org.apache.hadoop.ipc.Server$RpcCall.run(Server.java:963) [hadoop-common-3.3.1.jar:?]
	at java.security.AccessController.doPrivileged(Native Method) ~[?:1.8.0_322]
	at javax.security.auth.Subject.doAs(Subject.java:422) [?:1.8.0_322]
	at org.apache.hadoop.security.UserGroupInformation.doAs(UserGroupInformation.java:1878) [hadoop-common-3.3.1.jar:?]
	at org.apache.hadoop.ipc.Server$Handler.run(Server.java:2966) [hadoop-common-3.3.1.jar:?]
04:15:11.055 [IPC Server handler 9 on default port 38503] ERROR OMAudit - user=runner | ip=127.0.0.1 | op=GET_FILE_STATUS {volume=volume87548, bucket=bucket21072, key=gdir1/dir3/child, dataSize=0, replicationConfig=null} | ret=FAILURE
org.apache.hadoop.ozone.om.exceptions.OMException: Unable to get file status: volume: volume87548 bucket: bucket21072 key: gdir1/dir3/child
	at org.apache.hadoop.ozone.om.KeyManagerImpl.getOzoneFileStatus(KeyManagerImpl.java:1280) ~[ozone-manager-1.3.0-SNAPSHOT.jar:?]
	at org.apache.hadoop.ozone.om.KeyManagerImpl.getFileStatus(KeyManagerImpl.java:1210) ~[ozone-manager-1.3.0-SNAPSHOT.jar:?]
	at org.apache.hadoop.ozone.om.OzoneManager.getFileStatus(OzoneManager.java:3009) ~[ozone-manager-1.3.0-SNAPSHOT.jar:?]
	at org.apache.hadoop.ozone.protocolPB.OzoneManagerRequestHandler.getOzoneFileStatus(OzoneManagerRequestHandler.java:670) ~[ozone-manager-1.3.0-SNAPSHOT.jar:?]
	at org.apache.hadoop.ozone.protocolPB.OzoneManagerRequestHandler.handleReadRequest(OzoneManagerRequestHandler.java:201) ~[ozone-manager-1.3.0-SNAPSHOT.jar:?]
	at org.apache.hadoop.ozone.protocolPB.OzoneManagerProtocolServerSideTranslatorPB.submitReadRequestToOM(OzoneManagerProtocolServerSideTranslatorPB.java:213) ~[ozone-manager-1.3.0-SNAPSHOT.jar:?]
	at org.apache.hadoop.ozone.protocolPB.OzoneManagerProtocolServerSideTranslatorPB.processRequest(OzoneManagerProtocolServerSideTranslatorPB.java:174) ~[ozone-manager-1.3.0-SNAPSHOT.jar:?]
	at org.apache.hadoop.hdds.server.OzoneProtocolMessageDispatcher.processRequest(OzoneProtocolMessageDispatcher.java:87) [hdds-server-framework-1.3.0-SNAPSHOT.jar:?]
	at org.apache.hadoop.ozone.protocolPB.OzoneManagerProtocolServerSideTranslatorPB.submitRequest(OzoneManagerProtocolServerSideTranslatorPB.java:146) [ozone-manager-1.3.0-SNAPSHOT.jar:?]
	at org.apache.hadoop.ozone.protocol.proto.OzoneManagerProtocolProtos$OzoneManagerService$2.callBlockingMethod(OzoneManagerProtocolProtos.java) [ozone-interface-client-1.3.0-SNAPSHOT.jar:?]
	at org.apache.hadoop.ipc.ProtobufRpcEngine$Server.processCall(ProtobufRpcEngine.java:466) [hadoop-common-3.3.1.jar:?]
	at org.apache.hadoop.ipc.ProtobufRpcEngine2$Server$ProtoBufRpcInvoker.call(ProtobufRpcEngine2.java:574) [hadoop-common-3.3.1.jar:?]
	at org.apache.hadoop.ipc.ProtobufRpcEngine2$Server$ProtoBufRpcInvoker.call(ProtobufRpcEngine2.java:552) [hadoop-common-3.3.1.jar:?]
	at org.apache.hadoop.ipc.RPC$Server.call(RPC.java:1093) [hadoop-common-3.3.1.jar:?]
	at org.apache.hadoop.ipc.Server$RpcCall.run(Server.java:1035) [hadoop-common-3.3.1.jar:?]
	at org.apache.hadoop.ipc.Server$RpcCall.run(Server.java:963) [hadoop-common-3.3.1.jar:?]
	at java.security.AccessController.doPrivileged(Native Method) ~[?:1.8.0_322]
	at javax.security.auth.Subject.doAs(Subject.java:422) [?:1.8.0_322]
	at org.apache.hadoop.security.UserGroupInformation.doAs(UserGroupInformation.java:1878) [hadoop-common-3.3.1.jar:?]
	at org.apache.hadoop.ipc.Server$Handler.run(Server.java:2966) [hadoop-common-3.3.1.jar:?]
04:15:11.057 [IPC Server handler 8 on default port 38503] ERROR OMAudit - user=runner | ip=127.0.0.1 | op=GET_FILE_STATUS {volume=volume87548, bucket=bucket21072, key=gdir1/dir4, dataSize=0, replicationConfig=null} | ret=FAILURE
org.apache.hadoop.ozone.om.exceptions.OMException: Unable to get file status: volume: volume87548 bucket: bucket21072 key: gdir1/dir4
	at org.apache.hadoop.ozone.om.KeyManagerImpl.getOzoneFileStatus(KeyManagerImpl.java:1280) ~[ozone-manager-1.3.0-SNAPSHOT.jar:?]
	at org.apache.hadoop.ozone.om.KeyManagerImpl.getFileStatus(KeyManagerImpl.java:1210) ~[ozone-manager-1.3.0-SNAPSHOT.jar:?]
	at org.apache.hadoop.ozone.om.OzoneManager.getFileStatus(OzoneManager.java:3009) ~[ozone-manager-1.3.0-SNAPSHOT.jar:?]
	at org.apache.hadoop.ozone.protocolPB.OzoneManagerRequestHandler.getOzoneFileStatus(OzoneManagerRequestHandler.java:670) ~[ozone-manager-1.3.0-SNAPSHOT.jar:?]
	at org.apache.hadoop.ozone.protocolPB.OzoneManagerRequestHandler.handleReadRequest(OzoneManagerRequestHandler.java:201) ~[ozone-manager-1.3.0-SNAPSHOT.jar:?]
	at org.apache.hadoop.ozone.protocolPB.OzoneManagerProtocolServerSideTranslatorPB.submitReadRequestToOM(OzoneManagerProtocolServerSideTranslatorPB.java:213) ~[ozone-manager-1.3.0-SNAPSHOT.jar:?]
	at org.apache.hadoop.ozone.protocolPB.OzoneManagerProtocolServerSideTranslatorPB.processRequest(OzoneManagerProtocolServerSideTranslatorPB.java:174) ~[ozone-manager-1.3.0-SNAPSHOT.jar:?]
	at org.apache.hadoop.hdds.server.OzoneProtocolMessageDispatcher.processRequest(OzoneProtocolMessageDispatcher.java:87) [hdds-server-framework-1.3.0-SNAPSHOT.jar:?]
	at org.apache.hadoop.ozone.protocolPB.OzoneManagerProtocolServerSideTranslatorPB.submitRequest(OzoneManagerProtocolServerSideTranslatorPB.java:146) [ozone-manager-1.3.0-SNAPSHOT.jar:?]
	at org.apache.hadoop.ozone.protocol.proto.OzoneManagerProtocolProtos$OzoneManagerService$2.callBlockingMethod(OzoneManagerProtocolProtos.java) [ozone-interface-client-1.3.0-SNAPSHOT.jar:?]
	at org.apache.hadoop.ipc.ProtobufRpcEngine$Server.processCall(ProtobufRpcEngine.java:466) [hadoop-common-3.3.1.jar:?]
	at org.apache.hadoop.ipc.ProtobufRpcEngine2$Server$ProtoBufRpcInvoker.call(ProtobufRpcEngine2.java:574) [hadoop-common-3.3.1.jar:?]
	at org.apache.hadoop.ipc.ProtobufRpcEngine2$Server$ProtoBufRpcInvoker.call(ProtobufRpcEngine2.java:552) [hadoop-common-3.3.1.jar:?]
	at org.apache.hadoop.ipc.RPC$Server.call(RPC.java:1093) [hadoop-common-3.3.1.jar:?]
	at org.apache.hadoop.ipc.Server$RpcCall.run(Server.java:1035) [hadoop-common-3.3.1.jar:?]
	at org.apache.hadoop.ipc.Server$RpcCall.run(Server.java:963) [hadoop-common-3.3.1.jar:?]
	at java.security.AccessController.doPrivileged(Native Method) ~[?:1.8.0_322]
	at javax.security.auth.Subject.doAs(Subject.java:422) [?:1.8.0_322]
	at org.apache.hadoop.security.UserGroupInformation.doAs(UserGroupInformation.java:1878) [hadoop-common-3.3.1.jar:?]
	at org.apache.hadoop.ipc.Server$Handler.run(Server.java:2966) [hadoop-common-3.3.1.jar:?]
04:15:11.058 [IPC Server handler 10 on default port 38503] ERROR OMAudit - user=runner | ip=127.0.0.1 | op=GET_FILE_STATUS {volume=volume87548, bucket=bucket21072, key=gdir1/dir4/child, dataSize=0, replicationConfig=null} | ret=FAILURE
org.apache.hadoop.ozone.om.exceptions.OMException: Unable to get file status: volume: volume87548 bucket: bucket21072 key: gdir1/dir4/child
	at org.apache.hadoop.ozone.om.KeyManagerImpl.getOzoneFileStatus(KeyManagerImpl.java:1280) ~[ozone-manager-1.3.0-SNAPSHOT.jar:?]
	at org.apache.hadoop.ozone.om.KeyManagerImpl.getFileStatus(KeyManagerImpl.java:1210) ~[ozone-manager-1.3.0-SNAPSHOT.jar:?]
	at org.apache.hadoop.ozone.om.OzoneManager.getFileStatus(OzoneManager.java:3009) ~[ozone-manager-1.3.0-SNAPSHOT.jar:?]
	at org.apache.hadoop.ozone.protocolPB.OzoneManagerRequestHandler.getOzoneFileStatus(OzoneManagerRequestHandler.java:670) ~[ozone-manager-1.3.0-SNAPSHOT.jar:?]
	at org.apache.hadoop.ozone.protocolPB.OzoneManagerRequestHandler.handleReadRequest(OzoneManagerRequestHandler.java:201) ~[ozone-manager-1.3.0-SNAPSHOT.jar:?]
	at org.apache.hadoop.ozone.protocolPB.OzoneManagerProtocolServerSideTranslatorPB.submitReadRequestToOM(OzoneManagerProtocolServerSideTranslatorPB.java:213) ~[ozone-manager-1.3.0-SNAPSHOT.jar:?]
	at org.apache.hadoop.ozone.protocolPB.OzoneManagerProtocolServerSideTranslatorPB.processRequest(OzoneManagerProtocolServerSideTranslatorPB.java:174) ~[ozone-manager-1.3.0-SNAPSHOT.jar:?]
	at org.apache.hadoop.hdds.server.OzoneProtocolMessageDispatcher.processRequest(OzoneProtocolMessageDispatcher.java:87) [hdds-server-framework-1.3.0-SNAPSHOT.jar:?]
	at org.apache.hadoop.ozone.protocolPB.OzoneManagerProtocolServerSideTranslatorPB.submitRequest(OzoneManagerProtocolServerSideTranslatorPB.java:146) [ozone-manager-1.3.0-SNAPSHOT.jar:?]
	at org.apache.hadoop.ozone.protocol.proto.OzoneManagerProtocolProtos$OzoneManagerService$2.callBlockingMethod(OzoneManagerProtocolProtos.java) [ozone-interface-client-1.3.0-SNAPSHOT.jar:?]
	at org.apache.hadoop.ipc.ProtobufRpcEngine$Server.processCall(ProtobufRpcEngine.java:466) [hadoop-common-3.3.1.jar:?]
	at org.apache.hadoop.ipc.ProtobufRpcEngine2$Server$ProtoBufRpcInvoker.call(ProtobufRpcEngine2.java:574) [hadoop-common-3.3.1.jar:?]
	at org.apache.hadoop.ipc.ProtobufRpcEngine2$Server$ProtoBufRpcInvoker.call(ProtobufRpcEngine2.java:552) [hadoop-common-3.3.1.jar:?]
	at org.apache.hadoop.ipc.RPC$Server.call(RPC.java:1093) [hadoop-common-3.3.1.jar:?]
	at org.apache.hadoop.ipc.Server$RpcCall.run(Server.java:1035) [hadoop-common-3.3.1.jar:?]
	at org.apache.hadoop.ipc.Server$RpcCall.run(Server.java:963) [hadoop-common-3.3.1.jar:?]
	at java.security.AccessController.doPrivileged(Native Method) ~[?:1.8.0_322]
	at javax.security.auth.Subject.doAs(Subject.java:422) [?:1.8.0_322]
	at org.apache.hadoop.security.UserGroupInformation.doAs(UserGroupInformation.java:1878) [hadoop-common-3.3.1.jar:?]
	at org.apache.hadoop.ipc.Server$Handler.run(Server.java:2966) [hadoop-common-3.3.1.jar:?]
04:15:11.059 [IPC Server handler 11 on default port 38503] ERROR OMAudit - user=runner | ip=127.0.0.1 | op=GET_FILE_STATUS {volume=volume87548, bucket=bucket21072, key=gdir1/dir5, dataSize=0, replicationConfig=null} | ret=FAILURE
org.apache.hadoop.ozone.om.exceptions.OMException: Unable to get file status: volume: volume87548 bucket: bucket21072 key: gdir1/dir5
	at org.apache.hadoop.ozone.om.KeyManagerImpl.getOzoneFileStatus(KeyManagerImpl.java:1280) ~[ozone-manager-1.3.0-SNAPSHOT.jar:?]
	at org.apache.hadoop.ozone.om.KeyManagerImpl.getFileStatus(KeyManagerImpl.java:1210) ~[ozone-manager-1.3.0-SNAPSHOT.jar:?]
	at org.apache.hadoop.ozone.om.OzoneManager.getFileStatus(OzoneManager.java:3009) ~[ozone-manager-1.3.0-SNAPSHOT.jar:?]
	at org.apache.hadoop.ozone.protocolPB.OzoneManagerRequestHandler.getOzoneFileStatus(OzoneManagerRequestHandler.java:670) ~[ozone-manager-1.3.0-SNAPSHOT.jar:?]
	at org.apache.hadoop.ozone.protocolPB.OzoneManagerRequestHandler.handleReadRequest(OzoneManagerRequestHandler.java:201) ~[ozone-manager-1.3.0-SNAPSHOT.jar:?]
	at org.apache.hadoop.ozone.protocolPB.OzoneManagerProtocolServerSideTranslatorPB.submitReadRequestToOM(OzoneManagerProtocolServerSideTranslatorPB.java:213) ~[ozone-manager-1.3.0-SNAPSHOT.jar:?]
	at org.apache.hadoop.ozone.protocolPB.OzoneManagerProtocolServerSideTranslatorPB.processRequest(OzoneManagerProtocolServerSideTranslatorPB.java:174) ~[ozone-manager-1.3.0-SNAPSHOT.jar:?]
	at org.apache.hadoop.hdds.server.OzoneProtocolMessageDispatcher.processRequest(OzoneProtocolMessageDispatcher.java:87) [hdds-server-framework-1.3.0-SNAPSHOT.jar:?]
	at org.apache.hadoop.ozone.protocolPB.OzoneManagerProtocolServerSideTranslatorPB.submitRequest(OzoneManagerProtocolServerSideTranslatorPB.java:146) [ozone-manager-1.3.0-SNAPSHOT.jar:?]
	at org.apache.hadoop.ozone.protocol.proto.OzoneManagerProtocolProtos$OzoneManagerService$2.callBlockingMethod(OzoneManagerProtocolProtos.java) [ozone-interface-client-1.3.0-SNAPSHOT.jar:?]
	at org.apache.hadoop.ipc.ProtobufRpcEngine$Server.processCall(ProtobufRpcEngine.java:466) [hadoop-common-3.3.1.jar:?]
	at org.apache.hadoop.ipc.ProtobufRpcEngine2$Server$ProtoBufRpcInvoker.call(ProtobufRpcEngine2.java:574) [hadoop-common-3.3.1.jar:?]
	at org.apache.hadoop.ipc.ProtobufRpcEngine2$Server$ProtoBufRpcInvoker.call(ProtobufRpcEngine2.java:552) [hadoop-common-3.3.1.jar:?]
	at org.apache.hadoop.ipc.RPC$Server.call(RPC.java:1093) [hadoop-common-3.3.1.jar:?]
	at org.apache.hadoop.ipc.Server$RpcCall.run(Server.java:1035) [hadoop-common-3.3.1.jar:?]
	at org.apache.hadoop.ipc.Server$RpcCall.run(Server.java:963) [hadoop-common-3.3.1.jar:?]
	at java.security.AccessController.doPrivileged(Native Method) ~[?:1.8.0_322]
	at javax.security.auth.Subject.doAs(Subject.java:422) [?:1.8.0_322]
	at org.apache.hadoop.security.UserGroupInformation.doAs(UserGroupInformation.java:1878) [hadoop-common-3.3.1.jar:?]
	at org.apache.hadoop.ipc.Server$Handler.run(Server.java:2966) [hadoop-common-3.3.1.jar:?]
04:15:11.061 [IPC Server handler 4 on default port 38503] ERROR OMAudit - user=runner | ip=127.0.0.1 | op=GET_FILE_STATUS {volume=volume87548, bucket=bucket21072, key=gdir1/dir5/child, dataSize=0, replicationConfig=null} | ret=FAILURE
org.apache.hadoop.ozone.om.exceptions.OMException: Unable to get file status: volume: volume87548 bucket: bucket21072 key: gdir1/dir5/child
	at org.apache.hadoop.ozone.om.KeyManagerImpl.getOzoneFileStatus(KeyManagerImpl.java:1280) ~[ozone-manager-1.3.0-SNAPSHOT.jar:?]
	at org.apache.hadoop.ozone.om.KeyManagerImpl.getFileStatus(KeyManagerImpl.java:1210) ~[ozone-manager-1.3.0-SNAPSHOT.jar:?]
	at org.apache.hadoop.ozone.om.OzoneManager.getFileStatus(OzoneManager.java:3009) ~[ozone-manager-1.3.0-SNAPSHOT.jar:?]
	at org.apache.hadoop.ozone.protocolPB.OzoneManagerRequestHandler.getOzoneFileStatus(OzoneManagerRequestHandler.java:670) ~[ozone-manager-1.3.0-SNAPSHOT.jar:?]
	at org.apache.hadoop.ozone.protocolPB.OzoneManagerRequestHandler.handleReadRequest(OzoneManagerRequestHandler.java:201) ~[ozone-manager-1.3.0-SNAPSHOT.jar:?]
	at org.apache.hadoop.ozone.protocolPB.OzoneManagerProtocolServerSideTranslatorPB.submitReadRequestToOM(OzoneManagerProtocolServerSideTranslatorPB.java:213) ~[ozone-manager-1.3.0-SNAPSHOT.jar:?]
	at org.apache.hadoop.ozone.protocolPB.OzoneManagerProtocolServerSideTranslatorPB.processRequest(OzoneManagerProtocolServerSideTranslatorPB.java:174) ~[ozone-manager-1.3.0-SNAPSHOT.jar:?]
	at org.apache.hadoop.hdds.server.OzoneProtocolMessageDispatcher.processRequest(OzoneProtocolMessageDispatcher.java:87) [hdds-server-framework-1.3.0-SNAPSHOT.jar:?]
	at org.apache.hadoop.ozone.protocolPB.OzoneManagerProtocolServerSideTranslatorPB.submitRequest(OzoneManagerProtocolServerSideTranslatorPB.java:146) [ozone-manager-1.3.0-SNAPSHOT.jar:?]
	at org.apache.hadoop.ozone.protocol.proto.OzoneManagerProtocolProtos$OzoneManagerService$2.callBlockingMethod(OzoneManagerProtocolProtos.java) [ozone-interface-client-1.3.0-SNAPSHOT.jar:?]
	at org.apache.hadoop.ipc.ProtobufRpcEngine$Server.processCall(ProtobufRpcEngine.java:466) [hadoop-common-3.3.1.jar:?]
	at org.apache.hadoop.ipc.ProtobufRpcEngine2$Server$ProtoBufRpcInvoker.call(ProtobufRpcEngine2.java:574) [hadoop-common-3.3.1.jar:?]
	at org.apache.hadoop.ipc.ProtobufRpcEngine2$Server$ProtoBufRpcInvoker.call(ProtobufRpcEngine2.java:552) [hadoop-common-3.3.1.jar:?]
	at org.apache.hadoop.ipc.RPC$Server.call(RPC.java:1093) [hadoop-common-3.3.1.jar:?]
	at org.apache.hadoop.ipc.Server$RpcCall.run(Server.java:1035) [hadoop-common-3.3.1.jar:?]
	at org.apache.hadoop.ipc.Server$RpcCall.run(Server.java:963) [hadoop-common-3.3.1.jar:?]
	at java.security.AccessController.doPrivileged(Native Method) ~[?:1.8.0_322]
	at javax.security.auth.Subject.doAs(Subject.java:422) [?:1.8.0_322]
	at org.apache.hadoop.security.UserGroupInformation.doAs(UserGroupInformation.java:1878) [hadoop-common-3.3.1.jar:?]
	at org.apache.hadoop.ipc.Server$Handler.run(Server.java:2966) [hadoop-common-3.3.1.jar:?]
04:15:11.062 [IPC Server handler 1 on default port 38503] ERROR OMAudit - user=runner | ip=127.0.0.1 | op=GET_FILE_STATUS {volume=volume87548, bucket=bucket21072, key=gdir1/dir6, dataSize=0, replicationConfig=null} | ret=FAILURE
org.apache.hadoop.ozone.om.exceptions.OMException: Unable to get file status: volume: volume87548 bucket: bucket21072 key: gdir1/dir6
	at org.apache.hadoop.ozone.om.KeyManagerImpl.getOzoneFileStatus(KeyManagerImpl.java:1280) ~[ozone-manager-1.3.0-SNAPSHOT.jar:?]
	at org.apache.hadoop.ozone.om.KeyManagerImpl.getFileStatus(KeyManagerImpl.java:1210) ~[ozone-manager-1.3.0-SNAPSHOT.jar:?]
	at org.apache.hadoop.ozone.om.OzoneManager.getFileStatus(OzoneManager.java:3009) ~[ozone-manager-1.3.0-SNAPSHOT.jar:?]
	at org.apache.hadoop.ozone.protocolPB.OzoneManagerRequestHandler.getOzoneFileStatus(OzoneManagerRequestHandler.java:670) ~[ozone-manager-1.3.0-SNAPSHOT.jar:?]
	at org.apache.hadoop.ozone.protocolPB.OzoneManagerRequestHandler.handleReadRequest(OzoneManagerRequestHandler.java:201) ~[ozone-manager-1.3.0-SNAPSHOT.jar:?]
	at org.apache.hadoop.ozone.protocolPB.OzoneManagerProtocolServerSideTranslatorPB.submitReadRequestToOM(OzoneManagerProtocolServerSideTranslatorPB.java:213) ~[ozone-manager-1.3.0-SNAPSHOT.jar:?]
	at org.apache.hadoop.ozone.protocolPB.OzoneManagerProtocolServerSideTranslatorPB.processRequest(OzoneManagerProtocolServerSideTranslatorPB.java:174) ~[ozone-manager-1.3.0-SNAPSHOT.jar:?]
	at org.apache.hadoop.hdds.server.OzoneProtocolMessageDispatcher.processRequest(OzoneProtocolMessageDispatcher.java:87) [hdds-server-framework-1.3.0-SNAPSHOT.jar:?]
	at org.apache.hadoop.ozone.protocolPB.OzoneManagerProtocolServerSideTranslatorPB.submitRequest(OzoneManagerProtocolServerSideTranslatorPB.java:146) [ozone-manager-1.3.0-SNAPSHOT.jar:?]
	at org.apache.hadoop.ozone.protocol.proto.OzoneManagerProtocolProtos$OzoneManagerService$2.callBlockingMethod(OzoneManagerProtocolProtos.java) [ozone-interface-client-1.3.0-SNAPSHOT.jar:?]
	at org.apache.hadoop.ipc.ProtobufRpcEngine$Server.processCall(ProtobufRpcEngine.java:466) [hadoop-common-3.3.1.jar:?]
	at org.apache.hadoop.ipc.ProtobufRpcEngine2$Server$ProtoBufRpcInvoker.call(ProtobufRpcEngine2.java:574) [hadoop-common-3.3.1.jar:?]
	at org.apache.hadoop.ipc.ProtobufRpcEngine2$Server$ProtoBufRpcInvoker.call(ProtobufRpcEngine2.java:552) [hadoop-common-3.3.1.jar:?]
	at org.apache.hadoop.ipc.RPC$Server.call(RPC.java:1093) [hadoop-common-3.3.1.jar:?]
	at org.apache.hadoop.ipc.Server$RpcCall.run(Server.java:1035) [hadoop-common-3.3.1.jar:?]
	at org.apache.hadoop.ipc.Server$RpcCall.run(Server.java:963) [hadoop-common-3.3.1.jar:?]
	at java.security.AccessController.doPrivileged(Native Method) ~[?:1.8.0_322]
	at javax.security.auth.Subject.doAs(Subject.java:422) [?:1.8.0_322]
	at org.apache.hadoop.security.UserGroupInformation.doAs(UserGroupInformation.java:1878) [hadoop-common-3.3.1.jar:?]
	at org.apache.hadoop.ipc.Server$Handler.run(Server.java:2966) [hadoop-common-3.3.1.jar:?]
04:15:11.063 [IPC Server handler 0 on default port 38503] ERROR OMAudit - user=runner | ip=127.0.0.1 | op=GET_FILE_STATUS {volume=volume87548, bucket=bucket21072, key=gdir1/dir6/child, dataSize=0, replicationConfig=null} | ret=FAILURE
org.apache.hadoop.ozone.om.exceptions.OMException: Unable to get file status: volume: volume87548 bucket: bucket21072 key: gdir1/dir6/child
	at org.apache.hadoop.ozone.om.KeyManagerImpl.getOzoneFileStatus(KeyManagerImpl.java:1280) ~[ozone-manager-1.3.0-SNAPSHOT.jar:?]
	at org.apache.hadoop.ozone.om.KeyManagerImpl.getFileStatus(KeyManagerImpl.java:1210) ~[ozone-manager-1.3.0-SNAPSHOT.jar:?]
	at org.apache.hadoop.ozone.om.OzoneManager.getFileStatus(OzoneManager.java:3009) ~[ozone-manager-1.3.0-SNAPSHOT.jar:?]
	at org.apache.hadoop.ozone.protocolPB.OzoneManagerRequestHandler.getOzoneFileStatus(OzoneManagerRequestHandler.java:670) ~[ozone-manager-1.3.0-SNAPSHOT.jar:?]
	at org.apache.hadoop.ozone.protocolPB.OzoneManagerRequestHandler.handleReadRequest(OzoneManagerRequestHandler.java:201) ~[ozone-manager-1.3.0-SNAPSHOT.jar:?]
	at org.apache.hadoop.ozone.protocolPB.OzoneManagerProtocolServerSideTranslatorPB.submitReadRequestToOM(OzoneManagerProtocolServerSideTranslatorPB.java:213) ~[ozone-manager-1.3.0-SNAPSHOT.jar:?]
	at org.apache.hadoop.ozone.protocolPB.OzoneManagerProtocolServerSideTranslatorPB.processRequest(OzoneManagerProtocolServerSideTranslatorPB.java:174) ~[ozone-manager-1.3.0-SNAPSHOT.jar:?]
	at org.apache.hadoop.hdds.server.OzoneProtocolMessageDispatcher.processRequest(OzoneProtocolMessageDispatcher.java:87) [hdds-server-framework-1.3.0-SNAPSHOT.jar:?]
	at org.apache.hadoop.ozone.protocolPB.OzoneManagerProtocolServerSideTranslatorPB.submitRequest(OzoneManagerProtocolServerSideTranslatorPB.java:146) [ozone-manager-1.3.0-SNAPSHOT.jar:?]
	at org.apache.hadoop.ozone.protocol.proto.OzoneManagerProtocolProtos$OzoneManagerService$2.callBlockingMethod(OzoneManagerProtocolProtos.java) [ozone-interface-client-1.3.0-SNAPSHOT.jar:?]
	at org.apache.hadoop.ipc.ProtobufRpcEngine$Server.processCall(ProtobufRpcEngine.java:466) [hadoop-common-3.3.1.jar:?]
	at org.apache.hadoop.ipc.ProtobufRpcEngine2$Server$ProtoBufRpcInvoker.call(ProtobufRpcEngine2.java:574) [hadoop-common-3.3.1.jar:?]
	at org.apache.hadoop.ipc.ProtobufRpcEngine2$Server$ProtoBufRpcInvoker.call(ProtobufRpcEngine2.java:552) [hadoop-common-3.3.1.jar:?]
	at org.apache.hadoop.ipc.RPC$Server.call(RPC.java:1093) [hadoop-common-3.3.1.jar:?]
	at org.apache.hadoop.ipc.Server$RpcCall.run(Server.java:1035) [hadoop-common-3.3.1.jar:?]
	at org.apache.hadoop.ipc.Server$RpcCall.run(Server.java:963) [hadoop-common-3.3.1.jar:?]
	at java.security.AccessController.doPrivileged(Native Method) ~[?:1.8.0_322]
	at javax.security.auth.Subject.doAs(Subject.java:422) [?:1.8.0_322]
	at org.apache.hadoop.security.UserGroupInformation.doAs(UserGroupInformation.java:1878) [hadoop-common-3.3.1.jar:?]
	at org.apache.hadoop.ipc.Server$Handler.run(Server.java:2966) [hadoop-common-3.3.1.jar:?]
04:15:11.064 [IPC Server handler 7 on default port 38503] ERROR OMAudit - user=runner | ip=127.0.0.1 | op=GET_FILE_STATUS {volume=volume87548, bucket=bucket21072, key=gdir1/dir7, dataSize=0, replicationConfig=null} | ret=FAILURE
org.apache.hadoop.ozone.om.exceptions.OMException: Unable to get file status: volume: volume87548 bucket: bucket21072 key: gdir1/dir7
	at org.apache.hadoop.ozone.om.KeyManagerImpl.getOzoneFileStatus(KeyManagerImpl.java:1280) ~[ozone-manager-1.3.0-SNAPSHOT.jar:?]
	at org.apache.hadoop.ozone.om.KeyManagerImpl.getFileStatus(KeyManagerImpl.java:1210) ~[ozone-manager-1.3.0-SNAPSHOT.jar:?]
	at org.apache.hadoop.ozone.om.OzoneManager.getFileStatus(OzoneManager.java:3009) ~[ozone-manager-1.3.0-SNAPSHOT.jar:?]
	at org.apache.hadoop.ozone.protocolPB.OzoneManagerRequestHandler.getOzoneFileStatus(OzoneManagerRequestHandler.java:670) ~[ozone-manager-1.3.0-SNAPSHOT.jar:?]
	at org.apache.hadoop.ozone.protocolPB.OzoneManagerRequestHandler.handleReadRequest(OzoneManagerRequestHandler.java:201) ~[ozone-manager-1.3.0-SNAPSHOT.jar:?]
	at org.apache.hadoop.ozone.protocolPB.OzoneManagerProtocolServerSideTranslatorPB.submitReadRequestToOM(OzoneManagerProtocolServerSideTranslatorPB.java:213) ~[ozone-manager-1.3.0-SNAPSHOT.jar:?]
	at org.apache.hadoop.ozone.protocolPB.OzoneManagerProtocolServerSideTranslatorPB.processRequest(OzoneManagerProtocolServerSideTranslatorPB.java:174) ~[ozone-manager-1.3.0-SNAPSHOT.jar:?]
	at org.apache.hadoop.hdds.server.OzoneProtocolMessageDispatcher.processRequest(OzoneProtocolMessageDispatcher.java:87) [hdds-server-framework-1.3.0-SNAPSHOT.jar:?]
	at org.apache.hadoop.ozone.protocolPB.OzoneManagerProtocolServerSideTranslatorPB.submitRequest(OzoneManagerProtocolServerSideTranslatorPB.java:146) [ozone-manager-1.3.0-SNAPSHOT.jar:?]
	at org.apache.hadoop.ozone.protocol.proto.OzoneManagerProtocolProtos$OzoneManagerService$2.callBlockingMethod(OzoneManagerProtocolProtos.java) [ozone-interface-client-1.3.0-SNAPSHOT.jar:?]
	at org.apache.hadoop.ipc.ProtobufRpcEngine$Server.processCall(ProtobufRpcEngine.java:466) [hadoop-common-3.3.1.jar:?]
	at org.apache.hadoop.ipc.ProtobufRpcEngine2$Server$ProtoBufRpcInvoker.call(ProtobufRpcEngine2.java:574) [hadoop-common-3.3.1.jar:?]
	at org.apache.hadoop.ipc.ProtobufRpcEngine2$Server$ProtoBufRpcInvoker.call(ProtobufRpcEngine2.java:552) [hadoop-common-3.3.1.jar:?]
	at org.apache.hadoop.ipc.RPC$Server.call(RPC.java:1093) [hadoop-common-3.3.1.jar:?]
	at org.apache.hadoop.ipc.Server$RpcCall.run(Server.java:1035) [hadoop-common-3.3.1.jar:?]
	at org.apache.hadoop.ipc.Server$RpcCall.run(Server.java:963) [hadoop-common-3.3.1.jar:?]
	at java.security.AccessController.doPrivileged(Native Method) ~[?:1.8.0_322]
	at javax.security.auth.Subject.doAs(Subject.java:422) [?:1.8.0_322]
	at org.apache.hadoop.security.UserGroupInformation.doAs(UserGroupInformation.java:1878) [hadoop-common-3.3.1.jar:?]
	at org.apache.hadoop.ipc.Server$Handler.run(Server.java:2966) [hadoop-common-3.3.1.jar:?]
04:15:11.065 [IPC Server handler 5 on default port 38503] ERROR OMAudit - user=runner | ip=127.0.0.1 | op=GET_FILE_STATUS {volume=volume87548, bucket=bucket21072, key=gdir1/dir7/child, dataSize=0, replicationConfig=null} | ret=FAILURE
org.apache.hadoop.ozone.om.exceptions.OMException: Unable to get file status: volume: volume87548 bucket: bucket21072 key: gdir1/dir7/child
	at org.apache.hadoop.ozone.om.KeyManagerImpl.getOzoneFileStatus(KeyManagerImpl.java:1280) ~[ozone-manager-1.3.0-SNAPSHOT.jar:?]
	at org.apache.hadoop.ozone.om.KeyManagerImpl.getFileStatus(KeyManagerImpl.java:1210) ~[ozone-manager-1.3.0-SNAPSHOT.jar:?]
	at org.apache.hadoop.ozone.om.OzoneManager.getFileStatus(OzoneManager.java:3009) ~[ozone-manager-1.3.0-SNAPSHOT.jar:?]
	at org.apache.hadoop.ozone.protocolPB.OzoneManagerRequestHandler.getOzoneFileStatus(OzoneManagerRequestHandler.java:670) ~[ozone-manager-1.3.0-SNAPSHOT.jar:?]
	at org.apache.hadoop.ozone.protocolPB.OzoneManagerRequestHandler.handleReadRequest(OzoneManagerRequestHandler.java:201) ~[ozone-manager-1.3.0-SNAPSHOT.jar:?]
	at org.apache.hadoop.ozone.protocolPB.OzoneManagerProtocolServerSideTranslatorPB.submitReadRequestToOM(OzoneManagerProtocolServerSideTranslatorPB.java:213) ~[ozone-manager-1.3.0-SNAPSHOT.jar:?]
	at org.apache.hadoop.ozone.protocolPB.OzoneManagerProtocolServerSideTranslatorPB.processRequest(OzoneManagerProtocolServerSideTranslatorPB.java:174) ~[ozone-manager-1.3.0-SNAPSHOT.jar:?]
	at org.apache.hadoop.hdds.server.OzoneProtocolMessageDispatcher.processRequest(OzoneProtocolMessageDispatcher.java:87) [hdds-server-framework-1.3.0-SNAPSHOT.jar:?]
	at org.apache.hadoop.ozone.protocolPB.OzoneManagerProtocolServerSideTranslatorPB.submitRequest(OzoneManagerProtocolServerSideTranslatorPB.java:146) [ozone-manager-1.3.0-SNAPSHOT.jar:?]
	at org.apache.hadoop.ozone.protocol.proto.OzoneManagerProtocolProtos$OzoneManagerService$2.callBlockingMethod(OzoneManagerProtocolProtos.java) [ozone-interface-client-1.3.0-SNAPSHOT.jar:?]
	at org.apache.hadoop.ipc.ProtobufRpcEngine$Server.processCall(ProtobufRpcEngine.java:466) [hadoop-common-3.3.1.jar:?]
	at org.apache.hadoop.ipc.ProtobufRpcEngine2$Server$ProtoBufRpcInvoker.call(ProtobufRpcEngine2.java:574) [hadoop-common-3.3.1.jar:?]
	at org.apache.hadoop.ipc.ProtobufRpcEngine2$Server$ProtoBufRpcInvoker.call(ProtobufRpcEngine2.java:552) [hadoop-common-3.3.1.jar:?]
	at org.apache.hadoop.ipc.RPC$Server.call(RPC.java:1093) [hadoop-common-3.3.1.jar:?]
	at org.apache.hadoop.ipc.Server$RpcCall.run(Server.java:1035) [hadoop-common-3.3.1.jar:?]
	at org.apache.hadoop.ipc.Server$RpcCall.run(Server.java:963) [hadoop-common-3.3.1.jar:?]
	at java.security.AccessController.doPrivileged(Native Method) ~[?:1.8.0_322]
	at javax.security.auth.Subject.doAs(Subject.java:422) [?:1.8.0_322]
	at org.apache.hadoop.security.UserGroupInformation.doAs(UserGroupInformation.java:1878) [hadoop-common-3.3.1.jar:?]
	at org.apache.hadoop.ipc.Server$Handler.run(Server.java:2966) [hadoop-common-3.3.1.jar:?]
04:15:11.067 [IPC Server handler 6 on default port 38503] ERROR OMAudit - user=runner | ip=127.0.0.1 | op=GET_FILE_STATUS {volume=volume87548, bucket=bucket21072, key=gdir1/dir8, dataSize=0, replicationConfig=null} | ret=FAILURE
org.apache.hadoop.ozone.om.exceptions.OMException: Unable to get file status: volume: volume87548 bucket: bucket21072 key: gdir1/dir8
	at org.apache.hadoop.ozone.om.KeyManagerImpl.getOzoneFileStatus(KeyManagerImpl.java:1280) ~[ozone-manager-1.3.0-SNAPSHOT.jar:?]
	at org.apache.hadoop.ozone.om.KeyManagerImpl.getFileStatus(KeyManagerImpl.java:1210) ~[ozone-manager-1.3.0-SNAPSHOT.jar:?]
	at org.apache.hadoop.ozone.om.OzoneManager.getFileStatus(OzoneManager.java:3009) ~[ozone-manager-1.3.0-SNAPSHOT.jar:?]
	at org.apache.hadoop.ozone.protocolPB.OzoneManagerRequestHandler.getOzoneFileStatus(OzoneManagerRequestHandler.java:670) ~[ozone-manager-1.3.0-SNAPSHOT.jar:?]
	at org.apache.hadoop.ozone.protocolPB.OzoneManagerRequestHandler.handleReadRequest(OzoneManagerRequestHandler.java:201) ~[ozone-manager-1.3.0-SNAPSHOT.jar:?]
	at org.apache.hadoop.ozone.protocolPB.OzoneManagerProtocolServerSideTranslatorPB.submitReadRequestToOM(OzoneManagerProtocolServerSideTranslatorPB.java:213) ~[ozone-manager-1.3.0-SNAPSHOT.jar:?]
	at org.apache.hadoop.ozone.protocolPB.OzoneManagerProtocolServerSideTranslatorPB.processRequest(OzoneManagerProtocolServerSideTranslatorPB.java:174) ~[ozone-manager-1.3.0-SNAPSHOT.jar:?]
	at org.apache.hadoop.hdds.server.OzoneProtocolMessageDispatcher.processRequest(OzoneProtocolMessageDispatcher.java:87) [hdds-server-framework-1.3.0-SNAPSHOT.jar:?]
	at org.apache.hadoop.ozone.protocolPB.OzoneManagerProtocolServerSideTranslatorPB.submitRequest(OzoneManagerProtocolServerSideTranslatorPB.java:146) [ozone-manager-1.3.0-SNAPSHOT.jar:?]
	at org.apache.hadoop.ozone.protocol.proto.OzoneManagerProtocolProtos$OzoneManagerService$2.callBlockingMethod(OzoneManagerProtocolProtos.java) [ozone-interface-client-1.3.0-SNAPSHOT.jar:?]
	at org.apache.hadoop.ipc.ProtobufRpcEngine$Server.processCall(ProtobufRpcEngine.java:466) [hadoop-common-3.3.1.jar:?]
	at org.apache.hadoop.ipc.ProtobufRpcEngine2$Server$ProtoBufRpcInvoker.call(ProtobufRpcEngine2.java:574) [hadoop-common-3.3.1.jar:?]
	at org.apache.hadoop.ipc.ProtobufRpcEngine2$Server$ProtoBufRpcInvoker.call(ProtobufRpcEngine2.java:552) [hadoop-common-3.3.1.jar:?]
	at org.apache.hadoop.ipc.RPC$Server.call(RPC.java:1093) [hadoop-common-3.3.1.jar:?]
	at org.apache.hadoop.ipc.Server$RpcCall.run(Server.java:1035) [hadoop-common-3.3.1.jar:?]
	at org.apache.hadoop.ipc.Server$RpcCall.run(Server.java:963) [hadoop-common-3.3.1.jar:?]
	at java.security.AccessController.doPrivileged(Native Method) ~[?:1.8.0_322]
	at javax.security.auth.Subject.doAs(Subject.java:422) [?:1.8.0_322]
	at org.apache.hadoop.security.UserGroupInformation.doAs(UserGroupInformation.java:1878) [hadoop-common-3.3.1.jar:?]
	at org.apache.hadoop.ipc.Server$Handler.run(Server.java:2966) [hadoop-common-3.3.1.jar:?]
04:15:11.068 [IPC Server handler 3 on default port 38503] ERROR OMAudit - user=runner | ip=127.0.0.1 | op=GET_FILE_STATUS {volume=volume87548, bucket=bucket21072, key=gdir1/dir8/child, dataSize=0, replicationConfig=null} | ret=FAILURE
org.apache.hadoop.ozone.om.exceptions.OMException: Unable to get file status: volume: volume87548 bucket: bucket21072 key: gdir1/dir8/child
	at org.apache.hadoop.ozone.om.KeyManagerImpl.getOzoneFileStatus(KeyManagerImpl.java:1280) ~[ozone-manager-1.3.0-SNAPSHOT.jar:?]
	at org.apache.hadoop.ozone.om.KeyManagerImpl.getFileStatus(KeyManagerImpl.java:1210) ~[ozone-manager-1.3.0-SNAPSHOT.jar:?]
	at org.apache.hadoop.ozone.om.OzoneManager.getFileStatus(OzoneManager.java:3009) ~[ozone-manager-1.3.0-SNAPSHOT.jar:?]
	at org.apache.hadoop.ozone.protocolPB.OzoneManagerRequestHandler.getOzoneFileStatus(OzoneManagerRequestHandler.java:670) ~[ozone-manager-1.3.0-SNAPSHOT.jar:?]
	at org.apache.hadoop.ozone.protocolPB.OzoneManagerRequestHandler.handleReadRequest(OzoneManagerRequestHandler.java:201) ~[ozone-manager-1.3.0-SNAPSHOT.jar:?]
	at org.apache.hadoop.ozone.protocolPB.OzoneManagerProtocolServerSideTranslatorPB.submitReadRequestToOM(OzoneManagerProtocolServerSideTranslatorPB.java:213) ~[ozone-manager-1.3.0-SNAPSHOT.jar:?]
	at org.apache.hadoop.ozone.protocolPB.OzoneManagerProtocolServerSideTranslatorPB.processRequest(OzoneManagerProtocolServerSideTranslatorPB.java:174) ~[ozone-manager-1.3.0-SNAPSHOT.jar:?]
	at org.apache.hadoop.hdds.server.OzoneProtocolMessageDispatcher.processRequest(OzoneProtocolMessageDispatcher.java:87) [hdds-server-framework-1.3.0-SNAPSHOT.jar:?]
	at org.apache.hadoop.ozone.protocolPB.OzoneManagerProtocolServerSideTranslatorPB.submitRequest(OzoneManagerProtocolServerSideTranslatorPB.java:146) [ozone-manager-1.3.0-SNAPSHOT.jar:?]
	at org.apache.hadoop.ozone.protocol.proto.OzoneManagerProtocolProtos$OzoneManagerService$2.callBlockingMethod(OzoneManagerProtocolProtos.java) [ozone-interface-client-1.3.0-SNAPSHOT.jar:?]
	at org.apache.hadoop.ipc.ProtobufRpcEngine$Server.processCall(ProtobufRpcEngine.java:466) [hadoop-common-3.3.1.jar:?]
	at org.apache.hadoop.ipc.ProtobufRpcEngine2$Server$ProtoBufRpcInvoker.call(ProtobufRpcEngine2.java:574) [hadoop-common-3.3.1.jar:?]
	at org.apache.hadoop.ipc.ProtobufRpcEngine2$Server$ProtoBufRpcInvoker.call(ProtobufRpcEngine2.java:552) [hadoop-common-3.3.1.jar:?]
	at org.apache.hadoop.ipc.RPC$Server.call(RPC.java:1093) [hadoop-common-3.3.1.jar:?]
	at org.apache.hadoop.ipc.Server$RpcCall.run(Server.java:1035) [hadoop-common-3.3.1.jar:?]
	at org.apache.hadoop.ipc.Server$RpcCall.run(Server.java:963) [hadoop-common-3.3.1.jar:?]
	at java.security.AccessController.doPrivileged(Native Method) ~[?:1.8.0_322]
	at javax.security.auth.Subject.doAs(Subject.java:422) [?:1.8.0_322]
	at org.apache.hadoop.security.UserGroupInformation.doAs(UserGroupInformation.java:1878) [hadoop-common-3.3.1.jar:?]
	at org.apache.hadoop.ipc.Server$Handler.run(Server.java:2966) [hadoop-common-3.3.1.jar:?]
04:15:11.071 [IPC Server handler 2 on default port 38503] ERROR OMAudit - user=runner | ip=127.0.0.1 | op=GET_FILE_STATUS {volume=volume87548, bucket=bucket21072, key=gdir1/dir9, dataSize=0, replicationConfig=null} | ret=FAILURE
org.apache.hadoop.ozone.om.exceptions.OMException: Unable to get file status: volume: volume87548 bucket: bucket21072 key: gdir1/dir9
	at org.apache.hadoop.ozone.om.KeyManagerImpl.getOzoneFileStatus(KeyManagerImpl.java:1280) ~[ozone-manager-1.3.0-SNAPSHOT.jar:?]
	at org.apache.hadoop.ozone.om.KeyManagerImpl.getFileStatus(KeyManagerImpl.java:1210) ~[ozone-manager-1.3.0-SNAPSHOT.jar:?]
	at org.apache.hadoop.ozone.om.OzoneManager.getFileStatus(OzoneManager.java:3009) ~[ozone-manager-1.3.0-SNAPSHOT.jar:?]
	at org.apache.hadoop.ozone.protocolPB.OzoneManagerRequestHandler.getOzoneFileStatus(OzoneManagerRequestHandler.java:670) ~[ozone-manager-1.3.0-SNAPSHOT.jar:?]
	at org.apache.hadoop.ozone.protocolPB.OzoneManagerRequestHandler.handleReadRequest(OzoneManagerRequestHandler.java:201) ~[ozone-manager-1.3.0-SNAPSHOT.jar:?]
	at org.apache.hadoop.ozone.protocolPB.OzoneManagerProtocolServerSideTranslatorPB.submitReadRequestToOM(OzoneManagerProtocolServerSideTranslatorPB.java:213) ~[ozone-manager-1.3.0-SNAPSHOT.jar:?]
	at org.apache.hadoop.ozone.protocolPB.OzoneManagerProtocolServerSideTranslatorPB.processRequest(OzoneManagerProtocolServerSideTranslatorPB.java:174) ~[ozone-manager-1.3.0-SNAPSHOT.jar:?]
	at org.apache.hadoop.hdds.server.OzoneProtocolMessageDispatcher.processRequest(OzoneProtocolMessageDispatcher.java:87) [hdds-server-framework-1.3.0-SNAPSHOT.jar:?]
	at org.apache.hadoop.ozone.protocolPB.OzoneManagerProtocolServerSideTranslatorPB.submitRequest(OzoneManagerProtocolServerSideTranslatorPB.java:146) [ozone-manager-1.3.0-SNAPSHOT.jar:?]
	at org.apache.hadoop.ozone.protocol.proto.OzoneManagerProtocolProtos$OzoneManagerService$2.callBlockingMethod(OzoneManagerProtocolProtos.java) [ozone-interface-client-1.3.0-SNAPSHOT.jar:?]
	at org.apache.hadoop.ipc.ProtobufRpcEngine$Server.processCall(ProtobufRpcEngine.java:466) [hadoop-common-3.3.1.jar:?]
	at org.apache.hadoop.ipc.ProtobufRpcEngine2$Server$ProtoBufRpcInvoker.call(ProtobufRpcEngine2.java:574) [hadoop-common-3.3.1.jar:?]
	at org.apache.hadoop.ipc.ProtobufRpcEngine2$Server$ProtoBufRpcInvoker.call(ProtobufRpcEngine2.java:552) [hadoop-common-3.3.1.jar:?]
	at org.apache.hadoop.ipc.RPC$Server.call(RPC.java:1093) [hadoop-common-3.3.1.jar:?]
	at org.apache.hadoop.ipc.Server$RpcCall.run(Server.java:1035) [hadoop-common-3.3.1.jar:?]
	at org.apache.hadoop.ipc.Server$RpcCall.run(Server.java:963) [hadoop-common-3.3.1.jar:?]
	at java.security.AccessController.doPrivileged(Native Method) ~[?:1.8.0_322]
	at javax.security.auth.Subject.doAs(Subject.java:422) [?:1.8.0_322]
	at org.apache.hadoop.security.UserGroupInformation.doAs(UserGroupInformation.java:1878) [hadoop-common-3.3.1.jar:?]
	at org.apache.hadoop.ipc.Server$Handler.run(Server.java:2966) [hadoop-common-3.3.1.jar:?]
04:15:11.072 [IPC Server handler 19 on default port 38503] ERROR OMAudit - user=runner | ip=127.0.0.1 | op=GET_FILE_STATUS {volume=volume87548, bucket=bucket21072, key=gdir1/dir9/child, dataSize=0, replicationConfig=null} | ret=FAILURE
org.apache.hadoop.ozone.om.exceptions.OMException: Unable to get file status: volume: volume87548 bucket: bucket21072 key: gdir1/dir9/child
	at org.apache.hadoop.ozone.om.KeyManagerImpl.getOzoneFileStatus(KeyManagerImpl.java:1280) ~[ozone-manager-1.3.0-SNAPSHOT.jar:?]
	at org.apache.hadoop.ozone.om.KeyManagerImpl.getFileStatus(KeyManagerImpl.java:1210) ~[ozone-manager-1.3.0-SNAPSHOT.jar:?]
	at org.apache.hadoop.ozone.om.OzoneManager.getFileStatus(OzoneManager.java:3009) ~[ozone-manager-1.3.0-SNAPSHOT.jar:?]
	at org.apache.hadoop.ozone.protocolPB.OzoneManagerRequestHandler.getOzoneFileStatus(OzoneManagerRequestHandler.java:670) ~[ozone-manager-1.3.0-SNAPSHOT.jar:?]
	at org.apache.hadoop.ozone.protocolPB.OzoneManagerRequestHandler.handleReadRequest(OzoneManagerRequestHandler.java:201) ~[ozone-manager-1.3.0-SNAPSHOT.jar:?]
	at org.apache.hadoop.ozone.protocolPB.OzoneManagerProtocolServerSideTranslatorPB.submitReadRequestToOM(OzoneManagerProtocolServerSideTranslatorPB.java:213) ~[ozone-manager-1.3.0-SNAPSHOT.jar:?]
	at org.apache.hadoop.ozone.protocolPB.OzoneManagerProtocolServerSideTranslatorPB.processRequest(OzoneManagerProtocolServerSideTranslatorPB.java:174) ~[ozone-manager-1.3.0-SNAPSHOT.jar:?]
	at org.apache.hadoop.hdds.server.OzoneProtocolMessageDispatcher.processRequest(OzoneProtocolMessageDispatcher.java:87) [hdds-server-framework-1.3.0-SNAPSHOT.jar:?]
	at org.apache.hadoop.ozone.protocolPB.OzoneManagerProtocolServerSideTranslatorPB.submitRequest(OzoneManagerProtocolServerSideTranslatorPB.java:146) [ozone-manager-1.3.0-SNAPSHOT.jar:?]
	at org.apache.hadoop.ozone.protocol.proto.OzoneManagerProtocolProtos$OzoneManagerService$2.callBlockingMethod(OzoneManagerProtocolProtos.java) [ozone-interface-client-1.3.0-SNAPSHOT.jar:?]
	at org.apache.hadoop.ipc.ProtobufRpcEngine$Server.processCall(ProtobufRpcEngine.java:466) [hadoop-common-3.3.1.jar:?]
	at org.apache.hadoop.ipc.ProtobufRpcEngine2$Server$ProtoBufRpcInvoker.call(ProtobufRpcEngine2.java:574) [hadoop-common-3.3.1.jar:?]
	at org.apache.hadoop.ipc.ProtobufRpcEngine2$Server$ProtoBufRpcInvoker.call(ProtobufRpcEngine2.java:552) [hadoop-common-3.3.1.jar:?]
	at org.apache.hadoop.ipc.RPC$Server.call(RPC.java:1093) [hadoop-common-3.3.1.jar:?]
	at org.apache.hadoop.ipc.Server$RpcCall.run(Server.java:1035) [hadoop-common-3.3.1.jar:?]
	at org.apache.hadoop.ipc.Server$RpcCall.run(Server.java:963) [hadoop-common-3.3.1.jar:?]
	at java.security.AccessController.doPrivileged(Native Method) ~[?:1.8.0_322]
	at javax.security.auth.Subject.doAs(Subject.java:422) [?:1.8.0_322]
	at org.apache.hadoop.security.UserGroupInformation.doAs(UserGroupInformation.java:1878) [hadoop-common-3.3.1.jar:?]
	at org.apache.hadoop.ipc.Server$Handler.run(Server.java:2966) [hadoop-common-3.3.1.jar:?]
04:15:11.073 [IPC Server handler 18 on default port 38503] ERROR OMAudit - user=runner | ip=127.0.0.1 | op=GET_FILE_STATUS {volume=volume87548, bucket=bucket21072, key=gdir1/dir10, dataSize=0, replicationConfig=null} | ret=FAILURE
org.apache.hadoop.ozone.om.exceptions.OMException: Unable to get file status: volume: volume87548 bucket: bucket21072 key: gdir1/dir10
	at org.apache.hadoop.ozone.om.KeyManagerImpl.getOzoneFileStatus(KeyManagerImpl.java:1280) ~[ozone-manager-1.3.0-SNAPSHOT.jar:?]
	at org.apache.hadoop.ozone.om.KeyManagerImpl.getFileStatus(KeyManagerImpl.java:1210) ~[ozone-manager-1.3.0-SNAPSHOT.jar:?]
	at org.apache.hadoop.ozone.om.OzoneManager.getFileStatus(OzoneManager.java:3009) ~[ozone-manager-1.3.0-SNAPSHOT.jar:?]
	at org.apache.hadoop.ozone.protocolPB.OzoneManagerRequestHandler.getOzoneFileStatus(OzoneManagerRequestHandler.java:670) ~[ozone-manager-1.3.0-SNAPSHOT.jar:?]
	at org.apache.hadoop.ozone.protocolPB.OzoneManagerRequestHandler.handleReadRequest(OzoneManagerRequestHandler.java:201) ~[ozone-manager-1.3.0-SNAPSHOT.jar:?]
	at org.apache.hadoop.ozone.protocolPB.OzoneManagerProtocolServerSideTranslatorPB.submitReadRequestToOM(OzoneManagerProtocolServerSideTranslatorPB.java:213) ~[ozone-manager-1.3.0-SNAPSHOT.jar:?]
	at org.apache.hadoop.ozone.protocolPB.OzoneManagerProtocolServerSideTranslatorPB.processRequest(OzoneManagerProtocolServerSideTranslatorPB.java:174) ~[ozone-manager-1.3.0-SNAPSHOT.jar:?]
	at org.apache.hadoop.hdds.server.OzoneProtocolMessageDispatcher.processRequest(OzoneProtocolMessageDispatcher.java:87) [hdds-server-framework-1.3.0-SNAPSHOT.jar:?]
	at org.apache.hadoop.ozone.protocolPB.OzoneManagerProtocolServerSideTranslatorPB.submitRequest(OzoneManagerProtocolServerSideTranslatorPB.java:146) [ozone-manager-1.3.0-SNAPSHOT.jar:?]
	at org.apache.hadoop.ozone.protocol.proto.OzoneManagerProtocolProtos$OzoneManagerService$2.callBlockingMethod(OzoneManagerProtocolProtos.java) [ozone-interface-client-1.3.0-SNAPSHOT.jar:?]
	at org.apache.hadoop.ipc.ProtobufRpcEngine$Server.processCall(ProtobufRpcEngine.java:466) [hadoop-common-3.3.1.jar:?]
	at org.apache.hadoop.ipc.ProtobufRpcEngine2$Server$ProtoBufRpcInvoker.call(ProtobufRpcEngine2.java:574) [hadoop-common-3.3.1.jar:?]
	at org.apache.hadoop.ipc.ProtobufRpcEngine2$Server$ProtoBufRpcInvoker.call(ProtobufRpcEngine2.java:552) [hadoop-common-3.3.1.jar:?]
	at org.apache.hadoop.ipc.RPC$Server.call(RPC.java:1093) [hadoop-common-3.3.1.jar:?]
	at org.apache.hadoop.ipc.Server$RpcCall.run(Server.java:1035) [hadoop-common-3.3.1.jar:?]
	at org.apache.hadoop.ipc.Server$RpcCall.run(Server.java:963) [hadoop-common-3.3.1.jar:?]
	at java.security.AccessController.doPrivileged(Native Method) ~[?:1.8.0_322]
	at javax.security.auth.Subject.doAs(Subject.java:422) [?:1.8.0_322]
	at org.apache.hadoop.security.UserGroupInformation.doAs(UserGroupInformation.java:1878) [hadoop-common-3.3.1.jar:?]
	at org.apache.hadoop.ipc.Server$Handler.run(Server.java:2966) [hadoop-common-3.3.1.jar:?]
04:15:11.075 [IPC Server handler 17 on default port 38503] ERROR OMAudit - user=runner | ip=127.0.0.1 | op=GET_FILE_STATUS {volume=volume87548, bucket=bucket21072, key=gdir1/dir10/child, dataSize=0, replicationConfig=null} | ret=FAILURE
org.apache.hadoop.ozone.om.exceptions.OMException: Unable to get file status: volume: volume87548 bucket: bucket21072 key: gdir1/dir10/child
	at org.apache.hadoop.ozone.om.KeyManagerImpl.getOzoneFileStatus(KeyManagerImpl.java:1280) ~[ozone-manager-1.3.0-SNAPSHOT.jar:?]
	at org.apache.hadoop.ozone.om.KeyManagerImpl.getFileStatus(KeyManagerImpl.java:1210) ~[ozone-manager-1.3.0-SNAPSHOT.jar:?]
	at org.apache.hadoop.ozone.om.OzoneManager.getFileStatus(OzoneManager.java:3009) ~[ozone-manager-1.3.0-SNAPSHOT.jar:?]
	at org.apache.hadoop.ozone.protocolPB.OzoneManagerRequestHandler.getOzoneFileStatus(OzoneManagerRequestHandler.java:670) ~[ozone-manager-1.3.0-SNAPSHOT.jar:?]
	at org.apache.hadoop.ozone.protocolPB.OzoneManagerRequestHandler.handleReadRequest(OzoneManagerRequestHandler.java:201) ~[ozone-manager-1.3.0-SNAPSHOT.jar:?]
	at org.apache.hadoop.ozone.protocolPB.OzoneManagerProtocolServerSideTranslatorPB.submitReadRequestToOM(OzoneManagerProtocolServerSideTranslatorPB.java:213) ~[ozone-manager-1.3.0-SNAPSHOT.jar:?]
	at org.apache.hadoop.ozone.protocolPB.OzoneManagerProtocolServerSideTranslatorPB.processRequest(OzoneManagerProtocolServerSideTranslatorPB.java:174) ~[ozone-manager-1.3.0-SNAPSHOT.jar:?]
	at org.apache.hadoop.hdds.server.OzoneProtocolMessageDispatcher.processRequest(OzoneProtocolMessageDispatcher.java:87) [hdds-server-framework-1.3.0-SNAPSHOT.jar:?]
	at org.apache.hadoop.ozone.protocolPB.OzoneManagerProtocolServerSideTranslatorPB.submitRequest(OzoneManagerProtocolServerSideTranslatorPB.java:146) [ozone-manager-1.3.0-SNAPSHOT.jar:?]
	at org.apache.hadoop.ozone.protocol.proto.OzoneManagerProtocolProtos$OzoneManagerService$2.callBlockingMethod(OzoneManagerProtocolProtos.java) [ozone-interface-client-1.3.0-SNAPSHOT.jar:?]
	at org.apache.hadoop.ipc.ProtobufRpcEngine$Server.processCall(ProtobufRpcEngine.java:466) [hadoop-common-3.3.1.jar:?]
	at org.apache.hadoop.ipc.ProtobufRpcEngine2$Server$ProtoBufRpcInvoker.call(ProtobufRpcEngine2.java:574) [hadoop-common-3.3.1.jar:?]
	at org.apache.hadoop.ipc.ProtobufRpcEngine2$Server$ProtoBufRpcInvoker.call(ProtobufRpcEngine2.java:552) [hadoop-common-3.3.1.jar:?]
	at org.apache.hadoop.ipc.RPC$Server.call(RPC.java:1093) [hadoop-common-3.3.1.jar:?]
	at org.apache.hadoop.ipc.Server$RpcCall.run(Server.java:1035) [hadoop-common-3.3.1.jar:?]
	at org.apache.hadoop.ipc.Server$RpcCall.run(Server.java:963) [hadoop-common-3.3.1.jar:?]
	at java.security.AccessController.doPrivileged(Native Method) ~[?:1.8.0_322]
	at javax.security.auth.Subject.doAs(Subject.java:422) [?:1.8.0_322]
	at org.apache.hadoop.security.UserGroupInformation.doAs(UserGroupInformation.java:1878) [hadoop-common-3.3.1.jar:?]
	at org.apache.hadoop.ipc.Server$Handler.run(Server.java:2966) [hadoop-common-3.3.1.jar:?]
04:15:11.204 [IPC Server handler 5 on default port 38503] ERROR OMAudit - user=runner | ip=127.0.0.1 | op=GET_FILE_STATUS {volume=volume87548, bucket=bucket21072, key=level0, dataSize=0, replicationConfig=null} | ret=FAILURE
org.apache.hadoop.ozone.om.exceptions.OMException: Unable to get file status: volume: volume87548 bucket: bucket21072 key: level0
	at org.apache.hadoop.ozone.om.KeyManagerImpl.getOzoneFileStatus(KeyManagerImpl.java:1280) ~[ozone-manager-1.3.0-SNAPSHOT.jar:?]
	at org.apache.hadoop.ozone.om.KeyManagerImpl.getFileStatus(KeyManagerImpl.java:1210) ~[ozone-manager-1.3.0-SNAPSHOT.jar:?]
	at org.apache.hadoop.ozone.om.OzoneManager.getFileStatus(OzoneManager.java:3009) ~[ozone-manager-1.3.0-SNAPSHOT.jar:?]
	at org.apache.hadoop.ozone.protocolPB.OzoneManagerRequestHandler.getOzoneFileStatus(OzoneManagerRequestHandler.java:670) ~[ozone-manager-1.3.0-SNAPSHOT.jar:?]
	at org.apache.hadoop.ozone.protocolPB.OzoneManagerRequestHandler.handleReadRequest(OzoneManagerRequestHandler.java:201) ~[ozone-manager-1.3.0-SNAPSHOT.jar:?]
	at org.apache.hadoop.ozone.protocolPB.OzoneManagerProtocolServerSideTranslatorPB.submitReadRequestToOM(OzoneManagerProtocolServerSideTranslatorPB.java:213) ~[ozone-manager-1.3.0-SNAPSHOT.jar:?]
	at org.apache.hadoop.ozone.protocolPB.OzoneManagerProtocolServerSideTranslatorPB.processRequest(OzoneManagerProtocolServerSideTranslatorPB.java:174) ~[ozone-manager-1.3.0-SNAPSHOT.jar:?]
	at org.apache.hadoop.hdds.server.OzoneProtocolMessageDispatcher.processRequest(OzoneProtocolMessageDispatcher.java:87) [hdds-server-framework-1.3.0-SNAPSHOT.jar:?]
	at org.apache.hadoop.ozone.protocolPB.OzoneManagerProtocolServerSideTranslatorPB.submitRequest(OzoneManagerProtocolServerSideTranslatorPB.java:146) [ozone-manager-1.3.0-SNAPSHOT.jar:?]
	at org.apache.hadoop.ozone.protocol.proto.OzoneManagerProtocolProtos$OzoneManagerService$2.callBlockingMethod(OzoneManagerProtocolProtos.java) [ozone-interface-client-1.3.0-SNAPSHOT.jar:?]
	at org.apache.hadoop.ipc.ProtobufRpcEngine$Server.processCall(ProtobufRpcEngine.java:466) [hadoop-common-3.3.1.jar:?]
	at org.apache.hadoop.ipc.ProtobufRpcEngine2$Server$ProtoBufRpcInvoker.call(ProtobufRpcEngine2.java:574) [hadoop-common-3.3.1.jar:?]
	at org.apache.hadoop.ipc.ProtobufRpcEngine2$Server$ProtoBufRpcInvoker.call(ProtobufRpcEngine2.java:552) [hadoop-common-3.3.1.jar:?]
	at org.apache.hadoop.ipc.RPC$Server.call(RPC.java:1093) [hadoop-common-3.3.1.jar:?]
	at org.apache.hadoop.ipc.Server$RpcCall.run(Server.java:1035) [hadoop-common-3.3.1.jar:?]
	at org.apache.hadoop.ipc.Server$RpcCall.run(Server.java:963) [hadoop-common-3.3.1.jar:?]
	at java.security.AccessController.doPrivileged(Native Method) ~[?:1.8.0_322]
	at javax.security.auth.Subject.doAs(Subject.java:422) [?:1.8.0_322]
	at org.apache.hadoop.security.UserGroupInformation.doAs(UserGroupInformation.java:1878) [hadoop-common-3.3.1.jar:?]
	at org.apache.hadoop.ipc.Server$Handler.run(Server.java:2966) [hadoop-common-3.3.1.jar:?]
04:15:11.206 [IPC Server handler 6 on default port 38503] ERROR OMAudit - user=runner | ip=127.0.0.1 | op=GET_FILE_STATUS {volume=volume87548, bucket=bucket21072, key=level0/level1, dataSize=0, replicationConfig=null} | ret=FAILURE
org.apache.hadoop.ozone.om.exceptions.OMException: Unable to get file status: volume: volume87548 bucket: bucket21072 key: level0/level1
	at org.apache.hadoop.ozone.om.KeyManagerImpl.getOzoneFileStatus(KeyManagerImpl.java:1280) ~[ozone-manager-1.3.0-SNAPSHOT.jar:?]
	at org.apache.hadoop.ozone.om.KeyManagerImpl.getFileStatus(KeyManagerImpl.java:1210) ~[ozone-manager-1.3.0-SNAPSHOT.jar:?]
	at org.apache.hadoop.ozone.om.OzoneManager.getFileStatus(OzoneManager.java:3009) ~[ozone-manager-1.3.0-SNAPSHOT.jar:?]
	at org.apache.hadoop.ozone.protocolPB.OzoneManagerRequestHandler.getOzoneFileStatus(OzoneManagerRequestHandler.java:670) ~[ozone-manager-1.3.0-SNAPSHOT.jar:?]
	at org.apache.hadoop.ozone.protocolPB.OzoneManagerRequestHandler.handleReadRequest(OzoneManagerRequestHandler.java:201) ~[ozone-manager-1.3.0-SNAPSHOT.jar:?]
	at org.apache.hadoop.ozone.protocolPB.OzoneManagerProtocolServerSideTranslatorPB.submitReadRequestToOM(OzoneManagerProtocolServerSideTranslatorPB.java:213) ~[ozone-manager-1.3.0-SNAPSHOT.jar:?]
	at org.apache.hadoop.ozone.protocolPB.OzoneManagerProtocolServerSideTranslatorPB.processRequest(OzoneManagerProtocolServerSideTranslatorPB.java:174) ~[ozone-manager-1.3.0-SNAPSHOT.jar:?]
	at org.apache.hadoop.hdds.server.OzoneProtocolMessageDispatcher.processRequest(OzoneProtocolMessageDispatcher.java:87) [hdds-server-framework-1.3.0-SNAPSHOT.jar:?]
	at org.apache.hadoop.ozone.protocolPB.OzoneManagerProtocolServerSideTranslatorPB.submitRequest(OzoneManagerProtocolServerSideTranslatorPB.java:146) [ozone-manager-1.3.0-SNAPSHOT.jar:?]
	at org.apache.hadoop.ozone.protocol.proto.OzoneManagerProtocolProtos$OzoneManagerService$2.callBlockingMethod(OzoneManagerProtocolProtos.java) [ozone-interface-client-1.3.0-SNAPSHOT.jar:?]
	at org.apache.hadoop.ipc.ProtobufRpcEngine$Server.processCall(ProtobufRpcEngine.java:466) [hadoop-common-3.3.1.jar:?]
	at org.apache.hadoop.ipc.ProtobufRpcEngine2$Server$ProtoBufRpcInvoker.call(ProtobufRpcEngine2.java:574) [hadoop-common-3.3.1.jar:?]
	at org.apache.hadoop.ipc.ProtobufRpcEngine2$Server$ProtoBufRpcInvoker.call(ProtobufRpcEngine2.java:552) [hadoop-common-3.3.1.jar:?]
	at org.apache.hadoop.ipc.RPC$Server.call(RPC.java:1093) [hadoop-common-3.3.1.jar:?]
	at org.apache.hadoop.ipc.Server$RpcCall.run(Server.java:1035) [hadoop-common-3.3.1.jar:?]
	at org.apache.hadoop.ipc.Server$RpcCall.run(Server.java:963) [hadoop-common-3.3.1.jar:?]
	at java.security.AccessController.doPrivileged(Native Method) ~[?:1.8.0_322]
	at javax.security.auth.Subject.doAs(Subject.java:422) [?:1.8.0_322]
	at org.apache.hadoop.security.UserGroupInformation.doAs(UserGroupInformation.java:1878) [hadoop-common-3.3.1.jar:?]
	at org.apache.hadoop.ipc.Server$Handler.run(Server.java:2966) [hadoop-common-3.3.1.jar:?]
04:15:11.207 [IPC Server handler 3 on default port 38503] ERROR OMAudit - user=runner | ip=127.0.0.1 | op=GET_FILE_STATUS {volume=volume87548, bucket=bucket21072, key=level0/level1/level1, dataSize=0, replicationConfig=null} | ret=FAILURE
org.apache.hadoop.ozone.om.exceptions.OMException: Unable to get file status: volume: volume87548 bucket: bucket21072 key: level0/level1/level1
	at org.apache.hadoop.ozone.om.KeyManagerImpl.getOzoneFileStatus(KeyManagerImpl.java:1280) ~[ozone-manager-1.3.0-SNAPSHOT.jar:?]
	at org.apache.hadoop.ozone.om.KeyManagerImpl.getFileStatus(KeyManagerImpl.java:1210) ~[ozone-manager-1.3.0-SNAPSHOT.jar:?]
	at org.apache.hadoop.ozone.om.OzoneManager.getFileStatus(OzoneManager.java:3009) ~[ozone-manager-1.3.0-SNAPSHOT.jar:?]
	at org.apache.hadoop.ozone.protocolPB.OzoneManagerRequestHandler.getOzoneFileStatus(OzoneManagerRequestHandler.java:670) ~[ozone-manager-1.3.0-SNAPSHOT.jar:?]
	at org.apache.hadoop.ozone.protocolPB.OzoneManagerRequestHandler.handleReadRequest(OzoneManagerRequestHandler.java:201) ~[ozone-manager-1.3.0-SNAPSHOT.jar:?]
	at org.apache.hadoop.ozone.protocolPB.OzoneManagerProtocolServerSideTranslatorPB.submitReadRequestToOM(OzoneManagerProtocolServerSideTranslatorPB.java:213) ~[ozone-manager-1.3.0-SNAPSHOT.jar:?]
	at org.apache.hadoop.ozone.protocolPB.OzoneManagerProtocolServerSideTranslatorPB.processRequest(OzoneManagerProtocolServerSideTranslatorPB.java:174) ~[ozone-manager-1.3.0-SNAPSHOT.jar:?]
	at org.apache.hadoop.hdds.server.OzoneProtocolMessageDispatcher.processRequest(OzoneProtocolMessageDispatcher.java:87) [hdds-server-framework-1.3.0-SNAPSHOT.jar:?]
	at org.apache.hadoop.ozone.protocolPB.OzoneManagerProtocolServerSideTranslatorPB.submitRequest(OzoneManagerProtocolServerSideTranslatorPB.java:146) [ozone-manager-1.3.0-SNAPSHOT.jar:?]
	at org.apache.hadoop.ozone.protocol.proto.OzoneManagerProtocolProtos$OzoneManagerService$2.callBlockingMethod(OzoneManagerProtocolProtos.java) [ozone-interface-client-1.3.0-SNAPSHOT.jar:?]
	at org.apache.hadoop.ipc.ProtobufRpcEngine$Server.processCall(ProtobufRpcEngine.java:466) [hadoop-common-3.3.1.jar:?]
	at org.apache.hadoop.ipc.ProtobufRpcEngine2$Server$ProtoBufRpcInvoker.call(ProtobufRpcEngine2.java:574) [hadoop-common-3.3.1.jar:?]
	at org.apache.hadoop.ipc.ProtobufRpcEngine2$Server$ProtoBufRpcInvoker.call(ProtobufRpcEngine2.java:552) [hadoop-common-3.3.1.jar:?]
	at org.apache.hadoop.ipc.RPC$Server.call(RPC.java:1093) [hadoop-common-3.3.1.jar:?]
	at org.apache.hadoop.ipc.Server$RpcCall.run(Server.java:1035) [hadoop-common-3.3.1.jar:?]
	at org.apache.hadoop.ipc.Server$RpcCall.run(Server.java:963) [hadoop-common-3.3.1.jar:?]
	at java.security.AccessController.doPrivileged(Native Method) ~[?:1.8.0_322]
	at javax.security.auth.Subject.doAs(Subject.java:422) [?:1.8.0_322]
	at org.apache.hadoop.security.UserGroupInformation.doAs(UserGroupInformation.java:1878) [hadoop-common-3.3.1.jar:?]
	at org.apache.hadoop.ipc.Server$Handler.run(Server.java:2966) [hadoop-common-3.3.1.jar:?]
04:15:11.208 [IPC Server handler 2 on default port 38503] ERROR OMAudit - user=runner | ip=127.0.0.1 | op=GET_FILE_STATUS {volume=volume87548, bucket=bucket21072, key=level0/level1/file1, dataSize=0, replicationConfig=null} | ret=FAILURE
org.apache.hadoop.ozone.om.exceptions.OMException: Unable to get file status: volume: volume87548 bucket: bucket21072 key: level0/level1/file1
	at org.apache.hadoop.ozone.om.KeyManagerImpl.getOzoneFileStatus(KeyManagerImpl.java:1280) ~[ozone-manager-1.3.0-SNAPSHOT.jar:?]
	at org.apache.hadoop.ozone.om.KeyManagerImpl.getFileStatus(KeyManagerImpl.java:1210) ~[ozone-manager-1.3.0-SNAPSHOT.jar:?]
	at org.apache.hadoop.ozone.om.OzoneManager.getFileStatus(OzoneManager.java:3009) ~[ozone-manager-1.3.0-SNAPSHOT.jar:?]
	at org.apache.hadoop.ozone.protocolPB.OzoneManagerRequestHandler.getOzoneFileStatus(OzoneManagerRequestHandler.java:670) ~[ozone-manager-1.3.0-SNAPSHOT.jar:?]
	at org.apache.hadoop.ozone.protocolPB.OzoneManagerRequestHandler.handleReadRequest(OzoneManagerRequestHandler.java:201) ~[ozone-manager-1.3.0-SNAPSHOT.jar:?]
	at org.apache.hadoop.ozone.protocolPB.OzoneManagerProtocolServerSideTranslatorPB.submitReadRequestToOM(OzoneManagerProtocolServerSideTranslatorPB.java:213) ~[ozone-manager-1.3.0-SNAPSHOT.jar:?]
	at org.apache.hadoop.ozone.protocolPB.OzoneManagerProtocolServerSideTranslatorPB.processRequest(OzoneManagerProtocolServerSideTranslatorPB.java:174) ~[ozone-manager-1.3.0-SNAPSHOT.jar:?]
	at org.apache.hadoop.hdds.server.OzoneProtocolMessageDispatcher.processRequest(OzoneProtocolMessageDispatcher.java:87) [hdds-server-framework-1.3.0-SNAPSHOT.jar:?]
	at org.apache.hadoop.ozone.protocolPB.OzoneManagerProtocolServerSideTranslatorPB.submitRequest(OzoneManagerProtocolServerSideTranslatorPB.java:146) [ozone-manager-1.3.0-SNAPSHOT.jar:?]
	at org.apache.hadoop.ozone.protocol.proto.OzoneManagerProtocolProtos$OzoneManagerService$2.callBlockingMethod(OzoneManagerProtocolProtos.java) [ozone-interface-client-1.3.0-SNAPSHOT.jar:?]
	at org.apache.hadoop.ipc.ProtobufRpcEngine$Server.processCall(ProtobufRpcEngine.java:466) [hadoop-common-3.3.1.jar:?]
	at org.apache.hadoop.ipc.ProtobufRpcEngine2$Server$ProtoBufRpcInvoker.call(ProtobufRpcEngine2.java:574) [hadoop-common-3.3.1.jar:?]
	at org.apache.hadoop.ipc.ProtobufRpcEngine2$Server$ProtoBufRpcInvoker.call(ProtobufRpcEngine2.java:552) [hadoop-common-3.3.1.jar:?]
	at org.apache.hadoop.ipc.RPC$Server.call(RPC.java:1093) [hadoop-common-3.3.1.jar:?]
	at org.apache.hadoop.ipc.Server$RpcCall.run(Server.java:1035) [hadoop-common-3.3.1.jar:?]
	at org.apache.hadoop.ipc.Server$RpcCall.run(Server.java:963) [hadoop-common-3.3.1.jar:?]
	at java.security.AccessController.doPrivileged(Native Method) ~[?:1.8.0_322]
	at javax.security.auth.Subject.doAs(Subject.java:422) [?:1.8.0_322]
	at org.apache.hadoop.security.UserGroupInformation.doAs(UserGroupInformation.java:1878) [hadoop-common-3.3.1.jar:?]
	at org.apache.hadoop.ipc.Server$Handler.run(Server.java:2966) [hadoop-common-3.3.1.jar:?]
04:15:11.209 [IPC Server handler 19 on default port 38503] ERROR OMAudit - user=runner | ip=127.0.0.1 | op=GET_FILE_STATUS {volume=volume87548, bucket=bucket21072, key=level0/level1/level1/file1, dataSize=0, replicationConfig=null} | ret=FAILURE
org.apache.hadoop.ozone.om.exceptions.OMException: Unable to get file status: volume: volume87548 bucket: bucket21072 key: level0/level1/level1/file1
	at org.apache.hadoop.ozone.om.KeyManagerImpl.getOzoneFileStatus(KeyManagerImpl.java:1280) ~[ozone-manager-1.3.0-SNAPSHOT.jar:?]
	at org.apache.hadoop.ozone.om.KeyManagerImpl.getFileStatus(KeyManagerImpl.java:1210) ~[ozone-manager-1.3.0-SNAPSHOT.jar:?]
	at org.apache.hadoop.ozone.om.OzoneManager.getFileStatus(OzoneManager.java:3009) ~[ozone-manager-1.3.0-SNAPSHOT.jar:?]
	at org.apache.hadoop.ozone.protocolPB.OzoneManagerRequestHandler.getOzoneFileStatus(OzoneManagerRequestHandler.java:670) ~[ozone-manager-1.3.0-SNAPSHOT.jar:?]
	at org.apache.hadoop.ozone.protocolPB.OzoneManagerRequestHandler.handleReadRequest(OzoneManagerRequestHandler.java:201) ~[ozone-manager-1.3.0-SNAPSHOT.jar:?]
	at org.apache.hadoop.ozone.protocolPB.OzoneManagerProtocolServerSideTranslatorPB.submitReadRequestToOM(OzoneManagerProtocolServerSideTranslatorPB.java:213) ~[ozone-manager-1.3.0-SNAPSHOT.jar:?]
	at org.apache.hadoop.ozone.protocolPB.OzoneManagerProtocolServerSideTranslatorPB.processRequest(OzoneManagerProtocolServerSideTranslatorPB.java:174) ~[ozone-manager-1.3.0-SNAPSHOT.jar:?]
	at org.apache.hadoop.hdds.server.OzoneProtocolMessageDispatcher.processRequest(OzoneProtocolMessageDispatcher.java:87) [hdds-server-framework-1.3.0-SNAPSHOT.jar:?]
	at org.apache.hadoop.ozone.protocolPB.OzoneManagerProtocolServerSideTranslatorPB.submitRequest(OzoneManagerProtocolServerSideTranslatorPB.java:146) [ozone-manager-1.3.0-SNAPSHOT.jar:?]
	at org.apache.hadoop.ozone.protocol.proto.OzoneManagerProtocolProtos$OzoneManagerService$2.callBlockingMethod(OzoneManagerProtocolProtos.java) [ozone-interface-client-1.3.0-SNAPSHOT.jar:?]
	at org.apache.hadoop.ipc.ProtobufRpcEngine$Server.processCall(ProtobufRpcEngine.java:466) [hadoop-common-3.3.1.jar:?]
	at org.apache.hadoop.ipc.ProtobufRpcEngine2$Server$ProtoBufRpcInvoker.call(ProtobufRpcEngine2.java:574) [hadoop-common-3.3.1.jar:?]
	at org.apache.hadoop.ipc.ProtobufRpcEngine2$Server$ProtoBufRpcInvoker.call(ProtobufRpcEngine2.java:552) [hadoop-common-3.3.1.jar:?]
	at org.apache.hadoop.ipc.RPC$Server.call(RPC.java:1093) [hadoop-common-3.3.1.jar:?]
	at org.apache.hadoop.ipc.Server$RpcCall.run(Server.java:1035) [hadoop-common-3.3.1.jar:?]
	at org.apache.hadoop.ipc.Server$RpcCall.run(Server.java:963) [hadoop-common-3.3.1.jar:?]
	at java.security.AccessController.doPrivileged(Native Method) ~[?:1.8.0_322]
	at javax.security.auth.Subject.doAs(Subject.java:422) [?:1.8.0_322]
	at org.apache.hadoop.security.UserGroupInformation.doAs(UserGroupInformation.java:1878) [hadoop-common-3.3.1.jar:?]
	at org.apache.hadoop.ipc.Server$Handler.run(Server.java:2966) [hadoop-common-3.3.1.jar:?]
04:15:11.211 [IPC Server handler 18 on default port 38503] ERROR OMAudit - user=runner | ip=127.0.0.1 | op=GET_FILE_STATUS {volume=volume87548, bucket=bucket21072, key=level0/level2, dataSize=0, replicationConfig=null} | ret=FAILURE
org.apache.hadoop.ozone.om.exceptions.OMException: Unable to get file status: volume: volume87548 bucket: bucket21072 key: level0/level2
	at org.apache.hadoop.ozone.om.KeyManagerImpl.getOzoneFileStatus(KeyManagerImpl.java:1280) ~[ozone-manager-1.3.0-SNAPSHOT.jar:?]
	at org.apache.hadoop.ozone.om.KeyManagerImpl.getFileStatus(KeyManagerImpl.java:1210) ~[ozone-manager-1.3.0-SNAPSHOT.jar:?]
	at org.apache.hadoop.ozone.om.OzoneManager.getFileStatus(OzoneManager.java:3009) ~[ozone-manager-1.3.0-SNAPSHOT.jar:?]
	at org.apache.hadoop.ozone.protocolPB.OzoneManagerRequestHandler.getOzoneFileStatus(OzoneManagerRequestHandler.java:670) ~[ozone-manager-1.3.0-SNAPSHOT.jar:?]
	at org.apache.hadoop.ozone.protocolPB.OzoneManagerRequestHandler.handleReadRequest(OzoneManagerRequestHandler.java:201) ~[ozone-manager-1.3.0-SNAPSHOT.jar:?]
	at org.apache.hadoop.ozone.protocolPB.OzoneManagerProtocolServerSideTranslatorPB.submitReadRequestToOM(OzoneManagerProtocolServerSideTranslatorPB.java:213) ~[ozone-manager-1.3.0-SNAPSHOT.jar:?]
	at org.apache.hadoop.ozone.protocolPB.OzoneManagerProtocolServerSideTranslatorPB.processRequest(OzoneManagerProtocolServerSideTranslatorPB.java:174) ~[ozone-manager-1.3.0-SNAPSHOT.jar:?]
	at org.apache.hadoop.hdds.server.OzoneProtocolMessageDispatcher.processRequest(OzoneProtocolMessageDispatcher.java:87) [hdds-server-framework-1.3.0-SNAPSHOT.jar:?]
	at org.apache.hadoop.ozone.protocolPB.OzoneManagerProtocolServerSideTranslatorPB.submitRequest(OzoneManagerProtocolServerSideTranslatorPB.java:146) [ozone-manager-1.3.0-SNAPSHOT.jar:?]
	at org.apache.hadoop.ozone.protocol.proto.OzoneManagerProtocolProtos$OzoneManagerService$2.callBlockingMethod(OzoneManagerProtocolProtos.java) [ozone-interface-client-1.3.0-SNAPSHOT.jar:?]
	at org.apache.hadoop.ipc.ProtobufRpcEngine$Server.processCall(ProtobufRpcEngine.java:466) [hadoop-common-3.3.1.jar:?]
	at org.apache.hadoop.ipc.ProtobufRpcEngine2$Server$ProtoBufRpcInvoker.call(ProtobufRpcEngine2.java:574) [hadoop-common-3.3.1.jar:?]
	at org.apache.hadoop.ipc.ProtobufRpcEngine2$Server$ProtoBufRpcInvoker.call(ProtobufRpcEngine2.java:552) [hadoop-common-3.3.1.jar:?]
	at org.apache.hadoop.ipc.RPC$Server.call(RPC.java:1093) [hadoop-common-3.3.1.jar:?]
	at org.apache.hadoop.ipc.Server$RpcCall.run(Server.java:1035) [hadoop-common-3.3.1.jar:?]
	at org.apache.hadoop.ipc.Server$RpcCall.run(Server.java:963) [hadoop-common-3.3.1.jar:?]
	at java.security.AccessController.doPrivileged(Native Method) ~[?:1.8.0_322]
	at javax.security.auth.Subject.doAs(Subject.java:422) [?:1.8.0_322]
	at org.apache.hadoop.security.UserGroupInformation.doAs(UserGroupInformation.java:1878) [hadoop-common-3.3.1.jar:?]
	at org.apache.hadoop.ipc.Server$Handler.run(Server.java:2966) [hadoop-common-3.3.1.jar:?]
04:15:11.212 [IPC Server handler 17 on default port 38503] ERROR OMAudit - user=runner | ip=127.0.0.1 | op=GET_FILE_STATUS {volume=volume87548, bucket=bucket21072, key=level0/level2/level2, dataSize=0, replicationConfig=null} | ret=FAILURE
org.apache.hadoop.ozone.om.exceptions.OMException: Unable to get file status: volume: volume87548 bucket: bucket21072 key: level0/level2/level2
	at org.apache.hadoop.ozone.om.KeyManagerImpl.getOzoneFileStatus(KeyManagerImpl.java:1280) ~[ozone-manager-1.3.0-SNAPSHOT.jar:?]
	at org.apache.hadoop.ozone.om.KeyManagerImpl.getFileStatus(KeyManagerImpl.java:1210) ~[ozone-manager-1.3.0-SNAPSHOT.jar:?]
	at org.apache.hadoop.ozone.om.OzoneManager.getFileStatus(OzoneManager.java:3009) ~[ozone-manager-1.3.0-SNAPSHOT.jar:?]
	at org.apache.hadoop.ozone.protocolPB.OzoneManagerRequestHandler.getOzoneFileStatus(OzoneManagerRequestHandler.java:670) ~[ozone-manager-1.3.0-SNAPSHOT.jar:?]
	at org.apache.hadoop.ozone.protocolPB.OzoneManagerRequestHandler.handleReadRequest(OzoneManagerRequestHandler.java:201) ~[ozone-manager-1.3.0-SNAPSHOT.jar:?]
	at org.apache.hadoop.ozone.protocolPB.OzoneManagerProtocolServerSideTranslatorPB.submitReadRequestToOM(OzoneManagerProtocolServerSideTranslatorPB.java:213) ~[ozone-manager-1.3.0-SNAPSHOT.jar:?]
	at org.apache.hadoop.ozone.protocolPB.OzoneManagerProtocolServerSideTranslatorPB.processRequest(OzoneManagerProtocolServerSideTranslatorPB.java:174) ~[ozone-manager-1.3.0-SNAPSHOT.jar:?]
	at org.apache.hadoop.hdds.server.OzoneProtocolMessageDispatcher.processRequest(OzoneProtocolMessageDispatcher.java:87) [hdds-server-framework-1.3.0-SNAPSHOT.jar:?]
	at org.apache.hadoop.ozone.protocolPB.OzoneManagerProtocolServerSideTranslatorPB.submitRequest(OzoneManagerProtocolServerSideTranslatorPB.java:146) [ozone-manager-1.3.0-SNAPSHOT.jar:?]
	at org.apache.hadoop.ozone.protocol.proto.OzoneManagerProtocolProtos$OzoneManagerService$2.callBlockingMethod(OzoneManagerProtocolProtos.java) [ozone-interface-client-1.3.0-SNAPSHOT.jar:?]
	at org.apache.hadoop.ipc.ProtobufRpcEngine$Server.processCall(ProtobufRpcEngine.java:466) [hadoop-common-3.3.1.jar:?]
	at org.apache.hadoop.ipc.ProtobufRpcEngine2$Server$ProtoBufRpcInvoker.call(ProtobufRpcEngine2.java:574) [hadoop-common-3.3.1.jar:?]
	at org.apache.hadoop.ipc.ProtobufRpcEngine2$Server$ProtoBufRpcInvoker.call(ProtobufRpcEngine2.java:552) [hadoop-common-3.3.1.jar:?]
	at org.apache.hadoop.ipc.RPC$Server.call(RPC.java:1093) [hadoop-common-3.3.1.jar:?]
	at org.apache.hadoop.ipc.Server$RpcCall.run(Server.java:1035) [hadoop-common-3.3.1.jar:?]
	at org.apache.hadoop.ipc.Server$RpcCall.run(Server.java:963) [hadoop-common-3.3.1.jar:?]
	at java.security.AccessController.doPrivileged(Native Method) ~[?:1.8.0_322]
	at javax.security.auth.Subject.doAs(Subject.java:422) [?:1.8.0_322]
	at org.apache.hadoop.security.UserGroupInformation.doAs(UserGroupInformation.java:1878) [hadoop-common-3.3.1.jar:?]
	at org.apache.hadoop.ipc.Server$Handler.run(Server.java:2966) [hadoop-common-3.3.1.jar:?]
04:15:11.213 [IPC Server handler 16 on default port 38503] ERROR OMAudit - user=runner | ip=127.0.0.1 | op=GET_FILE_STATUS {volume=volume87548, bucket=bucket21072, key=level0/level2/file1, dataSize=0, replicationConfig=null} | ret=FAILURE
org.apache.hadoop.ozone.om.exceptions.OMException: Unable to get file status: volume: volume87548 bucket: bucket21072 key: level0/level2/file1
	at org.apache.hadoop.ozone.om.KeyManagerImpl.getOzoneFileStatus(KeyManagerImpl.java:1280) ~[ozone-manager-1.3.0-SNAPSHOT.jar:?]
	at org.apache.hadoop.ozone.om.KeyManagerImpl.getFileStatus(KeyManagerImpl.java:1210) ~[ozone-manager-1.3.0-SNAPSHOT.jar:?]
	at org.apache.hadoop.ozone.om.OzoneManager.getFileStatus(OzoneManager.java:3009) ~[ozone-manager-1.3.0-SNAPSHOT.jar:?]
	at org.apache.hadoop.ozone.protocolPB.OzoneManagerRequestHandler.getOzoneFileStatus(OzoneManagerRequestHandler.java:670) ~[ozone-manager-1.3.0-SNAPSHOT.jar:?]
	at org.apache.hadoop.ozone.protocolPB.OzoneManagerRequestHandler.handleReadRequest(OzoneManagerRequestHandler.java:201) ~[ozone-manager-1.3.0-SNAPSHOT.jar:?]
	at org.apache.hadoop.ozone.protocolPB.OzoneManagerProtocolServerSideTranslatorPB.submitReadRequestToOM(OzoneManagerProtocolServerSideTranslatorPB.java:213) ~[ozone-manager-1.3.0-SNAPSHOT.jar:?]
	at org.apache.hadoop.ozone.protocolPB.OzoneManagerProtocolServerSideTranslatorPB.processRequest(OzoneManagerProtocolServerSideTranslatorPB.java:174) ~[ozone-manager-1.3.0-SNAPSHOT.jar:?]
	at org.apache.hadoop.hdds.server.OzoneProtocolMessageDispatcher.processRequest(OzoneProtocolMessageDispatcher.java:87) [hdds-server-framework-1.3.0-SNAPSHOT.jar:?]
	at org.apache.hadoop.ozone.protocolPB.OzoneManagerProtocolServerSideTranslatorPB.submitRequest(OzoneManagerProtocolServerSideTranslatorPB.java:146) [ozone-manager-1.3.0-SNAPSHOT.jar:?]
	at org.apache.hadoop.ozone.protocol.proto.OzoneManagerProtocolProtos$OzoneManagerService$2.callBlockingMethod(OzoneManagerProtocolProtos.java) [ozone-interface-client-1.3.0-SNAPSHOT.jar:?]
	at org.apache.hadoop.ipc.ProtobufRpcEngine$Server.processCall(ProtobufRpcEngine.java:466) [hadoop-common-3.3.1.jar:?]
	at org.apache.hadoop.ipc.ProtobufRpcEngine2$Server$ProtoBufRpcInvoker.call(ProtobufRpcEngine2.java:574) [hadoop-common-3.3.1.jar:?]
	at org.apache.hadoop.ipc.ProtobufRpcEngine2$Server$ProtoBufRpcInvoker.call(ProtobufRpcEngine2.java:552) [hadoop-common-3.3.1.jar:?]
	at org.apache.hadoop.ipc.RPC$Server.call(RPC.java:1093) [hadoop-common-3.3.1.jar:?]
	at org.apache.hadoop.ipc.Server$RpcCall.run(Server.java:1035) [hadoop-common-3.3.1.jar:?]
	at org.apache.hadoop.ipc.Server$RpcCall.run(Server.java:963) [hadoop-common-3.3.1.jar:?]
	at java.security.AccessController.doPrivileged(Native Method) ~[?:1.8.0_322]
	at javax.security.auth.Subject.doAs(Subject.java:422) [?:1.8.0_322]
	at org.apache.hadoop.security.UserGroupInformation.doAs(UserGroupInformation.java:1878) [hadoop-common-3.3.1.jar:?]
	at org.apache.hadoop.ipc.Server$Handler.run(Server.java:2966) [hadoop-common-3.3.1.jar:?]
04:15:11.214 [IPC Server handler 12 on default port 38503] ERROR OMAudit - user=runner | ip=127.0.0.1 | op=GET_FILE_STATUS {volume=volume87548, bucket=bucket21072, key=level0/level2/level2/file1, dataSize=0, replicationConfig=null} | ret=FAILURE
org.apache.hadoop.ozone.om.exceptions.OMException: Unable to get file status: volume: volume87548 bucket: bucket21072 key: level0/level2/level2/file1
	at org.apache.hadoop.ozone.om.KeyManagerImpl.getOzoneFileStatus(KeyManagerImpl.java:1280) ~[ozone-manager-1.3.0-SNAPSHOT.jar:?]
	at org.apache.hadoop.ozone.om.KeyManagerImpl.getFileStatus(KeyManagerImpl.java:1210) ~[ozone-manager-1.3.0-SNAPSHOT.jar:?]
	at org.apache.hadoop.ozone.om.OzoneManager.getFileStatus(OzoneManager.java:3009) ~[ozone-manager-1.3.0-SNAPSHOT.jar:?]
	at org.apache.hadoop.ozone.protocolPB.OzoneManagerRequestHandler.getOzoneFileStatus(OzoneManagerRequestHandler.java:670) ~[ozone-manager-1.3.0-SNAPSHOT.jar:?]
	at org.apache.hadoop.ozone.protocolPB.OzoneManagerRequestHandler.handleReadRequest(OzoneManagerRequestHandler.java:201) ~[ozone-manager-1.3.0-SNAPSHOT.jar:?]
	at org.apache.hadoop.ozone.protocolPB.OzoneManagerProtocolServerSideTranslatorPB.submitReadRequestToOM(OzoneManagerProtocolServerSideTranslatorPB.java:213) ~[ozone-manager-1.3.0-SNAPSHOT.jar:?]
	at org.apache.hadoop.ozone.protocolPB.OzoneManagerProtocolServerSideTranslatorPB.processRequest(OzoneManagerProtocolServerSideTranslatorPB.java:174) ~[ozone-manager-1.3.0-SNAPSHOT.jar:?]
	at org.apache.hadoop.hdds.server.OzoneProtocolMessageDispatcher.processRequest(OzoneProtocolMessageDispatcher.java:87) [hdds-server-framework-1.3.0-SNAPSHOT.jar:?]
	at org.apache.hadoop.ozone.protocolPB.OzoneManagerProtocolServerSideTranslatorPB.submitRequest(OzoneManagerProtocolServerSideTranslatorPB.java:146) [ozone-manager-1.3.0-SNAPSHOT.jar:?]
	at org.apache.hadoop.ozone.protocol.proto.OzoneManagerProtocolProtos$OzoneManagerService$2.callBlockingMethod(OzoneManagerProtocolProtos.java) [ozone-interface-client-1.3.0-SNAPSHOT.jar:?]
	at org.apache.hadoop.ipc.ProtobufRpcEngine$Server.processCall(ProtobufRpcEngine.java:466) [hadoop-common-3.3.1.jar:?]
	at org.apache.hadoop.ipc.ProtobufRpcEngine2$Server$ProtoBufRpcInvoker.call(ProtobufRpcEngine2.java:574) [hadoop-common-3.3.1.jar:?]
	at org.apache.hadoop.ipc.ProtobufRpcEngine2$Server$ProtoBufRpcInvoker.call(ProtobufRpcEngine2.java:552) [hadoop-common-3.3.1.jar:?]
	at org.apache.hadoop.ipc.RPC$Server.call(RPC.java:1093) [hadoop-common-3.3.1.jar:?]
	at org.apache.hadoop.ipc.Server$RpcCall.run(Server.java:1035) [hadoop-common-3.3.1.jar:?]
	at org.apache.hadoop.ipc.Server$RpcCall.run(Server.java:963) [hadoop-common-3.3.1.jar:?]
	at java.security.AccessController.doPrivileged(Native Method) ~[?:1.8.0_322]
	at javax.security.auth.Subject.doAs(Subject.java:422) [?:1.8.0_322]
	at org.apache.hadoop.security.UserGroupInformation.doAs(UserGroupInformation.java:1878) [hadoop-common-3.3.1.jar:?]
	at org.apache.hadoop.ipc.Server$Handler.run(Server.java:2966) [hadoop-common-3.3.1.jar:?]
04:15:11.216 [IPC Server handler 15 on default port 38503] ERROR OMAudit - user=runner | ip=127.0.0.1 | op=GET_FILE_STATUS {volume=volume87548, bucket=bucket21072, key=level0/level3, dataSize=0, replicationConfig=null} | ret=FAILURE
org.apache.hadoop.ozone.om.exceptions.OMException: Unable to get file status: volume: volume87548 bucket: bucket21072 key: level0/level3
	at org.apache.hadoop.ozone.om.KeyManagerImpl.getOzoneFileStatus(KeyManagerImpl.java:1280) ~[ozone-manager-1.3.0-SNAPSHOT.jar:?]
	at org.apache.hadoop.ozone.om.KeyManagerImpl.getFileStatus(KeyManagerImpl.java:1210) ~[ozone-manager-1.3.0-SNAPSHOT.jar:?]
	at org.apache.hadoop.ozone.om.OzoneManager.getFileStatus(OzoneManager.java:3009) ~[ozone-manager-1.3.0-SNAPSHOT.jar:?]
	at org.apache.hadoop.ozone.protocolPB.OzoneManagerRequestHandler.getOzoneFileStatus(OzoneManagerRequestHandler.java:670) ~[ozone-manager-1.3.0-SNAPSHOT.jar:?]
	at org.apache.hadoop.ozone.protocolPB.OzoneManagerRequestHandler.handleReadRequest(OzoneManagerRequestHandler.java:201) ~[ozone-manager-1.3.0-SNAPSHOT.jar:?]
	at org.apache.hadoop.ozone.protocolPB.OzoneManagerProtocolServerSideTranslatorPB.submitReadRequestToOM(OzoneManagerProtocolServerSideTranslatorPB.java:213) ~[ozone-manager-1.3.0-SNAPSHOT.jar:?]
	at org.apache.hadoop.ozone.protocolPB.OzoneManagerProtocolServerSideTranslatorPB.processRequest(OzoneManagerProtocolServerSideTranslatorPB.java:174) ~[ozone-manager-1.3.0-SNAPSHOT.jar:?]
	at org.apache.hadoop.hdds.server.OzoneProtocolMessageDispatcher.processRequest(OzoneProtocolMessageDispatcher.java:87) [hdds-server-framework-1.3.0-SNAPSHOT.jar:?]
	at org.apache.hadoop.ozone.protocolPB.OzoneManagerProtocolServerSideTranslatorPB.submitRequest(OzoneManagerProtocolServerSideTranslatorPB.java:146) [ozone-manager-1.3.0-SNAPSHOT.jar:?]
	at org.apache.hadoop.ozone.protocol.proto.OzoneManagerProtocolProtos$OzoneManagerService$2.callBlockingMethod(OzoneManagerProtocolProtos.java) [ozone-interface-client-1.3.0-SNAPSHOT.jar:?]
	at org.apache.hadoop.ipc.ProtobufRpcEngine$Server.processCall(ProtobufRpcEngine.java:466) [hadoop-common-3.3.1.jar:?]
	at org.apache.hadoop.ipc.ProtobufRpcEngine2$Server$ProtoBufRpcInvoker.call(ProtobufRpcEngine2.java:574) [hadoop-common-3.3.1.jar:?]
	at org.apache.hadoop.ipc.ProtobufRpcEngine2$Server$ProtoBufRpcInvoker.call(ProtobufRpcEngine2.java:552) [hadoop-common-3.3.1.jar:?]
	at org.apache.hadoop.ipc.RPC$Server.call(RPC.java:1093) [hadoop-common-3.3.1.jar:?]
	at org.apache.hadoop.ipc.Server$RpcCall.run(Server.java:1035) [hadoop-common-3.3.1.jar:?]
	at org.apache.hadoop.ipc.Server$RpcCall.run(Server.java:963) [hadoop-common-3.3.1.jar:?]
	at java.security.AccessController.doPrivileged(Native Method) ~[?:1.8.0_322]
	at javax.security.auth.Subject.doAs(Subject.java:422) [?:1.8.0_322]
	at org.apache.hadoop.security.UserGroupInformation.doAs(UserGroupInformation.java:1878) [hadoop-common-3.3.1.jar:?]
	at org.apache.hadoop.ipc.Server$Handler.run(Server.java:2966) [hadoop-common-3.3.1.jar:?]
04:15:11.217 [IPC Server handler 14 on default port 38503] ERROR OMAudit - user=runner | ip=127.0.0.1 | op=GET_FILE_STATUS {volume=volume87548, bucket=bucket21072, key=level0/level3/level3, dataSize=0, replicationConfig=null} | ret=FAILURE
org.apache.hadoop.ozone.om.exceptions.OMException: Unable to get file status: volume: volume87548 bucket: bucket21072 key: level0/level3/level3
	at org.apache.hadoop.ozone.om.KeyManagerImpl.getOzoneFileStatus(KeyManagerImpl.java:1280) ~[ozone-manager-1.3.0-SNAPSHOT.jar:?]
	at org.apache.hadoop.ozone.om.KeyManagerImpl.getFileStatus(KeyManagerImpl.java:1210) ~[ozone-manager-1.3.0-SNAPSHOT.jar:?]
	at org.apache.hadoop.ozone.om.OzoneManager.getFileStatus(OzoneManager.java:3009) ~[ozone-manager-1.3.0-SNAPSHOT.jar:?]
	at org.apache.hadoop.ozone.protocolPB.OzoneManagerRequestHandler.getOzoneFileStatus(OzoneManagerRequestHandler.java:670) ~[ozone-manager-1.3.0-SNAPSHOT.jar:?]
	at org.apache.hadoop.ozone.protocolPB.OzoneManagerRequestHandler.handleReadRequest(OzoneManagerRequestHandler.java:201) ~[ozone-manager-1.3.0-SNAPSHOT.jar:?]
	at org.apache.hadoop.ozone.protocolPB.OzoneManagerProtocolServerSideTranslatorPB.submitReadRequestToOM(OzoneManagerProtocolServerSideTranslatorPB.java:213) ~[ozone-manager-1.3.0-SNAPSHOT.jar:?]
	at org.apache.hadoop.ozone.protocolPB.OzoneManagerProtocolServerSideTranslatorPB.processRequest(OzoneManagerProtocolServerSideTranslatorPB.java:174) ~[ozone-manager-1.3.0-SNAPSHOT.jar:?]
	at org.apache.hadoop.hdds.server.OzoneProtocolMessageDispatcher.processRequest(OzoneProtocolMessageDispatcher.java:87) [hdds-server-framework-1.3.0-SNAPSHOT.jar:?]
	at org.apache.hadoop.ozone.protocolPB.OzoneManagerProtocolServerSideTranslatorPB.submitRequest(OzoneManagerProtocolServerSideTranslatorPB.java:146) [ozone-manager-1.3.0-SNAPSHOT.jar:?]
	at org.apache.hadoop.ozone.protocol.proto.OzoneManagerProtocolProtos$OzoneManagerService$2.callBlockingMethod(OzoneManagerProtocolProtos.java) [ozone-interface-client-1.3.0-SNAPSHOT.jar:?]
	at org.apache.hadoop.ipc.ProtobufRpcEngine$Server.processCall(ProtobufRpcEngine.java:466) [hadoop-common-3.3.1.jar:?]
	at org.apache.hadoop.ipc.ProtobufRpcEngine2$Server$ProtoBufRpcInvoker.call(ProtobufRpcEngine2.java:574) [hadoop-common-3.3.1.jar:?]
	at org.apache.hadoop.ipc.ProtobufRpcEngine2$Server$ProtoBufRpcInvoker.call(ProtobufRpcEngine2.java:552) [hadoop-common-3.3.1.jar:?]
	at org.apache.hadoop.ipc.RPC$Server.call(RPC.java:1093) [hadoop-common-3.3.1.jar:?]
	at org.apache.hadoop.ipc.Server$RpcCall.run(Server.java:1035) [hadoop-common-3.3.1.jar:?]
	at org.apache.hadoop.ipc.Server$RpcCall.run(Server.java:963) [hadoop-common-3.3.1.jar:?]
	at java.security.AccessController.doPrivileged(Native Method) ~[?:1.8.0_322]
	at javax.security.auth.Subject.doAs(Subject.java:422) [?:1.8.0_322]
	at org.apache.hadoop.security.UserGroupInformation.doAs(UserGroupInformation.java:1878) [hadoop-common-3.3.1.jar:?]
	at org.apache.hadoop.ipc.Server$Handler.run(Server.java:2966) [hadoop-common-3.3.1.jar:?]
04:15:11.218 [IPC Server handler 13 on default port 38503] ERROR OMAudit - user=runner | ip=127.0.0.1 | op=GET_FILE_STATUS {volume=volume87548, bucket=bucket21072, key=level0/level3/file1, dataSize=0, replicationConfig=null} | ret=FAILURE
org.apache.hadoop.ozone.om.exceptions.OMException: Unable to get file status: volume: volume87548 bucket: bucket21072 key: level0/level3/file1
	at org.apache.hadoop.ozone.om.KeyManagerImpl.getOzoneFileStatus(KeyManagerImpl.java:1280) ~[ozone-manager-1.3.0-SNAPSHOT.jar:?]
	at org.apache.hadoop.ozone.om.KeyManagerImpl.getFileStatus(KeyManagerImpl.java:1210) ~[ozone-manager-1.3.0-SNAPSHOT.jar:?]
	at org.apache.hadoop.ozone.om.OzoneManager.getFileStatus(OzoneManager.java:3009) ~[ozone-manager-1.3.0-SNAPSHOT.jar:?]
	at org.apache.hadoop.ozone.protocolPB.OzoneManagerRequestHandler.getOzoneFileStatus(OzoneManagerRequestHandler.java:670) ~[ozone-manager-1.3.0-SNAPSHOT.jar:?]
	at org.apache.hadoop.ozone.protocolPB.OzoneManagerRequestHandler.handleReadRequest(OzoneManagerRequestHandler.java:201) ~[ozone-manager-1.3.0-SNAPSHOT.jar:?]
	at org.apache.hadoop.ozone.protocolPB.OzoneManagerProtocolServerSideTranslatorPB.submitReadRequestToOM(OzoneManagerProtocolServerSideTranslatorPB.java:213) ~[ozone-manager-1.3.0-SNAPSHOT.jar:?]
	at org.apache.hadoop.ozone.protocolPB.OzoneManagerProtocolServerSideTranslatorPB.processRequest(OzoneManagerProtocolServerSideTranslatorPB.java:174) ~[ozone-manager-1.3.0-SNAPSHOT.jar:?]
	at org.apache.hadoop.hdds.server.OzoneProtocolMessageDispatcher.processRequest(OzoneProtocolMessageDispatcher.java:87) [hdds-server-framework-1.3.0-SNAPSHOT.jar:?]
	at org.apache.hadoop.ozone.protocolPB.OzoneManagerProtocolServerSideTranslatorPB.submitRequest(OzoneManagerProtocolServerSideTranslatorPB.java:146) [ozone-manager-1.3.0-SNAPSHOT.jar:?]
	at org.apache.hadoop.ozone.protocol.proto.OzoneManagerProtocolProtos$OzoneManagerService$2.callBlockingMethod(OzoneManagerProtocolProtos.java) [ozone-interface-client-1.3.0-SNAPSHOT.jar:?]
	at org.apache.hadoop.ipc.ProtobufRpcEngine$Server.processCall(ProtobufRpcEngine.java:466) [hadoop-common-3.3.1.jar:?]
	at org.apache.hadoop.ipc.ProtobufRpcEngine2$Server$ProtoBufRpcInvoker.call(ProtobufRpcEngine2.java:574) [hadoop-common-3.3.1.jar:?]
	at org.apache.hadoop.ipc.ProtobufRpcEngine2$Server$ProtoBufRpcInvoker.call(ProtobufRpcEngine2.java:552) [hadoop-common-3.3.1.jar:?]
	at org.apache.hadoop.ipc.RPC$Server.call(RPC.java:1093) [hadoop-common-3.3.1.jar:?]
	at org.apache.hadoop.ipc.Server$RpcCall.run(Server.java:1035) [hadoop-common-3.3.1.jar:?]
	at org.apache.hadoop.ipc.Server$RpcCall.run(Server.java:963) [hadoop-common-3.3.1.jar:?]
	at java.security.AccessController.doPrivileged(Native Method) ~[?:1.8.0_322]
	at javax.security.auth.Subject.doAs(Subject.java:422) [?:1.8.0_322]
	at org.apache.hadoop.security.UserGroupInformation.doAs(UserGroupInformation.java:1878) [hadoop-common-3.3.1.jar:?]
	at org.apache.hadoop.ipc.Server$Handler.run(Server.java:2966) [hadoop-common-3.3.1.jar:?]
04:15:11.219 [IPC Server handler 9 on default port 38503] ERROR OMAudit - user=runner | ip=127.0.0.1 | op=GET_FILE_STATUS {volume=volume87548, bucket=bucket21072, key=level0/level3/level3/file1, dataSize=0, replicationConfig=null} | ret=FAILURE
org.apache.hadoop.ozone.om.exceptions.OMException: Unable to get file status: volume: volume87548 bucket: bucket21072 key: level0/level3/level3/file1
	at org.apache.hadoop.ozone.om.KeyManagerImpl.getOzoneFileStatus(KeyManagerImpl.java:1280) ~[ozone-manager-1.3.0-SNAPSHOT.jar:?]
	at org.apache.hadoop.ozone.om.KeyManagerImpl.getFileStatus(KeyManagerImpl.java:1210) ~[ozone-manager-1.3.0-SNAPSHOT.jar:?]
	at org.apache.hadoop.ozone.om.OzoneManager.getFileStatus(OzoneManager.java:3009) ~[ozone-manager-1.3.0-SNAPSHOT.jar:?]
	at org.apache.hadoop.ozone.protocolPB.OzoneManagerRequestHandler.getOzoneFileStatus(OzoneManagerRequestHandler.java:670) ~[ozone-manager-1.3.0-SNAPSHOT.jar:?]
	at org.apache.hadoop.ozone.protocolPB.OzoneManagerRequestHandler.handleReadRequest(OzoneManagerRequestHandler.java:201) ~[ozone-manager-1.3.0-SNAPSHOT.jar:?]
	at org.apache.hadoop.ozone.protocolPB.OzoneManagerProtocolServerSideTranslatorPB.submitReadRequestToOM(OzoneManagerProtocolServerSideTranslatorPB.java:213) ~[ozone-manager-1.3.0-SNAPSHOT.jar:?]
	at org.apache.hadoop.ozone.protocolPB.OzoneManagerProtocolServerSideTranslatorPB.processRequest(OzoneManagerProtocolServerSideTranslatorPB.java:174) ~[ozone-manager-1.3.0-SNAPSHOT.jar:?]
	at org.apache.hadoop.hdds.server.OzoneProtocolMessageDispatcher.processRequest(OzoneProtocolMessageDispatcher.java:87) [hdds-server-framework-1.3.0-SNAPSHOT.jar:?]
	at org.apache.hadoop.ozone.protocolPB.OzoneManagerProtocolServerSideTranslatorPB.submitRequest(OzoneManagerProtocolServerSideTranslatorPB.java:146) [ozone-manager-1.3.0-SNAPSHOT.jar:?]
	at org.apache.hadoop.ozone.protocol.proto.OzoneManagerProtocolProtos$OzoneManagerService$2.callBlockingMethod(OzoneManagerProtocolProtos.java) [ozone-interface-client-1.3.0-SNAPSHOT.jar:?]
	at org.apache.hadoop.ipc.ProtobufRpcEngine$Server.processCall(ProtobufRpcEngine.java:466) [hadoop-common-3.3.1.jar:?]
	at org.apache.hadoop.ipc.ProtobufRpcEngine2$Server$ProtoBufRpcInvoker.call(ProtobufRpcEngine2.java:574) [hadoop-common-3.3.1.jar:?]
	at org.apache.hadoop.ipc.ProtobufRpcEngine2$Server$ProtoBufRpcInvoker.call(ProtobufRpcEngine2.java:552) [hadoop-common-3.3.1.jar:?]
	at org.apache.hadoop.ipc.RPC$Server.call(RPC.java:1093) [hadoop-common-3.3.1.jar:?]
	at org.apache.hadoop.ipc.Server$RpcCall.run(Server.java:1035) [hadoop-common-3.3.1.jar:?]
	at org.apache.hadoop.ipc.Server$RpcCall.run(Server.java:963) [hadoop-common-3.3.1.jar:?]
	at java.security.AccessController.doPrivileged(Native Method) ~[?:1.8.0_322]
	at javax.security.auth.Subject.doAs(Subject.java:422) [?:1.8.0_322]
	at org.apache.hadoop.security.UserGroupInformation.doAs(UserGroupInformation.java:1878) [hadoop-common-3.3.1.jar:?]
	at org.apache.hadoop.ipc.Server$Handler.run(Server.java:2966) [hadoop-common-3.3.1.jar:?]
]]></system-out>
  </testcase>
  <testcase name="testRecursiveDelete" classname="TestOzoneFileSystem" time="0.163">
    <system-out><![CDATA[04:16:17.354 [IPC Server handler 4 on default port 40137] ERROR OMAudit - user=runner | ip=127.0.0.1 | op=GET_FILE_STATUS {volume=volume25603, bucket=bucket32835, key=gdir1, dataSize=0, replicationConfig=null} | ret=FAILURE
org.apache.hadoop.ozone.om.exceptions.OMException: Unable to get file status: volume: volume25603 bucket: bucket32835 key: gdir1
	at org.apache.hadoop.ozone.om.KeyManagerImpl.getOzoneFileStatus(KeyManagerImpl.java:1280) ~[ozone-manager-1.3.0-SNAPSHOT.jar:?]
	at org.apache.hadoop.ozone.om.KeyManagerImpl.getFileStatus(KeyManagerImpl.java:1210) ~[ozone-manager-1.3.0-SNAPSHOT.jar:?]
	at org.apache.hadoop.ozone.om.OzoneManager.getFileStatus(OzoneManager.java:3009) ~[ozone-manager-1.3.0-SNAPSHOT.jar:?]
	at org.apache.hadoop.ozone.protocolPB.OzoneManagerRequestHandler.getOzoneFileStatus(OzoneManagerRequestHandler.java:670) ~[ozone-manager-1.3.0-SNAPSHOT.jar:?]
	at org.apache.hadoop.ozone.protocolPB.OzoneManagerRequestHandler.handleReadRequest(OzoneManagerRequestHandler.java:201) ~[ozone-manager-1.3.0-SNAPSHOT.jar:?]
	at org.apache.hadoop.ozone.protocolPB.OzoneManagerProtocolServerSideTranslatorPB.submitRequestDirectlyToOM(OzoneManagerProtocolServerSideTranslatorPB.java:271) ~[ozone-manager-1.3.0-SNAPSHOT.jar:?]
	at org.apache.hadoop.ozone.protocolPB.OzoneManagerProtocolServerSideTranslatorPB.processRequest(OzoneManagerProtocolServerSideTranslatorPB.java:195) ~[ozone-manager-1.3.0-SNAPSHOT.jar:?]
	at org.apache.hadoop.hdds.server.OzoneProtocolMessageDispatcher.processRequest(OzoneProtocolMessageDispatcher.java:87) [hdds-server-framework-1.3.0-SNAPSHOT.jar:?]
	at org.apache.hadoop.ozone.protocolPB.OzoneManagerProtocolServerSideTranslatorPB.submitRequest(OzoneManagerProtocolServerSideTranslatorPB.java:146) [ozone-manager-1.3.0-SNAPSHOT.jar:?]
	at org.apache.hadoop.ozone.protocol.proto.OzoneManagerProtocolProtos$OzoneManagerService$2.callBlockingMethod(OzoneManagerProtocolProtos.java) [ozone-interface-client-1.3.0-SNAPSHOT.jar:?]
	at org.apache.hadoop.ipc.ProtobufRpcEngine$Server.processCall(ProtobufRpcEngine.java:466) [hadoop-common-3.3.1.jar:?]
	at org.apache.hadoop.ipc.ProtobufRpcEngine2$Server$ProtoBufRpcInvoker.call(ProtobufRpcEngine2.java:574) [hadoop-common-3.3.1.jar:?]
	at org.apache.hadoop.ipc.ProtobufRpcEngine2$Server$ProtoBufRpcInvoker.call(ProtobufRpcEngine2.java:552) [hadoop-common-3.3.1.jar:?]
	at org.apache.hadoop.ipc.RPC$Server.call(RPC.java:1093) [hadoop-common-3.3.1.jar:?]
	at org.apache.hadoop.ipc.Server$RpcCall.run(Server.java:1035) [hadoop-common-3.3.1.jar:?]
	at org.apache.hadoop.ipc.Server$RpcCall.run(Server.java:963) [hadoop-common-3.3.1.jar:?]
	at java.security.AccessController.doPrivileged(Native Method) ~[?:1.8.0_322]
	at javax.security.auth.Subject.doAs(Subject.java:422) [?:1.8.0_322]
	at org.apache.hadoop.security.UserGroupInformation.doAs(UserGroupInformation.java:1878) [hadoop-common-3.3.1.jar:?]
	at org.apache.hadoop.ipc.Server$Handler.run(Server.java:2966) [hadoop-common-3.3.1.jar:?]
04:16:17.355 [IPC Server handler 7 on default port 40137] ERROR OMAudit - user=runner | ip=127.0.0.1 | op=GET_FILE_STATUS {volume=volume25603, bucket=bucket32835, key=gdir1/dir1, dataSize=0, replicationConfig=null} | ret=FAILURE
org.apache.hadoop.ozone.om.exceptions.OMException: Unable to get file status: volume: volume25603 bucket: bucket32835 key: gdir1/dir1
	at org.apache.hadoop.ozone.om.KeyManagerImpl.getOzoneFileStatus(KeyManagerImpl.java:1280) ~[ozone-manager-1.3.0-SNAPSHOT.jar:?]
	at org.apache.hadoop.ozone.om.KeyManagerImpl.getFileStatus(KeyManagerImpl.java:1210) ~[ozone-manager-1.3.0-SNAPSHOT.jar:?]
	at org.apache.hadoop.ozone.om.OzoneManager.getFileStatus(OzoneManager.java:3009) ~[ozone-manager-1.3.0-SNAPSHOT.jar:?]
	at org.apache.hadoop.ozone.protocolPB.OzoneManagerRequestHandler.getOzoneFileStatus(OzoneManagerRequestHandler.java:670) ~[ozone-manager-1.3.0-SNAPSHOT.jar:?]
	at org.apache.hadoop.ozone.protocolPB.OzoneManagerRequestHandler.handleReadRequest(OzoneManagerRequestHandler.java:201) ~[ozone-manager-1.3.0-SNAPSHOT.jar:?]
	at org.apache.hadoop.ozone.protocolPB.OzoneManagerProtocolServerSideTranslatorPB.submitRequestDirectlyToOM(OzoneManagerProtocolServerSideTranslatorPB.java:271) ~[ozone-manager-1.3.0-SNAPSHOT.jar:?]
	at org.apache.hadoop.ozone.protocolPB.OzoneManagerProtocolServerSideTranslatorPB.processRequest(OzoneManagerProtocolServerSideTranslatorPB.java:195) ~[ozone-manager-1.3.0-SNAPSHOT.jar:?]
	at org.apache.hadoop.hdds.server.OzoneProtocolMessageDispatcher.processRequest(OzoneProtocolMessageDispatcher.java:87) [hdds-server-framework-1.3.0-SNAPSHOT.jar:?]
	at org.apache.hadoop.ozone.protocolPB.OzoneManagerProtocolServerSideTranslatorPB.submitRequest(OzoneManagerProtocolServerSideTranslatorPB.java:146) [ozone-manager-1.3.0-SNAPSHOT.jar:?]
	at org.apache.hadoop.ozone.protocol.proto.OzoneManagerProtocolProtos$OzoneManagerService$2.callBlockingMethod(OzoneManagerProtocolProtos.java) [ozone-interface-client-1.3.0-SNAPSHOT.jar:?]
	at org.apache.hadoop.ipc.ProtobufRpcEngine$Server.processCall(ProtobufRpcEngine.java:466) [hadoop-common-3.3.1.jar:?]
	at org.apache.hadoop.ipc.ProtobufRpcEngine2$Server$ProtoBufRpcInvoker.call(ProtobufRpcEngine2.java:574) [hadoop-common-3.3.1.jar:?]
	at org.apache.hadoop.ipc.ProtobufRpcEngine2$Server$ProtoBufRpcInvoker.call(ProtobufRpcEngine2.java:552) [hadoop-common-3.3.1.jar:?]
	at org.apache.hadoop.ipc.RPC$Server.call(RPC.java:1093) [hadoop-common-3.3.1.jar:?]
	at org.apache.hadoop.ipc.Server$RpcCall.run(Server.java:1035) [hadoop-common-3.3.1.jar:?]
	at org.apache.hadoop.ipc.Server$RpcCall.run(Server.java:963) [hadoop-common-3.3.1.jar:?]
	at java.security.AccessController.doPrivileged(Native Method) ~[?:1.8.0_322]
	at javax.security.auth.Subject.doAs(Subject.java:422) [?:1.8.0_322]
	at org.apache.hadoop.security.UserGroupInformation.doAs(UserGroupInformation.java:1878) [hadoop-common-3.3.1.jar:?]
	at org.apache.hadoop.ipc.Server$Handler.run(Server.java:2966) [hadoop-common-3.3.1.jar:?]
04:16:17.356 [IPC Server handler 3 on default port 40137] ERROR OMAudit - user=runner | ip=127.0.0.1 | op=GET_FILE_STATUS {volume=volume25603, bucket=bucket32835, key=gdir1/dir1/child, dataSize=0, replicationConfig=null} | ret=FAILURE
org.apache.hadoop.ozone.om.exceptions.OMException: Unable to get file status: volume: volume25603 bucket: bucket32835 key: gdir1/dir1/child
	at org.apache.hadoop.ozone.om.KeyManagerImpl.getOzoneFileStatus(KeyManagerImpl.java:1280) ~[ozone-manager-1.3.0-SNAPSHOT.jar:?]
	at org.apache.hadoop.ozone.om.KeyManagerImpl.getFileStatus(KeyManagerImpl.java:1210) ~[ozone-manager-1.3.0-SNAPSHOT.jar:?]
	at org.apache.hadoop.ozone.om.OzoneManager.getFileStatus(OzoneManager.java:3009) ~[ozone-manager-1.3.0-SNAPSHOT.jar:?]
	at org.apache.hadoop.ozone.protocolPB.OzoneManagerRequestHandler.getOzoneFileStatus(OzoneManagerRequestHandler.java:670) ~[ozone-manager-1.3.0-SNAPSHOT.jar:?]
	at org.apache.hadoop.ozone.protocolPB.OzoneManagerRequestHandler.handleReadRequest(OzoneManagerRequestHandler.java:201) ~[ozone-manager-1.3.0-SNAPSHOT.jar:?]
	at org.apache.hadoop.ozone.protocolPB.OzoneManagerProtocolServerSideTranslatorPB.submitRequestDirectlyToOM(OzoneManagerProtocolServerSideTranslatorPB.java:271) ~[ozone-manager-1.3.0-SNAPSHOT.jar:?]
	at org.apache.hadoop.ozone.protocolPB.OzoneManagerProtocolServerSideTranslatorPB.processRequest(OzoneManagerProtocolServerSideTranslatorPB.java:195) ~[ozone-manager-1.3.0-SNAPSHOT.jar:?]
	at org.apache.hadoop.hdds.server.OzoneProtocolMessageDispatcher.processRequest(OzoneProtocolMessageDispatcher.java:87) [hdds-server-framework-1.3.0-SNAPSHOT.jar:?]
	at org.apache.hadoop.ozone.protocolPB.OzoneManagerProtocolServerSideTranslatorPB.submitRequest(OzoneManagerProtocolServerSideTranslatorPB.java:146) [ozone-manager-1.3.0-SNAPSHOT.jar:?]
	at org.apache.hadoop.ozone.protocol.proto.OzoneManagerProtocolProtos$OzoneManagerService$2.callBlockingMethod(OzoneManagerProtocolProtos.java) [ozone-interface-client-1.3.0-SNAPSHOT.jar:?]
	at org.apache.hadoop.ipc.ProtobufRpcEngine$Server.processCall(ProtobufRpcEngine.java:466) [hadoop-common-3.3.1.jar:?]
	at org.apache.hadoop.ipc.ProtobufRpcEngine2$Server$ProtoBufRpcInvoker.call(ProtobufRpcEngine2.java:574) [hadoop-common-3.3.1.jar:?]
	at org.apache.hadoop.ipc.ProtobufRpcEngine2$Server$ProtoBufRpcInvoker.call(ProtobufRpcEngine2.java:552) [hadoop-common-3.3.1.jar:?]
	at org.apache.hadoop.ipc.RPC$Server.call(RPC.java:1093) [hadoop-common-3.3.1.jar:?]
	at org.apache.hadoop.ipc.Server$RpcCall.run(Server.java:1035) [hadoop-common-3.3.1.jar:?]
	at org.apache.hadoop.ipc.Server$RpcCall.run(Server.java:963) [hadoop-common-3.3.1.jar:?]
	at java.security.AccessController.doPrivileged(Native Method) ~[?:1.8.0_322]
	at javax.security.auth.Subject.doAs(Subject.java:422) [?:1.8.0_322]
	at org.apache.hadoop.security.UserGroupInformation.doAs(UserGroupInformation.java:1878) [hadoop-common-3.3.1.jar:?]
	at org.apache.hadoop.ipc.Server$Handler.run(Server.java:2966) [hadoop-common-3.3.1.jar:?]
04:16:17.357 [IPC Server handler 2 on default port 40137] ERROR OMAudit - user=runner | ip=127.0.0.1 | op=GET_FILE_STATUS {volume=volume25603, bucket=bucket32835, key=gdir1/dir2, dataSize=0, replicationConfig=null} | ret=FAILURE
org.apache.hadoop.ozone.om.exceptions.OMException: Unable to get file status: volume: volume25603 bucket: bucket32835 key: gdir1/dir2
	at org.apache.hadoop.ozone.om.KeyManagerImpl.getOzoneFileStatus(KeyManagerImpl.java:1280) ~[ozone-manager-1.3.0-SNAPSHOT.jar:?]
	at org.apache.hadoop.ozone.om.KeyManagerImpl.getFileStatus(KeyManagerImpl.java:1210) ~[ozone-manager-1.3.0-SNAPSHOT.jar:?]
	at org.apache.hadoop.ozone.om.OzoneManager.getFileStatus(OzoneManager.java:3009) ~[ozone-manager-1.3.0-SNAPSHOT.jar:?]
	at org.apache.hadoop.ozone.protocolPB.OzoneManagerRequestHandler.getOzoneFileStatus(OzoneManagerRequestHandler.java:670) ~[ozone-manager-1.3.0-SNAPSHOT.jar:?]
	at org.apache.hadoop.ozone.protocolPB.OzoneManagerRequestHandler.handleReadRequest(OzoneManagerRequestHandler.java:201) ~[ozone-manager-1.3.0-SNAPSHOT.jar:?]
	at org.apache.hadoop.ozone.protocolPB.OzoneManagerProtocolServerSideTranslatorPB.submitRequestDirectlyToOM(OzoneManagerProtocolServerSideTranslatorPB.java:271) ~[ozone-manager-1.3.0-SNAPSHOT.jar:?]
	at org.apache.hadoop.ozone.protocolPB.OzoneManagerProtocolServerSideTranslatorPB.processRequest(OzoneManagerProtocolServerSideTranslatorPB.java:195) ~[ozone-manager-1.3.0-SNAPSHOT.jar:?]
	at org.apache.hadoop.hdds.server.OzoneProtocolMessageDispatcher.processRequest(OzoneProtocolMessageDispatcher.java:87) [hdds-server-framework-1.3.0-SNAPSHOT.jar:?]
	at org.apache.hadoop.ozone.protocolPB.OzoneManagerProtocolServerSideTranslatorPB.submitRequest(OzoneManagerProtocolServerSideTranslatorPB.java:146) [ozone-manager-1.3.0-SNAPSHOT.jar:?]
	at org.apache.hadoop.ozone.protocol.proto.OzoneManagerProtocolProtos$OzoneManagerService$2.callBlockingMethod(OzoneManagerProtocolProtos.java) [ozone-interface-client-1.3.0-SNAPSHOT.jar:?]
	at org.apache.hadoop.ipc.ProtobufRpcEngine$Server.processCall(ProtobufRpcEngine.java:466) [hadoop-common-3.3.1.jar:?]
	at org.apache.hadoop.ipc.ProtobufRpcEngine2$Server$ProtoBufRpcInvoker.call(ProtobufRpcEngine2.java:574) [hadoop-common-3.3.1.jar:?]
	at org.apache.hadoop.ipc.ProtobufRpcEngine2$Server$ProtoBufRpcInvoker.call(ProtobufRpcEngine2.java:552) [hadoop-common-3.3.1.jar:?]
	at org.apache.hadoop.ipc.RPC$Server.call(RPC.java:1093) [hadoop-common-3.3.1.jar:?]
	at org.apache.hadoop.ipc.Server$RpcCall.run(Server.java:1035) [hadoop-common-3.3.1.jar:?]
	at org.apache.hadoop.ipc.Server$RpcCall.run(Server.java:963) [hadoop-common-3.3.1.jar:?]
	at java.security.AccessController.doPrivileged(Native Method) ~[?:1.8.0_322]
	at javax.security.auth.Subject.doAs(Subject.java:422) [?:1.8.0_322]
	at org.apache.hadoop.security.UserGroupInformation.doAs(UserGroupInformation.java:1878) [hadoop-common-3.3.1.jar:?]
	at org.apache.hadoop.ipc.Server$Handler.run(Server.java:2966) [hadoop-common-3.3.1.jar:?]
04:16:17.357 [IPC Server handler 1 on default port 40137] ERROR OMAudit - user=runner | ip=127.0.0.1 | op=GET_FILE_STATUS {volume=volume25603, bucket=bucket32835, key=gdir1/dir2/child, dataSize=0, replicationConfig=null} | ret=FAILURE
org.apache.hadoop.ozone.om.exceptions.OMException: Unable to get file status: volume: volume25603 bucket: bucket32835 key: gdir1/dir2/child
	at org.apache.hadoop.ozone.om.KeyManagerImpl.getOzoneFileStatus(KeyManagerImpl.java:1280) ~[ozone-manager-1.3.0-SNAPSHOT.jar:?]
	at org.apache.hadoop.ozone.om.KeyManagerImpl.getFileStatus(KeyManagerImpl.java:1210) ~[ozone-manager-1.3.0-SNAPSHOT.jar:?]
	at org.apache.hadoop.ozone.om.OzoneManager.getFileStatus(OzoneManager.java:3009) ~[ozone-manager-1.3.0-SNAPSHOT.jar:?]
	at org.apache.hadoop.ozone.protocolPB.OzoneManagerRequestHandler.getOzoneFileStatus(OzoneManagerRequestHandler.java:670) ~[ozone-manager-1.3.0-SNAPSHOT.jar:?]
	at org.apache.hadoop.ozone.protocolPB.OzoneManagerRequestHandler.handleReadRequest(OzoneManagerRequestHandler.java:201) ~[ozone-manager-1.3.0-SNAPSHOT.jar:?]
	at org.apache.hadoop.ozone.protocolPB.OzoneManagerProtocolServerSideTranslatorPB.submitRequestDirectlyToOM(OzoneManagerProtocolServerSideTranslatorPB.java:271) ~[ozone-manager-1.3.0-SNAPSHOT.jar:?]
	at org.apache.hadoop.ozone.protocolPB.OzoneManagerProtocolServerSideTranslatorPB.processRequest(OzoneManagerProtocolServerSideTranslatorPB.java:195) ~[ozone-manager-1.3.0-SNAPSHOT.jar:?]
	at org.apache.hadoop.hdds.server.OzoneProtocolMessageDispatcher.processRequest(OzoneProtocolMessageDispatcher.java:87) [hdds-server-framework-1.3.0-SNAPSHOT.jar:?]
	at org.apache.hadoop.ozone.protocolPB.OzoneManagerProtocolServerSideTranslatorPB.submitRequest(OzoneManagerProtocolServerSideTranslatorPB.java:146) [ozone-manager-1.3.0-SNAPSHOT.jar:?]
	at org.apache.hadoop.ozone.protocol.proto.OzoneManagerProtocolProtos$OzoneManagerService$2.callBlockingMethod(OzoneManagerProtocolProtos.java) [ozone-interface-client-1.3.0-SNAPSHOT.jar:?]
	at org.apache.hadoop.ipc.ProtobufRpcEngine$Server.processCall(ProtobufRpcEngine.java:466) [hadoop-common-3.3.1.jar:?]
	at org.apache.hadoop.ipc.ProtobufRpcEngine2$Server$ProtoBufRpcInvoker.call(ProtobufRpcEngine2.java:574) [hadoop-common-3.3.1.jar:?]
	at org.apache.hadoop.ipc.ProtobufRpcEngine2$Server$ProtoBufRpcInvoker.call(ProtobufRpcEngine2.java:552) [hadoop-common-3.3.1.jar:?]
	at org.apache.hadoop.ipc.RPC$Server.call(RPC.java:1093) [hadoop-common-3.3.1.jar:?]
	at org.apache.hadoop.ipc.Server$RpcCall.run(Server.java:1035) [hadoop-common-3.3.1.jar:?]
	at org.apache.hadoop.ipc.Server$RpcCall.run(Server.java:963) [hadoop-common-3.3.1.jar:?]
	at java.security.AccessController.doPrivileged(Native Method) ~[?:1.8.0_322]
	at javax.security.auth.Subject.doAs(Subject.java:422) [?:1.8.0_322]
	at org.apache.hadoop.security.UserGroupInformation.doAs(UserGroupInformation.java:1878) [hadoop-common-3.3.1.jar:?]
	at org.apache.hadoop.ipc.Server$Handler.run(Server.java:2966) [hadoop-common-3.3.1.jar:?]
04:16:17.358 [IPC Server handler 14 on default port 40137] ERROR OMAudit - user=runner | ip=127.0.0.1 | op=GET_FILE_STATUS {volume=volume25603, bucket=bucket32835, key=gdir1/dir3, dataSize=0, replicationConfig=null} | ret=FAILURE
org.apache.hadoop.ozone.om.exceptions.OMException: Unable to get file status: volume: volume25603 bucket: bucket32835 key: gdir1/dir3
	at org.apache.hadoop.ozone.om.KeyManagerImpl.getOzoneFileStatus(KeyManagerImpl.java:1280) ~[ozone-manager-1.3.0-SNAPSHOT.jar:?]
	at org.apache.hadoop.ozone.om.KeyManagerImpl.getFileStatus(KeyManagerImpl.java:1210) ~[ozone-manager-1.3.0-SNAPSHOT.jar:?]
	at org.apache.hadoop.ozone.om.OzoneManager.getFileStatus(OzoneManager.java:3009) ~[ozone-manager-1.3.0-SNAPSHOT.jar:?]
	at org.apache.hadoop.ozone.protocolPB.OzoneManagerRequestHandler.getOzoneFileStatus(OzoneManagerRequestHandler.java:670) ~[ozone-manager-1.3.0-SNAPSHOT.jar:?]
	at org.apache.hadoop.ozone.protocolPB.OzoneManagerRequestHandler.handleReadRequest(OzoneManagerRequestHandler.java:201) ~[ozone-manager-1.3.0-SNAPSHOT.jar:?]
	at org.apache.hadoop.ozone.protocolPB.OzoneManagerProtocolServerSideTranslatorPB.submitRequestDirectlyToOM(OzoneManagerProtocolServerSideTranslatorPB.java:271) ~[ozone-manager-1.3.0-SNAPSHOT.jar:?]
	at org.apache.hadoop.ozone.protocolPB.OzoneManagerProtocolServerSideTranslatorPB.processRequest(OzoneManagerProtocolServerSideTranslatorPB.java:195) ~[ozone-manager-1.3.0-SNAPSHOT.jar:?]
	at org.apache.hadoop.hdds.server.OzoneProtocolMessageDispatcher.processRequest(OzoneProtocolMessageDispatcher.java:87) [hdds-server-framework-1.3.0-SNAPSHOT.jar:?]
	at org.apache.hadoop.ozone.protocolPB.OzoneManagerProtocolServerSideTranslatorPB.submitRequest(OzoneManagerProtocolServerSideTranslatorPB.java:146) [ozone-manager-1.3.0-SNAPSHOT.jar:?]
	at org.apache.hadoop.ozone.protocol.proto.OzoneManagerProtocolProtos$OzoneManagerService$2.callBlockingMethod(OzoneManagerProtocolProtos.java) [ozone-interface-client-1.3.0-SNAPSHOT.jar:?]
	at org.apache.hadoop.ipc.ProtobufRpcEngine$Server.processCall(ProtobufRpcEngine.java:466) [hadoop-common-3.3.1.jar:?]
	at org.apache.hadoop.ipc.ProtobufRpcEngine2$Server$ProtoBufRpcInvoker.call(ProtobufRpcEngine2.java:574) [hadoop-common-3.3.1.jar:?]
	at org.apache.hadoop.ipc.ProtobufRpcEngine2$Server$ProtoBufRpcInvoker.call(ProtobufRpcEngine2.java:552) [hadoop-common-3.3.1.jar:?]
	at org.apache.hadoop.ipc.RPC$Server.call(RPC.java:1093) [hadoop-common-3.3.1.jar:?]
	at org.apache.hadoop.ipc.Server$RpcCall.run(Server.java:1035) [hadoop-common-3.3.1.jar:?]
	at org.apache.hadoop.ipc.Server$RpcCall.run(Server.java:963) [hadoop-common-3.3.1.jar:?]
	at java.security.AccessController.doPrivileged(Native Method) ~[?:1.8.0_322]
	at javax.security.auth.Subject.doAs(Subject.java:422) [?:1.8.0_322]
	at org.apache.hadoop.security.UserGroupInformation.doAs(UserGroupInformation.java:1878) [hadoop-common-3.3.1.jar:?]
	at org.apache.hadoop.ipc.Server$Handler.run(Server.java:2966) [hadoop-common-3.3.1.jar:?]
04:16:17.359 [IPC Server handler 16 on default port 40137] ERROR OMAudit - user=runner | ip=127.0.0.1 | op=GET_FILE_STATUS {volume=volume25603, bucket=bucket32835, key=gdir1/dir3/child, dataSize=0, replicationConfig=null} | ret=FAILURE
org.apache.hadoop.ozone.om.exceptions.OMException: Unable to get file status: volume: volume25603 bucket: bucket32835 key: gdir1/dir3/child
	at org.apache.hadoop.ozone.om.KeyManagerImpl.getOzoneFileStatus(KeyManagerImpl.java:1280) ~[ozone-manager-1.3.0-SNAPSHOT.jar:?]
	at org.apache.hadoop.ozone.om.KeyManagerImpl.getFileStatus(KeyManagerImpl.java:1210) ~[ozone-manager-1.3.0-SNAPSHOT.jar:?]
	at org.apache.hadoop.ozone.om.OzoneManager.getFileStatus(OzoneManager.java:3009) ~[ozone-manager-1.3.0-SNAPSHOT.jar:?]
	at org.apache.hadoop.ozone.protocolPB.OzoneManagerRequestHandler.getOzoneFileStatus(OzoneManagerRequestHandler.java:670) ~[ozone-manager-1.3.0-SNAPSHOT.jar:?]
	at org.apache.hadoop.ozone.protocolPB.OzoneManagerRequestHandler.handleReadRequest(OzoneManagerRequestHandler.java:201) ~[ozone-manager-1.3.0-SNAPSHOT.jar:?]
	at org.apache.hadoop.ozone.protocolPB.OzoneManagerProtocolServerSideTranslatorPB.submitRequestDirectlyToOM(OzoneManagerProtocolServerSideTranslatorPB.java:271) ~[ozone-manager-1.3.0-SNAPSHOT.jar:?]
	at org.apache.hadoop.ozone.protocolPB.OzoneManagerProtocolServerSideTranslatorPB.processRequest(OzoneManagerProtocolServerSideTranslatorPB.java:195) ~[ozone-manager-1.3.0-SNAPSHOT.jar:?]
	at org.apache.hadoop.hdds.server.OzoneProtocolMessageDispatcher.processRequest(OzoneProtocolMessageDispatcher.java:87) [hdds-server-framework-1.3.0-SNAPSHOT.jar:?]
	at org.apache.hadoop.ozone.protocolPB.OzoneManagerProtocolServerSideTranslatorPB.submitRequest(OzoneManagerProtocolServerSideTranslatorPB.java:146) [ozone-manager-1.3.0-SNAPSHOT.jar:?]
	at org.apache.hadoop.ozone.protocol.proto.OzoneManagerProtocolProtos$OzoneManagerService$2.callBlockingMethod(OzoneManagerProtocolProtos.java) [ozone-interface-client-1.3.0-SNAPSHOT.jar:?]
	at org.apache.hadoop.ipc.ProtobufRpcEngine$Server.processCall(ProtobufRpcEngine.java:466) [hadoop-common-3.3.1.jar:?]
	at org.apache.hadoop.ipc.ProtobufRpcEngine2$Server$ProtoBufRpcInvoker.call(ProtobufRpcEngine2.java:574) [hadoop-common-3.3.1.jar:?]
	at org.apache.hadoop.ipc.ProtobufRpcEngine2$Server$ProtoBufRpcInvoker.call(ProtobufRpcEngine2.java:552) [hadoop-common-3.3.1.jar:?]
	at org.apache.hadoop.ipc.RPC$Server.call(RPC.java:1093) [hadoop-common-3.3.1.jar:?]
	at org.apache.hadoop.ipc.Server$RpcCall.run(Server.java:1035) [hadoop-common-3.3.1.jar:?]
	at org.apache.hadoop.ipc.Server$RpcCall.run(Server.java:963) [hadoop-common-3.3.1.jar:?]
	at java.security.AccessController.doPrivileged(Native Method) ~[?:1.8.0_322]
	at javax.security.auth.Subject.doAs(Subject.java:422) [?:1.8.0_322]
	at org.apache.hadoop.security.UserGroupInformation.doAs(UserGroupInformation.java:1878) [hadoop-common-3.3.1.jar:?]
	at org.apache.hadoop.ipc.Server$Handler.run(Server.java:2966) [hadoop-common-3.3.1.jar:?]
04:16:17.359 [IPC Server handler 17 on default port 40137] ERROR OMAudit - user=runner | ip=127.0.0.1 | op=GET_FILE_STATUS {volume=volume25603, bucket=bucket32835, key=gdir1/dir4, dataSize=0, replicationConfig=null} | ret=FAILURE
org.apache.hadoop.ozone.om.exceptions.OMException: Unable to get file status: volume: volume25603 bucket: bucket32835 key: gdir1/dir4
	at org.apache.hadoop.ozone.om.KeyManagerImpl.getOzoneFileStatus(KeyManagerImpl.java:1280) ~[ozone-manager-1.3.0-SNAPSHOT.jar:?]
	at org.apache.hadoop.ozone.om.KeyManagerImpl.getFileStatus(KeyManagerImpl.java:1210) ~[ozone-manager-1.3.0-SNAPSHOT.jar:?]
	at org.apache.hadoop.ozone.om.OzoneManager.getFileStatus(OzoneManager.java:3009) ~[ozone-manager-1.3.0-SNAPSHOT.jar:?]
	at org.apache.hadoop.ozone.protocolPB.OzoneManagerRequestHandler.getOzoneFileStatus(OzoneManagerRequestHandler.java:670) ~[ozone-manager-1.3.0-SNAPSHOT.jar:?]
	at org.apache.hadoop.ozone.protocolPB.OzoneManagerRequestHandler.handleReadRequest(OzoneManagerRequestHandler.java:201) ~[ozone-manager-1.3.0-SNAPSHOT.jar:?]
	at org.apache.hadoop.ozone.protocolPB.OzoneManagerProtocolServerSideTranslatorPB.submitRequestDirectlyToOM(OzoneManagerProtocolServerSideTranslatorPB.java:271) ~[ozone-manager-1.3.0-SNAPSHOT.jar:?]
	at org.apache.hadoop.ozone.protocolPB.OzoneManagerProtocolServerSideTranslatorPB.processRequest(OzoneManagerProtocolServerSideTranslatorPB.java:195) ~[ozone-manager-1.3.0-SNAPSHOT.jar:?]
	at org.apache.hadoop.hdds.server.OzoneProtocolMessageDispatcher.processRequest(OzoneProtocolMessageDispatcher.java:87) [hdds-server-framework-1.3.0-SNAPSHOT.jar:?]
	at org.apache.hadoop.ozone.protocolPB.OzoneManagerProtocolServerSideTranslatorPB.submitRequest(OzoneManagerProtocolServerSideTranslatorPB.java:146) [ozone-manager-1.3.0-SNAPSHOT.jar:?]
	at org.apache.hadoop.ozone.protocol.proto.OzoneManagerProtocolProtos$OzoneManagerService$2.callBlockingMethod(OzoneManagerProtocolProtos.java) [ozone-interface-client-1.3.0-SNAPSHOT.jar:?]
	at org.apache.hadoop.ipc.ProtobufRpcEngine$Server.processCall(ProtobufRpcEngine.java:466) [hadoop-common-3.3.1.jar:?]
	at org.apache.hadoop.ipc.ProtobufRpcEngine2$Server$ProtoBufRpcInvoker.call(ProtobufRpcEngine2.java:574) [hadoop-common-3.3.1.jar:?]
	at org.apache.hadoop.ipc.ProtobufRpcEngine2$Server$ProtoBufRpcInvoker.call(ProtobufRpcEngine2.java:552) [hadoop-common-3.3.1.jar:?]
	at org.apache.hadoop.ipc.RPC$Server.call(RPC.java:1093) [hadoop-common-3.3.1.jar:?]
	at org.apache.hadoop.ipc.Server$RpcCall.run(Server.java:1035) [hadoop-common-3.3.1.jar:?]
	at org.apache.hadoop.ipc.Server$RpcCall.run(Server.java:963) [hadoop-common-3.3.1.jar:?]
	at java.security.AccessController.doPrivileged(Native Method) ~[?:1.8.0_322]
	at javax.security.auth.Subject.doAs(Subject.java:422) [?:1.8.0_322]
	at org.apache.hadoop.security.UserGroupInformation.doAs(UserGroupInformation.java:1878) [hadoop-common-3.3.1.jar:?]
	at org.apache.hadoop.ipc.Server$Handler.run(Server.java:2966) [hadoop-common-3.3.1.jar:?]
04:16:17.360 [IPC Server handler 10 on default port 40137] ERROR OMAudit - user=runner | ip=127.0.0.1 | op=GET_FILE_STATUS {volume=volume25603, bucket=bucket32835, key=gdir1/dir4/child, dataSize=0, replicationConfig=null} | ret=FAILURE
org.apache.hadoop.ozone.om.exceptions.OMException: Unable to get file status: volume: volume25603 bucket: bucket32835 key: gdir1/dir4/child
	at org.apache.hadoop.ozone.om.KeyManagerImpl.getOzoneFileStatus(KeyManagerImpl.java:1280) ~[ozone-manager-1.3.0-SNAPSHOT.jar:?]
	at org.apache.hadoop.ozone.om.KeyManagerImpl.getFileStatus(KeyManagerImpl.java:1210) ~[ozone-manager-1.3.0-SNAPSHOT.jar:?]
	at org.apache.hadoop.ozone.om.OzoneManager.getFileStatus(OzoneManager.java:3009) ~[ozone-manager-1.3.0-SNAPSHOT.jar:?]
	at org.apache.hadoop.ozone.protocolPB.OzoneManagerRequestHandler.getOzoneFileStatus(OzoneManagerRequestHandler.java:670) ~[ozone-manager-1.3.0-SNAPSHOT.jar:?]
	at org.apache.hadoop.ozone.protocolPB.OzoneManagerRequestHandler.handleReadRequest(OzoneManagerRequestHandler.java:201) ~[ozone-manager-1.3.0-SNAPSHOT.jar:?]
	at org.apache.hadoop.ozone.protocolPB.OzoneManagerProtocolServerSideTranslatorPB.submitRequestDirectlyToOM(OzoneManagerProtocolServerSideTranslatorPB.java:271) ~[ozone-manager-1.3.0-SNAPSHOT.jar:?]
	at org.apache.hadoop.ozone.protocolPB.OzoneManagerProtocolServerSideTranslatorPB.processRequest(OzoneManagerProtocolServerSideTranslatorPB.java:195) ~[ozone-manager-1.3.0-SNAPSHOT.jar:?]
	at org.apache.hadoop.hdds.server.OzoneProtocolMessageDispatcher.processRequest(OzoneProtocolMessageDispatcher.java:87) [hdds-server-framework-1.3.0-SNAPSHOT.jar:?]
	at org.apache.hadoop.ozone.protocolPB.OzoneManagerProtocolServerSideTranslatorPB.submitRequest(OzoneManagerProtocolServerSideTranslatorPB.java:146) [ozone-manager-1.3.0-SNAPSHOT.jar:?]
	at org.apache.hadoop.ozone.protocol.proto.OzoneManagerProtocolProtos$OzoneManagerService$2.callBlockingMethod(OzoneManagerProtocolProtos.java) [ozone-interface-client-1.3.0-SNAPSHOT.jar:?]
	at org.apache.hadoop.ipc.ProtobufRpcEngine$Server.processCall(ProtobufRpcEngine.java:466) [hadoop-common-3.3.1.jar:?]
	at org.apache.hadoop.ipc.ProtobufRpcEngine2$Server$ProtoBufRpcInvoker.call(ProtobufRpcEngine2.java:574) [hadoop-common-3.3.1.jar:?]
	at org.apache.hadoop.ipc.ProtobufRpcEngine2$Server$ProtoBufRpcInvoker.call(ProtobufRpcEngine2.java:552) [hadoop-common-3.3.1.jar:?]
	at org.apache.hadoop.ipc.RPC$Server.call(RPC.java:1093) [hadoop-common-3.3.1.jar:?]
	at org.apache.hadoop.ipc.Server$RpcCall.run(Server.java:1035) [hadoop-common-3.3.1.jar:?]
	at org.apache.hadoop.ipc.Server$RpcCall.run(Server.java:963) [hadoop-common-3.3.1.jar:?]
	at java.security.AccessController.doPrivileged(Native Method) ~[?:1.8.0_322]
	at javax.security.auth.Subject.doAs(Subject.java:422) [?:1.8.0_322]
	at org.apache.hadoop.security.UserGroupInformation.doAs(UserGroupInformation.java:1878) [hadoop-common-3.3.1.jar:?]
	at org.apache.hadoop.ipc.Server$Handler.run(Server.java:2966) [hadoop-common-3.3.1.jar:?]
04:16:17.361 [IPC Server handler 13 on default port 40137] ERROR OMAudit - user=runner | ip=127.0.0.1 | op=GET_FILE_STATUS {volume=volume25603, bucket=bucket32835, key=gdir1/dir5, dataSize=0, replicationConfig=null} | ret=FAILURE
org.apache.hadoop.ozone.om.exceptions.OMException: Unable to get file status: volume: volume25603 bucket: bucket32835 key: gdir1/dir5
	at org.apache.hadoop.ozone.om.KeyManagerImpl.getOzoneFileStatus(KeyManagerImpl.java:1280) ~[ozone-manager-1.3.0-SNAPSHOT.jar:?]
	at org.apache.hadoop.ozone.om.KeyManagerImpl.getFileStatus(KeyManagerImpl.java:1210) ~[ozone-manager-1.3.0-SNAPSHOT.jar:?]
	at org.apache.hadoop.ozone.om.OzoneManager.getFileStatus(OzoneManager.java:3009) ~[ozone-manager-1.3.0-SNAPSHOT.jar:?]
	at org.apache.hadoop.ozone.protocolPB.OzoneManagerRequestHandler.getOzoneFileStatus(OzoneManagerRequestHandler.java:670) ~[ozone-manager-1.3.0-SNAPSHOT.jar:?]
	at org.apache.hadoop.ozone.protocolPB.OzoneManagerRequestHandler.handleReadRequest(OzoneManagerRequestHandler.java:201) ~[ozone-manager-1.3.0-SNAPSHOT.jar:?]
	at org.apache.hadoop.ozone.protocolPB.OzoneManagerProtocolServerSideTranslatorPB.submitRequestDirectlyToOM(OzoneManagerProtocolServerSideTranslatorPB.java:271) ~[ozone-manager-1.3.0-SNAPSHOT.jar:?]
	at org.apache.hadoop.ozone.protocolPB.OzoneManagerProtocolServerSideTranslatorPB.processRequest(OzoneManagerProtocolServerSideTranslatorPB.java:195) ~[ozone-manager-1.3.0-SNAPSHOT.jar:?]
	at org.apache.hadoop.hdds.server.OzoneProtocolMessageDispatcher.processRequest(OzoneProtocolMessageDispatcher.java:87) [hdds-server-framework-1.3.0-SNAPSHOT.jar:?]
	at org.apache.hadoop.ozone.protocolPB.OzoneManagerProtocolServerSideTranslatorPB.submitRequest(OzoneManagerProtocolServerSideTranslatorPB.java:146) [ozone-manager-1.3.0-SNAPSHOT.jar:?]
	at org.apache.hadoop.ozone.protocol.proto.OzoneManagerProtocolProtos$OzoneManagerService$2.callBlockingMethod(OzoneManagerProtocolProtos.java) [ozone-interface-client-1.3.0-SNAPSHOT.jar:?]
	at org.apache.hadoop.ipc.ProtobufRpcEngine$Server.processCall(ProtobufRpcEngine.java:466) [hadoop-common-3.3.1.jar:?]
	at org.apache.hadoop.ipc.ProtobufRpcEngine2$Server$ProtoBufRpcInvoker.call(ProtobufRpcEngine2.java:574) [hadoop-common-3.3.1.jar:?]
	at org.apache.hadoop.ipc.ProtobufRpcEngine2$Server$ProtoBufRpcInvoker.call(ProtobufRpcEngine2.java:552) [hadoop-common-3.3.1.jar:?]
	at org.apache.hadoop.ipc.RPC$Server.call(RPC.java:1093) [hadoop-common-3.3.1.jar:?]
	at org.apache.hadoop.ipc.Server$RpcCall.run(Server.java:1035) [hadoop-common-3.3.1.jar:?]
	at org.apache.hadoop.ipc.Server$RpcCall.run(Server.java:963) [hadoop-common-3.3.1.jar:?]
	at java.security.AccessController.doPrivileged(Native Method) ~[?:1.8.0_322]
	at javax.security.auth.Subject.doAs(Subject.java:422) [?:1.8.0_322]
	at org.apache.hadoop.security.UserGroupInformation.doAs(UserGroupInformation.java:1878) [hadoop-common-3.3.1.jar:?]
	at org.apache.hadoop.ipc.Server$Handler.run(Server.java:2966) [hadoop-common-3.3.1.jar:?]
04:16:17.361 [IPC Server handler 12 on default port 40137] ERROR OMAudit - user=runner | ip=127.0.0.1 | op=GET_FILE_STATUS {volume=volume25603, bucket=bucket32835, key=gdir1/dir5/child, dataSize=0, replicationConfig=null} | ret=FAILURE
org.apache.hadoop.ozone.om.exceptions.OMException: Unable to get file status: volume: volume25603 bucket: bucket32835 key: gdir1/dir5/child
	at org.apache.hadoop.ozone.om.KeyManagerImpl.getOzoneFileStatus(KeyManagerImpl.java:1280) ~[ozone-manager-1.3.0-SNAPSHOT.jar:?]
	at org.apache.hadoop.ozone.om.KeyManagerImpl.getFileStatus(KeyManagerImpl.java:1210) ~[ozone-manager-1.3.0-SNAPSHOT.jar:?]
	at org.apache.hadoop.ozone.om.OzoneManager.getFileStatus(OzoneManager.java:3009) ~[ozone-manager-1.3.0-SNAPSHOT.jar:?]
	at org.apache.hadoop.ozone.protocolPB.OzoneManagerRequestHandler.getOzoneFileStatus(OzoneManagerRequestHandler.java:670) ~[ozone-manager-1.3.0-SNAPSHOT.jar:?]
	at org.apache.hadoop.ozone.protocolPB.OzoneManagerRequestHandler.handleReadRequest(OzoneManagerRequestHandler.java:201) ~[ozone-manager-1.3.0-SNAPSHOT.jar:?]
	at org.apache.hadoop.ozone.protocolPB.OzoneManagerProtocolServerSideTranslatorPB.submitRequestDirectlyToOM(OzoneManagerProtocolServerSideTranslatorPB.java:271) ~[ozone-manager-1.3.0-SNAPSHOT.jar:?]
	at org.apache.hadoop.ozone.protocolPB.OzoneManagerProtocolServerSideTranslatorPB.processRequest(OzoneManagerProtocolServerSideTranslatorPB.java:195) ~[ozone-manager-1.3.0-SNAPSHOT.jar:?]
	at org.apache.hadoop.hdds.server.OzoneProtocolMessageDispatcher.processRequest(OzoneProtocolMessageDispatcher.java:87) [hdds-server-framework-1.3.0-SNAPSHOT.jar:?]
	at org.apache.hadoop.ozone.protocolPB.OzoneManagerProtocolServerSideTranslatorPB.submitRequest(OzoneManagerProtocolServerSideTranslatorPB.java:146) [ozone-manager-1.3.0-SNAPSHOT.jar:?]
	at org.apache.hadoop.ozone.protocol.proto.OzoneManagerProtocolProtos$OzoneManagerService$2.callBlockingMethod(OzoneManagerProtocolProtos.java) [ozone-interface-client-1.3.0-SNAPSHOT.jar:?]
	at org.apache.hadoop.ipc.ProtobufRpcEngine$Server.processCall(ProtobufRpcEngine.java:466) [hadoop-common-3.3.1.jar:?]
	at org.apache.hadoop.ipc.ProtobufRpcEngine2$Server$ProtoBufRpcInvoker.call(ProtobufRpcEngine2.java:574) [hadoop-common-3.3.1.jar:?]
	at org.apache.hadoop.ipc.ProtobufRpcEngine2$Server$ProtoBufRpcInvoker.call(ProtobufRpcEngine2.java:552) [hadoop-common-3.3.1.jar:?]
	at org.apache.hadoop.ipc.RPC$Server.call(RPC.java:1093) [hadoop-common-3.3.1.jar:?]
	at org.apache.hadoop.ipc.Server$RpcCall.run(Server.java:1035) [hadoop-common-3.3.1.jar:?]
	at org.apache.hadoop.ipc.Server$RpcCall.run(Server.java:963) [hadoop-common-3.3.1.jar:?]
	at java.security.AccessController.doPrivileged(Native Method) ~[?:1.8.0_322]
	at javax.security.auth.Subject.doAs(Subject.java:422) [?:1.8.0_322]
	at org.apache.hadoop.security.UserGroupInformation.doAs(UserGroupInformation.java:1878) [hadoop-common-3.3.1.jar:?]
	at org.apache.hadoop.ipc.Server$Handler.run(Server.java:2966) [hadoop-common-3.3.1.jar:?]
04:16:17.362 [IPC Server handler 15 on default port 40137] ERROR OMAudit - user=runner | ip=127.0.0.1 | op=GET_FILE_STATUS {volume=volume25603, bucket=bucket32835, key=gdir1/dir6, dataSize=0, replicationConfig=null} | ret=FAILURE
org.apache.hadoop.ozone.om.exceptions.OMException: Unable to get file status: volume: volume25603 bucket: bucket32835 key: gdir1/dir6
	at org.apache.hadoop.ozone.om.KeyManagerImpl.getOzoneFileStatus(KeyManagerImpl.java:1280) ~[ozone-manager-1.3.0-SNAPSHOT.jar:?]
	at org.apache.hadoop.ozone.om.KeyManagerImpl.getFileStatus(KeyManagerImpl.java:1210) ~[ozone-manager-1.3.0-SNAPSHOT.jar:?]
	at org.apache.hadoop.ozone.om.OzoneManager.getFileStatus(OzoneManager.java:3009) ~[ozone-manager-1.3.0-SNAPSHOT.jar:?]
	at org.apache.hadoop.ozone.protocolPB.OzoneManagerRequestHandler.getOzoneFileStatus(OzoneManagerRequestHandler.java:670) ~[ozone-manager-1.3.0-SNAPSHOT.jar:?]
	at org.apache.hadoop.ozone.protocolPB.OzoneManagerRequestHandler.handleReadRequest(OzoneManagerRequestHandler.java:201) ~[ozone-manager-1.3.0-SNAPSHOT.jar:?]
	at org.apache.hadoop.ozone.protocolPB.OzoneManagerProtocolServerSideTranslatorPB.submitRequestDirectlyToOM(OzoneManagerProtocolServerSideTranslatorPB.java:271) ~[ozone-manager-1.3.0-SNAPSHOT.jar:?]
	at org.apache.hadoop.ozone.protocolPB.OzoneManagerProtocolServerSideTranslatorPB.processRequest(OzoneManagerProtocolServerSideTranslatorPB.java:195) ~[ozone-manager-1.3.0-SNAPSHOT.jar:?]
	at org.apache.hadoop.hdds.server.OzoneProtocolMessageDispatcher.processRequest(OzoneProtocolMessageDispatcher.java:87) [hdds-server-framework-1.3.0-SNAPSHOT.jar:?]
	at org.apache.hadoop.ozone.protocolPB.OzoneManagerProtocolServerSideTranslatorPB.submitRequest(OzoneManagerProtocolServerSideTranslatorPB.java:146) [ozone-manager-1.3.0-SNAPSHOT.jar:?]
	at org.apache.hadoop.ozone.protocol.proto.OzoneManagerProtocolProtos$OzoneManagerService$2.callBlockingMethod(OzoneManagerProtocolProtos.java) [ozone-interface-client-1.3.0-SNAPSHOT.jar:?]
	at org.apache.hadoop.ipc.ProtobufRpcEngine$Server.processCall(ProtobufRpcEngine.java:466) [hadoop-common-3.3.1.jar:?]
	at org.apache.hadoop.ipc.ProtobufRpcEngine2$Server$ProtoBufRpcInvoker.call(ProtobufRpcEngine2.java:574) [hadoop-common-3.3.1.jar:?]
	at org.apache.hadoop.ipc.ProtobufRpcEngine2$Server$ProtoBufRpcInvoker.call(ProtobufRpcEngine2.java:552) [hadoop-common-3.3.1.jar:?]
	at org.apache.hadoop.ipc.RPC$Server.call(RPC.java:1093) [hadoop-common-3.3.1.jar:?]
	at org.apache.hadoop.ipc.Server$RpcCall.run(Server.java:1035) [hadoop-common-3.3.1.jar:?]
	at org.apache.hadoop.ipc.Server$RpcCall.run(Server.java:963) [hadoop-common-3.3.1.jar:?]
	at java.security.AccessController.doPrivileged(Native Method) ~[?:1.8.0_322]
	at javax.security.auth.Subject.doAs(Subject.java:422) [?:1.8.0_322]
	at org.apache.hadoop.security.UserGroupInformation.doAs(UserGroupInformation.java:1878) [hadoop-common-3.3.1.jar:?]
	at org.apache.hadoop.ipc.Server$Handler.run(Server.java:2966) [hadoop-common-3.3.1.jar:?]
04:16:17.362 [IPC Server handler 9 on default port 40137] ERROR OMAudit - user=runner | ip=127.0.0.1 | op=GET_FILE_STATUS {volume=volume25603, bucket=bucket32835, key=gdir1/dir6/child, dataSize=0, replicationConfig=null} | ret=FAILURE
org.apache.hadoop.ozone.om.exceptions.OMException: Unable to get file status: volume: volume25603 bucket: bucket32835 key: gdir1/dir6/child
	at org.apache.hadoop.ozone.om.KeyManagerImpl.getOzoneFileStatus(KeyManagerImpl.java:1280) ~[ozone-manager-1.3.0-SNAPSHOT.jar:?]
	at org.apache.hadoop.ozone.om.KeyManagerImpl.getFileStatus(KeyManagerImpl.java:1210) ~[ozone-manager-1.3.0-SNAPSHOT.jar:?]
	at org.apache.hadoop.ozone.om.OzoneManager.getFileStatus(OzoneManager.java:3009) ~[ozone-manager-1.3.0-SNAPSHOT.jar:?]
	at org.apache.hadoop.ozone.protocolPB.OzoneManagerRequestHandler.getOzoneFileStatus(OzoneManagerRequestHandler.java:670) ~[ozone-manager-1.3.0-SNAPSHOT.jar:?]
	at org.apache.hadoop.ozone.protocolPB.OzoneManagerRequestHandler.handleReadRequest(OzoneManagerRequestHandler.java:201) ~[ozone-manager-1.3.0-SNAPSHOT.jar:?]
	at org.apache.hadoop.ozone.protocolPB.OzoneManagerProtocolServerSideTranslatorPB.submitRequestDirectlyToOM(OzoneManagerProtocolServerSideTranslatorPB.java:271) ~[ozone-manager-1.3.0-SNAPSHOT.jar:?]
	at org.apache.hadoop.ozone.protocolPB.OzoneManagerProtocolServerSideTranslatorPB.processRequest(OzoneManagerProtocolServerSideTranslatorPB.java:195) ~[ozone-manager-1.3.0-SNAPSHOT.jar:?]
	at org.apache.hadoop.hdds.server.OzoneProtocolMessageDispatcher.processRequest(OzoneProtocolMessageDispatcher.java:87) [hdds-server-framework-1.3.0-SNAPSHOT.jar:?]
	at org.apache.hadoop.ozone.protocolPB.OzoneManagerProtocolServerSideTranslatorPB.submitRequest(OzoneManagerProtocolServerSideTranslatorPB.java:146) [ozone-manager-1.3.0-SNAPSHOT.jar:?]
	at org.apache.hadoop.ozone.protocol.proto.OzoneManagerProtocolProtos$OzoneManagerService$2.callBlockingMethod(OzoneManagerProtocolProtos.java) [ozone-interface-client-1.3.0-SNAPSHOT.jar:?]
	at org.apache.hadoop.ipc.ProtobufRpcEngine$Server.processCall(ProtobufRpcEngine.java:466) [hadoop-common-3.3.1.jar:?]
	at org.apache.hadoop.ipc.ProtobufRpcEngine2$Server$ProtoBufRpcInvoker.call(ProtobufRpcEngine2.java:574) [hadoop-common-3.3.1.jar:?]
	at org.apache.hadoop.ipc.ProtobufRpcEngine2$Server$ProtoBufRpcInvoker.call(ProtobufRpcEngine2.java:552) [hadoop-common-3.3.1.jar:?]
	at org.apache.hadoop.ipc.RPC$Server.call(RPC.java:1093) [hadoop-common-3.3.1.jar:?]
	at org.apache.hadoop.ipc.Server$RpcCall.run(Server.java:1035) [hadoop-common-3.3.1.jar:?]
	at org.apache.hadoop.ipc.Server$RpcCall.run(Server.java:963) [hadoop-common-3.3.1.jar:?]
	at java.security.AccessController.doPrivileged(Native Method) ~[?:1.8.0_322]
	at javax.security.auth.Subject.doAs(Subject.java:422) [?:1.8.0_322]
	at org.apache.hadoop.security.UserGroupInformation.doAs(UserGroupInformation.java:1878) [hadoop-common-3.3.1.jar:?]
	at org.apache.hadoop.ipc.Server$Handler.run(Server.java:2966) [hadoop-common-3.3.1.jar:?]
04:16:17.363 [IPC Server handler 11 on default port 40137] ERROR OMAudit - user=runner | ip=127.0.0.1 | op=GET_FILE_STATUS {volume=volume25603, bucket=bucket32835, key=gdir1/dir7, dataSize=0, replicationConfig=null} | ret=FAILURE
org.apache.hadoop.ozone.om.exceptions.OMException: Unable to get file status: volume: volume25603 bucket: bucket32835 key: gdir1/dir7
	at org.apache.hadoop.ozone.om.KeyManagerImpl.getOzoneFileStatus(KeyManagerImpl.java:1280) ~[ozone-manager-1.3.0-SNAPSHOT.jar:?]
	at org.apache.hadoop.ozone.om.KeyManagerImpl.getFileStatus(KeyManagerImpl.java:1210) ~[ozone-manager-1.3.0-SNAPSHOT.jar:?]
	at org.apache.hadoop.ozone.om.OzoneManager.getFileStatus(OzoneManager.java:3009) ~[ozone-manager-1.3.0-SNAPSHOT.jar:?]
	at org.apache.hadoop.ozone.protocolPB.OzoneManagerRequestHandler.getOzoneFileStatus(OzoneManagerRequestHandler.java:670) ~[ozone-manager-1.3.0-SNAPSHOT.jar:?]
	at org.apache.hadoop.ozone.protocolPB.OzoneManagerRequestHandler.handleReadRequest(OzoneManagerRequestHandler.java:201) ~[ozone-manager-1.3.0-SNAPSHOT.jar:?]
	at org.apache.hadoop.ozone.protocolPB.OzoneManagerProtocolServerSideTranslatorPB.submitRequestDirectlyToOM(OzoneManagerProtocolServerSideTranslatorPB.java:271) ~[ozone-manager-1.3.0-SNAPSHOT.jar:?]
	at org.apache.hadoop.ozone.protocolPB.OzoneManagerProtocolServerSideTranslatorPB.processRequest(OzoneManagerProtocolServerSideTranslatorPB.java:195) ~[ozone-manager-1.3.0-SNAPSHOT.jar:?]
	at org.apache.hadoop.hdds.server.OzoneProtocolMessageDispatcher.processRequest(OzoneProtocolMessageDispatcher.java:87) [hdds-server-framework-1.3.0-SNAPSHOT.jar:?]
	at org.apache.hadoop.ozone.protocolPB.OzoneManagerProtocolServerSideTranslatorPB.submitRequest(OzoneManagerProtocolServerSideTranslatorPB.java:146) [ozone-manager-1.3.0-SNAPSHOT.jar:?]
	at org.apache.hadoop.ozone.protocol.proto.OzoneManagerProtocolProtos$OzoneManagerService$2.callBlockingMethod(OzoneManagerProtocolProtos.java) [ozone-interface-client-1.3.0-SNAPSHOT.jar:?]
	at org.apache.hadoop.ipc.ProtobufRpcEngine$Server.processCall(ProtobufRpcEngine.java:466) [hadoop-common-3.3.1.jar:?]
	at org.apache.hadoop.ipc.ProtobufRpcEngine2$Server$ProtoBufRpcInvoker.call(ProtobufRpcEngine2.java:574) [hadoop-common-3.3.1.jar:?]
	at org.apache.hadoop.ipc.ProtobufRpcEngine2$Server$ProtoBufRpcInvoker.call(ProtobufRpcEngine2.java:552) [hadoop-common-3.3.1.jar:?]
	at org.apache.hadoop.ipc.RPC$Server.call(RPC.java:1093) [hadoop-common-3.3.1.jar:?]
	at org.apache.hadoop.ipc.Server$RpcCall.run(Server.java:1035) [hadoop-common-3.3.1.jar:?]
	at org.apache.hadoop.ipc.Server$RpcCall.run(Server.java:963) [hadoop-common-3.3.1.jar:?]
	at java.security.AccessController.doPrivileged(Native Method) ~[?:1.8.0_322]
	at javax.security.auth.Subject.doAs(Subject.java:422) [?:1.8.0_322]
	at org.apache.hadoop.security.UserGroupInformation.doAs(UserGroupInformation.java:1878) [hadoop-common-3.3.1.jar:?]
	at org.apache.hadoop.ipc.Server$Handler.run(Server.java:2966) [hadoop-common-3.3.1.jar:?]
04:16:17.364 [IPC Server handler 8 on default port 40137] ERROR OMAudit - user=runner | ip=127.0.0.1 | op=GET_FILE_STATUS {volume=volume25603, bucket=bucket32835, key=gdir1/dir7/child, dataSize=0, replicationConfig=null} | ret=FAILURE
org.apache.hadoop.ozone.om.exceptions.OMException: Unable to get file status: volume: volume25603 bucket: bucket32835 key: gdir1/dir7/child
	at org.apache.hadoop.ozone.om.KeyManagerImpl.getOzoneFileStatus(KeyManagerImpl.java:1280) ~[ozone-manager-1.3.0-SNAPSHOT.jar:?]
	at org.apache.hadoop.ozone.om.KeyManagerImpl.getFileStatus(KeyManagerImpl.java:1210) ~[ozone-manager-1.3.0-SNAPSHOT.jar:?]
	at org.apache.hadoop.ozone.om.OzoneManager.getFileStatus(OzoneManager.java:3009) ~[ozone-manager-1.3.0-SNAPSHOT.jar:?]
	at org.apache.hadoop.ozone.protocolPB.OzoneManagerRequestHandler.getOzoneFileStatus(OzoneManagerRequestHandler.java:670) ~[ozone-manager-1.3.0-SNAPSHOT.jar:?]
	at org.apache.hadoop.ozone.protocolPB.OzoneManagerRequestHandler.handleReadRequest(OzoneManagerRequestHandler.java:201) ~[ozone-manager-1.3.0-SNAPSHOT.jar:?]
	at org.apache.hadoop.ozone.protocolPB.OzoneManagerProtocolServerSideTranslatorPB.submitRequestDirectlyToOM(OzoneManagerProtocolServerSideTranslatorPB.java:271) ~[ozone-manager-1.3.0-SNAPSHOT.jar:?]
	at org.apache.hadoop.ozone.protocolPB.OzoneManagerProtocolServerSideTranslatorPB.processRequest(OzoneManagerProtocolServerSideTranslatorPB.java:195) ~[ozone-manager-1.3.0-SNAPSHOT.jar:?]
	at org.apache.hadoop.hdds.server.OzoneProtocolMessageDispatcher.processRequest(OzoneProtocolMessageDispatcher.java:87) [hdds-server-framework-1.3.0-SNAPSHOT.jar:?]
	at org.apache.hadoop.ozone.protocolPB.OzoneManagerProtocolServerSideTranslatorPB.submitRequest(OzoneManagerProtocolServerSideTranslatorPB.java:146) [ozone-manager-1.3.0-SNAPSHOT.jar:?]
	at org.apache.hadoop.ozone.protocol.proto.OzoneManagerProtocolProtos$OzoneManagerService$2.callBlockingMethod(OzoneManagerProtocolProtos.java) [ozone-interface-client-1.3.0-SNAPSHOT.jar:?]
	at org.apache.hadoop.ipc.ProtobufRpcEngine$Server.processCall(ProtobufRpcEngine.java:466) [hadoop-common-3.3.1.jar:?]
	at org.apache.hadoop.ipc.ProtobufRpcEngine2$Server$ProtoBufRpcInvoker.call(ProtobufRpcEngine2.java:574) [hadoop-common-3.3.1.jar:?]
	at org.apache.hadoop.ipc.ProtobufRpcEngine2$Server$ProtoBufRpcInvoker.call(ProtobufRpcEngine2.java:552) [hadoop-common-3.3.1.jar:?]
	at org.apache.hadoop.ipc.RPC$Server.call(RPC.java:1093) [hadoop-common-3.3.1.jar:?]
	at org.apache.hadoop.ipc.Server$RpcCall.run(Server.java:1035) [hadoop-common-3.3.1.jar:?]
	at org.apache.hadoop.ipc.Server$RpcCall.run(Server.java:963) [hadoop-common-3.3.1.jar:?]
	at java.security.AccessController.doPrivileged(Native Method) ~[?:1.8.0_322]
	at javax.security.auth.Subject.doAs(Subject.java:422) [?:1.8.0_322]
	at org.apache.hadoop.security.UserGroupInformation.doAs(UserGroupInformation.java:1878) [hadoop-common-3.3.1.jar:?]
	at org.apache.hadoop.ipc.Server$Handler.run(Server.java:2966) [hadoop-common-3.3.1.jar:?]
04:16:17.364 [IPC Server handler 0 on default port 40137] ERROR OMAudit - user=runner | ip=127.0.0.1 | op=GET_FILE_STATUS {volume=volume25603, bucket=bucket32835, key=gdir1/dir8, dataSize=0, replicationConfig=null} | ret=FAILURE
org.apache.hadoop.ozone.om.exceptions.OMException: Unable to get file status: volume: volume25603 bucket: bucket32835 key: gdir1/dir8
	at org.apache.hadoop.ozone.om.KeyManagerImpl.getOzoneFileStatus(KeyManagerImpl.java:1280) ~[ozone-manager-1.3.0-SNAPSHOT.jar:?]
	at org.apache.hadoop.ozone.om.KeyManagerImpl.getFileStatus(KeyManagerImpl.java:1210) ~[ozone-manager-1.3.0-SNAPSHOT.jar:?]
	at org.apache.hadoop.ozone.om.OzoneManager.getFileStatus(OzoneManager.java:3009) ~[ozone-manager-1.3.0-SNAPSHOT.jar:?]
	at org.apache.hadoop.ozone.protocolPB.OzoneManagerRequestHandler.getOzoneFileStatus(OzoneManagerRequestHandler.java:670) ~[ozone-manager-1.3.0-SNAPSHOT.jar:?]
	at org.apache.hadoop.ozone.protocolPB.OzoneManagerRequestHandler.handleReadRequest(OzoneManagerRequestHandler.java:201) ~[ozone-manager-1.3.0-SNAPSHOT.jar:?]
	at org.apache.hadoop.ozone.protocolPB.OzoneManagerProtocolServerSideTranslatorPB.submitRequestDirectlyToOM(OzoneManagerProtocolServerSideTranslatorPB.java:271) ~[ozone-manager-1.3.0-SNAPSHOT.jar:?]
	at org.apache.hadoop.ozone.protocolPB.OzoneManagerProtocolServerSideTranslatorPB.processRequest(OzoneManagerProtocolServerSideTranslatorPB.java:195) ~[ozone-manager-1.3.0-SNAPSHOT.jar:?]
	at org.apache.hadoop.hdds.server.OzoneProtocolMessageDispatcher.processRequest(OzoneProtocolMessageDispatcher.java:87) [hdds-server-framework-1.3.0-SNAPSHOT.jar:?]
	at org.apache.hadoop.ozone.protocolPB.OzoneManagerProtocolServerSideTranslatorPB.submitRequest(OzoneManagerProtocolServerSideTranslatorPB.java:146) [ozone-manager-1.3.0-SNAPSHOT.jar:?]
	at org.apache.hadoop.ozone.protocol.proto.OzoneManagerProtocolProtos$OzoneManagerService$2.callBlockingMethod(OzoneManagerProtocolProtos.java) [ozone-interface-client-1.3.0-SNAPSHOT.jar:?]
	at org.apache.hadoop.ipc.ProtobufRpcEngine$Server.processCall(ProtobufRpcEngine.java:466) [hadoop-common-3.3.1.jar:?]
	at org.apache.hadoop.ipc.ProtobufRpcEngine2$Server$ProtoBufRpcInvoker.call(ProtobufRpcEngine2.java:574) [hadoop-common-3.3.1.jar:?]
	at org.apache.hadoop.ipc.ProtobufRpcEngine2$Server$ProtoBufRpcInvoker.call(ProtobufRpcEngine2.java:552) [hadoop-common-3.3.1.jar:?]
	at org.apache.hadoop.ipc.RPC$Server.call(RPC.java:1093) [hadoop-common-3.3.1.jar:?]
	at org.apache.hadoop.ipc.Server$RpcCall.run(Server.java:1035) [hadoop-common-3.3.1.jar:?]
	at org.apache.hadoop.ipc.Server$RpcCall.run(Server.java:963) [hadoop-common-3.3.1.jar:?]
	at java.security.AccessController.doPrivileged(Native Method) ~[?:1.8.0_322]
	at javax.security.auth.Subject.doAs(Subject.java:422) [?:1.8.0_322]
	at org.apache.hadoop.security.UserGroupInformation.doAs(UserGroupInformation.java:1878) [hadoop-common-3.3.1.jar:?]
	at org.apache.hadoop.ipc.Server$Handler.run(Server.java:2966) [hadoop-common-3.3.1.jar:?]
04:16:17.365 [IPC Server handler 19 on default port 40137] ERROR OMAudit - user=runner | ip=127.0.0.1 | op=GET_FILE_STATUS {volume=volume25603, bucket=bucket32835, key=gdir1/dir8/child, dataSize=0, replicationConfig=null} | ret=FAILURE
org.apache.hadoop.ozone.om.exceptions.OMException: Unable to get file status: volume: volume25603 bucket: bucket32835 key: gdir1/dir8/child
	at org.apache.hadoop.ozone.om.KeyManagerImpl.getOzoneFileStatus(KeyManagerImpl.java:1280) ~[ozone-manager-1.3.0-SNAPSHOT.jar:?]
	at org.apache.hadoop.ozone.om.KeyManagerImpl.getFileStatus(KeyManagerImpl.java:1210) ~[ozone-manager-1.3.0-SNAPSHOT.jar:?]
	at org.apache.hadoop.ozone.om.OzoneManager.getFileStatus(OzoneManager.java:3009) ~[ozone-manager-1.3.0-SNAPSHOT.jar:?]
	at org.apache.hadoop.ozone.protocolPB.OzoneManagerRequestHandler.getOzoneFileStatus(OzoneManagerRequestHandler.java:670) ~[ozone-manager-1.3.0-SNAPSHOT.jar:?]
	at org.apache.hadoop.ozone.protocolPB.OzoneManagerRequestHandler.handleReadRequest(OzoneManagerRequestHandler.java:201) ~[ozone-manager-1.3.0-SNAPSHOT.jar:?]
	at org.apache.hadoop.ozone.protocolPB.OzoneManagerProtocolServerSideTranslatorPB.submitRequestDirectlyToOM(OzoneManagerProtocolServerSideTranslatorPB.java:271) ~[ozone-manager-1.3.0-SNAPSHOT.jar:?]
	at org.apache.hadoop.ozone.protocolPB.OzoneManagerProtocolServerSideTranslatorPB.processRequest(OzoneManagerProtocolServerSideTranslatorPB.java:195) ~[ozone-manager-1.3.0-SNAPSHOT.jar:?]
	at org.apache.hadoop.hdds.server.OzoneProtocolMessageDispatcher.processRequest(OzoneProtocolMessageDispatcher.java:87) [hdds-server-framework-1.3.0-SNAPSHOT.jar:?]
	at org.apache.hadoop.ozone.protocolPB.OzoneManagerProtocolServerSideTranslatorPB.submitRequest(OzoneManagerProtocolServerSideTranslatorPB.java:146) [ozone-manager-1.3.0-SNAPSHOT.jar:?]
	at org.apache.hadoop.ozone.protocol.proto.OzoneManagerProtocolProtos$OzoneManagerService$2.callBlockingMethod(OzoneManagerProtocolProtos.java) [ozone-interface-client-1.3.0-SNAPSHOT.jar:?]
	at org.apache.hadoop.ipc.ProtobufRpcEngine$Server.processCall(ProtobufRpcEngine.java:466) [hadoop-common-3.3.1.jar:?]
	at org.apache.hadoop.ipc.ProtobufRpcEngine2$Server$ProtoBufRpcInvoker.call(ProtobufRpcEngine2.java:574) [hadoop-common-3.3.1.jar:?]
	at org.apache.hadoop.ipc.ProtobufRpcEngine2$Server$ProtoBufRpcInvoker.call(ProtobufRpcEngine2.java:552) [hadoop-common-3.3.1.jar:?]
	at org.apache.hadoop.ipc.RPC$Server.call(RPC.java:1093) [hadoop-common-3.3.1.jar:?]
	at org.apache.hadoop.ipc.Server$RpcCall.run(Server.java:1035) [hadoop-common-3.3.1.jar:?]
	at org.apache.hadoop.ipc.Server$RpcCall.run(Server.java:963) [hadoop-common-3.3.1.jar:?]
	at java.security.AccessController.doPrivileged(Native Method) ~[?:1.8.0_322]
	at javax.security.auth.Subject.doAs(Subject.java:422) [?:1.8.0_322]
	at org.apache.hadoop.security.UserGroupInformation.doAs(UserGroupInformation.java:1878) [hadoop-common-3.3.1.jar:?]
	at org.apache.hadoop.ipc.Server$Handler.run(Server.java:2966) [hadoop-common-3.3.1.jar:?]
04:16:17.367 [IPC Server handler 6 on default port 40137] ERROR OMAudit - user=runner | ip=127.0.0.1 | op=GET_FILE_STATUS {volume=volume25603, bucket=bucket32835, key=gdir1/dir9, dataSize=0, replicationConfig=null} | ret=FAILURE
org.apache.hadoop.ozone.om.exceptions.OMException: Unable to get file status: volume: volume25603 bucket: bucket32835 key: gdir1/dir9
	at org.apache.hadoop.ozone.om.KeyManagerImpl.getOzoneFileStatus(KeyManagerImpl.java:1280) ~[ozone-manager-1.3.0-SNAPSHOT.jar:?]
	at org.apache.hadoop.ozone.om.KeyManagerImpl.getFileStatus(KeyManagerImpl.java:1210) ~[ozone-manager-1.3.0-SNAPSHOT.jar:?]
	at org.apache.hadoop.ozone.om.OzoneManager.getFileStatus(OzoneManager.java:3009) ~[ozone-manager-1.3.0-SNAPSHOT.jar:?]
	at org.apache.hadoop.ozone.protocolPB.OzoneManagerRequestHandler.getOzoneFileStatus(OzoneManagerRequestHandler.java:670) ~[ozone-manager-1.3.0-SNAPSHOT.jar:?]
	at org.apache.hadoop.ozone.protocolPB.OzoneManagerRequestHandler.handleReadRequest(OzoneManagerRequestHandler.java:201) ~[ozone-manager-1.3.0-SNAPSHOT.jar:?]
	at org.apache.hadoop.ozone.protocolPB.OzoneManagerProtocolServerSideTranslatorPB.submitRequestDirectlyToOM(OzoneManagerProtocolServerSideTranslatorPB.java:271) ~[ozone-manager-1.3.0-SNAPSHOT.jar:?]
	at org.apache.hadoop.ozone.protocolPB.OzoneManagerProtocolServerSideTranslatorPB.processRequest(OzoneManagerProtocolServerSideTranslatorPB.java:195) ~[ozone-manager-1.3.0-SNAPSHOT.jar:?]
	at org.apache.hadoop.hdds.server.OzoneProtocolMessageDispatcher.processRequest(OzoneProtocolMessageDispatcher.java:87) [hdds-server-framework-1.3.0-SNAPSHOT.jar:?]
	at org.apache.hadoop.ozone.protocolPB.OzoneManagerProtocolServerSideTranslatorPB.submitRequest(OzoneManagerProtocolServerSideTranslatorPB.java:146) [ozone-manager-1.3.0-SNAPSHOT.jar:?]
	at org.apache.hadoop.ozone.protocol.proto.OzoneManagerProtocolProtos$OzoneManagerService$2.callBlockingMethod(OzoneManagerProtocolProtos.java) [ozone-interface-client-1.3.0-SNAPSHOT.jar:?]
	at org.apache.hadoop.ipc.ProtobufRpcEngine$Server.processCall(ProtobufRpcEngine.java:466) [hadoop-common-3.3.1.jar:?]
	at org.apache.hadoop.ipc.ProtobufRpcEngine2$Server$ProtoBufRpcInvoker.call(ProtobufRpcEngine2.java:574) [hadoop-common-3.3.1.jar:?]
	at org.apache.hadoop.ipc.ProtobufRpcEngine2$Server$ProtoBufRpcInvoker.call(ProtobufRpcEngine2.java:552) [hadoop-common-3.3.1.jar:?]
	at org.apache.hadoop.ipc.RPC$Server.call(RPC.java:1093) [hadoop-common-3.3.1.jar:?]
	at org.apache.hadoop.ipc.Server$RpcCall.run(Server.java:1035) [hadoop-common-3.3.1.jar:?]
	at org.apache.hadoop.ipc.Server$RpcCall.run(Server.java:963) [hadoop-common-3.3.1.jar:?]
	at java.security.AccessController.doPrivileged(Native Method) ~[?:1.8.0_322]
	at javax.security.auth.Subject.doAs(Subject.java:422) [?:1.8.0_322]
	at org.apache.hadoop.security.UserGroupInformation.doAs(UserGroupInformation.java:1878) [hadoop-common-3.3.1.jar:?]
	at org.apache.hadoop.ipc.Server$Handler.run(Server.java:2966) [hadoop-common-3.3.1.jar:?]
04:16:17.368 [IPC Server handler 18 on default port 40137] ERROR OMAudit - user=runner | ip=127.0.0.1 | op=GET_FILE_STATUS {volume=volume25603, bucket=bucket32835, key=gdir1/dir9/child, dataSize=0, replicationConfig=null} | ret=FAILURE
org.apache.hadoop.ozone.om.exceptions.OMException: Unable to get file status: volume: volume25603 bucket: bucket32835 key: gdir1/dir9/child
	at org.apache.hadoop.ozone.om.KeyManagerImpl.getOzoneFileStatus(KeyManagerImpl.java:1280) ~[ozone-manager-1.3.0-SNAPSHOT.jar:?]
	at org.apache.hadoop.ozone.om.KeyManagerImpl.getFileStatus(KeyManagerImpl.java:1210) ~[ozone-manager-1.3.0-SNAPSHOT.jar:?]
	at org.apache.hadoop.ozone.om.OzoneManager.getFileStatus(OzoneManager.java:3009) ~[ozone-manager-1.3.0-SNAPSHOT.jar:?]
	at org.apache.hadoop.ozone.protocolPB.OzoneManagerRequestHandler.getOzoneFileStatus(OzoneManagerRequestHandler.java:670) ~[ozone-manager-1.3.0-SNAPSHOT.jar:?]
	at org.apache.hadoop.ozone.protocolPB.OzoneManagerRequestHandler.handleReadRequest(OzoneManagerRequestHandler.java:201) ~[ozone-manager-1.3.0-SNAPSHOT.jar:?]
	at org.apache.hadoop.ozone.protocolPB.OzoneManagerProtocolServerSideTranslatorPB.submitRequestDirectlyToOM(OzoneManagerProtocolServerSideTranslatorPB.java:271) ~[ozone-manager-1.3.0-SNAPSHOT.jar:?]
	at org.apache.hadoop.ozone.protocolPB.OzoneManagerProtocolServerSideTranslatorPB.processRequest(OzoneManagerProtocolServerSideTranslatorPB.java:195) ~[ozone-manager-1.3.0-SNAPSHOT.jar:?]
	at org.apache.hadoop.hdds.server.OzoneProtocolMessageDispatcher.processRequest(OzoneProtocolMessageDispatcher.java:87) [hdds-server-framework-1.3.0-SNAPSHOT.jar:?]
	at org.apache.hadoop.ozone.protocolPB.OzoneManagerProtocolServerSideTranslatorPB.submitRequest(OzoneManagerProtocolServerSideTranslatorPB.java:146) [ozone-manager-1.3.0-SNAPSHOT.jar:?]
	at org.apache.hadoop.ozone.protocol.proto.OzoneManagerProtocolProtos$OzoneManagerService$2.callBlockingMethod(OzoneManagerProtocolProtos.java) [ozone-interface-client-1.3.0-SNAPSHOT.jar:?]
	at org.apache.hadoop.ipc.ProtobufRpcEngine$Server.processCall(ProtobufRpcEngine.java:466) [hadoop-common-3.3.1.jar:?]
	at org.apache.hadoop.ipc.ProtobufRpcEngine2$Server$ProtoBufRpcInvoker.call(ProtobufRpcEngine2.java:574) [hadoop-common-3.3.1.jar:?]
	at org.apache.hadoop.ipc.ProtobufRpcEngine2$Server$ProtoBufRpcInvoker.call(ProtobufRpcEngine2.java:552) [hadoop-common-3.3.1.jar:?]
	at org.apache.hadoop.ipc.RPC$Server.call(RPC.java:1093) [hadoop-common-3.3.1.jar:?]
	at org.apache.hadoop.ipc.Server$RpcCall.run(Server.java:1035) [hadoop-common-3.3.1.jar:?]
	at org.apache.hadoop.ipc.Server$RpcCall.run(Server.java:963) [hadoop-common-3.3.1.jar:?]
	at java.security.AccessController.doPrivileged(Native Method) ~[?:1.8.0_322]
	at javax.security.auth.Subject.doAs(Subject.java:422) [?:1.8.0_322]
	at org.apache.hadoop.security.UserGroupInformation.doAs(UserGroupInformation.java:1878) [hadoop-common-3.3.1.jar:?]
	at org.apache.hadoop.ipc.Server$Handler.run(Server.java:2966) [hadoop-common-3.3.1.jar:?]
04:16:17.368 [IPC Server handler 5 on default port 40137] ERROR OMAudit - user=runner | ip=127.0.0.1 | op=GET_FILE_STATUS {volume=volume25603, bucket=bucket32835, key=gdir1/dir10, dataSize=0, replicationConfig=null} | ret=FAILURE
org.apache.hadoop.ozone.om.exceptions.OMException: Unable to get file status: volume: volume25603 bucket: bucket32835 key: gdir1/dir10
	at org.apache.hadoop.ozone.om.KeyManagerImpl.getOzoneFileStatus(KeyManagerImpl.java:1280) ~[ozone-manager-1.3.0-SNAPSHOT.jar:?]
	at org.apache.hadoop.ozone.om.KeyManagerImpl.getFileStatus(KeyManagerImpl.java:1210) ~[ozone-manager-1.3.0-SNAPSHOT.jar:?]
	at org.apache.hadoop.ozone.om.OzoneManager.getFileStatus(OzoneManager.java:3009) ~[ozone-manager-1.3.0-SNAPSHOT.jar:?]
	at org.apache.hadoop.ozone.protocolPB.OzoneManagerRequestHandler.getOzoneFileStatus(OzoneManagerRequestHandler.java:670) ~[ozone-manager-1.3.0-SNAPSHOT.jar:?]
	at org.apache.hadoop.ozone.protocolPB.OzoneManagerRequestHandler.handleReadRequest(OzoneManagerRequestHandler.java:201) ~[ozone-manager-1.3.0-SNAPSHOT.jar:?]
	at org.apache.hadoop.ozone.protocolPB.OzoneManagerProtocolServerSideTranslatorPB.submitRequestDirectlyToOM(OzoneManagerProtocolServerSideTranslatorPB.java:271) ~[ozone-manager-1.3.0-SNAPSHOT.jar:?]
	at org.apache.hadoop.ozone.protocolPB.OzoneManagerProtocolServerSideTranslatorPB.processRequest(OzoneManagerProtocolServerSideTranslatorPB.java:195) ~[ozone-manager-1.3.0-SNAPSHOT.jar:?]
	at org.apache.hadoop.hdds.server.OzoneProtocolMessageDispatcher.processRequest(OzoneProtocolMessageDispatcher.java:87) [hdds-server-framework-1.3.0-SNAPSHOT.jar:?]
	at org.apache.hadoop.ozone.protocolPB.OzoneManagerProtocolServerSideTranslatorPB.submitRequest(OzoneManagerProtocolServerSideTranslatorPB.java:146) [ozone-manager-1.3.0-SNAPSHOT.jar:?]
	at org.apache.hadoop.ozone.protocol.proto.OzoneManagerProtocolProtos$OzoneManagerService$2.callBlockingMethod(OzoneManagerProtocolProtos.java) [ozone-interface-client-1.3.0-SNAPSHOT.jar:?]
	at org.apache.hadoop.ipc.ProtobufRpcEngine$Server.processCall(ProtobufRpcEngine.java:466) [hadoop-common-3.3.1.jar:?]
	at org.apache.hadoop.ipc.ProtobufRpcEngine2$Server$ProtoBufRpcInvoker.call(ProtobufRpcEngine2.java:574) [hadoop-common-3.3.1.jar:?]
	at org.apache.hadoop.ipc.ProtobufRpcEngine2$Server$ProtoBufRpcInvoker.call(ProtobufRpcEngine2.java:552) [hadoop-common-3.3.1.jar:?]
	at org.apache.hadoop.ipc.RPC$Server.call(RPC.java:1093) [hadoop-common-3.3.1.jar:?]
	at org.apache.hadoop.ipc.Server$RpcCall.run(Server.java:1035) [hadoop-common-3.3.1.jar:?]
	at org.apache.hadoop.ipc.Server$RpcCall.run(Server.java:963) [hadoop-common-3.3.1.jar:?]
	at java.security.AccessController.doPrivileged(Native Method) ~[?:1.8.0_322]
	at javax.security.auth.Subject.doAs(Subject.java:422) [?:1.8.0_322]
	at org.apache.hadoop.security.UserGroupInformation.doAs(UserGroupInformation.java:1878) [hadoop-common-3.3.1.jar:?]
	at org.apache.hadoop.ipc.Server$Handler.run(Server.java:2966) [hadoop-common-3.3.1.jar:?]
04:16:17.369 [IPC Server handler 4 on default port 40137] ERROR OMAudit - user=runner | ip=127.0.0.1 | op=GET_FILE_STATUS {volume=volume25603, bucket=bucket32835, key=gdir1/dir10/child, dataSize=0, replicationConfig=null} | ret=FAILURE
org.apache.hadoop.ozone.om.exceptions.OMException: Unable to get file status: volume: volume25603 bucket: bucket32835 key: gdir1/dir10/child
	at org.apache.hadoop.ozone.om.KeyManagerImpl.getOzoneFileStatus(KeyManagerImpl.java:1280) ~[ozone-manager-1.3.0-SNAPSHOT.jar:?]
	at org.apache.hadoop.ozone.om.KeyManagerImpl.getFileStatus(KeyManagerImpl.java:1210) ~[ozone-manager-1.3.0-SNAPSHOT.jar:?]
	at org.apache.hadoop.ozone.om.OzoneManager.getFileStatus(OzoneManager.java:3009) ~[ozone-manager-1.3.0-SNAPSHOT.jar:?]
	at org.apache.hadoop.ozone.protocolPB.OzoneManagerRequestHandler.getOzoneFileStatus(OzoneManagerRequestHandler.java:670) ~[ozone-manager-1.3.0-SNAPSHOT.jar:?]
	at org.apache.hadoop.ozone.protocolPB.OzoneManagerRequestHandler.handleReadRequest(OzoneManagerRequestHandler.java:201) ~[ozone-manager-1.3.0-SNAPSHOT.jar:?]
	at org.apache.hadoop.ozone.protocolPB.OzoneManagerProtocolServerSideTranslatorPB.submitRequestDirectlyToOM(OzoneManagerProtocolServerSideTranslatorPB.java:271) ~[ozone-manager-1.3.0-SNAPSHOT.jar:?]
	at org.apache.hadoop.ozone.protocolPB.OzoneManagerProtocolServerSideTranslatorPB.processRequest(OzoneManagerProtocolServerSideTranslatorPB.java:195) ~[ozone-manager-1.3.0-SNAPSHOT.jar:?]
	at org.apache.hadoop.hdds.server.OzoneProtocolMessageDispatcher.processRequest(OzoneProtocolMessageDispatcher.java:87) [hdds-server-framework-1.3.0-SNAPSHOT.jar:?]
	at org.apache.hadoop.ozone.protocolPB.OzoneManagerProtocolServerSideTranslatorPB.submitRequest(OzoneManagerProtocolServerSideTranslatorPB.java:146) [ozone-manager-1.3.0-SNAPSHOT.jar:?]
	at org.apache.hadoop.ozone.protocol.proto.OzoneManagerProtocolProtos$OzoneManagerService$2.callBlockingMethod(OzoneManagerProtocolProtos.java) [ozone-interface-client-1.3.0-SNAPSHOT.jar:?]
	at org.apache.hadoop.ipc.ProtobufRpcEngine$Server.processCall(ProtobufRpcEngine.java:466) [hadoop-common-3.3.1.jar:?]
	at org.apache.hadoop.ipc.ProtobufRpcEngine2$Server$ProtoBufRpcInvoker.call(ProtobufRpcEngine2.java:574) [hadoop-common-3.3.1.jar:?]
	at org.apache.hadoop.ipc.ProtobufRpcEngine2$Server$ProtoBufRpcInvoker.call(ProtobufRpcEngine2.java:552) [hadoop-common-3.3.1.jar:?]
	at org.apache.hadoop.ipc.RPC$Server.call(RPC.java:1093) [hadoop-common-3.3.1.jar:?]
	at org.apache.hadoop.ipc.Server$RpcCall.run(Server.java:1035) [hadoop-common-3.3.1.jar:?]
	at org.apache.hadoop.ipc.Server$RpcCall.run(Server.java:963) [hadoop-common-3.3.1.jar:?]
	at java.security.AccessController.doPrivileged(Native Method) ~[?:1.8.0_322]
	at javax.security.auth.Subject.doAs(Subject.java:422) [?:1.8.0_322]
	at org.apache.hadoop.security.UserGroupInformation.doAs(UserGroupInformation.java:1878) [hadoop-common-3.3.1.jar:?]
	at org.apache.hadoop.ipc.Server$Handler.run(Server.java:2966) [hadoop-common-3.3.1.jar:?]
04:16:17.411 [IPC Server handler 8 on default port 40137] ERROR OMAudit - user=runner | ip=127.0.0.1 | op=GET_FILE_STATUS {volume=volume25603, bucket=bucket32835, key=level0, dataSize=0, replicationConfig=null} | ret=FAILURE
org.apache.hadoop.ozone.om.exceptions.OMException: Unable to get file status: volume: volume25603 bucket: bucket32835 key: level0
	at org.apache.hadoop.ozone.om.KeyManagerImpl.getOzoneFileStatus(KeyManagerImpl.java:1280) ~[ozone-manager-1.3.0-SNAPSHOT.jar:?]
	at org.apache.hadoop.ozone.om.KeyManagerImpl.getFileStatus(KeyManagerImpl.java:1210) ~[ozone-manager-1.3.0-SNAPSHOT.jar:?]
	at org.apache.hadoop.ozone.om.OzoneManager.getFileStatus(OzoneManager.java:3009) ~[ozone-manager-1.3.0-SNAPSHOT.jar:?]
	at org.apache.hadoop.ozone.protocolPB.OzoneManagerRequestHandler.getOzoneFileStatus(OzoneManagerRequestHandler.java:670) ~[ozone-manager-1.3.0-SNAPSHOT.jar:?]
	at org.apache.hadoop.ozone.protocolPB.OzoneManagerRequestHandler.handleReadRequest(OzoneManagerRequestHandler.java:201) ~[ozone-manager-1.3.0-SNAPSHOT.jar:?]
	at org.apache.hadoop.ozone.protocolPB.OzoneManagerProtocolServerSideTranslatorPB.submitRequestDirectlyToOM(OzoneManagerProtocolServerSideTranslatorPB.java:271) ~[ozone-manager-1.3.0-SNAPSHOT.jar:?]
	at org.apache.hadoop.ozone.protocolPB.OzoneManagerProtocolServerSideTranslatorPB.processRequest(OzoneManagerProtocolServerSideTranslatorPB.java:195) ~[ozone-manager-1.3.0-SNAPSHOT.jar:?]
	at org.apache.hadoop.hdds.server.OzoneProtocolMessageDispatcher.processRequest(OzoneProtocolMessageDispatcher.java:87) [hdds-server-framework-1.3.0-SNAPSHOT.jar:?]
	at org.apache.hadoop.ozone.protocolPB.OzoneManagerProtocolServerSideTranslatorPB.submitRequest(OzoneManagerProtocolServerSideTranslatorPB.java:146) [ozone-manager-1.3.0-SNAPSHOT.jar:?]
	at org.apache.hadoop.ozone.protocol.proto.OzoneManagerProtocolProtos$OzoneManagerService$2.callBlockingMethod(OzoneManagerProtocolProtos.java) [ozone-interface-client-1.3.0-SNAPSHOT.jar:?]
	at org.apache.hadoop.ipc.ProtobufRpcEngine$Server.processCall(ProtobufRpcEngine.java:466) [hadoop-common-3.3.1.jar:?]
	at org.apache.hadoop.ipc.ProtobufRpcEngine2$Server$ProtoBufRpcInvoker.call(ProtobufRpcEngine2.java:574) [hadoop-common-3.3.1.jar:?]
	at org.apache.hadoop.ipc.ProtobufRpcEngine2$Server$ProtoBufRpcInvoker.call(ProtobufRpcEngine2.java:552) [hadoop-common-3.3.1.jar:?]
	at org.apache.hadoop.ipc.RPC$Server.call(RPC.java:1093) [hadoop-common-3.3.1.jar:?]
	at org.apache.hadoop.ipc.Server$RpcCall.run(Server.java:1035) [hadoop-common-3.3.1.jar:?]
	at org.apache.hadoop.ipc.Server$RpcCall.run(Server.java:963) [hadoop-common-3.3.1.jar:?]
	at java.security.AccessController.doPrivileged(Native Method) ~[?:1.8.0_322]
	at javax.security.auth.Subject.doAs(Subject.java:422) [?:1.8.0_322]
	at org.apache.hadoop.security.UserGroupInformation.doAs(UserGroupInformation.java:1878) [hadoop-common-3.3.1.jar:?]
	at org.apache.hadoop.ipc.Server$Handler.run(Server.java:2966) [hadoop-common-3.3.1.jar:?]
04:16:17.412 [IPC Server handler 0 on default port 40137] ERROR OMAudit - user=runner | ip=127.0.0.1 | op=GET_FILE_STATUS {volume=volume25603, bucket=bucket32835, key=level0/level1, dataSize=0, replicationConfig=null} | ret=FAILURE
org.apache.hadoop.ozone.om.exceptions.OMException: Unable to get file status: volume: volume25603 bucket: bucket32835 key: level0/level1
	at org.apache.hadoop.ozone.om.KeyManagerImpl.getOzoneFileStatus(KeyManagerImpl.java:1280) ~[ozone-manager-1.3.0-SNAPSHOT.jar:?]
	at org.apache.hadoop.ozone.om.KeyManagerImpl.getFileStatus(KeyManagerImpl.java:1210) ~[ozone-manager-1.3.0-SNAPSHOT.jar:?]
	at org.apache.hadoop.ozone.om.OzoneManager.getFileStatus(OzoneManager.java:3009) ~[ozone-manager-1.3.0-SNAPSHOT.jar:?]
	at org.apache.hadoop.ozone.protocolPB.OzoneManagerRequestHandler.getOzoneFileStatus(OzoneManagerRequestHandler.java:670) ~[ozone-manager-1.3.0-SNAPSHOT.jar:?]
	at org.apache.hadoop.ozone.protocolPB.OzoneManagerRequestHandler.handleReadRequest(OzoneManagerRequestHandler.java:201) ~[ozone-manager-1.3.0-SNAPSHOT.jar:?]
	at org.apache.hadoop.ozone.protocolPB.OzoneManagerProtocolServerSideTranslatorPB.submitRequestDirectlyToOM(OzoneManagerProtocolServerSideTranslatorPB.java:271) ~[ozone-manager-1.3.0-SNAPSHOT.jar:?]
	at org.apache.hadoop.ozone.protocolPB.OzoneManagerProtocolServerSideTranslatorPB.processRequest(OzoneManagerProtocolServerSideTranslatorPB.java:195) ~[ozone-manager-1.3.0-SNAPSHOT.jar:?]
	at org.apache.hadoop.hdds.server.OzoneProtocolMessageDispatcher.processRequest(OzoneProtocolMessageDispatcher.java:87) [hdds-server-framework-1.3.0-SNAPSHOT.jar:?]
	at org.apache.hadoop.ozone.protocolPB.OzoneManagerProtocolServerSideTranslatorPB.submitRequest(OzoneManagerProtocolServerSideTranslatorPB.java:146) [ozone-manager-1.3.0-SNAPSHOT.jar:?]
	at org.apache.hadoop.ozone.protocol.proto.OzoneManagerProtocolProtos$OzoneManagerService$2.callBlockingMethod(OzoneManagerProtocolProtos.java) [ozone-interface-client-1.3.0-SNAPSHOT.jar:?]
	at org.apache.hadoop.ipc.ProtobufRpcEngine$Server.processCall(ProtobufRpcEngine.java:466) [hadoop-common-3.3.1.jar:?]
	at org.apache.hadoop.ipc.ProtobufRpcEngine2$Server$ProtoBufRpcInvoker.call(ProtobufRpcEngine2.java:574) [hadoop-common-3.3.1.jar:?]
	at org.apache.hadoop.ipc.ProtobufRpcEngine2$Server$ProtoBufRpcInvoker.call(ProtobufRpcEngine2.java:552) [hadoop-common-3.3.1.jar:?]
	at org.apache.hadoop.ipc.RPC$Server.call(RPC.java:1093) [hadoop-common-3.3.1.jar:?]
	at org.apache.hadoop.ipc.Server$RpcCall.run(Server.java:1035) [hadoop-common-3.3.1.jar:?]
	at org.apache.hadoop.ipc.Server$RpcCall.run(Server.java:963) [hadoop-common-3.3.1.jar:?]
	at java.security.AccessController.doPrivileged(Native Method) ~[?:1.8.0_322]
	at javax.security.auth.Subject.doAs(Subject.java:422) [?:1.8.0_322]
	at org.apache.hadoop.security.UserGroupInformation.doAs(UserGroupInformation.java:1878) [hadoop-common-3.3.1.jar:?]
	at org.apache.hadoop.ipc.Server$Handler.run(Server.java:2966) [hadoop-common-3.3.1.jar:?]
04:16:17.413 [IPC Server handler 19 on default port 40137] ERROR OMAudit - user=runner | ip=127.0.0.1 | op=GET_FILE_STATUS {volume=volume25603, bucket=bucket32835, key=level0/level1/level1, dataSize=0, replicationConfig=null} | ret=FAILURE
org.apache.hadoop.ozone.om.exceptions.OMException: Unable to get file status: volume: volume25603 bucket: bucket32835 key: level0/level1/level1
	at org.apache.hadoop.ozone.om.KeyManagerImpl.getOzoneFileStatus(KeyManagerImpl.java:1280) ~[ozone-manager-1.3.0-SNAPSHOT.jar:?]
	at org.apache.hadoop.ozone.om.KeyManagerImpl.getFileStatus(KeyManagerImpl.java:1210) ~[ozone-manager-1.3.0-SNAPSHOT.jar:?]
	at org.apache.hadoop.ozone.om.OzoneManager.getFileStatus(OzoneManager.java:3009) ~[ozone-manager-1.3.0-SNAPSHOT.jar:?]
	at org.apache.hadoop.ozone.protocolPB.OzoneManagerRequestHandler.getOzoneFileStatus(OzoneManagerRequestHandler.java:670) ~[ozone-manager-1.3.0-SNAPSHOT.jar:?]
	at org.apache.hadoop.ozone.protocolPB.OzoneManagerRequestHandler.handleReadRequest(OzoneManagerRequestHandler.java:201) ~[ozone-manager-1.3.0-SNAPSHOT.jar:?]
	at org.apache.hadoop.ozone.protocolPB.OzoneManagerProtocolServerSideTranslatorPB.submitRequestDirectlyToOM(OzoneManagerProtocolServerSideTranslatorPB.java:271) ~[ozone-manager-1.3.0-SNAPSHOT.jar:?]
	at org.apache.hadoop.ozone.protocolPB.OzoneManagerProtocolServerSideTranslatorPB.processRequest(OzoneManagerProtocolServerSideTranslatorPB.java:195) ~[ozone-manager-1.3.0-SNAPSHOT.jar:?]
	at org.apache.hadoop.hdds.server.OzoneProtocolMessageDispatcher.processRequest(OzoneProtocolMessageDispatcher.java:87) [hdds-server-framework-1.3.0-SNAPSHOT.jar:?]
	at org.apache.hadoop.ozone.protocolPB.OzoneManagerProtocolServerSideTranslatorPB.submitRequest(OzoneManagerProtocolServerSideTranslatorPB.java:146) [ozone-manager-1.3.0-SNAPSHOT.jar:?]
	at org.apache.hadoop.ozone.protocol.proto.OzoneManagerProtocolProtos$OzoneManagerService$2.callBlockingMethod(OzoneManagerProtocolProtos.java) [ozone-interface-client-1.3.0-SNAPSHOT.jar:?]
	at org.apache.hadoop.ipc.ProtobufRpcEngine$Server.processCall(ProtobufRpcEngine.java:466) [hadoop-common-3.3.1.jar:?]
	at org.apache.hadoop.ipc.ProtobufRpcEngine2$Server$ProtoBufRpcInvoker.call(ProtobufRpcEngine2.java:574) [hadoop-common-3.3.1.jar:?]
	at org.apache.hadoop.ipc.ProtobufRpcEngine2$Server$ProtoBufRpcInvoker.call(ProtobufRpcEngine2.java:552) [hadoop-common-3.3.1.jar:?]
	at org.apache.hadoop.ipc.RPC$Server.call(RPC.java:1093) [hadoop-common-3.3.1.jar:?]
	at org.apache.hadoop.ipc.Server$RpcCall.run(Server.java:1035) [hadoop-common-3.3.1.jar:?]
	at org.apache.hadoop.ipc.Server$RpcCall.run(Server.java:963) [hadoop-common-3.3.1.jar:?]
	at java.security.AccessController.doPrivileged(Native Method) ~[?:1.8.0_322]
	at javax.security.auth.Subject.doAs(Subject.java:422) [?:1.8.0_322]
	at org.apache.hadoop.security.UserGroupInformation.doAs(UserGroupInformation.java:1878) [hadoop-common-3.3.1.jar:?]
	at org.apache.hadoop.ipc.Server$Handler.run(Server.java:2966) [hadoop-common-3.3.1.jar:?]
04:16:17.414 [IPC Server handler 6 on default port 40137] ERROR OMAudit - user=runner | ip=127.0.0.1 | op=GET_FILE_STATUS {volume=volume25603, bucket=bucket32835, key=level0/level1/file1, dataSize=0, replicationConfig=null} | ret=FAILURE
org.apache.hadoop.ozone.om.exceptions.OMException: Unable to get file status: volume: volume25603 bucket: bucket32835 key: level0/level1/file1
	at org.apache.hadoop.ozone.om.KeyManagerImpl.getOzoneFileStatus(KeyManagerImpl.java:1280) ~[ozone-manager-1.3.0-SNAPSHOT.jar:?]
	at org.apache.hadoop.ozone.om.KeyManagerImpl.getFileStatus(KeyManagerImpl.java:1210) ~[ozone-manager-1.3.0-SNAPSHOT.jar:?]
	at org.apache.hadoop.ozone.om.OzoneManager.getFileStatus(OzoneManager.java:3009) ~[ozone-manager-1.3.0-SNAPSHOT.jar:?]
	at org.apache.hadoop.ozone.protocolPB.OzoneManagerRequestHandler.getOzoneFileStatus(OzoneManagerRequestHandler.java:670) ~[ozone-manager-1.3.0-SNAPSHOT.jar:?]
	at org.apache.hadoop.ozone.protocolPB.OzoneManagerRequestHandler.handleReadRequest(OzoneManagerRequestHandler.java:201) ~[ozone-manager-1.3.0-SNAPSHOT.jar:?]
	at org.apache.hadoop.ozone.protocolPB.OzoneManagerProtocolServerSideTranslatorPB.submitRequestDirectlyToOM(OzoneManagerProtocolServerSideTranslatorPB.java:271) ~[ozone-manager-1.3.0-SNAPSHOT.jar:?]
	at org.apache.hadoop.ozone.protocolPB.OzoneManagerProtocolServerSideTranslatorPB.processRequest(OzoneManagerProtocolServerSideTranslatorPB.java:195) ~[ozone-manager-1.3.0-SNAPSHOT.jar:?]
	at org.apache.hadoop.hdds.server.OzoneProtocolMessageDispatcher.processRequest(OzoneProtocolMessageDispatcher.java:87) [hdds-server-framework-1.3.0-SNAPSHOT.jar:?]
	at org.apache.hadoop.ozone.protocolPB.OzoneManagerProtocolServerSideTranslatorPB.submitRequest(OzoneManagerProtocolServerSideTranslatorPB.java:146) [ozone-manager-1.3.0-SNAPSHOT.jar:?]
	at org.apache.hadoop.ozone.protocol.proto.OzoneManagerProtocolProtos$OzoneManagerService$2.callBlockingMethod(OzoneManagerProtocolProtos.java) [ozone-interface-client-1.3.0-SNAPSHOT.jar:?]
	at org.apache.hadoop.ipc.ProtobufRpcEngine$Server.processCall(ProtobufRpcEngine.java:466) [hadoop-common-3.3.1.jar:?]
	at org.apache.hadoop.ipc.ProtobufRpcEngine2$Server$ProtoBufRpcInvoker.call(ProtobufRpcEngine2.java:574) [hadoop-common-3.3.1.jar:?]
	at org.apache.hadoop.ipc.ProtobufRpcEngine2$Server$ProtoBufRpcInvoker.call(ProtobufRpcEngine2.java:552) [hadoop-common-3.3.1.jar:?]
	at org.apache.hadoop.ipc.RPC$Server.call(RPC.java:1093) [hadoop-common-3.3.1.jar:?]
	at org.apache.hadoop.ipc.Server$RpcCall.run(Server.java:1035) [hadoop-common-3.3.1.jar:?]
	at org.apache.hadoop.ipc.Server$RpcCall.run(Server.java:963) [hadoop-common-3.3.1.jar:?]
	at java.security.AccessController.doPrivileged(Native Method) ~[?:1.8.0_322]
	at javax.security.auth.Subject.doAs(Subject.java:422) [?:1.8.0_322]
	at org.apache.hadoop.security.UserGroupInformation.doAs(UserGroupInformation.java:1878) [hadoop-common-3.3.1.jar:?]
	at org.apache.hadoop.ipc.Server$Handler.run(Server.java:2966) [hadoop-common-3.3.1.jar:?]
04:16:17.414 [IPC Server handler 18 on default port 40137] ERROR OMAudit - user=runner | ip=127.0.0.1 | op=GET_FILE_STATUS {volume=volume25603, bucket=bucket32835, key=level0/level1/level1/file1, dataSize=0, replicationConfig=null} | ret=FAILURE
org.apache.hadoop.ozone.om.exceptions.OMException: Unable to get file status: volume: volume25603 bucket: bucket32835 key: level0/level1/level1/file1
	at org.apache.hadoop.ozone.om.KeyManagerImpl.getOzoneFileStatus(KeyManagerImpl.java:1280) ~[ozone-manager-1.3.0-SNAPSHOT.jar:?]
	at org.apache.hadoop.ozone.om.KeyManagerImpl.getFileStatus(KeyManagerImpl.java:1210) ~[ozone-manager-1.3.0-SNAPSHOT.jar:?]
	at org.apache.hadoop.ozone.om.OzoneManager.getFileStatus(OzoneManager.java:3009) ~[ozone-manager-1.3.0-SNAPSHOT.jar:?]
	at org.apache.hadoop.ozone.protocolPB.OzoneManagerRequestHandler.getOzoneFileStatus(OzoneManagerRequestHandler.java:670) ~[ozone-manager-1.3.0-SNAPSHOT.jar:?]
	at org.apache.hadoop.ozone.protocolPB.OzoneManagerRequestHandler.handleReadRequest(OzoneManagerRequestHandler.java:201) ~[ozone-manager-1.3.0-SNAPSHOT.jar:?]
	at org.apache.hadoop.ozone.protocolPB.OzoneManagerProtocolServerSideTranslatorPB.submitRequestDirectlyToOM(OzoneManagerProtocolServerSideTranslatorPB.java:271) ~[ozone-manager-1.3.0-SNAPSHOT.jar:?]
	at org.apache.hadoop.ozone.protocolPB.OzoneManagerProtocolServerSideTranslatorPB.processRequest(OzoneManagerProtocolServerSideTranslatorPB.java:195) ~[ozone-manager-1.3.0-SNAPSHOT.jar:?]
	at org.apache.hadoop.hdds.server.OzoneProtocolMessageDispatcher.processRequest(OzoneProtocolMessageDispatcher.java:87) [hdds-server-framework-1.3.0-SNAPSHOT.jar:?]
	at org.apache.hadoop.ozone.protocolPB.OzoneManagerProtocolServerSideTranslatorPB.submitRequest(OzoneManagerProtocolServerSideTranslatorPB.java:146) [ozone-manager-1.3.0-SNAPSHOT.jar:?]
	at org.apache.hadoop.ozone.protocol.proto.OzoneManagerProtocolProtos$OzoneManagerService$2.callBlockingMethod(OzoneManagerProtocolProtos.java) [ozone-interface-client-1.3.0-SNAPSHOT.jar:?]
	at org.apache.hadoop.ipc.ProtobufRpcEngine$Server.processCall(ProtobufRpcEngine.java:466) [hadoop-common-3.3.1.jar:?]
	at org.apache.hadoop.ipc.ProtobufRpcEngine2$Server$ProtoBufRpcInvoker.call(ProtobufRpcEngine2.java:574) [hadoop-common-3.3.1.jar:?]
	at org.apache.hadoop.ipc.ProtobufRpcEngine2$Server$ProtoBufRpcInvoker.call(ProtobufRpcEngine2.java:552) [hadoop-common-3.3.1.jar:?]
	at org.apache.hadoop.ipc.RPC$Server.call(RPC.java:1093) [hadoop-common-3.3.1.jar:?]
	at org.apache.hadoop.ipc.Server$RpcCall.run(Server.java:1035) [hadoop-common-3.3.1.jar:?]
	at org.apache.hadoop.ipc.Server$RpcCall.run(Server.java:963) [hadoop-common-3.3.1.jar:?]
	at java.security.AccessController.doPrivileged(Native Method) ~[?:1.8.0_322]
	at javax.security.auth.Subject.doAs(Subject.java:422) [?:1.8.0_322]
	at org.apache.hadoop.security.UserGroupInformation.doAs(UserGroupInformation.java:1878) [hadoop-common-3.3.1.jar:?]
	at org.apache.hadoop.ipc.Server$Handler.run(Server.java:2966) [hadoop-common-3.3.1.jar:?]
04:16:17.415 [IPC Server handler 5 on default port 40137] ERROR OMAudit - user=runner | ip=127.0.0.1 | op=GET_FILE_STATUS {volume=volume25603, bucket=bucket32835, key=level0/level2, dataSize=0, replicationConfig=null} | ret=FAILURE
org.apache.hadoop.ozone.om.exceptions.OMException: Unable to get file status: volume: volume25603 bucket: bucket32835 key: level0/level2
	at org.apache.hadoop.ozone.om.KeyManagerImpl.getOzoneFileStatus(KeyManagerImpl.java:1280) ~[ozone-manager-1.3.0-SNAPSHOT.jar:?]
	at org.apache.hadoop.ozone.om.KeyManagerImpl.getFileStatus(KeyManagerImpl.java:1210) ~[ozone-manager-1.3.0-SNAPSHOT.jar:?]
	at org.apache.hadoop.ozone.om.OzoneManager.getFileStatus(OzoneManager.java:3009) ~[ozone-manager-1.3.0-SNAPSHOT.jar:?]
	at org.apache.hadoop.ozone.protocolPB.OzoneManagerRequestHandler.getOzoneFileStatus(OzoneManagerRequestHandler.java:670) ~[ozone-manager-1.3.0-SNAPSHOT.jar:?]
	at org.apache.hadoop.ozone.protocolPB.OzoneManagerRequestHandler.handleReadRequest(OzoneManagerRequestHandler.java:201) ~[ozone-manager-1.3.0-SNAPSHOT.jar:?]
	at org.apache.hadoop.ozone.protocolPB.OzoneManagerProtocolServerSideTranslatorPB.submitRequestDirectlyToOM(OzoneManagerProtocolServerSideTranslatorPB.java:271) ~[ozone-manager-1.3.0-SNAPSHOT.jar:?]
	at org.apache.hadoop.ozone.protocolPB.OzoneManagerProtocolServerSideTranslatorPB.processRequest(OzoneManagerProtocolServerSideTranslatorPB.java:195) ~[ozone-manager-1.3.0-SNAPSHOT.jar:?]
	at org.apache.hadoop.hdds.server.OzoneProtocolMessageDispatcher.processRequest(OzoneProtocolMessageDispatcher.java:87) [hdds-server-framework-1.3.0-SNAPSHOT.jar:?]
	at org.apache.hadoop.ozone.protocolPB.OzoneManagerProtocolServerSideTranslatorPB.submitRequest(OzoneManagerProtocolServerSideTranslatorPB.java:146) [ozone-manager-1.3.0-SNAPSHOT.jar:?]
	at org.apache.hadoop.ozone.protocol.proto.OzoneManagerProtocolProtos$OzoneManagerService$2.callBlockingMethod(OzoneManagerProtocolProtos.java) [ozone-interface-client-1.3.0-SNAPSHOT.jar:?]
	at org.apache.hadoop.ipc.ProtobufRpcEngine$Server.processCall(ProtobufRpcEngine.java:466) [hadoop-common-3.3.1.jar:?]
	at org.apache.hadoop.ipc.ProtobufRpcEngine2$Server$ProtoBufRpcInvoker.call(ProtobufRpcEngine2.java:574) [hadoop-common-3.3.1.jar:?]
	at org.apache.hadoop.ipc.ProtobufRpcEngine2$Server$ProtoBufRpcInvoker.call(ProtobufRpcEngine2.java:552) [hadoop-common-3.3.1.jar:?]
	at org.apache.hadoop.ipc.RPC$Server.call(RPC.java:1093) [hadoop-common-3.3.1.jar:?]
	at org.apache.hadoop.ipc.Server$RpcCall.run(Server.java:1035) [hadoop-common-3.3.1.jar:?]
	at org.apache.hadoop.ipc.Server$RpcCall.run(Server.java:963) [hadoop-common-3.3.1.jar:?]
	at java.security.AccessController.doPrivileged(Native Method) ~[?:1.8.0_322]
	at javax.security.auth.Subject.doAs(Subject.java:422) [?:1.8.0_322]
	at org.apache.hadoop.security.UserGroupInformation.doAs(UserGroupInformation.java:1878) [hadoop-common-3.3.1.jar:?]
	at org.apache.hadoop.ipc.Server$Handler.run(Server.java:2966) [hadoop-common-3.3.1.jar:?]
04:16:17.416 [IPC Server handler 4 on default port 40137] ERROR OMAudit - user=runner | ip=127.0.0.1 | op=GET_FILE_STATUS {volume=volume25603, bucket=bucket32835, key=level0/level2/level2, dataSize=0, replicationConfig=null} | ret=FAILURE
org.apache.hadoop.ozone.om.exceptions.OMException: Unable to get file status: volume: volume25603 bucket: bucket32835 key: level0/level2/level2
	at org.apache.hadoop.ozone.om.KeyManagerImpl.getOzoneFileStatus(KeyManagerImpl.java:1280) ~[ozone-manager-1.3.0-SNAPSHOT.jar:?]
	at org.apache.hadoop.ozone.om.KeyManagerImpl.getFileStatus(KeyManagerImpl.java:1210) ~[ozone-manager-1.3.0-SNAPSHOT.jar:?]
	at org.apache.hadoop.ozone.om.OzoneManager.getFileStatus(OzoneManager.java:3009) ~[ozone-manager-1.3.0-SNAPSHOT.jar:?]
	at org.apache.hadoop.ozone.protocolPB.OzoneManagerRequestHandler.getOzoneFileStatus(OzoneManagerRequestHandler.java:670) ~[ozone-manager-1.3.0-SNAPSHOT.jar:?]
	at org.apache.hadoop.ozone.protocolPB.OzoneManagerRequestHandler.handleReadRequest(OzoneManagerRequestHandler.java:201) ~[ozone-manager-1.3.0-SNAPSHOT.jar:?]
	at org.apache.hadoop.ozone.protocolPB.OzoneManagerProtocolServerSideTranslatorPB.submitRequestDirectlyToOM(OzoneManagerProtocolServerSideTranslatorPB.java:271) ~[ozone-manager-1.3.0-SNAPSHOT.jar:?]
	at org.apache.hadoop.ozone.protocolPB.OzoneManagerProtocolServerSideTranslatorPB.processRequest(OzoneManagerProtocolServerSideTranslatorPB.java:195) ~[ozone-manager-1.3.0-SNAPSHOT.jar:?]
	at org.apache.hadoop.hdds.server.OzoneProtocolMessageDispatcher.processRequest(OzoneProtocolMessageDispatcher.java:87) [hdds-server-framework-1.3.0-SNAPSHOT.jar:?]
	at org.apache.hadoop.ozone.protocolPB.OzoneManagerProtocolServerSideTranslatorPB.submitRequest(OzoneManagerProtocolServerSideTranslatorPB.java:146) [ozone-manager-1.3.0-SNAPSHOT.jar:?]
	at org.apache.hadoop.ozone.protocol.proto.OzoneManagerProtocolProtos$OzoneManagerService$2.callBlockingMethod(OzoneManagerProtocolProtos.java) [ozone-interface-client-1.3.0-SNAPSHOT.jar:?]
	at org.apache.hadoop.ipc.ProtobufRpcEngine$Server.processCall(ProtobufRpcEngine.java:466) [hadoop-common-3.3.1.jar:?]
	at org.apache.hadoop.ipc.ProtobufRpcEngine2$Server$ProtoBufRpcInvoker.call(ProtobufRpcEngine2.java:574) [hadoop-common-3.3.1.jar:?]
	at org.apache.hadoop.ipc.ProtobufRpcEngine2$Server$ProtoBufRpcInvoker.call(ProtobufRpcEngine2.java:552) [hadoop-common-3.3.1.jar:?]
	at org.apache.hadoop.ipc.RPC$Server.call(RPC.java:1093) [hadoop-common-3.3.1.jar:?]
	at org.apache.hadoop.ipc.Server$RpcCall.run(Server.java:1035) [hadoop-common-3.3.1.jar:?]
	at org.apache.hadoop.ipc.Server$RpcCall.run(Server.java:963) [hadoop-common-3.3.1.jar:?]
	at java.security.AccessController.doPrivileged(Native Method) ~[?:1.8.0_322]
	at javax.security.auth.Subject.doAs(Subject.java:422) [?:1.8.0_322]
	at org.apache.hadoop.security.UserGroupInformation.doAs(UserGroupInformation.java:1878) [hadoop-common-3.3.1.jar:?]
	at org.apache.hadoop.ipc.Server$Handler.run(Server.java:2966) [hadoop-common-3.3.1.jar:?]
04:16:17.416 [IPC Server handler 7 on default port 40137] ERROR OMAudit - user=runner | ip=127.0.0.1 | op=GET_FILE_STATUS {volume=volume25603, bucket=bucket32835, key=level0/level2/file1, dataSize=0, replicationConfig=null} | ret=FAILURE
org.apache.hadoop.ozone.om.exceptions.OMException: Unable to get file status: volume: volume25603 bucket: bucket32835 key: level0/level2/file1
	at org.apache.hadoop.ozone.om.KeyManagerImpl.getOzoneFileStatus(KeyManagerImpl.java:1280) ~[ozone-manager-1.3.0-SNAPSHOT.jar:?]
	at org.apache.hadoop.ozone.om.KeyManagerImpl.getFileStatus(KeyManagerImpl.java:1210) ~[ozone-manager-1.3.0-SNAPSHOT.jar:?]
	at org.apache.hadoop.ozone.om.OzoneManager.getFileStatus(OzoneManager.java:3009) ~[ozone-manager-1.3.0-SNAPSHOT.jar:?]
	at org.apache.hadoop.ozone.protocolPB.OzoneManagerRequestHandler.getOzoneFileStatus(OzoneManagerRequestHandler.java:670) ~[ozone-manager-1.3.0-SNAPSHOT.jar:?]
	at org.apache.hadoop.ozone.protocolPB.OzoneManagerRequestHandler.handleReadRequest(OzoneManagerRequestHandler.java:201) ~[ozone-manager-1.3.0-SNAPSHOT.jar:?]
	at org.apache.hadoop.ozone.protocolPB.OzoneManagerProtocolServerSideTranslatorPB.submitRequestDirectlyToOM(OzoneManagerProtocolServerSideTranslatorPB.java:271) ~[ozone-manager-1.3.0-SNAPSHOT.jar:?]
	at org.apache.hadoop.ozone.protocolPB.OzoneManagerProtocolServerSideTranslatorPB.processRequest(OzoneManagerProtocolServerSideTranslatorPB.java:195) ~[ozone-manager-1.3.0-SNAPSHOT.jar:?]
	at org.apache.hadoop.hdds.server.OzoneProtocolMessageDispatcher.processRequest(OzoneProtocolMessageDispatcher.java:87) [hdds-server-framework-1.3.0-SNAPSHOT.jar:?]
	at org.apache.hadoop.ozone.protocolPB.OzoneManagerProtocolServerSideTranslatorPB.submitRequest(OzoneManagerProtocolServerSideTranslatorPB.java:146) [ozone-manager-1.3.0-SNAPSHOT.jar:?]
	at org.apache.hadoop.ozone.protocol.proto.OzoneManagerProtocolProtos$OzoneManagerService$2.callBlockingMethod(OzoneManagerProtocolProtos.java) [ozone-interface-client-1.3.0-SNAPSHOT.jar:?]
	at org.apache.hadoop.ipc.ProtobufRpcEngine$Server.processCall(ProtobufRpcEngine.java:466) [hadoop-common-3.3.1.jar:?]
	at org.apache.hadoop.ipc.ProtobufRpcEngine2$Server$ProtoBufRpcInvoker.call(ProtobufRpcEngine2.java:574) [hadoop-common-3.3.1.jar:?]
	at org.apache.hadoop.ipc.ProtobufRpcEngine2$Server$ProtoBufRpcInvoker.call(ProtobufRpcEngine2.java:552) [hadoop-common-3.3.1.jar:?]
	at org.apache.hadoop.ipc.RPC$Server.call(RPC.java:1093) [hadoop-common-3.3.1.jar:?]
	at org.apache.hadoop.ipc.Server$RpcCall.run(Server.java:1035) [hadoop-common-3.3.1.jar:?]
	at org.apache.hadoop.ipc.Server$RpcCall.run(Server.java:963) [hadoop-common-3.3.1.jar:?]
	at java.security.AccessController.doPrivileged(Native Method) ~[?:1.8.0_322]
	at javax.security.auth.Subject.doAs(Subject.java:422) [?:1.8.0_322]
	at org.apache.hadoop.security.UserGroupInformation.doAs(UserGroupInformation.java:1878) [hadoop-common-3.3.1.jar:?]
	at org.apache.hadoop.ipc.Server$Handler.run(Server.java:2966) [hadoop-common-3.3.1.jar:?]
04:16:17.417 [IPC Server handler 3 on default port 40137] ERROR OMAudit - user=runner | ip=127.0.0.1 | op=GET_FILE_STATUS {volume=volume25603, bucket=bucket32835, key=level0/level2/level2/file1, dataSize=0, replicationConfig=null} | ret=FAILURE
org.apache.hadoop.ozone.om.exceptions.OMException: Unable to get file status: volume: volume25603 bucket: bucket32835 key: level0/level2/level2/file1
	at org.apache.hadoop.ozone.om.KeyManagerImpl.getOzoneFileStatus(KeyManagerImpl.java:1280) ~[ozone-manager-1.3.0-SNAPSHOT.jar:?]
	at org.apache.hadoop.ozone.om.KeyManagerImpl.getFileStatus(KeyManagerImpl.java:1210) ~[ozone-manager-1.3.0-SNAPSHOT.jar:?]
	at org.apache.hadoop.ozone.om.OzoneManager.getFileStatus(OzoneManager.java:3009) ~[ozone-manager-1.3.0-SNAPSHOT.jar:?]
	at org.apache.hadoop.ozone.protocolPB.OzoneManagerRequestHandler.getOzoneFileStatus(OzoneManagerRequestHandler.java:670) ~[ozone-manager-1.3.0-SNAPSHOT.jar:?]
	at org.apache.hadoop.ozone.protocolPB.OzoneManagerRequestHandler.handleReadRequest(OzoneManagerRequestHandler.java:201) ~[ozone-manager-1.3.0-SNAPSHOT.jar:?]
	at org.apache.hadoop.ozone.protocolPB.OzoneManagerProtocolServerSideTranslatorPB.submitRequestDirectlyToOM(OzoneManagerProtocolServerSideTranslatorPB.java:271) ~[ozone-manager-1.3.0-SNAPSHOT.jar:?]
	at org.apache.hadoop.ozone.protocolPB.OzoneManagerProtocolServerSideTranslatorPB.processRequest(OzoneManagerProtocolServerSideTranslatorPB.java:195) ~[ozone-manager-1.3.0-SNAPSHOT.jar:?]
	at org.apache.hadoop.hdds.server.OzoneProtocolMessageDispatcher.processRequest(OzoneProtocolMessageDispatcher.java:87) [hdds-server-framework-1.3.0-SNAPSHOT.jar:?]
	at org.apache.hadoop.ozone.protocolPB.OzoneManagerProtocolServerSideTranslatorPB.submitRequest(OzoneManagerProtocolServerSideTranslatorPB.java:146) [ozone-manager-1.3.0-SNAPSHOT.jar:?]
	at org.apache.hadoop.ozone.protocol.proto.OzoneManagerProtocolProtos$OzoneManagerService$2.callBlockingMethod(OzoneManagerProtocolProtos.java) [ozone-interface-client-1.3.0-SNAPSHOT.jar:?]
	at org.apache.hadoop.ipc.ProtobufRpcEngine$Server.processCall(ProtobufRpcEngine.java:466) [hadoop-common-3.3.1.jar:?]
	at org.apache.hadoop.ipc.ProtobufRpcEngine2$Server$ProtoBufRpcInvoker.call(ProtobufRpcEngine2.java:574) [hadoop-common-3.3.1.jar:?]
	at org.apache.hadoop.ipc.ProtobufRpcEngine2$Server$ProtoBufRpcInvoker.call(ProtobufRpcEngine2.java:552) [hadoop-common-3.3.1.jar:?]
	at org.apache.hadoop.ipc.RPC$Server.call(RPC.java:1093) [hadoop-common-3.3.1.jar:?]
	at org.apache.hadoop.ipc.Server$RpcCall.run(Server.java:1035) [hadoop-common-3.3.1.jar:?]
	at org.apache.hadoop.ipc.Server$RpcCall.run(Server.java:963) [hadoop-common-3.3.1.jar:?]
	at java.security.AccessController.doPrivileged(Native Method) ~[?:1.8.0_322]
	at javax.security.auth.Subject.doAs(Subject.java:422) [?:1.8.0_322]
	at org.apache.hadoop.security.UserGroupInformation.doAs(UserGroupInformation.java:1878) [hadoop-common-3.3.1.jar:?]
	at org.apache.hadoop.ipc.Server$Handler.run(Server.java:2966) [hadoop-common-3.3.1.jar:?]
04:16:17.417 [IPC Server handler 2 on default port 40137] ERROR OMAudit - user=runner | ip=127.0.0.1 | op=GET_FILE_STATUS {volume=volume25603, bucket=bucket32835, key=level0/level3, dataSize=0, replicationConfig=null} | ret=FAILURE
org.apache.hadoop.ozone.om.exceptions.OMException: Unable to get file status: volume: volume25603 bucket: bucket32835 key: level0/level3
	at org.apache.hadoop.ozone.om.KeyManagerImpl.getOzoneFileStatus(KeyManagerImpl.java:1280) ~[ozone-manager-1.3.0-SNAPSHOT.jar:?]
	at org.apache.hadoop.ozone.om.KeyManagerImpl.getFileStatus(KeyManagerImpl.java:1210) ~[ozone-manager-1.3.0-SNAPSHOT.jar:?]
	at org.apache.hadoop.ozone.om.OzoneManager.getFileStatus(OzoneManager.java:3009) ~[ozone-manager-1.3.0-SNAPSHOT.jar:?]
	at org.apache.hadoop.ozone.protocolPB.OzoneManagerRequestHandler.getOzoneFileStatus(OzoneManagerRequestHandler.java:670) ~[ozone-manager-1.3.0-SNAPSHOT.jar:?]
	at org.apache.hadoop.ozone.protocolPB.OzoneManagerRequestHandler.handleReadRequest(OzoneManagerRequestHandler.java:201) ~[ozone-manager-1.3.0-SNAPSHOT.jar:?]
	at org.apache.hadoop.ozone.protocolPB.OzoneManagerProtocolServerSideTranslatorPB.submitRequestDirectlyToOM(OzoneManagerProtocolServerSideTranslatorPB.java:271) ~[ozone-manager-1.3.0-SNAPSHOT.jar:?]
	at org.apache.hadoop.ozone.protocolPB.OzoneManagerProtocolServerSideTranslatorPB.processRequest(OzoneManagerProtocolServerSideTranslatorPB.java:195) ~[ozone-manager-1.3.0-SNAPSHOT.jar:?]
	at org.apache.hadoop.hdds.server.OzoneProtocolMessageDispatcher.processRequest(OzoneProtocolMessageDispatcher.java:87) [hdds-server-framework-1.3.0-SNAPSHOT.jar:?]
	at org.apache.hadoop.ozone.protocolPB.OzoneManagerProtocolServerSideTranslatorPB.submitRequest(OzoneManagerProtocolServerSideTranslatorPB.java:146) [ozone-manager-1.3.0-SNAPSHOT.jar:?]
	at org.apache.hadoop.ozone.protocol.proto.OzoneManagerProtocolProtos$OzoneManagerService$2.callBlockingMethod(OzoneManagerProtocolProtos.java) [ozone-interface-client-1.3.0-SNAPSHOT.jar:?]
	at org.apache.hadoop.ipc.ProtobufRpcEngine$Server.processCall(ProtobufRpcEngine.java:466) [hadoop-common-3.3.1.jar:?]
	at org.apache.hadoop.ipc.ProtobufRpcEngine2$Server$ProtoBufRpcInvoker.call(ProtobufRpcEngine2.java:574) [hadoop-common-3.3.1.jar:?]
	at org.apache.hadoop.ipc.ProtobufRpcEngine2$Server$ProtoBufRpcInvoker.call(ProtobufRpcEngine2.java:552) [hadoop-common-3.3.1.jar:?]
	at org.apache.hadoop.ipc.RPC$Server.call(RPC.java:1093) [hadoop-common-3.3.1.jar:?]
	at org.apache.hadoop.ipc.Server$RpcCall.run(Server.java:1035) [hadoop-common-3.3.1.jar:?]
	at org.apache.hadoop.ipc.Server$RpcCall.run(Server.java:963) [hadoop-common-3.3.1.jar:?]
	at java.security.AccessController.doPrivileged(Native Method) ~[?:1.8.0_322]
	at javax.security.auth.Subject.doAs(Subject.java:422) [?:1.8.0_322]
	at org.apache.hadoop.security.UserGroupInformation.doAs(UserGroupInformation.java:1878) [hadoop-common-3.3.1.jar:?]
	at org.apache.hadoop.ipc.Server$Handler.run(Server.java:2966) [hadoop-common-3.3.1.jar:?]
04:16:17.418 [IPC Server handler 1 on default port 40137] ERROR OMAudit - user=runner | ip=127.0.0.1 | op=GET_FILE_STATUS {volume=volume25603, bucket=bucket32835, key=level0/level3/level3, dataSize=0, replicationConfig=null} | ret=FAILURE
org.apache.hadoop.ozone.om.exceptions.OMException: Unable to get file status: volume: volume25603 bucket: bucket32835 key: level0/level3/level3
	at org.apache.hadoop.ozone.om.KeyManagerImpl.getOzoneFileStatus(KeyManagerImpl.java:1280) ~[ozone-manager-1.3.0-SNAPSHOT.jar:?]
	at org.apache.hadoop.ozone.om.KeyManagerImpl.getFileStatus(KeyManagerImpl.java:1210) ~[ozone-manager-1.3.0-SNAPSHOT.jar:?]
	at org.apache.hadoop.ozone.om.OzoneManager.getFileStatus(OzoneManager.java:3009) ~[ozone-manager-1.3.0-SNAPSHOT.jar:?]
	at org.apache.hadoop.ozone.protocolPB.OzoneManagerRequestHandler.getOzoneFileStatus(OzoneManagerRequestHandler.java:670) ~[ozone-manager-1.3.0-SNAPSHOT.jar:?]
	at org.apache.hadoop.ozone.protocolPB.OzoneManagerRequestHandler.handleReadRequest(OzoneManagerRequestHandler.java:201) ~[ozone-manager-1.3.0-SNAPSHOT.jar:?]
	at org.apache.hadoop.ozone.protocolPB.OzoneManagerProtocolServerSideTranslatorPB.submitRequestDirectlyToOM(OzoneManagerProtocolServerSideTranslatorPB.java:271) ~[ozone-manager-1.3.0-SNAPSHOT.jar:?]
	at org.apache.hadoop.ozone.protocolPB.OzoneManagerProtocolServerSideTranslatorPB.processRequest(OzoneManagerProtocolServerSideTranslatorPB.java:195) ~[ozone-manager-1.3.0-SNAPSHOT.jar:?]
	at org.apache.hadoop.hdds.server.OzoneProtocolMessageDispatcher.processRequest(OzoneProtocolMessageDispatcher.java:87) [hdds-server-framework-1.3.0-SNAPSHOT.jar:?]
	at org.apache.hadoop.ozone.protocolPB.OzoneManagerProtocolServerSideTranslatorPB.submitRequest(OzoneManagerProtocolServerSideTranslatorPB.java:146) [ozone-manager-1.3.0-SNAPSHOT.jar:?]
	at org.apache.hadoop.ozone.protocol.proto.OzoneManagerProtocolProtos$OzoneManagerService$2.callBlockingMethod(OzoneManagerProtocolProtos.java) [ozone-interface-client-1.3.0-SNAPSHOT.jar:?]
	at org.apache.hadoop.ipc.ProtobufRpcEngine$Server.processCall(ProtobufRpcEngine.java:466) [hadoop-common-3.3.1.jar:?]
	at org.apache.hadoop.ipc.ProtobufRpcEngine2$Server$ProtoBufRpcInvoker.call(ProtobufRpcEngine2.java:574) [hadoop-common-3.3.1.jar:?]
	at org.apache.hadoop.ipc.ProtobufRpcEngine2$Server$ProtoBufRpcInvoker.call(ProtobufRpcEngine2.java:552) [hadoop-common-3.3.1.jar:?]
	at org.apache.hadoop.ipc.RPC$Server.call(RPC.java:1093) [hadoop-common-3.3.1.jar:?]
	at org.apache.hadoop.ipc.Server$RpcCall.run(Server.java:1035) [hadoop-common-3.3.1.jar:?]
	at org.apache.hadoop.ipc.Server$RpcCall.run(Server.java:963) [hadoop-common-3.3.1.jar:?]
	at java.security.AccessController.doPrivileged(Native Method) ~[?:1.8.0_322]
	at javax.security.auth.Subject.doAs(Subject.java:422) [?:1.8.0_322]
	at org.apache.hadoop.security.UserGroupInformation.doAs(UserGroupInformation.java:1878) [hadoop-common-3.3.1.jar:?]
	at org.apache.hadoop.ipc.Server$Handler.run(Server.java:2966) [hadoop-common-3.3.1.jar:?]
04:16:17.419 [IPC Server handler 14 on default port 40137] ERROR OMAudit - user=runner | ip=127.0.0.1 | op=GET_FILE_STATUS {volume=volume25603, bucket=bucket32835, key=level0/level3/file1, dataSize=0, replicationConfig=null} | ret=FAILURE
org.apache.hadoop.ozone.om.exceptions.OMException: Unable to get file status: volume: volume25603 bucket: bucket32835 key: level0/level3/file1
	at org.apache.hadoop.ozone.om.KeyManagerImpl.getOzoneFileStatus(KeyManagerImpl.java:1280) ~[ozone-manager-1.3.0-SNAPSHOT.jar:?]
	at org.apache.hadoop.ozone.om.KeyManagerImpl.getFileStatus(KeyManagerImpl.java:1210) ~[ozone-manager-1.3.0-SNAPSHOT.jar:?]
	at org.apache.hadoop.ozone.om.OzoneManager.getFileStatus(OzoneManager.java:3009) ~[ozone-manager-1.3.0-SNAPSHOT.jar:?]
	at org.apache.hadoop.ozone.protocolPB.OzoneManagerRequestHandler.getOzoneFileStatus(OzoneManagerRequestHandler.java:670) ~[ozone-manager-1.3.0-SNAPSHOT.jar:?]
	at org.apache.hadoop.ozone.protocolPB.OzoneManagerRequestHandler.handleReadRequest(OzoneManagerRequestHandler.java:201) ~[ozone-manager-1.3.0-SNAPSHOT.jar:?]
	at org.apache.hadoop.ozone.protocolPB.OzoneManagerProtocolServerSideTranslatorPB.submitRequestDirectlyToOM(OzoneManagerProtocolServerSideTranslatorPB.java:271) ~[ozone-manager-1.3.0-SNAPSHOT.jar:?]
	at org.apache.hadoop.ozone.protocolPB.OzoneManagerProtocolServerSideTranslatorPB.processRequest(OzoneManagerProtocolServerSideTranslatorPB.java:195) ~[ozone-manager-1.3.0-SNAPSHOT.jar:?]
	at org.apache.hadoop.hdds.server.OzoneProtocolMessageDispatcher.processRequest(OzoneProtocolMessageDispatcher.java:87) [hdds-server-framework-1.3.0-SNAPSHOT.jar:?]
	at org.apache.hadoop.ozone.protocolPB.OzoneManagerProtocolServerSideTranslatorPB.submitRequest(OzoneManagerProtocolServerSideTranslatorPB.java:146) [ozone-manager-1.3.0-SNAPSHOT.jar:?]
	at org.apache.hadoop.ozone.protocol.proto.OzoneManagerProtocolProtos$OzoneManagerService$2.callBlockingMethod(OzoneManagerProtocolProtos.java) [ozone-interface-client-1.3.0-SNAPSHOT.jar:?]
	at org.apache.hadoop.ipc.ProtobufRpcEngine$Server.processCall(ProtobufRpcEngine.java:466) [hadoop-common-3.3.1.jar:?]
	at org.apache.hadoop.ipc.ProtobufRpcEngine2$Server$ProtoBufRpcInvoker.call(ProtobufRpcEngine2.java:574) [hadoop-common-3.3.1.jar:?]
	at org.apache.hadoop.ipc.ProtobufRpcEngine2$Server$ProtoBufRpcInvoker.call(ProtobufRpcEngine2.java:552) [hadoop-common-3.3.1.jar:?]
	at org.apache.hadoop.ipc.RPC$Server.call(RPC.java:1093) [hadoop-common-3.3.1.jar:?]
	at org.apache.hadoop.ipc.Server$RpcCall.run(Server.java:1035) [hadoop-common-3.3.1.jar:?]
	at org.apache.hadoop.ipc.Server$RpcCall.run(Server.java:963) [hadoop-common-3.3.1.jar:?]
	at java.security.AccessController.doPrivileged(Native Method) ~[?:1.8.0_322]
	at javax.security.auth.Subject.doAs(Subject.java:422) [?:1.8.0_322]
	at org.apache.hadoop.security.UserGroupInformation.doAs(UserGroupInformation.java:1878) [hadoop-common-3.3.1.jar:?]
	at org.apache.hadoop.ipc.Server$Handler.run(Server.java:2966) [hadoop-common-3.3.1.jar:?]
04:16:17.421 [IPC Server handler 16 on default port 40137] ERROR OMAudit - user=runner | ip=127.0.0.1 | op=GET_FILE_STATUS {volume=volume25603, bucket=bucket32835, key=level0/level3/level3/file1, dataSize=0, replicationConfig=null} | ret=FAILURE
org.apache.hadoop.ozone.om.exceptions.OMException: Unable to get file status: volume: volume25603 bucket: bucket32835 key: level0/level3/level3/file1
	at org.apache.hadoop.ozone.om.KeyManagerImpl.getOzoneFileStatus(KeyManagerImpl.java:1280) ~[ozone-manager-1.3.0-SNAPSHOT.jar:?]
	at org.apache.hadoop.ozone.om.KeyManagerImpl.getFileStatus(KeyManagerImpl.java:1210) ~[ozone-manager-1.3.0-SNAPSHOT.jar:?]
	at org.apache.hadoop.ozone.om.OzoneManager.getFileStatus(OzoneManager.java:3009) ~[ozone-manager-1.3.0-SNAPSHOT.jar:?]
	at org.apache.hadoop.ozone.protocolPB.OzoneManagerRequestHandler.getOzoneFileStatus(OzoneManagerRequestHandler.java:670) ~[ozone-manager-1.3.0-SNAPSHOT.jar:?]
	at org.apache.hadoop.ozone.protocolPB.OzoneManagerRequestHandler.handleReadRequest(OzoneManagerRequestHandler.java:201) ~[ozone-manager-1.3.0-SNAPSHOT.jar:?]
	at org.apache.hadoop.ozone.protocolPB.OzoneManagerProtocolServerSideTranslatorPB.submitRequestDirectlyToOM(OzoneManagerProtocolServerSideTranslatorPB.java:271) ~[ozone-manager-1.3.0-SNAPSHOT.jar:?]
	at org.apache.hadoop.ozone.protocolPB.OzoneManagerProtocolServerSideTranslatorPB.processRequest(OzoneManagerProtocolServerSideTranslatorPB.java:195) ~[ozone-manager-1.3.0-SNAPSHOT.jar:?]
	at org.apache.hadoop.hdds.server.OzoneProtocolMessageDispatcher.processRequest(OzoneProtocolMessageDispatcher.java:87) [hdds-server-framework-1.3.0-SNAPSHOT.jar:?]
	at org.apache.hadoop.ozone.protocolPB.OzoneManagerProtocolServerSideTranslatorPB.submitRequest(OzoneManagerProtocolServerSideTranslatorPB.java:146) [ozone-manager-1.3.0-SNAPSHOT.jar:?]
	at org.apache.hadoop.ozone.protocol.proto.OzoneManagerProtocolProtos$OzoneManagerService$2.callBlockingMethod(OzoneManagerProtocolProtos.java) [ozone-interface-client-1.3.0-SNAPSHOT.jar:?]
	at org.apache.hadoop.ipc.ProtobufRpcEngine$Server.processCall(ProtobufRpcEngine.java:466) [hadoop-common-3.3.1.jar:?]
	at org.apache.hadoop.ipc.ProtobufRpcEngine2$Server$ProtoBufRpcInvoker.call(ProtobufRpcEngine2.java:574) [hadoop-common-3.3.1.jar:?]
	at org.apache.hadoop.ipc.ProtobufRpcEngine2$Server$ProtoBufRpcInvoker.call(ProtobufRpcEngine2.java:552) [hadoop-common-3.3.1.jar:?]
	at org.apache.hadoop.ipc.RPC$Server.call(RPC.java:1093) [hadoop-common-3.3.1.jar:?]
	at org.apache.hadoop.ipc.Server$RpcCall.run(Server.java:1035) [hadoop-common-3.3.1.jar:?]
	at org.apache.hadoop.ipc.Server$RpcCall.run(Server.java:963) [hadoop-common-3.3.1.jar:?]
	at java.security.AccessController.doPrivileged(Native Method) ~[?:1.8.0_322]
	at javax.security.auth.Subject.doAs(Subject.java:422) [?:1.8.0_322]
	at org.apache.hadoop.security.UserGroupInformation.doAs(UserGroupInformation.java:1878) [hadoop-common-3.3.1.jar:?]
	at org.apache.hadoop.ipc.Server$Handler.run(Server.java:2966) [hadoop-common-3.3.1.jar:?]
]]></system-out>
  </testcase>
  <testcase name="testRecursiveDelete" classname="TestOzoneFileSystem" time="0.206">
    <system-out><![CDATA[04:17:14.548 [IPC Server handler 16 on default port 45981] ERROR OMAudit - user=runner | ip=127.0.0.1 | op=GET_FILE_STATUS {volume=volume21477, bucket=bucket24700, key=gdir1, dataSize=0, replicationConfig=null} | ret=FAILURE
org.apache.hadoop.ozone.om.exceptions.OMException: Unable to get file status: volume: volume21477 bucket: bucket24700 key: gdir1
	at org.apache.hadoop.ozone.om.KeyManagerImpl.getOzoneFileStatus(KeyManagerImpl.java:1280) ~[ozone-manager-1.3.0-SNAPSHOT.jar:?]
	at org.apache.hadoop.ozone.om.KeyManagerImpl.getFileStatus(KeyManagerImpl.java:1210) ~[ozone-manager-1.3.0-SNAPSHOT.jar:?]
	at org.apache.hadoop.ozone.om.OzoneManager.getFileStatus(OzoneManager.java:3009) ~[ozone-manager-1.3.0-SNAPSHOT.jar:?]
	at org.apache.hadoop.ozone.protocolPB.OzoneManagerRequestHandler.getOzoneFileStatus(OzoneManagerRequestHandler.java:670) ~[ozone-manager-1.3.0-SNAPSHOT.jar:?]
	at org.apache.hadoop.ozone.protocolPB.OzoneManagerRequestHandler.handleReadRequest(OzoneManagerRequestHandler.java:201) ~[ozone-manager-1.3.0-SNAPSHOT.jar:?]
	at org.apache.hadoop.ozone.protocolPB.OzoneManagerProtocolServerSideTranslatorPB.submitReadRequestToOM(OzoneManagerProtocolServerSideTranslatorPB.java:213) ~[ozone-manager-1.3.0-SNAPSHOT.jar:?]
	at org.apache.hadoop.ozone.protocolPB.OzoneManagerProtocolServerSideTranslatorPB.processRequest(OzoneManagerProtocolServerSideTranslatorPB.java:174) ~[ozone-manager-1.3.0-SNAPSHOT.jar:?]
	at org.apache.hadoop.hdds.server.OzoneProtocolMessageDispatcher.processRequest(OzoneProtocolMessageDispatcher.java:87) [hdds-server-framework-1.3.0-SNAPSHOT.jar:?]
	at org.apache.hadoop.ozone.protocolPB.OzoneManagerProtocolServerSideTranslatorPB.submitRequest(OzoneManagerProtocolServerSideTranslatorPB.java:146) [ozone-manager-1.3.0-SNAPSHOT.jar:?]
	at org.apache.hadoop.ozone.protocol.proto.OzoneManagerProtocolProtos$OzoneManagerService$2.callBlockingMethod(OzoneManagerProtocolProtos.java) [ozone-interface-client-1.3.0-SNAPSHOT.jar:?]
	at org.apache.hadoop.ipc.ProtobufRpcEngine$Server.processCall(ProtobufRpcEngine.java:466) [hadoop-common-3.3.1.jar:?]
	at org.apache.hadoop.ipc.ProtobufRpcEngine2$Server$ProtoBufRpcInvoker.call(ProtobufRpcEngine2.java:574) [hadoop-common-3.3.1.jar:?]
	at org.apache.hadoop.ipc.ProtobufRpcEngine2$Server$ProtoBufRpcInvoker.call(ProtobufRpcEngine2.java:552) [hadoop-common-3.3.1.jar:?]
	at org.apache.hadoop.ipc.RPC$Server.call(RPC.java:1093) [hadoop-common-3.3.1.jar:?]
	at org.apache.hadoop.ipc.Server$RpcCall.run(Server.java:1035) [hadoop-common-3.3.1.jar:?]
	at org.apache.hadoop.ipc.Server$RpcCall.run(Server.java:963) [hadoop-common-3.3.1.jar:?]
	at java.security.AccessController.doPrivileged(Native Method) ~[?:1.8.0_322]
	at javax.security.auth.Subject.doAs(Subject.java:422) [?:1.8.0_322]
	at org.apache.hadoop.security.UserGroupInformation.doAs(UserGroupInformation.java:1878) [hadoop-common-3.3.1.jar:?]
	at org.apache.hadoop.ipc.Server$Handler.run(Server.java:2966) [hadoop-common-3.3.1.jar:?]
04:17:14.549 [IPC Server handler 17 on default port 45981] ERROR OMAudit - user=runner | ip=127.0.0.1 | op=GET_FILE_STATUS {volume=volume21477, bucket=bucket24700, key=gdir1/dir1, dataSize=0, replicationConfig=null} | ret=FAILURE
org.apache.hadoop.ozone.om.exceptions.OMException: Unable to get file status: volume: volume21477 bucket: bucket24700 key: gdir1/dir1
	at org.apache.hadoop.ozone.om.KeyManagerImpl.getOzoneFileStatus(KeyManagerImpl.java:1280) ~[ozone-manager-1.3.0-SNAPSHOT.jar:?]
	at org.apache.hadoop.ozone.om.KeyManagerImpl.getFileStatus(KeyManagerImpl.java:1210) ~[ozone-manager-1.3.0-SNAPSHOT.jar:?]
	at org.apache.hadoop.ozone.om.OzoneManager.getFileStatus(OzoneManager.java:3009) ~[ozone-manager-1.3.0-SNAPSHOT.jar:?]
	at org.apache.hadoop.ozone.protocolPB.OzoneManagerRequestHandler.getOzoneFileStatus(OzoneManagerRequestHandler.java:670) ~[ozone-manager-1.3.0-SNAPSHOT.jar:?]
	at org.apache.hadoop.ozone.protocolPB.OzoneManagerRequestHandler.handleReadRequest(OzoneManagerRequestHandler.java:201) ~[ozone-manager-1.3.0-SNAPSHOT.jar:?]
	at org.apache.hadoop.ozone.protocolPB.OzoneManagerProtocolServerSideTranslatorPB.submitReadRequestToOM(OzoneManagerProtocolServerSideTranslatorPB.java:213) ~[ozone-manager-1.3.0-SNAPSHOT.jar:?]
	at org.apache.hadoop.ozone.protocolPB.OzoneManagerProtocolServerSideTranslatorPB.processRequest(OzoneManagerProtocolServerSideTranslatorPB.java:174) ~[ozone-manager-1.3.0-SNAPSHOT.jar:?]
	at org.apache.hadoop.hdds.server.OzoneProtocolMessageDispatcher.processRequest(OzoneProtocolMessageDispatcher.java:87) [hdds-server-framework-1.3.0-SNAPSHOT.jar:?]
	at org.apache.hadoop.ozone.protocolPB.OzoneManagerProtocolServerSideTranslatorPB.submitRequest(OzoneManagerProtocolServerSideTranslatorPB.java:146) [ozone-manager-1.3.0-SNAPSHOT.jar:?]
	at org.apache.hadoop.ozone.protocol.proto.OzoneManagerProtocolProtos$OzoneManagerService$2.callBlockingMethod(OzoneManagerProtocolProtos.java) [ozone-interface-client-1.3.0-SNAPSHOT.jar:?]
	at org.apache.hadoop.ipc.ProtobufRpcEngine$Server.processCall(ProtobufRpcEngine.java:466) [hadoop-common-3.3.1.jar:?]
	at org.apache.hadoop.ipc.ProtobufRpcEngine2$Server$ProtoBufRpcInvoker.call(ProtobufRpcEngine2.java:574) [hadoop-common-3.3.1.jar:?]
	at org.apache.hadoop.ipc.ProtobufRpcEngine2$Server$ProtoBufRpcInvoker.call(ProtobufRpcEngine2.java:552) [hadoop-common-3.3.1.jar:?]
	at org.apache.hadoop.ipc.RPC$Server.call(RPC.java:1093) [hadoop-common-3.3.1.jar:?]
	at org.apache.hadoop.ipc.Server$RpcCall.run(Server.java:1035) [hadoop-common-3.3.1.jar:?]
	at org.apache.hadoop.ipc.Server$RpcCall.run(Server.java:963) [hadoop-common-3.3.1.jar:?]
	at java.security.AccessController.doPrivileged(Native Method) ~[?:1.8.0_322]
	at javax.security.auth.Subject.doAs(Subject.java:422) [?:1.8.0_322]
	at org.apache.hadoop.security.UserGroupInformation.doAs(UserGroupInformation.java:1878) [hadoop-common-3.3.1.jar:?]
	at org.apache.hadoop.ipc.Server$Handler.run(Server.java:2966) [hadoop-common-3.3.1.jar:?]
04:17:14.550 [IPC Server handler 18 on default port 45981] ERROR OMAudit - user=runner | ip=127.0.0.1 | op=GET_FILE_STATUS {volume=volume21477, bucket=bucket24700, key=gdir1/dir1/child, dataSize=0, replicationConfig=null} | ret=FAILURE
org.apache.hadoop.ozone.om.exceptions.OMException: Unable to get file status: volume: volume21477 bucket: bucket24700 key: gdir1/dir1/child
	at org.apache.hadoop.ozone.om.KeyManagerImpl.getOzoneFileStatus(KeyManagerImpl.java:1280) ~[ozone-manager-1.3.0-SNAPSHOT.jar:?]
	at org.apache.hadoop.ozone.om.KeyManagerImpl.getFileStatus(KeyManagerImpl.java:1210) ~[ozone-manager-1.3.0-SNAPSHOT.jar:?]
	at org.apache.hadoop.ozone.om.OzoneManager.getFileStatus(OzoneManager.java:3009) ~[ozone-manager-1.3.0-SNAPSHOT.jar:?]
	at org.apache.hadoop.ozone.protocolPB.OzoneManagerRequestHandler.getOzoneFileStatus(OzoneManagerRequestHandler.java:670) ~[ozone-manager-1.3.0-SNAPSHOT.jar:?]
	at org.apache.hadoop.ozone.protocolPB.OzoneManagerRequestHandler.handleReadRequest(OzoneManagerRequestHandler.java:201) ~[ozone-manager-1.3.0-SNAPSHOT.jar:?]
	at org.apache.hadoop.ozone.protocolPB.OzoneManagerProtocolServerSideTranslatorPB.submitReadRequestToOM(OzoneManagerProtocolServerSideTranslatorPB.java:213) ~[ozone-manager-1.3.0-SNAPSHOT.jar:?]
	at org.apache.hadoop.ozone.protocolPB.OzoneManagerProtocolServerSideTranslatorPB.processRequest(OzoneManagerProtocolServerSideTranslatorPB.java:174) ~[ozone-manager-1.3.0-SNAPSHOT.jar:?]
	at org.apache.hadoop.hdds.server.OzoneProtocolMessageDispatcher.processRequest(OzoneProtocolMessageDispatcher.java:87) [hdds-server-framework-1.3.0-SNAPSHOT.jar:?]
	at org.apache.hadoop.ozone.protocolPB.OzoneManagerProtocolServerSideTranslatorPB.submitRequest(OzoneManagerProtocolServerSideTranslatorPB.java:146) [ozone-manager-1.3.0-SNAPSHOT.jar:?]
	at org.apache.hadoop.ozone.protocol.proto.OzoneManagerProtocolProtos$OzoneManagerService$2.callBlockingMethod(OzoneManagerProtocolProtos.java) [ozone-interface-client-1.3.0-SNAPSHOT.jar:?]
	at org.apache.hadoop.ipc.ProtobufRpcEngine$Server.processCall(ProtobufRpcEngine.java:466) [hadoop-common-3.3.1.jar:?]
	at org.apache.hadoop.ipc.ProtobufRpcEngine2$Server$ProtoBufRpcInvoker.call(ProtobufRpcEngine2.java:574) [hadoop-common-3.3.1.jar:?]
	at org.apache.hadoop.ipc.ProtobufRpcEngine2$Server$ProtoBufRpcInvoker.call(ProtobufRpcEngine2.java:552) [hadoop-common-3.3.1.jar:?]
	at org.apache.hadoop.ipc.RPC$Server.call(RPC.java:1093) [hadoop-common-3.3.1.jar:?]
	at org.apache.hadoop.ipc.Server$RpcCall.run(Server.java:1035) [hadoop-common-3.3.1.jar:?]
	at org.apache.hadoop.ipc.Server$RpcCall.run(Server.java:963) [hadoop-common-3.3.1.jar:?]
	at java.security.AccessController.doPrivileged(Native Method) ~[?:1.8.0_322]
	at javax.security.auth.Subject.doAs(Subject.java:422) [?:1.8.0_322]
	at org.apache.hadoop.security.UserGroupInformation.doAs(UserGroupInformation.java:1878) [hadoop-common-3.3.1.jar:?]
	at org.apache.hadoop.ipc.Server$Handler.run(Server.java:2966) [hadoop-common-3.3.1.jar:?]
04:17:14.550 [IPC Server handler 11 on default port 45981] ERROR OMAudit - user=runner | ip=127.0.0.1 | op=GET_FILE_STATUS {volume=volume21477, bucket=bucket24700, key=gdir1/dir2, dataSize=0, replicationConfig=null} | ret=FAILURE
org.apache.hadoop.ozone.om.exceptions.OMException: Unable to get file status: volume: volume21477 bucket: bucket24700 key: gdir1/dir2
	at org.apache.hadoop.ozone.om.KeyManagerImpl.getOzoneFileStatus(KeyManagerImpl.java:1280) ~[ozone-manager-1.3.0-SNAPSHOT.jar:?]
	at org.apache.hadoop.ozone.om.KeyManagerImpl.getFileStatus(KeyManagerImpl.java:1210) ~[ozone-manager-1.3.0-SNAPSHOT.jar:?]
	at org.apache.hadoop.ozone.om.OzoneManager.getFileStatus(OzoneManager.java:3009) ~[ozone-manager-1.3.0-SNAPSHOT.jar:?]
	at org.apache.hadoop.ozone.protocolPB.OzoneManagerRequestHandler.getOzoneFileStatus(OzoneManagerRequestHandler.java:670) ~[ozone-manager-1.3.0-SNAPSHOT.jar:?]
	at org.apache.hadoop.ozone.protocolPB.OzoneManagerRequestHandler.handleReadRequest(OzoneManagerRequestHandler.java:201) ~[ozone-manager-1.3.0-SNAPSHOT.jar:?]
	at org.apache.hadoop.ozone.protocolPB.OzoneManagerProtocolServerSideTranslatorPB.submitReadRequestToOM(OzoneManagerProtocolServerSideTranslatorPB.java:213) ~[ozone-manager-1.3.0-SNAPSHOT.jar:?]
	at org.apache.hadoop.ozone.protocolPB.OzoneManagerProtocolServerSideTranslatorPB.processRequest(OzoneManagerProtocolServerSideTranslatorPB.java:174) ~[ozone-manager-1.3.0-SNAPSHOT.jar:?]
	at org.apache.hadoop.hdds.server.OzoneProtocolMessageDispatcher.processRequest(OzoneProtocolMessageDispatcher.java:87) [hdds-server-framework-1.3.0-SNAPSHOT.jar:?]
	at org.apache.hadoop.ozone.protocolPB.OzoneManagerProtocolServerSideTranslatorPB.submitRequest(OzoneManagerProtocolServerSideTranslatorPB.java:146) [ozone-manager-1.3.0-SNAPSHOT.jar:?]
	at org.apache.hadoop.ozone.protocol.proto.OzoneManagerProtocolProtos$OzoneManagerService$2.callBlockingMethod(OzoneManagerProtocolProtos.java) [ozone-interface-client-1.3.0-SNAPSHOT.jar:?]
	at org.apache.hadoop.ipc.ProtobufRpcEngine$Server.processCall(ProtobufRpcEngine.java:466) [hadoop-common-3.3.1.jar:?]
	at org.apache.hadoop.ipc.ProtobufRpcEngine2$Server$ProtoBufRpcInvoker.call(ProtobufRpcEngine2.java:574) [hadoop-common-3.3.1.jar:?]
	at org.apache.hadoop.ipc.ProtobufRpcEngine2$Server$ProtoBufRpcInvoker.call(ProtobufRpcEngine2.java:552) [hadoop-common-3.3.1.jar:?]
	at org.apache.hadoop.ipc.RPC$Server.call(RPC.java:1093) [hadoop-common-3.3.1.jar:?]
	at org.apache.hadoop.ipc.Server$RpcCall.run(Server.java:1035) [hadoop-common-3.3.1.jar:?]
	at org.apache.hadoop.ipc.Server$RpcCall.run(Server.java:963) [hadoop-common-3.3.1.jar:?]
	at java.security.AccessController.doPrivileged(Native Method) ~[?:1.8.0_322]
	at javax.security.auth.Subject.doAs(Subject.java:422) [?:1.8.0_322]
	at org.apache.hadoop.security.UserGroupInformation.doAs(UserGroupInformation.java:1878) [hadoop-common-3.3.1.jar:?]
	at org.apache.hadoop.ipc.Server$Handler.run(Server.java:2966) [hadoop-common-3.3.1.jar:?]
04:17:14.551 [IPC Server handler 4 on default port 45981] ERROR OMAudit - user=runner | ip=127.0.0.1 | op=GET_FILE_STATUS {volume=volume21477, bucket=bucket24700, key=gdir1/dir2/child, dataSize=0, replicationConfig=null} | ret=FAILURE
org.apache.hadoop.ozone.om.exceptions.OMException: Unable to get file status: volume: volume21477 bucket: bucket24700 key: gdir1/dir2/child
	at org.apache.hadoop.ozone.om.KeyManagerImpl.getOzoneFileStatus(KeyManagerImpl.java:1280) ~[ozone-manager-1.3.0-SNAPSHOT.jar:?]
	at org.apache.hadoop.ozone.om.KeyManagerImpl.getFileStatus(KeyManagerImpl.java:1210) ~[ozone-manager-1.3.0-SNAPSHOT.jar:?]
	at org.apache.hadoop.ozone.om.OzoneManager.getFileStatus(OzoneManager.java:3009) ~[ozone-manager-1.3.0-SNAPSHOT.jar:?]
	at org.apache.hadoop.ozone.protocolPB.OzoneManagerRequestHandler.getOzoneFileStatus(OzoneManagerRequestHandler.java:670) ~[ozone-manager-1.3.0-SNAPSHOT.jar:?]
	at org.apache.hadoop.ozone.protocolPB.OzoneManagerRequestHandler.handleReadRequest(OzoneManagerRequestHandler.java:201) ~[ozone-manager-1.3.0-SNAPSHOT.jar:?]
	at org.apache.hadoop.ozone.protocolPB.OzoneManagerProtocolServerSideTranslatorPB.submitReadRequestToOM(OzoneManagerProtocolServerSideTranslatorPB.java:213) ~[ozone-manager-1.3.0-SNAPSHOT.jar:?]
	at org.apache.hadoop.ozone.protocolPB.OzoneManagerProtocolServerSideTranslatorPB.processRequest(OzoneManagerProtocolServerSideTranslatorPB.java:174) ~[ozone-manager-1.3.0-SNAPSHOT.jar:?]
	at org.apache.hadoop.hdds.server.OzoneProtocolMessageDispatcher.processRequest(OzoneProtocolMessageDispatcher.java:87) [hdds-server-framework-1.3.0-SNAPSHOT.jar:?]
	at org.apache.hadoop.ozone.protocolPB.OzoneManagerProtocolServerSideTranslatorPB.submitRequest(OzoneManagerProtocolServerSideTranslatorPB.java:146) [ozone-manager-1.3.0-SNAPSHOT.jar:?]
	at org.apache.hadoop.ozone.protocol.proto.OzoneManagerProtocolProtos$OzoneManagerService$2.callBlockingMethod(OzoneManagerProtocolProtos.java) [ozone-interface-client-1.3.0-SNAPSHOT.jar:?]
	at org.apache.hadoop.ipc.ProtobufRpcEngine$Server.processCall(ProtobufRpcEngine.java:466) [hadoop-common-3.3.1.jar:?]
	at org.apache.hadoop.ipc.ProtobufRpcEngine2$Server$ProtoBufRpcInvoker.call(ProtobufRpcEngine2.java:574) [hadoop-common-3.3.1.jar:?]
	at org.apache.hadoop.ipc.ProtobufRpcEngine2$Server$ProtoBufRpcInvoker.call(ProtobufRpcEngine2.java:552) [hadoop-common-3.3.1.jar:?]
	at org.apache.hadoop.ipc.RPC$Server.call(RPC.java:1093) [hadoop-common-3.3.1.jar:?]
	at org.apache.hadoop.ipc.Server$RpcCall.run(Server.java:1035) [hadoop-common-3.3.1.jar:?]
	at org.apache.hadoop.ipc.Server$RpcCall.run(Server.java:963) [hadoop-common-3.3.1.jar:?]
	at java.security.AccessController.doPrivileged(Native Method) ~[?:1.8.0_322]
	at javax.security.auth.Subject.doAs(Subject.java:422) [?:1.8.0_322]
	at org.apache.hadoop.security.UserGroupInformation.doAs(UserGroupInformation.java:1878) [hadoop-common-3.3.1.jar:?]
	at org.apache.hadoop.ipc.Server$Handler.run(Server.java:2966) [hadoop-common-3.3.1.jar:?]
04:17:14.552 [IPC Server handler 14 on default port 45981] ERROR OMAudit - user=runner | ip=127.0.0.1 | op=GET_FILE_STATUS {volume=volume21477, bucket=bucket24700, key=gdir1/dir3, dataSize=0, replicationConfig=null} | ret=FAILURE
org.apache.hadoop.ozone.om.exceptions.OMException: Unable to get file status: volume: volume21477 bucket: bucket24700 key: gdir1/dir3
	at org.apache.hadoop.ozone.om.KeyManagerImpl.getOzoneFileStatus(KeyManagerImpl.java:1280) ~[ozone-manager-1.3.0-SNAPSHOT.jar:?]
	at org.apache.hadoop.ozone.om.KeyManagerImpl.getFileStatus(KeyManagerImpl.java:1210) ~[ozone-manager-1.3.0-SNAPSHOT.jar:?]
	at org.apache.hadoop.ozone.om.OzoneManager.getFileStatus(OzoneManager.java:3009) ~[ozone-manager-1.3.0-SNAPSHOT.jar:?]
	at org.apache.hadoop.ozone.protocolPB.OzoneManagerRequestHandler.getOzoneFileStatus(OzoneManagerRequestHandler.java:670) ~[ozone-manager-1.3.0-SNAPSHOT.jar:?]
	at org.apache.hadoop.ozone.protocolPB.OzoneManagerRequestHandler.handleReadRequest(OzoneManagerRequestHandler.java:201) ~[ozone-manager-1.3.0-SNAPSHOT.jar:?]
	at org.apache.hadoop.ozone.protocolPB.OzoneManagerProtocolServerSideTranslatorPB.submitReadRequestToOM(OzoneManagerProtocolServerSideTranslatorPB.java:213) ~[ozone-manager-1.3.0-SNAPSHOT.jar:?]
	at org.apache.hadoop.ozone.protocolPB.OzoneManagerProtocolServerSideTranslatorPB.processRequest(OzoneManagerProtocolServerSideTranslatorPB.java:174) ~[ozone-manager-1.3.0-SNAPSHOT.jar:?]
	at org.apache.hadoop.hdds.server.OzoneProtocolMessageDispatcher.processRequest(OzoneProtocolMessageDispatcher.java:87) [hdds-server-framework-1.3.0-SNAPSHOT.jar:?]
	at org.apache.hadoop.ozone.protocolPB.OzoneManagerProtocolServerSideTranslatorPB.submitRequest(OzoneManagerProtocolServerSideTranslatorPB.java:146) [ozone-manager-1.3.0-SNAPSHOT.jar:?]
	at org.apache.hadoop.ozone.protocol.proto.OzoneManagerProtocolProtos$OzoneManagerService$2.callBlockingMethod(OzoneManagerProtocolProtos.java) [ozone-interface-client-1.3.0-SNAPSHOT.jar:?]
	at org.apache.hadoop.ipc.ProtobufRpcEngine$Server.processCall(ProtobufRpcEngine.java:466) [hadoop-common-3.3.1.jar:?]
	at org.apache.hadoop.ipc.ProtobufRpcEngine2$Server$ProtoBufRpcInvoker.call(ProtobufRpcEngine2.java:574) [hadoop-common-3.3.1.jar:?]
	at org.apache.hadoop.ipc.ProtobufRpcEngine2$Server$ProtoBufRpcInvoker.call(ProtobufRpcEngine2.java:552) [hadoop-common-3.3.1.jar:?]
	at org.apache.hadoop.ipc.RPC$Server.call(RPC.java:1093) [hadoop-common-3.3.1.jar:?]
	at org.apache.hadoop.ipc.Server$RpcCall.run(Server.java:1035) [hadoop-common-3.3.1.jar:?]
	at org.apache.hadoop.ipc.Server$RpcCall.run(Server.java:963) [hadoop-common-3.3.1.jar:?]
	at java.security.AccessController.doPrivileged(Native Method) ~[?:1.8.0_322]
	at javax.security.auth.Subject.doAs(Subject.java:422) [?:1.8.0_322]
	at org.apache.hadoop.security.UserGroupInformation.doAs(UserGroupInformation.java:1878) [hadoop-common-3.3.1.jar:?]
	at org.apache.hadoop.ipc.Server$Handler.run(Server.java:2966) [hadoop-common-3.3.1.jar:?]
04:17:14.552 [IPC Server handler 19 on default port 45981] ERROR OMAudit - user=runner | ip=127.0.0.1 | op=GET_FILE_STATUS {volume=volume21477, bucket=bucket24700, key=gdir1/dir3/child, dataSize=0, replicationConfig=null} | ret=FAILURE
org.apache.hadoop.ozone.om.exceptions.OMException: Unable to get file status: volume: volume21477 bucket: bucket24700 key: gdir1/dir3/child
	at org.apache.hadoop.ozone.om.KeyManagerImpl.getOzoneFileStatus(KeyManagerImpl.java:1280) ~[ozone-manager-1.3.0-SNAPSHOT.jar:?]
	at org.apache.hadoop.ozone.om.KeyManagerImpl.getFileStatus(KeyManagerImpl.java:1210) ~[ozone-manager-1.3.0-SNAPSHOT.jar:?]
	at org.apache.hadoop.ozone.om.OzoneManager.getFileStatus(OzoneManager.java:3009) ~[ozone-manager-1.3.0-SNAPSHOT.jar:?]
	at org.apache.hadoop.ozone.protocolPB.OzoneManagerRequestHandler.getOzoneFileStatus(OzoneManagerRequestHandler.java:670) ~[ozone-manager-1.3.0-SNAPSHOT.jar:?]
	at org.apache.hadoop.ozone.protocolPB.OzoneManagerRequestHandler.handleReadRequest(OzoneManagerRequestHandler.java:201) ~[ozone-manager-1.3.0-SNAPSHOT.jar:?]
	at org.apache.hadoop.ozone.protocolPB.OzoneManagerProtocolServerSideTranslatorPB.submitReadRequestToOM(OzoneManagerProtocolServerSideTranslatorPB.java:213) ~[ozone-manager-1.3.0-SNAPSHOT.jar:?]
	at org.apache.hadoop.ozone.protocolPB.OzoneManagerProtocolServerSideTranslatorPB.processRequest(OzoneManagerProtocolServerSideTranslatorPB.java:174) ~[ozone-manager-1.3.0-SNAPSHOT.jar:?]
	at org.apache.hadoop.hdds.server.OzoneProtocolMessageDispatcher.processRequest(OzoneProtocolMessageDispatcher.java:87) [hdds-server-framework-1.3.0-SNAPSHOT.jar:?]
	at org.apache.hadoop.ozone.protocolPB.OzoneManagerProtocolServerSideTranslatorPB.submitRequest(OzoneManagerProtocolServerSideTranslatorPB.java:146) [ozone-manager-1.3.0-SNAPSHOT.jar:?]
	at org.apache.hadoop.ozone.protocol.proto.OzoneManagerProtocolProtos$OzoneManagerService$2.callBlockingMethod(OzoneManagerProtocolProtos.java) [ozone-interface-client-1.3.0-SNAPSHOT.jar:?]
	at org.apache.hadoop.ipc.ProtobufRpcEngine$Server.processCall(ProtobufRpcEngine.java:466) [hadoop-common-3.3.1.jar:?]
	at org.apache.hadoop.ipc.ProtobufRpcEngine2$Server$ProtoBufRpcInvoker.call(ProtobufRpcEngine2.java:574) [hadoop-common-3.3.1.jar:?]
	at org.apache.hadoop.ipc.ProtobufRpcEngine2$Server$ProtoBufRpcInvoker.call(ProtobufRpcEngine2.java:552) [hadoop-common-3.3.1.jar:?]
	at org.apache.hadoop.ipc.RPC$Server.call(RPC.java:1093) [hadoop-common-3.3.1.jar:?]
	at org.apache.hadoop.ipc.Server$RpcCall.run(Server.java:1035) [hadoop-common-3.3.1.jar:?]
	at org.apache.hadoop.ipc.Server$RpcCall.run(Server.java:963) [hadoop-common-3.3.1.jar:?]
	at java.security.AccessController.doPrivileged(Native Method) ~[?:1.8.0_322]
	at javax.security.auth.Subject.doAs(Subject.java:422) [?:1.8.0_322]
	at org.apache.hadoop.security.UserGroupInformation.doAs(UserGroupInformation.java:1878) [hadoop-common-3.3.1.jar:?]
	at org.apache.hadoop.ipc.Server$Handler.run(Server.java:2966) [hadoop-common-3.3.1.jar:?]
04:17:14.553 [IPC Server handler 10 on default port 45981] ERROR OMAudit - user=runner | ip=127.0.0.1 | op=GET_FILE_STATUS {volume=volume21477, bucket=bucket24700, key=gdir1/dir4, dataSize=0, replicationConfig=null} | ret=FAILURE
org.apache.hadoop.ozone.om.exceptions.OMException: Unable to get file status: volume: volume21477 bucket: bucket24700 key: gdir1/dir4
	at org.apache.hadoop.ozone.om.KeyManagerImpl.getOzoneFileStatus(KeyManagerImpl.java:1280) ~[ozone-manager-1.3.0-SNAPSHOT.jar:?]
	at org.apache.hadoop.ozone.om.KeyManagerImpl.getFileStatus(KeyManagerImpl.java:1210) ~[ozone-manager-1.3.0-SNAPSHOT.jar:?]
	at org.apache.hadoop.ozone.om.OzoneManager.getFileStatus(OzoneManager.java:3009) ~[ozone-manager-1.3.0-SNAPSHOT.jar:?]
	at org.apache.hadoop.ozone.protocolPB.OzoneManagerRequestHandler.getOzoneFileStatus(OzoneManagerRequestHandler.java:670) ~[ozone-manager-1.3.0-SNAPSHOT.jar:?]
	at org.apache.hadoop.ozone.protocolPB.OzoneManagerRequestHandler.handleReadRequest(OzoneManagerRequestHandler.java:201) ~[ozone-manager-1.3.0-SNAPSHOT.jar:?]
	at org.apache.hadoop.ozone.protocolPB.OzoneManagerProtocolServerSideTranslatorPB.submitReadRequestToOM(OzoneManagerProtocolServerSideTranslatorPB.java:213) ~[ozone-manager-1.3.0-SNAPSHOT.jar:?]
	at org.apache.hadoop.ozone.protocolPB.OzoneManagerProtocolServerSideTranslatorPB.processRequest(OzoneManagerProtocolServerSideTranslatorPB.java:174) ~[ozone-manager-1.3.0-SNAPSHOT.jar:?]
	at org.apache.hadoop.hdds.server.OzoneProtocolMessageDispatcher.processRequest(OzoneProtocolMessageDispatcher.java:87) [hdds-server-framework-1.3.0-SNAPSHOT.jar:?]
	at org.apache.hadoop.ozone.protocolPB.OzoneManagerProtocolServerSideTranslatorPB.submitRequest(OzoneManagerProtocolServerSideTranslatorPB.java:146) [ozone-manager-1.3.0-SNAPSHOT.jar:?]
	at org.apache.hadoop.ozone.protocol.proto.OzoneManagerProtocolProtos$OzoneManagerService$2.callBlockingMethod(OzoneManagerProtocolProtos.java) [ozone-interface-client-1.3.0-SNAPSHOT.jar:?]
	at org.apache.hadoop.ipc.ProtobufRpcEngine$Server.processCall(ProtobufRpcEngine.java:466) [hadoop-common-3.3.1.jar:?]
	at org.apache.hadoop.ipc.ProtobufRpcEngine2$Server$ProtoBufRpcInvoker.call(ProtobufRpcEngine2.java:574) [hadoop-common-3.3.1.jar:?]
	at org.apache.hadoop.ipc.ProtobufRpcEngine2$Server$ProtoBufRpcInvoker.call(ProtobufRpcEngine2.java:552) [hadoop-common-3.3.1.jar:?]
	at org.apache.hadoop.ipc.RPC$Server.call(RPC.java:1093) [hadoop-common-3.3.1.jar:?]
	at org.apache.hadoop.ipc.Server$RpcCall.run(Server.java:1035) [hadoop-common-3.3.1.jar:?]
	at org.apache.hadoop.ipc.Server$RpcCall.run(Server.java:963) [hadoop-common-3.3.1.jar:?]
	at java.security.AccessController.doPrivileged(Native Method) ~[?:1.8.0_322]
	at javax.security.auth.Subject.doAs(Subject.java:422) [?:1.8.0_322]
	at org.apache.hadoop.security.UserGroupInformation.doAs(UserGroupInformation.java:1878) [hadoop-common-3.3.1.jar:?]
	at org.apache.hadoop.ipc.Server$Handler.run(Server.java:2966) [hadoop-common-3.3.1.jar:?]
04:17:14.558 [IPC Server handler 2 on default port 45981] ERROR OMAudit - user=runner | ip=127.0.0.1 | op=GET_FILE_STATUS {volume=volume21477, bucket=bucket24700, key=gdir1/dir4/child, dataSize=0, replicationConfig=null} | ret=FAILURE
org.apache.hadoop.ozone.om.exceptions.OMException: Unable to get file status: volume: volume21477 bucket: bucket24700 key: gdir1/dir4/child
	at org.apache.hadoop.ozone.om.KeyManagerImpl.getOzoneFileStatus(KeyManagerImpl.java:1280) ~[ozone-manager-1.3.0-SNAPSHOT.jar:?]
	at org.apache.hadoop.ozone.om.KeyManagerImpl.getFileStatus(KeyManagerImpl.java:1210) ~[ozone-manager-1.3.0-SNAPSHOT.jar:?]
	at org.apache.hadoop.ozone.om.OzoneManager.getFileStatus(OzoneManager.java:3009) ~[ozone-manager-1.3.0-SNAPSHOT.jar:?]
	at org.apache.hadoop.ozone.protocolPB.OzoneManagerRequestHandler.getOzoneFileStatus(OzoneManagerRequestHandler.java:670) ~[ozone-manager-1.3.0-SNAPSHOT.jar:?]
	at org.apache.hadoop.ozone.protocolPB.OzoneManagerRequestHandler.handleReadRequest(OzoneManagerRequestHandler.java:201) ~[ozone-manager-1.3.0-SNAPSHOT.jar:?]
	at org.apache.hadoop.ozone.protocolPB.OzoneManagerProtocolServerSideTranslatorPB.submitReadRequestToOM(OzoneManagerProtocolServerSideTranslatorPB.java:213) ~[ozone-manager-1.3.0-SNAPSHOT.jar:?]
	at org.apache.hadoop.ozone.protocolPB.OzoneManagerProtocolServerSideTranslatorPB.processRequest(OzoneManagerProtocolServerSideTranslatorPB.java:174) ~[ozone-manager-1.3.0-SNAPSHOT.jar:?]
	at org.apache.hadoop.hdds.server.OzoneProtocolMessageDispatcher.processRequest(OzoneProtocolMessageDispatcher.java:87) [hdds-server-framework-1.3.0-SNAPSHOT.jar:?]
	at org.apache.hadoop.ozone.protocolPB.OzoneManagerProtocolServerSideTranslatorPB.submitRequest(OzoneManagerProtocolServerSideTranslatorPB.java:146) [ozone-manager-1.3.0-SNAPSHOT.jar:?]
	at org.apache.hadoop.ozone.protocol.proto.OzoneManagerProtocolProtos$OzoneManagerService$2.callBlockingMethod(OzoneManagerProtocolProtos.java) [ozone-interface-client-1.3.0-SNAPSHOT.jar:?]
	at org.apache.hadoop.ipc.ProtobufRpcEngine$Server.processCall(ProtobufRpcEngine.java:466) [hadoop-common-3.3.1.jar:?]
	at org.apache.hadoop.ipc.ProtobufRpcEngine2$Server$ProtoBufRpcInvoker.call(ProtobufRpcEngine2.java:574) [hadoop-common-3.3.1.jar:?]
	at org.apache.hadoop.ipc.ProtobufRpcEngine2$Server$ProtoBufRpcInvoker.call(ProtobufRpcEngine2.java:552) [hadoop-common-3.3.1.jar:?]
	at org.apache.hadoop.ipc.RPC$Server.call(RPC.java:1093) [hadoop-common-3.3.1.jar:?]
	at org.apache.hadoop.ipc.Server$RpcCall.run(Server.java:1035) [hadoop-common-3.3.1.jar:?]
	at org.apache.hadoop.ipc.Server$RpcCall.run(Server.java:963) [hadoop-common-3.3.1.jar:?]
	at java.security.AccessController.doPrivileged(Native Method) ~[?:1.8.0_322]
	at javax.security.auth.Subject.doAs(Subject.java:422) [?:1.8.0_322]
	at org.apache.hadoop.security.UserGroupInformation.doAs(UserGroupInformation.java:1878) [hadoop-common-3.3.1.jar:?]
	at org.apache.hadoop.ipc.Server$Handler.run(Server.java:2966) [hadoop-common-3.3.1.jar:?]
04:17:14.559 [IPC Server handler 9 on default port 45981] ERROR OMAudit - user=runner | ip=127.0.0.1 | op=GET_FILE_STATUS {volume=volume21477, bucket=bucket24700, key=gdir1/dir5, dataSize=0, replicationConfig=null} | ret=FAILURE
org.apache.hadoop.ozone.om.exceptions.OMException: Unable to get file status: volume: volume21477 bucket: bucket24700 key: gdir1/dir5
	at org.apache.hadoop.ozone.om.KeyManagerImpl.getOzoneFileStatus(KeyManagerImpl.java:1280) ~[ozone-manager-1.3.0-SNAPSHOT.jar:?]
	at org.apache.hadoop.ozone.om.KeyManagerImpl.getFileStatus(KeyManagerImpl.java:1210) ~[ozone-manager-1.3.0-SNAPSHOT.jar:?]
	at org.apache.hadoop.ozone.om.OzoneManager.getFileStatus(OzoneManager.java:3009) ~[ozone-manager-1.3.0-SNAPSHOT.jar:?]
	at org.apache.hadoop.ozone.protocolPB.OzoneManagerRequestHandler.getOzoneFileStatus(OzoneManagerRequestHandler.java:670) ~[ozone-manager-1.3.0-SNAPSHOT.jar:?]
	at org.apache.hadoop.ozone.protocolPB.OzoneManagerRequestHandler.handleReadRequest(OzoneManagerRequestHandler.java:201) ~[ozone-manager-1.3.0-SNAPSHOT.jar:?]
	at org.apache.hadoop.ozone.protocolPB.OzoneManagerProtocolServerSideTranslatorPB.submitReadRequestToOM(OzoneManagerProtocolServerSideTranslatorPB.java:213) ~[ozone-manager-1.3.0-SNAPSHOT.jar:?]
	at org.apache.hadoop.ozone.protocolPB.OzoneManagerProtocolServerSideTranslatorPB.processRequest(OzoneManagerProtocolServerSideTranslatorPB.java:174) ~[ozone-manager-1.3.0-SNAPSHOT.jar:?]
	at org.apache.hadoop.hdds.server.OzoneProtocolMessageDispatcher.processRequest(OzoneProtocolMessageDispatcher.java:87) [hdds-server-framework-1.3.0-SNAPSHOT.jar:?]
	at org.apache.hadoop.ozone.protocolPB.OzoneManagerProtocolServerSideTranslatorPB.submitRequest(OzoneManagerProtocolServerSideTranslatorPB.java:146) [ozone-manager-1.3.0-SNAPSHOT.jar:?]
	at org.apache.hadoop.ozone.protocol.proto.OzoneManagerProtocolProtos$OzoneManagerService$2.callBlockingMethod(OzoneManagerProtocolProtos.java) [ozone-interface-client-1.3.0-SNAPSHOT.jar:?]
	at org.apache.hadoop.ipc.ProtobufRpcEngine$Server.processCall(ProtobufRpcEngine.java:466) [hadoop-common-3.3.1.jar:?]
	at org.apache.hadoop.ipc.ProtobufRpcEngine2$Server$ProtoBufRpcInvoker.call(ProtobufRpcEngine2.java:574) [hadoop-common-3.3.1.jar:?]
	at org.apache.hadoop.ipc.ProtobufRpcEngine2$Server$ProtoBufRpcInvoker.call(ProtobufRpcEngine2.java:552) [hadoop-common-3.3.1.jar:?]
	at org.apache.hadoop.ipc.RPC$Server.call(RPC.java:1093) [hadoop-common-3.3.1.jar:?]
	at org.apache.hadoop.ipc.Server$RpcCall.run(Server.java:1035) [hadoop-common-3.3.1.jar:?]
	at org.apache.hadoop.ipc.Server$RpcCall.run(Server.java:963) [hadoop-common-3.3.1.jar:?]
	at java.security.AccessController.doPrivileged(Native Method) ~[?:1.8.0_322]
	at javax.security.auth.Subject.doAs(Subject.java:422) [?:1.8.0_322]
	at org.apache.hadoop.security.UserGroupInformation.doAs(UserGroupInformation.java:1878) [hadoop-common-3.3.1.jar:?]
	at org.apache.hadoop.ipc.Server$Handler.run(Server.java:2966) [hadoop-common-3.3.1.jar:?]
04:17:14.561 [IPC Server handler 1 on default port 45981] ERROR OMAudit - user=runner | ip=127.0.0.1 | op=GET_FILE_STATUS {volume=volume21477, bucket=bucket24700, key=gdir1/dir5/child, dataSize=0, replicationConfig=null} | ret=FAILURE
org.apache.hadoop.ozone.om.exceptions.OMException: Unable to get file status: volume: volume21477 bucket: bucket24700 key: gdir1/dir5/child
	at org.apache.hadoop.ozone.om.KeyManagerImpl.getOzoneFileStatus(KeyManagerImpl.java:1280) ~[ozone-manager-1.3.0-SNAPSHOT.jar:?]
	at org.apache.hadoop.ozone.om.KeyManagerImpl.getFileStatus(KeyManagerImpl.java:1210) ~[ozone-manager-1.3.0-SNAPSHOT.jar:?]
	at org.apache.hadoop.ozone.om.OzoneManager.getFileStatus(OzoneManager.java:3009) ~[ozone-manager-1.3.0-SNAPSHOT.jar:?]
	at org.apache.hadoop.ozone.protocolPB.OzoneManagerRequestHandler.getOzoneFileStatus(OzoneManagerRequestHandler.java:670) ~[ozone-manager-1.3.0-SNAPSHOT.jar:?]
	at org.apache.hadoop.ozone.protocolPB.OzoneManagerRequestHandler.handleReadRequest(OzoneManagerRequestHandler.java:201) ~[ozone-manager-1.3.0-SNAPSHOT.jar:?]
	at org.apache.hadoop.ozone.protocolPB.OzoneManagerProtocolServerSideTranslatorPB.submitReadRequestToOM(OzoneManagerProtocolServerSideTranslatorPB.java:213) ~[ozone-manager-1.3.0-SNAPSHOT.jar:?]
	at org.apache.hadoop.ozone.protocolPB.OzoneManagerProtocolServerSideTranslatorPB.processRequest(OzoneManagerProtocolServerSideTranslatorPB.java:174) ~[ozone-manager-1.3.0-SNAPSHOT.jar:?]
	at org.apache.hadoop.hdds.server.OzoneProtocolMessageDispatcher.processRequest(OzoneProtocolMessageDispatcher.java:87) [hdds-server-framework-1.3.0-SNAPSHOT.jar:?]
	at org.apache.hadoop.ozone.protocolPB.OzoneManagerProtocolServerSideTranslatorPB.submitRequest(OzoneManagerProtocolServerSideTranslatorPB.java:146) [ozone-manager-1.3.0-SNAPSHOT.jar:?]
	at org.apache.hadoop.ozone.protocol.proto.OzoneManagerProtocolProtos$OzoneManagerService$2.callBlockingMethod(OzoneManagerProtocolProtos.java) [ozone-interface-client-1.3.0-SNAPSHOT.jar:?]
	at org.apache.hadoop.ipc.ProtobufRpcEngine$Server.processCall(ProtobufRpcEngine.java:466) [hadoop-common-3.3.1.jar:?]
	at org.apache.hadoop.ipc.ProtobufRpcEngine2$Server$ProtoBufRpcInvoker.call(ProtobufRpcEngine2.java:574) [hadoop-common-3.3.1.jar:?]
	at org.apache.hadoop.ipc.ProtobufRpcEngine2$Server$ProtoBufRpcInvoker.call(ProtobufRpcEngine2.java:552) [hadoop-common-3.3.1.jar:?]
	at org.apache.hadoop.ipc.RPC$Server.call(RPC.java:1093) [hadoop-common-3.3.1.jar:?]
	at org.apache.hadoop.ipc.Server$RpcCall.run(Server.java:1035) [hadoop-common-3.3.1.jar:?]
	at org.apache.hadoop.ipc.Server$RpcCall.run(Server.java:963) [hadoop-common-3.3.1.jar:?]
	at java.security.AccessController.doPrivileged(Native Method) ~[?:1.8.0_322]
	at javax.security.auth.Subject.doAs(Subject.java:422) [?:1.8.0_322]
	at org.apache.hadoop.security.UserGroupInformation.doAs(UserGroupInformation.java:1878) [hadoop-common-3.3.1.jar:?]
	at org.apache.hadoop.ipc.Server$Handler.run(Server.java:2966) [hadoop-common-3.3.1.jar:?]
04:17:14.561 [IPC Server handler 3 on default port 45981] ERROR OMAudit - user=runner | ip=127.0.0.1 | op=GET_FILE_STATUS {volume=volume21477, bucket=bucket24700, key=gdir1/dir6, dataSize=0, replicationConfig=null} | ret=FAILURE
org.apache.hadoop.ozone.om.exceptions.OMException: Unable to get file status: volume: volume21477 bucket: bucket24700 key: gdir1/dir6
	at org.apache.hadoop.ozone.om.KeyManagerImpl.getOzoneFileStatus(KeyManagerImpl.java:1280) ~[ozone-manager-1.3.0-SNAPSHOT.jar:?]
	at org.apache.hadoop.ozone.om.KeyManagerImpl.getFileStatus(KeyManagerImpl.java:1210) ~[ozone-manager-1.3.0-SNAPSHOT.jar:?]
	at org.apache.hadoop.ozone.om.OzoneManager.getFileStatus(OzoneManager.java:3009) ~[ozone-manager-1.3.0-SNAPSHOT.jar:?]
	at org.apache.hadoop.ozone.protocolPB.OzoneManagerRequestHandler.getOzoneFileStatus(OzoneManagerRequestHandler.java:670) ~[ozone-manager-1.3.0-SNAPSHOT.jar:?]
	at org.apache.hadoop.ozone.protocolPB.OzoneManagerRequestHandler.handleReadRequest(OzoneManagerRequestHandler.java:201) ~[ozone-manager-1.3.0-SNAPSHOT.jar:?]
	at org.apache.hadoop.ozone.protocolPB.OzoneManagerProtocolServerSideTranslatorPB.submitReadRequestToOM(OzoneManagerProtocolServerSideTranslatorPB.java:213) ~[ozone-manager-1.3.0-SNAPSHOT.jar:?]
	at org.apache.hadoop.ozone.protocolPB.OzoneManagerProtocolServerSideTranslatorPB.processRequest(OzoneManagerProtocolServerSideTranslatorPB.java:174) ~[ozone-manager-1.3.0-SNAPSHOT.jar:?]
	at org.apache.hadoop.hdds.server.OzoneProtocolMessageDispatcher.processRequest(OzoneProtocolMessageDispatcher.java:87) [hdds-server-framework-1.3.0-SNAPSHOT.jar:?]
	at org.apache.hadoop.ozone.protocolPB.OzoneManagerProtocolServerSideTranslatorPB.submitRequest(OzoneManagerProtocolServerSideTranslatorPB.java:146) [ozone-manager-1.3.0-SNAPSHOT.jar:?]
	at org.apache.hadoop.ozone.protocol.proto.OzoneManagerProtocolProtos$OzoneManagerService$2.callBlockingMethod(OzoneManagerProtocolProtos.java) [ozone-interface-client-1.3.0-SNAPSHOT.jar:?]
	at org.apache.hadoop.ipc.ProtobufRpcEngine$Server.processCall(ProtobufRpcEngine.java:466) [hadoop-common-3.3.1.jar:?]
	at org.apache.hadoop.ipc.ProtobufRpcEngine2$Server$ProtoBufRpcInvoker.call(ProtobufRpcEngine2.java:574) [hadoop-common-3.3.1.jar:?]
	at org.apache.hadoop.ipc.ProtobufRpcEngine2$Server$ProtoBufRpcInvoker.call(ProtobufRpcEngine2.java:552) [hadoop-common-3.3.1.jar:?]
	at org.apache.hadoop.ipc.RPC$Server.call(RPC.java:1093) [hadoop-common-3.3.1.jar:?]
	at org.apache.hadoop.ipc.Server$RpcCall.run(Server.java:1035) [hadoop-common-3.3.1.jar:?]
	at org.apache.hadoop.ipc.Server$RpcCall.run(Server.java:963) [hadoop-common-3.3.1.jar:?]
	at java.security.AccessController.doPrivileged(Native Method) ~[?:1.8.0_322]
	at javax.security.auth.Subject.doAs(Subject.java:422) [?:1.8.0_322]
	at org.apache.hadoop.security.UserGroupInformation.doAs(UserGroupInformation.java:1878) [hadoop-common-3.3.1.jar:?]
	at org.apache.hadoop.ipc.Server$Handler.run(Server.java:2966) [hadoop-common-3.3.1.jar:?]
04:17:14.562 [IPC Server handler 8 on default port 45981] ERROR OMAudit - user=runner | ip=127.0.0.1 | op=GET_FILE_STATUS {volume=volume21477, bucket=bucket24700, key=gdir1/dir6/child, dataSize=0, replicationConfig=null} | ret=FAILURE
org.apache.hadoop.ozone.om.exceptions.OMException: Unable to get file status: volume: volume21477 bucket: bucket24700 key: gdir1/dir6/child
	at org.apache.hadoop.ozone.om.KeyManagerImpl.getOzoneFileStatus(KeyManagerImpl.java:1280) ~[ozone-manager-1.3.0-SNAPSHOT.jar:?]
	at org.apache.hadoop.ozone.om.KeyManagerImpl.getFileStatus(KeyManagerImpl.java:1210) ~[ozone-manager-1.3.0-SNAPSHOT.jar:?]
	at org.apache.hadoop.ozone.om.OzoneManager.getFileStatus(OzoneManager.java:3009) ~[ozone-manager-1.3.0-SNAPSHOT.jar:?]
	at org.apache.hadoop.ozone.protocolPB.OzoneManagerRequestHandler.getOzoneFileStatus(OzoneManagerRequestHandler.java:670) ~[ozone-manager-1.3.0-SNAPSHOT.jar:?]
	at org.apache.hadoop.ozone.protocolPB.OzoneManagerRequestHandler.handleReadRequest(OzoneManagerRequestHandler.java:201) ~[ozone-manager-1.3.0-SNAPSHOT.jar:?]
	at org.apache.hadoop.ozone.protocolPB.OzoneManagerProtocolServerSideTranslatorPB.submitReadRequestToOM(OzoneManagerProtocolServerSideTranslatorPB.java:213) ~[ozone-manager-1.3.0-SNAPSHOT.jar:?]
	at org.apache.hadoop.ozone.protocolPB.OzoneManagerProtocolServerSideTranslatorPB.processRequest(OzoneManagerProtocolServerSideTranslatorPB.java:174) ~[ozone-manager-1.3.0-SNAPSHOT.jar:?]
	at org.apache.hadoop.hdds.server.OzoneProtocolMessageDispatcher.processRequest(OzoneProtocolMessageDispatcher.java:87) [hdds-server-framework-1.3.0-SNAPSHOT.jar:?]
	at org.apache.hadoop.ozone.protocolPB.OzoneManagerProtocolServerSideTranslatorPB.submitRequest(OzoneManagerProtocolServerSideTranslatorPB.java:146) [ozone-manager-1.3.0-SNAPSHOT.jar:?]
	at org.apache.hadoop.ozone.protocol.proto.OzoneManagerProtocolProtos$OzoneManagerService$2.callBlockingMethod(OzoneManagerProtocolProtos.java) [ozone-interface-client-1.3.0-SNAPSHOT.jar:?]
	at org.apache.hadoop.ipc.ProtobufRpcEngine$Server.processCall(ProtobufRpcEngine.java:466) [hadoop-common-3.3.1.jar:?]
	at org.apache.hadoop.ipc.ProtobufRpcEngine2$Server$ProtoBufRpcInvoker.call(ProtobufRpcEngine2.java:574) [hadoop-common-3.3.1.jar:?]
	at org.apache.hadoop.ipc.ProtobufRpcEngine2$Server$ProtoBufRpcInvoker.call(ProtobufRpcEngine2.java:552) [hadoop-common-3.3.1.jar:?]
	at org.apache.hadoop.ipc.RPC$Server.call(RPC.java:1093) [hadoop-common-3.3.1.jar:?]
	at org.apache.hadoop.ipc.Server$RpcCall.run(Server.java:1035) [hadoop-common-3.3.1.jar:?]
	at org.apache.hadoop.ipc.Server$RpcCall.run(Server.java:963) [hadoop-common-3.3.1.jar:?]
	at java.security.AccessController.doPrivileged(Native Method) ~[?:1.8.0_322]
	at javax.security.auth.Subject.doAs(Subject.java:422) [?:1.8.0_322]
	at org.apache.hadoop.security.UserGroupInformation.doAs(UserGroupInformation.java:1878) [hadoop-common-3.3.1.jar:?]
	at org.apache.hadoop.ipc.Server$Handler.run(Server.java:2966) [hadoop-common-3.3.1.jar:?]
04:17:14.563 [IPC Server handler 0 on default port 45981] ERROR OMAudit - user=runner | ip=127.0.0.1 | op=GET_FILE_STATUS {volume=volume21477, bucket=bucket24700, key=gdir1/dir7, dataSize=0, replicationConfig=null} | ret=FAILURE
org.apache.hadoop.ozone.om.exceptions.OMException: Unable to get file status: volume: volume21477 bucket: bucket24700 key: gdir1/dir7
	at org.apache.hadoop.ozone.om.KeyManagerImpl.getOzoneFileStatus(KeyManagerImpl.java:1280) ~[ozone-manager-1.3.0-SNAPSHOT.jar:?]
	at org.apache.hadoop.ozone.om.KeyManagerImpl.getFileStatus(KeyManagerImpl.java:1210) ~[ozone-manager-1.3.0-SNAPSHOT.jar:?]
	at org.apache.hadoop.ozone.om.OzoneManager.getFileStatus(OzoneManager.java:3009) ~[ozone-manager-1.3.0-SNAPSHOT.jar:?]
	at org.apache.hadoop.ozone.protocolPB.OzoneManagerRequestHandler.getOzoneFileStatus(OzoneManagerRequestHandler.java:670) ~[ozone-manager-1.3.0-SNAPSHOT.jar:?]
	at org.apache.hadoop.ozone.protocolPB.OzoneManagerRequestHandler.handleReadRequest(OzoneManagerRequestHandler.java:201) ~[ozone-manager-1.3.0-SNAPSHOT.jar:?]
	at org.apache.hadoop.ozone.protocolPB.OzoneManagerProtocolServerSideTranslatorPB.submitReadRequestToOM(OzoneManagerProtocolServerSideTranslatorPB.java:213) ~[ozone-manager-1.3.0-SNAPSHOT.jar:?]
	at org.apache.hadoop.ozone.protocolPB.OzoneManagerProtocolServerSideTranslatorPB.processRequest(OzoneManagerProtocolServerSideTranslatorPB.java:174) ~[ozone-manager-1.3.0-SNAPSHOT.jar:?]
	at org.apache.hadoop.hdds.server.OzoneProtocolMessageDispatcher.processRequest(OzoneProtocolMessageDispatcher.java:87) [hdds-server-framework-1.3.0-SNAPSHOT.jar:?]
	at org.apache.hadoop.ozone.protocolPB.OzoneManagerProtocolServerSideTranslatorPB.submitRequest(OzoneManagerProtocolServerSideTranslatorPB.java:146) [ozone-manager-1.3.0-SNAPSHOT.jar:?]
	at org.apache.hadoop.ozone.protocol.proto.OzoneManagerProtocolProtos$OzoneManagerService$2.callBlockingMethod(OzoneManagerProtocolProtos.java) [ozone-interface-client-1.3.0-SNAPSHOT.jar:?]
	at org.apache.hadoop.ipc.ProtobufRpcEngine$Server.processCall(ProtobufRpcEngine.java:466) [hadoop-common-3.3.1.jar:?]
	at org.apache.hadoop.ipc.ProtobufRpcEngine2$Server$ProtoBufRpcInvoker.call(ProtobufRpcEngine2.java:574) [hadoop-common-3.3.1.jar:?]
	at org.apache.hadoop.ipc.ProtobufRpcEngine2$Server$ProtoBufRpcInvoker.call(ProtobufRpcEngine2.java:552) [hadoop-common-3.3.1.jar:?]
	at org.apache.hadoop.ipc.RPC$Server.call(RPC.java:1093) [hadoop-common-3.3.1.jar:?]
	at org.apache.hadoop.ipc.Server$RpcCall.run(Server.java:1035) [hadoop-common-3.3.1.jar:?]
	at org.apache.hadoop.ipc.Server$RpcCall.run(Server.java:963) [hadoop-common-3.3.1.jar:?]
	at java.security.AccessController.doPrivileged(Native Method) ~[?:1.8.0_322]
	at javax.security.auth.Subject.doAs(Subject.java:422) [?:1.8.0_322]
	at org.apache.hadoop.security.UserGroupInformation.doAs(UserGroupInformation.java:1878) [hadoop-common-3.3.1.jar:?]
	at org.apache.hadoop.ipc.Server$Handler.run(Server.java:2966) [hadoop-common-3.3.1.jar:?]
04:17:14.563 [IPC Server handler 7 on default port 45981] ERROR OMAudit - user=runner | ip=127.0.0.1 | op=GET_FILE_STATUS {volume=volume21477, bucket=bucket24700, key=gdir1/dir7/child, dataSize=0, replicationConfig=null} | ret=FAILURE
org.apache.hadoop.ozone.om.exceptions.OMException: Unable to get file status: volume: volume21477 bucket: bucket24700 key: gdir1/dir7/child
	at org.apache.hadoop.ozone.om.KeyManagerImpl.getOzoneFileStatus(KeyManagerImpl.java:1280) ~[ozone-manager-1.3.0-SNAPSHOT.jar:?]
	at org.apache.hadoop.ozone.om.KeyManagerImpl.getFileStatus(KeyManagerImpl.java:1210) ~[ozone-manager-1.3.0-SNAPSHOT.jar:?]
	at org.apache.hadoop.ozone.om.OzoneManager.getFileStatus(OzoneManager.java:3009) ~[ozone-manager-1.3.0-SNAPSHOT.jar:?]
	at org.apache.hadoop.ozone.protocolPB.OzoneManagerRequestHandler.getOzoneFileStatus(OzoneManagerRequestHandler.java:670) ~[ozone-manager-1.3.0-SNAPSHOT.jar:?]
	at org.apache.hadoop.ozone.protocolPB.OzoneManagerRequestHandler.handleReadRequest(OzoneManagerRequestHandler.java:201) ~[ozone-manager-1.3.0-SNAPSHOT.jar:?]
	at org.apache.hadoop.ozone.protocolPB.OzoneManagerProtocolServerSideTranslatorPB.submitReadRequestToOM(OzoneManagerProtocolServerSideTranslatorPB.java:213) ~[ozone-manager-1.3.0-SNAPSHOT.jar:?]
	at org.apache.hadoop.ozone.protocolPB.OzoneManagerProtocolServerSideTranslatorPB.processRequest(OzoneManagerProtocolServerSideTranslatorPB.java:174) ~[ozone-manager-1.3.0-SNAPSHOT.jar:?]
	at org.apache.hadoop.hdds.server.OzoneProtocolMessageDispatcher.processRequest(OzoneProtocolMessageDispatcher.java:87) [hdds-server-framework-1.3.0-SNAPSHOT.jar:?]
	at org.apache.hadoop.ozone.protocolPB.OzoneManagerProtocolServerSideTranslatorPB.submitRequest(OzoneManagerProtocolServerSideTranslatorPB.java:146) [ozone-manager-1.3.0-SNAPSHOT.jar:?]
	at org.apache.hadoop.ozone.protocol.proto.OzoneManagerProtocolProtos$OzoneManagerService$2.callBlockingMethod(OzoneManagerProtocolProtos.java) [ozone-interface-client-1.3.0-SNAPSHOT.jar:?]
	at org.apache.hadoop.ipc.ProtobufRpcEngine$Server.processCall(ProtobufRpcEngine.java:466) [hadoop-common-3.3.1.jar:?]
	at org.apache.hadoop.ipc.ProtobufRpcEngine2$Server$ProtoBufRpcInvoker.call(ProtobufRpcEngine2.java:574) [hadoop-common-3.3.1.jar:?]
	at org.apache.hadoop.ipc.ProtobufRpcEngine2$Server$ProtoBufRpcInvoker.call(ProtobufRpcEngine2.java:552) [hadoop-common-3.3.1.jar:?]
	at org.apache.hadoop.ipc.RPC$Server.call(RPC.java:1093) [hadoop-common-3.3.1.jar:?]
	at org.apache.hadoop.ipc.Server$RpcCall.run(Server.java:1035) [hadoop-common-3.3.1.jar:?]
	at org.apache.hadoop.ipc.Server$RpcCall.run(Server.java:963) [hadoop-common-3.3.1.jar:?]
	at java.security.AccessController.doPrivileged(Native Method) ~[?:1.8.0_322]
	at javax.security.auth.Subject.doAs(Subject.java:422) [?:1.8.0_322]
	at org.apache.hadoop.security.UserGroupInformation.doAs(UserGroupInformation.java:1878) [hadoop-common-3.3.1.jar:?]
	at org.apache.hadoop.ipc.Server$Handler.run(Server.java:2966) [hadoop-common-3.3.1.jar:?]
04:17:14.565 [IPC Server handler 15 on default port 45981] ERROR OMAudit - user=runner | ip=127.0.0.1 | op=GET_FILE_STATUS {volume=volume21477, bucket=bucket24700, key=gdir1/dir8, dataSize=0, replicationConfig=null} | ret=FAILURE
org.apache.hadoop.ozone.om.exceptions.OMException: Unable to get file status: volume: volume21477 bucket: bucket24700 key: gdir1/dir8
	at org.apache.hadoop.ozone.om.KeyManagerImpl.getOzoneFileStatus(KeyManagerImpl.java:1280) ~[ozone-manager-1.3.0-SNAPSHOT.jar:?]
	at org.apache.hadoop.ozone.om.KeyManagerImpl.getFileStatus(KeyManagerImpl.java:1210) ~[ozone-manager-1.3.0-SNAPSHOT.jar:?]
	at org.apache.hadoop.ozone.om.OzoneManager.getFileStatus(OzoneManager.java:3009) ~[ozone-manager-1.3.0-SNAPSHOT.jar:?]
	at org.apache.hadoop.ozone.protocolPB.OzoneManagerRequestHandler.getOzoneFileStatus(OzoneManagerRequestHandler.java:670) ~[ozone-manager-1.3.0-SNAPSHOT.jar:?]
	at org.apache.hadoop.ozone.protocolPB.OzoneManagerRequestHandler.handleReadRequest(OzoneManagerRequestHandler.java:201) ~[ozone-manager-1.3.0-SNAPSHOT.jar:?]
	at org.apache.hadoop.ozone.protocolPB.OzoneManagerProtocolServerSideTranslatorPB.submitReadRequestToOM(OzoneManagerProtocolServerSideTranslatorPB.java:213) ~[ozone-manager-1.3.0-SNAPSHOT.jar:?]
	at org.apache.hadoop.ozone.protocolPB.OzoneManagerProtocolServerSideTranslatorPB.processRequest(OzoneManagerProtocolServerSideTranslatorPB.java:174) ~[ozone-manager-1.3.0-SNAPSHOT.jar:?]
	at org.apache.hadoop.hdds.server.OzoneProtocolMessageDispatcher.processRequest(OzoneProtocolMessageDispatcher.java:87) [hdds-server-framework-1.3.0-SNAPSHOT.jar:?]
	at org.apache.hadoop.ozone.protocolPB.OzoneManagerProtocolServerSideTranslatorPB.submitRequest(OzoneManagerProtocolServerSideTranslatorPB.java:146) [ozone-manager-1.3.0-SNAPSHOT.jar:?]
	at org.apache.hadoop.ozone.protocol.proto.OzoneManagerProtocolProtos$OzoneManagerService$2.callBlockingMethod(OzoneManagerProtocolProtos.java) [ozone-interface-client-1.3.0-SNAPSHOT.jar:?]
	at org.apache.hadoop.ipc.ProtobufRpcEngine$Server.processCall(ProtobufRpcEngine.java:466) [hadoop-common-3.3.1.jar:?]
	at org.apache.hadoop.ipc.ProtobufRpcEngine2$Server$ProtoBufRpcInvoker.call(ProtobufRpcEngine2.java:574) [hadoop-common-3.3.1.jar:?]
	at org.apache.hadoop.ipc.ProtobufRpcEngine2$Server$ProtoBufRpcInvoker.call(ProtobufRpcEngine2.java:552) [hadoop-common-3.3.1.jar:?]
	at org.apache.hadoop.ipc.RPC$Server.call(RPC.java:1093) [hadoop-common-3.3.1.jar:?]
	at org.apache.hadoop.ipc.Server$RpcCall.run(Server.java:1035) [hadoop-common-3.3.1.jar:?]
	at org.apache.hadoop.ipc.Server$RpcCall.run(Server.java:963) [hadoop-common-3.3.1.jar:?]
	at java.security.AccessController.doPrivileged(Native Method) ~[?:1.8.0_322]
	at javax.security.auth.Subject.doAs(Subject.java:422) [?:1.8.0_322]
	at org.apache.hadoop.security.UserGroupInformation.doAs(UserGroupInformation.java:1878) [hadoop-common-3.3.1.jar:?]
	at org.apache.hadoop.ipc.Server$Handler.run(Server.java:2966) [hadoop-common-3.3.1.jar:?]
04:17:14.566 [IPC Server handler 6 on default port 45981] ERROR OMAudit - user=runner | ip=127.0.0.1 | op=GET_FILE_STATUS {volume=volume21477, bucket=bucket24700, key=gdir1/dir8/child, dataSize=0, replicationConfig=null} | ret=FAILURE
org.apache.hadoop.ozone.om.exceptions.OMException: Unable to get file status: volume: volume21477 bucket: bucket24700 key: gdir1/dir8/child
	at org.apache.hadoop.ozone.om.KeyManagerImpl.getOzoneFileStatus(KeyManagerImpl.java:1280) ~[ozone-manager-1.3.0-SNAPSHOT.jar:?]
	at org.apache.hadoop.ozone.om.KeyManagerImpl.getFileStatus(KeyManagerImpl.java:1210) ~[ozone-manager-1.3.0-SNAPSHOT.jar:?]
	at org.apache.hadoop.ozone.om.OzoneManager.getFileStatus(OzoneManager.java:3009) ~[ozone-manager-1.3.0-SNAPSHOT.jar:?]
	at org.apache.hadoop.ozone.protocolPB.OzoneManagerRequestHandler.getOzoneFileStatus(OzoneManagerRequestHandler.java:670) ~[ozone-manager-1.3.0-SNAPSHOT.jar:?]
	at org.apache.hadoop.ozone.protocolPB.OzoneManagerRequestHandler.handleReadRequest(OzoneManagerRequestHandler.java:201) ~[ozone-manager-1.3.0-SNAPSHOT.jar:?]
	at org.apache.hadoop.ozone.protocolPB.OzoneManagerProtocolServerSideTranslatorPB.submitReadRequestToOM(OzoneManagerProtocolServerSideTranslatorPB.java:213) ~[ozone-manager-1.3.0-SNAPSHOT.jar:?]
	at org.apache.hadoop.ozone.protocolPB.OzoneManagerProtocolServerSideTranslatorPB.processRequest(OzoneManagerProtocolServerSideTranslatorPB.java:174) ~[ozone-manager-1.3.0-SNAPSHOT.jar:?]
	at org.apache.hadoop.hdds.server.OzoneProtocolMessageDispatcher.processRequest(OzoneProtocolMessageDispatcher.java:87) [hdds-server-framework-1.3.0-SNAPSHOT.jar:?]
	at org.apache.hadoop.ozone.protocolPB.OzoneManagerProtocolServerSideTranslatorPB.submitRequest(OzoneManagerProtocolServerSideTranslatorPB.java:146) [ozone-manager-1.3.0-SNAPSHOT.jar:?]
	at org.apache.hadoop.ozone.protocol.proto.OzoneManagerProtocolProtos$OzoneManagerService$2.callBlockingMethod(OzoneManagerProtocolProtos.java) [ozone-interface-client-1.3.0-SNAPSHOT.jar:?]
	at org.apache.hadoop.ipc.ProtobufRpcEngine$Server.processCall(ProtobufRpcEngine.java:466) [hadoop-common-3.3.1.jar:?]
	at org.apache.hadoop.ipc.ProtobufRpcEngine2$Server$ProtoBufRpcInvoker.call(ProtobufRpcEngine2.java:574) [hadoop-common-3.3.1.jar:?]
	at org.apache.hadoop.ipc.ProtobufRpcEngine2$Server$ProtoBufRpcInvoker.call(ProtobufRpcEngine2.java:552) [hadoop-common-3.3.1.jar:?]
	at org.apache.hadoop.ipc.RPC$Server.call(RPC.java:1093) [hadoop-common-3.3.1.jar:?]
	at org.apache.hadoop.ipc.Server$RpcCall.run(Server.java:1035) [hadoop-common-3.3.1.jar:?]
	at org.apache.hadoop.ipc.Server$RpcCall.run(Server.java:963) [hadoop-common-3.3.1.jar:?]
	at java.security.AccessController.doPrivileged(Native Method) ~[?:1.8.0_322]
	at javax.security.auth.Subject.doAs(Subject.java:422) [?:1.8.0_322]
	at org.apache.hadoop.security.UserGroupInformation.doAs(UserGroupInformation.java:1878) [hadoop-common-3.3.1.jar:?]
	at org.apache.hadoop.ipc.Server$Handler.run(Server.java:2966) [hadoop-common-3.3.1.jar:?]
04:17:14.566 [IPC Server handler 5 on default port 45981] ERROR OMAudit - user=runner | ip=127.0.0.1 | op=GET_FILE_STATUS {volume=volume21477, bucket=bucket24700, key=gdir1/dir9, dataSize=0, replicationConfig=null} | ret=FAILURE
org.apache.hadoop.ozone.om.exceptions.OMException: Unable to get file status: volume: volume21477 bucket: bucket24700 key: gdir1/dir9
	at org.apache.hadoop.ozone.om.KeyManagerImpl.getOzoneFileStatus(KeyManagerImpl.java:1280) ~[ozone-manager-1.3.0-SNAPSHOT.jar:?]
	at org.apache.hadoop.ozone.om.KeyManagerImpl.getFileStatus(KeyManagerImpl.java:1210) ~[ozone-manager-1.3.0-SNAPSHOT.jar:?]
	at org.apache.hadoop.ozone.om.OzoneManager.getFileStatus(OzoneManager.java:3009) ~[ozone-manager-1.3.0-SNAPSHOT.jar:?]
	at org.apache.hadoop.ozone.protocolPB.OzoneManagerRequestHandler.getOzoneFileStatus(OzoneManagerRequestHandler.java:670) ~[ozone-manager-1.3.0-SNAPSHOT.jar:?]
	at org.apache.hadoop.ozone.protocolPB.OzoneManagerRequestHandler.handleReadRequest(OzoneManagerRequestHandler.java:201) ~[ozone-manager-1.3.0-SNAPSHOT.jar:?]
	at org.apache.hadoop.ozone.protocolPB.OzoneManagerProtocolServerSideTranslatorPB.submitReadRequestToOM(OzoneManagerProtocolServerSideTranslatorPB.java:213) ~[ozone-manager-1.3.0-SNAPSHOT.jar:?]
	at org.apache.hadoop.ozone.protocolPB.OzoneManagerProtocolServerSideTranslatorPB.processRequest(OzoneManagerProtocolServerSideTranslatorPB.java:174) ~[ozone-manager-1.3.0-SNAPSHOT.jar:?]
	at org.apache.hadoop.hdds.server.OzoneProtocolMessageDispatcher.processRequest(OzoneProtocolMessageDispatcher.java:87) [hdds-server-framework-1.3.0-SNAPSHOT.jar:?]
	at org.apache.hadoop.ozone.protocolPB.OzoneManagerProtocolServerSideTranslatorPB.submitRequest(OzoneManagerProtocolServerSideTranslatorPB.java:146) [ozone-manager-1.3.0-SNAPSHOT.jar:?]
	at org.apache.hadoop.ozone.protocol.proto.OzoneManagerProtocolProtos$OzoneManagerService$2.callBlockingMethod(OzoneManagerProtocolProtos.java) [ozone-interface-client-1.3.0-SNAPSHOT.jar:?]
	at org.apache.hadoop.ipc.ProtobufRpcEngine$Server.processCall(ProtobufRpcEngine.java:466) [hadoop-common-3.3.1.jar:?]
	at org.apache.hadoop.ipc.ProtobufRpcEngine2$Server$ProtoBufRpcInvoker.call(ProtobufRpcEngine2.java:574) [hadoop-common-3.3.1.jar:?]
	at org.apache.hadoop.ipc.ProtobufRpcEngine2$Server$ProtoBufRpcInvoker.call(ProtobufRpcEngine2.java:552) [hadoop-common-3.3.1.jar:?]
	at org.apache.hadoop.ipc.RPC$Server.call(RPC.java:1093) [hadoop-common-3.3.1.jar:?]
	at org.apache.hadoop.ipc.Server$RpcCall.run(Server.java:1035) [hadoop-common-3.3.1.jar:?]
	at org.apache.hadoop.ipc.Server$RpcCall.run(Server.java:963) [hadoop-common-3.3.1.jar:?]
	at java.security.AccessController.doPrivileged(Native Method) ~[?:1.8.0_322]
	at javax.security.auth.Subject.doAs(Subject.java:422) [?:1.8.0_322]
	at org.apache.hadoop.security.UserGroupInformation.doAs(UserGroupInformation.java:1878) [hadoop-common-3.3.1.jar:?]
	at org.apache.hadoop.ipc.Server$Handler.run(Server.java:2966) [hadoop-common-3.3.1.jar:?]
04:17:14.567 [IPC Server handler 13 on default port 45981] ERROR OMAudit - user=runner | ip=127.0.0.1 | op=GET_FILE_STATUS {volume=volume21477, bucket=bucket24700, key=gdir1/dir9/child, dataSize=0, replicationConfig=null} | ret=FAILURE
org.apache.hadoop.ozone.om.exceptions.OMException: Unable to get file status: volume: volume21477 bucket: bucket24700 key: gdir1/dir9/child
	at org.apache.hadoop.ozone.om.KeyManagerImpl.getOzoneFileStatus(KeyManagerImpl.java:1280) ~[ozone-manager-1.3.0-SNAPSHOT.jar:?]
	at org.apache.hadoop.ozone.om.KeyManagerImpl.getFileStatus(KeyManagerImpl.java:1210) ~[ozone-manager-1.3.0-SNAPSHOT.jar:?]
	at org.apache.hadoop.ozone.om.OzoneManager.getFileStatus(OzoneManager.java:3009) ~[ozone-manager-1.3.0-SNAPSHOT.jar:?]
	at org.apache.hadoop.ozone.protocolPB.OzoneManagerRequestHandler.getOzoneFileStatus(OzoneManagerRequestHandler.java:670) ~[ozone-manager-1.3.0-SNAPSHOT.jar:?]
	at org.apache.hadoop.ozone.protocolPB.OzoneManagerRequestHandler.handleReadRequest(OzoneManagerRequestHandler.java:201) ~[ozone-manager-1.3.0-SNAPSHOT.jar:?]
	at org.apache.hadoop.ozone.protocolPB.OzoneManagerProtocolServerSideTranslatorPB.submitReadRequestToOM(OzoneManagerProtocolServerSideTranslatorPB.java:213) ~[ozone-manager-1.3.0-SNAPSHOT.jar:?]
	at org.apache.hadoop.ozone.protocolPB.OzoneManagerProtocolServerSideTranslatorPB.processRequest(OzoneManagerProtocolServerSideTranslatorPB.java:174) ~[ozone-manager-1.3.0-SNAPSHOT.jar:?]
	at org.apache.hadoop.hdds.server.OzoneProtocolMessageDispatcher.processRequest(OzoneProtocolMessageDispatcher.java:87) [hdds-server-framework-1.3.0-SNAPSHOT.jar:?]
	at org.apache.hadoop.ozone.protocolPB.OzoneManagerProtocolServerSideTranslatorPB.submitRequest(OzoneManagerProtocolServerSideTranslatorPB.java:146) [ozone-manager-1.3.0-SNAPSHOT.jar:?]
	at org.apache.hadoop.ozone.protocol.proto.OzoneManagerProtocolProtos$OzoneManagerService$2.callBlockingMethod(OzoneManagerProtocolProtos.java) [ozone-interface-client-1.3.0-SNAPSHOT.jar:?]
	at org.apache.hadoop.ipc.ProtobufRpcEngine$Server.processCall(ProtobufRpcEngine.java:466) [hadoop-common-3.3.1.jar:?]
	at org.apache.hadoop.ipc.ProtobufRpcEngine2$Server$ProtoBufRpcInvoker.call(ProtobufRpcEngine2.java:574) [hadoop-common-3.3.1.jar:?]
	at org.apache.hadoop.ipc.ProtobufRpcEngine2$Server$ProtoBufRpcInvoker.call(ProtobufRpcEngine2.java:552) [hadoop-common-3.3.1.jar:?]
	at org.apache.hadoop.ipc.RPC$Server.call(RPC.java:1093) [hadoop-common-3.3.1.jar:?]
	at org.apache.hadoop.ipc.Server$RpcCall.run(Server.java:1035) [hadoop-common-3.3.1.jar:?]
	at org.apache.hadoop.ipc.Server$RpcCall.run(Server.java:963) [hadoop-common-3.3.1.jar:?]
	at java.security.AccessController.doPrivileged(Native Method) ~[?:1.8.0_322]
	at javax.security.auth.Subject.doAs(Subject.java:422) [?:1.8.0_322]
	at org.apache.hadoop.security.UserGroupInformation.doAs(UserGroupInformation.java:1878) [hadoop-common-3.3.1.jar:?]
	at org.apache.hadoop.ipc.Server$Handler.run(Server.java:2966) [hadoop-common-3.3.1.jar:?]
04:17:14.568 [IPC Server handler 12 on default port 45981] ERROR OMAudit - user=runner | ip=127.0.0.1 | op=GET_FILE_STATUS {volume=volume21477, bucket=bucket24700, key=gdir1/dir10, dataSize=0, replicationConfig=null} | ret=FAILURE
org.apache.hadoop.ozone.om.exceptions.OMException: Unable to get file status: volume: volume21477 bucket: bucket24700 key: gdir1/dir10
	at org.apache.hadoop.ozone.om.KeyManagerImpl.getOzoneFileStatus(KeyManagerImpl.java:1280) ~[ozone-manager-1.3.0-SNAPSHOT.jar:?]
	at org.apache.hadoop.ozone.om.KeyManagerImpl.getFileStatus(KeyManagerImpl.java:1210) ~[ozone-manager-1.3.0-SNAPSHOT.jar:?]
	at org.apache.hadoop.ozone.om.OzoneManager.getFileStatus(OzoneManager.java:3009) ~[ozone-manager-1.3.0-SNAPSHOT.jar:?]
	at org.apache.hadoop.ozone.protocolPB.OzoneManagerRequestHandler.getOzoneFileStatus(OzoneManagerRequestHandler.java:670) ~[ozone-manager-1.3.0-SNAPSHOT.jar:?]
	at org.apache.hadoop.ozone.protocolPB.OzoneManagerRequestHandler.handleReadRequest(OzoneManagerRequestHandler.java:201) ~[ozone-manager-1.3.0-SNAPSHOT.jar:?]
	at org.apache.hadoop.ozone.protocolPB.OzoneManagerProtocolServerSideTranslatorPB.submitReadRequestToOM(OzoneManagerProtocolServerSideTranslatorPB.java:213) ~[ozone-manager-1.3.0-SNAPSHOT.jar:?]
	at org.apache.hadoop.ozone.protocolPB.OzoneManagerProtocolServerSideTranslatorPB.processRequest(OzoneManagerProtocolServerSideTranslatorPB.java:174) ~[ozone-manager-1.3.0-SNAPSHOT.jar:?]
	at org.apache.hadoop.hdds.server.OzoneProtocolMessageDispatcher.processRequest(OzoneProtocolMessageDispatcher.java:87) [hdds-server-framework-1.3.0-SNAPSHOT.jar:?]
	at org.apache.hadoop.ozone.protocolPB.OzoneManagerProtocolServerSideTranslatorPB.submitRequest(OzoneManagerProtocolServerSideTranslatorPB.java:146) [ozone-manager-1.3.0-SNAPSHOT.jar:?]
	at org.apache.hadoop.ozone.protocol.proto.OzoneManagerProtocolProtos$OzoneManagerService$2.callBlockingMethod(OzoneManagerProtocolProtos.java) [ozone-interface-client-1.3.0-SNAPSHOT.jar:?]
	at org.apache.hadoop.ipc.ProtobufRpcEngine$Server.processCall(ProtobufRpcEngine.java:466) [hadoop-common-3.3.1.jar:?]
	at org.apache.hadoop.ipc.ProtobufRpcEngine2$Server$ProtoBufRpcInvoker.call(ProtobufRpcEngine2.java:574) [hadoop-common-3.3.1.jar:?]
	at org.apache.hadoop.ipc.ProtobufRpcEngine2$Server$ProtoBufRpcInvoker.call(ProtobufRpcEngine2.java:552) [hadoop-common-3.3.1.jar:?]
	at org.apache.hadoop.ipc.RPC$Server.call(RPC.java:1093) [hadoop-common-3.3.1.jar:?]
	at org.apache.hadoop.ipc.Server$RpcCall.run(Server.java:1035) [hadoop-common-3.3.1.jar:?]
	at org.apache.hadoop.ipc.Server$RpcCall.run(Server.java:963) [hadoop-common-3.3.1.jar:?]
	at java.security.AccessController.doPrivileged(Native Method) ~[?:1.8.0_322]
	at javax.security.auth.Subject.doAs(Subject.java:422) [?:1.8.0_322]
	at org.apache.hadoop.security.UserGroupInformation.doAs(UserGroupInformation.java:1878) [hadoop-common-3.3.1.jar:?]
	at org.apache.hadoop.ipc.Server$Handler.run(Server.java:2966) [hadoop-common-3.3.1.jar:?]
04:17:14.569 [IPC Server handler 16 on default port 45981] ERROR OMAudit - user=runner | ip=127.0.0.1 | op=GET_FILE_STATUS {volume=volume21477, bucket=bucket24700, key=gdir1/dir10/child, dataSize=0, replicationConfig=null} | ret=FAILURE
org.apache.hadoop.ozone.om.exceptions.OMException: Unable to get file status: volume: volume21477 bucket: bucket24700 key: gdir1/dir10/child
	at org.apache.hadoop.ozone.om.KeyManagerImpl.getOzoneFileStatus(KeyManagerImpl.java:1280) ~[ozone-manager-1.3.0-SNAPSHOT.jar:?]
	at org.apache.hadoop.ozone.om.KeyManagerImpl.getFileStatus(KeyManagerImpl.java:1210) ~[ozone-manager-1.3.0-SNAPSHOT.jar:?]
	at org.apache.hadoop.ozone.om.OzoneManager.getFileStatus(OzoneManager.java:3009) ~[ozone-manager-1.3.0-SNAPSHOT.jar:?]
	at org.apache.hadoop.ozone.protocolPB.OzoneManagerRequestHandler.getOzoneFileStatus(OzoneManagerRequestHandler.java:670) ~[ozone-manager-1.3.0-SNAPSHOT.jar:?]
	at org.apache.hadoop.ozone.protocolPB.OzoneManagerRequestHandler.handleReadRequest(OzoneManagerRequestHandler.java:201) ~[ozone-manager-1.3.0-SNAPSHOT.jar:?]
	at org.apache.hadoop.ozone.protocolPB.OzoneManagerProtocolServerSideTranslatorPB.submitReadRequestToOM(OzoneManagerProtocolServerSideTranslatorPB.java:213) ~[ozone-manager-1.3.0-SNAPSHOT.jar:?]
	at org.apache.hadoop.ozone.protocolPB.OzoneManagerProtocolServerSideTranslatorPB.processRequest(OzoneManagerProtocolServerSideTranslatorPB.java:174) ~[ozone-manager-1.3.0-SNAPSHOT.jar:?]
	at org.apache.hadoop.hdds.server.OzoneProtocolMessageDispatcher.processRequest(OzoneProtocolMessageDispatcher.java:87) [hdds-server-framework-1.3.0-SNAPSHOT.jar:?]
	at org.apache.hadoop.ozone.protocolPB.OzoneManagerProtocolServerSideTranslatorPB.submitRequest(OzoneManagerProtocolServerSideTranslatorPB.java:146) [ozone-manager-1.3.0-SNAPSHOT.jar:?]
	at org.apache.hadoop.ozone.protocol.proto.OzoneManagerProtocolProtos$OzoneManagerService$2.callBlockingMethod(OzoneManagerProtocolProtos.java) [ozone-interface-client-1.3.0-SNAPSHOT.jar:?]
	at org.apache.hadoop.ipc.ProtobufRpcEngine$Server.processCall(ProtobufRpcEngine.java:466) [hadoop-common-3.3.1.jar:?]
	at org.apache.hadoop.ipc.ProtobufRpcEngine2$Server$ProtoBufRpcInvoker.call(ProtobufRpcEngine2.java:574) [hadoop-common-3.3.1.jar:?]
	at org.apache.hadoop.ipc.ProtobufRpcEngine2$Server$ProtoBufRpcInvoker.call(ProtobufRpcEngine2.java:552) [hadoop-common-3.3.1.jar:?]
	at org.apache.hadoop.ipc.RPC$Server.call(RPC.java:1093) [hadoop-common-3.3.1.jar:?]
	at org.apache.hadoop.ipc.Server$RpcCall.run(Server.java:1035) [hadoop-common-3.3.1.jar:?]
	at org.apache.hadoop.ipc.Server$RpcCall.run(Server.java:963) [hadoop-common-3.3.1.jar:?]
	at java.security.AccessController.doPrivileged(Native Method) ~[?:1.8.0_322]
	at javax.security.auth.Subject.doAs(Subject.java:422) [?:1.8.0_322]
	at org.apache.hadoop.security.UserGroupInformation.doAs(UserGroupInformation.java:1878) [hadoop-common-3.3.1.jar:?]
	at org.apache.hadoop.ipc.Server$Handler.run(Server.java:2966) [hadoop-common-3.3.1.jar:?]
04:17:14.635 [IPC Server handler 7 on default port 45981] ERROR OMAudit - user=runner | ip=127.0.0.1 | op=GET_FILE_STATUS {volume=volume21477, bucket=bucket24700, key=level0, dataSize=0, replicationConfig=null} | ret=FAILURE
org.apache.hadoop.ozone.om.exceptions.OMException: Unable to get file status: volume: volume21477 bucket: bucket24700 key: level0
	at org.apache.hadoop.ozone.om.KeyManagerImpl.getOzoneFileStatus(KeyManagerImpl.java:1280) ~[ozone-manager-1.3.0-SNAPSHOT.jar:?]
	at org.apache.hadoop.ozone.om.KeyManagerImpl.getFileStatus(KeyManagerImpl.java:1210) ~[ozone-manager-1.3.0-SNAPSHOT.jar:?]
	at org.apache.hadoop.ozone.om.OzoneManager.getFileStatus(OzoneManager.java:3009) ~[ozone-manager-1.3.0-SNAPSHOT.jar:?]
	at org.apache.hadoop.ozone.protocolPB.OzoneManagerRequestHandler.getOzoneFileStatus(OzoneManagerRequestHandler.java:670) ~[ozone-manager-1.3.0-SNAPSHOT.jar:?]
	at org.apache.hadoop.ozone.protocolPB.OzoneManagerRequestHandler.handleReadRequest(OzoneManagerRequestHandler.java:201) ~[ozone-manager-1.3.0-SNAPSHOT.jar:?]
	at org.apache.hadoop.ozone.protocolPB.OzoneManagerProtocolServerSideTranslatorPB.submitReadRequestToOM(OzoneManagerProtocolServerSideTranslatorPB.java:213) ~[ozone-manager-1.3.0-SNAPSHOT.jar:?]
	at org.apache.hadoop.ozone.protocolPB.OzoneManagerProtocolServerSideTranslatorPB.processRequest(OzoneManagerProtocolServerSideTranslatorPB.java:174) ~[ozone-manager-1.3.0-SNAPSHOT.jar:?]
	at org.apache.hadoop.hdds.server.OzoneProtocolMessageDispatcher.processRequest(OzoneProtocolMessageDispatcher.java:87) [hdds-server-framework-1.3.0-SNAPSHOT.jar:?]
	at org.apache.hadoop.ozone.protocolPB.OzoneManagerProtocolServerSideTranslatorPB.submitRequest(OzoneManagerProtocolServerSideTranslatorPB.java:146) [ozone-manager-1.3.0-SNAPSHOT.jar:?]
	at org.apache.hadoop.ozone.protocol.proto.OzoneManagerProtocolProtos$OzoneManagerService$2.callBlockingMethod(OzoneManagerProtocolProtos.java) [ozone-interface-client-1.3.0-SNAPSHOT.jar:?]
	at org.apache.hadoop.ipc.ProtobufRpcEngine$Server.processCall(ProtobufRpcEngine.java:466) [hadoop-common-3.3.1.jar:?]
	at org.apache.hadoop.ipc.ProtobufRpcEngine2$Server$ProtoBufRpcInvoker.call(ProtobufRpcEngine2.java:574) [hadoop-common-3.3.1.jar:?]
	at org.apache.hadoop.ipc.ProtobufRpcEngine2$Server$ProtoBufRpcInvoker.call(ProtobufRpcEngine2.java:552) [hadoop-common-3.3.1.jar:?]
	at org.apache.hadoop.ipc.RPC$Server.call(RPC.java:1093) [hadoop-common-3.3.1.jar:?]
	at org.apache.hadoop.ipc.Server$RpcCall.run(Server.java:1035) [hadoop-common-3.3.1.jar:?]
	at org.apache.hadoop.ipc.Server$RpcCall.run(Server.java:963) [hadoop-common-3.3.1.jar:?]
	at java.security.AccessController.doPrivileged(Native Method) ~[?:1.8.0_322]
	at javax.security.auth.Subject.doAs(Subject.java:422) [?:1.8.0_322]
	at org.apache.hadoop.security.UserGroupInformation.doAs(UserGroupInformation.java:1878) [hadoop-common-3.3.1.jar:?]
	at org.apache.hadoop.ipc.Server$Handler.run(Server.java:2966) [hadoop-common-3.3.1.jar:?]
04:17:14.635 [IPC Server handler 15 on default port 45981] ERROR OMAudit - user=runner | ip=127.0.0.1 | op=GET_FILE_STATUS {volume=volume21477, bucket=bucket24700, key=level0/level1, dataSize=0, replicationConfig=null} | ret=FAILURE
org.apache.hadoop.ozone.om.exceptions.OMException: Unable to get file status: volume: volume21477 bucket: bucket24700 key: level0/level1
	at org.apache.hadoop.ozone.om.KeyManagerImpl.getOzoneFileStatus(KeyManagerImpl.java:1280) ~[ozone-manager-1.3.0-SNAPSHOT.jar:?]
	at org.apache.hadoop.ozone.om.KeyManagerImpl.getFileStatus(KeyManagerImpl.java:1210) ~[ozone-manager-1.3.0-SNAPSHOT.jar:?]
	at org.apache.hadoop.ozone.om.OzoneManager.getFileStatus(OzoneManager.java:3009) ~[ozone-manager-1.3.0-SNAPSHOT.jar:?]
	at org.apache.hadoop.ozone.protocolPB.OzoneManagerRequestHandler.getOzoneFileStatus(OzoneManagerRequestHandler.java:670) ~[ozone-manager-1.3.0-SNAPSHOT.jar:?]
	at org.apache.hadoop.ozone.protocolPB.OzoneManagerRequestHandler.handleReadRequest(OzoneManagerRequestHandler.java:201) ~[ozone-manager-1.3.0-SNAPSHOT.jar:?]
	at org.apache.hadoop.ozone.protocolPB.OzoneManagerProtocolServerSideTranslatorPB.submitReadRequestToOM(OzoneManagerProtocolServerSideTranslatorPB.java:213) ~[ozone-manager-1.3.0-SNAPSHOT.jar:?]
	at org.apache.hadoop.ozone.protocolPB.OzoneManagerProtocolServerSideTranslatorPB.processRequest(OzoneManagerProtocolServerSideTranslatorPB.java:174) ~[ozone-manager-1.3.0-SNAPSHOT.jar:?]
	at org.apache.hadoop.hdds.server.OzoneProtocolMessageDispatcher.processRequest(OzoneProtocolMessageDispatcher.java:87) [hdds-server-framework-1.3.0-SNAPSHOT.jar:?]
	at org.apache.hadoop.ozone.protocolPB.OzoneManagerProtocolServerSideTranslatorPB.submitRequest(OzoneManagerProtocolServerSideTranslatorPB.java:146) [ozone-manager-1.3.0-SNAPSHOT.jar:?]
	at org.apache.hadoop.ozone.protocol.proto.OzoneManagerProtocolProtos$OzoneManagerService$2.callBlockingMethod(OzoneManagerProtocolProtos.java) [ozone-interface-client-1.3.0-SNAPSHOT.jar:?]
	at org.apache.hadoop.ipc.ProtobufRpcEngine$Server.processCall(ProtobufRpcEngine.java:466) [hadoop-common-3.3.1.jar:?]
	at org.apache.hadoop.ipc.ProtobufRpcEngine2$Server$ProtoBufRpcInvoker.call(ProtobufRpcEngine2.java:574) [hadoop-common-3.3.1.jar:?]
	at org.apache.hadoop.ipc.ProtobufRpcEngine2$Server$ProtoBufRpcInvoker.call(ProtobufRpcEngine2.java:552) [hadoop-common-3.3.1.jar:?]
	at org.apache.hadoop.ipc.RPC$Server.call(RPC.java:1093) [hadoop-common-3.3.1.jar:?]
	at org.apache.hadoop.ipc.Server$RpcCall.run(Server.java:1035) [hadoop-common-3.3.1.jar:?]
	at org.apache.hadoop.ipc.Server$RpcCall.run(Server.java:963) [hadoop-common-3.3.1.jar:?]
	at java.security.AccessController.doPrivileged(Native Method) ~[?:1.8.0_322]
	at javax.security.auth.Subject.doAs(Subject.java:422) [?:1.8.0_322]
	at org.apache.hadoop.security.UserGroupInformation.doAs(UserGroupInformation.java:1878) [hadoop-common-3.3.1.jar:?]
	at org.apache.hadoop.ipc.Server$Handler.run(Server.java:2966) [hadoop-common-3.3.1.jar:?]
04:17:14.636 [IPC Server handler 6 on default port 45981] ERROR OMAudit - user=runner | ip=127.0.0.1 | op=GET_FILE_STATUS {volume=volume21477, bucket=bucket24700, key=level0/level1/level1, dataSize=0, replicationConfig=null} | ret=FAILURE
org.apache.hadoop.ozone.om.exceptions.OMException: Unable to get file status: volume: volume21477 bucket: bucket24700 key: level0/level1/level1
	at org.apache.hadoop.ozone.om.KeyManagerImpl.getOzoneFileStatus(KeyManagerImpl.java:1280) ~[ozone-manager-1.3.0-SNAPSHOT.jar:?]
	at org.apache.hadoop.ozone.om.KeyManagerImpl.getFileStatus(KeyManagerImpl.java:1210) ~[ozone-manager-1.3.0-SNAPSHOT.jar:?]
	at org.apache.hadoop.ozone.om.OzoneManager.getFileStatus(OzoneManager.java:3009) ~[ozone-manager-1.3.0-SNAPSHOT.jar:?]
	at org.apache.hadoop.ozone.protocolPB.OzoneManagerRequestHandler.getOzoneFileStatus(OzoneManagerRequestHandler.java:670) ~[ozone-manager-1.3.0-SNAPSHOT.jar:?]
	at org.apache.hadoop.ozone.protocolPB.OzoneManagerRequestHandler.handleReadRequest(OzoneManagerRequestHandler.java:201) ~[ozone-manager-1.3.0-SNAPSHOT.jar:?]
	at org.apache.hadoop.ozone.protocolPB.OzoneManagerProtocolServerSideTranslatorPB.submitReadRequestToOM(OzoneManagerProtocolServerSideTranslatorPB.java:213) ~[ozone-manager-1.3.0-SNAPSHOT.jar:?]
	at org.apache.hadoop.ozone.protocolPB.OzoneManagerProtocolServerSideTranslatorPB.processRequest(OzoneManagerProtocolServerSideTranslatorPB.java:174) ~[ozone-manager-1.3.0-SNAPSHOT.jar:?]
	at org.apache.hadoop.hdds.server.OzoneProtocolMessageDispatcher.processRequest(OzoneProtocolMessageDispatcher.java:87) [hdds-server-framework-1.3.0-SNAPSHOT.jar:?]
	at org.apache.hadoop.ozone.protocolPB.OzoneManagerProtocolServerSideTranslatorPB.submitRequest(OzoneManagerProtocolServerSideTranslatorPB.java:146) [ozone-manager-1.3.0-SNAPSHOT.jar:?]
	at org.apache.hadoop.ozone.protocol.proto.OzoneManagerProtocolProtos$OzoneManagerService$2.callBlockingMethod(OzoneManagerProtocolProtos.java) [ozone-interface-client-1.3.0-SNAPSHOT.jar:?]
	at org.apache.hadoop.ipc.ProtobufRpcEngine$Server.processCall(ProtobufRpcEngine.java:466) [hadoop-common-3.3.1.jar:?]
	at org.apache.hadoop.ipc.ProtobufRpcEngine2$Server$ProtoBufRpcInvoker.call(ProtobufRpcEngine2.java:574) [hadoop-common-3.3.1.jar:?]
	at org.apache.hadoop.ipc.ProtobufRpcEngine2$Server$ProtoBufRpcInvoker.call(ProtobufRpcEngine2.java:552) [hadoop-common-3.3.1.jar:?]
	at org.apache.hadoop.ipc.RPC$Server.call(RPC.java:1093) [hadoop-common-3.3.1.jar:?]
	at org.apache.hadoop.ipc.Server$RpcCall.run(Server.java:1035) [hadoop-common-3.3.1.jar:?]
	at org.apache.hadoop.ipc.Server$RpcCall.run(Server.java:963) [hadoop-common-3.3.1.jar:?]
	at java.security.AccessController.doPrivileged(Native Method) ~[?:1.8.0_322]
	at javax.security.auth.Subject.doAs(Subject.java:422) [?:1.8.0_322]
	at org.apache.hadoop.security.UserGroupInformation.doAs(UserGroupInformation.java:1878) [hadoop-common-3.3.1.jar:?]
	at org.apache.hadoop.ipc.Server$Handler.run(Server.java:2966) [hadoop-common-3.3.1.jar:?]
04:17:14.637 [IPC Server handler 5 on default port 45981] ERROR OMAudit - user=runner | ip=127.0.0.1 | op=GET_FILE_STATUS {volume=volume21477, bucket=bucket24700, key=level0/level1/file1, dataSize=0, replicationConfig=null} | ret=FAILURE
org.apache.hadoop.ozone.om.exceptions.OMException: Unable to get file status: volume: volume21477 bucket: bucket24700 key: level0/level1/file1
	at org.apache.hadoop.ozone.om.KeyManagerImpl.getOzoneFileStatus(KeyManagerImpl.java:1280) ~[ozone-manager-1.3.0-SNAPSHOT.jar:?]
	at org.apache.hadoop.ozone.om.KeyManagerImpl.getFileStatus(KeyManagerImpl.java:1210) ~[ozone-manager-1.3.0-SNAPSHOT.jar:?]
	at org.apache.hadoop.ozone.om.OzoneManager.getFileStatus(OzoneManager.java:3009) ~[ozone-manager-1.3.0-SNAPSHOT.jar:?]
	at org.apache.hadoop.ozone.protocolPB.OzoneManagerRequestHandler.getOzoneFileStatus(OzoneManagerRequestHandler.java:670) ~[ozone-manager-1.3.0-SNAPSHOT.jar:?]
	at org.apache.hadoop.ozone.protocolPB.OzoneManagerRequestHandler.handleReadRequest(OzoneManagerRequestHandler.java:201) ~[ozone-manager-1.3.0-SNAPSHOT.jar:?]
	at org.apache.hadoop.ozone.protocolPB.OzoneManagerProtocolServerSideTranslatorPB.submitReadRequestToOM(OzoneManagerProtocolServerSideTranslatorPB.java:213) ~[ozone-manager-1.3.0-SNAPSHOT.jar:?]
	at org.apache.hadoop.ozone.protocolPB.OzoneManagerProtocolServerSideTranslatorPB.processRequest(OzoneManagerProtocolServerSideTranslatorPB.java:174) ~[ozone-manager-1.3.0-SNAPSHOT.jar:?]
	at org.apache.hadoop.hdds.server.OzoneProtocolMessageDispatcher.processRequest(OzoneProtocolMessageDispatcher.java:87) [hdds-server-framework-1.3.0-SNAPSHOT.jar:?]
	at org.apache.hadoop.ozone.protocolPB.OzoneManagerProtocolServerSideTranslatorPB.submitRequest(OzoneManagerProtocolServerSideTranslatorPB.java:146) [ozone-manager-1.3.0-SNAPSHOT.jar:?]
	at org.apache.hadoop.ozone.protocol.proto.OzoneManagerProtocolProtos$OzoneManagerService$2.callBlockingMethod(OzoneManagerProtocolProtos.java) [ozone-interface-client-1.3.0-SNAPSHOT.jar:?]
	at org.apache.hadoop.ipc.ProtobufRpcEngine$Server.processCall(ProtobufRpcEngine.java:466) [hadoop-common-3.3.1.jar:?]
	at org.apache.hadoop.ipc.ProtobufRpcEngine2$Server$ProtoBufRpcInvoker.call(ProtobufRpcEngine2.java:574) [hadoop-common-3.3.1.jar:?]
	at org.apache.hadoop.ipc.ProtobufRpcEngine2$Server$ProtoBufRpcInvoker.call(ProtobufRpcEngine2.java:552) [hadoop-common-3.3.1.jar:?]
	at org.apache.hadoop.ipc.RPC$Server.call(RPC.java:1093) [hadoop-common-3.3.1.jar:?]
	at org.apache.hadoop.ipc.Server$RpcCall.run(Server.java:1035) [hadoop-common-3.3.1.jar:?]
	at org.apache.hadoop.ipc.Server$RpcCall.run(Server.java:963) [hadoop-common-3.3.1.jar:?]
	at java.security.AccessController.doPrivileged(Native Method) ~[?:1.8.0_322]
	at javax.security.auth.Subject.doAs(Subject.java:422) [?:1.8.0_322]
	at org.apache.hadoop.security.UserGroupInformation.doAs(UserGroupInformation.java:1878) [hadoop-common-3.3.1.jar:?]
	at org.apache.hadoop.ipc.Server$Handler.run(Server.java:2966) [hadoop-common-3.3.1.jar:?]
04:17:14.639 [IPC Server handler 13 on default port 45981] ERROR OMAudit - user=runner | ip=127.0.0.1 | op=GET_FILE_STATUS {volume=volume21477, bucket=bucket24700, key=level0/level1/level1/file1, dataSize=0, replicationConfig=null} | ret=FAILURE
org.apache.hadoop.ozone.om.exceptions.OMException: Unable to get file status: volume: volume21477 bucket: bucket24700 key: level0/level1/level1/file1
	at org.apache.hadoop.ozone.om.KeyManagerImpl.getOzoneFileStatus(KeyManagerImpl.java:1280) ~[ozone-manager-1.3.0-SNAPSHOT.jar:?]
	at org.apache.hadoop.ozone.om.KeyManagerImpl.getFileStatus(KeyManagerImpl.java:1210) ~[ozone-manager-1.3.0-SNAPSHOT.jar:?]
	at org.apache.hadoop.ozone.om.OzoneManager.getFileStatus(OzoneManager.java:3009) ~[ozone-manager-1.3.0-SNAPSHOT.jar:?]
	at org.apache.hadoop.ozone.protocolPB.OzoneManagerRequestHandler.getOzoneFileStatus(OzoneManagerRequestHandler.java:670) ~[ozone-manager-1.3.0-SNAPSHOT.jar:?]
	at org.apache.hadoop.ozone.protocolPB.OzoneManagerRequestHandler.handleReadRequest(OzoneManagerRequestHandler.java:201) ~[ozone-manager-1.3.0-SNAPSHOT.jar:?]
	at org.apache.hadoop.ozone.protocolPB.OzoneManagerProtocolServerSideTranslatorPB.submitReadRequestToOM(OzoneManagerProtocolServerSideTranslatorPB.java:213) ~[ozone-manager-1.3.0-SNAPSHOT.jar:?]
	at org.apache.hadoop.ozone.protocolPB.OzoneManagerProtocolServerSideTranslatorPB.processRequest(OzoneManagerProtocolServerSideTranslatorPB.java:174) ~[ozone-manager-1.3.0-SNAPSHOT.jar:?]
	at org.apache.hadoop.hdds.server.OzoneProtocolMessageDispatcher.processRequest(OzoneProtocolMessageDispatcher.java:87) [hdds-server-framework-1.3.0-SNAPSHOT.jar:?]
	at org.apache.hadoop.ozone.protocolPB.OzoneManagerProtocolServerSideTranslatorPB.submitRequest(OzoneManagerProtocolServerSideTranslatorPB.java:146) [ozone-manager-1.3.0-SNAPSHOT.jar:?]
	at org.apache.hadoop.ozone.protocol.proto.OzoneManagerProtocolProtos$OzoneManagerService$2.callBlockingMethod(OzoneManagerProtocolProtos.java) [ozone-interface-client-1.3.0-SNAPSHOT.jar:?]
	at org.apache.hadoop.ipc.ProtobufRpcEngine$Server.processCall(ProtobufRpcEngine.java:466) [hadoop-common-3.3.1.jar:?]
	at org.apache.hadoop.ipc.ProtobufRpcEngine2$Server$ProtoBufRpcInvoker.call(ProtobufRpcEngine2.java:574) [hadoop-common-3.3.1.jar:?]
	at org.apache.hadoop.ipc.ProtobufRpcEngine2$Server$ProtoBufRpcInvoker.call(ProtobufRpcEngine2.java:552) [hadoop-common-3.3.1.jar:?]
	at org.apache.hadoop.ipc.RPC$Server.call(RPC.java:1093) [hadoop-common-3.3.1.jar:?]
	at org.apache.hadoop.ipc.Server$RpcCall.run(Server.java:1035) [hadoop-common-3.3.1.jar:?]
	at org.apache.hadoop.ipc.Server$RpcCall.run(Server.java:963) [hadoop-common-3.3.1.jar:?]
	at java.security.AccessController.doPrivileged(Native Method) ~[?:1.8.0_322]
	at javax.security.auth.Subject.doAs(Subject.java:422) [?:1.8.0_322]
	at org.apache.hadoop.security.UserGroupInformation.doAs(UserGroupInformation.java:1878) [hadoop-common-3.3.1.jar:?]
	at org.apache.hadoop.ipc.Server$Handler.run(Server.java:2966) [hadoop-common-3.3.1.jar:?]
04:17:14.640 [IPC Server handler 12 on default port 45981] ERROR OMAudit - user=runner | ip=127.0.0.1 | op=GET_FILE_STATUS {volume=volume21477, bucket=bucket24700, key=level0/level2, dataSize=0, replicationConfig=null} | ret=FAILURE
org.apache.hadoop.ozone.om.exceptions.OMException: Unable to get file status: volume: volume21477 bucket: bucket24700 key: level0/level2
	at org.apache.hadoop.ozone.om.KeyManagerImpl.getOzoneFileStatus(KeyManagerImpl.java:1280) ~[ozone-manager-1.3.0-SNAPSHOT.jar:?]
	at org.apache.hadoop.ozone.om.KeyManagerImpl.getFileStatus(KeyManagerImpl.java:1210) ~[ozone-manager-1.3.0-SNAPSHOT.jar:?]
	at org.apache.hadoop.ozone.om.OzoneManager.getFileStatus(OzoneManager.java:3009) ~[ozone-manager-1.3.0-SNAPSHOT.jar:?]
	at org.apache.hadoop.ozone.protocolPB.OzoneManagerRequestHandler.getOzoneFileStatus(OzoneManagerRequestHandler.java:670) ~[ozone-manager-1.3.0-SNAPSHOT.jar:?]
	at org.apache.hadoop.ozone.protocolPB.OzoneManagerRequestHandler.handleReadRequest(OzoneManagerRequestHandler.java:201) ~[ozone-manager-1.3.0-SNAPSHOT.jar:?]
	at org.apache.hadoop.ozone.protocolPB.OzoneManagerProtocolServerSideTranslatorPB.submitReadRequestToOM(OzoneManagerProtocolServerSideTranslatorPB.java:213) ~[ozone-manager-1.3.0-SNAPSHOT.jar:?]
	at org.apache.hadoop.ozone.protocolPB.OzoneManagerProtocolServerSideTranslatorPB.processRequest(OzoneManagerProtocolServerSideTranslatorPB.java:174) ~[ozone-manager-1.3.0-SNAPSHOT.jar:?]
	at org.apache.hadoop.hdds.server.OzoneProtocolMessageDispatcher.processRequest(OzoneProtocolMessageDispatcher.java:87) [hdds-server-framework-1.3.0-SNAPSHOT.jar:?]
	at org.apache.hadoop.ozone.protocolPB.OzoneManagerProtocolServerSideTranslatorPB.submitRequest(OzoneManagerProtocolServerSideTranslatorPB.java:146) [ozone-manager-1.3.0-SNAPSHOT.jar:?]
	at org.apache.hadoop.ozone.protocol.proto.OzoneManagerProtocolProtos$OzoneManagerService$2.callBlockingMethod(OzoneManagerProtocolProtos.java) [ozone-interface-client-1.3.0-SNAPSHOT.jar:?]
	at org.apache.hadoop.ipc.ProtobufRpcEngine$Server.processCall(ProtobufRpcEngine.java:466) [hadoop-common-3.3.1.jar:?]
	at org.apache.hadoop.ipc.ProtobufRpcEngine2$Server$ProtoBufRpcInvoker.call(ProtobufRpcEngine2.java:574) [hadoop-common-3.3.1.jar:?]
	at org.apache.hadoop.ipc.ProtobufRpcEngine2$Server$ProtoBufRpcInvoker.call(ProtobufRpcEngine2.java:552) [hadoop-common-3.3.1.jar:?]
	at org.apache.hadoop.ipc.RPC$Server.call(RPC.java:1093) [hadoop-common-3.3.1.jar:?]
	at org.apache.hadoop.ipc.Server$RpcCall.run(Server.java:1035) [hadoop-common-3.3.1.jar:?]
	at org.apache.hadoop.ipc.Server$RpcCall.run(Server.java:963) [hadoop-common-3.3.1.jar:?]
	at java.security.AccessController.doPrivileged(Native Method) ~[?:1.8.0_322]
	at javax.security.auth.Subject.doAs(Subject.java:422) [?:1.8.0_322]
	at org.apache.hadoop.security.UserGroupInformation.doAs(UserGroupInformation.java:1878) [hadoop-common-3.3.1.jar:?]
	at org.apache.hadoop.ipc.Server$Handler.run(Server.java:2966) [hadoop-common-3.3.1.jar:?]
04:17:14.641 [IPC Server handler 16 on default port 45981] ERROR OMAudit - user=runner | ip=127.0.0.1 | op=GET_FILE_STATUS {volume=volume21477, bucket=bucket24700, key=level0/level2/level2, dataSize=0, replicationConfig=null} | ret=FAILURE
org.apache.hadoop.ozone.om.exceptions.OMException: Unable to get file status: volume: volume21477 bucket: bucket24700 key: level0/level2/level2
	at org.apache.hadoop.ozone.om.KeyManagerImpl.getOzoneFileStatus(KeyManagerImpl.java:1280) ~[ozone-manager-1.3.0-SNAPSHOT.jar:?]
	at org.apache.hadoop.ozone.om.KeyManagerImpl.getFileStatus(KeyManagerImpl.java:1210) ~[ozone-manager-1.3.0-SNAPSHOT.jar:?]
	at org.apache.hadoop.ozone.om.OzoneManager.getFileStatus(OzoneManager.java:3009) ~[ozone-manager-1.3.0-SNAPSHOT.jar:?]
	at org.apache.hadoop.ozone.protocolPB.OzoneManagerRequestHandler.getOzoneFileStatus(OzoneManagerRequestHandler.java:670) ~[ozone-manager-1.3.0-SNAPSHOT.jar:?]
	at org.apache.hadoop.ozone.protocolPB.OzoneManagerRequestHandler.handleReadRequest(OzoneManagerRequestHandler.java:201) ~[ozone-manager-1.3.0-SNAPSHOT.jar:?]
	at org.apache.hadoop.ozone.protocolPB.OzoneManagerProtocolServerSideTranslatorPB.submitReadRequestToOM(OzoneManagerProtocolServerSideTranslatorPB.java:213) ~[ozone-manager-1.3.0-SNAPSHOT.jar:?]
	at org.apache.hadoop.ozone.protocolPB.OzoneManagerProtocolServerSideTranslatorPB.processRequest(OzoneManagerProtocolServerSideTranslatorPB.java:174) ~[ozone-manager-1.3.0-SNAPSHOT.jar:?]
	at org.apache.hadoop.hdds.server.OzoneProtocolMessageDispatcher.processRequest(OzoneProtocolMessageDispatcher.java:87) [hdds-server-framework-1.3.0-SNAPSHOT.jar:?]
	at org.apache.hadoop.ozone.protocolPB.OzoneManagerProtocolServerSideTranslatorPB.submitRequest(OzoneManagerProtocolServerSideTranslatorPB.java:146) [ozone-manager-1.3.0-SNAPSHOT.jar:?]
	at org.apache.hadoop.ozone.protocol.proto.OzoneManagerProtocolProtos$OzoneManagerService$2.callBlockingMethod(OzoneManagerProtocolProtos.java) [ozone-interface-client-1.3.0-SNAPSHOT.jar:?]
	at org.apache.hadoop.ipc.ProtobufRpcEngine$Server.processCall(ProtobufRpcEngine.java:466) [hadoop-common-3.3.1.jar:?]
	at org.apache.hadoop.ipc.ProtobufRpcEngine2$Server$ProtoBufRpcInvoker.call(ProtobufRpcEngine2.java:574) [hadoop-common-3.3.1.jar:?]
	at org.apache.hadoop.ipc.ProtobufRpcEngine2$Server$ProtoBufRpcInvoker.call(ProtobufRpcEngine2.java:552) [hadoop-common-3.3.1.jar:?]
	at org.apache.hadoop.ipc.RPC$Server.call(RPC.java:1093) [hadoop-common-3.3.1.jar:?]
	at org.apache.hadoop.ipc.Server$RpcCall.run(Server.java:1035) [hadoop-common-3.3.1.jar:?]
	at org.apache.hadoop.ipc.Server$RpcCall.run(Server.java:963) [hadoop-common-3.3.1.jar:?]
	at java.security.AccessController.doPrivileged(Native Method) ~[?:1.8.0_322]
	at javax.security.auth.Subject.doAs(Subject.java:422) [?:1.8.0_322]
	at org.apache.hadoop.security.UserGroupInformation.doAs(UserGroupInformation.java:1878) [hadoop-common-3.3.1.jar:?]
	at org.apache.hadoop.ipc.Server$Handler.run(Server.java:2966) [hadoop-common-3.3.1.jar:?]
04:17:14.642 [IPC Server handler 17 on default port 45981] ERROR OMAudit - user=runner | ip=127.0.0.1 | op=GET_FILE_STATUS {volume=volume21477, bucket=bucket24700, key=level0/level2/file1, dataSize=0, replicationConfig=null} | ret=FAILURE
org.apache.hadoop.ozone.om.exceptions.OMException: Unable to get file status: volume: volume21477 bucket: bucket24700 key: level0/level2/file1
	at org.apache.hadoop.ozone.om.KeyManagerImpl.getOzoneFileStatus(KeyManagerImpl.java:1280) ~[ozone-manager-1.3.0-SNAPSHOT.jar:?]
	at org.apache.hadoop.ozone.om.KeyManagerImpl.getFileStatus(KeyManagerImpl.java:1210) ~[ozone-manager-1.3.0-SNAPSHOT.jar:?]
	at org.apache.hadoop.ozone.om.OzoneManager.getFileStatus(OzoneManager.java:3009) ~[ozone-manager-1.3.0-SNAPSHOT.jar:?]
	at org.apache.hadoop.ozone.protocolPB.OzoneManagerRequestHandler.getOzoneFileStatus(OzoneManagerRequestHandler.java:670) ~[ozone-manager-1.3.0-SNAPSHOT.jar:?]
	at org.apache.hadoop.ozone.protocolPB.OzoneManagerRequestHandler.handleReadRequest(OzoneManagerRequestHandler.java:201) ~[ozone-manager-1.3.0-SNAPSHOT.jar:?]
	at org.apache.hadoop.ozone.protocolPB.OzoneManagerProtocolServerSideTranslatorPB.submitReadRequestToOM(OzoneManagerProtocolServerSideTranslatorPB.java:213) ~[ozone-manager-1.3.0-SNAPSHOT.jar:?]
	at org.apache.hadoop.ozone.protocolPB.OzoneManagerProtocolServerSideTranslatorPB.processRequest(OzoneManagerProtocolServerSideTranslatorPB.java:174) ~[ozone-manager-1.3.0-SNAPSHOT.jar:?]
	at org.apache.hadoop.hdds.server.OzoneProtocolMessageDispatcher.processRequest(OzoneProtocolMessageDispatcher.java:87) [hdds-server-framework-1.3.0-SNAPSHOT.jar:?]
	at org.apache.hadoop.ozone.protocolPB.OzoneManagerProtocolServerSideTranslatorPB.submitRequest(OzoneManagerProtocolServerSideTranslatorPB.java:146) [ozone-manager-1.3.0-SNAPSHOT.jar:?]
	at org.apache.hadoop.ozone.protocol.proto.OzoneManagerProtocolProtos$OzoneManagerService$2.callBlockingMethod(OzoneManagerProtocolProtos.java) [ozone-interface-client-1.3.0-SNAPSHOT.jar:?]
	at org.apache.hadoop.ipc.ProtobufRpcEngine$Server.processCall(ProtobufRpcEngine.java:466) [hadoop-common-3.3.1.jar:?]
	at org.apache.hadoop.ipc.ProtobufRpcEngine2$Server$ProtoBufRpcInvoker.call(ProtobufRpcEngine2.java:574) [hadoop-common-3.3.1.jar:?]
	at org.apache.hadoop.ipc.ProtobufRpcEngine2$Server$ProtoBufRpcInvoker.call(ProtobufRpcEngine2.java:552) [hadoop-common-3.3.1.jar:?]
	at org.apache.hadoop.ipc.RPC$Server.call(RPC.java:1093) [hadoop-common-3.3.1.jar:?]
	at org.apache.hadoop.ipc.Server$RpcCall.run(Server.java:1035) [hadoop-common-3.3.1.jar:?]
	at org.apache.hadoop.ipc.Server$RpcCall.run(Server.java:963) [hadoop-common-3.3.1.jar:?]
	at java.security.AccessController.doPrivileged(Native Method) ~[?:1.8.0_322]
	at javax.security.auth.Subject.doAs(Subject.java:422) [?:1.8.0_322]
	at org.apache.hadoop.security.UserGroupInformation.doAs(UserGroupInformation.java:1878) [hadoop-common-3.3.1.jar:?]
	at org.apache.hadoop.ipc.Server$Handler.run(Server.java:2966) [hadoop-common-3.3.1.jar:?]
04:17:14.643 [IPC Server handler 18 on default port 45981] ERROR OMAudit - user=runner | ip=127.0.0.1 | op=GET_FILE_STATUS {volume=volume21477, bucket=bucket24700, key=level0/level2/level2/file1, dataSize=0, replicationConfig=null} | ret=FAILURE
org.apache.hadoop.ozone.om.exceptions.OMException: Unable to get file status: volume: volume21477 bucket: bucket24700 key: level0/level2/level2/file1
	at org.apache.hadoop.ozone.om.KeyManagerImpl.getOzoneFileStatus(KeyManagerImpl.java:1280) ~[ozone-manager-1.3.0-SNAPSHOT.jar:?]
	at org.apache.hadoop.ozone.om.KeyManagerImpl.getFileStatus(KeyManagerImpl.java:1210) ~[ozone-manager-1.3.0-SNAPSHOT.jar:?]
	at org.apache.hadoop.ozone.om.OzoneManager.getFileStatus(OzoneManager.java:3009) ~[ozone-manager-1.3.0-SNAPSHOT.jar:?]
	at org.apache.hadoop.ozone.protocolPB.OzoneManagerRequestHandler.getOzoneFileStatus(OzoneManagerRequestHandler.java:670) ~[ozone-manager-1.3.0-SNAPSHOT.jar:?]
	at org.apache.hadoop.ozone.protocolPB.OzoneManagerRequestHandler.handleReadRequest(OzoneManagerRequestHandler.java:201) ~[ozone-manager-1.3.0-SNAPSHOT.jar:?]
	at org.apache.hadoop.ozone.protocolPB.OzoneManagerProtocolServerSideTranslatorPB.submitReadRequestToOM(OzoneManagerProtocolServerSideTranslatorPB.java:213) ~[ozone-manager-1.3.0-SNAPSHOT.jar:?]
	at org.apache.hadoop.ozone.protocolPB.OzoneManagerProtocolServerSideTranslatorPB.processRequest(OzoneManagerProtocolServerSideTranslatorPB.java:174) ~[ozone-manager-1.3.0-SNAPSHOT.jar:?]
	at org.apache.hadoop.hdds.server.OzoneProtocolMessageDispatcher.processRequest(OzoneProtocolMessageDispatcher.java:87) [hdds-server-framework-1.3.0-SNAPSHOT.jar:?]
	at org.apache.hadoop.ozone.protocolPB.OzoneManagerProtocolServerSideTranslatorPB.submitRequest(OzoneManagerProtocolServerSideTranslatorPB.java:146) [ozone-manager-1.3.0-SNAPSHOT.jar:?]
	at org.apache.hadoop.ozone.protocol.proto.OzoneManagerProtocolProtos$OzoneManagerService$2.callBlockingMethod(OzoneManagerProtocolProtos.java) [ozone-interface-client-1.3.0-SNAPSHOT.jar:?]
	at org.apache.hadoop.ipc.ProtobufRpcEngine$Server.processCall(ProtobufRpcEngine.java:466) [hadoop-common-3.3.1.jar:?]
	at org.apache.hadoop.ipc.ProtobufRpcEngine2$Server$ProtoBufRpcInvoker.call(ProtobufRpcEngine2.java:574) [hadoop-common-3.3.1.jar:?]
	at org.apache.hadoop.ipc.ProtobufRpcEngine2$Server$ProtoBufRpcInvoker.call(ProtobufRpcEngine2.java:552) [hadoop-common-3.3.1.jar:?]
	at org.apache.hadoop.ipc.RPC$Server.call(RPC.java:1093) [hadoop-common-3.3.1.jar:?]
	at org.apache.hadoop.ipc.Server$RpcCall.run(Server.java:1035) [hadoop-common-3.3.1.jar:?]
	at org.apache.hadoop.ipc.Server$RpcCall.run(Server.java:963) [hadoop-common-3.3.1.jar:?]
	at java.security.AccessController.doPrivileged(Native Method) ~[?:1.8.0_322]
	at javax.security.auth.Subject.doAs(Subject.java:422) [?:1.8.0_322]
	at org.apache.hadoop.security.UserGroupInformation.doAs(UserGroupInformation.java:1878) [hadoop-common-3.3.1.jar:?]
	at org.apache.hadoop.ipc.Server$Handler.run(Server.java:2966) [hadoop-common-3.3.1.jar:?]
04:17:14.644 [IPC Server handler 11 on default port 45981] ERROR OMAudit - user=runner | ip=127.0.0.1 | op=GET_FILE_STATUS {volume=volume21477, bucket=bucket24700, key=level0/level3, dataSize=0, replicationConfig=null} | ret=FAILURE
org.apache.hadoop.ozone.om.exceptions.OMException: Unable to get file status: volume: volume21477 bucket: bucket24700 key: level0/level3
	at org.apache.hadoop.ozone.om.KeyManagerImpl.getOzoneFileStatus(KeyManagerImpl.java:1280) ~[ozone-manager-1.3.0-SNAPSHOT.jar:?]
	at org.apache.hadoop.ozone.om.KeyManagerImpl.getFileStatus(KeyManagerImpl.java:1210) ~[ozone-manager-1.3.0-SNAPSHOT.jar:?]
	at org.apache.hadoop.ozone.om.OzoneManager.getFileStatus(OzoneManager.java:3009) ~[ozone-manager-1.3.0-SNAPSHOT.jar:?]
	at org.apache.hadoop.ozone.protocolPB.OzoneManagerRequestHandler.getOzoneFileStatus(OzoneManagerRequestHandler.java:670) ~[ozone-manager-1.3.0-SNAPSHOT.jar:?]
	at org.apache.hadoop.ozone.protocolPB.OzoneManagerRequestHandler.handleReadRequest(OzoneManagerRequestHandler.java:201) ~[ozone-manager-1.3.0-SNAPSHOT.jar:?]
	at org.apache.hadoop.ozone.protocolPB.OzoneManagerProtocolServerSideTranslatorPB.submitReadRequestToOM(OzoneManagerProtocolServerSideTranslatorPB.java:213) ~[ozone-manager-1.3.0-SNAPSHOT.jar:?]
	at org.apache.hadoop.ozone.protocolPB.OzoneManagerProtocolServerSideTranslatorPB.processRequest(OzoneManagerProtocolServerSideTranslatorPB.java:174) ~[ozone-manager-1.3.0-SNAPSHOT.jar:?]
	at org.apache.hadoop.hdds.server.OzoneProtocolMessageDispatcher.processRequest(OzoneProtocolMessageDispatcher.java:87) [hdds-server-framework-1.3.0-SNAPSHOT.jar:?]
	at org.apache.hadoop.ozone.protocolPB.OzoneManagerProtocolServerSideTranslatorPB.submitRequest(OzoneManagerProtocolServerSideTranslatorPB.java:146) [ozone-manager-1.3.0-SNAPSHOT.jar:?]
	at org.apache.hadoop.ozone.protocol.proto.OzoneManagerProtocolProtos$OzoneManagerService$2.callBlockingMethod(OzoneManagerProtocolProtos.java) [ozone-interface-client-1.3.0-SNAPSHOT.jar:?]
	at org.apache.hadoop.ipc.ProtobufRpcEngine$Server.processCall(ProtobufRpcEngine.java:466) [hadoop-common-3.3.1.jar:?]
	at org.apache.hadoop.ipc.ProtobufRpcEngine2$Server$ProtoBufRpcInvoker.call(ProtobufRpcEngine2.java:574) [hadoop-common-3.3.1.jar:?]
	at org.apache.hadoop.ipc.ProtobufRpcEngine2$Server$ProtoBufRpcInvoker.call(ProtobufRpcEngine2.java:552) [hadoop-common-3.3.1.jar:?]
	at org.apache.hadoop.ipc.RPC$Server.call(RPC.java:1093) [hadoop-common-3.3.1.jar:?]
	at org.apache.hadoop.ipc.Server$RpcCall.run(Server.java:1035) [hadoop-common-3.3.1.jar:?]
	at org.apache.hadoop.ipc.Server$RpcCall.run(Server.java:963) [hadoop-common-3.3.1.jar:?]
	at java.security.AccessController.doPrivileged(Native Method) ~[?:1.8.0_322]
	at javax.security.auth.Subject.doAs(Subject.java:422) [?:1.8.0_322]
	at org.apache.hadoop.security.UserGroupInformation.doAs(UserGroupInformation.java:1878) [hadoop-common-3.3.1.jar:?]
	at org.apache.hadoop.ipc.Server$Handler.run(Server.java:2966) [hadoop-common-3.3.1.jar:?]
04:17:14.645 [IPC Server handler 4 on default port 45981] ERROR OMAudit - user=runner | ip=127.0.0.1 | op=GET_FILE_STATUS {volume=volume21477, bucket=bucket24700, key=level0/level3/level3, dataSize=0, replicationConfig=null} | ret=FAILURE
org.apache.hadoop.ozone.om.exceptions.OMException: Unable to get file status: volume: volume21477 bucket: bucket24700 key: level0/level3/level3
	at org.apache.hadoop.ozone.om.KeyManagerImpl.getOzoneFileStatus(KeyManagerImpl.java:1280) ~[ozone-manager-1.3.0-SNAPSHOT.jar:?]
	at org.apache.hadoop.ozone.om.KeyManagerImpl.getFileStatus(KeyManagerImpl.java:1210) ~[ozone-manager-1.3.0-SNAPSHOT.jar:?]
	at org.apache.hadoop.ozone.om.OzoneManager.getFileStatus(OzoneManager.java:3009) ~[ozone-manager-1.3.0-SNAPSHOT.jar:?]
	at org.apache.hadoop.ozone.protocolPB.OzoneManagerRequestHandler.getOzoneFileStatus(OzoneManagerRequestHandler.java:670) ~[ozone-manager-1.3.0-SNAPSHOT.jar:?]
	at org.apache.hadoop.ozone.protocolPB.OzoneManagerRequestHandler.handleReadRequest(OzoneManagerRequestHandler.java:201) ~[ozone-manager-1.3.0-SNAPSHOT.jar:?]
	at org.apache.hadoop.ozone.protocolPB.OzoneManagerProtocolServerSideTranslatorPB.submitReadRequestToOM(OzoneManagerProtocolServerSideTranslatorPB.java:213) ~[ozone-manager-1.3.0-SNAPSHOT.jar:?]
	at org.apache.hadoop.ozone.protocolPB.OzoneManagerProtocolServerSideTranslatorPB.processRequest(OzoneManagerProtocolServerSideTranslatorPB.java:174) ~[ozone-manager-1.3.0-SNAPSHOT.jar:?]
	at org.apache.hadoop.hdds.server.OzoneProtocolMessageDispatcher.processRequest(OzoneProtocolMessageDispatcher.java:87) [hdds-server-framework-1.3.0-SNAPSHOT.jar:?]
	at org.apache.hadoop.ozone.protocolPB.OzoneManagerProtocolServerSideTranslatorPB.submitRequest(OzoneManagerProtocolServerSideTranslatorPB.java:146) [ozone-manager-1.3.0-SNAPSHOT.jar:?]
	at org.apache.hadoop.ozone.protocol.proto.OzoneManagerProtocolProtos$OzoneManagerService$2.callBlockingMethod(OzoneManagerProtocolProtos.java) [ozone-interface-client-1.3.0-SNAPSHOT.jar:?]
	at org.apache.hadoop.ipc.ProtobufRpcEngine$Server.processCall(ProtobufRpcEngine.java:466) [hadoop-common-3.3.1.jar:?]
	at org.apache.hadoop.ipc.ProtobufRpcEngine2$Server$ProtoBufRpcInvoker.call(ProtobufRpcEngine2.java:574) [hadoop-common-3.3.1.jar:?]
	at org.apache.hadoop.ipc.ProtobufRpcEngine2$Server$ProtoBufRpcInvoker.call(ProtobufRpcEngine2.java:552) [hadoop-common-3.3.1.jar:?]
	at org.apache.hadoop.ipc.RPC$Server.call(RPC.java:1093) [hadoop-common-3.3.1.jar:?]
	at org.apache.hadoop.ipc.Server$RpcCall.run(Server.java:1035) [hadoop-common-3.3.1.jar:?]
	at org.apache.hadoop.ipc.Server$RpcCall.run(Server.java:963) [hadoop-common-3.3.1.jar:?]
	at java.security.AccessController.doPrivileged(Native Method) ~[?:1.8.0_322]
	at javax.security.auth.Subject.doAs(Subject.java:422) [?:1.8.0_322]
	at org.apache.hadoop.security.UserGroupInformation.doAs(UserGroupInformation.java:1878) [hadoop-common-3.3.1.jar:?]
	at org.apache.hadoop.ipc.Server$Handler.run(Server.java:2966) [hadoop-common-3.3.1.jar:?]
04:17:14.645 [IPC Server handler 14 on default port 45981] ERROR OMAudit - user=runner | ip=127.0.0.1 | op=GET_FILE_STATUS {volume=volume21477, bucket=bucket24700, key=level0/level3/file1, dataSize=0, replicationConfig=null} | ret=FAILURE
org.apache.hadoop.ozone.om.exceptions.OMException: Unable to get file status: volume: volume21477 bucket: bucket24700 key: level0/level3/file1
	at org.apache.hadoop.ozone.om.KeyManagerImpl.getOzoneFileStatus(KeyManagerImpl.java:1280) ~[ozone-manager-1.3.0-SNAPSHOT.jar:?]
	at org.apache.hadoop.ozone.om.KeyManagerImpl.getFileStatus(KeyManagerImpl.java:1210) ~[ozone-manager-1.3.0-SNAPSHOT.jar:?]
	at org.apache.hadoop.ozone.om.OzoneManager.getFileStatus(OzoneManager.java:3009) ~[ozone-manager-1.3.0-SNAPSHOT.jar:?]
	at org.apache.hadoop.ozone.protocolPB.OzoneManagerRequestHandler.getOzoneFileStatus(OzoneManagerRequestHandler.java:670) ~[ozone-manager-1.3.0-SNAPSHOT.jar:?]
	at org.apache.hadoop.ozone.protocolPB.OzoneManagerRequestHandler.handleReadRequest(OzoneManagerRequestHandler.java:201) ~[ozone-manager-1.3.0-SNAPSHOT.jar:?]
	at org.apache.hadoop.ozone.protocolPB.OzoneManagerProtocolServerSideTranslatorPB.submitReadRequestToOM(OzoneManagerProtocolServerSideTranslatorPB.java:213) ~[ozone-manager-1.3.0-SNAPSHOT.jar:?]
	at org.apache.hadoop.ozone.protocolPB.OzoneManagerProtocolServerSideTranslatorPB.processRequest(OzoneManagerProtocolServerSideTranslatorPB.java:174) ~[ozone-manager-1.3.0-SNAPSHOT.jar:?]
	at org.apache.hadoop.hdds.server.OzoneProtocolMessageDispatcher.processRequest(OzoneProtocolMessageDispatcher.java:87) [hdds-server-framework-1.3.0-SNAPSHOT.jar:?]
	at org.apache.hadoop.ozone.protocolPB.OzoneManagerProtocolServerSideTranslatorPB.submitRequest(OzoneManagerProtocolServerSideTranslatorPB.java:146) [ozone-manager-1.3.0-SNAPSHOT.jar:?]
	at org.apache.hadoop.ozone.protocol.proto.OzoneManagerProtocolProtos$OzoneManagerService$2.callBlockingMethod(OzoneManagerProtocolProtos.java) [ozone-interface-client-1.3.0-SNAPSHOT.jar:?]
	at org.apache.hadoop.ipc.ProtobufRpcEngine$Server.processCall(ProtobufRpcEngine.java:466) [hadoop-common-3.3.1.jar:?]
	at org.apache.hadoop.ipc.ProtobufRpcEngine2$Server$ProtoBufRpcInvoker.call(ProtobufRpcEngine2.java:574) [hadoop-common-3.3.1.jar:?]
	at org.apache.hadoop.ipc.ProtobufRpcEngine2$Server$ProtoBufRpcInvoker.call(ProtobufRpcEngine2.java:552) [hadoop-common-3.3.1.jar:?]
	at org.apache.hadoop.ipc.RPC$Server.call(RPC.java:1093) [hadoop-common-3.3.1.jar:?]
	at org.apache.hadoop.ipc.Server$RpcCall.run(Server.java:1035) [hadoop-common-3.3.1.jar:?]
	at org.apache.hadoop.ipc.Server$RpcCall.run(Server.java:963) [hadoop-common-3.3.1.jar:?]
	at java.security.AccessController.doPrivileged(Native Method) ~[?:1.8.0_322]
	at javax.security.auth.Subject.doAs(Subject.java:422) [?:1.8.0_322]
	at org.apache.hadoop.security.UserGroupInformation.doAs(UserGroupInformation.java:1878) [hadoop-common-3.3.1.jar:?]
	at org.apache.hadoop.ipc.Server$Handler.run(Server.java:2966) [hadoop-common-3.3.1.jar:?]
04:17:14.646 [IPC Server handler 19 on default port 45981] ERROR OMAudit - user=runner | ip=127.0.0.1 | op=GET_FILE_STATUS {volume=volume21477, bucket=bucket24700, key=level0/level3/level3/file1, dataSize=0, replicationConfig=null} | ret=FAILURE
org.apache.hadoop.ozone.om.exceptions.OMException: Unable to get file status: volume: volume21477 bucket: bucket24700 key: level0/level3/level3/file1
	at org.apache.hadoop.ozone.om.KeyManagerImpl.getOzoneFileStatus(KeyManagerImpl.java:1280) ~[ozone-manager-1.3.0-SNAPSHOT.jar:?]
	at org.apache.hadoop.ozone.om.KeyManagerImpl.getFileStatus(KeyManagerImpl.java:1210) ~[ozone-manager-1.3.0-SNAPSHOT.jar:?]
	at org.apache.hadoop.ozone.om.OzoneManager.getFileStatus(OzoneManager.java:3009) ~[ozone-manager-1.3.0-SNAPSHOT.jar:?]
	at org.apache.hadoop.ozone.protocolPB.OzoneManagerRequestHandler.getOzoneFileStatus(OzoneManagerRequestHandler.java:670) ~[ozone-manager-1.3.0-SNAPSHOT.jar:?]
	at org.apache.hadoop.ozone.protocolPB.OzoneManagerRequestHandler.handleReadRequest(OzoneManagerRequestHandler.java:201) ~[ozone-manager-1.3.0-SNAPSHOT.jar:?]
	at org.apache.hadoop.ozone.protocolPB.OzoneManagerProtocolServerSideTranslatorPB.submitReadRequestToOM(OzoneManagerProtocolServerSideTranslatorPB.java:213) ~[ozone-manager-1.3.0-SNAPSHOT.jar:?]
	at org.apache.hadoop.ozone.protocolPB.OzoneManagerProtocolServerSideTranslatorPB.processRequest(OzoneManagerProtocolServerSideTranslatorPB.java:174) ~[ozone-manager-1.3.0-SNAPSHOT.jar:?]
	at org.apache.hadoop.hdds.server.OzoneProtocolMessageDispatcher.processRequest(OzoneProtocolMessageDispatcher.java:87) [hdds-server-framework-1.3.0-SNAPSHOT.jar:?]
	at org.apache.hadoop.ozone.protocolPB.OzoneManagerProtocolServerSideTranslatorPB.submitRequest(OzoneManagerProtocolServerSideTranslatorPB.java:146) [ozone-manager-1.3.0-SNAPSHOT.jar:?]
	at org.apache.hadoop.ozone.protocol.proto.OzoneManagerProtocolProtos$OzoneManagerService$2.callBlockingMethod(OzoneManagerProtocolProtos.java) [ozone-interface-client-1.3.0-SNAPSHOT.jar:?]
	at org.apache.hadoop.ipc.ProtobufRpcEngine$Server.processCall(ProtobufRpcEngine.java:466) [hadoop-common-3.3.1.jar:?]
	at org.apache.hadoop.ipc.ProtobufRpcEngine2$Server$ProtoBufRpcInvoker.call(ProtobufRpcEngine2.java:574) [hadoop-common-3.3.1.jar:?]
	at org.apache.hadoop.ipc.ProtobufRpcEngine2$Server$ProtoBufRpcInvoker.call(ProtobufRpcEngine2.java:552) [hadoop-common-3.3.1.jar:?]
	at org.apache.hadoop.ipc.RPC$Server.call(RPC.java:1093) [hadoop-common-3.3.1.jar:?]
	at org.apache.hadoop.ipc.Server$RpcCall.run(Server.java:1035) [hadoop-common-3.3.1.jar:?]
	at org.apache.hadoop.ipc.Server$RpcCall.run(Server.java:963) [hadoop-common-3.3.1.jar:?]
	at java.security.AccessController.doPrivileged(Native Method) ~[?:1.8.0_322]
	at javax.security.auth.Subject.doAs(Subject.java:422) [?:1.8.0_322]
	at org.apache.hadoop.security.UserGroupInformation.doAs(UserGroupInformation.java:1878) [hadoop-common-3.3.1.jar:?]
	at org.apache.hadoop.ipc.Server$Handler.run(Server.java:2966) [hadoop-common-3.3.1.jar:?]
]]></system-out>
  </testcase>
  <testcase name="testRecursiveDelete" classname="TestOzoneFileSystem" time="0.221">
    <system-out><![CDATA[04:18:26.717 [IPC Server handler 14 on default port 37371] ERROR OMAudit - user=runner | ip=127.0.0.1 | op=GET_FILE_STATUS {volume=volume22323, bucket=bucket47719, key=gdir1, dataSize=0, replicationConfig=null} | ret=FAILURE
org.apache.hadoop.ozone.om.exceptions.OMException: Unable to get file status: volume: volume22323 bucket: bucket47719 key: gdir1
	at org.apache.hadoop.ozone.om.KeyManagerImpl.getOzoneFileStatus(KeyManagerImpl.java:1280) ~[ozone-manager-1.3.0-SNAPSHOT.jar:?]
	at org.apache.hadoop.ozone.om.KeyManagerImpl.getFileStatus(KeyManagerImpl.java:1210) ~[ozone-manager-1.3.0-SNAPSHOT.jar:?]
	at org.apache.hadoop.ozone.om.OzoneManager.getFileStatus(OzoneManager.java:3009) ~[ozone-manager-1.3.0-SNAPSHOT.jar:?]
	at org.apache.hadoop.ozone.protocolPB.OzoneManagerRequestHandler.getOzoneFileStatus(OzoneManagerRequestHandler.java:670) ~[ozone-manager-1.3.0-SNAPSHOT.jar:?]
	at org.apache.hadoop.ozone.protocolPB.OzoneManagerRequestHandler.handleReadRequest(OzoneManagerRequestHandler.java:201) ~[ozone-manager-1.3.0-SNAPSHOT.jar:?]
	at org.apache.hadoop.ozone.protocolPB.OzoneManagerProtocolServerSideTranslatorPB.submitRequestDirectlyToOM(OzoneManagerProtocolServerSideTranslatorPB.java:271) ~[ozone-manager-1.3.0-SNAPSHOT.jar:?]
	at org.apache.hadoop.ozone.protocolPB.OzoneManagerProtocolServerSideTranslatorPB.processRequest(OzoneManagerProtocolServerSideTranslatorPB.java:195) ~[ozone-manager-1.3.0-SNAPSHOT.jar:?]
	at org.apache.hadoop.hdds.server.OzoneProtocolMessageDispatcher.processRequest(OzoneProtocolMessageDispatcher.java:87) [hdds-server-framework-1.3.0-SNAPSHOT.jar:?]
	at org.apache.hadoop.ozone.protocolPB.OzoneManagerProtocolServerSideTranslatorPB.submitRequest(OzoneManagerProtocolServerSideTranslatorPB.java:146) [ozone-manager-1.3.0-SNAPSHOT.jar:?]
	at org.apache.hadoop.ozone.protocol.proto.OzoneManagerProtocolProtos$OzoneManagerService$2.callBlockingMethod(OzoneManagerProtocolProtos.java) [ozone-interface-client-1.3.0-SNAPSHOT.jar:?]
	at org.apache.hadoop.ipc.ProtobufRpcEngine$Server.processCall(ProtobufRpcEngine.java:466) [hadoop-common-3.3.1.jar:?]
	at org.apache.hadoop.ipc.ProtobufRpcEngine2$Server$ProtoBufRpcInvoker.call(ProtobufRpcEngine2.java:574) [hadoop-common-3.3.1.jar:?]
	at org.apache.hadoop.ipc.ProtobufRpcEngine2$Server$ProtoBufRpcInvoker.call(ProtobufRpcEngine2.java:552) [hadoop-common-3.3.1.jar:?]
	at org.apache.hadoop.ipc.RPC$Server.call(RPC.java:1093) [hadoop-common-3.3.1.jar:?]
	at org.apache.hadoop.ipc.Server$RpcCall.run(Server.java:1035) [hadoop-common-3.3.1.jar:?]
	at org.apache.hadoop.ipc.Server$RpcCall.run(Server.java:963) [hadoop-common-3.3.1.jar:?]
	at java.security.AccessController.doPrivileged(Native Method) ~[?:1.8.0_322]
	at javax.security.auth.Subject.doAs(Subject.java:422) [?:1.8.0_322]
	at org.apache.hadoop.security.UserGroupInformation.doAs(UserGroupInformation.java:1878) [hadoop-common-3.3.1.jar:?]
	at org.apache.hadoop.ipc.Server$Handler.run(Server.java:2966) [hadoop-common-3.3.1.jar:?]
04:18:26.718 [IPC Server handler 19 on default port 37371] ERROR OMAudit - user=runner | ip=127.0.0.1 | op=GET_FILE_STATUS {volume=volume22323, bucket=bucket47719, key=gdir1/dir1, dataSize=0, replicationConfig=null} | ret=FAILURE
org.apache.hadoop.ozone.om.exceptions.OMException: Unable to get file status: volume: volume22323 bucket: bucket47719 key: gdir1/dir1
	at org.apache.hadoop.ozone.om.KeyManagerImpl.getOzoneFileStatus(KeyManagerImpl.java:1280) ~[ozone-manager-1.3.0-SNAPSHOT.jar:?]
	at org.apache.hadoop.ozone.om.KeyManagerImpl.getFileStatus(KeyManagerImpl.java:1210) ~[ozone-manager-1.3.0-SNAPSHOT.jar:?]
	at org.apache.hadoop.ozone.om.OzoneManager.getFileStatus(OzoneManager.java:3009) ~[ozone-manager-1.3.0-SNAPSHOT.jar:?]
	at org.apache.hadoop.ozone.protocolPB.OzoneManagerRequestHandler.getOzoneFileStatus(OzoneManagerRequestHandler.java:670) ~[ozone-manager-1.3.0-SNAPSHOT.jar:?]
	at org.apache.hadoop.ozone.protocolPB.OzoneManagerRequestHandler.handleReadRequest(OzoneManagerRequestHandler.java:201) ~[ozone-manager-1.3.0-SNAPSHOT.jar:?]
	at org.apache.hadoop.ozone.protocolPB.OzoneManagerProtocolServerSideTranslatorPB.submitRequestDirectlyToOM(OzoneManagerProtocolServerSideTranslatorPB.java:271) ~[ozone-manager-1.3.0-SNAPSHOT.jar:?]
	at org.apache.hadoop.ozone.protocolPB.OzoneManagerProtocolServerSideTranslatorPB.processRequest(OzoneManagerProtocolServerSideTranslatorPB.java:195) ~[ozone-manager-1.3.0-SNAPSHOT.jar:?]
	at org.apache.hadoop.hdds.server.OzoneProtocolMessageDispatcher.processRequest(OzoneProtocolMessageDispatcher.java:87) [hdds-server-framework-1.3.0-SNAPSHOT.jar:?]
	at org.apache.hadoop.ozone.protocolPB.OzoneManagerProtocolServerSideTranslatorPB.submitRequest(OzoneManagerProtocolServerSideTranslatorPB.java:146) [ozone-manager-1.3.0-SNAPSHOT.jar:?]
	at org.apache.hadoop.ozone.protocol.proto.OzoneManagerProtocolProtos$OzoneManagerService$2.callBlockingMethod(OzoneManagerProtocolProtos.java) [ozone-interface-client-1.3.0-SNAPSHOT.jar:?]
	at org.apache.hadoop.ipc.ProtobufRpcEngine$Server.processCall(ProtobufRpcEngine.java:466) [hadoop-common-3.3.1.jar:?]
	at org.apache.hadoop.ipc.ProtobufRpcEngine2$Server$ProtoBufRpcInvoker.call(ProtobufRpcEngine2.java:574) [hadoop-common-3.3.1.jar:?]
	at org.apache.hadoop.ipc.ProtobufRpcEngine2$Server$ProtoBufRpcInvoker.call(ProtobufRpcEngine2.java:552) [hadoop-common-3.3.1.jar:?]
	at org.apache.hadoop.ipc.RPC$Server.call(RPC.java:1093) [hadoop-common-3.3.1.jar:?]
	at org.apache.hadoop.ipc.Server$RpcCall.run(Server.java:1035) [hadoop-common-3.3.1.jar:?]
	at org.apache.hadoop.ipc.Server$RpcCall.run(Server.java:963) [hadoop-common-3.3.1.jar:?]
	at java.security.AccessController.doPrivileged(Native Method) ~[?:1.8.0_322]
	at javax.security.auth.Subject.doAs(Subject.java:422) [?:1.8.0_322]
	at org.apache.hadoop.security.UserGroupInformation.doAs(UserGroupInformation.java:1878) [hadoop-common-3.3.1.jar:?]
	at org.apache.hadoop.ipc.Server$Handler.run(Server.java:2966) [hadoop-common-3.3.1.jar:?]
04:18:26.720 [IPC Server handler 18 on default port 37371] ERROR OMAudit - user=runner | ip=127.0.0.1 | op=GET_FILE_STATUS {volume=volume22323, bucket=bucket47719, key=gdir1/dir1/child, dataSize=0, replicationConfig=null} | ret=FAILURE
org.apache.hadoop.ozone.om.exceptions.OMException: Unable to get file status: volume: volume22323 bucket: bucket47719 key: gdir1/dir1/child
	at org.apache.hadoop.ozone.om.KeyManagerImpl.getOzoneFileStatus(KeyManagerImpl.java:1280) ~[ozone-manager-1.3.0-SNAPSHOT.jar:?]
	at org.apache.hadoop.ozone.om.KeyManagerImpl.getFileStatus(KeyManagerImpl.java:1210) ~[ozone-manager-1.3.0-SNAPSHOT.jar:?]
	at org.apache.hadoop.ozone.om.OzoneManager.getFileStatus(OzoneManager.java:3009) ~[ozone-manager-1.3.0-SNAPSHOT.jar:?]
	at org.apache.hadoop.ozone.protocolPB.OzoneManagerRequestHandler.getOzoneFileStatus(OzoneManagerRequestHandler.java:670) ~[ozone-manager-1.3.0-SNAPSHOT.jar:?]
	at org.apache.hadoop.ozone.protocolPB.OzoneManagerRequestHandler.handleReadRequest(OzoneManagerRequestHandler.java:201) ~[ozone-manager-1.3.0-SNAPSHOT.jar:?]
	at org.apache.hadoop.ozone.protocolPB.OzoneManagerProtocolServerSideTranslatorPB.submitRequestDirectlyToOM(OzoneManagerProtocolServerSideTranslatorPB.java:271) ~[ozone-manager-1.3.0-SNAPSHOT.jar:?]
	at org.apache.hadoop.ozone.protocolPB.OzoneManagerProtocolServerSideTranslatorPB.processRequest(OzoneManagerProtocolServerSideTranslatorPB.java:195) ~[ozone-manager-1.3.0-SNAPSHOT.jar:?]
	at org.apache.hadoop.hdds.server.OzoneProtocolMessageDispatcher.processRequest(OzoneProtocolMessageDispatcher.java:87) [hdds-server-framework-1.3.0-SNAPSHOT.jar:?]
	at org.apache.hadoop.ozone.protocolPB.OzoneManagerProtocolServerSideTranslatorPB.submitRequest(OzoneManagerProtocolServerSideTranslatorPB.java:146) [ozone-manager-1.3.0-SNAPSHOT.jar:?]
	at org.apache.hadoop.ozone.protocol.proto.OzoneManagerProtocolProtos$OzoneManagerService$2.callBlockingMethod(OzoneManagerProtocolProtos.java) [ozone-interface-client-1.3.0-SNAPSHOT.jar:?]
	at org.apache.hadoop.ipc.ProtobufRpcEngine$Server.processCall(ProtobufRpcEngine.java:466) [hadoop-common-3.3.1.jar:?]
	at org.apache.hadoop.ipc.ProtobufRpcEngine2$Server$ProtoBufRpcInvoker.call(ProtobufRpcEngine2.java:574) [hadoop-common-3.3.1.jar:?]
	at org.apache.hadoop.ipc.ProtobufRpcEngine2$Server$ProtoBufRpcInvoker.call(ProtobufRpcEngine2.java:552) [hadoop-common-3.3.1.jar:?]
	at org.apache.hadoop.ipc.RPC$Server.call(RPC.java:1093) [hadoop-common-3.3.1.jar:?]
	at org.apache.hadoop.ipc.Server$RpcCall.run(Server.java:1035) [hadoop-common-3.3.1.jar:?]
	at org.apache.hadoop.ipc.Server$RpcCall.run(Server.java:963) [hadoop-common-3.3.1.jar:?]
	at java.security.AccessController.doPrivileged(Native Method) ~[?:1.8.0_322]
	at javax.security.auth.Subject.doAs(Subject.java:422) [?:1.8.0_322]
	at org.apache.hadoop.security.UserGroupInformation.doAs(UserGroupInformation.java:1878) [hadoop-common-3.3.1.jar:?]
	at org.apache.hadoop.ipc.Server$Handler.run(Server.java:2966) [hadoop-common-3.3.1.jar:?]
04:18:26.721 [IPC Server handler 5 on default port 37371] ERROR OMAudit - user=runner | ip=127.0.0.1 | op=GET_FILE_STATUS {volume=volume22323, bucket=bucket47719, key=gdir1/dir2, dataSize=0, replicationConfig=null} | ret=FAILURE
org.apache.hadoop.ozone.om.exceptions.OMException: Unable to get file status: volume: volume22323 bucket: bucket47719 key: gdir1/dir2
	at org.apache.hadoop.ozone.om.KeyManagerImpl.getOzoneFileStatus(KeyManagerImpl.java:1280) ~[ozone-manager-1.3.0-SNAPSHOT.jar:?]
	at org.apache.hadoop.ozone.om.KeyManagerImpl.getFileStatus(KeyManagerImpl.java:1210) ~[ozone-manager-1.3.0-SNAPSHOT.jar:?]
	at org.apache.hadoop.ozone.om.OzoneManager.getFileStatus(OzoneManager.java:3009) ~[ozone-manager-1.3.0-SNAPSHOT.jar:?]
	at org.apache.hadoop.ozone.protocolPB.OzoneManagerRequestHandler.getOzoneFileStatus(OzoneManagerRequestHandler.java:670) ~[ozone-manager-1.3.0-SNAPSHOT.jar:?]
	at org.apache.hadoop.ozone.protocolPB.OzoneManagerRequestHandler.handleReadRequest(OzoneManagerRequestHandler.java:201) ~[ozone-manager-1.3.0-SNAPSHOT.jar:?]
	at org.apache.hadoop.ozone.protocolPB.OzoneManagerProtocolServerSideTranslatorPB.submitRequestDirectlyToOM(OzoneManagerProtocolServerSideTranslatorPB.java:271) ~[ozone-manager-1.3.0-SNAPSHOT.jar:?]
	at org.apache.hadoop.ozone.protocolPB.OzoneManagerProtocolServerSideTranslatorPB.processRequest(OzoneManagerProtocolServerSideTranslatorPB.java:195) ~[ozone-manager-1.3.0-SNAPSHOT.jar:?]
	at org.apache.hadoop.hdds.server.OzoneProtocolMessageDispatcher.processRequest(OzoneProtocolMessageDispatcher.java:87) [hdds-server-framework-1.3.0-SNAPSHOT.jar:?]
	at org.apache.hadoop.ozone.protocolPB.OzoneManagerProtocolServerSideTranslatorPB.submitRequest(OzoneManagerProtocolServerSideTranslatorPB.java:146) [ozone-manager-1.3.0-SNAPSHOT.jar:?]
	at org.apache.hadoop.ozone.protocol.proto.OzoneManagerProtocolProtos$OzoneManagerService$2.callBlockingMethod(OzoneManagerProtocolProtos.java) [ozone-interface-client-1.3.0-SNAPSHOT.jar:?]
	at org.apache.hadoop.ipc.ProtobufRpcEngine$Server.processCall(ProtobufRpcEngine.java:466) [hadoop-common-3.3.1.jar:?]
	at org.apache.hadoop.ipc.ProtobufRpcEngine2$Server$ProtoBufRpcInvoker.call(ProtobufRpcEngine2.java:574) [hadoop-common-3.3.1.jar:?]
	at org.apache.hadoop.ipc.ProtobufRpcEngine2$Server$ProtoBufRpcInvoker.call(ProtobufRpcEngine2.java:552) [hadoop-common-3.3.1.jar:?]
	at org.apache.hadoop.ipc.RPC$Server.call(RPC.java:1093) [hadoop-common-3.3.1.jar:?]
	at org.apache.hadoop.ipc.Server$RpcCall.run(Server.java:1035) [hadoop-common-3.3.1.jar:?]
	at org.apache.hadoop.ipc.Server$RpcCall.run(Server.java:963) [hadoop-common-3.3.1.jar:?]
	at java.security.AccessController.doPrivileged(Native Method) ~[?:1.8.0_322]
	at javax.security.auth.Subject.doAs(Subject.java:422) [?:1.8.0_322]
	at org.apache.hadoop.security.UserGroupInformation.doAs(UserGroupInformation.java:1878) [hadoop-common-3.3.1.jar:?]
	at org.apache.hadoop.ipc.Server$Handler.run(Server.java:2966) [hadoop-common-3.3.1.jar:?]
04:18:26.722 [IPC Server handler 4 on default port 37371] ERROR OMAudit - user=runner | ip=127.0.0.1 | op=GET_FILE_STATUS {volume=volume22323, bucket=bucket47719, key=gdir1/dir2/child, dataSize=0, replicationConfig=null} | ret=FAILURE
org.apache.hadoop.ozone.om.exceptions.OMException: Unable to get file status: volume: volume22323 bucket: bucket47719 key: gdir1/dir2/child
	at org.apache.hadoop.ozone.om.KeyManagerImpl.getOzoneFileStatus(KeyManagerImpl.java:1280) ~[ozone-manager-1.3.0-SNAPSHOT.jar:?]
	at org.apache.hadoop.ozone.om.KeyManagerImpl.getFileStatus(KeyManagerImpl.java:1210) ~[ozone-manager-1.3.0-SNAPSHOT.jar:?]
	at org.apache.hadoop.ozone.om.OzoneManager.getFileStatus(OzoneManager.java:3009) ~[ozone-manager-1.3.0-SNAPSHOT.jar:?]
	at org.apache.hadoop.ozone.protocolPB.OzoneManagerRequestHandler.getOzoneFileStatus(OzoneManagerRequestHandler.java:670) ~[ozone-manager-1.3.0-SNAPSHOT.jar:?]
	at org.apache.hadoop.ozone.protocolPB.OzoneManagerRequestHandler.handleReadRequest(OzoneManagerRequestHandler.java:201) ~[ozone-manager-1.3.0-SNAPSHOT.jar:?]
	at org.apache.hadoop.ozone.protocolPB.OzoneManagerProtocolServerSideTranslatorPB.submitRequestDirectlyToOM(OzoneManagerProtocolServerSideTranslatorPB.java:271) ~[ozone-manager-1.3.0-SNAPSHOT.jar:?]
	at org.apache.hadoop.ozone.protocolPB.OzoneManagerProtocolServerSideTranslatorPB.processRequest(OzoneManagerProtocolServerSideTranslatorPB.java:195) ~[ozone-manager-1.3.0-SNAPSHOT.jar:?]
	at org.apache.hadoop.hdds.server.OzoneProtocolMessageDispatcher.processRequest(OzoneProtocolMessageDispatcher.java:87) [hdds-server-framework-1.3.0-SNAPSHOT.jar:?]
	at org.apache.hadoop.ozone.protocolPB.OzoneManagerProtocolServerSideTranslatorPB.submitRequest(OzoneManagerProtocolServerSideTranslatorPB.java:146) [ozone-manager-1.3.0-SNAPSHOT.jar:?]
	at org.apache.hadoop.ozone.protocol.proto.OzoneManagerProtocolProtos$OzoneManagerService$2.callBlockingMethod(OzoneManagerProtocolProtos.java) [ozone-interface-client-1.3.0-SNAPSHOT.jar:?]
	at org.apache.hadoop.ipc.ProtobufRpcEngine$Server.processCall(ProtobufRpcEngine.java:466) [hadoop-common-3.3.1.jar:?]
	at org.apache.hadoop.ipc.ProtobufRpcEngine2$Server$ProtoBufRpcInvoker.call(ProtobufRpcEngine2.java:574) [hadoop-common-3.3.1.jar:?]
	at org.apache.hadoop.ipc.ProtobufRpcEngine2$Server$ProtoBufRpcInvoker.call(ProtobufRpcEngine2.java:552) [hadoop-common-3.3.1.jar:?]
	at org.apache.hadoop.ipc.RPC$Server.call(RPC.java:1093) [hadoop-common-3.3.1.jar:?]
	at org.apache.hadoop.ipc.Server$RpcCall.run(Server.java:1035) [hadoop-common-3.3.1.jar:?]
	at org.apache.hadoop.ipc.Server$RpcCall.run(Server.java:963) [hadoop-common-3.3.1.jar:?]
	at java.security.AccessController.doPrivileged(Native Method) ~[?:1.8.0_322]
	at javax.security.auth.Subject.doAs(Subject.java:422) [?:1.8.0_322]
	at org.apache.hadoop.security.UserGroupInformation.doAs(UserGroupInformation.java:1878) [hadoop-common-3.3.1.jar:?]
	at org.apache.hadoop.ipc.Server$Handler.run(Server.java:2966) [hadoop-common-3.3.1.jar:?]
04:18:26.722 [IPC Server handler 3 on default port 37371] ERROR OMAudit - user=runner | ip=127.0.0.1 | op=GET_FILE_STATUS {volume=volume22323, bucket=bucket47719, key=gdir1/dir3, dataSize=0, replicationConfig=null} | ret=FAILURE
org.apache.hadoop.ozone.om.exceptions.OMException: Unable to get file status: volume: volume22323 bucket: bucket47719 key: gdir1/dir3
	at org.apache.hadoop.ozone.om.KeyManagerImpl.getOzoneFileStatus(KeyManagerImpl.java:1280) ~[ozone-manager-1.3.0-SNAPSHOT.jar:?]
	at org.apache.hadoop.ozone.om.KeyManagerImpl.getFileStatus(KeyManagerImpl.java:1210) ~[ozone-manager-1.3.0-SNAPSHOT.jar:?]
	at org.apache.hadoop.ozone.om.OzoneManager.getFileStatus(OzoneManager.java:3009) ~[ozone-manager-1.3.0-SNAPSHOT.jar:?]
	at org.apache.hadoop.ozone.protocolPB.OzoneManagerRequestHandler.getOzoneFileStatus(OzoneManagerRequestHandler.java:670) ~[ozone-manager-1.3.0-SNAPSHOT.jar:?]
	at org.apache.hadoop.ozone.protocolPB.OzoneManagerRequestHandler.handleReadRequest(OzoneManagerRequestHandler.java:201) ~[ozone-manager-1.3.0-SNAPSHOT.jar:?]
	at org.apache.hadoop.ozone.protocolPB.OzoneManagerProtocolServerSideTranslatorPB.submitRequestDirectlyToOM(OzoneManagerProtocolServerSideTranslatorPB.java:271) ~[ozone-manager-1.3.0-SNAPSHOT.jar:?]
	at org.apache.hadoop.ozone.protocolPB.OzoneManagerProtocolServerSideTranslatorPB.processRequest(OzoneManagerProtocolServerSideTranslatorPB.java:195) ~[ozone-manager-1.3.0-SNAPSHOT.jar:?]
	at org.apache.hadoop.hdds.server.OzoneProtocolMessageDispatcher.processRequest(OzoneProtocolMessageDispatcher.java:87) [hdds-server-framework-1.3.0-SNAPSHOT.jar:?]
	at org.apache.hadoop.ozone.protocolPB.OzoneManagerProtocolServerSideTranslatorPB.submitRequest(OzoneManagerProtocolServerSideTranslatorPB.java:146) [ozone-manager-1.3.0-SNAPSHOT.jar:?]
	at org.apache.hadoop.ozone.protocol.proto.OzoneManagerProtocolProtos$OzoneManagerService$2.callBlockingMethod(OzoneManagerProtocolProtos.java) [ozone-interface-client-1.3.0-SNAPSHOT.jar:?]
	at org.apache.hadoop.ipc.ProtobufRpcEngine$Server.processCall(ProtobufRpcEngine.java:466) [hadoop-common-3.3.1.jar:?]
	at org.apache.hadoop.ipc.ProtobufRpcEngine2$Server$ProtoBufRpcInvoker.call(ProtobufRpcEngine2.java:574) [hadoop-common-3.3.1.jar:?]
	at org.apache.hadoop.ipc.ProtobufRpcEngine2$Server$ProtoBufRpcInvoker.call(ProtobufRpcEngine2.java:552) [hadoop-common-3.3.1.jar:?]
	at org.apache.hadoop.ipc.RPC$Server.call(RPC.java:1093) [hadoop-common-3.3.1.jar:?]
	at org.apache.hadoop.ipc.Server$RpcCall.run(Server.java:1035) [hadoop-common-3.3.1.jar:?]
	at org.apache.hadoop.ipc.Server$RpcCall.run(Server.java:963) [hadoop-common-3.3.1.jar:?]
	at java.security.AccessController.doPrivileged(Native Method) ~[?:1.8.0_322]
	at javax.security.auth.Subject.doAs(Subject.java:422) [?:1.8.0_322]
	at org.apache.hadoop.security.UserGroupInformation.doAs(UserGroupInformation.java:1878) [hadoop-common-3.3.1.jar:?]
	at org.apache.hadoop.ipc.Server$Handler.run(Server.java:2966) [hadoop-common-3.3.1.jar:?]
04:18:26.723 [IPC Server handler 2 on default port 37371] ERROR OMAudit - user=runner | ip=127.0.0.1 | op=GET_FILE_STATUS {volume=volume22323, bucket=bucket47719, key=gdir1/dir3/child, dataSize=0, replicationConfig=null} | ret=FAILURE
org.apache.hadoop.ozone.om.exceptions.OMException: Unable to get file status: volume: volume22323 bucket: bucket47719 key: gdir1/dir3/child
	at org.apache.hadoop.ozone.om.KeyManagerImpl.getOzoneFileStatus(KeyManagerImpl.java:1280) ~[ozone-manager-1.3.0-SNAPSHOT.jar:?]
	at org.apache.hadoop.ozone.om.KeyManagerImpl.getFileStatus(KeyManagerImpl.java:1210) ~[ozone-manager-1.3.0-SNAPSHOT.jar:?]
	at org.apache.hadoop.ozone.om.OzoneManager.getFileStatus(OzoneManager.java:3009) ~[ozone-manager-1.3.0-SNAPSHOT.jar:?]
	at org.apache.hadoop.ozone.protocolPB.OzoneManagerRequestHandler.getOzoneFileStatus(OzoneManagerRequestHandler.java:670) ~[ozone-manager-1.3.0-SNAPSHOT.jar:?]
	at org.apache.hadoop.ozone.protocolPB.OzoneManagerRequestHandler.handleReadRequest(OzoneManagerRequestHandler.java:201) ~[ozone-manager-1.3.0-SNAPSHOT.jar:?]
	at org.apache.hadoop.ozone.protocolPB.OzoneManagerProtocolServerSideTranslatorPB.submitRequestDirectlyToOM(OzoneManagerProtocolServerSideTranslatorPB.java:271) ~[ozone-manager-1.3.0-SNAPSHOT.jar:?]
	at org.apache.hadoop.ozone.protocolPB.OzoneManagerProtocolServerSideTranslatorPB.processRequest(OzoneManagerProtocolServerSideTranslatorPB.java:195) ~[ozone-manager-1.3.0-SNAPSHOT.jar:?]
	at org.apache.hadoop.hdds.server.OzoneProtocolMessageDispatcher.processRequest(OzoneProtocolMessageDispatcher.java:87) [hdds-server-framework-1.3.0-SNAPSHOT.jar:?]
	at org.apache.hadoop.ozone.protocolPB.OzoneManagerProtocolServerSideTranslatorPB.submitRequest(OzoneManagerProtocolServerSideTranslatorPB.java:146) [ozone-manager-1.3.0-SNAPSHOT.jar:?]
	at org.apache.hadoop.ozone.protocol.proto.OzoneManagerProtocolProtos$OzoneManagerService$2.callBlockingMethod(OzoneManagerProtocolProtos.java) [ozone-interface-client-1.3.0-SNAPSHOT.jar:?]
	at org.apache.hadoop.ipc.ProtobufRpcEngine$Server.processCall(ProtobufRpcEngine.java:466) [hadoop-common-3.3.1.jar:?]
	at org.apache.hadoop.ipc.ProtobufRpcEngine2$Server$ProtoBufRpcInvoker.call(ProtobufRpcEngine2.java:574) [hadoop-common-3.3.1.jar:?]
	at org.apache.hadoop.ipc.ProtobufRpcEngine2$Server$ProtoBufRpcInvoker.call(ProtobufRpcEngine2.java:552) [hadoop-common-3.3.1.jar:?]
	at org.apache.hadoop.ipc.RPC$Server.call(RPC.java:1093) [hadoop-common-3.3.1.jar:?]
	at org.apache.hadoop.ipc.Server$RpcCall.run(Server.java:1035) [hadoop-common-3.3.1.jar:?]
	at org.apache.hadoop.ipc.Server$RpcCall.run(Server.java:963) [hadoop-common-3.3.1.jar:?]
	at java.security.AccessController.doPrivileged(Native Method) ~[?:1.8.0_322]
	at javax.security.auth.Subject.doAs(Subject.java:422) [?:1.8.0_322]
	at org.apache.hadoop.security.UserGroupInformation.doAs(UserGroupInformation.java:1878) [hadoop-common-3.3.1.jar:?]
	at org.apache.hadoop.ipc.Server$Handler.run(Server.java:2966) [hadoop-common-3.3.1.jar:?]
04:18:26.723 [IPC Server handler 15 on default port 37371] ERROR OMAudit - user=runner | ip=127.0.0.1 | op=GET_FILE_STATUS {volume=volume22323, bucket=bucket47719, key=gdir1/dir4, dataSize=0, replicationConfig=null} | ret=FAILURE
org.apache.hadoop.ozone.om.exceptions.OMException: Unable to get file status: volume: volume22323 bucket: bucket47719 key: gdir1/dir4
	at org.apache.hadoop.ozone.om.KeyManagerImpl.getOzoneFileStatus(KeyManagerImpl.java:1280) ~[ozone-manager-1.3.0-SNAPSHOT.jar:?]
	at org.apache.hadoop.ozone.om.KeyManagerImpl.getFileStatus(KeyManagerImpl.java:1210) ~[ozone-manager-1.3.0-SNAPSHOT.jar:?]
	at org.apache.hadoop.ozone.om.OzoneManager.getFileStatus(OzoneManager.java:3009) ~[ozone-manager-1.3.0-SNAPSHOT.jar:?]
	at org.apache.hadoop.ozone.protocolPB.OzoneManagerRequestHandler.getOzoneFileStatus(OzoneManagerRequestHandler.java:670) ~[ozone-manager-1.3.0-SNAPSHOT.jar:?]
	at org.apache.hadoop.ozone.protocolPB.OzoneManagerRequestHandler.handleReadRequest(OzoneManagerRequestHandler.java:201) ~[ozone-manager-1.3.0-SNAPSHOT.jar:?]
	at org.apache.hadoop.ozone.protocolPB.OzoneManagerProtocolServerSideTranslatorPB.submitRequestDirectlyToOM(OzoneManagerProtocolServerSideTranslatorPB.java:271) ~[ozone-manager-1.3.0-SNAPSHOT.jar:?]
	at org.apache.hadoop.ozone.protocolPB.OzoneManagerProtocolServerSideTranslatorPB.processRequest(OzoneManagerProtocolServerSideTranslatorPB.java:195) ~[ozone-manager-1.3.0-SNAPSHOT.jar:?]
	at org.apache.hadoop.hdds.server.OzoneProtocolMessageDispatcher.processRequest(OzoneProtocolMessageDispatcher.java:87) [hdds-server-framework-1.3.0-SNAPSHOT.jar:?]
	at org.apache.hadoop.ozone.protocolPB.OzoneManagerProtocolServerSideTranslatorPB.submitRequest(OzoneManagerProtocolServerSideTranslatorPB.java:146) [ozone-manager-1.3.0-SNAPSHOT.jar:?]
	at org.apache.hadoop.ozone.protocol.proto.OzoneManagerProtocolProtos$OzoneManagerService$2.callBlockingMethod(OzoneManagerProtocolProtos.java) [ozone-interface-client-1.3.0-SNAPSHOT.jar:?]
	at org.apache.hadoop.ipc.ProtobufRpcEngine$Server.processCall(ProtobufRpcEngine.java:466) [hadoop-common-3.3.1.jar:?]
	at org.apache.hadoop.ipc.ProtobufRpcEngine2$Server$ProtoBufRpcInvoker.call(ProtobufRpcEngine2.java:574) [hadoop-common-3.3.1.jar:?]
	at org.apache.hadoop.ipc.ProtobufRpcEngine2$Server$ProtoBufRpcInvoker.call(ProtobufRpcEngine2.java:552) [hadoop-common-3.3.1.jar:?]
	at org.apache.hadoop.ipc.RPC$Server.call(RPC.java:1093) [hadoop-common-3.3.1.jar:?]
	at org.apache.hadoop.ipc.Server$RpcCall.run(Server.java:1035) [hadoop-common-3.3.1.jar:?]
	at org.apache.hadoop.ipc.Server$RpcCall.run(Server.java:963) [hadoop-common-3.3.1.jar:?]
	at java.security.AccessController.doPrivileged(Native Method) ~[?:1.8.0_322]
	at javax.security.auth.Subject.doAs(Subject.java:422) [?:1.8.0_322]
	at org.apache.hadoop.security.UserGroupInformation.doAs(UserGroupInformation.java:1878) [hadoop-common-3.3.1.jar:?]
	at org.apache.hadoop.ipc.Server$Handler.run(Server.java:2966) [hadoop-common-3.3.1.jar:?]
04:18:26.724 [IPC Server handler 1 on default port 37371] ERROR OMAudit - user=runner | ip=127.0.0.1 | op=GET_FILE_STATUS {volume=volume22323, bucket=bucket47719, key=gdir1/dir4/child, dataSize=0, replicationConfig=null} | ret=FAILURE
org.apache.hadoop.ozone.om.exceptions.OMException: Unable to get file status: volume: volume22323 bucket: bucket47719 key: gdir1/dir4/child
	at org.apache.hadoop.ozone.om.KeyManagerImpl.getOzoneFileStatus(KeyManagerImpl.java:1280) ~[ozone-manager-1.3.0-SNAPSHOT.jar:?]
	at org.apache.hadoop.ozone.om.KeyManagerImpl.getFileStatus(KeyManagerImpl.java:1210) ~[ozone-manager-1.3.0-SNAPSHOT.jar:?]
	at org.apache.hadoop.ozone.om.OzoneManager.getFileStatus(OzoneManager.java:3009) ~[ozone-manager-1.3.0-SNAPSHOT.jar:?]
	at org.apache.hadoop.ozone.protocolPB.OzoneManagerRequestHandler.getOzoneFileStatus(OzoneManagerRequestHandler.java:670) ~[ozone-manager-1.3.0-SNAPSHOT.jar:?]
	at org.apache.hadoop.ozone.protocolPB.OzoneManagerRequestHandler.handleReadRequest(OzoneManagerRequestHandler.java:201) ~[ozone-manager-1.3.0-SNAPSHOT.jar:?]
	at org.apache.hadoop.ozone.protocolPB.OzoneManagerProtocolServerSideTranslatorPB.submitRequestDirectlyToOM(OzoneManagerProtocolServerSideTranslatorPB.java:271) ~[ozone-manager-1.3.0-SNAPSHOT.jar:?]
	at org.apache.hadoop.ozone.protocolPB.OzoneManagerProtocolServerSideTranslatorPB.processRequest(OzoneManagerProtocolServerSideTranslatorPB.java:195) ~[ozone-manager-1.3.0-SNAPSHOT.jar:?]
	at org.apache.hadoop.hdds.server.OzoneProtocolMessageDispatcher.processRequest(OzoneProtocolMessageDispatcher.java:87) [hdds-server-framework-1.3.0-SNAPSHOT.jar:?]
	at org.apache.hadoop.ozone.protocolPB.OzoneManagerProtocolServerSideTranslatorPB.submitRequest(OzoneManagerProtocolServerSideTranslatorPB.java:146) [ozone-manager-1.3.0-SNAPSHOT.jar:?]
	at org.apache.hadoop.ozone.protocol.proto.OzoneManagerProtocolProtos$OzoneManagerService$2.callBlockingMethod(OzoneManagerProtocolProtos.java) [ozone-interface-client-1.3.0-SNAPSHOT.jar:?]
	at org.apache.hadoop.ipc.ProtobufRpcEngine$Server.processCall(ProtobufRpcEngine.java:466) [hadoop-common-3.3.1.jar:?]
	at org.apache.hadoop.ipc.ProtobufRpcEngine2$Server$ProtoBufRpcInvoker.call(ProtobufRpcEngine2.java:574) [hadoop-common-3.3.1.jar:?]
	at org.apache.hadoop.ipc.ProtobufRpcEngine2$Server$ProtoBufRpcInvoker.call(ProtobufRpcEngine2.java:552) [hadoop-common-3.3.1.jar:?]
	at org.apache.hadoop.ipc.RPC$Server.call(RPC.java:1093) [hadoop-common-3.3.1.jar:?]
	at org.apache.hadoop.ipc.Server$RpcCall.run(Server.java:1035) [hadoop-common-3.3.1.jar:?]
	at org.apache.hadoop.ipc.Server$RpcCall.run(Server.java:963) [hadoop-common-3.3.1.jar:?]
	at java.security.AccessController.doPrivileged(Native Method) ~[?:1.8.0_322]
	at javax.security.auth.Subject.doAs(Subject.java:422) [?:1.8.0_322]
	at org.apache.hadoop.security.UserGroupInformation.doAs(UserGroupInformation.java:1878) [hadoop-common-3.3.1.jar:?]
	at org.apache.hadoop.ipc.Server$Handler.run(Server.java:2966) [hadoop-common-3.3.1.jar:?]
04:18:26.724 [IPC Server handler 7 on default port 37371] ERROR OMAudit - user=runner | ip=127.0.0.1 | op=GET_FILE_STATUS {volume=volume22323, bucket=bucket47719, key=gdir1/dir5, dataSize=0, replicationConfig=null} | ret=FAILURE
org.apache.hadoop.ozone.om.exceptions.OMException: Unable to get file status: volume: volume22323 bucket: bucket47719 key: gdir1/dir5
	at org.apache.hadoop.ozone.om.KeyManagerImpl.getOzoneFileStatus(KeyManagerImpl.java:1280) ~[ozone-manager-1.3.0-SNAPSHOT.jar:?]
	at org.apache.hadoop.ozone.om.KeyManagerImpl.getFileStatus(KeyManagerImpl.java:1210) ~[ozone-manager-1.3.0-SNAPSHOT.jar:?]
	at org.apache.hadoop.ozone.om.OzoneManager.getFileStatus(OzoneManager.java:3009) ~[ozone-manager-1.3.0-SNAPSHOT.jar:?]
	at org.apache.hadoop.ozone.protocolPB.OzoneManagerRequestHandler.getOzoneFileStatus(OzoneManagerRequestHandler.java:670) ~[ozone-manager-1.3.0-SNAPSHOT.jar:?]
	at org.apache.hadoop.ozone.protocolPB.OzoneManagerRequestHandler.handleReadRequest(OzoneManagerRequestHandler.java:201) ~[ozone-manager-1.3.0-SNAPSHOT.jar:?]
	at org.apache.hadoop.ozone.protocolPB.OzoneManagerProtocolServerSideTranslatorPB.submitRequestDirectlyToOM(OzoneManagerProtocolServerSideTranslatorPB.java:271) ~[ozone-manager-1.3.0-SNAPSHOT.jar:?]
	at org.apache.hadoop.ozone.protocolPB.OzoneManagerProtocolServerSideTranslatorPB.processRequest(OzoneManagerProtocolServerSideTranslatorPB.java:195) ~[ozone-manager-1.3.0-SNAPSHOT.jar:?]
	at org.apache.hadoop.hdds.server.OzoneProtocolMessageDispatcher.processRequest(OzoneProtocolMessageDispatcher.java:87) [hdds-server-framework-1.3.0-SNAPSHOT.jar:?]
	at org.apache.hadoop.ozone.protocolPB.OzoneManagerProtocolServerSideTranslatorPB.submitRequest(OzoneManagerProtocolServerSideTranslatorPB.java:146) [ozone-manager-1.3.0-SNAPSHOT.jar:?]
	at org.apache.hadoop.ozone.protocol.proto.OzoneManagerProtocolProtos$OzoneManagerService$2.callBlockingMethod(OzoneManagerProtocolProtos.java) [ozone-interface-client-1.3.0-SNAPSHOT.jar:?]
	at org.apache.hadoop.ipc.ProtobufRpcEngine$Server.processCall(ProtobufRpcEngine.java:466) [hadoop-common-3.3.1.jar:?]
	at org.apache.hadoop.ipc.ProtobufRpcEngine2$Server$ProtoBufRpcInvoker.call(ProtobufRpcEngine2.java:574) [hadoop-common-3.3.1.jar:?]
	at org.apache.hadoop.ipc.ProtobufRpcEngine2$Server$ProtoBufRpcInvoker.call(ProtobufRpcEngine2.java:552) [hadoop-common-3.3.1.jar:?]
	at org.apache.hadoop.ipc.RPC$Server.call(RPC.java:1093) [hadoop-common-3.3.1.jar:?]
	at org.apache.hadoop.ipc.Server$RpcCall.run(Server.java:1035) [hadoop-common-3.3.1.jar:?]
	at org.apache.hadoop.ipc.Server$RpcCall.run(Server.java:963) [hadoop-common-3.3.1.jar:?]
	at java.security.AccessController.doPrivileged(Native Method) ~[?:1.8.0_322]
	at javax.security.auth.Subject.doAs(Subject.java:422) [?:1.8.0_322]
	at org.apache.hadoop.security.UserGroupInformation.doAs(UserGroupInformation.java:1878) [hadoop-common-3.3.1.jar:?]
	at org.apache.hadoop.ipc.Server$Handler.run(Server.java:2966) [hadoop-common-3.3.1.jar:?]
04:18:26.725 [IPC Server handler 0 on default port 37371] ERROR OMAudit - user=runner | ip=127.0.0.1 | op=GET_FILE_STATUS {volume=volume22323, bucket=bucket47719, key=gdir1/dir5/child, dataSize=0, replicationConfig=null} | ret=FAILURE
org.apache.hadoop.ozone.om.exceptions.OMException: Unable to get file status: volume: volume22323 bucket: bucket47719 key: gdir1/dir5/child
	at org.apache.hadoop.ozone.om.KeyManagerImpl.getOzoneFileStatus(KeyManagerImpl.java:1280) ~[ozone-manager-1.3.0-SNAPSHOT.jar:?]
	at org.apache.hadoop.ozone.om.KeyManagerImpl.getFileStatus(KeyManagerImpl.java:1210) ~[ozone-manager-1.3.0-SNAPSHOT.jar:?]
	at org.apache.hadoop.ozone.om.OzoneManager.getFileStatus(OzoneManager.java:3009) ~[ozone-manager-1.3.0-SNAPSHOT.jar:?]
	at org.apache.hadoop.ozone.protocolPB.OzoneManagerRequestHandler.getOzoneFileStatus(OzoneManagerRequestHandler.java:670) ~[ozone-manager-1.3.0-SNAPSHOT.jar:?]
	at org.apache.hadoop.ozone.protocolPB.OzoneManagerRequestHandler.handleReadRequest(OzoneManagerRequestHandler.java:201) ~[ozone-manager-1.3.0-SNAPSHOT.jar:?]
	at org.apache.hadoop.ozone.protocolPB.OzoneManagerProtocolServerSideTranslatorPB.submitRequestDirectlyToOM(OzoneManagerProtocolServerSideTranslatorPB.java:271) ~[ozone-manager-1.3.0-SNAPSHOT.jar:?]
	at org.apache.hadoop.ozone.protocolPB.OzoneManagerProtocolServerSideTranslatorPB.processRequest(OzoneManagerProtocolServerSideTranslatorPB.java:195) ~[ozone-manager-1.3.0-SNAPSHOT.jar:?]
	at org.apache.hadoop.hdds.server.OzoneProtocolMessageDispatcher.processRequest(OzoneProtocolMessageDispatcher.java:87) [hdds-server-framework-1.3.0-SNAPSHOT.jar:?]
	at org.apache.hadoop.ozone.protocolPB.OzoneManagerProtocolServerSideTranslatorPB.submitRequest(OzoneManagerProtocolServerSideTranslatorPB.java:146) [ozone-manager-1.3.0-SNAPSHOT.jar:?]
	at org.apache.hadoop.ozone.protocol.proto.OzoneManagerProtocolProtos$OzoneManagerService$2.callBlockingMethod(OzoneManagerProtocolProtos.java) [ozone-interface-client-1.3.0-SNAPSHOT.jar:?]
	at org.apache.hadoop.ipc.ProtobufRpcEngine$Server.processCall(ProtobufRpcEngine.java:466) [hadoop-common-3.3.1.jar:?]
	at org.apache.hadoop.ipc.ProtobufRpcEngine2$Server$ProtoBufRpcInvoker.call(ProtobufRpcEngine2.java:574) [hadoop-common-3.3.1.jar:?]
	at org.apache.hadoop.ipc.ProtobufRpcEngine2$Server$ProtoBufRpcInvoker.call(ProtobufRpcEngine2.java:552) [hadoop-common-3.3.1.jar:?]
	at org.apache.hadoop.ipc.RPC$Server.call(RPC.java:1093) [hadoop-common-3.3.1.jar:?]
	at org.apache.hadoop.ipc.Server$RpcCall.run(Server.java:1035) [hadoop-common-3.3.1.jar:?]
	at org.apache.hadoop.ipc.Server$RpcCall.run(Server.java:963) [hadoop-common-3.3.1.jar:?]
	at java.security.AccessController.doPrivileged(Native Method) ~[?:1.8.0_322]
	at javax.security.auth.Subject.doAs(Subject.java:422) [?:1.8.0_322]
	at org.apache.hadoop.security.UserGroupInformation.doAs(UserGroupInformation.java:1878) [hadoop-common-3.3.1.jar:?]
	at org.apache.hadoop.ipc.Server$Handler.run(Server.java:2966) [hadoop-common-3.3.1.jar:?]
04:18:26.726 [IPC Server handler 11 on default port 37371] ERROR OMAudit - user=runner | ip=127.0.0.1 | op=GET_FILE_STATUS {volume=volume22323, bucket=bucket47719, key=gdir1/dir6, dataSize=0, replicationConfig=null} | ret=FAILURE
org.apache.hadoop.ozone.om.exceptions.OMException: Unable to get file status: volume: volume22323 bucket: bucket47719 key: gdir1/dir6
	at org.apache.hadoop.ozone.om.KeyManagerImpl.getOzoneFileStatus(KeyManagerImpl.java:1280) ~[ozone-manager-1.3.0-SNAPSHOT.jar:?]
	at org.apache.hadoop.ozone.om.KeyManagerImpl.getFileStatus(KeyManagerImpl.java:1210) ~[ozone-manager-1.3.0-SNAPSHOT.jar:?]
	at org.apache.hadoop.ozone.om.OzoneManager.getFileStatus(OzoneManager.java:3009) ~[ozone-manager-1.3.0-SNAPSHOT.jar:?]
	at org.apache.hadoop.ozone.protocolPB.OzoneManagerRequestHandler.getOzoneFileStatus(OzoneManagerRequestHandler.java:670) ~[ozone-manager-1.3.0-SNAPSHOT.jar:?]
	at org.apache.hadoop.ozone.protocolPB.OzoneManagerRequestHandler.handleReadRequest(OzoneManagerRequestHandler.java:201) ~[ozone-manager-1.3.0-SNAPSHOT.jar:?]
	at org.apache.hadoop.ozone.protocolPB.OzoneManagerProtocolServerSideTranslatorPB.submitRequestDirectlyToOM(OzoneManagerProtocolServerSideTranslatorPB.java:271) ~[ozone-manager-1.3.0-SNAPSHOT.jar:?]
	at org.apache.hadoop.ozone.protocolPB.OzoneManagerProtocolServerSideTranslatorPB.processRequest(OzoneManagerProtocolServerSideTranslatorPB.java:195) ~[ozone-manager-1.3.0-SNAPSHOT.jar:?]
	at org.apache.hadoop.hdds.server.OzoneProtocolMessageDispatcher.processRequest(OzoneProtocolMessageDispatcher.java:87) [hdds-server-framework-1.3.0-SNAPSHOT.jar:?]
	at org.apache.hadoop.ozone.protocolPB.OzoneManagerProtocolServerSideTranslatorPB.submitRequest(OzoneManagerProtocolServerSideTranslatorPB.java:146) [ozone-manager-1.3.0-SNAPSHOT.jar:?]
	at org.apache.hadoop.ozone.protocol.proto.OzoneManagerProtocolProtos$OzoneManagerService$2.callBlockingMethod(OzoneManagerProtocolProtos.java) [ozone-interface-client-1.3.0-SNAPSHOT.jar:?]
	at org.apache.hadoop.ipc.ProtobufRpcEngine$Server.processCall(ProtobufRpcEngine.java:466) [hadoop-common-3.3.1.jar:?]
	at org.apache.hadoop.ipc.ProtobufRpcEngine2$Server$ProtoBufRpcInvoker.call(ProtobufRpcEngine2.java:574) [hadoop-common-3.3.1.jar:?]
	at org.apache.hadoop.ipc.ProtobufRpcEngine2$Server$ProtoBufRpcInvoker.call(ProtobufRpcEngine2.java:552) [hadoop-common-3.3.1.jar:?]
	at org.apache.hadoop.ipc.RPC$Server.call(RPC.java:1093) [hadoop-common-3.3.1.jar:?]
	at org.apache.hadoop.ipc.Server$RpcCall.run(Server.java:1035) [hadoop-common-3.3.1.jar:?]
	at org.apache.hadoop.ipc.Server$RpcCall.run(Server.java:963) [hadoop-common-3.3.1.jar:?]
	at java.security.AccessController.doPrivileged(Native Method) ~[?:1.8.0_322]
	at javax.security.auth.Subject.doAs(Subject.java:422) [?:1.8.0_322]
	at org.apache.hadoop.security.UserGroupInformation.doAs(UserGroupInformation.java:1878) [hadoop-common-3.3.1.jar:?]
	at org.apache.hadoop.ipc.Server$Handler.run(Server.java:2966) [hadoop-common-3.3.1.jar:?]
04:18:26.727 [IPC Server handler 9 on default port 37371] ERROR OMAudit - user=runner | ip=127.0.0.1 | op=GET_FILE_STATUS {volume=volume22323, bucket=bucket47719, key=gdir1/dir6/child, dataSize=0, replicationConfig=null} | ret=FAILURE
org.apache.hadoop.ozone.om.exceptions.OMException: Unable to get file status: volume: volume22323 bucket: bucket47719 key: gdir1/dir6/child
	at org.apache.hadoop.ozone.om.KeyManagerImpl.getOzoneFileStatus(KeyManagerImpl.java:1280) ~[ozone-manager-1.3.0-SNAPSHOT.jar:?]
	at org.apache.hadoop.ozone.om.KeyManagerImpl.getFileStatus(KeyManagerImpl.java:1210) ~[ozone-manager-1.3.0-SNAPSHOT.jar:?]
	at org.apache.hadoop.ozone.om.OzoneManager.getFileStatus(OzoneManager.java:3009) ~[ozone-manager-1.3.0-SNAPSHOT.jar:?]
	at org.apache.hadoop.ozone.protocolPB.OzoneManagerRequestHandler.getOzoneFileStatus(OzoneManagerRequestHandler.java:670) ~[ozone-manager-1.3.0-SNAPSHOT.jar:?]
	at org.apache.hadoop.ozone.protocolPB.OzoneManagerRequestHandler.handleReadRequest(OzoneManagerRequestHandler.java:201) ~[ozone-manager-1.3.0-SNAPSHOT.jar:?]
	at org.apache.hadoop.ozone.protocolPB.OzoneManagerProtocolServerSideTranslatorPB.submitRequestDirectlyToOM(OzoneManagerProtocolServerSideTranslatorPB.java:271) ~[ozone-manager-1.3.0-SNAPSHOT.jar:?]
	at org.apache.hadoop.ozone.protocolPB.OzoneManagerProtocolServerSideTranslatorPB.processRequest(OzoneManagerProtocolServerSideTranslatorPB.java:195) ~[ozone-manager-1.3.0-SNAPSHOT.jar:?]
	at org.apache.hadoop.hdds.server.OzoneProtocolMessageDispatcher.processRequest(OzoneProtocolMessageDispatcher.java:87) [hdds-server-framework-1.3.0-SNAPSHOT.jar:?]
	at org.apache.hadoop.ozone.protocolPB.OzoneManagerProtocolServerSideTranslatorPB.submitRequest(OzoneManagerProtocolServerSideTranslatorPB.java:146) [ozone-manager-1.3.0-SNAPSHOT.jar:?]
	at org.apache.hadoop.ozone.protocol.proto.OzoneManagerProtocolProtos$OzoneManagerService$2.callBlockingMethod(OzoneManagerProtocolProtos.java) [ozone-interface-client-1.3.0-SNAPSHOT.jar:?]
	at org.apache.hadoop.ipc.ProtobufRpcEngine$Server.processCall(ProtobufRpcEngine.java:466) [hadoop-common-3.3.1.jar:?]
	at org.apache.hadoop.ipc.ProtobufRpcEngine2$Server$ProtoBufRpcInvoker.call(ProtobufRpcEngine2.java:574) [hadoop-common-3.3.1.jar:?]
	at org.apache.hadoop.ipc.ProtobufRpcEngine2$Server$ProtoBufRpcInvoker.call(ProtobufRpcEngine2.java:552) [hadoop-common-3.3.1.jar:?]
	at org.apache.hadoop.ipc.RPC$Server.call(RPC.java:1093) [hadoop-common-3.3.1.jar:?]
	at org.apache.hadoop.ipc.Server$RpcCall.run(Server.java:1035) [hadoop-common-3.3.1.jar:?]
	at org.apache.hadoop.ipc.Server$RpcCall.run(Server.java:963) [hadoop-common-3.3.1.jar:?]
	at java.security.AccessController.doPrivileged(Native Method) ~[?:1.8.0_322]
	at javax.security.auth.Subject.doAs(Subject.java:422) [?:1.8.0_322]
	at org.apache.hadoop.security.UserGroupInformation.doAs(UserGroupInformation.java:1878) [hadoop-common-3.3.1.jar:?]
	at org.apache.hadoop.ipc.Server$Handler.run(Server.java:2966) [hadoop-common-3.3.1.jar:?]
04:18:26.727 [IPC Server handler 6 on default port 37371] ERROR OMAudit - user=runner | ip=127.0.0.1 | op=GET_FILE_STATUS {volume=volume22323, bucket=bucket47719, key=gdir1/dir7, dataSize=0, replicationConfig=null} | ret=FAILURE
org.apache.hadoop.ozone.om.exceptions.OMException: Unable to get file status: volume: volume22323 bucket: bucket47719 key: gdir1/dir7
	at org.apache.hadoop.ozone.om.KeyManagerImpl.getOzoneFileStatus(KeyManagerImpl.java:1280) ~[ozone-manager-1.3.0-SNAPSHOT.jar:?]
	at org.apache.hadoop.ozone.om.KeyManagerImpl.getFileStatus(KeyManagerImpl.java:1210) ~[ozone-manager-1.3.0-SNAPSHOT.jar:?]
	at org.apache.hadoop.ozone.om.OzoneManager.getFileStatus(OzoneManager.java:3009) ~[ozone-manager-1.3.0-SNAPSHOT.jar:?]
	at org.apache.hadoop.ozone.protocolPB.OzoneManagerRequestHandler.getOzoneFileStatus(OzoneManagerRequestHandler.java:670) ~[ozone-manager-1.3.0-SNAPSHOT.jar:?]
	at org.apache.hadoop.ozone.protocolPB.OzoneManagerRequestHandler.handleReadRequest(OzoneManagerRequestHandler.java:201) ~[ozone-manager-1.3.0-SNAPSHOT.jar:?]
	at org.apache.hadoop.ozone.protocolPB.OzoneManagerProtocolServerSideTranslatorPB.submitRequestDirectlyToOM(OzoneManagerProtocolServerSideTranslatorPB.java:271) ~[ozone-manager-1.3.0-SNAPSHOT.jar:?]
	at org.apache.hadoop.ozone.protocolPB.OzoneManagerProtocolServerSideTranslatorPB.processRequest(OzoneManagerProtocolServerSideTranslatorPB.java:195) ~[ozone-manager-1.3.0-SNAPSHOT.jar:?]
	at org.apache.hadoop.hdds.server.OzoneProtocolMessageDispatcher.processRequest(OzoneProtocolMessageDispatcher.java:87) [hdds-server-framework-1.3.0-SNAPSHOT.jar:?]
	at org.apache.hadoop.ozone.protocolPB.OzoneManagerProtocolServerSideTranslatorPB.submitRequest(OzoneManagerProtocolServerSideTranslatorPB.java:146) [ozone-manager-1.3.0-SNAPSHOT.jar:?]
	at org.apache.hadoop.ozone.protocol.proto.OzoneManagerProtocolProtos$OzoneManagerService$2.callBlockingMethod(OzoneManagerProtocolProtos.java) [ozone-interface-client-1.3.0-SNAPSHOT.jar:?]
	at org.apache.hadoop.ipc.ProtobufRpcEngine$Server.processCall(ProtobufRpcEngine.java:466) [hadoop-common-3.3.1.jar:?]
	at org.apache.hadoop.ipc.ProtobufRpcEngine2$Server$ProtoBufRpcInvoker.call(ProtobufRpcEngine2.java:574) [hadoop-common-3.3.1.jar:?]
	at org.apache.hadoop.ipc.ProtobufRpcEngine2$Server$ProtoBufRpcInvoker.call(ProtobufRpcEngine2.java:552) [hadoop-common-3.3.1.jar:?]
	at org.apache.hadoop.ipc.RPC$Server.call(RPC.java:1093) [hadoop-common-3.3.1.jar:?]
	at org.apache.hadoop.ipc.Server$RpcCall.run(Server.java:1035) [hadoop-common-3.3.1.jar:?]
	at org.apache.hadoop.ipc.Server$RpcCall.run(Server.java:963) [hadoop-common-3.3.1.jar:?]
	at java.security.AccessController.doPrivileged(Native Method) ~[?:1.8.0_322]
	at javax.security.auth.Subject.doAs(Subject.java:422) [?:1.8.0_322]
	at org.apache.hadoop.security.UserGroupInformation.doAs(UserGroupInformation.java:1878) [hadoop-common-3.3.1.jar:?]
	at org.apache.hadoop.ipc.Server$Handler.run(Server.java:2966) [hadoop-common-3.3.1.jar:?]
04:18:26.728 [IPC Server handler 8 on default port 37371] ERROR OMAudit - user=runner | ip=127.0.0.1 | op=GET_FILE_STATUS {volume=volume22323, bucket=bucket47719, key=gdir1/dir7/child, dataSize=0, replicationConfig=null} | ret=FAILURE
org.apache.hadoop.ozone.om.exceptions.OMException: Unable to get file status: volume: volume22323 bucket: bucket47719 key: gdir1/dir7/child
	at org.apache.hadoop.ozone.om.KeyManagerImpl.getOzoneFileStatus(KeyManagerImpl.java:1280) ~[ozone-manager-1.3.0-SNAPSHOT.jar:?]
	at org.apache.hadoop.ozone.om.KeyManagerImpl.getFileStatus(KeyManagerImpl.java:1210) ~[ozone-manager-1.3.0-SNAPSHOT.jar:?]
	at org.apache.hadoop.ozone.om.OzoneManager.getFileStatus(OzoneManager.java:3009) ~[ozone-manager-1.3.0-SNAPSHOT.jar:?]
	at org.apache.hadoop.ozone.protocolPB.OzoneManagerRequestHandler.getOzoneFileStatus(OzoneManagerRequestHandler.java:670) ~[ozone-manager-1.3.0-SNAPSHOT.jar:?]
	at org.apache.hadoop.ozone.protocolPB.OzoneManagerRequestHandler.handleReadRequest(OzoneManagerRequestHandler.java:201) ~[ozone-manager-1.3.0-SNAPSHOT.jar:?]
	at org.apache.hadoop.ozone.protocolPB.OzoneManagerProtocolServerSideTranslatorPB.submitRequestDirectlyToOM(OzoneManagerProtocolServerSideTranslatorPB.java:271) ~[ozone-manager-1.3.0-SNAPSHOT.jar:?]
	at org.apache.hadoop.ozone.protocolPB.OzoneManagerProtocolServerSideTranslatorPB.processRequest(OzoneManagerProtocolServerSideTranslatorPB.java:195) ~[ozone-manager-1.3.0-SNAPSHOT.jar:?]
	at org.apache.hadoop.hdds.server.OzoneProtocolMessageDispatcher.processRequest(OzoneProtocolMessageDispatcher.java:87) [hdds-server-framework-1.3.0-SNAPSHOT.jar:?]
	at org.apache.hadoop.ozone.protocolPB.OzoneManagerProtocolServerSideTranslatorPB.submitRequest(OzoneManagerProtocolServerSideTranslatorPB.java:146) [ozone-manager-1.3.0-SNAPSHOT.jar:?]
	at org.apache.hadoop.ozone.protocol.proto.OzoneManagerProtocolProtos$OzoneManagerService$2.callBlockingMethod(OzoneManagerProtocolProtos.java) [ozone-interface-client-1.3.0-SNAPSHOT.jar:?]
	at org.apache.hadoop.ipc.ProtobufRpcEngine$Server.processCall(ProtobufRpcEngine.java:466) [hadoop-common-3.3.1.jar:?]
	at org.apache.hadoop.ipc.ProtobufRpcEngine2$Server$ProtoBufRpcInvoker.call(ProtobufRpcEngine2.java:574) [hadoop-common-3.3.1.jar:?]
	at org.apache.hadoop.ipc.ProtobufRpcEngine2$Server$ProtoBufRpcInvoker.call(ProtobufRpcEngine2.java:552) [hadoop-common-3.3.1.jar:?]
	at org.apache.hadoop.ipc.RPC$Server.call(RPC.java:1093) [hadoop-common-3.3.1.jar:?]
	at org.apache.hadoop.ipc.Server$RpcCall.run(Server.java:1035) [hadoop-common-3.3.1.jar:?]
	at org.apache.hadoop.ipc.Server$RpcCall.run(Server.java:963) [hadoop-common-3.3.1.jar:?]
	at java.security.AccessController.doPrivileged(Native Method) ~[?:1.8.0_322]
	at javax.security.auth.Subject.doAs(Subject.java:422) [?:1.8.0_322]
	at org.apache.hadoop.security.UserGroupInformation.doAs(UserGroupInformation.java:1878) [hadoop-common-3.3.1.jar:?]
	at org.apache.hadoop.ipc.Server$Handler.run(Server.java:2966) [hadoop-common-3.3.1.jar:?]
04:18:26.728 [IPC Server handler 16 on default port 37371] ERROR OMAudit - user=runner | ip=127.0.0.1 | op=GET_FILE_STATUS {volume=volume22323, bucket=bucket47719, key=gdir1/dir8, dataSize=0, replicationConfig=null} | ret=FAILURE
org.apache.hadoop.ozone.om.exceptions.OMException: Unable to get file status: volume: volume22323 bucket: bucket47719 key: gdir1/dir8
	at org.apache.hadoop.ozone.om.KeyManagerImpl.getOzoneFileStatus(KeyManagerImpl.java:1280) ~[ozone-manager-1.3.0-SNAPSHOT.jar:?]
	at org.apache.hadoop.ozone.om.KeyManagerImpl.getFileStatus(KeyManagerImpl.java:1210) ~[ozone-manager-1.3.0-SNAPSHOT.jar:?]
	at org.apache.hadoop.ozone.om.OzoneManager.getFileStatus(OzoneManager.java:3009) ~[ozone-manager-1.3.0-SNAPSHOT.jar:?]
	at org.apache.hadoop.ozone.protocolPB.OzoneManagerRequestHandler.getOzoneFileStatus(OzoneManagerRequestHandler.java:670) ~[ozone-manager-1.3.0-SNAPSHOT.jar:?]
	at org.apache.hadoop.ozone.protocolPB.OzoneManagerRequestHandler.handleReadRequest(OzoneManagerRequestHandler.java:201) ~[ozone-manager-1.3.0-SNAPSHOT.jar:?]
	at org.apache.hadoop.ozone.protocolPB.OzoneManagerProtocolServerSideTranslatorPB.submitRequestDirectlyToOM(OzoneManagerProtocolServerSideTranslatorPB.java:271) ~[ozone-manager-1.3.0-SNAPSHOT.jar:?]
	at org.apache.hadoop.ozone.protocolPB.OzoneManagerProtocolServerSideTranslatorPB.processRequest(OzoneManagerProtocolServerSideTranslatorPB.java:195) ~[ozone-manager-1.3.0-SNAPSHOT.jar:?]
	at org.apache.hadoop.hdds.server.OzoneProtocolMessageDispatcher.processRequest(OzoneProtocolMessageDispatcher.java:87) [hdds-server-framework-1.3.0-SNAPSHOT.jar:?]
	at org.apache.hadoop.ozone.protocolPB.OzoneManagerProtocolServerSideTranslatorPB.submitRequest(OzoneManagerProtocolServerSideTranslatorPB.java:146) [ozone-manager-1.3.0-SNAPSHOT.jar:?]
	at org.apache.hadoop.ozone.protocol.proto.OzoneManagerProtocolProtos$OzoneManagerService$2.callBlockingMethod(OzoneManagerProtocolProtos.java) [ozone-interface-client-1.3.0-SNAPSHOT.jar:?]
	at org.apache.hadoop.ipc.ProtobufRpcEngine$Server.processCall(ProtobufRpcEngine.java:466) [hadoop-common-3.3.1.jar:?]
	at org.apache.hadoop.ipc.ProtobufRpcEngine2$Server$ProtoBufRpcInvoker.call(ProtobufRpcEngine2.java:574) [hadoop-common-3.3.1.jar:?]
	at org.apache.hadoop.ipc.ProtobufRpcEngine2$Server$ProtoBufRpcInvoker.call(ProtobufRpcEngine2.java:552) [hadoop-common-3.3.1.jar:?]
	at org.apache.hadoop.ipc.RPC$Server.call(RPC.java:1093) [hadoop-common-3.3.1.jar:?]
	at org.apache.hadoop.ipc.Server$RpcCall.run(Server.java:1035) [hadoop-common-3.3.1.jar:?]
	at org.apache.hadoop.ipc.Server$RpcCall.run(Server.java:963) [hadoop-common-3.3.1.jar:?]
	at java.security.AccessController.doPrivileged(Native Method) ~[?:1.8.0_322]
	at javax.security.auth.Subject.doAs(Subject.java:422) [?:1.8.0_322]
	at org.apache.hadoop.security.UserGroupInformation.doAs(UserGroupInformation.java:1878) [hadoop-common-3.3.1.jar:?]
	at org.apache.hadoop.ipc.Server$Handler.run(Server.java:2966) [hadoop-common-3.3.1.jar:?]
04:18:26.729 [IPC Server handler 10 on default port 37371] ERROR OMAudit - user=runner | ip=127.0.0.1 | op=GET_FILE_STATUS {volume=volume22323, bucket=bucket47719, key=gdir1/dir8/child, dataSize=0, replicationConfig=null} | ret=FAILURE
org.apache.hadoop.ozone.om.exceptions.OMException: Unable to get file status: volume: volume22323 bucket: bucket47719 key: gdir1/dir8/child
	at org.apache.hadoop.ozone.om.KeyManagerImpl.getOzoneFileStatus(KeyManagerImpl.java:1280) ~[ozone-manager-1.3.0-SNAPSHOT.jar:?]
	at org.apache.hadoop.ozone.om.KeyManagerImpl.getFileStatus(KeyManagerImpl.java:1210) ~[ozone-manager-1.3.0-SNAPSHOT.jar:?]
	at org.apache.hadoop.ozone.om.OzoneManager.getFileStatus(OzoneManager.java:3009) ~[ozone-manager-1.3.0-SNAPSHOT.jar:?]
	at org.apache.hadoop.ozone.protocolPB.OzoneManagerRequestHandler.getOzoneFileStatus(OzoneManagerRequestHandler.java:670) ~[ozone-manager-1.3.0-SNAPSHOT.jar:?]
	at org.apache.hadoop.ozone.protocolPB.OzoneManagerRequestHandler.handleReadRequest(OzoneManagerRequestHandler.java:201) ~[ozone-manager-1.3.0-SNAPSHOT.jar:?]
	at org.apache.hadoop.ozone.protocolPB.OzoneManagerProtocolServerSideTranslatorPB.submitRequestDirectlyToOM(OzoneManagerProtocolServerSideTranslatorPB.java:271) ~[ozone-manager-1.3.0-SNAPSHOT.jar:?]
	at org.apache.hadoop.ozone.protocolPB.OzoneManagerProtocolServerSideTranslatorPB.processRequest(OzoneManagerProtocolServerSideTranslatorPB.java:195) ~[ozone-manager-1.3.0-SNAPSHOT.jar:?]
	at org.apache.hadoop.hdds.server.OzoneProtocolMessageDispatcher.processRequest(OzoneProtocolMessageDispatcher.java:87) [hdds-server-framework-1.3.0-SNAPSHOT.jar:?]
	at org.apache.hadoop.ozone.protocolPB.OzoneManagerProtocolServerSideTranslatorPB.submitRequest(OzoneManagerProtocolServerSideTranslatorPB.java:146) [ozone-manager-1.3.0-SNAPSHOT.jar:?]
	at org.apache.hadoop.ozone.protocol.proto.OzoneManagerProtocolProtos$OzoneManagerService$2.callBlockingMethod(OzoneManagerProtocolProtos.java) [ozone-interface-client-1.3.0-SNAPSHOT.jar:?]
	at org.apache.hadoop.ipc.ProtobufRpcEngine$Server.processCall(ProtobufRpcEngine.java:466) [hadoop-common-3.3.1.jar:?]
	at org.apache.hadoop.ipc.ProtobufRpcEngine2$Server$ProtoBufRpcInvoker.call(ProtobufRpcEngine2.java:574) [hadoop-common-3.3.1.jar:?]
	at org.apache.hadoop.ipc.ProtobufRpcEngine2$Server$ProtoBufRpcInvoker.call(ProtobufRpcEngine2.java:552) [hadoop-common-3.3.1.jar:?]
	at org.apache.hadoop.ipc.RPC$Server.call(RPC.java:1093) [hadoop-common-3.3.1.jar:?]
	at org.apache.hadoop.ipc.Server$RpcCall.run(Server.java:1035) [hadoop-common-3.3.1.jar:?]
	at org.apache.hadoop.ipc.Server$RpcCall.run(Server.java:963) [hadoop-common-3.3.1.jar:?]
	at java.security.AccessController.doPrivileged(Native Method) ~[?:1.8.0_322]
	at javax.security.auth.Subject.doAs(Subject.java:422) [?:1.8.0_322]
	at org.apache.hadoop.security.UserGroupInformation.doAs(UserGroupInformation.java:1878) [hadoop-common-3.3.1.jar:?]
	at org.apache.hadoop.ipc.Server$Handler.run(Server.java:2966) [hadoop-common-3.3.1.jar:?]
04:18:26.731 [IPC Server handler 12 on default port 37371] ERROR OMAudit - user=runner | ip=127.0.0.1 | op=GET_FILE_STATUS {volume=volume22323, bucket=bucket47719, key=gdir1/dir9, dataSize=0, replicationConfig=null} | ret=FAILURE
org.apache.hadoop.ozone.om.exceptions.OMException: Unable to get file status: volume: volume22323 bucket: bucket47719 key: gdir1/dir9
	at org.apache.hadoop.ozone.om.KeyManagerImpl.getOzoneFileStatus(KeyManagerImpl.java:1280) ~[ozone-manager-1.3.0-SNAPSHOT.jar:?]
	at org.apache.hadoop.ozone.om.KeyManagerImpl.getFileStatus(KeyManagerImpl.java:1210) ~[ozone-manager-1.3.0-SNAPSHOT.jar:?]
	at org.apache.hadoop.ozone.om.OzoneManager.getFileStatus(OzoneManager.java:3009) ~[ozone-manager-1.3.0-SNAPSHOT.jar:?]
	at org.apache.hadoop.ozone.protocolPB.OzoneManagerRequestHandler.getOzoneFileStatus(OzoneManagerRequestHandler.java:670) ~[ozone-manager-1.3.0-SNAPSHOT.jar:?]
	at org.apache.hadoop.ozone.protocolPB.OzoneManagerRequestHandler.handleReadRequest(OzoneManagerRequestHandler.java:201) ~[ozone-manager-1.3.0-SNAPSHOT.jar:?]
	at org.apache.hadoop.ozone.protocolPB.OzoneManagerProtocolServerSideTranslatorPB.submitRequestDirectlyToOM(OzoneManagerProtocolServerSideTranslatorPB.java:271) ~[ozone-manager-1.3.0-SNAPSHOT.jar:?]
	at org.apache.hadoop.ozone.protocolPB.OzoneManagerProtocolServerSideTranslatorPB.processRequest(OzoneManagerProtocolServerSideTranslatorPB.java:195) ~[ozone-manager-1.3.0-SNAPSHOT.jar:?]
	at org.apache.hadoop.hdds.server.OzoneProtocolMessageDispatcher.processRequest(OzoneProtocolMessageDispatcher.java:87) [hdds-server-framework-1.3.0-SNAPSHOT.jar:?]
	at org.apache.hadoop.ozone.protocolPB.OzoneManagerProtocolServerSideTranslatorPB.submitRequest(OzoneManagerProtocolServerSideTranslatorPB.java:146) [ozone-manager-1.3.0-SNAPSHOT.jar:?]
	at org.apache.hadoop.ozone.protocol.proto.OzoneManagerProtocolProtos$OzoneManagerService$2.callBlockingMethod(OzoneManagerProtocolProtos.java) [ozone-interface-client-1.3.0-SNAPSHOT.jar:?]
	at org.apache.hadoop.ipc.ProtobufRpcEngine$Server.processCall(ProtobufRpcEngine.java:466) [hadoop-common-3.3.1.jar:?]
	at org.apache.hadoop.ipc.ProtobufRpcEngine2$Server$ProtoBufRpcInvoker.call(ProtobufRpcEngine2.java:574) [hadoop-common-3.3.1.jar:?]
	at org.apache.hadoop.ipc.ProtobufRpcEngine2$Server$ProtoBufRpcInvoker.call(ProtobufRpcEngine2.java:552) [hadoop-common-3.3.1.jar:?]
	at org.apache.hadoop.ipc.RPC$Server.call(RPC.java:1093) [hadoop-common-3.3.1.jar:?]
	at org.apache.hadoop.ipc.Server$RpcCall.run(Server.java:1035) [hadoop-common-3.3.1.jar:?]
	at org.apache.hadoop.ipc.Server$RpcCall.run(Server.java:963) [hadoop-common-3.3.1.jar:?]
	at java.security.AccessController.doPrivileged(Native Method) ~[?:1.8.0_322]
	at javax.security.auth.Subject.doAs(Subject.java:422) [?:1.8.0_322]
	at org.apache.hadoop.security.UserGroupInformation.doAs(UserGroupInformation.java:1878) [hadoop-common-3.3.1.jar:?]
	at org.apache.hadoop.ipc.Server$Handler.run(Server.java:2966) [hadoop-common-3.3.1.jar:?]
04:18:26.732 [IPC Server handler 13 on default port 37371] ERROR OMAudit - user=runner | ip=127.0.0.1 | op=GET_FILE_STATUS {volume=volume22323, bucket=bucket47719, key=gdir1/dir9/child, dataSize=0, replicationConfig=null} | ret=FAILURE
org.apache.hadoop.ozone.om.exceptions.OMException: Unable to get file status: volume: volume22323 bucket: bucket47719 key: gdir1/dir9/child
	at org.apache.hadoop.ozone.om.KeyManagerImpl.getOzoneFileStatus(KeyManagerImpl.java:1280) ~[ozone-manager-1.3.0-SNAPSHOT.jar:?]
	at org.apache.hadoop.ozone.om.KeyManagerImpl.getFileStatus(KeyManagerImpl.java:1210) ~[ozone-manager-1.3.0-SNAPSHOT.jar:?]
	at org.apache.hadoop.ozone.om.OzoneManager.getFileStatus(OzoneManager.java:3009) ~[ozone-manager-1.3.0-SNAPSHOT.jar:?]
	at org.apache.hadoop.ozone.protocolPB.OzoneManagerRequestHandler.getOzoneFileStatus(OzoneManagerRequestHandler.java:670) ~[ozone-manager-1.3.0-SNAPSHOT.jar:?]
	at org.apache.hadoop.ozone.protocolPB.OzoneManagerRequestHandler.handleReadRequest(OzoneManagerRequestHandler.java:201) ~[ozone-manager-1.3.0-SNAPSHOT.jar:?]
	at org.apache.hadoop.ozone.protocolPB.OzoneManagerProtocolServerSideTranslatorPB.submitRequestDirectlyToOM(OzoneManagerProtocolServerSideTranslatorPB.java:271) ~[ozone-manager-1.3.0-SNAPSHOT.jar:?]
	at org.apache.hadoop.ozone.protocolPB.OzoneManagerProtocolServerSideTranslatorPB.processRequest(OzoneManagerProtocolServerSideTranslatorPB.java:195) ~[ozone-manager-1.3.0-SNAPSHOT.jar:?]
	at org.apache.hadoop.hdds.server.OzoneProtocolMessageDispatcher.processRequest(OzoneProtocolMessageDispatcher.java:87) [hdds-server-framework-1.3.0-SNAPSHOT.jar:?]
	at org.apache.hadoop.ozone.protocolPB.OzoneManagerProtocolServerSideTranslatorPB.submitRequest(OzoneManagerProtocolServerSideTranslatorPB.java:146) [ozone-manager-1.3.0-SNAPSHOT.jar:?]
	at org.apache.hadoop.ozone.protocol.proto.OzoneManagerProtocolProtos$OzoneManagerService$2.callBlockingMethod(OzoneManagerProtocolProtos.java) [ozone-interface-client-1.3.0-SNAPSHOT.jar:?]
	at org.apache.hadoop.ipc.ProtobufRpcEngine$Server.processCall(ProtobufRpcEngine.java:466) [hadoop-common-3.3.1.jar:?]
	at org.apache.hadoop.ipc.ProtobufRpcEngine2$Server$ProtoBufRpcInvoker.call(ProtobufRpcEngine2.java:574) [hadoop-common-3.3.1.jar:?]
	at org.apache.hadoop.ipc.ProtobufRpcEngine2$Server$ProtoBufRpcInvoker.call(ProtobufRpcEngine2.java:552) [hadoop-common-3.3.1.jar:?]
	at org.apache.hadoop.ipc.RPC$Server.call(RPC.java:1093) [hadoop-common-3.3.1.jar:?]
	at org.apache.hadoop.ipc.Server$RpcCall.run(Server.java:1035) [hadoop-common-3.3.1.jar:?]
	at org.apache.hadoop.ipc.Server$RpcCall.run(Server.java:963) [hadoop-common-3.3.1.jar:?]
	at java.security.AccessController.doPrivileged(Native Method) ~[?:1.8.0_322]
	at javax.security.auth.Subject.doAs(Subject.java:422) [?:1.8.0_322]
	at org.apache.hadoop.security.UserGroupInformation.doAs(UserGroupInformation.java:1878) [hadoop-common-3.3.1.jar:?]
	at org.apache.hadoop.ipc.Server$Handler.run(Server.java:2966) [hadoop-common-3.3.1.jar:?]
04:18:26.733 [IPC Server handler 17 on default port 37371] ERROR OMAudit - user=runner | ip=127.0.0.1 | op=GET_FILE_STATUS {volume=volume22323, bucket=bucket47719, key=gdir1/dir10, dataSize=0, replicationConfig=null} | ret=FAILURE
org.apache.hadoop.ozone.om.exceptions.OMException: Unable to get file status: volume: volume22323 bucket: bucket47719 key: gdir1/dir10
	at org.apache.hadoop.ozone.om.KeyManagerImpl.getOzoneFileStatus(KeyManagerImpl.java:1280) ~[ozone-manager-1.3.0-SNAPSHOT.jar:?]
	at org.apache.hadoop.ozone.om.KeyManagerImpl.getFileStatus(KeyManagerImpl.java:1210) ~[ozone-manager-1.3.0-SNAPSHOT.jar:?]
	at org.apache.hadoop.ozone.om.OzoneManager.getFileStatus(OzoneManager.java:3009) ~[ozone-manager-1.3.0-SNAPSHOT.jar:?]
	at org.apache.hadoop.ozone.protocolPB.OzoneManagerRequestHandler.getOzoneFileStatus(OzoneManagerRequestHandler.java:670) ~[ozone-manager-1.3.0-SNAPSHOT.jar:?]
	at org.apache.hadoop.ozone.protocolPB.OzoneManagerRequestHandler.handleReadRequest(OzoneManagerRequestHandler.java:201) ~[ozone-manager-1.3.0-SNAPSHOT.jar:?]
	at org.apache.hadoop.ozone.protocolPB.OzoneManagerProtocolServerSideTranslatorPB.submitRequestDirectlyToOM(OzoneManagerProtocolServerSideTranslatorPB.java:271) ~[ozone-manager-1.3.0-SNAPSHOT.jar:?]
	at org.apache.hadoop.ozone.protocolPB.OzoneManagerProtocolServerSideTranslatorPB.processRequest(OzoneManagerProtocolServerSideTranslatorPB.java:195) ~[ozone-manager-1.3.0-SNAPSHOT.jar:?]
	at org.apache.hadoop.hdds.server.OzoneProtocolMessageDispatcher.processRequest(OzoneProtocolMessageDispatcher.java:87) [hdds-server-framework-1.3.0-SNAPSHOT.jar:?]
	at org.apache.hadoop.ozone.protocolPB.OzoneManagerProtocolServerSideTranslatorPB.submitRequest(OzoneManagerProtocolServerSideTranslatorPB.java:146) [ozone-manager-1.3.0-SNAPSHOT.jar:?]
	at org.apache.hadoop.ozone.protocol.proto.OzoneManagerProtocolProtos$OzoneManagerService$2.callBlockingMethod(OzoneManagerProtocolProtos.java) [ozone-interface-client-1.3.0-SNAPSHOT.jar:?]
	at org.apache.hadoop.ipc.ProtobufRpcEngine$Server.processCall(ProtobufRpcEngine.java:466) [hadoop-common-3.3.1.jar:?]
	at org.apache.hadoop.ipc.ProtobufRpcEngine2$Server$ProtoBufRpcInvoker.call(ProtobufRpcEngine2.java:574) [hadoop-common-3.3.1.jar:?]
	at org.apache.hadoop.ipc.ProtobufRpcEngine2$Server$ProtoBufRpcInvoker.call(ProtobufRpcEngine2.java:552) [hadoop-common-3.3.1.jar:?]
	at org.apache.hadoop.ipc.RPC$Server.call(RPC.java:1093) [hadoop-common-3.3.1.jar:?]
	at org.apache.hadoop.ipc.Server$RpcCall.run(Server.java:1035) [hadoop-common-3.3.1.jar:?]
	at org.apache.hadoop.ipc.Server$RpcCall.run(Server.java:963) [hadoop-common-3.3.1.jar:?]
	at java.security.AccessController.doPrivileged(Native Method) ~[?:1.8.0_322]
	at javax.security.auth.Subject.doAs(Subject.java:422) [?:1.8.0_322]
	at org.apache.hadoop.security.UserGroupInformation.doAs(UserGroupInformation.java:1878) [hadoop-common-3.3.1.jar:?]
	at org.apache.hadoop.ipc.Server$Handler.run(Server.java:2966) [hadoop-common-3.3.1.jar:?]
04:18:26.733 [IPC Server handler 14 on default port 37371] ERROR OMAudit - user=runner | ip=127.0.0.1 | op=GET_FILE_STATUS {volume=volume22323, bucket=bucket47719, key=gdir1/dir10/child, dataSize=0, replicationConfig=null} | ret=FAILURE
org.apache.hadoop.ozone.om.exceptions.OMException: Unable to get file status: volume: volume22323 bucket: bucket47719 key: gdir1/dir10/child
	at org.apache.hadoop.ozone.om.KeyManagerImpl.getOzoneFileStatus(KeyManagerImpl.java:1280) ~[ozone-manager-1.3.0-SNAPSHOT.jar:?]
	at org.apache.hadoop.ozone.om.KeyManagerImpl.getFileStatus(KeyManagerImpl.java:1210) ~[ozone-manager-1.3.0-SNAPSHOT.jar:?]
	at org.apache.hadoop.ozone.om.OzoneManager.getFileStatus(OzoneManager.java:3009) ~[ozone-manager-1.3.0-SNAPSHOT.jar:?]
	at org.apache.hadoop.ozone.protocolPB.OzoneManagerRequestHandler.getOzoneFileStatus(OzoneManagerRequestHandler.java:670) ~[ozone-manager-1.3.0-SNAPSHOT.jar:?]
	at org.apache.hadoop.ozone.protocolPB.OzoneManagerRequestHandler.handleReadRequest(OzoneManagerRequestHandler.java:201) ~[ozone-manager-1.3.0-SNAPSHOT.jar:?]
	at org.apache.hadoop.ozone.protocolPB.OzoneManagerProtocolServerSideTranslatorPB.submitRequestDirectlyToOM(OzoneManagerProtocolServerSideTranslatorPB.java:271) ~[ozone-manager-1.3.0-SNAPSHOT.jar:?]
	at org.apache.hadoop.ozone.protocolPB.OzoneManagerProtocolServerSideTranslatorPB.processRequest(OzoneManagerProtocolServerSideTranslatorPB.java:195) ~[ozone-manager-1.3.0-SNAPSHOT.jar:?]
	at org.apache.hadoop.hdds.server.OzoneProtocolMessageDispatcher.processRequest(OzoneProtocolMessageDispatcher.java:87) [hdds-server-framework-1.3.0-SNAPSHOT.jar:?]
	at org.apache.hadoop.ozone.protocolPB.OzoneManagerProtocolServerSideTranslatorPB.submitRequest(OzoneManagerProtocolServerSideTranslatorPB.java:146) [ozone-manager-1.3.0-SNAPSHOT.jar:?]
	at org.apache.hadoop.ozone.protocol.proto.OzoneManagerProtocolProtos$OzoneManagerService$2.callBlockingMethod(OzoneManagerProtocolProtos.java) [ozone-interface-client-1.3.0-SNAPSHOT.jar:?]
	at org.apache.hadoop.ipc.ProtobufRpcEngine$Server.processCall(ProtobufRpcEngine.java:466) [hadoop-common-3.3.1.jar:?]
	at org.apache.hadoop.ipc.ProtobufRpcEngine2$Server$ProtoBufRpcInvoker.call(ProtobufRpcEngine2.java:574) [hadoop-common-3.3.1.jar:?]
	at org.apache.hadoop.ipc.ProtobufRpcEngine2$Server$ProtoBufRpcInvoker.call(ProtobufRpcEngine2.java:552) [hadoop-common-3.3.1.jar:?]
	at org.apache.hadoop.ipc.RPC$Server.call(RPC.java:1093) [hadoop-common-3.3.1.jar:?]
	at org.apache.hadoop.ipc.Server$RpcCall.run(Server.java:1035) [hadoop-common-3.3.1.jar:?]
	at org.apache.hadoop.ipc.Server$RpcCall.run(Server.java:963) [hadoop-common-3.3.1.jar:?]
	at java.security.AccessController.doPrivileged(Native Method) ~[?:1.8.0_322]
	at javax.security.auth.Subject.doAs(Subject.java:422) [?:1.8.0_322]
	at org.apache.hadoop.security.UserGroupInformation.doAs(UserGroupInformation.java:1878) [hadoop-common-3.3.1.jar:?]
	at org.apache.hadoop.ipc.Server$Handler.run(Server.java:2966) [hadoop-common-3.3.1.jar:?]
04:18:26.790 [IPC Server handler 8 on default port 37371] ERROR OMAudit - user=runner | ip=127.0.0.1 | op=GET_FILE_STATUS {volume=volume22323, bucket=bucket47719, key=level0, dataSize=0, replicationConfig=null} | ret=FAILURE
org.apache.hadoop.ozone.om.exceptions.OMException: Unable to get file status: volume: volume22323 bucket: bucket47719 key: level0
	at org.apache.hadoop.ozone.om.KeyManagerImpl.getOzoneFileStatus(KeyManagerImpl.java:1280) ~[ozone-manager-1.3.0-SNAPSHOT.jar:?]
	at org.apache.hadoop.ozone.om.KeyManagerImpl.getFileStatus(KeyManagerImpl.java:1210) ~[ozone-manager-1.3.0-SNAPSHOT.jar:?]
	at org.apache.hadoop.ozone.om.OzoneManager.getFileStatus(OzoneManager.java:3009) ~[ozone-manager-1.3.0-SNAPSHOT.jar:?]
	at org.apache.hadoop.ozone.protocolPB.OzoneManagerRequestHandler.getOzoneFileStatus(OzoneManagerRequestHandler.java:670) ~[ozone-manager-1.3.0-SNAPSHOT.jar:?]
	at org.apache.hadoop.ozone.protocolPB.OzoneManagerRequestHandler.handleReadRequest(OzoneManagerRequestHandler.java:201) ~[ozone-manager-1.3.0-SNAPSHOT.jar:?]
	at org.apache.hadoop.ozone.protocolPB.OzoneManagerProtocolServerSideTranslatorPB.submitRequestDirectlyToOM(OzoneManagerProtocolServerSideTranslatorPB.java:271) ~[ozone-manager-1.3.0-SNAPSHOT.jar:?]
	at org.apache.hadoop.ozone.protocolPB.OzoneManagerProtocolServerSideTranslatorPB.processRequest(OzoneManagerProtocolServerSideTranslatorPB.java:195) ~[ozone-manager-1.3.0-SNAPSHOT.jar:?]
	at org.apache.hadoop.hdds.server.OzoneProtocolMessageDispatcher.processRequest(OzoneProtocolMessageDispatcher.java:87) [hdds-server-framework-1.3.0-SNAPSHOT.jar:?]
	at org.apache.hadoop.ozone.protocolPB.OzoneManagerProtocolServerSideTranslatorPB.submitRequest(OzoneManagerProtocolServerSideTranslatorPB.java:146) [ozone-manager-1.3.0-SNAPSHOT.jar:?]
	at org.apache.hadoop.ozone.protocol.proto.OzoneManagerProtocolProtos$OzoneManagerService$2.callBlockingMethod(OzoneManagerProtocolProtos.java) [ozone-interface-client-1.3.0-SNAPSHOT.jar:?]
	at org.apache.hadoop.ipc.ProtobufRpcEngine$Server.processCall(ProtobufRpcEngine.java:466) [hadoop-common-3.3.1.jar:?]
	at org.apache.hadoop.ipc.ProtobufRpcEngine2$Server$ProtoBufRpcInvoker.call(ProtobufRpcEngine2.java:574) [hadoop-common-3.3.1.jar:?]
	at org.apache.hadoop.ipc.ProtobufRpcEngine2$Server$ProtoBufRpcInvoker.call(ProtobufRpcEngine2.java:552) [hadoop-common-3.3.1.jar:?]
	at org.apache.hadoop.ipc.RPC$Server.call(RPC.java:1093) [hadoop-common-3.3.1.jar:?]
	at org.apache.hadoop.ipc.Server$RpcCall.run(Server.java:1035) [hadoop-common-3.3.1.jar:?]
	at org.apache.hadoop.ipc.Server$RpcCall.run(Server.java:963) [hadoop-common-3.3.1.jar:?]
	at java.security.AccessController.doPrivileged(Native Method) ~[?:1.8.0_322]
	at javax.security.auth.Subject.doAs(Subject.java:422) [?:1.8.0_322]
	at org.apache.hadoop.security.UserGroupInformation.doAs(UserGroupInformation.java:1878) [hadoop-common-3.3.1.jar:?]
	at org.apache.hadoop.ipc.Server$Handler.run(Server.java:2966) [hadoop-common-3.3.1.jar:?]
04:18:26.790 [IPC Server handler 16 on default port 37371] ERROR OMAudit - user=runner | ip=127.0.0.1 | op=GET_FILE_STATUS {volume=volume22323, bucket=bucket47719, key=level0/level1, dataSize=0, replicationConfig=null} | ret=FAILURE
org.apache.hadoop.ozone.om.exceptions.OMException: Unable to get file status: volume: volume22323 bucket: bucket47719 key: level0/level1
	at org.apache.hadoop.ozone.om.KeyManagerImpl.getOzoneFileStatus(KeyManagerImpl.java:1280) ~[ozone-manager-1.3.0-SNAPSHOT.jar:?]
	at org.apache.hadoop.ozone.om.KeyManagerImpl.getFileStatus(KeyManagerImpl.java:1210) ~[ozone-manager-1.3.0-SNAPSHOT.jar:?]
	at org.apache.hadoop.ozone.om.OzoneManager.getFileStatus(OzoneManager.java:3009) ~[ozone-manager-1.3.0-SNAPSHOT.jar:?]
	at org.apache.hadoop.ozone.protocolPB.OzoneManagerRequestHandler.getOzoneFileStatus(OzoneManagerRequestHandler.java:670) ~[ozone-manager-1.3.0-SNAPSHOT.jar:?]
	at org.apache.hadoop.ozone.protocolPB.OzoneManagerRequestHandler.handleReadRequest(OzoneManagerRequestHandler.java:201) ~[ozone-manager-1.3.0-SNAPSHOT.jar:?]
	at org.apache.hadoop.ozone.protocolPB.OzoneManagerProtocolServerSideTranslatorPB.submitRequestDirectlyToOM(OzoneManagerProtocolServerSideTranslatorPB.java:271) ~[ozone-manager-1.3.0-SNAPSHOT.jar:?]
	at org.apache.hadoop.ozone.protocolPB.OzoneManagerProtocolServerSideTranslatorPB.processRequest(OzoneManagerProtocolServerSideTranslatorPB.java:195) ~[ozone-manager-1.3.0-SNAPSHOT.jar:?]
	at org.apache.hadoop.hdds.server.OzoneProtocolMessageDispatcher.processRequest(OzoneProtocolMessageDispatcher.java:87) [hdds-server-framework-1.3.0-SNAPSHOT.jar:?]
	at org.apache.hadoop.ozone.protocolPB.OzoneManagerProtocolServerSideTranslatorPB.submitRequest(OzoneManagerProtocolServerSideTranslatorPB.java:146) [ozone-manager-1.3.0-SNAPSHOT.jar:?]
	at org.apache.hadoop.ozone.protocol.proto.OzoneManagerProtocolProtos$OzoneManagerService$2.callBlockingMethod(OzoneManagerProtocolProtos.java) [ozone-interface-client-1.3.0-SNAPSHOT.jar:?]
	at org.apache.hadoop.ipc.ProtobufRpcEngine$Server.processCall(ProtobufRpcEngine.java:466) [hadoop-common-3.3.1.jar:?]
	at org.apache.hadoop.ipc.ProtobufRpcEngine2$Server$ProtoBufRpcInvoker.call(ProtobufRpcEngine2.java:574) [hadoop-common-3.3.1.jar:?]
	at org.apache.hadoop.ipc.ProtobufRpcEngine2$Server$ProtoBufRpcInvoker.call(ProtobufRpcEngine2.java:552) [hadoop-common-3.3.1.jar:?]
	at org.apache.hadoop.ipc.RPC$Server.call(RPC.java:1093) [hadoop-common-3.3.1.jar:?]
	at org.apache.hadoop.ipc.Server$RpcCall.run(Server.java:1035) [hadoop-common-3.3.1.jar:?]
	at org.apache.hadoop.ipc.Server$RpcCall.run(Server.java:963) [hadoop-common-3.3.1.jar:?]
	at java.security.AccessController.doPrivileged(Native Method) ~[?:1.8.0_322]
	at javax.security.auth.Subject.doAs(Subject.java:422) [?:1.8.0_322]
	at org.apache.hadoop.security.UserGroupInformation.doAs(UserGroupInformation.java:1878) [hadoop-common-3.3.1.jar:?]
	at org.apache.hadoop.ipc.Server$Handler.run(Server.java:2966) [hadoop-common-3.3.1.jar:?]
04:18:26.793 [IPC Server handler 10 on default port 37371] ERROR OMAudit - user=runner | ip=127.0.0.1 | op=GET_FILE_STATUS {volume=volume22323, bucket=bucket47719, key=level0/level1/level1, dataSize=0, replicationConfig=null} | ret=FAILURE
org.apache.hadoop.ozone.om.exceptions.OMException: Unable to get file status: volume: volume22323 bucket: bucket47719 key: level0/level1/level1
	at org.apache.hadoop.ozone.om.KeyManagerImpl.getOzoneFileStatus(KeyManagerImpl.java:1280) ~[ozone-manager-1.3.0-SNAPSHOT.jar:?]
	at org.apache.hadoop.ozone.om.KeyManagerImpl.getFileStatus(KeyManagerImpl.java:1210) ~[ozone-manager-1.3.0-SNAPSHOT.jar:?]
	at org.apache.hadoop.ozone.om.OzoneManager.getFileStatus(OzoneManager.java:3009) ~[ozone-manager-1.3.0-SNAPSHOT.jar:?]
	at org.apache.hadoop.ozone.protocolPB.OzoneManagerRequestHandler.getOzoneFileStatus(OzoneManagerRequestHandler.java:670) ~[ozone-manager-1.3.0-SNAPSHOT.jar:?]
	at org.apache.hadoop.ozone.protocolPB.OzoneManagerRequestHandler.handleReadRequest(OzoneManagerRequestHandler.java:201) ~[ozone-manager-1.3.0-SNAPSHOT.jar:?]
	at org.apache.hadoop.ozone.protocolPB.OzoneManagerProtocolServerSideTranslatorPB.submitRequestDirectlyToOM(OzoneManagerProtocolServerSideTranslatorPB.java:271) ~[ozone-manager-1.3.0-SNAPSHOT.jar:?]
	at org.apache.hadoop.ozone.protocolPB.OzoneManagerProtocolServerSideTranslatorPB.processRequest(OzoneManagerProtocolServerSideTranslatorPB.java:195) ~[ozone-manager-1.3.0-SNAPSHOT.jar:?]
	at org.apache.hadoop.hdds.server.OzoneProtocolMessageDispatcher.processRequest(OzoneProtocolMessageDispatcher.java:87) [hdds-server-framework-1.3.0-SNAPSHOT.jar:?]
	at org.apache.hadoop.ozone.protocolPB.OzoneManagerProtocolServerSideTranslatorPB.submitRequest(OzoneManagerProtocolServerSideTranslatorPB.java:146) [ozone-manager-1.3.0-SNAPSHOT.jar:?]
	at org.apache.hadoop.ozone.protocol.proto.OzoneManagerProtocolProtos$OzoneManagerService$2.callBlockingMethod(OzoneManagerProtocolProtos.java) [ozone-interface-client-1.3.0-SNAPSHOT.jar:?]
	at org.apache.hadoop.ipc.ProtobufRpcEngine$Server.processCall(ProtobufRpcEngine.java:466) [hadoop-common-3.3.1.jar:?]
	at org.apache.hadoop.ipc.ProtobufRpcEngine2$Server$ProtoBufRpcInvoker.call(ProtobufRpcEngine2.java:574) [hadoop-common-3.3.1.jar:?]
	at org.apache.hadoop.ipc.ProtobufRpcEngine2$Server$ProtoBufRpcInvoker.call(ProtobufRpcEngine2.java:552) [hadoop-common-3.3.1.jar:?]
	at org.apache.hadoop.ipc.RPC$Server.call(RPC.java:1093) [hadoop-common-3.3.1.jar:?]
	at org.apache.hadoop.ipc.Server$RpcCall.run(Server.java:1035) [hadoop-common-3.3.1.jar:?]
	at org.apache.hadoop.ipc.Server$RpcCall.run(Server.java:963) [hadoop-common-3.3.1.jar:?]
	at java.security.AccessController.doPrivileged(Native Method) ~[?:1.8.0_322]
	at javax.security.auth.Subject.doAs(Subject.java:422) [?:1.8.0_322]
	at org.apache.hadoop.security.UserGroupInformation.doAs(UserGroupInformation.java:1878) [hadoop-common-3.3.1.jar:?]
	at org.apache.hadoop.ipc.Server$Handler.run(Server.java:2966) [hadoop-common-3.3.1.jar:?]
04:18:26.794 [IPC Server handler 12 on default port 37371] ERROR OMAudit - user=runner | ip=127.0.0.1 | op=GET_FILE_STATUS {volume=volume22323, bucket=bucket47719, key=level0/level1/file1, dataSize=0, replicationConfig=null} | ret=FAILURE
org.apache.hadoop.ozone.om.exceptions.OMException: Unable to get file status: volume: volume22323 bucket: bucket47719 key: level0/level1/file1
	at org.apache.hadoop.ozone.om.KeyManagerImpl.getOzoneFileStatus(KeyManagerImpl.java:1280) ~[ozone-manager-1.3.0-SNAPSHOT.jar:?]
	at org.apache.hadoop.ozone.om.KeyManagerImpl.getFileStatus(KeyManagerImpl.java:1210) ~[ozone-manager-1.3.0-SNAPSHOT.jar:?]
	at org.apache.hadoop.ozone.om.OzoneManager.getFileStatus(OzoneManager.java:3009) ~[ozone-manager-1.3.0-SNAPSHOT.jar:?]
	at org.apache.hadoop.ozone.protocolPB.OzoneManagerRequestHandler.getOzoneFileStatus(OzoneManagerRequestHandler.java:670) ~[ozone-manager-1.3.0-SNAPSHOT.jar:?]
	at org.apache.hadoop.ozone.protocolPB.OzoneManagerRequestHandler.handleReadRequest(OzoneManagerRequestHandler.java:201) ~[ozone-manager-1.3.0-SNAPSHOT.jar:?]
	at org.apache.hadoop.ozone.protocolPB.OzoneManagerProtocolServerSideTranslatorPB.submitRequestDirectlyToOM(OzoneManagerProtocolServerSideTranslatorPB.java:271) ~[ozone-manager-1.3.0-SNAPSHOT.jar:?]
	at org.apache.hadoop.ozone.protocolPB.OzoneManagerProtocolServerSideTranslatorPB.processRequest(OzoneManagerProtocolServerSideTranslatorPB.java:195) ~[ozone-manager-1.3.0-SNAPSHOT.jar:?]
	at org.apache.hadoop.hdds.server.OzoneProtocolMessageDispatcher.processRequest(OzoneProtocolMessageDispatcher.java:87) [hdds-server-framework-1.3.0-SNAPSHOT.jar:?]
	at org.apache.hadoop.ozone.protocolPB.OzoneManagerProtocolServerSideTranslatorPB.submitRequest(OzoneManagerProtocolServerSideTranslatorPB.java:146) [ozone-manager-1.3.0-SNAPSHOT.jar:?]
	at org.apache.hadoop.ozone.protocol.proto.OzoneManagerProtocolProtos$OzoneManagerService$2.callBlockingMethod(OzoneManagerProtocolProtos.java) [ozone-interface-client-1.3.0-SNAPSHOT.jar:?]
	at org.apache.hadoop.ipc.ProtobufRpcEngine$Server.processCall(ProtobufRpcEngine.java:466) [hadoop-common-3.3.1.jar:?]
	at org.apache.hadoop.ipc.ProtobufRpcEngine2$Server$ProtoBufRpcInvoker.call(ProtobufRpcEngine2.java:574) [hadoop-common-3.3.1.jar:?]
	at org.apache.hadoop.ipc.ProtobufRpcEngine2$Server$ProtoBufRpcInvoker.call(ProtobufRpcEngine2.java:552) [hadoop-common-3.3.1.jar:?]
	at org.apache.hadoop.ipc.RPC$Server.call(RPC.java:1093) [hadoop-common-3.3.1.jar:?]
	at org.apache.hadoop.ipc.Server$RpcCall.run(Server.java:1035) [hadoop-common-3.3.1.jar:?]
	at org.apache.hadoop.ipc.Server$RpcCall.run(Server.java:963) [hadoop-common-3.3.1.jar:?]
	at java.security.AccessController.doPrivileged(Native Method) ~[?:1.8.0_322]
	at javax.security.auth.Subject.doAs(Subject.java:422) [?:1.8.0_322]
	at org.apache.hadoop.security.UserGroupInformation.doAs(UserGroupInformation.java:1878) [hadoop-common-3.3.1.jar:?]
	at org.apache.hadoop.ipc.Server$Handler.run(Server.java:2966) [hadoop-common-3.3.1.jar:?]
04:18:26.797 [IPC Server handler 13 on default port 37371] ERROR OMAudit - user=runner | ip=127.0.0.1 | op=GET_FILE_STATUS {volume=volume22323, bucket=bucket47719, key=level0/level1/level1/file1, dataSize=0, replicationConfig=null} | ret=FAILURE
org.apache.hadoop.ozone.om.exceptions.OMException: Unable to get file status: volume: volume22323 bucket: bucket47719 key: level0/level1/level1/file1
	at org.apache.hadoop.ozone.om.KeyManagerImpl.getOzoneFileStatus(KeyManagerImpl.java:1280) ~[ozone-manager-1.3.0-SNAPSHOT.jar:?]
	at org.apache.hadoop.ozone.om.KeyManagerImpl.getFileStatus(KeyManagerImpl.java:1210) ~[ozone-manager-1.3.0-SNAPSHOT.jar:?]
	at org.apache.hadoop.ozone.om.OzoneManager.getFileStatus(OzoneManager.java:3009) ~[ozone-manager-1.3.0-SNAPSHOT.jar:?]
	at org.apache.hadoop.ozone.protocolPB.OzoneManagerRequestHandler.getOzoneFileStatus(OzoneManagerRequestHandler.java:670) ~[ozone-manager-1.3.0-SNAPSHOT.jar:?]
	at org.apache.hadoop.ozone.protocolPB.OzoneManagerRequestHandler.handleReadRequest(OzoneManagerRequestHandler.java:201) ~[ozone-manager-1.3.0-SNAPSHOT.jar:?]
	at org.apache.hadoop.ozone.protocolPB.OzoneManagerProtocolServerSideTranslatorPB.submitRequestDirectlyToOM(OzoneManagerProtocolServerSideTranslatorPB.java:271) ~[ozone-manager-1.3.0-SNAPSHOT.jar:?]
	at org.apache.hadoop.ozone.protocolPB.OzoneManagerProtocolServerSideTranslatorPB.processRequest(OzoneManagerProtocolServerSideTranslatorPB.java:195) ~[ozone-manager-1.3.0-SNAPSHOT.jar:?]
	at org.apache.hadoop.hdds.server.OzoneProtocolMessageDispatcher.processRequest(OzoneProtocolMessageDispatcher.java:87) [hdds-server-framework-1.3.0-SNAPSHOT.jar:?]
	at org.apache.hadoop.ozone.protocolPB.OzoneManagerProtocolServerSideTranslatorPB.submitRequest(OzoneManagerProtocolServerSideTranslatorPB.java:146) [ozone-manager-1.3.0-SNAPSHOT.jar:?]
	at org.apache.hadoop.ozone.protocol.proto.OzoneManagerProtocolProtos$OzoneManagerService$2.callBlockingMethod(OzoneManagerProtocolProtos.java) [ozone-interface-client-1.3.0-SNAPSHOT.jar:?]
	at org.apache.hadoop.ipc.ProtobufRpcEngine$Server.processCall(ProtobufRpcEngine.java:466) [hadoop-common-3.3.1.jar:?]
	at org.apache.hadoop.ipc.ProtobufRpcEngine2$Server$ProtoBufRpcInvoker.call(ProtobufRpcEngine2.java:574) [hadoop-common-3.3.1.jar:?]
	at org.apache.hadoop.ipc.ProtobufRpcEngine2$Server$ProtoBufRpcInvoker.call(ProtobufRpcEngine2.java:552) [hadoop-common-3.3.1.jar:?]
	at org.apache.hadoop.ipc.RPC$Server.call(RPC.java:1093) [hadoop-common-3.3.1.jar:?]
	at org.apache.hadoop.ipc.Server$RpcCall.run(Server.java:1035) [hadoop-common-3.3.1.jar:?]
	at org.apache.hadoop.ipc.Server$RpcCall.run(Server.java:963) [hadoop-common-3.3.1.jar:?]
	at java.security.AccessController.doPrivileged(Native Method) ~[?:1.8.0_322]
	at javax.security.auth.Subject.doAs(Subject.java:422) [?:1.8.0_322]
	at org.apache.hadoop.security.UserGroupInformation.doAs(UserGroupInformation.java:1878) [hadoop-common-3.3.1.jar:?]
	at org.apache.hadoop.ipc.Server$Handler.run(Server.java:2966) [hadoop-common-3.3.1.jar:?]
04:18:26.798 [IPC Server handler 17 on default port 37371] ERROR OMAudit - user=runner | ip=127.0.0.1 | op=GET_FILE_STATUS {volume=volume22323, bucket=bucket47719, key=level0/level2, dataSize=0, replicationConfig=null} | ret=FAILURE
org.apache.hadoop.ozone.om.exceptions.OMException: Unable to get file status: volume: volume22323 bucket: bucket47719 key: level0/level2
	at org.apache.hadoop.ozone.om.KeyManagerImpl.getOzoneFileStatus(KeyManagerImpl.java:1280) ~[ozone-manager-1.3.0-SNAPSHOT.jar:?]
	at org.apache.hadoop.ozone.om.KeyManagerImpl.getFileStatus(KeyManagerImpl.java:1210) ~[ozone-manager-1.3.0-SNAPSHOT.jar:?]
	at org.apache.hadoop.ozone.om.OzoneManager.getFileStatus(OzoneManager.java:3009) ~[ozone-manager-1.3.0-SNAPSHOT.jar:?]
	at org.apache.hadoop.ozone.protocolPB.OzoneManagerRequestHandler.getOzoneFileStatus(OzoneManagerRequestHandler.java:670) ~[ozone-manager-1.3.0-SNAPSHOT.jar:?]
	at org.apache.hadoop.ozone.protocolPB.OzoneManagerRequestHandler.handleReadRequest(OzoneManagerRequestHandler.java:201) ~[ozone-manager-1.3.0-SNAPSHOT.jar:?]
	at org.apache.hadoop.ozone.protocolPB.OzoneManagerProtocolServerSideTranslatorPB.submitRequestDirectlyToOM(OzoneManagerProtocolServerSideTranslatorPB.java:271) ~[ozone-manager-1.3.0-SNAPSHOT.jar:?]
	at org.apache.hadoop.ozone.protocolPB.OzoneManagerProtocolServerSideTranslatorPB.processRequest(OzoneManagerProtocolServerSideTranslatorPB.java:195) ~[ozone-manager-1.3.0-SNAPSHOT.jar:?]
	at org.apache.hadoop.hdds.server.OzoneProtocolMessageDispatcher.processRequest(OzoneProtocolMessageDispatcher.java:87) [hdds-server-framework-1.3.0-SNAPSHOT.jar:?]
	at org.apache.hadoop.ozone.protocolPB.OzoneManagerProtocolServerSideTranslatorPB.submitRequest(OzoneManagerProtocolServerSideTranslatorPB.java:146) [ozone-manager-1.3.0-SNAPSHOT.jar:?]
	at org.apache.hadoop.ozone.protocol.proto.OzoneManagerProtocolProtos$OzoneManagerService$2.callBlockingMethod(OzoneManagerProtocolProtos.java) [ozone-interface-client-1.3.0-SNAPSHOT.jar:?]
	at org.apache.hadoop.ipc.ProtobufRpcEngine$Server.processCall(ProtobufRpcEngine.java:466) [hadoop-common-3.3.1.jar:?]
	at org.apache.hadoop.ipc.ProtobufRpcEngine2$Server$ProtoBufRpcInvoker.call(ProtobufRpcEngine2.java:574) [hadoop-common-3.3.1.jar:?]
	at org.apache.hadoop.ipc.ProtobufRpcEngine2$Server$ProtoBufRpcInvoker.call(ProtobufRpcEngine2.java:552) [hadoop-common-3.3.1.jar:?]
	at org.apache.hadoop.ipc.RPC$Server.call(RPC.java:1093) [hadoop-common-3.3.1.jar:?]
	at org.apache.hadoop.ipc.Server$RpcCall.run(Server.java:1035) [hadoop-common-3.3.1.jar:?]
	at org.apache.hadoop.ipc.Server$RpcCall.run(Server.java:963) [hadoop-common-3.3.1.jar:?]
	at java.security.AccessController.doPrivileged(Native Method) ~[?:1.8.0_322]
	at javax.security.auth.Subject.doAs(Subject.java:422) [?:1.8.0_322]
	at org.apache.hadoop.security.UserGroupInformation.doAs(UserGroupInformation.java:1878) [hadoop-common-3.3.1.jar:?]
	at org.apache.hadoop.ipc.Server$Handler.run(Server.java:2966) [hadoop-common-3.3.1.jar:?]
04:18:26.799 [IPC Server handler 14 on default port 37371] ERROR OMAudit - user=runner | ip=127.0.0.1 | op=GET_FILE_STATUS {volume=volume22323, bucket=bucket47719, key=level0/level2/level2, dataSize=0, replicationConfig=null} | ret=FAILURE
org.apache.hadoop.ozone.om.exceptions.OMException: Unable to get file status: volume: volume22323 bucket: bucket47719 key: level0/level2/level2
	at org.apache.hadoop.ozone.om.KeyManagerImpl.getOzoneFileStatus(KeyManagerImpl.java:1280) ~[ozone-manager-1.3.0-SNAPSHOT.jar:?]
	at org.apache.hadoop.ozone.om.KeyManagerImpl.getFileStatus(KeyManagerImpl.java:1210) ~[ozone-manager-1.3.0-SNAPSHOT.jar:?]
	at org.apache.hadoop.ozone.om.OzoneManager.getFileStatus(OzoneManager.java:3009) ~[ozone-manager-1.3.0-SNAPSHOT.jar:?]
	at org.apache.hadoop.ozone.protocolPB.OzoneManagerRequestHandler.getOzoneFileStatus(OzoneManagerRequestHandler.java:670) ~[ozone-manager-1.3.0-SNAPSHOT.jar:?]
	at org.apache.hadoop.ozone.protocolPB.OzoneManagerRequestHandler.handleReadRequest(OzoneManagerRequestHandler.java:201) ~[ozone-manager-1.3.0-SNAPSHOT.jar:?]
	at org.apache.hadoop.ozone.protocolPB.OzoneManagerProtocolServerSideTranslatorPB.submitRequestDirectlyToOM(OzoneManagerProtocolServerSideTranslatorPB.java:271) ~[ozone-manager-1.3.0-SNAPSHOT.jar:?]
	at org.apache.hadoop.ozone.protocolPB.OzoneManagerProtocolServerSideTranslatorPB.processRequest(OzoneManagerProtocolServerSideTranslatorPB.java:195) ~[ozone-manager-1.3.0-SNAPSHOT.jar:?]
	at org.apache.hadoop.hdds.server.OzoneProtocolMessageDispatcher.processRequest(OzoneProtocolMessageDispatcher.java:87) [hdds-server-framework-1.3.0-SNAPSHOT.jar:?]
	at org.apache.hadoop.ozone.protocolPB.OzoneManagerProtocolServerSideTranslatorPB.submitRequest(OzoneManagerProtocolServerSideTranslatorPB.java:146) [ozone-manager-1.3.0-SNAPSHOT.jar:?]
	at org.apache.hadoop.ozone.protocol.proto.OzoneManagerProtocolProtos$OzoneManagerService$2.callBlockingMethod(OzoneManagerProtocolProtos.java) [ozone-interface-client-1.3.0-SNAPSHOT.jar:?]
	at org.apache.hadoop.ipc.ProtobufRpcEngine$Server.processCall(ProtobufRpcEngine.java:466) [hadoop-common-3.3.1.jar:?]
	at org.apache.hadoop.ipc.ProtobufRpcEngine2$Server$ProtoBufRpcInvoker.call(ProtobufRpcEngine2.java:574) [hadoop-common-3.3.1.jar:?]
	at org.apache.hadoop.ipc.ProtobufRpcEngine2$Server$ProtoBufRpcInvoker.call(ProtobufRpcEngine2.java:552) [hadoop-common-3.3.1.jar:?]
	at org.apache.hadoop.ipc.RPC$Server.call(RPC.java:1093) [hadoop-common-3.3.1.jar:?]
	at org.apache.hadoop.ipc.Server$RpcCall.run(Server.java:1035) [hadoop-common-3.3.1.jar:?]
	at org.apache.hadoop.ipc.Server$RpcCall.run(Server.java:963) [hadoop-common-3.3.1.jar:?]
	at java.security.AccessController.doPrivileged(Native Method) ~[?:1.8.0_322]
	at javax.security.auth.Subject.doAs(Subject.java:422) [?:1.8.0_322]
	at org.apache.hadoop.security.UserGroupInformation.doAs(UserGroupInformation.java:1878) [hadoop-common-3.3.1.jar:?]
	at org.apache.hadoop.ipc.Server$Handler.run(Server.java:2966) [hadoop-common-3.3.1.jar:?]
04:18:26.800 [IPC Server handler 19 on default port 37371] ERROR OMAudit - user=runner | ip=127.0.0.1 | op=GET_FILE_STATUS {volume=volume22323, bucket=bucket47719, key=level0/level2/file1, dataSize=0, replicationConfig=null} | ret=FAILURE
org.apache.hadoop.ozone.om.exceptions.OMException: Unable to get file status: volume: volume22323 bucket: bucket47719 key: level0/level2/file1
	at org.apache.hadoop.ozone.om.KeyManagerImpl.getOzoneFileStatus(KeyManagerImpl.java:1280) ~[ozone-manager-1.3.0-SNAPSHOT.jar:?]
	at org.apache.hadoop.ozone.om.KeyManagerImpl.getFileStatus(KeyManagerImpl.java:1210) ~[ozone-manager-1.3.0-SNAPSHOT.jar:?]
	at org.apache.hadoop.ozone.om.OzoneManager.getFileStatus(OzoneManager.java:3009) ~[ozone-manager-1.3.0-SNAPSHOT.jar:?]
	at org.apache.hadoop.ozone.protocolPB.OzoneManagerRequestHandler.getOzoneFileStatus(OzoneManagerRequestHandler.java:670) ~[ozone-manager-1.3.0-SNAPSHOT.jar:?]
	at org.apache.hadoop.ozone.protocolPB.OzoneManagerRequestHandler.handleReadRequest(OzoneManagerRequestHandler.java:201) ~[ozone-manager-1.3.0-SNAPSHOT.jar:?]
	at org.apache.hadoop.ozone.protocolPB.OzoneManagerProtocolServerSideTranslatorPB.submitRequestDirectlyToOM(OzoneManagerProtocolServerSideTranslatorPB.java:271) ~[ozone-manager-1.3.0-SNAPSHOT.jar:?]
	at org.apache.hadoop.ozone.protocolPB.OzoneManagerProtocolServerSideTranslatorPB.processRequest(OzoneManagerProtocolServerSideTranslatorPB.java:195) ~[ozone-manager-1.3.0-SNAPSHOT.jar:?]
	at org.apache.hadoop.hdds.server.OzoneProtocolMessageDispatcher.processRequest(OzoneProtocolMessageDispatcher.java:87) [hdds-server-framework-1.3.0-SNAPSHOT.jar:?]
	at org.apache.hadoop.ozone.protocolPB.OzoneManagerProtocolServerSideTranslatorPB.submitRequest(OzoneManagerProtocolServerSideTranslatorPB.java:146) [ozone-manager-1.3.0-SNAPSHOT.jar:?]
	at org.apache.hadoop.ozone.protocol.proto.OzoneManagerProtocolProtos$OzoneManagerService$2.callBlockingMethod(OzoneManagerProtocolProtos.java) [ozone-interface-client-1.3.0-SNAPSHOT.jar:?]
	at org.apache.hadoop.ipc.ProtobufRpcEngine$Server.processCall(ProtobufRpcEngine.java:466) [hadoop-common-3.3.1.jar:?]
	at org.apache.hadoop.ipc.ProtobufRpcEngine2$Server$ProtoBufRpcInvoker.call(ProtobufRpcEngine2.java:574) [hadoop-common-3.3.1.jar:?]
	at org.apache.hadoop.ipc.ProtobufRpcEngine2$Server$ProtoBufRpcInvoker.call(ProtobufRpcEngine2.java:552) [hadoop-common-3.3.1.jar:?]
	at org.apache.hadoop.ipc.RPC$Server.call(RPC.java:1093) [hadoop-common-3.3.1.jar:?]
	at org.apache.hadoop.ipc.Server$RpcCall.run(Server.java:1035) [hadoop-common-3.3.1.jar:?]
	at org.apache.hadoop.ipc.Server$RpcCall.run(Server.java:963) [hadoop-common-3.3.1.jar:?]
	at java.security.AccessController.doPrivileged(Native Method) ~[?:1.8.0_322]
	at javax.security.auth.Subject.doAs(Subject.java:422) [?:1.8.0_322]
	at org.apache.hadoop.security.UserGroupInformation.doAs(UserGroupInformation.java:1878) [hadoop-common-3.3.1.jar:?]
	at org.apache.hadoop.ipc.Server$Handler.run(Server.java:2966) [hadoop-common-3.3.1.jar:?]
04:18:26.800 [IPC Server handler 18 on default port 37371] ERROR OMAudit - user=runner | ip=127.0.0.1 | op=GET_FILE_STATUS {volume=volume22323, bucket=bucket47719, key=level0/level2/level2/file1, dataSize=0, replicationConfig=null} | ret=FAILURE
org.apache.hadoop.ozone.om.exceptions.OMException: Unable to get file status: volume: volume22323 bucket: bucket47719 key: level0/level2/level2/file1
	at org.apache.hadoop.ozone.om.KeyManagerImpl.getOzoneFileStatus(KeyManagerImpl.java:1280) ~[ozone-manager-1.3.0-SNAPSHOT.jar:?]
	at org.apache.hadoop.ozone.om.KeyManagerImpl.getFileStatus(KeyManagerImpl.java:1210) ~[ozone-manager-1.3.0-SNAPSHOT.jar:?]
	at org.apache.hadoop.ozone.om.OzoneManager.getFileStatus(OzoneManager.java:3009) ~[ozone-manager-1.3.0-SNAPSHOT.jar:?]
	at org.apache.hadoop.ozone.protocolPB.OzoneManagerRequestHandler.getOzoneFileStatus(OzoneManagerRequestHandler.java:670) ~[ozone-manager-1.3.0-SNAPSHOT.jar:?]
	at org.apache.hadoop.ozone.protocolPB.OzoneManagerRequestHandler.handleReadRequest(OzoneManagerRequestHandler.java:201) ~[ozone-manager-1.3.0-SNAPSHOT.jar:?]
	at org.apache.hadoop.ozone.protocolPB.OzoneManagerProtocolServerSideTranslatorPB.submitRequestDirectlyToOM(OzoneManagerProtocolServerSideTranslatorPB.java:271) ~[ozone-manager-1.3.0-SNAPSHOT.jar:?]
	at org.apache.hadoop.ozone.protocolPB.OzoneManagerProtocolServerSideTranslatorPB.processRequest(OzoneManagerProtocolServerSideTranslatorPB.java:195) ~[ozone-manager-1.3.0-SNAPSHOT.jar:?]
	at org.apache.hadoop.hdds.server.OzoneProtocolMessageDispatcher.processRequest(OzoneProtocolMessageDispatcher.java:87) [hdds-server-framework-1.3.0-SNAPSHOT.jar:?]
	at org.apache.hadoop.ozone.protocolPB.OzoneManagerProtocolServerSideTranslatorPB.submitRequest(OzoneManagerProtocolServerSideTranslatorPB.java:146) [ozone-manager-1.3.0-SNAPSHOT.jar:?]
	at org.apache.hadoop.ozone.protocol.proto.OzoneManagerProtocolProtos$OzoneManagerService$2.callBlockingMethod(OzoneManagerProtocolProtos.java) [ozone-interface-client-1.3.0-SNAPSHOT.jar:?]
	at org.apache.hadoop.ipc.ProtobufRpcEngine$Server.processCall(ProtobufRpcEngine.java:466) [hadoop-common-3.3.1.jar:?]
	at org.apache.hadoop.ipc.ProtobufRpcEngine2$Server$ProtoBufRpcInvoker.call(ProtobufRpcEngine2.java:574) [hadoop-common-3.3.1.jar:?]
	at org.apache.hadoop.ipc.ProtobufRpcEngine2$Server$ProtoBufRpcInvoker.call(ProtobufRpcEngine2.java:552) [hadoop-common-3.3.1.jar:?]
	at org.apache.hadoop.ipc.RPC$Server.call(RPC.java:1093) [hadoop-common-3.3.1.jar:?]
	at org.apache.hadoop.ipc.Server$RpcCall.run(Server.java:1035) [hadoop-common-3.3.1.jar:?]
	at org.apache.hadoop.ipc.Server$RpcCall.run(Server.java:963) [hadoop-common-3.3.1.jar:?]
	at java.security.AccessController.doPrivileged(Native Method) ~[?:1.8.0_322]
	at javax.security.auth.Subject.doAs(Subject.java:422) [?:1.8.0_322]
	at org.apache.hadoop.security.UserGroupInformation.doAs(UserGroupInformation.java:1878) [hadoop-common-3.3.1.jar:?]
	at org.apache.hadoop.ipc.Server$Handler.run(Server.java:2966) [hadoop-common-3.3.1.jar:?]
04:18:26.803 [IPC Server handler 5 on default port 37371] ERROR OMAudit - user=runner | ip=127.0.0.1 | op=GET_FILE_STATUS {volume=volume22323, bucket=bucket47719, key=level0/level3, dataSize=0, replicationConfig=null} | ret=FAILURE
org.apache.hadoop.ozone.om.exceptions.OMException: Unable to get file status: volume: volume22323 bucket: bucket47719 key: level0/level3
	at org.apache.hadoop.ozone.om.KeyManagerImpl.getOzoneFileStatus(KeyManagerImpl.java:1280) ~[ozone-manager-1.3.0-SNAPSHOT.jar:?]
	at org.apache.hadoop.ozone.om.KeyManagerImpl.getFileStatus(KeyManagerImpl.java:1210) ~[ozone-manager-1.3.0-SNAPSHOT.jar:?]
	at org.apache.hadoop.ozone.om.OzoneManager.getFileStatus(OzoneManager.java:3009) ~[ozone-manager-1.3.0-SNAPSHOT.jar:?]
	at org.apache.hadoop.ozone.protocolPB.OzoneManagerRequestHandler.getOzoneFileStatus(OzoneManagerRequestHandler.java:670) ~[ozone-manager-1.3.0-SNAPSHOT.jar:?]
	at org.apache.hadoop.ozone.protocolPB.OzoneManagerRequestHandler.handleReadRequest(OzoneManagerRequestHandler.java:201) ~[ozone-manager-1.3.0-SNAPSHOT.jar:?]
	at org.apache.hadoop.ozone.protocolPB.OzoneManagerProtocolServerSideTranslatorPB.submitRequestDirectlyToOM(OzoneManagerProtocolServerSideTranslatorPB.java:271) ~[ozone-manager-1.3.0-SNAPSHOT.jar:?]
	at org.apache.hadoop.ozone.protocolPB.OzoneManagerProtocolServerSideTranslatorPB.processRequest(OzoneManagerProtocolServerSideTranslatorPB.java:195) ~[ozone-manager-1.3.0-SNAPSHOT.jar:?]
	at org.apache.hadoop.hdds.server.OzoneProtocolMessageDispatcher.processRequest(OzoneProtocolMessageDispatcher.java:87) [hdds-server-framework-1.3.0-SNAPSHOT.jar:?]
	at org.apache.hadoop.ozone.protocolPB.OzoneManagerProtocolServerSideTranslatorPB.submitRequest(OzoneManagerProtocolServerSideTranslatorPB.java:146) [ozone-manager-1.3.0-SNAPSHOT.jar:?]
	at org.apache.hadoop.ozone.protocol.proto.OzoneManagerProtocolProtos$OzoneManagerService$2.callBlockingMethod(OzoneManagerProtocolProtos.java) [ozone-interface-client-1.3.0-SNAPSHOT.jar:?]
	at org.apache.hadoop.ipc.ProtobufRpcEngine$Server.processCall(ProtobufRpcEngine.java:466) [hadoop-common-3.3.1.jar:?]
	at org.apache.hadoop.ipc.ProtobufRpcEngine2$Server$ProtoBufRpcInvoker.call(ProtobufRpcEngine2.java:574) [hadoop-common-3.3.1.jar:?]
	at org.apache.hadoop.ipc.ProtobufRpcEngine2$Server$ProtoBufRpcInvoker.call(ProtobufRpcEngine2.java:552) [hadoop-common-3.3.1.jar:?]
	at org.apache.hadoop.ipc.RPC$Server.call(RPC.java:1093) [hadoop-common-3.3.1.jar:?]
	at org.apache.hadoop.ipc.Server$RpcCall.run(Server.java:1035) [hadoop-common-3.3.1.jar:?]
	at org.apache.hadoop.ipc.Server$RpcCall.run(Server.java:963) [hadoop-common-3.3.1.jar:?]
	at java.security.AccessController.doPrivileged(Native Method) ~[?:1.8.0_322]
	at javax.security.auth.Subject.doAs(Subject.java:422) [?:1.8.0_322]
	at org.apache.hadoop.security.UserGroupInformation.doAs(UserGroupInformation.java:1878) [hadoop-common-3.3.1.jar:?]
	at org.apache.hadoop.ipc.Server$Handler.run(Server.java:2966) [hadoop-common-3.3.1.jar:?]
04:18:26.803 [IPC Server handler 4 on default port 37371] ERROR OMAudit - user=runner | ip=127.0.0.1 | op=GET_FILE_STATUS {volume=volume22323, bucket=bucket47719, key=level0/level3/level3, dataSize=0, replicationConfig=null} | ret=FAILURE
org.apache.hadoop.ozone.om.exceptions.OMException: Unable to get file status: volume: volume22323 bucket: bucket47719 key: level0/level3/level3
	at org.apache.hadoop.ozone.om.KeyManagerImpl.getOzoneFileStatus(KeyManagerImpl.java:1280) ~[ozone-manager-1.3.0-SNAPSHOT.jar:?]
	at org.apache.hadoop.ozone.om.KeyManagerImpl.getFileStatus(KeyManagerImpl.java:1210) ~[ozone-manager-1.3.0-SNAPSHOT.jar:?]
	at org.apache.hadoop.ozone.om.OzoneManager.getFileStatus(OzoneManager.java:3009) ~[ozone-manager-1.3.0-SNAPSHOT.jar:?]
	at org.apache.hadoop.ozone.protocolPB.OzoneManagerRequestHandler.getOzoneFileStatus(OzoneManagerRequestHandler.java:670) ~[ozone-manager-1.3.0-SNAPSHOT.jar:?]
	at org.apache.hadoop.ozone.protocolPB.OzoneManagerRequestHandler.handleReadRequest(OzoneManagerRequestHandler.java:201) ~[ozone-manager-1.3.0-SNAPSHOT.jar:?]
	at org.apache.hadoop.ozone.protocolPB.OzoneManagerProtocolServerSideTranslatorPB.submitRequestDirectlyToOM(OzoneManagerProtocolServerSideTranslatorPB.java:271) ~[ozone-manager-1.3.0-SNAPSHOT.jar:?]
	at org.apache.hadoop.ozone.protocolPB.OzoneManagerProtocolServerSideTranslatorPB.processRequest(OzoneManagerProtocolServerSideTranslatorPB.java:195) ~[ozone-manager-1.3.0-SNAPSHOT.jar:?]
	at org.apache.hadoop.hdds.server.OzoneProtocolMessageDispatcher.processRequest(OzoneProtocolMessageDispatcher.java:87) [hdds-server-framework-1.3.0-SNAPSHOT.jar:?]
	at org.apache.hadoop.ozone.protocolPB.OzoneManagerProtocolServerSideTranslatorPB.submitRequest(OzoneManagerProtocolServerSideTranslatorPB.java:146) [ozone-manager-1.3.0-SNAPSHOT.jar:?]
	at org.apache.hadoop.ozone.protocol.proto.OzoneManagerProtocolProtos$OzoneManagerService$2.callBlockingMethod(OzoneManagerProtocolProtos.java) [ozone-interface-client-1.3.0-SNAPSHOT.jar:?]
	at org.apache.hadoop.ipc.ProtobufRpcEngine$Server.processCall(ProtobufRpcEngine.java:466) [hadoop-common-3.3.1.jar:?]
	at org.apache.hadoop.ipc.ProtobufRpcEngine2$Server$ProtoBufRpcInvoker.call(ProtobufRpcEngine2.java:574) [hadoop-common-3.3.1.jar:?]
	at org.apache.hadoop.ipc.ProtobufRpcEngine2$Server$ProtoBufRpcInvoker.call(ProtobufRpcEngine2.java:552) [hadoop-common-3.3.1.jar:?]
	at org.apache.hadoop.ipc.RPC$Server.call(RPC.java:1093) [hadoop-common-3.3.1.jar:?]
	at org.apache.hadoop.ipc.Server$RpcCall.run(Server.java:1035) [hadoop-common-3.3.1.jar:?]
	at org.apache.hadoop.ipc.Server$RpcCall.run(Server.java:963) [hadoop-common-3.3.1.jar:?]
	at java.security.AccessController.doPrivileged(Native Method) ~[?:1.8.0_322]
	at javax.security.auth.Subject.doAs(Subject.java:422) [?:1.8.0_322]
	at org.apache.hadoop.security.UserGroupInformation.doAs(UserGroupInformation.java:1878) [hadoop-common-3.3.1.jar:?]
	at org.apache.hadoop.ipc.Server$Handler.run(Server.java:2966) [hadoop-common-3.3.1.jar:?]
04:18:26.812 [IPC Server handler 3 on default port 37371] ERROR OMAudit - user=runner | ip=127.0.0.1 | op=GET_FILE_STATUS {volume=volume22323, bucket=bucket47719, key=level0/level3/file1, dataSize=0, replicationConfig=null} | ret=FAILURE
org.apache.hadoop.ozone.om.exceptions.OMException: Unable to get file status: volume: volume22323 bucket: bucket47719 key: level0/level3/file1
	at org.apache.hadoop.ozone.om.KeyManagerImpl.getOzoneFileStatus(KeyManagerImpl.java:1280) ~[ozone-manager-1.3.0-SNAPSHOT.jar:?]
	at org.apache.hadoop.ozone.om.KeyManagerImpl.getFileStatus(KeyManagerImpl.java:1210) ~[ozone-manager-1.3.0-SNAPSHOT.jar:?]
	at org.apache.hadoop.ozone.om.OzoneManager.getFileStatus(OzoneManager.java:3009) ~[ozone-manager-1.3.0-SNAPSHOT.jar:?]
	at org.apache.hadoop.ozone.protocolPB.OzoneManagerRequestHandler.getOzoneFileStatus(OzoneManagerRequestHandler.java:670) ~[ozone-manager-1.3.0-SNAPSHOT.jar:?]
	at org.apache.hadoop.ozone.protocolPB.OzoneManagerRequestHandler.handleReadRequest(OzoneManagerRequestHandler.java:201) ~[ozone-manager-1.3.0-SNAPSHOT.jar:?]
	at org.apache.hadoop.ozone.protocolPB.OzoneManagerProtocolServerSideTranslatorPB.submitRequestDirectlyToOM(OzoneManagerProtocolServerSideTranslatorPB.java:271) ~[ozone-manager-1.3.0-SNAPSHOT.jar:?]
	at org.apache.hadoop.ozone.protocolPB.OzoneManagerProtocolServerSideTranslatorPB.processRequest(OzoneManagerProtocolServerSideTranslatorPB.java:195) ~[ozone-manager-1.3.0-SNAPSHOT.jar:?]
	at org.apache.hadoop.hdds.server.OzoneProtocolMessageDispatcher.processRequest(OzoneProtocolMessageDispatcher.java:87) [hdds-server-framework-1.3.0-SNAPSHOT.jar:?]
	at org.apache.hadoop.ozone.protocolPB.OzoneManagerProtocolServerSideTranslatorPB.submitRequest(OzoneManagerProtocolServerSideTranslatorPB.java:146) [ozone-manager-1.3.0-SNAPSHOT.jar:?]
	at org.apache.hadoop.ozone.protocol.proto.OzoneManagerProtocolProtos$OzoneManagerService$2.callBlockingMethod(OzoneManagerProtocolProtos.java) [ozone-interface-client-1.3.0-SNAPSHOT.jar:?]
	at org.apache.hadoop.ipc.ProtobufRpcEngine$Server.processCall(ProtobufRpcEngine.java:466) [hadoop-common-3.3.1.jar:?]
	at org.apache.hadoop.ipc.ProtobufRpcEngine2$Server$ProtoBufRpcInvoker.call(ProtobufRpcEngine2.java:574) [hadoop-common-3.3.1.jar:?]
	at org.apache.hadoop.ipc.ProtobufRpcEngine2$Server$ProtoBufRpcInvoker.call(ProtobufRpcEngine2.java:552) [hadoop-common-3.3.1.jar:?]
	at org.apache.hadoop.ipc.RPC$Server.call(RPC.java:1093) [hadoop-common-3.3.1.jar:?]
	at org.apache.hadoop.ipc.Server$RpcCall.run(Server.java:1035) [hadoop-common-3.3.1.jar:?]
	at org.apache.hadoop.ipc.Server$RpcCall.run(Server.java:963) [hadoop-common-3.3.1.jar:?]
	at java.security.AccessController.doPrivileged(Native Method) ~[?:1.8.0_322]
	at javax.security.auth.Subject.doAs(Subject.java:422) [?:1.8.0_322]
	at org.apache.hadoop.security.UserGroupInformation.doAs(UserGroupInformation.java:1878) [hadoop-common-3.3.1.jar:?]
	at org.apache.hadoop.ipc.Server$Handler.run(Server.java:2966) [hadoop-common-3.3.1.jar:?]
04:18:26.819 [IPC Server handler 2 on default port 37371] ERROR OMAudit - user=runner | ip=127.0.0.1 | op=GET_FILE_STATUS {volume=volume22323, bucket=bucket47719, key=level0/level3/level3/file1, dataSize=0, replicationConfig=null} | ret=FAILURE
org.apache.hadoop.ozone.om.exceptions.OMException: Unable to get file status: volume: volume22323 bucket: bucket47719 key: level0/level3/level3/file1
	at org.apache.hadoop.ozone.om.KeyManagerImpl.getOzoneFileStatus(KeyManagerImpl.java:1280) ~[ozone-manager-1.3.0-SNAPSHOT.jar:?]
	at org.apache.hadoop.ozone.om.KeyManagerImpl.getFileStatus(KeyManagerImpl.java:1210) ~[ozone-manager-1.3.0-SNAPSHOT.jar:?]
	at org.apache.hadoop.ozone.om.OzoneManager.getFileStatus(OzoneManager.java:3009) ~[ozone-manager-1.3.0-SNAPSHOT.jar:?]
	at org.apache.hadoop.ozone.protocolPB.OzoneManagerRequestHandler.getOzoneFileStatus(OzoneManagerRequestHandler.java:670) ~[ozone-manager-1.3.0-SNAPSHOT.jar:?]
	at org.apache.hadoop.ozone.protocolPB.OzoneManagerRequestHandler.handleReadRequest(OzoneManagerRequestHandler.java:201) ~[ozone-manager-1.3.0-SNAPSHOT.jar:?]
	at org.apache.hadoop.ozone.protocolPB.OzoneManagerProtocolServerSideTranslatorPB.submitRequestDirectlyToOM(OzoneManagerProtocolServerSideTranslatorPB.java:271) ~[ozone-manager-1.3.0-SNAPSHOT.jar:?]
	at org.apache.hadoop.ozone.protocolPB.OzoneManagerProtocolServerSideTranslatorPB.processRequest(OzoneManagerProtocolServerSideTranslatorPB.java:195) ~[ozone-manager-1.3.0-SNAPSHOT.jar:?]
	at org.apache.hadoop.hdds.server.OzoneProtocolMessageDispatcher.processRequest(OzoneProtocolMessageDispatcher.java:87) [hdds-server-framework-1.3.0-SNAPSHOT.jar:?]
	at org.apache.hadoop.ozone.protocolPB.OzoneManagerProtocolServerSideTranslatorPB.submitRequest(OzoneManagerProtocolServerSideTranslatorPB.java:146) [ozone-manager-1.3.0-SNAPSHOT.jar:?]
	at org.apache.hadoop.ozone.protocol.proto.OzoneManagerProtocolProtos$OzoneManagerService$2.callBlockingMethod(OzoneManagerProtocolProtos.java) [ozone-interface-client-1.3.0-SNAPSHOT.jar:?]
	at org.apache.hadoop.ipc.ProtobufRpcEngine$Server.processCall(ProtobufRpcEngine.java:466) [hadoop-common-3.3.1.jar:?]
	at org.apache.hadoop.ipc.ProtobufRpcEngine2$Server$ProtoBufRpcInvoker.call(ProtobufRpcEngine2.java:574) [hadoop-common-3.3.1.jar:?]
	at org.apache.hadoop.ipc.ProtobufRpcEngine2$Server$ProtoBufRpcInvoker.call(ProtobufRpcEngine2.java:552) [hadoop-common-3.3.1.jar:?]
	at org.apache.hadoop.ipc.RPC$Server.call(RPC.java:1093) [hadoop-common-3.3.1.jar:?]
	at org.apache.hadoop.ipc.Server$RpcCall.run(Server.java:1035) [hadoop-common-3.3.1.jar:?]
	at org.apache.hadoop.ipc.Server$RpcCall.run(Server.java:963) [hadoop-common-3.3.1.jar:?]
	at java.security.AccessController.doPrivileged(Native Method) ~[?:1.8.0_322]
	at javax.security.auth.Subject.doAs(Subject.java:422) [?:1.8.0_322]
	at org.apache.hadoop.security.UserGroupInformation.doAs(UserGroupInformation.java:1878) [hadoop-common-3.3.1.jar:?]
	at org.apache.hadoop.ipc.Server$Handler.run(Server.java:2966) [hadoop-common-3.3.1.jar:?]
]]></system-out>
  </testcase>
  <testcase name="testGetTrashRoots" classname="TestOzoneFileSystem" time="0.069">
    <system-out><![CDATA[04:15:11.231 [IPC Server handler 10 on default port 38503] ERROR OMAudit - user=runner | ip=127.0.0.1 | op=GET_FILE_STATUS {volume=volume87548, bucket=bucket21072, key=.Trash/runner, dataSize=0, replicationConfig=null} | ret=FAILURE
org.apache.hadoop.ozone.om.exceptions.OMException: Unable to get file status: volume: volume87548 bucket: bucket21072 key: .Trash/runner
	at org.apache.hadoop.ozone.om.KeyManagerImpl.getOzoneFileStatus(KeyManagerImpl.java:1280) ~[ozone-manager-1.3.0-SNAPSHOT.jar:?]
	at org.apache.hadoop.ozone.om.KeyManagerImpl.getFileStatus(KeyManagerImpl.java:1210) ~[ozone-manager-1.3.0-SNAPSHOT.jar:?]
	at org.apache.hadoop.ozone.om.OzoneManager.getFileStatus(OzoneManager.java:3009) ~[ozone-manager-1.3.0-SNAPSHOT.jar:?]
	at org.apache.hadoop.ozone.protocolPB.OzoneManagerRequestHandler.getOzoneFileStatus(OzoneManagerRequestHandler.java:670) ~[ozone-manager-1.3.0-SNAPSHOT.jar:?]
	at org.apache.hadoop.ozone.protocolPB.OzoneManagerRequestHandler.handleReadRequest(OzoneManagerRequestHandler.java:201) ~[ozone-manager-1.3.0-SNAPSHOT.jar:?]
	at org.apache.hadoop.ozone.protocolPB.OzoneManagerProtocolServerSideTranslatorPB.submitReadRequestToOM(OzoneManagerProtocolServerSideTranslatorPB.java:213) ~[ozone-manager-1.3.0-SNAPSHOT.jar:?]
	at org.apache.hadoop.ozone.protocolPB.OzoneManagerProtocolServerSideTranslatorPB.processRequest(OzoneManagerProtocolServerSideTranslatorPB.java:174) ~[ozone-manager-1.3.0-SNAPSHOT.jar:?]
	at org.apache.hadoop.hdds.server.OzoneProtocolMessageDispatcher.processRequest(OzoneProtocolMessageDispatcher.java:87) [hdds-server-framework-1.3.0-SNAPSHOT.jar:?]
	at org.apache.hadoop.ozone.protocolPB.OzoneManagerProtocolServerSideTranslatorPB.submitRequest(OzoneManagerProtocolServerSideTranslatorPB.java:146) [ozone-manager-1.3.0-SNAPSHOT.jar:?]
	at org.apache.hadoop.ozone.protocol.proto.OzoneManagerProtocolProtos$OzoneManagerService$2.callBlockingMethod(OzoneManagerProtocolProtos.java) [ozone-interface-client-1.3.0-SNAPSHOT.jar:?]
	at org.apache.hadoop.ipc.ProtobufRpcEngine$Server.processCall(ProtobufRpcEngine.java:466) [hadoop-common-3.3.1.jar:?]
	at org.apache.hadoop.ipc.ProtobufRpcEngine2$Server$ProtoBufRpcInvoker.call(ProtobufRpcEngine2.java:574) [hadoop-common-3.3.1.jar:?]
	at org.apache.hadoop.ipc.ProtobufRpcEngine2$Server$ProtoBufRpcInvoker.call(ProtobufRpcEngine2.java:552) [hadoop-common-3.3.1.jar:?]
	at org.apache.hadoop.ipc.RPC$Server.call(RPC.java:1093) [hadoop-common-3.3.1.jar:?]
	at org.apache.hadoop.ipc.Server$RpcCall.run(Server.java:1035) [hadoop-common-3.3.1.jar:?]
	at org.apache.hadoop.ipc.Server$RpcCall.run(Server.java:963) [hadoop-common-3.3.1.jar:?]
	at java.security.AccessController.doPrivileged(Native Method) ~[?:1.8.0_322]
	at javax.security.auth.Subject.doAs(Subject.java:422) [?:1.8.0_322]
	at org.apache.hadoop.security.UserGroupInformation.doAs(UserGroupInformation.java:1878) [hadoop-common-3.3.1.jar:?]
	at org.apache.hadoop.ipc.Server$Handler.run(Server.java:2966) [hadoop-common-3.3.1.jar:?]
]]></system-out>
  </testcase>
  <testcase name="testGetTrashRoots" classname="TestOzoneFileSystem" time="0.038">
    <system-out><![CDATA[04:16:17.438 [IPC Server handler 10 on default port 40137] ERROR OMAudit - user=runner | ip=127.0.0.1 | op=GET_FILE_STATUS {volume=volume25603, bucket=bucket32835, key=.Trash/runner, dataSize=0, replicationConfig=null} | ret=FAILURE
org.apache.hadoop.ozone.om.exceptions.OMException: Unable to get file status: volume: volume25603 bucket: bucket32835 key: .Trash/runner
	at org.apache.hadoop.ozone.om.KeyManagerImpl.getOzoneFileStatus(KeyManagerImpl.java:1280) ~[ozone-manager-1.3.0-SNAPSHOT.jar:?]
	at org.apache.hadoop.ozone.om.KeyManagerImpl.getFileStatus(KeyManagerImpl.java:1210) ~[ozone-manager-1.3.0-SNAPSHOT.jar:?]
	at org.apache.hadoop.ozone.om.OzoneManager.getFileStatus(OzoneManager.java:3009) ~[ozone-manager-1.3.0-SNAPSHOT.jar:?]
	at org.apache.hadoop.ozone.protocolPB.OzoneManagerRequestHandler.getOzoneFileStatus(OzoneManagerRequestHandler.java:670) ~[ozone-manager-1.3.0-SNAPSHOT.jar:?]
	at org.apache.hadoop.ozone.protocolPB.OzoneManagerRequestHandler.handleReadRequest(OzoneManagerRequestHandler.java:201) ~[ozone-manager-1.3.0-SNAPSHOT.jar:?]
	at org.apache.hadoop.ozone.protocolPB.OzoneManagerProtocolServerSideTranslatorPB.submitRequestDirectlyToOM(OzoneManagerProtocolServerSideTranslatorPB.java:271) ~[ozone-manager-1.3.0-SNAPSHOT.jar:?]
	at org.apache.hadoop.ozone.protocolPB.OzoneManagerProtocolServerSideTranslatorPB.processRequest(OzoneManagerProtocolServerSideTranslatorPB.java:195) ~[ozone-manager-1.3.0-SNAPSHOT.jar:?]
	at org.apache.hadoop.hdds.server.OzoneProtocolMessageDispatcher.processRequest(OzoneProtocolMessageDispatcher.java:87) [hdds-server-framework-1.3.0-SNAPSHOT.jar:?]
	at org.apache.hadoop.ozone.protocolPB.OzoneManagerProtocolServerSideTranslatorPB.submitRequest(OzoneManagerProtocolServerSideTranslatorPB.java:146) [ozone-manager-1.3.0-SNAPSHOT.jar:?]
	at org.apache.hadoop.ozone.protocol.proto.OzoneManagerProtocolProtos$OzoneManagerService$2.callBlockingMethod(OzoneManagerProtocolProtos.java) [ozone-interface-client-1.3.0-SNAPSHOT.jar:?]
	at org.apache.hadoop.ipc.ProtobufRpcEngine$Server.processCall(ProtobufRpcEngine.java:466) [hadoop-common-3.3.1.jar:?]
	at org.apache.hadoop.ipc.ProtobufRpcEngine2$Server$ProtoBufRpcInvoker.call(ProtobufRpcEngine2.java:574) [hadoop-common-3.3.1.jar:?]
	at org.apache.hadoop.ipc.ProtobufRpcEngine2$Server$ProtoBufRpcInvoker.call(ProtobufRpcEngine2.java:552) [hadoop-common-3.3.1.jar:?]
	at org.apache.hadoop.ipc.RPC$Server.call(RPC.java:1093) [hadoop-common-3.3.1.jar:?]
	at org.apache.hadoop.ipc.Server$RpcCall.run(Server.java:1035) [hadoop-common-3.3.1.jar:?]
	at org.apache.hadoop.ipc.Server$RpcCall.run(Server.java:963) [hadoop-common-3.3.1.jar:?]
	at java.security.AccessController.doPrivileged(Native Method) ~[?:1.8.0_322]
	at javax.security.auth.Subject.doAs(Subject.java:422) [?:1.8.0_322]
	at org.apache.hadoop.security.UserGroupInformation.doAs(UserGroupInformation.java:1878) [hadoop-common-3.3.1.jar:?]
	at org.apache.hadoop.ipc.Server$Handler.run(Server.java:2966) [hadoop-common-3.3.1.jar:?]
]]></system-out>
  </testcase>
  <testcase name="testGetTrashRoots" classname="TestOzoneFileSystem" time="0.04">
    <system-out><![CDATA[04:17:14.656 [IPC Server handler 2 on default port 45981] ERROR OMAudit - user=runner | ip=127.0.0.1 | op=GET_FILE_STATUS {volume=volume21477, bucket=bucket24700, key=.Trash/runner, dataSize=0, replicationConfig=null} | ret=FAILURE
org.apache.hadoop.ozone.om.exceptions.OMException: Unable to get file status: volume: volume21477 bucket: bucket24700 key: .Trash/runner
	at org.apache.hadoop.ozone.om.KeyManagerImpl.getOzoneFileStatus(KeyManagerImpl.java:1280) ~[ozone-manager-1.3.0-SNAPSHOT.jar:?]
	at org.apache.hadoop.ozone.om.KeyManagerImpl.getFileStatus(KeyManagerImpl.java:1210) ~[ozone-manager-1.3.0-SNAPSHOT.jar:?]
	at org.apache.hadoop.ozone.om.OzoneManager.getFileStatus(OzoneManager.java:3009) ~[ozone-manager-1.3.0-SNAPSHOT.jar:?]
	at org.apache.hadoop.ozone.protocolPB.OzoneManagerRequestHandler.getOzoneFileStatus(OzoneManagerRequestHandler.java:670) ~[ozone-manager-1.3.0-SNAPSHOT.jar:?]
	at org.apache.hadoop.ozone.protocolPB.OzoneManagerRequestHandler.handleReadRequest(OzoneManagerRequestHandler.java:201) ~[ozone-manager-1.3.0-SNAPSHOT.jar:?]
	at org.apache.hadoop.ozone.protocolPB.OzoneManagerProtocolServerSideTranslatorPB.submitReadRequestToOM(OzoneManagerProtocolServerSideTranslatorPB.java:213) ~[ozone-manager-1.3.0-SNAPSHOT.jar:?]
	at org.apache.hadoop.ozone.protocolPB.OzoneManagerProtocolServerSideTranslatorPB.processRequest(OzoneManagerProtocolServerSideTranslatorPB.java:174) ~[ozone-manager-1.3.0-SNAPSHOT.jar:?]
	at org.apache.hadoop.hdds.server.OzoneProtocolMessageDispatcher.processRequest(OzoneProtocolMessageDispatcher.java:87) [hdds-server-framework-1.3.0-SNAPSHOT.jar:?]
	at org.apache.hadoop.ozone.protocolPB.OzoneManagerProtocolServerSideTranslatorPB.submitRequest(OzoneManagerProtocolServerSideTranslatorPB.java:146) [ozone-manager-1.3.0-SNAPSHOT.jar:?]
	at org.apache.hadoop.ozone.protocol.proto.OzoneManagerProtocolProtos$OzoneManagerService$2.callBlockingMethod(OzoneManagerProtocolProtos.java) [ozone-interface-client-1.3.0-SNAPSHOT.jar:?]
	at org.apache.hadoop.ipc.ProtobufRpcEngine$Server.processCall(ProtobufRpcEngine.java:466) [hadoop-common-3.3.1.jar:?]
	at org.apache.hadoop.ipc.ProtobufRpcEngine2$Server$ProtoBufRpcInvoker.call(ProtobufRpcEngine2.java:574) [hadoop-common-3.3.1.jar:?]
	at org.apache.hadoop.ipc.ProtobufRpcEngine2$Server$ProtoBufRpcInvoker.call(ProtobufRpcEngine2.java:552) [hadoop-common-3.3.1.jar:?]
	at org.apache.hadoop.ipc.RPC$Server.call(RPC.java:1093) [hadoop-common-3.3.1.jar:?]
	at org.apache.hadoop.ipc.Server$RpcCall.run(Server.java:1035) [hadoop-common-3.3.1.jar:?]
	at org.apache.hadoop.ipc.Server$RpcCall.run(Server.java:963) [hadoop-common-3.3.1.jar:?]
	at java.security.AccessController.doPrivileged(Native Method) ~[?:1.8.0_322]
	at javax.security.auth.Subject.doAs(Subject.java:422) [?:1.8.0_322]
	at org.apache.hadoop.security.UserGroupInformation.doAs(UserGroupInformation.java:1878) [hadoop-common-3.3.1.jar:?]
	at org.apache.hadoop.ipc.Server$Handler.run(Server.java:2966) [hadoop-common-3.3.1.jar:?]
]]></system-out>
  </testcase>
  <testcase name="testGetTrashRoots" classname="TestOzoneFileSystem" time="0.071">
    <system-out><![CDATA[04:18:26.839 [IPC Server handler 1 on default port 37371] ERROR OMAudit - user=runner | ip=127.0.0.1 | op=GET_FILE_STATUS {volume=volume22323, bucket=bucket47719, key=.Trash/runner, dataSize=0, replicationConfig=null} | ret=FAILURE
org.apache.hadoop.ozone.om.exceptions.OMException: Unable to get file status: volume: volume22323 bucket: bucket47719 key: .Trash/runner
	at org.apache.hadoop.ozone.om.KeyManagerImpl.getOzoneFileStatus(KeyManagerImpl.java:1280) ~[ozone-manager-1.3.0-SNAPSHOT.jar:?]
	at org.apache.hadoop.ozone.om.KeyManagerImpl.getFileStatus(KeyManagerImpl.java:1210) ~[ozone-manager-1.3.0-SNAPSHOT.jar:?]
	at org.apache.hadoop.ozone.om.OzoneManager.getFileStatus(OzoneManager.java:3009) ~[ozone-manager-1.3.0-SNAPSHOT.jar:?]
	at org.apache.hadoop.ozone.protocolPB.OzoneManagerRequestHandler.getOzoneFileStatus(OzoneManagerRequestHandler.java:670) ~[ozone-manager-1.3.0-SNAPSHOT.jar:?]
	at org.apache.hadoop.ozone.protocolPB.OzoneManagerRequestHandler.handleReadRequest(OzoneManagerRequestHandler.java:201) ~[ozone-manager-1.3.0-SNAPSHOT.jar:?]
	at org.apache.hadoop.ozone.protocolPB.OzoneManagerProtocolServerSideTranslatorPB.submitRequestDirectlyToOM(OzoneManagerProtocolServerSideTranslatorPB.java:271) ~[ozone-manager-1.3.0-SNAPSHOT.jar:?]
	at org.apache.hadoop.ozone.protocolPB.OzoneManagerProtocolServerSideTranslatorPB.processRequest(OzoneManagerProtocolServerSideTranslatorPB.java:195) ~[ozone-manager-1.3.0-SNAPSHOT.jar:?]
	at org.apache.hadoop.hdds.server.OzoneProtocolMessageDispatcher.processRequest(OzoneProtocolMessageDispatcher.java:87) [hdds-server-framework-1.3.0-SNAPSHOT.jar:?]
	at org.apache.hadoop.ozone.protocolPB.OzoneManagerProtocolServerSideTranslatorPB.submitRequest(OzoneManagerProtocolServerSideTranslatorPB.java:146) [ozone-manager-1.3.0-SNAPSHOT.jar:?]
	at org.apache.hadoop.ozone.protocol.proto.OzoneManagerProtocolProtos$OzoneManagerService$2.callBlockingMethod(OzoneManagerProtocolProtos.java) [ozone-interface-client-1.3.0-SNAPSHOT.jar:?]
	at org.apache.hadoop.ipc.ProtobufRpcEngine$Server.processCall(ProtobufRpcEngine.java:466) [hadoop-common-3.3.1.jar:?]
	at org.apache.hadoop.ipc.ProtobufRpcEngine2$Server$ProtoBufRpcInvoker.call(ProtobufRpcEngine2.java:574) [hadoop-common-3.3.1.jar:?]
	at org.apache.hadoop.ipc.ProtobufRpcEngine2$Server$ProtoBufRpcInvoker.call(ProtobufRpcEngine2.java:552) [hadoop-common-3.3.1.jar:?]
	at org.apache.hadoop.ipc.RPC$Server.call(RPC.java:1093) [hadoop-common-3.3.1.jar:?]
	at org.apache.hadoop.ipc.Server$RpcCall.run(Server.java:1035) [hadoop-common-3.3.1.jar:?]
	at org.apache.hadoop.ipc.Server$RpcCall.run(Server.java:963) [hadoop-common-3.3.1.jar:?]
	at java.security.AccessController.doPrivileged(Native Method) ~[?:1.8.0_322]
	at javax.security.auth.Subject.doAs(Subject.java:422) [?:1.8.0_322]
	at org.apache.hadoop.security.UserGroupInformation.doAs(UserGroupInformation.java:1878) [hadoop-common-3.3.1.jar:?]
	at org.apache.hadoop.ipc.Server$Handler.run(Server.java:2966) [hadoop-common-3.3.1.jar:?]
]]></system-out>
  </testcase>
  <testcase name="testCreateDoesNotAddParentDirKeys" classname="TestOzoneFileSystem" time="0.064">
    <system-out><![CDATA[04:15:11.342 [IPC Server handler 12 on default port 38503] ERROR OMAudit - user=runner | ip=127.0.0.1 | op=READ_KEY {volume=volume87548, bucket=bucket21072, key=testCreateDoesNotAddParentDirKeys/parent/, dataSize=0, replicationConfig=null} | ret=FAILURE
org.apache.hadoop.ozone.om.exceptions.OMException: Key:testCreateDoesNotAddParentDirKeys/parent not found
	at org.apache.hadoop.ozone.om.KeyManagerImpl.lookupKey(KeyManagerImpl.java:374) ~[ozone-manager-1.3.0-SNAPSHOT.jar:?]
	at org.apache.hadoop.ozone.om.OzoneManager.lookupKey(OzoneManager.java:2667) ~[ozone-manager-1.3.0-SNAPSHOT.jar:?]
	at org.apache.hadoop.ozone.protocolPB.OzoneManagerRequestHandler.lookupKey(OzoneManagerRequestHandler.java:402) ~[ozone-manager-1.3.0-SNAPSHOT.jar:?]
	at org.apache.hadoop.ozone.protocolPB.OzoneManagerRequestHandler.handleReadRequest(OzoneManagerRequestHandler.java:166) ~[ozone-manager-1.3.0-SNAPSHOT.jar:?]
	at org.apache.hadoop.ozone.protocolPB.OzoneManagerProtocolServerSideTranslatorPB.submitReadRequestToOM(OzoneManagerProtocolServerSideTranslatorPB.java:213) ~[ozone-manager-1.3.0-SNAPSHOT.jar:?]
	at org.apache.hadoop.ozone.protocolPB.OzoneManagerProtocolServerSideTranslatorPB.processRequest(OzoneManagerProtocolServerSideTranslatorPB.java:174) ~[ozone-manager-1.3.0-SNAPSHOT.jar:?]
	at org.apache.hadoop.hdds.server.OzoneProtocolMessageDispatcher.processRequest(OzoneProtocolMessageDispatcher.java:87) [hdds-server-framework-1.3.0-SNAPSHOT.jar:?]
	at org.apache.hadoop.ozone.protocolPB.OzoneManagerProtocolServerSideTranslatorPB.submitRequest(OzoneManagerProtocolServerSideTranslatorPB.java:146) [ozone-manager-1.3.0-SNAPSHOT.jar:?]
	at org.apache.hadoop.ozone.protocol.proto.OzoneManagerProtocolProtos$OzoneManagerService$2.callBlockingMethod(OzoneManagerProtocolProtos.java) [ozone-interface-client-1.3.0-SNAPSHOT.jar:?]
	at org.apache.hadoop.ipc.ProtobufRpcEngine$Server.processCall(ProtobufRpcEngine.java:466) [hadoop-common-3.3.1.jar:?]
	at org.apache.hadoop.ipc.ProtobufRpcEngine2$Server$ProtoBufRpcInvoker.call(ProtobufRpcEngine2.java:574) [hadoop-common-3.3.1.jar:?]
	at org.apache.hadoop.ipc.ProtobufRpcEngine2$Server$ProtoBufRpcInvoker.call(ProtobufRpcEngine2.java:552) [hadoop-common-3.3.1.jar:?]
	at org.apache.hadoop.ipc.RPC$Server.call(RPC.java:1093) [hadoop-common-3.3.1.jar:?]
	at org.apache.hadoop.ipc.Server$RpcCall.run(Server.java:1035) [hadoop-common-3.3.1.jar:?]
	at org.apache.hadoop.ipc.Server$RpcCall.run(Server.java:963) [hadoop-common-3.3.1.jar:?]
	at java.security.AccessController.doPrivileged(Native Method) ~[?:1.8.0_322]
	at javax.security.auth.Subject.doAs(Subject.java:422) [?:1.8.0_322]
	at org.apache.hadoop.security.UserGroupInformation.doAs(UserGroupInformation.java:1878) [hadoop-common-3.3.1.jar:?]
	at org.apache.hadoop.ipc.Server$Handler.run(Server.java:2966) [hadoop-common-3.3.1.jar:?]
]]></system-out>
  </testcase>
  <testcase name="testCreateDoesNotAddParentDirKeys" classname="TestOzoneFileSystem" time="0.112">
    <system-out><![CDATA[04:16:17.565 [IPC Server handler 3 on default port 40137] ERROR OMAudit - user=runner | ip=127.0.0.1 | op=READ_KEY {volume=volume25603, bucket=bucket32835, key=testCreateDoesNotAddParentDirKeys/parent/, dataSize=0, replicationConfig=null} | ret=FAILURE
org.apache.hadoop.ozone.om.exceptions.OMException: Key:testCreateDoesNotAddParentDirKeys/parent not found
	at org.apache.hadoop.ozone.om.KeyManagerImpl.lookupKey(KeyManagerImpl.java:374) ~[ozone-manager-1.3.0-SNAPSHOT.jar:?]
	at org.apache.hadoop.ozone.om.OzoneManager.lookupKey(OzoneManager.java:2667) ~[ozone-manager-1.3.0-SNAPSHOT.jar:?]
	at org.apache.hadoop.ozone.protocolPB.OzoneManagerRequestHandler.lookupKey(OzoneManagerRequestHandler.java:402) ~[ozone-manager-1.3.0-SNAPSHOT.jar:?]
	at org.apache.hadoop.ozone.protocolPB.OzoneManagerRequestHandler.handleReadRequest(OzoneManagerRequestHandler.java:166) ~[ozone-manager-1.3.0-SNAPSHOT.jar:?]
	at org.apache.hadoop.ozone.protocolPB.OzoneManagerProtocolServerSideTranslatorPB.submitRequestDirectlyToOM(OzoneManagerProtocolServerSideTranslatorPB.java:271) ~[ozone-manager-1.3.0-SNAPSHOT.jar:?]
	at org.apache.hadoop.ozone.protocolPB.OzoneManagerProtocolServerSideTranslatorPB.processRequest(OzoneManagerProtocolServerSideTranslatorPB.java:195) ~[ozone-manager-1.3.0-SNAPSHOT.jar:?]
	at org.apache.hadoop.hdds.server.OzoneProtocolMessageDispatcher.processRequest(OzoneProtocolMessageDispatcher.java:87) [hdds-server-framework-1.3.0-SNAPSHOT.jar:?]
	at org.apache.hadoop.ozone.protocolPB.OzoneManagerProtocolServerSideTranslatorPB.submitRequest(OzoneManagerProtocolServerSideTranslatorPB.java:146) [ozone-manager-1.3.0-SNAPSHOT.jar:?]
	at org.apache.hadoop.ozone.protocol.proto.OzoneManagerProtocolProtos$OzoneManagerService$2.callBlockingMethod(OzoneManagerProtocolProtos.java) [ozone-interface-client-1.3.0-SNAPSHOT.jar:?]
	at org.apache.hadoop.ipc.ProtobufRpcEngine$Server.processCall(ProtobufRpcEngine.java:466) [hadoop-common-3.3.1.jar:?]
	at org.apache.hadoop.ipc.ProtobufRpcEngine2$Server$ProtoBufRpcInvoker.call(ProtobufRpcEngine2.java:574) [hadoop-common-3.3.1.jar:?]
	at org.apache.hadoop.ipc.ProtobufRpcEngine2$Server$ProtoBufRpcInvoker.call(ProtobufRpcEngine2.java:552) [hadoop-common-3.3.1.jar:?]
	at org.apache.hadoop.ipc.RPC$Server.call(RPC.java:1093) [hadoop-common-3.3.1.jar:?]
	at org.apache.hadoop.ipc.Server$RpcCall.run(Server.java:1035) [hadoop-common-3.3.1.jar:?]
	at org.apache.hadoop.ipc.Server$RpcCall.run(Server.java:963) [hadoop-common-3.3.1.jar:?]
	at java.security.AccessController.doPrivileged(Native Method) ~[?:1.8.0_322]
	at javax.security.auth.Subject.doAs(Subject.java:422) [?:1.8.0_322]
	at org.apache.hadoop.security.UserGroupInformation.doAs(UserGroupInformation.java:1878) [hadoop-common-3.3.1.jar:?]
	at org.apache.hadoop.ipc.Server$Handler.run(Server.java:2966) [hadoop-common-3.3.1.jar:?]
]]></system-out>
  </testcase>
  <testcase name="testCreateDoesNotAddParentDirKeys" classname="TestOzoneFileSystem" time="0.127"/>
  <testcase name="testCreateDoesNotAddParentDirKeys" classname="TestOzoneFileSystem" time="0.196"/>
  <testcase name="testDeleteCreatesFakeParentDir" classname="TestOzoneFileSystem" time="0.059">
    <system-out><![CDATA[04:15:11.389 [IPC Server handler 3 on default port 38503] ERROR OMAudit - user=runner | ip=127.0.0.1 | op=READ_KEY {volume=volume87548, bucket=bucket21072, key=testDeleteCreatesFakeParentDir/parent/, dataSize=0, replicationConfig=null} | ret=FAILURE
org.apache.hadoop.ozone.om.exceptions.OMException: Key:testDeleteCreatesFakeParentDir/parent not found
	at org.apache.hadoop.ozone.om.KeyManagerImpl.lookupKey(KeyManagerImpl.java:374) ~[ozone-manager-1.3.0-SNAPSHOT.jar:?]
	at org.apache.hadoop.ozone.om.OzoneManager.lookupKey(OzoneManager.java:2667) ~[ozone-manager-1.3.0-SNAPSHOT.jar:?]
	at org.apache.hadoop.ozone.protocolPB.OzoneManagerRequestHandler.lookupKey(OzoneManagerRequestHandler.java:402) ~[ozone-manager-1.3.0-SNAPSHOT.jar:?]
	at org.apache.hadoop.ozone.protocolPB.OzoneManagerRequestHandler.handleReadRequest(OzoneManagerRequestHandler.java:166) ~[ozone-manager-1.3.0-SNAPSHOT.jar:?]
	at org.apache.hadoop.ozone.protocolPB.OzoneManagerProtocolServerSideTranslatorPB.submitReadRequestToOM(OzoneManagerProtocolServerSideTranslatorPB.java:213) ~[ozone-manager-1.3.0-SNAPSHOT.jar:?]
	at org.apache.hadoop.ozone.protocolPB.OzoneManagerProtocolServerSideTranslatorPB.processRequest(OzoneManagerProtocolServerSideTranslatorPB.java:174) ~[ozone-manager-1.3.0-SNAPSHOT.jar:?]
	at org.apache.hadoop.hdds.server.OzoneProtocolMessageDispatcher.processRequest(OzoneProtocolMessageDispatcher.java:87) [hdds-server-framework-1.3.0-SNAPSHOT.jar:?]
	at org.apache.hadoop.ozone.protocolPB.OzoneManagerProtocolServerSideTranslatorPB.submitRequest(OzoneManagerProtocolServerSideTranslatorPB.java:146) [ozone-manager-1.3.0-SNAPSHOT.jar:?]
	at org.apache.hadoop.ozone.protocol.proto.OzoneManagerProtocolProtos$OzoneManagerService$2.callBlockingMethod(OzoneManagerProtocolProtos.java) [ozone-interface-client-1.3.0-SNAPSHOT.jar:?]
	at org.apache.hadoop.ipc.ProtobufRpcEngine$Server.processCall(ProtobufRpcEngine.java:466) [hadoop-common-3.3.1.jar:?]
	at org.apache.hadoop.ipc.ProtobufRpcEngine2$Server$ProtoBufRpcInvoker.call(ProtobufRpcEngine2.java:574) [hadoop-common-3.3.1.jar:?]
	at org.apache.hadoop.ipc.ProtobufRpcEngine2$Server$ProtoBufRpcInvoker.call(ProtobufRpcEngine2.java:552) [hadoop-common-3.3.1.jar:?]
	at org.apache.hadoop.ipc.RPC$Server.call(RPC.java:1093) [hadoop-common-3.3.1.jar:?]
	at org.apache.hadoop.ipc.Server$RpcCall.run(Server.java:1035) [hadoop-common-3.3.1.jar:?]
	at org.apache.hadoop.ipc.Server$RpcCall.run(Server.java:963) [hadoop-common-3.3.1.jar:?]
	at java.security.AccessController.doPrivileged(Native Method) ~[?:1.8.0_322]
	at javax.security.auth.Subject.doAs(Subject.java:422) [?:1.8.0_322]
	at org.apache.hadoop.security.UserGroupInformation.doAs(UserGroupInformation.java:1878) [hadoop-common-3.3.1.jar:?]
	at org.apache.hadoop.ipc.Server$Handler.run(Server.java:2966) [hadoop-common-3.3.1.jar:?]
]]></system-out>
  </testcase>
  <testcase name="testDeleteCreatesFakeParentDir" classname="TestOzoneFileSystem" time="0.107">
    <system-out><![CDATA[04:16:17.670 [IPC Server handler 19 on default port 40137] ERROR OMAudit - user=runner | ip=127.0.0.1 | op=READ_KEY {volume=volume25603, bucket=bucket32835, key=testDeleteCreatesFakeParentDir/parent/, dataSize=0, replicationConfig=null} | ret=FAILURE
org.apache.hadoop.ozone.om.exceptions.OMException: Key:testDeleteCreatesFakeParentDir/parent not found
	at org.apache.hadoop.ozone.om.KeyManagerImpl.lookupKey(KeyManagerImpl.java:374) ~[ozone-manager-1.3.0-SNAPSHOT.jar:?]
	at org.apache.hadoop.ozone.om.OzoneManager.lookupKey(OzoneManager.java:2667) ~[ozone-manager-1.3.0-SNAPSHOT.jar:?]
	at org.apache.hadoop.ozone.protocolPB.OzoneManagerRequestHandler.lookupKey(OzoneManagerRequestHandler.java:402) ~[ozone-manager-1.3.0-SNAPSHOT.jar:?]
	at org.apache.hadoop.ozone.protocolPB.OzoneManagerRequestHandler.handleReadRequest(OzoneManagerRequestHandler.java:166) ~[ozone-manager-1.3.0-SNAPSHOT.jar:?]
	at org.apache.hadoop.ozone.protocolPB.OzoneManagerProtocolServerSideTranslatorPB.submitRequestDirectlyToOM(OzoneManagerProtocolServerSideTranslatorPB.java:271) ~[ozone-manager-1.3.0-SNAPSHOT.jar:?]
	at org.apache.hadoop.ozone.protocolPB.OzoneManagerProtocolServerSideTranslatorPB.processRequest(OzoneManagerProtocolServerSideTranslatorPB.java:195) ~[ozone-manager-1.3.0-SNAPSHOT.jar:?]
	at org.apache.hadoop.hdds.server.OzoneProtocolMessageDispatcher.processRequest(OzoneProtocolMessageDispatcher.java:87) [hdds-server-framework-1.3.0-SNAPSHOT.jar:?]
	at org.apache.hadoop.ozone.protocolPB.OzoneManagerProtocolServerSideTranslatorPB.submitRequest(OzoneManagerProtocolServerSideTranslatorPB.java:146) [ozone-manager-1.3.0-SNAPSHOT.jar:?]
	at org.apache.hadoop.ozone.protocol.proto.OzoneManagerProtocolProtos$OzoneManagerService$2.callBlockingMethod(OzoneManagerProtocolProtos.java) [ozone-interface-client-1.3.0-SNAPSHOT.jar:?]
	at org.apache.hadoop.ipc.ProtobufRpcEngine$Server.processCall(ProtobufRpcEngine.java:466) [hadoop-common-3.3.1.jar:?]
	at org.apache.hadoop.ipc.ProtobufRpcEngine2$Server$ProtoBufRpcInvoker.call(ProtobufRpcEngine2.java:574) [hadoop-common-3.3.1.jar:?]
	at org.apache.hadoop.ipc.ProtobufRpcEngine2$Server$ProtoBufRpcInvoker.call(ProtobufRpcEngine2.java:552) [hadoop-common-3.3.1.jar:?]
	at org.apache.hadoop.ipc.RPC$Server.call(RPC.java:1093) [hadoop-common-3.3.1.jar:?]
	at org.apache.hadoop.ipc.Server$RpcCall.run(Server.java:1035) [hadoop-common-3.3.1.jar:?]
	at org.apache.hadoop.ipc.Server$RpcCall.run(Server.java:963) [hadoop-common-3.3.1.jar:?]
	at java.security.AccessController.doPrivileged(Native Method) ~[?:1.8.0_322]
	at javax.security.auth.Subject.doAs(Subject.java:422) [?:1.8.0_322]
	at org.apache.hadoop.security.UserGroupInformation.doAs(UserGroupInformation.java:1878) [hadoop-common-3.3.1.jar:?]
	at org.apache.hadoop.ipc.Server$Handler.run(Server.java:2966) [hadoop-common-3.3.1.jar:?]
]]></system-out>
  </testcase>
  <testcase name="testDeleteCreatesFakeParentDir" classname="TestOzoneFileSystem" time="0.087"/>
  <testcase name="testDeleteCreatesFakeParentDir" classname="TestOzoneFileSystem" time="0.177"/>
  <testcase name="testNonExplicitlyCreatedPathExistsAfterItsLeafsWereRemoved" classname="TestOzoneFileSystem" time="0.05">
    <system-out><![CDATA[04:15:11.432 [IPC Server handler 1 on default port 38503] ERROR OMAudit - user=runner | ip=127.0.0.1 | op=GET_FILE_STATUS {volume=volume87548, bucket=bucket21072, key=target/leaf, dataSize=0, replicationConfig=null} | ret=FAILURE
org.apache.hadoop.ozone.om.exceptions.OMException: Unable to get file status: volume: volume87548 bucket: bucket21072 key: target/leaf
	at org.apache.hadoop.ozone.om.KeyManagerImpl.getOzoneFileStatus(KeyManagerImpl.java:1280) ~[ozone-manager-1.3.0-SNAPSHOT.jar:?]
	at org.apache.hadoop.ozone.om.KeyManagerImpl.getFileStatus(KeyManagerImpl.java:1210) ~[ozone-manager-1.3.0-SNAPSHOT.jar:?]
	at org.apache.hadoop.ozone.om.OzoneManager.getFileStatus(OzoneManager.java:3009) ~[ozone-manager-1.3.0-SNAPSHOT.jar:?]
	at org.apache.hadoop.ozone.protocolPB.OzoneManagerRequestHandler.getOzoneFileStatus(OzoneManagerRequestHandler.java:670) ~[ozone-manager-1.3.0-SNAPSHOT.jar:?]
	at org.apache.hadoop.ozone.protocolPB.OzoneManagerRequestHandler.handleReadRequest(OzoneManagerRequestHandler.java:201) ~[ozone-manager-1.3.0-SNAPSHOT.jar:?]
	at org.apache.hadoop.ozone.protocolPB.OzoneManagerProtocolServerSideTranslatorPB.submitReadRequestToOM(OzoneManagerProtocolServerSideTranslatorPB.java:213) ~[ozone-manager-1.3.0-SNAPSHOT.jar:?]
	at org.apache.hadoop.ozone.protocolPB.OzoneManagerProtocolServerSideTranslatorPB.processRequest(OzoneManagerProtocolServerSideTranslatorPB.java:174) ~[ozone-manager-1.3.0-SNAPSHOT.jar:?]
	at org.apache.hadoop.hdds.server.OzoneProtocolMessageDispatcher.processRequest(OzoneProtocolMessageDispatcher.java:87) [hdds-server-framework-1.3.0-SNAPSHOT.jar:?]
	at org.apache.hadoop.ozone.protocolPB.OzoneManagerProtocolServerSideTranslatorPB.submitRequest(OzoneManagerProtocolServerSideTranslatorPB.java:146) [ozone-manager-1.3.0-SNAPSHOT.jar:?]
	at org.apache.hadoop.ozone.protocol.proto.OzoneManagerProtocolProtos$OzoneManagerService$2.callBlockingMethod(OzoneManagerProtocolProtos.java) [ozone-interface-client-1.3.0-SNAPSHOT.jar:?]
	at org.apache.hadoop.ipc.ProtobufRpcEngine$Server.processCall(ProtobufRpcEngine.java:466) [hadoop-common-3.3.1.jar:?]
	at org.apache.hadoop.ipc.ProtobufRpcEngine2$Server$ProtoBufRpcInvoker.call(ProtobufRpcEngine2.java:574) [hadoop-common-3.3.1.jar:?]
	at org.apache.hadoop.ipc.ProtobufRpcEngine2$Server$ProtoBufRpcInvoker.call(ProtobufRpcEngine2.java:552) [hadoop-common-3.3.1.jar:?]
	at org.apache.hadoop.ipc.RPC$Server.call(RPC.java:1093) [hadoop-common-3.3.1.jar:?]
	at org.apache.hadoop.ipc.Server$RpcCall.run(Server.java:1035) [hadoop-common-3.3.1.jar:?]
	at org.apache.hadoop.ipc.Server$RpcCall.run(Server.java:963) [hadoop-common-3.3.1.jar:?]
	at java.security.AccessController.doPrivileged(Native Method) ~[?:1.8.0_322]
	at javax.security.auth.Subject.doAs(Subject.java:422) [?:1.8.0_322]
	at org.apache.hadoop.security.UserGroupInformation.doAs(UserGroupInformation.java:1878) [hadoop-common-3.3.1.jar:?]
	at org.apache.hadoop.ipc.Server$Handler.run(Server.java:2966) [hadoop-common-3.3.1.jar:?]
]]></system-out>
  </testcase>
  <testcase name="testNonExplicitlyCreatedPathExistsAfterItsLeafsWereRemoved" classname="TestOzoneFileSystem" time="0.02">
    <system-out><![CDATA[04:16:17.686 [IPC Server handler 15 on default port 40137] ERROR OMAudit - user=runner | ip=127.0.0.1 | op=GET_FILE_STATUS {volume=volume25603, bucket=bucket32835, key=target/leaf, dataSize=0, replicationConfig=null} | ret=FAILURE
org.apache.hadoop.ozone.om.exceptions.OMException: Unable to get file status: volume: volume25603 bucket: bucket32835 key: target/leaf
	at org.apache.hadoop.ozone.om.KeyManagerImpl.getOzoneFileStatus(KeyManagerImpl.java:1280) ~[ozone-manager-1.3.0-SNAPSHOT.jar:?]
	at org.apache.hadoop.ozone.om.KeyManagerImpl.getFileStatus(KeyManagerImpl.java:1210) ~[ozone-manager-1.3.0-SNAPSHOT.jar:?]
	at org.apache.hadoop.ozone.om.OzoneManager.getFileStatus(OzoneManager.java:3009) ~[ozone-manager-1.3.0-SNAPSHOT.jar:?]
	at org.apache.hadoop.ozone.protocolPB.OzoneManagerRequestHandler.getOzoneFileStatus(OzoneManagerRequestHandler.java:670) ~[ozone-manager-1.3.0-SNAPSHOT.jar:?]
	at org.apache.hadoop.ozone.protocolPB.OzoneManagerRequestHandler.handleReadRequest(OzoneManagerRequestHandler.java:201) ~[ozone-manager-1.3.0-SNAPSHOT.jar:?]
	at org.apache.hadoop.ozone.protocolPB.OzoneManagerProtocolServerSideTranslatorPB.submitRequestDirectlyToOM(OzoneManagerProtocolServerSideTranslatorPB.java:271) ~[ozone-manager-1.3.0-SNAPSHOT.jar:?]
	at org.apache.hadoop.ozone.protocolPB.OzoneManagerProtocolServerSideTranslatorPB.processRequest(OzoneManagerProtocolServerSideTranslatorPB.java:195) ~[ozone-manager-1.3.0-SNAPSHOT.jar:?]
	at org.apache.hadoop.hdds.server.OzoneProtocolMessageDispatcher.processRequest(OzoneProtocolMessageDispatcher.java:87) [hdds-server-framework-1.3.0-SNAPSHOT.jar:?]
	at org.apache.hadoop.ozone.protocolPB.OzoneManagerProtocolServerSideTranslatorPB.submitRequest(OzoneManagerProtocolServerSideTranslatorPB.java:146) [ozone-manager-1.3.0-SNAPSHOT.jar:?]
	at org.apache.hadoop.ozone.protocol.proto.OzoneManagerProtocolProtos$OzoneManagerService$2.callBlockingMethod(OzoneManagerProtocolProtos.java) [ozone-interface-client-1.3.0-SNAPSHOT.jar:?]
	at org.apache.hadoop.ipc.ProtobufRpcEngine$Server.processCall(ProtobufRpcEngine.java:466) [hadoop-common-3.3.1.jar:?]
	at org.apache.hadoop.ipc.ProtobufRpcEngine2$Server$ProtoBufRpcInvoker.call(ProtobufRpcEngine2.java:574) [hadoop-common-3.3.1.jar:?]
	at org.apache.hadoop.ipc.ProtobufRpcEngine2$Server$ProtoBufRpcInvoker.call(ProtobufRpcEngine2.java:552) [hadoop-common-3.3.1.jar:?]
	at org.apache.hadoop.ipc.RPC$Server.call(RPC.java:1093) [hadoop-common-3.3.1.jar:?]
	at org.apache.hadoop.ipc.Server$RpcCall.run(Server.java:1035) [hadoop-common-3.3.1.jar:?]
	at org.apache.hadoop.ipc.Server$RpcCall.run(Server.java:963) [hadoop-common-3.3.1.jar:?]
	at java.security.AccessController.doPrivileged(Native Method) ~[?:1.8.0_322]
	at javax.security.auth.Subject.doAs(Subject.java:422) [?:1.8.0_322]
	at org.apache.hadoop.security.UserGroupInformation.doAs(UserGroupInformation.java:1878) [hadoop-common-3.3.1.jar:?]
	at org.apache.hadoop.ipc.Server$Handler.run(Server.java:2966) [hadoop-common-3.3.1.jar:?]
]]></system-out>
  </testcase>
  <testcase name="testNonExplicitlyCreatedPathExistsAfterItsLeafsWereRemoved" classname="TestOzoneFileSystem" time="0.041">
    <system-out><![CDATA[04:17:14.927 [IPC Server handler 3 on default port 45981] ERROR OMAudit - user=runner | ip=127.0.0.1 | op=GET_FILE_STATUS {volume=volume21477, bucket=bucket24700, key=target/leaf, dataSize=0, replicationConfig=null} | ret=FAILURE
org.apache.hadoop.ozone.om.exceptions.OMException: Unable to get file status: volume: volume21477 bucket: bucket24700 key: target/leaf
	at org.apache.hadoop.ozone.om.KeyManagerImpl.getOzoneFileStatus(KeyManagerImpl.java:1280) ~[ozone-manager-1.3.0-SNAPSHOT.jar:?]
	at org.apache.hadoop.ozone.om.KeyManagerImpl.getFileStatus(KeyManagerImpl.java:1210) ~[ozone-manager-1.3.0-SNAPSHOT.jar:?]
	at org.apache.hadoop.ozone.om.OzoneManager.getFileStatus(OzoneManager.java:3009) ~[ozone-manager-1.3.0-SNAPSHOT.jar:?]
	at org.apache.hadoop.ozone.protocolPB.OzoneManagerRequestHandler.getOzoneFileStatus(OzoneManagerRequestHandler.java:670) ~[ozone-manager-1.3.0-SNAPSHOT.jar:?]
	at org.apache.hadoop.ozone.protocolPB.OzoneManagerRequestHandler.handleReadRequest(OzoneManagerRequestHandler.java:201) ~[ozone-manager-1.3.0-SNAPSHOT.jar:?]
	at org.apache.hadoop.ozone.protocolPB.OzoneManagerProtocolServerSideTranslatorPB.submitReadRequestToOM(OzoneManagerProtocolServerSideTranslatorPB.java:213) ~[ozone-manager-1.3.0-SNAPSHOT.jar:?]
	at org.apache.hadoop.ozone.protocolPB.OzoneManagerProtocolServerSideTranslatorPB.processRequest(OzoneManagerProtocolServerSideTranslatorPB.java:174) ~[ozone-manager-1.3.0-SNAPSHOT.jar:?]
	at org.apache.hadoop.hdds.server.OzoneProtocolMessageDispatcher.processRequest(OzoneProtocolMessageDispatcher.java:87) [hdds-server-framework-1.3.0-SNAPSHOT.jar:?]
	at org.apache.hadoop.ozone.protocolPB.OzoneManagerProtocolServerSideTranslatorPB.submitRequest(OzoneManagerProtocolServerSideTranslatorPB.java:146) [ozone-manager-1.3.0-SNAPSHOT.jar:?]
	at org.apache.hadoop.ozone.protocol.proto.OzoneManagerProtocolProtos$OzoneManagerService$2.callBlockingMethod(OzoneManagerProtocolProtos.java) [ozone-interface-client-1.3.0-SNAPSHOT.jar:?]
	at org.apache.hadoop.ipc.ProtobufRpcEngine$Server.processCall(ProtobufRpcEngine.java:466) [hadoop-common-3.3.1.jar:?]
	at org.apache.hadoop.ipc.ProtobufRpcEngine2$Server$ProtoBufRpcInvoker.call(ProtobufRpcEngine2.java:574) [hadoop-common-3.3.1.jar:?]
	at org.apache.hadoop.ipc.ProtobufRpcEngine2$Server$ProtoBufRpcInvoker.call(ProtobufRpcEngine2.java:552) [hadoop-common-3.3.1.jar:?]
	at org.apache.hadoop.ipc.RPC$Server.call(RPC.java:1093) [hadoop-common-3.3.1.jar:?]
	at org.apache.hadoop.ipc.Server$RpcCall.run(Server.java:1035) [hadoop-common-3.3.1.jar:?]
	at org.apache.hadoop.ipc.Server$RpcCall.run(Server.java:963) [hadoop-common-3.3.1.jar:?]
	at java.security.AccessController.doPrivileged(Native Method) ~[?:1.8.0_322]
	at javax.security.auth.Subject.doAs(Subject.java:422) [?:1.8.0_322]
	at org.apache.hadoop.security.UserGroupInformation.doAs(UserGroupInformation.java:1878) [hadoop-common-3.3.1.jar:?]
	at org.apache.hadoop.ipc.Server$Handler.run(Server.java:2966) [hadoop-common-3.3.1.jar:?]
]]></system-out>
  </testcase>
  <testcase name="testNonExplicitlyCreatedPathExistsAfterItsLeafsWereRemoved" classname="TestOzoneFileSystem" time="0.058">
    <system-out><![CDATA[04:18:27.296 [IPC Server handler 11 on default port 37371] ERROR OMAudit - user=runner | ip=127.0.0.1 | op=GET_FILE_STATUS {volume=volume22323, bucket=bucket47719, key=target/leaf, dataSize=0, replicationConfig=null} | ret=FAILURE
org.apache.hadoop.ozone.om.exceptions.OMException: Unable to get file status: volume: volume22323 bucket: bucket47719 key: target/leaf
	at org.apache.hadoop.ozone.om.KeyManagerImpl.getOzoneFileStatus(KeyManagerImpl.java:1280) ~[ozone-manager-1.3.0-SNAPSHOT.jar:?]
	at org.apache.hadoop.ozone.om.KeyManagerImpl.getFileStatus(KeyManagerImpl.java:1210) ~[ozone-manager-1.3.0-SNAPSHOT.jar:?]
	at org.apache.hadoop.ozone.om.OzoneManager.getFileStatus(OzoneManager.java:3009) ~[ozone-manager-1.3.0-SNAPSHOT.jar:?]
	at org.apache.hadoop.ozone.protocolPB.OzoneManagerRequestHandler.getOzoneFileStatus(OzoneManagerRequestHandler.java:670) ~[ozone-manager-1.3.0-SNAPSHOT.jar:?]
	at org.apache.hadoop.ozone.protocolPB.OzoneManagerRequestHandler.handleReadRequest(OzoneManagerRequestHandler.java:201) ~[ozone-manager-1.3.0-SNAPSHOT.jar:?]
	at org.apache.hadoop.ozone.protocolPB.OzoneManagerProtocolServerSideTranslatorPB.submitRequestDirectlyToOM(OzoneManagerProtocolServerSideTranslatorPB.java:271) ~[ozone-manager-1.3.0-SNAPSHOT.jar:?]
	at org.apache.hadoop.ozone.protocolPB.OzoneManagerProtocolServerSideTranslatorPB.processRequest(OzoneManagerProtocolServerSideTranslatorPB.java:195) ~[ozone-manager-1.3.0-SNAPSHOT.jar:?]
	at org.apache.hadoop.hdds.server.OzoneProtocolMessageDispatcher.processRequest(OzoneProtocolMessageDispatcher.java:87) [hdds-server-framework-1.3.0-SNAPSHOT.jar:?]
	at org.apache.hadoop.ozone.protocolPB.OzoneManagerProtocolServerSideTranslatorPB.submitRequest(OzoneManagerProtocolServerSideTranslatorPB.java:146) [ozone-manager-1.3.0-SNAPSHOT.jar:?]
	at org.apache.hadoop.ozone.protocol.proto.OzoneManagerProtocolProtos$OzoneManagerService$2.callBlockingMethod(OzoneManagerProtocolProtos.java) [ozone-interface-client-1.3.0-SNAPSHOT.jar:?]
	at org.apache.hadoop.ipc.ProtobufRpcEngine$Server.processCall(ProtobufRpcEngine.java:466) [hadoop-common-3.3.1.jar:?]
	at org.apache.hadoop.ipc.ProtobufRpcEngine2$Server$ProtoBufRpcInvoker.call(ProtobufRpcEngine2.java:574) [hadoop-common-3.3.1.jar:?]
	at org.apache.hadoop.ipc.ProtobufRpcEngine2$Server$ProtoBufRpcInvoker.call(ProtobufRpcEngine2.java:552) [hadoop-common-3.3.1.jar:?]
	at org.apache.hadoop.ipc.RPC$Server.call(RPC.java:1093) [hadoop-common-3.3.1.jar:?]
	at org.apache.hadoop.ipc.Server$RpcCall.run(Server.java:1035) [hadoop-common-3.3.1.jar:?]
	at org.apache.hadoop.ipc.Server$RpcCall.run(Server.java:963) [hadoop-common-3.3.1.jar:?]
	at java.security.AccessController.doPrivileged(Native Method) ~[?:1.8.0_322]
	at javax.security.auth.Subject.doAs(Subject.java:422) [?:1.8.0_322]
	at org.apache.hadoop.security.UserGroupInformation.doAs(UserGroupInformation.java:1878) [hadoop-common-3.3.1.jar:?]
	at org.apache.hadoop.ipc.Server$Handler.run(Server.java:2966) [hadoop-common-3.3.1.jar:?]
]]></system-out>
  </testcase>
  <testcase name="testCreateFileShouldCheckExistenceOfDirWithSameName" classname="TestOzoneFileSystem" time="0.061">
    <system-out><![CDATA[04:15:11.489 [OM StateMachine ApplyTransaction Thread - 0] ERROR OMAudit - user=runner | ip=127.0.0.1 | op=CREATE_FILE {volume=volume87548, bucket=bucket21072, key=d1/d2/d3/d4/key2, dataSize=4194304, replicationType=RATIS, replicationFactor=THREE} | ret=FAILURE
org.apache.hadoop.ozone.om.exceptions.OMException: Can not write to directory: d1/d2/d3/d4/key2
	at org.apache.hadoop.ozone.om.request.file.OMFileCreateRequest.checkDirectoryResult(OMFileCreateRequest.java:367) ~[ozone-manager-1.3.0-SNAPSHOT.jar:?]
	at org.apache.hadoop.ozone.om.request.file.OMFileCreateRequest.validateAndUpdateCache(OMFileCreateRequest.java:239) ~[ozone-manager-1.3.0-SNAPSHOT.jar:?]
	at org.apache.hadoop.ozone.protocolPB.OzoneManagerRequestHandler.handleWriteRequest(OzoneManagerRequestHandler.java:254) ~[ozone-manager-1.3.0-SNAPSHOT.jar:?]
	at org.apache.hadoop.ozone.om.ratis.OzoneManagerStateMachine.runCommand(OzoneManagerStateMachine.java:514) ~[ozone-manager-1.3.0-SNAPSHOT.jar:?]
	at org.apache.hadoop.ozone.om.ratis.OzoneManagerStateMachine.lambda$2(OzoneManagerStateMachine.java:317) ~[ozone-manager-1.3.0-SNAPSHOT.jar:?]
	at java.util.concurrent.CompletableFuture$AsyncSupply.run(CompletableFuture.java:1604) [?:1.8.0_322]
	at java.util.concurrent.ThreadPoolExecutor.runWorker(ThreadPoolExecutor.java:1149) [?:1.8.0_322]
	at java.util.concurrent.ThreadPoolExecutor$Worker.run(ThreadPoolExecutor.java:624) [?:1.8.0_322]
	at java.lang.Thread.run(Thread.java:750) [?:1.8.0_322]
2022-04-24 04:15:11,490 [OM StateMachine ApplyTransaction Thread - 0] ERROR file.OMFileCreateRequest (OMFileCreateRequest.java:validateAndUpdateCache(340)) - File create failed. Volume:volume87548, Bucket:bucket21072, Keyd1/d2/d3/d4/key2.
NOT_A_FILE org.apache.hadoop.ozone.om.exceptions.OMException: Can not write to directory: d1/d2/d3/d4/key2
	at org.apache.hadoop.ozone.om.request.file.OMFileCreateRequest.checkDirectoryResult(OMFileCreateRequest.java:367)
	at org.apache.hadoop.ozone.om.request.file.OMFileCreateRequest.validateAndUpdateCache(OMFileCreateRequest.java:239)
	at org.apache.hadoop.ozone.protocolPB.OzoneManagerRequestHandler.handleWriteRequest(OzoneManagerRequestHandler.java:254)
	at org.apache.hadoop.ozone.om.ratis.OzoneManagerStateMachine.runCommand(OzoneManagerStateMachine.java:514)
	at org.apache.hadoop.ozone.om.ratis.OzoneManagerStateMachine.lambda$2(OzoneManagerStateMachine.java:317)
	at java.util.concurrent.CompletableFuture$AsyncSupply.run(CompletableFuture.java:1604)
	at java.util.concurrent.ThreadPoolExecutor.runWorker(ThreadPoolExecutor.java:1149)
	at java.util.concurrent.ThreadPoolExecutor$Worker.run(ThreadPoolExecutor.java:624)
	at java.lang.Thread.run(Thread.java:750)
04:15:11.503 [OM StateMachine ApplyTransaction Thread - 0] ERROR OMAudit - user=runner | ip=127.0.0.1 | op=CREATE_DIRECTORY {volume=volume87548, bucket=bucket21072, key=d1/d2/d3/d4/key3, dataSize=0, replicationType=NONE, replicationFactor=ZERO} | ret=FAILURE
org.apache.hadoop.ozone.om.exceptions.OMException: Unable to create directory: d1/d2/d3/d4/key3 in volume/bucket: volume87548/bucket21072
	at org.apache.hadoop.ozone.om.request.file.OMDirectoryCreateRequest.validateAndUpdateCache(OMDirectoryCreateRequest.java:198) ~[ozone-manager-1.3.0-SNAPSHOT.jar:?]
	at org.apache.hadoop.ozone.protocolPB.OzoneManagerRequestHandler.handleWriteRequest(OzoneManagerRequestHandler.java:254) ~[ozone-manager-1.3.0-SNAPSHOT.jar:?]
	at org.apache.hadoop.ozone.om.ratis.OzoneManagerStateMachine.runCommand(OzoneManagerStateMachine.java:514) ~[ozone-manager-1.3.0-SNAPSHOT.jar:?]
	at org.apache.hadoop.ozone.om.ratis.OzoneManagerStateMachine.lambda$2(OzoneManagerStateMachine.java:317) ~[ozone-manager-1.3.0-SNAPSHOT.jar:?]
	at java.util.concurrent.CompletableFuture$AsyncSupply.run(CompletableFuture.java:1604) [?:1.8.0_322]
	at java.util.concurrent.ThreadPoolExecutor.runWorker(ThreadPoolExecutor.java:1149) [?:1.8.0_322]
	at java.util.concurrent.ThreadPoolExecutor$Worker.run(ThreadPoolExecutor.java:624) [?:1.8.0_322]
	at java.lang.Thread.run(Thread.java:750) [?:1.8.0_322]
2022-04-24 04:15:11,503 [OM StateMachine ApplyTransaction Thread - 0] ERROR file.OMDirectoryCreateRequest (OMDirectoryCreateRequest.java:logResult(331)) - Directory creation failed. Volume:volume87548, Bucket:bucket21072, Keyd1/d2/d3/d4/key3. Exception:{}
FILE_ALREADY_EXISTS org.apache.hadoop.ozone.om.exceptions.OMException: Unable to create directory: d1/d2/d3/d4/key3 in volume/bucket: volume87548/bucket21072
	at org.apache.hadoop.ozone.om.request.file.OMDirectoryCreateRequest.validateAndUpdateCache(OMDirectoryCreateRequest.java:198)
	at org.apache.hadoop.ozone.protocolPB.OzoneManagerRequestHandler.handleWriteRequest(OzoneManagerRequestHandler.java:254)
	at org.apache.hadoop.ozone.om.ratis.OzoneManagerStateMachine.runCommand(OzoneManagerStateMachine.java:514)
	at org.apache.hadoop.ozone.om.ratis.OzoneManagerStateMachine.lambda$2(OzoneManagerStateMachine.java:317)
	at java.util.concurrent.CompletableFuture$AsyncSupply.run(CompletableFuture.java:1604)
	at java.util.concurrent.ThreadPoolExecutor.runWorker(ThreadPoolExecutor.java:1149)
	at java.util.concurrent.ThreadPoolExecutor$Worker.run(ThreadPoolExecutor.java:624)
	at java.lang.Thread.run(Thread.java:750)
04:15:11.508 [OM StateMachine ApplyTransaction Thread - 0] ERROR OMAudit - user=runner | ip=127.0.0.1 | op=CREATE_FILE {volume=volume87548, bucket=bucket21072, key=d1/d2/d3, dataSize=4194304, replicationType=RATIS, replicationFactor=THREE} | ret=FAILURE
org.apache.hadoop.ozone.om.exceptions.OMException: Can not write to directory: d1/d2/d3
	at org.apache.hadoop.ozone.om.request.file.OMFileCreateRequest.checkDirectoryResult(OMFileCreateRequest.java:367) ~[ozone-manager-1.3.0-SNAPSHOT.jar:?]
	at org.apache.hadoop.ozone.om.request.file.OMFileCreateRequest.validateAndUpdateCache(OMFileCreateRequest.java:239) ~[ozone-manager-1.3.0-SNAPSHOT.jar:?]
	at org.apache.hadoop.ozone.protocolPB.OzoneManagerRequestHandler.handleWriteRequest(OzoneManagerRequestHandler.java:254) ~[ozone-manager-1.3.0-SNAPSHOT.jar:?]
	at org.apache.hadoop.ozone.om.ratis.OzoneManagerStateMachine.runCommand(OzoneManagerStateMachine.java:514) ~[ozone-manager-1.3.0-SNAPSHOT.jar:?]
	at org.apache.hadoop.ozone.om.ratis.OzoneManagerStateMachine.lambda$2(OzoneManagerStateMachine.java:317) ~[ozone-manager-1.3.0-SNAPSHOT.jar:?]
	at java.util.concurrent.CompletableFuture$AsyncSupply.run(CompletableFuture.java:1604) [?:1.8.0_322]
	at java.util.concurrent.ThreadPoolExecutor.runWorker(ThreadPoolExecutor.java:1149) [?:1.8.0_322]
	at java.util.concurrent.ThreadPoolExecutor$Worker.run(ThreadPoolExecutor.java:624) [?:1.8.0_322]
	at java.lang.Thread.run(Thread.java:750) [?:1.8.0_322]
2022-04-24 04:15:11,508 [OM StateMachine ApplyTransaction Thread - 0] ERROR file.OMFileCreateRequest (OMFileCreateRequest.java:validateAndUpdateCache(340)) - File create failed. Volume:volume87548, Bucket:bucket21072, Keyd1/d2/d3.
NOT_A_FILE org.apache.hadoop.ozone.om.exceptions.OMException: Can not write to directory: d1/d2/d3
	at org.apache.hadoop.ozone.om.request.file.OMFileCreateRequest.checkDirectoryResult(OMFileCreateRequest.java:367)
	at org.apache.hadoop.ozone.om.request.file.OMFileCreateRequest.validateAndUpdateCache(OMFileCreateRequest.java:239)
	at org.apache.hadoop.ozone.protocolPB.OzoneManagerRequestHandler.handleWriteRequest(OzoneManagerRequestHandler.java:254)
	at org.apache.hadoop.ozone.om.ratis.OzoneManagerStateMachine.runCommand(OzoneManagerStateMachine.java:514)
	at org.apache.hadoop.ozone.om.ratis.OzoneManagerStateMachine.lambda$2(OzoneManagerStateMachine.java:317)
	at java.util.concurrent.CompletableFuture$AsyncSupply.run(CompletableFuture.java:1604)
	at java.util.concurrent.ThreadPoolExecutor.runWorker(ThreadPoolExecutor.java:1149)
	at java.util.concurrent.ThreadPoolExecutor$Worker.run(ThreadPoolExecutor.java:624)
	at java.lang.Thread.run(Thread.java:750)
04:15:11.511 [IPC Server handler 17 on default port 38503] ERROR OMAudit - user=runner | ip=127.0.0.1 | op=GET_FILE_STATUS {volume=volume87548, bucket=bucket21072, key=d1/d2/d3/d4/key3/invalid, dataSize=0, replicationConfig=null} | ret=FAILURE
org.apache.hadoop.ozone.om.exceptions.OMException: Unable to get file status: volume: volume87548 bucket: bucket21072 key: d1/d2/d3/d4/key3/invalid
	at org.apache.hadoop.ozone.om.KeyManagerImpl.getOzoneFileStatus(KeyManagerImpl.java:1280) ~[ozone-manager-1.3.0-SNAPSHOT.jar:?]
	at org.apache.hadoop.ozone.om.KeyManagerImpl.getFileStatus(KeyManagerImpl.java:1210) ~[ozone-manager-1.3.0-SNAPSHOT.jar:?]
	at org.apache.hadoop.ozone.om.OzoneManager.getFileStatus(OzoneManager.java:3009) ~[ozone-manager-1.3.0-SNAPSHOT.jar:?]
	at org.apache.hadoop.ozone.protocolPB.OzoneManagerRequestHandler.getOzoneFileStatus(OzoneManagerRequestHandler.java:670) ~[ozone-manager-1.3.0-SNAPSHOT.jar:?]
	at org.apache.hadoop.ozone.protocolPB.OzoneManagerRequestHandler.handleReadRequest(OzoneManagerRequestHandler.java:201) ~[ozone-manager-1.3.0-SNAPSHOT.jar:?]
	at org.apache.hadoop.ozone.protocolPB.OzoneManagerProtocolServerSideTranslatorPB.submitReadRequestToOM(OzoneManagerProtocolServerSideTranslatorPB.java:213) ~[ozone-manager-1.3.0-SNAPSHOT.jar:?]
	at org.apache.hadoop.ozone.protocolPB.OzoneManagerProtocolServerSideTranslatorPB.processRequest(OzoneManagerProtocolServerSideTranslatorPB.java:174) ~[ozone-manager-1.3.0-SNAPSHOT.jar:?]
	at org.apache.hadoop.hdds.server.OzoneProtocolMessageDispatcher.processRequest(OzoneProtocolMessageDispatcher.java:87) [hdds-server-framework-1.3.0-SNAPSHOT.jar:?]
	at org.apache.hadoop.ozone.protocolPB.OzoneManagerProtocolServerSideTranslatorPB.submitRequest(OzoneManagerProtocolServerSideTranslatorPB.java:146) [ozone-manager-1.3.0-SNAPSHOT.jar:?]
	at org.apache.hadoop.ozone.protocol.proto.OzoneManagerProtocolProtos$OzoneManagerService$2.callBlockingMethod(OzoneManagerProtocolProtos.java) [ozone-interface-client-1.3.0-SNAPSHOT.jar:?]
	at org.apache.hadoop.ipc.ProtobufRpcEngine$Server.processCall(ProtobufRpcEngine.java:466) [hadoop-common-3.3.1.jar:?]
	at org.apache.hadoop.ipc.ProtobufRpcEngine2$Server$ProtoBufRpcInvoker.call(ProtobufRpcEngine2.java:574) [hadoop-common-3.3.1.jar:?]
	at org.apache.hadoop.ipc.ProtobufRpcEngine2$Server$ProtoBufRpcInvoker.call(ProtobufRpcEngine2.java:552) [hadoop-common-3.3.1.jar:?]
	at org.apache.hadoop.ipc.RPC$Server.call(RPC.java:1093) [hadoop-common-3.3.1.jar:?]
	at org.apache.hadoop.ipc.Server$RpcCall.run(Server.java:1035) [hadoop-common-3.3.1.jar:?]
	at org.apache.hadoop.ipc.Server$RpcCall.run(Server.java:963) [hadoop-common-3.3.1.jar:?]
	at java.security.AccessController.doPrivileged(Native Method) ~[?:1.8.0_322]
	at javax.security.auth.Subject.doAs(Subject.java:422) [?:1.8.0_322]
	at org.apache.hadoop.security.UserGroupInformation.doAs(UserGroupInformation.java:1878) [hadoop-common-3.3.1.jar:?]
	at org.apache.hadoop.ipc.Server$Handler.run(Server.java:2966) [hadoop-common-3.3.1.jar:?]
04:15:11.512 [IPC Server handler 16 on default port 38503] ERROR OMAudit - user=runner | ip=127.0.0.1 | op=GET_FILE_STATUS {volume=volume87548, bucket=bucket21072, key=d1/d2/d3/d4/invalidkey, dataSize=0, replicationConfig=null} | ret=FAILURE
org.apache.hadoop.ozone.om.exceptions.OMException: Unable to get file status: volume: volume87548 bucket: bucket21072 key: d1/d2/d3/d4/invalidkey
	at org.apache.hadoop.ozone.om.KeyManagerImpl.getOzoneFileStatus(KeyManagerImpl.java:1280) ~[ozone-manager-1.3.0-SNAPSHOT.jar:?]
	at org.apache.hadoop.ozone.om.KeyManagerImpl.getFileStatus(KeyManagerImpl.java:1210) ~[ozone-manager-1.3.0-SNAPSHOT.jar:?]
	at org.apache.hadoop.ozone.om.OzoneManager.getFileStatus(OzoneManager.java:3009) ~[ozone-manager-1.3.0-SNAPSHOT.jar:?]
	at org.apache.hadoop.ozone.protocolPB.OzoneManagerRequestHandler.getOzoneFileStatus(OzoneManagerRequestHandler.java:670) ~[ozone-manager-1.3.0-SNAPSHOT.jar:?]
	at org.apache.hadoop.ozone.protocolPB.OzoneManagerRequestHandler.handleReadRequest(OzoneManagerRequestHandler.java:201) ~[ozone-manager-1.3.0-SNAPSHOT.jar:?]
	at org.apache.hadoop.ozone.protocolPB.OzoneManagerProtocolServerSideTranslatorPB.submitReadRequestToOM(OzoneManagerProtocolServerSideTranslatorPB.java:213) ~[ozone-manager-1.3.0-SNAPSHOT.jar:?]
	at org.apache.hadoop.ozone.protocolPB.OzoneManagerProtocolServerSideTranslatorPB.processRequest(OzoneManagerProtocolServerSideTranslatorPB.java:174) ~[ozone-manager-1.3.0-SNAPSHOT.jar:?]
	at org.apache.hadoop.hdds.server.OzoneProtocolMessageDispatcher.processRequest(OzoneProtocolMessageDispatcher.java:87) [hdds-server-framework-1.3.0-SNAPSHOT.jar:?]
	at org.apache.hadoop.ozone.protocolPB.OzoneManagerProtocolServerSideTranslatorPB.submitRequest(OzoneManagerProtocolServerSideTranslatorPB.java:146) [ozone-manager-1.3.0-SNAPSHOT.jar:?]
	at org.apache.hadoop.ozone.protocol.proto.OzoneManagerProtocolProtos$OzoneManagerService$2.callBlockingMethod(OzoneManagerProtocolProtos.java) [ozone-interface-client-1.3.0-SNAPSHOT.jar:?]
	at org.apache.hadoop.ipc.ProtobufRpcEngine$Server.processCall(ProtobufRpcEngine.java:466) [hadoop-common-3.3.1.jar:?]
	at org.apache.hadoop.ipc.ProtobufRpcEngine2$Server$ProtoBufRpcInvoker.call(ProtobufRpcEngine2.java:574) [hadoop-common-3.3.1.jar:?]
	at org.apache.hadoop.ipc.ProtobufRpcEngine2$Server$ProtoBufRpcInvoker.call(ProtobufRpcEngine2.java:552) [hadoop-common-3.3.1.jar:?]
	at org.apache.hadoop.ipc.RPC$Server.call(RPC.java:1093) [hadoop-common-3.3.1.jar:?]
	at org.apache.hadoop.ipc.Server$RpcCall.run(Server.java:1035) [hadoop-common-3.3.1.jar:?]
	at org.apache.hadoop.ipc.Server$RpcCall.run(Server.java:963) [hadoop-common-3.3.1.jar:?]
	at java.security.AccessController.doPrivileged(Native Method) ~[?:1.8.0_322]
	at javax.security.auth.Subject.doAs(Subject.java:422) [?:1.8.0_322]
	at org.apache.hadoop.security.UserGroupInformation.doAs(UserGroupInformation.java:1878) [hadoop-common-3.3.1.jar:?]
	at org.apache.hadoop.ipc.Server$Handler.run(Server.java:2966) [hadoop-common-3.3.1.jar:?]
]]></system-out>
  </testcase>
  <testcase name="testCreateFileShouldCheckExistenceOfDirWithSameName" classname="TestOzoneFileSystem" time="0.044">
    <system-out><![CDATA[04:16:17.710 [IPC Server handler 8 on default port 40137] ERROR OMAudit - user=runner | ip=127.0.0.1 | op=CREATE_FILE {volume=volume25603, bucket=bucket32835, key=d1/d2/d3/d4/key2, dataSize=4194304, replicationType=RATIS, replicationFactor=THREE} | ret=FAILURE
org.apache.hadoop.ozone.om.exceptions.OMException: Can not write to directory: d1/d2/d3/d4/key2
	at org.apache.hadoop.ozone.om.request.file.OMFileCreateRequest.checkDirectoryResult(OMFileCreateRequest.java:367) ~[ozone-manager-1.3.0-SNAPSHOT.jar:?]
	at org.apache.hadoop.ozone.om.request.file.OMFileCreateRequest.validateAndUpdateCache(OMFileCreateRequest.java:239) ~[ozone-manager-1.3.0-SNAPSHOT.jar:?]
	at org.apache.hadoop.ozone.protocolPB.OzoneManagerRequestHandler.handleWriteRequest(OzoneManagerRequestHandler.java:254) ~[ozone-manager-1.3.0-SNAPSHOT.jar:?]
	at org.apache.hadoop.ozone.protocolPB.OzoneManagerProtocolServerSideTranslatorPB.submitRequestDirectlyToOM(OzoneManagerProtocolServerSideTranslatorPB.java:280) ~[ozone-manager-1.3.0-SNAPSHOT.jar:?]
	at org.apache.hadoop.ozone.protocolPB.OzoneManagerProtocolServerSideTranslatorPB.processRequest(OzoneManagerProtocolServerSideTranslatorPB.java:195) ~[ozone-manager-1.3.0-SNAPSHOT.jar:?]
	at org.apache.hadoop.hdds.server.OzoneProtocolMessageDispatcher.processRequest(OzoneProtocolMessageDispatcher.java:87) [hdds-server-framework-1.3.0-SNAPSHOT.jar:?]
	at org.apache.hadoop.ozone.protocolPB.OzoneManagerProtocolServerSideTranslatorPB.submitRequest(OzoneManagerProtocolServerSideTranslatorPB.java:146) [ozone-manager-1.3.0-SNAPSHOT.jar:?]
	at org.apache.hadoop.ozone.protocol.proto.OzoneManagerProtocolProtos$OzoneManagerService$2.callBlockingMethod(OzoneManagerProtocolProtos.java) [ozone-interface-client-1.3.0-SNAPSHOT.jar:?]
	at org.apache.hadoop.ipc.ProtobufRpcEngine$Server.processCall(ProtobufRpcEngine.java:466) [hadoop-common-3.3.1.jar:?]
	at org.apache.hadoop.ipc.ProtobufRpcEngine2$Server$ProtoBufRpcInvoker.call(ProtobufRpcEngine2.java:574) [hadoop-common-3.3.1.jar:?]
	at org.apache.hadoop.ipc.ProtobufRpcEngine2$Server$ProtoBufRpcInvoker.call(ProtobufRpcEngine2.java:552) [hadoop-common-3.3.1.jar:?]
	at org.apache.hadoop.ipc.RPC$Server.call(RPC.java:1093) [hadoop-common-3.3.1.jar:?]
	at org.apache.hadoop.ipc.Server$RpcCall.run(Server.java:1035) [hadoop-common-3.3.1.jar:?]
	at org.apache.hadoop.ipc.Server$RpcCall.run(Server.java:963) [hadoop-common-3.3.1.jar:?]
	at java.security.AccessController.doPrivileged(Native Method) ~[?:1.8.0_322]
	at javax.security.auth.Subject.doAs(Subject.java:422) [?:1.8.0_322]
	at org.apache.hadoop.security.UserGroupInformation.doAs(UserGroupInformation.java:1878) [hadoop-common-3.3.1.jar:?]
	at org.apache.hadoop.ipc.Server$Handler.run(Server.java:2966) [hadoop-common-3.3.1.jar:?]
2022-04-24 04:16:17,710 [IPC Server handler 8 on default port 40137] ERROR file.OMFileCreateRequest (OMFileCreateRequest.java:validateAndUpdateCache(340)) - File create failed. Volume:volume25603, Bucket:bucket32835, Keyd1/d2/d3/d4/key2.
NOT_A_FILE org.apache.hadoop.ozone.om.exceptions.OMException: Can not write to directory: d1/d2/d3/d4/key2
	at org.apache.hadoop.ozone.om.request.file.OMFileCreateRequest.checkDirectoryResult(OMFileCreateRequest.java:367)
	at org.apache.hadoop.ozone.om.request.file.OMFileCreateRequest.validateAndUpdateCache(OMFileCreateRequest.java:239)
	at org.apache.hadoop.ozone.protocolPB.OzoneManagerRequestHandler.handleWriteRequest(OzoneManagerRequestHandler.java:254)
	at org.apache.hadoop.ozone.protocolPB.OzoneManagerProtocolServerSideTranslatorPB.submitRequestDirectlyToOM(OzoneManagerProtocolServerSideTranslatorPB.java:280)
	at org.apache.hadoop.ozone.protocolPB.OzoneManagerProtocolServerSideTranslatorPB.processRequest(OzoneManagerProtocolServerSideTranslatorPB.java:195)
	at org.apache.hadoop.hdds.server.OzoneProtocolMessageDispatcher.processRequest(OzoneProtocolMessageDispatcher.java:87)
	at org.apache.hadoop.ozone.protocolPB.OzoneManagerProtocolServerSideTranslatorPB.submitRequest(OzoneManagerProtocolServerSideTranslatorPB.java:146)
	at org.apache.hadoop.ozone.protocol.proto.OzoneManagerProtocolProtos$OzoneManagerService$2.callBlockingMethod(OzoneManagerProtocolProtos.java)
	at org.apache.hadoop.ipc.ProtobufRpcEngine$Server.processCall(ProtobufRpcEngine.java:466)
	at org.apache.hadoop.ipc.ProtobufRpcEngine2$Server$ProtoBufRpcInvoker.call(ProtobufRpcEngine2.java:574)
	at org.apache.hadoop.ipc.ProtobufRpcEngine2$Server$ProtoBufRpcInvoker.call(ProtobufRpcEngine2.java:552)
	at org.apache.hadoop.ipc.RPC$Server.call(RPC.java:1093)
	at org.apache.hadoop.ipc.Server$RpcCall.run(Server.java:1035)
	at org.apache.hadoop.ipc.Server$RpcCall.run(Server.java:963)
	at java.security.AccessController.doPrivileged(Native Method)
	at javax.security.auth.Subject.doAs(Subject.java:422)
	at org.apache.hadoop.security.UserGroupInformation.doAs(UserGroupInformation.java:1878)
	at org.apache.hadoop.ipc.Server$Handler.run(Server.java:2966)
04:16:17.717 [IPC Server handler 6 on default port 40137] ERROR OMAudit - user=runner | ip=127.0.0.1 | op=CREATE_DIRECTORY {volume=volume25603, bucket=bucket32835, key=d1/d2/d3/d4/key3, dataSize=0, replicationType=NONE, replicationFactor=ZERO} | ret=FAILURE
org.apache.hadoop.ozone.om.exceptions.OMException: Unable to create directory: d1/d2/d3/d4/key3 in volume/bucket: volume25603/bucket32835
	at org.apache.hadoop.ozone.om.request.file.OMDirectoryCreateRequest.validateAndUpdateCache(OMDirectoryCreateRequest.java:198) ~[ozone-manager-1.3.0-SNAPSHOT.jar:?]
	at org.apache.hadoop.ozone.protocolPB.OzoneManagerRequestHandler.handleWriteRequest(OzoneManagerRequestHandler.java:254) ~[ozone-manager-1.3.0-SNAPSHOT.jar:?]
	at org.apache.hadoop.ozone.protocolPB.OzoneManagerProtocolServerSideTranslatorPB.submitRequestDirectlyToOM(OzoneManagerProtocolServerSideTranslatorPB.java:280) ~[ozone-manager-1.3.0-SNAPSHOT.jar:?]
	at org.apache.hadoop.ozone.protocolPB.OzoneManagerProtocolServerSideTranslatorPB.processRequest(OzoneManagerProtocolServerSideTranslatorPB.java:195) ~[ozone-manager-1.3.0-SNAPSHOT.jar:?]
	at org.apache.hadoop.hdds.server.OzoneProtocolMessageDispatcher.processRequest(OzoneProtocolMessageDispatcher.java:87) [hdds-server-framework-1.3.0-SNAPSHOT.jar:?]
	at org.apache.hadoop.ozone.protocolPB.OzoneManagerProtocolServerSideTranslatorPB.submitRequest(OzoneManagerProtocolServerSideTranslatorPB.java:146) [ozone-manager-1.3.0-SNAPSHOT.jar:?]
	at org.apache.hadoop.ozone.protocol.proto.OzoneManagerProtocolProtos$OzoneManagerService$2.callBlockingMethod(OzoneManagerProtocolProtos.java) [ozone-interface-client-1.3.0-SNAPSHOT.jar:?]
	at org.apache.hadoop.ipc.ProtobufRpcEngine$Server.processCall(ProtobufRpcEngine.java:466) [hadoop-common-3.3.1.jar:?]
	at org.apache.hadoop.ipc.ProtobufRpcEngine2$Server$ProtoBufRpcInvoker.call(ProtobufRpcEngine2.java:574) [hadoop-common-3.3.1.jar:?]
	at org.apache.hadoop.ipc.ProtobufRpcEngine2$Server$ProtoBufRpcInvoker.call(ProtobufRpcEngine2.java:552) [hadoop-common-3.3.1.jar:?]
	at org.apache.hadoop.ipc.RPC$Server.call(RPC.java:1093) [hadoop-common-3.3.1.jar:?]
	at org.apache.hadoop.ipc.Server$RpcCall.run(Server.java:1035) [hadoop-common-3.3.1.jar:?]
	at org.apache.hadoop.ipc.Server$RpcCall.run(Server.java:963) [hadoop-common-3.3.1.jar:?]
	at java.security.AccessController.doPrivileged(Native Method) ~[?:1.8.0_322]
	at javax.security.auth.Subject.doAs(Subject.java:422) [?:1.8.0_322]
	at org.apache.hadoop.security.UserGroupInformation.doAs(UserGroupInformation.java:1878) [hadoop-common-3.3.1.jar:?]
	at org.apache.hadoop.ipc.Server$Handler.run(Server.java:2966) [hadoop-common-3.3.1.jar:?]
2022-04-24 04:16:17,718 [IPC Server handler 6 on default port 40137] ERROR file.OMDirectoryCreateRequest (OMDirectoryCreateRequest.java:logResult(331)) - Directory creation failed. Volume:volume25603, Bucket:bucket32835, Keyd1/d2/d3/d4/key3. Exception:{}
FILE_ALREADY_EXISTS org.apache.hadoop.ozone.om.exceptions.OMException: Unable to create directory: d1/d2/d3/d4/key3 in volume/bucket: volume25603/bucket32835
	at org.apache.hadoop.ozone.om.request.file.OMDirectoryCreateRequest.validateAndUpdateCache(OMDirectoryCreateRequest.java:198)
	at org.apache.hadoop.ozone.protocolPB.OzoneManagerRequestHandler.handleWriteRequest(OzoneManagerRequestHandler.java:254)
	at org.apache.hadoop.ozone.protocolPB.OzoneManagerProtocolServerSideTranslatorPB.submitRequestDirectlyToOM(OzoneManagerProtocolServerSideTranslatorPB.java:280)
	at org.apache.hadoop.ozone.protocolPB.OzoneManagerProtocolServerSideTranslatorPB.processRequest(OzoneManagerProtocolServerSideTranslatorPB.java:195)
	at org.apache.hadoop.hdds.server.OzoneProtocolMessageDispatcher.processRequest(OzoneProtocolMessageDispatcher.java:87)
	at org.apache.hadoop.ozone.protocolPB.OzoneManagerProtocolServerSideTranslatorPB.submitRequest(OzoneManagerProtocolServerSideTranslatorPB.java:146)
	at org.apache.hadoop.ozone.protocol.proto.OzoneManagerProtocolProtos$OzoneManagerService$2.callBlockingMethod(OzoneManagerProtocolProtos.java)
	at org.apache.hadoop.ipc.ProtobufRpcEngine$Server.processCall(ProtobufRpcEngine.java:466)
	at org.apache.hadoop.ipc.ProtobufRpcEngine2$Server$ProtoBufRpcInvoker.call(ProtobufRpcEngine2.java:574)
	at org.apache.hadoop.ipc.ProtobufRpcEngine2$Server$ProtoBufRpcInvoker.call(ProtobufRpcEngine2.java:552)
	at org.apache.hadoop.ipc.RPC$Server.call(RPC.java:1093)
	at org.apache.hadoop.ipc.Server$RpcCall.run(Server.java:1035)
	at org.apache.hadoop.ipc.Server$RpcCall.run(Server.java:963)
	at java.security.AccessController.doPrivileged(Native Method)
	at javax.security.auth.Subject.doAs(Subject.java:422)
	at org.apache.hadoop.security.UserGroupInformation.doAs(UserGroupInformation.java:1878)
	at org.apache.hadoop.ipc.Server$Handler.run(Server.java:2966)
04:16:17.735 [IPC Server handler 18 on default port 40137] ERROR OMAudit - user=runner | ip=127.0.0.1 | op=CREATE_FILE {volume=volume25603, bucket=bucket32835, key=d1/d2/d3, dataSize=4194304, replicationType=RATIS, replicationFactor=THREE} | ret=FAILURE
org.apache.hadoop.ozone.om.exceptions.OMException: Can not write to directory: d1/d2/d3
	at org.apache.hadoop.ozone.om.request.file.OMFileCreateRequest.checkDirectoryResult(OMFileCreateRequest.java:367) ~[ozone-manager-1.3.0-SNAPSHOT.jar:?]
	at org.apache.hadoop.ozone.om.request.file.OMFileCreateRequest.validateAndUpdateCache(OMFileCreateRequest.java:239) ~[ozone-manager-1.3.0-SNAPSHOT.jar:?]
	at org.apache.hadoop.ozone.protocolPB.OzoneManagerRequestHandler.handleWriteRequest(OzoneManagerRequestHandler.java:254) ~[ozone-manager-1.3.0-SNAPSHOT.jar:?]
	at org.apache.hadoop.ozone.protocolPB.OzoneManagerProtocolServerSideTranslatorPB.submitRequestDirectlyToOM(OzoneManagerProtocolServerSideTranslatorPB.java:280) ~[ozone-manager-1.3.0-SNAPSHOT.jar:?]
	at org.apache.hadoop.ozone.protocolPB.OzoneManagerProtocolServerSideTranslatorPB.processRequest(OzoneManagerProtocolServerSideTranslatorPB.java:195) ~[ozone-manager-1.3.0-SNAPSHOT.jar:?]
	at org.apache.hadoop.hdds.server.OzoneProtocolMessageDispatcher.processRequest(OzoneProtocolMessageDispatcher.java:87) [hdds-server-framework-1.3.0-SNAPSHOT.jar:?]
	at org.apache.hadoop.ozone.protocolPB.OzoneManagerProtocolServerSideTranslatorPB.submitRequest(OzoneManagerProtocolServerSideTranslatorPB.java:146) [ozone-manager-1.3.0-SNAPSHOT.jar:?]
	at org.apache.hadoop.ozone.protocol.proto.OzoneManagerProtocolProtos$OzoneManagerService$2.callBlockingMethod(OzoneManagerProtocolProtos.java) [ozone-interface-client-1.3.0-SNAPSHOT.jar:?]
	at org.apache.hadoop.ipc.ProtobufRpcEngine$Server.processCall(ProtobufRpcEngine.java:466) [hadoop-common-3.3.1.jar:?]
	at org.apache.hadoop.ipc.ProtobufRpcEngine2$Server$ProtoBufRpcInvoker.call(ProtobufRpcEngine2.java:574) [hadoop-common-3.3.1.jar:?]
	at org.apache.hadoop.ipc.ProtobufRpcEngine2$Server$ProtoBufRpcInvoker.call(ProtobufRpcEngine2.java:552) [hadoop-common-3.3.1.jar:?]
	at org.apache.hadoop.ipc.RPC$Server.call(RPC.java:1093) [hadoop-common-3.3.1.jar:?]
	at org.apache.hadoop.ipc.Server$RpcCall.run(Server.java:1035) [hadoop-common-3.3.1.jar:?]
	at org.apache.hadoop.ipc.Server$RpcCall.run(Server.java:963) [hadoop-common-3.3.1.jar:?]
	at java.security.AccessController.doPrivileged(Native Method) ~[?:1.8.0_322]
	at javax.security.auth.Subject.doAs(Subject.java:422) [?:1.8.0_322]
	at org.apache.hadoop.security.UserGroupInformation.doAs(UserGroupInformation.java:1878) [hadoop-common-3.3.1.jar:?]
	at org.apache.hadoop.ipc.Server$Handler.run(Server.java:2966) [hadoop-common-3.3.1.jar:?]
2022-04-24 04:16:17,736 [IPC Server handler 18 on default port 40137] ERROR file.OMFileCreateRequest (OMFileCreateRequest.java:validateAndUpdateCache(340)) - File create failed. Volume:volume25603, Bucket:bucket32835, Keyd1/d2/d3.
NOT_A_FILE org.apache.hadoop.ozone.om.exceptions.OMException: Can not write to directory: d1/d2/d3
	at org.apache.hadoop.ozone.om.request.file.OMFileCreateRequest.checkDirectoryResult(OMFileCreateRequest.java:367)
	at org.apache.hadoop.ozone.om.request.file.OMFileCreateRequest.validateAndUpdateCache(OMFileCreateRequest.java:239)
	at org.apache.hadoop.ozone.protocolPB.OzoneManagerRequestHandler.handleWriteRequest(OzoneManagerRequestHandler.java:254)
	at org.apache.hadoop.ozone.protocolPB.OzoneManagerProtocolServerSideTranslatorPB.submitRequestDirectlyToOM(OzoneManagerProtocolServerSideTranslatorPB.java:280)
	at org.apache.hadoop.ozone.protocolPB.OzoneManagerProtocolServerSideTranslatorPB.processRequest(OzoneManagerProtocolServerSideTranslatorPB.java:195)
	at org.apache.hadoop.hdds.server.OzoneProtocolMessageDispatcher.processRequest(OzoneProtocolMessageDispatcher.java:87)
	at org.apache.hadoop.ozone.protocolPB.OzoneManagerProtocolServerSideTranslatorPB.submitRequest(OzoneManagerProtocolServerSideTranslatorPB.java:146)
	at org.apache.hadoop.ozone.protocol.proto.OzoneManagerProtocolProtos$OzoneManagerService$2.callBlockingMethod(OzoneManagerProtocolProtos.java)
	at org.apache.hadoop.ipc.ProtobufRpcEngine$Server.processCall(ProtobufRpcEngine.java:466)
	at org.apache.hadoop.ipc.ProtobufRpcEngine2$Server$ProtoBufRpcInvoker.call(ProtobufRpcEngine2.java:574)
	at org.apache.hadoop.ipc.ProtobufRpcEngine2$Server$ProtoBufRpcInvoker.call(ProtobufRpcEngine2.java:552)
	at org.apache.hadoop.ipc.RPC$Server.call(RPC.java:1093)
	at org.apache.hadoop.ipc.Server$RpcCall.run(Server.java:1035)
	at org.apache.hadoop.ipc.Server$RpcCall.run(Server.java:963)
	at java.security.AccessController.doPrivileged(Native Method)
	at javax.security.auth.Subject.doAs(Subject.java:422)
	at org.apache.hadoop.security.UserGroupInformation.doAs(UserGroupInformation.java:1878)
	at org.apache.hadoop.ipc.Server$Handler.run(Server.java:2966)
04:16:17.737 [IPC Server handler 4 on default port 40137] ERROR OMAudit - user=runner | ip=127.0.0.1 | op=GET_FILE_STATUS {volume=volume25603, bucket=bucket32835, key=d1/d2/d3/d4/key3/invalid, dataSize=0, replicationConfig=null} | ret=FAILURE
org.apache.hadoop.ozone.om.exceptions.OMException: Unable to get file status: volume: volume25603 bucket: bucket32835 key: d1/d2/d3/d4/key3/invalid
	at org.apache.hadoop.ozone.om.KeyManagerImpl.getOzoneFileStatus(KeyManagerImpl.java:1280) ~[ozone-manager-1.3.0-SNAPSHOT.jar:?]
	at org.apache.hadoop.ozone.om.KeyManagerImpl.getFileStatus(KeyManagerImpl.java:1210) ~[ozone-manager-1.3.0-SNAPSHOT.jar:?]
	at org.apache.hadoop.ozone.om.OzoneManager.getFileStatus(OzoneManager.java:3009) ~[ozone-manager-1.3.0-SNAPSHOT.jar:?]
	at org.apache.hadoop.ozone.protocolPB.OzoneManagerRequestHandler.getOzoneFileStatus(OzoneManagerRequestHandler.java:670) ~[ozone-manager-1.3.0-SNAPSHOT.jar:?]
	at org.apache.hadoop.ozone.protocolPB.OzoneManagerRequestHandler.handleReadRequest(OzoneManagerRequestHandler.java:201) ~[ozone-manager-1.3.0-SNAPSHOT.jar:?]
	at org.apache.hadoop.ozone.protocolPB.OzoneManagerProtocolServerSideTranslatorPB.submitRequestDirectlyToOM(OzoneManagerProtocolServerSideTranslatorPB.java:271) ~[ozone-manager-1.3.0-SNAPSHOT.jar:?]
	at org.apache.hadoop.ozone.protocolPB.OzoneManagerProtocolServerSideTranslatorPB.processRequest(OzoneManagerProtocolServerSideTranslatorPB.java:195) ~[ozone-manager-1.3.0-SNAPSHOT.jar:?]
	at org.apache.hadoop.hdds.server.OzoneProtocolMessageDispatcher.processRequest(OzoneProtocolMessageDispatcher.java:87) [hdds-server-framework-1.3.0-SNAPSHOT.jar:?]
	at org.apache.hadoop.ozone.protocolPB.OzoneManagerProtocolServerSideTranslatorPB.submitRequest(OzoneManagerProtocolServerSideTranslatorPB.java:146) [ozone-manager-1.3.0-SNAPSHOT.jar:?]
	at org.apache.hadoop.ozone.protocol.proto.OzoneManagerProtocolProtos$OzoneManagerService$2.callBlockingMethod(OzoneManagerProtocolProtos.java) [ozone-interface-client-1.3.0-SNAPSHOT.jar:?]
	at org.apache.hadoop.ipc.ProtobufRpcEngine$Server.processCall(ProtobufRpcEngine.java:466) [hadoop-common-3.3.1.jar:?]
	at org.apache.hadoop.ipc.ProtobufRpcEngine2$Server$ProtoBufRpcInvoker.call(ProtobufRpcEngine2.java:574) [hadoop-common-3.3.1.jar:?]
	at org.apache.hadoop.ipc.ProtobufRpcEngine2$Server$ProtoBufRpcInvoker.call(ProtobufRpcEngine2.java:552) [hadoop-common-3.3.1.jar:?]
	at org.apache.hadoop.ipc.RPC$Server.call(RPC.java:1093) [hadoop-common-3.3.1.jar:?]
	at org.apache.hadoop.ipc.Server$RpcCall.run(Server.java:1035) [hadoop-common-3.3.1.jar:?]
	at org.apache.hadoop.ipc.Server$RpcCall.run(Server.java:963) [hadoop-common-3.3.1.jar:?]
	at java.security.AccessController.doPrivileged(Native Method) ~[?:1.8.0_322]
	at javax.security.auth.Subject.doAs(Subject.java:422) [?:1.8.0_322]
	at org.apache.hadoop.security.UserGroupInformation.doAs(UserGroupInformation.java:1878) [hadoop-common-3.3.1.jar:?]
	at org.apache.hadoop.ipc.Server$Handler.run(Server.java:2966) [hadoop-common-3.3.1.jar:?]
04:16:17.738 [IPC Server handler 7 on default port 40137] ERROR OMAudit - user=runner | ip=127.0.0.1 | op=GET_FILE_STATUS {volume=volume25603, bucket=bucket32835, key=d1/d2/d3/d4/invalidkey, dataSize=0, replicationConfig=null} | ret=FAILURE
org.apache.hadoop.ozone.om.exceptions.OMException: Unable to get file status: volume: volume25603 bucket: bucket32835 key: d1/d2/d3/d4/invalidkey
	at org.apache.hadoop.ozone.om.KeyManagerImpl.getOzoneFileStatus(KeyManagerImpl.java:1280) ~[ozone-manager-1.3.0-SNAPSHOT.jar:?]
	at org.apache.hadoop.ozone.om.KeyManagerImpl.getFileStatus(KeyManagerImpl.java:1210) ~[ozone-manager-1.3.0-SNAPSHOT.jar:?]
	at org.apache.hadoop.ozone.om.OzoneManager.getFileStatus(OzoneManager.java:3009) ~[ozone-manager-1.3.0-SNAPSHOT.jar:?]
	at org.apache.hadoop.ozone.protocolPB.OzoneManagerRequestHandler.getOzoneFileStatus(OzoneManagerRequestHandler.java:670) ~[ozone-manager-1.3.0-SNAPSHOT.jar:?]
	at org.apache.hadoop.ozone.protocolPB.OzoneManagerRequestHandler.handleReadRequest(OzoneManagerRequestHandler.java:201) ~[ozone-manager-1.3.0-SNAPSHOT.jar:?]
	at org.apache.hadoop.ozone.protocolPB.OzoneManagerProtocolServerSideTranslatorPB.submitRequestDirectlyToOM(OzoneManagerProtocolServerSideTranslatorPB.java:271) ~[ozone-manager-1.3.0-SNAPSHOT.jar:?]
	at org.apache.hadoop.ozone.protocolPB.OzoneManagerProtocolServerSideTranslatorPB.processRequest(OzoneManagerProtocolServerSideTranslatorPB.java:195) ~[ozone-manager-1.3.0-SNAPSHOT.jar:?]
	at org.apache.hadoop.hdds.server.OzoneProtocolMessageDispatcher.processRequest(OzoneProtocolMessageDispatcher.java:87) [hdds-server-framework-1.3.0-SNAPSHOT.jar:?]
	at org.apache.hadoop.ozone.protocolPB.OzoneManagerProtocolServerSideTranslatorPB.submitRequest(OzoneManagerProtocolServerSideTranslatorPB.java:146) [ozone-manager-1.3.0-SNAPSHOT.jar:?]
	at org.apache.hadoop.ozone.protocol.proto.OzoneManagerProtocolProtos$OzoneManagerService$2.callBlockingMethod(OzoneManagerProtocolProtos.java) [ozone-interface-client-1.3.0-SNAPSHOT.jar:?]
	at org.apache.hadoop.ipc.ProtobufRpcEngine$Server.processCall(ProtobufRpcEngine.java:466) [hadoop-common-3.3.1.jar:?]
	at org.apache.hadoop.ipc.ProtobufRpcEngine2$Server$ProtoBufRpcInvoker.call(ProtobufRpcEngine2.java:574) [hadoop-common-3.3.1.jar:?]
	at org.apache.hadoop.ipc.ProtobufRpcEngine2$Server$ProtoBufRpcInvoker.call(ProtobufRpcEngine2.java:552) [hadoop-common-3.3.1.jar:?]
	at org.apache.hadoop.ipc.RPC$Server.call(RPC.java:1093) [hadoop-common-3.3.1.jar:?]
	at org.apache.hadoop.ipc.Server$RpcCall.run(Server.java:1035) [hadoop-common-3.3.1.jar:?]
	at org.apache.hadoop.ipc.Server$RpcCall.run(Server.java:963) [hadoop-common-3.3.1.jar:?]
	at java.security.AccessController.doPrivileged(Native Method) ~[?:1.8.0_322]
	at javax.security.auth.Subject.doAs(Subject.java:422) [?:1.8.0_322]
	at org.apache.hadoop.security.UserGroupInformation.doAs(UserGroupInformation.java:1878) [hadoop-common-3.3.1.jar:?]
	at org.apache.hadoop.ipc.Server$Handler.run(Server.java:2966) [hadoop-common-3.3.1.jar:?]
]]></system-out>
  </testcase>
  <testcase name="testCreateFileShouldCheckExistenceOfDirWithSameName" classname="TestOzoneFileSystem" time="0.058">
    <system-out><![CDATA[04:17:14.978 [OM StateMachine ApplyTransaction Thread - 0] ERROR OMAudit - user=runner | ip=127.0.0.1 | op=CREATE_FILE {volume=volume21477, bucket=bucket24700, key=d1/d2/d3/d4/key2, dataSize=4194304, replicationType=RATIS, replicationFactor=THREE} | ret=FAILURE
org.apache.hadoop.ozone.om.exceptions.OMException: Can not write to directory: d1/d2/d3/d4/key2
	at org.apache.hadoop.ozone.om.request.file.OMFileCreateRequest.checkDirectoryResult(OMFileCreateRequest.java:367) ~[ozone-manager-1.3.0-SNAPSHOT.jar:?]
	at org.apache.hadoop.ozone.om.request.file.OMFileCreateRequest.validateAndUpdateCache(OMFileCreateRequest.java:239) ~[ozone-manager-1.3.0-SNAPSHOT.jar:?]
	at org.apache.hadoop.ozone.protocolPB.OzoneManagerRequestHandler.handleWriteRequest(OzoneManagerRequestHandler.java:254) ~[ozone-manager-1.3.0-SNAPSHOT.jar:?]
	at org.apache.hadoop.ozone.om.ratis.OzoneManagerStateMachine.runCommand(OzoneManagerStateMachine.java:514) ~[ozone-manager-1.3.0-SNAPSHOT.jar:?]
	at org.apache.hadoop.ozone.om.ratis.OzoneManagerStateMachine.lambda$2(OzoneManagerStateMachine.java:317) ~[ozone-manager-1.3.0-SNAPSHOT.jar:?]
	at java.util.concurrent.CompletableFuture$AsyncSupply.run(CompletableFuture.java:1604) [?:1.8.0_322]
	at java.util.concurrent.ThreadPoolExecutor.runWorker(ThreadPoolExecutor.java:1149) [?:1.8.0_322]
	at java.util.concurrent.ThreadPoolExecutor$Worker.run(ThreadPoolExecutor.java:624) [?:1.8.0_322]
	at java.lang.Thread.run(Thread.java:750) [?:1.8.0_322]
2022-04-24 04:17:14,978 [OM StateMachine ApplyTransaction Thread - 0] ERROR file.OMFileCreateRequest (OMFileCreateRequest.java:validateAndUpdateCache(340)) - File create failed. Volume:volume21477, Bucket:bucket24700, Keyd1/d2/d3/d4/key2.
NOT_A_FILE org.apache.hadoop.ozone.om.exceptions.OMException: Can not write to directory: d1/d2/d3/d4/key2
	at org.apache.hadoop.ozone.om.request.file.OMFileCreateRequest.checkDirectoryResult(OMFileCreateRequest.java:367)
	at org.apache.hadoop.ozone.om.request.file.OMFileCreateRequest.validateAndUpdateCache(OMFileCreateRequest.java:239)
	at org.apache.hadoop.ozone.protocolPB.OzoneManagerRequestHandler.handleWriteRequest(OzoneManagerRequestHandler.java:254)
	at org.apache.hadoop.ozone.om.ratis.OzoneManagerStateMachine.runCommand(OzoneManagerStateMachine.java:514)
	at org.apache.hadoop.ozone.om.ratis.OzoneManagerStateMachine.lambda$2(OzoneManagerStateMachine.java:317)
	at java.util.concurrent.CompletableFuture$AsyncSupply.run(CompletableFuture.java:1604)
	at java.util.concurrent.ThreadPoolExecutor.runWorker(ThreadPoolExecutor.java:1149)
	at java.util.concurrent.ThreadPoolExecutor$Worker.run(ThreadPoolExecutor.java:624)
	at java.lang.Thread.run(Thread.java:750)
04:17:14.984 [OM StateMachine ApplyTransaction Thread - 0] ERROR OMAudit - user=runner | ip=127.0.0.1 | op=CREATE_DIRECTORY {volume=volume21477, bucket=bucket24700, key=d1/d2/d3/d4/key3, dataSize=0, replicationType=NONE, replicationFactor=ZERO} | ret=FAILURE
org.apache.hadoop.ozone.om.exceptions.OMException: Unable to create directory: d1/d2/d3/d4/key3 in volume/bucket: volume21477/bucket24700
	at org.apache.hadoop.ozone.om.request.file.OMDirectoryCreateRequest.validateAndUpdateCache(OMDirectoryCreateRequest.java:198) ~[ozone-manager-1.3.0-SNAPSHOT.jar:?]
	at org.apache.hadoop.ozone.protocolPB.OzoneManagerRequestHandler.handleWriteRequest(OzoneManagerRequestHandler.java:254) ~[ozone-manager-1.3.0-SNAPSHOT.jar:?]
	at org.apache.hadoop.ozone.om.ratis.OzoneManagerStateMachine.runCommand(OzoneManagerStateMachine.java:514) ~[ozone-manager-1.3.0-SNAPSHOT.jar:?]
	at org.apache.hadoop.ozone.om.ratis.OzoneManagerStateMachine.lambda$2(OzoneManagerStateMachine.java:317) ~[ozone-manager-1.3.0-SNAPSHOT.jar:?]
	at java.util.concurrent.CompletableFuture$AsyncSupply.run(CompletableFuture.java:1604) [?:1.8.0_322]
	at java.util.concurrent.ThreadPoolExecutor.runWorker(ThreadPoolExecutor.java:1149) [?:1.8.0_322]
	at java.util.concurrent.ThreadPoolExecutor$Worker.run(ThreadPoolExecutor.java:624) [?:1.8.0_322]
	at java.lang.Thread.run(Thread.java:750) [?:1.8.0_322]
2022-04-24 04:17:14,984 [OM StateMachine ApplyTransaction Thread - 0] ERROR file.OMDirectoryCreateRequest (OMDirectoryCreateRequest.java:logResult(331)) - Directory creation failed. Volume:volume21477, Bucket:bucket24700, Keyd1/d2/d3/d4/key3. Exception:{}
FILE_ALREADY_EXISTS org.apache.hadoop.ozone.om.exceptions.OMException: Unable to create directory: d1/d2/d3/d4/key3 in volume/bucket: volume21477/bucket24700
	at org.apache.hadoop.ozone.om.request.file.OMDirectoryCreateRequest.validateAndUpdateCache(OMDirectoryCreateRequest.java:198)
	at org.apache.hadoop.ozone.protocolPB.OzoneManagerRequestHandler.handleWriteRequest(OzoneManagerRequestHandler.java:254)
	at org.apache.hadoop.ozone.om.ratis.OzoneManagerStateMachine.runCommand(OzoneManagerStateMachine.java:514)
	at org.apache.hadoop.ozone.om.ratis.OzoneManagerStateMachine.lambda$2(OzoneManagerStateMachine.java:317)
	at java.util.concurrent.CompletableFuture$AsyncSupply.run(CompletableFuture.java:1604)
	at java.util.concurrent.ThreadPoolExecutor.runWorker(ThreadPoolExecutor.java:1149)
	at java.util.concurrent.ThreadPoolExecutor$Worker.run(ThreadPoolExecutor.java:624)
	at java.lang.Thread.run(Thread.java:750)
04:17:14.990 [OM StateMachine ApplyTransaction Thread - 0] ERROR OMAudit - user=runner | ip=127.0.0.1 | op=CREATE_FILE {volume=volume21477, bucket=bucket24700, key=d1/d2/d3, dataSize=4194304, replicationType=RATIS, replicationFactor=THREE} | ret=FAILURE
org.apache.hadoop.ozone.om.exceptions.OMException: Can not write to directory: d1/d2/d3
	at org.apache.hadoop.ozone.om.request.file.OMFileCreateRequest.checkDirectoryResult(OMFileCreateRequest.java:367) ~[ozone-manager-1.3.0-SNAPSHOT.jar:?]
	at org.apache.hadoop.ozone.om.request.file.OMFileCreateRequest.validateAndUpdateCache(OMFileCreateRequest.java:239) ~[ozone-manager-1.3.0-SNAPSHOT.jar:?]
	at org.apache.hadoop.ozone.protocolPB.OzoneManagerRequestHandler.handleWriteRequest(OzoneManagerRequestHandler.java:254) ~[ozone-manager-1.3.0-SNAPSHOT.jar:?]
	at org.apache.hadoop.ozone.om.ratis.OzoneManagerStateMachine.runCommand(OzoneManagerStateMachine.java:514) ~[ozone-manager-1.3.0-SNAPSHOT.jar:?]
	at org.apache.hadoop.ozone.om.ratis.OzoneManagerStateMachine.lambda$2(OzoneManagerStateMachine.java:317) ~[ozone-manager-1.3.0-SNAPSHOT.jar:?]
	at java.util.concurrent.CompletableFuture$AsyncSupply.run(CompletableFuture.java:1604) [?:1.8.0_322]
	at java.util.concurrent.ThreadPoolExecutor.runWorker(ThreadPoolExecutor.java:1149) [?:1.8.0_322]
	at java.util.concurrent.ThreadPoolExecutor$Worker.run(ThreadPoolExecutor.java:624) [?:1.8.0_322]
	at java.lang.Thread.run(Thread.java:750) [?:1.8.0_322]
2022-04-24 04:17:14,990 [OM StateMachine ApplyTransaction Thread - 0] ERROR file.OMFileCreateRequest (OMFileCreateRequest.java:validateAndUpdateCache(340)) - File create failed. Volume:volume21477, Bucket:bucket24700, Keyd1/d2/d3.
NOT_A_FILE org.apache.hadoop.ozone.om.exceptions.OMException: Can not write to directory: d1/d2/d3
	at org.apache.hadoop.ozone.om.request.file.OMFileCreateRequest.checkDirectoryResult(OMFileCreateRequest.java:367)
	at org.apache.hadoop.ozone.om.request.file.OMFileCreateRequest.validateAndUpdateCache(OMFileCreateRequest.java:239)
	at org.apache.hadoop.ozone.protocolPB.OzoneManagerRequestHandler.handleWriteRequest(OzoneManagerRequestHandler.java:254)
	at org.apache.hadoop.ozone.om.ratis.OzoneManagerStateMachine.runCommand(OzoneManagerStateMachine.java:514)
	at org.apache.hadoop.ozone.om.ratis.OzoneManagerStateMachine.lambda$2(OzoneManagerStateMachine.java:317)
	at java.util.concurrent.CompletableFuture$AsyncSupply.run(CompletableFuture.java:1604)
	at java.util.concurrent.ThreadPoolExecutor.runWorker(ThreadPoolExecutor.java:1149)
	at java.util.concurrent.ThreadPoolExecutor$Worker.run(ThreadPoolExecutor.java:624)
	at java.lang.Thread.run(Thread.java:750)
04:17:14.991 [IPC Server handler 16 on default port 45981] ERROR OMAudit - user=runner | ip=127.0.0.1 | op=GET_FILE_STATUS {volume=volume21477, bucket=bucket24700, key=d1/d2/d3/d4/key3/invalid, dataSize=0, replicationConfig=null} | ret=FAILURE
org.apache.hadoop.ozone.om.exceptions.OMException: Unable to get file status: volume: volume21477 bucket: bucket24700 key: d1/d2/d3/d4/key3/invalid
	at org.apache.hadoop.ozone.om.KeyManagerImpl.getOzoneFileStatus(KeyManagerImpl.java:1280) ~[ozone-manager-1.3.0-SNAPSHOT.jar:?]
	at org.apache.hadoop.ozone.om.KeyManagerImpl.getFileStatus(KeyManagerImpl.java:1210) ~[ozone-manager-1.3.0-SNAPSHOT.jar:?]
	at org.apache.hadoop.ozone.om.OzoneManager.getFileStatus(OzoneManager.java:3009) ~[ozone-manager-1.3.0-SNAPSHOT.jar:?]
	at org.apache.hadoop.ozone.protocolPB.OzoneManagerRequestHandler.getOzoneFileStatus(OzoneManagerRequestHandler.java:670) ~[ozone-manager-1.3.0-SNAPSHOT.jar:?]
	at org.apache.hadoop.ozone.protocolPB.OzoneManagerRequestHandler.handleReadRequest(OzoneManagerRequestHandler.java:201) ~[ozone-manager-1.3.0-SNAPSHOT.jar:?]
	at org.apache.hadoop.ozone.protocolPB.OzoneManagerProtocolServerSideTranslatorPB.submitReadRequestToOM(OzoneManagerProtocolServerSideTranslatorPB.java:213) ~[ozone-manager-1.3.0-SNAPSHOT.jar:?]
	at org.apache.hadoop.ozone.protocolPB.OzoneManagerProtocolServerSideTranslatorPB.processRequest(OzoneManagerProtocolServerSideTranslatorPB.java:174) ~[ozone-manager-1.3.0-SNAPSHOT.jar:?]
	at org.apache.hadoop.hdds.server.OzoneProtocolMessageDispatcher.processRequest(OzoneProtocolMessageDispatcher.java:87) [hdds-server-framework-1.3.0-SNAPSHOT.jar:?]
	at org.apache.hadoop.ozone.protocolPB.OzoneManagerProtocolServerSideTranslatorPB.submitRequest(OzoneManagerProtocolServerSideTranslatorPB.java:146) [ozone-manager-1.3.0-SNAPSHOT.jar:?]
	at org.apache.hadoop.ozone.protocol.proto.OzoneManagerProtocolProtos$OzoneManagerService$2.callBlockingMethod(OzoneManagerProtocolProtos.java) [ozone-interface-client-1.3.0-SNAPSHOT.jar:?]
	at org.apache.hadoop.ipc.ProtobufRpcEngine$Server.processCall(ProtobufRpcEngine.java:466) [hadoop-common-3.3.1.jar:?]
	at org.apache.hadoop.ipc.ProtobufRpcEngine2$Server$ProtoBufRpcInvoker.call(ProtobufRpcEngine2.java:574) [hadoop-common-3.3.1.jar:?]
	at org.apache.hadoop.ipc.ProtobufRpcEngine2$Server$ProtoBufRpcInvoker.call(ProtobufRpcEngine2.java:552) [hadoop-common-3.3.1.jar:?]
	at org.apache.hadoop.ipc.RPC$Server.call(RPC.java:1093) [hadoop-common-3.3.1.jar:?]
	at org.apache.hadoop.ipc.Server$RpcCall.run(Server.java:1035) [hadoop-common-3.3.1.jar:?]
	at org.apache.hadoop.ipc.Server$RpcCall.run(Server.java:963) [hadoop-common-3.3.1.jar:?]
	at java.security.AccessController.doPrivileged(Native Method) ~[?:1.8.0_322]
	at javax.security.auth.Subject.doAs(Subject.java:422) [?:1.8.0_322]
	at org.apache.hadoop.security.UserGroupInformation.doAs(UserGroupInformation.java:1878) [hadoop-common-3.3.1.jar:?]
	at org.apache.hadoop.ipc.Server$Handler.run(Server.java:2966) [hadoop-common-3.3.1.jar:?]
04:17:14.992 [IPC Server handler 17 on default port 45981] ERROR OMAudit - user=runner | ip=127.0.0.1 | op=GET_FILE_STATUS {volume=volume21477, bucket=bucket24700, key=d1/d2/d3/d4/invalidkey, dataSize=0, replicationConfig=null} | ret=FAILURE
org.apache.hadoop.ozone.om.exceptions.OMException: Unable to get file status: volume: volume21477 bucket: bucket24700 key: d1/d2/d3/d4/invalidkey
	at org.apache.hadoop.ozone.om.KeyManagerImpl.getOzoneFileStatus(KeyManagerImpl.java:1280) ~[ozone-manager-1.3.0-SNAPSHOT.jar:?]
	at org.apache.hadoop.ozone.om.KeyManagerImpl.getFileStatus(KeyManagerImpl.java:1210) ~[ozone-manager-1.3.0-SNAPSHOT.jar:?]
	at org.apache.hadoop.ozone.om.OzoneManager.getFileStatus(OzoneManager.java:3009) ~[ozone-manager-1.3.0-SNAPSHOT.jar:?]
	at org.apache.hadoop.ozone.protocolPB.OzoneManagerRequestHandler.getOzoneFileStatus(OzoneManagerRequestHandler.java:670) ~[ozone-manager-1.3.0-SNAPSHOT.jar:?]
	at org.apache.hadoop.ozone.protocolPB.OzoneManagerRequestHandler.handleReadRequest(OzoneManagerRequestHandler.java:201) ~[ozone-manager-1.3.0-SNAPSHOT.jar:?]
	at org.apache.hadoop.ozone.protocolPB.OzoneManagerProtocolServerSideTranslatorPB.submitReadRequestToOM(OzoneManagerProtocolServerSideTranslatorPB.java:213) ~[ozone-manager-1.3.0-SNAPSHOT.jar:?]
	at org.apache.hadoop.ozone.protocolPB.OzoneManagerProtocolServerSideTranslatorPB.processRequest(OzoneManagerProtocolServerSideTranslatorPB.java:174) ~[ozone-manager-1.3.0-SNAPSHOT.jar:?]
	at org.apache.hadoop.hdds.server.OzoneProtocolMessageDispatcher.processRequest(OzoneProtocolMessageDispatcher.java:87) [hdds-server-framework-1.3.0-SNAPSHOT.jar:?]
	at org.apache.hadoop.ozone.protocolPB.OzoneManagerProtocolServerSideTranslatorPB.submitRequest(OzoneManagerProtocolServerSideTranslatorPB.java:146) [ozone-manager-1.3.0-SNAPSHOT.jar:?]
	at org.apache.hadoop.ozone.protocol.proto.OzoneManagerProtocolProtos$OzoneManagerService$2.callBlockingMethod(OzoneManagerProtocolProtos.java) [ozone-interface-client-1.3.0-SNAPSHOT.jar:?]
	at org.apache.hadoop.ipc.ProtobufRpcEngine$Server.processCall(ProtobufRpcEngine.java:466) [hadoop-common-3.3.1.jar:?]
	at org.apache.hadoop.ipc.ProtobufRpcEngine2$Server$ProtoBufRpcInvoker.call(ProtobufRpcEngine2.java:574) [hadoop-common-3.3.1.jar:?]
	at org.apache.hadoop.ipc.ProtobufRpcEngine2$Server$ProtoBufRpcInvoker.call(ProtobufRpcEngine2.java:552) [hadoop-common-3.3.1.jar:?]
	at org.apache.hadoop.ipc.RPC$Server.call(RPC.java:1093) [hadoop-common-3.3.1.jar:?]
	at org.apache.hadoop.ipc.Server$RpcCall.run(Server.java:1035) [hadoop-common-3.3.1.jar:?]
	at org.apache.hadoop.ipc.Server$RpcCall.run(Server.java:963) [hadoop-common-3.3.1.jar:?]
	at java.security.AccessController.doPrivileged(Native Method) ~[?:1.8.0_322]
	at javax.security.auth.Subject.doAs(Subject.java:422) [?:1.8.0_322]
	at org.apache.hadoop.security.UserGroupInformation.doAs(UserGroupInformation.java:1878) [hadoop-common-3.3.1.jar:?]
	at org.apache.hadoop.ipc.Server$Handler.run(Server.java:2966) [hadoop-common-3.3.1.jar:?]
]]></system-out>
  </testcase>
  <testcase name="testCreateFileShouldCheckExistenceOfDirWithSameName" classname="TestOzoneFileSystem" time="0.035">
    <system-out><![CDATA[04:18:27.335 [IPC Server handler 8 on default port 37371] ERROR OMAudit - user=runner | ip=127.0.0.1 | op=CREATE_FILE {volume=volume22323, bucket=bucket47719, key=d1/d2/d3/d4/key2, dataSize=4194304, replicationType=RATIS, replicationFactor=THREE} | ret=FAILURE
org.apache.hadoop.ozone.om.exceptions.OMException: Can not write to directory: d1/d2/d3/d4/key2
	at org.apache.hadoop.ozone.om.request.file.OMFileCreateRequest.checkDirectoryResult(OMFileCreateRequest.java:367) ~[ozone-manager-1.3.0-SNAPSHOT.jar:?]
	at org.apache.hadoop.ozone.om.request.file.OMFileCreateRequest.validateAndUpdateCache(OMFileCreateRequest.java:239) ~[ozone-manager-1.3.0-SNAPSHOT.jar:?]
	at org.apache.hadoop.ozone.protocolPB.OzoneManagerRequestHandler.handleWriteRequest(OzoneManagerRequestHandler.java:254) ~[ozone-manager-1.3.0-SNAPSHOT.jar:?]
	at org.apache.hadoop.ozone.protocolPB.OzoneManagerProtocolServerSideTranslatorPB.submitRequestDirectlyToOM(OzoneManagerProtocolServerSideTranslatorPB.java:280) ~[ozone-manager-1.3.0-SNAPSHOT.jar:?]
	at org.apache.hadoop.ozone.protocolPB.OzoneManagerProtocolServerSideTranslatorPB.processRequest(OzoneManagerProtocolServerSideTranslatorPB.java:195) ~[ozone-manager-1.3.0-SNAPSHOT.jar:?]
	at org.apache.hadoop.hdds.server.OzoneProtocolMessageDispatcher.processRequest(OzoneProtocolMessageDispatcher.java:87) [hdds-server-framework-1.3.0-SNAPSHOT.jar:?]
	at org.apache.hadoop.ozone.protocolPB.OzoneManagerProtocolServerSideTranslatorPB.submitRequest(OzoneManagerProtocolServerSideTranslatorPB.java:146) [ozone-manager-1.3.0-SNAPSHOT.jar:?]
	at org.apache.hadoop.ozone.protocol.proto.OzoneManagerProtocolProtos$OzoneManagerService$2.callBlockingMethod(OzoneManagerProtocolProtos.java) [ozone-interface-client-1.3.0-SNAPSHOT.jar:?]
	at org.apache.hadoop.ipc.ProtobufRpcEngine$Server.processCall(ProtobufRpcEngine.java:466) [hadoop-common-3.3.1.jar:?]
	at org.apache.hadoop.ipc.ProtobufRpcEngine2$Server$ProtoBufRpcInvoker.call(ProtobufRpcEngine2.java:574) [hadoop-common-3.3.1.jar:?]
	at org.apache.hadoop.ipc.ProtobufRpcEngine2$Server$ProtoBufRpcInvoker.call(ProtobufRpcEngine2.java:552) [hadoop-common-3.3.1.jar:?]
	at org.apache.hadoop.ipc.RPC$Server.call(RPC.java:1093) [hadoop-common-3.3.1.jar:?]
	at org.apache.hadoop.ipc.Server$RpcCall.run(Server.java:1035) [hadoop-common-3.3.1.jar:?]
	at org.apache.hadoop.ipc.Server$RpcCall.run(Server.java:963) [hadoop-common-3.3.1.jar:?]
	at java.security.AccessController.doPrivileged(Native Method) ~[?:1.8.0_322]
	at javax.security.auth.Subject.doAs(Subject.java:422) [?:1.8.0_322]
	at org.apache.hadoop.security.UserGroupInformation.doAs(UserGroupInformation.java:1878) [hadoop-common-3.3.1.jar:?]
	at org.apache.hadoop.ipc.Server$Handler.run(Server.java:2966) [hadoop-common-3.3.1.jar:?]
2022-04-24 04:18:27,335 [IPC Server handler 8 on default port 37371] ERROR file.OMFileCreateRequest (OMFileCreateRequest.java:validateAndUpdateCache(340)) - File create failed. Volume:volume22323, Bucket:bucket47719, Keyd1/d2/d3/d4/key2.
NOT_A_FILE org.apache.hadoop.ozone.om.exceptions.OMException: Can not write to directory: d1/d2/d3/d4/key2
	at org.apache.hadoop.ozone.om.request.file.OMFileCreateRequest.checkDirectoryResult(OMFileCreateRequest.java:367)
	at org.apache.hadoop.ozone.om.request.file.OMFileCreateRequest.validateAndUpdateCache(OMFileCreateRequest.java:239)
	at org.apache.hadoop.ozone.protocolPB.OzoneManagerRequestHandler.handleWriteRequest(OzoneManagerRequestHandler.java:254)
	at org.apache.hadoop.ozone.protocolPB.OzoneManagerProtocolServerSideTranslatorPB.submitRequestDirectlyToOM(OzoneManagerProtocolServerSideTranslatorPB.java:280)
	at org.apache.hadoop.ozone.protocolPB.OzoneManagerProtocolServerSideTranslatorPB.processRequest(OzoneManagerProtocolServerSideTranslatorPB.java:195)
	at org.apache.hadoop.hdds.server.OzoneProtocolMessageDispatcher.processRequest(OzoneProtocolMessageDispatcher.java:87)
	at org.apache.hadoop.ozone.protocolPB.OzoneManagerProtocolServerSideTranslatorPB.submitRequest(OzoneManagerProtocolServerSideTranslatorPB.java:146)
	at org.apache.hadoop.ozone.protocol.proto.OzoneManagerProtocolProtos$OzoneManagerService$2.callBlockingMethod(OzoneManagerProtocolProtos.java)
	at org.apache.hadoop.ipc.ProtobufRpcEngine$Server.processCall(ProtobufRpcEngine.java:466)
	at org.apache.hadoop.ipc.ProtobufRpcEngine2$Server$ProtoBufRpcInvoker.call(ProtobufRpcEngine2.java:574)
	at org.apache.hadoop.ipc.ProtobufRpcEngine2$Server$ProtoBufRpcInvoker.call(ProtobufRpcEngine2.java:552)
	at org.apache.hadoop.ipc.RPC$Server.call(RPC.java:1093)
	at org.apache.hadoop.ipc.Server$RpcCall.run(Server.java:1035)
	at org.apache.hadoop.ipc.Server$RpcCall.run(Server.java:963)
	at java.security.AccessController.doPrivileged(Native Method)
	at javax.security.auth.Subject.doAs(Subject.java:422)
	at org.apache.hadoop.security.UserGroupInformation.doAs(UserGroupInformation.java:1878)
	at org.apache.hadoop.ipc.Server$Handler.run(Server.java:2966)
04:18:27.341 [IPC Server handler 12 on default port 37371] ERROR OMAudit - user=runner | ip=127.0.0.1 | op=CREATE_DIRECTORY {volume=volume22323, bucket=bucket47719, key=d1/d2/d3/d4/key3, dataSize=0, replicationType=NONE, replicationFactor=ZERO} | ret=FAILURE
org.apache.hadoop.ozone.om.exceptions.OMException: Unable to create directory: d1/d2/d3/d4/key3 in volume/bucket: volume22323/bucket47719
	at org.apache.hadoop.ozone.om.request.file.OMDirectoryCreateRequest.validateAndUpdateCache(OMDirectoryCreateRequest.java:198) ~[ozone-manager-1.3.0-SNAPSHOT.jar:?]
	at org.apache.hadoop.ozone.protocolPB.OzoneManagerRequestHandler.handleWriteRequest(OzoneManagerRequestHandler.java:254) ~[ozone-manager-1.3.0-SNAPSHOT.jar:?]
	at org.apache.hadoop.ozone.protocolPB.OzoneManagerProtocolServerSideTranslatorPB.submitRequestDirectlyToOM(OzoneManagerProtocolServerSideTranslatorPB.java:280) ~[ozone-manager-1.3.0-SNAPSHOT.jar:?]
	at org.apache.hadoop.ozone.protocolPB.OzoneManagerProtocolServerSideTranslatorPB.processRequest(OzoneManagerProtocolServerSideTranslatorPB.java:195) ~[ozone-manager-1.3.0-SNAPSHOT.jar:?]
	at org.apache.hadoop.hdds.server.OzoneProtocolMessageDispatcher.processRequest(OzoneProtocolMessageDispatcher.java:87) [hdds-server-framework-1.3.0-SNAPSHOT.jar:?]
	at org.apache.hadoop.ozone.protocolPB.OzoneManagerProtocolServerSideTranslatorPB.submitRequest(OzoneManagerProtocolServerSideTranslatorPB.java:146) [ozone-manager-1.3.0-SNAPSHOT.jar:?]
	at org.apache.hadoop.ozone.protocol.proto.OzoneManagerProtocolProtos$OzoneManagerService$2.callBlockingMethod(OzoneManagerProtocolProtos.java) [ozone-interface-client-1.3.0-SNAPSHOT.jar:?]
	at org.apache.hadoop.ipc.ProtobufRpcEngine$Server.processCall(ProtobufRpcEngine.java:466) [hadoop-common-3.3.1.jar:?]
	at org.apache.hadoop.ipc.ProtobufRpcEngine2$Server$ProtoBufRpcInvoker.call(ProtobufRpcEngine2.java:574) [hadoop-common-3.3.1.jar:?]
	at org.apache.hadoop.ipc.ProtobufRpcEngine2$Server$ProtoBufRpcInvoker.call(ProtobufRpcEngine2.java:552) [hadoop-common-3.3.1.jar:?]
	at org.apache.hadoop.ipc.RPC$Server.call(RPC.java:1093) [hadoop-common-3.3.1.jar:?]
	at org.apache.hadoop.ipc.Server$RpcCall.run(Server.java:1035) [hadoop-common-3.3.1.jar:?]
	at org.apache.hadoop.ipc.Server$RpcCall.run(Server.java:963) [hadoop-common-3.3.1.jar:?]
	at java.security.AccessController.doPrivileged(Native Method) ~[?:1.8.0_322]
	at javax.security.auth.Subject.doAs(Subject.java:422) [?:1.8.0_322]
	at org.apache.hadoop.security.UserGroupInformation.doAs(UserGroupInformation.java:1878) [hadoop-common-3.3.1.jar:?]
	at org.apache.hadoop.ipc.Server$Handler.run(Server.java:2966) [hadoop-common-3.3.1.jar:?]
2022-04-24 04:18:27,341 [IPC Server handler 12 on default port 37371] ERROR file.OMDirectoryCreateRequest (OMDirectoryCreateRequest.java:logResult(331)) - Directory creation failed. Volume:volume22323, Bucket:bucket47719, Keyd1/d2/d3/d4/key3. Exception:{}
FILE_ALREADY_EXISTS org.apache.hadoop.ozone.om.exceptions.OMException: Unable to create directory: d1/d2/d3/d4/key3 in volume/bucket: volume22323/bucket47719
	at org.apache.hadoop.ozone.om.request.file.OMDirectoryCreateRequest.validateAndUpdateCache(OMDirectoryCreateRequest.java:198)
	at org.apache.hadoop.ozone.protocolPB.OzoneManagerRequestHandler.handleWriteRequest(OzoneManagerRequestHandler.java:254)
	at org.apache.hadoop.ozone.protocolPB.OzoneManagerProtocolServerSideTranslatorPB.submitRequestDirectlyToOM(OzoneManagerProtocolServerSideTranslatorPB.java:280)
	at org.apache.hadoop.ozone.protocolPB.OzoneManagerProtocolServerSideTranslatorPB.processRequest(OzoneManagerProtocolServerSideTranslatorPB.java:195)
	at org.apache.hadoop.hdds.server.OzoneProtocolMessageDispatcher.processRequest(OzoneProtocolMessageDispatcher.java:87)
	at org.apache.hadoop.ozone.protocolPB.OzoneManagerProtocolServerSideTranslatorPB.submitRequest(OzoneManagerProtocolServerSideTranslatorPB.java:146)
	at org.apache.hadoop.ozone.protocol.proto.OzoneManagerProtocolProtos$OzoneManagerService$2.callBlockingMethod(OzoneManagerProtocolProtos.java)
	at org.apache.hadoop.ipc.ProtobufRpcEngine$Server.processCall(ProtobufRpcEngine.java:466)
	at org.apache.hadoop.ipc.ProtobufRpcEngine2$Server$ProtoBufRpcInvoker.call(ProtobufRpcEngine2.java:574)
	at org.apache.hadoop.ipc.ProtobufRpcEngine2$Server$ProtoBufRpcInvoker.call(ProtobufRpcEngine2.java:552)
	at org.apache.hadoop.ipc.RPC$Server.call(RPC.java:1093)
	at org.apache.hadoop.ipc.Server$RpcCall.run(Server.java:1035)
	at org.apache.hadoop.ipc.Server$RpcCall.run(Server.java:963)
	at java.security.AccessController.doPrivileged(Native Method)
	at javax.security.auth.Subject.doAs(Subject.java:422)
	at org.apache.hadoop.security.UserGroupInformation.doAs(UserGroupInformation.java:1878)
	at org.apache.hadoop.ipc.Server$Handler.run(Server.java:2966)
04:18:27.343 [IPC Server handler 13 on default port 37371] ERROR OMAudit - user=runner | ip=127.0.0.1 | op=CREATE_FILE {volume=volume22323, bucket=bucket47719, key=d1/d2/d3, dataSize=4194304, replicationType=RATIS, replicationFactor=THREE} | ret=FAILURE
org.apache.hadoop.ozone.om.exceptions.OMException: Can not write to directory: d1/d2/d3
	at org.apache.hadoop.ozone.om.request.file.OMFileCreateRequest.checkDirectoryResult(OMFileCreateRequest.java:367) ~[ozone-manager-1.3.0-SNAPSHOT.jar:?]
	at org.apache.hadoop.ozone.om.request.file.OMFileCreateRequest.validateAndUpdateCache(OMFileCreateRequest.java:239) ~[ozone-manager-1.3.0-SNAPSHOT.jar:?]
	at org.apache.hadoop.ozone.protocolPB.OzoneManagerRequestHandler.handleWriteRequest(OzoneManagerRequestHandler.java:254) ~[ozone-manager-1.3.0-SNAPSHOT.jar:?]
	at org.apache.hadoop.ozone.protocolPB.OzoneManagerProtocolServerSideTranslatorPB.submitRequestDirectlyToOM(OzoneManagerProtocolServerSideTranslatorPB.java:280) ~[ozone-manager-1.3.0-SNAPSHOT.jar:?]
	at org.apache.hadoop.ozone.protocolPB.OzoneManagerProtocolServerSideTranslatorPB.processRequest(OzoneManagerProtocolServerSideTranslatorPB.java:195) ~[ozone-manager-1.3.0-SNAPSHOT.jar:?]
	at org.apache.hadoop.hdds.server.OzoneProtocolMessageDispatcher.processRequest(OzoneProtocolMessageDispatcher.java:87) [hdds-server-framework-1.3.0-SNAPSHOT.jar:?]
	at org.apache.hadoop.ozone.protocolPB.OzoneManagerProtocolServerSideTranslatorPB.submitRequest(OzoneManagerProtocolServerSideTranslatorPB.java:146) [ozone-manager-1.3.0-SNAPSHOT.jar:?]
	at org.apache.hadoop.ozone.protocol.proto.OzoneManagerProtocolProtos$OzoneManagerService$2.callBlockingMethod(OzoneManagerProtocolProtos.java) [ozone-interface-client-1.3.0-SNAPSHOT.jar:?]
	at org.apache.hadoop.ipc.ProtobufRpcEngine$Server.processCall(ProtobufRpcEngine.java:466) [hadoop-common-3.3.1.jar:?]
	at org.apache.hadoop.ipc.ProtobufRpcEngine2$Server$ProtoBufRpcInvoker.call(ProtobufRpcEngine2.java:574) [hadoop-common-3.3.1.jar:?]
	at org.apache.hadoop.ipc.ProtobufRpcEngine2$Server$ProtoBufRpcInvoker.call(ProtobufRpcEngine2.java:552) [hadoop-common-3.3.1.jar:?]
	at org.apache.hadoop.ipc.RPC$Server.call(RPC.java:1093) [hadoop-common-3.3.1.jar:?]
	at org.apache.hadoop.ipc.Server$RpcCall.run(Server.java:1035) [hadoop-common-3.3.1.jar:?]
	at org.apache.hadoop.ipc.Server$RpcCall.run(Server.java:963) [hadoop-common-3.3.1.jar:?]
	at java.security.AccessController.doPrivileged(Native Method) ~[?:1.8.0_322]
	at javax.security.auth.Subject.doAs(Subject.java:422) [?:1.8.0_322]
	at org.apache.hadoop.security.UserGroupInformation.doAs(UserGroupInformation.java:1878) [hadoop-common-3.3.1.jar:?]
	at org.apache.hadoop.ipc.Server$Handler.run(Server.java:2966) [hadoop-common-3.3.1.jar:?]
2022-04-24 04:18:27,343 [IPC Server handler 13 on default port 37371] ERROR file.OMFileCreateRequest (OMFileCreateRequest.java:validateAndUpdateCache(340)) - File create failed. Volume:volume22323, Bucket:bucket47719, Keyd1/d2/d3.
NOT_A_FILE org.apache.hadoop.ozone.om.exceptions.OMException: Can not write to directory: d1/d2/d3
	at org.apache.hadoop.ozone.om.request.file.OMFileCreateRequest.checkDirectoryResult(OMFileCreateRequest.java:367)
	at org.apache.hadoop.ozone.om.request.file.OMFileCreateRequest.validateAndUpdateCache(OMFileCreateRequest.java:239)
	at org.apache.hadoop.ozone.protocolPB.OzoneManagerRequestHandler.handleWriteRequest(OzoneManagerRequestHandler.java:254)
	at org.apache.hadoop.ozone.protocolPB.OzoneManagerProtocolServerSideTranslatorPB.submitRequestDirectlyToOM(OzoneManagerProtocolServerSideTranslatorPB.java:280)
	at org.apache.hadoop.ozone.protocolPB.OzoneManagerProtocolServerSideTranslatorPB.processRequest(OzoneManagerProtocolServerSideTranslatorPB.java:195)
	at org.apache.hadoop.hdds.server.OzoneProtocolMessageDispatcher.processRequest(OzoneProtocolMessageDispatcher.java:87)
	at org.apache.hadoop.ozone.protocolPB.OzoneManagerProtocolServerSideTranslatorPB.submitRequest(OzoneManagerProtocolServerSideTranslatorPB.java:146)
	at org.apache.hadoop.ozone.protocol.proto.OzoneManagerProtocolProtos$OzoneManagerService$2.callBlockingMethod(OzoneManagerProtocolProtos.java)
	at org.apache.hadoop.ipc.ProtobufRpcEngine$Server.processCall(ProtobufRpcEngine.java:466)
	at org.apache.hadoop.ipc.ProtobufRpcEngine2$Server$ProtoBufRpcInvoker.call(ProtobufRpcEngine2.java:574)
	at org.apache.hadoop.ipc.ProtobufRpcEngine2$Server$ProtoBufRpcInvoker.call(ProtobufRpcEngine2.java:552)
	at org.apache.hadoop.ipc.RPC$Server.call(RPC.java:1093)
	at org.apache.hadoop.ipc.Server$RpcCall.run(Server.java:1035)
	at org.apache.hadoop.ipc.Server$RpcCall.run(Server.java:963)
	at java.security.AccessController.doPrivileged(Native Method)
	at javax.security.auth.Subject.doAs(Subject.java:422)
	at org.apache.hadoop.security.UserGroupInformation.doAs(UserGroupInformation.java:1878)
	at org.apache.hadoop.ipc.Server$Handler.run(Server.java:2966)
04:18:27.345 [IPC Server handler 14 on default port 37371] ERROR OMAudit - user=runner | ip=127.0.0.1 | op=GET_FILE_STATUS {volume=volume22323, bucket=bucket47719, key=d1/d2/d3/d4/key3/invalid, dataSize=0, replicationConfig=null} | ret=FAILURE
org.apache.hadoop.ozone.om.exceptions.OMException: Unable to get file status: volume: volume22323 bucket: bucket47719 key: d1/d2/d3/d4/key3/invalid
	at org.apache.hadoop.ozone.om.KeyManagerImpl.getOzoneFileStatus(KeyManagerImpl.java:1280) ~[ozone-manager-1.3.0-SNAPSHOT.jar:?]
	at org.apache.hadoop.ozone.om.KeyManagerImpl.getFileStatus(KeyManagerImpl.java:1210) ~[ozone-manager-1.3.0-SNAPSHOT.jar:?]
	at org.apache.hadoop.ozone.om.OzoneManager.getFileStatus(OzoneManager.java:3009) ~[ozone-manager-1.3.0-SNAPSHOT.jar:?]
	at org.apache.hadoop.ozone.protocolPB.OzoneManagerRequestHandler.getOzoneFileStatus(OzoneManagerRequestHandler.java:670) ~[ozone-manager-1.3.0-SNAPSHOT.jar:?]
	at org.apache.hadoop.ozone.protocolPB.OzoneManagerRequestHandler.handleReadRequest(OzoneManagerRequestHandler.java:201) ~[ozone-manager-1.3.0-SNAPSHOT.jar:?]
	at org.apache.hadoop.ozone.protocolPB.OzoneManagerProtocolServerSideTranslatorPB.submitRequestDirectlyToOM(OzoneManagerProtocolServerSideTranslatorPB.java:271) ~[ozone-manager-1.3.0-SNAPSHOT.jar:?]
	at org.apache.hadoop.ozone.protocolPB.OzoneManagerProtocolServerSideTranslatorPB.processRequest(OzoneManagerProtocolServerSideTranslatorPB.java:195) ~[ozone-manager-1.3.0-SNAPSHOT.jar:?]
	at org.apache.hadoop.hdds.server.OzoneProtocolMessageDispatcher.processRequest(OzoneProtocolMessageDispatcher.java:87) [hdds-server-framework-1.3.0-SNAPSHOT.jar:?]
	at org.apache.hadoop.ozone.protocolPB.OzoneManagerProtocolServerSideTranslatorPB.submitRequest(OzoneManagerProtocolServerSideTranslatorPB.java:146) [ozone-manager-1.3.0-SNAPSHOT.jar:?]
	at org.apache.hadoop.ozone.protocol.proto.OzoneManagerProtocolProtos$OzoneManagerService$2.callBlockingMethod(OzoneManagerProtocolProtos.java) [ozone-interface-client-1.3.0-SNAPSHOT.jar:?]
	at org.apache.hadoop.ipc.ProtobufRpcEngine$Server.processCall(ProtobufRpcEngine.java:466) [hadoop-common-3.3.1.jar:?]
	at org.apache.hadoop.ipc.ProtobufRpcEngine2$Server$ProtoBufRpcInvoker.call(ProtobufRpcEngine2.java:574) [hadoop-common-3.3.1.jar:?]
	at org.apache.hadoop.ipc.ProtobufRpcEngine2$Server$ProtoBufRpcInvoker.call(ProtobufRpcEngine2.java:552) [hadoop-common-3.3.1.jar:?]
	at org.apache.hadoop.ipc.RPC$Server.call(RPC.java:1093) [hadoop-common-3.3.1.jar:?]
	at org.apache.hadoop.ipc.Server$RpcCall.run(Server.java:1035) [hadoop-common-3.3.1.jar:?]
	at org.apache.hadoop.ipc.Server$RpcCall.run(Server.java:963) [hadoop-common-3.3.1.jar:?]
	at java.security.AccessController.doPrivileged(Native Method) ~[?:1.8.0_322]
	at javax.security.auth.Subject.doAs(Subject.java:422) [?:1.8.0_322]
	at org.apache.hadoop.security.UserGroupInformation.doAs(UserGroupInformation.java:1878) [hadoop-common-3.3.1.jar:?]
	at org.apache.hadoop.ipc.Server$Handler.run(Server.java:2966) [hadoop-common-3.3.1.jar:?]
04:18:27.348 [IPC Server handler 19 on default port 37371] ERROR OMAudit - user=runner | ip=127.0.0.1 | op=GET_FILE_STATUS {volume=volume22323, bucket=bucket47719, key=d1/d2/d3/d4/invalidkey, dataSize=0, replicationConfig=null} | ret=FAILURE
org.apache.hadoop.ozone.om.exceptions.OMException: Unable to get file status: volume: volume22323 bucket: bucket47719 key: d1/d2/d3/d4/invalidkey
	at org.apache.hadoop.ozone.om.KeyManagerImpl.getOzoneFileStatus(KeyManagerImpl.java:1280) ~[ozone-manager-1.3.0-SNAPSHOT.jar:?]
	at org.apache.hadoop.ozone.om.KeyManagerImpl.getFileStatus(KeyManagerImpl.java:1210) ~[ozone-manager-1.3.0-SNAPSHOT.jar:?]
	at org.apache.hadoop.ozone.om.OzoneManager.getFileStatus(OzoneManager.java:3009) ~[ozone-manager-1.3.0-SNAPSHOT.jar:?]
	at org.apache.hadoop.ozone.protocolPB.OzoneManagerRequestHandler.getOzoneFileStatus(OzoneManagerRequestHandler.java:670) ~[ozone-manager-1.3.0-SNAPSHOT.jar:?]
	at org.apache.hadoop.ozone.protocolPB.OzoneManagerRequestHandler.handleReadRequest(OzoneManagerRequestHandler.java:201) ~[ozone-manager-1.3.0-SNAPSHOT.jar:?]
	at org.apache.hadoop.ozone.protocolPB.OzoneManagerProtocolServerSideTranslatorPB.submitRequestDirectlyToOM(OzoneManagerProtocolServerSideTranslatorPB.java:271) ~[ozone-manager-1.3.0-SNAPSHOT.jar:?]
	at org.apache.hadoop.ozone.protocolPB.OzoneManagerProtocolServerSideTranslatorPB.processRequest(OzoneManagerProtocolServerSideTranslatorPB.java:195) ~[ozone-manager-1.3.0-SNAPSHOT.jar:?]
	at org.apache.hadoop.hdds.server.OzoneProtocolMessageDispatcher.processRequest(OzoneProtocolMessageDispatcher.java:87) [hdds-server-framework-1.3.0-SNAPSHOT.jar:?]
	at org.apache.hadoop.ozone.protocolPB.OzoneManagerProtocolServerSideTranslatorPB.submitRequest(OzoneManagerProtocolServerSideTranslatorPB.java:146) [ozone-manager-1.3.0-SNAPSHOT.jar:?]
	at org.apache.hadoop.ozone.protocol.proto.OzoneManagerProtocolProtos$OzoneManagerService$2.callBlockingMethod(OzoneManagerProtocolProtos.java) [ozone-interface-client-1.3.0-SNAPSHOT.jar:?]
	at org.apache.hadoop.ipc.ProtobufRpcEngine$Server.processCall(ProtobufRpcEngine.java:466) [hadoop-common-3.3.1.jar:?]
	at org.apache.hadoop.ipc.ProtobufRpcEngine2$Server$ProtoBufRpcInvoker.call(ProtobufRpcEngine2.java:574) [hadoop-common-3.3.1.jar:?]
	at org.apache.hadoop.ipc.ProtobufRpcEngine2$Server$ProtoBufRpcInvoker.call(ProtobufRpcEngine2.java:552) [hadoop-common-3.3.1.jar:?]
	at org.apache.hadoop.ipc.RPC$Server.call(RPC.java:1093) [hadoop-common-3.3.1.jar:?]
	at org.apache.hadoop.ipc.Server$RpcCall.run(Server.java:1035) [hadoop-common-3.3.1.jar:?]
	at org.apache.hadoop.ipc.Server$RpcCall.run(Server.java:963) [hadoop-common-3.3.1.jar:?]
	at java.security.AccessController.doPrivileged(Native Method) ~[?:1.8.0_322]
	at javax.security.auth.Subject.doAs(Subject.java:422) [?:1.8.0_322]
	at org.apache.hadoop.security.UserGroupInformation.doAs(UserGroupInformation.java:1878) [hadoop-common-3.3.1.jar:?]
	at org.apache.hadoop.ipc.Server$Handler.run(Server.java:2966) [hadoop-common-3.3.1.jar:?]
]]></system-out>
  </testcase>
  <testcase name="testFileDelete" classname="TestOzoneFileSystem" time="0.256">
    <system-out><![CDATA[04:15:11.759 [IPC Server handler 0 on default port 38503] ERROR OMAudit - user=runner | ip=127.0.0.1 | op=GET_FILE_STATUS {volume=volume87548, bucket=bucket21072, key=testBatchDelete, dataSize=0, replicationConfig=null} | ret=FAILURE
org.apache.hadoop.ozone.om.exceptions.OMException: Unable to get file status: volume: volume87548 bucket: bucket21072 key: testBatchDelete
	at org.apache.hadoop.ozone.om.KeyManagerImpl.getOzoneFileStatus(KeyManagerImpl.java:1280) ~[ozone-manager-1.3.0-SNAPSHOT.jar:?]
	at org.apache.hadoop.ozone.om.KeyManagerImpl.getFileStatus(KeyManagerImpl.java:1210) ~[ozone-manager-1.3.0-SNAPSHOT.jar:?]
	at org.apache.hadoop.ozone.om.OzoneManager.getFileStatus(OzoneManager.java:3009) ~[ozone-manager-1.3.0-SNAPSHOT.jar:?]
	at org.apache.hadoop.ozone.protocolPB.OzoneManagerRequestHandler.getOzoneFileStatus(OzoneManagerRequestHandler.java:670) ~[ozone-manager-1.3.0-SNAPSHOT.jar:?]
	at org.apache.hadoop.ozone.protocolPB.OzoneManagerRequestHandler.handleReadRequest(OzoneManagerRequestHandler.java:201) ~[ozone-manager-1.3.0-SNAPSHOT.jar:?]
	at org.apache.hadoop.ozone.protocolPB.OzoneManagerProtocolServerSideTranslatorPB.submitReadRequestToOM(OzoneManagerProtocolServerSideTranslatorPB.java:213) ~[ozone-manager-1.3.0-SNAPSHOT.jar:?]
	at org.apache.hadoop.ozone.protocolPB.OzoneManagerProtocolServerSideTranslatorPB.processRequest(OzoneManagerProtocolServerSideTranslatorPB.java:174) ~[ozone-manager-1.3.0-SNAPSHOT.jar:?]
	at org.apache.hadoop.hdds.server.OzoneProtocolMessageDispatcher.processRequest(OzoneProtocolMessageDispatcher.java:87) [hdds-server-framework-1.3.0-SNAPSHOT.jar:?]
	at org.apache.hadoop.ozone.protocolPB.OzoneManagerProtocolServerSideTranslatorPB.submitRequest(OzoneManagerProtocolServerSideTranslatorPB.java:146) [ozone-manager-1.3.0-SNAPSHOT.jar:?]
	at org.apache.hadoop.ozone.protocol.proto.OzoneManagerProtocolProtos$OzoneManagerService$2.callBlockingMethod(OzoneManagerProtocolProtos.java) [ozone-interface-client-1.3.0-SNAPSHOT.jar:?]
	at org.apache.hadoop.ipc.ProtobufRpcEngine$Server.processCall(ProtobufRpcEngine.java:466) [hadoop-common-3.3.1.jar:?]
	at org.apache.hadoop.ipc.ProtobufRpcEngine2$Server$ProtoBufRpcInvoker.call(ProtobufRpcEngine2.java:574) [hadoop-common-3.3.1.jar:?]
	at org.apache.hadoop.ipc.ProtobufRpcEngine2$Server$ProtoBufRpcInvoker.call(ProtobufRpcEngine2.java:552) [hadoop-common-3.3.1.jar:?]
	at org.apache.hadoop.ipc.RPC$Server.call(RPC.java:1093) [hadoop-common-3.3.1.jar:?]
	at org.apache.hadoop.ipc.Server$RpcCall.run(Server.java:1035) [hadoop-common-3.3.1.jar:?]
	at org.apache.hadoop.ipc.Server$RpcCall.run(Server.java:963) [hadoop-common-3.3.1.jar:?]
	at java.security.AccessController.doPrivileged(Native Method) ~[?:1.8.0_322]
	at javax.security.auth.Subject.doAs(Subject.java:422) [?:1.8.0_322]
	at org.apache.hadoop.security.UserGroupInformation.doAs(UserGroupInformation.java:1878) [hadoop-common-3.3.1.jar:?]
	at org.apache.hadoop.ipc.Server$Handler.run(Server.java:2966) [hadoop-common-3.3.1.jar:?]
04:15:11.761 [IPC Server handler 7 on default port 38503] ERROR OMAudit - user=runner | ip=127.0.0.1 | op=GET_FILE_STATUS {volume=volume87548, bucket=bucket21072, key=testBatchDelete/parent/child0, dataSize=0, replicationConfig=null} | ret=FAILURE
org.apache.hadoop.ozone.om.exceptions.OMException: Unable to get file status: volume: volume87548 bucket: bucket21072 key: testBatchDelete/parent/child0
	at org.apache.hadoop.ozone.om.KeyManagerImpl.getOzoneFileStatus(KeyManagerImpl.java:1280) ~[ozone-manager-1.3.0-SNAPSHOT.jar:?]
	at org.apache.hadoop.ozone.om.KeyManagerImpl.getFileStatus(KeyManagerImpl.java:1210) ~[ozone-manager-1.3.0-SNAPSHOT.jar:?]
	at org.apache.hadoop.ozone.om.OzoneManager.getFileStatus(OzoneManager.java:3009) ~[ozone-manager-1.3.0-SNAPSHOT.jar:?]
	at org.apache.hadoop.ozone.protocolPB.OzoneManagerRequestHandler.getOzoneFileStatus(OzoneManagerRequestHandler.java:670) ~[ozone-manager-1.3.0-SNAPSHOT.jar:?]
	at org.apache.hadoop.ozone.protocolPB.OzoneManagerRequestHandler.handleReadRequest(OzoneManagerRequestHandler.java:201) ~[ozone-manager-1.3.0-SNAPSHOT.jar:?]
	at org.apache.hadoop.ozone.protocolPB.OzoneManagerProtocolServerSideTranslatorPB.submitReadRequestToOM(OzoneManagerProtocolServerSideTranslatorPB.java:213) ~[ozone-manager-1.3.0-SNAPSHOT.jar:?]
	at org.apache.hadoop.ozone.protocolPB.OzoneManagerProtocolServerSideTranslatorPB.processRequest(OzoneManagerProtocolServerSideTranslatorPB.java:174) ~[ozone-manager-1.3.0-SNAPSHOT.jar:?]
	at org.apache.hadoop.hdds.server.OzoneProtocolMessageDispatcher.processRequest(OzoneProtocolMessageDispatcher.java:87) [hdds-server-framework-1.3.0-SNAPSHOT.jar:?]
	at org.apache.hadoop.ozone.protocolPB.OzoneManagerProtocolServerSideTranslatorPB.submitRequest(OzoneManagerProtocolServerSideTranslatorPB.java:146) [ozone-manager-1.3.0-SNAPSHOT.jar:?]
	at org.apache.hadoop.ozone.protocol.proto.OzoneManagerProtocolProtos$OzoneManagerService$2.callBlockingMethod(OzoneManagerProtocolProtos.java) [ozone-interface-client-1.3.0-SNAPSHOT.jar:?]
	at org.apache.hadoop.ipc.ProtobufRpcEngine$Server.processCall(ProtobufRpcEngine.java:466) [hadoop-common-3.3.1.jar:?]
	at org.apache.hadoop.ipc.ProtobufRpcEngine2$Server$ProtoBufRpcInvoker.call(ProtobufRpcEngine2.java:574) [hadoop-common-3.3.1.jar:?]
	at org.apache.hadoop.ipc.ProtobufRpcEngine2$Server$ProtoBufRpcInvoker.call(ProtobufRpcEngine2.java:552) [hadoop-common-3.3.1.jar:?]
	at org.apache.hadoop.ipc.RPC$Server.call(RPC.java:1093) [hadoop-common-3.3.1.jar:?]
	at org.apache.hadoop.ipc.Server$RpcCall.run(Server.java:1035) [hadoop-common-3.3.1.jar:?]
	at org.apache.hadoop.ipc.Server$RpcCall.run(Server.java:963) [hadoop-common-3.3.1.jar:?]
	at java.security.AccessController.doPrivileged(Native Method) ~[?:1.8.0_322]
	at javax.security.auth.Subject.doAs(Subject.java:422) [?:1.8.0_322]
	at org.apache.hadoop.security.UserGroupInformation.doAs(UserGroupInformation.java:1878) [hadoop-common-3.3.1.jar:?]
	at org.apache.hadoop.ipc.Server$Handler.run(Server.java:2966) [hadoop-common-3.3.1.jar:?]
04:15:11.762 [IPC Server handler 5 on default port 38503] ERROR OMAudit - user=runner | ip=127.0.0.1 | op=GET_FILE_STATUS {volume=volume87548, bucket=bucket21072, key=testBatchDelete/parent/childFolder/child0, dataSize=0, replicationConfig=null} | ret=FAILURE
org.apache.hadoop.ozone.om.exceptions.OMException: Unable to get file status: volume: volume87548 bucket: bucket21072 key: testBatchDelete/parent/childFolder/child0
	at org.apache.hadoop.ozone.om.KeyManagerImpl.getOzoneFileStatus(KeyManagerImpl.java:1280) ~[ozone-manager-1.3.0-SNAPSHOT.jar:?]
	at org.apache.hadoop.ozone.om.KeyManagerImpl.getFileStatus(KeyManagerImpl.java:1210) ~[ozone-manager-1.3.0-SNAPSHOT.jar:?]
	at org.apache.hadoop.ozone.om.OzoneManager.getFileStatus(OzoneManager.java:3009) ~[ozone-manager-1.3.0-SNAPSHOT.jar:?]
	at org.apache.hadoop.ozone.protocolPB.OzoneManagerRequestHandler.getOzoneFileStatus(OzoneManagerRequestHandler.java:670) ~[ozone-manager-1.3.0-SNAPSHOT.jar:?]
	at org.apache.hadoop.ozone.protocolPB.OzoneManagerRequestHandler.handleReadRequest(OzoneManagerRequestHandler.java:201) ~[ozone-manager-1.3.0-SNAPSHOT.jar:?]
	at org.apache.hadoop.ozone.protocolPB.OzoneManagerProtocolServerSideTranslatorPB.submitReadRequestToOM(OzoneManagerProtocolServerSideTranslatorPB.java:213) ~[ozone-manager-1.3.0-SNAPSHOT.jar:?]
	at org.apache.hadoop.ozone.protocolPB.OzoneManagerProtocolServerSideTranslatorPB.processRequest(OzoneManagerProtocolServerSideTranslatorPB.java:174) ~[ozone-manager-1.3.0-SNAPSHOT.jar:?]
	at org.apache.hadoop.hdds.server.OzoneProtocolMessageDispatcher.processRequest(OzoneProtocolMessageDispatcher.java:87) [hdds-server-framework-1.3.0-SNAPSHOT.jar:?]
	at org.apache.hadoop.ozone.protocolPB.OzoneManagerProtocolServerSideTranslatorPB.submitRequest(OzoneManagerProtocolServerSideTranslatorPB.java:146) [ozone-manager-1.3.0-SNAPSHOT.jar:?]
	at org.apache.hadoop.ozone.protocol.proto.OzoneManagerProtocolProtos$OzoneManagerService$2.callBlockingMethod(OzoneManagerProtocolProtos.java) [ozone-interface-client-1.3.0-SNAPSHOT.jar:?]
	at org.apache.hadoop.ipc.ProtobufRpcEngine$Server.processCall(ProtobufRpcEngine.java:466) [hadoop-common-3.3.1.jar:?]
	at org.apache.hadoop.ipc.ProtobufRpcEngine2$Server$ProtoBufRpcInvoker.call(ProtobufRpcEngine2.java:574) [hadoop-common-3.3.1.jar:?]
	at org.apache.hadoop.ipc.ProtobufRpcEngine2$Server$ProtoBufRpcInvoker.call(ProtobufRpcEngine2.java:552) [hadoop-common-3.3.1.jar:?]
	at org.apache.hadoop.ipc.RPC$Server.call(RPC.java:1093) [hadoop-common-3.3.1.jar:?]
	at org.apache.hadoop.ipc.Server$RpcCall.run(Server.java:1035) [hadoop-common-3.3.1.jar:?]
	at org.apache.hadoop.ipc.Server$RpcCall.run(Server.java:963) [hadoop-common-3.3.1.jar:?]
	at java.security.AccessController.doPrivileged(Native Method) ~[?:1.8.0_322]
	at javax.security.auth.Subject.doAs(Subject.java:422) [?:1.8.0_322]
	at org.apache.hadoop.security.UserGroupInformation.doAs(UserGroupInformation.java:1878) [hadoop-common-3.3.1.jar:?]
	at org.apache.hadoop.ipc.Server$Handler.run(Server.java:2966) [hadoop-common-3.3.1.jar:?]
04:15:11.763 [IPC Server handler 6 on default port 38503] ERROR OMAudit - user=runner | ip=127.0.0.1 | op=GET_FILE_STATUS {volume=volume87548, bucket=bucket21072, key=testBatchDelete/parent/child1, dataSize=0, replicationConfig=null} | ret=FAILURE
org.apache.hadoop.ozone.om.exceptions.OMException: Unable to get file status: volume: volume87548 bucket: bucket21072 key: testBatchDelete/parent/child1
	at org.apache.hadoop.ozone.om.KeyManagerImpl.getOzoneFileStatus(KeyManagerImpl.java:1280) ~[ozone-manager-1.3.0-SNAPSHOT.jar:?]
	at org.apache.hadoop.ozone.om.KeyManagerImpl.getFileStatus(KeyManagerImpl.java:1210) ~[ozone-manager-1.3.0-SNAPSHOT.jar:?]
	at org.apache.hadoop.ozone.om.OzoneManager.getFileStatus(OzoneManager.java:3009) ~[ozone-manager-1.3.0-SNAPSHOT.jar:?]
	at org.apache.hadoop.ozone.protocolPB.OzoneManagerRequestHandler.getOzoneFileStatus(OzoneManagerRequestHandler.java:670) ~[ozone-manager-1.3.0-SNAPSHOT.jar:?]
	at org.apache.hadoop.ozone.protocolPB.OzoneManagerRequestHandler.handleReadRequest(OzoneManagerRequestHandler.java:201) ~[ozone-manager-1.3.0-SNAPSHOT.jar:?]
	at org.apache.hadoop.ozone.protocolPB.OzoneManagerProtocolServerSideTranslatorPB.submitReadRequestToOM(OzoneManagerProtocolServerSideTranslatorPB.java:213) ~[ozone-manager-1.3.0-SNAPSHOT.jar:?]
	at org.apache.hadoop.ozone.protocolPB.OzoneManagerProtocolServerSideTranslatorPB.processRequest(OzoneManagerProtocolServerSideTranslatorPB.java:174) ~[ozone-manager-1.3.0-SNAPSHOT.jar:?]
	at org.apache.hadoop.hdds.server.OzoneProtocolMessageDispatcher.processRequest(OzoneProtocolMessageDispatcher.java:87) [hdds-server-framework-1.3.0-SNAPSHOT.jar:?]
	at org.apache.hadoop.ozone.protocolPB.OzoneManagerProtocolServerSideTranslatorPB.submitRequest(OzoneManagerProtocolServerSideTranslatorPB.java:146) [ozone-manager-1.3.0-SNAPSHOT.jar:?]
	at org.apache.hadoop.ozone.protocol.proto.OzoneManagerProtocolProtos$OzoneManagerService$2.callBlockingMethod(OzoneManagerProtocolProtos.java) [ozone-interface-client-1.3.0-SNAPSHOT.jar:?]
	at org.apache.hadoop.ipc.ProtobufRpcEngine$Server.processCall(ProtobufRpcEngine.java:466) [hadoop-common-3.3.1.jar:?]
	at org.apache.hadoop.ipc.ProtobufRpcEngine2$Server$ProtoBufRpcInvoker.call(ProtobufRpcEngine2.java:574) [hadoop-common-3.3.1.jar:?]
	at org.apache.hadoop.ipc.ProtobufRpcEngine2$Server$ProtoBufRpcInvoker.call(ProtobufRpcEngine2.java:552) [hadoop-common-3.3.1.jar:?]
	at org.apache.hadoop.ipc.RPC$Server.call(RPC.java:1093) [hadoop-common-3.3.1.jar:?]
	at org.apache.hadoop.ipc.Server$RpcCall.run(Server.java:1035) [hadoop-common-3.3.1.jar:?]
	at org.apache.hadoop.ipc.Server$RpcCall.run(Server.java:963) [hadoop-common-3.3.1.jar:?]
	at java.security.AccessController.doPrivileged(Native Method) ~[?:1.8.0_322]
	at javax.security.auth.Subject.doAs(Subject.java:422) [?:1.8.0_322]
	at org.apache.hadoop.security.UserGroupInformation.doAs(UserGroupInformation.java:1878) [hadoop-common-3.3.1.jar:?]
	at org.apache.hadoop.ipc.Server$Handler.run(Server.java:2966) [hadoop-common-3.3.1.jar:?]
04:15:11.764 [IPC Server handler 3 on default port 38503] ERROR OMAudit - user=runner | ip=127.0.0.1 | op=GET_FILE_STATUS {volume=volume87548, bucket=bucket21072, key=testBatchDelete/parent/childFolder/child1, dataSize=0, replicationConfig=null} | ret=FAILURE
org.apache.hadoop.ozone.om.exceptions.OMException: Unable to get file status: volume: volume87548 bucket: bucket21072 key: testBatchDelete/parent/childFolder/child1
	at org.apache.hadoop.ozone.om.KeyManagerImpl.getOzoneFileStatus(KeyManagerImpl.java:1280) ~[ozone-manager-1.3.0-SNAPSHOT.jar:?]
	at org.apache.hadoop.ozone.om.KeyManagerImpl.getFileStatus(KeyManagerImpl.java:1210) ~[ozone-manager-1.3.0-SNAPSHOT.jar:?]
	at org.apache.hadoop.ozone.om.OzoneManager.getFileStatus(OzoneManager.java:3009) ~[ozone-manager-1.3.0-SNAPSHOT.jar:?]
	at org.apache.hadoop.ozone.protocolPB.OzoneManagerRequestHandler.getOzoneFileStatus(OzoneManagerRequestHandler.java:670) ~[ozone-manager-1.3.0-SNAPSHOT.jar:?]
	at org.apache.hadoop.ozone.protocolPB.OzoneManagerRequestHandler.handleReadRequest(OzoneManagerRequestHandler.java:201) ~[ozone-manager-1.3.0-SNAPSHOT.jar:?]
	at org.apache.hadoop.ozone.protocolPB.OzoneManagerProtocolServerSideTranslatorPB.submitReadRequestToOM(OzoneManagerProtocolServerSideTranslatorPB.java:213) ~[ozone-manager-1.3.0-SNAPSHOT.jar:?]
	at org.apache.hadoop.ozone.protocolPB.OzoneManagerProtocolServerSideTranslatorPB.processRequest(OzoneManagerProtocolServerSideTranslatorPB.java:174) ~[ozone-manager-1.3.0-SNAPSHOT.jar:?]
	at org.apache.hadoop.hdds.server.OzoneProtocolMessageDispatcher.processRequest(OzoneProtocolMessageDispatcher.java:87) [hdds-server-framework-1.3.0-SNAPSHOT.jar:?]
	at org.apache.hadoop.ozone.protocolPB.OzoneManagerProtocolServerSideTranslatorPB.submitRequest(OzoneManagerProtocolServerSideTranslatorPB.java:146) [ozone-manager-1.3.0-SNAPSHOT.jar:?]
	at org.apache.hadoop.ozone.protocol.proto.OzoneManagerProtocolProtos$OzoneManagerService$2.callBlockingMethod(OzoneManagerProtocolProtos.java) [ozone-interface-client-1.3.0-SNAPSHOT.jar:?]
	at org.apache.hadoop.ipc.ProtobufRpcEngine$Server.processCall(ProtobufRpcEngine.java:466) [hadoop-common-3.3.1.jar:?]
	at org.apache.hadoop.ipc.ProtobufRpcEngine2$Server$ProtoBufRpcInvoker.call(ProtobufRpcEngine2.java:574) [hadoop-common-3.3.1.jar:?]
	at org.apache.hadoop.ipc.ProtobufRpcEngine2$Server$ProtoBufRpcInvoker.call(ProtobufRpcEngine2.java:552) [hadoop-common-3.3.1.jar:?]
	at org.apache.hadoop.ipc.RPC$Server.call(RPC.java:1093) [hadoop-common-3.3.1.jar:?]
	at org.apache.hadoop.ipc.Server$RpcCall.run(Server.java:1035) [hadoop-common-3.3.1.jar:?]
	at org.apache.hadoop.ipc.Server$RpcCall.run(Server.java:963) [hadoop-common-3.3.1.jar:?]
	at java.security.AccessController.doPrivileged(Native Method) ~[?:1.8.0_322]
	at javax.security.auth.Subject.doAs(Subject.java:422) [?:1.8.0_322]
	at org.apache.hadoop.security.UserGroupInformation.doAs(UserGroupInformation.java:1878) [hadoop-common-3.3.1.jar:?]
	at org.apache.hadoop.ipc.Server$Handler.run(Server.java:2966) [hadoop-common-3.3.1.jar:?]
04:15:11.765 [IPC Server handler 2 on default port 38503] ERROR OMAudit - user=runner | ip=127.0.0.1 | op=GET_FILE_STATUS {volume=volume87548, bucket=bucket21072, key=testBatchDelete/parent/child2, dataSize=0, replicationConfig=null} | ret=FAILURE
org.apache.hadoop.ozone.om.exceptions.OMException: Unable to get file status: volume: volume87548 bucket: bucket21072 key: testBatchDelete/parent/child2
	at org.apache.hadoop.ozone.om.KeyManagerImpl.getOzoneFileStatus(KeyManagerImpl.java:1280) ~[ozone-manager-1.3.0-SNAPSHOT.jar:?]
	at org.apache.hadoop.ozone.om.KeyManagerImpl.getFileStatus(KeyManagerImpl.java:1210) ~[ozone-manager-1.3.0-SNAPSHOT.jar:?]
	at org.apache.hadoop.ozone.om.OzoneManager.getFileStatus(OzoneManager.java:3009) ~[ozone-manager-1.3.0-SNAPSHOT.jar:?]
	at org.apache.hadoop.ozone.protocolPB.OzoneManagerRequestHandler.getOzoneFileStatus(OzoneManagerRequestHandler.java:670) ~[ozone-manager-1.3.0-SNAPSHOT.jar:?]
	at org.apache.hadoop.ozone.protocolPB.OzoneManagerRequestHandler.handleReadRequest(OzoneManagerRequestHandler.java:201) ~[ozone-manager-1.3.0-SNAPSHOT.jar:?]
	at org.apache.hadoop.ozone.protocolPB.OzoneManagerProtocolServerSideTranslatorPB.submitReadRequestToOM(OzoneManagerProtocolServerSideTranslatorPB.java:213) ~[ozone-manager-1.3.0-SNAPSHOT.jar:?]
	at org.apache.hadoop.ozone.protocolPB.OzoneManagerProtocolServerSideTranslatorPB.processRequest(OzoneManagerProtocolServerSideTranslatorPB.java:174) ~[ozone-manager-1.3.0-SNAPSHOT.jar:?]
	at org.apache.hadoop.hdds.server.OzoneProtocolMessageDispatcher.processRequest(OzoneProtocolMessageDispatcher.java:87) [hdds-server-framework-1.3.0-SNAPSHOT.jar:?]
	at org.apache.hadoop.ozone.protocolPB.OzoneManagerProtocolServerSideTranslatorPB.submitRequest(OzoneManagerProtocolServerSideTranslatorPB.java:146) [ozone-manager-1.3.0-SNAPSHOT.jar:?]
	at org.apache.hadoop.ozone.protocol.proto.OzoneManagerProtocolProtos$OzoneManagerService$2.callBlockingMethod(OzoneManagerProtocolProtos.java) [ozone-interface-client-1.3.0-SNAPSHOT.jar:?]
	at org.apache.hadoop.ipc.ProtobufRpcEngine$Server.processCall(ProtobufRpcEngine.java:466) [hadoop-common-3.3.1.jar:?]
	at org.apache.hadoop.ipc.ProtobufRpcEngine2$Server$ProtoBufRpcInvoker.call(ProtobufRpcEngine2.java:574) [hadoop-common-3.3.1.jar:?]
	at org.apache.hadoop.ipc.ProtobufRpcEngine2$Server$ProtoBufRpcInvoker.call(ProtobufRpcEngine2.java:552) [hadoop-common-3.3.1.jar:?]
	at org.apache.hadoop.ipc.RPC$Server.call(RPC.java:1093) [hadoop-common-3.3.1.jar:?]
	at org.apache.hadoop.ipc.Server$RpcCall.run(Server.java:1035) [hadoop-common-3.3.1.jar:?]
	at org.apache.hadoop.ipc.Server$RpcCall.run(Server.java:963) [hadoop-common-3.3.1.jar:?]
	at java.security.AccessController.doPrivileged(Native Method) ~[?:1.8.0_322]
	at javax.security.auth.Subject.doAs(Subject.java:422) [?:1.8.0_322]
	at org.apache.hadoop.security.UserGroupInformation.doAs(UserGroupInformation.java:1878) [hadoop-common-3.3.1.jar:?]
	at org.apache.hadoop.ipc.Server$Handler.run(Server.java:2966) [hadoop-common-3.3.1.jar:?]
04:15:11.766 [IPC Server handler 19 on default port 38503] ERROR OMAudit - user=runner | ip=127.0.0.1 | op=GET_FILE_STATUS {volume=volume87548, bucket=bucket21072, key=testBatchDelete/parent/childFolder/child2, dataSize=0, replicationConfig=null} | ret=FAILURE
org.apache.hadoop.ozone.om.exceptions.OMException: Unable to get file status: volume: volume87548 bucket: bucket21072 key: testBatchDelete/parent/childFolder/child2
	at org.apache.hadoop.ozone.om.KeyManagerImpl.getOzoneFileStatus(KeyManagerImpl.java:1280) ~[ozone-manager-1.3.0-SNAPSHOT.jar:?]
	at org.apache.hadoop.ozone.om.KeyManagerImpl.getFileStatus(KeyManagerImpl.java:1210) ~[ozone-manager-1.3.0-SNAPSHOT.jar:?]
	at org.apache.hadoop.ozone.om.OzoneManager.getFileStatus(OzoneManager.java:3009) ~[ozone-manager-1.3.0-SNAPSHOT.jar:?]
	at org.apache.hadoop.ozone.protocolPB.OzoneManagerRequestHandler.getOzoneFileStatus(OzoneManagerRequestHandler.java:670) ~[ozone-manager-1.3.0-SNAPSHOT.jar:?]
	at org.apache.hadoop.ozone.protocolPB.OzoneManagerRequestHandler.handleReadRequest(OzoneManagerRequestHandler.java:201) ~[ozone-manager-1.3.0-SNAPSHOT.jar:?]
	at org.apache.hadoop.ozone.protocolPB.OzoneManagerProtocolServerSideTranslatorPB.submitReadRequestToOM(OzoneManagerProtocolServerSideTranslatorPB.java:213) ~[ozone-manager-1.3.0-SNAPSHOT.jar:?]
	at org.apache.hadoop.ozone.protocolPB.OzoneManagerProtocolServerSideTranslatorPB.processRequest(OzoneManagerProtocolServerSideTranslatorPB.java:174) ~[ozone-manager-1.3.0-SNAPSHOT.jar:?]
	at org.apache.hadoop.hdds.server.OzoneProtocolMessageDispatcher.processRequest(OzoneProtocolMessageDispatcher.java:87) [hdds-server-framework-1.3.0-SNAPSHOT.jar:?]
	at org.apache.hadoop.ozone.protocolPB.OzoneManagerProtocolServerSideTranslatorPB.submitRequest(OzoneManagerProtocolServerSideTranslatorPB.java:146) [ozone-manager-1.3.0-SNAPSHOT.jar:?]
	at org.apache.hadoop.ozone.protocol.proto.OzoneManagerProtocolProtos$OzoneManagerService$2.callBlockingMethod(OzoneManagerProtocolProtos.java) [ozone-interface-client-1.3.0-SNAPSHOT.jar:?]
	at org.apache.hadoop.ipc.ProtobufRpcEngine$Server.processCall(ProtobufRpcEngine.java:466) [hadoop-common-3.3.1.jar:?]
	at org.apache.hadoop.ipc.ProtobufRpcEngine2$Server$ProtoBufRpcInvoker.call(ProtobufRpcEngine2.java:574) [hadoop-common-3.3.1.jar:?]
	at org.apache.hadoop.ipc.ProtobufRpcEngine2$Server$ProtoBufRpcInvoker.call(ProtobufRpcEngine2.java:552) [hadoop-common-3.3.1.jar:?]
	at org.apache.hadoop.ipc.RPC$Server.call(RPC.java:1093) [hadoop-common-3.3.1.jar:?]
	at org.apache.hadoop.ipc.Server$RpcCall.run(Server.java:1035) [hadoop-common-3.3.1.jar:?]
	at org.apache.hadoop.ipc.Server$RpcCall.run(Server.java:963) [hadoop-common-3.3.1.jar:?]
	at java.security.AccessController.doPrivileged(Native Method) ~[?:1.8.0_322]
	at javax.security.auth.Subject.doAs(Subject.java:422) [?:1.8.0_322]
	at org.apache.hadoop.security.UserGroupInformation.doAs(UserGroupInformation.java:1878) [hadoop-common-3.3.1.jar:?]
	at org.apache.hadoop.ipc.Server$Handler.run(Server.java:2966) [hadoop-common-3.3.1.jar:?]
04:15:11.767 [IPC Server handler 18 on default port 38503] ERROR OMAudit - user=runner | ip=127.0.0.1 | op=GET_FILE_STATUS {volume=volume87548, bucket=bucket21072, key=testBatchDelete/parent/child3, dataSize=0, replicationConfig=null} | ret=FAILURE
org.apache.hadoop.ozone.om.exceptions.OMException: Unable to get file status: volume: volume87548 bucket: bucket21072 key: testBatchDelete/parent/child3
	at org.apache.hadoop.ozone.om.KeyManagerImpl.getOzoneFileStatus(KeyManagerImpl.java:1280) ~[ozone-manager-1.3.0-SNAPSHOT.jar:?]
	at org.apache.hadoop.ozone.om.KeyManagerImpl.getFileStatus(KeyManagerImpl.java:1210) ~[ozone-manager-1.3.0-SNAPSHOT.jar:?]
	at org.apache.hadoop.ozone.om.OzoneManager.getFileStatus(OzoneManager.java:3009) ~[ozone-manager-1.3.0-SNAPSHOT.jar:?]
	at org.apache.hadoop.ozone.protocolPB.OzoneManagerRequestHandler.getOzoneFileStatus(OzoneManagerRequestHandler.java:670) ~[ozone-manager-1.3.0-SNAPSHOT.jar:?]
	at org.apache.hadoop.ozone.protocolPB.OzoneManagerRequestHandler.handleReadRequest(OzoneManagerRequestHandler.java:201) ~[ozone-manager-1.3.0-SNAPSHOT.jar:?]
	at org.apache.hadoop.ozone.protocolPB.OzoneManagerProtocolServerSideTranslatorPB.submitReadRequestToOM(OzoneManagerProtocolServerSideTranslatorPB.java:213) ~[ozone-manager-1.3.0-SNAPSHOT.jar:?]
	at org.apache.hadoop.ozone.protocolPB.OzoneManagerProtocolServerSideTranslatorPB.processRequest(OzoneManagerProtocolServerSideTranslatorPB.java:174) ~[ozone-manager-1.3.0-SNAPSHOT.jar:?]
	at org.apache.hadoop.hdds.server.OzoneProtocolMessageDispatcher.processRequest(OzoneProtocolMessageDispatcher.java:87) [hdds-server-framework-1.3.0-SNAPSHOT.jar:?]
	at org.apache.hadoop.ozone.protocolPB.OzoneManagerProtocolServerSideTranslatorPB.submitRequest(OzoneManagerProtocolServerSideTranslatorPB.java:146) [ozone-manager-1.3.0-SNAPSHOT.jar:?]
	at org.apache.hadoop.ozone.protocol.proto.OzoneManagerProtocolProtos$OzoneManagerService$2.callBlockingMethod(OzoneManagerProtocolProtos.java) [ozone-interface-client-1.3.0-SNAPSHOT.jar:?]
	at org.apache.hadoop.ipc.ProtobufRpcEngine$Server.processCall(ProtobufRpcEngine.java:466) [hadoop-common-3.3.1.jar:?]
	at org.apache.hadoop.ipc.ProtobufRpcEngine2$Server$ProtoBufRpcInvoker.call(ProtobufRpcEngine2.java:574) [hadoop-common-3.3.1.jar:?]
	at org.apache.hadoop.ipc.ProtobufRpcEngine2$Server$ProtoBufRpcInvoker.call(ProtobufRpcEngine2.java:552) [hadoop-common-3.3.1.jar:?]
	at org.apache.hadoop.ipc.RPC$Server.call(RPC.java:1093) [hadoop-common-3.3.1.jar:?]
	at org.apache.hadoop.ipc.Server$RpcCall.run(Server.java:1035) [hadoop-common-3.3.1.jar:?]
	at org.apache.hadoop.ipc.Server$RpcCall.run(Server.java:963) [hadoop-common-3.3.1.jar:?]
	at java.security.AccessController.doPrivileged(Native Method) ~[?:1.8.0_322]
	at javax.security.auth.Subject.doAs(Subject.java:422) [?:1.8.0_322]
	at org.apache.hadoop.security.UserGroupInformation.doAs(UserGroupInformation.java:1878) [hadoop-common-3.3.1.jar:?]
	at org.apache.hadoop.ipc.Server$Handler.run(Server.java:2966) [hadoop-common-3.3.1.jar:?]
04:15:11.768 [IPC Server handler 17 on default port 38503] ERROR OMAudit - user=runner | ip=127.0.0.1 | op=GET_FILE_STATUS {volume=volume87548, bucket=bucket21072, key=testBatchDelete/parent/childFolder/child3, dataSize=0, replicationConfig=null} | ret=FAILURE
org.apache.hadoop.ozone.om.exceptions.OMException: Unable to get file status: volume: volume87548 bucket: bucket21072 key: testBatchDelete/parent/childFolder/child3
	at org.apache.hadoop.ozone.om.KeyManagerImpl.getOzoneFileStatus(KeyManagerImpl.java:1280) ~[ozone-manager-1.3.0-SNAPSHOT.jar:?]
	at org.apache.hadoop.ozone.om.KeyManagerImpl.getFileStatus(KeyManagerImpl.java:1210) ~[ozone-manager-1.3.0-SNAPSHOT.jar:?]
	at org.apache.hadoop.ozone.om.OzoneManager.getFileStatus(OzoneManager.java:3009) ~[ozone-manager-1.3.0-SNAPSHOT.jar:?]
	at org.apache.hadoop.ozone.protocolPB.OzoneManagerRequestHandler.getOzoneFileStatus(OzoneManagerRequestHandler.java:670) ~[ozone-manager-1.3.0-SNAPSHOT.jar:?]
	at org.apache.hadoop.ozone.protocolPB.OzoneManagerRequestHandler.handleReadRequest(OzoneManagerRequestHandler.java:201) ~[ozone-manager-1.3.0-SNAPSHOT.jar:?]
	at org.apache.hadoop.ozone.protocolPB.OzoneManagerProtocolServerSideTranslatorPB.submitReadRequestToOM(OzoneManagerProtocolServerSideTranslatorPB.java:213) ~[ozone-manager-1.3.0-SNAPSHOT.jar:?]
	at org.apache.hadoop.ozone.protocolPB.OzoneManagerProtocolServerSideTranslatorPB.processRequest(OzoneManagerProtocolServerSideTranslatorPB.java:174) ~[ozone-manager-1.3.0-SNAPSHOT.jar:?]
	at org.apache.hadoop.hdds.server.OzoneProtocolMessageDispatcher.processRequest(OzoneProtocolMessageDispatcher.java:87) [hdds-server-framework-1.3.0-SNAPSHOT.jar:?]
	at org.apache.hadoop.ozone.protocolPB.OzoneManagerProtocolServerSideTranslatorPB.submitRequest(OzoneManagerProtocolServerSideTranslatorPB.java:146) [ozone-manager-1.3.0-SNAPSHOT.jar:?]
	at org.apache.hadoop.ozone.protocol.proto.OzoneManagerProtocolProtos$OzoneManagerService$2.callBlockingMethod(OzoneManagerProtocolProtos.java) [ozone-interface-client-1.3.0-SNAPSHOT.jar:?]
	at org.apache.hadoop.ipc.ProtobufRpcEngine$Server.processCall(ProtobufRpcEngine.java:466) [hadoop-common-3.3.1.jar:?]
	at org.apache.hadoop.ipc.ProtobufRpcEngine2$Server$ProtoBufRpcInvoker.call(ProtobufRpcEngine2.java:574) [hadoop-common-3.3.1.jar:?]
	at org.apache.hadoop.ipc.ProtobufRpcEngine2$Server$ProtoBufRpcInvoker.call(ProtobufRpcEngine2.java:552) [hadoop-common-3.3.1.jar:?]
	at org.apache.hadoop.ipc.RPC$Server.call(RPC.java:1093) [hadoop-common-3.3.1.jar:?]
	at org.apache.hadoop.ipc.Server$RpcCall.run(Server.java:1035) [hadoop-common-3.3.1.jar:?]
	at org.apache.hadoop.ipc.Server$RpcCall.run(Server.java:963) [hadoop-common-3.3.1.jar:?]
	at java.security.AccessController.doPrivileged(Native Method) ~[?:1.8.0_322]
	at javax.security.auth.Subject.doAs(Subject.java:422) [?:1.8.0_322]
	at org.apache.hadoop.security.UserGroupInformation.doAs(UserGroupInformation.java:1878) [hadoop-common-3.3.1.jar:?]
	at org.apache.hadoop.ipc.Server$Handler.run(Server.java:2966) [hadoop-common-3.3.1.jar:?]
04:15:11.769 [IPC Server handler 16 on default port 38503] ERROR OMAudit - user=runner | ip=127.0.0.1 | op=GET_FILE_STATUS {volume=volume87548, bucket=bucket21072, key=testBatchDelete/parent/child4, dataSize=0, replicationConfig=null} | ret=FAILURE
org.apache.hadoop.ozone.om.exceptions.OMException: Unable to get file status: volume: volume87548 bucket: bucket21072 key: testBatchDelete/parent/child4
	at org.apache.hadoop.ozone.om.KeyManagerImpl.getOzoneFileStatus(KeyManagerImpl.java:1280) ~[ozone-manager-1.3.0-SNAPSHOT.jar:?]
	at org.apache.hadoop.ozone.om.KeyManagerImpl.getFileStatus(KeyManagerImpl.java:1210) ~[ozone-manager-1.3.0-SNAPSHOT.jar:?]
	at org.apache.hadoop.ozone.om.OzoneManager.getFileStatus(OzoneManager.java:3009) ~[ozone-manager-1.3.0-SNAPSHOT.jar:?]
	at org.apache.hadoop.ozone.protocolPB.OzoneManagerRequestHandler.getOzoneFileStatus(OzoneManagerRequestHandler.java:670) ~[ozone-manager-1.3.0-SNAPSHOT.jar:?]
	at org.apache.hadoop.ozone.protocolPB.OzoneManagerRequestHandler.handleReadRequest(OzoneManagerRequestHandler.java:201) ~[ozone-manager-1.3.0-SNAPSHOT.jar:?]
	at org.apache.hadoop.ozone.protocolPB.OzoneManagerProtocolServerSideTranslatorPB.submitReadRequestToOM(OzoneManagerProtocolServerSideTranslatorPB.java:213) ~[ozone-manager-1.3.0-SNAPSHOT.jar:?]
	at org.apache.hadoop.ozone.protocolPB.OzoneManagerProtocolServerSideTranslatorPB.processRequest(OzoneManagerProtocolServerSideTranslatorPB.java:174) ~[ozone-manager-1.3.0-SNAPSHOT.jar:?]
	at org.apache.hadoop.hdds.server.OzoneProtocolMessageDispatcher.processRequest(OzoneProtocolMessageDispatcher.java:87) [hdds-server-framework-1.3.0-SNAPSHOT.jar:?]
	at org.apache.hadoop.ozone.protocolPB.OzoneManagerProtocolServerSideTranslatorPB.submitRequest(OzoneManagerProtocolServerSideTranslatorPB.java:146) [ozone-manager-1.3.0-SNAPSHOT.jar:?]
	at org.apache.hadoop.ozone.protocol.proto.OzoneManagerProtocolProtos$OzoneManagerService$2.callBlockingMethod(OzoneManagerProtocolProtos.java) [ozone-interface-client-1.3.0-SNAPSHOT.jar:?]
	at org.apache.hadoop.ipc.ProtobufRpcEngine$Server.processCall(ProtobufRpcEngine.java:466) [hadoop-common-3.3.1.jar:?]
	at org.apache.hadoop.ipc.ProtobufRpcEngine2$Server$ProtoBufRpcInvoker.call(ProtobufRpcEngine2.java:574) [hadoop-common-3.3.1.jar:?]
	at org.apache.hadoop.ipc.ProtobufRpcEngine2$Server$ProtoBufRpcInvoker.call(ProtobufRpcEngine2.java:552) [hadoop-common-3.3.1.jar:?]
	at org.apache.hadoop.ipc.RPC$Server.call(RPC.java:1093) [hadoop-common-3.3.1.jar:?]
	at org.apache.hadoop.ipc.Server$RpcCall.run(Server.java:1035) [hadoop-common-3.3.1.jar:?]
	at org.apache.hadoop.ipc.Server$RpcCall.run(Server.java:963) [hadoop-common-3.3.1.jar:?]
	at java.security.AccessController.doPrivileged(Native Method) ~[?:1.8.0_322]
	at javax.security.auth.Subject.doAs(Subject.java:422) [?:1.8.0_322]
	at org.apache.hadoop.security.UserGroupInformation.doAs(UserGroupInformation.java:1878) [hadoop-common-3.3.1.jar:?]
	at org.apache.hadoop.ipc.Server$Handler.run(Server.java:2966) [hadoop-common-3.3.1.jar:?]
04:15:11.770 [IPC Server handler 12 on default port 38503] ERROR OMAudit - user=runner | ip=127.0.0.1 | op=GET_FILE_STATUS {volume=volume87548, bucket=bucket21072, key=testBatchDelete/parent/childFolder/child4, dataSize=0, replicationConfig=null} | ret=FAILURE
org.apache.hadoop.ozone.om.exceptions.OMException: Unable to get file status: volume: volume87548 bucket: bucket21072 key: testBatchDelete/parent/childFolder/child4
	at org.apache.hadoop.ozone.om.KeyManagerImpl.getOzoneFileStatus(KeyManagerImpl.java:1280) ~[ozone-manager-1.3.0-SNAPSHOT.jar:?]
	at org.apache.hadoop.ozone.om.KeyManagerImpl.getFileStatus(KeyManagerImpl.java:1210) ~[ozone-manager-1.3.0-SNAPSHOT.jar:?]
	at org.apache.hadoop.ozone.om.OzoneManager.getFileStatus(OzoneManager.java:3009) ~[ozone-manager-1.3.0-SNAPSHOT.jar:?]
	at org.apache.hadoop.ozone.protocolPB.OzoneManagerRequestHandler.getOzoneFileStatus(OzoneManagerRequestHandler.java:670) ~[ozone-manager-1.3.0-SNAPSHOT.jar:?]
	at org.apache.hadoop.ozone.protocolPB.OzoneManagerRequestHandler.handleReadRequest(OzoneManagerRequestHandler.java:201) ~[ozone-manager-1.3.0-SNAPSHOT.jar:?]
	at org.apache.hadoop.ozone.protocolPB.OzoneManagerProtocolServerSideTranslatorPB.submitReadRequestToOM(OzoneManagerProtocolServerSideTranslatorPB.java:213) ~[ozone-manager-1.3.0-SNAPSHOT.jar:?]
	at org.apache.hadoop.ozone.protocolPB.OzoneManagerProtocolServerSideTranslatorPB.processRequest(OzoneManagerProtocolServerSideTranslatorPB.java:174) ~[ozone-manager-1.3.0-SNAPSHOT.jar:?]
	at org.apache.hadoop.hdds.server.OzoneProtocolMessageDispatcher.processRequest(OzoneProtocolMessageDispatcher.java:87) [hdds-server-framework-1.3.0-SNAPSHOT.jar:?]
	at org.apache.hadoop.ozone.protocolPB.OzoneManagerProtocolServerSideTranslatorPB.submitRequest(OzoneManagerProtocolServerSideTranslatorPB.java:146) [ozone-manager-1.3.0-SNAPSHOT.jar:?]
	at org.apache.hadoop.ozone.protocol.proto.OzoneManagerProtocolProtos$OzoneManagerService$2.callBlockingMethod(OzoneManagerProtocolProtos.java) [ozone-interface-client-1.3.0-SNAPSHOT.jar:?]
	at org.apache.hadoop.ipc.ProtobufRpcEngine$Server.processCall(ProtobufRpcEngine.java:466) [hadoop-common-3.3.1.jar:?]
	at org.apache.hadoop.ipc.ProtobufRpcEngine2$Server$ProtoBufRpcInvoker.call(ProtobufRpcEngine2.java:574) [hadoop-common-3.3.1.jar:?]
	at org.apache.hadoop.ipc.ProtobufRpcEngine2$Server$ProtoBufRpcInvoker.call(ProtobufRpcEngine2.java:552) [hadoop-common-3.3.1.jar:?]
	at org.apache.hadoop.ipc.RPC$Server.call(RPC.java:1093) [hadoop-common-3.3.1.jar:?]
	at org.apache.hadoop.ipc.Server$RpcCall.run(Server.java:1035) [hadoop-common-3.3.1.jar:?]
	at org.apache.hadoop.ipc.Server$RpcCall.run(Server.java:963) [hadoop-common-3.3.1.jar:?]
	at java.security.AccessController.doPrivileged(Native Method) ~[?:1.8.0_322]
	at javax.security.auth.Subject.doAs(Subject.java:422) [?:1.8.0_322]
	at org.apache.hadoop.security.UserGroupInformation.doAs(UserGroupInformation.java:1878) [hadoop-common-3.3.1.jar:?]
	at org.apache.hadoop.ipc.Server$Handler.run(Server.java:2966) [hadoop-common-3.3.1.jar:?]
04:15:11.771 [IPC Server handler 15 on default port 38503] ERROR OMAudit - user=runner | ip=127.0.0.1 | op=GET_FILE_STATUS {volume=volume87548, bucket=bucket21072, key=testBatchDelete/parent/child5, dataSize=0, replicationConfig=null} | ret=FAILURE
org.apache.hadoop.ozone.om.exceptions.OMException: Unable to get file status: volume: volume87548 bucket: bucket21072 key: testBatchDelete/parent/child5
	at org.apache.hadoop.ozone.om.KeyManagerImpl.getOzoneFileStatus(KeyManagerImpl.java:1280) ~[ozone-manager-1.3.0-SNAPSHOT.jar:?]
	at org.apache.hadoop.ozone.om.KeyManagerImpl.getFileStatus(KeyManagerImpl.java:1210) ~[ozone-manager-1.3.0-SNAPSHOT.jar:?]
	at org.apache.hadoop.ozone.om.OzoneManager.getFileStatus(OzoneManager.java:3009) ~[ozone-manager-1.3.0-SNAPSHOT.jar:?]
	at org.apache.hadoop.ozone.protocolPB.OzoneManagerRequestHandler.getOzoneFileStatus(OzoneManagerRequestHandler.java:670) ~[ozone-manager-1.3.0-SNAPSHOT.jar:?]
	at org.apache.hadoop.ozone.protocolPB.OzoneManagerRequestHandler.handleReadRequest(OzoneManagerRequestHandler.java:201) ~[ozone-manager-1.3.0-SNAPSHOT.jar:?]
	at org.apache.hadoop.ozone.protocolPB.OzoneManagerProtocolServerSideTranslatorPB.submitReadRequestToOM(OzoneManagerProtocolServerSideTranslatorPB.java:213) ~[ozone-manager-1.3.0-SNAPSHOT.jar:?]
	at org.apache.hadoop.ozone.protocolPB.OzoneManagerProtocolServerSideTranslatorPB.processRequest(OzoneManagerProtocolServerSideTranslatorPB.java:174) ~[ozone-manager-1.3.0-SNAPSHOT.jar:?]
	at org.apache.hadoop.hdds.server.OzoneProtocolMessageDispatcher.processRequest(OzoneProtocolMessageDispatcher.java:87) [hdds-server-framework-1.3.0-SNAPSHOT.jar:?]
	at org.apache.hadoop.ozone.protocolPB.OzoneManagerProtocolServerSideTranslatorPB.submitRequest(OzoneManagerProtocolServerSideTranslatorPB.java:146) [ozone-manager-1.3.0-SNAPSHOT.jar:?]
	at org.apache.hadoop.ozone.protocol.proto.OzoneManagerProtocolProtos$OzoneManagerService$2.callBlockingMethod(OzoneManagerProtocolProtos.java) [ozone-interface-client-1.3.0-SNAPSHOT.jar:?]
	at org.apache.hadoop.ipc.ProtobufRpcEngine$Server.processCall(ProtobufRpcEngine.java:466) [hadoop-common-3.3.1.jar:?]
	at org.apache.hadoop.ipc.ProtobufRpcEngine2$Server$ProtoBufRpcInvoker.call(ProtobufRpcEngine2.java:574) [hadoop-common-3.3.1.jar:?]
	at org.apache.hadoop.ipc.ProtobufRpcEngine2$Server$ProtoBufRpcInvoker.call(ProtobufRpcEngine2.java:552) [hadoop-common-3.3.1.jar:?]
	at org.apache.hadoop.ipc.RPC$Server.call(RPC.java:1093) [hadoop-common-3.3.1.jar:?]
	at org.apache.hadoop.ipc.Server$RpcCall.run(Server.java:1035) [hadoop-common-3.3.1.jar:?]
	at org.apache.hadoop.ipc.Server$RpcCall.run(Server.java:963) [hadoop-common-3.3.1.jar:?]
	at java.security.AccessController.doPrivileged(Native Method) ~[?:1.8.0_322]
	at javax.security.auth.Subject.doAs(Subject.java:422) [?:1.8.0_322]
	at org.apache.hadoop.security.UserGroupInformation.doAs(UserGroupInformation.java:1878) [hadoop-common-3.3.1.jar:?]
	at org.apache.hadoop.ipc.Server$Handler.run(Server.java:2966) [hadoop-common-3.3.1.jar:?]
04:15:11.773 [IPC Server handler 14 on default port 38503] ERROR OMAudit - user=runner | ip=127.0.0.1 | op=GET_FILE_STATUS {volume=volume87548, bucket=bucket21072, key=testBatchDelete/parent/childFolder/child5, dataSize=0, replicationConfig=null} | ret=FAILURE
org.apache.hadoop.ozone.om.exceptions.OMException: Unable to get file status: volume: volume87548 bucket: bucket21072 key: testBatchDelete/parent/childFolder/child5
	at org.apache.hadoop.ozone.om.KeyManagerImpl.getOzoneFileStatus(KeyManagerImpl.java:1280) ~[ozone-manager-1.3.0-SNAPSHOT.jar:?]
	at org.apache.hadoop.ozone.om.KeyManagerImpl.getFileStatus(KeyManagerImpl.java:1210) ~[ozone-manager-1.3.0-SNAPSHOT.jar:?]
	at org.apache.hadoop.ozone.om.OzoneManager.getFileStatus(OzoneManager.java:3009) ~[ozone-manager-1.3.0-SNAPSHOT.jar:?]
	at org.apache.hadoop.ozone.protocolPB.OzoneManagerRequestHandler.getOzoneFileStatus(OzoneManagerRequestHandler.java:670) ~[ozone-manager-1.3.0-SNAPSHOT.jar:?]
	at org.apache.hadoop.ozone.protocolPB.OzoneManagerRequestHandler.handleReadRequest(OzoneManagerRequestHandler.java:201) ~[ozone-manager-1.3.0-SNAPSHOT.jar:?]
	at org.apache.hadoop.ozone.protocolPB.OzoneManagerProtocolServerSideTranslatorPB.submitReadRequestToOM(OzoneManagerProtocolServerSideTranslatorPB.java:213) ~[ozone-manager-1.3.0-SNAPSHOT.jar:?]
	at org.apache.hadoop.ozone.protocolPB.OzoneManagerProtocolServerSideTranslatorPB.processRequest(OzoneManagerProtocolServerSideTranslatorPB.java:174) ~[ozone-manager-1.3.0-SNAPSHOT.jar:?]
	at org.apache.hadoop.hdds.server.OzoneProtocolMessageDispatcher.processRequest(OzoneProtocolMessageDispatcher.java:87) [hdds-server-framework-1.3.0-SNAPSHOT.jar:?]
	at org.apache.hadoop.ozone.protocolPB.OzoneManagerProtocolServerSideTranslatorPB.submitRequest(OzoneManagerProtocolServerSideTranslatorPB.java:146) [ozone-manager-1.3.0-SNAPSHOT.jar:?]
	at org.apache.hadoop.ozone.protocol.proto.OzoneManagerProtocolProtos$OzoneManagerService$2.callBlockingMethod(OzoneManagerProtocolProtos.java) [ozone-interface-client-1.3.0-SNAPSHOT.jar:?]
	at org.apache.hadoop.ipc.ProtobufRpcEngine$Server.processCall(ProtobufRpcEngine.java:466) [hadoop-common-3.3.1.jar:?]
	at org.apache.hadoop.ipc.ProtobufRpcEngine2$Server$ProtoBufRpcInvoker.call(ProtobufRpcEngine2.java:574) [hadoop-common-3.3.1.jar:?]
	at org.apache.hadoop.ipc.ProtobufRpcEngine2$Server$ProtoBufRpcInvoker.call(ProtobufRpcEngine2.java:552) [hadoop-common-3.3.1.jar:?]
	at org.apache.hadoop.ipc.RPC$Server.call(RPC.java:1093) [hadoop-common-3.3.1.jar:?]
	at org.apache.hadoop.ipc.Server$RpcCall.run(Server.java:1035) [hadoop-common-3.3.1.jar:?]
	at org.apache.hadoop.ipc.Server$RpcCall.run(Server.java:963) [hadoop-common-3.3.1.jar:?]
	at java.security.AccessController.doPrivileged(Native Method) ~[?:1.8.0_322]
	at javax.security.auth.Subject.doAs(Subject.java:422) [?:1.8.0_322]
	at org.apache.hadoop.security.UserGroupInformation.doAs(UserGroupInformation.java:1878) [hadoop-common-3.3.1.jar:?]
	at org.apache.hadoop.ipc.Server$Handler.run(Server.java:2966) [hadoop-common-3.3.1.jar:?]
04:15:11.774 [IPC Server handler 13 on default port 38503] ERROR OMAudit - user=runner | ip=127.0.0.1 | op=GET_FILE_STATUS {volume=volume87548, bucket=bucket21072, key=testBatchDelete/parent/child6, dataSize=0, replicationConfig=null} | ret=FAILURE
org.apache.hadoop.ozone.om.exceptions.OMException: Unable to get file status: volume: volume87548 bucket: bucket21072 key: testBatchDelete/parent/child6
	at org.apache.hadoop.ozone.om.KeyManagerImpl.getOzoneFileStatus(KeyManagerImpl.java:1280) ~[ozone-manager-1.3.0-SNAPSHOT.jar:?]
	at org.apache.hadoop.ozone.om.KeyManagerImpl.getFileStatus(KeyManagerImpl.java:1210) ~[ozone-manager-1.3.0-SNAPSHOT.jar:?]
	at org.apache.hadoop.ozone.om.OzoneManager.getFileStatus(OzoneManager.java:3009) ~[ozone-manager-1.3.0-SNAPSHOT.jar:?]
	at org.apache.hadoop.ozone.protocolPB.OzoneManagerRequestHandler.getOzoneFileStatus(OzoneManagerRequestHandler.java:670) ~[ozone-manager-1.3.0-SNAPSHOT.jar:?]
	at org.apache.hadoop.ozone.protocolPB.OzoneManagerRequestHandler.handleReadRequest(OzoneManagerRequestHandler.java:201) ~[ozone-manager-1.3.0-SNAPSHOT.jar:?]
	at org.apache.hadoop.ozone.protocolPB.OzoneManagerProtocolServerSideTranslatorPB.submitReadRequestToOM(OzoneManagerProtocolServerSideTranslatorPB.java:213) ~[ozone-manager-1.3.0-SNAPSHOT.jar:?]
	at org.apache.hadoop.ozone.protocolPB.OzoneManagerProtocolServerSideTranslatorPB.processRequest(OzoneManagerProtocolServerSideTranslatorPB.java:174) ~[ozone-manager-1.3.0-SNAPSHOT.jar:?]
	at org.apache.hadoop.hdds.server.OzoneProtocolMessageDispatcher.processRequest(OzoneProtocolMessageDispatcher.java:87) [hdds-server-framework-1.3.0-SNAPSHOT.jar:?]
	at org.apache.hadoop.ozone.protocolPB.OzoneManagerProtocolServerSideTranslatorPB.submitRequest(OzoneManagerProtocolServerSideTranslatorPB.java:146) [ozone-manager-1.3.0-SNAPSHOT.jar:?]
	at org.apache.hadoop.ozone.protocol.proto.OzoneManagerProtocolProtos$OzoneManagerService$2.callBlockingMethod(OzoneManagerProtocolProtos.java) [ozone-interface-client-1.3.0-SNAPSHOT.jar:?]
	at org.apache.hadoop.ipc.ProtobufRpcEngine$Server.processCall(ProtobufRpcEngine.java:466) [hadoop-common-3.3.1.jar:?]
	at org.apache.hadoop.ipc.ProtobufRpcEngine2$Server$ProtoBufRpcInvoker.call(ProtobufRpcEngine2.java:574) [hadoop-common-3.3.1.jar:?]
	at org.apache.hadoop.ipc.ProtobufRpcEngine2$Server$ProtoBufRpcInvoker.call(ProtobufRpcEngine2.java:552) [hadoop-common-3.3.1.jar:?]
	at org.apache.hadoop.ipc.RPC$Server.call(RPC.java:1093) [hadoop-common-3.3.1.jar:?]
	at org.apache.hadoop.ipc.Server$RpcCall.run(Server.java:1035) [hadoop-common-3.3.1.jar:?]
	at org.apache.hadoop.ipc.Server$RpcCall.run(Server.java:963) [hadoop-common-3.3.1.jar:?]
	at java.security.AccessController.doPrivileged(Native Method) ~[?:1.8.0_322]
	at javax.security.auth.Subject.doAs(Subject.java:422) [?:1.8.0_322]
	at org.apache.hadoop.security.UserGroupInformation.doAs(UserGroupInformation.java:1878) [hadoop-common-3.3.1.jar:?]
	at org.apache.hadoop.ipc.Server$Handler.run(Server.java:2966) [hadoop-common-3.3.1.jar:?]
04:15:11.775 [IPC Server handler 9 on default port 38503] ERROR OMAudit - user=runner | ip=127.0.0.1 | op=GET_FILE_STATUS {volume=volume87548, bucket=bucket21072, key=testBatchDelete/parent/childFolder/child6, dataSize=0, replicationConfig=null} | ret=FAILURE
org.apache.hadoop.ozone.om.exceptions.OMException: Unable to get file status: volume: volume87548 bucket: bucket21072 key: testBatchDelete/parent/childFolder/child6
	at org.apache.hadoop.ozone.om.KeyManagerImpl.getOzoneFileStatus(KeyManagerImpl.java:1280) ~[ozone-manager-1.3.0-SNAPSHOT.jar:?]
	at org.apache.hadoop.ozone.om.KeyManagerImpl.getFileStatus(KeyManagerImpl.java:1210) ~[ozone-manager-1.3.0-SNAPSHOT.jar:?]
	at org.apache.hadoop.ozone.om.OzoneManager.getFileStatus(OzoneManager.java:3009) ~[ozone-manager-1.3.0-SNAPSHOT.jar:?]
	at org.apache.hadoop.ozone.protocolPB.OzoneManagerRequestHandler.getOzoneFileStatus(OzoneManagerRequestHandler.java:670) ~[ozone-manager-1.3.0-SNAPSHOT.jar:?]
	at org.apache.hadoop.ozone.protocolPB.OzoneManagerRequestHandler.handleReadRequest(OzoneManagerRequestHandler.java:201) ~[ozone-manager-1.3.0-SNAPSHOT.jar:?]
	at org.apache.hadoop.ozone.protocolPB.OzoneManagerProtocolServerSideTranslatorPB.submitReadRequestToOM(OzoneManagerProtocolServerSideTranslatorPB.java:213) ~[ozone-manager-1.3.0-SNAPSHOT.jar:?]
	at org.apache.hadoop.ozone.protocolPB.OzoneManagerProtocolServerSideTranslatorPB.processRequest(OzoneManagerProtocolServerSideTranslatorPB.java:174) ~[ozone-manager-1.3.0-SNAPSHOT.jar:?]
	at org.apache.hadoop.hdds.server.OzoneProtocolMessageDispatcher.processRequest(OzoneProtocolMessageDispatcher.java:87) [hdds-server-framework-1.3.0-SNAPSHOT.jar:?]
	at org.apache.hadoop.ozone.protocolPB.OzoneManagerProtocolServerSideTranslatorPB.submitRequest(OzoneManagerProtocolServerSideTranslatorPB.java:146) [ozone-manager-1.3.0-SNAPSHOT.jar:?]
	at org.apache.hadoop.ozone.protocol.proto.OzoneManagerProtocolProtos$OzoneManagerService$2.callBlockingMethod(OzoneManagerProtocolProtos.java) [ozone-interface-client-1.3.0-SNAPSHOT.jar:?]
	at org.apache.hadoop.ipc.ProtobufRpcEngine$Server.processCall(ProtobufRpcEngine.java:466) [hadoop-common-3.3.1.jar:?]
	at org.apache.hadoop.ipc.ProtobufRpcEngine2$Server$ProtoBufRpcInvoker.call(ProtobufRpcEngine2.java:574) [hadoop-common-3.3.1.jar:?]
	at org.apache.hadoop.ipc.ProtobufRpcEngine2$Server$ProtoBufRpcInvoker.call(ProtobufRpcEngine2.java:552) [hadoop-common-3.3.1.jar:?]
	at org.apache.hadoop.ipc.RPC$Server.call(RPC.java:1093) [hadoop-common-3.3.1.jar:?]
	at org.apache.hadoop.ipc.Server$RpcCall.run(Server.java:1035) [hadoop-common-3.3.1.jar:?]
	at org.apache.hadoop.ipc.Server$RpcCall.run(Server.java:963) [hadoop-common-3.3.1.jar:?]
	at java.security.AccessController.doPrivileged(Native Method) ~[?:1.8.0_322]
	at javax.security.auth.Subject.doAs(Subject.java:422) [?:1.8.0_322]
	at org.apache.hadoop.security.UserGroupInformation.doAs(UserGroupInformation.java:1878) [hadoop-common-3.3.1.jar:?]
	at org.apache.hadoop.ipc.Server$Handler.run(Server.java:2966) [hadoop-common-3.3.1.jar:?]
04:15:11.776 [IPC Server handler 8 on default port 38503] ERROR OMAudit - user=runner | ip=127.0.0.1 | op=GET_FILE_STATUS {volume=volume87548, bucket=bucket21072, key=testBatchDelete/parent/child7, dataSize=0, replicationConfig=null} | ret=FAILURE
org.apache.hadoop.ozone.om.exceptions.OMException: Unable to get file status: volume: volume87548 bucket: bucket21072 key: testBatchDelete/parent/child7
	at org.apache.hadoop.ozone.om.KeyManagerImpl.getOzoneFileStatus(KeyManagerImpl.java:1280) ~[ozone-manager-1.3.0-SNAPSHOT.jar:?]
	at org.apache.hadoop.ozone.om.KeyManagerImpl.getFileStatus(KeyManagerImpl.java:1210) ~[ozone-manager-1.3.0-SNAPSHOT.jar:?]
	at org.apache.hadoop.ozone.om.OzoneManager.getFileStatus(OzoneManager.java:3009) ~[ozone-manager-1.3.0-SNAPSHOT.jar:?]
	at org.apache.hadoop.ozone.protocolPB.OzoneManagerRequestHandler.getOzoneFileStatus(OzoneManagerRequestHandler.java:670) ~[ozone-manager-1.3.0-SNAPSHOT.jar:?]
	at org.apache.hadoop.ozone.protocolPB.OzoneManagerRequestHandler.handleReadRequest(OzoneManagerRequestHandler.java:201) ~[ozone-manager-1.3.0-SNAPSHOT.jar:?]
	at org.apache.hadoop.ozone.protocolPB.OzoneManagerProtocolServerSideTranslatorPB.submitReadRequestToOM(OzoneManagerProtocolServerSideTranslatorPB.java:213) ~[ozone-manager-1.3.0-SNAPSHOT.jar:?]
	at org.apache.hadoop.ozone.protocolPB.OzoneManagerProtocolServerSideTranslatorPB.processRequest(OzoneManagerProtocolServerSideTranslatorPB.java:174) ~[ozone-manager-1.3.0-SNAPSHOT.jar:?]
	at org.apache.hadoop.hdds.server.OzoneProtocolMessageDispatcher.processRequest(OzoneProtocolMessageDispatcher.java:87) [hdds-server-framework-1.3.0-SNAPSHOT.jar:?]
	at org.apache.hadoop.ozone.protocolPB.OzoneManagerProtocolServerSideTranslatorPB.submitRequest(OzoneManagerProtocolServerSideTranslatorPB.java:146) [ozone-manager-1.3.0-SNAPSHOT.jar:?]
	at org.apache.hadoop.ozone.protocol.proto.OzoneManagerProtocolProtos$OzoneManagerService$2.callBlockingMethod(OzoneManagerProtocolProtos.java) [ozone-interface-client-1.3.0-SNAPSHOT.jar:?]
	at org.apache.hadoop.ipc.ProtobufRpcEngine$Server.processCall(ProtobufRpcEngine.java:466) [hadoop-common-3.3.1.jar:?]
	at org.apache.hadoop.ipc.ProtobufRpcEngine2$Server$ProtoBufRpcInvoker.call(ProtobufRpcEngine2.java:574) [hadoop-common-3.3.1.jar:?]
	at org.apache.hadoop.ipc.ProtobufRpcEngine2$Server$ProtoBufRpcInvoker.call(ProtobufRpcEngine2.java:552) [hadoop-common-3.3.1.jar:?]
	at org.apache.hadoop.ipc.RPC$Server.call(RPC.java:1093) [hadoop-common-3.3.1.jar:?]
	at org.apache.hadoop.ipc.Server$RpcCall.run(Server.java:1035) [hadoop-common-3.3.1.jar:?]
	at org.apache.hadoop.ipc.Server$RpcCall.run(Server.java:963) [hadoop-common-3.3.1.jar:?]
	at java.security.AccessController.doPrivileged(Native Method) ~[?:1.8.0_322]
	at javax.security.auth.Subject.doAs(Subject.java:422) [?:1.8.0_322]
	at org.apache.hadoop.security.UserGroupInformation.doAs(UserGroupInformation.java:1878) [hadoop-common-3.3.1.jar:?]
	at org.apache.hadoop.ipc.Server$Handler.run(Server.java:2966) [hadoop-common-3.3.1.jar:?]
04:15:11.778 [IPC Server handler 10 on default port 38503] ERROR OMAudit - user=runner | ip=127.0.0.1 | op=GET_FILE_STATUS {volume=volume87548, bucket=bucket21072, key=testBatchDelete/parent/childFolder/child7, dataSize=0, replicationConfig=null} | ret=FAILURE
org.apache.hadoop.ozone.om.exceptions.OMException: Unable to get file status: volume: volume87548 bucket: bucket21072 key: testBatchDelete/parent/childFolder/child7
	at org.apache.hadoop.ozone.om.KeyManagerImpl.getOzoneFileStatus(KeyManagerImpl.java:1280) ~[ozone-manager-1.3.0-SNAPSHOT.jar:?]
	at org.apache.hadoop.ozone.om.KeyManagerImpl.getFileStatus(KeyManagerImpl.java:1210) ~[ozone-manager-1.3.0-SNAPSHOT.jar:?]
	at org.apache.hadoop.ozone.om.OzoneManager.getFileStatus(OzoneManager.java:3009) ~[ozone-manager-1.3.0-SNAPSHOT.jar:?]
	at org.apache.hadoop.ozone.protocolPB.OzoneManagerRequestHandler.getOzoneFileStatus(OzoneManagerRequestHandler.java:670) ~[ozone-manager-1.3.0-SNAPSHOT.jar:?]
	at org.apache.hadoop.ozone.protocolPB.OzoneManagerRequestHandler.handleReadRequest(OzoneManagerRequestHandler.java:201) ~[ozone-manager-1.3.0-SNAPSHOT.jar:?]
	at org.apache.hadoop.ozone.protocolPB.OzoneManagerProtocolServerSideTranslatorPB.submitReadRequestToOM(OzoneManagerProtocolServerSideTranslatorPB.java:213) ~[ozone-manager-1.3.0-SNAPSHOT.jar:?]
	at org.apache.hadoop.ozone.protocolPB.OzoneManagerProtocolServerSideTranslatorPB.processRequest(OzoneManagerProtocolServerSideTranslatorPB.java:174) ~[ozone-manager-1.3.0-SNAPSHOT.jar:?]
	at org.apache.hadoop.hdds.server.OzoneProtocolMessageDispatcher.processRequest(OzoneProtocolMessageDispatcher.java:87) [hdds-server-framework-1.3.0-SNAPSHOT.jar:?]
	at org.apache.hadoop.ozone.protocolPB.OzoneManagerProtocolServerSideTranslatorPB.submitRequest(OzoneManagerProtocolServerSideTranslatorPB.java:146) [ozone-manager-1.3.0-SNAPSHOT.jar:?]
	at org.apache.hadoop.ozone.protocol.proto.OzoneManagerProtocolProtos$OzoneManagerService$2.callBlockingMethod(OzoneManagerProtocolProtos.java) [ozone-interface-client-1.3.0-SNAPSHOT.jar:?]
	at org.apache.hadoop.ipc.ProtobufRpcEngine$Server.processCall(ProtobufRpcEngine.java:466) [hadoop-common-3.3.1.jar:?]
	at org.apache.hadoop.ipc.ProtobufRpcEngine2$Server$ProtoBufRpcInvoker.call(ProtobufRpcEngine2.java:574) [hadoop-common-3.3.1.jar:?]
	at org.apache.hadoop.ipc.ProtobufRpcEngine2$Server$ProtoBufRpcInvoker.call(ProtobufRpcEngine2.java:552) [hadoop-common-3.3.1.jar:?]
	at org.apache.hadoop.ipc.RPC$Server.call(RPC.java:1093) [hadoop-common-3.3.1.jar:?]
	at org.apache.hadoop.ipc.Server$RpcCall.run(Server.java:1035) [hadoop-common-3.3.1.jar:?]
	at org.apache.hadoop.ipc.Server$RpcCall.run(Server.java:963) [hadoop-common-3.3.1.jar:?]
	at java.security.AccessController.doPrivileged(Native Method) ~[?:1.8.0_322]
	at javax.security.auth.Subject.doAs(Subject.java:422) [?:1.8.0_322]
	at org.apache.hadoop.security.UserGroupInformation.doAs(UserGroupInformation.java:1878) [hadoop-common-3.3.1.jar:?]
	at org.apache.hadoop.ipc.Server$Handler.run(Server.java:2966) [hadoop-common-3.3.1.jar:?]
04:15:11.780 [IPC Server handler 11 on default port 38503] ERROR OMAudit - user=runner | ip=127.0.0.1 | op=GET_FILE_STATUS {volume=volume87548, bucket=bucket21072, key=testBatchDelete/parent, dataSize=0, replicationConfig=null} | ret=FAILURE
org.apache.hadoop.ozone.om.exceptions.OMException: Unable to get file status: volume: volume87548 bucket: bucket21072 key: testBatchDelete/parent
	at org.apache.hadoop.ozone.om.KeyManagerImpl.getOzoneFileStatus(KeyManagerImpl.java:1280) ~[ozone-manager-1.3.0-SNAPSHOT.jar:?]
	at org.apache.hadoop.ozone.om.KeyManagerImpl.getFileStatus(KeyManagerImpl.java:1210) ~[ozone-manager-1.3.0-SNAPSHOT.jar:?]
	at org.apache.hadoop.ozone.om.OzoneManager.getFileStatus(OzoneManager.java:3009) ~[ozone-manager-1.3.0-SNAPSHOT.jar:?]
	at org.apache.hadoop.ozone.protocolPB.OzoneManagerRequestHandler.getOzoneFileStatus(OzoneManagerRequestHandler.java:670) ~[ozone-manager-1.3.0-SNAPSHOT.jar:?]
	at org.apache.hadoop.ozone.protocolPB.OzoneManagerRequestHandler.handleReadRequest(OzoneManagerRequestHandler.java:201) ~[ozone-manager-1.3.0-SNAPSHOT.jar:?]
	at org.apache.hadoop.ozone.protocolPB.OzoneManagerProtocolServerSideTranslatorPB.submitReadRequestToOM(OzoneManagerProtocolServerSideTranslatorPB.java:213) ~[ozone-manager-1.3.0-SNAPSHOT.jar:?]
	at org.apache.hadoop.ozone.protocolPB.OzoneManagerProtocolServerSideTranslatorPB.processRequest(OzoneManagerProtocolServerSideTranslatorPB.java:174) ~[ozone-manager-1.3.0-SNAPSHOT.jar:?]
	at org.apache.hadoop.hdds.server.OzoneProtocolMessageDispatcher.processRequest(OzoneProtocolMessageDispatcher.java:87) [hdds-server-framework-1.3.0-SNAPSHOT.jar:?]
	at org.apache.hadoop.ozone.protocolPB.OzoneManagerProtocolServerSideTranslatorPB.submitRequest(OzoneManagerProtocolServerSideTranslatorPB.java:146) [ozone-manager-1.3.0-SNAPSHOT.jar:?]
	at org.apache.hadoop.ozone.protocol.proto.OzoneManagerProtocolProtos$OzoneManagerService$2.callBlockingMethod(OzoneManagerProtocolProtos.java) [ozone-interface-client-1.3.0-SNAPSHOT.jar:?]
	at org.apache.hadoop.ipc.ProtobufRpcEngine$Server.processCall(ProtobufRpcEngine.java:466) [hadoop-common-3.3.1.jar:?]
	at org.apache.hadoop.ipc.ProtobufRpcEngine2$Server$ProtoBufRpcInvoker.call(ProtobufRpcEngine2.java:574) [hadoop-common-3.3.1.jar:?]
	at org.apache.hadoop.ipc.ProtobufRpcEngine2$Server$ProtoBufRpcInvoker.call(ProtobufRpcEngine2.java:552) [hadoop-common-3.3.1.jar:?]
	at org.apache.hadoop.ipc.RPC$Server.call(RPC.java:1093) [hadoop-common-3.3.1.jar:?]
	at org.apache.hadoop.ipc.Server$RpcCall.run(Server.java:1035) [hadoop-common-3.3.1.jar:?]
	at org.apache.hadoop.ipc.Server$RpcCall.run(Server.java:963) [hadoop-common-3.3.1.jar:?]
	at java.security.AccessController.doPrivileged(Native Method) ~[?:1.8.0_322]
	at javax.security.auth.Subject.doAs(Subject.java:422) [?:1.8.0_322]
	at org.apache.hadoop.security.UserGroupInformation.doAs(UserGroupInformation.java:1878) [hadoop-common-3.3.1.jar:?]
	at org.apache.hadoop.ipc.Server$Handler.run(Server.java:2966) [hadoop-common-3.3.1.jar:?]
2022-04-24 04:15:11,780 [Time-limited test] WARN  ozone.BasicOzoneFileSystem (BasicOzoneFileSystem.java:delete(530)) - delete: Path does not exist: /testBatchDelete/parent
]]></system-out>
  </testcase>
  <testcase name="testFileDelete" classname="TestOzoneFileSystem" time="0.104">
    <system-out><![CDATA[04:16:17.825 [IPC Server handler 9 on default port 40137] ERROR OMAudit - user=runner | ip=127.0.0.1 | op=GET_FILE_STATUS {volume=volume25603, bucket=bucket32835, key=testBatchDelete, dataSize=0, replicationConfig=null} | ret=FAILURE
org.apache.hadoop.ozone.om.exceptions.OMException: Unable to get file status: volume: volume25603 bucket: bucket32835 key: testBatchDelete
	at org.apache.hadoop.ozone.om.KeyManagerImpl.getOzoneFileStatus(KeyManagerImpl.java:1280) ~[ozone-manager-1.3.0-SNAPSHOT.jar:?]
	at org.apache.hadoop.ozone.om.KeyManagerImpl.getFileStatus(KeyManagerImpl.java:1210) ~[ozone-manager-1.3.0-SNAPSHOT.jar:?]
	at org.apache.hadoop.ozone.om.OzoneManager.getFileStatus(OzoneManager.java:3009) ~[ozone-manager-1.3.0-SNAPSHOT.jar:?]
	at org.apache.hadoop.ozone.protocolPB.OzoneManagerRequestHandler.getOzoneFileStatus(OzoneManagerRequestHandler.java:670) ~[ozone-manager-1.3.0-SNAPSHOT.jar:?]
	at org.apache.hadoop.ozone.protocolPB.OzoneManagerRequestHandler.handleReadRequest(OzoneManagerRequestHandler.java:201) ~[ozone-manager-1.3.0-SNAPSHOT.jar:?]
	at org.apache.hadoop.ozone.protocolPB.OzoneManagerProtocolServerSideTranslatorPB.submitRequestDirectlyToOM(OzoneManagerProtocolServerSideTranslatorPB.java:271) ~[ozone-manager-1.3.0-SNAPSHOT.jar:?]
	at org.apache.hadoop.ozone.protocolPB.OzoneManagerProtocolServerSideTranslatorPB.processRequest(OzoneManagerProtocolServerSideTranslatorPB.java:195) ~[ozone-manager-1.3.0-SNAPSHOT.jar:?]
	at org.apache.hadoop.hdds.server.OzoneProtocolMessageDispatcher.processRequest(OzoneProtocolMessageDispatcher.java:87) [hdds-server-framework-1.3.0-SNAPSHOT.jar:?]
	at org.apache.hadoop.ozone.protocolPB.OzoneManagerProtocolServerSideTranslatorPB.submitRequest(OzoneManagerProtocolServerSideTranslatorPB.java:146) [ozone-manager-1.3.0-SNAPSHOT.jar:?]
	at org.apache.hadoop.ozone.protocol.proto.OzoneManagerProtocolProtos$OzoneManagerService$2.callBlockingMethod(OzoneManagerProtocolProtos.java) [ozone-interface-client-1.3.0-SNAPSHOT.jar:?]
	at org.apache.hadoop.ipc.ProtobufRpcEngine$Server.processCall(ProtobufRpcEngine.java:466) [hadoop-common-3.3.1.jar:?]
	at org.apache.hadoop.ipc.ProtobufRpcEngine2$Server$ProtoBufRpcInvoker.call(ProtobufRpcEngine2.java:574) [hadoop-common-3.3.1.jar:?]
	at org.apache.hadoop.ipc.ProtobufRpcEngine2$Server$ProtoBufRpcInvoker.call(ProtobufRpcEngine2.java:552) [hadoop-common-3.3.1.jar:?]
	at org.apache.hadoop.ipc.RPC$Server.call(RPC.java:1093) [hadoop-common-3.3.1.jar:?]
	at org.apache.hadoop.ipc.Server$RpcCall.run(Server.java:1035) [hadoop-common-3.3.1.jar:?]
	at org.apache.hadoop.ipc.Server$RpcCall.run(Server.java:963) [hadoop-common-3.3.1.jar:?]
	at java.security.AccessController.doPrivileged(Native Method) ~[?:1.8.0_322]
	at javax.security.auth.Subject.doAs(Subject.java:422) [?:1.8.0_322]
	at org.apache.hadoop.security.UserGroupInformation.doAs(UserGroupInformation.java:1878) [hadoop-common-3.3.1.jar:?]
	at org.apache.hadoop.ipc.Server$Handler.run(Server.java:2966) [hadoop-common-3.3.1.jar:?]
04:16:17.826 [IPC Server handler 11 on default port 40137] ERROR OMAudit - user=runner | ip=127.0.0.1 | op=GET_FILE_STATUS {volume=volume25603, bucket=bucket32835, key=testBatchDelete/parent/child0, dataSize=0, replicationConfig=null} | ret=FAILURE
org.apache.hadoop.ozone.om.exceptions.OMException: Unable to get file status: volume: volume25603 bucket: bucket32835 key: testBatchDelete/parent/child0
	at org.apache.hadoop.ozone.om.KeyManagerImpl.getOzoneFileStatus(KeyManagerImpl.java:1280) ~[ozone-manager-1.3.0-SNAPSHOT.jar:?]
	at org.apache.hadoop.ozone.om.KeyManagerImpl.getFileStatus(KeyManagerImpl.java:1210) ~[ozone-manager-1.3.0-SNAPSHOT.jar:?]
	at org.apache.hadoop.ozone.om.OzoneManager.getFileStatus(OzoneManager.java:3009) ~[ozone-manager-1.3.0-SNAPSHOT.jar:?]
	at org.apache.hadoop.ozone.protocolPB.OzoneManagerRequestHandler.getOzoneFileStatus(OzoneManagerRequestHandler.java:670) ~[ozone-manager-1.3.0-SNAPSHOT.jar:?]
	at org.apache.hadoop.ozone.protocolPB.OzoneManagerRequestHandler.handleReadRequest(OzoneManagerRequestHandler.java:201) ~[ozone-manager-1.3.0-SNAPSHOT.jar:?]
	at org.apache.hadoop.ozone.protocolPB.OzoneManagerProtocolServerSideTranslatorPB.submitRequestDirectlyToOM(OzoneManagerProtocolServerSideTranslatorPB.java:271) ~[ozone-manager-1.3.0-SNAPSHOT.jar:?]
	at org.apache.hadoop.ozone.protocolPB.OzoneManagerProtocolServerSideTranslatorPB.processRequest(OzoneManagerProtocolServerSideTranslatorPB.java:195) ~[ozone-manager-1.3.0-SNAPSHOT.jar:?]
	at org.apache.hadoop.hdds.server.OzoneProtocolMessageDispatcher.processRequest(OzoneProtocolMessageDispatcher.java:87) [hdds-server-framework-1.3.0-SNAPSHOT.jar:?]
	at org.apache.hadoop.ozone.protocolPB.OzoneManagerProtocolServerSideTranslatorPB.submitRequest(OzoneManagerProtocolServerSideTranslatorPB.java:146) [ozone-manager-1.3.0-SNAPSHOT.jar:?]
	at org.apache.hadoop.ozone.protocol.proto.OzoneManagerProtocolProtos$OzoneManagerService$2.callBlockingMethod(OzoneManagerProtocolProtos.java) [ozone-interface-client-1.3.0-SNAPSHOT.jar:?]
	at org.apache.hadoop.ipc.ProtobufRpcEngine$Server.processCall(ProtobufRpcEngine.java:466) [hadoop-common-3.3.1.jar:?]
	at org.apache.hadoop.ipc.ProtobufRpcEngine2$Server$ProtoBufRpcInvoker.call(ProtobufRpcEngine2.java:574) [hadoop-common-3.3.1.jar:?]
	at org.apache.hadoop.ipc.ProtobufRpcEngine2$Server$ProtoBufRpcInvoker.call(ProtobufRpcEngine2.java:552) [hadoop-common-3.3.1.jar:?]
	at org.apache.hadoop.ipc.RPC$Server.call(RPC.java:1093) [hadoop-common-3.3.1.jar:?]
	at org.apache.hadoop.ipc.Server$RpcCall.run(Server.java:1035) [hadoop-common-3.3.1.jar:?]
	at org.apache.hadoop.ipc.Server$RpcCall.run(Server.java:963) [hadoop-common-3.3.1.jar:?]
	at java.security.AccessController.doPrivileged(Native Method) ~[?:1.8.0_322]
	at javax.security.auth.Subject.doAs(Subject.java:422) [?:1.8.0_322]
	at org.apache.hadoop.security.UserGroupInformation.doAs(UserGroupInformation.java:1878) [hadoop-common-3.3.1.jar:?]
	at org.apache.hadoop.ipc.Server$Handler.run(Server.java:2966) [hadoop-common-3.3.1.jar:?]
04:16:17.827 [IPC Server handler 8 on default port 40137] ERROR OMAudit - user=runner | ip=127.0.0.1 | op=GET_FILE_STATUS {volume=volume25603, bucket=bucket32835, key=testBatchDelete/parent/childFolder/child0, dataSize=0, replicationConfig=null} | ret=FAILURE
org.apache.hadoop.ozone.om.exceptions.OMException: Unable to get file status: volume: volume25603 bucket: bucket32835 key: testBatchDelete/parent/childFolder/child0
	at org.apache.hadoop.ozone.om.KeyManagerImpl.getOzoneFileStatus(KeyManagerImpl.java:1280) ~[ozone-manager-1.3.0-SNAPSHOT.jar:?]
	at org.apache.hadoop.ozone.om.KeyManagerImpl.getFileStatus(KeyManagerImpl.java:1210) ~[ozone-manager-1.3.0-SNAPSHOT.jar:?]
	at org.apache.hadoop.ozone.om.OzoneManager.getFileStatus(OzoneManager.java:3009) ~[ozone-manager-1.3.0-SNAPSHOT.jar:?]
	at org.apache.hadoop.ozone.protocolPB.OzoneManagerRequestHandler.getOzoneFileStatus(OzoneManagerRequestHandler.java:670) ~[ozone-manager-1.3.0-SNAPSHOT.jar:?]
	at org.apache.hadoop.ozone.protocolPB.OzoneManagerRequestHandler.handleReadRequest(OzoneManagerRequestHandler.java:201) ~[ozone-manager-1.3.0-SNAPSHOT.jar:?]
	at org.apache.hadoop.ozone.protocolPB.OzoneManagerProtocolServerSideTranslatorPB.submitRequestDirectlyToOM(OzoneManagerProtocolServerSideTranslatorPB.java:271) ~[ozone-manager-1.3.0-SNAPSHOT.jar:?]
	at org.apache.hadoop.ozone.protocolPB.OzoneManagerProtocolServerSideTranslatorPB.processRequest(OzoneManagerProtocolServerSideTranslatorPB.java:195) ~[ozone-manager-1.3.0-SNAPSHOT.jar:?]
	at org.apache.hadoop.hdds.server.OzoneProtocolMessageDispatcher.processRequest(OzoneProtocolMessageDispatcher.java:87) [hdds-server-framework-1.3.0-SNAPSHOT.jar:?]
	at org.apache.hadoop.ozone.protocolPB.OzoneManagerProtocolServerSideTranslatorPB.submitRequest(OzoneManagerProtocolServerSideTranslatorPB.java:146) [ozone-manager-1.3.0-SNAPSHOT.jar:?]
	at org.apache.hadoop.ozone.protocol.proto.OzoneManagerProtocolProtos$OzoneManagerService$2.callBlockingMethod(OzoneManagerProtocolProtos.java) [ozone-interface-client-1.3.0-SNAPSHOT.jar:?]
	at org.apache.hadoop.ipc.ProtobufRpcEngine$Server.processCall(ProtobufRpcEngine.java:466) [hadoop-common-3.3.1.jar:?]
	at org.apache.hadoop.ipc.ProtobufRpcEngine2$Server$ProtoBufRpcInvoker.call(ProtobufRpcEngine2.java:574) [hadoop-common-3.3.1.jar:?]
	at org.apache.hadoop.ipc.ProtobufRpcEngine2$Server$ProtoBufRpcInvoker.call(ProtobufRpcEngine2.java:552) [hadoop-common-3.3.1.jar:?]
	at org.apache.hadoop.ipc.RPC$Server.call(RPC.java:1093) [hadoop-common-3.3.1.jar:?]
	at org.apache.hadoop.ipc.Server$RpcCall.run(Server.java:1035) [hadoop-common-3.3.1.jar:?]
	at org.apache.hadoop.ipc.Server$RpcCall.run(Server.java:963) [hadoop-common-3.3.1.jar:?]
	at java.security.AccessController.doPrivileged(Native Method) ~[?:1.8.0_322]
	at javax.security.auth.Subject.doAs(Subject.java:422) [?:1.8.0_322]
	at org.apache.hadoop.security.UserGroupInformation.doAs(UserGroupInformation.java:1878) [hadoop-common-3.3.1.jar:?]
	at org.apache.hadoop.ipc.Server$Handler.run(Server.java:2966) [hadoop-common-3.3.1.jar:?]
04:16:17.828 [IPC Server handler 0 on default port 40137] ERROR OMAudit - user=runner | ip=127.0.0.1 | op=GET_FILE_STATUS {volume=volume25603, bucket=bucket32835, key=testBatchDelete/parent/child1, dataSize=0, replicationConfig=null} | ret=FAILURE
org.apache.hadoop.ozone.om.exceptions.OMException: Unable to get file status: volume: volume25603 bucket: bucket32835 key: testBatchDelete/parent/child1
	at org.apache.hadoop.ozone.om.KeyManagerImpl.getOzoneFileStatus(KeyManagerImpl.java:1280) ~[ozone-manager-1.3.0-SNAPSHOT.jar:?]
	at org.apache.hadoop.ozone.om.KeyManagerImpl.getFileStatus(KeyManagerImpl.java:1210) ~[ozone-manager-1.3.0-SNAPSHOT.jar:?]
	at org.apache.hadoop.ozone.om.OzoneManager.getFileStatus(OzoneManager.java:3009) ~[ozone-manager-1.3.0-SNAPSHOT.jar:?]
	at org.apache.hadoop.ozone.protocolPB.OzoneManagerRequestHandler.getOzoneFileStatus(OzoneManagerRequestHandler.java:670) ~[ozone-manager-1.3.0-SNAPSHOT.jar:?]
	at org.apache.hadoop.ozone.protocolPB.OzoneManagerRequestHandler.handleReadRequest(OzoneManagerRequestHandler.java:201) ~[ozone-manager-1.3.0-SNAPSHOT.jar:?]
	at org.apache.hadoop.ozone.protocolPB.OzoneManagerProtocolServerSideTranslatorPB.submitRequestDirectlyToOM(OzoneManagerProtocolServerSideTranslatorPB.java:271) ~[ozone-manager-1.3.0-SNAPSHOT.jar:?]
	at org.apache.hadoop.ozone.protocolPB.OzoneManagerProtocolServerSideTranslatorPB.processRequest(OzoneManagerProtocolServerSideTranslatorPB.java:195) ~[ozone-manager-1.3.0-SNAPSHOT.jar:?]
	at org.apache.hadoop.hdds.server.OzoneProtocolMessageDispatcher.processRequest(OzoneProtocolMessageDispatcher.java:87) [hdds-server-framework-1.3.0-SNAPSHOT.jar:?]
	at org.apache.hadoop.ozone.protocolPB.OzoneManagerProtocolServerSideTranslatorPB.submitRequest(OzoneManagerProtocolServerSideTranslatorPB.java:146) [ozone-manager-1.3.0-SNAPSHOT.jar:?]
	at org.apache.hadoop.ozone.protocol.proto.OzoneManagerProtocolProtos$OzoneManagerService$2.callBlockingMethod(OzoneManagerProtocolProtos.java) [ozone-interface-client-1.3.0-SNAPSHOT.jar:?]
	at org.apache.hadoop.ipc.ProtobufRpcEngine$Server.processCall(ProtobufRpcEngine.java:466) [hadoop-common-3.3.1.jar:?]
	at org.apache.hadoop.ipc.ProtobufRpcEngine2$Server$ProtoBufRpcInvoker.call(ProtobufRpcEngine2.java:574) [hadoop-common-3.3.1.jar:?]
	at org.apache.hadoop.ipc.ProtobufRpcEngine2$Server$ProtoBufRpcInvoker.call(ProtobufRpcEngine2.java:552) [hadoop-common-3.3.1.jar:?]
	at org.apache.hadoop.ipc.RPC$Server.call(RPC.java:1093) [hadoop-common-3.3.1.jar:?]
	at org.apache.hadoop.ipc.Server$RpcCall.run(Server.java:1035) [hadoop-common-3.3.1.jar:?]
	at org.apache.hadoop.ipc.Server$RpcCall.run(Server.java:963) [hadoop-common-3.3.1.jar:?]
	at java.security.AccessController.doPrivileged(Native Method) ~[?:1.8.0_322]
	at javax.security.auth.Subject.doAs(Subject.java:422) [?:1.8.0_322]
	at org.apache.hadoop.security.UserGroupInformation.doAs(UserGroupInformation.java:1878) [hadoop-common-3.3.1.jar:?]
	at org.apache.hadoop.ipc.Server$Handler.run(Server.java:2966) [hadoop-common-3.3.1.jar:?]
04:16:17.828 [IPC Server handler 19 on default port 40137] ERROR OMAudit - user=runner | ip=127.0.0.1 | op=GET_FILE_STATUS {volume=volume25603, bucket=bucket32835, key=testBatchDelete/parent/childFolder/child1, dataSize=0, replicationConfig=null} | ret=FAILURE
org.apache.hadoop.ozone.om.exceptions.OMException: Unable to get file status: volume: volume25603 bucket: bucket32835 key: testBatchDelete/parent/childFolder/child1
	at org.apache.hadoop.ozone.om.KeyManagerImpl.getOzoneFileStatus(KeyManagerImpl.java:1280) ~[ozone-manager-1.3.0-SNAPSHOT.jar:?]
	at org.apache.hadoop.ozone.om.KeyManagerImpl.getFileStatus(KeyManagerImpl.java:1210) ~[ozone-manager-1.3.0-SNAPSHOT.jar:?]
	at org.apache.hadoop.ozone.om.OzoneManager.getFileStatus(OzoneManager.java:3009) ~[ozone-manager-1.3.0-SNAPSHOT.jar:?]
	at org.apache.hadoop.ozone.protocolPB.OzoneManagerRequestHandler.getOzoneFileStatus(OzoneManagerRequestHandler.java:670) ~[ozone-manager-1.3.0-SNAPSHOT.jar:?]
	at org.apache.hadoop.ozone.protocolPB.OzoneManagerRequestHandler.handleReadRequest(OzoneManagerRequestHandler.java:201) ~[ozone-manager-1.3.0-SNAPSHOT.jar:?]
	at org.apache.hadoop.ozone.protocolPB.OzoneManagerProtocolServerSideTranslatorPB.submitRequestDirectlyToOM(OzoneManagerProtocolServerSideTranslatorPB.java:271) ~[ozone-manager-1.3.0-SNAPSHOT.jar:?]
	at org.apache.hadoop.ozone.protocolPB.OzoneManagerProtocolServerSideTranslatorPB.processRequest(OzoneManagerProtocolServerSideTranslatorPB.java:195) ~[ozone-manager-1.3.0-SNAPSHOT.jar:?]
	at org.apache.hadoop.hdds.server.OzoneProtocolMessageDispatcher.processRequest(OzoneProtocolMessageDispatcher.java:87) [hdds-server-framework-1.3.0-SNAPSHOT.jar:?]
	at org.apache.hadoop.ozone.protocolPB.OzoneManagerProtocolServerSideTranslatorPB.submitRequest(OzoneManagerProtocolServerSideTranslatorPB.java:146) [ozone-manager-1.3.0-SNAPSHOT.jar:?]
	at org.apache.hadoop.ozone.protocol.proto.OzoneManagerProtocolProtos$OzoneManagerService$2.callBlockingMethod(OzoneManagerProtocolProtos.java) [ozone-interface-client-1.3.0-SNAPSHOT.jar:?]
	at org.apache.hadoop.ipc.ProtobufRpcEngine$Server.processCall(ProtobufRpcEngine.java:466) [hadoop-common-3.3.1.jar:?]
	at org.apache.hadoop.ipc.ProtobufRpcEngine2$Server$ProtoBufRpcInvoker.call(ProtobufRpcEngine2.java:574) [hadoop-common-3.3.1.jar:?]
	at org.apache.hadoop.ipc.ProtobufRpcEngine2$Server$ProtoBufRpcInvoker.call(ProtobufRpcEngine2.java:552) [hadoop-common-3.3.1.jar:?]
	at org.apache.hadoop.ipc.RPC$Server.call(RPC.java:1093) [hadoop-common-3.3.1.jar:?]
	at org.apache.hadoop.ipc.Server$RpcCall.run(Server.java:1035) [hadoop-common-3.3.1.jar:?]
	at org.apache.hadoop.ipc.Server$RpcCall.run(Server.java:963) [hadoop-common-3.3.1.jar:?]
	at java.security.AccessController.doPrivileged(Native Method) ~[?:1.8.0_322]
	at javax.security.auth.Subject.doAs(Subject.java:422) [?:1.8.0_322]
	at org.apache.hadoop.security.UserGroupInformation.doAs(UserGroupInformation.java:1878) [hadoop-common-3.3.1.jar:?]
	at org.apache.hadoop.ipc.Server$Handler.run(Server.java:2966) [hadoop-common-3.3.1.jar:?]
04:16:17.830 [IPC Server handler 6 on default port 40137] ERROR OMAudit - user=runner | ip=127.0.0.1 | op=GET_FILE_STATUS {volume=volume25603, bucket=bucket32835, key=testBatchDelete/parent/child2, dataSize=0, replicationConfig=null} | ret=FAILURE
org.apache.hadoop.ozone.om.exceptions.OMException: Unable to get file status: volume: volume25603 bucket: bucket32835 key: testBatchDelete/parent/child2
	at org.apache.hadoop.ozone.om.KeyManagerImpl.getOzoneFileStatus(KeyManagerImpl.java:1280) ~[ozone-manager-1.3.0-SNAPSHOT.jar:?]
	at org.apache.hadoop.ozone.om.KeyManagerImpl.getFileStatus(KeyManagerImpl.java:1210) ~[ozone-manager-1.3.0-SNAPSHOT.jar:?]
	at org.apache.hadoop.ozone.om.OzoneManager.getFileStatus(OzoneManager.java:3009) ~[ozone-manager-1.3.0-SNAPSHOT.jar:?]
	at org.apache.hadoop.ozone.protocolPB.OzoneManagerRequestHandler.getOzoneFileStatus(OzoneManagerRequestHandler.java:670) ~[ozone-manager-1.3.0-SNAPSHOT.jar:?]
	at org.apache.hadoop.ozone.protocolPB.OzoneManagerRequestHandler.handleReadRequest(OzoneManagerRequestHandler.java:201) ~[ozone-manager-1.3.0-SNAPSHOT.jar:?]
	at org.apache.hadoop.ozone.protocolPB.OzoneManagerProtocolServerSideTranslatorPB.submitRequestDirectlyToOM(OzoneManagerProtocolServerSideTranslatorPB.java:271) ~[ozone-manager-1.3.0-SNAPSHOT.jar:?]
	at org.apache.hadoop.ozone.protocolPB.OzoneManagerProtocolServerSideTranslatorPB.processRequest(OzoneManagerProtocolServerSideTranslatorPB.java:195) ~[ozone-manager-1.3.0-SNAPSHOT.jar:?]
	at org.apache.hadoop.hdds.server.OzoneProtocolMessageDispatcher.processRequest(OzoneProtocolMessageDispatcher.java:87) [hdds-server-framework-1.3.0-SNAPSHOT.jar:?]
	at org.apache.hadoop.ozone.protocolPB.OzoneManagerProtocolServerSideTranslatorPB.submitRequest(OzoneManagerProtocolServerSideTranslatorPB.java:146) [ozone-manager-1.3.0-SNAPSHOT.jar:?]
	at org.apache.hadoop.ozone.protocol.proto.OzoneManagerProtocolProtos$OzoneManagerService$2.callBlockingMethod(OzoneManagerProtocolProtos.java) [ozone-interface-client-1.3.0-SNAPSHOT.jar:?]
	at org.apache.hadoop.ipc.ProtobufRpcEngine$Server.processCall(ProtobufRpcEngine.java:466) [hadoop-common-3.3.1.jar:?]
	at org.apache.hadoop.ipc.ProtobufRpcEngine2$Server$ProtoBufRpcInvoker.call(ProtobufRpcEngine2.java:574) [hadoop-common-3.3.1.jar:?]
	at org.apache.hadoop.ipc.ProtobufRpcEngine2$Server$ProtoBufRpcInvoker.call(ProtobufRpcEngine2.java:552) [hadoop-common-3.3.1.jar:?]
	at org.apache.hadoop.ipc.RPC$Server.call(RPC.java:1093) [hadoop-common-3.3.1.jar:?]
	at org.apache.hadoop.ipc.Server$RpcCall.run(Server.java:1035) [hadoop-common-3.3.1.jar:?]
	at org.apache.hadoop.ipc.Server$RpcCall.run(Server.java:963) [hadoop-common-3.3.1.jar:?]
	at java.security.AccessController.doPrivileged(Native Method) ~[?:1.8.0_322]
	at javax.security.auth.Subject.doAs(Subject.java:422) [?:1.8.0_322]
	at org.apache.hadoop.security.UserGroupInformation.doAs(UserGroupInformation.java:1878) [hadoop-common-3.3.1.jar:?]
	at org.apache.hadoop.ipc.Server$Handler.run(Server.java:2966) [hadoop-common-3.3.1.jar:?]
04:16:17.831 [IPC Server handler 18 on default port 40137] ERROR OMAudit - user=runner | ip=127.0.0.1 | op=GET_FILE_STATUS {volume=volume25603, bucket=bucket32835, key=testBatchDelete/parent/childFolder/child2, dataSize=0, replicationConfig=null} | ret=FAILURE
org.apache.hadoop.ozone.om.exceptions.OMException: Unable to get file status: volume: volume25603 bucket: bucket32835 key: testBatchDelete/parent/childFolder/child2
	at org.apache.hadoop.ozone.om.KeyManagerImpl.getOzoneFileStatus(KeyManagerImpl.java:1280) ~[ozone-manager-1.3.0-SNAPSHOT.jar:?]
	at org.apache.hadoop.ozone.om.KeyManagerImpl.getFileStatus(KeyManagerImpl.java:1210) ~[ozone-manager-1.3.0-SNAPSHOT.jar:?]
	at org.apache.hadoop.ozone.om.OzoneManager.getFileStatus(OzoneManager.java:3009) ~[ozone-manager-1.3.0-SNAPSHOT.jar:?]
	at org.apache.hadoop.ozone.protocolPB.OzoneManagerRequestHandler.getOzoneFileStatus(OzoneManagerRequestHandler.java:670) ~[ozone-manager-1.3.0-SNAPSHOT.jar:?]
	at org.apache.hadoop.ozone.protocolPB.OzoneManagerRequestHandler.handleReadRequest(OzoneManagerRequestHandler.java:201) ~[ozone-manager-1.3.0-SNAPSHOT.jar:?]
	at org.apache.hadoop.ozone.protocolPB.OzoneManagerProtocolServerSideTranslatorPB.submitRequestDirectlyToOM(OzoneManagerProtocolServerSideTranslatorPB.java:271) ~[ozone-manager-1.3.0-SNAPSHOT.jar:?]
	at org.apache.hadoop.ozone.protocolPB.OzoneManagerProtocolServerSideTranslatorPB.processRequest(OzoneManagerProtocolServerSideTranslatorPB.java:195) ~[ozone-manager-1.3.0-SNAPSHOT.jar:?]
	at org.apache.hadoop.hdds.server.OzoneProtocolMessageDispatcher.processRequest(OzoneProtocolMessageDispatcher.java:87) [hdds-server-framework-1.3.0-SNAPSHOT.jar:?]
	at org.apache.hadoop.ozone.protocolPB.OzoneManagerProtocolServerSideTranslatorPB.submitRequest(OzoneManagerProtocolServerSideTranslatorPB.java:146) [ozone-manager-1.3.0-SNAPSHOT.jar:?]
	at org.apache.hadoop.ozone.protocol.proto.OzoneManagerProtocolProtos$OzoneManagerService$2.callBlockingMethod(OzoneManagerProtocolProtos.java) [ozone-interface-client-1.3.0-SNAPSHOT.jar:?]
	at org.apache.hadoop.ipc.ProtobufRpcEngine$Server.processCall(ProtobufRpcEngine.java:466) [hadoop-common-3.3.1.jar:?]
	at org.apache.hadoop.ipc.ProtobufRpcEngine2$Server$ProtoBufRpcInvoker.call(ProtobufRpcEngine2.java:574) [hadoop-common-3.3.1.jar:?]
	at org.apache.hadoop.ipc.ProtobufRpcEngine2$Server$ProtoBufRpcInvoker.call(ProtobufRpcEngine2.java:552) [hadoop-common-3.3.1.jar:?]
	at org.apache.hadoop.ipc.RPC$Server.call(RPC.java:1093) [hadoop-common-3.3.1.jar:?]
	at org.apache.hadoop.ipc.Server$RpcCall.run(Server.java:1035) [hadoop-common-3.3.1.jar:?]
	at org.apache.hadoop.ipc.Server$RpcCall.run(Server.java:963) [hadoop-common-3.3.1.jar:?]
	at java.security.AccessController.doPrivileged(Native Method) ~[?:1.8.0_322]
	at javax.security.auth.Subject.doAs(Subject.java:422) [?:1.8.0_322]
	at org.apache.hadoop.security.UserGroupInformation.doAs(UserGroupInformation.java:1878) [hadoop-common-3.3.1.jar:?]
	at org.apache.hadoop.ipc.Server$Handler.run(Server.java:2966) [hadoop-common-3.3.1.jar:?]
04:16:17.833 [IPC Server handler 5 on default port 40137] ERROR OMAudit - user=runner | ip=127.0.0.1 | op=GET_FILE_STATUS {volume=volume25603, bucket=bucket32835, key=testBatchDelete/parent/child3, dataSize=0, replicationConfig=null} | ret=FAILURE
org.apache.hadoop.ozone.om.exceptions.OMException: Unable to get file status: volume: volume25603 bucket: bucket32835 key: testBatchDelete/parent/child3
	at org.apache.hadoop.ozone.om.KeyManagerImpl.getOzoneFileStatus(KeyManagerImpl.java:1280) ~[ozone-manager-1.3.0-SNAPSHOT.jar:?]
	at org.apache.hadoop.ozone.om.KeyManagerImpl.getFileStatus(KeyManagerImpl.java:1210) ~[ozone-manager-1.3.0-SNAPSHOT.jar:?]
	at org.apache.hadoop.ozone.om.OzoneManager.getFileStatus(OzoneManager.java:3009) ~[ozone-manager-1.3.0-SNAPSHOT.jar:?]
	at org.apache.hadoop.ozone.protocolPB.OzoneManagerRequestHandler.getOzoneFileStatus(OzoneManagerRequestHandler.java:670) ~[ozone-manager-1.3.0-SNAPSHOT.jar:?]
	at org.apache.hadoop.ozone.protocolPB.OzoneManagerRequestHandler.handleReadRequest(OzoneManagerRequestHandler.java:201) ~[ozone-manager-1.3.0-SNAPSHOT.jar:?]
	at org.apache.hadoop.ozone.protocolPB.OzoneManagerProtocolServerSideTranslatorPB.submitRequestDirectlyToOM(OzoneManagerProtocolServerSideTranslatorPB.java:271) ~[ozone-manager-1.3.0-SNAPSHOT.jar:?]
	at org.apache.hadoop.ozone.protocolPB.OzoneManagerProtocolServerSideTranslatorPB.processRequest(OzoneManagerProtocolServerSideTranslatorPB.java:195) ~[ozone-manager-1.3.0-SNAPSHOT.jar:?]
	at org.apache.hadoop.hdds.server.OzoneProtocolMessageDispatcher.processRequest(OzoneProtocolMessageDispatcher.java:87) [hdds-server-framework-1.3.0-SNAPSHOT.jar:?]
	at org.apache.hadoop.ozone.protocolPB.OzoneManagerProtocolServerSideTranslatorPB.submitRequest(OzoneManagerProtocolServerSideTranslatorPB.java:146) [ozone-manager-1.3.0-SNAPSHOT.jar:?]
	at org.apache.hadoop.ozone.protocol.proto.OzoneManagerProtocolProtos$OzoneManagerService$2.callBlockingMethod(OzoneManagerProtocolProtos.java) [ozone-interface-client-1.3.0-SNAPSHOT.jar:?]
	at org.apache.hadoop.ipc.ProtobufRpcEngine$Server.processCall(ProtobufRpcEngine.java:466) [hadoop-common-3.3.1.jar:?]
	at org.apache.hadoop.ipc.ProtobufRpcEngine2$Server$ProtoBufRpcInvoker.call(ProtobufRpcEngine2.java:574) [hadoop-common-3.3.1.jar:?]
	at org.apache.hadoop.ipc.ProtobufRpcEngine2$Server$ProtoBufRpcInvoker.call(ProtobufRpcEngine2.java:552) [hadoop-common-3.3.1.jar:?]
	at org.apache.hadoop.ipc.RPC$Server.call(RPC.java:1093) [hadoop-common-3.3.1.jar:?]
	at org.apache.hadoop.ipc.Server$RpcCall.run(Server.java:1035) [hadoop-common-3.3.1.jar:?]
	at org.apache.hadoop.ipc.Server$RpcCall.run(Server.java:963) [hadoop-common-3.3.1.jar:?]
	at java.security.AccessController.doPrivileged(Native Method) ~[?:1.8.0_322]
	at javax.security.auth.Subject.doAs(Subject.java:422) [?:1.8.0_322]
	at org.apache.hadoop.security.UserGroupInformation.doAs(UserGroupInformation.java:1878) [hadoop-common-3.3.1.jar:?]
	at org.apache.hadoop.ipc.Server$Handler.run(Server.java:2966) [hadoop-common-3.3.1.jar:?]
04:16:17.833 [IPC Server handler 4 on default port 40137] ERROR OMAudit - user=runner | ip=127.0.0.1 | op=GET_FILE_STATUS {volume=volume25603, bucket=bucket32835, key=testBatchDelete/parent/childFolder/child3, dataSize=0, replicationConfig=null} | ret=FAILURE
org.apache.hadoop.ozone.om.exceptions.OMException: Unable to get file status: volume: volume25603 bucket: bucket32835 key: testBatchDelete/parent/childFolder/child3
	at org.apache.hadoop.ozone.om.KeyManagerImpl.getOzoneFileStatus(KeyManagerImpl.java:1280) ~[ozone-manager-1.3.0-SNAPSHOT.jar:?]
	at org.apache.hadoop.ozone.om.KeyManagerImpl.getFileStatus(KeyManagerImpl.java:1210) ~[ozone-manager-1.3.0-SNAPSHOT.jar:?]
	at org.apache.hadoop.ozone.om.OzoneManager.getFileStatus(OzoneManager.java:3009) ~[ozone-manager-1.3.0-SNAPSHOT.jar:?]
	at org.apache.hadoop.ozone.protocolPB.OzoneManagerRequestHandler.getOzoneFileStatus(OzoneManagerRequestHandler.java:670) ~[ozone-manager-1.3.0-SNAPSHOT.jar:?]
	at org.apache.hadoop.ozone.protocolPB.OzoneManagerRequestHandler.handleReadRequest(OzoneManagerRequestHandler.java:201) ~[ozone-manager-1.3.0-SNAPSHOT.jar:?]
	at org.apache.hadoop.ozone.protocolPB.OzoneManagerProtocolServerSideTranslatorPB.submitRequestDirectlyToOM(OzoneManagerProtocolServerSideTranslatorPB.java:271) ~[ozone-manager-1.3.0-SNAPSHOT.jar:?]
	at org.apache.hadoop.ozone.protocolPB.OzoneManagerProtocolServerSideTranslatorPB.processRequest(OzoneManagerProtocolServerSideTranslatorPB.java:195) ~[ozone-manager-1.3.0-SNAPSHOT.jar:?]
	at org.apache.hadoop.hdds.server.OzoneProtocolMessageDispatcher.processRequest(OzoneProtocolMessageDispatcher.java:87) [hdds-server-framework-1.3.0-SNAPSHOT.jar:?]
	at org.apache.hadoop.ozone.protocolPB.OzoneManagerProtocolServerSideTranslatorPB.submitRequest(OzoneManagerProtocolServerSideTranslatorPB.java:146) [ozone-manager-1.3.0-SNAPSHOT.jar:?]
	at org.apache.hadoop.ozone.protocol.proto.OzoneManagerProtocolProtos$OzoneManagerService$2.callBlockingMethod(OzoneManagerProtocolProtos.java) [ozone-interface-client-1.3.0-SNAPSHOT.jar:?]
	at org.apache.hadoop.ipc.ProtobufRpcEngine$Server.processCall(ProtobufRpcEngine.java:466) [hadoop-common-3.3.1.jar:?]
	at org.apache.hadoop.ipc.ProtobufRpcEngine2$Server$ProtoBufRpcInvoker.call(ProtobufRpcEngine2.java:574) [hadoop-common-3.3.1.jar:?]
	at org.apache.hadoop.ipc.ProtobufRpcEngine2$Server$ProtoBufRpcInvoker.call(ProtobufRpcEngine2.java:552) [hadoop-common-3.3.1.jar:?]
	at org.apache.hadoop.ipc.RPC$Server.call(RPC.java:1093) [hadoop-common-3.3.1.jar:?]
	at org.apache.hadoop.ipc.Server$RpcCall.run(Server.java:1035) [hadoop-common-3.3.1.jar:?]
	at org.apache.hadoop.ipc.Server$RpcCall.run(Server.java:963) [hadoop-common-3.3.1.jar:?]
	at java.security.AccessController.doPrivileged(Native Method) ~[?:1.8.0_322]
	at javax.security.auth.Subject.doAs(Subject.java:422) [?:1.8.0_322]
	at org.apache.hadoop.security.UserGroupInformation.doAs(UserGroupInformation.java:1878) [hadoop-common-3.3.1.jar:?]
	at org.apache.hadoop.ipc.Server$Handler.run(Server.java:2966) [hadoop-common-3.3.1.jar:?]
04:16:17.834 [IPC Server handler 7 on default port 40137] ERROR OMAudit - user=runner | ip=127.0.0.1 | op=GET_FILE_STATUS {volume=volume25603, bucket=bucket32835, key=testBatchDelete/parent/child4, dataSize=0, replicationConfig=null} | ret=FAILURE
org.apache.hadoop.ozone.om.exceptions.OMException: Unable to get file status: volume: volume25603 bucket: bucket32835 key: testBatchDelete/parent/child4
	at org.apache.hadoop.ozone.om.KeyManagerImpl.getOzoneFileStatus(KeyManagerImpl.java:1280) ~[ozone-manager-1.3.0-SNAPSHOT.jar:?]
	at org.apache.hadoop.ozone.om.KeyManagerImpl.getFileStatus(KeyManagerImpl.java:1210) ~[ozone-manager-1.3.0-SNAPSHOT.jar:?]
	at org.apache.hadoop.ozone.om.OzoneManager.getFileStatus(OzoneManager.java:3009) ~[ozone-manager-1.3.0-SNAPSHOT.jar:?]
	at org.apache.hadoop.ozone.protocolPB.OzoneManagerRequestHandler.getOzoneFileStatus(OzoneManagerRequestHandler.java:670) ~[ozone-manager-1.3.0-SNAPSHOT.jar:?]
	at org.apache.hadoop.ozone.protocolPB.OzoneManagerRequestHandler.handleReadRequest(OzoneManagerRequestHandler.java:201) ~[ozone-manager-1.3.0-SNAPSHOT.jar:?]
	at org.apache.hadoop.ozone.protocolPB.OzoneManagerProtocolServerSideTranslatorPB.submitRequestDirectlyToOM(OzoneManagerProtocolServerSideTranslatorPB.java:271) ~[ozone-manager-1.3.0-SNAPSHOT.jar:?]
	at org.apache.hadoop.ozone.protocolPB.OzoneManagerProtocolServerSideTranslatorPB.processRequest(OzoneManagerProtocolServerSideTranslatorPB.java:195) ~[ozone-manager-1.3.0-SNAPSHOT.jar:?]
	at org.apache.hadoop.hdds.server.OzoneProtocolMessageDispatcher.processRequest(OzoneProtocolMessageDispatcher.java:87) [hdds-server-framework-1.3.0-SNAPSHOT.jar:?]
	at org.apache.hadoop.ozone.protocolPB.OzoneManagerProtocolServerSideTranslatorPB.submitRequest(OzoneManagerProtocolServerSideTranslatorPB.java:146) [ozone-manager-1.3.0-SNAPSHOT.jar:?]
	at org.apache.hadoop.ozone.protocol.proto.OzoneManagerProtocolProtos$OzoneManagerService$2.callBlockingMethod(OzoneManagerProtocolProtos.java) [ozone-interface-client-1.3.0-SNAPSHOT.jar:?]
	at org.apache.hadoop.ipc.ProtobufRpcEngine$Server.processCall(ProtobufRpcEngine.java:466) [hadoop-common-3.3.1.jar:?]
	at org.apache.hadoop.ipc.ProtobufRpcEngine2$Server$ProtoBufRpcInvoker.call(ProtobufRpcEngine2.java:574) [hadoop-common-3.3.1.jar:?]
	at org.apache.hadoop.ipc.ProtobufRpcEngine2$Server$ProtoBufRpcInvoker.call(ProtobufRpcEngine2.java:552) [hadoop-common-3.3.1.jar:?]
	at org.apache.hadoop.ipc.RPC$Server.call(RPC.java:1093) [hadoop-common-3.3.1.jar:?]
	at org.apache.hadoop.ipc.Server$RpcCall.run(Server.java:1035) [hadoop-common-3.3.1.jar:?]
	at org.apache.hadoop.ipc.Server$RpcCall.run(Server.java:963) [hadoop-common-3.3.1.jar:?]
	at java.security.AccessController.doPrivileged(Native Method) ~[?:1.8.0_322]
	at javax.security.auth.Subject.doAs(Subject.java:422) [?:1.8.0_322]
	at org.apache.hadoop.security.UserGroupInformation.doAs(UserGroupInformation.java:1878) [hadoop-common-3.3.1.jar:?]
	at org.apache.hadoop.ipc.Server$Handler.run(Server.java:2966) [hadoop-common-3.3.1.jar:?]
04:16:17.835 [IPC Server handler 3 on default port 40137] ERROR OMAudit - user=runner | ip=127.0.0.1 | op=GET_FILE_STATUS {volume=volume25603, bucket=bucket32835, key=testBatchDelete/parent/childFolder/child4, dataSize=0, replicationConfig=null} | ret=FAILURE
org.apache.hadoop.ozone.om.exceptions.OMException: Unable to get file status: volume: volume25603 bucket: bucket32835 key: testBatchDelete/parent/childFolder/child4
	at org.apache.hadoop.ozone.om.KeyManagerImpl.getOzoneFileStatus(KeyManagerImpl.java:1280) ~[ozone-manager-1.3.0-SNAPSHOT.jar:?]
	at org.apache.hadoop.ozone.om.KeyManagerImpl.getFileStatus(KeyManagerImpl.java:1210) ~[ozone-manager-1.3.0-SNAPSHOT.jar:?]
	at org.apache.hadoop.ozone.om.OzoneManager.getFileStatus(OzoneManager.java:3009) ~[ozone-manager-1.3.0-SNAPSHOT.jar:?]
	at org.apache.hadoop.ozone.protocolPB.OzoneManagerRequestHandler.getOzoneFileStatus(OzoneManagerRequestHandler.java:670) ~[ozone-manager-1.3.0-SNAPSHOT.jar:?]
	at org.apache.hadoop.ozone.protocolPB.OzoneManagerRequestHandler.handleReadRequest(OzoneManagerRequestHandler.java:201) ~[ozone-manager-1.3.0-SNAPSHOT.jar:?]
	at org.apache.hadoop.ozone.protocolPB.OzoneManagerProtocolServerSideTranslatorPB.submitRequestDirectlyToOM(OzoneManagerProtocolServerSideTranslatorPB.java:271) ~[ozone-manager-1.3.0-SNAPSHOT.jar:?]
	at org.apache.hadoop.ozone.protocolPB.OzoneManagerProtocolServerSideTranslatorPB.processRequest(OzoneManagerProtocolServerSideTranslatorPB.java:195) ~[ozone-manager-1.3.0-SNAPSHOT.jar:?]
	at org.apache.hadoop.hdds.server.OzoneProtocolMessageDispatcher.processRequest(OzoneProtocolMessageDispatcher.java:87) [hdds-server-framework-1.3.0-SNAPSHOT.jar:?]
	at org.apache.hadoop.ozone.protocolPB.OzoneManagerProtocolServerSideTranslatorPB.submitRequest(OzoneManagerProtocolServerSideTranslatorPB.java:146) [ozone-manager-1.3.0-SNAPSHOT.jar:?]
	at org.apache.hadoop.ozone.protocol.proto.OzoneManagerProtocolProtos$OzoneManagerService$2.callBlockingMethod(OzoneManagerProtocolProtos.java) [ozone-interface-client-1.3.0-SNAPSHOT.jar:?]
	at org.apache.hadoop.ipc.ProtobufRpcEngine$Server.processCall(ProtobufRpcEngine.java:466) [hadoop-common-3.3.1.jar:?]
	at org.apache.hadoop.ipc.ProtobufRpcEngine2$Server$ProtoBufRpcInvoker.call(ProtobufRpcEngine2.java:574) [hadoop-common-3.3.1.jar:?]
	at org.apache.hadoop.ipc.ProtobufRpcEngine2$Server$ProtoBufRpcInvoker.call(ProtobufRpcEngine2.java:552) [hadoop-common-3.3.1.jar:?]
	at org.apache.hadoop.ipc.RPC$Server.call(RPC.java:1093) [hadoop-common-3.3.1.jar:?]
	at org.apache.hadoop.ipc.Server$RpcCall.run(Server.java:1035) [hadoop-common-3.3.1.jar:?]
	at org.apache.hadoop.ipc.Server$RpcCall.run(Server.java:963) [hadoop-common-3.3.1.jar:?]
	at java.security.AccessController.doPrivileged(Native Method) ~[?:1.8.0_322]
	at javax.security.auth.Subject.doAs(Subject.java:422) [?:1.8.0_322]
	at org.apache.hadoop.security.UserGroupInformation.doAs(UserGroupInformation.java:1878) [hadoop-common-3.3.1.jar:?]
	at org.apache.hadoop.ipc.Server$Handler.run(Server.java:2966) [hadoop-common-3.3.1.jar:?]
04:16:17.835 [IPC Server handler 2 on default port 40137] ERROR OMAudit - user=runner | ip=127.0.0.1 | op=GET_FILE_STATUS {volume=volume25603, bucket=bucket32835, key=testBatchDelete/parent/child5, dataSize=0, replicationConfig=null} | ret=FAILURE
org.apache.hadoop.ozone.om.exceptions.OMException: Unable to get file status: volume: volume25603 bucket: bucket32835 key: testBatchDelete/parent/child5
	at org.apache.hadoop.ozone.om.KeyManagerImpl.getOzoneFileStatus(KeyManagerImpl.java:1280) ~[ozone-manager-1.3.0-SNAPSHOT.jar:?]
	at org.apache.hadoop.ozone.om.KeyManagerImpl.getFileStatus(KeyManagerImpl.java:1210) ~[ozone-manager-1.3.0-SNAPSHOT.jar:?]
	at org.apache.hadoop.ozone.om.OzoneManager.getFileStatus(OzoneManager.java:3009) ~[ozone-manager-1.3.0-SNAPSHOT.jar:?]
	at org.apache.hadoop.ozone.protocolPB.OzoneManagerRequestHandler.getOzoneFileStatus(OzoneManagerRequestHandler.java:670) ~[ozone-manager-1.3.0-SNAPSHOT.jar:?]
	at org.apache.hadoop.ozone.protocolPB.OzoneManagerRequestHandler.handleReadRequest(OzoneManagerRequestHandler.java:201) ~[ozone-manager-1.3.0-SNAPSHOT.jar:?]
	at org.apache.hadoop.ozone.protocolPB.OzoneManagerProtocolServerSideTranslatorPB.submitRequestDirectlyToOM(OzoneManagerProtocolServerSideTranslatorPB.java:271) ~[ozone-manager-1.3.0-SNAPSHOT.jar:?]
	at org.apache.hadoop.ozone.protocolPB.OzoneManagerProtocolServerSideTranslatorPB.processRequest(OzoneManagerProtocolServerSideTranslatorPB.java:195) ~[ozone-manager-1.3.0-SNAPSHOT.jar:?]
	at org.apache.hadoop.hdds.server.OzoneProtocolMessageDispatcher.processRequest(OzoneProtocolMessageDispatcher.java:87) [hdds-server-framework-1.3.0-SNAPSHOT.jar:?]
	at org.apache.hadoop.ozone.protocolPB.OzoneManagerProtocolServerSideTranslatorPB.submitRequest(OzoneManagerProtocolServerSideTranslatorPB.java:146) [ozone-manager-1.3.0-SNAPSHOT.jar:?]
	at org.apache.hadoop.ozone.protocol.proto.OzoneManagerProtocolProtos$OzoneManagerService$2.callBlockingMethod(OzoneManagerProtocolProtos.java) [ozone-interface-client-1.3.0-SNAPSHOT.jar:?]
	at org.apache.hadoop.ipc.ProtobufRpcEngine$Server.processCall(ProtobufRpcEngine.java:466) [hadoop-common-3.3.1.jar:?]
	at org.apache.hadoop.ipc.ProtobufRpcEngine2$Server$ProtoBufRpcInvoker.call(ProtobufRpcEngine2.java:574) [hadoop-common-3.3.1.jar:?]
	at org.apache.hadoop.ipc.ProtobufRpcEngine2$Server$ProtoBufRpcInvoker.call(ProtobufRpcEngine2.java:552) [hadoop-common-3.3.1.jar:?]
	at org.apache.hadoop.ipc.RPC$Server.call(RPC.java:1093) [hadoop-common-3.3.1.jar:?]
	at org.apache.hadoop.ipc.Server$RpcCall.run(Server.java:1035) [hadoop-common-3.3.1.jar:?]
	at org.apache.hadoop.ipc.Server$RpcCall.run(Server.java:963) [hadoop-common-3.3.1.jar:?]
	at java.security.AccessController.doPrivileged(Native Method) ~[?:1.8.0_322]
	at javax.security.auth.Subject.doAs(Subject.java:422) [?:1.8.0_322]
	at org.apache.hadoop.security.UserGroupInformation.doAs(UserGroupInformation.java:1878) [hadoop-common-3.3.1.jar:?]
	at org.apache.hadoop.ipc.Server$Handler.run(Server.java:2966) [hadoop-common-3.3.1.jar:?]
04:16:17.836 [IPC Server handler 1 on default port 40137] ERROR OMAudit - user=runner | ip=127.0.0.1 | op=GET_FILE_STATUS {volume=volume25603, bucket=bucket32835, key=testBatchDelete/parent/childFolder/child5, dataSize=0, replicationConfig=null} | ret=FAILURE
org.apache.hadoop.ozone.om.exceptions.OMException: Unable to get file status: volume: volume25603 bucket: bucket32835 key: testBatchDelete/parent/childFolder/child5
	at org.apache.hadoop.ozone.om.KeyManagerImpl.getOzoneFileStatus(KeyManagerImpl.java:1280) ~[ozone-manager-1.3.0-SNAPSHOT.jar:?]
	at org.apache.hadoop.ozone.om.KeyManagerImpl.getFileStatus(KeyManagerImpl.java:1210) ~[ozone-manager-1.3.0-SNAPSHOT.jar:?]
	at org.apache.hadoop.ozone.om.OzoneManager.getFileStatus(OzoneManager.java:3009) ~[ozone-manager-1.3.0-SNAPSHOT.jar:?]
	at org.apache.hadoop.ozone.protocolPB.OzoneManagerRequestHandler.getOzoneFileStatus(OzoneManagerRequestHandler.java:670) ~[ozone-manager-1.3.0-SNAPSHOT.jar:?]
	at org.apache.hadoop.ozone.protocolPB.OzoneManagerRequestHandler.handleReadRequest(OzoneManagerRequestHandler.java:201) ~[ozone-manager-1.3.0-SNAPSHOT.jar:?]
	at org.apache.hadoop.ozone.protocolPB.OzoneManagerProtocolServerSideTranslatorPB.submitRequestDirectlyToOM(OzoneManagerProtocolServerSideTranslatorPB.java:271) ~[ozone-manager-1.3.0-SNAPSHOT.jar:?]
	at org.apache.hadoop.ozone.protocolPB.OzoneManagerProtocolServerSideTranslatorPB.processRequest(OzoneManagerProtocolServerSideTranslatorPB.java:195) ~[ozone-manager-1.3.0-SNAPSHOT.jar:?]
	at org.apache.hadoop.hdds.server.OzoneProtocolMessageDispatcher.processRequest(OzoneProtocolMessageDispatcher.java:87) [hdds-server-framework-1.3.0-SNAPSHOT.jar:?]
	at org.apache.hadoop.ozone.protocolPB.OzoneManagerProtocolServerSideTranslatorPB.submitRequest(OzoneManagerProtocolServerSideTranslatorPB.java:146) [ozone-manager-1.3.0-SNAPSHOT.jar:?]
	at org.apache.hadoop.ozone.protocol.proto.OzoneManagerProtocolProtos$OzoneManagerService$2.callBlockingMethod(OzoneManagerProtocolProtos.java) [ozone-interface-client-1.3.0-SNAPSHOT.jar:?]
	at org.apache.hadoop.ipc.ProtobufRpcEngine$Server.processCall(ProtobufRpcEngine.java:466) [hadoop-common-3.3.1.jar:?]
	at org.apache.hadoop.ipc.ProtobufRpcEngine2$Server$ProtoBufRpcInvoker.call(ProtobufRpcEngine2.java:574) [hadoop-common-3.3.1.jar:?]
	at org.apache.hadoop.ipc.ProtobufRpcEngine2$Server$ProtoBufRpcInvoker.call(ProtobufRpcEngine2.java:552) [hadoop-common-3.3.1.jar:?]
	at org.apache.hadoop.ipc.RPC$Server.call(RPC.java:1093) [hadoop-common-3.3.1.jar:?]
	at org.apache.hadoop.ipc.Server$RpcCall.run(Server.java:1035) [hadoop-common-3.3.1.jar:?]
	at org.apache.hadoop.ipc.Server$RpcCall.run(Server.java:963) [hadoop-common-3.3.1.jar:?]
	at java.security.AccessController.doPrivileged(Native Method) ~[?:1.8.0_322]
	at javax.security.auth.Subject.doAs(Subject.java:422) [?:1.8.0_322]
	at org.apache.hadoop.security.UserGroupInformation.doAs(UserGroupInformation.java:1878) [hadoop-common-3.3.1.jar:?]
	at org.apache.hadoop.ipc.Server$Handler.run(Server.java:2966) [hadoop-common-3.3.1.jar:?]
04:16:17.836 [IPC Server handler 14 on default port 40137] ERROR OMAudit - user=runner | ip=127.0.0.1 | op=GET_FILE_STATUS {volume=volume25603, bucket=bucket32835, key=testBatchDelete/parent/child6, dataSize=0, replicationConfig=null} | ret=FAILURE
org.apache.hadoop.ozone.om.exceptions.OMException: Unable to get file status: volume: volume25603 bucket: bucket32835 key: testBatchDelete/parent/child6
	at org.apache.hadoop.ozone.om.KeyManagerImpl.getOzoneFileStatus(KeyManagerImpl.java:1280) ~[ozone-manager-1.3.0-SNAPSHOT.jar:?]
	at org.apache.hadoop.ozone.om.KeyManagerImpl.getFileStatus(KeyManagerImpl.java:1210) ~[ozone-manager-1.3.0-SNAPSHOT.jar:?]
	at org.apache.hadoop.ozone.om.OzoneManager.getFileStatus(OzoneManager.java:3009) ~[ozone-manager-1.3.0-SNAPSHOT.jar:?]
	at org.apache.hadoop.ozone.protocolPB.OzoneManagerRequestHandler.getOzoneFileStatus(OzoneManagerRequestHandler.java:670) ~[ozone-manager-1.3.0-SNAPSHOT.jar:?]
	at org.apache.hadoop.ozone.protocolPB.OzoneManagerRequestHandler.handleReadRequest(OzoneManagerRequestHandler.java:201) ~[ozone-manager-1.3.0-SNAPSHOT.jar:?]
	at org.apache.hadoop.ozone.protocolPB.OzoneManagerProtocolServerSideTranslatorPB.submitRequestDirectlyToOM(OzoneManagerProtocolServerSideTranslatorPB.java:271) ~[ozone-manager-1.3.0-SNAPSHOT.jar:?]
	at org.apache.hadoop.ozone.protocolPB.OzoneManagerProtocolServerSideTranslatorPB.processRequest(OzoneManagerProtocolServerSideTranslatorPB.java:195) ~[ozone-manager-1.3.0-SNAPSHOT.jar:?]
	at org.apache.hadoop.hdds.server.OzoneProtocolMessageDispatcher.processRequest(OzoneProtocolMessageDispatcher.java:87) [hdds-server-framework-1.3.0-SNAPSHOT.jar:?]
	at org.apache.hadoop.ozone.protocolPB.OzoneManagerProtocolServerSideTranslatorPB.submitRequest(OzoneManagerProtocolServerSideTranslatorPB.java:146) [ozone-manager-1.3.0-SNAPSHOT.jar:?]
	at org.apache.hadoop.ozone.protocol.proto.OzoneManagerProtocolProtos$OzoneManagerService$2.callBlockingMethod(OzoneManagerProtocolProtos.java) [ozone-interface-client-1.3.0-SNAPSHOT.jar:?]
	at org.apache.hadoop.ipc.ProtobufRpcEngine$Server.processCall(ProtobufRpcEngine.java:466) [hadoop-common-3.3.1.jar:?]
	at org.apache.hadoop.ipc.ProtobufRpcEngine2$Server$ProtoBufRpcInvoker.call(ProtobufRpcEngine2.java:574) [hadoop-common-3.3.1.jar:?]
	at org.apache.hadoop.ipc.ProtobufRpcEngine2$Server$ProtoBufRpcInvoker.call(ProtobufRpcEngine2.java:552) [hadoop-common-3.3.1.jar:?]
	at org.apache.hadoop.ipc.RPC$Server.call(RPC.java:1093) [hadoop-common-3.3.1.jar:?]
	at org.apache.hadoop.ipc.Server$RpcCall.run(Server.java:1035) [hadoop-common-3.3.1.jar:?]
	at org.apache.hadoop.ipc.Server$RpcCall.run(Server.java:963) [hadoop-common-3.3.1.jar:?]
	at java.security.AccessController.doPrivileged(Native Method) ~[?:1.8.0_322]
	at javax.security.auth.Subject.doAs(Subject.java:422) [?:1.8.0_322]
	at org.apache.hadoop.security.UserGroupInformation.doAs(UserGroupInformation.java:1878) [hadoop-common-3.3.1.jar:?]
	at org.apache.hadoop.ipc.Server$Handler.run(Server.java:2966) [hadoop-common-3.3.1.jar:?]
04:16:17.837 [IPC Server handler 16 on default port 40137] ERROR OMAudit - user=runner | ip=127.0.0.1 | op=GET_FILE_STATUS {volume=volume25603, bucket=bucket32835, key=testBatchDelete/parent/childFolder/child6, dataSize=0, replicationConfig=null} | ret=FAILURE
org.apache.hadoop.ozone.om.exceptions.OMException: Unable to get file status: volume: volume25603 bucket: bucket32835 key: testBatchDelete/parent/childFolder/child6
	at org.apache.hadoop.ozone.om.KeyManagerImpl.getOzoneFileStatus(KeyManagerImpl.java:1280) ~[ozone-manager-1.3.0-SNAPSHOT.jar:?]
	at org.apache.hadoop.ozone.om.KeyManagerImpl.getFileStatus(KeyManagerImpl.java:1210) ~[ozone-manager-1.3.0-SNAPSHOT.jar:?]
	at org.apache.hadoop.ozone.om.OzoneManager.getFileStatus(OzoneManager.java:3009) ~[ozone-manager-1.3.0-SNAPSHOT.jar:?]
	at org.apache.hadoop.ozone.protocolPB.OzoneManagerRequestHandler.getOzoneFileStatus(OzoneManagerRequestHandler.java:670) ~[ozone-manager-1.3.0-SNAPSHOT.jar:?]
	at org.apache.hadoop.ozone.protocolPB.OzoneManagerRequestHandler.handleReadRequest(OzoneManagerRequestHandler.java:201) ~[ozone-manager-1.3.0-SNAPSHOT.jar:?]
	at org.apache.hadoop.ozone.protocolPB.OzoneManagerProtocolServerSideTranslatorPB.submitRequestDirectlyToOM(OzoneManagerProtocolServerSideTranslatorPB.java:271) ~[ozone-manager-1.3.0-SNAPSHOT.jar:?]
	at org.apache.hadoop.ozone.protocolPB.OzoneManagerProtocolServerSideTranslatorPB.processRequest(OzoneManagerProtocolServerSideTranslatorPB.java:195) ~[ozone-manager-1.3.0-SNAPSHOT.jar:?]
	at org.apache.hadoop.hdds.server.OzoneProtocolMessageDispatcher.processRequest(OzoneProtocolMessageDispatcher.java:87) [hdds-server-framework-1.3.0-SNAPSHOT.jar:?]
	at org.apache.hadoop.ozone.protocolPB.OzoneManagerProtocolServerSideTranslatorPB.submitRequest(OzoneManagerProtocolServerSideTranslatorPB.java:146) [ozone-manager-1.3.0-SNAPSHOT.jar:?]
	at org.apache.hadoop.ozone.protocol.proto.OzoneManagerProtocolProtos$OzoneManagerService$2.callBlockingMethod(OzoneManagerProtocolProtos.java) [ozone-interface-client-1.3.0-SNAPSHOT.jar:?]
	at org.apache.hadoop.ipc.ProtobufRpcEngine$Server.processCall(ProtobufRpcEngine.java:466) [hadoop-common-3.3.1.jar:?]
	at org.apache.hadoop.ipc.ProtobufRpcEngine2$Server$ProtoBufRpcInvoker.call(ProtobufRpcEngine2.java:574) [hadoop-common-3.3.1.jar:?]
	at org.apache.hadoop.ipc.ProtobufRpcEngine2$Server$ProtoBufRpcInvoker.call(ProtobufRpcEngine2.java:552) [hadoop-common-3.3.1.jar:?]
	at org.apache.hadoop.ipc.RPC$Server.call(RPC.java:1093) [hadoop-common-3.3.1.jar:?]
	at org.apache.hadoop.ipc.Server$RpcCall.run(Server.java:1035) [hadoop-common-3.3.1.jar:?]
	at org.apache.hadoop.ipc.Server$RpcCall.run(Server.java:963) [hadoop-common-3.3.1.jar:?]
	at java.security.AccessController.doPrivileged(Native Method) ~[?:1.8.0_322]
	at javax.security.auth.Subject.doAs(Subject.java:422) [?:1.8.0_322]
	at org.apache.hadoop.security.UserGroupInformation.doAs(UserGroupInformation.java:1878) [hadoop-common-3.3.1.jar:?]
	at org.apache.hadoop.ipc.Server$Handler.run(Server.java:2966) [hadoop-common-3.3.1.jar:?]
04:16:17.841 [IPC Server handler 17 on default port 40137] ERROR OMAudit - user=runner | ip=127.0.0.1 | op=GET_FILE_STATUS {volume=volume25603, bucket=bucket32835, key=testBatchDelete/parent/child7, dataSize=0, replicationConfig=null} | ret=FAILURE
org.apache.hadoop.ozone.om.exceptions.OMException: Unable to get file status: volume: volume25603 bucket: bucket32835 key: testBatchDelete/parent/child7
	at org.apache.hadoop.ozone.om.KeyManagerImpl.getOzoneFileStatus(KeyManagerImpl.java:1280) ~[ozone-manager-1.3.0-SNAPSHOT.jar:?]
	at org.apache.hadoop.ozone.om.KeyManagerImpl.getFileStatus(KeyManagerImpl.java:1210) ~[ozone-manager-1.3.0-SNAPSHOT.jar:?]
	at org.apache.hadoop.ozone.om.OzoneManager.getFileStatus(OzoneManager.java:3009) ~[ozone-manager-1.3.0-SNAPSHOT.jar:?]
	at org.apache.hadoop.ozone.protocolPB.OzoneManagerRequestHandler.getOzoneFileStatus(OzoneManagerRequestHandler.java:670) ~[ozone-manager-1.3.0-SNAPSHOT.jar:?]
	at org.apache.hadoop.ozone.protocolPB.OzoneManagerRequestHandler.handleReadRequest(OzoneManagerRequestHandler.java:201) ~[ozone-manager-1.3.0-SNAPSHOT.jar:?]
	at org.apache.hadoop.ozone.protocolPB.OzoneManagerProtocolServerSideTranslatorPB.submitRequestDirectlyToOM(OzoneManagerProtocolServerSideTranslatorPB.java:271) ~[ozone-manager-1.3.0-SNAPSHOT.jar:?]
	at org.apache.hadoop.ozone.protocolPB.OzoneManagerProtocolServerSideTranslatorPB.processRequest(OzoneManagerProtocolServerSideTranslatorPB.java:195) ~[ozone-manager-1.3.0-SNAPSHOT.jar:?]
	at org.apache.hadoop.hdds.server.OzoneProtocolMessageDispatcher.processRequest(OzoneProtocolMessageDispatcher.java:87) [hdds-server-framework-1.3.0-SNAPSHOT.jar:?]
	at org.apache.hadoop.ozone.protocolPB.OzoneManagerProtocolServerSideTranslatorPB.submitRequest(OzoneManagerProtocolServerSideTranslatorPB.java:146) [ozone-manager-1.3.0-SNAPSHOT.jar:?]
	at org.apache.hadoop.ozone.protocol.proto.OzoneManagerProtocolProtos$OzoneManagerService$2.callBlockingMethod(OzoneManagerProtocolProtos.java) [ozone-interface-client-1.3.0-SNAPSHOT.jar:?]
	at org.apache.hadoop.ipc.ProtobufRpcEngine$Server.processCall(ProtobufRpcEngine.java:466) [hadoop-common-3.3.1.jar:?]
	at org.apache.hadoop.ipc.ProtobufRpcEngine2$Server$ProtoBufRpcInvoker.call(ProtobufRpcEngine2.java:574) [hadoop-common-3.3.1.jar:?]
	at org.apache.hadoop.ipc.ProtobufRpcEngine2$Server$ProtoBufRpcInvoker.call(ProtobufRpcEngine2.java:552) [hadoop-common-3.3.1.jar:?]
	at org.apache.hadoop.ipc.RPC$Server.call(RPC.java:1093) [hadoop-common-3.3.1.jar:?]
	at org.apache.hadoop.ipc.Server$RpcCall.run(Server.java:1035) [hadoop-common-3.3.1.jar:?]
	at org.apache.hadoop.ipc.Server$RpcCall.run(Server.java:963) [hadoop-common-3.3.1.jar:?]
	at java.security.AccessController.doPrivileged(Native Method) ~[?:1.8.0_322]
	at javax.security.auth.Subject.doAs(Subject.java:422) [?:1.8.0_322]
	at org.apache.hadoop.security.UserGroupInformation.doAs(UserGroupInformation.java:1878) [hadoop-common-3.3.1.jar:?]
	at org.apache.hadoop.ipc.Server$Handler.run(Server.java:2966) [hadoop-common-3.3.1.jar:?]
04:16:17.846 [IPC Server handler 10 on default port 40137] ERROR OMAudit - user=runner | ip=127.0.0.1 | op=GET_FILE_STATUS {volume=volume25603, bucket=bucket32835, key=testBatchDelete/parent/childFolder/child7, dataSize=0, replicationConfig=null} | ret=FAILURE
org.apache.hadoop.ozone.om.exceptions.OMException: Unable to get file status: volume: volume25603 bucket: bucket32835 key: testBatchDelete/parent/childFolder/child7
	at org.apache.hadoop.ozone.om.KeyManagerImpl.getOzoneFileStatus(KeyManagerImpl.java:1280) ~[ozone-manager-1.3.0-SNAPSHOT.jar:?]
	at org.apache.hadoop.ozone.om.KeyManagerImpl.getFileStatus(KeyManagerImpl.java:1210) ~[ozone-manager-1.3.0-SNAPSHOT.jar:?]
	at org.apache.hadoop.ozone.om.OzoneManager.getFileStatus(OzoneManager.java:3009) ~[ozone-manager-1.3.0-SNAPSHOT.jar:?]
	at org.apache.hadoop.ozone.protocolPB.OzoneManagerRequestHandler.getOzoneFileStatus(OzoneManagerRequestHandler.java:670) ~[ozone-manager-1.3.0-SNAPSHOT.jar:?]
	at org.apache.hadoop.ozone.protocolPB.OzoneManagerRequestHandler.handleReadRequest(OzoneManagerRequestHandler.java:201) ~[ozone-manager-1.3.0-SNAPSHOT.jar:?]
	at org.apache.hadoop.ozone.protocolPB.OzoneManagerProtocolServerSideTranslatorPB.submitRequestDirectlyToOM(OzoneManagerProtocolServerSideTranslatorPB.java:271) ~[ozone-manager-1.3.0-SNAPSHOT.jar:?]
	at org.apache.hadoop.ozone.protocolPB.OzoneManagerProtocolServerSideTranslatorPB.processRequest(OzoneManagerProtocolServerSideTranslatorPB.java:195) ~[ozone-manager-1.3.0-SNAPSHOT.jar:?]
	at org.apache.hadoop.hdds.server.OzoneProtocolMessageDispatcher.processRequest(OzoneProtocolMessageDispatcher.java:87) [hdds-server-framework-1.3.0-SNAPSHOT.jar:?]
	at org.apache.hadoop.ozone.protocolPB.OzoneManagerProtocolServerSideTranslatorPB.submitRequest(OzoneManagerProtocolServerSideTranslatorPB.java:146) [ozone-manager-1.3.0-SNAPSHOT.jar:?]
	at org.apache.hadoop.ozone.protocol.proto.OzoneManagerProtocolProtos$OzoneManagerService$2.callBlockingMethod(OzoneManagerProtocolProtos.java) [ozone-interface-client-1.3.0-SNAPSHOT.jar:?]
	at org.apache.hadoop.ipc.ProtobufRpcEngine$Server.processCall(ProtobufRpcEngine.java:466) [hadoop-common-3.3.1.jar:?]
	at org.apache.hadoop.ipc.ProtobufRpcEngine2$Server$ProtoBufRpcInvoker.call(ProtobufRpcEngine2.java:574) [hadoop-common-3.3.1.jar:?]
	at org.apache.hadoop.ipc.ProtobufRpcEngine2$Server$ProtoBufRpcInvoker.call(ProtobufRpcEngine2.java:552) [hadoop-common-3.3.1.jar:?]
	at org.apache.hadoop.ipc.RPC$Server.call(RPC.java:1093) [hadoop-common-3.3.1.jar:?]
	at org.apache.hadoop.ipc.Server$RpcCall.run(Server.java:1035) [hadoop-common-3.3.1.jar:?]
	at org.apache.hadoop.ipc.Server$RpcCall.run(Server.java:963) [hadoop-common-3.3.1.jar:?]
	at java.security.AccessController.doPrivileged(Native Method) ~[?:1.8.0_322]
	at javax.security.auth.Subject.doAs(Subject.java:422) [?:1.8.0_322]
	at org.apache.hadoop.security.UserGroupInformation.doAs(UserGroupInformation.java:1878) [hadoop-common-3.3.1.jar:?]
	at org.apache.hadoop.ipc.Server$Handler.run(Server.java:2966) [hadoop-common-3.3.1.jar:?]
04:16:17.846 [IPC Server handler 13 on default port 40137] ERROR OMAudit - user=runner | ip=127.0.0.1 | op=GET_FILE_STATUS {volume=volume25603, bucket=bucket32835, key=testBatchDelete/parent, dataSize=0, replicationConfig=null} | ret=FAILURE
org.apache.hadoop.ozone.om.exceptions.OMException: Unable to get file status: volume: volume25603 bucket: bucket32835 key: testBatchDelete/parent
	at org.apache.hadoop.ozone.om.KeyManagerImpl.getOzoneFileStatus(KeyManagerImpl.java:1280) ~[ozone-manager-1.3.0-SNAPSHOT.jar:?]
	at org.apache.hadoop.ozone.om.KeyManagerImpl.getFileStatus(KeyManagerImpl.java:1210) ~[ozone-manager-1.3.0-SNAPSHOT.jar:?]
	at org.apache.hadoop.ozone.om.OzoneManager.getFileStatus(OzoneManager.java:3009) ~[ozone-manager-1.3.0-SNAPSHOT.jar:?]
	at org.apache.hadoop.ozone.protocolPB.OzoneManagerRequestHandler.getOzoneFileStatus(OzoneManagerRequestHandler.java:670) ~[ozone-manager-1.3.0-SNAPSHOT.jar:?]
	at org.apache.hadoop.ozone.protocolPB.OzoneManagerRequestHandler.handleReadRequest(OzoneManagerRequestHandler.java:201) ~[ozone-manager-1.3.0-SNAPSHOT.jar:?]
	at org.apache.hadoop.ozone.protocolPB.OzoneManagerProtocolServerSideTranslatorPB.submitRequestDirectlyToOM(OzoneManagerProtocolServerSideTranslatorPB.java:271) ~[ozone-manager-1.3.0-SNAPSHOT.jar:?]
	at org.apache.hadoop.ozone.protocolPB.OzoneManagerProtocolServerSideTranslatorPB.processRequest(OzoneManagerProtocolServerSideTranslatorPB.java:195) ~[ozone-manager-1.3.0-SNAPSHOT.jar:?]
	at org.apache.hadoop.hdds.server.OzoneProtocolMessageDispatcher.processRequest(OzoneProtocolMessageDispatcher.java:87) [hdds-server-framework-1.3.0-SNAPSHOT.jar:?]
	at org.apache.hadoop.ozone.protocolPB.OzoneManagerProtocolServerSideTranslatorPB.submitRequest(OzoneManagerProtocolServerSideTranslatorPB.java:146) [ozone-manager-1.3.0-SNAPSHOT.jar:?]
	at org.apache.hadoop.ozone.protocol.proto.OzoneManagerProtocolProtos$OzoneManagerService$2.callBlockingMethod(OzoneManagerProtocolProtos.java) [ozone-interface-client-1.3.0-SNAPSHOT.jar:?]
	at org.apache.hadoop.ipc.ProtobufRpcEngine$Server.processCall(ProtobufRpcEngine.java:466) [hadoop-common-3.3.1.jar:?]
	at org.apache.hadoop.ipc.ProtobufRpcEngine2$Server$ProtoBufRpcInvoker.call(ProtobufRpcEngine2.java:574) [hadoop-common-3.3.1.jar:?]
	at org.apache.hadoop.ipc.ProtobufRpcEngine2$Server$ProtoBufRpcInvoker.call(ProtobufRpcEngine2.java:552) [hadoop-common-3.3.1.jar:?]
	at org.apache.hadoop.ipc.RPC$Server.call(RPC.java:1093) [hadoop-common-3.3.1.jar:?]
	at org.apache.hadoop.ipc.Server$RpcCall.run(Server.java:1035) [hadoop-common-3.3.1.jar:?]
	at org.apache.hadoop.ipc.Server$RpcCall.run(Server.java:963) [hadoop-common-3.3.1.jar:?]
	at java.security.AccessController.doPrivileged(Native Method) ~[?:1.8.0_322]
	at javax.security.auth.Subject.doAs(Subject.java:422) [?:1.8.0_322]
	at org.apache.hadoop.security.UserGroupInformation.doAs(UserGroupInformation.java:1878) [hadoop-common-3.3.1.jar:?]
	at org.apache.hadoop.ipc.Server$Handler.run(Server.java:2966) [hadoop-common-3.3.1.jar:?]
2022-04-24 04:16:17,847 [Time-limited test] WARN  ozone.BasicOzoneFileSystem (BasicOzoneFileSystem.java:delete(530)) - delete: Path does not exist: /testBatchDelete/parent
]]></system-out>
  </testcase>
  <testcase name="testFileDelete" classname="TestOzoneFileSystem" time="0.151">
    <system-out><![CDATA[04:17:15.113 [IPC Server handler 8 on default port 45981] ERROR OMAudit - user=runner | ip=127.0.0.1 | op=GET_FILE_STATUS {volume=volume21477, bucket=bucket24700, key=testBatchDelete, dataSize=0, replicationConfig=null} | ret=FAILURE
org.apache.hadoop.ozone.om.exceptions.OMException: Unable to get file status: volume: volume21477 bucket: bucket24700 key: testBatchDelete
	at org.apache.hadoop.ozone.om.KeyManagerImpl.getOzoneFileStatus(KeyManagerImpl.java:1280) ~[ozone-manager-1.3.0-SNAPSHOT.jar:?]
	at org.apache.hadoop.ozone.om.KeyManagerImpl.getFileStatus(KeyManagerImpl.java:1210) ~[ozone-manager-1.3.0-SNAPSHOT.jar:?]
	at org.apache.hadoop.ozone.om.OzoneManager.getFileStatus(OzoneManager.java:3009) ~[ozone-manager-1.3.0-SNAPSHOT.jar:?]
	at org.apache.hadoop.ozone.protocolPB.OzoneManagerRequestHandler.getOzoneFileStatus(OzoneManagerRequestHandler.java:670) ~[ozone-manager-1.3.0-SNAPSHOT.jar:?]
	at org.apache.hadoop.ozone.protocolPB.OzoneManagerRequestHandler.handleReadRequest(OzoneManagerRequestHandler.java:201) ~[ozone-manager-1.3.0-SNAPSHOT.jar:?]
	at org.apache.hadoop.ozone.protocolPB.OzoneManagerProtocolServerSideTranslatorPB.submitReadRequestToOM(OzoneManagerProtocolServerSideTranslatorPB.java:213) ~[ozone-manager-1.3.0-SNAPSHOT.jar:?]
	at org.apache.hadoop.ozone.protocolPB.OzoneManagerProtocolServerSideTranslatorPB.processRequest(OzoneManagerProtocolServerSideTranslatorPB.java:174) ~[ozone-manager-1.3.0-SNAPSHOT.jar:?]
	at org.apache.hadoop.hdds.server.OzoneProtocolMessageDispatcher.processRequest(OzoneProtocolMessageDispatcher.java:87) [hdds-server-framework-1.3.0-SNAPSHOT.jar:?]
	at org.apache.hadoop.ozone.protocolPB.OzoneManagerProtocolServerSideTranslatorPB.submitRequest(OzoneManagerProtocolServerSideTranslatorPB.java:146) [ozone-manager-1.3.0-SNAPSHOT.jar:?]
	at org.apache.hadoop.ozone.protocol.proto.OzoneManagerProtocolProtos$OzoneManagerService$2.callBlockingMethod(OzoneManagerProtocolProtos.java) [ozone-interface-client-1.3.0-SNAPSHOT.jar:?]
	at org.apache.hadoop.ipc.ProtobufRpcEngine$Server.processCall(ProtobufRpcEngine.java:466) [hadoop-common-3.3.1.jar:?]
	at org.apache.hadoop.ipc.ProtobufRpcEngine2$Server$ProtoBufRpcInvoker.call(ProtobufRpcEngine2.java:574) [hadoop-common-3.3.1.jar:?]
	at org.apache.hadoop.ipc.ProtobufRpcEngine2$Server$ProtoBufRpcInvoker.call(ProtobufRpcEngine2.java:552) [hadoop-common-3.3.1.jar:?]
	at org.apache.hadoop.ipc.RPC$Server.call(RPC.java:1093) [hadoop-common-3.3.1.jar:?]
	at org.apache.hadoop.ipc.Server$RpcCall.run(Server.java:1035) [hadoop-common-3.3.1.jar:?]
	at org.apache.hadoop.ipc.Server$RpcCall.run(Server.java:963) [hadoop-common-3.3.1.jar:?]
	at java.security.AccessController.doPrivileged(Native Method) ~[?:1.8.0_322]
	at javax.security.auth.Subject.doAs(Subject.java:422) [?:1.8.0_322]
	at org.apache.hadoop.security.UserGroupInformation.doAs(UserGroupInformation.java:1878) [hadoop-common-3.3.1.jar:?]
	at org.apache.hadoop.ipc.Server$Handler.run(Server.java:2966) [hadoop-common-3.3.1.jar:?]
04:17:15.114 [IPC Server handler 0 on default port 45981] ERROR OMAudit - user=runner | ip=127.0.0.1 | op=GET_FILE_STATUS {volume=volume21477, bucket=bucket24700, key=testBatchDelete/parent/child0, dataSize=0, replicationConfig=null} | ret=FAILURE
org.apache.hadoop.ozone.om.exceptions.OMException: Unable to get file status: volume: volume21477 bucket: bucket24700 key: testBatchDelete/parent/child0
	at org.apache.hadoop.ozone.om.KeyManagerImpl.getOzoneFileStatus(KeyManagerImpl.java:1280) ~[ozone-manager-1.3.0-SNAPSHOT.jar:?]
	at org.apache.hadoop.ozone.om.KeyManagerImpl.getFileStatus(KeyManagerImpl.java:1210) ~[ozone-manager-1.3.0-SNAPSHOT.jar:?]
	at org.apache.hadoop.ozone.om.OzoneManager.getFileStatus(OzoneManager.java:3009) ~[ozone-manager-1.3.0-SNAPSHOT.jar:?]
	at org.apache.hadoop.ozone.protocolPB.OzoneManagerRequestHandler.getOzoneFileStatus(OzoneManagerRequestHandler.java:670) ~[ozone-manager-1.3.0-SNAPSHOT.jar:?]
	at org.apache.hadoop.ozone.protocolPB.OzoneManagerRequestHandler.handleReadRequest(OzoneManagerRequestHandler.java:201) ~[ozone-manager-1.3.0-SNAPSHOT.jar:?]
	at org.apache.hadoop.ozone.protocolPB.OzoneManagerProtocolServerSideTranslatorPB.submitReadRequestToOM(OzoneManagerProtocolServerSideTranslatorPB.java:213) ~[ozone-manager-1.3.0-SNAPSHOT.jar:?]
	at org.apache.hadoop.ozone.protocolPB.OzoneManagerProtocolServerSideTranslatorPB.processRequest(OzoneManagerProtocolServerSideTranslatorPB.java:174) ~[ozone-manager-1.3.0-SNAPSHOT.jar:?]
	at org.apache.hadoop.hdds.server.OzoneProtocolMessageDispatcher.processRequest(OzoneProtocolMessageDispatcher.java:87) [hdds-server-framework-1.3.0-SNAPSHOT.jar:?]
	at org.apache.hadoop.ozone.protocolPB.OzoneManagerProtocolServerSideTranslatorPB.submitRequest(OzoneManagerProtocolServerSideTranslatorPB.java:146) [ozone-manager-1.3.0-SNAPSHOT.jar:?]
	at org.apache.hadoop.ozone.protocol.proto.OzoneManagerProtocolProtos$OzoneManagerService$2.callBlockingMethod(OzoneManagerProtocolProtos.java) [ozone-interface-client-1.3.0-SNAPSHOT.jar:?]
	at org.apache.hadoop.ipc.ProtobufRpcEngine$Server.processCall(ProtobufRpcEngine.java:466) [hadoop-common-3.3.1.jar:?]
	at org.apache.hadoop.ipc.ProtobufRpcEngine2$Server$ProtoBufRpcInvoker.call(ProtobufRpcEngine2.java:574) [hadoop-common-3.3.1.jar:?]
	at org.apache.hadoop.ipc.ProtobufRpcEngine2$Server$ProtoBufRpcInvoker.call(ProtobufRpcEngine2.java:552) [hadoop-common-3.3.1.jar:?]
	at org.apache.hadoop.ipc.RPC$Server.call(RPC.java:1093) [hadoop-common-3.3.1.jar:?]
	at org.apache.hadoop.ipc.Server$RpcCall.run(Server.java:1035) [hadoop-common-3.3.1.jar:?]
	at org.apache.hadoop.ipc.Server$RpcCall.run(Server.java:963) [hadoop-common-3.3.1.jar:?]
	at java.security.AccessController.doPrivileged(Native Method) ~[?:1.8.0_322]
	at javax.security.auth.Subject.doAs(Subject.java:422) [?:1.8.0_322]
	at org.apache.hadoop.security.UserGroupInformation.doAs(UserGroupInformation.java:1878) [hadoop-common-3.3.1.jar:?]
	at org.apache.hadoop.ipc.Server$Handler.run(Server.java:2966) [hadoop-common-3.3.1.jar:?]
04:17:15.118 [IPC Server handler 7 on default port 45981] ERROR OMAudit - user=runner | ip=127.0.0.1 | op=GET_FILE_STATUS {volume=volume21477, bucket=bucket24700, key=testBatchDelete/parent/childFolder/child0, dataSize=0, replicationConfig=null} | ret=FAILURE
org.apache.hadoop.ozone.om.exceptions.OMException: Unable to get file status: volume: volume21477 bucket: bucket24700 key: testBatchDelete/parent/childFolder/child0
	at org.apache.hadoop.ozone.om.KeyManagerImpl.getOzoneFileStatus(KeyManagerImpl.java:1280) ~[ozone-manager-1.3.0-SNAPSHOT.jar:?]
	at org.apache.hadoop.ozone.om.KeyManagerImpl.getFileStatus(KeyManagerImpl.java:1210) ~[ozone-manager-1.3.0-SNAPSHOT.jar:?]
	at org.apache.hadoop.ozone.om.OzoneManager.getFileStatus(OzoneManager.java:3009) ~[ozone-manager-1.3.0-SNAPSHOT.jar:?]
	at org.apache.hadoop.ozone.protocolPB.OzoneManagerRequestHandler.getOzoneFileStatus(OzoneManagerRequestHandler.java:670) ~[ozone-manager-1.3.0-SNAPSHOT.jar:?]
	at org.apache.hadoop.ozone.protocolPB.OzoneManagerRequestHandler.handleReadRequest(OzoneManagerRequestHandler.java:201) ~[ozone-manager-1.3.0-SNAPSHOT.jar:?]
	at org.apache.hadoop.ozone.protocolPB.OzoneManagerProtocolServerSideTranslatorPB.submitReadRequestToOM(OzoneManagerProtocolServerSideTranslatorPB.java:213) ~[ozone-manager-1.3.0-SNAPSHOT.jar:?]
	at org.apache.hadoop.ozone.protocolPB.OzoneManagerProtocolServerSideTranslatorPB.processRequest(OzoneManagerProtocolServerSideTranslatorPB.java:174) ~[ozone-manager-1.3.0-SNAPSHOT.jar:?]
	at org.apache.hadoop.hdds.server.OzoneProtocolMessageDispatcher.processRequest(OzoneProtocolMessageDispatcher.java:87) [hdds-server-framework-1.3.0-SNAPSHOT.jar:?]
	at org.apache.hadoop.ozone.protocolPB.OzoneManagerProtocolServerSideTranslatorPB.submitRequest(OzoneManagerProtocolServerSideTranslatorPB.java:146) [ozone-manager-1.3.0-SNAPSHOT.jar:?]
	at org.apache.hadoop.ozone.protocol.proto.OzoneManagerProtocolProtos$OzoneManagerService$2.callBlockingMethod(OzoneManagerProtocolProtos.java) [ozone-interface-client-1.3.0-SNAPSHOT.jar:?]
	at org.apache.hadoop.ipc.ProtobufRpcEngine$Server.processCall(ProtobufRpcEngine.java:466) [hadoop-common-3.3.1.jar:?]
	at org.apache.hadoop.ipc.ProtobufRpcEngine2$Server$ProtoBufRpcInvoker.call(ProtobufRpcEngine2.java:574) [hadoop-common-3.3.1.jar:?]
	at org.apache.hadoop.ipc.ProtobufRpcEngine2$Server$ProtoBufRpcInvoker.call(ProtobufRpcEngine2.java:552) [hadoop-common-3.3.1.jar:?]
	at org.apache.hadoop.ipc.RPC$Server.call(RPC.java:1093) [hadoop-common-3.3.1.jar:?]
	at org.apache.hadoop.ipc.Server$RpcCall.run(Server.java:1035) [hadoop-common-3.3.1.jar:?]
	at org.apache.hadoop.ipc.Server$RpcCall.run(Server.java:963) [hadoop-common-3.3.1.jar:?]
	at java.security.AccessController.doPrivileged(Native Method) ~[?:1.8.0_322]
	at javax.security.auth.Subject.doAs(Subject.java:422) [?:1.8.0_322]
	at org.apache.hadoop.security.UserGroupInformation.doAs(UserGroupInformation.java:1878) [hadoop-common-3.3.1.jar:?]
	at org.apache.hadoop.ipc.Server$Handler.run(Server.java:2966) [hadoop-common-3.3.1.jar:?]
04:17:15.120 [IPC Server handler 15 on default port 45981] ERROR OMAudit - user=runner | ip=127.0.0.1 | op=GET_FILE_STATUS {volume=volume21477, bucket=bucket24700, key=testBatchDelete/parent/child1, dataSize=0, replicationConfig=null} | ret=FAILURE
org.apache.hadoop.ozone.om.exceptions.OMException: Unable to get file status: volume: volume21477 bucket: bucket24700 key: testBatchDelete/parent/child1
	at org.apache.hadoop.ozone.om.KeyManagerImpl.getOzoneFileStatus(KeyManagerImpl.java:1280) ~[ozone-manager-1.3.0-SNAPSHOT.jar:?]
	at org.apache.hadoop.ozone.om.KeyManagerImpl.getFileStatus(KeyManagerImpl.java:1210) ~[ozone-manager-1.3.0-SNAPSHOT.jar:?]
	at org.apache.hadoop.ozone.om.OzoneManager.getFileStatus(OzoneManager.java:3009) ~[ozone-manager-1.3.0-SNAPSHOT.jar:?]
	at org.apache.hadoop.ozone.protocolPB.OzoneManagerRequestHandler.getOzoneFileStatus(OzoneManagerRequestHandler.java:670) ~[ozone-manager-1.3.0-SNAPSHOT.jar:?]
	at org.apache.hadoop.ozone.protocolPB.OzoneManagerRequestHandler.handleReadRequest(OzoneManagerRequestHandler.java:201) ~[ozone-manager-1.3.0-SNAPSHOT.jar:?]
	at org.apache.hadoop.ozone.protocolPB.OzoneManagerProtocolServerSideTranslatorPB.submitReadRequestToOM(OzoneManagerProtocolServerSideTranslatorPB.java:213) ~[ozone-manager-1.3.0-SNAPSHOT.jar:?]
	at org.apache.hadoop.ozone.protocolPB.OzoneManagerProtocolServerSideTranslatorPB.processRequest(OzoneManagerProtocolServerSideTranslatorPB.java:174) ~[ozone-manager-1.3.0-SNAPSHOT.jar:?]
	at org.apache.hadoop.hdds.server.OzoneProtocolMessageDispatcher.processRequest(OzoneProtocolMessageDispatcher.java:87) [hdds-server-framework-1.3.0-SNAPSHOT.jar:?]
	at org.apache.hadoop.ozone.protocolPB.OzoneManagerProtocolServerSideTranslatorPB.submitRequest(OzoneManagerProtocolServerSideTranslatorPB.java:146) [ozone-manager-1.3.0-SNAPSHOT.jar:?]
	at org.apache.hadoop.ozone.protocol.proto.OzoneManagerProtocolProtos$OzoneManagerService$2.callBlockingMethod(OzoneManagerProtocolProtos.java) [ozone-interface-client-1.3.0-SNAPSHOT.jar:?]
	at org.apache.hadoop.ipc.ProtobufRpcEngine$Server.processCall(ProtobufRpcEngine.java:466) [hadoop-common-3.3.1.jar:?]
	at org.apache.hadoop.ipc.ProtobufRpcEngine2$Server$ProtoBufRpcInvoker.call(ProtobufRpcEngine2.java:574) [hadoop-common-3.3.1.jar:?]
	at org.apache.hadoop.ipc.ProtobufRpcEngine2$Server$ProtoBufRpcInvoker.call(ProtobufRpcEngine2.java:552) [hadoop-common-3.3.1.jar:?]
	at org.apache.hadoop.ipc.RPC$Server.call(RPC.java:1093) [hadoop-common-3.3.1.jar:?]
	at org.apache.hadoop.ipc.Server$RpcCall.run(Server.java:1035) [hadoop-common-3.3.1.jar:?]
	at org.apache.hadoop.ipc.Server$RpcCall.run(Server.java:963) [hadoop-common-3.3.1.jar:?]
	at java.security.AccessController.doPrivileged(Native Method) ~[?:1.8.0_322]
	at javax.security.auth.Subject.doAs(Subject.java:422) [?:1.8.0_322]
	at org.apache.hadoop.security.UserGroupInformation.doAs(UserGroupInformation.java:1878) [hadoop-common-3.3.1.jar:?]
	at org.apache.hadoop.ipc.Server$Handler.run(Server.java:2966) [hadoop-common-3.3.1.jar:?]
04:17:15.120 [IPC Server handler 6 on default port 45981] ERROR OMAudit - user=runner | ip=127.0.0.1 | op=GET_FILE_STATUS {volume=volume21477, bucket=bucket24700, key=testBatchDelete/parent/childFolder/child1, dataSize=0, replicationConfig=null} | ret=FAILURE
org.apache.hadoop.ozone.om.exceptions.OMException: Unable to get file status: volume: volume21477 bucket: bucket24700 key: testBatchDelete/parent/childFolder/child1
	at org.apache.hadoop.ozone.om.KeyManagerImpl.getOzoneFileStatus(KeyManagerImpl.java:1280) ~[ozone-manager-1.3.0-SNAPSHOT.jar:?]
	at org.apache.hadoop.ozone.om.KeyManagerImpl.getFileStatus(KeyManagerImpl.java:1210) ~[ozone-manager-1.3.0-SNAPSHOT.jar:?]
	at org.apache.hadoop.ozone.om.OzoneManager.getFileStatus(OzoneManager.java:3009) ~[ozone-manager-1.3.0-SNAPSHOT.jar:?]
	at org.apache.hadoop.ozone.protocolPB.OzoneManagerRequestHandler.getOzoneFileStatus(OzoneManagerRequestHandler.java:670) ~[ozone-manager-1.3.0-SNAPSHOT.jar:?]
	at org.apache.hadoop.ozone.protocolPB.OzoneManagerRequestHandler.handleReadRequest(OzoneManagerRequestHandler.java:201) ~[ozone-manager-1.3.0-SNAPSHOT.jar:?]
	at org.apache.hadoop.ozone.protocolPB.OzoneManagerProtocolServerSideTranslatorPB.submitReadRequestToOM(OzoneManagerProtocolServerSideTranslatorPB.java:213) ~[ozone-manager-1.3.0-SNAPSHOT.jar:?]
	at org.apache.hadoop.ozone.protocolPB.OzoneManagerProtocolServerSideTranslatorPB.processRequest(OzoneManagerProtocolServerSideTranslatorPB.java:174) ~[ozone-manager-1.3.0-SNAPSHOT.jar:?]
	at org.apache.hadoop.hdds.server.OzoneProtocolMessageDispatcher.processRequest(OzoneProtocolMessageDispatcher.java:87) [hdds-server-framework-1.3.0-SNAPSHOT.jar:?]
	at org.apache.hadoop.ozone.protocolPB.OzoneManagerProtocolServerSideTranslatorPB.submitRequest(OzoneManagerProtocolServerSideTranslatorPB.java:146) [ozone-manager-1.3.0-SNAPSHOT.jar:?]
	at org.apache.hadoop.ozone.protocol.proto.OzoneManagerProtocolProtos$OzoneManagerService$2.callBlockingMethod(OzoneManagerProtocolProtos.java) [ozone-interface-client-1.3.0-SNAPSHOT.jar:?]
	at org.apache.hadoop.ipc.ProtobufRpcEngine$Server.processCall(ProtobufRpcEngine.java:466) [hadoop-common-3.3.1.jar:?]
	at org.apache.hadoop.ipc.ProtobufRpcEngine2$Server$ProtoBufRpcInvoker.call(ProtobufRpcEngine2.java:574) [hadoop-common-3.3.1.jar:?]
	at org.apache.hadoop.ipc.ProtobufRpcEngine2$Server$ProtoBufRpcInvoker.call(ProtobufRpcEngine2.java:552) [hadoop-common-3.3.1.jar:?]
	at org.apache.hadoop.ipc.RPC$Server.call(RPC.java:1093) [hadoop-common-3.3.1.jar:?]
	at org.apache.hadoop.ipc.Server$RpcCall.run(Server.java:1035) [hadoop-common-3.3.1.jar:?]
	at org.apache.hadoop.ipc.Server$RpcCall.run(Server.java:963) [hadoop-common-3.3.1.jar:?]
	at java.security.AccessController.doPrivileged(Native Method) ~[?:1.8.0_322]
	at javax.security.auth.Subject.doAs(Subject.java:422) [?:1.8.0_322]
	at org.apache.hadoop.security.UserGroupInformation.doAs(UserGroupInformation.java:1878) [hadoop-common-3.3.1.jar:?]
	at org.apache.hadoop.ipc.Server$Handler.run(Server.java:2966) [hadoop-common-3.3.1.jar:?]
04:17:15.121 [IPC Server handler 5 on default port 45981] ERROR OMAudit - user=runner | ip=127.0.0.1 | op=GET_FILE_STATUS {volume=volume21477, bucket=bucket24700, key=testBatchDelete/parent/child2, dataSize=0, replicationConfig=null} | ret=FAILURE
org.apache.hadoop.ozone.om.exceptions.OMException: Unable to get file status: volume: volume21477 bucket: bucket24700 key: testBatchDelete/parent/child2
	at org.apache.hadoop.ozone.om.KeyManagerImpl.getOzoneFileStatus(KeyManagerImpl.java:1280) ~[ozone-manager-1.3.0-SNAPSHOT.jar:?]
	at org.apache.hadoop.ozone.om.KeyManagerImpl.getFileStatus(KeyManagerImpl.java:1210) ~[ozone-manager-1.3.0-SNAPSHOT.jar:?]
	at org.apache.hadoop.ozone.om.OzoneManager.getFileStatus(OzoneManager.java:3009) ~[ozone-manager-1.3.0-SNAPSHOT.jar:?]
	at org.apache.hadoop.ozone.protocolPB.OzoneManagerRequestHandler.getOzoneFileStatus(OzoneManagerRequestHandler.java:670) ~[ozone-manager-1.3.0-SNAPSHOT.jar:?]
	at org.apache.hadoop.ozone.protocolPB.OzoneManagerRequestHandler.handleReadRequest(OzoneManagerRequestHandler.java:201) ~[ozone-manager-1.3.0-SNAPSHOT.jar:?]
	at org.apache.hadoop.ozone.protocolPB.OzoneManagerProtocolServerSideTranslatorPB.submitReadRequestToOM(OzoneManagerProtocolServerSideTranslatorPB.java:213) ~[ozone-manager-1.3.0-SNAPSHOT.jar:?]
	at org.apache.hadoop.ozone.protocolPB.OzoneManagerProtocolServerSideTranslatorPB.processRequest(OzoneManagerProtocolServerSideTranslatorPB.java:174) ~[ozone-manager-1.3.0-SNAPSHOT.jar:?]
	at org.apache.hadoop.hdds.server.OzoneProtocolMessageDispatcher.processRequest(OzoneProtocolMessageDispatcher.java:87) [hdds-server-framework-1.3.0-SNAPSHOT.jar:?]
	at org.apache.hadoop.ozone.protocolPB.OzoneManagerProtocolServerSideTranslatorPB.submitRequest(OzoneManagerProtocolServerSideTranslatorPB.java:146) [ozone-manager-1.3.0-SNAPSHOT.jar:?]
	at org.apache.hadoop.ozone.protocol.proto.OzoneManagerProtocolProtos$OzoneManagerService$2.callBlockingMethod(OzoneManagerProtocolProtos.java) [ozone-interface-client-1.3.0-SNAPSHOT.jar:?]
	at org.apache.hadoop.ipc.ProtobufRpcEngine$Server.processCall(ProtobufRpcEngine.java:466) [hadoop-common-3.3.1.jar:?]
	at org.apache.hadoop.ipc.ProtobufRpcEngine2$Server$ProtoBufRpcInvoker.call(ProtobufRpcEngine2.java:574) [hadoop-common-3.3.1.jar:?]
	at org.apache.hadoop.ipc.ProtobufRpcEngine2$Server$ProtoBufRpcInvoker.call(ProtobufRpcEngine2.java:552) [hadoop-common-3.3.1.jar:?]
	at org.apache.hadoop.ipc.RPC$Server.call(RPC.java:1093) [hadoop-common-3.3.1.jar:?]
	at org.apache.hadoop.ipc.Server$RpcCall.run(Server.java:1035) [hadoop-common-3.3.1.jar:?]
	at org.apache.hadoop.ipc.Server$RpcCall.run(Server.java:963) [hadoop-common-3.3.1.jar:?]
	at java.security.AccessController.doPrivileged(Native Method) ~[?:1.8.0_322]
	at javax.security.auth.Subject.doAs(Subject.java:422) [?:1.8.0_322]
	at org.apache.hadoop.security.UserGroupInformation.doAs(UserGroupInformation.java:1878) [hadoop-common-3.3.1.jar:?]
	at org.apache.hadoop.ipc.Server$Handler.run(Server.java:2966) [hadoop-common-3.3.1.jar:?]
04:17:15.122 [IPC Server handler 13 on default port 45981] ERROR OMAudit - user=runner | ip=127.0.0.1 | op=GET_FILE_STATUS {volume=volume21477, bucket=bucket24700, key=testBatchDelete/parent/childFolder/child2, dataSize=0, replicationConfig=null} | ret=FAILURE
org.apache.hadoop.ozone.om.exceptions.OMException: Unable to get file status: volume: volume21477 bucket: bucket24700 key: testBatchDelete/parent/childFolder/child2
	at org.apache.hadoop.ozone.om.KeyManagerImpl.getOzoneFileStatus(KeyManagerImpl.java:1280) ~[ozone-manager-1.3.0-SNAPSHOT.jar:?]
	at org.apache.hadoop.ozone.om.KeyManagerImpl.getFileStatus(KeyManagerImpl.java:1210) ~[ozone-manager-1.3.0-SNAPSHOT.jar:?]
	at org.apache.hadoop.ozone.om.OzoneManager.getFileStatus(OzoneManager.java:3009) ~[ozone-manager-1.3.0-SNAPSHOT.jar:?]
	at org.apache.hadoop.ozone.protocolPB.OzoneManagerRequestHandler.getOzoneFileStatus(OzoneManagerRequestHandler.java:670) ~[ozone-manager-1.3.0-SNAPSHOT.jar:?]
	at org.apache.hadoop.ozone.protocolPB.OzoneManagerRequestHandler.handleReadRequest(OzoneManagerRequestHandler.java:201) ~[ozone-manager-1.3.0-SNAPSHOT.jar:?]
	at org.apache.hadoop.ozone.protocolPB.OzoneManagerProtocolServerSideTranslatorPB.submitReadRequestToOM(OzoneManagerProtocolServerSideTranslatorPB.java:213) ~[ozone-manager-1.3.0-SNAPSHOT.jar:?]
	at org.apache.hadoop.ozone.protocolPB.OzoneManagerProtocolServerSideTranslatorPB.processRequest(OzoneManagerProtocolServerSideTranslatorPB.java:174) ~[ozone-manager-1.3.0-SNAPSHOT.jar:?]
	at org.apache.hadoop.hdds.server.OzoneProtocolMessageDispatcher.processRequest(OzoneProtocolMessageDispatcher.java:87) [hdds-server-framework-1.3.0-SNAPSHOT.jar:?]
	at org.apache.hadoop.ozone.protocolPB.OzoneManagerProtocolServerSideTranslatorPB.submitRequest(OzoneManagerProtocolServerSideTranslatorPB.java:146) [ozone-manager-1.3.0-SNAPSHOT.jar:?]
	at org.apache.hadoop.ozone.protocol.proto.OzoneManagerProtocolProtos$OzoneManagerService$2.callBlockingMethod(OzoneManagerProtocolProtos.java) [ozone-interface-client-1.3.0-SNAPSHOT.jar:?]
	at org.apache.hadoop.ipc.ProtobufRpcEngine$Server.processCall(ProtobufRpcEngine.java:466) [hadoop-common-3.3.1.jar:?]
	at org.apache.hadoop.ipc.ProtobufRpcEngine2$Server$ProtoBufRpcInvoker.call(ProtobufRpcEngine2.java:574) [hadoop-common-3.3.1.jar:?]
	at org.apache.hadoop.ipc.ProtobufRpcEngine2$Server$ProtoBufRpcInvoker.call(ProtobufRpcEngine2.java:552) [hadoop-common-3.3.1.jar:?]
	at org.apache.hadoop.ipc.RPC$Server.call(RPC.java:1093) [hadoop-common-3.3.1.jar:?]
	at org.apache.hadoop.ipc.Server$RpcCall.run(Server.java:1035) [hadoop-common-3.3.1.jar:?]
	at org.apache.hadoop.ipc.Server$RpcCall.run(Server.java:963) [hadoop-common-3.3.1.jar:?]
	at java.security.AccessController.doPrivileged(Native Method) ~[?:1.8.0_322]
	at javax.security.auth.Subject.doAs(Subject.java:422) [?:1.8.0_322]
	at org.apache.hadoop.security.UserGroupInformation.doAs(UserGroupInformation.java:1878) [hadoop-common-3.3.1.jar:?]
	at org.apache.hadoop.ipc.Server$Handler.run(Server.java:2966) [hadoop-common-3.3.1.jar:?]
04:17:15.122 [IPC Server handler 12 on default port 45981] ERROR OMAudit - user=runner | ip=127.0.0.1 | op=GET_FILE_STATUS {volume=volume21477, bucket=bucket24700, key=testBatchDelete/parent/child3, dataSize=0, replicationConfig=null} | ret=FAILURE
org.apache.hadoop.ozone.om.exceptions.OMException: Unable to get file status: volume: volume21477 bucket: bucket24700 key: testBatchDelete/parent/child3
	at org.apache.hadoop.ozone.om.KeyManagerImpl.getOzoneFileStatus(KeyManagerImpl.java:1280) ~[ozone-manager-1.3.0-SNAPSHOT.jar:?]
	at org.apache.hadoop.ozone.om.KeyManagerImpl.getFileStatus(KeyManagerImpl.java:1210) ~[ozone-manager-1.3.0-SNAPSHOT.jar:?]
	at org.apache.hadoop.ozone.om.OzoneManager.getFileStatus(OzoneManager.java:3009) ~[ozone-manager-1.3.0-SNAPSHOT.jar:?]
	at org.apache.hadoop.ozone.protocolPB.OzoneManagerRequestHandler.getOzoneFileStatus(OzoneManagerRequestHandler.java:670) ~[ozone-manager-1.3.0-SNAPSHOT.jar:?]
	at org.apache.hadoop.ozone.protocolPB.OzoneManagerRequestHandler.handleReadRequest(OzoneManagerRequestHandler.java:201) ~[ozone-manager-1.3.0-SNAPSHOT.jar:?]
	at org.apache.hadoop.ozone.protocolPB.OzoneManagerProtocolServerSideTranslatorPB.submitReadRequestToOM(OzoneManagerProtocolServerSideTranslatorPB.java:213) ~[ozone-manager-1.3.0-SNAPSHOT.jar:?]
	at org.apache.hadoop.ozone.protocolPB.OzoneManagerProtocolServerSideTranslatorPB.processRequest(OzoneManagerProtocolServerSideTranslatorPB.java:174) ~[ozone-manager-1.3.0-SNAPSHOT.jar:?]
	at org.apache.hadoop.hdds.server.OzoneProtocolMessageDispatcher.processRequest(OzoneProtocolMessageDispatcher.java:87) [hdds-server-framework-1.3.0-SNAPSHOT.jar:?]
	at org.apache.hadoop.ozone.protocolPB.OzoneManagerProtocolServerSideTranslatorPB.submitRequest(OzoneManagerProtocolServerSideTranslatorPB.java:146) [ozone-manager-1.3.0-SNAPSHOT.jar:?]
	at org.apache.hadoop.ozone.protocol.proto.OzoneManagerProtocolProtos$OzoneManagerService$2.callBlockingMethod(OzoneManagerProtocolProtos.java) [ozone-interface-client-1.3.0-SNAPSHOT.jar:?]
	at org.apache.hadoop.ipc.ProtobufRpcEngine$Server.processCall(ProtobufRpcEngine.java:466) [hadoop-common-3.3.1.jar:?]
	at org.apache.hadoop.ipc.ProtobufRpcEngine2$Server$ProtoBufRpcInvoker.call(ProtobufRpcEngine2.java:574) [hadoop-common-3.3.1.jar:?]
	at org.apache.hadoop.ipc.ProtobufRpcEngine2$Server$ProtoBufRpcInvoker.call(ProtobufRpcEngine2.java:552) [hadoop-common-3.3.1.jar:?]
	at org.apache.hadoop.ipc.RPC$Server.call(RPC.java:1093) [hadoop-common-3.3.1.jar:?]
	at org.apache.hadoop.ipc.Server$RpcCall.run(Server.java:1035) [hadoop-common-3.3.1.jar:?]
	at org.apache.hadoop.ipc.Server$RpcCall.run(Server.java:963) [hadoop-common-3.3.1.jar:?]
	at java.security.AccessController.doPrivileged(Native Method) ~[?:1.8.0_322]
	at javax.security.auth.Subject.doAs(Subject.java:422) [?:1.8.0_322]
	at org.apache.hadoop.security.UserGroupInformation.doAs(UserGroupInformation.java:1878) [hadoop-common-3.3.1.jar:?]
	at org.apache.hadoop.ipc.Server$Handler.run(Server.java:2966) [hadoop-common-3.3.1.jar:?]
04:17:15.123 [IPC Server handler 16 on default port 45981] ERROR OMAudit - user=runner | ip=127.0.0.1 | op=GET_FILE_STATUS {volume=volume21477, bucket=bucket24700, key=testBatchDelete/parent/childFolder/child3, dataSize=0, replicationConfig=null} | ret=FAILURE
org.apache.hadoop.ozone.om.exceptions.OMException: Unable to get file status: volume: volume21477 bucket: bucket24700 key: testBatchDelete/parent/childFolder/child3
	at org.apache.hadoop.ozone.om.KeyManagerImpl.getOzoneFileStatus(KeyManagerImpl.java:1280) ~[ozone-manager-1.3.0-SNAPSHOT.jar:?]
	at org.apache.hadoop.ozone.om.KeyManagerImpl.getFileStatus(KeyManagerImpl.java:1210) ~[ozone-manager-1.3.0-SNAPSHOT.jar:?]
	at org.apache.hadoop.ozone.om.OzoneManager.getFileStatus(OzoneManager.java:3009) ~[ozone-manager-1.3.0-SNAPSHOT.jar:?]
	at org.apache.hadoop.ozone.protocolPB.OzoneManagerRequestHandler.getOzoneFileStatus(OzoneManagerRequestHandler.java:670) ~[ozone-manager-1.3.0-SNAPSHOT.jar:?]
	at org.apache.hadoop.ozone.protocolPB.OzoneManagerRequestHandler.handleReadRequest(OzoneManagerRequestHandler.java:201) ~[ozone-manager-1.3.0-SNAPSHOT.jar:?]
	at org.apache.hadoop.ozone.protocolPB.OzoneManagerProtocolServerSideTranslatorPB.submitReadRequestToOM(OzoneManagerProtocolServerSideTranslatorPB.java:213) ~[ozone-manager-1.3.0-SNAPSHOT.jar:?]
	at org.apache.hadoop.ozone.protocolPB.OzoneManagerProtocolServerSideTranslatorPB.processRequest(OzoneManagerProtocolServerSideTranslatorPB.java:174) ~[ozone-manager-1.3.0-SNAPSHOT.jar:?]
	at org.apache.hadoop.hdds.server.OzoneProtocolMessageDispatcher.processRequest(OzoneProtocolMessageDispatcher.java:87) [hdds-server-framework-1.3.0-SNAPSHOT.jar:?]
	at org.apache.hadoop.ozone.protocolPB.OzoneManagerProtocolServerSideTranslatorPB.submitRequest(OzoneManagerProtocolServerSideTranslatorPB.java:146) [ozone-manager-1.3.0-SNAPSHOT.jar:?]
	at org.apache.hadoop.ozone.protocol.proto.OzoneManagerProtocolProtos$OzoneManagerService$2.callBlockingMethod(OzoneManagerProtocolProtos.java) [ozone-interface-client-1.3.0-SNAPSHOT.jar:?]
	at org.apache.hadoop.ipc.ProtobufRpcEngine$Server.processCall(ProtobufRpcEngine.java:466) [hadoop-common-3.3.1.jar:?]
	at org.apache.hadoop.ipc.ProtobufRpcEngine2$Server$ProtoBufRpcInvoker.call(ProtobufRpcEngine2.java:574) [hadoop-common-3.3.1.jar:?]
	at org.apache.hadoop.ipc.ProtobufRpcEngine2$Server$ProtoBufRpcInvoker.call(ProtobufRpcEngine2.java:552) [hadoop-common-3.3.1.jar:?]
	at org.apache.hadoop.ipc.RPC$Server.call(RPC.java:1093) [hadoop-common-3.3.1.jar:?]
	at org.apache.hadoop.ipc.Server$RpcCall.run(Server.java:1035) [hadoop-common-3.3.1.jar:?]
	at org.apache.hadoop.ipc.Server$RpcCall.run(Server.java:963) [hadoop-common-3.3.1.jar:?]
	at java.security.AccessController.doPrivileged(Native Method) ~[?:1.8.0_322]
	at javax.security.auth.Subject.doAs(Subject.java:422) [?:1.8.0_322]
	at org.apache.hadoop.security.UserGroupInformation.doAs(UserGroupInformation.java:1878) [hadoop-common-3.3.1.jar:?]
	at org.apache.hadoop.ipc.Server$Handler.run(Server.java:2966) [hadoop-common-3.3.1.jar:?]
04:17:15.124 [IPC Server handler 17 on default port 45981] ERROR OMAudit - user=runner | ip=127.0.0.1 | op=GET_FILE_STATUS {volume=volume21477, bucket=bucket24700, key=testBatchDelete/parent/child4, dataSize=0, replicationConfig=null} | ret=FAILURE
org.apache.hadoop.ozone.om.exceptions.OMException: Unable to get file status: volume: volume21477 bucket: bucket24700 key: testBatchDelete/parent/child4
	at org.apache.hadoop.ozone.om.KeyManagerImpl.getOzoneFileStatus(KeyManagerImpl.java:1280) ~[ozone-manager-1.3.0-SNAPSHOT.jar:?]
	at org.apache.hadoop.ozone.om.KeyManagerImpl.getFileStatus(KeyManagerImpl.java:1210) ~[ozone-manager-1.3.0-SNAPSHOT.jar:?]
	at org.apache.hadoop.ozone.om.OzoneManager.getFileStatus(OzoneManager.java:3009) ~[ozone-manager-1.3.0-SNAPSHOT.jar:?]
	at org.apache.hadoop.ozone.protocolPB.OzoneManagerRequestHandler.getOzoneFileStatus(OzoneManagerRequestHandler.java:670) ~[ozone-manager-1.3.0-SNAPSHOT.jar:?]
	at org.apache.hadoop.ozone.protocolPB.OzoneManagerRequestHandler.handleReadRequest(OzoneManagerRequestHandler.java:201) ~[ozone-manager-1.3.0-SNAPSHOT.jar:?]
	at org.apache.hadoop.ozone.protocolPB.OzoneManagerProtocolServerSideTranslatorPB.submitReadRequestToOM(OzoneManagerProtocolServerSideTranslatorPB.java:213) ~[ozone-manager-1.3.0-SNAPSHOT.jar:?]
	at org.apache.hadoop.ozone.protocolPB.OzoneManagerProtocolServerSideTranslatorPB.processRequest(OzoneManagerProtocolServerSideTranslatorPB.java:174) ~[ozone-manager-1.3.0-SNAPSHOT.jar:?]
	at org.apache.hadoop.hdds.server.OzoneProtocolMessageDispatcher.processRequest(OzoneProtocolMessageDispatcher.java:87) [hdds-server-framework-1.3.0-SNAPSHOT.jar:?]
	at org.apache.hadoop.ozone.protocolPB.OzoneManagerProtocolServerSideTranslatorPB.submitRequest(OzoneManagerProtocolServerSideTranslatorPB.java:146) [ozone-manager-1.3.0-SNAPSHOT.jar:?]
	at org.apache.hadoop.ozone.protocol.proto.OzoneManagerProtocolProtos$OzoneManagerService$2.callBlockingMethod(OzoneManagerProtocolProtos.java) [ozone-interface-client-1.3.0-SNAPSHOT.jar:?]
	at org.apache.hadoop.ipc.ProtobufRpcEngine$Server.processCall(ProtobufRpcEngine.java:466) [hadoop-common-3.3.1.jar:?]
	at org.apache.hadoop.ipc.ProtobufRpcEngine2$Server$ProtoBufRpcInvoker.call(ProtobufRpcEngine2.java:574) [hadoop-common-3.3.1.jar:?]
	at org.apache.hadoop.ipc.ProtobufRpcEngine2$Server$ProtoBufRpcInvoker.call(ProtobufRpcEngine2.java:552) [hadoop-common-3.3.1.jar:?]
	at org.apache.hadoop.ipc.RPC$Server.call(RPC.java:1093) [hadoop-common-3.3.1.jar:?]
	at org.apache.hadoop.ipc.Server$RpcCall.run(Server.java:1035) [hadoop-common-3.3.1.jar:?]
	at org.apache.hadoop.ipc.Server$RpcCall.run(Server.java:963) [hadoop-common-3.3.1.jar:?]
	at java.security.AccessController.doPrivileged(Native Method) ~[?:1.8.0_322]
	at javax.security.auth.Subject.doAs(Subject.java:422) [?:1.8.0_322]
	at org.apache.hadoop.security.UserGroupInformation.doAs(UserGroupInformation.java:1878) [hadoop-common-3.3.1.jar:?]
	at org.apache.hadoop.ipc.Server$Handler.run(Server.java:2966) [hadoop-common-3.3.1.jar:?]
04:17:15.124 [IPC Server handler 18 on default port 45981] ERROR OMAudit - user=runner | ip=127.0.0.1 | op=GET_FILE_STATUS {volume=volume21477, bucket=bucket24700, key=testBatchDelete/parent/childFolder/child4, dataSize=0, replicationConfig=null} | ret=FAILURE
org.apache.hadoop.ozone.om.exceptions.OMException: Unable to get file status: volume: volume21477 bucket: bucket24700 key: testBatchDelete/parent/childFolder/child4
	at org.apache.hadoop.ozone.om.KeyManagerImpl.getOzoneFileStatus(KeyManagerImpl.java:1280) ~[ozone-manager-1.3.0-SNAPSHOT.jar:?]
	at org.apache.hadoop.ozone.om.KeyManagerImpl.getFileStatus(KeyManagerImpl.java:1210) ~[ozone-manager-1.3.0-SNAPSHOT.jar:?]
	at org.apache.hadoop.ozone.om.OzoneManager.getFileStatus(OzoneManager.java:3009) ~[ozone-manager-1.3.0-SNAPSHOT.jar:?]
	at org.apache.hadoop.ozone.protocolPB.OzoneManagerRequestHandler.getOzoneFileStatus(OzoneManagerRequestHandler.java:670) ~[ozone-manager-1.3.0-SNAPSHOT.jar:?]
	at org.apache.hadoop.ozone.protocolPB.OzoneManagerRequestHandler.handleReadRequest(OzoneManagerRequestHandler.java:201) ~[ozone-manager-1.3.0-SNAPSHOT.jar:?]
	at org.apache.hadoop.ozone.protocolPB.OzoneManagerProtocolServerSideTranslatorPB.submitReadRequestToOM(OzoneManagerProtocolServerSideTranslatorPB.java:213) ~[ozone-manager-1.3.0-SNAPSHOT.jar:?]
	at org.apache.hadoop.ozone.protocolPB.OzoneManagerProtocolServerSideTranslatorPB.processRequest(OzoneManagerProtocolServerSideTranslatorPB.java:174) ~[ozone-manager-1.3.0-SNAPSHOT.jar:?]
	at org.apache.hadoop.hdds.server.OzoneProtocolMessageDispatcher.processRequest(OzoneProtocolMessageDispatcher.java:87) [hdds-server-framework-1.3.0-SNAPSHOT.jar:?]
	at org.apache.hadoop.ozone.protocolPB.OzoneManagerProtocolServerSideTranslatorPB.submitRequest(OzoneManagerProtocolServerSideTranslatorPB.java:146) [ozone-manager-1.3.0-SNAPSHOT.jar:?]
	at org.apache.hadoop.ozone.protocol.proto.OzoneManagerProtocolProtos$OzoneManagerService$2.callBlockingMethod(OzoneManagerProtocolProtos.java) [ozone-interface-client-1.3.0-SNAPSHOT.jar:?]
	at org.apache.hadoop.ipc.ProtobufRpcEngine$Server.processCall(ProtobufRpcEngine.java:466) [hadoop-common-3.3.1.jar:?]
	at org.apache.hadoop.ipc.ProtobufRpcEngine2$Server$ProtoBufRpcInvoker.call(ProtobufRpcEngine2.java:574) [hadoop-common-3.3.1.jar:?]
	at org.apache.hadoop.ipc.ProtobufRpcEngine2$Server$ProtoBufRpcInvoker.call(ProtobufRpcEngine2.java:552) [hadoop-common-3.3.1.jar:?]
	at org.apache.hadoop.ipc.RPC$Server.call(RPC.java:1093) [hadoop-common-3.3.1.jar:?]
	at org.apache.hadoop.ipc.Server$RpcCall.run(Server.java:1035) [hadoop-common-3.3.1.jar:?]
	at org.apache.hadoop.ipc.Server$RpcCall.run(Server.java:963) [hadoop-common-3.3.1.jar:?]
	at java.security.AccessController.doPrivileged(Native Method) ~[?:1.8.0_322]
	at javax.security.auth.Subject.doAs(Subject.java:422) [?:1.8.0_322]
	at org.apache.hadoop.security.UserGroupInformation.doAs(UserGroupInformation.java:1878) [hadoop-common-3.3.1.jar:?]
	at org.apache.hadoop.ipc.Server$Handler.run(Server.java:2966) [hadoop-common-3.3.1.jar:?]
04:17:15.125 [IPC Server handler 11 on default port 45981] ERROR OMAudit - user=runner | ip=127.0.0.1 | op=GET_FILE_STATUS {volume=volume21477, bucket=bucket24700, key=testBatchDelete/parent/child5, dataSize=0, replicationConfig=null} | ret=FAILURE
org.apache.hadoop.ozone.om.exceptions.OMException: Unable to get file status: volume: volume21477 bucket: bucket24700 key: testBatchDelete/parent/child5
	at org.apache.hadoop.ozone.om.KeyManagerImpl.getOzoneFileStatus(KeyManagerImpl.java:1280) ~[ozone-manager-1.3.0-SNAPSHOT.jar:?]
	at org.apache.hadoop.ozone.om.KeyManagerImpl.getFileStatus(KeyManagerImpl.java:1210) ~[ozone-manager-1.3.0-SNAPSHOT.jar:?]
	at org.apache.hadoop.ozone.om.OzoneManager.getFileStatus(OzoneManager.java:3009) ~[ozone-manager-1.3.0-SNAPSHOT.jar:?]
	at org.apache.hadoop.ozone.protocolPB.OzoneManagerRequestHandler.getOzoneFileStatus(OzoneManagerRequestHandler.java:670) ~[ozone-manager-1.3.0-SNAPSHOT.jar:?]
	at org.apache.hadoop.ozone.protocolPB.OzoneManagerRequestHandler.handleReadRequest(OzoneManagerRequestHandler.java:201) ~[ozone-manager-1.3.0-SNAPSHOT.jar:?]
	at org.apache.hadoop.ozone.protocolPB.OzoneManagerProtocolServerSideTranslatorPB.submitReadRequestToOM(OzoneManagerProtocolServerSideTranslatorPB.java:213) ~[ozone-manager-1.3.0-SNAPSHOT.jar:?]
	at org.apache.hadoop.ozone.protocolPB.OzoneManagerProtocolServerSideTranslatorPB.processRequest(OzoneManagerProtocolServerSideTranslatorPB.java:174) ~[ozone-manager-1.3.0-SNAPSHOT.jar:?]
	at org.apache.hadoop.hdds.server.OzoneProtocolMessageDispatcher.processRequest(OzoneProtocolMessageDispatcher.java:87) [hdds-server-framework-1.3.0-SNAPSHOT.jar:?]
	at org.apache.hadoop.ozone.protocolPB.OzoneManagerProtocolServerSideTranslatorPB.submitRequest(OzoneManagerProtocolServerSideTranslatorPB.java:146) [ozone-manager-1.3.0-SNAPSHOT.jar:?]
	at org.apache.hadoop.ozone.protocol.proto.OzoneManagerProtocolProtos$OzoneManagerService$2.callBlockingMethod(OzoneManagerProtocolProtos.java) [ozone-interface-client-1.3.0-SNAPSHOT.jar:?]
	at org.apache.hadoop.ipc.ProtobufRpcEngine$Server.processCall(ProtobufRpcEngine.java:466) [hadoop-common-3.3.1.jar:?]
	at org.apache.hadoop.ipc.ProtobufRpcEngine2$Server$ProtoBufRpcInvoker.call(ProtobufRpcEngine2.java:574) [hadoop-common-3.3.1.jar:?]
	at org.apache.hadoop.ipc.ProtobufRpcEngine2$Server$ProtoBufRpcInvoker.call(ProtobufRpcEngine2.java:552) [hadoop-common-3.3.1.jar:?]
	at org.apache.hadoop.ipc.RPC$Server.call(RPC.java:1093) [hadoop-common-3.3.1.jar:?]
	at org.apache.hadoop.ipc.Server$RpcCall.run(Server.java:1035) [hadoop-common-3.3.1.jar:?]
	at org.apache.hadoop.ipc.Server$RpcCall.run(Server.java:963) [hadoop-common-3.3.1.jar:?]
	at java.security.AccessController.doPrivileged(Native Method) ~[?:1.8.0_322]
	at javax.security.auth.Subject.doAs(Subject.java:422) [?:1.8.0_322]
	at org.apache.hadoop.security.UserGroupInformation.doAs(UserGroupInformation.java:1878) [hadoop-common-3.3.1.jar:?]
	at org.apache.hadoop.ipc.Server$Handler.run(Server.java:2966) [hadoop-common-3.3.1.jar:?]
04:17:15.129 [IPC Server handler 11 on default port 45981] ERROR OMAudit - user=runner | ip=127.0.0.1 | op=GET_FILE_STATUS {volume=volume21477, bucket=bucket24700, key=testBatchDelete/parent/childFolder/child5, dataSize=0, replicationConfig=null} | ret=FAILURE
org.apache.hadoop.ozone.om.exceptions.OMException: Unable to get file status: volume: volume21477 bucket: bucket24700 key: testBatchDelete/parent/childFolder/child5
	at org.apache.hadoop.ozone.om.KeyManagerImpl.getOzoneFileStatus(KeyManagerImpl.java:1280) ~[ozone-manager-1.3.0-SNAPSHOT.jar:?]
	at org.apache.hadoop.ozone.om.KeyManagerImpl.getFileStatus(KeyManagerImpl.java:1210) ~[ozone-manager-1.3.0-SNAPSHOT.jar:?]
	at org.apache.hadoop.ozone.om.OzoneManager.getFileStatus(OzoneManager.java:3009) ~[ozone-manager-1.3.0-SNAPSHOT.jar:?]
	at org.apache.hadoop.ozone.protocolPB.OzoneManagerRequestHandler.getOzoneFileStatus(OzoneManagerRequestHandler.java:670) ~[ozone-manager-1.3.0-SNAPSHOT.jar:?]
	at org.apache.hadoop.ozone.protocolPB.OzoneManagerRequestHandler.handleReadRequest(OzoneManagerRequestHandler.java:201) ~[ozone-manager-1.3.0-SNAPSHOT.jar:?]
	at org.apache.hadoop.ozone.protocolPB.OzoneManagerProtocolServerSideTranslatorPB.submitReadRequestToOM(OzoneManagerProtocolServerSideTranslatorPB.java:213) ~[ozone-manager-1.3.0-SNAPSHOT.jar:?]
	at org.apache.hadoop.ozone.protocolPB.OzoneManagerProtocolServerSideTranslatorPB.processRequest(OzoneManagerProtocolServerSideTranslatorPB.java:174) ~[ozone-manager-1.3.0-SNAPSHOT.jar:?]
	at org.apache.hadoop.hdds.server.OzoneProtocolMessageDispatcher.processRequest(OzoneProtocolMessageDispatcher.java:87) [hdds-server-framework-1.3.0-SNAPSHOT.jar:?]
	at org.apache.hadoop.ozone.protocolPB.OzoneManagerProtocolServerSideTranslatorPB.submitRequest(OzoneManagerProtocolServerSideTranslatorPB.java:146) [ozone-manager-1.3.0-SNAPSHOT.jar:?]
	at org.apache.hadoop.ozone.protocol.proto.OzoneManagerProtocolProtos$OzoneManagerService$2.callBlockingMethod(OzoneManagerProtocolProtos.java) [ozone-interface-client-1.3.0-SNAPSHOT.jar:?]
	at org.apache.hadoop.ipc.ProtobufRpcEngine$Server.processCall(ProtobufRpcEngine.java:466) [hadoop-common-3.3.1.jar:?]
	at org.apache.hadoop.ipc.ProtobufRpcEngine2$Server$ProtoBufRpcInvoker.call(ProtobufRpcEngine2.java:574) [hadoop-common-3.3.1.jar:?]
	at org.apache.hadoop.ipc.ProtobufRpcEngine2$Server$ProtoBufRpcInvoker.call(ProtobufRpcEngine2.java:552) [hadoop-common-3.3.1.jar:?]
	at org.apache.hadoop.ipc.RPC$Server.call(RPC.java:1093) [hadoop-common-3.3.1.jar:?]
	at org.apache.hadoop.ipc.Server$RpcCall.run(Server.java:1035) [hadoop-common-3.3.1.jar:?]
	at org.apache.hadoop.ipc.Server$RpcCall.run(Server.java:963) [hadoop-common-3.3.1.jar:?]
	at java.security.AccessController.doPrivileged(Native Method) ~[?:1.8.0_322]
	at javax.security.auth.Subject.doAs(Subject.java:422) [?:1.8.0_322]
	at org.apache.hadoop.security.UserGroupInformation.doAs(UserGroupInformation.java:1878) [hadoop-common-3.3.1.jar:?]
	at org.apache.hadoop.ipc.Server$Handler.run(Server.java:2966) [hadoop-common-3.3.1.jar:?]
04:17:15.130 [IPC Server handler 14 on default port 45981] ERROR OMAudit - user=runner | ip=127.0.0.1 | op=GET_FILE_STATUS {volume=volume21477, bucket=bucket24700, key=testBatchDelete/parent/child6, dataSize=0, replicationConfig=null} | ret=FAILURE
org.apache.hadoop.ozone.om.exceptions.OMException: Unable to get file status: volume: volume21477 bucket: bucket24700 key: testBatchDelete/parent/child6
	at org.apache.hadoop.ozone.om.KeyManagerImpl.getOzoneFileStatus(KeyManagerImpl.java:1280) ~[ozone-manager-1.3.0-SNAPSHOT.jar:?]
	at org.apache.hadoop.ozone.om.KeyManagerImpl.getFileStatus(KeyManagerImpl.java:1210) ~[ozone-manager-1.3.0-SNAPSHOT.jar:?]
	at org.apache.hadoop.ozone.om.OzoneManager.getFileStatus(OzoneManager.java:3009) ~[ozone-manager-1.3.0-SNAPSHOT.jar:?]
	at org.apache.hadoop.ozone.protocolPB.OzoneManagerRequestHandler.getOzoneFileStatus(OzoneManagerRequestHandler.java:670) ~[ozone-manager-1.3.0-SNAPSHOT.jar:?]
	at org.apache.hadoop.ozone.protocolPB.OzoneManagerRequestHandler.handleReadRequest(OzoneManagerRequestHandler.java:201) ~[ozone-manager-1.3.0-SNAPSHOT.jar:?]
	at org.apache.hadoop.ozone.protocolPB.OzoneManagerProtocolServerSideTranslatorPB.submitReadRequestToOM(OzoneManagerProtocolServerSideTranslatorPB.java:213) ~[ozone-manager-1.3.0-SNAPSHOT.jar:?]
	at org.apache.hadoop.ozone.protocolPB.OzoneManagerProtocolServerSideTranslatorPB.processRequest(OzoneManagerProtocolServerSideTranslatorPB.java:174) ~[ozone-manager-1.3.0-SNAPSHOT.jar:?]
	at org.apache.hadoop.hdds.server.OzoneProtocolMessageDispatcher.processRequest(OzoneProtocolMessageDispatcher.java:87) [hdds-server-framework-1.3.0-SNAPSHOT.jar:?]
	at org.apache.hadoop.ozone.protocolPB.OzoneManagerProtocolServerSideTranslatorPB.submitRequest(OzoneManagerProtocolServerSideTranslatorPB.java:146) [ozone-manager-1.3.0-SNAPSHOT.jar:?]
	at org.apache.hadoop.ozone.protocol.proto.OzoneManagerProtocolProtos$OzoneManagerService$2.callBlockingMethod(OzoneManagerProtocolProtos.java) [ozone-interface-client-1.3.0-SNAPSHOT.jar:?]
	at org.apache.hadoop.ipc.ProtobufRpcEngine$Server.processCall(ProtobufRpcEngine.java:466) [hadoop-common-3.3.1.jar:?]
	at org.apache.hadoop.ipc.ProtobufRpcEngine2$Server$ProtoBufRpcInvoker.call(ProtobufRpcEngine2.java:574) [hadoop-common-3.3.1.jar:?]
	at org.apache.hadoop.ipc.ProtobufRpcEngine2$Server$ProtoBufRpcInvoker.call(ProtobufRpcEngine2.java:552) [hadoop-common-3.3.1.jar:?]
	at org.apache.hadoop.ipc.RPC$Server.call(RPC.java:1093) [hadoop-common-3.3.1.jar:?]
	at org.apache.hadoop.ipc.Server$RpcCall.run(Server.java:1035) [hadoop-common-3.3.1.jar:?]
	at org.apache.hadoop.ipc.Server$RpcCall.run(Server.java:963) [hadoop-common-3.3.1.jar:?]
	at java.security.AccessController.doPrivileged(Native Method) ~[?:1.8.0_322]
	at javax.security.auth.Subject.doAs(Subject.java:422) [?:1.8.0_322]
	at org.apache.hadoop.security.UserGroupInformation.doAs(UserGroupInformation.java:1878) [hadoop-common-3.3.1.jar:?]
	at org.apache.hadoop.ipc.Server$Handler.run(Server.java:2966) [hadoop-common-3.3.1.jar:?]
04:17:15.136 [IPC Server handler 19 on default port 45981] ERROR OMAudit - user=runner | ip=127.0.0.1 | op=GET_FILE_STATUS {volume=volume21477, bucket=bucket24700, key=testBatchDelete/parent/childFolder/child6, dataSize=0, replicationConfig=null} | ret=FAILURE
org.apache.hadoop.ozone.om.exceptions.OMException: Unable to get file status: volume: volume21477 bucket: bucket24700 key: testBatchDelete/parent/childFolder/child6
	at org.apache.hadoop.ozone.om.KeyManagerImpl.getOzoneFileStatus(KeyManagerImpl.java:1280) ~[ozone-manager-1.3.0-SNAPSHOT.jar:?]
	at org.apache.hadoop.ozone.om.KeyManagerImpl.getFileStatus(KeyManagerImpl.java:1210) ~[ozone-manager-1.3.0-SNAPSHOT.jar:?]
	at org.apache.hadoop.ozone.om.OzoneManager.getFileStatus(OzoneManager.java:3009) ~[ozone-manager-1.3.0-SNAPSHOT.jar:?]
	at org.apache.hadoop.ozone.protocolPB.OzoneManagerRequestHandler.getOzoneFileStatus(OzoneManagerRequestHandler.java:670) ~[ozone-manager-1.3.0-SNAPSHOT.jar:?]
	at org.apache.hadoop.ozone.protocolPB.OzoneManagerRequestHandler.handleReadRequest(OzoneManagerRequestHandler.java:201) ~[ozone-manager-1.3.0-SNAPSHOT.jar:?]
	at org.apache.hadoop.ozone.protocolPB.OzoneManagerProtocolServerSideTranslatorPB.submitReadRequestToOM(OzoneManagerProtocolServerSideTranslatorPB.java:213) ~[ozone-manager-1.3.0-SNAPSHOT.jar:?]
	at org.apache.hadoop.ozone.protocolPB.OzoneManagerProtocolServerSideTranslatorPB.processRequest(OzoneManagerProtocolServerSideTranslatorPB.java:174) ~[ozone-manager-1.3.0-SNAPSHOT.jar:?]
	at org.apache.hadoop.hdds.server.OzoneProtocolMessageDispatcher.processRequest(OzoneProtocolMessageDispatcher.java:87) [hdds-server-framework-1.3.0-SNAPSHOT.jar:?]
	at org.apache.hadoop.ozone.protocolPB.OzoneManagerProtocolServerSideTranslatorPB.submitRequest(OzoneManagerProtocolServerSideTranslatorPB.java:146) [ozone-manager-1.3.0-SNAPSHOT.jar:?]
	at org.apache.hadoop.ozone.protocol.proto.OzoneManagerProtocolProtos$OzoneManagerService$2.callBlockingMethod(OzoneManagerProtocolProtos.java) [ozone-interface-client-1.3.0-SNAPSHOT.jar:?]
	at org.apache.hadoop.ipc.ProtobufRpcEngine$Server.processCall(ProtobufRpcEngine.java:466) [hadoop-common-3.3.1.jar:?]
	at org.apache.hadoop.ipc.ProtobufRpcEngine2$Server$ProtoBufRpcInvoker.call(ProtobufRpcEngine2.java:574) [hadoop-common-3.3.1.jar:?]
	at org.apache.hadoop.ipc.ProtobufRpcEngine2$Server$ProtoBufRpcInvoker.call(ProtobufRpcEngine2.java:552) [hadoop-common-3.3.1.jar:?]
	at org.apache.hadoop.ipc.RPC$Server.call(RPC.java:1093) [hadoop-common-3.3.1.jar:?]
	at org.apache.hadoop.ipc.Server$RpcCall.run(Server.java:1035) [hadoop-common-3.3.1.jar:?]
	at org.apache.hadoop.ipc.Server$RpcCall.run(Server.java:963) [hadoop-common-3.3.1.jar:?]
	at java.security.AccessController.doPrivileged(Native Method) ~[?:1.8.0_322]
	at javax.security.auth.Subject.doAs(Subject.java:422) [?:1.8.0_322]
	at org.apache.hadoop.security.UserGroupInformation.doAs(UserGroupInformation.java:1878) [hadoop-common-3.3.1.jar:?]
	at org.apache.hadoop.ipc.Server$Handler.run(Server.java:2966) [hadoop-common-3.3.1.jar:?]
04:17:15.137 [IPC Server handler 10 on default port 45981] ERROR OMAudit - user=runner | ip=127.0.0.1 | op=GET_FILE_STATUS {volume=volume21477, bucket=bucket24700, key=testBatchDelete/parent/child7, dataSize=0, replicationConfig=null} | ret=FAILURE
org.apache.hadoop.ozone.om.exceptions.OMException: Unable to get file status: volume: volume21477 bucket: bucket24700 key: testBatchDelete/parent/child7
	at org.apache.hadoop.ozone.om.KeyManagerImpl.getOzoneFileStatus(KeyManagerImpl.java:1280) ~[ozone-manager-1.3.0-SNAPSHOT.jar:?]
	at org.apache.hadoop.ozone.om.KeyManagerImpl.getFileStatus(KeyManagerImpl.java:1210) ~[ozone-manager-1.3.0-SNAPSHOT.jar:?]
	at org.apache.hadoop.ozone.om.OzoneManager.getFileStatus(OzoneManager.java:3009) ~[ozone-manager-1.3.0-SNAPSHOT.jar:?]
	at org.apache.hadoop.ozone.protocolPB.OzoneManagerRequestHandler.getOzoneFileStatus(OzoneManagerRequestHandler.java:670) ~[ozone-manager-1.3.0-SNAPSHOT.jar:?]
	at org.apache.hadoop.ozone.protocolPB.OzoneManagerRequestHandler.handleReadRequest(OzoneManagerRequestHandler.java:201) ~[ozone-manager-1.3.0-SNAPSHOT.jar:?]
	at org.apache.hadoop.ozone.protocolPB.OzoneManagerProtocolServerSideTranslatorPB.submitReadRequestToOM(OzoneManagerProtocolServerSideTranslatorPB.java:213) ~[ozone-manager-1.3.0-SNAPSHOT.jar:?]
	at org.apache.hadoop.ozone.protocolPB.OzoneManagerProtocolServerSideTranslatorPB.processRequest(OzoneManagerProtocolServerSideTranslatorPB.java:174) ~[ozone-manager-1.3.0-SNAPSHOT.jar:?]
	at org.apache.hadoop.hdds.server.OzoneProtocolMessageDispatcher.processRequest(OzoneProtocolMessageDispatcher.java:87) [hdds-server-framework-1.3.0-SNAPSHOT.jar:?]
	at org.apache.hadoop.ozone.protocolPB.OzoneManagerProtocolServerSideTranslatorPB.submitRequest(OzoneManagerProtocolServerSideTranslatorPB.java:146) [ozone-manager-1.3.0-SNAPSHOT.jar:?]
	at org.apache.hadoop.ozone.protocol.proto.OzoneManagerProtocolProtos$OzoneManagerService$2.callBlockingMethod(OzoneManagerProtocolProtos.java) [ozone-interface-client-1.3.0-SNAPSHOT.jar:?]
	at org.apache.hadoop.ipc.ProtobufRpcEngine$Server.processCall(ProtobufRpcEngine.java:466) [hadoop-common-3.3.1.jar:?]
	at org.apache.hadoop.ipc.ProtobufRpcEngine2$Server$ProtoBufRpcInvoker.call(ProtobufRpcEngine2.java:574) [hadoop-common-3.3.1.jar:?]
	at org.apache.hadoop.ipc.ProtobufRpcEngine2$Server$ProtoBufRpcInvoker.call(ProtobufRpcEngine2.java:552) [hadoop-common-3.3.1.jar:?]
	at org.apache.hadoop.ipc.RPC$Server.call(RPC.java:1093) [hadoop-common-3.3.1.jar:?]
	at org.apache.hadoop.ipc.Server$RpcCall.run(Server.java:1035) [hadoop-common-3.3.1.jar:?]
	at org.apache.hadoop.ipc.Server$RpcCall.run(Server.java:963) [hadoop-common-3.3.1.jar:?]
	at java.security.AccessController.doPrivileged(Native Method) ~[?:1.8.0_322]
	at javax.security.auth.Subject.doAs(Subject.java:422) [?:1.8.0_322]
	at org.apache.hadoop.security.UserGroupInformation.doAs(UserGroupInformation.java:1878) [hadoop-common-3.3.1.jar:?]
	at org.apache.hadoop.ipc.Server$Handler.run(Server.java:2966) [hadoop-common-3.3.1.jar:?]
04:17:15.141 [IPC Server handler 2 on default port 45981] ERROR OMAudit - user=runner | ip=127.0.0.1 | op=GET_FILE_STATUS {volume=volume21477, bucket=bucket24700, key=testBatchDelete/parent/childFolder/child7, dataSize=0, replicationConfig=null} | ret=FAILURE
org.apache.hadoop.ozone.om.exceptions.OMException: Unable to get file status: volume: volume21477 bucket: bucket24700 key: testBatchDelete/parent/childFolder/child7
	at org.apache.hadoop.ozone.om.KeyManagerImpl.getOzoneFileStatus(KeyManagerImpl.java:1280) ~[ozone-manager-1.3.0-SNAPSHOT.jar:?]
	at org.apache.hadoop.ozone.om.KeyManagerImpl.getFileStatus(KeyManagerImpl.java:1210) ~[ozone-manager-1.3.0-SNAPSHOT.jar:?]
	at org.apache.hadoop.ozone.om.OzoneManager.getFileStatus(OzoneManager.java:3009) ~[ozone-manager-1.3.0-SNAPSHOT.jar:?]
	at org.apache.hadoop.ozone.protocolPB.OzoneManagerRequestHandler.getOzoneFileStatus(OzoneManagerRequestHandler.java:670) ~[ozone-manager-1.3.0-SNAPSHOT.jar:?]
	at org.apache.hadoop.ozone.protocolPB.OzoneManagerRequestHandler.handleReadRequest(OzoneManagerRequestHandler.java:201) ~[ozone-manager-1.3.0-SNAPSHOT.jar:?]
	at org.apache.hadoop.ozone.protocolPB.OzoneManagerProtocolServerSideTranslatorPB.submitReadRequestToOM(OzoneManagerProtocolServerSideTranslatorPB.java:213) ~[ozone-manager-1.3.0-SNAPSHOT.jar:?]
	at org.apache.hadoop.ozone.protocolPB.OzoneManagerProtocolServerSideTranslatorPB.processRequest(OzoneManagerProtocolServerSideTranslatorPB.java:174) ~[ozone-manager-1.3.0-SNAPSHOT.jar:?]
	at org.apache.hadoop.hdds.server.OzoneProtocolMessageDispatcher.processRequest(OzoneProtocolMessageDispatcher.java:87) [hdds-server-framework-1.3.0-SNAPSHOT.jar:?]
	at org.apache.hadoop.ozone.protocolPB.OzoneManagerProtocolServerSideTranslatorPB.submitRequest(OzoneManagerProtocolServerSideTranslatorPB.java:146) [ozone-manager-1.3.0-SNAPSHOT.jar:?]
	at org.apache.hadoop.ozone.protocol.proto.OzoneManagerProtocolProtos$OzoneManagerService$2.callBlockingMethod(OzoneManagerProtocolProtos.java) [ozone-interface-client-1.3.0-SNAPSHOT.jar:?]
	at org.apache.hadoop.ipc.ProtobufRpcEngine$Server.processCall(ProtobufRpcEngine.java:466) [hadoop-common-3.3.1.jar:?]
	at org.apache.hadoop.ipc.ProtobufRpcEngine2$Server$ProtoBufRpcInvoker.call(ProtobufRpcEngine2.java:574) [hadoop-common-3.3.1.jar:?]
	at org.apache.hadoop.ipc.ProtobufRpcEngine2$Server$ProtoBufRpcInvoker.call(ProtobufRpcEngine2.java:552) [hadoop-common-3.3.1.jar:?]
	at org.apache.hadoop.ipc.RPC$Server.call(RPC.java:1093) [hadoop-common-3.3.1.jar:?]
	at org.apache.hadoop.ipc.Server$RpcCall.run(Server.java:1035) [hadoop-common-3.3.1.jar:?]
	at org.apache.hadoop.ipc.Server$RpcCall.run(Server.java:963) [hadoop-common-3.3.1.jar:?]
	at java.security.AccessController.doPrivileged(Native Method) ~[?:1.8.0_322]
	at javax.security.auth.Subject.doAs(Subject.java:422) [?:1.8.0_322]
	at org.apache.hadoop.security.UserGroupInformation.doAs(UserGroupInformation.java:1878) [hadoop-common-3.3.1.jar:?]
	at org.apache.hadoop.ipc.Server$Handler.run(Server.java:2966) [hadoop-common-3.3.1.jar:?]
04:17:15.145 [IPC Server handler 9 on default port 45981] ERROR OMAudit - user=runner | ip=127.0.0.1 | op=GET_FILE_STATUS {volume=volume21477, bucket=bucket24700, key=testBatchDelete/parent, dataSize=0, replicationConfig=null} | ret=FAILURE
org.apache.hadoop.ozone.om.exceptions.OMException: Unable to get file status: volume: volume21477 bucket: bucket24700 key: testBatchDelete/parent
	at org.apache.hadoop.ozone.om.KeyManagerImpl.getOzoneFileStatus(KeyManagerImpl.java:1280) ~[ozone-manager-1.3.0-SNAPSHOT.jar:?]
	at org.apache.hadoop.ozone.om.KeyManagerImpl.getFileStatus(KeyManagerImpl.java:1210) ~[ozone-manager-1.3.0-SNAPSHOT.jar:?]
	at org.apache.hadoop.ozone.om.OzoneManager.getFileStatus(OzoneManager.java:3009) ~[ozone-manager-1.3.0-SNAPSHOT.jar:?]
	at org.apache.hadoop.ozone.protocolPB.OzoneManagerRequestHandler.getOzoneFileStatus(OzoneManagerRequestHandler.java:670) ~[ozone-manager-1.3.0-SNAPSHOT.jar:?]
	at org.apache.hadoop.ozone.protocolPB.OzoneManagerRequestHandler.handleReadRequest(OzoneManagerRequestHandler.java:201) ~[ozone-manager-1.3.0-SNAPSHOT.jar:?]
	at org.apache.hadoop.ozone.protocolPB.OzoneManagerProtocolServerSideTranslatorPB.submitReadRequestToOM(OzoneManagerProtocolServerSideTranslatorPB.java:213) ~[ozone-manager-1.3.0-SNAPSHOT.jar:?]
	at org.apache.hadoop.ozone.protocolPB.OzoneManagerProtocolServerSideTranslatorPB.processRequest(OzoneManagerProtocolServerSideTranslatorPB.java:174) ~[ozone-manager-1.3.0-SNAPSHOT.jar:?]
	at org.apache.hadoop.hdds.server.OzoneProtocolMessageDispatcher.processRequest(OzoneProtocolMessageDispatcher.java:87) [hdds-server-framework-1.3.0-SNAPSHOT.jar:?]
	at org.apache.hadoop.ozone.protocolPB.OzoneManagerProtocolServerSideTranslatorPB.submitRequest(OzoneManagerProtocolServerSideTranslatorPB.java:146) [ozone-manager-1.3.0-SNAPSHOT.jar:?]
	at org.apache.hadoop.ozone.protocol.proto.OzoneManagerProtocolProtos$OzoneManagerService$2.callBlockingMethod(OzoneManagerProtocolProtos.java) [ozone-interface-client-1.3.0-SNAPSHOT.jar:?]
	at org.apache.hadoop.ipc.ProtobufRpcEngine$Server.processCall(ProtobufRpcEngine.java:466) [hadoop-common-3.3.1.jar:?]
	at org.apache.hadoop.ipc.ProtobufRpcEngine2$Server$ProtoBufRpcInvoker.call(ProtobufRpcEngine2.java:574) [hadoop-common-3.3.1.jar:?]
	at org.apache.hadoop.ipc.ProtobufRpcEngine2$Server$ProtoBufRpcInvoker.call(ProtobufRpcEngine2.java:552) [hadoop-common-3.3.1.jar:?]
	at org.apache.hadoop.ipc.RPC$Server.call(RPC.java:1093) [hadoop-common-3.3.1.jar:?]
	at org.apache.hadoop.ipc.Server$RpcCall.run(Server.java:1035) [hadoop-common-3.3.1.jar:?]
	at org.apache.hadoop.ipc.Server$RpcCall.run(Server.java:963) [hadoop-common-3.3.1.jar:?]
	at java.security.AccessController.doPrivileged(Native Method) ~[?:1.8.0_322]
	at javax.security.auth.Subject.doAs(Subject.java:422) [?:1.8.0_322]
	at org.apache.hadoop.security.UserGroupInformation.doAs(UserGroupInformation.java:1878) [hadoop-common-3.3.1.jar:?]
	at org.apache.hadoop.ipc.Server$Handler.run(Server.java:2966) [hadoop-common-3.3.1.jar:?]
2022-04-24 04:17:15,146 [Time-limited test] WARN  ozone.BasicOzoneFileSystem (BasicOzoneFileSystem.java:delete(530)) - delete: Path does not exist: /testBatchDelete/parent
]]></system-out>
  </testcase>
  <testcase name="testFileDelete" classname="TestOzoneFileSystem" time="0.186">
    <system-out><![CDATA[04:18:27.510 [IPC Server handler 9 on default port 37371] ERROR OMAudit - user=runner | ip=127.0.0.1 | op=GET_FILE_STATUS {volume=volume22323, bucket=bucket47719, key=testBatchDelete, dataSize=0, replicationConfig=null} | ret=FAILURE
org.apache.hadoop.ozone.om.exceptions.OMException: Unable to get file status: volume: volume22323 bucket: bucket47719 key: testBatchDelete
	at org.apache.hadoop.ozone.om.KeyManagerImpl.getOzoneFileStatus(KeyManagerImpl.java:1280) ~[ozone-manager-1.3.0-SNAPSHOT.jar:?]
	at org.apache.hadoop.ozone.om.KeyManagerImpl.getFileStatus(KeyManagerImpl.java:1210) ~[ozone-manager-1.3.0-SNAPSHOT.jar:?]
	at org.apache.hadoop.ozone.om.OzoneManager.getFileStatus(OzoneManager.java:3009) ~[ozone-manager-1.3.0-SNAPSHOT.jar:?]
	at org.apache.hadoop.ozone.protocolPB.OzoneManagerRequestHandler.getOzoneFileStatus(OzoneManagerRequestHandler.java:670) ~[ozone-manager-1.3.0-SNAPSHOT.jar:?]
	at org.apache.hadoop.ozone.protocolPB.OzoneManagerRequestHandler.handleReadRequest(OzoneManagerRequestHandler.java:201) ~[ozone-manager-1.3.0-SNAPSHOT.jar:?]
	at org.apache.hadoop.ozone.protocolPB.OzoneManagerProtocolServerSideTranslatorPB.submitRequestDirectlyToOM(OzoneManagerProtocolServerSideTranslatorPB.java:271) ~[ozone-manager-1.3.0-SNAPSHOT.jar:?]
	at org.apache.hadoop.ozone.protocolPB.OzoneManagerProtocolServerSideTranslatorPB.processRequest(OzoneManagerProtocolServerSideTranslatorPB.java:195) ~[ozone-manager-1.3.0-SNAPSHOT.jar:?]
	at org.apache.hadoop.hdds.server.OzoneProtocolMessageDispatcher.processRequest(OzoneProtocolMessageDispatcher.java:87) [hdds-server-framework-1.3.0-SNAPSHOT.jar:?]
	at org.apache.hadoop.ozone.protocolPB.OzoneManagerProtocolServerSideTranslatorPB.submitRequest(OzoneManagerProtocolServerSideTranslatorPB.java:146) [ozone-manager-1.3.0-SNAPSHOT.jar:?]
	at org.apache.hadoop.ozone.protocol.proto.OzoneManagerProtocolProtos$OzoneManagerService$2.callBlockingMethod(OzoneManagerProtocolProtos.java) [ozone-interface-client-1.3.0-SNAPSHOT.jar:?]
	at org.apache.hadoop.ipc.ProtobufRpcEngine$Server.processCall(ProtobufRpcEngine.java:466) [hadoop-common-3.3.1.jar:?]
	at org.apache.hadoop.ipc.ProtobufRpcEngine2$Server$ProtoBufRpcInvoker.call(ProtobufRpcEngine2.java:574) [hadoop-common-3.3.1.jar:?]
	at org.apache.hadoop.ipc.ProtobufRpcEngine2$Server$ProtoBufRpcInvoker.call(ProtobufRpcEngine2.java:552) [hadoop-common-3.3.1.jar:?]
	at org.apache.hadoop.ipc.RPC$Server.call(RPC.java:1093) [hadoop-common-3.3.1.jar:?]
	at org.apache.hadoop.ipc.Server$RpcCall.run(Server.java:1035) [hadoop-common-3.3.1.jar:?]
	at org.apache.hadoop.ipc.Server$RpcCall.run(Server.java:963) [hadoop-common-3.3.1.jar:?]
	at java.security.AccessController.doPrivileged(Native Method) ~[?:1.8.0_322]
	at javax.security.auth.Subject.doAs(Subject.java:422) [?:1.8.0_322]
	at org.apache.hadoop.security.UserGroupInformation.doAs(UserGroupInformation.java:1878) [hadoop-common-3.3.1.jar:?]
	at org.apache.hadoop.ipc.Server$Handler.run(Server.java:2966) [hadoop-common-3.3.1.jar:?]
04:18:27.510 [IPC Server handler 6 on default port 37371] ERROR OMAudit - user=runner | ip=127.0.0.1 | op=GET_FILE_STATUS {volume=volume22323, bucket=bucket47719, key=testBatchDelete/parent/child0, dataSize=0, replicationConfig=null} | ret=FAILURE
org.apache.hadoop.ozone.om.exceptions.OMException: Unable to get file status: volume: volume22323 bucket: bucket47719 key: testBatchDelete/parent/child0
	at org.apache.hadoop.ozone.om.KeyManagerImpl.getOzoneFileStatus(KeyManagerImpl.java:1280) ~[ozone-manager-1.3.0-SNAPSHOT.jar:?]
	at org.apache.hadoop.ozone.om.KeyManagerImpl.getFileStatus(KeyManagerImpl.java:1210) ~[ozone-manager-1.3.0-SNAPSHOT.jar:?]
	at org.apache.hadoop.ozone.om.OzoneManager.getFileStatus(OzoneManager.java:3009) ~[ozone-manager-1.3.0-SNAPSHOT.jar:?]
	at org.apache.hadoop.ozone.protocolPB.OzoneManagerRequestHandler.getOzoneFileStatus(OzoneManagerRequestHandler.java:670) ~[ozone-manager-1.3.0-SNAPSHOT.jar:?]
	at org.apache.hadoop.ozone.protocolPB.OzoneManagerRequestHandler.handleReadRequest(OzoneManagerRequestHandler.java:201) ~[ozone-manager-1.3.0-SNAPSHOT.jar:?]
	at org.apache.hadoop.ozone.protocolPB.OzoneManagerProtocolServerSideTranslatorPB.submitRequestDirectlyToOM(OzoneManagerProtocolServerSideTranslatorPB.java:271) ~[ozone-manager-1.3.0-SNAPSHOT.jar:?]
	at org.apache.hadoop.ozone.protocolPB.OzoneManagerProtocolServerSideTranslatorPB.processRequest(OzoneManagerProtocolServerSideTranslatorPB.java:195) ~[ozone-manager-1.3.0-SNAPSHOT.jar:?]
	at org.apache.hadoop.hdds.server.OzoneProtocolMessageDispatcher.processRequest(OzoneProtocolMessageDispatcher.java:87) [hdds-server-framework-1.3.0-SNAPSHOT.jar:?]
	at org.apache.hadoop.ozone.protocolPB.OzoneManagerProtocolServerSideTranslatorPB.submitRequest(OzoneManagerProtocolServerSideTranslatorPB.java:146) [ozone-manager-1.3.0-SNAPSHOT.jar:?]
	at org.apache.hadoop.ozone.protocol.proto.OzoneManagerProtocolProtos$OzoneManagerService$2.callBlockingMethod(OzoneManagerProtocolProtos.java) [ozone-interface-client-1.3.0-SNAPSHOT.jar:?]
	at org.apache.hadoop.ipc.ProtobufRpcEngine$Server.processCall(ProtobufRpcEngine.java:466) [hadoop-common-3.3.1.jar:?]
	at org.apache.hadoop.ipc.ProtobufRpcEngine2$Server$ProtoBufRpcInvoker.call(ProtobufRpcEngine2.java:574) [hadoop-common-3.3.1.jar:?]
	at org.apache.hadoop.ipc.ProtobufRpcEngine2$Server$ProtoBufRpcInvoker.call(ProtobufRpcEngine2.java:552) [hadoop-common-3.3.1.jar:?]
	at org.apache.hadoop.ipc.RPC$Server.call(RPC.java:1093) [hadoop-common-3.3.1.jar:?]
	at org.apache.hadoop.ipc.Server$RpcCall.run(Server.java:1035) [hadoop-common-3.3.1.jar:?]
	at org.apache.hadoop.ipc.Server$RpcCall.run(Server.java:963) [hadoop-common-3.3.1.jar:?]
	at java.security.AccessController.doPrivileged(Native Method) ~[?:1.8.0_322]
	at javax.security.auth.Subject.doAs(Subject.java:422) [?:1.8.0_322]
	at org.apache.hadoop.security.UserGroupInformation.doAs(UserGroupInformation.java:1878) [hadoop-common-3.3.1.jar:?]
	at org.apache.hadoop.ipc.Server$Handler.run(Server.java:2966) [hadoop-common-3.3.1.jar:?]
04:18:27.511 [IPC Server handler 8 on default port 37371] ERROR OMAudit - user=runner | ip=127.0.0.1 | op=GET_FILE_STATUS {volume=volume22323, bucket=bucket47719, key=testBatchDelete/parent/childFolder/child0, dataSize=0, replicationConfig=null} | ret=FAILURE
org.apache.hadoop.ozone.om.exceptions.OMException: Unable to get file status: volume: volume22323 bucket: bucket47719 key: testBatchDelete/parent/childFolder/child0
	at org.apache.hadoop.ozone.om.KeyManagerImpl.getOzoneFileStatus(KeyManagerImpl.java:1280) ~[ozone-manager-1.3.0-SNAPSHOT.jar:?]
	at org.apache.hadoop.ozone.om.KeyManagerImpl.getFileStatus(KeyManagerImpl.java:1210) ~[ozone-manager-1.3.0-SNAPSHOT.jar:?]
	at org.apache.hadoop.ozone.om.OzoneManager.getFileStatus(OzoneManager.java:3009) ~[ozone-manager-1.3.0-SNAPSHOT.jar:?]
	at org.apache.hadoop.ozone.protocolPB.OzoneManagerRequestHandler.getOzoneFileStatus(OzoneManagerRequestHandler.java:670) ~[ozone-manager-1.3.0-SNAPSHOT.jar:?]
	at org.apache.hadoop.ozone.protocolPB.OzoneManagerRequestHandler.handleReadRequest(OzoneManagerRequestHandler.java:201) ~[ozone-manager-1.3.0-SNAPSHOT.jar:?]
	at org.apache.hadoop.ozone.protocolPB.OzoneManagerProtocolServerSideTranslatorPB.submitRequestDirectlyToOM(OzoneManagerProtocolServerSideTranslatorPB.java:271) ~[ozone-manager-1.3.0-SNAPSHOT.jar:?]
	at org.apache.hadoop.ozone.protocolPB.OzoneManagerProtocolServerSideTranslatorPB.processRequest(OzoneManagerProtocolServerSideTranslatorPB.java:195) ~[ozone-manager-1.3.0-SNAPSHOT.jar:?]
	at org.apache.hadoop.hdds.server.OzoneProtocolMessageDispatcher.processRequest(OzoneProtocolMessageDispatcher.java:87) [hdds-server-framework-1.3.0-SNAPSHOT.jar:?]
	at org.apache.hadoop.ozone.protocolPB.OzoneManagerProtocolServerSideTranslatorPB.submitRequest(OzoneManagerProtocolServerSideTranslatorPB.java:146) [ozone-manager-1.3.0-SNAPSHOT.jar:?]
	at org.apache.hadoop.ozone.protocol.proto.OzoneManagerProtocolProtos$OzoneManagerService$2.callBlockingMethod(OzoneManagerProtocolProtos.java) [ozone-interface-client-1.3.0-SNAPSHOT.jar:?]
	at org.apache.hadoop.ipc.ProtobufRpcEngine$Server.processCall(ProtobufRpcEngine.java:466) [hadoop-common-3.3.1.jar:?]
	at org.apache.hadoop.ipc.ProtobufRpcEngine2$Server$ProtoBufRpcInvoker.call(ProtobufRpcEngine2.java:574) [hadoop-common-3.3.1.jar:?]
	at org.apache.hadoop.ipc.ProtobufRpcEngine2$Server$ProtoBufRpcInvoker.call(ProtobufRpcEngine2.java:552) [hadoop-common-3.3.1.jar:?]
	at org.apache.hadoop.ipc.RPC$Server.call(RPC.java:1093) [hadoop-common-3.3.1.jar:?]
	at org.apache.hadoop.ipc.Server$RpcCall.run(Server.java:1035) [hadoop-common-3.3.1.jar:?]
	at org.apache.hadoop.ipc.Server$RpcCall.run(Server.java:963) [hadoop-common-3.3.1.jar:?]
	at java.security.AccessController.doPrivileged(Native Method) ~[?:1.8.0_322]
	at javax.security.auth.Subject.doAs(Subject.java:422) [?:1.8.0_322]
	at org.apache.hadoop.security.UserGroupInformation.doAs(UserGroupInformation.java:1878) [hadoop-common-3.3.1.jar:?]
	at org.apache.hadoop.ipc.Server$Handler.run(Server.java:2966) [hadoop-common-3.3.1.jar:?]
04:18:27.512 [IPC Server handler 16 on default port 37371] ERROR OMAudit - user=runner | ip=127.0.0.1 | op=GET_FILE_STATUS {volume=volume22323, bucket=bucket47719, key=testBatchDelete/parent/child1, dataSize=0, replicationConfig=null} | ret=FAILURE
org.apache.hadoop.ozone.om.exceptions.OMException: Unable to get file status: volume: volume22323 bucket: bucket47719 key: testBatchDelete/parent/child1
	at org.apache.hadoop.ozone.om.KeyManagerImpl.getOzoneFileStatus(KeyManagerImpl.java:1280) ~[ozone-manager-1.3.0-SNAPSHOT.jar:?]
	at org.apache.hadoop.ozone.om.KeyManagerImpl.getFileStatus(KeyManagerImpl.java:1210) ~[ozone-manager-1.3.0-SNAPSHOT.jar:?]
	at org.apache.hadoop.ozone.om.OzoneManager.getFileStatus(OzoneManager.java:3009) ~[ozone-manager-1.3.0-SNAPSHOT.jar:?]
	at org.apache.hadoop.ozone.protocolPB.OzoneManagerRequestHandler.getOzoneFileStatus(OzoneManagerRequestHandler.java:670) ~[ozone-manager-1.3.0-SNAPSHOT.jar:?]
	at org.apache.hadoop.ozone.protocolPB.OzoneManagerRequestHandler.handleReadRequest(OzoneManagerRequestHandler.java:201) ~[ozone-manager-1.3.0-SNAPSHOT.jar:?]
	at org.apache.hadoop.ozone.protocolPB.OzoneManagerProtocolServerSideTranslatorPB.submitRequestDirectlyToOM(OzoneManagerProtocolServerSideTranslatorPB.java:271) ~[ozone-manager-1.3.0-SNAPSHOT.jar:?]
	at org.apache.hadoop.ozone.protocolPB.OzoneManagerProtocolServerSideTranslatorPB.processRequest(OzoneManagerProtocolServerSideTranslatorPB.java:195) ~[ozone-manager-1.3.0-SNAPSHOT.jar:?]
	at org.apache.hadoop.hdds.server.OzoneProtocolMessageDispatcher.processRequest(OzoneProtocolMessageDispatcher.java:87) [hdds-server-framework-1.3.0-SNAPSHOT.jar:?]
	at org.apache.hadoop.ozone.protocolPB.OzoneManagerProtocolServerSideTranslatorPB.submitRequest(OzoneManagerProtocolServerSideTranslatorPB.java:146) [ozone-manager-1.3.0-SNAPSHOT.jar:?]
	at org.apache.hadoop.ozone.protocol.proto.OzoneManagerProtocolProtos$OzoneManagerService$2.callBlockingMethod(OzoneManagerProtocolProtos.java) [ozone-interface-client-1.3.0-SNAPSHOT.jar:?]
	at org.apache.hadoop.ipc.ProtobufRpcEngine$Server.processCall(ProtobufRpcEngine.java:466) [hadoop-common-3.3.1.jar:?]
	at org.apache.hadoop.ipc.ProtobufRpcEngine2$Server$ProtoBufRpcInvoker.call(ProtobufRpcEngine2.java:574) [hadoop-common-3.3.1.jar:?]
	at org.apache.hadoop.ipc.ProtobufRpcEngine2$Server$ProtoBufRpcInvoker.call(ProtobufRpcEngine2.java:552) [hadoop-common-3.3.1.jar:?]
	at org.apache.hadoop.ipc.RPC$Server.call(RPC.java:1093) [hadoop-common-3.3.1.jar:?]
	at org.apache.hadoop.ipc.Server$RpcCall.run(Server.java:1035) [hadoop-common-3.3.1.jar:?]
	at org.apache.hadoop.ipc.Server$RpcCall.run(Server.java:963) [hadoop-common-3.3.1.jar:?]
	at java.security.AccessController.doPrivileged(Native Method) ~[?:1.8.0_322]
	at javax.security.auth.Subject.doAs(Subject.java:422) [?:1.8.0_322]
	at org.apache.hadoop.security.UserGroupInformation.doAs(UserGroupInformation.java:1878) [hadoop-common-3.3.1.jar:?]
	at org.apache.hadoop.ipc.Server$Handler.run(Server.java:2966) [hadoop-common-3.3.1.jar:?]
04:18:27.512 [IPC Server handler 10 on default port 37371] ERROR OMAudit - user=runner | ip=127.0.0.1 | op=GET_FILE_STATUS {volume=volume22323, bucket=bucket47719, key=testBatchDelete/parent/childFolder/child1, dataSize=0, replicationConfig=null} | ret=FAILURE
org.apache.hadoop.ozone.om.exceptions.OMException: Unable to get file status: volume: volume22323 bucket: bucket47719 key: testBatchDelete/parent/childFolder/child1
	at org.apache.hadoop.ozone.om.KeyManagerImpl.getOzoneFileStatus(KeyManagerImpl.java:1280) ~[ozone-manager-1.3.0-SNAPSHOT.jar:?]
	at org.apache.hadoop.ozone.om.KeyManagerImpl.getFileStatus(KeyManagerImpl.java:1210) ~[ozone-manager-1.3.0-SNAPSHOT.jar:?]
	at org.apache.hadoop.ozone.om.OzoneManager.getFileStatus(OzoneManager.java:3009) ~[ozone-manager-1.3.0-SNAPSHOT.jar:?]
	at org.apache.hadoop.ozone.protocolPB.OzoneManagerRequestHandler.getOzoneFileStatus(OzoneManagerRequestHandler.java:670) ~[ozone-manager-1.3.0-SNAPSHOT.jar:?]
	at org.apache.hadoop.ozone.protocolPB.OzoneManagerRequestHandler.handleReadRequest(OzoneManagerRequestHandler.java:201) ~[ozone-manager-1.3.0-SNAPSHOT.jar:?]
	at org.apache.hadoop.ozone.protocolPB.OzoneManagerProtocolServerSideTranslatorPB.submitRequestDirectlyToOM(OzoneManagerProtocolServerSideTranslatorPB.java:271) ~[ozone-manager-1.3.0-SNAPSHOT.jar:?]
	at org.apache.hadoop.ozone.protocolPB.OzoneManagerProtocolServerSideTranslatorPB.processRequest(OzoneManagerProtocolServerSideTranslatorPB.java:195) ~[ozone-manager-1.3.0-SNAPSHOT.jar:?]
	at org.apache.hadoop.hdds.server.OzoneProtocolMessageDispatcher.processRequest(OzoneProtocolMessageDispatcher.java:87) [hdds-server-framework-1.3.0-SNAPSHOT.jar:?]
	at org.apache.hadoop.ozone.protocolPB.OzoneManagerProtocolServerSideTranslatorPB.submitRequest(OzoneManagerProtocolServerSideTranslatorPB.java:146) [ozone-manager-1.3.0-SNAPSHOT.jar:?]
	at org.apache.hadoop.ozone.protocol.proto.OzoneManagerProtocolProtos$OzoneManagerService$2.callBlockingMethod(OzoneManagerProtocolProtos.java) [ozone-interface-client-1.3.0-SNAPSHOT.jar:?]
	at org.apache.hadoop.ipc.ProtobufRpcEngine$Server.processCall(ProtobufRpcEngine.java:466) [hadoop-common-3.3.1.jar:?]
	at org.apache.hadoop.ipc.ProtobufRpcEngine2$Server$ProtoBufRpcInvoker.call(ProtobufRpcEngine2.java:574) [hadoop-common-3.3.1.jar:?]
	at org.apache.hadoop.ipc.ProtobufRpcEngine2$Server$ProtoBufRpcInvoker.call(ProtobufRpcEngine2.java:552) [hadoop-common-3.3.1.jar:?]
	at org.apache.hadoop.ipc.RPC$Server.call(RPC.java:1093) [hadoop-common-3.3.1.jar:?]
	at org.apache.hadoop.ipc.Server$RpcCall.run(Server.java:1035) [hadoop-common-3.3.1.jar:?]
	at org.apache.hadoop.ipc.Server$RpcCall.run(Server.java:963) [hadoop-common-3.3.1.jar:?]
	at java.security.AccessController.doPrivileged(Native Method) ~[?:1.8.0_322]
	at javax.security.auth.Subject.doAs(Subject.java:422) [?:1.8.0_322]
	at org.apache.hadoop.security.UserGroupInformation.doAs(UserGroupInformation.java:1878) [hadoop-common-3.3.1.jar:?]
	at org.apache.hadoop.ipc.Server$Handler.run(Server.java:2966) [hadoop-common-3.3.1.jar:?]
04:18:27.513 [IPC Server handler 12 on default port 37371] ERROR OMAudit - user=runner | ip=127.0.0.1 | op=GET_FILE_STATUS {volume=volume22323, bucket=bucket47719, key=testBatchDelete/parent/child2, dataSize=0, replicationConfig=null} | ret=FAILURE
org.apache.hadoop.ozone.om.exceptions.OMException: Unable to get file status: volume: volume22323 bucket: bucket47719 key: testBatchDelete/parent/child2
	at org.apache.hadoop.ozone.om.KeyManagerImpl.getOzoneFileStatus(KeyManagerImpl.java:1280) ~[ozone-manager-1.3.0-SNAPSHOT.jar:?]
	at org.apache.hadoop.ozone.om.KeyManagerImpl.getFileStatus(KeyManagerImpl.java:1210) ~[ozone-manager-1.3.0-SNAPSHOT.jar:?]
	at org.apache.hadoop.ozone.om.OzoneManager.getFileStatus(OzoneManager.java:3009) ~[ozone-manager-1.3.0-SNAPSHOT.jar:?]
	at org.apache.hadoop.ozone.protocolPB.OzoneManagerRequestHandler.getOzoneFileStatus(OzoneManagerRequestHandler.java:670) ~[ozone-manager-1.3.0-SNAPSHOT.jar:?]
	at org.apache.hadoop.ozone.protocolPB.OzoneManagerRequestHandler.handleReadRequest(OzoneManagerRequestHandler.java:201) ~[ozone-manager-1.3.0-SNAPSHOT.jar:?]
	at org.apache.hadoop.ozone.protocolPB.OzoneManagerProtocolServerSideTranslatorPB.submitRequestDirectlyToOM(OzoneManagerProtocolServerSideTranslatorPB.java:271) ~[ozone-manager-1.3.0-SNAPSHOT.jar:?]
	at org.apache.hadoop.ozone.protocolPB.OzoneManagerProtocolServerSideTranslatorPB.processRequest(OzoneManagerProtocolServerSideTranslatorPB.java:195) ~[ozone-manager-1.3.0-SNAPSHOT.jar:?]
	at org.apache.hadoop.hdds.server.OzoneProtocolMessageDispatcher.processRequest(OzoneProtocolMessageDispatcher.java:87) [hdds-server-framework-1.3.0-SNAPSHOT.jar:?]
	at org.apache.hadoop.ozone.protocolPB.OzoneManagerProtocolServerSideTranslatorPB.submitRequest(OzoneManagerProtocolServerSideTranslatorPB.java:146) [ozone-manager-1.3.0-SNAPSHOT.jar:?]
	at org.apache.hadoop.ozone.protocol.proto.OzoneManagerProtocolProtos$OzoneManagerService$2.callBlockingMethod(OzoneManagerProtocolProtos.java) [ozone-interface-client-1.3.0-SNAPSHOT.jar:?]
	at org.apache.hadoop.ipc.ProtobufRpcEngine$Server.processCall(ProtobufRpcEngine.java:466) [hadoop-common-3.3.1.jar:?]
	at org.apache.hadoop.ipc.ProtobufRpcEngine2$Server$ProtoBufRpcInvoker.call(ProtobufRpcEngine2.java:574) [hadoop-common-3.3.1.jar:?]
	at org.apache.hadoop.ipc.ProtobufRpcEngine2$Server$ProtoBufRpcInvoker.call(ProtobufRpcEngine2.java:552) [hadoop-common-3.3.1.jar:?]
	at org.apache.hadoop.ipc.RPC$Server.call(RPC.java:1093) [hadoop-common-3.3.1.jar:?]
	at org.apache.hadoop.ipc.Server$RpcCall.run(Server.java:1035) [hadoop-common-3.3.1.jar:?]
	at org.apache.hadoop.ipc.Server$RpcCall.run(Server.java:963) [hadoop-common-3.3.1.jar:?]
	at java.security.AccessController.doPrivileged(Native Method) ~[?:1.8.0_322]
	at javax.security.auth.Subject.doAs(Subject.java:422) [?:1.8.0_322]
	at org.apache.hadoop.security.UserGroupInformation.doAs(UserGroupInformation.java:1878) [hadoop-common-3.3.1.jar:?]
	at org.apache.hadoop.ipc.Server$Handler.run(Server.java:2966) [hadoop-common-3.3.1.jar:?]
04:18:27.513 [IPC Server handler 13 on default port 37371] ERROR OMAudit - user=runner | ip=127.0.0.1 | op=GET_FILE_STATUS {volume=volume22323, bucket=bucket47719, key=testBatchDelete/parent/childFolder/child2, dataSize=0, replicationConfig=null} | ret=FAILURE
org.apache.hadoop.ozone.om.exceptions.OMException: Unable to get file status: volume: volume22323 bucket: bucket47719 key: testBatchDelete/parent/childFolder/child2
	at org.apache.hadoop.ozone.om.KeyManagerImpl.getOzoneFileStatus(KeyManagerImpl.java:1280) ~[ozone-manager-1.3.0-SNAPSHOT.jar:?]
	at org.apache.hadoop.ozone.om.KeyManagerImpl.getFileStatus(KeyManagerImpl.java:1210) ~[ozone-manager-1.3.0-SNAPSHOT.jar:?]
	at org.apache.hadoop.ozone.om.OzoneManager.getFileStatus(OzoneManager.java:3009) ~[ozone-manager-1.3.0-SNAPSHOT.jar:?]
	at org.apache.hadoop.ozone.protocolPB.OzoneManagerRequestHandler.getOzoneFileStatus(OzoneManagerRequestHandler.java:670) ~[ozone-manager-1.3.0-SNAPSHOT.jar:?]
	at org.apache.hadoop.ozone.protocolPB.OzoneManagerRequestHandler.handleReadRequest(OzoneManagerRequestHandler.java:201) ~[ozone-manager-1.3.0-SNAPSHOT.jar:?]
	at org.apache.hadoop.ozone.protocolPB.OzoneManagerProtocolServerSideTranslatorPB.submitRequestDirectlyToOM(OzoneManagerProtocolServerSideTranslatorPB.java:271) ~[ozone-manager-1.3.0-SNAPSHOT.jar:?]
	at org.apache.hadoop.ozone.protocolPB.OzoneManagerProtocolServerSideTranslatorPB.processRequest(OzoneManagerProtocolServerSideTranslatorPB.java:195) ~[ozone-manager-1.3.0-SNAPSHOT.jar:?]
	at org.apache.hadoop.hdds.server.OzoneProtocolMessageDispatcher.processRequest(OzoneProtocolMessageDispatcher.java:87) [hdds-server-framework-1.3.0-SNAPSHOT.jar:?]
	at org.apache.hadoop.ozone.protocolPB.OzoneManagerProtocolServerSideTranslatorPB.submitRequest(OzoneManagerProtocolServerSideTranslatorPB.java:146) [ozone-manager-1.3.0-SNAPSHOT.jar:?]
	at org.apache.hadoop.ozone.protocol.proto.OzoneManagerProtocolProtos$OzoneManagerService$2.callBlockingMethod(OzoneManagerProtocolProtos.java) [ozone-interface-client-1.3.0-SNAPSHOT.jar:?]
	at org.apache.hadoop.ipc.ProtobufRpcEngine$Server.processCall(ProtobufRpcEngine.java:466) [hadoop-common-3.3.1.jar:?]
	at org.apache.hadoop.ipc.ProtobufRpcEngine2$Server$ProtoBufRpcInvoker.call(ProtobufRpcEngine2.java:574) [hadoop-common-3.3.1.jar:?]
	at org.apache.hadoop.ipc.ProtobufRpcEngine2$Server$ProtoBufRpcInvoker.call(ProtobufRpcEngine2.java:552) [hadoop-common-3.3.1.jar:?]
	at org.apache.hadoop.ipc.RPC$Server.call(RPC.java:1093) [hadoop-common-3.3.1.jar:?]
	at org.apache.hadoop.ipc.Server$RpcCall.run(Server.java:1035) [hadoop-common-3.3.1.jar:?]
	at org.apache.hadoop.ipc.Server$RpcCall.run(Server.java:963) [hadoop-common-3.3.1.jar:?]
	at java.security.AccessController.doPrivileged(Native Method) ~[?:1.8.0_322]
	at javax.security.auth.Subject.doAs(Subject.java:422) [?:1.8.0_322]
	at org.apache.hadoop.security.UserGroupInformation.doAs(UserGroupInformation.java:1878) [hadoop-common-3.3.1.jar:?]
	at org.apache.hadoop.ipc.Server$Handler.run(Server.java:2966) [hadoop-common-3.3.1.jar:?]
04:18:27.514 [IPC Server handler 17 on default port 37371] ERROR OMAudit - user=runner | ip=127.0.0.1 | op=GET_FILE_STATUS {volume=volume22323, bucket=bucket47719, key=testBatchDelete/parent/child3, dataSize=0, replicationConfig=null} | ret=FAILURE
org.apache.hadoop.ozone.om.exceptions.OMException: Unable to get file status: volume: volume22323 bucket: bucket47719 key: testBatchDelete/parent/child3
	at org.apache.hadoop.ozone.om.KeyManagerImpl.getOzoneFileStatus(KeyManagerImpl.java:1280) ~[ozone-manager-1.3.0-SNAPSHOT.jar:?]
	at org.apache.hadoop.ozone.om.KeyManagerImpl.getFileStatus(KeyManagerImpl.java:1210) ~[ozone-manager-1.3.0-SNAPSHOT.jar:?]
	at org.apache.hadoop.ozone.om.OzoneManager.getFileStatus(OzoneManager.java:3009) ~[ozone-manager-1.3.0-SNAPSHOT.jar:?]
	at org.apache.hadoop.ozone.protocolPB.OzoneManagerRequestHandler.getOzoneFileStatus(OzoneManagerRequestHandler.java:670) ~[ozone-manager-1.3.0-SNAPSHOT.jar:?]
	at org.apache.hadoop.ozone.protocolPB.OzoneManagerRequestHandler.handleReadRequest(OzoneManagerRequestHandler.java:201) ~[ozone-manager-1.3.0-SNAPSHOT.jar:?]
	at org.apache.hadoop.ozone.protocolPB.OzoneManagerProtocolServerSideTranslatorPB.submitRequestDirectlyToOM(OzoneManagerProtocolServerSideTranslatorPB.java:271) ~[ozone-manager-1.3.0-SNAPSHOT.jar:?]
	at org.apache.hadoop.ozone.protocolPB.OzoneManagerProtocolServerSideTranslatorPB.processRequest(OzoneManagerProtocolServerSideTranslatorPB.java:195) ~[ozone-manager-1.3.0-SNAPSHOT.jar:?]
	at org.apache.hadoop.hdds.server.OzoneProtocolMessageDispatcher.processRequest(OzoneProtocolMessageDispatcher.java:87) [hdds-server-framework-1.3.0-SNAPSHOT.jar:?]
	at org.apache.hadoop.ozone.protocolPB.OzoneManagerProtocolServerSideTranslatorPB.submitRequest(OzoneManagerProtocolServerSideTranslatorPB.java:146) [ozone-manager-1.3.0-SNAPSHOT.jar:?]
	at org.apache.hadoop.ozone.protocol.proto.OzoneManagerProtocolProtos$OzoneManagerService$2.callBlockingMethod(OzoneManagerProtocolProtos.java) [ozone-interface-client-1.3.0-SNAPSHOT.jar:?]
	at org.apache.hadoop.ipc.ProtobufRpcEngine$Server.processCall(ProtobufRpcEngine.java:466) [hadoop-common-3.3.1.jar:?]
	at org.apache.hadoop.ipc.ProtobufRpcEngine2$Server$ProtoBufRpcInvoker.call(ProtobufRpcEngine2.java:574) [hadoop-common-3.3.1.jar:?]
	at org.apache.hadoop.ipc.ProtobufRpcEngine2$Server$ProtoBufRpcInvoker.call(ProtobufRpcEngine2.java:552) [hadoop-common-3.3.1.jar:?]
	at org.apache.hadoop.ipc.RPC$Server.call(RPC.java:1093) [hadoop-common-3.3.1.jar:?]
	at org.apache.hadoop.ipc.Server$RpcCall.run(Server.java:1035) [hadoop-common-3.3.1.jar:?]
	at org.apache.hadoop.ipc.Server$RpcCall.run(Server.java:963) [hadoop-common-3.3.1.jar:?]
	at java.security.AccessController.doPrivileged(Native Method) ~[?:1.8.0_322]
	at javax.security.auth.Subject.doAs(Subject.java:422) [?:1.8.0_322]
	at org.apache.hadoop.security.UserGroupInformation.doAs(UserGroupInformation.java:1878) [hadoop-common-3.3.1.jar:?]
	at org.apache.hadoop.ipc.Server$Handler.run(Server.java:2966) [hadoop-common-3.3.1.jar:?]
04:18:27.514 [IPC Server handler 14 on default port 37371] ERROR OMAudit - user=runner | ip=127.0.0.1 | op=GET_FILE_STATUS {volume=volume22323, bucket=bucket47719, key=testBatchDelete/parent/childFolder/child3, dataSize=0, replicationConfig=null} | ret=FAILURE
org.apache.hadoop.ozone.om.exceptions.OMException: Unable to get file status: volume: volume22323 bucket: bucket47719 key: testBatchDelete/parent/childFolder/child3
	at org.apache.hadoop.ozone.om.KeyManagerImpl.getOzoneFileStatus(KeyManagerImpl.java:1280) ~[ozone-manager-1.3.0-SNAPSHOT.jar:?]
	at org.apache.hadoop.ozone.om.KeyManagerImpl.getFileStatus(KeyManagerImpl.java:1210) ~[ozone-manager-1.3.0-SNAPSHOT.jar:?]
	at org.apache.hadoop.ozone.om.OzoneManager.getFileStatus(OzoneManager.java:3009) ~[ozone-manager-1.3.0-SNAPSHOT.jar:?]
	at org.apache.hadoop.ozone.protocolPB.OzoneManagerRequestHandler.getOzoneFileStatus(OzoneManagerRequestHandler.java:670) ~[ozone-manager-1.3.0-SNAPSHOT.jar:?]
	at org.apache.hadoop.ozone.protocolPB.OzoneManagerRequestHandler.handleReadRequest(OzoneManagerRequestHandler.java:201) ~[ozone-manager-1.3.0-SNAPSHOT.jar:?]
	at org.apache.hadoop.ozone.protocolPB.OzoneManagerProtocolServerSideTranslatorPB.submitRequestDirectlyToOM(OzoneManagerProtocolServerSideTranslatorPB.java:271) ~[ozone-manager-1.3.0-SNAPSHOT.jar:?]
	at org.apache.hadoop.ozone.protocolPB.OzoneManagerProtocolServerSideTranslatorPB.processRequest(OzoneManagerProtocolServerSideTranslatorPB.java:195) ~[ozone-manager-1.3.0-SNAPSHOT.jar:?]
	at org.apache.hadoop.hdds.server.OzoneProtocolMessageDispatcher.processRequest(OzoneProtocolMessageDispatcher.java:87) [hdds-server-framework-1.3.0-SNAPSHOT.jar:?]
	at org.apache.hadoop.ozone.protocolPB.OzoneManagerProtocolServerSideTranslatorPB.submitRequest(OzoneManagerProtocolServerSideTranslatorPB.java:146) [ozone-manager-1.3.0-SNAPSHOT.jar:?]
	at org.apache.hadoop.ozone.protocol.proto.OzoneManagerProtocolProtos$OzoneManagerService$2.callBlockingMethod(OzoneManagerProtocolProtos.java) [ozone-interface-client-1.3.0-SNAPSHOT.jar:?]
	at org.apache.hadoop.ipc.ProtobufRpcEngine$Server.processCall(ProtobufRpcEngine.java:466) [hadoop-common-3.3.1.jar:?]
	at org.apache.hadoop.ipc.ProtobufRpcEngine2$Server$ProtoBufRpcInvoker.call(ProtobufRpcEngine2.java:574) [hadoop-common-3.3.1.jar:?]
	at org.apache.hadoop.ipc.ProtobufRpcEngine2$Server$ProtoBufRpcInvoker.call(ProtobufRpcEngine2.java:552) [hadoop-common-3.3.1.jar:?]
	at org.apache.hadoop.ipc.RPC$Server.call(RPC.java:1093) [hadoop-common-3.3.1.jar:?]
	at org.apache.hadoop.ipc.Server$RpcCall.run(Server.java:1035) [hadoop-common-3.3.1.jar:?]
	at org.apache.hadoop.ipc.Server$RpcCall.run(Server.java:963) [hadoop-common-3.3.1.jar:?]
	at java.security.AccessController.doPrivileged(Native Method) ~[?:1.8.0_322]
	at javax.security.auth.Subject.doAs(Subject.java:422) [?:1.8.0_322]
	at org.apache.hadoop.security.UserGroupInformation.doAs(UserGroupInformation.java:1878) [hadoop-common-3.3.1.jar:?]
	at org.apache.hadoop.ipc.Server$Handler.run(Server.java:2966) [hadoop-common-3.3.1.jar:?]
04:18:27.515 [IPC Server handler 19 on default port 37371] ERROR OMAudit - user=runner | ip=127.0.0.1 | op=GET_FILE_STATUS {volume=volume22323, bucket=bucket47719, key=testBatchDelete/parent/child4, dataSize=0, replicationConfig=null} | ret=FAILURE
org.apache.hadoop.ozone.om.exceptions.OMException: Unable to get file status: volume: volume22323 bucket: bucket47719 key: testBatchDelete/parent/child4
	at org.apache.hadoop.ozone.om.KeyManagerImpl.getOzoneFileStatus(KeyManagerImpl.java:1280) ~[ozone-manager-1.3.0-SNAPSHOT.jar:?]
	at org.apache.hadoop.ozone.om.KeyManagerImpl.getFileStatus(KeyManagerImpl.java:1210) ~[ozone-manager-1.3.0-SNAPSHOT.jar:?]
	at org.apache.hadoop.ozone.om.OzoneManager.getFileStatus(OzoneManager.java:3009) ~[ozone-manager-1.3.0-SNAPSHOT.jar:?]
	at org.apache.hadoop.ozone.protocolPB.OzoneManagerRequestHandler.getOzoneFileStatus(OzoneManagerRequestHandler.java:670) ~[ozone-manager-1.3.0-SNAPSHOT.jar:?]
	at org.apache.hadoop.ozone.protocolPB.OzoneManagerRequestHandler.handleReadRequest(OzoneManagerRequestHandler.java:201) ~[ozone-manager-1.3.0-SNAPSHOT.jar:?]
	at org.apache.hadoop.ozone.protocolPB.OzoneManagerProtocolServerSideTranslatorPB.submitRequestDirectlyToOM(OzoneManagerProtocolServerSideTranslatorPB.java:271) ~[ozone-manager-1.3.0-SNAPSHOT.jar:?]
	at org.apache.hadoop.ozone.protocolPB.OzoneManagerProtocolServerSideTranslatorPB.processRequest(OzoneManagerProtocolServerSideTranslatorPB.java:195) ~[ozone-manager-1.3.0-SNAPSHOT.jar:?]
	at org.apache.hadoop.hdds.server.OzoneProtocolMessageDispatcher.processRequest(OzoneProtocolMessageDispatcher.java:87) [hdds-server-framework-1.3.0-SNAPSHOT.jar:?]
	at org.apache.hadoop.ozone.protocolPB.OzoneManagerProtocolServerSideTranslatorPB.submitRequest(OzoneManagerProtocolServerSideTranslatorPB.java:146) [ozone-manager-1.3.0-SNAPSHOT.jar:?]
	at org.apache.hadoop.ozone.protocol.proto.OzoneManagerProtocolProtos$OzoneManagerService$2.callBlockingMethod(OzoneManagerProtocolProtos.java) [ozone-interface-client-1.3.0-SNAPSHOT.jar:?]
	at org.apache.hadoop.ipc.ProtobufRpcEngine$Server.processCall(ProtobufRpcEngine.java:466) [hadoop-common-3.3.1.jar:?]
	at org.apache.hadoop.ipc.ProtobufRpcEngine2$Server$ProtoBufRpcInvoker.call(ProtobufRpcEngine2.java:574) [hadoop-common-3.3.1.jar:?]
	at org.apache.hadoop.ipc.ProtobufRpcEngine2$Server$ProtoBufRpcInvoker.call(ProtobufRpcEngine2.java:552) [hadoop-common-3.3.1.jar:?]
	at org.apache.hadoop.ipc.RPC$Server.call(RPC.java:1093) [hadoop-common-3.3.1.jar:?]
	at org.apache.hadoop.ipc.Server$RpcCall.run(Server.java:1035) [hadoop-common-3.3.1.jar:?]
	at org.apache.hadoop.ipc.Server$RpcCall.run(Server.java:963) [hadoop-common-3.3.1.jar:?]
	at java.security.AccessController.doPrivileged(Native Method) ~[?:1.8.0_322]
	at javax.security.auth.Subject.doAs(Subject.java:422) [?:1.8.0_322]
	at org.apache.hadoop.security.UserGroupInformation.doAs(UserGroupInformation.java:1878) [hadoop-common-3.3.1.jar:?]
	at org.apache.hadoop.ipc.Server$Handler.run(Server.java:2966) [hadoop-common-3.3.1.jar:?]
04:18:27.515 [IPC Server handler 18 on default port 37371] ERROR OMAudit - user=runner | ip=127.0.0.1 | op=GET_FILE_STATUS {volume=volume22323, bucket=bucket47719, key=testBatchDelete/parent/childFolder/child4, dataSize=0, replicationConfig=null} | ret=FAILURE
org.apache.hadoop.ozone.om.exceptions.OMException: Unable to get file status: volume: volume22323 bucket: bucket47719 key: testBatchDelete/parent/childFolder/child4
	at org.apache.hadoop.ozone.om.KeyManagerImpl.getOzoneFileStatus(KeyManagerImpl.java:1280) ~[ozone-manager-1.3.0-SNAPSHOT.jar:?]
	at org.apache.hadoop.ozone.om.KeyManagerImpl.getFileStatus(KeyManagerImpl.java:1210) ~[ozone-manager-1.3.0-SNAPSHOT.jar:?]
	at org.apache.hadoop.ozone.om.OzoneManager.getFileStatus(OzoneManager.java:3009) ~[ozone-manager-1.3.0-SNAPSHOT.jar:?]
	at org.apache.hadoop.ozone.protocolPB.OzoneManagerRequestHandler.getOzoneFileStatus(OzoneManagerRequestHandler.java:670) ~[ozone-manager-1.3.0-SNAPSHOT.jar:?]
	at org.apache.hadoop.ozone.protocolPB.OzoneManagerRequestHandler.handleReadRequest(OzoneManagerRequestHandler.java:201) ~[ozone-manager-1.3.0-SNAPSHOT.jar:?]
	at org.apache.hadoop.ozone.protocolPB.OzoneManagerProtocolServerSideTranslatorPB.submitRequestDirectlyToOM(OzoneManagerProtocolServerSideTranslatorPB.java:271) ~[ozone-manager-1.3.0-SNAPSHOT.jar:?]
	at org.apache.hadoop.ozone.protocolPB.OzoneManagerProtocolServerSideTranslatorPB.processRequest(OzoneManagerProtocolServerSideTranslatorPB.java:195) ~[ozone-manager-1.3.0-SNAPSHOT.jar:?]
	at org.apache.hadoop.hdds.server.OzoneProtocolMessageDispatcher.processRequest(OzoneProtocolMessageDispatcher.java:87) [hdds-server-framework-1.3.0-SNAPSHOT.jar:?]
	at org.apache.hadoop.ozone.protocolPB.OzoneManagerProtocolServerSideTranslatorPB.submitRequest(OzoneManagerProtocolServerSideTranslatorPB.java:146) [ozone-manager-1.3.0-SNAPSHOT.jar:?]
	at org.apache.hadoop.ozone.protocol.proto.OzoneManagerProtocolProtos$OzoneManagerService$2.callBlockingMethod(OzoneManagerProtocolProtos.java) [ozone-interface-client-1.3.0-SNAPSHOT.jar:?]
	at org.apache.hadoop.ipc.ProtobufRpcEngine$Server.processCall(ProtobufRpcEngine.java:466) [hadoop-common-3.3.1.jar:?]
	at org.apache.hadoop.ipc.ProtobufRpcEngine2$Server$ProtoBufRpcInvoker.call(ProtobufRpcEngine2.java:574) [hadoop-common-3.3.1.jar:?]
	at org.apache.hadoop.ipc.ProtobufRpcEngine2$Server$ProtoBufRpcInvoker.call(ProtobufRpcEngine2.java:552) [hadoop-common-3.3.1.jar:?]
	at org.apache.hadoop.ipc.RPC$Server.call(RPC.java:1093) [hadoop-common-3.3.1.jar:?]
	at org.apache.hadoop.ipc.Server$RpcCall.run(Server.java:1035) [hadoop-common-3.3.1.jar:?]
	at org.apache.hadoop.ipc.Server$RpcCall.run(Server.java:963) [hadoop-common-3.3.1.jar:?]
	at java.security.AccessController.doPrivileged(Native Method) ~[?:1.8.0_322]
	at javax.security.auth.Subject.doAs(Subject.java:422) [?:1.8.0_322]
	at org.apache.hadoop.security.UserGroupInformation.doAs(UserGroupInformation.java:1878) [hadoop-common-3.3.1.jar:?]
	at org.apache.hadoop.ipc.Server$Handler.run(Server.java:2966) [hadoop-common-3.3.1.jar:?]
04:18:27.516 [IPC Server handler 5 on default port 37371] ERROR OMAudit - user=runner | ip=127.0.0.1 | op=GET_FILE_STATUS {volume=volume22323, bucket=bucket47719, key=testBatchDelete/parent/child5, dataSize=0, replicationConfig=null} | ret=FAILURE
org.apache.hadoop.ozone.om.exceptions.OMException: Unable to get file status: volume: volume22323 bucket: bucket47719 key: testBatchDelete/parent/child5
	at org.apache.hadoop.ozone.om.KeyManagerImpl.getOzoneFileStatus(KeyManagerImpl.java:1280) ~[ozone-manager-1.3.0-SNAPSHOT.jar:?]
	at org.apache.hadoop.ozone.om.KeyManagerImpl.getFileStatus(KeyManagerImpl.java:1210) ~[ozone-manager-1.3.0-SNAPSHOT.jar:?]
	at org.apache.hadoop.ozone.om.OzoneManager.getFileStatus(OzoneManager.java:3009) ~[ozone-manager-1.3.0-SNAPSHOT.jar:?]
	at org.apache.hadoop.ozone.protocolPB.OzoneManagerRequestHandler.getOzoneFileStatus(OzoneManagerRequestHandler.java:670) ~[ozone-manager-1.3.0-SNAPSHOT.jar:?]
	at org.apache.hadoop.ozone.protocolPB.OzoneManagerRequestHandler.handleReadRequest(OzoneManagerRequestHandler.java:201) ~[ozone-manager-1.3.0-SNAPSHOT.jar:?]
	at org.apache.hadoop.ozone.protocolPB.OzoneManagerProtocolServerSideTranslatorPB.submitRequestDirectlyToOM(OzoneManagerProtocolServerSideTranslatorPB.java:271) ~[ozone-manager-1.3.0-SNAPSHOT.jar:?]
	at org.apache.hadoop.ozone.protocolPB.OzoneManagerProtocolServerSideTranslatorPB.processRequest(OzoneManagerProtocolServerSideTranslatorPB.java:195) ~[ozone-manager-1.3.0-SNAPSHOT.jar:?]
	at org.apache.hadoop.hdds.server.OzoneProtocolMessageDispatcher.processRequest(OzoneProtocolMessageDispatcher.java:87) [hdds-server-framework-1.3.0-SNAPSHOT.jar:?]
	at org.apache.hadoop.ozone.protocolPB.OzoneManagerProtocolServerSideTranslatorPB.submitRequest(OzoneManagerProtocolServerSideTranslatorPB.java:146) [ozone-manager-1.3.0-SNAPSHOT.jar:?]
	at org.apache.hadoop.ozone.protocol.proto.OzoneManagerProtocolProtos$OzoneManagerService$2.callBlockingMethod(OzoneManagerProtocolProtos.java) [ozone-interface-client-1.3.0-SNAPSHOT.jar:?]
	at org.apache.hadoop.ipc.ProtobufRpcEngine$Server.processCall(ProtobufRpcEngine.java:466) [hadoop-common-3.3.1.jar:?]
	at org.apache.hadoop.ipc.ProtobufRpcEngine2$Server$ProtoBufRpcInvoker.call(ProtobufRpcEngine2.java:574) [hadoop-common-3.3.1.jar:?]
	at org.apache.hadoop.ipc.ProtobufRpcEngine2$Server$ProtoBufRpcInvoker.call(ProtobufRpcEngine2.java:552) [hadoop-common-3.3.1.jar:?]
	at org.apache.hadoop.ipc.RPC$Server.call(RPC.java:1093) [hadoop-common-3.3.1.jar:?]
	at org.apache.hadoop.ipc.Server$RpcCall.run(Server.java:1035) [hadoop-common-3.3.1.jar:?]
	at org.apache.hadoop.ipc.Server$RpcCall.run(Server.java:963) [hadoop-common-3.3.1.jar:?]
	at java.security.AccessController.doPrivileged(Native Method) ~[?:1.8.0_322]
	at javax.security.auth.Subject.doAs(Subject.java:422) [?:1.8.0_322]
	at org.apache.hadoop.security.UserGroupInformation.doAs(UserGroupInformation.java:1878) [hadoop-common-3.3.1.jar:?]
	at org.apache.hadoop.ipc.Server$Handler.run(Server.java:2966) [hadoop-common-3.3.1.jar:?]
04:18:27.516 [IPC Server handler 4 on default port 37371] ERROR OMAudit - user=runner | ip=127.0.0.1 | op=GET_FILE_STATUS {volume=volume22323, bucket=bucket47719, key=testBatchDelete/parent/childFolder/child5, dataSize=0, replicationConfig=null} | ret=FAILURE
org.apache.hadoop.ozone.om.exceptions.OMException: Unable to get file status: volume: volume22323 bucket: bucket47719 key: testBatchDelete/parent/childFolder/child5
	at org.apache.hadoop.ozone.om.KeyManagerImpl.getOzoneFileStatus(KeyManagerImpl.java:1280) ~[ozone-manager-1.3.0-SNAPSHOT.jar:?]
	at org.apache.hadoop.ozone.om.KeyManagerImpl.getFileStatus(KeyManagerImpl.java:1210) ~[ozone-manager-1.3.0-SNAPSHOT.jar:?]
	at org.apache.hadoop.ozone.om.OzoneManager.getFileStatus(OzoneManager.java:3009) ~[ozone-manager-1.3.0-SNAPSHOT.jar:?]
	at org.apache.hadoop.ozone.protocolPB.OzoneManagerRequestHandler.getOzoneFileStatus(OzoneManagerRequestHandler.java:670) ~[ozone-manager-1.3.0-SNAPSHOT.jar:?]
	at org.apache.hadoop.ozone.protocolPB.OzoneManagerRequestHandler.handleReadRequest(OzoneManagerRequestHandler.java:201) ~[ozone-manager-1.3.0-SNAPSHOT.jar:?]
	at org.apache.hadoop.ozone.protocolPB.OzoneManagerProtocolServerSideTranslatorPB.submitRequestDirectlyToOM(OzoneManagerProtocolServerSideTranslatorPB.java:271) ~[ozone-manager-1.3.0-SNAPSHOT.jar:?]
	at org.apache.hadoop.ozone.protocolPB.OzoneManagerProtocolServerSideTranslatorPB.processRequest(OzoneManagerProtocolServerSideTranslatorPB.java:195) ~[ozone-manager-1.3.0-SNAPSHOT.jar:?]
	at org.apache.hadoop.hdds.server.OzoneProtocolMessageDispatcher.processRequest(OzoneProtocolMessageDispatcher.java:87) [hdds-server-framework-1.3.0-SNAPSHOT.jar:?]
	at org.apache.hadoop.ozone.protocolPB.OzoneManagerProtocolServerSideTranslatorPB.submitRequest(OzoneManagerProtocolServerSideTranslatorPB.java:146) [ozone-manager-1.3.0-SNAPSHOT.jar:?]
	at org.apache.hadoop.ozone.protocol.proto.OzoneManagerProtocolProtos$OzoneManagerService$2.callBlockingMethod(OzoneManagerProtocolProtos.java) [ozone-interface-client-1.3.0-SNAPSHOT.jar:?]
	at org.apache.hadoop.ipc.ProtobufRpcEngine$Server.processCall(ProtobufRpcEngine.java:466) [hadoop-common-3.3.1.jar:?]
	at org.apache.hadoop.ipc.ProtobufRpcEngine2$Server$ProtoBufRpcInvoker.call(ProtobufRpcEngine2.java:574) [hadoop-common-3.3.1.jar:?]
	at org.apache.hadoop.ipc.ProtobufRpcEngine2$Server$ProtoBufRpcInvoker.call(ProtobufRpcEngine2.java:552) [hadoop-common-3.3.1.jar:?]
	at org.apache.hadoop.ipc.RPC$Server.call(RPC.java:1093) [hadoop-common-3.3.1.jar:?]
	at org.apache.hadoop.ipc.Server$RpcCall.run(Server.java:1035) [hadoop-common-3.3.1.jar:?]
	at org.apache.hadoop.ipc.Server$RpcCall.run(Server.java:963) [hadoop-common-3.3.1.jar:?]
	at java.security.AccessController.doPrivileged(Native Method) ~[?:1.8.0_322]
	at javax.security.auth.Subject.doAs(Subject.java:422) [?:1.8.0_322]
	at org.apache.hadoop.security.UserGroupInformation.doAs(UserGroupInformation.java:1878) [hadoop-common-3.3.1.jar:?]
	at org.apache.hadoop.ipc.Server$Handler.run(Server.java:2966) [hadoop-common-3.3.1.jar:?]
04:18:27.517 [IPC Server handler 3 on default port 37371] ERROR OMAudit - user=runner | ip=127.0.0.1 | op=GET_FILE_STATUS {volume=volume22323, bucket=bucket47719, key=testBatchDelete/parent/child6, dataSize=0, replicationConfig=null} | ret=FAILURE
org.apache.hadoop.ozone.om.exceptions.OMException: Unable to get file status: volume: volume22323 bucket: bucket47719 key: testBatchDelete/parent/child6
	at org.apache.hadoop.ozone.om.KeyManagerImpl.getOzoneFileStatus(KeyManagerImpl.java:1280) ~[ozone-manager-1.3.0-SNAPSHOT.jar:?]
	at org.apache.hadoop.ozone.om.KeyManagerImpl.getFileStatus(KeyManagerImpl.java:1210) ~[ozone-manager-1.3.0-SNAPSHOT.jar:?]
	at org.apache.hadoop.ozone.om.OzoneManager.getFileStatus(OzoneManager.java:3009) ~[ozone-manager-1.3.0-SNAPSHOT.jar:?]
	at org.apache.hadoop.ozone.protocolPB.OzoneManagerRequestHandler.getOzoneFileStatus(OzoneManagerRequestHandler.java:670) ~[ozone-manager-1.3.0-SNAPSHOT.jar:?]
	at org.apache.hadoop.ozone.protocolPB.OzoneManagerRequestHandler.handleReadRequest(OzoneManagerRequestHandler.java:201) ~[ozone-manager-1.3.0-SNAPSHOT.jar:?]
	at org.apache.hadoop.ozone.protocolPB.OzoneManagerProtocolServerSideTranslatorPB.submitRequestDirectlyToOM(OzoneManagerProtocolServerSideTranslatorPB.java:271) ~[ozone-manager-1.3.0-SNAPSHOT.jar:?]
	at org.apache.hadoop.ozone.protocolPB.OzoneManagerProtocolServerSideTranslatorPB.processRequest(OzoneManagerProtocolServerSideTranslatorPB.java:195) ~[ozone-manager-1.3.0-SNAPSHOT.jar:?]
	at org.apache.hadoop.hdds.server.OzoneProtocolMessageDispatcher.processRequest(OzoneProtocolMessageDispatcher.java:87) [hdds-server-framework-1.3.0-SNAPSHOT.jar:?]
	at org.apache.hadoop.ozone.protocolPB.OzoneManagerProtocolServerSideTranslatorPB.submitRequest(OzoneManagerProtocolServerSideTranslatorPB.java:146) [ozone-manager-1.3.0-SNAPSHOT.jar:?]
	at org.apache.hadoop.ozone.protocol.proto.OzoneManagerProtocolProtos$OzoneManagerService$2.callBlockingMethod(OzoneManagerProtocolProtos.java) [ozone-interface-client-1.3.0-SNAPSHOT.jar:?]
	at org.apache.hadoop.ipc.ProtobufRpcEngine$Server.processCall(ProtobufRpcEngine.java:466) [hadoop-common-3.3.1.jar:?]
	at org.apache.hadoop.ipc.ProtobufRpcEngine2$Server$ProtoBufRpcInvoker.call(ProtobufRpcEngine2.java:574) [hadoop-common-3.3.1.jar:?]
	at org.apache.hadoop.ipc.ProtobufRpcEngine2$Server$ProtoBufRpcInvoker.call(ProtobufRpcEngine2.java:552) [hadoop-common-3.3.1.jar:?]
	at org.apache.hadoop.ipc.RPC$Server.call(RPC.java:1093) [hadoop-common-3.3.1.jar:?]
	at org.apache.hadoop.ipc.Server$RpcCall.run(Server.java:1035) [hadoop-common-3.3.1.jar:?]
	at org.apache.hadoop.ipc.Server$RpcCall.run(Server.java:963) [hadoop-common-3.3.1.jar:?]
	at java.security.AccessController.doPrivileged(Native Method) ~[?:1.8.0_322]
	at javax.security.auth.Subject.doAs(Subject.java:422) [?:1.8.0_322]
	at org.apache.hadoop.security.UserGroupInformation.doAs(UserGroupInformation.java:1878) [hadoop-common-3.3.1.jar:?]
	at org.apache.hadoop.ipc.Server$Handler.run(Server.java:2966) [hadoop-common-3.3.1.jar:?]
04:18:27.518 [IPC Server handler 2 on default port 37371] ERROR OMAudit - user=runner | ip=127.0.0.1 | op=GET_FILE_STATUS {volume=volume22323, bucket=bucket47719, key=testBatchDelete/parent/childFolder/child6, dataSize=0, replicationConfig=null} | ret=FAILURE
org.apache.hadoop.ozone.om.exceptions.OMException: Unable to get file status: volume: volume22323 bucket: bucket47719 key: testBatchDelete/parent/childFolder/child6
	at org.apache.hadoop.ozone.om.KeyManagerImpl.getOzoneFileStatus(KeyManagerImpl.java:1280) ~[ozone-manager-1.3.0-SNAPSHOT.jar:?]
	at org.apache.hadoop.ozone.om.KeyManagerImpl.getFileStatus(KeyManagerImpl.java:1210) ~[ozone-manager-1.3.0-SNAPSHOT.jar:?]
	at org.apache.hadoop.ozone.om.OzoneManager.getFileStatus(OzoneManager.java:3009) ~[ozone-manager-1.3.0-SNAPSHOT.jar:?]
	at org.apache.hadoop.ozone.protocolPB.OzoneManagerRequestHandler.getOzoneFileStatus(OzoneManagerRequestHandler.java:670) ~[ozone-manager-1.3.0-SNAPSHOT.jar:?]
	at org.apache.hadoop.ozone.protocolPB.OzoneManagerRequestHandler.handleReadRequest(OzoneManagerRequestHandler.java:201) ~[ozone-manager-1.3.0-SNAPSHOT.jar:?]
	at org.apache.hadoop.ozone.protocolPB.OzoneManagerProtocolServerSideTranslatorPB.submitRequestDirectlyToOM(OzoneManagerProtocolServerSideTranslatorPB.java:271) ~[ozone-manager-1.3.0-SNAPSHOT.jar:?]
	at org.apache.hadoop.ozone.protocolPB.OzoneManagerProtocolServerSideTranslatorPB.processRequest(OzoneManagerProtocolServerSideTranslatorPB.java:195) ~[ozone-manager-1.3.0-SNAPSHOT.jar:?]
	at org.apache.hadoop.hdds.server.OzoneProtocolMessageDispatcher.processRequest(OzoneProtocolMessageDispatcher.java:87) [hdds-server-framework-1.3.0-SNAPSHOT.jar:?]
	at org.apache.hadoop.ozone.protocolPB.OzoneManagerProtocolServerSideTranslatorPB.submitRequest(OzoneManagerProtocolServerSideTranslatorPB.java:146) [ozone-manager-1.3.0-SNAPSHOT.jar:?]
	at org.apache.hadoop.ozone.protocol.proto.OzoneManagerProtocolProtos$OzoneManagerService$2.callBlockingMethod(OzoneManagerProtocolProtos.java) [ozone-interface-client-1.3.0-SNAPSHOT.jar:?]
	at org.apache.hadoop.ipc.ProtobufRpcEngine$Server.processCall(ProtobufRpcEngine.java:466) [hadoop-common-3.3.1.jar:?]
	at org.apache.hadoop.ipc.ProtobufRpcEngine2$Server$ProtoBufRpcInvoker.call(ProtobufRpcEngine2.java:574) [hadoop-common-3.3.1.jar:?]
	at org.apache.hadoop.ipc.ProtobufRpcEngine2$Server$ProtoBufRpcInvoker.call(ProtobufRpcEngine2.java:552) [hadoop-common-3.3.1.jar:?]
	at org.apache.hadoop.ipc.RPC$Server.call(RPC.java:1093) [hadoop-common-3.3.1.jar:?]
	at org.apache.hadoop.ipc.Server$RpcCall.run(Server.java:1035) [hadoop-common-3.3.1.jar:?]
	at org.apache.hadoop.ipc.Server$RpcCall.run(Server.java:963) [hadoop-common-3.3.1.jar:?]
	at java.security.AccessController.doPrivileged(Native Method) ~[?:1.8.0_322]
	at javax.security.auth.Subject.doAs(Subject.java:422) [?:1.8.0_322]
	at org.apache.hadoop.security.UserGroupInformation.doAs(UserGroupInformation.java:1878) [hadoop-common-3.3.1.jar:?]
	at org.apache.hadoop.ipc.Server$Handler.run(Server.java:2966) [hadoop-common-3.3.1.jar:?]
04:18:27.529 [IPC Server handler 15 on default port 37371] ERROR OMAudit - user=runner | ip=127.0.0.1 | op=GET_FILE_STATUS {volume=volume22323, bucket=bucket47719, key=testBatchDelete/parent/child7, dataSize=0, replicationConfig=null} | ret=FAILURE
org.apache.hadoop.ozone.om.exceptions.OMException: Unable to get file status: volume: volume22323 bucket: bucket47719 key: testBatchDelete/parent/child7
	at org.apache.hadoop.ozone.om.KeyManagerImpl.getOzoneFileStatus(KeyManagerImpl.java:1280) ~[ozone-manager-1.3.0-SNAPSHOT.jar:?]
	at org.apache.hadoop.ozone.om.KeyManagerImpl.getFileStatus(KeyManagerImpl.java:1210) ~[ozone-manager-1.3.0-SNAPSHOT.jar:?]
	at org.apache.hadoop.ozone.om.OzoneManager.getFileStatus(OzoneManager.java:3009) ~[ozone-manager-1.3.0-SNAPSHOT.jar:?]
	at org.apache.hadoop.ozone.protocolPB.OzoneManagerRequestHandler.getOzoneFileStatus(OzoneManagerRequestHandler.java:670) ~[ozone-manager-1.3.0-SNAPSHOT.jar:?]
	at org.apache.hadoop.ozone.protocolPB.OzoneManagerRequestHandler.handleReadRequest(OzoneManagerRequestHandler.java:201) ~[ozone-manager-1.3.0-SNAPSHOT.jar:?]
	at org.apache.hadoop.ozone.protocolPB.OzoneManagerProtocolServerSideTranslatorPB.submitRequestDirectlyToOM(OzoneManagerProtocolServerSideTranslatorPB.java:271) ~[ozone-manager-1.3.0-SNAPSHOT.jar:?]
	at org.apache.hadoop.ozone.protocolPB.OzoneManagerProtocolServerSideTranslatorPB.processRequest(OzoneManagerProtocolServerSideTranslatorPB.java:195) ~[ozone-manager-1.3.0-SNAPSHOT.jar:?]
	at org.apache.hadoop.hdds.server.OzoneProtocolMessageDispatcher.processRequest(OzoneProtocolMessageDispatcher.java:87) [hdds-server-framework-1.3.0-SNAPSHOT.jar:?]
	at org.apache.hadoop.ozone.protocolPB.OzoneManagerProtocolServerSideTranslatorPB.submitRequest(OzoneManagerProtocolServerSideTranslatorPB.java:146) [ozone-manager-1.3.0-SNAPSHOT.jar:?]
	at org.apache.hadoop.ozone.protocol.proto.OzoneManagerProtocolProtos$OzoneManagerService$2.callBlockingMethod(OzoneManagerProtocolProtos.java) [ozone-interface-client-1.3.0-SNAPSHOT.jar:?]
	at org.apache.hadoop.ipc.ProtobufRpcEngine$Server.processCall(ProtobufRpcEngine.java:466) [hadoop-common-3.3.1.jar:?]
	at org.apache.hadoop.ipc.ProtobufRpcEngine2$Server$ProtoBufRpcInvoker.call(ProtobufRpcEngine2.java:574) [hadoop-common-3.3.1.jar:?]
	at org.apache.hadoop.ipc.ProtobufRpcEngine2$Server$ProtoBufRpcInvoker.call(ProtobufRpcEngine2.java:552) [hadoop-common-3.3.1.jar:?]
	at org.apache.hadoop.ipc.RPC$Server.call(RPC.java:1093) [hadoop-common-3.3.1.jar:?]
	at org.apache.hadoop.ipc.Server$RpcCall.run(Server.java:1035) [hadoop-common-3.3.1.jar:?]
	at org.apache.hadoop.ipc.Server$RpcCall.run(Server.java:963) [hadoop-common-3.3.1.jar:?]
	at java.security.AccessController.doPrivileged(Native Method) ~[?:1.8.0_322]
	at javax.security.auth.Subject.doAs(Subject.java:422) [?:1.8.0_322]
	at org.apache.hadoop.security.UserGroupInformation.doAs(UserGroupInformation.java:1878) [hadoop-common-3.3.1.jar:?]
	at org.apache.hadoop.ipc.Server$Handler.run(Server.java:2966) [hadoop-common-3.3.1.jar:?]
04:18:27.530 [IPC Server handler 1 on default port 37371] ERROR OMAudit - user=runner | ip=127.0.0.1 | op=GET_FILE_STATUS {volume=volume22323, bucket=bucket47719, key=testBatchDelete/parent/childFolder/child7, dataSize=0, replicationConfig=null} | ret=FAILURE
org.apache.hadoop.ozone.om.exceptions.OMException: Unable to get file status: volume: volume22323 bucket: bucket47719 key: testBatchDelete/parent/childFolder/child7
	at org.apache.hadoop.ozone.om.KeyManagerImpl.getOzoneFileStatus(KeyManagerImpl.java:1280) ~[ozone-manager-1.3.0-SNAPSHOT.jar:?]
	at org.apache.hadoop.ozone.om.KeyManagerImpl.getFileStatus(KeyManagerImpl.java:1210) ~[ozone-manager-1.3.0-SNAPSHOT.jar:?]
	at org.apache.hadoop.ozone.om.OzoneManager.getFileStatus(OzoneManager.java:3009) ~[ozone-manager-1.3.0-SNAPSHOT.jar:?]
	at org.apache.hadoop.ozone.protocolPB.OzoneManagerRequestHandler.getOzoneFileStatus(OzoneManagerRequestHandler.java:670) ~[ozone-manager-1.3.0-SNAPSHOT.jar:?]
	at org.apache.hadoop.ozone.protocolPB.OzoneManagerRequestHandler.handleReadRequest(OzoneManagerRequestHandler.java:201) ~[ozone-manager-1.3.0-SNAPSHOT.jar:?]
	at org.apache.hadoop.ozone.protocolPB.OzoneManagerProtocolServerSideTranslatorPB.submitRequestDirectlyToOM(OzoneManagerProtocolServerSideTranslatorPB.java:271) ~[ozone-manager-1.3.0-SNAPSHOT.jar:?]
	at org.apache.hadoop.ozone.protocolPB.OzoneManagerProtocolServerSideTranslatorPB.processRequest(OzoneManagerProtocolServerSideTranslatorPB.java:195) ~[ozone-manager-1.3.0-SNAPSHOT.jar:?]
	at org.apache.hadoop.hdds.server.OzoneProtocolMessageDispatcher.processRequest(OzoneProtocolMessageDispatcher.java:87) [hdds-server-framework-1.3.0-SNAPSHOT.jar:?]
	at org.apache.hadoop.ozone.protocolPB.OzoneManagerProtocolServerSideTranslatorPB.submitRequest(OzoneManagerProtocolServerSideTranslatorPB.java:146) [ozone-manager-1.3.0-SNAPSHOT.jar:?]
	at org.apache.hadoop.ozone.protocol.proto.OzoneManagerProtocolProtos$OzoneManagerService$2.callBlockingMethod(OzoneManagerProtocolProtos.java) [ozone-interface-client-1.3.0-SNAPSHOT.jar:?]
	at org.apache.hadoop.ipc.ProtobufRpcEngine$Server.processCall(ProtobufRpcEngine.java:466) [hadoop-common-3.3.1.jar:?]
	at org.apache.hadoop.ipc.ProtobufRpcEngine2$Server$ProtoBufRpcInvoker.call(ProtobufRpcEngine2.java:574) [hadoop-common-3.3.1.jar:?]
	at org.apache.hadoop.ipc.ProtobufRpcEngine2$Server$ProtoBufRpcInvoker.call(ProtobufRpcEngine2.java:552) [hadoop-common-3.3.1.jar:?]
	at org.apache.hadoop.ipc.RPC$Server.call(RPC.java:1093) [hadoop-common-3.3.1.jar:?]
	at org.apache.hadoop.ipc.Server$RpcCall.run(Server.java:1035) [hadoop-common-3.3.1.jar:?]
	at org.apache.hadoop.ipc.Server$RpcCall.run(Server.java:963) [hadoop-common-3.3.1.jar:?]
	at java.security.AccessController.doPrivileged(Native Method) ~[?:1.8.0_322]
	at javax.security.auth.Subject.doAs(Subject.java:422) [?:1.8.0_322]
	at org.apache.hadoop.security.UserGroupInformation.doAs(UserGroupInformation.java:1878) [hadoop-common-3.3.1.jar:?]
	at org.apache.hadoop.ipc.Server$Handler.run(Server.java:2966) [hadoop-common-3.3.1.jar:?]
04:18:27.531 [IPC Server handler 7 on default port 37371] ERROR OMAudit - user=runner | ip=127.0.0.1 | op=GET_FILE_STATUS {volume=volume22323, bucket=bucket47719, key=testBatchDelete/parent, dataSize=0, replicationConfig=null} | ret=FAILURE
org.apache.hadoop.ozone.om.exceptions.OMException: Unable to get file status: volume: volume22323 bucket: bucket47719 key: testBatchDelete/parent
	at org.apache.hadoop.ozone.om.KeyManagerImpl.getOzoneFileStatus(KeyManagerImpl.java:1280) ~[ozone-manager-1.3.0-SNAPSHOT.jar:?]
	at org.apache.hadoop.ozone.om.KeyManagerImpl.getFileStatus(KeyManagerImpl.java:1210) ~[ozone-manager-1.3.0-SNAPSHOT.jar:?]
	at org.apache.hadoop.ozone.om.OzoneManager.getFileStatus(OzoneManager.java:3009) ~[ozone-manager-1.3.0-SNAPSHOT.jar:?]
	at org.apache.hadoop.ozone.protocolPB.OzoneManagerRequestHandler.getOzoneFileStatus(OzoneManagerRequestHandler.java:670) ~[ozone-manager-1.3.0-SNAPSHOT.jar:?]
	at org.apache.hadoop.ozone.protocolPB.OzoneManagerRequestHandler.handleReadRequest(OzoneManagerRequestHandler.java:201) ~[ozone-manager-1.3.0-SNAPSHOT.jar:?]
	at org.apache.hadoop.ozone.protocolPB.OzoneManagerProtocolServerSideTranslatorPB.submitRequestDirectlyToOM(OzoneManagerProtocolServerSideTranslatorPB.java:271) ~[ozone-manager-1.3.0-SNAPSHOT.jar:?]
	at org.apache.hadoop.ozone.protocolPB.OzoneManagerProtocolServerSideTranslatorPB.processRequest(OzoneManagerProtocolServerSideTranslatorPB.java:195) ~[ozone-manager-1.3.0-SNAPSHOT.jar:?]
	at org.apache.hadoop.hdds.server.OzoneProtocolMessageDispatcher.processRequest(OzoneProtocolMessageDispatcher.java:87) [hdds-server-framework-1.3.0-SNAPSHOT.jar:?]
	at org.apache.hadoop.ozone.protocolPB.OzoneManagerProtocolServerSideTranslatorPB.submitRequest(OzoneManagerProtocolServerSideTranslatorPB.java:146) [ozone-manager-1.3.0-SNAPSHOT.jar:?]
	at org.apache.hadoop.ozone.protocol.proto.OzoneManagerProtocolProtos$OzoneManagerService$2.callBlockingMethod(OzoneManagerProtocolProtos.java) [ozone-interface-client-1.3.0-SNAPSHOT.jar:?]
	at org.apache.hadoop.ipc.ProtobufRpcEngine$Server.processCall(ProtobufRpcEngine.java:466) [hadoop-common-3.3.1.jar:?]
	at org.apache.hadoop.ipc.ProtobufRpcEngine2$Server$ProtoBufRpcInvoker.call(ProtobufRpcEngine2.java:574) [hadoop-common-3.3.1.jar:?]
	at org.apache.hadoop.ipc.ProtobufRpcEngine2$Server$ProtoBufRpcInvoker.call(ProtobufRpcEngine2.java:552) [hadoop-common-3.3.1.jar:?]
	at org.apache.hadoop.ipc.RPC$Server.call(RPC.java:1093) [hadoop-common-3.3.1.jar:?]
	at org.apache.hadoop.ipc.Server$RpcCall.run(Server.java:1035) [hadoop-common-3.3.1.jar:?]
	at org.apache.hadoop.ipc.Server$RpcCall.run(Server.java:963) [hadoop-common-3.3.1.jar:?]
	at java.security.AccessController.doPrivileged(Native Method) ~[?:1.8.0_322]
	at javax.security.auth.Subject.doAs(Subject.java:422) [?:1.8.0_322]
	at org.apache.hadoop.security.UserGroupInformation.doAs(UserGroupInformation.java:1878) [hadoop-common-3.3.1.jar:?]
	at org.apache.hadoop.ipc.Server$Handler.run(Server.java:2966) [hadoop-common-3.3.1.jar:?]
2022-04-24 04:18:27,541 [Time-limited test] WARN  ozone.BasicOzoneFileSystem (BasicOzoneFileSystem.java:delete(530)) - delete: Path does not exist: /testBatchDelete/parent
]]></system-out>
  </testcase>
  <testcase name="testRenameToTrashEnabled" classname="TestOzoneFileSystem" time="0.151">
    <system-out><![CDATA[04:15:11.906 [IPC Server handler 6 on default port 38503] ERROR OMAudit - user=runner | ip=127.0.0.1 | op=GET_FILE_STATUS {volume=volume87548, bucket=bucket21072, key=.Trash/runner/Current/testKey1, dataSize=0, replicationConfig=null} | ret=FAILURE
org.apache.hadoop.ozone.om.exceptions.OMException: Unable to get file status: volume: volume87548 bucket: bucket21072 key: .Trash/runner/Current/testKey1
	at org.apache.hadoop.ozone.om.KeyManagerImpl.getOzoneFileStatus(KeyManagerImpl.java:1280) ~[ozone-manager-1.3.0-SNAPSHOT.jar:?]
	at org.apache.hadoop.ozone.om.KeyManagerImpl.getFileStatus(KeyManagerImpl.java:1210) ~[ozone-manager-1.3.0-SNAPSHOT.jar:?]
	at org.apache.hadoop.ozone.om.OzoneManager.getFileStatus(OzoneManager.java:3009) ~[ozone-manager-1.3.0-SNAPSHOT.jar:?]
	at org.apache.hadoop.ozone.protocolPB.OzoneManagerRequestHandler.getOzoneFileStatus(OzoneManagerRequestHandler.java:670) ~[ozone-manager-1.3.0-SNAPSHOT.jar:?]
	at org.apache.hadoop.ozone.protocolPB.OzoneManagerRequestHandler.handleReadRequest(OzoneManagerRequestHandler.java:201) ~[ozone-manager-1.3.0-SNAPSHOT.jar:?]
	at org.apache.hadoop.ozone.protocolPB.OzoneManagerProtocolServerSideTranslatorPB.submitReadRequestToOM(OzoneManagerProtocolServerSideTranslatorPB.java:213) ~[ozone-manager-1.3.0-SNAPSHOT.jar:?]
	at org.apache.hadoop.ozone.protocolPB.OzoneManagerProtocolServerSideTranslatorPB.processRequest(OzoneManagerProtocolServerSideTranslatorPB.java:174) ~[ozone-manager-1.3.0-SNAPSHOT.jar:?]
	at org.apache.hadoop.hdds.server.OzoneProtocolMessageDispatcher.processRequest(OzoneProtocolMessageDispatcher.java:87) [hdds-server-framework-1.3.0-SNAPSHOT.jar:?]
	at org.apache.hadoop.ozone.protocolPB.OzoneManagerProtocolServerSideTranslatorPB.submitRequest(OzoneManagerProtocolServerSideTranslatorPB.java:146) [ozone-manager-1.3.0-SNAPSHOT.jar:?]
	at org.apache.hadoop.ozone.protocol.proto.OzoneManagerProtocolProtos$OzoneManagerService$2.callBlockingMethod(OzoneManagerProtocolProtos.java) [ozone-interface-client-1.3.0-SNAPSHOT.jar:?]
	at org.apache.hadoop.ipc.ProtobufRpcEngine$Server.processCall(ProtobufRpcEngine.java:466) [hadoop-common-3.3.1.jar:?]
	at org.apache.hadoop.ipc.ProtobufRpcEngine2$Server$ProtoBufRpcInvoker.call(ProtobufRpcEngine2.java:574) [hadoop-common-3.3.1.jar:?]
	at org.apache.hadoop.ipc.ProtobufRpcEngine2$Server$ProtoBufRpcInvoker.call(ProtobufRpcEngine2.java:552) [hadoop-common-3.3.1.jar:?]
	at org.apache.hadoop.ipc.RPC$Server.call(RPC.java:1093) [hadoop-common-3.3.1.jar:?]
	at org.apache.hadoop.ipc.Server$RpcCall.run(Server.java:1035) [hadoop-common-3.3.1.jar:?]
	at org.apache.hadoop.ipc.Server$RpcCall.run(Server.java:963) [hadoop-common-3.3.1.jar:?]
	at java.security.AccessController.doPrivileged(Native Method) ~[?:1.8.0_322]
	at javax.security.auth.Subject.doAs(Subject.java:422) [?:1.8.0_322]
	at org.apache.hadoop.security.UserGroupInformation.doAs(UserGroupInformation.java:1878) [hadoop-common-3.3.1.jar:?]
	at org.apache.hadoop.ipc.Server$Handler.run(Server.java:2966) [hadoop-common-3.3.1.jar:?]
04:15:11.911 [IPC Server handler 2 on default port 38503] ERROR OMAudit - user=runner | ip=127.0.0.1 | op=GET_FILE_STATUS {volume=volume87548, bucket=bucket21072, key=.Trash/runner/Current/testKey1, dataSize=0, replicationConfig=null} | ret=FAILURE
org.apache.hadoop.ozone.om.exceptions.OMException: Unable to get file status: volume: volume87548 bucket: bucket21072 key: .Trash/runner/Current/testKey1
	at org.apache.hadoop.ozone.om.KeyManagerImpl.getOzoneFileStatus(KeyManagerImpl.java:1280) ~[ozone-manager-1.3.0-SNAPSHOT.jar:?]
	at org.apache.hadoop.ozone.om.KeyManagerImpl.getFileStatus(KeyManagerImpl.java:1210) ~[ozone-manager-1.3.0-SNAPSHOT.jar:?]
	at org.apache.hadoop.ozone.om.OzoneManager.getFileStatus(OzoneManager.java:3009) ~[ozone-manager-1.3.0-SNAPSHOT.jar:?]
	at org.apache.hadoop.ozone.protocolPB.OzoneManagerRequestHandler.getOzoneFileStatus(OzoneManagerRequestHandler.java:670) ~[ozone-manager-1.3.0-SNAPSHOT.jar:?]
	at org.apache.hadoop.ozone.protocolPB.OzoneManagerRequestHandler.handleReadRequest(OzoneManagerRequestHandler.java:201) ~[ozone-manager-1.3.0-SNAPSHOT.jar:?]
	at org.apache.hadoop.ozone.protocolPB.OzoneManagerProtocolServerSideTranslatorPB.submitReadRequestToOM(OzoneManagerProtocolServerSideTranslatorPB.java:213) ~[ozone-manager-1.3.0-SNAPSHOT.jar:?]
	at org.apache.hadoop.ozone.protocolPB.OzoneManagerProtocolServerSideTranslatorPB.processRequest(OzoneManagerProtocolServerSideTranslatorPB.java:174) ~[ozone-manager-1.3.0-SNAPSHOT.jar:?]
	at org.apache.hadoop.hdds.server.OzoneProtocolMessageDispatcher.processRequest(OzoneProtocolMessageDispatcher.java:87) [hdds-server-framework-1.3.0-SNAPSHOT.jar:?]
	at org.apache.hadoop.ozone.protocolPB.OzoneManagerProtocolServerSideTranslatorPB.submitRequest(OzoneManagerProtocolServerSideTranslatorPB.java:146) [ozone-manager-1.3.0-SNAPSHOT.jar:?]
	at org.apache.hadoop.ozone.protocol.proto.OzoneManagerProtocolProtos$OzoneManagerService$2.callBlockingMethod(OzoneManagerProtocolProtos.java) [ozone-interface-client-1.3.0-SNAPSHOT.jar:?]
	at org.apache.hadoop.ipc.ProtobufRpcEngine$Server.processCall(ProtobufRpcEngine.java:466) [hadoop-common-3.3.1.jar:?]
	at org.apache.hadoop.ipc.ProtobufRpcEngine2$Server$ProtoBufRpcInvoker.call(ProtobufRpcEngine2.java:574) [hadoop-common-3.3.1.jar:?]
	at org.apache.hadoop.ipc.ProtobufRpcEngine2$Server$ProtoBufRpcInvoker.call(ProtobufRpcEngine2.java:552) [hadoop-common-3.3.1.jar:?]
	at org.apache.hadoop.ipc.RPC$Server.call(RPC.java:1093) [hadoop-common-3.3.1.jar:?]
	at org.apache.hadoop.ipc.Server$RpcCall.run(Server.java:1035) [hadoop-common-3.3.1.jar:?]
	at org.apache.hadoop.ipc.Server$RpcCall.run(Server.java:963) [hadoop-common-3.3.1.jar:?]
	at java.security.AccessController.doPrivileged(Native Method) ~[?:1.8.0_322]
	at javax.security.auth.Subject.doAs(Subject.java:422) [?:1.8.0_322]
	at org.apache.hadoop.security.UserGroupInformation.doAs(UserGroupInformation.java:1878) [hadoop-common-3.3.1.jar:?]
	at org.apache.hadoop.ipc.Server$Handler.run(Server.java:2966) [hadoop-common-3.3.1.jar:?]
2022-04-24 04:15:11,919 [Time-limited test] INFO  fs.TrashPolicyDefault (TrashPolicyDefault.java:moveToTrash(188)) - Moved: '/testKey1' to trash at: /.Trash/runner/Current/testKey1
]]></system-out>
  </testcase>
  <testcase name="testRenameToTrashEnabled" classname="TestOzoneFileSystem" time="0.183">
    <system-out><![CDATA[04:16:18.000 [IPC Server handler 0 on default port 40137] ERROR OMAudit - user=runner | ip=127.0.0.1 | op=GET_FILE_STATUS {volume=volume25603, bucket=bucket32835, key=.Trash/runner/Current/testKey1, dataSize=0, replicationConfig=null} | ret=FAILURE
org.apache.hadoop.ozone.om.exceptions.OMException: Unable to get file status: volume: volume25603 bucket: bucket32835 key: .Trash/runner/Current/testKey1
	at org.apache.hadoop.ozone.om.KeyManagerImpl.getOzoneFileStatus(KeyManagerImpl.java:1280) ~[ozone-manager-1.3.0-SNAPSHOT.jar:?]
	at org.apache.hadoop.ozone.om.KeyManagerImpl.getFileStatus(KeyManagerImpl.java:1210) ~[ozone-manager-1.3.0-SNAPSHOT.jar:?]
	at org.apache.hadoop.ozone.om.OzoneManager.getFileStatus(OzoneManager.java:3009) ~[ozone-manager-1.3.0-SNAPSHOT.jar:?]
	at org.apache.hadoop.ozone.protocolPB.OzoneManagerRequestHandler.getOzoneFileStatus(OzoneManagerRequestHandler.java:670) ~[ozone-manager-1.3.0-SNAPSHOT.jar:?]
	at org.apache.hadoop.ozone.protocolPB.OzoneManagerRequestHandler.handleReadRequest(OzoneManagerRequestHandler.java:201) ~[ozone-manager-1.3.0-SNAPSHOT.jar:?]
	at org.apache.hadoop.ozone.protocolPB.OzoneManagerProtocolServerSideTranslatorPB.submitRequestDirectlyToOM(OzoneManagerProtocolServerSideTranslatorPB.java:271) ~[ozone-manager-1.3.0-SNAPSHOT.jar:?]
	at org.apache.hadoop.ozone.protocolPB.OzoneManagerProtocolServerSideTranslatorPB.processRequest(OzoneManagerProtocolServerSideTranslatorPB.java:195) ~[ozone-manager-1.3.0-SNAPSHOT.jar:?]
	at org.apache.hadoop.hdds.server.OzoneProtocolMessageDispatcher.processRequest(OzoneProtocolMessageDispatcher.java:87) [hdds-server-framework-1.3.0-SNAPSHOT.jar:?]
	at org.apache.hadoop.ozone.protocolPB.OzoneManagerProtocolServerSideTranslatorPB.submitRequest(OzoneManagerProtocolServerSideTranslatorPB.java:146) [ozone-manager-1.3.0-SNAPSHOT.jar:?]
	at org.apache.hadoop.ozone.protocol.proto.OzoneManagerProtocolProtos$OzoneManagerService$2.callBlockingMethod(OzoneManagerProtocolProtos.java) [ozone-interface-client-1.3.0-SNAPSHOT.jar:?]
	at org.apache.hadoop.ipc.ProtobufRpcEngine$Server.processCall(ProtobufRpcEngine.java:466) [hadoop-common-3.3.1.jar:?]
	at org.apache.hadoop.ipc.ProtobufRpcEngine2$Server$ProtoBufRpcInvoker.call(ProtobufRpcEngine2.java:574) [hadoop-common-3.3.1.jar:?]
	at org.apache.hadoop.ipc.ProtobufRpcEngine2$Server$ProtoBufRpcInvoker.call(ProtobufRpcEngine2.java:552) [hadoop-common-3.3.1.jar:?]
	at org.apache.hadoop.ipc.RPC$Server.call(RPC.java:1093) [hadoop-common-3.3.1.jar:?]
	at org.apache.hadoop.ipc.Server$RpcCall.run(Server.java:1035) [hadoop-common-3.3.1.jar:?]
	at org.apache.hadoop.ipc.Server$RpcCall.run(Server.java:963) [hadoop-common-3.3.1.jar:?]
	at java.security.AccessController.doPrivileged(Native Method) ~[?:1.8.0_322]
	at javax.security.auth.Subject.doAs(Subject.java:422) [?:1.8.0_322]
	at org.apache.hadoop.security.UserGroupInformation.doAs(UserGroupInformation.java:1878) [hadoop-common-3.3.1.jar:?]
	at org.apache.hadoop.ipc.Server$Handler.run(Server.java:2966) [hadoop-common-3.3.1.jar:?]
04:16:18.012 [IPC Server handler 6 on default port 40137] ERROR OMAudit - user=runner | ip=127.0.0.1 | op=GET_FILE_STATUS {volume=volume25603, bucket=bucket32835, key=.Trash/runner/Current/testKey1, dataSize=0, replicationConfig=null} | ret=FAILURE
org.apache.hadoop.ozone.om.exceptions.OMException: Unable to get file status: volume: volume25603 bucket: bucket32835 key: .Trash/runner/Current/testKey1
	at org.apache.hadoop.ozone.om.KeyManagerImpl.getOzoneFileStatus(KeyManagerImpl.java:1280) ~[ozone-manager-1.3.0-SNAPSHOT.jar:?]
	at org.apache.hadoop.ozone.om.KeyManagerImpl.getFileStatus(KeyManagerImpl.java:1210) ~[ozone-manager-1.3.0-SNAPSHOT.jar:?]
	at org.apache.hadoop.ozone.om.OzoneManager.getFileStatus(OzoneManager.java:3009) ~[ozone-manager-1.3.0-SNAPSHOT.jar:?]
	at org.apache.hadoop.ozone.protocolPB.OzoneManagerRequestHandler.getOzoneFileStatus(OzoneManagerRequestHandler.java:670) ~[ozone-manager-1.3.0-SNAPSHOT.jar:?]
	at org.apache.hadoop.ozone.protocolPB.OzoneManagerRequestHandler.handleReadRequest(OzoneManagerRequestHandler.java:201) ~[ozone-manager-1.3.0-SNAPSHOT.jar:?]
	at org.apache.hadoop.ozone.protocolPB.OzoneManagerProtocolServerSideTranslatorPB.submitRequestDirectlyToOM(OzoneManagerProtocolServerSideTranslatorPB.java:271) ~[ozone-manager-1.3.0-SNAPSHOT.jar:?]
	at org.apache.hadoop.ozone.protocolPB.OzoneManagerProtocolServerSideTranslatorPB.processRequest(OzoneManagerProtocolServerSideTranslatorPB.java:195) ~[ozone-manager-1.3.0-SNAPSHOT.jar:?]
	at org.apache.hadoop.hdds.server.OzoneProtocolMessageDispatcher.processRequest(OzoneProtocolMessageDispatcher.java:87) [hdds-server-framework-1.3.0-SNAPSHOT.jar:?]
	at org.apache.hadoop.ozone.protocolPB.OzoneManagerProtocolServerSideTranslatorPB.submitRequest(OzoneManagerProtocolServerSideTranslatorPB.java:146) [ozone-manager-1.3.0-SNAPSHOT.jar:?]
	at org.apache.hadoop.ozone.protocol.proto.OzoneManagerProtocolProtos$OzoneManagerService$2.callBlockingMethod(OzoneManagerProtocolProtos.java) [ozone-interface-client-1.3.0-SNAPSHOT.jar:?]
	at org.apache.hadoop.ipc.ProtobufRpcEngine$Server.processCall(ProtobufRpcEngine.java:466) [hadoop-common-3.3.1.jar:?]
	at org.apache.hadoop.ipc.ProtobufRpcEngine2$Server$ProtoBufRpcInvoker.call(ProtobufRpcEngine2.java:574) [hadoop-common-3.3.1.jar:?]
	at org.apache.hadoop.ipc.ProtobufRpcEngine2$Server$ProtoBufRpcInvoker.call(ProtobufRpcEngine2.java:552) [hadoop-common-3.3.1.jar:?]
	at org.apache.hadoop.ipc.RPC$Server.call(RPC.java:1093) [hadoop-common-3.3.1.jar:?]
	at org.apache.hadoop.ipc.Server$RpcCall.run(Server.java:1035) [hadoop-common-3.3.1.jar:?]
	at org.apache.hadoop.ipc.Server$RpcCall.run(Server.java:963) [hadoop-common-3.3.1.jar:?]
	at java.security.AccessController.doPrivileged(Native Method) ~[?:1.8.0_322]
	at javax.security.auth.Subject.doAs(Subject.java:422) [?:1.8.0_322]
	at org.apache.hadoop.security.UserGroupInformation.doAs(UserGroupInformation.java:1878) [hadoop-common-3.3.1.jar:?]
	at org.apache.hadoop.ipc.Server$Handler.run(Server.java:2966) [hadoop-common-3.3.1.jar:?]
2022-04-24 04:16:18,017 [Time-limited test] INFO  fs.TrashPolicyDefault (TrashPolicyDefault.java:moveToTrash(188)) - Moved: '/testKey1' to trash at: /.Trash/runner/Current/testKey1
2022-04-24 04:16:18,029 [IPC Server handler 13 on default port 40137] ERROR key.OMKeysDeleteRequest (OMKeysDeleteRequest.java:validateAndUpdateCache(139)) - Received a request to delete a Key does not exist /volume25603/bucket32835/.Trash/runner/Current/
2022-04-24 04:16:18,031 [Time-limited test] ERROR ozone.BasicOzoneClientAdapterImpl (BasicOzoneClientAdapterImpl.java:deleteObjects(353)) - delete key failed 
]]></system-out>
  </testcase>
  <testcase name="testRenameToTrashEnabled" classname="TestOzoneFileSystem" time="0.397">
    <system-out><![CDATA[04:17:15.528 [IPC Server handler 15 on default port 45981] ERROR OMAudit - user=runner | ip=127.0.0.1 | op=GET_FILE_STATUS {volume=volume21477, bucket=bucket24700, key=.Trash/runner/Current/testKey1, dataSize=0, replicationConfig=null} | ret=FAILURE
org.apache.hadoop.ozone.om.exceptions.OMException: Unable to get file status: volume: volume21477 bucket: bucket24700 key: .Trash/runner/Current/testKey1
	at org.apache.hadoop.ozone.om.KeyManagerImpl.getOzoneFileStatus(KeyManagerImpl.java:1280) ~[ozone-manager-1.3.0-SNAPSHOT.jar:?]
	at org.apache.hadoop.ozone.om.KeyManagerImpl.getFileStatus(KeyManagerImpl.java:1210) ~[ozone-manager-1.3.0-SNAPSHOT.jar:?]
	at org.apache.hadoop.ozone.om.OzoneManager.getFileStatus(OzoneManager.java:3009) ~[ozone-manager-1.3.0-SNAPSHOT.jar:?]
	at org.apache.hadoop.ozone.protocolPB.OzoneManagerRequestHandler.getOzoneFileStatus(OzoneManagerRequestHandler.java:670) ~[ozone-manager-1.3.0-SNAPSHOT.jar:?]
	at org.apache.hadoop.ozone.protocolPB.OzoneManagerRequestHandler.handleReadRequest(OzoneManagerRequestHandler.java:201) ~[ozone-manager-1.3.0-SNAPSHOT.jar:?]
	at org.apache.hadoop.ozone.protocolPB.OzoneManagerProtocolServerSideTranslatorPB.submitReadRequestToOM(OzoneManagerProtocolServerSideTranslatorPB.java:213) ~[ozone-manager-1.3.0-SNAPSHOT.jar:?]
	at org.apache.hadoop.ozone.protocolPB.OzoneManagerProtocolServerSideTranslatorPB.processRequest(OzoneManagerProtocolServerSideTranslatorPB.java:174) ~[ozone-manager-1.3.0-SNAPSHOT.jar:?]
	at org.apache.hadoop.hdds.server.OzoneProtocolMessageDispatcher.processRequest(OzoneProtocolMessageDispatcher.java:87) [hdds-server-framework-1.3.0-SNAPSHOT.jar:?]
	at org.apache.hadoop.ozone.protocolPB.OzoneManagerProtocolServerSideTranslatorPB.submitRequest(OzoneManagerProtocolServerSideTranslatorPB.java:146) [ozone-manager-1.3.0-SNAPSHOT.jar:?]
	at org.apache.hadoop.ozone.protocol.proto.OzoneManagerProtocolProtos$OzoneManagerService$2.callBlockingMethod(OzoneManagerProtocolProtos.java) [ozone-interface-client-1.3.0-SNAPSHOT.jar:?]
	at org.apache.hadoop.ipc.ProtobufRpcEngine$Server.processCall(ProtobufRpcEngine.java:466) [hadoop-common-3.3.1.jar:?]
	at org.apache.hadoop.ipc.ProtobufRpcEngine2$Server$ProtoBufRpcInvoker.call(ProtobufRpcEngine2.java:574) [hadoop-common-3.3.1.jar:?]
	at org.apache.hadoop.ipc.ProtobufRpcEngine2$Server$ProtoBufRpcInvoker.call(ProtobufRpcEngine2.java:552) [hadoop-common-3.3.1.jar:?]
	at org.apache.hadoop.ipc.RPC$Server.call(RPC.java:1093) [hadoop-common-3.3.1.jar:?]
	at org.apache.hadoop.ipc.Server$RpcCall.run(Server.java:1035) [hadoop-common-3.3.1.jar:?]
	at org.apache.hadoop.ipc.Server$RpcCall.run(Server.java:963) [hadoop-common-3.3.1.jar:?]
	at java.security.AccessController.doPrivileged(Native Method) ~[?:1.8.0_322]
	at javax.security.auth.Subject.doAs(Subject.java:422) [?:1.8.0_322]
	at org.apache.hadoop.security.UserGroupInformation.doAs(UserGroupInformation.java:1878) [hadoop-common-3.3.1.jar:?]
	at org.apache.hadoop.ipc.Server$Handler.run(Server.java:2966) [hadoop-common-3.3.1.jar:?]
04:17:15.531 [IPC Server handler 5 on default port 45981] ERROR OMAudit - user=runner | ip=127.0.0.1 | op=GET_FILE_STATUS {volume=volume21477, bucket=bucket24700, key=.Trash/runner/Current/testKey1, dataSize=0, replicationConfig=null} | ret=FAILURE
org.apache.hadoop.ozone.om.exceptions.OMException: Unable to get file status: volume: volume21477 bucket: bucket24700 key: .Trash/runner/Current/testKey1
	at org.apache.hadoop.ozone.om.KeyManagerImpl.getOzoneFileStatus(KeyManagerImpl.java:1280) ~[ozone-manager-1.3.0-SNAPSHOT.jar:?]
	at org.apache.hadoop.ozone.om.KeyManagerImpl.getFileStatus(KeyManagerImpl.java:1210) ~[ozone-manager-1.3.0-SNAPSHOT.jar:?]
	at org.apache.hadoop.ozone.om.OzoneManager.getFileStatus(OzoneManager.java:3009) ~[ozone-manager-1.3.0-SNAPSHOT.jar:?]
	at org.apache.hadoop.ozone.protocolPB.OzoneManagerRequestHandler.getOzoneFileStatus(OzoneManagerRequestHandler.java:670) ~[ozone-manager-1.3.0-SNAPSHOT.jar:?]
	at org.apache.hadoop.ozone.protocolPB.OzoneManagerRequestHandler.handleReadRequest(OzoneManagerRequestHandler.java:201) ~[ozone-manager-1.3.0-SNAPSHOT.jar:?]
	at org.apache.hadoop.ozone.protocolPB.OzoneManagerProtocolServerSideTranslatorPB.submitReadRequestToOM(OzoneManagerProtocolServerSideTranslatorPB.java:213) ~[ozone-manager-1.3.0-SNAPSHOT.jar:?]
	at org.apache.hadoop.ozone.protocolPB.OzoneManagerProtocolServerSideTranslatorPB.processRequest(OzoneManagerProtocolServerSideTranslatorPB.java:174) ~[ozone-manager-1.3.0-SNAPSHOT.jar:?]
	at org.apache.hadoop.hdds.server.OzoneProtocolMessageDispatcher.processRequest(OzoneProtocolMessageDispatcher.java:87) [hdds-server-framework-1.3.0-SNAPSHOT.jar:?]
	at org.apache.hadoop.ozone.protocolPB.OzoneManagerProtocolServerSideTranslatorPB.submitRequest(OzoneManagerProtocolServerSideTranslatorPB.java:146) [ozone-manager-1.3.0-SNAPSHOT.jar:?]
	at org.apache.hadoop.ozone.protocol.proto.OzoneManagerProtocolProtos$OzoneManagerService$2.callBlockingMethod(OzoneManagerProtocolProtos.java) [ozone-interface-client-1.3.0-SNAPSHOT.jar:?]
	at org.apache.hadoop.ipc.ProtobufRpcEngine$Server.processCall(ProtobufRpcEngine.java:466) [hadoop-common-3.3.1.jar:?]
	at org.apache.hadoop.ipc.ProtobufRpcEngine2$Server$ProtoBufRpcInvoker.call(ProtobufRpcEngine2.java:574) [hadoop-common-3.3.1.jar:?]
	at org.apache.hadoop.ipc.ProtobufRpcEngine2$Server$ProtoBufRpcInvoker.call(ProtobufRpcEngine2.java:552) [hadoop-common-3.3.1.jar:?]
	at org.apache.hadoop.ipc.RPC$Server.call(RPC.java:1093) [hadoop-common-3.3.1.jar:?]
	at org.apache.hadoop.ipc.Server$RpcCall.run(Server.java:1035) [hadoop-common-3.3.1.jar:?]
	at org.apache.hadoop.ipc.Server$RpcCall.run(Server.java:963) [hadoop-common-3.3.1.jar:?]
	at java.security.AccessController.doPrivileged(Native Method) ~[?:1.8.0_322]
	at javax.security.auth.Subject.doAs(Subject.java:422) [?:1.8.0_322]
	at org.apache.hadoop.security.UserGroupInformation.doAs(UserGroupInformation.java:1878) [hadoop-common-3.3.1.jar:?]
	at org.apache.hadoop.ipc.Server$Handler.run(Server.java:2966) [hadoop-common-3.3.1.jar:?]
2022-04-24 04:17:15,538 [Time-limited test] INFO  fs.TrashPolicyDefault (TrashPolicyDefault.java:moveToTrash(188)) - Moved: '/testKey1' to trash at: /.Trash/runner/Current/testKey1
]]></system-out>
  </testcase>
  <testcase name="testRenameToTrashEnabled" classname="TestOzoneFileSystem" time="0.64">
    <system-out><![CDATA[04:18:28.170 [IPC Server handler 16 on default port 37371] ERROR OMAudit - user=runner | ip=127.0.0.1 | op=GET_FILE_STATUS {volume=volume22323, bucket=bucket47719, key=.Trash/runner/Current/testKey1, dataSize=0, replicationConfig=null} | ret=FAILURE
org.apache.hadoop.ozone.om.exceptions.OMException: Unable to get file status: volume: volume22323 bucket: bucket47719 key: .Trash/runner/Current/testKey1
	at org.apache.hadoop.ozone.om.KeyManagerImpl.getOzoneFileStatus(KeyManagerImpl.java:1280) ~[ozone-manager-1.3.0-SNAPSHOT.jar:?]
	at org.apache.hadoop.ozone.om.KeyManagerImpl.getFileStatus(KeyManagerImpl.java:1210) ~[ozone-manager-1.3.0-SNAPSHOT.jar:?]
	at org.apache.hadoop.ozone.om.OzoneManager.getFileStatus(OzoneManager.java:3009) ~[ozone-manager-1.3.0-SNAPSHOT.jar:?]
	at org.apache.hadoop.ozone.protocolPB.OzoneManagerRequestHandler.getOzoneFileStatus(OzoneManagerRequestHandler.java:670) ~[ozone-manager-1.3.0-SNAPSHOT.jar:?]
	at org.apache.hadoop.ozone.protocolPB.OzoneManagerRequestHandler.handleReadRequest(OzoneManagerRequestHandler.java:201) ~[ozone-manager-1.3.0-SNAPSHOT.jar:?]
	at org.apache.hadoop.ozone.protocolPB.OzoneManagerProtocolServerSideTranslatorPB.submitRequestDirectlyToOM(OzoneManagerProtocolServerSideTranslatorPB.java:271) ~[ozone-manager-1.3.0-SNAPSHOT.jar:?]
	at org.apache.hadoop.ozone.protocolPB.OzoneManagerProtocolServerSideTranslatorPB.processRequest(OzoneManagerProtocolServerSideTranslatorPB.java:195) ~[ozone-manager-1.3.0-SNAPSHOT.jar:?]
	at org.apache.hadoop.hdds.server.OzoneProtocolMessageDispatcher.processRequest(OzoneProtocolMessageDispatcher.java:87) [hdds-server-framework-1.3.0-SNAPSHOT.jar:?]
	at org.apache.hadoop.ozone.protocolPB.OzoneManagerProtocolServerSideTranslatorPB.submitRequest(OzoneManagerProtocolServerSideTranslatorPB.java:146) [ozone-manager-1.3.0-SNAPSHOT.jar:?]
	at org.apache.hadoop.ozone.protocol.proto.OzoneManagerProtocolProtos$OzoneManagerService$2.callBlockingMethod(OzoneManagerProtocolProtos.java) [ozone-interface-client-1.3.0-SNAPSHOT.jar:?]
	at org.apache.hadoop.ipc.ProtobufRpcEngine$Server.processCall(ProtobufRpcEngine.java:466) [hadoop-common-3.3.1.jar:?]
	at org.apache.hadoop.ipc.ProtobufRpcEngine2$Server$ProtoBufRpcInvoker.call(ProtobufRpcEngine2.java:574) [hadoop-common-3.3.1.jar:?]
	at org.apache.hadoop.ipc.ProtobufRpcEngine2$Server$ProtoBufRpcInvoker.call(ProtobufRpcEngine2.java:552) [hadoop-common-3.3.1.jar:?]
	at org.apache.hadoop.ipc.RPC$Server.call(RPC.java:1093) [hadoop-common-3.3.1.jar:?]
	at org.apache.hadoop.ipc.Server$RpcCall.run(Server.java:1035) [hadoop-common-3.3.1.jar:?]
	at org.apache.hadoop.ipc.Server$RpcCall.run(Server.java:963) [hadoop-common-3.3.1.jar:?]
	at java.security.AccessController.doPrivileged(Native Method) ~[?:1.8.0_322]
	at javax.security.auth.Subject.doAs(Subject.java:422) [?:1.8.0_322]
	at org.apache.hadoop.security.UserGroupInformation.doAs(UserGroupInformation.java:1878) [hadoop-common-3.3.1.jar:?]
	at org.apache.hadoop.ipc.Server$Handler.run(Server.java:2966) [hadoop-common-3.3.1.jar:?]
04:18:28.172 [IPC Server handler 12 on default port 37371] ERROR OMAudit - user=runner | ip=127.0.0.1 | op=GET_FILE_STATUS {volume=volume22323, bucket=bucket47719, key=.Trash/runner/Current/testKey1, dataSize=0, replicationConfig=null} | ret=FAILURE
org.apache.hadoop.ozone.om.exceptions.OMException: Unable to get file status: volume: volume22323 bucket: bucket47719 key: .Trash/runner/Current/testKey1
	at org.apache.hadoop.ozone.om.KeyManagerImpl.getOzoneFileStatus(KeyManagerImpl.java:1280) ~[ozone-manager-1.3.0-SNAPSHOT.jar:?]
	at org.apache.hadoop.ozone.om.KeyManagerImpl.getFileStatus(KeyManagerImpl.java:1210) ~[ozone-manager-1.3.0-SNAPSHOT.jar:?]
	at org.apache.hadoop.ozone.om.OzoneManager.getFileStatus(OzoneManager.java:3009) ~[ozone-manager-1.3.0-SNAPSHOT.jar:?]
	at org.apache.hadoop.ozone.protocolPB.OzoneManagerRequestHandler.getOzoneFileStatus(OzoneManagerRequestHandler.java:670) ~[ozone-manager-1.3.0-SNAPSHOT.jar:?]
	at org.apache.hadoop.ozone.protocolPB.OzoneManagerRequestHandler.handleReadRequest(OzoneManagerRequestHandler.java:201) ~[ozone-manager-1.3.0-SNAPSHOT.jar:?]
	at org.apache.hadoop.ozone.protocolPB.OzoneManagerProtocolServerSideTranslatorPB.submitRequestDirectlyToOM(OzoneManagerProtocolServerSideTranslatorPB.java:271) ~[ozone-manager-1.3.0-SNAPSHOT.jar:?]
	at org.apache.hadoop.ozone.protocolPB.OzoneManagerProtocolServerSideTranslatorPB.processRequest(OzoneManagerProtocolServerSideTranslatorPB.java:195) ~[ozone-manager-1.3.0-SNAPSHOT.jar:?]
	at org.apache.hadoop.hdds.server.OzoneProtocolMessageDispatcher.processRequest(OzoneProtocolMessageDispatcher.java:87) [hdds-server-framework-1.3.0-SNAPSHOT.jar:?]
	at org.apache.hadoop.ozone.protocolPB.OzoneManagerProtocolServerSideTranslatorPB.submitRequest(OzoneManagerProtocolServerSideTranslatorPB.java:146) [ozone-manager-1.3.0-SNAPSHOT.jar:?]
	at org.apache.hadoop.ozone.protocol.proto.OzoneManagerProtocolProtos$OzoneManagerService$2.callBlockingMethod(OzoneManagerProtocolProtos.java) [ozone-interface-client-1.3.0-SNAPSHOT.jar:?]
	at org.apache.hadoop.ipc.ProtobufRpcEngine$Server.processCall(ProtobufRpcEngine.java:466) [hadoop-common-3.3.1.jar:?]
	at org.apache.hadoop.ipc.ProtobufRpcEngine2$Server$ProtoBufRpcInvoker.call(ProtobufRpcEngine2.java:574) [hadoop-common-3.3.1.jar:?]
	at org.apache.hadoop.ipc.ProtobufRpcEngine2$Server$ProtoBufRpcInvoker.call(ProtobufRpcEngine2.java:552) [hadoop-common-3.3.1.jar:?]
	at org.apache.hadoop.ipc.RPC$Server.call(RPC.java:1093) [hadoop-common-3.3.1.jar:?]
	at org.apache.hadoop.ipc.Server$RpcCall.run(Server.java:1035) [hadoop-common-3.3.1.jar:?]
	at org.apache.hadoop.ipc.Server$RpcCall.run(Server.java:963) [hadoop-common-3.3.1.jar:?]
	at java.security.AccessController.doPrivileged(Native Method) ~[?:1.8.0_322]
	at javax.security.auth.Subject.doAs(Subject.java:422) [?:1.8.0_322]
	at org.apache.hadoop.security.UserGroupInformation.doAs(UserGroupInformation.java:1878) [hadoop-common-3.3.1.jar:?]
	at org.apache.hadoop.ipc.Server$Handler.run(Server.java:2966) [hadoop-common-3.3.1.jar:?]
2022-04-24 04:18:28,178 [Time-limited test] INFO  fs.TrashPolicyDefault (TrashPolicyDefault.java:moveToTrash(188)) - Moved: '/testKey1' to trash at: /.Trash/runner/Current/testKey1
]]></system-out>
  </testcase>
  <testcase name="testListStatusWithIntermediateDir" classname="TestOzoneFileSystem" time="0.056">
    <system-out><![CDATA[2022-04-24 04:15:11,953 [IPC Server handler 16 on default port 33293] INFO  pipeline.PipelineStateManagerImpl (PipelineStateManagerImpl.java:addPipeline(101)) - Created pipeline Pipeline[ Id: 58456568-2651-4677-a842-3d99d42f5158, Nodes: 8e96264f-9eb0-4fa6-9fb0-f6b0892d4633{ip: 10.1.0.15, host: fv-az50-870.grzltbmokehuzjyc5b133kdqgh.cx.internal.cloudapp.net, ports: [REPLICATION=44619, RATIS=37687, RATIS_ADMIN=37687, RATIS_SERVER=37687, STANDALONE=39377], networkLocation: /default-rack, certSerialId: null, persistedOpState: IN_SERVICE, persistedOpStateExpiryEpochSec: 0}, ReplicationConfig: STANDALONE/ONE, State:OPEN, leaderId:, CreationTimestamp2022-04-24T04:15:11.952Z[Etc/UTC]].
]]></system-out>
  </testcase>
  <testcase name="testListStatusWithIntermediateDir" classname="TestOzoneFileSystem" time="0.042">
    <failure type="java.lang.AssertionError"><![CDATA[java.lang.AssertionError: expected:<1> but was:<2>
	at org.junit.Assert.fail(Assert.java:89)
	at org.junit.Assert.failNotEquals(Assert.java:835)
	at org.junit.Assert.assertEquals(Assert.java:647)
	at org.junit.Assert.assertEquals(Assert.java:633)
	at org.apache.hadoop.fs.ozone.TestOzoneFileSystem.testListStatusWithIntermediateDir(TestOzoneFileSystem.java:616)
	at sun.reflect.NativeMethodAccessorImpl.invoke0(Native Method)
	at sun.reflect.NativeMethodAccessorImpl.invoke(NativeMethodAccessorImpl.java:62)
	at sun.reflect.DelegatingMethodAccessorImpl.invoke(DelegatingMethodAccessorImpl.java:43)
	at java.lang.reflect.Method.invoke(Method.java:498)
	at org.junit.runners.model.FrameworkMethod$1.runReflectiveCall(FrameworkMethod.java:59)
	at org.junit.internal.runners.model.ReflectiveCallable.run(ReflectiveCallable.java:12)
	at org.junit.runners.model.FrameworkMethod.invokeExplosively(FrameworkMethod.java:56)
	at org.junit.internal.runners.statements.InvokeMethod.evaluate(InvokeMethod.java:17)
	at org.junit.internal.runners.statements.RunAfters.evaluate(RunAfters.java:27)
	at org.junit.internal.runners.statements.FailOnTimeout$CallableStatement.call(FailOnTimeout.java:288)
	at org.junit.internal.runners.statements.FailOnTimeout$CallableStatement.call(FailOnTimeout.java:282)
	at java.util.concurrent.FutureTask.run(FutureTask.java:266)
	at java.lang.Thread.run(Thread.java:750)
]]></failure>
    <system-out><![CDATA[2022-04-24 04:16:18,049 [IPC Server handler 8 on default port 39111] INFO  pipeline.PipelineStateManagerImpl (PipelineStateManagerImpl.java:addPipeline(101)) - Created pipeline Pipeline[ Id: d19d6b8f-24f8-4eea-a157-90a325c9e383, Nodes: 862c3159-621e-4808-8fb5-192a2fed7743{ip: 10.1.0.15, host: fv-az50-870.grzltbmokehuzjyc5b133kdqgh.cx.internal.cloudapp.net, ports: [REPLICATION=38105, RATIS=38757, RATIS_ADMIN=38757, RATIS_SERVER=38757, STANDALONE=34309], networkLocation: /default-rack, certSerialId: null, persistedOpState: IN_SERVICE, persistedOpStateExpiryEpochSec: 0}, ReplicationConfig: STANDALONE/ONE, State:OPEN, leaderId:, CreationTimestamp2022-04-24T04:16:18.047Z[Etc/UTC]].
04:16:18.066 [IPC Server handler 8 on default port 40137] ERROR OMAudit - user=runner | ip=127.0.0.1 | op=GET_FILE_STATUS {volume=volume25603, bucket=bucket32835, key=.Trash, dataSize=0, replicationConfig=null} | ret=FAILURE
org.apache.hadoop.ozone.om.exceptions.OMException: Unable to get file status: volume: volume25603 bucket: bucket32835 key: .Trash
	at org.apache.hadoop.ozone.om.KeyManagerImpl.getOzoneFileStatus(KeyManagerImpl.java:1280) ~[ozone-manager-1.3.0-SNAPSHOT.jar:?]
	at org.apache.hadoop.ozone.om.KeyManagerImpl.getFileStatus(KeyManagerImpl.java:1210) ~[ozone-manager-1.3.0-SNAPSHOT.jar:?]
	at org.apache.hadoop.ozone.om.OzoneManager.getFileStatus(OzoneManager.java:3009) ~[ozone-manager-1.3.0-SNAPSHOT.jar:?]
	at org.apache.hadoop.ozone.protocolPB.OzoneManagerRequestHandler.getOzoneFileStatus(OzoneManagerRequestHandler.java:670) ~[ozone-manager-1.3.0-SNAPSHOT.jar:?]
	at org.apache.hadoop.ozone.protocolPB.OzoneManagerRequestHandler.handleReadRequest(OzoneManagerRequestHandler.java:201) ~[ozone-manager-1.3.0-SNAPSHOT.jar:?]
	at org.apache.hadoop.ozone.protocolPB.OzoneManagerProtocolServerSideTranslatorPB.submitRequestDirectlyToOM(OzoneManagerProtocolServerSideTranslatorPB.java:271) ~[ozone-manager-1.3.0-SNAPSHOT.jar:?]
	at org.apache.hadoop.ozone.protocolPB.OzoneManagerProtocolServerSideTranslatorPB.processRequest(OzoneManagerProtocolServerSideTranslatorPB.java:195) ~[ozone-manager-1.3.0-SNAPSHOT.jar:?]
	at org.apache.hadoop.hdds.server.OzoneProtocolMessageDispatcher.processRequest(OzoneProtocolMessageDispatcher.java:87) [hdds-server-framework-1.3.0-SNAPSHOT.jar:?]
	at org.apache.hadoop.ozone.protocolPB.OzoneManagerProtocolServerSideTranslatorPB.submitRequest(OzoneManagerProtocolServerSideTranslatorPB.java:146) [ozone-manager-1.3.0-SNAPSHOT.jar:?]
	at org.apache.hadoop.ozone.protocol.proto.OzoneManagerProtocolProtos$OzoneManagerService$2.callBlockingMethod(OzoneManagerProtocolProtos.java) [ozone-interface-client-1.3.0-SNAPSHOT.jar:?]
	at org.apache.hadoop.ipc.ProtobufRpcEngine$Server.processCall(ProtobufRpcEngine.java:466) [hadoop-common-3.3.1.jar:?]
	at org.apache.hadoop.ipc.ProtobufRpcEngine2$Server$ProtoBufRpcInvoker.call(ProtobufRpcEngine2.java:574) [hadoop-common-3.3.1.jar:?]
	at org.apache.hadoop.ipc.ProtobufRpcEngine2$Server$ProtoBufRpcInvoker.call(ProtobufRpcEngine2.java:552) [hadoop-common-3.3.1.jar:?]
	at org.apache.hadoop.ipc.RPC$Server.call(RPC.java:1093) [hadoop-common-3.3.1.jar:?]
	at org.apache.hadoop.ipc.Server$RpcCall.run(Server.java:1035) [hadoop-common-3.3.1.jar:?]
	at org.apache.hadoop.ipc.Server$RpcCall.run(Server.java:963) [hadoop-common-3.3.1.jar:?]
	at java.security.AccessController.doPrivileged(Native Method) ~[?:1.8.0_322]
	at javax.security.auth.Subject.doAs(Subject.java:422) [?:1.8.0_322]
	at org.apache.hadoop.security.UserGroupInformation.doAs(UserGroupInformation.java:1878) [hadoop-common-3.3.1.jar:?]
	at org.apache.hadoop.ipc.Server$Handler.run(Server.java:2966) [hadoop-common-3.3.1.jar:?]
2022-04-24 04:16:18,067 [Time-limited test] WARN  ozone.BasicOzoneFileSystem (BasicOzoneFileSystem.java:delete(530)) - delete: Path does not exist: o3fs://bucket32835.volume25603/.Trash
]]></system-out>
  </testcase>
  <testcase name="testListStatusWithIntermediateDir" classname="TestOzoneFileSystem" time="0.058">
    <system-out><![CDATA[2022-04-24 04:17:15,570 [IPC Server handler 4 on default port 40493] INFO  pipeline.PipelineStateManagerImpl (PipelineStateManagerImpl.java:addPipeline(101)) - Created pipeline Pipeline[ Id: 381cd490-d917-4e6b-91bc-be65039ed43f, Nodes: 07194f3d-c9eb-4893-9cab-c457c5e8e7cf{ip: 10.1.0.15, host: fv-az50-870.grzltbmokehuzjyc5b133kdqgh.cx.internal.cloudapp.net, ports: [REPLICATION=34863, RATIS=38719, RATIS_ADMIN=38719, RATIS_SERVER=38719, STANDALONE=36679], networkLocation: /default-rack, certSerialId: null, persistedOpState: IN_SERVICE, persistedOpStateExpiryEpochSec: 0}, ReplicationConfig: STANDALONE/ONE, State:OPEN, leaderId:, CreationTimestamp2022-04-24T04:17:15.567Z[Etc/UTC]].
]]></system-out>
  </testcase>
  <testcase name="testListStatusWithIntermediateDir" classname="TestOzoneFileSystem" time="0.108">
    <system-out><![CDATA[2022-04-24 04:18:28,237 [IPC Server handler 8 on default port 33759] INFO  pipeline.PipelineStateManagerImpl (PipelineStateManagerImpl.java:addPipeline(101)) - Created pipeline Pipeline[ Id: c142c0dd-c60b-41b2-a1fa-39e1ce50772d, Nodes: 3c8f196b-f336-4cca-b7e0-24f945f171e6{ip: 10.1.0.15, host: fv-az50-870.grzltbmokehuzjyc5b133kdqgh.cx.internal.cloudapp.net, ports: [REPLICATION=38659, RATIS=39931, RATIS_ADMIN=39931, RATIS_SERVER=39931, STANDALONE=33573], networkLocation: /default-rack, certSerialId: null, persistedOpState: IN_SERVICE, persistedOpStateExpiryEpochSec: 0}, ReplicationConfig: STANDALONE/ONE, State:OPEN, leaderId:, CreationTimestamp2022-04-24T04:18:28.221Z[Etc/UTC]].
]]></system-out>
  </testcase>
  <testcase name="testRenameSourceAndDestinAreSame" classname="TestOzoneFileSystem" time="0.036"/>
  <testcase name="testRenameSourceAndDestinAreSame" classname="TestOzoneFileSystem" time="0.043">
    <system-out><![CDATA[04:16:18.119 [IPC Server handler 1 on default port 40137] ERROR OMAudit - user=runner | ip=127.0.0.1 | op=GET_FILE_STATUS {volume=volume25603, bucket=bucket32835, key=.Trash, dataSize=0, replicationConfig=null} | ret=FAILURE
org.apache.hadoop.ozone.om.exceptions.OMException: Unable to get file status: volume: volume25603 bucket: bucket32835 key: .Trash
	at org.apache.hadoop.ozone.om.KeyManagerImpl.getOzoneFileStatus(KeyManagerImpl.java:1280) ~[ozone-manager-1.3.0-SNAPSHOT.jar:?]
	at org.apache.hadoop.ozone.om.KeyManagerImpl.getFileStatus(KeyManagerImpl.java:1210) ~[ozone-manager-1.3.0-SNAPSHOT.jar:?]
	at org.apache.hadoop.ozone.om.OzoneManager.getFileStatus(OzoneManager.java:3009) ~[ozone-manager-1.3.0-SNAPSHOT.jar:?]
	at org.apache.hadoop.ozone.protocolPB.OzoneManagerRequestHandler.getOzoneFileStatus(OzoneManagerRequestHandler.java:670) ~[ozone-manager-1.3.0-SNAPSHOT.jar:?]
	at org.apache.hadoop.ozone.protocolPB.OzoneManagerRequestHandler.handleReadRequest(OzoneManagerRequestHandler.java:201) ~[ozone-manager-1.3.0-SNAPSHOT.jar:?]
	at org.apache.hadoop.ozone.protocolPB.OzoneManagerProtocolServerSideTranslatorPB.submitRequestDirectlyToOM(OzoneManagerProtocolServerSideTranslatorPB.java:271) ~[ozone-manager-1.3.0-SNAPSHOT.jar:?]
	at org.apache.hadoop.ozone.protocolPB.OzoneManagerProtocolServerSideTranslatorPB.processRequest(OzoneManagerProtocolServerSideTranslatorPB.java:195) ~[ozone-manager-1.3.0-SNAPSHOT.jar:?]
	at org.apache.hadoop.hdds.server.OzoneProtocolMessageDispatcher.processRequest(OzoneProtocolMessageDispatcher.java:87) [hdds-server-framework-1.3.0-SNAPSHOT.jar:?]
	at org.apache.hadoop.ozone.protocolPB.OzoneManagerProtocolServerSideTranslatorPB.submitRequest(OzoneManagerProtocolServerSideTranslatorPB.java:146) [ozone-manager-1.3.0-SNAPSHOT.jar:?]
	at org.apache.hadoop.ozone.protocol.proto.OzoneManagerProtocolProtos$OzoneManagerService$2.callBlockingMethod(OzoneManagerProtocolProtos.java) [ozone-interface-client-1.3.0-SNAPSHOT.jar:?]
	at org.apache.hadoop.ipc.ProtobufRpcEngine$Server.processCall(ProtobufRpcEngine.java:466) [hadoop-common-3.3.1.jar:?]
	at org.apache.hadoop.ipc.ProtobufRpcEngine2$Server$ProtoBufRpcInvoker.call(ProtobufRpcEngine2.java:574) [hadoop-common-3.3.1.jar:?]
	at org.apache.hadoop.ipc.ProtobufRpcEngine2$Server$ProtoBufRpcInvoker.call(ProtobufRpcEngine2.java:552) [hadoop-common-3.3.1.jar:?]
	at org.apache.hadoop.ipc.RPC$Server.call(RPC.java:1093) [hadoop-common-3.3.1.jar:?]
	at org.apache.hadoop.ipc.Server$RpcCall.run(Server.java:1035) [hadoop-common-3.3.1.jar:?]
	at org.apache.hadoop.ipc.Server$RpcCall.run(Server.java:963) [hadoop-common-3.3.1.jar:?]
	at java.security.AccessController.doPrivileged(Native Method) ~[?:1.8.0_322]
	at javax.security.auth.Subject.doAs(Subject.java:422) [?:1.8.0_322]
	at org.apache.hadoop.security.UserGroupInformation.doAs(UserGroupInformation.java:1878) [hadoop-common-3.3.1.jar:?]
	at org.apache.hadoop.ipc.Server$Handler.run(Server.java:2966) [hadoop-common-3.3.1.jar:?]
2022-04-24 04:16:18,120 [Time-limited test] WARN  ozone.BasicOzoneFileSystem (BasicOzoneFileSystem.java:delete(530)) - delete: Path does not exist: o3fs://bucket32835.volume25603/.Trash
]]></system-out>
  </testcase>
  <testcase name="testRenameSourceAndDestinAreSame" classname="TestOzoneFileSystem" time="0.058"/>
  <testcase name="testRenameSourceAndDestinAreSame" classname="TestOzoneFileSystem" time="0.069"/>
  <testcase name="testListStatusOnLargeDirectory" classname="TestOzoneFileSystem" time="9.045"/>
  <testcase name="testListStatusOnLargeDirectory" classname="TestOzoneFileSystem" time="0.019">
    <failure type="java.lang.AssertionError"><![CDATA[java.lang.AssertionError: Delete root failed! expected:<0> but was:<1>
	at org.junit.Assert.fail(Assert.java:89)
	at org.junit.Assert.failNotEquals(Assert.java:835)
	at org.junit.Assert.assertEquals(Assert.java:647)
	at org.apache.hadoop.fs.ozone.TestOzoneFileSystem.deleteRootDir(TestOzoneFileSystem.java:712)
	at org.apache.hadoop.fs.ozone.TestOzoneFileSystem.testListStatusOnLargeDirectory(TestOzoneFileSystem.java:652)
	at sun.reflect.NativeMethodAccessorImpl.invoke0(Native Method)
	at sun.reflect.NativeMethodAccessorImpl.invoke(NativeMethodAccessorImpl.java:62)
	at sun.reflect.DelegatingMethodAccessorImpl.invoke(DelegatingMethodAccessorImpl.java:43)
	at java.lang.reflect.Method.invoke(Method.java:498)
	at org.junit.runners.model.FrameworkMethod$1.runReflectiveCall(FrameworkMethod.java:59)
	at org.junit.internal.runners.model.ReflectiveCallable.run(ReflectiveCallable.java:12)
	at org.junit.runners.model.FrameworkMethod.invokeExplosively(FrameworkMethod.java:56)
	at org.junit.internal.runners.statements.InvokeMethod.evaluate(InvokeMethod.java:17)
	at org.junit.internal.runners.statements.RunAfters.evaluate(RunAfters.java:27)
	at org.junit.internal.runners.statements.FailOnTimeout$CallableStatement.call(FailOnTimeout.java:288)
	at org.junit.internal.runners.statements.FailOnTimeout$CallableStatement.call(FailOnTimeout.java:282)
	at java.util.concurrent.FutureTask.run(FutureTask.java:266)
	at java.lang.Thread.run(Thread.java:750)
]]></failure>
    <system-out><![CDATA[04:16:18.141 [IPC Server handler 15 on default port 40137] ERROR OMAudit - user=runner | ip=127.0.0.1 | op=GET_FILE_STATUS {volume=volume25603, bucket=bucket32835, key=.Trash, dataSize=0, replicationConfig=null} | ret=FAILURE
org.apache.hadoop.ozone.om.exceptions.OMException: Unable to get file status: volume: volume25603 bucket: bucket32835 key: .Trash
	at org.apache.hadoop.ozone.om.KeyManagerImpl.getOzoneFileStatus(KeyManagerImpl.java:1280) ~[ozone-manager-1.3.0-SNAPSHOT.jar:?]
	at org.apache.hadoop.ozone.om.KeyManagerImpl.getFileStatus(KeyManagerImpl.java:1210) ~[ozone-manager-1.3.0-SNAPSHOT.jar:?]
	at org.apache.hadoop.ozone.om.OzoneManager.getFileStatus(OzoneManager.java:3009) ~[ozone-manager-1.3.0-SNAPSHOT.jar:?]
	at org.apache.hadoop.ozone.protocolPB.OzoneManagerRequestHandler.getOzoneFileStatus(OzoneManagerRequestHandler.java:670) ~[ozone-manager-1.3.0-SNAPSHOT.jar:?]
	at org.apache.hadoop.ozone.protocolPB.OzoneManagerRequestHandler.handleReadRequest(OzoneManagerRequestHandler.java:201) ~[ozone-manager-1.3.0-SNAPSHOT.jar:?]
	at org.apache.hadoop.ozone.protocolPB.OzoneManagerProtocolServerSideTranslatorPB.submitRequestDirectlyToOM(OzoneManagerProtocolServerSideTranslatorPB.java:271) ~[ozone-manager-1.3.0-SNAPSHOT.jar:?]
	at org.apache.hadoop.ozone.protocolPB.OzoneManagerProtocolServerSideTranslatorPB.processRequest(OzoneManagerProtocolServerSideTranslatorPB.java:195) ~[ozone-manager-1.3.0-SNAPSHOT.jar:?]
	at org.apache.hadoop.hdds.server.OzoneProtocolMessageDispatcher.processRequest(OzoneProtocolMessageDispatcher.java:87) [hdds-server-framework-1.3.0-SNAPSHOT.jar:?]
	at org.apache.hadoop.ozone.protocolPB.OzoneManagerProtocolServerSideTranslatorPB.submitRequest(OzoneManagerProtocolServerSideTranslatorPB.java:146) [ozone-manager-1.3.0-SNAPSHOT.jar:?]
	at org.apache.hadoop.ozone.protocol.proto.OzoneManagerProtocolProtos$OzoneManagerService$2.callBlockingMethod(OzoneManagerProtocolProtos.java) [ozone-interface-client-1.3.0-SNAPSHOT.jar:?]
	at org.apache.hadoop.ipc.ProtobufRpcEngine$Server.processCall(ProtobufRpcEngine.java:466) [hadoop-common-3.3.1.jar:?]
	at org.apache.hadoop.ipc.ProtobufRpcEngine2$Server$ProtoBufRpcInvoker.call(ProtobufRpcEngine2.java:574) [hadoop-common-3.3.1.jar:?]
	at org.apache.hadoop.ipc.ProtobufRpcEngine2$Server$ProtoBufRpcInvoker.call(ProtobufRpcEngine2.java:552) [hadoop-common-3.3.1.jar:?]
	at org.apache.hadoop.ipc.RPC$Server.call(RPC.java:1093) [hadoop-common-3.3.1.jar:?]
	at org.apache.hadoop.ipc.Server$RpcCall.run(Server.java:1035) [hadoop-common-3.3.1.jar:?]
	at org.apache.hadoop.ipc.Server$RpcCall.run(Server.java:963) [hadoop-common-3.3.1.jar:?]
	at java.security.AccessController.doPrivileged(Native Method) ~[?:1.8.0_322]
	at javax.security.auth.Subject.doAs(Subject.java:422) [?:1.8.0_322]
	at org.apache.hadoop.security.UserGroupInformation.doAs(UserGroupInformation.java:1878) [hadoop-common-3.3.1.jar:?]
	at org.apache.hadoop.ipc.Server$Handler.run(Server.java:2966) [hadoop-common-3.3.1.jar:?]
2022-04-24 04:16:18,143 [Time-limited test] WARN  ozone.BasicOzoneFileSystem (BasicOzoneFileSystem.java:delete(530)) - delete: Path does not exist: o3fs://bucket32835.volume25603/.Trash
04:16:18.145 [IPC Server handler 8 on default port 40137] ERROR OMAudit - user=runner | ip=127.0.0.1 | op=GET_FILE_STATUS {volume=volume25603, bucket=bucket32835, key=.Trash, dataSize=0, replicationConfig=null} | ret=FAILURE
org.apache.hadoop.ozone.om.exceptions.OMException: Unable to get file status: volume: volume25603 bucket: bucket32835 key: .Trash
	at org.apache.hadoop.ozone.om.KeyManagerImpl.getOzoneFileStatus(KeyManagerImpl.java:1280) ~[ozone-manager-1.3.0-SNAPSHOT.jar:?]
	at org.apache.hadoop.ozone.om.KeyManagerImpl.getFileStatus(KeyManagerImpl.java:1210) ~[ozone-manager-1.3.0-SNAPSHOT.jar:?]
	at org.apache.hadoop.ozone.om.OzoneManager.getFileStatus(OzoneManager.java:3009) ~[ozone-manager-1.3.0-SNAPSHOT.jar:?]
	at org.apache.hadoop.ozone.protocolPB.OzoneManagerRequestHandler.getOzoneFileStatus(OzoneManagerRequestHandler.java:670) ~[ozone-manager-1.3.0-SNAPSHOT.jar:?]
	at org.apache.hadoop.ozone.protocolPB.OzoneManagerRequestHandler.handleReadRequest(OzoneManagerRequestHandler.java:201) ~[ozone-manager-1.3.0-SNAPSHOT.jar:?]
	at org.apache.hadoop.ozone.protocolPB.OzoneManagerProtocolServerSideTranslatorPB.submitRequestDirectlyToOM(OzoneManagerProtocolServerSideTranslatorPB.java:271) ~[ozone-manager-1.3.0-SNAPSHOT.jar:?]
	at org.apache.hadoop.ozone.protocolPB.OzoneManagerProtocolServerSideTranslatorPB.processRequest(OzoneManagerProtocolServerSideTranslatorPB.java:195) ~[ozone-manager-1.3.0-SNAPSHOT.jar:?]
	at org.apache.hadoop.hdds.server.OzoneProtocolMessageDispatcher.processRequest(OzoneProtocolMessageDispatcher.java:87) [hdds-server-framework-1.3.0-SNAPSHOT.jar:?]
	at org.apache.hadoop.ozone.protocolPB.OzoneManagerProtocolServerSideTranslatorPB.submitRequest(OzoneManagerProtocolServerSideTranslatorPB.java:146) [ozone-manager-1.3.0-SNAPSHOT.jar:?]
	at org.apache.hadoop.ozone.protocol.proto.OzoneManagerProtocolProtos$OzoneManagerService$2.callBlockingMethod(OzoneManagerProtocolProtos.java) [ozone-interface-client-1.3.0-SNAPSHOT.jar:?]
	at org.apache.hadoop.ipc.ProtobufRpcEngine$Server.processCall(ProtobufRpcEngine.java:466) [hadoop-common-3.3.1.jar:?]
	at org.apache.hadoop.ipc.ProtobufRpcEngine2$Server$ProtoBufRpcInvoker.call(ProtobufRpcEngine2.java:574) [hadoop-common-3.3.1.jar:?]
	at org.apache.hadoop.ipc.ProtobufRpcEngine2$Server$ProtoBufRpcInvoker.call(ProtobufRpcEngine2.java:552) [hadoop-common-3.3.1.jar:?]
	at org.apache.hadoop.ipc.RPC$Server.call(RPC.java:1093) [hadoop-common-3.3.1.jar:?]
	at org.apache.hadoop.ipc.Server$RpcCall.run(Server.java:1035) [hadoop-common-3.3.1.jar:?]
	at org.apache.hadoop.ipc.Server$RpcCall.run(Server.java:963) [hadoop-common-3.3.1.jar:?]
	at java.security.AccessController.doPrivileged(Native Method) ~[?:1.8.0_322]
	at javax.security.auth.Subject.doAs(Subject.java:422) [?:1.8.0_322]
	at org.apache.hadoop.security.UserGroupInformation.doAs(UserGroupInformation.java:1878) [hadoop-common-3.3.1.jar:?]
	at org.apache.hadoop.ipc.Server$Handler.run(Server.java:2966) [hadoop-common-3.3.1.jar:?]
2022-04-24 04:16:18,147 [Time-limited test] WARN  ozone.BasicOzoneFileSystem (BasicOzoneFileSystem.java:delete(530)) - delete: Path does not exist: o3fs://bucket32835.volume25603/.Trash
]]></system-out>
  </testcase>
  <testcase name="testListStatusOnLargeDirectory" classname="TestOzoneFileSystem" time="9.881"/>
  <testcase name="testListStatusOnLargeDirectory" classname="TestOzoneFileSystem" time="9.536"/>
  <testcase name="testCreateKeyShouldUseRefreshedBucketReplicationConfig" classname="TestOzoneFileSystem" time="0.374">
    <system-out><![CDATA[2022-04-24 04:15:21,114 [Time-limited test] INFO  rpc.RpcClient (RpcClient.java:createVolume(448)) - Creating Volume: volume89134, with user34005 as owner and space quota set to -1 bytes, counts quota set to -1
2022-04-24 04:15:21,117 [OM StateMachine ApplyTransaction Thread - 0] INFO  volume.OMVolumeCreateRequest (OMVolumeCreateRequest.java:validateAndUpdateCache(195)) - created volume:volume89134 for user:user34005
2022-04-24 04:15:21,123 [Time-limited test] INFO  rpc.RpcClient (RpcClient.java:createBucket(637)) - Creating Bucket: volume89134/bucket10728, with runner as owner and Versioning false and Storage Type set to DISK and Encryption set to false 
2022-04-24 04:15:21,126 [OM StateMachine ApplyTransaction Thread - 0] INFO  bucket.OMBucketCreateRequest (OMBucketCreateRequest.java:validateAndUpdateCache(258)) - created bucket: bucket10728 of layout LEGACY in volume: volume89134
2022-04-24 04:15:21,211 [IPC Server handler 8 on default port 33293] INFO  pipeline.PipelineStateManagerImpl (PipelineStateManagerImpl.java:addPipeline(101)) - Created pipeline Pipeline[ Id: 8015c3c4-6d95-4365-aab5-a73e62912c40, Nodes: fe9480c6-0304-45ac-b1dc-5616f3c657bb{ip: 10.1.0.15, host: fv-az50-870.grzltbmokehuzjyc5b133kdqgh.cx.internal.cloudapp.net, ports: [REPLICATION=37053, RATIS=33537, RATIS_ADMIN=33537, RATIS_SERVER=33537, STANDALONE=40241], networkLocation: /default-rack, certSerialId: null, persistedOpState: null, persistedOpStateExpiryEpochSec: 0}0c7828af-8fac-44b0-ab7c-baee889924d1{ip: 10.1.0.15, host: fv-az50-870.grzltbmokehuzjyc5b133kdqgh.cx.internal.cloudapp.net, ports: [REPLICATION=45663, RATIS=44817, RATIS_ADMIN=44817, RATIS_SERVER=44817, STANDALONE=38979], networkLocation: /default-rack, certSerialId: null, persistedOpState: null, persistedOpStateExpiryEpochSec: 0}541013cf-2288-4650-a5cb-617f95277836{ip: 10.1.0.15, host: fv-az50-870.grzltbmokehuzjyc5b133kdqgh.cx.internal.cloudapp.net, ports: [REPLICATION=46325, RATIS=42611, RATIS_ADMIN=42611, RATIS_SERVER=42611, STANDALONE=38347], networkLocation: /default-rack, certSerialId: null, persistedOpState: null, persistedOpStateExpiryEpochSec: 0}e8c8a659-d261-4c5d-8a2f-41b1aaadacc9{ip: 10.1.0.15, host: fv-az50-870.grzltbmokehuzjyc5b133kdqgh.cx.internal.cloudapp.net, ports: [REPLICATION=37707, RATIS=38205, RATIS_ADMIN=38205, RATIS_SERVER=38205, STANDALONE=43153], networkLocation: /default-rack, certSerialId: null, persistedOpState: null, persistedOpStateExpiryEpochSec: 0}8e96264f-9eb0-4fa6-9fb0-f6b0892d4633{ip: 10.1.0.15, host: fv-az50-870.grzltbmokehuzjyc5b133kdqgh.cx.internal.cloudapp.net, ports: [REPLICATION=44619, RATIS=37687, RATIS_ADMIN=37687, RATIS_SERVER=37687, STANDALONE=39377], networkLocation: /default-rack, certSerialId: null, persistedOpState: null, persistedOpStateExpiryEpochSec: 0}, ReplicationConfig: EC/ECReplicationConfig{data=3, parity=2, ecChunkSize=1048576, codec=rs}, State:ALLOCATED, leaderId:, CreationTimestamp2022-04-24T04:15:21.211Z[Etc/UTC]].
2022-04-24 04:15:21,212 [IPC Server handler 8 on default port 33293] INFO  pipeline.PipelineManagerImpl (PipelineManagerImpl.java:openPipeline(321)) - Pipeline Pipeline[ Id: 8015c3c4-6d95-4365-aab5-a73e62912c40, Nodes: fe9480c6-0304-45ac-b1dc-5616f3c657bb{ip: 10.1.0.15, host: fv-az50-870.grzltbmokehuzjyc5b133kdqgh.cx.internal.cloudapp.net, ports: [REPLICATION=37053, RATIS=33537, RATIS_ADMIN=33537, RATIS_SERVER=33537, STANDALONE=40241], networkLocation: /default-rack, certSerialId: null, persistedOpState: null, persistedOpStateExpiryEpochSec: 0}0c7828af-8fac-44b0-ab7c-baee889924d1{ip: 10.1.0.15, host: fv-az50-870.grzltbmokehuzjyc5b133kdqgh.cx.internal.cloudapp.net, ports: [REPLICATION=45663, RATIS=44817, RATIS_ADMIN=44817, RATIS_SERVER=44817, STANDALONE=38979], networkLocation: /default-rack, certSerialId: null, persistedOpState: null, persistedOpStateExpiryEpochSec: 0}541013cf-2288-4650-a5cb-617f95277836{ip: 10.1.0.15, host: fv-az50-870.grzltbmokehuzjyc5b133kdqgh.cx.internal.cloudapp.net, ports: [REPLICATION=46325, RATIS=42611, RATIS_ADMIN=42611, RATIS_SERVER=42611, STANDALONE=38347], networkLocation: /default-rack, certSerialId: null, persistedOpState: null, persistedOpStateExpiryEpochSec: 0}e8c8a659-d261-4c5d-8a2f-41b1aaadacc9{ip: 10.1.0.15, host: fv-az50-870.grzltbmokehuzjyc5b133kdqgh.cx.internal.cloudapp.net, ports: [REPLICATION=37707, RATIS=38205, RATIS_ADMIN=38205, RATIS_SERVER=38205, STANDALONE=43153], networkLocation: /default-rack, certSerialId: null, persistedOpState: null, persistedOpStateExpiryEpochSec: 0}8e96264f-9eb0-4fa6-9fb0-f6b0892d4633{ip: 10.1.0.15, host: fv-az50-870.grzltbmokehuzjyc5b133kdqgh.cx.internal.cloudapp.net, ports: [REPLICATION=44619, RATIS=37687, RATIS_ADMIN=37687, RATIS_SERVER=37687, STANDALONE=39377], networkLocation: /default-rack, certSerialId: null, persistedOpState: null, persistedOpStateExpiryEpochSec: 0}, ReplicationConfig: EC/ECReplicationConfig{data=3, parity=2, ecChunkSize=1048576, codec=rs}, State:ALLOCATED, leaderId:, CreationTimestamp2022-04-24T04:15:21.211Z[Etc/UTC]] moved to OPEN state
2022-04-24 04:15:21,287 [Time-limited test] WARN  erasurecode.ErasureCodeNative (ErasureCodeNative.java:<clinit>(55)) - ISA-L support is not available in your platform... using builtin-java codec where applicable
2022-04-24 04:15:21,396 [IPC Server handler 1 on default port 33293] INFO  pipeline.PipelineStateManagerImpl (PipelineStateManagerImpl.java:addPipeline(101)) - Created pipeline Pipeline[ Id: 223d1db6-d80e-4886-b4f5-86469e913c82, Nodes: 0c7828af-8fac-44b0-ab7c-baee889924d1{ip: 10.1.0.15, host: fv-az50-870.grzltbmokehuzjyc5b133kdqgh.cx.internal.cloudapp.net, ports: [REPLICATION=45663, RATIS=44817, RATIS_ADMIN=44817, RATIS_SERVER=44817, STANDALONE=38979], networkLocation: /default-rack, certSerialId: null, persistedOpState: null, persistedOpStateExpiryEpochSec: 0}541013cf-2288-4650-a5cb-617f95277836{ip: 10.1.0.15, host: fv-az50-870.grzltbmokehuzjyc5b133kdqgh.cx.internal.cloudapp.net, ports: [REPLICATION=46325, RATIS=42611, RATIS_ADMIN=42611, RATIS_SERVER=42611, STANDALONE=38347], networkLocation: /default-rack, certSerialId: null, persistedOpState: null, persistedOpStateExpiryEpochSec: 0}e8c8a659-d261-4c5d-8a2f-41b1aaadacc9{ip: 10.1.0.15, host: fv-az50-870.grzltbmokehuzjyc5b133kdqgh.cx.internal.cloudapp.net, ports: [REPLICATION=37707, RATIS=38205, RATIS_ADMIN=38205, RATIS_SERVER=38205, STANDALONE=43153], networkLocation: /default-rack, certSerialId: null, persistedOpState: null, persistedOpStateExpiryEpochSec: 0}8e96264f-9eb0-4fa6-9fb0-f6b0892d4633{ip: 10.1.0.15, host: fv-az50-870.grzltbmokehuzjyc5b133kdqgh.cx.internal.cloudapp.net, ports: [REPLICATION=44619, RATIS=37687, RATIS_ADMIN=37687, RATIS_SERVER=37687, STANDALONE=39377], networkLocation: /default-rack, certSerialId: null, persistedOpState: null, persistedOpStateExpiryEpochSec: 0}fe9480c6-0304-45ac-b1dc-5616f3c657bb{ip: 10.1.0.15, host: fv-az50-870.grzltbmokehuzjyc5b133kdqgh.cx.internal.cloudapp.net, ports: [REPLICATION=37053, RATIS=33537, RATIS_ADMIN=33537, RATIS_SERVER=33537, STANDALONE=40241], networkLocation: /default-rack, certSerialId: null, persistedOpState: null, persistedOpStateExpiryEpochSec: 0}, ReplicationConfig: EC/ECReplicationConfig{data=3, parity=2, ecChunkSize=1048576, codec=rs}, State:ALLOCATED, leaderId:, CreationTimestamp2022-04-24T04:15:21.395Z[Etc/UTC]].
2022-04-24 04:15:21,398 [IPC Server handler 1 on default port 33293] INFO  pipeline.PipelineManagerImpl (PipelineManagerImpl.java:openPipeline(321)) - Pipeline Pipeline[ Id: 223d1db6-d80e-4886-b4f5-86469e913c82, Nodes: 0c7828af-8fac-44b0-ab7c-baee889924d1{ip: 10.1.0.15, host: fv-az50-870.grzltbmokehuzjyc5b133kdqgh.cx.internal.cloudapp.net, ports: [REPLICATION=45663, RATIS=44817, RATIS_ADMIN=44817, RATIS_SERVER=44817, STANDALONE=38979], networkLocation: /default-rack, certSerialId: null, persistedOpState: null, persistedOpStateExpiryEpochSec: 0}541013cf-2288-4650-a5cb-617f95277836{ip: 10.1.0.15, host: fv-az50-870.grzltbmokehuzjyc5b133kdqgh.cx.internal.cloudapp.net, ports: [REPLICATION=46325, RATIS=42611, RATIS_ADMIN=42611, RATIS_SERVER=42611, STANDALONE=38347], networkLocation: /default-rack, certSerialId: null, persistedOpState: null, persistedOpStateExpiryEpochSec: 0}e8c8a659-d261-4c5d-8a2f-41b1aaadacc9{ip: 10.1.0.15, host: fv-az50-870.grzltbmokehuzjyc5b133kdqgh.cx.internal.cloudapp.net, ports: [REPLICATION=37707, RATIS=38205, RATIS_ADMIN=38205, RATIS_SERVER=38205, STANDALONE=43153], networkLocation: /default-rack, certSerialId: null, persistedOpState: null, persistedOpStateExpiryEpochSec: 0}8e96264f-9eb0-4fa6-9fb0-f6b0892d4633{ip: 10.1.0.15, host: fv-az50-870.grzltbmokehuzjyc5b133kdqgh.cx.internal.cloudapp.net, ports: [REPLICATION=44619, RATIS=37687, RATIS_ADMIN=37687, RATIS_SERVER=37687, STANDALONE=39377], networkLocation: /default-rack, certSerialId: null, persistedOpState: null, persistedOpStateExpiryEpochSec: 0}fe9480c6-0304-45ac-b1dc-5616f3c657bb{ip: 10.1.0.15, host: fv-az50-870.grzltbmokehuzjyc5b133kdqgh.cx.internal.cloudapp.net, ports: [REPLICATION=37053, RATIS=33537, RATIS_ADMIN=33537, RATIS_SERVER=33537, STANDALONE=40241], networkLocation: /default-rack, certSerialId: null, persistedOpState: null, persistedOpStateExpiryEpochSec: 0}, ReplicationConfig: EC/ECReplicationConfig{data=3, parity=2, ecChunkSize=1048576, codec=rs}, State:ALLOCATED, leaderId:, CreationTimestamp2022-04-24T04:15:21.395Z[Etc/UTC]] moved to OPEN state
]]></system-out>
  </testcase>
  <testcase name="testCreateKeyShouldUseRefreshedBucketReplicationConfig" classname="TestOzoneFileSystem" time="0.34">
    <system-out><![CDATA[2022-04-24 04:16:18,288 [Time-limited test] INFO  rpc.RpcClient (RpcClient.java:createVolume(448)) - Creating Volume: volume75543, with user31558 as owner and space quota set to -1 bytes, counts quota set to -1
2022-04-24 04:16:18,289 [IPC Server handler 19 on default port 40137] INFO  volume.OMVolumeCreateRequest (OMVolumeCreateRequest.java:validateAndUpdateCache(195)) - created volume:volume75543 for user:user31558
2022-04-24 04:16:18,294 [Time-limited test] INFO  rpc.RpcClient (RpcClient.java:createBucket(637)) - Creating Bucket: volume75543/bucket82791, with runner as owner and Versioning false and Storage Type set to DISK and Encryption set to false 
2022-04-24 04:16:18,295 [IPC Server handler 18 on default port 40137] INFO  bucket.OMBucketCreateRequest (OMBucketCreateRequest.java:validateAndUpdateCache(258)) - created bucket: bucket82791 of layout LEGACY in volume: volume75543
2022-04-24 04:16:18,348 [IPC Server handler 18 on default port 39111] INFO  pipeline.PipelineStateManagerImpl (PipelineStateManagerImpl.java:addPipeline(101)) - Created pipeline Pipeline[ Id: 4ec14bdd-5d52-4705-b9c0-8fcfb34455dc, Nodes: e43a4dc9-a00f-4e9b-92e8-7d3d6197108c{ip: 10.1.0.15, host: fv-az50-870.grzltbmokehuzjyc5b133kdqgh.cx.internal.cloudapp.net, ports: [REPLICATION=39225, RATIS=40557, RATIS_ADMIN=40557, RATIS_SERVER=40557, STANDALONE=38297], networkLocation: /default-rack, certSerialId: null, persistedOpState: null, persistedOpStateExpiryEpochSec: 0}1de514c8-4282-4370-a982-a3c391975046{ip: 10.1.0.15, host: fv-az50-870.grzltbmokehuzjyc5b133kdqgh.cx.internal.cloudapp.net, ports: [REPLICATION=43807, RATIS=35459, RATIS_ADMIN=35459, RATIS_SERVER=35459, STANDALONE=46095], networkLocation: /default-rack, certSerialId: null, persistedOpState: null, persistedOpStateExpiryEpochSec: 0}862c3159-621e-4808-8fb5-192a2fed7743{ip: 10.1.0.15, host: fv-az50-870.grzltbmokehuzjyc5b133kdqgh.cx.internal.cloudapp.net, ports: [REPLICATION=38105, RATIS=38757, RATIS_ADMIN=38757, RATIS_SERVER=38757, STANDALONE=34309], networkLocation: /default-rack, certSerialId: null, persistedOpState: null, persistedOpStateExpiryEpochSec: 0}895edd85-c017-4033-b7e9-810222bcedda{ip: 10.1.0.15, host: fv-az50-870.grzltbmokehuzjyc5b133kdqgh.cx.internal.cloudapp.net, ports: [REPLICATION=33499, RATIS=44303, RATIS_ADMIN=44303, RATIS_SERVER=44303, STANDALONE=37299], networkLocation: /default-rack, certSerialId: null, persistedOpState: null, persistedOpStateExpiryEpochSec: 0}e5466937-965b-4b6e-8204-a37ae84ad2ab{ip: 10.1.0.15, host: fv-az50-870.grzltbmokehuzjyc5b133kdqgh.cx.internal.cloudapp.net, ports: [REPLICATION=39615, RATIS=45821, RATIS_ADMIN=45821, RATIS_SERVER=45821, STANDALONE=37409], networkLocation: /default-rack, certSerialId: null, persistedOpState: null, persistedOpStateExpiryEpochSec: 0}, ReplicationConfig: EC/ECReplicationConfig{data=3, parity=2, ecChunkSize=1048576, codec=rs}, State:ALLOCATED, leaderId:, CreationTimestamp2022-04-24T04:16:18.348Z[Etc/UTC]].
2022-04-24 04:16:18,349 [IPC Server handler 18 on default port 39111] INFO  pipeline.PipelineManagerImpl (PipelineManagerImpl.java:openPipeline(321)) - Pipeline Pipeline[ Id: 4ec14bdd-5d52-4705-b9c0-8fcfb34455dc, Nodes: e43a4dc9-a00f-4e9b-92e8-7d3d6197108c{ip: 10.1.0.15, host: fv-az50-870.grzltbmokehuzjyc5b133kdqgh.cx.internal.cloudapp.net, ports: [REPLICATION=39225, RATIS=40557, RATIS_ADMIN=40557, RATIS_SERVER=40557, STANDALONE=38297], networkLocation: /default-rack, certSerialId: null, persistedOpState: null, persistedOpStateExpiryEpochSec: 0}1de514c8-4282-4370-a982-a3c391975046{ip: 10.1.0.15, host: fv-az50-870.grzltbmokehuzjyc5b133kdqgh.cx.internal.cloudapp.net, ports: [REPLICATION=43807, RATIS=35459, RATIS_ADMIN=35459, RATIS_SERVER=35459, STANDALONE=46095], networkLocation: /default-rack, certSerialId: null, persistedOpState: null, persistedOpStateExpiryEpochSec: 0}862c3159-621e-4808-8fb5-192a2fed7743{ip: 10.1.0.15, host: fv-az50-870.grzltbmokehuzjyc5b133kdqgh.cx.internal.cloudapp.net, ports: [REPLICATION=38105, RATIS=38757, RATIS_ADMIN=38757, RATIS_SERVER=38757, STANDALONE=34309], networkLocation: /default-rack, certSerialId: null, persistedOpState: null, persistedOpStateExpiryEpochSec: 0}895edd85-c017-4033-b7e9-810222bcedda{ip: 10.1.0.15, host: fv-az50-870.grzltbmokehuzjyc5b133kdqgh.cx.internal.cloudapp.net, ports: [REPLICATION=33499, RATIS=44303, RATIS_ADMIN=44303, RATIS_SERVER=44303, STANDALONE=37299], networkLocation: /default-rack, certSerialId: null, persistedOpState: null, persistedOpStateExpiryEpochSec: 0}e5466937-965b-4b6e-8204-a37ae84ad2ab{ip: 10.1.0.15, host: fv-az50-870.grzltbmokehuzjyc5b133kdqgh.cx.internal.cloudapp.net, ports: [REPLICATION=39615, RATIS=45821, RATIS_ADMIN=45821, RATIS_SERVER=45821, STANDALONE=37409], networkLocation: /default-rack, certSerialId: null, persistedOpState: null, persistedOpStateExpiryEpochSec: 0}, ReplicationConfig: EC/ECReplicationConfig{data=3, parity=2, ecChunkSize=1048576, codec=rs}, State:ALLOCATED, leaderId:, CreationTimestamp2022-04-24T04:16:18.348Z[Etc/UTC]] moved to OPEN state
2022-04-24 04:16:18,427 [IPC Server handler 13 on default port 39111] INFO  pipeline.PipelineStateManagerImpl (PipelineStateManagerImpl.java:addPipeline(101)) - Created pipeline Pipeline[ Id: 5a6868e5-66af-4339-8b2b-7c6c5eda18fd, Nodes: 895edd85-c017-4033-b7e9-810222bcedda{ip: 10.1.0.15, host: fv-az50-870.grzltbmokehuzjyc5b133kdqgh.cx.internal.cloudapp.net, ports: [REPLICATION=33499, RATIS=44303, RATIS_ADMIN=44303, RATIS_SERVER=44303, STANDALONE=37299], networkLocation: /default-rack, certSerialId: null, persistedOpState: null, persistedOpStateExpiryEpochSec: 0}e43a4dc9-a00f-4e9b-92e8-7d3d6197108c{ip: 10.1.0.15, host: fv-az50-870.grzltbmokehuzjyc5b133kdqgh.cx.internal.cloudapp.net, ports: [REPLICATION=39225, RATIS=40557, RATIS_ADMIN=40557, RATIS_SERVER=40557, STANDALONE=38297], networkLocation: /default-rack, certSerialId: null, persistedOpState: null, persistedOpStateExpiryEpochSec: 0}e5466937-965b-4b6e-8204-a37ae84ad2ab{ip: 10.1.0.15, host: fv-az50-870.grzltbmokehuzjyc5b133kdqgh.cx.internal.cloudapp.net, ports: [REPLICATION=39615, RATIS=45821, RATIS_ADMIN=45821, RATIS_SERVER=45821, STANDALONE=37409], networkLocation: /default-rack, certSerialId: null, persistedOpState: null, persistedOpStateExpiryEpochSec: 0}862c3159-621e-4808-8fb5-192a2fed7743{ip: 10.1.0.15, host: fv-az50-870.grzltbmokehuzjyc5b133kdqgh.cx.internal.cloudapp.net, ports: [REPLICATION=38105, RATIS=38757, RATIS_ADMIN=38757, RATIS_SERVER=38757, STANDALONE=34309], networkLocation: /default-rack, certSerialId: null, persistedOpState: null, persistedOpStateExpiryEpochSec: 0}1de514c8-4282-4370-a982-a3c391975046{ip: 10.1.0.15, host: fv-az50-870.grzltbmokehuzjyc5b133kdqgh.cx.internal.cloudapp.net, ports: [REPLICATION=43807, RATIS=35459, RATIS_ADMIN=35459, RATIS_SERVER=35459, STANDALONE=46095], networkLocation: /default-rack, certSerialId: null, persistedOpState: null, persistedOpStateExpiryEpochSec: 0}, ReplicationConfig: EC/ECReplicationConfig{data=3, parity=2, ecChunkSize=1048576, codec=rs}, State:ALLOCATED, leaderId:, CreationTimestamp2022-04-24T04:16:18.427Z[Etc/UTC]].
2022-04-24 04:16:18,429 [IPC Server handler 13 on default port 39111] INFO  pipeline.PipelineManagerImpl (PipelineManagerImpl.java:openPipeline(321)) - Pipeline Pipeline[ Id: 5a6868e5-66af-4339-8b2b-7c6c5eda18fd, Nodes: 895edd85-c017-4033-b7e9-810222bcedda{ip: 10.1.0.15, host: fv-az50-870.grzltbmokehuzjyc5b133kdqgh.cx.internal.cloudapp.net, ports: [REPLICATION=33499, RATIS=44303, RATIS_ADMIN=44303, RATIS_SERVER=44303, STANDALONE=37299], networkLocation: /default-rack, certSerialId: null, persistedOpState: null, persistedOpStateExpiryEpochSec: 0}e43a4dc9-a00f-4e9b-92e8-7d3d6197108c{ip: 10.1.0.15, host: fv-az50-870.grzltbmokehuzjyc5b133kdqgh.cx.internal.cloudapp.net, ports: [REPLICATION=39225, RATIS=40557, RATIS_ADMIN=40557, RATIS_SERVER=40557, STANDALONE=38297], networkLocation: /default-rack, certSerialId: null, persistedOpState: null, persistedOpStateExpiryEpochSec: 0}e5466937-965b-4b6e-8204-a37ae84ad2ab{ip: 10.1.0.15, host: fv-az50-870.grzltbmokehuzjyc5b133kdqgh.cx.internal.cloudapp.net, ports: [REPLICATION=39615, RATIS=45821, RATIS_ADMIN=45821, RATIS_SERVER=45821, STANDALONE=37409], networkLocation: /default-rack, certSerialId: null, persistedOpState: null, persistedOpStateExpiryEpochSec: 0}862c3159-621e-4808-8fb5-192a2fed7743{ip: 10.1.0.15, host: fv-az50-870.grzltbmokehuzjyc5b133kdqgh.cx.internal.cloudapp.net, ports: [REPLICATION=38105, RATIS=38757, RATIS_ADMIN=38757, RATIS_SERVER=38757, STANDALONE=34309], networkLocation: /default-rack, certSerialId: null, persistedOpState: null, persistedOpStateExpiryEpochSec: 0}1de514c8-4282-4370-a982-a3c391975046{ip: 10.1.0.15, host: fv-az50-870.grzltbmokehuzjyc5b133kdqgh.cx.internal.cloudapp.net, ports: [REPLICATION=43807, RATIS=35459, RATIS_ADMIN=35459, RATIS_SERVER=35459, STANDALONE=46095], networkLocation: /default-rack, certSerialId: null, persistedOpState: null, persistedOpStateExpiryEpochSec: 0}, ReplicationConfig: EC/ECReplicationConfig{data=3, parity=2, ecChunkSize=1048576, codec=rs}, State:ALLOCATED, leaderId:, CreationTimestamp2022-04-24T04:16:18.427Z[Etc/UTC]] moved to OPEN state
04:16:18.475 [IPC Server handler 1 on default port 40137] ERROR OMAudit - user=runner | ip=127.0.0.1 | op=GET_FILE_STATUS {volume=volume25603, bucket=bucket32835, key=.Trash, dataSize=0, replicationConfig=null} | ret=FAILURE
org.apache.hadoop.ozone.om.exceptions.OMException: Unable to get file status: volume: volume25603 bucket: bucket32835 key: .Trash
	at org.apache.hadoop.ozone.om.KeyManagerImpl.getOzoneFileStatus(KeyManagerImpl.java:1280) ~[ozone-manager-1.3.0-SNAPSHOT.jar:?]
	at org.apache.hadoop.ozone.om.KeyManagerImpl.getFileStatus(KeyManagerImpl.java:1210) ~[ozone-manager-1.3.0-SNAPSHOT.jar:?]
	at org.apache.hadoop.ozone.om.OzoneManager.getFileStatus(OzoneManager.java:3009) ~[ozone-manager-1.3.0-SNAPSHOT.jar:?]
	at org.apache.hadoop.ozone.protocolPB.OzoneManagerRequestHandler.getOzoneFileStatus(OzoneManagerRequestHandler.java:670) ~[ozone-manager-1.3.0-SNAPSHOT.jar:?]
	at org.apache.hadoop.ozone.protocolPB.OzoneManagerRequestHandler.handleReadRequest(OzoneManagerRequestHandler.java:201) ~[ozone-manager-1.3.0-SNAPSHOT.jar:?]
	at org.apache.hadoop.ozone.protocolPB.OzoneManagerProtocolServerSideTranslatorPB.submitRequestDirectlyToOM(OzoneManagerProtocolServerSideTranslatorPB.java:271) ~[ozone-manager-1.3.0-SNAPSHOT.jar:?]
	at org.apache.hadoop.ozone.protocolPB.OzoneManagerProtocolServerSideTranslatorPB.processRequest(OzoneManagerProtocolServerSideTranslatorPB.java:195) ~[ozone-manager-1.3.0-SNAPSHOT.jar:?]
	at org.apache.hadoop.hdds.server.OzoneProtocolMessageDispatcher.processRequest(OzoneProtocolMessageDispatcher.java:87) [hdds-server-framework-1.3.0-SNAPSHOT.jar:?]
	at org.apache.hadoop.ozone.protocolPB.OzoneManagerProtocolServerSideTranslatorPB.submitRequest(OzoneManagerProtocolServerSideTranslatorPB.java:146) [ozone-manager-1.3.0-SNAPSHOT.jar:?]
	at org.apache.hadoop.ozone.protocol.proto.OzoneManagerProtocolProtos$OzoneManagerService$2.callBlockingMethod(OzoneManagerProtocolProtos.java) [ozone-interface-client-1.3.0-SNAPSHOT.jar:?]
	at org.apache.hadoop.ipc.ProtobufRpcEngine$Server.processCall(ProtobufRpcEngine.java:466) [hadoop-common-3.3.1.jar:?]
	at org.apache.hadoop.ipc.ProtobufRpcEngine2$Server$ProtoBufRpcInvoker.call(ProtobufRpcEngine2.java:574) [hadoop-common-3.3.1.jar:?]
	at org.apache.hadoop.ipc.ProtobufRpcEngine2$Server$ProtoBufRpcInvoker.call(ProtobufRpcEngine2.java:552) [hadoop-common-3.3.1.jar:?]
	at org.apache.hadoop.ipc.RPC$Server.call(RPC.java:1093) [hadoop-common-3.3.1.jar:?]
	at org.apache.hadoop.ipc.Server$RpcCall.run(Server.java:1035) [hadoop-common-3.3.1.jar:?]
	at org.apache.hadoop.ipc.Server$RpcCall.run(Server.java:963) [hadoop-common-3.3.1.jar:?]
	at java.security.AccessController.doPrivileged(Native Method) ~[?:1.8.0_322]
	at javax.security.auth.Subject.doAs(Subject.java:422) [?:1.8.0_322]
	at org.apache.hadoop.security.UserGroupInformation.doAs(UserGroupInformation.java:1878) [hadoop-common-3.3.1.jar:?]
	at org.apache.hadoop.ipc.Server$Handler.run(Server.java:2966) [hadoop-common-3.3.1.jar:?]
2022-04-24 04:16:18,475 [Time-limited test] WARN  ozone.BasicOzoneFileSystem (BasicOzoneFileSystem.java:delete(530)) - delete: Path does not exist: o3fs://bucket32835.volume25603/.Trash
]]></system-out>
  </testcase>
  <testcase name="testCreateKeyShouldUseRefreshedBucketReplicationConfig" classname="TestOzoneFileSystem" time="0.48">
    <system-out><![CDATA[2022-04-24 04:17:25,639 [Time-limited test] INFO  rpc.RpcClient (RpcClient.java:createVolume(448)) - Creating Volume: volume92850, with user00845 as owner and space quota set to -1 bytes, counts quota set to -1
2022-04-24 04:17:25,641 [OM StateMachine ApplyTransaction Thread - 0] INFO  volume.OMVolumeCreateRequest (OMVolumeCreateRequest.java:validateAndUpdateCache(195)) - created volume:volume92850 for user:user00845
2022-04-24 04:17:25,654 [Time-limited test] INFO  rpc.RpcClient (RpcClient.java:createBucket(637)) - Creating Bucket: volume92850/bucket88881, with runner as owner and Versioning false and Storage Type set to DISK and Encryption set to false 
2022-04-24 04:17:25,658 [OM StateMachine ApplyTransaction Thread - 0] INFO  bucket.OMBucketCreateRequest (OMBucketCreateRequest.java:validateAndUpdateCache(258)) - created bucket: bucket88881 of layout LEGACY in volume: volume92850
2022-04-24 04:17:25,821 [IPC Server handler 11 on default port 40493] INFO  pipeline.PipelineStateManagerImpl (PipelineStateManagerImpl.java:addPipeline(101)) - Created pipeline Pipeline[ Id: 1ccf16a3-5790-44d3-b390-6d1bd975b68b, Nodes: 54e7648f-2930-4d31-a354-11192bb944d6{ip: 10.1.0.15, host: fv-az50-870.grzltbmokehuzjyc5b133kdqgh.cx.internal.cloudapp.net, ports: [REPLICATION=41293, RATIS=36625, RATIS_ADMIN=36625, RATIS_SERVER=36625, STANDALONE=41343], networkLocation: /default-rack, certSerialId: null, persistedOpState: null, persistedOpStateExpiryEpochSec: 0}e1740749-fe91-487e-b92b-84770da375d0{ip: 10.1.0.15, host: fv-az50-870.grzltbmokehuzjyc5b133kdqgh.cx.internal.cloudapp.net, ports: [REPLICATION=38359, RATIS=38503, RATIS_ADMIN=38503, RATIS_SERVER=38503, STANDALONE=46271], networkLocation: /default-rack, certSerialId: null, persistedOpState: null, persistedOpStateExpiryEpochSec: 0}07194f3d-c9eb-4893-9cab-c457c5e8e7cf{ip: 10.1.0.15, host: fv-az50-870.grzltbmokehuzjyc5b133kdqgh.cx.internal.cloudapp.net, ports: [REPLICATION=34863, RATIS=38719, RATIS_ADMIN=38719, RATIS_SERVER=38719, STANDALONE=36679], networkLocation: /default-rack, certSerialId: null, persistedOpState: null, persistedOpStateExpiryEpochSec: 0}17cdb9c6-36ab-42af-b35d-3948633e5a03{ip: 10.1.0.15, host: fv-az50-870.grzltbmokehuzjyc5b133kdqgh.cx.internal.cloudapp.net, ports: [REPLICATION=40429, RATIS=34029, RATIS_ADMIN=34029, RATIS_SERVER=34029, STANDALONE=45695], networkLocation: /default-rack, certSerialId: null, persistedOpState: null, persistedOpStateExpiryEpochSec: 0}bffb6770-0dea-4a47-b7e7-380b8a6a8c28{ip: 10.1.0.15, host: fv-az50-870.grzltbmokehuzjyc5b133kdqgh.cx.internal.cloudapp.net, ports: [REPLICATION=33777, RATIS=37891, RATIS_ADMIN=37891, RATIS_SERVER=37891, STANDALONE=36533], networkLocation: /default-rack, certSerialId: null, persistedOpState: null, persistedOpStateExpiryEpochSec: 0}, ReplicationConfig: EC/ECReplicationConfig{data=3, parity=2, ecChunkSize=1048576, codec=rs}, State:ALLOCATED, leaderId:, CreationTimestamp2022-04-24T04:17:25.821Z[Etc/UTC]].
2022-04-24 04:17:25,822 [IPC Server handler 11 on default port 40493] INFO  pipeline.PipelineManagerImpl (PipelineManagerImpl.java:openPipeline(321)) - Pipeline Pipeline[ Id: 1ccf16a3-5790-44d3-b390-6d1bd975b68b, Nodes: 54e7648f-2930-4d31-a354-11192bb944d6{ip: 10.1.0.15, host: fv-az50-870.grzltbmokehuzjyc5b133kdqgh.cx.internal.cloudapp.net, ports: [REPLICATION=41293, RATIS=36625, RATIS_ADMIN=36625, RATIS_SERVER=36625, STANDALONE=41343], networkLocation: /default-rack, certSerialId: null, persistedOpState: null, persistedOpStateExpiryEpochSec: 0}e1740749-fe91-487e-b92b-84770da375d0{ip: 10.1.0.15, host: fv-az50-870.grzltbmokehuzjyc5b133kdqgh.cx.internal.cloudapp.net, ports: [REPLICATION=38359, RATIS=38503, RATIS_ADMIN=38503, RATIS_SERVER=38503, STANDALONE=46271], networkLocation: /default-rack, certSerialId: null, persistedOpState: null, persistedOpStateExpiryEpochSec: 0}07194f3d-c9eb-4893-9cab-c457c5e8e7cf{ip: 10.1.0.15, host: fv-az50-870.grzltbmokehuzjyc5b133kdqgh.cx.internal.cloudapp.net, ports: [REPLICATION=34863, RATIS=38719, RATIS_ADMIN=38719, RATIS_SERVER=38719, STANDALONE=36679], networkLocation: /default-rack, certSerialId: null, persistedOpState: null, persistedOpStateExpiryEpochSec: 0}17cdb9c6-36ab-42af-b35d-3948633e5a03{ip: 10.1.0.15, host: fv-az50-870.grzltbmokehuzjyc5b133kdqgh.cx.internal.cloudapp.net, ports: [REPLICATION=40429, RATIS=34029, RATIS_ADMIN=34029, RATIS_SERVER=34029, STANDALONE=45695], networkLocation: /default-rack, certSerialId: null, persistedOpState: null, persistedOpStateExpiryEpochSec: 0}bffb6770-0dea-4a47-b7e7-380b8a6a8c28{ip: 10.1.0.15, host: fv-az50-870.grzltbmokehuzjyc5b133kdqgh.cx.internal.cloudapp.net, ports: [REPLICATION=33777, RATIS=37891, RATIS_ADMIN=37891, RATIS_SERVER=37891, STANDALONE=36533], networkLocation: /default-rack, certSerialId: null, persistedOpState: null, persistedOpStateExpiryEpochSec: 0}, ReplicationConfig: EC/ECReplicationConfig{data=3, parity=2, ecChunkSize=1048576, codec=rs}, State:ALLOCATED, leaderId:, CreationTimestamp2022-04-24T04:17:25.821Z[Etc/UTC]] moved to OPEN state
2022-04-24 04:17:25,931 [IPC Server handler 17 on default port 40493] INFO  pipeline.PipelineStateManagerImpl (PipelineStateManagerImpl.java:addPipeline(101)) - Created pipeline Pipeline[ Id: bce2ff60-4a03-47e4-a65a-1beb90276bca, Nodes: bffb6770-0dea-4a47-b7e7-380b8a6a8c28{ip: 10.1.0.15, host: fv-az50-870.grzltbmokehuzjyc5b133kdqgh.cx.internal.cloudapp.net, ports: [REPLICATION=33777, RATIS=37891, RATIS_ADMIN=37891, RATIS_SERVER=37891, STANDALONE=36533], networkLocation: /default-rack, certSerialId: null, persistedOpState: null, persistedOpStateExpiryEpochSec: 0}07194f3d-c9eb-4893-9cab-c457c5e8e7cf{ip: 10.1.0.15, host: fv-az50-870.grzltbmokehuzjyc5b133kdqgh.cx.internal.cloudapp.net, ports: [REPLICATION=34863, RATIS=38719, RATIS_ADMIN=38719, RATIS_SERVER=38719, STANDALONE=36679], networkLocation: /default-rack, certSerialId: null, persistedOpState: null, persistedOpStateExpiryEpochSec: 0}54e7648f-2930-4d31-a354-11192bb944d6{ip: 10.1.0.15, host: fv-az50-870.grzltbmokehuzjyc5b133kdqgh.cx.internal.cloudapp.net, ports: [REPLICATION=41293, RATIS=36625, RATIS_ADMIN=36625, RATIS_SERVER=36625, STANDALONE=41343], networkLocation: /default-rack, certSerialId: null, persistedOpState: null, persistedOpStateExpiryEpochSec: 0}17cdb9c6-36ab-42af-b35d-3948633e5a03{ip: 10.1.0.15, host: fv-az50-870.grzltbmokehuzjyc5b133kdqgh.cx.internal.cloudapp.net, ports: [REPLICATION=40429, RATIS=34029, RATIS_ADMIN=34029, RATIS_SERVER=34029, STANDALONE=45695], networkLocation: /default-rack, certSerialId: null, persistedOpState: null, persistedOpStateExpiryEpochSec: 0}e1740749-fe91-487e-b92b-84770da375d0{ip: 10.1.0.15, host: fv-az50-870.grzltbmokehuzjyc5b133kdqgh.cx.internal.cloudapp.net, ports: [REPLICATION=38359, RATIS=38503, RATIS_ADMIN=38503, RATIS_SERVER=38503, STANDALONE=46271], networkLocation: /default-rack, certSerialId: null, persistedOpState: null, persistedOpStateExpiryEpochSec: 0}, ReplicationConfig: EC/ECReplicationConfig{data=3, parity=2, ecChunkSize=1048576, codec=rs}, State:ALLOCATED, leaderId:, CreationTimestamp2022-04-24T04:17:25.931Z[Etc/UTC]].
2022-04-24 04:17:25,950 [IPC Server handler 17 on default port 40493] INFO  pipeline.PipelineManagerImpl (PipelineManagerImpl.java:openPipeline(321)) - Pipeline Pipeline[ Id: bce2ff60-4a03-47e4-a65a-1beb90276bca, Nodes: bffb6770-0dea-4a47-b7e7-380b8a6a8c28{ip: 10.1.0.15, host: fv-az50-870.grzltbmokehuzjyc5b133kdqgh.cx.internal.cloudapp.net, ports: [REPLICATION=33777, RATIS=37891, RATIS_ADMIN=37891, RATIS_SERVER=37891, STANDALONE=36533], networkLocation: /default-rack, certSerialId: null, persistedOpState: null, persistedOpStateExpiryEpochSec: 0}07194f3d-c9eb-4893-9cab-c457c5e8e7cf{ip: 10.1.0.15, host: fv-az50-870.grzltbmokehuzjyc5b133kdqgh.cx.internal.cloudapp.net, ports: [REPLICATION=34863, RATIS=38719, RATIS_ADMIN=38719, RATIS_SERVER=38719, STANDALONE=36679], networkLocation: /default-rack, certSerialId: null, persistedOpState: null, persistedOpStateExpiryEpochSec: 0}54e7648f-2930-4d31-a354-11192bb944d6{ip: 10.1.0.15, host: fv-az50-870.grzltbmokehuzjyc5b133kdqgh.cx.internal.cloudapp.net, ports: [REPLICATION=41293, RATIS=36625, RATIS_ADMIN=36625, RATIS_SERVER=36625, STANDALONE=41343], networkLocation: /default-rack, certSerialId: null, persistedOpState: null, persistedOpStateExpiryEpochSec: 0}17cdb9c6-36ab-42af-b35d-3948633e5a03{ip: 10.1.0.15, host: fv-az50-870.grzltbmokehuzjyc5b133kdqgh.cx.internal.cloudapp.net, ports: [REPLICATION=40429, RATIS=34029, RATIS_ADMIN=34029, RATIS_SERVER=34029, STANDALONE=45695], networkLocation: /default-rack, certSerialId: null, persistedOpState: null, persistedOpStateExpiryEpochSec: 0}e1740749-fe91-487e-b92b-84770da375d0{ip: 10.1.0.15, host: fv-az50-870.grzltbmokehuzjyc5b133kdqgh.cx.internal.cloudapp.net, ports: [REPLICATION=38359, RATIS=38503, RATIS_ADMIN=38503, RATIS_SERVER=38503, STANDALONE=46271], networkLocation: /default-rack, certSerialId: null, persistedOpState: null, persistedOpStateExpiryEpochSec: 0}, ReplicationConfig: EC/ECReplicationConfig{data=3, parity=2, ecChunkSize=1048576, codec=rs}, State:ALLOCATED, leaderId:, CreationTimestamp2022-04-24T04:17:25.931Z[Etc/UTC]] moved to OPEN state
]]></system-out>
  </testcase>
  <testcase name="testCreateKeyShouldUseRefreshedBucketReplicationConfig" classname="TestOzoneFileSystem" time="0.496">
    <system-out><![CDATA[2022-04-24 04:18:38,091 [Time-limited test] INFO  rpc.RpcClient (RpcClient.java:createVolume(448)) - Creating Volume: volume65972, with user11566 as owner and space quota set to -1 bytes, counts quota set to -1
2022-04-24 04:18:38,092 [IPC Server handler 1 on default port 37371] INFO  volume.OMVolumeCreateRequest (OMVolumeCreateRequest.java:validateAndUpdateCache(195)) - created volume:volume65972 for user:user11566
2022-04-24 04:18:38,134 [Time-limited test] INFO  rpc.RpcClient (RpcClient.java:createBucket(637)) - Creating Bucket: volume65972/bucket73621, with runner as owner and Versioning false and Storage Type set to DISK and Encryption set to false 
2022-04-24 04:18:38,135 [IPC Server handler 0 on default port 37371] INFO  bucket.OMBucketCreateRequest (OMBucketCreateRequest.java:validateAndUpdateCache(258)) - created bucket: bucket73621 of layout LEGACY in volume: volume65972
2022-04-24 04:18:38,260 [IPC Server handler 5 on default port 33759] INFO  pipeline.PipelineStateManagerImpl (PipelineStateManagerImpl.java:addPipeline(101)) - Created pipeline Pipeline[ Id: 6ff3817b-4bc2-47e0-b41b-37e6ada66488, Nodes: d419d700-ddf7-43da-8a6c-bfb8eedae9d7{ip: 10.1.0.15, host: fv-az50-870.grzltbmokehuzjyc5b133kdqgh.cx.internal.cloudapp.net, ports: [REPLICATION=42317, RATIS=39835, RATIS_ADMIN=39835, RATIS_SERVER=39835, STANDALONE=44977], networkLocation: /default-rack, certSerialId: null, persistedOpState: null, persistedOpStateExpiryEpochSec: 0}3c8f196b-f336-4cca-b7e0-24f945f171e6{ip: 10.1.0.15, host: fv-az50-870.grzltbmokehuzjyc5b133kdqgh.cx.internal.cloudapp.net, ports: [REPLICATION=38659, RATIS=39931, RATIS_ADMIN=39931, RATIS_SERVER=39931, STANDALONE=33573], networkLocation: /default-rack, certSerialId: null, persistedOpState: null, persistedOpStateExpiryEpochSec: 0}9d71fcab-e36c-460d-857b-bb54f2584166{ip: 10.1.0.15, host: fv-az50-870.grzltbmokehuzjyc5b133kdqgh.cx.internal.cloudapp.net, ports: [REPLICATION=36445, RATIS=37105, RATIS_ADMIN=37105, RATIS_SERVER=37105, STANDALONE=43633], networkLocation: /default-rack, certSerialId: null, persistedOpState: null, persistedOpStateExpiryEpochSec: 0}438da751-ffe1-4787-af39-168936e85d29{ip: 10.1.0.15, host: fv-az50-870.grzltbmokehuzjyc5b133kdqgh.cx.internal.cloudapp.net, ports: [REPLICATION=40473, RATIS=45355, RATIS_ADMIN=45355, RATIS_SERVER=45355, STANDALONE=38113], networkLocation: /default-rack, certSerialId: null, persistedOpState: null, persistedOpStateExpiryEpochSec: 0}91aa9fd6-1503-4ed0-96fb-fc9682767c9f{ip: 10.1.0.15, host: fv-az50-870.grzltbmokehuzjyc5b133kdqgh.cx.internal.cloudapp.net, ports: [REPLICATION=40509, RATIS=33579, RATIS_ADMIN=33579, RATIS_SERVER=33579, STANDALONE=38559], networkLocation: /default-rack, certSerialId: null, persistedOpState: null, persistedOpStateExpiryEpochSec: 0}, ReplicationConfig: EC/ECReplicationConfig{data=3, parity=2, ecChunkSize=1048576, codec=rs}, State:ALLOCATED, leaderId:, CreationTimestamp2022-04-24T04:18:38.260Z[Etc/UTC]].
2022-04-24 04:18:38,261 [IPC Server handler 5 on default port 33759] INFO  pipeline.PipelineManagerImpl (PipelineManagerImpl.java:openPipeline(321)) - Pipeline Pipeline[ Id: 6ff3817b-4bc2-47e0-b41b-37e6ada66488, Nodes: d419d700-ddf7-43da-8a6c-bfb8eedae9d7{ip: 10.1.0.15, host: fv-az50-870.grzltbmokehuzjyc5b133kdqgh.cx.internal.cloudapp.net, ports: [REPLICATION=42317, RATIS=39835, RATIS_ADMIN=39835, RATIS_SERVER=39835, STANDALONE=44977], networkLocation: /default-rack, certSerialId: null, persistedOpState: null, persistedOpStateExpiryEpochSec: 0}3c8f196b-f336-4cca-b7e0-24f945f171e6{ip: 10.1.0.15, host: fv-az50-870.grzltbmokehuzjyc5b133kdqgh.cx.internal.cloudapp.net, ports: [REPLICATION=38659, RATIS=39931, RATIS_ADMIN=39931, RATIS_SERVER=39931, STANDALONE=33573], networkLocation: /default-rack, certSerialId: null, persistedOpState: null, persistedOpStateExpiryEpochSec: 0}9d71fcab-e36c-460d-857b-bb54f2584166{ip: 10.1.0.15, host: fv-az50-870.grzltbmokehuzjyc5b133kdqgh.cx.internal.cloudapp.net, ports: [REPLICATION=36445, RATIS=37105, RATIS_ADMIN=37105, RATIS_SERVER=37105, STANDALONE=43633], networkLocation: /default-rack, certSerialId: null, persistedOpState: null, persistedOpStateExpiryEpochSec: 0}438da751-ffe1-4787-af39-168936e85d29{ip: 10.1.0.15, host: fv-az50-870.grzltbmokehuzjyc5b133kdqgh.cx.internal.cloudapp.net, ports: [REPLICATION=40473, RATIS=45355, RATIS_ADMIN=45355, RATIS_SERVER=45355, STANDALONE=38113], networkLocation: /default-rack, certSerialId: null, persistedOpState: null, persistedOpStateExpiryEpochSec: 0}91aa9fd6-1503-4ed0-96fb-fc9682767c9f{ip: 10.1.0.15, host: fv-az50-870.grzltbmokehuzjyc5b133kdqgh.cx.internal.cloudapp.net, ports: [REPLICATION=40509, RATIS=33579, RATIS_ADMIN=33579, RATIS_SERVER=33579, STANDALONE=38559], networkLocation: /default-rack, certSerialId: null, persistedOpState: null, persistedOpStateExpiryEpochSec: 0}, ReplicationConfig: EC/ECReplicationConfig{data=3, parity=2, ecChunkSize=1048576, codec=rs}, State:ALLOCATED, leaderId:, CreationTimestamp2022-04-24T04:18:38.260Z[Etc/UTC]] moved to OPEN state
2022-04-24 04:18:38,350 [IPC Server handler 19 on default port 33759] INFO  pipeline.PipelineStateManagerImpl (PipelineStateManagerImpl.java:addPipeline(101)) - Created pipeline Pipeline[ Id: cb80b4fb-c7e9-476d-b99f-1cd28e4c35e4, Nodes: 438da751-ffe1-4787-af39-168936e85d29{ip: 10.1.0.15, host: fv-az50-870.grzltbmokehuzjyc5b133kdqgh.cx.internal.cloudapp.net, ports: [REPLICATION=40473, RATIS=45355, RATIS_ADMIN=45355, RATIS_SERVER=45355, STANDALONE=38113], networkLocation: /default-rack, certSerialId: null, persistedOpState: null, persistedOpStateExpiryEpochSec: 0}9d71fcab-e36c-460d-857b-bb54f2584166{ip: 10.1.0.15, host: fv-az50-870.grzltbmokehuzjyc5b133kdqgh.cx.internal.cloudapp.net, ports: [REPLICATION=36445, RATIS=37105, RATIS_ADMIN=37105, RATIS_SERVER=37105, STANDALONE=43633], networkLocation: /default-rack, certSerialId: null, persistedOpState: null, persistedOpStateExpiryEpochSec: 0}3c8f196b-f336-4cca-b7e0-24f945f171e6{ip: 10.1.0.15, host: fv-az50-870.grzltbmokehuzjyc5b133kdqgh.cx.internal.cloudapp.net, ports: [REPLICATION=38659, RATIS=39931, RATIS_ADMIN=39931, RATIS_SERVER=39931, STANDALONE=33573], networkLocation: /default-rack, certSerialId: null, persistedOpState: null, persistedOpStateExpiryEpochSec: 0}d419d700-ddf7-43da-8a6c-bfb8eedae9d7{ip: 10.1.0.15, host: fv-az50-870.grzltbmokehuzjyc5b133kdqgh.cx.internal.cloudapp.net, ports: [REPLICATION=42317, RATIS=39835, RATIS_ADMIN=39835, RATIS_SERVER=39835, STANDALONE=44977], networkLocation: /default-rack, certSerialId: null, persistedOpState: null, persistedOpStateExpiryEpochSec: 0}91aa9fd6-1503-4ed0-96fb-fc9682767c9f{ip: 10.1.0.15, host: fv-az50-870.grzltbmokehuzjyc5b133kdqgh.cx.internal.cloudapp.net, ports: [REPLICATION=40509, RATIS=33579, RATIS_ADMIN=33579, RATIS_SERVER=33579, STANDALONE=38559], networkLocation: /default-rack, certSerialId: null, persistedOpState: null, persistedOpStateExpiryEpochSec: 0}, ReplicationConfig: EC/ECReplicationConfig{data=3, parity=2, ecChunkSize=1048576, codec=rs}, State:ALLOCATED, leaderId:, CreationTimestamp2022-04-24T04:18:38.350Z[Etc/UTC]].
2022-04-24 04:18:38,352 [IPC Server handler 19 on default port 33759] INFO  pipeline.PipelineManagerImpl (PipelineManagerImpl.java:openPipeline(321)) - Pipeline Pipeline[ Id: cb80b4fb-c7e9-476d-b99f-1cd28e4c35e4, Nodes: 438da751-ffe1-4787-af39-168936e85d29{ip: 10.1.0.15, host: fv-az50-870.grzltbmokehuzjyc5b133kdqgh.cx.internal.cloudapp.net, ports: [REPLICATION=40473, RATIS=45355, RATIS_ADMIN=45355, RATIS_SERVER=45355, STANDALONE=38113], networkLocation: /default-rack, certSerialId: null, persistedOpState: null, persistedOpStateExpiryEpochSec: 0}9d71fcab-e36c-460d-857b-bb54f2584166{ip: 10.1.0.15, host: fv-az50-870.grzltbmokehuzjyc5b133kdqgh.cx.internal.cloudapp.net, ports: [REPLICATION=36445, RATIS=37105, RATIS_ADMIN=37105, RATIS_SERVER=37105, STANDALONE=43633], networkLocation: /default-rack, certSerialId: null, persistedOpState: null, persistedOpStateExpiryEpochSec: 0}3c8f196b-f336-4cca-b7e0-24f945f171e6{ip: 10.1.0.15, host: fv-az50-870.grzltbmokehuzjyc5b133kdqgh.cx.internal.cloudapp.net, ports: [REPLICATION=38659, RATIS=39931, RATIS_ADMIN=39931, RATIS_SERVER=39931, STANDALONE=33573], networkLocation: /default-rack, certSerialId: null, persistedOpState: null, persistedOpStateExpiryEpochSec: 0}d419d700-ddf7-43da-8a6c-bfb8eedae9d7{ip: 10.1.0.15, host: fv-az50-870.grzltbmokehuzjyc5b133kdqgh.cx.internal.cloudapp.net, ports: [REPLICATION=42317, RATIS=39835, RATIS_ADMIN=39835, RATIS_SERVER=39835, STANDALONE=44977], networkLocation: /default-rack, certSerialId: null, persistedOpState: null, persistedOpStateExpiryEpochSec: 0}91aa9fd6-1503-4ed0-96fb-fc9682767c9f{ip: 10.1.0.15, host: fv-az50-870.grzltbmokehuzjyc5b133kdqgh.cx.internal.cloudapp.net, ports: [REPLICATION=40509, RATIS=33579, RATIS_ADMIN=33579, RATIS_SERVER=33579, STANDALONE=38559], networkLocation: /default-rack, certSerialId: null, persistedOpState: null, persistedOpStateExpiryEpochSec: 0}, ReplicationConfig: EC/ECReplicationConfig{data=3, parity=2, ecChunkSize=1048576, codec=rs}, State:ALLOCATED, leaderId:, CreationTimestamp2022-04-24T04:18:38.350Z[Etc/UTC]] moved to OPEN state
]]></system-out>
  </testcase>
  <testcase name="testRenameDirToFile" classname="TestOzoneFileSystem" time="0.027">
    <system-out><![CDATA[2022-04-24 04:15:21,461 [Time-limited test] WARN  ozone.BasicOzoneFileSystem (BasicOzoneFileSystem.java:rename(394)) - Failed to rename o3fs://bucket21072.volume87548/a/b/c to o3fs://bucket21072.volume87548/root/file1, file already exists!
]]></system-out>
  </testcase>
  <testcase name="testRenameDirToFile" classname="TestOzoneFileSystem" time="0.026">
    <system-out><![CDATA[2022-04-24 04:16:18,508 [Time-limited test] WARN  ozone.BasicOzoneFileSystem (BasicOzoneFileSystem.java:rename(394)) - Failed to rename o3fs://bucket32835.volume25603/a/b/c to o3fs://bucket32835.volume25603/root/file1, file already exists!
04:16:18.510 [IPC Server handler 9 on default port 40137] ERROR OMAudit - user=runner | ip=127.0.0.1 | op=GET_FILE_STATUS {volume=volume25603, bucket=bucket32835, key=.Trash, dataSize=0, replicationConfig=null} | ret=FAILURE
org.apache.hadoop.ozone.om.exceptions.OMException: Unable to get file status: volume: volume25603 bucket: bucket32835 key: .Trash
	at org.apache.hadoop.ozone.om.KeyManagerImpl.getOzoneFileStatus(KeyManagerImpl.java:1280) ~[ozone-manager-1.3.0-SNAPSHOT.jar:?]
	at org.apache.hadoop.ozone.om.KeyManagerImpl.getFileStatus(KeyManagerImpl.java:1210) ~[ozone-manager-1.3.0-SNAPSHOT.jar:?]
	at org.apache.hadoop.ozone.om.OzoneManager.getFileStatus(OzoneManager.java:3009) ~[ozone-manager-1.3.0-SNAPSHOT.jar:?]
	at org.apache.hadoop.ozone.protocolPB.OzoneManagerRequestHandler.getOzoneFileStatus(OzoneManagerRequestHandler.java:670) ~[ozone-manager-1.3.0-SNAPSHOT.jar:?]
	at org.apache.hadoop.ozone.protocolPB.OzoneManagerRequestHandler.handleReadRequest(OzoneManagerRequestHandler.java:201) ~[ozone-manager-1.3.0-SNAPSHOT.jar:?]
	at org.apache.hadoop.ozone.protocolPB.OzoneManagerProtocolServerSideTranslatorPB.submitRequestDirectlyToOM(OzoneManagerProtocolServerSideTranslatorPB.java:271) ~[ozone-manager-1.3.0-SNAPSHOT.jar:?]
	at org.apache.hadoop.ozone.protocolPB.OzoneManagerProtocolServerSideTranslatorPB.processRequest(OzoneManagerProtocolServerSideTranslatorPB.java:195) ~[ozone-manager-1.3.0-SNAPSHOT.jar:?]
	at org.apache.hadoop.hdds.server.OzoneProtocolMessageDispatcher.processRequest(OzoneProtocolMessageDispatcher.java:87) [hdds-server-framework-1.3.0-SNAPSHOT.jar:?]
	at org.apache.hadoop.ozone.protocolPB.OzoneManagerProtocolServerSideTranslatorPB.submitRequest(OzoneManagerProtocolServerSideTranslatorPB.java:146) [ozone-manager-1.3.0-SNAPSHOT.jar:?]
	at org.apache.hadoop.ozone.protocol.proto.OzoneManagerProtocolProtos$OzoneManagerService$2.callBlockingMethod(OzoneManagerProtocolProtos.java) [ozone-interface-client-1.3.0-SNAPSHOT.jar:?]
	at org.apache.hadoop.ipc.ProtobufRpcEngine$Server.processCall(ProtobufRpcEngine.java:466) [hadoop-common-3.3.1.jar:?]
	at org.apache.hadoop.ipc.ProtobufRpcEngine2$Server$ProtoBufRpcInvoker.call(ProtobufRpcEngine2.java:574) [hadoop-common-3.3.1.jar:?]
	at org.apache.hadoop.ipc.ProtobufRpcEngine2$Server$ProtoBufRpcInvoker.call(ProtobufRpcEngine2.java:552) [hadoop-common-3.3.1.jar:?]
	at org.apache.hadoop.ipc.RPC$Server.call(RPC.java:1093) [hadoop-common-3.3.1.jar:?]
	at org.apache.hadoop.ipc.Server$RpcCall.run(Server.java:1035) [hadoop-common-3.3.1.jar:?]
	at org.apache.hadoop.ipc.Server$RpcCall.run(Server.java:963) [hadoop-common-3.3.1.jar:?]
	at java.security.AccessController.doPrivileged(Native Method) ~[?:1.8.0_322]
	at javax.security.auth.Subject.doAs(Subject.java:422) [?:1.8.0_322]
	at org.apache.hadoop.security.UserGroupInformation.doAs(UserGroupInformation.java:1878) [hadoop-common-3.3.1.jar:?]
	at org.apache.hadoop.ipc.Server$Handler.run(Server.java:2966) [hadoop-common-3.3.1.jar:?]
2022-04-24 04:16:18,510 [Time-limited test] WARN  ozone.BasicOzoneFileSystem (BasicOzoneFileSystem.java:delete(530)) - delete: Path does not exist: o3fs://bucket32835.volume25603/.Trash
]]></system-out>
  </testcase>
  <testcase name="testRenameDirToFile" classname="TestOzoneFileSystem" time="0.058">
    <system-out><![CDATA[2022-04-24 04:17:26,062 [Time-limited test] WARN  ozone.BasicOzoneFileSystem (BasicOzoneFileSystem.java:rename(394)) - Failed to rename o3fs://bucket24700.volume21477/a/b/c to o3fs://bucket24700.volume21477/root/file1, file already exists!
]]></system-out>
  </testcase>
  <testcase name="testRenameDirToFile" classname="TestOzoneFileSystem" time="0.027">
    <system-out><![CDATA[2022-04-24 04:18:38,413 [Time-limited test] WARN  ozone.BasicOzoneFileSystem (BasicOzoneFileSystem.java:rename(394)) - Failed to rename o3fs://bucket47719.volume22323/a/b/c to o3fs://bucket47719.volume22323/root/file1, file already exists!
]]></system-out>
  </testcase>
  <testcase name="testRenameToNewSubDirShouldNotExist" classname="TestOzoneFileSystem" time="0.05">
    <system-out><![CDATA[2022-04-24 04:15:21,494 [Time-limited test] WARN  ozone.BasicOzoneFileSystem (BasicOzoneFileSystem.java:rename(388)) - Failed to rename o3fs://bucket21072.volume87548/a to o3fs://bucket21072.volume87548/b/a, file already exists or not empty!
2022-04-24 04:15:21,512 [Time-limited test] WARN  ozone.BasicOzoneFileSystem (BasicOzoneFileSystem.java:rename(388)) - Failed to rename o3fs://bucket21072.volume87548/file1 to o3fs://bucket21072.volume87548/a/file1, file already exists or not empty!
]]></system-out>
  </testcase>
  <testcase name="testRenameToNewSubDirShouldNotExist" classname="TestOzoneFileSystem" time="0.041">
    <system-out><![CDATA[2022-04-24 04:16:18,535 [Time-limited test] WARN  ozone.BasicOzoneFileSystem (BasicOzoneFileSystem.java:rename(388)) - Failed to rename o3fs://bucket32835.volume25603/a to o3fs://bucket32835.volume25603/b/a, file already exists or not empty!
2022-04-24 04:16:18,547 [Time-limited test] WARN  ozone.BasicOzoneFileSystem (BasicOzoneFileSystem.java:rename(388)) - Failed to rename o3fs://bucket32835.volume25603/file1 to o3fs://bucket32835.volume25603/a/file1, file already exists or not empty!
04:16:18.548 [IPC Server handler 18 on default port 40137] ERROR OMAudit - user=runner | ip=127.0.0.1 | op=GET_FILE_STATUS {volume=volume25603, bucket=bucket32835, key=.Trash, dataSize=0, replicationConfig=null} | ret=FAILURE
org.apache.hadoop.ozone.om.exceptions.OMException: Unable to get file status: volume: volume25603 bucket: bucket32835 key: .Trash
	at org.apache.hadoop.ozone.om.KeyManagerImpl.getOzoneFileStatus(KeyManagerImpl.java:1280) ~[ozone-manager-1.3.0-SNAPSHOT.jar:?]
	at org.apache.hadoop.ozone.om.KeyManagerImpl.getFileStatus(KeyManagerImpl.java:1210) ~[ozone-manager-1.3.0-SNAPSHOT.jar:?]
	at org.apache.hadoop.ozone.om.OzoneManager.getFileStatus(OzoneManager.java:3009) ~[ozone-manager-1.3.0-SNAPSHOT.jar:?]
	at org.apache.hadoop.ozone.protocolPB.OzoneManagerRequestHandler.getOzoneFileStatus(OzoneManagerRequestHandler.java:670) ~[ozone-manager-1.3.0-SNAPSHOT.jar:?]
	at org.apache.hadoop.ozone.protocolPB.OzoneManagerRequestHandler.handleReadRequest(OzoneManagerRequestHandler.java:201) ~[ozone-manager-1.3.0-SNAPSHOT.jar:?]
	at org.apache.hadoop.ozone.protocolPB.OzoneManagerProtocolServerSideTranslatorPB.submitRequestDirectlyToOM(OzoneManagerProtocolServerSideTranslatorPB.java:271) ~[ozone-manager-1.3.0-SNAPSHOT.jar:?]
	at org.apache.hadoop.ozone.protocolPB.OzoneManagerProtocolServerSideTranslatorPB.processRequest(OzoneManagerProtocolServerSideTranslatorPB.java:195) ~[ozone-manager-1.3.0-SNAPSHOT.jar:?]
	at org.apache.hadoop.hdds.server.OzoneProtocolMessageDispatcher.processRequest(OzoneProtocolMessageDispatcher.java:87) [hdds-server-framework-1.3.0-SNAPSHOT.jar:?]
	at org.apache.hadoop.ozone.protocolPB.OzoneManagerProtocolServerSideTranslatorPB.submitRequest(OzoneManagerProtocolServerSideTranslatorPB.java:146) [ozone-manager-1.3.0-SNAPSHOT.jar:?]
	at org.apache.hadoop.ozone.protocol.proto.OzoneManagerProtocolProtos$OzoneManagerService$2.callBlockingMethod(OzoneManagerProtocolProtos.java) [ozone-interface-client-1.3.0-SNAPSHOT.jar:?]
	at org.apache.hadoop.ipc.ProtobufRpcEngine$Server.processCall(ProtobufRpcEngine.java:466) [hadoop-common-3.3.1.jar:?]
	at org.apache.hadoop.ipc.ProtobufRpcEngine2$Server$ProtoBufRpcInvoker.call(ProtobufRpcEngine2.java:574) [hadoop-common-3.3.1.jar:?]
	at org.apache.hadoop.ipc.ProtobufRpcEngine2$Server$ProtoBufRpcInvoker.call(ProtobufRpcEngine2.java:552) [hadoop-common-3.3.1.jar:?]
	at org.apache.hadoop.ipc.RPC$Server.call(RPC.java:1093) [hadoop-common-3.3.1.jar:?]
	at org.apache.hadoop.ipc.Server$RpcCall.run(Server.java:1035) [hadoop-common-3.3.1.jar:?]
	at org.apache.hadoop.ipc.Server$RpcCall.run(Server.java:963) [hadoop-common-3.3.1.jar:?]
	at java.security.AccessController.doPrivileged(Native Method) ~[?:1.8.0_322]
	at javax.security.auth.Subject.doAs(Subject.java:422) [?:1.8.0_322]
	at org.apache.hadoop.security.UserGroupInformation.doAs(UserGroupInformation.java:1878) [hadoop-common-3.3.1.jar:?]
	at org.apache.hadoop.ipc.Server$Handler.run(Server.java:2966) [hadoop-common-3.3.1.jar:?]
2022-04-24 04:16:18,549 [Time-limited test] WARN  ozone.BasicOzoneFileSystem (BasicOzoneFileSystem.java:delete(530)) - delete: Path does not exist: o3fs://bucket32835.volume25603/.Trash
]]></system-out>
  </testcase>
  <testcase name="testRenameToNewSubDirShouldNotExist" classname="TestOzoneFileSystem" time="0.087">
    <system-out><![CDATA[2022-04-24 04:17:26,136 [Time-limited test] WARN  ozone.BasicOzoneFileSystem (BasicOzoneFileSystem.java:rename(388)) - Failed to rename o3fs://bucket24700.volume21477/a to o3fs://bucket24700.volume21477/b/a, file already exists or not empty!
2022-04-24 04:17:26,162 [Time-limited test] WARN  ozone.BasicOzoneFileSystem (BasicOzoneFileSystem.java:rename(388)) - Failed to rename o3fs://bucket24700.volume21477/file1 to o3fs://bucket24700.volume21477/a/file1, file already exists or not empty!
]]></system-out>
  </testcase>
  <testcase name="testRenameToNewSubDirShouldNotExist" classname="TestOzoneFileSystem" time="0.041">
    <system-out><![CDATA[2022-04-24 04:18:38,436 [Time-limited test] WARN  ozone.BasicOzoneFileSystem (BasicOzoneFileSystem.java:rename(388)) - Failed to rename o3fs://bucket47719.volume22323/a to o3fs://bucket47719.volume22323/b/a, file already exists or not empty!
2022-04-24 04:18:38,455 [Time-limited test] WARN  ozone.BasicOzoneFileSystem (BasicOzoneFileSystem.java:rename(388)) - Failed to rename o3fs://bucket47719.volume22323/file1 to o3fs://bucket47719.volume22323/a/file1, file already exists or not empty!
]]></system-out>
  </testcase>
  <testcase name="testListStatusOnLargeDirectoryForACLCheck" classname="TestOzoneFileSystem" time="2.727"/>
  <testcase name="testListStatusOnLargeDirectoryForACLCheck" classname="TestOzoneFileSystem" time="1.981">
    <system-out><![CDATA[04:16:20.134 [IPC Server handler 10 on default port 40137] ERROR OMAudit - user=runner | ip=127.0.0.1 | op=GET_FILE_STATUS {volume=volume25603, bucket=bucket32835, key=.Trash, dataSize=0, replicationConfig=null} | ret=FAILURE
org.apache.hadoop.ozone.om.exceptions.OMException: Unable to get file status: volume: volume25603 bucket: bucket32835 key: .Trash
	at org.apache.hadoop.ozone.om.KeyManagerImpl.getOzoneFileStatus(KeyManagerImpl.java:1280) ~[ozone-manager-1.3.0-SNAPSHOT.jar:?]
	at org.apache.hadoop.ozone.om.KeyManagerImpl.getFileStatus(KeyManagerImpl.java:1210) ~[ozone-manager-1.3.0-SNAPSHOT.jar:?]
	at org.apache.hadoop.ozone.om.OzoneManager.getFileStatus(OzoneManager.java:3009) ~[ozone-manager-1.3.0-SNAPSHOT.jar:?]
	at org.apache.hadoop.ozone.protocolPB.OzoneManagerRequestHandler.getOzoneFileStatus(OzoneManagerRequestHandler.java:670) ~[ozone-manager-1.3.0-SNAPSHOT.jar:?]
	at org.apache.hadoop.ozone.protocolPB.OzoneManagerRequestHandler.handleReadRequest(OzoneManagerRequestHandler.java:201) ~[ozone-manager-1.3.0-SNAPSHOT.jar:?]
	at org.apache.hadoop.ozone.protocolPB.OzoneManagerProtocolServerSideTranslatorPB.submitRequestDirectlyToOM(OzoneManagerProtocolServerSideTranslatorPB.java:271) ~[ozone-manager-1.3.0-SNAPSHOT.jar:?]
	at org.apache.hadoop.ozone.protocolPB.OzoneManagerProtocolServerSideTranslatorPB.processRequest(OzoneManagerProtocolServerSideTranslatorPB.java:195) ~[ozone-manager-1.3.0-SNAPSHOT.jar:?]
	at org.apache.hadoop.hdds.server.OzoneProtocolMessageDispatcher.processRequest(OzoneProtocolMessageDispatcher.java:87) [hdds-server-framework-1.3.0-SNAPSHOT.jar:?]
	at org.apache.hadoop.ozone.protocolPB.OzoneManagerProtocolServerSideTranslatorPB.submitRequest(OzoneManagerProtocolServerSideTranslatorPB.java:146) [ozone-manager-1.3.0-SNAPSHOT.jar:?]
	at org.apache.hadoop.ozone.protocol.proto.OzoneManagerProtocolProtos$OzoneManagerService$2.callBlockingMethod(OzoneManagerProtocolProtos.java) [ozone-interface-client-1.3.0-SNAPSHOT.jar:?]
	at org.apache.hadoop.ipc.ProtobufRpcEngine$Server.processCall(ProtobufRpcEngine.java:466) [hadoop-common-3.3.1.jar:?]
	at org.apache.hadoop.ipc.ProtobufRpcEngine2$Server$ProtoBufRpcInvoker.call(ProtobufRpcEngine2.java:574) [hadoop-common-3.3.1.jar:?]
	at org.apache.hadoop.ipc.ProtobufRpcEngine2$Server$ProtoBufRpcInvoker.call(ProtobufRpcEngine2.java:552) [hadoop-common-3.3.1.jar:?]
	at org.apache.hadoop.ipc.RPC$Server.call(RPC.java:1093) [hadoop-common-3.3.1.jar:?]
	at org.apache.hadoop.ipc.Server$RpcCall.run(Server.java:1035) [hadoop-common-3.3.1.jar:?]
	at org.apache.hadoop.ipc.Server$RpcCall.run(Server.java:963) [hadoop-common-3.3.1.jar:?]
	at java.security.AccessController.doPrivileged(Native Method) ~[?:1.8.0_322]
	at javax.security.auth.Subject.doAs(Subject.java:422) [?:1.8.0_322]
	at org.apache.hadoop.security.UserGroupInformation.doAs(UserGroupInformation.java:1878) [hadoop-common-3.3.1.jar:?]
	at org.apache.hadoop.ipc.Server$Handler.run(Server.java:2966) [hadoop-common-3.3.1.jar:?]
2022-04-24 04:16:20,141 [Time-limited test] WARN  ozone.BasicOzoneFileSystem (BasicOzoneFileSystem.java:delete(530)) - delete: Path does not exist: o3fs://bucket32835.volume25603/.Trash
2022-04-24 04:16:20,417 [895edd85-c017-4033-b7e9-810222bcedda@group-3FEA44E64FBE-FollowerState] INFO  impl.FollowerState (FollowerState.java:run(134)) - 895edd85-c017-4033-b7e9-810222bcedda@group-3FEA44E64FBE-FollowerState: change to CANDIDATE, lastRpcElapsedTime:5062612308ns, electionTimeout:5062ms
2022-04-24 04:16:20,417 [895edd85-c017-4033-b7e9-810222bcedda@group-3FEA44E64FBE-FollowerState] INFO  impl.RoleInfo (RoleInfo.java:shutdownFollowerState(108)) - 895edd85-c017-4033-b7e9-810222bcedda: shutdown 895edd85-c017-4033-b7e9-810222bcedda@group-3FEA44E64FBE-FollowerState
2022-04-24 04:16:20,417 [895edd85-c017-4033-b7e9-810222bcedda@group-3FEA44E64FBE-FollowerState] INFO  server.RaftServer$Division (RaftServerImpl.java:setRole(290)) - 895edd85-c017-4033-b7e9-810222bcedda@group-3FEA44E64FBE: changes role from  FOLLOWER to CANDIDATE at term 2 for changeToCandidate
2022-04-24 04:16:20,417 [895edd85-c017-4033-b7e9-810222bcedda@group-3FEA44E64FBE-FollowerState] INFO  server.RaftServerConfigKeys (ConfUtils.java:logGet(44)) - raft.server.leaderelection.pre-vote = false (custom)
2022-04-24 04:16:20,417 [895edd85-c017-4033-b7e9-810222bcedda@group-3FEA44E64FBE-FollowerState] INFO  impl.RoleInfo (RoleInfo.java:updateAndGet(130)) - 895edd85-c017-4033-b7e9-810222bcedda: start 895edd85-c017-4033-b7e9-810222bcedda@group-3FEA44E64FBE-LeaderElection20
2022-04-24 04:16:20,451 [1de514c8-4282-4370-a982-a3c391975046@group-3FEA44E64FBE-FollowerState] INFO  impl.FollowerState (FollowerState.java:run(134)) - 1de514c8-4282-4370-a982-a3c391975046@group-3FEA44E64FBE-FollowerState: change to CANDIDATE, lastRpcElapsedTime:5103936374ns, electionTimeout:5088ms
2022-04-24 04:16:20,452 [1de514c8-4282-4370-a982-a3c391975046@group-3FEA44E64FBE-FollowerState] INFO  impl.RoleInfo (RoleInfo.java:shutdownFollowerState(108)) - 1de514c8-4282-4370-a982-a3c391975046: shutdown 1de514c8-4282-4370-a982-a3c391975046@group-3FEA44E64FBE-FollowerState
2022-04-24 04:16:20,452 [1de514c8-4282-4370-a982-a3c391975046@group-3FEA44E64FBE-FollowerState] INFO  server.RaftServer$Division (RaftServerImpl.java:setRole(290)) - 1de514c8-4282-4370-a982-a3c391975046@group-3FEA44E64FBE: changes role from  FOLLOWER to CANDIDATE at term 2 for changeToCandidate
2022-04-24 04:16:20,452 [1de514c8-4282-4370-a982-a3c391975046@group-3FEA44E64FBE-FollowerState] INFO  server.RaftServerConfigKeys (ConfUtils.java:logGet(44)) - raft.server.leaderelection.pre-vote = false (custom)
2022-04-24 04:16:20,452 [1de514c8-4282-4370-a982-a3c391975046@group-3FEA44E64FBE-FollowerState] INFO  impl.RoleInfo (RoleInfo.java:updateAndGet(130)) - 1de514c8-4282-4370-a982-a3c391975046: start 1de514c8-4282-4370-a982-a3c391975046@group-3FEA44E64FBE-LeaderElection21
2022-04-24 04:16:20,458 [895edd85-c017-4033-b7e9-810222bcedda@group-3FEA44E64FBE-LeaderElection20] INFO  impl.LeaderElection (LeaderElection.java:askForVotes(306)) - 895edd85-c017-4033-b7e9-810222bcedda@group-3FEA44E64FBE-LeaderElection20 ELECTION round 0: submit vote requests at term 3 for -1: [1de514c8-4282-4370-a982-a3c391975046|rpc:10.1.0.15:35459|dataStream:|priority:0, 895edd85-c017-4033-b7e9-810222bcedda|rpc:10.1.0.15:44303|dataStream:|priority:1, 862c3159-621e-4808-8fb5-192a2fed7743|rpc:10.1.0.15:38757|dataStream:|priority:0], old=null
2022-04-24 04:16:20,483 [grpc-default-executor-2] INFO  server.RaftServer$Division (RaftServerImpl.java:requestVote(1046)) - 1de514c8-4282-4370-a982-a3c391975046@group-3FEA44E64FBE: receive requestVote(ELECTION, 895edd85-c017-4033-b7e9-810222bcedda, group-3FEA44E64FBE, 3, (t:0, i:0))
2022-04-24 04:16:20,497 [1de514c8-4282-4370-a982-a3c391975046@group-3FEA44E64FBE-LeaderElection21] INFO  impl.LeaderElection (LeaderElection.java:askForVotes(306)) - 1de514c8-4282-4370-a982-a3c391975046@group-3FEA44E64FBE-LeaderElection21 ELECTION round 0: submit vote requests at term 3 for -1: [1de514c8-4282-4370-a982-a3c391975046|rpc:10.1.0.15:35459|dataStream:|priority:0, 895edd85-c017-4033-b7e9-810222bcedda|rpc:10.1.0.15:44303|dataStream:|priority:1, 862c3159-621e-4808-8fb5-192a2fed7743|rpc:10.1.0.15:38757|dataStream:|priority:0], old=null
2022-04-24 04:16:20,497 [grpc-default-executor-2] INFO  impl.VoteContext (VoteContext.java:log(48)) - 1de514c8-4282-4370-a982-a3c391975046@group-3FEA44E64FBE-CANDIDATE: reject ELECTION from 895edd85-c017-4033-b7e9-810222bcedda: already has voted for 1de514c8-4282-4370-a982-a3c391975046 at current term 3
2022-04-24 04:16:20,498 [grpc-default-executor-2] INFO  server.RaftServer$Division (RaftServerImpl.java:requestVote(1078)) - 1de514c8-4282-4370-a982-a3c391975046@group-3FEA44E64FBE replies to ELECTION vote request: 895edd85-c017-4033-b7e9-810222bcedda<-1de514c8-4282-4370-a982-a3c391975046#0:FAIL-t3. Peer's state: 1de514c8-4282-4370-a982-a3c391975046@group-3FEA44E64FBE:t3, leader=null, voted=1de514c8-4282-4370-a982-a3c391975046, raftlog=1de514c8-4282-4370-a982-a3c391975046@group-3FEA44E64FBE-SegmentedRaftLog:OPENED:c-1, conf=-1: [1de514c8-4282-4370-a982-a3c391975046|rpc:10.1.0.15:35459|dataStream:|priority:0, 895edd85-c017-4033-b7e9-810222bcedda|rpc:10.1.0.15:44303|dataStream:|priority:1, 862c3159-621e-4808-8fb5-192a2fed7743|rpc:10.1.0.15:38757|dataStream:|priority:0], old=null
2022-04-24 04:16:20,518 [grpc-default-executor-0] INFO  server.RaftServer$Division (RaftServerImpl.java:requestVote(1046)) - 895edd85-c017-4033-b7e9-810222bcedda@group-3FEA44E64FBE: receive requestVote(ELECTION, 1de514c8-4282-4370-a982-a3c391975046, group-3FEA44E64FBE, 3, (t:0, i:0))
2022-04-24 04:16:20,520 [grpc-default-executor-0] INFO  impl.VoteContext (VoteContext.java:log(48)) - 895edd85-c017-4033-b7e9-810222bcedda@group-3FEA44E64FBE-CANDIDATE: reject ELECTION from 1de514c8-4282-4370-a982-a3c391975046: already has voted for 895edd85-c017-4033-b7e9-810222bcedda at current term 3
2022-04-24 04:16:20,520 [grpc-default-executor-0] INFO  server.RaftServer$Division (RaftServerImpl.java:requestVote(1078)) - 895edd85-c017-4033-b7e9-810222bcedda@group-3FEA44E64FBE replies to ELECTION vote request: 1de514c8-4282-4370-a982-a3c391975046<-895edd85-c017-4033-b7e9-810222bcedda#0:FAIL-t3. Peer's state: 895edd85-c017-4033-b7e9-810222bcedda@group-3FEA44E64FBE:t3, leader=null, voted=895edd85-c017-4033-b7e9-810222bcedda, raftlog=895edd85-c017-4033-b7e9-810222bcedda@group-3FEA44E64FBE-SegmentedRaftLog:OPENED:c-1, conf=-1: [1de514c8-4282-4370-a982-a3c391975046|rpc:10.1.0.15:35459|dataStream:|priority:0, 895edd85-c017-4033-b7e9-810222bcedda|rpc:10.1.0.15:44303|dataStream:|priority:1, 862c3159-621e-4808-8fb5-192a2fed7743|rpc:10.1.0.15:38757|dataStream:|priority:0], old=null
2022-04-24 04:16:20,522 [1de514c8-4282-4370-a982-a3c391975046@group-3FEA44E64FBE-LeaderElection21] INFO  impl.LeaderElection (LeaderElection.java:logAndReturn(89)) - 1de514c8-4282-4370-a982-a3c391975046@group-3FEA44E64FBE-LeaderElection21: ELECTION REJECTED received 1 response(s) and 0 exception(s):
2022-04-24 04:16:20,526 [1de514c8-4282-4370-a982-a3c391975046@group-3FEA44E64FBE-LeaderElection21] INFO  impl.LeaderElection (LeaderElection.java:logAndReturn(93)) -   Response 0: 1de514c8-4282-4370-a982-a3c391975046<-895edd85-c017-4033-b7e9-810222bcedda#0:FAIL-t3
2022-04-24 04:16:20,526 [1de514c8-4282-4370-a982-a3c391975046@group-3FEA44E64FBE-LeaderElection21] INFO  impl.LeaderElection (LeaderElection.java:askForVotes(308)) - 1de514c8-4282-4370-a982-a3c391975046@group-3FEA44E64FBE-LeaderElection21 ELECTION round 0: result REJECTED
2022-04-24 04:16:20,526 [1de514c8-4282-4370-a982-a3c391975046@group-3FEA44E64FBE-LeaderElection21] INFO  server.RaftServer$Division (RaftServerImpl.java:setRole(290)) - 1de514c8-4282-4370-a982-a3c391975046@group-3FEA44E64FBE: changes role from CANDIDATE to FOLLOWER at term 3 for REJECTED
2022-04-24 04:16:20,526 [1de514c8-4282-4370-a982-a3c391975046@group-3FEA44E64FBE-LeaderElection21] INFO  impl.RoleInfo (RoleInfo.java:shutdownLeaderElection(121)) - 1de514c8-4282-4370-a982-a3c391975046: shutdown 1de514c8-4282-4370-a982-a3c391975046@group-3FEA44E64FBE-LeaderElection21
2022-04-24 04:16:20,526 [1de514c8-4282-4370-a982-a3c391975046@group-3FEA44E64FBE-LeaderElection21] INFO  impl.RoleInfo (RoleInfo.java:updateAndGet(130)) - 1de514c8-4282-4370-a982-a3c391975046: start 1de514c8-4282-4370-a982-a3c391975046@group-3FEA44E64FBE-FollowerState
]]></system-out>
  </testcase>
  <testcase name="testListStatusOnLargeDirectoryForACLCheck" classname="TestOzoneFileSystem" time="4.952"/>
  <testcase name="testListStatusOnLargeDirectoryForACLCheck" classname="TestOzoneFileSystem" time="3.736"/>
  <testcase name="testRenameFileToDir" classname="TestOzoneFileSystem" time="0.039">
    <system-out><![CDATA[04:15:24.276 [IPC Server handler 17 on default port 38503] ERROR OMAudit - user=runner | ip=127.0.0.1 | op=LIST_STATUS {volume=volume87548, bucket=bucket21072, key=a/b/c/file1, dataSize=0, replicationConfig=null} | ret=FAILURE
org.apache.hadoop.ozone.om.exceptions.OMException: Unable to get file status: volume: volume87548 bucket: bucket21072 key: a/b/c/file1
	at org.apache.hadoop.ozone.om.KeyManagerImpl.getOzoneFileStatus(KeyManagerImpl.java:1280) ~[ozone-manager-1.3.0-SNAPSHOT.jar:?]
	at org.apache.hadoop.ozone.om.KeyManagerImpl.getFileStatus(KeyManagerImpl.java:1210) ~[ozone-manager-1.3.0-SNAPSHOT.jar:?]
	at org.apache.hadoop.ozone.om.KeyManagerImpl.listStatus(KeyManagerImpl.java:1513) ~[ozone-manager-1.3.0-SNAPSHOT.jar:?]
	at org.apache.hadoop.ozone.om.OzoneManager.listStatus(OzoneManager.java:3080) ~[ozone-manager-1.3.0-SNAPSHOT.jar:?]
	at org.apache.hadoop.ozone.protocolPB.OzoneManagerRequestHandler.listStatus(OzoneManagerRequestHandler.java:760) ~[ozone-manager-1.3.0-SNAPSHOT.jar:?]
	at org.apache.hadoop.ozone.protocolPB.OzoneManagerRequestHandler.handleReadRequest(OzoneManagerRequestHandler.java:212) ~[ozone-manager-1.3.0-SNAPSHOT.jar:?]
	at org.apache.hadoop.ozone.protocolPB.OzoneManagerProtocolServerSideTranslatorPB.submitReadRequestToOM(OzoneManagerProtocolServerSideTranslatorPB.java:213) ~[ozone-manager-1.3.0-SNAPSHOT.jar:?]
	at org.apache.hadoop.ozone.protocolPB.OzoneManagerProtocolServerSideTranslatorPB.processRequest(OzoneManagerProtocolServerSideTranslatorPB.java:174) ~[ozone-manager-1.3.0-SNAPSHOT.jar:?]
	at org.apache.hadoop.hdds.server.OzoneProtocolMessageDispatcher.processRequest(OzoneProtocolMessageDispatcher.java:87) [hdds-server-framework-1.3.0-SNAPSHOT.jar:?]
	at org.apache.hadoop.ozone.protocolPB.OzoneManagerProtocolServerSideTranslatorPB.submitRequest(OzoneManagerProtocolServerSideTranslatorPB.java:146) [ozone-manager-1.3.0-SNAPSHOT.jar:?]
	at org.apache.hadoop.ozone.protocol.proto.OzoneManagerProtocolProtos$OzoneManagerService$2.callBlockingMethod(OzoneManagerProtocolProtos.java) [ozone-interface-client-1.3.0-SNAPSHOT.jar:?]
	at org.apache.hadoop.ipc.ProtobufRpcEngine$Server.processCall(ProtobufRpcEngine.java:466) [hadoop-common-3.3.1.jar:?]
	at org.apache.hadoop.ipc.ProtobufRpcEngine2$Server$ProtoBufRpcInvoker.call(ProtobufRpcEngine2.java:574) [hadoop-common-3.3.1.jar:?]
	at org.apache.hadoop.ipc.ProtobufRpcEngine2$Server$ProtoBufRpcInvoker.call(ProtobufRpcEngine2.java:552) [hadoop-common-3.3.1.jar:?]
	at org.apache.hadoop.ipc.RPC$Server.call(RPC.java:1093) [hadoop-common-3.3.1.jar:?]
	at org.apache.hadoop.ipc.Server$RpcCall.run(Server.java:1035) [hadoop-common-3.3.1.jar:?]
	at org.apache.hadoop.ipc.Server$RpcCall.run(Server.java:963) [hadoop-common-3.3.1.jar:?]
	at java.security.AccessController.doPrivileged(Native Method) ~[?:1.8.0_322]
	at javax.security.auth.Subject.doAs(Subject.java:422) [?:1.8.0_322]
	at org.apache.hadoop.security.UserGroupInformation.doAs(UserGroupInformation.java:1878) [hadoop-common-3.3.1.jar:?]
	at org.apache.hadoop.ipc.Server$Handler.run(Server.java:2966) [hadoop-common-3.3.1.jar:?]
]]></system-out>
  </testcase>
  <testcase name="testRenameFileToDir" classname="TestOzoneFileSystem" time="0.119">
    <system-out><![CDATA[2022-04-24 04:16:20,553 [862c3159-621e-4808-8fb5-192a2fed7743@group-3FEA44E64FBE-FollowerState] INFO  impl.FollowerState (FollowerState.java:run(134)) - 862c3159-621e-4808-8fb5-192a2fed7743@group-3FEA44E64FBE-FollowerState: change to CANDIDATE, lastRpcElapsedTime:5190654452ns, electionTimeout:5158ms
2022-04-24 04:16:20,579 [862c3159-621e-4808-8fb5-192a2fed7743@group-3FEA44E64FBE-FollowerState] INFO  impl.RoleInfo (RoleInfo.java:shutdownFollowerState(108)) - 862c3159-621e-4808-8fb5-192a2fed7743: shutdown 862c3159-621e-4808-8fb5-192a2fed7743@group-3FEA44E64FBE-FollowerState
2022-04-24 04:16:20,579 [grpc-default-executor-2] INFO  server.RaftServer$Division (RaftServerImpl.java:requestVote(1046)) - 862c3159-621e-4808-8fb5-192a2fed7743@group-3FEA44E64FBE: receive requestVote(ELECTION, 895edd85-c017-4033-b7e9-810222bcedda, group-3FEA44E64FBE, 3, (t:0, i:0))
2022-04-24 04:16:20,579 [862c3159-621e-4808-8fb5-192a2fed7743@group-3FEA44E64FBE-FollowerState] INFO  server.RaftServer$Division (RaftServerImpl.java:setRole(290)) - 862c3159-621e-4808-8fb5-192a2fed7743@group-3FEA44E64FBE: changes role from  FOLLOWER to CANDIDATE at term 2 for changeToCandidate
2022-04-24 04:16:20,601 [862c3159-621e-4808-8fb5-192a2fed7743@group-3FEA44E64FBE-FollowerState] INFO  server.RaftServerConfigKeys (ConfUtils.java:logGet(44)) - raft.server.leaderelection.pre-vote = false (custom)
2022-04-24 04:16:20,602 [862c3159-621e-4808-8fb5-192a2fed7743@group-3FEA44E64FBE-FollowerState] INFO  impl.RoleInfo (RoleInfo.java:updateAndGet(130)) - 862c3159-621e-4808-8fb5-192a2fed7743: start 862c3159-621e-4808-8fb5-192a2fed7743@group-3FEA44E64FBE-LeaderElection22
2022-04-24 04:16:20,590 [grpc-default-executor-0] INFO  server.RaftServer$Division (RaftServerImpl.java:requestVote(1046)) - 862c3159-621e-4808-8fb5-192a2fed7743@group-3FEA44E64FBE: receive requestVote(ELECTION, 1de514c8-4282-4370-a982-a3c391975046, group-3FEA44E64FBE, 3, (t:0, i:0))
04:16:20.622 [IPC Server handler 10 on default port 40137] ERROR OMAudit - user=runner | ip=127.0.0.1 | op=LIST_STATUS {volume=volume25603, bucket=bucket32835, key=a/b/c/file1, dataSize=0, replicationConfig=null} | ret=FAILURE
org.apache.hadoop.ozone.om.exceptions.OMException: Unable to get file status: volume: volume25603 bucket: bucket32835 key: a/b/c/file1
	at org.apache.hadoop.ozone.om.KeyManagerImpl.getOzoneFileStatus(KeyManagerImpl.java:1280) ~[ozone-manager-1.3.0-SNAPSHOT.jar:?]
	at org.apache.hadoop.ozone.om.KeyManagerImpl.getFileStatus(KeyManagerImpl.java:1210) ~[ozone-manager-1.3.0-SNAPSHOT.jar:?]
	at org.apache.hadoop.ozone.om.KeyManagerImpl.listStatus(KeyManagerImpl.java:1513) ~[ozone-manager-1.3.0-SNAPSHOT.jar:?]
	at org.apache.hadoop.ozone.om.OzoneManager.listStatus(OzoneManager.java:3080) ~[ozone-manager-1.3.0-SNAPSHOT.jar:?]
	at org.apache.hadoop.ozone.protocolPB.OzoneManagerRequestHandler.listStatus(OzoneManagerRequestHandler.java:760) ~[ozone-manager-1.3.0-SNAPSHOT.jar:?]
	at org.apache.hadoop.ozone.protocolPB.OzoneManagerRequestHandler.handleReadRequest(OzoneManagerRequestHandler.java:212) ~[ozone-manager-1.3.0-SNAPSHOT.jar:?]
	at org.apache.hadoop.ozone.protocolPB.OzoneManagerProtocolServerSideTranslatorPB.submitRequestDirectlyToOM(OzoneManagerProtocolServerSideTranslatorPB.java:271) ~[ozone-manager-1.3.0-SNAPSHOT.jar:?]
	at org.apache.hadoop.ozone.protocolPB.OzoneManagerProtocolServerSideTranslatorPB.processRequest(OzoneManagerProtocolServerSideTranslatorPB.java:195) ~[ozone-manager-1.3.0-SNAPSHOT.jar:?]
	at org.apache.hadoop.hdds.server.OzoneProtocolMessageDispatcher.processRequest(OzoneProtocolMessageDispatcher.java:87) [hdds-server-framework-1.3.0-SNAPSHOT.jar:?]
	at org.apache.hadoop.ozone.protocolPB.OzoneManagerProtocolServerSideTranslatorPB.submitRequest(OzoneManagerProtocolServerSideTranslatorPB.java:146) [ozone-manager-1.3.0-SNAPSHOT.jar:?]
	at org.apache.hadoop.ozone.protocol.proto.OzoneManagerProtocolProtos$OzoneManagerService$2.callBlockingMethod(OzoneManagerProtocolProtos.java) [ozone-interface-client-1.3.0-SNAPSHOT.jar:?]
	at org.apache.hadoop.ipc.ProtobufRpcEngine$Server.processCall(ProtobufRpcEngine.java:466) [hadoop-common-3.3.1.jar:?]
	at org.apache.hadoop.ipc.ProtobufRpcEngine2$Server$ProtoBufRpcInvoker.call(ProtobufRpcEngine2.java:574) [hadoop-common-3.3.1.jar:?]
	at org.apache.hadoop.ipc.ProtobufRpcEngine2$Server$ProtoBufRpcInvoker.call(ProtobufRpcEngine2.java:552) [hadoop-common-3.3.1.jar:?]
	at org.apache.hadoop.ipc.RPC$Server.call(RPC.java:1093) [hadoop-common-3.3.1.jar:?]
	at org.apache.hadoop.ipc.Server$RpcCall.run(Server.java:1035) [hadoop-common-3.3.1.jar:?]
	at org.apache.hadoop.ipc.Server$RpcCall.run(Server.java:963) [hadoop-common-3.3.1.jar:?]
	at java.security.AccessController.doPrivileged(Native Method) ~[?:1.8.0_322]
	at javax.security.auth.Subject.doAs(Subject.java:422) [?:1.8.0_322]
	at org.apache.hadoop.security.UserGroupInformation.doAs(UserGroupInformation.java:1878) [hadoop-common-3.3.1.jar:?]
	at org.apache.hadoop.ipc.Server$Handler.run(Server.java:2966) [hadoop-common-3.3.1.jar:?]
2022-04-24 04:16:20,626 [grpc-default-executor-0] INFO  impl.VoteContext (VoteContext.java:log(48)) - 862c3159-621e-4808-8fb5-192a2fed7743@group-3FEA44E64FBE-CANDIDATE: accept ELECTION from 1de514c8-4282-4370-a982-a3c391975046: our priority 0 <= candidate's priority 0
2022-04-24 04:16:20,626 [grpc-default-executor-0] INFO  server.RaftServer$Division (RaftServerImpl.java:setRole(290)) - 862c3159-621e-4808-8fb5-192a2fed7743@group-3FEA44E64FBE: changes role from CANDIDATE to FOLLOWER at term 3 for candidate:1de514c8-4282-4370-a982-a3c391975046
2022-04-24 04:16:20,626 [grpc-default-executor-0] INFO  impl.RoleInfo (RoleInfo.java:shutdownLeaderElection(121)) - 862c3159-621e-4808-8fb5-192a2fed7743: shutdown 862c3159-621e-4808-8fb5-192a2fed7743@group-3FEA44E64FBE-LeaderElection22
2022-04-24 04:16:20,627 [grpc-default-executor-0] INFO  impl.RoleInfo (RoleInfo.java:updateAndGet(130)) - 862c3159-621e-4808-8fb5-192a2fed7743: start 862c3159-621e-4808-8fb5-192a2fed7743@group-3FEA44E64FBE-FollowerState
2022-04-24 04:16:20,630 [grpc-default-executor-0] INFO  server.RaftServer$Division (RaftServerImpl.java:requestVote(1078)) - 862c3159-621e-4808-8fb5-192a2fed7743@group-3FEA44E64FBE replies to ELECTION vote request: 1de514c8-4282-4370-a982-a3c391975046<-862c3159-621e-4808-8fb5-192a2fed7743#0:OK-t3. Peer's state: 862c3159-621e-4808-8fb5-192a2fed7743@group-3FEA44E64FBE:t3, leader=null, voted=1de514c8-4282-4370-a982-a3c391975046, raftlog=862c3159-621e-4808-8fb5-192a2fed7743@group-3FEA44E64FBE-SegmentedRaftLog:OPENED:c-1, conf=-1: [1de514c8-4282-4370-a982-a3c391975046|rpc:10.1.0.15:35459|priority:0, 895edd85-c017-4033-b7e9-810222bcedda|rpc:10.1.0.15:44303|priority:1, 862c3159-621e-4808-8fb5-192a2fed7743|rpc:10.1.0.15:38757|priority:0], old=null
2022-04-24 04:16:20,630 [grpc-default-executor-2] INFO  impl.VoteContext (VoteContext.java:log(48)) - 862c3159-621e-4808-8fb5-192a2fed7743@group-3FEA44E64FBE-FOLLOWER: reject ELECTION from 895edd85-c017-4033-b7e9-810222bcedda: already has voted for 1de514c8-4282-4370-a982-a3c391975046 at current term 3
2022-04-24 04:16:20,630 [grpc-default-executor-2] INFO  server.RaftServer$Division (RaftServerImpl.java:requestVote(1078)) - 862c3159-621e-4808-8fb5-192a2fed7743@group-3FEA44E64FBE replies to ELECTION vote request: 895edd85-c017-4033-b7e9-810222bcedda<-862c3159-621e-4808-8fb5-192a2fed7743#0:FAIL-t3. Peer's state: 862c3159-621e-4808-8fb5-192a2fed7743@group-3FEA44E64FBE:t3, leader=null, voted=1de514c8-4282-4370-a982-a3c391975046, raftlog=862c3159-621e-4808-8fb5-192a2fed7743@group-3FEA44E64FBE-SegmentedRaftLog:OPENED:c-1, conf=-1: [1de514c8-4282-4370-a982-a3c391975046|rpc:10.1.0.15:35459|priority:0, 895edd85-c017-4033-b7e9-810222bcedda|rpc:10.1.0.15:44303|priority:1, 862c3159-621e-4808-8fb5-192a2fed7743|rpc:10.1.0.15:38757|priority:0], old=null
2022-04-24 04:16:20,640 [862c3159-621e-4808-8fb5-192a2fed7743@group-3FEA44E64FBE-LeaderElection22] INFO  impl.LeaderElection (LeaderElection.java:run(230)) - 862c3159-621e-4808-8fb5-192a2fed7743@group-3FEA44E64FBE-LeaderElection22: skip running since this is already CLOSING
2022-04-24 04:16:20,641 [895edd85-c017-4033-b7e9-810222bcedda@group-3FEA44E64FBE-LeaderElection20] INFO  impl.LeaderElection (LeaderElection.java:logAndReturn(89)) - 895edd85-c017-4033-b7e9-810222bcedda@group-3FEA44E64FBE-LeaderElection20: ELECTION REJECTED received 2 response(s) and 0 exception(s):
2022-04-24 04:16:20,647 [895edd85-c017-4033-b7e9-810222bcedda@group-3FEA44E64FBE-LeaderElection20] INFO  impl.LeaderElection (LeaderElection.java:logAndReturn(93)) -   Response 0: 895edd85-c017-4033-b7e9-810222bcedda<-1de514c8-4282-4370-a982-a3c391975046#0:FAIL-t3
2022-04-24 04:16:20,647 [895edd85-c017-4033-b7e9-810222bcedda@group-3FEA44E64FBE-LeaderElection20] INFO  impl.LeaderElection (LeaderElection.java:logAndReturn(93)) -   Response 1: 895edd85-c017-4033-b7e9-810222bcedda<-862c3159-621e-4808-8fb5-192a2fed7743#0:FAIL-t3
2022-04-24 04:16:20,647 [895edd85-c017-4033-b7e9-810222bcedda@group-3FEA44E64FBE-LeaderElection20] INFO  impl.LeaderElection (LeaderElection.java:askForVotes(308)) - 895edd85-c017-4033-b7e9-810222bcedda@group-3FEA44E64FBE-LeaderElection20 ELECTION round 0: result REJECTED
2022-04-24 04:16:20,647 [895edd85-c017-4033-b7e9-810222bcedda@group-3FEA44E64FBE-LeaderElection20] INFO  server.RaftServer$Division (RaftServerImpl.java:setRole(290)) - 895edd85-c017-4033-b7e9-810222bcedda@group-3FEA44E64FBE: changes role from CANDIDATE to FOLLOWER at term 3 for REJECTED
2022-04-24 04:16:20,647 [895edd85-c017-4033-b7e9-810222bcedda@group-3FEA44E64FBE-LeaderElection20] INFO  impl.RoleInfo (RoleInfo.java:shutdownLeaderElection(121)) - 895edd85-c017-4033-b7e9-810222bcedda: shutdown 895edd85-c017-4033-b7e9-810222bcedda@group-3FEA44E64FBE-LeaderElection20
2022-04-24 04:16:20,647 [895edd85-c017-4033-b7e9-810222bcedda@group-3FEA44E64FBE-LeaderElection20] INFO  impl.RoleInfo (RoleInfo.java:updateAndGet(130)) - 895edd85-c017-4033-b7e9-810222bcedda: start 895edd85-c017-4033-b7e9-810222bcedda@group-3FEA44E64FBE-FollowerState
04:16:20.651 [IPC Server handler 9 on default port 40137] ERROR OMAudit - user=runner | ip=127.0.0.1 | op=GET_FILE_STATUS {volume=volume25603, bucket=bucket32835, key=.Trash, dataSize=0, replicationConfig=null} | ret=FAILURE
org.apache.hadoop.ozone.om.exceptions.OMException: Unable to get file status: volume: volume25603 bucket: bucket32835 key: .Trash
	at org.apache.hadoop.ozone.om.KeyManagerImpl.getOzoneFileStatus(KeyManagerImpl.java:1280) ~[ozone-manager-1.3.0-SNAPSHOT.jar:?]
	at org.apache.hadoop.ozone.om.KeyManagerImpl.getFileStatus(KeyManagerImpl.java:1210) ~[ozone-manager-1.3.0-SNAPSHOT.jar:?]
	at org.apache.hadoop.ozone.om.OzoneManager.getFileStatus(OzoneManager.java:3009) ~[ozone-manager-1.3.0-SNAPSHOT.jar:?]
	at org.apache.hadoop.ozone.protocolPB.OzoneManagerRequestHandler.getOzoneFileStatus(OzoneManagerRequestHandler.java:670) ~[ozone-manager-1.3.0-SNAPSHOT.jar:?]
	at org.apache.hadoop.ozone.protocolPB.OzoneManagerRequestHandler.handleReadRequest(OzoneManagerRequestHandler.java:201) ~[ozone-manager-1.3.0-SNAPSHOT.jar:?]
	at org.apache.hadoop.ozone.protocolPB.OzoneManagerProtocolServerSideTranslatorPB.submitRequestDirectlyToOM(OzoneManagerProtocolServerSideTranslatorPB.java:271) ~[ozone-manager-1.3.0-SNAPSHOT.jar:?]
	at org.apache.hadoop.ozone.protocolPB.OzoneManagerProtocolServerSideTranslatorPB.processRequest(OzoneManagerProtocolServerSideTranslatorPB.java:195) ~[ozone-manager-1.3.0-SNAPSHOT.jar:?]
	at org.apache.hadoop.hdds.server.OzoneProtocolMessageDispatcher.processRequest(OzoneProtocolMessageDispatcher.java:87) [hdds-server-framework-1.3.0-SNAPSHOT.jar:?]
	at org.apache.hadoop.ozone.protocolPB.OzoneManagerProtocolServerSideTranslatorPB.submitRequest(OzoneManagerProtocolServerSideTranslatorPB.java:146) [ozone-manager-1.3.0-SNAPSHOT.jar:?]
	at org.apache.hadoop.ozone.protocol.proto.OzoneManagerProtocolProtos$OzoneManagerService$2.callBlockingMethod(OzoneManagerProtocolProtos.java) [ozone-interface-client-1.3.0-SNAPSHOT.jar:?]
	at org.apache.hadoop.ipc.ProtobufRpcEngine$Server.processCall(ProtobufRpcEngine.java:466) [hadoop-common-3.3.1.jar:?]
	at org.apache.hadoop.ipc.ProtobufRpcEngine2$Server$ProtoBufRpcInvoker.call(ProtobufRpcEngine2.java:574) [hadoop-common-3.3.1.jar:?]
	at org.apache.hadoop.ipc.ProtobufRpcEngine2$Server$ProtoBufRpcInvoker.call(ProtobufRpcEngine2.java:552) [hadoop-common-3.3.1.jar:?]
	at org.apache.hadoop.ipc.RPC$Server.call(RPC.java:1093) [hadoop-common-3.3.1.jar:?]
	at org.apache.hadoop.ipc.Server$RpcCall.run(Server.java:1035) [hadoop-common-3.3.1.jar:?]
	at org.apache.hadoop.ipc.Server$RpcCall.run(Server.java:963) [hadoop-common-3.3.1.jar:?]
	at java.security.AccessController.doPrivileged(Native Method) ~[?:1.8.0_322]
	at javax.security.auth.Subject.doAs(Subject.java:422) [?:1.8.0_322]
	at org.apache.hadoop.security.UserGroupInformation.doAs(UserGroupInformation.java:1878) [hadoop-common-3.3.1.jar:?]
	at org.apache.hadoop.ipc.Server$Handler.run(Server.java:2966) [hadoop-common-3.3.1.jar:?]
2022-04-24 04:16:20,651 [Time-limited test] WARN  ozone.BasicOzoneFileSystem (BasicOzoneFileSystem.java:delete(530)) - delete: Path does not exist: o3fs://bucket32835.volume25603/.Trash
]]></system-out>
  </testcase>
  <testcase name="testRenameFileToDir" classname="TestOzoneFileSystem" time="0.046">
    <system-out><![CDATA[04:17:31.157 [IPC Server handler 6 on default port 45981] ERROR OMAudit - user=runner | ip=127.0.0.1 | op=LIST_STATUS {volume=volume21477, bucket=bucket24700, key=a/b/c/file1, dataSize=0, replicationConfig=null} | ret=FAILURE
org.apache.hadoop.ozone.om.exceptions.OMException: Unable to get file status: volume: volume21477 bucket: bucket24700 key: a/b/c/file1
	at org.apache.hadoop.ozone.om.KeyManagerImpl.getOzoneFileStatus(KeyManagerImpl.java:1280) ~[ozone-manager-1.3.0-SNAPSHOT.jar:?]
	at org.apache.hadoop.ozone.om.KeyManagerImpl.getFileStatus(KeyManagerImpl.java:1210) ~[ozone-manager-1.3.0-SNAPSHOT.jar:?]
	at org.apache.hadoop.ozone.om.KeyManagerImpl.listStatus(KeyManagerImpl.java:1513) ~[ozone-manager-1.3.0-SNAPSHOT.jar:?]
	at org.apache.hadoop.ozone.om.OzoneManager.listStatus(OzoneManager.java:3080) ~[ozone-manager-1.3.0-SNAPSHOT.jar:?]
	at org.apache.hadoop.ozone.protocolPB.OzoneManagerRequestHandler.listStatus(OzoneManagerRequestHandler.java:760) ~[ozone-manager-1.3.0-SNAPSHOT.jar:?]
	at org.apache.hadoop.ozone.protocolPB.OzoneManagerRequestHandler.handleReadRequest(OzoneManagerRequestHandler.java:212) ~[ozone-manager-1.3.0-SNAPSHOT.jar:?]
	at org.apache.hadoop.ozone.protocolPB.OzoneManagerProtocolServerSideTranslatorPB.submitReadRequestToOM(OzoneManagerProtocolServerSideTranslatorPB.java:213) ~[ozone-manager-1.3.0-SNAPSHOT.jar:?]
	at org.apache.hadoop.ozone.protocolPB.OzoneManagerProtocolServerSideTranslatorPB.processRequest(OzoneManagerProtocolServerSideTranslatorPB.java:174) ~[ozone-manager-1.3.0-SNAPSHOT.jar:?]
	at org.apache.hadoop.hdds.server.OzoneProtocolMessageDispatcher.processRequest(OzoneProtocolMessageDispatcher.java:87) [hdds-server-framework-1.3.0-SNAPSHOT.jar:?]
	at org.apache.hadoop.ozone.protocolPB.OzoneManagerProtocolServerSideTranslatorPB.submitRequest(OzoneManagerProtocolServerSideTranslatorPB.java:146) [ozone-manager-1.3.0-SNAPSHOT.jar:?]
	at org.apache.hadoop.ozone.protocol.proto.OzoneManagerProtocolProtos$OzoneManagerService$2.callBlockingMethod(OzoneManagerProtocolProtos.java) [ozone-interface-client-1.3.0-SNAPSHOT.jar:?]
	at org.apache.hadoop.ipc.ProtobufRpcEngine$Server.processCall(ProtobufRpcEngine.java:466) [hadoop-common-3.3.1.jar:?]
	at org.apache.hadoop.ipc.ProtobufRpcEngine2$Server$ProtoBufRpcInvoker.call(ProtobufRpcEngine2.java:574) [hadoop-common-3.3.1.jar:?]
	at org.apache.hadoop.ipc.ProtobufRpcEngine2$Server$ProtoBufRpcInvoker.call(ProtobufRpcEngine2.java:552) [hadoop-common-3.3.1.jar:?]
	at org.apache.hadoop.ipc.RPC$Server.call(RPC.java:1093) [hadoop-common-3.3.1.jar:?]
	at org.apache.hadoop.ipc.Server$RpcCall.run(Server.java:1035) [hadoop-common-3.3.1.jar:?]
	at org.apache.hadoop.ipc.Server$RpcCall.run(Server.java:963) [hadoop-common-3.3.1.jar:?]
	at java.security.AccessController.doPrivileged(Native Method) ~[?:1.8.0_322]
	at javax.security.auth.Subject.doAs(Subject.java:422) [?:1.8.0_322]
	at org.apache.hadoop.security.UserGroupInformation.doAs(UserGroupInformation.java:1878) [hadoop-common-3.3.1.jar:?]
	at org.apache.hadoop.ipc.Server$Handler.run(Server.java:2966) [hadoop-common-3.3.1.jar:?]
]]></system-out>
  </testcase>
  <testcase name="testRenameFileToDir" classname="TestOzoneFileSystem" time="0.043">
    <system-out><![CDATA[04:18:42.227 [IPC Server handler 10 on default port 37371] ERROR OMAudit - user=runner | ip=127.0.0.1 | op=LIST_STATUS {volume=volume22323, bucket=bucket47719, key=a/b/c/file1, dataSize=0, replicationConfig=null} | ret=FAILURE
org.apache.hadoop.ozone.om.exceptions.OMException: Unable to get file status: volume: volume22323 bucket: bucket47719 key: a/b/c/file1
	at org.apache.hadoop.ozone.om.KeyManagerImpl.getOzoneFileStatus(KeyManagerImpl.java:1280) ~[ozone-manager-1.3.0-SNAPSHOT.jar:?]
	at org.apache.hadoop.ozone.om.KeyManagerImpl.getFileStatus(KeyManagerImpl.java:1210) ~[ozone-manager-1.3.0-SNAPSHOT.jar:?]
	at org.apache.hadoop.ozone.om.KeyManagerImpl.listStatus(KeyManagerImpl.java:1513) ~[ozone-manager-1.3.0-SNAPSHOT.jar:?]
	at org.apache.hadoop.ozone.om.OzoneManager.listStatus(OzoneManager.java:3080) ~[ozone-manager-1.3.0-SNAPSHOT.jar:?]
	at org.apache.hadoop.ozone.protocolPB.OzoneManagerRequestHandler.listStatus(OzoneManagerRequestHandler.java:760) ~[ozone-manager-1.3.0-SNAPSHOT.jar:?]
	at org.apache.hadoop.ozone.protocolPB.OzoneManagerRequestHandler.handleReadRequest(OzoneManagerRequestHandler.java:212) ~[ozone-manager-1.3.0-SNAPSHOT.jar:?]
	at org.apache.hadoop.ozone.protocolPB.OzoneManagerProtocolServerSideTranslatorPB.submitRequestDirectlyToOM(OzoneManagerProtocolServerSideTranslatorPB.java:271) ~[ozone-manager-1.3.0-SNAPSHOT.jar:?]
	at org.apache.hadoop.ozone.protocolPB.OzoneManagerProtocolServerSideTranslatorPB.processRequest(OzoneManagerProtocolServerSideTranslatorPB.java:195) ~[ozone-manager-1.3.0-SNAPSHOT.jar:?]
	at org.apache.hadoop.hdds.server.OzoneProtocolMessageDispatcher.processRequest(OzoneProtocolMessageDispatcher.java:87) [hdds-server-framework-1.3.0-SNAPSHOT.jar:?]
	at org.apache.hadoop.ozone.protocolPB.OzoneManagerProtocolServerSideTranslatorPB.submitRequest(OzoneManagerProtocolServerSideTranslatorPB.java:146) [ozone-manager-1.3.0-SNAPSHOT.jar:?]
	at org.apache.hadoop.ozone.protocol.proto.OzoneManagerProtocolProtos$OzoneManagerService$2.callBlockingMethod(OzoneManagerProtocolProtos.java) [ozone-interface-client-1.3.0-SNAPSHOT.jar:?]
	at org.apache.hadoop.ipc.ProtobufRpcEngine$Server.processCall(ProtobufRpcEngine.java:466) [hadoop-common-3.3.1.jar:?]
	at org.apache.hadoop.ipc.ProtobufRpcEngine2$Server$ProtoBufRpcInvoker.call(ProtobufRpcEngine2.java:574) [hadoop-common-3.3.1.jar:?]
	at org.apache.hadoop.ipc.ProtobufRpcEngine2$Server$ProtoBufRpcInvoker.call(ProtobufRpcEngine2.java:552) [hadoop-common-3.3.1.jar:?]
	at org.apache.hadoop.ipc.RPC$Server.call(RPC.java:1093) [hadoop-common-3.3.1.jar:?]
	at org.apache.hadoop.ipc.Server$RpcCall.run(Server.java:1035) [hadoop-common-3.3.1.jar:?]
	at org.apache.hadoop.ipc.Server$RpcCall.run(Server.java:963) [hadoop-common-3.3.1.jar:?]
	at java.security.AccessController.doPrivileged(Native Method) ~[?:1.8.0_322]
	at javax.security.auth.Subject.doAs(Subject.java:422) [?:1.8.0_322]
	at org.apache.hadoop.security.UserGroupInformation.doAs(UserGroupInformation.java:1878) [hadoop-common-3.3.1.jar:?]
	at org.apache.hadoop.ipc.Server$Handler.run(Server.java:2966) [hadoop-common-3.3.1.jar:?]
]]></system-out>
  </testcase>
  <testcase name="testMakeDirsWithAnExistingDirectoryPath" classname="TestOzoneFileSystem" time="0.016"/>
  <testcase name="testMakeDirsWithAnExistingDirectoryPath" classname="TestOzoneFileSystem" time="0.032">
    <system-out><![CDATA[04:16:20.681 [IPC Server handler 12 on default port 40137] ERROR OMAudit - user=runner | ip=127.0.0.1 | op=GET_FILE_STATUS {volume=volume25603, bucket=bucket32835, key=.Trash, dataSize=0, replicationConfig=null} | ret=FAILURE
org.apache.hadoop.ozone.om.exceptions.OMException: Unable to get file status: volume: volume25603 bucket: bucket32835 key: .Trash
	at org.apache.hadoop.ozone.om.KeyManagerImpl.getOzoneFileStatus(KeyManagerImpl.java:1280) ~[ozone-manager-1.3.0-SNAPSHOT.jar:?]
	at org.apache.hadoop.ozone.om.KeyManagerImpl.getFileStatus(KeyManagerImpl.java:1210) ~[ozone-manager-1.3.0-SNAPSHOT.jar:?]
	at org.apache.hadoop.ozone.om.OzoneManager.getFileStatus(OzoneManager.java:3009) ~[ozone-manager-1.3.0-SNAPSHOT.jar:?]
	at org.apache.hadoop.ozone.protocolPB.OzoneManagerRequestHandler.getOzoneFileStatus(OzoneManagerRequestHandler.java:670) ~[ozone-manager-1.3.0-SNAPSHOT.jar:?]
	at org.apache.hadoop.ozone.protocolPB.OzoneManagerRequestHandler.handleReadRequest(OzoneManagerRequestHandler.java:201) ~[ozone-manager-1.3.0-SNAPSHOT.jar:?]
	at org.apache.hadoop.ozone.protocolPB.OzoneManagerProtocolServerSideTranslatorPB.submitRequestDirectlyToOM(OzoneManagerProtocolServerSideTranslatorPB.java:271) ~[ozone-manager-1.3.0-SNAPSHOT.jar:?]
	at org.apache.hadoop.ozone.protocolPB.OzoneManagerProtocolServerSideTranslatorPB.processRequest(OzoneManagerProtocolServerSideTranslatorPB.java:195) ~[ozone-manager-1.3.0-SNAPSHOT.jar:?]
	at org.apache.hadoop.hdds.server.OzoneProtocolMessageDispatcher.processRequest(OzoneProtocolMessageDispatcher.java:87) [hdds-server-framework-1.3.0-SNAPSHOT.jar:?]
	at org.apache.hadoop.ozone.protocolPB.OzoneManagerProtocolServerSideTranslatorPB.submitRequest(OzoneManagerProtocolServerSideTranslatorPB.java:146) [ozone-manager-1.3.0-SNAPSHOT.jar:?]
	at org.apache.hadoop.ozone.protocol.proto.OzoneManagerProtocolProtos$OzoneManagerService$2.callBlockingMethod(OzoneManagerProtocolProtos.java) [ozone-interface-client-1.3.0-SNAPSHOT.jar:?]
	at org.apache.hadoop.ipc.ProtobufRpcEngine$Server.processCall(ProtobufRpcEngine.java:466) [hadoop-common-3.3.1.jar:?]
	at org.apache.hadoop.ipc.ProtobufRpcEngine2$Server$ProtoBufRpcInvoker.call(ProtobufRpcEngine2.java:574) [hadoop-common-3.3.1.jar:?]
	at org.apache.hadoop.ipc.ProtobufRpcEngine2$Server$ProtoBufRpcInvoker.call(ProtobufRpcEngine2.java:552) [hadoop-common-3.3.1.jar:?]
	at org.apache.hadoop.ipc.RPC$Server.call(RPC.java:1093) [hadoop-common-3.3.1.jar:?]
	at org.apache.hadoop.ipc.Server$RpcCall.run(Server.java:1035) [hadoop-common-3.3.1.jar:?]
	at org.apache.hadoop.ipc.Server$RpcCall.run(Server.java:963) [hadoop-common-3.3.1.jar:?]
	at java.security.AccessController.doPrivileged(Native Method) ~[?:1.8.0_322]
	at javax.security.auth.Subject.doAs(Subject.java:422) [?:1.8.0_322]
	at org.apache.hadoop.security.UserGroupInformation.doAs(UserGroupInformation.java:1878) [hadoop-common-3.3.1.jar:?]
	at org.apache.hadoop.ipc.Server$Handler.run(Server.java:2966) [hadoop-common-3.3.1.jar:?]
2022-04-24 04:16:20,682 [Time-limited test] WARN  ozone.BasicOzoneFileSystem (BasicOzoneFileSystem.java:delete(530)) - delete: Path does not exist: o3fs://bucket32835.volume25603/.Trash
]]></system-out>
  </testcase>
  <testcase name="testMakeDirsWithAnExistingDirectoryPath" classname="TestOzoneFileSystem" time="0.03"/>
  <testcase name="testMakeDirsWithAnExistingDirectoryPath" classname="TestOzoneFileSystem" time="0.067"/>
</testsuite>