<?xml version="1.0" encoding="UTF-8"?>
<testsuite xmlns:xsi="http://www.w3.org/2001/XMLSchema-instance" xsi:noNamespaceSchemaLocation="https://maven.apache.org/surefire/maven-surefire-plugin/xsd/surefire-test-report.xsd" name="org.apache.hadoop.ozone.TestMiniOzoneCluster" time="222.883" tests="5" errors="1" skipped="0" failures="0">
  <properties>
    <property name="awt.toolkit" value="sun.awt.X11.XToolkit"/>
    <property name="file.encoding.pkg" value="sun.io"/>
    <property name="java.specification.version" value="1.8"/>
    <property name="sun.cpu.isalist" value=""/>
    <property name="sun.jnu.encoding" value="UTF-8"/>
    <property name="java.class.path" value="/home/runner/work/ozone/ozone/hadoop-ozone/integration-test/target/test-classes:/home/runner/work/ozone/ozone/hadoop-ozone/integration-test/target/classes:/home/runner/.m2/repository/org/apache/ozone/ozone-common/1.3.0-SNAPSHOT/ozone-common-1.3.0-SNAPSHOT.jar:/home/runner/.m2/repository/org/apache/commons/commons-compress/1.21/commons-compress-1.21.jar:/home/runner/.m2/repository/org/apache/ozone/hdds-common/1.3.0-SNAPSHOT/hdds-common-1.3.0-SNAPSHOT.jar:/home/runner/.m2/repository/org/apache/ozone/hdds-client/1.3.0-SNAPSHOT/hdds-client-1.3.0-SNAPSHOT.jar:/home/runner/.m2/repository/org/apache/ozone/ozone-interface-client/1.3.0-SNAPSHOT/ozone-interface-client-1.3.0-SNAPSHOT.jar:/home/runner/.m2/repository/org/apache/ozone/hdds-test-utils/1.3.0-SNAPSHOT/hdds-test-utils-1.3.0-SNAPSHOT.jar:/home/runner/.m2/repository/com/google/guava/guava/30.1.1-jre/guava-30.1.1-jre.jar:/home/runner/.m2/repository/com/google/guava/failureaccess/1.0.1/failureaccess-1.0.1.jar:/home/runner/.m2/repository/com/google/guava/listenablefuture/9999.0-empty-to-avoid-conflict-with-guava/listenablefuture-9999.0-empty-to-avoid-conflict-with-guava.jar:/home/runner/.m2/repository/com/google/code/findbugs/jsr305/3.0.0/jsr305-3.0.0.jar:/home/runner/.m2/repository/org/checkerframework/checker-qual/3.8.0/checker-qual-3.8.0.jar:/home/runner/.m2/repository/com/google/errorprone/error_prone_annotations/2.2.0/error_prone_annotations-2.2.0.jar:/home/runner/.m2/repository/com/google/j2objc/j2objc-annotations/1.3/j2objc-annotations-1.3.jar:/home/runner/.m2/repository/commons-io/commons-io/2.11.0/commons-io-2.11.0.jar:/home/runner/.m2/repository/commons-logging/commons-logging/1.2/commons-logging-1.2.jar:/home/runner/.m2/repository/log4j/log4j/1.2.17/log4j-1.2.17.jar:/home/runner/.m2/repository/org/slf4j/slf4j-api/1.7.30/slf4j-api-1.7.30.jar:/home/runner/.m2/repository/org/apache/ozone/hdds-server-scm/1.3.0-SNAPSHOT/hdds-server-scm-1.3.0-SNAPSHOT.jar:/home/runner/.m2/repository/org/apache/ozone/hdds-container-service/1.3.0-SNAPSHOT/hdds-container-service-1.3.0-SNAPSHOT.jar:/home/runner/.m2/repository/org/apache/ozone/hdds-hadoop-dependency-server/1.3.0-SNAPSHOT/hdds-hadoop-dependency-server-1.3.0-SNAPSHOT.jar:/home/runner/.m2/repository/org/apache/hadoop/hadoop-hdfs/3.3.1/hadoop-hdfs-3.3.1.jar:/home/runner/.m2/repository/org/apache/ozone/hdds-server-framework/1.3.0-SNAPSHOT/hdds-server-framework-1.3.0-SNAPSHOT.jar:/home/runner/.m2/repository/org/apache/ozone/hdds-interface-server/1.3.0-SNAPSHOT/hdds-interface-server-1.3.0-SNAPSHOT.jar:/home/runner/.m2/repository/org/eclipse/jetty/jetty-servlet/9.4.43.v20210629/jetty-servlet-9.4.43.v20210629.jar:/home/runner/.m2/repository/org/eclipse/jetty/jetty-security/9.4.43.v20210629/jetty-security-9.4.43.v20210629.jar:/home/runner/.m2/repository/org/rocksdb/rocksdbjni/6.25.3/rocksdbjni-6.25.3.jar:/home/runner/.m2/repository/io/prometheus/simpleclient_dropwizard/0.7.0/simpleclient_dropwizard-0.7.0.jar:/home/runner/.m2/repository/io/prometheus/simpleclient/0.7.0/simpleclient-0.7.0.jar:/home/runner/.m2/repository/io/prometheus/simpleclient_common/0.7.0/simpleclient_common-0.7.0.jar:/home/runner/.m2/repository/com/fasterxml/jackson/datatype/jackson-datatype-jsr310/2.12.1/jackson-datatype-jsr310-2.12.1.jar:/home/runner/.m2/repository/io/dropwizard/metrics/metrics-core/3.2.4/metrics-core-3.2.4.jar:/home/runner/.m2/repository/org/apache/hadoop/hadoop-hdfs-client/3.3.1/hadoop-hdfs-client-3.3.1.jar:/home/runner/.m2/repository/org/bouncycastle/bcprov-jdk15on/1.67/bcprov-jdk15on-1.67.jar:/home/runner/.m2/repository/com/google/protobuf/protobuf-java/2.5.0/protobuf-java-2.5.0.jar:/home/runner/.m2/repository/org/apache/ozone/ozone-manager/1.3.0-SNAPSHOT/ozone-manager-1.3.0-SNAPSHOT.jar:/home/runner/.m2/repository/org/aspectj/aspectjrt/1.9.7/aspectjrt-1.9.7.jar:/home/runner/.m2/repository/org/aspectj/aspectjweaver/1.9.7/aspectjweaver-1.9.7.jar:/home/runner/.m2/repository/org/apache/ozone/hdds-interface-client/1.3.0-SNAPSHOT/hdds-interface-client-1.3.0-SNAPSHOT.jar:/home/runner/.m2/repository/org/apache/hadoop/thirdparty/hadoop-shaded-protobuf_3_7/1.1.1/hadoop-shaded-protobuf_3_7-1.1.1.jar:/home/runner/.m2/repository/org/apache/ozone/ozone-interface-storage/1.3.0-SNAPSHOT/ozone-interface-storage-1.3.0-SNAPSHOT.jar:/home/runner/.m2/repository/org/reflections/reflections/0.9.11/reflections-0.9.11.jar:/home/runner/.m2/repository/org/apache/hadoop/hadoop-minikdc/3.3.1/hadoop-minikdc-3.3.1.jar:/home/runner/.m2/repository/org/apache/kerby/kerb-simplekdc/1.0.1/kerb-simplekdc-1.0.1.jar:/home/runner/.m2/repository/org/apache/kerby/kerb-client/1.0.1/kerb-client-1.0.1.jar:/home/runner/.m2/repository/org/apache/kerby/kerby-config/1.0.1/kerby-config-1.0.1.jar:/home/runner/.m2/repository/org/apache/kerby/kerb-common/1.0.1/kerb-common-1.0.1.jar:/home/runner/.m2/repository/org/apache/kerby/kerb-crypto/1.0.1/kerb-crypto-1.0.1.jar:/home/runner/.m2/repository/org/apache/kerby/kerb-util/1.0.1/kerb-util-1.0.1.jar:/home/runner/.m2/repository/org/apache/kerby/token-provider/1.0.1/token-provider-1.0.1.jar:/home/runner/.m2/repository/org/apache/kerby/kerb-admin/1.0.1/kerb-admin-1.0.1.jar:/home/runner/.m2/repository/org/apache/kerby/kerb-server/1.0.1/kerb-server-1.0.1.jar:/home/runner/.m2/repository/org/apache/kerby/kerb-identity/1.0.1/kerb-identity-1.0.1.jar:/home/runner/.m2/repository/org/apache/kerby/kerby-xdr/1.0.1/kerby-xdr-1.0.1.jar:/home/runner/.m2/repository/org/slf4j/slf4j-log4j12/1.7.30/slf4j-log4j12-1.7.30.jar:/home/runner/.m2/repository/org/apache/ozone/ozone-s3gateway/1.3.0-SNAPSHOT/ozone-s3gateway-1.3.0-SNAPSHOT.jar:/home/runner/.m2/repository/org/javassist/javassist/3.21.0-GA/javassist-3.21.0-GA.jar:/home/runner/.m2/repository/org/jboss/weld/servlet/weld-servlet/2.4.7.Final/weld-servlet-2.4.7.Final.jar:/home/runner/.m2/repository/org/glassfish/jersey/containers/jersey-container-servlet-core/2.33/jersey-container-servlet-core-2.33.jar:/home/runner/.m2/repository/org/glassfish/hk2/external/jakarta.inject/2.6.1/jakarta.inject-2.6.1.jar:/home/runner/.m2/repository/org/glassfish/jersey/core/jersey-common/2.33/jersey-common-2.33.jar:/home/runner/.m2/repository/jakarta/ws/rs/jakarta.ws.rs-api/2.1.6/jakarta.ws.rs-api-2.1.6.jar:/home/runner/.m2/repository/org/glassfish/jersey/ext/cdi/jersey-cdi1x/2.33/jersey-cdi1x-2.33.jar:/home/runner/.m2/repository/org/glassfish/jersey/inject/jersey-hk2/2.33/jersey-hk2-2.33.jar:/home/runner/.m2/repository/org/glassfish/hk2/hk2-locator/2.6.1/hk2-locator-2.6.1.jar:/home/runner/.m2/repository/org/glassfish/jersey/media/jersey-media-jaxb/2.33/jersey-media-jaxb-2.33.jar:/home/runner/.m2/repository/org/glassfish/hk2/osgi-resource-locator/1.0.3/osgi-resource-locator-1.0.3.jar:/home/runner/.m2/repository/org/glassfish/hk2/hk2-api/2.5.0/hk2-api-2.5.0.jar:/home/runner/.m2/repository/org/glassfish/hk2/hk2-utils/2.5.0/hk2-utils-2.5.0.jar:/home/runner/.m2/repository/org/glassfish/hk2/external/aopalliance-repackaged/2.5.0/aopalliance-repackaged-2.5.0.jar:/home/runner/.m2/repository/com/fasterxml/jackson/dataformat/jackson-dataformat-xml/2.12.1/jackson-dataformat-xml-2.12.1.jar:/home/runner/.m2/repository/com/fasterxml/jackson/core/jackson-core/2.12.1/jackson-core-2.12.1.jar:/home/runner/.m2/repository/com/fasterxml/jackson/module/jackson-module-jaxb-annotations/2.12.1/jackson-module-jaxb-annotations-2.12.1.jar:/home/runner/.m2/repository/jakarta/xml/bind/jakarta.xml.bind-api/2.3.2/jakarta.xml.bind-api-2.3.2.jar:/home/runner/.m2/repository/org/codehaus/woodstox/stax2-api/3.1.4/stax2-api-3.1.4.jar:/home/runner/.m2/repository/com/fasterxml/woodstox/woodstox-core/5.0.3/woodstox-core-5.0.3.jar:/home/runner/.m2/repository/javax/enterprise/cdi-api/1.2/cdi-api-1.2.jar:/home/runner/.m2/repository/javax/el/javax.el-api/3.0.0/javax.el-api-3.0.0.jar:/home/runner/.m2/repository/javax/interceptor/javax.interceptor-api/1.2/javax.interceptor-api-1.2.jar:/home/runner/.m2/repository/javax/inject/javax.inject/1/javax.inject-1.jar:/home/runner/.m2/repository/javax/xml/bind/jaxb-api/2.3.0/jaxb-api-2.3.0.jar:/home/runner/.m2/repository/org/glassfish/jaxb/jaxb-runtime/2.3.0.1/jaxb-runtime-2.3.0.1.jar:/home/runner/.m2/repository/org/glassfish/jaxb/jaxb-core/2.3.0.1/jaxb-core-2.3.0.1.jar:/home/runner/.m2/repository/org/glassfish/jaxb/txw2/2.3.0.1/txw2-2.3.0.1.jar:/home/runner/.m2/repository/com/sun/istack/istack-commons-runtime/3.0.5/istack-commons-runtime-3.0.5.jar:/home/runner/.m2/repository/org/jvnet/staxex/stax-ex/1.7.8/stax-ex-1.7.8.jar:/home/runner/.m2/repository/com/sun/xml/fastinfoset/FastInfoset/1.2.13/FastInfoset-1.2.13.jar:/home/runner/.m2/repository/javax/activation/activation/1.1.1/activation-1.1.1.jar:/home/runner/.m2/repository/org/apache/ozone/ozone-csi/1.3.0-SNAPSHOT/ozone-csi-1.3.0-SNAPSHOT.jar:/home/runner/.m2/repository/com/google/protobuf/protobuf-java-util/3.12.0/protobuf-java-util-3.12.0.jar:/home/runner/.m2/repository/com/google/code/gson/gson/2.2.4/gson-2.2.4.jar:/home/runner/.m2/repository/org/apache/ozone/hdds-config/1.3.0-SNAPSHOT/hdds-config-1.3.0-SNAPSHOT.jar:/home/runner/.m2/repository/io/grpc/grpc-netty/1.33.0/grpc-netty-1.33.0.jar:/home/runner/.m2/repository/io/grpc/grpc-core/1.33.0/grpc-core-1.33.0.jar:/home/runner/.m2/repository/com/google/android/annotations/4.1.1.4/annotations-4.1.1.4.jar:/home/runner/.m2/repository/io/netty/netty-codec-http2/4.1.63.Final/netty-codec-http2-4.1.63.Final.jar:/home/runner/.m2/repository/io/netty/netty-codec-http/4.1.63.Final/netty-codec-http-4.1.63.Final.jar:/home/runner/.m2/repository/io/netty/netty-handler-proxy/4.1.63.Final/netty-handler-proxy-4.1.63.Final.jar:/home/runner/.m2/repository/io/netty/netty-codec-socks/4.1.63.Final/netty-codec-socks-4.1.63.Final.jar:/home/runner/.m2/repository/io/perfmark/perfmark-api/0.19.0/perfmark-api-0.19.0.jar:/home/runner/.m2/repository/org/codehaus/mojo/animal-sniffer-annotations/1.18/animal-sniffer-annotations-1.18.jar:/home/runner/.m2/repository/io/netty/netty-transport-native-epoll/4.1.63.Final/netty-transport-native-epoll-4.1.63.Final.jar:/home/runner/.m2/repository/io/netty/netty-common/4.1.63.Final/netty-common-4.1.63.Final.jar:/home/runner/.m2/repository/io/netty/netty-buffer/4.1.63.Final/netty-buffer-4.1.63.Final.jar:/home/runner/.m2/repository/io/netty/netty-transport-native-unix-common/4.1.63.Final/netty-transport-native-unix-common-4.1.63.Final.jar:/home/runner/.m2/repository/io/grpc/grpc-protobuf/1.33.0/grpc-protobuf-1.33.0.jar:/home/runner/.m2/repository/io/grpc/grpc-api/1.33.0/grpc-api-1.33.0.jar:/home/runner/.m2/repository/io/grpc/grpc-context/1.33.0/grpc-context-1.33.0.jar:/home/runner/.m2/repository/com/google/api/grpc/proto-google-common-protos/1.17.0/proto-google-common-protos-1.17.0.jar:/home/runner/.m2/repository/io/grpc/grpc-protobuf-lite/1.33.0/grpc-protobuf-lite-1.33.0.jar:/home/runner/.m2/repository/io/grpc/grpc-stub/1.33.0/grpc-stub-1.33.0.jar:/home/runner/.m2/repository/org/apache/ozone/ozone-recon/1.3.0-SNAPSHOT/ozone-recon-1.3.0-SNAPSHOT.jar:/home/runner/.m2/repository/org/apache/ozone/ozone-reconcodegen/1.3.0-SNAPSHOT/ozone-reconcodegen-1.3.0-SNAPSHOT.jar:/home/runner/.m2/repository/com/google/inject/extensions/guice-multibindings/4.0/guice-multibindings-4.0.jar:/home/runner/.m2/repository/com/google/inject/guice/4.0/guice-4.0.jar:/home/runner/.m2/repository/aopalliance/aopalliance/1.0/aopalliance-1.0.jar:/home/runner/.m2/repository/com/google/inject/extensions/guice-assistedinject/4.0/guice-assistedinject-4.0.jar:/home/runner/.m2/repository/com/google/inject/extensions/guice-servlet/4.0/guice-servlet-4.0.jar:/home/runner/.m2/repository/org/glassfish/jersey/containers/jersey-container-servlet/2.33/jersey-container-servlet-2.33.jar:/home/runner/.m2/repository/org/glassfish/hk2/guice-bridge/2.5.0/guice-bridge-2.5.0.jar:/home/runner/.m2/repository/org/glassfish/jersey/core/jersey-server/2.33/jersey-server-2.33.jar:/home/runner/.m2/repository/org/glassfish/jersey/core/jersey-client/2.33/jersey-client-2.33.jar:/home/runner/.m2/repository/jakarta/annotation/jakarta.annotation-api/1.3.5/jakarta.annotation-api-1.3.5.jar:/home/runner/.m2/repository/jakarta/validation/jakarta.validation-api/2.0.2/jakarta.validation-api-2.0.2.jar:/home/runner/.m2/repository/org/glassfish/jersey/media/jersey-media-json-jackson/2.33/jersey-media-json-jackson-2.33.jar:/home/runner/.m2/repository/org/glassfish/jersey/ext/jersey-entity-filtering/2.33/jersey-entity-filtering-2.33.jar:/home/runner/.m2/repository/org/jooq/jooq/3.11.10/jooq-3.11.10.jar:/home/runner/.m2/repository/org/jooq/jooq-meta/3.11.10/jooq-meta-3.11.10.jar:/home/runner/.m2/repository/org/jooq/jooq-codegen/3.11.10/jooq-codegen-3.11.10.jar:/home/runner/.m2/repository/com/jolbox/bonecp/0.8.0.RELEASE/bonecp-0.8.0.RELEASE.jar:/home/runner/.m2/repository/org/apache/derby/derby/10.14.2.0/derby-10.14.2.0.jar:/home/runner/.m2/repository/org/xerial/sqlite-jdbc/3.25.2/sqlite-jdbc-3.25.2.jar:/home/runner/.m2/repository/org/springframework/spring-jdbc/5.2.18.RELEASE/spring-jdbc-5.2.18.RELEASE.jar:/home/runner/.m2/repository/org/springframework/spring-beans/5.2.18.RELEASE/spring-beans-5.2.18.RELEASE.jar:/home/runner/.m2/repository/org/springframework/spring-core/5.2.18.RELEASE/spring-core-5.2.18.RELEASE.jar:/home/runner/.m2/repository/org/springframework/spring-jcl/5.2.18.RELEASE/spring-jcl-5.2.18.RELEASE.jar:/home/runner/.m2/repository/org/springframework/spring-tx/5.2.18.RELEASE/spring-tx-5.2.18.RELEASE.jar:/home/runner/.m2/repository/org/apache/ozone/ozone-client/1.3.0-SNAPSHOT/ozone-client-1.3.0-SNAPSHOT.jar:/home/runner/.m2/repository/org/apache/ozone/ozone-filesystem/1.3.0-SNAPSHOT/ozone-filesystem-1.3.0-SNAPSHOT.jar:/home/runner/.m2/repository/org/apache/ozone/ozone-filesystem-common/1.3.0-SNAPSHOT/ozone-filesystem-common-1.3.0-SNAPSHOT.jar:/home/runner/.m2/repository/org/apache/ozone/ozone-tools/1.3.0-SNAPSHOT/ozone-tools-1.3.0-SNAPSHOT.jar:/home/runner/.m2/repository/org/apache/ratis/ratis-tools/2.2.0/ratis-tools-2.2.0.jar:/home/runner/.m2/repository/com/amazonaws/aws-java-sdk-core/1.12.124/aws-java-sdk-core-1.12.124.jar:/home/runner/.m2/repository/org/apache/httpcomponents/httpclient/4.5.13/httpclient-4.5.13.jar:/home/runner/.m2/repository/org/apache/httpcomponents/httpcore/4.4.13/httpcore-4.4.13.jar:/home/runner/.m2/repository/software/amazon/ion/ion-java/1.0.2/ion-java-1.0.2.jar:/home/runner/.m2/repository/com/fasterxml/jackson/dataformat/jackson-dataformat-cbor/2.12.1/jackson-dataformat-cbor-2.12.1.jar:/home/runner/.m2/repository/joda-time/joda-time/2.8.1/joda-time-2.8.1.jar:/home/runner/.m2/repository/com/amazonaws/aws-java-sdk-s3/1.12.124/aws-java-sdk-s3-1.12.124.jar:/home/runner/.m2/repository/com/amazonaws/aws-java-sdk-kms/1.12.124/aws-java-sdk-kms-1.12.124.jar:/home/runner/.m2/repository/com/amazonaws/jmespath-java/1.12.124/jmespath-java-1.12.124.jar:/home/runner/.m2/repository/org/kohsuke/metainf-services/metainf-services/1.8/metainf-services-1.8.jar:/home/runner/.m2/repository/org/apache/ozone/hdds-tools/1.3.0-SNAPSHOT/hdds-tools-1.3.0-SNAPSHOT.jar:/home/runner/.m2/repository/commons-cli/commons-cli/1.2/commons-cli-1.2.jar:/home/runner/.m2/repository/org/apache/commons/commons-lang3/3.7/commons-lang3-3.7.jar:/home/runner/.m2/repository/org/apache/ozone/ozone-manager/1.3.0-SNAPSHOT/ozone-manager-1.3.0-SNAPSHOT-tests.jar:/home/runner/.m2/repository/org/apache/ozone/hdds-common/1.3.0-SNAPSHOT/hdds-common-1.3.0-SNAPSHOT-tests.jar:/home/runner/.m2/repository/org/apache/ozone/hdds-hadoop-dependency-client/1.3.0-SNAPSHOT/hdds-hadoop-dependency-client-1.3.0-SNAPSHOT.jar:/home/runner/.m2/repository/info/picocli/picocli/4.6.1/picocli-4.6.1.jar:/home/runner/.m2/repository/com/fasterxml/jackson/core/jackson-annotations/2.12.1/jackson-annotations-2.12.1.jar:/home/runner/.m2/repository/javax/annotation/javax.annotation-api/1.2/javax.annotation-api-1.2.jar:/home/runner/.m2/repository/org/apache/ratis/ratis-server/2.2.0/ratis-server-2.2.0.jar:/home/runner/.m2/repository/org/apache/ratis/ratis-client/2.2.0/ratis-client-2.2.0.jar:/home/runner/.m2/repository/org/apache/ratis/ratis-server-api/2.2.0/ratis-server-api-2.2.0.jar:/home/runner/.m2/repository/org/apache/ratis/ratis-metrics/2.2.0/ratis-metrics-2.2.0.jar:/home/runner/.m2/repository/org/apache/ratis/ratis-netty/2.2.0/ratis-netty-2.2.0.jar:/home/runner/.m2/repository/org/apache/ratis/ratis-grpc/2.2.0/ratis-grpc-2.2.0.jar:/home/runner/.m2/repository/org/apache/logging/log4j/log4j-api/2.17.1/log4j-api-2.17.1.jar:/home/runner/.m2/repository/org/apache/logging/log4j/log4j-core/2.17.1/log4j-core-2.17.1.jar:/home/runner/.m2/repository/com/lmax/disruptor/3.4.2/disruptor-3.4.2.jar:/home/runner/.m2/repository/org/apache/commons/commons-pool2/2.6.0/commons-pool2-2.6.0.jar:/home/runner/.m2/repository/org/bouncycastle/bcpkix-jdk15on/1.67/bcpkix-jdk15on-1.67.jar:/home/runner/.m2/repository/commons-validator/commons-validator/1.6/commons-validator-1.6.jar:/home/runner/.m2/repository/commons-beanutils/commons-beanutils/1.9.4/commons-beanutils-1.9.4.jar:/home/runner/.m2/repository/commons-digester/commons-digester/1.8.1/commons-digester-1.8.1.jar:/home/runner/.m2/repository/commons-collections/commons-collections/3.2.2/commons-collections-3.2.2.jar:/home/runner/.m2/repository/io/jaegertracing/jaeger-client/1.6.0/jaeger-client-1.6.0.jar:/home/runner/.m2/repository/io/jaegertracing/jaeger-thrift/1.6.0/jaeger-thrift-1.6.0.jar:/home/runner/.m2/repository/org/apache/thrift/libthrift/0.14.1/libthrift-0.14.1.jar:/home/runner/.m2/repository/com/squareup/okhttp3/okhttp/4.9.0/okhttp-4.9.0.jar:/home/runner/.m2/repository/com/squareup/okio/okio/2.8.0/okio-2.8.0.jar:/home/runner/.m2/repository/io/jaegertracing/jaeger-core/1.6.0/jaeger-core-1.6.0.jar:/home/runner/.m2/repository/io/jaegertracing/jaeger-tracerresolver/1.6.0/jaeger-tracerresolver-1.6.0.jar:/home/runner/.m2/repository/io/opentracing/contrib/opentracing-tracerresolver/0.1.8/opentracing-tracerresolver-0.1.8.jar:/home/runner/.m2/repository/org/jetbrains/kotlin/kotlin-stdlib/1.4.31/kotlin-stdlib-1.4.31.jar:/home/runner/.m2/repository/org/jetbrains/kotlin/kotlin-stdlib-common/1.4.31/kotlin-stdlib-common-1.4.31.jar:/home/runner/.m2/repository/org/jetbrains/annotations/13.0/annotations-13.0.jar:/home/runner/.m2/repository/io/opentracing/opentracing-util/0.33.0/opentracing-util-0.33.0.jar:/home/runner/.m2/repository/io/opentracing/opentracing-api/0.33.0/opentracing-api-0.33.0.jar:/home/runner/.m2/repository/io/opentracing/opentracing-noop/0.33.0/opentracing-noop-0.33.0.jar:/home/runner/.m2/repository/org/yaml/snakeyaml/1.26/snakeyaml-1.26.jar:/home/runner/.m2/repository/org/apache/ozone/hdds-interface-admin/1.3.0-SNAPSHOT/hdds-interface-admin-1.3.0-SNAPSHOT.jar:/home/runner/.m2/repository/junit/junit/4.13.1/junit-4.13.1.jar:/home/runner/.m2/repository/org/hamcrest/hamcrest-core/1.3/hamcrest-core-1.3.jar:/home/runner/.m2/repository/org/junit/jupiter/junit-jupiter-api/5.7.0/junit-jupiter-api-5.7.0.jar:/home/runner/.m2/repository/org/apiguardian/apiguardian-api/1.1.0/apiguardian-api-1.1.0.jar:/home/runner/.m2/repository/org/opentest4j/opentest4j/1.2.0/opentest4j-1.2.0.jar:/home/runner/.m2/repository/org/junit/platform/junit-platform-commons/1.7.0/junit-platform-commons-1.7.0.jar:/home/runner/.m2/repository/org/junit/jupiter/junit-jupiter-engine/5.7.0/junit-jupiter-engine-5.7.0.jar:/home/runner/.m2/repository/org/junit/platform/junit-platform-engine/1.7.0/junit-platform-engine-1.7.0.jar:/home/runner/.m2/repository/org/junit/vintage/junit-vintage-engine/5.7.0/junit-vintage-engine-5.7.0.jar:/home/runner/.m2/repository/org/junit/platform/junit-platform-launcher/1.7.0/junit-platform-launcher-1.7.0.jar:/home/runner/.m2/repository/org/mockito/mockito-core/2.28.2/mockito-core-2.28.2.jar:/home/runner/.m2/repository/net/bytebuddy/byte-buddy/1.9.10/byte-buddy-1.9.10.jar:/home/runner/.m2/repository/net/bytebuddy/byte-buddy-agent/1.9.10/byte-buddy-agent-1.9.10.jar:/home/runner/.m2/repository/org/objenesis/objenesis/1.0/objenesis-1.0.jar:/home/runner/.m2/repository/org/apache/hadoop/hadoop-kms/3.3.1/hadoop-kms-3.3.1.jar:/home/runner/.m2/repository/org/apache/hadoop/hadoop-auth/3.3.1/hadoop-auth-3.3.1.jar:/home/runner/.m2/repository/com/nimbusds/nimbus-jose-jwt/7.9/nimbus-jose-jwt-7.9.jar:/home/runner/.m2/repository/com/github/stephenc/jcip/jcip-annotations/1.0-1/jcip-annotations-1.0-1.jar:/home/runner/.m2/repository/net/minidev/json-smart/2.3.1/json-smart-2.3.1.jar:/home/runner/.m2/repository/net/minidev/accessors-smart/2.3.1/accessors-smart-2.3.1.jar:/home/runner/.m2/repository/org/ow2/asm/asm/5.0.4/asm-5.0.4.jar:/home/runner/.m2/repository/org/apache/zookeeper/zookeeper/3.5.6/zookeeper-3.5.6.jar:/home/runner/.m2/repository/org/apache/zookeeper/zookeeper-jute/3.5.6/zookeeper-jute-3.5.6.jar:/home/runner/.m2/repository/org/apache/yetus/audience-annotations/0.5.0/audience-annotations-0.5.0.jar:/home/runner/.m2/repository/org/apache/curator/curator-framework/4.2.0/curator-framework-4.2.0.jar:/home/runner/.m2/repository/org/apache/hadoop/thirdparty/hadoop-shaded-guava/1.1.1/hadoop-shaded-guava-1.1.1.jar:/home/runner/.m2/repository/com/sun/jersey/jersey-core/1.19/jersey-core-1.19.jar:/home/runner/.m2/repository/javax/ws/rs/jsr311-api/1.1.1/jsr311-api-1.1.1.jar:/home/runner/.m2/repository/com/sun/jersey/jersey-server/1.19/jersey-server-1.19.jar:/home/runner/.m2/repository/javax/servlet/javax.servlet-api/3.1.0/javax.servlet-api-3.1.0.jar:/home/runner/.m2/repository/org/eclipse/jetty/jetty-server/9.4.43.v20210629/jetty-server-9.4.43.v20210629.jar:/home/runner/.m2/repository/org/eclipse/jetty/jetty-http/9.4.43.v20210629/jetty-http-9.4.43.v20210629.jar:/home/runner/.m2/repository/org/eclipse/jetty/jetty-io/9.4.43.v20210629/jetty-io-9.4.43.v20210629.jar:/home/runner/.m2/repository/org/eclipse/jetty/jetty-webapp/9.4.43.v20210629/jetty-webapp-9.4.43.v20210629.jar:/home/runner/.m2/repository/org/eclipse/jetty/jetty-xml/9.4.43.v20210629/jetty-xml-9.4.43.v20210629.jar:/home/runner/.m2/repository/org/apache/hadoop/hadoop-common/3.3.1/hadoop-common-3.3.1.jar:/home/runner/.m2/repository/org/apache/commons/commons-math3/3.1.1/commons-math3-3.1.1.jar:/home/runner/.m2/repository/commons-net/commons-net/3.6/commons-net-3.6.jar:/home/runner/.m2/repository/jakarta/activation/jakarta.activation-api/1.2.1/jakarta.activation-api-1.2.1.jar:/home/runner/.m2/repository/com/sun/jersey/jersey-servlet/1.19/jersey-servlet-1.19.jar:/home/runner/.m2/repository/com/sun/jersey/jersey-json/1.19/jersey-json-1.19.jar:/home/runner/.m2/repository/org/codehaus/jettison/jettison/1.1/jettison-1.1.jar:/home/runner/.m2/repository/com/sun/xml/bind/jaxb-impl/2.2.3-1/jaxb-impl-2.2.3-1.jar:/home/runner/.m2/repository/org/codehaus/jackson/jackson-jaxrs/1.9.2/jackson-jaxrs-1.9.2.jar:/home/runner/.m2/repository/org/codehaus/jackson/jackson-xc/1.9.2/jackson-xc-1.9.2.jar:/home/runner/.m2/repository/org/apache/commons/commons-configuration2/2.1.1/commons-configuration2-2.1.1.jar:/home/runner/.m2/repository/org/apache/commons/commons-text/1.4/commons-text-1.4.jar:/home/runner/.m2/repository/com/google/re2j/re2j/1.1/re2j-1.1.jar:/home/runner/.m2/repository/com/jcraft/jsch/0.1.54/jsch-0.1.54.jar:/home/runner/.m2/repository/org/apache/curator/curator-client/4.2.0/curator-client-4.2.0.jar:/home/runner/.m2/repository/org/apache/curator/curator-recipes/4.2.0/curator-recipes-4.2.0.jar:/home/runner/.m2/repository/org/apache/kerby/kerb-core/1.0.1/kerb-core-1.0.1.jar:/home/runner/.m2/repository/org/apache/kerby/kerby-pkix/1.0.1/kerby-pkix-1.0.1.jar:/home/runner/.m2/repository/org/apache/kerby/kerby-asn1/1.0.1/kerby-asn1-1.0.1.jar:/home/runner/.m2/repository/org/apache/kerby/kerby-util/1.0.1/kerby-util-1.0.1.jar:/home/runner/.m2/repository/dnsjava/dnsjava/2.1.7/dnsjava-2.1.7.jar:/home/runner/.m2/repository/org/xerial/snappy/snappy-java/1.1.8.2/snappy-java-1.1.8.2.jar:/home/runner/.m2/repository/org/slf4j/jul-to-slf4j/1.7.30/jul-to-slf4j-1.7.30.jar:/home/runner/.m2/repository/org/eclipse/jetty/jetty-util/9.4.43.v20210629/jetty-util-9.4.43.v20210629.jar:/home/runner/.m2/repository/com/fasterxml/jackson/core/jackson-databind/2.12.1/jackson-databind-2.12.1.jar:/home/runner/.m2/repository/org/apache/hadoop/hadoop-kms/3.3.1/hadoop-kms-3.3.1-tests.jar:/home/runner/.m2/repository/org/apache/ozone/hdds-server-scm/1.3.0-SNAPSHOT/hdds-server-scm-1.3.0-SNAPSHOT-tests.jar:/home/runner/.m2/repository/org/apache/ozone/hdds-container-service/1.3.0-SNAPSHOT/hdds-container-service-1.3.0-SNAPSHOT-tests.jar:/home/runner/.m2/repository/commons-codec/commons-codec/1.11/commons-codec-1.11.jar:/home/runner/.m2/repository/io/netty/netty-transport/4.1.63.Final/netty-transport-4.1.63.Final.jar:/home/runner/.m2/repository/io/netty/netty-resolver/4.1.63.Final/netty-resolver-4.1.63.Final.jar:/home/runner/.m2/repository/io/netty/netty-codec/4.1.63.Final/netty-codec-4.1.63.Final.jar:/home/runner/.m2/repository/io/netty/netty-handler/4.1.63.Final/netty-handler-4.1.63.Final.jar:/home/runner/.m2/repository/org/apache/ozone/hdds-hadoop-dependency-test/1.3.0-SNAPSHOT/hdds-hadoop-dependency-test-1.3.0-SNAPSHOT.jar:/home/runner/.m2/repository/org/apache/hadoop/hadoop-common/3.3.1/hadoop-common-3.3.1-tests.jar:/home/runner/.m2/repository/org/assertj/assertj-core/3.12.2/assertj-core-3.12.2.jar:/home/runner/.m2/repository/org/apache/hadoop/hadoop-hdfs/3.3.1/hadoop-hdfs-3.3.1-tests.jar:/home/runner/.m2/repository/org/eclipse/jetty/jetty-util-ajax/9.4.43.v20210629/jetty-util-ajax-9.4.43.v20210629.jar:/home/runner/.m2/repository/commons-daemon/commons-daemon/1.0.13/commons-daemon-1.0.13.jar:/home/runner/.m2/repository/io/netty/netty/3.10.6.Final/netty-3.10.6.Final.jar:/home/runner/.m2/repository/io/netty/netty-all/4.1.63.Final/netty-all-4.1.63.Final.jar:/home/runner/.m2/repository/org/apache/htrace/htrace-core4/4.1.0-incubating/htrace-core4-4.1.0-incubating.jar:/home/runner/.m2/repository/org/fusesource/leveldbjni/leveldbjni-all/1.8/leveldbjni-all-1.8.jar:/home/runner/.m2/repository/org/apache/hadoop/hadoop-distcp/3.3.1/hadoop-distcp-3.3.1.jar:/home/runner/.m2/repository/org/apache/hadoop/hadoop-mapreduce-client-jobclient/3.3.1/hadoop-mapreduce-client-jobclient-3.3.1.jar:/home/runner/.m2/repository/org/apache/hadoop/hadoop-mapreduce-client-common/3.3.1/hadoop-mapreduce-client-common-3.3.1.jar:/home/runner/.m2/repository/org/apache/hadoop/hadoop-yarn-common/3.3.1/hadoop-yarn-common-3.3.1.jar:/home/runner/.m2/repository/org/apache/hadoop/hadoop-yarn-api/3.3.1/hadoop-yarn-api-3.3.1.jar:/home/runner/.m2/repository/com/sun/jersey/jersey-client/1.19/jersey-client-1.19.jar:/home/runner/.m2/repository/com/sun/jersey/contribs/jersey-guice/1.19/jersey-guice-1.19.jar:/home/runner/.m2/repository/com/fasterxml/jackson/jaxrs/jackson-jaxrs-json-provider/2.12.1/jackson-jaxrs-json-provider-2.12.1.jar:/home/runner/.m2/repository/com/fasterxml/jackson/jaxrs/jackson-jaxrs-base/2.12.1/jackson-jaxrs-base-2.12.1.jar:/home/runner/.m2/repository/org/apache/hadoop/hadoop-yarn-client/3.3.1/hadoop-yarn-client-3.3.1.jar:/home/runner/.m2/repository/org/eclipse/jetty/websocket/websocket-client/9.4.40.v20210413/websocket-client-9.4.40.v20210413.jar:/home/runner/.m2/repository/org/eclipse/jetty/jetty-client/9.4.40.v20210413/jetty-client-9.4.40.v20210413.jar:/home/runner/.m2/repository/org/eclipse/jetty/websocket/websocket-common/9.4.40.v20210413/websocket-common-9.4.40.v20210413.jar:/home/runner/.m2/repository/org/eclipse/jetty/websocket/websocket-api/9.4.40.v20210413/websocket-api-9.4.40.v20210413.jar:/home/runner/.m2/repository/org/jline/jline/3.9.0/jline-3.9.0.jar:/home/runner/.m2/repository/org/apache/hadoop/hadoop-mapreduce-client-core/3.3.1/hadoop-mapreduce-client-core-3.3.1.jar:/home/runner/.m2/repository/org/apache/avro/avro/1.7.7/avro-1.7.7.jar:/home/runner/.m2/repository/org/codehaus/jackson/jackson-core-asl/1.9.13/jackson-core-asl-1.9.13.jar:/home/runner/.m2/repository/org/codehaus/jackson/jackson-mapper-asl/1.9.13/jackson-mapper-asl-1.9.13.jar:/home/runner/.m2/repository/com/thoughtworks/paranamer/paranamer/2.3/paranamer-2.3.jar:/home/runner/.m2/repository/org/apache/hadoop/hadoop-annotations/3.3.1/hadoop-annotations-3.3.1.jar:/usr/lib/jvm/temurin-8-jdk-amd64/jre/../lib/tools.jar:/home/runner/.m2/repository/org/apache/hadoop/hadoop-distcp/3.3.1/hadoop-distcp-3.3.1-tests.jar:/home/runner/.m2/repository/org/apache/ratis/ratis-common/2.2.0/ratis-common-2.2.0.jar:/home/runner/.m2/repository/org/apache/ratis/ratis-thirdparty-misc/0.7.0/ratis-thirdparty-misc-0.7.0.jar:/home/runner/.m2/repository/org/apache/ratis/ratis-proto/2.2.0/ratis-proto-2.2.0.jar:"/>
    <property name="java.vm.vendor" value="Temurin"/>
    <property name="sun.arch.data.model" value="64"/>
    <property name="test.build.dir" value="/home/runner/work/ozone/ozone/hadoop-ozone/integration-test/target/test-dir"/>
    <property name="test.cache.data" value=""/>
    <property name="java.vendor.url" value="https://adoptium.net/"/>
    <property name="user.timezone" value=""/>
    <property name="java.vm.specification.version" value="1.8"/>
    <property name="os.name" value="Linux"/>
    <property name="test.build.data" value="/home/runner/work/ozone/ozone/hadoop-ozone/integration-test/target/test-dir"/>
    <property name="sun.java.launcher" value="SUN_STANDARD"/>
    <property name="sun.boot.library.path" value="/usr/lib/jvm/temurin-8-jdk-amd64/jre/lib/amd64"/>
    <property name="sun.java.command" value="/home/runner/work/ozone/ozone/hadoop-ozone/integration-test/target/surefire/surefirebooter8316392822106921248.jar /home/runner/work/ozone/ozone/hadoop-ozone/integration-test/target/surefire 2022-02-01T00-55-15_364-jvmRun1 surefire4537418646078433078tmp surefire_15814012841100825982tmp"/>
    <property name="surefire.test.class.path" value="/home/runner/work/ozone/ozone/hadoop-ozone/integration-test/target/test-classes:/home/runner/work/ozone/ozone/hadoop-ozone/integration-test/target/classes:/home/runner/.m2/repository/org/apache/ozone/ozone-common/1.3.0-SNAPSHOT/ozone-common-1.3.0-SNAPSHOT.jar:/home/runner/.m2/repository/org/apache/commons/commons-compress/1.21/commons-compress-1.21.jar:/home/runner/.m2/repository/org/apache/ozone/hdds-common/1.3.0-SNAPSHOT/hdds-common-1.3.0-SNAPSHOT.jar:/home/runner/.m2/repository/org/apache/ozone/hdds-client/1.3.0-SNAPSHOT/hdds-client-1.3.0-SNAPSHOT.jar:/home/runner/.m2/repository/org/apache/ozone/ozone-interface-client/1.3.0-SNAPSHOT/ozone-interface-client-1.3.0-SNAPSHOT.jar:/home/runner/.m2/repository/org/apache/ozone/hdds-test-utils/1.3.0-SNAPSHOT/hdds-test-utils-1.3.0-SNAPSHOT.jar:/home/runner/.m2/repository/com/google/guava/guava/30.1.1-jre/guava-30.1.1-jre.jar:/home/runner/.m2/repository/com/google/guava/failureaccess/1.0.1/failureaccess-1.0.1.jar:/home/runner/.m2/repository/com/google/guava/listenablefuture/9999.0-empty-to-avoid-conflict-with-guava/listenablefuture-9999.0-empty-to-avoid-conflict-with-guava.jar:/home/runner/.m2/repository/com/google/code/findbugs/jsr305/3.0.0/jsr305-3.0.0.jar:/home/runner/.m2/repository/org/checkerframework/checker-qual/3.8.0/checker-qual-3.8.0.jar:/home/runner/.m2/repository/com/google/errorprone/error_prone_annotations/2.2.0/error_prone_annotations-2.2.0.jar:/home/runner/.m2/repository/com/google/j2objc/j2objc-annotations/1.3/j2objc-annotations-1.3.jar:/home/runner/.m2/repository/commons-io/commons-io/2.11.0/commons-io-2.11.0.jar:/home/runner/.m2/repository/commons-logging/commons-logging/1.2/commons-logging-1.2.jar:/home/runner/.m2/repository/log4j/log4j/1.2.17/log4j-1.2.17.jar:/home/runner/.m2/repository/org/slf4j/slf4j-api/1.7.30/slf4j-api-1.7.30.jar:/home/runner/.m2/repository/org/apache/ozone/hdds-server-scm/1.3.0-SNAPSHOT/hdds-server-scm-1.3.0-SNAPSHOT.jar:/home/runner/.m2/repository/org/apache/ozone/hdds-container-service/1.3.0-SNAPSHOT/hdds-container-service-1.3.0-SNAPSHOT.jar:/home/runner/.m2/repository/org/apache/ozone/hdds-hadoop-dependency-server/1.3.0-SNAPSHOT/hdds-hadoop-dependency-server-1.3.0-SNAPSHOT.jar:/home/runner/.m2/repository/org/apache/hadoop/hadoop-hdfs/3.3.1/hadoop-hdfs-3.3.1.jar:/home/runner/.m2/repository/org/apache/ozone/hdds-server-framework/1.3.0-SNAPSHOT/hdds-server-framework-1.3.0-SNAPSHOT.jar:/home/runner/.m2/repository/org/apache/ozone/hdds-interface-server/1.3.0-SNAPSHOT/hdds-interface-server-1.3.0-SNAPSHOT.jar:/home/runner/.m2/repository/org/eclipse/jetty/jetty-servlet/9.4.43.v20210629/jetty-servlet-9.4.43.v20210629.jar:/home/runner/.m2/repository/org/eclipse/jetty/jetty-security/9.4.43.v20210629/jetty-security-9.4.43.v20210629.jar:/home/runner/.m2/repository/org/rocksdb/rocksdbjni/6.25.3/rocksdbjni-6.25.3.jar:/home/runner/.m2/repository/io/prometheus/simpleclient_dropwizard/0.7.0/simpleclient_dropwizard-0.7.0.jar:/home/runner/.m2/repository/io/prometheus/simpleclient/0.7.0/simpleclient-0.7.0.jar:/home/runner/.m2/repository/io/prometheus/simpleclient_common/0.7.0/simpleclient_common-0.7.0.jar:/home/runner/.m2/repository/com/fasterxml/jackson/datatype/jackson-datatype-jsr310/2.12.1/jackson-datatype-jsr310-2.12.1.jar:/home/runner/.m2/repository/io/dropwizard/metrics/metrics-core/3.2.4/metrics-core-3.2.4.jar:/home/runner/.m2/repository/org/apache/hadoop/hadoop-hdfs-client/3.3.1/hadoop-hdfs-client-3.3.1.jar:/home/runner/.m2/repository/org/bouncycastle/bcprov-jdk15on/1.67/bcprov-jdk15on-1.67.jar:/home/runner/.m2/repository/com/google/protobuf/protobuf-java/2.5.0/protobuf-java-2.5.0.jar:/home/runner/.m2/repository/org/apache/ozone/ozone-manager/1.3.0-SNAPSHOT/ozone-manager-1.3.0-SNAPSHOT.jar:/home/runner/.m2/repository/org/aspectj/aspectjrt/1.9.7/aspectjrt-1.9.7.jar:/home/runner/.m2/repository/org/aspectj/aspectjweaver/1.9.7/aspectjweaver-1.9.7.jar:/home/runner/.m2/repository/org/apache/ozone/hdds-interface-client/1.3.0-SNAPSHOT/hdds-interface-client-1.3.0-SNAPSHOT.jar:/home/runner/.m2/repository/org/apache/hadoop/thirdparty/hadoop-shaded-protobuf_3_7/1.1.1/hadoop-shaded-protobuf_3_7-1.1.1.jar:/home/runner/.m2/repository/org/apache/ozone/ozone-interface-storage/1.3.0-SNAPSHOT/ozone-interface-storage-1.3.0-SNAPSHOT.jar:/home/runner/.m2/repository/org/reflections/reflections/0.9.11/reflections-0.9.11.jar:/home/runner/.m2/repository/org/apache/hadoop/hadoop-minikdc/3.3.1/hadoop-minikdc-3.3.1.jar:/home/runner/.m2/repository/org/apache/kerby/kerb-simplekdc/1.0.1/kerb-simplekdc-1.0.1.jar:/home/runner/.m2/repository/org/apache/kerby/kerb-client/1.0.1/kerb-client-1.0.1.jar:/home/runner/.m2/repository/org/apache/kerby/kerby-config/1.0.1/kerby-config-1.0.1.jar:/home/runner/.m2/repository/org/apache/kerby/kerb-common/1.0.1/kerb-common-1.0.1.jar:/home/runner/.m2/repository/org/apache/kerby/kerb-crypto/1.0.1/kerb-crypto-1.0.1.jar:/home/runner/.m2/repository/org/apache/kerby/kerb-util/1.0.1/kerb-util-1.0.1.jar:/home/runner/.m2/repository/org/apache/kerby/token-provider/1.0.1/token-provider-1.0.1.jar:/home/runner/.m2/repository/org/apache/kerby/kerb-admin/1.0.1/kerb-admin-1.0.1.jar:/home/runner/.m2/repository/org/apache/kerby/kerb-server/1.0.1/kerb-server-1.0.1.jar:/home/runner/.m2/repository/org/apache/kerby/kerb-identity/1.0.1/kerb-identity-1.0.1.jar:/home/runner/.m2/repository/org/apache/kerby/kerby-xdr/1.0.1/kerby-xdr-1.0.1.jar:/home/runner/.m2/repository/org/slf4j/slf4j-log4j12/1.7.30/slf4j-log4j12-1.7.30.jar:/home/runner/.m2/repository/org/apache/ozone/ozone-s3gateway/1.3.0-SNAPSHOT/ozone-s3gateway-1.3.0-SNAPSHOT.jar:/home/runner/.m2/repository/org/javassist/javassist/3.21.0-GA/javassist-3.21.0-GA.jar:/home/runner/.m2/repository/org/jboss/weld/servlet/weld-servlet/2.4.7.Final/weld-servlet-2.4.7.Final.jar:/home/runner/.m2/repository/org/glassfish/jersey/containers/jersey-container-servlet-core/2.33/jersey-container-servlet-core-2.33.jar:/home/runner/.m2/repository/org/glassfish/hk2/external/jakarta.inject/2.6.1/jakarta.inject-2.6.1.jar:/home/runner/.m2/repository/org/glassfish/jersey/core/jersey-common/2.33/jersey-common-2.33.jar:/home/runner/.m2/repository/jakarta/ws/rs/jakarta.ws.rs-api/2.1.6/jakarta.ws.rs-api-2.1.6.jar:/home/runner/.m2/repository/org/glassfish/jersey/ext/cdi/jersey-cdi1x/2.33/jersey-cdi1x-2.33.jar:/home/runner/.m2/repository/org/glassfish/jersey/inject/jersey-hk2/2.33/jersey-hk2-2.33.jar:/home/runner/.m2/repository/org/glassfish/hk2/hk2-locator/2.6.1/hk2-locator-2.6.1.jar:/home/runner/.m2/repository/org/glassfish/jersey/media/jersey-media-jaxb/2.33/jersey-media-jaxb-2.33.jar:/home/runner/.m2/repository/org/glassfish/hk2/osgi-resource-locator/1.0.3/osgi-resource-locator-1.0.3.jar:/home/runner/.m2/repository/org/glassfish/hk2/hk2-api/2.5.0/hk2-api-2.5.0.jar:/home/runner/.m2/repository/org/glassfish/hk2/hk2-utils/2.5.0/hk2-utils-2.5.0.jar:/home/runner/.m2/repository/org/glassfish/hk2/external/aopalliance-repackaged/2.5.0/aopalliance-repackaged-2.5.0.jar:/home/runner/.m2/repository/com/fasterxml/jackson/dataformat/jackson-dataformat-xml/2.12.1/jackson-dataformat-xml-2.12.1.jar:/home/runner/.m2/repository/com/fasterxml/jackson/core/jackson-core/2.12.1/jackson-core-2.12.1.jar:/home/runner/.m2/repository/com/fasterxml/jackson/module/jackson-module-jaxb-annotations/2.12.1/jackson-module-jaxb-annotations-2.12.1.jar:/home/runner/.m2/repository/jakarta/xml/bind/jakarta.xml.bind-api/2.3.2/jakarta.xml.bind-api-2.3.2.jar:/home/runner/.m2/repository/org/codehaus/woodstox/stax2-api/3.1.4/stax2-api-3.1.4.jar:/home/runner/.m2/repository/com/fasterxml/woodstox/woodstox-core/5.0.3/woodstox-core-5.0.3.jar:/home/runner/.m2/repository/javax/enterprise/cdi-api/1.2/cdi-api-1.2.jar:/home/runner/.m2/repository/javax/el/javax.el-api/3.0.0/javax.el-api-3.0.0.jar:/home/runner/.m2/repository/javax/interceptor/javax.interceptor-api/1.2/javax.interceptor-api-1.2.jar:/home/runner/.m2/repository/javax/inject/javax.inject/1/javax.inject-1.jar:/home/runner/.m2/repository/javax/xml/bind/jaxb-api/2.3.0/jaxb-api-2.3.0.jar:/home/runner/.m2/repository/org/glassfish/jaxb/jaxb-runtime/2.3.0.1/jaxb-runtime-2.3.0.1.jar:/home/runner/.m2/repository/org/glassfish/jaxb/jaxb-core/2.3.0.1/jaxb-core-2.3.0.1.jar:/home/runner/.m2/repository/org/glassfish/jaxb/txw2/2.3.0.1/txw2-2.3.0.1.jar:/home/runner/.m2/repository/com/sun/istack/istack-commons-runtime/3.0.5/istack-commons-runtime-3.0.5.jar:/home/runner/.m2/repository/org/jvnet/staxex/stax-ex/1.7.8/stax-ex-1.7.8.jar:/home/runner/.m2/repository/com/sun/xml/fastinfoset/FastInfoset/1.2.13/FastInfoset-1.2.13.jar:/home/runner/.m2/repository/javax/activation/activation/1.1.1/activation-1.1.1.jar:/home/runner/.m2/repository/org/apache/ozone/ozone-csi/1.3.0-SNAPSHOT/ozone-csi-1.3.0-SNAPSHOT.jar:/home/runner/.m2/repository/com/google/protobuf/protobuf-java-util/3.12.0/protobuf-java-util-3.12.0.jar:/home/runner/.m2/repository/com/google/code/gson/gson/2.2.4/gson-2.2.4.jar:/home/runner/.m2/repository/org/apache/ozone/hdds-config/1.3.0-SNAPSHOT/hdds-config-1.3.0-SNAPSHOT.jar:/home/runner/.m2/repository/io/grpc/grpc-netty/1.33.0/grpc-netty-1.33.0.jar:/home/runner/.m2/repository/io/grpc/grpc-core/1.33.0/grpc-core-1.33.0.jar:/home/runner/.m2/repository/com/google/android/annotations/4.1.1.4/annotations-4.1.1.4.jar:/home/runner/.m2/repository/io/netty/netty-codec-http2/4.1.63.Final/netty-codec-http2-4.1.63.Final.jar:/home/runner/.m2/repository/io/netty/netty-codec-http/4.1.63.Final/netty-codec-http-4.1.63.Final.jar:/home/runner/.m2/repository/io/netty/netty-handler-proxy/4.1.63.Final/netty-handler-proxy-4.1.63.Final.jar:/home/runner/.m2/repository/io/netty/netty-codec-socks/4.1.63.Final/netty-codec-socks-4.1.63.Final.jar:/home/runner/.m2/repository/io/perfmark/perfmark-api/0.19.0/perfmark-api-0.19.0.jar:/home/runner/.m2/repository/org/codehaus/mojo/animal-sniffer-annotations/1.18/animal-sniffer-annotations-1.18.jar:/home/runner/.m2/repository/io/netty/netty-transport-native-epoll/4.1.63.Final/netty-transport-native-epoll-4.1.63.Final.jar:/home/runner/.m2/repository/io/netty/netty-common/4.1.63.Final/netty-common-4.1.63.Final.jar:/home/runner/.m2/repository/io/netty/netty-buffer/4.1.63.Final/netty-buffer-4.1.63.Final.jar:/home/runner/.m2/repository/io/netty/netty-transport-native-unix-common/4.1.63.Final/netty-transport-native-unix-common-4.1.63.Final.jar:/home/runner/.m2/repository/io/grpc/grpc-protobuf/1.33.0/grpc-protobuf-1.33.0.jar:/home/runner/.m2/repository/io/grpc/grpc-api/1.33.0/grpc-api-1.33.0.jar:/home/runner/.m2/repository/io/grpc/grpc-context/1.33.0/grpc-context-1.33.0.jar:/home/runner/.m2/repository/com/google/api/grpc/proto-google-common-protos/1.17.0/proto-google-common-protos-1.17.0.jar:/home/runner/.m2/repository/io/grpc/grpc-protobuf-lite/1.33.0/grpc-protobuf-lite-1.33.0.jar:/home/runner/.m2/repository/io/grpc/grpc-stub/1.33.0/grpc-stub-1.33.0.jar:/home/runner/.m2/repository/org/apache/ozone/ozone-recon/1.3.0-SNAPSHOT/ozone-recon-1.3.0-SNAPSHOT.jar:/home/runner/.m2/repository/org/apache/ozone/ozone-reconcodegen/1.3.0-SNAPSHOT/ozone-reconcodegen-1.3.0-SNAPSHOT.jar:/home/runner/.m2/repository/com/google/inject/extensions/guice-multibindings/4.0/guice-multibindings-4.0.jar:/home/runner/.m2/repository/com/google/inject/guice/4.0/guice-4.0.jar:/home/runner/.m2/repository/aopalliance/aopalliance/1.0/aopalliance-1.0.jar:/home/runner/.m2/repository/com/google/inject/extensions/guice-assistedinject/4.0/guice-assistedinject-4.0.jar:/home/runner/.m2/repository/com/google/inject/extensions/guice-servlet/4.0/guice-servlet-4.0.jar:/home/runner/.m2/repository/org/glassfish/jersey/containers/jersey-container-servlet/2.33/jersey-container-servlet-2.33.jar:/home/runner/.m2/repository/org/glassfish/hk2/guice-bridge/2.5.0/guice-bridge-2.5.0.jar:/home/runner/.m2/repository/org/glassfish/jersey/core/jersey-server/2.33/jersey-server-2.33.jar:/home/runner/.m2/repository/org/glassfish/jersey/core/jersey-client/2.33/jersey-client-2.33.jar:/home/runner/.m2/repository/jakarta/annotation/jakarta.annotation-api/1.3.5/jakarta.annotation-api-1.3.5.jar:/home/runner/.m2/repository/jakarta/validation/jakarta.validation-api/2.0.2/jakarta.validation-api-2.0.2.jar:/home/runner/.m2/repository/org/glassfish/jersey/media/jersey-media-json-jackson/2.33/jersey-media-json-jackson-2.33.jar:/home/runner/.m2/repository/org/glassfish/jersey/ext/jersey-entity-filtering/2.33/jersey-entity-filtering-2.33.jar:/home/runner/.m2/repository/org/jooq/jooq/3.11.10/jooq-3.11.10.jar:/home/runner/.m2/repository/org/jooq/jooq-meta/3.11.10/jooq-meta-3.11.10.jar:/home/runner/.m2/repository/org/jooq/jooq-codegen/3.11.10/jooq-codegen-3.11.10.jar:/home/runner/.m2/repository/com/jolbox/bonecp/0.8.0.RELEASE/bonecp-0.8.0.RELEASE.jar:/home/runner/.m2/repository/org/apache/derby/derby/10.14.2.0/derby-10.14.2.0.jar:/home/runner/.m2/repository/org/xerial/sqlite-jdbc/3.25.2/sqlite-jdbc-3.25.2.jar:/home/runner/.m2/repository/org/springframework/spring-jdbc/5.2.18.RELEASE/spring-jdbc-5.2.18.RELEASE.jar:/home/runner/.m2/repository/org/springframework/spring-beans/5.2.18.RELEASE/spring-beans-5.2.18.RELEASE.jar:/home/runner/.m2/repository/org/springframework/spring-core/5.2.18.RELEASE/spring-core-5.2.18.RELEASE.jar:/home/runner/.m2/repository/org/springframework/spring-jcl/5.2.18.RELEASE/spring-jcl-5.2.18.RELEASE.jar:/home/runner/.m2/repository/org/springframework/spring-tx/5.2.18.RELEASE/spring-tx-5.2.18.RELEASE.jar:/home/runner/.m2/repository/org/apache/ozone/ozone-client/1.3.0-SNAPSHOT/ozone-client-1.3.0-SNAPSHOT.jar:/home/runner/.m2/repository/org/apache/ozone/ozone-filesystem/1.3.0-SNAPSHOT/ozone-filesystem-1.3.0-SNAPSHOT.jar:/home/runner/.m2/repository/org/apache/ozone/ozone-filesystem-common/1.3.0-SNAPSHOT/ozone-filesystem-common-1.3.0-SNAPSHOT.jar:/home/runner/.m2/repository/org/apache/ozone/ozone-tools/1.3.0-SNAPSHOT/ozone-tools-1.3.0-SNAPSHOT.jar:/home/runner/.m2/repository/org/apache/ratis/ratis-tools/2.2.0/ratis-tools-2.2.0.jar:/home/runner/.m2/repository/com/amazonaws/aws-java-sdk-core/1.12.124/aws-java-sdk-core-1.12.124.jar:/home/runner/.m2/repository/org/apache/httpcomponents/httpclient/4.5.13/httpclient-4.5.13.jar:/home/runner/.m2/repository/org/apache/httpcomponents/httpcore/4.4.13/httpcore-4.4.13.jar:/home/runner/.m2/repository/software/amazon/ion/ion-java/1.0.2/ion-java-1.0.2.jar:/home/runner/.m2/repository/com/fasterxml/jackson/dataformat/jackson-dataformat-cbor/2.12.1/jackson-dataformat-cbor-2.12.1.jar:/home/runner/.m2/repository/joda-time/joda-time/2.8.1/joda-time-2.8.1.jar:/home/runner/.m2/repository/com/amazonaws/aws-java-sdk-s3/1.12.124/aws-java-sdk-s3-1.12.124.jar:/home/runner/.m2/repository/com/amazonaws/aws-java-sdk-kms/1.12.124/aws-java-sdk-kms-1.12.124.jar:/home/runner/.m2/repository/com/amazonaws/jmespath-java/1.12.124/jmespath-java-1.12.124.jar:/home/runner/.m2/repository/org/kohsuke/metainf-services/metainf-services/1.8/metainf-services-1.8.jar:/home/runner/.m2/repository/org/apache/ozone/hdds-tools/1.3.0-SNAPSHOT/hdds-tools-1.3.0-SNAPSHOT.jar:/home/runner/.m2/repository/commons-cli/commons-cli/1.2/commons-cli-1.2.jar:/home/runner/.m2/repository/org/apache/commons/commons-lang3/3.7/commons-lang3-3.7.jar:/home/runner/.m2/repository/org/apache/ozone/ozone-manager/1.3.0-SNAPSHOT/ozone-manager-1.3.0-SNAPSHOT-tests.jar:/home/runner/.m2/repository/org/apache/ozone/hdds-common/1.3.0-SNAPSHOT/hdds-common-1.3.0-SNAPSHOT-tests.jar:/home/runner/.m2/repository/org/apache/ozone/hdds-hadoop-dependency-client/1.3.0-SNAPSHOT/hdds-hadoop-dependency-client-1.3.0-SNAPSHOT.jar:/home/runner/.m2/repository/info/picocli/picocli/4.6.1/picocli-4.6.1.jar:/home/runner/.m2/repository/com/fasterxml/jackson/core/jackson-annotations/2.12.1/jackson-annotations-2.12.1.jar:/home/runner/.m2/repository/javax/annotation/javax.annotation-api/1.2/javax.annotation-api-1.2.jar:/home/runner/.m2/repository/org/apache/ratis/ratis-server/2.2.0/ratis-server-2.2.0.jar:/home/runner/.m2/repository/org/apache/ratis/ratis-client/2.2.0/ratis-client-2.2.0.jar:/home/runner/.m2/repository/org/apache/ratis/ratis-server-api/2.2.0/ratis-server-api-2.2.0.jar:/home/runner/.m2/repository/org/apache/ratis/ratis-metrics/2.2.0/ratis-metrics-2.2.0.jar:/home/runner/.m2/repository/org/apache/ratis/ratis-netty/2.2.0/ratis-netty-2.2.0.jar:/home/runner/.m2/repository/org/apache/ratis/ratis-grpc/2.2.0/ratis-grpc-2.2.0.jar:/home/runner/.m2/repository/org/apache/logging/log4j/log4j-api/2.17.1/log4j-api-2.17.1.jar:/home/runner/.m2/repository/org/apache/logging/log4j/log4j-core/2.17.1/log4j-core-2.17.1.jar:/home/runner/.m2/repository/com/lmax/disruptor/3.4.2/disruptor-3.4.2.jar:/home/runner/.m2/repository/org/apache/commons/commons-pool2/2.6.0/commons-pool2-2.6.0.jar:/home/runner/.m2/repository/org/bouncycastle/bcpkix-jdk15on/1.67/bcpkix-jdk15on-1.67.jar:/home/runner/.m2/repository/commons-validator/commons-validator/1.6/commons-validator-1.6.jar:/home/runner/.m2/repository/commons-beanutils/commons-beanutils/1.9.4/commons-beanutils-1.9.4.jar:/home/runner/.m2/repository/commons-digester/commons-digester/1.8.1/commons-digester-1.8.1.jar:/home/runner/.m2/repository/commons-collections/commons-collections/3.2.2/commons-collections-3.2.2.jar:/home/runner/.m2/repository/io/jaegertracing/jaeger-client/1.6.0/jaeger-client-1.6.0.jar:/home/runner/.m2/repository/io/jaegertracing/jaeger-thrift/1.6.0/jaeger-thrift-1.6.0.jar:/home/runner/.m2/repository/org/apache/thrift/libthrift/0.14.1/libthrift-0.14.1.jar:/home/runner/.m2/repository/com/squareup/okhttp3/okhttp/4.9.0/okhttp-4.9.0.jar:/home/runner/.m2/repository/com/squareup/okio/okio/2.8.0/okio-2.8.0.jar:/home/runner/.m2/repository/io/jaegertracing/jaeger-core/1.6.0/jaeger-core-1.6.0.jar:/home/runner/.m2/repository/io/jaegertracing/jaeger-tracerresolver/1.6.0/jaeger-tracerresolver-1.6.0.jar:/home/runner/.m2/repository/io/opentracing/contrib/opentracing-tracerresolver/0.1.8/opentracing-tracerresolver-0.1.8.jar:/home/runner/.m2/repository/org/jetbrains/kotlin/kotlin-stdlib/1.4.31/kotlin-stdlib-1.4.31.jar:/home/runner/.m2/repository/org/jetbrains/kotlin/kotlin-stdlib-common/1.4.31/kotlin-stdlib-common-1.4.31.jar:/home/runner/.m2/repository/org/jetbrains/annotations/13.0/annotations-13.0.jar:/home/runner/.m2/repository/io/opentracing/opentracing-util/0.33.0/opentracing-util-0.33.0.jar:/home/runner/.m2/repository/io/opentracing/opentracing-api/0.33.0/opentracing-api-0.33.0.jar:/home/runner/.m2/repository/io/opentracing/opentracing-noop/0.33.0/opentracing-noop-0.33.0.jar:/home/runner/.m2/repository/org/yaml/snakeyaml/1.26/snakeyaml-1.26.jar:/home/runner/.m2/repository/org/apache/ozone/hdds-interface-admin/1.3.0-SNAPSHOT/hdds-interface-admin-1.3.0-SNAPSHOT.jar:/home/runner/.m2/repository/junit/junit/4.13.1/junit-4.13.1.jar:/home/runner/.m2/repository/org/hamcrest/hamcrest-core/1.3/hamcrest-core-1.3.jar:/home/runner/.m2/repository/org/junit/jupiter/junit-jupiter-api/5.7.0/junit-jupiter-api-5.7.0.jar:/home/runner/.m2/repository/org/apiguardian/apiguardian-api/1.1.0/apiguardian-api-1.1.0.jar:/home/runner/.m2/repository/org/opentest4j/opentest4j/1.2.0/opentest4j-1.2.0.jar:/home/runner/.m2/repository/org/junit/platform/junit-platform-commons/1.7.0/junit-platform-commons-1.7.0.jar:/home/runner/.m2/repository/org/junit/jupiter/junit-jupiter-engine/5.7.0/junit-jupiter-engine-5.7.0.jar:/home/runner/.m2/repository/org/junit/platform/junit-platform-engine/1.7.0/junit-platform-engine-1.7.0.jar:/home/runner/.m2/repository/org/junit/vintage/junit-vintage-engine/5.7.0/junit-vintage-engine-5.7.0.jar:/home/runner/.m2/repository/org/junit/platform/junit-platform-launcher/1.7.0/junit-platform-launcher-1.7.0.jar:/home/runner/.m2/repository/org/mockito/mockito-core/2.28.2/mockito-core-2.28.2.jar:/home/runner/.m2/repository/net/bytebuddy/byte-buddy/1.9.10/byte-buddy-1.9.10.jar:/home/runner/.m2/repository/net/bytebuddy/byte-buddy-agent/1.9.10/byte-buddy-agent-1.9.10.jar:/home/runner/.m2/repository/org/objenesis/objenesis/1.0/objenesis-1.0.jar:/home/runner/.m2/repository/org/apache/hadoop/hadoop-kms/3.3.1/hadoop-kms-3.3.1.jar:/home/runner/.m2/repository/org/apache/hadoop/hadoop-auth/3.3.1/hadoop-auth-3.3.1.jar:/home/runner/.m2/repository/com/nimbusds/nimbus-jose-jwt/7.9/nimbus-jose-jwt-7.9.jar:/home/runner/.m2/repository/com/github/stephenc/jcip/jcip-annotations/1.0-1/jcip-annotations-1.0-1.jar:/home/runner/.m2/repository/net/minidev/json-smart/2.3.1/json-smart-2.3.1.jar:/home/runner/.m2/repository/net/minidev/accessors-smart/2.3.1/accessors-smart-2.3.1.jar:/home/runner/.m2/repository/org/ow2/asm/asm/5.0.4/asm-5.0.4.jar:/home/runner/.m2/repository/org/apache/zookeeper/zookeeper/3.5.6/zookeeper-3.5.6.jar:/home/runner/.m2/repository/org/apache/zookeeper/zookeeper-jute/3.5.6/zookeeper-jute-3.5.6.jar:/home/runner/.m2/repository/org/apache/yetus/audience-annotations/0.5.0/audience-annotations-0.5.0.jar:/home/runner/.m2/repository/org/apache/curator/curator-framework/4.2.0/curator-framework-4.2.0.jar:/home/runner/.m2/repository/org/apache/hadoop/thirdparty/hadoop-shaded-guava/1.1.1/hadoop-shaded-guava-1.1.1.jar:/home/runner/.m2/repository/com/sun/jersey/jersey-core/1.19/jersey-core-1.19.jar:/home/runner/.m2/repository/javax/ws/rs/jsr311-api/1.1.1/jsr311-api-1.1.1.jar:/home/runner/.m2/repository/com/sun/jersey/jersey-server/1.19/jersey-server-1.19.jar:/home/runner/.m2/repository/javax/servlet/javax.servlet-api/3.1.0/javax.servlet-api-3.1.0.jar:/home/runner/.m2/repository/org/eclipse/jetty/jetty-server/9.4.43.v20210629/jetty-server-9.4.43.v20210629.jar:/home/runner/.m2/repository/org/eclipse/jetty/jetty-http/9.4.43.v20210629/jetty-http-9.4.43.v20210629.jar:/home/runner/.m2/repository/org/eclipse/jetty/jetty-io/9.4.43.v20210629/jetty-io-9.4.43.v20210629.jar:/home/runner/.m2/repository/org/eclipse/jetty/jetty-webapp/9.4.43.v20210629/jetty-webapp-9.4.43.v20210629.jar:/home/runner/.m2/repository/org/eclipse/jetty/jetty-xml/9.4.43.v20210629/jetty-xml-9.4.43.v20210629.jar:/home/runner/.m2/repository/org/apache/hadoop/hadoop-common/3.3.1/hadoop-common-3.3.1.jar:/home/runner/.m2/repository/org/apache/commons/commons-math3/3.1.1/commons-math3-3.1.1.jar:/home/runner/.m2/repository/commons-net/commons-net/3.6/commons-net-3.6.jar:/home/runner/.m2/repository/jakarta/activation/jakarta.activation-api/1.2.1/jakarta.activation-api-1.2.1.jar:/home/runner/.m2/repository/com/sun/jersey/jersey-servlet/1.19/jersey-servlet-1.19.jar:/home/runner/.m2/repository/com/sun/jersey/jersey-json/1.19/jersey-json-1.19.jar:/home/runner/.m2/repository/org/codehaus/jettison/jettison/1.1/jettison-1.1.jar:/home/runner/.m2/repository/com/sun/xml/bind/jaxb-impl/2.2.3-1/jaxb-impl-2.2.3-1.jar:/home/runner/.m2/repository/org/codehaus/jackson/jackson-jaxrs/1.9.2/jackson-jaxrs-1.9.2.jar:/home/runner/.m2/repository/org/codehaus/jackson/jackson-xc/1.9.2/jackson-xc-1.9.2.jar:/home/runner/.m2/repository/org/apache/commons/commons-configuration2/2.1.1/commons-configuration2-2.1.1.jar:/home/runner/.m2/repository/org/apache/commons/commons-text/1.4/commons-text-1.4.jar:/home/runner/.m2/repository/com/google/re2j/re2j/1.1/re2j-1.1.jar:/home/runner/.m2/repository/com/jcraft/jsch/0.1.54/jsch-0.1.54.jar:/home/runner/.m2/repository/org/apache/curator/curator-client/4.2.0/curator-client-4.2.0.jar:/home/runner/.m2/repository/org/apache/curator/curator-recipes/4.2.0/curator-recipes-4.2.0.jar:/home/runner/.m2/repository/org/apache/kerby/kerb-core/1.0.1/kerb-core-1.0.1.jar:/home/runner/.m2/repository/org/apache/kerby/kerby-pkix/1.0.1/kerby-pkix-1.0.1.jar:/home/runner/.m2/repository/org/apache/kerby/kerby-asn1/1.0.1/kerby-asn1-1.0.1.jar:/home/runner/.m2/repository/org/apache/kerby/kerby-util/1.0.1/kerby-util-1.0.1.jar:/home/runner/.m2/repository/dnsjava/dnsjava/2.1.7/dnsjava-2.1.7.jar:/home/runner/.m2/repository/org/xerial/snappy/snappy-java/1.1.8.2/snappy-java-1.1.8.2.jar:/home/runner/.m2/repository/org/slf4j/jul-to-slf4j/1.7.30/jul-to-slf4j-1.7.30.jar:/home/runner/.m2/repository/org/eclipse/jetty/jetty-util/9.4.43.v20210629/jetty-util-9.4.43.v20210629.jar:/home/runner/.m2/repository/com/fasterxml/jackson/core/jackson-databind/2.12.1/jackson-databind-2.12.1.jar:/home/runner/.m2/repository/org/apache/hadoop/hadoop-kms/3.3.1/hadoop-kms-3.3.1-tests.jar:/home/runner/.m2/repository/org/apache/ozone/hdds-server-scm/1.3.0-SNAPSHOT/hdds-server-scm-1.3.0-SNAPSHOT-tests.jar:/home/runner/.m2/repository/org/apache/ozone/hdds-container-service/1.3.0-SNAPSHOT/hdds-container-service-1.3.0-SNAPSHOT-tests.jar:/home/runner/.m2/repository/commons-codec/commons-codec/1.11/commons-codec-1.11.jar:/home/runner/.m2/repository/io/netty/netty-transport/4.1.63.Final/netty-transport-4.1.63.Final.jar:/home/runner/.m2/repository/io/netty/netty-resolver/4.1.63.Final/netty-resolver-4.1.63.Final.jar:/home/runner/.m2/repository/io/netty/netty-codec/4.1.63.Final/netty-codec-4.1.63.Final.jar:/home/runner/.m2/repository/io/netty/netty-handler/4.1.63.Final/netty-handler-4.1.63.Final.jar:/home/runner/.m2/repository/org/apache/ozone/hdds-hadoop-dependency-test/1.3.0-SNAPSHOT/hdds-hadoop-dependency-test-1.3.0-SNAPSHOT.jar:/home/runner/.m2/repository/org/apache/hadoop/hadoop-common/3.3.1/hadoop-common-3.3.1-tests.jar:/home/runner/.m2/repository/org/assertj/assertj-core/3.12.2/assertj-core-3.12.2.jar:/home/runner/.m2/repository/org/apache/hadoop/hadoop-hdfs/3.3.1/hadoop-hdfs-3.3.1-tests.jar:/home/runner/.m2/repository/org/eclipse/jetty/jetty-util-ajax/9.4.43.v20210629/jetty-util-ajax-9.4.43.v20210629.jar:/home/runner/.m2/repository/commons-daemon/commons-daemon/1.0.13/commons-daemon-1.0.13.jar:/home/runner/.m2/repository/io/netty/netty/3.10.6.Final/netty-3.10.6.Final.jar:/home/runner/.m2/repository/io/netty/netty-all/4.1.63.Final/netty-all-4.1.63.Final.jar:/home/runner/.m2/repository/org/apache/htrace/htrace-core4/4.1.0-incubating/htrace-core4-4.1.0-incubating.jar:/home/runner/.m2/repository/org/fusesource/leveldbjni/leveldbjni-all/1.8/leveldbjni-all-1.8.jar:/home/runner/.m2/repository/org/apache/hadoop/hadoop-distcp/3.3.1/hadoop-distcp-3.3.1.jar:/home/runner/.m2/repository/org/apache/hadoop/hadoop-mapreduce-client-jobclient/3.3.1/hadoop-mapreduce-client-jobclient-3.3.1.jar:/home/runner/.m2/repository/org/apache/hadoop/hadoop-mapreduce-client-common/3.3.1/hadoop-mapreduce-client-common-3.3.1.jar:/home/runner/.m2/repository/org/apache/hadoop/hadoop-yarn-common/3.3.1/hadoop-yarn-common-3.3.1.jar:/home/runner/.m2/repository/org/apache/hadoop/hadoop-yarn-api/3.3.1/hadoop-yarn-api-3.3.1.jar:/home/runner/.m2/repository/com/sun/jersey/jersey-client/1.19/jersey-client-1.19.jar:/home/runner/.m2/repository/com/sun/jersey/contribs/jersey-guice/1.19/jersey-guice-1.19.jar:/home/runner/.m2/repository/com/fasterxml/jackson/jaxrs/jackson-jaxrs-json-provider/2.12.1/jackson-jaxrs-json-provider-2.12.1.jar:/home/runner/.m2/repository/com/fasterxml/jackson/jaxrs/jackson-jaxrs-base/2.12.1/jackson-jaxrs-base-2.12.1.jar:/home/runner/.m2/repository/org/apache/hadoop/hadoop-yarn-client/3.3.1/hadoop-yarn-client-3.3.1.jar:/home/runner/.m2/repository/org/eclipse/jetty/websocket/websocket-client/9.4.40.v20210413/websocket-client-9.4.40.v20210413.jar:/home/runner/.m2/repository/org/eclipse/jetty/jetty-client/9.4.40.v20210413/jetty-client-9.4.40.v20210413.jar:/home/runner/.m2/repository/org/eclipse/jetty/websocket/websocket-common/9.4.40.v20210413/websocket-common-9.4.40.v20210413.jar:/home/runner/.m2/repository/org/eclipse/jetty/websocket/websocket-api/9.4.40.v20210413/websocket-api-9.4.40.v20210413.jar:/home/runner/.m2/repository/org/jline/jline/3.9.0/jline-3.9.0.jar:/home/runner/.m2/repository/org/apache/hadoop/hadoop-mapreduce-client-core/3.3.1/hadoop-mapreduce-client-core-3.3.1.jar:/home/runner/.m2/repository/org/apache/avro/avro/1.7.7/avro-1.7.7.jar:/home/runner/.m2/repository/org/codehaus/jackson/jackson-core-asl/1.9.13/jackson-core-asl-1.9.13.jar:/home/runner/.m2/repository/org/codehaus/jackson/jackson-mapper-asl/1.9.13/jackson-mapper-asl-1.9.13.jar:/home/runner/.m2/repository/com/thoughtworks/paranamer/paranamer/2.3/paranamer-2.3.jar:/home/runner/.m2/repository/org/apache/hadoop/hadoop-annotations/3.3.1/hadoop-annotations-3.3.1.jar:/usr/lib/jvm/temurin-8-jdk-amd64/jre/../lib/tools.jar:/home/runner/.m2/repository/org/apache/hadoop/hadoop-distcp/3.3.1/hadoop-distcp-3.3.1-tests.jar:/home/runner/.m2/repository/org/apache/ratis/ratis-common/2.2.0/ratis-common-2.2.0.jar:/home/runner/.m2/repository/org/apache/ratis/ratis-thirdparty-misc/0.7.0/ratis-thirdparty-misc-0.7.0.jar:/home/runner/.m2/repository/org/apache/ratis/ratis-proto/2.2.0/ratis-proto-2.2.0.jar:"/>
    <property name="sun.cpu.endian" value="little"/>
    <property name="user.home" value="/home/runner"/>
    <property name="user.language" value="en"/>
    <property name="java.specification.vendor" value="Oracle Corporation"/>
    <property name="java.home" value="/usr/lib/jvm/temurin-8-jdk-amd64/jre"/>
    <property name="java.security.krb5.conf" value="/home/runner/work/ozone/ozone/hadoop-ozone/integration-test/target/test-classes/krb5.conf"/>
    <property name="basedir" value="/home/runner/work/ozone/ozone/hadoop-ozone/integration-test"/>
    <property name="file.separator" value="/"/>
    <property name="line.separator" value="&#10;"/>
    <property name="java.vm.specification.vendor" value="Oracle Corporation"/>
    <property name="java.specification.name" value="Java Platform API Specification"/>
    <property name="java.awt.graphicsenv" value="sun.awt.X11GraphicsEnvironment"/>
    <property name="skip.installnpx" value="true"/>
    <property name="surefire.real.class.path" value="/home/runner/work/ozone/ozone/hadoop-ozone/integration-test/target/surefire/surefirebooter8316392822106921248.jar:/home/runner/.m2/repository/org/jacoco/org.jacoco.agent/0.8.5/org.jacoco.agent-0.8.5-runtime.jar"/>
    <property name="hadoop.log.dir" value="/home/runner/work/ozone/ozone/hadoop-ozone/integration-test/target/log"/>
    <property name="sun.boot.class.path" value="/usr/lib/jvm/temurin-8-jdk-amd64/jre/lib/resources.jar:/usr/lib/jvm/temurin-8-jdk-amd64/jre/lib/rt.jar:/usr/lib/jvm/temurin-8-jdk-amd64/jre/lib/sunrsasign.jar:/usr/lib/jvm/temurin-8-jdk-amd64/jre/lib/jsse.jar:/usr/lib/jvm/temurin-8-jdk-amd64/jre/lib/jce.jar:/usr/lib/jvm/temurin-8-jdk-amd64/jre/lib/charsets.jar:/usr/lib/jvm/temurin-8-jdk-amd64/jre/lib/jfr.jar:/usr/lib/jvm/temurin-8-jdk-amd64/jre/classes"/>
    <property name="sun.management.compiler" value="HotSpot 64-Bit Tiered Compilers"/>
    <property name="skip.npx" value="true"/>
    <property name="java.runtime.version" value="1.8.0_312-b07"/>
    <property name="java.net.preferIPv4Stack" value="true"/>
    <property name="user.name" value="runner"/>
    <property name="path.separator" value=":"/>
    <property name="java.security.egd" value="file:///dev/urandom"/>
    <property name="os.version" value="5.4.0-1067-azure"/>
    <property name="java.endorsed.dirs" value="/usr/lib/jvm/temurin-8-jdk-amd64/jre/lib/endorsed"/>
    <property name="java.runtime.name" value="OpenJDK Runtime Environment"/>
    <property name="file.encoding" value="UTF-8"/>
    <property name="java.vm.name" value="OpenJDK 64-Bit Server VM"/>
    <property name="test.build.webapps" value=""/>
    <property name="localRepository" value="/home/runner/.m2/repository"/>
    <property name="java.vendor.url.bug" value="https://github.com/adoptium/adoptium-support/issues"/>
    <property name="java.io.tmpdir" value="/tmp"/>
    <property name="require.test.libhadoop" value=""/>
    <property name="java.version" value="1.8.0_312"/>
    <property name="user.dir" value="/home/runner/work/ozone/ozone/hadoop-ozone/integration-test"/>
    <property name="os.arch" value="amd64"/>
    <property name="java.vm.specification.name" value="Java Virtual Machine Specification"/>
    <property name="test.build.classes" value="/home/runner/work/ozone/ozone/hadoop-ozone/integration-test/target/test-classes"/>
    <property name="java.awt.printerjob" value="sun.print.PSPrinterJob"/>
    <property name="sun.os.patch.level" value="unknown"/>
    <property name="hadoop.tmp.dir" value="/home/runner/work/ozone/ozone/hadoop-ozone/integration-test/target/tmp"/>
    <property name="java.library.path" value="/usr/java/packages/lib/amd64:/usr/lib64:/lib64:/lib:/usr/lib"/>
    <property name="java.vm.info" value="mixed mode"/>
    <property name="java.vendor" value="Temurin"/>
    <property name="java.vm.version" value="25.312-b07"/>
    <property name="java.ext.dirs" value="/usr/lib/jvm/temurin-8-jdk-amd64/jre/lib/ext:/usr/java/packages/lib/ext"/>
    <property name="sun.io.unicode.encoding" value="UnicodeLittle"/>
    <property name="java.class.version" value="52.0"/>
  </properties>
  <testcase name="testMultipleDataDirs" classname="org.apache.hadoop.ozone.TestMiniOzoneCluster" time="31.65"/>
  <testcase name="testStartMultipleDatanodes" classname="org.apache.hadoop.ozone.TestMiniOzoneCluster" time="46.379"/>
  <testcase name="testDNstartAfterSCM" classname="org.apache.hadoop.ozone.TestMiniOzoneCluster" time="118.46">
    <error message="test timed out after 100000 milliseconds" type="org.junit.runners.model.TestTimedOutException">org.junit.runners.model.TestTimedOutException: test timed out after 100000 milliseconds
	at java.lang.Thread.sleep(Native Method)
	at org.apache.hadoop.ozone.TestMiniOzoneCluster.testDNstartAfterSCM(TestMiniOzoneCluster.java:334)
	at sun.reflect.NativeMethodAccessorImpl.invoke0(Native Method)
	at sun.reflect.NativeMethodAccessorImpl.invoke(NativeMethodAccessorImpl.java:62)
	at sun.reflect.DelegatingMethodAccessorImpl.invoke(DelegatingMethodAccessorImpl.java:43)
	at java.lang.reflect.Method.invoke(Method.java:498)
	at org.junit.runners.model.FrameworkMethod$1.runReflectiveCall(FrameworkMethod.java:59)
	at org.junit.internal.runners.model.ReflectiveCallable.run(ReflectiveCallable.java:12)
	at org.junit.runners.model.FrameworkMethod.invokeExplosively(FrameworkMethod.java:56)
	at org.junit.internal.runners.statements.InvokeMethod.evaluate(InvokeMethod.java:17)
	at org.junit.internal.runners.statements.FailOnTimeout$CallableStatement.call(FailOnTimeout.java:288)
	at org.junit.internal.runners.statements.FailOnTimeout$CallableStatement.call(FailOnTimeout.java:282)
	at java.util.concurrent.FutureTask.run(FutureTask.java:266)
	at java.lang.Thread.run(Thread.java:748)
</error>
    <system-out><![CDATA[2022-02-01 01:14:13,077 [Time-limited test] WARN  server.ServerUtils (ServerUtils.java:getScmDbDir(148)) - ozone.scm.db.dirs is not configured. We recommend adding this setting. Falling back to ozone.metadata.dirs instead.
2022-02-01 01:14:13,084 [Time-limited test] INFO  ha.SCMHANodeDetails (SCMHANodeDetails.java:loadSCMHAConfig(157)) - ServiceID for StorageContainerManager is null
2022-02-01 01:14:13,085 [Time-limited test] INFO  ha.SCMHANodeDetails (SCMHANodeDetails.java:loadSCMHAConfig(162)) - ozone.scm.default.service.id is not defined, falling back to ozone.scm.service.ids to find serviceID for StorageContainerManager if it is HA enabled cluster
2022-02-01 01:14:13,085 [Time-limited test] INFO  server.RaftServer (ConfUtils.java:logGet(44)) - raft.rpc.type = GRPC (default)
2022-02-01 01:14:13,086 [Time-limited test] INFO  grpc.GrpcFactory (GrpcFactory.java:checkPooledByteBufAllocatorUseCacheForAllThreads(48)) - PERFORMANCE WARNING: useCacheForAllThreads is true that may cause Netty to create a lot garbage objects and, as a result, trigger GC.
	It is recommended to disable useCacheForAllThreads by setting -Dorg.apache.ratis.thirdparty.io.netty.allocator.useCacheForAllThreads=false in command line.
2022-02-01 01:14:13,086 [Time-limited test] INFO  grpc.GrpcConfigKeys (ConfUtils.java:logGet(44)) - raft.grpc.admin.port = -1 (default)
2022-02-01 01:14:13,086 [Time-limited test] INFO  grpc.GrpcConfigKeys (ConfUtils.java:logGet(44)) - raft.grpc.server.port = 9894 (custom)
2022-02-01 01:14:13,086 [Time-limited test] INFO  grpc.GrpcConfigKeys (ConfUtils.java:logGet(44)) - raft.grpc.client.port = -1 (default)
2022-02-01 01:14:13,086 [Time-limited test] INFO  grpc.GrpcConfigKeys (ConfUtils.java:logGet(44)) - raft.grpc.server.port = 9894 (custom)
2022-02-01 01:14:13,086 [Time-limited test] INFO  grpc.GrpcConfigKeys (ConfUtils.java:logGet(44)) - raft.grpc.server.port = 9894 (custom)
2022-02-01 01:14:13,086 [Time-limited test] INFO  server.GrpcService (ConfUtils.java:logGet(44)) - raft.grpc.message.size.max = 32m (=33554432) (custom)
2022-02-01 01:14:13,086 [Time-limited test] INFO  server.RaftServerConfigKeys (ConfUtils.java:logGet(44)) - raft.server.log.appender.buffer.byte-limit = 33554432 (custom)
2022-02-01 01:14:13,086 [Time-limited test] INFO  server.GrpcService (ConfUtils.java:logGet(44)) - raft.grpc.flow.control.window = 1MB (=1048576) (default)
2022-02-01 01:14:13,086 [Time-limited test] INFO  server.RaftServerConfigKeys (ConfUtils.java:logGet(44)) - raft.server.rpc.request.timeout = 30000ms (custom)
2022-02-01 01:14:13,089 [Time-limited test] INFO  impl.DataStreamServerImpl (ConfUtils.java:logGet(44)) - raft.datastream.type = DISABLED (default)
2022-02-01 01:14:13,092 [Time-limited test] INFO  server.RaftServerConfigKeys (ConfUtils.java:logGet(44)) - raft.server.rpc.slowness.timeout = 120000ms (custom)
2022-02-01 01:14:13,092 [Time-limited test] INFO  server.RaftServerConfigKeys (ConfUtils.java:logGet(44)) - raft.server.leaderelection.leader.step-down.wait-time = 10s (default)
2022-02-01 01:14:13,092 [Time-limited test] INFO  server.RaftServerConfigKeys (ConfUtils.java:logGet(44)) - raft.server.storage.dir = [/home/runner/work/ozone/ozone/hadoop-ozone/integration-test/target/test-dir/MiniOzoneClusterImpl-72297f51-d642-4b09-97fa-35b2ed17483c/ozone-meta/scm-ha] (custom)
2022-02-01 01:14:13,096 [Time-limited test] INFO  server.RaftServer (RaftServerProxy.java:addNew(95)) - b34924e2-f0b8-44a8-9154-7e30bb998241: addNew group-35B2ED17483C:[b34924e2-f0b8-44a8-9154-7e30bb998241|rpc:fv-az151-917:9894|priority:0] returns group-35B2ED17483C:java.util.concurrent.CompletableFuture@17820eea[Not completed]
2022-02-01 01:14:13,105 [pool-189-thread-1] INFO  server.RaftServer$Division (RaftServerImpl.java:<init>(184)) - b34924e2-f0b8-44a8-9154-7e30bb998241: new RaftServerImpl for group-35B2ED17483C:[b34924e2-f0b8-44a8-9154-7e30bb998241|rpc:fv-az151-917:9894|priority:0] with SCMStateMachine:uninitialized
2022-02-01 01:14:13,109 [pool-189-thread-1] INFO  server.RaftServerConfigKeys (ConfUtils.java:logGet(44)) - raft.server.rpc.timeout.min = 5000ms (custom)
2022-02-01 01:14:13,109 [pool-189-thread-1] INFO  server.RaftServerConfigKeys (ConfUtils.java:logGet(44)) - raft.server.rpc.timeout.max = 5200ms (custom)
2022-02-01 01:14:13,109 [pool-189-thread-1] INFO  server.RaftServerConfigKeys (ConfUtils.java:logGet(44)) - raft.server.rpc.sleep.time = 25ms (default)
2022-02-01 01:14:13,109 [pool-189-thread-1] INFO  server.RaftServerConfigKeys (ConfUtils.java:logGet(44)) - raft.server.rpc.slowness.timeout = 120000ms (custom)
2022-02-01 01:14:13,109 [pool-189-thread-1] INFO  server.RaftServerConfigKeys (ConfUtils.java:logGet(44)) - raft.server.leaderelection.leader.step-down.wait-time = 10s (default)
2022-02-01 01:14:13,110 [pool-189-thread-1] INFO  server.RaftServerConfigKeys (ConfUtils.java:logGet(44)) - raft.server.sleep.deviation.threshold = 300ms (default)
2022-02-01 01:14:13,110 [pool-189-thread-1] INFO  server.RaftServerConfigKeys (ConfUtils.java:logGet(44)) - raft.server.log.appender.install.snapshot.enabled = false (custom)
2022-02-01 01:14:13,110 [pool-189-thread-1] INFO  server.RaftServer$Division (ServerState.java:<init>(105)) - b34924e2-f0b8-44a8-9154-7e30bb998241@group-35B2ED17483C: ConfigurationManager, init=-1: [b34924e2-f0b8-44a8-9154-7e30bb998241|rpc:fv-az151-917:9894|priority:0], old=null, confs=<EMPTY_MAP>
2022-02-01 01:14:13,110 [pool-189-thread-1] INFO  server.RaftServerConfigKeys (ConfUtils.java:logGet(44)) - raft.server.storage.dir = [/home/runner/work/ozone/ozone/hadoop-ozone/integration-test/target/test-dir/MiniOzoneClusterImpl-72297f51-d642-4b09-97fa-35b2ed17483c/ozone-meta/scm-ha] (custom)
2022-02-01 01:14:13,110 [pool-189-thread-1] INFO  server.RaftServerConfigKeys (ConfUtils.java:logGet(44)) - raft.server.log.corruption.policy = EXCEPTION (default)
2022-02-01 01:14:13,110 [pool-189-thread-1] INFO  server.RaftServerConfigKeys (ConfUtils.java:logGet(44)) - raft.server.storage.free-space.min = 0MB (=0) (default)
2022-02-01 01:14:13,110 [pool-189-thread-1] INFO  storage.RaftStorageDirectory (RaftStorageDirectoryImpl.java:analyzeStorage(135)) - The storage directory /home/runner/work/ozone/ozone/hadoop-ozone/integration-test/target/test-dir/MiniOzoneClusterImpl-72297f51-d642-4b09-97fa-35b2ed17483c/ozone-meta/scm-ha/72297f51-d642-4b09-97fa-35b2ed17483c does not exist. Creating ...
2022-02-01 01:14:13,112 [pool-189-thread-1] INFO  storage.RaftStorageDirectory (RaftStorageDirectoryImpl.java:tryLock(230)) - Lock on /home/runner/work/ozone/ozone/hadoop-ozone/integration-test/target/test-dir/MiniOzoneClusterImpl-72297f51-d642-4b09-97fa-35b2ed17483c/ozone-meta/scm-ha/72297f51-d642-4b09-97fa-35b2ed17483c/in_use.lock acquired by nodename 23777@fv-az151-917
2022-02-01 01:14:13,113 [pool-189-thread-1] INFO  storage.RaftStorage (RaftStorageImpl.java:format(89)) - Storage directory /home/runner/work/ozone/ozone/hadoop-ozone/integration-test/target/test-dir/MiniOzoneClusterImpl-72297f51-d642-4b09-97fa-35b2ed17483c/ozone-meta/scm-ha/72297f51-d642-4b09-97fa-35b2ed17483c has been successfully formatted.
2022-02-01 01:14:13,113 [pool-189-thread-1] INFO  server.RaftServerConfigKeys (ConfUtils.java:logGet(44)) - raft.server.notification.no-leader.timeout = 60s (default)
2022-02-01 01:14:13,113 [pool-189-thread-1] INFO  server.RaftServerConfigKeys (ConfUtils.java:logGet(44)) - raft.server.log.use.memory = false (default)
2022-02-01 01:14:13,113 [pool-189-thread-1] INFO  server.RaftServerConfigKeys (ConfUtils.java:logGet(44)) - raft.server.log.purge.gap = 1000000 (custom)
2022-02-01 01:14:13,113 [pool-189-thread-1] INFO  server.RaftServerConfigKeys (ConfUtils.java:logGet(44)) - raft.server.log.appender.buffer.byte-limit = 33554432 (custom)
2022-02-01 01:14:13,128 [pool-189-thread-1] INFO  server.RaftServerConfigKeys (ConfUtils.java:logGet(44)) - raft.server.log.segment.size.max = 4194304 (custom)
2022-02-01 01:14:13,128 [pool-189-thread-1] INFO  server.RaftServerConfigKeys (ConfUtils.java:logGet(44)) - raft.server.log.segment.cache.num.max = 2 (custom)
2022-02-01 01:14:13,129 [pool-189-thread-1] INFO  server.RaftServerConfigKeys (ConfUtils.java:logGet(44)) - raft.server.log.segment.cache.size.max = 200MB (=209715200) (default)
2022-02-01 01:14:13,129 [pool-189-thread-1] INFO  segmented.SegmentedRaftLogWorker (SegmentedRaftLogWorker.java:<init>(182)) - new b34924e2-f0b8-44a8-9154-7e30bb998241@group-35B2ED17483C-SegmentedRaftLogWorker for RaftStorageImpl:Storage Directory /home/runner/work/ozone/ozone/hadoop-ozone/integration-test/target/test-dir/MiniOzoneClusterImpl-72297f51-d642-4b09-97fa-35b2ed17483c/ozone-meta/scm-ha/72297f51-d642-4b09-97fa-35b2ed17483c
2022-02-01 01:14:13,132 [pool-189-thread-1] INFO  server.RaftServerConfigKeys (ConfUtils.java:logGet(44)) - raft.server.log.queue.byte-limit = 64MB (=67108864) (default)
2022-02-01 01:14:13,133 [pool-189-thread-1] INFO  server.RaftServerConfigKeys (ConfUtils.java:logGet(44)) - raft.server.log.queue.element-limit = 4096 (default)
2022-02-01 01:14:13,134 [pool-189-thread-1] INFO  server.RaftServerConfigKeys (ConfUtils.java:logGet(44)) - raft.server.log.segment.size.max = 4194304 (custom)
2022-02-01 01:14:13,134 [pool-189-thread-1] INFO  server.RaftServerConfigKeys (ConfUtils.java:logGet(44)) - raft.server.log.preallocated.size = 4194304 (custom)
2022-02-01 01:14:13,134 [pool-189-thread-1] INFO  server.RaftServerConfigKeys (ConfUtils.java:logGet(44)) - raft.server.log.force.sync.num = 128 (default)
2022-02-01 01:14:13,134 [pool-189-thread-1] INFO  server.RaftServerConfigKeys (ConfUtils.java:logGet(44)) - raft.server.log.statemachine.data.sync = true (default)
2022-02-01 01:14:13,134 [pool-189-thread-1] INFO  server.RaftServerConfigKeys (ConfUtils.java:logGet(44)) - raft.server.log.statemachine.data.sync.timeout = 10s (default)
2022-02-01 01:14:13,134 [pool-189-thread-1] INFO  server.RaftServerConfigKeys (ConfUtils.java:logGet(44)) - raft.server.log.statemachine.data.sync.timeout.retry = -1 (default)
2022-02-01 01:14:13,136 [pool-189-thread-1] INFO  server.RaftServerConfigKeys (ConfUtils.java:logGet(44)) - raft.server.log.write.buffer.size = 64KB (=65536) (default)
2022-02-01 01:14:13,136 [pool-189-thread-1] INFO  server.RaftServerConfigKeys (ConfUtils.java:logGet(44)) - raft.server.log.statemachine.data.caching.enabled = false (default)
2022-02-01 01:14:13,137 [pool-189-thread-1] INFO  segmented.SegmentedRaftLogWorker (SegmentedRaftLogWorker.java:lambda$new$0(133)) - b34924e2-f0b8-44a8-9154-7e30bb998241@group-35B2ED17483C-SegmentedRaftLogWorker: flushIndex: setUnconditionally 0 -> -1
2022-02-01 01:14:13,140 [pool-189-thread-1] INFO  segmented.SegmentedRaftLogWorker (SegmentedRaftLogWorker.java:lambda$new$0(133)) - b34924e2-f0b8-44a8-9154-7e30bb998241@group-35B2ED17483C-SegmentedRaftLogWorker: safeCacheEvictIndex: setUnconditionally 0 -> -1
2022-02-01 01:14:13,148 [pool-189-thread-1] INFO  server.RaftServerConfigKeys (ConfUtils.java:logGet(44)) - raft.server.snapshot.auto.trigger.enabled = true (custom)
2022-02-01 01:14:13,148 [pool-189-thread-1] INFO  server.RaftServerConfigKeys (ConfUtils.java:logGet(44)) - raft.server.snapshot.auto.trigger.threshold = 1000 (custom)
2022-02-01 01:14:13,148 [pool-189-thread-1] INFO  server.RaftServerConfigKeys (ConfUtils.java:logGet(44)) - raft.server.snapshot.retention.file.num = -1 (default)
2022-02-01 01:14:13,148 [pool-189-thread-1] INFO  server.RaftServerConfigKeys (ConfUtils.java:logGet(44)) - raft.server.log.purge.upto.snapshot.index = false (default)
2022-02-01 01:14:13,149 [pool-189-thread-1] INFO  server.RaftServerConfigKeys (ConfUtils.java:logGet(44)) - raft.server.retrycache.expirytime = 60000ms (default)
2022-02-01 01:14:13,149 [pool-189-thread-1] INFO  server.RaftServerConfigKeys (ConfUtils.java:logGet(44)) - raft.server.retrycache.statistics.expirytime = 100μs (default)
2022-02-01 01:14:13,151 [Time-limited test] INFO  server.RaftServer$Division (RaftServerImpl.java:start(301)) - b34924e2-f0b8-44a8-9154-7e30bb998241@group-35B2ED17483C: start as a follower, conf=-1: [b34924e2-f0b8-44a8-9154-7e30bb998241|rpc:fv-az151-917:9894|priority:0], old=null
2022-02-01 01:14:13,152 [Time-limited test] INFO  server.RaftServer$Division (RaftServerImpl.java:setRole(290)) - b34924e2-f0b8-44a8-9154-7e30bb998241@group-35B2ED17483C: changes role from      null to FOLLOWER at term 0 for startAsFollower
2022-02-01 01:14:13,152 [Time-limited test] INFO  impl.RoleInfo (RoleInfo.java:updateAndGet(130)) - b34924e2-f0b8-44a8-9154-7e30bb998241: start b34924e2-f0b8-44a8-9154-7e30bb998241@group-35B2ED17483C-FollowerState
2022-02-01 01:14:13,156 [Time-limited test] INFO  util.JmxRegister (JmxRegister.java:tryRegister(44)) - Successfully registered JMX Bean with object name Ratis:service=RaftServer,group=group-35B2ED17483C,id=b34924e2-f0b8-44a8-9154-7e30bb998241
2022-02-01 01:14:13,159 [Time-limited test] INFO  server.RaftServer (RaftServerProxy.java:lambda$start$5(374)) - b34924e2-f0b8-44a8-9154-7e30bb998241: start RPC server
2022-02-01 01:14:13,172 [Time-limited test] INFO  server.GrpcService (GrpcService.java:startImpl(253)) - b34924e2-f0b8-44a8-9154-7e30bb998241: GrpcService started, listening on 9894
2022-02-01 01:14:13,180 [org.apache.ratis.util.JvmPauseMonitor$$Lambda$431/1444001724@59fe2d85] INFO  util.JvmPauseMonitor (JvmPauseMonitor.java:run(103)) - JvmPauseMonitor-b34924e2-f0b8-44a8-9154-7e30bb998241: Started
2022-02-01 01:14:18,316 [b34924e2-f0b8-44a8-9154-7e30bb998241@group-35B2ED17483C-FollowerState] INFO  impl.FollowerState (FollowerState.java:run(134)) - b34924e2-f0b8-44a8-9154-7e30bb998241@group-35B2ED17483C-FollowerState: change to CANDIDATE, lastRpcElapsedTime:5164017969ns, electionTimeout:5132ms
2022-02-01 01:14:18,316 [b34924e2-f0b8-44a8-9154-7e30bb998241@group-35B2ED17483C-FollowerState] INFO  impl.RoleInfo (RoleInfo.java:shutdownFollowerState(108)) - b34924e2-f0b8-44a8-9154-7e30bb998241: shutdown b34924e2-f0b8-44a8-9154-7e30bb998241@group-35B2ED17483C-FollowerState
2022-02-01 01:14:18,316 [b34924e2-f0b8-44a8-9154-7e30bb998241@group-35B2ED17483C-FollowerState] INFO  server.RaftServer$Division (RaftServerImpl.java:setRole(290)) - b34924e2-f0b8-44a8-9154-7e30bb998241@group-35B2ED17483C: changes role from  FOLLOWER to CANDIDATE at term 0 for changeToCandidate
2022-02-01 01:14:18,316 [b34924e2-f0b8-44a8-9154-7e30bb998241@group-35B2ED17483C-FollowerState] INFO  server.RaftServerConfigKeys (ConfUtils.java:logGet(44)) - raft.server.leaderelection.pre-vote = false (custom)
2022-02-01 01:14:18,316 [b34924e2-f0b8-44a8-9154-7e30bb998241@group-35B2ED17483C-FollowerState] INFO  impl.RoleInfo (RoleInfo.java:updateAndGet(130)) - b34924e2-f0b8-44a8-9154-7e30bb998241: start b34924e2-f0b8-44a8-9154-7e30bb998241@group-35B2ED17483C-LeaderElection12
2022-02-01 01:14:18,341 [b34924e2-f0b8-44a8-9154-7e30bb998241@group-35B2ED17483C-LeaderElection12] INFO  impl.LeaderElection (LeaderElection.java:askForVotes(306)) - b34924e2-f0b8-44a8-9154-7e30bb998241@group-35B2ED17483C-LeaderElection12 ELECTION round 0: submit vote requests at term 1 for -1: [b34924e2-f0b8-44a8-9154-7e30bb998241|rpc:fv-az151-917:9894|priority:0], old=null
2022-02-01 01:14:18,341 [b34924e2-f0b8-44a8-9154-7e30bb998241@group-35B2ED17483C-LeaderElection12] INFO  impl.LeaderElection (LeaderElection.java:askForVotes(308)) - b34924e2-f0b8-44a8-9154-7e30bb998241@group-35B2ED17483C-LeaderElection12 ELECTION round 0: result PASSED (term=1)
2022-02-01 01:14:18,341 [b34924e2-f0b8-44a8-9154-7e30bb998241@group-35B2ED17483C-LeaderElection12] INFO  impl.RoleInfo (RoleInfo.java:shutdownLeaderElection(121)) - b34924e2-f0b8-44a8-9154-7e30bb998241: shutdown b34924e2-f0b8-44a8-9154-7e30bb998241@group-35B2ED17483C-LeaderElection12
2022-02-01 01:14:18,341 [b34924e2-f0b8-44a8-9154-7e30bb998241@group-35B2ED17483C-LeaderElection12] INFO  server.RaftServer$Division (RaftServerImpl.java:setRole(290)) - b34924e2-f0b8-44a8-9154-7e30bb998241@group-35B2ED17483C: changes role from CANDIDATE to LEADER at term 1 for changeToLeader
2022-02-01 01:14:18,341 [b34924e2-f0b8-44a8-9154-7e30bb998241@group-35B2ED17483C-LeaderElection12] INFO  server.RaftServer$Division (ServerState.java:setLeader(285)) - b34924e2-f0b8-44a8-9154-7e30bb998241@group-35B2ED17483C: change Leader from null to b34924e2-f0b8-44a8-9154-7e30bb998241 at term 1 for becomeLeader, leader elected after 5228ms
2022-02-01 01:14:18,342 [b34924e2-f0b8-44a8-9154-7e30bb998241@group-35B2ED17483C-LeaderElection12] INFO  server.RaftServerConfigKeys (ConfUtils.java:logGet(44)) - raft.server.staging.catchup.gap = 1000 (default)
2022-02-01 01:14:18,342 [b34924e2-f0b8-44a8-9154-7e30bb998241@group-35B2ED17483C-LeaderElection12] INFO  server.RaftServerConfigKeys (ConfUtils.java:logGet(44)) - raft.server.write.element-limit = 4096 (default)
2022-02-01 01:14:18,342 [b34924e2-f0b8-44a8-9154-7e30bb998241@group-35B2ED17483C-LeaderElection12] INFO  server.RaftServerConfigKeys (ConfUtils.java:logGet(44)) - raft.server.write.byte-limit = 64MB (=67108864) (default)
2022-02-01 01:14:18,342 [b34924e2-f0b8-44a8-9154-7e30bb998241@group-35B2ED17483C-LeaderElection12] INFO  server.RaftServerConfigKeys (ConfUtils.java:logGet(44)) - raft.server.watch.timeout = 10s (default)
2022-02-01 01:14:18,342 [b34924e2-f0b8-44a8-9154-7e30bb998241@group-35B2ED17483C-LeaderElection12] INFO  server.RaftServerConfigKeys (ConfUtils.java:logGet(44)) - raft.server.watch.timeout.denomination = 1s (default)
2022-02-01 01:14:18,343 [b34924e2-f0b8-44a8-9154-7e30bb998241@group-35B2ED17483C-LeaderElection12] INFO  server.RaftServerConfigKeys (ConfUtils.java:logGet(44)) - raft.server.watch.element-limit = 65536 (default)
2022-02-01 01:14:18,343 [b34924e2-f0b8-44a8-9154-7e30bb998241@group-35B2ED17483C-LeaderElection12] INFO  server.RaftServerConfigKeys (ConfUtils.java:logGet(44)) - raft.server.write.element-limit = 4096 (default)
2022-02-01 01:14:18,343 [b34924e2-f0b8-44a8-9154-7e30bb998241@group-35B2ED17483C-LeaderElection12] INFO  server.RaftServerConfigKeys (ConfUtils.java:logGet(44)) - raft.server.write.follower.gap.ratio.max = -1.0 (default)
2022-02-01 01:14:18,343 [b34924e2-f0b8-44a8-9154-7e30bb998241@group-35B2ED17483C-LeaderElection12] INFO  impl.RoleInfo (RoleInfo.java:updateAndGet(130)) - b34924e2-f0b8-44a8-9154-7e30bb998241: start b34924e2-f0b8-44a8-9154-7e30bb998241@group-35B2ED17483C-LeaderStateImpl
2022-02-01 01:14:18,343 [b34924e2-f0b8-44a8-9154-7e30bb998241@group-35B2ED17483C-LeaderElection12] INFO  segmented.SegmentedRaftLogWorker (SegmentedRaftLogWorker.java:startLogSegment(394)) - b34924e2-f0b8-44a8-9154-7e30bb998241@group-35B2ED17483C-SegmentedRaftLogWorker: Starting segment from index:0
2022-02-01 01:14:18,357 [b34924e2-f0b8-44a8-9154-7e30bb998241@group-35B2ED17483C-SegmentedRaftLogWorker] INFO  segmented.SegmentedRaftLogWorker (SegmentedRaftLogWorker.java:execute(601)) - b34924e2-f0b8-44a8-9154-7e30bb998241@group-35B2ED17483C-SegmentedRaftLogWorker: created new log segment /home/runner/work/ozone/ozone/hadoop-ozone/integration-test/target/test-dir/MiniOzoneClusterImpl-72297f51-d642-4b09-97fa-35b2ed17483c/ozone-meta/scm-ha/72297f51-d642-4b09-97fa-35b2ed17483c/current/log_inprogress_0
2022-02-01 01:14:18,361 [b34924e2-f0b8-44a8-9154-7e30bb998241@group-35B2ED17483C-LeaderElection12] INFO  server.RaftServer$Division (ServerState.java:setRaftConf(387)) - b34924e2-f0b8-44a8-9154-7e30bb998241@group-35B2ED17483C: set configuration 0: [b34924e2-f0b8-44a8-9154-7e30bb998241|rpc:fv-az151-917:9894|admin:|client:|dataStream:|priority:0], old=null
2022-02-01 01:14:19,180 [Time-limited test] INFO  server.RaftServer (RaftServerProxy.java:lambda$close$6(391)) - b34924e2-f0b8-44a8-9154-7e30bb998241: close
2022-02-01 01:14:19,180 [Time-limited test] INFO  server.RaftServer$Division (RaftServerImpl.java:lambda$close$4(412)) - b34924e2-f0b8-44a8-9154-7e30bb998241@group-35B2ED17483C: shutdown
2022-02-01 01:14:19,181 [Time-limited test] INFO  util.JmxRegister (JmxRegister.java:unregister(73)) - Successfully un-registered JMX Bean with object name Ratis:service=RaftServer,group=group-35B2ED17483C,id=b34924e2-f0b8-44a8-9154-7e30bb998241
2022-02-01 01:14:19,181 [Time-limited test] INFO  impl.RoleInfo (RoleInfo.java:shutdownLeaderState(91)) - b34924e2-f0b8-44a8-9154-7e30bb998241: shutdown b34924e2-f0b8-44a8-9154-7e30bb998241@group-35B2ED17483C-LeaderStateImpl
2022-02-01 01:14:19,181 [Time-limited test] INFO  impl.PendingRequests (PendingRequests.java:sendNotLeaderResponses(282)) - b34924e2-f0b8-44a8-9154-7e30bb998241@group-35B2ED17483C-PendingRequests: sendNotLeaderResponses
2022-02-01 01:14:19,181 [Time-limited test] INFO  impl.StateMachineUpdater (StateMachineUpdater.java:stopAndJoin(149)) - b34924e2-f0b8-44a8-9154-7e30bb998241@group-35B2ED17483C-StateMachineUpdater: set stopIndex = 0
2022-02-01 01:14:19,182 [b34924e2-f0b8-44a8-9154-7e30bb998241@group-35B2ED17483C-StateMachineUpdater] INFO  impl.StateMachineUpdater (StateMachineUpdater.java:takeSnapshot(281)) - b34924e2-f0b8-44a8-9154-7e30bb998241@group-35B2ED17483C-StateMachineUpdater: Took a snapshot at index 0
2022-02-01 01:14:19,182 [b34924e2-f0b8-44a8-9154-7e30bb998241@group-35B2ED17483C-StateMachineUpdater] INFO  impl.StateMachineUpdater (StateMachineUpdater.java:lambda$new$0(89)) - b34924e2-f0b8-44a8-9154-7e30bb998241@group-35B2ED17483C-StateMachineUpdater: snapshotIndex: updateIncreasingly -1 -> 0
2022-02-01 01:14:19,182 [Time-limited test] INFO  server.RaftServer$Division (ServerState.java:close(419)) - b34924e2-f0b8-44a8-9154-7e30bb998241@group-35B2ED17483C: closes. applyIndex: 0
2022-02-01 01:14:19,183 [b34924e2-f0b8-44a8-9154-7e30bb998241@group-35B2ED17483C-SegmentedRaftLogWorker] INFO  segmented.SegmentedRaftLogWorker (SegmentedRaftLogWorker.java:run(327)) - b34924e2-f0b8-44a8-9154-7e30bb998241@group-35B2ED17483C-SegmentedRaftLogWorker was interrupted, exiting. There are 0 tasks remaining in the queue.
2022-02-01 01:14:19,184 [Time-limited test] INFO  segmented.SegmentedRaftLogWorker (SegmentedRaftLogWorker.java:close(237)) - b34924e2-f0b8-44a8-9154-7e30bb998241@group-35B2ED17483C-SegmentedRaftLogWorker close()
2022-02-01 01:14:19,200 [Time-limited test] INFO  server.GrpcService (GrpcService.java:closeImpl(262)) - b34924e2-f0b8-44a8-9154-7e30bb998241: shutdown server with port 9894 now
2022-02-01 01:14:19,201 [Time-limited test] INFO  server.GrpcService (GrpcService.java:closeImpl(271)) - b34924e2-f0b8-44a8-9154-7e30bb998241: shutdown server with port 9894 successfully
2022-02-01 01:14:19,201 [org.apache.ratis.util.JvmPauseMonitor$$Lambda$431/1444001724@59fe2d85] INFO  util.JvmPauseMonitor (JvmPauseMonitor.java:run(109)) - JvmPauseMonitor-b34924e2-f0b8-44a8-9154-7e30bb998241: Stopped
2022-02-01 01:14:19,202 [Time-limited test] INFO  ha.SCMHANodeDetails (SCMHANodeDetails.java:loadSCMHAConfig(157)) - ServiceID for StorageContainerManager is null
2022-02-01 01:14:19,202 [Time-limited test] INFO  ha.SCMHANodeDetails (SCMHANodeDetails.java:loadSCMHAConfig(162)) - ozone.scm.default.service.id is not defined, falling back to ozone.scm.service.ids to find serviceID for StorageContainerManager if it is HA enabled cluster
2022-02-01 01:14:19,202 [Time-limited test] WARN  server.ServerUtils (ServerUtils.java:getScmDbDir(148)) - ozone.scm.db.dirs is not configured. We recommend adding this setting. Falling back to ozone.metadata.dirs instead.
2022-02-01 01:14:19,203 [Time-limited test] INFO  upgrade.AbstractLayoutVersionManager (AbstractLayoutVersionManager.java:init(79)) - Initializing Layout version manager with metadata layout = SCM_HA (version = 2), software layout = SCM_HA (version = 2)
2022-02-01 01:14:19,346 [Time-limited test] INFO  reflections.Reflections (Reflections.java:scan(232)) - Reflections took 142 ms to scan 7 urls, producing 119 keys and 279 values 
2022-02-01 01:14:19,370 [Time-limited test] WARN  utils.HAUtils (HAUtils.java:getMetaDir(342)) - ozone.scm.db.dirs is not configured. We recommend adding this setting. Falling back to ozone.metadata.dirs instead.
2022-02-01 01:14:19,372 [Time-limited test] WARN  db.DBStoreBuilder (DBStoreBuilder.java:applyDBDefinition(145)) - ozone.scm.db.dirs is not configured. We recommend adding this setting. Falling back to ozone.metadata.dirs instead.
2022-02-01 01:14:19,523 [Time-limited test] INFO  net.NodeSchemaLoader (NodeSchemaLoader.java:loadSchemaFromFile(129)) - Loading schema from [jar:file:/home/runner/.m2/repository/org/apache/ozone/hdds-common/1.3.0-SNAPSHOT/hdds-common-1.3.0-SNAPSHOT.jar!/network-topology-default.xml]
2022-02-01 01:14:19,531 [Time-limited test] INFO  net.NodeSchemaLoader (NodeSchemaLoader.java:loadSchema(176)) - Loading network topology layer schema file
2022-02-01 01:14:19,534 [Time-limited test] INFO  ha.SCMRatisServerImpl (SCMRatisServerImpl.java:<init>(87)) - starting Raft server for scm:b34924e2-f0b8-44a8-9154-7e30bb998241
2022-02-01 01:14:19,540 [Time-limited test] INFO  server.RaftServer (ConfUtils.java:logGet(44)) - raft.rpc.type = GRPC (default)
2022-02-01 01:14:19,540 [Time-limited test] INFO  grpc.GrpcFactory (GrpcFactory.java:checkPooledByteBufAllocatorUseCacheForAllThreads(48)) - PERFORMANCE WARNING: useCacheForAllThreads is true that may cause Netty to create a lot garbage objects and, as a result, trigger GC.
	It is recommended to disable useCacheForAllThreads by setting -Dorg.apache.ratis.thirdparty.io.netty.allocator.useCacheForAllThreads=false in command line.
2022-02-01 01:14:19,541 [Time-limited test] INFO  grpc.GrpcConfigKeys (ConfUtils.java:logGet(44)) - raft.grpc.admin.port = -1 (default)
2022-02-01 01:14:19,541 [Time-limited test] INFO  grpc.GrpcConfigKeys (ConfUtils.java:logGet(44)) - raft.grpc.server.port = 9894 (custom)
2022-02-01 01:14:19,541 [Time-limited test] INFO  grpc.GrpcConfigKeys (ConfUtils.java:logGet(44)) - raft.grpc.client.port = -1 (default)
2022-02-01 01:14:19,541 [Time-limited test] INFO  grpc.GrpcConfigKeys (ConfUtils.java:logGet(44)) - raft.grpc.server.port = 9894 (custom)
2022-02-01 01:14:19,541 [Time-limited test] INFO  grpc.GrpcConfigKeys (ConfUtils.java:logGet(44)) - raft.grpc.server.port = 9894 (custom)
2022-02-01 01:14:19,541 [Time-limited test] INFO  server.GrpcService (ConfUtils.java:logGet(44)) - raft.grpc.message.size.max = 32m (=33554432) (custom)
2022-02-01 01:14:19,541 [Time-limited test] INFO  server.RaftServerConfigKeys (ConfUtils.java:logGet(44)) - raft.server.log.appender.buffer.byte-limit = 33554432 (custom)
2022-02-01 01:14:19,541 [Time-limited test] INFO  server.GrpcService (ConfUtils.java:logGet(44)) - raft.grpc.flow.control.window = 1MB (=1048576) (default)
2022-02-01 01:14:19,541 [Time-limited test] INFO  server.RaftServerConfigKeys (ConfUtils.java:logGet(44)) - raft.server.rpc.request.timeout = 30000ms (custom)
2022-02-01 01:14:19,543 [Time-limited test] INFO  impl.DataStreamServerImpl (ConfUtils.java:logGet(44)) - raft.datastream.type = DISABLED (default)
2022-02-01 01:14:19,543 [Time-limited test] INFO  server.RaftServerConfigKeys (ConfUtils.java:logGet(44)) - raft.server.rpc.slowness.timeout = 120000ms (custom)
2022-02-01 01:14:19,543 [Time-limited test] INFO  server.RaftServerConfigKeys (ConfUtils.java:logGet(44)) - raft.server.leaderelection.leader.step-down.wait-time = 10s (default)
2022-02-01 01:14:19,543 [Time-limited test] INFO  server.RaftServerConfigKeys (ConfUtils.java:logGet(44)) - raft.server.storage.dir = [/home/runner/work/ozone/ozone/hadoop-ozone/integration-test/target/test-dir/MiniOzoneClusterImpl-72297f51-d642-4b09-97fa-35b2ed17483c/ozone-meta/scm-ha] (custom)
2022-02-01 01:14:19,543 [Time-limited test] INFO  server.RaftServer (RaftServerProxy.java:lambda$null$1(235)) - b34924e2-f0b8-44a8-9154-7e30bb998241: found a subdirectory /home/runner/work/ozone/ozone/hadoop-ozone/integration-test/target/test-dir/MiniOzoneClusterImpl-72297f51-d642-4b09-97fa-35b2ed17483c/ozone-meta/scm-ha/72297f51-d642-4b09-97fa-35b2ed17483c
2022-02-01 01:14:19,552 [Time-limited test] INFO  server.RaftServer (RaftServerProxy.java:addNew(95)) - b34924e2-f0b8-44a8-9154-7e30bb998241: addNew group-35B2ED17483C:[] returns group-35B2ED17483C:java.util.concurrent.CompletableFuture@15a1b51c[Not completed]
2022-02-01 01:14:19,552 [pool-202-thread-1] INFO  server.RaftServer$Division (RaftServerImpl.java:<init>(184)) - b34924e2-f0b8-44a8-9154-7e30bb998241: new RaftServerImpl for group-35B2ED17483C:[] with SCMStateMachine:uninitialized
2022-02-01 01:14:19,553 [pool-202-thread-1] INFO  server.RaftServerConfigKeys (ConfUtils.java:logGet(44)) - raft.server.rpc.timeout.min = 5000ms (custom)
2022-02-01 01:14:19,553 [pool-202-thread-1] INFO  server.RaftServerConfigKeys (ConfUtils.java:logGet(44)) - raft.server.rpc.timeout.max = 5200ms (custom)
2022-02-01 01:14:19,553 [pool-202-thread-1] INFO  server.RaftServerConfigKeys (ConfUtils.java:logGet(44)) - raft.server.rpc.sleep.time = 25ms (default)
2022-02-01 01:14:19,553 [pool-202-thread-1] INFO  server.RaftServerConfigKeys (ConfUtils.java:logGet(44)) - raft.server.rpc.slowness.timeout = 120000ms (custom)
2022-02-01 01:14:19,553 [pool-202-thread-1] INFO  server.RaftServerConfigKeys (ConfUtils.java:logGet(44)) - raft.server.leaderelection.leader.step-down.wait-time = 10s (default)
2022-02-01 01:14:19,553 [pool-202-thread-1] INFO  server.RaftServerConfigKeys (ConfUtils.java:logGet(44)) - raft.server.sleep.deviation.threshold = 300ms (default)
2022-02-01 01:14:19,553 [pool-202-thread-1] INFO  server.RaftServerConfigKeys (ConfUtils.java:logGet(44)) - raft.server.log.appender.install.snapshot.enabled = false (custom)
2022-02-01 01:14:19,553 [pool-202-thread-1] INFO  server.RaftServer$Division (ServerState.java:<init>(105)) - b34924e2-f0b8-44a8-9154-7e30bb998241@group-35B2ED17483C: ConfigurationManager, init=-1: [], old=null, confs=<EMPTY_MAP>
2022-02-01 01:14:19,553 [pool-202-thread-1] INFO  server.RaftServerConfigKeys (ConfUtils.java:logGet(44)) - raft.server.storage.dir = [/home/runner/work/ozone/ozone/hadoop-ozone/integration-test/target/test-dir/MiniOzoneClusterImpl-72297f51-d642-4b09-97fa-35b2ed17483c/ozone-meta/scm-ha] (custom)
2022-02-01 01:14:19,553 [pool-202-thread-1] INFO  server.RaftServerConfigKeys (ConfUtils.java:logGet(44)) - raft.server.log.corruption.policy = EXCEPTION (default)
2022-02-01 01:14:19,553 [pool-202-thread-1] INFO  server.RaftServerConfigKeys (ConfUtils.java:logGet(44)) - raft.server.storage.free-space.min = 0MB (=0) (default)
2022-02-01 01:14:19,554 [pool-202-thread-1] INFO  storage.RaftStorageDirectory (RaftStorageDirectoryImpl.java:tryLock(230)) - Lock on /home/runner/work/ozone/ozone/hadoop-ozone/integration-test/target/test-dir/MiniOzoneClusterImpl-72297f51-d642-4b09-97fa-35b2ed17483c/ozone-meta/scm-ha/72297f51-d642-4b09-97fa-35b2ed17483c/in_use.lock acquired by nodename 23777@fv-az151-917
2022-02-01 01:14:19,554 [pool-202-thread-1] INFO  storage.RaftStorage (RaftStorageImpl.java:analyzeAndRecoverStorage(110)) - Read RaftStorageMetadata{term=1, votedFor=b34924e2-f0b8-44a8-9154-7e30bb998241} from /home/runner/work/ozone/ozone/hadoop-ozone/integration-test/target/test-dir/MiniOzoneClusterImpl-72297f51-d642-4b09-97fa-35b2ed17483c/ozone-meta/scm-ha/72297f51-d642-4b09-97fa-35b2ed17483c/current/raft-meta
2022-02-01 01:14:19,555 [pool-202-thread-1] INFO  server.RaftServer$Division (ServerState.java:setRaftConf(387)) - b34924e2-f0b8-44a8-9154-7e30bb998241@group-35B2ED17483C: set configuration 0: [b34924e2-f0b8-44a8-9154-7e30bb998241|rpc:fv-az151-917:9894|admin:|client:|dataStream:|priority:0], old=null
2022-02-01 01:14:19,555 [pool-202-thread-1] INFO  server.RaftServerConfigKeys (ConfUtils.java:logGet(44)) - raft.server.notification.no-leader.timeout = 60s (default)
2022-02-01 01:14:19,555 [pool-202-thread-1] INFO  server.RaftServerConfigKeys (ConfUtils.java:logGet(44)) - raft.server.log.use.memory = false (default)
2022-02-01 01:14:19,555 [pool-202-thread-1] INFO  server.RaftServerConfigKeys (ConfUtils.java:logGet(44)) - raft.server.log.purge.gap = 1000000 (custom)
2022-02-01 01:14:19,555 [pool-202-thread-1] INFO  server.RaftServerConfigKeys (ConfUtils.java:logGet(44)) - raft.server.log.appender.buffer.byte-limit = 33554432 (custom)
2022-02-01 01:14:19,556 [pool-202-thread-1] INFO  server.RaftServerConfigKeys (ConfUtils.java:logGet(44)) - raft.server.log.segment.size.max = 4194304 (custom)
2022-02-01 01:14:19,556 [pool-202-thread-1] INFO  server.RaftServerConfigKeys (ConfUtils.java:logGet(44)) - raft.server.log.segment.cache.num.max = 2 (custom)
2022-02-01 01:14:19,556 [pool-202-thread-1] INFO  server.RaftServerConfigKeys (ConfUtils.java:logGet(44)) - raft.server.log.segment.cache.size.max = 200MB (=209715200) (default)
2022-02-01 01:14:19,556 [pool-202-thread-1] INFO  segmented.SegmentedRaftLogWorker (SegmentedRaftLogWorker.java:<init>(182)) - new b34924e2-f0b8-44a8-9154-7e30bb998241@group-35B2ED17483C-SegmentedRaftLogWorker for RaftStorageImpl:Storage Directory /home/runner/work/ozone/ozone/hadoop-ozone/integration-test/target/test-dir/MiniOzoneClusterImpl-72297f51-d642-4b09-97fa-35b2ed17483c/ozone-meta/scm-ha/72297f51-d642-4b09-97fa-35b2ed17483c
2022-02-01 01:14:19,556 [pool-202-thread-1] INFO  server.RaftServerConfigKeys (ConfUtils.java:logGet(44)) - raft.server.log.queue.byte-limit = 64MB (=67108864) (default)
2022-02-01 01:14:19,556 [pool-202-thread-1] INFO  server.RaftServerConfigKeys (ConfUtils.java:logGet(44)) - raft.server.log.queue.element-limit = 4096 (default)
2022-02-01 01:14:19,556 [pool-202-thread-1] INFO  server.RaftServerConfigKeys (ConfUtils.java:logGet(44)) - raft.server.log.segment.size.max = 4194304 (custom)
2022-02-01 01:14:19,556 [pool-202-thread-1] INFO  server.RaftServerConfigKeys (ConfUtils.java:logGet(44)) - raft.server.log.preallocated.size = 4194304 (custom)
2022-02-01 01:14:19,557 [pool-202-thread-1] INFO  server.RaftServerConfigKeys (ConfUtils.java:logGet(44)) - raft.server.log.force.sync.num = 128 (default)
2022-02-01 01:14:19,557 [pool-202-thread-1] INFO  server.RaftServerConfigKeys (ConfUtils.java:logGet(44)) - raft.server.log.statemachine.data.sync = true (default)
2022-02-01 01:14:19,557 [pool-202-thread-1] INFO  server.RaftServerConfigKeys (ConfUtils.java:logGet(44)) - raft.server.log.statemachine.data.sync.timeout = 10s (default)
2022-02-01 01:14:19,557 [pool-202-thread-1] INFO  server.RaftServerConfigKeys (ConfUtils.java:logGet(44)) - raft.server.log.statemachine.data.sync.timeout.retry = -1 (default)
2022-02-01 01:14:19,557 [pool-202-thread-1] INFO  server.RaftServerConfigKeys (ConfUtils.java:logGet(44)) - raft.server.log.write.buffer.size = 64KB (=65536) (default)
2022-02-01 01:14:19,558 [pool-202-thread-1] INFO  server.RaftServerConfigKeys (ConfUtils.java:logGet(44)) - raft.server.log.statemachine.data.caching.enabled = false (default)
2022-02-01 01:14:19,558 [pool-202-thread-1] INFO  server.RaftServer$Division (ServerState.java:setRaftConf(387)) - b34924e2-f0b8-44a8-9154-7e30bb998241@group-35B2ED17483C: set configuration 0: [b34924e2-f0b8-44a8-9154-7e30bb998241|rpc:fv-az151-917:9894|admin:|client:|dataStream:|priority:0], old=null
2022-02-01 01:14:19,564 [pool-202-thread-1] INFO  segmented.LogSegment (LogSegment.java:loadSegment(173)) - Successfully read 1 entries from segment file /home/runner/work/ozone/ozone/hadoop-ozone/integration-test/target/test-dir/MiniOzoneClusterImpl-72297f51-d642-4b09-97fa-35b2ed17483c/ozone-meta/scm-ha/72297f51-d642-4b09-97fa-35b2ed17483c/current/log_inprogress_0
2022-02-01 01:14:19,568 [pool-202-thread-1] INFO  segmented.SegmentedRaftLogWorker (SegmentedRaftLogWorker.java:lambda$new$0(133)) - b34924e2-f0b8-44a8-9154-7e30bb998241@group-35B2ED17483C-SegmentedRaftLogWorker: flushIndex: setUnconditionally 0 -> 0
2022-02-01 01:14:19,568 [pool-202-thread-1] INFO  segmented.SegmentedRaftLogWorker (SegmentedRaftLogWorker.java:lambda$new$0(133)) - b34924e2-f0b8-44a8-9154-7e30bb998241@group-35B2ED17483C-SegmentedRaftLogWorker: safeCacheEvictIndex: setUnconditionally 0 -> -1
2022-02-01 01:14:19,580 [pool-202-thread-1] INFO  server.RaftServerConfigKeys (ConfUtils.java:logGet(44)) - raft.server.snapshot.auto.trigger.enabled = true (custom)
2022-02-01 01:14:19,580 [pool-202-thread-1] INFO  server.RaftServerConfigKeys (ConfUtils.java:logGet(44)) - raft.server.snapshot.auto.trigger.threshold = 1000 (custom)
2022-02-01 01:14:19,580 [pool-202-thread-1] INFO  server.RaftServerConfigKeys (ConfUtils.java:logGet(44)) - raft.server.snapshot.retention.file.num = -1 (default)
2022-02-01 01:14:19,580 [pool-202-thread-1] INFO  server.RaftServerConfigKeys (ConfUtils.java:logGet(44)) - raft.server.log.purge.upto.snapshot.index = false (default)
2022-02-01 01:14:19,580 [pool-202-thread-1] INFO  server.RaftServerConfigKeys (ConfUtils.java:logGet(44)) - raft.server.retrycache.expirytime = 60000ms (default)
2022-02-01 01:14:19,580 [pool-202-thread-1] INFO  server.RaftServerConfigKeys (ConfUtils.java:logGet(44)) - raft.server.retrycache.statistics.expirytime = 100μs (default)
2022-02-01 01:14:19,581 [Time-limited test] INFO  ha.SCMSnapshotProvider (SCMSnapshotProvider.java:<init>(66)) - Initializing SCM Snapshot Provider
2022-02-01 01:14:19,588 [Time-limited test] WARN  server.ServerUtils (ServerUtils.java:getDefaultRatisDirectory(237)) - Storage directory for Ratis is not configured. It is a good idea to map this to an SSD disk. Falling back to ozone.metadata.dirs
2022-02-01 01:14:19,588 [Time-limited test] WARN  ha.SCMHAUtils (SCMHAUtils.java:getSCMRatisSnapshotDirectory(146)) - SCM snapshot dir is not configured. Falling back to ozone.metadata.dirs config
2022-02-01 01:14:19,590 [Time-limited test] INFO  ha.SequenceIdGenerator (SequenceIdGenerator.java:upgradeToSequenceId(347)) - upgrade localId to 109611004723200000
2022-02-01 01:14:19,593 [Time-limited test] INFO  ha.SequenceIdGenerator (SequenceIdGenerator.java:upgradeToSequenceId(357)) - upgrade delTxnId to 0
2022-02-01 01:14:19,593 [Time-limited test] INFO  ha.SequenceIdGenerator (SequenceIdGenerator.java:upgradeToSequenceId(371)) - upgrade containerId to 0
2022-02-01 01:14:19,593 [Time-limited test] INFO  ha.SequenceIdGenerator (SequenceIdGenerator.java:<init>(218)) - Init the HA SequenceIdGenerator.
2022-02-01 01:14:19,604 [Time-limited test] WARN  server.ServerUtils (ServerUtils.java:sanitizeUserArgs(73)) - ozone.scm.stale.node.interval value = 300000 is larger than max = 100000 based on the key value of ozone.scm.heartbeat.thread.interval, reset to the max value 100000.
2022-02-01 01:14:19,604 [Time-limited test] WARN  server.ServerUtils (ServerUtils.java:sanitizeUserArgs(73)) - ozone.scm.stale.node.interval value = 300000 is larger than max = 100000 based on the key value of ozone.scm.heartbeat.thread.interval, reset to the max value 100000.
2022-02-01 01:14:19,604 [Time-limited test] INFO  node.SCMNodeManager (SCMNodeManager.java:<init>(144)) - Entering startup safe mode.
2022-02-01 01:14:19,605 [Time-limited test] INFO  algorithms.ContainerPlacementPolicyFactory (ContainerPlacementPolicyFactory.java:getPolicy(60)) - Create container placement policy of type org.apache.hadoop.hdds.scm.container.placement.algorithms.SCMContainerPlacementRandom
2022-02-01 01:14:19,616 [Time-limited test] INFO  pipeline.PipelineStateManagerImpl (PipelineStateManagerImpl.java:initialize(78)) - No pipeline exists in current db
2022-02-01 01:14:19,616 [Time-limited test] INFO  algorithms.LeaderChoosePolicyFactory (LeaderChoosePolicyFactory.java:getPolicy(57)) - Create leader choose policy of type org.apache.hadoop.hdds.scm.pipeline.leader.choose.algorithms.MinLeaderCountChoosePolicy
2022-02-01 01:14:19,616 [Time-limited test] INFO  ha.SCMServiceManager (SCMServiceManager.java:register(43)) - Registering service BackgroundPipelineCreator.
2022-02-01 01:14:19,617 [Time-limited test] INFO  pipeline.BackgroundPipelineCreator (BackgroundPipelineCreator.java:start(130)) - Starting RatisPipelineUtilsThread.
2022-02-01 01:14:19,628 [Time-limited test] INFO  algorithms.PipelineChoosePolicyFactory (PipelineChoosePolicyFactory.java:createPipelineChoosePolicyFromClass(73)) - Create pipeline choose policy of type org.apache.hadoop.hdds.scm.pipeline.choose.algorithms.RandomPipelineChoosePolicy
2022-02-01 01:14:19,629 [Time-limited test] INFO  ha.SCMServiceManager (SCMServiceManager.java:register(43)) - Registering service SCMBlockDeletingService.
2022-02-01 01:14:19,629 [Time-limited test] INFO  ha.SCMServiceManager (SCMServiceManager.java:register(43)) - Registering service ReplicationManager.
2022-02-01 01:14:19,629 [Time-limited test] INFO  container.ReplicationManager (ReplicationManager.java:start(326)) - Starting Replication Monitor Thread.
2022-02-01 01:14:19,632 [Time-limited test] INFO  safemode.ContainerSafeModeRule (ContainerSafeModeRule.java:<init>(89)) - containers with one replica threshold count 0
2022-02-01 01:14:19,632 [Time-limited test] INFO  safemode.HealthyPipelineSafeModeRule (HealthyPipelineSafeModeRule.java:initializeRule(156)) - Total pipeline count is 0, healthy pipeline threshold count is 1
2022-02-01 01:14:19,632 [Time-limited test] INFO  safemode.OneReplicaPipelineSafeModeRule (OneReplicaPipelineSafeModeRule.java:initializeRule(180)) - Total pipeline count is 0, pipeline's with at least one datanode reported threshold count is 0
2022-02-01 01:14:19,650 [ReplicationMonitor] INFO  container.ReplicationManager (ReplicationManager.java:processAll(374)) - Replication Manager is not ready to run until 3000ms after safemode exit
2022-02-01 01:14:19,651 [Time-limited test] INFO  ipc.CallQueueManager (CallQueueManager.java:<init>(90)) - Using callQueue: class java.util.concurrent.LinkedBlockingQueue, queueCapacity: 2000, scheduler: class org.apache.hadoop.ipc.DefaultRpcScheduler, ipcBackoff: false.
2022-02-01 01:14:19,660 [Socket Reader #1 for port 0] INFO  ipc.Server (Server.java:run(1265)) - Starting Socket Reader #1 for port 0
2022-02-01 01:14:19,670 [Listener at 0.0.0.0/35007] INFO  ipc.CallQueueManager (CallQueueManager.java:<init>(90)) - Using callQueue: class java.util.concurrent.LinkedBlockingQueue, queueCapacity: 2000, scheduler: class org.apache.hadoop.ipc.DefaultRpcScheduler, ipcBackoff: false.
2022-02-01 01:14:19,712 [Listener at 0.0.0.0/45177] INFO  ipc.CallQueueManager (CallQueueManager.java:<init>(90)) - Using callQueue: class java.util.concurrent.LinkedBlockingQueue, queueCapacity: 2000, scheduler: class org.apache.hadoop.ipc.DefaultRpcScheduler, ipcBackoff: false.
2022-02-01 01:14:19,714 [Socket Reader #1 for port 0] INFO  ipc.Server (Server.java:run(1265)) - Starting Socket Reader #1 for port 0
2022-02-01 01:14:19,736 [Socket Reader #1 for port 0] INFO  ipc.Server (Server.java:run(1265)) - Starting Socket Reader #1 for port 0
2022-02-01 01:14:19,796 [Listener at 0.0.0.0/39067] INFO  algorithms.ContainerPlacementPolicyFactory (ContainerPlacementPolicyFactory.java:getPolicy(60)) - Create container placement policy of type org.apache.hadoop.hdds.scm.container.placement.algorithms.SCMContainerPlacementRandom
2022-02-01 01:14:19,797 [Listener at 0.0.0.0/39067] INFO  server.StorageContainerManager (StorageContainerManager.java:<init>(388)) - 
Container Balancer status:
Key                            Value
Running                        false
Container Balancer Configuration values:
Key                                                Value
Threshold                                          10
Max Datanodes to Involve per Iteration(percent)    20
Max Size to Move per Iteration                     500GB
Max Size Entering Target per Iteration             26GB
Max Size Leaving Source per Iteration              26GB

2022-02-01 01:14:19,798 [Listener at 0.0.0.0/39067] WARN  events.EventQueue (EventQueue.java:fireEvent(194)) - No event handler registered for event TypedEvent{payloadType=SafeModeStatus, name='Safe mode status'}
2022-02-01 01:14:19,798 [Listener at 0.0.0.0/39067] INFO  ha.SCMContext (SCMContext.java:updateSafeModeStatus(211)) - Update SafeModeStatus from SafeModeStatus{safeModeStatus=true, preCheckPassed=false} to SafeModeStatus{safeModeStatus=true, preCheckPassed=false}.
2022-02-01 01:14:19,798 [Listener at 0.0.0.0/39067] INFO  server.StorageContainerManager (StorageContainerManager.java:start(1303)) - StorageContainerLocationProtocol RPC server is listening at /0.0.0.0:39067
2022-02-01 01:14:19,798 [Listener at 0.0.0.0/39067] INFO  ha.SCMRatisServerImpl (SCMRatisServerImpl.java:start(177)) - starting ratis server 0.0.0.0:9894
2022-02-01 01:14:19,798 [Listener at 0.0.0.0/39067] INFO  server.RaftServer$Division (RaftServerImpl.java:start(301)) - b34924e2-f0b8-44a8-9154-7e30bb998241@group-35B2ED17483C: start as a follower, conf=0: [b34924e2-f0b8-44a8-9154-7e30bb998241|rpc:fv-az151-917:9894|admin:|client:|dataStream:|priority:0], old=null
2022-02-01 01:14:19,799 [Listener at 0.0.0.0/39067] INFO  server.RaftServer$Division (RaftServerImpl.java:setRole(290)) - b34924e2-f0b8-44a8-9154-7e30bb998241@group-35B2ED17483C: changes role from      null to FOLLOWER at term 1 for startAsFollower
2022-02-01 01:14:19,799 [Listener at 0.0.0.0/39067] INFO  impl.RoleInfo (RoleInfo.java:updateAndGet(130)) - b34924e2-f0b8-44a8-9154-7e30bb998241: start b34924e2-f0b8-44a8-9154-7e30bb998241@group-35B2ED17483C-FollowerState
2022-02-01 01:14:19,803 [Listener at 0.0.0.0/39067] INFO  util.JmxRegister (JmxRegister.java:tryRegister(44)) - Successfully registered JMX Bean with object name Ratis:service=RaftServer,group=group-35B2ED17483C,id=b34924e2-f0b8-44a8-9154-7e30bb998241
2022-02-01 01:14:19,827 [Listener at 0.0.0.0/39067] INFO  server.RaftServer (RaftServerProxy.java:lambda$start$5(374)) - b34924e2-f0b8-44a8-9154-7e30bb998241: start RPC server
2022-02-01 01:14:19,835 [Listener at 0.0.0.0/39067] INFO  server.GrpcService (GrpcService.java:startImpl(253)) - b34924e2-f0b8-44a8-9154-7e30bb998241: GrpcService started, listening on 9894
2022-02-01 01:14:19,844 [Listener at 0.0.0.0/39067] INFO  ha.SCMHAManagerImpl (SCMHAManagerImpl.java:start(121)) -  scm role is FOLLOWER peers [b34924e2-f0b8-44a8-9154-7e30bb998241|rpc:fv-az151-917:9894|admin:|client:|dataStream:|priority:0]
2022-02-01 01:14:19,844 [Listener at 0.0.0.0/39067] INFO  ha.InterSCMGrpcService (InterSCMGrpcProtocolService.java:start(94)) - Starting SCM Grpc Service at port 9895
2022-02-01 01:14:19,853 [Listener at 0.0.0.0/39067] WARN  impl.MetricsConfig (MetricsConfig.java:loadFirst(136)) - Cannot locate configuration: tried hadoop-metrics2-storagecontainermanager.properties,hadoop-metrics2.properties
2022-02-01 01:14:19,864 [Listener at 0.0.0.0/39067] INFO  impl.MetricsSystemImpl (MetricsSystemImpl.java:startTimer(378)) - Scheduled Metric snapshot period at 10 second(s).
2022-02-01 01:14:19,865 [Listener at 0.0.0.0/39067] INFO  impl.MetricsSystemImpl (MetricsSystemImpl.java:start(191)) - StorageContainerManager metrics system started
2022-02-01 01:14:19,876 [org.apache.ratis.util.JvmPauseMonitor$$Lambda$431/1444001724@72999fe3] INFO  util.JvmPauseMonitor (JvmPauseMonitor.java:run(103)) - JvmPauseMonitor-b34924e2-f0b8-44a8-9154-7e30bb998241: Started
2022-02-01 01:14:19,936 [Listener at 0.0.0.0/39067] INFO  impl.MetricsSinkAdapter (MetricsSinkAdapter.java:start(204)) - Sink prometheus started
2022-02-01 01:14:19,939 [Listener at 0.0.0.0/39067] INFO  impl.MetricsSystemImpl (MetricsSystemImpl.java:registerSink(305)) - Registered sink prometheus
2022-02-01 01:14:20,001 [Listener at 0.0.0.0/39067] INFO  server.SCMClientProtocolServer (SCMClientProtocolServer.java:start(165)) - RPC server for Client  is listening at /0.0.0.0:39067
2022-02-01 01:14:20,009 [IPC Server Responder] INFO  ipc.Server (Server.java:run(1507)) - IPC Server Responder: starting
2022-02-01 01:14:20,036 [IPC Server listener on 0] INFO  ipc.Server (Server.java:run(1344)) - IPC Server listener on 0: starting
2022-02-01 01:14:20,184 [Listener at 0.0.0.0/39067] INFO  server.StorageContainerManager (StorageContainerManager.java:start(1318)) - ScmBlockLocationProtocol RPC server is listening at /0.0.0.0:45177
2022-02-01 01:14:20,185 [Listener at 0.0.0.0/39067] INFO  server.SCMBlockProtocolServer (SCMBlockProtocolServer.java:start(151)) - RPC server for Block Protocol is listening at /0.0.0.0:45177
2022-02-01 01:14:20,188 [IPC Server Responder] INFO  ipc.Server (Server.java:run(1507)) - IPC Server Responder: starting
2022-02-01 01:14:20,192 [IPC Server listener on 0] INFO  ipc.Server (Server.java:run(1344)) - IPC Server listener on 0: starting
2022-02-01 01:14:20,329 [Listener at 0.0.0.0/39067] INFO  http.BaseHttpServer (BaseHttpServer.java:newHttpServer2BuilderForOzone(209)) - Starting Web-server for scm at: http://0.0.0.0:0
2022-02-01 01:14:20,329 [Listener at 0.0.0.0/39067] INFO  http.BaseHttpServer (BaseHttpServer.java:<init>(107)) - Hadoop Security Enabled: false Ozone Security Enabled: false Ozone HTTP Security Enabled: false 
2022-02-01 01:14:20,330 [Listener at 0.0.0.0/39067] INFO  server.AuthenticationFilter (AuthenticationFilter.java:constructSecretProvider(240)) - Unable to initialize FileSignerSecretProvider, falling back to use random secrets.
2022-02-01 01:14:20,331 [org.apache.hadoop.util.JvmPauseMonitor$Monitor@52d32ddc] INFO  util.JvmPauseMonitor (JvmPauseMonitor.java:run(188)) - Starting JVM pause monitor
2022-02-01 01:14:20,339 [Listener at 0.0.0.0/39067] WARN  http.HttpRequestLog (HttpRequestLog.java:getRequestLog(103)) - Jetty request log can only be enabled using Log4j
2022-02-01 01:14:20,344 [Listener at 0.0.0.0/39067] INFO  http.HttpServer2 (HttpServer2.java:addGlobalFilter(1030)) - Added global filter 'safety' (class=org.apache.hadoop.hdds.server.http.HttpServer2$QuotingInputFilter)
2022-02-01 01:14:20,345 [Listener at 0.0.0.0/39067] INFO  http.HttpServer2 (HttpServer2.java:addFilter(1006)) - Added filter static_user_filter (class=org.apache.hadoop.http.lib.StaticUserWebFilter$StaticUserFilter) to context scm
2022-02-01 01:14:20,346 [Listener at 0.0.0.0/39067] INFO  http.HttpServer2 (HttpServer2.java:addFilter(1014)) - Added filter static_user_filter (class=org.apache.hadoop.http.lib.StaticUserWebFilter$StaticUserFilter) to context logs
2022-02-01 01:14:20,346 [Listener at 0.0.0.0/39067] INFO  http.HttpServer2 (HttpServer2.java:addFilter(1014)) - Added filter static_user_filter (class=org.apache.hadoop.http.lib.StaticUserWebFilter$StaticUserFilter) to context static
2022-02-01 01:14:20,346 [Listener at 0.0.0.0/39067] INFO  http.HttpServer2 (HttpServer2.java:bindListener(1249)) - Jetty bound to port 43349
2022-02-01 01:14:20,346 [Listener at 0.0.0.0/39067] INFO  server.Server (Server.java:doStart(375)) - jetty-9.4.43.v20210629; built: 2021-06-30T11:07:22.254Z; git: 526006ecfa3af7f1a27ef3a288e2bef7ea9dd7e8; jvm 1.8.0_312-b07
2022-02-01 01:14:20,423 [Listener at 0.0.0.0/39067] INFO  server.session (DefaultSessionIdManager.java:doStart(334)) - DefaultSessionIdManager workerName=node0
2022-02-01 01:14:20,423 [Listener at 0.0.0.0/39067] INFO  server.session (DefaultSessionIdManager.java:doStart(339)) - No SessionScavenger set, using defaults
2022-02-01 01:14:20,423 [Listener at 0.0.0.0/39067] INFO  server.session (HouseKeeper.java:startScavenging(132)) - node0 Scavenging every 600000ms
2022-02-01 01:14:20,428 [Listener at 0.0.0.0/39067] INFO  handler.ContextHandler (ContextHandler.java:doStart(915)) - Started o.e.j.s.ServletContextHandler@33652c5f{logs,/logs,file:///home/runner/work/ozone/ozone/hadoop-ozone/integration-test/target/log,AVAILABLE}
2022-02-01 01:14:20,429 [Listener at 0.0.0.0/39067] INFO  handler.ContextHandler (ContextHandler.java:doStart(915)) - Started o.e.j.s.ServletContextHandler@4d36413c{static,/static,file:///home/runner/work/ozone/ozone/hadoop-ozone/integration-test/target/test-classes/webapps/static,AVAILABLE}
2022-02-01 01:14:20,432 [Listener at 0.0.0.0/39067] INFO  handler.ContextHandler (ContextHandler.java:doStart(915)) - Started o.e.j.w.WebAppContext@194938a4{scm,/,file:///home/runner/work/ozone/ozone/hadoop-ozone/integration-test/target/test-classes/webapps/scm/,AVAILABLE}{file:/home/runner/work/ozone/ozone/hadoop-ozone/integration-test/target/test-classes/webapps/scm}
2022-02-01 01:14:20,436 [Listener at 0.0.0.0/39067] INFO  server.AbstractConnector (AbstractConnector.java:doStart(331)) - Started ServerConnector@3c3af773{HTTP/1.1, (http/1.1)}{0.0.0.0:43349}
2022-02-01 01:14:20,436 [Listener at 0.0.0.0/39067] INFO  server.Server (Server.java:doStart(415)) - Started @86746ms
2022-02-01 01:14:20,436 [Listener at 0.0.0.0/39067] WARN  impl.MetricsSystemImpl (MetricsSystemImpl.java:register(279)) - Sink prometheus already exists!
2022-02-01 01:14:20,439 [Listener at 0.0.0.0/39067] INFO  http.BaseHttpServer (BaseHttpServer.java:updateConnectorAddress(329)) - HTTP server of scm listening at http://0.0.0.0:43349
2022-02-01 01:14:20,440 [Listener at 0.0.0.0/39067] WARN  server.ServerUtils (ServerUtils.java:getDBPath(225)) - ozone.om.db.dirs is not configured. We recommend adding this setting. Falling back to ozone.metadata.dirs instead.
2022-02-01 01:14:20,444 [Listener at 0.0.0.0/39067] INFO  ha.OMHANodeDetails (OMHANodeDetails.java:loadOMHAConfig(112)) - ozone.om.internal.service.id is not defined, falling back to ozone.om.service.ids to find serviceID for OzoneManager if it is HA enabled cluster
2022-02-01 01:14:20,445 [Listener at 0.0.0.0/39067] INFO  ha.OMHANodeDetails (OMHANodeDetails.java:loadOMHAConfig(218)) - Configuration does not have ozone.om.address set. Falling back to the default OM address /127.0.0.1:0
2022-02-01 01:14:20,445 [Listener at 0.0.0.0/39067] INFO  ha.OMHANodeDetails (OMHANodeDetails.java:getOMNodeDetailsForNonHA(246)) - OM Service ID is not set. Setting it to the default ID: omServiceIdDefault
2022-02-01 01:14:20,445 [Listener at 0.0.0.0/39067] INFO  ha.OMHANodeDetails (OMHANodeDetails.java:getOMNodeDetailsForNonHA(253)) - OM Node ID is not set. Setting it to the default ID: om1
2022-02-01 01:14:20,445 [Listener at 0.0.0.0/39067] WARN  server.ServerUtils (ServerUtils.java:getDBPath(225)) - ozone.om.db.dirs is not configured. We recommend adding this setting. Falling back to ozone.metadata.dirs instead.
2022-02-01 01:14:20,446 [Listener at 0.0.0.0/39067] INFO  upgrade.AbstractLayoutVersionManager (AbstractLayoutVersionManager.java:init(79)) - Initializing Layout version manager with metadata layout = INITIAL_VERSION (version = 0), software layout = INITIAL_VERSION (version = 0)
2022-02-01 01:14:20,574 [Listener at 0.0.0.0/39067] INFO  reflections.Reflections (Reflections.java:scan(232)) - Reflections took 126 ms to scan 2 urls, producing 133 keys and 348 values [using 2 cores]
2022-02-01 01:14:20,575 [Listener at 0.0.0.0/39067] INFO  upgrade.OMLayoutVersionManager (OMLayoutVersionManager.java:lambda$0(115)) - Skipping Upgrade Action MockOmUpgradeAction since it has been finalized.
2022-02-01 01:14:20,575 [Listener at 0.0.0.0/39067] WARN  server.ServerUtils (ServerUtils.java:getDBPath(225)) - ozone.om.db.dirs is not configured. We recommend adding this setting. Falling back to ozone.metadata.dirs instead.
2022-02-01 01:14:22,613 [Listener at 0.0.0.0/39067] INFO  retry.RetryInvocationHandler (RetryInvocationHandler.java:log(411)) - com.google.protobuf.ServiceException: org.apache.hadoop.ipc.RemoteException(org.apache.hadoop.hdds.ratis.ServerNotLeaderException): Server:b34924e2-f0b8-44a8-9154-7e30bb998241 is not the leader. Could not determine the leader node.
	at org.apache.hadoop.hdds.ratis.ServerNotLeaderException.convertToNotLeaderException(ServerNotLeaderException.java:109)
	at org.apache.hadoop.hdds.scm.ha.RatisUtil.checkRatisException(RatisUtil.java:245)
	at org.apache.hadoop.hdds.scm.protocol.ScmBlockLocationProtocolServerSideTranslatorPB.send(ScmBlockLocationProtocolServerSideTranslatorPB.java:108)
	at org.apache.hadoop.hdds.protocol.proto.ScmBlockLocationProtocolProtos$ScmBlockLocationProtocolService$2.callBlockingMethod(ScmBlockLocationProtocolProtos.java:13937)
	at org.apache.hadoop.ipc.ProtobufRpcEngine$Server.processCall(ProtobufRpcEngine.java:466)
	at org.apache.hadoop.ipc.ProtobufRpcEngine2$Server$ProtoBufRpcInvoker.call(ProtobufRpcEngine2.java:574)
	at org.apache.hadoop.ipc.ProtobufRpcEngine2$Server$ProtoBufRpcInvoker.call(ProtobufRpcEngine2.java:552)
	at org.apache.hadoop.ipc.RPC$Server.call(RPC.java:1093)
	at org.apache.hadoop.ipc.Server$RpcCall.run(Server.java:1035)
	at org.apache.hadoop.ipc.Server$RpcCall.run(Server.java:963)
	at java.security.AccessController.doPrivileged(Native Method)
	at javax.security.auth.Subject.doAs(Subject.java:422)
	at org.apache.hadoop.security.UserGroupInformation.doAs(UserGroupInformation.java:1878)
	at org.apache.hadoop.ipc.Server$Handler.run(Server.java:2966)
, while invoking $Proxy44.send over nodeId=scmNodeId,nodeAddress=/0.0.0.0:45177 after 1 failover attempts. Trying to failover after sleeping for 2000ms.
2022-02-01 01:14:24,617 [Listener at 0.0.0.0/39067] INFO  retry.RetryInvocationHandler (RetryInvocationHandler.java:log(411)) - com.google.protobuf.ServiceException: org.apache.hadoop.ipc.RemoteException(org.apache.hadoop.hdds.ratis.ServerNotLeaderException): Server:b34924e2-f0b8-44a8-9154-7e30bb998241 is not the leader. Could not determine the leader node.
	at org.apache.hadoop.hdds.ratis.ServerNotLeaderException.convertToNotLeaderException(ServerNotLeaderException.java:109)
	at org.apache.hadoop.hdds.scm.ha.RatisUtil.checkRatisException(RatisUtil.java:245)
	at org.apache.hadoop.hdds.scm.protocol.ScmBlockLocationProtocolServerSideTranslatorPB.send(ScmBlockLocationProtocolServerSideTranslatorPB.java:108)
	at org.apache.hadoop.hdds.protocol.proto.ScmBlockLocationProtocolProtos$ScmBlockLocationProtocolService$2.callBlockingMethod(ScmBlockLocationProtocolProtos.java:13937)
	at org.apache.hadoop.ipc.ProtobufRpcEngine$Server.processCall(ProtobufRpcEngine.java:466)
	at org.apache.hadoop.ipc.ProtobufRpcEngine2$Server$ProtoBufRpcInvoker.call(ProtobufRpcEngine2.java:574)
	at org.apache.hadoop.ipc.ProtobufRpcEngine2$Server$ProtoBufRpcInvoker.call(ProtobufRpcEngine2.java:552)
	at org.apache.hadoop.ipc.RPC$Server.call(RPC.java:1093)
	at org.apache.hadoop.ipc.Server$RpcCall.run(Server.java:1035)
	at org.apache.hadoop.ipc.Server$RpcCall.run(Server.java:963)
	at java.security.AccessController.doPrivileged(Native Method)
	at javax.security.auth.Subject.doAs(Subject.java:422)
	at org.apache.hadoop.security.UserGroupInformation.doAs(UserGroupInformation.java:1878)
	at org.apache.hadoop.ipc.Server$Handler.run(Server.java:2966)
, while invoking $Proxy44.send over nodeId=scmNodeId,nodeAddress=/0.0.0.0:45177 after 2 failover attempts. Trying to failover after sleeping for 2000ms.
2022-02-01 01:14:24,828 [b34924e2-f0b8-44a8-9154-7e30bb998241@group-35B2ED17483C-FollowerState] INFO  impl.FollowerState (FollowerState.java:run(134)) - b34924e2-f0b8-44a8-9154-7e30bb998241@group-35B2ED17483C-FollowerState: change to CANDIDATE, lastRpcElapsedTime:5029489474ns, electionTimeout:5001ms
2022-02-01 01:14:24,829 [b34924e2-f0b8-44a8-9154-7e30bb998241@group-35B2ED17483C-FollowerState] INFO  impl.RoleInfo (RoleInfo.java:shutdownFollowerState(108)) - b34924e2-f0b8-44a8-9154-7e30bb998241: shutdown b34924e2-f0b8-44a8-9154-7e30bb998241@group-35B2ED17483C-FollowerState
2022-02-01 01:14:24,829 [b34924e2-f0b8-44a8-9154-7e30bb998241@group-35B2ED17483C-FollowerState] INFO  server.RaftServer$Division (RaftServerImpl.java:setRole(290)) - b34924e2-f0b8-44a8-9154-7e30bb998241@group-35B2ED17483C: changes role from  FOLLOWER to CANDIDATE at term 1 for changeToCandidate
2022-02-01 01:14:24,829 [b34924e2-f0b8-44a8-9154-7e30bb998241@group-35B2ED17483C-FollowerState] INFO  server.RaftServerConfigKeys (ConfUtils.java:logGet(44)) - raft.server.leaderelection.pre-vote = false (custom)
2022-02-01 01:14:24,829 [b34924e2-f0b8-44a8-9154-7e30bb998241@group-35B2ED17483C-FollowerState] INFO  impl.RoleInfo (RoleInfo.java:updateAndGet(130)) - b34924e2-f0b8-44a8-9154-7e30bb998241: start b34924e2-f0b8-44a8-9154-7e30bb998241@group-35B2ED17483C-LeaderElection13
2022-02-01 01:14:24,852 [b34924e2-f0b8-44a8-9154-7e30bb998241@group-35B2ED17483C-LeaderElection13] INFO  impl.LeaderElection (LeaderElection.java:askForVotes(306)) - b34924e2-f0b8-44a8-9154-7e30bb998241@group-35B2ED17483C-LeaderElection13 ELECTION round 0: submit vote requests at term 2 for 0: [b34924e2-f0b8-44a8-9154-7e30bb998241|rpc:fv-az151-917:9894|admin:|client:|dataStream:|priority:0], old=null
2022-02-01 01:14:24,853 [b34924e2-f0b8-44a8-9154-7e30bb998241@group-35B2ED17483C-LeaderElection13] INFO  impl.LeaderElection (LeaderElection.java:askForVotes(308)) - b34924e2-f0b8-44a8-9154-7e30bb998241@group-35B2ED17483C-LeaderElection13 ELECTION round 0: result PASSED (term=2)
2022-02-01 01:14:24,853 [b34924e2-f0b8-44a8-9154-7e30bb998241@group-35B2ED17483C-LeaderElection13] INFO  impl.RoleInfo (RoleInfo.java:shutdownLeaderElection(121)) - b34924e2-f0b8-44a8-9154-7e30bb998241: shutdown b34924e2-f0b8-44a8-9154-7e30bb998241@group-35B2ED17483C-LeaderElection13
2022-02-01 01:14:24,853 [b34924e2-f0b8-44a8-9154-7e30bb998241@group-35B2ED17483C-LeaderElection13] INFO  server.RaftServer$Division (RaftServerImpl.java:setRole(290)) - b34924e2-f0b8-44a8-9154-7e30bb998241@group-35B2ED17483C: changes role from CANDIDATE to LEADER at term 2 for changeToLeader
2022-02-01 01:14:24,853 [b34924e2-f0b8-44a8-9154-7e30bb998241@group-35B2ED17483C-LeaderElection13] INFO  ha.SCMStateMachine (SCMStateMachine.java:notifyLeaderChanged(259)) - current SCM becomes leader of term 2.
2022-02-01 01:14:24,853 [b34924e2-f0b8-44a8-9154-7e30bb998241@group-35B2ED17483C-LeaderElection13] INFO  ha.SCMContext (SCMContext.java:updateLeaderAndTerm(90)) - update <isLeader,term> from <false,0> to <true,2>
2022-02-01 01:14:24,853 [b34924e2-f0b8-44a8-9154-7e30bb998241@group-35B2ED17483C-LeaderElection13] INFO  server.RaftServer$Division (ServerState.java:setLeader(285)) - b34924e2-f0b8-44a8-9154-7e30bb998241@group-35B2ED17483C: change Leader from null to b34924e2-f0b8-44a8-9154-7e30bb998241 at term 2 for becomeLeader, leader elected after 5297ms
2022-02-01 01:14:24,853 [b34924e2-f0b8-44a8-9154-7e30bb998241@group-35B2ED17483C-LeaderElection13] INFO  server.RaftServerConfigKeys (ConfUtils.java:logGet(44)) - raft.server.staging.catchup.gap = 1000 (default)
2022-02-01 01:14:24,853 [b34924e2-f0b8-44a8-9154-7e30bb998241@group-35B2ED17483C-LeaderElection13] INFO  server.RaftServerConfigKeys (ConfUtils.java:logGet(44)) - raft.server.write.element-limit = 4096 (default)
2022-02-01 01:14:24,853 [b34924e2-f0b8-44a8-9154-7e30bb998241@group-35B2ED17483C-LeaderElection13] INFO  server.RaftServerConfigKeys (ConfUtils.java:logGet(44)) - raft.server.write.byte-limit = 64MB (=67108864) (default)
2022-02-01 01:14:24,854 [b34924e2-f0b8-44a8-9154-7e30bb998241@group-35B2ED17483C-LeaderElection13] INFO  server.RaftServerConfigKeys (ConfUtils.java:logGet(44)) - raft.server.watch.timeout = 10s (default)
2022-02-01 01:14:24,854 [b34924e2-f0b8-44a8-9154-7e30bb998241@group-35B2ED17483C-LeaderElection13] INFO  server.RaftServerConfigKeys (ConfUtils.java:logGet(44)) - raft.server.watch.timeout.denomination = 1s (default)
2022-02-01 01:14:24,854 [b34924e2-f0b8-44a8-9154-7e30bb998241@group-35B2ED17483C-LeaderElection13] INFO  server.RaftServerConfigKeys (ConfUtils.java:logGet(44)) - raft.server.watch.element-limit = 65536 (default)
2022-02-01 01:14:24,854 [b34924e2-f0b8-44a8-9154-7e30bb998241@group-35B2ED17483C-LeaderElection13] INFO  server.RaftServerConfigKeys (ConfUtils.java:logGet(44)) - raft.server.write.element-limit = 4096 (default)
2022-02-01 01:14:24,854 [b34924e2-f0b8-44a8-9154-7e30bb998241@group-35B2ED17483C-LeaderElection13] INFO  server.RaftServerConfigKeys (ConfUtils.java:logGet(44)) - raft.server.write.follower.gap.ratio.max = -1.0 (default)
2022-02-01 01:14:24,854 [b34924e2-f0b8-44a8-9154-7e30bb998241@group-35B2ED17483C-LeaderElection13] INFO  impl.RoleInfo (RoleInfo.java:updateAndGet(130)) - b34924e2-f0b8-44a8-9154-7e30bb998241: start b34924e2-f0b8-44a8-9154-7e30bb998241@group-35B2ED17483C-LeaderStateImpl
2022-02-01 01:14:24,854 [b34924e2-f0b8-44a8-9154-7e30bb998241@group-35B2ED17483C-LeaderElection13] INFO  segmented.SegmentedRaftLogWorker (SegmentedRaftLogWorker.java:rollLogSegment(399)) - b34924e2-f0b8-44a8-9154-7e30bb998241@group-35B2ED17483C-SegmentedRaftLogWorker: Rolling segment log-0_0 to index:0
2022-02-01 01:14:24,855 [b34924e2-f0b8-44a8-9154-7e30bb998241@group-35B2ED17483C-SegmentedRaftLogWorker] INFO  segmented.SegmentedRaftLogWorker (SegmentedRaftLogWorker.java:execute(558)) - b34924e2-f0b8-44a8-9154-7e30bb998241@group-35B2ED17483C-SegmentedRaftLogWorker: Rolled log segment from /home/runner/work/ozone/ozone/hadoop-ozone/integration-test/target/test-dir/MiniOzoneClusterImpl-72297f51-d642-4b09-97fa-35b2ed17483c/ozone-meta/scm-ha/72297f51-d642-4b09-97fa-35b2ed17483c/current/log_inprogress_0 to /home/runner/work/ozone/ozone/hadoop-ozone/integration-test/target/test-dir/MiniOzoneClusterImpl-72297f51-d642-4b09-97fa-35b2ed17483c/ozone-meta/scm-ha/72297f51-d642-4b09-97fa-35b2ed17483c/current/log_0-0
2022-02-01 01:14:24,868 [b34924e2-f0b8-44a8-9154-7e30bb998241@group-35B2ED17483C-SegmentedRaftLogWorker] INFO  segmented.SegmentedRaftLogWorker (SegmentedRaftLogWorker.java:execute(601)) - b34924e2-f0b8-44a8-9154-7e30bb998241@group-35B2ED17483C-SegmentedRaftLogWorker: created new log segment /home/runner/work/ozone/ozone/hadoop-ozone/integration-test/target/test-dir/MiniOzoneClusterImpl-72297f51-d642-4b09-97fa-35b2ed17483c/ozone-meta/scm-ha/72297f51-d642-4b09-97fa-35b2ed17483c/current/log_inprogress_1
2022-02-01 01:14:24,876 [b34924e2-f0b8-44a8-9154-7e30bb998241@group-35B2ED17483C-LeaderElection13] INFO  server.RaftServer$Division (ServerState.java:setRaftConf(387)) - b34924e2-f0b8-44a8-9154-7e30bb998241@group-35B2ED17483C: set configuration 1: [b34924e2-f0b8-44a8-9154-7e30bb998241|rpc:fv-az151-917:9894|admin:|client:|dataStream:|priority:0], old=null
2022-02-01 01:14:24,888 [b34924e2-f0b8-44a8-9154-7e30bb998241@group-35B2ED17483C-StateMachineUpdater] INFO  ha.SCMContext (SCMContext.java:setLeaderReady(117)) - update <isLeaderReady> from <false> to <true>
2022-02-01 01:14:24,889 [b34924e2-f0b8-44a8-9154-7e30bb998241@group-35B2ED17483C-StateMachineUpdater] INFO  pipeline.BackgroundPipelineCreator (BackgroundPipelineCreator.java:notifyStatusChanged(264)) - Service BackgroundPipelineCreator transitions to RUNNING.
2022-02-01 01:14:24,890 [b34924e2-f0b8-44a8-9154-7e30bb998241@group-35B2ED17483C-StateMachineUpdater] INFO  safemode.HealthyPipelineSafeModeRule (HealthyPipelineSafeModeRule.java:initializeRule(152)) - Refreshed total pipeline count is 0, healthy pipeline threshold count is 1
2022-02-01 01:14:24,890 [b34924e2-f0b8-44a8-9154-7e30bb998241@group-35B2ED17483C-StateMachineUpdater] INFO  safemode.ContainerSafeModeRule (ContainerSafeModeRule.java:reInitializeRule(177)) - Refreshed one replica container threshold 0, currentThreshold 0
2022-02-01 01:14:24,890 [b34924e2-f0b8-44a8-9154-7e30bb998241@group-35B2ED17483C-StateMachineUpdater] INFO  safemode.OneReplicaPipelineSafeModeRule (OneReplicaPipelineSafeModeRule.java:initializeRule(176)) - Refreshed Total pipeline count is 0, pipeline's with at least one datanode reported threshold count is 0
2022-02-01 01:14:24,890 [b34924e2-f0b8-44a8-9154-7e30bb998241@group-35B2ED17483C-StateMachineUpdater] INFO  server.SCMDatanodeProtocolServer (SCMDatanodeProtocolServer.java:start(181)) - ScmDatanodeProtocol RPC server for DataNodes is listening at /0.0.0.0:35007
2022-02-01 01:14:24,896 [IPC Server listener on 0] INFO  ipc.Server (Server.java:run(1344)) - IPC Server listener on 0: starting
2022-02-01 01:14:24,900 [IPC Server Responder] INFO  ipc.Server (Server.java:run(1507)) - IPC Server Responder: starting
2022-02-01 01:14:26,619 [Listener at 0.0.0.0/39067] WARN  server.ServerUtils (ServerUtils.java:getDBPath(225)) - ozone.om.db.dirs is not configured. We recommend adding this setting. Falling back to ozone.metadata.dirs instead.
2022-02-01 01:14:26,620 [Listener at 0.0.0.0/39067] INFO  codec.OmKeyInfoCodec (OmKeyInfoCodec.java:<init>(50)) - OmKeyInfoCodec ignorePipeline = true
2022-02-01 01:14:26,620 [Listener at 0.0.0.0/39067] INFO  codec.RepeatedOmKeyInfoCodec (RepeatedOmKeyInfoCodec.java:<init>(42)) - RepeatedOmKeyInfoCodec ignorePipeline = true
2022-02-01 01:14:26,879 [Listener at 0.0.0.0/39067] INFO  om.OzoneManager (OzoneManager.java:addS3GVolumeToDB(3732)) - Created Volume s3v With Owner runner required for S3Gateway operations.
2022-02-01 01:14:26,879 [Listener at 0.0.0.0/39067] WARN  server.ServerUtils (ServerUtils.java:getDefaultRatisDirectory(237)) - Storage directory for Ratis is not configured. It is a good idea to map this to an SSD disk. Falling back to ozone.metadata.dirs
2022-02-01 01:14:26,879 [Listener at 0.0.0.0/39067] WARN  utils.OzoneManagerRatisUtils (OzoneManagerRatisUtils.java:getOMRatisSnapshotDirectory(330)) - ozone.om.ratis.snapshot.dir is not configured. Falling back to ozone.metadata.dirs config
2022-02-01 01:14:26,880 [Listener at 0.0.0.0/39067] WARN  impl.MetricRegistriesImpl (MetricRegistriesImpl.java:addReporterRegistration(111)) - New reporters are added after registries were created. Some metrics will be missing from the reporter. Please add reporter before adding any new registry.
2022-02-01 01:14:26,880 [Listener at 0.0.0.0/39067] WARN  impl.MetricRegistriesImpl (MetricRegistriesImpl.java:addReporterRegistration(111)) - New reporters are added after registries were created. Some metrics will be missing from the reporter. Please add reporter before adding any new registry.
2022-02-01 01:14:26,880 [Listener at 0.0.0.0/39067] WARN  server.ServerUtils (ServerUtils.java:getDefaultRatisDirectory(237)) - Storage directory for Ratis is not configured. It is a good idea to map this to an SSD disk. Falling back to ozone.metadata.dirs
2022-02-01 01:14:26,891 [Listener at 0.0.0.0/39067] INFO  ratis.OzoneManagerRatisServer (OzoneManagerRatisServer.java:<init>(159)) - Instantiating OM Ratis server with groupID: omServiceIdDefault and peers: localhost:9872
2022-02-01 01:14:26,891 [Listener at 0.0.0.0/39067] INFO  ratis.OzoneManagerStateMachine (OzoneManagerStateMachine.java:loadSnapshotInfoFromDB(605)) - LastAppliedIndex is set from TransactionInfo from OM DB as (t:0, i:~)
2022-02-01 01:14:26,891 [Listener at 0.0.0.0/39067] INFO  server.RaftServer (ConfUtils.java:logGet(44)) - raft.rpc.type = GRPC (default)
2022-02-01 01:14:26,892 [Listener at 0.0.0.0/39067] INFO  grpc.GrpcFactory (GrpcFactory.java:checkPooledByteBufAllocatorUseCacheForAllThreads(48)) - PERFORMANCE WARNING: useCacheForAllThreads is true that may cause Netty to create a lot garbage objects and, as a result, trigger GC.
	It is recommended to disable useCacheForAllThreads by setting -Dorg.apache.ratis.thirdparty.io.netty.allocator.useCacheForAllThreads=false in command line.
2022-02-01 01:14:26,892 [Listener at 0.0.0.0/39067] INFO  grpc.GrpcConfigKeys (ConfUtils.java:logGet(44)) - raft.grpc.admin.port = -1 (default)
2022-02-01 01:14:26,892 [Listener at 0.0.0.0/39067] INFO  grpc.GrpcConfigKeys (ConfUtils.java:logGet(44)) - raft.grpc.server.port = 9872 (custom)
2022-02-01 01:14:26,892 [Listener at 0.0.0.0/39067] INFO  grpc.GrpcConfigKeys (ConfUtils.java:logGet(44)) - raft.grpc.client.port = -1 (default)
2022-02-01 01:14:26,892 [Listener at 0.0.0.0/39067] INFO  grpc.GrpcConfigKeys (ConfUtils.java:logGet(44)) - raft.grpc.server.port = 9872 (custom)
2022-02-01 01:14:26,892 [Listener at 0.0.0.0/39067] INFO  grpc.GrpcConfigKeys (ConfUtils.java:logGet(44)) - raft.grpc.server.port = 9872 (custom)
2022-02-01 01:14:26,892 [Listener at 0.0.0.0/39067] INFO  server.GrpcService (ConfUtils.java:logGet(44)) - raft.grpc.message.size.max = 33554432 (custom)
2022-02-01 01:14:26,893 [Listener at 0.0.0.0/39067] INFO  server.RaftServerConfigKeys (ConfUtils.java:logGet(44)) - raft.server.log.appender.buffer.byte-limit = 33554432 (custom)
2022-02-01 01:14:26,893 [Listener at 0.0.0.0/39067] INFO  server.GrpcService (ConfUtils.java:logGet(44)) - raft.grpc.flow.control.window = 1MB (=1048576) (default)
2022-02-01 01:14:26,893 [Listener at 0.0.0.0/39067] INFO  server.RaftServerConfigKeys (ConfUtils.java:logGet(44)) - raft.server.rpc.request.timeout = 3000ms (default)
2022-02-01 01:14:26,894 [Listener at 0.0.0.0/39067] INFO  impl.DataStreamServerImpl (ConfUtils.java:logGet(44)) - raft.datastream.type = DISABLED (default)
2022-02-01 01:14:26,898 [Listener at 0.0.0.0/39067] INFO  server.RaftServerConfigKeys (ConfUtils.java:logGet(44)) - raft.server.rpc.slowness.timeout = 120s (custom)
2022-02-01 01:14:26,898 [Listener at 0.0.0.0/39067] INFO  server.RaftServerConfigKeys (ConfUtils.java:logGet(44)) - raft.server.leaderelection.leader.step-down.wait-time = 10s (default)
2022-02-01 01:14:26,898 [Listener at 0.0.0.0/39067] INFO  server.RaftServerConfigKeys (ConfUtils.java:logGet(44)) - raft.server.storage.dir = [/home/runner/work/ozone/ozone/hadoop-ozone/integration-test/target/test-dir/MiniOzoneClusterImpl-72297f51-d642-4b09-97fa-35b2ed17483c/ozone-meta/ratis] (custom)
2022-02-01 01:14:26,907 [Listener at 0.0.0.0/39067] INFO  server.RaftServer (RaftServerProxy.java:addNew(95)) - om1: addNew group-C5BA1605619E:[om1|rpc:localhost:9872|priority:0] returns group-C5BA1605619E:java.util.concurrent.CompletableFuture@47a68e3[Not completed]
2022-02-01 01:14:26,907 [Listener at 0.0.0.0/39067] INFO  om.OzoneManager (OzoneManager.java:initializeRatisServer(1834)) - OzoneManager Ratis server initialized at port 9872
2022-02-01 01:14:26,907 [pool-228-thread-1] INFO  server.RaftServer$Division (RaftServerImpl.java:<init>(184)) - om1: new RaftServerImpl for group-C5BA1605619E:[om1|rpc:localhost:9872|priority:0] with OzoneManagerStateMachine:uninitialized
2022-02-01 01:14:26,909 [Listener at 0.0.0.0/39067] INFO  ipc.CallQueueManager (CallQueueManager.java:<init>(90)) - Using callQueue: class java.util.concurrent.LinkedBlockingQueue, queueCapacity: 2000, scheduler: class org.apache.hadoop.ipc.DefaultRpcScheduler, ipcBackoff: false.
2022-02-01 01:14:26,917 [Socket Reader #1 for port 0] INFO  ipc.Server (Server.java:run(1265)) - Starting Socket Reader #1 for port 0
2022-02-01 01:14:26,938 [pool-228-thread-1] INFO  server.RaftServerConfigKeys (ConfUtils.java:logGet(44)) - raft.server.rpc.timeout.min = 1s (custom)
2022-02-01 01:14:26,938 [pool-228-thread-1] INFO  server.RaftServerConfigKeys (ConfUtils.java:logGet(44)) - raft.server.rpc.timeout.max = 1200ms (custom)
2022-02-01 01:14:26,938 [pool-228-thread-1] INFO  server.RaftServerConfigKeys (ConfUtils.java:logGet(44)) - raft.server.rpc.sleep.time = 25ms (default)
2022-02-01 01:14:26,939 [pool-228-thread-1] INFO  server.RaftServerConfigKeys (ConfUtils.java:logGet(44)) - raft.server.rpc.slowness.timeout = 120s (custom)
2022-02-01 01:14:26,939 [pool-228-thread-1] INFO  server.RaftServerConfigKeys (ConfUtils.java:logGet(44)) - raft.server.leaderelection.leader.step-down.wait-time = 10s (default)
2022-02-01 01:14:26,939 [pool-228-thread-1] INFO  server.RaftServerConfigKeys (ConfUtils.java:logGet(44)) - raft.server.sleep.deviation.threshold = 300ms (default)
2022-02-01 01:14:26,939 [pool-228-thread-1] INFO  server.RaftServerConfigKeys (ConfUtils.java:logGet(44)) - raft.server.log.appender.install.snapshot.enabled = false (custom)
2022-02-01 01:14:26,939 [pool-228-thread-1] INFO  server.RaftServer$Division (ServerState.java:<init>(105)) - om1@group-C5BA1605619E: ConfigurationManager, init=-1: [om1|rpc:localhost:9872|priority:0], old=null, confs=<EMPTY_MAP>
2022-02-01 01:14:26,939 [pool-228-thread-1] INFO  server.RaftServerConfigKeys (ConfUtils.java:logGet(44)) - raft.server.storage.dir = [/home/runner/work/ozone/ozone/hadoop-ozone/integration-test/target/test-dir/MiniOzoneClusterImpl-72297f51-d642-4b09-97fa-35b2ed17483c/ozone-meta/ratis] (custom)
2022-02-01 01:14:26,939 [pool-228-thread-1] INFO  server.RaftServerConfigKeys (ConfUtils.java:logGet(44)) - raft.server.log.corruption.policy = EXCEPTION (default)
2022-02-01 01:14:26,939 [pool-228-thread-1] INFO  server.RaftServerConfigKeys (ConfUtils.java:logGet(44)) - raft.server.storage.free-space.min = 0MB (=0) (default)
2022-02-01 01:14:26,939 [pool-228-thread-1] INFO  storage.RaftStorageDirectory (RaftStorageDirectoryImpl.java:analyzeStorage(135)) - The storage directory /home/runner/work/ozone/ozone/hadoop-ozone/integration-test/target/test-dir/MiniOzoneClusterImpl-72297f51-d642-4b09-97fa-35b2ed17483c/ozone-meta/ratis/bf265839-605b-3f16-9796-c5ba1605619e does not exist. Creating ...
2022-02-01 01:14:26,944 [pool-228-thread-1] INFO  storage.RaftStorageDirectory (RaftStorageDirectoryImpl.java:tryLock(230)) - Lock on /home/runner/work/ozone/ozone/hadoop-ozone/integration-test/target/test-dir/MiniOzoneClusterImpl-72297f51-d642-4b09-97fa-35b2ed17483c/ozone-meta/ratis/bf265839-605b-3f16-9796-c5ba1605619e/in_use.lock acquired by nodename 23777@fv-az151-917
2022-02-01 01:14:26,945 [pool-228-thread-1] INFO  storage.RaftStorage (RaftStorageImpl.java:format(89)) - Storage directory /home/runner/work/ozone/ozone/hadoop-ozone/integration-test/target/test-dir/MiniOzoneClusterImpl-72297f51-d642-4b09-97fa-35b2ed17483c/ozone-meta/ratis/bf265839-605b-3f16-9796-c5ba1605619e has been successfully formatted.
2022-02-01 01:14:26,948 [pool-228-thread-1] INFO  server.RaftServerConfigKeys (ConfUtils.java:logGet(44)) - raft.server.notification.no-leader.timeout = 120s (custom)
2022-02-01 01:14:26,948 [pool-228-thread-1] INFO  server.RaftServerConfigKeys (ConfUtils.java:logGet(44)) - raft.server.log.use.memory = false (default)
2022-02-01 01:14:26,948 [pool-228-thread-1] INFO  server.RaftServerConfigKeys (ConfUtils.java:logGet(44)) - raft.server.log.purge.gap = 1000000 (custom)
2022-02-01 01:14:26,948 [pool-228-thread-1] INFO  server.RaftServerConfigKeys (ConfUtils.java:logGet(44)) - raft.server.log.appender.buffer.byte-limit = 33554432 (custom)
2022-02-01 01:14:26,948 [pool-228-thread-1] INFO  server.RaftServerConfigKeys (ConfUtils.java:logGet(44)) - raft.server.log.segment.size.max = 4194304 (custom)
2022-02-01 01:14:26,949 [pool-228-thread-1] INFO  server.RaftServerConfigKeys (ConfUtils.java:logGet(44)) - raft.server.log.segment.cache.num.max = 2 (custom)
2022-02-01 01:14:26,949 [pool-228-thread-1] INFO  server.RaftServerConfigKeys (ConfUtils.java:logGet(44)) - raft.server.log.segment.cache.size.max = 200MB (=209715200) (default)
2022-02-01 01:14:26,949 [pool-228-thread-1] INFO  segmented.SegmentedRaftLogWorker (SegmentedRaftLogWorker.java:<init>(182)) - new om1@group-C5BA1605619E-SegmentedRaftLogWorker for RaftStorageImpl:Storage Directory /home/runner/work/ozone/ozone/hadoop-ozone/integration-test/target/test-dir/MiniOzoneClusterImpl-72297f51-d642-4b09-97fa-35b2ed17483c/ozone-meta/ratis/bf265839-605b-3f16-9796-c5ba1605619e
2022-02-01 01:14:26,949 [pool-228-thread-1] INFO  server.RaftServerConfigKeys (ConfUtils.java:logGet(44)) - raft.server.log.queue.byte-limit = 64MB (=67108864) (default)
2022-02-01 01:14:26,949 [pool-228-thread-1] INFO  server.RaftServerConfigKeys (ConfUtils.java:logGet(44)) - raft.server.log.queue.element-limit = 4096 (default)
2022-02-01 01:14:26,949 [pool-228-thread-1] INFO  server.RaftServerConfigKeys (ConfUtils.java:logGet(44)) - raft.server.log.segment.size.max = 4194304 (custom)
2022-02-01 01:14:26,949 [pool-228-thread-1] INFO  server.RaftServerConfigKeys (ConfUtils.java:logGet(44)) - raft.server.log.preallocated.size = 4194304 (custom)
2022-02-01 01:14:26,949 [pool-228-thread-1] INFO  server.RaftServerConfigKeys (ConfUtils.java:logGet(44)) - raft.server.log.force.sync.num = 128 (default)
2022-02-01 01:14:26,949 [pool-228-thread-1] INFO  server.RaftServerConfigKeys (ConfUtils.java:logGet(44)) - raft.server.log.statemachine.data.sync = true (default)
2022-02-01 01:14:26,949 [pool-228-thread-1] INFO  server.RaftServerConfigKeys (ConfUtils.java:logGet(44)) - raft.server.log.statemachine.data.sync.timeout = 10s (default)
2022-02-01 01:14:26,949 [pool-228-thread-1] INFO  server.RaftServerConfigKeys (ConfUtils.java:logGet(44)) - raft.server.log.statemachine.data.sync.timeout.retry = -1 (default)
2022-02-01 01:14:26,950 [pool-228-thread-1] INFO  server.RaftServerConfigKeys (ConfUtils.java:logGet(44)) - raft.server.log.write.buffer.size = 64KB (=65536) (default)
2022-02-01 01:14:26,950 [pool-228-thread-1] INFO  server.RaftServerConfigKeys (ConfUtils.java:logGet(44)) - raft.server.log.statemachine.data.caching.enabled = false (default)
2022-02-01 01:14:26,951 [pool-228-thread-1] INFO  segmented.SegmentedRaftLogWorker (SegmentedRaftLogWorker.java:lambda$new$0(133)) - om1@group-C5BA1605619E-SegmentedRaftLogWorker: flushIndex: setUnconditionally 0 -> -1
2022-02-01 01:14:26,951 [pool-228-thread-1] INFO  segmented.SegmentedRaftLogWorker (SegmentedRaftLogWorker.java:lambda$new$0(133)) - om1@group-C5BA1605619E-SegmentedRaftLogWorker: safeCacheEvictIndex: setUnconditionally 0 -> -1
2022-02-01 01:14:26,960 [pool-228-thread-1] INFO  server.RaftServerConfigKeys (ConfUtils.java:logGet(44)) - raft.server.snapshot.auto.trigger.enabled = true (custom)
2022-02-01 01:14:26,960 [pool-228-thread-1] INFO  server.RaftServerConfigKeys (ConfUtils.java:logGet(44)) - raft.server.snapshot.auto.trigger.threshold = 400000 (default)
2022-02-01 01:14:26,960 [pool-228-thread-1] INFO  server.RaftServerConfigKeys (ConfUtils.java:logGet(44)) - raft.server.snapshot.retention.file.num = -1 (default)
2022-02-01 01:14:26,960 [pool-228-thread-1] INFO  server.RaftServerConfigKeys (ConfUtils.java:logGet(44)) - raft.server.log.purge.upto.snapshot.index = true (custom)
2022-02-01 01:14:26,960 [pool-228-thread-1] INFO  server.RaftServerConfigKeys (ConfUtils.java:logGet(44)) - raft.server.retrycache.expirytime = 300s (custom)
2022-02-01 01:14:26,960 [pool-228-thread-1] INFO  server.RaftServerConfigKeys (ConfUtils.java:logGet(44)) - raft.server.retrycache.statistics.expirytime = 100μs (default)
2022-02-01 01:14:26,962 [Listener at 127.0.0.1/34793] INFO  impl.MetricsSystemImpl (MetricsSystemImpl.java:init(158)) - OzoneManager metrics system started (again)
2022-02-01 01:14:26,975 [Listener at 127.0.0.1/34793] INFO  om.OzoneManager (OzoneManager.java:start(1365)) - OzoneManager RPC server is listening at localhost/127.0.0.1:34793
2022-02-01 01:14:26,975 [Listener at 127.0.0.1/34793] INFO  ratis.OzoneManagerRatisServer (OzoneManagerRatisServer.java:start(554)) - Starting OzoneManagerRatisServer om1 at port 9872
2022-02-01 01:14:26,975 [Listener at 127.0.0.1/34793] INFO  server.RaftServer$Division (RaftServerImpl.java:start(301)) - om1@group-C5BA1605619E: start as a follower, conf=-1: [om1|rpc:localhost:9872|priority:0], old=null
2022-02-01 01:14:26,975 [Listener at 127.0.0.1/34793] INFO  server.RaftServer$Division (RaftServerImpl.java:setRole(290)) - om1@group-C5BA1605619E: changes role from      null to FOLLOWER at term 0 for startAsFollower
2022-02-01 01:14:26,975 [Listener at 127.0.0.1/34793] INFO  impl.RoleInfo (RoleInfo.java:updateAndGet(130)) - om1: start om1@group-C5BA1605619E-FollowerState
2022-02-01 01:14:26,976 [Listener at 127.0.0.1/34793] INFO  util.JmxRegister (JmxRegister.java:tryRegister(44)) - Successfully registered JMX Bean with object name Ratis:service=RaftServer,group=group-C5BA1605619E,id=om1
2022-02-01 01:14:26,977 [Listener at 127.0.0.1/34793] INFO  server.RaftServer (RaftServerProxy.java:lambda$start$5(374)) - om1: start RPC server
2022-02-01 01:14:26,980 [Listener at 127.0.0.1/34793] INFO  server.GrpcService (GrpcService.java:startImpl(253)) - om1: GrpcService started, listening on 9872
2022-02-01 01:14:26,980 [Listener at 127.0.0.1/34793] INFO  om.OzoneManager (OzoneManager.java:start(1381)) - Version File has different layout version (0) than OM DB (null). That is expected if this OM has never been finalized to a newer layout version.
2022-02-01 01:14:26,981 [org.apache.ratis.util.JvmPauseMonitor$$Lambda$431/1444001724@bac740b] INFO  util.JvmPauseMonitor (JvmPauseMonitor.java:run(103)) - JvmPauseMonitor-om1: Started
2022-02-01 01:14:26,983 [Listener at 127.0.0.1/34793] INFO  http.BaseHttpServer (BaseHttpServer.java:newHttpServer2BuilderForOzone(209)) - Starting Web-server for ozoneManager at: http://0.0.0.0:0
2022-02-01 01:14:26,983 [Listener at 127.0.0.1/34793] INFO  http.BaseHttpServer (BaseHttpServer.java:<init>(107)) - Hadoop Security Enabled: false Ozone Security Enabled: false Ozone HTTP Security Enabled: false 
2022-02-01 01:14:26,984 [Listener at 127.0.0.1/34793] INFO  server.AuthenticationFilter (AuthenticationFilter.java:constructSecretProvider(240)) - Unable to initialize FileSignerSecretProvider, falling back to use random secrets.
2022-02-01 01:14:26,985 [Listener at 127.0.0.1/34793] WARN  http.HttpRequestLog (HttpRequestLog.java:getRequestLog(103)) - Jetty request log can only be enabled using Log4j
2022-02-01 01:14:26,985 [Listener at 127.0.0.1/34793] INFO  http.HttpServer2 (HttpServer2.java:addGlobalFilter(1030)) - Added global filter 'safety' (class=org.apache.hadoop.hdds.server.http.HttpServer2$QuotingInputFilter)
2022-02-01 01:14:26,986 [Listener at 127.0.0.1/34793] INFO  http.HttpServer2 (HttpServer2.java:addFilter(1006)) - Added filter static_user_filter (class=org.apache.hadoop.http.lib.StaticUserWebFilter$StaticUserFilter) to context ozoneManager
2022-02-01 01:14:26,986 [Listener at 127.0.0.1/34793] INFO  http.HttpServer2 (HttpServer2.java:addFilter(1014)) - Added filter static_user_filter (class=org.apache.hadoop.http.lib.StaticUserWebFilter$StaticUserFilter) to context static
2022-02-01 01:14:26,986 [Listener at 127.0.0.1/34793] INFO  http.HttpServer2 (HttpServer2.java:addFilter(1014)) - Added filter static_user_filter (class=org.apache.hadoop.http.lib.StaticUserWebFilter$StaticUserFilter) to context logs
2022-02-01 01:14:26,987 [Listener at 127.0.0.1/34793] INFO  http.HttpServer2 (HttpServer2.java:bindListener(1249)) - Jetty bound to port 43403
2022-02-01 01:14:26,987 [Listener at 127.0.0.1/34793] INFO  server.Server (Server.java:doStart(375)) - jetty-9.4.43.v20210629; built: 2021-06-30T11:07:22.254Z; git: 526006ecfa3af7f1a27ef3a288e2bef7ea9dd7e8; jvm 1.8.0_312-b07
2022-02-01 01:14:26,989 [Listener at 127.0.0.1/34793] INFO  server.session (DefaultSessionIdManager.java:doStart(334)) - DefaultSessionIdManager workerName=node0
2022-02-01 01:14:26,989 [Listener at 127.0.0.1/34793] INFO  server.session (DefaultSessionIdManager.java:doStart(339)) - No SessionScavenger set, using defaults
2022-02-01 01:14:26,989 [Listener at 127.0.0.1/34793] INFO  server.session (HouseKeeper.java:startScavenging(132)) - node0 Scavenging every 600000ms
2022-02-01 01:14:26,990 [Listener at 127.0.0.1/34793] INFO  handler.ContextHandler (ContextHandler.java:doStart(915)) - Started o.e.j.s.ServletContextHandler@6558b20e{logs,/logs,file:///home/runner/work/ozone/ozone/hadoop-ozone/integration-test/target/log,AVAILABLE}
2022-02-01 01:14:26,990 [Listener at 127.0.0.1/34793] INFO  handler.ContextHandler (ContextHandler.java:doStart(915)) - Started o.e.j.s.ServletContextHandler@286d096e{static,/static,file:///home/runner/work/ozone/ozone/hadoop-ozone/integration-test/target/test-classes/webapps/static,AVAILABLE}
2022-02-01 01:14:26,994 [Listener at 127.0.0.1/34793] INFO  handler.ContextHandler (ContextHandler.java:doStart(915)) - Started o.e.j.w.WebAppContext@3cba9c47{ozoneManager,/,file:///home/runner/work/ozone/ozone/hadoop-ozone/integration-test/target/test-classes/webapps/ozoneManager/,AVAILABLE}{file:/home/runner/work/ozone/ozone/hadoop-ozone/integration-test/target/test-classes/webapps/ozoneManager}
2022-02-01 01:14:27,009 [Listener at 127.0.0.1/34793] INFO  server.AbstractConnector (AbstractConnector.java:doStart(331)) - Started ServerConnector@555d99d{HTTP/1.1, (http/1.1)}{0.0.0.0:43403}
2022-02-01 01:14:27,009 [Listener at 127.0.0.1/34793] INFO  server.Server (Server.java:doStart(415)) - Started @93319ms
2022-02-01 01:14:27,009 [Listener at 127.0.0.1/34793] WARN  impl.MetricsSystemImpl (MetricsSystemImpl.java:register(279)) - Sink prometheus already exists!
2022-02-01 01:14:27,010 [Listener at 127.0.0.1/34793] INFO  http.BaseHttpServer (BaseHttpServer.java:updateConnectorAddress(329)) - HTTP server of ozoneManager listening at http://0.0.0.0:43403
2022-02-01 01:14:27,016 [IPC Server Responder] INFO  ipc.Server (Server.java:run(1507)) - IPC Server Responder: starting
2022-02-01 01:14:27,016 [IPC Server listener on 0] INFO  ipc.Server (Server.java:run(1344)) - IPC Server listener on 0: starting
2022-02-01 01:14:27,097 [Listener at 127.0.0.1/34793] INFO  om.OzoneManager (OzoneManager.java:startTrashEmptier(1792)) - Trash Interval set to 0. Files deleted will not move to trash
2022-02-01 01:14:27,125 [org.apache.hadoop.util.JvmPauseMonitor$Monitor@30ec46a7] INFO  util.JvmPauseMonitor (JvmPauseMonitor.java:run(188)) - Starting JVM pause monitor
2022-02-01 01:14:27,137 [Listener at 127.0.0.1/34793] WARN  impl.MetricRegistriesImpl (MetricRegistriesImpl.java:addReporterRegistration(111)) - New reporters are added after registries were created. Some metrics will be missing from the reporter. Please add reporter before adding any new registry.
2022-02-01 01:14:27,140 [Listener at 127.0.0.1/34793] WARN  impl.MetricRegistriesImpl (MetricRegistriesImpl.java:addReporterRegistration(111)) - New reporters are added after registries were created. Some metrics will be missing from the reporter. Please add reporter before adding any new registry.
2022-02-01 01:14:27,140 [Listener at 127.0.0.1/34793] INFO  impl.MetricsSystemImpl (MetricsSystemImpl.java:init(158)) - HddsDatanode metrics system started (again)
2022-02-01 01:14:27,161 [Listener at 127.0.0.1/34793] INFO  ozone.HddsDatanodeService (HddsDatanodeService.java:start(234)) - HddsDatanodeService host:fv-az151-917.yf2hydr00wburbhx3j5hxtcipe.bx.internal.cloudapp.net ip:10.1.0.7
2022-02-01 01:14:27,189 [Listener at 127.0.0.1/34793] INFO  upgrade.AbstractLayoutVersionManager (AbstractLayoutVersionManager.java:init(79)) - Initializing Layout version manager with metadata layout = SCM_HA (version = 2), software layout = SCM_HA (version = 2)
2022-02-01 01:14:27,309 [Listener at 127.0.0.1/34793] INFO  reflections.Reflections (Reflections.java:scan(232)) - Reflections took 116 ms to scan 7 urls, producing 119 keys and 279 values 
2022-02-01 01:14:27,329 [Listener at 127.0.0.1/34793] INFO  statemachine.DatanodeStateMachine (DatanodeStateMachine.java:getEndPointTaskThreadPoolSize(222)) - Datanode State Machine Task Thread Pool size 2
2022-02-01 01:14:27,340 [Listener at 127.0.0.1/34793] INFO  volume.HddsVolume (HddsVolume.java:<init>(120)) - Creating HddsVolume: /home/runner/work/ozone/ozone/hadoop-ozone/integration-test/target/test-dir/MiniOzoneClusterImpl-72297f51-d642-4b09-97fa-35b2ed17483c/datanode-0/data-0/containers/hdds of storage type : DISK capacity : 9223372036854775807
2022-02-01 01:14:27,341 [Listener at 127.0.0.1/34793] INFO  volume.MutableVolumeSet (MutableVolumeSet.java:initializeVolumeSet(168)) - Added Volume : /home/runner/work/ozone/ozone/hadoop-ozone/integration-test/target/test-dir/MiniOzoneClusterImpl-72297f51-d642-4b09-97fa-35b2ed17483c/datanode-0/data-0/containers/hdds to VolumeSet
2022-02-01 01:14:27,341 [Listener at 127.0.0.1/34793] INFO  volume.ThrottledAsyncChecker (ThrottledAsyncChecker.java:schedule(141)) - Scheduling a check for /home/runner/work/ozone/ozone/hadoop-ozone/integration-test/target/test-dir/MiniOzoneClusterImpl-72297f51-d642-4b09-97fa-35b2ed17483c/datanode-0/data-0/containers/hdds
2022-02-01 01:14:27,345 [Listener at 127.0.0.1/34793] INFO  volume.StorageVolumeChecker (StorageVolumeChecker.java:checkAllVolumes(202)) - Scheduled health check for volume /home/runner/work/ozone/ozone/hadoop-ozone/integration-test/target/test-dir/MiniOzoneClusterImpl-72297f51-d642-4b09-97fa-35b2ed17483c/datanode-0/data-0/containers/hdds
2022-02-01 01:14:27,389 [Listener at 127.0.0.1/34793] INFO  volume.MutableVolumeSet (MutableVolumeSet.java:initializeVolumeSet(168)) - Added Volume : /home/runner/work/ozone/ozone/hadoop-ozone/integration-test/target/test-dir/MiniOzoneClusterImpl-72297f51-d642-4b09-97fa-35b2ed17483c/datanode-0/data/ratis to VolumeSet
2022-02-01 01:14:27,389 [Listener at 127.0.0.1/34793] INFO  volume.ThrottledAsyncChecker (ThrottledAsyncChecker.java:schedule(141)) - Scheduling a check for /home/runner/work/ozone/ozone/hadoop-ozone/integration-test/target/test-dir/MiniOzoneClusterImpl-72297f51-d642-4b09-97fa-35b2ed17483c/datanode-0/data/ratis
2022-02-01 01:14:27,389 [Listener at 127.0.0.1/34793] INFO  volume.StorageVolumeChecker (StorageVolumeChecker.java:checkAllVolumes(202)) - Scheduled health check for volume /home/runner/work/ozone/ozone/hadoop-ozone/integration-test/target/test-dir/MiniOzoneClusterImpl-72297f51-d642-4b09-97fa-35b2ed17483c/datanode-0/data/ratis
2022-02-01 01:14:27,402 [Thread-535] INFO  ozoneimpl.ContainerReader (ContainerReader.java:readVolume(172)) - Finish verifying containers on volume /home/runner/work/ozone/ozone/hadoop-ozone/integration-test/target/test-dir/MiniOzoneClusterImpl-72297f51-d642-4b09-97fa-35b2ed17483c/datanode-0/data-0/containers/hdds
2022-02-01 01:14:27,402 [Listener at 127.0.0.1/34793] INFO  ozoneimpl.OzoneContainer (OzoneContainer.java:buildContainerSet(237)) - Build ContainerSet costs 0s
2022-02-01 01:14:27,406 [Listener at 127.0.0.1/34793] INFO  server.RaftServer (ConfUtils.java:logGet(44)) - raft.rpc.type = GRPC (default)
2022-02-01 01:14:27,406 [Listener at 127.0.0.1/34793] INFO  grpc.GrpcFactory (GrpcFactory.java:checkPooledByteBufAllocatorUseCacheForAllThreads(48)) - PERFORMANCE WARNING: useCacheForAllThreads is true that may cause Netty to create a lot garbage objects and, as a result, trigger GC.
	It is recommended to disable useCacheForAllThreads by setting -Dorg.apache.ratis.thirdparty.io.netty.allocator.useCacheForAllThreads=false in command line.
2022-02-01 01:14:27,406 [Listener at 127.0.0.1/34793] INFO  grpc.GrpcConfigKeys (ConfUtils.java:logGet(44)) - raft.grpc.admin.port = 0 (custom)
2022-02-01 01:14:27,406 [Listener at 127.0.0.1/34793] INFO  grpc.GrpcConfigKeys (ConfUtils.java:logGet(44)) - raft.grpc.client.port = 0 (custom)
2022-02-01 01:14:27,406 [Listener at 127.0.0.1/34793] INFO  grpc.GrpcConfigKeys (ConfUtils.java:logGet(44)) - raft.grpc.server.port = 0 (default)
2022-02-01 01:14:27,406 [Listener at 127.0.0.1/34793] INFO  server.GrpcService (ConfUtils.java:logGet(44)) - raft.grpc.message.size.max = 32MB (=33554432) (custom)
2022-02-01 01:14:27,406 [Listener at 127.0.0.1/34793] INFO  server.RaftServerConfigKeys (ConfUtils.java:logGet(44)) - raft.server.log.appender.buffer.byte-limit = 33554432 (custom)
2022-02-01 01:14:27,407 [Listener at 127.0.0.1/34793] INFO  server.GrpcService (ConfUtils.java:logGet(44)) - raft.grpc.flow.control.window = 5MB (=5242880) (custom)
2022-02-01 01:14:27,407 [Listener at 127.0.0.1/34793] INFO  server.RaftServerConfigKeys (ConfUtils.java:logGet(44)) - raft.server.rpc.request.timeout = 60s (custom)
2022-02-01 01:14:27,413 [Listener at 127.0.0.1/34793] INFO  impl.DataStreamServerImpl (ConfUtils.java:logGet(44)) - raft.datastream.type = DISABLED (default)
2022-02-01 01:14:27,413 [Listener at 127.0.0.1/34793] INFO  server.RaftServerConfigKeys (ConfUtils.java:logGet(44)) - raft.server.rpc.slowness.timeout = 300s (custom)
2022-02-01 01:14:27,413 [Listener at 127.0.0.1/34793] INFO  server.RaftServerConfigKeys (ConfUtils.java:logGet(44)) - raft.server.leaderelection.leader.step-down.wait-time = 10s (default)
2022-02-01 01:14:27,413 [Listener at 127.0.0.1/34793] INFO  server.RaftServerConfigKeys (ConfUtils.java:logGet(44)) - raft.server.storage.dir = [/home/runner/work/ozone/ozone/hadoop-ozone/integration-test/target/test-dir/MiniOzoneClusterImpl-72297f51-d642-4b09-97fa-35b2ed17483c/datanode-0/data/ratis] (custom)
2022-02-01 01:14:27,414 [Listener at 127.0.0.1/34793] INFO  server.XceiverServerGrpc (XceiverServerGrpc.java:<init>(132)) - GrpcServer channel type EpollServerSocketChannel
2022-02-01 01:14:27,428 [Listener at 127.0.0.1/34793] INFO  http.BaseHttpServer (BaseHttpServer.java:newHttpServer2BuilderForOzone(209)) - Starting Web-server for hddsDatanode at: http://0.0.0.0:0
2022-02-01 01:14:27,429 [Listener at 127.0.0.1/34793] INFO  http.BaseHttpServer (BaseHttpServer.java:<init>(107)) - Hadoop Security Enabled: false Ozone Security Enabled: false Ozone HTTP Security Enabled: false 
2022-02-01 01:14:27,430 [Listener at 127.0.0.1/34793] INFO  server.AuthenticationFilter (AuthenticationFilter.java:constructSecretProvider(240)) - Unable to initialize FileSignerSecretProvider, falling back to use random secrets.
2022-02-01 01:14:27,436 [Listener at 127.0.0.1/34793] WARN  http.HttpRequestLog (HttpRequestLog.java:getRequestLog(103)) - Jetty request log can only be enabled using Log4j
2022-02-01 01:14:27,436 [Listener at 127.0.0.1/34793] INFO  http.HttpServer2 (HttpServer2.java:addGlobalFilter(1030)) - Added global filter 'safety' (class=org.apache.hadoop.hdds.server.http.HttpServer2$QuotingInputFilter)
2022-02-01 01:14:27,437 [Listener at 127.0.0.1/34793] INFO  http.HttpServer2 (HttpServer2.java:addFilter(1006)) - Added filter static_user_filter (class=org.apache.hadoop.http.lib.StaticUserWebFilter$StaticUserFilter) to context hddsDatanode
2022-02-01 01:14:27,437 [Listener at 127.0.0.1/34793] INFO  http.HttpServer2 (HttpServer2.java:addFilter(1014)) - Added filter static_user_filter (class=org.apache.hadoop.http.lib.StaticUserWebFilter$StaticUserFilter) to context logs
2022-02-01 01:14:27,440 [Listener at 127.0.0.1/34793] INFO  http.HttpServer2 (HttpServer2.java:addFilter(1014)) - Added filter static_user_filter (class=org.apache.hadoop.http.lib.StaticUserWebFilter$StaticUserFilter) to context static
2022-02-01 01:14:27,441 [Listener at 127.0.0.1/34793] INFO  http.HttpServer2 (HttpServer2.java:bindListener(1249)) - Jetty bound to port 43099
2022-02-01 01:14:27,441 [Listener at 127.0.0.1/34793] INFO  server.Server (Server.java:doStart(375)) - jetty-9.4.43.v20210629; built: 2021-06-30T11:07:22.254Z; git: 526006ecfa3af7f1a27ef3a288e2bef7ea9dd7e8; jvm 1.8.0_312-b07
2022-02-01 01:14:27,446 [Listener at 127.0.0.1/34793] INFO  server.session (DefaultSessionIdManager.java:doStart(334)) - DefaultSessionIdManager workerName=node0
2022-02-01 01:14:27,446 [Listener at 127.0.0.1/34793] INFO  server.session (DefaultSessionIdManager.java:doStart(339)) - No SessionScavenger set, using defaults
2022-02-01 01:14:27,446 [Listener at 127.0.0.1/34793] INFO  server.session (HouseKeeper.java:startScavenging(132)) - node0 Scavenging every 660000ms
2022-02-01 01:14:27,447 [Listener at 127.0.0.1/34793] INFO  handler.ContextHandler (ContextHandler.java:doStart(915)) - Started o.e.j.s.ServletContextHandler@1254dc82{logs,/logs,file:///home/runner/work/ozone/ozone/hadoop-ozone/integration-test/target/log,AVAILABLE}
2022-02-01 01:14:27,447 [Listener at 127.0.0.1/34793] INFO  handler.ContextHandler (ContextHandler.java:doStart(915)) - Started o.e.j.s.ServletContextHandler@630bf8f2{static,/static,jar:file:/home/runner/.m2/repository/org/apache/ozone/hdds-container-service/1.3.0-SNAPSHOT/hdds-container-service-1.3.0-SNAPSHOT.jar!/webapps/static,AVAILABLE}
2022-02-01 01:14:27,537 [Listener at 127.0.0.1/34793] INFO  handler.ContextHandler (ContextHandler.java:doStart(915)) - Started o.e.j.w.WebAppContext@79e2ba0{hddsDatanode,/,file:///tmp/jetty-0_0_0_0-43099-hdds-container-service-1_3_0-SNAPSHOT_jar-_-any-1973834221609973806/webapp/,AVAILABLE}{jar:file:/home/runner/.m2/repository/org/apache/ozone/hdds-container-service/1.3.0-SNAPSHOT/hdds-container-service-1.3.0-SNAPSHOT.jar!/webapps/hddsDatanode}
2022-02-01 01:14:27,538 [Listener at 127.0.0.1/34793] INFO  server.AbstractConnector (AbstractConnector.java:doStart(331)) - Started ServerConnector@5bf9a469{HTTP/1.1, (http/1.1)}{0.0.0.0:43099}
2022-02-01 01:14:27,538 [Listener at 127.0.0.1/34793] INFO  server.Server (Server.java:doStart(415)) - Started @93849ms
2022-02-01 01:14:27,538 [Listener at 127.0.0.1/34793] WARN  impl.MetricsSystemImpl (MetricsSystemImpl.java:register(279)) - Sink prometheus already exists!
2022-02-01 01:14:27,544 [Listener at 127.0.0.1/34793] INFO  http.BaseHttpServer (BaseHttpServer.java:updateConnectorAddress(329)) - HTTP server of hddsDatanode listening at http://0.0.0.0:43099
2022-02-01 01:14:27,556 [Listener at 127.0.0.1/34793] WARN  impl.MetricRegistriesImpl (MetricRegistriesImpl.java:addReporterRegistration(111)) - New reporters are added after registries were created. Some metrics will be missing from the reporter. Please add reporter before adding any new registry.
2022-02-01 01:14:27,556 [Listener at 127.0.0.1/34793] WARN  impl.MetricRegistriesImpl (MetricRegistriesImpl.java:addReporterRegistration(111)) - New reporters are added after registries were created. Some metrics will be missing from the reporter. Please add reporter before adding any new registry.
2022-02-01 01:14:27,556 [Listener at 127.0.0.1/34793] INFO  impl.MetricsSystemImpl (MetricsSystemImpl.java:init(158)) - HddsDatanode metrics system started (again)
2022-02-01 01:14:27,560 [Datanode State Machine Daemon Thread] INFO  statemachine.DatanodeStateMachine (DatanodeStateMachine.java:lambda$startDaemon$0(470)) - Ozone container server started.
2022-02-01 01:14:27,596 [org.apache.hadoop.util.JvmPauseMonitor$Monitor@66939796] INFO  util.JvmPauseMonitor (JvmPauseMonitor.java:run(188)) - Starting JVM pause monitor
2022-02-01 01:14:27,632 [Listener at 127.0.0.1/34793] INFO  ozone.HddsDatanodeService (HddsDatanodeService.java:start(234)) - HddsDatanodeService host:fv-az151-917.yf2hydr00wburbhx3j5hxtcipe.bx.internal.cloudapp.net ip:10.1.0.7
2022-02-01 01:14:27,641 [Datanode State Machine Task Thread - 0] INFO  datanode.InitDatanodeState (InitDatanodeState.java:persistContainerDatanodeDetails(145)) - DatanodeDetails is persisted to /home/runner/work/ozone/ozone/hadoop-ozone/integration-test/target/test-dir/MiniOzoneClusterImpl-72297f51-d642-4b09-97fa-35b2ed17483c/datanode-0/meta/datanode.id
2022-02-01 01:14:27,686 [Listener at 127.0.0.1/34793] INFO  upgrade.AbstractLayoutVersionManager (AbstractLayoutVersionManager.java:init(79)) - Initializing Layout version manager with metadata layout = SCM_HA (version = 2), software layout = SCM_HA (version = 2)
2022-02-01 01:14:27,826 [Listener at 127.0.0.1/34793] INFO  reflections.Reflections (Reflections.java:scan(232)) - Reflections took 138 ms to scan 7 urls, producing 119 keys and 279 values 
2022-02-01 01:14:27,834 [Listener at 127.0.0.1/34793] INFO  statemachine.DatanodeStateMachine (DatanodeStateMachine.java:getEndPointTaskThreadPoolSize(222)) - Datanode State Machine Task Thread Pool size 2
2022-02-01 01:14:27,843 [Listener at 127.0.0.1/34793] INFO  volume.HddsVolume (HddsVolume.java:<init>(120)) - Creating HddsVolume: /home/runner/work/ozone/ozone/hadoop-ozone/integration-test/target/test-dir/MiniOzoneClusterImpl-72297f51-d642-4b09-97fa-35b2ed17483c/datanode-1/data-0/containers/hdds of storage type : DISK capacity : 9223372036854775807
2022-02-01 01:14:27,843 [Listener at 127.0.0.1/34793] INFO  volume.MutableVolumeSet (MutableVolumeSet.java:initializeVolumeSet(168)) - Added Volume : /home/runner/work/ozone/ozone/hadoop-ozone/integration-test/target/test-dir/MiniOzoneClusterImpl-72297f51-d642-4b09-97fa-35b2ed17483c/datanode-1/data-0/containers/hdds to VolumeSet
2022-02-01 01:14:27,843 [Listener at 127.0.0.1/34793] INFO  volume.ThrottledAsyncChecker (ThrottledAsyncChecker.java:schedule(141)) - Scheduling a check for /home/runner/work/ozone/ozone/hadoop-ozone/integration-test/target/test-dir/MiniOzoneClusterImpl-72297f51-d642-4b09-97fa-35b2ed17483c/datanode-1/data-0/containers/hdds
2022-02-01 01:14:27,844 [Listener at 127.0.0.1/34793] INFO  volume.StorageVolumeChecker (StorageVolumeChecker.java:checkAllVolumes(202)) - Scheduled health check for volume /home/runner/work/ozone/ozone/hadoop-ozone/integration-test/target/test-dir/MiniOzoneClusterImpl-72297f51-d642-4b09-97fa-35b2ed17483c/datanode-1/data-0/containers/hdds
2022-02-01 01:14:27,858 [Listener at 127.0.0.1/34793] INFO  volume.MutableVolumeSet (MutableVolumeSet.java:initializeVolumeSet(168)) - Added Volume : /home/runner/work/ozone/ozone/hadoop-ozone/integration-test/target/test-dir/MiniOzoneClusterImpl-72297f51-d642-4b09-97fa-35b2ed17483c/datanode-1/data/ratis to VolumeSet
2022-02-01 01:14:27,858 [Listener at 127.0.0.1/34793] INFO  volume.ThrottledAsyncChecker (ThrottledAsyncChecker.java:schedule(141)) - Scheduling a check for /home/runner/work/ozone/ozone/hadoop-ozone/integration-test/target/test-dir/MiniOzoneClusterImpl-72297f51-d642-4b09-97fa-35b2ed17483c/datanode-1/data/ratis
2022-02-01 01:14:27,859 [Listener at 127.0.0.1/34793] INFO  volume.StorageVolumeChecker (StorageVolumeChecker.java:checkAllVolumes(202)) - Scheduled health check for volume /home/runner/work/ozone/ozone/hadoop-ozone/integration-test/target/test-dir/MiniOzoneClusterImpl-72297f51-d642-4b09-97fa-35b2ed17483c/datanode-1/data/ratis
2022-02-01 01:14:27,870 [Thread-547] INFO  ozoneimpl.ContainerReader (ContainerReader.java:readVolume(172)) - Finish verifying containers on volume /home/runner/work/ozone/ozone/hadoop-ozone/integration-test/target/test-dir/MiniOzoneClusterImpl-72297f51-d642-4b09-97fa-35b2ed17483c/datanode-1/data-0/containers/hdds
2022-02-01 01:14:27,870 [Listener at 127.0.0.1/34793] INFO  ozoneimpl.OzoneContainer (OzoneContainer.java:buildContainerSet(237)) - Build ContainerSet costs 0s
2022-02-01 01:14:27,873 [Listener at 127.0.0.1/34793] INFO  server.RaftServer (ConfUtils.java:logGet(44)) - raft.rpc.type = GRPC (default)
2022-02-01 01:14:27,873 [Listener at 127.0.0.1/34793] INFO  grpc.GrpcFactory (GrpcFactory.java:checkPooledByteBufAllocatorUseCacheForAllThreads(48)) - PERFORMANCE WARNING: useCacheForAllThreads is true that may cause Netty to create a lot garbage objects and, as a result, trigger GC.
	It is recommended to disable useCacheForAllThreads by setting -Dorg.apache.ratis.thirdparty.io.netty.allocator.useCacheForAllThreads=false in command line.
2022-02-01 01:14:27,873 [Listener at 127.0.0.1/34793] INFO  grpc.GrpcConfigKeys (ConfUtils.java:logGet(44)) - raft.grpc.admin.port = 0 (custom)
2022-02-01 01:14:27,879 [Listener at 127.0.0.1/34793] INFO  grpc.GrpcConfigKeys (ConfUtils.java:logGet(44)) - raft.grpc.client.port = 0 (custom)
2022-02-01 01:14:27,879 [Listener at 127.0.0.1/34793] INFO  grpc.GrpcConfigKeys (ConfUtils.java:logGet(44)) - raft.grpc.server.port = 0 (default)
2022-02-01 01:14:27,879 [Listener at 127.0.0.1/34793] INFO  server.GrpcService (ConfUtils.java:logGet(44)) - raft.grpc.message.size.max = 32MB (=33554432) (custom)
2022-02-01 01:14:27,879 [Listener at 127.0.0.1/34793] INFO  server.RaftServerConfigKeys (ConfUtils.java:logGet(44)) - raft.server.log.appender.buffer.byte-limit = 33554432 (custom)
2022-02-01 01:14:27,879 [Listener at 127.0.0.1/34793] INFO  server.GrpcService (ConfUtils.java:logGet(44)) - raft.grpc.flow.control.window = 5MB (=5242880) (custom)
2022-02-01 01:14:27,879 [Listener at 127.0.0.1/34793] INFO  server.RaftServerConfigKeys (ConfUtils.java:logGet(44)) - raft.server.rpc.request.timeout = 60s (custom)
2022-02-01 01:14:27,880 [Listener at 127.0.0.1/34793] INFO  impl.DataStreamServerImpl (ConfUtils.java:logGet(44)) - raft.datastream.type = DISABLED (default)
2022-02-01 01:14:27,881 [Listener at 127.0.0.1/34793] INFO  server.RaftServerConfigKeys (ConfUtils.java:logGet(44)) - raft.server.rpc.slowness.timeout = 300s (custom)
2022-02-01 01:14:27,881 [Listener at 127.0.0.1/34793] INFO  server.RaftServerConfigKeys (ConfUtils.java:logGet(44)) - raft.server.leaderelection.leader.step-down.wait-time = 10s (default)
2022-02-01 01:14:27,881 [Listener at 127.0.0.1/34793] INFO  server.RaftServerConfigKeys (ConfUtils.java:logGet(44)) - raft.server.storage.dir = [/home/runner/work/ozone/ozone/hadoop-ozone/integration-test/target/test-dir/MiniOzoneClusterImpl-72297f51-d642-4b09-97fa-35b2ed17483c/datanode-1/data/ratis] (custom)
2022-02-01 01:14:27,882 [Listener at 127.0.0.1/34793] INFO  server.XceiverServerGrpc (XceiverServerGrpc.java:<init>(132)) - GrpcServer channel type EpollServerSocketChannel
2022-02-01 01:14:27,885 [Listener at 127.0.0.1/34793] INFO  http.BaseHttpServer (BaseHttpServer.java:newHttpServer2BuilderForOzone(209)) - Starting Web-server for hddsDatanode at: http://0.0.0.0:0
2022-02-01 01:14:27,885 [Listener at 127.0.0.1/34793] INFO  http.BaseHttpServer (BaseHttpServer.java:<init>(107)) - Hadoop Security Enabled: false Ozone Security Enabled: false Ozone HTTP Security Enabled: false 
2022-02-01 01:14:27,886 [Listener at 127.0.0.1/34793] INFO  server.AuthenticationFilter (AuthenticationFilter.java:constructSecretProvider(240)) - Unable to initialize FileSignerSecretProvider, falling back to use random secrets.
2022-02-01 01:14:27,887 [Listener at 127.0.0.1/34793] WARN  http.HttpRequestLog (HttpRequestLog.java:getRequestLog(103)) - Jetty request log can only be enabled using Log4j
2022-02-01 01:14:27,887 [Listener at 127.0.0.1/34793] INFO  http.HttpServer2 (HttpServer2.java:addGlobalFilter(1030)) - Added global filter 'safety' (class=org.apache.hadoop.hdds.server.http.HttpServer2$QuotingInputFilter)
2022-02-01 01:14:27,888 [Listener at 127.0.0.1/34793] INFO  http.HttpServer2 (HttpServer2.java:addFilter(1006)) - Added filter static_user_filter (class=org.apache.hadoop.http.lib.StaticUserWebFilter$StaticUserFilter) to context hddsDatanode
2022-02-01 01:14:27,888 [Listener at 127.0.0.1/34793] INFO  http.HttpServer2 (HttpServer2.java:addFilter(1014)) - Added filter static_user_filter (class=org.apache.hadoop.http.lib.StaticUserWebFilter$StaticUserFilter) to context logs
2022-02-01 01:14:27,888 [Listener at 127.0.0.1/34793] INFO  http.HttpServer2 (HttpServer2.java:addFilter(1014)) - Added filter static_user_filter (class=org.apache.hadoop.http.lib.StaticUserWebFilter$StaticUserFilter) to context static
2022-02-01 01:14:27,889 [Listener at 127.0.0.1/34793] INFO  http.HttpServer2 (HttpServer2.java:bindListener(1249)) - Jetty bound to port 36805
2022-02-01 01:14:27,889 [Listener at 127.0.0.1/34793] INFO  server.Server (Server.java:doStart(375)) - jetty-9.4.43.v20210629; built: 2021-06-30T11:07:22.254Z; git: 526006ecfa3af7f1a27ef3a288e2bef7ea9dd7e8; jvm 1.8.0_312-b07
2022-02-01 01:14:27,891 [Listener at 127.0.0.1/34793] INFO  server.session (DefaultSessionIdManager.java:doStart(334)) - DefaultSessionIdManager workerName=node0
2022-02-01 01:14:27,891 [Listener at 127.0.0.1/34793] INFO  server.session (DefaultSessionIdManager.java:doStart(339)) - No SessionScavenger set, using defaults
2022-02-01 01:14:27,891 [Listener at 127.0.0.1/34793] INFO  server.session (HouseKeeper.java:startScavenging(132)) - node0 Scavenging every 600000ms
2022-02-01 01:14:27,892 [Listener at 127.0.0.1/34793] INFO  handler.ContextHandler (ContextHandler.java:doStart(915)) - Started o.e.j.s.ServletContextHandler@348483c5{logs,/logs,file:///home/runner/work/ozone/ozone/hadoop-ozone/integration-test/target/log,AVAILABLE}
2022-02-01 01:14:27,892 [Listener at 127.0.0.1/34793] INFO  handler.ContextHandler (ContextHandler.java:doStart(915)) - Started o.e.j.s.ServletContextHandler@55243ee3{static,/static,jar:file:/home/runner/.m2/repository/org/apache/ozone/hdds-container-service/1.3.0-SNAPSHOT/hdds-container-service-1.3.0-SNAPSHOT.jar!/webapps/static,AVAILABLE}
2022-02-01 01:14:27,989 [Listener at 127.0.0.1/34793] INFO  handler.ContextHandler (ContextHandler.java:doStart(915)) - Started o.e.j.w.WebAppContext@45f01fbb{hddsDatanode,/,file:///tmp/jetty-0_0_0_0-36805-hdds-container-service-1_3_0-SNAPSHOT_jar-_-any-8337712299328231854/webapp/,AVAILABLE}{jar:file:/home/runner/.m2/repository/org/apache/ozone/hdds-container-service/1.3.0-SNAPSHOT/hdds-container-service-1.3.0-SNAPSHOT.jar!/webapps/hddsDatanode}
2022-02-01 01:14:27,992 [Listener at 127.0.0.1/34793] INFO  server.AbstractConnector (AbstractConnector.java:doStart(331)) - Started ServerConnector@3a3b049a{HTTP/1.1, (http/1.1)}{0.0.0.0:36805}
2022-02-01 01:14:27,992 [Listener at 127.0.0.1/34793] INFO  server.Server (Server.java:doStart(415)) - Started @94303ms
2022-02-01 01:14:27,993 [Listener at 127.0.0.1/34793] WARN  impl.MetricsSystemImpl (MetricsSystemImpl.java:register(279)) - Sink prometheus already exists!
2022-02-01 01:14:27,993 [Listener at 127.0.0.1/34793] INFO  http.BaseHttpServer (BaseHttpServer.java:updateConnectorAddress(329)) - HTTP server of hddsDatanode listening at http://0.0.0.0:36805
2022-02-01 01:14:27,998 [om1@group-C5BA1605619E-FollowerState] INFO  impl.FollowerState (FollowerState.java:run(134)) - om1@group-C5BA1605619E-FollowerState: change to CANDIDATE, lastRpcElapsedTime:1022295127ns, electionTimeout:1006ms
2022-02-01 01:14:27,998 [om1@group-C5BA1605619E-FollowerState] INFO  impl.RoleInfo (RoleInfo.java:shutdownFollowerState(108)) - om1: shutdown om1@group-C5BA1605619E-FollowerState
2022-02-01 01:14:27,998 [om1@group-C5BA1605619E-FollowerState] INFO  server.RaftServer$Division (RaftServerImpl.java:setRole(290)) - om1@group-C5BA1605619E: changes role from  FOLLOWER to CANDIDATE at term 0 for changeToCandidate
2022-02-01 01:14:28,003 [Datanode State Machine Daemon Thread] INFO  statemachine.DatanodeStateMachine (DatanodeStateMachine.java:lambda$startDaemon$0(470)) - Ozone container server started.
2022-02-01 01:14:28,003 [Listener at 127.0.0.1/34793] WARN  impl.MetricRegistriesImpl (MetricRegistriesImpl.java:addReporterRegistration(111)) - New reporters are added after registries were created. Some metrics will be missing from the reporter. Please add reporter before adding any new registry.
2022-02-01 01:14:28,005 [Listener at 127.0.0.1/34793] WARN  impl.MetricRegistriesImpl (MetricRegistriesImpl.java:addReporterRegistration(111)) - New reporters are added after registries were created. Some metrics will be missing from the reporter. Please add reporter before adding any new registry.
2022-02-01 01:14:28,005 [Listener at 127.0.0.1/34793] INFO  impl.MetricsSystemImpl (MetricsSystemImpl.java:init(158)) - HddsDatanode metrics system started (again)
2022-02-01 01:14:28,012 [org.apache.hadoop.util.JvmPauseMonitor$Monitor@2741c17b] INFO  util.JvmPauseMonitor (JvmPauseMonitor.java:run(188)) - Starting JVM pause monitor
2022-02-01 01:14:28,018 [Listener at 127.0.0.1/34793] INFO  ozone.HddsDatanodeService (HddsDatanodeService.java:start(234)) - HddsDatanodeService host:fv-az151-917.yf2hydr00wburbhx3j5hxtcipe.bx.internal.cloudapp.net ip:10.1.0.7
2022-02-01 01:14:28,023 [om1@group-C5BA1605619E-FollowerState] INFO  server.RaftServerConfigKeys (ConfUtils.java:logGet(44)) - raft.server.leaderelection.pre-vote = false (custom)
2022-02-01 01:14:28,023 [om1@group-C5BA1605619E-FollowerState] INFO  impl.RoleInfo (RoleInfo.java:updateAndGet(130)) - om1: start om1@group-C5BA1605619E-LeaderElection14
2022-02-01 01:14:28,043 [Datanode State Machine Task Thread - 0] INFO  datanode.InitDatanodeState (InitDatanodeState.java:persistContainerDatanodeDetails(145)) - DatanodeDetails is persisted to /home/runner/work/ozone/ozone/hadoop-ozone/integration-test/target/test-dir/MiniOzoneClusterImpl-72297f51-d642-4b09-97fa-35b2ed17483c/datanode-1/meta/datanode.id
2022-02-01 01:14:28,044 [om1@group-C5BA1605619E-LeaderElection14] INFO  impl.LeaderElection (LeaderElection.java:askForVotes(306)) - om1@group-C5BA1605619E-LeaderElection14 ELECTION round 0: submit vote requests at term 1 for -1: [om1|rpc:localhost:9872|priority:0], old=null
2022-02-01 01:14:28,044 [om1@group-C5BA1605619E-LeaderElection14] INFO  impl.LeaderElection (LeaderElection.java:askForVotes(308)) - om1@group-C5BA1605619E-LeaderElection14 ELECTION round 0: result PASSED (term=1)
2022-02-01 01:14:28,044 [om1@group-C5BA1605619E-LeaderElection14] INFO  impl.RoleInfo (RoleInfo.java:shutdownLeaderElection(121)) - om1: shutdown om1@group-C5BA1605619E-LeaderElection14
2022-02-01 01:14:28,044 [om1@group-C5BA1605619E-LeaderElection14] INFO  server.RaftServer$Division (RaftServerImpl.java:setRole(290)) - om1@group-C5BA1605619E: changes role from CANDIDATE to LEADER at term 1 for changeToLeader
2022-02-01 01:14:28,044 [om1@group-C5BA1605619E-LeaderElection14] INFO  server.RaftServer$Division (ServerState.java:setLeader(285)) - om1@group-C5BA1605619E: change Leader from null to om1 at term 1 for becomeLeader, leader elected after 1096ms
2022-02-01 01:14:28,044 [om1@group-C5BA1605619E-LeaderElection14] INFO  server.RaftServerConfigKeys (ConfUtils.java:logGet(44)) - raft.server.staging.catchup.gap = 1000 (default)
2022-02-01 01:14:28,045 [om1@group-C5BA1605619E-LeaderElection14] INFO  server.RaftServerConfigKeys (ConfUtils.java:logGet(44)) - raft.server.write.element-limit = 4096 (default)
2022-02-01 01:14:28,045 [om1@group-C5BA1605619E-LeaderElection14] INFO  server.RaftServerConfigKeys (ConfUtils.java:logGet(44)) - raft.server.write.byte-limit = 64MB (=67108864) (default)
2022-02-01 01:14:28,045 [om1@group-C5BA1605619E-LeaderElection14] INFO  server.RaftServerConfigKeys (ConfUtils.java:logGet(44)) - raft.server.watch.timeout = 10s (default)
2022-02-01 01:14:28,045 [om1@group-C5BA1605619E-LeaderElection14] INFO  server.RaftServerConfigKeys (ConfUtils.java:logGet(44)) - raft.server.watch.timeout.denomination = 1s (default)
2022-02-01 01:14:28,045 [om1@group-C5BA1605619E-LeaderElection14] INFO  server.RaftServerConfigKeys (ConfUtils.java:logGet(44)) - raft.server.watch.element-limit = 65536 (default)
2022-02-01 01:14:28,045 [om1@group-C5BA1605619E-LeaderElection14] INFO  server.RaftServerConfigKeys (ConfUtils.java:logGet(44)) - raft.server.write.element-limit = 4096 (default)
2022-02-01 01:14:28,046 [om1@group-C5BA1605619E-LeaderElection14] INFO  server.RaftServerConfigKeys (ConfUtils.java:logGet(44)) - raft.server.write.follower.gap.ratio.max = -1.0 (default)
2022-02-01 01:14:28,046 [om1@group-C5BA1605619E-LeaderElection14] INFO  impl.RoleInfo (RoleInfo.java:updateAndGet(130)) - om1: start om1@group-C5BA1605619E-LeaderStateImpl
2022-02-01 01:14:28,046 [om1@group-C5BA1605619E-LeaderElection14] INFO  segmented.SegmentedRaftLogWorker (SegmentedRaftLogWorker.java:startLogSegment(394)) - om1@group-C5BA1605619E-SegmentedRaftLogWorker: Starting segment from index:0
2022-02-01 01:14:28,058 [om1@group-C5BA1605619E-SegmentedRaftLogWorker] INFO  segmented.SegmentedRaftLogWorker (SegmentedRaftLogWorker.java:execute(601)) - om1@group-C5BA1605619E-SegmentedRaftLogWorker: created new log segment /home/runner/work/ozone/ozone/hadoop-ozone/integration-test/target/test-dir/MiniOzoneClusterImpl-72297f51-d642-4b09-97fa-35b2ed17483c/ozone-meta/ratis/bf265839-605b-3f16-9796-c5ba1605619e/current/log_inprogress_0
2022-02-01 01:14:28,081 [om1@group-C5BA1605619E-LeaderElection14] INFO  server.RaftServer$Division (ServerState.java:setRaftConf(387)) - om1@group-C5BA1605619E: set configuration 0: [om1|rpc:localhost:9872|admin:|client:|dataStream:|priority:0], old=null
2022-02-01 01:14:28,093 [om1@group-C5BA1605619E-StateMachineUpdater] INFO  ratis.OzoneManagerStateMachine (OzoneManagerStateMachine.java:notifyConfigurationChanged(188)) - Received Configuration change notification from Ratis. New Peer list:
[id: "om1"
address: "localhost:9872"
]
2022-02-01 01:14:28,093 [Listener at 127.0.0.1/34793] INFO  upgrade.AbstractLayoutVersionManager (AbstractLayoutVersionManager.java:init(79)) - Initializing Layout version manager with metadata layout = SCM_HA (version = 2), software layout = SCM_HA (version = 2)
2022-02-01 01:14:28,192 [Listener at 127.0.0.1/34793] INFO  reflections.Reflections (Reflections.java:scan(232)) - Reflections took 98 ms to scan 7 urls, producing 119 keys and 279 values 
2022-02-01 01:14:28,195 [Listener at 127.0.0.1/34793] INFO  statemachine.DatanodeStateMachine (DatanodeStateMachine.java:getEndPointTaskThreadPoolSize(222)) - Datanode State Machine Task Thread Pool size 2
2022-02-01 01:14:28,197 [Listener at 127.0.0.1/34793] INFO  volume.HddsVolume (HddsVolume.java:<init>(120)) - Creating HddsVolume: /home/runner/work/ozone/ozone/hadoop-ozone/integration-test/target/test-dir/MiniOzoneClusterImpl-72297f51-d642-4b09-97fa-35b2ed17483c/datanode-2/data-0/containers/hdds of storage type : DISK capacity : 9223372036854775807
2022-02-01 01:14:28,197 [Listener at 127.0.0.1/34793] INFO  volume.MutableVolumeSet (MutableVolumeSet.java:initializeVolumeSet(168)) - Added Volume : /home/runner/work/ozone/ozone/hadoop-ozone/integration-test/target/test-dir/MiniOzoneClusterImpl-72297f51-d642-4b09-97fa-35b2ed17483c/datanode-2/data-0/containers/hdds to VolumeSet
2022-02-01 01:14:28,198 [Listener at 127.0.0.1/34793] INFO  volume.ThrottledAsyncChecker (ThrottledAsyncChecker.java:schedule(141)) - Scheduling a check for /home/runner/work/ozone/ozone/hadoop-ozone/integration-test/target/test-dir/MiniOzoneClusterImpl-72297f51-d642-4b09-97fa-35b2ed17483c/datanode-2/data-0/containers/hdds
2022-02-01 01:14:28,200 [Listener at 127.0.0.1/34793] INFO  volume.StorageVolumeChecker (StorageVolumeChecker.java:checkAllVolumes(202)) - Scheduled health check for volume /home/runner/work/ozone/ozone/hadoop-ozone/integration-test/target/test-dir/MiniOzoneClusterImpl-72297f51-d642-4b09-97fa-35b2ed17483c/datanode-2/data-0/containers/hdds
2022-02-01 01:14:28,212 [Listener at 127.0.0.1/34793] INFO  volume.MutableVolumeSet (MutableVolumeSet.java:initializeVolumeSet(168)) - Added Volume : /home/runner/work/ozone/ozone/hadoop-ozone/integration-test/target/test-dir/MiniOzoneClusterImpl-72297f51-d642-4b09-97fa-35b2ed17483c/datanode-2/data/ratis to VolumeSet
2022-02-01 01:14:28,213 [Listener at 127.0.0.1/34793] INFO  volume.ThrottledAsyncChecker (ThrottledAsyncChecker.java:schedule(141)) - Scheduling a check for /home/runner/work/ozone/ozone/hadoop-ozone/integration-test/target/test-dir/MiniOzoneClusterImpl-72297f51-d642-4b09-97fa-35b2ed17483c/datanode-2/data/ratis
2022-02-01 01:14:28,213 [Listener at 127.0.0.1/34793] INFO  volume.StorageVolumeChecker (StorageVolumeChecker.java:checkAllVolumes(202)) - Scheduled health check for volume /home/runner/work/ozone/ozone/hadoop-ozone/integration-test/target/test-dir/MiniOzoneClusterImpl-72297f51-d642-4b09-97fa-35b2ed17483c/datanode-2/data/ratis
2022-02-01 01:14:28,257 [Thread-561] INFO  ozoneimpl.ContainerReader (ContainerReader.java:readVolume(172)) - Finish verifying containers on volume /home/runner/work/ozone/ozone/hadoop-ozone/integration-test/target/test-dir/MiniOzoneClusterImpl-72297f51-d642-4b09-97fa-35b2ed17483c/datanode-2/data-0/containers/hdds
2022-02-01 01:14:28,264 [Listener at 127.0.0.1/34793] INFO  ozoneimpl.OzoneContainer (OzoneContainer.java:buildContainerSet(237)) - Build ContainerSet costs 0s
2022-02-01 01:14:28,283 [Listener at 127.0.0.1/34793] INFO  server.RaftServer (ConfUtils.java:logGet(44)) - raft.rpc.type = GRPC (default)
2022-02-01 01:14:28,284 [Listener at 127.0.0.1/34793] INFO  grpc.GrpcFactory (GrpcFactory.java:checkPooledByteBufAllocatorUseCacheForAllThreads(48)) - PERFORMANCE WARNING: useCacheForAllThreads is true that may cause Netty to create a lot garbage objects and, as a result, trigger GC.
	It is recommended to disable useCacheForAllThreads by setting -Dorg.apache.ratis.thirdparty.io.netty.allocator.useCacheForAllThreads=false in command line.
2022-02-01 01:14:28,285 [Listener at 127.0.0.1/34793] INFO  grpc.GrpcConfigKeys (ConfUtils.java:logGet(44)) - raft.grpc.admin.port = 0 (custom)
2022-02-01 01:14:28,285 [Listener at 127.0.0.1/34793] INFO  grpc.GrpcConfigKeys (ConfUtils.java:logGet(44)) - raft.grpc.client.port = 0 (custom)
2022-02-01 01:14:28,286 [Listener at 127.0.0.1/34793] INFO  grpc.GrpcConfigKeys (ConfUtils.java:logGet(44)) - raft.grpc.server.port = 0 (default)
2022-02-01 01:14:28,287 [Listener at 127.0.0.1/34793] INFO  server.GrpcService (ConfUtils.java:logGet(44)) - raft.grpc.message.size.max = 32MB (=33554432) (custom)
2022-02-01 01:14:28,287 [Listener at 127.0.0.1/34793] INFO  server.RaftServerConfigKeys (ConfUtils.java:logGet(44)) - raft.server.log.appender.buffer.byte-limit = 33554432 (custom)
2022-02-01 01:14:28,287 [Listener at 127.0.0.1/34793] INFO  server.GrpcService (ConfUtils.java:logGet(44)) - raft.grpc.flow.control.window = 5MB (=5242880) (custom)
2022-02-01 01:14:28,288 [Listener at 127.0.0.1/34793] INFO  server.RaftServerConfigKeys (ConfUtils.java:logGet(44)) - raft.server.rpc.request.timeout = 60s (custom)
2022-02-01 01:14:28,289 [Listener at 127.0.0.1/34793] INFO  impl.DataStreamServerImpl (ConfUtils.java:logGet(44)) - raft.datastream.type = DISABLED (default)
2022-02-01 01:14:28,292 [Listener at 127.0.0.1/34793] INFO  server.RaftServerConfigKeys (ConfUtils.java:logGet(44)) - raft.server.rpc.slowness.timeout = 300s (custom)
2022-02-01 01:14:28,294 [Listener at 127.0.0.1/34793] INFO  server.RaftServerConfigKeys (ConfUtils.java:logGet(44)) - raft.server.leaderelection.leader.step-down.wait-time = 10s (default)
2022-02-01 01:14:28,294 [Listener at 127.0.0.1/34793] INFO  server.RaftServerConfigKeys (ConfUtils.java:logGet(44)) - raft.server.storage.dir = [/home/runner/work/ozone/ozone/hadoop-ozone/integration-test/target/test-dir/MiniOzoneClusterImpl-72297f51-d642-4b09-97fa-35b2ed17483c/datanode-2/data/ratis] (custom)
2022-02-01 01:14:28,296 [Listener at 127.0.0.1/34793] INFO  server.XceiverServerGrpc (XceiverServerGrpc.java:<init>(132)) - GrpcServer channel type EpollServerSocketChannel
2022-02-01 01:14:28,299 [Listener at 127.0.0.1/34793] INFO  http.BaseHttpServer (BaseHttpServer.java:newHttpServer2BuilderForOzone(209)) - Starting Web-server for hddsDatanode at: http://0.0.0.0:0
2022-02-01 01:14:28,299 [Listener at 127.0.0.1/34793] INFO  http.BaseHttpServer (BaseHttpServer.java:<init>(107)) - Hadoop Security Enabled: false Ozone Security Enabled: false Ozone HTTP Security Enabled: false 
2022-02-01 01:14:28,300 [Listener at 127.0.0.1/34793] INFO  server.AuthenticationFilter (AuthenticationFilter.java:constructSecretProvider(240)) - Unable to initialize FileSignerSecretProvider, falling back to use random secrets.
2022-02-01 01:14:28,301 [Listener at 127.0.0.1/34793] WARN  http.HttpRequestLog (HttpRequestLog.java:getRequestLog(103)) - Jetty request log can only be enabled using Log4j
2022-02-01 01:14:28,301 [Listener at 127.0.0.1/34793] INFO  http.HttpServer2 (HttpServer2.java:addGlobalFilter(1030)) - Added global filter 'safety' (class=org.apache.hadoop.hdds.server.http.HttpServer2$QuotingInputFilter)
2022-02-01 01:14:28,302 [Listener at 127.0.0.1/34793] INFO  http.HttpServer2 (HttpServer2.java:addFilter(1006)) - Added filter static_user_filter (class=org.apache.hadoop.http.lib.StaticUserWebFilter$StaticUserFilter) to context hddsDatanode
2022-02-01 01:14:28,302 [Listener at 127.0.0.1/34793] INFO  http.HttpServer2 (HttpServer2.java:addFilter(1014)) - Added filter static_user_filter (class=org.apache.hadoop.http.lib.StaticUserWebFilter$StaticUserFilter) to context static
2022-02-01 01:14:28,302 [Listener at 127.0.0.1/34793] INFO  http.HttpServer2 (HttpServer2.java:addFilter(1014)) - Added filter static_user_filter (class=org.apache.hadoop.http.lib.StaticUserWebFilter$StaticUserFilter) to context logs
2022-02-01 01:14:28,303 [Listener at 127.0.0.1/34793] INFO  http.HttpServer2 (HttpServer2.java:bindListener(1249)) - Jetty bound to port 41069
2022-02-01 01:14:28,303 [Listener at 127.0.0.1/34793] INFO  server.Server (Server.java:doStart(375)) - jetty-9.4.43.v20210629; built: 2021-06-30T11:07:22.254Z; git: 526006ecfa3af7f1a27ef3a288e2bef7ea9dd7e8; jvm 1.8.0_312-b07
2022-02-01 01:14:28,305 [Listener at 127.0.0.1/34793] INFO  server.session (DefaultSessionIdManager.java:doStart(334)) - DefaultSessionIdManager workerName=node0
2022-02-01 01:14:28,305 [Listener at 127.0.0.1/34793] INFO  server.session (DefaultSessionIdManager.java:doStart(339)) - No SessionScavenger set, using defaults
2022-02-01 01:14:28,305 [Listener at 127.0.0.1/34793] INFO  server.session (HouseKeeper.java:startScavenging(132)) - node0 Scavenging every 600000ms
2022-02-01 01:14:28,310 [Listener at 127.0.0.1/34793] INFO  handler.ContextHandler (ContextHandler.java:doStart(915)) - Started o.e.j.s.ServletContextHandler@44bf23b2{logs,/logs,file:///home/runner/work/ozone/ozone/hadoop-ozone/integration-test/target/log,AVAILABLE}
2022-02-01 01:14:28,310 [Listener at 127.0.0.1/34793] INFO  handler.ContextHandler (ContextHandler.java:doStart(915)) - Started o.e.j.s.ServletContextHandler@7ce07efa{static,/static,jar:file:/home/runner/.m2/repository/org/apache/ozone/hdds-container-service/1.3.0-SNAPSHOT/hdds-container-service-1.3.0-SNAPSHOT.jar!/webapps/static,AVAILABLE}
2022-02-01 01:14:28,410 [Listener at 127.0.0.1/34793] INFO  handler.ContextHandler (ContextHandler.java:doStart(915)) - Started o.e.j.w.WebAppContext@7e89d81e{hddsDatanode,/,file:///tmp/jetty-0_0_0_0-41069-hdds-container-service-1_3_0-SNAPSHOT_jar-_-any-8008200648114435639/webapp/,AVAILABLE}{jar:file:/home/runner/.m2/repository/org/apache/ozone/hdds-container-service/1.3.0-SNAPSHOT/hdds-container-service-1.3.0-SNAPSHOT.jar!/webapps/hddsDatanode}
2022-02-01 01:14:28,411 [Listener at 127.0.0.1/34793] INFO  server.AbstractConnector (AbstractConnector.java:doStart(331)) - Started ServerConnector@5ec2138b{HTTP/1.1, (http/1.1)}{0.0.0.0:41069}
2022-02-01 01:14:28,411 [Listener at 127.0.0.1/34793] INFO  server.Server (Server.java:doStart(415)) - Started @94722ms
2022-02-01 01:14:28,412 [Listener at 127.0.0.1/34793] WARN  impl.MetricsSystemImpl (MetricsSystemImpl.java:register(279)) - Sink prometheus already exists!
2022-02-01 01:14:28,413 [Listener at 127.0.0.1/34793] INFO  http.BaseHttpServer (BaseHttpServer.java:updateConnectorAddress(329)) - HTTP server of hddsDatanode listening at http://0.0.0.0:41069
2022-02-01 01:14:28,424 [Listener at 127.0.0.1/34793] INFO  ozone.MiniOzoneClusterImpl (MiniOzoneClusterImpl.java:lambda$waitForClusterToBeReady$0(219)) - Waiting for nodes to be ready. Got 0 of 3 DN Heartbeats.
2022-02-01 01:14:28,424 [Listener at 127.0.0.1/34793] INFO  ozone.MiniOzoneClusterImpl (MiniOzoneClusterImpl.java:lambda$waitForClusterToBeReady$0(222)) - Waiting for cluster to exit safe mode
2022-02-01 01:14:28,424 [Listener at 127.0.0.1/34793] INFO  ozone.MiniOzoneClusterImpl (MiniOzoneClusterImpl.java:lambda$waitForClusterToBeReady$0(224)) - SCM became leader
2022-02-01 01:14:28,424 [Datanode State Machine Daemon Thread] INFO  statemachine.DatanodeStateMachine (DatanodeStateMachine.java:lambda$startDaemon$0(470)) - Ozone container server started.
2022-02-01 01:14:28,436 [org.apache.hadoop.util.JvmPauseMonitor$Monitor@9a60a90] INFO  util.JvmPauseMonitor (JvmPauseMonitor.java:run(188)) - Starting JVM pause monitor
2022-02-01 01:14:28,460 [Datanode State Machine Task Thread - 0] INFO  datanode.InitDatanodeState (InitDatanodeState.java:persistContainerDatanodeDetails(145)) - DatanodeDetails is persisted to /home/runner/work/ozone/ozone/hadoop-ozone/integration-test/target/test-dir/MiniOzoneClusterImpl-72297f51-d642-4b09-97fa-35b2ed17483c/datanode-2/meta/datanode.id
2022-02-01 01:14:29,424 [Listener at 127.0.0.1/34793] INFO  ozone.MiniOzoneClusterImpl (MiniOzoneClusterImpl.java:lambda$waitForClusterToBeReady$0(219)) - Waiting for nodes to be ready. Got 0 of 3 DN Heartbeats.
2022-02-01 01:14:29,424 [Listener at 127.0.0.1/34793] INFO  ozone.MiniOzoneClusterImpl (MiniOzoneClusterImpl.java:lambda$waitForClusterToBeReady$0(222)) - Waiting for cluster to exit safe mode
2022-02-01 01:14:29,425 [Listener at 127.0.0.1/34793] INFO  ozone.MiniOzoneClusterImpl (MiniOzoneClusterImpl.java:lambda$waitForClusterToBeReady$0(224)) - SCM became leader
2022-02-01 01:14:29,640 [EndpointStateMachine task thread for /0.0.0.0:35007 - 0 ] INFO  ozoneimpl.OzoneContainer (OzoneContainer.java:start(315)) - Attempting to start container services.
2022-02-01 01:14:29,641 [EndpointStateMachine task thread for /0.0.0.0:35007 - 0 ] INFO  ozoneimpl.OzoneContainer (OzoneContainer.java:startContainerScrub(250)) - Background container scanner has been disabled.
2022-02-01 01:14:29,642 [EndpointStateMachine task thread for /0.0.0.0:35007 - 0 ] INFO  replication.ReplicationServer (ReplicationServer.java:start(111)) - ReplicationServer is started using port 42967
2022-02-01 01:14:29,643 [EndpointStateMachine task thread for /0.0.0.0:35007 - 0 ] INFO  ratis.XceiverServerRatis (XceiverServerRatis.java:start(484)) - Starting XceiverServerRatis 08f587f6-d3d0-450e-bf31-fc9adbdb5c63
2022-02-01 01:14:29,644 [EndpointStateMachine task thread for /0.0.0.0:35007 - 0 ] INFO  server.RaftServer (RaftServerProxy.java:lambda$start$5(374)) - 08f587f6-d3d0-450e-bf31-fc9adbdb5c63: start RPC server
2022-02-01 01:14:29,648 [EndpointStateMachine task thread for /0.0.0.0:35007 - 0 ] INFO  server.GrpcService (GrpcService.java:startImpl(253)) - 08f587f6-d3d0-450e-bf31-fc9adbdb5c63: GrpcService started, listening on 35597
2022-02-01 01:14:29,649 [EndpointStateMachine task thread for /0.0.0.0:35007 - 0 ] INFO  ratis.XceiverServerRatis (XceiverServerRatis.java:getRealPort(505)) - XceiverServerRatis 08f587f6-d3d0-450e-bf31-fc9adbdb5c63 is started using port 35597 for RATIS
2022-02-01 01:14:29,649 [EndpointStateMachine task thread for /0.0.0.0:35007 - 0 ] INFO  ratis.XceiverServerRatis (XceiverServerRatis.java:getRealPort(505)) - XceiverServerRatis 08f587f6-d3d0-450e-bf31-fc9adbdb5c63 is started using port 35597 for RATIS_ADMIN
2022-02-01 01:14:29,649 [EndpointStateMachine task thread for /0.0.0.0:35007 - 0 ] INFO  ratis.XceiverServerRatis (XceiverServerRatis.java:getRealPort(505)) - XceiverServerRatis 08f587f6-d3d0-450e-bf31-fc9adbdb5c63 is started using port 35597 for RATIS_SERVER
2022-02-01 01:14:29,649 [org.apache.ratis.util.JvmPauseMonitor$$Lambda$431/1444001724@1ae8b822] INFO  util.JvmPauseMonitor (JvmPauseMonitor.java:run(103)) - JvmPauseMonitor-08f587f6-d3d0-450e-bf31-fc9adbdb5c63: Started
2022-02-01 01:14:29,665 [EndpointStateMachine task thread for /0.0.0.0:35007 - 0 ] INFO  server.XceiverServerGrpc (XceiverServerGrpc.java:start(180)) - XceiverServerGrpc 08f587f6-d3d0-450e-bf31-fc9adbdb5c63 is started using port 33375
2022-02-01 01:14:30,038 [EndpointStateMachine task thread for /0.0.0.0:35007 - 0 ] INFO  ozoneimpl.OzoneContainer (OzoneContainer.java:start(315)) - Attempting to start container services.
2022-02-01 01:14:30,038 [EndpointStateMachine task thread for /0.0.0.0:35007 - 0 ] INFO  ozoneimpl.OzoneContainer (OzoneContainer.java:startContainerScrub(250)) - Background container scanner has been disabled.
2022-02-01 01:14:30,041 [EndpointStateMachine task thread for /0.0.0.0:35007 - 0 ] INFO  replication.ReplicationServer (ReplicationServer.java:start(111)) - ReplicationServer is started using port 38379
2022-02-01 01:14:30,041 [EndpointStateMachine task thread for /0.0.0.0:35007 - 0 ] INFO  ratis.XceiverServerRatis (XceiverServerRatis.java:start(484)) - Starting XceiverServerRatis 39fc65de-49e5-4d05-a568-f4cf96421ecb
2022-02-01 01:14:30,047 [EndpointStateMachine task thread for /0.0.0.0:35007 - 0 ] INFO  server.RaftServer (RaftServerProxy.java:lambda$start$5(374)) - 39fc65de-49e5-4d05-a568-f4cf96421ecb: start RPC server
2022-02-01 01:14:30,052 [EndpointStateMachine task thread for /0.0.0.0:35007 - 0 ] INFO  server.GrpcService (GrpcService.java:startImpl(253)) - 39fc65de-49e5-4d05-a568-f4cf96421ecb: GrpcService started, listening on 44069
2022-02-01 01:14:30,060 [EndpointStateMachine task thread for /0.0.0.0:35007 - 0 ] INFO  ratis.XceiverServerRatis (XceiverServerRatis.java:getRealPort(505)) - XceiverServerRatis 39fc65de-49e5-4d05-a568-f4cf96421ecb is started using port 44069 for RATIS
2022-02-01 01:14:30,060 [EndpointStateMachine task thread for /0.0.0.0:35007 - 0 ] INFO  ratis.XceiverServerRatis (XceiverServerRatis.java:getRealPort(505)) - XceiverServerRatis 39fc65de-49e5-4d05-a568-f4cf96421ecb is started using port 44069 for RATIS_ADMIN
2022-02-01 01:14:30,060 [EndpointStateMachine task thread for /0.0.0.0:35007 - 0 ] INFO  ratis.XceiverServerRatis (XceiverServerRatis.java:getRealPort(505)) - XceiverServerRatis 39fc65de-49e5-4d05-a568-f4cf96421ecb is started using port 44069 for RATIS_SERVER
2022-02-01 01:14:30,060 [org.apache.ratis.util.JvmPauseMonitor$$Lambda$431/1444001724@456baa4] INFO  util.JvmPauseMonitor (JvmPauseMonitor.java:run(103)) - JvmPauseMonitor-39fc65de-49e5-4d05-a568-f4cf96421ecb: Started
2022-02-01 01:14:30,093 [EndpointStateMachine task thread for /0.0.0.0:35007 - 0 ] INFO  server.XceiverServerGrpc (XceiverServerGrpc.java:start(180)) - XceiverServerGrpc 39fc65de-49e5-4d05-a568-f4cf96421ecb is started using port 43877
2022-02-01 01:14:30,425 [Listener at 127.0.0.1/34793] INFO  ozone.MiniOzoneClusterImpl (MiniOzoneClusterImpl.java:lambda$waitForClusterToBeReady$0(219)) - Waiting for nodes to be ready. Got 0 of 3 DN Heartbeats.
2022-02-01 01:14:30,425 [Listener at 127.0.0.1/34793] INFO  ozone.MiniOzoneClusterImpl (MiniOzoneClusterImpl.java:lambda$waitForClusterToBeReady$0(222)) - Waiting for cluster to exit safe mode
2022-02-01 01:14:30,425 [Listener at 127.0.0.1/34793] INFO  ozone.MiniOzoneClusterImpl (MiniOzoneClusterImpl.java:lambda$waitForClusterToBeReady$0(224)) - SCM became leader
2022-02-01 01:14:30,454 [EndpointStateMachine task thread for /0.0.0.0:35007 - 0 ] INFO  ozoneimpl.OzoneContainer (OzoneContainer.java:start(315)) - Attempting to start container services.
2022-02-01 01:14:30,454 [EndpointStateMachine task thread for /0.0.0.0:35007 - 0 ] INFO  ozoneimpl.OzoneContainer (OzoneContainer.java:startContainerScrub(250)) - Background container scanner has been disabled.
2022-02-01 01:14:30,456 [EndpointStateMachine task thread for /0.0.0.0:35007 - 0 ] INFO  replication.ReplicationServer (ReplicationServer.java:start(111)) - ReplicationServer is started using port 40523
2022-02-01 01:14:30,457 [EndpointStateMachine task thread for /0.0.0.0:35007 - 0 ] INFO  ratis.XceiverServerRatis (XceiverServerRatis.java:start(484)) - Starting XceiverServerRatis aad00493-843f-40cd-b56e-bcb32a0b843f
2022-02-01 01:14:30,458 [EndpointStateMachine task thread for /0.0.0.0:35007 - 0 ] INFO  server.RaftServer (RaftServerProxy.java:lambda$start$5(374)) - aad00493-843f-40cd-b56e-bcb32a0b843f: start RPC server
2022-02-01 01:14:30,468 [EndpointStateMachine task thread for /0.0.0.0:35007 - 0 ] INFO  server.GrpcService (GrpcService.java:startImpl(253)) - aad00493-843f-40cd-b56e-bcb32a0b843f: GrpcService started, listening on 46817
2022-02-01 01:14:30,472 [EndpointStateMachine task thread for /0.0.0.0:35007 - 0 ] INFO  ratis.XceiverServerRatis (XceiverServerRatis.java:getRealPort(505)) - XceiverServerRatis aad00493-843f-40cd-b56e-bcb32a0b843f is started using port 46817 for RATIS
2022-02-01 01:14:30,472 [EndpointStateMachine task thread for /0.0.0.0:35007 - 0 ] INFO  ratis.XceiverServerRatis (XceiverServerRatis.java:getRealPort(505)) - XceiverServerRatis aad00493-843f-40cd-b56e-bcb32a0b843f is started using port 46817 for RATIS_ADMIN
2022-02-01 01:14:30,472 [EndpointStateMachine task thread for /0.0.0.0:35007 - 0 ] INFO  ratis.XceiverServerRatis (XceiverServerRatis.java:getRealPort(505)) - XceiverServerRatis aad00493-843f-40cd-b56e-bcb32a0b843f is started using port 46817 for RATIS_SERVER
2022-02-01 01:14:30,472 [org.apache.ratis.util.JvmPauseMonitor$$Lambda$431/1444001724@2056010d] INFO  util.JvmPauseMonitor (JvmPauseMonitor.java:run(103)) - JvmPauseMonitor-aad00493-843f-40cd-b56e-bcb32a0b843f: Started
2022-02-01 01:14:30,487 [EndpointStateMachine task thread for /0.0.0.0:35007 - 0 ] INFO  server.XceiverServerGrpc (XceiverServerGrpc.java:start(180)) - XceiverServerGrpc aad00493-843f-40cd-b56e-bcb32a0b843f is started using port 34327
2022-02-01 01:14:31,425 [Listener at 127.0.0.1/34793] INFO  ozone.MiniOzoneClusterImpl (MiniOzoneClusterImpl.java:lambda$waitForClusterToBeReady$0(219)) - Waiting for nodes to be ready. Got 0 of 3 DN Heartbeats.
2022-02-01 01:14:31,426 [Listener at 127.0.0.1/34793] INFO  ozone.MiniOzoneClusterImpl (MiniOzoneClusterImpl.java:lambda$waitForClusterToBeReady$0(222)) - Waiting for cluster to exit safe mode
2022-02-01 01:14:31,426 [Listener at 127.0.0.1/34793] INFO  ozone.MiniOzoneClusterImpl (MiniOzoneClusterImpl.java:lambda$waitForClusterToBeReady$0(224)) - SCM became leader
2022-02-01 01:14:31,597 [IPC Server handler 0 on default port 35007] INFO  net.NetworkTopologyImpl (NetworkTopologyImpl.java:add(112)) - Added a new node: /default-rack/08f587f6-d3d0-450e-bf31-fc9adbdb5c63
2022-02-01 01:14:31,597 [IPC Server handler 0 on default port 35007] INFO  node.SCMNodeManager (SCMNodeManager.java:register(389)) - Registered Data node : 08f587f6-d3d0-450e-bf31-fc9adbdb5c63{ip: 10.1.0.7, host: fv-az151-917.yf2hydr00wburbhx3j5hxtcipe.bx.internal.cloudapp.net, ports: [REPLICATION=42967, RATIS=35597, RATIS_ADMIN=35597, RATIS_SERVER=35597, STANDALONE=33375], networkLocation: /default-rack, certSerialId: null, persistedOpState: null, persistedOpStateExpiryEpochSec: 0}
2022-02-01 01:14:31,601 [EventQueue-NewNodeForNewNodeHandler] INFO  pipeline.BackgroundPipelineCreator (BackgroundPipelineCreator.java:notifyEventTriggered(285)) - trigger a one-shot run on RatisPipelineUtilsThread.
2022-02-01 01:14:31,602 [RatisPipelineUtilsThread - 0] INFO  pipeline.RatisPipelineProvider (RatisPipelineProvider.java:lambda$create$0(183)) - Sending CreatePipelineCommand for pipeline:PipelineID=f66db01d-d690-48bc-bb42-9692adc771ad to datanode:08f587f6-d3d0-450e-bf31-fc9adbdb5c63
2022-02-01 01:14:31,610 [EventQueue-NodeRegistrationContainerReportForDataNodeSafeModeRule] INFO  safemode.SCMSafeModeManager (DataNodeSafeModeRule.java:process(71)) - SCM in safe mode. 1 DataNodes registered, 3 required.
2022-02-01 01:14:31,612 [EventQueue-NodeRegistrationContainerReportForContainerSafeModeRule] INFO  safemode.SCMSafeModeManager (SCMSafeModeManager.java:validateSafeModeExitRules(204)) - ContainerSafeModeRule rule is successfully validated
2022-02-01 01:14:31,630 [EventQueue-PipelineReportForOneReplicaPipelineSafeModeRule] INFO  safemode.SCMSafeModeManager (SCMSafeModeManager.java:validateSafeModeExitRules(204)) - AtleastOneDatanodeReportedRule rule is successfully validated
2022-02-01 01:14:31,651 [b34924e2-f0b8-44a8-9154-7e30bb998241@group-35B2ED17483C-StateMachineUpdater] INFO  pipeline.PipelineStateManagerImpl (PipelineStateManagerImpl.java:addPipeline(101)) - Created pipeline Pipeline[ Id: f66db01d-d690-48bc-bb42-9692adc771ad, Nodes: 08f587f6-d3d0-450e-bf31-fc9adbdb5c63{ip: 10.1.0.7, host: fv-az151-917.yf2hydr00wburbhx3j5hxtcipe.bx.internal.cloudapp.net, ports: [REPLICATION=42967, RATIS=35597, RATIS_ADMIN=35597, RATIS_SERVER=35597, STANDALONE=33375], networkLocation: /default-rack, certSerialId: null, persistedOpState: IN_SERVICE, persistedOpStateExpiryEpochSec: 0}, ReplicationConfig: RATIS/ONE, State:ALLOCATED, leaderId:, CreationTimestamp2022-02-01T01:14:31.602Z[Etc/UTC]].
2022-02-01 01:14:31,651 [b34924e2-f0b8-44a8-9154-7e30bb998241@group-35B2ED17483C-StateMachineUpdater] INFO  safemode.HealthyPipelineSafeModeRule (HealthyPipelineSafeModeRule.java:initializeRule(152)) - Refreshed total pipeline count is 0, healthy pipeline threshold count is 1
2022-02-01 01:14:31,660 [RatisPipelineUtilsThread - 0] INFO  ha.SCMHAInvocationHandler (SCMHAInvocationHandler.java:invokeRatis(113)) - Invoking method public abstract void org.apache.hadoop.hdds.scm.pipeline.PipelineStateManager.addPipeline(org.apache.hadoop.hdds.protocol.proto.HddsProtos$Pipeline) throws java.io.IOException on target org.apache.hadoop.hdds.scm.ha.SCMRatisServerImpl@70f7ea22, cost 43736.423us
2022-02-01 01:14:32,017 [IPC Server handler 9 on default port 35007] INFO  net.NetworkTopologyImpl (NetworkTopologyImpl.java:add(112)) - Added a new node: /default-rack/39fc65de-49e5-4d05-a568-f4cf96421ecb
2022-02-01 01:14:32,017 [IPC Server handler 9 on default port 35007] INFO  node.SCMNodeManager (SCMNodeManager.java:register(389)) - Registered Data node : 39fc65de-49e5-4d05-a568-f4cf96421ecb{ip: 10.1.0.7, host: fv-az151-917.yf2hydr00wburbhx3j5hxtcipe.bx.internal.cloudapp.net, ports: [REPLICATION=38379, RATIS=44069, RATIS_ADMIN=44069, RATIS_SERVER=44069, STANDALONE=43877], networkLocation: /default-rack, certSerialId: null, persistedOpState: null, persistedOpStateExpiryEpochSec: 0}
2022-02-01 01:14:32,018 [EventQueue-NewNodeForNewNodeHandler] INFO  pipeline.BackgroundPipelineCreator (BackgroundPipelineCreator.java:notifyEventTriggered(285)) - trigger a one-shot run on RatisPipelineUtilsThread.
2022-02-01 01:14:32,020 [EventQueue-NodeRegistrationContainerReportForDataNodeSafeModeRule] INFO  safemode.SCMSafeModeManager (DataNodeSafeModeRule.java:process(71)) - SCM in safe mode. 2 DataNodes registered, 3 required.
2022-02-01 01:14:32,028 [RatisPipelineUtilsThread - 0] INFO  pipeline.RatisPipelineProvider (RatisPipelineProvider.java:lambda$create$0(183)) - Sending CreatePipelineCommand for pipeline:PipelineID=d37b6262-bc4d-477a-ad21-59f78def6184 to datanode:39fc65de-49e5-4d05-a568-f4cf96421ecb
2022-02-01 01:14:32,031 [b34924e2-f0b8-44a8-9154-7e30bb998241@group-35B2ED17483C-StateMachineUpdater] INFO  pipeline.PipelineStateManagerImpl (PipelineStateManagerImpl.java:addPipeline(101)) - Created pipeline Pipeline[ Id: d37b6262-bc4d-477a-ad21-59f78def6184, Nodes: 39fc65de-49e5-4d05-a568-f4cf96421ecb{ip: 10.1.0.7, host: fv-az151-917.yf2hydr00wburbhx3j5hxtcipe.bx.internal.cloudapp.net, ports: [REPLICATION=38379, RATIS=44069, RATIS_ADMIN=44069, RATIS_SERVER=44069, STANDALONE=43877], networkLocation: /default-rack, certSerialId: null, persistedOpState: IN_SERVICE, persistedOpStateExpiryEpochSec: 0}, ReplicationConfig: RATIS/ONE, State:ALLOCATED, leaderId:, CreationTimestamp2022-02-01T01:14:32.028Z[Etc/UTC]].
2022-02-01 01:14:32,031 [b34924e2-f0b8-44a8-9154-7e30bb998241@group-35B2ED17483C-StateMachineUpdater] INFO  safemode.HealthyPipelineSafeModeRule (HealthyPipelineSafeModeRule.java:initializeRule(152)) - Refreshed total pipeline count is 0, healthy pipeline threshold count is 1
2022-02-01 01:14:32,035 [RatisPipelineUtilsThread - 0] INFO  ha.SCMHAInvocationHandler (SCMHAInvocationHandler.java:invokeRatis(113)) - Invoking method public abstract void org.apache.hadoop.hdds.scm.pipeline.PipelineStateManager.addPipeline(org.apache.hadoop.hdds.protocol.proto.HddsProtos$Pipeline) throws java.io.IOException on target org.apache.hadoop.hdds.scm.ha.SCMRatisServerImpl@70f7ea22, cost 6646.41us
2022-02-01 01:14:32,426 [Listener at 127.0.0.1/34793] INFO  ozone.MiniOzoneClusterImpl (MiniOzoneClusterImpl.java:lambda$waitForClusterToBeReady$0(219)) - Waiting for nodes to be ready. Got 2 of 3 DN Heartbeats.
2022-02-01 01:14:32,426 [Listener at 127.0.0.1/34793] INFO  ozone.MiniOzoneClusterImpl (MiniOzoneClusterImpl.java:lambda$waitForClusterToBeReady$0(222)) - Waiting for cluster to exit safe mode
2022-02-01 01:14:32,426 [Listener at 127.0.0.1/34793] INFO  ozone.MiniOzoneClusterImpl (MiniOzoneClusterImpl.java:lambda$waitForClusterToBeReady$0(224)) - SCM became leader
2022-02-01 01:14:32,438 [IPC Server handler 1 on default port 35007] INFO  net.NetworkTopologyImpl (NetworkTopologyImpl.java:add(112)) - Added a new node: /default-rack/aad00493-843f-40cd-b56e-bcb32a0b843f
2022-02-01 01:14:32,438 [IPC Server handler 1 on default port 35007] INFO  node.SCMNodeManager (SCMNodeManager.java:register(389)) - Registered Data node : aad00493-843f-40cd-b56e-bcb32a0b843f{ip: 10.1.0.7, host: fv-az151-917.yf2hydr00wburbhx3j5hxtcipe.bx.internal.cloudapp.net, ports: [REPLICATION=40523, RATIS=46817, RATIS_ADMIN=46817, RATIS_SERVER=46817, STANDALONE=34327], networkLocation: /default-rack, certSerialId: null, persistedOpState: null, persistedOpStateExpiryEpochSec: 0}
2022-02-01 01:14:32,438 [EventQueue-NewNodeForNewNodeHandler] INFO  pipeline.BackgroundPipelineCreator (BackgroundPipelineCreator.java:notifyEventTriggered(285)) - trigger a one-shot run on RatisPipelineUtilsThread.
2022-02-01 01:14:32,444 [EventQueue-NodeRegistrationContainerReportForDataNodeSafeModeRule] INFO  safemode.SCMSafeModeManager (DataNodeSafeModeRule.java:process(71)) - SCM in safe mode. 3 DataNodes registered, 3 required.
2022-02-01 01:14:32,444 [EventQueue-NodeRegistrationContainerReportForDataNodeSafeModeRule] INFO  safemode.SCMSafeModeManager (SCMSafeModeManager.java:validateSafeModeExitRules(204)) - DataNodeSafeModeRule rule is successfully validated
2022-02-01 01:14:32,444 [EventQueue-NodeRegistrationContainerReportForDataNodeSafeModeRule] INFO  safemode.SCMSafeModeManager (SCMSafeModeManager.java:completePreCheck(233)) - All SCM safe mode pre check rules have passed
2022-02-01 01:14:32,444 [EventQueue-NodeRegistrationContainerReportForDataNodeSafeModeRule] WARN  events.EventQueue (EventQueue.java:fireEvent(194)) - No event handler registered for event TypedEvent{payloadType=SafeModeStatus, name='Safe mode status'}
2022-02-01 01:14:32,444 [EventQueue-NodeRegistrationContainerReportForDataNodeSafeModeRule] INFO  ha.SCMContext (SCMContext.java:updateSafeModeStatus(211)) - Update SafeModeStatus from SafeModeStatus{safeModeStatus=true, preCheckPassed=false} to SafeModeStatus{safeModeStatus=true, preCheckPassed=true}.
2022-02-01 01:14:32,444 [EventQueue-NodeRegistrationContainerReportForDataNodeSafeModeRule] INFO  pipeline.BackgroundPipelineCreator (BackgroundPipelineCreator.java:notifyEventTriggered(285)) - trigger a one-shot run on RatisPipelineUtilsThread.
2022-02-01 01:14:32,445 [RatisPipelineUtilsThread - 0] INFO  pipeline.RatisPipelineProvider (RatisPipelineProvider.java:lambda$create$0(183)) - Sending CreatePipelineCommand for pipeline:PipelineID=73965efa-c7e6-4072-9cd7-c773a3c5cfb0 to datanode:aad00493-843f-40cd-b56e-bcb32a0b843f
2022-02-01 01:14:32,447 [b34924e2-f0b8-44a8-9154-7e30bb998241@group-35B2ED17483C-StateMachineUpdater] INFO  pipeline.PipelineStateManagerImpl (PipelineStateManagerImpl.java:addPipeline(101)) - Created pipeline Pipeline[ Id: 73965efa-c7e6-4072-9cd7-c773a3c5cfb0, Nodes: aad00493-843f-40cd-b56e-bcb32a0b843f{ip: 10.1.0.7, host: fv-az151-917.yf2hydr00wburbhx3j5hxtcipe.bx.internal.cloudapp.net, ports: [REPLICATION=40523, RATIS=46817, RATIS_ADMIN=46817, RATIS_SERVER=46817, STANDALONE=34327], networkLocation: /default-rack, certSerialId: null, persistedOpState: IN_SERVICE, persistedOpStateExpiryEpochSec: 0}, ReplicationConfig: RATIS/ONE, State:ALLOCATED, leaderId:, CreationTimestamp2022-02-01T01:14:32.445Z[Etc/UTC]].
2022-02-01 01:14:32,448 [b34924e2-f0b8-44a8-9154-7e30bb998241@group-35B2ED17483C-StateMachineUpdater] INFO  safemode.HealthyPipelineSafeModeRule (HealthyPipelineSafeModeRule.java:initializeRule(152)) - Refreshed total pipeline count is 0, healthy pipeline threshold count is 1
2022-02-01 01:14:32,448 [RatisPipelineUtilsThread - 0] INFO  ha.SCMHAInvocationHandler (SCMHAInvocationHandler.java:invokeRatis(113)) - Invoking method public abstract void org.apache.hadoop.hdds.scm.pipeline.PipelineStateManager.addPipeline(org.apache.hadoop.hdds.protocol.proto.HddsProtos$Pipeline) throws java.io.IOException on target org.apache.hadoop.hdds.scm.ha.SCMRatisServerImpl@70f7ea22, cost 2795.146us
2022-02-01 01:14:32,449 [RatisPipelineUtilsThread - 0] INFO  pipeline.RatisPipelineProvider (RatisPipelineProvider.java:lambda$create$0(183)) - Sending CreatePipelineCommand for pipeline:PipelineID=83e78062-305b-4234-a63d-56fea48b3f6c to datanode:08f587f6-d3d0-450e-bf31-fc9adbdb5c63
2022-02-01 01:14:32,449 [RatisPipelineUtilsThread - 0] INFO  pipeline.RatisPipelineProvider (RatisPipelineProvider.java:lambda$create$0(183)) - Sending CreatePipelineCommand for pipeline:PipelineID=83e78062-305b-4234-a63d-56fea48b3f6c to datanode:39fc65de-49e5-4d05-a568-f4cf96421ecb
2022-02-01 01:14:32,449 [RatisPipelineUtilsThread - 0] INFO  pipeline.RatisPipelineProvider (RatisPipelineProvider.java:lambda$create$0(183)) - Sending CreatePipelineCommand for pipeline:PipelineID=83e78062-305b-4234-a63d-56fea48b3f6c to datanode:aad00493-843f-40cd-b56e-bcb32a0b843f
2022-02-01 01:14:32,458 [b34924e2-f0b8-44a8-9154-7e30bb998241@group-35B2ED17483C-StateMachineUpdater] INFO  pipeline.PipelineStateManagerImpl (PipelineStateManagerImpl.java:addPipeline(101)) - Created pipeline Pipeline[ Id: 83e78062-305b-4234-a63d-56fea48b3f6c, Nodes: 08f587f6-d3d0-450e-bf31-fc9adbdb5c63{ip: 10.1.0.7, host: fv-az151-917.yf2hydr00wburbhx3j5hxtcipe.bx.internal.cloudapp.net, ports: [REPLICATION=42967, RATIS=35597, RATIS_ADMIN=35597, RATIS_SERVER=35597, STANDALONE=33375], networkLocation: /default-rack, certSerialId: null, persistedOpState: IN_SERVICE, persistedOpStateExpiryEpochSec: 0}39fc65de-49e5-4d05-a568-f4cf96421ecb{ip: 10.1.0.7, host: fv-az151-917.yf2hydr00wburbhx3j5hxtcipe.bx.internal.cloudapp.net, ports: [REPLICATION=38379, RATIS=44069, RATIS_ADMIN=44069, RATIS_SERVER=44069, STANDALONE=43877], networkLocation: /default-rack, certSerialId: null, persistedOpState: IN_SERVICE, persistedOpStateExpiryEpochSec: 0}aad00493-843f-40cd-b56e-bcb32a0b843f{ip: 10.1.0.7, host: fv-az151-917.yf2hydr00wburbhx3j5hxtcipe.bx.internal.cloudapp.net, ports: [REPLICATION=40523, RATIS=46817, RATIS_ADMIN=46817, RATIS_SERVER=46817, STANDALONE=34327], networkLocation: /default-rack, certSerialId: null, persistedOpState: IN_SERVICE, persistedOpStateExpiryEpochSec: 0}, ReplicationConfig: RATIS/THREE, State:ALLOCATED, leaderId:, CreationTimestamp2022-02-01T01:14:32.449Z[Etc/UTC]].
2022-02-01 01:14:32,459 [b34924e2-f0b8-44a8-9154-7e30bb998241@group-35B2ED17483C-StateMachineUpdater] INFO  safemode.HealthyPipelineSafeModeRule (HealthyPipelineSafeModeRule.java:initializeRule(152)) - Refreshed total pipeline count is 0, healthy pipeline threshold count is 1
2022-02-01 01:14:32,459 [RatisPipelineUtilsThread - 0] INFO  ha.SCMHAInvocationHandler (SCMHAInvocationHandler.java:invokeRatis(113)) - Invoking method public abstract void org.apache.hadoop.hdds.scm.pipeline.PipelineStateManager.addPipeline(org.apache.hadoop.hdds.protocol.proto.HddsProtos$Pipeline) throws java.io.IOException on target org.apache.hadoop.hdds.scm.ha.SCMRatisServerImpl@70f7ea22, cost 9443.256us
2022-02-01 01:14:33,426 [Listener at 127.0.0.1/34793] INFO  ozone.MiniOzoneClusterImpl (MiniOzoneClusterImpl.java:lambda$waitForClusterToBeReady$0(219)) - Nodes are ready. Got 3 of 3 DN Heartbeats.
2022-02-01 01:14:33,426 [Listener at 127.0.0.1/34793] INFO  ozone.MiniOzoneClusterImpl (MiniOzoneClusterImpl.java:lambda$waitForClusterToBeReady$0(222)) - Waiting for cluster to exit safe mode
2022-02-01 01:14:33,427 [Listener at 127.0.0.1/34793] INFO  ozone.MiniOzoneClusterImpl (MiniOzoneClusterImpl.java:lambda$waitForClusterToBeReady$0(224)) - SCM became leader
2022-02-01 01:14:34,427 [Listener at 127.0.0.1/34793] INFO  ozone.MiniOzoneClusterImpl (MiniOzoneClusterImpl.java:lambda$waitForClusterToBeReady$0(219)) - Nodes are ready. Got 3 of 3 DN Heartbeats.
2022-02-01 01:14:34,427 [Listener at 127.0.0.1/34793] INFO  ozone.MiniOzoneClusterImpl (MiniOzoneClusterImpl.java:lambda$waitForClusterToBeReady$0(222)) - Waiting for cluster to exit safe mode
2022-02-01 01:14:34,427 [Listener at 127.0.0.1/34793] INFO  ozone.MiniOzoneClusterImpl (MiniOzoneClusterImpl.java:lambda$waitForClusterToBeReady$0(224)) - SCM became leader
2022-02-01 01:14:34,597 [Command processor thread] INFO  server.RaftServer (RaftServerProxy.java:addNew(95)) - 08f587f6-d3d0-450e-bf31-fc9adbdb5c63: addNew group-9692ADC771AD:[08f587f6-d3d0-450e-bf31-fc9adbdb5c63|rpc:10.1.0.7:35597|priority:1] returns group-9692ADC771AD:java.util.concurrent.CompletableFuture@74a2a5bb[Not completed]
2022-02-01 01:14:34,610 [pool-241-thread-1] INFO  server.RaftServer$Division (RaftServerImpl.java:<init>(184)) - 08f587f6-d3d0-450e-bf31-fc9adbdb5c63: new RaftServerImpl for group-9692ADC771AD:[08f587f6-d3d0-450e-bf31-fc9adbdb5c63|rpc:10.1.0.7:35597|priority:1] with ContainerStateMachine:uninitialized
2022-02-01 01:14:34,616 [pool-241-thread-1] INFO  server.RaftServerConfigKeys (ConfUtils.java:logGet(44)) - raft.server.rpc.timeout.min = 5s (custom)
2022-02-01 01:14:34,616 [pool-241-thread-1] INFO  server.RaftServerConfigKeys (ConfUtils.java:logGet(44)) - raft.server.rpc.timeout.max = 5200ms (custom)
2022-02-01 01:14:34,616 [pool-241-thread-1] INFO  server.RaftServerConfigKeys (ConfUtils.java:logGet(44)) - raft.server.rpc.sleep.time = 25ms (default)
2022-02-01 01:14:34,616 [pool-241-thread-1] INFO  server.RaftServerConfigKeys (ConfUtils.java:logGet(44)) - raft.server.rpc.slowness.timeout = 300s (custom)
2022-02-01 01:14:34,616 [pool-241-thread-1] INFO  server.RaftServerConfigKeys (ConfUtils.java:logGet(44)) - raft.server.leaderelection.leader.step-down.wait-time = 10s (default)
2022-02-01 01:14:34,617 [pool-241-thread-1] INFO  server.RaftServerConfigKeys (ConfUtils.java:logGet(44)) - raft.server.sleep.deviation.threshold = 300ms (default)
2022-02-01 01:14:34,617 [pool-241-thread-1] INFO  server.RaftServerConfigKeys (ConfUtils.java:logGet(44)) - raft.server.log.appender.install.snapshot.enabled = false (custom)
2022-02-01 01:14:34,617 [pool-241-thread-1] INFO  server.RaftServer$Division (ServerState.java:<init>(105)) - 08f587f6-d3d0-450e-bf31-fc9adbdb5c63@group-9692ADC771AD: ConfigurationManager, init=-1: [08f587f6-d3d0-450e-bf31-fc9adbdb5c63|rpc:10.1.0.7:35597|priority:1], old=null, confs=<EMPTY_MAP>
2022-02-01 01:14:34,617 [pool-241-thread-1] INFO  server.RaftServerConfigKeys (ConfUtils.java:logGet(44)) - raft.server.storage.dir = [/home/runner/work/ozone/ozone/hadoop-ozone/integration-test/target/test-dir/MiniOzoneClusterImpl-72297f51-d642-4b09-97fa-35b2ed17483c/datanode-0/data/ratis] (custom)
2022-02-01 01:14:34,617 [pool-241-thread-1] INFO  server.RaftServerConfigKeys (ConfUtils.java:logGet(44)) - raft.server.log.corruption.policy = EXCEPTION (default)
2022-02-01 01:14:34,617 [pool-241-thread-1] INFO  server.RaftServerConfigKeys (ConfUtils.java:logGet(44)) - raft.server.storage.free-space.min = 0MB (=0) (default)
2022-02-01 01:14:34,617 [pool-241-thread-1] INFO  storage.RaftStorageDirectory (RaftStorageDirectoryImpl.java:analyzeStorage(135)) - The storage directory /home/runner/work/ozone/ozone/hadoop-ozone/integration-test/target/test-dir/MiniOzoneClusterImpl-72297f51-d642-4b09-97fa-35b2ed17483c/datanode-0/data/ratis/f66db01d-d690-48bc-bb42-9692adc771ad does not exist. Creating ...
2022-02-01 01:14:34,630 [pool-241-thread-1] INFO  storage.RaftStorageDirectory (RaftStorageDirectoryImpl.java:tryLock(230)) - Lock on /home/runner/work/ozone/ozone/hadoop-ozone/integration-test/target/test-dir/MiniOzoneClusterImpl-72297f51-d642-4b09-97fa-35b2ed17483c/datanode-0/data/ratis/f66db01d-d690-48bc-bb42-9692adc771ad/in_use.lock acquired by nodename 23777@fv-az151-917
2022-02-01 01:14:34,636 [pool-241-thread-1] INFO  storage.RaftStorage (RaftStorageImpl.java:format(89)) - Storage directory /home/runner/work/ozone/ozone/hadoop-ozone/integration-test/target/test-dir/MiniOzoneClusterImpl-72297f51-d642-4b09-97fa-35b2ed17483c/datanode-0/data/ratis/f66db01d-d690-48bc-bb42-9692adc771ad has been successfully formatted.
2022-02-01 01:14:34,637 [pool-241-thread-1] INFO  ratis.ContainerStateMachine (ContainerStateMachine.java:loadSnapshot(231)) - group-9692ADC771AD: The snapshot info is null. Setting the last applied indexto:(t:0, i:~)
2022-02-01 01:14:34,638 [pool-241-thread-1] INFO  server.RaftServerConfigKeys (ConfUtils.java:logGet(44)) - raft.server.notification.no-leader.timeout = 300s (custom)
2022-02-01 01:14:34,638 [pool-241-thread-1] INFO  server.RaftServerConfigKeys (ConfUtils.java:logGet(44)) - raft.server.log.use.memory = false (default)
2022-02-01 01:14:34,638 [pool-241-thread-1] INFO  server.RaftServerConfigKeys (ConfUtils.java:logGet(44)) - raft.server.log.purge.gap = 1000000 (custom)
2022-02-01 01:14:34,638 [pool-241-thread-1] INFO  server.RaftServerConfigKeys (ConfUtils.java:logGet(44)) - raft.server.log.appender.buffer.byte-limit = 33554432 (custom)
2022-02-01 01:14:34,638 [pool-241-thread-1] INFO  server.RaftServerConfigKeys (ConfUtils.java:logGet(44)) - raft.server.log.segment.size.max = 1048576 (custom)
2022-02-01 01:14:34,639 [pool-241-thread-1] INFO  server.RaftServerConfigKeys (ConfUtils.java:logGet(44)) - raft.server.log.segment.cache.num.max = 2 (custom)
2022-02-01 01:14:34,639 [pool-241-thread-1] INFO  server.RaftServerConfigKeys (ConfUtils.java:logGet(44)) - raft.server.log.segment.cache.size.max = 200MB (=209715200) (default)
2022-02-01 01:14:34,639 [pool-241-thread-1] INFO  segmented.SegmentedRaftLogWorker (SegmentedRaftLogWorker.java:<init>(182)) - new 08f587f6-d3d0-450e-bf31-fc9adbdb5c63@group-9692ADC771AD-SegmentedRaftLogWorker for RaftStorageImpl:Storage Directory /home/runner/work/ozone/ozone/hadoop-ozone/integration-test/target/test-dir/MiniOzoneClusterImpl-72297f51-d642-4b09-97fa-35b2ed17483c/datanode-0/data/ratis/f66db01d-d690-48bc-bb42-9692adc771ad
2022-02-01 01:14:34,639 [pool-241-thread-1] INFO  server.RaftServerConfigKeys (ConfUtils.java:logGet(44)) - raft.server.log.queue.byte-limit = 2147483647 (custom)
2022-02-01 01:14:34,639 [pool-241-thread-1] INFO  server.RaftServerConfigKeys (ConfUtils.java:logGet(44)) - raft.server.log.queue.element-limit = 1024 (custom)
2022-02-01 01:14:34,639 [pool-241-thread-1] INFO  server.RaftServerConfigKeys (ConfUtils.java:logGet(44)) - raft.server.log.segment.size.max = 1048576 (custom)
2022-02-01 01:14:34,639 [pool-241-thread-1] INFO  server.RaftServerConfigKeys (ConfUtils.java:logGet(44)) - raft.server.log.preallocated.size = 16384 (custom)
2022-02-01 01:14:34,639 [pool-241-thread-1] INFO  server.RaftServerConfigKeys (ConfUtils.java:logGet(44)) - raft.server.log.force.sync.num = 128 (default)
2022-02-01 01:14:34,639 [pool-241-thread-1] INFO  server.RaftServerConfigKeys (ConfUtils.java:logGet(44)) - raft.server.log.statemachine.data.sync = true (default)
2022-02-01 01:14:34,639 [pool-241-thread-1] INFO  server.RaftServerConfigKeys (ConfUtils.java:logGet(44)) - raft.server.log.statemachine.data.sync.timeout = 10s (default)
2022-02-01 01:14:34,639 [pool-241-thread-1] INFO  server.RaftServerConfigKeys (ConfUtils.java:logGet(44)) - raft.server.log.statemachine.data.sync.timeout.retry = -1 (default)
2022-02-01 01:14:34,640 [EventQueue-PipelineReportForPipelineReportHandler] INFO  pipeline.PipelineManagerImpl (PipelineManagerImpl.java:openPipeline(291)) - Pipeline Pipeline[ Id: f66db01d-d690-48bc-bb42-9692adc771ad, Nodes: 08f587f6-d3d0-450e-bf31-fc9adbdb5c63{ip: 10.1.0.7, host: fv-az151-917.yf2hydr00wburbhx3j5hxtcipe.bx.internal.cloudapp.net, ports: [REPLICATION=42967, RATIS=35597, RATIS_ADMIN=35597, RATIS_SERVER=35597, STANDALONE=33375], networkLocation: /default-rack, certSerialId: null, persistedOpState: IN_SERVICE, persistedOpStateExpiryEpochSec: 0}, ReplicationConfig: RATIS/ONE, State:ALLOCATED, leaderId:08f587f6-d3d0-450e-bf31-fc9adbdb5c63, CreationTimestamp2022-02-01T01:14:31.602Z[Etc/UTC]] moved to OPEN state
2022-02-01 01:14:34,640 [pool-241-thread-1] INFO  server.RaftServerConfigKeys (ConfUtils.java:logGet(44)) - raft.server.log.write.buffer.size = 1048576 (custom)
2022-02-01 01:14:34,659 [b34924e2-f0b8-44a8-9154-7e30bb998241@group-35B2ED17483C-StateMachineUpdater] INFO  safemode.HealthyPipelineSafeModeRule (HealthyPipelineSafeModeRule.java:initializeRule(152)) - Refreshed total pipeline count is 0, healthy pipeline threshold count is 1
2022-02-01 01:14:34,660 [pool-241-thread-1] INFO  server.RaftServerConfigKeys (ConfUtils.java:logGet(44)) - raft.server.log.statemachine.data.caching.enabled = true (custom)
2022-02-01 01:14:34,661 [pool-241-thread-1] INFO  segmented.SegmentedRaftLogWorker (SegmentedRaftLogWorker.java:lambda$new$0(133)) - 08f587f6-d3d0-450e-bf31-fc9adbdb5c63@group-9692ADC771AD-SegmentedRaftLogWorker: flushIndex: setUnconditionally 0 -> -1
2022-02-01 01:14:34,661 [pool-241-thread-1] INFO  segmented.SegmentedRaftLogWorker (SegmentedRaftLogWorker.java:lambda$new$0(133)) - 08f587f6-d3d0-450e-bf31-fc9adbdb5c63@group-9692ADC771AD-SegmentedRaftLogWorker: safeCacheEvictIndex: setUnconditionally 0 -> -1
2022-02-01 01:14:34,661 [EventQueue-PipelineReportForPipelineReportHandler] INFO  ha.SCMHAInvocationHandler (SCMHAInvocationHandler.java:invokeRatis(113)) - Invoking method public abstract void org.apache.hadoop.hdds.scm.pipeline.PipelineStateManager.updatePipelineState(org.apache.hadoop.hdds.protocol.proto.HddsProtos$PipelineID,org.apache.hadoop.hdds.protocol.proto.HddsProtos$PipelineState) throws java.io.IOException on target org.apache.hadoop.hdds.scm.ha.SCMRatisServerImpl@70f7ea22, cost 20775.042us
2022-02-01 01:14:34,672 [pool-241-thread-1] INFO  server.RaftServerConfigKeys (ConfUtils.java:logGet(44)) - raft.server.snapshot.auto.trigger.enabled = true (custom)
2022-02-01 01:14:34,672 [pool-241-thread-1] INFO  server.RaftServerConfigKeys (ConfUtils.java:logGet(44)) - raft.server.snapshot.auto.trigger.threshold = 10000 (custom)
2022-02-01 01:14:34,672 [pool-241-thread-1] INFO  server.RaftServerConfigKeys (ConfUtils.java:logGet(44)) - raft.server.snapshot.retention.file.num = 5 (custom)
2022-02-01 01:14:34,672 [pool-241-thread-1] INFO  server.RaftServerConfigKeys (ConfUtils.java:logGet(44)) - raft.server.log.purge.upto.snapshot.index = false (default)
2022-02-01 01:14:34,672 [pool-241-thread-1] INFO  server.RaftServerConfigKeys (ConfUtils.java:logGet(44)) - raft.server.retrycache.expirytime = 600000ms (custom)
2022-02-01 01:14:34,672 [pool-241-thread-1] INFO  server.RaftServerConfigKeys (ConfUtils.java:logGet(44)) - raft.server.retrycache.statistics.expirytime = 100μs (default)
2022-02-01 01:14:34,677 [pool-241-thread-1] INFO  server.RaftServer$Division (RaftServerImpl.java:start(301)) - 08f587f6-d3d0-450e-bf31-fc9adbdb5c63@group-9692ADC771AD: start as a follower, conf=-1: [08f587f6-d3d0-450e-bf31-fc9adbdb5c63|rpc:10.1.0.7:35597|priority:1], old=null
2022-02-01 01:14:34,684 [pool-241-thread-1] INFO  server.RaftServer$Division (RaftServerImpl.java:setRole(290)) - 08f587f6-d3d0-450e-bf31-fc9adbdb5c63@group-9692ADC771AD: changes role from      null to FOLLOWER at term 0 for startAsFollower
2022-02-01 01:14:34,688 [pool-241-thread-1] INFO  impl.RoleInfo (RoleInfo.java:updateAndGet(130)) - 08f587f6-d3d0-450e-bf31-fc9adbdb5c63: start 08f587f6-d3d0-450e-bf31-fc9adbdb5c63@group-9692ADC771AD-FollowerState
2022-02-01 01:14:34,696 [EventQueue-OpenPipelineForHealthyPipelineSafeModeRule] INFO  safemode.SCMSafeModeManager (HealthyPipelineSafeModeRule.java:process(124)) - SCM in safe mode. Healthy pipelines reported count is 0, required healthy pipeline reported count is 1
2022-02-01 01:14:34,696 [pool-241-thread-1] INFO  util.JmxRegister (JmxRegister.java:tryRegister(44)) - Successfully registered JMX Bean with object name Ratis:service=RaftServer,group=group-9692ADC771AD,id=08f587f6-d3d0-450e-bf31-fc9adbdb5c63
2022-02-01 01:14:34,708 [Command processor thread] INFO  ratis.XceiverServerRatis (XceiverServerRatis.java:addGroup(768)) - Created group PipelineID=f66db01d-d690-48bc-bb42-9692adc771ad
2022-02-01 01:14:34,708 [Command processor thread] INFO  commandhandler.CreatePipelineCommandHandler (CreatePipelineCommandHandler.java:handle(106)) - Created Pipeline RATIS ONE PipelineID=f66db01d-d690-48bc-bb42-9692adc771ad.
2022-02-01 01:14:34,708 [Command processor thread] INFO  server.RaftServer (RaftServerProxy.java:addNew(95)) - 08f587f6-d3d0-450e-bf31-fc9adbdb5c63: addNew group-56FEA48B3F6C:[39fc65de-49e5-4d05-a568-f4cf96421ecb|rpc:10.1.0.7:44069|priority:0, 08f587f6-d3d0-450e-bf31-fc9adbdb5c63|rpc:10.1.0.7:35597|priority:0, aad00493-843f-40cd-b56e-bcb32a0b843f|rpc:10.1.0.7:46817|priority:1] returns group-56FEA48B3F6C:java.util.concurrent.CompletableFuture@709d2ff7[Not completed]
2022-02-01 01:14:34,709 [pool-241-thread-1] INFO  server.RaftServer$Division (RaftServerImpl.java:<init>(184)) - 08f587f6-d3d0-450e-bf31-fc9adbdb5c63: new RaftServerImpl for group-56FEA48B3F6C:[39fc65de-49e5-4d05-a568-f4cf96421ecb|rpc:10.1.0.7:44069|priority:0, 08f587f6-d3d0-450e-bf31-fc9adbdb5c63|rpc:10.1.0.7:35597|priority:0, aad00493-843f-40cd-b56e-bcb32a0b843f|rpc:10.1.0.7:46817|priority:1] with ContainerStateMachine:uninitialized
2022-02-01 01:14:34,709 [pool-241-thread-1] INFO  server.RaftServerConfigKeys (ConfUtils.java:logGet(44)) - raft.server.rpc.timeout.min = 5s (custom)
2022-02-01 01:14:34,709 [pool-241-thread-1] INFO  server.RaftServerConfigKeys (ConfUtils.java:logGet(44)) - raft.server.rpc.timeout.max = 5200ms (custom)
2022-02-01 01:14:34,710 [pool-241-thread-1] INFO  server.RaftServerConfigKeys (ConfUtils.java:logGet(44)) - raft.server.rpc.sleep.time = 25ms (default)
2022-02-01 01:14:34,710 [pool-241-thread-1] INFO  server.RaftServerConfigKeys (ConfUtils.java:logGet(44)) - raft.server.rpc.slowness.timeout = 300s (custom)
2022-02-01 01:14:34,710 [pool-241-thread-1] INFO  server.RaftServerConfigKeys (ConfUtils.java:logGet(44)) - raft.server.leaderelection.leader.step-down.wait-time = 10s (default)
2022-02-01 01:14:34,710 [pool-241-thread-1] INFO  server.RaftServerConfigKeys (ConfUtils.java:logGet(44)) - raft.server.sleep.deviation.threshold = 300ms (default)
2022-02-01 01:14:34,710 [pool-241-thread-1] INFO  server.RaftServerConfigKeys (ConfUtils.java:logGet(44)) - raft.server.log.appender.install.snapshot.enabled = false (custom)
2022-02-01 01:14:34,710 [pool-241-thread-1] INFO  server.RaftServer$Division (ServerState.java:<init>(105)) - 08f587f6-d3d0-450e-bf31-fc9adbdb5c63@group-56FEA48B3F6C: ConfigurationManager, init=-1: [39fc65de-49e5-4d05-a568-f4cf96421ecb|rpc:10.1.0.7:44069|priority:0, 08f587f6-d3d0-450e-bf31-fc9adbdb5c63|rpc:10.1.0.7:35597|priority:0, aad00493-843f-40cd-b56e-bcb32a0b843f|rpc:10.1.0.7:46817|priority:1], old=null, confs=<EMPTY_MAP>
2022-02-01 01:14:34,710 [pool-241-thread-1] INFO  server.RaftServerConfigKeys (ConfUtils.java:logGet(44)) - raft.server.storage.dir = [/home/runner/work/ozone/ozone/hadoop-ozone/integration-test/target/test-dir/MiniOzoneClusterImpl-72297f51-d642-4b09-97fa-35b2ed17483c/datanode-0/data/ratis] (custom)
2022-02-01 01:14:34,710 [pool-241-thread-1] INFO  server.RaftServerConfigKeys (ConfUtils.java:logGet(44)) - raft.server.log.corruption.policy = EXCEPTION (default)
2022-02-01 01:14:34,710 [pool-241-thread-1] INFO  server.RaftServerConfigKeys (ConfUtils.java:logGet(44)) - raft.server.storage.free-space.min = 0MB (=0) (default)
2022-02-01 01:14:34,710 [pool-241-thread-1] INFO  storage.RaftStorageDirectory (RaftStorageDirectoryImpl.java:analyzeStorage(135)) - The storage directory /home/runner/work/ozone/ozone/hadoop-ozone/integration-test/target/test-dir/MiniOzoneClusterImpl-72297f51-d642-4b09-97fa-35b2ed17483c/datanode-0/data/ratis/83e78062-305b-4234-a63d-56fea48b3f6c does not exist. Creating ...
2022-02-01 01:14:34,712 [pool-241-thread-1] INFO  storage.RaftStorageDirectory (RaftStorageDirectoryImpl.java:tryLock(230)) - Lock on /home/runner/work/ozone/ozone/hadoop-ozone/integration-test/target/test-dir/MiniOzoneClusterImpl-72297f51-d642-4b09-97fa-35b2ed17483c/datanode-0/data/ratis/83e78062-305b-4234-a63d-56fea48b3f6c/in_use.lock acquired by nodename 23777@fv-az151-917
2022-02-01 01:14:34,713 [pool-241-thread-1] INFO  storage.RaftStorage (RaftStorageImpl.java:format(89)) - Storage directory /home/runner/work/ozone/ozone/hadoop-ozone/integration-test/target/test-dir/MiniOzoneClusterImpl-72297f51-d642-4b09-97fa-35b2ed17483c/datanode-0/data/ratis/83e78062-305b-4234-a63d-56fea48b3f6c has been successfully formatted.
2022-02-01 01:14:34,714 [pool-241-thread-1] INFO  ratis.ContainerStateMachine (ContainerStateMachine.java:loadSnapshot(231)) - group-56FEA48B3F6C: The snapshot info is null. Setting the last applied indexto:(t:0, i:~)
2022-02-01 01:14:34,714 [pool-241-thread-1] INFO  server.RaftServerConfigKeys (ConfUtils.java:logGet(44)) - raft.server.notification.no-leader.timeout = 300s (custom)
2022-02-01 01:14:34,714 [pool-241-thread-1] INFO  server.RaftServerConfigKeys (ConfUtils.java:logGet(44)) - raft.server.log.use.memory = false (default)
2022-02-01 01:14:34,714 [pool-241-thread-1] INFO  server.RaftServerConfigKeys (ConfUtils.java:logGet(44)) - raft.server.log.purge.gap = 1000000 (custom)
2022-02-01 01:14:34,714 [pool-241-thread-1] INFO  server.RaftServerConfigKeys (ConfUtils.java:logGet(44)) - raft.server.log.appender.buffer.byte-limit = 33554432 (custom)
2022-02-01 01:14:34,714 [pool-241-thread-1] INFO  server.RaftServerConfigKeys (ConfUtils.java:logGet(44)) - raft.server.log.segment.size.max = 1048576 (custom)
2022-02-01 01:14:34,715 [pool-241-thread-1] INFO  server.RaftServerConfigKeys (ConfUtils.java:logGet(44)) - raft.server.log.segment.cache.num.max = 2 (custom)
2022-02-01 01:14:34,715 [pool-241-thread-1] INFO  server.RaftServerConfigKeys (ConfUtils.java:logGet(44)) - raft.server.log.segment.cache.size.max = 200MB (=209715200) (default)
2022-02-01 01:14:34,715 [pool-241-thread-1] INFO  segmented.SegmentedRaftLogWorker (SegmentedRaftLogWorker.java:<init>(182)) - new 08f587f6-d3d0-450e-bf31-fc9adbdb5c63@group-56FEA48B3F6C-SegmentedRaftLogWorker for RaftStorageImpl:Storage Directory /home/runner/work/ozone/ozone/hadoop-ozone/integration-test/target/test-dir/MiniOzoneClusterImpl-72297f51-d642-4b09-97fa-35b2ed17483c/datanode-0/data/ratis/83e78062-305b-4234-a63d-56fea48b3f6c
2022-02-01 01:14:34,715 [pool-241-thread-1] INFO  server.RaftServerConfigKeys (ConfUtils.java:logGet(44)) - raft.server.log.queue.byte-limit = 2147483647 (custom)
2022-02-01 01:14:34,715 [pool-241-thread-1] INFO  server.RaftServerConfigKeys (ConfUtils.java:logGet(44)) - raft.server.log.queue.element-limit = 1024 (custom)
2022-02-01 01:14:34,715 [pool-241-thread-1] INFO  server.RaftServerConfigKeys (ConfUtils.java:logGet(44)) - raft.server.log.segment.size.max = 1048576 (custom)
2022-02-01 01:14:34,715 [pool-241-thread-1] INFO  server.RaftServerConfigKeys (ConfUtils.java:logGet(44)) - raft.server.log.preallocated.size = 16384 (custom)
2022-02-01 01:14:34,715 [pool-241-thread-1] INFO  server.RaftServerConfigKeys (ConfUtils.java:logGet(44)) - raft.server.log.force.sync.num = 128 (default)
2022-02-01 01:14:34,715 [pool-241-thread-1] INFO  server.RaftServerConfigKeys (ConfUtils.java:logGet(44)) - raft.server.log.statemachine.data.sync = true (default)
2022-02-01 01:14:34,715 [pool-241-thread-1] INFO  server.RaftServerConfigKeys (ConfUtils.java:logGet(44)) - raft.server.log.statemachine.data.sync.timeout = 10s (default)
2022-02-01 01:14:34,715 [pool-241-thread-1] INFO  server.RaftServerConfigKeys (ConfUtils.java:logGet(44)) - raft.server.log.statemachine.data.sync.timeout.retry = -1 (default)
2022-02-01 01:14:34,720 [EventQueue-OpenPipelineForHealthyPipelineSafeModeRule] INFO  safemode.SCMSafeModeManager (HealthyPipelineSafeModeRule.java:process(124)) - SCM in safe mode. Healthy pipelines reported count is 0, required healthy pipeline reported count is 1
2022-02-01 01:14:34,721 [pool-241-thread-1] INFO  server.RaftServerConfigKeys (ConfUtils.java:logGet(44)) - raft.server.log.write.buffer.size = 1048576 (custom)
2022-02-01 01:14:34,726 [pool-241-thread-1] INFO  server.RaftServerConfigKeys (ConfUtils.java:logGet(44)) - raft.server.log.statemachine.data.caching.enabled = true (custom)
2022-02-01 01:14:34,726 [pool-241-thread-1] INFO  segmented.SegmentedRaftLogWorker (SegmentedRaftLogWorker.java:lambda$new$0(133)) - 08f587f6-d3d0-450e-bf31-fc9adbdb5c63@group-56FEA48B3F6C-SegmentedRaftLogWorker: flushIndex: setUnconditionally 0 -> -1
2022-02-01 01:14:34,726 [pool-241-thread-1] INFO  segmented.SegmentedRaftLogWorker (SegmentedRaftLogWorker.java:lambda$new$0(133)) - 08f587f6-d3d0-450e-bf31-fc9adbdb5c63@group-56FEA48B3F6C-SegmentedRaftLogWorker: safeCacheEvictIndex: setUnconditionally 0 -> -1
2022-02-01 01:14:34,728 [pool-241-thread-1] INFO  server.RaftServerConfigKeys (ConfUtils.java:logGet(44)) - raft.server.snapshot.auto.trigger.enabled = true (custom)
2022-02-01 01:14:34,728 [pool-241-thread-1] INFO  server.RaftServerConfigKeys (ConfUtils.java:logGet(44)) - raft.server.snapshot.auto.trigger.threshold = 10000 (custom)
2022-02-01 01:14:34,728 [pool-241-thread-1] INFO  server.RaftServerConfigKeys (ConfUtils.java:logGet(44)) - raft.server.snapshot.retention.file.num = 5 (custom)
2022-02-01 01:14:34,728 [pool-241-thread-1] INFO  server.RaftServerConfigKeys (ConfUtils.java:logGet(44)) - raft.server.log.purge.upto.snapshot.index = false (default)
2022-02-01 01:14:34,728 [pool-241-thread-1] INFO  server.RaftServerConfigKeys (ConfUtils.java:logGet(44)) - raft.server.retrycache.expirytime = 600000ms (custom)
2022-02-01 01:14:34,728 [pool-241-thread-1] INFO  server.RaftServerConfigKeys (ConfUtils.java:logGet(44)) - raft.server.retrycache.statistics.expirytime = 100μs (default)
2022-02-01 01:14:34,729 [pool-241-thread-1] INFO  server.RaftServer$Division (RaftServerImpl.java:start(301)) - 08f587f6-d3d0-450e-bf31-fc9adbdb5c63@group-56FEA48B3F6C: start as a follower, conf=-1: [39fc65de-49e5-4d05-a568-f4cf96421ecb|rpc:10.1.0.7:44069|priority:0, 08f587f6-d3d0-450e-bf31-fc9adbdb5c63|rpc:10.1.0.7:35597|priority:0, aad00493-843f-40cd-b56e-bcb32a0b843f|rpc:10.1.0.7:46817|priority:1], old=null
2022-02-01 01:14:34,730 [pool-241-thread-1] INFO  server.RaftServer$Division (RaftServerImpl.java:setRole(290)) - 08f587f6-d3d0-450e-bf31-fc9adbdb5c63@group-56FEA48B3F6C: changes role from      null to FOLLOWER at term 0 for startAsFollower
2022-02-01 01:14:34,730 [pool-241-thread-1] INFO  impl.RoleInfo (RoleInfo.java:updateAndGet(130)) - 08f587f6-d3d0-450e-bf31-fc9adbdb5c63: start 08f587f6-d3d0-450e-bf31-fc9adbdb5c63@group-56FEA48B3F6C-FollowerState
2022-02-01 01:14:34,735 [pool-241-thread-1] INFO  util.JmxRegister (JmxRegister.java:tryRegister(44)) - Successfully registered JMX Bean with object name Ratis:service=RaftServer,group=group-56FEA48B3F6C,id=08f587f6-d3d0-450e-bf31-fc9adbdb5c63
2022-02-01 01:14:34,738 [Command processor thread] INFO  ratis.XceiverServerRatis (XceiverServerRatis.java:addGroup(768)) - Created group PipelineID=83e78062-305b-4234-a63d-56fea48b3f6c
2022-02-01 01:14:34,759 [grpc-default-executor-3] INFO  server.RaftServer (RaftServerProxy.java:addNew(95)) - 39fc65de-49e5-4d05-a568-f4cf96421ecb: addNew group-56FEA48B3F6C:[39fc65de-49e5-4d05-a568-f4cf96421ecb|rpc:10.1.0.7:44069|dataStream:|priority:0, 08f587f6-d3d0-450e-bf31-fc9adbdb5c63|rpc:10.1.0.7:35597|dataStream:|priority:0, aad00493-843f-40cd-b56e-bcb32a0b843f|rpc:10.1.0.7:46817|dataStream:|priority:1] returns group-56FEA48B3F6C:java.util.concurrent.CompletableFuture@54e7b50a[Not completed]
2022-02-01 01:14:34,773 [pool-262-thread-1] INFO  server.RaftServer$Division (RaftServerImpl.java:<init>(184)) - 39fc65de-49e5-4d05-a568-f4cf96421ecb: new RaftServerImpl for group-56FEA48B3F6C:[39fc65de-49e5-4d05-a568-f4cf96421ecb|rpc:10.1.0.7:44069|dataStream:|priority:0, 08f587f6-d3d0-450e-bf31-fc9adbdb5c63|rpc:10.1.0.7:35597|dataStream:|priority:0, aad00493-843f-40cd-b56e-bcb32a0b843f|rpc:10.1.0.7:46817|dataStream:|priority:1] with ContainerStateMachine:uninitialized
2022-02-01 01:14:34,784 [pool-262-thread-1] INFO  server.RaftServerConfigKeys (ConfUtils.java:logGet(44)) - raft.server.rpc.timeout.min = 5s (custom)
2022-02-01 01:14:34,792 [pool-262-thread-1] INFO  server.RaftServerConfigKeys (ConfUtils.java:logGet(44)) - raft.server.rpc.timeout.max = 5200ms (custom)
2022-02-01 01:14:34,792 [pool-262-thread-1] INFO  server.RaftServerConfigKeys (ConfUtils.java:logGet(44)) - raft.server.rpc.sleep.time = 25ms (default)
2022-02-01 01:14:34,792 [pool-262-thread-1] INFO  server.RaftServerConfigKeys (ConfUtils.java:logGet(44)) - raft.server.rpc.slowness.timeout = 300s (custom)
2022-02-01 01:14:34,792 [pool-262-thread-1] INFO  server.RaftServerConfigKeys (ConfUtils.java:logGet(44)) - raft.server.leaderelection.leader.step-down.wait-time = 10s (default)
2022-02-01 01:14:34,792 [pool-262-thread-1] INFO  server.RaftServerConfigKeys (ConfUtils.java:logGet(44)) - raft.server.sleep.deviation.threshold = 300ms (default)
2022-02-01 01:14:34,792 [pool-262-thread-1] INFO  server.RaftServerConfigKeys (ConfUtils.java:logGet(44)) - raft.server.log.appender.install.snapshot.enabled = false (custom)
2022-02-01 01:14:34,792 [pool-262-thread-1] INFO  server.RaftServer$Division (ServerState.java:<init>(105)) - 39fc65de-49e5-4d05-a568-f4cf96421ecb@group-56FEA48B3F6C: ConfigurationManager, init=-1: [39fc65de-49e5-4d05-a568-f4cf96421ecb|rpc:10.1.0.7:44069|dataStream:|priority:0, 08f587f6-d3d0-450e-bf31-fc9adbdb5c63|rpc:10.1.0.7:35597|dataStream:|priority:0, aad00493-843f-40cd-b56e-bcb32a0b843f|rpc:10.1.0.7:46817|dataStream:|priority:1], old=null, confs=<EMPTY_MAP>
2022-02-01 01:14:34,792 [pool-262-thread-1] INFO  server.RaftServerConfigKeys (ConfUtils.java:logGet(44)) - raft.server.storage.dir = [/home/runner/work/ozone/ozone/hadoop-ozone/integration-test/target/test-dir/MiniOzoneClusterImpl-72297f51-d642-4b09-97fa-35b2ed17483c/datanode-1/data/ratis] (custom)
2022-02-01 01:14:34,793 [pool-262-thread-1] INFO  server.RaftServerConfigKeys (ConfUtils.java:logGet(44)) - raft.server.log.corruption.policy = EXCEPTION (default)
2022-02-01 01:14:34,793 [pool-262-thread-1] INFO  server.RaftServerConfigKeys (ConfUtils.java:logGet(44)) - raft.server.storage.free-space.min = 0MB (=0) (default)
2022-02-01 01:14:34,793 [pool-262-thread-1] INFO  storage.RaftStorageDirectory (RaftStorageDirectoryImpl.java:analyzeStorage(135)) - The storage directory /home/runner/work/ozone/ozone/hadoop-ozone/integration-test/target/test-dir/MiniOzoneClusterImpl-72297f51-d642-4b09-97fa-35b2ed17483c/datanode-1/data/ratis/83e78062-305b-4234-a63d-56fea48b3f6c does not exist. Creating ...
2022-02-01 01:14:34,794 [pool-262-thread-1] INFO  storage.RaftStorageDirectory (RaftStorageDirectoryImpl.java:tryLock(230)) - Lock on /home/runner/work/ozone/ozone/hadoop-ozone/integration-test/target/test-dir/MiniOzoneClusterImpl-72297f51-d642-4b09-97fa-35b2ed17483c/datanode-1/data/ratis/83e78062-305b-4234-a63d-56fea48b3f6c/in_use.lock acquired by nodename 23777@fv-az151-917
2022-02-01 01:14:34,795 [pool-262-thread-1] INFO  storage.RaftStorage (RaftStorageImpl.java:format(89)) - Storage directory /home/runner/work/ozone/ozone/hadoop-ozone/integration-test/target/test-dir/MiniOzoneClusterImpl-72297f51-d642-4b09-97fa-35b2ed17483c/datanode-1/data/ratis/83e78062-305b-4234-a63d-56fea48b3f6c has been successfully formatted.
2022-02-01 01:14:34,797 [pool-262-thread-1] INFO  ratis.ContainerStateMachine (ContainerStateMachine.java:loadSnapshot(231)) - group-56FEA48B3F6C: The snapshot info is null. Setting the last applied indexto:(t:0, i:~)
2022-02-01 01:14:34,797 [pool-262-thread-1] INFO  server.RaftServerConfigKeys (ConfUtils.java:logGet(44)) - raft.server.notification.no-leader.timeout = 300s (custom)
2022-02-01 01:14:34,797 [pool-262-thread-1] INFO  server.RaftServerConfigKeys (ConfUtils.java:logGet(44)) - raft.server.log.use.memory = false (default)
2022-02-01 01:14:34,797 [pool-262-thread-1] INFO  server.RaftServerConfigKeys (ConfUtils.java:logGet(44)) - raft.server.log.purge.gap = 1000000 (custom)
2022-02-01 01:14:34,797 [pool-262-thread-1] INFO  server.RaftServerConfigKeys (ConfUtils.java:logGet(44)) - raft.server.log.appender.buffer.byte-limit = 33554432 (custom)
2022-02-01 01:14:34,797 [pool-262-thread-1] INFO  server.RaftServerConfigKeys (ConfUtils.java:logGet(44)) - raft.server.log.segment.size.max = 1048576 (custom)
2022-02-01 01:14:34,798 [pool-262-thread-1] INFO  server.RaftServerConfigKeys (ConfUtils.java:logGet(44)) - raft.server.log.segment.cache.num.max = 2 (custom)
2022-02-01 01:14:34,798 [pool-262-thread-1] INFO  server.RaftServerConfigKeys (ConfUtils.java:logGet(44)) - raft.server.log.segment.cache.size.max = 200MB (=209715200) (default)
2022-02-01 01:14:34,798 [pool-262-thread-1] INFO  segmented.SegmentedRaftLogWorker (SegmentedRaftLogWorker.java:<init>(182)) - new 39fc65de-49e5-4d05-a568-f4cf96421ecb@group-56FEA48B3F6C-SegmentedRaftLogWorker for RaftStorageImpl:Storage Directory /home/runner/work/ozone/ozone/hadoop-ozone/integration-test/target/test-dir/MiniOzoneClusterImpl-72297f51-d642-4b09-97fa-35b2ed17483c/datanode-1/data/ratis/83e78062-305b-4234-a63d-56fea48b3f6c
2022-02-01 01:14:34,798 [pool-262-thread-1] INFO  server.RaftServerConfigKeys (ConfUtils.java:logGet(44)) - raft.server.log.queue.byte-limit = 2147483647 (custom)
2022-02-01 01:14:34,798 [pool-262-thread-1] INFO  server.RaftServerConfigKeys (ConfUtils.java:logGet(44)) - raft.server.log.queue.element-limit = 1024 (custom)
2022-02-01 01:14:34,798 [pool-262-thread-1] INFO  server.RaftServerConfigKeys (ConfUtils.java:logGet(44)) - raft.server.log.segment.size.max = 1048576 (custom)
2022-02-01 01:14:34,798 [pool-262-thread-1] INFO  server.RaftServerConfigKeys (ConfUtils.java:logGet(44)) - raft.server.log.preallocated.size = 16384 (custom)
2022-02-01 01:14:34,798 [pool-262-thread-1] INFO  server.RaftServerConfigKeys (ConfUtils.java:logGet(44)) - raft.server.log.force.sync.num = 128 (default)
2022-02-01 01:14:34,798 [pool-262-thread-1] INFO  server.RaftServerConfigKeys (ConfUtils.java:logGet(44)) - raft.server.log.statemachine.data.sync = true (default)
2022-02-01 01:14:34,798 [pool-262-thread-1] INFO  server.RaftServerConfigKeys (ConfUtils.java:logGet(44)) - raft.server.log.statemachine.data.sync.timeout = 10s (default)
2022-02-01 01:14:34,798 [pool-262-thread-1] INFO  server.RaftServerConfigKeys (ConfUtils.java:logGet(44)) - raft.server.log.statemachine.data.sync.timeout.retry = -1 (default)
2022-02-01 01:14:34,799 [pool-262-thread-1] INFO  server.RaftServerConfigKeys (ConfUtils.java:logGet(44)) - raft.server.log.write.buffer.size = 1048576 (custom)
2022-02-01 01:14:34,800 [pool-262-thread-1] INFO  server.RaftServerConfigKeys (ConfUtils.java:logGet(44)) - raft.server.log.statemachine.data.caching.enabled = true (custom)
2022-02-01 01:14:34,800 [pool-262-thread-1] INFO  segmented.SegmentedRaftLogWorker (SegmentedRaftLogWorker.java:lambda$new$0(133)) - 39fc65de-49e5-4d05-a568-f4cf96421ecb@group-56FEA48B3F6C-SegmentedRaftLogWorker: flushIndex: setUnconditionally 0 -> -1
2022-02-01 01:14:34,801 [pool-262-thread-1] INFO  segmented.SegmentedRaftLogWorker (SegmentedRaftLogWorker.java:lambda$new$0(133)) - 39fc65de-49e5-4d05-a568-f4cf96421ecb@group-56FEA48B3F6C-SegmentedRaftLogWorker: safeCacheEvictIndex: setUnconditionally 0 -> -1
2022-02-01 01:14:34,801 [pool-262-thread-1] INFO  server.RaftServerConfigKeys (ConfUtils.java:logGet(44)) - raft.server.snapshot.auto.trigger.enabled = true (custom)
2022-02-01 01:14:34,801 [pool-262-thread-1] INFO  server.RaftServerConfigKeys (ConfUtils.java:logGet(44)) - raft.server.snapshot.auto.trigger.threshold = 10000 (custom)
2022-02-01 01:14:34,801 [pool-262-thread-1] INFO  server.RaftServerConfigKeys (ConfUtils.java:logGet(44)) - raft.server.snapshot.retention.file.num = 5 (custom)
2022-02-01 01:14:34,801 [pool-262-thread-1] INFO  server.RaftServerConfigKeys (ConfUtils.java:logGet(44)) - raft.server.log.purge.upto.snapshot.index = false (default)
2022-02-01 01:14:34,801 [pool-262-thread-1] INFO  server.RaftServerConfigKeys (ConfUtils.java:logGet(44)) - raft.server.retrycache.expirytime = 600000ms (custom)
2022-02-01 01:14:34,801 [pool-262-thread-1] INFO  server.RaftServerConfigKeys (ConfUtils.java:logGet(44)) - raft.server.retrycache.statistics.expirytime = 100μs (default)
2022-02-01 01:14:34,802 [pool-262-thread-1] INFO  server.RaftServer$Division (RaftServerImpl.java:start(301)) - 39fc65de-49e5-4d05-a568-f4cf96421ecb@group-56FEA48B3F6C: start as a follower, conf=-1: [39fc65de-49e5-4d05-a568-f4cf96421ecb|rpc:10.1.0.7:44069|dataStream:|priority:0, 08f587f6-d3d0-450e-bf31-fc9adbdb5c63|rpc:10.1.0.7:35597|dataStream:|priority:0, aad00493-843f-40cd-b56e-bcb32a0b843f|rpc:10.1.0.7:46817|dataStream:|priority:1], old=null
2022-02-01 01:14:34,802 [pool-262-thread-1] INFO  server.RaftServer$Division (RaftServerImpl.java:setRole(290)) - 39fc65de-49e5-4d05-a568-f4cf96421ecb@group-56FEA48B3F6C: changes role from      null to FOLLOWER at term 0 for startAsFollower
2022-02-01 01:14:34,803 [pool-262-thread-1] INFO  impl.RoleInfo (RoleInfo.java:updateAndGet(130)) - 39fc65de-49e5-4d05-a568-f4cf96421ecb: start 39fc65de-49e5-4d05-a568-f4cf96421ecb@group-56FEA48B3F6C-FollowerState
2022-02-01 01:14:34,803 [pool-262-thread-1] INFO  util.JmxRegister (JmxRegister.java:tryRegister(44)) - Successfully registered JMX Bean with object name Ratis:service=RaftServer,group=group-56FEA48B3F6C,id=39fc65de-49e5-4d05-a568-f4cf96421ecb
2022-02-01 01:14:34,917 [grpc-default-executor-3] INFO  server.RaftServer (RaftServerProxy.java:addNew(95)) - aad00493-843f-40cd-b56e-bcb32a0b843f: addNew group-56FEA48B3F6C:[39fc65de-49e5-4d05-a568-f4cf96421ecb|rpc:10.1.0.7:44069|dataStream:|priority:0, 08f587f6-d3d0-450e-bf31-fc9adbdb5c63|rpc:10.1.0.7:35597|dataStream:|priority:0, aad00493-843f-40cd-b56e-bcb32a0b843f|rpc:10.1.0.7:46817|dataStream:|priority:1] returns group-56FEA48B3F6C:java.util.concurrent.CompletableFuture@2215830a[Not completed]
2022-02-01 01:14:34,931 [pool-283-thread-1] INFO  server.RaftServer$Division (RaftServerImpl.java:<init>(184)) - aad00493-843f-40cd-b56e-bcb32a0b843f: new RaftServerImpl for group-56FEA48B3F6C:[39fc65de-49e5-4d05-a568-f4cf96421ecb|rpc:10.1.0.7:44069|dataStream:|priority:0, 08f587f6-d3d0-450e-bf31-fc9adbdb5c63|rpc:10.1.0.7:35597|dataStream:|priority:0, aad00493-843f-40cd-b56e-bcb32a0b843f|rpc:10.1.0.7:46817|dataStream:|priority:1] with ContainerStateMachine:uninitialized
2022-02-01 01:14:34,940 [pool-283-thread-1] INFO  server.RaftServerConfigKeys (ConfUtils.java:logGet(44)) - raft.server.rpc.timeout.min = 5s (custom)
2022-02-01 01:14:34,940 [pool-283-thread-1] INFO  server.RaftServerConfigKeys (ConfUtils.java:logGet(44)) - raft.server.rpc.timeout.max = 5200ms (custom)
2022-02-01 01:14:34,940 [pool-283-thread-1] INFO  server.RaftServerConfigKeys (ConfUtils.java:logGet(44)) - raft.server.rpc.sleep.time = 25ms (default)
2022-02-01 01:14:34,940 [pool-283-thread-1] INFO  server.RaftServerConfigKeys (ConfUtils.java:logGet(44)) - raft.server.rpc.slowness.timeout = 300s (custom)
2022-02-01 01:14:34,940 [pool-283-thread-1] INFO  server.RaftServerConfigKeys (ConfUtils.java:logGet(44)) - raft.server.leaderelection.leader.step-down.wait-time = 10s (default)
2022-02-01 01:14:34,941 [pool-283-thread-1] INFO  server.RaftServerConfigKeys (ConfUtils.java:logGet(44)) - raft.server.sleep.deviation.threshold = 300ms (default)
2022-02-01 01:14:34,941 [pool-283-thread-1] INFO  server.RaftServerConfigKeys (ConfUtils.java:logGet(44)) - raft.server.log.appender.install.snapshot.enabled = false (custom)
2022-02-01 01:14:34,941 [pool-283-thread-1] INFO  server.RaftServer$Division (ServerState.java:<init>(105)) - aad00493-843f-40cd-b56e-bcb32a0b843f@group-56FEA48B3F6C: ConfigurationManager, init=-1: [39fc65de-49e5-4d05-a568-f4cf96421ecb|rpc:10.1.0.7:44069|dataStream:|priority:0, 08f587f6-d3d0-450e-bf31-fc9adbdb5c63|rpc:10.1.0.7:35597|dataStream:|priority:0, aad00493-843f-40cd-b56e-bcb32a0b843f|rpc:10.1.0.7:46817|dataStream:|priority:1], old=null, confs=<EMPTY_MAP>
2022-02-01 01:14:34,941 [pool-283-thread-1] INFO  server.RaftServerConfigKeys (ConfUtils.java:logGet(44)) - raft.server.storage.dir = [/home/runner/work/ozone/ozone/hadoop-ozone/integration-test/target/test-dir/MiniOzoneClusterImpl-72297f51-d642-4b09-97fa-35b2ed17483c/datanode-2/data/ratis] (custom)
2022-02-01 01:14:34,941 [pool-283-thread-1] INFO  server.RaftServerConfigKeys (ConfUtils.java:logGet(44)) - raft.server.log.corruption.policy = EXCEPTION (default)
2022-02-01 01:14:34,941 [pool-283-thread-1] INFO  server.RaftServerConfigKeys (ConfUtils.java:logGet(44)) - raft.server.storage.free-space.min = 0MB (=0) (default)
2022-02-01 01:14:34,941 [pool-283-thread-1] INFO  storage.RaftStorageDirectory (RaftStorageDirectoryImpl.java:analyzeStorage(135)) - The storage directory /home/runner/work/ozone/ozone/hadoop-ozone/integration-test/target/test-dir/MiniOzoneClusterImpl-72297f51-d642-4b09-97fa-35b2ed17483c/datanode-2/data/ratis/83e78062-305b-4234-a63d-56fea48b3f6c does not exist. Creating ...
2022-02-01 01:14:34,945 [pool-283-thread-1] INFO  storage.RaftStorageDirectory (RaftStorageDirectoryImpl.java:tryLock(230)) - Lock on /home/runner/work/ozone/ozone/hadoop-ozone/integration-test/target/test-dir/MiniOzoneClusterImpl-72297f51-d642-4b09-97fa-35b2ed17483c/datanode-2/data/ratis/83e78062-305b-4234-a63d-56fea48b3f6c/in_use.lock acquired by nodename 23777@fv-az151-917
2022-02-01 01:14:34,946 [pool-283-thread-1] INFO  storage.RaftStorage (RaftStorageImpl.java:format(89)) - Storage directory /home/runner/work/ozone/ozone/hadoop-ozone/integration-test/target/test-dir/MiniOzoneClusterImpl-72297f51-d642-4b09-97fa-35b2ed17483c/datanode-2/data/ratis/83e78062-305b-4234-a63d-56fea48b3f6c has been successfully formatted.
2022-02-01 01:14:34,947 [pool-283-thread-1] INFO  ratis.ContainerStateMachine (ContainerStateMachine.java:loadSnapshot(231)) - group-56FEA48B3F6C: The snapshot info is null. Setting the last applied indexto:(t:0, i:~)
2022-02-01 01:14:34,947 [pool-283-thread-1] INFO  server.RaftServerConfigKeys (ConfUtils.java:logGet(44)) - raft.server.notification.no-leader.timeout = 300s (custom)
2022-02-01 01:14:34,947 [pool-283-thread-1] INFO  server.RaftServerConfigKeys (ConfUtils.java:logGet(44)) - raft.server.log.use.memory = false (default)
2022-02-01 01:14:34,947 [pool-283-thread-1] INFO  server.RaftServerConfigKeys (ConfUtils.java:logGet(44)) - raft.server.log.purge.gap = 1000000 (custom)
2022-02-01 01:14:34,948 [pool-283-thread-1] INFO  server.RaftServerConfigKeys (ConfUtils.java:logGet(44)) - raft.server.log.appender.buffer.byte-limit = 33554432 (custom)
2022-02-01 01:14:34,948 [pool-283-thread-1] INFO  server.RaftServerConfigKeys (ConfUtils.java:logGet(44)) - raft.server.log.segment.size.max = 1048576 (custom)
2022-02-01 01:14:34,948 [pool-283-thread-1] INFO  server.RaftServerConfigKeys (ConfUtils.java:logGet(44)) - raft.server.log.segment.cache.num.max = 2 (custom)
2022-02-01 01:14:34,948 [pool-283-thread-1] INFO  server.RaftServerConfigKeys (ConfUtils.java:logGet(44)) - raft.server.log.segment.cache.size.max = 200MB (=209715200) (default)
2022-02-01 01:14:34,948 [pool-283-thread-1] INFO  segmented.SegmentedRaftLogWorker (SegmentedRaftLogWorker.java:<init>(182)) - new aad00493-843f-40cd-b56e-bcb32a0b843f@group-56FEA48B3F6C-SegmentedRaftLogWorker for RaftStorageImpl:Storage Directory /home/runner/work/ozone/ozone/hadoop-ozone/integration-test/target/test-dir/MiniOzoneClusterImpl-72297f51-d642-4b09-97fa-35b2ed17483c/datanode-2/data/ratis/83e78062-305b-4234-a63d-56fea48b3f6c
2022-02-01 01:14:34,948 [pool-283-thread-1] INFO  server.RaftServerConfigKeys (ConfUtils.java:logGet(44)) - raft.server.log.queue.byte-limit = 2147483647 (custom)
2022-02-01 01:14:34,948 [pool-283-thread-1] INFO  server.RaftServerConfigKeys (ConfUtils.java:logGet(44)) - raft.server.log.queue.element-limit = 1024 (custom)
2022-02-01 01:14:34,948 [pool-283-thread-1] INFO  server.RaftServerConfigKeys (ConfUtils.java:logGet(44)) - raft.server.log.segment.size.max = 1048576 (custom)
2022-02-01 01:14:34,949 [pool-283-thread-1] INFO  server.RaftServerConfigKeys (ConfUtils.java:logGet(44)) - raft.server.log.preallocated.size = 16384 (custom)
2022-02-01 01:14:34,949 [pool-283-thread-1] INFO  server.RaftServerConfigKeys (ConfUtils.java:logGet(44)) - raft.server.log.force.sync.num = 128 (default)
2022-02-01 01:14:34,949 [pool-283-thread-1] INFO  server.RaftServerConfigKeys (ConfUtils.java:logGet(44)) - raft.server.log.statemachine.data.sync = true (default)
2022-02-01 01:14:34,949 [pool-283-thread-1] INFO  server.RaftServerConfigKeys (ConfUtils.java:logGet(44)) - raft.server.log.statemachine.data.sync.timeout = 10s (default)
2022-02-01 01:14:34,949 [pool-283-thread-1] INFO  server.RaftServerConfigKeys (ConfUtils.java:logGet(44)) - raft.server.log.statemachine.data.sync.timeout.retry = -1 (default)
2022-02-01 01:14:34,950 [pool-283-thread-1] INFO  server.RaftServerConfigKeys (ConfUtils.java:logGet(44)) - raft.server.log.write.buffer.size = 1048576 (custom)
2022-02-01 01:14:34,957 [pool-283-thread-1] INFO  server.RaftServerConfigKeys (ConfUtils.java:logGet(44)) - raft.server.log.statemachine.data.caching.enabled = true (custom)
2022-02-01 01:14:34,964 [pool-283-thread-1] INFO  segmented.SegmentedRaftLogWorker (SegmentedRaftLogWorker.java:lambda$new$0(133)) - aad00493-843f-40cd-b56e-bcb32a0b843f@group-56FEA48B3F6C-SegmentedRaftLogWorker: flushIndex: setUnconditionally 0 -> -1
2022-02-01 01:14:34,964 [pool-283-thread-1] INFO  segmented.SegmentedRaftLogWorker (SegmentedRaftLogWorker.java:lambda$new$0(133)) - aad00493-843f-40cd-b56e-bcb32a0b843f@group-56FEA48B3F6C-SegmentedRaftLogWorker: safeCacheEvictIndex: setUnconditionally 0 -> -1
2022-02-01 01:14:34,973 [pool-283-thread-1] INFO  server.RaftServerConfigKeys (ConfUtils.java:logGet(44)) - raft.server.snapshot.auto.trigger.enabled = true (custom)
2022-02-01 01:14:34,973 [pool-283-thread-1] INFO  server.RaftServerConfigKeys (ConfUtils.java:logGet(44)) - raft.server.snapshot.auto.trigger.threshold = 10000 (custom)
2022-02-01 01:14:34,973 [pool-283-thread-1] INFO  server.RaftServerConfigKeys (ConfUtils.java:logGet(44)) - raft.server.snapshot.retention.file.num = 5 (custom)
2022-02-01 01:14:34,973 [pool-283-thread-1] INFO  server.RaftServerConfigKeys (ConfUtils.java:logGet(44)) - raft.server.log.purge.upto.snapshot.index = false (default)
2022-02-01 01:14:34,973 [pool-283-thread-1] INFO  server.RaftServerConfigKeys (ConfUtils.java:logGet(44)) - raft.server.retrycache.expirytime = 600000ms (custom)
2022-02-01 01:14:34,973 [pool-283-thread-1] INFO  server.RaftServerConfigKeys (ConfUtils.java:logGet(44)) - raft.server.retrycache.statistics.expirytime = 100μs (default)
2022-02-01 01:14:34,975 [pool-283-thread-1] INFO  server.RaftServer$Division (RaftServerImpl.java:start(301)) - aad00493-843f-40cd-b56e-bcb32a0b843f@group-56FEA48B3F6C: start as a follower, conf=-1: [39fc65de-49e5-4d05-a568-f4cf96421ecb|rpc:10.1.0.7:44069|dataStream:|priority:0, 08f587f6-d3d0-450e-bf31-fc9adbdb5c63|rpc:10.1.0.7:35597|dataStream:|priority:0, aad00493-843f-40cd-b56e-bcb32a0b843f|rpc:10.1.0.7:46817|dataStream:|priority:1], old=null
2022-02-01 01:14:34,975 [pool-283-thread-1] INFO  server.RaftServer$Division (RaftServerImpl.java:setRole(290)) - aad00493-843f-40cd-b56e-bcb32a0b843f@group-56FEA48B3F6C: changes role from      null to FOLLOWER at term 0 for startAsFollower
2022-02-01 01:14:34,975 [pool-283-thread-1] INFO  impl.RoleInfo (RoleInfo.java:updateAndGet(130)) - aad00493-843f-40cd-b56e-bcb32a0b843f: start aad00493-843f-40cd-b56e-bcb32a0b843f@group-56FEA48B3F6C-FollowerState
2022-02-01 01:14:34,983 [pool-283-thread-1] INFO  util.JmxRegister (JmxRegister.java:tryRegister(44)) - Successfully registered JMX Bean with object name Ratis:service=RaftServer,group=group-56FEA48B3F6C,id=aad00493-843f-40cd-b56e-bcb32a0b843f
2022-02-01 01:14:35,010 [Command processor thread] INFO  commandhandler.CreatePipelineCommandHandler (CreatePipelineCommandHandler.java:handle(106)) - Created Pipeline RATIS THREE PipelineID=83e78062-305b-4234-a63d-56fea48b3f6c.
2022-02-01 01:14:35,015 [Command processor thread] INFO  server.RaftServer (RaftServerProxy.java:addNew(95)) - 39fc65de-49e5-4d05-a568-f4cf96421ecb: addNew group-59F78DEF6184:[39fc65de-49e5-4d05-a568-f4cf96421ecb|rpc:10.1.0.7:44069|priority:1] returns group-59F78DEF6184:java.util.concurrent.CompletableFuture@24c6c312[Not completed]
2022-02-01 01:14:35,045 [pool-262-thread-1] INFO  server.RaftServer$Division (RaftServerImpl.java:<init>(184)) - 39fc65de-49e5-4d05-a568-f4cf96421ecb: new RaftServerImpl for group-59F78DEF6184:[39fc65de-49e5-4d05-a568-f4cf96421ecb|rpc:10.1.0.7:44069|priority:1] with ContainerStateMachine:uninitialized
2022-02-01 01:14:35,045 [pool-262-thread-1] INFO  server.RaftServerConfigKeys (ConfUtils.java:logGet(44)) - raft.server.rpc.timeout.min = 5s (custom)
2022-02-01 01:14:35,045 [pool-262-thread-1] INFO  server.RaftServerConfigKeys (ConfUtils.java:logGet(44)) - raft.server.rpc.timeout.max = 5200ms (custom)
2022-02-01 01:14:35,045 [pool-262-thread-1] INFO  server.RaftServerConfigKeys (ConfUtils.java:logGet(44)) - raft.server.rpc.sleep.time = 25ms (default)
2022-02-01 01:14:35,045 [pool-262-thread-1] INFO  server.RaftServerConfigKeys (ConfUtils.java:logGet(44)) - raft.server.rpc.slowness.timeout = 300s (custom)
2022-02-01 01:14:35,045 [pool-262-thread-1] INFO  server.RaftServerConfigKeys (ConfUtils.java:logGet(44)) - raft.server.leaderelection.leader.step-down.wait-time = 10s (default)
2022-02-01 01:14:35,045 [pool-262-thread-1] INFO  server.RaftServerConfigKeys (ConfUtils.java:logGet(44)) - raft.server.sleep.deviation.threshold = 300ms (default)
2022-02-01 01:14:35,045 [pool-262-thread-1] INFO  server.RaftServerConfigKeys (ConfUtils.java:logGet(44)) - raft.server.log.appender.install.snapshot.enabled = false (custom)
2022-02-01 01:14:35,045 [pool-262-thread-1] INFO  server.RaftServer$Division (ServerState.java:<init>(105)) - 39fc65de-49e5-4d05-a568-f4cf96421ecb@group-59F78DEF6184: ConfigurationManager, init=-1: [39fc65de-49e5-4d05-a568-f4cf96421ecb|rpc:10.1.0.7:44069|priority:1], old=null, confs=<EMPTY_MAP>
2022-02-01 01:14:35,046 [pool-262-thread-1] INFO  server.RaftServerConfigKeys (ConfUtils.java:logGet(44)) - raft.server.storage.dir = [/home/runner/work/ozone/ozone/hadoop-ozone/integration-test/target/test-dir/MiniOzoneClusterImpl-72297f51-d642-4b09-97fa-35b2ed17483c/datanode-1/data/ratis] (custom)
2022-02-01 01:14:35,046 [pool-262-thread-1] INFO  server.RaftServerConfigKeys (ConfUtils.java:logGet(44)) - raft.server.log.corruption.policy = EXCEPTION (default)
2022-02-01 01:14:35,046 [pool-262-thread-1] INFO  server.RaftServerConfigKeys (ConfUtils.java:logGet(44)) - raft.server.storage.free-space.min = 0MB (=0) (default)
2022-02-01 01:14:35,046 [pool-262-thread-1] INFO  storage.RaftStorageDirectory (RaftStorageDirectoryImpl.java:analyzeStorage(135)) - The storage directory /home/runner/work/ozone/ozone/hadoop-ozone/integration-test/target/test-dir/MiniOzoneClusterImpl-72297f51-d642-4b09-97fa-35b2ed17483c/datanode-1/data/ratis/d37b6262-bc4d-477a-ad21-59f78def6184 does not exist. Creating ...
2022-02-01 01:14:35,050 [pool-262-thread-1] INFO  storage.RaftStorageDirectory (RaftStorageDirectoryImpl.java:tryLock(230)) - Lock on /home/runner/work/ozone/ozone/hadoop-ozone/integration-test/target/test-dir/MiniOzoneClusterImpl-72297f51-d642-4b09-97fa-35b2ed17483c/datanode-1/data/ratis/d37b6262-bc4d-477a-ad21-59f78def6184/in_use.lock acquired by nodename 23777@fv-az151-917
2022-02-01 01:14:35,052 [pool-262-thread-1] INFO  storage.RaftStorage (RaftStorageImpl.java:format(89)) - Storage directory /home/runner/work/ozone/ozone/hadoop-ozone/integration-test/target/test-dir/MiniOzoneClusterImpl-72297f51-d642-4b09-97fa-35b2ed17483c/datanode-1/data/ratis/d37b6262-bc4d-477a-ad21-59f78def6184 has been successfully formatted.
2022-02-01 01:14:35,053 [pool-262-thread-1] INFO  ratis.ContainerStateMachine (ContainerStateMachine.java:loadSnapshot(231)) - group-59F78DEF6184: The snapshot info is null. Setting the last applied indexto:(t:0, i:~)
2022-02-01 01:14:35,054 [pool-262-thread-1] INFO  server.RaftServerConfigKeys (ConfUtils.java:logGet(44)) - raft.server.notification.no-leader.timeout = 300s (custom)
2022-02-01 01:14:35,054 [pool-262-thread-1] INFO  server.RaftServerConfigKeys (ConfUtils.java:logGet(44)) - raft.server.log.use.memory = false (default)
2022-02-01 01:14:35,055 [EventQueue-PipelineReportForPipelineReportHandler] INFO  pipeline.PipelineManagerImpl (PipelineManagerImpl.java:openPipeline(291)) - Pipeline Pipeline[ Id: d37b6262-bc4d-477a-ad21-59f78def6184, Nodes: 39fc65de-49e5-4d05-a568-f4cf96421ecb{ip: 10.1.0.7, host: fv-az151-917.yf2hydr00wburbhx3j5hxtcipe.bx.internal.cloudapp.net, ports: [REPLICATION=38379, RATIS=44069, RATIS_ADMIN=44069, RATIS_SERVER=44069, STANDALONE=43877], networkLocation: /default-rack, certSerialId: null, persistedOpState: IN_SERVICE, persistedOpStateExpiryEpochSec: 0}, ReplicationConfig: RATIS/ONE, State:ALLOCATED, leaderId:39fc65de-49e5-4d05-a568-f4cf96421ecb, CreationTimestamp2022-02-01T01:14:32.028Z[Etc/UTC]] moved to OPEN state
2022-02-01 01:14:35,057 [b34924e2-f0b8-44a8-9154-7e30bb998241@group-35B2ED17483C-StateMachineUpdater] INFO  safemode.HealthyPipelineSafeModeRule (HealthyPipelineSafeModeRule.java:initializeRule(152)) - Refreshed total pipeline count is 0, healthy pipeline threshold count is 1
2022-02-01 01:14:35,058 [EventQueue-PipelineReportForPipelineReportHandler] INFO  ha.SCMHAInvocationHandler (SCMHAInvocationHandler.java:invokeRatis(113)) - Invoking method public abstract void org.apache.hadoop.hdds.scm.pipeline.PipelineStateManager.updatePipelineState(org.apache.hadoop.hdds.protocol.proto.HddsProtos$PipelineID,org.apache.hadoop.hdds.protocol.proto.HddsProtos$PipelineState) throws java.io.IOException on target org.apache.hadoop.hdds.scm.ha.SCMRatisServerImpl@70f7ea22, cost 2462.34us
2022-02-01 01:14:35,059 [EventQueue-OpenPipelineForHealthyPipelineSafeModeRule] INFO  safemode.SCMSafeModeManager (HealthyPipelineSafeModeRule.java:process(124)) - SCM in safe mode. Healthy pipelines reported count is 0, required healthy pipeline reported count is 1
2022-02-01 01:14:35,058 [pool-262-thread-1] INFO  server.RaftServerConfigKeys (ConfUtils.java:logGet(44)) - raft.server.log.purge.gap = 1000000 (custom)
2022-02-01 01:14:35,060 [pool-262-thread-1] INFO  server.RaftServerConfigKeys (ConfUtils.java:logGet(44)) - raft.server.log.appender.buffer.byte-limit = 33554432 (custom)
2022-02-01 01:14:35,060 [pool-262-thread-1] INFO  server.RaftServerConfigKeys (ConfUtils.java:logGet(44)) - raft.server.log.segment.size.max = 1048576 (custom)
2022-02-01 01:14:35,061 [pool-262-thread-1] INFO  server.RaftServerConfigKeys (ConfUtils.java:logGet(44)) - raft.server.log.segment.cache.num.max = 2 (custom)
2022-02-01 01:14:35,061 [pool-262-thread-1] INFO  server.RaftServerConfigKeys (ConfUtils.java:logGet(44)) - raft.server.log.segment.cache.size.max = 200MB (=209715200) (default)
2022-02-01 01:14:35,061 [pool-262-thread-1] INFO  segmented.SegmentedRaftLogWorker (SegmentedRaftLogWorker.java:<init>(182)) - new 39fc65de-49e5-4d05-a568-f4cf96421ecb@group-59F78DEF6184-SegmentedRaftLogWorker for RaftStorageImpl:Storage Directory /home/runner/work/ozone/ozone/hadoop-ozone/integration-test/target/test-dir/MiniOzoneClusterImpl-72297f51-d642-4b09-97fa-35b2ed17483c/datanode-1/data/ratis/d37b6262-bc4d-477a-ad21-59f78def6184
2022-02-01 01:14:35,061 [pool-262-thread-1] INFO  server.RaftServerConfigKeys (ConfUtils.java:logGet(44)) - raft.server.log.queue.byte-limit = 2147483647 (custom)
2022-02-01 01:14:35,061 [pool-262-thread-1] INFO  server.RaftServerConfigKeys (ConfUtils.java:logGet(44)) - raft.server.log.queue.element-limit = 1024 (custom)
2022-02-01 01:14:35,061 [pool-262-thread-1] INFO  server.RaftServerConfigKeys (ConfUtils.java:logGet(44)) - raft.server.log.segment.size.max = 1048576 (custom)
2022-02-01 01:14:35,061 [pool-262-thread-1] INFO  server.RaftServerConfigKeys (ConfUtils.java:logGet(44)) - raft.server.log.preallocated.size = 16384 (custom)
2022-02-01 01:14:35,061 [pool-262-thread-1] INFO  server.RaftServerConfigKeys (ConfUtils.java:logGet(44)) - raft.server.log.force.sync.num = 128 (default)
2022-02-01 01:14:35,061 [pool-262-thread-1] INFO  server.RaftServerConfigKeys (ConfUtils.java:logGet(44)) - raft.server.log.statemachine.data.sync = true (default)
2022-02-01 01:14:35,061 [pool-262-thread-1] INFO  server.RaftServerConfigKeys (ConfUtils.java:logGet(44)) - raft.server.log.statemachine.data.sync.timeout = 10s (default)
2022-02-01 01:14:35,061 [pool-262-thread-1] INFO  server.RaftServerConfigKeys (ConfUtils.java:logGet(44)) - raft.server.log.statemachine.data.sync.timeout.retry = -1 (default)
2022-02-01 01:14:35,062 [pool-262-thread-1] INFO  server.RaftServerConfigKeys (ConfUtils.java:logGet(44)) - raft.server.log.write.buffer.size = 1048576 (custom)
2022-02-01 01:14:35,064 [pool-262-thread-1] INFO  server.RaftServerConfigKeys (ConfUtils.java:logGet(44)) - raft.server.log.statemachine.data.caching.enabled = true (custom)
2022-02-01 01:14:35,068 [pool-262-thread-1] INFO  segmented.SegmentedRaftLogWorker (SegmentedRaftLogWorker.java:lambda$new$0(133)) - 39fc65de-49e5-4d05-a568-f4cf96421ecb@group-59F78DEF6184-SegmentedRaftLogWorker: flushIndex: setUnconditionally 0 -> -1
2022-02-01 01:14:35,068 [pool-262-thread-1] INFO  segmented.SegmentedRaftLogWorker (SegmentedRaftLogWorker.java:lambda$new$0(133)) - 39fc65de-49e5-4d05-a568-f4cf96421ecb@group-59F78DEF6184-SegmentedRaftLogWorker: safeCacheEvictIndex: setUnconditionally 0 -> -1
2022-02-01 01:14:35,072 [pool-262-thread-1] INFO  server.RaftServerConfigKeys (ConfUtils.java:logGet(44)) - raft.server.snapshot.auto.trigger.enabled = true (custom)
2022-02-01 01:14:35,072 [pool-262-thread-1] INFO  server.RaftServerConfigKeys (ConfUtils.java:logGet(44)) - raft.server.snapshot.auto.trigger.threshold = 10000 (custom)
2022-02-01 01:14:35,072 [pool-262-thread-1] INFO  server.RaftServerConfigKeys (ConfUtils.java:logGet(44)) - raft.server.snapshot.retention.file.num = 5 (custom)
2022-02-01 01:14:35,072 [pool-262-thread-1] INFO  server.RaftServerConfigKeys (ConfUtils.java:logGet(44)) - raft.server.log.purge.upto.snapshot.index = false (default)
2022-02-01 01:14:35,072 [pool-262-thread-1] INFO  server.RaftServerConfigKeys (ConfUtils.java:logGet(44)) - raft.server.retrycache.expirytime = 600000ms (custom)
2022-02-01 01:14:35,072 [pool-262-thread-1] INFO  server.RaftServerConfigKeys (ConfUtils.java:logGet(44)) - raft.server.retrycache.statistics.expirytime = 100μs (default)
2022-02-01 01:14:35,074 [pool-262-thread-1] INFO  server.RaftServer$Division (RaftServerImpl.java:start(301)) - 39fc65de-49e5-4d05-a568-f4cf96421ecb@group-59F78DEF6184: start as a follower, conf=-1: [39fc65de-49e5-4d05-a568-f4cf96421ecb|rpc:10.1.0.7:44069|priority:1], old=null
2022-02-01 01:14:35,074 [pool-262-thread-1] INFO  server.RaftServer$Division (RaftServerImpl.java:setRole(290)) - 39fc65de-49e5-4d05-a568-f4cf96421ecb@group-59F78DEF6184: changes role from      null to FOLLOWER at term 0 for startAsFollower
2022-02-01 01:14:35,074 [pool-262-thread-1] INFO  impl.RoleInfo (RoleInfo.java:updateAndGet(130)) - 39fc65de-49e5-4d05-a568-f4cf96421ecb: start 39fc65de-49e5-4d05-a568-f4cf96421ecb@group-59F78DEF6184-FollowerState
2022-02-01 01:14:35,081 [pool-262-thread-1] INFO  util.JmxRegister (JmxRegister.java:tryRegister(44)) - Successfully registered JMX Bean with object name Ratis:service=RaftServer,group=group-59F78DEF6184,id=39fc65de-49e5-4d05-a568-f4cf96421ecb
2022-02-01 01:14:35,084 [Command processor thread] INFO  ratis.XceiverServerRatis (XceiverServerRatis.java:addGroup(768)) - Created group PipelineID=d37b6262-bc4d-477a-ad21-59f78def6184
2022-02-01 01:14:35,084 [Command processor thread] INFO  commandhandler.CreatePipelineCommandHandler (CreatePipelineCommandHandler.java:handle(106)) - Created Pipeline RATIS ONE PipelineID=d37b6262-bc4d-477a-ad21-59f78def6184.
2022-02-01 01:14:35,427 [Listener at 127.0.0.1/34793] INFO  ozone.MiniOzoneClusterImpl (MiniOzoneClusterImpl.java:lambda$waitForClusterToBeReady$0(219)) - Nodes are ready. Got 3 of 3 DN Heartbeats.
2022-02-01 01:14:35,427 [Listener at 127.0.0.1/34793] INFO  ozone.MiniOzoneClusterImpl (MiniOzoneClusterImpl.java:lambda$waitForClusterToBeReady$0(222)) - Waiting for cluster to exit safe mode
2022-02-01 01:14:35,428 [Listener at 127.0.0.1/34793] INFO  ozone.MiniOzoneClusterImpl (MiniOzoneClusterImpl.java:lambda$waitForClusterToBeReady$0(224)) - SCM became leader
2022-02-01 01:14:35,436 [Command processor thread] INFO  server.RaftServer (RaftServerProxy.java:addNew(95)) - aad00493-843f-40cd-b56e-bcb32a0b843f: addNew group-C773A3C5CFB0:[aad00493-843f-40cd-b56e-bcb32a0b843f|rpc:10.1.0.7:46817|priority:1] returns group-C773A3C5CFB0:java.util.concurrent.CompletableFuture@27934323[Not completed]
2022-02-01 01:14:35,437 [pool-283-thread-1] INFO  server.RaftServer$Division (RaftServerImpl.java:<init>(184)) - aad00493-843f-40cd-b56e-bcb32a0b843f: new RaftServerImpl for group-C773A3C5CFB0:[aad00493-843f-40cd-b56e-bcb32a0b843f|rpc:10.1.0.7:46817|priority:1] with ContainerStateMachine:uninitialized
2022-02-01 01:14:35,437 [pool-283-thread-1] INFO  server.RaftServerConfigKeys (ConfUtils.java:logGet(44)) - raft.server.rpc.timeout.min = 5s (custom)
2022-02-01 01:14:35,437 [pool-283-thread-1] INFO  server.RaftServerConfigKeys (ConfUtils.java:logGet(44)) - raft.server.rpc.timeout.max = 5200ms (custom)
2022-02-01 01:14:35,437 [pool-283-thread-1] INFO  server.RaftServerConfigKeys (ConfUtils.java:logGet(44)) - raft.server.rpc.sleep.time = 25ms (default)
2022-02-01 01:14:35,437 [pool-283-thread-1] INFO  server.RaftServerConfigKeys (ConfUtils.java:logGet(44)) - raft.server.rpc.slowness.timeout = 300s (custom)
2022-02-01 01:14:35,437 [pool-283-thread-1] INFO  server.RaftServerConfigKeys (ConfUtils.java:logGet(44)) - raft.server.leaderelection.leader.step-down.wait-time = 10s (default)
2022-02-01 01:14:35,437 [pool-283-thread-1] INFO  server.RaftServerConfigKeys (ConfUtils.java:logGet(44)) - raft.server.sleep.deviation.threshold = 300ms (default)
2022-02-01 01:14:35,437 [pool-283-thread-1] INFO  server.RaftServerConfigKeys (ConfUtils.java:logGet(44)) - raft.server.log.appender.install.snapshot.enabled = false (custom)
2022-02-01 01:14:35,437 [pool-283-thread-1] INFO  server.RaftServer$Division (ServerState.java:<init>(105)) - aad00493-843f-40cd-b56e-bcb32a0b843f@group-C773A3C5CFB0: ConfigurationManager, init=-1: [aad00493-843f-40cd-b56e-bcb32a0b843f|rpc:10.1.0.7:46817|priority:1], old=null, confs=<EMPTY_MAP>
2022-02-01 01:14:35,437 [pool-283-thread-1] INFO  server.RaftServerConfigKeys (ConfUtils.java:logGet(44)) - raft.server.storage.dir = [/home/runner/work/ozone/ozone/hadoop-ozone/integration-test/target/test-dir/MiniOzoneClusterImpl-72297f51-d642-4b09-97fa-35b2ed17483c/datanode-2/data/ratis] (custom)
2022-02-01 01:14:35,437 [pool-283-thread-1] INFO  server.RaftServerConfigKeys (ConfUtils.java:logGet(44)) - raft.server.log.corruption.policy = EXCEPTION (default)
2022-02-01 01:14:35,438 [pool-283-thread-1] INFO  server.RaftServerConfigKeys (ConfUtils.java:logGet(44)) - raft.server.storage.free-space.min = 0MB (=0) (default)
2022-02-01 01:14:35,438 [pool-283-thread-1] INFO  storage.RaftStorageDirectory (RaftStorageDirectoryImpl.java:analyzeStorage(135)) - The storage directory /home/runner/work/ozone/ozone/hadoop-ozone/integration-test/target/test-dir/MiniOzoneClusterImpl-72297f51-d642-4b09-97fa-35b2ed17483c/datanode-2/data/ratis/73965efa-c7e6-4072-9cd7-c773a3c5cfb0 does not exist. Creating ...
2022-02-01 01:14:35,439 [pool-283-thread-1] INFO  storage.RaftStorageDirectory (RaftStorageDirectoryImpl.java:tryLock(230)) - Lock on /home/runner/work/ozone/ozone/hadoop-ozone/integration-test/target/test-dir/MiniOzoneClusterImpl-72297f51-d642-4b09-97fa-35b2ed17483c/datanode-2/data/ratis/73965efa-c7e6-4072-9cd7-c773a3c5cfb0/in_use.lock acquired by nodename 23777@fv-az151-917
2022-02-01 01:14:35,440 [pool-283-thread-1] INFO  storage.RaftStorage (RaftStorageImpl.java:format(89)) - Storage directory /home/runner/work/ozone/ozone/hadoop-ozone/integration-test/target/test-dir/MiniOzoneClusterImpl-72297f51-d642-4b09-97fa-35b2ed17483c/datanode-2/data/ratis/73965efa-c7e6-4072-9cd7-c773a3c5cfb0 has been successfully formatted.
2022-02-01 01:14:35,440 [pool-283-thread-1] INFO  ratis.ContainerStateMachine (ContainerStateMachine.java:loadSnapshot(231)) - group-C773A3C5CFB0: The snapshot info is null. Setting the last applied indexto:(t:0, i:~)
2022-02-01 01:14:35,440 [pool-283-thread-1] INFO  server.RaftServerConfigKeys (ConfUtils.java:logGet(44)) - raft.server.notification.no-leader.timeout = 300s (custom)
2022-02-01 01:14:35,440 [pool-283-thread-1] INFO  server.RaftServerConfigKeys (ConfUtils.java:logGet(44)) - raft.server.log.use.memory = false (default)
2022-02-01 01:14:35,441 [pool-283-thread-1] INFO  server.RaftServerConfigKeys (ConfUtils.java:logGet(44)) - raft.server.log.purge.gap = 1000000 (custom)
2022-02-01 01:14:35,441 [pool-283-thread-1] INFO  server.RaftServerConfigKeys (ConfUtils.java:logGet(44)) - raft.server.log.appender.buffer.byte-limit = 33554432 (custom)
2022-02-01 01:14:35,441 [pool-283-thread-1] INFO  server.RaftServerConfigKeys (ConfUtils.java:logGet(44)) - raft.server.log.segment.size.max = 1048576 (custom)
2022-02-01 01:14:35,441 [pool-283-thread-1] INFO  server.RaftServerConfigKeys (ConfUtils.java:logGet(44)) - raft.server.log.segment.cache.num.max = 2 (custom)
2022-02-01 01:14:35,441 [pool-283-thread-1] INFO  server.RaftServerConfigKeys (ConfUtils.java:logGet(44)) - raft.server.log.segment.cache.size.max = 200MB (=209715200) (default)
2022-02-01 01:14:35,441 [pool-283-thread-1] INFO  segmented.SegmentedRaftLogWorker (SegmentedRaftLogWorker.java:<init>(182)) - new aad00493-843f-40cd-b56e-bcb32a0b843f@group-C773A3C5CFB0-SegmentedRaftLogWorker for RaftStorageImpl:Storage Directory /home/runner/work/ozone/ozone/hadoop-ozone/integration-test/target/test-dir/MiniOzoneClusterImpl-72297f51-d642-4b09-97fa-35b2ed17483c/datanode-2/data/ratis/73965efa-c7e6-4072-9cd7-c773a3c5cfb0
2022-02-01 01:14:35,441 [pool-283-thread-1] INFO  server.RaftServerConfigKeys (ConfUtils.java:logGet(44)) - raft.server.log.queue.byte-limit = 2147483647 (custom)
2022-02-01 01:14:35,441 [pool-283-thread-1] INFO  server.RaftServerConfigKeys (ConfUtils.java:logGet(44)) - raft.server.log.queue.element-limit = 1024 (custom)
2022-02-01 01:14:35,441 [pool-283-thread-1] INFO  server.RaftServerConfigKeys (ConfUtils.java:logGet(44)) - raft.server.log.segment.size.max = 1048576 (custom)
2022-02-01 01:14:35,442 [pool-283-thread-1] INFO  server.RaftServerConfigKeys (ConfUtils.java:logGet(44)) - raft.server.log.preallocated.size = 16384 (custom)
2022-02-01 01:14:35,442 [pool-283-thread-1] INFO  server.RaftServerConfigKeys (ConfUtils.java:logGet(44)) - raft.server.log.force.sync.num = 128 (default)
2022-02-01 01:14:35,442 [pool-283-thread-1] INFO  server.RaftServerConfigKeys (ConfUtils.java:logGet(44)) - raft.server.log.statemachine.data.sync = true (default)
2022-02-01 01:14:35,442 [pool-283-thread-1] INFO  server.RaftServerConfigKeys (ConfUtils.java:logGet(44)) - raft.server.log.statemachine.data.sync.timeout = 10s (default)
2022-02-01 01:14:35,442 [pool-283-thread-1] INFO  server.RaftServerConfigKeys (ConfUtils.java:logGet(44)) - raft.server.log.statemachine.data.sync.timeout.retry = -1 (default)
2022-02-01 01:14:35,442 [EventQueue-PipelineReportForPipelineReportHandler] INFO  pipeline.PipelineManagerImpl (PipelineManagerImpl.java:openPipeline(291)) - Pipeline Pipeline[ Id: 73965efa-c7e6-4072-9cd7-c773a3c5cfb0, Nodes: aad00493-843f-40cd-b56e-bcb32a0b843f{ip: 10.1.0.7, host: fv-az151-917.yf2hydr00wburbhx3j5hxtcipe.bx.internal.cloudapp.net, ports: [REPLICATION=40523, RATIS=46817, RATIS_ADMIN=46817, RATIS_SERVER=46817, STANDALONE=34327], networkLocation: /default-rack, certSerialId: null, persistedOpState: IN_SERVICE, persistedOpStateExpiryEpochSec: 0}, ReplicationConfig: RATIS/ONE, State:ALLOCATED, leaderId:aad00493-843f-40cd-b56e-bcb32a0b843f, CreationTimestamp2022-02-01T01:14:32.445Z[Etc/UTC]] moved to OPEN state
2022-02-01 01:14:35,443 [pool-283-thread-1] INFO  server.RaftServerConfigKeys (ConfUtils.java:logGet(44)) - raft.server.log.write.buffer.size = 1048576 (custom)
2022-02-01 01:14:35,443 [pool-283-thread-1] INFO  server.RaftServerConfigKeys (ConfUtils.java:logGet(44)) - raft.server.log.statemachine.data.caching.enabled = true (custom)
2022-02-01 01:14:35,444 [pool-283-thread-1] INFO  segmented.SegmentedRaftLogWorker (SegmentedRaftLogWorker.java:lambda$new$0(133)) - aad00493-843f-40cd-b56e-bcb32a0b843f@group-C773A3C5CFB0-SegmentedRaftLogWorker: flushIndex: setUnconditionally 0 -> -1
2022-02-01 01:14:35,444 [pool-283-thread-1] INFO  segmented.SegmentedRaftLogWorker (SegmentedRaftLogWorker.java:lambda$new$0(133)) - aad00493-843f-40cd-b56e-bcb32a0b843f@group-C773A3C5CFB0-SegmentedRaftLogWorker: safeCacheEvictIndex: setUnconditionally 0 -> -1
2022-02-01 01:14:35,445 [b34924e2-f0b8-44a8-9154-7e30bb998241@group-35B2ED17483C-StateMachineUpdater] INFO  safemode.HealthyPipelineSafeModeRule (HealthyPipelineSafeModeRule.java:initializeRule(152)) - Refreshed total pipeline count is 0, healthy pipeline threshold count is 1
2022-02-01 01:14:35,468 [EventQueue-PipelineReportForPipelineReportHandler] INFO  ha.SCMHAInvocationHandler (SCMHAInvocationHandler.java:invokeRatis(113)) - Invoking method public abstract void org.apache.hadoop.hdds.scm.pipeline.PipelineStateManager.updatePipelineState(org.apache.hadoop.hdds.protocol.proto.HddsProtos$PipelineID,org.apache.hadoop.hdds.protocol.proto.HddsProtos$PipelineState) throws java.io.IOException on target org.apache.hadoop.hdds.scm.ha.SCMRatisServerImpl@70f7ea22, cost 25598.722us
2022-02-01 01:14:35,468 [EventQueue-OpenPipelineForHealthyPipelineSafeModeRule] INFO  safemode.SCMSafeModeManager (HealthyPipelineSafeModeRule.java:process(124)) - SCM in safe mode. Healthy pipelines reported count is 0, required healthy pipeline reported count is 1
2022-02-01 01:14:35,469 [pool-283-thread-1] INFO  server.RaftServerConfigKeys (ConfUtils.java:logGet(44)) - raft.server.snapshot.auto.trigger.enabled = true (custom)
2022-02-01 01:14:35,469 [pool-283-thread-1] INFO  server.RaftServerConfigKeys (ConfUtils.java:logGet(44)) - raft.server.snapshot.auto.trigger.threshold = 10000 (custom)
2022-02-01 01:14:35,469 [pool-283-thread-1] INFO  server.RaftServerConfigKeys (ConfUtils.java:logGet(44)) - raft.server.snapshot.retention.file.num = 5 (custom)
2022-02-01 01:14:35,469 [pool-283-thread-1] INFO  server.RaftServerConfigKeys (ConfUtils.java:logGet(44)) - raft.server.log.purge.upto.snapshot.index = false (default)
2022-02-01 01:14:35,469 [pool-283-thread-1] INFO  server.RaftServerConfigKeys (ConfUtils.java:logGet(44)) - raft.server.retrycache.expirytime = 600000ms (custom)
2022-02-01 01:14:35,469 [pool-283-thread-1] INFO  server.RaftServerConfigKeys (ConfUtils.java:logGet(44)) - raft.server.retrycache.statistics.expirytime = 100μs (default)
2022-02-01 01:14:35,470 [pool-283-thread-1] INFO  server.RaftServer$Division (RaftServerImpl.java:start(301)) - aad00493-843f-40cd-b56e-bcb32a0b843f@group-C773A3C5CFB0: start as a follower, conf=-1: [aad00493-843f-40cd-b56e-bcb32a0b843f|rpc:10.1.0.7:46817|priority:1], old=null
2022-02-01 01:14:35,471 [pool-283-thread-1] INFO  server.RaftServer$Division (RaftServerImpl.java:setRole(290)) - aad00493-843f-40cd-b56e-bcb32a0b843f@group-C773A3C5CFB0: changes role from      null to FOLLOWER at term 0 for startAsFollower
2022-02-01 01:14:35,471 [pool-283-thread-1] INFO  impl.RoleInfo (RoleInfo.java:updateAndGet(130)) - aad00493-843f-40cd-b56e-bcb32a0b843f: start aad00493-843f-40cd-b56e-bcb32a0b843f@group-C773A3C5CFB0-FollowerState
2022-02-01 01:14:35,480 [pool-283-thread-1] INFO  util.JmxRegister (JmxRegister.java:tryRegister(44)) - Successfully registered JMX Bean with object name Ratis:service=RaftServer,group=group-C773A3C5CFB0,id=aad00493-843f-40cd-b56e-bcb32a0b843f
2022-02-01 01:14:35,481 [Command processor thread] INFO  ratis.XceiverServerRatis (XceiverServerRatis.java:addGroup(768)) - Created group PipelineID=73965efa-c7e6-4072-9cd7-c773a3c5cfb0
2022-02-01 01:14:35,481 [Command processor thread] INFO  commandhandler.CreatePipelineCommandHandler (CreatePipelineCommandHandler.java:handle(106)) - Created Pipeline RATIS ONE PipelineID=73965efa-c7e6-4072-9cd7-c773a3c5cfb0.
2022-02-01 01:14:36,428 [Listener at 127.0.0.1/34793] INFO  ozone.MiniOzoneClusterImpl (MiniOzoneClusterImpl.java:lambda$waitForClusterToBeReady$0(219)) - Nodes are ready. Got 3 of 3 DN Heartbeats.
2022-02-01 01:14:36,428 [Listener at 127.0.0.1/34793] INFO  ozone.MiniOzoneClusterImpl (MiniOzoneClusterImpl.java:lambda$waitForClusterToBeReady$0(222)) - Waiting for cluster to exit safe mode
2022-02-01 01:14:36,428 [Listener at 127.0.0.1/34793] INFO  ozone.MiniOzoneClusterImpl (MiniOzoneClusterImpl.java:lambda$waitForClusterToBeReady$0(224)) - SCM became leader
2022-02-01 01:14:37,428 [Listener at 127.0.0.1/34793] INFO  ozone.MiniOzoneClusterImpl (MiniOzoneClusterImpl.java:lambda$waitForClusterToBeReady$0(219)) - Nodes are ready. Got 3 of 3 DN Heartbeats.
2022-02-01 01:14:37,429 [Listener at 127.0.0.1/34793] INFO  ozone.MiniOzoneClusterImpl (MiniOzoneClusterImpl.java:lambda$waitForClusterToBeReady$0(222)) - Waiting for cluster to exit safe mode
2022-02-01 01:14:37,429 [Listener at 127.0.0.1/34793] INFO  ozone.MiniOzoneClusterImpl (MiniOzoneClusterImpl.java:lambda$waitForClusterToBeReady$0(224)) - SCM became leader
2022-02-01 01:14:38,429 [Listener at 127.0.0.1/34793] INFO  ozone.MiniOzoneClusterImpl (MiniOzoneClusterImpl.java:lambda$waitForClusterToBeReady$0(219)) - Nodes are ready. Got 3 of 3 DN Heartbeats.
2022-02-01 01:14:38,429 [Listener at 127.0.0.1/34793] INFO  ozone.MiniOzoneClusterImpl (MiniOzoneClusterImpl.java:lambda$waitForClusterToBeReady$0(222)) - Waiting for cluster to exit safe mode
2022-02-01 01:14:38,429 [Listener at 127.0.0.1/34793] INFO  ozone.MiniOzoneClusterImpl (MiniOzoneClusterImpl.java:lambda$waitForClusterToBeReady$0(224)) - SCM became leader
2022-02-01 01:14:39,429 [Listener at 127.0.0.1/34793] INFO  ozone.MiniOzoneClusterImpl (MiniOzoneClusterImpl.java:lambda$waitForClusterToBeReady$0(219)) - Nodes are ready. Got 3 of 3 DN Heartbeats.
2022-02-01 01:14:39,430 [Listener at 127.0.0.1/34793] INFO  ozone.MiniOzoneClusterImpl (MiniOzoneClusterImpl.java:lambda$waitForClusterToBeReady$0(222)) - Waiting for cluster to exit safe mode
2022-02-01 01:14:39,430 [Listener at 127.0.0.1/34793] INFO  ozone.MiniOzoneClusterImpl (MiniOzoneClusterImpl.java:lambda$waitForClusterToBeReady$0(224)) - SCM became leader
2022-02-01 01:14:39,753 [08f587f6-d3d0-450e-bf31-fc9adbdb5c63@group-9692ADC771AD-FollowerState] INFO  impl.FollowerState (FollowerState.java:run(134)) - 08f587f6-d3d0-450e-bf31-fc9adbdb5c63@group-9692ADC771AD-FollowerState: change to CANDIDATE, lastRpcElapsedTime:5064826300ns, electionTimeout:5057ms
2022-02-01 01:14:39,754 [08f587f6-d3d0-450e-bf31-fc9adbdb5c63@group-9692ADC771AD-FollowerState] INFO  impl.RoleInfo (RoleInfo.java:shutdownFollowerState(108)) - 08f587f6-d3d0-450e-bf31-fc9adbdb5c63: shutdown 08f587f6-d3d0-450e-bf31-fc9adbdb5c63@group-9692ADC771AD-FollowerState
2022-02-01 01:14:39,754 [08f587f6-d3d0-450e-bf31-fc9adbdb5c63@group-9692ADC771AD-FollowerState] INFO  server.RaftServer$Division (RaftServerImpl.java:setRole(290)) - 08f587f6-d3d0-450e-bf31-fc9adbdb5c63@group-9692ADC771AD: changes role from  FOLLOWER to CANDIDATE at term 0 for changeToCandidate
2022-02-01 01:14:39,754 [08f587f6-d3d0-450e-bf31-fc9adbdb5c63@group-9692ADC771AD-FollowerState] INFO  server.RaftServerConfigKeys (ConfUtils.java:logGet(44)) - raft.server.leaderelection.pre-vote = false (custom)
2022-02-01 01:14:39,754 [08f587f6-d3d0-450e-bf31-fc9adbdb5c63@group-9692ADC771AD-FollowerState] INFO  impl.RoleInfo (RoleInfo.java:updateAndGet(130)) - 08f587f6-d3d0-450e-bf31-fc9adbdb5c63: start 08f587f6-d3d0-450e-bf31-fc9adbdb5c63@group-9692ADC771AD-LeaderElection15
2022-02-01 01:14:39,769 [08f587f6-d3d0-450e-bf31-fc9adbdb5c63@group-9692ADC771AD-LeaderElection15] INFO  impl.LeaderElection (LeaderElection.java:askForVotes(306)) - 08f587f6-d3d0-450e-bf31-fc9adbdb5c63@group-9692ADC771AD-LeaderElection15 ELECTION round 0: submit vote requests at term 1 for -1: [08f587f6-d3d0-450e-bf31-fc9adbdb5c63|rpc:10.1.0.7:35597|priority:1], old=null
2022-02-01 01:14:39,769 [08f587f6-d3d0-450e-bf31-fc9adbdb5c63@group-9692ADC771AD-LeaderElection15] INFO  impl.LeaderElection (LeaderElection.java:askForVotes(308)) - 08f587f6-d3d0-450e-bf31-fc9adbdb5c63@group-9692ADC771AD-LeaderElection15 ELECTION round 0: result PASSED (term=1)
2022-02-01 01:14:39,769 [08f587f6-d3d0-450e-bf31-fc9adbdb5c63@group-9692ADC771AD-LeaderElection15] INFO  impl.RoleInfo (RoleInfo.java:shutdownLeaderElection(121)) - 08f587f6-d3d0-450e-bf31-fc9adbdb5c63: shutdown 08f587f6-d3d0-450e-bf31-fc9adbdb5c63@group-9692ADC771AD-LeaderElection15
2022-02-01 01:14:39,769 [08f587f6-d3d0-450e-bf31-fc9adbdb5c63@group-9692ADC771AD-LeaderElection15] INFO  server.RaftServer$Division (RaftServerImpl.java:setRole(290)) - 08f587f6-d3d0-450e-bf31-fc9adbdb5c63@group-9692ADC771AD: changes role from CANDIDATE to LEADER at term 1 for changeToLeader
2022-02-01 01:14:39,769 [08f587f6-d3d0-450e-bf31-fc9adbdb5c63@group-9692ADC771AD-LeaderElection15] INFO  ratis.XceiverServerRatis (XceiverServerRatis.java:handleLeaderChangedNotification(866)) - Leader change notification received for group: group-9692ADC771AD with new leaderId: 08f587f6-d3d0-450e-bf31-fc9adbdb5c63
2022-02-01 01:14:39,769 [08f587f6-d3d0-450e-bf31-fc9adbdb5c63@group-9692ADC771AD-LeaderElection15] INFO  server.RaftServer$Division (ServerState.java:setLeader(285)) - 08f587f6-d3d0-450e-bf31-fc9adbdb5c63@group-9692ADC771AD: change Leader from null to 08f587f6-d3d0-450e-bf31-fc9adbdb5c63 at term 1 for becomeLeader, leader elected after 5131ms
2022-02-01 01:14:39,770 [08f587f6-d3d0-450e-bf31-fc9adbdb5c63@group-9692ADC771AD-LeaderElection15] INFO  server.RaftServerConfigKeys (ConfUtils.java:logGet(44)) - raft.server.staging.catchup.gap = 1000 (default)
2022-02-01 01:14:39,771 [08f587f6-d3d0-450e-bf31-fc9adbdb5c63@group-9692ADC771AD-LeaderElection15] INFO  server.RaftServerConfigKeys (ConfUtils.java:logGet(44)) - raft.server.write.element-limit = 1024 (custom)
2022-02-01 01:14:39,771 [08f587f6-d3d0-450e-bf31-fc9adbdb5c63@group-9692ADC771AD-LeaderElection15] INFO  server.RaftServerConfigKeys (ConfUtils.java:logGet(44)) - raft.server.write.byte-limit = 1024 M (=1073741824) (custom)
2022-02-01 01:14:39,771 [EventQueue-OpenPipelineForHealthyPipelineSafeModeRule] INFO  safemode.SCMSafeModeManager (HealthyPipelineSafeModeRule.java:process(124)) - SCM in safe mode. Healthy pipelines reported count is 0, required healthy pipeline reported count is 1
2022-02-01 01:14:39,774 [08f587f6-d3d0-450e-bf31-fc9adbdb5c63@group-9692ADC771AD-LeaderElection15] INFO  server.RaftServerConfigKeys (ConfUtils.java:logGet(44)) - raft.server.watch.timeout = 180s (custom)
2022-02-01 01:14:39,774 [08f587f6-d3d0-450e-bf31-fc9adbdb5c63@group-9692ADC771AD-LeaderElection15] INFO  server.RaftServerConfigKeys (ConfUtils.java:logGet(44)) - raft.server.watch.timeout.denomination = 1s (default)
2022-02-01 01:14:39,778 [08f587f6-d3d0-450e-bf31-fc9adbdb5c63@group-9692ADC771AD-LeaderElection15] INFO  server.RaftServerConfigKeys (ConfUtils.java:logGet(44)) - raft.server.watch.element-limit = 65536 (default)
2022-02-01 01:14:39,779 [08f587f6-d3d0-450e-bf31-fc9adbdb5c63@group-9692ADC771AD-LeaderElection15] INFO  server.RaftServerConfigKeys (ConfUtils.java:logGet(44)) - raft.server.write.element-limit = 1024 (custom)
2022-02-01 01:14:39,779 [08f587f6-d3d0-450e-bf31-fc9adbdb5c63@group-9692ADC771AD-LeaderElection15] INFO  server.RaftServerConfigKeys (ConfUtils.java:logGet(44)) - raft.server.write.follower.gap.ratio.max = -1.0 (default)
2022-02-01 01:14:39,779 [08f587f6-d3d0-450e-bf31-fc9adbdb5c63@group-9692ADC771AD-LeaderElection15] INFO  impl.RoleInfo (RoleInfo.java:updateAndGet(130)) - 08f587f6-d3d0-450e-bf31-fc9adbdb5c63: start 08f587f6-d3d0-450e-bf31-fc9adbdb5c63@group-9692ADC771AD-LeaderStateImpl
2022-02-01 01:14:39,779 [08f587f6-d3d0-450e-bf31-fc9adbdb5c63@group-9692ADC771AD-LeaderElection15] INFO  segmented.SegmentedRaftLogWorker (SegmentedRaftLogWorker.java:startLogSegment(394)) - 08f587f6-d3d0-450e-bf31-fc9adbdb5c63@group-9692ADC771AD-SegmentedRaftLogWorker: Starting segment from index:0
2022-02-01 01:14:39,780 [08f587f6-d3d0-450e-bf31-fc9adbdb5c63@group-9692ADC771AD-SegmentedRaftLogWorker] INFO  segmented.SegmentedRaftLogWorker (SegmentedRaftLogWorker.java:execute(601)) - 08f587f6-d3d0-450e-bf31-fc9adbdb5c63@group-9692ADC771AD-SegmentedRaftLogWorker: created new log segment /home/runner/work/ozone/ozone/hadoop-ozone/integration-test/target/test-dir/MiniOzoneClusterImpl-72297f51-d642-4b09-97fa-35b2ed17483c/datanode-0/data/ratis/f66db01d-d690-48bc-bb42-9692adc771ad/current/log_inprogress_0
2022-02-01 01:14:39,808 [08f587f6-d3d0-450e-bf31-fc9adbdb5c63@group-9692ADC771AD-LeaderElection15] INFO  server.RaftServer$Division (ServerState.java:setRaftConf(387)) - 08f587f6-d3d0-450e-bf31-fc9adbdb5c63@group-9692ADC771AD: set configuration 0: [08f587f6-d3d0-450e-bf31-fc9adbdb5c63|rpc:10.1.0.7:35597|dataStream:|priority:1], old=null
2022-02-01 01:14:39,860 [39fc65de-49e5-4d05-a568-f4cf96421ecb@group-56FEA48B3F6C-FollowerState] INFO  impl.FollowerState (FollowerState.java:run(134)) - 39fc65de-49e5-4d05-a568-f4cf96421ecb@group-56FEA48B3F6C-FollowerState: change to CANDIDATE, lastRpcElapsedTime:5057175170ns, electionTimeout:5056ms
2022-02-01 01:14:39,860 [39fc65de-49e5-4d05-a568-f4cf96421ecb@group-56FEA48B3F6C-FollowerState] INFO  impl.RoleInfo (RoleInfo.java:shutdownFollowerState(108)) - 39fc65de-49e5-4d05-a568-f4cf96421ecb: shutdown 39fc65de-49e5-4d05-a568-f4cf96421ecb@group-56FEA48B3F6C-FollowerState
2022-02-01 01:14:39,860 [39fc65de-49e5-4d05-a568-f4cf96421ecb@group-56FEA48B3F6C-FollowerState] INFO  server.RaftServer$Division (RaftServerImpl.java:setRole(290)) - 39fc65de-49e5-4d05-a568-f4cf96421ecb@group-56FEA48B3F6C: changes role from  FOLLOWER to CANDIDATE at term 0 for changeToCandidate
2022-02-01 01:14:39,860 [39fc65de-49e5-4d05-a568-f4cf96421ecb@group-56FEA48B3F6C-FollowerState] INFO  server.RaftServerConfigKeys (ConfUtils.java:logGet(44)) - raft.server.leaderelection.pre-vote = false (custom)
2022-02-01 01:14:39,860 [39fc65de-49e5-4d05-a568-f4cf96421ecb@group-56FEA48B3F6C-FollowerState] INFO  impl.RoleInfo (RoleInfo.java:updateAndGet(130)) - 39fc65de-49e5-4d05-a568-f4cf96421ecb: start 39fc65de-49e5-4d05-a568-f4cf96421ecb@group-56FEA48B3F6C-LeaderElection16
2022-02-01 01:14:39,880 [08f587f6-d3d0-450e-bf31-fc9adbdb5c63@group-56FEA48B3F6C-FollowerState] INFO  impl.FollowerState (FollowerState.java:run(134)) - 08f587f6-d3d0-450e-bf31-fc9adbdb5c63@group-56FEA48B3F6C-FollowerState: change to CANDIDATE, lastRpcElapsedTime:5150295406ns, electionTimeout:5141ms
2022-02-01 01:14:39,895 [08f587f6-d3d0-450e-bf31-fc9adbdb5c63@group-56FEA48B3F6C-FollowerState] INFO  impl.RoleInfo (RoleInfo.java:shutdownFollowerState(108)) - 08f587f6-d3d0-450e-bf31-fc9adbdb5c63: shutdown 08f587f6-d3d0-450e-bf31-fc9adbdb5c63@group-56FEA48B3F6C-FollowerState
2022-02-01 01:14:39,895 [08f587f6-d3d0-450e-bf31-fc9adbdb5c63@group-56FEA48B3F6C-FollowerState] INFO  server.RaftServer$Division (RaftServerImpl.java:setRole(290)) - 08f587f6-d3d0-450e-bf31-fc9adbdb5c63@group-56FEA48B3F6C: changes role from  FOLLOWER to CANDIDATE at term 0 for changeToCandidate
2022-02-01 01:14:39,895 [08f587f6-d3d0-450e-bf31-fc9adbdb5c63@group-56FEA48B3F6C-FollowerState] INFO  server.RaftServerConfigKeys (ConfUtils.java:logGet(44)) - raft.server.leaderelection.pre-vote = false (custom)
2022-02-01 01:14:39,895 [08f587f6-d3d0-450e-bf31-fc9adbdb5c63@group-56FEA48B3F6C-FollowerState] INFO  impl.RoleInfo (RoleInfo.java:updateAndGet(130)) - 08f587f6-d3d0-450e-bf31-fc9adbdb5c63: start 08f587f6-d3d0-450e-bf31-fc9adbdb5c63@group-56FEA48B3F6C-LeaderElection17
2022-02-01 01:14:39,896 [39fc65de-49e5-4d05-a568-f4cf96421ecb@group-56FEA48B3F6C-LeaderElection16] INFO  impl.LeaderElection (LeaderElection.java:askForVotes(306)) - 39fc65de-49e5-4d05-a568-f4cf96421ecb@group-56FEA48B3F6C-LeaderElection16 ELECTION round 0: submit vote requests at term 1 for -1: [39fc65de-49e5-4d05-a568-f4cf96421ecb|rpc:10.1.0.7:44069|dataStream:|priority:0, 08f587f6-d3d0-450e-bf31-fc9adbdb5c63|rpc:10.1.0.7:35597|dataStream:|priority:0, aad00493-843f-40cd-b56e-bcb32a0b843f|rpc:10.1.0.7:46817|dataStream:|priority:1], old=null
2022-02-01 01:14:39,926 [08f587f6-d3d0-450e-bf31-fc9adbdb5c63@group-56FEA48B3F6C-LeaderElection17] INFO  impl.LeaderElection (LeaderElection.java:askForVotes(306)) - 08f587f6-d3d0-450e-bf31-fc9adbdb5c63@group-56FEA48B3F6C-LeaderElection17 ELECTION round 0: submit vote requests at term 1 for -1: [39fc65de-49e5-4d05-a568-f4cf96421ecb|rpc:10.1.0.7:44069|priority:0, 08f587f6-d3d0-450e-bf31-fc9adbdb5c63|rpc:10.1.0.7:35597|priority:0, aad00493-843f-40cd-b56e-bcb32a0b843f|rpc:10.1.0.7:46817|priority:1], old=null
2022-02-01 01:14:39,989 [aad00493-843f-40cd-b56e-bcb32a0b843f@group-56FEA48B3F6C-FollowerState] INFO  impl.FollowerState (FollowerState.java:run(134)) - aad00493-843f-40cd-b56e-bcb32a0b843f@group-56FEA48B3F6C-FollowerState: change to CANDIDATE, lastRpcElapsedTime:5014218656ns, electionTimeout:5001ms
2022-02-01 01:14:39,993 [aad00493-843f-40cd-b56e-bcb32a0b843f@group-56FEA48B3F6C-FollowerState] INFO  impl.RoleInfo (RoleInfo.java:shutdownFollowerState(108)) - aad00493-843f-40cd-b56e-bcb32a0b843f: shutdown aad00493-843f-40cd-b56e-bcb32a0b843f@group-56FEA48B3F6C-FollowerState
2022-02-01 01:14:39,993 [aad00493-843f-40cd-b56e-bcb32a0b843f@group-56FEA48B3F6C-FollowerState] INFO  server.RaftServer$Division (RaftServerImpl.java:setRole(290)) - aad00493-843f-40cd-b56e-bcb32a0b843f@group-56FEA48B3F6C: changes role from  FOLLOWER to CANDIDATE at term 0 for changeToCandidate
2022-02-01 01:14:39,993 [aad00493-843f-40cd-b56e-bcb32a0b843f@group-56FEA48B3F6C-FollowerState] INFO  server.RaftServerConfigKeys (ConfUtils.java:logGet(44)) - raft.server.leaderelection.pre-vote = false (custom)
2022-02-01 01:14:39,993 [aad00493-843f-40cd-b56e-bcb32a0b843f@group-56FEA48B3F6C-FollowerState] INFO  impl.RoleInfo (RoleInfo.java:updateAndGet(130)) - aad00493-843f-40cd-b56e-bcb32a0b843f: start aad00493-843f-40cd-b56e-bcb32a0b843f@group-56FEA48B3F6C-LeaderElection18
2022-02-01 01:14:40,042 [grpc-default-executor-3] INFO  server.RaftServer$Division (RaftServerImpl.java:requestVote(1046)) - 08f587f6-d3d0-450e-bf31-fc9adbdb5c63@group-56FEA48B3F6C: receive requestVote(ELECTION, 39fc65de-49e5-4d05-a568-f4cf96421ecb, group-56FEA48B3F6C, 1, (t:0, i:0))
2022-02-01 01:14:40,043 [grpc-default-executor-3] INFO  impl.VoteContext (VoteContext.java:log(48)) - 08f587f6-d3d0-450e-bf31-fc9adbdb5c63@group-56FEA48B3F6C-CANDIDATE: reject ELECTION from 39fc65de-49e5-4d05-a568-f4cf96421ecb: already has voted for 08f587f6-d3d0-450e-bf31-fc9adbdb5c63 at current term 1
2022-02-01 01:14:40,043 [grpc-default-executor-3] INFO  server.RaftServer$Division (RaftServerImpl.java:requestVote(1078)) - 08f587f6-d3d0-450e-bf31-fc9adbdb5c63@group-56FEA48B3F6C replies to ELECTION vote request: 39fc65de-49e5-4d05-a568-f4cf96421ecb<-08f587f6-d3d0-450e-bf31-fc9adbdb5c63#0:FAIL-t1. Peer's state: 08f587f6-d3d0-450e-bf31-fc9adbdb5c63@group-56FEA48B3F6C:t1, leader=null, voted=08f587f6-d3d0-450e-bf31-fc9adbdb5c63, raftlog=08f587f6-d3d0-450e-bf31-fc9adbdb5c63@group-56FEA48B3F6C-SegmentedRaftLog:OPENED:c-1, conf=-1: [39fc65de-49e5-4d05-a568-f4cf96421ecb|rpc:10.1.0.7:44069|priority:0, 08f587f6-d3d0-450e-bf31-fc9adbdb5c63|rpc:10.1.0.7:35597|priority:0, aad00493-843f-40cd-b56e-bcb32a0b843f|rpc:10.1.0.7:46817|priority:1], old=null
2022-02-01 01:14:40,062 [aad00493-843f-40cd-b56e-bcb32a0b843f@group-56FEA48B3F6C-LeaderElection18] INFO  impl.LeaderElection (LeaderElection.java:askForVotes(306)) - aad00493-843f-40cd-b56e-bcb32a0b843f@group-56FEA48B3F6C-LeaderElection18 ELECTION round 0: submit vote requests at term 1 for -1: [39fc65de-49e5-4d05-a568-f4cf96421ecb|rpc:10.1.0.7:44069|dataStream:|priority:0, 08f587f6-d3d0-450e-bf31-fc9adbdb5c63|rpc:10.1.0.7:35597|dataStream:|priority:0, aad00493-843f-40cd-b56e-bcb32a0b843f|rpc:10.1.0.7:46817|dataStream:|priority:1], old=null
2022-02-01 01:14:40,087 [grpc-default-executor-0] INFO  server.RaftServer$Division (RaftServerImpl.java:requestVote(1046)) - aad00493-843f-40cd-b56e-bcb32a0b843f@group-56FEA48B3F6C: receive requestVote(ELECTION, 08f587f6-d3d0-450e-bf31-fc9adbdb5c63, group-56FEA48B3F6C, 1, (t:0, i:0))
2022-02-01 01:14:40,088 [grpc-default-executor-0] INFO  impl.VoteContext (VoteContext.java:log(48)) - aad00493-843f-40cd-b56e-bcb32a0b843f@group-56FEA48B3F6C-CANDIDATE: reject ELECTION from 08f587f6-d3d0-450e-bf31-fc9adbdb5c63: already has voted for aad00493-843f-40cd-b56e-bcb32a0b843f at current term 1
2022-02-01 01:14:40,087 [grpc-default-executor-3] INFO  server.RaftServer$Division (RaftServerImpl.java:requestVote(1046)) - 39fc65de-49e5-4d05-a568-f4cf96421ecb@group-56FEA48B3F6C: receive requestVote(ELECTION, 08f587f6-d3d0-450e-bf31-fc9adbdb5c63, group-56FEA48B3F6C, 1, (t:0, i:0))
2022-02-01 01:14:40,089 [grpc-default-executor-3] INFO  impl.VoteContext (VoteContext.java:log(48)) - 39fc65de-49e5-4d05-a568-f4cf96421ecb@group-56FEA48B3F6C-CANDIDATE: reject ELECTION from 08f587f6-d3d0-450e-bf31-fc9adbdb5c63: already has voted for 39fc65de-49e5-4d05-a568-f4cf96421ecb at current term 1
2022-02-01 01:14:40,089 [grpc-default-executor-3] INFO  server.RaftServer$Division (RaftServerImpl.java:requestVote(1078)) - 39fc65de-49e5-4d05-a568-f4cf96421ecb@group-56FEA48B3F6C replies to ELECTION vote request: 08f587f6-d3d0-450e-bf31-fc9adbdb5c63<-39fc65de-49e5-4d05-a568-f4cf96421ecb#0:FAIL-t1. Peer's state: 39fc65de-49e5-4d05-a568-f4cf96421ecb@group-56FEA48B3F6C:t1, leader=null, voted=39fc65de-49e5-4d05-a568-f4cf96421ecb, raftlog=39fc65de-49e5-4d05-a568-f4cf96421ecb@group-56FEA48B3F6C-SegmentedRaftLog:OPENED:c-1, conf=-1: [39fc65de-49e5-4d05-a568-f4cf96421ecb|rpc:10.1.0.7:44069|dataStream:|priority:0, 08f587f6-d3d0-450e-bf31-fc9adbdb5c63|rpc:10.1.0.7:35597|dataStream:|priority:0, aad00493-843f-40cd-b56e-bcb32a0b843f|rpc:10.1.0.7:46817|dataStream:|priority:1], old=null
2022-02-01 01:14:40,097 [grpc-default-executor-0] INFO  server.RaftServer$Division (RaftServerImpl.java:requestVote(1078)) - aad00493-843f-40cd-b56e-bcb32a0b843f@group-56FEA48B3F6C replies to ELECTION vote request: 08f587f6-d3d0-450e-bf31-fc9adbdb5c63<-aad00493-843f-40cd-b56e-bcb32a0b843f#0:FAIL-t1. Peer's state: aad00493-843f-40cd-b56e-bcb32a0b843f@group-56FEA48B3F6C:t1, leader=null, voted=aad00493-843f-40cd-b56e-bcb32a0b843f, raftlog=aad00493-843f-40cd-b56e-bcb32a0b843f@group-56FEA48B3F6C-SegmentedRaftLog:OPENED:c-1, conf=-1: [39fc65de-49e5-4d05-a568-f4cf96421ecb|rpc:10.1.0.7:44069|dataStream:|priority:0, 08f587f6-d3d0-450e-bf31-fc9adbdb5c63|rpc:10.1.0.7:35597|dataStream:|priority:0, aad00493-843f-40cd-b56e-bcb32a0b843f|rpc:10.1.0.7:46817|dataStream:|priority:1], old=null
2022-02-01 01:14:40,099 [grpc-default-executor-1] INFO  server.RaftServer$Division (RaftServerImpl.java:requestVote(1046)) - aad00493-843f-40cd-b56e-bcb32a0b843f@group-56FEA48B3F6C: receive requestVote(ELECTION, 39fc65de-49e5-4d05-a568-f4cf96421ecb, group-56FEA48B3F6C, 1, (t:0, i:0))
2022-02-01 01:14:40,100 [grpc-default-executor-1] INFO  impl.VoteContext (VoteContext.java:log(48)) - aad00493-843f-40cd-b56e-bcb32a0b843f@group-56FEA48B3F6C-CANDIDATE: reject ELECTION from 39fc65de-49e5-4d05-a568-f4cf96421ecb: already has voted for aad00493-843f-40cd-b56e-bcb32a0b843f at current term 1
2022-02-01 01:14:40,100 [grpc-default-executor-1] INFO  server.RaftServer$Division (RaftServerImpl.java:requestVote(1078)) - aad00493-843f-40cd-b56e-bcb32a0b843f@group-56FEA48B3F6C replies to ELECTION vote request: 39fc65de-49e5-4d05-a568-f4cf96421ecb<-aad00493-843f-40cd-b56e-bcb32a0b843f#0:FAIL-t1. Peer's state: aad00493-843f-40cd-b56e-bcb32a0b843f@group-56FEA48B3F6C:t1, leader=null, voted=aad00493-843f-40cd-b56e-bcb32a0b843f, raftlog=aad00493-843f-40cd-b56e-bcb32a0b843f@group-56FEA48B3F6C-SegmentedRaftLog:OPENED:c-1, conf=-1: [39fc65de-49e5-4d05-a568-f4cf96421ecb|rpc:10.1.0.7:44069|dataStream:|priority:0, 08f587f6-d3d0-450e-bf31-fc9adbdb5c63|rpc:10.1.0.7:35597|dataStream:|priority:0, aad00493-843f-40cd-b56e-bcb32a0b843f|rpc:10.1.0.7:46817|dataStream:|priority:1], old=null
2022-02-01 01:14:40,131 [08f587f6-d3d0-450e-bf31-fc9adbdb5c63@group-56FEA48B3F6C-LeaderElection17] INFO  impl.LeaderElection (LeaderElection.java:logAndReturn(89)) - 08f587f6-d3d0-450e-bf31-fc9adbdb5c63@group-56FEA48B3F6C-LeaderElection17: ELECTION REJECTED received 2 response(s) and 0 exception(s):
2022-02-01 01:14:40,140 [08f587f6-d3d0-450e-bf31-fc9adbdb5c63@group-56FEA48B3F6C-LeaderElection17] INFO  impl.LeaderElection (LeaderElection.java:logAndReturn(93)) -   Response 0: 08f587f6-d3d0-450e-bf31-fc9adbdb5c63<-39fc65de-49e5-4d05-a568-f4cf96421ecb#0:FAIL-t1
2022-02-01 01:14:40,140 [08f587f6-d3d0-450e-bf31-fc9adbdb5c63@group-56FEA48B3F6C-LeaderElection17] INFO  impl.LeaderElection (LeaderElection.java:logAndReturn(93)) -   Response 1: 08f587f6-d3d0-450e-bf31-fc9adbdb5c63<-aad00493-843f-40cd-b56e-bcb32a0b843f#0:FAIL-t1
2022-02-01 01:14:40,140 [grpc-default-executor-0] INFO  server.RaftServer$Division (RaftServerImpl.java:requestVote(1046)) - 39fc65de-49e5-4d05-a568-f4cf96421ecb@group-56FEA48B3F6C: receive requestVote(ELECTION, aad00493-843f-40cd-b56e-bcb32a0b843f, group-56FEA48B3F6C, 1, (t:0, i:0))
2022-02-01 01:14:40,145 [grpc-default-executor-0] INFO  impl.VoteContext (VoteContext.java:log(48)) - 39fc65de-49e5-4d05-a568-f4cf96421ecb@group-56FEA48B3F6C-CANDIDATE: reject ELECTION from aad00493-843f-40cd-b56e-bcb32a0b843f: already has voted for 39fc65de-49e5-4d05-a568-f4cf96421ecb at current term 1
2022-02-01 01:14:40,145 [grpc-default-executor-0] INFO  server.RaftServer$Division (RaftServerImpl.java:requestVote(1078)) - 39fc65de-49e5-4d05-a568-f4cf96421ecb@group-56FEA48B3F6C replies to ELECTION vote request: aad00493-843f-40cd-b56e-bcb32a0b843f<-39fc65de-49e5-4d05-a568-f4cf96421ecb#0:FAIL-t1. Peer's state: 39fc65de-49e5-4d05-a568-f4cf96421ecb@group-56FEA48B3F6C:t1, leader=null, voted=39fc65de-49e5-4d05-a568-f4cf96421ecb, raftlog=39fc65de-49e5-4d05-a568-f4cf96421ecb@group-56FEA48B3F6C-SegmentedRaftLog:OPENED:c-1, conf=-1: [39fc65de-49e5-4d05-a568-f4cf96421ecb|rpc:10.1.0.7:44069|dataStream:|priority:0, 08f587f6-d3d0-450e-bf31-fc9adbdb5c63|rpc:10.1.0.7:35597|dataStream:|priority:0, aad00493-843f-40cd-b56e-bcb32a0b843f|rpc:10.1.0.7:46817|dataStream:|priority:1], old=null
2022-02-01 01:14:40,132 [39fc65de-49e5-4d05-a568-f4cf96421ecb@group-56FEA48B3F6C-LeaderElection16] INFO  impl.LeaderElection (LeaderElection.java:logAndReturn(89)) - 39fc65de-49e5-4d05-a568-f4cf96421ecb@group-56FEA48B3F6C-LeaderElection16: ELECTION REJECTED received 2 response(s) and 0 exception(s):
2022-02-01 01:14:40,146 [39fc65de-49e5-4d05-a568-f4cf96421ecb@group-56FEA48B3F6C-LeaderElection16] INFO  impl.LeaderElection (LeaderElection.java:logAndReturn(93)) -   Response 0: 39fc65de-49e5-4d05-a568-f4cf96421ecb<-08f587f6-d3d0-450e-bf31-fc9adbdb5c63#0:FAIL-t1
2022-02-01 01:14:40,146 [39fc65de-49e5-4d05-a568-f4cf96421ecb@group-56FEA48B3F6C-LeaderElection16] INFO  impl.LeaderElection (LeaderElection.java:logAndReturn(93)) -   Response 1: 39fc65de-49e5-4d05-a568-f4cf96421ecb<-aad00493-843f-40cd-b56e-bcb32a0b843f#0:FAIL-t1
2022-02-01 01:14:40,146 [39fc65de-49e5-4d05-a568-f4cf96421ecb@group-56FEA48B3F6C-LeaderElection16] INFO  impl.LeaderElection (LeaderElection.java:askForVotes(308)) - 39fc65de-49e5-4d05-a568-f4cf96421ecb@group-56FEA48B3F6C-LeaderElection16 ELECTION round 0: result REJECTED
2022-02-01 01:14:40,146 [39fc65de-49e5-4d05-a568-f4cf96421ecb@group-56FEA48B3F6C-LeaderElection16] INFO  server.RaftServer$Division (RaftServerImpl.java:setRole(290)) - 39fc65de-49e5-4d05-a568-f4cf96421ecb@group-56FEA48B3F6C: changes role from CANDIDATE to FOLLOWER at term 1 for REJECTED
2022-02-01 01:14:40,146 [39fc65de-49e5-4d05-a568-f4cf96421ecb@group-56FEA48B3F6C-LeaderElection16] INFO  impl.RoleInfo (RoleInfo.java:shutdownLeaderElection(121)) - 39fc65de-49e5-4d05-a568-f4cf96421ecb: shutdown 39fc65de-49e5-4d05-a568-f4cf96421ecb@group-56FEA48B3F6C-LeaderElection16
2022-02-01 01:14:40,146 [39fc65de-49e5-4d05-a568-f4cf96421ecb@group-56FEA48B3F6C-LeaderElection16] INFO  impl.RoleInfo (RoleInfo.java:updateAndGet(130)) - 39fc65de-49e5-4d05-a568-f4cf96421ecb: start 39fc65de-49e5-4d05-a568-f4cf96421ecb@group-56FEA48B3F6C-FollowerState
2022-02-01 01:14:40,131 [grpc-default-executor-1] INFO  server.RaftServer$Division (RaftServerImpl.java:requestVote(1046)) - 08f587f6-d3d0-450e-bf31-fc9adbdb5c63@group-56FEA48B3F6C: receive requestVote(ELECTION, aad00493-843f-40cd-b56e-bcb32a0b843f, group-56FEA48B3F6C, 1, (t:0, i:0))
2022-02-01 01:14:40,140 [08f587f6-d3d0-450e-bf31-fc9adbdb5c63@group-56FEA48B3F6C-LeaderElection17] INFO  impl.LeaderElection (LeaderElection.java:askForVotes(308)) - 08f587f6-d3d0-450e-bf31-fc9adbdb5c63@group-56FEA48B3F6C-LeaderElection17 ELECTION round 0: result REJECTED
2022-02-01 01:14:40,157 [grpc-default-executor-1] INFO  impl.VoteContext (VoteContext.java:log(48)) - 08f587f6-d3d0-450e-bf31-fc9adbdb5c63@group-56FEA48B3F6C-CANDIDATE: reject ELECTION from aad00493-843f-40cd-b56e-bcb32a0b843f: already has voted for 08f587f6-d3d0-450e-bf31-fc9adbdb5c63 at current term 1
2022-02-01 01:14:40,158 [grpc-default-executor-1] INFO  server.RaftServer$Division (RaftServerImpl.java:requestVote(1078)) - 08f587f6-d3d0-450e-bf31-fc9adbdb5c63@group-56FEA48B3F6C replies to ELECTION vote request: aad00493-843f-40cd-b56e-bcb32a0b843f<-08f587f6-d3d0-450e-bf31-fc9adbdb5c63#0:FAIL-t1. Peer's state: 08f587f6-d3d0-450e-bf31-fc9adbdb5c63@group-56FEA48B3F6C:t1, leader=null, voted=08f587f6-d3d0-450e-bf31-fc9adbdb5c63, raftlog=08f587f6-d3d0-450e-bf31-fc9adbdb5c63@group-56FEA48B3F6C-SegmentedRaftLog:OPENED:c-1, conf=-1: [39fc65de-49e5-4d05-a568-f4cf96421ecb|rpc:10.1.0.7:44069|priority:0, 08f587f6-d3d0-450e-bf31-fc9adbdb5c63|rpc:10.1.0.7:35597|priority:0, aad00493-843f-40cd-b56e-bcb32a0b843f|rpc:10.1.0.7:46817|priority:1], old=null
2022-02-01 01:14:40,158 [08f587f6-d3d0-450e-bf31-fc9adbdb5c63@group-56FEA48B3F6C-LeaderElection17] INFO  server.RaftServer$Division (RaftServerImpl.java:setRole(290)) - 08f587f6-d3d0-450e-bf31-fc9adbdb5c63@group-56FEA48B3F6C: changes role from CANDIDATE to FOLLOWER at term 1 for REJECTED
2022-02-01 01:14:40,158 [08f587f6-d3d0-450e-bf31-fc9adbdb5c63@group-56FEA48B3F6C-LeaderElection17] INFO  impl.RoleInfo (RoleInfo.java:shutdownLeaderElection(121)) - 08f587f6-d3d0-450e-bf31-fc9adbdb5c63: shutdown 08f587f6-d3d0-450e-bf31-fc9adbdb5c63@group-56FEA48B3F6C-LeaderElection17
2022-02-01 01:14:40,158 [08f587f6-d3d0-450e-bf31-fc9adbdb5c63@group-56FEA48B3F6C-LeaderElection17] INFO  impl.RoleInfo (RoleInfo.java:updateAndGet(130)) - 08f587f6-d3d0-450e-bf31-fc9adbdb5c63: start 08f587f6-d3d0-450e-bf31-fc9adbdb5c63@group-56FEA48B3F6C-FollowerState
2022-02-01 01:14:40,161 [aad00493-843f-40cd-b56e-bcb32a0b843f@group-56FEA48B3F6C-LeaderElection18] INFO  impl.LeaderElection (LeaderElection.java:logAndReturn(89)) - aad00493-843f-40cd-b56e-bcb32a0b843f@group-56FEA48B3F6C-LeaderElection18: ELECTION REJECTED received 2 response(s) and 0 exception(s):
2022-02-01 01:14:40,180 [aad00493-843f-40cd-b56e-bcb32a0b843f@group-56FEA48B3F6C-LeaderElection18] INFO  impl.LeaderElection (LeaderElection.java:logAndReturn(93)) -   Response 0: aad00493-843f-40cd-b56e-bcb32a0b843f<-39fc65de-49e5-4d05-a568-f4cf96421ecb#0:FAIL-t1
2022-02-01 01:14:40,180 [aad00493-843f-40cd-b56e-bcb32a0b843f@group-56FEA48B3F6C-LeaderElection18] INFO  impl.LeaderElection (LeaderElection.java:logAndReturn(93)) -   Response 1: aad00493-843f-40cd-b56e-bcb32a0b843f<-08f587f6-d3d0-450e-bf31-fc9adbdb5c63#0:FAIL-t1
2022-02-01 01:14:40,180 [aad00493-843f-40cd-b56e-bcb32a0b843f@group-56FEA48B3F6C-LeaderElection18] INFO  impl.LeaderElection (LeaderElection.java:askForVotes(308)) - aad00493-843f-40cd-b56e-bcb32a0b843f@group-56FEA48B3F6C-LeaderElection18 ELECTION round 0: result REJECTED
2022-02-01 01:14:40,181 [aad00493-843f-40cd-b56e-bcb32a0b843f@group-56FEA48B3F6C-LeaderElection18] INFO  server.RaftServer$Division (RaftServerImpl.java:setRole(290)) - aad00493-843f-40cd-b56e-bcb32a0b843f@group-56FEA48B3F6C: changes role from CANDIDATE to FOLLOWER at term 1 for REJECTED
2022-02-01 01:14:40,181 [aad00493-843f-40cd-b56e-bcb32a0b843f@group-56FEA48B3F6C-LeaderElection18] INFO  impl.RoleInfo (RoleInfo.java:shutdownLeaderElection(121)) - aad00493-843f-40cd-b56e-bcb32a0b843f: shutdown aad00493-843f-40cd-b56e-bcb32a0b843f@group-56FEA48B3F6C-LeaderElection18
2022-02-01 01:14:40,181 [aad00493-843f-40cd-b56e-bcb32a0b843f@group-56FEA48B3F6C-LeaderElection18] INFO  impl.RoleInfo (RoleInfo.java:updateAndGet(130)) - aad00493-843f-40cd-b56e-bcb32a0b843f: start aad00493-843f-40cd-b56e-bcb32a0b843f@group-56FEA48B3F6C-FollowerState
2022-02-01 01:14:40,276 [39fc65de-49e5-4d05-a568-f4cf96421ecb@group-59F78DEF6184-FollowerState] INFO  impl.FollowerState (FollowerState.java:run(134)) - 39fc65de-49e5-4d05-a568-f4cf96421ecb@group-59F78DEF6184-FollowerState: change to CANDIDATE, lastRpcElapsedTime:5202684155ns, electionTimeout:5195ms
2022-02-01 01:14:40,277 [39fc65de-49e5-4d05-a568-f4cf96421ecb@group-59F78DEF6184-FollowerState] INFO  impl.RoleInfo (RoleInfo.java:shutdownFollowerState(108)) - 39fc65de-49e5-4d05-a568-f4cf96421ecb: shutdown 39fc65de-49e5-4d05-a568-f4cf96421ecb@group-59F78DEF6184-FollowerState
2022-02-01 01:14:40,277 [39fc65de-49e5-4d05-a568-f4cf96421ecb@group-59F78DEF6184-FollowerState] INFO  server.RaftServer$Division (RaftServerImpl.java:setRole(290)) - 39fc65de-49e5-4d05-a568-f4cf96421ecb@group-59F78DEF6184: changes role from  FOLLOWER to CANDIDATE at term 0 for changeToCandidate
2022-02-01 01:14:40,277 [39fc65de-49e5-4d05-a568-f4cf96421ecb@group-59F78DEF6184-FollowerState] INFO  server.RaftServerConfigKeys (ConfUtils.java:logGet(44)) - raft.server.leaderelection.pre-vote = false (custom)
2022-02-01 01:14:40,277 [39fc65de-49e5-4d05-a568-f4cf96421ecb@group-59F78DEF6184-FollowerState] INFO  impl.RoleInfo (RoleInfo.java:updateAndGet(130)) - 39fc65de-49e5-4d05-a568-f4cf96421ecb: start 39fc65de-49e5-4d05-a568-f4cf96421ecb@group-59F78DEF6184-LeaderElection19
2022-02-01 01:14:40,292 [39fc65de-49e5-4d05-a568-f4cf96421ecb@group-59F78DEF6184-LeaderElection19] INFO  impl.LeaderElection (LeaderElection.java:askForVotes(306)) - 39fc65de-49e5-4d05-a568-f4cf96421ecb@group-59F78DEF6184-LeaderElection19 ELECTION round 0: submit vote requests at term 1 for -1: [39fc65de-49e5-4d05-a568-f4cf96421ecb|rpc:10.1.0.7:44069|priority:1], old=null
2022-02-01 01:14:40,292 [39fc65de-49e5-4d05-a568-f4cf96421ecb@group-59F78DEF6184-LeaderElection19] INFO  impl.LeaderElection (LeaderElection.java:askForVotes(308)) - 39fc65de-49e5-4d05-a568-f4cf96421ecb@group-59F78DEF6184-LeaderElection19 ELECTION round 0: result PASSED (term=1)
2022-02-01 01:14:40,293 [39fc65de-49e5-4d05-a568-f4cf96421ecb@group-59F78DEF6184-LeaderElection19] INFO  impl.RoleInfo (RoleInfo.java:shutdownLeaderElection(121)) - 39fc65de-49e5-4d05-a568-f4cf96421ecb: shutdown 39fc65de-49e5-4d05-a568-f4cf96421ecb@group-59F78DEF6184-LeaderElection19
2022-02-01 01:14:40,293 [39fc65de-49e5-4d05-a568-f4cf96421ecb@group-59F78DEF6184-LeaderElection19] INFO  server.RaftServer$Division (RaftServerImpl.java:setRole(290)) - 39fc65de-49e5-4d05-a568-f4cf96421ecb@group-59F78DEF6184: changes role from CANDIDATE to LEADER at term 1 for changeToLeader
2022-02-01 01:14:40,293 [39fc65de-49e5-4d05-a568-f4cf96421ecb@group-59F78DEF6184-LeaderElection19] INFO  ratis.XceiverServerRatis (XceiverServerRatis.java:handleLeaderChangedNotification(866)) - Leader change notification received for group: group-59F78DEF6184 with new leaderId: 39fc65de-49e5-4d05-a568-f4cf96421ecb
2022-02-01 01:14:40,293 [39fc65de-49e5-4d05-a568-f4cf96421ecb@group-59F78DEF6184-LeaderElection19] INFO  server.RaftServer$Division (ServerState.java:setLeader(285)) - 39fc65de-49e5-4d05-a568-f4cf96421ecb@group-59F78DEF6184: change Leader from null to 39fc65de-49e5-4d05-a568-f4cf96421ecb at term 1 for becomeLeader, leader elected after 5239ms
2022-02-01 01:14:40,293 [39fc65de-49e5-4d05-a568-f4cf96421ecb@group-59F78DEF6184-LeaderElection19] INFO  server.RaftServerConfigKeys (ConfUtils.java:logGet(44)) - raft.server.staging.catchup.gap = 1000 (default)
2022-02-01 01:14:40,294 [39fc65de-49e5-4d05-a568-f4cf96421ecb@group-59F78DEF6184-LeaderElection19] INFO  server.RaftServerConfigKeys (ConfUtils.java:logGet(44)) - raft.server.write.element-limit = 1024 (custom)
2022-02-01 01:14:40,294 [39fc65de-49e5-4d05-a568-f4cf96421ecb@group-59F78DEF6184-LeaderElection19] INFO  server.RaftServerConfigKeys (ConfUtils.java:logGet(44)) - raft.server.write.byte-limit = 1024 M (=1073741824) (custom)
2022-02-01 01:14:40,294 [39fc65de-49e5-4d05-a568-f4cf96421ecb@group-59F78DEF6184-LeaderElection19] INFO  server.RaftServerConfigKeys (ConfUtils.java:logGet(44)) - raft.server.watch.timeout = 180s (custom)
2022-02-01 01:14:40,295 [39fc65de-49e5-4d05-a568-f4cf96421ecb@group-59F78DEF6184-LeaderElection19] INFO  server.RaftServerConfigKeys (ConfUtils.java:logGet(44)) - raft.server.watch.timeout.denomination = 1s (default)
2022-02-01 01:14:40,295 [39fc65de-49e5-4d05-a568-f4cf96421ecb@group-59F78DEF6184-LeaderElection19] INFO  server.RaftServerConfigKeys (ConfUtils.java:logGet(44)) - raft.server.watch.element-limit = 65536 (default)
2022-02-01 01:14:40,295 [EventQueue-OpenPipelineForHealthyPipelineSafeModeRule] INFO  safemode.SCMSafeModeManager (HealthyPipelineSafeModeRule.java:process(124)) - SCM in safe mode. Healthy pipelines reported count is 0, required healthy pipeline reported count is 1
2022-02-01 01:14:40,295 [39fc65de-49e5-4d05-a568-f4cf96421ecb@group-59F78DEF6184-LeaderElection19] INFO  server.RaftServerConfigKeys (ConfUtils.java:logGet(44)) - raft.server.write.element-limit = 1024 (custom)
2022-02-01 01:14:40,295 [39fc65de-49e5-4d05-a568-f4cf96421ecb@group-59F78DEF6184-LeaderElection19] INFO  server.RaftServerConfigKeys (ConfUtils.java:logGet(44)) - raft.server.write.follower.gap.ratio.max = -1.0 (default)
2022-02-01 01:14:40,295 [39fc65de-49e5-4d05-a568-f4cf96421ecb@group-59F78DEF6184-LeaderElection19] INFO  impl.RoleInfo (RoleInfo.java:updateAndGet(130)) - 39fc65de-49e5-4d05-a568-f4cf96421ecb: start 39fc65de-49e5-4d05-a568-f4cf96421ecb@group-59F78DEF6184-LeaderStateImpl
2022-02-01 01:14:40,295 [39fc65de-49e5-4d05-a568-f4cf96421ecb@group-59F78DEF6184-LeaderElection19] INFO  segmented.SegmentedRaftLogWorker (SegmentedRaftLogWorker.java:startLogSegment(394)) - 39fc65de-49e5-4d05-a568-f4cf96421ecb@group-59F78DEF6184-SegmentedRaftLogWorker: Starting segment from index:0
2022-02-01 01:14:40,297 [39fc65de-49e5-4d05-a568-f4cf96421ecb@group-59F78DEF6184-SegmentedRaftLogWorker] INFO  segmented.SegmentedRaftLogWorker (SegmentedRaftLogWorker.java:execute(601)) - 39fc65de-49e5-4d05-a568-f4cf96421ecb@group-59F78DEF6184-SegmentedRaftLogWorker: created new log segment /home/runner/work/ozone/ozone/hadoop-ozone/integration-test/target/test-dir/MiniOzoneClusterImpl-72297f51-d642-4b09-97fa-35b2ed17483c/datanode-1/data/ratis/d37b6262-bc4d-477a-ad21-59f78def6184/current/log_inprogress_0
2022-02-01 01:14:40,317 [39fc65de-49e5-4d05-a568-f4cf96421ecb@group-59F78DEF6184-LeaderElection19] INFO  server.RaftServer$Division (ServerState.java:setRaftConf(387)) - 39fc65de-49e5-4d05-a568-f4cf96421ecb@group-59F78DEF6184: set configuration 0: [39fc65de-49e5-4d05-a568-f4cf96421ecb|rpc:10.1.0.7:44069|dataStream:|priority:1], old=null
2022-02-01 01:14:40,431 [Listener at 127.0.0.1/34793] INFO  ozone.MiniOzoneClusterImpl (MiniOzoneClusterImpl.java:lambda$waitForClusterToBeReady$0(219)) - Nodes are ready. Got 3 of 3 DN Heartbeats.
2022-02-01 01:14:40,431 [Listener at 127.0.0.1/34793] INFO  ozone.MiniOzoneClusterImpl (MiniOzoneClusterImpl.java:lambda$waitForClusterToBeReady$0(222)) - Waiting for cluster to exit safe mode
2022-02-01 01:14:40,431 [Listener at 127.0.0.1/34793] INFO  ozone.MiniOzoneClusterImpl (MiniOzoneClusterImpl.java:lambda$waitForClusterToBeReady$0(224)) - SCM became leader
2022-02-01 01:14:40,533 [aad00493-843f-40cd-b56e-bcb32a0b843f@group-C773A3C5CFB0-FollowerState] INFO  impl.FollowerState (FollowerState.java:run(134)) - aad00493-843f-40cd-b56e-bcb32a0b843f@group-C773A3C5CFB0-FollowerState: change to CANDIDATE, lastRpcElapsedTime:5062273330ns, electionTimeout:5055ms
2022-02-01 01:14:40,533 [aad00493-843f-40cd-b56e-bcb32a0b843f@group-C773A3C5CFB0-FollowerState] INFO  impl.RoleInfo (RoleInfo.java:shutdownFollowerState(108)) - aad00493-843f-40cd-b56e-bcb32a0b843f: shutdown aad00493-843f-40cd-b56e-bcb32a0b843f@group-C773A3C5CFB0-FollowerState
2022-02-01 01:14:40,533 [aad00493-843f-40cd-b56e-bcb32a0b843f@group-C773A3C5CFB0-FollowerState] INFO  server.RaftServer$Division (RaftServerImpl.java:setRole(290)) - aad00493-843f-40cd-b56e-bcb32a0b843f@group-C773A3C5CFB0: changes role from  FOLLOWER to CANDIDATE at term 0 for changeToCandidate
2022-02-01 01:14:40,534 [aad00493-843f-40cd-b56e-bcb32a0b843f@group-C773A3C5CFB0-FollowerState] INFO  server.RaftServerConfigKeys (ConfUtils.java:logGet(44)) - raft.server.leaderelection.pre-vote = false (custom)
2022-02-01 01:14:40,534 [aad00493-843f-40cd-b56e-bcb32a0b843f@group-C773A3C5CFB0-FollowerState] INFO  impl.RoleInfo (RoleInfo.java:updateAndGet(130)) - aad00493-843f-40cd-b56e-bcb32a0b843f: start aad00493-843f-40cd-b56e-bcb32a0b843f@group-C773A3C5CFB0-LeaderElection20
2022-02-01 01:14:40,557 [aad00493-843f-40cd-b56e-bcb32a0b843f@group-C773A3C5CFB0-LeaderElection20] INFO  impl.LeaderElection (LeaderElection.java:askForVotes(306)) - aad00493-843f-40cd-b56e-bcb32a0b843f@group-C773A3C5CFB0-LeaderElection20 ELECTION round 0: submit vote requests at term 1 for -1: [aad00493-843f-40cd-b56e-bcb32a0b843f|rpc:10.1.0.7:46817|priority:1], old=null
2022-02-01 01:14:40,557 [aad00493-843f-40cd-b56e-bcb32a0b843f@group-C773A3C5CFB0-LeaderElection20] INFO  impl.LeaderElection (LeaderElection.java:askForVotes(308)) - aad00493-843f-40cd-b56e-bcb32a0b843f@group-C773A3C5CFB0-LeaderElection20 ELECTION round 0: result PASSED (term=1)
2022-02-01 01:14:40,557 [aad00493-843f-40cd-b56e-bcb32a0b843f@group-C773A3C5CFB0-LeaderElection20] INFO  impl.RoleInfo (RoleInfo.java:shutdownLeaderElection(121)) - aad00493-843f-40cd-b56e-bcb32a0b843f: shutdown aad00493-843f-40cd-b56e-bcb32a0b843f@group-C773A3C5CFB0-LeaderElection20
2022-02-01 01:14:40,557 [aad00493-843f-40cd-b56e-bcb32a0b843f@group-C773A3C5CFB0-LeaderElection20] INFO  server.RaftServer$Division (RaftServerImpl.java:setRole(290)) - aad00493-843f-40cd-b56e-bcb32a0b843f@group-C773A3C5CFB0: changes role from CANDIDATE to LEADER at term 1 for changeToLeader
2022-02-01 01:14:40,557 [aad00493-843f-40cd-b56e-bcb32a0b843f@group-C773A3C5CFB0-LeaderElection20] INFO  ratis.XceiverServerRatis (XceiverServerRatis.java:handleLeaderChangedNotification(866)) - Leader change notification received for group: group-C773A3C5CFB0 with new leaderId: aad00493-843f-40cd-b56e-bcb32a0b843f
2022-02-01 01:14:40,557 [aad00493-843f-40cd-b56e-bcb32a0b843f@group-C773A3C5CFB0-LeaderElection20] INFO  server.RaftServer$Division (ServerState.java:setLeader(285)) - aad00493-843f-40cd-b56e-bcb32a0b843f@group-C773A3C5CFB0: change Leader from null to aad00493-843f-40cd-b56e-bcb32a0b843f at term 1 for becomeLeader, leader elected after 5116ms
2022-02-01 01:14:40,557 [aad00493-843f-40cd-b56e-bcb32a0b843f@group-C773A3C5CFB0-LeaderElection20] INFO  server.RaftServerConfigKeys (ConfUtils.java:logGet(44)) - raft.server.staging.catchup.gap = 1000 (default)
2022-02-01 01:14:40,558 [aad00493-843f-40cd-b56e-bcb32a0b843f@group-C773A3C5CFB0-LeaderElection20] INFO  server.RaftServerConfigKeys (ConfUtils.java:logGet(44)) - raft.server.write.element-limit = 1024 (custom)
2022-02-01 01:14:40,558 [aad00493-843f-40cd-b56e-bcb32a0b843f@group-C773A3C5CFB0-LeaderElection20] INFO  server.RaftServerConfigKeys (ConfUtils.java:logGet(44)) - raft.server.write.byte-limit = 1024 M (=1073741824) (custom)
2022-02-01 01:14:40,558 [aad00493-843f-40cd-b56e-bcb32a0b843f@group-C773A3C5CFB0-LeaderElection20] INFO  server.RaftServerConfigKeys (ConfUtils.java:logGet(44)) - raft.server.watch.timeout = 180s (custom)
2022-02-01 01:14:40,558 [aad00493-843f-40cd-b56e-bcb32a0b843f@group-C773A3C5CFB0-LeaderElection20] INFO  server.RaftServerConfigKeys (ConfUtils.java:logGet(44)) - raft.server.watch.timeout.denomination = 1s (default)
2022-02-01 01:14:40,558 [aad00493-843f-40cd-b56e-bcb32a0b843f@group-C773A3C5CFB0-LeaderElection20] INFO  server.RaftServerConfigKeys (ConfUtils.java:logGet(44)) - raft.server.watch.element-limit = 65536 (default)
2022-02-01 01:14:40,558 [aad00493-843f-40cd-b56e-bcb32a0b843f@group-C773A3C5CFB0-LeaderElection20] INFO  server.RaftServerConfigKeys (ConfUtils.java:logGet(44)) - raft.server.write.element-limit = 1024 (custom)
2022-02-01 01:14:40,558 [aad00493-843f-40cd-b56e-bcb32a0b843f@group-C773A3C5CFB0-LeaderElection20] INFO  server.RaftServerConfigKeys (ConfUtils.java:logGet(44)) - raft.server.write.follower.gap.ratio.max = -1.0 (default)
2022-02-01 01:14:40,558 [aad00493-843f-40cd-b56e-bcb32a0b843f@group-C773A3C5CFB0-LeaderElection20] INFO  impl.RoleInfo (RoleInfo.java:updateAndGet(130)) - aad00493-843f-40cd-b56e-bcb32a0b843f: start aad00493-843f-40cd-b56e-bcb32a0b843f@group-C773A3C5CFB0-LeaderStateImpl
2022-02-01 01:14:40,559 [aad00493-843f-40cd-b56e-bcb32a0b843f@group-C773A3C5CFB0-LeaderElection20] INFO  segmented.SegmentedRaftLogWorker (SegmentedRaftLogWorker.java:startLogSegment(394)) - aad00493-843f-40cd-b56e-bcb32a0b843f@group-C773A3C5CFB0-SegmentedRaftLogWorker: Starting segment from index:0
2022-02-01 01:14:40,560 [aad00493-843f-40cd-b56e-bcb32a0b843f@group-C773A3C5CFB0-SegmentedRaftLogWorker] INFO  segmented.SegmentedRaftLogWorker (SegmentedRaftLogWorker.java:execute(601)) - aad00493-843f-40cd-b56e-bcb32a0b843f@group-C773A3C5CFB0-SegmentedRaftLogWorker: created new log segment /home/runner/work/ozone/ozone/hadoop-ozone/integration-test/target/test-dir/MiniOzoneClusterImpl-72297f51-d642-4b09-97fa-35b2ed17483c/datanode-2/data/ratis/73965efa-c7e6-4072-9cd7-c773a3c5cfb0/current/log_inprogress_0
2022-02-01 01:14:40,576 [aad00493-843f-40cd-b56e-bcb32a0b843f@group-C773A3C5CFB0-LeaderElection20] INFO  server.RaftServer$Division (ServerState.java:setRaftConf(387)) - aad00493-843f-40cd-b56e-bcb32a0b843f@group-C773A3C5CFB0: set configuration 0: [aad00493-843f-40cd-b56e-bcb32a0b843f|rpc:10.1.0.7:46817|dataStream:|priority:1], old=null
2022-02-01 01:14:40,587 [EventQueue-OpenPipelineForHealthyPipelineSafeModeRule] INFO  safemode.SCMSafeModeManager (HealthyPipelineSafeModeRule.java:process(124)) - SCM in safe mode. Healthy pipelines reported count is 0, required healthy pipeline reported count is 1
2022-02-01 01:14:41,431 [Listener at 127.0.0.1/34793] INFO  ozone.MiniOzoneClusterImpl (MiniOzoneClusterImpl.java:lambda$waitForClusterToBeReady$0(219)) - Nodes are ready. Got 3 of 3 DN Heartbeats.
2022-02-01 01:14:41,431 [Listener at 127.0.0.1/34793] INFO  ozone.MiniOzoneClusterImpl (MiniOzoneClusterImpl.java:lambda$waitForClusterToBeReady$0(222)) - Waiting for cluster to exit safe mode
2022-02-01 01:14:41,431 [Listener at 127.0.0.1/34793] INFO  ozone.MiniOzoneClusterImpl (MiniOzoneClusterImpl.java:lambda$waitForClusterToBeReady$0(224)) - SCM became leader
2022-02-01 01:14:42,432 [Listener at 127.0.0.1/34793] INFO  ozone.MiniOzoneClusterImpl (MiniOzoneClusterImpl.java:lambda$waitForClusterToBeReady$0(219)) - Nodes are ready. Got 3 of 3 DN Heartbeats.
2022-02-01 01:14:42,432 [Listener at 127.0.0.1/34793] INFO  ozone.MiniOzoneClusterImpl (MiniOzoneClusterImpl.java:lambda$waitForClusterToBeReady$0(222)) - Waiting for cluster to exit safe mode
2022-02-01 01:14:42,432 [Listener at 127.0.0.1/34793] INFO  ozone.MiniOzoneClusterImpl (MiniOzoneClusterImpl.java:lambda$waitForClusterToBeReady$0(224)) - SCM became leader
2022-02-01 01:14:43,432 [Listener at 127.0.0.1/34793] INFO  ozone.MiniOzoneClusterImpl (MiniOzoneClusterImpl.java:lambda$waitForClusterToBeReady$0(219)) - Nodes are ready. Got 3 of 3 DN Heartbeats.
2022-02-01 01:14:43,433 [Listener at 127.0.0.1/34793] INFO  ozone.MiniOzoneClusterImpl (MiniOzoneClusterImpl.java:lambda$waitForClusterToBeReady$0(222)) - Waiting for cluster to exit safe mode
2022-02-01 01:14:43,433 [Listener at 127.0.0.1/34793] INFO  ozone.MiniOzoneClusterImpl (MiniOzoneClusterImpl.java:lambda$waitForClusterToBeReady$0(224)) - SCM became leader
2022-02-01 01:14:44,433 [Listener at 127.0.0.1/34793] INFO  ozone.MiniOzoneClusterImpl (MiniOzoneClusterImpl.java:lambda$waitForClusterToBeReady$0(219)) - Nodes are ready. Got 3 of 3 DN Heartbeats.
2022-02-01 01:14:44,433 [Listener at 127.0.0.1/34793] INFO  ozone.MiniOzoneClusterImpl (MiniOzoneClusterImpl.java:lambda$waitForClusterToBeReady$0(222)) - Waiting for cluster to exit safe mode
2022-02-01 01:14:44,433 [Listener at 127.0.0.1/34793] INFO  ozone.MiniOzoneClusterImpl (MiniOzoneClusterImpl.java:lambda$waitForClusterToBeReady$0(224)) - SCM became leader
2022-02-01 01:14:45,197 [08f587f6-d3d0-450e-bf31-fc9adbdb5c63@group-56FEA48B3F6C-FollowerState] INFO  impl.FollowerState (FollowerState.java:run(134)) - 08f587f6-d3d0-450e-bf31-fc9adbdb5c63@group-56FEA48B3F6C-FollowerState: change to CANDIDATE, lastRpcElapsedTime:5038909576ns, electionTimeout:5012ms
2022-02-01 01:14:45,197 [08f587f6-d3d0-450e-bf31-fc9adbdb5c63@group-56FEA48B3F6C-FollowerState] INFO  impl.RoleInfo (RoleInfo.java:shutdownFollowerState(108)) - 08f587f6-d3d0-450e-bf31-fc9adbdb5c63: shutdown 08f587f6-d3d0-450e-bf31-fc9adbdb5c63@group-56FEA48B3F6C-FollowerState
2022-02-01 01:14:45,197 [08f587f6-d3d0-450e-bf31-fc9adbdb5c63@group-56FEA48B3F6C-FollowerState] INFO  server.RaftServer$Division (RaftServerImpl.java:setRole(290)) - 08f587f6-d3d0-450e-bf31-fc9adbdb5c63@group-56FEA48B3F6C: changes role from  FOLLOWER to CANDIDATE at term 1 for changeToCandidate
2022-02-01 01:14:45,197 [08f587f6-d3d0-450e-bf31-fc9adbdb5c63@group-56FEA48B3F6C-FollowerState] INFO  server.RaftServerConfigKeys (ConfUtils.java:logGet(44)) - raft.server.leaderelection.pre-vote = false (custom)
2022-02-01 01:14:45,197 [08f587f6-d3d0-450e-bf31-fc9adbdb5c63@group-56FEA48B3F6C-FollowerState] INFO  impl.RoleInfo (RoleInfo.java:updateAndGet(130)) - 08f587f6-d3d0-450e-bf31-fc9adbdb5c63: start 08f587f6-d3d0-450e-bf31-fc9adbdb5c63@group-56FEA48B3F6C-LeaderElection21
2022-02-01 01:14:45,209 [08f587f6-d3d0-450e-bf31-fc9adbdb5c63@group-56FEA48B3F6C-LeaderElection21] INFO  impl.LeaderElection (LeaderElection.java:askForVotes(306)) - 08f587f6-d3d0-450e-bf31-fc9adbdb5c63@group-56FEA48B3F6C-LeaderElection21 ELECTION round 0: submit vote requests at term 2 for -1: [39fc65de-49e5-4d05-a568-f4cf96421ecb|rpc:10.1.0.7:44069|priority:0, 08f587f6-d3d0-450e-bf31-fc9adbdb5c63|rpc:10.1.0.7:35597|priority:0, aad00493-843f-40cd-b56e-bcb32a0b843f|rpc:10.1.0.7:46817|priority:1], old=null
2022-02-01 01:14:45,228 [grpc-default-executor-1] INFO  server.RaftServer$Division (RaftServerImpl.java:requestVote(1046)) - aad00493-843f-40cd-b56e-bcb32a0b843f@group-56FEA48B3F6C: receive requestVote(ELECTION, 08f587f6-d3d0-450e-bf31-fc9adbdb5c63, group-56FEA48B3F6C, 2, (t:0, i:0))
2022-02-01 01:14:45,228 [grpc-default-executor-1] INFO  impl.VoteContext (VoteContext.java:log(48)) - aad00493-843f-40cd-b56e-bcb32a0b843f@group-56FEA48B3F6C-FOLLOWER: reject ELECTION from 08f587f6-d3d0-450e-bf31-fc9adbdb5c63: our priority 1 > candidate's priority 0
2022-02-01 01:14:45,228 [grpc-default-executor-1] INFO  server.RaftServer$Division (RaftServerImpl.java:setRole(290)) - aad00493-843f-40cd-b56e-bcb32a0b843f@group-56FEA48B3F6C: changes role from  FOLLOWER to FOLLOWER at term 2 for candidate:08f587f6-d3d0-450e-bf31-fc9adbdb5c63
2022-02-01 01:14:45,228 [grpc-default-executor-1] INFO  impl.RoleInfo (RoleInfo.java:shutdownFollowerState(108)) - aad00493-843f-40cd-b56e-bcb32a0b843f: shutdown aad00493-843f-40cd-b56e-bcb32a0b843f@group-56FEA48B3F6C-FollowerState
2022-02-01 01:14:45,228 [grpc-default-executor-1] INFO  impl.RoleInfo (RoleInfo.java:updateAndGet(130)) - aad00493-843f-40cd-b56e-bcb32a0b843f: start aad00493-843f-40cd-b56e-bcb32a0b843f@group-56FEA48B3F6C-FollowerState
2022-02-01 01:14:45,229 [aad00493-843f-40cd-b56e-bcb32a0b843f@group-56FEA48B3F6C-FollowerState] INFO  impl.FollowerState (FollowerState.java:run(143)) - aad00493-843f-40cd-b56e-bcb32a0b843f@group-56FEA48B3F6C-FollowerState was interrupted: {}
java.lang.InterruptedException: sleep interrupted
	at java.lang.Thread.sleep(Native Method)
	at java.lang.Thread.sleep(Thread.java:340)
	at java.util.concurrent.TimeUnit.sleep(TimeUnit.java:386)
	at org.apache.ratis.util.TimeDuration.sleep(TimeDuration.java:324)
	at org.apache.ratis.util.TimeDuration.sleep(TimeDuration.java:309)
	at org.apache.ratis.server.impl.FollowerState.run(FollowerState.java:118)
2022-02-01 01:14:45,238 [grpc-default-executor-0] INFO  server.RaftServer$Division (RaftServerImpl.java:requestVote(1046)) - 39fc65de-49e5-4d05-a568-f4cf96421ecb@group-56FEA48B3F6C: receive requestVote(ELECTION, 08f587f6-d3d0-450e-bf31-fc9adbdb5c63, group-56FEA48B3F6C, 2, (t:0, i:0))
2022-02-01 01:14:45,238 [grpc-default-executor-0] INFO  impl.VoteContext (VoteContext.java:log(48)) - 39fc65de-49e5-4d05-a568-f4cf96421ecb@group-56FEA48B3F6C-FOLLOWER: accept ELECTION from 08f587f6-d3d0-450e-bf31-fc9adbdb5c63: our priority 0 <= candidate's priority 0
2022-02-01 01:14:45,238 [grpc-default-executor-0] INFO  server.RaftServer$Division (RaftServerImpl.java:setRole(290)) - 39fc65de-49e5-4d05-a568-f4cf96421ecb@group-56FEA48B3F6C: changes role from  FOLLOWER to FOLLOWER at term 2 for candidate:08f587f6-d3d0-450e-bf31-fc9adbdb5c63
2022-02-01 01:14:45,238 [grpc-default-executor-0] INFO  impl.RoleInfo (RoleInfo.java:shutdownFollowerState(108)) - 39fc65de-49e5-4d05-a568-f4cf96421ecb: shutdown 39fc65de-49e5-4d05-a568-f4cf96421ecb@group-56FEA48B3F6C-FollowerState
2022-02-01 01:14:45,239 [grpc-default-executor-0] INFO  impl.RoleInfo (RoleInfo.java:updateAndGet(130)) - 39fc65de-49e5-4d05-a568-f4cf96421ecb: start 39fc65de-49e5-4d05-a568-f4cf96421ecb@group-56FEA48B3F6C-FollowerState
2022-02-01 01:14:45,239 [39fc65de-49e5-4d05-a568-f4cf96421ecb@group-56FEA48B3F6C-FollowerState] INFO  impl.FollowerState (FollowerState.java:run(143)) - 39fc65de-49e5-4d05-a568-f4cf96421ecb@group-56FEA48B3F6C-FollowerState was interrupted: {}
java.lang.InterruptedException: sleep interrupted
	at java.lang.Thread.sleep(Native Method)
	at java.lang.Thread.sleep(Thread.java:340)
	at java.util.concurrent.TimeUnit.sleep(TimeUnit.java:386)
	at org.apache.ratis.util.TimeDuration.sleep(TimeDuration.java:324)
	at org.apache.ratis.util.TimeDuration.sleep(TimeDuration.java:309)
	at org.apache.ratis.server.impl.FollowerState.run(FollowerState.java:118)
2022-02-01 01:14:45,241 [grpc-default-executor-1] INFO  server.RaftServer$Division (RaftServerImpl.java:requestVote(1078)) - aad00493-843f-40cd-b56e-bcb32a0b843f@group-56FEA48B3F6C replies to ELECTION vote request: 08f587f6-d3d0-450e-bf31-fc9adbdb5c63<-aad00493-843f-40cd-b56e-bcb32a0b843f#0:FAIL-t2. Peer's state: aad00493-843f-40cd-b56e-bcb32a0b843f@group-56FEA48B3F6C:t2, leader=null, voted=null, raftlog=aad00493-843f-40cd-b56e-bcb32a0b843f@group-56FEA48B3F6C-SegmentedRaftLog:OPENED:c-1, conf=-1: [39fc65de-49e5-4d05-a568-f4cf96421ecb|rpc:10.1.0.7:44069|dataStream:|priority:0, 08f587f6-d3d0-450e-bf31-fc9adbdb5c63|rpc:10.1.0.7:35597|dataStream:|priority:0, aad00493-843f-40cd-b56e-bcb32a0b843f|rpc:10.1.0.7:46817|dataStream:|priority:1], old=null
2022-02-01 01:14:45,243 [grpc-default-executor-0] INFO  server.RaftServer$Division (RaftServerImpl.java:requestVote(1078)) - 39fc65de-49e5-4d05-a568-f4cf96421ecb@group-56FEA48B3F6C replies to ELECTION vote request: 08f587f6-d3d0-450e-bf31-fc9adbdb5c63<-39fc65de-49e5-4d05-a568-f4cf96421ecb#0:OK-t2. Peer's state: 39fc65de-49e5-4d05-a568-f4cf96421ecb@group-56FEA48B3F6C:t2, leader=null, voted=08f587f6-d3d0-450e-bf31-fc9adbdb5c63, raftlog=39fc65de-49e5-4d05-a568-f4cf96421ecb@group-56FEA48B3F6C-SegmentedRaftLog:OPENED:c-1, conf=-1: [39fc65de-49e5-4d05-a568-f4cf96421ecb|rpc:10.1.0.7:44069|dataStream:|priority:0, 08f587f6-d3d0-450e-bf31-fc9adbdb5c63|rpc:10.1.0.7:35597|dataStream:|priority:0, aad00493-843f-40cd-b56e-bcb32a0b843f|rpc:10.1.0.7:46817|dataStream:|priority:1], old=null
2022-02-01 01:14:45,243 [08f587f6-d3d0-450e-bf31-fc9adbdb5c63@group-56FEA48B3F6C-LeaderElection21] INFO  impl.LeaderElection (LeaderElection.java:logAndReturn(89)) - 08f587f6-d3d0-450e-bf31-fc9adbdb5c63@group-56FEA48B3F6C-LeaderElection21: ELECTION REJECTED received 1 response(s) and 0 exception(s):
2022-02-01 01:14:45,257 [08f587f6-d3d0-450e-bf31-fc9adbdb5c63@group-56FEA48B3F6C-LeaderElection21] INFO  impl.LeaderElection (LeaderElection.java:logAndReturn(93)) -   Response 0: 08f587f6-d3d0-450e-bf31-fc9adbdb5c63<-aad00493-843f-40cd-b56e-bcb32a0b843f#0:FAIL-t2
2022-02-01 01:14:45,257 [08f587f6-d3d0-450e-bf31-fc9adbdb5c63@group-56FEA48B3F6C-LeaderElection21] INFO  impl.LeaderElection (LeaderElection.java:askForVotes(308)) - 08f587f6-d3d0-450e-bf31-fc9adbdb5c63@group-56FEA48B3F6C-LeaderElection21 ELECTION round 0: result REJECTED
2022-02-01 01:14:45,257 [08f587f6-d3d0-450e-bf31-fc9adbdb5c63@group-56FEA48B3F6C-LeaderElection21] INFO  server.RaftServer$Division (RaftServerImpl.java:setRole(290)) - 08f587f6-d3d0-450e-bf31-fc9adbdb5c63@group-56FEA48B3F6C: changes role from CANDIDATE to FOLLOWER at term 2 for REJECTED
2022-02-01 01:14:45,257 [08f587f6-d3d0-450e-bf31-fc9adbdb5c63@group-56FEA48B3F6C-LeaderElection21] INFO  impl.RoleInfo (RoleInfo.java:shutdownLeaderElection(121)) - 08f587f6-d3d0-450e-bf31-fc9adbdb5c63: shutdown 08f587f6-d3d0-450e-bf31-fc9adbdb5c63@group-56FEA48B3F6C-LeaderElection21
2022-02-01 01:14:45,257 [08f587f6-d3d0-450e-bf31-fc9adbdb5c63@group-56FEA48B3F6C-LeaderElection21] INFO  impl.RoleInfo (RoleInfo.java:updateAndGet(130)) - 08f587f6-d3d0-450e-bf31-fc9adbdb5c63: start 08f587f6-d3d0-450e-bf31-fc9adbdb5c63@group-56FEA48B3F6C-FollowerState
2022-02-01 01:14:45,433 [Listener at 127.0.0.1/34793] INFO  ozone.MiniOzoneClusterImpl (MiniOzoneClusterImpl.java:lambda$waitForClusterToBeReady$0(219)) - Nodes are ready. Got 3 of 3 DN Heartbeats.
2022-02-01 01:14:45,434 [Listener at 127.0.0.1/34793] INFO  ozone.MiniOzoneClusterImpl (MiniOzoneClusterImpl.java:lambda$waitForClusterToBeReady$0(222)) - Waiting for cluster to exit safe mode
2022-02-01 01:14:45,435 [Listener at 127.0.0.1/34793] INFO  ozone.MiniOzoneClusterImpl (MiniOzoneClusterImpl.java:lambda$waitForClusterToBeReady$0(224)) - SCM became leader
2022-02-01 01:14:46,435 [Listener at 127.0.0.1/34793] INFO  ozone.MiniOzoneClusterImpl (MiniOzoneClusterImpl.java:lambda$waitForClusterToBeReady$0(219)) - Nodes are ready. Got 3 of 3 DN Heartbeats.
2022-02-01 01:14:46,436 [Listener at 127.0.0.1/34793] INFO  ozone.MiniOzoneClusterImpl (MiniOzoneClusterImpl.java:lambda$waitForClusterToBeReady$0(222)) - Waiting for cluster to exit safe mode
2022-02-01 01:14:46,436 [Listener at 127.0.0.1/34793] INFO  ozone.MiniOzoneClusterImpl (MiniOzoneClusterImpl.java:lambda$waitForClusterToBeReady$0(224)) - SCM became leader
2022-02-01 01:14:47,436 [Listener at 127.0.0.1/34793] INFO  ozone.MiniOzoneClusterImpl (MiniOzoneClusterImpl.java:lambda$waitForClusterToBeReady$0(219)) - Nodes are ready. Got 3 of 3 DN Heartbeats.
2022-02-01 01:14:47,436 [Listener at 127.0.0.1/34793] INFO  ozone.MiniOzoneClusterImpl (MiniOzoneClusterImpl.java:lambda$waitForClusterToBeReady$0(222)) - Waiting for cluster to exit safe mode
2022-02-01 01:14:47,436 [Listener at 127.0.0.1/34793] INFO  ozone.MiniOzoneClusterImpl (MiniOzoneClusterImpl.java:lambda$waitForClusterToBeReady$0(224)) - SCM became leader
2022-02-01 01:14:48,436 [Listener at 127.0.0.1/34793] INFO  ozone.MiniOzoneClusterImpl (MiniOzoneClusterImpl.java:lambda$waitForClusterToBeReady$0(219)) - Nodes are ready. Got 3 of 3 DN Heartbeats.
2022-02-01 01:14:48,437 [Listener at 127.0.0.1/34793] INFO  ozone.MiniOzoneClusterImpl (MiniOzoneClusterImpl.java:lambda$waitForClusterToBeReady$0(222)) - Waiting for cluster to exit safe mode
2022-02-01 01:14:48,437 [Listener at 127.0.0.1/34793] INFO  ozone.MiniOzoneClusterImpl (MiniOzoneClusterImpl.java:lambda$waitForClusterToBeReady$0(224)) - SCM became leader
2022-02-01 01:14:49,437 [Listener at 127.0.0.1/34793] INFO  ozone.MiniOzoneClusterImpl (MiniOzoneClusterImpl.java:lambda$waitForClusterToBeReady$0(219)) - Nodes are ready. Got 3 of 3 DN Heartbeats.
2022-02-01 01:14:49,437 [Listener at 127.0.0.1/34793] INFO  ozone.MiniOzoneClusterImpl (MiniOzoneClusterImpl.java:lambda$waitForClusterToBeReady$0(222)) - Waiting for cluster to exit safe mode
2022-02-01 01:14:49,437 [Listener at 127.0.0.1/34793] INFO  ozone.MiniOzoneClusterImpl (MiniOzoneClusterImpl.java:lambda$waitForClusterToBeReady$0(224)) - SCM became leader
2022-02-01 01:14:50,409 [aad00493-843f-40cd-b56e-bcb32a0b843f@group-56FEA48B3F6C-FollowerState] INFO  impl.FollowerState (FollowerState.java:run(134)) - aad00493-843f-40cd-b56e-bcb32a0b843f@group-56FEA48B3F6C-FollowerState: change to CANDIDATE, lastRpcElapsedTime:5180859024ns, electionTimeout:5152ms
2022-02-01 01:14:50,410 [aad00493-843f-40cd-b56e-bcb32a0b843f@group-56FEA48B3F6C-FollowerState] INFO  impl.RoleInfo (RoleInfo.java:shutdownFollowerState(108)) - aad00493-843f-40cd-b56e-bcb32a0b843f: shutdown aad00493-843f-40cd-b56e-bcb32a0b843f@group-56FEA48B3F6C-FollowerState
2022-02-01 01:14:50,410 [aad00493-843f-40cd-b56e-bcb32a0b843f@group-56FEA48B3F6C-FollowerState] INFO  server.RaftServer$Division (RaftServerImpl.java:setRole(290)) - aad00493-843f-40cd-b56e-bcb32a0b843f@group-56FEA48B3F6C: changes role from  FOLLOWER to CANDIDATE at term 2 for changeToCandidate
2022-02-01 01:14:50,410 [aad00493-843f-40cd-b56e-bcb32a0b843f@group-56FEA48B3F6C-FollowerState] INFO  server.RaftServerConfigKeys (ConfUtils.java:logGet(44)) - raft.server.leaderelection.pre-vote = false (custom)
2022-02-01 01:14:50,410 [aad00493-843f-40cd-b56e-bcb32a0b843f@group-56FEA48B3F6C-FollowerState] INFO  impl.RoleInfo (RoleInfo.java:updateAndGet(130)) - aad00493-843f-40cd-b56e-bcb32a0b843f: start aad00493-843f-40cd-b56e-bcb32a0b843f@group-56FEA48B3F6C-LeaderElection22
2022-02-01 01:14:50,415 [39fc65de-49e5-4d05-a568-f4cf96421ecb@group-56FEA48B3F6C-FollowerState] INFO  impl.FollowerState (FollowerState.java:run(134)) - 39fc65de-49e5-4d05-a568-f4cf96421ecb@group-56FEA48B3F6C-FollowerState: change to CANDIDATE, lastRpcElapsedTime:5171813775ns, electionTimeout:5151ms
2022-02-01 01:14:50,415 [39fc65de-49e5-4d05-a568-f4cf96421ecb@group-56FEA48B3F6C-FollowerState] INFO  impl.RoleInfo (RoleInfo.java:shutdownFollowerState(108)) - 39fc65de-49e5-4d05-a568-f4cf96421ecb: shutdown 39fc65de-49e5-4d05-a568-f4cf96421ecb@group-56FEA48B3F6C-FollowerState
2022-02-01 01:14:50,415 [39fc65de-49e5-4d05-a568-f4cf96421ecb@group-56FEA48B3F6C-FollowerState] INFO  server.RaftServer$Division (RaftServerImpl.java:setRole(290)) - 39fc65de-49e5-4d05-a568-f4cf96421ecb@group-56FEA48B3F6C: changes role from  FOLLOWER to CANDIDATE at term 2 for changeToCandidate
2022-02-01 01:14:50,415 [39fc65de-49e5-4d05-a568-f4cf96421ecb@group-56FEA48B3F6C-FollowerState] INFO  server.RaftServerConfigKeys (ConfUtils.java:logGet(44)) - raft.server.leaderelection.pre-vote = false (custom)
2022-02-01 01:14:50,418 [39fc65de-49e5-4d05-a568-f4cf96421ecb@group-56FEA48B3F6C-FollowerState] INFO  impl.RoleInfo (RoleInfo.java:updateAndGet(130)) - 39fc65de-49e5-4d05-a568-f4cf96421ecb: start 39fc65de-49e5-4d05-a568-f4cf96421ecb@group-56FEA48B3F6C-LeaderElection23
2022-02-01 01:14:50,426 [aad00493-843f-40cd-b56e-bcb32a0b843f@group-56FEA48B3F6C-LeaderElection22] INFO  impl.LeaderElection (LeaderElection.java:askForVotes(306)) - aad00493-843f-40cd-b56e-bcb32a0b843f@group-56FEA48B3F6C-LeaderElection22 ELECTION round 0: submit vote requests at term 3 for -1: [39fc65de-49e5-4d05-a568-f4cf96421ecb|rpc:10.1.0.7:44069|dataStream:|priority:0, 08f587f6-d3d0-450e-bf31-fc9adbdb5c63|rpc:10.1.0.7:35597|dataStream:|priority:0, aad00493-843f-40cd-b56e-bcb32a0b843f|rpc:10.1.0.7:46817|dataStream:|priority:1], old=null
2022-02-01 01:14:50,437 [Listener at 127.0.0.1/34793] INFO  ozone.MiniOzoneClusterImpl (MiniOzoneClusterImpl.java:lambda$waitForClusterToBeReady$0(219)) - Nodes are ready. Got 3 of 3 DN Heartbeats.
2022-02-01 01:14:50,438 [Listener at 127.0.0.1/34793] INFO  ozone.MiniOzoneClusterImpl (MiniOzoneClusterImpl.java:lambda$waitForClusterToBeReady$0(222)) - Waiting for cluster to exit safe mode
2022-02-01 01:14:50,438 [Listener at 127.0.0.1/34793] INFO  ozone.MiniOzoneClusterImpl (MiniOzoneClusterImpl.java:lambda$waitForClusterToBeReady$0(224)) - SCM became leader
2022-02-01 01:14:50,438 [39fc65de-49e5-4d05-a568-f4cf96421ecb@group-56FEA48B3F6C-LeaderElection23] INFO  impl.LeaderElection (LeaderElection.java:askForVotes(306)) - 39fc65de-49e5-4d05-a568-f4cf96421ecb@group-56FEA48B3F6C-LeaderElection23 ELECTION round 0: submit vote requests at term 3 for -1: [39fc65de-49e5-4d05-a568-f4cf96421ecb|rpc:10.1.0.7:44069|dataStream:|priority:0, 08f587f6-d3d0-450e-bf31-fc9adbdb5c63|rpc:10.1.0.7:35597|dataStream:|priority:0, aad00493-843f-40cd-b56e-bcb32a0b843f|rpc:10.1.0.7:46817|dataStream:|priority:1], old=null
2022-02-01 01:14:50,445 [grpc-default-executor-0] INFO  server.RaftServer$Division (RaftServerImpl.java:requestVote(1046)) - 39fc65de-49e5-4d05-a568-f4cf96421ecb@group-56FEA48B3F6C: receive requestVote(ELECTION, aad00493-843f-40cd-b56e-bcb32a0b843f, group-56FEA48B3F6C, 3, (t:0, i:0))
2022-02-01 01:14:50,445 [grpc-default-executor-0] INFO  impl.VoteContext (VoteContext.java:log(48)) - 39fc65de-49e5-4d05-a568-f4cf96421ecb@group-56FEA48B3F6C-CANDIDATE: reject ELECTION from aad00493-843f-40cd-b56e-bcb32a0b843f: already has voted for 39fc65de-49e5-4d05-a568-f4cf96421ecb at current term 3
2022-02-01 01:14:50,445 [grpc-default-executor-0] INFO  server.RaftServer$Division (RaftServerImpl.java:requestVote(1078)) - 39fc65de-49e5-4d05-a568-f4cf96421ecb@group-56FEA48B3F6C replies to ELECTION vote request: aad00493-843f-40cd-b56e-bcb32a0b843f<-39fc65de-49e5-4d05-a568-f4cf96421ecb#0:FAIL-t3. Peer's state: 39fc65de-49e5-4d05-a568-f4cf96421ecb@group-56FEA48B3F6C:t3, leader=null, voted=39fc65de-49e5-4d05-a568-f4cf96421ecb, raftlog=39fc65de-49e5-4d05-a568-f4cf96421ecb@group-56FEA48B3F6C-SegmentedRaftLog:OPENED:c-1, conf=-1: [39fc65de-49e5-4d05-a568-f4cf96421ecb|rpc:10.1.0.7:44069|dataStream:|priority:0, 08f587f6-d3d0-450e-bf31-fc9adbdb5c63|rpc:10.1.0.7:35597|dataStream:|priority:0, aad00493-843f-40cd-b56e-bcb32a0b843f|rpc:10.1.0.7:46817|dataStream:|priority:1], old=null
2022-02-01 01:14:50,441 [08f587f6-d3d0-450e-bf31-fc9adbdb5c63@group-56FEA48B3F6C-FollowerState] INFO  impl.FollowerState (FollowerState.java:run(134)) - 08f587f6-d3d0-450e-bf31-fc9adbdb5c63@group-56FEA48B3F6C-FollowerState: change to CANDIDATE, lastRpcElapsedTime:5184108477ns, electionTimeout:5163ms
2022-02-01 01:14:50,452 [08f587f6-d3d0-450e-bf31-fc9adbdb5c63@group-56FEA48B3F6C-FollowerState] INFO  impl.RoleInfo (RoleInfo.java:shutdownFollowerState(108)) - 08f587f6-d3d0-450e-bf31-fc9adbdb5c63: shutdown 08f587f6-d3d0-450e-bf31-fc9adbdb5c63@group-56FEA48B3F6C-FollowerState
2022-02-01 01:14:50,452 [08f587f6-d3d0-450e-bf31-fc9adbdb5c63@group-56FEA48B3F6C-FollowerState] INFO  server.RaftServer$Division (RaftServerImpl.java:setRole(290)) - 08f587f6-d3d0-450e-bf31-fc9adbdb5c63@group-56FEA48B3F6C: changes role from  FOLLOWER to CANDIDATE at term 2 for changeToCandidate
2022-02-01 01:14:50,453 [08f587f6-d3d0-450e-bf31-fc9adbdb5c63@group-56FEA48B3F6C-FollowerState] INFO  server.RaftServerConfigKeys (ConfUtils.java:logGet(44)) - raft.server.leaderelection.pre-vote = false (custom)
2022-02-01 01:14:50,453 [08f587f6-d3d0-450e-bf31-fc9adbdb5c63@group-56FEA48B3F6C-FollowerState] INFO  impl.RoleInfo (RoleInfo.java:updateAndGet(130)) - 08f587f6-d3d0-450e-bf31-fc9adbdb5c63: start 08f587f6-d3d0-450e-bf31-fc9adbdb5c63@group-56FEA48B3F6C-LeaderElection24
2022-02-01 01:14:50,470 [grpc-default-executor-0] INFO  server.RaftServer$Division (RaftServerImpl.java:requestVote(1046)) - 08f587f6-d3d0-450e-bf31-fc9adbdb5c63@group-56FEA48B3F6C: receive requestVote(ELECTION, aad00493-843f-40cd-b56e-bcb32a0b843f, group-56FEA48B3F6C, 3, (t:0, i:0))
2022-02-01 01:14:50,472 [08f587f6-d3d0-450e-bf31-fc9adbdb5c63@group-56FEA48B3F6C-LeaderElection24] INFO  impl.LeaderElection (LeaderElection.java:askForVotes(306)) - 08f587f6-d3d0-450e-bf31-fc9adbdb5c63@group-56FEA48B3F6C-LeaderElection24 ELECTION round 0: submit vote requests at term 3 for -1: [39fc65de-49e5-4d05-a568-f4cf96421ecb|rpc:10.1.0.7:44069|priority:0, 08f587f6-d3d0-450e-bf31-fc9adbdb5c63|rpc:10.1.0.7:35597|priority:0, aad00493-843f-40cd-b56e-bcb32a0b843f|rpc:10.1.0.7:46817|priority:1], old=null
2022-02-01 01:14:50,470 [grpc-default-executor-1] INFO  server.RaftServer$Division (RaftServerImpl.java:requestVote(1046)) - aad00493-843f-40cd-b56e-bcb32a0b843f@group-56FEA48B3F6C: receive requestVote(ELECTION, 39fc65de-49e5-4d05-a568-f4cf96421ecb, group-56FEA48B3F6C, 3, (t:0, i:0))
2022-02-01 01:14:50,472 [grpc-default-executor-1] INFO  impl.VoteContext (VoteContext.java:log(48)) - aad00493-843f-40cd-b56e-bcb32a0b843f@group-56FEA48B3F6C-CANDIDATE: reject ELECTION from 39fc65de-49e5-4d05-a568-f4cf96421ecb: already has voted for aad00493-843f-40cd-b56e-bcb32a0b843f at current term 3
2022-02-01 01:14:50,472 [grpc-default-executor-1] INFO  server.RaftServer$Division (RaftServerImpl.java:requestVote(1078)) - aad00493-843f-40cd-b56e-bcb32a0b843f@group-56FEA48B3F6C replies to ELECTION vote request: 39fc65de-49e5-4d05-a568-f4cf96421ecb<-aad00493-843f-40cd-b56e-bcb32a0b843f#0:FAIL-t3. Peer's state: aad00493-843f-40cd-b56e-bcb32a0b843f@group-56FEA48B3F6C:t3, leader=null, voted=aad00493-843f-40cd-b56e-bcb32a0b843f, raftlog=aad00493-843f-40cd-b56e-bcb32a0b843f@group-56FEA48B3F6C-SegmentedRaftLog:OPENED:c-1, conf=-1: [39fc65de-49e5-4d05-a568-f4cf96421ecb|rpc:10.1.0.7:44069|dataStream:|priority:0, 08f587f6-d3d0-450e-bf31-fc9adbdb5c63|rpc:10.1.0.7:35597|dataStream:|priority:0, aad00493-843f-40cd-b56e-bcb32a0b843f|rpc:10.1.0.7:46817|dataStream:|priority:1], old=null
2022-02-01 01:14:50,472 [grpc-default-executor-0] INFO  impl.VoteContext (VoteContext.java:log(48)) - 08f587f6-d3d0-450e-bf31-fc9adbdb5c63@group-56FEA48B3F6C-CANDIDATE: reject ELECTION from aad00493-843f-40cd-b56e-bcb32a0b843f: already has voted for 08f587f6-d3d0-450e-bf31-fc9adbdb5c63 at current term 3
2022-02-01 01:14:50,473 [grpc-default-executor-0] INFO  server.RaftServer$Division (RaftServerImpl.java:requestVote(1078)) - 08f587f6-d3d0-450e-bf31-fc9adbdb5c63@group-56FEA48B3F6C replies to ELECTION vote request: aad00493-843f-40cd-b56e-bcb32a0b843f<-08f587f6-d3d0-450e-bf31-fc9adbdb5c63#0:FAIL-t3. Peer's state: 08f587f6-d3d0-450e-bf31-fc9adbdb5c63@group-56FEA48B3F6C:t3, leader=null, voted=08f587f6-d3d0-450e-bf31-fc9adbdb5c63, raftlog=08f587f6-d3d0-450e-bf31-fc9adbdb5c63@group-56FEA48B3F6C-SegmentedRaftLog:OPENED:c-1, conf=-1: [39fc65de-49e5-4d05-a568-f4cf96421ecb|rpc:10.1.0.7:44069|priority:0, 08f587f6-d3d0-450e-bf31-fc9adbdb5c63|rpc:10.1.0.7:35597|priority:0, aad00493-843f-40cd-b56e-bcb32a0b843f|rpc:10.1.0.7:46817|priority:1], old=null
2022-02-01 01:14:50,493 [grpc-default-executor-0] INFO  server.RaftServer$Division (RaftServerImpl.java:requestVote(1046)) - 08f587f6-d3d0-450e-bf31-fc9adbdb5c63@group-56FEA48B3F6C: receive requestVote(ELECTION, 39fc65de-49e5-4d05-a568-f4cf96421ecb, group-56FEA48B3F6C, 3, (t:0, i:0))
2022-02-01 01:14:50,493 [grpc-default-executor-0] INFO  impl.VoteContext (VoteContext.java:log(48)) - 08f587f6-d3d0-450e-bf31-fc9adbdb5c63@group-56FEA48B3F6C-CANDIDATE: reject ELECTION from 39fc65de-49e5-4d05-a568-f4cf96421ecb: already has voted for 08f587f6-d3d0-450e-bf31-fc9adbdb5c63 at current term 3
2022-02-01 01:14:50,493 [grpc-default-executor-0] INFO  server.RaftServer$Division (RaftServerImpl.java:requestVote(1078)) - 08f587f6-d3d0-450e-bf31-fc9adbdb5c63@group-56FEA48B3F6C replies to ELECTION vote request: 39fc65de-49e5-4d05-a568-f4cf96421ecb<-08f587f6-d3d0-450e-bf31-fc9adbdb5c63#0:FAIL-t3. Peer's state: 08f587f6-d3d0-450e-bf31-fc9adbdb5c63@group-56FEA48B3F6C:t3, leader=null, voted=08f587f6-d3d0-450e-bf31-fc9adbdb5c63, raftlog=08f587f6-d3d0-450e-bf31-fc9adbdb5c63@group-56FEA48B3F6C-SegmentedRaftLog:OPENED:c-1, conf=-1: [39fc65de-49e5-4d05-a568-f4cf96421ecb|rpc:10.1.0.7:44069|priority:0, 08f587f6-d3d0-450e-bf31-fc9adbdb5c63|rpc:10.1.0.7:35597|priority:0, aad00493-843f-40cd-b56e-bcb32a0b843f|rpc:10.1.0.7:46817|priority:1], old=null
2022-02-01 01:14:50,495 [aad00493-843f-40cd-b56e-bcb32a0b843f@group-56FEA48B3F6C-LeaderElection22] INFO  impl.LeaderElection (LeaderElection.java:logAndReturn(89)) - aad00493-843f-40cd-b56e-bcb32a0b843f@group-56FEA48B3F6C-LeaderElection22: ELECTION REJECTED received 2 response(s) and 0 exception(s):
2022-02-01 01:14:50,495 [aad00493-843f-40cd-b56e-bcb32a0b843f@group-56FEA48B3F6C-LeaderElection22] INFO  impl.LeaderElection (LeaderElection.java:logAndReturn(93)) -   Response 0: aad00493-843f-40cd-b56e-bcb32a0b843f<-39fc65de-49e5-4d05-a568-f4cf96421ecb#0:FAIL-t3
2022-02-01 01:14:50,495 [aad00493-843f-40cd-b56e-bcb32a0b843f@group-56FEA48B3F6C-LeaderElection22] INFO  impl.LeaderElection (LeaderElection.java:logAndReturn(93)) -   Response 1: aad00493-843f-40cd-b56e-bcb32a0b843f<-08f587f6-d3d0-450e-bf31-fc9adbdb5c63#0:FAIL-t3
2022-02-01 01:14:50,496 [aad00493-843f-40cd-b56e-bcb32a0b843f@group-56FEA48B3F6C-LeaderElection22] INFO  impl.LeaderElection (LeaderElection.java:askForVotes(308)) - aad00493-843f-40cd-b56e-bcb32a0b843f@group-56FEA48B3F6C-LeaderElection22 ELECTION round 0: result REJECTED
2022-02-01 01:14:50,496 [aad00493-843f-40cd-b56e-bcb32a0b843f@group-56FEA48B3F6C-LeaderElection22] INFO  server.RaftServer$Division (RaftServerImpl.java:setRole(290)) - aad00493-843f-40cd-b56e-bcb32a0b843f@group-56FEA48B3F6C: changes role from CANDIDATE to FOLLOWER at term 3 for REJECTED
2022-02-01 01:14:50,496 [aad00493-843f-40cd-b56e-bcb32a0b843f@group-56FEA48B3F6C-LeaderElection22] INFO  impl.RoleInfo (RoleInfo.java:shutdownLeaderElection(121)) - aad00493-843f-40cd-b56e-bcb32a0b843f: shutdown aad00493-843f-40cd-b56e-bcb32a0b843f@group-56FEA48B3F6C-LeaderElection22
2022-02-01 01:14:50,496 [aad00493-843f-40cd-b56e-bcb32a0b843f@group-56FEA48B3F6C-LeaderElection22] INFO  impl.RoleInfo (RoleInfo.java:updateAndGet(130)) - aad00493-843f-40cd-b56e-bcb32a0b843f: start aad00493-843f-40cd-b56e-bcb32a0b843f@group-56FEA48B3F6C-FollowerState
2022-02-01 01:14:50,510 [39fc65de-49e5-4d05-a568-f4cf96421ecb@group-56FEA48B3F6C-LeaderElection23] INFO  impl.LeaderElection (LeaderElection.java:logAndReturn(89)) - 39fc65de-49e5-4d05-a568-f4cf96421ecb@group-56FEA48B3F6C-LeaderElection23: ELECTION REJECTED received 1 response(s) and 0 exception(s):
2022-02-01 01:14:50,520 [39fc65de-49e5-4d05-a568-f4cf96421ecb@group-56FEA48B3F6C-LeaderElection23] INFO  impl.LeaderElection (LeaderElection.java:logAndReturn(93)) -   Response 0: 39fc65de-49e5-4d05-a568-f4cf96421ecb<-aad00493-843f-40cd-b56e-bcb32a0b843f#0:FAIL-t3
2022-02-01 01:14:50,520 [39fc65de-49e5-4d05-a568-f4cf96421ecb@group-56FEA48B3F6C-LeaderElection23] INFO  impl.LeaderElection (LeaderElection.java:askForVotes(308)) - 39fc65de-49e5-4d05-a568-f4cf96421ecb@group-56FEA48B3F6C-LeaderElection23 ELECTION round 0: result REJECTED
2022-02-01 01:14:50,520 [39fc65de-49e5-4d05-a568-f4cf96421ecb@group-56FEA48B3F6C-LeaderElection23] INFO  server.RaftServer$Division (RaftServerImpl.java:setRole(290)) - 39fc65de-49e5-4d05-a568-f4cf96421ecb@group-56FEA48B3F6C: changes role from CANDIDATE to FOLLOWER at term 3 for REJECTED
2022-02-01 01:14:50,520 [39fc65de-49e5-4d05-a568-f4cf96421ecb@group-56FEA48B3F6C-LeaderElection23] INFO  impl.RoleInfo (RoleInfo.java:shutdownLeaderElection(121)) - 39fc65de-49e5-4d05-a568-f4cf96421ecb: shutdown 39fc65de-49e5-4d05-a568-f4cf96421ecb@group-56FEA48B3F6C-LeaderElection23
2022-02-01 01:14:50,520 [39fc65de-49e5-4d05-a568-f4cf96421ecb@group-56FEA48B3F6C-LeaderElection23] INFO  impl.RoleInfo (RoleInfo.java:updateAndGet(130)) - 39fc65de-49e5-4d05-a568-f4cf96421ecb: start 39fc65de-49e5-4d05-a568-f4cf96421ecb@group-56FEA48B3F6C-FollowerState
2022-02-01 01:14:50,520 [grpc-default-executor-3] INFO  server.RaftServer$Division (RaftServerImpl.java:requestVote(1046)) - aad00493-843f-40cd-b56e-bcb32a0b843f@group-56FEA48B3F6C: receive requestVote(ELECTION, 08f587f6-d3d0-450e-bf31-fc9adbdb5c63, group-56FEA48B3F6C, 3, (t:0, i:0))
2022-02-01 01:14:50,521 [grpc-default-executor-3] INFO  impl.VoteContext (VoteContext.java:log(48)) - aad00493-843f-40cd-b56e-bcb32a0b843f@group-56FEA48B3F6C-FOLLOWER: reject ELECTION from 08f587f6-d3d0-450e-bf31-fc9adbdb5c63: already has voted for aad00493-843f-40cd-b56e-bcb32a0b843f at current term 3
2022-02-01 01:14:50,521 [grpc-default-executor-3] INFO  server.RaftServer$Division (RaftServerImpl.java:requestVote(1078)) - aad00493-843f-40cd-b56e-bcb32a0b843f@group-56FEA48B3F6C replies to ELECTION vote request: 08f587f6-d3d0-450e-bf31-fc9adbdb5c63<-aad00493-843f-40cd-b56e-bcb32a0b843f#0:FAIL-t3. Peer's state: aad00493-843f-40cd-b56e-bcb32a0b843f@group-56FEA48B3F6C:t3, leader=null, voted=aad00493-843f-40cd-b56e-bcb32a0b843f, raftlog=aad00493-843f-40cd-b56e-bcb32a0b843f@group-56FEA48B3F6C-SegmentedRaftLog:OPENED:c-1, conf=-1: [39fc65de-49e5-4d05-a568-f4cf96421ecb|rpc:10.1.0.7:44069|dataStream:|priority:0, 08f587f6-d3d0-450e-bf31-fc9adbdb5c63|rpc:10.1.0.7:35597|dataStream:|priority:0, aad00493-843f-40cd-b56e-bcb32a0b843f|rpc:10.1.0.7:46817|dataStream:|priority:1], old=null
2022-02-01 01:14:50,520 [grpc-default-executor-0] INFO  server.RaftServer$Division (RaftServerImpl.java:requestVote(1046)) - 39fc65de-49e5-4d05-a568-f4cf96421ecb@group-56FEA48B3F6C: receive requestVote(ELECTION, 08f587f6-d3d0-450e-bf31-fc9adbdb5c63, group-56FEA48B3F6C, 3, (t:0, i:0))
2022-02-01 01:14:50,528 [grpc-default-executor-0] INFO  impl.VoteContext (VoteContext.java:log(48)) - 39fc65de-49e5-4d05-a568-f4cf96421ecb@group-56FEA48B3F6C-FOLLOWER: reject ELECTION from 08f587f6-d3d0-450e-bf31-fc9adbdb5c63: already has voted for 39fc65de-49e5-4d05-a568-f4cf96421ecb at current term 3
2022-02-01 01:14:50,528 [grpc-default-executor-0] INFO  server.RaftServer$Division (RaftServerImpl.java:requestVote(1078)) - 39fc65de-49e5-4d05-a568-f4cf96421ecb@group-56FEA48B3F6C replies to ELECTION vote request: 08f587f6-d3d0-450e-bf31-fc9adbdb5c63<-39fc65de-49e5-4d05-a568-f4cf96421ecb#0:FAIL-t3. Peer's state: 39fc65de-49e5-4d05-a568-f4cf96421ecb@group-56FEA48B3F6C:t3, leader=null, voted=39fc65de-49e5-4d05-a568-f4cf96421ecb, raftlog=39fc65de-49e5-4d05-a568-f4cf96421ecb@group-56FEA48B3F6C-SegmentedRaftLog:OPENED:c-1, conf=-1: [39fc65de-49e5-4d05-a568-f4cf96421ecb|rpc:10.1.0.7:44069|dataStream:|priority:0, 08f587f6-d3d0-450e-bf31-fc9adbdb5c63|rpc:10.1.0.7:35597|dataStream:|priority:0, aad00493-843f-40cd-b56e-bcb32a0b843f|rpc:10.1.0.7:46817|dataStream:|priority:1], old=null
2022-02-01 01:14:50,547 [08f587f6-d3d0-450e-bf31-fc9adbdb5c63@group-56FEA48B3F6C-LeaderElection24] INFO  impl.LeaderElection (LeaderElection.java:logAndReturn(89)) - 08f587f6-d3d0-450e-bf31-fc9adbdb5c63@group-56FEA48B3F6C-LeaderElection24: ELECTION REJECTED received 2 response(s) and 0 exception(s):
2022-02-01 01:14:50,548 [08f587f6-d3d0-450e-bf31-fc9adbdb5c63@group-56FEA48B3F6C-LeaderElection24] INFO  impl.LeaderElection (LeaderElection.java:logAndReturn(93)) -   Response 0: 08f587f6-d3d0-450e-bf31-fc9adbdb5c63<-39fc65de-49e5-4d05-a568-f4cf96421ecb#0:FAIL-t3
2022-02-01 01:14:50,548 [08f587f6-d3d0-450e-bf31-fc9adbdb5c63@group-56FEA48B3F6C-LeaderElection24] INFO  impl.LeaderElection (LeaderElection.java:logAndReturn(93)) -   Response 1: 08f587f6-d3d0-450e-bf31-fc9adbdb5c63<-aad00493-843f-40cd-b56e-bcb32a0b843f#0:FAIL-t3
2022-02-01 01:14:50,548 [08f587f6-d3d0-450e-bf31-fc9adbdb5c63@group-56FEA48B3F6C-LeaderElection24] INFO  impl.LeaderElection (LeaderElection.java:askForVotes(308)) - 08f587f6-d3d0-450e-bf31-fc9adbdb5c63@group-56FEA48B3F6C-LeaderElection24 ELECTION round 0: result REJECTED
2022-02-01 01:14:50,548 [08f587f6-d3d0-450e-bf31-fc9adbdb5c63@group-56FEA48B3F6C-LeaderElection24] INFO  server.RaftServer$Division (RaftServerImpl.java:setRole(290)) - 08f587f6-d3d0-450e-bf31-fc9adbdb5c63@group-56FEA48B3F6C: changes role from CANDIDATE to FOLLOWER at term 3 for REJECTED
2022-02-01 01:14:50,548 [08f587f6-d3d0-450e-bf31-fc9adbdb5c63@group-56FEA48B3F6C-LeaderElection24] INFO  impl.RoleInfo (RoleInfo.java:shutdownLeaderElection(121)) - 08f587f6-d3d0-450e-bf31-fc9adbdb5c63: shutdown 08f587f6-d3d0-450e-bf31-fc9adbdb5c63@group-56FEA48B3F6C-LeaderElection24
2022-02-01 01:14:50,549 [08f587f6-d3d0-450e-bf31-fc9adbdb5c63@group-56FEA48B3F6C-LeaderElection24] INFO  impl.RoleInfo (RoleInfo.java:updateAndGet(130)) - 08f587f6-d3d0-450e-bf31-fc9adbdb5c63: start 08f587f6-d3d0-450e-bf31-fc9adbdb5c63@group-56FEA48B3F6C-FollowerState
2022-02-01 01:14:51,438 [Listener at 127.0.0.1/34793] INFO  ozone.MiniOzoneClusterImpl (MiniOzoneClusterImpl.java:lambda$waitForClusterToBeReady$0(219)) - Nodes are ready. Got 3 of 3 DN Heartbeats.
2022-02-01 01:14:51,439 [Listener at 127.0.0.1/34793] INFO  ozone.MiniOzoneClusterImpl (MiniOzoneClusterImpl.java:lambda$waitForClusterToBeReady$0(222)) - Waiting for cluster to exit safe mode
2022-02-01 01:14:51,439 [Listener at 127.0.0.1/34793] INFO  ozone.MiniOzoneClusterImpl (MiniOzoneClusterImpl.java:lambda$waitForClusterToBeReady$0(224)) - SCM became leader
2022-02-01 01:14:52,440 [Listener at 127.0.0.1/34793] INFO  ozone.MiniOzoneClusterImpl (MiniOzoneClusterImpl.java:lambda$waitForClusterToBeReady$0(219)) - Nodes are ready. Got 3 of 3 DN Heartbeats.
2022-02-01 01:14:52,440 [Listener at 127.0.0.1/34793] INFO  ozone.MiniOzoneClusterImpl (MiniOzoneClusterImpl.java:lambda$waitForClusterToBeReady$0(222)) - Waiting for cluster to exit safe mode
2022-02-01 01:14:52,440 [Listener at 127.0.0.1/34793] INFO  ozone.MiniOzoneClusterImpl (MiniOzoneClusterImpl.java:lambda$waitForClusterToBeReady$0(224)) - SCM became leader
2022-02-01 01:14:53,440 [Listener at 127.0.0.1/34793] INFO  ozone.MiniOzoneClusterImpl (MiniOzoneClusterImpl.java:lambda$waitForClusterToBeReady$0(219)) - Nodes are ready. Got 3 of 3 DN Heartbeats.
2022-02-01 01:14:53,440 [Listener at 127.0.0.1/34793] INFO  ozone.MiniOzoneClusterImpl (MiniOzoneClusterImpl.java:lambda$waitForClusterToBeReady$0(222)) - Waiting for cluster to exit safe mode
2022-02-01 01:14:53,441 [Listener at 127.0.0.1/34793] INFO  ozone.MiniOzoneClusterImpl (MiniOzoneClusterImpl.java:lambda$waitForClusterToBeReady$0(224)) - SCM became leader
2022-02-01 01:14:54,441 [Listener at 127.0.0.1/34793] INFO  ozone.MiniOzoneClusterImpl (MiniOzoneClusterImpl.java:lambda$waitForClusterToBeReady$0(219)) - Nodes are ready. Got 3 of 3 DN Heartbeats.
2022-02-01 01:14:54,441 [Listener at 127.0.0.1/34793] INFO  ozone.MiniOzoneClusterImpl (MiniOzoneClusterImpl.java:lambda$waitForClusterToBeReady$0(222)) - Waiting for cluster to exit safe mode
2022-02-01 01:14:54,441 [Listener at 127.0.0.1/34793] INFO  ozone.MiniOzoneClusterImpl (MiniOzoneClusterImpl.java:lambda$waitForClusterToBeReady$0(224)) - SCM became leader
2022-02-01 01:14:55,442 [Listener at 127.0.0.1/34793] INFO  ozone.MiniOzoneClusterImpl (MiniOzoneClusterImpl.java:lambda$waitForClusterToBeReady$0(219)) - Nodes are ready. Got 3 of 3 DN Heartbeats.
2022-02-01 01:14:55,442 [Listener at 127.0.0.1/34793] INFO  ozone.MiniOzoneClusterImpl (MiniOzoneClusterImpl.java:lambda$waitForClusterToBeReady$0(222)) - Waiting for cluster to exit safe mode
2022-02-01 01:14:55,442 [Listener at 127.0.0.1/34793] INFO  ozone.MiniOzoneClusterImpl (MiniOzoneClusterImpl.java:lambda$waitForClusterToBeReady$0(224)) - SCM became leader
2022-02-01 01:14:55,575 [39fc65de-49e5-4d05-a568-f4cf96421ecb@group-56FEA48B3F6C-FollowerState] INFO  impl.FollowerState (FollowerState.java:run(134)) - 39fc65de-49e5-4d05-a568-f4cf96421ecb@group-56FEA48B3F6C-FollowerState: change to CANDIDATE, lastRpcElapsedTime:5054812375ns, electionTimeout:5047ms
2022-02-01 01:14:55,575 [39fc65de-49e5-4d05-a568-f4cf96421ecb@group-56FEA48B3F6C-FollowerState] INFO  impl.RoleInfo (RoleInfo.java:shutdownFollowerState(108)) - 39fc65de-49e5-4d05-a568-f4cf96421ecb: shutdown 39fc65de-49e5-4d05-a568-f4cf96421ecb@group-56FEA48B3F6C-FollowerState
2022-02-01 01:14:55,575 [39fc65de-49e5-4d05-a568-f4cf96421ecb@group-56FEA48B3F6C-FollowerState] INFO  server.RaftServer$Division (RaftServerImpl.java:setRole(290)) - 39fc65de-49e5-4d05-a568-f4cf96421ecb@group-56FEA48B3F6C: changes role from  FOLLOWER to CANDIDATE at term 3 for changeToCandidate
2022-02-01 01:14:55,576 [39fc65de-49e5-4d05-a568-f4cf96421ecb@group-56FEA48B3F6C-FollowerState] INFO  server.RaftServerConfigKeys (ConfUtils.java:logGet(44)) - raft.server.leaderelection.pre-vote = false (custom)
2022-02-01 01:14:55,576 [39fc65de-49e5-4d05-a568-f4cf96421ecb@group-56FEA48B3F6C-FollowerState] INFO  impl.RoleInfo (RoleInfo.java:updateAndGet(130)) - 39fc65de-49e5-4d05-a568-f4cf96421ecb: start 39fc65de-49e5-4d05-a568-f4cf96421ecb@group-56FEA48B3F6C-LeaderElection25
2022-02-01 01:14:55,603 [39fc65de-49e5-4d05-a568-f4cf96421ecb@group-56FEA48B3F6C-LeaderElection25] INFO  impl.LeaderElection (LeaderElection.java:askForVotes(306)) - 39fc65de-49e5-4d05-a568-f4cf96421ecb@group-56FEA48B3F6C-LeaderElection25 ELECTION round 0: submit vote requests at term 4 for -1: [39fc65de-49e5-4d05-a568-f4cf96421ecb|rpc:10.1.0.7:44069|dataStream:|priority:0, 08f587f6-d3d0-450e-bf31-fc9adbdb5c63|rpc:10.1.0.7:35597|dataStream:|priority:0, aad00493-843f-40cd-b56e-bcb32a0b843f|rpc:10.1.0.7:46817|dataStream:|priority:1], old=null
2022-02-01 01:14:55,635 [grpc-default-executor-3] INFO  server.RaftServer$Division (RaftServerImpl.java:requestVote(1046)) - 08f587f6-d3d0-450e-bf31-fc9adbdb5c63@group-56FEA48B3F6C: receive requestVote(ELECTION, 39fc65de-49e5-4d05-a568-f4cf96421ecb, group-56FEA48B3F6C, 4, (t:0, i:0))
2022-02-01 01:14:55,635 [grpc-default-executor-3] INFO  impl.VoteContext (VoteContext.java:log(48)) - 08f587f6-d3d0-450e-bf31-fc9adbdb5c63@group-56FEA48B3F6C-FOLLOWER: accept ELECTION from 39fc65de-49e5-4d05-a568-f4cf96421ecb: our priority 0 <= candidate's priority 0
2022-02-01 01:14:55,635 [grpc-default-executor-3] INFO  server.RaftServer$Division (RaftServerImpl.java:setRole(290)) - 08f587f6-d3d0-450e-bf31-fc9adbdb5c63@group-56FEA48B3F6C: changes role from  FOLLOWER to FOLLOWER at term 4 for candidate:39fc65de-49e5-4d05-a568-f4cf96421ecb
2022-02-01 01:14:55,635 [grpc-default-executor-3] INFO  impl.RoleInfo (RoleInfo.java:shutdownFollowerState(108)) - 08f587f6-d3d0-450e-bf31-fc9adbdb5c63: shutdown 08f587f6-d3d0-450e-bf31-fc9adbdb5c63@group-56FEA48B3F6C-FollowerState
2022-02-01 01:14:55,635 [grpc-default-executor-3] INFO  impl.RoleInfo (RoleInfo.java:updateAndGet(130)) - 08f587f6-d3d0-450e-bf31-fc9adbdb5c63: start 08f587f6-d3d0-450e-bf31-fc9adbdb5c63@group-56FEA48B3F6C-FollowerState
2022-02-01 01:14:55,635 [08f587f6-d3d0-450e-bf31-fc9adbdb5c63@group-56FEA48B3F6C-FollowerState] INFO  impl.FollowerState (FollowerState.java:run(143)) - 08f587f6-d3d0-450e-bf31-fc9adbdb5c63@group-56FEA48B3F6C-FollowerState was interrupted: {}
java.lang.InterruptedException: sleep interrupted
	at java.lang.Thread.sleep(Native Method)
	at java.lang.Thread.sleep(Thread.java:340)
	at java.util.concurrent.TimeUnit.sleep(TimeUnit.java:386)
	at org.apache.ratis.util.TimeDuration.sleep(TimeDuration.java:324)
	at org.apache.ratis.util.TimeDuration.sleep(TimeDuration.java:309)
	at org.apache.ratis.server.impl.FollowerState.run(FollowerState.java:118)
2022-02-01 01:14:55,642 [grpc-default-executor-3] INFO  server.RaftServer$Division (RaftServerImpl.java:requestVote(1078)) - 08f587f6-d3d0-450e-bf31-fc9adbdb5c63@group-56FEA48B3F6C replies to ELECTION vote request: 39fc65de-49e5-4d05-a568-f4cf96421ecb<-08f587f6-d3d0-450e-bf31-fc9adbdb5c63#0:OK-t4. Peer's state: 08f587f6-d3d0-450e-bf31-fc9adbdb5c63@group-56FEA48B3F6C:t4, leader=null, voted=39fc65de-49e5-4d05-a568-f4cf96421ecb, raftlog=08f587f6-d3d0-450e-bf31-fc9adbdb5c63@group-56FEA48B3F6C-SegmentedRaftLog:OPENED:c-1, conf=-1: [39fc65de-49e5-4d05-a568-f4cf96421ecb|rpc:10.1.0.7:44069|priority:0, 08f587f6-d3d0-450e-bf31-fc9adbdb5c63|rpc:10.1.0.7:35597|priority:0, aad00493-843f-40cd-b56e-bcb32a0b843f|rpc:10.1.0.7:46817|priority:1], old=null
2022-02-01 01:14:55,654 [grpc-default-executor-0] INFO  server.RaftServer$Division (RaftServerImpl.java:requestVote(1046)) - aad00493-843f-40cd-b56e-bcb32a0b843f@group-56FEA48B3F6C: receive requestVote(ELECTION, 39fc65de-49e5-4d05-a568-f4cf96421ecb, group-56FEA48B3F6C, 4, (t:0, i:0))
2022-02-01 01:14:55,642 [aad00493-843f-40cd-b56e-bcb32a0b843f@group-56FEA48B3F6C-FollowerState] INFO  impl.FollowerState (FollowerState.java:run(134)) - aad00493-843f-40cd-b56e-bcb32a0b843f@group-56FEA48B3F6C-FollowerState: change to CANDIDATE, lastRpcElapsedTime:5146180370ns, electionTimeout:5099ms
2022-02-01 01:14:55,655 [aad00493-843f-40cd-b56e-bcb32a0b843f@group-56FEA48B3F6C-FollowerState] INFO  impl.RoleInfo (RoleInfo.java:shutdownFollowerState(108)) - aad00493-843f-40cd-b56e-bcb32a0b843f: shutdown aad00493-843f-40cd-b56e-bcb32a0b843f@group-56FEA48B3F6C-FollowerState
2022-02-01 01:14:55,655 [aad00493-843f-40cd-b56e-bcb32a0b843f@group-56FEA48B3F6C-FollowerState] INFO  server.RaftServer$Division (RaftServerImpl.java:setRole(290)) - aad00493-843f-40cd-b56e-bcb32a0b843f@group-56FEA48B3F6C: changes role from  FOLLOWER to CANDIDATE at term 3 for changeToCandidate
2022-02-01 01:14:55,655 [aad00493-843f-40cd-b56e-bcb32a0b843f@group-56FEA48B3F6C-FollowerState] INFO  server.RaftServerConfigKeys (ConfUtils.java:logGet(44)) - raft.server.leaderelection.pre-vote = false (custom)
2022-02-01 01:14:55,655 [aad00493-843f-40cd-b56e-bcb32a0b843f@group-56FEA48B3F6C-FollowerState] INFO  impl.RoleInfo (RoleInfo.java:updateAndGet(130)) - aad00493-843f-40cd-b56e-bcb32a0b843f: start aad00493-843f-40cd-b56e-bcb32a0b843f@group-56FEA48B3F6C-LeaderElection26
2022-02-01 01:14:55,655 [grpc-default-executor-0] INFO  impl.VoteContext (VoteContext.java:log(48)) - aad00493-843f-40cd-b56e-bcb32a0b843f@group-56FEA48B3F6C-CANDIDATE: reject ELECTION from 39fc65de-49e5-4d05-a568-f4cf96421ecb: our priority 1 > candidate's priority 0
2022-02-01 01:14:55,655 [grpc-default-executor-0] INFO  server.RaftServer$Division (RaftServerImpl.java:setRole(290)) - aad00493-843f-40cd-b56e-bcb32a0b843f@group-56FEA48B3F6C: changes role from CANDIDATE to FOLLOWER at term 4 for candidate:39fc65de-49e5-4d05-a568-f4cf96421ecb
2022-02-01 01:14:55,655 [grpc-default-executor-0] INFO  impl.RoleInfo (RoleInfo.java:shutdownLeaderElection(121)) - aad00493-843f-40cd-b56e-bcb32a0b843f: shutdown aad00493-843f-40cd-b56e-bcb32a0b843f@group-56FEA48B3F6C-LeaderElection26
2022-02-01 01:14:55,655 [grpc-default-executor-0] INFO  impl.RoleInfo (RoleInfo.java:updateAndGet(130)) - aad00493-843f-40cd-b56e-bcb32a0b843f: start aad00493-843f-40cd-b56e-bcb32a0b843f@group-56FEA48B3F6C-FollowerState
2022-02-01 01:14:55,657 [grpc-default-executor-0] INFO  server.RaftServer$Division (RaftServerImpl.java:requestVote(1078)) - aad00493-843f-40cd-b56e-bcb32a0b843f@group-56FEA48B3F6C replies to ELECTION vote request: 39fc65de-49e5-4d05-a568-f4cf96421ecb<-aad00493-843f-40cd-b56e-bcb32a0b843f#0:FAIL-t4. Peer's state: aad00493-843f-40cd-b56e-bcb32a0b843f@group-56FEA48B3F6C:t4, leader=null, voted=null, raftlog=aad00493-843f-40cd-b56e-bcb32a0b843f@group-56FEA48B3F6C-SegmentedRaftLog:OPENED:c-1, conf=-1: [39fc65de-49e5-4d05-a568-f4cf96421ecb|rpc:10.1.0.7:44069|dataStream:|priority:0, 08f587f6-d3d0-450e-bf31-fc9adbdb5c63|rpc:10.1.0.7:35597|dataStream:|priority:0, aad00493-843f-40cd-b56e-bcb32a0b843f|rpc:10.1.0.7:46817|dataStream:|priority:1], old=null
2022-02-01 01:14:55,660 [39fc65de-49e5-4d05-a568-f4cf96421ecb@group-56FEA48B3F6C-LeaderElection25] INFO  impl.LeaderElection (LeaderElection.java:logAndReturn(89)) - 39fc65de-49e5-4d05-a568-f4cf96421ecb@group-56FEA48B3F6C-LeaderElection25: ELECTION REJECTED received 1 response(s) and 0 exception(s):
2022-02-01 01:14:55,660 [39fc65de-49e5-4d05-a568-f4cf96421ecb@group-56FEA48B3F6C-LeaderElection25] INFO  impl.LeaderElection (LeaderElection.java:logAndReturn(93)) -   Response 0: 39fc65de-49e5-4d05-a568-f4cf96421ecb<-aad00493-843f-40cd-b56e-bcb32a0b843f#0:FAIL-t4
2022-02-01 01:14:55,660 [39fc65de-49e5-4d05-a568-f4cf96421ecb@group-56FEA48B3F6C-LeaderElection25] INFO  impl.LeaderElection (LeaderElection.java:askForVotes(308)) - 39fc65de-49e5-4d05-a568-f4cf96421ecb@group-56FEA48B3F6C-LeaderElection25 ELECTION round 0: result REJECTED
2022-02-01 01:14:55,660 [39fc65de-49e5-4d05-a568-f4cf96421ecb@group-56FEA48B3F6C-LeaderElection25] INFO  server.RaftServer$Division (RaftServerImpl.java:setRole(290)) - 39fc65de-49e5-4d05-a568-f4cf96421ecb@group-56FEA48B3F6C: changes role from CANDIDATE to FOLLOWER at term 4 for REJECTED
2022-02-01 01:14:55,660 [39fc65de-49e5-4d05-a568-f4cf96421ecb@group-56FEA48B3F6C-LeaderElection25] INFO  impl.RoleInfo (RoleInfo.java:shutdownLeaderElection(121)) - 39fc65de-49e5-4d05-a568-f4cf96421ecb: shutdown 39fc65de-49e5-4d05-a568-f4cf96421ecb@group-56FEA48B3F6C-LeaderElection25
2022-02-01 01:14:55,660 [39fc65de-49e5-4d05-a568-f4cf96421ecb@group-56FEA48B3F6C-LeaderElection25] INFO  impl.RoleInfo (RoleInfo.java:updateAndGet(130)) - 39fc65de-49e5-4d05-a568-f4cf96421ecb: start 39fc65de-49e5-4d05-a568-f4cf96421ecb@group-56FEA48B3F6C-FollowerState
2022-02-01 01:14:56,442 [Listener at 127.0.0.1/34793] INFO  ozone.MiniOzoneClusterImpl (MiniOzoneClusterImpl.java:lambda$waitForClusterToBeReady$0(219)) - Nodes are ready. Got 3 of 3 DN Heartbeats.
2022-02-01 01:14:56,444 [Listener at 127.0.0.1/34793] INFO  ozone.MiniOzoneClusterImpl (MiniOzoneClusterImpl.java:lambda$waitForClusterToBeReady$0(222)) - Waiting for cluster to exit safe mode
2022-02-01 01:14:56,444 [Listener at 127.0.0.1/34793] INFO  ozone.MiniOzoneClusterImpl (MiniOzoneClusterImpl.java:lambda$waitForClusterToBeReady$0(224)) - SCM became leader
2022-02-01 01:14:57,444 [Listener at 127.0.0.1/34793] INFO  ozone.MiniOzoneClusterImpl (MiniOzoneClusterImpl.java:lambda$waitForClusterToBeReady$0(219)) - Nodes are ready. Got 3 of 3 DN Heartbeats.
2022-02-01 01:14:57,445 [Listener at 127.0.0.1/34793] INFO  ozone.MiniOzoneClusterImpl (MiniOzoneClusterImpl.java:lambda$waitForClusterToBeReady$0(222)) - Waiting for cluster to exit safe mode
2022-02-01 01:14:57,445 [Listener at 127.0.0.1/34793] INFO  ozone.MiniOzoneClusterImpl (MiniOzoneClusterImpl.java:lambda$waitForClusterToBeReady$0(224)) - SCM became leader
2022-02-01 01:14:58,445 [Listener at 127.0.0.1/34793] INFO  ozone.MiniOzoneClusterImpl (MiniOzoneClusterImpl.java:lambda$waitForClusterToBeReady$0(219)) - Nodes are ready. Got 3 of 3 DN Heartbeats.
2022-02-01 01:14:58,445 [Listener at 127.0.0.1/34793] INFO  ozone.MiniOzoneClusterImpl (MiniOzoneClusterImpl.java:lambda$waitForClusterToBeReady$0(222)) - Waiting for cluster to exit safe mode
2022-02-01 01:14:58,445 [Listener at 127.0.0.1/34793] INFO  ozone.MiniOzoneClusterImpl (MiniOzoneClusterImpl.java:lambda$waitForClusterToBeReady$0(224)) - SCM became leader
2022-02-01 01:14:59,448 [Listener at 127.0.0.1/34793] INFO  ozone.MiniOzoneClusterImpl (MiniOzoneClusterImpl.java:lambda$waitForClusterToBeReady$0(219)) - Nodes are ready. Got 3 of 3 DN Heartbeats.
2022-02-01 01:14:59,448 [Listener at 127.0.0.1/34793] INFO  ozone.MiniOzoneClusterImpl (MiniOzoneClusterImpl.java:lambda$waitForClusterToBeReady$0(222)) - Waiting for cluster to exit safe mode
2022-02-01 01:14:59,448 [Listener at 127.0.0.1/34793] INFO  ozone.MiniOzoneClusterImpl (MiniOzoneClusterImpl.java:lambda$waitForClusterToBeReady$0(224)) - SCM became leader
2022-02-01 01:15:00,449 [Listener at 127.0.0.1/34793] INFO  ozone.MiniOzoneClusterImpl (MiniOzoneClusterImpl.java:lambda$waitForClusterToBeReady$0(219)) - Nodes are ready. Got 3 of 3 DN Heartbeats.
2022-02-01 01:15:00,449 [Listener at 127.0.0.1/34793] INFO  ozone.MiniOzoneClusterImpl (MiniOzoneClusterImpl.java:lambda$waitForClusterToBeReady$0(222)) - Waiting for cluster to exit safe mode
2022-02-01 01:15:00,449 [Listener at 127.0.0.1/34793] INFO  ozone.MiniOzoneClusterImpl (MiniOzoneClusterImpl.java:lambda$waitForClusterToBeReady$0(224)) - SCM became leader
2022-02-01 01:15:00,686 [39fc65de-49e5-4d05-a568-f4cf96421ecb@group-56FEA48B3F6C-FollowerState] INFO  impl.FollowerState (FollowerState.java:run(134)) - 39fc65de-49e5-4d05-a568-f4cf96421ecb@group-56FEA48B3F6C-FollowerState: change to CANDIDATE, lastRpcElapsedTime:5026083331ns, electionTimeout:5001ms
2022-02-01 01:15:00,686 [39fc65de-49e5-4d05-a568-f4cf96421ecb@group-56FEA48B3F6C-FollowerState] INFO  impl.RoleInfo (RoleInfo.java:shutdownFollowerState(108)) - 39fc65de-49e5-4d05-a568-f4cf96421ecb: shutdown 39fc65de-49e5-4d05-a568-f4cf96421ecb@group-56FEA48B3F6C-FollowerState
2022-02-01 01:15:00,686 [39fc65de-49e5-4d05-a568-f4cf96421ecb@group-56FEA48B3F6C-FollowerState] INFO  server.RaftServer$Division (RaftServerImpl.java:setRole(290)) - 39fc65de-49e5-4d05-a568-f4cf96421ecb@group-56FEA48B3F6C: changes role from  FOLLOWER to CANDIDATE at term 4 for changeToCandidate
2022-02-01 01:15:00,686 [39fc65de-49e5-4d05-a568-f4cf96421ecb@group-56FEA48B3F6C-FollowerState] INFO  server.RaftServerConfigKeys (ConfUtils.java:logGet(44)) - raft.server.leaderelection.pre-vote = false (custom)
2022-02-01 01:15:00,687 [39fc65de-49e5-4d05-a568-f4cf96421ecb@group-56FEA48B3F6C-FollowerState] INFO  impl.RoleInfo (RoleInfo.java:updateAndGet(130)) - 39fc65de-49e5-4d05-a568-f4cf96421ecb: start 39fc65de-49e5-4d05-a568-f4cf96421ecb@group-56FEA48B3F6C-LeaderElection27
2022-02-01 01:15:00,702 [39fc65de-49e5-4d05-a568-f4cf96421ecb@group-56FEA48B3F6C-LeaderElection27] INFO  impl.LeaderElection (LeaderElection.java:askForVotes(306)) - 39fc65de-49e5-4d05-a568-f4cf96421ecb@group-56FEA48B3F6C-LeaderElection27 ELECTION round 0: submit vote requests at term 5 for -1: [39fc65de-49e5-4d05-a568-f4cf96421ecb|rpc:10.1.0.7:44069|dataStream:|priority:0, 08f587f6-d3d0-450e-bf31-fc9adbdb5c63|rpc:10.1.0.7:35597|dataStream:|priority:0, aad00493-843f-40cd-b56e-bcb32a0b843f|rpc:10.1.0.7:46817|dataStream:|priority:1], old=null
2022-02-01 01:15:00,726 [aad00493-843f-40cd-b56e-bcb32a0b843f@group-56FEA48B3F6C-FollowerState] INFO  impl.FollowerState (FollowerState.java:run(134)) - aad00493-843f-40cd-b56e-bcb32a0b843f@group-56FEA48B3F6C-FollowerState: change to CANDIDATE, lastRpcElapsedTime:5070730160ns, electionTimeout:5070ms
2022-02-01 01:15:00,726 [aad00493-843f-40cd-b56e-bcb32a0b843f@group-56FEA48B3F6C-FollowerState] INFO  impl.RoleInfo (RoleInfo.java:shutdownFollowerState(108)) - aad00493-843f-40cd-b56e-bcb32a0b843f: shutdown aad00493-843f-40cd-b56e-bcb32a0b843f@group-56FEA48B3F6C-FollowerState
2022-02-01 01:15:00,726 [aad00493-843f-40cd-b56e-bcb32a0b843f@group-56FEA48B3F6C-FollowerState] INFO  server.RaftServer$Division (RaftServerImpl.java:setRole(290)) - aad00493-843f-40cd-b56e-bcb32a0b843f@group-56FEA48B3F6C: changes role from  FOLLOWER to CANDIDATE at term 4 for changeToCandidate
2022-02-01 01:15:00,727 [aad00493-843f-40cd-b56e-bcb32a0b843f@group-56FEA48B3F6C-FollowerState] INFO  server.RaftServerConfigKeys (ConfUtils.java:logGet(44)) - raft.server.leaderelection.pre-vote = false (custom)
2022-02-01 01:15:00,728 [aad00493-843f-40cd-b56e-bcb32a0b843f@group-56FEA48B3F6C-FollowerState] INFO  impl.RoleInfo (RoleInfo.java:updateAndGet(130)) - aad00493-843f-40cd-b56e-bcb32a0b843f: start aad00493-843f-40cd-b56e-bcb32a0b843f@group-56FEA48B3F6C-LeaderElection28
2022-02-01 01:15:00,741 [grpc-default-executor-0] INFO  server.RaftServer$Division (RaftServerImpl.java:requestVote(1046)) - 08f587f6-d3d0-450e-bf31-fc9adbdb5c63@group-56FEA48B3F6C: receive requestVote(ELECTION, 39fc65de-49e5-4d05-a568-f4cf96421ecb, group-56FEA48B3F6C, 5, (t:0, i:0))
2022-02-01 01:15:00,744 [08f587f6-d3d0-450e-bf31-fc9adbdb5c63@group-56FEA48B3F6C-FollowerState] INFO  impl.FollowerState (FollowerState.java:run(134)) - 08f587f6-d3d0-450e-bf31-fc9adbdb5c63@group-56FEA48B3F6C-FollowerState: change to CANDIDATE, lastRpcElapsedTime:5101432363ns, electionTimeout:5083ms
2022-02-01 01:15:00,744 [08f587f6-d3d0-450e-bf31-fc9adbdb5c63@group-56FEA48B3F6C-FollowerState] INFO  impl.RoleInfo (RoleInfo.java:shutdownFollowerState(108)) - 08f587f6-d3d0-450e-bf31-fc9adbdb5c63: shutdown 08f587f6-d3d0-450e-bf31-fc9adbdb5c63@group-56FEA48B3F6C-FollowerState
2022-02-01 01:15:00,744 [08f587f6-d3d0-450e-bf31-fc9adbdb5c63@group-56FEA48B3F6C-FollowerState] INFO  server.RaftServer$Division (RaftServerImpl.java:setRole(290)) - 08f587f6-d3d0-450e-bf31-fc9adbdb5c63@group-56FEA48B3F6C: changes role from  FOLLOWER to CANDIDATE at term 4 for changeToCandidate
2022-02-01 01:15:00,744 [08f587f6-d3d0-450e-bf31-fc9adbdb5c63@group-56FEA48B3F6C-FollowerState] INFO  server.RaftServerConfigKeys (ConfUtils.java:logGet(44)) - raft.server.leaderelection.pre-vote = false (custom)
2022-02-01 01:15:00,744 [08f587f6-d3d0-450e-bf31-fc9adbdb5c63@group-56FEA48B3F6C-FollowerState] INFO  impl.RoleInfo (RoleInfo.java:updateAndGet(130)) - 08f587f6-d3d0-450e-bf31-fc9adbdb5c63: start 08f587f6-d3d0-450e-bf31-fc9adbdb5c63@group-56FEA48B3F6C-LeaderElection29
2022-02-01 01:15:00,744 [grpc-default-executor-0] INFO  impl.VoteContext (VoteContext.java:log(48)) - 08f587f6-d3d0-450e-bf31-fc9adbdb5c63@group-56FEA48B3F6C-CANDIDATE: accept ELECTION from 39fc65de-49e5-4d05-a568-f4cf96421ecb: our priority 0 <= candidate's priority 0
2022-02-01 01:15:00,745 [grpc-default-executor-0] INFO  server.RaftServer$Division (RaftServerImpl.java:setRole(290)) - 08f587f6-d3d0-450e-bf31-fc9adbdb5c63@group-56FEA48B3F6C: changes role from CANDIDATE to FOLLOWER at term 5 for candidate:39fc65de-49e5-4d05-a568-f4cf96421ecb
2022-02-01 01:15:00,745 [grpc-default-executor-0] INFO  impl.RoleInfo (RoleInfo.java:shutdownLeaderElection(121)) - 08f587f6-d3d0-450e-bf31-fc9adbdb5c63: shutdown 08f587f6-d3d0-450e-bf31-fc9adbdb5c63@group-56FEA48B3F6C-LeaderElection29
2022-02-01 01:15:00,745 [grpc-default-executor-0] INFO  impl.RoleInfo (RoleInfo.java:updateAndGet(130)) - 08f587f6-d3d0-450e-bf31-fc9adbdb5c63: start 08f587f6-d3d0-450e-bf31-fc9adbdb5c63@group-56FEA48B3F6C-FollowerState
2022-02-01 01:15:00,745 [08f587f6-d3d0-450e-bf31-fc9adbdb5c63@group-56FEA48B3F6C-LeaderElection29] INFO  impl.LeaderElection (LeaderElection.java:run(230)) - 08f587f6-d3d0-450e-bf31-fc9adbdb5c63@group-56FEA48B3F6C-LeaderElection29: skip running since this is already CLOSING
2022-02-01 01:15:00,751 [grpc-default-executor-0] INFO  server.RaftServer$Division (RaftServerImpl.java:requestVote(1078)) - 08f587f6-d3d0-450e-bf31-fc9adbdb5c63@group-56FEA48B3F6C replies to ELECTION vote request: 39fc65de-49e5-4d05-a568-f4cf96421ecb<-08f587f6-d3d0-450e-bf31-fc9adbdb5c63#0:OK-t5. Peer's state: 08f587f6-d3d0-450e-bf31-fc9adbdb5c63@group-56FEA48B3F6C:t5, leader=null, voted=39fc65de-49e5-4d05-a568-f4cf96421ecb, raftlog=08f587f6-d3d0-450e-bf31-fc9adbdb5c63@group-56FEA48B3F6C-SegmentedRaftLog:OPENED:c-1, conf=-1: [39fc65de-49e5-4d05-a568-f4cf96421ecb|rpc:10.1.0.7:44069|priority:0, 08f587f6-d3d0-450e-bf31-fc9adbdb5c63|rpc:10.1.0.7:35597|priority:0, aad00493-843f-40cd-b56e-bcb32a0b843f|rpc:10.1.0.7:46817|priority:1], old=null
2022-02-01 01:15:00,757 [aad00493-843f-40cd-b56e-bcb32a0b843f@group-56FEA48B3F6C-LeaderElection28] INFO  impl.LeaderElection (LeaderElection.java:askForVotes(306)) - aad00493-843f-40cd-b56e-bcb32a0b843f@group-56FEA48B3F6C-LeaderElection28 ELECTION round 0: submit vote requests at term 5 for -1: [39fc65de-49e5-4d05-a568-f4cf96421ecb|rpc:10.1.0.7:44069|dataStream:|priority:0, 08f587f6-d3d0-450e-bf31-fc9adbdb5c63|rpc:10.1.0.7:35597|dataStream:|priority:0, aad00493-843f-40cd-b56e-bcb32a0b843f|rpc:10.1.0.7:46817|dataStream:|priority:1], old=null
2022-02-01 01:15:00,771 [grpc-default-executor-0] INFO  server.RaftServer$Division (RaftServerImpl.java:requestVote(1046)) - aad00493-843f-40cd-b56e-bcb32a0b843f@group-56FEA48B3F6C: receive requestVote(ELECTION, 39fc65de-49e5-4d05-a568-f4cf96421ecb, group-56FEA48B3F6C, 5, (t:0, i:0))
2022-02-01 01:15:00,771 [grpc-default-executor-0] INFO  impl.VoteContext (VoteContext.java:log(48)) - aad00493-843f-40cd-b56e-bcb32a0b843f@group-56FEA48B3F6C-CANDIDATE: reject ELECTION from 39fc65de-49e5-4d05-a568-f4cf96421ecb: already has voted for aad00493-843f-40cd-b56e-bcb32a0b843f at current term 5
2022-02-01 01:15:00,771 [grpc-default-executor-0] INFO  server.RaftServer$Division (RaftServerImpl.java:requestVote(1078)) - aad00493-843f-40cd-b56e-bcb32a0b843f@group-56FEA48B3F6C replies to ELECTION vote request: 39fc65de-49e5-4d05-a568-f4cf96421ecb<-aad00493-843f-40cd-b56e-bcb32a0b843f#0:FAIL-t5. Peer's state: aad00493-843f-40cd-b56e-bcb32a0b843f@group-56FEA48B3F6C:t5, leader=null, voted=aad00493-843f-40cd-b56e-bcb32a0b843f, raftlog=aad00493-843f-40cd-b56e-bcb32a0b843f@group-56FEA48B3F6C-SegmentedRaftLog:OPENED:c-1, conf=-1: [39fc65de-49e5-4d05-a568-f4cf96421ecb|rpc:10.1.0.7:44069|dataStream:|priority:0, 08f587f6-d3d0-450e-bf31-fc9adbdb5c63|rpc:10.1.0.7:35597|dataStream:|priority:0, aad00493-843f-40cd-b56e-bcb32a0b843f|rpc:10.1.0.7:46817|dataStream:|priority:1], old=null
2022-02-01 01:15:00,783 [39fc65de-49e5-4d05-a568-f4cf96421ecb@group-56FEA48B3F6C-LeaderElection27] INFO  impl.LeaderElection (LeaderElection.java:logAndReturn(89)) - 39fc65de-49e5-4d05-a568-f4cf96421ecb@group-56FEA48B3F6C-LeaderElection27: ELECTION REJECTED received 2 response(s) and 0 exception(s):
2022-02-01 01:15:00,786 [39fc65de-49e5-4d05-a568-f4cf96421ecb@group-56FEA48B3F6C-LeaderElection27] INFO  impl.LeaderElection (LeaderElection.java:logAndReturn(93)) -   Response 0: 39fc65de-49e5-4d05-a568-f4cf96421ecb<-08f587f6-d3d0-450e-bf31-fc9adbdb5c63#0:OK-t5
2022-02-01 01:15:00,786 [39fc65de-49e5-4d05-a568-f4cf96421ecb@group-56FEA48B3F6C-LeaderElection27] INFO  impl.LeaderElection (LeaderElection.java:logAndReturn(93)) -   Response 1: 39fc65de-49e5-4d05-a568-f4cf96421ecb<-aad00493-843f-40cd-b56e-bcb32a0b843f#0:FAIL-t5
2022-02-01 01:15:00,786 [39fc65de-49e5-4d05-a568-f4cf96421ecb@group-56FEA48B3F6C-LeaderElection27] INFO  impl.LeaderElection (LeaderElection.java:askForVotes(308)) - 39fc65de-49e5-4d05-a568-f4cf96421ecb@group-56FEA48B3F6C-LeaderElection27 ELECTION round 0: result REJECTED
2022-02-01 01:15:00,786 [grpc-default-executor-1] INFO  server.RaftServer$Division (RaftServerImpl.java:requestVote(1046)) - 39fc65de-49e5-4d05-a568-f4cf96421ecb@group-56FEA48B3F6C: receive requestVote(ELECTION, aad00493-843f-40cd-b56e-bcb32a0b843f, group-56FEA48B3F6C, 5, (t:0, i:0))
2022-02-01 01:15:00,800 [grpc-default-executor-0] INFO  server.RaftServer$Division (RaftServerImpl.java:requestVote(1046)) - 08f587f6-d3d0-450e-bf31-fc9adbdb5c63@group-56FEA48B3F6C: receive requestVote(ELECTION, aad00493-843f-40cd-b56e-bcb32a0b843f, group-56FEA48B3F6C, 5, (t:0, i:0))
2022-02-01 01:15:00,809 [grpc-default-executor-0] INFO  impl.VoteContext (VoteContext.java:log(48)) - 08f587f6-d3d0-450e-bf31-fc9adbdb5c63@group-56FEA48B3F6C-FOLLOWER: reject ELECTION from aad00493-843f-40cd-b56e-bcb32a0b843f: already has voted for 39fc65de-49e5-4d05-a568-f4cf96421ecb at current term 5
2022-02-01 01:15:00,809 [grpc-default-executor-0] INFO  server.RaftServer$Division (RaftServerImpl.java:requestVote(1078)) - 08f587f6-d3d0-450e-bf31-fc9adbdb5c63@group-56FEA48B3F6C replies to ELECTION vote request: aad00493-843f-40cd-b56e-bcb32a0b843f<-08f587f6-d3d0-450e-bf31-fc9adbdb5c63#0:FAIL-t5. Peer's state: 08f587f6-d3d0-450e-bf31-fc9adbdb5c63@group-56FEA48B3F6C:t5, leader=null, voted=39fc65de-49e5-4d05-a568-f4cf96421ecb, raftlog=08f587f6-d3d0-450e-bf31-fc9adbdb5c63@group-56FEA48B3F6C-SegmentedRaftLog:OPENED:c-1, conf=-1: [39fc65de-49e5-4d05-a568-f4cf96421ecb|rpc:10.1.0.7:44069|priority:0, 08f587f6-d3d0-450e-bf31-fc9adbdb5c63|rpc:10.1.0.7:35597|priority:0, aad00493-843f-40cd-b56e-bcb32a0b843f|rpc:10.1.0.7:46817|priority:1], old=null
2022-02-01 01:15:00,800 [39fc65de-49e5-4d05-a568-f4cf96421ecb@group-56FEA48B3F6C-LeaderElection27] INFO  server.RaftServer$Division (RaftServerImpl.java:setRole(290)) - 39fc65de-49e5-4d05-a568-f4cf96421ecb@group-56FEA48B3F6C: changes role from CANDIDATE to FOLLOWER at term 5 for REJECTED
2022-02-01 01:15:00,810 [39fc65de-49e5-4d05-a568-f4cf96421ecb@group-56FEA48B3F6C-LeaderElection27] INFO  impl.RoleInfo (RoleInfo.java:shutdownLeaderElection(121)) - 39fc65de-49e5-4d05-a568-f4cf96421ecb: shutdown 39fc65de-49e5-4d05-a568-f4cf96421ecb@group-56FEA48B3F6C-LeaderElection27
2022-02-01 01:15:00,810 [39fc65de-49e5-4d05-a568-f4cf96421ecb@group-56FEA48B3F6C-LeaderElection27] INFO  impl.RoleInfo (RoleInfo.java:updateAndGet(130)) - 39fc65de-49e5-4d05-a568-f4cf96421ecb: start 39fc65de-49e5-4d05-a568-f4cf96421ecb@group-56FEA48B3F6C-FollowerState
2022-02-01 01:15:00,820 [grpc-default-executor-1] INFO  impl.VoteContext (VoteContext.java:log(48)) - 39fc65de-49e5-4d05-a568-f4cf96421ecb@group-56FEA48B3F6C-FOLLOWER: reject ELECTION from aad00493-843f-40cd-b56e-bcb32a0b843f: already has voted for 39fc65de-49e5-4d05-a568-f4cf96421ecb at current term 5
2022-02-01 01:15:00,825 [grpc-default-executor-1] INFO  server.RaftServer$Division (RaftServerImpl.java:requestVote(1078)) - 39fc65de-49e5-4d05-a568-f4cf96421ecb@group-56FEA48B3F6C replies to ELECTION vote request: aad00493-843f-40cd-b56e-bcb32a0b843f<-39fc65de-49e5-4d05-a568-f4cf96421ecb#0:FAIL-t5. Peer's state: 39fc65de-49e5-4d05-a568-f4cf96421ecb@group-56FEA48B3F6C:t5, leader=null, voted=39fc65de-49e5-4d05-a568-f4cf96421ecb, raftlog=39fc65de-49e5-4d05-a568-f4cf96421ecb@group-56FEA48B3F6C-SegmentedRaftLog:OPENED:c-1, conf=-1: [39fc65de-49e5-4d05-a568-f4cf96421ecb|rpc:10.1.0.7:44069|dataStream:|priority:0, 08f587f6-d3d0-450e-bf31-fc9adbdb5c63|rpc:10.1.0.7:35597|dataStream:|priority:0, aad00493-843f-40cd-b56e-bcb32a0b843f|rpc:10.1.0.7:46817|dataStream:|priority:1], old=null
2022-02-01 01:15:00,836 [aad00493-843f-40cd-b56e-bcb32a0b843f@group-56FEA48B3F6C-LeaderElection28] INFO  impl.LeaderElection (LeaderElection.java:logAndReturn(89)) - aad00493-843f-40cd-b56e-bcb32a0b843f@group-56FEA48B3F6C-LeaderElection28: ELECTION REJECTED received 2 response(s) and 0 exception(s):
2022-02-01 01:15:00,836 [aad00493-843f-40cd-b56e-bcb32a0b843f@group-56FEA48B3F6C-LeaderElection28] INFO  impl.LeaderElection (LeaderElection.java:logAndReturn(93)) -   Response 0: aad00493-843f-40cd-b56e-bcb32a0b843f<-39fc65de-49e5-4d05-a568-f4cf96421ecb#0:FAIL-t5
2022-02-01 01:15:00,836 [aad00493-843f-40cd-b56e-bcb32a0b843f@group-56FEA48B3F6C-LeaderElection28] INFO  impl.LeaderElection (LeaderElection.java:logAndReturn(93)) -   Response 1: aad00493-843f-40cd-b56e-bcb32a0b843f<-08f587f6-d3d0-450e-bf31-fc9adbdb5c63#0:FAIL-t5
2022-02-01 01:15:00,836 [aad00493-843f-40cd-b56e-bcb32a0b843f@group-56FEA48B3F6C-LeaderElection28] INFO  impl.LeaderElection (LeaderElection.java:askForVotes(308)) - aad00493-843f-40cd-b56e-bcb32a0b843f@group-56FEA48B3F6C-LeaderElection28 ELECTION round 0: result REJECTED
2022-02-01 01:15:00,843 [aad00493-843f-40cd-b56e-bcb32a0b843f@group-56FEA48B3F6C-LeaderElection28] INFO  server.RaftServer$Division (RaftServerImpl.java:setRole(290)) - aad00493-843f-40cd-b56e-bcb32a0b843f@group-56FEA48B3F6C: changes role from CANDIDATE to FOLLOWER at term 5 for REJECTED
2022-02-01 01:15:00,843 [aad00493-843f-40cd-b56e-bcb32a0b843f@group-56FEA48B3F6C-LeaderElection28] INFO  impl.RoleInfo (RoleInfo.java:shutdownLeaderElection(121)) - aad00493-843f-40cd-b56e-bcb32a0b843f: shutdown aad00493-843f-40cd-b56e-bcb32a0b843f@group-56FEA48B3F6C-LeaderElection28
2022-02-01 01:15:00,843 [aad00493-843f-40cd-b56e-bcb32a0b843f@group-56FEA48B3F6C-LeaderElection28] INFO  impl.RoleInfo (RoleInfo.java:updateAndGet(130)) - aad00493-843f-40cd-b56e-bcb32a0b843f: start aad00493-843f-40cd-b56e-bcb32a0b843f@group-56FEA48B3F6C-FollowerState
2022-02-01 01:15:01,449 [Listener at 127.0.0.1/34793] INFO  ozone.MiniOzoneClusterImpl (MiniOzoneClusterImpl.java:lambda$waitForClusterToBeReady$0(219)) - Nodes are ready. Got 3 of 3 DN Heartbeats.
2022-02-01 01:15:01,450 [Listener at 127.0.0.1/34793] INFO  ozone.MiniOzoneClusterImpl (MiniOzoneClusterImpl.java:lambda$waitForClusterToBeReady$0(222)) - Waiting for cluster to exit safe mode
2022-02-01 01:15:01,450 [Listener at 127.0.0.1/34793] INFO  ozone.MiniOzoneClusterImpl (MiniOzoneClusterImpl.java:lambda$waitForClusterToBeReady$0(224)) - SCM became leader
2022-02-01 01:15:02,451 [Listener at 127.0.0.1/34793] INFO  ozone.MiniOzoneClusterImpl (MiniOzoneClusterImpl.java:lambda$waitForClusterToBeReady$0(219)) - Nodes are ready. Got 3 of 3 DN Heartbeats.
2022-02-01 01:15:02,451 [Listener at 127.0.0.1/34793] INFO  ozone.MiniOzoneClusterImpl (MiniOzoneClusterImpl.java:lambda$waitForClusterToBeReady$0(222)) - Waiting for cluster to exit safe mode
2022-02-01 01:15:02,451 [Listener at 127.0.0.1/34793] INFO  ozone.MiniOzoneClusterImpl (MiniOzoneClusterImpl.java:lambda$waitForClusterToBeReady$0(224)) - SCM became leader
2022-02-01 01:15:03,451 [Listener at 127.0.0.1/34793] INFO  ozone.MiniOzoneClusterImpl (MiniOzoneClusterImpl.java:lambda$waitForClusterToBeReady$0(219)) - Nodes are ready. Got 3 of 3 DN Heartbeats.
2022-02-01 01:15:03,451 [Listener at 127.0.0.1/34793] INFO  ozone.MiniOzoneClusterImpl (MiniOzoneClusterImpl.java:lambda$waitForClusterToBeReady$0(222)) - Waiting for cluster to exit safe mode
2022-02-01 01:15:03,451 [Listener at 127.0.0.1/34793] INFO  ozone.MiniOzoneClusterImpl (MiniOzoneClusterImpl.java:lambda$waitForClusterToBeReady$0(224)) - SCM became leader
2022-02-01 01:15:04,452 [Listener at 127.0.0.1/34793] INFO  ozone.MiniOzoneClusterImpl (MiniOzoneClusterImpl.java:lambda$waitForClusterToBeReady$0(219)) - Nodes are ready. Got 3 of 3 DN Heartbeats.
2022-02-01 01:15:04,452 [Listener at 127.0.0.1/34793] INFO  ozone.MiniOzoneClusterImpl (MiniOzoneClusterImpl.java:lambda$waitForClusterToBeReady$0(222)) - Waiting for cluster to exit safe mode
2022-02-01 01:15:04,452 [Listener at 127.0.0.1/34793] INFO  ozone.MiniOzoneClusterImpl (MiniOzoneClusterImpl.java:lambda$waitForClusterToBeReady$0(224)) - SCM became leader
2022-02-01 01:15:05,452 [Listener at 127.0.0.1/34793] INFO  ozone.MiniOzoneClusterImpl (MiniOzoneClusterImpl.java:lambda$waitForClusterToBeReady$0(219)) - Nodes are ready. Got 3 of 3 DN Heartbeats.
2022-02-01 01:15:05,452 [Listener at 127.0.0.1/34793] INFO  ozone.MiniOzoneClusterImpl (MiniOzoneClusterImpl.java:lambda$waitForClusterToBeReady$0(222)) - Waiting for cluster to exit safe mode
2022-02-01 01:15:05,452 [Listener at 127.0.0.1/34793] INFO  ozone.MiniOzoneClusterImpl (MiniOzoneClusterImpl.java:lambda$waitForClusterToBeReady$0(224)) - SCM became leader
2022-02-01 01:15:05,866 [39fc65de-49e5-4d05-a568-f4cf96421ecb@group-56FEA48B3F6C-FollowerState] INFO  impl.FollowerState (FollowerState.java:run(134)) - 39fc65de-49e5-4d05-a568-f4cf96421ecb@group-56FEA48B3F6C-FollowerState: change to CANDIDATE, lastRpcElapsedTime:5056027549ns, electionTimeout:5030ms
2022-02-01 01:15:05,866 [39fc65de-49e5-4d05-a568-f4cf96421ecb@group-56FEA48B3F6C-FollowerState] INFO  impl.RoleInfo (RoleInfo.java:shutdownFollowerState(108)) - 39fc65de-49e5-4d05-a568-f4cf96421ecb: shutdown 39fc65de-49e5-4d05-a568-f4cf96421ecb@group-56FEA48B3F6C-FollowerState
2022-02-01 01:15:05,866 [39fc65de-49e5-4d05-a568-f4cf96421ecb@group-56FEA48B3F6C-FollowerState] INFO  server.RaftServer$Division (RaftServerImpl.java:setRole(290)) - 39fc65de-49e5-4d05-a568-f4cf96421ecb@group-56FEA48B3F6C: changes role from  FOLLOWER to CANDIDATE at term 5 for changeToCandidate
2022-02-01 01:15:05,866 [39fc65de-49e5-4d05-a568-f4cf96421ecb@group-56FEA48B3F6C-FollowerState] INFO  server.RaftServerConfigKeys (ConfUtils.java:logGet(44)) - raft.server.leaderelection.pre-vote = false (custom)
2022-02-01 01:15:05,866 [39fc65de-49e5-4d05-a568-f4cf96421ecb@group-56FEA48B3F6C-FollowerState] INFO  impl.RoleInfo (RoleInfo.java:updateAndGet(130)) - 39fc65de-49e5-4d05-a568-f4cf96421ecb: start 39fc65de-49e5-4d05-a568-f4cf96421ecb@group-56FEA48B3F6C-LeaderElection30
2022-02-01 01:15:05,904 [39fc65de-49e5-4d05-a568-f4cf96421ecb@group-56FEA48B3F6C-LeaderElection30] INFO  impl.LeaderElection (LeaderElection.java:askForVotes(306)) - 39fc65de-49e5-4d05-a568-f4cf96421ecb@group-56FEA48B3F6C-LeaderElection30 ELECTION round 0: submit vote requests at term 6 for -1: [39fc65de-49e5-4d05-a568-f4cf96421ecb|rpc:10.1.0.7:44069|dataStream:|priority:0, 08f587f6-d3d0-450e-bf31-fc9adbdb5c63|rpc:10.1.0.7:35597|dataStream:|priority:0, aad00493-843f-40cd-b56e-bcb32a0b843f|rpc:10.1.0.7:46817|dataStream:|priority:1], old=null
2022-02-01 01:15:05,933 [aad00493-843f-40cd-b56e-bcb32a0b843f@group-56FEA48B3F6C-FollowerState] INFO  impl.FollowerState (FollowerState.java:run(134)) - aad00493-843f-40cd-b56e-bcb32a0b843f@group-56FEA48B3F6C-FollowerState: change to CANDIDATE, lastRpcElapsedTime:5090093703ns, electionTimeout:5075ms
2022-02-01 01:15:05,934 [aad00493-843f-40cd-b56e-bcb32a0b843f@group-56FEA48B3F6C-FollowerState] INFO  impl.RoleInfo (RoleInfo.java:shutdownFollowerState(108)) - aad00493-843f-40cd-b56e-bcb32a0b843f: shutdown aad00493-843f-40cd-b56e-bcb32a0b843f@group-56FEA48B3F6C-FollowerState
2022-02-01 01:15:05,934 [aad00493-843f-40cd-b56e-bcb32a0b843f@group-56FEA48B3F6C-FollowerState] INFO  server.RaftServer$Division (RaftServerImpl.java:setRole(290)) - aad00493-843f-40cd-b56e-bcb32a0b843f@group-56FEA48B3F6C: changes role from  FOLLOWER to CANDIDATE at term 5 for changeToCandidate
2022-02-01 01:15:05,934 [grpc-default-executor-1] INFO  server.RaftServer$Division (RaftServerImpl.java:requestVote(1046)) - 08f587f6-d3d0-450e-bf31-fc9adbdb5c63@group-56FEA48B3F6C: receive requestVote(ELECTION, 39fc65de-49e5-4d05-a568-f4cf96421ecb, group-56FEA48B3F6C, 6, (t:0, i:0))
2022-02-01 01:15:05,935 [grpc-default-executor-1] INFO  impl.VoteContext (VoteContext.java:log(48)) - 08f587f6-d3d0-450e-bf31-fc9adbdb5c63@group-56FEA48B3F6C-FOLLOWER: accept ELECTION from 39fc65de-49e5-4d05-a568-f4cf96421ecb: our priority 0 <= candidate's priority 0
2022-02-01 01:15:05,935 [grpc-default-executor-1] INFO  server.RaftServer$Division (RaftServerImpl.java:setRole(290)) - 08f587f6-d3d0-450e-bf31-fc9adbdb5c63@group-56FEA48B3F6C: changes role from  FOLLOWER to FOLLOWER at term 6 for candidate:39fc65de-49e5-4d05-a568-f4cf96421ecb
2022-02-01 01:15:05,935 [grpc-default-executor-1] INFO  impl.RoleInfo (RoleInfo.java:shutdownFollowerState(108)) - 08f587f6-d3d0-450e-bf31-fc9adbdb5c63: shutdown 08f587f6-d3d0-450e-bf31-fc9adbdb5c63@group-56FEA48B3F6C-FollowerState
2022-02-01 01:15:05,935 [grpc-default-executor-1] INFO  impl.RoleInfo (RoleInfo.java:updateAndGet(130)) - 08f587f6-d3d0-450e-bf31-fc9adbdb5c63: start 08f587f6-d3d0-450e-bf31-fc9adbdb5c63@group-56FEA48B3F6C-FollowerState
2022-02-01 01:15:05,935 [08f587f6-d3d0-450e-bf31-fc9adbdb5c63@group-56FEA48B3F6C-FollowerState] INFO  impl.FollowerState (FollowerState.java:run(143)) - 08f587f6-d3d0-450e-bf31-fc9adbdb5c63@group-56FEA48B3F6C-FollowerState was interrupted: {}
java.lang.InterruptedException: sleep interrupted
	at java.lang.Thread.sleep(Native Method)
	at java.lang.Thread.sleep(Thread.java:340)
	at java.util.concurrent.TimeUnit.sleep(TimeUnit.java:386)
	at org.apache.ratis.util.TimeDuration.sleep(TimeDuration.java:324)
	at org.apache.ratis.util.TimeDuration.sleep(TimeDuration.java:309)
	at org.apache.ratis.server.impl.FollowerState.run(FollowerState.java:118)
2022-02-01 01:15:05,935 [grpc-default-executor-0] INFO  server.RaftServer$Division (RaftServerImpl.java:requestVote(1046)) - aad00493-843f-40cd-b56e-bcb32a0b843f@group-56FEA48B3F6C: receive requestVote(ELECTION, 39fc65de-49e5-4d05-a568-f4cf96421ecb, group-56FEA48B3F6C, 6, (t:0, i:0))
2022-02-01 01:15:05,934 [aad00493-843f-40cd-b56e-bcb32a0b843f@group-56FEA48B3F6C-FollowerState] INFO  server.RaftServerConfigKeys (ConfUtils.java:logGet(44)) - raft.server.leaderelection.pre-vote = false (custom)
2022-02-01 01:15:05,937 [aad00493-843f-40cd-b56e-bcb32a0b843f@group-56FEA48B3F6C-FollowerState] INFO  impl.RoleInfo (RoleInfo.java:updateAndGet(130)) - aad00493-843f-40cd-b56e-bcb32a0b843f: start aad00493-843f-40cd-b56e-bcb32a0b843f@group-56FEA48B3F6C-LeaderElection31
2022-02-01 01:15:05,939 [grpc-default-executor-1] INFO  server.RaftServer$Division (RaftServerImpl.java:requestVote(1078)) - 08f587f6-d3d0-450e-bf31-fc9adbdb5c63@group-56FEA48B3F6C replies to ELECTION vote request: 39fc65de-49e5-4d05-a568-f4cf96421ecb<-08f587f6-d3d0-450e-bf31-fc9adbdb5c63#0:OK-t6. Peer's state: 08f587f6-d3d0-450e-bf31-fc9adbdb5c63@group-56FEA48B3F6C:t6, leader=null, voted=39fc65de-49e5-4d05-a568-f4cf96421ecb, raftlog=08f587f6-d3d0-450e-bf31-fc9adbdb5c63@group-56FEA48B3F6C-SegmentedRaftLog:OPENED:c-1, conf=-1: [39fc65de-49e5-4d05-a568-f4cf96421ecb|rpc:10.1.0.7:44069|priority:0, 08f587f6-d3d0-450e-bf31-fc9adbdb5c63|rpc:10.1.0.7:35597|priority:0, aad00493-843f-40cd-b56e-bcb32a0b843f|rpc:10.1.0.7:46817|priority:1], old=null
2022-02-01 01:15:05,952 [grpc-default-executor-0] INFO  impl.VoteContext (VoteContext.java:log(48)) - aad00493-843f-40cd-b56e-bcb32a0b843f@group-56FEA48B3F6C-CANDIDATE: reject ELECTION from 39fc65de-49e5-4d05-a568-f4cf96421ecb: our priority 1 > candidate's priority 0
2022-02-01 01:15:05,952 [grpc-default-executor-0] INFO  server.RaftServer$Division (RaftServerImpl.java:setRole(290)) - aad00493-843f-40cd-b56e-bcb32a0b843f@group-56FEA48B3F6C: changes role from CANDIDATE to FOLLOWER at term 6 for candidate:39fc65de-49e5-4d05-a568-f4cf96421ecb
2022-02-01 01:15:05,952 [grpc-default-executor-0] INFO  impl.RoleInfo (RoleInfo.java:shutdownLeaderElection(121)) - aad00493-843f-40cd-b56e-bcb32a0b843f: shutdown aad00493-843f-40cd-b56e-bcb32a0b843f@group-56FEA48B3F6C-LeaderElection31
2022-02-01 01:15:05,952 [grpc-default-executor-0] INFO  impl.RoleInfo (RoleInfo.java:updateAndGet(130)) - aad00493-843f-40cd-b56e-bcb32a0b843f: start aad00493-843f-40cd-b56e-bcb32a0b843f@group-56FEA48B3F6C-FollowerState
2022-02-01 01:15:05,953 [aad00493-843f-40cd-b56e-bcb32a0b843f@group-56FEA48B3F6C-LeaderElection31] INFO  impl.LeaderElection (LeaderElection.java:run(230)) - aad00493-843f-40cd-b56e-bcb32a0b843f@group-56FEA48B3F6C-LeaderElection31: skip running since this is already CLOSING
2022-02-01 01:15:05,954 [grpc-default-executor-0] INFO  server.RaftServer$Division (RaftServerImpl.java:requestVote(1078)) - aad00493-843f-40cd-b56e-bcb32a0b843f@group-56FEA48B3F6C replies to ELECTION vote request: 39fc65de-49e5-4d05-a568-f4cf96421ecb<-aad00493-843f-40cd-b56e-bcb32a0b843f#0:FAIL-t6. Peer's state: aad00493-843f-40cd-b56e-bcb32a0b843f@group-56FEA48B3F6C:t6, leader=null, voted=null, raftlog=aad00493-843f-40cd-b56e-bcb32a0b843f@group-56FEA48B3F6C-SegmentedRaftLog:OPENED:c-1, conf=-1: [39fc65de-49e5-4d05-a568-f4cf96421ecb|rpc:10.1.0.7:44069|dataStream:|priority:0, 08f587f6-d3d0-450e-bf31-fc9adbdb5c63|rpc:10.1.0.7:35597|dataStream:|priority:0, aad00493-843f-40cd-b56e-bcb32a0b843f|rpc:10.1.0.7:46817|dataStream:|priority:1], old=null
2022-02-01 01:15:05,964 [39fc65de-49e5-4d05-a568-f4cf96421ecb@group-56FEA48B3F6C-LeaderElection30] INFO  impl.LeaderElection (LeaderElection.java:logAndReturn(89)) - 39fc65de-49e5-4d05-a568-f4cf96421ecb@group-56FEA48B3F6C-LeaderElection30: ELECTION REJECTED received 2 response(s) and 0 exception(s):
2022-02-01 01:15:05,964 [39fc65de-49e5-4d05-a568-f4cf96421ecb@group-56FEA48B3F6C-LeaderElection30] INFO  impl.LeaderElection (LeaderElection.java:logAndReturn(93)) -   Response 0: 39fc65de-49e5-4d05-a568-f4cf96421ecb<-08f587f6-d3d0-450e-bf31-fc9adbdb5c63#0:OK-t6
2022-02-01 01:15:05,964 [39fc65de-49e5-4d05-a568-f4cf96421ecb@group-56FEA48B3F6C-LeaderElection30] INFO  impl.LeaderElection (LeaderElection.java:logAndReturn(93)) -   Response 1: 39fc65de-49e5-4d05-a568-f4cf96421ecb<-aad00493-843f-40cd-b56e-bcb32a0b843f#0:FAIL-t6
2022-02-01 01:15:05,964 [39fc65de-49e5-4d05-a568-f4cf96421ecb@group-56FEA48B3F6C-LeaderElection30] INFO  impl.LeaderElection (LeaderElection.java:askForVotes(308)) - 39fc65de-49e5-4d05-a568-f4cf96421ecb@group-56FEA48B3F6C-LeaderElection30 ELECTION round 0: result REJECTED
2022-02-01 01:15:05,964 [39fc65de-49e5-4d05-a568-f4cf96421ecb@group-56FEA48B3F6C-LeaderElection30] INFO  server.RaftServer$Division (RaftServerImpl.java:setRole(290)) - 39fc65de-49e5-4d05-a568-f4cf96421ecb@group-56FEA48B3F6C: changes role from CANDIDATE to FOLLOWER at term 6 for REJECTED
2022-02-01 01:15:05,964 [39fc65de-49e5-4d05-a568-f4cf96421ecb@group-56FEA48B3F6C-LeaderElection30] INFO  impl.RoleInfo (RoleInfo.java:shutdownLeaderElection(121)) - 39fc65de-49e5-4d05-a568-f4cf96421ecb: shutdown 39fc65de-49e5-4d05-a568-f4cf96421ecb@group-56FEA48B3F6C-LeaderElection30
2022-02-01 01:15:05,964 [39fc65de-49e5-4d05-a568-f4cf96421ecb@group-56FEA48B3F6C-LeaderElection30] INFO  impl.RoleInfo (RoleInfo.java:updateAndGet(130)) - 39fc65de-49e5-4d05-a568-f4cf96421ecb: start 39fc65de-49e5-4d05-a568-f4cf96421ecb@group-56FEA48B3F6C-FollowerState
2022-02-01 01:15:06,453 [Listener at 127.0.0.1/34793] INFO  ozone.MiniOzoneClusterImpl (MiniOzoneClusterImpl.java:lambda$waitForClusterToBeReady$0(219)) - Nodes are ready. Got 3 of 3 DN Heartbeats.
2022-02-01 01:15:06,454 [Listener at 127.0.0.1/34793] INFO  ozone.MiniOzoneClusterImpl (MiniOzoneClusterImpl.java:lambda$waitForClusterToBeReady$0(222)) - Waiting for cluster to exit safe mode
2022-02-01 01:15:06,454 [Listener at 127.0.0.1/34793] INFO  ozone.MiniOzoneClusterImpl (MiniOzoneClusterImpl.java:lambda$waitForClusterToBeReady$0(224)) - SCM became leader
2022-02-01 01:15:07,454 [Listener at 127.0.0.1/34793] INFO  ozone.MiniOzoneClusterImpl (MiniOzoneClusterImpl.java:lambda$waitForClusterToBeReady$0(219)) - Nodes are ready. Got 3 of 3 DN Heartbeats.
2022-02-01 01:15:07,455 [Listener at 127.0.0.1/34793] INFO  ozone.MiniOzoneClusterImpl (MiniOzoneClusterImpl.java:lambda$waitForClusterToBeReady$0(222)) - Waiting for cluster to exit safe mode
2022-02-01 01:15:07,455 [Listener at 127.0.0.1/34793] INFO  ozone.MiniOzoneClusterImpl (MiniOzoneClusterImpl.java:lambda$waitForClusterToBeReady$0(224)) - SCM became leader
2022-02-01 01:15:08,455 [Listener at 127.0.0.1/34793] INFO  ozone.MiniOzoneClusterImpl (MiniOzoneClusterImpl.java:lambda$waitForClusterToBeReady$0(219)) - Nodes are ready. Got 3 of 3 DN Heartbeats.
2022-02-01 01:15:08,455 [Listener at 127.0.0.1/34793] INFO  ozone.MiniOzoneClusterImpl (MiniOzoneClusterImpl.java:lambda$waitForClusterToBeReady$0(222)) - Waiting for cluster to exit safe mode
2022-02-01 01:15:08,455 [Listener at 127.0.0.1/34793] INFO  ozone.MiniOzoneClusterImpl (MiniOzoneClusterImpl.java:lambda$waitForClusterToBeReady$0(224)) - SCM became leader
2022-02-01 01:15:09,456 [Listener at 127.0.0.1/34793] INFO  ozone.MiniOzoneClusterImpl (MiniOzoneClusterImpl.java:lambda$waitForClusterToBeReady$0(219)) - Nodes are ready. Got 3 of 3 DN Heartbeats.
2022-02-01 01:15:09,456 [Listener at 127.0.0.1/34793] INFO  ozone.MiniOzoneClusterImpl (MiniOzoneClusterImpl.java:lambda$waitForClusterToBeReady$0(222)) - Waiting for cluster to exit safe mode
2022-02-01 01:15:09,456 [Listener at 127.0.0.1/34793] INFO  ozone.MiniOzoneClusterImpl (MiniOzoneClusterImpl.java:lambda$waitForClusterToBeReady$0(224)) - SCM became leader
2022-02-01 01:15:10,458 [Listener at 127.0.0.1/34793] INFO  ozone.MiniOzoneClusterImpl (MiniOzoneClusterImpl.java:lambda$waitForClusterToBeReady$0(219)) - Nodes are ready. Got 3 of 3 DN Heartbeats.
2022-02-01 01:15:10,458 [Listener at 127.0.0.1/34793] INFO  ozone.MiniOzoneClusterImpl (MiniOzoneClusterImpl.java:lambda$waitForClusterToBeReady$0(222)) - Waiting for cluster to exit safe mode
2022-02-01 01:15:10,459 [Listener at 127.0.0.1/34793] INFO  ozone.MiniOzoneClusterImpl (MiniOzoneClusterImpl.java:lambda$waitForClusterToBeReady$0(224)) - SCM became leader
2022-02-01 01:15:11,053 [39fc65de-49e5-4d05-a568-f4cf96421ecb@group-56FEA48B3F6C-FollowerState] INFO  impl.FollowerState (FollowerState.java:run(134)) - 39fc65de-49e5-4d05-a568-f4cf96421ecb@group-56FEA48B3F6C-FollowerState: change to CANDIDATE, lastRpcElapsedTime:5088695212ns, electionTimeout:5087ms
2022-02-01 01:15:11,053 [39fc65de-49e5-4d05-a568-f4cf96421ecb@group-56FEA48B3F6C-FollowerState] INFO  impl.RoleInfo (RoleInfo.java:shutdownFollowerState(108)) - 39fc65de-49e5-4d05-a568-f4cf96421ecb: shutdown 39fc65de-49e5-4d05-a568-f4cf96421ecb@group-56FEA48B3F6C-FollowerState
2022-02-01 01:15:11,053 [39fc65de-49e5-4d05-a568-f4cf96421ecb@group-56FEA48B3F6C-FollowerState] INFO  server.RaftServer$Division (RaftServerImpl.java:setRole(290)) - 39fc65de-49e5-4d05-a568-f4cf96421ecb@group-56FEA48B3F6C: changes role from  FOLLOWER to CANDIDATE at term 6 for changeToCandidate
2022-02-01 01:15:11,053 [39fc65de-49e5-4d05-a568-f4cf96421ecb@group-56FEA48B3F6C-FollowerState] INFO  server.RaftServerConfigKeys (ConfUtils.java:logGet(44)) - raft.server.leaderelection.pre-vote = false (custom)
2022-02-01 01:15:11,053 [39fc65de-49e5-4d05-a568-f4cf96421ecb@group-56FEA48B3F6C-FollowerState] INFO  impl.RoleInfo (RoleInfo.java:updateAndGet(130)) - 39fc65de-49e5-4d05-a568-f4cf96421ecb: start 39fc65de-49e5-4d05-a568-f4cf96421ecb@group-56FEA48B3F6C-LeaderElection32
2022-02-01 01:15:11,071 [08f587f6-d3d0-450e-bf31-fc9adbdb5c63@group-56FEA48B3F6C-FollowerState] INFO  impl.FollowerState (FollowerState.java:run(134)) - 08f587f6-d3d0-450e-bf31-fc9adbdb5c63@group-56FEA48B3F6C-FollowerState: change to CANDIDATE, lastRpcElapsedTime:5132173120ns, electionTimeout:5129ms
2022-02-01 01:15:11,071 [08f587f6-d3d0-450e-bf31-fc9adbdb5c63@group-56FEA48B3F6C-FollowerState] INFO  impl.RoleInfo (RoleInfo.java:shutdownFollowerState(108)) - 08f587f6-d3d0-450e-bf31-fc9adbdb5c63: shutdown 08f587f6-d3d0-450e-bf31-fc9adbdb5c63@group-56FEA48B3F6C-FollowerState
2022-02-01 01:15:11,071 [08f587f6-d3d0-450e-bf31-fc9adbdb5c63@group-56FEA48B3F6C-FollowerState] INFO  server.RaftServer$Division (RaftServerImpl.java:setRole(290)) - 08f587f6-d3d0-450e-bf31-fc9adbdb5c63@group-56FEA48B3F6C: changes role from  FOLLOWER to CANDIDATE at term 6 for changeToCandidate
2022-02-01 01:15:11,071 [08f587f6-d3d0-450e-bf31-fc9adbdb5c63@group-56FEA48B3F6C-FollowerState] INFO  server.RaftServerConfigKeys (ConfUtils.java:logGet(44)) - raft.server.leaderelection.pre-vote = false (custom)
2022-02-01 01:15:11,071 [08f587f6-d3d0-450e-bf31-fc9adbdb5c63@group-56FEA48B3F6C-FollowerState] INFO  impl.RoleInfo (RoleInfo.java:updateAndGet(130)) - 08f587f6-d3d0-450e-bf31-fc9adbdb5c63: start 08f587f6-d3d0-450e-bf31-fc9adbdb5c63@group-56FEA48B3F6C-LeaderElection33
2022-02-01 01:15:11,073 [39fc65de-49e5-4d05-a568-f4cf96421ecb@group-56FEA48B3F6C-LeaderElection32] INFO  impl.LeaderElection (LeaderElection.java:askForVotes(306)) - 39fc65de-49e5-4d05-a568-f4cf96421ecb@group-56FEA48B3F6C-LeaderElection32 ELECTION round 0: submit vote requests at term 7 for -1: [39fc65de-49e5-4d05-a568-f4cf96421ecb|rpc:10.1.0.7:44069|dataStream:|priority:0, 08f587f6-d3d0-450e-bf31-fc9adbdb5c63|rpc:10.1.0.7:35597|dataStream:|priority:0, aad00493-843f-40cd-b56e-bcb32a0b843f|rpc:10.1.0.7:46817|dataStream:|priority:1], old=null
2022-02-01 01:15:11,093 [grpc-default-executor-0] INFO  server.RaftServer$Division (RaftServerImpl.java:requestVote(1046)) - 08f587f6-d3d0-450e-bf31-fc9adbdb5c63@group-56FEA48B3F6C: receive requestVote(ELECTION, 39fc65de-49e5-4d05-a568-f4cf96421ecb, group-56FEA48B3F6C, 7, (t:0, i:0))
2022-02-01 01:15:11,104 [08f587f6-d3d0-450e-bf31-fc9adbdb5c63@group-56FEA48B3F6C-LeaderElection33] INFO  impl.LeaderElection (LeaderElection.java:askForVotes(306)) - 08f587f6-d3d0-450e-bf31-fc9adbdb5c63@group-56FEA48B3F6C-LeaderElection33 ELECTION round 0: submit vote requests at term 7 for -1: [39fc65de-49e5-4d05-a568-f4cf96421ecb|rpc:10.1.0.7:44069|priority:0, 08f587f6-d3d0-450e-bf31-fc9adbdb5c63|rpc:10.1.0.7:35597|priority:0, aad00493-843f-40cd-b56e-bcb32a0b843f|rpc:10.1.0.7:46817|priority:1], old=null
2022-02-01 01:15:11,104 [grpc-default-executor-0] INFO  impl.VoteContext (VoteContext.java:log(48)) - 08f587f6-d3d0-450e-bf31-fc9adbdb5c63@group-56FEA48B3F6C-CANDIDATE: reject ELECTION from 39fc65de-49e5-4d05-a568-f4cf96421ecb: already has voted for 08f587f6-d3d0-450e-bf31-fc9adbdb5c63 at current term 7
2022-02-01 01:15:11,106 [grpc-default-executor-0] INFO  server.RaftServer$Division (RaftServerImpl.java:requestVote(1078)) - 08f587f6-d3d0-450e-bf31-fc9adbdb5c63@group-56FEA48B3F6C replies to ELECTION vote request: 39fc65de-49e5-4d05-a568-f4cf96421ecb<-08f587f6-d3d0-450e-bf31-fc9adbdb5c63#0:FAIL-t7. Peer's state: 08f587f6-d3d0-450e-bf31-fc9adbdb5c63@group-56FEA48B3F6C:t7, leader=null, voted=08f587f6-d3d0-450e-bf31-fc9adbdb5c63, raftlog=08f587f6-d3d0-450e-bf31-fc9adbdb5c63@group-56FEA48B3F6C-SegmentedRaftLog:OPENED:c-1, conf=-1: [39fc65de-49e5-4d05-a568-f4cf96421ecb|rpc:10.1.0.7:44069|priority:0, 08f587f6-d3d0-450e-bf31-fc9adbdb5c63|rpc:10.1.0.7:35597|priority:0, aad00493-843f-40cd-b56e-bcb32a0b843f|rpc:10.1.0.7:46817|priority:1], old=null
2022-02-01 01:15:11,120 [aad00493-843f-40cd-b56e-bcb32a0b843f@group-56FEA48B3F6C-FollowerState] INFO  impl.FollowerState (FollowerState.java:run(134)) - aad00493-843f-40cd-b56e-bcb32a0b843f@group-56FEA48B3F6C-FollowerState: change to CANDIDATE, lastRpcElapsedTime:5167540994ns, electionTimeout:5165ms
2022-02-01 01:15:11,120 [aad00493-843f-40cd-b56e-bcb32a0b843f@group-56FEA48B3F6C-FollowerState] INFO  impl.RoleInfo (RoleInfo.java:shutdownFollowerState(108)) - aad00493-843f-40cd-b56e-bcb32a0b843f: shutdown aad00493-843f-40cd-b56e-bcb32a0b843f@group-56FEA48B3F6C-FollowerState
2022-02-01 01:15:11,120 [aad00493-843f-40cd-b56e-bcb32a0b843f@group-56FEA48B3F6C-FollowerState] INFO  server.RaftServer$Division (RaftServerImpl.java:setRole(290)) - aad00493-843f-40cd-b56e-bcb32a0b843f@group-56FEA48B3F6C: changes role from  FOLLOWER to CANDIDATE at term 6 for changeToCandidate
2022-02-01 01:15:11,125 [aad00493-843f-40cd-b56e-bcb32a0b843f@group-56FEA48B3F6C-FollowerState] INFO  server.RaftServerConfigKeys (ConfUtils.java:logGet(44)) - raft.server.leaderelection.pre-vote = false (custom)
2022-02-01 01:15:11,125 [aad00493-843f-40cd-b56e-bcb32a0b843f@group-56FEA48B3F6C-FollowerState] INFO  impl.RoleInfo (RoleInfo.java:updateAndGet(130)) - aad00493-843f-40cd-b56e-bcb32a0b843f: start aad00493-843f-40cd-b56e-bcb32a0b843f@group-56FEA48B3F6C-LeaderElection34
2022-02-01 01:15:11,125 [grpc-default-executor-0] INFO  server.RaftServer$Division (RaftServerImpl.java:requestVote(1046)) - 39fc65de-49e5-4d05-a568-f4cf96421ecb@group-56FEA48B3F6C: receive requestVote(ELECTION, 08f587f6-d3d0-450e-bf31-fc9adbdb5c63, group-56FEA48B3F6C, 7, (t:0, i:0))
2022-02-01 01:15:11,141 [grpc-default-executor-0] INFO  impl.VoteContext (VoteContext.java:log(48)) - 39fc65de-49e5-4d05-a568-f4cf96421ecb@group-56FEA48B3F6C-CANDIDATE: reject ELECTION from 08f587f6-d3d0-450e-bf31-fc9adbdb5c63: already has voted for 39fc65de-49e5-4d05-a568-f4cf96421ecb at current term 7
2022-02-01 01:15:11,141 [grpc-default-executor-0] INFO  server.RaftServer$Division (RaftServerImpl.java:requestVote(1078)) - 39fc65de-49e5-4d05-a568-f4cf96421ecb@group-56FEA48B3F6C replies to ELECTION vote request: 08f587f6-d3d0-450e-bf31-fc9adbdb5c63<-39fc65de-49e5-4d05-a568-f4cf96421ecb#0:FAIL-t7. Peer's state: 39fc65de-49e5-4d05-a568-f4cf96421ecb@group-56FEA48B3F6C:t7, leader=null, voted=39fc65de-49e5-4d05-a568-f4cf96421ecb, raftlog=39fc65de-49e5-4d05-a568-f4cf96421ecb@group-56FEA48B3F6C-SegmentedRaftLog:OPENED:c-1, conf=-1: [39fc65de-49e5-4d05-a568-f4cf96421ecb|rpc:10.1.0.7:44069|dataStream:|priority:0, 08f587f6-d3d0-450e-bf31-fc9adbdb5c63|rpc:10.1.0.7:35597|dataStream:|priority:0, aad00493-843f-40cd-b56e-bcb32a0b843f|rpc:10.1.0.7:46817|dataStream:|priority:1], old=null
2022-02-01 01:15:11,127 [aad00493-843f-40cd-b56e-bcb32a0b843f@group-56FEA48B3F6C-LeaderElection34] INFO  impl.LeaderElection (LeaderElection.java:askForVotes(306)) - aad00493-843f-40cd-b56e-bcb32a0b843f@group-56FEA48B3F6C-LeaderElection34 ELECTION round 0: submit vote requests at term 7 for -1: [39fc65de-49e5-4d05-a568-f4cf96421ecb|rpc:10.1.0.7:44069|dataStream:|priority:0, 08f587f6-d3d0-450e-bf31-fc9adbdb5c63|rpc:10.1.0.7:35597|dataStream:|priority:0, aad00493-843f-40cd-b56e-bcb32a0b843f|rpc:10.1.0.7:46817|dataStream:|priority:1], old=null
2022-02-01 01:15:11,125 [grpc-default-executor-1] INFO  server.RaftServer$Division (RaftServerImpl.java:requestVote(1046)) - aad00493-843f-40cd-b56e-bcb32a0b843f@group-56FEA48B3F6C: receive requestVote(ELECTION, 08f587f6-d3d0-450e-bf31-fc9adbdb5c63, group-56FEA48B3F6C, 7, (t:0, i:0))
2022-02-01 01:15:11,151 [grpc-default-executor-1] INFO  impl.VoteContext (VoteContext.java:log(48)) - aad00493-843f-40cd-b56e-bcb32a0b843f@group-56FEA48B3F6C-CANDIDATE: reject ELECTION from 08f587f6-d3d0-450e-bf31-fc9adbdb5c63: already has voted for aad00493-843f-40cd-b56e-bcb32a0b843f at current term 7
2022-02-01 01:15:11,151 [grpc-default-executor-1] INFO  server.RaftServer$Division (RaftServerImpl.java:requestVote(1078)) - aad00493-843f-40cd-b56e-bcb32a0b843f@group-56FEA48B3F6C replies to ELECTION vote request: 08f587f6-d3d0-450e-bf31-fc9adbdb5c63<-aad00493-843f-40cd-b56e-bcb32a0b843f#0:FAIL-t7. Peer's state: aad00493-843f-40cd-b56e-bcb32a0b843f@group-56FEA48B3F6C:t7, leader=null, voted=aad00493-843f-40cd-b56e-bcb32a0b843f, raftlog=aad00493-843f-40cd-b56e-bcb32a0b843f@group-56FEA48B3F6C-SegmentedRaftLog:OPENED:c-1, conf=-1: [39fc65de-49e5-4d05-a568-f4cf96421ecb|rpc:10.1.0.7:44069|dataStream:|priority:0, 08f587f6-d3d0-450e-bf31-fc9adbdb5c63|rpc:10.1.0.7:35597|dataStream:|priority:0, aad00493-843f-40cd-b56e-bcb32a0b843f|rpc:10.1.0.7:46817|dataStream:|priority:1], old=null
2022-02-01 01:15:11,157 [08f587f6-d3d0-450e-bf31-fc9adbdb5c63@group-56FEA48B3F6C-LeaderElection33] INFO  impl.LeaderElection (LeaderElection.java:logAndReturn(89)) - 08f587f6-d3d0-450e-bf31-fc9adbdb5c63@group-56FEA48B3F6C-LeaderElection33: ELECTION REJECTED received 1 response(s) and 0 exception(s):
2022-02-01 01:15:11,158 [grpc-default-executor-1] INFO  server.RaftServer$Division (RaftServerImpl.java:requestVote(1046)) - aad00493-843f-40cd-b56e-bcb32a0b843f@group-56FEA48B3F6C: receive requestVote(ELECTION, 39fc65de-49e5-4d05-a568-f4cf96421ecb, group-56FEA48B3F6C, 7, (t:0, i:0))
2022-02-01 01:15:11,160 [08f587f6-d3d0-450e-bf31-fc9adbdb5c63@group-56FEA48B3F6C-LeaderElection33] INFO  impl.LeaderElection (LeaderElection.java:logAndReturn(93)) -   Response 0: 08f587f6-d3d0-450e-bf31-fc9adbdb5c63<-aad00493-843f-40cd-b56e-bcb32a0b843f#0:FAIL-t7
2022-02-01 01:15:11,161 [08f587f6-d3d0-450e-bf31-fc9adbdb5c63@group-56FEA48B3F6C-LeaderElection33] INFO  impl.LeaderElection (LeaderElection.java:askForVotes(308)) - 08f587f6-d3d0-450e-bf31-fc9adbdb5c63@group-56FEA48B3F6C-LeaderElection33 ELECTION round 0: result REJECTED
2022-02-01 01:15:11,161 [08f587f6-d3d0-450e-bf31-fc9adbdb5c63@group-56FEA48B3F6C-LeaderElection33] INFO  server.RaftServer$Division (RaftServerImpl.java:setRole(290)) - 08f587f6-d3d0-450e-bf31-fc9adbdb5c63@group-56FEA48B3F6C: changes role from CANDIDATE to FOLLOWER at term 7 for REJECTED
2022-02-01 01:15:11,161 [08f587f6-d3d0-450e-bf31-fc9adbdb5c63@group-56FEA48B3F6C-LeaderElection33] INFO  impl.RoleInfo (RoleInfo.java:shutdownLeaderElection(121)) - 08f587f6-d3d0-450e-bf31-fc9adbdb5c63: shutdown 08f587f6-d3d0-450e-bf31-fc9adbdb5c63@group-56FEA48B3F6C-LeaderElection33
2022-02-01 01:15:11,161 [08f587f6-d3d0-450e-bf31-fc9adbdb5c63@group-56FEA48B3F6C-LeaderElection33] INFO  impl.RoleInfo (RoleInfo.java:updateAndGet(130)) - 08f587f6-d3d0-450e-bf31-fc9adbdb5c63: start 08f587f6-d3d0-450e-bf31-fc9adbdb5c63@group-56FEA48B3F6C-FollowerState
2022-02-01 01:15:11,160 [grpc-default-executor-3] INFO  server.RaftServer$Division (RaftServerImpl.java:requestVote(1046)) - 39fc65de-49e5-4d05-a568-f4cf96421ecb@group-56FEA48B3F6C: receive requestVote(ELECTION, aad00493-843f-40cd-b56e-bcb32a0b843f, group-56FEA48B3F6C, 7, (t:0, i:0))
2022-02-01 01:15:11,161 [grpc-default-executor-1] INFO  impl.VoteContext (VoteContext.java:log(48)) - aad00493-843f-40cd-b56e-bcb32a0b843f@group-56FEA48B3F6C-CANDIDATE: reject ELECTION from 39fc65de-49e5-4d05-a568-f4cf96421ecb: already has voted for aad00493-843f-40cd-b56e-bcb32a0b843f at current term 7
2022-02-01 01:15:11,162 [grpc-default-executor-3] INFO  impl.VoteContext (VoteContext.java:log(48)) - 39fc65de-49e5-4d05-a568-f4cf96421ecb@group-56FEA48B3F6C-CANDIDATE: reject ELECTION from aad00493-843f-40cd-b56e-bcb32a0b843f: already has voted for 39fc65de-49e5-4d05-a568-f4cf96421ecb at current term 7
2022-02-01 01:15:11,162 [grpc-default-executor-1] INFO  server.RaftServer$Division (RaftServerImpl.java:requestVote(1078)) - aad00493-843f-40cd-b56e-bcb32a0b843f@group-56FEA48B3F6C replies to ELECTION vote request: 39fc65de-49e5-4d05-a568-f4cf96421ecb<-aad00493-843f-40cd-b56e-bcb32a0b843f#0:FAIL-t7. Peer's state: aad00493-843f-40cd-b56e-bcb32a0b843f@group-56FEA48B3F6C:t7, leader=null, voted=aad00493-843f-40cd-b56e-bcb32a0b843f, raftlog=aad00493-843f-40cd-b56e-bcb32a0b843f@group-56FEA48B3F6C-SegmentedRaftLog:OPENED:c-1, conf=-1: [39fc65de-49e5-4d05-a568-f4cf96421ecb|rpc:10.1.0.7:44069|dataStream:|priority:0, 08f587f6-d3d0-450e-bf31-fc9adbdb5c63|rpc:10.1.0.7:35597|dataStream:|priority:0, aad00493-843f-40cd-b56e-bcb32a0b843f|rpc:10.1.0.7:46817|dataStream:|priority:1], old=null
2022-02-01 01:15:11,162 [grpc-default-executor-3] INFO  server.RaftServer$Division (RaftServerImpl.java:requestVote(1078)) - 39fc65de-49e5-4d05-a568-f4cf96421ecb@group-56FEA48B3F6C replies to ELECTION vote request: aad00493-843f-40cd-b56e-bcb32a0b843f<-39fc65de-49e5-4d05-a568-f4cf96421ecb#0:FAIL-t7. Peer's state: 39fc65de-49e5-4d05-a568-f4cf96421ecb@group-56FEA48B3F6C:t7, leader=null, voted=39fc65de-49e5-4d05-a568-f4cf96421ecb, raftlog=39fc65de-49e5-4d05-a568-f4cf96421ecb@group-56FEA48B3F6C-SegmentedRaftLog:OPENED:c-1, conf=-1: [39fc65de-49e5-4d05-a568-f4cf96421ecb|rpc:10.1.0.7:44069|dataStream:|priority:0, 08f587f6-d3d0-450e-bf31-fc9adbdb5c63|rpc:10.1.0.7:35597|dataStream:|priority:0, aad00493-843f-40cd-b56e-bcb32a0b843f|rpc:10.1.0.7:46817|dataStream:|priority:1], old=null
2022-02-01 01:15:11,199 [grpc-default-executor-3] INFO  server.RaftServer$Division (RaftServerImpl.java:requestVote(1046)) - 08f587f6-d3d0-450e-bf31-fc9adbdb5c63@group-56FEA48B3F6C: receive requestVote(ELECTION, aad00493-843f-40cd-b56e-bcb32a0b843f, group-56FEA48B3F6C, 7, (t:0, i:0))
2022-02-01 01:15:11,199 [grpc-default-executor-3] INFO  impl.VoteContext (VoteContext.java:log(48)) - 08f587f6-d3d0-450e-bf31-fc9adbdb5c63@group-56FEA48B3F6C-FOLLOWER: reject ELECTION from aad00493-843f-40cd-b56e-bcb32a0b843f: already has voted for 08f587f6-d3d0-450e-bf31-fc9adbdb5c63 at current term 7
2022-02-01 01:15:11,199 [grpc-default-executor-3] INFO  server.RaftServer$Division (RaftServerImpl.java:requestVote(1078)) - 08f587f6-d3d0-450e-bf31-fc9adbdb5c63@group-56FEA48B3F6C replies to ELECTION vote request: aad00493-843f-40cd-b56e-bcb32a0b843f<-08f587f6-d3d0-450e-bf31-fc9adbdb5c63#0:FAIL-t7. Peer's state: 08f587f6-d3d0-450e-bf31-fc9adbdb5c63@group-56FEA48B3F6C:t7, leader=null, voted=08f587f6-d3d0-450e-bf31-fc9adbdb5c63, raftlog=08f587f6-d3d0-450e-bf31-fc9adbdb5c63@group-56FEA48B3F6C-SegmentedRaftLog:OPENED:c-1, conf=-1: [39fc65de-49e5-4d05-a568-f4cf96421ecb|rpc:10.1.0.7:44069|priority:0, 08f587f6-d3d0-450e-bf31-fc9adbdb5c63|rpc:10.1.0.7:35597|priority:0, aad00493-843f-40cd-b56e-bcb32a0b843f|rpc:10.1.0.7:46817|priority:1], old=null
2022-02-01 01:15:11,200 [39fc65de-49e5-4d05-a568-f4cf96421ecb@group-56FEA48B3F6C-LeaderElection32] INFO  impl.LeaderElection (LeaderElection.java:logAndReturn(89)) - 39fc65de-49e5-4d05-a568-f4cf96421ecb@group-56FEA48B3F6C-LeaderElection32: ELECTION REJECTED received 2 response(s) and 0 exception(s):
2022-02-01 01:15:11,202 [39fc65de-49e5-4d05-a568-f4cf96421ecb@group-56FEA48B3F6C-LeaderElection32] INFO  impl.LeaderElection (LeaderElection.java:logAndReturn(93)) -   Response 0: 39fc65de-49e5-4d05-a568-f4cf96421ecb<-08f587f6-d3d0-450e-bf31-fc9adbdb5c63#0:FAIL-t7
2022-02-01 01:15:11,203 [39fc65de-49e5-4d05-a568-f4cf96421ecb@group-56FEA48B3F6C-LeaderElection32] INFO  impl.LeaderElection (LeaderElection.java:logAndReturn(93)) -   Response 1: 39fc65de-49e5-4d05-a568-f4cf96421ecb<-aad00493-843f-40cd-b56e-bcb32a0b843f#0:FAIL-t7
2022-02-01 01:15:11,203 [aad00493-843f-40cd-b56e-bcb32a0b843f@group-56FEA48B3F6C-LeaderElection34] INFO  impl.LeaderElection (LeaderElection.java:logAndReturn(89)) - aad00493-843f-40cd-b56e-bcb32a0b843f@group-56FEA48B3F6C-LeaderElection34: ELECTION REJECTED received 2 response(s) and 0 exception(s):
2022-02-01 01:15:11,204 [aad00493-843f-40cd-b56e-bcb32a0b843f@group-56FEA48B3F6C-LeaderElection34] INFO  impl.LeaderElection (LeaderElection.java:logAndReturn(93)) -   Response 0: aad00493-843f-40cd-b56e-bcb32a0b843f<-39fc65de-49e5-4d05-a568-f4cf96421ecb#0:FAIL-t7
2022-02-01 01:15:11,204 [aad00493-843f-40cd-b56e-bcb32a0b843f@group-56FEA48B3F6C-LeaderElection34] INFO  impl.LeaderElection (LeaderElection.java:logAndReturn(93)) -   Response 1: aad00493-843f-40cd-b56e-bcb32a0b843f<-08f587f6-d3d0-450e-bf31-fc9adbdb5c63#0:FAIL-t7
2022-02-01 01:15:11,204 [aad00493-843f-40cd-b56e-bcb32a0b843f@group-56FEA48B3F6C-LeaderElection34] INFO  impl.LeaderElection (LeaderElection.java:askForVotes(308)) - aad00493-843f-40cd-b56e-bcb32a0b843f@group-56FEA48B3F6C-LeaderElection34 ELECTION round 0: result REJECTED
2022-02-01 01:15:11,208 [aad00493-843f-40cd-b56e-bcb32a0b843f@group-56FEA48B3F6C-LeaderElection34] INFO  server.RaftServer$Division (RaftServerImpl.java:setRole(290)) - aad00493-843f-40cd-b56e-bcb32a0b843f@group-56FEA48B3F6C: changes role from CANDIDATE to FOLLOWER at term 7 for REJECTED
2022-02-01 01:15:11,208 [aad00493-843f-40cd-b56e-bcb32a0b843f@group-56FEA48B3F6C-LeaderElection34] INFO  impl.RoleInfo (RoleInfo.java:shutdownLeaderElection(121)) - aad00493-843f-40cd-b56e-bcb32a0b843f: shutdown aad00493-843f-40cd-b56e-bcb32a0b843f@group-56FEA48B3F6C-LeaderElection34
2022-02-01 01:15:11,209 [aad00493-843f-40cd-b56e-bcb32a0b843f@group-56FEA48B3F6C-LeaderElection34] INFO  impl.RoleInfo (RoleInfo.java:updateAndGet(130)) - aad00493-843f-40cd-b56e-bcb32a0b843f: start aad00493-843f-40cd-b56e-bcb32a0b843f@group-56FEA48B3F6C-FollowerState
2022-02-01 01:15:11,225 [39fc65de-49e5-4d05-a568-f4cf96421ecb@group-56FEA48B3F6C-LeaderElection32] INFO  impl.LeaderElection (LeaderElection.java:askForVotes(308)) - 39fc65de-49e5-4d05-a568-f4cf96421ecb@group-56FEA48B3F6C-LeaderElection32 ELECTION round 0: result REJECTED
2022-02-01 01:15:11,234 [39fc65de-49e5-4d05-a568-f4cf96421ecb@group-56FEA48B3F6C-LeaderElection32] INFO  server.RaftServer$Division (RaftServerImpl.java:setRole(290)) - 39fc65de-49e5-4d05-a568-f4cf96421ecb@group-56FEA48B3F6C: changes role from CANDIDATE to FOLLOWER at term 7 for REJECTED
2022-02-01 01:15:11,234 [39fc65de-49e5-4d05-a568-f4cf96421ecb@group-56FEA48B3F6C-LeaderElection32] INFO  impl.RoleInfo (RoleInfo.java:shutdownLeaderElection(121)) - 39fc65de-49e5-4d05-a568-f4cf96421ecb: shutdown 39fc65de-49e5-4d05-a568-f4cf96421ecb@group-56FEA48B3F6C-LeaderElection32
2022-02-01 01:15:11,234 [39fc65de-49e5-4d05-a568-f4cf96421ecb@group-56FEA48B3F6C-LeaderElection32] INFO  impl.RoleInfo (RoleInfo.java:updateAndGet(130)) - 39fc65de-49e5-4d05-a568-f4cf96421ecb: start 39fc65de-49e5-4d05-a568-f4cf96421ecb@group-56FEA48B3F6C-FollowerState
2022-02-01 01:15:11,459 [Listener at 127.0.0.1/34793] INFO  ozone.MiniOzoneClusterImpl (MiniOzoneClusterImpl.java:lambda$waitForClusterToBeReady$0(219)) - Nodes are ready. Got 3 of 3 DN Heartbeats.
2022-02-01 01:15:11,459 [Listener at 127.0.0.1/34793] INFO  ozone.MiniOzoneClusterImpl (MiniOzoneClusterImpl.java:lambda$waitForClusterToBeReady$0(222)) - Waiting for cluster to exit safe mode
2022-02-01 01:15:11,459 [Listener at 127.0.0.1/34793] INFO  ozone.MiniOzoneClusterImpl (MiniOzoneClusterImpl.java:lambda$waitForClusterToBeReady$0(224)) - SCM became leader
2022-02-01 01:15:12,459 [Listener at 127.0.0.1/34793] INFO  ozone.MiniOzoneClusterImpl (MiniOzoneClusterImpl.java:lambda$waitForClusterToBeReady$0(219)) - Nodes are ready. Got 3 of 3 DN Heartbeats.
2022-02-01 01:15:12,460 [Listener at 127.0.0.1/34793] INFO  ozone.MiniOzoneClusterImpl (MiniOzoneClusterImpl.java:lambda$waitForClusterToBeReady$0(222)) - Waiting for cluster to exit safe mode
2022-02-01 01:15:12,460 [Listener at 127.0.0.1/34793] INFO  ozone.MiniOzoneClusterImpl (MiniOzoneClusterImpl.java:lambda$waitForClusterToBeReady$0(224)) - SCM became leader
2022-02-01 01:15:13,460 [Listener at 127.0.0.1/34793] INFO  ozone.MiniOzoneClusterImpl (MiniOzoneClusterImpl.java:lambda$waitForClusterToBeReady$0(219)) - Nodes are ready. Got 3 of 3 DN Heartbeats.
2022-02-01 01:15:13,461 [Listener at 127.0.0.1/34793] INFO  ozone.MiniOzoneClusterImpl (MiniOzoneClusterImpl.java:lambda$waitForClusterToBeReady$0(222)) - Waiting for cluster to exit safe mode
2022-02-01 01:15:13,461 [Listener at 127.0.0.1/34793] INFO  ozone.MiniOzoneClusterImpl (MiniOzoneClusterImpl.java:lambda$waitForClusterToBeReady$0(224)) - SCM became leader
2022-02-01 01:15:14,461 [Listener at 127.0.0.1/34793] INFO  ozone.MiniOzoneClusterImpl (MiniOzoneClusterImpl.java:lambda$waitForClusterToBeReady$0(219)) - Nodes are ready. Got 3 of 3 DN Heartbeats.
2022-02-01 01:15:14,461 [Listener at 127.0.0.1/34793] INFO  ozone.MiniOzoneClusterImpl (MiniOzoneClusterImpl.java:lambda$waitForClusterToBeReady$0(222)) - Waiting for cluster to exit safe mode
2022-02-01 01:15:14,461 [Listener at 127.0.0.1/34793] INFO  ozone.MiniOzoneClusterImpl (MiniOzoneClusterImpl.java:lambda$waitForClusterToBeReady$0(224)) - SCM became leader
2022-02-01 01:15:15,462 [Listener at 127.0.0.1/34793] INFO  ozone.MiniOzoneClusterImpl (MiniOzoneClusterImpl.java:lambda$waitForClusterToBeReady$0(219)) - Nodes are ready. Got 3 of 3 DN Heartbeats.
2022-02-01 01:15:15,462 [Listener at 127.0.0.1/34793] INFO  ozone.MiniOzoneClusterImpl (MiniOzoneClusterImpl.java:lambda$waitForClusterToBeReady$0(222)) - Waiting for cluster to exit safe mode
2022-02-01 01:15:15,462 [Listener at 127.0.0.1/34793] INFO  ozone.MiniOzoneClusterImpl (MiniOzoneClusterImpl.java:lambda$waitForClusterToBeReady$0(224)) - SCM became leader
2022-02-01 01:15:16,253 [08f587f6-d3d0-450e-bf31-fc9adbdb5c63@group-56FEA48B3F6C-FollowerState] INFO  impl.FollowerState (FollowerState.java:run(134)) - 08f587f6-d3d0-450e-bf31-fc9adbdb5c63@group-56FEA48B3F6C-FollowerState: change to CANDIDATE, lastRpcElapsedTime:5091664893ns, electionTimeout:5072ms
2022-02-01 01:15:16,253 [08f587f6-d3d0-450e-bf31-fc9adbdb5c63@group-56FEA48B3F6C-FollowerState] INFO  impl.RoleInfo (RoleInfo.java:shutdownFollowerState(108)) - 08f587f6-d3d0-450e-bf31-fc9adbdb5c63: shutdown 08f587f6-d3d0-450e-bf31-fc9adbdb5c63@group-56FEA48B3F6C-FollowerState
2022-02-01 01:15:16,253 [08f587f6-d3d0-450e-bf31-fc9adbdb5c63@group-56FEA48B3F6C-FollowerState] INFO  server.RaftServer$Division (RaftServerImpl.java:setRole(290)) - 08f587f6-d3d0-450e-bf31-fc9adbdb5c63@group-56FEA48B3F6C: changes role from  FOLLOWER to CANDIDATE at term 7 for changeToCandidate
2022-02-01 01:15:16,253 [08f587f6-d3d0-450e-bf31-fc9adbdb5c63@group-56FEA48B3F6C-FollowerState] INFO  server.RaftServerConfigKeys (ConfUtils.java:logGet(44)) - raft.server.leaderelection.pre-vote = false (custom)
2022-02-01 01:15:16,253 [08f587f6-d3d0-450e-bf31-fc9adbdb5c63@group-56FEA48B3F6C-FollowerState] INFO  impl.RoleInfo (RoleInfo.java:updateAndGet(130)) - 08f587f6-d3d0-450e-bf31-fc9adbdb5c63: start 08f587f6-d3d0-450e-bf31-fc9adbdb5c63@group-56FEA48B3F6C-LeaderElection35
2022-02-01 01:15:16,294 [08f587f6-d3d0-450e-bf31-fc9adbdb5c63@group-56FEA48B3F6C-LeaderElection35] INFO  impl.LeaderElection (LeaderElection.java:askForVotes(306)) - 08f587f6-d3d0-450e-bf31-fc9adbdb5c63@group-56FEA48B3F6C-LeaderElection35 ELECTION round 0: submit vote requests at term 8 for -1: [39fc65de-49e5-4d05-a568-f4cf96421ecb|rpc:10.1.0.7:44069|priority:0, 08f587f6-d3d0-450e-bf31-fc9adbdb5c63|rpc:10.1.0.7:35597|priority:0, aad00493-843f-40cd-b56e-bcb32a0b843f|rpc:10.1.0.7:46817|priority:1], old=null
2022-02-01 01:15:16,316 [grpc-default-executor-3] INFO  server.RaftServer$Division (RaftServerImpl.java:requestVote(1046)) - 39fc65de-49e5-4d05-a568-f4cf96421ecb@group-56FEA48B3F6C: receive requestVote(ELECTION, 08f587f6-d3d0-450e-bf31-fc9adbdb5c63, group-56FEA48B3F6C, 8, (t:0, i:0))
2022-02-01 01:15:16,316 [grpc-default-executor-3] INFO  impl.VoteContext (VoteContext.java:log(48)) - 39fc65de-49e5-4d05-a568-f4cf96421ecb@group-56FEA48B3F6C-FOLLOWER: accept ELECTION from 08f587f6-d3d0-450e-bf31-fc9adbdb5c63: our priority 0 <= candidate's priority 0
2022-02-01 01:15:16,317 [grpc-default-executor-3] INFO  server.RaftServer$Division (RaftServerImpl.java:setRole(290)) - 39fc65de-49e5-4d05-a568-f4cf96421ecb@group-56FEA48B3F6C: changes role from  FOLLOWER to FOLLOWER at term 8 for candidate:08f587f6-d3d0-450e-bf31-fc9adbdb5c63
2022-02-01 01:15:16,317 [grpc-default-executor-3] INFO  impl.RoleInfo (RoleInfo.java:shutdownFollowerState(108)) - 39fc65de-49e5-4d05-a568-f4cf96421ecb: shutdown 39fc65de-49e5-4d05-a568-f4cf96421ecb@group-56FEA48B3F6C-FollowerState
2022-02-01 01:15:16,317 [grpc-default-executor-3] INFO  impl.RoleInfo (RoleInfo.java:updateAndGet(130)) - 39fc65de-49e5-4d05-a568-f4cf96421ecb: start 39fc65de-49e5-4d05-a568-f4cf96421ecb@group-56FEA48B3F6C-FollowerState
2022-02-01 01:15:16,318 [39fc65de-49e5-4d05-a568-f4cf96421ecb@group-56FEA48B3F6C-FollowerState] INFO  impl.FollowerState (FollowerState.java:run(143)) - 39fc65de-49e5-4d05-a568-f4cf96421ecb@group-56FEA48B3F6C-FollowerState was interrupted: {}
java.lang.InterruptedException: sleep interrupted
	at java.lang.Thread.sleep(Native Method)
	at java.lang.Thread.sleep(Thread.java:340)
	at java.util.concurrent.TimeUnit.sleep(TimeUnit.java:386)
	at org.apache.ratis.util.TimeDuration.sleep(TimeDuration.java:324)
	at org.apache.ratis.util.TimeDuration.sleep(TimeDuration.java:309)
	at org.apache.ratis.server.impl.FollowerState.run(FollowerState.java:118)
2022-02-01 01:15:16,323 [grpc-default-executor-3] INFO  server.RaftServer$Division (RaftServerImpl.java:requestVote(1078)) - 39fc65de-49e5-4d05-a568-f4cf96421ecb@group-56FEA48B3F6C replies to ELECTION vote request: 08f587f6-d3d0-450e-bf31-fc9adbdb5c63<-39fc65de-49e5-4d05-a568-f4cf96421ecb#0:OK-t8. Peer's state: 39fc65de-49e5-4d05-a568-f4cf96421ecb@group-56FEA48B3F6C:t8, leader=null, voted=08f587f6-d3d0-450e-bf31-fc9adbdb5c63, raftlog=39fc65de-49e5-4d05-a568-f4cf96421ecb@group-56FEA48B3F6C-SegmentedRaftLog:OPENED:c-1, conf=-1: [39fc65de-49e5-4d05-a568-f4cf96421ecb|rpc:10.1.0.7:44069|dataStream:|priority:0, 08f587f6-d3d0-450e-bf31-fc9adbdb5c63|rpc:10.1.0.7:35597|dataStream:|priority:0, aad00493-843f-40cd-b56e-bcb32a0b843f|rpc:10.1.0.7:46817|dataStream:|priority:1], old=null
2022-02-01 01:15:16,325 [aad00493-843f-40cd-b56e-bcb32a0b843f@group-56FEA48B3F6C-FollowerState] INFO  impl.FollowerState (FollowerState.java:run(134)) - aad00493-843f-40cd-b56e-bcb32a0b843f@group-56FEA48B3F6C-FollowerState: change to CANDIDATE, lastRpcElapsedTime:5116291491ns, electionTimeout:5101ms
2022-02-01 01:15:16,325 [aad00493-843f-40cd-b56e-bcb32a0b843f@group-56FEA48B3F6C-FollowerState] INFO  impl.RoleInfo (RoleInfo.java:shutdownFollowerState(108)) - aad00493-843f-40cd-b56e-bcb32a0b843f: shutdown aad00493-843f-40cd-b56e-bcb32a0b843f@group-56FEA48B3F6C-FollowerState
2022-02-01 01:15:16,325 [aad00493-843f-40cd-b56e-bcb32a0b843f@group-56FEA48B3F6C-FollowerState] INFO  server.RaftServer$Division (RaftServerImpl.java:setRole(290)) - aad00493-843f-40cd-b56e-bcb32a0b843f@group-56FEA48B3F6C: changes role from  FOLLOWER to CANDIDATE at term 7 for changeToCandidate
2022-02-01 01:15:16,325 [aad00493-843f-40cd-b56e-bcb32a0b843f@group-56FEA48B3F6C-FollowerState] INFO  server.RaftServerConfigKeys (ConfUtils.java:logGet(44)) - raft.server.leaderelection.pre-vote = false (custom)
2022-02-01 01:15:16,325 [aad00493-843f-40cd-b56e-bcb32a0b843f@group-56FEA48B3F6C-FollowerState] INFO  impl.RoleInfo (RoleInfo.java:updateAndGet(130)) - aad00493-843f-40cd-b56e-bcb32a0b843f: start aad00493-843f-40cd-b56e-bcb32a0b843f@group-56FEA48B3F6C-LeaderElection36
2022-02-01 01:15:16,341 [grpc-default-executor-3] INFO  server.RaftServer$Division (RaftServerImpl.java:requestVote(1046)) - aad00493-843f-40cd-b56e-bcb32a0b843f@group-56FEA48B3F6C: receive requestVote(ELECTION, 08f587f6-d3d0-450e-bf31-fc9adbdb5c63, group-56FEA48B3F6C, 8, (t:0, i:0))
2022-02-01 01:15:16,341 [grpc-default-executor-3] INFO  impl.VoteContext (VoteContext.java:log(48)) - aad00493-843f-40cd-b56e-bcb32a0b843f@group-56FEA48B3F6C-CANDIDATE: reject ELECTION from 08f587f6-d3d0-450e-bf31-fc9adbdb5c63: already has voted for aad00493-843f-40cd-b56e-bcb32a0b843f at current term 8
2022-02-01 01:15:16,341 [grpc-default-executor-3] INFO  server.RaftServer$Division (RaftServerImpl.java:requestVote(1078)) - aad00493-843f-40cd-b56e-bcb32a0b843f@group-56FEA48B3F6C replies to ELECTION vote request: 08f587f6-d3d0-450e-bf31-fc9adbdb5c63<-aad00493-843f-40cd-b56e-bcb32a0b843f#0:FAIL-t8. Peer's state: aad00493-843f-40cd-b56e-bcb32a0b843f@group-56FEA48B3F6C:t8, leader=null, voted=aad00493-843f-40cd-b56e-bcb32a0b843f, raftlog=aad00493-843f-40cd-b56e-bcb32a0b843f@group-56FEA48B3F6C-SegmentedRaftLog:OPENED:c-1, conf=-1: [39fc65de-49e5-4d05-a568-f4cf96421ecb|rpc:10.1.0.7:44069|dataStream:|priority:0, 08f587f6-d3d0-450e-bf31-fc9adbdb5c63|rpc:10.1.0.7:35597|dataStream:|priority:0, aad00493-843f-40cd-b56e-bcb32a0b843f|rpc:10.1.0.7:46817|dataStream:|priority:1], old=null
2022-02-01 01:15:16,343 [08f587f6-d3d0-450e-bf31-fc9adbdb5c63@group-56FEA48B3F6C-LeaderElection35] INFO  impl.LeaderElection (LeaderElection.java:logAndReturn(89)) - 08f587f6-d3d0-450e-bf31-fc9adbdb5c63@group-56FEA48B3F6C-LeaderElection35: ELECTION REJECTED received 2 response(s) and 0 exception(s):
2022-02-01 01:15:16,343 [08f587f6-d3d0-450e-bf31-fc9adbdb5c63@group-56FEA48B3F6C-LeaderElection35] INFO  impl.LeaderElection (LeaderElection.java:logAndReturn(93)) -   Response 0: 08f587f6-d3d0-450e-bf31-fc9adbdb5c63<-39fc65de-49e5-4d05-a568-f4cf96421ecb#0:OK-t8
2022-02-01 01:15:16,343 [08f587f6-d3d0-450e-bf31-fc9adbdb5c63@group-56FEA48B3F6C-LeaderElection35] INFO  impl.LeaderElection (LeaderElection.java:logAndReturn(93)) -   Response 1: 08f587f6-d3d0-450e-bf31-fc9adbdb5c63<-aad00493-843f-40cd-b56e-bcb32a0b843f#0:FAIL-t8
2022-02-01 01:15:16,343 [08f587f6-d3d0-450e-bf31-fc9adbdb5c63@group-56FEA48B3F6C-LeaderElection35] INFO  impl.LeaderElection (LeaderElection.java:askForVotes(308)) - 08f587f6-d3d0-450e-bf31-fc9adbdb5c63@group-56FEA48B3F6C-LeaderElection35 ELECTION round 0: result REJECTED
2022-02-01 01:15:16,344 [aad00493-843f-40cd-b56e-bcb32a0b843f@group-56FEA48B3F6C-LeaderElection36] INFO  impl.LeaderElection (LeaderElection.java:askForVotes(306)) - aad00493-843f-40cd-b56e-bcb32a0b843f@group-56FEA48B3F6C-LeaderElection36 ELECTION round 0: submit vote requests at term 8 for -1: [39fc65de-49e5-4d05-a568-f4cf96421ecb|rpc:10.1.0.7:44069|dataStream:|priority:0, 08f587f6-d3d0-450e-bf31-fc9adbdb5c63|rpc:10.1.0.7:35597|dataStream:|priority:0, aad00493-843f-40cd-b56e-bcb32a0b843f|rpc:10.1.0.7:46817|dataStream:|priority:1], old=null
2022-02-01 01:15:16,355 [08f587f6-d3d0-450e-bf31-fc9adbdb5c63@group-56FEA48B3F6C-LeaderElection35] INFO  server.RaftServer$Division (RaftServerImpl.java:setRole(290)) - 08f587f6-d3d0-450e-bf31-fc9adbdb5c63@group-56FEA48B3F6C: changes role from CANDIDATE to FOLLOWER at term 8 for REJECTED
2022-02-01 01:15:16,355 [08f587f6-d3d0-450e-bf31-fc9adbdb5c63@group-56FEA48B3F6C-LeaderElection35] INFO  impl.RoleInfo (RoleInfo.java:shutdownLeaderElection(121)) - 08f587f6-d3d0-450e-bf31-fc9adbdb5c63: shutdown 08f587f6-d3d0-450e-bf31-fc9adbdb5c63@group-56FEA48B3F6C-LeaderElection35
2022-02-01 01:15:16,355 [08f587f6-d3d0-450e-bf31-fc9adbdb5c63@group-56FEA48B3F6C-LeaderElection35] INFO  impl.RoleInfo (RoleInfo.java:updateAndGet(130)) - 08f587f6-d3d0-450e-bf31-fc9adbdb5c63: start 08f587f6-d3d0-450e-bf31-fc9adbdb5c63@group-56FEA48B3F6C-FollowerState
2022-02-01 01:15:16,365 [grpc-default-executor-3] INFO  server.RaftServer$Division (RaftServerImpl.java:requestVote(1046)) - 39fc65de-49e5-4d05-a568-f4cf96421ecb@group-56FEA48B3F6C: receive requestVote(ELECTION, aad00493-843f-40cd-b56e-bcb32a0b843f, group-56FEA48B3F6C, 8, (t:0, i:0))
2022-02-01 01:15:16,366 [grpc-default-executor-3] INFO  impl.VoteContext (VoteContext.java:log(48)) - 39fc65de-49e5-4d05-a568-f4cf96421ecb@group-56FEA48B3F6C-FOLLOWER: reject ELECTION from aad00493-843f-40cd-b56e-bcb32a0b843f: already has voted for 08f587f6-d3d0-450e-bf31-fc9adbdb5c63 at current term 8
2022-02-01 01:15:16,366 [grpc-default-executor-3] INFO  server.RaftServer$Division (RaftServerImpl.java:requestVote(1078)) - 39fc65de-49e5-4d05-a568-f4cf96421ecb@group-56FEA48B3F6C replies to ELECTION vote request: aad00493-843f-40cd-b56e-bcb32a0b843f<-39fc65de-49e5-4d05-a568-f4cf96421ecb#0:FAIL-t8. Peer's state: 39fc65de-49e5-4d05-a568-f4cf96421ecb@group-56FEA48B3F6C:t8, leader=null, voted=08f587f6-d3d0-450e-bf31-fc9adbdb5c63, raftlog=39fc65de-49e5-4d05-a568-f4cf96421ecb@group-56FEA48B3F6C-SegmentedRaftLog:OPENED:c-1, conf=-1: [39fc65de-49e5-4d05-a568-f4cf96421ecb|rpc:10.1.0.7:44069|dataStream:|priority:0, 08f587f6-d3d0-450e-bf31-fc9adbdb5c63|rpc:10.1.0.7:35597|dataStream:|priority:0, aad00493-843f-40cd-b56e-bcb32a0b843f|rpc:10.1.0.7:46817|dataStream:|priority:1], old=null
2022-02-01 01:15:16,365 [grpc-default-executor-1] INFO  server.RaftServer$Division (RaftServerImpl.java:requestVote(1046)) - 08f587f6-d3d0-450e-bf31-fc9adbdb5c63@group-56FEA48B3F6C: receive requestVote(ELECTION, aad00493-843f-40cd-b56e-bcb32a0b843f, group-56FEA48B3F6C, 8, (t:0, i:0))
2022-02-01 01:15:16,367 [grpc-default-executor-1] INFO  impl.VoteContext (VoteContext.java:log(48)) - 08f587f6-d3d0-450e-bf31-fc9adbdb5c63@group-56FEA48B3F6C-FOLLOWER: reject ELECTION from aad00493-843f-40cd-b56e-bcb32a0b843f: already has voted for 08f587f6-d3d0-450e-bf31-fc9adbdb5c63 at current term 8
2022-02-01 01:15:16,367 [grpc-default-executor-1] INFO  server.RaftServer$Division (RaftServerImpl.java:requestVote(1078)) - 08f587f6-d3d0-450e-bf31-fc9adbdb5c63@group-56FEA48B3F6C replies to ELECTION vote request: aad00493-843f-40cd-b56e-bcb32a0b843f<-08f587f6-d3d0-450e-bf31-fc9adbdb5c63#0:FAIL-t8. Peer's state: 08f587f6-d3d0-450e-bf31-fc9adbdb5c63@group-56FEA48B3F6C:t8, leader=null, voted=08f587f6-d3d0-450e-bf31-fc9adbdb5c63, raftlog=08f587f6-d3d0-450e-bf31-fc9adbdb5c63@group-56FEA48B3F6C-SegmentedRaftLog:OPENED:c-1, conf=-1: [39fc65de-49e5-4d05-a568-f4cf96421ecb|rpc:10.1.0.7:44069|priority:0, 08f587f6-d3d0-450e-bf31-fc9adbdb5c63|rpc:10.1.0.7:35597|priority:0, aad00493-843f-40cd-b56e-bcb32a0b843f|rpc:10.1.0.7:46817|priority:1], old=null
2022-02-01 01:15:16,374 [aad00493-843f-40cd-b56e-bcb32a0b843f@group-56FEA48B3F6C-LeaderElection36] INFO  impl.LeaderElection (LeaderElection.java:logAndReturn(89)) - aad00493-843f-40cd-b56e-bcb32a0b843f@group-56FEA48B3F6C-LeaderElection36: ELECTION REJECTED received 2 response(s) and 0 exception(s):
2022-02-01 01:15:16,375 [aad00493-843f-40cd-b56e-bcb32a0b843f@group-56FEA48B3F6C-LeaderElection36] INFO  impl.LeaderElection (LeaderElection.java:logAndReturn(93)) -   Response 0: aad00493-843f-40cd-b56e-bcb32a0b843f<-39fc65de-49e5-4d05-a568-f4cf96421ecb#0:FAIL-t8
2022-02-01 01:15:16,375 [aad00493-843f-40cd-b56e-bcb32a0b843f@group-56FEA48B3F6C-LeaderElection36] INFO  impl.LeaderElection (LeaderElection.java:logAndReturn(93)) -   Response 1: aad00493-843f-40cd-b56e-bcb32a0b843f<-08f587f6-d3d0-450e-bf31-fc9adbdb5c63#0:FAIL-t8
2022-02-01 01:15:16,375 [aad00493-843f-40cd-b56e-bcb32a0b843f@group-56FEA48B3F6C-LeaderElection36] INFO  impl.LeaderElection (LeaderElection.java:askForVotes(308)) - aad00493-843f-40cd-b56e-bcb32a0b843f@group-56FEA48B3F6C-LeaderElection36 ELECTION round 0: result REJECTED
2022-02-01 01:15:16,375 [aad00493-843f-40cd-b56e-bcb32a0b843f@group-56FEA48B3F6C-LeaderElection36] INFO  server.RaftServer$Division (RaftServerImpl.java:setRole(290)) - aad00493-843f-40cd-b56e-bcb32a0b843f@group-56FEA48B3F6C: changes role from CANDIDATE to FOLLOWER at term 8 for REJECTED
2022-02-01 01:15:16,375 [aad00493-843f-40cd-b56e-bcb32a0b843f@group-56FEA48B3F6C-LeaderElection36] INFO  impl.RoleInfo (RoleInfo.java:shutdownLeaderElection(121)) - aad00493-843f-40cd-b56e-bcb32a0b843f: shutdown aad00493-843f-40cd-b56e-bcb32a0b843f@group-56FEA48B3F6C-LeaderElection36
2022-02-01 01:15:16,375 [aad00493-843f-40cd-b56e-bcb32a0b843f@group-56FEA48B3F6C-LeaderElection36] INFO  impl.RoleInfo (RoleInfo.java:updateAndGet(130)) - aad00493-843f-40cd-b56e-bcb32a0b843f: start aad00493-843f-40cd-b56e-bcb32a0b843f@group-56FEA48B3F6C-FollowerState
2022-02-01 01:15:16,462 [Listener at 127.0.0.1/34793] INFO  ozone.MiniOzoneClusterImpl (MiniOzoneClusterImpl.java:lambda$waitForClusterToBeReady$0(219)) - Nodes are ready. Got 3 of 3 DN Heartbeats.
2022-02-01 01:15:16,463 [Listener at 127.0.0.1/34793] INFO  ozone.MiniOzoneClusterImpl (MiniOzoneClusterImpl.java:lambda$waitForClusterToBeReady$0(222)) - Waiting for cluster to exit safe mode
2022-02-01 01:15:16,463 [Listener at 127.0.0.1/34793] INFO  ozone.MiniOzoneClusterImpl (MiniOzoneClusterImpl.java:lambda$waitForClusterToBeReady$0(224)) - SCM became leader
2022-02-01 01:15:17,463 [Listener at 127.0.0.1/34793] INFO  ozone.MiniOzoneClusterImpl (MiniOzoneClusterImpl.java:lambda$waitForClusterToBeReady$0(219)) - Nodes are ready. Got 3 of 3 DN Heartbeats.
2022-02-01 01:15:17,464 [Listener at 127.0.0.1/34793] INFO  ozone.MiniOzoneClusterImpl (MiniOzoneClusterImpl.java:lambda$waitForClusterToBeReady$0(222)) - Waiting for cluster to exit safe mode
2022-02-01 01:15:17,464 [Listener at 127.0.0.1/34793] INFO  ozone.MiniOzoneClusterImpl (MiniOzoneClusterImpl.java:lambda$waitForClusterToBeReady$0(224)) - SCM became leader
2022-02-01 01:15:18,464 [Listener at 127.0.0.1/34793] INFO  ozone.MiniOzoneClusterImpl (MiniOzoneClusterImpl.java:lambda$waitForClusterToBeReady$0(219)) - Nodes are ready. Got 3 of 3 DN Heartbeats.
2022-02-01 01:15:18,464 [Listener at 127.0.0.1/34793] INFO  ozone.MiniOzoneClusterImpl (MiniOzoneClusterImpl.java:lambda$waitForClusterToBeReady$0(222)) - Waiting for cluster to exit safe mode
2022-02-01 01:15:18,464 [Listener at 127.0.0.1/34793] INFO  ozone.MiniOzoneClusterImpl (MiniOzoneClusterImpl.java:lambda$waitForClusterToBeReady$0(224)) - SCM became leader
2022-02-01 01:15:19,465 [Listener at 127.0.0.1/34793] INFO  ozone.MiniOzoneClusterImpl (MiniOzoneClusterImpl.java:lambda$waitForClusterToBeReady$0(219)) - Nodes are ready. Got 3 of 3 DN Heartbeats.
2022-02-01 01:15:19,465 [Listener at 127.0.0.1/34793] INFO  ozone.MiniOzoneClusterImpl (MiniOzoneClusterImpl.java:lambda$waitForClusterToBeReady$0(222)) - Waiting for cluster to exit safe mode
2022-02-01 01:15:19,465 [Listener at 127.0.0.1/34793] INFO  ozone.MiniOzoneClusterImpl (MiniOzoneClusterImpl.java:lambda$waitForClusterToBeReady$0(224)) - SCM became leader
2022-02-01 01:15:20,465 [Listener at 127.0.0.1/34793] INFO  ozone.MiniOzoneClusterImpl (MiniOzoneClusterImpl.java:lambda$waitForClusterToBeReady$0(219)) - Nodes are ready. Got 3 of 3 DN Heartbeats.
2022-02-01 01:15:20,465 [Listener at 127.0.0.1/34793] INFO  ozone.MiniOzoneClusterImpl (MiniOzoneClusterImpl.java:lambda$waitForClusterToBeReady$0(222)) - Waiting for cluster to exit safe mode
2022-02-01 01:15:20,465 [Listener at 127.0.0.1/34793] INFO  ozone.MiniOzoneClusterImpl (MiniOzoneClusterImpl.java:lambda$waitForClusterToBeReady$0(224)) - SCM became leader
2022-02-01 01:15:21,428 [08f587f6-d3d0-450e-bf31-fc9adbdb5c63@group-56FEA48B3F6C-FollowerState] INFO  impl.FollowerState (FollowerState.java:run(134)) - 08f587f6-d3d0-450e-bf31-fc9adbdb5c63@group-56FEA48B3F6C-FollowerState: change to CANDIDATE, lastRpcElapsedTime:5073187830ns, electionTimeout:5044ms
2022-02-01 01:15:21,428 [08f587f6-d3d0-450e-bf31-fc9adbdb5c63@group-56FEA48B3F6C-FollowerState] INFO  impl.RoleInfo (RoleInfo.java:shutdownFollowerState(108)) - 08f587f6-d3d0-450e-bf31-fc9adbdb5c63: shutdown 08f587f6-d3d0-450e-bf31-fc9adbdb5c63@group-56FEA48B3F6C-FollowerState
2022-02-01 01:15:21,429 [08f587f6-d3d0-450e-bf31-fc9adbdb5c63@group-56FEA48B3F6C-FollowerState] INFO  server.RaftServer$Division (RaftServerImpl.java:setRole(290)) - 08f587f6-d3d0-450e-bf31-fc9adbdb5c63@group-56FEA48B3F6C: changes role from  FOLLOWER to CANDIDATE at term 8 for changeToCandidate
2022-02-01 01:15:21,429 [08f587f6-d3d0-450e-bf31-fc9adbdb5c63@group-56FEA48B3F6C-FollowerState] INFO  server.RaftServerConfigKeys (ConfUtils.java:logGet(44)) - raft.server.leaderelection.pre-vote = false (custom)
2022-02-01 01:15:21,429 [08f587f6-d3d0-450e-bf31-fc9adbdb5c63@group-56FEA48B3F6C-FollowerState] INFO  impl.RoleInfo (RoleInfo.java:updateAndGet(130)) - 08f587f6-d3d0-450e-bf31-fc9adbdb5c63: start 08f587f6-d3d0-450e-bf31-fc9adbdb5c63@group-56FEA48B3F6C-LeaderElection37
2022-02-01 01:15:21,443 [aad00493-843f-40cd-b56e-bcb32a0b843f@group-56FEA48B3F6C-FollowerState] INFO  impl.FollowerState (FollowerState.java:run(134)) - aad00493-843f-40cd-b56e-bcb32a0b843f@group-56FEA48B3F6C-FollowerState: change to CANDIDATE, lastRpcElapsedTime:5067400036ns, electionTimeout:5040ms
2022-02-01 01:15:21,443 [aad00493-843f-40cd-b56e-bcb32a0b843f@group-56FEA48B3F6C-FollowerState] INFO  impl.RoleInfo (RoleInfo.java:shutdownFollowerState(108)) - aad00493-843f-40cd-b56e-bcb32a0b843f: shutdown aad00493-843f-40cd-b56e-bcb32a0b843f@group-56FEA48B3F6C-FollowerState
2022-02-01 01:15:21,443 [aad00493-843f-40cd-b56e-bcb32a0b843f@group-56FEA48B3F6C-FollowerState] INFO  server.RaftServer$Division (RaftServerImpl.java:setRole(290)) - aad00493-843f-40cd-b56e-bcb32a0b843f@group-56FEA48B3F6C: changes role from  FOLLOWER to CANDIDATE at term 8 for changeToCandidate
2022-02-01 01:15:21,443 [aad00493-843f-40cd-b56e-bcb32a0b843f@group-56FEA48B3F6C-FollowerState] INFO  server.RaftServerConfigKeys (ConfUtils.java:logGet(44)) - raft.server.leaderelection.pre-vote = false (custom)
2022-02-01 01:15:21,443 [aad00493-843f-40cd-b56e-bcb32a0b843f@group-56FEA48B3F6C-FollowerState] INFO  impl.RoleInfo (RoleInfo.java:updateAndGet(130)) - aad00493-843f-40cd-b56e-bcb32a0b843f: start aad00493-843f-40cd-b56e-bcb32a0b843f@group-56FEA48B3F6C-LeaderElection38
2022-02-01 01:15:21,446 [aad00493-843f-40cd-b56e-bcb32a0b843f@group-56FEA48B3F6C-LeaderElection38] INFO  impl.LeaderElection (LeaderElection.java:askForVotes(306)) - aad00493-843f-40cd-b56e-bcb32a0b843f@group-56FEA48B3F6C-LeaderElection38 ELECTION round 0: submit vote requests at term 9 for -1: [39fc65de-49e5-4d05-a568-f4cf96421ecb|rpc:10.1.0.7:44069|dataStream:|priority:0, 08f587f6-d3d0-450e-bf31-fc9adbdb5c63|rpc:10.1.0.7:35597|dataStream:|priority:0, aad00493-843f-40cd-b56e-bcb32a0b843f|rpc:10.1.0.7:46817|dataStream:|priority:1], old=null
2022-02-01 01:15:21,447 [08f587f6-d3d0-450e-bf31-fc9adbdb5c63@group-56FEA48B3F6C-LeaderElection37] INFO  impl.LeaderElection (LeaderElection.java:askForVotes(306)) - 08f587f6-d3d0-450e-bf31-fc9adbdb5c63@group-56FEA48B3F6C-LeaderElection37 ELECTION round 0: submit vote requests at term 9 for -1: [39fc65de-49e5-4d05-a568-f4cf96421ecb|rpc:10.1.0.7:44069|priority:0, 08f587f6-d3d0-450e-bf31-fc9adbdb5c63|rpc:10.1.0.7:35597|priority:0, aad00493-843f-40cd-b56e-bcb32a0b843f|rpc:10.1.0.7:46817|priority:1], old=null
2022-02-01 01:15:21,466 [Listener at 127.0.0.1/34793] INFO  ozone.MiniOzoneClusterImpl (MiniOzoneClusterImpl.java:lambda$waitForClusterToBeReady$0(219)) - Nodes are ready. Got 3 of 3 DN Heartbeats.
2022-02-01 01:15:21,473 [Listener at 127.0.0.1/34793] INFO  ozone.MiniOzoneClusterImpl (MiniOzoneClusterImpl.java:lambda$waitForClusterToBeReady$0(222)) - Waiting for cluster to exit safe mode
2022-02-01 01:15:21,473 [Listener at 127.0.0.1/34793] INFO  ozone.MiniOzoneClusterImpl (MiniOzoneClusterImpl.java:lambda$waitForClusterToBeReady$0(224)) - SCM became leader
2022-02-01 01:15:21,485 [39fc65de-49e5-4d05-a568-f4cf96421ecb@group-56FEA48B3F6C-FollowerState] INFO  impl.FollowerState (FollowerState.java:run(134)) - 39fc65de-49e5-4d05-a568-f4cf96421ecb@group-56FEA48B3F6C-FollowerState: change to CANDIDATE, lastRpcElapsedTime:5161413860ns, electionTimeout:5153ms
2022-02-01 01:15:21,485 [39fc65de-49e5-4d05-a568-f4cf96421ecb@group-56FEA48B3F6C-FollowerState] INFO  impl.RoleInfo (RoleInfo.java:shutdownFollowerState(108)) - 39fc65de-49e5-4d05-a568-f4cf96421ecb: shutdown 39fc65de-49e5-4d05-a568-f4cf96421ecb@group-56FEA48B3F6C-FollowerState
2022-02-01 01:15:21,485 [39fc65de-49e5-4d05-a568-f4cf96421ecb@group-56FEA48B3F6C-FollowerState] INFO  server.RaftServer$Division (RaftServerImpl.java:setRole(290)) - 39fc65de-49e5-4d05-a568-f4cf96421ecb@group-56FEA48B3F6C: changes role from  FOLLOWER to CANDIDATE at term 8 for changeToCandidate
2022-02-01 01:15:21,485 [39fc65de-49e5-4d05-a568-f4cf96421ecb@group-56FEA48B3F6C-FollowerState] INFO  server.RaftServerConfigKeys (ConfUtils.java:logGet(44)) - raft.server.leaderelection.pre-vote = false (custom)
2022-02-01 01:15:21,485 [39fc65de-49e5-4d05-a568-f4cf96421ecb@group-56FEA48B3F6C-FollowerState] INFO  impl.RoleInfo (RoleInfo.java:updateAndGet(130)) - 39fc65de-49e5-4d05-a568-f4cf96421ecb: start 39fc65de-49e5-4d05-a568-f4cf96421ecb@group-56FEA48B3F6C-LeaderElection39
2022-02-01 01:15:21,503 [grpc-default-executor-3] INFO  server.RaftServer$Division (RaftServerImpl.java:requestVote(1046)) - 39fc65de-49e5-4d05-a568-f4cf96421ecb@group-56FEA48B3F6C: receive requestVote(ELECTION, aad00493-843f-40cd-b56e-bcb32a0b843f, group-56FEA48B3F6C, 9, (t:0, i:0))
2022-02-01 01:15:21,503 [grpc-default-executor-3] INFO  impl.VoteContext (VoteContext.java:log(48)) - 39fc65de-49e5-4d05-a568-f4cf96421ecb@group-56FEA48B3F6C-CANDIDATE: accept ELECTION from aad00493-843f-40cd-b56e-bcb32a0b843f: our priority 0 <= candidate's priority 1
2022-02-01 01:15:21,503 [grpc-default-executor-3] INFO  server.RaftServer$Division (RaftServerImpl.java:setRole(290)) - 39fc65de-49e5-4d05-a568-f4cf96421ecb@group-56FEA48B3F6C: changes role from CANDIDATE to FOLLOWER at term 9 for candidate:aad00493-843f-40cd-b56e-bcb32a0b843f
2022-02-01 01:15:21,504 [grpc-default-executor-3] INFO  impl.RoleInfo (RoleInfo.java:shutdownLeaderElection(121)) - 39fc65de-49e5-4d05-a568-f4cf96421ecb: shutdown 39fc65de-49e5-4d05-a568-f4cf96421ecb@group-56FEA48B3F6C-LeaderElection39
2022-02-01 01:15:21,508 [grpc-default-executor-3] INFO  impl.RoleInfo (RoleInfo.java:updateAndGet(130)) - 39fc65de-49e5-4d05-a568-f4cf96421ecb: start 39fc65de-49e5-4d05-a568-f4cf96421ecb@group-56FEA48B3F6C-FollowerState
2022-02-01 01:15:21,510 [grpc-default-executor-1] INFO  server.RaftServer$Division (RaftServerImpl.java:requestVote(1046)) - 39fc65de-49e5-4d05-a568-f4cf96421ecb@group-56FEA48B3F6C: receive requestVote(ELECTION, 08f587f6-d3d0-450e-bf31-fc9adbdb5c63, group-56FEA48B3F6C, 9, (t:0, i:0))
2022-02-01 01:15:21,516 [39fc65de-49e5-4d05-a568-f4cf96421ecb@group-56FEA48B3F6C-LeaderElection39] INFO  impl.LeaderElection (LeaderElection.java:run(230)) - 39fc65de-49e5-4d05-a568-f4cf96421ecb@group-56FEA48B3F6C-LeaderElection39: skip running since this is already CLOSING
2022-02-01 01:15:21,517 [grpc-default-executor-2] INFO  server.RaftServer$Division (RaftServerImpl.java:requestVote(1046)) - aad00493-843f-40cd-b56e-bcb32a0b843f@group-56FEA48B3F6C: receive requestVote(ELECTION, 08f587f6-d3d0-450e-bf31-fc9adbdb5c63, group-56FEA48B3F6C, 9, (t:0, i:0))
2022-02-01 01:15:21,517 [grpc-default-executor-2] INFO  impl.VoteContext (VoteContext.java:log(48)) - aad00493-843f-40cd-b56e-bcb32a0b843f@group-56FEA48B3F6C-CANDIDATE: reject ELECTION from 08f587f6-d3d0-450e-bf31-fc9adbdb5c63: already has voted for aad00493-843f-40cd-b56e-bcb32a0b843f at current term 9
2022-02-01 01:15:21,517 [grpc-default-executor-0] INFO  server.RaftServer$Division (RaftServerImpl.java:requestVote(1046)) - 08f587f6-d3d0-450e-bf31-fc9adbdb5c63@group-56FEA48B3F6C: receive requestVote(ELECTION, aad00493-843f-40cd-b56e-bcb32a0b843f, group-56FEA48B3F6C, 9, (t:0, i:0))
2022-02-01 01:15:21,517 [grpc-default-executor-2] INFO  server.RaftServer$Division (RaftServerImpl.java:requestVote(1078)) - aad00493-843f-40cd-b56e-bcb32a0b843f@group-56FEA48B3F6C replies to ELECTION vote request: 08f587f6-d3d0-450e-bf31-fc9adbdb5c63<-aad00493-843f-40cd-b56e-bcb32a0b843f#0:FAIL-t9. Peer's state: aad00493-843f-40cd-b56e-bcb32a0b843f@group-56FEA48B3F6C:t9, leader=null, voted=aad00493-843f-40cd-b56e-bcb32a0b843f, raftlog=aad00493-843f-40cd-b56e-bcb32a0b843f@group-56FEA48B3F6C-SegmentedRaftLog:OPENED:c-1, conf=-1: [39fc65de-49e5-4d05-a568-f4cf96421ecb|rpc:10.1.0.7:44069|dataStream:|priority:0, 08f587f6-d3d0-450e-bf31-fc9adbdb5c63|rpc:10.1.0.7:35597|dataStream:|priority:0, aad00493-843f-40cd-b56e-bcb32a0b843f|rpc:10.1.0.7:46817|dataStream:|priority:1], old=null
2022-02-01 01:15:21,517 [grpc-default-executor-0] INFO  impl.VoteContext (VoteContext.java:log(48)) - 08f587f6-d3d0-450e-bf31-fc9adbdb5c63@group-56FEA48B3F6C-CANDIDATE: reject ELECTION from aad00493-843f-40cd-b56e-bcb32a0b843f: already has voted for 08f587f6-d3d0-450e-bf31-fc9adbdb5c63 at current term 9
2022-02-01 01:15:21,517 [grpc-default-executor-0] INFO  server.RaftServer$Division (RaftServerImpl.java:requestVote(1078)) - 08f587f6-d3d0-450e-bf31-fc9adbdb5c63@group-56FEA48B3F6C replies to ELECTION vote request: aad00493-843f-40cd-b56e-bcb32a0b843f<-08f587f6-d3d0-450e-bf31-fc9adbdb5c63#0:FAIL-t9. Peer's state: 08f587f6-d3d0-450e-bf31-fc9adbdb5c63@group-56FEA48B3F6C:t9, leader=null, voted=08f587f6-d3d0-450e-bf31-fc9adbdb5c63, raftlog=08f587f6-d3d0-450e-bf31-fc9adbdb5c63@group-56FEA48B3F6C-SegmentedRaftLog:OPENED:c-1, conf=-1: [39fc65de-49e5-4d05-a568-f4cf96421ecb|rpc:10.1.0.7:44069|priority:0, 08f587f6-d3d0-450e-bf31-fc9adbdb5c63|rpc:10.1.0.7:35597|priority:0, aad00493-843f-40cd-b56e-bcb32a0b843f|rpc:10.1.0.7:46817|priority:1], old=null
2022-02-01 01:15:21,519 [08f587f6-d3d0-450e-bf31-fc9adbdb5c63@group-56FEA48B3F6C-LeaderElection37] INFO  impl.LeaderElection (LeaderElection.java:logAndReturn(89)) - 08f587f6-d3d0-450e-bf31-fc9adbdb5c63@group-56FEA48B3F6C-LeaderElection37: ELECTION REJECTED received 1 response(s) and 0 exception(s):
2022-02-01 01:15:21,520 [08f587f6-d3d0-450e-bf31-fc9adbdb5c63@group-56FEA48B3F6C-LeaderElection37] INFO  impl.LeaderElection (LeaderElection.java:logAndReturn(93)) -   Response 0: 08f587f6-d3d0-450e-bf31-fc9adbdb5c63<-aad00493-843f-40cd-b56e-bcb32a0b843f#0:FAIL-t9
2022-02-01 01:15:21,520 [08f587f6-d3d0-450e-bf31-fc9adbdb5c63@group-56FEA48B3F6C-LeaderElection37] INFO  impl.LeaderElection (LeaderElection.java:askForVotes(308)) - 08f587f6-d3d0-450e-bf31-fc9adbdb5c63@group-56FEA48B3F6C-LeaderElection37 ELECTION round 0: result REJECTED
2022-02-01 01:15:21,520 [08f587f6-d3d0-450e-bf31-fc9adbdb5c63@group-56FEA48B3F6C-LeaderElection37] INFO  server.RaftServer$Division (RaftServerImpl.java:setRole(290)) - 08f587f6-d3d0-450e-bf31-fc9adbdb5c63@group-56FEA48B3F6C: changes role from CANDIDATE to FOLLOWER at term 9 for REJECTED
2022-02-01 01:15:21,520 [08f587f6-d3d0-450e-bf31-fc9adbdb5c63@group-56FEA48B3F6C-LeaderElection37] INFO  impl.RoleInfo (RoleInfo.java:shutdownLeaderElection(121)) - 08f587f6-d3d0-450e-bf31-fc9adbdb5c63: shutdown 08f587f6-d3d0-450e-bf31-fc9adbdb5c63@group-56FEA48B3F6C-LeaderElection37
2022-02-01 01:15:21,520 [08f587f6-d3d0-450e-bf31-fc9adbdb5c63@group-56FEA48B3F6C-LeaderElection37] INFO  impl.RoleInfo (RoleInfo.java:updateAndGet(130)) - 08f587f6-d3d0-450e-bf31-fc9adbdb5c63: start 08f587f6-d3d0-450e-bf31-fc9adbdb5c63@group-56FEA48B3F6C-FollowerState
2022-02-01 01:15:21,522 [grpc-default-executor-3] INFO  server.RaftServer$Division (RaftServerImpl.java:requestVote(1078)) - 39fc65de-49e5-4d05-a568-f4cf96421ecb@group-56FEA48B3F6C replies to ELECTION vote request: aad00493-843f-40cd-b56e-bcb32a0b843f<-39fc65de-49e5-4d05-a568-f4cf96421ecb#0:OK-t9. Peer's state: 39fc65de-49e5-4d05-a568-f4cf96421ecb@group-56FEA48B3F6C:t9, leader=null, voted=aad00493-843f-40cd-b56e-bcb32a0b843f, raftlog=39fc65de-49e5-4d05-a568-f4cf96421ecb@group-56FEA48B3F6C-SegmentedRaftLog:OPENED:c-1, conf=-1: [39fc65de-49e5-4d05-a568-f4cf96421ecb|rpc:10.1.0.7:44069|dataStream:|priority:0, 08f587f6-d3d0-450e-bf31-fc9adbdb5c63|rpc:10.1.0.7:35597|dataStream:|priority:0, aad00493-843f-40cd-b56e-bcb32a0b843f|rpc:10.1.0.7:46817|dataStream:|priority:1], old=null
2022-02-01 01:15:21,523 [grpc-default-executor-1] INFO  impl.VoteContext (VoteContext.java:log(48)) - 39fc65de-49e5-4d05-a568-f4cf96421ecb@group-56FEA48B3F6C-FOLLOWER: reject ELECTION from 08f587f6-d3d0-450e-bf31-fc9adbdb5c63: already has voted for aad00493-843f-40cd-b56e-bcb32a0b843f at current term 9
2022-02-01 01:15:21,523 [grpc-default-executor-1] INFO  server.RaftServer$Division (RaftServerImpl.java:requestVote(1078)) - 39fc65de-49e5-4d05-a568-f4cf96421ecb@group-56FEA48B3F6C replies to ELECTION vote request: 08f587f6-d3d0-450e-bf31-fc9adbdb5c63<-39fc65de-49e5-4d05-a568-f4cf96421ecb#0:FAIL-t9. Peer's state: 39fc65de-49e5-4d05-a568-f4cf96421ecb@group-56FEA48B3F6C:t9, leader=null, voted=aad00493-843f-40cd-b56e-bcb32a0b843f, raftlog=39fc65de-49e5-4d05-a568-f4cf96421ecb@group-56FEA48B3F6C-SegmentedRaftLog:OPENED:c-1, conf=-1: [39fc65de-49e5-4d05-a568-f4cf96421ecb|rpc:10.1.0.7:44069|dataStream:|priority:0, 08f587f6-d3d0-450e-bf31-fc9adbdb5c63|rpc:10.1.0.7:35597|dataStream:|priority:0, aad00493-843f-40cd-b56e-bcb32a0b843f|rpc:10.1.0.7:46817|dataStream:|priority:1], old=null
2022-02-01 01:15:21,525 [aad00493-843f-40cd-b56e-bcb32a0b843f@group-56FEA48B3F6C-LeaderElection38] INFO  impl.LeaderElection (LeaderElection.java:logAndReturn(89)) - aad00493-843f-40cd-b56e-bcb32a0b843f@group-56FEA48B3F6C-LeaderElection38: ELECTION PASSED received 1 response(s) and 0 exception(s):
2022-02-01 01:15:21,525 [aad00493-843f-40cd-b56e-bcb32a0b843f@group-56FEA48B3F6C-LeaderElection38] INFO  impl.LeaderElection (LeaderElection.java:logAndReturn(93)) -   Response 0: aad00493-843f-40cd-b56e-bcb32a0b843f<-39fc65de-49e5-4d05-a568-f4cf96421ecb#0:OK-t9
2022-02-01 01:15:21,526 [aad00493-843f-40cd-b56e-bcb32a0b843f@group-56FEA48B3F6C-LeaderElection38] INFO  impl.LeaderElection (LeaderElection.java:askForVotes(308)) - aad00493-843f-40cd-b56e-bcb32a0b843f@group-56FEA48B3F6C-LeaderElection38 ELECTION round 0: result PASSED
2022-02-01 01:15:21,526 [aad00493-843f-40cd-b56e-bcb32a0b843f@group-56FEA48B3F6C-LeaderElection38] INFO  impl.RoleInfo (RoleInfo.java:shutdownLeaderElection(121)) - aad00493-843f-40cd-b56e-bcb32a0b843f: shutdown aad00493-843f-40cd-b56e-bcb32a0b843f@group-56FEA48B3F6C-LeaderElection38
2022-02-01 01:15:21,526 [aad00493-843f-40cd-b56e-bcb32a0b843f@group-56FEA48B3F6C-LeaderElection38] INFO  server.RaftServer$Division (RaftServerImpl.java:setRole(290)) - aad00493-843f-40cd-b56e-bcb32a0b843f@group-56FEA48B3F6C: changes role from CANDIDATE to LEADER at term 9 for changeToLeader
2022-02-01 01:15:21,526 [aad00493-843f-40cd-b56e-bcb32a0b843f@group-56FEA48B3F6C-LeaderElection38] INFO  ratis.XceiverServerRatis (XceiverServerRatis.java:handleLeaderChangedNotification(866)) - Leader change notification received for group: group-56FEA48B3F6C with new leaderId: aad00493-843f-40cd-b56e-bcb32a0b843f
2022-02-01 01:15:21,526 [aad00493-843f-40cd-b56e-bcb32a0b843f@group-56FEA48B3F6C-LeaderElection38] INFO  server.RaftServer$Division (ServerState.java:setLeader(285)) - aad00493-843f-40cd-b56e-bcb32a0b843f@group-56FEA48B3F6C: change Leader from null to aad00493-843f-40cd-b56e-bcb32a0b843f at term 9 for becomeLeader, leader elected after 46578ms
2022-02-01 01:15:21,526 [aad00493-843f-40cd-b56e-bcb32a0b843f@group-56FEA48B3F6C-LeaderElection38] INFO  server.RaftServerConfigKeys (ConfUtils.java:logGet(44)) - raft.server.staging.catchup.gap = 1000 (default)
2022-02-01 01:15:21,526 [aad00493-843f-40cd-b56e-bcb32a0b843f@group-56FEA48B3F6C-LeaderElection38] INFO  server.RaftServerConfigKeys (ConfUtils.java:logGet(44)) - raft.server.write.element-limit = 1024 (custom)
2022-02-01 01:15:21,526 [aad00493-843f-40cd-b56e-bcb32a0b843f@group-56FEA48B3F6C-LeaderElection38] INFO  server.RaftServerConfigKeys (ConfUtils.java:logGet(44)) - raft.server.write.byte-limit = 1024 M (=1073741824) (custom)
2022-02-01 01:15:21,529 [EventQueue-PipelineReportForPipelineReportHandler] INFO  pipeline.PipelineManagerImpl (PipelineManagerImpl.java:openPipeline(291)) - Pipeline Pipeline[ Id: 83e78062-305b-4234-a63d-56fea48b3f6c, Nodes: 08f587f6-d3d0-450e-bf31-fc9adbdb5c63{ip: 10.1.0.7, host: fv-az151-917.yf2hydr00wburbhx3j5hxtcipe.bx.internal.cloudapp.net, ports: [REPLICATION=42967, RATIS=35597, RATIS_ADMIN=35597, RATIS_SERVER=35597, STANDALONE=33375], networkLocation: /default-rack, certSerialId: null, persistedOpState: IN_SERVICE, persistedOpStateExpiryEpochSec: 0}39fc65de-49e5-4d05-a568-f4cf96421ecb{ip: 10.1.0.7, host: fv-az151-917.yf2hydr00wburbhx3j5hxtcipe.bx.internal.cloudapp.net, ports: [REPLICATION=38379, RATIS=44069, RATIS_ADMIN=44069, RATIS_SERVER=44069, STANDALONE=43877], networkLocation: /default-rack, certSerialId: null, persistedOpState: IN_SERVICE, persistedOpStateExpiryEpochSec: 0}aad00493-843f-40cd-b56e-bcb32a0b843f{ip: 10.1.0.7, host: fv-az151-917.yf2hydr00wburbhx3j5hxtcipe.bx.internal.cloudapp.net, ports: [REPLICATION=40523, RATIS=46817, RATIS_ADMIN=46817, RATIS_SERVER=46817, STANDALONE=34327], networkLocation: /default-rack, certSerialId: null, persistedOpState: IN_SERVICE, persistedOpStateExpiryEpochSec: 0}, ReplicationConfig: RATIS/THREE, State:ALLOCATED, leaderId:aad00493-843f-40cd-b56e-bcb32a0b843f, CreationTimestamp2022-02-01T01:14:32.449Z[Etc/UTC]] moved to OPEN state
2022-02-01 01:15:21,529 [EventQueue-OpenPipelineForHealthyPipelineSafeModeRule] INFO  safemode.SCMSafeModeManager (HealthyPipelineSafeModeRule.java:process(124)) - SCM in safe mode. Healthy pipelines reported count is 0, required healthy pipeline reported count is 1
2022-02-01 01:15:21,532 [aad00493-843f-40cd-b56e-bcb32a0b843f@group-56FEA48B3F6C-LeaderElection38] INFO  server.RaftServerConfigKeys (ConfUtils.java:logGet(44)) - raft.server.watch.timeout = 180s (custom)
2022-02-01 01:15:21,534 [aad00493-843f-40cd-b56e-bcb32a0b843f@group-56FEA48B3F6C-LeaderElection38] INFO  server.RaftServerConfigKeys (ConfUtils.java:logGet(44)) - raft.server.watch.timeout.denomination = 1s (default)
2022-02-01 01:15:21,534 [aad00493-843f-40cd-b56e-bcb32a0b843f@group-56FEA48B3F6C-LeaderElection38] INFO  server.RaftServerConfigKeys (ConfUtils.java:logGet(44)) - raft.server.watch.element-limit = 65536 (default)
2022-02-01 01:15:21,534 [aad00493-843f-40cd-b56e-bcb32a0b843f@group-56FEA48B3F6C-LeaderElection38] INFO  server.RaftServerConfigKeys (ConfUtils.java:logGet(44)) - raft.server.write.element-limit = 1024 (custom)
2022-02-01 01:15:21,534 [aad00493-843f-40cd-b56e-bcb32a0b843f@group-56FEA48B3F6C-LeaderElection38] INFO  server.RaftServerConfigKeys (ConfUtils.java:logGet(44)) - raft.server.write.follower.gap.ratio.max = -1.0 (default)
2022-02-01 01:15:21,532 [b34924e2-f0b8-44a8-9154-7e30bb998241@group-35B2ED17483C-StateMachineUpdater] INFO  safemode.HealthyPipelineSafeModeRule (HealthyPipelineSafeModeRule.java:initializeRule(152)) - Refreshed total pipeline count is 1, healthy pipeline threshold count is 1
2022-02-01 01:15:21,534 [aad00493-843f-40cd-b56e-bcb32a0b843f@group-56FEA48B3F6C-LeaderElection38] INFO  server.RaftServerConfigKeys (ConfUtils.java:logGet(44)) - raft.server.log.appender.snapshot.chunk.size.max = 16MB (=16777216) (default)
2022-02-01 01:15:21,535 [aad00493-843f-40cd-b56e-bcb32a0b843f@group-56FEA48B3F6C-LeaderElection38] INFO  server.RaftServerConfigKeys (ConfUtils.java:logGet(44)) - raft.server.log.appender.buffer.byte-limit = 33554432 (custom)
2022-02-01 01:15:21,535 [aad00493-843f-40cd-b56e-bcb32a0b843f@group-56FEA48B3F6C-LeaderElection38] INFO  server.RaftServerConfigKeys (ConfUtils.java:logGet(44)) - raft.server.log.appender.buffer.element-limit = 1 (custom)
2022-02-01 01:15:21,535 [aad00493-843f-40cd-b56e-bcb32a0b843f@group-56FEA48B3F6C-LeaderElection38] INFO  grpc.GrpcConfigKeys (ConfUtils.java:logGet(44)) - raft.grpc.server.leader.outstanding.appends.max = 128 (default)
2022-02-01 01:15:21,535 [EventQueue-PipelineReportForPipelineReportHandler] INFO  ha.SCMHAInvocationHandler (SCMHAInvocationHandler.java:invokeRatis(113)) - Invoking method public abstract void org.apache.hadoop.hdds.scm.pipeline.PipelineStateManager.updatePipelineState(org.apache.hadoop.hdds.protocol.proto.HddsProtos$PipelineID,org.apache.hadoop.hdds.protocol.proto.HddsProtos$PipelineState) throws java.io.IOException on target org.apache.hadoop.hdds.scm.ha.SCMRatisServerImpl@70f7ea22, cost 4775.177us
2022-02-01 01:15:21,535 [aad00493-843f-40cd-b56e-bcb32a0b843f@group-56FEA48B3F6C-LeaderElection38] INFO  server.RaftServerConfigKeys (ConfUtils.java:logGet(44)) - raft.server.rpc.request.timeout = 60s (custom)
2022-02-01 01:15:21,535 [EventQueue-OpenPipelineForHealthyPipelineSafeModeRule] INFO  safemode.SCMSafeModeManager (HealthyPipelineSafeModeRule.java:process(124)) - SCM in safe mode. Healthy pipelines reported count is 1, required healthy pipeline reported count is 1
2022-02-01 01:15:21,535 [EventQueue-OpenPipelineForHealthyPipelineSafeModeRule] INFO  safemode.SCMSafeModeManager (SCMSafeModeManager.java:validateSafeModeExitRules(204)) - HealthyPipelineSafeModeRule rule is successfully validated
2022-02-01 01:15:21,535 [EventQueue-OpenPipelineForHealthyPipelineSafeModeRule] INFO  safemode.SCMSafeModeManager (SCMSafeModeManager.java:validateSafeModeExitRules(219)) - ScmSafeModeManager, all rules are successfully validated
2022-02-01 01:15:21,535 [EventQueue-OpenPipelineForHealthyPipelineSafeModeRule] INFO  safemode.SCMSafeModeManager (SCMSafeModeManager.java:exitSafeMode(248)) - SCM exiting safe mode.
2022-02-01 01:15:21,535 [aad00493-843f-40cd-b56e-bcb32a0b843f@group-56FEA48B3F6C-LeaderElection38] INFO  server.RaftServerConfigKeys (ConfUtils.java:logGet(44)) - raft.server.log.appender.install.snapshot.enabled = false (custom)
2022-02-01 01:15:21,536 [aad00493-843f-40cd-b56e-bcb32a0b843f@group-56FEA48B3F6C-LeaderElection38] INFO  server.RaftServerConfigKeys (ConfUtils.java:logGet(44)) - raft.server.log.appender.snapshot.chunk.size.max = 16MB (=16777216) (default)
2022-02-01 01:15:21,536 [aad00493-843f-40cd-b56e-bcb32a0b843f@group-56FEA48B3F6C-LeaderElection38] INFO  server.RaftServerConfigKeys (ConfUtils.java:logGet(44)) - raft.server.log.appender.buffer.byte-limit = 33554432 (custom)
2022-02-01 01:15:21,536 [aad00493-843f-40cd-b56e-bcb32a0b843f@group-56FEA48B3F6C-LeaderElection38] INFO  server.RaftServerConfigKeys (ConfUtils.java:logGet(44)) - raft.server.log.appender.buffer.element-limit = 1 (custom)
2022-02-01 01:15:21,537 [aad00493-843f-40cd-b56e-bcb32a0b843f@group-56FEA48B3F6C-LeaderElection38] INFO  grpc.GrpcConfigKeys (ConfUtils.java:logGet(44)) - raft.grpc.server.leader.outstanding.appends.max = 128 (default)
2022-02-01 01:15:21,537 [aad00493-843f-40cd-b56e-bcb32a0b843f@group-56FEA48B3F6C-LeaderElection38] INFO  server.RaftServerConfigKeys (ConfUtils.java:logGet(44)) - raft.server.rpc.request.timeout = 60s (custom)
2022-02-01 01:15:21,537 [aad00493-843f-40cd-b56e-bcb32a0b843f@group-56FEA48B3F6C-LeaderElection38] INFO  server.RaftServerConfigKeys (ConfUtils.java:logGet(44)) - raft.server.log.appender.install.snapshot.enabled = false (custom)
2022-02-01 01:15:21,538 [aad00493-843f-40cd-b56e-bcb32a0b843f@group-56FEA48B3F6C-LeaderElection38] INFO  impl.RoleInfo (RoleInfo.java:updateAndGet(130)) - aad00493-843f-40cd-b56e-bcb32a0b843f: start aad00493-843f-40cd-b56e-bcb32a0b843f@group-56FEA48B3F6C-LeaderStateImpl
2022-02-01 01:15:21,538 [aad00493-843f-40cd-b56e-bcb32a0b843f@group-56FEA48B3F6C-LeaderElection38] INFO  segmented.SegmentedRaftLogWorker (SegmentedRaftLogWorker.java:startLogSegment(394)) - aad00493-843f-40cd-b56e-bcb32a0b843f@group-56FEA48B3F6C-SegmentedRaftLogWorker: Starting segment from index:0
2022-02-01 01:15:21,539 [aad00493-843f-40cd-b56e-bcb32a0b843f@group-56FEA48B3F6C-SegmentedRaftLogWorker] INFO  segmented.SegmentedRaftLogWorker (SegmentedRaftLogWorker.java:execute(601)) - aad00493-843f-40cd-b56e-bcb32a0b843f@group-56FEA48B3F6C-SegmentedRaftLogWorker: created new log segment /home/runner/work/ozone/ozone/hadoop-ozone/integration-test/target/test-dir/MiniOzoneClusterImpl-72297f51-d642-4b09-97fa-35b2ed17483c/datanode-2/data/ratis/83e78062-305b-4234-a63d-56fea48b3f6c/current/log_inprogress_0
2022-02-01 01:15:21,535 [EventQueue-OpenPipelineForHealthyPipelineSafeModeRule] WARN  events.EventQueue (EventQueue.java:fireEvent(194)) - No event handler registered for event TypedEvent{payloadType=SafeModeStatus, name='Safe mode status'}
2022-02-01 01:15:21,540 [EventQueue-OpenPipelineForHealthyPipelineSafeModeRule] INFO  ha.SCMContext (SCMContext.java:updateSafeModeStatus(211)) - Update SafeModeStatus from SafeModeStatus{safeModeStatus=true, preCheckPassed=true} to SafeModeStatus{safeModeStatus=false, preCheckPassed=true}.
2022-02-01 01:15:21,540 [EventQueue-OpenPipelineForHealthyPipelineSafeModeRule] INFO  container.ReplicationManager (ReplicationManager.java:notifyStatusChanged(1807)) - Service ReplicationManager transitions to RUNNING.
2022-02-01 01:15:21,595 [aad00493-843f-40cd-b56e-bcb32a0b843f@group-56FEA48B3F6C-LeaderElection38] INFO  server.RaftServer$Division (ServerState.java:setRaftConf(387)) - aad00493-843f-40cd-b56e-bcb32a0b843f@group-56FEA48B3F6C: set configuration 0: [39fc65de-49e5-4d05-a568-f4cf96421ecb|rpc:10.1.0.7:44069|dataStream:|priority:0, 08f587f6-d3d0-450e-bf31-fc9adbdb5c63|rpc:10.1.0.7:35597|dataStream:|priority:0, aad00493-843f-40cd-b56e-bcb32a0b843f|rpc:10.1.0.7:46817|dataStream:|priority:1], old=null
2022-02-01 01:15:21,603 [grpc-default-executor-1] INFO  ratis.XceiverServerRatis (XceiverServerRatis.java:handleLeaderChangedNotification(866)) - Leader change notification received for group: group-56FEA48B3F6C with new leaderId: aad00493-843f-40cd-b56e-bcb32a0b843f
2022-02-01 01:15:21,603 [grpc-default-executor-1] INFO  server.RaftServer$Division (ServerState.java:setLeader(285)) - 39fc65de-49e5-4d05-a568-f4cf96421ecb@group-56FEA48B3F6C: change Leader from null to aad00493-843f-40cd-b56e-bcb32a0b843f at term 9 for appendEntries, leader elected after 46805ms
2022-02-01 01:15:21,604 [grpc-default-executor-2] INFO  ratis.XceiverServerRatis (XceiverServerRatis.java:handleLeaderChangedNotification(866)) - Leader change notification received for group: group-56FEA48B3F6C with new leaderId: aad00493-843f-40cd-b56e-bcb32a0b843f
2022-02-01 01:15:21,604 [grpc-default-executor-2] INFO  server.RaftServer$Division (ServerState.java:setLeader(285)) - 08f587f6-d3d0-450e-bf31-fc9adbdb5c63@group-56FEA48B3F6C: change Leader from null to aad00493-843f-40cd-b56e-bcb32a0b843f at term 9 for appendEntries, leader elected after 46889ms
2022-02-01 01:15:21,660 [grpc-default-executor-1] INFO  server.RaftServer$Division (ServerState.java:setRaftConf(387)) - 39fc65de-49e5-4d05-a568-f4cf96421ecb@group-56FEA48B3F6C: set configuration 0: [39fc65de-49e5-4d05-a568-f4cf96421ecb|rpc:10.1.0.7:44069|dataStream:|priority:0, 08f587f6-d3d0-450e-bf31-fc9adbdb5c63|rpc:10.1.0.7:35597|dataStream:|priority:0, aad00493-843f-40cd-b56e-bcb32a0b843f|rpc:10.1.0.7:46817|dataStream:|priority:1], old=null
2022-02-01 01:15:21,660 [grpc-default-executor-1] INFO  segmented.SegmentedRaftLogWorker (SegmentedRaftLogWorker.java:startLogSegment(394)) - 39fc65de-49e5-4d05-a568-f4cf96421ecb@group-56FEA48B3F6C-SegmentedRaftLogWorker: Starting segment from index:0
2022-02-01 01:15:21,662 [39fc65de-49e5-4d05-a568-f4cf96421ecb@group-56FEA48B3F6C-SegmentedRaftLogWorker] INFO  segmented.SegmentedRaftLogWorker (SegmentedRaftLogWorker.java:execute(601)) - 39fc65de-49e5-4d05-a568-f4cf96421ecb@group-56FEA48B3F6C-SegmentedRaftLogWorker: created new log segment /home/runner/work/ozone/ozone/hadoop-ozone/integration-test/target/test-dir/MiniOzoneClusterImpl-72297f51-d642-4b09-97fa-35b2ed17483c/datanode-1/data/ratis/83e78062-305b-4234-a63d-56fea48b3f6c/current/log_inprogress_0
2022-02-01 01:15:21,666 [grpc-default-executor-2] INFO  server.RaftServer$Division (ServerState.java:setRaftConf(387)) - 08f587f6-d3d0-450e-bf31-fc9adbdb5c63@group-56FEA48B3F6C: set configuration 0: [39fc65de-49e5-4d05-a568-f4cf96421ecb|rpc:10.1.0.7:44069|dataStream:|priority:0, 08f587f6-d3d0-450e-bf31-fc9adbdb5c63|rpc:10.1.0.7:35597|dataStream:|priority:0, aad00493-843f-40cd-b56e-bcb32a0b843f|rpc:10.1.0.7:46817|dataStream:|priority:1], old=null
2022-02-01 01:15:21,667 [grpc-default-executor-2] INFO  segmented.SegmentedRaftLogWorker (SegmentedRaftLogWorker.java:startLogSegment(394)) - 08f587f6-d3d0-450e-bf31-fc9adbdb5c63@group-56FEA48B3F6C-SegmentedRaftLogWorker: Starting segment from index:0
2022-02-01 01:15:21,669 [08f587f6-d3d0-450e-bf31-fc9adbdb5c63@group-56FEA48B3F6C-SegmentedRaftLogWorker] INFO  segmented.SegmentedRaftLogWorker (SegmentedRaftLogWorker.java:execute(601)) - 08f587f6-d3d0-450e-bf31-fc9adbdb5c63@group-56FEA48B3F6C-SegmentedRaftLogWorker: created new log segment /home/runner/work/ozone/ozone/hadoop-ozone/integration-test/target/test-dir/MiniOzoneClusterImpl-72297f51-d642-4b09-97fa-35b2ed17483c/datanode-0/data/ratis/83e78062-305b-4234-a63d-56fea48b3f6c/current/log_inprogress_0
2022-02-01 01:15:22,473 [Listener at 127.0.0.1/34793] INFO  ozone.MiniOzoneClusterImpl (MiniOzoneClusterImpl.java:lambda$waitForClusterToBeReady$0(219)) - Nodes are ready. Got 3 of 3 DN Heartbeats.
2022-02-01 01:15:22,473 [Listener at 127.0.0.1/34793] INFO  ozone.MiniOzoneClusterImpl (MiniOzoneClusterImpl.java:lambda$waitForClusterToBeReady$0(222)) - Cluster exits safe mode
2022-02-01 01:15:22,473 [Listener at 127.0.0.1/34793] INFO  ozone.MiniOzoneClusterImpl (MiniOzoneClusterImpl.java:lambda$waitForClusterToBeReady$0(224)) - SCM became leader
2022-02-01 01:15:22,473 [Listener at 127.0.0.1/34793] INFO  server.StorageContainerManager (StorageContainerManager.java:stop(1390)) - Stopping Container Balancer service.
2022-02-01 01:15:22,473 [Listener at 127.0.0.1/34793] INFO  balancer.ContainerBalancer (ContainerBalancer.java:stop(751)) - Container Balancer is not running.
2022-02-01 01:15:22,473 [Listener at 127.0.0.1/34793] INFO  server.StorageContainerManager (StorageContainerManager.java:stop(1397)) - Stopping Replication Manager Service.
2022-02-01 01:15:22,473 [Listener at 127.0.0.1/34793] INFO  container.ReplicationManager (ReplicationManager.java:stop(357)) - Stopping Replication Monitor Thread.
2022-02-01 01:15:22,473 [Listener at 127.0.0.1/34793] INFO  server.StorageContainerManager (StorageContainerManager.java:stop(1404)) - Stopping the Datanode Admin Monitor.
2022-02-01 01:15:22,477 [Listener at 127.0.0.1/34793] INFO  server.StorageContainerManager (StorageContainerManager.java:stop(1411)) - Stopping Lease Manager of the command watchers
2022-02-01 01:15:22,478 [Listener at 127.0.0.1/34793] INFO  server.StorageContainerManager (StorageContainerManager.java:stop(1418)) - Stopping datanode service RPC server
2022-02-01 01:15:22,478 [Listener at 127.0.0.1/34793] INFO  server.SCMDatanodeProtocolServer (SCMDatanodeProtocolServer.java:stop(390)) - Stopping the RPC server for DataNodes
2022-02-01 01:15:22,478 [Listener at 127.0.0.1/34793] INFO  ipc.Server (Server.java:stop(3414)) - Stopping server on 35007
2022-02-01 01:15:22,491 [IPC Server listener on 0] INFO  ipc.Server (Server.java:run(1376)) - Stopping IPC Server listener on 0
2022-02-01 01:15:22,503 [IPC Server Responder] INFO  ipc.Server (Server.java:run(1512)) - Stopping IPC Server Responder
2022-02-01 01:15:22,532 [EndpointStateMachine task thread for /0.0.0.0:35007 - 0 ] WARN  statemachine.EndpointStateMachine (EndpointStateMachine.java:logIfNeeded(236)) - Unable to communicate to SCM server at 0.0.0.0:35007 for past 0 seconds.
java.io.EOFException: End of File Exception between local host is: "fv-az151-917/10.1.0.7"; destination host is: "0.0.0.0":35007; : java.io.EOFException; For more details see:  http://wiki.apache.org/hadoop/EOFException
	at sun.reflect.NativeConstructorAccessorImpl.newInstance0(Native Method)
	at sun.reflect.NativeConstructorAccessorImpl.newInstance(NativeConstructorAccessorImpl.java:62)
	at sun.reflect.DelegatingConstructorAccessorImpl.newInstance(DelegatingConstructorAccessorImpl.java:45)
	at java.lang.reflect.Constructor.newInstance(Constructor.java:423)
	at org.apache.hadoop.net.NetUtils.wrapWithMessage(NetUtils.java:913)
	at org.apache.hadoop.net.NetUtils.wrapException(NetUtils.java:862)
	at org.apache.hadoop.ipc.Client.getRpcResponse(Client.java:1577)
	at org.apache.hadoop.ipc.Client.call(Client.java:1519)
	at org.apache.hadoop.ipc.Client.call(Client.java:1416)
	at org.apache.hadoop.ipc.ProtobufRpcEngine$Invoker.invoke(ProtobufRpcEngine.java:236)
	at org.apache.hadoop.ipc.ProtobufRpcEngine$Invoker.invoke(ProtobufRpcEngine.java:123)
	at com.sun.proxy.$Proxy49.submitRequest(Unknown Source)
	at org.apache.hadoop.ozone.protocolPB.StorageContainerDatanodeProtocolClientSideTranslatorPB.submitRequest(StorageContainerDatanodeProtocolClientSideTranslatorPB.java:117)
	at org.apache.hadoop.ozone.protocolPB.StorageContainerDatanodeProtocolClientSideTranslatorPB.sendHeartbeat(StorageContainerDatanodeProtocolClientSideTranslatorPB.java:149)
	at org.apache.hadoop.ozone.container.common.states.endpoint.HeartbeatEndpointTask.call(HeartbeatEndpointTask.java:179)
	at org.apache.hadoop.ozone.container.common.states.endpoint.HeartbeatEndpointTask.call(HeartbeatEndpointTask.java:82)
	at java.util.concurrent.FutureTask.run(FutureTask.java:266)
	at java.util.concurrent.ThreadPoolExecutor.runWorker(ThreadPoolExecutor.java:1149)
	at java.util.concurrent.ThreadPoolExecutor$Worker.run(ThreadPoolExecutor.java:624)
	at java.lang.Thread.run(Thread.java:748)
Caused by: java.io.EOFException
	at java.io.DataInputStream.readInt(DataInputStream.java:392)
	at org.apache.hadoop.ipc.Client$IpcStreams.readResponse(Client.java:1892)
	at org.apache.hadoop.ipc.Client$Connection.receiveRpcResponse(Client.java:1202)
	at org.apache.hadoop.ipc.Client$Connection.run(Client.java:1098)
2022-02-01 01:15:22,602 [SCM Heartbeat Processing Thread - 0] WARN  node.NodeStateManager (NodeStateManager.java:scheduleNextHealthCheck(799)) - Current Thread is interrupted, shutting down HB processing thread for Node Manager.
2022-02-01 01:15:22,604 [Listener at 127.0.0.1/34793] INFO  server.StorageContainerManager (StorageContainerManager.java:stop(1426)) - Stopping block service RPC server
2022-02-01 01:15:22,604 [Listener at 127.0.0.1/34793] INFO  server.SCMBlockProtocolServer (SCMBlockProtocolServer.java:stop(160)) - Stopping the RPC server for Block Protocol
2022-02-01 01:15:22,604 [Listener at 127.0.0.1/34793] INFO  ipc.Server (Server.java:stop(3414)) - Stopping server on 45177
2022-02-01 01:15:22,607 [IPC Server listener on 0] INFO  ipc.Server (Server.java:run(1376)) - Stopping IPC Server listener on 0
2022-02-01 01:15:22,609 [Listener at 127.0.0.1/34793] INFO  server.StorageContainerManager (StorageContainerManager.java:stop(1433)) - Stopping the StorageContainerLocationProtocol RPC server
2022-02-01 01:15:22,609 [Listener at 127.0.0.1/34793] INFO  server.SCMClientProtocolServer (SCMClientProtocolServer.java:stop(174)) - Stopping the RPC server for Client Protocol
2022-02-01 01:15:22,609 [Listener at 127.0.0.1/34793] INFO  ipc.Server (Server.java:stop(3414)) - Stopping server on 39067
2022-02-01 01:15:22,609 [IPC Server Responder] INFO  ipc.Server (Server.java:run(1512)) - Stopping IPC Server Responder
2022-02-01 01:15:22,617 [Listener at 127.0.0.1/34793] INFO  server.StorageContainerManager (StorageContainerManager.java:stop(1440)) - Stopping Storage Container Manager HTTP server.
2022-02-01 01:15:22,617 [IPC Server Responder] INFO  ipc.Server (Server.java:run(1512)) - Stopping IPC Server Responder
2022-02-01 01:15:22,618 [Listener at 127.0.0.1/34793] INFO  handler.ContextHandler (ContextHandler.java:doStop(1153)) - Stopped o.e.j.w.WebAppContext@194938a4{scm,/,null,STOPPED}{file:/home/runner/work/ozone/ozone/hadoop-ozone/integration-test/target/test-classes/webapps/scm}
2022-02-01 01:15:22,619 [Listener at 127.0.0.1/34793] INFO  server.AbstractConnector (AbstractConnector.java:doStop(381)) - Stopped ServerConnector@3c3af773{HTTP/1.1, (http/1.1)}{0.0.0.0:0}
2022-02-01 01:15:22,619 [Listener at 127.0.0.1/34793] INFO  server.session (HouseKeeper.java:stopScavenging(149)) - node0 Stopped scavenging
2022-02-01 01:15:22,619 [Listener at 127.0.0.1/34793] INFO  handler.ContextHandler (ContextHandler.java:doStop(1153)) - Stopped o.e.j.s.ServletContextHandler@4d36413c{static,/static,file:///home/runner/work/ozone/ozone/hadoop-ozone/integration-test/target/test-classes/webapps/static,STOPPED}
2022-02-01 01:15:22,619 [Listener at 127.0.0.1/34793] INFO  handler.ContextHandler (ContextHandler.java:doStop(1153)) - Stopped o.e.j.s.ServletContextHandler@33652c5f{logs,/logs,file:///home/runner/work/ozone/ozone/hadoop-ozone/integration-test/target/log,STOPPED}
2022-02-01 01:15:22,620 [Listener at 127.0.0.1/34793] INFO  server.StorageContainerManager (StorageContainerManager.java:stop(1451)) - Stopping Block Manager Service.
2022-02-01 01:15:22,620 [Listener at 127.0.0.1/34793] INFO  utils.BackgroundService (BackgroundService.java:shutdown(132)) - Shutting down service SCMBlockDeletingService
2022-02-01 01:15:22,620 [IPC Server listener on 0] INFO  ipc.Server (Server.java:run(1376)) - Stopping IPC Server listener on 0
2022-02-01 01:15:22,622 [Listener at 127.0.0.1/34793] INFO  utils.BackgroundService (BackgroundService.java:shutdown(132)) - Shutting down service SCMBlockDeletingService
2022-02-01 01:15:22,622 [Listener at 127.0.0.1/34793] INFO  server.StorageContainerManager (StorageContainerManager.java:stop(1478)) - Stopping SCM Event Queue.
2022-02-01 01:15:22,641 [Listener at 127.0.0.1/34793] INFO  server.StorageContainerManager (StorageContainerManager.java:stop(1489)) - Stopping SCM HA services.
2022-02-01 01:15:22,641 [Listener at 127.0.0.1/34793] INFO  ha.SCMRatisServerImpl (SCMRatisServerImpl.java:stop(236)) - stopping ratis server 0.0.0.0:9894
2022-02-01 01:15:22,641 [Listener at 127.0.0.1/34793] INFO  server.RaftServer (RaftServerProxy.java:lambda$close$6(391)) - b34924e2-f0b8-44a8-9154-7e30bb998241: close
2022-02-01 01:15:22,642 [Listener at 127.0.0.1/34793] INFO  server.RaftServer$Division (RaftServerImpl.java:lambda$close$4(412)) - b34924e2-f0b8-44a8-9154-7e30bb998241@group-35B2ED17483C: shutdown
2022-02-01 01:15:22,642 [Listener at 127.0.0.1/34793] INFO  util.JmxRegister (JmxRegister.java:unregister(73)) - Successfully un-registered JMX Bean with object name Ratis:service=RaftServer,group=group-35B2ED17483C,id=b34924e2-f0b8-44a8-9154-7e30bb998241
2022-02-01 01:15:22,642 [Listener at 127.0.0.1/34793] INFO  impl.RoleInfo (RoleInfo.java:shutdownLeaderState(91)) - b34924e2-f0b8-44a8-9154-7e30bb998241: shutdown b34924e2-f0b8-44a8-9154-7e30bb998241@group-35B2ED17483C-LeaderStateImpl
2022-02-01 01:15:22,642 [Listener at 127.0.0.1/34793] INFO  impl.PendingRequests (PendingRequests.java:sendNotLeaderResponses(282)) - b34924e2-f0b8-44a8-9154-7e30bb998241@group-35B2ED17483C-PendingRequests: sendNotLeaderResponses
2022-02-01 01:15:22,642 [Listener at 127.0.0.1/34793] INFO  ha.SCMStateMachine (SCMStateMachine.java:notifyNotLeader(190)) - current leader SCM steps down.
2022-02-01 01:15:22,642 [Listener at 127.0.0.1/34793] INFO  ha.SCMContext (SCMContext.java:updateLeaderAndTerm(90)) - update <isLeader,term> from <true,2> to <false,0>
2022-02-01 01:15:22,642 [Listener at 127.0.0.1/34793] INFO  ha.SCMContext (SCMContext.java:updateLeaderAndTerm(97)) - update <isLeaderReady> from <false> to <false>
2022-02-01 01:15:22,646 [Listener at 127.0.0.1/34793] INFO  impl.StateMachineUpdater (StateMachineUpdater.java:stopAndJoin(149)) - b34924e2-f0b8-44a8-9154-7e30bb998241@group-35B2ED17483C-StateMachineUpdater: set stopIndex = 18
2022-02-01 01:15:22,646 [b34924e2-f0b8-44a8-9154-7e30bb998241@group-35B2ED17483C-StateMachineUpdater] INFO  ha.SCMStateMachine (SCMStateMachine.java:takeSnapshot(297)) - Current Snapshot Index 18, takeSnapshot took 0 ms
2022-02-01 01:15:22,647 [b34924e2-f0b8-44a8-9154-7e30bb998241@group-35B2ED17483C-StateMachineUpdater] INFO  impl.StateMachineUpdater (StateMachineUpdater.java:takeSnapshot(281)) - b34924e2-f0b8-44a8-9154-7e30bb998241@group-35B2ED17483C-StateMachineUpdater: Took a snapshot at index 18
2022-02-01 01:15:22,647 [b34924e2-f0b8-44a8-9154-7e30bb998241@group-35B2ED17483C-StateMachineUpdater] INFO  impl.StateMachineUpdater (StateMachineUpdater.java:lambda$new$0(89)) - b34924e2-f0b8-44a8-9154-7e30bb998241@group-35B2ED17483C-StateMachineUpdater: snapshotIndex: updateIncreasingly -1 -> 18
2022-02-01 01:15:22,648 [Listener at 127.0.0.1/34793] INFO  server.RaftServer$Division (ServerState.java:close(419)) - b34924e2-f0b8-44a8-9154-7e30bb998241@group-35B2ED17483C: closes. applyIndex: 18
2022-02-01 01:15:22,648 [b34924e2-f0b8-44a8-9154-7e30bb998241@group-35B2ED17483C-SegmentedRaftLogWorker] INFO  segmented.SegmentedRaftLogWorker (SegmentedRaftLogWorker.java:run(327)) - b34924e2-f0b8-44a8-9154-7e30bb998241@group-35B2ED17483C-SegmentedRaftLogWorker was interrupted, exiting. There are 0 tasks remaining in the queue.
2022-02-01 01:15:22,658 [Listener at 127.0.0.1/34793] INFO  segmented.SegmentedRaftLogWorker (SegmentedRaftLogWorker.java:close(237)) - b34924e2-f0b8-44a8-9154-7e30bb998241@group-35B2ED17483C-SegmentedRaftLogWorker close()
2022-02-01 01:15:22,659 [Listener at 127.0.0.1/34793] INFO  server.GrpcService (GrpcService.java:closeImpl(262)) - b34924e2-f0b8-44a8-9154-7e30bb998241: shutdown server with port 9894 now
2022-02-01 01:15:22,660 [Listener at 127.0.0.1/34793] INFO  server.GrpcService (GrpcService.java:closeImpl(271)) - b34924e2-f0b8-44a8-9154-7e30bb998241: shutdown server with port 9894 successfully
2022-02-01 01:15:22,660 [org.apache.ratis.util.JvmPauseMonitor$$Lambda$431/1444001724@72999fe3] INFO  util.JvmPauseMonitor (JvmPauseMonitor.java:run(109)) - JvmPauseMonitor-b34924e2-f0b8-44a8-9154-7e30bb998241: Stopped
2022-02-01 01:15:22,661 [Listener at 127.0.0.1/34793] INFO  pipeline.BackgroundPipelineCreator (BackgroundPipelineCreator.java:stop(158)) - Stopping RatisPipelineUtilsThread.
2022-02-01 01:15:22,661 [Listener at 127.0.0.1/34793] INFO  server.StorageContainerManager (StorageContainerManager.java:stop(1499)) - Stopping SCM MetadataStore.
2022-02-01 01:15:22,662 [Listener at 127.0.0.1/34793] INFO  impl.MetricsSystemImpl (MetricsSystemImpl.java:stop(210)) - Stopping HddsDatanode metrics system...
2022-02-01 01:15:22,690 [prometheus] INFO  impl.MetricsSinkAdapter (MetricsSinkAdapter.java:publishMetricsFromQueue(141)) - prometheus thread interrupted.
2022-02-01 01:15:22,691 [Listener at 127.0.0.1/34793] INFO  impl.MetricsSystemImpl (MetricsSystemImpl.java:stop(216)) - HddsDatanode metrics system stopped.
2022-02-01 01:15:24,325 [EndpointStateMachine task thread for /0.0.0.0:35007 - 0 ] INFO  ipc.Client (Client.java:handleConnectionFailure(977)) - Retrying connect to server: 0.0.0.0/0.0.0.0:35007. Already tried 0 time(s); retry policy is RetryUpToMaximumCountWithFixedSleep(maxRetries=15, sleepTime=1000 MILLISECONDS)
2022-02-01 01:15:25,326 [EndpointStateMachine task thread for /0.0.0.0:35007 - 0 ] INFO  ipc.Client (Client.java:handleConnectionFailure(977)) - Retrying connect to server: 0.0.0.0/0.0.0.0:35007. Already tried 1 time(s); retry policy is RetryUpToMaximumCountWithFixedSleep(maxRetries=15, sleepTime=1000 MILLISECONDS)
2022-02-01 01:15:26,327 [EndpointStateMachine task thread for /0.0.0.0:35007 - 0 ] INFO  ipc.Client (Client.java:handleConnectionFailure(977)) - Retrying connect to server: 0.0.0.0/0.0.0.0:35007. Already tried 2 time(s); retry policy is RetryUpToMaximumCountWithFixedSleep(maxRetries=15, sleepTime=1000 MILLISECONDS)
2022-02-01 01:15:27,328 [EndpointStateMachine task thread for /0.0.0.0:35007 - 0 ] INFO  ipc.Client (Client.java:handleConnectionFailure(977)) - Retrying connect to server: 0.0.0.0/0.0.0.0:35007. Already tried 3 time(s); retry policy is RetryUpToMaximumCountWithFixedSleep(maxRetries=15, sleepTime=1000 MILLISECONDS)
2022-02-01 01:15:27,691 [Listener at 127.0.0.1/34793] INFO  ozoneimpl.OzoneContainer (OzoneContainer.java:stop(336)) - Attempting to stop container services.
2022-02-01 01:15:27,693 [Listener at 127.0.0.1/34793] INFO  server.RaftServer (RaftServerProxy.java:lambda$close$6(391)) - 08f587f6-d3d0-450e-bf31-fc9adbdb5c63: close
2022-02-01 01:15:27,693 [Listener at 127.0.0.1/34793] INFO  server.RaftServer$Division (RaftServerImpl.java:lambda$close$4(412)) - 08f587f6-d3d0-450e-bf31-fc9adbdb5c63@group-9692ADC771AD: shutdown
2022-02-01 01:15:27,693 [Listener at 127.0.0.1/34793] INFO  util.JmxRegister (JmxRegister.java:unregister(73)) - Successfully un-registered JMX Bean with object name Ratis:service=RaftServer,group=group-9692ADC771AD,id=08f587f6-d3d0-450e-bf31-fc9adbdb5c63
2022-02-01 01:15:27,693 [Listener at 127.0.0.1/34793] INFO  impl.RoleInfo (RoleInfo.java:shutdownLeaderState(91)) - 08f587f6-d3d0-450e-bf31-fc9adbdb5c63: shutdown 08f587f6-d3d0-450e-bf31-fc9adbdb5c63@group-9692ADC771AD-LeaderStateImpl
2022-02-01 01:15:27,694 [Listener at 127.0.0.1/34793] INFO  impl.PendingRequests (PendingRequests.java:sendNotLeaderResponses(282)) - 08f587f6-d3d0-450e-bf31-fc9adbdb5c63@group-9692ADC771AD-PendingRequests: sendNotLeaderResponses
2022-02-01 01:15:27,694 [Listener at 127.0.0.1/34793] INFO  impl.StateMachineUpdater (StateMachineUpdater.java:stopAndJoin(149)) - 08f587f6-d3d0-450e-bf31-fc9adbdb5c63@group-9692ADC771AD-StateMachineUpdater: set stopIndex = 0
2022-02-01 01:15:27,695 [08f587f6-d3d0-450e-bf31-fc9adbdb5c63@group-9692ADC771AD-StateMachineUpdater] INFO  ratis.ContainerStateMachine (ContainerStateMachine.java:takeSnapshot(299)) - group-9692ADC771AD: Taking a snapshot at:(t:1, i:0) file /home/runner/work/ozone/ozone/hadoop-ozone/integration-test/target/test-dir/MiniOzoneClusterImpl-72297f51-d642-4b09-97fa-35b2ed17483c/datanode-0/data/ratis/f66db01d-d690-48bc-bb42-9692adc771ad/sm/snapshot.1_0
2022-02-01 01:15:27,696 [08f587f6-d3d0-450e-bf31-fc9adbdb5c63@group-9692ADC771AD-StateMachineUpdater] INFO  ratis.ContainerStateMachine (ContainerStateMachine.java:takeSnapshot(310)) - group-9692ADC771AD: Finished taking a snapshot at:(t:1, i:0) file:/home/runner/work/ozone/ozone/hadoop-ozone/integration-test/target/test-dir/MiniOzoneClusterImpl-72297f51-d642-4b09-97fa-35b2ed17483c/datanode-0/data/ratis/f66db01d-d690-48bc-bb42-9692adc771ad/sm/snapshot.1_0 took: 2 ms
2022-02-01 01:15:27,696 [08f587f6-d3d0-450e-bf31-fc9adbdb5c63@group-9692ADC771AD-StateMachineUpdater] INFO  impl.StateMachineUpdater (StateMachineUpdater.java:takeSnapshot(281)) - 08f587f6-d3d0-450e-bf31-fc9adbdb5c63@group-9692ADC771AD-StateMachineUpdater: Took a snapshot at index 0
2022-02-01 01:15:27,696 [08f587f6-d3d0-450e-bf31-fc9adbdb5c63@group-9692ADC771AD-StateMachineUpdater] INFO  impl.StateMachineUpdater (StateMachineUpdater.java:lambda$new$0(89)) - 08f587f6-d3d0-450e-bf31-fc9adbdb5c63@group-9692ADC771AD-StateMachineUpdater: snapshotIndex: updateIncreasingly -1 -> 0
2022-02-01 01:15:27,697 [Listener at 127.0.0.1/34793] INFO  server.RaftServer$Division (ServerState.java:close(419)) - 08f587f6-d3d0-450e-bf31-fc9adbdb5c63@group-9692ADC771AD: closes. applyIndex: 0
2022-02-01 01:15:27,697 [08f587f6-d3d0-450e-bf31-fc9adbdb5c63@group-9692ADC771AD-SegmentedRaftLogWorker] INFO  segmented.SegmentedRaftLogWorker (SegmentedRaftLogWorker.java:run(327)) - 08f587f6-d3d0-450e-bf31-fc9adbdb5c63@group-9692ADC771AD-SegmentedRaftLogWorker was interrupted, exiting. There are 0 tasks remaining in the queue.
2022-02-01 01:15:27,698 [Listener at 127.0.0.1/34793] INFO  segmented.SegmentedRaftLogWorker (SegmentedRaftLogWorker.java:close(237)) - 08f587f6-d3d0-450e-bf31-fc9adbdb5c63@group-9692ADC771AD-SegmentedRaftLogWorker close()
2022-02-01 01:15:27,699 [Listener at 127.0.0.1/34793] INFO  server.RaftServer$Division (RaftServerImpl.java:lambda$close$4(412)) - 08f587f6-d3d0-450e-bf31-fc9adbdb5c63@group-56FEA48B3F6C: shutdown
2022-02-01 01:15:27,699 [Listener at 127.0.0.1/34793] INFO  util.JmxRegister (JmxRegister.java:unregister(73)) - Successfully un-registered JMX Bean with object name Ratis:service=RaftServer,group=group-56FEA48B3F6C,id=08f587f6-d3d0-450e-bf31-fc9adbdb5c63
2022-02-01 01:15:27,699 [Listener at 127.0.0.1/34793] INFO  impl.RoleInfo (RoleInfo.java:shutdownFollowerState(108)) - 08f587f6-d3d0-450e-bf31-fc9adbdb5c63: shutdown 08f587f6-d3d0-450e-bf31-fc9adbdb5c63@group-56FEA48B3F6C-FollowerState
2022-02-01 01:15:27,699 [08f587f6-d3d0-450e-bf31-fc9adbdb5c63@group-56FEA48B3F6C-FollowerState] INFO  impl.FollowerState (FollowerState.java:run(143)) - 08f587f6-d3d0-450e-bf31-fc9adbdb5c63@group-56FEA48B3F6C-FollowerState was interrupted: {}
java.lang.InterruptedException: sleep interrupted
	at java.lang.Thread.sleep(Native Method)
	at java.lang.Thread.sleep(Thread.java:340)
	at java.util.concurrent.TimeUnit.sleep(TimeUnit.java:386)
	at org.apache.ratis.util.TimeDuration.sleep(TimeDuration.java:324)
	at org.apache.ratis.util.TimeDuration.sleep(TimeDuration.java:309)
	at org.apache.ratis.server.impl.FollowerState.run(FollowerState.java:118)
2022-02-01 01:15:27,700 [08f587f6-d3d0-450e-bf31-fc9adbdb5c63@group-56FEA48B3F6C-StateMachineUpdater] INFO  ratis.ContainerStateMachine (ContainerStateMachine.java:takeSnapshot(299)) - group-56FEA48B3F6C: Taking a snapshot at:(t:9, i:0) file /home/runner/work/ozone/ozone/hadoop-ozone/integration-test/target/test-dir/MiniOzoneClusterImpl-72297f51-d642-4b09-97fa-35b2ed17483c/datanode-0/data/ratis/83e78062-305b-4234-a63d-56fea48b3f6c/sm/snapshot.9_0
2022-02-01 01:15:27,700 [Listener at 127.0.0.1/34793] INFO  impl.StateMachineUpdater (StateMachineUpdater.java:stopAndJoin(149)) - 08f587f6-d3d0-450e-bf31-fc9adbdb5c63@group-56FEA48B3F6C-StateMachineUpdater: set stopIndex = 0
2022-02-01 01:15:27,712 [08f587f6-d3d0-450e-bf31-fc9adbdb5c63@group-56FEA48B3F6C-StateMachineUpdater] INFO  ratis.ContainerStateMachine (ContainerStateMachine.java:takeSnapshot(310)) - group-56FEA48B3F6C: Finished taking a snapshot at:(t:9, i:0) file:/home/runner/work/ozone/ozone/hadoop-ozone/integration-test/target/test-dir/MiniOzoneClusterImpl-72297f51-d642-4b09-97fa-35b2ed17483c/datanode-0/data/ratis/83e78062-305b-4234-a63d-56fea48b3f6c/sm/snapshot.9_0 took: 12 ms
2022-02-01 01:15:27,712 [08f587f6-d3d0-450e-bf31-fc9adbdb5c63@group-56FEA48B3F6C-StateMachineUpdater] INFO  impl.StateMachineUpdater (StateMachineUpdater.java:takeSnapshot(281)) - 08f587f6-d3d0-450e-bf31-fc9adbdb5c63@group-56FEA48B3F6C-StateMachineUpdater: Took a snapshot at index 0
2022-02-01 01:15:27,712 [08f587f6-d3d0-450e-bf31-fc9adbdb5c63@group-56FEA48B3F6C-StateMachineUpdater] INFO  impl.StateMachineUpdater (StateMachineUpdater.java:lambda$new$0(89)) - 08f587f6-d3d0-450e-bf31-fc9adbdb5c63@group-56FEA48B3F6C-StateMachineUpdater: snapshotIndex: updateIncreasingly -1 -> 0
2022-02-01 01:15:27,713 [Listener at 127.0.0.1/34793] INFO  server.RaftServer$Division (ServerState.java:close(419)) - 08f587f6-d3d0-450e-bf31-fc9adbdb5c63@group-56FEA48B3F6C: closes. applyIndex: 0
2022-02-01 01:15:27,713 [08f587f6-d3d0-450e-bf31-fc9adbdb5c63@group-56FEA48B3F6C-SegmentedRaftLogWorker] INFO  segmented.SegmentedRaftLogWorker (SegmentedRaftLogWorker.java:run(327)) - 08f587f6-d3d0-450e-bf31-fc9adbdb5c63@group-56FEA48B3F6C-SegmentedRaftLogWorker was interrupted, exiting. There are 0 tasks remaining in the queue.
2022-02-01 01:15:27,714 [Listener at 127.0.0.1/34793] INFO  segmented.SegmentedRaftLogWorker (SegmentedRaftLogWorker.java:close(237)) - 08f587f6-d3d0-450e-bf31-fc9adbdb5c63@group-56FEA48B3F6C-SegmentedRaftLogWorker close()
2022-02-01 01:15:27,715 [Listener at 127.0.0.1/34793] INFO  server.GrpcService (GrpcService.java:closeImpl(262)) - 08f587f6-d3d0-450e-bf31-fc9adbdb5c63: shutdown server with port 35597 now
2022-02-01 01:15:27,724 [grpc-default-executor-2] WARN  server.GrpcServerProtocolService (LogUtils.java:warn(122)) - 08f587f6-d3d0-450e-bf31-fc9adbdb5c63: installSnapshot onError, lastRequest: aad00493-843f-40cd-b56e-bcb32a0b843f->08f587f6-d3d0-450e-bf31-fc9adbdb5c63#1-t9,previous=(t:0, i:0),leaderCommit=-1,initializing? true,entries: size=1, first=(t:9, i:0), CONFIGURATIONENTRY: org.apache.ratis.thirdparty.io.grpc.StatusRuntimeException: CANCELLED: client cancelled
2022-02-01 01:15:27,728 [grpc-default-executor-3] WARN  server.GrpcLogAppender (LogUtils.java:warn(122)) - aad00493-843f-40cd-b56e-bcb32a0b843f@group-56FEA48B3F6C->08f587f6-d3d0-450e-bf31-fc9adbdb5c63-AppendLogResponseHandler: Failed appendEntries: org.apache.ratis.thirdparty.io.grpc.StatusRuntimeException: CANCELLED: HTTP/2 error code: CANCEL
Received Rst Stream
2022-02-01 01:15:27,729 [grpc-default-executor-3] WARN  server.GrpcLogAppender (GrpcLogAppender.java:resetClient(110)) - aad00493-843f-40cd-b56e-bcb32a0b843f@group-56FEA48B3F6C->08f587f6-d3d0-450e-bf31-fc9adbdb5c63-GrpcLogAppender: Leader has not got in touch with Follower aad00493-843f-40cd-b56e-bcb32a0b843f@group-56FEA48B3F6C->08f587f6-d3d0-450e-bf31-fc9adbdb5c63(c0,m0,n1, attendVote=true, lastRpcSendTime=1019, lastRpcResponseTime=1013) yet, just keep nextIndex unchanged and retry.
2022-02-01 01:15:27,733 [Listener at 127.0.0.1/34793] INFO  server.GrpcService (GrpcService.java:closeImpl(271)) - 08f587f6-d3d0-450e-bf31-fc9adbdb5c63: shutdown server with port 35597 successfully
2022-02-01 01:15:27,733 [org.apache.ratis.util.JvmPauseMonitor$$Lambda$431/1444001724@1ae8b822] INFO  util.JvmPauseMonitor (JvmPauseMonitor.java:run(109)) - JvmPauseMonitor-08f587f6-d3d0-450e-bf31-fc9adbdb5c63: Stopped
2022-02-01 01:15:28,329 [EndpointStateMachine task thread for /0.0.0.0:35007 - 0 ] INFO  ipc.Client (Client.java:handleConnectionFailure(977)) - Retrying connect to server: 0.0.0.0/0.0.0.0:35007. Already tried 4 time(s); retry policy is RetryUpToMaximumCountWithFixedSleep(maxRetries=15, sleepTime=1000 MILLISECONDS)
2022-02-01 01:15:29,243 [grpc-default-executor-3] WARN  server.GrpcLogAppender (LogUtils.java:warn(122)) - aad00493-843f-40cd-b56e-bcb32a0b843f@group-56FEA48B3F6C->08f587f6-d3d0-450e-bf31-fc9adbdb5c63-AppendLogResponseHandler: Failed appendEntries: org.apache.ratis.thirdparty.io.grpc.StatusRuntimeException: UNAVAILABLE: io exception
2022-02-01 01:15:29,243 [grpc-default-executor-3] WARN  server.GrpcLogAppender (GrpcLogAppender.java:resetClient(110)) - aad00493-843f-40cd-b56e-bcb32a0b843f@group-56FEA48B3F6C->08f587f6-d3d0-450e-bf31-fc9adbdb5c63-GrpcLogAppender: Leader has not got in touch with Follower aad00493-843f-40cd-b56e-bcb32a0b843f@group-56FEA48B3F6C->08f587f6-d3d0-450e-bf31-fc9adbdb5c63(c0,m0,n1, attendVote=true, lastRpcSendTime=25, lastRpcResponseTime=2528) yet, just keep nextIndex unchanged and retry.
2022-02-01 01:15:29,329 [EndpointStateMachine task thread for /0.0.0.0:35007 - 0 ] INFO  ipc.Client (Client.java:handleConnectionFailure(977)) - Retrying connect to server: 0.0.0.0/0.0.0.0:35007. Already tried 5 time(s); retry policy is RetryUpToMaximumCountWithFixedSleep(maxRetries=15, sleepTime=1000 MILLISECONDS)
2022-02-01 01:15:29,771 [Listener at 127.0.0.1/34793] INFO  utils.BackgroundService (BackgroundService.java:shutdown(132)) - Shutting down service BlockDeletingService
2022-02-01 01:15:30,330 [EndpointStateMachine task thread for /0.0.0.0:35007 - 0 ] INFO  ipc.Client (Client.java:handleConnectionFailure(977)) - Retrying connect to server: 0.0.0.0/0.0.0.0:35007. Already tried 6 time(s); retry policy is RetryUpToMaximumCountWithFixedSleep(maxRetries=15, sleepTime=1000 MILLISECONDS)
2022-02-01 01:15:31,331 [EndpointStateMachine task thread for /0.0.0.0:35007 - 0 ] INFO  ipc.Client (Client.java:handleConnectionFailure(977)) - Retrying connect to server: 0.0.0.0/0.0.0.0:35007. Already tried 7 time(s); retry policy is RetryUpToMaximumCountWithFixedSleep(maxRetries=15, sleepTime=1000 MILLISECONDS)
2022-02-01 01:15:31,340 [Datanode State Machine Daemon Thread] ERROR datanode.RunningDatanodeState (RunningDatanodeState.java:computeNextContainerState(199)) - Error in executing end point task.
java.util.concurrent.ExecutionException: java.util.concurrent.TimeoutException
	at java.util.concurrent.FutureTask.report(FutureTask.java:122)
	at java.util.concurrent.FutureTask.get(FutureTask.java:192)
	at org.apache.hadoop.ozone.container.common.states.datanode.RunningDatanodeState.computeNextContainerState(RunningDatanodeState.java:191)
	at org.apache.hadoop.ozone.container.common.states.datanode.RunningDatanodeState.await(RunningDatanodeState.java:231)
	at org.apache.hadoop.ozone.container.common.states.datanode.RunningDatanodeState.await(RunningDatanodeState.java:50)
	at org.apache.hadoop.ozone.container.common.statemachine.StateContext.execute(StateContext.java:633)
	at org.apache.hadoop.ozone.container.common.statemachine.DatanodeStateMachine.start(DatanodeStateMachine.java:283)
	at org.apache.hadoop.ozone.container.common.statemachine.DatanodeStateMachine.lambda$startDaemon$0(DatanodeStateMachine.java:471)
	at java.lang.Thread.run(Thread.java:748)
Caused by: java.util.concurrent.TimeoutException
	at java.util.concurrent.FutureTask.get(FutureTask.java:205)
	at org.apache.hadoop.ozone.container.common.states.datanode.RunningDatanodeState.lambda$execute$0(RunningDatanodeState.java:149)
	at java.util.concurrent.FutureTask.run(FutureTask.java:266)
	at java.util.concurrent.Executors$RunnableAdapter.call(Executors.java:511)
	at java.util.concurrent.FutureTask.run(FutureTask.java:266)
	at java.util.concurrent.ThreadPoolExecutor.runWorker(ThreadPoolExecutor.java:1149)
	at java.util.concurrent.ThreadPoolExecutor$Worker.run(ThreadPoolExecutor.java:624)
	... 1 more
2022-02-01 01:15:31,729 [grpc-default-executor-3] WARN  server.GrpcLogAppender (LogUtils.java:warn(122)) - aad00493-843f-40cd-b56e-bcb32a0b843f@group-56FEA48B3F6C->08f587f6-d3d0-450e-bf31-fc9adbdb5c63-AppendLogResponseHandler: Failed appendEntries: org.apache.ratis.thirdparty.io.grpc.StatusRuntimeException: UNAVAILABLE: io exception
2022-02-01 01:15:31,730 [grpc-default-executor-3] WARN  server.GrpcLogAppender (GrpcLogAppender.java:resetClient(110)) - aad00493-843f-40cd-b56e-bcb32a0b843f@group-56FEA48B3F6C->08f587f6-d3d0-450e-bf31-fc9adbdb5c63-GrpcLogAppender: Leader has not got in touch with Follower aad00493-843f-40cd-b56e-bcb32a0b843f@group-56FEA48B3F6C->08f587f6-d3d0-450e-bf31-fc9adbdb5c63(c0,m0,n1, attendVote=true, lastRpcSendTime=1, lastRpcResponseTime=5014) yet, just keep nextIndex unchanged and retry.
2022-02-01 01:15:32,332 [EndpointStateMachine task thread for /0.0.0.0:35007 - 0 ] INFO  ipc.Client (Client.java:handleConnectionFailure(977)) - Retrying connect to server: 0.0.0.0/0.0.0.0:35007. Already tried 8 time(s); retry policy is RetryUpToMaximumCountWithFixedSleep(maxRetries=15, sleepTime=1000 MILLISECONDS)
2022-02-01 01:15:32,788 [Listener at 127.0.0.1/34793] INFO  statemachine.DatanodeStateMachine (DatanodeStateMachine.java:stopDaemon(529)) - Ozone container server stopped.
2022-02-01 01:15:32,789 [Listener at 127.0.0.1/34793] INFO  handler.ContextHandler (ContextHandler.java:doStop(1153)) - Stopped o.e.j.w.WebAppContext@79e2ba0{hddsDatanode,/,null,STOPPED}{jar:file:/home/runner/.m2/repository/org/apache/ozone/hdds-container-service/1.3.0-SNAPSHOT/hdds-container-service-1.3.0-SNAPSHOT.jar!/webapps/hddsDatanode}
2022-02-01 01:15:32,792 [Listener at 127.0.0.1/34793] INFO  server.AbstractConnector (AbstractConnector.java:doStop(381)) - Stopped ServerConnector@5bf9a469{HTTP/1.1, (http/1.1)}{0.0.0.0:0}
2022-02-01 01:15:32,792 [Listener at 127.0.0.1/34793] INFO  server.session (HouseKeeper.java:stopScavenging(149)) - node0 Stopped scavenging
2022-02-01 01:15:32,792 [Listener at 127.0.0.1/34793] INFO  handler.ContextHandler (ContextHandler.java:doStop(1153)) - Stopped o.e.j.s.ServletContextHandler@630bf8f2{static,/static,jar:file:/home/runner/.m2/repository/org/apache/ozone/hdds-container-service/1.3.0-SNAPSHOT/hdds-container-service-1.3.0-SNAPSHOT.jar!/webapps/static,STOPPED}
2022-02-01 01:15:32,792 [Listener at 127.0.0.1/34793] INFO  handler.ContextHandler (ContextHandler.java:doStop(1153)) - Stopped o.e.j.s.ServletContextHandler@1254dc82{logs,/logs,file:///home/runner/work/ozone/ozone/hadoop-ozone/integration-test/target/log,STOPPED}
2022-02-01 01:15:32,807 [Listener at 127.0.0.1/34793] WARN  impl.MetricRegistriesImpl (MetricRegistriesImpl.java:addReporterRegistration(111)) - New reporters are added after registries were created. Some metrics will be missing from the reporter. Please add reporter before adding any new registry.
2022-02-01 01:15:32,807 [Listener at 127.0.0.1/34793] WARN  impl.MetricRegistriesImpl (MetricRegistriesImpl.java:addReporterRegistration(111)) - New reporters are added after registries were created. Some metrics will be missing from the reporter. Please add reporter before adding any new registry.
2022-02-01 01:15:32,808 [Listener at 127.0.0.1/34793] WARN  impl.MetricsConfig (MetricsConfig.java:loadFirst(136)) - Cannot locate configuration: tried hadoop-metrics2-hddsdatanode.properties,hadoop-metrics2.properties
2022-02-01 01:15:32,835 [Listener at 127.0.0.1/34793] INFO  impl.MetricsSystemImpl (MetricsSystemImpl.java:startTimer(378)) - Scheduled Metric snapshot period at 10 second(s).
2022-02-01 01:15:32,836 [Listener at 127.0.0.1/34793] INFO  impl.MetricsSystemImpl (MetricsSystemImpl.java:start(191)) - HddsDatanode metrics system started
2022-02-01 01:15:32,966 [Listener at 127.0.0.1/34793] INFO  impl.MetricsSinkAdapter (MetricsSinkAdapter.java:start(204)) - Sink prometheus started
2022-02-01 01:15:32,966 [Listener at 127.0.0.1/34793] INFO  impl.MetricsSystemImpl (MetricsSystemImpl.java:registerSink(305)) - Registered sink prometheus
2022-02-01 01:15:33,078 [Listener at 127.0.0.1/34793] INFO  ozone.HddsDatanodeService (HddsDatanodeService.java:start(234)) - HddsDatanodeService host:fv-az151-917.yf2hydr00wburbhx3j5hxtcipe.bx.internal.cloudapp.net ip:10.1.0.7
2022-02-01 01:15:33,125 [Listener at 127.0.0.1/34793] INFO  upgrade.AbstractLayoutVersionManager (AbstractLayoutVersionManager.java:init(79)) - Initializing Layout version manager with metadata layout = SCM_HA (version = 2), software layout = SCM_HA (version = 2)
2022-02-01 01:15:33,252 [Listener at 127.0.0.1/34793] INFO  reflections.Reflections (Reflections.java:scan(232)) - Reflections took 126 ms to scan 7 urls, producing 119 keys and 279 values 
2022-02-01 01:15:33,267 [Listener at 127.0.0.1/34793] INFO  statemachine.DatanodeStateMachine (DatanodeStateMachine.java:getEndPointTaskThreadPoolSize(222)) - Datanode State Machine Task Thread Pool size 2
2022-02-01 01:15:33,296 [Listener at 127.0.0.1/34793] INFO  volume.HddsVolume (HddsVolume.java:<init>(120)) - Creating HddsVolume: /home/runner/work/ozone/ozone/hadoop-ozone/integration-test/target/test-dir/MiniOzoneClusterImpl-72297f51-d642-4b09-97fa-35b2ed17483c/datanode-0/data-0/containers/hdds of storage type : DISK capacity : 9223372036854775807
2022-02-01 01:15:33,297 [Listener at 127.0.0.1/34793] INFO  volume.MutableVolumeSet (MutableVolumeSet.java:initializeVolumeSet(168)) - Added Volume : /home/runner/work/ozone/ozone/hadoop-ozone/integration-test/target/test-dir/MiniOzoneClusterImpl-72297f51-d642-4b09-97fa-35b2ed17483c/datanode-0/data-0/containers/hdds to VolumeSet
2022-02-01 01:15:33,297 [Listener at 127.0.0.1/34793] INFO  volume.ThrottledAsyncChecker (ThrottledAsyncChecker.java:schedule(141)) - Scheduling a check for /home/runner/work/ozone/ozone/hadoop-ozone/integration-test/target/test-dir/MiniOzoneClusterImpl-72297f51-d642-4b09-97fa-35b2ed17483c/datanode-0/data-0/containers/hdds
2022-02-01 01:15:33,308 [Listener at 127.0.0.1/34793] INFO  volume.StorageVolumeChecker (StorageVolumeChecker.java:checkAllVolumes(202)) - Scheduled health check for volume /home/runner/work/ozone/ozone/hadoop-ozone/integration-test/target/test-dir/MiniOzoneClusterImpl-72297f51-d642-4b09-97fa-35b2ed17483c/datanode-0/data-0/containers/hdds
2022-02-01 01:15:33,332 [EndpointStateMachine task thread for /0.0.0.0:35007 - 0 ] INFO  ipc.Client (Client.java:handleConnectionFailure(977)) - Retrying connect to server: 0.0.0.0/0.0.0.0:35007. Already tried 9 time(s); retry policy is RetryUpToMaximumCountWithFixedSleep(maxRetries=15, sleepTime=1000 MILLISECONDS)
2022-02-01 01:15:33,369 [Listener at 127.0.0.1/34793] INFO  volume.MutableVolumeSet (MutableVolumeSet.java:initializeVolumeSet(168)) - Added Volume : /home/runner/work/ozone/ozone/hadoop-ozone/integration-test/target/test-dir/MiniOzoneClusterImpl-72297f51-d642-4b09-97fa-35b2ed17483c/datanode-0/data/ratis to VolumeSet
2022-02-01 01:15:33,376 [Listener at 127.0.0.1/34793] INFO  volume.ThrottledAsyncChecker (ThrottledAsyncChecker.java:schedule(141)) - Scheduling a check for /home/runner/work/ozone/ozone/hadoop-ozone/integration-test/target/test-dir/MiniOzoneClusterImpl-72297f51-d642-4b09-97fa-35b2ed17483c/datanode-0/data/ratis
2022-02-01 01:15:33,376 [Listener at 127.0.0.1/34793] INFO  volume.StorageVolumeChecker (StorageVolumeChecker.java:checkAllVolumes(202)) - Scheduled health check for volume /home/runner/work/ozone/ozone/hadoop-ozone/integration-test/target/test-dir/MiniOzoneClusterImpl-72297f51-d642-4b09-97fa-35b2ed17483c/datanode-0/data/ratis
2022-02-01 01:15:33,472 [Thread-718] INFO  ozoneimpl.ContainerReader (ContainerReader.java:readVolume(142)) - Start to verify containers on volume /home/runner/work/ozone/ozone/hadoop-ozone/integration-test/target/test-dir/MiniOzoneClusterImpl-72297f51-d642-4b09-97fa-35b2ed17483c/datanode-0/data-0/containers/hdds
2022-02-01 01:15:33,472 [Thread-718] INFO  ozoneimpl.ContainerReader (ContainerReader.java:readVolume(172)) - Finish verifying containers on volume /home/runner/work/ozone/ozone/hadoop-ozone/integration-test/target/test-dir/MiniOzoneClusterImpl-72297f51-d642-4b09-97fa-35b2ed17483c/datanode-0/data-0/containers/hdds
2022-02-01 01:15:33,472 [Listener at 127.0.0.1/34793] INFO  ozoneimpl.OzoneContainer (OzoneContainer.java:buildContainerSet(237)) - Build ContainerSet costs 0s
2022-02-01 01:15:33,475 [Listener at 127.0.0.1/34793] INFO  server.RaftServer (ConfUtils.java:logGet(44)) - raft.rpc.type = GRPC (default)
2022-02-01 01:15:33,480 [Listener at 127.0.0.1/34793] INFO  grpc.GrpcFactory (GrpcFactory.java:checkPooledByteBufAllocatorUseCacheForAllThreads(48)) - PERFORMANCE WARNING: useCacheForAllThreads is true that may cause Netty to create a lot garbage objects and, as a result, trigger GC.
	It is recommended to disable useCacheForAllThreads by setting -Dorg.apache.ratis.thirdparty.io.netty.allocator.useCacheForAllThreads=false in command line.
2022-02-01 01:15:33,480 [Listener at 127.0.0.1/34793] INFO  grpc.GrpcConfigKeys (ConfUtils.java:logGet(44)) - raft.grpc.admin.port = 35597 (custom)
2022-02-01 01:15:33,480 [Listener at 127.0.0.1/34793] INFO  grpc.GrpcConfigKeys (ConfUtils.java:logGet(44)) - raft.grpc.client.port = 35597 (custom)
2022-02-01 01:15:33,480 [Listener at 127.0.0.1/34793] INFO  grpc.GrpcConfigKeys (ConfUtils.java:logGet(44)) - raft.grpc.server.port = 35597 (custom)
2022-02-01 01:15:33,480 [Listener at 127.0.0.1/34793] INFO  server.GrpcService (ConfUtils.java:logGet(44)) - raft.grpc.message.size.max = 32MB (=33554432) (custom)
2022-02-01 01:15:33,480 [Listener at 127.0.0.1/34793] INFO  server.RaftServerConfigKeys (ConfUtils.java:logGet(44)) - raft.server.log.appender.buffer.byte-limit = 33554432 (custom)
2022-02-01 01:15:33,480 [Listener at 127.0.0.1/34793] INFO  server.GrpcService (ConfUtils.java:logGet(44)) - raft.grpc.flow.control.window = 5MB (=5242880) (custom)
2022-02-01 01:15:33,480 [Listener at 127.0.0.1/34793] INFO  server.RaftServerConfigKeys (ConfUtils.java:logGet(44)) - raft.server.rpc.request.timeout = 60s (custom)
2022-02-01 01:15:33,482 [Listener at 127.0.0.1/34793] INFO  impl.DataStreamServerImpl (ConfUtils.java:logGet(44)) - raft.datastream.type = DISABLED (default)
2022-02-01 01:15:33,482 [Listener at 127.0.0.1/34793] INFO  server.RaftServerConfigKeys (ConfUtils.java:logGet(44)) - raft.server.rpc.slowness.timeout = 300s (custom)
2022-02-01 01:15:33,482 [Listener at 127.0.0.1/34793] INFO  server.RaftServerConfigKeys (ConfUtils.java:logGet(44)) - raft.server.leaderelection.leader.step-down.wait-time = 10s (default)
2022-02-01 01:15:33,482 [Listener at 127.0.0.1/34793] INFO  server.RaftServerConfigKeys (ConfUtils.java:logGet(44)) - raft.server.storage.dir = [/home/runner/work/ozone/ozone/hadoop-ozone/integration-test/target/test-dir/MiniOzoneClusterImpl-72297f51-d642-4b09-97fa-35b2ed17483c/datanode-0/data/ratis] (custom)
2022-02-01 01:15:33,482 [Listener at 127.0.0.1/34793] INFO  server.RaftServer (RaftServerProxy.java:lambda$null$1(235)) - 08f587f6-d3d0-450e-bf31-fc9adbdb5c63: found a subdirectory /home/runner/work/ozone/ozone/hadoop-ozone/integration-test/target/test-dir/MiniOzoneClusterImpl-72297f51-d642-4b09-97fa-35b2ed17483c/datanode-0/data/ratis/83e78062-305b-4234-a63d-56fea48b3f6c
2022-02-01 01:15:33,494 [Listener at 127.0.0.1/34793] INFO  server.RaftServer (RaftServerProxy.java:addNew(95)) - 08f587f6-d3d0-450e-bf31-fc9adbdb5c63: addNew group-56FEA48B3F6C:[] returns group-56FEA48B3F6C:java.util.concurrent.CompletableFuture@19aa9994[Not completed]
2022-02-01 01:15:33,494 [Listener at 127.0.0.1/34793] INFO  server.RaftServer (RaftServerProxy.java:lambda$null$1(235)) - 08f587f6-d3d0-450e-bf31-fc9adbdb5c63: found a subdirectory /home/runner/work/ozone/ozone/hadoop-ozone/integration-test/target/test-dir/MiniOzoneClusterImpl-72297f51-d642-4b09-97fa-35b2ed17483c/datanode-0/data/ratis/f66db01d-d690-48bc-bb42-9692adc771ad
2022-02-01 01:15:33,494 [Listener at 127.0.0.1/34793] INFO  server.RaftServer (RaftServerProxy.java:addNew(95)) - 08f587f6-d3d0-450e-bf31-fc9adbdb5c63: addNew group-9692ADC771AD:[] returns group-9692ADC771AD:java.util.concurrent.CompletableFuture@4520341c[Not completed]
2022-02-01 01:15:33,497 [Listener at 127.0.0.1/34793] INFO  server.XceiverServerGrpc (XceiverServerGrpc.java:<init>(132)) - GrpcServer channel type EpollServerSocketChannel
2022-02-01 01:15:33,505 [pool-310-thread-1] INFO  server.RaftServer$Division (RaftServerImpl.java:<init>(184)) - 08f587f6-d3d0-450e-bf31-fc9adbdb5c63: new RaftServerImpl for group-56FEA48B3F6C:[] with ContainerStateMachine:uninitialized
2022-02-01 01:15:33,548 [Listener at 127.0.0.1/34793] INFO  http.BaseHttpServer (BaseHttpServer.java:newHttpServer2BuilderForOzone(209)) - Starting Web-server for hddsDatanode at: http://0.0.0.0:43099
2022-02-01 01:15:33,548 [Listener at 127.0.0.1/34793] INFO  http.BaseHttpServer (BaseHttpServer.java:<init>(107)) - Hadoop Security Enabled: false Ozone Security Enabled: false Ozone HTTP Security Enabled: false 
2022-02-01 01:15:33,549 [Listener at 127.0.0.1/34793] INFO  server.AuthenticationFilter (AuthenticationFilter.java:constructSecretProvider(240)) - Unable to initialize FileSignerSecretProvider, falling back to use random secrets.
2022-02-01 01:15:33,556 [Listener at 127.0.0.1/34793] WARN  http.HttpRequestLog (HttpRequestLog.java:getRequestLog(103)) - Jetty request log can only be enabled using Log4j
2022-02-01 01:15:33,557 [Listener at 127.0.0.1/34793] INFO  http.HttpServer2 (HttpServer2.java:addGlobalFilter(1030)) - Added global filter 'safety' (class=org.apache.hadoop.hdds.server.http.HttpServer2$QuotingInputFilter)
2022-02-01 01:15:33,557 [pool-310-thread-1] INFO  server.RaftServerConfigKeys (ConfUtils.java:logGet(44)) - raft.server.rpc.timeout.min = 5s (custom)
2022-02-01 01:15:33,559 [pool-310-thread-1] INFO  server.RaftServerConfigKeys (ConfUtils.java:logGet(44)) - raft.server.rpc.timeout.max = 5200ms (custom)
2022-02-01 01:15:33,559 [pool-310-thread-1] INFO  server.RaftServerConfigKeys (ConfUtils.java:logGet(44)) - raft.server.rpc.sleep.time = 25ms (default)
2022-02-01 01:15:33,559 [pool-310-thread-1] INFO  server.RaftServerConfigKeys (ConfUtils.java:logGet(44)) - raft.server.rpc.slowness.timeout = 300s (custom)
2022-02-01 01:15:33,559 [pool-310-thread-1] INFO  server.RaftServerConfigKeys (ConfUtils.java:logGet(44)) - raft.server.leaderelection.leader.step-down.wait-time = 10s (default)
2022-02-01 01:15:33,559 [pool-310-thread-1] INFO  server.RaftServerConfigKeys (ConfUtils.java:logGet(44)) - raft.server.sleep.deviation.threshold = 300ms (default)
2022-02-01 01:15:33,559 [pool-310-thread-1] INFO  server.RaftServerConfigKeys (ConfUtils.java:logGet(44)) - raft.server.log.appender.install.snapshot.enabled = false (custom)
2022-02-01 01:15:33,559 [pool-310-thread-1] INFO  server.RaftServer$Division (ServerState.java:<init>(105)) - 08f587f6-d3d0-450e-bf31-fc9adbdb5c63@group-56FEA48B3F6C: ConfigurationManager, init=-1: [], old=null, confs=<EMPTY_MAP>
2022-02-01 01:15:33,559 [pool-310-thread-1] INFO  server.RaftServerConfigKeys (ConfUtils.java:logGet(44)) - raft.server.storage.dir = [/home/runner/work/ozone/ozone/hadoop-ozone/integration-test/target/test-dir/MiniOzoneClusterImpl-72297f51-d642-4b09-97fa-35b2ed17483c/datanode-0/data/ratis] (custom)
2022-02-01 01:15:33,559 [pool-310-thread-1] INFO  server.RaftServerConfigKeys (ConfUtils.java:logGet(44)) - raft.server.log.corruption.policy = EXCEPTION (default)
2022-02-01 01:15:33,559 [pool-310-thread-1] INFO  server.RaftServerConfigKeys (ConfUtils.java:logGet(44)) - raft.server.storage.free-space.min = 0MB (=0) (default)
2022-02-01 01:15:33,560 [Listener at 127.0.0.1/34793] INFO  http.HttpServer2 (HttpServer2.java:addFilter(1006)) - Added filter static_user_filter (class=org.apache.hadoop.http.lib.StaticUserWebFilter$StaticUserFilter) to context hddsDatanode
2022-02-01 01:15:33,564 [Listener at 127.0.0.1/34793] INFO  http.HttpServer2 (HttpServer2.java:addFilter(1014)) - Added filter static_user_filter (class=org.apache.hadoop.http.lib.StaticUserWebFilter$StaticUserFilter) to context static
2022-02-01 01:15:33,564 [Listener at 127.0.0.1/34793] INFO  http.HttpServer2 (HttpServer2.java:addFilter(1014)) - Added filter static_user_filter (class=org.apache.hadoop.http.lib.StaticUserWebFilter$StaticUserFilter) to context logs
2022-02-01 01:15:33,564 [Listener at 127.0.0.1/34793] INFO  http.HttpServer2 (HttpServer2.java:bindListener(1249)) - Jetty bound to port 43099
2022-02-01 01:15:33,564 [Listener at 127.0.0.1/34793] INFO  server.Server (Server.java:doStart(375)) - jetty-9.4.43.v20210629; built: 2021-06-30T11:07:22.254Z; git: 526006ecfa3af7f1a27ef3a288e2bef7ea9dd7e8; jvm 1.8.0_312-b07
2022-02-01 01:15:33,568 [pool-310-thread-1] INFO  storage.RaftStorageDirectory (RaftStorageDirectoryImpl.java:tryLock(230)) - Lock on /home/runner/work/ozone/ozone/hadoop-ozone/integration-test/target/test-dir/MiniOzoneClusterImpl-72297f51-d642-4b09-97fa-35b2ed17483c/datanode-0/data/ratis/83e78062-305b-4234-a63d-56fea48b3f6c/in_use.lock acquired by nodename 23777@fv-az151-917
2022-02-01 01:15:33,568 [pool-310-thread-1] INFO  storage.RaftStorage (RaftStorageImpl.java:analyzeAndRecoverStorage(110)) - Read RaftStorageMetadata{term=9, votedFor=08f587f6-d3d0-450e-bf31-fc9adbdb5c63} from /home/runner/work/ozone/ozone/hadoop-ozone/integration-test/target/test-dir/MiniOzoneClusterImpl-72297f51-d642-4b09-97fa-35b2ed17483c/datanode-0/data/ratis/83e78062-305b-4234-a63d-56fea48b3f6c/current/raft-meta
2022-02-01 01:15:33,611 [Listener at 127.0.0.1/34793] INFO  server.session (DefaultSessionIdManager.java:doStart(334)) - DefaultSessionIdManager workerName=node0
2022-02-01 01:15:33,628 [Listener at 127.0.0.1/34793] INFO  server.session (DefaultSessionIdManager.java:doStart(339)) - No SessionScavenger set, using defaults
2022-02-01 01:15:33,616 [pool-310-thread-1] INFO  ratis.ContainerStateMachine (ContainerStateMachine.java:loadSnapshot(240)) - group-56FEA48B3F6C: Setting the last applied index to (t:9, i:0)
2022-02-01 01:15:33,628 [Listener at 127.0.0.1/34793] INFO  server.session (HouseKeeper.java:startScavenging(132)) - node0 Scavenging every 660000ms
2022-02-01 01:15:33,629 [pool-310-thread-1] INFO  server.RaftServer$Division (ServerState.java:setRaftConf(387)) - 08f587f6-d3d0-450e-bf31-fc9adbdb5c63@group-56FEA48B3F6C: set configuration 0: [39fc65de-49e5-4d05-a568-f4cf96421ecb|rpc:10.1.0.7:44069|dataStream:|priority:0, 08f587f6-d3d0-450e-bf31-fc9adbdb5c63|rpc:10.1.0.7:35597|dataStream:|priority:0, aad00493-843f-40cd-b56e-bcb32a0b843f|rpc:10.1.0.7:46817|dataStream:|priority:1], old=null
2022-02-01 01:15:33,629 [pool-310-thread-1] INFO  server.RaftServerConfigKeys (ConfUtils.java:logGet(44)) - raft.server.notification.no-leader.timeout = 300s (custom)
2022-02-01 01:15:33,629 [pool-310-thread-1] INFO  server.RaftServerConfigKeys (ConfUtils.java:logGet(44)) - raft.server.log.use.memory = false (default)
2022-02-01 01:15:33,629 [pool-310-thread-1] INFO  server.RaftServerConfigKeys (ConfUtils.java:logGet(44)) - raft.server.log.purge.gap = 1000000 (custom)
2022-02-01 01:15:33,629 [pool-310-thread-1] INFO  server.RaftServerConfigKeys (ConfUtils.java:logGet(44)) - raft.server.log.appender.buffer.byte-limit = 33554432 (custom)
2022-02-01 01:15:33,630 [pool-310-thread-1] INFO  server.RaftServerConfigKeys (ConfUtils.java:logGet(44)) - raft.server.log.segment.size.max = 1048576 (custom)
2022-02-01 01:15:33,630 [pool-310-thread-1] INFO  server.RaftServerConfigKeys (ConfUtils.java:logGet(44)) - raft.server.log.segment.cache.num.max = 2 (custom)
2022-02-01 01:15:33,630 [pool-310-thread-1] INFO  server.RaftServerConfigKeys (ConfUtils.java:logGet(44)) - raft.server.log.segment.cache.size.max = 200MB (=209715200) (default)
2022-02-01 01:15:33,630 [pool-310-thread-1] INFO  segmented.SegmentedRaftLogWorker (SegmentedRaftLogWorker.java:<init>(182)) - new 08f587f6-d3d0-450e-bf31-fc9adbdb5c63@group-56FEA48B3F6C-SegmentedRaftLogWorker for RaftStorageImpl:Storage Directory /home/runner/work/ozone/ozone/hadoop-ozone/integration-test/target/test-dir/MiniOzoneClusterImpl-72297f51-d642-4b09-97fa-35b2ed17483c/datanode-0/data/ratis/83e78062-305b-4234-a63d-56fea48b3f6c
2022-02-01 01:15:33,630 [pool-310-thread-1] INFO  server.RaftServerConfigKeys (ConfUtils.java:logGet(44)) - raft.server.log.queue.byte-limit = 2147483647 (custom)
2022-02-01 01:15:33,630 [pool-310-thread-1] INFO  server.RaftServerConfigKeys (ConfUtils.java:logGet(44)) - raft.server.log.queue.element-limit = 1024 (custom)
2022-02-01 01:15:33,630 [pool-310-thread-1] INFO  server.RaftServerConfigKeys (ConfUtils.java:logGet(44)) - raft.server.log.segment.size.max = 1048576 (custom)
2022-02-01 01:15:33,630 [pool-310-thread-1] INFO  server.RaftServerConfigKeys (ConfUtils.java:logGet(44)) - raft.server.log.preallocated.size = 16384 (custom)
2022-02-01 01:15:33,631 [pool-310-thread-1] INFO  server.RaftServerConfigKeys (ConfUtils.java:logGet(44)) - raft.server.log.force.sync.num = 128 (default)
2022-02-01 01:15:33,633 [pool-310-thread-1] INFO  server.RaftServerConfigKeys (ConfUtils.java:logGet(44)) - raft.server.log.statemachine.data.sync = true (default)
2022-02-01 01:15:33,633 [pool-310-thread-1] INFO  server.RaftServerConfigKeys (ConfUtils.java:logGet(44)) - raft.server.log.statemachine.data.sync.timeout = 10s (default)
2022-02-01 01:15:33,641 [pool-310-thread-1] INFO  server.RaftServerConfigKeys (ConfUtils.java:logGet(44)) - raft.server.log.statemachine.data.sync.timeout.retry = -1 (default)
2022-02-01 01:15:33,647 [Listener at 127.0.0.1/34793] INFO  handler.ContextHandler (ContextHandler.java:doStart(915)) - Started o.e.j.s.ServletContextHandler@5900bb5b{logs,/logs,file:///home/runner/work/ozone/ozone/hadoop-ozone/integration-test/target/log,AVAILABLE}
2022-02-01 01:15:33,647 [Listener at 127.0.0.1/34793] INFO  handler.ContextHandler (ContextHandler.java:doStart(915)) - Started o.e.j.s.ServletContextHandler@4a74d1f5{static,/static,jar:file:/home/runner/.m2/repository/org/apache/ozone/hdds-container-service/1.3.0-SNAPSHOT/hdds-container-service-1.3.0-SNAPSHOT.jar!/webapps/static,AVAILABLE}
2022-02-01 01:15:33,653 [pool-310-thread-1] INFO  server.RaftServerConfigKeys (ConfUtils.java:logGet(44)) - raft.server.log.write.buffer.size = 1048576 (custom)
2022-02-01 01:15:33,653 [pool-310-thread-1] INFO  server.RaftServerConfigKeys (ConfUtils.java:logGet(44)) - raft.server.log.statemachine.data.caching.enabled = true (custom)
2022-02-01 01:15:33,654 [pool-310-thread-1] INFO  server.RaftServer$Division (ServerState.java:setRaftConf(387)) - 08f587f6-d3d0-450e-bf31-fc9adbdb5c63@group-56FEA48B3F6C: set configuration 0: [39fc65de-49e5-4d05-a568-f4cf96421ecb|rpc:10.1.0.7:44069|dataStream:|priority:0, 08f587f6-d3d0-450e-bf31-fc9adbdb5c63|rpc:10.1.0.7:35597|dataStream:|priority:0, aad00493-843f-40cd-b56e-bcb32a0b843f|rpc:10.1.0.7:46817|dataStream:|priority:1], old=null
2022-02-01 01:15:33,656 [pool-310-thread-1] INFO  segmented.LogSegment (LogSegment.java:loadSegment(173)) - Successfully read 1 entries from segment file /home/runner/work/ozone/ozone/hadoop-ozone/integration-test/target/test-dir/MiniOzoneClusterImpl-72297f51-d642-4b09-97fa-35b2ed17483c/datanode-0/data/ratis/83e78062-305b-4234-a63d-56fea48b3f6c/current/log_inprogress_0
2022-02-01 01:15:33,660 [pool-310-thread-1] INFO  segmented.SegmentedRaftLogWorker (SegmentedRaftLogWorker.java:lambda$new$0(133)) - 08f587f6-d3d0-450e-bf31-fc9adbdb5c63@group-56FEA48B3F6C-SegmentedRaftLogWorker: flushIndex: setUnconditionally 0 -> 0
2022-02-01 01:15:33,662 [pool-310-thread-1] INFO  segmented.SegmentedRaftLogWorker (SegmentedRaftLogWorker.java:lambda$new$0(133)) - 08f587f6-d3d0-450e-bf31-fc9adbdb5c63@group-56FEA48B3F6C-SegmentedRaftLogWorker: safeCacheEvictIndex: setUnconditionally 0 -> -1
2022-02-01 01:15:33,676 [pool-310-thread-1] INFO  server.RaftServerConfigKeys (ConfUtils.java:logGet(44)) - raft.server.snapshot.auto.trigger.enabled = true (custom)
2022-02-01 01:15:33,676 [pool-310-thread-1] INFO  server.RaftServerConfigKeys (ConfUtils.java:logGet(44)) - raft.server.snapshot.auto.trigger.threshold = 10000 (custom)
2022-02-01 01:15:33,676 [pool-310-thread-1] INFO  server.RaftServerConfigKeys (ConfUtils.java:logGet(44)) - raft.server.snapshot.retention.file.num = 5 (custom)
2022-02-01 01:15:33,676 [pool-310-thread-1] INFO  server.RaftServerConfigKeys (ConfUtils.java:logGet(44)) - raft.server.log.purge.upto.snapshot.index = false (default)
2022-02-01 01:15:33,676 [pool-310-thread-1] INFO  server.RaftServerConfigKeys (ConfUtils.java:logGet(44)) - raft.server.retrycache.expirytime = 600000ms (custom)
2022-02-01 01:15:33,676 [pool-310-thread-1] INFO  server.RaftServerConfigKeys (ConfUtils.java:logGet(44)) - raft.server.retrycache.statistics.expirytime = 100μs (default)
2022-02-01 01:15:33,681 [pool-310-thread-1] INFO  server.RaftServer$Division (RaftServerImpl.java:<init>(184)) - 08f587f6-d3d0-450e-bf31-fc9adbdb5c63: new RaftServerImpl for group-9692ADC771AD:[] with ContainerStateMachine:uninitialized
2022-02-01 01:15:33,681 [pool-310-thread-1] INFO  server.RaftServerConfigKeys (ConfUtils.java:logGet(44)) - raft.server.rpc.timeout.min = 5s (custom)
2022-02-01 01:15:33,681 [pool-310-thread-1] INFO  server.RaftServerConfigKeys (ConfUtils.java:logGet(44)) - raft.server.rpc.timeout.max = 5200ms (custom)
2022-02-01 01:15:33,684 [pool-310-thread-1] INFO  server.RaftServerConfigKeys (ConfUtils.java:logGet(44)) - raft.server.rpc.sleep.time = 25ms (default)
2022-02-01 01:15:33,684 [pool-310-thread-1] INFO  server.RaftServerConfigKeys (ConfUtils.java:logGet(44)) - raft.server.rpc.slowness.timeout = 300s (custom)
2022-02-01 01:15:33,684 [pool-310-thread-1] INFO  server.RaftServerConfigKeys (ConfUtils.java:logGet(44)) - raft.server.leaderelection.leader.step-down.wait-time = 10s (default)
2022-02-01 01:15:33,684 [pool-310-thread-1] INFO  server.RaftServerConfigKeys (ConfUtils.java:logGet(44)) - raft.server.sleep.deviation.threshold = 300ms (default)
2022-02-01 01:15:33,684 [pool-310-thread-1] INFO  server.RaftServerConfigKeys (ConfUtils.java:logGet(44)) - raft.server.log.appender.install.snapshot.enabled = false (custom)
2022-02-01 01:15:33,684 [pool-310-thread-1] INFO  server.RaftServer$Division (ServerState.java:<init>(105)) - 08f587f6-d3d0-450e-bf31-fc9adbdb5c63@group-9692ADC771AD: ConfigurationManager, init=-1: [], old=null, confs=<EMPTY_MAP>
2022-02-01 01:15:33,684 [pool-310-thread-1] INFO  server.RaftServerConfigKeys (ConfUtils.java:logGet(44)) - raft.server.storage.dir = [/home/runner/work/ozone/ozone/hadoop-ozone/integration-test/target/test-dir/MiniOzoneClusterImpl-72297f51-d642-4b09-97fa-35b2ed17483c/datanode-0/data/ratis] (custom)
2022-02-01 01:15:33,684 [pool-310-thread-1] INFO  server.RaftServerConfigKeys (ConfUtils.java:logGet(44)) - raft.server.log.corruption.policy = EXCEPTION (default)
2022-02-01 01:15:33,684 [pool-310-thread-1] INFO  server.RaftServerConfigKeys (ConfUtils.java:logGet(44)) - raft.server.storage.free-space.min = 0MB (=0) (default)
2022-02-01 01:15:33,688 [pool-310-thread-1] INFO  storage.RaftStorageDirectory (RaftStorageDirectoryImpl.java:tryLock(230)) - Lock on /home/runner/work/ozone/ozone/hadoop-ozone/integration-test/target/test-dir/MiniOzoneClusterImpl-72297f51-d642-4b09-97fa-35b2ed17483c/datanode-0/data/ratis/f66db01d-d690-48bc-bb42-9692adc771ad/in_use.lock acquired by nodename 23777@fv-az151-917
2022-02-01 01:15:33,688 [pool-310-thread-1] INFO  storage.RaftStorage (RaftStorageImpl.java:analyzeAndRecoverStorage(110)) - Read RaftStorageMetadata{term=1, votedFor=08f587f6-d3d0-450e-bf31-fc9adbdb5c63} from /home/runner/work/ozone/ozone/hadoop-ozone/integration-test/target/test-dir/MiniOzoneClusterImpl-72297f51-d642-4b09-97fa-35b2ed17483c/datanode-0/data/ratis/f66db01d-d690-48bc-bb42-9692adc771ad/current/raft-meta
2022-02-01 01:15:33,688 [pool-310-thread-1] INFO  ratis.ContainerStateMachine (ContainerStateMachine.java:loadSnapshot(240)) - group-9692ADC771AD: Setting the last applied index to (t:1, i:0)
2022-02-01 01:15:33,689 [pool-310-thread-1] INFO  server.RaftServer$Division (ServerState.java:setRaftConf(387)) - 08f587f6-d3d0-450e-bf31-fc9adbdb5c63@group-9692ADC771AD: set configuration 0: [08f587f6-d3d0-450e-bf31-fc9adbdb5c63|rpc:10.1.0.7:35597|dataStream:|priority:1], old=null
2022-02-01 01:15:33,689 [pool-310-thread-1] INFO  server.RaftServerConfigKeys (ConfUtils.java:logGet(44)) - raft.server.notification.no-leader.timeout = 300s (custom)
2022-02-01 01:15:33,689 [pool-310-thread-1] INFO  server.RaftServerConfigKeys (ConfUtils.java:logGet(44)) - raft.server.log.use.memory = false (default)
2022-02-01 01:15:33,689 [pool-310-thread-1] INFO  server.RaftServerConfigKeys (ConfUtils.java:logGet(44)) - raft.server.log.purge.gap = 1000000 (custom)
2022-02-01 01:15:33,689 [pool-310-thread-1] INFO  server.RaftServerConfigKeys (ConfUtils.java:logGet(44)) - raft.server.log.appender.buffer.byte-limit = 33554432 (custom)
2022-02-01 01:15:33,689 [pool-310-thread-1] INFO  server.RaftServerConfigKeys (ConfUtils.java:logGet(44)) - raft.server.log.segment.size.max = 1048576 (custom)
2022-02-01 01:15:33,696 [pool-310-thread-1] INFO  server.RaftServerConfigKeys (ConfUtils.java:logGet(44)) - raft.server.log.segment.cache.num.max = 2 (custom)
2022-02-01 01:15:33,699 [pool-310-thread-1] INFO  server.RaftServerConfigKeys (ConfUtils.java:logGet(44)) - raft.server.log.segment.cache.size.max = 200MB (=209715200) (default)
2022-02-01 01:15:33,699 [pool-310-thread-1] INFO  segmented.SegmentedRaftLogWorker (SegmentedRaftLogWorker.java:<init>(182)) - new 08f587f6-d3d0-450e-bf31-fc9adbdb5c63@group-9692ADC771AD-SegmentedRaftLogWorker for RaftStorageImpl:Storage Directory /home/runner/work/ozone/ozone/hadoop-ozone/integration-test/target/test-dir/MiniOzoneClusterImpl-72297f51-d642-4b09-97fa-35b2ed17483c/datanode-0/data/ratis/f66db01d-d690-48bc-bb42-9692adc771ad
2022-02-01 01:15:33,700 [pool-310-thread-1] INFO  server.RaftServerConfigKeys (ConfUtils.java:logGet(44)) - raft.server.log.queue.byte-limit = 2147483647 (custom)
2022-02-01 01:15:33,700 [pool-310-thread-1] INFO  server.RaftServerConfigKeys (ConfUtils.java:logGet(44)) - raft.server.log.queue.element-limit = 1024 (custom)
2022-02-01 01:15:33,700 [pool-310-thread-1] INFO  server.RaftServerConfigKeys (ConfUtils.java:logGet(44)) - raft.server.log.segment.size.max = 1048576 (custom)
2022-02-01 01:15:33,700 [pool-310-thread-1] INFO  server.RaftServerConfigKeys (ConfUtils.java:logGet(44)) - raft.server.log.preallocated.size = 16384 (custom)
2022-02-01 01:15:33,700 [pool-310-thread-1] INFO  server.RaftServerConfigKeys (ConfUtils.java:logGet(44)) - raft.server.log.force.sync.num = 128 (default)
2022-02-01 01:15:33,700 [pool-310-thread-1] INFO  server.RaftServerConfigKeys (ConfUtils.java:logGet(44)) - raft.server.log.statemachine.data.sync = true (default)
2022-02-01 01:15:33,704 [pool-310-thread-1] INFO  server.RaftServerConfigKeys (ConfUtils.java:logGet(44)) - raft.server.log.statemachine.data.sync.timeout = 10s (default)
2022-02-01 01:15:33,708 [pool-310-thread-1] INFO  server.RaftServerConfigKeys (ConfUtils.java:logGet(44)) - raft.server.log.statemachine.data.sync.timeout.retry = -1 (default)
2022-02-01 01:15:33,709 [pool-310-thread-1] INFO  server.RaftServerConfigKeys (ConfUtils.java:logGet(44)) - raft.server.log.write.buffer.size = 1048576 (custom)
2022-02-01 01:15:33,709 [pool-310-thread-1] INFO  server.RaftServerConfigKeys (ConfUtils.java:logGet(44)) - raft.server.log.statemachine.data.caching.enabled = true (custom)
2022-02-01 01:15:33,713 [pool-310-thread-1] INFO  server.RaftServer$Division (ServerState.java:setRaftConf(387)) - 08f587f6-d3d0-450e-bf31-fc9adbdb5c63@group-9692ADC771AD: set configuration 0: [08f587f6-d3d0-450e-bf31-fc9adbdb5c63|rpc:10.1.0.7:35597|dataStream:|priority:1], old=null
2022-02-01 01:15:33,716 [pool-310-thread-1] INFO  segmented.LogSegment (LogSegment.java:loadSegment(173)) - Successfully read 1 entries from segment file /home/runner/work/ozone/ozone/hadoop-ozone/integration-test/target/test-dir/MiniOzoneClusterImpl-72297f51-d642-4b09-97fa-35b2ed17483c/datanode-0/data/ratis/f66db01d-d690-48bc-bb42-9692adc771ad/current/log_inprogress_0
2022-02-01 01:15:33,716 [pool-310-thread-1] INFO  segmented.SegmentedRaftLogWorker (SegmentedRaftLogWorker.java:lambda$new$0(133)) - 08f587f6-d3d0-450e-bf31-fc9adbdb5c63@group-9692ADC771AD-SegmentedRaftLogWorker: flushIndex: setUnconditionally 0 -> 0
2022-02-01 01:15:33,716 [pool-310-thread-1] INFO  segmented.SegmentedRaftLogWorker (SegmentedRaftLogWorker.java:lambda$new$0(133)) - 08f587f6-d3d0-450e-bf31-fc9adbdb5c63@group-9692ADC771AD-SegmentedRaftLogWorker: safeCacheEvictIndex: setUnconditionally 0 -> -1
2022-02-01 01:15:33,725 [pool-310-thread-1] INFO  server.RaftServerConfigKeys (ConfUtils.java:logGet(44)) - raft.server.snapshot.auto.trigger.enabled = true (custom)
2022-02-01 01:15:33,725 [pool-310-thread-1] INFO  server.RaftServerConfigKeys (ConfUtils.java:logGet(44)) - raft.server.snapshot.auto.trigger.threshold = 10000 (custom)
2022-02-01 01:15:33,725 [pool-310-thread-1] INFO  server.RaftServerConfigKeys (ConfUtils.java:logGet(44)) - raft.server.snapshot.retention.file.num = 5 (custom)
2022-02-01 01:15:33,725 [pool-310-thread-1] INFO  server.RaftServerConfigKeys (ConfUtils.java:logGet(44)) - raft.server.log.purge.upto.snapshot.index = false (default)
2022-02-01 01:15:33,725 [pool-310-thread-1] INFO  server.RaftServerConfigKeys (ConfUtils.java:logGet(44)) - raft.server.retrycache.expirytime = 600000ms (custom)
2022-02-01 01:15:33,725 [pool-310-thread-1] INFO  server.RaftServerConfigKeys (ConfUtils.java:logGet(44)) - raft.server.retrycache.statistics.expirytime = 100μs (default)
2022-02-01 01:15:33,809 [Listener at 127.0.0.1/34793] INFO  handler.ContextHandler (ContextHandler.java:doStart(915)) - Started o.e.j.w.WebAppContext@5860b246{hddsDatanode,/,file:///tmp/jetty-0_0_0_0-43099-hdds-container-service-1_3_0-SNAPSHOT_jar-_-any-1317459848378890577/webapp/,AVAILABLE}{jar:file:/home/runner/.m2/repository/org/apache/ozone/hdds-container-service/1.3.0-SNAPSHOT/hdds-container-service-1.3.0-SNAPSHOT.jar!/webapps/hddsDatanode}
2022-02-01 01:15:33,823 [Listener at 127.0.0.1/34793] INFO  server.AbstractConnector (AbstractConnector.java:doStart(331)) - Started ServerConnector@55e2e4e{HTTP/1.1, (http/1.1)}{0.0.0.0:43099}
2022-02-01 01:15:33,824 [Listener at 127.0.0.1/34793] INFO  server.Server (Server.java:doStart(415)) - Started @160134ms
2022-02-01 01:15:33,824 [Listener at 127.0.0.1/34793] WARN  impl.MetricsSystemImpl (MetricsSystemImpl.java:register(279)) - Sink prometheus already exists!
2022-02-01 01:15:33,824 [Listener at 127.0.0.1/34793] INFO  http.BaseHttpServer (BaseHttpServer.java:updateConnectorAddress(329)) - HTTP server of hddsDatanode listening at http://0.0.0.0:43099
2022-02-01 01:15:33,827 [Datanode State Machine Daemon Thread] INFO  statemachine.DatanodeStateMachine (DatanodeStateMachine.java:lambda$startDaemon$0(470)) - Ozone container server started.
2022-02-01 01:15:33,892 [org.apache.hadoop.util.JvmPauseMonitor$Monitor@3cb7b880] INFO  util.JvmPauseMonitor (JvmPauseMonitor.java:run(188)) - Starting JVM pause monitor
2022-02-01 01:15:34,229 [grpc-default-executor-3] WARN  server.GrpcLogAppender (LogUtils.java:warn(122)) - aad00493-843f-40cd-b56e-bcb32a0b843f@group-56FEA48B3F6C->08f587f6-d3d0-450e-bf31-fc9adbdb5c63-AppendLogResponseHandler: Failed appendEntries: org.apache.ratis.thirdparty.io.grpc.StatusRuntimeException: UNAVAILABLE: io exception
2022-02-01 01:15:34,230 [grpc-default-executor-3] WARN  server.GrpcLogAppender (GrpcLogAppender.java:resetClient(110)) - aad00493-843f-40cd-b56e-bcb32a0b843f@group-56FEA48B3F6C->08f587f6-d3d0-450e-bf31-fc9adbdb5c63-GrpcLogAppender: Leader has not got in touch with Follower aad00493-843f-40cd-b56e-bcb32a0b843f@group-56FEA48B3F6C->08f587f6-d3d0-450e-bf31-fc9adbdb5c63(c0,m0,n1, attendVote=true, lastRpcSendTime=2501, lastRpcResponseTime=7514) yet, just keep nextIndex unchanged and retry.
2022-02-01 01:15:34,346 [EndpointStateMachine task thread for /0.0.0.0:35007 - 0 ] INFO  ipc.Client (Client.java:handleConnectionFailure(977)) - Retrying connect to server: 0.0.0.0/0.0.0.0:35007. Already tried 10 time(s); retry policy is RetryUpToMaximumCountWithFixedSleep(maxRetries=15, sleepTime=1000 MILLISECONDS)
2022-02-01 01:15:35,356 [EndpointStateMachine task thread for /0.0.0.0:35007 - 0 ] INFO  ipc.Client (Client.java:handleConnectionFailure(977)) - Retrying connect to server: 0.0.0.0/0.0.0.0:35007. Already tried 11 time(s); retry policy is RetryUpToMaximumCountWithFixedSleep(maxRetries=15, sleepTime=1000 MILLISECONDS)
2022-02-01 01:15:36,356 [EndpointStateMachine task thread for /0.0.0.0:35007 - 0 ] INFO  ipc.Client (Client.java:handleConnectionFailure(977)) - Retrying connect to server: 0.0.0.0/0.0.0.0:35007. Already tried 12 time(s); retry policy is RetryUpToMaximumCountWithFixedSleep(maxRetries=15, sleepTime=1000 MILLISECONDS)
2022-02-01 01:15:36,748 [grpc-default-executor-3] WARN  server.GrpcLogAppender (LogUtils.java:warn(122)) - aad00493-843f-40cd-b56e-bcb32a0b843f@group-56FEA48B3F6C->08f587f6-d3d0-450e-bf31-fc9adbdb5c63-AppendLogResponseHandler: Failed appendEntries: org.apache.ratis.thirdparty.io.grpc.StatusRuntimeException: UNAVAILABLE: io exception
2022-02-01 01:15:36,749 [grpc-default-executor-3] WARN  server.GrpcLogAppender (GrpcLogAppender.java:resetClient(110)) - aad00493-843f-40cd-b56e-bcb32a0b843f@group-56FEA48B3F6C->08f587f6-d3d0-450e-bf31-fc9adbdb5c63-GrpcLogAppender: Leader has not got in touch with Follower aad00493-843f-40cd-b56e-bcb32a0b843f@group-56FEA48B3F6C->08f587f6-d3d0-450e-bf31-fc9adbdb5c63(c0,m0,n1, attendVote=true, lastRpcSendTime=2512, lastRpcResponseTime=10033) yet, just keep nextIndex unchanged and retry.
2022-02-01 01:15:37,357 [EndpointStateMachine task thread for /0.0.0.0:35007 - 0 ] INFO  ipc.Client (Client.java:handleConnectionFailure(977)) - Retrying connect to server: 0.0.0.0/0.0.0.0:35007. Already tried 13 time(s); retry policy is RetryUpToMaximumCountWithFixedSleep(maxRetries=15, sleepTime=1000 MILLISECONDS)
2022-02-01 01:15:38,358 [EndpointStateMachine task thread for /0.0.0.0:35007 - 0 ] INFO  ipc.Client (Client.java:handleConnectionFailure(977)) - Retrying connect to server: 0.0.0.0/0.0.0.0:35007. Already tried 14 time(s); retry policy is RetryUpToMaximumCountWithFixedSleep(maxRetries=15, sleepTime=1000 MILLISECONDS)
2022-02-01 01:15:38,359 [EndpointStateMachine task thread for /0.0.0.0:35007 - 0 ] WARN  statemachine.EndpointStateMachine (EndpointStateMachine.java:logIfNeeded(236)) - Unable to communicate to SCM server at 0.0.0.0:35007 for past 0 seconds.
java.net.ConnectException: Your endpoint configuration is wrong; For more details see:  http://wiki.apache.org/hadoop/UnsetHostnameOrPort
	at sun.reflect.NativeConstructorAccessorImpl.newInstance0(Native Method)
	at sun.reflect.NativeConstructorAccessorImpl.newInstance(NativeConstructorAccessorImpl.java:62)
	at sun.reflect.DelegatingConstructorAccessorImpl.newInstance(DelegatingConstructorAccessorImpl.java:45)
	at java.lang.reflect.Constructor.newInstance(Constructor.java:423)
	at org.apache.hadoop.net.NetUtils.wrapWithMessage(NetUtils.java:913)
	at org.apache.hadoop.net.NetUtils.wrapException(NetUtils.java:824)
	at org.apache.hadoop.ipc.Client.getRpcResponse(Client.java:1577)
	at org.apache.hadoop.ipc.Client.call(Client.java:1519)
	at org.apache.hadoop.ipc.Client.call(Client.java:1416)
	at org.apache.hadoop.ipc.ProtobufRpcEngine$Invoker.invoke(ProtobufRpcEngine.java:236)
	at org.apache.hadoop.ipc.ProtobufRpcEngine$Invoker.invoke(ProtobufRpcEngine.java:123)
	at com.sun.proxy.$Proxy49.submitRequest(Unknown Source)
	at org.apache.hadoop.ozone.protocolPB.StorageContainerDatanodeProtocolClientSideTranslatorPB.submitRequest(StorageContainerDatanodeProtocolClientSideTranslatorPB.java:117)
	at org.apache.hadoop.ozone.protocolPB.StorageContainerDatanodeProtocolClientSideTranslatorPB.sendHeartbeat(StorageContainerDatanodeProtocolClientSideTranslatorPB.java:149)
	at org.apache.hadoop.ozone.container.common.states.endpoint.HeartbeatEndpointTask.call(HeartbeatEndpointTask.java:179)
	at org.apache.hadoop.ozone.container.common.states.endpoint.HeartbeatEndpointTask.call(HeartbeatEndpointTask.java:82)
	at java.util.concurrent.FutureTask.run(FutureTask.java:266)
	at java.util.concurrent.ThreadPoolExecutor.runWorker(ThreadPoolExecutor.java:1149)
	at java.util.concurrent.ThreadPoolExecutor$Worker.run(ThreadPoolExecutor.java:624)
	at java.lang.Thread.run(Thread.java:748)
Caused by: java.net.ConnectException: Connection refused
	at sun.nio.ch.SocketChannelImpl.checkConnect(Native Method)
	at sun.nio.ch.SocketChannelImpl.finishConnect(SocketChannelImpl.java:716)
	at org.apache.hadoop.net.SocketIOWithTimeout.connect(SocketIOWithTimeout.java:206)
	at org.apache.hadoop.net.NetUtils.connect(NetUtils.java:586)
	at org.apache.hadoop.ipc.Client$Connection.setupConnection(Client.java:701)
	at org.apache.hadoop.ipc.Client$Connection.setupIOstreams(Client.java:822)
	at org.apache.hadoop.ipc.Client$Connection.access$3800(Client.java:414)
	at org.apache.hadoop.ipc.Client.getConnection(Client.java:1647)
	at org.apache.hadoop.ipc.Client.call(Client.java:1463)
	... 12 more
2022-02-01 01:15:39,263 [grpc-default-executor-3] WARN  server.GrpcLogAppender (LogUtils.java:warn(122)) - aad00493-843f-40cd-b56e-bcb32a0b843f@group-56FEA48B3F6C->08f587f6-d3d0-450e-bf31-fc9adbdb5c63-AppendLogResponseHandler: Failed appendEntries: org.apache.ratis.thirdparty.io.grpc.StatusRuntimeException: UNAVAILABLE: io exception
2022-02-01 01:15:39,264 [grpc-default-executor-3] WARN  server.GrpcLogAppender (GrpcLogAppender.java:resetClient(110)) - aad00493-843f-40cd-b56e-bcb32a0b843f@group-56FEA48B3F6C->08f587f6-d3d0-450e-bf31-fc9adbdb5c63-GrpcLogAppender: Leader has not got in touch with Follower aad00493-843f-40cd-b56e-bcb32a0b843f@group-56FEA48B3F6C->08f587f6-d3d0-450e-bf31-fc9adbdb5c63(c0,m0,n1, attendVote=true, lastRpcSendTime=2505, lastRpcResponseTime=12549) yet, just keep nextIndex unchanged and retry.
2022-02-01 01:15:39,361 [EndpointStateMachine task thread for /0.0.0.0:35007 - 0 ] INFO  ipc.Client (Client.java:handleConnectionFailure(977)) - Retrying connect to server: 0.0.0.0/0.0.0.0:35007. Already tried 0 time(s); retry policy is RetryUpToMaximumCountWithFixedSleep(maxRetries=15, sleepTime=1000 MILLISECONDS)
2022-02-01 01:15:40,362 [EndpointStateMachine task thread for /0.0.0.0:35007 - 0 ] INFO  ipc.Client (Client.java:handleConnectionFailure(977)) - Retrying connect to server: 0.0.0.0/0.0.0.0:35007. Already tried 1 time(s); retry policy is RetryUpToMaximumCountWithFixedSleep(maxRetries=15, sleepTime=1000 MILLISECONDS)
2022-02-01 01:15:41,363 [EndpointStateMachine task thread for /0.0.0.0:35007 - 0 ] INFO  ipc.Client (Client.java:handleConnectionFailure(977)) - Retrying connect to server: 0.0.0.0/0.0.0.0:35007. Already tried 2 time(s); retry policy is RetryUpToMaximumCountWithFixedSleep(maxRetries=15, sleepTime=1000 MILLISECONDS)
2022-02-01 01:15:41,767 [grpc-default-executor-3] WARN  server.GrpcLogAppender (LogUtils.java:warn(122)) - aad00493-843f-40cd-b56e-bcb32a0b843f@group-56FEA48B3F6C->08f587f6-d3d0-450e-bf31-fc9adbdb5c63-AppendLogResponseHandler: Failed appendEntries: org.apache.ratis.thirdparty.io.grpc.StatusRuntimeException: UNAVAILABLE: io exception
2022-02-01 01:15:41,768 [grpc-default-executor-3] WARN  server.GrpcLogAppender (GrpcLogAppender.java:resetClient(110)) - aad00493-843f-40cd-b56e-bcb32a0b843f@group-56FEA48B3F6C->08f587f6-d3d0-450e-bf31-fc9adbdb5c63-GrpcLogAppender: Leader has not got in touch with Follower aad00493-843f-40cd-b56e-bcb32a0b843f@group-56FEA48B3F6C->08f587f6-d3d0-450e-bf31-fc9adbdb5c63(c0,m0,n1, attendVote=true, lastRpcSendTime=0, lastRpcResponseTime=15052) yet, just keep nextIndex unchanged and retry.
2022-02-01 01:15:42,364 [EndpointStateMachine task thread for /0.0.0.0:35007 - 0 ] INFO  ipc.Client (Client.java:handleConnectionFailure(977)) - Retrying connect to server: 0.0.0.0/0.0.0.0:35007. Already tried 3 time(s); retry policy is RetryUpToMaximumCountWithFixedSleep(maxRetries=15, sleepTime=1000 MILLISECONDS)
2022-02-01 01:15:43,364 [EndpointStateMachine task thread for /0.0.0.0:35007 - 0 ] INFO  ipc.Client (Client.java:handleConnectionFailure(977)) - Retrying connect to server: 0.0.0.0/0.0.0.0:35007. Already tried 4 time(s); retry policy is RetryUpToMaximumCountWithFixedSleep(maxRetries=15, sleepTime=1000 MILLISECONDS)
2022-02-01 01:15:44,268 [grpc-default-executor-3] WARN  server.GrpcLogAppender (LogUtils.java:warn(122)) - aad00493-843f-40cd-b56e-bcb32a0b843f@group-56FEA48B3F6C->08f587f6-d3d0-450e-bf31-fc9adbdb5c63-AppendLogResponseHandler: Failed appendEntries: org.apache.ratis.thirdparty.io.grpc.StatusRuntimeException: UNAVAILABLE: io exception
2022-02-01 01:15:44,269 [grpc-default-executor-3] WARN  server.GrpcLogAppender (GrpcLogAppender.java:resetClient(110)) - aad00493-843f-40cd-b56e-bcb32a0b843f@group-56FEA48B3F6C->08f587f6-d3d0-450e-bf31-fc9adbdb5c63-GrpcLogAppender: Leader has not got in touch with Follower aad00493-843f-40cd-b56e-bcb32a0b843f@group-56FEA48B3F6C->08f587f6-d3d0-450e-bf31-fc9adbdb5c63(c0,m0,n1, attendVote=true, lastRpcSendTime=2502, lastRpcResponseTime=17553) yet, just keep nextIndex unchanged and retry.
2022-02-01 01:15:44,365 [EndpointStateMachine task thread for /0.0.0.0:35007 - 0 ] INFO  ipc.Client (Client.java:handleConnectionFailure(977)) - Retrying connect to server: 0.0.0.0/0.0.0.0:35007. Already tried 5 time(s); retry policy is RetryUpToMaximumCountWithFixedSleep(maxRetries=15, sleepTime=1000 MILLISECONDS)
2022-02-01 01:15:45,366 [EndpointStateMachine task thread for /0.0.0.0:35007 - 0 ] INFO  ipc.Client (Client.java:handleConnectionFailure(977)) - Retrying connect to server: 0.0.0.0/0.0.0.0:35007. Already tried 6 time(s); retry policy is RetryUpToMaximumCountWithFixedSleep(maxRetries=15, sleepTime=1000 MILLISECONDS)
2022-02-01 01:15:46,366 [EndpointStateMachine task thread for /0.0.0.0:35007 - 0 ] INFO  ipc.Client (Client.java:handleConnectionFailure(977)) - Retrying connect to server: 0.0.0.0/0.0.0.0:35007. Already tried 7 time(s); retry policy is RetryUpToMaximumCountWithFixedSleep(maxRetries=15, sleepTime=1000 MILLISECONDS)
2022-02-01 01:15:46,777 [grpc-default-executor-3] WARN  server.GrpcLogAppender (LogUtils.java:warn(122)) - aad00493-843f-40cd-b56e-bcb32a0b843f@group-56FEA48B3F6C->08f587f6-d3d0-450e-bf31-fc9adbdb5c63-AppendLogResponseHandler: Failed appendEntries: org.apache.ratis.thirdparty.io.grpc.StatusRuntimeException: UNAVAILABLE: io exception
2022-02-01 01:15:46,778 [grpc-default-executor-3] WARN  server.GrpcLogAppender (GrpcLogAppender.java:resetClient(110)) - aad00493-843f-40cd-b56e-bcb32a0b843f@group-56FEA48B3F6C->08f587f6-d3d0-450e-bf31-fc9adbdb5c63-GrpcLogAppender: Leader has not got in touch with Follower aad00493-843f-40cd-b56e-bcb32a0b843f@group-56FEA48B3F6C->08f587f6-d3d0-450e-bf31-fc9adbdb5c63(c0,m0,n1, attendVote=true, lastRpcSendTime=0, lastRpcResponseTime=20063) yet, just keep nextIndex unchanged and retry.
2022-02-01 01:15:47,367 [EndpointStateMachine task thread for /0.0.0.0:35007 - 0 ] INFO  ipc.Client (Client.java:handleConnectionFailure(977)) - Retrying connect to server: 0.0.0.0/0.0.0.0:35007. Already tried 8 time(s); retry policy is RetryUpToMaximumCountWithFixedSleep(maxRetries=15, sleepTime=1000 MILLISECONDS)
2022-02-01 01:15:48,368 [EndpointStateMachine task thread for /0.0.0.0:35007 - 0 ] INFO  ipc.Client (Client.java:handleConnectionFailure(977)) - Retrying connect to server: 0.0.0.0/0.0.0.0:35007. Already tried 9 time(s); retry policy is RetryUpToMaximumCountWithFixedSleep(maxRetries=15, sleepTime=1000 MILLISECONDS)
2022-02-01 01:15:49,283 [grpc-default-executor-3] WARN  server.GrpcLogAppender (LogUtils.java:warn(122)) - aad00493-843f-40cd-b56e-bcb32a0b843f@group-56FEA48B3F6C->08f587f6-d3d0-450e-bf31-fc9adbdb5c63-AppendLogResponseHandler: Failed appendEntries: org.apache.ratis.thirdparty.io.grpc.StatusRuntimeException: UNAVAILABLE: io exception
2022-02-01 01:15:49,284 [grpc-default-executor-3] WARN  server.GrpcLogAppender (GrpcLogAppender.java:resetClient(110)) - aad00493-843f-40cd-b56e-bcb32a0b843f@group-56FEA48B3F6C->08f587f6-d3d0-450e-bf31-fc9adbdb5c63-GrpcLogAppender: Leader has not got in touch with Follower aad00493-843f-40cd-b56e-bcb32a0b843f@group-56FEA48B3F6C->08f587f6-d3d0-450e-bf31-fc9adbdb5c63(c0,m0,n1, attendVote=true, lastRpcSendTime=2506, lastRpcResponseTime=22568) yet, just keep nextIndex unchanged and retry.
2022-02-01 01:15:49,369 [EndpointStateMachine task thread for /0.0.0.0:35007 - 0 ] INFO  ipc.Client (Client.java:handleConnectionFailure(977)) - Retrying connect to server: 0.0.0.0/0.0.0.0:35007. Already tried 10 time(s); retry policy is RetryUpToMaximumCountWithFixedSleep(maxRetries=15, sleepTime=1000 MILLISECONDS)
2022-02-01 01:15:50,369 [EndpointStateMachine task thread for /0.0.0.0:35007 - 0 ] INFO  ipc.Client (Client.java:handleConnectionFailure(977)) - Retrying connect to server: 0.0.0.0/0.0.0.0:35007. Already tried 11 time(s); retry policy is RetryUpToMaximumCountWithFixedSleep(maxRetries=15, sleepTime=1000 MILLISECONDS)
2022-02-01 01:15:51,370 [EndpointStateMachine task thread for /0.0.0.0:35007 - 0 ] INFO  ipc.Client (Client.java:handleConnectionFailure(977)) - Retrying connect to server: 0.0.0.0/0.0.0.0:35007. Already tried 12 time(s); retry policy is RetryUpToMaximumCountWithFixedSleep(maxRetries=15, sleepTime=1000 MILLISECONDS)
2022-02-01 01:15:51,805 [grpc-default-executor-3] WARN  server.GrpcLogAppender (LogUtils.java:warn(122)) - aad00493-843f-40cd-b56e-bcb32a0b843f@group-56FEA48B3F6C->08f587f6-d3d0-450e-bf31-fc9adbdb5c63-AppendLogResponseHandler: Failed appendEntries: org.apache.ratis.thirdparty.io.grpc.StatusRuntimeException: UNAVAILABLE: io exception
2022-02-01 01:15:51,806 [grpc-default-executor-3] WARN  server.GrpcLogAppender (GrpcLogAppender.java:resetClient(110)) - aad00493-843f-40cd-b56e-bcb32a0b843f@group-56FEA48B3F6C->08f587f6-d3d0-450e-bf31-fc9adbdb5c63-GrpcLogAppender: Leader has not got in touch with Follower aad00493-843f-40cd-b56e-bcb32a0b843f@group-56FEA48B3F6C->08f587f6-d3d0-450e-bf31-fc9adbdb5c63(c0,m0,n1, attendVote=true, lastRpcSendTime=2510, lastRpcResponseTime=25090) yet, just keep nextIndex unchanged and retry.
2022-02-01 01:15:52,371 [EndpointStateMachine task thread for /0.0.0.0:35007 - 0 ] INFO  ipc.Client (Client.java:handleConnectionFailure(977)) - Retrying connect to server: 0.0.0.0/0.0.0.0:35007. Already tried 13 time(s); retry policy is RetryUpToMaximumCountWithFixedSleep(maxRetries=15, sleepTime=1000 MILLISECONDS)
2022-02-01 01:15:53,081 [Time-limited test] INFO  ozone.MiniOzoneClusterImpl (MiniOzoneClusterImpl.java:shutdown(437)) - Shutting down the Mini Ozone Cluster
2022-02-01 01:15:53,081 [Time-limited test] INFO  ozone.MiniOzoneClusterImpl (MiniOzoneClusterImpl.java:stop(452)) - Stopping the Mini Ozone Cluster
2022-02-01 01:15:53,081 [Time-limited test] INFO  ozone.MiniOzoneClusterImpl (MiniOzoneClusterImpl.java:stopOM(534)) - Stopping the OzoneManager
2022-02-01 01:15:53,081 [Time-limited test] INFO  om.OzoneManager (OzoneManager.java:stop(1893)) - om1[localhost:0]: Stopping Ozone Manager
2022-02-01 01:15:53,082 [Time-limited test] INFO  ipc.Server (Server.java:stop(3414)) - Stopping server on 34793
2022-02-01 01:15:53,083 [IPC Server listener on 0] INFO  ipc.Server (Server.java:run(1376)) - Stopping IPC Server listener on 0
2022-02-01 01:15:53,092 [Time-limited test] INFO  server.RaftServer (RaftServerProxy.java:lambda$close$6(391)) - om1: close
2022-02-01 01:15:53,104 [Time-limited test] INFO  server.RaftServer$Division (RaftServerImpl.java:lambda$close$4(412)) - om1@group-C5BA1605619E: shutdown
2022-02-01 01:15:53,104 [Time-limited test] INFO  util.JmxRegister (JmxRegister.java:unregister(73)) - Successfully un-registered JMX Bean with object name Ratis:service=RaftServer,group=group-C5BA1605619E,id=om1
2022-02-01 01:15:53,104 [Time-limited test] INFO  impl.RoleInfo (RoleInfo.java:shutdownLeaderState(91)) - om1: shutdown om1@group-C5BA1605619E-LeaderStateImpl
2022-02-01 01:15:53,105 [Time-limited test] INFO  impl.PendingRequests (PendingRequests.java:sendNotLeaderResponses(282)) - om1@group-C5BA1605619E-PendingRequests: sendNotLeaderResponses
2022-02-01 01:15:53,105 [Time-limited test] INFO  impl.StateMachineUpdater (StateMachineUpdater.java:stopAndJoin(149)) - om1@group-C5BA1605619E-StateMachineUpdater: set stopIndex = 0
2022-02-01 01:15:53,107 [om1@group-C5BA1605619E-StateMachineUpdater] INFO  ratis.OzoneManagerStateMachine (OzoneManagerStateMachine.java:takeSnapshot(417)) - Current Snapshot Index (t:1, i:0)
2022-02-01 01:15:53,107 [om1@group-C5BA1605619E-StateMachineUpdater] INFO  impl.StateMachineUpdater (StateMachineUpdater.java:takeSnapshot(281)) - om1@group-C5BA1605619E-StateMachineUpdater: Took a snapshot at index 0
2022-02-01 01:15:53,107 [om1@group-C5BA1605619E-StateMachineUpdater] INFO  impl.StateMachineUpdater (StateMachineUpdater.java:lambda$new$0(89)) - om1@group-C5BA1605619E-StateMachineUpdater: snapshotIndex: updateIncreasingly -1 -> 0
2022-02-01 01:15:53,107 [om1@group-C5BA1605619E-StateMachineUpdater] INFO  ratis.OzoneManagerStateMachine (OzoneManagerStateMachine.java:close(471)) - StateMachine has shutdown. Shutdown OzoneManager if not already shutdown.
2022-02-01 01:15:53,107 [Time-limited test] INFO  server.RaftServer$Division (ServerState.java:close(419)) - om1@group-C5BA1605619E: closes. applyIndex: 0
2022-02-01 01:15:53,108 [IPC Server Responder] INFO  ipc.Server (Server.java:run(1512)) - Stopping IPC Server Responder
2022-02-01 01:15:53,108 [om1@group-C5BA1605619E-SegmentedRaftLogWorker] INFO  segmented.SegmentedRaftLogWorker (SegmentedRaftLogWorker.java:run(327)) - om1@group-C5BA1605619E-SegmentedRaftLogWorker was interrupted, exiting. There are 0 tasks remaining in the queue.
2022-02-01 01:15:53,109 [Time-limited test] INFO  segmented.SegmentedRaftLogWorker (SegmentedRaftLogWorker.java:close(237)) - om1@group-C5BA1605619E-SegmentedRaftLogWorker close()
2022-02-01 01:15:53,110 [Time-limited test] INFO  server.GrpcService (GrpcService.java:closeImpl(262)) - om1: shutdown server with port 9872 now
2022-02-01 01:15:53,117 [Time-limited test] INFO  server.GrpcService (GrpcService.java:closeImpl(271)) - om1: shutdown server with port 9872 successfully
2022-02-01 01:15:53,143 [org.apache.ratis.util.JvmPauseMonitor$$Lambda$431/1444001724@bac740b] INFO  util.JvmPauseMonitor (JvmPauseMonitor.java:run(109)) - JvmPauseMonitor-om1: Stopped
2022-02-01 01:15:53,143 [Time-limited test] INFO  ratis.OzoneManagerDoubleBuffer (OzoneManagerDoubleBuffer.java:stop(437)) - Stopping OMDoubleBuffer flush thread
2022-02-01 01:15:53,152 [OMDoubleBufferFlushThread] INFO  ratis.OzoneManagerDoubleBuffer (OzoneManagerDoubleBuffer.java:flushTransactions(356)) - OMDoubleBuffer flush thread OMDoubleBufferFlushThread is interrupted and will exit. OMDoubleBufferFlushThread
2022-02-01 01:15:53,152 [Time-limited test] INFO  utils.BackgroundService (BackgroundService.java:shutdown(132)) - Shutting down service KeyDeletingService
2022-02-01 01:15:53,152 [Time-limited test] INFO  utils.BackgroundService (BackgroundService.java:shutdown(132)) - Shutting down service DirectoryDeletingService
2022-02-01 01:15:53,154 [Time-limited test] INFO  handler.ContextHandler (ContextHandler.java:doStop(1153)) - Stopped o.e.j.w.WebAppContext@3cba9c47{ozoneManager,/,null,STOPPED}{file:/home/runner/work/ozone/ozone/hadoop-ozone/integration-test/target/test-classes/webapps/ozoneManager}
2022-02-01 01:15:53,155 [Time-limited test] INFO  server.AbstractConnector (AbstractConnector.java:doStop(381)) - Stopped ServerConnector@555d99d{HTTP/1.1, (http/1.1)}{0.0.0.0:0}
2022-02-01 01:15:53,155 [Time-limited test] INFO  server.session (HouseKeeper.java:stopScavenging(149)) - node0 Stopped scavenging
2022-02-01 01:15:53,156 [Time-limited test] INFO  handler.ContextHandler (ContextHandler.java:doStop(1153)) - Stopped o.e.j.s.ServletContextHandler@286d096e{static,/static,file:///home/runner/work/ozone/ozone/hadoop-ozone/integration-test/target/test-classes/webapps/static,STOPPED}
2022-02-01 01:15:53,156 [Time-limited test] INFO  handler.ContextHandler (ContextHandler.java:doStop(1153)) - Stopped o.e.j.s.ServletContextHandler@6558b20e{logs,/logs,file:///home/runner/work/ozone/ozone/hadoop-ozone/integration-test/target/log,STOPPED}
2022-02-01 01:15:53,172 [Time-limited test] INFO  ozone.MiniOzoneClusterImpl (MiniOzoneClusterImpl.java:stopDatanodes(511)) - Stopping the HddsDatanodes
2022-02-01 01:15:53,356 [Datanode State Machine Daemon Thread] WARN  statemachine.StateContext (StateContext.java:setState(249)) - Ignore disallowed transition from SHUTDOWN to RUNNING
2022-02-01 01:15:53,372 [EndpointStateMachine task thread for /0.0.0.0:35007 - 0 ] INFO  ipc.Client (Client.java:handleConnectionFailure(977)) - Retrying connect to server: 0.0.0.0/0.0.0.0:35007. Already tried 14 time(s); retry policy is RetryUpToMaximumCountWithFixedSleep(maxRetries=15, sleepTime=1000 MILLISECONDS)
2022-02-01 01:15:53,894 [Datanode State Machine Daemon Thread] WARN  statemachine.StateContext (StateContext.java:setState(249)) - Ignore disallowed transition from SHUTDOWN to RUNNING
2022-02-01 01:15:54,308 [grpc-default-executor-3] WARN  server.GrpcLogAppender (LogUtils.java:warn(122)) - aad00493-843f-40cd-b56e-bcb32a0b843f@group-56FEA48B3F6C->08f587f6-d3d0-450e-bf31-fc9adbdb5c63-AppendLogResponseHandler: Failed appendEntries: org.apache.ratis.thirdparty.io.grpc.StatusRuntimeException: UNAVAILABLE: io exception
2022-02-01 01:15:54,308 [grpc-default-executor-3] WARN  server.GrpcLogAppender (GrpcLogAppender.java:resetClient(110)) - aad00493-843f-40cd-b56e-bcb32a0b843f@group-56FEA48B3F6C->08f587f6-d3d0-450e-bf31-fc9adbdb5c63-GrpcLogAppender: Leader has not got in touch with Follower aad00493-843f-40cd-b56e-bcb32a0b843f@group-56FEA48B3F6C->08f587f6-d3d0-450e-bf31-fc9adbdb5c63(c0,m0,n1, attendVote=true, lastRpcSendTime=0, lastRpcResponseTime=27593) yet, just keep nextIndex unchanged and retry.
2022-02-01 01:15:54,373 [EndpointStateMachine task thread for /0.0.0.0:35007 - 0 ] INFO  ipc.Client (Client.java:handleConnectionFailure(977)) - Retrying connect to server: 0.0.0.0/0.0.0.0:35007. Already tried 0 time(s); retry policy is RetryUpToMaximumCountWithFixedSleep(maxRetries=15, sleepTime=1000 MILLISECONDS)
2022-02-01 01:15:55,374 [EndpointStateMachine task thread for /0.0.0.0:35007 - 0 ] INFO  ipc.Client (Client.java:handleConnectionFailure(977)) - Retrying connect to server: 0.0.0.0/0.0.0.0:35007. Already tried 1 time(s); retry policy is RetryUpToMaximumCountWithFixedSleep(maxRetries=15, sleepTime=1000 MILLISECONDS)
2022-02-01 01:15:56,375 [EndpointStateMachine task thread for /0.0.0.0:35007 - 0 ] INFO  ipc.Client (Client.java:handleConnectionFailure(977)) - Retrying connect to server: 0.0.0.0/0.0.0.0:35007. Already tried 2 time(s); retry policy is RetryUpToMaximumCountWithFixedSleep(maxRetries=15, sleepTime=1000 MILLISECONDS)
2022-02-01 01:15:56,809 [grpc-default-executor-3] WARN  server.GrpcLogAppender (LogUtils.java:warn(122)) - aad00493-843f-40cd-b56e-bcb32a0b843f@group-56FEA48B3F6C->08f587f6-d3d0-450e-bf31-fc9adbdb5c63-AppendLogResponseHandler: Failed appendEntries: org.apache.ratis.thirdparty.io.grpc.StatusRuntimeException: UNAVAILABLE: io exception
2022-02-01 01:15:56,810 [grpc-default-executor-3] WARN  server.GrpcLogAppender (GrpcLogAppender.java:resetClient(110)) - aad00493-843f-40cd-b56e-bcb32a0b843f@group-56FEA48B3F6C->08f587f6-d3d0-450e-bf31-fc9adbdb5c63-GrpcLogAppender: Leader has not got in touch with Follower aad00493-843f-40cd-b56e-bcb32a0b843f@group-56FEA48B3F6C->08f587f6-d3d0-450e-bf31-fc9adbdb5c63(c0,m0,n1, attendVote=true, lastRpcSendTime=0, lastRpcResponseTime=30095) yet, just keep nextIndex unchanged and retry.
2022-02-01 01:15:57,376 [EndpointStateMachine task thread for /0.0.0.0:35007 - 0 ] INFO  ipc.Client (Client.java:handleConnectionFailure(977)) - Retrying connect to server: 0.0.0.0/0.0.0.0:35007. Already tried 3 time(s); retry policy is RetryUpToMaximumCountWithFixedSleep(maxRetries=15, sleepTime=1000 MILLISECONDS)
2022-02-01 01:15:58,186 [Time-limited test] INFO  ozoneimpl.OzoneContainer (OzoneContainer.java:stop(336)) - Attempting to stop container services.
2022-02-01 01:15:58,187 [Time-limited test] INFO  server.RaftServer (RaftServerProxy.java:lambda$close$6(391)) - 39fc65de-49e5-4d05-a568-f4cf96421ecb: close
2022-02-01 01:15:58,187 [Time-limited test] INFO  server.RaftServer$Division (RaftServerImpl.java:lambda$close$4(412)) - 39fc65de-49e5-4d05-a568-f4cf96421ecb@group-59F78DEF6184: shutdown
2022-02-01 01:15:58,187 [Time-limited test] INFO  util.JmxRegister (JmxRegister.java:unregister(73)) - Successfully un-registered JMX Bean with object name Ratis:service=RaftServer,group=group-59F78DEF6184,id=39fc65de-49e5-4d05-a568-f4cf96421ecb
2022-02-01 01:15:58,187 [Time-limited test] INFO  impl.RoleInfo (RoleInfo.java:shutdownLeaderState(91)) - 39fc65de-49e5-4d05-a568-f4cf96421ecb: shutdown 39fc65de-49e5-4d05-a568-f4cf96421ecb@group-59F78DEF6184-LeaderStateImpl
2022-02-01 01:15:58,187 [Time-limited test] INFO  impl.PendingRequests (PendingRequests.java:sendNotLeaderResponses(282)) - 39fc65de-49e5-4d05-a568-f4cf96421ecb@group-59F78DEF6184-PendingRequests: sendNotLeaderResponses
2022-02-01 01:15:58,188 [39fc65de-49e5-4d05-a568-f4cf96421ecb@group-59F78DEF6184-StateMachineUpdater] INFO  ratis.ContainerStateMachine (ContainerStateMachine.java:takeSnapshot(299)) - group-59F78DEF6184: Taking a snapshot at:(t:1, i:0) file /home/runner/work/ozone/ozone/hadoop-ozone/integration-test/target/test-dir/MiniOzoneClusterImpl-72297f51-d642-4b09-97fa-35b2ed17483c/datanode-1/data/ratis/d37b6262-bc4d-477a-ad21-59f78def6184/sm/snapshot.1_0
2022-02-01 01:15:58,189 [Time-limited test] INFO  impl.StateMachineUpdater (StateMachineUpdater.java:stopAndJoin(149)) - 39fc65de-49e5-4d05-a568-f4cf96421ecb@group-59F78DEF6184-StateMachineUpdater: set stopIndex = 0
2022-02-01 01:15:58,190 [39fc65de-49e5-4d05-a568-f4cf96421ecb@group-59F78DEF6184-StateMachineUpdater] INFO  ratis.ContainerStateMachine (ContainerStateMachine.java:takeSnapshot(310)) - group-59F78DEF6184: Finished taking a snapshot at:(t:1, i:0) file:/home/runner/work/ozone/ozone/hadoop-ozone/integration-test/target/test-dir/MiniOzoneClusterImpl-72297f51-d642-4b09-97fa-35b2ed17483c/datanode-1/data/ratis/d37b6262-bc4d-477a-ad21-59f78def6184/sm/snapshot.1_0 took: 1 ms
2022-02-01 01:15:58,190 [39fc65de-49e5-4d05-a568-f4cf96421ecb@group-59F78DEF6184-StateMachineUpdater] INFO  impl.StateMachineUpdater (StateMachineUpdater.java:takeSnapshot(281)) - 39fc65de-49e5-4d05-a568-f4cf96421ecb@group-59F78DEF6184-StateMachineUpdater: Took a snapshot at index 0
2022-02-01 01:15:58,190 [39fc65de-49e5-4d05-a568-f4cf96421ecb@group-59F78DEF6184-StateMachineUpdater] INFO  impl.StateMachineUpdater (StateMachineUpdater.java:lambda$new$0(89)) - 39fc65de-49e5-4d05-a568-f4cf96421ecb@group-59F78DEF6184-StateMachineUpdater: snapshotIndex: updateIncreasingly -1 -> 0
2022-02-01 01:15:58,190 [Time-limited test] INFO  server.RaftServer$Division (ServerState.java:close(419)) - 39fc65de-49e5-4d05-a568-f4cf96421ecb@group-59F78DEF6184: closes. applyIndex: 0
2022-02-01 01:15:58,196 [39fc65de-49e5-4d05-a568-f4cf96421ecb@group-59F78DEF6184-SegmentedRaftLogWorker] INFO  segmented.SegmentedRaftLogWorker (SegmentedRaftLogWorker.java:run(327)) - 39fc65de-49e5-4d05-a568-f4cf96421ecb@group-59F78DEF6184-SegmentedRaftLogWorker was interrupted, exiting. There are 0 tasks remaining in the queue.
2022-02-01 01:15:58,203 [ForkJoinPool.commonPool-worker-1] INFO  ozoneimpl.OzoneContainer (OzoneContainer.java:stop(336)) - Attempting to stop container services.
2022-02-01 01:15:58,208 [Time-limited test] INFO  segmented.SegmentedRaftLogWorker (SegmentedRaftLogWorker.java:close(237)) - 39fc65de-49e5-4d05-a568-f4cf96421ecb@group-59F78DEF6184-SegmentedRaftLogWorker close()
2022-02-01 01:15:58,209 [Time-limited test] INFO  server.RaftServer$Division (RaftServerImpl.java:lambda$close$4(412)) - 39fc65de-49e5-4d05-a568-f4cf96421ecb@group-56FEA48B3F6C: shutdown
2022-02-01 01:15:58,209 [Time-limited test] INFO  util.JmxRegister (JmxRegister.java:unregister(73)) - Successfully un-registered JMX Bean with object name Ratis:service=RaftServer,group=group-56FEA48B3F6C,id=39fc65de-49e5-4d05-a568-f4cf96421ecb
2022-02-01 01:15:58,209 [Time-limited test] INFO  impl.RoleInfo (RoleInfo.java:shutdownFollowerState(108)) - 39fc65de-49e5-4d05-a568-f4cf96421ecb: shutdown 39fc65de-49e5-4d05-a568-f4cf96421ecb@group-56FEA48B3F6C-FollowerState
2022-02-01 01:15:58,209 [Time-limited test] INFO  impl.StateMachineUpdater (StateMachineUpdater.java:stopAndJoin(149)) - 39fc65de-49e5-4d05-a568-f4cf96421ecb@group-56FEA48B3F6C-StateMachineUpdater: set stopIndex = 0
2022-02-01 01:15:58,209 [39fc65de-49e5-4d05-a568-f4cf96421ecb@group-56FEA48B3F6C-FollowerState] INFO  impl.FollowerState (FollowerState.java:run(143)) - 39fc65de-49e5-4d05-a568-f4cf96421ecb@group-56FEA48B3F6C-FollowerState was interrupted: {}
java.lang.InterruptedException: sleep interrupted
	at java.lang.Thread.sleep(Native Method)
	at java.lang.Thread.sleep(Thread.java:340)
	at java.util.concurrent.TimeUnit.sleep(TimeUnit.java:386)
	at org.apache.ratis.util.TimeDuration.sleep(TimeDuration.java:324)
	at org.apache.ratis.util.TimeDuration.sleep(TimeDuration.java:309)
	at org.apache.ratis.server.impl.FollowerState.run(FollowerState.java:118)
2022-02-01 01:15:58,210 [39fc65de-49e5-4d05-a568-f4cf96421ecb@group-56FEA48B3F6C-StateMachineUpdater] INFO  ratis.ContainerStateMachine (ContainerStateMachine.java:takeSnapshot(299)) - group-56FEA48B3F6C: Taking a snapshot at:(t:9, i:0) file /home/runner/work/ozone/ozone/hadoop-ozone/integration-test/target/test-dir/MiniOzoneClusterImpl-72297f51-d642-4b09-97fa-35b2ed17483c/datanode-1/data/ratis/83e78062-305b-4234-a63d-56fea48b3f6c/sm/snapshot.9_0
2022-02-01 01:15:58,210 [ForkJoinPool.commonPool-worker-1] INFO  utils.BackgroundService (BackgroundService.java:shutdown(132)) - Shutting down service BlockDeletingService
2022-02-01 01:15:58,236 [39fc65de-49e5-4d05-a568-f4cf96421ecb@group-56FEA48B3F6C-StateMachineUpdater] INFO  ratis.ContainerStateMachine (ContainerStateMachine.java:takeSnapshot(310)) - group-56FEA48B3F6C: Finished taking a snapshot at:(t:9, i:0) file:/home/runner/work/ozone/ozone/hadoop-ozone/integration-test/target/test-dir/MiniOzoneClusterImpl-72297f51-d642-4b09-97fa-35b2ed17483c/datanode-1/data/ratis/83e78062-305b-4234-a63d-56fea48b3f6c/sm/snapshot.9_0 took: 26 ms
2022-02-01 01:15:58,236 [39fc65de-49e5-4d05-a568-f4cf96421ecb@group-56FEA48B3F6C-StateMachineUpdater] INFO  impl.StateMachineUpdater (StateMachineUpdater.java:takeSnapshot(281)) - 39fc65de-49e5-4d05-a568-f4cf96421ecb@group-56FEA48B3F6C-StateMachineUpdater: Took a snapshot at index 0
2022-02-01 01:15:58,236 [39fc65de-49e5-4d05-a568-f4cf96421ecb@group-56FEA48B3F6C-StateMachineUpdater] INFO  impl.StateMachineUpdater (StateMachineUpdater.java:lambda$new$0(89)) - 39fc65de-49e5-4d05-a568-f4cf96421ecb@group-56FEA48B3F6C-StateMachineUpdater: snapshotIndex: updateIncreasingly -1 -> 0
2022-02-01 01:15:58,237 [Time-limited test] INFO  server.RaftServer$Division (ServerState.java:close(419)) - 39fc65de-49e5-4d05-a568-f4cf96421ecb@group-56FEA48B3F6C: closes. applyIndex: 0
2022-02-01 01:15:58,238 [39fc65de-49e5-4d05-a568-f4cf96421ecb@group-56FEA48B3F6C-SegmentedRaftLogWorker] INFO  segmented.SegmentedRaftLogWorker (SegmentedRaftLogWorker.java:run(327)) - 39fc65de-49e5-4d05-a568-f4cf96421ecb@group-56FEA48B3F6C-SegmentedRaftLogWorker was interrupted, exiting. There are 0 tasks remaining in the queue.
2022-02-01 01:15:58,239 [Time-limited test] INFO  segmented.SegmentedRaftLogWorker (SegmentedRaftLogWorker.java:close(237)) - 39fc65de-49e5-4d05-a568-f4cf96421ecb@group-56FEA48B3F6C-SegmentedRaftLogWorker close()
2022-02-01 01:15:58,240 [Time-limited test] INFO  server.GrpcService (GrpcService.java:closeImpl(262)) - 39fc65de-49e5-4d05-a568-f4cf96421ecb: shutdown server with port 44069 now
2022-02-01 01:15:58,247 [grpc-default-executor-2] WARN  server.GrpcServerProtocolService (LogUtils.java:warn(122)) - 39fc65de-49e5-4d05-a568-f4cf96421ecb: installSnapshot onError, lastRequest: aad00493-843f-40cd-b56e-bcb32a0b843f->39fc65de-49e5-4d05-a568-f4cf96421ecb#1-t9,previous=(t:0, i:0),leaderCommit=0,initializing? true,entries: size=1, first=(t:9, i:0), CONFIGURATIONENTRY: org.apache.ratis.thirdparty.io.grpc.StatusRuntimeException: CANCELLED: client cancelled
2022-02-01 01:15:58,248 [Time-limited test] INFO  server.GrpcService (GrpcService.java:closeImpl(271)) - 39fc65de-49e5-4d05-a568-f4cf96421ecb: shutdown server with port 44069 successfully
2022-02-01 01:15:58,248 [org.apache.ratis.util.JvmPauseMonitor$$Lambda$431/1444001724@456baa4] INFO  util.JvmPauseMonitor (JvmPauseMonitor.java:run(109)) - JvmPauseMonitor-39fc65de-49e5-4d05-a568-f4cf96421ecb: Stopped
2022-02-01 01:15:58,248 [grpc-default-executor-1] WARN  server.GrpcLogAppender (LogUtils.java:warn(122)) - aad00493-843f-40cd-b56e-bcb32a0b843f@group-56FEA48B3F6C->39fc65de-49e5-4d05-a568-f4cf96421ecb-AppendLogResponseHandler: Failed appendEntries: org.apache.ratis.thirdparty.io.grpc.StatusRuntimeException: CANCELLED: HTTP/2 error code: CANCEL
Received Rst Stream
2022-02-01 01:15:58,248 [grpc-default-executor-1] WARN  server.GrpcLogAppender (GrpcLogAppender.java:resetClient(110)) - aad00493-843f-40cd-b56e-bcb32a0b843f@group-56FEA48B3F6C->39fc65de-49e5-4d05-a568-f4cf96421ecb-GrpcLogAppender: Leader has not got in touch with Follower aad00493-843f-40cd-b56e-bcb32a0b843f@group-56FEA48B3F6C->39fc65de-49e5-4d05-a568-f4cf96421ecb(c0,m0,n1, attendVote=true, lastRpcSendTime=1346, lastRpcResponseTime=1338) yet, just keep nextIndex unchanged and retry.
2022-02-01 01:15:58,376 [EndpointStateMachine task thread for /0.0.0.0:35007 - 0 ] INFO  ipc.Client (Client.java:handleConnectionFailure(977)) - Retrying connect to server: 0.0.0.0/0.0.0.0:35007. Already tried 4 time(s); retry policy is RetryUpToMaximumCountWithFixedSleep(maxRetries=15, sleepTime=1000 MILLISECONDS)
2022-02-01 01:15:59,320 [grpc-default-executor-2] WARN  server.GrpcLogAppender (LogUtils.java:warn(122)) - aad00493-843f-40cd-b56e-bcb32a0b843f@group-56FEA48B3F6C->08f587f6-d3d0-450e-bf31-fc9adbdb5c63-AppendLogResponseHandler: Failed appendEntries: org.apache.ratis.thirdparty.io.grpc.StatusRuntimeException: UNAVAILABLE: io exception
2022-02-01 01:15:59,320 [grpc-default-executor-2] WARN  server.GrpcLogAppender (GrpcLogAppender.java:resetClient(110)) - aad00493-843f-40cd-b56e-bcb32a0b843f@group-56FEA48B3F6C->08f587f6-d3d0-450e-bf31-fc9adbdb5c63-GrpcLogAppender: Leader has not got in touch with Follower aad00493-843f-40cd-b56e-bcb32a0b843f@group-56FEA48B3F6C->08f587f6-d3d0-450e-bf31-fc9adbdb5c63(c0,m0,n1, attendVote=true, lastRpcSendTime=3, lastRpcResponseTime=32605) yet, just keep nextIndex unchanged and retry.
2022-02-01 01:15:59,377 [EndpointStateMachine task thread for /0.0.0.0:35007 - 0 ] INFO  ipc.Client (Client.java:handleConnectionFailure(977)) - Retrying connect to server: 0.0.0.0/0.0.0.0:35007. Already tried 5 time(s); retry policy is RetryUpToMaximumCountWithFixedSleep(maxRetries=15, sleepTime=1000 MILLISECONDS)
2022-02-01 01:15:59,460 [grpc-default-executor-2] WARN  server.GrpcLogAppender (LogUtils.java:warn(122)) - aad00493-843f-40cd-b56e-bcb32a0b843f@group-56FEA48B3F6C->39fc65de-49e5-4d05-a568-f4cf96421ecb-AppendLogResponseHandler: Failed appendEntries: org.apache.ratis.thirdparty.io.grpc.StatusRuntimeException: UNAVAILABLE: io exception
2022-02-01 01:15:59,461 [grpc-default-executor-2] WARN  server.GrpcLogAppender (GrpcLogAppender.java:resetClient(110)) - aad00493-843f-40cd-b56e-bcb32a0b843f@group-56FEA48B3F6C->39fc65de-49e5-4d05-a568-f4cf96421ecb-GrpcLogAppender: Leader has not got in touch with Follower aad00493-843f-40cd-b56e-bcb32a0b843f@group-56FEA48B3F6C->39fc65de-49e5-4d05-a568-f4cf96421ecb(c0,m0,n1, attendVote=true, lastRpcSendTime=0, lastRpcResponseTime=2551) yet, just keep nextIndex unchanged and retry.
2022-02-01 01:16:00,326 [Time-limited test] INFO  utils.BackgroundService (BackgroundService.java:shutdown(132)) - Shutting down service BlockDeletingService
2022-02-01 01:16:00,378 [EndpointStateMachine task thread for /0.0.0.0:35007 - 0 ] INFO  ipc.Client (Client.java:handleConnectionFailure(977)) - Retrying connect to server: 0.0.0.0/0.0.0.0:35007. Already tried 6 time(s); retry policy is RetryUpToMaximumCountWithFixedSleep(maxRetries=15, sleepTime=1000 MILLISECONDS)
2022-02-01 01:16:01,220 [ForkJoinPool.commonPool-worker-1] INFO  statemachine.DatanodeStateMachine (DatanodeStateMachine.java:stopDaemon(529)) - Ozone container server stopped.
2022-02-01 01:16:01,272 [ForkJoinPool.commonPool-worker-1] INFO  handler.ContextHandler (ContextHandler.java:doStop(1153)) - Stopped o.e.j.w.WebAppContext@5860b246{hddsDatanode,/,null,STOPPED}{jar:file:/home/runner/.m2/repository/org/apache/ozone/hdds-container-service/1.3.0-SNAPSHOT/hdds-container-service-1.3.0-SNAPSHOT.jar!/webapps/hddsDatanode}
2022-02-01 01:16:01,272 [ForkJoinPool.commonPool-worker-1] INFO  server.AbstractConnector (AbstractConnector.java:doStop(381)) - Stopped ServerConnector@55e2e4e{HTTP/1.1, (http/1.1)}{0.0.0.0:43099}
2022-02-01 01:16:01,273 [ForkJoinPool.commonPool-worker-1] INFO  server.session (HouseKeeper.java:stopScavenging(149)) - node0 Stopped scavenging
2022-02-01 01:16:01,287 [ForkJoinPool.commonPool-worker-1] INFO  handler.ContextHandler (ContextHandler.java:doStop(1153)) - Stopped o.e.j.s.ServletContextHandler@4a74d1f5{static,/static,jar:file:/home/runner/.m2/repository/org/apache/ozone/hdds-container-service/1.3.0-SNAPSHOT/hdds-container-service-1.3.0-SNAPSHOT.jar!/webapps/static,STOPPED}
2022-02-01 01:16:01,299 [ForkJoinPool.commonPool-worker-1] INFO  handler.ContextHandler (ContextHandler.java:doStop(1153)) - Stopped o.e.j.s.ServletContextHandler@5900bb5b{logs,/logs,file:///home/runner/work/ozone/ozone/hadoop-ozone/integration-test/target/log,STOPPED}
2022-02-01 01:16:01,379 [EndpointStateMachine task thread for /0.0.0.0:35007 - 0 ] INFO  ipc.Client (Client.java:handleConnectionFailure(977)) - Retrying connect to server: 0.0.0.0/0.0.0.0:35007. Already tried 7 time(s); retry policy is RetryUpToMaximumCountWithFixedSleep(maxRetries=15, sleepTime=1000 MILLISECONDS)
2022-02-01 01:16:01,548 [Datanode State Machine Daemon Thread] WARN  statemachine.StateContext (StateContext.java:setState(249)) - Ignore disallowed transition from SHUTDOWN to RUNNING
2022-02-01 01:16:01,818 [grpc-default-executor-2] WARN  server.GrpcLogAppender (LogUtils.java:warn(122)) - aad00493-843f-40cd-b56e-bcb32a0b843f@group-56FEA48B3F6C->08f587f6-d3d0-450e-bf31-fc9adbdb5c63-AppendLogResponseHandler: Failed appendEntries: org.apache.ratis.thirdparty.io.grpc.StatusRuntimeException: UNAVAILABLE: io exception
2022-02-01 01:16:01,819 [grpc-default-executor-2] WARN  server.GrpcLogAppender (GrpcLogAppender.java:resetClient(110)) - aad00493-843f-40cd-b56e-bcb32a0b843f@group-56FEA48B3F6C->08f587f6-d3d0-450e-bf31-fc9adbdb5c63-GrpcLogAppender: Leader has not got in touch with Follower aad00493-843f-40cd-b56e-bcb32a0b843f@group-56FEA48B3F6C->08f587f6-d3d0-450e-bf31-fc9adbdb5c63(c0,m0,n1, attendVote=true, lastRpcSendTime=0, lastRpcResponseTime=35103) yet, just keep nextIndex unchanged and retry.
2022-02-01 01:16:01,962 [grpc-default-executor-2] WARN  server.GrpcLogAppender (LogUtils.java:warn(122)) - aad00493-843f-40cd-b56e-bcb32a0b843f@group-56FEA48B3F6C->39fc65de-49e5-4d05-a568-f4cf96421ecb-AppendLogResponseHandler: Failed appendEntries: org.apache.ratis.thirdparty.io.grpc.StatusRuntimeException: UNAVAILABLE: io exception
2022-02-01 01:16:01,963 [grpc-default-executor-2] WARN  server.GrpcLogAppender (GrpcLogAppender.java:resetClient(110)) - aad00493-843f-40cd-b56e-bcb32a0b843f@group-56FEA48B3F6C->39fc65de-49e5-4d05-a568-f4cf96421ecb-GrpcLogAppender: Leader has not got in touch with Follower aad00493-843f-40cd-b56e-bcb32a0b843f@group-56FEA48B3F6C->39fc65de-49e5-4d05-a568-f4cf96421ecb(c0,m0,n1, attendVote=true, lastRpcSendTime=0, lastRpcResponseTime=5053) yet, just keep nextIndex unchanged and retry.
2022-02-01 01:16:02,379 [EndpointStateMachine task thread for /0.0.0.0:35007 - 0 ] INFO  ipc.Client (Client.java:handleConnectionFailure(977)) - Retrying connect to server: 0.0.0.0/0.0.0.0:35007. Already tried 8 time(s); retry policy is RetryUpToMaximumCountWithFixedSleep(maxRetries=15, sleepTime=1000 MILLISECONDS)
2022-02-01 01:16:03,204 [aad00493-843f-40cd-b56e-bcb32a0b843f@group-56FEA48B3F6C-LeaderStateImpl] WARN  server.RaftServer$Division (LeaderStateImpl.java:checkLeadership(974)) - aad00493-843f-40cd-b56e-bcb32a0b843f@group-56FEA48B3F6C-LeaderStateImpl: Lost leadership on term: 9. Election timeout: 5200ms. In charge for: 41678ms. Conf: 0: [39fc65de-49e5-4d05-a568-f4cf96421ecb|rpc:10.1.0.7:44069|dataStream:|priority:0, 08f587f6-d3d0-450e-bf31-fc9adbdb5c63|rpc:10.1.0.7:35597|dataStream:|priority:0, aad00493-843f-40cd-b56e-bcb32a0b843f|rpc:10.1.0.7:46817|dataStream:|priority:1], old=null
2022-02-01 01:16:03,205 [aad00493-843f-40cd-b56e-bcb32a0b843f@group-56FEA48B3F6C-LeaderStateImpl] WARN  server.RaftServer$Division (LeaderStateImpl.java:lambda$checkLeadership$15(978)) - Follower aad00493-843f-40cd-b56e-bcb32a0b843f@group-56FEA48B3F6C->39fc65de-49e5-4d05-a568-f4cf96421ecb(c0,m0,n1, attendVote=true, lastRpcSendTime=1242, lastRpcResponseTime=6295)
2022-02-01 01:16:03,205 [aad00493-843f-40cd-b56e-bcb32a0b843f@group-56FEA48B3F6C-LeaderStateImpl] WARN  server.RaftServer$Division (LeaderStateImpl.java:lambda$checkLeadership$15(978)) - Follower aad00493-843f-40cd-b56e-bcb32a0b843f@group-56FEA48B3F6C->08f587f6-d3d0-450e-bf31-fc9adbdb5c63(c0,m0,n1, attendVote=true, lastRpcSendTime=1387, lastRpcResponseTime=36489)
2022-02-01 01:16:03,205 [aad00493-843f-40cd-b56e-bcb32a0b843f@group-56FEA48B3F6C-LeaderStateImpl] INFO  server.RaftServer$Division (RaftServerImpl.java:setRole(290)) - aad00493-843f-40cd-b56e-bcb32a0b843f@group-56FEA48B3F6C: changes role from    LEADER to FOLLOWER at term 9 for StepDownReason:LOST_MAJORITY_HEARTBEATS
2022-02-01 01:16:03,205 [aad00493-843f-40cd-b56e-bcb32a0b843f@group-56FEA48B3F6C-LeaderStateImpl] INFO  impl.RoleInfo (RoleInfo.java:shutdownLeaderState(91)) - aad00493-843f-40cd-b56e-bcb32a0b843f: shutdown aad00493-843f-40cd-b56e-bcb32a0b843f@group-56FEA48B3F6C-LeaderStateImpl
2022-02-01 01:16:03,205 [aad00493-843f-40cd-b56e-bcb32a0b843f@group-56FEA48B3F6C-LeaderStateImpl] INFO  impl.PendingRequests (PendingRequests.java:sendNotLeaderResponses(282)) - aad00493-843f-40cd-b56e-bcb32a0b843f@group-56FEA48B3F6C-PendingRequests: sendNotLeaderResponses
2022-02-01 01:16:03,206 [aad00493-843f-40cd-b56e-bcb32a0b843f@group-56FEA48B3F6C-LeaderStateImpl] INFO  impl.RoleInfo (RoleInfo.java:updateAndGet(130)) - aad00493-843f-40cd-b56e-bcb32a0b843f: start aad00493-843f-40cd-b56e-bcb32a0b843f@group-56FEA48B3F6C-FollowerState
2022-02-01 01:16:03,348 [Time-limited test] INFO  statemachine.DatanodeStateMachine (DatanodeStateMachine.java:stopDaemon(529)) - Ozone container server stopped.
2022-02-01 01:16:03,353 [Time-limited test] INFO  handler.ContextHandler (ContextHandler.java:doStop(1153)) - Stopped o.e.j.w.WebAppContext@45f01fbb{hddsDatanode,/,null,STOPPED}{jar:file:/home/runner/.m2/repository/org/apache/ozone/hdds-container-service/1.3.0-SNAPSHOT/hdds-container-service-1.3.0-SNAPSHOT.jar!/webapps/hddsDatanode}
2022-02-01 01:16:03,353 [Time-limited test] INFO  server.AbstractConnector (AbstractConnector.java:doStop(381)) - Stopped ServerConnector@3a3b049a{HTTP/1.1, (http/1.1)}{0.0.0.0:0}
2022-02-01 01:16:03,354 [Time-limited test] INFO  server.session (HouseKeeper.java:stopScavenging(149)) - node0 Stopped scavenging
2022-02-01 01:16:03,354 [Time-limited test] INFO  handler.ContextHandler (ContextHandler.java:doStop(1153)) - Stopped o.e.j.s.ServletContextHandler@55243ee3{static,/static,jar:file:/home/runner/.m2/repository/org/apache/ozone/hdds-container-service/1.3.0-SNAPSHOT/hdds-container-service-1.3.0-SNAPSHOT.jar!/webapps/static,STOPPED}
2022-02-01 01:16:03,355 [Time-limited test] INFO  handler.ContextHandler (ContextHandler.java:doStop(1153)) - Stopped o.e.j.s.ServletContextHandler@348483c5{logs,/logs,file:///home/runner/work/ozone/ozone/hadoop-ozone/integration-test/target/log,STOPPED}
2022-02-01 01:16:03,382 [EndpointStateMachine task thread for /0.0.0.0:35007 - 0 ] INFO  ipc.Client (Client.java:handleConnectionFailure(977)) - Retrying connect to server: 0.0.0.0/0.0.0.0:35007. Already tried 9 time(s); retry policy is RetryUpToMaximumCountWithFixedSleep(maxRetries=15, sleepTime=1000 MILLISECONDS)
2022-02-01 01:16:04,383 [EndpointStateMachine task thread for /0.0.0.0:35007 - 0 ] INFO  ipc.Client (Client.java:handleConnectionFailure(977)) - Retrying connect to server: 0.0.0.0/0.0.0.0:35007. Already tried 10 time(s); retry policy is RetryUpToMaximumCountWithFixedSleep(maxRetries=15, sleepTime=1000 MILLISECONDS)
2022-02-01 01:16:05,384 [EndpointStateMachine task thread for /0.0.0.0:35007 - 0 ] INFO  ipc.Client (Client.java:handleConnectionFailure(977)) - Retrying connect to server: 0.0.0.0/0.0.0.0:35007. Already tried 11 time(s); retry policy is RetryUpToMaximumCountWithFixedSleep(maxRetries=15, sleepTime=1000 MILLISECONDS)
2022-02-01 01:16:06,306 [ForkJoinPool.commonPool-worker-1] INFO  ozoneimpl.OzoneContainer (OzoneContainer.java:stop(336)) - Attempting to stop container services.
2022-02-01 01:16:06,306 [ForkJoinPool.commonPool-worker-1] INFO  server.RaftServer (RaftServerProxy.java:lambda$close$6(391)) - aad00493-843f-40cd-b56e-bcb32a0b843f: close
2022-02-01 01:16:06,307 [ForkJoinPool.commonPool-worker-1] INFO  server.RaftServer$Division (RaftServerImpl.java:lambda$close$4(412)) - aad00493-843f-40cd-b56e-bcb32a0b843f@group-C773A3C5CFB0: shutdown
2022-02-01 01:16:06,307 [ForkJoinPool.commonPool-worker-1] INFO  util.JmxRegister (JmxRegister.java:unregister(73)) - Successfully un-registered JMX Bean with object name Ratis:service=RaftServer,group=group-C773A3C5CFB0,id=aad00493-843f-40cd-b56e-bcb32a0b843f
2022-02-01 01:16:06,307 [ForkJoinPool.commonPool-worker-1] INFO  impl.RoleInfo (RoleInfo.java:shutdownLeaderState(91)) - aad00493-843f-40cd-b56e-bcb32a0b843f: shutdown aad00493-843f-40cd-b56e-bcb32a0b843f@group-C773A3C5CFB0-LeaderStateImpl
2022-02-01 01:16:06,307 [ForkJoinPool.commonPool-worker-1] INFO  impl.PendingRequests (PendingRequests.java:sendNotLeaderResponses(282)) - aad00493-843f-40cd-b56e-bcb32a0b843f@group-C773A3C5CFB0-PendingRequests: sendNotLeaderResponses
2022-02-01 01:16:06,312 [ForkJoinPool.commonPool-worker-1] INFO  impl.StateMachineUpdater (StateMachineUpdater.java:stopAndJoin(149)) - aad00493-843f-40cd-b56e-bcb32a0b843f@group-C773A3C5CFB0-StateMachineUpdater: set stopIndex = 0
2022-02-01 01:16:06,312 [aad00493-843f-40cd-b56e-bcb32a0b843f@group-C773A3C5CFB0-StateMachineUpdater] INFO  ratis.ContainerStateMachine (ContainerStateMachine.java:takeSnapshot(299)) - group-C773A3C5CFB0: Taking a snapshot at:(t:1, i:0) file /home/runner/work/ozone/ozone/hadoop-ozone/integration-test/target/test-dir/MiniOzoneClusterImpl-72297f51-d642-4b09-97fa-35b2ed17483c/datanode-2/data/ratis/73965efa-c7e6-4072-9cd7-c773a3c5cfb0/sm/snapshot.1_0
2022-02-01 01:16:06,314 [aad00493-843f-40cd-b56e-bcb32a0b843f@group-C773A3C5CFB0-StateMachineUpdater] INFO  ratis.ContainerStateMachine (ContainerStateMachine.java:takeSnapshot(310)) - group-C773A3C5CFB0: Finished taking a snapshot at:(t:1, i:0) file:/home/runner/work/ozone/ozone/hadoop-ozone/integration-test/target/test-dir/MiniOzoneClusterImpl-72297f51-d642-4b09-97fa-35b2ed17483c/datanode-2/data/ratis/73965efa-c7e6-4072-9cd7-c773a3c5cfb0/sm/snapshot.1_0 took: 1 ms
2022-02-01 01:16:06,314 [aad00493-843f-40cd-b56e-bcb32a0b843f@group-C773A3C5CFB0-StateMachineUpdater] INFO  impl.StateMachineUpdater (StateMachineUpdater.java:takeSnapshot(281)) - aad00493-843f-40cd-b56e-bcb32a0b843f@group-C773A3C5CFB0-StateMachineUpdater: Took a snapshot at index 0
2022-02-01 01:16:06,314 [aad00493-843f-40cd-b56e-bcb32a0b843f@group-C773A3C5CFB0-StateMachineUpdater] INFO  impl.StateMachineUpdater (StateMachineUpdater.java:lambda$new$0(89)) - aad00493-843f-40cd-b56e-bcb32a0b843f@group-C773A3C5CFB0-StateMachineUpdater: snapshotIndex: updateIncreasingly -1 -> 0
2022-02-01 01:16:06,315 [ForkJoinPool.commonPool-worker-1] INFO  server.RaftServer$Division (ServerState.java:close(419)) - aad00493-843f-40cd-b56e-bcb32a0b843f@group-C773A3C5CFB0: closes. applyIndex: 0
2022-02-01 01:16:06,315 [aad00493-843f-40cd-b56e-bcb32a0b843f@group-C773A3C5CFB0-SegmentedRaftLogWorker] INFO  segmented.SegmentedRaftLogWorker (SegmentedRaftLogWorker.java:run(327)) - aad00493-843f-40cd-b56e-bcb32a0b843f@group-C773A3C5CFB0-SegmentedRaftLogWorker was interrupted, exiting. There are 0 tasks remaining in the queue.
2022-02-01 01:16:06,340 [ForkJoinPool.commonPool-worker-1] INFO  segmented.SegmentedRaftLogWorker (SegmentedRaftLogWorker.java:close(237)) - aad00493-843f-40cd-b56e-bcb32a0b843f@group-C773A3C5CFB0-SegmentedRaftLogWorker close()
2022-02-01 01:16:06,360 [ForkJoinPool.commonPool-worker-1] INFO  server.RaftServer$Division (RaftServerImpl.java:lambda$close$4(412)) - aad00493-843f-40cd-b56e-bcb32a0b843f@group-56FEA48B3F6C: shutdown
2022-02-01 01:16:06,360 [ForkJoinPool.commonPool-worker-1] INFO  util.JmxRegister (JmxRegister.java:unregister(73)) - Successfully un-registered JMX Bean with object name Ratis:service=RaftServer,group=group-56FEA48B3F6C,id=aad00493-843f-40cd-b56e-bcb32a0b843f
2022-02-01 01:16:06,360 [ForkJoinPool.commonPool-worker-1] INFO  impl.RoleInfo (RoleInfo.java:shutdownFollowerState(108)) - aad00493-843f-40cd-b56e-bcb32a0b843f: shutdown aad00493-843f-40cd-b56e-bcb32a0b843f@group-56FEA48B3F6C-FollowerState
2022-02-01 01:16:06,360 [ForkJoinPool.commonPool-worker-1] INFO  impl.StateMachineUpdater (StateMachineUpdater.java:stopAndJoin(149)) - aad00493-843f-40cd-b56e-bcb32a0b843f@group-56FEA48B3F6C-StateMachineUpdater: set stopIndex = 0
2022-02-01 01:16:06,360 [aad00493-843f-40cd-b56e-bcb32a0b843f@group-56FEA48B3F6C-FollowerState] INFO  impl.FollowerState (FollowerState.java:run(143)) - aad00493-843f-40cd-b56e-bcb32a0b843f@group-56FEA48B3F6C-FollowerState was interrupted: {}
java.lang.InterruptedException: sleep interrupted
	at java.lang.Thread.sleep(Native Method)
	at java.lang.Thread.sleep(Thread.java:340)
	at java.util.concurrent.TimeUnit.sleep(TimeUnit.java:386)
	at org.apache.ratis.util.TimeDuration.sleep(TimeDuration.java:324)
	at org.apache.ratis.util.TimeDuration.sleep(TimeDuration.java:309)
	at org.apache.ratis.server.impl.FollowerState.run(FollowerState.java:118)
2022-02-01 01:16:06,361 [aad00493-843f-40cd-b56e-bcb32a0b843f@group-56FEA48B3F6C-StateMachineUpdater] INFO  ratis.ContainerStateMachine (ContainerStateMachine.java:takeSnapshot(299)) - group-56FEA48B3F6C: Taking a snapshot at:(t:9, i:0) file /home/runner/work/ozone/ozone/hadoop-ozone/integration-test/target/test-dir/MiniOzoneClusterImpl-72297f51-d642-4b09-97fa-35b2ed17483c/datanode-2/data/ratis/83e78062-305b-4234-a63d-56fea48b3f6c/sm/snapshot.9_0
2022-02-01 01:16:06,361 [aad00493-843f-40cd-b56e-bcb32a0b843f@group-56FEA48B3F6C-StateMachineUpdater] INFO  ratis.ContainerStateMachine (ContainerStateMachine.java:takeSnapshot(310)) - group-56FEA48B3F6C: Finished taking a snapshot at:(t:9, i:0) file:/home/runner/work/ozone/ozone/hadoop-ozone/integration-test/target/test-dir/MiniOzoneClusterImpl-72297f51-d642-4b09-97fa-35b2ed17483c/datanode-2/data/ratis/83e78062-305b-4234-a63d-56fea48b3f6c/sm/snapshot.9_0 took: 1 ms
2022-02-01 01:16:06,362 [aad00493-843f-40cd-b56e-bcb32a0b843f@group-56FEA48B3F6C-StateMachineUpdater] INFO  impl.StateMachineUpdater (StateMachineUpdater.java:takeSnapshot(281)) - aad00493-843f-40cd-b56e-bcb32a0b843f@group-56FEA48B3F6C-StateMachineUpdater: Took a snapshot at index 0
2022-02-01 01:16:06,362 [aad00493-843f-40cd-b56e-bcb32a0b843f@group-56FEA48B3F6C-StateMachineUpdater] INFO  impl.StateMachineUpdater (StateMachineUpdater.java:lambda$new$0(89)) - aad00493-843f-40cd-b56e-bcb32a0b843f@group-56FEA48B3F6C-StateMachineUpdater: snapshotIndex: updateIncreasingly -1 -> 0
2022-02-01 01:16:06,363 [ForkJoinPool.commonPool-worker-1] INFO  server.RaftServer$Division (ServerState.java:close(419)) - aad00493-843f-40cd-b56e-bcb32a0b843f@group-56FEA48B3F6C: closes. applyIndex: 0
2022-02-01 01:16:06,363 [aad00493-843f-40cd-b56e-bcb32a0b843f@group-56FEA48B3F6C-SegmentedRaftLogWorker] INFO  segmented.SegmentedRaftLogWorker (SegmentedRaftLogWorker.java:run(327)) - aad00493-843f-40cd-b56e-bcb32a0b843f@group-56FEA48B3F6C-SegmentedRaftLogWorker was interrupted, exiting. There are 0 tasks remaining in the queue.
2022-02-01 01:16:06,366 [ForkJoinPool.commonPool-worker-1] INFO  segmented.SegmentedRaftLogWorker (SegmentedRaftLogWorker.java:close(237)) - aad00493-843f-40cd-b56e-bcb32a0b843f@group-56FEA48B3F6C-SegmentedRaftLogWorker close()
2022-02-01 01:16:06,381 [ForkJoinPool.commonPool-worker-1] INFO  server.GrpcService (GrpcService.java:closeImpl(262)) - aad00493-843f-40cd-b56e-bcb32a0b843f: shutdown server with port 46817 now
2022-02-01 01:16:06,384 [ForkJoinPool.commonPool-worker-1] INFO  server.GrpcService (GrpcService.java:closeImpl(271)) - aad00493-843f-40cd-b56e-bcb32a0b843f: shutdown server with port 46817 successfully
2022-02-01 01:16:06,385 [org.apache.ratis.util.JvmPauseMonitor$$Lambda$431/1444001724@2056010d] INFO  util.JvmPauseMonitor (JvmPauseMonitor.java:run(109)) - JvmPauseMonitor-aad00493-843f-40cd-b56e-bcb32a0b843f: Stopped
2022-02-01 01:16:06,385 [EndpointStateMachine task thread for /0.0.0.0:35007 - 0 ] INFO  ipc.Client (Client.java:handleConnectionFailure(977)) - Retrying connect to server: 0.0.0.0/0.0.0.0:35007. Already tried 12 time(s); retry policy is RetryUpToMaximumCountWithFixedSleep(maxRetries=15, sleepTime=1000 MILLISECONDS)
2022-02-01 01:16:07,388 [EndpointStateMachine task thread for /0.0.0.0:35007 - 0 ] INFO  ipc.Client (Client.java:handleConnectionFailure(977)) - Retrying connect to server: 0.0.0.0/0.0.0.0:35007. Already tried 13 time(s); retry policy is RetryUpToMaximumCountWithFixedSleep(maxRetries=15, sleepTime=1000 MILLISECONDS)
2022-02-01 01:16:08,388 [EndpointStateMachine task thread for /0.0.0.0:35007 - 0 ] INFO  ipc.Client (Client.java:handleConnectionFailure(977)) - Retrying connect to server: 0.0.0.0/0.0.0.0:35007. Already tried 14 time(s); retry policy is RetryUpToMaximumCountWithFixedSleep(maxRetries=15, sleepTime=1000 MILLISECONDS)
2022-02-01 01:16:08,403 [ForkJoinPool.commonPool-worker-1] INFO  utils.BackgroundService (BackgroundService.java:shutdown(132)) - Shutting down service BlockDeletingService
2022-02-01 01:16:09,400 [EndpointStateMachine task thread for /0.0.0.0:35007 - 0 ] INFO  ipc.Client (Client.java:handleConnectionFailure(977)) - Retrying connect to server: 0.0.0.0/0.0.0.0:35007. Already tried 0 time(s); retry policy is RetryUpToMaximumCountWithFixedSleep(maxRetries=15, sleepTime=1000 MILLISECONDS)
2022-02-01 01:16:10,404 [EndpointStateMachine task thread for /0.0.0.0:35007 - 0 ] INFO  ipc.Client (Client.java:handleConnectionFailure(977)) - Retrying connect to server: 0.0.0.0/0.0.0.0:35007. Already tried 1 time(s); retry policy is RetryUpToMaximumCountWithFixedSleep(maxRetries=15, sleepTime=1000 MILLISECONDS)
2022-02-01 01:16:11,405 [EndpointStateMachine task thread for /0.0.0.0:35007 - 0 ] INFO  ipc.Client (Client.java:handleConnectionFailure(977)) - Retrying connect to server: 0.0.0.0/0.0.0.0:35007. Already tried 2 time(s); retry policy is RetryUpToMaximumCountWithFixedSleep(maxRetries=15, sleepTime=1000 MILLISECONDS)
2022-02-01 01:16:11,411 [ForkJoinPool.commonPool-worker-1] INFO  statemachine.DatanodeStateMachine (DatanodeStateMachine.java:stopDaemon(529)) - Ozone container server stopped.
2022-02-01 01:16:11,413 [ForkJoinPool.commonPool-worker-1] INFO  handler.ContextHandler (ContextHandler.java:doStop(1153)) - Stopped o.e.j.w.WebAppContext@7e89d81e{hddsDatanode,/,null,STOPPED}{jar:file:/home/runner/.m2/repository/org/apache/ozone/hdds-container-service/1.3.0-SNAPSHOT/hdds-container-service-1.3.0-SNAPSHOT.jar!/webapps/hddsDatanode}
2022-02-01 01:16:11,416 [ForkJoinPool.commonPool-worker-1] INFO  server.AbstractConnector (AbstractConnector.java:doStop(381)) - Stopped ServerConnector@5ec2138b{HTTP/1.1, (http/1.1)}{0.0.0.0:0}
2022-02-01 01:16:11,416 [ForkJoinPool.commonPool-worker-1] INFO  server.session (HouseKeeper.java:stopScavenging(149)) - node0 Stopped scavenging
2022-02-01 01:16:11,417 [ForkJoinPool.commonPool-worker-1] INFO  handler.ContextHandler (ContextHandler.java:doStop(1153)) - Stopped o.e.j.s.ServletContextHandler@7ce07efa{static,/static,jar:file:/home/runner/.m2/repository/org/apache/ozone/hdds-container-service/1.3.0-SNAPSHOT/hdds-container-service-1.3.0-SNAPSHOT.jar!/webapps/static,STOPPED}
2022-02-01 01:16:11,417 [ForkJoinPool.commonPool-worker-1] INFO  handler.ContextHandler (ContextHandler.java:doStop(1153)) - Stopped o.e.j.s.ServletContextHandler@44bf23b2{logs,/logs,file:///home/runner/work/ozone/ozone/hadoop-ozone/integration-test/target/log,STOPPED}
2022-02-01 01:16:11,427 [Time-limited test] INFO  ozone.MiniOzoneClusterImpl (MiniOzoneClusterImpl.java:stopSCM(526)) - Stopping the StorageContainerManager
2022-02-01 01:16:11,427 [Time-limited test] INFO  server.StorageContainerManager (StorageContainerManager.java:stop(1390)) - Stopping Container Balancer service.
2022-02-01 01:16:11,427 [Time-limited test] INFO  balancer.ContainerBalancer (ContainerBalancer.java:stop(751)) - Container Balancer is not running.
2022-02-01 01:16:11,427 [Time-limited test] INFO  server.StorageContainerManager (StorageContainerManager.java:stop(1397)) - Stopping Replication Manager Service.
2022-02-01 01:16:11,427 [Time-limited test] INFO  container.ReplicationManager (ReplicationManager.java:stop(364)) - Replication Monitor Thread is not running.
2022-02-01 01:16:11,427 [Time-limited test] INFO  server.StorageContainerManager (StorageContainerManager.java:stop(1404)) - Stopping the Datanode Admin Monitor.
2022-02-01 01:16:11,427 [Time-limited test] INFO  server.StorageContainerManager (StorageContainerManager.java:stop(1411)) - Stopping Lease Manager of the command watchers
2022-02-01 01:16:11,428 [Time-limited test] ERROR server.StorageContainerManager (StorageContainerManager.java:stop(1414)) - Lease Manager of the command watchers stop failed
2022-02-01 01:16:11,428 [Time-limited test] INFO  server.StorageContainerManager (StorageContainerManager.java:stop(1418)) - Stopping datanode service RPC server
2022-02-01 01:16:11,428 [Time-limited test] INFO  server.SCMDatanodeProtocolServer (SCMDatanodeProtocolServer.java:stop(390)) - Stopping the RPC server for DataNodes
2022-02-01 01:16:11,428 [Time-limited test] INFO  ipc.Server (Server.java:stop(3414)) - Stopping server on 35007
2022-02-01 01:16:11,428 [Time-limited test] INFO  server.StorageContainerManager (StorageContainerManager.java:stop(1426)) - Stopping block service RPC server
2022-02-01 01:16:11,428 [Time-limited test] INFO  server.SCMBlockProtocolServer (SCMBlockProtocolServer.java:stop(160)) - Stopping the RPC server for Block Protocol
2022-02-01 01:16:11,428 [Time-limited test] INFO  ipc.Server (Server.java:stop(3414)) - Stopping server on 45177
2022-02-01 01:16:11,428 [Time-limited test] INFO  server.StorageContainerManager (StorageContainerManager.java:stop(1433)) - Stopping the StorageContainerLocationProtocol RPC server
2022-02-01 01:16:11,428 [Time-limited test] INFO  server.SCMClientProtocolServer (SCMClientProtocolServer.java:stop(174)) - Stopping the RPC server for Client Protocol
2022-02-01 01:16:11,428 [Time-limited test] INFO  ipc.Server (Server.java:stop(3414)) - Stopping server on 39067
2022-02-01 01:16:11,428 [Time-limited test] INFO  server.StorageContainerManager (StorageContainerManager.java:stop(1440)) - Stopping Storage Container Manager HTTP server.
2022-02-01 01:16:11,429 [Time-limited test] INFO  server.StorageContainerManager (StorageContainerManager.java:stop(1451)) - Stopping Block Manager Service.
2022-02-01 01:16:11,429 [Time-limited test] INFO  utils.BackgroundService (BackgroundService.java:shutdown(132)) - Shutting down service SCMBlockDeletingService
2022-02-01 01:16:11,429 [Time-limited test] INFO  utils.BackgroundService (BackgroundService.java:shutdown(132)) - Shutting down service SCMBlockDeletingService
2022-02-01 01:16:11,429 [Time-limited test] INFO  server.StorageContainerManager (StorageContainerManager.java:stop(1478)) - Stopping SCM Event Queue.
2022-02-01 01:16:11,429 [Time-limited test] INFO  server.StorageContainerManager (StorageContainerManager.java:stop(1489)) - Stopping SCM HA services.
2022-02-01 01:16:11,429 [Time-limited test] INFO  ha.SCMRatisServerImpl (SCMRatisServerImpl.java:stop(236)) - stopping ratis server 0.0.0.0:9894
2022-02-01 01:16:11,429 [Time-limited test] WARN  pipeline.BackgroundPipelineCreator (BackgroundPipelineCreator.java:stop(154)) - RatisPipelineUtilsThread is not running, just ignore.
2022-02-01 01:16:11,429 [Time-limited test] INFO  server.StorageContainerManager (StorageContainerManager.java:stop(1499)) - Stopping SCM MetadataStore.
2022-02-01 01:16:11,429 [Time-limited test] INFO  impl.MetricsSystemImpl (MetricsSystemImpl.java:stop(210)) - Stopping HddsDatanode metrics system...
2022-02-01 01:16:11,430 [prometheus] INFO  impl.MetricsSinkAdapter (MetricsSinkAdapter.java:publishMetricsFromQueue(141)) - prometheus thread interrupted.
2022-02-01 01:16:11,444 [Time-limited test] INFO  impl.MetricsSystemImpl (MetricsSystemImpl.java:stop(216)) - HddsDatanode metrics system stopped.
]]></system-out>
  </testcase>
  <testcase name="testDatanodeIDPersistent" classname="org.apache.hadoop.ozone.TestMiniOzoneCluster" time="0.155"/>
  <testcase name="testContainerRandomPort" classname="org.apache.hadoop.ozone.TestMiniOzoneCluster" time="25.982"/>
</testsuite>