<?xml version="1.0" encoding="UTF-8"?>
<testsuite xmlns:xsi="http://www.w3.org/2001/XMLSchema-instance" xsi:noNamespaceSchemaLocation="https://maven.apache.org/surefire/maven-surefire-plugin/xsd/surefire-test-report-3.0.xsd" version="3.0" name="org.apache.hadoop.hdds.scm.container.balancer.TestContainerBalancerTask" time="7.289" tests="24" errors="1" skipped="0" failures="0">
  <properties>
    <property name="awt.toolkit" value="sun.awt.X11.XToolkit"/>
    <property name="file.encoding.pkg" value="sun.io"/>
    <property name="java.specification.version" value="1.8"/>
    <property name="sun.cpu.isalist" value=""/>
    <property name="sun.jnu.encoding" value="UTF-8"/>
    <property name="java.class.path" value="/home/runner/work/ozone/ozone/hadoop-hdds/server-scm/target/test-classes:/home/runner/work/ozone/ozone/hadoop-hdds/server-scm/target/classes:/home/runner/work/ozone/ozone/hadoop-hdds/test-utils/target/classes:/home/runner/.m2/repository/com/google/guava/guava/32.0.0-jre/guava-32.0.0-jre.jar:/home/runner/.m2/repository/com/google/guava/failureaccess/1.0.1/failureaccess-1.0.1.jar:/home/runner/.m2/repository/com/google/guava/listenablefuture/9999.0-empty-to-avoid-conflict-with-guava/listenablefuture-9999.0-empty-to-avoid-conflict-with-guava.jar:/home/runner/.m2/repository/org/checkerframework/checker-qual/3.33.0/checker-qual-3.33.0.jar:/home/runner/.m2/repository/com/google/errorprone/error_prone_annotations/2.2.0/error_prone_annotations-2.2.0.jar:/home/runner/.m2/repository/com/google/j2objc/j2objc-annotations/2.8/j2objc-annotations-2.8.jar:/home/runner/.m2/repository/commons-io/commons-io/2.11.0/commons-io-2.11.0.jar:/home/runner/.m2/repository/commons-logging/commons-logging/1.2/commons-logging-1.2.jar:/home/runner/.m2/repository/ch/qos/reload4j/reload4j/1.2.22/reload4j-1.2.22.jar:/home/runner/.m2/repository/org/apache/commons/commons-lang3/3.7/commons-lang3-3.7.jar:/home/runner/.m2/repository/org/slf4j/slf4j-api/1.7.36/slf4j-api-1.7.36.jar:/home/runner/work/ozone/ozone/hadoop-hdds/common/target/classes:/home/runner/work/ozone/ozone/hadoop-hdds/hadoop-dependency-client/target/classes:/home/runner/.m2/repository/info/picocli/picocli/4.6.1/picocli-4.6.1.jar:/home/runner/.m2/repository/com/fasterxml/jackson/core/jackson-annotations/2.13.4/jackson-annotations-2.13.4.jar:/home/runner/.m2/repository/com/fasterxml/jackson/datatype/jackson-datatype-jsr310/2.13.4/jackson-datatype-jsr310-2.13.4.jar:/home/runner/.m2/repository/com/fasterxml/jackson/core/jackson-core/2.13.4/jackson-core-2.13.4.jar:/home/runner/work/ozone/ozone/hadoop-hdds/annotations/target/classes:/home/runner/work/ozone/ozone/hadoop-hdds/config/target/classes:/home/runner/.m2/repository/javax/annotation/javax.annotation-api/1.2/javax.annotation-api-1.2.jar:/home/runner/.m2/repository/org/apache/ratis/ratis-server/2.5.1/ratis-server-2.5.1.jar:/home/runner/.m2/repository/org/apache/ratis/ratis-thirdparty-misc/1.0.4/ratis-thirdparty-misc-1.0.4.jar:/home/runner/.m2/repository/org/apache/ratis/ratis-proto/2.5.1/ratis-proto-2.5.1.jar:/home/runner/.m2/repository/org/apache/ratis/ratis-common/2.5.1/ratis-common-2.5.1.jar:/home/runner/.m2/repository/org/apache/ratis/ratis-client/2.5.1/ratis-client-2.5.1.jar:/home/runner/.m2/repository/org/apache/ratis/ratis-server-api/2.5.1/ratis-server-api-2.5.1.jar:/home/runner/.m2/repository/org/apache/ratis/ratis-metrics/2.5.1/ratis-metrics-2.5.1.jar:/home/runner/.m2/repository/org/apache/ratis/ratis-netty/2.5.1/ratis-netty-2.5.1.jar:/home/runner/.m2/repository/org/apache/ratis/ratis-grpc/2.5.1/ratis-grpc-2.5.1.jar:/home/runner/.m2/repository/org/apache/logging/log4j/log4j-api/2.17.1/log4j-api-2.17.1.jar:/home/runner/.m2/repository/org/apache/commons/commons-pool2/2.6.0/commons-pool2-2.6.0.jar:/home/runner/.m2/repository/org/bouncycastle/bcpkix-jdk15on/1.67/bcpkix-jdk15on-1.67.jar:/home/runner/.m2/repository/commons-validator/commons-validator/1.6/commons-validator-1.6.jar:/home/runner/.m2/repository/commons-beanutils/commons-beanutils/1.9.4/commons-beanutils-1.9.4.jar:/home/runner/.m2/repository/commons-digester/commons-digester/1.8.1/commons-digester-1.8.1.jar:/home/runner/.m2/repository/commons-collections/commons-collections/3.2.2/commons-collections-3.2.2.jar:/home/runner/.m2/repository/io/jaegertracing/jaeger-client/1.6.0/jaeger-client-1.6.0.jar:/home/runner/.m2/repository/io/jaegertracing/jaeger-thrift/1.6.0/jaeger-thrift-1.6.0.jar:/home/runner/.m2/repository/org/apache/thrift/libthrift/0.14.1/libthrift-0.14.1.jar:/home/runner/.m2/repository/io/jaegertracing/jaeger-core/1.6.0/jaeger-core-1.6.0.jar:/home/runner/.m2/repository/io/jaegertracing/jaeger-tracerresolver/1.6.0/jaeger-tracerresolver-1.6.0.jar:/home/runner/.m2/repository/io/opentracing/contrib/opentracing-tracerresolver/0.1.8/opentracing-tracerresolver-0.1.8.jar:/home/runner/.m2/repository/org/jetbrains/kotlin/kotlin-stdlib/1.6.21/kotlin-stdlib-1.6.21.jar:/home/runner/.m2/repository/org/jetbrains/annotations/13.0/annotations-13.0.jar:/home/runner/.m2/repository/io/opentracing/opentracing-util/0.33.0/opentracing-util-0.33.0.jar:/home/runner/.m2/repository/io/opentracing/opentracing-api/0.33.0/opentracing-api-0.33.0.jar:/home/runner/.m2/repository/io/opentracing/opentracing-noop/0.33.0/opentracing-noop-0.33.0.jar:/home/runner/.m2/repository/org/yaml/snakeyaml/2.0/snakeyaml-2.0.jar:/home/runner/.m2/repository/org/reflections/reflections/0.9.11/reflections-0.9.11.jar:/home/runner/.m2/repository/org/javassist/javassist/3.21.0-GA/javassist-3.21.0-GA.jar:/home/runner/work/ozone/ozone/hadoop-hdds/interface-client/target/classes:/home/runner/.m2/repository/org/apache/hadoop/thirdparty/hadoop-shaded-protobuf_3_7/1.1.1/hadoop-shaded-protobuf_3_7-1.1.1.jar:/home/runner/work/ozone/ozone/hadoop-hdds/interface-admin/target/classes:/home/runner/.m2/repository/io/grpc/grpc-api/1.51.1/grpc-api-1.51.1.jar:/home/runner/.m2/repository/io/grpc/grpc-context/1.51.1/grpc-context-1.51.1.jar:/home/runner/work/ozone/ozone/hadoop-hdds/container-service/target/classes:/home/runner/.m2/repository/org/apache/commons/commons-compress/1.21/commons-compress-1.21.jar:/home/runner/.m2/repository/com/github/luben/zstd-jni/1.5.2-5/zstd-jni-1.5.2-5.jar:/home/runner/.m2/repository/commons-codec/commons-codec/1.15/commons-codec-1.15.jar:/home/runner/.m2/repository/javax/xml/bind/jaxb-api/2.3.0/jaxb-api-2.3.0.jar:/home/runner/.m2/repository/org/glassfish/jaxb/jaxb-runtime/2.3.0.1/jaxb-runtime-2.3.0.1.jar:/home/runner/.m2/repository/org/glassfish/jaxb/jaxb-core/2.3.0.1/jaxb-core-2.3.0.1.jar:/home/runner/.m2/repository/org/glassfish/jaxb/txw2/2.3.0.1/txw2-2.3.0.1.jar:/home/runner/.m2/repository/com/sun/istack/istack-commons-runtime/3.0.5/istack-commons-runtime-3.0.5.jar:/home/runner/.m2/repository/org/jvnet/staxex/stax-ex/1.7.8/stax-ex-1.7.8.jar:/home/runner/.m2/repository/com/sun/xml/fastinfoset/FastInfoset/1.2.13/FastInfoset-1.2.13.jar:/home/runner/.m2/repository/io/netty/netty-transport/4.1.86.Final/netty-transport-4.1.86.Final.jar:/home/runner/.m2/repository/io/netty/netty-common/4.1.86.Final/netty-common-4.1.86.Final.jar:/home/runner/.m2/repository/io/netty/netty-buffer/4.1.86.Final/netty-buffer-4.1.86.Final.jar:/home/runner/.m2/repository/io/netty/netty-resolver/4.1.86.Final/netty-resolver-4.1.86.Final.jar:/home/runner/.m2/repository/io/netty/netty-codec/4.1.86.Final/netty-codec-4.1.86.Final.jar:/home/runner/.m2/repository/io/netty/netty-handler/4.1.86.Final/netty-handler-4.1.86.Final.jar:/home/runner/.m2/repository/io/netty/netty-transport-native-unix-common/4.1.86.Final/netty-transport-native-unix-common-4.1.86.Final.jar:/home/runner/work/ozone/ozone/hadoop-hdds/client/target/classes:/home/runner/work/ozone/ozone/hadoop-hdds/erasurecode/target/classes:/home/runner/work/ozone/ozone/hadoop-hdds/hadoop-dependency-server/target/classes:/home/runner/.m2/repository/org/apache/hadoop/hadoop-annotations/3.3.6/hadoop-annotations-3.3.6.jar:/usr/lib/jvm/temurin-8-jdk-amd64/jre/../lib/tools.jar:/home/runner/.m2/repository/org/apache/hadoop/hadoop-common/3.3.6/hadoop-common-3.3.6.jar:/home/runner/.m2/repository/org/apache/hadoop/thirdparty/hadoop-shaded-guava/1.1.1/hadoop-shaded-guava-1.1.1.jar:/home/runner/.m2/repository/org/apache/httpcomponents/httpclient/4.5.13/httpclient-4.5.13.jar:/home/runner/.m2/repository/org/apache/httpcomponents/httpcore/4.4.13/httpcore-4.4.13.jar:/home/runner/.m2/repository/commons-net/commons-net/3.9.0/commons-net-3.9.0.jar:/home/runner/.m2/repository/javax/servlet/javax.servlet-api/3.1.0/javax.servlet-api-3.1.0.jar:/home/runner/.m2/repository/jakarta/activation/jakarta.activation-api/1.2.2/jakarta.activation-api-1.2.2.jar:/home/runner/.m2/repository/javax/servlet/jsp/jsp-api/2.1/jsp-api-2.1.jar:/home/runner/.m2/repository/com/sun/jersey/jersey-core/1.19/jersey-core-1.19.jar:/home/runner/.m2/repository/javax/ws/rs/jsr311-api/1.1.1/jsr311-api-1.1.1.jar:/home/runner/.m2/repository/com/sun/jersey/jersey-servlet/1.19/jersey-servlet-1.19.jar:/home/runner/.m2/repository/com/sun/jersey/jersey-server/1.19/jersey-server-1.19.jar:/home/runner/.m2/repository/com/google/re2j/re2j/1.1/re2j-1.1.jar:/home/runner/.m2/repository/com/google/code/gson/gson/2.9.0/gson-2.9.0.jar:/home/runner/.m2/repository/org/apache/hadoop/hadoop-auth/3.3.6/hadoop-auth-3.3.6.jar:/home/runner/.m2/repository/com/nimbusds/nimbus-jose-jwt/9.8.1/nimbus-jose-jwt-9.8.1.jar:/home/runner/.m2/repository/com/github/stephenc/jcip/jcip-annotations/1.0-1/jcip-annotations-1.0-1.jar:/home/runner/.m2/repository/com/jcraft/jsch/0.1.54/jsch-0.1.54.jar:/home/runner/.m2/repository/org/apache/kerby/kerb-core/1.0.1/kerb-core-1.0.1.jar:/home/runner/.m2/repository/org/apache/kerby/kerby-pkix/1.0.1/kerby-pkix-1.0.1.jar:/home/runner/.m2/repository/org/apache/kerby/kerby-asn1/1.0.1/kerby-asn1-1.0.1.jar:/home/runner/.m2/repository/org/apache/kerby/kerby-util/1.0.1/kerby-util-1.0.1.jar:/home/runner/.m2/repository/org/codehaus/woodstox/stax2-api/4.2.1/stax2-api-4.2.1.jar:/home/runner/.m2/repository/com/fasterxml/woodstox/woodstox-core/5.4.0/woodstox-core-5.4.0.jar:/home/runner/.m2/repository/dnsjava/dnsjava/2.1.7/dnsjava-2.1.7.jar:/home/runner/.m2/repository/org/xerial/snappy/snappy-java/1.1.8.2/snappy-java-1.1.8.2.jar:/home/runner/.m2/repository/commons-cli/commons-cli/1.2/commons-cli-1.2.jar:/home/runner/.m2/repository/org/apache/hadoop/hadoop-hdfs/3.3.6/hadoop-hdfs-3.3.6.jar:/home/runner/.m2/repository/org/eclipse/jetty/jetty-util-ajax/9.4.51.v20230217/jetty-util-ajax-9.4.51.v20230217.jar:/home/runner/.m2/repository/commons-daemon/commons-daemon/1.0.13/commons-daemon-1.0.13.jar:/home/runner/work/ozone/ozone/hadoop-hdds/framework/target/classes:/home/runner/work/ozone/ozone/hadoop-hdds/interface-server/target/classes:/home/runner/work/ozone/ozone/hadoop-hdds/managed-rocksdb/target/classes:/home/runner/.m2/repository/org/rocksdb/rocksdbjni/7.7.3/rocksdbjni-7.7.3.jar:/home/runner/.m2/repository/org/slf4j/slf4j-reload4j/1.7.36/slf4j-reload4j-1.7.36.jar:/home/runner/.m2/repository/org/apache/commons/commons-configuration2/2.1.1/commons-configuration2-2.1.1.jar:/home/runner/.m2/repository/commons-fileupload/commons-fileupload/1.5/commons-fileupload-1.5.jar:/home/runner/.m2/repository/org/apache/logging/log4j/log4j-core/2.17.1/log4j-core-2.17.1.jar:/home/runner/.m2/repository/com/lmax/disruptor/3.4.2/disruptor-3.4.2.jar:/home/runner/.m2/repository/org/eclipse/jetty/jetty-util/9.4.51.v20230217/jetty-util-9.4.51.v20230217.jar:/home/runner/.m2/repository/org/eclipse/jetty/jetty-server/9.4.51.v20230217/jetty-server-9.4.51.v20230217.jar:/home/runner/.m2/repository/org/eclipse/jetty/jetty-http/9.4.51.v20230217/jetty-http-9.4.51.v20230217.jar:/home/runner/.m2/repository/org/eclipse/jetty/jetty-io/9.4.51.v20230217/jetty-io-9.4.51.v20230217.jar:/home/runner/.m2/repository/org/eclipse/jetty/jetty-servlet/9.4.51.v20230217/jetty-servlet-9.4.51.v20230217.jar:/home/runner/.m2/repository/org/eclipse/jetty/jetty-security/9.4.51.v20230217/jetty-security-9.4.51.v20230217.jar:/home/runner/.m2/repository/org/eclipse/jetty/jetty-webapp/9.4.51.v20230217/jetty-webapp-9.4.51.v20230217.jar:/home/runner/.m2/repository/org/eclipse/jetty/jetty-xml/9.4.51.v20230217/jetty-xml-9.4.51.v20230217.jar:/home/runner/.m2/repository/io/prometheus/simpleclient_dropwizard/0.7.0/simpleclient_dropwizard-0.7.0.jar:/home/runner/.m2/repository/io/prometheus/simpleclient/0.7.0/simpleclient-0.7.0.jar:/home/runner/.m2/repository/io/prometheus/simpleclient_common/0.7.0/simpleclient_common-0.7.0.jar:/home/runner/work/ozone/ozone/hadoop-hdds/rocksdb-checkpoint-differ/target/classes:/home/runner/work/ozone/ozone/hadoop-hdds/rocks-native/target/classes:/home/runner/.m2/repository/org/awaitility/awaitility/4.2.0/awaitility-4.2.0.jar:/home/runner/.m2/repository/org/hamcrest/hamcrest/2.1/hamcrest-2.1.jar:/home/runner/work/ozone/ozone/hadoop-hdds/docs/target/classes:/home/runner/.m2/repository/io/dropwizard/metrics/metrics-core/3.2.4/metrics-core-3.2.4.jar:/home/runner/.m2/repository/com/github/spotbugs/spotbugs-annotations/3.1.12/spotbugs-annotations-3.1.12.jar:/home/runner/.m2/repository/com/google/code/findbugs/jsr305/3.0.0/jsr305-3.0.0.jar:/home/runner/.m2/repository/org/apache/commons/commons-math3/3.1.1/commons-math3-3.1.1.jar:/home/runner/.m2/repository/org/apache/commons/commons-text/1.10.0/commons-text-1.10.0.jar:/home/runner/.m2/repository/org/apache/hadoop/hadoop-hdfs-client/3.3.6/hadoop-hdfs-client-3.3.6.jar:/home/runner/.m2/repository/com/squareup/okhttp3/okhttp/4.9.3/okhttp-4.9.3.jar:/home/runner/.m2/repository/com/squareup/okio/okio/2.8.0/okio-2.8.0.jar:/home/runner/.m2/repository/org/jetbrains/kotlin/kotlin-stdlib-common/1.6.21/kotlin-stdlib-common-1.6.21.jar:/home/runner/.m2/repository/com/fasterxml/jackson/core/jackson-databind/2.13.4.2/jackson-databind-2.13.4.2.jar:/home/runner/work/ozone/ozone/hadoop-hdds/container-service/target/test-classes:/home/runner/work/ozone/ozone/hadoop-hdds/common/target/test-classes:/home/runner/.m2/repository/org/hamcrest/hamcrest-core/1.3/hamcrest-core-1.3.jar:/home/runner/.m2/repository/org/assertj/assertj-core/3.12.2/assertj-core-3.12.2.jar:/home/runner/.m2/repository/org/mockito/mockito-core/3.5.9/mockito-core-3.5.9.jar:/home/runner/.m2/repository/net/bytebuddy/byte-buddy/1.10.13/byte-buddy-1.10.13.jar:/home/runner/.m2/repository/net/bytebuddy/byte-buddy-agent/1.10.13/byte-buddy-agent-1.10.13.jar:/home/runner/.m2/repository/org/objenesis/objenesis/1.0/objenesis-1.0.jar:/home/runner/.m2/repository/org/hamcrest/hamcrest-all/1.3/hamcrest-all-1.3.jar:/home/runner/.m2/repository/org/bouncycastle/bcprov-jdk15on/1.67/bcprov-jdk15on-1.67.jar:/home/runner/work/ozone/ozone/hadoop-hdds/hadoop-dependency-test/target/classes:/home/runner/.m2/repository/org/apache/hadoop/hadoop-common/3.3.6/hadoop-common-3.3.6-tests.jar:/home/runner/.m2/repository/org/apache/hadoop/hadoop-hdfs/3.3.6/hadoop-hdfs-3.3.6-tests.jar:/home/runner/.m2/repository/com/google/protobuf/protobuf-java/2.5.0/protobuf-java-2.5.0.jar:/home/runner/.m2/repository/org/junit/jupiter/junit-jupiter-api/5.8.2/junit-jupiter-api-5.8.2.jar:/home/runner/.m2/repository/org/opentest4j/opentest4j/1.2.0/opentest4j-1.2.0.jar:/home/runner/.m2/repository/org/junit/platform/junit-platform-commons/1.8.2/junit-platform-commons-1.8.2.jar:/home/runner/.m2/repository/org/apiguardian/apiguardian-api/1.1.2/apiguardian-api-1.1.2.jar:/home/runner/.m2/repository/org/junit/jupiter/junit-jupiter-engine/5.8.2/junit-jupiter-engine-5.8.2.jar:/home/runner/.m2/repository/org/junit/platform/junit-platform-engine/1.8.2/junit-platform-engine-1.8.2.jar:/home/runner/.m2/repository/org/junit/vintage/junit-vintage-engine/5.8.2/junit-vintage-engine-5.8.2.jar:/home/runner/.m2/repository/org/junit/platform/junit-platform-launcher/1.8.2/junit-platform-launcher-1.8.2.jar:/home/runner/.m2/repository/org/junit/jupiter/junit-jupiter-params/5.8.2/junit-jupiter-params-5.8.2.jar:/home/runner/.m2/repository/junit/junit/4.13.1/junit-4.13.1.jar:"/>
    <property name="java.vm.vendor" value="Temurin"/>
    <property name="sun.arch.data.model" value="64"/>
    <property name="test.build.dir" value="/home/runner/work/ozone/ozone/hadoop-hdds/server-scm/target/test-dir"/>
    <property name="test.cache.data" value=""/>
    <property name="java.vendor.url" value="https://adoptium.net/"/>
    <property name="user.timezone" value="Etc/UTC"/>
    <property name="java.vm.specification.version" value="1.8"/>
    <property name="os.name" value="Linux"/>
    <property name="test.build.data" value="/home/runner/work/ozone/ozone/hadoop-hdds/server-scm/target/test-dir"/>
    <property name="sun.java.launcher" value="SUN_STANDARD"/>
    <property name="sun.boot.library.path" value="/usr/lib/jvm/temurin-8-jdk-amd64/jre/lib/amd64"/>
    <property name="sun.java.command" value="/home/runner/work/ozone/ozone/hadoop-hdds/server-scm/target/surefire/surefirebooter5147970790872720222.jar /home/runner/work/ozone/ozone/hadoop-hdds/server-scm/target/surefire 2023-06-27T18-16-59_932-jvmRun1 surefire3836123704909593499tmp surefire_2872514485779559651116tmp"/>
    <property name="native.lib.tmp.dir" value="/tmp"/>
    <property name="surefire.test.class.path" value="/home/runner/work/ozone/ozone/hadoop-hdds/server-scm/target/test-classes:/home/runner/work/ozone/ozone/hadoop-hdds/server-scm/target/classes:/home/runner/work/ozone/ozone/hadoop-hdds/test-utils/target/classes:/home/runner/.m2/repository/com/google/guava/guava/32.0.0-jre/guava-32.0.0-jre.jar:/home/runner/.m2/repository/com/google/guava/failureaccess/1.0.1/failureaccess-1.0.1.jar:/home/runner/.m2/repository/com/google/guava/listenablefuture/9999.0-empty-to-avoid-conflict-with-guava/listenablefuture-9999.0-empty-to-avoid-conflict-with-guava.jar:/home/runner/.m2/repository/org/checkerframework/checker-qual/3.33.0/checker-qual-3.33.0.jar:/home/runner/.m2/repository/com/google/errorprone/error_prone_annotations/2.2.0/error_prone_annotations-2.2.0.jar:/home/runner/.m2/repository/com/google/j2objc/j2objc-annotations/2.8/j2objc-annotations-2.8.jar:/home/runner/.m2/repository/commons-io/commons-io/2.11.0/commons-io-2.11.0.jar:/home/runner/.m2/repository/commons-logging/commons-logging/1.2/commons-logging-1.2.jar:/home/runner/.m2/repository/ch/qos/reload4j/reload4j/1.2.22/reload4j-1.2.22.jar:/home/runner/.m2/repository/org/apache/commons/commons-lang3/3.7/commons-lang3-3.7.jar:/home/runner/.m2/repository/org/slf4j/slf4j-api/1.7.36/slf4j-api-1.7.36.jar:/home/runner/work/ozone/ozone/hadoop-hdds/common/target/classes:/home/runner/work/ozone/ozone/hadoop-hdds/hadoop-dependency-client/target/classes:/home/runner/.m2/repository/info/picocli/picocli/4.6.1/picocli-4.6.1.jar:/home/runner/.m2/repository/com/fasterxml/jackson/core/jackson-annotations/2.13.4/jackson-annotations-2.13.4.jar:/home/runner/.m2/repository/com/fasterxml/jackson/datatype/jackson-datatype-jsr310/2.13.4/jackson-datatype-jsr310-2.13.4.jar:/home/runner/.m2/repository/com/fasterxml/jackson/core/jackson-core/2.13.4/jackson-core-2.13.4.jar:/home/runner/work/ozone/ozone/hadoop-hdds/annotations/target/classes:/home/runner/work/ozone/ozone/hadoop-hdds/config/target/classes:/home/runner/.m2/repository/javax/annotation/javax.annotation-api/1.2/javax.annotation-api-1.2.jar:/home/runner/.m2/repository/org/apache/ratis/ratis-server/2.5.1/ratis-server-2.5.1.jar:/home/runner/.m2/repository/org/apache/ratis/ratis-thirdparty-misc/1.0.4/ratis-thirdparty-misc-1.0.4.jar:/home/runner/.m2/repository/org/apache/ratis/ratis-proto/2.5.1/ratis-proto-2.5.1.jar:/home/runner/.m2/repository/org/apache/ratis/ratis-common/2.5.1/ratis-common-2.5.1.jar:/home/runner/.m2/repository/org/apache/ratis/ratis-client/2.5.1/ratis-client-2.5.1.jar:/home/runner/.m2/repository/org/apache/ratis/ratis-server-api/2.5.1/ratis-server-api-2.5.1.jar:/home/runner/.m2/repository/org/apache/ratis/ratis-metrics/2.5.1/ratis-metrics-2.5.1.jar:/home/runner/.m2/repository/org/apache/ratis/ratis-netty/2.5.1/ratis-netty-2.5.1.jar:/home/runner/.m2/repository/org/apache/ratis/ratis-grpc/2.5.1/ratis-grpc-2.5.1.jar:/home/runner/.m2/repository/org/apache/logging/log4j/log4j-api/2.17.1/log4j-api-2.17.1.jar:/home/runner/.m2/repository/org/apache/commons/commons-pool2/2.6.0/commons-pool2-2.6.0.jar:/home/runner/.m2/repository/org/bouncycastle/bcpkix-jdk15on/1.67/bcpkix-jdk15on-1.67.jar:/home/runner/.m2/repository/commons-validator/commons-validator/1.6/commons-validator-1.6.jar:/home/runner/.m2/repository/commons-beanutils/commons-beanutils/1.9.4/commons-beanutils-1.9.4.jar:/home/runner/.m2/repository/commons-digester/commons-digester/1.8.1/commons-digester-1.8.1.jar:/home/runner/.m2/repository/commons-collections/commons-collections/3.2.2/commons-collections-3.2.2.jar:/home/runner/.m2/repository/io/jaegertracing/jaeger-client/1.6.0/jaeger-client-1.6.0.jar:/home/runner/.m2/repository/io/jaegertracing/jaeger-thrift/1.6.0/jaeger-thrift-1.6.0.jar:/home/runner/.m2/repository/org/apache/thrift/libthrift/0.14.1/libthrift-0.14.1.jar:/home/runner/.m2/repository/io/jaegertracing/jaeger-core/1.6.0/jaeger-core-1.6.0.jar:/home/runner/.m2/repository/io/jaegertracing/jaeger-tracerresolver/1.6.0/jaeger-tracerresolver-1.6.0.jar:/home/runner/.m2/repository/io/opentracing/contrib/opentracing-tracerresolver/0.1.8/opentracing-tracerresolver-0.1.8.jar:/home/runner/.m2/repository/org/jetbrains/kotlin/kotlin-stdlib/1.6.21/kotlin-stdlib-1.6.21.jar:/home/runner/.m2/repository/org/jetbrains/annotations/13.0/annotations-13.0.jar:/home/runner/.m2/repository/io/opentracing/opentracing-util/0.33.0/opentracing-util-0.33.0.jar:/home/runner/.m2/repository/io/opentracing/opentracing-api/0.33.0/opentracing-api-0.33.0.jar:/home/runner/.m2/repository/io/opentracing/opentracing-noop/0.33.0/opentracing-noop-0.33.0.jar:/home/runner/.m2/repository/org/yaml/snakeyaml/2.0/snakeyaml-2.0.jar:/home/runner/.m2/repository/org/reflections/reflections/0.9.11/reflections-0.9.11.jar:/home/runner/.m2/repository/org/javassist/javassist/3.21.0-GA/javassist-3.21.0-GA.jar:/home/runner/work/ozone/ozone/hadoop-hdds/interface-client/target/classes:/home/runner/.m2/repository/org/apache/hadoop/thirdparty/hadoop-shaded-protobuf_3_7/1.1.1/hadoop-shaded-protobuf_3_7-1.1.1.jar:/home/runner/work/ozone/ozone/hadoop-hdds/interface-admin/target/classes:/home/runner/.m2/repository/io/grpc/grpc-api/1.51.1/grpc-api-1.51.1.jar:/home/runner/.m2/repository/io/grpc/grpc-context/1.51.1/grpc-context-1.51.1.jar:/home/runner/work/ozone/ozone/hadoop-hdds/container-service/target/classes:/home/runner/.m2/repository/org/apache/commons/commons-compress/1.21/commons-compress-1.21.jar:/home/runner/.m2/repository/com/github/luben/zstd-jni/1.5.2-5/zstd-jni-1.5.2-5.jar:/home/runner/.m2/repository/commons-codec/commons-codec/1.15/commons-codec-1.15.jar:/home/runner/.m2/repository/javax/xml/bind/jaxb-api/2.3.0/jaxb-api-2.3.0.jar:/home/runner/.m2/repository/org/glassfish/jaxb/jaxb-runtime/2.3.0.1/jaxb-runtime-2.3.0.1.jar:/home/runner/.m2/repository/org/glassfish/jaxb/jaxb-core/2.3.0.1/jaxb-core-2.3.0.1.jar:/home/runner/.m2/repository/org/glassfish/jaxb/txw2/2.3.0.1/txw2-2.3.0.1.jar:/home/runner/.m2/repository/com/sun/istack/istack-commons-runtime/3.0.5/istack-commons-runtime-3.0.5.jar:/home/runner/.m2/repository/org/jvnet/staxex/stax-ex/1.7.8/stax-ex-1.7.8.jar:/home/runner/.m2/repository/com/sun/xml/fastinfoset/FastInfoset/1.2.13/FastInfoset-1.2.13.jar:/home/runner/.m2/repository/io/netty/netty-transport/4.1.86.Final/netty-transport-4.1.86.Final.jar:/home/runner/.m2/repository/io/netty/netty-common/4.1.86.Final/netty-common-4.1.86.Final.jar:/home/runner/.m2/repository/io/netty/netty-buffer/4.1.86.Final/netty-buffer-4.1.86.Final.jar:/home/runner/.m2/repository/io/netty/netty-resolver/4.1.86.Final/netty-resolver-4.1.86.Final.jar:/home/runner/.m2/repository/io/netty/netty-codec/4.1.86.Final/netty-codec-4.1.86.Final.jar:/home/runner/.m2/repository/io/netty/netty-handler/4.1.86.Final/netty-handler-4.1.86.Final.jar:/home/runner/.m2/repository/io/netty/netty-transport-native-unix-common/4.1.86.Final/netty-transport-native-unix-common-4.1.86.Final.jar:/home/runner/work/ozone/ozone/hadoop-hdds/client/target/classes:/home/runner/work/ozone/ozone/hadoop-hdds/erasurecode/target/classes:/home/runner/work/ozone/ozone/hadoop-hdds/hadoop-dependency-server/target/classes:/home/runner/.m2/repository/org/apache/hadoop/hadoop-annotations/3.3.6/hadoop-annotations-3.3.6.jar:/usr/lib/jvm/temurin-8-jdk-amd64/jre/../lib/tools.jar:/home/runner/.m2/repository/org/apache/hadoop/hadoop-common/3.3.6/hadoop-common-3.3.6.jar:/home/runner/.m2/repository/org/apache/hadoop/thirdparty/hadoop-shaded-guava/1.1.1/hadoop-shaded-guava-1.1.1.jar:/home/runner/.m2/repository/org/apache/httpcomponents/httpclient/4.5.13/httpclient-4.5.13.jar:/home/runner/.m2/repository/org/apache/httpcomponents/httpcore/4.4.13/httpcore-4.4.13.jar:/home/runner/.m2/repository/commons-net/commons-net/3.9.0/commons-net-3.9.0.jar:/home/runner/.m2/repository/javax/servlet/javax.servlet-api/3.1.0/javax.servlet-api-3.1.0.jar:/home/runner/.m2/repository/jakarta/activation/jakarta.activation-api/1.2.2/jakarta.activation-api-1.2.2.jar:/home/runner/.m2/repository/javax/servlet/jsp/jsp-api/2.1/jsp-api-2.1.jar:/home/runner/.m2/repository/com/sun/jersey/jersey-core/1.19/jersey-core-1.19.jar:/home/runner/.m2/repository/javax/ws/rs/jsr311-api/1.1.1/jsr311-api-1.1.1.jar:/home/runner/.m2/repository/com/sun/jersey/jersey-servlet/1.19/jersey-servlet-1.19.jar:/home/runner/.m2/repository/com/sun/jersey/jersey-server/1.19/jersey-server-1.19.jar:/home/runner/.m2/repository/com/google/re2j/re2j/1.1/re2j-1.1.jar:/home/runner/.m2/repository/com/google/code/gson/gson/2.9.0/gson-2.9.0.jar:/home/runner/.m2/repository/org/apache/hadoop/hadoop-auth/3.3.6/hadoop-auth-3.3.6.jar:/home/runner/.m2/repository/com/nimbusds/nimbus-jose-jwt/9.8.1/nimbus-jose-jwt-9.8.1.jar:/home/runner/.m2/repository/com/github/stephenc/jcip/jcip-annotations/1.0-1/jcip-annotations-1.0-1.jar:/home/runner/.m2/repository/com/jcraft/jsch/0.1.54/jsch-0.1.54.jar:/home/runner/.m2/repository/org/apache/kerby/kerb-core/1.0.1/kerb-core-1.0.1.jar:/home/runner/.m2/repository/org/apache/kerby/kerby-pkix/1.0.1/kerby-pkix-1.0.1.jar:/home/runner/.m2/repository/org/apache/kerby/kerby-asn1/1.0.1/kerby-asn1-1.0.1.jar:/home/runner/.m2/repository/org/apache/kerby/kerby-util/1.0.1/kerby-util-1.0.1.jar:/home/runner/.m2/repository/org/codehaus/woodstox/stax2-api/4.2.1/stax2-api-4.2.1.jar:/home/runner/.m2/repository/com/fasterxml/woodstox/woodstox-core/5.4.0/woodstox-core-5.4.0.jar:/home/runner/.m2/repository/dnsjava/dnsjava/2.1.7/dnsjava-2.1.7.jar:/home/runner/.m2/repository/org/xerial/snappy/snappy-java/1.1.8.2/snappy-java-1.1.8.2.jar:/home/runner/.m2/repository/commons-cli/commons-cli/1.2/commons-cli-1.2.jar:/home/runner/.m2/repository/org/apache/hadoop/hadoop-hdfs/3.3.6/hadoop-hdfs-3.3.6.jar:/home/runner/.m2/repository/org/eclipse/jetty/jetty-util-ajax/9.4.51.v20230217/jetty-util-ajax-9.4.51.v20230217.jar:/home/runner/.m2/repository/commons-daemon/commons-daemon/1.0.13/commons-daemon-1.0.13.jar:/home/runner/work/ozone/ozone/hadoop-hdds/framework/target/classes:/home/runner/work/ozone/ozone/hadoop-hdds/interface-server/target/classes:/home/runner/work/ozone/ozone/hadoop-hdds/managed-rocksdb/target/classes:/home/runner/.m2/repository/org/rocksdb/rocksdbjni/7.7.3/rocksdbjni-7.7.3.jar:/home/runner/.m2/repository/org/slf4j/slf4j-reload4j/1.7.36/slf4j-reload4j-1.7.36.jar:/home/runner/.m2/repository/org/apache/commons/commons-configuration2/2.1.1/commons-configuration2-2.1.1.jar:/home/runner/.m2/repository/commons-fileupload/commons-fileupload/1.5/commons-fileupload-1.5.jar:/home/runner/.m2/repository/org/apache/logging/log4j/log4j-core/2.17.1/log4j-core-2.17.1.jar:/home/runner/.m2/repository/com/lmax/disruptor/3.4.2/disruptor-3.4.2.jar:/home/runner/.m2/repository/org/eclipse/jetty/jetty-util/9.4.51.v20230217/jetty-util-9.4.51.v20230217.jar:/home/runner/.m2/repository/org/eclipse/jetty/jetty-server/9.4.51.v20230217/jetty-server-9.4.51.v20230217.jar:/home/runner/.m2/repository/org/eclipse/jetty/jetty-http/9.4.51.v20230217/jetty-http-9.4.51.v20230217.jar:/home/runner/.m2/repository/org/eclipse/jetty/jetty-io/9.4.51.v20230217/jetty-io-9.4.51.v20230217.jar:/home/runner/.m2/repository/org/eclipse/jetty/jetty-servlet/9.4.51.v20230217/jetty-servlet-9.4.51.v20230217.jar:/home/runner/.m2/repository/org/eclipse/jetty/jetty-security/9.4.51.v20230217/jetty-security-9.4.51.v20230217.jar:/home/runner/.m2/repository/org/eclipse/jetty/jetty-webapp/9.4.51.v20230217/jetty-webapp-9.4.51.v20230217.jar:/home/runner/.m2/repository/org/eclipse/jetty/jetty-xml/9.4.51.v20230217/jetty-xml-9.4.51.v20230217.jar:/home/runner/.m2/repository/io/prometheus/simpleclient_dropwizard/0.7.0/simpleclient_dropwizard-0.7.0.jar:/home/runner/.m2/repository/io/prometheus/simpleclient/0.7.0/simpleclient-0.7.0.jar:/home/runner/.m2/repository/io/prometheus/simpleclient_common/0.7.0/simpleclient_common-0.7.0.jar:/home/runner/work/ozone/ozone/hadoop-hdds/rocksdb-checkpoint-differ/target/classes:/home/runner/work/ozone/ozone/hadoop-hdds/rocks-native/target/classes:/home/runner/.m2/repository/org/awaitility/awaitility/4.2.0/awaitility-4.2.0.jar:/home/runner/.m2/repository/org/hamcrest/hamcrest/2.1/hamcrest-2.1.jar:/home/runner/work/ozone/ozone/hadoop-hdds/docs/target/classes:/home/runner/.m2/repository/io/dropwizard/metrics/metrics-core/3.2.4/metrics-core-3.2.4.jar:/home/runner/.m2/repository/com/github/spotbugs/spotbugs-annotations/3.1.12/spotbugs-annotations-3.1.12.jar:/home/runner/.m2/repository/com/google/code/findbugs/jsr305/3.0.0/jsr305-3.0.0.jar:/home/runner/.m2/repository/org/apache/commons/commons-math3/3.1.1/commons-math3-3.1.1.jar:/home/runner/.m2/repository/org/apache/commons/commons-text/1.10.0/commons-text-1.10.0.jar:/home/runner/.m2/repository/org/apache/hadoop/hadoop-hdfs-client/3.3.6/hadoop-hdfs-client-3.3.6.jar:/home/runner/.m2/repository/com/squareup/okhttp3/okhttp/4.9.3/okhttp-4.9.3.jar:/home/runner/.m2/repository/com/squareup/okio/okio/2.8.0/okio-2.8.0.jar:/home/runner/.m2/repository/org/jetbrains/kotlin/kotlin-stdlib-common/1.6.21/kotlin-stdlib-common-1.6.21.jar:/home/runner/.m2/repository/com/fasterxml/jackson/core/jackson-databind/2.13.4.2/jackson-databind-2.13.4.2.jar:/home/runner/work/ozone/ozone/hadoop-hdds/container-service/target/test-classes:/home/runner/work/ozone/ozone/hadoop-hdds/common/target/test-classes:/home/runner/.m2/repository/org/hamcrest/hamcrest-core/1.3/hamcrest-core-1.3.jar:/home/runner/.m2/repository/org/assertj/assertj-core/3.12.2/assertj-core-3.12.2.jar:/home/runner/.m2/repository/org/mockito/mockito-core/3.5.9/mockito-core-3.5.9.jar:/home/runner/.m2/repository/net/bytebuddy/byte-buddy/1.10.13/byte-buddy-1.10.13.jar:/home/runner/.m2/repository/net/bytebuddy/byte-buddy-agent/1.10.13/byte-buddy-agent-1.10.13.jar:/home/runner/.m2/repository/org/objenesis/objenesis/1.0/objenesis-1.0.jar:/home/runner/.m2/repository/org/hamcrest/hamcrest-all/1.3/hamcrest-all-1.3.jar:/home/runner/.m2/repository/org/bouncycastle/bcprov-jdk15on/1.67/bcprov-jdk15on-1.67.jar:/home/runner/work/ozone/ozone/hadoop-hdds/hadoop-dependency-test/target/classes:/home/runner/.m2/repository/org/apache/hadoop/hadoop-common/3.3.6/hadoop-common-3.3.6-tests.jar:/home/runner/.m2/repository/org/apache/hadoop/hadoop-hdfs/3.3.6/hadoop-hdfs-3.3.6-tests.jar:/home/runner/.m2/repository/com/google/protobuf/protobuf-java/2.5.0/protobuf-java-2.5.0.jar:/home/runner/.m2/repository/org/junit/jupiter/junit-jupiter-api/5.8.2/junit-jupiter-api-5.8.2.jar:/home/runner/.m2/repository/org/opentest4j/opentest4j/1.2.0/opentest4j-1.2.0.jar:/home/runner/.m2/repository/org/junit/platform/junit-platform-commons/1.8.2/junit-platform-commons-1.8.2.jar:/home/runner/.m2/repository/org/apiguardian/apiguardian-api/1.1.2/apiguardian-api-1.1.2.jar:/home/runner/.m2/repository/org/junit/jupiter/junit-jupiter-engine/5.8.2/junit-jupiter-engine-5.8.2.jar:/home/runner/.m2/repository/org/junit/platform/junit-platform-engine/1.8.2/junit-platform-engine-1.8.2.jar:/home/runner/.m2/repository/org/junit/vintage/junit-vintage-engine/5.8.2/junit-vintage-engine-5.8.2.jar:/home/runner/.m2/repository/org/junit/platform/junit-platform-launcher/1.8.2/junit-platform-launcher-1.8.2.jar:/home/runner/.m2/repository/org/junit/jupiter/junit-jupiter-params/5.8.2/junit-jupiter-params-5.8.2.jar:/home/runner/.m2/repository/junit/junit/4.13.1/junit-4.13.1.jar:"/>
    <property name="sun.cpu.endian" value="little"/>
    <property name="user.home" value="/home/runner"/>
    <property name="user.language" value="en"/>
    <property name="java.specification.vendor" value="Oracle Corporation"/>
    <property name="java.home" value="/usr/lib/jvm/temurin-8-jdk-amd64/jre"/>
    <property name="java.security.krb5.conf" value="/home/runner/work/ozone/ozone/hadoop-hdds/server-scm/target/test-classes/krb5.conf"/>
    <property name="basedir" value="/home/runner/work/ozone/ozone/hadoop-hdds/server-scm"/>
    <property name="file.separator" value="/"/>
    <property name="line.separator" value="&#10;"/>
    <property name="java.vm.specification.vendor" value="Oracle Corporation"/>
    <property name="java.specification.name" value="Java Platform API Specification"/>
    <property name="java.awt.graphicsenv" value="sun.awt.X11GraphicsEnvironment"/>
    <property name="skip.installnpx" value="true"/>
    <property name="surefire.real.class.path" value="/home/runner/work/ozone/ozone/hadoop-hdds/server-scm/target/surefire/surefirebooter5147970790872720222.jar:/home/runner/.m2/repository/org/jacoco/org.jacoco.agent/0.8.5/org.jacoco.agent-0.8.5-runtime.jar"/>
    <property name="hadoop.log.dir" value="/home/runner/work/ozone/ozone/hadoop-hdds/server-scm/target/log"/>
    <property name="sun.boot.class.path" value="/usr/lib/jvm/temurin-8-jdk-amd64/jre/lib/resources.jar:/usr/lib/jvm/temurin-8-jdk-amd64/jre/lib/rt.jar:/usr/lib/jvm/temurin-8-jdk-amd64/jre/lib/sunrsasign.jar:/usr/lib/jvm/temurin-8-jdk-amd64/jre/lib/jsse.jar:/usr/lib/jvm/temurin-8-jdk-amd64/jre/lib/jce.jar:/usr/lib/jvm/temurin-8-jdk-amd64/jre/lib/charsets.jar:/usr/lib/jvm/temurin-8-jdk-amd64/jre/lib/jfr.jar:/usr/lib/jvm/temurin-8-jdk-amd64/jre/classes"/>
    <property name="sun.management.compiler" value="HotSpot 64-Bit Tiered Compilers"/>
    <property name="skip.npx" value="true"/>
    <property name="java.runtime.version" value="1.8.0_372-b07"/>
    <property name="java.net.preferIPv4Stack" value="true"/>
    <property name="user.name" value="runner"/>
    <property name="path.separator" value=":"/>
    <property name="java.security.egd" value="file:///dev/urandom"/>
    <property name="os.version" value="5.15.0-1040-azure"/>
    <property name="java.endorsed.dirs" value="/usr/lib/jvm/temurin-8-jdk-amd64/jre/lib/endorsed"/>
    <property name="java.runtime.name" value="OpenJDK Runtime Environment"/>
    <property name="file.encoding" value="UTF-8"/>
    <property name="java.vm.name" value="OpenJDK 64-Bit Server VM"/>
    <property name="test.build.webapps" value=""/>
    <property name="localRepository" value="/home/runner/.m2/repository"/>
    <property name="java.vendor.url.bug" value="https://github.com/adoptium/adoptium-support/issues"/>
    <property name="java.io.tmpdir" value="/tmp"/>
    <property name="require.test.libhadoop" value=""/>
    <property name="java.version" value="1.8.0_372"/>
    <property name="user.dir" value="/home/runner/work/ozone/ozone/hadoop-hdds/server-scm"/>
    <property name="os.arch" value="amd64"/>
    <property name="java.vm.specification.name" value="Java Virtual Machine Specification"/>
    <property name="test.build.classes" value="/home/runner/work/ozone/ozone/hadoop-hdds/server-scm/target/test-classes"/>
    <property name="java.awt.printerjob" value="sun.print.PSPrinterJob"/>
    <property name="sun.os.patch.level" value="unknown"/>
    <property name="excludedGroups" value="native"/>
    <property name="hadoop.tmp.dir" value="/home/runner/work/ozone/ozone/hadoop-hdds/server-scm/target/tmp"/>
    <property name="java.library.path" value="/usr/java/packages/lib/amd64:/usr/lib64:/lib64:/lib:/usr/lib"/>
    <property name="java.vm.info" value="mixed mode"/>
    <property name="java.vendor" value="Temurin"/>
    <property name="java.vm.version" value="25.372-b07"/>
    <property name="java.specification.maintenance.version" value="4"/>
    <property name="java.ext.dirs" value="/usr/lib/jvm/temurin-8-jdk-amd64/jre/lib/ext:/usr/java/packages/lib/ext"/>
    <property name="sun.io.unicode.encoding" value="UnicodeLittle"/>
    <property name="java.class.version" value="52.0"/>
  </properties>
  <testcase name="containerBalancerShouldObeyMaxSizeToMoveLimit" classname="org.apache.hadoop.hdds.scm.container.balancer.TestContainerBalancerTask" time="2.8">
    <system-out><![CDATA[2023-06-27 18:42:08,603 [main] INFO  net.NodeSchemaLoader (NodeSchemaLoader.java:loadSchemaFromFile(129)) - Loading schema from [file:/home/runner/work/ozone/ozone/hadoop-hdds/common/target/classes/network-topology-default.xml]
2023-06-27 18:42:08,606 [main] INFO  net.NodeSchemaLoader (NodeSchemaLoader.java:loadSchema(176)) - Loading network topology layer schema file
2023-06-27 18:42:08,782 [main] INFO  reflections.Reflections (Reflections.java:scan(232)) - Reflections took 116 ms to scan 6 urls, producing 156 keys and 362 values 
2023-06-27 18:42:08,851 [main] INFO  net.NetworkTopologyImpl (NetworkTopologyImpl.java:add(112)) - Added a new node: /default-rack/ebdec5ec-42cd-4abc-bd97-10504e211c17
2023-06-27 18:42:08,853 [main] INFO  net.NetworkTopologyImpl (NetworkTopologyImpl.java:add(112)) - Added a new node: /default-rack/8d3fc52b-061c-44ee-8ee5-fbe82f074bc8
2023-06-27 18:42:08,854 [main] INFO  net.NetworkTopologyImpl (NetworkTopologyImpl.java:add(112)) - Added a new node: /default-rack/3ef6b20b-5bd8-4281-8696-a35a53cfc612
2023-06-27 18:42:08,854 [main] INFO  net.NetworkTopologyImpl (NetworkTopologyImpl.java:add(112)) - Added a new node: /default-rack/91db7719-dee4-4635-8cee-c3e20067e90d
2023-06-27 18:42:08,854 [main] INFO  net.NetworkTopologyImpl (NetworkTopologyImpl.java:add(112)) - Added a new node: /default-rack/5aea5d8a-4cff-4a9f-882b-9778b61e907b
2023-06-27 18:42:08,855 [main] INFO  net.NetworkTopologyImpl (NetworkTopologyImpl.java:add(112)) - Added a new node: /default-rack/df8742fc-db43-4f69-b27c-ad29f2c079dd
2023-06-27 18:42:08,855 [main] INFO  net.NetworkTopologyImpl (NetworkTopologyImpl.java:add(112)) - Added a new node: /default-rack/9e15598b-7ce6-4cee-a629-fbde1a6f7994
2023-06-27 18:42:08,855 [main] INFO  net.NetworkTopologyImpl (NetworkTopologyImpl.java:add(112)) - Added a new node: /default-rack/2f027c23-13c0-4bad-b6c4-244b1639ccb6
2023-06-27 18:42:08,856 [main] INFO  net.NetworkTopologyImpl (NetworkTopologyImpl.java:add(112)) - Added a new node: /default-rack/8c35db93-a57e-412e-b9dd-809b4816b07b
2023-06-27 18:42:08,857 [main] INFO  net.NetworkTopologyImpl (NetworkTopologyImpl.java:add(112)) - Added a new node: /default-rack/4181ce3a-b733-4d29-a851-981045ffe292
2023-06-27 18:42:08,870 [main] INFO  algorithms.ContainerPlacementPolicyFactory (ContainerPlacementPolicyFactory.java:getPolicyInternal(86)) - Create container placement policy of type org.apache.hadoop.hdds.scm.container.placement.algorithms.SCMContainerPlacementRackAware
2023-06-27 18:42:08,904 [main] INFO  algorithms.ContainerPlacementPolicyFactory (ContainerPlacementPolicyFactory.java:getPolicyInternal(86)) - Create container placement policy of type org.apache.hadoop.hdds.scm.container.placement.algorithms.SCMContainerPlacementRackScatter
2023-06-27 18:42:09,052 [main] DEBUG balancer.ContainerBalancerTask (ContainerBalancerTask.java:initializeIteration(374)) - Average utilization of the cluster is 0.3640967588184471
2023-06-27 18:42:09,055 [main] DEBUG balancer.ContainerBalancerTask (ContainerBalancerTask.java:initializeIteration(386)) - Lower limit for utilization is 0.3540967588184471 and Upper limit for utilization is 0.3740967588184471
2023-06-27 18:42:09,055 [main] DEBUG balancer.ContainerBalancerTask (ContainerBalancerTask.java:initializeIteration(398)) - Utilization for node 8d3fc52b-061c-44ee-8ee5-fbe82f074bc8 with capacity 59652323555B, used 53687091200B, and remaining 5965232355B is 0.9000000000083819
2023-06-27 18:42:09,056 [main] DEBUG balancer.ContainerBalancerTask (ContainerBalancerTask.java:initializeIteration(398)) - Utilization for node 4181ce3a-b733-4d29-a851-981045ffe292 with capacity 56371445760B, used 45097156608B, and remaining 11274289152B is 0.8
2023-06-27 18:42:09,056 [main] DEBUG balancer.ContainerBalancerTask (ContainerBalancerTask.java:initializeIteration(398)) - Utilization for node 91db7719-dee4-4635-8cee-c3e20067e90d with capacity 87433262811B, used 61203283968B, and remaining 26229978843B is 0.7000000000034312
2023-06-27 18:42:09,056 [main] DEBUG balancer.ContainerBalancerTask (ContainerBalancerTask.java:initializeIteration(398)) - Utilization for node ebdec5ec-42cd-4abc-bd97-10504e211c17 with capacity 98426333866B, used 59055800320B, and remaining 39370533546B is 0.600000000004064
2023-06-27 18:42:09,056 [main] DEBUG balancer.ContainerBalancerTask (ContainerBalancerTask.java:initializeIteration(398)) - Utilization for node df8742fc-db43-4f69-b27c-ad29f2c079dd with capacity 107374182400B, used 53687091200B, and remaining 53687091200B is 0.5
2023-06-27 18:42:09,057 [main] DEBUG balancer.ContainerBalancerTask (ContainerBalancerTask.java:initializeIteration(398)) - Utilization for node 2f027c23-13c0-4bad-b6c4-244b1639ccb6 with capacity 110058536960B, used 44023414784B, and remaining 66035122176B is 0.4
2023-06-27 18:42:09,059 [main] DEBUG balancer.ContainerBalancerTask (ContainerBalancerTask.java:initializeIteration(398)) - Utilization for node 9e15598b-7ce6-4cee-a629-fbde1a6f7994 with capacity 118111600640B, used 35433480192B, and remaining 82678120448B is 0.3
2023-06-27 18:42:09,059 [main] DEBUG balancer.ContainerBalancerTask (ContainerBalancerTask.java:initializeIteration(398)) - Utilization for node 5aea5d8a-4cff-4a9f-882b-9778b61e907b with capacity 182536110080B, used 36507222016B, and remaining 146028888064B is 0.2
2023-06-27 18:42:09,060 [main] DEBUG balancer.ContainerBalancerTask (ContainerBalancerTask.java:initializeIteration(398)) - Utilization for node 8c35db93-a57e-412e-b9dd-809b4816b07b with capacity 279172874240B, used 27917287424B, and remaining 251255586816B is 0.1
2023-06-27 18:42:09,060 [main] DEBUG balancer.ContainerBalancerTask (ContainerBalancerTask.java:initializeIteration(398)) - Utilization for node 3ef6b20b-5bd8-4281-8696-a35a53cfc612 with capacity 45097156608B, used 0B, and remaining 45097156608B is 0.0
2023-06-27 18:42:09,061 [main] INFO  balancer.ContainerBalancerTask (ContainerBalancerTask.java:initializeIteration(447)) - Container Balancer has identified 6 Over-Utilized and 4 Under-Utilized Datanodes that need to be balanced.
2023-06-27 18:42:09,061 [main] DEBUG balancer.ContainerBalancerTask (ContainerBalancerTask.java:lambda$initializeIteration$1(453)) - Datanode localhost-193.239.158.137 8d3fc52b-061c-44ee-8ee5-fbe82f074bc8 is Over-Utilized.
2023-06-27 18:42:09,062 [main] DEBUG balancer.ContainerBalancerTask (ContainerBalancerTask.java:lambda$initializeIteration$1(453)) - Datanode localhost-121.103.59.56 4181ce3a-b733-4d29-a851-981045ffe292 is Over-Utilized.
2023-06-27 18:42:09,062 [main] DEBUG balancer.ContainerBalancerTask (ContainerBalancerTask.java:lambda$initializeIteration$1(453)) - Datanode localhost-1.247.92.71 91db7719-dee4-4635-8cee-c3e20067e90d is Over-Utilized.
2023-06-27 18:42:09,062 [main] DEBUG balancer.ContainerBalancerTask (ContainerBalancerTask.java:lambda$initializeIteration$1(453)) - Datanode localhost-111.123.138.244 ebdec5ec-42cd-4abc-bd97-10504e211c17 is Over-Utilized.
2023-06-27 18:42:09,063 [main] DEBUG balancer.ContainerBalancerTask (ContainerBalancerTask.java:lambda$initializeIteration$1(453)) - Datanode localhost-126.207.164.30 df8742fc-db43-4f69-b27c-ad29f2c079dd is Over-Utilized.
2023-06-27 18:42:09,064 [main] DEBUG balancer.ContainerBalancerTask (ContainerBalancerTask.java:lambda$initializeIteration$1(453)) - Datanode localhost-188.37.243.248 2f027c23-13c0-4bad-b6c4-244b1639ccb6 is Over-Utilized.
2023-06-27 18:42:09,064 [main] DEBUG balancer.ContainerBalancerTask (ContainerBalancerTask.java:lambda$initializeIteration$2(459)) - Datanode localhost-112.52.104.184 3ef6b20b-5bd8-4281-8696-a35a53cfc612 is Under-Utilized.
2023-06-27 18:42:09,064 [main] DEBUG balancer.ContainerBalancerTask (ContainerBalancerTask.java:lambda$initializeIteration$2(459)) - Datanode localhost-89.150.227.24 8c35db93-a57e-412e-b9dd-809b4816b07b is Under-Utilized.
2023-06-27 18:42:09,065 [main] DEBUG balancer.ContainerBalancerTask (ContainerBalancerTask.java:lambda$initializeIteration$2(459)) - Datanode localhost-160.164.220.172 5aea5d8a-4cff-4a9f-882b-9778b61e907b is Under-Utilized.
2023-06-27 18:42:09,065 [main] DEBUG balancer.ContainerBalancerTask (ContainerBalancerTask.java:lambda$initializeIteration$2(459)) - Datanode localhost-94.127.121.151 9e15598b-7ce6-4cee-a629-fbde1a6f7994 is Under-Utilized.
2023-06-27 18:42:09,096 [main] DEBUG balancer.ContainerBalancerTask (ContainerBalancerTask.java:matchSourceWithTarget(706)) - ContainerBalancer is finding suitable target for source datanode 8d3fc52b-061c-44ee-8ee5-fbe82f074bc8
2023-06-27 18:42:09,100 [main] INFO  balancer.ContainerBalancerTask (ContainerBalancerTask.java:matchSourceWithTarget(720)) - ContainerBalancer matched source datanode 8d3fc52b-061c-44ee-8ee5-fbe82f074bc8 with target datanode 3ef6b20b-5bd8-4281-8696-a35a53cfc612 for container move.
2023-06-27 18:42:09,100 [main] INFO  balancer.ContainerBalancerTask (ContainerBalancerTask.java:processMoveSelection(569)) - ContainerBalancer is trying to move container #85 with size 5368709120B from source datanode 8d3fc52b-061c-44ee-8ee5-fbe82f074bc8 to target datanode 3ef6b20b-5bd8-4281-8696-a35a53cfc612
2023-06-27 18:42:09,110 [main] DEBUG balancer.ContainerBalancerTask (ContainerBalancerTask.java:lambda$moveContainer$3(834)) - Container move completed for container #85 from source 8d3fc52b-061c-44ee-8ee5-fbe82f074bc8 to target 3ef6b20b-5bd8-4281-8696-a35a53cfc612
2023-06-27 18:42:09,121 [main] DEBUG balancer.ContainerBalancerTask (ContainerBalancerTask.java:matchSourceWithTarget(706)) - ContainerBalancer is finding suitable target for source datanode 8d3fc52b-061c-44ee-8ee5-fbe82f074bc8
2023-06-27 18:42:09,122 [main] INFO  balancer.ContainerBalancerTask (ContainerBalancerTask.java:matchSourceWithTarget(720)) - ContainerBalancer matched source datanode 8d3fc52b-061c-44ee-8ee5-fbe82f074bc8 with target datanode 8c35db93-a57e-412e-b9dd-809b4816b07b for container move.
2023-06-27 18:42:09,122 [main] INFO  balancer.ContainerBalancerTask (ContainerBalancerTask.java:processMoveSelection(569)) - ContainerBalancer is trying to move container #53 with size 5368709120B from source datanode 8d3fc52b-061c-44ee-8ee5-fbe82f074bc8 to target datanode 8c35db93-a57e-412e-b9dd-809b4816b07b
2023-06-27 18:42:09,126 [main] DEBUG balancer.ContainerBalancerTask (ContainerBalancerTask.java:lambda$moveContainer$3(834)) - Container move completed for container #53 from source 8d3fc52b-061c-44ee-8ee5-fbe82f074bc8 to target 8c35db93-a57e-412e-b9dd-809b4816b07b
2023-06-27 18:42:09,127 [main] WARN  balancer.ContainerBalancerTask (ContainerBalancerTask.java:reachedMaxSizeToMovePerIteration(731)) - Reached max size to move limit. 10737418240 bytes have already been scheduled for balancing and the limit is 10737418240 bytes.
2023-06-27 18:42:09,128 [main] INFO  balancer.ContainerBalancerTask (ContainerBalancerTask.java:checkIterationMoveResults(640)) - Iteration Summary. Number of Datanodes involved: 3. Size moved: 10 GB (10737418240 Bytes). Number of Container moves completed: 2.
2023-06-27 18:42:09,128 [main] INFO  balancer.ContainerBalancerTask (ContainerBalancerTask.java:balance(259)) - Result of this iteration of Container Balancer: ITERATION_COMPLETED
2023-06-27 18:42:09,138 [main] INFO  balancer.ContainerBalancerTask (ContainerBalancerTask.java:tryStopWithSaveConfiguration(308)) - Save Configuration for stopping. Reason: Completed all iterations.
]]></system-out>
  </testcase>
  <testcase name="balancerShouldFollowExcludeAndIncludeDatanodesConfigurations" classname="org.apache.hadoop.hdds.scm.container.balancer.TestContainerBalancerTask" time="0.123">
    <system-out><![CDATA[2023-06-27 18:42:09,231 [main] INFO  net.NodeSchemaLoader (NodeSchemaLoader.java:loadSchemaFromFile(129)) - Loading schema from [file:/home/runner/work/ozone/ozone/hadoop-hdds/common/target/classes/network-topology-default.xml]
2023-06-27 18:42:09,231 [main] INFO  net.NodeSchemaLoader (NodeSchemaLoader.java:loadSchema(176)) - Loading network topology layer schema file
2023-06-27 18:42:09,235 [main] INFO  net.NetworkTopologyImpl (NetworkTopologyImpl.java:add(112)) - Added a new node: /default-rack/f912ec74-772b-412f-8f11-921f9780c75c
2023-06-27 18:42:09,236 [main] INFO  net.NetworkTopologyImpl (NetworkTopologyImpl.java:add(112)) - Added a new node: /default-rack/04231cbd-5c85-4c3d-b61f-c483acf5334f
2023-06-27 18:42:09,236 [main] INFO  net.NetworkTopologyImpl (NetworkTopologyImpl.java:add(112)) - Added a new node: /default-rack/86899c94-7734-40cb-93db-e74afabd915e
2023-06-27 18:42:09,236 [main] INFO  net.NetworkTopologyImpl (NetworkTopologyImpl.java:add(112)) - Added a new node: /default-rack/5177af42-f83a-4a58-9ff6-d17f096c5fc3
2023-06-27 18:42:09,237 [main] INFO  net.NetworkTopologyImpl (NetworkTopologyImpl.java:add(112)) - Added a new node: /default-rack/1c4baf41-baef-497a-be92-37b9e0204136
2023-06-27 18:42:09,237 [main] INFO  net.NetworkTopologyImpl (NetworkTopologyImpl.java:add(112)) - Added a new node: /default-rack/24bf1110-527d-48b3-916f-a76a871aa218
2023-06-27 18:42:09,237 [main] INFO  net.NetworkTopologyImpl (NetworkTopologyImpl.java:add(112)) - Added a new node: /default-rack/8017e1c4-8462-4a04-872d-096517602286
2023-06-27 18:42:09,238 [main] INFO  net.NetworkTopologyImpl (NetworkTopologyImpl.java:add(112)) - Added a new node: /default-rack/a6c29c91-72c0-4940-a90e-34a7995c1d68
2023-06-27 18:42:09,238 [main] INFO  net.NetworkTopologyImpl (NetworkTopologyImpl.java:add(112)) - Added a new node: /default-rack/075d7a4f-db32-45f3-8951-ed8257e3ccec
2023-06-27 18:42:09,239 [main] INFO  net.NetworkTopologyImpl (NetworkTopologyImpl.java:add(112)) - Added a new node: /default-rack/68205bff-d787-48a0-9120-95a7c14fbe1f
2023-06-27 18:42:09,239 [main] INFO  algorithms.ContainerPlacementPolicyFactory (ContainerPlacementPolicyFactory.java:getPolicyInternal(86)) - Create container placement policy of type org.apache.hadoop.hdds.scm.container.placement.algorithms.SCMContainerPlacementRackAware
2023-06-27 18:42:09,239 [main] INFO  algorithms.ContainerPlacementPolicyFactory (ContainerPlacementPolicyFactory.java:getPolicyInternal(86)) - Create container placement policy of type org.apache.hadoop.hdds.scm.container.placement.algorithms.SCMContainerPlacementRackScatter
2023-06-27 18:42:09,254 [main] DEBUG balancer.ContainerBalancerTask (ContainerBalancerTask.java:initializeIteration(374)) - Average utilization of the cluster is 0.24
2023-06-27 18:42:09,254 [main] DEBUG balancer.ContainerBalancerTask (ContainerBalancerTask.java:initializeIteration(386)) - Lower limit for utilization is 0.13999999999999999 and Upper limit for utilization is 0.33999999999999997
2023-06-27 18:42:09,254 [main] DEBUG balancer.ContainerBalancerTask (ContainerBalancerTask.java:initializeIteration(398)) - Utilization for node 5177af42-f83a-4a58-9ff6-d17f096c5fc3 with capacity 75161927680B, used 60129542144B, and remaining 15032385536B is 0.8
2023-06-27 18:42:09,254 [main] DEBUG balancer.ContainerBalancerTask (ContainerBalancerTask.java:initializeIteration(398)) - Utilization for node 04231cbd-5c85-4c3d-b61f-c483acf5334f with capacity 300647710720B, used 30064771072B, and remaining 270582939648B is 0.1
2023-06-27 18:42:09,255 [main] INFO  balancer.ContainerBalancerTask (ContainerBalancerTask.java:initializeIteration(447)) - Container Balancer has identified 1 Over-Utilized and 1 Under-Utilized Datanodes that need to be balanced.
2023-06-27 18:42:09,255 [main] DEBUG balancer.ContainerBalancerTask (ContainerBalancerTask.java:lambda$initializeIteration$1(453)) - Datanode localhost-235.169.248.184 5177af42-f83a-4a58-9ff6-d17f096c5fc3 is Over-Utilized.
2023-06-27 18:42:09,255 [main] DEBUG balancer.ContainerBalancerTask (ContainerBalancerTask.java:lambda$initializeIteration$2(459)) - Datanode localhost-192.201.57.153 04231cbd-5c85-4c3d-b61f-c483acf5334f is Under-Utilized.
2023-06-27 18:42:09,263 [main] DEBUG balancer.ContainerBalancerTask (ContainerBalancerTask.java:matchSourceWithTarget(706)) - ContainerBalancer is finding suitable target for source datanode 5177af42-f83a-4a58-9ff6-d17f096c5fc3
2023-06-27 18:42:09,264 [main] INFO  balancer.ContainerBalancerTask (ContainerBalancerTask.java:matchSourceWithTarget(720)) - ContainerBalancer matched source datanode 5177af42-f83a-4a58-9ff6-d17f096c5fc3 with target datanode 04231cbd-5c85-4c3d-b61f-c483acf5334f for container move.
2023-06-27 18:42:09,264 [main] INFO  balancer.ContainerBalancerTask (ContainerBalancerTask.java:processMoveSelection(569)) - ContainerBalancer is trying to move container #68 with size 5368709120B from source datanode 5177af42-f83a-4a58-9ff6-d17f096c5fc3 to target datanode 04231cbd-5c85-4c3d-b61f-c483acf5334f
2023-06-27 18:42:09,264 [main] DEBUG balancer.ContainerBalancerTask (ContainerBalancerTask.java:lambda$moveContainer$3(834)) - Container move completed for container #68 from source 5177af42-f83a-4a58-9ff6-d17f096c5fc3 to target 04231cbd-5c85-4c3d-b61f-c483acf5334f
2023-06-27 18:42:09,269 [main] DEBUG balancer.ContainerBalancerTask (ContainerBalancerTask.java:adaptOnReachingIterationLimits(780)) - Reached max datanodes to involve limit. 2 datanodes have already been selected for balancing and the limit is 2. Only already selected sources and targets can be involved in balancing now.
2023-06-27 18:42:09,281 [main] DEBUG balancer.ContainerBalancerTask (ContainerBalancerTask.java:matchSourceWithTarget(706)) - ContainerBalancer is finding suitable target for source datanode 5177af42-f83a-4a58-9ff6-d17f096c5fc3
2023-06-27 18:42:09,281 [main] INFO  balancer.ContainerBalancerTask (ContainerBalancerTask.java:matchSourceWithTarget(720)) - ContainerBalancer matched source datanode 5177af42-f83a-4a58-9ff6-d17f096c5fc3 with target datanode 04231cbd-5c85-4c3d-b61f-c483acf5334f for container move.
2023-06-27 18:42:09,281 [main] INFO  balancer.ContainerBalancerTask (ContainerBalancerTask.java:processMoveSelection(569)) - ContainerBalancer is trying to move container #53 with size 5368709120B from source datanode 5177af42-f83a-4a58-9ff6-d17f096c5fc3 to target datanode 04231cbd-5c85-4c3d-b61f-c483acf5334f
2023-06-27 18:42:09,282 [main] DEBUG balancer.ContainerBalancerTask (ContainerBalancerTask.java:lambda$moveContainer$3(834)) - Container move completed for container #53 from source 5177af42-f83a-4a58-9ff6-d17f096c5fc3 to target 04231cbd-5c85-4c3d-b61f-c483acf5334f
2023-06-27 18:42:09,287 [main] DEBUG balancer.ContainerBalancerTask (ContainerBalancerTask.java:matchSourceWithTarget(706)) - ContainerBalancer is finding suitable target for source datanode 5177af42-f83a-4a58-9ff6-d17f096c5fc3
2023-06-27 18:42:09,287 [main] INFO  balancer.FindTargetGreedyByUsageInfo (AbstractFindTargetGreedy.java:findTargetForContainerMove(133)) - Container Balancer could not find a target for source datanode 5177af42-f83a-4a58-9ff6-d17f096c5fc3
2023-06-27 18:42:09,288 [main] DEBUG balancer.ContainerBalancerTask (ContainerBalancerTask.java:matchSourceWithTarget(715)) - ContainerBalancer could not find a suitable target for source node 5177af42-f83a-4a58-9ff6-d17f096c5fc3.
2023-06-27 18:42:09,288 [main] INFO  balancer.FindSourceGreedy (FindSourceGreedy.java:getNextCandidateSourceDataNode(126)) - no more candidate source data node
2023-06-27 18:42:09,289 [main] INFO  balancer.ContainerBalancerTask (ContainerBalancerTask.java:checkIterationMoveResults(640)) - Iteration Summary. Number of Datanodes involved: 2. Size moved: 10 GB (10737418240 Bytes). Number of Container moves completed: 2.
2023-06-27 18:42:09,289 [main] INFO  balancer.ContainerBalancerTask (ContainerBalancerTask.java:balance(259)) - Result of this iteration of Container Balancer: ITERATION_COMPLETED
2023-06-27 18:42:09,290 [main] INFO  balancer.ContainerBalancerTask (ContainerBalancerTask.java:tryStopWithSaveConfiguration(308)) - Save Configuration for stopping. Reason: Completed all iterations.
]]></system-out>
  </testcase>
  <testcase name="unBalancedNodesListShouldBeEmptyWhenClusterIsBalanced" classname="org.apache.hadoop.hdds.scm.container.balancer.TestContainerBalancerTask" time="0.076">
    <system-out><![CDATA[2023-06-27 18:42:09,348 [main] INFO  net.NodeSchemaLoader (NodeSchemaLoader.java:loadSchemaFromFile(129)) - Loading schema from [file:/home/runner/work/ozone/ozone/hadoop-hdds/common/target/classes/network-topology-default.xml]
2023-06-27 18:42:09,348 [main] INFO  net.NodeSchemaLoader (NodeSchemaLoader.java:loadSchema(176)) - Loading network topology layer schema file
2023-06-27 18:42:09,356 [main] INFO  net.NetworkTopologyImpl (NetworkTopologyImpl.java:add(112)) - Added a new node: /default-rack/6e87f248-345b-43ff-9ad6-6a970bc47e0c
2023-06-27 18:42:09,356 [main] INFO  net.NetworkTopologyImpl (NetworkTopologyImpl.java:add(112)) - Added a new node: /default-rack/b2615392-13ba-480d-8435-1205a1687e2e
2023-06-27 18:42:09,356 [main] INFO  net.NetworkTopologyImpl (NetworkTopologyImpl.java:add(112)) - Added a new node: /default-rack/c58de8f3-5ec8-4198-a027-a0d61a4259a9
2023-06-27 18:42:09,357 [main] INFO  net.NetworkTopologyImpl (NetworkTopologyImpl.java:add(112)) - Added a new node: /default-rack/2a475c2e-2540-4f9a-b1fc-d3033ee7d8ae
2023-06-27 18:42:09,357 [main] INFO  net.NetworkTopologyImpl (NetworkTopologyImpl.java:add(112)) - Added a new node: /default-rack/f0bd56d6-c3a8-4fb7-b494-e55d1a0dd1f8
2023-06-27 18:42:09,357 [main] INFO  net.NetworkTopologyImpl (NetworkTopologyImpl.java:add(112)) - Added a new node: /default-rack/80ddbbb2-4bc7-4a4a-96d9-49c0eb2cc14b
2023-06-27 18:42:09,357 [main] INFO  net.NetworkTopologyImpl (NetworkTopologyImpl.java:add(112)) - Added a new node: /default-rack/8ecbdd13-4ddd-47c9-895d-061416e58c0d
2023-06-27 18:42:09,357 [main] INFO  net.NetworkTopologyImpl (NetworkTopologyImpl.java:add(112)) - Added a new node: /default-rack/940a0677-6d07-46eb-82c6-a93b7c67a8d6
2023-06-27 18:42:09,357 [main] INFO  net.NetworkTopologyImpl (NetworkTopologyImpl.java:add(112)) - Added a new node: /default-rack/b62481ba-61c8-4f45-9f77-f51950c7d305
2023-06-27 18:42:09,358 [main] INFO  net.NetworkTopologyImpl (NetworkTopologyImpl.java:add(112)) - Added a new node: /default-rack/3abc95d3-b325-4bdd-8c67-afc214aa30e7
2023-06-27 18:42:09,358 [main] INFO  algorithms.ContainerPlacementPolicyFactory (ContainerPlacementPolicyFactory.java:getPolicyInternal(86)) - Create container placement policy of type org.apache.hadoop.hdds.scm.container.placement.algorithms.SCMContainerPlacementRackAware
2023-06-27 18:42:09,358 [main] INFO  algorithms.ContainerPlacementPolicyFactory (ContainerPlacementPolicyFactory.java:getPolicyInternal(86)) - Create container placement policy of type org.apache.hadoop.hdds.scm.container.placement.algorithms.SCMContainerPlacementRackScatter
2023-06-27 18:42:09,366 [main] DEBUG balancer.ContainerBalancerTask (ContainerBalancerTask.java:initializeIteration(374)) - Average utilization of the cluster is 0.3535205802467269
2023-06-27 18:42:09,367 [main] DEBUG balancer.ContainerBalancerTask (ContainerBalancerTask.java:initializeIteration(386)) - Lower limit for utilization is -0.6463794197532731 and Upper limit for utilization is 1.3534205802467267
2023-06-27 18:42:09,367 [main] DEBUG balancer.ContainerBalancerTask (ContainerBalancerTask.java:initializeIteration(398)) - Utilization for node 2a475c2e-2540-4f9a-b1fc-d3033ee7d8ae with capacity 58459277084B, used 52613349376B, and remaining 5845927708B is 0.9000000000068423
2023-06-27 18:42:09,367 [main] DEBUG balancer.ContainerBalancerTask (ContainerBalancerTask.java:initializeIteration(398)) - Utilization for node 940a0677-6d07-46eb-82c6-a93b7c67a8d6 with capacity 72477573120B, used 57982058496B, and remaining 14495514624B is 0.8
2023-06-27 18:42:09,368 [main] DEBUG balancer.ContainerBalancerTask (ContainerBalancerTask.java:initializeIteration(398)) - Utilization for node 8ecbdd13-4ddd-47c9-895d-061416e58c0d with capacity 72094093897B, used 50465865728B, and remaining 21628228169B is 0.7000000000013871
2023-06-27 18:42:09,368 [main] DEBUG balancer.ContainerBalancerTask (ContainerBalancerTask.java:initializeIteration(398)) - Utilization for node 3abc95d3-b325-4bdd-8c67-afc214aa30e7 with capacity 69793218560B, used 41875931136B, and remaining 27917287424B is 0.6
2023-06-27 18:42:09,369 [main] DEBUG balancer.ContainerBalancerTask (ContainerBalancerTask.java:initializeIteration(398)) - Utilization for node c58de8f3-5ec8-4198-a027-a0d61a4259a9 with capacity 88046829568B, used 44023414784B, and remaining 44023414784B is 0.5
2023-06-27 18:42:09,370 [main] DEBUG balancer.ContainerBalancerTask (ContainerBalancerTask.java:initializeIteration(398)) - Utilization for node 80ddbbb2-4bc7-4a4a-96d9-49c0eb2cc14b with capacity 147639500800B, used 59055800320B, and remaining 88583700480B is 0.4
2023-06-27 18:42:09,370 [main] DEBUG balancer.ContainerBalancerTask (ContainerBalancerTask.java:initializeIteration(398)) - Utilization for node b62481ba-61c8-4f45-9f77-f51950c7d305 with capacity 118111600640B, used 35433480192B, and remaining 82678120448B is 0.3
2023-06-27 18:42:09,370 [main] DEBUG balancer.ContainerBalancerTask (ContainerBalancerTask.java:initializeIteration(398)) - Utilization for node f0bd56d6-c3a8-4fb7-b494-e55d1a0dd1f8 with capacity 139586437120B, used 27917287424B, and remaining 111669149696B is 0.2
2023-06-27 18:42:09,370 [main] DEBUG balancer.ContainerBalancerTask (ContainerBalancerTask.java:initializeIteration(398)) - Utilization for node b2615392-13ba-480d-8435-1205a1687e2e with capacity 343597383680B, used 34359738368B, and remaining 309237645312B is 0.1
2023-06-27 18:42:09,371 [main] DEBUG balancer.ContainerBalancerTask (ContainerBalancerTask.java:initializeIteration(398)) - Utilization for node 6e87f248-345b-43ff-9ad6-6a970bc47e0c with capacity 32212254720B, used 0B, and remaining 32212254720B is 0.0
2023-06-27 18:42:09,371 [main] INFO  balancer.ContainerBalancerTask (ContainerBalancerTask.java:initializeIteration(443)) - Did not find any unbalanced Datanodes.
2023-06-27 18:42:09,372 [main] INFO  balancer.ContainerBalancerTask (ContainerBalancerTask.java:tryStopWithSaveConfiguration(308)) - Save Configuration for stopping. Reason: Could not initialize ContainerBalancer's iteration number 0
]]></system-out>
  </testcase>
  <testcase name="containerMoveSelectionShouldFollowPlacementPolicy" classname="org.apache.hadoop.hdds.scm.container.balancer.TestContainerBalancerTask" time="0.149">
    <system-out><![CDATA[2023-06-27 18:42:09,422 [main] INFO  net.NodeSchemaLoader (NodeSchemaLoader.java:loadSchemaFromFile(129)) - Loading schema from [file:/home/runner/work/ozone/ozone/hadoop-hdds/common/target/classes/network-topology-default.xml]
2023-06-27 18:42:09,422 [main] INFO  net.NodeSchemaLoader (NodeSchemaLoader.java:loadSchema(176)) - Loading network topology layer schema file
2023-06-27 18:42:09,427 [main] INFO  net.NetworkTopologyImpl (NetworkTopologyImpl.java:add(112)) - Added a new node: /default-rack/03f71d0d-44f3-4aa1-8cdf-a9ee2f388af3
2023-06-27 18:42:09,427 [main] INFO  net.NetworkTopologyImpl (NetworkTopologyImpl.java:add(112)) - Added a new node: /default-rack/380e7b48-5408-49b6-974e-d20d2ce4e68d
2023-06-27 18:42:09,428 [main] INFO  net.NetworkTopologyImpl (NetworkTopologyImpl.java:add(112)) - Added a new node: /default-rack/e2e531dd-85d0-47a2-8b94-c2894ce12b22
2023-06-27 18:42:09,428 [main] INFO  net.NetworkTopologyImpl (NetworkTopologyImpl.java:add(112)) - Added a new node: /default-rack/4fa07baf-48bf-4082-9951-fab9de21600e
2023-06-27 18:42:09,428 [main] INFO  net.NetworkTopologyImpl (NetworkTopologyImpl.java:add(112)) - Added a new node: /default-rack/dce6c9ee-fd65-4b50-a4af-1061754fed5b
2023-06-27 18:42:09,429 [main] INFO  net.NetworkTopologyImpl (NetworkTopologyImpl.java:add(112)) - Added a new node: /default-rack/c6a06f02-0ef6-4e53-85ec-d569725f8717
2023-06-27 18:42:09,429 [main] INFO  net.NetworkTopologyImpl (NetworkTopologyImpl.java:add(112)) - Added a new node: /default-rack/89fe587b-4e52-4380-b71d-36b0b4d84089
2023-06-27 18:42:09,429 [main] INFO  net.NetworkTopologyImpl (NetworkTopologyImpl.java:add(112)) - Added a new node: /default-rack/200c0b8e-819e-4c41-815d-cd61fbca45e6
2023-06-27 18:42:09,430 [main] INFO  net.NetworkTopologyImpl (NetworkTopologyImpl.java:add(112)) - Added a new node: /default-rack/f3256d38-058e-44d4-b334-aff20c157e2b
2023-06-27 18:42:09,430 [main] INFO  net.NetworkTopologyImpl (NetworkTopologyImpl.java:add(112)) - Added a new node: /default-rack/869248d3-3b31-426c-b2d6-339d4a29eef1
2023-06-27 18:42:09,430 [main] INFO  algorithms.ContainerPlacementPolicyFactory (ContainerPlacementPolicyFactory.java:getPolicyInternal(86)) - Create container placement policy of type org.apache.hadoop.hdds.scm.container.placement.algorithms.SCMContainerPlacementRackAware
2023-06-27 18:42:09,431 [main] INFO  algorithms.ContainerPlacementPolicyFactory (ContainerPlacementPolicyFactory.java:getPolicyInternal(86)) - Create container placement policy of type org.apache.hadoop.hdds.scm.container.placement.algorithms.SCMContainerPlacementRackScatter
2023-06-27 18:42:09,439 [main] DEBUG balancer.ContainerBalancerTask (ContainerBalancerTask.java:initializeIteration(374)) - Average utilization of the cluster is 0.37158981256806417
2023-06-27 18:42:09,439 [main] DEBUG balancer.ContainerBalancerTask (ContainerBalancerTask.java:initializeIteration(386)) - Lower limit for utilization is 0.27158981256806414 and Upper limit for utilization is 0.4715898125680642
2023-06-27 18:42:09,439 [main] DEBUG balancer.ContainerBalancerTask (ContainerBalancerTask.java:initializeIteration(398)) - Utilization for node 4fa07baf-48bf-4082-9951-fab9de21600e with capacity 56073184142B, used 50465865728B, and remaining 5607318414B is 0.9000000000035667
2023-06-27 18:42:09,439 [main] DEBUG balancer.ContainerBalancerTask (ContainerBalancerTask.java:initializeIteration(398)) - Utilization for node 200c0b8e-819e-4c41-815d-cd61fbca45e6 with capacity 71135395840B, used 56908316672B, and remaining 14227079168B is 0.8
2023-06-27 18:42:09,440 [main] DEBUG balancer.ContainerBalancerTask (ContainerBalancerTask.java:initializeIteration(398)) - Utilization for node c6a06f02-0ef6-4e53-85ec-d569725f8717 with capacity 53687091200B, used 37580963840B, and remaining 16106127360B is 0.7
2023-06-27 18:42:09,440 [main] DEBUG balancer.ContainerBalancerTask (ContainerBalancerTask.java:initializeIteration(398)) - Utilization for node 89fe587b-4e52-4380-b71d-36b0b4d84089 with capacity 89478485333B, used 53687091200B, and remaining 35791394133B is 0.6000000000022352
2023-06-27 18:42:09,440 [main] DEBUG balancer.ContainerBalancerTask (ContainerBalancerTask.java:initializeIteration(398)) - Utilization for node dce6c9ee-fd65-4b50-a4af-1061754fed5b with capacity 107374182400B, used 53687091200B, and remaining 53687091200B is 0.5
2023-06-27 18:42:09,441 [main] DEBUG balancer.ContainerBalancerTask (ContainerBalancerTask.java:initializeIteration(398)) - Utilization for node e2e531dd-85d0-47a2-8b94-c2894ce12b22 with capacity 99321118720B, used 39728447488B, and remaining 59592671232B is 0.4
2023-06-27 18:42:09,442 [main] DEBUG balancer.ContainerBalancerTask (ContainerBalancerTask.java:initializeIteration(398)) - Utilization for node 869248d3-3b31-426c-b2d6-339d4a29eef1 with capacity 71582788266B, used 21474836480B, and remaining 50107951786B is 0.300000000002794
2023-06-27 18:42:09,442 [main] DEBUG balancer.ContainerBalancerTask (ContainerBalancerTask.java:initializeIteration(398)) - Utilization for node 380e7b48-5408-49b6-974e-d20d2ce4e68d with capacity 204010946560B, used 40802189312B, and remaining 163208757248B is 0.2
2023-06-27 18:42:09,442 [main] DEBUG balancer.ContainerBalancerTask (ContainerBalancerTask.java:initializeIteration(398)) - Utilization for node f3256d38-058e-44d4-b334-aff20c157e2b with capacity 246960619520B, used 24696061952B, and remaining 222264557568B is 0.1
2023-06-27 18:42:09,442 [main] DEBUG balancer.ContainerBalancerTask (ContainerBalancerTask.java:initializeIteration(398)) - Utilization for node 03f71d0d-44f3-4aa1-8cdf-a9ee2f388af3 with capacity 20401094656B, used 0B, and remaining 20401094656B is 0.0
2023-06-27 18:42:09,442 [main] INFO  balancer.ContainerBalancerTask (ContainerBalancerTask.java:initializeIteration(447)) - Container Balancer has identified 5 Over-Utilized and 3 Under-Utilized Datanodes that need to be balanced.
2023-06-27 18:42:09,443 [main] DEBUG balancer.ContainerBalancerTask (ContainerBalancerTask.java:lambda$initializeIteration$1(453)) - Datanode localhost-121.17.15.45 4fa07baf-48bf-4082-9951-fab9de21600e is Over-Utilized.
2023-06-27 18:42:09,443 [main] DEBUG balancer.ContainerBalancerTask (ContainerBalancerTask.java:lambda$initializeIteration$1(453)) - Datanode localhost-95.79.115.153 200c0b8e-819e-4c41-815d-cd61fbca45e6 is Over-Utilized.
2023-06-27 18:42:09,444 [main] DEBUG balancer.ContainerBalancerTask (ContainerBalancerTask.java:lambda$initializeIteration$1(453)) - Datanode localhost-187.16.180.210 c6a06f02-0ef6-4e53-85ec-d569725f8717 is Over-Utilized.
2023-06-27 18:42:09,444 [main] DEBUG balancer.ContainerBalancerTask (ContainerBalancerTask.java:lambda$initializeIteration$1(453)) - Datanode localhost-81.123.220.202 89fe587b-4e52-4380-b71d-36b0b4d84089 is Over-Utilized.
2023-06-27 18:42:09,444 [main] DEBUG balancer.ContainerBalancerTask (ContainerBalancerTask.java:lambda$initializeIteration$1(453)) - Datanode localhost-86.32.134.4 dce6c9ee-fd65-4b50-a4af-1061754fed5b is Over-Utilized.
2023-06-27 18:42:09,445 [main] DEBUG balancer.ContainerBalancerTask (ContainerBalancerTask.java:lambda$initializeIteration$2(459)) - Datanode localhost-66.165.111.180 03f71d0d-44f3-4aa1-8cdf-a9ee2f388af3 is Under-Utilized.
2023-06-27 18:42:09,445 [main] DEBUG balancer.ContainerBalancerTask (ContainerBalancerTask.java:lambda$initializeIteration$2(459)) - Datanode localhost-252.56.194.86 f3256d38-058e-44d4-b334-aff20c157e2b is Under-Utilized.
2023-06-27 18:42:09,445 [main] DEBUG balancer.ContainerBalancerTask (ContainerBalancerTask.java:lambda$initializeIteration$2(459)) - Datanode localhost-135.138.171.180 380e7b48-5408-49b6-974e-d20d2ce4e68d is Under-Utilized.
2023-06-27 18:42:09,451 [main] DEBUG balancer.ContainerBalancerTask (ContainerBalancerTask.java:matchSourceWithTarget(706)) - ContainerBalancer is finding suitable target for source datanode 4fa07baf-48bf-4082-9951-fab9de21600e
2023-06-27 18:42:09,451 [main] INFO  balancer.ContainerBalancerTask (ContainerBalancerTask.java:matchSourceWithTarget(720)) - ContainerBalancer matched source datanode 4fa07baf-48bf-4082-9951-fab9de21600e with target datanode 03f71d0d-44f3-4aa1-8cdf-a9ee2f388af3 for container move.
2023-06-27 18:42:09,452 [main] INFO  balancer.ContainerBalancerTask (ContainerBalancerTask.java:processMoveSelection(569)) - ContainerBalancer is trying to move container #85 with size 5368709120B from source datanode 4fa07baf-48bf-4082-9951-fab9de21600e to target datanode 03f71d0d-44f3-4aa1-8cdf-a9ee2f388af3
2023-06-27 18:42:09,452 [main] DEBUG balancer.ContainerBalancerTask (ContainerBalancerTask.java:lambda$moveContainer$3(834)) - Container move completed for container #85 from source 4fa07baf-48bf-4082-9951-fab9de21600e to target 03f71d0d-44f3-4aa1-8cdf-a9ee2f388af3
2023-06-27 18:42:09,457 [main] DEBUG balancer.ContainerBalancerTask (ContainerBalancerTask.java:matchSourceWithTarget(706)) - ContainerBalancer is finding suitable target for source datanode 4fa07baf-48bf-4082-9951-fab9de21600e
2023-06-27 18:42:09,458 [main] INFO  balancer.ContainerBalancerTask (ContainerBalancerTask.java:matchSourceWithTarget(720)) - ContainerBalancer matched source datanode 4fa07baf-48bf-4082-9951-fab9de21600e with target datanode f3256d38-058e-44d4-b334-aff20c157e2b for container move.
2023-06-27 18:42:09,458 [main] INFO  balancer.ContainerBalancerTask (ContainerBalancerTask.java:processMoveSelection(569)) - ContainerBalancer is trying to move container #84 with size 4294967296B from source datanode 4fa07baf-48bf-4082-9951-fab9de21600e to target datanode f3256d38-058e-44d4-b334-aff20c157e2b
2023-06-27 18:42:09,459 [main] DEBUG balancer.ContainerBalancerTask (ContainerBalancerTask.java:lambda$moveContainer$3(834)) - Container move completed for container #84 from source 4fa07baf-48bf-4082-9951-fab9de21600e to target f3256d38-058e-44d4-b334-aff20c157e2b
2023-06-27 18:42:09,465 [main] DEBUG balancer.ContainerBalancerTask (ContainerBalancerTask.java:matchSourceWithTarget(706)) - ContainerBalancer is finding suitable target for source datanode 200c0b8e-819e-4c41-815d-cd61fbca45e6
2023-06-27 18:42:09,466 [main] INFO  balancer.ContainerBalancerTask (ContainerBalancerTask.java:matchSourceWithTarget(720)) - ContainerBalancer matched source datanode 200c0b8e-819e-4c41-815d-cd61fbca45e6 with target datanode f3256d38-058e-44d4-b334-aff20c157e2b for container move.
2023-06-27 18:42:09,466 [main] INFO  balancer.ContainerBalancerTask (ContainerBalancerTask.java:processMoveSelection(569)) - ContainerBalancer is trying to move container #68 with size 5368709120B from source datanode 200c0b8e-819e-4c41-815d-cd61fbca45e6 to target datanode f3256d38-058e-44d4-b334-aff20c157e2b
2023-06-27 18:42:09,466 [main] DEBUG balancer.ContainerBalancerTask (ContainerBalancerTask.java:lambda$moveContainer$3(834)) - Container move completed for container #68 from source 200c0b8e-819e-4c41-815d-cd61fbca45e6 to target f3256d38-058e-44d4-b334-aff20c157e2b
2023-06-27 18:42:09,470 [main] DEBUG balancer.ContainerBalancerTask (ContainerBalancerTask.java:matchSourceWithTarget(706)) - ContainerBalancer is finding suitable target for source datanode 4fa07baf-48bf-4082-9951-fab9de21600e
2023-06-27 18:42:09,470 [main] INFO  balancer.ContainerBalancerTask (ContainerBalancerTask.java:matchSourceWithTarget(720)) - ContainerBalancer matched source datanode 4fa07baf-48bf-4082-9951-fab9de21600e with target datanode f3256d38-058e-44d4-b334-aff20c157e2b for container move.
2023-06-27 18:42:09,470 [main] INFO  balancer.ContainerBalancerTask (ContainerBalancerTask.java:processMoveSelection(569)) - ContainerBalancer is trying to move container #67 with size 4294967296B from source datanode 4fa07baf-48bf-4082-9951-fab9de21600e to target datanode f3256d38-058e-44d4-b334-aff20c157e2b
2023-06-27 18:42:09,471 [main] DEBUG balancer.ContainerBalancerTask (ContainerBalancerTask.java:lambda$moveContainer$3(834)) - Container move completed for container #67 from source 4fa07baf-48bf-4082-9951-fab9de21600e to target f3256d38-058e-44d4-b334-aff20c157e2b
2023-06-27 18:42:09,475 [main] DEBUG balancer.ContainerBalancerTask (ContainerBalancerTask.java:matchSourceWithTarget(706)) - ContainerBalancer is finding suitable target for source datanode 200c0b8e-819e-4c41-815d-cd61fbca45e6
2023-06-27 18:42:09,476 [main] INFO  balancer.ContainerBalancerTask (ContainerBalancerTask.java:matchSourceWithTarget(720)) - ContainerBalancer matched source datanode 200c0b8e-819e-4c41-815d-cd61fbca45e6 with target datanode f3256d38-058e-44d4-b334-aff20c157e2b for container move.
2023-06-27 18:42:09,476 [main] INFO  balancer.ContainerBalancerTask (ContainerBalancerTask.java:processMoveSelection(569)) - ContainerBalancer is trying to move container #52 with size 4294967296B from source datanode 200c0b8e-819e-4c41-815d-cd61fbca45e6 to target datanode f3256d38-058e-44d4-b334-aff20c157e2b
2023-06-27 18:42:09,476 [main] DEBUG balancer.ContainerBalancerTask (ContainerBalancerTask.java:lambda$moveContainer$3(834)) - Container move completed for container #52 from source 200c0b8e-819e-4c41-815d-cd61fbca45e6 to target f3256d38-058e-44d4-b334-aff20c157e2b
2023-06-27 18:42:09,479 [main] DEBUG balancer.ContainerBalancerTask (ContainerBalancerTask.java:matchSourceWithTarget(706)) - ContainerBalancer is finding suitable target for source datanode c6a06f02-0ef6-4e53-85ec-d569725f8717
2023-06-27 18:42:09,480 [main] INFO  balancer.ContainerBalancerTask (ContainerBalancerTask.java:matchSourceWithTarget(720)) - ContainerBalancer matched source datanode c6a06f02-0ef6-4e53-85ec-d569725f8717 with target datanode f3256d38-058e-44d4-b334-aff20c157e2b for container move.
2023-06-27 18:42:09,480 [main] INFO  balancer.ContainerBalancerTask (ContainerBalancerTask.java:processMoveSelection(569)) - ContainerBalancer is trying to move container #40 with size 5368709120B from source datanode c6a06f02-0ef6-4e53-85ec-d569725f8717 to target datanode f3256d38-058e-44d4-b334-aff20c157e2b
2023-06-27 18:42:09,480 [main] DEBUG balancer.ContainerBalancerTask (ContainerBalancerTask.java:lambda$moveContainer$3(834)) - Container move completed for container #40 from source c6a06f02-0ef6-4e53-85ec-d569725f8717 to target f3256d38-058e-44d4-b334-aff20c157e2b
2023-06-27 18:42:09,485 [main] DEBUG balancer.ContainerBalancerTask (ContainerBalancerTask.java:matchSourceWithTarget(706)) - ContainerBalancer is finding suitable target for source datanode 200c0b8e-819e-4c41-815d-cd61fbca45e6
2023-06-27 18:42:09,485 [main] INFO  balancer.ContainerBalancerTask (ContainerBalancerTask.java:matchSourceWithTarget(720)) - ContainerBalancer matched source datanode 200c0b8e-819e-4c41-815d-cd61fbca45e6 with target datanode f3256d38-058e-44d4-b334-aff20c157e2b for container move.
2023-06-27 18:42:09,487 [main] INFO  balancer.ContainerBalancerTask (ContainerBalancerTask.java:processMoveSelection(569)) - ContainerBalancer is trying to move container #71 with size 3221225472B from source datanode 200c0b8e-819e-4c41-815d-cd61fbca45e6 to target datanode f3256d38-058e-44d4-b334-aff20c157e2b
2023-06-27 18:42:09,487 [main] DEBUG balancer.ContainerBalancerTask (ContainerBalancerTask.java:lambda$moveContainer$3(834)) - Container move completed for container #71 from source 200c0b8e-819e-4c41-815d-cd61fbca45e6 to target f3256d38-058e-44d4-b334-aff20c157e2b
2023-06-27 18:42:09,495 [main] DEBUG balancer.ContainerBalancerTask (ContainerBalancerTask.java:matchSourceWithTarget(706)) - ContainerBalancer is finding suitable target for source datanode 4fa07baf-48bf-4082-9951-fab9de21600e
2023-06-27 18:42:09,496 [main] INFO  balancer.ContainerBalancerTask (ContainerBalancerTask.java:matchSourceWithTarget(720)) - ContainerBalancer matched source datanode 4fa07baf-48bf-4082-9951-fab9de21600e with target datanode 380e7b48-5408-49b6-974e-d20d2ce4e68d for container move.
2023-06-27 18:42:09,496 [main] INFO  balancer.ContainerBalancerTask (ContainerBalancerTask.java:processMoveSelection(569)) - ContainerBalancer is trying to move container #83 with size 3221225472B from source datanode 4fa07baf-48bf-4082-9951-fab9de21600e to target datanode 380e7b48-5408-49b6-974e-d20d2ce4e68d
2023-06-27 18:42:09,497 [main] DEBUG balancer.ContainerBalancerTask (ContainerBalancerTask.java:lambda$moveContainer$3(834)) - Container move completed for container #83 from source 4fa07baf-48bf-4082-9951-fab9de21600e to target 380e7b48-5408-49b6-974e-d20d2ce4e68d
2023-06-27 18:42:09,502 [main] DEBUG balancer.ContainerBalancerTask (ContainerBalancerTask.java:matchSourceWithTarget(706)) - ContainerBalancer is finding suitable target for source datanode 200c0b8e-819e-4c41-815d-cd61fbca45e6
2023-06-27 18:42:09,502 [main] INFO  balancer.ContainerBalancerTask (ContainerBalancerTask.java:matchSourceWithTarget(720)) - ContainerBalancer matched source datanode 200c0b8e-819e-4c41-815d-cd61fbca45e6 with target datanode f3256d38-058e-44d4-b334-aff20c157e2b for container move.
2023-06-27 18:42:09,503 [main] INFO  balancer.ContainerBalancerTask (ContainerBalancerTask.java:processMoveSelection(569)) - ContainerBalancer is trying to move container #66 with size 3221225472B from source datanode 200c0b8e-819e-4c41-815d-cd61fbca45e6 to target datanode f3256d38-058e-44d4-b334-aff20c157e2b
2023-06-27 18:42:09,503 [main] DEBUG balancer.ContainerBalancerTask (ContainerBalancerTask.java:lambda$moveContainer$3(834)) - Container move completed for container #66 from source 200c0b8e-819e-4c41-815d-cd61fbca45e6 to target f3256d38-058e-44d4-b334-aff20c157e2b
2023-06-27 18:42:09,510 [main] DEBUG balancer.ContainerBalancerTask (ContainerBalancerTask.java:matchSourceWithTarget(706)) - ContainerBalancer is finding suitable target for source datanode 89fe587b-4e52-4380-b71d-36b0b4d84089
2023-06-27 18:42:09,511 [main] INFO  balancer.ContainerBalancerTask (ContainerBalancerTask.java:matchSourceWithTarget(720)) - ContainerBalancer matched source datanode 89fe587b-4e52-4380-b71d-36b0b4d84089 with target datanode 380e7b48-5408-49b6-974e-d20d2ce4e68d for container move.
2023-06-27 18:42:09,511 [main] INFO  balancer.ContainerBalancerTask (ContainerBalancerTask.java:processMoveSelection(569)) - ContainerBalancer is trying to move container #53 with size 5368709120B from source datanode 89fe587b-4e52-4380-b71d-36b0b4d84089 to target datanode 380e7b48-5408-49b6-974e-d20d2ce4e68d
2023-06-27 18:42:09,511 [main] DEBUG balancer.ContainerBalancerTask (ContainerBalancerTask.java:lambda$moveContainer$3(834)) - Container move completed for container #53 from source 89fe587b-4e52-4380-b71d-36b0b4d84089 to target 380e7b48-5408-49b6-974e-d20d2ce4e68d
2023-06-27 18:42:09,513 [main] DEBUG balancer.ContainerBalancerTask (ContainerBalancerTask.java:matchSourceWithTarget(706)) - ContainerBalancer is finding suitable target for source datanode c6a06f02-0ef6-4e53-85ec-d569725f8717
2023-06-27 18:42:09,514 [main] INFO  balancer.ContainerBalancerTask (ContainerBalancerTask.java:matchSourceWithTarget(720)) - ContainerBalancer matched source datanode c6a06f02-0ef6-4e53-85ec-d569725f8717 with target datanode f3256d38-058e-44d4-b334-aff20c157e2b for container move.
2023-06-27 18:42:09,514 [main] INFO  balancer.ContainerBalancerTask (ContainerBalancerTask.java:processMoveSelection(569)) - ContainerBalancer is trying to move container #51 with size 3221225472B from source datanode c6a06f02-0ef6-4e53-85ec-d569725f8717 to target datanode f3256d38-058e-44d4-b334-aff20c157e2b
2023-06-27 18:42:09,514 [main] DEBUG balancer.ContainerBalancerTask (ContainerBalancerTask.java:lambda$moveContainer$3(834)) - Container move completed for container #51 from source c6a06f02-0ef6-4e53-85ec-d569725f8717 to target f3256d38-058e-44d4-b334-aff20c157e2b
2023-06-27 18:42:09,518 [main] DEBUG balancer.ContainerBalancerTask (ContainerBalancerTask.java:matchSourceWithTarget(706)) - ContainerBalancer is finding suitable target for source datanode 4fa07baf-48bf-4082-9951-fab9de21600e
2023-06-27 18:42:09,518 [main] INFO  balancer.ContainerBalancerTask (ContainerBalancerTask.java:matchSourceWithTarget(720)) - ContainerBalancer matched source datanode 4fa07baf-48bf-4082-9951-fab9de21600e with target datanode f3256d38-058e-44d4-b334-aff20c157e2b for container move.
2023-06-27 18:42:09,518 [main] INFO  balancer.ContainerBalancerTask (ContainerBalancerTask.java:processMoveSelection(569)) - ContainerBalancer is trying to move container #88 with size 3221225472B from source datanode 4fa07baf-48bf-4082-9951-fab9de21600e to target datanode f3256d38-058e-44d4-b334-aff20c157e2b
2023-06-27 18:42:09,518 [main] DEBUG balancer.ContainerBalancerTask (ContainerBalancerTask.java:lambda$moveContainer$3(834)) - Container move completed for container #88 from source 4fa07baf-48bf-4082-9951-fab9de21600e to target f3256d38-058e-44d4-b334-aff20c157e2b
2023-06-27 18:42:09,522 [main] DEBUG balancer.ContainerBalancerTask (ContainerBalancerTask.java:matchSourceWithTarget(706)) - ContainerBalancer is finding suitable target for source datanode 200c0b8e-819e-4c41-815d-cd61fbca45e6
2023-06-27 18:42:09,522 [main] INFO  balancer.ContainerBalancerTask (ContainerBalancerTask.java:matchSourceWithTarget(720)) - ContainerBalancer matched source datanode 200c0b8e-819e-4c41-815d-cd61fbca45e6 with target datanode 380e7b48-5408-49b6-974e-d20d2ce4e68d for container move.
2023-06-27 18:42:09,522 [main] INFO  balancer.ContainerBalancerTask (ContainerBalancerTask.java:processMoveSelection(569)) - ContainerBalancer is trying to move container #38 with size 3221225472B from source datanode 200c0b8e-819e-4c41-815d-cd61fbca45e6 to target datanode 380e7b48-5408-49b6-974e-d20d2ce4e68d
2023-06-27 18:42:09,523 [main] DEBUG balancer.ContainerBalancerTask (ContainerBalancerTask.java:lambda$moveContainer$3(834)) - Container move completed for container #38 from source 200c0b8e-819e-4c41-815d-cd61fbca45e6 to target 380e7b48-5408-49b6-974e-d20d2ce4e68d
2023-06-27 18:42:09,523 [main] WARN  balancer.ContainerBalancerTask (ContainerBalancerTask.java:reachedMaxSizeToMovePerIteration(731)) - Reached max size to move limit. 53687091200 bytes have already been scheduled for balancing and the limit is 53687091200 bytes.
2023-06-27 18:42:09,523 [main] INFO  balancer.ContainerBalancerTask (ContainerBalancerTask.java:checkIterationMoveResults(640)) - Iteration Summary. Number of Datanodes involved: 7. Size moved: 50 GB (53687091200 Bytes). Number of Container moves completed: 13.
2023-06-27 18:42:09,523 [main] INFO  balancer.ContainerBalancerTask (ContainerBalancerTask.java:balance(259)) - Result of this iteration of Container Balancer: ITERATION_COMPLETED
2023-06-27 18:42:09,523 [main] INFO  balancer.ContainerBalancerTask (ContainerBalancerTask.java:tryStopWithSaveConfiguration(308)) - Save Configuration for stopping. Reason: Completed all iterations.
]]></system-out>
  </testcase>
  <testcase name="testContainerBalancerConfiguration" classname="org.apache.hadoop.hdds.scm.container.balancer.TestContainerBalancerTask" time="0.079">
    <system-out><![CDATA[2023-06-27 18:42:09,573 [main] INFO  net.NodeSchemaLoader (NodeSchemaLoader.java:loadSchemaFromFile(129)) - Loading schema from [file:/home/runner/work/ozone/ozone/hadoop-hdds/common/target/classes/network-topology-default.xml]
2023-06-27 18:42:09,573 [main] INFO  net.NodeSchemaLoader (NodeSchemaLoader.java:loadSchema(176)) - Loading network topology layer schema file
2023-06-27 18:42:09,579 [main] INFO  net.NetworkTopologyImpl (NetworkTopologyImpl.java:add(112)) - Added a new node: /default-rack/1bed2dd5-ea3a-46d6-8982-5efab3ea2a16
2023-06-27 18:42:09,580 [main] INFO  net.NetworkTopologyImpl (NetworkTopologyImpl.java:add(112)) - Added a new node: /default-rack/ac67e2f6-3156-4356-a56c-85c570cfb6b5
2023-06-27 18:42:09,580 [main] INFO  net.NetworkTopologyImpl (NetworkTopologyImpl.java:add(112)) - Added a new node: /default-rack/15ba5211-1a6d-49a5-b6b6-288ef875508a
2023-06-27 18:42:09,580 [main] INFO  net.NetworkTopologyImpl (NetworkTopologyImpl.java:add(112)) - Added a new node: /default-rack/0c4a4ad5-9102-4ba3-8e78-0bf8eee90222
2023-06-27 18:42:09,580 [main] INFO  net.NetworkTopologyImpl (NetworkTopologyImpl.java:add(112)) - Added a new node: /default-rack/78624a80-5082-4197-8ab0-28277fb9e5ff
2023-06-27 18:42:09,582 [main] INFO  net.NetworkTopologyImpl (NetworkTopologyImpl.java:add(112)) - Added a new node: /default-rack/bf695b5e-3784-44ea-8f9c-29cb3faabc93
2023-06-27 18:42:09,582 [main] INFO  net.NetworkTopologyImpl (NetworkTopologyImpl.java:add(112)) - Added a new node: /default-rack/cd0a40e8-53fe-4689-9ea7-3d88a6449506
2023-06-27 18:42:09,582 [main] INFO  net.NetworkTopologyImpl (NetworkTopologyImpl.java:add(112)) - Added a new node: /default-rack/22999daf-1e1b-4b7b-99f3-5ed34e8ebb71
2023-06-27 18:42:09,583 [main] INFO  net.NetworkTopologyImpl (NetworkTopologyImpl.java:add(112)) - Added a new node: /default-rack/c4f1e640-39fb-427b-a5f2-ceefa3394faf
2023-06-27 18:42:09,583 [main] INFO  net.NetworkTopologyImpl (NetworkTopologyImpl.java:add(112)) - Added a new node: /default-rack/29e4c59a-f4cb-4507-a4ba-c6c67194d2a7
2023-06-27 18:42:09,583 [main] INFO  algorithms.ContainerPlacementPolicyFactory (ContainerPlacementPolicyFactory.java:getPolicyInternal(86)) - Create container placement policy of type org.apache.hadoop.hdds.scm.container.placement.algorithms.SCMContainerPlacementRackAware
2023-06-27 18:42:09,583 [main] INFO  algorithms.ContainerPlacementPolicyFactory (ContainerPlacementPolicyFactory.java:getPolicyInternal(86)) - Create container placement policy of type org.apache.hadoop.hdds.scm.container.placement.algorithms.SCMContainerPlacementRackScatter
]]></system-out>
  </testcase>
  <testcase name="checkIterationResultTimeoutFromReplicationManager" classname="org.apache.hadoop.hdds.scm.container.balancer.TestContainerBalancerTask" time="0.123">
    <system-out><![CDATA[2023-06-27 18:42:09,646 [main] INFO  net.NodeSchemaLoader (NodeSchemaLoader.java:loadSchemaFromFile(129)) - Loading schema from [file:/home/runner/work/ozone/ozone/hadoop-hdds/common/target/classes/network-topology-default.xml]
2023-06-27 18:42:09,646 [main] INFO  net.NodeSchemaLoader (NodeSchemaLoader.java:loadSchema(176)) - Loading network topology layer schema file
2023-06-27 18:42:09,650 [main] INFO  net.NetworkTopologyImpl (NetworkTopologyImpl.java:add(112)) - Added a new node: /default-rack/182149a2-d258-4bec-9d32-1e97b1ad203f
2023-06-27 18:42:09,651 [main] INFO  net.NetworkTopologyImpl (NetworkTopologyImpl.java:add(112)) - Added a new node: /default-rack/4b172abe-d195-486c-8a84-b9d1559428c1
2023-06-27 18:42:09,651 [main] INFO  net.NetworkTopologyImpl (NetworkTopologyImpl.java:add(112)) - Added a new node: /default-rack/5d84a7b5-0044-44ed-bfb0-d057c97c9a52
2023-06-27 18:42:09,651 [main] INFO  net.NetworkTopologyImpl (NetworkTopologyImpl.java:add(112)) - Added a new node: /default-rack/fcbc61b7-9d49-4638-a81b-02569b345921
2023-06-27 18:42:09,652 [main] INFO  net.NetworkTopologyImpl (NetworkTopologyImpl.java:add(112)) - Added a new node: /default-rack/1144e2b9-f05a-4247-916d-31b89eb94ade
2023-06-27 18:42:09,652 [main] INFO  net.NetworkTopologyImpl (NetworkTopologyImpl.java:add(112)) - Added a new node: /default-rack/1edd4eca-fdcf-434d-9fd7-0ac4939e2d2c
2023-06-27 18:42:09,652 [main] INFO  net.NetworkTopologyImpl (NetworkTopologyImpl.java:add(112)) - Added a new node: /default-rack/37b5565a-303f-4689-aeb5-cb9158b9e2d3
2023-06-27 18:42:09,652 [main] INFO  net.NetworkTopologyImpl (NetworkTopologyImpl.java:add(112)) - Added a new node: /default-rack/43626b75-b3e6-4eff-888b-2a2ea7a60b36
2023-06-27 18:42:09,653 [main] INFO  net.NetworkTopologyImpl (NetworkTopologyImpl.java:add(112)) - Added a new node: /default-rack/4ec57e64-f190-4768-979f-3c2c106efc5b
2023-06-27 18:42:09,653 [main] INFO  net.NetworkTopologyImpl (NetworkTopologyImpl.java:add(112)) - Added a new node: /default-rack/dd963f83-8a6f-471d-bfb0-7c981147a287
2023-06-27 18:42:09,653 [main] INFO  algorithms.ContainerPlacementPolicyFactory (ContainerPlacementPolicyFactory.java:getPolicyInternal(86)) - Create container placement policy of type org.apache.hadoop.hdds.scm.container.placement.algorithms.SCMContainerPlacementRackAware
2023-06-27 18:42:09,654 [main] INFO  algorithms.ContainerPlacementPolicyFactory (ContainerPlacementPolicyFactory.java:getPolicyInternal(86)) - Create container placement policy of type org.apache.hadoop.hdds.scm.container.placement.algorithms.SCMContainerPlacementRackScatter
2023-06-27 18:42:09,662 [main] DEBUG balancer.ContainerBalancerTask (ContainerBalancerTask.java:initializeIteration(374)) - Average utilization of the cluster is 0.34829758392483035
2023-06-27 18:42:09,662 [main] DEBUG balancer.ContainerBalancerTask (ContainerBalancerTask.java:initializeIteration(386)) - Lower limit for utilization is 0.24829758392483034 and Upper limit for utilization is 0.4482975839248303
2023-06-27 18:42:09,663 [main] DEBUG balancer.ContainerBalancerTask (ContainerBalancerTask.java:initializeIteration(398)) - Utilization for node 1edd4eca-fdcf-434d-9fd7-0ac4939e2d2c with capacity 42949672960B, used 38654705664B, and remaining 4294967296B is 0.9
2023-06-27 18:42:09,663 [main] DEBUG balancer.ContainerBalancerTask (ContainerBalancerTask.java:initializeIteration(398)) - Utilization for node dd963f83-8a6f-471d-bfb0-7c981147a287 with capacity 73819750400B, used 59055800320B, and remaining 14763950080B is 0.8
2023-06-27 18:42:09,663 [main] DEBUG balancer.ContainerBalancerTask (ContainerBalancerTask.java:initializeIteration(398)) - Utilization for node 4b172abe-d195-486c-8a84-b9d1559428c1 with capacity 53687091200B, used 37580963840B, and remaining 16106127360B is 0.7
2023-06-27 18:42:09,663 [main] DEBUG balancer.ContainerBalancerTask (ContainerBalancerTask.java:initializeIteration(398)) - Utilization for node 43626b75-b3e6-4eff-888b-2a2ea7a60b36 with capacity 78741067093B, used 47244640256B, and remaining 31496426837B is 0.60000000000254
2023-06-27 18:42:09,663 [main] DEBUG balancer.ContainerBalancerTask (ContainerBalancerTask.java:initializeIteration(398)) - Utilization for node 5d84a7b5-0044-44ed-bfb0-d057c97c9a52 with capacity 100931731456B, used 50465865728B, and remaining 50465865728B is 0.5
2023-06-27 18:42:09,663 [main] DEBUG balancer.ContainerBalancerTask (ContainerBalancerTask.java:initializeIteration(398)) - Utilization for node 1144e2b9-f05a-4247-916d-31b89eb94ade with capacity 150323855360B, used 60129542144B, and remaining 90194313216B is 0.4
2023-06-27 18:42:09,663 [main] DEBUG balancer.ContainerBalancerTask (ContainerBalancerTask.java:initializeIteration(398)) - Utilization for node 37b5565a-303f-4689-aeb5-cb9158b9e2d3 with capacity 107374182400B, used 32212254720B, and remaining 75161927680B is 0.3
2023-06-27 18:42:09,663 [main] DEBUG balancer.ContainerBalancerTask (ContainerBalancerTask.java:initializeIteration(398)) - Utilization for node 182149a2-d258-4bec-9d32-1e97b1ad203f with capacity 204010946560B, used 40802189312B, and remaining 163208757248B is 0.2
2023-06-27 18:42:09,664 [main] DEBUG balancer.ContainerBalancerTask (ContainerBalancerTask.java:initializeIteration(398)) - Utilization for node 4ec57e64-f190-4768-979f-3c2c106efc5b with capacity 246960619520B, used 24696061952B, and remaining 222264557568B is 0.1
2023-06-27 18:42:09,664 [main] DEBUG balancer.ContainerBalancerTask (ContainerBalancerTask.java:initializeIteration(398)) - Utilization for node fcbc61b7-9d49-4638-a81b-02569b345921 with capacity 63350767616B, used 0B, and remaining 63350767616B is 0.0
2023-06-27 18:42:09,664 [main] INFO  balancer.ContainerBalancerTask (ContainerBalancerTask.java:initializeIteration(447)) - Container Balancer has identified 5 Over-Utilized and 3 Under-Utilized Datanodes that need to be balanced.
2023-06-27 18:42:09,664 [main] DEBUG balancer.ContainerBalancerTask (ContainerBalancerTask.java:lambda$initializeIteration$1(453)) - Datanode localhost-26.150.169.93 1edd4eca-fdcf-434d-9fd7-0ac4939e2d2c is Over-Utilized.
2023-06-27 18:42:09,664 [main] DEBUG balancer.ContainerBalancerTask (ContainerBalancerTask.java:lambda$initializeIteration$1(453)) - Datanode localhost-124.188.158.133 dd963f83-8a6f-471d-bfb0-7c981147a287 is Over-Utilized.
2023-06-27 18:42:09,664 [main] DEBUG balancer.ContainerBalancerTask (ContainerBalancerTask.java:lambda$initializeIteration$1(453)) - Datanode localhost-30.166.186.127 4b172abe-d195-486c-8a84-b9d1559428c1 is Over-Utilized.
2023-06-27 18:42:09,664 [main] DEBUG balancer.ContainerBalancerTask (ContainerBalancerTask.java:lambda$initializeIteration$1(453)) - Datanode localhost-152.203.190.109 43626b75-b3e6-4eff-888b-2a2ea7a60b36 is Over-Utilized.
2023-06-27 18:42:09,664 [main] DEBUG balancer.ContainerBalancerTask (ContainerBalancerTask.java:lambda$initializeIteration$1(453)) - Datanode localhost-195.179.17.238 5d84a7b5-0044-44ed-bfb0-d057c97c9a52 is Over-Utilized.
2023-06-27 18:42:09,664 [main] DEBUG balancer.ContainerBalancerTask (ContainerBalancerTask.java:lambda$initializeIteration$2(459)) - Datanode localhost-128.192.167.88 fcbc61b7-9d49-4638-a81b-02569b345921 is Under-Utilized.
2023-06-27 18:42:09,665 [main] DEBUG balancer.ContainerBalancerTask (ContainerBalancerTask.java:lambda$initializeIteration$2(459)) - Datanode localhost-97.25.155.87 4ec57e64-f190-4768-979f-3c2c106efc5b is Under-Utilized.
2023-06-27 18:42:09,670 [main] DEBUG balancer.ContainerBalancerTask (ContainerBalancerTask.java:lambda$initializeIteration$2(459)) - Datanode localhost-201.214.209.34 182149a2-d258-4bec-9d32-1e97b1ad203f is Under-Utilized.
2023-06-27 18:42:09,673 [main] DEBUG balancer.ContainerBalancerTask (ContainerBalancerTask.java:matchSourceWithTarget(706)) - ContainerBalancer is finding suitable target for source datanode 1edd4eca-fdcf-434d-9fd7-0ac4939e2d2c
2023-06-27 18:42:09,677 [main] INFO  balancer.ContainerBalancerTask (ContainerBalancerTask.java:matchSourceWithTarget(720)) - ContainerBalancer matched source datanode 1edd4eca-fdcf-434d-9fd7-0ac4939e2d2c with target datanode fcbc61b7-9d49-4638-a81b-02569b345921 for container move.
2023-06-27 18:42:09,677 [main] INFO  balancer.ContainerBalancerTask (ContainerBalancerTask.java:processMoveSelection(569)) - ContainerBalancer is trying to move container #84 with size 4294967296B from source datanode 1edd4eca-fdcf-434d-9fd7-0ac4939e2d2c to target datanode fcbc61b7-9d49-4638-a81b-02569b345921
2023-06-27 18:42:09,677 [main] WARN  balancer.ContainerBalancerTask (ContainerBalancerTask.java:lambda$moveContainer$3(839)) - Container move for container #84 from source 1edd4eca-fdcf-434d-9fd7-0ac4939e2d2c to target fcbc61b7-9d49-4638-a81b-02569b345921 failed: REPLICATION_FAIL_TIME_OUT
2023-06-27 18:42:09,680 [main] DEBUG balancer.ContainerBalancerTask (ContainerBalancerTask.java:matchSourceWithTarget(706)) - ContainerBalancer is finding suitable target for source datanode dd963f83-8a6f-471d-bfb0-7c981147a287
2023-06-27 18:42:09,680 [main] INFO  balancer.ContainerBalancerTask (ContainerBalancerTask.java:matchSourceWithTarget(720)) - ContainerBalancer matched source datanode dd963f83-8a6f-471d-bfb0-7c981147a287 with target datanode fcbc61b7-9d49-4638-a81b-02569b345921 for container move.
2023-06-27 18:42:09,680 [main] INFO  balancer.ContainerBalancerTask (ContainerBalancerTask.java:processMoveSelection(569)) - ContainerBalancer is trying to move container #68 with size 5368709120B from source datanode dd963f83-8a6f-471d-bfb0-7c981147a287 to target datanode fcbc61b7-9d49-4638-a81b-02569b345921
2023-06-27 18:42:09,684 [main] WARN  balancer.ContainerBalancerTask (ContainerBalancerTask.java:lambda$moveContainer$3(839)) - Container move for container #68 from source dd963f83-8a6f-471d-bfb0-7c981147a287 to target fcbc61b7-9d49-4638-a81b-02569b345921 failed: DELETION_FAIL_TIME_OUT
2023-06-27 18:42:09,687 [main] DEBUG balancer.ContainerBalancerTask (ContainerBalancerTask.java:matchSourceWithTarget(706)) - ContainerBalancer is finding suitable target for source datanode 4b172abe-d195-486c-8a84-b9d1559428c1
2023-06-27 18:42:09,688 [main] INFO  balancer.ContainerBalancerTask (ContainerBalancerTask.java:matchSourceWithTarget(720)) - ContainerBalancer matched source datanode 4b172abe-d195-486c-8a84-b9d1559428c1 with target datanode fcbc61b7-9d49-4638-a81b-02569b345921 for container move.
2023-06-27 18:42:09,688 [main] INFO  balancer.ContainerBalancerTask (ContainerBalancerTask.java:processMoveSelection(569)) - ContainerBalancer is trying to move container #52 with size 4294967296B from source datanode 4b172abe-d195-486c-8a84-b9d1559428c1 to target datanode fcbc61b7-9d49-4638-a81b-02569b345921
2023-06-27 18:42:09,688 [main] WARN  balancer.ContainerBalancerTask (ContainerBalancerTask.java:lambda$moveContainer$3(839)) - Container move for container #52 from source 4b172abe-d195-486c-8a84-b9d1559428c1 to target fcbc61b7-9d49-4638-a81b-02569b345921 failed: DELETION_FAIL_TIME_OUT
2023-06-27 18:42:09,691 [main] DEBUG balancer.ContainerBalancerTask (ContainerBalancerTask.java:matchSourceWithTarget(706)) - ContainerBalancer is finding suitable target for source datanode 43626b75-b3e6-4eff-888b-2a2ea7a60b36
2023-06-27 18:42:09,691 [main] INFO  balancer.ContainerBalancerTask (ContainerBalancerTask.java:matchSourceWithTarget(720)) - ContainerBalancer matched source datanode 43626b75-b3e6-4eff-888b-2a2ea7a60b36 with target datanode fcbc61b7-9d49-4638-a81b-02569b345921 for container move.
2023-06-27 18:42:09,692 [main] INFO  balancer.ContainerBalancerTask (ContainerBalancerTask.java:processMoveSelection(569)) - ContainerBalancer is trying to move container #40 with size 5368709120B from source datanode 43626b75-b3e6-4eff-888b-2a2ea7a60b36 to target datanode fcbc61b7-9d49-4638-a81b-02569b345921
2023-06-27 18:42:09,692 [main] WARN  balancer.ContainerBalancerTask (ContainerBalancerTask.java:lambda$moveContainer$3(839)) - Container move for container #40 from source 43626b75-b3e6-4eff-888b-2a2ea7a60b36 to target fcbc61b7-9d49-4638-a81b-02569b345921 failed: DELETION_FAIL_TIME_OUT
2023-06-27 18:42:09,694 [main] DEBUG balancer.ContainerBalancerTask (ContainerBalancerTask.java:matchSourceWithTarget(706)) - ContainerBalancer is finding suitable target for source datanode 5d84a7b5-0044-44ed-bfb0-d057c97c9a52
2023-06-27 18:42:09,695 [main] INFO  balancer.ContainerBalancerTask (ContainerBalancerTask.java:matchSourceWithTarget(720)) - ContainerBalancer matched source datanode 5d84a7b5-0044-44ed-bfb0-d057c97c9a52 with target datanode fcbc61b7-9d49-4638-a81b-02569b345921 for container move.
2023-06-27 18:42:09,695 [main] INFO  balancer.ContainerBalancerTask (ContainerBalancerTask.java:processMoveSelection(569)) - ContainerBalancer is trying to move container #40 with size 5368709120B from source datanode 5d84a7b5-0044-44ed-bfb0-d057c97c9a52 to target datanode fcbc61b7-9d49-4638-a81b-02569b345921
2023-06-27 18:42:09,695 [main] WARN  balancer.ContainerBalancerTask (ContainerBalancerTask.java:lambda$moveContainer$3(839)) - Container move for container #40 from source 5d84a7b5-0044-44ed-bfb0-d057c97c9a52 to target fcbc61b7-9d49-4638-a81b-02569b345921 failed: DELETION_FAIL_TIME_OUT
2023-06-27 18:42:09,695 [main] INFO  balancer.FindSourceGreedy (FindSourceGreedy.java:getNextCandidateSourceDataNode(126)) - no more candidate source data node
2023-06-27 18:42:09,695 [main] INFO  balancer.ContainerBalancerTask (ContainerBalancerTask.java:checkIterationMoveResults(640)) - Iteration Summary. Number of Datanodes involved: 0. Size moved: 0 B (0 Bytes). Number of Container moves completed: 0.
2023-06-27 18:42:09,695 [main] INFO  balancer.ContainerBalancerTask (ContainerBalancerTask.java:balance(259)) - Result of this iteration of Container Balancer: ITERATION_COMPLETED
2023-06-27 18:42:09,697 [main] INFO  balancer.ContainerBalancerTask (ContainerBalancerTask.java:tryStopWithSaveConfiguration(308)) - Save Configuration for stopping. Reason: Completed all iterations.
2023-06-27 18:42:09,703 [main] DEBUG balancer.ContainerBalancerTask (ContainerBalancerTask.java:initializeIteration(374)) - Average utilization of the cluster is 0.34829758392483035
2023-06-27 18:42:09,704 [main] DEBUG balancer.ContainerBalancerTask (ContainerBalancerTask.java:initializeIteration(386)) - Lower limit for utilization is 0.24829758392483034 and Upper limit for utilization is 0.4482975839248303
2023-06-27 18:42:09,704 [main] DEBUG balancer.ContainerBalancerTask (ContainerBalancerTask.java:initializeIteration(398)) - Utilization for node 1edd4eca-fdcf-434d-9fd7-0ac4939e2d2c with capacity 42949672960B, used 38654705664B, and remaining 4294967296B is 0.9
2023-06-27 18:42:09,704 [main] DEBUG balancer.ContainerBalancerTask (ContainerBalancerTask.java:initializeIteration(398)) - Utilization for node dd963f83-8a6f-471d-bfb0-7c981147a287 with capacity 73819750400B, used 59055800320B, and remaining 14763950080B is 0.8
2023-06-27 18:42:09,704 [main] DEBUG balancer.ContainerBalancerTask (ContainerBalancerTask.java:initializeIteration(398)) - Utilization for node 4b172abe-d195-486c-8a84-b9d1559428c1 with capacity 53687091200B, used 37580963840B, and remaining 16106127360B is 0.7
2023-06-27 18:42:09,704 [main] DEBUG balancer.ContainerBalancerTask (ContainerBalancerTask.java:initializeIteration(398)) - Utilization for node 43626b75-b3e6-4eff-888b-2a2ea7a60b36 with capacity 78741067093B, used 47244640256B, and remaining 31496426837B is 0.60000000000254
2023-06-27 18:42:09,705 [main] DEBUG balancer.ContainerBalancerTask (ContainerBalancerTask.java:initializeIteration(398)) - Utilization for node 5d84a7b5-0044-44ed-bfb0-d057c97c9a52 with capacity 100931731456B, used 50465865728B, and remaining 50465865728B is 0.5
2023-06-27 18:42:09,705 [main] DEBUG balancer.ContainerBalancerTask (ContainerBalancerTask.java:initializeIteration(398)) - Utilization for node 1144e2b9-f05a-4247-916d-31b89eb94ade with capacity 150323855360B, used 60129542144B, and remaining 90194313216B is 0.4
2023-06-27 18:42:09,705 [main] DEBUG balancer.ContainerBalancerTask (ContainerBalancerTask.java:initializeIteration(398)) - Utilization for node 37b5565a-303f-4689-aeb5-cb9158b9e2d3 with capacity 107374182400B, used 32212254720B, and remaining 75161927680B is 0.3
2023-06-27 18:42:09,705 [main] DEBUG balancer.ContainerBalancerTask (ContainerBalancerTask.java:initializeIteration(398)) - Utilization for node 182149a2-d258-4bec-9d32-1e97b1ad203f with capacity 204010946560B, used 40802189312B, and remaining 163208757248B is 0.2
2023-06-27 18:42:09,705 [main] DEBUG balancer.ContainerBalancerTask (ContainerBalancerTask.java:initializeIteration(398)) - Utilization for node 4ec57e64-f190-4768-979f-3c2c106efc5b with capacity 246960619520B, used 24696061952B, and remaining 222264557568B is 0.1
2023-06-27 18:42:09,705 [main] DEBUG balancer.ContainerBalancerTask (ContainerBalancerTask.java:initializeIteration(398)) - Utilization for node fcbc61b7-9d49-4638-a81b-02569b345921 with capacity 63350767616B, used 0B, and remaining 63350767616B is 0.0
2023-06-27 18:42:09,705 [main] INFO  balancer.ContainerBalancerTask (ContainerBalancerTask.java:initializeIteration(447)) - Container Balancer has identified 5 Over-Utilized and 3 Under-Utilized Datanodes that need to be balanced.
2023-06-27 18:42:09,706 [main] DEBUG balancer.ContainerBalancerTask (ContainerBalancerTask.java:lambda$initializeIteration$1(453)) - Datanode localhost-26.150.169.93 1edd4eca-fdcf-434d-9fd7-0ac4939e2d2c is Over-Utilized.
2023-06-27 18:42:09,706 [main] DEBUG balancer.ContainerBalancerTask (ContainerBalancerTask.java:lambda$initializeIteration$1(453)) - Datanode localhost-124.188.158.133 dd963f83-8a6f-471d-bfb0-7c981147a287 is Over-Utilized.
2023-06-27 18:42:09,706 [main] DEBUG balancer.ContainerBalancerTask (ContainerBalancerTask.java:lambda$initializeIteration$1(453)) - Datanode localhost-30.166.186.127 4b172abe-d195-486c-8a84-b9d1559428c1 is Over-Utilized.
2023-06-27 18:42:09,706 [main] DEBUG balancer.ContainerBalancerTask (ContainerBalancerTask.java:lambda$initializeIteration$1(453)) - Datanode localhost-152.203.190.109 43626b75-b3e6-4eff-888b-2a2ea7a60b36 is Over-Utilized.
2023-06-27 18:42:09,706 [main] DEBUG balancer.ContainerBalancerTask (ContainerBalancerTask.java:lambda$initializeIteration$1(453)) - Datanode localhost-195.179.17.238 5d84a7b5-0044-44ed-bfb0-d057c97c9a52 is Over-Utilized.
2023-06-27 18:42:09,706 [main] DEBUG balancer.ContainerBalancerTask (ContainerBalancerTask.java:lambda$initializeIteration$2(459)) - Datanode localhost-128.192.167.88 fcbc61b7-9d49-4638-a81b-02569b345921 is Under-Utilized.
2023-06-27 18:42:09,706 [main] DEBUG balancer.ContainerBalancerTask (ContainerBalancerTask.java:lambda$initializeIteration$2(459)) - Datanode localhost-97.25.155.87 4ec57e64-f190-4768-979f-3c2c106efc5b is Under-Utilized.
2023-06-27 18:42:09,706 [main] DEBUG balancer.ContainerBalancerTask (ContainerBalancerTask.java:lambda$initializeIteration$2(459)) - Datanode localhost-201.214.209.34 182149a2-d258-4bec-9d32-1e97b1ad203f is Under-Utilized.
2023-06-27 18:42:09,710 [main] DEBUG balancer.ContainerBalancerTask (ContainerBalancerTask.java:matchSourceWithTarget(706)) - ContainerBalancer is finding suitable target for source datanode 1edd4eca-fdcf-434d-9fd7-0ac4939e2d2c
2023-06-27 18:42:09,710 [main] INFO  balancer.ContainerBalancerTask (ContainerBalancerTask.java:matchSourceWithTarget(720)) - ContainerBalancer matched source datanode 1edd4eca-fdcf-434d-9fd7-0ac4939e2d2c with target datanode fcbc61b7-9d49-4638-a81b-02569b345921 for container move.
2023-06-27 18:42:09,710 [main] INFO  balancer.ContainerBalancerTask (ContainerBalancerTask.java:processMoveSelection(569)) - ContainerBalancer is trying to move container #85 with size 5368709120B from source datanode 1edd4eca-fdcf-434d-9fd7-0ac4939e2d2c to target datanode fcbc61b7-9d49-4638-a81b-02569b345921
2023-06-27 18:42:09,711 [main] WARN  balancer.ContainerBalancerTask (ContainerBalancerTask.java:lambda$moveContainer$3(839)) - Container move for container #85 from source 1edd4eca-fdcf-434d-9fd7-0ac4939e2d2c to target fcbc61b7-9d49-4638-a81b-02569b345921 failed: REPLICATION_FAIL_TIME_OUT
2023-06-27 18:42:09,715 [main] DEBUG balancer.ContainerBalancerTask (ContainerBalancerTask.java:matchSourceWithTarget(706)) - ContainerBalancer is finding suitable target for source datanode dd963f83-8a6f-471d-bfb0-7c981147a287
2023-06-27 18:42:09,715 [main] INFO  balancer.ContainerBalancerTask (ContainerBalancerTask.java:matchSourceWithTarget(720)) - ContainerBalancer matched source datanode dd963f83-8a6f-471d-bfb0-7c981147a287 with target datanode fcbc61b7-9d49-4638-a81b-02569b345921 for container move.
2023-06-27 18:42:09,715 [main] INFO  balancer.ContainerBalancerTask (ContainerBalancerTask.java:processMoveSelection(569)) - ContainerBalancer is trying to move container #85 with size 5368709120B from source datanode dd963f83-8a6f-471d-bfb0-7c981147a287 to target datanode fcbc61b7-9d49-4638-a81b-02569b345921
2023-06-27 18:42:09,715 [main] WARN  balancer.ContainerBalancerTask (ContainerBalancerTask.java:lambda$moveContainer$3(839)) - Container move for container #85 from source dd963f83-8a6f-471d-bfb0-7c981147a287 to target fcbc61b7-9d49-4638-a81b-02569b345921 failed: DELETION_FAIL_TIME_OUT
2023-06-27 18:42:09,720 [main] DEBUG balancer.ContainerBalancerTask (ContainerBalancerTask.java:matchSourceWithTarget(706)) - ContainerBalancer is finding suitable target for source datanode 4b172abe-d195-486c-8a84-b9d1559428c1
2023-06-27 18:42:09,720 [main] INFO  balancer.ContainerBalancerTask (ContainerBalancerTask.java:matchSourceWithTarget(720)) - ContainerBalancer matched source datanode 4b172abe-d195-486c-8a84-b9d1559428c1 with target datanode fcbc61b7-9d49-4638-a81b-02569b345921 for container move.
2023-06-27 18:42:09,720 [main] INFO  balancer.ContainerBalancerTask (ContainerBalancerTask.java:processMoveSelection(569)) - ContainerBalancer is trying to move container #53 with size 5368709120B from source datanode 4b172abe-d195-486c-8a84-b9d1559428c1 to target datanode fcbc61b7-9d49-4638-a81b-02569b345921
2023-06-27 18:42:09,720 [main] WARN  balancer.ContainerBalancerTask (ContainerBalancerTask.java:lambda$moveContainer$3(839)) - Container move for container #53 from source 4b172abe-d195-486c-8a84-b9d1559428c1 to target fcbc61b7-9d49-4638-a81b-02569b345921 failed: DELETION_FAIL_TIME_OUT
2023-06-27 18:42:09,724 [main] DEBUG balancer.ContainerBalancerTask (ContainerBalancerTask.java:matchSourceWithTarget(706)) - ContainerBalancer is finding suitable target for source datanode 43626b75-b3e6-4eff-888b-2a2ea7a60b36
2023-06-27 18:42:09,725 [main] INFO  balancer.ContainerBalancerTask (ContainerBalancerTask.java:matchSourceWithTarget(720)) - ContainerBalancer matched source datanode 43626b75-b3e6-4eff-888b-2a2ea7a60b36 with target datanode fcbc61b7-9d49-4638-a81b-02569b345921 for container move.
2023-06-27 18:42:09,725 [main] INFO  balancer.ContainerBalancerTask (ContainerBalancerTask.java:processMoveSelection(569)) - ContainerBalancer is trying to move container #40 with size 5368709120B from source datanode 43626b75-b3e6-4eff-888b-2a2ea7a60b36 to target datanode fcbc61b7-9d49-4638-a81b-02569b345921
2023-06-27 18:42:09,725 [main] WARN  balancer.ContainerBalancerTask (ContainerBalancerTask.java:lambda$moveContainer$3(839)) - Container move for container #40 from source 43626b75-b3e6-4eff-888b-2a2ea7a60b36 to target fcbc61b7-9d49-4638-a81b-02569b345921 failed: DELETION_FAIL_TIME_OUT
2023-06-27 18:42:09,728 [main] DEBUG balancer.ContainerBalancerTask (ContainerBalancerTask.java:matchSourceWithTarget(706)) - ContainerBalancer is finding suitable target for source datanode 5d84a7b5-0044-44ed-bfb0-d057c97c9a52
2023-06-27 18:42:09,728 [main] INFO  balancer.ContainerBalancerTask (ContainerBalancerTask.java:matchSourceWithTarget(720)) - ContainerBalancer matched source datanode 5d84a7b5-0044-44ed-bfb0-d057c97c9a52 with target datanode fcbc61b7-9d49-4638-a81b-02569b345921 for container move.
2023-06-27 18:42:09,729 [main] INFO  balancer.ContainerBalancerTask (ContainerBalancerTask.java:processMoveSelection(569)) - ContainerBalancer is trying to move container #85 with size 5368709120B from source datanode 5d84a7b5-0044-44ed-bfb0-d057c97c9a52 to target datanode fcbc61b7-9d49-4638-a81b-02569b345921
2023-06-27 18:42:09,729 [main] WARN  balancer.ContainerBalancerTask (ContainerBalancerTask.java:lambda$moveContainer$3(839)) - Container move for container #85 from source 5d84a7b5-0044-44ed-bfb0-d057c97c9a52 to target fcbc61b7-9d49-4638-a81b-02569b345921 failed: DELETION_FAIL_TIME_OUT
2023-06-27 18:42:09,729 [main] INFO  balancer.FindSourceGreedy (FindSourceGreedy.java:getNextCandidateSourceDataNode(126)) - no more candidate source data node
2023-06-27 18:42:09,729 [main] INFO  balancer.ContainerBalancerTask (ContainerBalancerTask.java:checkIterationMoveResults(640)) - Iteration Summary. Number of Datanodes involved: 0. Size moved: 0 B (0 Bytes). Number of Container moves completed: 0.
2023-06-27 18:42:09,729 [main] INFO  balancer.ContainerBalancerTask (ContainerBalancerTask.java:balance(259)) - Result of this iteration of Container Balancer: ITERATION_COMPLETED
2023-06-27 18:42:09,729 [main] INFO  balancer.ContainerBalancerTask (ContainerBalancerTask.java:tryStopWithSaveConfiguration(308)) - Save Configuration for stopping. Reason: Completed all iterations.
]]></system-out>
  </testcase>
  <testcase name="checkIterationResultTimeout" classname="org.apache.hadoop.hdds.scm.container.balancer.TestContainerBalancerTask" time="1.186">
    <system-out><![CDATA[2023-06-27 18:42:09,766 [main] INFO  net.NodeSchemaLoader (NodeSchemaLoader.java:loadSchemaFromFile(129)) - Loading schema from [file:/home/runner/work/ozone/ozone/hadoop-hdds/common/target/classes/network-topology-default.xml]
2023-06-27 18:42:09,766 [main] INFO  net.NodeSchemaLoader (NodeSchemaLoader.java:loadSchema(176)) - Loading network topology layer schema file
2023-06-27 18:42:09,768 [main] INFO  net.NetworkTopologyImpl (NetworkTopologyImpl.java:add(112)) - Added a new node: /default-rack/b662cfdf-ec63-40de-a75f-ff5a38171641
2023-06-27 18:42:09,768 [main] INFO  net.NetworkTopologyImpl (NetworkTopologyImpl.java:add(112)) - Added a new node: /default-rack/55e58e3a-248f-4753-bff9-21c8dde41873
2023-06-27 18:42:09,768 [main] INFO  net.NetworkTopologyImpl (NetworkTopologyImpl.java:add(112)) - Added a new node: /default-rack/17236e33-e9f7-420d-a62a-aef8b713d98d
2023-06-27 18:42:09,768 [main] INFO  net.NetworkTopologyImpl (NetworkTopologyImpl.java:add(112)) - Added a new node: /default-rack/f0b4bdd1-4d4d-4bf9-af26-9bb6fc278dec
2023-06-27 18:42:09,769 [main] INFO  net.NetworkTopologyImpl (NetworkTopologyImpl.java:add(112)) - Added a new node: /default-rack/7425a0d1-4948-47fa-b897-f56231f1bd48
2023-06-27 18:42:09,769 [main] INFO  net.NetworkTopologyImpl (NetworkTopologyImpl.java:add(112)) - Added a new node: /default-rack/82191992-27f1-4756-8277-0d12269d2018
2023-06-27 18:42:09,769 [main] INFO  net.NetworkTopologyImpl (NetworkTopologyImpl.java:add(112)) - Added a new node: /default-rack/b39bc7c1-0ede-4ab9-be3c-4a55fd1fe787
2023-06-27 18:42:09,769 [main] INFO  net.NetworkTopologyImpl (NetworkTopologyImpl.java:add(112)) - Added a new node: /default-rack/02c09d63-4b45-4697-836d-328b90d1527b
2023-06-27 18:42:09,769 [main] INFO  net.NetworkTopologyImpl (NetworkTopologyImpl.java:add(112)) - Added a new node: /default-rack/d83f6494-939b-43fc-b57e-5988eb17fa42
2023-06-27 18:42:09,769 [main] INFO  net.NetworkTopologyImpl (NetworkTopologyImpl.java:add(112)) - Added a new node: /default-rack/ff1d128e-f101-4b64-a588-43e5dab3e327
2023-06-27 18:42:09,769 [main] INFO  algorithms.ContainerPlacementPolicyFactory (ContainerPlacementPolicyFactory.java:getPolicyInternal(86)) - Create container placement policy of type org.apache.hadoop.hdds.scm.container.placement.algorithms.SCMContainerPlacementRackAware
2023-06-27 18:42:09,769 [main] INFO  algorithms.ContainerPlacementPolicyFactory (ContainerPlacementPolicyFactory.java:getPolicyInternal(86)) - Create container placement policy of type org.apache.hadoop.hdds.scm.container.placement.algorithms.SCMContainerPlacementRackScatter
2023-06-27 18:42:09,777 [main] DEBUG balancer.ContainerBalancerTask (ContainerBalancerTask.java:initializeIteration(374)) - Average utilization of the cluster is 0.3307655893622179
2023-06-27 18:42:09,777 [main] DEBUG balancer.ContainerBalancerTask (ContainerBalancerTask.java:initializeIteration(386)) - Lower limit for utilization is 0.2307655893622179 and Upper limit for utilization is 0.43076558936221787
2023-06-27 18:42:09,777 [main] DEBUG balancer.ContainerBalancerTask (ContainerBalancerTask.java:initializeIteration(398)) - Utilization for node b39bc7c1-0ede-4ab9-be3c-4a55fd1fe787 with capacity 64424509440B, used 57982058496B, and remaining 6442450944B is 0.9
2023-06-27 18:42:09,777 [main] DEBUG balancer.ContainerBalancerTask (ContainerBalancerTask.java:initializeIteration(398)) - Utilization for node 55e58e3a-248f-4753-bff9-21c8dde41873 with capacity 61740154880B, used 49392123904B, and remaining 12348030976B is 0.8
2023-06-27 18:42:09,777 [main] DEBUG balancer.ContainerBalancerTask (ContainerBalancerTask.java:initializeIteration(398)) - Utilization for node 7425a0d1-4948-47fa-b897-f56231f1bd48 with capacity 67492343222B, used 47244640256B, and remaining 20247702966B is 0.7000000000088898
2023-06-27 18:42:09,778 [main] DEBUG balancer.ContainerBalancerTask (ContainerBalancerTask.java:initializeIteration(398)) - Utilization for node f0b4bdd1-4d4d-4bf9-af26-9bb6fc278dec with capacity 73372357973B, used 44023414784B, and remaining 29348943189B is 0.6000000000027258
2023-06-27 18:42:09,778 [main] DEBUG balancer.ContainerBalancerTask (ContainerBalancerTask.java:initializeIteration(398)) - Utilization for node b662cfdf-ec63-40de-a75f-ff5a38171641 with capacity 49392123904B, used 24696061952B, and remaining 24696061952B is 0.5
2023-06-27 18:42:09,778 [main] DEBUG balancer.ContainerBalancerTask (ContainerBalancerTask.java:initializeIteration(398)) - Utilization for node ff1d128e-f101-4b64-a588-43e5dab3e327 with capacity 142270791680B, used 56908316672B, and remaining 85362475008B is 0.4
2023-06-27 18:42:09,778 [main] DEBUG balancer.ContainerBalancerTask (ContainerBalancerTask.java:initializeIteration(398)) - Utilization for node 17236e33-e9f7-420d-a62a-aef8b713d98d with capacity 121690740053B, used 36507222016B, and remaining 85183518037B is 0.3000000000008218
2023-06-27 18:42:09,778 [main] DEBUG balancer.ContainerBalancerTask (ContainerBalancerTask.java:initializeIteration(398)) - Utilization for node d83f6494-939b-43fc-b57e-5988eb17fa42 with capacity 171798691840B, used 34359738368B, and remaining 137438953472B is 0.2
2023-06-27 18:42:09,778 [main] DEBUG balancer.ContainerBalancerTask (ContainerBalancerTask.java:initializeIteration(398)) - Utilization for node 02c09d63-4b45-4697-836d-328b90d1527b with capacity 418759311360B, used 41875931136B, and remaining 376883380224B is 0.1
2023-06-27 18:42:09,778 [main] DEBUG balancer.ContainerBalancerTask (ContainerBalancerTask.java:initializeIteration(398)) - Utilization for node 82191992-27f1-4756-8277-0d12269d2018 with capacity 17179869184B, used 0B, and remaining 17179869184B is 0.0
2023-06-27 18:42:09,778 [main] INFO  balancer.ContainerBalancerTask (ContainerBalancerTask.java:initializeIteration(447)) - Container Balancer has identified 5 Over-Utilized and 3 Under-Utilized Datanodes that need to be balanced.
2023-06-27 18:42:09,778 [main] DEBUG balancer.ContainerBalancerTask (ContainerBalancerTask.java:lambda$initializeIteration$1(453)) - Datanode localhost-47.26.192.15 b39bc7c1-0ede-4ab9-be3c-4a55fd1fe787 is Over-Utilized.
2023-06-27 18:42:09,779 [main] DEBUG balancer.ContainerBalancerTask (ContainerBalancerTask.java:lambda$initializeIteration$1(453)) - Datanode localhost-213.38.89.113 55e58e3a-248f-4753-bff9-21c8dde41873 is Over-Utilized.
2023-06-27 18:42:09,779 [main] DEBUG balancer.ContainerBalancerTask (ContainerBalancerTask.java:lambda$initializeIteration$1(453)) - Datanode localhost-137.47.73.136 7425a0d1-4948-47fa-b897-f56231f1bd48 is Over-Utilized.
2023-06-27 18:42:09,779 [main] DEBUG balancer.ContainerBalancerTask (ContainerBalancerTask.java:lambda$initializeIteration$1(453)) - Datanode localhost-75.246.30.113 f0b4bdd1-4d4d-4bf9-af26-9bb6fc278dec is Over-Utilized.
2023-06-27 18:42:09,779 [main] DEBUG balancer.ContainerBalancerTask (ContainerBalancerTask.java:lambda$initializeIteration$1(453)) - Datanode localhost-87.252.222.204 b662cfdf-ec63-40de-a75f-ff5a38171641 is Over-Utilized.
2023-06-27 18:42:09,779 [main] DEBUG balancer.ContainerBalancerTask (ContainerBalancerTask.java:lambda$initializeIteration$2(459)) - Datanode localhost-59.210.160.160 82191992-27f1-4756-8277-0d12269d2018 is Under-Utilized.
2023-06-27 18:42:09,779 [main] DEBUG balancer.ContainerBalancerTask (ContainerBalancerTask.java:lambda$initializeIteration$2(459)) - Datanode localhost-114.252.200.49 02c09d63-4b45-4697-836d-328b90d1527b is Under-Utilized.
2023-06-27 18:42:09,779 [main] DEBUG balancer.ContainerBalancerTask (ContainerBalancerTask.java:lambda$initializeIteration$2(459)) - Datanode localhost-213.34.231.135 d83f6494-939b-43fc-b57e-5988eb17fa42 is Under-Utilized.
2023-06-27 18:42:09,782 [main] DEBUG balancer.ContainerBalancerTask (ContainerBalancerTask.java:matchSourceWithTarget(706)) - ContainerBalancer is finding suitable target for source datanode b39bc7c1-0ede-4ab9-be3c-4a55fd1fe787
2023-06-27 18:42:09,782 [main] INFO  balancer.ContainerBalancerTask (ContainerBalancerTask.java:matchSourceWithTarget(720)) - ContainerBalancer matched source datanode b39bc7c1-0ede-4ab9-be3c-4a55fd1fe787 with target datanode 82191992-27f1-4756-8277-0d12269d2018 for container move.
2023-06-27 18:42:09,783 [main] INFO  balancer.ContainerBalancerTask (ContainerBalancerTask.java:processMoveSelection(569)) - ContainerBalancer is trying to move container #40 with size 5368709120B from source datanode b39bc7c1-0ede-4ab9-be3c-4a55fd1fe787 to target datanode 82191992-27f1-4756-8277-0d12269d2018
2023-06-27 18:42:09,783 [main] DEBUG balancer.ContainerBalancerTask (ContainerBalancerTask.java:lambda$moveContainer$3(834)) - Container move completed for container #40 from source b39bc7c1-0ede-4ab9-be3c-4a55fd1fe787 to target 82191992-27f1-4756-8277-0d12269d2018
2023-06-27 18:42:09,788 [main] DEBUG balancer.ContainerBalancerTask (ContainerBalancerTask.java:matchSourceWithTarget(706)) - ContainerBalancer is finding suitable target for source datanode b39bc7c1-0ede-4ab9-be3c-4a55fd1fe787
2023-06-27 18:42:09,788 [main] INFO  balancer.ContainerBalancerTask (ContainerBalancerTask.java:matchSourceWithTarget(720)) - ContainerBalancer matched source datanode b39bc7c1-0ede-4ab9-be3c-4a55fd1fe787 with target datanode 02c09d63-4b45-4697-836d-328b90d1527b for container move.
2023-06-27 18:42:09,788 [main] INFO  balancer.ContainerBalancerTask (ContainerBalancerTask.java:processMoveSelection(569)) - ContainerBalancer is trying to move container #84 with size 4294967296B from source datanode b39bc7c1-0ede-4ab9-be3c-4a55fd1fe787 to target datanode 02c09d63-4b45-4697-836d-328b90d1527b
2023-06-27 18:42:09,792 [main] DEBUG balancer.ContainerBalancerTask (ContainerBalancerTask.java:matchSourceWithTarget(706)) - ContainerBalancer is finding suitable target for source datanode 55e58e3a-248f-4753-bff9-21c8dde41873
2023-06-27 18:42:09,792 [main] INFO  balancer.ContainerBalancerTask (ContainerBalancerTask.java:matchSourceWithTarget(720)) - ContainerBalancer matched source datanode 55e58e3a-248f-4753-bff9-21c8dde41873 with target datanode 02c09d63-4b45-4697-836d-328b90d1527b for container move.
2023-06-27 18:42:09,792 [main] INFO  balancer.ContainerBalancerTask (ContainerBalancerTask.java:processMoveSelection(569)) - ContainerBalancer is trying to move container #66 with size 3221225472B from source datanode 55e58e3a-248f-4753-bff9-21c8dde41873 to target datanode 02c09d63-4b45-4697-836d-328b90d1527b
2023-06-27 18:42:09,796 [main] DEBUG balancer.ContainerBalancerTask (ContainerBalancerTask.java:matchSourceWithTarget(706)) - ContainerBalancer is finding suitable target for source datanode b39bc7c1-0ede-4ab9-be3c-4a55fd1fe787
2023-06-27 18:42:09,798 [main] INFO  balancer.ContainerBalancerTask (ContainerBalancerTask.java:matchSourceWithTarget(720)) - ContainerBalancer matched source datanode b39bc7c1-0ede-4ab9-be3c-4a55fd1fe787 with target datanode 02c09d63-4b45-4697-836d-328b90d1527b for container move.
2023-06-27 18:42:09,798 [main] INFO  balancer.ContainerBalancerTask (ContainerBalancerTask.java:processMoveSelection(569)) - ContainerBalancer is trying to move container #88 with size 3221225472B from source datanode b39bc7c1-0ede-4ab9-be3c-4a55fd1fe787 to target datanode 02c09d63-4b45-4697-836d-328b90d1527b
2023-06-27 18:42:09,802 [main] DEBUG balancer.ContainerBalancerTask (ContainerBalancerTask.java:matchSourceWithTarget(706)) - ContainerBalancer is finding suitable target for source datanode 55e58e3a-248f-4753-bff9-21c8dde41873
2023-06-27 18:42:09,802 [main] INFO  balancer.ContainerBalancerTask (ContainerBalancerTask.java:matchSourceWithTarget(720)) - ContainerBalancer matched source datanode 55e58e3a-248f-4753-bff9-21c8dde41873 with target datanode d83f6494-939b-43fc-b57e-5988eb17fa42 for container move.
2023-06-27 18:42:09,803 [main] INFO  balancer.ContainerBalancerTask (ContainerBalancerTask.java:processMoveSelection(569)) - ContainerBalancer is trying to move container #26 with size 2147483648B from source datanode 55e58e3a-248f-4753-bff9-21c8dde41873 to target datanode d83f6494-939b-43fc-b57e-5988eb17fa42
2023-06-27 18:42:09,806 [main] DEBUG balancer.ContainerBalancerTask (ContainerBalancerTask.java:matchSourceWithTarget(706)) - ContainerBalancer is finding suitable target for source datanode 55e58e3a-248f-4753-bff9-21c8dde41873
2023-06-27 18:42:09,807 [main] INFO  balancer.ContainerBalancerTask (ContainerBalancerTask.java:matchSourceWithTarget(720)) - ContainerBalancer matched source datanode 55e58e3a-248f-4753-bff9-21c8dde41873 with target datanode d83f6494-939b-43fc-b57e-5988eb17fa42 for container move.
2023-06-27 18:42:09,807 [main] INFO  balancer.ContainerBalancerTask (ContainerBalancerTask.java:processMoveSelection(569)) - ContainerBalancer is trying to move container #64 with size 1073741824B from source datanode 55e58e3a-248f-4753-bff9-21c8dde41873 to target datanode d83f6494-939b-43fc-b57e-5988eb17fa42
2023-06-27 18:42:09,810 [main] DEBUG balancer.ContainerBalancerTask (ContainerBalancerTask.java:matchSourceWithTarget(706)) - ContainerBalancer is finding suitable target for source datanode 7425a0d1-4948-47fa-b897-f56231f1bd48
2023-06-27 18:42:09,810 [main] INFO  balancer.ContainerBalancerTask (ContainerBalancerTask.java:matchSourceWithTarget(720)) - ContainerBalancer matched source datanode 7425a0d1-4948-47fa-b897-f56231f1bd48 with target datanode d83f6494-939b-43fc-b57e-5988eb17fa42 for container move.
2023-06-27 18:42:09,810 [main] INFO  balancer.ContainerBalancerTask (ContainerBalancerTask.java:processMoveSelection(569)) - ContainerBalancer is trying to move container #52 with size 4294967296B from source datanode 7425a0d1-4948-47fa-b897-f56231f1bd48 to target datanode d83f6494-939b-43fc-b57e-5988eb17fa42
2023-06-27 18:42:09,814 [main] DEBUG balancer.ContainerBalancerTask (ContainerBalancerTask.java:matchSourceWithTarget(706)) - ContainerBalancer is finding suitable target for source datanode b39bc7c1-0ede-4ab9-be3c-4a55fd1fe787
2023-06-27 18:42:09,815 [main] INFO  balancer.ContainerBalancerTask (ContainerBalancerTask.java:matchSourceWithTarget(720)) - ContainerBalancer matched source datanode b39bc7c1-0ede-4ab9-be3c-4a55fd1fe787 with target datanode d83f6494-939b-43fc-b57e-5988eb17fa42 for container move.
2023-06-27 18:42:09,817 [main] INFO  balancer.ContainerBalancerTask (ContainerBalancerTask.java:processMoveSelection(569)) - ContainerBalancer is trying to move container #10 with size 2147483648B from source datanode b39bc7c1-0ede-4ab9-be3c-4a55fd1fe787 to target datanode d83f6494-939b-43fc-b57e-5988eb17fa42
2023-06-27 18:42:09,821 [main] DEBUG balancer.ContainerBalancerTask (ContainerBalancerTask.java:matchSourceWithTarget(706)) - ContainerBalancer is finding suitable target for source datanode 55e58e3a-248f-4753-bff9-21c8dde41873
2023-06-27 18:42:09,822 [main] INFO  balancer.ContainerBalancerTask (ContainerBalancerTask.java:matchSourceWithTarget(720)) - ContainerBalancer matched source datanode 55e58e3a-248f-4753-bff9-21c8dde41873 with target datanode d83f6494-939b-43fc-b57e-5988eb17fa42 for container move.
2023-06-27 18:42:09,822 [main] INFO  balancer.ContainerBalancerTask (ContainerBalancerTask.java:processMoveSelection(569)) - ContainerBalancer is trying to move container #16 with size 1073741824B from source datanode 55e58e3a-248f-4753-bff9-21c8dde41873 to target datanode d83f6494-939b-43fc-b57e-5988eb17fa42
2023-06-27 18:42:09,826 [main] DEBUG balancer.ContainerBalancerTask (ContainerBalancerTask.java:matchSourceWithTarget(706)) - ContainerBalancer is finding suitable target for source datanode 55e58e3a-248f-4753-bff9-21c8dde41873
2023-06-27 18:42:09,826 [main] INFO  balancer.FindTargetGreedyByUsageInfo (AbstractFindTargetGreedy.java:findTargetForContainerMove(133)) - Container Balancer could not find a target for source datanode 55e58e3a-248f-4753-bff9-21c8dde41873
2023-06-27 18:42:09,826 [main] DEBUG balancer.ContainerBalancerTask (ContainerBalancerTask.java:matchSourceWithTarget(715)) - ContainerBalancer could not find a suitable target for source node 55e58e3a-248f-4753-bff9-21c8dde41873.
2023-06-27 18:42:09,830 [main] DEBUG balancer.ContainerBalancerTask (ContainerBalancerTask.java:matchSourceWithTarget(706)) - ContainerBalancer is finding suitable target for source datanode b39bc7c1-0ede-4ab9-be3c-4a55fd1fe787
2023-06-27 18:42:09,831 [main] INFO  balancer.ContainerBalancerTask (ContainerBalancerTask.java:matchSourceWithTarget(720)) - ContainerBalancer matched source datanode b39bc7c1-0ede-4ab9-be3c-4a55fd1fe787 with target datanode 82191992-27f1-4756-8277-0d12269d2018 for container move.
2023-06-27 18:42:09,831 [main] INFO  balancer.ContainerBalancerTask (ContainerBalancerTask.java:processMoveSelection(569)) - ContainerBalancer is trying to move container #86 with size 1073741824B from source datanode b39bc7c1-0ede-4ab9-be3c-4a55fd1fe787 to target datanode 82191992-27f1-4756-8277-0d12269d2018
2023-06-27 18:42:09,835 [main] DEBUG balancer.ContainerBalancerTask (ContainerBalancerTask.java:matchSourceWithTarget(706)) - ContainerBalancer is finding suitable target for source datanode b39bc7c1-0ede-4ab9-be3c-4a55fd1fe787
2023-06-27 18:42:09,835 [main] INFO  balancer.FindTargetGreedyByUsageInfo (AbstractFindTargetGreedy.java:findTargetForContainerMove(133)) - Container Balancer could not find a target for source datanode b39bc7c1-0ede-4ab9-be3c-4a55fd1fe787
2023-06-27 18:42:09,835 [main] DEBUG balancer.ContainerBalancerTask (ContainerBalancerTask.java:matchSourceWithTarget(715)) - ContainerBalancer could not find a suitable target for source node b39bc7c1-0ede-4ab9-be3c-4a55fd1fe787.
2023-06-27 18:42:09,838 [main] DEBUG balancer.ContainerBalancerTask (ContainerBalancerTask.java:matchSourceWithTarget(706)) - ContainerBalancer is finding suitable target for source datanode 7425a0d1-4948-47fa-b897-f56231f1bd48
2023-06-27 18:42:09,838 [main] INFO  balancer.FindTargetGreedyByUsageInfo (AbstractFindTargetGreedy.java:findTargetForContainerMove(133)) - Container Balancer could not find a target for source datanode 7425a0d1-4948-47fa-b897-f56231f1bd48
2023-06-27 18:42:09,838 [main] DEBUG balancer.ContainerBalancerTask (ContainerBalancerTask.java:matchSourceWithTarget(715)) - ContainerBalancer could not find a suitable target for source node 7425a0d1-4948-47fa-b897-f56231f1bd48.
2023-06-27 18:42:09,841 [main] DEBUG balancer.ContainerBalancerTask (ContainerBalancerTask.java:matchSourceWithTarget(706)) - ContainerBalancer is finding suitable target for source datanode f0b4bdd1-4d4d-4bf9-af26-9bb6fc278dec
2023-06-27 18:42:09,842 [main] INFO  balancer.FindTargetGreedyByUsageInfo (AbstractFindTargetGreedy.java:findTargetForContainerMove(133)) - Container Balancer could not find a target for source datanode f0b4bdd1-4d4d-4bf9-af26-9bb6fc278dec
2023-06-27 18:42:09,842 [main] DEBUG balancer.ContainerBalancerTask (ContainerBalancerTask.java:matchSourceWithTarget(715)) - ContainerBalancer could not find a suitable target for source node f0b4bdd1-4d4d-4bf9-af26-9bb6fc278dec.
2023-06-27 18:42:09,843 [main] DEBUG balancer.ContainerBalancerTask (ContainerBalancerTask.java:matchSourceWithTarget(706)) - ContainerBalancer is finding suitable target for source datanode b662cfdf-ec63-40de-a75f-ff5a38171641
2023-06-27 18:42:09,843 [main] INFO  balancer.FindTargetGreedyByUsageInfo (AbstractFindTargetGreedy.java:findTargetForContainerMove(133)) - Container Balancer could not find a target for source datanode b662cfdf-ec63-40de-a75f-ff5a38171641
2023-06-27 18:42:09,843 [main] DEBUG balancer.ContainerBalancerTask (ContainerBalancerTask.java:matchSourceWithTarget(715)) - ContainerBalancer could not find a suitable target for source node b662cfdf-ec63-40de-a75f-ff5a38171641.
2023-06-27 18:42:09,843 [main] INFO  balancer.FindSourceGreedy (FindSourceGreedy.java:getNextCandidateSourceDataNode(126)) - no more candidate source data node
2023-06-27 18:42:10,344 [main] WARN  balancer.ContainerBalancerTask (ContainerBalancerTask.java:cancelMovesThatExceedTimeoutDuration(672)) - Container move timed out for container #64 from source 55e58e3a-248f-4753-bff9-21c8dde41873 to target d83f6494-939b-43fc-b57e-5988eb17fa42.
2023-06-27 18:42:10,344 [main] WARN  balancer.ContainerBalancerTask (ContainerBalancerTask.java:cancelMovesThatExceedTimeoutDuration(672)) - Container move timed out for container #16 from source 55e58e3a-248f-4753-bff9-21c8dde41873 to target d83f6494-939b-43fc-b57e-5988eb17fa42.
2023-06-27 18:42:10,345 [main] WARN  balancer.ContainerBalancerTask (ContainerBalancerTask.java:cancelMovesThatExceedTimeoutDuration(672)) - Container move timed out for container #26 from source 55e58e3a-248f-4753-bff9-21c8dde41873 to target d83f6494-939b-43fc-b57e-5988eb17fa42.
2023-06-27 18:42:10,345 [main] WARN  balancer.ContainerBalancerTask (ContainerBalancerTask.java:cancelMovesThatExceedTimeoutDuration(672)) - Container move timed out for container #66 from source 55e58e3a-248f-4753-bff9-21c8dde41873 to target 02c09d63-4b45-4697-836d-328b90d1527b.
2023-06-27 18:42:10,345 [main] WARN  balancer.ContainerBalancerTask (ContainerBalancerTask.java:cancelMovesThatExceedTimeoutDuration(672)) - Container move timed out for container #86 from source b39bc7c1-0ede-4ab9-be3c-4a55fd1fe787 to target 82191992-27f1-4756-8277-0d12269d2018.
2023-06-27 18:42:10,345 [main] WARN  balancer.ContainerBalancerTask (ContainerBalancerTask.java:cancelMovesThatExceedTimeoutDuration(672)) - Container move timed out for container #10 from source b39bc7c1-0ede-4ab9-be3c-4a55fd1fe787 to target d83f6494-939b-43fc-b57e-5988eb17fa42.
2023-06-27 18:42:10,345 [main] WARN  balancer.ContainerBalancerTask (ContainerBalancerTask.java:cancelMovesThatExceedTimeoutDuration(672)) - Container move timed out for container #84 from source b39bc7c1-0ede-4ab9-be3c-4a55fd1fe787 to target 02c09d63-4b45-4697-836d-328b90d1527b.
2023-06-27 18:42:10,345 [main] WARN  balancer.ContainerBalancerTask (ContainerBalancerTask.java:cancelMovesThatExceedTimeoutDuration(672)) - Container move timed out for container #88 from source b39bc7c1-0ede-4ab9-be3c-4a55fd1fe787 to target 02c09d63-4b45-4697-836d-328b90d1527b.
2023-06-27 18:42:10,346 [main] WARN  balancer.ContainerBalancerTask (ContainerBalancerTask.java:cancelMovesThatExceedTimeoutDuration(672)) - Container move timed out for container #52 from source 7425a0d1-4948-47fa-b897-f56231f1bd48 to target d83f6494-939b-43fc-b57e-5988eb17fa42.
2023-06-27 18:42:10,346 [main] WARN  balancer.ContainerBalancerTask (ContainerBalancerTask.java:checkIterationMoveResults(620)) - 9 Container moves are canceled.
2023-06-27 18:42:10,346 [main] INFO  balancer.ContainerBalancerTask (ContainerBalancerTask.java:checkIterationMoveResults(640)) - Iteration Summary. Number of Datanodes involved: 6. Size moved: 5 GB (5368709120 Bytes). Number of Container moves completed: 1.
2023-06-27 18:42:10,346 [main] INFO  balancer.ContainerBalancerTask (ContainerBalancerTask.java:balance(259)) - Result of this iteration of Container Balancer: ITERATION_COMPLETED
2023-06-27 18:42:10,346 [main] INFO  balancer.ContainerBalancerTask (ContainerBalancerTask.java:tryStopWithSaveConfiguration(308)) - Save Configuration for stopping. Reason: Completed all iterations.
2023-06-27 18:42:10,348 [main] DEBUG balancer.ContainerBalancerTask (ContainerBalancerTask.java:initializeIteration(374)) - Average utilization of the cluster is 0.3307655893622179
2023-06-27 18:42:10,348 [main] DEBUG balancer.ContainerBalancerTask (ContainerBalancerTask.java:initializeIteration(386)) - Lower limit for utilization is 0.2307655893622179 and Upper limit for utilization is 0.43076558936221787
2023-06-27 18:42:10,348 [main] DEBUG balancer.ContainerBalancerTask (ContainerBalancerTask.java:initializeIteration(398)) - Utilization for node b39bc7c1-0ede-4ab9-be3c-4a55fd1fe787 with capacity 64424509440B, used 57982058496B, and remaining 6442450944B is 0.9
2023-06-27 18:42:10,348 [main] DEBUG balancer.ContainerBalancerTask (ContainerBalancerTask.java:initializeIteration(398)) - Utilization for node 55e58e3a-248f-4753-bff9-21c8dde41873 with capacity 61740154880B, used 49392123904B, and remaining 12348030976B is 0.8
2023-06-27 18:42:10,348 [main] DEBUG balancer.ContainerBalancerTask (ContainerBalancerTask.java:initializeIteration(398)) - Utilization for node 7425a0d1-4948-47fa-b897-f56231f1bd48 with capacity 67492343222B, used 47244640256B, and remaining 20247702966B is 0.7000000000088898
2023-06-27 18:42:10,348 [main] DEBUG balancer.ContainerBalancerTask (ContainerBalancerTask.java:initializeIteration(398)) - Utilization for node f0b4bdd1-4d4d-4bf9-af26-9bb6fc278dec with capacity 73372357973B, used 44023414784B, and remaining 29348943189B is 0.6000000000027258
2023-06-27 18:42:10,348 [main] DEBUG balancer.ContainerBalancerTask (ContainerBalancerTask.java:initializeIteration(398)) - Utilization for node b662cfdf-ec63-40de-a75f-ff5a38171641 with capacity 49392123904B, used 24696061952B, and remaining 24696061952B is 0.5
2023-06-27 18:42:10,348 [main] DEBUG balancer.ContainerBalancerTask (ContainerBalancerTask.java:initializeIteration(398)) - Utilization for node ff1d128e-f101-4b64-a588-43e5dab3e327 with capacity 142270791680B, used 56908316672B, and remaining 85362475008B is 0.4
2023-06-27 18:42:10,349 [main] DEBUG balancer.ContainerBalancerTask (ContainerBalancerTask.java:initializeIteration(398)) - Utilization for node 17236e33-e9f7-420d-a62a-aef8b713d98d with capacity 121690740053B, used 36507222016B, and remaining 85183518037B is 0.3000000000008218
2023-06-27 18:42:10,349 [main] DEBUG balancer.ContainerBalancerTask (ContainerBalancerTask.java:initializeIteration(398)) - Utilization for node d83f6494-939b-43fc-b57e-5988eb17fa42 with capacity 171798691840B, used 34359738368B, and remaining 137438953472B is 0.2
2023-06-27 18:42:10,349 [main] DEBUG balancer.ContainerBalancerTask (ContainerBalancerTask.java:initializeIteration(398)) - Utilization for node 02c09d63-4b45-4697-836d-328b90d1527b with capacity 418759311360B, used 41875931136B, and remaining 376883380224B is 0.1
2023-06-27 18:42:10,349 [main] DEBUG balancer.ContainerBalancerTask (ContainerBalancerTask.java:initializeIteration(398)) - Utilization for node 82191992-27f1-4756-8277-0d12269d2018 with capacity 17179869184B, used 0B, and remaining 17179869184B is 0.0
2023-06-27 18:42:10,349 [main] INFO  balancer.ContainerBalancerTask (ContainerBalancerTask.java:initializeIteration(447)) - Container Balancer has identified 5 Over-Utilized and 3 Under-Utilized Datanodes that need to be balanced.
2023-06-27 18:42:10,349 [main] DEBUG balancer.ContainerBalancerTask (ContainerBalancerTask.java:lambda$initializeIteration$1(453)) - Datanode localhost-47.26.192.15 b39bc7c1-0ede-4ab9-be3c-4a55fd1fe787 is Over-Utilized.
2023-06-27 18:42:10,349 [main] DEBUG balancer.ContainerBalancerTask (ContainerBalancerTask.java:lambda$initializeIteration$1(453)) - Datanode localhost-213.38.89.113 55e58e3a-248f-4753-bff9-21c8dde41873 is Over-Utilized.
2023-06-27 18:42:10,349 [main] DEBUG balancer.ContainerBalancerTask (ContainerBalancerTask.java:lambda$initializeIteration$1(453)) - Datanode localhost-137.47.73.136 7425a0d1-4948-47fa-b897-f56231f1bd48 is Over-Utilized.
2023-06-27 18:42:10,349 [main] DEBUG balancer.ContainerBalancerTask (ContainerBalancerTask.java:lambda$initializeIteration$1(453)) - Datanode localhost-75.246.30.113 f0b4bdd1-4d4d-4bf9-af26-9bb6fc278dec is Over-Utilized.
2023-06-27 18:42:10,349 [main] DEBUG balancer.ContainerBalancerTask (ContainerBalancerTask.java:lambda$initializeIteration$1(453)) - Datanode localhost-87.252.222.204 b662cfdf-ec63-40de-a75f-ff5a38171641 is Over-Utilized.
2023-06-27 18:42:10,350 [main] DEBUG balancer.ContainerBalancerTask (ContainerBalancerTask.java:lambda$initializeIteration$2(459)) - Datanode localhost-59.210.160.160 82191992-27f1-4756-8277-0d12269d2018 is Under-Utilized.
2023-06-27 18:42:10,350 [main] DEBUG balancer.ContainerBalancerTask (ContainerBalancerTask.java:lambda$initializeIteration$2(459)) - Datanode localhost-114.252.200.49 02c09d63-4b45-4697-836d-328b90d1527b is Under-Utilized.
2023-06-27 18:42:10,350 [main] DEBUG balancer.ContainerBalancerTask (ContainerBalancerTask.java:lambda$initializeIteration$2(459)) - Datanode localhost-213.34.231.135 d83f6494-939b-43fc-b57e-5988eb17fa42 is Under-Utilized.
2023-06-27 18:42:10,358 [main] DEBUG balancer.ContainerBalancerTask (ContainerBalancerTask.java:matchSourceWithTarget(706)) - ContainerBalancer is finding suitable target for source datanode b39bc7c1-0ede-4ab9-be3c-4a55fd1fe787
2023-06-27 18:42:10,359 [main] INFO  balancer.ContainerBalancerTask (ContainerBalancerTask.java:matchSourceWithTarget(720)) - ContainerBalancer matched source datanode b39bc7c1-0ede-4ab9-be3c-4a55fd1fe787 with target datanode 82191992-27f1-4756-8277-0d12269d2018 for container move.
2023-06-27 18:42:10,360 [main] INFO  balancer.ContainerBalancerTask (ContainerBalancerTask.java:processMoveSelection(569)) - ContainerBalancer is trying to move container #85 with size 5368709120B from source datanode b39bc7c1-0ede-4ab9-be3c-4a55fd1fe787 to target datanode 82191992-27f1-4756-8277-0d12269d2018
2023-06-27 18:42:10,360 [main] DEBUG balancer.ContainerBalancerTask (ContainerBalancerTask.java:lambda$moveContainer$3(834)) - Container move completed for container #85 from source b39bc7c1-0ede-4ab9-be3c-4a55fd1fe787 to target 82191992-27f1-4756-8277-0d12269d2018
2023-06-27 18:42:10,365 [main] DEBUG balancer.ContainerBalancerTask (ContainerBalancerTask.java:matchSourceWithTarget(706)) - ContainerBalancer is finding suitable target for source datanode b39bc7c1-0ede-4ab9-be3c-4a55fd1fe787
2023-06-27 18:42:10,366 [main] INFO  balancer.ContainerBalancerTask (ContainerBalancerTask.java:matchSourceWithTarget(720)) - ContainerBalancer matched source datanode b39bc7c1-0ede-4ab9-be3c-4a55fd1fe787 with target datanode 02c09d63-4b45-4697-836d-328b90d1527b for container move.
2023-06-27 18:42:10,366 [main] INFO  balancer.ContainerBalancerTask (ContainerBalancerTask.java:processMoveSelection(569)) - ContainerBalancer is trying to move container #53 with size 5368709120B from source datanode b39bc7c1-0ede-4ab9-be3c-4a55fd1fe787 to target datanode 02c09d63-4b45-4697-836d-328b90d1527b
2023-06-27 18:42:10,369 [main] DEBUG balancer.ContainerBalancerTask (ContainerBalancerTask.java:matchSourceWithTarget(706)) - ContainerBalancer is finding suitable target for source datanode 55e58e3a-248f-4753-bff9-21c8dde41873
2023-06-27 18:42:10,369 [main] INFO  balancer.ContainerBalancerTask (ContainerBalancerTask.java:matchSourceWithTarget(720)) - ContainerBalancer matched source datanode 55e58e3a-248f-4753-bff9-21c8dde41873 with target datanode 02c09d63-4b45-4697-836d-328b90d1527b for container move.
2023-06-27 18:42:10,369 [main] INFO  balancer.ContainerBalancerTask (ContainerBalancerTask.java:processMoveSelection(569)) - ContainerBalancer is trying to move container #29 with size 5368709120B from source datanode 55e58e3a-248f-4753-bff9-21c8dde41873 to target datanode 02c09d63-4b45-4697-836d-328b90d1527b
2023-06-27 18:42:10,375 [main] DEBUG balancer.ContainerBalancerTask (ContainerBalancerTask.java:matchSourceWithTarget(706)) - ContainerBalancer is finding suitable target for source datanode b39bc7c1-0ede-4ab9-be3c-4a55fd1fe787
2023-06-27 18:42:10,376 [main] INFO  balancer.ContainerBalancerTask (ContainerBalancerTask.java:matchSourceWithTarget(720)) - ContainerBalancer matched source datanode b39bc7c1-0ede-4ab9-be3c-4a55fd1fe787 with target datanode d83f6494-939b-43fc-b57e-5988eb17fa42 for container move.
2023-06-27 18:42:10,376 [main] INFO  balancer.ContainerBalancerTask (ContainerBalancerTask.java:processMoveSelection(569)) - ContainerBalancer is trying to move container #40 with size 5368709120B from source datanode b39bc7c1-0ede-4ab9-be3c-4a55fd1fe787 to target datanode d83f6494-939b-43fc-b57e-5988eb17fa42
2023-06-27 18:42:10,379 [main] DEBUG balancer.ContainerBalancerTask (ContainerBalancerTask.java:matchSourceWithTarget(706)) - ContainerBalancer is finding suitable target for source datanode 55e58e3a-248f-4753-bff9-21c8dde41873
2023-06-27 18:42:10,379 [main] INFO  balancer.ContainerBalancerTask (ContainerBalancerTask.java:matchSourceWithTarget(720)) - ContainerBalancer matched source datanode 55e58e3a-248f-4753-bff9-21c8dde41873 with target datanode d83f6494-939b-43fc-b57e-5988eb17fa42 for container move.
2023-06-27 18:42:10,380 [main] INFO  balancer.ContainerBalancerTask (ContainerBalancerTask.java:processMoveSelection(569)) - ContainerBalancer is trying to move container #89 with size 4294967296B from source datanode 55e58e3a-248f-4753-bff9-21c8dde41873 to target datanode d83f6494-939b-43fc-b57e-5988eb17fa42
2023-06-27 18:42:10,382 [main] DEBUG balancer.ContainerBalancerTask (ContainerBalancerTask.java:matchSourceWithTarget(706)) - ContainerBalancer is finding suitable target for source datanode 7425a0d1-4948-47fa-b897-f56231f1bd48
2023-06-27 18:42:10,383 [main] INFO  balancer.ContainerBalancerTask (ContainerBalancerTask.java:matchSourceWithTarget(720)) - ContainerBalancer matched source datanode 7425a0d1-4948-47fa-b897-f56231f1bd48 with target datanode d83f6494-939b-43fc-b57e-5988eb17fa42 for container move.
2023-06-27 18:42:10,383 [main] INFO  balancer.ContainerBalancerTask (ContainerBalancerTask.java:processMoveSelection(569)) - ContainerBalancer is trying to move container #81 with size 1073741824B from source datanode 7425a0d1-4948-47fa-b897-f56231f1bd48 to target datanode d83f6494-939b-43fc-b57e-5988eb17fa42
2023-06-27 18:42:10,389 [main] DEBUG balancer.ContainerBalancerTask (ContainerBalancerTask.java:matchSourceWithTarget(706)) - ContainerBalancer is finding suitable target for source datanode 7425a0d1-4948-47fa-b897-f56231f1bd48
2023-06-27 18:42:10,392 [main] INFO  balancer.ContainerBalancerTask (ContainerBalancerTask.java:matchSourceWithTarget(720)) - ContainerBalancer matched source datanode 7425a0d1-4948-47fa-b897-f56231f1bd48 with target datanode 82191992-27f1-4756-8277-0d12269d2018 for container move.
2023-06-27 18:42:10,392 [main] INFO  balancer.ContainerBalancerTask (ContainerBalancerTask.java:processMoveSelection(569)) - ContainerBalancer is trying to move container #54 with size 1073741824B from source datanode 7425a0d1-4948-47fa-b897-f56231f1bd48 to target datanode 82191992-27f1-4756-8277-0d12269d2018
2023-06-27 18:42:10,395 [main] DEBUG balancer.ContainerBalancerTask (ContainerBalancerTask.java:matchSourceWithTarget(706)) - ContainerBalancer is finding suitable target for source datanode 7425a0d1-4948-47fa-b897-f56231f1bd48
2023-06-27 18:42:10,396 [main] INFO  balancer.FindTargetGreedyByUsageInfo (AbstractFindTargetGreedy.java:findTargetForContainerMove(133)) - Container Balancer could not find a target for source datanode 7425a0d1-4948-47fa-b897-f56231f1bd48
2023-06-27 18:42:10,396 [main] DEBUG balancer.ContainerBalancerTask (ContainerBalancerTask.java:matchSourceWithTarget(715)) - ContainerBalancer could not find a suitable target for source node 7425a0d1-4948-47fa-b897-f56231f1bd48.
2023-06-27 18:42:10,405 [main] DEBUG balancer.ContainerBalancerTask (ContainerBalancerTask.java:matchSourceWithTarget(706)) - ContainerBalancer is finding suitable target for source datanode b39bc7c1-0ede-4ab9-be3c-4a55fd1fe787
2023-06-27 18:42:10,406 [main] INFO  balancer.FindTargetGreedyByUsageInfo (AbstractFindTargetGreedy.java:findTargetForContainerMove(133)) - Container Balancer could not find a target for source datanode b39bc7c1-0ede-4ab9-be3c-4a55fd1fe787
2023-06-27 18:42:10,407 [main] DEBUG balancer.ContainerBalancerTask (ContainerBalancerTask.java:matchSourceWithTarget(715)) - ContainerBalancer could not find a suitable target for source node b39bc7c1-0ede-4ab9-be3c-4a55fd1fe787.
2023-06-27 18:42:10,410 [main] DEBUG balancer.ContainerBalancerTask (ContainerBalancerTask.java:matchSourceWithTarget(706)) - ContainerBalancer is finding suitable target for source datanode 55e58e3a-248f-4753-bff9-21c8dde41873
2023-06-27 18:42:10,411 [main] INFO  balancer.FindTargetGreedyByUsageInfo (AbstractFindTargetGreedy.java:findTargetForContainerMove(133)) - Container Balancer could not find a target for source datanode 55e58e3a-248f-4753-bff9-21c8dde41873
2023-06-27 18:42:10,411 [main] DEBUG balancer.ContainerBalancerTask (ContainerBalancerTask.java:matchSourceWithTarget(715)) - ContainerBalancer could not find a suitable target for source node 55e58e3a-248f-4753-bff9-21c8dde41873.
2023-06-27 18:42:10,415 [main] DEBUG balancer.ContainerBalancerTask (ContainerBalancerTask.java:matchSourceWithTarget(706)) - ContainerBalancer is finding suitable target for source datanode f0b4bdd1-4d4d-4bf9-af26-9bb6fc278dec
2023-06-27 18:42:10,416 [main] INFO  balancer.FindTargetGreedyByUsageInfo (AbstractFindTargetGreedy.java:findTargetForContainerMove(133)) - Container Balancer could not find a target for source datanode f0b4bdd1-4d4d-4bf9-af26-9bb6fc278dec
2023-06-27 18:42:10,416 [main] DEBUG balancer.ContainerBalancerTask (ContainerBalancerTask.java:matchSourceWithTarget(715)) - ContainerBalancer could not find a suitable target for source node f0b4bdd1-4d4d-4bf9-af26-9bb6fc278dec.
2023-06-27 18:42:10,418 [main] DEBUG balancer.ContainerBalancerTask (ContainerBalancerTask.java:matchSourceWithTarget(706)) - ContainerBalancer is finding suitable target for source datanode b662cfdf-ec63-40de-a75f-ff5a38171641
2023-06-27 18:42:10,418 [main] INFO  balancer.FindTargetGreedyByUsageInfo (AbstractFindTargetGreedy.java:findTargetForContainerMove(133)) - Container Balancer could not find a target for source datanode b662cfdf-ec63-40de-a75f-ff5a38171641
2023-06-27 18:42:10,418 [main] DEBUG balancer.ContainerBalancerTask (ContainerBalancerTask.java:matchSourceWithTarget(715)) - ContainerBalancer could not find a suitable target for source node b662cfdf-ec63-40de-a75f-ff5a38171641.
2023-06-27 18:42:10,419 [main] INFO  balancer.FindSourceGreedy (FindSourceGreedy.java:getNextCandidateSourceDataNode(126)) - no more candidate source data node
2023-06-27 18:42:10,919 [main] WARN  balancer.ContainerBalancerTask (ContainerBalancerTask.java:cancelMovesThatExceedTimeoutDuration(672)) - Container move timed out for container #29 from source 55e58e3a-248f-4753-bff9-21c8dde41873 to target 02c09d63-4b45-4697-836d-328b90d1527b.
2023-06-27 18:42:10,919 [main] WARN  balancer.ContainerBalancerTask (ContainerBalancerTask.java:cancelMovesThatExceedTimeoutDuration(672)) - Container move timed out for container #81 from source 7425a0d1-4948-47fa-b897-f56231f1bd48 to target d83f6494-939b-43fc-b57e-5988eb17fa42.
2023-06-27 18:42:10,919 [main] WARN  balancer.ContainerBalancerTask (ContainerBalancerTask.java:cancelMovesThatExceedTimeoutDuration(672)) - Container move timed out for container #89 from source 55e58e3a-248f-4753-bff9-21c8dde41873 to target d83f6494-939b-43fc-b57e-5988eb17fa42.
2023-06-27 18:42:10,920 [main] WARN  balancer.ContainerBalancerTask (ContainerBalancerTask.java:cancelMovesThatExceedTimeoutDuration(672)) - Container move timed out for container #53 from source b39bc7c1-0ede-4ab9-be3c-4a55fd1fe787 to target 02c09d63-4b45-4697-836d-328b90d1527b.
2023-06-27 18:42:10,920 [main] WARN  balancer.ContainerBalancerTask (ContainerBalancerTask.java:cancelMovesThatExceedTimeoutDuration(672)) - Container move timed out for container #40 from source b39bc7c1-0ede-4ab9-be3c-4a55fd1fe787 to target d83f6494-939b-43fc-b57e-5988eb17fa42.
2023-06-27 18:42:10,920 [main] WARN  balancer.ContainerBalancerTask (ContainerBalancerTask.java:cancelMovesThatExceedTimeoutDuration(672)) - Container move timed out for container #54 from source 7425a0d1-4948-47fa-b897-f56231f1bd48 to target 82191992-27f1-4756-8277-0d12269d2018.
2023-06-27 18:42:10,920 [main] WARN  balancer.ContainerBalancerTask (ContainerBalancerTask.java:checkIterationMoveResults(620)) - 6 Container moves are canceled.
2023-06-27 18:42:10,920 [main] INFO  balancer.ContainerBalancerTask (ContainerBalancerTask.java:checkIterationMoveResults(640)) - Iteration Summary. Number of Datanodes involved: 6. Size moved: 5 GB (5368709120 Bytes). Number of Container moves completed: 1.
2023-06-27 18:42:10,920 [main] INFO  balancer.ContainerBalancerTask (ContainerBalancerTask.java:balance(259)) - Result of this iteration of Container Balancer: ITERATION_COMPLETED
2023-06-27 18:42:10,920 [main] INFO  balancer.ContainerBalancerTask (ContainerBalancerTask.java:tryStopWithSaveConfiguration(308)) - Save Configuration for stopping. Reason: Completed all iterations.
]]></system-out>
  </testcase>
  <testcase name="targetDatanodeShouldNotAlreadyContainSelectedContainer" classname="org.apache.hadoop.hdds.scm.container.balancer.TestContainerBalancerTask" time="0.156">
    <system-out><![CDATA[2023-06-27 18:42:10,947 [main] INFO  net.NodeSchemaLoader (NodeSchemaLoader.java:loadSchemaFromFile(129)) - Loading schema from [file:/home/runner/work/ozone/ozone/hadoop-hdds/common/target/classes/network-topology-default.xml]
2023-06-27 18:42:10,948 [main] INFO  net.NodeSchemaLoader (NodeSchemaLoader.java:loadSchema(176)) - Loading network topology layer schema file
2023-06-27 18:42:10,950 [main] INFO  net.NetworkTopologyImpl (NetworkTopologyImpl.java:add(112)) - Added a new node: /default-rack/8393a1d4-36fe-455a-a465-878f2306981f
2023-06-27 18:42:10,950 [main] INFO  net.NetworkTopologyImpl (NetworkTopologyImpl.java:add(112)) - Added a new node: /default-rack/51cf598c-9aab-4641-a65a-d119df4fc785
2023-06-27 18:42:10,950 [main] INFO  net.NetworkTopologyImpl (NetworkTopologyImpl.java:add(112)) - Added a new node: /default-rack/cfc692b5-5f11-43ca-93c9-5cdb9d091f43
2023-06-27 18:42:10,950 [main] INFO  net.NetworkTopologyImpl (NetworkTopologyImpl.java:add(112)) - Added a new node: /default-rack/b5a60e7f-8903-4254-b85a-f1e74694c4f6
2023-06-27 18:42:10,950 [main] INFO  net.NetworkTopologyImpl (NetworkTopologyImpl.java:add(112)) - Added a new node: /default-rack/faa3f922-f1c1-4bc4-91e7-6dea9581b49a
2023-06-27 18:42:10,950 [main] INFO  net.NetworkTopologyImpl (NetworkTopologyImpl.java:add(112)) - Added a new node: /default-rack/33fe1204-9dd7-456f-8c4a-1a14572f4981
2023-06-27 18:42:10,950 [main] INFO  net.NetworkTopologyImpl (NetworkTopologyImpl.java:add(112)) - Added a new node: /default-rack/2059bac1-2cfd-4b5e-958a-f16317820454
2023-06-27 18:42:10,950 [main] INFO  net.NetworkTopologyImpl (NetworkTopologyImpl.java:add(112)) - Added a new node: /default-rack/2021909a-0776-446d-b26f-be655e338a4f
2023-06-27 18:42:10,951 [main] INFO  net.NetworkTopologyImpl (NetworkTopologyImpl.java:add(112)) - Added a new node: /default-rack/fd174857-06ed-49dc-bc02-4e65de806251
2023-06-27 18:42:10,951 [main] INFO  net.NetworkTopologyImpl (NetworkTopologyImpl.java:add(112)) - Added a new node: /default-rack/0c760f25-2fce-4595-b3c6-7391fec34e61
2023-06-27 18:42:10,951 [main] INFO  algorithms.ContainerPlacementPolicyFactory (ContainerPlacementPolicyFactory.java:getPolicyInternal(86)) - Create container placement policy of type org.apache.hadoop.hdds.scm.container.placement.algorithms.SCMContainerPlacementRackAware
2023-06-27 18:42:10,951 [main] INFO  algorithms.ContainerPlacementPolicyFactory (ContainerPlacementPolicyFactory.java:getPolicyInternal(86)) - Create container placement policy of type org.apache.hadoop.hdds.scm.container.placement.algorithms.SCMContainerPlacementRackScatter
2023-06-27 18:42:10,954 [main] DEBUG balancer.ContainerBalancerTask (ContainerBalancerTask.java:initializeIteration(374)) - Average utilization of the cluster is 0.3448696752149186
2023-06-27 18:42:10,954 [main] DEBUG balancer.ContainerBalancerTask (ContainerBalancerTask.java:initializeIteration(386)) - Lower limit for utilization is 0.24486967521491862 and Upper limit for utilization is 0.4448696752149186
2023-06-27 18:42:10,955 [main] DEBUG balancer.ContainerBalancerTask (ContainerBalancerTask.java:initializeIteration(398)) - Utilization for node cfc692b5-5f11-43ca-93c9-5cdb9d091f43 with capacity 71582788266B, used 64424509440B, and remaining 7158278826B is 0.9000000000083819
2023-06-27 18:42:10,955 [main] DEBUG balancer.ContainerBalancerTask (ContainerBalancerTask.java:initializeIteration(398)) - Utilization for node 33fe1204-9dd7-456f-8c4a-1a14572f4981 with capacity 57713623040B, used 46170898432B, and remaining 11542724608B is 0.8
2023-06-27 18:42:10,955 [main] DEBUG balancer.ContainerBalancerTask (ContainerBalancerTask.java:initializeIteration(398)) - Utilization for node 2021909a-0776-446d-b26f-be655e338a4f with capacity 69026260114B, used 48318382080B, and remaining 20707878034B is 0.7000000000028974
2023-06-27 18:42:10,955 [main] DEBUG balancer.ContainerBalancerTask (ContainerBalancerTask.java:initializeIteration(398)) - Utilization for node fd174857-06ed-49dc-bc02-4e65de806251 with capacity 89478485333B, used 53687091200B, and remaining 35791394133B is 0.6000000000022352
2023-06-27 18:42:10,955 [main] DEBUG balancer.ContainerBalancerTask (ContainerBalancerTask.java:initializeIteration(398)) - Utilization for node 2059bac1-2cfd-4b5e-958a-f16317820454 with capacity 90194313216B, used 45097156608B, and remaining 45097156608B is 0.5
2023-06-27 18:42:10,955 [main] DEBUG balancer.ContainerBalancerTask (ContainerBalancerTask.java:initializeIteration(398)) - Utilization for node b5a60e7f-8903-4254-b85a-f1e74694c4f6 with capacity 61740154880B, used 24696061952B, and remaining 37044092928B is 0.4
2023-06-27 18:42:10,955 [main] DEBUG balancer.ContainerBalancerTask (ContainerBalancerTask.java:initializeIteration(398)) - Utilization for node 51cf598c-9aab-4641-a65a-d119df4fc785 with capacity 143165576533B, used 42949672960B, and remaining 100215903573B is 0.3000000000006985
2023-06-27 18:42:10,955 [main] DEBUG balancer.ContainerBalancerTask (ContainerBalancerTask.java:initializeIteration(398)) - Utilization for node faa3f922-f1c1-4bc4-91e7-6dea9581b49a with capacity 198642237440B, used 39728447488B, and remaining 158913789952B is 0.2
2023-06-27 18:42:10,955 [main] DEBUG balancer.ContainerBalancerTask (ContainerBalancerTask.java:initializeIteration(398)) - Utilization for node 0c760f25-2fce-4595-b3c6-7391fec34e61 with capacity 322122547200B, used 32212254720B, and remaining 289910292480B is 0.1
2023-06-27 18:42:10,955 [main] DEBUG balancer.ContainerBalancerTask (ContainerBalancerTask.java:initializeIteration(398)) - Utilization for node 8393a1d4-36fe-455a-a465-878f2306981f with capacity 48318382080B, used 0B, and remaining 48318382080B is 0.0
2023-06-27 18:42:10,956 [main] INFO  balancer.ContainerBalancerTask (ContainerBalancerTask.java:initializeIteration(447)) - Container Balancer has identified 5 Over-Utilized and 3 Under-Utilized Datanodes that need to be balanced.
2023-06-27 18:42:10,956 [main] DEBUG balancer.ContainerBalancerTask (ContainerBalancerTask.java:lambda$initializeIteration$1(453)) - Datanode localhost-151.104.9.243 cfc692b5-5f11-43ca-93c9-5cdb9d091f43 is Over-Utilized.
2023-06-27 18:42:10,956 [main] DEBUG balancer.ContainerBalancerTask (ContainerBalancerTask.java:lambda$initializeIteration$1(453)) - Datanode localhost-230.115.7.80 33fe1204-9dd7-456f-8c4a-1a14572f4981 is Over-Utilized.
2023-06-27 18:42:10,956 [main] DEBUG balancer.ContainerBalancerTask (ContainerBalancerTask.java:lambda$initializeIteration$1(453)) - Datanode localhost-35.59.184.76 2021909a-0776-446d-b26f-be655e338a4f is Over-Utilized.
2023-06-27 18:42:10,956 [main] DEBUG balancer.ContainerBalancerTask (ContainerBalancerTask.java:lambda$initializeIteration$1(453)) - Datanode localhost-29.149.21.244 fd174857-06ed-49dc-bc02-4e65de806251 is Over-Utilized.
2023-06-27 18:42:10,956 [main] DEBUG balancer.ContainerBalancerTask (ContainerBalancerTask.java:lambda$initializeIteration$1(453)) - Datanode localhost-231.181.246.121 2059bac1-2cfd-4b5e-958a-f16317820454 is Over-Utilized.
2023-06-27 18:42:10,956 [main] DEBUG balancer.ContainerBalancerTask (ContainerBalancerTask.java:lambda$initializeIteration$2(459)) - Datanode localhost-42.118.137.235 8393a1d4-36fe-455a-a465-878f2306981f is Under-Utilized.
2023-06-27 18:42:10,956 [main] DEBUG balancer.ContainerBalancerTask (ContainerBalancerTask.java:lambda$initializeIteration$2(459)) - Datanode localhost-223.36.196.243 0c760f25-2fce-4595-b3c6-7391fec34e61 is Under-Utilized.
2023-06-27 18:42:10,956 [main] DEBUG balancer.ContainerBalancerTask (ContainerBalancerTask.java:lambda$initializeIteration$2(459)) - Datanode localhost-27.175.52.195 faa3f922-f1c1-4bc4-91e7-6dea9581b49a is Under-Utilized.
2023-06-27 18:42:10,960 [main] DEBUG balancer.ContainerBalancerTask (ContainerBalancerTask.java:matchSourceWithTarget(706)) - ContainerBalancer is finding suitable target for source datanode cfc692b5-5f11-43ca-93c9-5cdb9d091f43
2023-06-27 18:42:10,960 [main] INFO  balancer.ContainerBalancerTask (ContainerBalancerTask.java:matchSourceWithTarget(720)) - ContainerBalancer matched source datanode cfc692b5-5f11-43ca-93c9-5cdb9d091f43 with target datanode 8393a1d4-36fe-455a-a465-878f2306981f for container move.
2023-06-27 18:42:10,960 [main] INFO  balancer.ContainerBalancerTask (ContainerBalancerTask.java:processMoveSelection(569)) - ContainerBalancer is trying to move container #85 with size 5368709120B from source datanode cfc692b5-5f11-43ca-93c9-5cdb9d091f43 to target datanode 8393a1d4-36fe-455a-a465-878f2306981f
2023-06-27 18:42:10,960 [main] DEBUG balancer.ContainerBalancerTask (ContainerBalancerTask.java:lambda$moveContainer$3(834)) - Container move completed for container #85 from source cfc692b5-5f11-43ca-93c9-5cdb9d091f43 to target 8393a1d4-36fe-455a-a465-878f2306981f
2023-06-27 18:42:10,964 [main] DEBUG balancer.ContainerBalancerTask (ContainerBalancerTask.java:matchSourceWithTarget(706)) - ContainerBalancer is finding suitable target for source datanode cfc692b5-5f11-43ca-93c9-5cdb9d091f43
2023-06-27 18:42:10,964 [main] INFO  balancer.ContainerBalancerTask (ContainerBalancerTask.java:matchSourceWithTarget(720)) - ContainerBalancer matched source datanode cfc692b5-5f11-43ca-93c9-5cdb9d091f43 with target datanode 0c760f25-2fce-4595-b3c6-7391fec34e61 for container move.
2023-06-27 18:42:10,964 [main] INFO  balancer.ContainerBalancerTask (ContainerBalancerTask.java:processMoveSelection(569)) - ContainerBalancer is trying to move container #68 with size 5368709120B from source datanode cfc692b5-5f11-43ca-93c9-5cdb9d091f43 to target datanode 0c760f25-2fce-4595-b3c6-7391fec34e61
2023-06-27 18:42:10,964 [main] DEBUG balancer.ContainerBalancerTask (ContainerBalancerTask.java:lambda$moveContainer$3(834)) - Container move completed for container #68 from source cfc692b5-5f11-43ca-93c9-5cdb9d091f43 to target 0c760f25-2fce-4595-b3c6-7391fec34e61
2023-06-27 18:42:10,967 [main] DEBUG balancer.ContainerBalancerTask (ContainerBalancerTask.java:matchSourceWithTarget(706)) - ContainerBalancer is finding suitable target for source datanode 33fe1204-9dd7-456f-8c4a-1a14572f4981
2023-06-27 18:42:10,968 [main] INFO  balancer.ContainerBalancerTask (ContainerBalancerTask.java:matchSourceWithTarget(720)) - ContainerBalancer matched source datanode 33fe1204-9dd7-456f-8c4a-1a14572f4981 with target datanode 8393a1d4-36fe-455a-a465-878f2306981f for container move.
2023-06-27 18:42:10,968 [main] INFO  balancer.ContainerBalancerTask (ContainerBalancerTask.java:processMoveSelection(569)) - ContainerBalancer is trying to move container #89 with size 4294967296B from source datanode 33fe1204-9dd7-456f-8c4a-1a14572f4981 to target datanode 8393a1d4-36fe-455a-a465-878f2306981f
2023-06-27 18:42:10,968 [main] DEBUG balancer.ContainerBalancerTask (ContainerBalancerTask.java:lambda$moveContainer$3(834)) - Container move completed for container #89 from source 33fe1204-9dd7-456f-8c4a-1a14572f4981 to target 8393a1d4-36fe-455a-a465-878f2306981f
2023-06-27 18:42:10,972 [main] DEBUG balancer.ContainerBalancerTask (ContainerBalancerTask.java:matchSourceWithTarget(706)) - ContainerBalancer is finding suitable target for source datanode cfc692b5-5f11-43ca-93c9-5cdb9d091f43
2023-06-27 18:42:10,972 [main] INFO  balancer.ContainerBalancerTask (ContainerBalancerTask.java:matchSourceWithTarget(720)) - ContainerBalancer matched source datanode cfc692b5-5f11-43ca-93c9-5cdb9d091f43 with target datanode 0c760f25-2fce-4595-b3c6-7391fec34e61 for container move.
2023-06-27 18:42:10,972 [main] INFO  balancer.ContainerBalancerTask (ContainerBalancerTask.java:processMoveSelection(569)) - ContainerBalancer is trying to move container #29 with size 5368709120B from source datanode cfc692b5-5f11-43ca-93c9-5cdb9d091f43 to target datanode 0c760f25-2fce-4595-b3c6-7391fec34e61
2023-06-27 18:42:10,972 [main] DEBUG balancer.ContainerBalancerTask (ContainerBalancerTask.java:lambda$moveContainer$3(834)) - Container move completed for container #29 from source cfc692b5-5f11-43ca-93c9-5cdb9d091f43 to target 0c760f25-2fce-4595-b3c6-7391fec34e61
2023-06-27 18:42:10,975 [main] DEBUG balancer.ContainerBalancerTask (ContainerBalancerTask.java:matchSourceWithTarget(706)) - ContainerBalancer is finding suitable target for source datanode 33fe1204-9dd7-456f-8c4a-1a14572f4981
2023-06-27 18:42:10,976 [main] INFO  balancer.ContainerBalancerTask (ContainerBalancerTask.java:matchSourceWithTarget(720)) - ContainerBalancer matched source datanode 33fe1204-9dd7-456f-8c4a-1a14572f4981 with target datanode 0c760f25-2fce-4595-b3c6-7391fec34e61 for container move.
2023-06-27 18:42:10,976 [main] INFO  balancer.ContainerBalancerTask (ContainerBalancerTask.java:processMoveSelection(569)) - ContainerBalancer is trying to move container #67 with size 4294967296B from source datanode 33fe1204-9dd7-456f-8c4a-1a14572f4981 to target datanode 0c760f25-2fce-4595-b3c6-7391fec34e61
2023-06-27 18:42:10,976 [main] DEBUG balancer.ContainerBalancerTask (ContainerBalancerTask.java:lambda$moveContainer$3(834)) - Container move completed for container #67 from source 33fe1204-9dd7-456f-8c4a-1a14572f4981 to target 0c760f25-2fce-4595-b3c6-7391fec34e61
2023-06-27 18:42:10,979 [main] DEBUG balancer.ContainerBalancerTask (ContainerBalancerTask.java:matchSourceWithTarget(706)) - ContainerBalancer is finding suitable target for source datanode 2021909a-0776-446d-b26f-be655e338a4f
2023-06-27 18:42:10,979 [main] INFO  balancer.ContainerBalancerTask (ContainerBalancerTask.java:matchSourceWithTarget(720)) - ContainerBalancer matched source datanode 2021909a-0776-446d-b26f-be655e338a4f with target datanode 0c760f25-2fce-4595-b3c6-7391fec34e61 for container move.
2023-06-27 18:42:10,979 [main] INFO  balancer.ContainerBalancerTask (ContainerBalancerTask.java:processMoveSelection(569)) - ContainerBalancer is trying to move container #53 with size 5368709120B from source datanode 2021909a-0776-446d-b26f-be655e338a4f to target datanode 0c760f25-2fce-4595-b3c6-7391fec34e61
2023-06-27 18:42:10,979 [main] DEBUG balancer.ContainerBalancerTask (ContainerBalancerTask.java:lambda$moveContainer$3(834)) - Container move completed for container #53 from source 2021909a-0776-446d-b26f-be655e338a4f to target 0c760f25-2fce-4595-b3c6-7391fec34e61
2023-06-27 18:42:10,983 [main] DEBUG balancer.ContainerBalancerTask (ContainerBalancerTask.java:matchSourceWithTarget(706)) - ContainerBalancer is finding suitable target for source datanode cfc692b5-5f11-43ca-93c9-5cdb9d091f43
2023-06-27 18:42:10,983 [main] INFO  balancer.ContainerBalancerTask (ContainerBalancerTask.java:matchSourceWithTarget(720)) - ContainerBalancer matched source datanode cfc692b5-5f11-43ca-93c9-5cdb9d091f43 with target datanode 0c760f25-2fce-4595-b3c6-7391fec34e61 for container move.
2023-06-27 18:42:10,983 [main] INFO  balancer.ContainerBalancerTask (ContainerBalancerTask.java:processMoveSelection(569)) - ContainerBalancer is trying to move container #84 with size 4294967296B from source datanode cfc692b5-5f11-43ca-93c9-5cdb9d091f43 to target datanode 0c760f25-2fce-4595-b3c6-7391fec34e61
2023-06-27 18:42:10,984 [main] DEBUG balancer.ContainerBalancerTask (ContainerBalancerTask.java:lambda$moveContainer$3(834)) - Container move completed for container #84 from source cfc692b5-5f11-43ca-93c9-5cdb9d091f43 to target 0c760f25-2fce-4595-b3c6-7391fec34e61
2023-06-27 18:42:10,987 [main] DEBUG balancer.ContainerBalancerTask (ContainerBalancerTask.java:matchSourceWithTarget(706)) - ContainerBalancer is finding suitable target for source datanode 33fe1204-9dd7-456f-8c4a-1a14572f4981
2023-06-27 18:42:10,987 [main] INFO  balancer.ContainerBalancerTask (ContainerBalancerTask.java:matchSourceWithTarget(720)) - ContainerBalancer matched source datanode 33fe1204-9dd7-456f-8c4a-1a14572f4981 with target datanode 0c760f25-2fce-4595-b3c6-7391fec34e61 for container move.
2023-06-27 18:42:10,987 [main] INFO  balancer.ContainerBalancerTask (ContainerBalancerTask.java:processMoveSelection(569)) - ContainerBalancer is trying to move container #39 with size 4294967296B from source datanode 33fe1204-9dd7-456f-8c4a-1a14572f4981 to target datanode 0c760f25-2fce-4595-b3c6-7391fec34e61
2023-06-27 18:42:10,987 [main] DEBUG balancer.ContainerBalancerTask (ContainerBalancerTask.java:lambda$moveContainer$3(834)) - Container move completed for container #39 from source 33fe1204-9dd7-456f-8c4a-1a14572f4981 to target 0c760f25-2fce-4595-b3c6-7391fec34e61
2023-06-27 18:42:10,990 [main] DEBUG balancer.ContainerBalancerTask (ContainerBalancerTask.java:matchSourceWithTarget(706)) - ContainerBalancer is finding suitable target for source datanode 2021909a-0776-446d-b26f-be655e338a4f
2023-06-27 18:42:10,991 [main] INFO  balancer.ContainerBalancerTask (ContainerBalancerTask.java:matchSourceWithTarget(720)) - ContainerBalancer matched source datanode 2021909a-0776-446d-b26f-be655e338a4f with target datanode 0c760f25-2fce-4595-b3c6-7391fec34e61 for container move.
2023-06-27 18:42:10,991 [main] INFO  balancer.ContainerBalancerTask (ContainerBalancerTask.java:processMoveSelection(569)) - ContainerBalancer is trying to move container #28 with size 4294967296B from source datanode 2021909a-0776-446d-b26f-be655e338a4f to target datanode 0c760f25-2fce-4595-b3c6-7391fec34e61
2023-06-27 18:42:10,991 [main] DEBUG balancer.ContainerBalancerTask (ContainerBalancerTask.java:lambda$moveContainer$3(834)) - Container move completed for container #28 from source 2021909a-0776-446d-b26f-be655e338a4f to target 0c760f25-2fce-4595-b3c6-7391fec34e61
2023-06-27 18:42:10,995 [main] DEBUG balancer.ContainerBalancerTask (ContainerBalancerTask.java:matchSourceWithTarget(706)) - ContainerBalancer is finding suitable target for source datanode cfc692b5-5f11-43ca-93c9-5cdb9d091f43
2023-06-27 18:42:10,996 [main] INFO  balancer.ContainerBalancerTask (ContainerBalancerTask.java:matchSourceWithTarget(720)) - ContainerBalancer matched source datanode cfc692b5-5f11-43ca-93c9-5cdb9d091f43 with target datanode 8393a1d4-36fe-455a-a465-878f2306981f for container move.
2023-06-27 18:42:10,996 [main] INFO  balancer.ContainerBalancerTask (ContainerBalancerTask.java:processMoveSelection(569)) - ContainerBalancer is trying to move container #88 with size 3221225472B from source datanode cfc692b5-5f11-43ca-93c9-5cdb9d091f43 to target datanode 8393a1d4-36fe-455a-a465-878f2306981f
2023-06-27 18:42:10,996 [main] DEBUG balancer.ContainerBalancerTask (ContainerBalancerTask.java:lambda$moveContainer$3(834)) - Container move completed for container #88 from source cfc692b5-5f11-43ca-93c9-5cdb9d091f43 to target 8393a1d4-36fe-455a-a465-878f2306981f
2023-06-27 18:42:10,999 [main] DEBUG balancer.ContainerBalancerTask (ContainerBalancerTask.java:matchSourceWithTarget(706)) - ContainerBalancer is finding suitable target for source datanode fd174857-06ed-49dc-bc02-4e65de806251
2023-06-27 18:42:10,999 [main] INFO  balancer.ContainerBalancerTask (ContainerBalancerTask.java:matchSourceWithTarget(720)) - ContainerBalancer matched source datanode fd174857-06ed-49dc-bc02-4e65de806251 with target datanode faa3f922-f1c1-4bc4-91e7-6dea9581b49a for container move.
2023-06-27 18:42:10,999 [main] INFO  balancer.ContainerBalancerTask (ContainerBalancerTask.java:processMoveSelection(569)) - ContainerBalancer is trying to move container #40 with size 5368709120B from source datanode fd174857-06ed-49dc-bc02-4e65de806251 to target datanode faa3f922-f1c1-4bc4-91e7-6dea9581b49a
2023-06-27 18:42:10,999 [main] DEBUG balancer.ContainerBalancerTask (ContainerBalancerTask.java:lambda$moveContainer$3(834)) - Container move completed for container #40 from source fd174857-06ed-49dc-bc02-4e65de806251 to target faa3f922-f1c1-4bc4-91e7-6dea9581b49a
2023-06-27 18:42:11,003 [main] DEBUG balancer.ContainerBalancerTask (ContainerBalancerTask.java:matchSourceWithTarget(706)) - ContainerBalancer is finding suitable target for source datanode 33fe1204-9dd7-456f-8c4a-1a14572f4981
2023-06-27 18:42:11,003 [main] INFO  balancer.ContainerBalancerTask (ContainerBalancerTask.java:matchSourceWithTarget(720)) - ContainerBalancer matched source datanode 33fe1204-9dd7-456f-8c4a-1a14572f4981 with target datanode 0c760f25-2fce-4595-b3c6-7391fec34e61 for container move.
2023-06-27 18:42:11,003 [main] INFO  balancer.ContainerBalancerTask (ContainerBalancerTask.java:processMoveSelection(569)) - ContainerBalancer is trying to move container #71 with size 3221225472B from source datanode 33fe1204-9dd7-456f-8c4a-1a14572f4981 to target datanode 0c760f25-2fce-4595-b3c6-7391fec34e61
2023-06-27 18:42:11,003 [main] DEBUG balancer.ContainerBalancerTask (ContainerBalancerTask.java:lambda$moveContainer$3(834)) - Container move completed for container #71 from source 33fe1204-9dd7-456f-8c4a-1a14572f4981 to target 0c760f25-2fce-4595-b3c6-7391fec34e61
2023-06-27 18:42:11,008 [main] DEBUG balancer.ContainerBalancerTask (ContainerBalancerTask.java:matchSourceWithTarget(706)) - ContainerBalancer is finding suitable target for source datanode cfc692b5-5f11-43ca-93c9-5cdb9d091f43
2023-06-27 18:42:11,008 [main] INFO  balancer.ContainerBalancerTask (ContainerBalancerTask.java:matchSourceWithTarget(720)) - ContainerBalancer matched source datanode cfc692b5-5f11-43ca-93c9-5cdb9d091f43 with target datanode 0c760f25-2fce-4595-b3c6-7391fec34e61 for container move.
2023-06-27 18:42:11,008 [main] INFO  balancer.ContainerBalancerTask (ContainerBalancerTask.java:processMoveSelection(569)) - ContainerBalancer is trying to move container #51 with size 3221225472B from source datanode cfc692b5-5f11-43ca-93c9-5cdb9d091f43 to target datanode 0c760f25-2fce-4595-b3c6-7391fec34e61
2023-06-27 18:42:11,008 [main] DEBUG balancer.ContainerBalancerTask (ContainerBalancerTask.java:lambda$moveContainer$3(834)) - Container move completed for container #51 from source cfc692b5-5f11-43ca-93c9-5cdb9d091f43 to target 0c760f25-2fce-4595-b3c6-7391fec34e61
2023-06-27 18:42:11,011 [main] DEBUG balancer.ContainerBalancerTask (ContainerBalancerTask.java:matchSourceWithTarget(706)) - ContainerBalancer is finding suitable target for source datanode 2021909a-0776-446d-b26f-be655e338a4f
2023-06-27 18:42:11,012 [main] INFO  balancer.ContainerBalancerTask (ContainerBalancerTask.java:matchSourceWithTarget(720)) - ContainerBalancer matched source datanode 2021909a-0776-446d-b26f-be655e338a4f with target datanode 0c760f25-2fce-4595-b3c6-7391fec34e61 for container move.
2023-06-27 18:42:11,012 [main] INFO  balancer.ContainerBalancerTask (ContainerBalancerTask.java:processMoveSelection(569)) - ContainerBalancer is trying to move container #19 with size 4294967296B from source datanode 2021909a-0776-446d-b26f-be655e338a4f to target datanode 0c760f25-2fce-4595-b3c6-7391fec34e61
2023-06-27 18:42:11,012 [main] DEBUG balancer.ContainerBalancerTask (ContainerBalancerTask.java:lambda$moveContainer$3(834)) - Container move completed for container #19 from source 2021909a-0776-446d-b26f-be655e338a4f to target 0c760f25-2fce-4595-b3c6-7391fec34e61
2023-06-27 18:42:11,015 [main] DEBUG balancer.ContainerBalancerTask (ContainerBalancerTask.java:matchSourceWithTarget(706)) - ContainerBalancer is finding suitable target for source datanode fd174857-06ed-49dc-bc02-4e65de806251
2023-06-27 18:42:11,015 [main] INFO  balancer.ContainerBalancerTask (ContainerBalancerTask.java:matchSourceWithTarget(720)) - ContainerBalancer matched source datanode fd174857-06ed-49dc-bc02-4e65de806251 with target datanode faa3f922-f1c1-4bc4-91e7-6dea9581b49a for container move.
2023-06-27 18:42:11,016 [main] INFO  balancer.ContainerBalancerTask (ContainerBalancerTask.java:processMoveSelection(569)) - ContainerBalancer is trying to move container #38 with size 3221225472B from source datanode fd174857-06ed-49dc-bc02-4e65de806251 to target datanode faa3f922-f1c1-4bc4-91e7-6dea9581b49a
2023-06-27 18:42:11,016 [main] DEBUG balancer.ContainerBalancerTask (ContainerBalancerTask.java:lambda$moveContainer$3(834)) - Container move completed for container #38 from source fd174857-06ed-49dc-bc02-4e65de806251 to target faa3f922-f1c1-4bc4-91e7-6dea9581b49a
2023-06-27 18:42:11,020 [main] DEBUG balancer.ContainerBalancerTask (ContainerBalancerTask.java:matchSourceWithTarget(706)) - ContainerBalancer is finding suitable target for source datanode cfc692b5-5f11-43ca-93c9-5cdb9d091f43
2023-06-27 18:42:11,020 [main] INFO  balancer.ContainerBalancerTask (ContainerBalancerTask.java:matchSourceWithTarget(720)) - ContainerBalancer matched source datanode cfc692b5-5f11-43ca-93c9-5cdb9d091f43 with target datanode 0c760f25-2fce-4595-b3c6-7391fec34e61 for container move.
2023-06-27 18:42:11,021 [main] INFO  balancer.ContainerBalancerTask (ContainerBalancerTask.java:processMoveSelection(569)) - ContainerBalancer is trying to move container #86 with size 1073741824B from source datanode cfc692b5-5f11-43ca-93c9-5cdb9d091f43 to target datanode 0c760f25-2fce-4595-b3c6-7391fec34e61
2023-06-27 18:42:11,021 [main] DEBUG balancer.ContainerBalancerTask (ContainerBalancerTask.java:lambda$moveContainer$3(834)) - Container move completed for container #86 from source cfc692b5-5f11-43ca-93c9-5cdb9d091f43 to target 0c760f25-2fce-4595-b3c6-7391fec34e61
2023-06-27 18:42:11,025 [main] DEBUG balancer.ContainerBalancerTask (ContainerBalancerTask.java:matchSourceWithTarget(706)) - ContainerBalancer is finding suitable target for source datanode 33fe1204-9dd7-456f-8c4a-1a14572f4981
2023-06-27 18:42:11,025 [main] INFO  balancer.ContainerBalancerTask (ContainerBalancerTask.java:matchSourceWithTarget(720)) - ContainerBalancer matched source datanode 33fe1204-9dd7-456f-8c4a-1a14572f4981 with target datanode 0c760f25-2fce-4595-b3c6-7391fec34e61 for container move.
2023-06-27 18:42:11,025 [main] INFO  balancer.ContainerBalancerTask (ContainerBalancerTask.java:processMoveSelection(569)) - ContainerBalancer is trying to move container #66 with size 3221225472B from source datanode 33fe1204-9dd7-456f-8c4a-1a14572f4981 to target datanode 0c760f25-2fce-4595-b3c6-7391fec34e61
2023-06-27 18:42:11,025 [main] DEBUG balancer.ContainerBalancerTask (ContainerBalancerTask.java:lambda$moveContainer$3(834)) - Container move completed for container #66 from source 33fe1204-9dd7-456f-8c4a-1a14572f4981 to target 0c760f25-2fce-4595-b3c6-7391fec34e61
2023-06-27 18:42:11,029 [main] DEBUG balancer.ContainerBalancerTask (ContainerBalancerTask.java:matchSourceWithTarget(699)) - ContainerBalancer could not find any candidate containers for datanode cfc692b5-5f11-43ca-93c9-5cdb9d091f43
2023-06-27 18:42:11,033 [main] DEBUG balancer.ContainerBalancerTask (ContainerBalancerTask.java:matchSourceWithTarget(706)) - ContainerBalancer is finding suitable target for source datanode fd174857-06ed-49dc-bc02-4e65de806251
2023-06-27 18:42:11,033 [main] INFO  balancer.ContainerBalancerTask (ContainerBalancerTask.java:matchSourceWithTarget(720)) - ContainerBalancer matched source datanode fd174857-06ed-49dc-bc02-4e65de806251 with target datanode faa3f922-f1c1-4bc4-91e7-6dea9581b49a for container move.
2023-06-27 18:42:11,033 [main] INFO  balancer.ContainerBalancerTask (ContainerBalancerTask.java:processMoveSelection(569)) - ContainerBalancer is trying to move container #18 with size 3221225472B from source datanode fd174857-06ed-49dc-bc02-4e65de806251 to target datanode faa3f922-f1c1-4bc4-91e7-6dea9581b49a
2023-06-27 18:42:11,033 [main] DEBUG balancer.ContainerBalancerTask (ContainerBalancerTask.java:lambda$moveContainer$3(834)) - Container move completed for container #18 from source fd174857-06ed-49dc-bc02-4e65de806251 to target faa3f922-f1c1-4bc4-91e7-6dea9581b49a
2023-06-27 18:42:11,035 [main] DEBUG balancer.ContainerBalancerTask (ContainerBalancerTask.java:matchSourceWithTarget(706)) - ContainerBalancer is finding suitable target for source datanode 2059bac1-2cfd-4b5e-958a-f16317820454
2023-06-27 18:42:11,036 [main] INFO  balancer.ContainerBalancerTask (ContainerBalancerTask.java:matchSourceWithTarget(720)) - ContainerBalancer matched source datanode 2059bac1-2cfd-4b5e-958a-f16317820454 with target datanode 0c760f25-2fce-4595-b3c6-7391fec34e61 for container move.
2023-06-27 18:42:11,036 [main] INFO  balancer.ContainerBalancerTask (ContainerBalancerTask.java:processMoveSelection(569)) - ContainerBalancer is trying to move container #11 with size 3221225472B from source datanode 2059bac1-2cfd-4b5e-958a-f16317820454 to target datanode 0c760f25-2fce-4595-b3c6-7391fec34e61
2023-06-27 18:42:11,036 [main] DEBUG balancer.ContainerBalancerTask (ContainerBalancerTask.java:lambda$moveContainer$3(834)) - Container move completed for container #11 from source 2059bac1-2cfd-4b5e-958a-f16317820454 to target 0c760f25-2fce-4595-b3c6-7391fec34e61
2023-06-27 18:42:11,038 [main] DEBUG balancer.ContainerBalancerTask (ContainerBalancerTask.java:matchSourceWithTarget(706)) - ContainerBalancer is finding suitable target for source datanode 2021909a-0776-446d-b26f-be655e338a4f
2023-06-27 18:42:11,038 [main] INFO  balancer.ContainerBalancerTask (ContainerBalancerTask.java:matchSourceWithTarget(720)) - ContainerBalancer matched source datanode 2021909a-0776-446d-b26f-be655e338a4f with target datanode faa3f922-f1c1-4bc4-91e7-6dea9581b49a for container move.
2023-06-27 18:42:11,038 [main] INFO  balancer.ContainerBalancerTask (ContainerBalancerTask.java:processMoveSelection(569)) - ContainerBalancer is trying to move container #55 with size 2147483648B from source datanode 2021909a-0776-446d-b26f-be655e338a4f to target datanode faa3f922-f1c1-4bc4-91e7-6dea9581b49a
2023-06-27 18:42:11,038 [main] DEBUG balancer.ContainerBalancerTask (ContainerBalancerTask.java:lambda$moveContainer$3(834)) - Container move completed for container #55 from source 2021909a-0776-446d-b26f-be655e338a4f to target faa3f922-f1c1-4bc4-91e7-6dea9581b49a
2023-06-27 18:42:11,041 [main] DEBUG balancer.ContainerBalancerTask (ContainerBalancerTask.java:matchSourceWithTarget(706)) - ContainerBalancer is finding suitable target for source datanode fd174857-06ed-49dc-bc02-4e65de806251
2023-06-27 18:42:11,041 [main] INFO  balancer.ContainerBalancerTask (ContainerBalancerTask.java:matchSourceWithTarget(720)) - ContainerBalancer matched source datanode fd174857-06ed-49dc-bc02-4e65de806251 with target datanode 0c760f25-2fce-4595-b3c6-7391fec34e61 for container move.
2023-06-27 18:42:11,041 [main] INFO  balancer.ContainerBalancerTask (ContainerBalancerTask.java:processMoveSelection(569)) - ContainerBalancer is trying to move container #37 with size 2147483648B from source datanode fd174857-06ed-49dc-bc02-4e65de806251 to target datanode 0c760f25-2fce-4595-b3c6-7391fec34e61
2023-06-27 18:42:11,041 [main] DEBUG balancer.ContainerBalancerTask (ContainerBalancerTask.java:lambda$moveContainer$3(834)) - Container move completed for container #37 from source fd174857-06ed-49dc-bc02-4e65de806251 to target 0c760f25-2fce-4595-b3c6-7391fec34e61
2023-06-27 18:42:11,043 [main] DEBUG balancer.ContainerBalancerTask (ContainerBalancerTask.java:matchSourceWithTarget(706)) - ContainerBalancer is finding suitable target for source datanode 2021909a-0776-446d-b26f-be655e338a4f
2023-06-27 18:42:11,043 [main] INFO  balancer.ContainerBalancerTask (ContainerBalancerTask.java:matchSourceWithTarget(720)) - ContainerBalancer matched source datanode 2021909a-0776-446d-b26f-be655e338a4f with target datanode 8393a1d4-36fe-455a-a465-878f2306981f for container move.
2023-06-27 18:42:11,043 [main] INFO  balancer.ContainerBalancerTask (ContainerBalancerTask.java:processMoveSelection(569)) - ContainerBalancer is trying to move container #52 with size 4294967296B from source datanode 2021909a-0776-446d-b26f-be655e338a4f to target datanode 8393a1d4-36fe-455a-a465-878f2306981f
2023-06-27 18:42:11,043 [main] DEBUG balancer.ContainerBalancerTask (ContainerBalancerTask.java:lambda$moveContainer$3(834)) - Container move completed for container #52 from source 2021909a-0776-446d-b26f-be655e338a4f to target 8393a1d4-36fe-455a-a465-878f2306981f
2023-06-27 18:42:11,046 [main] DEBUG balancer.ContainerBalancerTask (ContainerBalancerTask.java:matchSourceWithTarget(706)) - ContainerBalancer is finding suitable target for source datanode 33fe1204-9dd7-456f-8c4a-1a14572f4981
2023-06-27 18:42:11,046 [main] INFO  balancer.ContainerBalancerTask (ContainerBalancerTask.java:matchSourceWithTarget(720)) - ContainerBalancer matched source datanode 33fe1204-9dd7-456f-8c4a-1a14572f4981 with target datanode faa3f922-f1c1-4bc4-91e7-6dea9581b49a for container move.
2023-06-27 18:42:11,046 [main] INFO  balancer.ContainerBalancerTask (ContainerBalancerTask.java:processMoveSelection(569)) - ContainerBalancer is trying to move container #70 with size 2147483648B from source datanode 33fe1204-9dd7-456f-8c4a-1a14572f4981 to target datanode faa3f922-f1c1-4bc4-91e7-6dea9581b49a
2023-06-27 18:42:11,046 [main] DEBUG balancer.ContainerBalancerTask (ContainerBalancerTask.java:lambda$moveContainer$3(834)) - Container move completed for container #70 from source 33fe1204-9dd7-456f-8c4a-1a14572f4981 to target faa3f922-f1c1-4bc4-91e7-6dea9581b49a
2023-06-27 18:42:11,048 [main] DEBUG balancer.ContainerBalancerTask (ContainerBalancerTask.java:matchSourceWithTarget(706)) - ContainerBalancer is finding suitable target for source datanode 2059bac1-2cfd-4b5e-958a-f16317820454
2023-06-27 18:42:11,048 [main] INFO  balancer.ContainerBalancerTask (ContainerBalancerTask.java:matchSourceWithTarget(720)) - ContainerBalancer matched source datanode 2059bac1-2cfd-4b5e-958a-f16317820454 with target datanode faa3f922-f1c1-4bc4-91e7-6dea9581b49a for container move.
2023-06-27 18:42:11,049 [main] INFO  balancer.ContainerBalancerTask (ContainerBalancerTask.java:processMoveSelection(569)) - ContainerBalancer is trying to move container #83 with size 3221225472B from source datanode 2059bac1-2cfd-4b5e-958a-f16317820454 to target datanode faa3f922-f1c1-4bc4-91e7-6dea9581b49a
2023-06-27 18:42:11,049 [main] DEBUG balancer.ContainerBalancerTask (ContainerBalancerTask.java:lambda$moveContainer$3(834)) - Container move completed for container #83 from source 2059bac1-2cfd-4b5e-958a-f16317820454 to target faa3f922-f1c1-4bc4-91e7-6dea9581b49a
2023-06-27 18:42:11,051 [main] DEBUG balancer.ContainerBalancerTask (ContainerBalancerTask.java:matchSourceWithTarget(706)) - ContainerBalancer is finding suitable target for source datanode fd174857-06ed-49dc-bc02-4e65de806251
2023-06-27 18:42:11,051 [main] INFO  balancer.ContainerBalancerTask (ContainerBalancerTask.java:matchSourceWithTarget(720)) - ContainerBalancer matched source datanode fd174857-06ed-49dc-bc02-4e65de806251 with target datanode faa3f922-f1c1-4bc4-91e7-6dea9581b49a for container move.
2023-06-27 18:42:11,051 [main] INFO  balancer.ContainerBalancerTask (ContainerBalancerTask.java:processMoveSelection(569)) - ContainerBalancer is trying to move container #64 with size 1073741824B from source datanode fd174857-06ed-49dc-bc02-4e65de806251 to target datanode faa3f922-f1c1-4bc4-91e7-6dea9581b49a
2023-06-27 18:42:11,051 [main] DEBUG balancer.ContainerBalancerTask (ContainerBalancerTask.java:lambda$moveContainer$3(834)) - Container move completed for container #64 from source fd174857-06ed-49dc-bc02-4e65de806251 to target faa3f922-f1c1-4bc4-91e7-6dea9581b49a
2023-06-27 18:42:11,053 [main] DEBUG balancer.ContainerBalancerTask (ContainerBalancerTask.java:matchSourceWithTarget(706)) - ContainerBalancer is finding suitable target for source datanode fd174857-06ed-49dc-bc02-4e65de806251
2023-06-27 18:42:11,054 [main] INFO  balancer.ContainerBalancerTask (ContainerBalancerTask.java:matchSourceWithTarget(720)) - ContainerBalancer matched source datanode fd174857-06ed-49dc-bc02-4e65de806251 with target datanode faa3f922-f1c1-4bc4-91e7-6dea9581b49a for container move.
2023-06-27 18:42:11,054 [main] INFO  balancer.ContainerBalancerTask (ContainerBalancerTask.java:processMoveSelection(569)) - ContainerBalancer is trying to move container #49 with size 1073741824B from source datanode fd174857-06ed-49dc-bc02-4e65de806251 to target datanode faa3f922-f1c1-4bc4-91e7-6dea9581b49a
2023-06-27 18:42:11,054 [main] DEBUG balancer.ContainerBalancerTask (ContainerBalancerTask.java:lambda$moveContainer$3(834)) - Container move completed for container #49 from source fd174857-06ed-49dc-bc02-4e65de806251 to target faa3f922-f1c1-4bc4-91e7-6dea9581b49a
2023-06-27 18:42:11,056 [main] DEBUG balancer.ContainerBalancerTask (ContainerBalancerTask.java:matchSourceWithTarget(706)) - ContainerBalancer is finding suitable target for source datanode 2059bac1-2cfd-4b5e-958a-f16317820454
2023-06-27 18:42:11,056 [main] INFO  balancer.ContainerBalancerTask (ContainerBalancerTask.java:matchSourceWithTarget(720)) - ContainerBalancer matched source datanode 2059bac1-2cfd-4b5e-958a-f16317820454 with target datanode faa3f922-f1c1-4bc4-91e7-6dea9581b49a for container move.
2023-06-27 18:42:11,056 [main] INFO  balancer.ContainerBalancerTask (ContainerBalancerTask.java:processMoveSelection(569)) - ContainerBalancer is trying to move container #27 with size 3221225472B from source datanode 2059bac1-2cfd-4b5e-958a-f16317820454 to target datanode faa3f922-f1c1-4bc4-91e7-6dea9581b49a
2023-06-27 18:42:11,056 [main] DEBUG balancer.ContainerBalancerTask (ContainerBalancerTask.java:lambda$moveContainer$3(834)) - Container move completed for container #27 from source 2059bac1-2cfd-4b5e-958a-f16317820454 to target faa3f922-f1c1-4bc4-91e7-6dea9581b49a
2023-06-27 18:42:11,058 [main] DEBUG balancer.ContainerBalancerTask (ContainerBalancerTask.java:matchSourceWithTarget(706)) - ContainerBalancer is finding suitable target for source datanode 33fe1204-9dd7-456f-8c4a-1a14572f4981
2023-06-27 18:42:11,059 [main] INFO  balancer.ContainerBalancerTask (ContainerBalancerTask.java:matchSourceWithTarget(720)) - ContainerBalancer matched source datanode 33fe1204-9dd7-456f-8c4a-1a14572f4981 with target datanode faa3f922-f1c1-4bc4-91e7-6dea9581b49a for container move.
2023-06-27 18:42:11,059 [main] INFO  balancer.ContainerBalancerTask (ContainerBalancerTask.java:processMoveSelection(569)) - ContainerBalancer is trying to move container #50 with size 2147483648B from source datanode 33fe1204-9dd7-456f-8c4a-1a14572f4981 to target datanode faa3f922-f1c1-4bc4-91e7-6dea9581b49a
2023-06-27 18:42:11,059 [main] DEBUG balancer.ContainerBalancerTask (ContainerBalancerTask.java:lambda$moveContainer$3(834)) - Container move completed for container #50 from source 33fe1204-9dd7-456f-8c4a-1a14572f4981 to target faa3f922-f1c1-4bc4-91e7-6dea9581b49a
2023-06-27 18:42:11,061 [main] DEBUG balancer.ContainerBalancerTask (ContainerBalancerTask.java:matchSourceWithTarget(706)) - ContainerBalancer is finding suitable target for source datanode fd174857-06ed-49dc-bc02-4e65de806251
2023-06-27 18:42:11,061 [main] INFO  balancer.ContainerBalancerTask (ContainerBalancerTask.java:matchSourceWithTarget(720)) - ContainerBalancer matched source datanode fd174857-06ed-49dc-bc02-4e65de806251 with target datanode faa3f922-f1c1-4bc4-91e7-6dea9581b49a for container move.
2023-06-27 18:42:11,061 [main] INFO  balancer.ContainerBalancerTask (ContainerBalancerTask.java:processMoveSelection(569)) - ContainerBalancer is trying to move container #41 with size 1073741824B from source datanode fd174857-06ed-49dc-bc02-4e65de806251 to target datanode faa3f922-f1c1-4bc4-91e7-6dea9581b49a
2023-06-27 18:42:11,061 [main] DEBUG balancer.ContainerBalancerTask (ContainerBalancerTask.java:lambda$moveContainer$3(834)) - Container move completed for container #41 from source fd174857-06ed-49dc-bc02-4e65de806251 to target faa3f922-f1c1-4bc4-91e7-6dea9581b49a
2023-06-27 18:42:11,063 [main] DEBUG balancer.ContainerBalancerTask (ContainerBalancerTask.java:matchSourceWithTarget(706)) - ContainerBalancer is finding suitable target for source datanode fd174857-06ed-49dc-bc02-4e65de806251
2023-06-27 18:42:11,064 [main] INFO  balancer.ContainerBalancerTask (ContainerBalancerTask.java:matchSourceWithTarget(720)) - ContainerBalancer matched source datanode fd174857-06ed-49dc-bc02-4e65de806251 with target datanode faa3f922-f1c1-4bc4-91e7-6dea9581b49a for container move.
2023-06-27 18:42:11,064 [main] INFO  balancer.ContainerBalancerTask (ContainerBalancerTask.java:processMoveSelection(569)) - ContainerBalancer is trying to move container #36 with size 1073741824B from source datanode fd174857-06ed-49dc-bc02-4e65de806251 to target datanode faa3f922-f1c1-4bc4-91e7-6dea9581b49a
2023-06-27 18:42:11,064 [main] DEBUG balancer.ContainerBalancerTask (ContainerBalancerTask.java:lambda$moveContainer$3(834)) - Container move completed for container #36 from source fd174857-06ed-49dc-bc02-4e65de806251 to target faa3f922-f1c1-4bc4-91e7-6dea9581b49a
2023-06-27 18:42:11,066 [main] DEBUG balancer.ContainerBalancerTask (ContainerBalancerTask.java:matchSourceWithTarget(706)) - ContainerBalancer is finding suitable target for source datanode 2021909a-0776-446d-b26f-be655e338a4f
2023-06-27 18:42:11,066 [main] INFO  balancer.ContainerBalancerTask (ContainerBalancerTask.java:matchSourceWithTarget(720)) - ContainerBalancer matched source datanode 2021909a-0776-446d-b26f-be655e338a4f with target datanode faa3f922-f1c1-4bc4-91e7-6dea9581b49a for container move.
2023-06-27 18:42:11,066 [main] INFO  balancer.ContainerBalancerTask (ContainerBalancerTask.java:processMoveSelection(569)) - ContainerBalancer is trying to move container #69 with size 1073741824B from source datanode 2021909a-0776-446d-b26f-be655e338a4f to target datanode faa3f922-f1c1-4bc4-91e7-6dea9581b49a
2023-06-27 18:42:11,066 [main] DEBUG balancer.ContainerBalancerTask (ContainerBalancerTask.java:lambda$moveContainer$3(834)) - Container move completed for container #69 from source 2021909a-0776-446d-b26f-be655e338a4f to target faa3f922-f1c1-4bc4-91e7-6dea9581b49a
2023-06-27 18:42:11,068 [main] DEBUG balancer.ContainerBalancerTask (ContainerBalancerTask.java:matchSourceWithTarget(706)) - ContainerBalancer is finding suitable target for source datanode fd174857-06ed-49dc-bc02-4e65de806251
2023-06-27 18:42:11,068 [main] INFO  balancer.ContainerBalancerTask (ContainerBalancerTask.java:matchSourceWithTarget(720)) - ContainerBalancer matched source datanode fd174857-06ed-49dc-bc02-4e65de806251 with target datanode faa3f922-f1c1-4bc4-91e7-6dea9581b49a for container move.
2023-06-27 18:42:11,068 [main] INFO  balancer.ContainerBalancerTask (ContainerBalancerTask.java:processMoveSelection(569)) - ContainerBalancer is trying to move container #16 with size 1073741824B from source datanode fd174857-06ed-49dc-bc02-4e65de806251 to target datanode faa3f922-f1c1-4bc4-91e7-6dea9581b49a
2023-06-27 18:42:11,070 [main] DEBUG balancer.ContainerBalancerTask (ContainerBalancerTask.java:lambda$moveContainer$3(834)) - Container move completed for container #16 from source fd174857-06ed-49dc-bc02-4e65de806251 to target faa3f922-f1c1-4bc4-91e7-6dea9581b49a
2023-06-27 18:42:11,072 [main] DEBUG balancer.ContainerBalancerTask (ContainerBalancerTask.java:matchSourceWithTarget(706)) - ContainerBalancer is finding suitable target for source datanode 2059bac1-2cfd-4b5e-958a-f16317820454
2023-06-27 18:42:11,072 [main] INFO  balancer.ContainerBalancerTask (ContainerBalancerTask.java:matchSourceWithTarget(720)) - ContainerBalancer matched source datanode 2059bac1-2cfd-4b5e-958a-f16317820454 with target datanode 8393a1d4-36fe-455a-a465-878f2306981f for container move.
2023-06-27 18:42:11,072 [main] INFO  balancer.ContainerBalancerTask (ContainerBalancerTask.java:processMoveSelection(569)) - ContainerBalancer is trying to move container #87 with size 2147483648B from source datanode 2059bac1-2cfd-4b5e-958a-f16317820454 to target datanode 8393a1d4-36fe-455a-a465-878f2306981f
2023-06-27 18:42:11,072 [main] DEBUG balancer.ContainerBalancerTask (ContainerBalancerTask.java:lambda$moveContainer$3(834)) - Container move completed for container #87 from source 2059bac1-2cfd-4b5e-958a-f16317820454 to target 8393a1d4-36fe-455a-a465-878f2306981f
2023-06-27 18:42:11,074 [main] DEBUG balancer.ContainerBalancerTask (ContainerBalancerTask.java:matchSourceWithTarget(706)) - ContainerBalancer is finding suitable target for source datanode 33fe1204-9dd7-456f-8c4a-1a14572f4981
2023-06-27 18:42:11,075 [main] INFO  balancer.ContainerBalancerTask (ContainerBalancerTask.java:matchSourceWithTarget(720)) - ContainerBalancer matched source datanode 33fe1204-9dd7-456f-8c4a-1a14572f4981 with target datanode faa3f922-f1c1-4bc4-91e7-6dea9581b49a for container move.
2023-06-27 18:42:11,075 [main] INFO  balancer.ContainerBalancerTask (ContainerBalancerTask.java:processMoveSelection(569)) - ContainerBalancer is trying to move container #17 with size 2147483648B from source datanode 33fe1204-9dd7-456f-8c4a-1a14572f4981 to target datanode faa3f922-f1c1-4bc4-91e7-6dea9581b49a
2023-06-27 18:42:11,075 [main] DEBUG balancer.ContainerBalancerTask (ContainerBalancerTask.java:lambda$moveContainer$3(834)) - Container move completed for container #17 from source 33fe1204-9dd7-456f-8c4a-1a14572f4981 to target faa3f922-f1c1-4bc4-91e7-6dea9581b49a
2023-06-27 18:42:11,076 [main] DEBUG balancer.ContainerBalancerTask (ContainerBalancerTask.java:matchSourceWithTarget(706)) - ContainerBalancer is finding suitable target for source datanode 2021909a-0776-446d-b26f-be655e338a4f
2023-06-27 18:42:11,077 [main] INFO  balancer.ContainerBalancerTask (ContainerBalancerTask.java:matchSourceWithTarget(720)) - ContainerBalancer matched source datanode 2021909a-0776-446d-b26f-be655e338a4f with target datanode faa3f922-f1c1-4bc4-91e7-6dea9581b49a for container move.
2023-06-27 18:42:11,077 [main] INFO  balancer.ContainerBalancerTask (ContainerBalancerTask.java:processMoveSelection(569)) - ContainerBalancer is trying to move container #54 with size 1073741824B from source datanode 2021909a-0776-446d-b26f-be655e338a4f to target datanode faa3f922-f1c1-4bc4-91e7-6dea9581b49a
2023-06-27 18:42:11,077 [main] DEBUG balancer.ContainerBalancerTask (ContainerBalancerTask.java:lambda$moveContainer$3(834)) - Container move completed for container #54 from source 2021909a-0776-446d-b26f-be655e338a4f to target faa3f922-f1c1-4bc4-91e7-6dea9581b49a
2023-06-27 18:42:11,077 [main] WARN  balancer.ContainerBalancerTask (ContainerBalancerTask.java:reachedMaxSizeToMovePerIteration(731)) - Reached max size to move limit. 107374182400 bytes have already been scheduled for balancing and the limit is 107374182400 bytes.
2023-06-27 18:42:11,077 [main] INFO  balancer.ContainerBalancerTask (ContainerBalancerTask.java:checkIterationMoveResults(640)) - Iteration Summary. Number of Datanodes involved: 8. Size moved: 100 GB (107374182400 Bytes). Number of Container moves completed: 35.
2023-06-27 18:42:11,077 [main] INFO  balancer.ContainerBalancerTask (ContainerBalancerTask.java:balance(259)) - Result of this iteration of Container Balancer: ITERATION_COMPLETED
2023-06-27 18:42:11,077 [main] INFO  balancer.ContainerBalancerTask (ContainerBalancerTask.java:tryStopWithSaveConfiguration(308)) - Save Configuration for stopping. Reason: Completed all iterations.
]]></system-out>
  </testcase>
  <testcase name="balancerShouldNotSelectNonClosedContainerReplicas" classname="org.apache.hadoop.hdds.scm.container.balancer.TestContainerBalancerTask" time="0.043">
    <system-out><![CDATA[2023-06-27 18:42:11,103 [main] INFO  net.NodeSchemaLoader (NodeSchemaLoader.java:loadSchemaFromFile(129)) - Loading schema from [file:/home/runner/work/ozone/ozone/hadoop-hdds/common/target/classes/network-topology-default.xml]
2023-06-27 18:42:11,103 [main] INFO  net.NodeSchemaLoader (NodeSchemaLoader.java:loadSchema(176)) - Loading network topology layer schema file
2023-06-27 18:42:11,105 [main] INFO  net.NetworkTopologyImpl (NetworkTopologyImpl.java:add(112)) - Added a new node: /default-rack/697029e2-2bc0-40e5-af62-59dbd0b74788
2023-06-27 18:42:11,105 [main] INFO  net.NetworkTopologyImpl (NetworkTopologyImpl.java:add(112)) - Added a new node: /default-rack/e3d232b9-14ad-44a9-ae4e-a8b9e36dd350
2023-06-27 18:42:11,105 [main] INFO  net.NetworkTopologyImpl (NetworkTopologyImpl.java:add(112)) - Added a new node: /default-rack/9a80ee3a-d604-4d5f-9a3d-dbdbf4d45e56
2023-06-27 18:42:11,105 [main] INFO  net.NetworkTopologyImpl (NetworkTopologyImpl.java:add(112)) - Added a new node: /default-rack/d2e94b81-6b4c-4c8e-a54c-4f068d49909c
2023-06-27 18:42:11,105 [main] INFO  net.NetworkTopologyImpl (NetworkTopologyImpl.java:add(112)) - Added a new node: /default-rack/fee347ec-ad95-48d4-90c8-003466913c75
2023-06-27 18:42:11,106 [main] INFO  net.NetworkTopologyImpl (NetworkTopologyImpl.java:add(112)) - Added a new node: /default-rack/19d2808f-7986-4f0f-961b-2fb4705d50a1
2023-06-27 18:42:11,106 [main] INFO  net.NetworkTopologyImpl (NetworkTopologyImpl.java:add(112)) - Added a new node: /default-rack/3c412e68-dd70-4f71-b98d-8249667b764d
2023-06-27 18:42:11,106 [main] INFO  net.NetworkTopologyImpl (NetworkTopologyImpl.java:add(112)) - Added a new node: /default-rack/a98d073a-c7db-4b05-99b1-c77984296d92
2023-06-27 18:42:11,106 [main] INFO  net.NetworkTopologyImpl (NetworkTopologyImpl.java:add(112)) - Added a new node: /default-rack/d016289c-508f-4800-bf3e-8c1ff6db5eb5
2023-06-27 18:42:11,106 [main] INFO  net.NetworkTopologyImpl (NetworkTopologyImpl.java:add(112)) - Added a new node: /default-rack/f3c39734-4d80-4c1e-9bca-cae83e2794d7
2023-06-27 18:42:11,106 [main] INFO  algorithms.ContainerPlacementPolicyFactory (ContainerPlacementPolicyFactory.java:getPolicyInternal(86)) - Create container placement policy of type org.apache.hadoop.hdds.scm.container.placement.algorithms.SCMContainerPlacementRackAware
2023-06-27 18:42:11,106 [main] INFO  algorithms.ContainerPlacementPolicyFactory (ContainerPlacementPolicyFactory.java:getPolicyInternal(86)) - Create container placement policy of type org.apache.hadoop.hdds.scm.container.placement.algorithms.SCMContainerPlacementRackScatter
2023-06-27 18:42:11,110 [main] DEBUG balancer.ContainerBalancerTask (ContainerBalancerTask.java:initializeIteration(374)) - Average utilization of the cluster is 0.3265810311963303
2023-06-27 18:42:11,111 [main] DEBUG balancer.ContainerBalancerTask (ContainerBalancerTask.java:initializeIteration(386)) - Lower limit for utilization is 0.2265810311963303 and Upper limit for utilization is 0.4265810311963303
2023-06-27 18:42:11,111 [main] DEBUG balancer.ContainerBalancerTask (ContainerBalancerTask.java:initializeIteration(398)) - Utilization for node 19d2808f-7986-4f0f-961b-2fb4705d50a1 with capacity 58459277084B, used 52613349376B, and remaining 5845927708B is 0.9000000000068423
2023-06-27 18:42:11,111 [main] DEBUG balancer.ContainerBalancerTask (ContainerBalancerTask.java:initializeIteration(398)) - Utilization for node d016289c-508f-4800-bf3e-8c1ff6db5eb5 with capacity 64424509440B, used 51539607552B, and remaining 12884901888B is 0.8
2023-06-27 18:42:11,111 [main] DEBUG balancer.ContainerBalancerTask (ContainerBalancerTask.java:initializeIteration(398)) - Utilization for node a98d073a-c7db-4b05-99b1-c77984296d92 with capacity 62890592548B, used 44023414784B, and remaining 18867177764B is 0.7000000000063602
2023-06-27 18:42:11,111 [main] DEBUG balancer.ContainerBalancerTask (ContainerBalancerTask.java:initializeIteration(398)) - Utilization for node 3c412e68-dd70-4f71-b98d-8249667b764d with capacity 68003648853B, used 40802189312B, and remaining 27201459541B is 0.6000000000029411
2023-06-27 18:42:11,111 [main] DEBUG balancer.ContainerBalancerTask (ContainerBalancerTask.java:initializeIteration(398)) - Utilization for node f3c39734-4d80-4c1e-9bca-cae83e2794d7 with capacity 68719476736B, used 34359738368B, and remaining 34359738368B is 0.5
2023-06-27 18:42:11,111 [main] DEBUG balancer.ContainerBalancerTask (ContainerBalancerTask.java:initializeIteration(398)) - Utilization for node d2e94b81-6b4c-4c8e-a54c-4f068d49909c with capacity 93952409600B, used 37580963840B, and remaining 56371445760B is 0.4
2023-06-27 18:42:11,111 [main] DEBUG balancer.ContainerBalancerTask (ContainerBalancerTask.java:initializeIteration(398)) - Utilization for node 9a80ee3a-d604-4d5f-9a3d-dbdbf4d45e56 with capacity 136007297706B, used 40802189312B, and remaining 95205108394B is 0.30000000000147053
2023-06-27 18:42:11,111 [main] DEBUG balancer.ContainerBalancerTask (ContainerBalancerTask.java:initializeIteration(398)) - Utilization for node fee347ec-ad95-48d4-90c8-003466913c75 with capacity 268435456000B, used 53687091200B, and remaining 214748364800B is 0.2
2023-06-27 18:42:11,111 [main] DEBUG balancer.ContainerBalancerTask (ContainerBalancerTask.java:initializeIteration(398)) - Utilization for node e3d232b9-14ad-44a9-ae4e-a8b9e36dd350 with capacity 343597383680B, used 34359738368B, and remaining 309237645312B is 0.1
2023-06-27 18:42:11,111 [main] DEBUG balancer.ContainerBalancerTask (ContainerBalancerTask.java:initializeIteration(398)) - Utilization for node 697029e2-2bc0-40e5-af62-59dbd0b74788 with capacity 28991029248B, used 0B, and remaining 28991029248B is 0.0
2023-06-27 18:42:11,112 [main] INFO  balancer.ContainerBalancerTask (ContainerBalancerTask.java:initializeIteration(447)) - Container Balancer has identified 5 Over-Utilized and 3 Under-Utilized Datanodes that need to be balanced.
2023-06-27 18:42:11,112 [main] DEBUG balancer.ContainerBalancerTask (ContainerBalancerTask.java:lambda$initializeIteration$1(453)) - Datanode localhost-242.238.37.191 19d2808f-7986-4f0f-961b-2fb4705d50a1 is Over-Utilized.
2023-06-27 18:42:11,112 [main] DEBUG balancer.ContainerBalancerTask (ContainerBalancerTask.java:lambda$initializeIteration$1(453)) - Datanode localhost-223.61.250.191 d016289c-508f-4800-bf3e-8c1ff6db5eb5 is Over-Utilized.
2023-06-27 18:42:11,112 [main] DEBUG balancer.ContainerBalancerTask (ContainerBalancerTask.java:lambda$initializeIteration$1(453)) - Datanode localhost-30.239.185.40 a98d073a-c7db-4b05-99b1-c77984296d92 is Over-Utilized.
2023-06-27 18:42:11,112 [main] DEBUG balancer.ContainerBalancerTask (ContainerBalancerTask.java:lambda$initializeIteration$1(453)) - Datanode localhost-47.244.146.119 3c412e68-dd70-4f71-b98d-8249667b764d is Over-Utilized.
2023-06-27 18:42:11,112 [main] DEBUG balancer.ContainerBalancerTask (ContainerBalancerTask.java:lambda$initializeIteration$1(453)) - Datanode localhost-54.28.118.44 f3c39734-4d80-4c1e-9bca-cae83e2794d7 is Over-Utilized.
2023-06-27 18:42:11,112 [main] DEBUG balancer.ContainerBalancerTask (ContainerBalancerTask.java:lambda$initializeIteration$2(459)) - Datanode localhost-211.248.146.128 697029e2-2bc0-40e5-af62-59dbd0b74788 is Under-Utilized.
2023-06-27 18:42:11,112 [main] DEBUG balancer.ContainerBalancerTask (ContainerBalancerTask.java:lambda$initializeIteration$2(459)) - Datanode localhost-117.200.238.104 e3d232b9-14ad-44a9-ae4e-a8b9e36dd350 is Under-Utilized.
2023-06-27 18:42:11,112 [main] DEBUG balancer.ContainerBalancerTask (ContainerBalancerTask.java:lambda$initializeIteration$2(459)) - Datanode localhost-37.39.54.162 fee347ec-ad95-48d4-90c8-003466913c75 is Under-Utilized.
2023-06-27 18:42:11,115 [main] DEBUG balancer.ContainerBalancerTask (ContainerBalancerTask.java:matchSourceWithTarget(699)) - ContainerBalancer could not find any candidate containers for datanode 19d2808f-7986-4f0f-961b-2fb4705d50a1
2023-06-27 18:42:11,117 [main] DEBUG balancer.ContainerBalancerTask (ContainerBalancerTask.java:matchSourceWithTarget(699)) - ContainerBalancer could not find any candidate containers for datanode d016289c-508f-4800-bf3e-8c1ff6db5eb5
2023-06-27 18:42:11,119 [main] DEBUG balancer.ContainerBalancerTask (ContainerBalancerTask.java:matchSourceWithTarget(699)) - ContainerBalancer could not find any candidate containers for datanode a98d073a-c7db-4b05-99b1-c77984296d92
2023-06-27 18:42:11,121 [main] DEBUG balancer.ContainerBalancerTask (ContainerBalancerTask.java:matchSourceWithTarget(699)) - ContainerBalancer could not find any candidate containers for datanode 3c412e68-dd70-4f71-b98d-8249667b764d
2023-06-27 18:42:11,122 [main] DEBUG balancer.ContainerBalancerTask (ContainerBalancerTask.java:matchSourceWithTarget(699)) - ContainerBalancer could not find any candidate containers for datanode f3c39734-4d80-4c1e-9bca-cae83e2794d7
2023-06-27 18:42:11,122 [main] INFO  balancer.FindSourceGreedy (FindSourceGreedy.java:getNextCandidateSourceDataNode(126)) - no more candidate source data node
2023-06-27 18:42:11,122 [main] INFO  balancer.ContainerBalancerTask (ContainerBalancerTask.java:balance(259)) - Result of this iteration of Container Balancer: CAN_NOT_BALANCE_ANY_MORE
2023-06-27 18:42:11,122 [main] INFO  balancer.ContainerBalancerTask (ContainerBalancerTask.java:tryStopWithSaveConfiguration(308)) - Save Configuration for stopping. Reason: CAN_NOT_BALANCE_ANY_MORE
]]></system-out>
  </testcase>
  <testcase name="testDelayedStart" classname="org.apache.hadoop.hdds.scm.container.balancer.TestContainerBalancerTask" time="0.072">
    <error type="java.util.concurrent.TimeoutException"><![CDATA[java.util.concurrent.TimeoutException: 
Timed out waiting for condition. Thread diagnostics:
Timestamp: 2023-06-27 06:42:11,179

"Thread-20"  prio=5 tid=31 timed_waiting
java.lang.Thread.State: TIMED_WAITING
        at java.lang.Thread.sleep(Native Method)
        at org.apache.hadoop.hdds.scm.container.balancer.TestContainerBalancerTask.lambda$genCompletableFuture$15(TestContainerBalancerTask.java:1315)
        at org.apache.hadoop.hdds.scm.container.balancer.TestContainerBalancerTask$$Lambda$437/630910066.get(Unknown Source)
        at java.util.concurrent.CompletableFuture$AsyncSupply.run(CompletableFuture.java:1604)
        at java.lang.Thread.run(Thread.java:750)
"Attach Listener" daemon prio=9 tid=12 runnable
java.lang.Thread.State: RUNNABLE
"Thread-16"  prio=5 tid=27 timed_waiting
java.lang.Thread.State: TIMED_WAITING
        at java.lang.Thread.sleep(Native Method)
        at org.apache.hadoop.hdds.scm.container.balancer.TestContainerBalancerTask.lambda$genCompletableFuture$15(TestContainerBalancerTask.java:1315)
        at org.apache.hadoop.hdds.scm.container.balancer.TestContainerBalancerTask$$Lambda$437/630910066.get(Unknown Source)
        at java.util.concurrent.CompletableFuture$AsyncSupply.run(CompletableFuture.java:1604)
        at java.lang.Thread.run(Thread.java:750)
"Thread-12"  prio=5 tid=23 timed_waiting
java.lang.Thread.State: TIMED_WAITING
        at java.lang.Thread.sleep(Native Method)
        at org.apache.hadoop.hdds.scm.container.balancer.TestContainerBalancerTask.lambda$genCompletableFuture$15(TestContainerBalancerTask.java:1315)
        at org.apache.hadoop.hdds.scm.container.balancer.TestContainerBalancerTask$$Lambda$437/630910066.get(Unknown Source)
        at java.util.concurrent.CompletableFuture$AsyncSupply.run(CompletableFuture.java:1604)
        at java.lang.Thread.run(Thread.java:750)
"Thread-7"  prio=5 tid=18 timed_waiting
java.lang.Thread.State: TIMED_WAITING
        at java.lang.Thread.sleep(Native Method)
        at org.apache.hadoop.hdds.scm.container.balancer.TestContainerBalancerTask.lambda$genCompletableFuture$15(TestContainerBalancerTask.java:1315)
        at org.apache.hadoop.hdds.scm.container.balancer.TestContainerBalancerTask$$Lambda$437/630910066.get(Unknown Source)
        at java.util.concurrent.CompletableFuture$AsyncSupply.run(CompletableFuture.java:1604)
        at java.lang.Thread.run(Thread.java:750)
"process reaper" daemon prio=10 tid=13 timed_waiting
java.lang.Thread.State: TIMED_WAITING
        at sun.misc.Unsafe.park(Native Method)
        at java.util.concurrent.locks.LockSupport.parkNanos(LockSupport.java:215)
        at java.util.concurrent.SynchronousQueue$TransferStack.awaitFulfill(SynchronousQueue.java:460)
        at java.util.concurrent.SynchronousQueue$TransferStack.transfer(SynchronousQueue.java:362)
        at java.util.concurrent.SynchronousQueue.poll(SynchronousQueue.java:941)
        at java.util.concurrent.ThreadPoolExecutor.getTask(ThreadPoolExecutor.java:1073)
        at java.util.concurrent.ThreadPoolExecutor.runWorker(ThreadPoolExecutor.java:1134)
        at java.util.concurrent.ThreadPoolExecutor$Worker.run(ThreadPoolExecutor.java:624)
        at java.lang.Thread.run(Thread.java:750)
"Finalizer" daemon prio=8 tid=3 in Object.wait()
java.lang.Thread.State: WAITING (on object monitor)
        at java.lang.Object.wait(Native Method)
        at java.lang.ref.ReferenceQueue.remove(ReferenceQueue.java:144)
        at java.lang.ref.ReferenceQueue.remove(ReferenceQueue.java:165)
        at java.lang.ref.Finalizer$FinalizerThread.run(Finalizer.java:188)
"Thread-13"  prio=5 tid=24 timed_waiting
java.lang.Thread.State: TIMED_WAITING
        at java.lang.Thread.sleep(Native Method)
        at org.apache.hadoop.hdds.scm.container.balancer.TestContainerBalancerTask.lambda$genCompletableFuture$15(TestContainerBalancerTask.java:1315)
        at org.apache.hadoop.hdds.scm.container.balancer.TestContainerBalancerTask$$Lambda$437/630910066.get(Unknown Source)
        at java.util.concurrent.CompletableFuture$AsyncSupply.run(CompletableFuture.java:1604)
        at java.lang.Thread.run(Thread.java:750)
"Thread-14"  prio=5 tid=25 timed_waiting
java.lang.Thread.State: TIMED_WAITING
        at java.lang.Thread.sleep(Native Method)
        at org.apache.hadoop.hdds.scm.container.balancer.TestContainerBalancerTask.lambda$genCompletableFuture$15(TestContainerBalancerTask.java:1315)
        at org.apache.hadoop.hdds.scm.container.balancer.TestContainerBalancerTask$$Lambda$437/630910066.get(Unknown Source)
        at java.util.concurrent.CompletableFuture$AsyncSupply.run(CompletableFuture.java:1604)
        at java.lang.Thread.run(Thread.java:750)
"surefire-forkedjvm-command-thread" daemon prio=5 tid=10 runnable
java.lang.Thread.State: RUNNABLE
        at java.io.FileInputStream.readBytes(Native Method)
        at java.io.FileInputStream.read(FileInputStream.java:255)
        at java.io.BufferedInputStream.read1(BufferedInputStream.java:284)
        at java.io.BufferedInputStream.read(BufferedInputStream.java:345)
        at java.io.BufferedInputStream.fill(BufferedInputStream.java:246)
        at java.io.BufferedInputStream.read1(BufferedInputStream.java:286)
        at java.io.BufferedInputStream.read(BufferedInputStream.java:345)
        at org.apache.maven.surefire.api.util.internal.Channels$3.readImpl(Channels.java:214)
        at org.apache.maven.surefire.api.util.internal.AbstractNoninterruptibleReadableChannel.read(AbstractNoninterruptibleReadableChannel.java:54)
        at org.apache.maven.surefire.booter.spi.LegacyMasterProcessChannelDecoder.decode(LegacyMasterProcessChannelDecoder.java:80)
        at org.apache.maven.surefire.booter.CommandReader$CommandRunnable.run(CommandReader.java:343)
        at java.lang.Thread.run(Thread.java:750)
"Thread-6"  prio=5 tid=17 timed_waiting
java.lang.Thread.State: TIMED_WAITING
        at java.lang.Thread.sleep(Native Method)
        at org.apache.hadoop.hdds.scm.container.balancer.TestContainerBalancerTask.lambda$genCompletableFuture$15(TestContainerBalancerTask.java:1315)
        at org.apache.hadoop.hdds.scm.container.balancer.TestContainerBalancerTask$$Lambda$437/630910066.get(Unknown Source)
        at java.util.concurrent.CompletableFuture$AsyncSupply.run(CompletableFuture.java:1604)
        at java.lang.Thread.run(Thread.java:750)
"Thread-17"  prio=5 tid=28 timed_waiting
java.lang.Thread.State: TIMED_WAITING
        at java.lang.Thread.sleep(Native Method)
        at org.apache.hadoop.hdds.scm.container.balancer.TestContainerBalancerTask.lambda$genCompletableFuture$15(TestContainerBalancerTask.java:1315)
        at org.apache.hadoop.hdds.scm.container.balancer.TestContainerBalancerTask$$Lambda$437/630910066.get(Unknown Source)
        at java.util.concurrent.CompletableFuture$AsyncSupply.run(CompletableFuture.java:1604)
        at java.lang.Thread.run(Thread.java:750)
"Thread-18"  prio=5 tid=29 timed_waiting
java.lang.Thread.State: TIMED_WAITING
        at java.lang.Thread.sleep(Native Method)
        at org.apache.hadoop.hdds.scm.container.balancer.TestContainerBalancerTask.lambda$genCompletableFuture$15(TestContainerBalancerTask.java:1315)
        at org.apache.hadoop.hdds.scm.container.balancer.TestContainerBalancerTask$$Lambda$437/630910066.get(Unknown Source)
        at java.util.concurrent.CompletableFuture$AsyncSupply.run(CompletableFuture.java:1604)
        at java.lang.Thread.run(Thread.java:750)
"Reference Handler" daemon prio=10 tid=2 in Object.wait()
java.lang.Thread.State: WAITING (on object monitor)
        at java.lang.Object.wait(Native Method)
        at java.lang.Object.wait(Object.java:502)
        at java.lang.ref.Reference.tryHandlePending(Reference.java:191)
        at java.lang.ref.Reference$ReferenceHandler.run(Reference.java:153)
"Signal Dispatcher" daemon prio=9 tid=4 runnable
java.lang.Thread.State: RUNNABLE
"Thread-21"  prio=5 tid=32 timed_waiting
java.lang.Thread.State: TIMED_WAITING
        at org.apache.hadoop.conf.Configuration.handleDeprecation(Configuration.java:728)
        at org.apache.hadoop.conf.Configuration.get(Configuration.java:1244)
        at org.apache.hadoop.conf.Configuration.getTimeDuration(Configuration.java:1874)
        at org.apache.hadoop.conf.Configuration.getTimeDuration(Configuration.java:1845)
        at org.apache.hadoop.hdds.scm.container.balancer.ContainerBalancerTask.run(ContainerBalancerTask.java:171)
        at java.lang.Thread.run(Thread.java:750)
"Thread-19"  prio=5 tid=30 timed_waiting
java.lang.Thread.State: TIMED_WAITING
        at java.lang.Thread.sleep(Native Method)
        at org.apache.hadoop.hdds.scm.container.balancer.TestContainerBalancerTask.lambda$genCompletableFuture$15(TestContainerBalancerTask.java:1315)
        at org.apache.hadoop.hdds.scm.container.balancer.TestContainerBalancerTask$$Lambda$437/630910066.get(Unknown Source)
        at java.util.concurrent.CompletableFuture$AsyncSupply.run(CompletableFuture.java:1604)
        at java.lang.Thread.run(Thread.java:750)
"Thread-8"  prio=5 tid=19 timed_waiting
java.lang.Thread.State: TIMED_WAITING
        at java.lang.Thread.sleep(Native Method)
        at org.apache.hadoop.hdds.scm.container.balancer.TestContainerBalancerTask.lambda$genCompletableFuture$15(TestContainerBalancerTask.java:1315)
        at org.apache.hadoop.hdds.scm.container.balancer.TestContainerBalancerTask$$Lambda$437/630910066.get(Unknown Source)
        at java.util.concurrent.CompletableFuture$AsyncSupply.run(CompletableFuture.java:1604)
        at java.lang.Thread.run(Thread.java:750)
"main"  prio=5 tid=1 runnable
java.lang.Thread.State: RUNNABLE
        at java.lang.Thread.dumpThreads(Native Method)
        at java.lang.Thread.getAllStackTraces(Thread.java:1615)
        at org.apache.ozone.test.TimedOutTestsListener.buildThreadDump(TimedOutTestsListener.java:93)
        at org.apache.ozone.test.TimedOutTestsListener.buildThreadDiagnosticString(TimedOutTestsListener.java:79)
        at org.apache.ozone.test.GenericTestUtils.waitFor(GenericTestUtils.java:232)
        at org.apache.hadoop.hdds.scm.container.balancer.TestContainerBalancerTask.testDelayedStart(TestContainerBalancerTask.java:1061)
        at sun.reflect.NativeMethodAccessorImpl.invoke0(Native Method)
        at sun.reflect.NativeMethodAccessorImpl.invoke(NativeMethodAccessorImpl.java:62)
        at sun.reflect.DelegatingMethodAccessorImpl.invoke(DelegatingMethodAccessorImpl.java:43)
        at java.lang.reflect.Method.invoke(Method.java:498)
        at org.junit.platform.commons.util.ReflectionUtils.invokeMethod(ReflectionUtils.java:725)
        at org.junit.jupiter.engine.execution.MethodInvocation.proceed(MethodInvocation.java:60)
        at org.junit.jupiter.engine.execution.InvocationInterceptorChain$ValidatingInvocation.proceed(InvocationInterceptorChain.java:131)
        at org.junit.jupiter.engine.extension.TimeoutExtension.intercept(TimeoutExtension.java:149)
        at org.junit.jupiter.engine.extension.TimeoutExtension.interceptTestableMethod(TimeoutExtension.java:140)
        at org.junit.jupiter.engine.extension.TimeoutExtension.interceptTestMethod(TimeoutExtension.java:84)
        at org.junit.jupiter.engine.descriptor.TestMethodTestDescriptor$$Lambda$158/330382173.apply(Unknown Source)
        at org.junit.jupiter.engine.execution.ExecutableInvoker$ReflectiveInterceptorCall.lambda$ofVoidMethod$0(ExecutableInvoker.java:115)
        at org.junit.jupiter.engine.execution.ExecutableInvoker$ReflectiveInterceptorCall$$Lambda$159/225344427.apply(Unknown Source)
        at org.junit.jupiter.engine.execution.ExecutableInvoker.lambda$invoke$0(ExecutableInvoker.java:105)
        at org.junit.jupiter.engine.execution.ExecutableInvoker$$Lambda$317/349259569.apply(Unknown Source)
        at org.junit.jupiter.engine.execution.InvocationInterceptorChain$InterceptedInvocation.proceed(InvocationInterceptorChain.java:106)
        at org.junit.jupiter.engine.execution.InvocationInterceptorChain.proceed(InvocationInterceptorChain.java:64)
        at org.junit.jupiter.engine.execution.InvocationInterceptorChain.chainAndInvoke(InvocationInterceptorChain.java:45)
        at org.junit.jupiter.engine.execution.InvocationInterceptorChain.invoke(InvocationInterceptorChain.java:37)
        at org.junit.jupiter.engine.execution.ExecutableInvoker.invoke(ExecutableInvoker.java:104)
        at org.junit.jupiter.engine.execution.ExecutableInvoker.invoke(ExecutableInvoker.java:98)
        at org.junit.jupiter.engine.descriptor.TestMethodTestDescriptor.lambda$invokeTestMethod$7(TestMethodTestDescriptor.java:214)
        at org.junit.jupiter.engine.descriptor.TestMethodTestDescriptor$$Lambda$379/596984576.execute(Unknown Source)
        at org.junit.platform.engine.support.hierarchical.ThrowableCollector.execute(ThrowableCollector.java:73)
        at org.junit.jupiter.engine.descriptor.TestMethodTestDescriptor.invokeTestMethod(TestMethodTestDescriptor.java:210)
        at org.junit.jupiter.engine.descriptor.TestMethodTestDescriptor.execute(TestMethodTestDescriptor.java:135)
        at org.junit.jupiter.engine.descriptor.TestMethodTestDescriptor.execute(TestMethodTestDescriptor.java:66)
        at org.junit.platform.engine.support.hierarchical.NodeTestTask.lambda$executeRecursively$6(NodeTestTask.java:151)
        at org.junit.platform.engine.support.hierarchical.NodeTestTask$$Lambda$258/434398524.execute(Unknown Source)
        at org.junit.platform.engine.support.hierarchical.ThrowableCollector.execute(ThrowableCollector.java:73)
        at org.junit.platform.engine.support.hierarchical.NodeTestTask.lambda$executeRecursively$8(NodeTestTask.java:141)
        at org.junit.platform.engine.support.hierarchical.NodeTestTask$$Lambda$257/1715248762.invoke(Unknown Source)
        at org.junit.platform.engine.support.hierarchical.Node.around(Node.java:137)
        at org.junit.platform.engine.support.hierarchical.NodeTestTask.lambda$executeRecursively$9(NodeTestTask.java:139)
        at org.junit.platform.engine.support.hierarchical.NodeTestTask$$Lambda$256/1976804832.execute(Unknown Source)
        at org.junit.platform.engine.support.hierarchical.ThrowableCollector.execute(ThrowableCollector.java:73)
        at org.junit.platform.engine.support.hierarchical.NodeTestTask.executeRecursively(NodeTestTask.java:138)
        at org.junit.platform.engine.support.hierarchical.NodeTestTask.execute(NodeTestTask.java:95)
        at org.junit.platform.engine.support.hierarchical.SameThreadHierarchicalTestExecutorService$$Lambda$262/1418555530.accept(Unknown Source)
        at java.util.ArrayList.forEach(ArrayList.java:1259)
        at org.junit.platform.engine.support.hierarchical.SameThreadHierarchicalTestExecutorService.invokeAll(SameThreadHierarchicalTestExecutorService.java:41)
        at org.junit.platform.engine.support.hierarchical.NodeTestTask.lambda$executeRecursively$6(NodeTestTask.java:155)
        at org.junit.platform.engine.support.hierarchical.NodeTestTask$$Lambda$258/434398524.execute(Unknown Source)
        at org.junit.platform.engine.support.hierarchical.ThrowableCollector.execute(ThrowableCollector.java:73)
        at org.junit.platform.engine.support.hierarchical.NodeTestTask.lambda$executeRecursively$8(NodeTestTask.java:141)
        at org.junit.platform.engine.support.hierarchical.NodeTestTask$$Lambda$257/1715248762.invoke(Unknown Source)
        at org.junit.platform.engine.support.hierarchical.Node.around(Node.java:137)
        at org.junit.platform.engine.support.hierarchical.NodeTestTask.lambda$executeRecursively$9(NodeTestTask.java:139)
        at org.junit.platform.engine.support.hierarchical.NodeTestTask$$Lambda$256/1976804832.execute(Unknown Source)
        at org.junit.platform.engine.support.hierarchical.ThrowableCollector.execute(ThrowableCollector.java:73)
        at org.junit.platform.engine.support.hierarchical.NodeTestTask.executeRecursively(NodeTestTask.java:138)
        at org.junit.platform.engine.support.hierarchical.NodeTestTask.execute(NodeTestTask.java:95)
        at org.junit.platform.engine.support.hierarchical.SameThreadHierarchicalTestExecutorService$$Lambda$262/1418555530.accept(Unknown Source)
        at java.util.ArrayList.forEach(ArrayList.java:1259)
        at org.junit.platform.engine.support.hierarchical.SameThreadHierarchicalTestExecutorService.invokeAll(SameThreadHierarchicalTestExecutorService.java:41)
        at org.junit.platform.engine.support.hierarchical.NodeTestTask.lambda$executeRecursively$6(NodeTestTask.java:155)
        at org.junit.platform.engine.support.hierarchical.NodeTestTask$$Lambda$258/434398524.execute(Unknown Source)
        at org.junit.platform.engine.support.hierarchical.ThrowableCollector.execute(ThrowableCollector.java:73)
        at org.junit.platform.engine.support.hierarchical.NodeTestTask.lambda$executeRecursively$8(NodeTestTask.java:141)
        at org.junit.platform.engine.support.hierarchical.NodeTestTask$$Lambda$257/1715248762.invoke(Unknown Source)
        at org.junit.platform.engine.support.hierarchical.Node.around(Node.java:137)
        at org.junit.platform.engine.support.hierarchical.NodeTestTask.lambda$executeRecursively$9(NodeTestTask.java:139)
        at org.junit.platform.engine.support.hierarchical.NodeTestTask$$Lambda$256/1976804832.execute(Unknown Source)
        at org.junit.platform.engine.support.hierarchical.ThrowableCollector.execute(ThrowableCollector.java:73)
        at org.junit.platform.engine.support.hierarchical.NodeTestTask.executeRecursively(NodeTestTask.java:138)
        at org.junit.platform.engine.support.hierarchical.NodeTestTask.execute(NodeTestTask.java:95)
        at org.junit.platform.engine.support.hierarchical.SameThreadHierarchicalTestExecutorService.submit(SameThreadHierarchicalTestExecutorService.java:35)
        at org.junit.platform.engine.support.hierarchical.HierarchicalTestExecutor.execute(HierarchicalTestExecutor.java:57)
        at org.junit.platform.engine.support.hierarchical.HierarchicalTestEngine.execute(HierarchicalTestEngine.java:54)
        at org.junit.platform.launcher.core.EngineExecutionOrchestrator.execute(EngineExecutionOrchestrator.java:107)
        at org.junit.platform.launcher.core.EngineExecutionOrchestrator.execute(EngineExecutionOrchestrator.java:88)
        at org.junit.platform.launcher.core.EngineExecutionOrchestrator.lambda$execute$0(EngineExecutionOrchestrator.java:54)
        at org.junit.platform.launcher.core.EngineExecutionOrchestrator$$Lambda$214/501705927.accept(Unknown Source)
        at org.junit.platform.launcher.core.EngineExecutionOrchestrator.withInterceptedStreams(EngineExecutionOrchestrator.java:67)
        at org.junit.platform.launcher.core.EngineExecutionOrchestrator.execute(EngineExecutionOrchestrator.java:52)
        at org.junit.platform.launcher.core.DefaultLauncher.execute(DefaultLauncher.java:114)
        at org.junit.platform.launcher.core.DefaultLauncher.execute(DefaultLauncher.java:86)
        at org.junit.platform.launcher.core.DefaultLauncherSession$DelegatingLauncher.execute(DefaultLauncherSession.java:86)
        at org.junit.platform.launcher.core.SessionPerRequestLauncher.execute(SessionPerRequestLauncher.java:53)
        at org.apache.maven.surefire.junitplatform.JUnitPlatformProvider.execute(JUnitPlatformProvider.java:188)
        at org.apache.maven.surefire.junitplatform.JUnitPlatformProvider.invokeAllTests(JUnitPlatformProvider.java:154)
        at org.apache.maven.surefire.junitplatform.JUnitPlatformProvider.invoke(JUnitPlatformProvider.java:124)
        at org.apache.maven.surefire.booter.ForkedBooter.runSuitesInProcess(ForkedBooter.java:428)
        at org.apache.maven.surefire.booter.ForkedBooter.execute(ForkedBooter.java:162)
        at org.apache.maven.surefire.booter.ForkedBooter.run(ForkedBooter.java:562)
        at org.apache.maven.surefire.booter.ForkedBooter.main(ForkedBooter.java:548)
"Thread-15"  prio=5 tid=26 timed_waiting
java.lang.Thread.State: TIMED_WAITING
        at java.lang.Thread.sleep(Native Method)
        at org.apache.hadoop.hdds.scm.container.balancer.TestContainerBalancerTask.lambda$genCompletableFuture$15(TestContainerBalancerTask.java:1315)
        at org.apache.hadoop.hdds.scm.container.balancer.TestContainerBalancerTask$$Lambda$437/630910066.get(Unknown Source)
        at java.util.concurrent.CompletableFuture$AsyncSupply.run(CompletableFuture.java:1604)
        at java.lang.Thread.run(Thread.java:750)
"Thread-10"  prio=5 tid=21 timed_waiting
java.lang.Thread.State: TIMED_WAITING
        at java.lang.Thread.sleep(Native Method)
        at org.apache.hadoop.hdds.scm.container.balancer.TestContainerBalancerTask.lambda$genCompletableFuture$15(TestContainerBalancerTask.java:1315)
        at org.apache.hadoop.hdds.scm.container.balancer.TestContainerBalancerTask$$Lambda$437/630910066.get(Unknown Source)
        at java.util.concurrent.CompletableFuture$AsyncSupply.run(CompletableFuture.java:1604)
        at java.lang.Thread.run(Thread.java:750)
"Thread-9"  prio=5 tid=20 timed_waiting
java.lang.Thread.State: TIMED_WAITING
        at java.lang.Thread.sleep(Native Method)
        at org.apache.hadoop.hdds.scm.container.balancer.TestContainerBalancerTask.lambda$genCompletableFuture$15(TestContainerBalancerTask.java:1315)
        at org.apache.hadoop.hdds.scm.container.balancer.TestContainerBalancerTask$$Lambda$437/630910066.get(Unknown Source)
        at java.util.concurrent.CompletableFuture$AsyncSupply.run(CompletableFuture.java:1604)
        at java.lang.Thread.run(Thread.java:750)
"Thread-11"  prio=5 tid=22 timed_waiting
java.lang.Thread.State: TIMED_WAITING
        at java.lang.Thread.sleep(Native Method)
        at org.apache.hadoop.hdds.scm.container.balancer.TestContainerBalancerTask.lambda$genCompletableFuture$15(TestContainerBalancerTask.java:1315)
        at org.apache.hadoop.hdds.scm.container.balancer.TestContainerBalancerTask$$Lambda$437/630910066.get(Unknown Source)
        at java.util.concurrent.CompletableFuture$AsyncSupply.run(CompletableFuture.java:1604)
        at java.lang.Thread.run(Thread.java:750)


	at org.apache.ozone.test.GenericTestUtils.waitFor(GenericTestUtils.java:232)
	at org.apache.hadoop.hdds.scm.container.balancer.TestContainerBalancerTask.testDelayedStart(TestContainerBalancerTask.java:1061)
	at sun.reflect.NativeMethodAccessorImpl.invoke0(Native Method)
	at sun.reflect.NativeMethodAccessorImpl.invoke(NativeMethodAccessorImpl.java:62)
	at sun.reflect.DelegatingMethodAccessorImpl.invoke(DelegatingMethodAccessorImpl.java:43)
	at java.lang.reflect.Method.invoke(Method.java:498)
	at org.junit.platform.commons.util.ReflectionUtils.invokeMethod(ReflectionUtils.java:725)
	at org.junit.jupiter.engine.execution.MethodInvocation.proceed(MethodInvocation.java:60)
	at org.junit.jupiter.engine.execution.InvocationInterceptorChain$ValidatingInvocation.proceed(InvocationInterceptorChain.java:131)
	at org.junit.jupiter.engine.extension.TimeoutExtension.intercept(TimeoutExtension.java:149)
	at org.junit.jupiter.engine.extension.TimeoutExtension.interceptTestableMethod(TimeoutExtension.java:140)
	at org.junit.jupiter.engine.extension.TimeoutExtension.interceptTestMethod(TimeoutExtension.java:84)
	at org.junit.jupiter.engine.execution.ExecutableInvoker$ReflectiveInterceptorCall.lambda$ofVoidMethod$0(ExecutableInvoker.java:115)
	at org.junit.jupiter.engine.execution.ExecutableInvoker.lambda$invoke$0(ExecutableInvoker.java:105)
	at org.junit.jupiter.engine.execution.InvocationInterceptorChain$InterceptedInvocation.proceed(InvocationInterceptorChain.java:106)
	at org.junit.jupiter.engine.execution.InvocationInterceptorChain.proceed(InvocationInterceptorChain.java:64)
	at org.junit.jupiter.engine.execution.InvocationInterceptorChain.chainAndInvoke(InvocationInterceptorChain.java:45)
	at org.junit.jupiter.engine.execution.InvocationInterceptorChain.invoke(InvocationInterceptorChain.java:37)
	at org.junit.jupiter.engine.execution.ExecutableInvoker.invoke(ExecutableInvoker.java:104)
	at org.junit.jupiter.engine.execution.ExecutableInvoker.invoke(ExecutableInvoker.java:98)
	at org.junit.jupiter.engine.descriptor.TestMethodTestDescriptor.lambda$invokeTestMethod$7(TestMethodTestDescriptor.java:214)
	at org.junit.platform.engine.support.hierarchical.ThrowableCollector.execute(ThrowableCollector.java:73)
	at org.junit.jupiter.engine.descriptor.TestMethodTestDescriptor.invokeTestMethod(TestMethodTestDescriptor.java:210)
	at org.junit.jupiter.engine.descriptor.TestMethodTestDescriptor.execute(TestMethodTestDescriptor.java:135)
	at org.junit.jupiter.engine.descriptor.TestMethodTestDescriptor.execute(TestMethodTestDescriptor.java:66)
	at org.junit.platform.engine.support.hierarchical.NodeTestTask.lambda$executeRecursively$6(NodeTestTask.java:151)
	at org.junit.platform.engine.support.hierarchical.ThrowableCollector.execute(ThrowableCollector.java:73)
	at org.junit.platform.engine.support.hierarchical.NodeTestTask.lambda$executeRecursively$8(NodeTestTask.java:141)
	at org.junit.platform.engine.support.hierarchical.Node.around(Node.java:137)
	at org.junit.platform.engine.support.hierarchical.NodeTestTask.lambda$executeRecursively$9(NodeTestTask.java:139)
	at org.junit.platform.engine.support.hierarchical.ThrowableCollector.execute(ThrowableCollector.java:73)
	at org.junit.platform.engine.support.hierarchical.NodeTestTask.executeRecursively(NodeTestTask.java:138)
	at org.junit.platform.engine.support.hierarchical.NodeTestTask.execute(NodeTestTask.java:95)
	at java.util.ArrayList.forEach(ArrayList.java:1259)
	at org.junit.platform.engine.support.hierarchical.SameThreadHierarchicalTestExecutorService.invokeAll(SameThreadHierarchicalTestExecutorService.java:41)
	at org.junit.platform.engine.support.hierarchical.NodeTestTask.lambda$executeRecursively$6(NodeTestTask.java:155)
	at org.junit.platform.engine.support.hierarchical.ThrowableCollector.execute(ThrowableCollector.java:73)
	at org.junit.platform.engine.support.hierarchical.NodeTestTask.lambda$executeRecursively$8(NodeTestTask.java:141)
	at org.junit.platform.engine.support.hierarchical.Node.around(Node.java:137)
	at org.junit.platform.engine.support.hierarchical.NodeTestTask.lambda$executeRecursively$9(NodeTestTask.java:139)
	at org.junit.platform.engine.support.hierarchical.ThrowableCollector.execute(ThrowableCollector.java:73)
	at org.junit.platform.engine.support.hierarchical.NodeTestTask.executeRecursively(NodeTestTask.java:138)
	at org.junit.platform.engine.support.hierarchical.NodeTestTask.execute(NodeTestTask.java:95)
	at java.util.ArrayList.forEach(ArrayList.java:1259)
	at org.junit.platform.engine.support.hierarchical.SameThreadHierarchicalTestExecutorService.invokeAll(SameThreadHierarchicalTestExecutorService.java:41)
	at org.junit.platform.engine.support.hierarchical.NodeTestTask.lambda$executeRecursively$6(NodeTestTask.java:155)
	at org.junit.platform.engine.support.hierarchical.ThrowableCollector.execute(ThrowableCollector.java:73)
	at org.junit.platform.engine.support.hierarchical.NodeTestTask.lambda$executeRecursively$8(NodeTestTask.java:141)
	at org.junit.platform.engine.support.hierarchical.Node.around(Node.java:137)
	at org.junit.platform.engine.support.hierarchical.NodeTestTask.lambda$executeRecursively$9(NodeTestTask.java:139)
	at org.junit.platform.engine.support.hierarchical.ThrowableCollector.execute(ThrowableCollector.java:73)
	at org.junit.platform.engine.support.hierarchical.NodeTestTask.executeRecursively(NodeTestTask.java:138)
	at org.junit.platform.engine.support.hierarchical.NodeTestTask.execute(NodeTestTask.java:95)
	at org.junit.platform.engine.support.hierarchical.SameThreadHierarchicalTestExecutorService.submit(SameThreadHierarchicalTestExecutorService.java:35)
	at org.junit.platform.engine.support.hierarchical.HierarchicalTestExecutor.execute(HierarchicalTestExecutor.java:57)
	at org.junit.platform.engine.support.hierarchical.HierarchicalTestEngine.execute(HierarchicalTestEngine.java:54)
	at org.junit.platform.launcher.core.EngineExecutionOrchestrator.execute(EngineExecutionOrchestrator.java:107)
	at org.junit.platform.launcher.core.EngineExecutionOrchestrator.execute(EngineExecutionOrchestrator.java:88)
	at org.junit.platform.launcher.core.EngineExecutionOrchestrator.lambda$execute$0(EngineExecutionOrchestrator.java:54)
	at org.junit.platform.launcher.core.EngineExecutionOrchestrator.withInterceptedStreams(EngineExecutionOrchestrator.java:67)
	at org.junit.platform.launcher.core.EngineExecutionOrchestrator.execute(EngineExecutionOrchestrator.java:52)
	at org.junit.platform.launcher.core.DefaultLauncher.execute(DefaultLauncher.java:114)
	at org.junit.platform.launcher.core.DefaultLauncher.execute(DefaultLauncher.java:86)
	at org.junit.platform.launcher.core.DefaultLauncherSession$DelegatingLauncher.execute(DefaultLauncherSession.java:86)
	at org.junit.platform.launcher.core.SessionPerRequestLauncher.execute(SessionPerRequestLauncher.java:53)
	at org.apache.maven.surefire.junitplatform.JUnitPlatformProvider.execute(JUnitPlatformProvider.java:188)
	at org.apache.maven.surefire.junitplatform.JUnitPlatformProvider.invokeAllTests(JUnitPlatformProvider.java:154)
	at org.apache.maven.surefire.junitplatform.JUnitPlatformProvider.invoke(JUnitPlatformProvider.java:124)
	at org.apache.maven.surefire.booter.ForkedBooter.runSuitesInProcess(ForkedBooter.java:428)
	at org.apache.maven.surefire.booter.ForkedBooter.execute(ForkedBooter.java:162)
	at org.apache.maven.surefire.booter.ForkedBooter.run(ForkedBooter.java:562)
	at org.apache.maven.surefire.booter.ForkedBooter.main(ForkedBooter.java:548)
]]></error>
    <system-out><![CDATA[2023-06-27 18:42:11,147 [main] INFO  net.NodeSchemaLoader (NodeSchemaLoader.java:loadSchemaFromFile(129)) - Loading schema from [file:/home/runner/work/ozone/ozone/hadoop-hdds/common/target/classes/network-topology-default.xml]
2023-06-27 18:42:11,147 [main] INFO  net.NodeSchemaLoader (NodeSchemaLoader.java:loadSchema(176)) - Loading network topology layer schema file
2023-06-27 18:42:11,149 [main] INFO  net.NetworkTopologyImpl (NetworkTopologyImpl.java:add(112)) - Added a new node: /default-rack/e6913a26-7e5f-4daf-bee9-e3592b528644
2023-06-27 18:42:11,149 [main] INFO  net.NetworkTopologyImpl (NetworkTopologyImpl.java:add(112)) - Added a new node: /default-rack/e0512856-1d31-4b85-923e-b5b204ca5517
2023-06-27 18:42:11,149 [main] INFO  net.NetworkTopologyImpl (NetworkTopologyImpl.java:add(112)) - Added a new node: /default-rack/59e1ed66-5616-4787-a11b-b9c773de9581
2023-06-27 18:42:11,149 [main] INFO  net.NetworkTopologyImpl (NetworkTopologyImpl.java:add(112)) - Added a new node: /default-rack/161e3464-8d0a-46a3-b912-1040881e7c06
2023-06-27 18:42:11,149 [main] INFO  net.NetworkTopologyImpl (NetworkTopologyImpl.java:add(112)) - Added a new node: /default-rack/e4553a00-f7ed-48e7-bd3c-0dcc14ded5d8
2023-06-27 18:42:11,149 [main] INFO  net.NetworkTopologyImpl (NetworkTopologyImpl.java:add(112)) - Added a new node: /default-rack/ad0ced3f-f074-4d89-86d0-b909fbc77fe9
2023-06-27 18:42:11,149 [main] INFO  net.NetworkTopologyImpl (NetworkTopologyImpl.java:add(112)) - Added a new node: /default-rack/65b3472a-8f01-4bfe-a2d6-4b932206f9ac
2023-06-27 18:42:11,149 [main] INFO  net.NetworkTopologyImpl (NetworkTopologyImpl.java:add(112)) - Added a new node: /default-rack/07d4152a-d159-4d11-97cd-167e28760c09
2023-06-27 18:42:11,150 [main] INFO  net.NetworkTopologyImpl (NetworkTopologyImpl.java:add(112)) - Added a new node: /default-rack/d9d5bbe6-63c5-472e-805a-7be1cd0bc523
2023-06-27 18:42:11,150 [main] INFO  net.NetworkTopologyImpl (NetworkTopologyImpl.java:add(112)) - Added a new node: /default-rack/4bfefe32-6a7f-4254-8701-8926791c6b82
2023-06-27 18:42:11,150 [main] INFO  algorithms.ContainerPlacementPolicyFactory (ContainerPlacementPolicyFactory.java:getPolicyInternal(86)) - Create container placement policy of type org.apache.hadoop.hdds.scm.container.placement.algorithms.SCMContainerPlacementRackAware
2023-06-27 18:42:11,150 [main] INFO  algorithms.ContainerPlacementPolicyFactory (ContainerPlacementPolicyFactory.java:getPolicyInternal(86)) - Create container placement policy of type org.apache.hadoop.hdds.scm.container.placement.algorithms.SCMContainerPlacementRackScatter
2023-06-27 18:42:11,180 [Thread-21] INFO  balancer.ContainerBalancerTask (ContainerBalancerTask.java:run(175)) - ContainerBalancer will sleep for 10 seconds before starting balancing.
]]></system-out>
  </testcase>
  <testcase name="checkIterationResultException" classname="org.apache.hadoop.hdds.scm.container.balancer.TestContainerBalancerTask" time="0.087">
    <system-out><![CDATA[2023-06-27 18:42:11,227 [main] INFO  net.NodeSchemaLoader (NodeSchemaLoader.java:loadSchemaFromFile(129)) - Loading schema from [file:/home/runner/work/ozone/ozone/hadoop-hdds/common/target/classes/network-topology-default.xml]
2023-06-27 18:42:11,227 [main] INFO  net.NodeSchemaLoader (NodeSchemaLoader.java:loadSchema(176)) - Loading network topology layer schema file
2023-06-27 18:42:11,229 [main] INFO  net.NetworkTopologyImpl (NetworkTopologyImpl.java:add(112)) - Added a new node: /default-rack/bba16783-2c78-4a1f-ae6b-067f6ef65a52
2023-06-27 18:42:11,229 [main] INFO  net.NetworkTopologyImpl (NetworkTopologyImpl.java:add(112)) - Added a new node: /default-rack/09773d36-c272-4e1a-89e1-28276d51ae38
2023-06-27 18:42:11,229 [main] INFO  net.NetworkTopologyImpl (NetworkTopologyImpl.java:add(112)) - Added a new node: /default-rack/29a0c5a1-2d0a-4afb-a3ec-755a917d7acc
2023-06-27 18:42:11,229 [main] INFO  net.NetworkTopologyImpl (NetworkTopologyImpl.java:add(112)) - Added a new node: /default-rack/cbf585cb-6fa1-4808-8b63-a906a3a819cd
2023-06-27 18:42:11,229 [main] INFO  net.NetworkTopologyImpl (NetworkTopologyImpl.java:add(112)) - Added a new node: /default-rack/7168919d-655f-4dbd-ae0c-13024d3781f7
2023-06-27 18:42:11,229 [main] INFO  net.NetworkTopologyImpl (NetworkTopologyImpl.java:add(112)) - Added a new node: /default-rack/4b2e3a1c-5d27-44b8-bba1-629197bc5138
2023-06-27 18:42:11,229 [main] INFO  net.NetworkTopologyImpl (NetworkTopologyImpl.java:add(112)) - Added a new node: /default-rack/14ed1295-a307-4a76-8abc-4c934ab57dfa
2023-06-27 18:42:11,230 [main] INFO  net.NetworkTopologyImpl (NetworkTopologyImpl.java:add(112)) - Added a new node: /default-rack/180eb2e0-e401-4c02-b3a4-7a4deb98d367
2023-06-27 18:42:11,230 [main] INFO  net.NetworkTopologyImpl (NetworkTopologyImpl.java:add(112)) - Added a new node: /default-rack/1faa6e81-a1cb-4ff1-84e6-29baf071a331
2023-06-27 18:42:11,230 [main] INFO  net.NetworkTopologyImpl (NetworkTopologyImpl.java:add(112)) - Added a new node: /default-rack/54f6ef89-775a-4e00-812b-b20eafd07f1e
2023-06-27 18:42:11,230 [main] INFO  algorithms.ContainerPlacementPolicyFactory (ContainerPlacementPolicyFactory.java:getPolicyInternal(86)) - Create container placement policy of type org.apache.hadoop.hdds.scm.container.placement.algorithms.SCMContainerPlacementRackAware
2023-06-27 18:42:11,230 [main] INFO  algorithms.ContainerPlacementPolicyFactory (ContainerPlacementPolicyFactory.java:getPolicyInternal(86)) - Create container placement policy of type org.apache.hadoop.hdds.scm.container.placement.algorithms.SCMContainerPlacementRackScatter
2023-06-27 18:42:11,236 [main] DEBUG balancer.ContainerBalancerTask (ContainerBalancerTask.java:initializeIteration(374)) - Average utilization of the cluster is 0.3753531643931592
2023-06-27 18:42:11,237 [main] DEBUG balancer.ContainerBalancerTask (ContainerBalancerTask.java:initializeIteration(386)) - Lower limit for utilization is 0.27535316439315916 and Upper limit for utilization is 0.4753531643931592
2023-06-27 18:42:11,237 [main] DEBUG balancer.ContainerBalancerTask (ContainerBalancerTask.java:initializeIteration(398)) - Utilization for node 09773d36-c272-4e1a-89e1-28276d51ae38 with capacity 65617555911B, used 59055800320B, and remaining 6561755591B is 0.900000000001524
2023-06-27 18:42:11,237 [main] DEBUG balancer.ContainerBalancerTask (ContainerBalancerTask.java:initializeIteration(398)) - Utilization for node 14ed1295-a307-4a76-8abc-4c934ab57dfa with capacity 63082332160B, used 50465865728B, and remaining 12616466432B is 0.8
2023-06-27 18:42:11,237 [main] DEBUG balancer.ContainerBalancerTask (ContainerBalancerTask.java:initializeIteration(398)) - Utilization for node 4b2e3a1c-5d27-44b8-bba1-629197bc5138 with capacity 78229761462B, used 54760833024B, and remaining 23468928438B is 0.7000000000076697
2023-06-27 18:42:11,237 [main] DEBUG balancer.ContainerBalancerTask (ContainerBalancerTask.java:initializeIteration(398)) - Utilization for node cbf585cb-6fa1-4808-8b63-a906a3a819cd with capacity 66214079146B, used 39728447488B, and remaining 26485631658B is 0.600000000006041
2023-06-27 18:42:11,237 [main] DEBUG balancer.ContainerBalancerTask (ContainerBalancerTask.java:initializeIteration(398)) - Utilization for node 54f6ef89-775a-4e00-812b-b20eafd07f1e with capacity 105226698752B, used 52613349376B, and remaining 52613349376B is 0.5
2023-06-27 18:42:11,237 [main] DEBUG balancer.ContainerBalancerTask (ContainerBalancerTask.java:initializeIteration(398)) - Utilization for node bba16783-2c78-4a1f-ae6b-067f6ef65a52 with capacity 118111600640B, used 47244640256B, and remaining 70866960384B is 0.4
2023-06-27 18:42:11,237 [main] DEBUG balancer.ContainerBalancerTask (ContainerBalancerTask.java:initializeIteration(398)) - Utilization for node 7168919d-655f-4dbd-ae0c-13024d3781f7 with capacity 178956970666B, used 53687091200B, and remaining 125269879466B is 0.3000000000011176
2023-06-27 18:42:11,237 [main] DEBUG balancer.ContainerBalancerTask (ContainerBalancerTask.java:initializeIteration(398)) - Utilization for node 29a0c5a1-2d0a-4afb-a3ec-755a917d7acc with capacity 112742891520B, used 22548578304B, and remaining 90194313216B is 0.2
2023-06-27 18:42:11,237 [main] DEBUG balancer.ContainerBalancerTask (ContainerBalancerTask.java:initializeIteration(398)) - Utilization for node 180eb2e0-e401-4c02-b3a4-7a4deb98d367 with capacity 257698037760B, used 25769803776B, and remaining 231928233984B is 0.1
2023-06-27 18:42:11,237 [main] DEBUG balancer.ContainerBalancerTask (ContainerBalancerTask.java:initializeIteration(398)) - Utilization for node 1faa6e81-a1cb-4ff1-84e6-29baf071a331 with capacity 35433480192B, used 0B, and remaining 35433480192B is 0.0
2023-06-27 18:42:11,238 [main] INFO  balancer.ContainerBalancerTask (ContainerBalancerTask.java:initializeIteration(447)) - Container Balancer has identified 5 Over-Utilized and 3 Under-Utilized Datanodes that need to be balanced.
2023-06-27 18:42:11,238 [main] DEBUG balancer.ContainerBalancerTask (ContainerBalancerTask.java:lambda$initializeIteration$1(453)) - Datanode localhost-13.22.149.249 09773d36-c272-4e1a-89e1-28276d51ae38 is Over-Utilized.
2023-06-27 18:42:11,238 [main] DEBUG balancer.ContainerBalancerTask (ContainerBalancerTask.java:lambda$initializeIteration$1(453)) - Datanode localhost-148.40.64.96 14ed1295-a307-4a76-8abc-4c934ab57dfa is Over-Utilized.
2023-06-27 18:42:11,238 [main] DEBUG balancer.ContainerBalancerTask (ContainerBalancerTask.java:lambda$initializeIteration$1(453)) - Datanode localhost-197.69.11.150 4b2e3a1c-5d27-44b8-bba1-629197bc5138 is Over-Utilized.
2023-06-27 18:42:11,238 [main] DEBUG balancer.ContainerBalancerTask (ContainerBalancerTask.java:lambda$initializeIteration$1(453)) - Datanode localhost-165.7.51.242 cbf585cb-6fa1-4808-8b63-a906a3a819cd is Over-Utilized.
2023-06-27 18:42:11,238 [main] DEBUG balancer.ContainerBalancerTask (ContainerBalancerTask.java:lambda$initializeIteration$1(453)) - Datanode localhost-246.177.185.219 54f6ef89-775a-4e00-812b-b20eafd07f1e is Over-Utilized.
2023-06-27 18:42:11,238 [main] DEBUG balancer.ContainerBalancerTask (ContainerBalancerTask.java:lambda$initializeIteration$2(459)) - Datanode localhost-106.246.205.6 1faa6e81-a1cb-4ff1-84e6-29baf071a331 is Under-Utilized.
2023-06-27 18:42:11,238 [main] DEBUG balancer.ContainerBalancerTask (ContainerBalancerTask.java:lambda$initializeIteration$2(459)) - Datanode localhost-180.231.100.192 180eb2e0-e401-4c02-b3a4-7a4deb98d367 is Under-Utilized.
2023-06-27 18:42:11,238 [main] DEBUG balancer.ContainerBalancerTask (ContainerBalancerTask.java:lambda$initializeIteration$2(459)) - Datanode localhost-161.212.230.5 29a0c5a1-2d0a-4afb-a3ec-755a917d7acc is Under-Utilized.
2023-06-27 18:42:11,241 [main] DEBUG balancer.ContainerBalancerTask (ContainerBalancerTask.java:matchSourceWithTarget(706)) - ContainerBalancer is finding suitable target for source datanode 09773d36-c272-4e1a-89e1-28276d51ae38
2023-06-27 18:42:11,242 [main] INFO  balancer.ContainerBalancerTask (ContainerBalancerTask.java:matchSourceWithTarget(720)) - ContainerBalancer matched source datanode 09773d36-c272-4e1a-89e1-28276d51ae38 with target datanode 1faa6e81-a1cb-4ff1-84e6-29baf071a331 for container move.
2023-06-27 18:42:11,242 [main] INFO  balancer.ContainerBalancerTask (ContainerBalancerTask.java:processMoveSelection(569)) - ContainerBalancer is trying to move container #40 with size 5368709120B from source datanode 09773d36-c272-4e1a-89e1-28276d51ae38 to target datanode 1faa6e81-a1cb-4ff1-84e6-29baf071a331
2023-06-27 18:42:11,245 [main] DEBUG balancer.ContainerBalancerTask (ContainerBalancerTask.java:matchSourceWithTarget(706)) - ContainerBalancer is finding suitable target for source datanode 09773d36-c272-4e1a-89e1-28276d51ae38
2023-06-27 18:42:11,245 [main] INFO  balancer.ContainerBalancerTask (ContainerBalancerTask.java:matchSourceWithTarget(720)) - ContainerBalancer matched source datanode 09773d36-c272-4e1a-89e1-28276d51ae38 with target datanode 180eb2e0-e401-4c02-b3a4-7a4deb98d367 for container move.
2023-06-27 18:42:11,245 [main] INFO  balancer.ContainerBalancerTask (ContainerBalancerTask.java:processMoveSelection(569)) - ContainerBalancer is trying to move container #84 with size 4294967296B from source datanode 09773d36-c272-4e1a-89e1-28276d51ae38 to target datanode 180eb2e0-e401-4c02-b3a4-7a4deb98d367
2023-06-27 18:42:11,246 [Thread-22] INFO  balancer.ContainerBalancerTask (ContainerBalancerTask.java:lambda$moveContainer$3(824)) - Container move for container #40 from source 09773d36-c272-4e1a-89e1-28276d51ae38 to target 1faa6e81-a1cb-4ff1-84e6-29baf071a331 failed with exceptions.
java.util.concurrent.CompletionException: java.lang.RuntimeException: Runtime Exception after doing work
	at java.util.concurrent.CompletableFuture.encodeThrowable(CompletableFuture.java:273)
	at java.util.concurrent.CompletableFuture.completeThrowable(CompletableFuture.java:280)
	at java.util.concurrent.CompletableFuture$AsyncSupply.run(CompletableFuture.java:1606)
	at java.lang.Thread.run(Thread.java:750)
Caused by: java.lang.RuntimeException: Runtime Exception after doing work
	at org.apache.hadoop.hdds.scm.container.balancer.TestContainerBalancerTask.lambda$checkIterationResultException$10(TestContainerBalancerTask.java:994)
	at java.util.concurrent.CompletableFuture$AsyncSupply.run(CompletableFuture.java:1604)
	... 1 more
2023-06-27 18:42:11,247 [main] WARN  balancer.ContainerBalancerTask (ContainerBalancerTask.java:moveContainer(848)) - Could not find Container #84 for container move
org.apache.hadoop.hdds.scm.container.ContainerNotFoundException: Test Container not found
	at org.apache.hadoop.hdds.scm.container.replication.ReplicationManager.move(ReplicationManager.java:1428)
	at org.apache.hadoop.hdds.scm.container.balancer.ContainerBalancerTask.moveContainer(ContainerBalancerTask.java:815)
	at org.apache.hadoop.hdds.scm.container.balancer.ContainerBalancerTask.processMoveSelection(ContainerBalancerTask.java:576)
	at org.apache.hadoop.hdds.scm.container.balancer.ContainerBalancerTask.doIteration(ContainerBalancerTask.java:534)
	at org.apache.hadoop.hdds.scm.container.balancer.ContainerBalancerTask.balance(ContainerBalancerTask.java:257)
	at org.apache.hadoop.hdds.scm.container.balancer.ContainerBalancerTask.run(ContainerBalancerTask.java:179)
	at org.apache.hadoop.hdds.scm.container.balancer.TestContainerBalancerTask.startBalancer(TestContainerBalancerTask.java:1304)
	at org.apache.hadoop.hdds.scm.container.balancer.TestContainerBalancerTask.checkIterationResultException(TestContainerBalancerTask.java:1007)
	at sun.reflect.NativeMethodAccessorImpl.invoke0(Native Method)
	at sun.reflect.NativeMethodAccessorImpl.invoke(NativeMethodAccessorImpl.java:62)
	at sun.reflect.DelegatingMethodAccessorImpl.invoke(DelegatingMethodAccessorImpl.java:43)
	at java.lang.reflect.Method.invoke(Method.java:498)
	at org.junit.platform.commons.util.ReflectionUtils.invokeMethod(ReflectionUtils.java:725)
	at org.junit.jupiter.engine.execution.MethodInvocation.proceed(MethodInvocation.java:60)
	at org.junit.jupiter.engine.execution.InvocationInterceptorChain$ValidatingInvocation.proceed(InvocationInterceptorChain.java:131)
	at org.junit.jupiter.engine.extension.TimeoutExtension.intercept(TimeoutExtension.java:149)
	at org.junit.jupiter.engine.extension.TimeoutExtension.interceptTestableMethod(TimeoutExtension.java:140)
	at org.junit.jupiter.engine.extension.TimeoutExtension.interceptTestMethod(TimeoutExtension.java:84)
	at org.junit.jupiter.engine.execution.ExecutableInvoker$ReflectiveInterceptorCall.lambda$ofVoidMethod$0(ExecutableInvoker.java:115)
	at org.junit.jupiter.engine.execution.ExecutableInvoker.lambda$invoke$0(ExecutableInvoker.java:105)
	at org.junit.jupiter.engine.execution.InvocationInterceptorChain$InterceptedInvocation.proceed(InvocationInterceptorChain.java:106)
	at org.junit.jupiter.engine.execution.InvocationInterceptorChain.proceed(InvocationInterceptorChain.java:64)
	at org.junit.jupiter.engine.execution.InvocationInterceptorChain.chainAndInvoke(InvocationInterceptorChain.java:45)
	at org.junit.jupiter.engine.execution.InvocationInterceptorChain.invoke(InvocationInterceptorChain.java:37)
	at org.junit.jupiter.engine.execution.ExecutableInvoker.invoke(ExecutableInvoker.java:104)
	at org.junit.jupiter.engine.execution.ExecutableInvoker.invoke(ExecutableInvoker.java:98)
	at org.junit.jupiter.engine.descriptor.TestMethodTestDescriptor.lambda$invokeTestMethod$7(TestMethodTestDescriptor.java:214)
	at org.junit.platform.engine.support.hierarchical.ThrowableCollector.execute(ThrowableCollector.java:73)
	at org.junit.jupiter.engine.descriptor.TestMethodTestDescriptor.invokeTestMethod(TestMethodTestDescriptor.java:210)
	at org.junit.jupiter.engine.descriptor.TestMethodTestDescriptor.execute(TestMethodTestDescriptor.java:135)
	at org.junit.jupiter.engine.descriptor.TestMethodTestDescriptor.execute(TestMethodTestDescriptor.java:66)
	at org.junit.platform.engine.support.hierarchical.NodeTestTask.lambda$executeRecursively$6(NodeTestTask.java:151)
	at org.junit.platform.engine.support.hierarchical.ThrowableCollector.execute(ThrowableCollector.java:73)
	at org.junit.platform.engine.support.hierarchical.NodeTestTask.lambda$executeRecursively$8(NodeTestTask.java:141)
	at org.junit.platform.engine.support.hierarchical.Node.around(Node.java:137)
	at org.junit.platform.engine.support.hierarchical.NodeTestTask.lambda$executeRecursively$9(NodeTestTask.java:139)
	at org.junit.platform.engine.support.hierarchical.ThrowableCollector.execute(ThrowableCollector.java:73)
	at org.junit.platform.engine.support.hierarchical.NodeTestTask.executeRecursively(NodeTestTask.java:138)
	at org.junit.platform.engine.support.hierarchical.NodeTestTask.execute(NodeTestTask.java:95)
	at java.util.ArrayList.forEach(ArrayList.java:1259)
	at org.junit.platform.engine.support.hierarchical.SameThreadHierarchicalTestExecutorService.invokeAll(SameThreadHierarchicalTestExecutorService.java:41)
	at org.junit.platform.engine.support.hierarchical.NodeTestTask.lambda$executeRecursively$6(NodeTestTask.java:155)
	at org.junit.platform.engine.support.hierarchical.ThrowableCollector.execute(ThrowableCollector.java:73)
	at org.junit.platform.engine.support.hierarchical.NodeTestTask.lambda$executeRecursively$8(NodeTestTask.java:141)
	at org.junit.platform.engine.support.hierarchical.Node.around(Node.java:137)
	at org.junit.platform.engine.support.hierarchical.NodeTestTask.lambda$executeRecursively$9(NodeTestTask.java:139)
	at org.junit.platform.engine.support.hierarchical.ThrowableCollector.execute(ThrowableCollector.java:73)
	at org.junit.platform.engine.support.hierarchical.NodeTestTask.executeRecursively(NodeTestTask.java:138)
	at org.junit.platform.engine.support.hierarchical.NodeTestTask.execute(NodeTestTask.java:95)
	at java.util.ArrayList.forEach(ArrayList.java:1259)
	at org.junit.platform.engine.support.hierarchical.SameThreadHierarchicalTestExecutorService.invokeAll(SameThreadHierarchicalTestExecutorService.java:41)
	at org.junit.platform.engine.support.hierarchical.NodeTestTask.lambda$executeRecursively$6(NodeTestTask.java:155)
	at org.junit.platform.engine.support.hierarchical.ThrowableCollector.execute(ThrowableCollector.java:73)
	at org.junit.platform.engine.support.hierarchical.NodeTestTask.lambda$executeRecursively$8(NodeTestTask.java:141)
	at org.junit.platform.engine.support.hierarchical.Node.around(Node.java:137)
	at org.junit.platform.engine.support.hierarchical.NodeTestTask.lambda$executeRecursively$9(NodeTestTask.java:139)
	at org.junit.platform.engine.support.hierarchical.ThrowableCollector.execute(ThrowableCollector.java:73)
	at org.junit.platform.engine.support.hierarchical.NodeTestTask.executeRecursively(NodeTestTask.java:138)
	at org.junit.platform.engine.support.hierarchical.NodeTestTask.execute(NodeTestTask.java:95)
	at org.junit.platform.engine.support.hierarchical.SameThreadHierarchicalTestExecutorService.submit(SameThreadHierarchicalTestExecutorService.java:35)
	at org.junit.platform.engine.support.hierarchical.HierarchicalTestExecutor.execute(HierarchicalTestExecutor.java:57)
	at org.junit.platform.engine.support.hierarchical.HierarchicalTestEngine.execute(HierarchicalTestEngine.java:54)
	at org.junit.platform.launcher.core.EngineExecutionOrchestrator.execute(EngineExecutionOrchestrator.java:107)
	at org.junit.platform.launcher.core.EngineExecutionOrchestrator.execute(EngineExecutionOrchestrator.java:88)
	at org.junit.platform.launcher.core.EngineExecutionOrchestrator.lambda$execute$0(EngineExecutionOrchestrator.java:54)
	at org.junit.platform.launcher.core.EngineExecutionOrchestrator.withInterceptedStreams(EngineExecutionOrchestrator.java:67)
	at org.junit.platform.launcher.core.EngineExecutionOrchestrator.execute(EngineExecutionOrchestrator.java:52)
	at org.junit.platform.launcher.core.DefaultLauncher.execute(DefaultLauncher.java:114)
	at org.junit.platform.launcher.core.DefaultLauncher.execute(DefaultLauncher.java:86)
	at org.junit.platform.launcher.core.DefaultLauncherSession$DelegatingLauncher.execute(DefaultLauncherSession.java:86)
	at org.junit.platform.launcher.core.SessionPerRequestLauncher.execute(SessionPerRequestLauncher.java:53)
	at org.apache.maven.surefire.junitplatform.JUnitPlatformProvider.execute(JUnitPlatformProvider.java:188)
	at org.apache.maven.surefire.junitplatform.JUnitPlatformProvider.invokeAllTests(JUnitPlatformProvider.java:154)
	at org.apache.maven.surefire.junitplatform.JUnitPlatformProvider.invoke(JUnitPlatformProvider.java:124)
	at org.apache.maven.surefire.booter.ForkedBooter.runSuitesInProcess(ForkedBooter.java:428)
	at org.apache.maven.surefire.booter.ForkedBooter.execute(ForkedBooter.java:162)
	at org.apache.maven.surefire.booter.ForkedBooter.run(ForkedBooter.java:562)
	at org.apache.maven.surefire.booter.ForkedBooter.main(ForkedBooter.java:548)
2023-06-27 18:42:11,250 [main] DEBUG balancer.ContainerBalancerTask (ContainerBalancerTask.java:matchSourceWithTarget(706)) - ContainerBalancer is finding suitable target for source datanode 14ed1295-a307-4a76-8abc-4c934ab57dfa
2023-06-27 18:42:11,251 [main] INFO  balancer.ContainerBalancerTask (ContainerBalancerTask.java:matchSourceWithTarget(720)) - ContainerBalancer matched source datanode 14ed1295-a307-4a76-8abc-4c934ab57dfa with target datanode 180eb2e0-e401-4c02-b3a4-7a4deb98d367 for container move.
2023-06-27 18:42:11,251 [main] INFO  balancer.ContainerBalancerTask (ContainerBalancerTask.java:processMoveSelection(569)) - ContainerBalancer is trying to move container #68 with size 5368709120B from source datanode 14ed1295-a307-4a76-8abc-4c934ab57dfa to target datanode 180eb2e0-e401-4c02-b3a4-7a4deb98d367
2023-06-27 18:42:11,251 [main] INFO  balancer.ContainerBalancerTask (ContainerBalancerTask.java:lambda$moveContainer$3(824)) - Container move for container #68 from source 14ed1295-a307-4a76-8abc-4c934ab57dfa to target 180eb2e0-e401-4c02-b3a4-7a4deb98d367 failed with exceptions.
java.lang.RuntimeException: Runtime Exception
	at org.apache.hadoop.hdds.scm.container.balancer.TestContainerBalancerTask.checkIterationResultException(TestContainerBalancerTask.java:985)
	at sun.reflect.NativeMethodAccessorImpl.invoke0(Native Method)
	at sun.reflect.NativeMethodAccessorImpl.invoke(NativeMethodAccessorImpl.java:62)
	at sun.reflect.DelegatingMethodAccessorImpl.invoke(DelegatingMethodAccessorImpl.java:43)
	at java.lang.reflect.Method.invoke(Method.java:498)
	at org.junit.platform.commons.util.ReflectionUtils.invokeMethod(ReflectionUtils.java:725)
	at org.junit.jupiter.engine.execution.MethodInvocation.proceed(MethodInvocation.java:60)
	at org.junit.jupiter.engine.execution.InvocationInterceptorChain$ValidatingInvocation.proceed(InvocationInterceptorChain.java:131)
	at org.junit.jupiter.engine.extension.TimeoutExtension.intercept(TimeoutExtension.java:149)
	at org.junit.jupiter.engine.extension.TimeoutExtension.interceptTestableMethod(TimeoutExtension.java:140)
	at org.junit.jupiter.engine.extension.TimeoutExtension.interceptTestMethod(TimeoutExtension.java:84)
	at org.junit.jupiter.engine.execution.ExecutableInvoker$ReflectiveInterceptorCall.lambda$ofVoidMethod$0(ExecutableInvoker.java:115)
	at org.junit.jupiter.engine.execution.ExecutableInvoker.lambda$invoke$0(ExecutableInvoker.java:105)
	at org.junit.jupiter.engine.execution.InvocationInterceptorChain$InterceptedInvocation.proceed(InvocationInterceptorChain.java:106)
	at org.junit.jupiter.engine.execution.InvocationInterceptorChain.proceed(InvocationInterceptorChain.java:64)
	at org.junit.jupiter.engine.execution.InvocationInterceptorChain.chainAndInvoke(InvocationInterceptorChain.java:45)
	at org.junit.jupiter.engine.execution.InvocationInterceptorChain.invoke(InvocationInterceptorChain.java:37)
	at org.junit.jupiter.engine.execution.ExecutableInvoker.invoke(ExecutableInvoker.java:104)
	at org.junit.jupiter.engine.execution.ExecutableInvoker.invoke(ExecutableInvoker.java:98)
	at org.junit.jupiter.engine.descriptor.TestMethodTestDescriptor.lambda$invokeTestMethod$7(TestMethodTestDescriptor.java:214)
	at org.junit.platform.engine.support.hierarchical.ThrowableCollector.execute(ThrowableCollector.java:73)
	at org.junit.jupiter.engine.descriptor.TestMethodTestDescriptor.invokeTestMethod(TestMethodTestDescriptor.java:210)
	at org.junit.jupiter.engine.descriptor.TestMethodTestDescriptor.execute(TestMethodTestDescriptor.java:135)
	at org.junit.jupiter.engine.descriptor.TestMethodTestDescriptor.execute(TestMethodTestDescriptor.java:66)
	at org.junit.platform.engine.support.hierarchical.NodeTestTask.lambda$executeRecursively$6(NodeTestTask.java:151)
	at org.junit.platform.engine.support.hierarchical.ThrowableCollector.execute(ThrowableCollector.java:73)
	at org.junit.platform.engine.support.hierarchical.NodeTestTask.lambda$executeRecursively$8(NodeTestTask.java:141)
	at org.junit.platform.engine.support.hierarchical.Node.around(Node.java:137)
	at org.junit.platform.engine.support.hierarchical.NodeTestTask.lambda$executeRecursively$9(NodeTestTask.java:139)
	at org.junit.platform.engine.support.hierarchical.ThrowableCollector.execute(ThrowableCollector.java:73)
	at org.junit.platform.engine.support.hierarchical.NodeTestTask.executeRecursively(NodeTestTask.java:138)
	at org.junit.platform.engine.support.hierarchical.NodeTestTask.execute(NodeTestTask.java:95)
	at java.util.ArrayList.forEach(ArrayList.java:1259)
	at org.junit.platform.engine.support.hierarchical.SameThreadHierarchicalTestExecutorService.invokeAll(SameThreadHierarchicalTestExecutorService.java:41)
	at org.junit.platform.engine.support.hierarchical.NodeTestTask.lambda$executeRecursively$6(NodeTestTask.java:155)
	at org.junit.platform.engine.support.hierarchical.ThrowableCollector.execute(ThrowableCollector.java:73)
	at org.junit.platform.engine.support.hierarchical.NodeTestTask.lambda$executeRecursively$8(NodeTestTask.java:141)
	at org.junit.platform.engine.support.hierarchical.Node.around(Node.java:137)
	at org.junit.platform.engine.support.hierarchical.NodeTestTask.lambda$executeRecursively$9(NodeTestTask.java:139)
	at org.junit.platform.engine.support.hierarchical.ThrowableCollector.execute(ThrowableCollector.java:73)
	at org.junit.platform.engine.support.hierarchical.NodeTestTask.executeRecursively(NodeTestTask.java:138)
	at org.junit.platform.engine.support.hierarchical.NodeTestTask.execute(NodeTestTask.java:95)
	at java.util.ArrayList.forEach(ArrayList.java:1259)
	at org.junit.platform.engine.support.hierarchical.SameThreadHierarchicalTestExecutorService.invokeAll(SameThreadHierarchicalTestExecutorService.java:41)
	at org.junit.platform.engine.support.hierarchical.NodeTestTask.lambda$executeRecursively$6(NodeTestTask.java:155)
	at org.junit.platform.engine.support.hierarchical.ThrowableCollector.execute(ThrowableCollector.java:73)
	at org.junit.platform.engine.support.hierarchical.NodeTestTask.lambda$executeRecursively$8(NodeTestTask.java:141)
	at org.junit.platform.engine.support.hierarchical.Node.around(Node.java:137)
	at org.junit.platform.engine.support.hierarchical.NodeTestTask.lambda$executeRecursively$9(NodeTestTask.java:139)
	at org.junit.platform.engine.support.hierarchical.ThrowableCollector.execute(ThrowableCollector.java:73)
	at org.junit.platform.engine.support.hierarchical.NodeTestTask.executeRecursively(NodeTestTask.java:138)
	at org.junit.platform.engine.support.hierarchical.NodeTestTask.execute(NodeTestTask.java:95)
	at org.junit.platform.engine.support.hierarchical.SameThreadHierarchicalTestExecutorService.submit(SameThreadHierarchicalTestExecutorService.java:35)
	at org.junit.platform.engine.support.hierarchical.HierarchicalTestExecutor.execute(HierarchicalTestExecutor.java:57)
	at org.junit.platform.engine.support.hierarchical.HierarchicalTestEngine.execute(HierarchicalTestEngine.java:54)
	at org.junit.platform.launcher.core.EngineExecutionOrchestrator.execute(EngineExecutionOrchestrator.java:107)
	at org.junit.platform.launcher.core.EngineExecutionOrchestrator.execute(EngineExecutionOrchestrator.java:88)
	at org.junit.platform.launcher.core.EngineExecutionOrchestrator.lambda$execute$0(EngineExecutionOrchestrator.java:54)
	at org.junit.platform.launcher.core.EngineExecutionOrchestrator.withInterceptedStreams(EngineExecutionOrchestrator.java:67)
	at org.junit.platform.launcher.core.EngineExecutionOrchestrator.execute(EngineExecutionOrchestrator.java:52)
	at org.junit.platform.launcher.core.DefaultLauncher.execute(DefaultLauncher.java:114)
	at org.junit.platform.launcher.core.DefaultLauncher.execute(DefaultLauncher.java:86)
	at org.junit.platform.launcher.core.DefaultLauncherSession$DelegatingLauncher.execute(DefaultLauncherSession.java:86)
	at org.junit.platform.launcher.core.SessionPerRequestLauncher.execute(SessionPerRequestLauncher.java:53)
	at org.apache.maven.surefire.junitplatform.JUnitPlatformProvider.execute(JUnitPlatformProvider.java:188)
	at org.apache.maven.surefire.junitplatform.JUnitPlatformProvider.invokeAllTests(JUnitPlatformProvider.java:154)
	at org.apache.maven.surefire.junitplatform.JUnitPlatformProvider.invoke(JUnitPlatformProvider.java:124)
	at org.apache.maven.surefire.booter.ForkedBooter.runSuitesInProcess(ForkedBooter.java:428)
	at org.apache.maven.surefire.booter.ForkedBooter.execute(ForkedBooter.java:162)
	at org.apache.maven.surefire.booter.ForkedBooter.run(ForkedBooter.java:562)
	at org.apache.maven.surefire.booter.ForkedBooter.main(ForkedBooter.java:548)
2023-06-27 18:42:11,254 [main] DEBUG balancer.ContainerBalancerTask (ContainerBalancerTask.java:matchSourceWithTarget(706)) - ContainerBalancer is finding suitable target for source datanode 4b2e3a1c-5d27-44b8-bba1-629197bc5138
2023-06-27 18:42:11,255 [main] INFO  balancer.ContainerBalancerTask (ContainerBalancerTask.java:matchSourceWithTarget(720)) - ContainerBalancer matched source datanode 4b2e3a1c-5d27-44b8-bba1-629197bc5138 with target datanode 180eb2e0-e401-4c02-b3a4-7a4deb98d367 for container move.
2023-06-27 18:42:11,255 [main] INFO  balancer.ContainerBalancerTask (ContainerBalancerTask.java:processMoveSelection(569)) - ContainerBalancer is trying to move container #52 with size 4294967296B from source datanode 4b2e3a1c-5d27-44b8-bba1-629197bc5138 to target datanode 180eb2e0-e401-4c02-b3a4-7a4deb98d367
2023-06-27 18:42:11,255 [main] INFO  balancer.ContainerBalancerTask (ContainerBalancerTask.java:lambda$moveContainer$3(824)) - Container move for container #52 from source 4b2e3a1c-5d27-44b8-bba1-629197bc5138 to target 180eb2e0-e401-4c02-b3a4-7a4deb98d367 failed with exceptions.
java.lang.RuntimeException: Runtime Exception
	at org.apache.hadoop.hdds.scm.container.balancer.TestContainerBalancerTask.checkIterationResultException(TestContainerBalancerTask.java:985)
	at sun.reflect.NativeMethodAccessorImpl.invoke0(Native Method)
	at sun.reflect.NativeMethodAccessorImpl.invoke(NativeMethodAccessorImpl.java:62)
	at sun.reflect.DelegatingMethodAccessorImpl.invoke(DelegatingMethodAccessorImpl.java:43)
	at java.lang.reflect.Method.invoke(Method.java:498)
	at org.junit.platform.commons.util.ReflectionUtils.invokeMethod(ReflectionUtils.java:725)
	at org.junit.jupiter.engine.execution.MethodInvocation.proceed(MethodInvocation.java:60)
	at org.junit.jupiter.engine.execution.InvocationInterceptorChain$ValidatingInvocation.proceed(InvocationInterceptorChain.java:131)
	at org.junit.jupiter.engine.extension.TimeoutExtension.intercept(TimeoutExtension.java:149)
	at org.junit.jupiter.engine.extension.TimeoutExtension.interceptTestableMethod(TimeoutExtension.java:140)
	at org.junit.jupiter.engine.extension.TimeoutExtension.interceptTestMethod(TimeoutExtension.java:84)
	at org.junit.jupiter.engine.execution.ExecutableInvoker$ReflectiveInterceptorCall.lambda$ofVoidMethod$0(ExecutableInvoker.java:115)
	at org.junit.jupiter.engine.execution.ExecutableInvoker.lambda$invoke$0(ExecutableInvoker.java:105)
	at org.junit.jupiter.engine.execution.InvocationInterceptorChain$InterceptedInvocation.proceed(InvocationInterceptorChain.java:106)
	at org.junit.jupiter.engine.execution.InvocationInterceptorChain.proceed(InvocationInterceptorChain.java:64)
	at org.junit.jupiter.engine.execution.InvocationInterceptorChain.chainAndInvoke(InvocationInterceptorChain.java:45)
	at org.junit.jupiter.engine.execution.InvocationInterceptorChain.invoke(InvocationInterceptorChain.java:37)
	at org.junit.jupiter.engine.execution.ExecutableInvoker.invoke(ExecutableInvoker.java:104)
	at org.junit.jupiter.engine.execution.ExecutableInvoker.invoke(ExecutableInvoker.java:98)
	at org.junit.jupiter.engine.descriptor.TestMethodTestDescriptor.lambda$invokeTestMethod$7(TestMethodTestDescriptor.java:214)
	at org.junit.platform.engine.support.hierarchical.ThrowableCollector.execute(ThrowableCollector.java:73)
	at org.junit.jupiter.engine.descriptor.TestMethodTestDescriptor.invokeTestMethod(TestMethodTestDescriptor.java:210)
	at org.junit.jupiter.engine.descriptor.TestMethodTestDescriptor.execute(TestMethodTestDescriptor.java:135)
	at org.junit.jupiter.engine.descriptor.TestMethodTestDescriptor.execute(TestMethodTestDescriptor.java:66)
	at org.junit.platform.engine.support.hierarchical.NodeTestTask.lambda$executeRecursively$6(NodeTestTask.java:151)
	at org.junit.platform.engine.support.hierarchical.ThrowableCollector.execute(ThrowableCollector.java:73)
	at org.junit.platform.engine.support.hierarchical.NodeTestTask.lambda$executeRecursively$8(NodeTestTask.java:141)
	at org.junit.platform.engine.support.hierarchical.Node.around(Node.java:137)
	at org.junit.platform.engine.support.hierarchical.NodeTestTask.lambda$executeRecursively$9(NodeTestTask.java:139)
	at org.junit.platform.engine.support.hierarchical.ThrowableCollector.execute(ThrowableCollector.java:73)
	at org.junit.platform.engine.support.hierarchical.NodeTestTask.executeRecursively(NodeTestTask.java:138)
	at org.junit.platform.engine.support.hierarchical.NodeTestTask.execute(NodeTestTask.java:95)
	at java.util.ArrayList.forEach(ArrayList.java:1259)
	at org.junit.platform.engine.support.hierarchical.SameThreadHierarchicalTestExecutorService.invokeAll(SameThreadHierarchicalTestExecutorService.java:41)
	at org.junit.platform.engine.support.hierarchical.NodeTestTask.lambda$executeRecursively$6(NodeTestTask.java:155)
	at org.junit.platform.engine.support.hierarchical.ThrowableCollector.execute(ThrowableCollector.java:73)
	at org.junit.platform.engine.support.hierarchical.NodeTestTask.lambda$executeRecursively$8(NodeTestTask.java:141)
	at org.junit.platform.engine.support.hierarchical.Node.around(Node.java:137)
	at org.junit.platform.engine.support.hierarchical.NodeTestTask.lambda$executeRecursively$9(NodeTestTask.java:139)
	at org.junit.platform.engine.support.hierarchical.ThrowableCollector.execute(ThrowableCollector.java:73)
	at org.junit.platform.engine.support.hierarchical.NodeTestTask.executeRecursively(NodeTestTask.java:138)
	at org.junit.platform.engine.support.hierarchical.NodeTestTask.execute(NodeTestTask.java:95)
	at java.util.ArrayList.forEach(ArrayList.java:1259)
	at org.junit.platform.engine.support.hierarchical.SameThreadHierarchicalTestExecutorService.invokeAll(SameThreadHierarchicalTestExecutorService.java:41)
	at org.junit.platform.engine.support.hierarchical.NodeTestTask.lambda$executeRecursively$6(NodeTestTask.java:155)
	at org.junit.platform.engine.support.hierarchical.ThrowableCollector.execute(ThrowableCollector.java:73)
	at org.junit.platform.engine.support.hierarchical.NodeTestTask.lambda$executeRecursively$8(NodeTestTask.java:141)
	at org.junit.platform.engine.support.hierarchical.Node.around(Node.java:137)
	at org.junit.platform.engine.support.hierarchical.NodeTestTask.lambda$executeRecursively$9(NodeTestTask.java:139)
	at org.junit.platform.engine.support.hierarchical.ThrowableCollector.execute(ThrowableCollector.java:73)
	at org.junit.platform.engine.support.hierarchical.NodeTestTask.executeRecursively(NodeTestTask.java:138)
	at org.junit.platform.engine.support.hierarchical.NodeTestTask.execute(NodeTestTask.java:95)
	at org.junit.platform.engine.support.hierarchical.SameThreadHierarchicalTestExecutorService.submit(SameThreadHierarchicalTestExecutorService.java:35)
	at org.junit.platform.engine.support.hierarchical.HierarchicalTestExecutor.execute(HierarchicalTestExecutor.java:57)
	at org.junit.platform.engine.support.hierarchical.HierarchicalTestEngine.execute(HierarchicalTestEngine.java:54)
	at org.junit.platform.launcher.core.EngineExecutionOrchestrator.execute(EngineExecutionOrchestrator.java:107)
	at org.junit.platform.launcher.core.EngineExecutionOrchestrator.execute(EngineExecutionOrchestrator.java:88)
	at org.junit.platform.launcher.core.EngineExecutionOrchestrator.lambda$execute$0(EngineExecutionOrchestrator.java:54)
	at org.junit.platform.launcher.core.EngineExecutionOrchestrator.withInterceptedStreams(EngineExecutionOrchestrator.java:67)
	at org.junit.platform.launcher.core.EngineExecutionOrchestrator.execute(EngineExecutionOrchestrator.java:52)
	at org.junit.platform.launcher.core.DefaultLauncher.execute(DefaultLauncher.java:114)
	at org.junit.platform.launcher.core.DefaultLauncher.execute(DefaultLauncher.java:86)
	at org.junit.platform.launcher.core.DefaultLauncherSession$DelegatingLauncher.execute(DefaultLauncherSession.java:86)
	at org.junit.platform.launcher.core.SessionPerRequestLauncher.execute(SessionPerRequestLauncher.java:53)
	at org.apache.maven.surefire.junitplatform.JUnitPlatformProvider.execute(JUnitPlatformProvider.java:188)
	at org.apache.maven.surefire.junitplatform.JUnitPlatformProvider.invokeAllTests(JUnitPlatformProvider.java:154)
	at org.apache.maven.surefire.junitplatform.JUnitPlatformProvider.invoke(JUnitPlatformProvider.java:124)
	at org.apache.maven.surefire.booter.ForkedBooter.runSuitesInProcess(ForkedBooter.java:428)
	at org.apache.maven.surefire.booter.ForkedBooter.execute(ForkedBooter.java:162)
	at org.apache.maven.surefire.booter.ForkedBooter.run(ForkedBooter.java:562)
	at org.apache.maven.surefire.booter.ForkedBooter.main(ForkedBooter.java:548)
2023-06-27 18:42:11,257 [main] DEBUG balancer.ContainerBalancerTask (ContainerBalancerTask.java:matchSourceWithTarget(706)) - ContainerBalancer is finding suitable target for source datanode cbf585cb-6fa1-4808-8b63-a906a3a819cd
2023-06-27 18:42:11,257 [main] INFO  balancer.ContainerBalancerTask (ContainerBalancerTask.java:matchSourceWithTarget(720)) - ContainerBalancer matched source datanode cbf585cb-6fa1-4808-8b63-a906a3a819cd with target datanode 180eb2e0-e401-4c02-b3a4-7a4deb98d367 for container move.
2023-06-27 18:42:11,257 [main] INFO  balancer.ContainerBalancerTask (ContainerBalancerTask.java:processMoveSelection(569)) - ContainerBalancer is trying to move container #88 with size 3221225472B from source datanode cbf585cb-6fa1-4808-8b63-a906a3a819cd to target datanode 180eb2e0-e401-4c02-b3a4-7a4deb98d367
2023-06-27 18:42:11,257 [main] INFO  balancer.ContainerBalancerTask (ContainerBalancerTask.java:lambda$moveContainer$3(824)) - Container move for container #88 from source cbf585cb-6fa1-4808-8b63-a906a3a819cd to target 180eb2e0-e401-4c02-b3a4-7a4deb98d367 failed with exceptions.
java.lang.RuntimeException: Runtime Exception
	at org.apache.hadoop.hdds.scm.container.balancer.TestContainerBalancerTask.checkIterationResultException(TestContainerBalancerTask.java:985)
	at sun.reflect.NativeMethodAccessorImpl.invoke0(Native Method)
	at sun.reflect.NativeMethodAccessorImpl.invoke(NativeMethodAccessorImpl.java:62)
	at sun.reflect.DelegatingMethodAccessorImpl.invoke(DelegatingMethodAccessorImpl.java:43)
	at java.lang.reflect.Method.invoke(Method.java:498)
	at org.junit.platform.commons.util.ReflectionUtils.invokeMethod(ReflectionUtils.java:725)
	at org.junit.jupiter.engine.execution.MethodInvocation.proceed(MethodInvocation.java:60)
	at org.junit.jupiter.engine.execution.InvocationInterceptorChain$ValidatingInvocation.proceed(InvocationInterceptorChain.java:131)
	at org.junit.jupiter.engine.extension.TimeoutExtension.intercept(TimeoutExtension.java:149)
	at org.junit.jupiter.engine.extension.TimeoutExtension.interceptTestableMethod(TimeoutExtension.java:140)
	at org.junit.jupiter.engine.extension.TimeoutExtension.interceptTestMethod(TimeoutExtension.java:84)
	at org.junit.jupiter.engine.execution.ExecutableInvoker$ReflectiveInterceptorCall.lambda$ofVoidMethod$0(ExecutableInvoker.java:115)
	at org.junit.jupiter.engine.execution.ExecutableInvoker.lambda$invoke$0(ExecutableInvoker.java:105)
	at org.junit.jupiter.engine.execution.InvocationInterceptorChain$InterceptedInvocation.proceed(InvocationInterceptorChain.java:106)
	at org.junit.jupiter.engine.execution.InvocationInterceptorChain.proceed(InvocationInterceptorChain.java:64)
	at org.junit.jupiter.engine.execution.InvocationInterceptorChain.chainAndInvoke(InvocationInterceptorChain.java:45)
	at org.junit.jupiter.engine.execution.InvocationInterceptorChain.invoke(InvocationInterceptorChain.java:37)
	at org.junit.jupiter.engine.execution.ExecutableInvoker.invoke(ExecutableInvoker.java:104)
	at org.junit.jupiter.engine.execution.ExecutableInvoker.invoke(ExecutableInvoker.java:98)
	at org.junit.jupiter.engine.descriptor.TestMethodTestDescriptor.lambda$invokeTestMethod$7(TestMethodTestDescriptor.java:214)
	at org.junit.platform.engine.support.hierarchical.ThrowableCollector.execute(ThrowableCollector.java:73)
	at org.junit.jupiter.engine.descriptor.TestMethodTestDescriptor.invokeTestMethod(TestMethodTestDescriptor.java:210)
	at org.junit.jupiter.engine.descriptor.TestMethodTestDescriptor.execute(TestMethodTestDescriptor.java:135)
	at org.junit.jupiter.engine.descriptor.TestMethodTestDescriptor.execute(TestMethodTestDescriptor.java:66)
	at org.junit.platform.engine.support.hierarchical.NodeTestTask.lambda$executeRecursively$6(NodeTestTask.java:151)
	at org.junit.platform.engine.support.hierarchical.ThrowableCollector.execute(ThrowableCollector.java:73)
	at org.junit.platform.engine.support.hierarchical.NodeTestTask.lambda$executeRecursively$8(NodeTestTask.java:141)
	at org.junit.platform.engine.support.hierarchical.Node.around(Node.java:137)
	at org.junit.platform.engine.support.hierarchical.NodeTestTask.lambda$executeRecursively$9(NodeTestTask.java:139)
	at org.junit.platform.engine.support.hierarchical.ThrowableCollector.execute(ThrowableCollector.java:73)
	at org.junit.platform.engine.support.hierarchical.NodeTestTask.executeRecursively(NodeTestTask.java:138)
	at org.junit.platform.engine.support.hierarchical.NodeTestTask.execute(NodeTestTask.java:95)
	at java.util.ArrayList.forEach(ArrayList.java:1259)
	at org.junit.platform.engine.support.hierarchical.SameThreadHierarchicalTestExecutorService.invokeAll(SameThreadHierarchicalTestExecutorService.java:41)
	at org.junit.platform.engine.support.hierarchical.NodeTestTask.lambda$executeRecursively$6(NodeTestTask.java:155)
	at org.junit.platform.engine.support.hierarchical.ThrowableCollector.execute(ThrowableCollector.java:73)
	at org.junit.platform.engine.support.hierarchical.NodeTestTask.lambda$executeRecursively$8(NodeTestTask.java:141)
	at org.junit.platform.engine.support.hierarchical.Node.around(Node.java:137)
	at org.junit.platform.engine.support.hierarchical.NodeTestTask.lambda$executeRecursively$9(NodeTestTask.java:139)
	at org.junit.platform.engine.support.hierarchical.ThrowableCollector.execute(ThrowableCollector.java:73)
	at org.junit.platform.engine.support.hierarchical.NodeTestTask.executeRecursively(NodeTestTask.java:138)
	at org.junit.platform.engine.support.hierarchical.NodeTestTask.execute(NodeTestTask.java:95)
	at java.util.ArrayList.forEach(ArrayList.java:1259)
	at org.junit.platform.engine.support.hierarchical.SameThreadHierarchicalTestExecutorService.invokeAll(SameThreadHierarchicalTestExecutorService.java:41)
	at org.junit.platform.engine.support.hierarchical.NodeTestTask.lambda$executeRecursively$6(NodeTestTask.java:155)
	at org.junit.platform.engine.support.hierarchical.ThrowableCollector.execute(ThrowableCollector.java:73)
	at org.junit.platform.engine.support.hierarchical.NodeTestTask.lambda$executeRecursively$8(NodeTestTask.java:141)
	at org.junit.platform.engine.support.hierarchical.Node.around(Node.java:137)
	at org.junit.platform.engine.support.hierarchical.NodeTestTask.lambda$executeRecursively$9(NodeTestTask.java:139)
	at org.junit.platform.engine.support.hierarchical.ThrowableCollector.execute(ThrowableCollector.java:73)
	at org.junit.platform.engine.support.hierarchical.NodeTestTask.executeRecursively(NodeTestTask.java:138)
	at org.junit.platform.engine.support.hierarchical.NodeTestTask.execute(NodeTestTask.java:95)
	at org.junit.platform.engine.support.hierarchical.SameThreadHierarchicalTestExecutorService.submit(SameThreadHierarchicalTestExecutorService.java:35)
	at org.junit.platform.engine.support.hierarchical.HierarchicalTestExecutor.execute(HierarchicalTestExecutor.java:57)
	at org.junit.platform.engine.support.hierarchical.HierarchicalTestEngine.execute(HierarchicalTestEngine.java:54)
	at org.junit.platform.launcher.core.EngineExecutionOrchestrator.execute(EngineExecutionOrchestrator.java:107)
	at org.junit.platform.launcher.core.EngineExecutionOrchestrator.execute(EngineExecutionOrchestrator.java:88)
	at org.junit.platform.launcher.core.EngineExecutionOrchestrator.lambda$execute$0(EngineExecutionOrchestrator.java:54)
	at org.junit.platform.launcher.core.EngineExecutionOrchestrator.withInterceptedStreams(EngineExecutionOrchestrator.java:67)
	at org.junit.platform.launcher.core.EngineExecutionOrchestrator.execute(EngineExecutionOrchestrator.java:52)
	at org.junit.platform.launcher.core.DefaultLauncher.execute(DefaultLauncher.java:114)
	at org.junit.platform.launcher.core.DefaultLauncher.execute(DefaultLauncher.java:86)
	at org.junit.platform.launcher.core.DefaultLauncherSession$DelegatingLauncher.execute(DefaultLauncherSession.java:86)
	at org.junit.platform.launcher.core.SessionPerRequestLauncher.execute(SessionPerRequestLauncher.java:53)
	at org.apache.maven.surefire.junitplatform.JUnitPlatformProvider.execute(JUnitPlatformProvider.java:188)
	at org.apache.maven.surefire.junitplatform.JUnitPlatformProvider.invokeAllTests(JUnitPlatformProvider.java:154)
	at org.apache.maven.surefire.junitplatform.JUnitPlatformProvider.invoke(JUnitPlatformProvider.java:124)
	at org.apache.maven.surefire.booter.ForkedBooter.runSuitesInProcess(ForkedBooter.java:428)
	at org.apache.maven.surefire.booter.ForkedBooter.execute(ForkedBooter.java:162)
	at org.apache.maven.surefire.booter.ForkedBooter.run(ForkedBooter.java:562)
	at org.apache.maven.surefire.booter.ForkedBooter.main(ForkedBooter.java:548)
2023-06-27 18:42:11,260 [main] DEBUG balancer.ContainerBalancerTask (ContainerBalancerTask.java:matchSourceWithTarget(706)) - ContainerBalancer is finding suitable target for source datanode 54f6ef89-775a-4e00-812b-b20eafd07f1e
2023-06-27 18:42:11,260 [main] INFO  balancer.ContainerBalancerTask (ContainerBalancerTask.java:matchSourceWithTarget(720)) - ContainerBalancer matched source datanode 54f6ef89-775a-4e00-812b-b20eafd07f1e with target datanode 180eb2e0-e401-4c02-b3a4-7a4deb98d367 for container move.
2023-06-27 18:42:11,260 [main] INFO  balancer.ContainerBalancerTask (ContainerBalancerTask.java:processMoveSelection(569)) - ContainerBalancer is trying to move container #84 with size 4294967296B from source datanode 54f6ef89-775a-4e00-812b-b20eafd07f1e to target datanode 180eb2e0-e401-4c02-b3a4-7a4deb98d367
2023-06-27 18:42:11,261 [main] INFO  balancer.ContainerBalancerTask (ContainerBalancerTask.java:lambda$moveContainer$3(824)) - Container move for container #84 from source 54f6ef89-775a-4e00-812b-b20eafd07f1e to target 180eb2e0-e401-4c02-b3a4-7a4deb98d367 failed with exceptions.
java.lang.RuntimeException: Runtime Exception
	at org.apache.hadoop.hdds.scm.container.balancer.TestContainerBalancerTask.checkIterationResultException(TestContainerBalancerTask.java:985)
	at sun.reflect.NativeMethodAccessorImpl.invoke0(Native Method)
	at sun.reflect.NativeMethodAccessorImpl.invoke(NativeMethodAccessorImpl.java:62)
	at sun.reflect.DelegatingMethodAccessorImpl.invoke(DelegatingMethodAccessorImpl.java:43)
	at java.lang.reflect.Method.invoke(Method.java:498)
	at org.junit.platform.commons.util.ReflectionUtils.invokeMethod(ReflectionUtils.java:725)
	at org.junit.jupiter.engine.execution.MethodInvocation.proceed(MethodInvocation.java:60)
	at org.junit.jupiter.engine.execution.InvocationInterceptorChain$ValidatingInvocation.proceed(InvocationInterceptorChain.java:131)
	at org.junit.jupiter.engine.extension.TimeoutExtension.intercept(TimeoutExtension.java:149)
	at org.junit.jupiter.engine.extension.TimeoutExtension.interceptTestableMethod(TimeoutExtension.java:140)
	at org.junit.jupiter.engine.extension.TimeoutExtension.interceptTestMethod(TimeoutExtension.java:84)
	at org.junit.jupiter.engine.execution.ExecutableInvoker$ReflectiveInterceptorCall.lambda$ofVoidMethod$0(ExecutableInvoker.java:115)
	at org.junit.jupiter.engine.execution.ExecutableInvoker.lambda$invoke$0(ExecutableInvoker.java:105)
	at org.junit.jupiter.engine.execution.InvocationInterceptorChain$InterceptedInvocation.proceed(InvocationInterceptorChain.java:106)
	at org.junit.jupiter.engine.execution.InvocationInterceptorChain.proceed(InvocationInterceptorChain.java:64)
	at org.junit.jupiter.engine.execution.InvocationInterceptorChain.chainAndInvoke(InvocationInterceptorChain.java:45)
	at org.junit.jupiter.engine.execution.InvocationInterceptorChain.invoke(InvocationInterceptorChain.java:37)
	at org.junit.jupiter.engine.execution.ExecutableInvoker.invoke(ExecutableInvoker.java:104)
	at org.junit.jupiter.engine.execution.ExecutableInvoker.invoke(ExecutableInvoker.java:98)
	at org.junit.jupiter.engine.descriptor.TestMethodTestDescriptor.lambda$invokeTestMethod$7(TestMethodTestDescriptor.java:214)
	at org.junit.platform.engine.support.hierarchical.ThrowableCollector.execute(ThrowableCollector.java:73)
	at org.junit.jupiter.engine.descriptor.TestMethodTestDescriptor.invokeTestMethod(TestMethodTestDescriptor.java:210)
	at org.junit.jupiter.engine.descriptor.TestMethodTestDescriptor.execute(TestMethodTestDescriptor.java:135)
	at org.junit.jupiter.engine.descriptor.TestMethodTestDescriptor.execute(TestMethodTestDescriptor.java:66)
	at org.junit.platform.engine.support.hierarchical.NodeTestTask.lambda$executeRecursively$6(NodeTestTask.java:151)
	at org.junit.platform.engine.support.hierarchical.ThrowableCollector.execute(ThrowableCollector.java:73)
	at org.junit.platform.engine.support.hierarchical.NodeTestTask.lambda$executeRecursively$8(NodeTestTask.java:141)
	at org.junit.platform.engine.support.hierarchical.Node.around(Node.java:137)
	at org.junit.platform.engine.support.hierarchical.NodeTestTask.lambda$executeRecursively$9(NodeTestTask.java:139)
	at org.junit.platform.engine.support.hierarchical.ThrowableCollector.execute(ThrowableCollector.java:73)
	at org.junit.platform.engine.support.hierarchical.NodeTestTask.executeRecursively(NodeTestTask.java:138)
	at org.junit.platform.engine.support.hierarchical.NodeTestTask.execute(NodeTestTask.java:95)
	at java.util.ArrayList.forEach(ArrayList.java:1259)
	at org.junit.platform.engine.support.hierarchical.SameThreadHierarchicalTestExecutorService.invokeAll(SameThreadHierarchicalTestExecutorService.java:41)
	at org.junit.platform.engine.support.hierarchical.NodeTestTask.lambda$executeRecursively$6(NodeTestTask.java:155)
	at org.junit.platform.engine.support.hierarchical.ThrowableCollector.execute(ThrowableCollector.java:73)
	at org.junit.platform.engine.support.hierarchical.NodeTestTask.lambda$executeRecursively$8(NodeTestTask.java:141)
	at org.junit.platform.engine.support.hierarchical.Node.around(Node.java:137)
	at org.junit.platform.engine.support.hierarchical.NodeTestTask.lambda$executeRecursively$9(NodeTestTask.java:139)
	at org.junit.platform.engine.support.hierarchical.ThrowableCollector.execute(ThrowableCollector.java:73)
	at org.junit.platform.engine.support.hierarchical.NodeTestTask.executeRecursively(NodeTestTask.java:138)
	at org.junit.platform.engine.support.hierarchical.NodeTestTask.execute(NodeTestTask.java:95)
	at java.util.ArrayList.forEach(ArrayList.java:1259)
	at org.junit.platform.engine.support.hierarchical.SameThreadHierarchicalTestExecutorService.invokeAll(SameThreadHierarchicalTestExecutorService.java:41)
	at org.junit.platform.engine.support.hierarchical.NodeTestTask.lambda$executeRecursively$6(NodeTestTask.java:155)
	at org.junit.platform.engine.support.hierarchical.ThrowableCollector.execute(ThrowableCollector.java:73)
	at org.junit.platform.engine.support.hierarchical.NodeTestTask.lambda$executeRecursively$8(NodeTestTask.java:141)
	at org.junit.platform.engine.support.hierarchical.Node.around(Node.java:137)
	at org.junit.platform.engine.support.hierarchical.NodeTestTask.lambda$executeRecursively$9(NodeTestTask.java:139)
	at org.junit.platform.engine.support.hierarchical.ThrowableCollector.execute(ThrowableCollector.java:73)
	at org.junit.platform.engine.support.hierarchical.NodeTestTask.executeRecursively(NodeTestTask.java:138)
	at org.junit.platform.engine.support.hierarchical.NodeTestTask.execute(NodeTestTask.java:95)
	at org.junit.platform.engine.support.hierarchical.SameThreadHierarchicalTestExecutorService.submit(SameThreadHierarchicalTestExecutorService.java:35)
	at org.junit.platform.engine.support.hierarchical.HierarchicalTestExecutor.execute(HierarchicalTestExecutor.java:57)
	at org.junit.platform.engine.support.hierarchical.HierarchicalTestEngine.execute(HierarchicalTestEngine.java:54)
	at org.junit.platform.launcher.core.EngineExecutionOrchestrator.execute(EngineExecutionOrchestrator.java:107)
	at org.junit.platform.launcher.core.EngineExecutionOrchestrator.execute(EngineExecutionOrchestrator.java:88)
	at org.junit.platform.launcher.core.EngineExecutionOrchestrator.lambda$execute$0(EngineExecutionOrchestrator.java:54)
	at org.junit.platform.launcher.core.EngineExecutionOrchestrator.withInterceptedStreams(EngineExecutionOrchestrator.java:67)
	at org.junit.platform.launcher.core.EngineExecutionOrchestrator.execute(EngineExecutionOrchestrator.java:52)
	at org.junit.platform.launcher.core.DefaultLauncher.execute(DefaultLauncher.java:114)
	at org.junit.platform.launcher.core.DefaultLauncher.execute(DefaultLauncher.java:86)
	at org.junit.platform.launcher.core.DefaultLauncherSession$DelegatingLauncher.execute(DefaultLauncherSession.java:86)
	at org.junit.platform.launcher.core.SessionPerRequestLauncher.execute(SessionPerRequestLauncher.java:53)
	at org.apache.maven.surefire.junitplatform.JUnitPlatformProvider.execute(JUnitPlatformProvider.java:188)
	at org.apache.maven.surefire.junitplatform.JUnitPlatformProvider.invokeAllTests(JUnitPlatformProvider.java:154)
	at org.apache.maven.surefire.junitplatform.JUnitPlatformProvider.invoke(JUnitPlatformProvider.java:124)
	at org.apache.maven.surefire.booter.ForkedBooter.runSuitesInProcess(ForkedBooter.java:428)
	at org.apache.maven.surefire.booter.ForkedBooter.execute(ForkedBooter.java:162)
	at org.apache.maven.surefire.booter.ForkedBooter.run(ForkedBooter.java:562)
	at org.apache.maven.surefire.booter.ForkedBooter.main(ForkedBooter.java:548)
2023-06-27 18:42:11,263 [main] INFO  balancer.FindSourceGreedy (FindSourceGreedy.java:getNextCandidateSourceDataNode(126)) - no more candidate source data node
2023-06-27 18:42:11,263 [main] ERROR balancer.ContainerBalancerTask (ContainerBalancerTask.java:checkIterationMoveResults(623)) - Got exception while checkIterationMoveResults
java.util.concurrent.ExecutionException: java.lang.RuntimeException: Runtime Exception after doing work
	at java.util.concurrent.CompletableFuture.reportGet(CompletableFuture.java:357)
	at java.util.concurrent.CompletableFuture.get(CompletableFuture.java:1928)
	at org.apache.hadoop.hdds.scm.container.balancer.ContainerBalancerTask.checkIterationMoveResults(ContainerBalancerTask.java:613)
	at org.apache.hadoop.hdds.scm.container.balancer.ContainerBalancerTask.checkIterationResults(ContainerBalancerTask.java:600)
	at org.apache.hadoop.hdds.scm.container.balancer.ContainerBalancerTask.doIteration(ContainerBalancerTask.java:543)
	at org.apache.hadoop.hdds.scm.container.balancer.ContainerBalancerTask.balance(ContainerBalancerTask.java:257)
	at org.apache.hadoop.hdds.scm.container.balancer.ContainerBalancerTask.run(ContainerBalancerTask.java:179)
	at org.apache.hadoop.hdds.scm.container.balancer.TestContainerBalancerTask.startBalancer(TestContainerBalancerTask.java:1304)
	at org.apache.hadoop.hdds.scm.container.balancer.TestContainerBalancerTask.checkIterationResultException(TestContainerBalancerTask.java:1007)
	at sun.reflect.NativeMethodAccessorImpl.invoke0(Native Method)
	at sun.reflect.NativeMethodAccessorImpl.invoke(NativeMethodAccessorImpl.java:62)
	at sun.reflect.DelegatingMethodAccessorImpl.invoke(DelegatingMethodAccessorImpl.java:43)
	at java.lang.reflect.Method.invoke(Method.java:498)
	at org.junit.platform.commons.util.ReflectionUtils.invokeMethod(ReflectionUtils.java:725)
	at org.junit.jupiter.engine.execution.MethodInvocation.proceed(MethodInvocation.java:60)
	at org.junit.jupiter.engine.execution.InvocationInterceptorChain$ValidatingInvocation.proceed(InvocationInterceptorChain.java:131)
	at org.junit.jupiter.engine.extension.TimeoutExtension.intercept(TimeoutExtension.java:149)
	at org.junit.jupiter.engine.extension.TimeoutExtension.interceptTestableMethod(TimeoutExtension.java:140)
	at org.junit.jupiter.engine.extension.TimeoutExtension.interceptTestMethod(TimeoutExtension.java:84)
	at org.junit.jupiter.engine.execution.ExecutableInvoker$ReflectiveInterceptorCall.lambda$ofVoidMethod$0(ExecutableInvoker.java:115)
	at org.junit.jupiter.engine.execution.ExecutableInvoker.lambda$invoke$0(ExecutableInvoker.java:105)
	at org.junit.jupiter.engine.execution.InvocationInterceptorChain$InterceptedInvocation.proceed(InvocationInterceptorChain.java:106)
	at org.junit.jupiter.engine.execution.InvocationInterceptorChain.proceed(InvocationInterceptorChain.java:64)
	at org.junit.jupiter.engine.execution.InvocationInterceptorChain.chainAndInvoke(InvocationInterceptorChain.java:45)
	at org.junit.jupiter.engine.execution.InvocationInterceptorChain.invoke(InvocationInterceptorChain.java:37)
	at org.junit.jupiter.engine.execution.ExecutableInvoker.invoke(ExecutableInvoker.java:104)
	at org.junit.jupiter.engine.execution.ExecutableInvoker.invoke(ExecutableInvoker.java:98)
	at org.junit.jupiter.engine.descriptor.TestMethodTestDescriptor.lambda$invokeTestMethod$7(TestMethodTestDescriptor.java:214)
	at org.junit.platform.engine.support.hierarchical.ThrowableCollector.execute(ThrowableCollector.java:73)
	at org.junit.jupiter.engine.descriptor.TestMethodTestDescriptor.invokeTestMethod(TestMethodTestDescriptor.java:210)
	at org.junit.jupiter.engine.descriptor.TestMethodTestDescriptor.execute(TestMethodTestDescriptor.java:135)
	at org.junit.jupiter.engine.descriptor.TestMethodTestDescriptor.execute(TestMethodTestDescriptor.java:66)
	at org.junit.platform.engine.support.hierarchical.NodeTestTask.lambda$executeRecursively$6(NodeTestTask.java:151)
	at org.junit.platform.engine.support.hierarchical.ThrowableCollector.execute(ThrowableCollector.java:73)
	at org.junit.platform.engine.support.hierarchical.NodeTestTask.lambda$executeRecursively$8(NodeTestTask.java:141)
	at org.junit.platform.engine.support.hierarchical.Node.around(Node.java:137)
	at org.junit.platform.engine.support.hierarchical.NodeTestTask.lambda$executeRecursively$9(NodeTestTask.java:139)
	at org.junit.platform.engine.support.hierarchical.ThrowableCollector.execute(ThrowableCollector.java:73)
	at org.junit.platform.engine.support.hierarchical.NodeTestTask.executeRecursively(NodeTestTask.java:138)
	at org.junit.platform.engine.support.hierarchical.NodeTestTask.execute(NodeTestTask.java:95)
	at java.util.ArrayList.forEach(ArrayList.java:1259)
	at org.junit.platform.engine.support.hierarchical.SameThreadHierarchicalTestExecutorService.invokeAll(SameThreadHierarchicalTestExecutorService.java:41)
	at org.junit.platform.engine.support.hierarchical.NodeTestTask.lambda$executeRecursively$6(NodeTestTask.java:155)
	at org.junit.platform.engine.support.hierarchical.ThrowableCollector.execute(ThrowableCollector.java:73)
	at org.junit.platform.engine.support.hierarchical.NodeTestTask.lambda$executeRecursively$8(NodeTestTask.java:141)
	at org.junit.platform.engine.support.hierarchical.Node.around(Node.java:137)
	at org.junit.platform.engine.support.hierarchical.NodeTestTask.lambda$executeRecursively$9(NodeTestTask.java:139)
	at org.junit.platform.engine.support.hierarchical.ThrowableCollector.execute(ThrowableCollector.java:73)
	at org.junit.platform.engine.support.hierarchical.NodeTestTask.executeRecursively(NodeTestTask.java:138)
	at org.junit.platform.engine.support.hierarchical.NodeTestTask.execute(NodeTestTask.java:95)
	at java.util.ArrayList.forEach(ArrayList.java:1259)
	at org.junit.platform.engine.support.hierarchical.SameThreadHierarchicalTestExecutorService.invokeAll(SameThreadHierarchicalTestExecutorService.java:41)
	at org.junit.platform.engine.support.hierarchical.NodeTestTask.lambda$executeRecursively$6(NodeTestTask.java:155)
	at org.junit.platform.engine.support.hierarchical.ThrowableCollector.execute(ThrowableCollector.java:73)
	at org.junit.platform.engine.support.hierarchical.NodeTestTask.lambda$executeRecursively$8(NodeTestTask.java:141)
	at org.junit.platform.engine.support.hierarchical.Node.around(Node.java:137)
	at org.junit.platform.engine.support.hierarchical.NodeTestTask.lambda$executeRecursively$9(NodeTestTask.java:139)
	at org.junit.platform.engine.support.hierarchical.ThrowableCollector.execute(ThrowableCollector.java:73)
	at org.junit.platform.engine.support.hierarchical.NodeTestTask.executeRecursively(NodeTestTask.java:138)
	at org.junit.platform.engine.support.hierarchical.NodeTestTask.execute(NodeTestTask.java:95)
	at org.junit.platform.engine.support.hierarchical.SameThreadHierarchicalTestExecutorService.submit(SameThreadHierarchicalTestExecutorService.java:35)
	at org.junit.platform.engine.support.hierarchical.HierarchicalTestExecutor.execute(HierarchicalTestExecutor.java:57)
	at org.junit.platform.engine.support.hierarchical.HierarchicalTestEngine.execute(HierarchicalTestEngine.java:54)
	at org.junit.platform.launcher.core.EngineExecutionOrchestrator.execute(EngineExecutionOrchestrator.java:107)
	at org.junit.platform.launcher.core.EngineExecutionOrchestrator.execute(EngineExecutionOrchestrator.java:88)
	at org.junit.platform.launcher.core.EngineExecutionOrchestrator.lambda$execute$0(EngineExecutionOrchestrator.java:54)
	at org.junit.platform.launcher.core.EngineExecutionOrchestrator.withInterceptedStreams(EngineExecutionOrchestrator.java:67)
	at org.junit.platform.launcher.core.EngineExecutionOrchestrator.execute(EngineExecutionOrchestrator.java:52)
	at org.junit.platform.launcher.core.DefaultLauncher.execute(DefaultLauncher.java:114)
	at org.junit.platform.launcher.core.DefaultLauncher.execute(DefaultLauncher.java:86)
	at org.junit.platform.launcher.core.DefaultLauncherSession$DelegatingLauncher.execute(DefaultLauncherSession.java:86)
	at org.junit.platform.launcher.core.SessionPerRequestLauncher.execute(SessionPerRequestLauncher.java:53)
	at org.apache.maven.surefire.junitplatform.JUnitPlatformProvider.execute(JUnitPlatformProvider.java:188)
	at org.apache.maven.surefire.junitplatform.JUnitPlatformProvider.invokeAllTests(JUnitPlatformProvider.java:154)
	at org.apache.maven.surefire.junitplatform.JUnitPlatformProvider.invoke(JUnitPlatformProvider.java:124)
	at org.apache.maven.surefire.booter.ForkedBooter.runSuitesInProcess(ForkedBooter.java:428)
	at org.apache.maven.surefire.booter.ForkedBooter.execute(ForkedBooter.java:162)
	at org.apache.maven.surefire.booter.ForkedBooter.run(ForkedBooter.java:562)
	at org.apache.maven.surefire.booter.ForkedBooter.main(ForkedBooter.java:548)
Caused by: java.lang.RuntimeException: Runtime Exception after doing work
	at org.apache.hadoop.hdds.scm.container.balancer.TestContainerBalancerTask.lambda$checkIterationResultException$10(TestContainerBalancerTask.java:994)
	at java.util.concurrent.CompletableFuture$AsyncSupply.run(CompletableFuture.java:1604)
	at java.lang.Thread.run(Thread.java:750)
2023-06-27 18:42:11,264 [main] INFO  balancer.ContainerBalancerTask (ContainerBalancerTask.java:checkIterationMoveResults(640)) - Iteration Summary. Number of Datanodes involved: 2. Size moved: 0 B (0 Bytes). Number of Container moves completed: 0.
2023-06-27 18:42:11,264 [main] INFO  balancer.ContainerBalancerTask (ContainerBalancerTask.java:balance(259)) - Result of this iteration of Container Balancer: ITERATION_COMPLETED
2023-06-27 18:42:11,264 [main] INFO  balancer.ContainerBalancerTask (ContainerBalancerTask.java:tryStopWithSaveConfiguration(308)) - Save Configuration for stopping. Reason: Completed all iterations.
2023-06-27 18:42:11,266 [main] DEBUG balancer.ContainerBalancerTask (ContainerBalancerTask.java:initializeIteration(374)) - Average utilization of the cluster is 0.3753531643931592
2023-06-27 18:42:11,266 [main] DEBUG balancer.ContainerBalancerTask (ContainerBalancerTask.java:initializeIteration(386)) - Lower limit for utilization is 0.27535316439315916 and Upper limit for utilization is 0.4753531643931592
2023-06-27 18:42:11,266 [main] DEBUG balancer.ContainerBalancerTask (ContainerBalancerTask.java:initializeIteration(398)) - Utilization for node 09773d36-c272-4e1a-89e1-28276d51ae38 with capacity 65617555911B, used 59055800320B, and remaining 6561755591B is 0.900000000001524
2023-06-27 18:42:11,266 [main] DEBUG balancer.ContainerBalancerTask (ContainerBalancerTask.java:initializeIteration(398)) - Utilization for node 14ed1295-a307-4a76-8abc-4c934ab57dfa with capacity 63082332160B, used 50465865728B, and remaining 12616466432B is 0.8
2023-06-27 18:42:11,266 [main] DEBUG balancer.ContainerBalancerTask (ContainerBalancerTask.java:initializeIteration(398)) - Utilization for node 4b2e3a1c-5d27-44b8-bba1-629197bc5138 with capacity 78229761462B, used 54760833024B, and remaining 23468928438B is 0.7000000000076697
2023-06-27 18:42:11,266 [main] DEBUG balancer.ContainerBalancerTask (ContainerBalancerTask.java:initializeIteration(398)) - Utilization for node cbf585cb-6fa1-4808-8b63-a906a3a819cd with capacity 66214079146B, used 39728447488B, and remaining 26485631658B is 0.600000000006041
2023-06-27 18:42:11,266 [main] DEBUG balancer.ContainerBalancerTask (ContainerBalancerTask.java:initializeIteration(398)) - Utilization for node 54f6ef89-775a-4e00-812b-b20eafd07f1e with capacity 105226698752B, used 52613349376B, and remaining 52613349376B is 0.5
2023-06-27 18:42:11,266 [main] DEBUG balancer.ContainerBalancerTask (ContainerBalancerTask.java:initializeIteration(398)) - Utilization for node bba16783-2c78-4a1f-ae6b-067f6ef65a52 with capacity 118111600640B, used 47244640256B, and remaining 70866960384B is 0.4
2023-06-27 18:42:11,266 [main] DEBUG balancer.ContainerBalancerTask (ContainerBalancerTask.java:initializeIteration(398)) - Utilization for node 7168919d-655f-4dbd-ae0c-13024d3781f7 with capacity 178956970666B, used 53687091200B, and remaining 125269879466B is 0.3000000000011176
2023-06-27 18:42:11,267 [main] DEBUG balancer.ContainerBalancerTask (ContainerBalancerTask.java:initializeIteration(398)) - Utilization for node 29a0c5a1-2d0a-4afb-a3ec-755a917d7acc with capacity 112742891520B, used 22548578304B, and remaining 90194313216B is 0.2
2023-06-27 18:42:11,267 [main] DEBUG balancer.ContainerBalancerTask (ContainerBalancerTask.java:initializeIteration(398)) - Utilization for node 180eb2e0-e401-4c02-b3a4-7a4deb98d367 with capacity 257698037760B, used 25769803776B, and remaining 231928233984B is 0.1
2023-06-27 18:42:11,267 [main] DEBUG balancer.ContainerBalancerTask (ContainerBalancerTask.java:initializeIteration(398)) - Utilization for node 1faa6e81-a1cb-4ff1-84e6-29baf071a331 with capacity 35433480192B, used 0B, and remaining 35433480192B is 0.0
2023-06-27 18:42:11,267 [main] INFO  balancer.ContainerBalancerTask (ContainerBalancerTask.java:initializeIteration(447)) - Container Balancer has identified 5 Over-Utilized and 3 Under-Utilized Datanodes that need to be balanced.
2023-06-27 18:42:11,267 [main] DEBUG balancer.ContainerBalancerTask (ContainerBalancerTask.java:lambda$initializeIteration$1(453)) - Datanode localhost-13.22.149.249 09773d36-c272-4e1a-89e1-28276d51ae38 is Over-Utilized.
2023-06-27 18:42:11,267 [main] DEBUG balancer.ContainerBalancerTask (ContainerBalancerTask.java:lambda$initializeIteration$1(453)) - Datanode localhost-148.40.64.96 14ed1295-a307-4a76-8abc-4c934ab57dfa is Over-Utilized.
2023-06-27 18:42:11,267 [main] DEBUG balancer.ContainerBalancerTask (ContainerBalancerTask.java:lambda$initializeIteration$1(453)) - Datanode localhost-197.69.11.150 4b2e3a1c-5d27-44b8-bba1-629197bc5138 is Over-Utilized.
2023-06-27 18:42:11,267 [main] DEBUG balancer.ContainerBalancerTask (ContainerBalancerTask.java:lambda$initializeIteration$1(453)) - Datanode localhost-165.7.51.242 cbf585cb-6fa1-4808-8b63-a906a3a819cd is Over-Utilized.
2023-06-27 18:42:11,267 [main] DEBUG balancer.ContainerBalancerTask (ContainerBalancerTask.java:lambda$initializeIteration$1(453)) - Datanode localhost-246.177.185.219 54f6ef89-775a-4e00-812b-b20eafd07f1e is Over-Utilized.
2023-06-27 18:42:11,267 [main] DEBUG balancer.ContainerBalancerTask (ContainerBalancerTask.java:lambda$initializeIteration$2(459)) - Datanode localhost-106.246.205.6 1faa6e81-a1cb-4ff1-84e6-29baf071a331 is Under-Utilized.
2023-06-27 18:42:11,267 [main] DEBUG balancer.ContainerBalancerTask (ContainerBalancerTask.java:lambda$initializeIteration$2(459)) - Datanode localhost-180.231.100.192 180eb2e0-e401-4c02-b3a4-7a4deb98d367 is Under-Utilized.
2023-06-27 18:42:11,267 [main] DEBUG balancer.ContainerBalancerTask (ContainerBalancerTask.java:lambda$initializeIteration$2(459)) - Datanode localhost-161.212.230.5 29a0c5a1-2d0a-4afb-a3ec-755a917d7acc is Under-Utilized.
2023-06-27 18:42:11,271 [main] DEBUG balancer.ContainerBalancerTask (ContainerBalancerTask.java:matchSourceWithTarget(706)) - ContainerBalancer is finding suitable target for source datanode 09773d36-c272-4e1a-89e1-28276d51ae38
2023-06-27 18:42:11,271 [main] INFO  balancer.ContainerBalancerTask (ContainerBalancerTask.java:matchSourceWithTarget(720)) - ContainerBalancer matched source datanode 09773d36-c272-4e1a-89e1-28276d51ae38 with target datanode 1faa6e81-a1cb-4ff1-84e6-29baf071a331 for container move.
2023-06-27 18:42:11,271 [main] INFO  balancer.ContainerBalancerTask (ContainerBalancerTask.java:processMoveSelection(569)) - ContainerBalancer is trying to move container #85 with size 5368709120B from source datanode 09773d36-c272-4e1a-89e1-28276d51ae38 to target datanode 1faa6e81-a1cb-4ff1-84e6-29baf071a331
2023-06-27 18:42:11,274 [Thread-23] INFO  balancer.ContainerBalancerTask (ContainerBalancerTask.java:lambda$moveContainer$3(824)) - Container move for container #85 from source 09773d36-c272-4e1a-89e1-28276d51ae38 to target 1faa6e81-a1cb-4ff1-84e6-29baf071a331 failed with exceptions.
java.util.concurrent.CompletionException: java.lang.RuntimeException: Runtime Exception after doing work
	at java.util.concurrent.CompletableFuture.encodeThrowable(CompletableFuture.java:273)
	at java.util.concurrent.CompletableFuture.completeThrowable(CompletableFuture.java:280)
	at java.util.concurrent.CompletableFuture$AsyncSupply.run(CompletableFuture.java:1606)
	at java.lang.Thread.run(Thread.java:750)
Caused by: java.lang.RuntimeException: Runtime Exception after doing work
	at org.apache.hadoop.hdds.scm.container.balancer.TestContainerBalancerTask.lambda$checkIterationResultException$11(TestContainerBalancerTask.java:1028)
	at java.util.concurrent.CompletableFuture$AsyncSupply.run(CompletableFuture.java:1604)
	... 1 more
2023-06-27 18:42:11,275 [main] DEBUG balancer.ContainerBalancerTask (ContainerBalancerTask.java:matchSourceWithTarget(706)) - ContainerBalancer is finding suitable target for source datanode 09773d36-c272-4e1a-89e1-28276d51ae38
2023-06-27 18:42:11,275 [main] INFO  balancer.ContainerBalancerTask (ContainerBalancerTask.java:matchSourceWithTarget(720)) - ContainerBalancer matched source datanode 09773d36-c272-4e1a-89e1-28276d51ae38 with target datanode 180eb2e0-e401-4c02-b3a4-7a4deb98d367 for container move.
2023-06-27 18:42:11,275 [main] INFO  balancer.ContainerBalancerTask (ContainerBalancerTask.java:processMoveSelection(569)) - ContainerBalancer is trying to move container #53 with size 5368709120B from source datanode 09773d36-c272-4e1a-89e1-28276d51ae38 to target datanode 180eb2e0-e401-4c02-b3a4-7a4deb98d367
2023-06-27 18:42:11,275 [main] WARN  balancer.ContainerBalancerTask (ContainerBalancerTask.java:moveContainer(848)) - Could not find Container #53 for container move
org.apache.hadoop.hdds.scm.container.ContainerNotFoundException: Test Container not found
	at org.apache.hadoop.hdds.scm.container.balancer.MoveManager.move(MoveManager.java:212)
	at org.apache.hadoop.hdds.scm.container.balancer.ContainerBalancerTask.moveContainer(ContainerBalancerTask.java:817)
	at org.apache.hadoop.hdds.scm.container.balancer.ContainerBalancerTask.processMoveSelection(ContainerBalancerTask.java:576)
	at org.apache.hadoop.hdds.scm.container.balancer.ContainerBalancerTask.doIteration(ContainerBalancerTask.java:534)
	at org.apache.hadoop.hdds.scm.container.balancer.ContainerBalancerTask.balance(ContainerBalancerTask.java:257)
	at org.apache.hadoop.hdds.scm.container.balancer.ContainerBalancerTask.run(ContainerBalancerTask.java:179)
	at org.apache.hadoop.hdds.scm.container.balancer.TestContainerBalancerTask.startBalancer(TestContainerBalancerTask.java:1304)
	at org.apache.hadoop.hdds.scm.container.balancer.TestContainerBalancerTask.checkIterationResultException(TestContainerBalancerTask.java:1034)
	at sun.reflect.NativeMethodAccessorImpl.invoke0(Native Method)
	at sun.reflect.NativeMethodAccessorImpl.invoke(NativeMethodAccessorImpl.java:62)
	at sun.reflect.DelegatingMethodAccessorImpl.invoke(DelegatingMethodAccessorImpl.java:43)
	at java.lang.reflect.Method.invoke(Method.java:498)
	at org.junit.platform.commons.util.ReflectionUtils.invokeMethod(ReflectionUtils.java:725)
	at org.junit.jupiter.engine.execution.MethodInvocation.proceed(MethodInvocation.java:60)
	at org.junit.jupiter.engine.execution.InvocationInterceptorChain$ValidatingInvocation.proceed(InvocationInterceptorChain.java:131)
	at org.junit.jupiter.engine.extension.TimeoutExtension.intercept(TimeoutExtension.java:149)
	at org.junit.jupiter.engine.extension.TimeoutExtension.interceptTestableMethod(TimeoutExtension.java:140)
	at org.junit.jupiter.engine.extension.TimeoutExtension.interceptTestMethod(TimeoutExtension.java:84)
	at org.junit.jupiter.engine.execution.ExecutableInvoker$ReflectiveInterceptorCall.lambda$ofVoidMethod$0(ExecutableInvoker.java:115)
	at org.junit.jupiter.engine.execution.ExecutableInvoker.lambda$invoke$0(ExecutableInvoker.java:105)
	at org.junit.jupiter.engine.execution.InvocationInterceptorChain$InterceptedInvocation.proceed(InvocationInterceptorChain.java:106)
	at org.junit.jupiter.engine.execution.InvocationInterceptorChain.proceed(InvocationInterceptorChain.java:64)
	at org.junit.jupiter.engine.execution.InvocationInterceptorChain.chainAndInvoke(InvocationInterceptorChain.java:45)
	at org.junit.jupiter.engine.execution.InvocationInterceptorChain.invoke(InvocationInterceptorChain.java:37)
	at org.junit.jupiter.engine.execution.ExecutableInvoker.invoke(ExecutableInvoker.java:104)
	at org.junit.jupiter.engine.execution.ExecutableInvoker.invoke(ExecutableInvoker.java:98)
	at org.junit.jupiter.engine.descriptor.TestMethodTestDescriptor.lambda$invokeTestMethod$7(TestMethodTestDescriptor.java:214)
	at org.junit.platform.engine.support.hierarchical.ThrowableCollector.execute(ThrowableCollector.java:73)
	at org.junit.jupiter.engine.descriptor.TestMethodTestDescriptor.invokeTestMethod(TestMethodTestDescriptor.java:210)
	at org.junit.jupiter.engine.descriptor.TestMethodTestDescriptor.execute(TestMethodTestDescriptor.java:135)
	at org.junit.jupiter.engine.descriptor.TestMethodTestDescriptor.execute(TestMethodTestDescriptor.java:66)
	at org.junit.platform.engine.support.hierarchical.NodeTestTask.lambda$executeRecursively$6(NodeTestTask.java:151)
	at org.junit.platform.engine.support.hierarchical.ThrowableCollector.execute(ThrowableCollector.java:73)
	at org.junit.platform.engine.support.hierarchical.NodeTestTask.lambda$executeRecursively$8(NodeTestTask.java:141)
	at org.junit.platform.engine.support.hierarchical.Node.around(Node.java:137)
	at org.junit.platform.engine.support.hierarchical.NodeTestTask.lambda$executeRecursively$9(NodeTestTask.java:139)
	at org.junit.platform.engine.support.hierarchical.ThrowableCollector.execute(ThrowableCollector.java:73)
	at org.junit.platform.engine.support.hierarchical.NodeTestTask.executeRecursively(NodeTestTask.java:138)
	at org.junit.platform.engine.support.hierarchical.NodeTestTask.execute(NodeTestTask.java:95)
	at java.util.ArrayList.forEach(ArrayList.java:1259)
	at org.junit.platform.engine.support.hierarchical.SameThreadHierarchicalTestExecutorService.invokeAll(SameThreadHierarchicalTestExecutorService.java:41)
	at org.junit.platform.engine.support.hierarchical.NodeTestTask.lambda$executeRecursively$6(NodeTestTask.java:155)
	at org.junit.platform.engine.support.hierarchical.ThrowableCollector.execute(ThrowableCollector.java:73)
	at org.junit.platform.engine.support.hierarchical.NodeTestTask.lambda$executeRecursively$8(NodeTestTask.java:141)
	at org.junit.platform.engine.support.hierarchical.Node.around(Node.java:137)
	at org.junit.platform.engine.support.hierarchical.NodeTestTask.lambda$executeRecursively$9(NodeTestTask.java:139)
	at org.junit.platform.engine.support.hierarchical.ThrowableCollector.execute(ThrowableCollector.java:73)
	at org.junit.platform.engine.support.hierarchical.NodeTestTask.executeRecursively(NodeTestTask.java:138)
	at org.junit.platform.engine.support.hierarchical.NodeTestTask.execute(NodeTestTask.java:95)
	at java.util.ArrayList.forEach(ArrayList.java:1259)
	at org.junit.platform.engine.support.hierarchical.SameThreadHierarchicalTestExecutorService.invokeAll(SameThreadHierarchicalTestExecutorService.java:41)
	at org.junit.platform.engine.support.hierarchical.NodeTestTask.lambda$executeRecursively$6(NodeTestTask.java:155)
	at org.junit.platform.engine.support.hierarchical.ThrowableCollector.execute(ThrowableCollector.java:73)
	at org.junit.platform.engine.support.hierarchical.NodeTestTask.lambda$executeRecursively$8(NodeTestTask.java:141)
	at org.junit.platform.engine.support.hierarchical.Node.around(Node.java:137)
	at org.junit.platform.engine.support.hierarchical.NodeTestTask.lambda$executeRecursively$9(NodeTestTask.java:139)
	at org.junit.platform.engine.support.hierarchical.ThrowableCollector.execute(ThrowableCollector.java:73)
	at org.junit.platform.engine.support.hierarchical.NodeTestTask.executeRecursively(NodeTestTask.java:138)
	at org.junit.platform.engine.support.hierarchical.NodeTestTask.execute(NodeTestTask.java:95)
	at org.junit.platform.engine.support.hierarchical.SameThreadHierarchicalTestExecutorService.submit(SameThreadHierarchicalTestExecutorService.java:35)
	at org.junit.platform.engine.support.hierarchical.HierarchicalTestExecutor.execute(HierarchicalTestExecutor.java:57)
	at org.junit.platform.engine.support.hierarchical.HierarchicalTestEngine.execute(HierarchicalTestEngine.java:54)
	at org.junit.platform.launcher.core.EngineExecutionOrchestrator.execute(EngineExecutionOrchestrator.java:107)
	at org.junit.platform.launcher.core.EngineExecutionOrchestrator.execute(EngineExecutionOrchestrator.java:88)
	at org.junit.platform.launcher.core.EngineExecutionOrchestrator.lambda$execute$0(EngineExecutionOrchestrator.java:54)
	at org.junit.platform.launcher.core.EngineExecutionOrchestrator.withInterceptedStreams(EngineExecutionOrchestrator.java:67)
	at org.junit.platform.launcher.core.EngineExecutionOrchestrator.execute(EngineExecutionOrchestrator.java:52)
	at org.junit.platform.launcher.core.DefaultLauncher.execute(DefaultLauncher.java:114)
	at org.junit.platform.launcher.core.DefaultLauncher.execute(DefaultLauncher.java:86)
	at org.junit.platform.launcher.core.DefaultLauncherSession$DelegatingLauncher.execute(DefaultLauncherSession.java:86)
	at org.junit.platform.launcher.core.SessionPerRequestLauncher.execute(SessionPerRequestLauncher.java:53)
	at org.apache.maven.surefire.junitplatform.JUnitPlatformProvider.execute(JUnitPlatformProvider.java:188)
	at org.apache.maven.surefire.junitplatform.JUnitPlatformProvider.invokeAllTests(JUnitPlatformProvider.java:154)
	at org.apache.maven.surefire.junitplatform.JUnitPlatformProvider.invoke(JUnitPlatformProvider.java:124)
	at org.apache.maven.surefire.booter.ForkedBooter.runSuitesInProcess(ForkedBooter.java:428)
	at org.apache.maven.surefire.booter.ForkedBooter.execute(ForkedBooter.java:162)
	at org.apache.maven.surefire.booter.ForkedBooter.run(ForkedBooter.java:562)
	at org.apache.maven.surefire.booter.ForkedBooter.main(ForkedBooter.java:548)
2023-06-27 18:42:11,278 [main] DEBUG balancer.ContainerBalancerTask (ContainerBalancerTask.java:matchSourceWithTarget(706)) - ContainerBalancer is finding suitable target for source datanode 14ed1295-a307-4a76-8abc-4c934ab57dfa
2023-06-27 18:42:11,278 [main] INFO  balancer.ContainerBalancerTask (ContainerBalancerTask.java:matchSourceWithTarget(720)) - ContainerBalancer matched source datanode 14ed1295-a307-4a76-8abc-4c934ab57dfa with target datanode 180eb2e0-e401-4c02-b3a4-7a4deb98d367 for container move.
2023-06-27 18:42:11,279 [main] INFO  balancer.ContainerBalancerTask (ContainerBalancerTask.java:processMoveSelection(569)) - ContainerBalancer is trying to move container #68 with size 5368709120B from source datanode 14ed1295-a307-4a76-8abc-4c934ab57dfa to target datanode 180eb2e0-e401-4c02-b3a4-7a4deb98d367
2023-06-27 18:42:11,279 [main] INFO  balancer.ContainerBalancerTask (ContainerBalancerTask.java:lambda$moveContainer$3(824)) - Container move for container #68 from source 14ed1295-a307-4a76-8abc-4c934ab57dfa to target 180eb2e0-e401-4c02-b3a4-7a4deb98d367 failed with exceptions.
java.lang.RuntimeException: Runtime Exception
	at org.apache.hadoop.hdds.scm.container.balancer.TestContainerBalancerTask.checkIterationResultException(TestContainerBalancerTask.java:985)
	at sun.reflect.NativeMethodAccessorImpl.invoke0(Native Method)
	at sun.reflect.NativeMethodAccessorImpl.invoke(NativeMethodAccessorImpl.java:62)
	at sun.reflect.DelegatingMethodAccessorImpl.invoke(DelegatingMethodAccessorImpl.java:43)
	at java.lang.reflect.Method.invoke(Method.java:498)
	at org.junit.platform.commons.util.ReflectionUtils.invokeMethod(ReflectionUtils.java:725)
	at org.junit.jupiter.engine.execution.MethodInvocation.proceed(MethodInvocation.java:60)
	at org.junit.jupiter.engine.execution.InvocationInterceptorChain$ValidatingInvocation.proceed(InvocationInterceptorChain.java:131)
	at org.junit.jupiter.engine.extension.TimeoutExtension.intercept(TimeoutExtension.java:149)
	at org.junit.jupiter.engine.extension.TimeoutExtension.interceptTestableMethod(TimeoutExtension.java:140)
	at org.junit.jupiter.engine.extension.TimeoutExtension.interceptTestMethod(TimeoutExtension.java:84)
	at org.junit.jupiter.engine.execution.ExecutableInvoker$ReflectiveInterceptorCall.lambda$ofVoidMethod$0(ExecutableInvoker.java:115)
	at org.junit.jupiter.engine.execution.ExecutableInvoker.lambda$invoke$0(ExecutableInvoker.java:105)
	at org.junit.jupiter.engine.execution.InvocationInterceptorChain$InterceptedInvocation.proceed(InvocationInterceptorChain.java:106)
	at org.junit.jupiter.engine.execution.InvocationInterceptorChain.proceed(InvocationInterceptorChain.java:64)
	at org.junit.jupiter.engine.execution.InvocationInterceptorChain.chainAndInvoke(InvocationInterceptorChain.java:45)
	at org.junit.jupiter.engine.execution.InvocationInterceptorChain.invoke(InvocationInterceptorChain.java:37)
	at org.junit.jupiter.engine.execution.ExecutableInvoker.invoke(ExecutableInvoker.java:104)
	at org.junit.jupiter.engine.execution.ExecutableInvoker.invoke(ExecutableInvoker.java:98)
	at org.junit.jupiter.engine.descriptor.TestMethodTestDescriptor.lambda$invokeTestMethod$7(TestMethodTestDescriptor.java:214)
	at org.junit.platform.engine.support.hierarchical.ThrowableCollector.execute(ThrowableCollector.java:73)
	at org.junit.jupiter.engine.descriptor.TestMethodTestDescriptor.invokeTestMethod(TestMethodTestDescriptor.java:210)
	at org.junit.jupiter.engine.descriptor.TestMethodTestDescriptor.execute(TestMethodTestDescriptor.java:135)
	at org.junit.jupiter.engine.descriptor.TestMethodTestDescriptor.execute(TestMethodTestDescriptor.java:66)
	at org.junit.platform.engine.support.hierarchical.NodeTestTask.lambda$executeRecursively$6(NodeTestTask.java:151)
	at org.junit.platform.engine.support.hierarchical.ThrowableCollector.execute(ThrowableCollector.java:73)
	at org.junit.platform.engine.support.hierarchical.NodeTestTask.lambda$executeRecursively$8(NodeTestTask.java:141)
	at org.junit.platform.engine.support.hierarchical.Node.around(Node.java:137)
	at org.junit.platform.engine.support.hierarchical.NodeTestTask.lambda$executeRecursively$9(NodeTestTask.java:139)
	at org.junit.platform.engine.support.hierarchical.ThrowableCollector.execute(ThrowableCollector.java:73)
	at org.junit.platform.engine.support.hierarchical.NodeTestTask.executeRecursively(NodeTestTask.java:138)
	at org.junit.platform.engine.support.hierarchical.NodeTestTask.execute(NodeTestTask.java:95)
	at java.util.ArrayList.forEach(ArrayList.java:1259)
	at org.junit.platform.engine.support.hierarchical.SameThreadHierarchicalTestExecutorService.invokeAll(SameThreadHierarchicalTestExecutorService.java:41)
	at org.junit.platform.engine.support.hierarchical.NodeTestTask.lambda$executeRecursively$6(NodeTestTask.java:155)
	at org.junit.platform.engine.support.hierarchical.ThrowableCollector.execute(ThrowableCollector.java:73)
	at org.junit.platform.engine.support.hierarchical.NodeTestTask.lambda$executeRecursively$8(NodeTestTask.java:141)
	at org.junit.platform.engine.support.hierarchical.Node.around(Node.java:137)
	at org.junit.platform.engine.support.hierarchical.NodeTestTask.lambda$executeRecursively$9(NodeTestTask.java:139)
	at org.junit.platform.engine.support.hierarchical.ThrowableCollector.execute(ThrowableCollector.java:73)
	at org.junit.platform.engine.support.hierarchical.NodeTestTask.executeRecursively(NodeTestTask.java:138)
	at org.junit.platform.engine.support.hierarchical.NodeTestTask.execute(NodeTestTask.java:95)
	at java.util.ArrayList.forEach(ArrayList.java:1259)
	at org.junit.platform.engine.support.hierarchical.SameThreadHierarchicalTestExecutorService.invokeAll(SameThreadHierarchicalTestExecutorService.java:41)
	at org.junit.platform.engine.support.hierarchical.NodeTestTask.lambda$executeRecursively$6(NodeTestTask.java:155)
	at org.junit.platform.engine.support.hierarchical.ThrowableCollector.execute(ThrowableCollector.java:73)
	at org.junit.platform.engine.support.hierarchical.NodeTestTask.lambda$executeRecursively$8(NodeTestTask.java:141)
	at org.junit.platform.engine.support.hierarchical.Node.around(Node.java:137)
	at org.junit.platform.engine.support.hierarchical.NodeTestTask.lambda$executeRecursively$9(NodeTestTask.java:139)
	at org.junit.platform.engine.support.hierarchical.ThrowableCollector.execute(ThrowableCollector.java:73)
	at org.junit.platform.engine.support.hierarchical.NodeTestTask.executeRecursively(NodeTestTask.java:138)
	at org.junit.platform.engine.support.hierarchical.NodeTestTask.execute(NodeTestTask.java:95)
	at org.junit.platform.engine.support.hierarchical.SameThreadHierarchicalTestExecutorService.submit(SameThreadHierarchicalTestExecutorService.java:35)
	at org.junit.platform.engine.support.hierarchical.HierarchicalTestExecutor.execute(HierarchicalTestExecutor.java:57)
	at org.junit.platform.engine.support.hierarchical.HierarchicalTestEngine.execute(HierarchicalTestEngine.java:54)
	at org.junit.platform.launcher.core.EngineExecutionOrchestrator.execute(EngineExecutionOrchestrator.java:107)
	at org.junit.platform.launcher.core.EngineExecutionOrchestrator.execute(EngineExecutionOrchestrator.java:88)
	at org.junit.platform.launcher.core.EngineExecutionOrchestrator.lambda$execute$0(EngineExecutionOrchestrator.java:54)
	at org.junit.platform.launcher.core.EngineExecutionOrchestrator.withInterceptedStreams(EngineExecutionOrchestrator.java:67)
	at org.junit.platform.launcher.core.EngineExecutionOrchestrator.execute(EngineExecutionOrchestrator.java:52)
	at org.junit.platform.launcher.core.DefaultLauncher.execute(DefaultLauncher.java:114)
	at org.junit.platform.launcher.core.DefaultLauncher.execute(DefaultLauncher.java:86)
	at org.junit.platform.launcher.core.DefaultLauncherSession$DelegatingLauncher.execute(DefaultLauncherSession.java:86)
	at org.junit.platform.launcher.core.SessionPerRequestLauncher.execute(SessionPerRequestLauncher.java:53)
	at org.apache.maven.surefire.junitplatform.JUnitPlatformProvider.execute(JUnitPlatformProvider.java:188)
	at org.apache.maven.surefire.junitplatform.JUnitPlatformProvider.invokeAllTests(JUnitPlatformProvider.java:154)
	at org.apache.maven.surefire.junitplatform.JUnitPlatformProvider.invoke(JUnitPlatformProvider.java:124)
	at org.apache.maven.surefire.booter.ForkedBooter.runSuitesInProcess(ForkedBooter.java:428)
	at org.apache.maven.surefire.booter.ForkedBooter.execute(ForkedBooter.java:162)
	at org.apache.maven.surefire.booter.ForkedBooter.run(ForkedBooter.java:562)
	at org.apache.maven.surefire.booter.ForkedBooter.main(ForkedBooter.java:548)
2023-06-27 18:42:11,282 [main] DEBUG balancer.ContainerBalancerTask (ContainerBalancerTask.java:matchSourceWithTarget(706)) - ContainerBalancer is finding suitable target for source datanode 4b2e3a1c-5d27-44b8-bba1-629197bc5138
2023-06-27 18:42:11,282 [main] INFO  balancer.ContainerBalancerTask (ContainerBalancerTask.java:matchSourceWithTarget(720)) - ContainerBalancer matched source datanode 4b2e3a1c-5d27-44b8-bba1-629197bc5138 with target datanode 180eb2e0-e401-4c02-b3a4-7a4deb98d367 for container move.
2023-06-27 18:42:11,282 [main] INFO  balancer.ContainerBalancerTask (ContainerBalancerTask.java:processMoveSelection(569)) - ContainerBalancer is trying to move container #53 with size 5368709120B from source datanode 4b2e3a1c-5d27-44b8-bba1-629197bc5138 to target datanode 180eb2e0-e401-4c02-b3a4-7a4deb98d367
2023-06-27 18:42:11,282 [main] INFO  balancer.ContainerBalancerTask (ContainerBalancerTask.java:lambda$moveContainer$3(824)) - Container move for container #53 from source 4b2e3a1c-5d27-44b8-bba1-629197bc5138 to target 180eb2e0-e401-4c02-b3a4-7a4deb98d367 failed with exceptions.
java.lang.RuntimeException: Runtime Exception
	at org.apache.hadoop.hdds.scm.container.balancer.TestContainerBalancerTask.checkIterationResultException(TestContainerBalancerTask.java:985)
	at sun.reflect.NativeMethodAccessorImpl.invoke0(Native Method)
	at sun.reflect.NativeMethodAccessorImpl.invoke(NativeMethodAccessorImpl.java:62)
	at sun.reflect.DelegatingMethodAccessorImpl.invoke(DelegatingMethodAccessorImpl.java:43)
	at java.lang.reflect.Method.invoke(Method.java:498)
	at org.junit.platform.commons.util.ReflectionUtils.invokeMethod(ReflectionUtils.java:725)
	at org.junit.jupiter.engine.execution.MethodInvocation.proceed(MethodInvocation.java:60)
	at org.junit.jupiter.engine.execution.InvocationInterceptorChain$ValidatingInvocation.proceed(InvocationInterceptorChain.java:131)
	at org.junit.jupiter.engine.extension.TimeoutExtension.intercept(TimeoutExtension.java:149)
	at org.junit.jupiter.engine.extension.TimeoutExtension.interceptTestableMethod(TimeoutExtension.java:140)
	at org.junit.jupiter.engine.extension.TimeoutExtension.interceptTestMethod(TimeoutExtension.java:84)
	at org.junit.jupiter.engine.execution.ExecutableInvoker$ReflectiveInterceptorCall.lambda$ofVoidMethod$0(ExecutableInvoker.java:115)
	at org.junit.jupiter.engine.execution.ExecutableInvoker.lambda$invoke$0(ExecutableInvoker.java:105)
	at org.junit.jupiter.engine.execution.InvocationInterceptorChain$InterceptedInvocation.proceed(InvocationInterceptorChain.java:106)
	at org.junit.jupiter.engine.execution.InvocationInterceptorChain.proceed(InvocationInterceptorChain.java:64)
	at org.junit.jupiter.engine.execution.InvocationInterceptorChain.chainAndInvoke(InvocationInterceptorChain.java:45)
	at org.junit.jupiter.engine.execution.InvocationInterceptorChain.invoke(InvocationInterceptorChain.java:37)
	at org.junit.jupiter.engine.execution.ExecutableInvoker.invoke(ExecutableInvoker.java:104)
	at org.junit.jupiter.engine.execution.ExecutableInvoker.invoke(ExecutableInvoker.java:98)
	at org.junit.jupiter.engine.descriptor.TestMethodTestDescriptor.lambda$invokeTestMethod$7(TestMethodTestDescriptor.java:214)
	at org.junit.platform.engine.support.hierarchical.ThrowableCollector.execute(ThrowableCollector.java:73)
	at org.junit.jupiter.engine.descriptor.TestMethodTestDescriptor.invokeTestMethod(TestMethodTestDescriptor.java:210)
	at org.junit.jupiter.engine.descriptor.TestMethodTestDescriptor.execute(TestMethodTestDescriptor.java:135)
	at org.junit.jupiter.engine.descriptor.TestMethodTestDescriptor.execute(TestMethodTestDescriptor.java:66)
	at org.junit.platform.engine.support.hierarchical.NodeTestTask.lambda$executeRecursively$6(NodeTestTask.java:151)
	at org.junit.platform.engine.support.hierarchical.ThrowableCollector.execute(ThrowableCollector.java:73)
	at org.junit.platform.engine.support.hierarchical.NodeTestTask.lambda$executeRecursively$8(NodeTestTask.java:141)
	at org.junit.platform.engine.support.hierarchical.Node.around(Node.java:137)
	at org.junit.platform.engine.support.hierarchical.NodeTestTask.lambda$executeRecursively$9(NodeTestTask.java:139)
	at org.junit.platform.engine.support.hierarchical.ThrowableCollector.execute(ThrowableCollector.java:73)
	at org.junit.platform.engine.support.hierarchical.NodeTestTask.executeRecursively(NodeTestTask.java:138)
	at org.junit.platform.engine.support.hierarchical.NodeTestTask.execute(NodeTestTask.java:95)
	at java.util.ArrayList.forEach(ArrayList.java:1259)
	at org.junit.platform.engine.support.hierarchical.SameThreadHierarchicalTestExecutorService.invokeAll(SameThreadHierarchicalTestExecutorService.java:41)
	at org.junit.platform.engine.support.hierarchical.NodeTestTask.lambda$executeRecursively$6(NodeTestTask.java:155)
	at org.junit.platform.engine.support.hierarchical.ThrowableCollector.execute(ThrowableCollector.java:73)
	at org.junit.platform.engine.support.hierarchical.NodeTestTask.lambda$executeRecursively$8(NodeTestTask.java:141)
	at org.junit.platform.engine.support.hierarchical.Node.around(Node.java:137)
	at org.junit.platform.engine.support.hierarchical.NodeTestTask.lambda$executeRecursively$9(NodeTestTask.java:139)
	at org.junit.platform.engine.support.hierarchical.ThrowableCollector.execute(ThrowableCollector.java:73)
	at org.junit.platform.engine.support.hierarchical.NodeTestTask.executeRecursively(NodeTestTask.java:138)
	at org.junit.platform.engine.support.hierarchical.NodeTestTask.execute(NodeTestTask.java:95)
	at java.util.ArrayList.forEach(ArrayList.java:1259)
	at org.junit.platform.engine.support.hierarchical.SameThreadHierarchicalTestExecutorService.invokeAll(SameThreadHierarchicalTestExecutorService.java:41)
	at org.junit.platform.engine.support.hierarchical.NodeTestTask.lambda$executeRecursively$6(NodeTestTask.java:155)
	at org.junit.platform.engine.support.hierarchical.ThrowableCollector.execute(ThrowableCollector.java:73)
	at org.junit.platform.engine.support.hierarchical.NodeTestTask.lambda$executeRecursively$8(NodeTestTask.java:141)
	at org.junit.platform.engine.support.hierarchical.Node.around(Node.java:137)
	at org.junit.platform.engine.support.hierarchical.NodeTestTask.lambda$executeRecursively$9(NodeTestTask.java:139)
	at org.junit.platform.engine.support.hierarchical.ThrowableCollector.execute(ThrowableCollector.java:73)
	at org.junit.platform.engine.support.hierarchical.NodeTestTask.executeRecursively(NodeTestTask.java:138)
	at org.junit.platform.engine.support.hierarchical.NodeTestTask.execute(NodeTestTask.java:95)
	at org.junit.platform.engine.support.hierarchical.SameThreadHierarchicalTestExecutorService.submit(SameThreadHierarchicalTestExecutorService.java:35)
	at org.junit.platform.engine.support.hierarchical.HierarchicalTestExecutor.execute(HierarchicalTestExecutor.java:57)
	at org.junit.platform.engine.support.hierarchical.HierarchicalTestEngine.execute(HierarchicalTestEngine.java:54)
	at org.junit.platform.launcher.core.EngineExecutionOrchestrator.execute(EngineExecutionOrchestrator.java:107)
	at org.junit.platform.launcher.core.EngineExecutionOrchestrator.execute(EngineExecutionOrchestrator.java:88)
	at org.junit.platform.launcher.core.EngineExecutionOrchestrator.lambda$execute$0(EngineExecutionOrchestrator.java:54)
	at org.junit.platform.launcher.core.EngineExecutionOrchestrator.withInterceptedStreams(EngineExecutionOrchestrator.java:67)
	at org.junit.platform.launcher.core.EngineExecutionOrchestrator.execute(EngineExecutionOrchestrator.java:52)
	at org.junit.platform.launcher.core.DefaultLauncher.execute(DefaultLauncher.java:114)
	at org.junit.platform.launcher.core.DefaultLauncher.execute(DefaultLauncher.java:86)
	at org.junit.platform.launcher.core.DefaultLauncherSession$DelegatingLauncher.execute(DefaultLauncherSession.java:86)
	at org.junit.platform.launcher.core.SessionPerRequestLauncher.execute(SessionPerRequestLauncher.java:53)
	at org.apache.maven.surefire.junitplatform.JUnitPlatformProvider.execute(JUnitPlatformProvider.java:188)
	at org.apache.maven.surefire.junitplatform.JUnitPlatformProvider.invokeAllTests(JUnitPlatformProvider.java:154)
	at org.apache.maven.surefire.junitplatform.JUnitPlatformProvider.invoke(JUnitPlatformProvider.java:124)
	at org.apache.maven.surefire.booter.ForkedBooter.runSuitesInProcess(ForkedBooter.java:428)
	at org.apache.maven.surefire.booter.ForkedBooter.execute(ForkedBooter.java:162)
	at org.apache.maven.surefire.booter.ForkedBooter.run(ForkedBooter.java:562)
	at org.apache.maven.surefire.booter.ForkedBooter.main(ForkedBooter.java:548)
2023-06-27 18:42:11,285 [main] DEBUG balancer.ContainerBalancerTask (ContainerBalancerTask.java:matchSourceWithTarget(706)) - ContainerBalancer is finding suitable target for source datanode cbf585cb-6fa1-4808-8b63-a906a3a819cd
2023-06-27 18:42:11,285 [main] INFO  balancer.ContainerBalancerTask (ContainerBalancerTask.java:matchSourceWithTarget(720)) - ContainerBalancer matched source datanode cbf585cb-6fa1-4808-8b63-a906a3a819cd with target datanode 180eb2e0-e401-4c02-b3a4-7a4deb98d367 for container move.
2023-06-27 18:42:11,285 [main] INFO  balancer.ContainerBalancerTask (ContainerBalancerTask.java:processMoveSelection(569)) - ContainerBalancer is trying to move container #40 with size 5368709120B from source datanode cbf585cb-6fa1-4808-8b63-a906a3a819cd to target datanode 180eb2e0-e401-4c02-b3a4-7a4deb98d367
2023-06-27 18:42:11,285 [main] INFO  balancer.ContainerBalancerTask (ContainerBalancerTask.java:lambda$moveContainer$3(824)) - Container move for container #40 from source cbf585cb-6fa1-4808-8b63-a906a3a819cd to target 180eb2e0-e401-4c02-b3a4-7a4deb98d367 failed with exceptions.
java.lang.RuntimeException: Runtime Exception
	at org.apache.hadoop.hdds.scm.container.balancer.TestContainerBalancerTask.checkIterationResultException(TestContainerBalancerTask.java:985)
	at sun.reflect.NativeMethodAccessorImpl.invoke0(Native Method)
	at sun.reflect.NativeMethodAccessorImpl.invoke(NativeMethodAccessorImpl.java:62)
	at sun.reflect.DelegatingMethodAccessorImpl.invoke(DelegatingMethodAccessorImpl.java:43)
	at java.lang.reflect.Method.invoke(Method.java:498)
	at org.junit.platform.commons.util.ReflectionUtils.invokeMethod(ReflectionUtils.java:725)
	at org.junit.jupiter.engine.execution.MethodInvocation.proceed(MethodInvocation.java:60)
	at org.junit.jupiter.engine.execution.InvocationInterceptorChain$ValidatingInvocation.proceed(InvocationInterceptorChain.java:131)
	at org.junit.jupiter.engine.extension.TimeoutExtension.intercept(TimeoutExtension.java:149)
	at org.junit.jupiter.engine.extension.TimeoutExtension.interceptTestableMethod(TimeoutExtension.java:140)
	at org.junit.jupiter.engine.extension.TimeoutExtension.interceptTestMethod(TimeoutExtension.java:84)
	at org.junit.jupiter.engine.execution.ExecutableInvoker$ReflectiveInterceptorCall.lambda$ofVoidMethod$0(ExecutableInvoker.java:115)
	at org.junit.jupiter.engine.execution.ExecutableInvoker.lambda$invoke$0(ExecutableInvoker.java:105)
	at org.junit.jupiter.engine.execution.InvocationInterceptorChain$InterceptedInvocation.proceed(InvocationInterceptorChain.java:106)
	at org.junit.jupiter.engine.execution.InvocationInterceptorChain.proceed(InvocationInterceptorChain.java:64)
	at org.junit.jupiter.engine.execution.InvocationInterceptorChain.chainAndInvoke(InvocationInterceptorChain.java:45)
	at org.junit.jupiter.engine.execution.InvocationInterceptorChain.invoke(InvocationInterceptorChain.java:37)
	at org.junit.jupiter.engine.execution.ExecutableInvoker.invoke(ExecutableInvoker.java:104)
	at org.junit.jupiter.engine.execution.ExecutableInvoker.invoke(ExecutableInvoker.java:98)
	at org.junit.jupiter.engine.descriptor.TestMethodTestDescriptor.lambda$invokeTestMethod$7(TestMethodTestDescriptor.java:214)
	at org.junit.platform.engine.support.hierarchical.ThrowableCollector.execute(ThrowableCollector.java:73)
	at org.junit.jupiter.engine.descriptor.TestMethodTestDescriptor.invokeTestMethod(TestMethodTestDescriptor.java:210)
	at org.junit.jupiter.engine.descriptor.TestMethodTestDescriptor.execute(TestMethodTestDescriptor.java:135)
	at org.junit.jupiter.engine.descriptor.TestMethodTestDescriptor.execute(TestMethodTestDescriptor.java:66)
	at org.junit.platform.engine.support.hierarchical.NodeTestTask.lambda$executeRecursively$6(NodeTestTask.java:151)
	at org.junit.platform.engine.support.hierarchical.ThrowableCollector.execute(ThrowableCollector.java:73)
	at org.junit.platform.engine.support.hierarchical.NodeTestTask.lambda$executeRecursively$8(NodeTestTask.java:141)
	at org.junit.platform.engine.support.hierarchical.Node.around(Node.java:137)
	at org.junit.platform.engine.support.hierarchical.NodeTestTask.lambda$executeRecursively$9(NodeTestTask.java:139)
	at org.junit.platform.engine.support.hierarchical.ThrowableCollector.execute(ThrowableCollector.java:73)
	at org.junit.platform.engine.support.hierarchical.NodeTestTask.executeRecursively(NodeTestTask.java:138)
	at org.junit.platform.engine.support.hierarchical.NodeTestTask.execute(NodeTestTask.java:95)
	at java.util.ArrayList.forEach(ArrayList.java:1259)
	at org.junit.platform.engine.support.hierarchical.SameThreadHierarchicalTestExecutorService.invokeAll(SameThreadHierarchicalTestExecutorService.java:41)
	at org.junit.platform.engine.support.hierarchical.NodeTestTask.lambda$executeRecursively$6(NodeTestTask.java:155)
	at org.junit.platform.engine.support.hierarchical.ThrowableCollector.execute(ThrowableCollector.java:73)
	at org.junit.platform.engine.support.hierarchical.NodeTestTask.lambda$executeRecursively$8(NodeTestTask.java:141)
	at org.junit.platform.engine.support.hierarchical.Node.around(Node.java:137)
	at org.junit.platform.engine.support.hierarchical.NodeTestTask.lambda$executeRecursively$9(NodeTestTask.java:139)
	at org.junit.platform.engine.support.hierarchical.ThrowableCollector.execute(ThrowableCollector.java:73)
	at org.junit.platform.engine.support.hierarchical.NodeTestTask.executeRecursively(NodeTestTask.java:138)
	at org.junit.platform.engine.support.hierarchical.NodeTestTask.execute(NodeTestTask.java:95)
	at java.util.ArrayList.forEach(ArrayList.java:1259)
	at org.junit.platform.engine.support.hierarchical.SameThreadHierarchicalTestExecutorService.invokeAll(SameThreadHierarchicalTestExecutorService.java:41)
	at org.junit.platform.engine.support.hierarchical.NodeTestTask.lambda$executeRecursively$6(NodeTestTask.java:155)
	at org.junit.platform.engine.support.hierarchical.ThrowableCollector.execute(ThrowableCollector.java:73)
	at org.junit.platform.engine.support.hierarchical.NodeTestTask.lambda$executeRecursively$8(NodeTestTask.java:141)
	at org.junit.platform.engine.support.hierarchical.Node.around(Node.java:137)
	at org.junit.platform.engine.support.hierarchical.NodeTestTask.lambda$executeRecursively$9(NodeTestTask.java:139)
	at org.junit.platform.engine.support.hierarchical.ThrowableCollector.execute(ThrowableCollector.java:73)
	at org.junit.platform.engine.support.hierarchical.NodeTestTask.executeRecursively(NodeTestTask.java:138)
	at org.junit.platform.engine.support.hierarchical.NodeTestTask.execute(NodeTestTask.java:95)
	at org.junit.platform.engine.support.hierarchical.SameThreadHierarchicalTestExecutorService.submit(SameThreadHierarchicalTestExecutorService.java:35)
	at org.junit.platform.engine.support.hierarchical.HierarchicalTestExecutor.execute(HierarchicalTestExecutor.java:57)
	at org.junit.platform.engine.support.hierarchical.HierarchicalTestEngine.execute(HierarchicalTestEngine.java:54)
	at org.junit.platform.launcher.core.EngineExecutionOrchestrator.execute(EngineExecutionOrchestrator.java:107)
	at org.junit.platform.launcher.core.EngineExecutionOrchestrator.execute(EngineExecutionOrchestrator.java:88)
	at org.junit.platform.launcher.core.EngineExecutionOrchestrator.lambda$execute$0(EngineExecutionOrchestrator.java:54)
	at org.junit.platform.launcher.core.EngineExecutionOrchestrator.withInterceptedStreams(EngineExecutionOrchestrator.java:67)
	at org.junit.platform.launcher.core.EngineExecutionOrchestrator.execute(EngineExecutionOrchestrator.java:52)
	at org.junit.platform.launcher.core.DefaultLauncher.execute(DefaultLauncher.java:114)
	at org.junit.platform.launcher.core.DefaultLauncher.execute(DefaultLauncher.java:86)
	at org.junit.platform.launcher.core.DefaultLauncherSession$DelegatingLauncher.execute(DefaultLauncherSession.java:86)
	at org.junit.platform.launcher.core.SessionPerRequestLauncher.execute(SessionPerRequestLauncher.java:53)
	at org.apache.maven.surefire.junitplatform.JUnitPlatformProvider.execute(JUnitPlatformProvider.java:188)
	at org.apache.maven.surefire.junitplatform.JUnitPlatformProvider.invokeAllTests(JUnitPlatformProvider.java:154)
	at org.apache.maven.surefire.junitplatform.JUnitPlatformProvider.invoke(JUnitPlatformProvider.java:124)
	at org.apache.maven.surefire.booter.ForkedBooter.runSuitesInProcess(ForkedBooter.java:428)
	at org.apache.maven.surefire.booter.ForkedBooter.execute(ForkedBooter.java:162)
	at org.apache.maven.surefire.booter.ForkedBooter.run(ForkedBooter.java:562)
	at org.apache.maven.surefire.booter.ForkedBooter.main(ForkedBooter.java:548)
2023-06-27 18:42:11,288 [main] DEBUG balancer.ContainerBalancerTask (ContainerBalancerTask.java:matchSourceWithTarget(706)) - ContainerBalancer is finding suitable target for source datanode 54f6ef89-775a-4e00-812b-b20eafd07f1e
2023-06-27 18:42:11,288 [main] INFO  balancer.ContainerBalancerTask (ContainerBalancerTask.java:matchSourceWithTarget(720)) - ContainerBalancer matched source datanode 54f6ef89-775a-4e00-812b-b20eafd07f1e with target datanode 180eb2e0-e401-4c02-b3a4-7a4deb98d367 for container move.
2023-06-27 18:42:11,288 [main] INFO  balancer.ContainerBalancerTask (ContainerBalancerTask.java:processMoveSelection(569)) - ContainerBalancer is trying to move container #53 with size 5368709120B from source datanode 54f6ef89-775a-4e00-812b-b20eafd07f1e to target datanode 180eb2e0-e401-4c02-b3a4-7a4deb98d367
2023-06-27 18:42:11,289 [main] INFO  balancer.ContainerBalancerTask (ContainerBalancerTask.java:lambda$moveContainer$3(824)) - Container move for container #53 from source 54f6ef89-775a-4e00-812b-b20eafd07f1e to target 180eb2e0-e401-4c02-b3a4-7a4deb98d367 failed with exceptions.
java.lang.RuntimeException: Runtime Exception
	at org.apache.hadoop.hdds.scm.container.balancer.TestContainerBalancerTask.checkIterationResultException(TestContainerBalancerTask.java:985)
	at sun.reflect.NativeMethodAccessorImpl.invoke0(Native Method)
	at sun.reflect.NativeMethodAccessorImpl.invoke(NativeMethodAccessorImpl.java:62)
	at sun.reflect.DelegatingMethodAccessorImpl.invoke(DelegatingMethodAccessorImpl.java:43)
	at java.lang.reflect.Method.invoke(Method.java:498)
	at org.junit.platform.commons.util.ReflectionUtils.invokeMethod(ReflectionUtils.java:725)
	at org.junit.jupiter.engine.execution.MethodInvocation.proceed(MethodInvocation.java:60)
	at org.junit.jupiter.engine.execution.InvocationInterceptorChain$ValidatingInvocation.proceed(InvocationInterceptorChain.java:131)
	at org.junit.jupiter.engine.extension.TimeoutExtension.intercept(TimeoutExtension.java:149)
	at org.junit.jupiter.engine.extension.TimeoutExtension.interceptTestableMethod(TimeoutExtension.java:140)
	at org.junit.jupiter.engine.extension.TimeoutExtension.interceptTestMethod(TimeoutExtension.java:84)
	at org.junit.jupiter.engine.execution.ExecutableInvoker$ReflectiveInterceptorCall.lambda$ofVoidMethod$0(ExecutableInvoker.java:115)
	at org.junit.jupiter.engine.execution.ExecutableInvoker.lambda$invoke$0(ExecutableInvoker.java:105)
	at org.junit.jupiter.engine.execution.InvocationInterceptorChain$InterceptedInvocation.proceed(InvocationInterceptorChain.java:106)
	at org.junit.jupiter.engine.execution.InvocationInterceptorChain.proceed(InvocationInterceptorChain.java:64)
	at org.junit.jupiter.engine.execution.InvocationInterceptorChain.chainAndInvoke(InvocationInterceptorChain.java:45)
	at org.junit.jupiter.engine.execution.InvocationInterceptorChain.invoke(InvocationInterceptorChain.java:37)
	at org.junit.jupiter.engine.execution.ExecutableInvoker.invoke(ExecutableInvoker.java:104)
	at org.junit.jupiter.engine.execution.ExecutableInvoker.invoke(ExecutableInvoker.java:98)
	at org.junit.jupiter.engine.descriptor.TestMethodTestDescriptor.lambda$invokeTestMethod$7(TestMethodTestDescriptor.java:214)
	at org.junit.platform.engine.support.hierarchical.ThrowableCollector.execute(ThrowableCollector.java:73)
	at org.junit.jupiter.engine.descriptor.TestMethodTestDescriptor.invokeTestMethod(TestMethodTestDescriptor.java:210)
	at org.junit.jupiter.engine.descriptor.TestMethodTestDescriptor.execute(TestMethodTestDescriptor.java:135)
	at org.junit.jupiter.engine.descriptor.TestMethodTestDescriptor.execute(TestMethodTestDescriptor.java:66)
	at org.junit.platform.engine.support.hierarchical.NodeTestTask.lambda$executeRecursively$6(NodeTestTask.java:151)
	at org.junit.platform.engine.support.hierarchical.ThrowableCollector.execute(ThrowableCollector.java:73)
	at org.junit.platform.engine.support.hierarchical.NodeTestTask.lambda$executeRecursively$8(NodeTestTask.java:141)
	at org.junit.platform.engine.support.hierarchical.Node.around(Node.java:137)
	at org.junit.platform.engine.support.hierarchical.NodeTestTask.lambda$executeRecursively$9(NodeTestTask.java:139)
	at org.junit.platform.engine.support.hierarchical.ThrowableCollector.execute(ThrowableCollector.java:73)
	at org.junit.platform.engine.support.hierarchical.NodeTestTask.executeRecursively(NodeTestTask.java:138)
	at org.junit.platform.engine.support.hierarchical.NodeTestTask.execute(NodeTestTask.java:95)
	at java.util.ArrayList.forEach(ArrayList.java:1259)
	at org.junit.platform.engine.support.hierarchical.SameThreadHierarchicalTestExecutorService.invokeAll(SameThreadHierarchicalTestExecutorService.java:41)
	at org.junit.platform.engine.support.hierarchical.NodeTestTask.lambda$executeRecursively$6(NodeTestTask.java:155)
	at org.junit.platform.engine.support.hierarchical.ThrowableCollector.execute(ThrowableCollector.java:73)
	at org.junit.platform.engine.support.hierarchical.NodeTestTask.lambda$executeRecursively$8(NodeTestTask.java:141)
	at org.junit.platform.engine.support.hierarchical.Node.around(Node.java:137)
	at org.junit.platform.engine.support.hierarchical.NodeTestTask.lambda$executeRecursively$9(NodeTestTask.java:139)
	at org.junit.platform.engine.support.hierarchical.ThrowableCollector.execute(ThrowableCollector.java:73)
	at org.junit.platform.engine.support.hierarchical.NodeTestTask.executeRecursively(NodeTestTask.java:138)
	at org.junit.platform.engine.support.hierarchical.NodeTestTask.execute(NodeTestTask.java:95)
	at java.util.ArrayList.forEach(ArrayList.java:1259)
	at org.junit.platform.engine.support.hierarchical.SameThreadHierarchicalTestExecutorService.invokeAll(SameThreadHierarchicalTestExecutorService.java:41)
	at org.junit.platform.engine.support.hierarchical.NodeTestTask.lambda$executeRecursively$6(NodeTestTask.java:155)
	at org.junit.platform.engine.support.hierarchical.ThrowableCollector.execute(ThrowableCollector.java:73)
	at org.junit.platform.engine.support.hierarchical.NodeTestTask.lambda$executeRecursively$8(NodeTestTask.java:141)
	at org.junit.platform.engine.support.hierarchical.Node.around(Node.java:137)
	at org.junit.platform.engine.support.hierarchical.NodeTestTask.lambda$executeRecursively$9(NodeTestTask.java:139)
	at org.junit.platform.engine.support.hierarchical.ThrowableCollector.execute(ThrowableCollector.java:73)
	at org.junit.platform.engine.support.hierarchical.NodeTestTask.executeRecursively(NodeTestTask.java:138)
	at org.junit.platform.engine.support.hierarchical.NodeTestTask.execute(NodeTestTask.java:95)
	at org.junit.platform.engine.support.hierarchical.SameThreadHierarchicalTestExecutorService.submit(SameThreadHierarchicalTestExecutorService.java:35)
	at org.junit.platform.engine.support.hierarchical.HierarchicalTestExecutor.execute(HierarchicalTestExecutor.java:57)
	at org.junit.platform.engine.support.hierarchical.HierarchicalTestEngine.execute(HierarchicalTestEngine.java:54)
	at org.junit.platform.launcher.core.EngineExecutionOrchestrator.execute(EngineExecutionOrchestrator.java:107)
	at org.junit.platform.launcher.core.EngineExecutionOrchestrator.execute(EngineExecutionOrchestrator.java:88)
	at org.junit.platform.launcher.core.EngineExecutionOrchestrator.lambda$execute$0(EngineExecutionOrchestrator.java:54)
	at org.junit.platform.launcher.core.EngineExecutionOrchestrator.withInterceptedStreams(EngineExecutionOrchestrator.java:67)
	at org.junit.platform.launcher.core.EngineExecutionOrchestrator.execute(EngineExecutionOrchestrator.java:52)
	at org.junit.platform.launcher.core.DefaultLauncher.execute(DefaultLauncher.java:114)
	at org.junit.platform.launcher.core.DefaultLauncher.execute(DefaultLauncher.java:86)
	at org.junit.platform.launcher.core.DefaultLauncherSession$DelegatingLauncher.execute(DefaultLauncherSession.java:86)
	at org.junit.platform.launcher.core.SessionPerRequestLauncher.execute(SessionPerRequestLauncher.java:53)
	at org.apache.maven.surefire.junitplatform.JUnitPlatformProvider.execute(JUnitPlatformProvider.java:188)
	at org.apache.maven.surefire.junitplatform.JUnitPlatformProvider.invokeAllTests(JUnitPlatformProvider.java:154)
	at org.apache.maven.surefire.junitplatform.JUnitPlatformProvider.invoke(JUnitPlatformProvider.java:124)
	at org.apache.maven.surefire.booter.ForkedBooter.runSuitesInProcess(ForkedBooter.java:428)
	at org.apache.maven.surefire.booter.ForkedBooter.execute(ForkedBooter.java:162)
	at org.apache.maven.surefire.booter.ForkedBooter.run(ForkedBooter.java:562)
	at org.apache.maven.surefire.booter.ForkedBooter.main(ForkedBooter.java:548)
2023-06-27 18:42:11,289 [main] INFO  balancer.FindSourceGreedy (FindSourceGreedy.java:getNextCandidateSourceDataNode(126)) - no more candidate source data node
2023-06-27 18:42:11,289 [main] ERROR balancer.ContainerBalancerTask (ContainerBalancerTask.java:checkIterationMoveResults(623)) - Got exception while checkIterationMoveResults
java.util.concurrent.ExecutionException: java.lang.RuntimeException: Runtime Exception after doing work
	at java.util.concurrent.CompletableFuture.reportGet(CompletableFuture.java:357)
	at java.util.concurrent.CompletableFuture.get(CompletableFuture.java:1928)
	at org.apache.hadoop.hdds.scm.container.balancer.ContainerBalancerTask.checkIterationMoveResults(ContainerBalancerTask.java:613)
	at org.apache.hadoop.hdds.scm.container.balancer.ContainerBalancerTask.checkIterationResults(ContainerBalancerTask.java:600)
	at org.apache.hadoop.hdds.scm.container.balancer.ContainerBalancerTask.doIteration(ContainerBalancerTask.java:543)
	at org.apache.hadoop.hdds.scm.container.balancer.ContainerBalancerTask.balance(ContainerBalancerTask.java:257)
	at org.apache.hadoop.hdds.scm.container.balancer.ContainerBalancerTask.run(ContainerBalancerTask.java:179)
	at org.apache.hadoop.hdds.scm.container.balancer.TestContainerBalancerTask.startBalancer(TestContainerBalancerTask.java:1304)
	at org.apache.hadoop.hdds.scm.container.balancer.TestContainerBalancerTask.checkIterationResultException(TestContainerBalancerTask.java:1034)
	at sun.reflect.NativeMethodAccessorImpl.invoke0(Native Method)
	at sun.reflect.NativeMethodAccessorImpl.invoke(NativeMethodAccessorImpl.java:62)
	at sun.reflect.DelegatingMethodAccessorImpl.invoke(DelegatingMethodAccessorImpl.java:43)
	at java.lang.reflect.Method.invoke(Method.java:498)
	at org.junit.platform.commons.util.ReflectionUtils.invokeMethod(ReflectionUtils.java:725)
	at org.junit.jupiter.engine.execution.MethodInvocation.proceed(MethodInvocation.java:60)
	at org.junit.jupiter.engine.execution.InvocationInterceptorChain$ValidatingInvocation.proceed(InvocationInterceptorChain.java:131)
	at org.junit.jupiter.engine.extension.TimeoutExtension.intercept(TimeoutExtension.java:149)
	at org.junit.jupiter.engine.extension.TimeoutExtension.interceptTestableMethod(TimeoutExtension.java:140)
	at org.junit.jupiter.engine.extension.TimeoutExtension.interceptTestMethod(TimeoutExtension.java:84)
	at org.junit.jupiter.engine.execution.ExecutableInvoker$ReflectiveInterceptorCall.lambda$ofVoidMethod$0(ExecutableInvoker.java:115)
	at org.junit.jupiter.engine.execution.ExecutableInvoker.lambda$invoke$0(ExecutableInvoker.java:105)
	at org.junit.jupiter.engine.execution.InvocationInterceptorChain$InterceptedInvocation.proceed(InvocationInterceptorChain.java:106)
	at org.junit.jupiter.engine.execution.InvocationInterceptorChain.proceed(InvocationInterceptorChain.java:64)
	at org.junit.jupiter.engine.execution.InvocationInterceptorChain.chainAndInvoke(InvocationInterceptorChain.java:45)
	at org.junit.jupiter.engine.execution.InvocationInterceptorChain.invoke(InvocationInterceptorChain.java:37)
	at org.junit.jupiter.engine.execution.ExecutableInvoker.invoke(ExecutableInvoker.java:104)
	at org.junit.jupiter.engine.execution.ExecutableInvoker.invoke(ExecutableInvoker.java:98)
	at org.junit.jupiter.engine.descriptor.TestMethodTestDescriptor.lambda$invokeTestMethod$7(TestMethodTestDescriptor.java:214)
	at org.junit.platform.engine.support.hierarchical.ThrowableCollector.execute(ThrowableCollector.java:73)
	at org.junit.jupiter.engine.descriptor.TestMethodTestDescriptor.invokeTestMethod(TestMethodTestDescriptor.java:210)
	at org.junit.jupiter.engine.descriptor.TestMethodTestDescriptor.execute(TestMethodTestDescriptor.java:135)
	at org.junit.jupiter.engine.descriptor.TestMethodTestDescriptor.execute(TestMethodTestDescriptor.java:66)
	at org.junit.platform.engine.support.hierarchical.NodeTestTask.lambda$executeRecursively$6(NodeTestTask.java:151)
	at org.junit.platform.engine.support.hierarchical.ThrowableCollector.execute(ThrowableCollector.java:73)
	at org.junit.platform.engine.support.hierarchical.NodeTestTask.lambda$executeRecursively$8(NodeTestTask.java:141)
	at org.junit.platform.engine.support.hierarchical.Node.around(Node.java:137)
	at org.junit.platform.engine.support.hierarchical.NodeTestTask.lambda$executeRecursively$9(NodeTestTask.java:139)
	at org.junit.platform.engine.support.hierarchical.ThrowableCollector.execute(ThrowableCollector.java:73)
	at org.junit.platform.engine.support.hierarchical.NodeTestTask.executeRecursively(NodeTestTask.java:138)
	at org.junit.platform.engine.support.hierarchical.NodeTestTask.execute(NodeTestTask.java:95)
	at java.util.ArrayList.forEach(ArrayList.java:1259)
	at org.junit.platform.engine.support.hierarchical.SameThreadHierarchicalTestExecutorService.invokeAll(SameThreadHierarchicalTestExecutorService.java:41)
	at org.junit.platform.engine.support.hierarchical.NodeTestTask.lambda$executeRecursively$6(NodeTestTask.java:155)
	at org.junit.platform.engine.support.hierarchical.ThrowableCollector.execute(ThrowableCollector.java:73)
	at org.junit.platform.engine.support.hierarchical.NodeTestTask.lambda$executeRecursively$8(NodeTestTask.java:141)
	at org.junit.platform.engine.support.hierarchical.Node.around(Node.java:137)
	at org.junit.platform.engine.support.hierarchical.NodeTestTask.lambda$executeRecursively$9(NodeTestTask.java:139)
	at org.junit.platform.engine.support.hierarchical.ThrowableCollector.execute(ThrowableCollector.java:73)
	at org.junit.platform.engine.support.hierarchical.NodeTestTask.executeRecursively(NodeTestTask.java:138)
	at org.junit.platform.engine.support.hierarchical.NodeTestTask.execute(NodeTestTask.java:95)
	at java.util.ArrayList.forEach(ArrayList.java:1259)
	at org.junit.platform.engine.support.hierarchical.SameThreadHierarchicalTestExecutorService.invokeAll(SameThreadHierarchicalTestExecutorService.java:41)
	at org.junit.platform.engine.support.hierarchical.NodeTestTask.lambda$executeRecursively$6(NodeTestTask.java:155)
	at org.junit.platform.engine.support.hierarchical.ThrowableCollector.execute(ThrowableCollector.java:73)
	at org.junit.platform.engine.support.hierarchical.NodeTestTask.lambda$executeRecursively$8(NodeTestTask.java:141)
	at org.junit.platform.engine.support.hierarchical.Node.around(Node.java:137)
	at org.junit.platform.engine.support.hierarchical.NodeTestTask.lambda$executeRecursively$9(NodeTestTask.java:139)
	at org.junit.platform.engine.support.hierarchical.ThrowableCollector.execute(ThrowableCollector.java:73)
	at org.junit.platform.engine.support.hierarchical.NodeTestTask.executeRecursively(NodeTestTask.java:138)
	at org.junit.platform.engine.support.hierarchical.NodeTestTask.execute(NodeTestTask.java:95)
	at org.junit.platform.engine.support.hierarchical.SameThreadHierarchicalTestExecutorService.submit(SameThreadHierarchicalTestExecutorService.java:35)
	at org.junit.platform.engine.support.hierarchical.HierarchicalTestExecutor.execute(HierarchicalTestExecutor.java:57)
	at org.junit.platform.engine.support.hierarchical.HierarchicalTestEngine.execute(HierarchicalTestEngine.java:54)
	at org.junit.platform.launcher.core.EngineExecutionOrchestrator.execute(EngineExecutionOrchestrator.java:107)
	at org.junit.platform.launcher.core.EngineExecutionOrchestrator.execute(EngineExecutionOrchestrator.java:88)
	at org.junit.platform.launcher.core.EngineExecutionOrchestrator.lambda$execute$0(EngineExecutionOrchestrator.java:54)
	at org.junit.platform.launcher.core.EngineExecutionOrchestrator.withInterceptedStreams(EngineExecutionOrchestrator.java:67)
	at org.junit.platform.launcher.core.EngineExecutionOrchestrator.execute(EngineExecutionOrchestrator.java:52)
	at org.junit.platform.launcher.core.DefaultLauncher.execute(DefaultLauncher.java:114)
	at org.junit.platform.launcher.core.DefaultLauncher.execute(DefaultLauncher.java:86)
	at org.junit.platform.launcher.core.DefaultLauncherSession$DelegatingLauncher.execute(DefaultLauncherSession.java:86)
	at org.junit.platform.launcher.core.SessionPerRequestLauncher.execute(SessionPerRequestLauncher.java:53)
	at org.apache.maven.surefire.junitplatform.JUnitPlatformProvider.execute(JUnitPlatformProvider.java:188)
	at org.apache.maven.surefire.junitplatform.JUnitPlatformProvider.invokeAllTests(JUnitPlatformProvider.java:154)
	at org.apache.maven.surefire.junitplatform.JUnitPlatformProvider.invoke(JUnitPlatformProvider.java:124)
	at org.apache.maven.surefire.booter.ForkedBooter.runSuitesInProcess(ForkedBooter.java:428)
	at org.apache.maven.surefire.booter.ForkedBooter.execute(ForkedBooter.java:162)
	at org.apache.maven.surefire.booter.ForkedBooter.run(ForkedBooter.java:562)
	at org.apache.maven.surefire.booter.ForkedBooter.main(ForkedBooter.java:548)
Caused by: java.lang.RuntimeException: Runtime Exception after doing work
	at org.apache.hadoop.hdds.scm.container.balancer.TestContainerBalancerTask.lambda$checkIterationResultException$11(TestContainerBalancerTask.java:1028)
	at java.util.concurrent.CompletableFuture$AsyncSupply.run(CompletableFuture.java:1604)
	at java.lang.Thread.run(Thread.java:750)
2023-06-27 18:42:11,290 [main] INFO  balancer.ContainerBalancerTask (ContainerBalancerTask.java:checkIterationMoveResults(640)) - Iteration Summary. Number of Datanodes involved: 2. Size moved: 0 B (0 Bytes). Number of Container moves completed: 0.
2023-06-27 18:42:11,290 [main] INFO  balancer.ContainerBalancerTask (ContainerBalancerTask.java:balance(259)) - Result of this iteration of Container Balancer: ITERATION_COMPLETED
2023-06-27 18:42:11,290 [main] INFO  balancer.ContainerBalancerTask (ContainerBalancerTask.java:tryStopWithSaveConfiguration(308)) - Save Configuration for stopping. Reason: Completed all iterations.
]]></system-out>
  </testcase>
  <testcase name="balancerShouldObeyMaxSizeLeavingSourceLimit" classname="org.apache.hadoop.hdds.scm.container.balancer.TestContainerBalancerTask" time="0.277">
    <system-out><![CDATA[2023-06-27 18:42:11,314 [main] INFO  net.NodeSchemaLoader (NodeSchemaLoader.java:loadSchemaFromFile(129)) - Loading schema from [file:/home/runner/work/ozone/ozone/hadoop-hdds/common/target/classes/network-topology-default.xml]
2023-06-27 18:42:11,314 [main] INFO  net.NodeSchemaLoader (NodeSchemaLoader.java:loadSchema(176)) - Loading network topology layer schema file
2023-06-27 18:42:11,316 [main] INFO  net.NetworkTopologyImpl (NetworkTopologyImpl.java:add(112)) - Added a new node: /default-rack/95822305-c0a7-4ead-8647-0c2766a0adcd
2023-06-27 18:42:11,316 [main] INFO  net.NetworkTopologyImpl (NetworkTopologyImpl.java:add(112)) - Added a new node: /default-rack/3a060d53-33fa-4d4b-9c47-3045f6820ec6
2023-06-27 18:42:11,316 [main] INFO  net.NetworkTopologyImpl (NetworkTopologyImpl.java:add(112)) - Added a new node: /default-rack/40dffd9e-94d9-429b-958d-dfe35a11c0ef
2023-06-27 18:42:11,316 [main] INFO  net.NetworkTopologyImpl (NetworkTopologyImpl.java:add(112)) - Added a new node: /default-rack/d41609ce-d363-4c81-bc63-10facc55d693
2023-06-27 18:42:11,316 [main] INFO  net.NetworkTopologyImpl (NetworkTopologyImpl.java:add(112)) - Added a new node: /default-rack/c92c85f6-4c01-48bb-8684-78153f17c621
2023-06-27 18:42:11,317 [main] INFO  net.NetworkTopologyImpl (NetworkTopologyImpl.java:add(112)) - Added a new node: /default-rack/bd7fd17c-1ffa-4e43-8fb0-ed60e77617d0
2023-06-27 18:42:11,317 [main] INFO  net.NetworkTopologyImpl (NetworkTopologyImpl.java:add(112)) - Added a new node: /default-rack/dd0ad481-3335-4c51-a60a-e9cd97c09a74
2023-06-27 18:42:11,317 [main] INFO  net.NetworkTopologyImpl (NetworkTopologyImpl.java:add(112)) - Added a new node: /default-rack/57857078-48d3-475e-aa0a-d2dcfa5ef735
2023-06-27 18:42:11,317 [main] INFO  net.NetworkTopologyImpl (NetworkTopologyImpl.java:add(112)) - Added a new node: /default-rack/60d7442b-168c-4742-875d-c3f8b4568bfc
2023-06-27 18:42:11,317 [main] INFO  net.NetworkTopologyImpl (NetworkTopologyImpl.java:add(112)) - Added a new node: /default-rack/bf2e8350-41d6-47e7-ab81-46ef748c1052
2023-06-27 18:42:11,317 [main] INFO  algorithms.ContainerPlacementPolicyFactory (ContainerPlacementPolicyFactory.java:getPolicyInternal(86)) - Create container placement policy of type org.apache.hadoop.hdds.scm.container.placement.algorithms.SCMContainerPlacementRackAware
2023-06-27 18:42:11,317 [main] INFO  algorithms.ContainerPlacementPolicyFactory (ContainerPlacementPolicyFactory.java:getPolicyInternal(86)) - Create container placement policy of type org.apache.hadoop.hdds.scm.container.placement.algorithms.SCMContainerPlacementRackScatter
2023-06-27 18:42:11,320 [main] DEBUG balancer.ContainerBalancerTask (ContainerBalancerTask.java:initializeIteration(374)) - Average utilization of the cluster is 0.3319255896112689
2023-06-27 18:42:11,321 [main] DEBUG balancer.ContainerBalancerTask (ContainerBalancerTask.java:initializeIteration(386)) - Lower limit for utilization is 0.23192558961126888 and Upper limit for utilization is 0.4319255896112689
2023-06-27 18:42:11,321 [main] DEBUG balancer.ContainerBalancerTask (ContainerBalancerTask.java:initializeIteration(398)) - Utilization for node dd0ad481-3335-4c51-a60a-e9cd97c09a74 with capacity 50107951786B, used 45097156608B, and remaining 5010795178B is 0.9000000000119741
2023-06-27 18:42:11,321 [main] DEBUG balancer.ContainerBalancerTask (ContainerBalancerTask.java:initializeIteration(398)) - Utilization for node d41609ce-d363-4c81-bc63-10facc55d693 with capacity 55029268480B, used 44023414784B, and remaining 11005853696B is 0.8
2023-06-27 18:42:11,321 [main] DEBUG balancer.ContainerBalancerTask (ContainerBalancerTask.java:initializeIteration(398)) - Utilization for node 60d7442b-168c-4742-875d-c3f8b4568bfc with capacity 67492343222B, used 47244640256B, and remaining 20247702966B is 0.7000000000088898
2023-06-27 18:42:11,321 [main] DEBUG balancer.ContainerBalancerTask (ContainerBalancerTask.java:initializeIteration(398)) - Utilization for node 57857078-48d3-475e-aa0a-d2dcfa5ef735 with capacity 78741067093B, used 47244640256B, and remaining 31496426837B is 0.60000000000254
2023-06-27 18:42:11,321 [main] DEBUG balancer.ContainerBalancerTask (ContainerBalancerTask.java:initializeIteration(398)) - Utilization for node 40dffd9e-94d9-429b-958d-dfe35a11c0ef with capacity 100931731456B, used 50465865728B, and remaining 50465865728B is 0.5
2023-06-27 18:42:11,321 [main] DEBUG balancer.ContainerBalancerTask (ContainerBalancerTask.java:initializeIteration(398)) - Utilization for node c92c85f6-4c01-48bb-8684-78153f17c621 with capacity 107374182400B, used 42949672960B, and remaining 64424509440B is 0.4
2023-06-27 18:42:11,321 [main] DEBUG balancer.ContainerBalancerTask (ContainerBalancerTask.java:initializeIteration(398)) - Utilization for node bd7fd17c-1ffa-4e43-8fb0-ed60e77617d0 with capacity 100215903573B, used 30064771072B, and remaining 70151132501B is 0.30000000000099786
2023-06-27 18:42:11,321 [main] DEBUG balancer.ContainerBalancerTask (ContainerBalancerTask.java:initializeIteration(398)) - Utilization for node bf2e8350-41d6-47e7-ab81-46ef748c1052 with capacity 155692564480B, used 31138512896B, and remaining 124554051584B is 0.2
2023-06-27 18:42:11,321 [main] DEBUG balancer.ContainerBalancerTask (ContainerBalancerTask.java:initializeIteration(398)) - Utilization for node 3a060d53-33fa-4d4b-9c47-3045f6820ec6 with capacity 365072220160B, used 36507222016B, and remaining 328564998144B is 0.1
2023-06-27 18:42:11,321 [main] DEBUG balancer.ContainerBalancerTask (ContainerBalancerTask.java:initializeIteration(398)) - Utilization for node 95822305-c0a7-4ead-8647-0c2766a0adcd with capacity 48318382080B, used 0B, and remaining 48318382080B is 0.0
2023-06-27 18:42:11,322 [main] INFO  balancer.ContainerBalancerTask (ContainerBalancerTask.java:initializeIteration(447)) - Container Balancer has identified 5 Over-Utilized and 3 Under-Utilized Datanodes that need to be balanced.
2023-06-27 18:42:11,322 [main] DEBUG balancer.ContainerBalancerTask (ContainerBalancerTask.java:lambda$initializeIteration$1(453)) - Datanode localhost-224.133.193.183 dd0ad481-3335-4c51-a60a-e9cd97c09a74 is Over-Utilized.
2023-06-27 18:42:11,322 [main] DEBUG balancer.ContainerBalancerTask (ContainerBalancerTask.java:lambda$initializeIteration$1(453)) - Datanode localhost-83.85.207.219 d41609ce-d363-4c81-bc63-10facc55d693 is Over-Utilized.
2023-06-27 18:42:11,322 [main] DEBUG balancer.ContainerBalancerTask (ContainerBalancerTask.java:lambda$initializeIteration$1(453)) - Datanode localhost-211.122.118.18 60d7442b-168c-4742-875d-c3f8b4568bfc is Over-Utilized.
2023-06-27 18:42:11,322 [main] DEBUG balancer.ContainerBalancerTask (ContainerBalancerTask.java:lambda$initializeIteration$1(453)) - Datanode localhost-238.29.223.20 57857078-48d3-475e-aa0a-d2dcfa5ef735 is Over-Utilized.
2023-06-27 18:42:11,322 [main] DEBUG balancer.ContainerBalancerTask (ContainerBalancerTask.java:lambda$initializeIteration$1(453)) - Datanode localhost-179.133.33.20 40dffd9e-94d9-429b-958d-dfe35a11c0ef is Over-Utilized.
2023-06-27 18:42:11,322 [main] DEBUG balancer.ContainerBalancerTask (ContainerBalancerTask.java:lambda$initializeIteration$2(459)) - Datanode localhost-161.182.156.58 95822305-c0a7-4ead-8647-0c2766a0adcd is Under-Utilized.
2023-06-27 18:42:11,322 [main] DEBUG balancer.ContainerBalancerTask (ContainerBalancerTask.java:lambda$initializeIteration$2(459)) - Datanode localhost-31.76.194.121 3a060d53-33fa-4d4b-9c47-3045f6820ec6 is Under-Utilized.
2023-06-27 18:42:11,322 [main] DEBUG balancer.ContainerBalancerTask (ContainerBalancerTask.java:lambda$initializeIteration$2(459)) - Datanode localhost-233.213.143.62 bf2e8350-41d6-47e7-ab81-46ef748c1052 is Under-Utilized.
2023-06-27 18:42:11,324 [main] DEBUG balancer.ContainerBalancerTask (ContainerBalancerTask.java:matchSourceWithTarget(699)) - ContainerBalancer could not find any candidate containers for datanode dd0ad481-3335-4c51-a60a-e9cd97c09a74
2023-06-27 18:42:11,327 [main] DEBUG balancer.ContainerBalancerTask (ContainerBalancerTask.java:matchSourceWithTarget(699)) - ContainerBalancer could not find any candidate containers for datanode d41609ce-d363-4c81-bc63-10facc55d693
2023-06-27 18:42:11,329 [main] DEBUG balancer.ContainerBalancerTask (ContainerBalancerTask.java:matchSourceWithTarget(699)) - ContainerBalancer could not find any candidate containers for datanode 60d7442b-168c-4742-875d-c3f8b4568bfc
2023-06-27 18:42:11,332 [main] DEBUG balancer.ContainerBalancerTask (ContainerBalancerTask.java:matchSourceWithTarget(699)) - ContainerBalancer could not find any candidate containers for datanode 57857078-48d3-475e-aa0a-d2dcfa5ef735
2023-06-27 18:42:11,334 [main] DEBUG balancer.ContainerBalancerTask (ContainerBalancerTask.java:matchSourceWithTarget(699)) - ContainerBalancer could not find any candidate containers for datanode 40dffd9e-94d9-429b-958d-dfe35a11c0ef
2023-06-27 18:42:11,335 [main] INFO  balancer.FindSourceGreedy (FindSourceGreedy.java:getNextCandidateSourceDataNode(126)) - no more candidate source data node
2023-06-27 18:42:11,335 [main] INFO  balancer.ContainerBalancerTask (ContainerBalancerTask.java:balance(259)) - Result of this iteration of Container Balancer: CAN_NOT_BALANCE_ANY_MORE
2023-06-27 18:42:11,335 [main] INFO  balancer.ContainerBalancerTask (ContainerBalancerTask.java:tryStopWithSaveConfiguration(308)) - Save Configuration for stopping. Reason: CAN_NOT_BALANCE_ANY_MORE
2023-06-27 18:42:11,354 [main] DEBUG balancer.ContainerBalancerTask (ContainerBalancerTask.java:initializeIteration(374)) - Average utilization of the cluster is 0.3319255896112689
2023-06-27 18:42:11,354 [main] DEBUG balancer.ContainerBalancerTask (ContainerBalancerTask.java:initializeIteration(386)) - Lower limit for utilization is 0.23192558961126888 and Upper limit for utilization is 0.4319255896112689
2023-06-27 18:42:11,354 [main] DEBUG balancer.ContainerBalancerTask (ContainerBalancerTask.java:initializeIteration(398)) - Utilization for node dd0ad481-3335-4c51-a60a-e9cd97c09a74 with capacity 50107951786B, used 45097156608B, and remaining 5010795178B is 0.9000000000119741
2023-06-27 18:42:11,354 [main] DEBUG balancer.ContainerBalancerTask (ContainerBalancerTask.java:initializeIteration(398)) - Utilization for node d41609ce-d363-4c81-bc63-10facc55d693 with capacity 55029268480B, used 44023414784B, and remaining 11005853696B is 0.8
2023-06-27 18:42:11,354 [main] DEBUG balancer.ContainerBalancerTask (ContainerBalancerTask.java:initializeIteration(398)) - Utilization for node 60d7442b-168c-4742-875d-c3f8b4568bfc with capacity 67492343222B, used 47244640256B, and remaining 20247702966B is 0.7000000000088898
2023-06-27 18:42:11,354 [main] DEBUG balancer.ContainerBalancerTask (ContainerBalancerTask.java:initializeIteration(398)) - Utilization for node 57857078-48d3-475e-aa0a-d2dcfa5ef735 with capacity 78741067093B, used 47244640256B, and remaining 31496426837B is 0.60000000000254
2023-06-27 18:42:11,354 [main] DEBUG balancer.ContainerBalancerTask (ContainerBalancerTask.java:initializeIteration(398)) - Utilization for node 40dffd9e-94d9-429b-958d-dfe35a11c0ef with capacity 100931731456B, used 50465865728B, and remaining 50465865728B is 0.5
2023-06-27 18:42:11,354 [main] DEBUG balancer.ContainerBalancerTask (ContainerBalancerTask.java:initializeIteration(398)) - Utilization for node c92c85f6-4c01-48bb-8684-78153f17c621 with capacity 107374182400B, used 42949672960B, and remaining 64424509440B is 0.4
2023-06-27 18:42:11,354 [main] DEBUG balancer.ContainerBalancerTask (ContainerBalancerTask.java:initializeIteration(398)) - Utilization for node bd7fd17c-1ffa-4e43-8fb0-ed60e77617d0 with capacity 100215903573B, used 30064771072B, and remaining 70151132501B is 0.30000000000099786
2023-06-27 18:42:11,354 [main] DEBUG balancer.ContainerBalancerTask (ContainerBalancerTask.java:initializeIteration(398)) - Utilization for node bf2e8350-41d6-47e7-ab81-46ef748c1052 with capacity 155692564480B, used 31138512896B, and remaining 124554051584B is 0.2
2023-06-27 18:42:11,355 [main] DEBUG balancer.ContainerBalancerTask (ContainerBalancerTask.java:initializeIteration(398)) - Utilization for node 3a060d53-33fa-4d4b-9c47-3045f6820ec6 with capacity 365072220160B, used 36507222016B, and remaining 328564998144B is 0.1
2023-06-27 18:42:11,355 [main] DEBUG balancer.ContainerBalancerTask (ContainerBalancerTask.java:initializeIteration(398)) - Utilization for node 95822305-c0a7-4ead-8647-0c2766a0adcd with capacity 48318382080B, used 0B, and remaining 48318382080B is 0.0
2023-06-27 18:42:11,355 [main] INFO  balancer.ContainerBalancerTask (ContainerBalancerTask.java:initializeIteration(447)) - Container Balancer has identified 5 Over-Utilized and 3 Under-Utilized Datanodes that need to be balanced.
2023-06-27 18:42:11,355 [main] DEBUG balancer.ContainerBalancerTask (ContainerBalancerTask.java:lambda$initializeIteration$1(453)) - Datanode localhost-224.133.193.183 dd0ad481-3335-4c51-a60a-e9cd97c09a74 is Over-Utilized.
2023-06-27 18:42:11,355 [main] DEBUG balancer.ContainerBalancerTask (ContainerBalancerTask.java:lambda$initializeIteration$1(453)) - Datanode localhost-83.85.207.219 d41609ce-d363-4c81-bc63-10facc55d693 is Over-Utilized.
2023-06-27 18:42:11,355 [main] DEBUG balancer.ContainerBalancerTask (ContainerBalancerTask.java:lambda$initializeIteration$1(453)) - Datanode localhost-211.122.118.18 60d7442b-168c-4742-875d-c3f8b4568bfc is Over-Utilized.
2023-06-27 18:42:11,355 [main] DEBUG balancer.ContainerBalancerTask (ContainerBalancerTask.java:lambda$initializeIteration$1(453)) - Datanode localhost-238.29.223.20 57857078-48d3-475e-aa0a-d2dcfa5ef735 is Over-Utilized.
2023-06-27 18:42:11,355 [main] DEBUG balancer.ContainerBalancerTask (ContainerBalancerTask.java:lambda$initializeIteration$1(453)) - Datanode localhost-179.133.33.20 40dffd9e-94d9-429b-958d-dfe35a11c0ef is Over-Utilized.
2023-06-27 18:42:11,355 [main] DEBUG balancer.ContainerBalancerTask (ContainerBalancerTask.java:lambda$initializeIteration$2(459)) - Datanode localhost-161.182.156.58 95822305-c0a7-4ead-8647-0c2766a0adcd is Under-Utilized.
2023-06-27 18:42:11,355 [main] DEBUG balancer.ContainerBalancerTask (ContainerBalancerTask.java:lambda$initializeIteration$2(459)) - Datanode localhost-31.76.194.121 3a060d53-33fa-4d4b-9c47-3045f6820ec6 is Under-Utilized.
2023-06-27 18:42:11,356 [main] DEBUG balancer.ContainerBalancerTask (ContainerBalancerTask.java:lambda$initializeIteration$2(459)) - Datanode localhost-233.213.143.62 bf2e8350-41d6-47e7-ab81-46ef748c1052 is Under-Utilized.
2023-06-27 18:42:11,358 [main] DEBUG balancer.ContainerBalancerTask (ContainerBalancerTask.java:matchSourceWithTarget(706)) - ContainerBalancer is finding suitable target for source datanode dd0ad481-3335-4c51-a60a-e9cd97c09a74
2023-06-27 18:42:11,358 [main] INFO  balancer.ContainerBalancerTask (ContainerBalancerTask.java:matchSourceWithTarget(720)) - ContainerBalancer matched source datanode dd0ad481-3335-4c51-a60a-e9cd97c09a74 with target datanode 95822305-c0a7-4ead-8647-0c2766a0adcd for container move.
2023-06-27 18:42:11,359 [main] INFO  balancer.ContainerBalancerTask (ContainerBalancerTask.java:processMoveSelection(569)) - ContainerBalancer is trying to move container #85 with size 5368709120B from source datanode dd0ad481-3335-4c51-a60a-e9cd97c09a74 to target datanode 95822305-c0a7-4ead-8647-0c2766a0adcd
2023-06-27 18:42:11,359 [main] DEBUG balancer.ContainerBalancerTask (ContainerBalancerTask.java:lambda$moveContainer$3(834)) - Container move completed for container #85 from source dd0ad481-3335-4c51-a60a-e9cd97c09a74 to target 95822305-c0a7-4ead-8647-0c2766a0adcd
2023-06-27 18:42:11,359 [main] DEBUG balancer.ContainerBalancerTask (ContainerBalancerTask.java:adaptOnReachingIterationLimits(780)) - Reached max datanodes to involve limit. 2 datanodes have already been selected for balancing and the limit is 2. Only already selected sources and targets can be involved in balancing now.
2023-06-27 18:42:11,361 [main] DEBUG balancer.ContainerBalancerTask (ContainerBalancerTask.java:matchSourceWithTarget(706)) - ContainerBalancer is finding suitable target for source datanode dd0ad481-3335-4c51-a60a-e9cd97c09a74
2023-06-27 18:42:11,361 [main] INFO  balancer.ContainerBalancerTask (ContainerBalancerTask.java:matchSourceWithTarget(720)) - ContainerBalancer matched source datanode dd0ad481-3335-4c51-a60a-e9cd97c09a74 with target datanode 95822305-c0a7-4ead-8647-0c2766a0adcd for container move.
2023-06-27 18:42:11,361 [main] INFO  balancer.ContainerBalancerTask (ContainerBalancerTask.java:processMoveSelection(569)) - ContainerBalancer is trying to move container #40 with size 5368709120B from source datanode dd0ad481-3335-4c51-a60a-e9cd97c09a74 to target datanode 95822305-c0a7-4ead-8647-0c2766a0adcd
2023-06-27 18:42:11,362 [main] DEBUG balancer.ContainerBalancerTask (ContainerBalancerTask.java:lambda$moveContainer$3(834)) - Container move completed for container #40 from source dd0ad481-3335-4c51-a60a-e9cd97c09a74 to target 95822305-c0a7-4ead-8647-0c2766a0adcd
2023-06-27 18:42:11,364 [main] DEBUG balancer.ContainerBalancerTask (ContainerBalancerTask.java:matchSourceWithTarget(706)) - ContainerBalancer is finding suitable target for source datanode dd0ad481-3335-4c51-a60a-e9cd97c09a74
2023-06-27 18:42:11,364 [main] INFO  balancer.ContainerBalancerTask (ContainerBalancerTask.java:matchSourceWithTarget(720)) - ContainerBalancer matched source datanode dd0ad481-3335-4c51-a60a-e9cd97c09a74 with target datanode 95822305-c0a7-4ead-8647-0c2766a0adcd for container move.
2023-06-27 18:42:11,364 [main] INFO  balancer.ContainerBalancerTask (ContainerBalancerTask.java:processMoveSelection(569)) - ContainerBalancer is trying to move container #89 with size 4294967296B from source datanode dd0ad481-3335-4c51-a60a-e9cd97c09a74 to target datanode 95822305-c0a7-4ead-8647-0c2766a0adcd
2023-06-27 18:42:11,364 [main] DEBUG balancer.ContainerBalancerTask (ContainerBalancerTask.java:lambda$moveContainer$3(834)) - Container move completed for container #89 from source dd0ad481-3335-4c51-a60a-e9cd97c09a74 to target 95822305-c0a7-4ead-8647-0c2766a0adcd
2023-06-27 18:42:11,366 [main] DEBUG balancer.ContainerBalancerTask (ContainerBalancerTask.java:matchSourceWithTarget(706)) - ContainerBalancer is finding suitable target for source datanode dd0ad481-3335-4c51-a60a-e9cd97c09a74
2023-06-27 18:42:11,366 [main] INFO  balancer.ContainerBalancerTask (ContainerBalancerTask.java:matchSourceWithTarget(720)) - ContainerBalancer matched source datanode dd0ad481-3335-4c51-a60a-e9cd97c09a74 with target datanode 95822305-c0a7-4ead-8647-0c2766a0adcd for container move.
2023-06-27 18:42:11,366 [main] INFO  balancer.ContainerBalancerTask (ContainerBalancerTask.java:processMoveSelection(569)) - ContainerBalancer is trying to move container #84 with size 4294967296B from source datanode dd0ad481-3335-4c51-a60a-e9cd97c09a74 to target datanode 95822305-c0a7-4ead-8647-0c2766a0adcd
2023-06-27 18:42:11,367 [main] DEBUG balancer.ContainerBalancerTask (ContainerBalancerTask.java:lambda$moveContainer$3(834)) - Container move completed for container #84 from source dd0ad481-3335-4c51-a60a-e9cd97c09a74 to target 95822305-c0a7-4ead-8647-0c2766a0adcd
2023-06-27 18:42:11,369 [main] DEBUG balancer.ContainerBalancerTask (ContainerBalancerTask.java:matchSourceWithTarget(706)) - ContainerBalancer is finding suitable target for source datanode dd0ad481-3335-4c51-a60a-e9cd97c09a74
2023-06-27 18:42:11,369 [main] INFO  balancer.ContainerBalancerTask (ContainerBalancerTask.java:matchSourceWithTarget(720)) - ContainerBalancer matched source datanode dd0ad481-3335-4c51-a60a-e9cd97c09a74 with target datanode 95822305-c0a7-4ead-8647-0c2766a0adcd for container move.
2023-06-27 18:42:11,369 [main] INFO  balancer.ContainerBalancerTask (ContainerBalancerTask.java:processMoveSelection(569)) - ContainerBalancer is trying to move container #86 with size 1073741824B from source datanode dd0ad481-3335-4c51-a60a-e9cd97c09a74 to target datanode 95822305-c0a7-4ead-8647-0c2766a0adcd
2023-06-27 18:42:11,370 [main] DEBUG balancer.ContainerBalancerTask (ContainerBalancerTask.java:lambda$moveContainer$3(834)) - Container move completed for container #86 from source dd0ad481-3335-4c51-a60a-e9cd97c09a74 to target 95822305-c0a7-4ead-8647-0c2766a0adcd
2023-06-27 18:42:11,372 [main] DEBUG balancer.ContainerBalancerTask (ContainerBalancerTask.java:matchSourceWithTarget(706)) - ContainerBalancer is finding suitable target for source datanode dd0ad481-3335-4c51-a60a-e9cd97c09a74
2023-06-27 18:42:11,373 [main] INFO  balancer.FindTargetGreedyByUsageInfo (AbstractFindTargetGreedy.java:findTargetForContainerMove(133)) - Container Balancer could not find a target for source datanode dd0ad481-3335-4c51-a60a-e9cd97c09a74
2023-06-27 18:42:11,373 [main] DEBUG balancer.ContainerBalancerTask (ContainerBalancerTask.java:matchSourceWithTarget(715)) - ContainerBalancer could not find a suitable target for source node dd0ad481-3335-4c51-a60a-e9cd97c09a74.
2023-06-27 18:42:11,373 [main] INFO  balancer.FindSourceGreedy (FindSourceGreedy.java:getNextCandidateSourceDataNode(126)) - no more candidate source data node
2023-06-27 18:42:11,373 [main] INFO  balancer.ContainerBalancerTask (ContainerBalancerTask.java:checkIterationMoveResults(640)) - Iteration Summary. Number of Datanodes involved: 2. Size moved: 19 GB (20401094656 Bytes). Number of Container moves completed: 5.
2023-06-27 18:42:11,373 [main] INFO  balancer.ContainerBalancerTask (ContainerBalancerTask.java:balance(259)) - Result of this iteration of Container Balancer: ITERATION_COMPLETED
2023-06-27 18:42:11,376 [main] DEBUG balancer.ContainerBalancerTask (ContainerBalancerTask.java:initializeIteration(374)) - Average utilization of the cluster is 0.3319255896112689
2023-06-27 18:42:11,376 [main] DEBUG balancer.ContainerBalancerTask (ContainerBalancerTask.java:initializeIteration(386)) - Lower limit for utilization is 0.23192558961126888 and Upper limit for utilization is 0.4319255896112689
2023-06-27 18:42:11,376 [main] DEBUG balancer.ContainerBalancerTask (ContainerBalancerTask.java:initializeIteration(398)) - Utilization for node dd0ad481-3335-4c51-a60a-e9cd97c09a74 with capacity 50107951786B, used 45097156608B, and remaining 5010795178B is 0.9000000000119741
2023-06-27 18:42:11,376 [main] DEBUG balancer.ContainerBalancerTask (ContainerBalancerTask.java:initializeIteration(398)) - Utilization for node d41609ce-d363-4c81-bc63-10facc55d693 with capacity 55029268480B, used 44023414784B, and remaining 11005853696B is 0.8
2023-06-27 18:42:11,376 [main] DEBUG balancer.ContainerBalancerTask (ContainerBalancerTask.java:initializeIteration(398)) - Utilization for node 60d7442b-168c-4742-875d-c3f8b4568bfc with capacity 67492343222B, used 47244640256B, and remaining 20247702966B is 0.7000000000088898
2023-06-27 18:42:11,377 [main] DEBUG balancer.ContainerBalancerTask (ContainerBalancerTask.java:initializeIteration(398)) - Utilization for node 57857078-48d3-475e-aa0a-d2dcfa5ef735 with capacity 78741067093B, used 47244640256B, and remaining 31496426837B is 0.60000000000254
2023-06-27 18:42:11,377 [main] DEBUG balancer.ContainerBalancerTask (ContainerBalancerTask.java:initializeIteration(398)) - Utilization for node 40dffd9e-94d9-429b-958d-dfe35a11c0ef with capacity 100931731456B, used 50465865728B, and remaining 50465865728B is 0.5
2023-06-27 18:42:11,377 [main] DEBUG balancer.ContainerBalancerTask (ContainerBalancerTask.java:initializeIteration(398)) - Utilization for node c92c85f6-4c01-48bb-8684-78153f17c621 with capacity 107374182400B, used 42949672960B, and remaining 64424509440B is 0.4
2023-06-27 18:42:11,377 [main] DEBUG balancer.ContainerBalancerTask (ContainerBalancerTask.java:initializeIteration(398)) - Utilization for node bd7fd17c-1ffa-4e43-8fb0-ed60e77617d0 with capacity 100215903573B, used 30064771072B, and remaining 70151132501B is 0.30000000000099786
2023-06-27 18:42:11,377 [main] DEBUG balancer.ContainerBalancerTask (ContainerBalancerTask.java:initializeIteration(398)) - Utilization for node bf2e8350-41d6-47e7-ab81-46ef748c1052 with capacity 155692564480B, used 31138512896B, and remaining 124554051584B is 0.2
2023-06-27 18:42:11,377 [main] DEBUG balancer.ContainerBalancerTask (ContainerBalancerTask.java:initializeIteration(398)) - Utilization for node 3a060d53-33fa-4d4b-9c47-3045f6820ec6 with capacity 365072220160B, used 36507222016B, and remaining 328564998144B is 0.1
2023-06-27 18:42:11,377 [main] DEBUG balancer.ContainerBalancerTask (ContainerBalancerTask.java:initializeIteration(398)) - Utilization for node 95822305-c0a7-4ead-8647-0c2766a0adcd with capacity 48318382080B, used 0B, and remaining 48318382080B is 0.0
2023-06-27 18:42:11,377 [main] INFO  balancer.ContainerBalancerTask (ContainerBalancerTask.java:initializeIteration(447)) - Container Balancer has identified 5 Over-Utilized and 3 Under-Utilized Datanodes that need to be balanced.
2023-06-27 18:42:11,377 [main] DEBUG balancer.ContainerBalancerTask (ContainerBalancerTask.java:lambda$initializeIteration$1(453)) - Datanode localhost-224.133.193.183 dd0ad481-3335-4c51-a60a-e9cd97c09a74 is Over-Utilized.
2023-06-27 18:42:11,377 [main] DEBUG balancer.ContainerBalancerTask (ContainerBalancerTask.java:lambda$initializeIteration$1(453)) - Datanode localhost-83.85.207.219 d41609ce-d363-4c81-bc63-10facc55d693 is Over-Utilized.
2023-06-27 18:42:11,377 [main] DEBUG balancer.ContainerBalancerTask (ContainerBalancerTask.java:lambda$initializeIteration$1(453)) - Datanode localhost-211.122.118.18 60d7442b-168c-4742-875d-c3f8b4568bfc is Over-Utilized.
2023-06-27 18:42:11,377 [main] DEBUG balancer.ContainerBalancerTask (ContainerBalancerTask.java:lambda$initializeIteration$1(453)) - Datanode localhost-238.29.223.20 57857078-48d3-475e-aa0a-d2dcfa5ef735 is Over-Utilized.
2023-06-27 18:42:11,378 [main] DEBUG balancer.ContainerBalancerTask (ContainerBalancerTask.java:lambda$initializeIteration$1(453)) - Datanode localhost-179.133.33.20 40dffd9e-94d9-429b-958d-dfe35a11c0ef is Over-Utilized.
2023-06-27 18:42:11,378 [main] DEBUG balancer.ContainerBalancerTask (ContainerBalancerTask.java:lambda$initializeIteration$2(459)) - Datanode localhost-161.182.156.58 95822305-c0a7-4ead-8647-0c2766a0adcd is Under-Utilized.
2023-06-27 18:42:11,378 [main] DEBUG balancer.ContainerBalancerTask (ContainerBalancerTask.java:lambda$initializeIteration$2(459)) - Datanode localhost-31.76.194.121 3a060d53-33fa-4d4b-9c47-3045f6820ec6 is Under-Utilized.
2023-06-27 18:42:11,378 [main] DEBUG balancer.ContainerBalancerTask (ContainerBalancerTask.java:lambda$initializeIteration$2(459)) - Datanode localhost-233.213.143.62 bf2e8350-41d6-47e7-ab81-46ef748c1052 is Under-Utilized.
2023-06-27 18:42:11,380 [main] DEBUG balancer.ContainerBalancerTask (ContainerBalancerTask.java:matchSourceWithTarget(706)) - ContainerBalancer is finding suitable target for source datanode dd0ad481-3335-4c51-a60a-e9cd97c09a74
2023-06-27 18:42:11,380 [main] INFO  balancer.ContainerBalancerTask (ContainerBalancerTask.java:matchSourceWithTarget(720)) - ContainerBalancer matched source datanode dd0ad481-3335-4c51-a60a-e9cd97c09a74 with target datanode 95822305-c0a7-4ead-8647-0c2766a0adcd for container move.
2023-06-27 18:42:11,380 [main] INFO  balancer.ContainerBalancerTask (ContainerBalancerTask.java:processMoveSelection(569)) - ContainerBalancer is trying to move container #85 with size 5368709120B from source datanode dd0ad481-3335-4c51-a60a-e9cd97c09a74 to target datanode 95822305-c0a7-4ead-8647-0c2766a0adcd
2023-06-27 18:42:11,380 [main] DEBUG balancer.ContainerBalancerTask (ContainerBalancerTask.java:lambda$moveContainer$3(834)) - Container move completed for container #85 from source dd0ad481-3335-4c51-a60a-e9cd97c09a74 to target 95822305-c0a7-4ead-8647-0c2766a0adcd
2023-06-27 18:42:11,381 [main] DEBUG balancer.ContainerBalancerTask (ContainerBalancerTask.java:adaptOnReachingIterationLimits(780)) - Reached max datanodes to involve limit. 2 datanodes have already been selected for balancing and the limit is 2. Only already selected sources and targets can be involved in balancing now.
2023-06-27 18:42:11,383 [main] DEBUG balancer.ContainerBalancerTask (ContainerBalancerTask.java:matchSourceWithTarget(706)) - ContainerBalancer is finding suitable target for source datanode dd0ad481-3335-4c51-a60a-e9cd97c09a74
2023-06-27 18:42:11,383 [main] INFO  balancer.ContainerBalancerTask (ContainerBalancerTask.java:matchSourceWithTarget(720)) - ContainerBalancer matched source datanode dd0ad481-3335-4c51-a60a-e9cd97c09a74 with target datanode 95822305-c0a7-4ead-8647-0c2766a0adcd for container move.
2023-06-27 18:42:11,383 [main] INFO  balancer.ContainerBalancerTask (ContainerBalancerTask.java:processMoveSelection(569)) - ContainerBalancer is trying to move container #40 with size 5368709120B from source datanode dd0ad481-3335-4c51-a60a-e9cd97c09a74 to target datanode 95822305-c0a7-4ead-8647-0c2766a0adcd
2023-06-27 18:42:11,383 [main] DEBUG balancer.ContainerBalancerTask (ContainerBalancerTask.java:lambda$moveContainer$3(834)) - Container move completed for container #40 from source dd0ad481-3335-4c51-a60a-e9cd97c09a74 to target 95822305-c0a7-4ead-8647-0c2766a0adcd
2023-06-27 18:42:11,385 [main] DEBUG balancer.ContainerBalancerTask (ContainerBalancerTask.java:matchSourceWithTarget(706)) - ContainerBalancer is finding suitable target for source datanode dd0ad481-3335-4c51-a60a-e9cd97c09a74
2023-06-27 18:42:11,385 [main] INFO  balancer.ContainerBalancerTask (ContainerBalancerTask.java:matchSourceWithTarget(720)) - ContainerBalancer matched source datanode dd0ad481-3335-4c51-a60a-e9cd97c09a74 with target datanode 95822305-c0a7-4ead-8647-0c2766a0adcd for container move.
2023-06-27 18:42:11,385 [main] INFO  balancer.ContainerBalancerTask (ContainerBalancerTask.java:processMoveSelection(569)) - ContainerBalancer is trying to move container #89 with size 4294967296B from source datanode dd0ad481-3335-4c51-a60a-e9cd97c09a74 to target datanode 95822305-c0a7-4ead-8647-0c2766a0adcd
2023-06-27 18:42:11,385 [main] DEBUG balancer.ContainerBalancerTask (ContainerBalancerTask.java:lambda$moveContainer$3(834)) - Container move completed for container #89 from source dd0ad481-3335-4c51-a60a-e9cd97c09a74 to target 95822305-c0a7-4ead-8647-0c2766a0adcd
2023-06-27 18:42:11,388 [main] DEBUG balancer.ContainerBalancerTask (ContainerBalancerTask.java:matchSourceWithTarget(706)) - ContainerBalancer is finding suitable target for source datanode dd0ad481-3335-4c51-a60a-e9cd97c09a74
2023-06-27 18:42:11,388 [main] INFO  balancer.ContainerBalancerTask (ContainerBalancerTask.java:matchSourceWithTarget(720)) - ContainerBalancer matched source datanode dd0ad481-3335-4c51-a60a-e9cd97c09a74 with target datanode 95822305-c0a7-4ead-8647-0c2766a0adcd for container move.
2023-06-27 18:42:11,388 [main] INFO  balancer.ContainerBalancerTask (ContainerBalancerTask.java:processMoveSelection(569)) - ContainerBalancer is trying to move container #84 with size 4294967296B from source datanode dd0ad481-3335-4c51-a60a-e9cd97c09a74 to target datanode 95822305-c0a7-4ead-8647-0c2766a0adcd
2023-06-27 18:42:11,388 [main] DEBUG balancer.ContainerBalancerTask (ContainerBalancerTask.java:lambda$moveContainer$3(834)) - Container move completed for container #84 from source dd0ad481-3335-4c51-a60a-e9cd97c09a74 to target 95822305-c0a7-4ead-8647-0c2766a0adcd
2023-06-27 18:42:11,390 [main] DEBUG balancer.ContainerBalancerTask (ContainerBalancerTask.java:matchSourceWithTarget(706)) - ContainerBalancer is finding suitable target for source datanode dd0ad481-3335-4c51-a60a-e9cd97c09a74
2023-06-27 18:42:11,391 [main] INFO  balancer.ContainerBalancerTask (ContainerBalancerTask.java:matchSourceWithTarget(720)) - ContainerBalancer matched source datanode dd0ad481-3335-4c51-a60a-e9cd97c09a74 with target datanode 95822305-c0a7-4ead-8647-0c2766a0adcd for container move.
2023-06-27 18:42:11,391 [main] INFO  balancer.ContainerBalancerTask (ContainerBalancerTask.java:processMoveSelection(569)) - ContainerBalancer is trying to move container #86 with size 1073741824B from source datanode dd0ad481-3335-4c51-a60a-e9cd97c09a74 to target datanode 95822305-c0a7-4ead-8647-0c2766a0adcd
2023-06-27 18:42:11,392 [main] DEBUG balancer.ContainerBalancerTask (ContainerBalancerTask.java:lambda$moveContainer$3(834)) - Container move completed for container #86 from source dd0ad481-3335-4c51-a60a-e9cd97c09a74 to target 95822305-c0a7-4ead-8647-0c2766a0adcd
2023-06-27 18:42:11,394 [main] DEBUG balancer.ContainerBalancerTask (ContainerBalancerTask.java:matchSourceWithTarget(706)) - ContainerBalancer is finding suitable target for source datanode dd0ad481-3335-4c51-a60a-e9cd97c09a74
2023-06-27 18:42:11,395 [main] INFO  balancer.FindTargetGreedyByUsageInfo (AbstractFindTargetGreedy.java:findTargetForContainerMove(133)) - Container Balancer could not find a target for source datanode dd0ad481-3335-4c51-a60a-e9cd97c09a74
2023-06-27 18:42:11,395 [main] DEBUG balancer.ContainerBalancerTask (ContainerBalancerTask.java:matchSourceWithTarget(715)) - ContainerBalancer could not find a suitable target for source node dd0ad481-3335-4c51-a60a-e9cd97c09a74.
2023-06-27 18:42:11,396 [main] INFO  balancer.FindSourceGreedy (FindSourceGreedy.java:getNextCandidateSourceDataNode(126)) - no more candidate source data node
2023-06-27 18:42:11,396 [main] INFO  balancer.ContainerBalancerTask (ContainerBalancerTask.java:checkIterationMoveResults(640)) - Iteration Summary. Number of Datanodes involved: 2. Size moved: 19 GB (20401094656 Bytes). Number of Container moves completed: 5.
2023-06-27 18:42:11,396 [main] INFO  balancer.ContainerBalancerTask (ContainerBalancerTask.java:balance(259)) - Result of this iteration of Container Balancer: ITERATION_COMPLETED
2023-06-27 18:42:11,398 [main] DEBUG balancer.ContainerBalancerTask (ContainerBalancerTask.java:initializeIteration(374)) - Average utilization of the cluster is 0.3319255896112689
2023-06-27 18:42:11,398 [main] DEBUG balancer.ContainerBalancerTask (ContainerBalancerTask.java:initializeIteration(386)) - Lower limit for utilization is 0.23192558961126888 and Upper limit for utilization is 0.4319255896112689
2023-06-27 18:42:11,398 [main] DEBUG balancer.ContainerBalancerTask (ContainerBalancerTask.java:initializeIteration(398)) - Utilization for node dd0ad481-3335-4c51-a60a-e9cd97c09a74 with capacity 50107951786B, used 45097156608B, and remaining 5010795178B is 0.9000000000119741
2023-06-27 18:42:11,398 [main] DEBUG balancer.ContainerBalancerTask (ContainerBalancerTask.java:initializeIteration(398)) - Utilization for node d41609ce-d363-4c81-bc63-10facc55d693 with capacity 55029268480B, used 44023414784B, and remaining 11005853696B is 0.8
2023-06-27 18:42:11,398 [main] DEBUG balancer.ContainerBalancerTask (ContainerBalancerTask.java:initializeIteration(398)) - Utilization for node 60d7442b-168c-4742-875d-c3f8b4568bfc with capacity 67492343222B, used 47244640256B, and remaining 20247702966B is 0.7000000000088898
2023-06-27 18:42:11,398 [main] DEBUG balancer.ContainerBalancerTask (ContainerBalancerTask.java:initializeIteration(398)) - Utilization for node 57857078-48d3-475e-aa0a-d2dcfa5ef735 with capacity 78741067093B, used 47244640256B, and remaining 31496426837B is 0.60000000000254
2023-06-27 18:42:11,398 [main] DEBUG balancer.ContainerBalancerTask (ContainerBalancerTask.java:initializeIteration(398)) - Utilization for node 40dffd9e-94d9-429b-958d-dfe35a11c0ef with capacity 100931731456B, used 50465865728B, and remaining 50465865728B is 0.5
2023-06-27 18:42:11,398 [main] DEBUG balancer.ContainerBalancerTask (ContainerBalancerTask.java:initializeIteration(398)) - Utilization for node c92c85f6-4c01-48bb-8684-78153f17c621 with capacity 107374182400B, used 42949672960B, and remaining 64424509440B is 0.4
2023-06-27 18:42:11,398 [main] DEBUG balancer.ContainerBalancerTask (ContainerBalancerTask.java:initializeIteration(398)) - Utilization for node bd7fd17c-1ffa-4e43-8fb0-ed60e77617d0 with capacity 100215903573B, used 30064771072B, and remaining 70151132501B is 0.30000000000099786
2023-06-27 18:42:11,398 [main] DEBUG balancer.ContainerBalancerTask (ContainerBalancerTask.java:initializeIteration(398)) - Utilization for node bf2e8350-41d6-47e7-ab81-46ef748c1052 with capacity 155692564480B, used 31138512896B, and remaining 124554051584B is 0.2
2023-06-27 18:42:11,398 [main] DEBUG balancer.ContainerBalancerTask (ContainerBalancerTask.java:initializeIteration(398)) - Utilization for node 3a060d53-33fa-4d4b-9c47-3045f6820ec6 with capacity 365072220160B, used 36507222016B, and remaining 328564998144B is 0.1
2023-06-27 18:42:11,399 [main] DEBUG balancer.ContainerBalancerTask (ContainerBalancerTask.java:initializeIteration(398)) - Utilization for node 95822305-c0a7-4ead-8647-0c2766a0adcd with capacity 48318382080B, used 0B, and remaining 48318382080B is 0.0
2023-06-27 18:42:11,399 [main] INFO  balancer.ContainerBalancerTask (ContainerBalancerTask.java:initializeIteration(447)) - Container Balancer has identified 5 Over-Utilized and 3 Under-Utilized Datanodes that need to be balanced.
2023-06-27 18:42:11,399 [main] DEBUG balancer.ContainerBalancerTask (ContainerBalancerTask.java:lambda$initializeIteration$1(453)) - Datanode localhost-224.133.193.183 dd0ad481-3335-4c51-a60a-e9cd97c09a74 is Over-Utilized.
2023-06-27 18:42:11,399 [main] DEBUG balancer.ContainerBalancerTask (ContainerBalancerTask.java:lambda$initializeIteration$1(453)) - Datanode localhost-83.85.207.219 d41609ce-d363-4c81-bc63-10facc55d693 is Over-Utilized.
2023-06-27 18:42:11,399 [main] DEBUG balancer.ContainerBalancerTask (ContainerBalancerTask.java:lambda$initializeIteration$1(453)) - Datanode localhost-211.122.118.18 60d7442b-168c-4742-875d-c3f8b4568bfc is Over-Utilized.
2023-06-27 18:42:11,399 [main] DEBUG balancer.ContainerBalancerTask (ContainerBalancerTask.java:lambda$initializeIteration$1(453)) - Datanode localhost-238.29.223.20 57857078-48d3-475e-aa0a-d2dcfa5ef735 is Over-Utilized.
2023-06-27 18:42:11,399 [main] DEBUG balancer.ContainerBalancerTask (ContainerBalancerTask.java:lambda$initializeIteration$1(453)) - Datanode localhost-179.133.33.20 40dffd9e-94d9-429b-958d-dfe35a11c0ef is Over-Utilized.
2023-06-27 18:42:11,399 [main] DEBUG balancer.ContainerBalancerTask (ContainerBalancerTask.java:lambda$initializeIteration$2(459)) - Datanode localhost-161.182.156.58 95822305-c0a7-4ead-8647-0c2766a0adcd is Under-Utilized.
2023-06-27 18:42:11,399 [main] DEBUG balancer.ContainerBalancerTask (ContainerBalancerTask.java:lambda$initializeIteration$2(459)) - Datanode localhost-31.76.194.121 3a060d53-33fa-4d4b-9c47-3045f6820ec6 is Under-Utilized.
2023-06-27 18:42:11,400 [main] DEBUG balancer.ContainerBalancerTask (ContainerBalancerTask.java:lambda$initializeIteration$2(459)) - Datanode localhost-233.213.143.62 bf2e8350-41d6-47e7-ab81-46ef748c1052 is Under-Utilized.
2023-06-27 18:42:11,402 [main] DEBUG balancer.ContainerBalancerTask (ContainerBalancerTask.java:matchSourceWithTarget(706)) - ContainerBalancer is finding suitable target for source datanode dd0ad481-3335-4c51-a60a-e9cd97c09a74
2023-06-27 18:42:11,402 [main] INFO  balancer.ContainerBalancerTask (ContainerBalancerTask.java:matchSourceWithTarget(720)) - ContainerBalancer matched source datanode dd0ad481-3335-4c51-a60a-e9cd97c09a74 with target datanode 95822305-c0a7-4ead-8647-0c2766a0adcd for container move.
2023-06-27 18:42:11,402 [main] INFO  balancer.ContainerBalancerTask (ContainerBalancerTask.java:processMoveSelection(569)) - ContainerBalancer is trying to move container #85 with size 5368709120B from source datanode dd0ad481-3335-4c51-a60a-e9cd97c09a74 to target datanode 95822305-c0a7-4ead-8647-0c2766a0adcd
2023-06-27 18:42:11,402 [main] DEBUG balancer.ContainerBalancerTask (ContainerBalancerTask.java:lambda$moveContainer$3(834)) - Container move completed for container #85 from source dd0ad481-3335-4c51-a60a-e9cd97c09a74 to target 95822305-c0a7-4ead-8647-0c2766a0adcd
2023-06-27 18:42:11,402 [main] DEBUG balancer.ContainerBalancerTask (ContainerBalancerTask.java:adaptOnReachingIterationLimits(780)) - Reached max datanodes to involve limit. 2 datanodes have already been selected for balancing and the limit is 2. Only already selected sources and targets can be involved in balancing now.
2023-06-27 18:42:11,404 [main] DEBUG balancer.ContainerBalancerTask (ContainerBalancerTask.java:matchSourceWithTarget(706)) - ContainerBalancer is finding suitable target for source datanode dd0ad481-3335-4c51-a60a-e9cd97c09a74
2023-06-27 18:42:11,404 [main] INFO  balancer.ContainerBalancerTask (ContainerBalancerTask.java:matchSourceWithTarget(720)) - ContainerBalancer matched source datanode dd0ad481-3335-4c51-a60a-e9cd97c09a74 with target datanode 95822305-c0a7-4ead-8647-0c2766a0adcd for container move.
2023-06-27 18:42:11,404 [main] INFO  balancer.ContainerBalancerTask (ContainerBalancerTask.java:processMoveSelection(569)) - ContainerBalancer is trying to move container #40 with size 5368709120B from source datanode dd0ad481-3335-4c51-a60a-e9cd97c09a74 to target datanode 95822305-c0a7-4ead-8647-0c2766a0adcd
2023-06-27 18:42:11,405 [main] DEBUG balancer.ContainerBalancerTask (ContainerBalancerTask.java:lambda$moveContainer$3(834)) - Container move completed for container #40 from source dd0ad481-3335-4c51-a60a-e9cd97c09a74 to target 95822305-c0a7-4ead-8647-0c2766a0adcd
2023-06-27 18:42:11,407 [main] DEBUG balancer.ContainerBalancerTask (ContainerBalancerTask.java:matchSourceWithTarget(706)) - ContainerBalancer is finding suitable target for source datanode dd0ad481-3335-4c51-a60a-e9cd97c09a74
2023-06-27 18:42:11,407 [main] INFO  balancer.ContainerBalancerTask (ContainerBalancerTask.java:matchSourceWithTarget(720)) - ContainerBalancer matched source datanode dd0ad481-3335-4c51-a60a-e9cd97c09a74 with target datanode 95822305-c0a7-4ead-8647-0c2766a0adcd for container move.
2023-06-27 18:42:11,407 [main] INFO  balancer.ContainerBalancerTask (ContainerBalancerTask.java:processMoveSelection(569)) - ContainerBalancer is trying to move container #89 with size 4294967296B from source datanode dd0ad481-3335-4c51-a60a-e9cd97c09a74 to target datanode 95822305-c0a7-4ead-8647-0c2766a0adcd
2023-06-27 18:42:11,408 [main] DEBUG balancer.ContainerBalancerTask (ContainerBalancerTask.java:lambda$moveContainer$3(834)) - Container move completed for container #89 from source dd0ad481-3335-4c51-a60a-e9cd97c09a74 to target 95822305-c0a7-4ead-8647-0c2766a0adcd
2023-06-27 18:42:11,410 [main] DEBUG balancer.ContainerBalancerTask (ContainerBalancerTask.java:matchSourceWithTarget(706)) - ContainerBalancer is finding suitable target for source datanode dd0ad481-3335-4c51-a60a-e9cd97c09a74
2023-06-27 18:42:11,410 [main] INFO  balancer.ContainerBalancerTask (ContainerBalancerTask.java:matchSourceWithTarget(720)) - ContainerBalancer matched source datanode dd0ad481-3335-4c51-a60a-e9cd97c09a74 with target datanode 95822305-c0a7-4ead-8647-0c2766a0adcd for container move.
2023-06-27 18:42:11,410 [main] INFO  balancer.ContainerBalancerTask (ContainerBalancerTask.java:processMoveSelection(569)) - ContainerBalancer is trying to move container #84 with size 4294967296B from source datanode dd0ad481-3335-4c51-a60a-e9cd97c09a74 to target datanode 95822305-c0a7-4ead-8647-0c2766a0adcd
2023-06-27 18:42:11,410 [main] DEBUG balancer.ContainerBalancerTask (ContainerBalancerTask.java:lambda$moveContainer$3(834)) - Container move completed for container #84 from source dd0ad481-3335-4c51-a60a-e9cd97c09a74 to target 95822305-c0a7-4ead-8647-0c2766a0adcd
2023-06-27 18:42:11,412 [main] DEBUG balancer.ContainerBalancerTask (ContainerBalancerTask.java:matchSourceWithTarget(706)) - ContainerBalancer is finding suitable target for source datanode dd0ad481-3335-4c51-a60a-e9cd97c09a74
2023-06-27 18:42:11,413 [main] INFO  balancer.ContainerBalancerTask (ContainerBalancerTask.java:matchSourceWithTarget(720)) - ContainerBalancer matched source datanode dd0ad481-3335-4c51-a60a-e9cd97c09a74 with target datanode 95822305-c0a7-4ead-8647-0c2766a0adcd for container move.
2023-06-27 18:42:11,413 [main] INFO  balancer.ContainerBalancerTask (ContainerBalancerTask.java:processMoveSelection(569)) - ContainerBalancer is trying to move container #86 with size 1073741824B from source datanode dd0ad481-3335-4c51-a60a-e9cd97c09a74 to target datanode 95822305-c0a7-4ead-8647-0c2766a0adcd
2023-06-27 18:42:11,413 [main] DEBUG balancer.ContainerBalancerTask (ContainerBalancerTask.java:lambda$moveContainer$3(834)) - Container move completed for container #86 from source dd0ad481-3335-4c51-a60a-e9cd97c09a74 to target 95822305-c0a7-4ead-8647-0c2766a0adcd
2023-06-27 18:42:11,415 [main] DEBUG balancer.ContainerBalancerTask (ContainerBalancerTask.java:matchSourceWithTarget(706)) - ContainerBalancer is finding suitable target for source datanode dd0ad481-3335-4c51-a60a-e9cd97c09a74
2023-06-27 18:42:11,420 [main] INFO  balancer.FindTargetGreedyByUsageInfo (AbstractFindTargetGreedy.java:findTargetForContainerMove(133)) - Container Balancer could not find a target for source datanode dd0ad481-3335-4c51-a60a-e9cd97c09a74
2023-06-27 18:42:11,420 [main] DEBUG balancer.ContainerBalancerTask (ContainerBalancerTask.java:matchSourceWithTarget(715)) - ContainerBalancer could not find a suitable target for source node dd0ad481-3335-4c51-a60a-e9cd97c09a74.
2023-06-27 18:42:11,421 [main] INFO  balancer.FindSourceGreedy (FindSourceGreedy.java:getNextCandidateSourceDataNode(126)) - no more candidate source data node
2023-06-27 18:42:11,422 [main] INFO  balancer.ContainerBalancerTask (ContainerBalancerTask.java:checkIterationMoveResults(640)) - Iteration Summary. Number of Datanodes involved: 2. Size moved: 19 GB (20401094656 Bytes). Number of Container moves completed: 5.
2023-06-27 18:42:11,422 [main] INFO  balancer.ContainerBalancerTask (ContainerBalancerTask.java:balance(259)) - Result of this iteration of Container Balancer: ITERATION_COMPLETED
2023-06-27 18:42:11,424 [main] DEBUG balancer.ContainerBalancerTask (ContainerBalancerTask.java:initializeIteration(374)) - Average utilization of the cluster is 0.3319255896112689
2023-06-27 18:42:11,424 [main] DEBUG balancer.ContainerBalancerTask (ContainerBalancerTask.java:initializeIteration(386)) - Lower limit for utilization is 0.23192558961126888 and Upper limit for utilization is 0.4319255896112689
2023-06-27 18:42:11,424 [main] DEBUG balancer.ContainerBalancerTask (ContainerBalancerTask.java:initializeIteration(398)) - Utilization for node dd0ad481-3335-4c51-a60a-e9cd97c09a74 with capacity 50107951786B, used 45097156608B, and remaining 5010795178B is 0.9000000000119741
2023-06-27 18:42:11,424 [main] DEBUG balancer.ContainerBalancerTask (ContainerBalancerTask.java:initializeIteration(398)) - Utilization for node d41609ce-d363-4c81-bc63-10facc55d693 with capacity 55029268480B, used 44023414784B, and remaining 11005853696B is 0.8
2023-06-27 18:42:11,425 [main] DEBUG balancer.ContainerBalancerTask (ContainerBalancerTask.java:initializeIteration(398)) - Utilization for node 60d7442b-168c-4742-875d-c3f8b4568bfc with capacity 67492343222B, used 47244640256B, and remaining 20247702966B is 0.7000000000088898
2023-06-27 18:42:11,425 [main] DEBUG balancer.ContainerBalancerTask (ContainerBalancerTask.java:initializeIteration(398)) - Utilization for node 57857078-48d3-475e-aa0a-d2dcfa5ef735 with capacity 78741067093B, used 47244640256B, and remaining 31496426837B is 0.60000000000254
2023-06-27 18:42:11,425 [main] DEBUG balancer.ContainerBalancerTask (ContainerBalancerTask.java:initializeIteration(398)) - Utilization for node 40dffd9e-94d9-429b-958d-dfe35a11c0ef with capacity 100931731456B, used 50465865728B, and remaining 50465865728B is 0.5
2023-06-27 18:42:11,425 [main] DEBUG balancer.ContainerBalancerTask (ContainerBalancerTask.java:initializeIteration(398)) - Utilization for node c92c85f6-4c01-48bb-8684-78153f17c621 with capacity 107374182400B, used 42949672960B, and remaining 64424509440B is 0.4
2023-06-27 18:42:11,425 [main] DEBUG balancer.ContainerBalancerTask (ContainerBalancerTask.java:initializeIteration(398)) - Utilization for node bd7fd17c-1ffa-4e43-8fb0-ed60e77617d0 with capacity 100215903573B, used 30064771072B, and remaining 70151132501B is 0.30000000000099786
2023-06-27 18:42:11,425 [main] DEBUG balancer.ContainerBalancerTask (ContainerBalancerTask.java:initializeIteration(398)) - Utilization for node bf2e8350-41d6-47e7-ab81-46ef748c1052 with capacity 155692564480B, used 31138512896B, and remaining 124554051584B is 0.2
2023-06-27 18:42:11,425 [main] DEBUG balancer.ContainerBalancerTask (ContainerBalancerTask.java:initializeIteration(398)) - Utilization for node 3a060d53-33fa-4d4b-9c47-3045f6820ec6 with capacity 365072220160B, used 36507222016B, and remaining 328564998144B is 0.1
2023-06-27 18:42:11,425 [main] DEBUG balancer.ContainerBalancerTask (ContainerBalancerTask.java:initializeIteration(398)) - Utilization for node 95822305-c0a7-4ead-8647-0c2766a0adcd with capacity 48318382080B, used 0B, and remaining 48318382080B is 0.0
2023-06-27 18:42:11,425 [main] INFO  balancer.ContainerBalancerTask (ContainerBalancerTask.java:initializeIteration(447)) - Container Balancer has identified 5 Over-Utilized and 3 Under-Utilized Datanodes that need to be balanced.
2023-06-27 18:42:11,425 [main] DEBUG balancer.ContainerBalancerTask (ContainerBalancerTask.java:lambda$initializeIteration$1(453)) - Datanode localhost-224.133.193.183 dd0ad481-3335-4c51-a60a-e9cd97c09a74 is Over-Utilized.
2023-06-27 18:42:11,425 [main] DEBUG balancer.ContainerBalancerTask (ContainerBalancerTask.java:lambda$initializeIteration$1(453)) - Datanode localhost-83.85.207.219 d41609ce-d363-4c81-bc63-10facc55d693 is Over-Utilized.
2023-06-27 18:42:11,425 [main] DEBUG balancer.ContainerBalancerTask (ContainerBalancerTask.java:lambda$initializeIteration$1(453)) - Datanode localhost-211.122.118.18 60d7442b-168c-4742-875d-c3f8b4568bfc is Over-Utilized.
2023-06-27 18:42:11,426 [main] DEBUG balancer.ContainerBalancerTask (ContainerBalancerTask.java:lambda$initializeIteration$1(453)) - Datanode localhost-238.29.223.20 57857078-48d3-475e-aa0a-d2dcfa5ef735 is Over-Utilized.
2023-06-27 18:42:11,426 [main] DEBUG balancer.ContainerBalancerTask (ContainerBalancerTask.java:lambda$initializeIteration$1(453)) - Datanode localhost-179.133.33.20 40dffd9e-94d9-429b-958d-dfe35a11c0ef is Over-Utilized.
2023-06-27 18:42:11,426 [main] DEBUG balancer.ContainerBalancerTask (ContainerBalancerTask.java:lambda$initializeIteration$2(459)) - Datanode localhost-161.182.156.58 95822305-c0a7-4ead-8647-0c2766a0adcd is Under-Utilized.
2023-06-27 18:42:11,426 [main] DEBUG balancer.ContainerBalancerTask (ContainerBalancerTask.java:lambda$initializeIteration$2(459)) - Datanode localhost-31.76.194.121 3a060d53-33fa-4d4b-9c47-3045f6820ec6 is Under-Utilized.
2023-06-27 18:42:11,426 [main] DEBUG balancer.ContainerBalancerTask (ContainerBalancerTask.java:lambda$initializeIteration$2(459)) - Datanode localhost-233.213.143.62 bf2e8350-41d6-47e7-ab81-46ef748c1052 is Under-Utilized.
2023-06-27 18:42:11,428 [main] DEBUG balancer.ContainerBalancerTask (ContainerBalancerTask.java:matchSourceWithTarget(706)) - ContainerBalancer is finding suitable target for source datanode dd0ad481-3335-4c51-a60a-e9cd97c09a74
2023-06-27 18:42:11,428 [main] INFO  balancer.ContainerBalancerTask (ContainerBalancerTask.java:matchSourceWithTarget(720)) - ContainerBalancer matched source datanode dd0ad481-3335-4c51-a60a-e9cd97c09a74 with target datanode 95822305-c0a7-4ead-8647-0c2766a0adcd for container move.
2023-06-27 18:42:11,428 [main] INFO  balancer.ContainerBalancerTask (ContainerBalancerTask.java:processMoveSelection(569)) - ContainerBalancer is trying to move container #85 with size 5368709120B from source datanode dd0ad481-3335-4c51-a60a-e9cd97c09a74 to target datanode 95822305-c0a7-4ead-8647-0c2766a0adcd
2023-06-27 18:42:11,428 [main] DEBUG balancer.ContainerBalancerTask (ContainerBalancerTask.java:lambda$moveContainer$3(834)) - Container move completed for container #85 from source dd0ad481-3335-4c51-a60a-e9cd97c09a74 to target 95822305-c0a7-4ead-8647-0c2766a0adcd
2023-06-27 18:42:11,429 [main] DEBUG balancer.ContainerBalancerTask (ContainerBalancerTask.java:adaptOnReachingIterationLimits(780)) - Reached max datanodes to involve limit. 2 datanodes have already been selected for balancing and the limit is 2. Only already selected sources and targets can be involved in balancing now.
2023-06-27 18:42:11,430 [main] DEBUG balancer.ContainerBalancerTask (ContainerBalancerTask.java:matchSourceWithTarget(706)) - ContainerBalancer is finding suitable target for source datanode dd0ad481-3335-4c51-a60a-e9cd97c09a74
2023-06-27 18:42:11,431 [main] INFO  balancer.ContainerBalancerTask (ContainerBalancerTask.java:matchSourceWithTarget(720)) - ContainerBalancer matched source datanode dd0ad481-3335-4c51-a60a-e9cd97c09a74 with target datanode 95822305-c0a7-4ead-8647-0c2766a0adcd for container move.
2023-06-27 18:42:11,431 [main] INFO  balancer.ContainerBalancerTask (ContainerBalancerTask.java:processMoveSelection(569)) - ContainerBalancer is trying to move container #40 with size 5368709120B from source datanode dd0ad481-3335-4c51-a60a-e9cd97c09a74 to target datanode 95822305-c0a7-4ead-8647-0c2766a0adcd
2023-06-27 18:42:11,431 [main] DEBUG balancer.ContainerBalancerTask (ContainerBalancerTask.java:lambda$moveContainer$3(834)) - Container move completed for container #40 from source dd0ad481-3335-4c51-a60a-e9cd97c09a74 to target 95822305-c0a7-4ead-8647-0c2766a0adcd
2023-06-27 18:42:11,433 [main] DEBUG balancer.ContainerBalancerTask (ContainerBalancerTask.java:matchSourceWithTarget(706)) - ContainerBalancer is finding suitable target for source datanode dd0ad481-3335-4c51-a60a-e9cd97c09a74
2023-06-27 18:42:11,433 [main] INFO  balancer.ContainerBalancerTask (ContainerBalancerTask.java:matchSourceWithTarget(720)) - ContainerBalancer matched source datanode dd0ad481-3335-4c51-a60a-e9cd97c09a74 with target datanode 95822305-c0a7-4ead-8647-0c2766a0adcd for container move.
2023-06-27 18:42:11,433 [main] INFO  balancer.ContainerBalancerTask (ContainerBalancerTask.java:processMoveSelection(569)) - ContainerBalancer is trying to move container #89 with size 4294967296B from source datanode dd0ad481-3335-4c51-a60a-e9cd97c09a74 to target datanode 95822305-c0a7-4ead-8647-0c2766a0adcd
2023-06-27 18:42:11,433 [main] DEBUG balancer.ContainerBalancerTask (ContainerBalancerTask.java:lambda$moveContainer$3(834)) - Container move completed for container #89 from source dd0ad481-3335-4c51-a60a-e9cd97c09a74 to target 95822305-c0a7-4ead-8647-0c2766a0adcd
2023-06-27 18:42:11,435 [main] DEBUG balancer.ContainerBalancerTask (ContainerBalancerTask.java:matchSourceWithTarget(706)) - ContainerBalancer is finding suitable target for source datanode dd0ad481-3335-4c51-a60a-e9cd97c09a74
2023-06-27 18:42:11,435 [main] INFO  balancer.ContainerBalancerTask (ContainerBalancerTask.java:matchSourceWithTarget(720)) - ContainerBalancer matched source datanode dd0ad481-3335-4c51-a60a-e9cd97c09a74 with target datanode 95822305-c0a7-4ead-8647-0c2766a0adcd for container move.
2023-06-27 18:42:11,435 [main] INFO  balancer.ContainerBalancerTask (ContainerBalancerTask.java:processMoveSelection(569)) - ContainerBalancer is trying to move container #84 with size 4294967296B from source datanode dd0ad481-3335-4c51-a60a-e9cd97c09a74 to target datanode 95822305-c0a7-4ead-8647-0c2766a0adcd
2023-06-27 18:42:11,435 [main] DEBUG balancer.ContainerBalancerTask (ContainerBalancerTask.java:lambda$moveContainer$3(834)) - Container move completed for container #84 from source dd0ad481-3335-4c51-a60a-e9cd97c09a74 to target 95822305-c0a7-4ead-8647-0c2766a0adcd
2023-06-27 18:42:11,437 [main] DEBUG balancer.ContainerBalancerTask (ContainerBalancerTask.java:matchSourceWithTarget(706)) - ContainerBalancer is finding suitable target for source datanode dd0ad481-3335-4c51-a60a-e9cd97c09a74
2023-06-27 18:42:11,440 [main] INFO  balancer.ContainerBalancerTask (ContainerBalancerTask.java:matchSourceWithTarget(720)) - ContainerBalancer matched source datanode dd0ad481-3335-4c51-a60a-e9cd97c09a74 with target datanode 95822305-c0a7-4ead-8647-0c2766a0adcd for container move.
2023-06-27 18:42:11,441 [main] INFO  balancer.ContainerBalancerTask (ContainerBalancerTask.java:processMoveSelection(569)) - ContainerBalancer is trying to move container #86 with size 1073741824B from source datanode dd0ad481-3335-4c51-a60a-e9cd97c09a74 to target datanode 95822305-c0a7-4ead-8647-0c2766a0adcd
2023-06-27 18:42:11,441 [main] DEBUG balancer.ContainerBalancerTask (ContainerBalancerTask.java:lambda$moveContainer$3(834)) - Container move completed for container #86 from source dd0ad481-3335-4c51-a60a-e9cd97c09a74 to target 95822305-c0a7-4ead-8647-0c2766a0adcd
2023-06-27 18:42:11,443 [main] DEBUG balancer.ContainerBalancerTask (ContainerBalancerTask.java:matchSourceWithTarget(706)) - ContainerBalancer is finding suitable target for source datanode dd0ad481-3335-4c51-a60a-e9cd97c09a74
2023-06-27 18:42:11,443 [main] INFO  balancer.FindTargetGreedyByUsageInfo (AbstractFindTargetGreedy.java:findTargetForContainerMove(133)) - Container Balancer could not find a target for source datanode dd0ad481-3335-4c51-a60a-e9cd97c09a74
2023-06-27 18:42:11,443 [main] DEBUG balancer.ContainerBalancerTask (ContainerBalancerTask.java:matchSourceWithTarget(715)) - ContainerBalancer could not find a suitable target for source node dd0ad481-3335-4c51-a60a-e9cd97c09a74.
2023-06-27 18:42:11,444 [main] INFO  balancer.FindSourceGreedy (FindSourceGreedy.java:getNextCandidateSourceDataNode(126)) - no more candidate source data node
2023-06-27 18:42:11,444 [main] INFO  balancer.ContainerBalancerTask (ContainerBalancerTask.java:checkIterationMoveResults(640)) - Iteration Summary. Number of Datanodes involved: 2. Size moved: 19 GB (20401094656 Bytes). Number of Container moves completed: 5.
2023-06-27 18:42:11,444 [main] INFO  balancer.ContainerBalancerTask (ContainerBalancerTask.java:balance(259)) - Result of this iteration of Container Balancer: ITERATION_COMPLETED
2023-06-27 18:42:11,446 [main] DEBUG balancer.ContainerBalancerTask (ContainerBalancerTask.java:initializeIteration(374)) - Average utilization of the cluster is 0.3319255896112689
2023-06-27 18:42:11,446 [main] DEBUG balancer.ContainerBalancerTask (ContainerBalancerTask.java:initializeIteration(386)) - Lower limit for utilization is 0.23192558961126888 and Upper limit for utilization is 0.4319255896112689
2023-06-27 18:42:11,446 [main] DEBUG balancer.ContainerBalancerTask (ContainerBalancerTask.java:initializeIteration(398)) - Utilization for node dd0ad481-3335-4c51-a60a-e9cd97c09a74 with capacity 50107951786B, used 45097156608B, and remaining 5010795178B is 0.9000000000119741
2023-06-27 18:42:11,447 [main] DEBUG balancer.ContainerBalancerTask (ContainerBalancerTask.java:initializeIteration(398)) - Utilization for node d41609ce-d363-4c81-bc63-10facc55d693 with capacity 55029268480B, used 44023414784B, and remaining 11005853696B is 0.8
2023-06-27 18:42:11,447 [main] DEBUG balancer.ContainerBalancerTask (ContainerBalancerTask.java:initializeIteration(398)) - Utilization for node 60d7442b-168c-4742-875d-c3f8b4568bfc with capacity 67492343222B, used 47244640256B, and remaining 20247702966B is 0.7000000000088898
2023-06-27 18:42:11,447 [main] DEBUG balancer.ContainerBalancerTask (ContainerBalancerTask.java:initializeIteration(398)) - Utilization for node 57857078-48d3-475e-aa0a-d2dcfa5ef735 with capacity 78741067093B, used 47244640256B, and remaining 31496426837B is 0.60000000000254
2023-06-27 18:42:11,447 [main] DEBUG balancer.ContainerBalancerTask (ContainerBalancerTask.java:initializeIteration(398)) - Utilization for node 40dffd9e-94d9-429b-958d-dfe35a11c0ef with capacity 100931731456B, used 50465865728B, and remaining 50465865728B is 0.5
2023-06-27 18:42:11,447 [main] DEBUG balancer.ContainerBalancerTask (ContainerBalancerTask.java:initializeIteration(398)) - Utilization for node c92c85f6-4c01-48bb-8684-78153f17c621 with capacity 107374182400B, used 42949672960B, and remaining 64424509440B is 0.4
2023-06-27 18:42:11,447 [main] DEBUG balancer.ContainerBalancerTask (ContainerBalancerTask.java:initializeIteration(398)) - Utilization for node bd7fd17c-1ffa-4e43-8fb0-ed60e77617d0 with capacity 100215903573B, used 30064771072B, and remaining 70151132501B is 0.30000000000099786
2023-06-27 18:42:11,447 [main] DEBUG balancer.ContainerBalancerTask (ContainerBalancerTask.java:initializeIteration(398)) - Utilization for node bf2e8350-41d6-47e7-ab81-46ef748c1052 with capacity 155692564480B, used 31138512896B, and remaining 124554051584B is 0.2
2023-06-27 18:42:11,447 [main] DEBUG balancer.ContainerBalancerTask (ContainerBalancerTask.java:initializeIteration(398)) - Utilization for node 3a060d53-33fa-4d4b-9c47-3045f6820ec6 with capacity 365072220160B, used 36507222016B, and remaining 328564998144B is 0.1
2023-06-27 18:42:11,447 [main] DEBUG balancer.ContainerBalancerTask (ContainerBalancerTask.java:initializeIteration(398)) - Utilization for node 95822305-c0a7-4ead-8647-0c2766a0adcd with capacity 48318382080B, used 0B, and remaining 48318382080B is 0.0
2023-06-27 18:42:11,448 [main] INFO  balancer.ContainerBalancerTask (ContainerBalancerTask.java:initializeIteration(447)) - Container Balancer has identified 5 Over-Utilized and 3 Under-Utilized Datanodes that need to be balanced.
2023-06-27 18:42:11,448 [main] DEBUG balancer.ContainerBalancerTask (ContainerBalancerTask.java:lambda$initializeIteration$1(453)) - Datanode localhost-224.133.193.183 dd0ad481-3335-4c51-a60a-e9cd97c09a74 is Over-Utilized.
2023-06-27 18:42:11,448 [main] DEBUG balancer.ContainerBalancerTask (ContainerBalancerTask.java:lambda$initializeIteration$1(453)) - Datanode localhost-83.85.207.219 d41609ce-d363-4c81-bc63-10facc55d693 is Over-Utilized.
2023-06-27 18:42:11,448 [main] DEBUG balancer.ContainerBalancerTask (ContainerBalancerTask.java:lambda$initializeIteration$1(453)) - Datanode localhost-211.122.118.18 60d7442b-168c-4742-875d-c3f8b4568bfc is Over-Utilized.
2023-06-27 18:42:11,448 [main] DEBUG balancer.ContainerBalancerTask (ContainerBalancerTask.java:lambda$initializeIteration$1(453)) - Datanode localhost-238.29.223.20 57857078-48d3-475e-aa0a-d2dcfa5ef735 is Over-Utilized.
2023-06-27 18:42:11,448 [main] DEBUG balancer.ContainerBalancerTask (ContainerBalancerTask.java:lambda$initializeIteration$1(453)) - Datanode localhost-179.133.33.20 40dffd9e-94d9-429b-958d-dfe35a11c0ef is Over-Utilized.
2023-06-27 18:42:11,448 [main] DEBUG balancer.ContainerBalancerTask (ContainerBalancerTask.java:lambda$initializeIteration$2(459)) - Datanode localhost-161.182.156.58 95822305-c0a7-4ead-8647-0c2766a0adcd is Under-Utilized.
2023-06-27 18:42:11,448 [main] DEBUG balancer.ContainerBalancerTask (ContainerBalancerTask.java:lambda$initializeIteration$2(459)) - Datanode localhost-31.76.194.121 3a060d53-33fa-4d4b-9c47-3045f6820ec6 is Under-Utilized.
2023-06-27 18:42:11,448 [main] DEBUG balancer.ContainerBalancerTask (ContainerBalancerTask.java:lambda$initializeIteration$2(459)) - Datanode localhost-233.213.143.62 bf2e8350-41d6-47e7-ab81-46ef748c1052 is Under-Utilized.
2023-06-27 18:42:11,450 [main] DEBUG balancer.ContainerBalancerTask (ContainerBalancerTask.java:matchSourceWithTarget(706)) - ContainerBalancer is finding suitable target for source datanode dd0ad481-3335-4c51-a60a-e9cd97c09a74
2023-06-27 18:42:11,450 [main] INFO  balancer.ContainerBalancerTask (ContainerBalancerTask.java:matchSourceWithTarget(720)) - ContainerBalancer matched source datanode dd0ad481-3335-4c51-a60a-e9cd97c09a74 with target datanode 95822305-c0a7-4ead-8647-0c2766a0adcd for container move.
2023-06-27 18:42:11,450 [main] INFO  balancer.ContainerBalancerTask (ContainerBalancerTask.java:processMoveSelection(569)) - ContainerBalancer is trying to move container #85 with size 5368709120B from source datanode dd0ad481-3335-4c51-a60a-e9cd97c09a74 to target datanode 95822305-c0a7-4ead-8647-0c2766a0adcd
2023-06-27 18:42:11,451 [main] DEBUG balancer.ContainerBalancerTask (ContainerBalancerTask.java:lambda$moveContainer$3(834)) - Container move completed for container #85 from source dd0ad481-3335-4c51-a60a-e9cd97c09a74 to target 95822305-c0a7-4ead-8647-0c2766a0adcd
2023-06-27 18:42:11,451 [main] DEBUG balancer.ContainerBalancerTask (ContainerBalancerTask.java:adaptOnReachingIterationLimits(780)) - Reached max datanodes to involve limit. 2 datanodes have already been selected for balancing and the limit is 2. Only already selected sources and targets can be involved in balancing now.
2023-06-27 18:42:11,453 [main] DEBUG balancer.ContainerBalancerTask (ContainerBalancerTask.java:matchSourceWithTarget(706)) - ContainerBalancer is finding suitable target for source datanode dd0ad481-3335-4c51-a60a-e9cd97c09a74
2023-06-27 18:42:11,453 [main] INFO  balancer.ContainerBalancerTask (ContainerBalancerTask.java:matchSourceWithTarget(720)) - ContainerBalancer matched source datanode dd0ad481-3335-4c51-a60a-e9cd97c09a74 with target datanode 95822305-c0a7-4ead-8647-0c2766a0adcd for container move.
2023-06-27 18:42:11,453 [main] INFO  balancer.ContainerBalancerTask (ContainerBalancerTask.java:processMoveSelection(569)) - ContainerBalancer is trying to move container #40 with size 5368709120B from source datanode dd0ad481-3335-4c51-a60a-e9cd97c09a74 to target datanode 95822305-c0a7-4ead-8647-0c2766a0adcd
2023-06-27 18:42:11,453 [main] DEBUG balancer.ContainerBalancerTask (ContainerBalancerTask.java:lambda$moveContainer$3(834)) - Container move completed for container #40 from source dd0ad481-3335-4c51-a60a-e9cd97c09a74 to target 95822305-c0a7-4ead-8647-0c2766a0adcd
2023-06-27 18:42:11,455 [main] DEBUG balancer.ContainerBalancerTask (ContainerBalancerTask.java:matchSourceWithTarget(706)) - ContainerBalancer is finding suitable target for source datanode dd0ad481-3335-4c51-a60a-e9cd97c09a74
2023-06-27 18:42:11,455 [main] INFO  balancer.ContainerBalancerTask (ContainerBalancerTask.java:matchSourceWithTarget(720)) - ContainerBalancer matched source datanode dd0ad481-3335-4c51-a60a-e9cd97c09a74 with target datanode 95822305-c0a7-4ead-8647-0c2766a0adcd for container move.
2023-06-27 18:42:11,455 [main] INFO  balancer.ContainerBalancerTask (ContainerBalancerTask.java:processMoveSelection(569)) - ContainerBalancer is trying to move container #89 with size 4294967296B from source datanode dd0ad481-3335-4c51-a60a-e9cd97c09a74 to target datanode 95822305-c0a7-4ead-8647-0c2766a0adcd
2023-06-27 18:42:11,455 [main] DEBUG balancer.ContainerBalancerTask (ContainerBalancerTask.java:lambda$moveContainer$3(834)) - Container move completed for container #89 from source dd0ad481-3335-4c51-a60a-e9cd97c09a74 to target 95822305-c0a7-4ead-8647-0c2766a0adcd
2023-06-27 18:42:11,457 [main] DEBUG balancer.ContainerBalancerTask (ContainerBalancerTask.java:matchSourceWithTarget(706)) - ContainerBalancer is finding suitable target for source datanode dd0ad481-3335-4c51-a60a-e9cd97c09a74
2023-06-27 18:42:11,458 [main] INFO  balancer.ContainerBalancerTask (ContainerBalancerTask.java:matchSourceWithTarget(720)) - ContainerBalancer matched source datanode dd0ad481-3335-4c51-a60a-e9cd97c09a74 with target datanode 95822305-c0a7-4ead-8647-0c2766a0adcd for container move.
2023-06-27 18:42:11,458 [main] INFO  balancer.ContainerBalancerTask (ContainerBalancerTask.java:processMoveSelection(569)) - ContainerBalancer is trying to move container #84 with size 4294967296B from source datanode dd0ad481-3335-4c51-a60a-e9cd97c09a74 to target datanode 95822305-c0a7-4ead-8647-0c2766a0adcd
2023-06-27 18:42:11,458 [main] DEBUG balancer.ContainerBalancerTask (ContainerBalancerTask.java:lambda$moveContainer$3(834)) - Container move completed for container #84 from source dd0ad481-3335-4c51-a60a-e9cd97c09a74 to target 95822305-c0a7-4ead-8647-0c2766a0adcd
2023-06-27 18:42:11,460 [main] DEBUG balancer.ContainerBalancerTask (ContainerBalancerTask.java:matchSourceWithTarget(706)) - ContainerBalancer is finding suitable target for source datanode dd0ad481-3335-4c51-a60a-e9cd97c09a74
2023-06-27 18:42:11,460 [main] INFO  balancer.ContainerBalancerTask (ContainerBalancerTask.java:matchSourceWithTarget(720)) - ContainerBalancer matched source datanode dd0ad481-3335-4c51-a60a-e9cd97c09a74 with target datanode 95822305-c0a7-4ead-8647-0c2766a0adcd for container move.
2023-06-27 18:42:11,460 [main] INFO  balancer.ContainerBalancerTask (ContainerBalancerTask.java:processMoveSelection(569)) - ContainerBalancer is trying to move container #86 with size 1073741824B from source datanode dd0ad481-3335-4c51-a60a-e9cd97c09a74 to target datanode 95822305-c0a7-4ead-8647-0c2766a0adcd
2023-06-27 18:42:11,460 [main] DEBUG balancer.ContainerBalancerTask (ContainerBalancerTask.java:lambda$moveContainer$3(834)) - Container move completed for container #86 from source dd0ad481-3335-4c51-a60a-e9cd97c09a74 to target 95822305-c0a7-4ead-8647-0c2766a0adcd
2023-06-27 18:42:11,462 [main] DEBUG balancer.ContainerBalancerTask (ContainerBalancerTask.java:matchSourceWithTarget(706)) - ContainerBalancer is finding suitable target for source datanode dd0ad481-3335-4c51-a60a-e9cd97c09a74
2023-06-27 18:42:11,463 [main] INFO  balancer.FindTargetGreedyByUsageInfo (AbstractFindTargetGreedy.java:findTargetForContainerMove(133)) - Container Balancer could not find a target for source datanode dd0ad481-3335-4c51-a60a-e9cd97c09a74
2023-06-27 18:42:11,463 [main] DEBUG balancer.ContainerBalancerTask (ContainerBalancerTask.java:matchSourceWithTarget(715)) - ContainerBalancer could not find a suitable target for source node dd0ad481-3335-4c51-a60a-e9cd97c09a74.
2023-06-27 18:42:11,463 [main] INFO  balancer.FindSourceGreedy (FindSourceGreedy.java:getNextCandidateSourceDataNode(126)) - no more candidate source data node
2023-06-27 18:42:11,463 [main] INFO  balancer.ContainerBalancerTask (ContainerBalancerTask.java:checkIterationMoveResults(640)) - Iteration Summary. Number of Datanodes involved: 2. Size moved: 19 GB (20401094656 Bytes). Number of Container moves completed: 5.
2023-06-27 18:42:11,463 [main] INFO  balancer.ContainerBalancerTask (ContainerBalancerTask.java:balance(259)) - Result of this iteration of Container Balancer: ITERATION_COMPLETED
2023-06-27 18:42:11,465 [main] DEBUG balancer.ContainerBalancerTask (ContainerBalancerTask.java:initializeIteration(374)) - Average utilization of the cluster is 0.3319255896112689
2023-06-27 18:42:11,465 [main] DEBUG balancer.ContainerBalancerTask (ContainerBalancerTask.java:initializeIteration(386)) - Lower limit for utilization is 0.23192558961126888 and Upper limit for utilization is 0.4319255896112689
2023-06-27 18:42:11,465 [main] DEBUG balancer.ContainerBalancerTask (ContainerBalancerTask.java:initializeIteration(398)) - Utilization for node dd0ad481-3335-4c51-a60a-e9cd97c09a74 with capacity 50107951786B, used 45097156608B, and remaining 5010795178B is 0.9000000000119741
2023-06-27 18:42:11,465 [main] DEBUG balancer.ContainerBalancerTask (ContainerBalancerTask.java:initializeIteration(398)) - Utilization for node d41609ce-d363-4c81-bc63-10facc55d693 with capacity 55029268480B, used 44023414784B, and remaining 11005853696B is 0.8
2023-06-27 18:42:11,465 [main] DEBUG balancer.ContainerBalancerTask (ContainerBalancerTask.java:initializeIteration(398)) - Utilization for node 60d7442b-168c-4742-875d-c3f8b4568bfc with capacity 67492343222B, used 47244640256B, and remaining 20247702966B is 0.7000000000088898
2023-06-27 18:42:11,466 [main] DEBUG balancer.ContainerBalancerTask (ContainerBalancerTask.java:initializeIteration(398)) - Utilization for node 57857078-48d3-475e-aa0a-d2dcfa5ef735 with capacity 78741067093B, used 47244640256B, and remaining 31496426837B is 0.60000000000254
2023-06-27 18:42:11,466 [main] DEBUG balancer.ContainerBalancerTask (ContainerBalancerTask.java:initializeIteration(398)) - Utilization for node 40dffd9e-94d9-429b-958d-dfe35a11c0ef with capacity 100931731456B, used 50465865728B, and remaining 50465865728B is 0.5
2023-06-27 18:42:11,466 [main] DEBUG balancer.ContainerBalancerTask (ContainerBalancerTask.java:initializeIteration(398)) - Utilization for node c92c85f6-4c01-48bb-8684-78153f17c621 with capacity 107374182400B, used 42949672960B, and remaining 64424509440B is 0.4
2023-06-27 18:42:11,466 [main] DEBUG balancer.ContainerBalancerTask (ContainerBalancerTask.java:initializeIteration(398)) - Utilization for node bd7fd17c-1ffa-4e43-8fb0-ed60e77617d0 with capacity 100215903573B, used 30064771072B, and remaining 70151132501B is 0.30000000000099786
2023-06-27 18:42:11,466 [main] DEBUG balancer.ContainerBalancerTask (ContainerBalancerTask.java:initializeIteration(398)) - Utilization for node bf2e8350-41d6-47e7-ab81-46ef748c1052 with capacity 155692564480B, used 31138512896B, and remaining 124554051584B is 0.2
2023-06-27 18:42:11,466 [main] DEBUG balancer.ContainerBalancerTask (ContainerBalancerTask.java:initializeIteration(398)) - Utilization for node 3a060d53-33fa-4d4b-9c47-3045f6820ec6 with capacity 365072220160B, used 36507222016B, and remaining 328564998144B is 0.1
2023-06-27 18:42:11,466 [main] DEBUG balancer.ContainerBalancerTask (ContainerBalancerTask.java:initializeIteration(398)) - Utilization for node 95822305-c0a7-4ead-8647-0c2766a0adcd with capacity 48318382080B, used 0B, and remaining 48318382080B is 0.0
2023-06-27 18:42:11,466 [main] INFO  balancer.ContainerBalancerTask (ContainerBalancerTask.java:initializeIteration(447)) - Container Balancer has identified 5 Over-Utilized and 3 Under-Utilized Datanodes that need to be balanced.
2023-06-27 18:42:11,466 [main] DEBUG balancer.ContainerBalancerTask (ContainerBalancerTask.java:lambda$initializeIteration$1(453)) - Datanode localhost-224.133.193.183 dd0ad481-3335-4c51-a60a-e9cd97c09a74 is Over-Utilized.
2023-06-27 18:42:11,466 [main] DEBUG balancer.ContainerBalancerTask (ContainerBalancerTask.java:lambda$initializeIteration$1(453)) - Datanode localhost-83.85.207.219 d41609ce-d363-4c81-bc63-10facc55d693 is Over-Utilized.
2023-06-27 18:42:11,466 [main] DEBUG balancer.ContainerBalancerTask (ContainerBalancerTask.java:lambda$initializeIteration$1(453)) - Datanode localhost-211.122.118.18 60d7442b-168c-4742-875d-c3f8b4568bfc is Over-Utilized.
2023-06-27 18:42:11,466 [main] DEBUG balancer.ContainerBalancerTask (ContainerBalancerTask.java:lambda$initializeIteration$1(453)) - Datanode localhost-238.29.223.20 57857078-48d3-475e-aa0a-d2dcfa5ef735 is Over-Utilized.
2023-06-27 18:42:11,467 [main] DEBUG balancer.ContainerBalancerTask (ContainerBalancerTask.java:lambda$initializeIteration$1(453)) - Datanode localhost-179.133.33.20 40dffd9e-94d9-429b-958d-dfe35a11c0ef is Over-Utilized.
2023-06-27 18:42:11,467 [main] DEBUG balancer.ContainerBalancerTask (ContainerBalancerTask.java:lambda$initializeIteration$2(459)) - Datanode localhost-161.182.156.58 95822305-c0a7-4ead-8647-0c2766a0adcd is Under-Utilized.
2023-06-27 18:42:11,467 [main] DEBUG balancer.ContainerBalancerTask (ContainerBalancerTask.java:lambda$initializeIteration$2(459)) - Datanode localhost-31.76.194.121 3a060d53-33fa-4d4b-9c47-3045f6820ec6 is Under-Utilized.
2023-06-27 18:42:11,467 [main] DEBUG balancer.ContainerBalancerTask (ContainerBalancerTask.java:lambda$initializeIteration$2(459)) - Datanode localhost-233.213.143.62 bf2e8350-41d6-47e7-ab81-46ef748c1052 is Under-Utilized.
2023-06-27 18:42:11,469 [main] DEBUG balancer.ContainerBalancerTask (ContainerBalancerTask.java:matchSourceWithTarget(706)) - ContainerBalancer is finding suitable target for source datanode dd0ad481-3335-4c51-a60a-e9cd97c09a74
2023-06-27 18:42:11,469 [main] INFO  balancer.ContainerBalancerTask (ContainerBalancerTask.java:matchSourceWithTarget(720)) - ContainerBalancer matched source datanode dd0ad481-3335-4c51-a60a-e9cd97c09a74 with target datanode 95822305-c0a7-4ead-8647-0c2766a0adcd for container move.
2023-06-27 18:42:11,469 [main] INFO  balancer.ContainerBalancerTask (ContainerBalancerTask.java:processMoveSelection(569)) - ContainerBalancer is trying to move container #85 with size 5368709120B from source datanode dd0ad481-3335-4c51-a60a-e9cd97c09a74 to target datanode 95822305-c0a7-4ead-8647-0c2766a0adcd
2023-06-27 18:42:11,469 [main] DEBUG balancer.ContainerBalancerTask (ContainerBalancerTask.java:lambda$moveContainer$3(834)) - Container move completed for container #85 from source dd0ad481-3335-4c51-a60a-e9cd97c09a74 to target 95822305-c0a7-4ead-8647-0c2766a0adcd
2023-06-27 18:42:11,469 [main] DEBUG balancer.ContainerBalancerTask (ContainerBalancerTask.java:adaptOnReachingIterationLimits(780)) - Reached max datanodes to involve limit. 2 datanodes have already been selected for balancing and the limit is 2. Only already selected sources and targets can be involved in balancing now.
2023-06-27 18:42:11,471 [main] DEBUG balancer.ContainerBalancerTask (ContainerBalancerTask.java:matchSourceWithTarget(706)) - ContainerBalancer is finding suitable target for source datanode dd0ad481-3335-4c51-a60a-e9cd97c09a74
2023-06-27 18:42:11,471 [main] INFO  balancer.ContainerBalancerTask (ContainerBalancerTask.java:matchSourceWithTarget(720)) - ContainerBalancer matched source datanode dd0ad481-3335-4c51-a60a-e9cd97c09a74 with target datanode 95822305-c0a7-4ead-8647-0c2766a0adcd for container move.
2023-06-27 18:42:11,471 [main] INFO  balancer.ContainerBalancerTask (ContainerBalancerTask.java:processMoveSelection(569)) - ContainerBalancer is trying to move container #40 with size 5368709120B from source datanode dd0ad481-3335-4c51-a60a-e9cd97c09a74 to target datanode 95822305-c0a7-4ead-8647-0c2766a0adcd
2023-06-27 18:42:11,471 [main] DEBUG balancer.ContainerBalancerTask (ContainerBalancerTask.java:lambda$moveContainer$3(834)) - Container move completed for container #40 from source dd0ad481-3335-4c51-a60a-e9cd97c09a74 to target 95822305-c0a7-4ead-8647-0c2766a0adcd
2023-06-27 18:42:11,473 [main] DEBUG balancer.ContainerBalancerTask (ContainerBalancerTask.java:matchSourceWithTarget(706)) - ContainerBalancer is finding suitable target for source datanode dd0ad481-3335-4c51-a60a-e9cd97c09a74
2023-06-27 18:42:11,474 [main] INFO  balancer.ContainerBalancerTask (ContainerBalancerTask.java:matchSourceWithTarget(720)) - ContainerBalancer matched source datanode dd0ad481-3335-4c51-a60a-e9cd97c09a74 with target datanode 95822305-c0a7-4ead-8647-0c2766a0adcd for container move.
2023-06-27 18:42:11,474 [main] INFO  balancer.ContainerBalancerTask (ContainerBalancerTask.java:processMoveSelection(569)) - ContainerBalancer is trying to move container #89 with size 4294967296B from source datanode dd0ad481-3335-4c51-a60a-e9cd97c09a74 to target datanode 95822305-c0a7-4ead-8647-0c2766a0adcd
2023-06-27 18:42:11,474 [main] DEBUG balancer.ContainerBalancerTask (ContainerBalancerTask.java:lambda$moveContainer$3(834)) - Container move completed for container #89 from source dd0ad481-3335-4c51-a60a-e9cd97c09a74 to target 95822305-c0a7-4ead-8647-0c2766a0adcd
2023-06-27 18:42:11,476 [main] DEBUG balancer.ContainerBalancerTask (ContainerBalancerTask.java:matchSourceWithTarget(706)) - ContainerBalancer is finding suitable target for source datanode dd0ad481-3335-4c51-a60a-e9cd97c09a74
2023-06-27 18:42:11,476 [main] INFO  balancer.ContainerBalancerTask (ContainerBalancerTask.java:matchSourceWithTarget(720)) - ContainerBalancer matched source datanode dd0ad481-3335-4c51-a60a-e9cd97c09a74 with target datanode 95822305-c0a7-4ead-8647-0c2766a0adcd for container move.
2023-06-27 18:42:11,476 [main] INFO  balancer.ContainerBalancerTask (ContainerBalancerTask.java:processMoveSelection(569)) - ContainerBalancer is trying to move container #84 with size 4294967296B from source datanode dd0ad481-3335-4c51-a60a-e9cd97c09a74 to target datanode 95822305-c0a7-4ead-8647-0c2766a0adcd
2023-06-27 18:42:11,476 [main] DEBUG balancer.ContainerBalancerTask (ContainerBalancerTask.java:lambda$moveContainer$3(834)) - Container move completed for container #84 from source dd0ad481-3335-4c51-a60a-e9cd97c09a74 to target 95822305-c0a7-4ead-8647-0c2766a0adcd
2023-06-27 18:42:11,478 [main] DEBUG balancer.ContainerBalancerTask (ContainerBalancerTask.java:matchSourceWithTarget(706)) - ContainerBalancer is finding suitable target for source datanode dd0ad481-3335-4c51-a60a-e9cd97c09a74
2023-06-27 18:42:11,478 [main] INFO  balancer.ContainerBalancerTask (ContainerBalancerTask.java:matchSourceWithTarget(720)) - ContainerBalancer matched source datanode dd0ad481-3335-4c51-a60a-e9cd97c09a74 with target datanode 95822305-c0a7-4ead-8647-0c2766a0adcd for container move.
2023-06-27 18:42:11,479 [main] INFO  balancer.ContainerBalancerTask (ContainerBalancerTask.java:processMoveSelection(569)) - ContainerBalancer is trying to move container #86 with size 1073741824B from source datanode dd0ad481-3335-4c51-a60a-e9cd97c09a74 to target datanode 95822305-c0a7-4ead-8647-0c2766a0adcd
2023-06-27 18:42:11,479 [main] DEBUG balancer.ContainerBalancerTask (ContainerBalancerTask.java:lambda$moveContainer$3(834)) - Container move completed for container #86 from source dd0ad481-3335-4c51-a60a-e9cd97c09a74 to target 95822305-c0a7-4ead-8647-0c2766a0adcd
2023-06-27 18:42:11,481 [main] DEBUG balancer.ContainerBalancerTask (ContainerBalancerTask.java:matchSourceWithTarget(706)) - ContainerBalancer is finding suitable target for source datanode dd0ad481-3335-4c51-a60a-e9cd97c09a74
2023-06-27 18:42:11,481 [main] INFO  balancer.FindTargetGreedyByUsageInfo (AbstractFindTargetGreedy.java:findTargetForContainerMove(133)) - Container Balancer could not find a target for source datanode dd0ad481-3335-4c51-a60a-e9cd97c09a74
2023-06-27 18:42:11,481 [main] DEBUG balancer.ContainerBalancerTask (ContainerBalancerTask.java:matchSourceWithTarget(715)) - ContainerBalancer could not find a suitable target for source node dd0ad481-3335-4c51-a60a-e9cd97c09a74.
2023-06-27 18:42:11,481 [main] INFO  balancer.FindSourceGreedy (FindSourceGreedy.java:getNextCandidateSourceDataNode(126)) - no more candidate source data node
2023-06-27 18:42:11,482 [main] INFO  balancer.ContainerBalancerTask (ContainerBalancerTask.java:checkIterationMoveResults(640)) - Iteration Summary. Number of Datanodes involved: 2. Size moved: 19 GB (20401094656 Bytes). Number of Container moves completed: 5.
2023-06-27 18:42:11,482 [main] INFO  balancer.ContainerBalancerTask (ContainerBalancerTask.java:balance(259)) - Result of this iteration of Container Balancer: ITERATION_COMPLETED
2023-06-27 18:42:11,485 [main] DEBUG balancer.ContainerBalancerTask (ContainerBalancerTask.java:initializeIteration(374)) - Average utilization of the cluster is 0.3319255896112689
2023-06-27 18:42:11,485 [main] DEBUG balancer.ContainerBalancerTask (ContainerBalancerTask.java:initializeIteration(386)) - Lower limit for utilization is 0.23192558961126888 and Upper limit for utilization is 0.4319255896112689
2023-06-27 18:42:11,485 [main] DEBUG balancer.ContainerBalancerTask (ContainerBalancerTask.java:initializeIteration(398)) - Utilization for node dd0ad481-3335-4c51-a60a-e9cd97c09a74 with capacity 50107951786B, used 45097156608B, and remaining 5010795178B is 0.9000000000119741
2023-06-27 18:42:11,485 [main] DEBUG balancer.ContainerBalancerTask (ContainerBalancerTask.java:initializeIteration(398)) - Utilization for node d41609ce-d363-4c81-bc63-10facc55d693 with capacity 55029268480B, used 44023414784B, and remaining 11005853696B is 0.8
2023-06-27 18:42:11,486 [main] DEBUG balancer.ContainerBalancerTask (ContainerBalancerTask.java:initializeIteration(398)) - Utilization for node 60d7442b-168c-4742-875d-c3f8b4568bfc with capacity 67492343222B, used 47244640256B, and remaining 20247702966B is 0.7000000000088898
2023-06-27 18:42:11,486 [main] DEBUG balancer.ContainerBalancerTask (ContainerBalancerTask.java:initializeIteration(398)) - Utilization for node 57857078-48d3-475e-aa0a-d2dcfa5ef735 with capacity 78741067093B, used 47244640256B, and remaining 31496426837B is 0.60000000000254
2023-06-27 18:42:11,486 [main] DEBUG balancer.ContainerBalancerTask (ContainerBalancerTask.java:initializeIteration(398)) - Utilization for node 40dffd9e-94d9-429b-958d-dfe35a11c0ef with capacity 100931731456B, used 50465865728B, and remaining 50465865728B is 0.5
2023-06-27 18:42:11,486 [main] DEBUG balancer.ContainerBalancerTask (ContainerBalancerTask.java:initializeIteration(398)) - Utilization for node c92c85f6-4c01-48bb-8684-78153f17c621 with capacity 107374182400B, used 42949672960B, and remaining 64424509440B is 0.4
2023-06-27 18:42:11,486 [main] DEBUG balancer.ContainerBalancerTask (ContainerBalancerTask.java:initializeIteration(398)) - Utilization for node bd7fd17c-1ffa-4e43-8fb0-ed60e77617d0 with capacity 100215903573B, used 30064771072B, and remaining 70151132501B is 0.30000000000099786
2023-06-27 18:42:11,486 [main] DEBUG balancer.ContainerBalancerTask (ContainerBalancerTask.java:initializeIteration(398)) - Utilization for node bf2e8350-41d6-47e7-ab81-46ef748c1052 with capacity 155692564480B, used 31138512896B, and remaining 124554051584B is 0.2
2023-06-27 18:42:11,486 [main] DEBUG balancer.ContainerBalancerTask (ContainerBalancerTask.java:initializeIteration(398)) - Utilization for node 3a060d53-33fa-4d4b-9c47-3045f6820ec6 with capacity 365072220160B, used 36507222016B, and remaining 328564998144B is 0.1
2023-06-27 18:42:11,486 [main] DEBUG balancer.ContainerBalancerTask (ContainerBalancerTask.java:initializeIteration(398)) - Utilization for node 95822305-c0a7-4ead-8647-0c2766a0adcd with capacity 48318382080B, used 0B, and remaining 48318382080B is 0.0
2023-06-27 18:42:11,486 [main] INFO  balancer.ContainerBalancerTask (ContainerBalancerTask.java:initializeIteration(447)) - Container Balancer has identified 5 Over-Utilized and 3 Under-Utilized Datanodes that need to be balanced.
2023-06-27 18:42:11,486 [main] DEBUG balancer.ContainerBalancerTask (ContainerBalancerTask.java:lambda$initializeIteration$1(453)) - Datanode localhost-224.133.193.183 dd0ad481-3335-4c51-a60a-e9cd97c09a74 is Over-Utilized.
2023-06-27 18:42:11,486 [main] DEBUG balancer.ContainerBalancerTask (ContainerBalancerTask.java:lambda$initializeIteration$1(453)) - Datanode localhost-83.85.207.219 d41609ce-d363-4c81-bc63-10facc55d693 is Over-Utilized.
2023-06-27 18:42:11,486 [main] DEBUG balancer.ContainerBalancerTask (ContainerBalancerTask.java:lambda$initializeIteration$1(453)) - Datanode localhost-211.122.118.18 60d7442b-168c-4742-875d-c3f8b4568bfc is Over-Utilized.
2023-06-27 18:42:11,487 [main] DEBUG balancer.ContainerBalancerTask (ContainerBalancerTask.java:lambda$initializeIteration$1(453)) - Datanode localhost-238.29.223.20 57857078-48d3-475e-aa0a-d2dcfa5ef735 is Over-Utilized.
2023-06-27 18:42:11,487 [main] DEBUG balancer.ContainerBalancerTask (ContainerBalancerTask.java:lambda$initializeIteration$1(453)) - Datanode localhost-179.133.33.20 40dffd9e-94d9-429b-958d-dfe35a11c0ef is Over-Utilized.
2023-06-27 18:42:11,487 [main] DEBUG balancer.ContainerBalancerTask (ContainerBalancerTask.java:lambda$initializeIteration$2(459)) - Datanode localhost-161.182.156.58 95822305-c0a7-4ead-8647-0c2766a0adcd is Under-Utilized.
2023-06-27 18:42:11,487 [main] DEBUG balancer.ContainerBalancerTask (ContainerBalancerTask.java:lambda$initializeIteration$2(459)) - Datanode localhost-31.76.194.121 3a060d53-33fa-4d4b-9c47-3045f6820ec6 is Under-Utilized.
2023-06-27 18:42:11,487 [main] DEBUG balancer.ContainerBalancerTask (ContainerBalancerTask.java:lambda$initializeIteration$2(459)) - Datanode localhost-233.213.143.62 bf2e8350-41d6-47e7-ab81-46ef748c1052 is Under-Utilized.
2023-06-27 18:42:11,489 [main] DEBUG balancer.ContainerBalancerTask (ContainerBalancerTask.java:matchSourceWithTarget(706)) - ContainerBalancer is finding suitable target for source datanode dd0ad481-3335-4c51-a60a-e9cd97c09a74
2023-06-27 18:42:11,489 [main] INFO  balancer.ContainerBalancerTask (ContainerBalancerTask.java:matchSourceWithTarget(720)) - ContainerBalancer matched source datanode dd0ad481-3335-4c51-a60a-e9cd97c09a74 with target datanode 95822305-c0a7-4ead-8647-0c2766a0adcd for container move.
2023-06-27 18:42:11,489 [main] INFO  balancer.ContainerBalancerTask (ContainerBalancerTask.java:processMoveSelection(569)) - ContainerBalancer is trying to move container #85 with size 5368709120B from source datanode dd0ad481-3335-4c51-a60a-e9cd97c09a74 to target datanode 95822305-c0a7-4ead-8647-0c2766a0adcd
2023-06-27 18:42:11,490 [main] DEBUG balancer.ContainerBalancerTask (ContainerBalancerTask.java:lambda$moveContainer$3(834)) - Container move completed for container #85 from source dd0ad481-3335-4c51-a60a-e9cd97c09a74 to target 95822305-c0a7-4ead-8647-0c2766a0adcd
2023-06-27 18:42:11,490 [main] DEBUG balancer.ContainerBalancerTask (ContainerBalancerTask.java:adaptOnReachingIterationLimits(780)) - Reached max datanodes to involve limit. 2 datanodes have already been selected for balancing and the limit is 2. Only already selected sources and targets can be involved in balancing now.
2023-06-27 18:42:11,492 [main] DEBUG balancer.ContainerBalancerTask (ContainerBalancerTask.java:matchSourceWithTarget(706)) - ContainerBalancer is finding suitable target for source datanode dd0ad481-3335-4c51-a60a-e9cd97c09a74
2023-06-27 18:42:11,492 [main] INFO  balancer.ContainerBalancerTask (ContainerBalancerTask.java:matchSourceWithTarget(720)) - ContainerBalancer matched source datanode dd0ad481-3335-4c51-a60a-e9cd97c09a74 with target datanode 95822305-c0a7-4ead-8647-0c2766a0adcd for container move.
2023-06-27 18:42:11,492 [main] INFO  balancer.ContainerBalancerTask (ContainerBalancerTask.java:processMoveSelection(569)) - ContainerBalancer is trying to move container #40 with size 5368709120B from source datanode dd0ad481-3335-4c51-a60a-e9cd97c09a74 to target datanode 95822305-c0a7-4ead-8647-0c2766a0adcd
2023-06-27 18:42:11,492 [main] DEBUG balancer.ContainerBalancerTask (ContainerBalancerTask.java:lambda$moveContainer$3(834)) - Container move completed for container #40 from source dd0ad481-3335-4c51-a60a-e9cd97c09a74 to target 95822305-c0a7-4ead-8647-0c2766a0adcd
2023-06-27 18:42:11,494 [main] DEBUG balancer.ContainerBalancerTask (ContainerBalancerTask.java:matchSourceWithTarget(706)) - ContainerBalancer is finding suitable target for source datanode dd0ad481-3335-4c51-a60a-e9cd97c09a74
2023-06-27 18:42:11,494 [main] INFO  balancer.ContainerBalancerTask (ContainerBalancerTask.java:matchSourceWithTarget(720)) - ContainerBalancer matched source datanode dd0ad481-3335-4c51-a60a-e9cd97c09a74 with target datanode 95822305-c0a7-4ead-8647-0c2766a0adcd for container move.
2023-06-27 18:42:11,494 [main] INFO  balancer.ContainerBalancerTask (ContainerBalancerTask.java:processMoveSelection(569)) - ContainerBalancer is trying to move container #89 with size 4294967296B from source datanode dd0ad481-3335-4c51-a60a-e9cd97c09a74 to target datanode 95822305-c0a7-4ead-8647-0c2766a0adcd
2023-06-27 18:42:11,495 [main] DEBUG balancer.ContainerBalancerTask (ContainerBalancerTask.java:lambda$moveContainer$3(834)) - Container move completed for container #89 from source dd0ad481-3335-4c51-a60a-e9cd97c09a74 to target 95822305-c0a7-4ead-8647-0c2766a0adcd
2023-06-27 18:42:11,497 [main] DEBUG balancer.ContainerBalancerTask (ContainerBalancerTask.java:matchSourceWithTarget(706)) - ContainerBalancer is finding suitable target for source datanode dd0ad481-3335-4c51-a60a-e9cd97c09a74
2023-06-27 18:42:11,497 [main] INFO  balancer.ContainerBalancerTask (ContainerBalancerTask.java:matchSourceWithTarget(720)) - ContainerBalancer matched source datanode dd0ad481-3335-4c51-a60a-e9cd97c09a74 with target datanode 95822305-c0a7-4ead-8647-0c2766a0adcd for container move.
2023-06-27 18:42:11,497 [main] INFO  balancer.ContainerBalancerTask (ContainerBalancerTask.java:processMoveSelection(569)) - ContainerBalancer is trying to move container #84 with size 4294967296B from source datanode dd0ad481-3335-4c51-a60a-e9cd97c09a74 to target datanode 95822305-c0a7-4ead-8647-0c2766a0adcd
2023-06-27 18:42:11,497 [main] DEBUG balancer.ContainerBalancerTask (ContainerBalancerTask.java:lambda$moveContainer$3(834)) - Container move completed for container #84 from source dd0ad481-3335-4c51-a60a-e9cd97c09a74 to target 95822305-c0a7-4ead-8647-0c2766a0adcd
2023-06-27 18:42:11,499 [main] DEBUG balancer.ContainerBalancerTask (ContainerBalancerTask.java:matchSourceWithTarget(706)) - ContainerBalancer is finding suitable target for source datanode dd0ad481-3335-4c51-a60a-e9cd97c09a74
2023-06-27 18:42:11,501 [main] INFO  balancer.ContainerBalancerTask (ContainerBalancerTask.java:matchSourceWithTarget(720)) - ContainerBalancer matched source datanode dd0ad481-3335-4c51-a60a-e9cd97c09a74 with target datanode 95822305-c0a7-4ead-8647-0c2766a0adcd for container move.
2023-06-27 18:42:11,501 [main] INFO  balancer.ContainerBalancerTask (ContainerBalancerTask.java:processMoveSelection(569)) - ContainerBalancer is trying to move container #86 with size 1073741824B from source datanode dd0ad481-3335-4c51-a60a-e9cd97c09a74 to target datanode 95822305-c0a7-4ead-8647-0c2766a0adcd
2023-06-27 18:42:11,501 [main] DEBUG balancer.ContainerBalancerTask (ContainerBalancerTask.java:lambda$moveContainer$3(834)) - Container move completed for container #86 from source dd0ad481-3335-4c51-a60a-e9cd97c09a74 to target 95822305-c0a7-4ead-8647-0c2766a0adcd
2023-06-27 18:42:11,503 [main] DEBUG balancer.ContainerBalancerTask (ContainerBalancerTask.java:matchSourceWithTarget(706)) - ContainerBalancer is finding suitable target for source datanode dd0ad481-3335-4c51-a60a-e9cd97c09a74
2023-06-27 18:42:11,504 [main] INFO  balancer.FindTargetGreedyByUsageInfo (AbstractFindTargetGreedy.java:findTargetForContainerMove(133)) - Container Balancer could not find a target for source datanode dd0ad481-3335-4c51-a60a-e9cd97c09a74
2023-06-27 18:42:11,504 [main] DEBUG balancer.ContainerBalancerTask (ContainerBalancerTask.java:matchSourceWithTarget(715)) - ContainerBalancer could not find a suitable target for source node dd0ad481-3335-4c51-a60a-e9cd97c09a74.
2023-06-27 18:42:11,504 [main] INFO  balancer.FindSourceGreedy (FindSourceGreedy.java:getNextCandidateSourceDataNode(126)) - no more candidate source data node
2023-06-27 18:42:11,504 [main] INFO  balancer.ContainerBalancerTask (ContainerBalancerTask.java:checkIterationMoveResults(640)) - Iteration Summary. Number of Datanodes involved: 2. Size moved: 19 GB (20401094656 Bytes). Number of Container moves completed: 5.
2023-06-27 18:42:11,504 [main] INFO  balancer.ContainerBalancerTask (ContainerBalancerTask.java:balance(259)) - Result of this iteration of Container Balancer: ITERATION_COMPLETED
2023-06-27 18:42:11,506 [main] DEBUG balancer.ContainerBalancerTask (ContainerBalancerTask.java:initializeIteration(374)) - Average utilization of the cluster is 0.3319255896112689
2023-06-27 18:42:11,506 [main] DEBUG balancer.ContainerBalancerTask (ContainerBalancerTask.java:initializeIteration(386)) - Lower limit for utilization is 0.23192558961126888 and Upper limit for utilization is 0.4319255896112689
2023-06-27 18:42:11,507 [main] DEBUG balancer.ContainerBalancerTask (ContainerBalancerTask.java:initializeIteration(398)) - Utilization for node dd0ad481-3335-4c51-a60a-e9cd97c09a74 with capacity 50107951786B, used 45097156608B, and remaining 5010795178B is 0.9000000000119741
2023-06-27 18:42:11,507 [main] DEBUG balancer.ContainerBalancerTask (ContainerBalancerTask.java:initializeIteration(398)) - Utilization for node d41609ce-d363-4c81-bc63-10facc55d693 with capacity 55029268480B, used 44023414784B, and remaining 11005853696B is 0.8
2023-06-27 18:42:11,507 [main] DEBUG balancer.ContainerBalancerTask (ContainerBalancerTask.java:initializeIteration(398)) - Utilization for node 60d7442b-168c-4742-875d-c3f8b4568bfc with capacity 67492343222B, used 47244640256B, and remaining 20247702966B is 0.7000000000088898
2023-06-27 18:42:11,507 [main] DEBUG balancer.ContainerBalancerTask (ContainerBalancerTask.java:initializeIteration(398)) - Utilization for node 57857078-48d3-475e-aa0a-d2dcfa5ef735 with capacity 78741067093B, used 47244640256B, and remaining 31496426837B is 0.60000000000254
2023-06-27 18:42:11,507 [main] DEBUG balancer.ContainerBalancerTask (ContainerBalancerTask.java:initializeIteration(398)) - Utilization for node 40dffd9e-94d9-429b-958d-dfe35a11c0ef with capacity 100931731456B, used 50465865728B, and remaining 50465865728B is 0.5
2023-06-27 18:42:11,507 [main] DEBUG balancer.ContainerBalancerTask (ContainerBalancerTask.java:initializeIteration(398)) - Utilization for node c92c85f6-4c01-48bb-8684-78153f17c621 with capacity 107374182400B, used 42949672960B, and remaining 64424509440B is 0.4
2023-06-27 18:42:11,507 [main] DEBUG balancer.ContainerBalancerTask (ContainerBalancerTask.java:initializeIteration(398)) - Utilization for node bd7fd17c-1ffa-4e43-8fb0-ed60e77617d0 with capacity 100215903573B, used 30064771072B, and remaining 70151132501B is 0.30000000000099786
2023-06-27 18:42:11,507 [main] DEBUG balancer.ContainerBalancerTask (ContainerBalancerTask.java:initializeIteration(398)) - Utilization for node bf2e8350-41d6-47e7-ab81-46ef748c1052 with capacity 155692564480B, used 31138512896B, and remaining 124554051584B is 0.2
2023-06-27 18:42:11,507 [main] DEBUG balancer.ContainerBalancerTask (ContainerBalancerTask.java:initializeIteration(398)) - Utilization for node 3a060d53-33fa-4d4b-9c47-3045f6820ec6 with capacity 365072220160B, used 36507222016B, and remaining 328564998144B is 0.1
2023-06-27 18:42:11,507 [main] DEBUG balancer.ContainerBalancerTask (ContainerBalancerTask.java:initializeIteration(398)) - Utilization for node 95822305-c0a7-4ead-8647-0c2766a0adcd with capacity 48318382080B, used 0B, and remaining 48318382080B is 0.0
2023-06-27 18:42:11,508 [main] INFO  balancer.ContainerBalancerTask (ContainerBalancerTask.java:initializeIteration(447)) - Container Balancer has identified 5 Over-Utilized and 3 Under-Utilized Datanodes that need to be balanced.
2023-06-27 18:42:11,508 [main] DEBUG balancer.ContainerBalancerTask (ContainerBalancerTask.java:lambda$initializeIteration$1(453)) - Datanode localhost-224.133.193.183 dd0ad481-3335-4c51-a60a-e9cd97c09a74 is Over-Utilized.
2023-06-27 18:42:11,508 [main] DEBUG balancer.ContainerBalancerTask (ContainerBalancerTask.java:lambda$initializeIteration$1(453)) - Datanode localhost-83.85.207.219 d41609ce-d363-4c81-bc63-10facc55d693 is Over-Utilized.
2023-06-27 18:42:11,508 [main] DEBUG balancer.ContainerBalancerTask (ContainerBalancerTask.java:lambda$initializeIteration$1(453)) - Datanode localhost-211.122.118.18 60d7442b-168c-4742-875d-c3f8b4568bfc is Over-Utilized.
2023-06-27 18:42:11,508 [main] DEBUG balancer.ContainerBalancerTask (ContainerBalancerTask.java:lambda$initializeIteration$1(453)) - Datanode localhost-238.29.223.20 57857078-48d3-475e-aa0a-d2dcfa5ef735 is Over-Utilized.
2023-06-27 18:42:11,508 [main] DEBUG balancer.ContainerBalancerTask (ContainerBalancerTask.java:lambda$initializeIteration$1(453)) - Datanode localhost-179.133.33.20 40dffd9e-94d9-429b-958d-dfe35a11c0ef is Over-Utilized.
2023-06-27 18:42:11,509 [main] DEBUG balancer.ContainerBalancerTask (ContainerBalancerTask.java:lambda$initializeIteration$2(459)) - Datanode localhost-161.182.156.58 95822305-c0a7-4ead-8647-0c2766a0adcd is Under-Utilized.
2023-06-27 18:42:11,509 [main] DEBUG balancer.ContainerBalancerTask (ContainerBalancerTask.java:lambda$initializeIteration$2(459)) - Datanode localhost-31.76.194.121 3a060d53-33fa-4d4b-9c47-3045f6820ec6 is Under-Utilized.
2023-06-27 18:42:11,509 [main] DEBUG balancer.ContainerBalancerTask (ContainerBalancerTask.java:lambda$initializeIteration$2(459)) - Datanode localhost-233.213.143.62 bf2e8350-41d6-47e7-ab81-46ef748c1052 is Under-Utilized.
2023-06-27 18:42:11,511 [main] DEBUG balancer.ContainerBalancerTask (ContainerBalancerTask.java:matchSourceWithTarget(706)) - ContainerBalancer is finding suitable target for source datanode dd0ad481-3335-4c51-a60a-e9cd97c09a74
2023-06-27 18:42:11,511 [main] INFO  balancer.ContainerBalancerTask (ContainerBalancerTask.java:matchSourceWithTarget(720)) - ContainerBalancer matched source datanode dd0ad481-3335-4c51-a60a-e9cd97c09a74 with target datanode 95822305-c0a7-4ead-8647-0c2766a0adcd for container move.
2023-06-27 18:42:11,511 [main] INFO  balancer.ContainerBalancerTask (ContainerBalancerTask.java:processMoveSelection(569)) - ContainerBalancer is trying to move container #85 with size 5368709120B from source datanode dd0ad481-3335-4c51-a60a-e9cd97c09a74 to target datanode 95822305-c0a7-4ead-8647-0c2766a0adcd
2023-06-27 18:42:11,511 [main] DEBUG balancer.ContainerBalancerTask (ContainerBalancerTask.java:lambda$moveContainer$3(834)) - Container move completed for container #85 from source dd0ad481-3335-4c51-a60a-e9cd97c09a74 to target 95822305-c0a7-4ead-8647-0c2766a0adcd
2023-06-27 18:42:11,511 [main] DEBUG balancer.ContainerBalancerTask (ContainerBalancerTask.java:adaptOnReachingIterationLimits(780)) - Reached max datanodes to involve limit. 2 datanodes have already been selected for balancing and the limit is 2. Only already selected sources and targets can be involved in balancing now.
2023-06-27 18:42:11,513 [main] DEBUG balancer.ContainerBalancerTask (ContainerBalancerTask.java:matchSourceWithTarget(706)) - ContainerBalancer is finding suitable target for source datanode dd0ad481-3335-4c51-a60a-e9cd97c09a74
2023-06-27 18:42:11,513 [main] INFO  balancer.ContainerBalancerTask (ContainerBalancerTask.java:matchSourceWithTarget(720)) - ContainerBalancer matched source datanode dd0ad481-3335-4c51-a60a-e9cd97c09a74 with target datanode 95822305-c0a7-4ead-8647-0c2766a0adcd for container move.
2023-06-27 18:42:11,513 [main] INFO  balancer.ContainerBalancerTask (ContainerBalancerTask.java:processMoveSelection(569)) - ContainerBalancer is trying to move container #40 with size 5368709120B from source datanode dd0ad481-3335-4c51-a60a-e9cd97c09a74 to target datanode 95822305-c0a7-4ead-8647-0c2766a0adcd
2023-06-27 18:42:11,513 [main] DEBUG balancer.ContainerBalancerTask (ContainerBalancerTask.java:lambda$moveContainer$3(834)) - Container move completed for container #40 from source dd0ad481-3335-4c51-a60a-e9cd97c09a74 to target 95822305-c0a7-4ead-8647-0c2766a0adcd
2023-06-27 18:42:11,515 [main] DEBUG balancer.ContainerBalancerTask (ContainerBalancerTask.java:matchSourceWithTarget(706)) - ContainerBalancer is finding suitable target for source datanode dd0ad481-3335-4c51-a60a-e9cd97c09a74
2023-06-27 18:42:11,515 [main] INFO  balancer.ContainerBalancerTask (ContainerBalancerTask.java:matchSourceWithTarget(720)) - ContainerBalancer matched source datanode dd0ad481-3335-4c51-a60a-e9cd97c09a74 with target datanode 95822305-c0a7-4ead-8647-0c2766a0adcd for container move.
2023-06-27 18:42:11,516 [main] INFO  balancer.ContainerBalancerTask (ContainerBalancerTask.java:processMoveSelection(569)) - ContainerBalancer is trying to move container #89 with size 4294967296B from source datanode dd0ad481-3335-4c51-a60a-e9cd97c09a74 to target datanode 95822305-c0a7-4ead-8647-0c2766a0adcd
2023-06-27 18:42:11,516 [main] DEBUG balancer.ContainerBalancerTask (ContainerBalancerTask.java:lambda$moveContainer$3(834)) - Container move completed for container #89 from source dd0ad481-3335-4c51-a60a-e9cd97c09a74 to target 95822305-c0a7-4ead-8647-0c2766a0adcd
2023-06-27 18:42:11,518 [main] DEBUG balancer.ContainerBalancerTask (ContainerBalancerTask.java:matchSourceWithTarget(706)) - ContainerBalancer is finding suitable target for source datanode dd0ad481-3335-4c51-a60a-e9cd97c09a74
2023-06-27 18:42:11,518 [main] INFO  balancer.ContainerBalancerTask (ContainerBalancerTask.java:matchSourceWithTarget(720)) - ContainerBalancer matched source datanode dd0ad481-3335-4c51-a60a-e9cd97c09a74 with target datanode 95822305-c0a7-4ead-8647-0c2766a0adcd for container move.
2023-06-27 18:42:11,518 [main] INFO  balancer.ContainerBalancerTask (ContainerBalancerTask.java:processMoveSelection(569)) - ContainerBalancer is trying to move container #84 with size 4294967296B from source datanode dd0ad481-3335-4c51-a60a-e9cd97c09a74 to target datanode 95822305-c0a7-4ead-8647-0c2766a0adcd
2023-06-27 18:42:11,518 [main] DEBUG balancer.ContainerBalancerTask (ContainerBalancerTask.java:lambda$moveContainer$3(834)) - Container move completed for container #84 from source dd0ad481-3335-4c51-a60a-e9cd97c09a74 to target 95822305-c0a7-4ead-8647-0c2766a0adcd
2023-06-27 18:42:11,520 [main] DEBUG balancer.ContainerBalancerTask (ContainerBalancerTask.java:matchSourceWithTarget(706)) - ContainerBalancer is finding suitable target for source datanode dd0ad481-3335-4c51-a60a-e9cd97c09a74
2023-06-27 18:42:11,521 [main] INFO  balancer.ContainerBalancerTask (ContainerBalancerTask.java:matchSourceWithTarget(720)) - ContainerBalancer matched source datanode dd0ad481-3335-4c51-a60a-e9cd97c09a74 with target datanode 95822305-c0a7-4ead-8647-0c2766a0adcd for container move.
2023-06-27 18:42:11,521 [main] INFO  balancer.ContainerBalancerTask (ContainerBalancerTask.java:processMoveSelection(569)) - ContainerBalancer is trying to move container #86 with size 1073741824B from source datanode dd0ad481-3335-4c51-a60a-e9cd97c09a74 to target datanode 95822305-c0a7-4ead-8647-0c2766a0adcd
2023-06-27 18:42:11,521 [main] DEBUG balancer.ContainerBalancerTask (ContainerBalancerTask.java:lambda$moveContainer$3(834)) - Container move completed for container #86 from source dd0ad481-3335-4c51-a60a-e9cd97c09a74 to target 95822305-c0a7-4ead-8647-0c2766a0adcd
2023-06-27 18:42:11,523 [main] DEBUG balancer.ContainerBalancerTask (ContainerBalancerTask.java:matchSourceWithTarget(706)) - ContainerBalancer is finding suitable target for source datanode dd0ad481-3335-4c51-a60a-e9cd97c09a74
2023-06-27 18:42:11,523 [main] INFO  balancer.FindTargetGreedyByUsageInfo (AbstractFindTargetGreedy.java:findTargetForContainerMove(133)) - Container Balancer could not find a target for source datanode dd0ad481-3335-4c51-a60a-e9cd97c09a74
2023-06-27 18:42:11,524 [main] DEBUG balancer.ContainerBalancerTask (ContainerBalancerTask.java:matchSourceWithTarget(715)) - ContainerBalancer could not find a suitable target for source node dd0ad481-3335-4c51-a60a-e9cd97c09a74.
2023-06-27 18:42:11,524 [main] INFO  balancer.FindSourceGreedy (FindSourceGreedy.java:getNextCandidateSourceDataNode(126)) - no more candidate source data node
2023-06-27 18:42:11,524 [main] INFO  balancer.ContainerBalancerTask (ContainerBalancerTask.java:checkIterationMoveResults(640)) - Iteration Summary. Number of Datanodes involved: 2. Size moved: 19 GB (20401094656 Bytes). Number of Container moves completed: 5.
2023-06-27 18:42:11,524 [main] INFO  balancer.ContainerBalancerTask (ContainerBalancerTask.java:balance(259)) - Result of this iteration of Container Balancer: ITERATION_COMPLETED
2023-06-27 18:42:11,527 [main] DEBUG balancer.ContainerBalancerTask (ContainerBalancerTask.java:initializeIteration(374)) - Average utilization of the cluster is 0.3319255896112689
2023-06-27 18:42:11,527 [main] DEBUG balancer.ContainerBalancerTask (ContainerBalancerTask.java:initializeIteration(386)) - Lower limit for utilization is 0.23192558961126888 and Upper limit for utilization is 0.4319255896112689
2023-06-27 18:42:11,527 [main] DEBUG balancer.ContainerBalancerTask (ContainerBalancerTask.java:initializeIteration(398)) - Utilization for node dd0ad481-3335-4c51-a60a-e9cd97c09a74 with capacity 50107951786B, used 45097156608B, and remaining 5010795178B is 0.9000000000119741
2023-06-27 18:42:11,527 [main] DEBUG balancer.ContainerBalancerTask (ContainerBalancerTask.java:initializeIteration(398)) - Utilization for node d41609ce-d363-4c81-bc63-10facc55d693 with capacity 55029268480B, used 44023414784B, and remaining 11005853696B is 0.8
2023-06-27 18:42:11,527 [main] DEBUG balancer.ContainerBalancerTask (ContainerBalancerTask.java:initializeIteration(398)) - Utilization for node 60d7442b-168c-4742-875d-c3f8b4568bfc with capacity 67492343222B, used 47244640256B, and remaining 20247702966B is 0.7000000000088898
2023-06-27 18:42:11,527 [main] DEBUG balancer.ContainerBalancerTask (ContainerBalancerTask.java:initializeIteration(398)) - Utilization for node 57857078-48d3-475e-aa0a-d2dcfa5ef735 with capacity 78741067093B, used 47244640256B, and remaining 31496426837B is 0.60000000000254
2023-06-27 18:42:11,528 [main] DEBUG balancer.ContainerBalancerTask (ContainerBalancerTask.java:initializeIteration(398)) - Utilization for node 40dffd9e-94d9-429b-958d-dfe35a11c0ef with capacity 100931731456B, used 50465865728B, and remaining 50465865728B is 0.5
2023-06-27 18:42:11,529 [main] DEBUG balancer.ContainerBalancerTask (ContainerBalancerTask.java:initializeIteration(398)) - Utilization for node c92c85f6-4c01-48bb-8684-78153f17c621 with capacity 107374182400B, used 42949672960B, and remaining 64424509440B is 0.4
2023-06-27 18:42:11,529 [main] DEBUG balancer.ContainerBalancerTask (ContainerBalancerTask.java:initializeIteration(398)) - Utilization for node bd7fd17c-1ffa-4e43-8fb0-ed60e77617d0 with capacity 100215903573B, used 30064771072B, and remaining 70151132501B is 0.30000000000099786
2023-06-27 18:42:11,529 [main] DEBUG balancer.ContainerBalancerTask (ContainerBalancerTask.java:initializeIteration(398)) - Utilization for node bf2e8350-41d6-47e7-ab81-46ef748c1052 with capacity 155692564480B, used 31138512896B, and remaining 124554051584B is 0.2
2023-06-27 18:42:11,529 [main] DEBUG balancer.ContainerBalancerTask (ContainerBalancerTask.java:initializeIteration(398)) - Utilization for node 3a060d53-33fa-4d4b-9c47-3045f6820ec6 with capacity 365072220160B, used 36507222016B, and remaining 328564998144B is 0.1
2023-06-27 18:42:11,529 [main] DEBUG balancer.ContainerBalancerTask (ContainerBalancerTask.java:initializeIteration(398)) - Utilization for node 95822305-c0a7-4ead-8647-0c2766a0adcd with capacity 48318382080B, used 0B, and remaining 48318382080B is 0.0
2023-06-27 18:42:11,529 [main] INFO  balancer.ContainerBalancerTask (ContainerBalancerTask.java:initializeIteration(447)) - Container Balancer has identified 5 Over-Utilized and 3 Under-Utilized Datanodes that need to be balanced.
2023-06-27 18:42:11,529 [main] DEBUG balancer.ContainerBalancerTask (ContainerBalancerTask.java:lambda$initializeIteration$1(453)) - Datanode localhost-224.133.193.183 dd0ad481-3335-4c51-a60a-e9cd97c09a74 is Over-Utilized.
2023-06-27 18:42:11,529 [main] DEBUG balancer.ContainerBalancerTask (ContainerBalancerTask.java:lambda$initializeIteration$1(453)) - Datanode localhost-83.85.207.219 d41609ce-d363-4c81-bc63-10facc55d693 is Over-Utilized.
2023-06-27 18:42:11,529 [main] DEBUG balancer.ContainerBalancerTask (ContainerBalancerTask.java:lambda$initializeIteration$1(453)) - Datanode localhost-211.122.118.18 60d7442b-168c-4742-875d-c3f8b4568bfc is Over-Utilized.
2023-06-27 18:42:11,529 [main] DEBUG balancer.ContainerBalancerTask (ContainerBalancerTask.java:lambda$initializeIteration$1(453)) - Datanode localhost-238.29.223.20 57857078-48d3-475e-aa0a-d2dcfa5ef735 is Over-Utilized.
2023-06-27 18:42:11,529 [main] DEBUG balancer.ContainerBalancerTask (ContainerBalancerTask.java:lambda$initializeIteration$1(453)) - Datanode localhost-179.133.33.20 40dffd9e-94d9-429b-958d-dfe35a11c0ef is Over-Utilized.
2023-06-27 18:42:11,529 [main] DEBUG balancer.ContainerBalancerTask (ContainerBalancerTask.java:lambda$initializeIteration$2(459)) - Datanode localhost-161.182.156.58 95822305-c0a7-4ead-8647-0c2766a0adcd is Under-Utilized.
2023-06-27 18:42:11,530 [main] DEBUG balancer.ContainerBalancerTask (ContainerBalancerTask.java:lambda$initializeIteration$2(459)) - Datanode localhost-31.76.194.121 3a060d53-33fa-4d4b-9c47-3045f6820ec6 is Under-Utilized.
2023-06-27 18:42:11,530 [main] DEBUG balancer.ContainerBalancerTask (ContainerBalancerTask.java:lambda$initializeIteration$2(459)) - Datanode localhost-233.213.143.62 bf2e8350-41d6-47e7-ab81-46ef748c1052 is Under-Utilized.
2023-06-27 18:42:11,532 [main] DEBUG balancer.ContainerBalancerTask (ContainerBalancerTask.java:matchSourceWithTarget(706)) - ContainerBalancer is finding suitable target for source datanode dd0ad481-3335-4c51-a60a-e9cd97c09a74
2023-06-27 18:42:11,532 [main] INFO  balancer.ContainerBalancerTask (ContainerBalancerTask.java:matchSourceWithTarget(720)) - ContainerBalancer matched source datanode dd0ad481-3335-4c51-a60a-e9cd97c09a74 with target datanode 95822305-c0a7-4ead-8647-0c2766a0adcd for container move.
2023-06-27 18:42:11,532 [main] INFO  balancer.ContainerBalancerTask (ContainerBalancerTask.java:processMoveSelection(569)) - ContainerBalancer is trying to move container #85 with size 5368709120B from source datanode dd0ad481-3335-4c51-a60a-e9cd97c09a74 to target datanode 95822305-c0a7-4ead-8647-0c2766a0adcd
2023-06-27 18:42:11,532 [main] DEBUG balancer.ContainerBalancerTask (ContainerBalancerTask.java:lambda$moveContainer$3(834)) - Container move completed for container #85 from source dd0ad481-3335-4c51-a60a-e9cd97c09a74 to target 95822305-c0a7-4ead-8647-0c2766a0adcd
2023-06-27 18:42:11,532 [main] DEBUG balancer.ContainerBalancerTask (ContainerBalancerTask.java:adaptOnReachingIterationLimits(780)) - Reached max datanodes to involve limit. 2 datanodes have already been selected for balancing and the limit is 2. Only already selected sources and targets can be involved in balancing now.
2023-06-27 18:42:11,534 [main] DEBUG balancer.ContainerBalancerTask (ContainerBalancerTask.java:matchSourceWithTarget(706)) - ContainerBalancer is finding suitable target for source datanode dd0ad481-3335-4c51-a60a-e9cd97c09a74
2023-06-27 18:42:11,534 [main] INFO  balancer.ContainerBalancerTask (ContainerBalancerTask.java:matchSourceWithTarget(720)) - ContainerBalancer matched source datanode dd0ad481-3335-4c51-a60a-e9cd97c09a74 with target datanode 95822305-c0a7-4ead-8647-0c2766a0adcd for container move.
2023-06-27 18:42:11,534 [main] INFO  balancer.ContainerBalancerTask (ContainerBalancerTask.java:processMoveSelection(569)) - ContainerBalancer is trying to move container #40 with size 5368709120B from source datanode dd0ad481-3335-4c51-a60a-e9cd97c09a74 to target datanode 95822305-c0a7-4ead-8647-0c2766a0adcd
2023-06-27 18:42:11,535 [main] DEBUG balancer.ContainerBalancerTask (ContainerBalancerTask.java:lambda$moveContainer$3(834)) - Container move completed for container #40 from source dd0ad481-3335-4c51-a60a-e9cd97c09a74 to target 95822305-c0a7-4ead-8647-0c2766a0adcd
2023-06-27 18:42:11,537 [main] DEBUG balancer.ContainerBalancerTask (ContainerBalancerTask.java:matchSourceWithTarget(706)) - ContainerBalancer is finding suitable target for source datanode dd0ad481-3335-4c51-a60a-e9cd97c09a74
2023-06-27 18:42:11,537 [main] INFO  balancer.ContainerBalancerTask (ContainerBalancerTask.java:matchSourceWithTarget(720)) - ContainerBalancer matched source datanode dd0ad481-3335-4c51-a60a-e9cd97c09a74 with target datanode 95822305-c0a7-4ead-8647-0c2766a0adcd for container move.
2023-06-27 18:42:11,537 [main] INFO  balancer.ContainerBalancerTask (ContainerBalancerTask.java:processMoveSelection(569)) - ContainerBalancer is trying to move container #89 with size 4294967296B from source datanode dd0ad481-3335-4c51-a60a-e9cd97c09a74 to target datanode 95822305-c0a7-4ead-8647-0c2766a0adcd
2023-06-27 18:42:11,537 [main] DEBUG balancer.ContainerBalancerTask (ContainerBalancerTask.java:lambda$moveContainer$3(834)) - Container move completed for container #89 from source dd0ad481-3335-4c51-a60a-e9cd97c09a74 to target 95822305-c0a7-4ead-8647-0c2766a0adcd
2023-06-27 18:42:11,539 [main] DEBUG balancer.ContainerBalancerTask (ContainerBalancerTask.java:matchSourceWithTarget(706)) - ContainerBalancer is finding suitable target for source datanode dd0ad481-3335-4c51-a60a-e9cd97c09a74
2023-06-27 18:42:11,539 [main] INFO  balancer.ContainerBalancerTask (ContainerBalancerTask.java:matchSourceWithTarget(720)) - ContainerBalancer matched source datanode dd0ad481-3335-4c51-a60a-e9cd97c09a74 with target datanode 95822305-c0a7-4ead-8647-0c2766a0adcd for container move.
2023-06-27 18:42:11,539 [main] INFO  balancer.ContainerBalancerTask (ContainerBalancerTask.java:processMoveSelection(569)) - ContainerBalancer is trying to move container #84 with size 4294967296B from source datanode dd0ad481-3335-4c51-a60a-e9cd97c09a74 to target datanode 95822305-c0a7-4ead-8647-0c2766a0adcd
2023-06-27 18:42:11,539 [main] DEBUG balancer.ContainerBalancerTask (ContainerBalancerTask.java:lambda$moveContainer$3(834)) - Container move completed for container #84 from source dd0ad481-3335-4c51-a60a-e9cd97c09a74 to target 95822305-c0a7-4ead-8647-0c2766a0adcd
2023-06-27 18:42:11,541 [main] DEBUG balancer.ContainerBalancerTask (ContainerBalancerTask.java:matchSourceWithTarget(706)) - ContainerBalancer is finding suitable target for source datanode dd0ad481-3335-4c51-a60a-e9cd97c09a74
2023-06-27 18:42:11,543 [main] INFO  balancer.ContainerBalancerTask (ContainerBalancerTask.java:matchSourceWithTarget(720)) - ContainerBalancer matched source datanode dd0ad481-3335-4c51-a60a-e9cd97c09a74 with target datanode 95822305-c0a7-4ead-8647-0c2766a0adcd for container move.
2023-06-27 18:42:11,543 [main] INFO  balancer.ContainerBalancerTask (ContainerBalancerTask.java:processMoveSelection(569)) - ContainerBalancer is trying to move container #86 with size 1073741824B from source datanode dd0ad481-3335-4c51-a60a-e9cd97c09a74 to target datanode 95822305-c0a7-4ead-8647-0c2766a0adcd
2023-06-27 18:42:11,543 [main] DEBUG balancer.ContainerBalancerTask (ContainerBalancerTask.java:lambda$moveContainer$3(834)) - Container move completed for container #86 from source dd0ad481-3335-4c51-a60a-e9cd97c09a74 to target 95822305-c0a7-4ead-8647-0c2766a0adcd
2023-06-27 18:42:11,545 [main] DEBUG balancer.ContainerBalancerTask (ContainerBalancerTask.java:matchSourceWithTarget(706)) - ContainerBalancer is finding suitable target for source datanode dd0ad481-3335-4c51-a60a-e9cd97c09a74
2023-06-27 18:42:11,546 [main] INFO  balancer.FindTargetGreedyByUsageInfo (AbstractFindTargetGreedy.java:findTargetForContainerMove(133)) - Container Balancer could not find a target for source datanode dd0ad481-3335-4c51-a60a-e9cd97c09a74
2023-06-27 18:42:11,546 [main] DEBUG balancer.ContainerBalancerTask (ContainerBalancerTask.java:matchSourceWithTarget(715)) - ContainerBalancer could not find a suitable target for source node dd0ad481-3335-4c51-a60a-e9cd97c09a74.
2023-06-27 18:42:11,546 [main] INFO  balancer.FindSourceGreedy (FindSourceGreedy.java:getNextCandidateSourceDataNode(126)) - no more candidate source data node
2023-06-27 18:42:11,546 [main] INFO  balancer.ContainerBalancerTask (ContainerBalancerTask.java:checkIterationMoveResults(640)) - Iteration Summary. Number of Datanodes involved: 2. Size moved: 19 GB (20401094656 Bytes). Number of Container moves completed: 5.
2023-06-27 18:42:11,547 [main] INFO  balancer.ContainerBalancerTask (ContainerBalancerTask.java:balance(259)) - Result of this iteration of Container Balancer: ITERATION_COMPLETED
2023-06-27 18:42:11,549 [main] DEBUG balancer.ContainerBalancerTask (ContainerBalancerTask.java:initializeIteration(374)) - Average utilization of the cluster is 0.3319255896112689
2023-06-27 18:42:11,549 [main] DEBUG balancer.ContainerBalancerTask (ContainerBalancerTask.java:initializeIteration(386)) - Lower limit for utilization is 0.23192558961126888 and Upper limit for utilization is 0.4319255896112689
2023-06-27 18:42:11,549 [main] DEBUG balancer.ContainerBalancerTask (ContainerBalancerTask.java:initializeIteration(398)) - Utilization for node dd0ad481-3335-4c51-a60a-e9cd97c09a74 with capacity 50107951786B, used 45097156608B, and remaining 5010795178B is 0.9000000000119741
2023-06-27 18:42:11,549 [main] DEBUG balancer.ContainerBalancerTask (ContainerBalancerTask.java:initializeIteration(398)) - Utilization for node d41609ce-d363-4c81-bc63-10facc55d693 with capacity 55029268480B, used 44023414784B, and remaining 11005853696B is 0.8
2023-06-27 18:42:11,549 [main] DEBUG balancer.ContainerBalancerTask (ContainerBalancerTask.java:initializeIteration(398)) - Utilization for node 60d7442b-168c-4742-875d-c3f8b4568bfc with capacity 67492343222B, used 47244640256B, and remaining 20247702966B is 0.7000000000088898
2023-06-27 18:42:11,552 [main] DEBUG balancer.ContainerBalancerTask (ContainerBalancerTask.java:initializeIteration(398)) - Utilization for node 57857078-48d3-475e-aa0a-d2dcfa5ef735 with capacity 78741067093B, used 47244640256B, and remaining 31496426837B is 0.60000000000254
2023-06-27 18:42:11,552 [main] DEBUG balancer.ContainerBalancerTask (ContainerBalancerTask.java:initializeIteration(398)) - Utilization for node 40dffd9e-94d9-429b-958d-dfe35a11c0ef with capacity 100931731456B, used 50465865728B, and remaining 50465865728B is 0.5
2023-06-27 18:42:11,552 [main] DEBUG balancer.ContainerBalancerTask (ContainerBalancerTask.java:initializeIteration(398)) - Utilization for node c92c85f6-4c01-48bb-8684-78153f17c621 with capacity 107374182400B, used 42949672960B, and remaining 64424509440B is 0.4
2023-06-27 18:42:11,552 [main] DEBUG balancer.ContainerBalancerTask (ContainerBalancerTask.java:initializeIteration(398)) - Utilization for node bd7fd17c-1ffa-4e43-8fb0-ed60e77617d0 with capacity 100215903573B, used 30064771072B, and remaining 70151132501B is 0.30000000000099786
2023-06-27 18:42:11,552 [main] DEBUG balancer.ContainerBalancerTask (ContainerBalancerTask.java:initializeIteration(398)) - Utilization for node bf2e8350-41d6-47e7-ab81-46ef748c1052 with capacity 155692564480B, used 31138512896B, and remaining 124554051584B is 0.2
2023-06-27 18:42:11,552 [main] DEBUG balancer.ContainerBalancerTask (ContainerBalancerTask.java:initializeIteration(398)) - Utilization for node 3a060d53-33fa-4d4b-9c47-3045f6820ec6 with capacity 365072220160B, used 36507222016B, and remaining 328564998144B is 0.1
2023-06-27 18:42:11,552 [main] DEBUG balancer.ContainerBalancerTask (ContainerBalancerTask.java:initializeIteration(398)) - Utilization for node 95822305-c0a7-4ead-8647-0c2766a0adcd with capacity 48318382080B, used 0B, and remaining 48318382080B is 0.0
2023-06-27 18:42:11,552 [main] INFO  balancer.ContainerBalancerTask (ContainerBalancerTask.java:initializeIteration(447)) - Container Balancer has identified 5 Over-Utilized and 3 Under-Utilized Datanodes that need to be balanced.
2023-06-27 18:42:11,553 [main] DEBUG balancer.ContainerBalancerTask (ContainerBalancerTask.java:lambda$initializeIteration$1(453)) - Datanode localhost-224.133.193.183 dd0ad481-3335-4c51-a60a-e9cd97c09a74 is Over-Utilized.
2023-06-27 18:42:11,553 [main] DEBUG balancer.ContainerBalancerTask (ContainerBalancerTask.java:lambda$initializeIteration$1(453)) - Datanode localhost-83.85.207.219 d41609ce-d363-4c81-bc63-10facc55d693 is Over-Utilized.
2023-06-27 18:42:11,553 [main] DEBUG balancer.ContainerBalancerTask (ContainerBalancerTask.java:lambda$initializeIteration$1(453)) - Datanode localhost-211.122.118.18 60d7442b-168c-4742-875d-c3f8b4568bfc is Over-Utilized.
2023-06-27 18:42:11,553 [main] DEBUG balancer.ContainerBalancerTask (ContainerBalancerTask.java:lambda$initializeIteration$1(453)) - Datanode localhost-238.29.223.20 57857078-48d3-475e-aa0a-d2dcfa5ef735 is Over-Utilized.
2023-06-27 18:42:11,553 [main] DEBUG balancer.ContainerBalancerTask (ContainerBalancerTask.java:lambda$initializeIteration$1(453)) - Datanode localhost-179.133.33.20 40dffd9e-94d9-429b-958d-dfe35a11c0ef is Over-Utilized.
2023-06-27 18:42:11,553 [main] DEBUG balancer.ContainerBalancerTask (ContainerBalancerTask.java:lambda$initializeIteration$2(459)) - Datanode localhost-161.182.156.58 95822305-c0a7-4ead-8647-0c2766a0adcd is Under-Utilized.
2023-06-27 18:42:11,553 [main] DEBUG balancer.ContainerBalancerTask (ContainerBalancerTask.java:lambda$initializeIteration$2(459)) - Datanode localhost-31.76.194.121 3a060d53-33fa-4d4b-9c47-3045f6820ec6 is Under-Utilized.
2023-06-27 18:42:11,553 [main] DEBUG balancer.ContainerBalancerTask (ContainerBalancerTask.java:lambda$initializeIteration$2(459)) - Datanode localhost-233.213.143.62 bf2e8350-41d6-47e7-ab81-46ef748c1052 is Under-Utilized.
2023-06-27 18:42:11,555 [main] DEBUG balancer.ContainerBalancerTask (ContainerBalancerTask.java:matchSourceWithTarget(706)) - ContainerBalancer is finding suitable target for source datanode dd0ad481-3335-4c51-a60a-e9cd97c09a74
2023-06-27 18:42:11,555 [main] INFO  balancer.ContainerBalancerTask (ContainerBalancerTask.java:matchSourceWithTarget(720)) - ContainerBalancer matched source datanode dd0ad481-3335-4c51-a60a-e9cd97c09a74 with target datanode 95822305-c0a7-4ead-8647-0c2766a0adcd for container move.
2023-06-27 18:42:11,555 [main] INFO  balancer.ContainerBalancerTask (ContainerBalancerTask.java:processMoveSelection(569)) - ContainerBalancer is trying to move container #85 with size 5368709120B from source datanode dd0ad481-3335-4c51-a60a-e9cd97c09a74 to target datanode 95822305-c0a7-4ead-8647-0c2766a0adcd
2023-06-27 18:42:11,555 [main] DEBUG balancer.ContainerBalancerTask (ContainerBalancerTask.java:lambda$moveContainer$3(834)) - Container move completed for container #85 from source dd0ad481-3335-4c51-a60a-e9cd97c09a74 to target 95822305-c0a7-4ead-8647-0c2766a0adcd
2023-06-27 18:42:11,555 [main] DEBUG balancer.ContainerBalancerTask (ContainerBalancerTask.java:adaptOnReachingIterationLimits(780)) - Reached max datanodes to involve limit. 2 datanodes have already been selected for balancing and the limit is 2. Only already selected sources and targets can be involved in balancing now.
2023-06-27 18:42:11,557 [main] DEBUG balancer.ContainerBalancerTask (ContainerBalancerTask.java:matchSourceWithTarget(706)) - ContainerBalancer is finding suitable target for source datanode dd0ad481-3335-4c51-a60a-e9cd97c09a74
2023-06-27 18:42:11,558 [main] INFO  balancer.ContainerBalancerTask (ContainerBalancerTask.java:matchSourceWithTarget(720)) - ContainerBalancer matched source datanode dd0ad481-3335-4c51-a60a-e9cd97c09a74 with target datanode 95822305-c0a7-4ead-8647-0c2766a0adcd for container move.
2023-06-27 18:42:11,558 [main] INFO  balancer.ContainerBalancerTask (ContainerBalancerTask.java:processMoveSelection(569)) - ContainerBalancer is trying to move container #40 with size 5368709120B from source datanode dd0ad481-3335-4c51-a60a-e9cd97c09a74 to target datanode 95822305-c0a7-4ead-8647-0c2766a0adcd
2023-06-27 18:42:11,558 [main] DEBUG balancer.ContainerBalancerTask (ContainerBalancerTask.java:lambda$moveContainer$3(834)) - Container move completed for container #40 from source dd0ad481-3335-4c51-a60a-e9cd97c09a74 to target 95822305-c0a7-4ead-8647-0c2766a0adcd
2023-06-27 18:42:11,560 [main] DEBUG balancer.ContainerBalancerTask (ContainerBalancerTask.java:matchSourceWithTarget(706)) - ContainerBalancer is finding suitable target for source datanode dd0ad481-3335-4c51-a60a-e9cd97c09a74
2023-06-27 18:42:11,560 [main] INFO  balancer.ContainerBalancerTask (ContainerBalancerTask.java:matchSourceWithTarget(720)) - ContainerBalancer matched source datanode dd0ad481-3335-4c51-a60a-e9cd97c09a74 with target datanode 95822305-c0a7-4ead-8647-0c2766a0adcd for container move.
2023-06-27 18:42:11,560 [main] INFO  balancer.ContainerBalancerTask (ContainerBalancerTask.java:processMoveSelection(569)) - ContainerBalancer is trying to move container #89 with size 4294967296B from source datanode dd0ad481-3335-4c51-a60a-e9cd97c09a74 to target datanode 95822305-c0a7-4ead-8647-0c2766a0adcd
2023-06-27 18:42:11,560 [main] DEBUG balancer.ContainerBalancerTask (ContainerBalancerTask.java:lambda$moveContainer$3(834)) - Container move completed for container #89 from source dd0ad481-3335-4c51-a60a-e9cd97c09a74 to target 95822305-c0a7-4ead-8647-0c2766a0adcd
2023-06-27 18:42:11,562 [main] DEBUG balancer.ContainerBalancerTask (ContainerBalancerTask.java:matchSourceWithTarget(706)) - ContainerBalancer is finding suitable target for source datanode dd0ad481-3335-4c51-a60a-e9cd97c09a74
2023-06-27 18:42:11,562 [main] INFO  balancer.ContainerBalancerTask (ContainerBalancerTask.java:matchSourceWithTarget(720)) - ContainerBalancer matched source datanode dd0ad481-3335-4c51-a60a-e9cd97c09a74 with target datanode 95822305-c0a7-4ead-8647-0c2766a0adcd for container move.
2023-06-27 18:42:11,562 [main] INFO  balancer.ContainerBalancerTask (ContainerBalancerTask.java:processMoveSelection(569)) - ContainerBalancer is trying to move container #84 with size 4294967296B from source datanode dd0ad481-3335-4c51-a60a-e9cd97c09a74 to target datanode 95822305-c0a7-4ead-8647-0c2766a0adcd
2023-06-27 18:42:11,562 [main] DEBUG balancer.ContainerBalancerTask (ContainerBalancerTask.java:lambda$moveContainer$3(834)) - Container move completed for container #84 from source dd0ad481-3335-4c51-a60a-e9cd97c09a74 to target 95822305-c0a7-4ead-8647-0c2766a0adcd
2023-06-27 18:42:11,564 [main] DEBUG balancer.ContainerBalancerTask (ContainerBalancerTask.java:matchSourceWithTarget(706)) - ContainerBalancer is finding suitable target for source datanode dd0ad481-3335-4c51-a60a-e9cd97c09a74
2023-06-27 18:42:11,565 [main] INFO  balancer.ContainerBalancerTask (ContainerBalancerTask.java:matchSourceWithTarget(720)) - ContainerBalancer matched source datanode dd0ad481-3335-4c51-a60a-e9cd97c09a74 with target datanode 95822305-c0a7-4ead-8647-0c2766a0adcd for container move.
2023-06-27 18:42:11,565 [main] INFO  balancer.ContainerBalancerTask (ContainerBalancerTask.java:processMoveSelection(569)) - ContainerBalancer is trying to move container #86 with size 1073741824B from source datanode dd0ad481-3335-4c51-a60a-e9cd97c09a74 to target datanode 95822305-c0a7-4ead-8647-0c2766a0adcd
2023-06-27 18:42:11,565 [main] DEBUG balancer.ContainerBalancerTask (ContainerBalancerTask.java:lambda$moveContainer$3(834)) - Container move completed for container #86 from source dd0ad481-3335-4c51-a60a-e9cd97c09a74 to target 95822305-c0a7-4ead-8647-0c2766a0adcd
2023-06-27 18:42:11,567 [main] DEBUG balancer.ContainerBalancerTask (ContainerBalancerTask.java:matchSourceWithTarget(706)) - ContainerBalancer is finding suitable target for source datanode dd0ad481-3335-4c51-a60a-e9cd97c09a74
2023-06-27 18:42:11,567 [main] INFO  balancer.FindTargetGreedyByUsageInfo (AbstractFindTargetGreedy.java:findTargetForContainerMove(133)) - Container Balancer could not find a target for source datanode dd0ad481-3335-4c51-a60a-e9cd97c09a74
2023-06-27 18:42:11,567 [main] DEBUG balancer.ContainerBalancerTask (ContainerBalancerTask.java:matchSourceWithTarget(715)) - ContainerBalancer could not find a suitable target for source node dd0ad481-3335-4c51-a60a-e9cd97c09a74.
2023-06-27 18:42:11,568 [main] INFO  balancer.FindSourceGreedy (FindSourceGreedy.java:getNextCandidateSourceDataNode(126)) - no more candidate source data node
2023-06-27 18:42:11,568 [main] INFO  balancer.ContainerBalancerTask (ContainerBalancerTask.java:checkIterationMoveResults(640)) - Iteration Summary. Number of Datanodes involved: 2. Size moved: 19 GB (20401094656 Bytes). Number of Container moves completed: 5.
2023-06-27 18:42:11,568 [main] INFO  balancer.ContainerBalancerTask (ContainerBalancerTask.java:balance(259)) - Result of this iteration of Container Balancer: ITERATION_COMPLETED
2023-06-27 18:42:11,568 [main] INFO  balancer.ContainerBalancerTask (ContainerBalancerTask.java:tryStopWithSaveConfiguration(308)) - Save Configuration for stopping. Reason: Completed all iterations.
]]></system-out>
  </testcase>
  <testcase name="checkIterationResult" classname="org.apache.hadoop.hdds.scm.container.balancer.TestContainerBalancerTask" time="0.121">
    <system-out><![CDATA[2023-06-27 18:42:11,600 [main] INFO  net.NodeSchemaLoader (NodeSchemaLoader.java:loadSchemaFromFile(129)) - Loading schema from [file:/home/runner/work/ozone/ozone/hadoop-hdds/common/target/classes/network-topology-default.xml]
2023-06-27 18:42:11,600 [main] INFO  net.NodeSchemaLoader (NodeSchemaLoader.java:loadSchema(176)) - Loading network topology layer schema file
2023-06-27 18:42:11,605 [main] INFO  net.NetworkTopologyImpl (NetworkTopologyImpl.java:add(112)) - Added a new node: /default-rack/900824c1-06e2-42aa-ab2b-44b6b83b1144
2023-06-27 18:42:11,605 [main] INFO  net.NetworkTopologyImpl (NetworkTopologyImpl.java:add(112)) - Added a new node: /default-rack/9172f015-647c-4b3c-b888-96a60fcddde0
2023-06-27 18:42:11,605 [main] INFO  net.NetworkTopologyImpl (NetworkTopologyImpl.java:add(112)) - Added a new node: /default-rack/9b9bbc6e-7c92-4a50-8398-1b268e938adf
2023-06-27 18:42:11,605 [main] INFO  net.NetworkTopologyImpl (NetworkTopologyImpl.java:add(112)) - Added a new node: /default-rack/f6ff3e8d-9a5e-4eb0-a3d3-254b09becfcf
2023-06-27 18:42:11,605 [main] INFO  net.NetworkTopologyImpl (NetworkTopologyImpl.java:add(112)) - Added a new node: /default-rack/34c1d20e-5508-4964-8ddb-ccde3252d7d3
2023-06-27 18:42:11,605 [main] INFO  net.NetworkTopologyImpl (NetworkTopologyImpl.java:add(112)) - Added a new node: /default-rack/9e123b79-30ce-4d23-adb4-409fd7603104
2023-06-27 18:42:11,605 [main] INFO  net.NetworkTopologyImpl (NetworkTopologyImpl.java:add(112)) - Added a new node: /default-rack/c10f7032-bc31-41f0-99a6-639dc0df2762
2023-06-27 18:42:11,607 [main] INFO  net.NetworkTopologyImpl (NetworkTopologyImpl.java:add(112)) - Added a new node: /default-rack/b747b95a-e81b-4ba8-b4dd-e2b74b930adb
2023-06-27 18:42:11,607 [main] INFO  net.NetworkTopologyImpl (NetworkTopologyImpl.java:add(112)) - Added a new node: /default-rack/d8daac19-c654-4d48-aa12-3392b2b54777
2023-06-27 18:42:11,607 [main] INFO  net.NetworkTopologyImpl (NetworkTopologyImpl.java:add(112)) - Added a new node: /default-rack/0772fe9f-1697-44dd-befc-3846ee780a1b
2023-06-27 18:42:11,608 [main] INFO  algorithms.ContainerPlacementPolicyFactory (ContainerPlacementPolicyFactory.java:getPolicyInternal(86)) - Create container placement policy of type org.apache.hadoop.hdds.scm.container.placement.algorithms.SCMContainerPlacementRackAware
2023-06-27 18:42:11,608 [main] INFO  algorithms.ContainerPlacementPolicyFactory (ContainerPlacementPolicyFactory.java:getPolicyInternal(86)) - Create container placement policy of type org.apache.hadoop.hdds.scm.container.placement.algorithms.SCMContainerPlacementRackScatter
2023-06-27 18:42:11,613 [main] DEBUG balancer.ContainerBalancerTask (ContainerBalancerTask.java:initializeIteration(374)) - Average utilization of the cluster is 0.33341191953269483
2023-06-27 18:42:11,613 [main] DEBUG balancer.ContainerBalancerTask (ContainerBalancerTask.java:initializeIteration(386)) - Lower limit for utilization is 0.23341191953269483 and Upper limit for utilization is 0.43341191953269487
2023-06-27 18:42:11,614 [main] DEBUG balancer.ContainerBalancerTask (ContainerBalancerTask.java:initializeIteration(398)) - Utilization for node 34c1d20e-5508-4964-8ddb-ccde3252d7d3 with capacity 56073184142B, used 50465865728B, and remaining 5607318414B is 0.9000000000035667
2023-06-27 18:42:11,614 [main] DEBUG balancer.ContainerBalancerTask (ContainerBalancerTask.java:initializeIteration(398)) - Utilization for node 9172f015-647c-4b3c-b888-96a60fcddde0 with capacity 55029268480B, used 44023414784B, and remaining 11005853696B is 0.8
2023-06-27 18:42:11,614 [main] DEBUG balancer.ContainerBalancerTask (ContainerBalancerTask.java:initializeIteration(398)) - Utilization for node f6ff3e8d-9a5e-4eb0-a3d3-254b09becfcf with capacity 55221008091B, used 38654705664B, and remaining 16566302427B is 0.7000000000054327
2023-06-27 18:42:11,614 [main] DEBUG balancer.ContainerBalancerTask (ContainerBalancerTask.java:initializeIteration(398)) - Utilization for node d8daac19-c654-4d48-aa12-3392b2b54777 with capacity 85899345920B, used 51539607552B, and remaining 34359738368B is 0.6
2023-06-27 18:42:11,614 [main] DEBUG balancer.ContainerBalancerTask (ContainerBalancerTask.java:initializeIteration(398)) - Utilization for node 0772fe9f-1697-44dd-befc-3846ee780a1b with capacity 103079215104B, used 51539607552B, and remaining 51539607552B is 0.5
2023-06-27 18:42:11,614 [main] DEBUG balancer.ContainerBalancerTask (ContainerBalancerTask.java:initializeIteration(398)) - Utilization for node 900824c1-06e2-42aa-ab2b-44b6b83b1144 with capacity 93952409600B, used 37580963840B, and remaining 56371445760B is 0.4
2023-06-27 18:42:11,614 [main] DEBUG balancer.ContainerBalancerTask (ContainerBalancerTask.java:initializeIteration(398)) - Utilization for node 9b9bbc6e-7c92-4a50-8398-1b268e938adf with capacity 175377831253B, used 52613349376B, and remaining 122764481877B is 0.3000000000005702
2023-06-27 18:42:11,614 [main] DEBUG balancer.ContainerBalancerTask (ContainerBalancerTask.java:initializeIteration(398)) - Utilization for node b747b95a-e81b-4ba8-b4dd-e2b74b930adb with capacity 209379655680B, used 41875931136B, and remaining 167503724544B is 0.2
2023-06-27 18:42:11,614 [main] DEBUG balancer.ContainerBalancerTask (ContainerBalancerTask.java:initializeIteration(398)) - Utilization for node c10f7032-bc31-41f0-99a6-639dc0df2762 with capacity 354334801920B, used 35433480192B, and remaining 318901321728B is 0.1
2023-06-27 18:42:11,614 [main] DEBUG balancer.ContainerBalancerTask (ContainerBalancerTask.java:initializeIteration(398)) - Utilization for node 9e123b79-30ce-4d23-adb4-409fd7603104 with capacity 22548578304B, used 0B, and remaining 22548578304B is 0.0
2023-06-27 18:42:11,614 [main] INFO  balancer.ContainerBalancerTask (ContainerBalancerTask.java:initializeIteration(447)) - Container Balancer has identified 5 Over-Utilized and 3 Under-Utilized Datanodes that need to be balanced.
2023-06-27 18:42:11,614 [main] DEBUG balancer.ContainerBalancerTask (ContainerBalancerTask.java:lambda$initializeIteration$1(453)) - Datanode localhost-120.0.211.55 34c1d20e-5508-4964-8ddb-ccde3252d7d3 is Over-Utilized.
2023-06-27 18:42:11,615 [main] DEBUG balancer.ContainerBalancerTask (ContainerBalancerTask.java:lambda$initializeIteration$1(453)) - Datanode localhost-205.185.81.86 9172f015-647c-4b3c-b888-96a60fcddde0 is Over-Utilized.
2023-06-27 18:42:11,615 [main] DEBUG balancer.ContainerBalancerTask (ContainerBalancerTask.java:lambda$initializeIteration$1(453)) - Datanode localhost-41.214.47.154 f6ff3e8d-9a5e-4eb0-a3d3-254b09becfcf is Over-Utilized.
2023-06-27 18:42:11,615 [main] DEBUG balancer.ContainerBalancerTask (ContainerBalancerTask.java:lambda$initializeIteration$1(453)) - Datanode localhost-241.67.156.165 d8daac19-c654-4d48-aa12-3392b2b54777 is Over-Utilized.
2023-06-27 18:42:11,615 [main] DEBUG balancer.ContainerBalancerTask (ContainerBalancerTask.java:lambda$initializeIteration$1(453)) - Datanode localhost-70.33.25.151 0772fe9f-1697-44dd-befc-3846ee780a1b is Over-Utilized.
2023-06-27 18:42:11,615 [main] DEBUG balancer.ContainerBalancerTask (ContainerBalancerTask.java:lambda$initializeIteration$2(459)) - Datanode localhost-173.175.190.59 9e123b79-30ce-4d23-adb4-409fd7603104 is Under-Utilized.
2023-06-27 18:42:11,615 [main] DEBUG balancer.ContainerBalancerTask (ContainerBalancerTask.java:lambda$initializeIteration$2(459)) - Datanode localhost-128.120.194.199 c10f7032-bc31-41f0-99a6-639dc0df2762 is Under-Utilized.
2023-06-27 18:42:11,615 [main] DEBUG balancer.ContainerBalancerTask (ContainerBalancerTask.java:lambda$initializeIteration$2(459)) - Datanode localhost-94.179.93.69 b747b95a-e81b-4ba8-b4dd-e2b74b930adb is Under-Utilized.
2023-06-27 18:42:11,617 [main] DEBUG balancer.ContainerBalancerTask (ContainerBalancerTask.java:matchSourceWithTarget(706)) - ContainerBalancer is finding suitable target for source datanode 34c1d20e-5508-4964-8ddb-ccde3252d7d3
2023-06-27 18:42:11,617 [main] INFO  balancer.ContainerBalancerTask (ContainerBalancerTask.java:matchSourceWithTarget(720)) - ContainerBalancer matched source datanode 34c1d20e-5508-4964-8ddb-ccde3252d7d3 with target datanode 9e123b79-30ce-4d23-adb4-409fd7603104 for container move.
2023-06-27 18:42:11,618 [main] INFO  balancer.ContainerBalancerTask (ContainerBalancerTask.java:processMoveSelection(569)) - ContainerBalancer is trying to move container #40 with size 5368709120B from source datanode 34c1d20e-5508-4964-8ddb-ccde3252d7d3 to target datanode 9e123b79-30ce-4d23-adb4-409fd7603104
2023-06-27 18:42:11,618 [main] DEBUG balancer.ContainerBalancerTask (ContainerBalancerTask.java:lambda$moveContainer$3(834)) - Container move completed for container #40 from source 34c1d20e-5508-4964-8ddb-ccde3252d7d3 to target 9e123b79-30ce-4d23-adb4-409fd7603104
2023-06-27 18:42:11,620 [main] DEBUG balancer.ContainerBalancerTask (ContainerBalancerTask.java:matchSourceWithTarget(706)) - ContainerBalancer is finding suitable target for source datanode 34c1d20e-5508-4964-8ddb-ccde3252d7d3
2023-06-27 18:42:11,620 [main] INFO  balancer.ContainerBalancerTask (ContainerBalancerTask.java:matchSourceWithTarget(720)) - ContainerBalancer matched source datanode 34c1d20e-5508-4964-8ddb-ccde3252d7d3 with target datanode c10f7032-bc31-41f0-99a6-639dc0df2762 for container move.
2023-06-27 18:42:11,621 [main] INFO  balancer.ContainerBalancerTask (ContainerBalancerTask.java:processMoveSelection(569)) - ContainerBalancer is trying to move container #88 with size 3221225472B from source datanode 34c1d20e-5508-4964-8ddb-ccde3252d7d3 to target datanode c10f7032-bc31-41f0-99a6-639dc0df2762
2023-06-27 18:42:11,621 [main] DEBUG balancer.ContainerBalancerTask (ContainerBalancerTask.java:lambda$moveContainer$3(834)) - Container move completed for container #88 from source 34c1d20e-5508-4964-8ddb-ccde3252d7d3 to target c10f7032-bc31-41f0-99a6-639dc0df2762
2023-06-27 18:42:11,623 [main] DEBUG balancer.ContainerBalancerTask (ContainerBalancerTask.java:matchSourceWithTarget(706)) - ContainerBalancer is finding suitable target for source datanode 9172f015-647c-4b3c-b888-96a60fcddde0
2023-06-27 18:42:11,623 [main] INFO  balancer.ContainerBalancerTask (ContainerBalancerTask.java:matchSourceWithTarget(720)) - ContainerBalancer matched source datanode 9172f015-647c-4b3c-b888-96a60fcddde0 with target datanode c10f7032-bc31-41f0-99a6-639dc0df2762 for container move.
2023-06-27 18:42:11,623 [main] INFO  balancer.ContainerBalancerTask (ContainerBalancerTask.java:processMoveSelection(569)) - ContainerBalancer is trying to move container #52 with size 4294967296B from source datanode 9172f015-647c-4b3c-b888-96a60fcddde0 to target datanode c10f7032-bc31-41f0-99a6-639dc0df2762
2023-06-27 18:42:11,623 [main] DEBUG balancer.ContainerBalancerTask (ContainerBalancerTask.java:lambda$moveContainer$3(834)) - Container move completed for container #52 from source 9172f015-647c-4b3c-b888-96a60fcddde0 to target c10f7032-bc31-41f0-99a6-639dc0df2762
2023-06-27 18:42:11,626 [main] DEBUG balancer.ContainerBalancerTask (ContainerBalancerTask.java:matchSourceWithTarget(706)) - ContainerBalancer is finding suitable target for source datanode 34c1d20e-5508-4964-8ddb-ccde3252d7d3
2023-06-27 18:42:11,626 [main] INFO  balancer.ContainerBalancerTask (ContainerBalancerTask.java:matchSourceWithTarget(720)) - ContainerBalancer matched source datanode 34c1d20e-5508-4964-8ddb-ccde3252d7d3 with target datanode c10f7032-bc31-41f0-99a6-639dc0df2762 for container move.
2023-06-27 18:42:11,626 [main] INFO  balancer.ContainerBalancerTask (ContainerBalancerTask.java:processMoveSelection(569)) - ContainerBalancer is trying to move container #82 with size 2147483648B from source datanode 34c1d20e-5508-4964-8ddb-ccde3252d7d3 to target datanode c10f7032-bc31-41f0-99a6-639dc0df2762
2023-06-27 18:42:11,627 [main] DEBUG balancer.ContainerBalancerTask (ContainerBalancerTask.java:lambda$moveContainer$3(834)) - Container move completed for container #82 from source 34c1d20e-5508-4964-8ddb-ccde3252d7d3 to target c10f7032-bc31-41f0-99a6-639dc0df2762
2023-06-27 18:42:11,629 [main] DEBUG balancer.ContainerBalancerTask (ContainerBalancerTask.java:matchSourceWithTarget(706)) - ContainerBalancer is finding suitable target for source datanode 9172f015-647c-4b3c-b888-96a60fcddde0
2023-06-27 18:42:11,629 [main] INFO  balancer.ContainerBalancerTask (ContainerBalancerTask.java:matchSourceWithTarget(720)) - ContainerBalancer matched source datanode 9172f015-647c-4b3c-b888-96a60fcddde0 with target datanode c10f7032-bc31-41f0-99a6-639dc0df2762 for container move.
2023-06-27 18:42:11,629 [main] INFO  balancer.ContainerBalancerTask (ContainerBalancerTask.java:processMoveSelection(569)) - ContainerBalancer is trying to move container #64 with size 1073741824B from source datanode 9172f015-647c-4b3c-b888-96a60fcddde0 to target datanode c10f7032-bc31-41f0-99a6-639dc0df2762
2023-06-27 18:42:11,629 [main] DEBUG balancer.ContainerBalancerTask (ContainerBalancerTask.java:lambda$moveContainer$3(834)) - Container move completed for container #64 from source 9172f015-647c-4b3c-b888-96a60fcddde0 to target c10f7032-bc31-41f0-99a6-639dc0df2762
2023-06-27 18:42:11,632 [main] DEBUG balancer.ContainerBalancerTask (ContainerBalancerTask.java:matchSourceWithTarget(706)) - ContainerBalancer is finding suitable target for source datanode 34c1d20e-5508-4964-8ddb-ccde3252d7d3
2023-06-27 18:42:11,632 [main] INFO  balancer.ContainerBalancerTask (ContainerBalancerTask.java:matchSourceWithTarget(720)) - ContainerBalancer matched source datanode 34c1d20e-5508-4964-8ddb-ccde3252d7d3 with target datanode b747b95a-e81b-4ba8-b4dd-e2b74b930adb for container move.
2023-06-27 18:42:11,632 [main] INFO  balancer.ContainerBalancerTask (ContainerBalancerTask.java:processMoveSelection(569)) - ContainerBalancer is trying to move container #84 with size 4294967296B from source datanode 34c1d20e-5508-4964-8ddb-ccde3252d7d3 to target datanode b747b95a-e81b-4ba8-b4dd-e2b74b930adb
2023-06-27 18:42:11,632 [main] DEBUG balancer.ContainerBalancerTask (ContainerBalancerTask.java:lambda$moveContainer$3(834)) - Container move completed for container #84 from source 34c1d20e-5508-4964-8ddb-ccde3252d7d3 to target b747b95a-e81b-4ba8-b4dd-e2b74b930adb
2023-06-27 18:42:11,634 [main] DEBUG balancer.ContainerBalancerTask (ContainerBalancerTask.java:matchSourceWithTarget(706)) - ContainerBalancer is finding suitable target for source datanode 9172f015-647c-4b3c-b888-96a60fcddde0
2023-06-27 18:42:11,634 [main] INFO  balancer.ContainerBalancerTask (ContainerBalancerTask.java:matchSourceWithTarget(720)) - ContainerBalancer matched source datanode 9172f015-647c-4b3c-b888-96a60fcddde0 with target datanode b747b95a-e81b-4ba8-b4dd-e2b74b930adb for container move.
2023-06-27 18:42:11,634 [main] INFO  balancer.ContainerBalancerTask (ContainerBalancerTask.java:processMoveSelection(569)) - ContainerBalancer is trying to move container #68 with size 5368709120B from source datanode 9172f015-647c-4b3c-b888-96a60fcddde0 to target datanode b747b95a-e81b-4ba8-b4dd-e2b74b930adb
2023-06-27 18:42:11,635 [main] DEBUG balancer.ContainerBalancerTask (ContainerBalancerTask.java:lambda$moveContainer$3(834)) - Container move completed for container #68 from source 9172f015-647c-4b3c-b888-96a60fcddde0 to target b747b95a-e81b-4ba8-b4dd-e2b74b930adb
2023-06-27 18:42:11,637 [main] DEBUG balancer.ContainerBalancerTask (ContainerBalancerTask.java:matchSourceWithTarget(706)) - ContainerBalancer is finding suitable target for source datanode f6ff3e8d-9a5e-4eb0-a3d3-254b09becfcf
2023-06-27 18:42:11,637 [main] INFO  balancer.ContainerBalancerTask (ContainerBalancerTask.java:matchSourceWithTarget(720)) - ContainerBalancer matched source datanode f6ff3e8d-9a5e-4eb0-a3d3-254b09becfcf with target datanode 9e123b79-30ce-4d23-adb4-409fd7603104 for container move.
2023-06-27 18:42:11,637 [main] INFO  balancer.ContainerBalancerTask (ContainerBalancerTask.java:processMoveSelection(569)) - ContainerBalancer is trying to move container #50 with size 2147483648B from source datanode f6ff3e8d-9a5e-4eb0-a3d3-254b09becfcf to target datanode 9e123b79-30ce-4d23-adb4-409fd7603104
2023-06-27 18:42:11,637 [main] DEBUG balancer.ContainerBalancerTask (ContainerBalancerTask.java:lambda$moveContainer$3(834)) - Container move completed for container #50 from source f6ff3e8d-9a5e-4eb0-a3d3-254b09becfcf to target 9e123b79-30ce-4d23-adb4-409fd7603104
2023-06-27 18:42:11,640 [main] DEBUG balancer.ContainerBalancerTask (ContainerBalancerTask.java:matchSourceWithTarget(706)) - ContainerBalancer is finding suitable target for source datanode f6ff3e8d-9a5e-4eb0-a3d3-254b09becfcf
2023-06-27 18:42:11,640 [main] INFO  balancer.ContainerBalancerTask (ContainerBalancerTask.java:matchSourceWithTarget(720)) - ContainerBalancer matched source datanode f6ff3e8d-9a5e-4eb0-a3d3-254b09becfcf with target datanode b747b95a-e81b-4ba8-b4dd-e2b74b930adb for container move.
2023-06-27 18:42:11,640 [main] INFO  balancer.ContainerBalancerTask (ContainerBalancerTask.java:processMoveSelection(569)) - ContainerBalancer is trying to move container #54 with size 1073741824B from source datanode f6ff3e8d-9a5e-4eb0-a3d3-254b09becfcf to target datanode b747b95a-e81b-4ba8-b4dd-e2b74b930adb
2023-06-27 18:42:11,640 [main] DEBUG balancer.ContainerBalancerTask (ContainerBalancerTask.java:lambda$moveContainer$3(834)) - Container move completed for container #54 from source f6ff3e8d-9a5e-4eb0-a3d3-254b09becfcf to target b747b95a-e81b-4ba8-b4dd-e2b74b930adb
2023-06-27 18:42:11,642 [main] DEBUG balancer.ContainerBalancerTask (ContainerBalancerTask.java:matchSourceWithTarget(706)) - ContainerBalancer is finding suitable target for source datanode f6ff3e8d-9a5e-4eb0-a3d3-254b09becfcf
2023-06-27 18:42:11,643 [main] INFO  balancer.ContainerBalancerTask (ContainerBalancerTask.java:matchSourceWithTarget(720)) - ContainerBalancer matched source datanode f6ff3e8d-9a5e-4eb0-a3d3-254b09becfcf with target datanode 9e123b79-30ce-4d23-adb4-409fd7603104 for container move.
2023-06-27 18:42:11,643 [main] INFO  balancer.ContainerBalancerTask (ContainerBalancerTask.java:processMoveSelection(569)) - ContainerBalancer is trying to move container #4 with size 1073741824B from source datanode f6ff3e8d-9a5e-4eb0-a3d3-254b09becfcf to target datanode 9e123b79-30ce-4d23-adb4-409fd7603104
2023-06-27 18:42:11,643 [main] DEBUG balancer.ContainerBalancerTask (ContainerBalancerTask.java:lambda$moveContainer$3(834)) - Container move completed for container #4 from source f6ff3e8d-9a5e-4eb0-a3d3-254b09becfcf to target 9e123b79-30ce-4d23-adb4-409fd7603104
2023-06-27 18:42:11,646 [main] DEBUG balancer.ContainerBalancerTask (ContainerBalancerTask.java:matchSourceWithTarget(706)) - ContainerBalancer is finding suitable target for source datanode 34c1d20e-5508-4964-8ddb-ccde3252d7d3
2023-06-27 18:42:11,646 [main] INFO  balancer.ContainerBalancerTask (ContainerBalancerTask.java:matchSourceWithTarget(720)) - ContainerBalancer matched source datanode 34c1d20e-5508-4964-8ddb-ccde3252d7d3 with target datanode 9e123b79-30ce-4d23-adb4-409fd7603104 for container move.
2023-06-27 18:42:11,646 [main] INFO  balancer.ContainerBalancerTask (ContainerBalancerTask.java:processMoveSelection(569)) - ContainerBalancer is trying to move container #86 with size 1073741824B from source datanode 34c1d20e-5508-4964-8ddb-ccde3252d7d3 to target datanode 9e123b79-30ce-4d23-adb4-409fd7603104
2023-06-27 18:42:11,646 [main] DEBUG balancer.ContainerBalancerTask (ContainerBalancerTask.java:lambda$moveContainer$3(834)) - Container move completed for container #86 from source 34c1d20e-5508-4964-8ddb-ccde3252d7d3 to target 9e123b79-30ce-4d23-adb4-409fd7603104
2023-06-27 18:42:11,649 [main] DEBUG balancer.ContainerBalancerTask (ContainerBalancerTask.java:matchSourceWithTarget(699)) - ContainerBalancer could not find any candidate containers for datanode f6ff3e8d-9a5e-4eb0-a3d3-254b09becfcf
2023-06-27 18:42:11,651 [main] DEBUG balancer.ContainerBalancerTask (ContainerBalancerTask.java:matchSourceWithTarget(706)) - ContainerBalancer is finding suitable target for source datanode 34c1d20e-5508-4964-8ddb-ccde3252d7d3
2023-06-27 18:42:11,652 [main] INFO  balancer.FindTargetGreedyByUsageInfo (AbstractFindTargetGreedy.java:findTargetForContainerMove(133)) - Container Balancer could not find a target for source datanode 34c1d20e-5508-4964-8ddb-ccde3252d7d3
2023-06-27 18:42:11,652 [main] DEBUG balancer.ContainerBalancerTask (ContainerBalancerTask.java:matchSourceWithTarget(715)) - ContainerBalancer could not find a suitable target for source node 34c1d20e-5508-4964-8ddb-ccde3252d7d3.
2023-06-27 18:42:11,654 [main] DEBUG balancer.ContainerBalancerTask (ContainerBalancerTask.java:matchSourceWithTarget(706)) - ContainerBalancer is finding suitable target for source datanode 9172f015-647c-4b3c-b888-96a60fcddde0
2023-06-27 18:42:11,654 [main] INFO  balancer.FindTargetGreedyByUsageInfo (AbstractFindTargetGreedy.java:findTargetForContainerMove(133)) - Container Balancer could not find a target for source datanode 9172f015-647c-4b3c-b888-96a60fcddde0
2023-06-27 18:42:11,654 [main] DEBUG balancer.ContainerBalancerTask (ContainerBalancerTask.java:matchSourceWithTarget(715)) - ContainerBalancer could not find a suitable target for source node 9172f015-647c-4b3c-b888-96a60fcddde0.
2023-06-27 18:42:11,657 [main] DEBUG balancer.ContainerBalancerTask (ContainerBalancerTask.java:matchSourceWithTarget(706)) - ContainerBalancer is finding suitable target for source datanode d8daac19-c654-4d48-aa12-3392b2b54777
2023-06-27 18:42:11,657 [main] INFO  balancer.FindTargetGreedyByUsageInfo (AbstractFindTargetGreedy.java:findTargetForContainerMove(133)) - Container Balancer could not find a target for source datanode d8daac19-c654-4d48-aa12-3392b2b54777
2023-06-27 18:42:11,658 [main] DEBUG balancer.ContainerBalancerTask (ContainerBalancerTask.java:matchSourceWithTarget(715)) - ContainerBalancer could not find a suitable target for source node d8daac19-c654-4d48-aa12-3392b2b54777.
2023-06-27 18:42:11,660 [main] DEBUG balancer.ContainerBalancerTask (ContainerBalancerTask.java:matchSourceWithTarget(706)) - ContainerBalancer is finding suitable target for source datanode 0772fe9f-1697-44dd-befc-3846ee780a1b
2023-06-27 18:42:11,661 [main] INFO  balancer.FindTargetGreedyByUsageInfo (AbstractFindTargetGreedy.java:findTargetForContainerMove(133)) - Container Balancer could not find a target for source datanode 0772fe9f-1697-44dd-befc-3846ee780a1b
2023-06-27 18:42:11,661 [main] DEBUG balancer.ContainerBalancerTask (ContainerBalancerTask.java:matchSourceWithTarget(715)) - ContainerBalancer could not find a suitable target for source node 0772fe9f-1697-44dd-befc-3846ee780a1b.
2023-06-27 18:42:11,661 [main] INFO  balancer.FindSourceGreedy (FindSourceGreedy.java:getNextCandidateSourceDataNode(126)) - no more candidate source data node
2023-06-27 18:42:11,661 [main] INFO  balancer.ContainerBalancerTask (ContainerBalancerTask.java:checkIterationMoveResults(640)) - Iteration Summary. Number of Datanodes involved: 6. Size moved: 29 GB (31138512896 Bytes). Number of Container moves completed: 11.
2023-06-27 18:42:11,661 [main] INFO  balancer.ContainerBalancerTask (ContainerBalancerTask.java:balance(259)) - Result of this iteration of Container Balancer: ITERATION_COMPLETED
2023-06-27 18:42:11,661 [main] INFO  balancer.ContainerBalancerTask (ContainerBalancerTask.java:tryStopWithSaveConfiguration(308)) - Save Configuration for stopping. Reason: Completed all iterations.
2023-06-27 18:42:11,662 [main] DEBUG balancer.ContainerBalancerTask (ContainerBalancerTask.java:initializeIteration(374)) - Average utilization of the cluster is 0.33341191953269483
2023-06-27 18:42:11,662 [main] DEBUG balancer.ContainerBalancerTask (ContainerBalancerTask.java:initializeIteration(386)) - Lower limit for utilization is 0.23341191953269483 and Upper limit for utilization is 0.43341191953269487
2023-06-27 18:42:11,663 [main] DEBUG balancer.ContainerBalancerTask (ContainerBalancerTask.java:initializeIteration(398)) - Utilization for node 34c1d20e-5508-4964-8ddb-ccde3252d7d3 with capacity 56073184142B, used 50465865728B, and remaining 5607318414B is 0.9000000000035667
2023-06-27 18:42:11,663 [main] DEBUG balancer.ContainerBalancerTask (ContainerBalancerTask.java:initializeIteration(398)) - Utilization for node 9172f015-647c-4b3c-b888-96a60fcddde0 with capacity 55029268480B, used 44023414784B, and remaining 11005853696B is 0.8
2023-06-27 18:42:11,663 [main] DEBUG balancer.ContainerBalancerTask (ContainerBalancerTask.java:initializeIteration(398)) - Utilization for node f6ff3e8d-9a5e-4eb0-a3d3-254b09becfcf with capacity 55221008091B, used 38654705664B, and remaining 16566302427B is 0.7000000000054327
2023-06-27 18:42:11,663 [main] DEBUG balancer.ContainerBalancerTask (ContainerBalancerTask.java:initializeIteration(398)) - Utilization for node d8daac19-c654-4d48-aa12-3392b2b54777 with capacity 85899345920B, used 51539607552B, and remaining 34359738368B is 0.6
2023-06-27 18:42:11,663 [main] DEBUG balancer.ContainerBalancerTask (ContainerBalancerTask.java:initializeIteration(398)) - Utilization for node 0772fe9f-1697-44dd-befc-3846ee780a1b with capacity 103079215104B, used 51539607552B, and remaining 51539607552B is 0.5
2023-06-27 18:42:11,663 [main] DEBUG balancer.ContainerBalancerTask (ContainerBalancerTask.java:initializeIteration(398)) - Utilization for node 900824c1-06e2-42aa-ab2b-44b6b83b1144 with capacity 93952409600B, used 37580963840B, and remaining 56371445760B is 0.4
2023-06-27 18:42:11,663 [main] DEBUG balancer.ContainerBalancerTask (ContainerBalancerTask.java:initializeIteration(398)) - Utilization for node 9b9bbc6e-7c92-4a50-8398-1b268e938adf with capacity 175377831253B, used 52613349376B, and remaining 122764481877B is 0.3000000000005702
2023-06-27 18:42:11,663 [main] DEBUG balancer.ContainerBalancerTask (ContainerBalancerTask.java:initializeIteration(398)) - Utilization for node b747b95a-e81b-4ba8-b4dd-e2b74b930adb with capacity 209379655680B, used 41875931136B, and remaining 167503724544B is 0.2
2023-06-27 18:42:11,663 [main] DEBUG balancer.ContainerBalancerTask (ContainerBalancerTask.java:initializeIteration(398)) - Utilization for node c10f7032-bc31-41f0-99a6-639dc0df2762 with capacity 354334801920B, used 35433480192B, and remaining 318901321728B is 0.1
2023-06-27 18:42:11,663 [main] DEBUG balancer.ContainerBalancerTask (ContainerBalancerTask.java:initializeIteration(398)) - Utilization for node 9e123b79-30ce-4d23-adb4-409fd7603104 with capacity 22548578304B, used 0B, and remaining 22548578304B is 0.0
2023-06-27 18:42:11,663 [main] INFO  balancer.ContainerBalancerTask (ContainerBalancerTask.java:initializeIteration(447)) - Container Balancer has identified 5 Over-Utilized and 3 Under-Utilized Datanodes that need to be balanced.
2023-06-27 18:42:11,663 [main] DEBUG balancer.ContainerBalancerTask (ContainerBalancerTask.java:lambda$initializeIteration$1(453)) - Datanode localhost-120.0.211.55 34c1d20e-5508-4964-8ddb-ccde3252d7d3 is Over-Utilized.
2023-06-27 18:42:11,664 [main] DEBUG balancer.ContainerBalancerTask (ContainerBalancerTask.java:lambda$initializeIteration$1(453)) - Datanode localhost-205.185.81.86 9172f015-647c-4b3c-b888-96a60fcddde0 is Over-Utilized.
2023-06-27 18:42:11,664 [main] DEBUG balancer.ContainerBalancerTask (ContainerBalancerTask.java:lambda$initializeIteration$1(453)) - Datanode localhost-41.214.47.154 f6ff3e8d-9a5e-4eb0-a3d3-254b09becfcf is Over-Utilized.
2023-06-27 18:42:11,664 [main] DEBUG balancer.ContainerBalancerTask (ContainerBalancerTask.java:lambda$initializeIteration$1(453)) - Datanode localhost-241.67.156.165 d8daac19-c654-4d48-aa12-3392b2b54777 is Over-Utilized.
2023-06-27 18:42:11,664 [main] DEBUG balancer.ContainerBalancerTask (ContainerBalancerTask.java:lambda$initializeIteration$1(453)) - Datanode localhost-70.33.25.151 0772fe9f-1697-44dd-befc-3846ee780a1b is Over-Utilized.
2023-06-27 18:42:11,664 [main] DEBUG balancer.ContainerBalancerTask (ContainerBalancerTask.java:lambda$initializeIteration$2(459)) - Datanode localhost-173.175.190.59 9e123b79-30ce-4d23-adb4-409fd7603104 is Under-Utilized.
2023-06-27 18:42:11,664 [main] DEBUG balancer.ContainerBalancerTask (ContainerBalancerTask.java:lambda$initializeIteration$2(459)) - Datanode localhost-128.120.194.199 c10f7032-bc31-41f0-99a6-639dc0df2762 is Under-Utilized.
2023-06-27 18:42:11,664 [main] DEBUG balancer.ContainerBalancerTask (ContainerBalancerTask.java:lambda$initializeIteration$2(459)) - Datanode localhost-94.179.93.69 b747b95a-e81b-4ba8-b4dd-e2b74b930adb is Under-Utilized.
2023-06-27 18:42:11,666 [main] DEBUG balancer.ContainerBalancerTask (ContainerBalancerTask.java:matchSourceWithTarget(706)) - ContainerBalancer is finding suitable target for source datanode 34c1d20e-5508-4964-8ddb-ccde3252d7d3
2023-06-27 18:42:11,666 [main] INFO  balancer.ContainerBalancerTask (ContainerBalancerTask.java:matchSourceWithTarget(720)) - ContainerBalancer matched source datanode 34c1d20e-5508-4964-8ddb-ccde3252d7d3 with target datanode 9e123b79-30ce-4d23-adb4-409fd7603104 for container move.
2023-06-27 18:42:11,667 [main] INFO  balancer.ContainerBalancerTask (ContainerBalancerTask.java:processMoveSelection(569)) - ContainerBalancer is trying to move container #40 with size 5368709120B from source datanode 34c1d20e-5508-4964-8ddb-ccde3252d7d3 to target datanode 9e123b79-30ce-4d23-adb4-409fd7603104
2023-06-27 18:42:11,667 [main] WARN  balancer.ContainerBalancerTask (ContainerBalancerTask.java:lambda$moveContainer$3(839)) - Container move for container #40 from source 34c1d20e-5508-4964-8ddb-ccde3252d7d3 to target 9e123b79-30ce-4d23-adb4-409fd7603104 failed: REPLICATION_FAIL_NODE_UNHEALTHY
2023-06-27 18:42:11,668 [main] DEBUG balancer.ContainerBalancerTask (ContainerBalancerTask.java:matchSourceWithTarget(706)) - ContainerBalancer is finding suitable target for source datanode 9172f015-647c-4b3c-b888-96a60fcddde0
2023-06-27 18:42:11,669 [main] INFO  balancer.ContainerBalancerTask (ContainerBalancerTask.java:matchSourceWithTarget(720)) - ContainerBalancer matched source datanode 9172f015-647c-4b3c-b888-96a60fcddde0 with target datanode 9e123b79-30ce-4d23-adb4-409fd7603104 for container move.
2023-06-27 18:42:11,669 [main] INFO  balancer.ContainerBalancerTask (ContainerBalancerTask.java:processMoveSelection(569)) - ContainerBalancer is trying to move container #68 with size 5368709120B from source datanode 9172f015-647c-4b3c-b888-96a60fcddde0 to target datanode 9e123b79-30ce-4d23-adb4-409fd7603104
2023-06-27 18:42:11,669 [main] WARN  balancer.ContainerBalancerTask (ContainerBalancerTask.java:lambda$moveContainer$3(839)) - Container move for container #68 from source 9172f015-647c-4b3c-b888-96a60fcddde0 to target 9e123b79-30ce-4d23-adb4-409fd7603104 failed: REPLICATION_FAIL_NODE_UNHEALTHY
2023-06-27 18:42:11,670 [main] DEBUG balancer.ContainerBalancerTask (ContainerBalancerTask.java:matchSourceWithTarget(706)) - ContainerBalancer is finding suitable target for source datanode f6ff3e8d-9a5e-4eb0-a3d3-254b09becfcf
2023-06-27 18:42:11,671 [main] INFO  balancer.ContainerBalancerTask (ContainerBalancerTask.java:matchSourceWithTarget(720)) - ContainerBalancer matched source datanode f6ff3e8d-9a5e-4eb0-a3d3-254b09becfcf with target datanode 9e123b79-30ce-4d23-adb4-409fd7603104 for container move.
2023-06-27 18:42:11,671 [main] INFO  balancer.ContainerBalancerTask (ContainerBalancerTask.java:processMoveSelection(569)) - ContainerBalancer is trying to move container #84 with size 4294967296B from source datanode f6ff3e8d-9a5e-4eb0-a3d3-254b09becfcf to target datanode 9e123b79-30ce-4d23-adb4-409fd7603104
2023-06-27 18:42:11,671 [main] WARN  balancer.ContainerBalancerTask (ContainerBalancerTask.java:lambda$moveContainer$3(839)) - Container move for container #84 from source f6ff3e8d-9a5e-4eb0-a3d3-254b09becfcf to target 9e123b79-30ce-4d23-adb4-409fd7603104 failed: REPLICATION_FAIL_NODE_UNHEALTHY
2023-06-27 18:42:11,673 [main] DEBUG balancer.ContainerBalancerTask (ContainerBalancerTask.java:matchSourceWithTarget(706)) - ContainerBalancer is finding suitable target for source datanode d8daac19-c654-4d48-aa12-3392b2b54777
2023-06-27 18:42:11,673 [main] INFO  balancer.ContainerBalancerTask (ContainerBalancerTask.java:matchSourceWithTarget(720)) - ContainerBalancer matched source datanode d8daac19-c654-4d48-aa12-3392b2b54777 with target datanode 9e123b79-30ce-4d23-adb4-409fd7603104 for container move.
2023-06-27 18:42:11,673 [main] INFO  balancer.ContainerBalancerTask (ContainerBalancerTask.java:processMoveSelection(569)) - ContainerBalancer is trying to move container #40 with size 5368709120B from source datanode d8daac19-c654-4d48-aa12-3392b2b54777 to target datanode 9e123b79-30ce-4d23-adb4-409fd7603104
2023-06-27 18:42:11,673 [main] WARN  balancer.ContainerBalancerTask (ContainerBalancerTask.java:lambda$moveContainer$3(839)) - Container move for container #40 from source d8daac19-c654-4d48-aa12-3392b2b54777 to target 9e123b79-30ce-4d23-adb4-409fd7603104 failed: REPLICATION_FAIL_NODE_UNHEALTHY
2023-06-27 18:42:11,675 [main] DEBUG balancer.ContainerBalancerTask (ContainerBalancerTask.java:matchSourceWithTarget(706)) - ContainerBalancer is finding suitable target for source datanode 0772fe9f-1697-44dd-befc-3846ee780a1b
2023-06-27 18:42:11,675 [main] INFO  balancer.ContainerBalancerTask (ContainerBalancerTask.java:matchSourceWithTarget(720)) - ContainerBalancer matched source datanode 0772fe9f-1697-44dd-befc-3846ee780a1b with target datanode 9e123b79-30ce-4d23-adb4-409fd7603104 for container move.
2023-06-27 18:42:11,675 [main] INFO  balancer.ContainerBalancerTask (ContainerBalancerTask.java:processMoveSelection(569)) - ContainerBalancer is trying to move container #28 with size 4294967296B from source datanode 0772fe9f-1697-44dd-befc-3846ee780a1b to target datanode 9e123b79-30ce-4d23-adb4-409fd7603104
2023-06-27 18:42:11,675 [main] WARN  balancer.ContainerBalancerTask (ContainerBalancerTask.java:lambda$moveContainer$3(839)) - Container move for container #28 from source 0772fe9f-1697-44dd-befc-3846ee780a1b to target 9e123b79-30ce-4d23-adb4-409fd7603104 failed: REPLICATION_FAIL_NODE_UNHEALTHY
2023-06-27 18:42:11,676 [main] INFO  balancer.FindSourceGreedy (FindSourceGreedy.java:getNextCandidateSourceDataNode(126)) - no more candidate source data node
2023-06-27 18:42:11,676 [main] INFO  balancer.ContainerBalancerTask (ContainerBalancerTask.java:checkIterationMoveResults(640)) - Iteration Summary. Number of Datanodes involved: 0. Size moved: 0 B (0 Bytes). Number of Container moves completed: 0.
2023-06-27 18:42:11,676 [main] INFO  balancer.ContainerBalancerTask (ContainerBalancerTask.java:balance(259)) - Result of this iteration of Container Balancer: ITERATION_COMPLETED
2023-06-27 18:42:11,676 [main] INFO  balancer.ContainerBalancerTask (ContainerBalancerTask.java:tryStopWithSaveConfiguration(308)) - Save Configuration for stopping. Reason: Completed all iterations.
2023-06-27 18:42:11,681 [main] DEBUG balancer.ContainerBalancerTask (ContainerBalancerTask.java:initializeIteration(374)) - Average utilization of the cluster is 0.33341191953269483
2023-06-27 18:42:11,681 [main] DEBUG balancer.ContainerBalancerTask (ContainerBalancerTask.java:initializeIteration(386)) - Lower limit for utilization is 0.23341191953269483 and Upper limit for utilization is 0.43341191953269487
2023-06-27 18:42:11,682 [main] DEBUG balancer.ContainerBalancerTask (ContainerBalancerTask.java:initializeIteration(398)) - Utilization for node 34c1d20e-5508-4964-8ddb-ccde3252d7d3 with capacity 56073184142B, used 50465865728B, and remaining 5607318414B is 0.9000000000035667
2023-06-27 18:42:11,682 [main] DEBUG balancer.ContainerBalancerTask (ContainerBalancerTask.java:initializeIteration(398)) - Utilization for node 9172f015-647c-4b3c-b888-96a60fcddde0 with capacity 55029268480B, used 44023414784B, and remaining 11005853696B is 0.8
2023-06-27 18:42:11,682 [main] DEBUG balancer.ContainerBalancerTask (ContainerBalancerTask.java:initializeIteration(398)) - Utilization for node f6ff3e8d-9a5e-4eb0-a3d3-254b09becfcf with capacity 55221008091B, used 38654705664B, and remaining 16566302427B is 0.7000000000054327
2023-06-27 18:42:11,682 [main] DEBUG balancer.ContainerBalancerTask (ContainerBalancerTask.java:initializeIteration(398)) - Utilization for node d8daac19-c654-4d48-aa12-3392b2b54777 with capacity 85899345920B, used 51539607552B, and remaining 34359738368B is 0.6
2023-06-27 18:42:11,682 [main] DEBUG balancer.ContainerBalancerTask (ContainerBalancerTask.java:initializeIteration(398)) - Utilization for node 0772fe9f-1697-44dd-befc-3846ee780a1b with capacity 103079215104B, used 51539607552B, and remaining 51539607552B is 0.5
2023-06-27 18:42:11,682 [main] DEBUG balancer.ContainerBalancerTask (ContainerBalancerTask.java:initializeIteration(398)) - Utilization for node 900824c1-06e2-42aa-ab2b-44b6b83b1144 with capacity 93952409600B, used 37580963840B, and remaining 56371445760B is 0.4
2023-06-27 18:42:11,682 [main] DEBUG balancer.ContainerBalancerTask (ContainerBalancerTask.java:initializeIteration(398)) - Utilization for node 9b9bbc6e-7c92-4a50-8398-1b268e938adf with capacity 175377831253B, used 52613349376B, and remaining 122764481877B is 0.3000000000005702
2023-06-27 18:42:11,682 [main] DEBUG balancer.ContainerBalancerTask (ContainerBalancerTask.java:initializeIteration(398)) - Utilization for node b747b95a-e81b-4ba8-b4dd-e2b74b930adb with capacity 209379655680B, used 41875931136B, and remaining 167503724544B is 0.2
2023-06-27 18:42:11,682 [main] DEBUG balancer.ContainerBalancerTask (ContainerBalancerTask.java:initializeIteration(398)) - Utilization for node c10f7032-bc31-41f0-99a6-639dc0df2762 with capacity 354334801920B, used 35433480192B, and remaining 318901321728B is 0.1
2023-06-27 18:42:11,682 [main] DEBUG balancer.ContainerBalancerTask (ContainerBalancerTask.java:initializeIteration(398)) - Utilization for node 9e123b79-30ce-4d23-adb4-409fd7603104 with capacity 22548578304B, used 0B, and remaining 22548578304B is 0.0
2023-06-27 18:42:11,682 [main] INFO  balancer.ContainerBalancerTask (ContainerBalancerTask.java:initializeIteration(447)) - Container Balancer has identified 5 Over-Utilized and 3 Under-Utilized Datanodes that need to be balanced.
2023-06-27 18:42:11,682 [main] DEBUG balancer.ContainerBalancerTask (ContainerBalancerTask.java:lambda$initializeIteration$1(453)) - Datanode localhost-120.0.211.55 34c1d20e-5508-4964-8ddb-ccde3252d7d3 is Over-Utilized.
2023-06-27 18:42:11,682 [main] DEBUG balancer.ContainerBalancerTask (ContainerBalancerTask.java:lambda$initializeIteration$1(453)) - Datanode localhost-205.185.81.86 9172f015-647c-4b3c-b888-96a60fcddde0 is Over-Utilized.
2023-06-27 18:42:11,683 [main] DEBUG balancer.ContainerBalancerTask (ContainerBalancerTask.java:lambda$initializeIteration$1(453)) - Datanode localhost-41.214.47.154 f6ff3e8d-9a5e-4eb0-a3d3-254b09becfcf is Over-Utilized.
2023-06-27 18:42:11,683 [main] DEBUG balancer.ContainerBalancerTask (ContainerBalancerTask.java:lambda$initializeIteration$1(453)) - Datanode localhost-241.67.156.165 d8daac19-c654-4d48-aa12-3392b2b54777 is Over-Utilized.
2023-06-27 18:42:11,683 [main] DEBUG balancer.ContainerBalancerTask (ContainerBalancerTask.java:lambda$initializeIteration$1(453)) - Datanode localhost-70.33.25.151 0772fe9f-1697-44dd-befc-3846ee780a1b is Over-Utilized.
2023-06-27 18:42:11,683 [main] DEBUG balancer.ContainerBalancerTask (ContainerBalancerTask.java:lambda$initializeIteration$2(459)) - Datanode localhost-173.175.190.59 9e123b79-30ce-4d23-adb4-409fd7603104 is Under-Utilized.
2023-06-27 18:42:11,683 [main] DEBUG balancer.ContainerBalancerTask (ContainerBalancerTask.java:lambda$initializeIteration$2(459)) - Datanode localhost-128.120.194.199 c10f7032-bc31-41f0-99a6-639dc0df2762 is Under-Utilized.
2023-06-27 18:42:11,683 [main] DEBUG balancer.ContainerBalancerTask (ContainerBalancerTask.java:lambda$initializeIteration$2(459)) - Datanode localhost-94.179.93.69 b747b95a-e81b-4ba8-b4dd-e2b74b930adb is Under-Utilized.
2023-06-27 18:42:11,686 [main] DEBUG balancer.ContainerBalancerTask (ContainerBalancerTask.java:matchSourceWithTarget(706)) - ContainerBalancer is finding suitable target for source datanode 34c1d20e-5508-4964-8ddb-ccde3252d7d3
2023-06-27 18:42:11,686 [main] INFO  balancer.ContainerBalancerTask (ContainerBalancerTask.java:matchSourceWithTarget(720)) - ContainerBalancer matched source datanode 34c1d20e-5508-4964-8ddb-ccde3252d7d3 with target datanode 9e123b79-30ce-4d23-adb4-409fd7603104 for container move.
2023-06-27 18:42:11,686 [main] INFO  balancer.ContainerBalancerTask (ContainerBalancerTask.java:processMoveSelection(569)) - ContainerBalancer is trying to move container #85 with size 5368709120B from source datanode 34c1d20e-5508-4964-8ddb-ccde3252d7d3 to target datanode 9e123b79-30ce-4d23-adb4-409fd7603104
2023-06-27 18:42:11,686 [main] DEBUG balancer.ContainerBalancerTask (ContainerBalancerTask.java:lambda$moveContainer$3(834)) - Container move completed for container #85 from source 34c1d20e-5508-4964-8ddb-ccde3252d7d3 to target 9e123b79-30ce-4d23-adb4-409fd7603104
2023-06-27 18:42:11,688 [main] DEBUG balancer.ContainerBalancerTask (ContainerBalancerTask.java:matchSourceWithTarget(706)) - ContainerBalancer is finding suitable target for source datanode 34c1d20e-5508-4964-8ddb-ccde3252d7d3
2023-06-27 18:42:11,688 [main] INFO  balancer.ContainerBalancerTask (ContainerBalancerTask.java:matchSourceWithTarget(720)) - ContainerBalancer matched source datanode 34c1d20e-5508-4964-8ddb-ccde3252d7d3 with target datanode c10f7032-bc31-41f0-99a6-639dc0df2762 for container move.
2023-06-27 18:42:11,689 [main] INFO  balancer.ContainerBalancerTask (ContainerBalancerTask.java:processMoveSelection(569)) - ContainerBalancer is trying to move container #53 with size 5368709120B from source datanode 34c1d20e-5508-4964-8ddb-ccde3252d7d3 to target datanode c10f7032-bc31-41f0-99a6-639dc0df2762
2023-06-27 18:42:11,689 [main] DEBUG balancer.ContainerBalancerTask (ContainerBalancerTask.java:lambda$moveContainer$3(834)) - Container move completed for container #53 from source 34c1d20e-5508-4964-8ddb-ccde3252d7d3 to target c10f7032-bc31-41f0-99a6-639dc0df2762
2023-06-27 18:42:11,689 [main] WARN  balancer.ContainerBalancerTask (ContainerBalancerTask.java:reachedMaxSizeToMovePerIteration(731)) - Reached max size to move limit. 10737418240 bytes have already been scheduled for balancing and the limit is 10737418240 bytes.
2023-06-27 18:42:11,689 [main] INFO  balancer.ContainerBalancerTask (ContainerBalancerTask.java:checkIterationMoveResults(640)) - Iteration Summary. Number of Datanodes involved: 3. Size moved: 10 GB (10737418240 Bytes). Number of Container moves completed: 2.
2023-06-27 18:42:11,689 [main] INFO  balancer.ContainerBalancerTask (ContainerBalancerTask.java:balance(259)) - Result of this iteration of Container Balancer: ITERATION_COMPLETED
2023-06-27 18:42:11,689 [main] INFO  balancer.ContainerBalancerTask (ContainerBalancerTask.java:tryStopWithSaveConfiguration(308)) - Save Configuration for stopping. Reason: Completed all iterations.
]]></system-out>
  </testcase>
  <testcase name="targetDatanodeShouldBeInServiceHealthy" classname="org.apache.hadoop.hdds.scm.container.balancer.TestContainerBalancerTask" time="0.079">
    <system-out><![CDATA[2023-06-27 18:42:11,718 [main] INFO  net.NodeSchemaLoader (NodeSchemaLoader.java:loadSchemaFromFile(129)) - Loading schema from [file:/home/runner/work/ozone/ozone/hadoop-hdds/common/target/classes/network-topology-default.xml]
2023-06-27 18:42:11,718 [main] INFO  net.NodeSchemaLoader (NodeSchemaLoader.java:loadSchema(176)) - Loading network topology layer schema file
2023-06-27 18:42:11,724 [main] INFO  net.NetworkTopologyImpl (NetworkTopologyImpl.java:add(112)) - Added a new node: /default-rack/42c32621-1591-4515-844e-89c27d1bb471
2023-06-27 18:42:11,724 [main] INFO  net.NetworkTopologyImpl (NetworkTopologyImpl.java:add(112)) - Added a new node: /default-rack/7b2a9d69-dae0-45d8-b617-541abb0e43c9
2023-06-27 18:42:11,724 [main] INFO  net.NetworkTopologyImpl (NetworkTopologyImpl.java:add(112)) - Added a new node: /default-rack/a20d06e2-dd85-4f50-8bc6-03edec7732a4
2023-06-27 18:42:11,724 [main] INFO  net.NetworkTopologyImpl (NetworkTopologyImpl.java:add(112)) - Added a new node: /default-rack/3f32ac17-2ec7-4323-8073-a47cfb86e40b
2023-06-27 18:42:11,725 [main] INFO  net.NetworkTopologyImpl (NetworkTopologyImpl.java:add(112)) - Added a new node: /default-rack/95a46ab6-c80f-4860-a40b-12bc8255712b
2023-06-27 18:42:11,725 [main] INFO  net.NetworkTopologyImpl (NetworkTopologyImpl.java:add(112)) - Added a new node: /default-rack/2083f92d-faf3-4e9e-ad4b-b810baf32f4f
2023-06-27 18:42:11,725 [main] INFO  net.NetworkTopologyImpl (NetworkTopologyImpl.java:add(112)) - Added a new node: /default-rack/43d1a489-e548-4e16-bc54-b6a960e470a5
2023-06-27 18:42:11,725 [main] INFO  net.NetworkTopologyImpl (NetworkTopologyImpl.java:add(112)) - Added a new node: /default-rack/b52e75a3-4249-49c0-81df-008d1e235a0f
2023-06-27 18:42:11,725 [main] INFO  net.NetworkTopologyImpl (NetworkTopologyImpl.java:add(112)) - Added a new node: /default-rack/3249508e-2c28-445e-9fb6-141191f8e552
2023-06-27 18:42:11,725 [main] INFO  net.NetworkTopologyImpl (NetworkTopologyImpl.java:add(112)) - Added a new node: /default-rack/f5990d86-7dbb-4753-8c48-fb7a6b2c4d25
2023-06-27 18:42:11,725 [main] INFO  algorithms.ContainerPlacementPolicyFactory (ContainerPlacementPolicyFactory.java:getPolicyInternal(86)) - Create container placement policy of type org.apache.hadoop.hdds.scm.container.placement.algorithms.SCMContainerPlacementRackAware
2023-06-27 18:42:11,725 [main] INFO  algorithms.ContainerPlacementPolicyFactory (ContainerPlacementPolicyFactory.java:getPolicyInternal(86)) - Create container placement policy of type org.apache.hadoop.hdds.scm.container.placement.algorithms.SCMContainerPlacementRackScatter
2023-06-27 18:42:11,728 [main] DEBUG balancer.ContainerBalancerTask (ContainerBalancerTask.java:initializeIteration(374)) - Average utilization of the cluster is 0.3217040184794098
2023-06-27 18:42:11,728 [main] DEBUG balancer.ContainerBalancerTask (ContainerBalancerTask.java:initializeIteration(386)) - Lower limit for utilization is 0.22170401847940982 and Upper limit for utilization is 0.42170401847940986
2023-06-27 18:42:11,728 [main] DEBUG balancer.ContainerBalancerTask (ContainerBalancerTask.java:initializeIteration(398)) - Utilization for node 2083f92d-faf3-4e9e-ad4b-b810baf32f4f with capacity 59652323555B, used 53687091200B, and remaining 5965232355B is 0.9000000000083819
2023-06-27 18:42:11,728 [main] DEBUG balancer.ContainerBalancerTask (ContainerBalancerTask.java:initializeIteration(398)) - Utilization for node b52e75a3-4249-49c0-81df-008d1e235a0f with capacity 52344913920B, used 41875931136B, and remaining 10468982784B is 0.8
2023-06-27 18:42:11,728 [main] DEBUG balancer.ContainerBalancerTask (ContainerBalancerTask.java:initializeIteration(398)) - Utilization for node 7b2a9d69-dae0-45d8-b617-541abb0e43c9 with capacity 58288841874B, used 40802189312B, and remaining 17486652562B is 0.7000000000034312
2023-06-27 18:42:11,728 [main] DEBUG balancer.ContainerBalancerTask (ContainerBalancerTask.java:initializeIteration(398)) - Utilization for node f5990d86-7dbb-4753-8c48-fb7a6b2c4d25 with capacity 55476660906B, used 33285996544B, and remaining 22190664362B is 0.6000000000072102
2023-06-27 18:42:11,728 [main] DEBUG balancer.ContainerBalancerTask (ContainerBalancerTask.java:initializeIteration(398)) - Utilization for node 42c32621-1591-4515-844e-89c27d1bb471 with capacity 103079215104B, used 51539607552B, and remaining 51539607552B is 0.5
2023-06-27 18:42:11,728 [main] DEBUG balancer.ContainerBalancerTask (ContainerBalancerTask.java:initializeIteration(398)) - Utilization for node a20d06e2-dd85-4f50-8bc6-03edec7732a4 with capacity 166429982720B, used 66571993088B, and remaining 99857989632B is 0.4
2023-06-27 18:42:11,731 [main] DEBUG balancer.ContainerBalancerTask (ContainerBalancerTask.java:initializeIteration(398)) - Utilization for node 3f32ac17-2ec7-4323-8073-a47cfb86e40b with capacity 96636764160B, used 28991029248B, and remaining 67645734912B is 0.3
2023-06-27 18:42:11,731 [main] DEBUG balancer.ContainerBalancerTask (ContainerBalancerTask.java:initializeIteration(398)) - Utilization for node 95a46ab6-c80f-4860-a40b-12bc8255712b with capacity 150323855360B, used 30064771072B, and remaining 120259084288B is 0.2
2023-06-27 18:42:11,731 [main] DEBUG balancer.ContainerBalancerTask (ContainerBalancerTask.java:initializeIteration(398)) - Utilization for node 43d1a489-e548-4e16-bc54-b6a960e470a5 with capacity 418759311360B, used 41875931136B, and remaining 376883380224B is 0.1
2023-06-27 18:42:11,731 [main] DEBUG balancer.ContainerBalancerTask (ContainerBalancerTask.java:initializeIteration(398)) - Utilization for node 3249508e-2c28-445e-9fb6-141191f8e552 with capacity 47244640256B, used 0B, and remaining 47244640256B is 0.0
2023-06-27 18:42:11,731 [main] INFO  balancer.ContainerBalancerTask (ContainerBalancerTask.java:initializeIteration(447)) - Container Balancer has identified 5 Over-Utilized and 3 Under-Utilized Datanodes that need to be balanced.
2023-06-27 18:42:11,731 [main] DEBUG balancer.ContainerBalancerTask (ContainerBalancerTask.java:lambda$initializeIteration$1(453)) - Datanode localhost-77.134.50.132 2083f92d-faf3-4e9e-ad4b-b810baf32f4f is Over-Utilized.
2023-06-27 18:42:11,731 [main] DEBUG balancer.ContainerBalancerTask (ContainerBalancerTask.java:lambda$initializeIteration$1(453)) - Datanode localhost-206.176.62.111 b52e75a3-4249-49c0-81df-008d1e235a0f is Over-Utilized.
2023-06-27 18:42:11,731 [main] DEBUG balancer.ContainerBalancerTask (ContainerBalancerTask.java:lambda$initializeIteration$1(453)) - Datanode localhost-83.241.71.109 7b2a9d69-dae0-45d8-b617-541abb0e43c9 is Over-Utilized.
2023-06-27 18:42:11,731 [main] DEBUG balancer.ContainerBalancerTask (ContainerBalancerTask.java:lambda$initializeIteration$1(453)) - Datanode localhost-196.23.6.126 f5990d86-7dbb-4753-8c48-fb7a6b2c4d25 is Over-Utilized.
2023-06-27 18:42:11,731 [main] DEBUG balancer.ContainerBalancerTask (ContainerBalancerTask.java:lambda$initializeIteration$1(453)) - Datanode localhost-149.170.148.13 42c32621-1591-4515-844e-89c27d1bb471 is Over-Utilized.
2023-06-27 18:42:11,732 [main] DEBUG balancer.ContainerBalancerTask (ContainerBalancerTask.java:lambda$initializeIteration$2(459)) - Datanode localhost-74.243.50.219 3249508e-2c28-445e-9fb6-141191f8e552 is Under-Utilized.
2023-06-27 18:42:11,732 [main] DEBUG balancer.ContainerBalancerTask (ContainerBalancerTask.java:lambda$initializeIteration$2(459)) - Datanode localhost-159.154.235.237 43d1a489-e548-4e16-bc54-b6a960e470a5 is Under-Utilized.
2023-06-27 18:42:11,732 [main] DEBUG balancer.ContainerBalancerTask (ContainerBalancerTask.java:lambda$initializeIteration$2(459)) - Datanode localhost-146.81.193.20 95a46ab6-c80f-4860-a40b-12bc8255712b is Under-Utilized.
2023-06-27 18:42:11,734 [main] DEBUG balancer.ContainerBalancerTask (ContainerBalancerTask.java:matchSourceWithTarget(706)) - ContainerBalancer is finding suitable target for source datanode 2083f92d-faf3-4e9e-ad4b-b810baf32f4f
2023-06-27 18:42:11,734 [main] INFO  balancer.ContainerBalancerTask (ContainerBalancerTask.java:matchSourceWithTarget(720)) - ContainerBalancer matched source datanode 2083f92d-faf3-4e9e-ad4b-b810baf32f4f with target datanode 3249508e-2c28-445e-9fb6-141191f8e552 for container move.
2023-06-27 18:42:11,734 [main] INFO  balancer.ContainerBalancerTask (ContainerBalancerTask.java:processMoveSelection(569)) - ContainerBalancer is trying to move container #85 with size 5368709120B from source datanode 2083f92d-faf3-4e9e-ad4b-b810baf32f4f to target datanode 3249508e-2c28-445e-9fb6-141191f8e552
2023-06-27 18:42:11,734 [main] DEBUG balancer.ContainerBalancerTask (ContainerBalancerTask.java:lambda$moveContainer$3(834)) - Container move completed for container #85 from source 2083f92d-faf3-4e9e-ad4b-b810baf32f4f to target 3249508e-2c28-445e-9fb6-141191f8e552
2023-06-27 18:42:11,737 [main] DEBUG balancer.ContainerBalancerTask (ContainerBalancerTask.java:matchSourceWithTarget(706)) - ContainerBalancer is finding suitable target for source datanode 2083f92d-faf3-4e9e-ad4b-b810baf32f4f
2023-06-27 18:42:11,737 [main] INFO  balancer.ContainerBalancerTask (ContainerBalancerTask.java:matchSourceWithTarget(720)) - ContainerBalancer matched source datanode 2083f92d-faf3-4e9e-ad4b-b810baf32f4f with target datanode 43d1a489-e548-4e16-bc54-b6a960e470a5 for container move.
2023-06-27 18:42:11,737 [main] INFO  balancer.ContainerBalancerTask (ContainerBalancerTask.java:processMoveSelection(569)) - ContainerBalancer is trying to move container #29 with size 5368709120B from source datanode 2083f92d-faf3-4e9e-ad4b-b810baf32f4f to target datanode 43d1a489-e548-4e16-bc54-b6a960e470a5
2023-06-27 18:42:11,737 [main] DEBUG balancer.ContainerBalancerTask (ContainerBalancerTask.java:lambda$moveContainer$3(834)) - Container move completed for container #29 from source 2083f92d-faf3-4e9e-ad4b-b810baf32f4f to target 43d1a489-e548-4e16-bc54-b6a960e470a5
2023-06-27 18:42:11,739 [main] DEBUG balancer.ContainerBalancerTask (ContainerBalancerTask.java:matchSourceWithTarget(706)) - ContainerBalancer is finding suitable target for source datanode b52e75a3-4249-49c0-81df-008d1e235a0f
2023-06-27 18:42:11,739 [main] INFO  balancer.ContainerBalancerTask (ContainerBalancerTask.java:matchSourceWithTarget(720)) - ContainerBalancer matched source datanode b52e75a3-4249-49c0-81df-008d1e235a0f with target datanode 43d1a489-e548-4e16-bc54-b6a960e470a5 for container move.
2023-06-27 18:42:11,740 [main] INFO  balancer.ContainerBalancerTask (ContainerBalancerTask.java:processMoveSelection(569)) - ContainerBalancer is trying to move container #68 with size 5368709120B from source datanode b52e75a3-4249-49c0-81df-008d1e235a0f to target datanode 43d1a489-e548-4e16-bc54-b6a960e470a5
2023-06-27 18:42:11,740 [main] DEBUG balancer.ContainerBalancerTask (ContainerBalancerTask.java:lambda$moveContainer$3(834)) - Container move completed for container #68 from source b52e75a3-4249-49c0-81df-008d1e235a0f to target 43d1a489-e548-4e16-bc54-b6a960e470a5
2023-06-27 18:42:11,742 [main] DEBUG balancer.ContainerBalancerTask (ContainerBalancerTask.java:matchSourceWithTarget(706)) - ContainerBalancer is finding suitable target for source datanode 2083f92d-faf3-4e9e-ad4b-b810baf32f4f
2023-06-27 18:42:11,742 [main] INFO  balancer.ContainerBalancerTask (ContainerBalancerTask.java:matchSourceWithTarget(720)) - ContainerBalancer matched source datanode 2083f92d-faf3-4e9e-ad4b-b810baf32f4f with target datanode 3249508e-2c28-445e-9fb6-141191f8e552 for container move.
2023-06-27 18:42:11,742 [main] INFO  balancer.ContainerBalancerTask (ContainerBalancerTask.java:processMoveSelection(569)) - ContainerBalancer is trying to move container #89 with size 4294967296B from source datanode 2083f92d-faf3-4e9e-ad4b-b810baf32f4f to target datanode 3249508e-2c28-445e-9fb6-141191f8e552
2023-06-27 18:42:11,742 [main] DEBUG balancer.ContainerBalancerTask (ContainerBalancerTask.java:lambda$moveContainer$3(834)) - Container move completed for container #89 from source 2083f92d-faf3-4e9e-ad4b-b810baf32f4f to target 3249508e-2c28-445e-9fb6-141191f8e552
2023-06-27 18:42:11,745 [main] DEBUG balancer.ContainerBalancerTask (ContainerBalancerTask.java:matchSourceWithTarget(706)) - ContainerBalancer is finding suitable target for source datanode 7b2a9d69-dae0-45d8-b617-541abb0e43c9
2023-06-27 18:42:11,745 [main] INFO  balancer.ContainerBalancerTask (ContainerBalancerTask.java:matchSourceWithTarget(720)) - ContainerBalancer matched source datanode 7b2a9d69-dae0-45d8-b617-541abb0e43c9 with target datanode 43d1a489-e548-4e16-bc54-b6a960e470a5 for container move.
2023-06-27 18:42:11,745 [main] INFO  balancer.ContainerBalancerTask (ContainerBalancerTask.java:processMoveSelection(569)) - ContainerBalancer is trying to move container #53 with size 5368709120B from source datanode 7b2a9d69-dae0-45d8-b617-541abb0e43c9 to target datanode 43d1a489-e548-4e16-bc54-b6a960e470a5
2023-06-27 18:42:11,745 [main] DEBUG balancer.ContainerBalancerTask (ContainerBalancerTask.java:lambda$moveContainer$3(834)) - Container move completed for container #53 from source 7b2a9d69-dae0-45d8-b617-541abb0e43c9 to target 43d1a489-e548-4e16-bc54-b6a960e470a5
2023-06-27 18:42:11,747 [main] DEBUG balancer.ContainerBalancerTask (ContainerBalancerTask.java:matchSourceWithTarget(706)) - ContainerBalancer is finding suitable target for source datanode b52e75a3-4249-49c0-81df-008d1e235a0f
2023-06-27 18:42:11,748 [main] INFO  balancer.ContainerBalancerTask (ContainerBalancerTask.java:matchSourceWithTarget(720)) - ContainerBalancer matched source datanode b52e75a3-4249-49c0-81df-008d1e235a0f with target datanode 43d1a489-e548-4e16-bc54-b6a960e470a5 for container move.
2023-06-27 18:42:11,748 [main] INFO  balancer.ContainerBalancerTask (ContainerBalancerTask.java:processMoveSelection(569)) - ContainerBalancer is trying to move container #71 with size 3221225472B from source datanode b52e75a3-4249-49c0-81df-008d1e235a0f to target datanode 43d1a489-e548-4e16-bc54-b6a960e470a5
2023-06-27 18:42:11,748 [main] DEBUG balancer.ContainerBalancerTask (ContainerBalancerTask.java:lambda$moveContainer$3(834)) - Container move completed for container #71 from source b52e75a3-4249-49c0-81df-008d1e235a0f to target 43d1a489-e548-4e16-bc54-b6a960e470a5
2023-06-27 18:42:11,750 [main] DEBUG balancer.ContainerBalancerTask (ContainerBalancerTask.java:matchSourceWithTarget(706)) - ContainerBalancer is finding suitable target for source datanode 2083f92d-faf3-4e9e-ad4b-b810baf32f4f
2023-06-27 18:42:11,750 [main] INFO  balancer.ContainerBalancerTask (ContainerBalancerTask.java:matchSourceWithTarget(720)) - ContainerBalancer matched source datanode 2083f92d-faf3-4e9e-ad4b-b810baf32f4f with target datanode 43d1a489-e548-4e16-bc54-b6a960e470a5 for container move.
2023-06-27 18:42:11,751 [main] INFO  balancer.ContainerBalancerTask (ContainerBalancerTask.java:processMoveSelection(569)) - ContainerBalancer is trying to move container #84 with size 4294967296B from source datanode 2083f92d-faf3-4e9e-ad4b-b810baf32f4f to target datanode 43d1a489-e548-4e16-bc54-b6a960e470a5
2023-06-27 18:42:11,751 [main] DEBUG balancer.ContainerBalancerTask (ContainerBalancerTask.java:lambda$moveContainer$3(834)) - Container move completed for container #84 from source 2083f92d-faf3-4e9e-ad4b-b810baf32f4f to target 43d1a489-e548-4e16-bc54-b6a960e470a5
2023-06-27 18:42:11,753 [main] DEBUG balancer.ContainerBalancerTask (ContainerBalancerTask.java:matchSourceWithTarget(706)) - ContainerBalancer is finding suitable target for source datanode b52e75a3-4249-49c0-81df-008d1e235a0f
2023-06-27 18:42:11,753 [main] INFO  balancer.ContainerBalancerTask (ContainerBalancerTask.java:matchSourceWithTarget(720)) - ContainerBalancer matched source datanode b52e75a3-4249-49c0-81df-008d1e235a0f with target datanode 43d1a489-e548-4e16-bc54-b6a960e470a5 for container move.
2023-06-27 18:42:11,753 [main] INFO  balancer.ContainerBalancerTask (ContainerBalancerTask.java:processMoveSelection(569)) - ContainerBalancer is trying to move container #66 with size 3221225472B from source datanode b52e75a3-4249-49c0-81df-008d1e235a0f to target datanode 43d1a489-e548-4e16-bc54-b6a960e470a5
2023-06-27 18:42:11,754 [main] DEBUG balancer.ContainerBalancerTask (ContainerBalancerTask.java:lambda$moveContainer$3(834)) - Container move completed for container #66 from source b52e75a3-4249-49c0-81df-008d1e235a0f to target 43d1a489-e548-4e16-bc54-b6a960e470a5
2023-06-27 18:42:11,756 [main] DEBUG balancer.ContainerBalancerTask (ContainerBalancerTask.java:matchSourceWithTarget(706)) - ContainerBalancer is finding suitable target for source datanode 7b2a9d69-dae0-45d8-b617-541abb0e43c9
2023-06-27 18:42:11,756 [main] INFO  balancer.ContainerBalancerTask (ContainerBalancerTask.java:matchSourceWithTarget(720)) - ContainerBalancer matched source datanode 7b2a9d69-dae0-45d8-b617-541abb0e43c9 with target datanode 43d1a489-e548-4e16-bc54-b6a960e470a5 for container move.
2023-06-27 18:42:11,756 [main] INFO  balancer.ContainerBalancerTask (ContainerBalancerTask.java:processMoveSelection(569)) - ContainerBalancer is trying to move container #52 with size 4294967296B from source datanode 7b2a9d69-dae0-45d8-b617-541abb0e43c9 to target datanode 43d1a489-e548-4e16-bc54-b6a960e470a5
2023-06-27 18:42:11,757 [main] DEBUG balancer.ContainerBalancerTask (ContainerBalancerTask.java:lambda$moveContainer$3(834)) - Container move completed for container #52 from source 7b2a9d69-dae0-45d8-b617-541abb0e43c9 to target 43d1a489-e548-4e16-bc54-b6a960e470a5
2023-06-27 18:42:11,759 [main] DEBUG balancer.ContainerBalancerTask (ContainerBalancerTask.java:matchSourceWithTarget(706)) - ContainerBalancer is finding suitable target for source datanode f5990d86-7dbb-4753-8c48-fb7a6b2c4d25
2023-06-27 18:42:11,759 [main] INFO  balancer.ContainerBalancerTask (ContainerBalancerTask.java:matchSourceWithTarget(720)) - ContainerBalancer matched source datanode f5990d86-7dbb-4753-8c48-fb7a6b2c4d25 with target datanode 43d1a489-e548-4e16-bc54-b6a960e470a5 for container move.
2023-06-27 18:42:11,759 [main] INFO  balancer.ContainerBalancerTask (ContainerBalancerTask.java:processMoveSelection(569)) - ContainerBalancer is trying to move container #40 with size 5368709120B from source datanode f5990d86-7dbb-4753-8c48-fb7a6b2c4d25 to target datanode 43d1a489-e548-4e16-bc54-b6a960e470a5
2023-06-27 18:42:11,759 [main] DEBUG balancer.ContainerBalancerTask (ContainerBalancerTask.java:lambda$moveContainer$3(834)) - Container move completed for container #40 from source f5990d86-7dbb-4753-8c48-fb7a6b2c4d25 to target 43d1a489-e548-4e16-bc54-b6a960e470a5
2023-06-27 18:42:11,762 [main] DEBUG balancer.ContainerBalancerTask (ContainerBalancerTask.java:matchSourceWithTarget(706)) - ContainerBalancer is finding suitable target for source datanode 2083f92d-faf3-4e9e-ad4b-b810baf32f4f
2023-06-27 18:42:11,762 [main] INFO  balancer.ContainerBalancerTask (ContainerBalancerTask.java:matchSourceWithTarget(720)) - ContainerBalancer matched source datanode 2083f92d-faf3-4e9e-ad4b-b810baf32f4f with target datanode 43d1a489-e548-4e16-bc54-b6a960e470a5 for container move.
2023-06-27 18:42:11,762 [main] INFO  balancer.ContainerBalancerTask (ContainerBalancerTask.java:processMoveSelection(569)) - ContainerBalancer is trying to move container #88 with size 3221225472B from source datanode 2083f92d-faf3-4e9e-ad4b-b810baf32f4f to target datanode 43d1a489-e548-4e16-bc54-b6a960e470a5
2023-06-27 18:42:11,762 [main] DEBUG balancer.ContainerBalancerTask (ContainerBalancerTask.java:lambda$moveContainer$3(834)) - Container move completed for container #88 from source 2083f92d-faf3-4e9e-ad4b-b810baf32f4f to target 43d1a489-e548-4e16-bc54-b6a960e470a5
2023-06-27 18:42:11,765 [main] DEBUG balancer.ContainerBalancerTask (ContainerBalancerTask.java:matchSourceWithTarget(706)) - ContainerBalancer is finding suitable target for source datanode b52e75a3-4249-49c0-81df-008d1e235a0f
2023-06-27 18:42:11,765 [main] INFO  balancer.ContainerBalancerTask (ContainerBalancerTask.java:matchSourceWithTarget(720)) - ContainerBalancer matched source datanode b52e75a3-4249-49c0-81df-008d1e235a0f with target datanode 43d1a489-e548-4e16-bc54-b6a960e470a5 for container move.
2023-06-27 18:42:11,765 [main] INFO  balancer.ContainerBalancerTask (ContainerBalancerTask.java:processMoveSelection(569)) - ContainerBalancer is trying to move container #27 with size 3221225472B from source datanode b52e75a3-4249-49c0-81df-008d1e235a0f to target datanode 43d1a489-e548-4e16-bc54-b6a960e470a5
2023-06-27 18:42:11,765 [main] DEBUG balancer.ContainerBalancerTask (ContainerBalancerTask.java:lambda$moveContainer$3(834)) - Container move completed for container #27 from source b52e75a3-4249-49c0-81df-008d1e235a0f to target 43d1a489-e548-4e16-bc54-b6a960e470a5
2023-06-27 18:42:11,768 [main] DEBUG balancer.ContainerBalancerTask (ContainerBalancerTask.java:matchSourceWithTarget(706)) - ContainerBalancer is finding suitable target for source datanode 7b2a9d69-dae0-45d8-b617-541abb0e43c9
2023-06-27 18:42:11,768 [main] INFO  balancer.ContainerBalancerTask (ContainerBalancerTask.java:matchSourceWithTarget(720)) - ContainerBalancer matched source datanode 7b2a9d69-dae0-45d8-b617-541abb0e43c9 with target datanode 95a46ab6-c80f-4860-a40b-12bc8255712b for container move.
2023-06-27 18:42:11,768 [main] INFO  balancer.ContainerBalancerTask (ContainerBalancerTask.java:processMoveSelection(569)) - ContainerBalancer is trying to move container #54 with size 1073741824B from source datanode 7b2a9d69-dae0-45d8-b617-541abb0e43c9 to target datanode 95a46ab6-c80f-4860-a40b-12bc8255712b
2023-06-27 18:42:11,769 [main] DEBUG balancer.ContainerBalancerTask (ContainerBalancerTask.java:lambda$moveContainer$3(834)) - Container move completed for container #54 from source 7b2a9d69-dae0-45d8-b617-541abb0e43c9 to target 95a46ab6-c80f-4860-a40b-12bc8255712b
2023-06-27 18:42:11,769 [main] WARN  balancer.ContainerBalancerTask (ContainerBalancerTask.java:reachedMaxSizeToMovePerIteration(731)) - Reached max size to move limit. 53687091200 bytes have already been scheduled for balancing and the limit is 53687091200 bytes.
2023-06-27 18:42:11,769 [main] INFO  balancer.ContainerBalancerTask (ContainerBalancerTask.java:checkIterationMoveResults(640)) - Iteration Summary. Number of Datanodes involved: 7. Size moved: 50 GB (53687091200 Bytes). Number of Container moves completed: 13.
2023-06-27 18:42:11,769 [main] INFO  balancer.ContainerBalancerTask (ContainerBalancerTask.java:balance(259)) - Result of this iteration of Container Balancer: ITERATION_COMPLETED
2023-06-27 18:42:11,769 [main] INFO  balancer.ContainerBalancerTask (ContainerBalancerTask.java:tryStopWithSaveConfiguration(308)) - Save Configuration for stopping. Reason: Completed all iterations.
]]></system-out>
  </testcase>
  <testcase name="containerBalancerShouldObeyMaxDatanodesToInvolveLimit" classname="org.apache.hadoop.hdds.scm.container.balancer.TestContainerBalancerTask" time="0.08">
    <system-out><![CDATA[2023-06-27 18:42:11,798 [main] INFO  net.NodeSchemaLoader (NodeSchemaLoader.java:loadSchemaFromFile(129)) - Loading schema from [file:/home/runner/work/ozone/ozone/hadoop-hdds/common/target/classes/network-topology-default.xml]
2023-06-27 18:42:11,798 [main] INFO  net.NodeSchemaLoader (NodeSchemaLoader.java:loadSchema(176)) - Loading network topology layer schema file
2023-06-27 18:42:11,805 [main] INFO  net.NetworkTopologyImpl (NetworkTopologyImpl.java:add(112)) - Added a new node: /default-rack/15183638-c6f5-4c9b-af1d-87266ac9d94c
2023-06-27 18:42:11,805 [main] INFO  net.NetworkTopologyImpl (NetworkTopologyImpl.java:add(112)) - Added a new node: /default-rack/d333f8b6-845e-4d19-b28a-cb07bba1517f
2023-06-27 18:42:11,805 [main] INFO  net.NetworkTopologyImpl (NetworkTopologyImpl.java:add(112)) - Added a new node: /default-rack/658cbde9-a347-4e91-902a-9558dece92de
2023-06-27 18:42:11,806 [main] INFO  net.NetworkTopologyImpl (NetworkTopologyImpl.java:add(112)) - Added a new node: /default-rack/71f804ce-d867-4b6f-a121-41848bce1026
2023-06-27 18:42:11,806 [main] INFO  net.NetworkTopologyImpl (NetworkTopologyImpl.java:add(112)) - Added a new node: /default-rack/050b6878-1809-460d-89e9-73ca080582a4
2023-06-27 18:42:11,806 [main] INFO  net.NetworkTopologyImpl (NetworkTopologyImpl.java:add(112)) - Added a new node: /default-rack/a78e0aff-92d5-4ef3-b160-f2d232999249
2023-06-27 18:42:11,806 [main] INFO  net.NetworkTopologyImpl (NetworkTopologyImpl.java:add(112)) - Added a new node: /default-rack/2501ce20-7232-4b08-90fd-d9b59f287dd1
2023-06-27 18:42:11,806 [main] INFO  net.NetworkTopologyImpl (NetworkTopologyImpl.java:add(112)) - Added a new node: /default-rack/6f8b133a-fc8d-4faa-aefd-6a8224315583
2023-06-27 18:42:11,806 [main] INFO  net.NetworkTopologyImpl (NetworkTopologyImpl.java:add(112)) - Added a new node: /default-rack/61d6195b-a394-4b80-b42e-972b307f90ef
2023-06-27 18:42:11,806 [main] INFO  net.NetworkTopologyImpl (NetworkTopologyImpl.java:add(112)) - Added a new node: /default-rack/631e9cdc-948a-4426-87c8-bc6212d59a2c
2023-06-27 18:42:11,806 [main] INFO  algorithms.ContainerPlacementPolicyFactory (ContainerPlacementPolicyFactory.java:getPolicyInternal(86)) - Create container placement policy of type org.apache.hadoop.hdds.scm.container.placement.algorithms.SCMContainerPlacementRackAware
2023-06-27 18:42:11,807 [main] INFO  algorithms.ContainerPlacementPolicyFactory (ContainerPlacementPolicyFactory.java:getPolicyInternal(86)) - Create container placement policy of type org.apache.hadoop.hdds.scm.container.placement.algorithms.SCMContainerPlacementRackScatter
2023-06-27 18:42:11,813 [main] DEBUG balancer.ContainerBalancerTask (ContainerBalancerTask.java:initializeIteration(374)) - Average utilization of the cluster is 0.33444275094104753
2023-06-27 18:42:11,813 [main] DEBUG balancer.ContainerBalancerTask (ContainerBalancerTask.java:initializeIteration(386)) - Lower limit for utilization is 0.3244427509410475 and Upper limit for utilization is 0.34444275094104754
2023-06-27 18:42:11,813 [main] DEBUG balancer.ContainerBalancerTask (ContainerBalancerTask.java:initializeIteration(398)) - Utilization for node 2501ce20-7232-4b08-90fd-d9b59f287dd1 with capacity 42949672960B, used 38654705664B, and remaining 4294967296B is 0.9
2023-06-27 18:42:11,813 [main] DEBUG balancer.ContainerBalancerTask (ContainerBalancerTask.java:initializeIteration(398)) - Utilization for node 658cbde9-a347-4e91-902a-9558dece92de with capacity 57713623040B, used 46170898432B, and remaining 11542724608B is 0.8
2023-06-27 18:42:11,814 [main] DEBUG balancer.ContainerBalancerTask (ContainerBalancerTask.java:initializeIteration(398)) - Utilization for node a78e0aff-92d5-4ef3-b160-f2d232999249 with capacity 76695844571B, used 53687091200B, and remaining 23008753371B is 0.7000000000039116
2023-06-27 18:42:11,814 [main] DEBUG balancer.ContainerBalancerTask (ContainerBalancerTask.java:initializeIteration(398)) - Utilization for node d333f8b6-845e-4d19-b28a-cb07bba1517f with capacity 85899345920B, used 51539607552B, and remaining 34359738368B is 0.6
2023-06-27 18:42:11,814 [main] DEBUG balancer.ContainerBalancerTask (ContainerBalancerTask.java:initializeIteration(398)) - Utilization for node 71f804ce-d867-4b6f-a121-41848bce1026 with capacity 105226698752B, used 52613349376B, and remaining 52613349376B is 0.5
2023-06-27 18:42:11,814 [main] DEBUG balancer.ContainerBalancerTask (ContainerBalancerTask.java:initializeIteration(398)) - Utilization for node 6f8b133a-fc8d-4faa-aefd-6a8224315583 with capacity 102005473280B, used 40802189312B, and remaining 61203283968B is 0.4
2023-06-27 18:42:11,814 [main] DEBUG balancer.ContainerBalancerTask (ContainerBalancerTask.java:initializeIteration(398)) - Utilization for node 61d6195b-a394-4b80-b42e-972b307f90ef with capacity 161061273600B, used 48318382080B, and remaining 112742891520B is 0.3
2023-06-27 18:42:11,814 [main] DEBUG balancer.ContainerBalancerTask (ContainerBalancerTask.java:initializeIteration(398)) - Utilization for node 15183638-c6f5-4c9b-af1d-87266ac9d94c with capacity 246960619520B, used 49392123904B, and remaining 197568495616B is 0.2
2023-06-27 18:42:11,814 [main] DEBUG balancer.ContainerBalancerTask (ContainerBalancerTask.java:initializeIteration(398)) - Utilization for node 050b6878-1809-460d-89e9-73ca080582a4 with capacity 311385128960B, used 31138512896B, and remaining 280246616064B is 0.1
2023-06-27 18:42:11,814 [main] DEBUG balancer.ContainerBalancerTask (ContainerBalancerTask.java:initializeIteration(398)) - Utilization for node 631e9cdc-948a-4426-87c8-bc6212d59a2c with capacity 42949672960B, used 0B, and remaining 42949672960B is 0.0
2023-06-27 18:42:11,814 [main] INFO  balancer.ContainerBalancerTask (ContainerBalancerTask.java:initializeIteration(447)) - Container Balancer has identified 6 Over-Utilized and 4 Under-Utilized Datanodes that need to be balanced.
2023-06-27 18:42:11,814 [main] DEBUG balancer.ContainerBalancerTask (ContainerBalancerTask.java:lambda$initializeIteration$1(453)) - Datanode localhost-166.10.152.133 2501ce20-7232-4b08-90fd-d9b59f287dd1 is Over-Utilized.
2023-06-27 18:42:11,814 [main] DEBUG balancer.ContainerBalancerTask (ContainerBalancerTask.java:lambda$initializeIteration$1(453)) - Datanode localhost-58.97.114.119 658cbde9-a347-4e91-902a-9558dece92de is Over-Utilized.
2023-06-27 18:42:11,814 [main] DEBUG balancer.ContainerBalancerTask (ContainerBalancerTask.java:lambda$initializeIteration$1(453)) - Datanode localhost-203.210.249.53 a78e0aff-92d5-4ef3-b160-f2d232999249 is Over-Utilized.
2023-06-27 18:42:11,815 [main] DEBUG balancer.ContainerBalancerTask (ContainerBalancerTask.java:lambda$initializeIteration$1(453)) - Datanode localhost-33.27.237.50 d333f8b6-845e-4d19-b28a-cb07bba1517f is Over-Utilized.
2023-06-27 18:42:11,815 [main] DEBUG balancer.ContainerBalancerTask (ContainerBalancerTask.java:lambda$initializeIteration$1(453)) - Datanode localhost-79.225.201.117 71f804ce-d867-4b6f-a121-41848bce1026 is Over-Utilized.
2023-06-27 18:42:11,815 [main] DEBUG balancer.ContainerBalancerTask (ContainerBalancerTask.java:lambda$initializeIteration$1(453)) - Datanode localhost-62.130.255.207 6f8b133a-fc8d-4faa-aefd-6a8224315583 is Over-Utilized.
2023-06-27 18:42:11,815 [main] DEBUG balancer.ContainerBalancerTask (ContainerBalancerTask.java:lambda$initializeIteration$2(459)) - Datanode localhost-17.175.131.119 631e9cdc-948a-4426-87c8-bc6212d59a2c is Under-Utilized.
2023-06-27 18:42:11,815 [main] DEBUG balancer.ContainerBalancerTask (ContainerBalancerTask.java:lambda$initializeIteration$2(459)) - Datanode localhost-4.80.251.112 050b6878-1809-460d-89e9-73ca080582a4 is Under-Utilized.
2023-06-27 18:42:11,815 [main] DEBUG balancer.ContainerBalancerTask (ContainerBalancerTask.java:lambda$initializeIteration$2(459)) - Datanode localhost-41.198.155.188 15183638-c6f5-4c9b-af1d-87266ac9d94c is Under-Utilized.
2023-06-27 18:42:11,815 [main] DEBUG balancer.ContainerBalancerTask (ContainerBalancerTask.java:lambda$initializeIteration$2(459)) - Datanode localhost-85.207.194.104 61d6195b-a394-4b80-b42e-972b307f90ef is Under-Utilized.
2023-06-27 18:42:11,817 [main] DEBUG balancer.ContainerBalancerTask (ContainerBalancerTask.java:matchSourceWithTarget(706)) - ContainerBalancer is finding suitable target for source datanode 2501ce20-7232-4b08-90fd-d9b59f287dd1
2023-06-27 18:42:11,817 [main] INFO  balancer.ContainerBalancerTask (ContainerBalancerTask.java:matchSourceWithTarget(720)) - ContainerBalancer matched source datanode 2501ce20-7232-4b08-90fd-d9b59f287dd1 with target datanode 631e9cdc-948a-4426-87c8-bc6212d59a2c for container move.
2023-06-27 18:42:11,817 [main] INFO  balancer.ContainerBalancerTask (ContainerBalancerTask.java:processMoveSelection(569)) - ContainerBalancer is trying to move container #85 with size 5368709120B from source datanode 2501ce20-7232-4b08-90fd-d9b59f287dd1 to target datanode 631e9cdc-948a-4426-87c8-bc6212d59a2c
2023-06-27 18:42:11,817 [main] DEBUG balancer.ContainerBalancerTask (ContainerBalancerTask.java:lambda$moveContainer$3(834)) - Container move completed for container #85 from source 2501ce20-7232-4b08-90fd-d9b59f287dd1 to target 631e9cdc-948a-4426-87c8-bc6212d59a2c
2023-06-27 18:42:11,819 [main] DEBUG balancer.ContainerBalancerTask (ContainerBalancerTask.java:matchSourceWithTarget(706)) - ContainerBalancer is finding suitable target for source datanode 658cbde9-a347-4e91-902a-9558dece92de
2023-06-27 18:42:11,819 [main] INFO  balancer.ContainerBalancerTask (ContainerBalancerTask.java:matchSourceWithTarget(720)) - ContainerBalancer matched source datanode 658cbde9-a347-4e91-902a-9558dece92de with target datanode 050b6878-1809-460d-89e9-73ca080582a4 for container move.
2023-06-27 18:42:11,819 [main] INFO  balancer.ContainerBalancerTask (ContainerBalancerTask.java:processMoveSelection(569)) - ContainerBalancer is trying to move container #68 with size 5368709120B from source datanode 658cbde9-a347-4e91-902a-9558dece92de to target datanode 050b6878-1809-460d-89e9-73ca080582a4
2023-06-27 18:42:11,819 [main] DEBUG balancer.ContainerBalancerTask (ContainerBalancerTask.java:lambda$moveContainer$3(834)) - Container move completed for container #68 from source 658cbde9-a347-4e91-902a-9558dece92de to target 050b6878-1809-460d-89e9-73ca080582a4
2023-06-27 18:42:11,819 [main] DEBUG balancer.ContainerBalancerTask (ContainerBalancerTask.java:adaptOnReachingIterationLimits(780)) - Reached max datanodes to involve limit. 4 datanodes have already been selected for balancing and the limit is 4. Only already selected sources and targets can be involved in balancing now.
2023-06-27 18:42:11,821 [main] DEBUG balancer.ContainerBalancerTask (ContainerBalancerTask.java:matchSourceWithTarget(706)) - ContainerBalancer is finding suitable target for source datanode 2501ce20-7232-4b08-90fd-d9b59f287dd1
2023-06-27 18:42:11,821 [main] INFO  balancer.ContainerBalancerTask (ContainerBalancerTask.java:matchSourceWithTarget(720)) - ContainerBalancer matched source datanode 2501ce20-7232-4b08-90fd-d9b59f287dd1 with target datanode 050b6878-1809-460d-89e9-73ca080582a4 for container move.
2023-06-27 18:42:11,821 [main] INFO  balancer.ContainerBalancerTask (ContainerBalancerTask.java:processMoveSelection(569)) - ContainerBalancer is trying to move container #40 with size 5368709120B from source datanode 2501ce20-7232-4b08-90fd-d9b59f287dd1 to target datanode 050b6878-1809-460d-89e9-73ca080582a4
2023-06-27 18:42:11,821 [main] DEBUG balancer.ContainerBalancerTask (ContainerBalancerTask.java:lambda$moveContainer$3(834)) - Container move completed for container #40 from source 2501ce20-7232-4b08-90fd-d9b59f287dd1 to target 050b6878-1809-460d-89e9-73ca080582a4
2023-06-27 18:42:11,823 [main] DEBUG balancer.ContainerBalancerTask (ContainerBalancerTask.java:matchSourceWithTarget(706)) - ContainerBalancer is finding suitable target for source datanode 658cbde9-a347-4e91-902a-9558dece92de
2023-06-27 18:42:11,823 [main] INFO  balancer.ContainerBalancerTask (ContainerBalancerTask.java:matchSourceWithTarget(720)) - ContainerBalancer matched source datanode 658cbde9-a347-4e91-902a-9558dece92de with target datanode 631e9cdc-948a-4426-87c8-bc6212d59a2c for container move.
2023-06-27 18:42:11,823 [main] INFO  balancer.ContainerBalancerTask (ContainerBalancerTask.java:processMoveSelection(569)) - ContainerBalancer is trying to move container #29 with size 5368709120B from source datanode 658cbde9-a347-4e91-902a-9558dece92de to target datanode 631e9cdc-948a-4426-87c8-bc6212d59a2c
2023-06-27 18:42:11,824 [main] DEBUG balancer.ContainerBalancerTask (ContainerBalancerTask.java:lambda$moveContainer$3(834)) - Container move completed for container #29 from source 658cbde9-a347-4e91-902a-9558dece92de to target 631e9cdc-948a-4426-87c8-bc6212d59a2c
2023-06-27 18:42:11,825 [main] DEBUG balancer.ContainerBalancerTask (ContainerBalancerTask.java:matchSourceWithTarget(706)) - ContainerBalancer is finding suitable target for source datanode 2501ce20-7232-4b08-90fd-d9b59f287dd1
2023-06-27 18:42:11,825 [main] INFO  balancer.ContainerBalancerTask (ContainerBalancerTask.java:matchSourceWithTarget(720)) - ContainerBalancer matched source datanode 2501ce20-7232-4b08-90fd-d9b59f287dd1 with target datanode 050b6878-1809-460d-89e9-73ca080582a4 for container move.
2023-06-27 18:42:11,826 [main] INFO  balancer.ContainerBalancerTask (ContainerBalancerTask.java:processMoveSelection(569)) - ContainerBalancer is trying to move container #88 with size 3221225472B from source datanode 2501ce20-7232-4b08-90fd-d9b59f287dd1 to target datanode 050b6878-1809-460d-89e9-73ca080582a4
2023-06-27 18:42:11,826 [main] DEBUG balancer.ContainerBalancerTask (ContainerBalancerTask.java:lambda$moveContainer$3(834)) - Container move completed for container #88 from source 2501ce20-7232-4b08-90fd-d9b59f287dd1 to target 050b6878-1809-460d-89e9-73ca080582a4
2023-06-27 18:42:11,828 [main] DEBUG balancer.ContainerBalancerTask (ContainerBalancerTask.java:matchSourceWithTarget(706)) - ContainerBalancer is finding suitable target for source datanode 658cbde9-a347-4e91-902a-9558dece92de
2023-06-27 18:42:11,828 [main] INFO  balancer.ContainerBalancerTask (ContainerBalancerTask.java:matchSourceWithTarget(720)) - ContainerBalancer matched source datanode 658cbde9-a347-4e91-902a-9558dece92de with target datanode 050b6878-1809-460d-89e9-73ca080582a4 for container move.
2023-06-27 18:42:11,828 [main] INFO  balancer.ContainerBalancerTask (ContainerBalancerTask.java:processMoveSelection(569)) - ContainerBalancer is trying to move container #67 with size 4294967296B from source datanode 658cbde9-a347-4e91-902a-9558dece92de to target datanode 050b6878-1809-460d-89e9-73ca080582a4
2023-06-27 18:42:11,828 [main] DEBUG balancer.ContainerBalancerTask (ContainerBalancerTask.java:lambda$moveContainer$3(834)) - Container move completed for container #67 from source 658cbde9-a347-4e91-902a-9558dece92de to target 050b6878-1809-460d-89e9-73ca080582a4
2023-06-27 18:42:11,830 [main] DEBUG balancer.ContainerBalancerTask (ContainerBalancerTask.java:matchSourceWithTarget(706)) - ContainerBalancer is finding suitable target for source datanode 2501ce20-7232-4b08-90fd-d9b59f287dd1
2023-06-27 18:42:11,830 [main] INFO  balancer.ContainerBalancerTask (ContainerBalancerTask.java:matchSourceWithTarget(720)) - ContainerBalancer matched source datanode 2501ce20-7232-4b08-90fd-d9b59f287dd1 with target datanode 050b6878-1809-460d-89e9-73ca080582a4 for container move.
2023-06-27 18:42:11,831 [main] INFO  balancer.ContainerBalancerTask (ContainerBalancerTask.java:processMoveSelection(569)) - ContainerBalancer is trying to move container #83 with size 3221225472B from source datanode 2501ce20-7232-4b08-90fd-d9b59f287dd1 to target datanode 050b6878-1809-460d-89e9-73ca080582a4
2023-06-27 18:42:11,831 [main] DEBUG balancer.ContainerBalancerTask (ContainerBalancerTask.java:lambda$moveContainer$3(834)) - Container move completed for container #83 from source 2501ce20-7232-4b08-90fd-d9b59f287dd1 to target 050b6878-1809-460d-89e9-73ca080582a4
2023-06-27 18:42:11,833 [main] DEBUG balancer.ContainerBalancerTask (ContainerBalancerTask.java:matchSourceWithTarget(706)) - ContainerBalancer is finding suitable target for source datanode 658cbde9-a347-4e91-902a-9558dece92de
2023-06-27 18:42:11,833 [main] INFO  balancer.ContainerBalancerTask (ContainerBalancerTask.java:matchSourceWithTarget(720)) - ContainerBalancer matched source datanode 658cbde9-a347-4e91-902a-9558dece92de with target datanode 050b6878-1809-460d-89e9-73ca080582a4 for container move.
2023-06-27 18:42:11,833 [main] INFO  balancer.ContainerBalancerTask (ContainerBalancerTask.java:processMoveSelection(569)) - ContainerBalancer is trying to move container #28 with size 4294967296B from source datanode 658cbde9-a347-4e91-902a-9558dece92de to target datanode 050b6878-1809-460d-89e9-73ca080582a4
2023-06-27 18:42:11,833 [main] DEBUG balancer.ContainerBalancerTask (ContainerBalancerTask.java:lambda$moveContainer$3(834)) - Container move completed for container #28 from source 658cbde9-a347-4e91-902a-9558dece92de to target 050b6878-1809-460d-89e9-73ca080582a4
2023-06-27 18:42:11,835 [main] DEBUG balancer.ContainerBalancerTask (ContainerBalancerTask.java:matchSourceWithTarget(706)) - ContainerBalancer is finding suitable target for source datanode 2501ce20-7232-4b08-90fd-d9b59f287dd1
2023-06-27 18:42:11,835 [main] INFO  balancer.ContainerBalancerTask (ContainerBalancerTask.java:matchSourceWithTarget(720)) - ContainerBalancer matched source datanode 2501ce20-7232-4b08-90fd-d9b59f287dd1 with target datanode 050b6878-1809-460d-89e9-73ca080582a4 for container move.
2023-06-27 18:42:11,835 [main] INFO  balancer.ContainerBalancerTask (ContainerBalancerTask.java:processMoveSelection(569)) - ContainerBalancer is trying to move container #38 with size 3221225472B from source datanode 2501ce20-7232-4b08-90fd-d9b59f287dd1 to target datanode 050b6878-1809-460d-89e9-73ca080582a4
2023-06-27 18:42:11,835 [main] DEBUG balancer.ContainerBalancerTask (ContainerBalancerTask.java:lambda$moveContainer$3(834)) - Container move completed for container #38 from source 2501ce20-7232-4b08-90fd-d9b59f287dd1 to target 050b6878-1809-460d-89e9-73ca080582a4
2023-06-27 18:42:11,837 [main] DEBUG balancer.ContainerBalancerTask (ContainerBalancerTask.java:matchSourceWithTarget(706)) - ContainerBalancer is finding suitable target for source datanode 658cbde9-a347-4e91-902a-9558dece92de
2023-06-27 18:42:11,838 [main] INFO  balancer.ContainerBalancerTask (ContainerBalancerTask.java:matchSourceWithTarget(720)) - ContainerBalancer matched source datanode 658cbde9-a347-4e91-902a-9558dece92de with target datanode 050b6878-1809-460d-89e9-73ca080582a4 for container move.
2023-06-27 18:42:11,838 [main] INFO  balancer.ContainerBalancerTask (ContainerBalancerTask.java:processMoveSelection(569)) - ContainerBalancer is trying to move container #66 with size 3221225472B from source datanode 658cbde9-a347-4e91-902a-9558dece92de to target datanode 050b6878-1809-460d-89e9-73ca080582a4
2023-06-27 18:42:11,838 [main] DEBUG balancer.ContainerBalancerTask (ContainerBalancerTask.java:lambda$moveContainer$3(834)) - Container move completed for container #66 from source 658cbde9-a347-4e91-902a-9558dece92de to target 050b6878-1809-460d-89e9-73ca080582a4
2023-06-27 18:42:11,840 [main] DEBUG balancer.ContainerBalancerTask (ContainerBalancerTask.java:matchSourceWithTarget(706)) - ContainerBalancer is finding suitable target for source datanode 2501ce20-7232-4b08-90fd-d9b59f287dd1
2023-06-27 18:42:11,840 [main] INFO  balancer.ContainerBalancerTask (ContainerBalancerTask.java:matchSourceWithTarget(720)) - ContainerBalancer matched source datanode 2501ce20-7232-4b08-90fd-d9b59f287dd1 with target datanode 050b6878-1809-460d-89e9-73ca080582a4 for container move.
2023-06-27 18:42:11,840 [main] INFO  balancer.ContainerBalancerTask (ContainerBalancerTask.java:processMoveSelection(569)) - ContainerBalancer is trying to move container #87 with size 2147483648B from source datanode 2501ce20-7232-4b08-90fd-d9b59f287dd1 to target datanode 050b6878-1809-460d-89e9-73ca080582a4
2023-06-27 18:42:11,840 [main] DEBUG balancer.ContainerBalancerTask (ContainerBalancerTask.java:lambda$moveContainer$3(834)) - Container move completed for container #87 from source 2501ce20-7232-4b08-90fd-d9b59f287dd1 to target 050b6878-1809-460d-89e9-73ca080582a4
2023-06-27 18:42:11,842 [main] DEBUG balancer.ContainerBalancerTask (ContainerBalancerTask.java:matchSourceWithTarget(706)) - ContainerBalancer is finding suitable target for source datanode 658cbde9-a347-4e91-902a-9558dece92de
2023-06-27 18:42:11,842 [main] INFO  balancer.ContainerBalancerTask (ContainerBalancerTask.java:matchSourceWithTarget(720)) - ContainerBalancer matched source datanode 658cbde9-a347-4e91-902a-9558dece92de with target datanode 050b6878-1809-460d-89e9-73ca080582a4 for container move.
2023-06-27 18:42:11,842 [main] INFO  balancer.ContainerBalancerTask (ContainerBalancerTask.java:processMoveSelection(569)) - ContainerBalancer is trying to move container #70 with size 2147483648B from source datanode 658cbde9-a347-4e91-902a-9558dece92de to target datanode 050b6878-1809-460d-89e9-73ca080582a4
2023-06-27 18:42:11,842 [main] DEBUG balancer.ContainerBalancerTask (ContainerBalancerTask.java:lambda$moveContainer$3(834)) - Container move completed for container #70 from source 658cbde9-a347-4e91-902a-9558dece92de to target 050b6878-1809-460d-89e9-73ca080582a4
2023-06-27 18:42:11,844 [main] DEBUG balancer.ContainerBalancerTask (ContainerBalancerTask.java:matchSourceWithTarget(706)) - ContainerBalancer is finding suitable target for source datanode 2501ce20-7232-4b08-90fd-d9b59f287dd1
2023-06-27 18:42:11,845 [main] INFO  balancer.ContainerBalancerTask (ContainerBalancerTask.java:matchSourceWithTarget(720)) - ContainerBalancer matched source datanode 2501ce20-7232-4b08-90fd-d9b59f287dd1 with target datanode 050b6878-1809-460d-89e9-73ca080582a4 for container move.
2023-06-27 18:42:11,845 [main] INFO  balancer.ContainerBalancerTask (ContainerBalancerTask.java:processMoveSelection(569)) - ContainerBalancer is trying to move container #82 with size 2147483648B from source datanode 2501ce20-7232-4b08-90fd-d9b59f287dd1 to target datanode 050b6878-1809-460d-89e9-73ca080582a4
2023-06-27 18:42:11,845 [main] DEBUG balancer.ContainerBalancerTask (ContainerBalancerTask.java:lambda$moveContainer$3(834)) - Container move completed for container #82 from source 2501ce20-7232-4b08-90fd-d9b59f287dd1 to target 050b6878-1809-460d-89e9-73ca080582a4
2023-06-27 18:42:11,847 [main] DEBUG balancer.ContainerBalancerTask (ContainerBalancerTask.java:matchSourceWithTarget(706)) - ContainerBalancer is finding suitable target for source datanode 658cbde9-a347-4e91-902a-9558dece92de
2023-06-27 18:42:11,847 [main] INFO  balancer.ContainerBalancerTask (ContainerBalancerTask.java:matchSourceWithTarget(720)) - ContainerBalancer matched source datanode 658cbde9-a347-4e91-902a-9558dece92de with target datanode 050b6878-1809-460d-89e9-73ca080582a4 for container move.
2023-06-27 18:42:11,847 [main] INFO  balancer.ContainerBalancerTask (ContainerBalancerTask.java:processMoveSelection(569)) - ContainerBalancer is trying to move container #65 with size 2147483648B from source datanode 658cbde9-a347-4e91-902a-9558dece92de to target datanode 050b6878-1809-460d-89e9-73ca080582a4
2023-06-27 18:42:11,847 [main] DEBUG balancer.ContainerBalancerTask (ContainerBalancerTask.java:lambda$moveContainer$3(834)) - Container move completed for container #65 from source 658cbde9-a347-4e91-902a-9558dece92de to target 050b6878-1809-460d-89e9-73ca080582a4
2023-06-27 18:42:11,849 [main] DEBUG balancer.ContainerBalancerTask (ContainerBalancerTask.java:matchSourceWithTarget(699)) - ContainerBalancer could not find any candidate containers for datanode 658cbde9-a347-4e91-902a-9558dece92de
2023-06-27 18:42:11,850 [main] DEBUG balancer.ContainerBalancerTask (ContainerBalancerTask.java:matchSourceWithTarget(699)) - ContainerBalancer could not find any candidate containers for datanode 2501ce20-7232-4b08-90fd-d9b59f287dd1
2023-06-27 18:42:11,851 [main] INFO  balancer.FindSourceGreedy (FindSourceGreedy.java:getNextCandidateSourceDataNode(126)) - no more candidate source data node
2023-06-27 18:42:11,851 [main] INFO  balancer.ContainerBalancerTask (ContainerBalancerTask.java:checkIterationMoveResults(640)) - Iteration Summary. Number of Datanodes involved: 4. Size moved: 48 GB (51539607552 Bytes). Number of Container moves completed: 14.
2023-06-27 18:42:11,851 [main] INFO  balancer.ContainerBalancerTask (ContainerBalancerTask.java:balance(259)) - Result of this iteration of Container Balancer: ITERATION_COMPLETED
2023-06-27 18:42:11,851 [main] INFO  balancer.ContainerBalancerTask (ContainerBalancerTask.java:tryStopWithSaveConfiguration(308)) - Save Configuration for stopping. Reason: Completed all iterations.
]]></system-out>
  </testcase>
  <testcase name="testBalancerWithMoveManager" classname="org.apache.hadoop.hdds.scm.container.balancer.TestContainerBalancerTask" time="0.081">
    <system-out><![CDATA[2023-06-27 18:42:11,874 [main] INFO  net.NodeSchemaLoader (NodeSchemaLoader.java:loadSchemaFromFile(129)) - Loading schema from [file:/home/runner/work/ozone/ozone/hadoop-hdds/common/target/classes/network-topology-default.xml]
2023-06-27 18:42:11,875 [main] INFO  net.NodeSchemaLoader (NodeSchemaLoader.java:loadSchema(176)) - Loading network topology layer schema file
2023-06-27 18:42:11,876 [main] INFO  net.NetworkTopologyImpl (NetworkTopologyImpl.java:add(112)) - Added a new node: /default-rack/1324f5d7-58a2-47c7-9a90-4d00130dd15f
2023-06-27 18:42:11,876 [main] INFO  net.NetworkTopologyImpl (NetworkTopologyImpl.java:add(112)) - Added a new node: /default-rack/edd430b6-7eab-43a9-abee-d70ec2db701f
2023-06-27 18:42:11,876 [main] INFO  net.NetworkTopologyImpl (NetworkTopologyImpl.java:add(112)) - Added a new node: /default-rack/535da4c2-c012-4d6a-a129-ce8237aa8e6e
2023-06-27 18:42:11,876 [main] INFO  net.NetworkTopologyImpl (NetworkTopologyImpl.java:add(112)) - Added a new node: /default-rack/70229e4c-2ecf-49c7-9ecc-7cbbfde27348
2023-06-27 18:42:11,877 [main] INFO  net.NetworkTopologyImpl (NetworkTopologyImpl.java:add(112)) - Added a new node: /default-rack/e26d37f0-437d-4c03-9f44-482f2401a272
2023-06-27 18:42:11,877 [main] INFO  net.NetworkTopologyImpl (NetworkTopologyImpl.java:add(112)) - Added a new node: /default-rack/4c4b4796-8a2d-4a29-9ca4-ce1a04d66fea
2023-06-27 18:42:11,877 [main] INFO  net.NetworkTopologyImpl (NetworkTopologyImpl.java:add(112)) - Added a new node: /default-rack/d904dd54-3864-419e-91f3-5bf752ccb9de
2023-06-27 18:42:11,877 [main] INFO  net.NetworkTopologyImpl (NetworkTopologyImpl.java:add(112)) - Added a new node: /default-rack/4d93205d-b116-4ddd-a0e2-9793a1e5755d
2023-06-27 18:42:11,877 [main] INFO  net.NetworkTopologyImpl (NetworkTopologyImpl.java:add(112)) - Added a new node: /default-rack/8a877d5d-34b6-42d2-a06c-b13f08695739
2023-06-27 18:42:11,877 [main] INFO  net.NetworkTopologyImpl (NetworkTopologyImpl.java:add(112)) - Added a new node: /default-rack/f69f2dc9-b6bd-441e-93e6-f9007d82750e
2023-06-27 18:42:11,877 [main] INFO  algorithms.ContainerPlacementPolicyFactory (ContainerPlacementPolicyFactory.java:getPolicyInternal(86)) - Create container placement policy of type org.apache.hadoop.hdds.scm.container.placement.algorithms.SCMContainerPlacementRackAware
2023-06-27 18:42:11,878 [main] INFO  algorithms.ContainerPlacementPolicyFactory (ContainerPlacementPolicyFactory.java:getPolicyInternal(86)) - Create container placement policy of type org.apache.hadoop.hdds.scm.container.placement.algorithms.SCMContainerPlacementRackScatter
2023-06-27 18:42:11,880 [main] DEBUG balancer.ContainerBalancerTask (ContainerBalancerTask.java:initializeIteration(374)) - Average utilization of the cluster is 0.35274089206749537
2023-06-27 18:42:11,880 [main] DEBUG balancer.ContainerBalancerTask (ContainerBalancerTask.java:initializeIteration(386)) - Lower limit for utilization is 0.2527408920674954 and Upper limit for utilization is 0.45274089206749535
2023-06-27 18:42:11,881 [main] DEBUG balancer.ContainerBalancerTask (ContainerBalancerTask.java:initializeIteration(398)) - Utilization for node 4c4b4796-8a2d-4a29-9ca4-ce1a04d66fea with capacity 60845370026B, used 54760833024B, and remaining 6084537002B is 0.900000000009861
2023-06-27 18:42:11,881 [main] DEBUG balancer.ContainerBalancerTask (ContainerBalancerTask.java:initializeIteration(398)) - Utilization for node edd430b6-7eab-43a9-abee-d70ec2db701f with capacity 45634027520B, used 36507222016B, and remaining 9126805504B is 0.8
2023-06-27 18:42:11,881 [main] DEBUG balancer.ContainerBalancerTask (ContainerBalancerTask.java:initializeIteration(398)) - Utilization for node 4d93205d-b116-4ddd-a0e2-9793a1e5755d with capacity 98170681051B, used 68719476736B, and remaining 29451204315B is 0.700000000003056
2023-06-27 18:42:11,881 [main] DEBUG balancer.ContainerBalancerTask (ContainerBalancerTask.java:initializeIteration(398)) - Utilization for node e26d37f0-437d-4c03-9f44-482f2401a272 with capacity 76951497386B, used 46170898432B, and remaining 30780598954B is 0.600000000005198
2023-06-27 18:42:11,881 [main] DEBUG balancer.ContainerBalancerTask (ContainerBalancerTask.java:initializeIteration(398)) - Utilization for node d904dd54-3864-419e-91f3-5bf752ccb9de with capacity 73014444032B, used 36507222016B, and remaining 36507222016B is 0.5
2023-06-27 18:42:11,881 [main] DEBUG balancer.ContainerBalancerTask (ContainerBalancerTask.java:initializeIteration(398)) - Utilization for node 1324f5d7-58a2-47c7-9a90-4d00130dd15f with capacity 118111600640B, used 47244640256B, and remaining 70866960384B is 0.4
2023-06-27 18:42:11,881 [main] DEBUG balancer.ContainerBalancerTask (ContainerBalancerTask.java:initializeIteration(398)) - Utilization for node 8a877d5d-34b6-42d2-a06c-b13f08695739 with capacity 146744715946B, used 44023414784B, and remaining 102721301162B is 0.3000000000013629
2023-06-27 18:42:11,881 [main] DEBUG balancer.ContainerBalancerTask (ContainerBalancerTask.java:initializeIteration(398)) - Utilization for node 70229e4c-2ecf-49c7-9ecc-7cbbfde27348 with capacity 144955146240B, used 28991029248B, and remaining 115964116992B is 0.2
2023-06-27 18:42:11,881 [main] DEBUG balancer.ContainerBalancerTask (ContainerBalancerTask.java:initializeIteration(398)) - Utilization for node 535da4c2-c012-4d6a-a129-ce8237aa8e6e with capacity 343597383680B, used 34359738368B, and remaining 309237645312B is 0.1
2023-06-27 18:42:11,881 [main] DEBUG balancer.ContainerBalancerTask (ContainerBalancerTask.java:initializeIteration(398)) - Utilization for node f69f2dc9-b6bd-441e-93e6-f9007d82750e with capacity 18253611008B, used 0B, and remaining 18253611008B is 0.0
2023-06-27 18:42:11,881 [main] INFO  balancer.ContainerBalancerTask (ContainerBalancerTask.java:initializeIteration(447)) - Container Balancer has identified 5 Over-Utilized and 3 Under-Utilized Datanodes that need to be balanced.
2023-06-27 18:42:11,881 [main] DEBUG balancer.ContainerBalancerTask (ContainerBalancerTask.java:lambda$initializeIteration$1(453)) - Datanode localhost-186.137.180.200 4c4b4796-8a2d-4a29-9ca4-ce1a04d66fea is Over-Utilized.
2023-06-27 18:42:11,882 [main] DEBUG balancer.ContainerBalancerTask (ContainerBalancerTask.java:lambda$initializeIteration$1(453)) - Datanode localhost-26.47.247.1 edd430b6-7eab-43a9-abee-d70ec2db701f is Over-Utilized.
2023-06-27 18:42:11,882 [main] DEBUG balancer.ContainerBalancerTask (ContainerBalancerTask.java:lambda$initializeIteration$1(453)) - Datanode localhost-251.70.169.183 4d93205d-b116-4ddd-a0e2-9793a1e5755d is Over-Utilized.
2023-06-27 18:42:11,882 [main] DEBUG balancer.ContainerBalancerTask (ContainerBalancerTask.java:lambda$initializeIteration$1(453)) - Datanode localhost-10.123.226.98 e26d37f0-437d-4c03-9f44-482f2401a272 is Over-Utilized.
2023-06-27 18:42:11,882 [main] DEBUG balancer.ContainerBalancerTask (ContainerBalancerTask.java:lambda$initializeIteration$1(453)) - Datanode localhost-44.151.20.155 d904dd54-3864-419e-91f3-5bf752ccb9de is Over-Utilized.
2023-06-27 18:42:11,882 [main] DEBUG balancer.ContainerBalancerTask (ContainerBalancerTask.java:lambda$initializeIteration$2(459)) - Datanode localhost-42.77.60.33 f69f2dc9-b6bd-441e-93e6-f9007d82750e is Under-Utilized.
2023-06-27 18:42:11,882 [main] DEBUG balancer.ContainerBalancerTask (ContainerBalancerTask.java:lambda$initializeIteration$2(459)) - Datanode localhost-135.97.140.193 535da4c2-c012-4d6a-a129-ce8237aa8e6e is Under-Utilized.
2023-06-27 18:42:11,882 [main] DEBUG balancer.ContainerBalancerTask (ContainerBalancerTask.java:lambda$initializeIteration$2(459)) - Datanode localhost-62.135.153.120 70229e4c-2ecf-49c7-9ecc-7cbbfde27348 is Under-Utilized.
2023-06-27 18:42:11,885 [main] DEBUG balancer.ContainerBalancerTask (ContainerBalancerTask.java:matchSourceWithTarget(706)) - ContainerBalancer is finding suitable target for source datanode 4c4b4796-8a2d-4a29-9ca4-ce1a04d66fea
2023-06-27 18:42:11,885 [main] INFO  balancer.ContainerBalancerTask (ContainerBalancerTask.java:matchSourceWithTarget(720)) - ContainerBalancer matched source datanode 4c4b4796-8a2d-4a29-9ca4-ce1a04d66fea with target datanode f69f2dc9-b6bd-441e-93e6-f9007d82750e for container move.
2023-06-27 18:42:11,885 [main] INFO  balancer.ContainerBalancerTask (ContainerBalancerTask.java:processMoveSelection(569)) - ContainerBalancer is trying to move container #85 with size 5368709120B from source datanode 4c4b4796-8a2d-4a29-9ca4-ce1a04d66fea to target datanode f69f2dc9-b6bd-441e-93e6-f9007d82750e
2023-06-27 18:42:11,885 [main] DEBUG balancer.ContainerBalancerTask (ContainerBalancerTask.java:lambda$moveContainer$3(834)) - Container move completed for container #85 from source 4c4b4796-8a2d-4a29-9ca4-ce1a04d66fea to target f69f2dc9-b6bd-441e-93e6-f9007d82750e
2023-06-27 18:42:11,887 [main] DEBUG balancer.ContainerBalancerTask (ContainerBalancerTask.java:matchSourceWithTarget(706)) - ContainerBalancer is finding suitable target for source datanode 4c4b4796-8a2d-4a29-9ca4-ce1a04d66fea
2023-06-27 18:42:11,888 [main] INFO  balancer.ContainerBalancerTask (ContainerBalancerTask.java:matchSourceWithTarget(720)) - ContainerBalancer matched source datanode 4c4b4796-8a2d-4a29-9ca4-ce1a04d66fea with target datanode 535da4c2-c012-4d6a-a129-ce8237aa8e6e for container move.
2023-06-27 18:42:11,888 [main] INFO  balancer.ContainerBalancerTask (ContainerBalancerTask.java:processMoveSelection(569)) - ContainerBalancer is trying to move container #89 with size 4294967296B from source datanode 4c4b4796-8a2d-4a29-9ca4-ce1a04d66fea to target datanode 535da4c2-c012-4d6a-a129-ce8237aa8e6e
2023-06-27 18:42:11,888 [main] DEBUG balancer.ContainerBalancerTask (ContainerBalancerTask.java:lambda$moveContainer$3(834)) - Container move completed for container #89 from source 4c4b4796-8a2d-4a29-9ca4-ce1a04d66fea to target 535da4c2-c012-4d6a-a129-ce8237aa8e6e
2023-06-27 18:42:11,889 [main] DEBUG balancer.ContainerBalancerTask (ContainerBalancerTask.java:matchSourceWithTarget(706)) - ContainerBalancer is finding suitable target for source datanode edd430b6-7eab-43a9-abee-d70ec2db701f
2023-06-27 18:42:11,890 [main] INFO  balancer.ContainerBalancerTask (ContainerBalancerTask.java:matchSourceWithTarget(720)) - ContainerBalancer matched source datanode edd430b6-7eab-43a9-abee-d70ec2db701f with target datanode 535da4c2-c012-4d6a-a129-ce8237aa8e6e for container move.
2023-06-27 18:42:11,890 [main] INFO  balancer.ContainerBalancerTask (ContainerBalancerTask.java:processMoveSelection(569)) - ContainerBalancer is trying to move container #68 with size 5368709120B from source datanode edd430b6-7eab-43a9-abee-d70ec2db701f to target datanode 535da4c2-c012-4d6a-a129-ce8237aa8e6e
2023-06-27 18:42:11,890 [main] DEBUG balancer.ContainerBalancerTask (ContainerBalancerTask.java:lambda$moveContainer$3(834)) - Container move completed for container #68 from source edd430b6-7eab-43a9-abee-d70ec2db701f to target 535da4c2-c012-4d6a-a129-ce8237aa8e6e
2023-06-27 18:42:11,892 [main] DEBUG balancer.ContainerBalancerTask (ContainerBalancerTask.java:matchSourceWithTarget(706)) - ContainerBalancer is finding suitable target for source datanode 4c4b4796-8a2d-4a29-9ca4-ce1a04d66fea
2023-06-27 18:42:11,892 [main] INFO  balancer.ContainerBalancerTask (ContainerBalancerTask.java:matchSourceWithTarget(720)) - ContainerBalancer matched source datanode 4c4b4796-8a2d-4a29-9ca4-ce1a04d66fea with target datanode 535da4c2-c012-4d6a-a129-ce8237aa8e6e for container move.
2023-06-27 18:42:11,892 [main] INFO  balancer.ContainerBalancerTask (ContainerBalancerTask.java:processMoveSelection(569)) - ContainerBalancer is trying to move container #84 with size 4294967296B from source datanode 4c4b4796-8a2d-4a29-9ca4-ce1a04d66fea to target datanode 535da4c2-c012-4d6a-a129-ce8237aa8e6e
2023-06-27 18:42:11,893 [main] DEBUG balancer.ContainerBalancerTask (ContainerBalancerTask.java:lambda$moveContainer$3(834)) - Container move completed for container #84 from source 4c4b4796-8a2d-4a29-9ca4-ce1a04d66fea to target 535da4c2-c012-4d6a-a129-ce8237aa8e6e
2023-06-27 18:42:11,895 [main] DEBUG balancer.ContainerBalancerTask (ContainerBalancerTask.java:matchSourceWithTarget(706)) - ContainerBalancer is finding suitable target for source datanode 4d93205d-b116-4ddd-a0e2-9793a1e5755d
2023-06-27 18:42:11,896 [main] INFO  balancer.ContainerBalancerTask (ContainerBalancerTask.java:matchSourceWithTarget(720)) - ContainerBalancer matched source datanode 4d93205d-b116-4ddd-a0e2-9793a1e5755d with target datanode 535da4c2-c012-4d6a-a129-ce8237aa8e6e for container move.
2023-06-27 18:42:11,896 [main] INFO  balancer.ContainerBalancerTask (ContainerBalancerTask.java:processMoveSelection(569)) - ContainerBalancer is trying to move container #29 with size 5368709120B from source datanode 4d93205d-b116-4ddd-a0e2-9793a1e5755d to target datanode 535da4c2-c012-4d6a-a129-ce8237aa8e6e
2023-06-27 18:42:11,896 [main] DEBUG balancer.ContainerBalancerTask (ContainerBalancerTask.java:lambda$moveContainer$3(834)) - Container move completed for container #29 from source 4d93205d-b116-4ddd-a0e2-9793a1e5755d to target 535da4c2-c012-4d6a-a129-ce8237aa8e6e
2023-06-27 18:42:11,898 [main] DEBUG balancer.ContainerBalancerTask (ContainerBalancerTask.java:matchSourceWithTarget(706)) - ContainerBalancer is finding suitable target for source datanode edd430b6-7eab-43a9-abee-d70ec2db701f
2023-06-27 18:42:11,898 [main] INFO  balancer.ContainerBalancerTask (ContainerBalancerTask.java:matchSourceWithTarget(720)) - ContainerBalancer matched source datanode edd430b6-7eab-43a9-abee-d70ec2db701f with target datanode 535da4c2-c012-4d6a-a129-ce8237aa8e6e for container move.
2023-06-27 18:42:11,898 [main] INFO  balancer.ContainerBalancerTask (ContainerBalancerTask.java:processMoveSelection(569)) - ContainerBalancer is trying to move container #28 with size 4294967296B from source datanode edd430b6-7eab-43a9-abee-d70ec2db701f to target datanode 535da4c2-c012-4d6a-a129-ce8237aa8e6e
2023-06-27 18:42:11,898 [main] DEBUG balancer.ContainerBalancerTask (ContainerBalancerTask.java:lambda$moveContainer$3(834)) - Container move completed for container #28 from source edd430b6-7eab-43a9-abee-d70ec2db701f to target 535da4c2-c012-4d6a-a129-ce8237aa8e6e
2023-06-27 18:42:11,901 [main] DEBUG balancer.ContainerBalancerTask (ContainerBalancerTask.java:matchSourceWithTarget(706)) - ContainerBalancer is finding suitable target for source datanode 4c4b4796-8a2d-4a29-9ca4-ce1a04d66fea
2023-06-27 18:42:11,901 [main] INFO  balancer.ContainerBalancerTask (ContainerBalancerTask.java:matchSourceWithTarget(720)) - ContainerBalancer matched source datanode 4c4b4796-8a2d-4a29-9ca4-ce1a04d66fea with target datanode 535da4c2-c012-4d6a-a129-ce8237aa8e6e for container move.
2023-06-27 18:42:11,901 [main] INFO  balancer.ContainerBalancerTask (ContainerBalancerTask.java:processMoveSelection(569)) - ContainerBalancer is trying to move container #52 with size 4294967296B from source datanode 4c4b4796-8a2d-4a29-9ca4-ce1a04d66fea to target datanode 535da4c2-c012-4d6a-a129-ce8237aa8e6e
2023-06-27 18:42:11,901 [main] DEBUG balancer.ContainerBalancerTask (ContainerBalancerTask.java:lambda$moveContainer$3(834)) - Container move completed for container #52 from source 4c4b4796-8a2d-4a29-9ca4-ce1a04d66fea to target 535da4c2-c012-4d6a-a129-ce8237aa8e6e
2023-06-27 18:42:11,904 [main] DEBUG balancer.ContainerBalancerTask (ContainerBalancerTask.java:matchSourceWithTarget(706)) - ContainerBalancer is finding suitable target for source datanode 4d93205d-b116-4ddd-a0e2-9793a1e5755d
2023-06-27 18:42:11,904 [main] INFO  balancer.ContainerBalancerTask (ContainerBalancerTask.java:matchSourceWithTarget(720)) - ContainerBalancer matched source datanode 4d93205d-b116-4ddd-a0e2-9793a1e5755d with target datanode 535da4c2-c012-4d6a-a129-ce8237aa8e6e for container move.
2023-06-27 18:42:11,904 [main] INFO  balancer.ContainerBalancerTask (ContainerBalancerTask.java:processMoveSelection(569)) - ContainerBalancer is trying to move container #39 with size 4294967296B from source datanode 4d93205d-b116-4ddd-a0e2-9793a1e5755d to target datanode 535da4c2-c012-4d6a-a129-ce8237aa8e6e
2023-06-27 18:42:11,904 [main] DEBUG balancer.ContainerBalancerTask (ContainerBalancerTask.java:lambda$moveContainer$3(834)) - Container move completed for container #39 from source 4d93205d-b116-4ddd-a0e2-9793a1e5755d to target 535da4c2-c012-4d6a-a129-ce8237aa8e6e
2023-06-27 18:42:11,907 [main] DEBUG balancer.ContainerBalancerTask (ContainerBalancerTask.java:matchSourceWithTarget(706)) - ContainerBalancer is finding suitable target for source datanode 4d93205d-b116-4ddd-a0e2-9793a1e5755d
2023-06-27 18:42:11,907 [main] INFO  balancer.ContainerBalancerTask (ContainerBalancerTask.java:matchSourceWithTarget(720)) - ContainerBalancer matched source datanode 4d93205d-b116-4ddd-a0e2-9793a1e5755d with target datanode 535da4c2-c012-4d6a-a129-ce8237aa8e6e for container move.
2023-06-27 18:42:11,907 [main] INFO  balancer.ContainerBalancerTask (ContainerBalancerTask.java:processMoveSelection(569)) - ContainerBalancer is trying to move container #19 with size 4294967296B from source datanode 4d93205d-b116-4ddd-a0e2-9793a1e5755d to target datanode 535da4c2-c012-4d6a-a129-ce8237aa8e6e
2023-06-27 18:42:11,907 [main] DEBUG balancer.ContainerBalancerTask (ContainerBalancerTask.java:lambda$moveContainer$3(834)) - Container move completed for container #19 from source 4d93205d-b116-4ddd-a0e2-9793a1e5755d to target 535da4c2-c012-4d6a-a129-ce8237aa8e6e
2023-06-27 18:42:11,910 [main] DEBUG balancer.ContainerBalancerTask (ContainerBalancerTask.java:matchSourceWithTarget(706)) - ContainerBalancer is finding suitable target for source datanode 4c4b4796-8a2d-4a29-9ca4-ce1a04d66fea
2023-06-27 18:42:11,910 [main] INFO  balancer.ContainerBalancerTask (ContainerBalancerTask.java:matchSourceWithTarget(720)) - ContainerBalancer matched source datanode 4c4b4796-8a2d-4a29-9ca4-ce1a04d66fea with target datanode 70229e4c-2ecf-49c7-9ecc-7cbbfde27348 for container move.
2023-06-27 18:42:11,910 [main] INFO  balancer.ContainerBalancerTask (ContainerBalancerTask.java:processMoveSelection(569)) - ContainerBalancer is trying to move container #88 with size 3221225472B from source datanode 4c4b4796-8a2d-4a29-9ca4-ce1a04d66fea to target datanode 70229e4c-2ecf-49c7-9ecc-7cbbfde27348
2023-06-27 18:42:11,911 [main] DEBUG balancer.ContainerBalancerTask (ContainerBalancerTask.java:lambda$moveContainer$3(834)) - Container move completed for container #88 from source 4c4b4796-8a2d-4a29-9ca4-ce1a04d66fea to target 70229e4c-2ecf-49c7-9ecc-7cbbfde27348
2023-06-27 18:42:11,913 [main] DEBUG balancer.ContainerBalancerTask (ContainerBalancerTask.java:matchSourceWithTarget(706)) - ContainerBalancer is finding suitable target for source datanode e26d37f0-437d-4c03-9f44-482f2401a272
2023-06-27 18:42:11,913 [main] INFO  balancer.ContainerBalancerTask (ContainerBalancerTask.java:matchSourceWithTarget(720)) - ContainerBalancer matched source datanode e26d37f0-437d-4c03-9f44-482f2401a272 with target datanode 535da4c2-c012-4d6a-a129-ce8237aa8e6e for container move.
2023-06-27 18:42:11,913 [main] INFO  balancer.ContainerBalancerTask (ContainerBalancerTask.java:processMoveSelection(569)) - ContainerBalancer is trying to move container #83 with size 3221225472B from source datanode e26d37f0-437d-4c03-9f44-482f2401a272 to target datanode 535da4c2-c012-4d6a-a129-ce8237aa8e6e
2023-06-27 18:42:11,913 [main] DEBUG balancer.ContainerBalancerTask (ContainerBalancerTask.java:lambda$moveContainer$3(834)) - Container move completed for container #83 from source e26d37f0-437d-4c03-9f44-482f2401a272 to target 535da4c2-c012-4d6a-a129-ce8237aa8e6e
2023-06-27 18:42:11,915 [main] DEBUG balancer.ContainerBalancerTask (ContainerBalancerTask.java:matchSourceWithTarget(706)) - ContainerBalancer is finding suitable target for source datanode edd430b6-7eab-43a9-abee-d70ec2db701f
2023-06-27 18:42:11,916 [main] INFO  balancer.ContainerBalancerTask (ContainerBalancerTask.java:matchSourceWithTarget(720)) - ContainerBalancer matched source datanode edd430b6-7eab-43a9-abee-d70ec2db701f with target datanode 535da4c2-c012-4d6a-a129-ce8237aa8e6e for container move.
2023-06-27 18:42:11,916 [main] INFO  balancer.ContainerBalancerTask (ContainerBalancerTask.java:processMoveSelection(569)) - ContainerBalancer is trying to move container #71 with size 3221225472B from source datanode edd430b6-7eab-43a9-abee-d70ec2db701f to target datanode 535da4c2-c012-4d6a-a129-ce8237aa8e6e
2023-06-27 18:42:11,916 [main] DEBUG balancer.ContainerBalancerTask (ContainerBalancerTask.java:lambda$moveContainer$3(834)) - Container move completed for container #71 from source edd430b6-7eab-43a9-abee-d70ec2db701f to target 535da4c2-c012-4d6a-a129-ce8237aa8e6e
2023-06-27 18:42:11,919 [main] DEBUG balancer.ContainerBalancerTask (ContainerBalancerTask.java:matchSourceWithTarget(706)) - ContainerBalancer is finding suitable target for source datanode e26d37f0-437d-4c03-9f44-482f2401a272
2023-06-27 18:42:11,919 [main] INFO  balancer.ContainerBalancerTask (ContainerBalancerTask.java:matchSourceWithTarget(720)) - ContainerBalancer matched source datanode e26d37f0-437d-4c03-9f44-482f2401a272 with target datanode 70229e4c-2ecf-49c7-9ecc-7cbbfde27348 for container move.
2023-06-27 18:42:11,919 [main] INFO  balancer.ContainerBalancerTask (ContainerBalancerTask.java:processMoveSelection(569)) - ContainerBalancer is trying to move container #55 with size 2147483648B from source datanode e26d37f0-437d-4c03-9f44-482f2401a272 to target datanode 70229e4c-2ecf-49c7-9ecc-7cbbfde27348
2023-06-27 18:42:11,919 [main] DEBUG balancer.ContainerBalancerTask (ContainerBalancerTask.java:lambda$moveContainer$3(834)) - Container move completed for container #55 from source e26d37f0-437d-4c03-9f44-482f2401a272 to target 70229e4c-2ecf-49c7-9ecc-7cbbfde27348
2023-06-27 18:42:11,919 [main] WARN  balancer.ContainerBalancerTask (ContainerBalancerTask.java:reachedMaxSizeToMovePerIteration(731)) - Reached max size to move limit. 53687091200 bytes have already been scheduled for balancing and the limit is 53687091200 bytes.
2023-06-27 18:42:11,919 [main] INFO  balancer.ContainerBalancerTask (ContainerBalancerTask.java:checkIterationMoveResults(640)) - Iteration Summary. Number of Datanodes involved: 7. Size moved: 50 GB (53687091200 Bytes). Number of Container moves completed: 13.
2023-06-27 18:42:11,919 [main] INFO  balancer.ContainerBalancerTask (ContainerBalancerTask.java:balance(259)) - Result of this iteration of Container Balancer: ITERATION_COMPLETED
2023-06-27 18:42:11,919 [main] INFO  balancer.ContainerBalancerTask (ContainerBalancerTask.java:tryStopWithSaveConfiguration(308)) - Save Configuration for stopping. Reason: Completed all iterations.
]]></system-out>
  </testcase>
  <testcase name="balancerShouldExcludeECContainersWhenLegacyRmIsEnabled" classname="org.apache.hadoop.hdds.scm.container.balancer.TestContainerBalancerTask" time="0.095">
    <system-out><![CDATA[2023-06-27 18:42:11,959 [main] INFO  net.NodeSchemaLoader (NodeSchemaLoader.java:loadSchemaFromFile(129)) - Loading schema from [file:/home/runner/work/ozone/ozone/hadoop-hdds/common/target/classes/network-topology-default.xml]
2023-06-27 18:42:11,959 [main] INFO  net.NodeSchemaLoader (NodeSchemaLoader.java:loadSchema(176)) - Loading network topology layer schema file
2023-06-27 18:42:11,962 [main] INFO  net.NetworkTopologyImpl (NetworkTopologyImpl.java:add(112)) - Added a new node: /default-rack/e033a2be-37ab-4a68-8242-f7a9f42d3538
2023-06-27 18:42:11,963 [main] INFO  net.NetworkTopologyImpl (NetworkTopologyImpl.java:add(112)) - Added a new node: /default-rack/00659e7c-5b13-42f2-bae0-6edc2ed43850
2023-06-27 18:42:11,963 [main] INFO  net.NetworkTopologyImpl (NetworkTopologyImpl.java:add(112)) - Added a new node: /default-rack/18ca01e1-034f-4b86-ab58-7085f7dd4ba3
2023-06-27 18:42:11,963 [main] INFO  net.NetworkTopologyImpl (NetworkTopologyImpl.java:add(112)) - Added a new node: /default-rack/e7532571-43d1-4ceb-9f86-529378c2f5be
2023-06-27 18:42:11,963 [main] INFO  net.NetworkTopologyImpl (NetworkTopologyImpl.java:add(112)) - Added a new node: /default-rack/bc9baaf2-f20a-4790-a66c-ae168f3cf0f6
2023-06-27 18:42:11,963 [main] INFO  net.NetworkTopologyImpl (NetworkTopologyImpl.java:add(112)) - Added a new node: /default-rack/bddbc14b-51c2-4051-b57e-b0c20e435fef
2023-06-27 18:42:11,963 [main] INFO  net.NetworkTopologyImpl (NetworkTopologyImpl.java:add(112)) - Added a new node: /default-rack/809890e4-db95-49d0-860f-9aa6d3746112
2023-06-27 18:42:11,963 [main] INFO  net.NetworkTopologyImpl (NetworkTopologyImpl.java:add(112)) - Added a new node: /default-rack/4f6532a9-443d-43d9-af35-58cb5d3a58db
2023-06-27 18:42:11,963 [main] INFO  net.NetworkTopologyImpl (NetworkTopologyImpl.java:add(112)) - Added a new node: /default-rack/d9bd4ff3-f079-40e0-b109-cf6ff9711b59
2023-06-27 18:42:11,963 [main] INFO  net.NetworkTopologyImpl (NetworkTopologyImpl.java:add(112)) - Added a new node: /default-rack/cee85038-0c6b-4a98-a886-cf217eaa1b03
2023-06-27 18:42:11,963 [main] INFO  algorithms.ContainerPlacementPolicyFactory (ContainerPlacementPolicyFactory.java:getPolicyInternal(86)) - Create container placement policy of type org.apache.hadoop.hdds.scm.container.placement.algorithms.SCMContainerPlacementRackAware
2023-06-27 18:42:11,964 [main] INFO  algorithms.ContainerPlacementPolicyFactory (ContainerPlacementPolicyFactory.java:getPolicyInternal(86)) - Create container placement policy of type org.apache.hadoop.hdds.scm.container.placement.algorithms.SCMContainerPlacementRackScatter
2023-06-27 18:42:11,969 [main] DEBUG balancer.ContainerBalancerTask (ContainerBalancerTask.java:initializeIteration(374)) - Average utilization of the cluster is 0.33183769020759124
2023-06-27 18:42:11,969 [main] DEBUG balancer.ContainerBalancerTask (ContainerBalancerTask.java:initializeIteration(386)) - Lower limit for utilization is 0.23183769020759123 and Upper limit for utilization is 0.4318376902075912
2023-06-27 18:42:11,969 [main] DEBUG balancer.ContainerBalancerTask (ContainerBalancerTask.java:initializeIteration(398)) - Utilization for node bddbc14b-51c2-4051-b57e-b0c20e435fef with capacity 63231462968B, used 56908316672B, and remaining 6323146296B is 0.9000000000126519
2023-06-27 18:42:11,969 [main] DEBUG balancer.ContainerBalancerTask (ContainerBalancerTask.java:initializeIteration(398)) - Utilization for node 00659e7c-5b13-42f2-bae0-6edc2ed43850 with capacity 53687091200B, used 42949672960B, and remaining 10737418240B is 0.8
2023-06-27 18:42:11,970 [main] DEBUG balancer.ContainerBalancerTask (ContainerBalancerTask.java:initializeIteration(398)) - Utilization for node d9bd4ff3-f079-40e0-b109-cf6ff9711b59 with capacity 78229761462B, used 54760833024B, and remaining 23468928438B is 0.7000000000076697
2023-06-27 18:42:11,970 [main] DEBUG balancer.ContainerBalancerTask (ContainerBalancerTask.java:initializeIteration(398)) - Utilization for node e7532571-43d1-4ceb-9f86-529378c2f5be with capacity 66214079146B, used 39728447488B, and remaining 26485631658B is 0.600000000006041
2023-06-27 18:42:11,970 [main] DEBUG balancer.ContainerBalancerTask (ContainerBalancerTask.java:initializeIteration(398)) - Utilization for node cee85038-0c6b-4a98-a886-cf217eaa1b03 with capacity 92341796864B, used 46170898432B, and remaining 46170898432B is 0.5
2023-06-27 18:42:11,970 [main] DEBUG balancer.ContainerBalancerTask (ContainerBalancerTask.java:initializeIteration(398)) - Utilization for node 4f6532a9-443d-43d9-af35-58cb5d3a58db with capacity 85899345920B, used 34359738368B, and remaining 51539607552B is 0.4
2023-06-27 18:42:11,970 [main] DEBUG balancer.ContainerBalancerTask (ContainerBalancerTask.java:initializeIteration(398)) - Utilization for node bc9baaf2-f20a-4790-a66c-ae168f3cf0f6 with capacity 121690740053B, used 36507222016B, and remaining 85183518037B is 0.3000000000008218
2023-06-27 18:42:11,970 [main] DEBUG balancer.ContainerBalancerTask (ContainerBalancerTask.java:initializeIteration(398)) - Utilization for node 809890e4-db95-49d0-860f-9aa6d3746112 with capacity 102005473280B, used 20401094656B, and remaining 81604378624B is 0.2
2023-06-27 18:42:11,970 [main] DEBUG balancer.ContainerBalancerTask (ContainerBalancerTask.java:initializeIteration(398)) - Utilization for node e033a2be-37ab-4a68-8242-f7a9f42d3538 with capacity 450971566080B, used 45097156608B, and remaining 405874409472B is 0.1
2023-06-27 18:42:11,970 [main] DEBUG balancer.ContainerBalancerTask (ContainerBalancerTask.java:initializeIteration(398)) - Utilization for node 18ca01e1-034f-4b86-ab58-7085f7dd4ba3 with capacity 21474836480B, used 0B, and remaining 21474836480B is 0.0
2023-06-27 18:42:11,970 [main] INFO  balancer.ContainerBalancerTask (ContainerBalancerTask.java:initializeIteration(447)) - Container Balancer has identified 5 Over-Utilized and 3 Under-Utilized Datanodes that need to be balanced.
2023-06-27 18:42:11,970 [main] DEBUG balancer.ContainerBalancerTask (ContainerBalancerTask.java:lambda$initializeIteration$1(453)) - Datanode localhost-1.229.114.211 bddbc14b-51c2-4051-b57e-b0c20e435fef is Over-Utilized.
2023-06-27 18:42:11,970 [main] DEBUG balancer.ContainerBalancerTask (ContainerBalancerTask.java:lambda$initializeIteration$1(453)) - Datanode localhost-65.1.163.179 00659e7c-5b13-42f2-bae0-6edc2ed43850 is Over-Utilized.
2023-06-27 18:42:11,970 [main] DEBUG balancer.ContainerBalancerTask (ContainerBalancerTask.java:lambda$initializeIteration$1(453)) - Datanode localhost-86.196.46.189 d9bd4ff3-f079-40e0-b109-cf6ff9711b59 is Over-Utilized.
2023-06-27 18:42:11,970 [main] DEBUG balancer.ContainerBalancerTask (ContainerBalancerTask.java:lambda$initializeIteration$1(453)) - Datanode localhost-117.198.205.151 e7532571-43d1-4ceb-9f86-529378c2f5be is Over-Utilized.
2023-06-27 18:42:11,971 [main] DEBUG balancer.ContainerBalancerTask (ContainerBalancerTask.java:lambda$initializeIteration$1(453)) - Datanode localhost-243.235.75.54 cee85038-0c6b-4a98-a886-cf217eaa1b03 is Over-Utilized.
2023-06-27 18:42:11,971 [main] DEBUG balancer.ContainerBalancerTask (ContainerBalancerTask.java:lambda$initializeIteration$2(459)) - Datanode localhost-38.44.50.147 18ca01e1-034f-4b86-ab58-7085f7dd4ba3 is Under-Utilized.
2023-06-27 18:42:11,971 [main] DEBUG balancer.ContainerBalancerTask (ContainerBalancerTask.java:lambda$initializeIteration$2(459)) - Datanode localhost-149.230.230.225 e033a2be-37ab-4a68-8242-f7a9f42d3538 is Under-Utilized.
2023-06-27 18:42:11,971 [main] DEBUG balancer.ContainerBalancerTask (ContainerBalancerTask.java:lambda$initializeIteration$2(459)) - Datanode localhost-149.58.153.188 809890e4-db95-49d0-860f-9aa6d3746112 is Under-Utilized.
2023-06-27 18:42:11,974 [main] DEBUG balancer.ContainerBalancerTask (ContainerBalancerTask.java:matchSourceWithTarget(706)) - ContainerBalancer is finding suitable target for source datanode bddbc14b-51c2-4051-b57e-b0c20e435fef
2023-06-27 18:42:11,974 [main] INFO  balancer.ContainerBalancerTask (ContainerBalancerTask.java:matchSourceWithTarget(720)) - ContainerBalancer matched source datanode bddbc14b-51c2-4051-b57e-b0c20e435fef with target datanode 18ca01e1-034f-4b86-ab58-7085f7dd4ba3 for container move.
2023-06-27 18:42:11,975 [main] INFO  balancer.ContainerBalancerTask (ContainerBalancerTask.java:processMoveSelection(569)) - ContainerBalancer is trying to move container #84 with size 4294967296B from source datanode bddbc14b-51c2-4051-b57e-b0c20e435fef to target datanode 18ca01e1-034f-4b86-ab58-7085f7dd4ba3
2023-06-27 18:42:11,975 [main] DEBUG balancer.ContainerBalancerTask (ContainerBalancerTask.java:lambda$moveContainer$3(834)) - Container move completed for container #84 from source bddbc14b-51c2-4051-b57e-b0c20e435fef to target 18ca01e1-034f-4b86-ab58-7085f7dd4ba3
2023-06-27 18:42:11,978 [main] DEBUG balancer.ContainerBalancerTask (ContainerBalancerTask.java:matchSourceWithTarget(706)) - ContainerBalancer is finding suitable target for source datanode bddbc14b-51c2-4051-b57e-b0c20e435fef
2023-06-27 18:42:11,978 [main] INFO  balancer.ContainerBalancerTask (ContainerBalancerTask.java:matchSourceWithTarget(720)) - ContainerBalancer matched source datanode bddbc14b-51c2-4051-b57e-b0c20e435fef with target datanode e033a2be-37ab-4a68-8242-f7a9f42d3538 for container move.
2023-06-27 18:42:11,978 [main] INFO  balancer.ContainerBalancerTask (ContainerBalancerTask.java:processMoveSelection(569)) - ContainerBalancer is trying to move container #88 with size 3221225472B from source datanode bddbc14b-51c2-4051-b57e-b0c20e435fef to target datanode e033a2be-37ab-4a68-8242-f7a9f42d3538
2023-06-27 18:42:11,978 [main] DEBUG balancer.ContainerBalancerTask (ContainerBalancerTask.java:lambda$moveContainer$3(834)) - Container move completed for container #88 from source bddbc14b-51c2-4051-b57e-b0c20e435fef to target e033a2be-37ab-4a68-8242-f7a9f42d3538
2023-06-27 18:42:11,981 [main] DEBUG balancer.ContainerBalancerTask (ContainerBalancerTask.java:matchSourceWithTarget(706)) - ContainerBalancer is finding suitable target for source datanode 00659e7c-5b13-42f2-bae0-6edc2ed43850
2023-06-27 18:42:11,981 [main] INFO  balancer.ContainerBalancerTask (ContainerBalancerTask.java:matchSourceWithTarget(720)) - ContainerBalancer matched source datanode 00659e7c-5b13-42f2-bae0-6edc2ed43850 with target datanode e033a2be-37ab-4a68-8242-f7a9f42d3538 for container move.
2023-06-27 18:42:11,981 [main] INFO  balancer.ContainerBalancerTask (ContainerBalancerTask.java:processMoveSelection(569)) - ContainerBalancer is trying to move container #28 with size 4294967296B from source datanode 00659e7c-5b13-42f2-bae0-6edc2ed43850 to target datanode e033a2be-37ab-4a68-8242-f7a9f42d3538
2023-06-27 18:42:11,981 [main] DEBUG balancer.ContainerBalancerTask (ContainerBalancerTask.java:lambda$moveContainer$3(834)) - Container move completed for container #28 from source 00659e7c-5b13-42f2-bae0-6edc2ed43850 to target e033a2be-37ab-4a68-8242-f7a9f42d3538
2023-06-27 18:42:11,984 [main] DEBUG balancer.ContainerBalancerTask (ContainerBalancerTask.java:matchSourceWithTarget(706)) - ContainerBalancer is finding suitable target for source datanode bddbc14b-51c2-4051-b57e-b0c20e435fef
2023-06-27 18:42:11,984 [main] INFO  balancer.ContainerBalancerTask (ContainerBalancerTask.java:matchSourceWithTarget(720)) - ContainerBalancer matched source datanode bddbc14b-51c2-4051-b57e-b0c20e435fef with target datanode e033a2be-37ab-4a68-8242-f7a9f42d3538 for container move.
2023-06-27 18:42:11,984 [main] INFO  balancer.ContainerBalancerTask (ContainerBalancerTask.java:processMoveSelection(569)) - ContainerBalancer is trying to move container #70 with size 2147483648B from source datanode bddbc14b-51c2-4051-b57e-b0c20e435fef to target datanode e033a2be-37ab-4a68-8242-f7a9f42d3538
2023-06-27 18:42:11,985 [main] DEBUG balancer.ContainerBalancerTask (ContainerBalancerTask.java:lambda$moveContainer$3(834)) - Container move completed for container #70 from source bddbc14b-51c2-4051-b57e-b0c20e435fef to target e033a2be-37ab-4a68-8242-f7a9f42d3538
2023-06-27 18:42:11,988 [main] DEBUG balancer.ContainerBalancerTask (ContainerBalancerTask.java:matchSourceWithTarget(706)) - ContainerBalancer is finding suitable target for source datanode bddbc14b-51c2-4051-b57e-b0c20e435fef
2023-06-27 18:42:11,988 [main] INFO  balancer.ContainerBalancerTask (ContainerBalancerTask.java:matchSourceWithTarget(720)) - ContainerBalancer matched source datanode bddbc14b-51c2-4051-b57e-b0c20e435fef with target datanode e033a2be-37ab-4a68-8242-f7a9f42d3538 for container move.
2023-06-27 18:42:11,988 [main] INFO  balancer.ContainerBalancerTask (ContainerBalancerTask.java:processMoveSelection(569)) - ContainerBalancer is trying to move container #86 with size 1073741824B from source datanode bddbc14b-51c2-4051-b57e-b0c20e435fef to target datanode e033a2be-37ab-4a68-8242-f7a9f42d3538
2023-06-27 18:42:11,989 [main] DEBUG balancer.ContainerBalancerTask (ContainerBalancerTask.java:lambda$moveContainer$3(834)) - Container move completed for container #86 from source bddbc14b-51c2-4051-b57e-b0c20e435fef to target e033a2be-37ab-4a68-8242-f7a9f42d3538
2023-06-27 18:42:11,992 [main] DEBUG balancer.ContainerBalancerTask (ContainerBalancerTask.java:matchSourceWithTarget(706)) - ContainerBalancer is finding suitable target for source datanode bddbc14b-51c2-4051-b57e-b0c20e435fef
2023-06-27 18:42:11,992 [main] INFO  balancer.ContainerBalancerTask (ContainerBalancerTask.java:matchSourceWithTarget(720)) - ContainerBalancer matched source datanode bddbc14b-51c2-4051-b57e-b0c20e435fef with target datanode 809890e4-db95-49d0-860f-9aa6d3746112 for container move.
2023-06-27 18:42:11,992 [main] INFO  balancer.ContainerBalancerTask (ContainerBalancerTask.java:processMoveSelection(569)) - ContainerBalancer is trying to move container #82 with size 2147483648B from source datanode bddbc14b-51c2-4051-b57e-b0c20e435fef to target datanode 809890e4-db95-49d0-860f-9aa6d3746112
2023-06-27 18:42:11,992 [main] DEBUG balancer.ContainerBalancerTask (ContainerBalancerTask.java:lambda$moveContainer$3(834)) - Container move completed for container #82 from source bddbc14b-51c2-4051-b57e-b0c20e435fef to target 809890e4-db95-49d0-860f-9aa6d3746112
2023-06-27 18:42:11,995 [main] DEBUG balancer.ContainerBalancerTask (ContainerBalancerTask.java:matchSourceWithTarget(706)) - ContainerBalancer is finding suitable target for source datanode 00659e7c-5b13-42f2-bae0-6edc2ed43850
2023-06-27 18:42:11,995 [main] INFO  balancer.ContainerBalancerTask (ContainerBalancerTask.java:matchSourceWithTarget(720)) - ContainerBalancer matched source datanode 00659e7c-5b13-42f2-bae0-6edc2ed43850 with target datanode 18ca01e1-034f-4b86-ab58-7085f7dd4ba3 for container move.
2023-06-27 18:42:11,995 [main] INFO  balancer.ContainerBalancerTask (ContainerBalancerTask.java:processMoveSelection(569)) - ContainerBalancer is trying to move container #66 with size 3221225472B from source datanode 00659e7c-5b13-42f2-bae0-6edc2ed43850 to target datanode 18ca01e1-034f-4b86-ab58-7085f7dd4ba3
2023-06-27 18:42:11,995 [main] DEBUG balancer.ContainerBalancerTask (ContainerBalancerTask.java:lambda$moveContainer$3(834)) - Container move completed for container #66 from source 00659e7c-5b13-42f2-bae0-6edc2ed43850 to target 18ca01e1-034f-4b86-ab58-7085f7dd4ba3
2023-06-27 18:42:11,999 [main] DEBUG balancer.ContainerBalancerTask (ContainerBalancerTask.java:matchSourceWithTarget(706)) - ContainerBalancer is finding suitable target for source datanode d9bd4ff3-f079-40e0-b109-cf6ff9711b59
2023-06-27 18:42:11,999 [main] INFO  balancer.ContainerBalancerTask (ContainerBalancerTask.java:matchSourceWithTarget(720)) - ContainerBalancer matched source datanode d9bd4ff3-f079-40e0-b109-cf6ff9711b59 with target datanode 809890e4-db95-49d0-860f-9aa6d3746112 for container move.
2023-06-27 18:42:11,999 [main] INFO  balancer.ContainerBalancerTask (ContainerBalancerTask.java:processMoveSelection(569)) - ContainerBalancer is trying to move container #52 with size 4294967296B from source datanode d9bd4ff3-f079-40e0-b109-cf6ff9711b59 to target datanode 809890e4-db95-49d0-860f-9aa6d3746112
2023-06-27 18:42:12,000 [main] DEBUG balancer.ContainerBalancerTask (ContainerBalancerTask.java:lambda$moveContainer$3(834)) - Container move completed for container #52 from source d9bd4ff3-f079-40e0-b109-cf6ff9711b59 to target 809890e4-db95-49d0-860f-9aa6d3746112
2023-06-27 18:42:12,003 [main] DEBUG balancer.ContainerBalancerTask (ContainerBalancerTask.java:matchSourceWithTarget(706)) - ContainerBalancer is finding suitable target for source datanode bddbc14b-51c2-4051-b57e-b0c20e435fef
2023-06-27 18:42:12,003 [main] INFO  balancer.ContainerBalancerTask (ContainerBalancerTask.java:matchSourceWithTarget(720)) - ContainerBalancer matched source datanode bddbc14b-51c2-4051-b57e-b0c20e435fef with target datanode 809890e4-db95-49d0-860f-9aa6d3746112 for container move.
2023-06-27 18:42:12,003 [main] INFO  balancer.ContainerBalancerTask (ContainerBalancerTask.java:processMoveSelection(569)) - ContainerBalancer is trying to move container #50 with size 2147483648B from source datanode bddbc14b-51c2-4051-b57e-b0c20e435fef to target datanode 809890e4-db95-49d0-860f-9aa6d3746112
2023-06-27 18:42:12,003 [main] DEBUG balancer.ContainerBalancerTask (ContainerBalancerTask.java:lambda$moveContainer$3(834)) - Container move completed for container #50 from source bddbc14b-51c2-4051-b57e-b0c20e435fef to target 809890e4-db95-49d0-860f-9aa6d3746112
2023-06-27 18:42:12,007 [main] DEBUG balancer.ContainerBalancerTask (ContainerBalancerTask.java:matchSourceWithTarget(706)) - ContainerBalancer is finding suitable target for source datanode bddbc14b-51c2-4051-b57e-b0c20e435fef
2023-06-27 18:42:12,007 [main] INFO  balancer.ContainerBalancerTask (ContainerBalancerTask.java:matchSourceWithTarget(720)) - ContainerBalancer matched source datanode bddbc14b-51c2-4051-b57e-b0c20e435fef with target datanode 809890e4-db95-49d0-860f-9aa6d3746112 for container move.
2023-06-27 18:42:12,007 [main] INFO  balancer.ContainerBalancerTask (ContainerBalancerTask.java:processMoveSelection(569)) - ContainerBalancer is trying to move container #26 with size 2147483648B from source datanode bddbc14b-51c2-4051-b57e-b0c20e435fef to target datanode 809890e4-db95-49d0-860f-9aa6d3746112
2023-06-27 18:42:12,007 [main] DEBUG balancer.ContainerBalancerTask (ContainerBalancerTask.java:lambda$moveContainer$3(834)) - Container move completed for container #26 from source bddbc14b-51c2-4051-b57e-b0c20e435fef to target 809890e4-db95-49d0-860f-9aa6d3746112
2023-06-27 18:42:12,011 [main] DEBUG balancer.ContainerBalancerTask (ContainerBalancerTask.java:matchSourceWithTarget(706)) - ContainerBalancer is finding suitable target for source datanode 00659e7c-5b13-42f2-bae0-6edc2ed43850
2023-06-27 18:42:12,011 [main] INFO  balancer.ContainerBalancerTask (ContainerBalancerTask.java:matchSourceWithTarget(720)) - ContainerBalancer matched source datanode 00659e7c-5b13-42f2-bae0-6edc2ed43850 with target datanode 18ca01e1-034f-4b86-ab58-7085f7dd4ba3 for container move.
2023-06-27 18:42:12,011 [main] INFO  balancer.ContainerBalancerTask (ContainerBalancerTask.java:processMoveSelection(569)) - ContainerBalancer is trying to move container #64 with size 1073741824B from source datanode 00659e7c-5b13-42f2-bae0-6edc2ed43850 to target datanode 18ca01e1-034f-4b86-ab58-7085f7dd4ba3
2023-06-27 18:42:12,011 [main] DEBUG balancer.ContainerBalancerTask (ContainerBalancerTask.java:lambda$moveContainer$3(834)) - Container move completed for container #64 from source 00659e7c-5b13-42f2-bae0-6edc2ed43850 to target 18ca01e1-034f-4b86-ab58-7085f7dd4ba3
2023-06-27 18:42:12,015 [main] DEBUG balancer.ContainerBalancerTask (ContainerBalancerTask.java:matchSourceWithTarget(706)) - ContainerBalancer is finding suitable target for source datanode d9bd4ff3-f079-40e0-b109-cf6ff9711b59
2023-06-27 18:42:12,015 [main] INFO  balancer.FindTargetGreedyByUsageInfo (AbstractFindTargetGreedy.java:findTargetForContainerMove(133)) - Container Balancer could not find a target for source datanode d9bd4ff3-f079-40e0-b109-cf6ff9711b59
2023-06-27 18:42:12,015 [main] DEBUG balancer.ContainerBalancerTask (ContainerBalancerTask.java:matchSourceWithTarget(715)) - ContainerBalancer could not find a suitable target for source node d9bd4ff3-f079-40e0-b109-cf6ff9711b59.
2023-06-27 18:42:12,018 [main] DEBUG balancer.ContainerBalancerTask (ContainerBalancerTask.java:matchSourceWithTarget(706)) - ContainerBalancer is finding suitable target for source datanode 00659e7c-5b13-42f2-bae0-6edc2ed43850
2023-06-27 18:42:12,018 [main] INFO  balancer.FindTargetGreedyByUsageInfo (AbstractFindTargetGreedy.java:findTargetForContainerMove(133)) - Container Balancer could not find a target for source datanode 00659e7c-5b13-42f2-bae0-6edc2ed43850
2023-06-27 18:42:12,019 [main] DEBUG balancer.ContainerBalancerTask (ContainerBalancerTask.java:matchSourceWithTarget(715)) - ContainerBalancer could not find a suitable target for source node 00659e7c-5b13-42f2-bae0-6edc2ed43850.
2023-06-27 18:42:12,022 [main] DEBUG balancer.ContainerBalancerTask (ContainerBalancerTask.java:matchSourceWithTarget(699)) - ContainerBalancer could not find any candidate containers for datanode bddbc14b-51c2-4051-b57e-b0c20e435fef
2023-06-27 18:42:12,025 [main] DEBUG balancer.ContainerBalancerTask (ContainerBalancerTask.java:matchSourceWithTarget(706)) - ContainerBalancer is finding suitable target for source datanode e7532571-43d1-4ceb-9f86-529378c2f5be
2023-06-27 18:42:12,025 [main] INFO  balancer.FindTargetGreedyByUsageInfo (AbstractFindTargetGreedy.java:findTargetForContainerMove(133)) - Container Balancer could not find a target for source datanode e7532571-43d1-4ceb-9f86-529378c2f5be
2023-06-27 18:42:12,025 [main] DEBUG balancer.ContainerBalancerTask (ContainerBalancerTask.java:matchSourceWithTarget(715)) - ContainerBalancer could not find a suitable target for source node e7532571-43d1-4ceb-9f86-529378c2f5be.
2023-06-27 18:42:12,029 [main] DEBUG balancer.ContainerBalancerTask (ContainerBalancerTask.java:matchSourceWithTarget(706)) - ContainerBalancer is finding suitable target for source datanode cee85038-0c6b-4a98-a886-cf217eaa1b03
2023-06-27 18:42:12,029 [main] INFO  balancer.FindTargetGreedyByUsageInfo (AbstractFindTargetGreedy.java:findTargetForContainerMove(133)) - Container Balancer could not find a target for source datanode cee85038-0c6b-4a98-a886-cf217eaa1b03
2023-06-27 18:42:12,029 [main] DEBUG balancer.ContainerBalancerTask (ContainerBalancerTask.java:matchSourceWithTarget(715)) - ContainerBalancer could not find a suitable target for source node cee85038-0c6b-4a98-a886-cf217eaa1b03.
2023-06-27 18:42:12,029 [main] INFO  balancer.FindSourceGreedy (FindSourceGreedy.java:getNextCandidateSourceDataNode(126)) - no more candidate source data node
2023-06-27 18:42:12,029 [main] INFO  balancer.ContainerBalancerTask (ContainerBalancerTask.java:checkIterationMoveResults(640)) - Iteration Summary. Number of Datanodes involved: 6. Size moved: 28 GB (30064771072 Bytes). Number of Container moves completed: 11.
2023-06-27 18:42:12,029 [main] INFO  balancer.ContainerBalancerTask (ContainerBalancerTask.java:balance(259)) - Result of this iteration of Container Balancer: ITERATION_COMPLETED
2023-06-27 18:42:12,029 [main] INFO  balancer.ContainerBalancerTask (ContainerBalancerTask.java:tryStopWithSaveConfiguration(308)) - Save Configuration for stopping. Reason: Completed all iterations.
]]></system-out>
  </testcase>
  <testcase name="testMetrics" classname="org.apache.hadoop.hdds.scm.container.balancer.TestContainerBalancerTask" time="0.046">
    <system-out><![CDATA[2023-06-27 18:42:12,054 [main] INFO  net.NodeSchemaLoader (NodeSchemaLoader.java:loadSchemaFromFile(129)) - Loading schema from [file:/home/runner/work/ozone/ozone/hadoop-hdds/common/target/classes/network-topology-default.xml]
2023-06-27 18:42:12,054 [main] INFO  net.NodeSchemaLoader (NodeSchemaLoader.java:loadSchema(176)) - Loading network topology layer schema file
2023-06-27 18:42:12,057 [main] INFO  net.NetworkTopologyImpl (NetworkTopologyImpl.java:add(112)) - Added a new node: /default-rack/edb6d7f2-947d-4eb4-aae1-be9b7af83e3f
2023-06-27 18:42:12,057 [main] INFO  net.NetworkTopologyImpl (NetworkTopologyImpl.java:add(112)) - Added a new node: /default-rack/3bcd7a85-8dc9-4b6a-a52b-5233bfa43a13
2023-06-27 18:42:12,057 [main] INFO  net.NetworkTopologyImpl (NetworkTopologyImpl.java:add(112)) - Added a new node: /default-rack/ce6999e8-0239-4a83-8466-470126f11179
2023-06-27 18:42:12,057 [main] INFO  net.NetworkTopologyImpl (NetworkTopologyImpl.java:add(112)) - Added a new node: /default-rack/672b3d74-d463-45be-9aa3-25693b610d3d
2023-06-27 18:42:12,057 [main] INFO  net.NetworkTopologyImpl (NetworkTopologyImpl.java:add(112)) - Added a new node: /default-rack/c8c55812-c860-4cbd-b544-1becb39364f5
2023-06-27 18:42:12,057 [main] INFO  net.NetworkTopologyImpl (NetworkTopologyImpl.java:add(112)) - Added a new node: /default-rack/ab9084e9-1b1d-41f9-9f43-a2b836167675
2023-06-27 18:42:12,057 [main] INFO  net.NetworkTopologyImpl (NetworkTopologyImpl.java:add(112)) - Added a new node: /default-rack/b269d9d7-1b91-4fbd-95b5-42802abea5f1
2023-06-27 18:42:12,058 [main] INFO  net.NetworkTopologyImpl (NetworkTopologyImpl.java:add(112)) - Added a new node: /default-rack/1f2b022b-eee4-4f7b-b47c-740a6a28fbf8
2023-06-27 18:42:12,058 [main] INFO  net.NetworkTopologyImpl (NetworkTopologyImpl.java:add(112)) - Added a new node: /default-rack/e7223ce6-930d-408d-9d41-460228f961f2
2023-06-27 18:42:12,058 [main] INFO  net.NetworkTopologyImpl (NetworkTopologyImpl.java:add(112)) - Added a new node: /default-rack/733fb0be-02a4-4cc0-84bb-45c0c7299748
2023-06-27 18:42:12,058 [main] INFO  algorithms.ContainerPlacementPolicyFactory (ContainerPlacementPolicyFactory.java:getPolicyInternal(86)) - Create container placement policy of type org.apache.hadoop.hdds.scm.container.placement.algorithms.SCMContainerPlacementRackAware
2023-06-27 18:42:12,059 [main] INFO  algorithms.ContainerPlacementPolicyFactory (ContainerPlacementPolicyFactory.java:getPolicyInternal(86)) - Create container placement policy of type org.apache.hadoop.hdds.scm.container.placement.algorithms.SCMContainerPlacementRackScatter
2023-06-27 18:42:12,063 [main] DEBUG balancer.ContainerBalancerTask (ContainerBalancerTask.java:initializeIteration(374)) - Average utilization of the cluster is 0.3742228509741013
2023-06-27 18:42:12,064 [main] DEBUG balancer.ContainerBalancerTask (ContainerBalancerTask.java:initializeIteration(386)) - Lower limit for utilization is 0.27422285097410126 and Upper limit for utilization is 0.47422285097410133
2023-06-27 18:42:12,064 [main] DEBUG balancer.ContainerBalancerTask (ContainerBalancerTask.java:initializeIteration(398)) - Utilization for node ab9084e9-1b1d-41f9-9f43-a2b836167675 with capacity 82320206506B, used 74088185856B, and remaining 8232020650B is 0.9000000000072886
2023-06-27 18:42:12,064 [main] DEBUG balancer.ContainerBalancerTask (ContainerBalancerTask.java:initializeIteration(398)) - Utilization for node c8c55812-c860-4cbd-b544-1becb39364f5 with capacity 63082332160B, used 50465865728B, and remaining 12616466432B is 0.8
2023-06-27 18:42:12,064 [main] DEBUG balancer.ContainerBalancerTask (ContainerBalancerTask.java:initializeIteration(398)) - Utilization for node 672b3d74-d463-45be-9aa3-25693b610d3d with capacity 84365429028B, used 59055800320B, and remaining 25309628708B is 0.7000000000047413
2023-06-27 18:42:12,064 [main] DEBUG balancer.ContainerBalancerTask (ContainerBalancerTask.java:initializeIteration(398)) - Utilization for node 1f2b022b-eee4-4f7b-b47c-740a6a28fbf8 with capacity 69793218560B, used 41875931136B, and remaining 27917287424B is 0.6
2023-06-27 18:42:12,064 [main] DEBUG balancer.ContainerBalancerTask (ContainerBalancerTask.java:initializeIteration(398)) - Utilization for node e7223ce6-930d-408d-9d41-460228f961f2 with capacity 60129542144B, used 30064771072B, and remaining 30064771072B is 0.5
2023-06-27 18:42:12,064 [main] DEBUG balancer.ContainerBalancerTask (ContainerBalancerTask.java:initializeIteration(398)) - Utilization for node ce6999e8-0239-4a83-8466-470126f11179 with capacity 91268055040B, used 36507222016B, and remaining 54760833024B is 0.4
2023-06-27 18:42:12,064 [main] DEBUG balancer.ContainerBalancerTask (ContainerBalancerTask.java:initializeIteration(398)) - Utilization for node 733fb0be-02a4-4cc0-84bb-45c0c7299748 with capacity 121690740053B, used 36507222016B, and remaining 85183518037B is 0.3000000000008218
2023-06-27 18:42:12,064 [main] DEBUG balancer.ContainerBalancerTask (ContainerBalancerTask.java:initializeIteration(398)) - Utilization for node b269d9d7-1b91-4fbd-95b5-42802abea5f1 with capacity 128849018880B, used 25769803776B, and remaining 103079215104B is 0.2
2023-06-27 18:42:12,064 [main] DEBUG balancer.ContainerBalancerTask (ContainerBalancerTask.java:initializeIteration(398)) - Utilization for node edb6d7f2-947d-4eb4-aae1-be9b7af83e3f with capacity 311385128960B, used 31138512896B, and remaining 280246616064B is 0.1
2023-06-27 18:42:12,064 [main] DEBUG balancer.ContainerBalancerTask (ContainerBalancerTask.java:initializeIteration(398)) - Utilization for node 3bcd7a85-8dc9-4b6a-a52b-5233bfa43a13 with capacity 17179869184B, used 0B, and remaining 17179869184B is 0.0
2023-06-27 18:42:12,064 [main] INFO  balancer.ContainerBalancerTask (ContainerBalancerTask.java:initializeIteration(447)) - Container Balancer has identified 5 Over-Utilized and 3 Under-Utilized Datanodes that need to be balanced.
2023-06-27 18:42:12,065 [main] DEBUG balancer.ContainerBalancerTask (ContainerBalancerTask.java:lambda$initializeIteration$1(453)) - Datanode localhost-173.43.255.112 ab9084e9-1b1d-41f9-9f43-a2b836167675 is Over-Utilized.
2023-06-27 18:42:12,065 [main] DEBUG balancer.ContainerBalancerTask (ContainerBalancerTask.java:lambda$initializeIteration$1(453)) - Datanode localhost-12.128.255.104 c8c55812-c860-4cbd-b544-1becb39364f5 is Over-Utilized.
2023-06-27 18:42:12,065 [main] DEBUG balancer.ContainerBalancerTask (ContainerBalancerTask.java:lambda$initializeIteration$1(453)) - Datanode localhost-59.31.25.201 672b3d74-d463-45be-9aa3-25693b610d3d is Over-Utilized.
2023-06-27 18:42:12,065 [main] DEBUG balancer.ContainerBalancerTask (ContainerBalancerTask.java:lambda$initializeIteration$1(453)) - Datanode localhost-107.107.185.65 1f2b022b-eee4-4f7b-b47c-740a6a28fbf8 is Over-Utilized.
2023-06-27 18:42:12,065 [main] DEBUG balancer.ContainerBalancerTask (ContainerBalancerTask.java:lambda$initializeIteration$1(453)) - Datanode localhost-106.53.137.106 e7223ce6-930d-408d-9d41-460228f961f2 is Over-Utilized.
2023-06-27 18:42:12,065 [main] DEBUG balancer.ContainerBalancerTask (ContainerBalancerTask.java:lambda$initializeIteration$2(459)) - Datanode localhost-132.161.41.110 3bcd7a85-8dc9-4b6a-a52b-5233bfa43a13 is Under-Utilized.
2023-06-27 18:42:12,065 [main] DEBUG balancer.ContainerBalancerTask (ContainerBalancerTask.java:lambda$initializeIteration$2(459)) - Datanode localhost-105.149.113.21 edb6d7f2-947d-4eb4-aae1-be9b7af83e3f is Under-Utilized.
2023-06-27 18:42:12,065 [main] DEBUG balancer.ContainerBalancerTask (ContainerBalancerTask.java:lambda$initializeIteration$2(459)) - Datanode localhost-165.182.210.68 b269d9d7-1b91-4fbd-95b5-42802abea5f1 is Under-Utilized.
2023-06-27 18:42:12,069 [main] DEBUG balancer.ContainerBalancerTask (ContainerBalancerTask.java:matchSourceWithTarget(706)) - ContainerBalancer is finding suitable target for source datanode ab9084e9-1b1d-41f9-9f43-a2b836167675
2023-06-27 18:42:12,069 [main] INFO  balancer.ContainerBalancerTask (ContainerBalancerTask.java:matchSourceWithTarget(720)) - ContainerBalancer matched source datanode ab9084e9-1b1d-41f9-9f43-a2b836167675 with target datanode 3bcd7a85-8dc9-4b6a-a52b-5233bfa43a13 for container move.
2023-06-27 18:42:12,069 [main] INFO  balancer.ContainerBalancerTask (ContainerBalancerTask.java:processMoveSelection(569)) - ContainerBalancer is trying to move container #85 with size 5368709120B from source datanode ab9084e9-1b1d-41f9-9f43-a2b836167675 to target datanode 3bcd7a85-8dc9-4b6a-a52b-5233bfa43a13
2023-06-27 18:42:12,070 [main] DEBUG balancer.ContainerBalancerTask (ContainerBalancerTask.java:lambda$moveContainer$3(834)) - Container move completed for container #85 from source ab9084e9-1b1d-41f9-9f43-a2b836167675 to target 3bcd7a85-8dc9-4b6a-a52b-5233bfa43a13
2023-06-27 18:42:12,076 [main] DEBUG balancer.ContainerBalancerTask (ContainerBalancerTask.java:matchSourceWithTarget(706)) - ContainerBalancer is finding suitable target for source datanode ab9084e9-1b1d-41f9-9f43-a2b836167675
2023-06-27 18:42:12,076 [main] INFO  balancer.ContainerBalancerTask (ContainerBalancerTask.java:matchSourceWithTarget(720)) - ContainerBalancer matched source datanode ab9084e9-1b1d-41f9-9f43-a2b836167675 with target datanode edb6d7f2-947d-4eb4-aae1-be9b7af83e3f for container move.
2023-06-27 18:42:12,076 [main] INFO  balancer.ContainerBalancerTask (ContainerBalancerTask.java:processMoveSelection(569)) - ContainerBalancer is trying to move container #86 with size 1073741824B from source datanode ab9084e9-1b1d-41f9-9f43-a2b836167675 to target datanode edb6d7f2-947d-4eb4-aae1-be9b7af83e3f
2023-06-27 18:42:12,077 [main] DEBUG balancer.ContainerBalancerTask (ContainerBalancerTask.java:lambda$moveContainer$3(834)) - Container move completed for container #86 from source ab9084e9-1b1d-41f9-9f43-a2b836167675 to target edb6d7f2-947d-4eb4-aae1-be9b7af83e3f
2023-06-27 18:42:12,077 [main] WARN  balancer.ContainerBalancerTask (ContainerBalancerTask.java:reachedMaxSizeToMovePerIteration(731)) - Reached max size to move limit. 6442450944 bytes have already been scheduled for balancing and the limit is 6442450944 bytes.
2023-06-27 18:42:12,077 [main] INFO  balancer.ContainerBalancerTask (ContainerBalancerTask.java:checkIterationMoveResults(640)) - Iteration Summary. Number of Datanodes involved: 3. Size moved: 6 GB (6442450944 Bytes). Number of Container moves completed: 2.
2023-06-27 18:42:12,077 [main] INFO  balancer.ContainerBalancerTask (ContainerBalancerTask.java:balance(259)) - Result of this iteration of Container Balancer: ITERATION_COMPLETED
2023-06-27 18:42:12,077 [main] INFO  balancer.ContainerBalancerTask (ContainerBalancerTask.java:tryStopWithSaveConfiguration(308)) - Save Configuration for stopping. Reason: Completed all iterations.
]]></system-out>
  </testcase>
  <testcase name="balancerShouldNotSelectConfiguredExcludeContainers" classname="org.apache.hadoop.hdds.scm.container.balancer.TestContainerBalancerTask" time="0.131">
    <system-out><![CDATA[2023-06-27 18:42:12,111 [main] INFO  net.NodeSchemaLoader (NodeSchemaLoader.java:loadSchemaFromFile(129)) - Loading schema from [file:/home/runner/work/ozone/ozone/hadoop-hdds/common/target/classes/network-topology-default.xml]
2023-06-27 18:42:12,111 [main] INFO  net.NodeSchemaLoader (NodeSchemaLoader.java:loadSchema(176)) - Loading network topology layer schema file
2023-06-27 18:42:12,113 [main] INFO  net.NetworkTopologyImpl (NetworkTopologyImpl.java:add(112)) - Added a new node: /default-rack/02cdb83f-33e9-42bc-8245-ebf1326f197e
2023-06-27 18:42:12,113 [main] INFO  net.NetworkTopologyImpl (NetworkTopologyImpl.java:add(112)) - Added a new node: /default-rack/d090ecad-0a6e-4449-ae7b-35770cc433f0
2023-06-27 18:42:12,113 [main] INFO  net.NetworkTopologyImpl (NetworkTopologyImpl.java:add(112)) - Added a new node: /default-rack/754c5e51-07aa-4df0-b3cd-b4665111c22f
2023-06-27 18:42:12,113 [main] INFO  net.NetworkTopologyImpl (NetworkTopologyImpl.java:add(112)) - Added a new node: /default-rack/148cc174-4962-4f47-9895-33c91f8ef1cc
2023-06-27 18:42:12,113 [main] INFO  net.NetworkTopologyImpl (NetworkTopologyImpl.java:add(112)) - Added a new node: /default-rack/40eba2e7-9d65-4db8-92ab-e3e4e5c3454b
2023-06-27 18:42:12,113 [main] INFO  net.NetworkTopologyImpl (NetworkTopologyImpl.java:add(112)) - Added a new node: /default-rack/6094027d-e682-4b5d-9199-f594b10cf791
2023-06-27 18:42:12,113 [main] INFO  net.NetworkTopologyImpl (NetworkTopologyImpl.java:add(112)) - Added a new node: /default-rack/bc492113-712c-464d-9337-a024a3d96fc6
2023-06-27 18:42:12,113 [main] INFO  net.NetworkTopologyImpl (NetworkTopologyImpl.java:add(112)) - Added a new node: /default-rack/fae19167-7796-4f5c-8b0d-a286a23e2a13
2023-06-27 18:42:12,113 [main] INFO  net.NetworkTopologyImpl (NetworkTopologyImpl.java:add(112)) - Added a new node: /default-rack/b0a60281-2d21-451c-881a-b758510ff14c
2023-06-27 18:42:12,114 [main] INFO  net.NetworkTopologyImpl (NetworkTopologyImpl.java:add(112)) - Added a new node: /default-rack/8c3cdd8e-6c41-4946-b790-cf3385a0a669
2023-06-27 18:42:12,114 [main] INFO  algorithms.ContainerPlacementPolicyFactory (ContainerPlacementPolicyFactory.java:getPolicyInternal(86)) - Create container placement policy of type org.apache.hadoop.hdds.scm.container.placement.algorithms.SCMContainerPlacementRackAware
2023-06-27 18:42:12,114 [main] INFO  algorithms.ContainerPlacementPolicyFactory (ContainerPlacementPolicyFactory.java:getPolicyInternal(86)) - Create container placement policy of type org.apache.hadoop.hdds.scm.container.placement.algorithms.SCMContainerPlacementRackScatter
2023-06-27 18:42:12,121 [main] DEBUG balancer.ContainerBalancerTask (ContainerBalancerTask.java:initializeIteration(374)) - Average utilization of the cluster is 0.33407843036190343
2023-06-27 18:42:12,121 [main] DEBUG balancer.ContainerBalancerTask (ContainerBalancerTask.java:initializeIteration(386)) - Lower limit for utilization is 0.23407843036190343 and Upper limit for utilization is 0.4340784303619034
2023-06-27 18:42:12,122 [main] DEBUG balancer.ContainerBalancerTask (ContainerBalancerTask.java:initializeIteration(398)) - Utilization for node 148cc174-4962-4f47-9895-33c91f8ef1cc with capacity 56073184142B, used 50465865728B, and remaining 5607318414B is 0.9000000000035667
2023-06-27 18:42:12,122 [main] DEBUG balancer.ContainerBalancerTask (ContainerBalancerTask.java:initializeIteration(398)) - Utilization for node b0a60281-2d21-451c-881a-b758510ff14c with capacity 68451041280B, used 54760833024B, and remaining 13690208256B is 0.8
2023-06-27 18:42:12,122 [main] DEBUG balancer.ContainerBalancerTask (ContainerBalancerTask.java:initializeIteration(398)) - Utilization for node 8c3cdd8e-6c41-4946-b790-cf3385a0a669 with capacity 69026260114B, used 48318382080B, and remaining 20707878034B is 0.7000000000028974
2023-06-27 18:42:12,122 [main] DEBUG balancer.ContainerBalancerTask (ContainerBalancerTask.java:initializeIteration(398)) - Utilization for node 754c5e51-07aa-4df0-b3cd-b4665111c22f with capacity 51897521493B, used 31138512896B, and remaining 20759008597B is 0.6000000000038538
2023-06-27 18:42:12,122 [main] DEBUG balancer.ContainerBalancerTask (ContainerBalancerTask.java:initializeIteration(398)) - Utilization for node 6094027d-e682-4b5d-9199-f594b10cf791 with capacity 90194313216B, used 45097156608B, and remaining 45097156608B is 0.5
2023-06-27 18:42:12,122 [main] DEBUG balancer.ContainerBalancerTask (ContainerBalancerTask.java:initializeIteration(398)) - Utilization for node bc492113-712c-464d-9337-a024a3d96fc6 with capacity 96636764160B, used 38654705664B, and remaining 57982058496B is 0.4
2023-06-27 18:42:12,122 [main] DEBUG balancer.ContainerBalancerTask (ContainerBalancerTask.java:initializeIteration(398)) - Utilization for node fae19167-7796-4f5c-8b0d-a286a23e2a13 with capacity 150323855360B, used 45097156608B, and remaining 105226698752B is 0.3
2023-06-27 18:42:12,122 [main] DEBUG balancer.ContainerBalancerTask (ContainerBalancerTask.java:initializeIteration(398)) - Utilization for node 40eba2e7-9d65-4db8-92ab-e3e4e5c3454b with capacity 187904819200B, used 37580963840B, and remaining 150323855360B is 0.2
2023-06-27 18:42:12,123 [main] DEBUG balancer.ContainerBalancerTask (ContainerBalancerTask.java:initializeIteration(398)) - Utilization for node d090ecad-0a6e-4449-ae7b-35770cc433f0 with capacity 354334801920B, used 35433480192B, and remaining 318901321728B is 0.1
2023-06-27 18:42:12,123 [main] DEBUG balancer.ContainerBalancerTask (ContainerBalancerTask.java:initializeIteration(398)) - Utilization for node 02cdb83f-33e9-42bc-8245-ebf1326f197e with capacity 32212254720B, used 0B, and remaining 32212254720B is 0.0
2023-06-27 18:42:12,123 [main] INFO  balancer.ContainerBalancerTask (ContainerBalancerTask.java:initializeIteration(447)) - Container Balancer has identified 5 Over-Utilized and 3 Under-Utilized Datanodes that need to be balanced.
2023-06-27 18:42:12,123 [main] DEBUG balancer.ContainerBalancerTask (ContainerBalancerTask.java:lambda$initializeIteration$1(453)) - Datanode localhost-82.250.175.124 148cc174-4962-4f47-9895-33c91f8ef1cc is Over-Utilized.
2023-06-27 18:42:12,123 [main] DEBUG balancer.ContainerBalancerTask (ContainerBalancerTask.java:lambda$initializeIteration$1(453)) - Datanode localhost-145.168.155.75 b0a60281-2d21-451c-881a-b758510ff14c is Over-Utilized.
2023-06-27 18:42:12,123 [main] DEBUG balancer.ContainerBalancerTask (ContainerBalancerTask.java:lambda$initializeIteration$1(453)) - Datanode localhost-13.221.243.105 8c3cdd8e-6c41-4946-b790-cf3385a0a669 is Over-Utilized.
2023-06-27 18:42:12,123 [main] DEBUG balancer.ContainerBalancerTask (ContainerBalancerTask.java:lambda$initializeIteration$1(453)) - Datanode localhost-147.76.190.105 754c5e51-07aa-4df0-b3cd-b4665111c22f is Over-Utilized.
2023-06-27 18:42:12,123 [main] DEBUG balancer.ContainerBalancerTask (ContainerBalancerTask.java:lambda$initializeIteration$1(453)) - Datanode localhost-111.218.167.174 6094027d-e682-4b5d-9199-f594b10cf791 is Over-Utilized.
2023-06-27 18:42:12,123 [main] DEBUG balancer.ContainerBalancerTask (ContainerBalancerTask.java:lambda$initializeIteration$2(459)) - Datanode localhost-12.68.218.122 02cdb83f-33e9-42bc-8245-ebf1326f197e is Under-Utilized.
2023-06-27 18:42:12,123 [main] DEBUG balancer.ContainerBalancerTask (ContainerBalancerTask.java:lambda$initializeIteration$2(459)) - Datanode localhost-163.159.115.250 d090ecad-0a6e-4449-ae7b-35770cc433f0 is Under-Utilized.
2023-06-27 18:42:12,123 [main] DEBUG balancer.ContainerBalancerTask (ContainerBalancerTask.java:lambda$initializeIteration$2(459)) - Datanode localhost-131.141.54.140 40eba2e7-9d65-4db8-92ab-e3e4e5c3454b is Under-Utilized.
2023-06-27 18:42:12,127 [main] DEBUG balancer.ContainerBalancerTask (ContainerBalancerTask.java:matchSourceWithTarget(706)) - ContainerBalancer is finding suitable target for source datanode 148cc174-4962-4f47-9895-33c91f8ef1cc
2023-06-27 18:42:12,127 [main] INFO  balancer.ContainerBalancerTask (ContainerBalancerTask.java:matchSourceWithTarget(720)) - ContainerBalancer matched source datanode 148cc174-4962-4f47-9895-33c91f8ef1cc with target datanode 02cdb83f-33e9-42bc-8245-ebf1326f197e for container move.
2023-06-27 18:42:12,127 [main] INFO  balancer.ContainerBalancerTask (ContainerBalancerTask.java:processMoveSelection(569)) - ContainerBalancer is trying to move container #85 with size 5368709120B from source datanode 148cc174-4962-4f47-9895-33c91f8ef1cc to target datanode 02cdb83f-33e9-42bc-8245-ebf1326f197e
2023-06-27 18:42:12,127 [main] DEBUG balancer.ContainerBalancerTask (ContainerBalancerTask.java:lambda$moveContainer$3(834)) - Container move completed for container #85 from source 148cc174-4962-4f47-9895-33c91f8ef1cc to target 02cdb83f-33e9-42bc-8245-ebf1326f197e
2023-06-27 18:42:12,131 [main] DEBUG balancer.ContainerBalancerTask (ContainerBalancerTask.java:matchSourceWithTarget(706)) - ContainerBalancer is finding suitable target for source datanode 148cc174-4962-4f47-9895-33c91f8ef1cc
2023-06-27 18:42:12,131 [main] INFO  balancer.ContainerBalancerTask (ContainerBalancerTask.java:matchSourceWithTarget(720)) - ContainerBalancer matched source datanode 148cc174-4962-4f47-9895-33c91f8ef1cc with target datanode d090ecad-0a6e-4449-ae7b-35770cc433f0 for container move.
2023-06-27 18:42:12,131 [main] INFO  balancer.ContainerBalancerTask (ContainerBalancerTask.java:processMoveSelection(569)) - ContainerBalancer is trying to move container #40 with size 5368709120B from source datanode 148cc174-4962-4f47-9895-33c91f8ef1cc to target datanode d090ecad-0a6e-4449-ae7b-35770cc433f0
2023-06-27 18:42:12,131 [main] DEBUG balancer.ContainerBalancerTask (ContainerBalancerTask.java:lambda$moveContainer$3(834)) - Container move completed for container #40 from source 148cc174-4962-4f47-9895-33c91f8ef1cc to target d090ecad-0a6e-4449-ae7b-35770cc433f0
2023-06-27 18:42:12,134 [main] DEBUG balancer.ContainerBalancerTask (ContainerBalancerTask.java:matchSourceWithTarget(706)) - ContainerBalancer is finding suitable target for source datanode b0a60281-2d21-451c-881a-b758510ff14c
2023-06-27 18:42:12,134 [main] INFO  balancer.ContainerBalancerTask (ContainerBalancerTask.java:matchSourceWithTarget(720)) - ContainerBalancer matched source datanode b0a60281-2d21-451c-881a-b758510ff14c with target datanode d090ecad-0a6e-4449-ae7b-35770cc433f0 for container move.
2023-06-27 18:42:12,134 [main] INFO  balancer.ContainerBalancerTask (ContainerBalancerTask.java:processMoveSelection(569)) - ContainerBalancer is trying to move container #68 with size 5368709120B from source datanode b0a60281-2d21-451c-881a-b758510ff14c to target datanode d090ecad-0a6e-4449-ae7b-35770cc433f0
2023-06-27 18:42:12,135 [main] DEBUG balancer.ContainerBalancerTask (ContainerBalancerTask.java:lambda$moveContainer$3(834)) - Container move completed for container #68 from source b0a60281-2d21-451c-881a-b758510ff14c to target d090ecad-0a6e-4449-ae7b-35770cc433f0
2023-06-27 18:42:12,138 [main] DEBUG balancer.ContainerBalancerTask (ContainerBalancerTask.java:matchSourceWithTarget(706)) - ContainerBalancer is finding suitable target for source datanode b0a60281-2d21-451c-881a-b758510ff14c
2023-06-27 18:42:12,138 [main] INFO  balancer.ContainerBalancerTask (ContainerBalancerTask.java:matchSourceWithTarget(720)) - ContainerBalancer matched source datanode b0a60281-2d21-451c-881a-b758510ff14c with target datanode d090ecad-0a6e-4449-ae7b-35770cc433f0 for container move.
2023-06-27 18:42:12,138 [main] INFO  balancer.ContainerBalancerTask (ContainerBalancerTask.java:processMoveSelection(569)) - ContainerBalancer is trying to move container #53 with size 5368709120B from source datanode b0a60281-2d21-451c-881a-b758510ff14c to target datanode d090ecad-0a6e-4449-ae7b-35770cc433f0
2023-06-27 18:42:12,138 [main] DEBUG balancer.ContainerBalancerTask (ContainerBalancerTask.java:lambda$moveContainer$3(834)) - Container move completed for container #53 from source b0a60281-2d21-451c-881a-b758510ff14c to target d090ecad-0a6e-4449-ae7b-35770cc433f0
2023-06-27 18:42:12,141 [main] DEBUG balancer.ContainerBalancerTask (ContainerBalancerTask.java:matchSourceWithTarget(706)) - ContainerBalancer is finding suitable target for source datanode 148cc174-4962-4f47-9895-33c91f8ef1cc
2023-06-27 18:42:12,141 [main] INFO  balancer.ContainerBalancerTask (ContainerBalancerTask.java:matchSourceWithTarget(720)) - ContainerBalancer matched source datanode 148cc174-4962-4f47-9895-33c91f8ef1cc with target datanode d090ecad-0a6e-4449-ae7b-35770cc433f0 for container move.
2023-06-27 18:42:12,141 [main] INFO  balancer.ContainerBalancerTask (ContainerBalancerTask.java:processMoveSelection(569)) - ContainerBalancer is trying to move container #89 with size 4294967296B from source datanode 148cc174-4962-4f47-9895-33c91f8ef1cc to target datanode d090ecad-0a6e-4449-ae7b-35770cc433f0
2023-06-27 18:42:12,141 [main] DEBUG balancer.ContainerBalancerTask (ContainerBalancerTask.java:lambda$moveContainer$3(834)) - Container move completed for container #89 from source 148cc174-4962-4f47-9895-33c91f8ef1cc to target d090ecad-0a6e-4449-ae7b-35770cc433f0
2023-06-27 18:42:12,144 [main] DEBUG balancer.ContainerBalancerTask (ContainerBalancerTask.java:matchSourceWithTarget(706)) - ContainerBalancer is finding suitable target for source datanode 8c3cdd8e-6c41-4946-b790-cf3385a0a669
2023-06-27 18:42:12,144 [main] INFO  balancer.ContainerBalancerTask (ContainerBalancerTask.java:matchSourceWithTarget(720)) - ContainerBalancer matched source datanode 8c3cdd8e-6c41-4946-b790-cf3385a0a669 with target datanode d090ecad-0a6e-4449-ae7b-35770cc433f0 for container move.
2023-06-27 18:42:12,145 [main] INFO  balancer.ContainerBalancerTask (ContainerBalancerTask.java:processMoveSelection(569)) - ContainerBalancer is trying to move container #52 with size 4294967296B from source datanode 8c3cdd8e-6c41-4946-b790-cf3385a0a669 to target datanode d090ecad-0a6e-4449-ae7b-35770cc433f0
2023-06-27 18:42:12,145 [main] DEBUG balancer.ContainerBalancerTask (ContainerBalancerTask.java:lambda$moveContainer$3(834)) - Container move completed for container #52 from source 8c3cdd8e-6c41-4946-b790-cf3385a0a669 to target d090ecad-0a6e-4449-ae7b-35770cc433f0
2023-06-27 18:42:12,148 [main] DEBUG balancer.ContainerBalancerTask (ContainerBalancerTask.java:matchSourceWithTarget(706)) - ContainerBalancer is finding suitable target for source datanode b0a60281-2d21-451c-881a-b758510ff14c
2023-06-27 18:42:12,148 [main] INFO  balancer.ContainerBalancerTask (ContainerBalancerTask.java:matchSourceWithTarget(720)) - ContainerBalancer matched source datanode b0a60281-2d21-451c-881a-b758510ff14c with target datanode 02cdb83f-33e9-42bc-8245-ebf1326f197e for container move.
2023-06-27 18:42:12,148 [main] INFO  balancer.ContainerBalancerTask (ContainerBalancerTask.java:processMoveSelection(569)) - ContainerBalancer is trying to move container #84 with size 4294967296B from source datanode b0a60281-2d21-451c-881a-b758510ff14c to target datanode 02cdb83f-33e9-42bc-8245-ebf1326f197e
2023-06-27 18:42:12,148 [main] DEBUG balancer.ContainerBalancerTask (ContainerBalancerTask.java:lambda$moveContainer$3(834)) - Container move completed for container #84 from source b0a60281-2d21-451c-881a-b758510ff14c to target 02cdb83f-33e9-42bc-8245-ebf1326f197e
2023-06-27 18:42:12,151 [main] DEBUG balancer.ContainerBalancerTask (ContainerBalancerTask.java:matchSourceWithTarget(706)) - ContainerBalancer is finding suitable target for source datanode 8c3cdd8e-6c41-4946-b790-cf3385a0a669
2023-06-27 18:42:12,151 [main] INFO  balancer.ContainerBalancerTask (ContainerBalancerTask.java:matchSourceWithTarget(720)) - ContainerBalancer matched source datanode 8c3cdd8e-6c41-4946-b790-cf3385a0a669 with target datanode d090ecad-0a6e-4449-ae7b-35770cc433f0 for container move.
2023-06-27 18:42:12,152 [main] INFO  balancer.ContainerBalancerTask (ContainerBalancerTask.java:processMoveSelection(569)) - ContainerBalancer is trying to move container #88 with size 3221225472B from source datanode 8c3cdd8e-6c41-4946-b790-cf3385a0a669 to target datanode d090ecad-0a6e-4449-ae7b-35770cc433f0
2023-06-27 18:42:12,152 [main] DEBUG balancer.ContainerBalancerTask (ContainerBalancerTask.java:lambda$moveContainer$3(834)) - Container move completed for container #88 from source 8c3cdd8e-6c41-4946-b790-cf3385a0a669 to target d090ecad-0a6e-4449-ae7b-35770cc433f0
2023-06-27 18:42:12,154 [main] DEBUG balancer.ContainerBalancerTask (ContainerBalancerTask.java:matchSourceWithTarget(706)) - ContainerBalancer is finding suitable target for source datanode 148cc174-4962-4f47-9895-33c91f8ef1cc
2023-06-27 18:42:12,155 [main] INFO  balancer.ContainerBalancerTask (ContainerBalancerTask.java:matchSourceWithTarget(720)) - ContainerBalancer matched source datanode 148cc174-4962-4f47-9895-33c91f8ef1cc with target datanode d090ecad-0a6e-4449-ae7b-35770cc433f0 for container move.
2023-06-27 18:42:12,155 [main] INFO  balancer.ContainerBalancerTask (ContainerBalancerTask.java:processMoveSelection(569)) - ContainerBalancer is trying to move container #83 with size 3221225472B from source datanode 148cc174-4962-4f47-9895-33c91f8ef1cc to target datanode d090ecad-0a6e-4449-ae7b-35770cc433f0
2023-06-27 18:42:12,155 [main] DEBUG balancer.ContainerBalancerTask (ContainerBalancerTask.java:lambda$moveContainer$3(834)) - Container move completed for container #83 from source 148cc174-4962-4f47-9895-33c91f8ef1cc to target d090ecad-0a6e-4449-ae7b-35770cc433f0
2023-06-27 18:42:12,157 [main] DEBUG balancer.ContainerBalancerTask (ContainerBalancerTask.java:matchSourceWithTarget(706)) - ContainerBalancer is finding suitable target for source datanode 754c5e51-07aa-4df0-b3cd-b4665111c22f
2023-06-27 18:42:12,157 [main] INFO  balancer.ContainerBalancerTask (ContainerBalancerTask.java:matchSourceWithTarget(720)) - ContainerBalancer matched source datanode 754c5e51-07aa-4df0-b3cd-b4665111c22f with target datanode d090ecad-0a6e-4449-ae7b-35770cc433f0 for container move.
2023-06-27 18:42:12,158 [main] INFO  balancer.ContainerBalancerTask (ContainerBalancerTask.java:processMoveSelection(569)) - ContainerBalancer is trying to move container #38 with size 3221225472B from source datanode 754c5e51-07aa-4df0-b3cd-b4665111c22f to target datanode d090ecad-0a6e-4449-ae7b-35770cc433f0
2023-06-27 18:42:12,158 [main] DEBUG balancer.ContainerBalancerTask (ContainerBalancerTask.java:lambda$moveContainer$3(834)) - Container move completed for container #38 from source 754c5e51-07aa-4df0-b3cd-b4665111c22f to target d090ecad-0a6e-4449-ae7b-35770cc433f0
2023-06-27 18:42:12,162 [main] DEBUG balancer.ContainerBalancerTask (ContainerBalancerTask.java:matchSourceWithTarget(706)) - ContainerBalancer is finding suitable target for source datanode 8c3cdd8e-6c41-4946-b790-cf3385a0a669
2023-06-27 18:42:12,162 [main] INFO  balancer.ContainerBalancerTask (ContainerBalancerTask.java:matchSourceWithTarget(720)) - ContainerBalancer matched source datanode 8c3cdd8e-6c41-4946-b790-cf3385a0a669 with target datanode d090ecad-0a6e-4449-ae7b-35770cc433f0 for container move.
2023-06-27 18:42:12,162 [main] INFO  balancer.ContainerBalancerTask (ContainerBalancerTask.java:processMoveSelection(569)) - ContainerBalancer is trying to move container #71 with size 3221225472B from source datanode 8c3cdd8e-6c41-4946-b790-cf3385a0a669 to target datanode d090ecad-0a6e-4449-ae7b-35770cc433f0
2023-06-27 18:42:12,162 [main] DEBUG balancer.ContainerBalancerTask (ContainerBalancerTask.java:lambda$moveContainer$3(834)) - Container move completed for container #71 from source 8c3cdd8e-6c41-4946-b790-cf3385a0a669 to target d090ecad-0a6e-4449-ae7b-35770cc433f0
2023-06-27 18:42:12,208 [main] DEBUG balancer.ContainerBalancerTask (ContainerBalancerTask.java:matchSourceWithTarget(706)) - ContainerBalancer is finding suitable target for source datanode b0a60281-2d21-451c-881a-b758510ff14c
2023-06-27 18:42:12,208 [main] INFO  balancer.ContainerBalancerTask (ContainerBalancerTask.java:matchSourceWithTarget(720)) - ContainerBalancer matched source datanode b0a60281-2d21-451c-881a-b758510ff14c with target datanode 40eba2e7-9d65-4db8-92ab-e3e4e5c3454b for container move.
2023-06-27 18:42:12,208 [main] INFO  balancer.ContainerBalancerTask (ContainerBalancerTask.java:processMoveSelection(569)) - ContainerBalancer is trying to move container #67 with size 4294967296B from source datanode b0a60281-2d21-451c-881a-b758510ff14c to target datanode 40eba2e7-9d65-4db8-92ab-e3e4e5c3454b
2023-06-27 18:42:12,208 [main] DEBUG balancer.ContainerBalancerTask (ContainerBalancerTask.java:lambda$moveContainer$3(834)) - Container move completed for container #67 from source b0a60281-2d21-451c-881a-b758510ff14c to target 40eba2e7-9d65-4db8-92ab-e3e4e5c3454b
2023-06-27 18:42:12,211 [main] DEBUG balancer.ContainerBalancerTask (ContainerBalancerTask.java:matchSourceWithTarget(706)) - ContainerBalancer is finding suitable target for source datanode 148cc174-4962-4f47-9895-33c91f8ef1cc
2023-06-27 18:42:12,211 [main] INFO  balancer.ContainerBalancerTask (ContainerBalancerTask.java:matchSourceWithTarget(720)) - ContainerBalancer matched source datanode 148cc174-4962-4f47-9895-33c91f8ef1cc with target datanode d090ecad-0a6e-4449-ae7b-35770cc433f0 for container move.
2023-06-27 18:42:12,211 [main] INFO  balancer.ContainerBalancerTask (ContainerBalancerTask.java:processMoveSelection(569)) - ContainerBalancer is trying to move container #87 with size 2147483648B from source datanode 148cc174-4962-4f47-9895-33c91f8ef1cc to target datanode d090ecad-0a6e-4449-ae7b-35770cc433f0
2023-06-27 18:42:12,211 [main] DEBUG balancer.ContainerBalancerTask (ContainerBalancerTask.java:lambda$moveContainer$3(834)) - Container move completed for container #87 from source 148cc174-4962-4f47-9895-33c91f8ef1cc to target d090ecad-0a6e-4449-ae7b-35770cc433f0
2023-06-27 18:42:12,211 [main] WARN  balancer.ContainerBalancerTask (ContainerBalancerTask.java:reachedMaxSizeToMovePerIteration(731)) - Reached max size to move limit. 53687091200 bytes have already been scheduled for balancing and the limit is 53687091200 bytes.
2023-06-27 18:42:12,212 [main] INFO  balancer.ContainerBalancerTask (ContainerBalancerTask.java:checkIterationMoveResults(640)) - Iteration Summary. Number of Datanodes involved: 7. Size moved: 50 GB (53687091200 Bytes). Number of Container moves completed: 13.
2023-06-27 18:42:12,212 [main] INFO  balancer.ContainerBalancerTask (ContainerBalancerTask.java:balance(259)) - Result of this iteration of Container Balancer: ITERATION_COMPLETED
2023-06-27 18:42:12,212 [main] INFO  balancer.ContainerBalancerTask (ContainerBalancerTask.java:tryStopWithSaveConfiguration(308)) - Save Configuration for stopping. Reason: Completed all iterations.
]]></system-out>
  </testcase>
  <testcase name="testCalculationOfUtilization" classname="org.apache.hadoop.hdds.scm.container.balancer.TestContainerBalancerTask" time="0.033">
    <system-out><![CDATA[2023-06-27 18:42:12,237 [main] INFO  net.NodeSchemaLoader (NodeSchemaLoader.java:loadSchemaFromFile(129)) - Loading schema from [file:/home/runner/work/ozone/ozone/hadoop-hdds/common/target/classes/network-topology-default.xml]
2023-06-27 18:42:12,237 [main] INFO  net.NodeSchemaLoader (NodeSchemaLoader.java:loadSchema(176)) - Loading network topology layer schema file
2023-06-27 18:42:12,244 [main] INFO  net.NetworkTopologyImpl (NetworkTopologyImpl.java:add(112)) - Added a new node: /default-rack/8952f2b5-e2e4-4f1a-bbef-dd456ef786d4
2023-06-27 18:42:12,244 [main] INFO  net.NetworkTopologyImpl (NetworkTopologyImpl.java:add(112)) - Added a new node: /default-rack/df46bb31-1d57-4385-b99a-68904de4cbba
2023-06-27 18:42:12,244 [main] INFO  net.NetworkTopologyImpl (NetworkTopologyImpl.java:add(112)) - Added a new node: /default-rack/9c3f0dbb-d38e-4819-b011-717c357790dd
2023-06-27 18:42:12,244 [main] INFO  net.NetworkTopologyImpl (NetworkTopologyImpl.java:add(112)) - Added a new node: /default-rack/34051416-6e01-4823-bb9a-1d86f4a90333
2023-06-27 18:42:12,244 [main] INFO  net.NetworkTopologyImpl (NetworkTopologyImpl.java:add(112)) - Added a new node: /default-rack/afb88c39-3fde-40e6-ae06-f3083e29bb29
2023-06-27 18:42:12,244 [main] INFO  net.NetworkTopologyImpl (NetworkTopologyImpl.java:add(112)) - Added a new node: /default-rack/0c8ac51c-0ab3-4362-8129-7d3730bec96f
2023-06-27 18:42:12,244 [main] INFO  net.NetworkTopologyImpl (NetworkTopologyImpl.java:add(112)) - Added a new node: /default-rack/956b64fd-47d1-49c2-9431-f16bb4325b26
2023-06-27 18:42:12,244 [main] INFO  net.NetworkTopologyImpl (NetworkTopologyImpl.java:add(112)) - Added a new node: /default-rack/d7a48b45-c5b0-4791-b4eb-b7f326769743
2023-06-27 18:42:12,244 [main] INFO  net.NetworkTopologyImpl (NetworkTopologyImpl.java:add(112)) - Added a new node: /default-rack/6390fc5b-2f8e-4404-a72f-809765f31be4
2023-06-27 18:42:12,245 [main] INFO  net.NetworkTopologyImpl (NetworkTopologyImpl.java:add(112)) - Added a new node: /default-rack/0e865c2c-2505-4cf1-97a8-dcb2173de337
2023-06-27 18:42:12,245 [main] INFO  algorithms.ContainerPlacementPolicyFactory (ContainerPlacementPolicyFactory.java:getPolicyInternal(86)) - Create container placement policy of type org.apache.hadoop.hdds.scm.container.placement.algorithms.SCMContainerPlacementRackAware
2023-06-27 18:42:12,245 [main] INFO  algorithms.ContainerPlacementPolicyFactory (ContainerPlacementPolicyFactory.java:getPolicyInternal(86)) - Create container placement policy of type org.apache.hadoop.hdds.scm.container.placement.algorithms.SCMContainerPlacementRackScatter
]]></system-out>
  </testcase>
  <testcase name="initializeIterationShouldUpdateUnBalancedNodesWhenThresholdChanges" classname="org.apache.hadoop.hdds.scm.container.balancer.TestContainerBalancerTask" time="0.62">
    <system-out><![CDATA[2023-06-27 18:42:12,275 [main] INFO  net.NodeSchemaLoader (NodeSchemaLoader.java:loadSchemaFromFile(129)) - Loading schema from [file:/home/runner/work/ozone/ozone/hadoop-hdds/common/target/classes/network-topology-default.xml]
2023-06-27 18:42:12,275 [main] INFO  net.NodeSchemaLoader (NodeSchemaLoader.java:loadSchema(176)) - Loading network topology layer schema file
2023-06-27 18:42:12,278 [main] INFO  net.NetworkTopologyImpl (NetworkTopologyImpl.java:add(112)) - Added a new node: /default-rack/2da8c10f-2b50-47d8-a3d7-45c9a5e5a955
2023-06-27 18:42:12,278 [main] INFO  net.NetworkTopologyImpl (NetworkTopologyImpl.java:add(112)) - Added a new node: /default-rack/f6756ff9-0196-427b-b4cc-b42e5f7d592c
2023-06-27 18:42:12,278 [main] INFO  net.NetworkTopologyImpl (NetworkTopologyImpl.java:add(112)) - Added a new node: /default-rack/6cda17ab-62e1-4c97-baa7-1e14d7451676
2023-06-27 18:42:12,278 [main] INFO  net.NetworkTopologyImpl (NetworkTopologyImpl.java:add(112)) - Added a new node: /default-rack/e9725ca9-6d93-493e-a615-8d7c01e40e9c
2023-06-27 18:42:12,278 [main] INFO  net.NetworkTopologyImpl (NetworkTopologyImpl.java:add(112)) - Added a new node: /default-rack/267eb708-4a88-4eaa-979e-506819a6081d
2023-06-27 18:42:12,278 [main] INFO  net.NetworkTopologyImpl (NetworkTopologyImpl.java:add(112)) - Added a new node: /default-rack/7c8b3037-85a2-4169-9705-f83a8a8933aa
2023-06-27 18:42:12,279 [main] INFO  net.NetworkTopologyImpl (NetworkTopologyImpl.java:add(112)) - Added a new node: /default-rack/f03a10c2-24f0-44c8-bc4d-bd611dc8ad7f
2023-06-27 18:42:12,279 [main] INFO  net.NetworkTopologyImpl (NetworkTopologyImpl.java:add(112)) - Added a new node: /default-rack/c528def6-d961-4c40-b955-eb0d4935cbdf
2023-06-27 18:42:12,279 [main] INFO  net.NetworkTopologyImpl (NetworkTopologyImpl.java:add(112)) - Added a new node: /default-rack/6187f75d-e45f-4018-a281-bb56976d837a
2023-06-27 18:42:12,279 [main] INFO  net.NetworkTopologyImpl (NetworkTopologyImpl.java:add(112)) - Added a new node: /default-rack/12fece16-68fc-4087-8872-95165ef44b9d
2023-06-27 18:42:12,279 [main] INFO  algorithms.ContainerPlacementPolicyFactory (ContainerPlacementPolicyFactory.java:getPolicyInternal(86)) - Create container placement policy of type org.apache.hadoop.hdds.scm.container.placement.algorithms.SCMContainerPlacementRackAware
2023-06-27 18:42:12,279 [main] INFO  algorithms.ContainerPlacementPolicyFactory (ContainerPlacementPolicyFactory.java:getPolicyInternal(86)) - Create container placement policy of type org.apache.hadoop.hdds.scm.container.placement.algorithms.SCMContainerPlacementRackScatter
2023-06-27 18:42:12,282 [main] DEBUG balancer.ContainerBalancerTask (ContainerBalancerTask.java:initializeIteration(374)) - Average utilization of the cluster is 0.3159529620592805
2023-06-27 18:42:12,282 [main] DEBUG balancer.ContainerBalancerTask (ContainerBalancerTask.java:initializeIteration(386)) - Lower limit for utilization is 0.13970821149428614 and Upper limit for utilization is 0.4921977126242748
2023-06-27 18:42:12,282 [main] DEBUG balancer.ContainerBalancerTask (ContainerBalancerTask.java:initializeIteration(398)) - Utilization for node f6756ff9-0196-427b-b4cc-b42e5f7d592c with capacity 60845370026B, used 54760833024B, and remaining 6084537002B is 0.900000000009861
2023-06-27 18:42:12,282 [main] DEBUG balancer.ContainerBalancerTask (ContainerBalancerTask.java:initializeIteration(398)) - Utilization for node 6187f75d-e45f-4018-a281-bb56976d837a with capacity 60397977600B, used 48318382080B, and remaining 12079595520B is 0.8
2023-06-27 18:42:12,282 [main] DEBUG balancer.ContainerBalancerTask (ContainerBalancerTask.java:initializeIteration(398)) - Utilization for node f03a10c2-24f0-44c8-bc4d-bd611dc8ad7f with capacity 64424509440B, used 45097156608B, and remaining 19327352832B is 0.7
2023-06-27 18:42:12,282 [main] DEBUG balancer.ContainerBalancerTask (ContainerBalancerTask.java:initializeIteration(398)) - Utilization for node 7c8b3037-85a2-4169-9705-f83a8a8933aa with capacity 96636764160B, used 57982058496B, and remaining 38654705664B is 0.6
2023-06-27 18:42:12,282 [main] DEBUG balancer.ContainerBalancerTask (ContainerBalancerTask.java:initializeIteration(398)) - Utilization for node e9725ca9-6d93-493e-a615-8d7c01e40e9c with capacity 51539607552B, used 25769803776B, and remaining 25769803776B is 0.5
2023-06-27 18:42:12,282 [main] DEBUG balancer.ContainerBalancerTask (ContainerBalancerTask.java:initializeIteration(398)) - Utilization for node 267eb708-4a88-4eaa-979e-506819a6081d with capacity 99321118720B, used 39728447488B, and remaining 59592671232B is 0.4
2023-06-27 18:42:12,283 [main] DEBUG balancer.ContainerBalancerTask (ContainerBalancerTask.java:initializeIteration(398)) - Utilization for node 6cda17ab-62e1-4c97-baa7-1e14d7451676 with capacity 100215903573B, used 30064771072B, and remaining 70151132501B is 0.30000000000099786
2023-06-27 18:42:12,283 [main] DEBUG balancer.ContainerBalancerTask (ContainerBalancerTask.java:initializeIteration(398)) - Utilization for node 2da8c10f-2b50-47d8-a3d7-45c9a5e5a955 with capacity 144955146240B, used 28991029248B, and remaining 115964116992B is 0.2
2023-06-27 18:42:12,283 [main] DEBUG balancer.ContainerBalancerTask (ContainerBalancerTask.java:initializeIteration(398)) - Utilization for node c528def6-d961-4c40-b955-eb0d4935cbdf with capacity 515396075520B, used 51539607552B, and remaining 463856467968B is 0.1
2023-06-27 18:42:12,283 [main] DEBUG balancer.ContainerBalancerTask (ContainerBalancerTask.java:initializeIteration(398)) - Utilization for node 12fece16-68fc-4087-8872-95165ef44b9d with capacity 16106127360B, used 0B, and remaining 16106127360B is 0.0
2023-06-27 18:42:12,283 [main] INFO  balancer.ContainerBalancerTask (ContainerBalancerTask.java:initializeIteration(447)) - Container Balancer has identified 5 Over-Utilized and 2 Under-Utilized Datanodes that need to be balanced.
2023-06-27 18:42:12,283 [main] DEBUG balancer.ContainerBalancerTask (ContainerBalancerTask.java:lambda$initializeIteration$1(453)) - Datanode localhost-238.167.169.96 f6756ff9-0196-427b-b4cc-b42e5f7d592c is Over-Utilized.
2023-06-27 18:42:12,283 [main] DEBUG balancer.ContainerBalancerTask (ContainerBalancerTask.java:lambda$initializeIteration$1(453)) - Datanode localhost-179.249.57.69 6187f75d-e45f-4018-a281-bb56976d837a is Over-Utilized.
2023-06-27 18:42:12,283 [main] DEBUG balancer.ContainerBalancerTask (ContainerBalancerTask.java:lambda$initializeIteration$1(453)) - Datanode localhost-226.29.25.54 f03a10c2-24f0-44c8-bc4d-bd611dc8ad7f is Over-Utilized.
2023-06-27 18:42:12,283 [main] DEBUG balancer.ContainerBalancerTask (ContainerBalancerTask.java:lambda$initializeIteration$1(453)) - Datanode localhost-243.51.53.194 7c8b3037-85a2-4169-9705-f83a8a8933aa is Over-Utilized.
2023-06-27 18:42:12,283 [main] DEBUG balancer.ContainerBalancerTask (ContainerBalancerTask.java:lambda$initializeIteration$1(453)) - Datanode localhost-0.43.181.195 e9725ca9-6d93-493e-a615-8d7c01e40e9c is Over-Utilized.
2023-06-27 18:42:12,283 [main] DEBUG balancer.ContainerBalancerTask (ContainerBalancerTask.java:lambda$initializeIteration$2(459)) - Datanode localhost-100.172.16.143 12fece16-68fc-4087-8872-95165ef44b9d is Under-Utilized.
2023-06-27 18:42:12,283 [main] DEBUG balancer.ContainerBalancerTask (ContainerBalancerTask.java:lambda$initializeIteration$2(459)) - Datanode localhost-132.51.8.14 c528def6-d961-4c40-b955-eb0d4935cbdf is Under-Utilized.
2023-06-27 18:42:12,286 [main] DEBUG balancer.ContainerBalancerTask (ContainerBalancerTask.java:matchSourceWithTarget(706)) - ContainerBalancer is finding suitable target for source datanode f6756ff9-0196-427b-b4cc-b42e5f7d592c
2023-06-27 18:42:12,286 [main] INFO  balancer.ContainerBalancerTask (ContainerBalancerTask.java:matchSourceWithTarget(720)) - ContainerBalancer matched source datanode f6756ff9-0196-427b-b4cc-b42e5f7d592c with target datanode 12fece16-68fc-4087-8872-95165ef44b9d for container move.
2023-06-27 18:42:12,286 [main] INFO  balancer.ContainerBalancerTask (ContainerBalancerTask.java:processMoveSelection(569)) - ContainerBalancer is trying to move container #85 with size 5368709120B from source datanode f6756ff9-0196-427b-b4cc-b42e5f7d592c to target datanode 12fece16-68fc-4087-8872-95165ef44b9d
2023-06-27 18:42:12,286 [main] DEBUG balancer.ContainerBalancerTask (ContainerBalancerTask.java:lambda$moveContainer$3(834)) - Container move completed for container #85 from source f6756ff9-0196-427b-b4cc-b42e5f7d592c to target 12fece16-68fc-4087-8872-95165ef44b9d
2023-06-27 18:42:12,289 [main] DEBUG balancer.ContainerBalancerTask (ContainerBalancerTask.java:matchSourceWithTarget(706)) - ContainerBalancer is finding suitable target for source datanode f6756ff9-0196-427b-b4cc-b42e5f7d592c
2023-06-27 18:42:12,289 [main] INFO  balancer.ContainerBalancerTask (ContainerBalancerTask.java:matchSourceWithTarget(720)) - ContainerBalancer matched source datanode f6756ff9-0196-427b-b4cc-b42e5f7d592c with target datanode c528def6-d961-4c40-b955-eb0d4935cbdf for container move.
2023-06-27 18:42:12,289 [main] INFO  balancer.ContainerBalancerTask (ContainerBalancerTask.java:processMoveSelection(569)) - ContainerBalancer is trying to move container #53 with size 5368709120B from source datanode f6756ff9-0196-427b-b4cc-b42e5f7d592c to target datanode c528def6-d961-4c40-b955-eb0d4935cbdf
2023-06-27 18:42:12,289 [main] DEBUG balancer.ContainerBalancerTask (ContainerBalancerTask.java:lambda$moveContainer$3(834)) - Container move completed for container #53 from source f6756ff9-0196-427b-b4cc-b42e5f7d592c to target c528def6-d961-4c40-b955-eb0d4935cbdf
2023-06-27 18:42:12,291 [main] DEBUG balancer.ContainerBalancerTask (ContainerBalancerTask.java:matchSourceWithTarget(706)) - ContainerBalancer is finding suitable target for source datanode 6187f75d-e45f-4018-a281-bb56976d837a
2023-06-27 18:42:12,291 [main] INFO  balancer.ContainerBalancerTask (ContainerBalancerTask.java:matchSourceWithTarget(720)) - ContainerBalancer matched source datanode 6187f75d-e45f-4018-a281-bb56976d837a with target datanode c528def6-d961-4c40-b955-eb0d4935cbdf for container move.
2023-06-27 18:42:12,291 [main] INFO  balancer.ContainerBalancerTask (ContainerBalancerTask.java:processMoveSelection(569)) - ContainerBalancer is trying to move container #68 with size 5368709120B from source datanode 6187f75d-e45f-4018-a281-bb56976d837a to target datanode c528def6-d961-4c40-b955-eb0d4935cbdf
2023-06-27 18:42:12,292 [main] DEBUG balancer.ContainerBalancerTask (ContainerBalancerTask.java:lambda$moveContainer$3(834)) - Container move completed for container #68 from source 6187f75d-e45f-4018-a281-bb56976d837a to target c528def6-d961-4c40-b955-eb0d4935cbdf
2023-06-27 18:42:12,294 [main] DEBUG balancer.ContainerBalancerTask (ContainerBalancerTask.java:matchSourceWithTarget(706)) - ContainerBalancer is finding suitable target for source datanode f6756ff9-0196-427b-b4cc-b42e5f7d592c
2023-06-27 18:42:12,294 [main] INFO  balancer.ContainerBalancerTask (ContainerBalancerTask.java:matchSourceWithTarget(720)) - ContainerBalancer matched source datanode f6756ff9-0196-427b-b4cc-b42e5f7d592c with target datanode c528def6-d961-4c40-b955-eb0d4935cbdf for container move.
2023-06-27 18:42:12,294 [main] INFO  balancer.ContainerBalancerTask (ContainerBalancerTask.java:processMoveSelection(569)) - ContainerBalancer is trying to move container #84 with size 4294967296B from source datanode f6756ff9-0196-427b-b4cc-b42e5f7d592c to target datanode c528def6-d961-4c40-b955-eb0d4935cbdf
2023-06-27 18:42:12,294 [main] DEBUG balancer.ContainerBalancerTask (ContainerBalancerTask.java:lambda$moveContainer$3(834)) - Container move completed for container #84 from source f6756ff9-0196-427b-b4cc-b42e5f7d592c to target c528def6-d961-4c40-b955-eb0d4935cbdf
2023-06-27 18:42:12,297 [main] DEBUG balancer.ContainerBalancerTask (ContainerBalancerTask.java:matchSourceWithTarget(706)) - ContainerBalancer is finding suitable target for source datanode 6187f75d-e45f-4018-a281-bb56976d837a
2023-06-27 18:42:12,297 [main] INFO  balancer.ContainerBalancerTask (ContainerBalancerTask.java:matchSourceWithTarget(720)) - ContainerBalancer matched source datanode 6187f75d-e45f-4018-a281-bb56976d837a with target datanode c528def6-d961-4c40-b955-eb0d4935cbdf for container move.
2023-06-27 18:42:12,297 [main] INFO  balancer.ContainerBalancerTask (ContainerBalancerTask.java:processMoveSelection(569)) - ContainerBalancer is trying to move container #71 with size 3221225472B from source datanode 6187f75d-e45f-4018-a281-bb56976d837a to target datanode c528def6-d961-4c40-b955-eb0d4935cbdf
2023-06-27 18:42:12,297 [main] DEBUG balancer.ContainerBalancerTask (ContainerBalancerTask.java:lambda$moveContainer$3(834)) - Container move completed for container #71 from source 6187f75d-e45f-4018-a281-bb56976d837a to target c528def6-d961-4c40-b955-eb0d4935cbdf
2023-06-27 18:42:12,300 [main] DEBUG balancer.ContainerBalancerTask (ContainerBalancerTask.java:matchSourceWithTarget(706)) - ContainerBalancer is finding suitable target for source datanode f03a10c2-24f0-44c8-bc4d-bd611dc8ad7f
2023-06-27 18:42:12,300 [main] INFO  balancer.ContainerBalancerTask (ContainerBalancerTask.java:matchSourceWithTarget(720)) - ContainerBalancer matched source datanode f03a10c2-24f0-44c8-bc4d-bd611dc8ad7f with target datanode c528def6-d961-4c40-b955-eb0d4935cbdf for container move.
2023-06-27 18:42:12,300 [main] INFO  balancer.ContainerBalancerTask (ContainerBalancerTask.java:processMoveSelection(569)) - ContainerBalancer is trying to move container #52 with size 4294967296B from source datanode f03a10c2-24f0-44c8-bc4d-bd611dc8ad7f to target datanode c528def6-d961-4c40-b955-eb0d4935cbdf
2023-06-27 18:42:12,300 [main] DEBUG balancer.ContainerBalancerTask (ContainerBalancerTask.java:lambda$moveContainer$3(834)) - Container move completed for container #52 from source f03a10c2-24f0-44c8-bc4d-bd611dc8ad7f to target c528def6-d961-4c40-b955-eb0d4935cbdf
2023-06-27 18:42:12,302 [main] DEBUG balancer.ContainerBalancerTask (ContainerBalancerTask.java:matchSourceWithTarget(706)) - ContainerBalancer is finding suitable target for source datanode 6187f75d-e45f-4018-a281-bb56976d837a
2023-06-27 18:42:12,302 [main] INFO  balancer.ContainerBalancerTask (ContainerBalancerTask.java:matchSourceWithTarget(720)) - ContainerBalancer matched source datanode 6187f75d-e45f-4018-a281-bb56976d837a with target datanode c528def6-d961-4c40-b955-eb0d4935cbdf for container move.
2023-06-27 18:42:12,303 [main] INFO  balancer.ContainerBalancerTask (ContainerBalancerTask.java:processMoveSelection(569)) - ContainerBalancer is trying to move container #66 with size 3221225472B from source datanode 6187f75d-e45f-4018-a281-bb56976d837a to target datanode c528def6-d961-4c40-b955-eb0d4935cbdf
2023-06-27 18:42:12,303 [main] DEBUG balancer.ContainerBalancerTask (ContainerBalancerTask.java:lambda$moveContainer$3(834)) - Container move completed for container #66 from source 6187f75d-e45f-4018-a281-bb56976d837a to target c528def6-d961-4c40-b955-eb0d4935cbdf
2023-06-27 18:42:12,305 [main] DEBUG balancer.ContainerBalancerTask (ContainerBalancerTask.java:matchSourceWithTarget(706)) - ContainerBalancer is finding suitable target for source datanode f6756ff9-0196-427b-b4cc-b42e5f7d592c
2023-06-27 18:42:12,305 [main] INFO  balancer.ContainerBalancerTask (ContainerBalancerTask.java:matchSourceWithTarget(720)) - ContainerBalancer matched source datanode f6756ff9-0196-427b-b4cc-b42e5f7d592c with target datanode c528def6-d961-4c40-b955-eb0d4935cbdf for container move.
2023-06-27 18:42:12,306 [main] INFO  balancer.ContainerBalancerTask (ContainerBalancerTask.java:processMoveSelection(569)) - ContainerBalancer is trying to move container #19 with size 4294967296B from source datanode f6756ff9-0196-427b-b4cc-b42e5f7d592c to target datanode c528def6-d961-4c40-b955-eb0d4935cbdf
2023-06-27 18:42:12,306 [main] DEBUG balancer.ContainerBalancerTask (ContainerBalancerTask.java:lambda$moveContainer$3(834)) - Container move completed for container #19 from source f6756ff9-0196-427b-b4cc-b42e5f7d592c to target c528def6-d961-4c40-b955-eb0d4935cbdf
2023-06-27 18:42:12,308 [main] DEBUG balancer.ContainerBalancerTask (ContainerBalancerTask.java:matchSourceWithTarget(706)) - ContainerBalancer is finding suitable target for source datanode f03a10c2-24f0-44c8-bc4d-bd611dc8ad7f
2023-06-27 18:42:12,308 [main] INFO  balancer.ContainerBalancerTask (ContainerBalancerTask.java:matchSourceWithTarget(720)) - ContainerBalancer matched source datanode f03a10c2-24f0-44c8-bc4d-bd611dc8ad7f with target datanode c528def6-d961-4c40-b955-eb0d4935cbdf for container move.
2023-06-27 18:42:12,308 [main] INFO  balancer.ContainerBalancerTask (ContainerBalancerTask.java:processMoveSelection(569)) - ContainerBalancer is trying to move container #38 with size 3221225472B from source datanode f03a10c2-24f0-44c8-bc4d-bd611dc8ad7f to target datanode c528def6-d961-4c40-b955-eb0d4935cbdf
2023-06-27 18:42:12,309 [main] DEBUG balancer.ContainerBalancerTask (ContainerBalancerTask.java:lambda$moveContainer$3(834)) - Container move completed for container #38 from source f03a10c2-24f0-44c8-bc4d-bd611dc8ad7f to target c528def6-d961-4c40-b955-eb0d4935cbdf
2023-06-27 18:42:12,311 [main] DEBUG balancer.ContainerBalancerTask (ContainerBalancerTask.java:matchSourceWithTarget(706)) - ContainerBalancer is finding suitable target for source datanode 6187f75d-e45f-4018-a281-bb56976d837a
2023-06-27 18:42:12,311 [main] INFO  balancer.ContainerBalancerTask (ContainerBalancerTask.java:matchSourceWithTarget(720)) - ContainerBalancer matched source datanode 6187f75d-e45f-4018-a281-bb56976d837a with target datanode c528def6-d961-4c40-b955-eb0d4935cbdf for container move.
2023-06-27 18:42:12,311 [main] INFO  balancer.ContainerBalancerTask (ContainerBalancerTask.java:processMoveSelection(569)) - ContainerBalancer is trying to move container #27 with size 3221225472B from source datanode 6187f75d-e45f-4018-a281-bb56976d837a to target datanode c528def6-d961-4c40-b955-eb0d4935cbdf
2023-06-27 18:42:12,311 [main] DEBUG balancer.ContainerBalancerTask (ContainerBalancerTask.java:lambda$moveContainer$3(834)) - Container move completed for container #27 from source 6187f75d-e45f-4018-a281-bb56976d837a to target c528def6-d961-4c40-b955-eb0d4935cbdf
2023-06-27 18:42:12,314 [main] DEBUG balancer.ContainerBalancerTask (ContainerBalancerTask.java:matchSourceWithTarget(706)) - ContainerBalancer is finding suitable target for source datanode 7c8b3037-85a2-4169-9705-f83a8a8933aa
2023-06-27 18:42:12,314 [main] INFO  balancer.ContainerBalancerTask (ContainerBalancerTask.java:matchSourceWithTarget(720)) - ContainerBalancer matched source datanode 7c8b3037-85a2-4169-9705-f83a8a8933aa with target datanode c528def6-d961-4c40-b955-eb0d4935cbdf for container move.
2023-06-27 18:42:12,314 [main] INFO  balancer.ContainerBalancerTask (ContainerBalancerTask.java:processMoveSelection(569)) - ContainerBalancer is trying to move container #40 with size 5368709120B from source datanode 7c8b3037-85a2-4169-9705-f83a8a8933aa to target datanode c528def6-d961-4c40-b955-eb0d4935cbdf
2023-06-27 18:42:12,315 [main] DEBUG balancer.ContainerBalancerTask (ContainerBalancerTask.java:lambda$moveContainer$3(834)) - Container move completed for container #40 from source 7c8b3037-85a2-4169-9705-f83a8a8933aa to target c528def6-d961-4c40-b955-eb0d4935cbdf
2023-06-27 18:42:12,317 [main] DEBUG balancer.ContainerBalancerTask (ContainerBalancerTask.java:matchSourceWithTarget(706)) - ContainerBalancer is finding suitable target for source datanode f03a10c2-24f0-44c8-bc4d-bd611dc8ad7f
2023-06-27 18:42:12,317 [main] INFO  balancer.ContainerBalancerTask (ContainerBalancerTask.java:matchSourceWithTarget(720)) - ContainerBalancer matched source datanode f03a10c2-24f0-44c8-bc4d-bd611dc8ad7f with target datanode c528def6-d961-4c40-b955-eb0d4935cbdf for container move.
2023-06-27 18:42:12,318 [main] INFO  balancer.ContainerBalancerTask (ContainerBalancerTask.java:processMoveSelection(569)) - ContainerBalancer is trying to move container #5 with size 2147483648B from source datanode f03a10c2-24f0-44c8-bc4d-bd611dc8ad7f to target datanode c528def6-d961-4c40-b955-eb0d4935cbdf
2023-06-27 18:42:12,318 [main] DEBUG balancer.ContainerBalancerTask (ContainerBalancerTask.java:lambda$moveContainer$3(834)) - Container move completed for container #5 from source f03a10c2-24f0-44c8-bc4d-bd611dc8ad7f to target c528def6-d961-4c40-b955-eb0d4935cbdf
2023-06-27 18:42:12,321 [main] DEBUG balancer.ContainerBalancerTask (ContainerBalancerTask.java:matchSourceWithTarget(706)) - ContainerBalancer is finding suitable target for source datanode f6756ff9-0196-427b-b4cc-b42e5f7d592c
2023-06-27 18:42:12,321 [main] INFO  balancer.ContainerBalancerTask (ContainerBalancerTask.java:matchSourceWithTarget(720)) - ContainerBalancer matched source datanode f6756ff9-0196-427b-b4cc-b42e5f7d592c with target datanode c528def6-d961-4c40-b955-eb0d4935cbdf for container move.
2023-06-27 18:42:12,321 [main] INFO  balancer.ContainerBalancerTask (ContainerBalancerTask.java:processMoveSelection(569)) - ContainerBalancer is trying to move container #88 with size 3221225472B from source datanode f6756ff9-0196-427b-b4cc-b42e5f7d592c to target datanode c528def6-d961-4c40-b955-eb0d4935cbdf
2023-06-27 18:42:12,321 [main] DEBUG balancer.ContainerBalancerTask (ContainerBalancerTask.java:lambda$moveContainer$3(834)) - Container move completed for container #88 from source f6756ff9-0196-427b-b4cc-b42e5f7d592c to target c528def6-d961-4c40-b955-eb0d4935cbdf
2023-06-27 18:42:12,324 [main] DEBUG balancer.ContainerBalancerTask (ContainerBalancerTask.java:matchSourceWithTarget(706)) - ContainerBalancer is finding suitable target for source datanode 6187f75d-e45f-4018-a281-bb56976d837a
2023-06-27 18:42:12,324 [main] INFO  balancer.ContainerBalancerTask (ContainerBalancerTask.java:matchSourceWithTarget(720)) - ContainerBalancer matched source datanode 6187f75d-e45f-4018-a281-bb56976d837a with target datanode c528def6-d961-4c40-b955-eb0d4935cbdf for container move.
2023-06-27 18:42:12,324 [main] INFO  balancer.ContainerBalancerTask (ContainerBalancerTask.java:processMoveSelection(569)) - ContainerBalancer is trying to move container #81 with size 1073741824B from source datanode 6187f75d-e45f-4018-a281-bb56976d837a to target datanode c528def6-d961-4c40-b955-eb0d4935cbdf
2023-06-27 18:42:12,324 [main] DEBUG balancer.ContainerBalancerTask (ContainerBalancerTask.java:lambda$moveContainer$3(834)) - Container move completed for container #81 from source 6187f75d-e45f-4018-a281-bb56976d837a to target c528def6-d961-4c40-b955-eb0d4935cbdf
2023-06-27 18:42:12,324 [main] WARN  balancer.ContainerBalancerTask (ContainerBalancerTask.java:reachedMaxSizeToMovePerIteration(731)) - Reached max size to move limit. 53687091200 bytes have already been scheduled for balancing and the limit is 53687091200 bytes.
2023-06-27 18:42:12,324 [main] INFO  balancer.ContainerBalancerTask (ContainerBalancerTask.java:checkIterationMoveResults(640)) - Iteration Summary. Number of Datanodes involved: 6. Size moved: 50 GB (53687091200 Bytes). Number of Container moves completed: 14.
2023-06-27 18:42:12,324 [main] INFO  balancer.ContainerBalancerTask (ContainerBalancerTask.java:balance(259)) - Result of this iteration of Container Balancer: ITERATION_COMPLETED
2023-06-27 18:42:12,325 [main] INFO  balancer.ContainerBalancerTask (ContainerBalancerTask.java:tryStopWithSaveConfiguration(308)) - Save Configuration for stopping. Reason: Completed all iterations.
2023-06-27 18:42:12,325 [main] DEBUG balancer.ContainerBalancerTask (ContainerBalancerTask.java:initializeIteration(374)) - Average utilization of the cluster is 0.3159529620592805
2023-06-27 18:42:12,325 [main] DEBUG balancer.ContainerBalancerTask (ContainerBalancerTask.java:initializeIteration(386)) - Lower limit for utilization is -0.2834411335512864 and Upper limit for utilization is 0.9153470576698474
2023-06-27 18:42:12,326 [main] DEBUG balancer.ContainerBalancerTask (ContainerBalancerTask.java:initializeIteration(398)) - Utilization for node f6756ff9-0196-427b-b4cc-b42e5f7d592c with capacity 60845370026B, used 54760833024B, and remaining 6084537002B is 0.900000000009861
2023-06-27 18:42:12,326 [main] DEBUG balancer.ContainerBalancerTask (ContainerBalancerTask.java:initializeIteration(398)) - Utilization for node 6187f75d-e45f-4018-a281-bb56976d837a with capacity 60397977600B, used 48318382080B, and remaining 12079595520B is 0.8
2023-06-27 18:42:12,326 [main] DEBUG balancer.ContainerBalancerTask (ContainerBalancerTask.java:initializeIteration(398)) - Utilization for node f03a10c2-24f0-44c8-bc4d-bd611dc8ad7f with capacity 64424509440B, used 45097156608B, and remaining 19327352832B is 0.7
2023-06-27 18:42:12,326 [main] DEBUG balancer.ContainerBalancerTask (ContainerBalancerTask.java:initializeIteration(398)) - Utilization for node 7c8b3037-85a2-4169-9705-f83a8a8933aa with capacity 96636764160B, used 57982058496B, and remaining 38654705664B is 0.6
2023-06-27 18:42:12,326 [main] DEBUG balancer.ContainerBalancerTask (ContainerBalancerTask.java:initializeIteration(398)) - Utilization for node e9725ca9-6d93-493e-a615-8d7c01e40e9c with capacity 51539607552B, used 25769803776B, and remaining 25769803776B is 0.5
2023-06-27 18:42:12,326 [main] DEBUG balancer.ContainerBalancerTask (ContainerBalancerTask.java:initializeIteration(398)) - Utilization for node 267eb708-4a88-4eaa-979e-506819a6081d with capacity 99321118720B, used 39728447488B, and remaining 59592671232B is 0.4
2023-06-27 18:42:12,326 [main] DEBUG balancer.ContainerBalancerTask (ContainerBalancerTask.java:initializeIteration(398)) - Utilization for node 6cda17ab-62e1-4c97-baa7-1e14d7451676 with capacity 100215903573B, used 30064771072B, and remaining 70151132501B is 0.30000000000099786
2023-06-27 18:42:12,326 [main] DEBUG balancer.ContainerBalancerTask (ContainerBalancerTask.java:initializeIteration(398)) - Utilization for node 2da8c10f-2b50-47d8-a3d7-45c9a5e5a955 with capacity 144955146240B, used 28991029248B, and remaining 115964116992B is 0.2
2023-06-27 18:42:12,326 [main] DEBUG balancer.ContainerBalancerTask (ContainerBalancerTask.java:initializeIteration(398)) - Utilization for node c528def6-d961-4c40-b955-eb0d4935cbdf with capacity 515396075520B, used 51539607552B, and remaining 463856467968B is 0.1
2023-06-27 18:42:12,326 [main] DEBUG balancer.ContainerBalancerTask (ContainerBalancerTask.java:initializeIteration(398)) - Utilization for node 12fece16-68fc-4087-8872-95165ef44b9d with capacity 16106127360B, used 0B, and remaining 16106127360B is 0.0
2023-06-27 18:42:12,326 [main] INFO  balancer.ContainerBalancerTask (ContainerBalancerTask.java:initializeIteration(443)) - Did not find any unbalanced Datanodes.
2023-06-27 18:42:12,326 [main] INFO  balancer.ContainerBalancerTask (ContainerBalancerTask.java:tryStopWithSaveConfiguration(308)) - Save Configuration for stopping. Reason: Could not initialize ContainerBalancer's iteration number 0
2023-06-27 18:42:12,327 [main] DEBUG balancer.ContainerBalancerTask (ContainerBalancerTask.java:initializeIteration(374)) - Average utilization of the cluster is 0.3159529620592805
2023-06-27 18:42:12,327 [main] DEBUG balancer.ContainerBalancerTask (ContainerBalancerTask.java:initializeIteration(386)) - Lower limit for utilization is -0.6174817956114632 and Upper limit for utilization is 1.249387719730024
2023-06-27 18:42:12,327 [main] DEBUG balancer.ContainerBalancerTask (ContainerBalancerTask.java:initializeIteration(398)) - Utilization for node f6756ff9-0196-427b-b4cc-b42e5f7d592c with capacity 60845370026B, used 54760833024B, and remaining 6084537002B is 0.900000000009861
2023-06-27 18:42:12,327 [main] DEBUG balancer.ContainerBalancerTask (ContainerBalancerTask.java:initializeIteration(398)) - Utilization for node 6187f75d-e45f-4018-a281-bb56976d837a with capacity 60397977600B, used 48318382080B, and remaining 12079595520B is 0.8
2023-06-27 18:42:12,328 [main] DEBUG balancer.ContainerBalancerTask (ContainerBalancerTask.java:initializeIteration(398)) - Utilization for node f03a10c2-24f0-44c8-bc4d-bd611dc8ad7f with capacity 64424509440B, used 45097156608B, and remaining 19327352832B is 0.7
2023-06-27 18:42:12,328 [main] DEBUG balancer.ContainerBalancerTask (ContainerBalancerTask.java:initializeIteration(398)) - Utilization for node 7c8b3037-85a2-4169-9705-f83a8a8933aa with capacity 96636764160B, used 57982058496B, and remaining 38654705664B is 0.6
2023-06-27 18:42:12,328 [main] DEBUG balancer.ContainerBalancerTask (ContainerBalancerTask.java:initializeIteration(398)) - Utilization for node e9725ca9-6d93-493e-a615-8d7c01e40e9c with capacity 51539607552B, used 25769803776B, and remaining 25769803776B is 0.5
2023-06-27 18:42:12,328 [main] DEBUG balancer.ContainerBalancerTask (ContainerBalancerTask.java:initializeIteration(398)) - Utilization for node 267eb708-4a88-4eaa-979e-506819a6081d with capacity 99321118720B, used 39728447488B, and remaining 59592671232B is 0.4
2023-06-27 18:42:12,328 [main] DEBUG balancer.ContainerBalancerTask (ContainerBalancerTask.java:initializeIteration(398)) - Utilization for node 6cda17ab-62e1-4c97-baa7-1e14d7451676 with capacity 100215903573B, used 30064771072B, and remaining 70151132501B is 0.30000000000099786
2023-06-27 18:42:12,328 [main] DEBUG balancer.ContainerBalancerTask (ContainerBalancerTask.java:initializeIteration(398)) - Utilization for node 2da8c10f-2b50-47d8-a3d7-45c9a5e5a955 with capacity 144955146240B, used 28991029248B, and remaining 115964116992B is 0.2
2023-06-27 18:42:12,328 [main] DEBUG balancer.ContainerBalancerTask (ContainerBalancerTask.java:initializeIteration(398)) - Utilization for node c528def6-d961-4c40-b955-eb0d4935cbdf with capacity 515396075520B, used 51539607552B, and remaining 463856467968B is 0.1
2023-06-27 18:42:12,328 [main] DEBUG balancer.ContainerBalancerTask (ContainerBalancerTask.java:initializeIteration(398)) - Utilization for node 12fece16-68fc-4087-8872-95165ef44b9d with capacity 16106127360B, used 0B, and remaining 16106127360B is 0.0
2023-06-27 18:42:12,328 [main] INFO  balancer.ContainerBalancerTask (ContainerBalancerTask.java:initializeIteration(443)) - Did not find any unbalanced Datanodes.
2023-06-27 18:42:12,328 [main] INFO  balancer.ContainerBalancerTask (ContainerBalancerTask.java:tryStopWithSaveConfiguration(308)) - Save Configuration for stopping. Reason: Could not initialize ContainerBalancer's iteration number 0
2023-06-27 18:42:12,329 [main] DEBUG balancer.ContainerBalancerTask (ContainerBalancerTask.java:initializeIteration(374)) - Average utilization of the cluster is 0.3159529620592805
2023-06-27 18:42:12,329 [main] DEBUG balancer.ContainerBalancerTask (ContainerBalancerTask.java:initializeIteration(386)) - Lower limit for utilization is -0.3812968089967217 and Upper limit for utilization is 1.0132027331152826
2023-06-27 18:42:12,329 [main] DEBUG balancer.ContainerBalancerTask (ContainerBalancerTask.java:initializeIteration(398)) - Utilization for node f6756ff9-0196-427b-b4cc-b42e5f7d592c with capacity 60845370026B, used 54760833024B, and remaining 6084537002B is 0.900000000009861
2023-06-27 18:42:12,329 [main] DEBUG balancer.ContainerBalancerTask (ContainerBalancerTask.java:initializeIteration(398)) - Utilization for node 6187f75d-e45f-4018-a281-bb56976d837a with capacity 60397977600B, used 48318382080B, and remaining 12079595520B is 0.8
2023-06-27 18:42:12,329 [main] DEBUG balancer.ContainerBalancerTask (ContainerBalancerTask.java:initializeIteration(398)) - Utilization for node f03a10c2-24f0-44c8-bc4d-bd611dc8ad7f with capacity 64424509440B, used 45097156608B, and remaining 19327352832B is 0.7
2023-06-27 18:42:12,329 [main] DEBUG balancer.ContainerBalancerTask (ContainerBalancerTask.java:initializeIteration(398)) - Utilization for node 7c8b3037-85a2-4169-9705-f83a8a8933aa with capacity 96636764160B, used 57982058496B, and remaining 38654705664B is 0.6
2023-06-27 18:42:12,329 [main] DEBUG balancer.ContainerBalancerTask (ContainerBalancerTask.java:initializeIteration(398)) - Utilization for node e9725ca9-6d93-493e-a615-8d7c01e40e9c with capacity 51539607552B, used 25769803776B, and remaining 25769803776B is 0.5
2023-06-27 18:42:12,329 [main] DEBUG balancer.ContainerBalancerTask (ContainerBalancerTask.java:initializeIteration(398)) - Utilization for node 267eb708-4a88-4eaa-979e-506819a6081d with capacity 99321118720B, used 39728447488B, and remaining 59592671232B is 0.4
2023-06-27 18:42:12,329 [main] DEBUG balancer.ContainerBalancerTask (ContainerBalancerTask.java:initializeIteration(398)) - Utilization for node 6cda17ab-62e1-4c97-baa7-1e14d7451676 with capacity 100215903573B, used 30064771072B, and remaining 70151132501B is 0.30000000000099786
2023-06-27 18:42:12,330 [main] DEBUG balancer.ContainerBalancerTask (ContainerBalancerTask.java:initializeIteration(398)) - Utilization for node 2da8c10f-2b50-47d8-a3d7-45c9a5e5a955 with capacity 144955146240B, used 28991029248B, and remaining 115964116992B is 0.2
2023-06-27 18:42:12,330 [main] DEBUG balancer.ContainerBalancerTask (ContainerBalancerTask.java:initializeIteration(398)) - Utilization for node c528def6-d961-4c40-b955-eb0d4935cbdf with capacity 515396075520B, used 51539607552B, and remaining 463856467968B is 0.1
2023-06-27 18:42:12,330 [main] DEBUG balancer.ContainerBalancerTask (ContainerBalancerTask.java:initializeIteration(398)) - Utilization for node 12fece16-68fc-4087-8872-95165ef44b9d with capacity 16106127360B, used 0B, and remaining 16106127360B is 0.0
2023-06-27 18:42:12,330 [main] INFO  balancer.ContainerBalancerTask (ContainerBalancerTask.java:initializeIteration(443)) - Did not find any unbalanced Datanodes.
2023-06-27 18:42:12,330 [main] INFO  balancer.ContainerBalancerTask (ContainerBalancerTask.java:tryStopWithSaveConfiguration(308)) - Save Configuration for stopping. Reason: Could not initialize ContainerBalancer's iteration number 0
2023-06-27 18:42:12,330 [main] DEBUG balancer.ContainerBalancerTask (ContainerBalancerTask.java:initializeIteration(374)) - Average utilization of the cluster is 0.3159529620592805
2023-06-27 18:42:12,331 [main] DEBUG balancer.ContainerBalancerTask (ContainerBalancerTask.java:initializeIteration(386)) - Lower limit for utilization is 0.027952804625539618 and Upper limit for utilization is 0.6039531194930213
2023-06-27 18:42:12,331 [main] DEBUG balancer.ContainerBalancerTask (ContainerBalancerTask.java:initializeIteration(398)) - Utilization for node f6756ff9-0196-427b-b4cc-b42e5f7d592c with capacity 60845370026B, used 54760833024B, and remaining 6084537002B is 0.900000000009861
2023-06-27 18:42:12,331 [main] DEBUG balancer.ContainerBalancerTask (ContainerBalancerTask.java:initializeIteration(398)) - Utilization for node 6187f75d-e45f-4018-a281-bb56976d837a with capacity 60397977600B, used 48318382080B, and remaining 12079595520B is 0.8
2023-06-27 18:42:12,331 [main] DEBUG balancer.ContainerBalancerTask (ContainerBalancerTask.java:initializeIteration(398)) - Utilization for node f03a10c2-24f0-44c8-bc4d-bd611dc8ad7f with capacity 64424509440B, used 45097156608B, and remaining 19327352832B is 0.7
2023-06-27 18:42:12,331 [main] DEBUG balancer.ContainerBalancerTask (ContainerBalancerTask.java:initializeIteration(398)) - Utilization for node 7c8b3037-85a2-4169-9705-f83a8a8933aa with capacity 96636764160B, used 57982058496B, and remaining 38654705664B is 0.6
2023-06-27 18:42:12,331 [main] DEBUG balancer.ContainerBalancerTask (ContainerBalancerTask.java:initializeIteration(398)) - Utilization for node e9725ca9-6d93-493e-a615-8d7c01e40e9c with capacity 51539607552B, used 25769803776B, and remaining 25769803776B is 0.5
2023-06-27 18:42:12,331 [main] DEBUG balancer.ContainerBalancerTask (ContainerBalancerTask.java:initializeIteration(398)) - Utilization for node 267eb708-4a88-4eaa-979e-506819a6081d with capacity 99321118720B, used 39728447488B, and remaining 59592671232B is 0.4
2023-06-27 18:42:12,331 [main] DEBUG balancer.ContainerBalancerTask (ContainerBalancerTask.java:initializeIteration(398)) - Utilization for node 6cda17ab-62e1-4c97-baa7-1e14d7451676 with capacity 100215903573B, used 30064771072B, and remaining 70151132501B is 0.30000000000099786
2023-06-27 18:42:12,331 [main] DEBUG balancer.ContainerBalancerTask (ContainerBalancerTask.java:initializeIteration(398)) - Utilization for node 2da8c10f-2b50-47d8-a3d7-45c9a5e5a955 with capacity 144955146240B, used 28991029248B, and remaining 115964116992B is 0.2
2023-06-27 18:42:12,331 [main] DEBUG balancer.ContainerBalancerTask (ContainerBalancerTask.java:initializeIteration(398)) - Utilization for node c528def6-d961-4c40-b955-eb0d4935cbdf with capacity 515396075520B, used 51539607552B, and remaining 463856467968B is 0.1
2023-06-27 18:42:12,331 [main] DEBUG balancer.ContainerBalancerTask (ContainerBalancerTask.java:initializeIteration(398)) - Utilization for node 12fece16-68fc-4087-8872-95165ef44b9d with capacity 16106127360B, used 0B, and remaining 16106127360B is 0.0
2023-06-27 18:42:12,331 [main] INFO  balancer.ContainerBalancerTask (ContainerBalancerTask.java:initializeIteration(447)) - Container Balancer has identified 3 Over-Utilized and 1 Under-Utilized Datanodes that need to be balanced.
2023-06-27 18:42:12,332 [main] DEBUG balancer.ContainerBalancerTask (ContainerBalancerTask.java:lambda$initializeIteration$1(453)) - Datanode localhost-238.167.169.96 f6756ff9-0196-427b-b4cc-b42e5f7d592c is Over-Utilized.
2023-06-27 18:42:12,332 [main] DEBUG balancer.ContainerBalancerTask (ContainerBalancerTask.java:lambda$initializeIteration$1(453)) - Datanode localhost-179.249.57.69 6187f75d-e45f-4018-a281-bb56976d837a is Over-Utilized.
2023-06-27 18:42:12,332 [main] DEBUG balancer.ContainerBalancerTask (ContainerBalancerTask.java:lambda$initializeIteration$1(453)) - Datanode localhost-226.29.25.54 f03a10c2-24f0-44c8-bc4d-bd611dc8ad7f is Over-Utilized.
2023-06-27 18:42:12,332 [main] DEBUG balancer.ContainerBalancerTask (ContainerBalancerTask.java:lambda$initializeIteration$2(459)) - Datanode localhost-100.172.16.143 12fece16-68fc-4087-8872-95165ef44b9d is Under-Utilized.
2023-06-27 18:42:12,334 [main] DEBUG balancer.ContainerBalancerTask (ContainerBalancerTask.java:matchSourceWithTarget(706)) - ContainerBalancer is finding suitable target for source datanode f6756ff9-0196-427b-b4cc-b42e5f7d592c
2023-06-27 18:42:12,334 [main] INFO  balancer.ContainerBalancerTask (ContainerBalancerTask.java:matchSourceWithTarget(720)) - ContainerBalancer matched source datanode f6756ff9-0196-427b-b4cc-b42e5f7d592c with target datanode 12fece16-68fc-4087-8872-95165ef44b9d for container move.
2023-06-27 18:42:12,334 [main] INFO  balancer.ContainerBalancerTask (ContainerBalancerTask.java:processMoveSelection(569)) - ContainerBalancer is trying to move container #85 with size 5368709120B from source datanode f6756ff9-0196-427b-b4cc-b42e5f7d592c to target datanode 12fece16-68fc-4087-8872-95165ef44b9d
2023-06-27 18:42:12,335 [main] DEBUG balancer.ContainerBalancerTask (ContainerBalancerTask.java:lambda$moveContainer$3(834)) - Container move completed for container #85 from source f6756ff9-0196-427b-b4cc-b42e5f7d592c to target 12fece16-68fc-4087-8872-95165ef44b9d
2023-06-27 18:42:12,337 [main] DEBUG balancer.ContainerBalancerTask (ContainerBalancerTask.java:matchSourceWithTarget(706)) - ContainerBalancer is finding suitable target for source datanode f6756ff9-0196-427b-b4cc-b42e5f7d592c
2023-06-27 18:42:12,337 [main] INFO  balancer.ContainerBalancerTask (ContainerBalancerTask.java:matchSourceWithTarget(720)) - ContainerBalancer matched source datanode f6756ff9-0196-427b-b4cc-b42e5f7d592c with target datanode 12fece16-68fc-4087-8872-95165ef44b9d for container move.
2023-06-27 18:42:12,337 [main] INFO  balancer.ContainerBalancerTask (ContainerBalancerTask.java:processMoveSelection(569)) - ContainerBalancer is trying to move container #89 with size 4294967296B from source datanode f6756ff9-0196-427b-b4cc-b42e5f7d592c to target datanode 12fece16-68fc-4087-8872-95165ef44b9d
2023-06-27 18:42:12,337 [main] DEBUG balancer.ContainerBalancerTask (ContainerBalancerTask.java:lambda$moveContainer$3(834)) - Container move completed for container #89 from source f6756ff9-0196-427b-b4cc-b42e5f7d592c to target 12fece16-68fc-4087-8872-95165ef44b9d
2023-06-27 18:42:12,340 [main] DEBUG balancer.ContainerBalancerTask (ContainerBalancerTask.java:matchSourceWithTarget(706)) - ContainerBalancer is finding suitable target for source datanode 6187f75d-e45f-4018-a281-bb56976d837a
2023-06-27 18:42:12,340 [main] INFO  balancer.FindTargetGreedyByUsageInfo (AbstractFindTargetGreedy.java:findTargetForContainerMove(133)) - Container Balancer could not find a target for source datanode 6187f75d-e45f-4018-a281-bb56976d837a
2023-06-27 18:42:12,340 [main] DEBUG balancer.ContainerBalancerTask (ContainerBalancerTask.java:matchSourceWithTarget(715)) - ContainerBalancer could not find a suitable target for source node 6187f75d-e45f-4018-a281-bb56976d837a.
2023-06-27 18:42:12,343 [main] DEBUG balancer.ContainerBalancerTask (ContainerBalancerTask.java:matchSourceWithTarget(706)) - ContainerBalancer is finding suitable target for source datanode f6756ff9-0196-427b-b4cc-b42e5f7d592c
2023-06-27 18:42:12,344 [main] INFO  balancer.FindTargetGreedyByUsageInfo (AbstractFindTargetGreedy.java:findTargetForContainerMove(133)) - Container Balancer could not find a target for source datanode f6756ff9-0196-427b-b4cc-b42e5f7d592c
2023-06-27 18:42:12,344 [main] DEBUG balancer.ContainerBalancerTask (ContainerBalancerTask.java:matchSourceWithTarget(715)) - ContainerBalancer could not find a suitable target for source node f6756ff9-0196-427b-b4cc-b42e5f7d592c.
2023-06-27 18:42:12,346 [main] DEBUG balancer.ContainerBalancerTask (ContainerBalancerTask.java:matchSourceWithTarget(706)) - ContainerBalancer is finding suitable target for source datanode f03a10c2-24f0-44c8-bc4d-bd611dc8ad7f
2023-06-27 18:42:12,348 [main] INFO  balancer.FindTargetGreedyByUsageInfo (AbstractFindTargetGreedy.java:findTargetForContainerMove(133)) - Container Balancer could not find a target for source datanode f03a10c2-24f0-44c8-bc4d-bd611dc8ad7f
2023-06-27 18:42:12,348 [main] DEBUG balancer.ContainerBalancerTask (ContainerBalancerTask.java:matchSourceWithTarget(715)) - ContainerBalancer could not find a suitable target for source node f03a10c2-24f0-44c8-bc4d-bd611dc8ad7f.
2023-06-27 18:42:12,348 [main] INFO  balancer.FindSourceGreedy (FindSourceGreedy.java:getNextCandidateSourceDataNode(126)) - no more candidate source data node
2023-06-27 18:42:12,348 [main] INFO  balancer.ContainerBalancerTask (ContainerBalancerTask.java:checkIterationMoveResults(640)) - Iteration Summary. Number of Datanodes involved: 2. Size moved: 9 GB (9663676416 Bytes). Number of Container moves completed: 2.
2023-06-27 18:42:12,348 [main] INFO  balancer.ContainerBalancerTask (ContainerBalancerTask.java:balance(259)) - Result of this iteration of Container Balancer: ITERATION_COMPLETED
2023-06-27 18:42:12,349 [main] INFO  balancer.ContainerBalancerTask (ContainerBalancerTask.java:tryStopWithSaveConfiguration(308)) - Save Configuration for stopping. Reason: Completed all iterations.
2023-06-27 18:42:12,349 [main] DEBUG balancer.ContainerBalancerTask (ContainerBalancerTask.java:initializeIteration(374)) - Average utilization of the cluster is 0.3159529620592805
2023-06-27 18:42:12,349 [main] DEBUG balancer.ContainerBalancerTask (ContainerBalancerTask.java:initializeIteration(386)) - Lower limit for utilization is -0.38676419215460156 and Upper limit for utilization is 1.0186701162731624
2023-06-27 18:42:12,350 [main] DEBUG balancer.ContainerBalancerTask (ContainerBalancerTask.java:initializeIteration(398)) - Utilization for node f6756ff9-0196-427b-b4cc-b42e5f7d592c with capacity 60845370026B, used 54760833024B, and remaining 6084537002B is 0.900000000009861
2023-06-27 18:42:12,350 [main] DEBUG balancer.ContainerBalancerTask (ContainerBalancerTask.java:initializeIteration(398)) - Utilization for node 6187f75d-e45f-4018-a281-bb56976d837a with capacity 60397977600B, used 48318382080B, and remaining 12079595520B is 0.8
2023-06-27 18:42:12,350 [main] DEBUG balancer.ContainerBalancerTask (ContainerBalancerTask.java:initializeIteration(398)) - Utilization for node f03a10c2-24f0-44c8-bc4d-bd611dc8ad7f with capacity 64424509440B, used 45097156608B, and remaining 19327352832B is 0.7
2023-06-27 18:42:12,350 [main] DEBUG balancer.ContainerBalancerTask (ContainerBalancerTask.java:initializeIteration(398)) - Utilization for node 7c8b3037-85a2-4169-9705-f83a8a8933aa with capacity 96636764160B, used 57982058496B, and remaining 38654705664B is 0.6
2023-06-27 18:42:12,350 [main] DEBUG balancer.ContainerBalancerTask (ContainerBalancerTask.java:initializeIteration(398)) - Utilization for node e9725ca9-6d93-493e-a615-8d7c01e40e9c with capacity 51539607552B, used 25769803776B, and remaining 25769803776B is 0.5
2023-06-27 18:42:12,350 [main] DEBUG balancer.ContainerBalancerTask (ContainerBalancerTask.java:initializeIteration(398)) - Utilization for node 267eb708-4a88-4eaa-979e-506819a6081d with capacity 99321118720B, used 39728447488B, and remaining 59592671232B is 0.4
2023-06-27 18:42:12,350 [main] DEBUG balancer.ContainerBalancerTask (ContainerBalancerTask.java:initializeIteration(398)) - Utilization for node 6cda17ab-62e1-4c97-baa7-1e14d7451676 with capacity 100215903573B, used 30064771072B, and remaining 70151132501B is 0.30000000000099786
2023-06-27 18:42:12,350 [main] DEBUG balancer.ContainerBalancerTask (ContainerBalancerTask.java:initializeIteration(398)) - Utilization for node 2da8c10f-2b50-47d8-a3d7-45c9a5e5a955 with capacity 144955146240B, used 28991029248B, and remaining 115964116992B is 0.2
2023-06-27 18:42:12,350 [main] DEBUG balancer.ContainerBalancerTask (ContainerBalancerTask.java:initializeIteration(398)) - Utilization for node c528def6-d961-4c40-b955-eb0d4935cbdf with capacity 515396075520B, used 51539607552B, and remaining 463856467968B is 0.1
2023-06-27 18:42:12,350 [main] DEBUG balancer.ContainerBalancerTask (ContainerBalancerTask.java:initializeIteration(398)) - Utilization for node 12fece16-68fc-4087-8872-95165ef44b9d with capacity 16106127360B, used 0B, and remaining 16106127360B is 0.0
2023-06-27 18:42:12,350 [main] INFO  balancer.ContainerBalancerTask (ContainerBalancerTask.java:initializeIteration(443)) - Did not find any unbalanced Datanodes.
2023-06-27 18:42:12,350 [main] INFO  balancer.ContainerBalancerTask (ContainerBalancerTask.java:tryStopWithSaveConfiguration(308)) - Save Configuration for stopping. Reason: Could not initialize ContainerBalancer's iteration number 0
2023-06-27 18:42:12,351 [main] DEBUG balancer.ContainerBalancerTask (ContainerBalancerTask.java:initializeIteration(374)) - Average utilization of the cluster is 0.3159529620592805
2023-06-27 18:42:12,351 [main] DEBUG balancer.ContainerBalancerTask (ContainerBalancerTask.java:initializeIteration(386)) - Lower limit for utilization is -0.084967335487526 and Upper limit for utilization is 0.7168732596060869
2023-06-27 18:42:12,351 [main] DEBUG balancer.ContainerBalancerTask (ContainerBalancerTask.java:initializeIteration(398)) - Utilization for node f6756ff9-0196-427b-b4cc-b42e5f7d592c with capacity 60845370026B, used 54760833024B, and remaining 6084537002B is 0.900000000009861
2023-06-27 18:42:12,351 [main] DEBUG balancer.ContainerBalancerTask (ContainerBalancerTask.java:initializeIteration(398)) - Utilization for node 6187f75d-e45f-4018-a281-bb56976d837a with capacity 60397977600B, used 48318382080B, and remaining 12079595520B is 0.8
2023-06-27 18:42:12,351 [main] DEBUG balancer.ContainerBalancerTask (ContainerBalancerTask.java:initializeIteration(398)) - Utilization for node f03a10c2-24f0-44c8-bc4d-bd611dc8ad7f with capacity 64424509440B, used 45097156608B, and remaining 19327352832B is 0.7
2023-06-27 18:42:12,351 [main] DEBUG balancer.ContainerBalancerTask (ContainerBalancerTask.java:initializeIteration(398)) - Utilization for node 7c8b3037-85a2-4169-9705-f83a8a8933aa with capacity 96636764160B, used 57982058496B, and remaining 38654705664B is 0.6
2023-06-27 18:42:12,352 [main] DEBUG balancer.ContainerBalancerTask (ContainerBalancerTask.java:initializeIteration(398)) - Utilization for node e9725ca9-6d93-493e-a615-8d7c01e40e9c with capacity 51539607552B, used 25769803776B, and remaining 25769803776B is 0.5
2023-06-27 18:42:12,352 [main] DEBUG balancer.ContainerBalancerTask (ContainerBalancerTask.java:initializeIteration(398)) - Utilization for node 267eb708-4a88-4eaa-979e-506819a6081d with capacity 99321118720B, used 39728447488B, and remaining 59592671232B is 0.4
2023-06-27 18:42:12,352 [main] DEBUG balancer.ContainerBalancerTask (ContainerBalancerTask.java:initializeIteration(398)) - Utilization for node 6cda17ab-62e1-4c97-baa7-1e14d7451676 with capacity 100215903573B, used 30064771072B, and remaining 70151132501B is 0.30000000000099786
2023-06-27 18:42:12,352 [main] DEBUG balancer.ContainerBalancerTask (ContainerBalancerTask.java:initializeIteration(398)) - Utilization for node 2da8c10f-2b50-47d8-a3d7-45c9a5e5a955 with capacity 144955146240B, used 28991029248B, and remaining 115964116992B is 0.2
2023-06-27 18:42:12,352 [main] DEBUG balancer.ContainerBalancerTask (ContainerBalancerTask.java:initializeIteration(398)) - Utilization for node c528def6-d961-4c40-b955-eb0d4935cbdf with capacity 515396075520B, used 51539607552B, and remaining 463856467968B is 0.1
2023-06-27 18:42:12,352 [main] DEBUG balancer.ContainerBalancerTask (ContainerBalancerTask.java:initializeIteration(398)) - Utilization for node 12fece16-68fc-4087-8872-95165ef44b9d with capacity 16106127360B, used 0B, and remaining 16106127360B is 0.0
2023-06-27 18:42:12,352 [main] INFO  balancer.ContainerBalancerTask (ContainerBalancerTask.java:initializeIteration(447)) - Container Balancer has identified 2 Over-Utilized and 0 Under-Utilized Datanodes that need to be balanced.
2023-06-27 18:42:12,352 [main] DEBUG balancer.ContainerBalancerTask (ContainerBalancerTask.java:lambda$initializeIteration$1(453)) - Datanode localhost-238.167.169.96 f6756ff9-0196-427b-b4cc-b42e5f7d592c is Over-Utilized.
2023-06-27 18:42:12,352 [main] DEBUG balancer.ContainerBalancerTask (ContainerBalancerTask.java:lambda$initializeIteration$1(453)) - Datanode localhost-179.249.57.69 6187f75d-e45f-4018-a281-bb56976d837a is Over-Utilized.
2023-06-27 18:42:12,355 [main] DEBUG balancer.ContainerBalancerTask (ContainerBalancerTask.java:matchSourceWithTarget(706)) - ContainerBalancer is finding suitable target for source datanode f6756ff9-0196-427b-b4cc-b42e5f7d592c
2023-06-27 18:42:12,355 [main] INFO  balancer.FindTargetGreedyByUsageInfo (AbstractFindTargetGreedy.java:findTargetForContainerMove(133)) - Container Balancer could not find a target for source datanode f6756ff9-0196-427b-b4cc-b42e5f7d592c
2023-06-27 18:42:12,355 [main] DEBUG balancer.ContainerBalancerTask (ContainerBalancerTask.java:matchSourceWithTarget(715)) - ContainerBalancer could not find a suitable target for source node f6756ff9-0196-427b-b4cc-b42e5f7d592c.
2023-06-27 18:42:12,357 [main] DEBUG balancer.ContainerBalancerTask (ContainerBalancerTask.java:matchSourceWithTarget(706)) - ContainerBalancer is finding suitable target for source datanode 6187f75d-e45f-4018-a281-bb56976d837a
2023-06-27 18:42:12,357 [main] INFO  balancer.FindTargetGreedyByUsageInfo (AbstractFindTargetGreedy.java:findTargetForContainerMove(133)) - Container Balancer could not find a target for source datanode 6187f75d-e45f-4018-a281-bb56976d837a
2023-06-27 18:42:12,357 [main] DEBUG balancer.ContainerBalancerTask (ContainerBalancerTask.java:matchSourceWithTarget(715)) - ContainerBalancer could not find a suitable target for source node 6187f75d-e45f-4018-a281-bb56976d837a.
2023-06-27 18:42:12,357 [main] INFO  balancer.FindSourceGreedy (FindSourceGreedy.java:getNextCandidateSourceDataNode(126)) - no more candidate source data node
2023-06-27 18:42:12,357 [main] INFO  balancer.ContainerBalancerTask (ContainerBalancerTask.java:balance(259)) - Result of this iteration of Container Balancer: CAN_NOT_BALANCE_ANY_MORE
2023-06-27 18:42:12,357 [main] INFO  balancer.ContainerBalancerTask (ContainerBalancerTask.java:tryStopWithSaveConfiguration(308)) - Save Configuration for stopping. Reason: CAN_NOT_BALANCE_ANY_MORE
2023-06-27 18:42:12,358 [main] DEBUG balancer.ContainerBalancerTask (ContainerBalancerTask.java:initializeIteration(374)) - Average utilization of the cluster is 0.3159529620592805
2023-06-27 18:42:12,358 [main] DEBUG balancer.ContainerBalancerTask (ContainerBalancerTask.java:initializeIteration(386)) - Lower limit for utilization is -0.06541539177644823 and Upper limit for utilization is 0.6973213158950091
2023-06-27 18:42:12,358 [main] DEBUG balancer.ContainerBalancerTask (ContainerBalancerTask.java:initializeIteration(398)) - Utilization for node f6756ff9-0196-427b-b4cc-b42e5f7d592c with capacity 60845370026B, used 54760833024B, and remaining 6084537002B is 0.900000000009861
2023-06-27 18:42:12,358 [main] DEBUG balancer.ContainerBalancerTask (ContainerBalancerTask.java:initializeIteration(398)) - Utilization for node 6187f75d-e45f-4018-a281-bb56976d837a with capacity 60397977600B, used 48318382080B, and remaining 12079595520B is 0.8
2023-06-27 18:42:12,358 [main] DEBUG balancer.ContainerBalancerTask (ContainerBalancerTask.java:initializeIteration(398)) - Utilization for node f03a10c2-24f0-44c8-bc4d-bd611dc8ad7f with capacity 64424509440B, used 45097156608B, and remaining 19327352832B is 0.7
2023-06-27 18:42:12,358 [main] DEBUG balancer.ContainerBalancerTask (ContainerBalancerTask.java:initializeIteration(398)) - Utilization for node 7c8b3037-85a2-4169-9705-f83a8a8933aa with capacity 96636764160B, used 57982058496B, and remaining 38654705664B is 0.6
2023-06-27 18:42:12,358 [main] DEBUG balancer.ContainerBalancerTask (ContainerBalancerTask.java:initializeIteration(398)) - Utilization for node e9725ca9-6d93-493e-a615-8d7c01e40e9c with capacity 51539607552B, used 25769803776B, and remaining 25769803776B is 0.5
2023-06-27 18:42:12,358 [main] DEBUG balancer.ContainerBalancerTask (ContainerBalancerTask.java:initializeIteration(398)) - Utilization for node 267eb708-4a88-4eaa-979e-506819a6081d with capacity 99321118720B, used 39728447488B, and remaining 59592671232B is 0.4
2023-06-27 18:42:12,359 [main] DEBUG balancer.ContainerBalancerTask (ContainerBalancerTask.java:initializeIteration(398)) - Utilization for node 6cda17ab-62e1-4c97-baa7-1e14d7451676 with capacity 100215903573B, used 30064771072B, and remaining 70151132501B is 0.30000000000099786
2023-06-27 18:42:12,359 [main] DEBUG balancer.ContainerBalancerTask (ContainerBalancerTask.java:initializeIteration(398)) - Utilization for node 2da8c10f-2b50-47d8-a3d7-45c9a5e5a955 with capacity 144955146240B, used 28991029248B, and remaining 115964116992B is 0.2
2023-06-27 18:42:12,359 [main] DEBUG balancer.ContainerBalancerTask (ContainerBalancerTask.java:initializeIteration(398)) - Utilization for node c528def6-d961-4c40-b955-eb0d4935cbdf with capacity 515396075520B, used 51539607552B, and remaining 463856467968B is 0.1
2023-06-27 18:42:12,359 [main] DEBUG balancer.ContainerBalancerTask (ContainerBalancerTask.java:initializeIteration(398)) - Utilization for node 12fece16-68fc-4087-8872-95165ef44b9d with capacity 16106127360B, used 0B, and remaining 16106127360B is 0.0
2023-06-27 18:42:12,359 [main] INFO  balancer.ContainerBalancerTask (ContainerBalancerTask.java:initializeIteration(447)) - Container Balancer has identified 3 Over-Utilized and 0 Under-Utilized Datanodes that need to be balanced.
2023-06-27 18:42:12,359 [main] DEBUG balancer.ContainerBalancerTask (ContainerBalancerTask.java:lambda$initializeIteration$1(453)) - Datanode localhost-238.167.169.96 f6756ff9-0196-427b-b4cc-b42e5f7d592c is Over-Utilized.
2023-06-27 18:42:12,359 [main] DEBUG balancer.ContainerBalancerTask (ContainerBalancerTask.java:lambda$initializeIteration$1(453)) - Datanode localhost-179.249.57.69 6187f75d-e45f-4018-a281-bb56976d837a is Over-Utilized.
2023-06-27 18:42:12,359 [main] DEBUG balancer.ContainerBalancerTask (ContainerBalancerTask.java:lambda$initializeIteration$1(453)) - Datanode localhost-226.29.25.54 f03a10c2-24f0-44c8-bc4d-bd611dc8ad7f is Over-Utilized.
2023-06-27 18:42:12,361 [main] DEBUG balancer.ContainerBalancerTask (ContainerBalancerTask.java:matchSourceWithTarget(706)) - ContainerBalancer is finding suitable target for source datanode f6756ff9-0196-427b-b4cc-b42e5f7d592c
2023-06-27 18:42:12,361 [main] INFO  balancer.FindTargetGreedyByUsageInfo (AbstractFindTargetGreedy.java:findTargetForContainerMove(133)) - Container Balancer could not find a target for source datanode f6756ff9-0196-427b-b4cc-b42e5f7d592c
2023-06-27 18:42:12,362 [main] DEBUG balancer.ContainerBalancerTask (ContainerBalancerTask.java:matchSourceWithTarget(715)) - ContainerBalancer could not find a suitable target for source node f6756ff9-0196-427b-b4cc-b42e5f7d592c.
2023-06-27 18:42:12,364 [main] DEBUG balancer.ContainerBalancerTask (ContainerBalancerTask.java:matchSourceWithTarget(706)) - ContainerBalancer is finding suitable target for source datanode 6187f75d-e45f-4018-a281-bb56976d837a
2023-06-27 18:42:12,364 [main] INFO  balancer.FindTargetGreedyByUsageInfo (AbstractFindTargetGreedy.java:findTargetForContainerMove(133)) - Container Balancer could not find a target for source datanode 6187f75d-e45f-4018-a281-bb56976d837a
2023-06-27 18:42:12,364 [main] DEBUG balancer.ContainerBalancerTask (ContainerBalancerTask.java:matchSourceWithTarget(715)) - ContainerBalancer could not find a suitable target for source node 6187f75d-e45f-4018-a281-bb56976d837a.
2023-06-27 18:42:12,366 [main] DEBUG balancer.ContainerBalancerTask (ContainerBalancerTask.java:matchSourceWithTarget(706)) - ContainerBalancer is finding suitable target for source datanode f03a10c2-24f0-44c8-bc4d-bd611dc8ad7f
2023-06-27 18:42:12,366 [main] INFO  balancer.FindTargetGreedyByUsageInfo (AbstractFindTargetGreedy.java:findTargetForContainerMove(133)) - Container Balancer could not find a target for source datanode f03a10c2-24f0-44c8-bc4d-bd611dc8ad7f
2023-06-27 18:42:12,366 [main] DEBUG balancer.ContainerBalancerTask (ContainerBalancerTask.java:matchSourceWithTarget(715)) - ContainerBalancer could not find a suitable target for source node f03a10c2-24f0-44c8-bc4d-bd611dc8ad7f.
2023-06-27 18:42:12,366 [main] INFO  balancer.FindSourceGreedy (FindSourceGreedy.java:getNextCandidateSourceDataNode(126)) - no more candidate source data node
2023-06-27 18:42:12,366 [main] INFO  balancer.ContainerBalancerTask (ContainerBalancerTask.java:balance(259)) - Result of this iteration of Container Balancer: CAN_NOT_BALANCE_ANY_MORE
2023-06-27 18:42:12,366 [main] INFO  balancer.ContainerBalancerTask (ContainerBalancerTask.java:tryStopWithSaveConfiguration(308)) - Save Configuration for stopping. Reason: CAN_NOT_BALANCE_ANY_MORE
2023-06-27 18:42:12,367 [main] DEBUG balancer.ContainerBalancerTask (ContainerBalancerTask.java:initializeIteration(374)) - Average utilization of the cluster is 0.3159529620592805
2023-06-27 18:42:12,367 [main] DEBUG balancer.ContainerBalancerTask (ContainerBalancerTask.java:initializeIteration(386)) - Lower limit for utilization is -0.4645726493794984 and Upper limit for utilization is 1.0964785734980593
2023-06-27 18:42:12,367 [main] DEBUG balancer.ContainerBalancerTask (ContainerBalancerTask.java:initializeIteration(398)) - Utilization for node f6756ff9-0196-427b-b4cc-b42e5f7d592c with capacity 60845370026B, used 54760833024B, and remaining 6084537002B is 0.900000000009861
2023-06-27 18:42:12,367 [main] DEBUG balancer.ContainerBalancerTask (ContainerBalancerTask.java:initializeIteration(398)) - Utilization for node 6187f75d-e45f-4018-a281-bb56976d837a with capacity 60397977600B, used 48318382080B, and remaining 12079595520B is 0.8
2023-06-27 18:42:12,367 [main] DEBUG balancer.ContainerBalancerTask (ContainerBalancerTask.java:initializeIteration(398)) - Utilization for node f03a10c2-24f0-44c8-bc4d-bd611dc8ad7f with capacity 64424509440B, used 45097156608B, and remaining 19327352832B is 0.7
2023-06-27 18:42:12,367 [main] DEBUG balancer.ContainerBalancerTask (ContainerBalancerTask.java:initializeIteration(398)) - Utilization for node 7c8b3037-85a2-4169-9705-f83a8a8933aa with capacity 96636764160B, used 57982058496B, and remaining 38654705664B is 0.6
2023-06-27 18:42:12,367 [main] DEBUG balancer.ContainerBalancerTask (ContainerBalancerTask.java:initializeIteration(398)) - Utilization for node e9725ca9-6d93-493e-a615-8d7c01e40e9c with capacity 51539607552B, used 25769803776B, and remaining 25769803776B is 0.5
2023-06-27 18:42:12,367 [main] DEBUG balancer.ContainerBalancerTask (ContainerBalancerTask.java:initializeIteration(398)) - Utilization for node 267eb708-4a88-4eaa-979e-506819a6081d with capacity 99321118720B, used 39728447488B, and remaining 59592671232B is 0.4
2023-06-27 18:42:12,367 [main] DEBUG balancer.ContainerBalancerTask (ContainerBalancerTask.java:initializeIteration(398)) - Utilization for node 6cda17ab-62e1-4c97-baa7-1e14d7451676 with capacity 100215903573B, used 30064771072B, and remaining 70151132501B is 0.30000000000099786
2023-06-27 18:42:12,368 [main] DEBUG balancer.ContainerBalancerTask (ContainerBalancerTask.java:initializeIteration(398)) - Utilization for node 2da8c10f-2b50-47d8-a3d7-45c9a5e5a955 with capacity 144955146240B, used 28991029248B, and remaining 115964116992B is 0.2
2023-06-27 18:42:12,368 [main] DEBUG balancer.ContainerBalancerTask (ContainerBalancerTask.java:initializeIteration(398)) - Utilization for node c528def6-d961-4c40-b955-eb0d4935cbdf with capacity 515396075520B, used 51539607552B, and remaining 463856467968B is 0.1
2023-06-27 18:42:12,368 [main] DEBUG balancer.ContainerBalancerTask (ContainerBalancerTask.java:initializeIteration(398)) - Utilization for node 12fece16-68fc-4087-8872-95165ef44b9d with capacity 16106127360B, used 0B, and remaining 16106127360B is 0.0
2023-06-27 18:42:12,368 [main] INFO  balancer.ContainerBalancerTask (ContainerBalancerTask.java:initializeIteration(443)) - Did not find any unbalanced Datanodes.
2023-06-27 18:42:12,368 [main] INFO  balancer.ContainerBalancerTask (ContainerBalancerTask.java:tryStopWithSaveConfiguration(308)) - Save Configuration for stopping. Reason: Could not initialize ContainerBalancer's iteration number 0
2023-06-27 18:42:12,368 [main] DEBUG balancer.ContainerBalancerTask (ContainerBalancerTask.java:initializeIteration(374)) - Average utilization of the cluster is 0.3159529620592805
2023-06-27 18:42:12,369 [main] DEBUG balancer.ContainerBalancerTask (ContainerBalancerTask.java:initializeIteration(386)) - Lower limit for utilization is -0.10242565943458465 and Upper limit for utilization is 0.7343315835531457
2023-06-27 18:42:12,369 [main] DEBUG balancer.ContainerBalancerTask (ContainerBalancerTask.java:initializeIteration(398)) - Utilization for node f6756ff9-0196-427b-b4cc-b42e5f7d592c with capacity 60845370026B, used 54760833024B, and remaining 6084537002B is 0.900000000009861
2023-06-27 18:42:12,369 [main] DEBUG balancer.ContainerBalancerTask (ContainerBalancerTask.java:initializeIteration(398)) - Utilization for node 6187f75d-e45f-4018-a281-bb56976d837a with capacity 60397977600B, used 48318382080B, and remaining 12079595520B is 0.8
2023-06-27 18:42:12,369 [main] DEBUG balancer.ContainerBalancerTask (ContainerBalancerTask.java:initializeIteration(398)) - Utilization for node f03a10c2-24f0-44c8-bc4d-bd611dc8ad7f with capacity 64424509440B, used 45097156608B, and remaining 19327352832B is 0.7
2023-06-27 18:42:12,369 [main] DEBUG balancer.ContainerBalancerTask (ContainerBalancerTask.java:initializeIteration(398)) - Utilization for node 7c8b3037-85a2-4169-9705-f83a8a8933aa with capacity 96636764160B, used 57982058496B, and remaining 38654705664B is 0.6
2023-06-27 18:42:12,369 [main] DEBUG balancer.ContainerBalancerTask (ContainerBalancerTask.java:initializeIteration(398)) - Utilization for node e9725ca9-6d93-493e-a615-8d7c01e40e9c with capacity 51539607552B, used 25769803776B, and remaining 25769803776B is 0.5
2023-06-27 18:42:12,369 [main] DEBUG balancer.ContainerBalancerTask (ContainerBalancerTask.java:initializeIteration(398)) - Utilization for node 267eb708-4a88-4eaa-979e-506819a6081d with capacity 99321118720B, used 39728447488B, and remaining 59592671232B is 0.4
2023-06-27 18:42:12,369 [main] DEBUG balancer.ContainerBalancerTask (ContainerBalancerTask.java:initializeIteration(398)) - Utilization for node 6cda17ab-62e1-4c97-baa7-1e14d7451676 with capacity 100215903573B, used 30064771072B, and remaining 70151132501B is 0.30000000000099786
2023-06-27 18:42:12,369 [main] DEBUG balancer.ContainerBalancerTask (ContainerBalancerTask.java:initializeIteration(398)) - Utilization for node 2da8c10f-2b50-47d8-a3d7-45c9a5e5a955 with capacity 144955146240B, used 28991029248B, and remaining 115964116992B is 0.2
2023-06-27 18:42:12,369 [main] DEBUG balancer.ContainerBalancerTask (ContainerBalancerTask.java:initializeIteration(398)) - Utilization for node c528def6-d961-4c40-b955-eb0d4935cbdf with capacity 515396075520B, used 51539607552B, and remaining 463856467968B is 0.1
2023-06-27 18:42:12,369 [main] DEBUG balancer.ContainerBalancerTask (ContainerBalancerTask.java:initializeIteration(398)) - Utilization for node 12fece16-68fc-4087-8872-95165ef44b9d with capacity 16106127360B, used 0B, and remaining 16106127360B is 0.0
2023-06-27 18:42:12,369 [main] INFO  balancer.ContainerBalancerTask (ContainerBalancerTask.java:initializeIteration(447)) - Container Balancer has identified 2 Over-Utilized and 0 Under-Utilized Datanodes that need to be balanced.
2023-06-27 18:42:12,370 [main] DEBUG balancer.ContainerBalancerTask (ContainerBalancerTask.java:lambda$initializeIteration$1(453)) - Datanode localhost-238.167.169.96 f6756ff9-0196-427b-b4cc-b42e5f7d592c is Over-Utilized.
2023-06-27 18:42:12,370 [main] DEBUG balancer.ContainerBalancerTask (ContainerBalancerTask.java:lambda$initializeIteration$1(453)) - Datanode localhost-179.249.57.69 6187f75d-e45f-4018-a281-bb56976d837a is Over-Utilized.
2023-06-27 18:42:12,372 [main] DEBUG balancer.ContainerBalancerTask (ContainerBalancerTask.java:matchSourceWithTarget(706)) - ContainerBalancer is finding suitable target for source datanode f6756ff9-0196-427b-b4cc-b42e5f7d592c
2023-06-27 18:42:12,372 [main] INFO  balancer.FindTargetGreedyByUsageInfo (AbstractFindTargetGreedy.java:findTargetForContainerMove(133)) - Container Balancer could not find a target for source datanode f6756ff9-0196-427b-b4cc-b42e5f7d592c
2023-06-27 18:42:12,372 [main] DEBUG balancer.ContainerBalancerTask (ContainerBalancerTask.java:matchSourceWithTarget(715)) - ContainerBalancer could not find a suitable target for source node f6756ff9-0196-427b-b4cc-b42e5f7d592c.
2023-06-27 18:42:12,374 [main] DEBUG balancer.ContainerBalancerTask (ContainerBalancerTask.java:matchSourceWithTarget(706)) - ContainerBalancer is finding suitable target for source datanode 6187f75d-e45f-4018-a281-bb56976d837a
2023-06-27 18:42:12,374 [main] INFO  balancer.FindTargetGreedyByUsageInfo (AbstractFindTargetGreedy.java:findTargetForContainerMove(133)) - Container Balancer could not find a target for source datanode 6187f75d-e45f-4018-a281-bb56976d837a
2023-06-27 18:42:12,374 [main] DEBUG balancer.ContainerBalancerTask (ContainerBalancerTask.java:matchSourceWithTarget(715)) - ContainerBalancer could not find a suitable target for source node 6187f75d-e45f-4018-a281-bb56976d837a.
2023-06-27 18:42:12,375 [main] INFO  balancer.FindSourceGreedy (FindSourceGreedy.java:getNextCandidateSourceDataNode(126)) - no more candidate source data node
2023-06-27 18:42:12,375 [main] INFO  balancer.ContainerBalancerTask (ContainerBalancerTask.java:balance(259)) - Result of this iteration of Container Balancer: CAN_NOT_BALANCE_ANY_MORE
2023-06-27 18:42:12,375 [main] INFO  balancer.ContainerBalancerTask (ContainerBalancerTask.java:tryStopWithSaveConfiguration(308)) - Save Configuration for stopping. Reason: CAN_NOT_BALANCE_ANY_MORE
2023-06-27 18:42:12,375 [main] DEBUG balancer.ContainerBalancerTask (ContainerBalancerTask.java:initializeIteration(374)) - Average utilization of the cluster is 0.3159529620592805
2023-06-27 18:42:12,375 [main] DEBUG balancer.ContainerBalancerTask (ContainerBalancerTask.java:initializeIteration(386)) - Lower limit for utilization is -0.5326467325281059 and Upper limit for utilization is 1.1645526566466669
2023-06-27 18:42:12,376 [main] DEBUG balancer.ContainerBalancerTask (ContainerBalancerTask.java:initializeIteration(398)) - Utilization for node f6756ff9-0196-427b-b4cc-b42e5f7d592c with capacity 60845370026B, used 54760833024B, and remaining 6084537002B is 0.900000000009861
2023-06-27 18:42:12,376 [main] DEBUG balancer.ContainerBalancerTask (ContainerBalancerTask.java:initializeIteration(398)) - Utilization for node 6187f75d-e45f-4018-a281-bb56976d837a with capacity 60397977600B, used 48318382080B, and remaining 12079595520B is 0.8
2023-06-27 18:42:12,376 [main] DEBUG balancer.ContainerBalancerTask (ContainerBalancerTask.java:initializeIteration(398)) - Utilization for node f03a10c2-24f0-44c8-bc4d-bd611dc8ad7f with capacity 64424509440B, used 45097156608B, and remaining 19327352832B is 0.7
2023-06-27 18:42:12,376 [main] DEBUG balancer.ContainerBalancerTask (ContainerBalancerTask.java:initializeIteration(398)) - Utilization for node 7c8b3037-85a2-4169-9705-f83a8a8933aa with capacity 96636764160B, used 57982058496B, and remaining 38654705664B is 0.6
2023-06-27 18:42:12,376 [main] DEBUG balancer.ContainerBalancerTask (ContainerBalancerTask.java:initializeIteration(398)) - Utilization for node e9725ca9-6d93-493e-a615-8d7c01e40e9c with capacity 51539607552B, used 25769803776B, and remaining 25769803776B is 0.5
2023-06-27 18:42:12,376 [main] DEBUG balancer.ContainerBalancerTask (ContainerBalancerTask.java:initializeIteration(398)) - Utilization for node 267eb708-4a88-4eaa-979e-506819a6081d with capacity 99321118720B, used 39728447488B, and remaining 59592671232B is 0.4
2023-06-27 18:42:12,376 [main] DEBUG balancer.ContainerBalancerTask (ContainerBalancerTask.java:initializeIteration(398)) - Utilization for node 6cda17ab-62e1-4c97-baa7-1e14d7451676 with capacity 100215903573B, used 30064771072B, and remaining 70151132501B is 0.30000000000099786
2023-06-27 18:42:12,376 [main] DEBUG balancer.ContainerBalancerTask (ContainerBalancerTask.java:initializeIteration(398)) - Utilization for node 2da8c10f-2b50-47d8-a3d7-45c9a5e5a955 with capacity 144955146240B, used 28991029248B, and remaining 115964116992B is 0.2
2023-06-27 18:42:12,376 [main] DEBUG balancer.ContainerBalancerTask (ContainerBalancerTask.java:initializeIteration(398)) - Utilization for node c528def6-d961-4c40-b955-eb0d4935cbdf with capacity 515396075520B, used 51539607552B, and remaining 463856467968B is 0.1
2023-06-27 18:42:12,376 [main] DEBUG balancer.ContainerBalancerTask (ContainerBalancerTask.java:initializeIteration(398)) - Utilization for node 12fece16-68fc-4087-8872-95165ef44b9d with capacity 16106127360B, used 0B, and remaining 16106127360B is 0.0
2023-06-27 18:42:12,376 [main] INFO  balancer.ContainerBalancerTask (ContainerBalancerTask.java:initializeIteration(443)) - Did not find any unbalanced Datanodes.
2023-06-27 18:42:12,376 [main] INFO  balancer.ContainerBalancerTask (ContainerBalancerTask.java:tryStopWithSaveConfiguration(308)) - Save Configuration for stopping. Reason: Could not initialize ContainerBalancer's iteration number 0
2023-06-27 18:42:12,377 [main] DEBUG balancer.ContainerBalancerTask (ContainerBalancerTask.java:initializeIteration(374)) - Average utilization of the cluster is 0.3159529620592805
2023-06-27 18:42:12,377 [main] DEBUG balancer.ContainerBalancerTask (ContainerBalancerTask.java:initializeIteration(386)) - Lower limit for utilization is 0.006426087722186669 and Upper limit for utilization is 0.6254798363963743
2023-06-27 18:42:12,377 [main] DEBUG balancer.ContainerBalancerTask (ContainerBalancerTask.java:initializeIteration(398)) - Utilization for node f6756ff9-0196-427b-b4cc-b42e5f7d592c with capacity 60845370026B, used 54760833024B, and remaining 6084537002B is 0.900000000009861
2023-06-27 18:42:12,377 [main] DEBUG balancer.ContainerBalancerTask (ContainerBalancerTask.java:initializeIteration(398)) - Utilization for node 6187f75d-e45f-4018-a281-bb56976d837a with capacity 60397977600B, used 48318382080B, and remaining 12079595520B is 0.8
2023-06-27 18:42:12,377 [main] DEBUG balancer.ContainerBalancerTask (ContainerBalancerTask.java:initializeIteration(398)) - Utilization for node f03a10c2-24f0-44c8-bc4d-bd611dc8ad7f with capacity 64424509440B, used 45097156608B, and remaining 19327352832B is 0.7
2023-06-27 18:42:12,377 [main] DEBUG balancer.ContainerBalancerTask (ContainerBalancerTask.java:initializeIteration(398)) - Utilization for node 7c8b3037-85a2-4169-9705-f83a8a8933aa with capacity 96636764160B, used 57982058496B, and remaining 38654705664B is 0.6
2023-06-27 18:42:12,378 [main] DEBUG balancer.ContainerBalancerTask (ContainerBalancerTask.java:initializeIteration(398)) - Utilization for node e9725ca9-6d93-493e-a615-8d7c01e40e9c with capacity 51539607552B, used 25769803776B, and remaining 25769803776B is 0.5
2023-06-27 18:42:12,378 [main] DEBUG balancer.ContainerBalancerTask (ContainerBalancerTask.java:initializeIteration(398)) - Utilization for node 267eb708-4a88-4eaa-979e-506819a6081d with capacity 99321118720B, used 39728447488B, and remaining 59592671232B is 0.4
2023-06-27 18:42:12,378 [main] DEBUG balancer.ContainerBalancerTask (ContainerBalancerTask.java:initializeIteration(398)) - Utilization for node 6cda17ab-62e1-4c97-baa7-1e14d7451676 with capacity 100215903573B, used 30064771072B, and remaining 70151132501B is 0.30000000000099786
2023-06-27 18:42:12,378 [main] DEBUG balancer.ContainerBalancerTask (ContainerBalancerTask.java:initializeIteration(398)) - Utilization for node 2da8c10f-2b50-47d8-a3d7-45c9a5e5a955 with capacity 144955146240B, used 28991029248B, and remaining 115964116992B is 0.2
2023-06-27 18:42:12,378 [main] DEBUG balancer.ContainerBalancerTask (ContainerBalancerTask.java:initializeIteration(398)) - Utilization for node c528def6-d961-4c40-b955-eb0d4935cbdf with capacity 515396075520B, used 51539607552B, and remaining 463856467968B is 0.1
2023-06-27 18:42:12,378 [main] DEBUG balancer.ContainerBalancerTask (ContainerBalancerTask.java:initializeIteration(398)) - Utilization for node 12fece16-68fc-4087-8872-95165ef44b9d with capacity 16106127360B, used 0B, and remaining 16106127360B is 0.0
2023-06-27 18:42:12,378 [main] INFO  balancer.ContainerBalancerTask (ContainerBalancerTask.java:initializeIteration(447)) - Container Balancer has identified 3 Over-Utilized and 1 Under-Utilized Datanodes that need to be balanced.
2023-06-27 18:42:12,378 [main] DEBUG balancer.ContainerBalancerTask (ContainerBalancerTask.java:lambda$initializeIteration$1(453)) - Datanode localhost-238.167.169.96 f6756ff9-0196-427b-b4cc-b42e5f7d592c is Over-Utilized.
2023-06-27 18:42:12,378 [main] DEBUG balancer.ContainerBalancerTask (ContainerBalancerTask.java:lambda$initializeIteration$1(453)) - Datanode localhost-179.249.57.69 6187f75d-e45f-4018-a281-bb56976d837a is Over-Utilized.
2023-06-27 18:42:12,378 [main] DEBUG balancer.ContainerBalancerTask (ContainerBalancerTask.java:lambda$initializeIteration$1(453)) - Datanode localhost-226.29.25.54 f03a10c2-24f0-44c8-bc4d-bd611dc8ad7f is Over-Utilized.
2023-06-27 18:42:12,378 [main] DEBUG balancer.ContainerBalancerTask (ContainerBalancerTask.java:lambda$initializeIteration$2(459)) - Datanode localhost-100.172.16.143 12fece16-68fc-4087-8872-95165ef44b9d is Under-Utilized.
2023-06-27 18:42:12,381 [main] DEBUG balancer.ContainerBalancerTask (ContainerBalancerTask.java:matchSourceWithTarget(706)) - ContainerBalancer is finding suitable target for source datanode f6756ff9-0196-427b-b4cc-b42e5f7d592c
2023-06-27 18:42:12,381 [main] INFO  balancer.ContainerBalancerTask (ContainerBalancerTask.java:matchSourceWithTarget(720)) - ContainerBalancer matched source datanode f6756ff9-0196-427b-b4cc-b42e5f7d592c with target datanode 12fece16-68fc-4087-8872-95165ef44b9d for container move.
2023-06-27 18:42:12,381 [main] INFO  balancer.ContainerBalancerTask (ContainerBalancerTask.java:processMoveSelection(569)) - ContainerBalancer is trying to move container #85 with size 5368709120B from source datanode f6756ff9-0196-427b-b4cc-b42e5f7d592c to target datanode 12fece16-68fc-4087-8872-95165ef44b9d
2023-06-27 18:42:12,381 [main] DEBUG balancer.ContainerBalancerTask (ContainerBalancerTask.java:lambda$moveContainer$3(834)) - Container move completed for container #85 from source f6756ff9-0196-427b-b4cc-b42e5f7d592c to target 12fece16-68fc-4087-8872-95165ef44b9d
2023-06-27 18:42:12,383 [main] DEBUG balancer.ContainerBalancerTask (ContainerBalancerTask.java:matchSourceWithTarget(706)) - ContainerBalancer is finding suitable target for source datanode f6756ff9-0196-427b-b4cc-b42e5f7d592c
2023-06-27 18:42:12,384 [main] INFO  balancer.ContainerBalancerTask (ContainerBalancerTask.java:matchSourceWithTarget(720)) - ContainerBalancer matched source datanode f6756ff9-0196-427b-b4cc-b42e5f7d592c with target datanode 12fece16-68fc-4087-8872-95165ef44b9d for container move.
2023-06-27 18:42:12,384 [main] INFO  balancer.ContainerBalancerTask (ContainerBalancerTask.java:processMoveSelection(569)) - ContainerBalancer is trying to move container #89 with size 4294967296B from source datanode f6756ff9-0196-427b-b4cc-b42e5f7d592c to target datanode 12fece16-68fc-4087-8872-95165ef44b9d
2023-06-27 18:42:12,384 [main] DEBUG balancer.ContainerBalancerTask (ContainerBalancerTask.java:lambda$moveContainer$3(834)) - Container move completed for container #89 from source f6756ff9-0196-427b-b4cc-b42e5f7d592c to target 12fece16-68fc-4087-8872-95165ef44b9d
2023-06-27 18:42:12,386 [main] DEBUG balancer.ContainerBalancerTask (ContainerBalancerTask.java:matchSourceWithTarget(706)) - ContainerBalancer is finding suitable target for source datanode 6187f75d-e45f-4018-a281-bb56976d837a
2023-06-27 18:42:12,387 [main] INFO  balancer.FindTargetGreedyByUsageInfo (AbstractFindTargetGreedy.java:findTargetForContainerMove(133)) - Container Balancer could not find a target for source datanode 6187f75d-e45f-4018-a281-bb56976d837a
2023-06-27 18:42:12,387 [main] DEBUG balancer.ContainerBalancerTask (ContainerBalancerTask.java:matchSourceWithTarget(715)) - ContainerBalancer could not find a suitable target for source node 6187f75d-e45f-4018-a281-bb56976d837a.
2023-06-27 18:42:12,389 [main] DEBUG balancer.ContainerBalancerTask (ContainerBalancerTask.java:matchSourceWithTarget(706)) - ContainerBalancer is finding suitable target for source datanode f6756ff9-0196-427b-b4cc-b42e5f7d592c
2023-06-27 18:42:12,390 [main] INFO  balancer.FindTargetGreedyByUsageInfo (AbstractFindTargetGreedy.java:findTargetForContainerMove(133)) - Container Balancer could not find a target for source datanode f6756ff9-0196-427b-b4cc-b42e5f7d592c
2023-06-27 18:42:12,390 [main] DEBUG balancer.ContainerBalancerTask (ContainerBalancerTask.java:matchSourceWithTarget(715)) - ContainerBalancer could not find a suitable target for source node f6756ff9-0196-427b-b4cc-b42e5f7d592c.
2023-06-27 18:42:12,393 [main] DEBUG balancer.ContainerBalancerTask (ContainerBalancerTask.java:matchSourceWithTarget(706)) - ContainerBalancer is finding suitable target for source datanode f03a10c2-24f0-44c8-bc4d-bd611dc8ad7f
2023-06-27 18:42:12,393 [main] INFO  balancer.FindTargetGreedyByUsageInfo (AbstractFindTargetGreedy.java:findTargetForContainerMove(133)) - Container Balancer could not find a target for source datanode f03a10c2-24f0-44c8-bc4d-bd611dc8ad7f
2023-06-27 18:42:12,393 [main] DEBUG balancer.ContainerBalancerTask (ContainerBalancerTask.java:matchSourceWithTarget(715)) - ContainerBalancer could not find a suitable target for source node f03a10c2-24f0-44c8-bc4d-bd611dc8ad7f.
2023-06-27 18:42:12,393 [main] INFO  balancer.FindSourceGreedy (FindSourceGreedy.java:getNextCandidateSourceDataNode(126)) - no more candidate source data node
2023-06-27 18:42:12,394 [main] INFO  balancer.ContainerBalancerTask (ContainerBalancerTask.java:checkIterationMoveResults(640)) - Iteration Summary. Number of Datanodes involved: 2. Size moved: 9 GB (9663676416 Bytes). Number of Container moves completed: 2.
2023-06-27 18:42:12,394 [main] INFO  balancer.ContainerBalancerTask (ContainerBalancerTask.java:balance(259)) - Result of this iteration of Container Balancer: ITERATION_COMPLETED
2023-06-27 18:42:12,394 [main] INFO  balancer.ContainerBalancerTask (ContainerBalancerTask.java:tryStopWithSaveConfiguration(308)) - Save Configuration for stopping. Reason: Completed all iterations.
2023-06-27 18:42:12,395 [main] DEBUG balancer.ContainerBalancerTask (ContainerBalancerTask.java:initializeIteration(374)) - Average utilization of the cluster is 0.3159529620592805
2023-06-27 18:42:12,395 [main] DEBUG balancer.ContainerBalancerTask (ContainerBalancerTask.java:initializeIteration(386)) - Lower limit for utilization is -0.09750683335302435 and Upper limit for utilization is 0.7294127574715853
2023-06-27 18:42:12,395 [main] DEBUG balancer.ContainerBalancerTask (ContainerBalancerTask.java:initializeIteration(398)) - Utilization for node f6756ff9-0196-427b-b4cc-b42e5f7d592c with capacity 60845370026B, used 54760833024B, and remaining 6084537002B is 0.900000000009861
2023-06-27 18:42:12,395 [main] DEBUG balancer.ContainerBalancerTask (ContainerBalancerTask.java:initializeIteration(398)) - Utilization for node 6187f75d-e45f-4018-a281-bb56976d837a with capacity 60397977600B, used 48318382080B, and remaining 12079595520B is 0.8
2023-06-27 18:42:12,395 [main] DEBUG balancer.ContainerBalancerTask (ContainerBalancerTask.java:initializeIteration(398)) - Utilization for node f03a10c2-24f0-44c8-bc4d-bd611dc8ad7f with capacity 64424509440B, used 45097156608B, and remaining 19327352832B is 0.7
2023-06-27 18:42:12,395 [main] DEBUG balancer.ContainerBalancerTask (ContainerBalancerTask.java:initializeIteration(398)) - Utilization for node 7c8b3037-85a2-4169-9705-f83a8a8933aa with capacity 96636764160B, used 57982058496B, and remaining 38654705664B is 0.6
2023-06-27 18:42:12,395 [main] DEBUG balancer.ContainerBalancerTask (ContainerBalancerTask.java:initializeIteration(398)) - Utilization for node e9725ca9-6d93-493e-a615-8d7c01e40e9c with capacity 51539607552B, used 25769803776B, and remaining 25769803776B is 0.5
2023-06-27 18:42:12,395 [main] DEBUG balancer.ContainerBalancerTask (ContainerBalancerTask.java:initializeIteration(398)) - Utilization for node 267eb708-4a88-4eaa-979e-506819a6081d with capacity 99321118720B, used 39728447488B, and remaining 59592671232B is 0.4
2023-06-27 18:42:12,395 [main] DEBUG balancer.ContainerBalancerTask (ContainerBalancerTask.java:initializeIteration(398)) - Utilization for node 6cda17ab-62e1-4c97-baa7-1e14d7451676 with capacity 100215903573B, used 30064771072B, and remaining 70151132501B is 0.30000000000099786
2023-06-27 18:42:12,395 [main] DEBUG balancer.ContainerBalancerTask (ContainerBalancerTask.java:initializeIteration(398)) - Utilization for node 2da8c10f-2b50-47d8-a3d7-45c9a5e5a955 with capacity 144955146240B, used 28991029248B, and remaining 115964116992B is 0.2
2023-06-27 18:42:12,395 [main] DEBUG balancer.ContainerBalancerTask (ContainerBalancerTask.java:initializeIteration(398)) - Utilization for node c528def6-d961-4c40-b955-eb0d4935cbdf with capacity 515396075520B, used 51539607552B, and remaining 463856467968B is 0.1
2023-06-27 18:42:12,397 [main] DEBUG balancer.ContainerBalancerTask (ContainerBalancerTask.java:initializeIteration(398)) - Utilization for node 12fece16-68fc-4087-8872-95165ef44b9d with capacity 16106127360B, used 0B, and remaining 16106127360B is 0.0
2023-06-27 18:42:12,397 [main] INFO  balancer.ContainerBalancerTask (ContainerBalancerTask.java:initializeIteration(447)) - Container Balancer has identified 2 Over-Utilized and 0 Under-Utilized Datanodes that need to be balanced.
2023-06-27 18:42:12,397 [main] DEBUG balancer.ContainerBalancerTask (ContainerBalancerTask.java:lambda$initializeIteration$1(453)) - Datanode localhost-238.167.169.96 f6756ff9-0196-427b-b4cc-b42e5f7d592c is Over-Utilized.
2023-06-27 18:42:12,397 [main] DEBUG balancer.ContainerBalancerTask (ContainerBalancerTask.java:lambda$initializeIteration$1(453)) - Datanode localhost-179.249.57.69 6187f75d-e45f-4018-a281-bb56976d837a is Over-Utilized.
2023-06-27 18:42:12,400 [main] DEBUG balancer.ContainerBalancerTask (ContainerBalancerTask.java:matchSourceWithTarget(706)) - ContainerBalancer is finding suitable target for source datanode f6756ff9-0196-427b-b4cc-b42e5f7d592c
2023-06-27 18:42:12,400 [main] INFO  balancer.FindTargetGreedyByUsageInfo (AbstractFindTargetGreedy.java:findTargetForContainerMove(133)) - Container Balancer could not find a target for source datanode f6756ff9-0196-427b-b4cc-b42e5f7d592c
2023-06-27 18:42:12,400 [main] DEBUG balancer.ContainerBalancerTask (ContainerBalancerTask.java:matchSourceWithTarget(715)) - ContainerBalancer could not find a suitable target for source node f6756ff9-0196-427b-b4cc-b42e5f7d592c.
2023-06-27 18:42:12,402 [main] DEBUG balancer.ContainerBalancerTask (ContainerBalancerTask.java:matchSourceWithTarget(706)) - ContainerBalancer is finding suitable target for source datanode 6187f75d-e45f-4018-a281-bb56976d837a
2023-06-27 18:42:12,402 [main] INFO  balancer.FindTargetGreedyByUsageInfo (AbstractFindTargetGreedy.java:findTargetForContainerMove(133)) - Container Balancer could not find a target for source datanode 6187f75d-e45f-4018-a281-bb56976d837a
2023-06-27 18:42:12,402 [main] DEBUG balancer.ContainerBalancerTask (ContainerBalancerTask.java:matchSourceWithTarget(715)) - ContainerBalancer could not find a suitable target for source node 6187f75d-e45f-4018-a281-bb56976d837a.
2023-06-27 18:42:12,402 [main] INFO  balancer.FindSourceGreedy (FindSourceGreedy.java:getNextCandidateSourceDataNode(126)) - no more candidate source data node
2023-06-27 18:42:12,402 [main] INFO  balancer.ContainerBalancerTask (ContainerBalancerTask.java:balance(259)) - Result of this iteration of Container Balancer: CAN_NOT_BALANCE_ANY_MORE
2023-06-27 18:42:12,402 [main] INFO  balancer.ContainerBalancerTask (ContainerBalancerTask.java:tryStopWithSaveConfiguration(308)) - Save Configuration for stopping. Reason: CAN_NOT_BALANCE_ANY_MORE
2023-06-27 18:42:12,403 [main] DEBUG balancer.ContainerBalancerTask (ContainerBalancerTask.java:initializeIteration(374)) - Average utilization of the cluster is 0.3159529620592805
2023-06-27 18:42:12,403 [main] DEBUG balancer.ContainerBalancerTask (ContainerBalancerTask.java:initializeIteration(386)) - Lower limit for utilization is -0.4943307064380821 and Upper limit for utilization is 1.126236630556643
2023-06-27 18:42:12,403 [main] DEBUG balancer.ContainerBalancerTask (ContainerBalancerTask.java:initializeIteration(398)) - Utilization for node f6756ff9-0196-427b-b4cc-b42e5f7d592c with capacity 60845370026B, used 54760833024B, and remaining 6084537002B is 0.900000000009861
2023-06-27 18:42:12,403 [main] DEBUG balancer.ContainerBalancerTask (ContainerBalancerTask.java:initializeIteration(398)) - Utilization for node 6187f75d-e45f-4018-a281-bb56976d837a with capacity 60397977600B, used 48318382080B, and remaining 12079595520B is 0.8
2023-06-27 18:42:12,403 [main] DEBUG balancer.ContainerBalancerTask (ContainerBalancerTask.java:initializeIteration(398)) - Utilization for node f03a10c2-24f0-44c8-bc4d-bd611dc8ad7f with capacity 64424509440B, used 45097156608B, and remaining 19327352832B is 0.7
2023-06-27 18:42:12,403 [main] DEBUG balancer.ContainerBalancerTask (ContainerBalancerTask.java:initializeIteration(398)) - Utilization for node 7c8b3037-85a2-4169-9705-f83a8a8933aa with capacity 96636764160B, used 57982058496B, and remaining 38654705664B is 0.6
2023-06-27 18:42:12,404 [main] DEBUG balancer.ContainerBalancerTask (ContainerBalancerTask.java:initializeIteration(398)) - Utilization for node e9725ca9-6d93-493e-a615-8d7c01e40e9c with capacity 51539607552B, used 25769803776B, and remaining 25769803776B is 0.5
2023-06-27 18:42:12,404 [main] DEBUG balancer.ContainerBalancerTask (ContainerBalancerTask.java:initializeIteration(398)) - Utilization for node 267eb708-4a88-4eaa-979e-506819a6081d with capacity 99321118720B, used 39728447488B, and remaining 59592671232B is 0.4
2023-06-27 18:42:12,404 [main] DEBUG balancer.ContainerBalancerTask (ContainerBalancerTask.java:initializeIteration(398)) - Utilization for node 6cda17ab-62e1-4c97-baa7-1e14d7451676 with capacity 100215903573B, used 30064771072B, and remaining 70151132501B is 0.30000000000099786
2023-06-27 18:42:12,404 [main] DEBUG balancer.ContainerBalancerTask (ContainerBalancerTask.java:initializeIteration(398)) - Utilization for node 2da8c10f-2b50-47d8-a3d7-45c9a5e5a955 with capacity 144955146240B, used 28991029248B, and remaining 115964116992B is 0.2
2023-06-27 18:42:12,404 [main] DEBUG balancer.ContainerBalancerTask (ContainerBalancerTask.java:initializeIteration(398)) - Utilization for node c528def6-d961-4c40-b955-eb0d4935cbdf with capacity 515396075520B, used 51539607552B, and remaining 463856467968B is 0.1
2023-06-27 18:42:12,404 [main] DEBUG balancer.ContainerBalancerTask (ContainerBalancerTask.java:initializeIteration(398)) - Utilization for node 12fece16-68fc-4087-8872-95165ef44b9d with capacity 16106127360B, used 0B, and remaining 16106127360B is 0.0
2023-06-27 18:42:12,404 [main] INFO  balancer.ContainerBalancerTask (ContainerBalancerTask.java:initializeIteration(443)) - Did not find any unbalanced Datanodes.
2023-06-27 18:42:12,404 [main] INFO  balancer.ContainerBalancerTask (ContainerBalancerTask.java:tryStopWithSaveConfiguration(308)) - Save Configuration for stopping. Reason: Could not initialize ContainerBalancer's iteration number 0
2023-06-27 18:42:12,405 [main] DEBUG balancer.ContainerBalancerTask (ContainerBalancerTask.java:initializeIteration(374)) - Average utilization of the cluster is 0.3159529620592805
2023-06-27 18:42:12,405 [main] DEBUG balancer.ContainerBalancerTask (ContainerBalancerTask.java:initializeIteration(386)) - Lower limit for utilization is -0.36304627022744373 and Upper limit for utilization is 0.9949521943460047
2023-06-27 18:42:12,405 [main] DEBUG balancer.ContainerBalancerTask (ContainerBalancerTask.java:initializeIteration(398)) - Utilization for node f6756ff9-0196-427b-b4cc-b42e5f7d592c with capacity 60845370026B, used 54760833024B, and remaining 6084537002B is 0.900000000009861
2023-06-27 18:42:12,405 [main] DEBUG balancer.ContainerBalancerTask (ContainerBalancerTask.java:initializeIteration(398)) - Utilization for node 6187f75d-e45f-4018-a281-bb56976d837a with capacity 60397977600B, used 48318382080B, and remaining 12079595520B is 0.8
2023-06-27 18:42:12,405 [main] DEBUG balancer.ContainerBalancerTask (ContainerBalancerTask.java:initializeIteration(398)) - Utilization for node f03a10c2-24f0-44c8-bc4d-bd611dc8ad7f with capacity 64424509440B, used 45097156608B, and remaining 19327352832B is 0.7
2023-06-27 18:42:12,405 [main] DEBUG balancer.ContainerBalancerTask (ContainerBalancerTask.java:initializeIteration(398)) - Utilization for node 7c8b3037-85a2-4169-9705-f83a8a8933aa with capacity 96636764160B, used 57982058496B, and remaining 38654705664B is 0.6
2023-06-27 18:42:12,405 [main] DEBUG balancer.ContainerBalancerTask (ContainerBalancerTask.java:initializeIteration(398)) - Utilization for node e9725ca9-6d93-493e-a615-8d7c01e40e9c with capacity 51539607552B, used 25769803776B, and remaining 25769803776B is 0.5
2023-06-27 18:42:12,405 [main] DEBUG balancer.ContainerBalancerTask (ContainerBalancerTask.java:initializeIteration(398)) - Utilization for node 267eb708-4a88-4eaa-979e-506819a6081d with capacity 99321118720B, used 39728447488B, and remaining 59592671232B is 0.4
2023-06-27 18:42:12,405 [main] DEBUG balancer.ContainerBalancerTask (ContainerBalancerTask.java:initializeIteration(398)) - Utilization for node 6cda17ab-62e1-4c97-baa7-1e14d7451676 with capacity 100215903573B, used 30064771072B, and remaining 70151132501B is 0.30000000000099786
2023-06-27 18:42:12,405 [main] DEBUG balancer.ContainerBalancerTask (ContainerBalancerTask.java:initializeIteration(398)) - Utilization for node 2da8c10f-2b50-47d8-a3d7-45c9a5e5a955 with capacity 144955146240B, used 28991029248B, and remaining 115964116992B is 0.2
2023-06-27 18:42:12,405 [main] DEBUG balancer.ContainerBalancerTask (ContainerBalancerTask.java:initializeIteration(398)) - Utilization for node c528def6-d961-4c40-b955-eb0d4935cbdf with capacity 515396075520B, used 51539607552B, and remaining 463856467968B is 0.1
2023-06-27 18:42:12,406 [main] DEBUG balancer.ContainerBalancerTask (ContainerBalancerTask.java:initializeIteration(398)) - Utilization for node 12fece16-68fc-4087-8872-95165ef44b9d with capacity 16106127360B, used 0B, and remaining 16106127360B is 0.0
2023-06-27 18:42:12,406 [main] INFO  balancer.ContainerBalancerTask (ContainerBalancerTask.java:initializeIteration(443)) - Did not find any unbalanced Datanodes.
2023-06-27 18:42:12,406 [main] INFO  balancer.ContainerBalancerTask (ContainerBalancerTask.java:tryStopWithSaveConfiguration(308)) - Save Configuration for stopping. Reason: Could not initialize ContainerBalancer's iteration number 0
2023-06-27 18:42:12,406 [main] DEBUG balancer.ContainerBalancerTask (ContainerBalancerTask.java:initializeIteration(374)) - Average utilization of the cluster is 0.3159529620592805
2023-06-27 18:42:12,406 [main] DEBUG balancer.ContainerBalancerTask (ContainerBalancerTask.java:initializeIteration(386)) - Lower limit for utilization is -0.6759548368876068 and Upper limit for utilization is 1.3078607610061677
2023-06-27 18:42:12,406 [main] DEBUG balancer.ContainerBalancerTask (ContainerBalancerTask.java:initializeIteration(398)) - Utilization for node f6756ff9-0196-427b-b4cc-b42e5f7d592c with capacity 60845370026B, used 54760833024B, and remaining 6084537002B is 0.900000000009861
2023-06-27 18:42:12,407 [main] DEBUG balancer.ContainerBalancerTask (ContainerBalancerTask.java:initializeIteration(398)) - Utilization for node 6187f75d-e45f-4018-a281-bb56976d837a with capacity 60397977600B, used 48318382080B, and remaining 12079595520B is 0.8
2023-06-27 18:42:12,407 [main] DEBUG balancer.ContainerBalancerTask (ContainerBalancerTask.java:initializeIteration(398)) - Utilization for node f03a10c2-24f0-44c8-bc4d-bd611dc8ad7f with capacity 64424509440B, used 45097156608B, and remaining 19327352832B is 0.7
2023-06-27 18:42:12,407 [main] DEBUG balancer.ContainerBalancerTask (ContainerBalancerTask.java:initializeIteration(398)) - Utilization for node 7c8b3037-85a2-4169-9705-f83a8a8933aa with capacity 96636764160B, used 57982058496B, and remaining 38654705664B is 0.6
2023-06-27 18:42:12,407 [main] DEBUG balancer.ContainerBalancerTask (ContainerBalancerTask.java:initializeIteration(398)) - Utilization for node e9725ca9-6d93-493e-a615-8d7c01e40e9c with capacity 51539607552B, used 25769803776B, and remaining 25769803776B is 0.5
2023-06-27 18:42:12,407 [main] DEBUG balancer.ContainerBalancerTask (ContainerBalancerTask.java:initializeIteration(398)) - Utilization for node 267eb708-4a88-4eaa-979e-506819a6081d with capacity 99321118720B, used 39728447488B, and remaining 59592671232B is 0.4
2023-06-27 18:42:12,407 [main] DEBUG balancer.ContainerBalancerTask (ContainerBalancerTask.java:initializeIteration(398)) - Utilization for node 6cda17ab-62e1-4c97-baa7-1e14d7451676 with capacity 100215903573B, used 30064771072B, and remaining 70151132501B is 0.30000000000099786
2023-06-27 18:42:12,407 [main] DEBUG balancer.ContainerBalancerTask (ContainerBalancerTask.java:initializeIteration(398)) - Utilization for node 2da8c10f-2b50-47d8-a3d7-45c9a5e5a955 with capacity 144955146240B, used 28991029248B, and remaining 115964116992B is 0.2
2023-06-27 18:42:12,407 [main] DEBUG balancer.ContainerBalancerTask (ContainerBalancerTask.java:initializeIteration(398)) - Utilization for node c528def6-d961-4c40-b955-eb0d4935cbdf with capacity 515396075520B, used 51539607552B, and remaining 463856467968B is 0.1
2023-06-27 18:42:12,407 [main] DEBUG balancer.ContainerBalancerTask (ContainerBalancerTask.java:initializeIteration(398)) - Utilization for node 12fece16-68fc-4087-8872-95165ef44b9d with capacity 16106127360B, used 0B, and remaining 16106127360B is 0.0
2023-06-27 18:42:12,407 [main] INFO  balancer.ContainerBalancerTask (ContainerBalancerTask.java:initializeIteration(443)) - Did not find any unbalanced Datanodes.
2023-06-27 18:42:12,407 [main] INFO  balancer.ContainerBalancerTask (ContainerBalancerTask.java:tryStopWithSaveConfiguration(308)) - Save Configuration for stopping. Reason: Could not initialize ContainerBalancer's iteration number 0
2023-06-27 18:42:12,408 [main] DEBUG balancer.ContainerBalancerTask (ContainerBalancerTask.java:initializeIteration(374)) - Average utilization of the cluster is 0.3159529620592805
2023-06-27 18:42:12,408 [main] DEBUG balancer.ContainerBalancerTask (ContainerBalancerTask.java:initializeIteration(386)) - Lower limit for utilization is 0.08992498922434344 and Upper limit for utilization is 0.5419809348942175
2023-06-27 18:42:12,408 [main] DEBUG balancer.ContainerBalancerTask (ContainerBalancerTask.java:initializeIteration(398)) - Utilization for node f6756ff9-0196-427b-b4cc-b42e5f7d592c with capacity 60845370026B, used 54760833024B, and remaining 6084537002B is 0.900000000009861
2023-06-27 18:42:12,408 [main] DEBUG balancer.ContainerBalancerTask (ContainerBalancerTask.java:initializeIteration(398)) - Utilization for node 6187f75d-e45f-4018-a281-bb56976d837a with capacity 60397977600B, used 48318382080B, and remaining 12079595520B is 0.8
2023-06-27 18:42:12,408 [main] DEBUG balancer.ContainerBalancerTask (ContainerBalancerTask.java:initializeIteration(398)) - Utilization for node f03a10c2-24f0-44c8-bc4d-bd611dc8ad7f with capacity 64424509440B, used 45097156608B, and remaining 19327352832B is 0.7
2023-06-27 18:42:12,408 [main] DEBUG balancer.ContainerBalancerTask (ContainerBalancerTask.java:initializeIteration(398)) - Utilization for node 7c8b3037-85a2-4169-9705-f83a8a8933aa with capacity 96636764160B, used 57982058496B, and remaining 38654705664B is 0.6
2023-06-27 18:42:12,408 [main] DEBUG balancer.ContainerBalancerTask (ContainerBalancerTask.java:initializeIteration(398)) - Utilization for node e9725ca9-6d93-493e-a615-8d7c01e40e9c with capacity 51539607552B, used 25769803776B, and remaining 25769803776B is 0.5
2023-06-27 18:42:12,409 [main] DEBUG balancer.ContainerBalancerTask (ContainerBalancerTask.java:initializeIteration(398)) - Utilization for node 267eb708-4a88-4eaa-979e-506819a6081d with capacity 99321118720B, used 39728447488B, and remaining 59592671232B is 0.4
2023-06-27 18:42:12,409 [main] DEBUG balancer.ContainerBalancerTask (ContainerBalancerTask.java:initializeIteration(398)) - Utilization for node 6cda17ab-62e1-4c97-baa7-1e14d7451676 with capacity 100215903573B, used 30064771072B, and remaining 70151132501B is 0.30000000000099786
2023-06-27 18:42:12,409 [main] DEBUG balancer.ContainerBalancerTask (ContainerBalancerTask.java:initializeIteration(398)) - Utilization for node 2da8c10f-2b50-47d8-a3d7-45c9a5e5a955 with capacity 144955146240B, used 28991029248B, and remaining 115964116992B is 0.2
2023-06-27 18:42:12,409 [main] DEBUG balancer.ContainerBalancerTask (ContainerBalancerTask.java:initializeIteration(398)) - Utilization for node c528def6-d961-4c40-b955-eb0d4935cbdf with capacity 515396075520B, used 51539607552B, and remaining 463856467968B is 0.1
2023-06-27 18:42:12,409 [main] DEBUG balancer.ContainerBalancerTask (ContainerBalancerTask.java:initializeIteration(398)) - Utilization for node 12fece16-68fc-4087-8872-95165ef44b9d with capacity 16106127360B, used 0B, and remaining 16106127360B is 0.0
2023-06-27 18:42:12,409 [main] INFO  balancer.ContainerBalancerTask (ContainerBalancerTask.java:initializeIteration(447)) - Container Balancer has identified 4 Over-Utilized and 1 Under-Utilized Datanodes that need to be balanced.
2023-06-27 18:42:12,409 [main] DEBUG balancer.ContainerBalancerTask (ContainerBalancerTask.java:lambda$initializeIteration$1(453)) - Datanode localhost-238.167.169.96 f6756ff9-0196-427b-b4cc-b42e5f7d592c is Over-Utilized.
2023-06-27 18:42:12,409 [main] DEBUG balancer.ContainerBalancerTask (ContainerBalancerTask.java:lambda$initializeIteration$1(453)) - Datanode localhost-179.249.57.69 6187f75d-e45f-4018-a281-bb56976d837a is Over-Utilized.
2023-06-27 18:42:12,409 [main] DEBUG balancer.ContainerBalancerTask (ContainerBalancerTask.java:lambda$initializeIteration$1(453)) - Datanode localhost-226.29.25.54 f03a10c2-24f0-44c8-bc4d-bd611dc8ad7f is Over-Utilized.
2023-06-27 18:42:12,409 [main] DEBUG balancer.ContainerBalancerTask (ContainerBalancerTask.java:lambda$initializeIteration$1(453)) - Datanode localhost-243.51.53.194 7c8b3037-85a2-4169-9705-f83a8a8933aa is Over-Utilized.
2023-06-27 18:42:12,409 [main] DEBUG balancer.ContainerBalancerTask (ContainerBalancerTask.java:lambda$initializeIteration$2(459)) - Datanode localhost-100.172.16.143 12fece16-68fc-4087-8872-95165ef44b9d is Under-Utilized.
2023-06-27 18:42:12,412 [main] DEBUG balancer.ContainerBalancerTask (ContainerBalancerTask.java:matchSourceWithTarget(706)) - ContainerBalancer is finding suitable target for source datanode f6756ff9-0196-427b-b4cc-b42e5f7d592c
2023-06-27 18:42:12,412 [main] INFO  balancer.ContainerBalancerTask (ContainerBalancerTask.java:matchSourceWithTarget(720)) - ContainerBalancer matched source datanode f6756ff9-0196-427b-b4cc-b42e5f7d592c with target datanode 12fece16-68fc-4087-8872-95165ef44b9d for container move.
2023-06-27 18:42:12,412 [main] INFO  balancer.ContainerBalancerTask (ContainerBalancerTask.java:processMoveSelection(569)) - ContainerBalancer is trying to move container #85 with size 5368709120B from source datanode f6756ff9-0196-427b-b4cc-b42e5f7d592c to target datanode 12fece16-68fc-4087-8872-95165ef44b9d
2023-06-27 18:42:12,412 [main] DEBUG balancer.ContainerBalancerTask (ContainerBalancerTask.java:lambda$moveContainer$3(834)) - Container move completed for container #85 from source f6756ff9-0196-427b-b4cc-b42e5f7d592c to target 12fece16-68fc-4087-8872-95165ef44b9d
2023-06-27 18:42:12,415 [main] DEBUG balancer.ContainerBalancerTask (ContainerBalancerTask.java:matchSourceWithTarget(706)) - ContainerBalancer is finding suitable target for source datanode f6756ff9-0196-427b-b4cc-b42e5f7d592c
2023-06-27 18:42:12,415 [main] INFO  balancer.ContainerBalancerTask (ContainerBalancerTask.java:matchSourceWithTarget(720)) - ContainerBalancer matched source datanode f6756ff9-0196-427b-b4cc-b42e5f7d592c with target datanode 12fece16-68fc-4087-8872-95165ef44b9d for container move.
2023-06-27 18:42:12,415 [main] INFO  balancer.ContainerBalancerTask (ContainerBalancerTask.java:processMoveSelection(569)) - ContainerBalancer is trying to move container #88 with size 3221225472B from source datanode f6756ff9-0196-427b-b4cc-b42e5f7d592c to target datanode 12fece16-68fc-4087-8872-95165ef44b9d
2023-06-27 18:42:12,415 [main] DEBUG balancer.ContainerBalancerTask (ContainerBalancerTask.java:lambda$moveContainer$3(834)) - Container move completed for container #88 from source f6756ff9-0196-427b-b4cc-b42e5f7d592c to target 12fece16-68fc-4087-8872-95165ef44b9d
2023-06-27 18:42:12,417 [main] DEBUG balancer.ContainerBalancerTask (ContainerBalancerTask.java:matchSourceWithTarget(706)) - ContainerBalancer is finding suitable target for source datanode 6187f75d-e45f-4018-a281-bb56976d837a
2023-06-27 18:42:12,418 [main] INFO  balancer.FindTargetGreedyByUsageInfo (AbstractFindTargetGreedy.java:findTargetForContainerMove(133)) - Container Balancer could not find a target for source datanode 6187f75d-e45f-4018-a281-bb56976d837a
2023-06-27 18:42:12,418 [main] DEBUG balancer.ContainerBalancerTask (ContainerBalancerTask.java:matchSourceWithTarget(715)) - ContainerBalancer could not find a suitable target for source node 6187f75d-e45f-4018-a281-bb56976d837a.
2023-06-27 18:42:12,421 [main] DEBUG balancer.ContainerBalancerTask (ContainerBalancerTask.java:matchSourceWithTarget(706)) - ContainerBalancer is finding suitable target for source datanode f6756ff9-0196-427b-b4cc-b42e5f7d592c
2023-06-27 18:42:12,421 [main] INFO  balancer.FindTargetGreedyByUsageInfo (AbstractFindTargetGreedy.java:findTargetForContainerMove(133)) - Container Balancer could not find a target for source datanode f6756ff9-0196-427b-b4cc-b42e5f7d592c
2023-06-27 18:42:12,421 [main] DEBUG balancer.ContainerBalancerTask (ContainerBalancerTask.java:matchSourceWithTarget(715)) - ContainerBalancer could not find a suitable target for source node f6756ff9-0196-427b-b4cc-b42e5f7d592c.
2023-06-27 18:42:12,424 [main] DEBUG balancer.ContainerBalancerTask (ContainerBalancerTask.java:matchSourceWithTarget(706)) - ContainerBalancer is finding suitable target for source datanode f03a10c2-24f0-44c8-bc4d-bd611dc8ad7f
2023-06-27 18:42:12,425 [main] INFO  balancer.FindTargetGreedyByUsageInfo (AbstractFindTargetGreedy.java:findTargetForContainerMove(133)) - Container Balancer could not find a target for source datanode f03a10c2-24f0-44c8-bc4d-bd611dc8ad7f
2023-06-27 18:42:12,425 [main] DEBUG balancer.ContainerBalancerTask (ContainerBalancerTask.java:matchSourceWithTarget(715)) - ContainerBalancer could not find a suitable target for source node f03a10c2-24f0-44c8-bc4d-bd611dc8ad7f.
2023-06-27 18:42:12,427 [main] DEBUG balancer.ContainerBalancerTask (ContainerBalancerTask.java:matchSourceWithTarget(706)) - ContainerBalancer is finding suitable target for source datanode 7c8b3037-85a2-4169-9705-f83a8a8933aa
2023-06-27 18:42:12,428 [main] INFO  balancer.FindTargetGreedyByUsageInfo (AbstractFindTargetGreedy.java:findTargetForContainerMove(133)) - Container Balancer could not find a target for source datanode 7c8b3037-85a2-4169-9705-f83a8a8933aa
2023-06-27 18:42:12,428 [main] DEBUG balancer.ContainerBalancerTask (ContainerBalancerTask.java:matchSourceWithTarget(715)) - ContainerBalancer could not find a suitable target for source node 7c8b3037-85a2-4169-9705-f83a8a8933aa.
2023-06-27 18:42:12,428 [main] INFO  balancer.FindSourceGreedy (FindSourceGreedy.java:getNextCandidateSourceDataNode(126)) - no more candidate source data node
2023-06-27 18:42:12,428 [main] INFO  balancer.ContainerBalancerTask (ContainerBalancerTask.java:checkIterationMoveResults(640)) - Iteration Summary. Number of Datanodes involved: 2. Size moved: 8 GB (8589934592 Bytes). Number of Container moves completed: 2.
2023-06-27 18:42:12,428 [main] INFO  balancer.ContainerBalancerTask (ContainerBalancerTask.java:balance(259)) - Result of this iteration of Container Balancer: ITERATION_COMPLETED
2023-06-27 18:42:12,428 [main] INFO  balancer.ContainerBalancerTask (ContainerBalancerTask.java:tryStopWithSaveConfiguration(308)) - Save Configuration for stopping. Reason: Completed all iterations.
2023-06-27 18:42:12,429 [main] DEBUG balancer.ContainerBalancerTask (ContainerBalancerTask.java:initializeIteration(374)) - Average utilization of the cluster is 0.3159529620592805
2023-06-27 18:42:12,429 [main] DEBUG balancer.ContainerBalancerTask (ContainerBalancerTask.java:initializeIteration(386)) - Lower limit for utilization is -0.5931368878794132 and Upper limit for utilization is 1.2250428119979742
2023-06-27 18:42:12,429 [main] DEBUG balancer.ContainerBalancerTask (ContainerBalancerTask.java:initializeIteration(398)) - Utilization for node f6756ff9-0196-427b-b4cc-b42e5f7d592c with capacity 60845370026B, used 54760833024B, and remaining 6084537002B is 0.900000000009861
2023-06-27 18:42:12,429 [main] DEBUG balancer.ContainerBalancerTask (ContainerBalancerTask.java:initializeIteration(398)) - Utilization for node 6187f75d-e45f-4018-a281-bb56976d837a with capacity 60397977600B, used 48318382080B, and remaining 12079595520B is 0.8
2023-06-27 18:42:12,429 [main] DEBUG balancer.ContainerBalancerTask (ContainerBalancerTask.java:initializeIteration(398)) - Utilization for node f03a10c2-24f0-44c8-bc4d-bd611dc8ad7f with capacity 64424509440B, used 45097156608B, and remaining 19327352832B is 0.7
2023-06-27 18:42:12,429 [main] DEBUG balancer.ContainerBalancerTask (ContainerBalancerTask.java:initializeIteration(398)) - Utilization for node 7c8b3037-85a2-4169-9705-f83a8a8933aa with capacity 96636764160B, used 57982058496B, and remaining 38654705664B is 0.6
2023-06-27 18:42:12,430 [main] DEBUG balancer.ContainerBalancerTask (ContainerBalancerTask.java:initializeIteration(398)) - Utilization for node e9725ca9-6d93-493e-a615-8d7c01e40e9c with capacity 51539607552B, used 25769803776B, and remaining 25769803776B is 0.5
2023-06-27 18:42:12,430 [main] DEBUG balancer.ContainerBalancerTask (ContainerBalancerTask.java:initializeIteration(398)) - Utilization for node 267eb708-4a88-4eaa-979e-506819a6081d with capacity 99321118720B, used 39728447488B, and remaining 59592671232B is 0.4
2023-06-27 18:42:12,430 [main] DEBUG balancer.ContainerBalancerTask (ContainerBalancerTask.java:initializeIteration(398)) - Utilization for node 6cda17ab-62e1-4c97-baa7-1e14d7451676 with capacity 100215903573B, used 30064771072B, and remaining 70151132501B is 0.30000000000099786
2023-06-27 18:42:12,430 [main] DEBUG balancer.ContainerBalancerTask (ContainerBalancerTask.java:initializeIteration(398)) - Utilization for node 2da8c10f-2b50-47d8-a3d7-45c9a5e5a955 with capacity 144955146240B, used 28991029248B, and remaining 115964116992B is 0.2
2023-06-27 18:42:12,430 [main] DEBUG balancer.ContainerBalancerTask (ContainerBalancerTask.java:initializeIteration(398)) - Utilization for node c528def6-d961-4c40-b955-eb0d4935cbdf with capacity 515396075520B, used 51539607552B, and remaining 463856467968B is 0.1
2023-06-27 18:42:12,430 [main] DEBUG balancer.ContainerBalancerTask (ContainerBalancerTask.java:initializeIteration(398)) - Utilization for node 12fece16-68fc-4087-8872-95165ef44b9d with capacity 16106127360B, used 0B, and remaining 16106127360B is 0.0
2023-06-27 18:42:12,430 [main] INFO  balancer.ContainerBalancerTask (ContainerBalancerTask.java:initializeIteration(443)) - Did not find any unbalanced Datanodes.
2023-06-27 18:42:12,430 [main] INFO  balancer.ContainerBalancerTask (ContainerBalancerTask.java:tryStopWithSaveConfiguration(308)) - Save Configuration for stopping. Reason: Could not initialize ContainerBalancer's iteration number 0
2023-06-27 18:42:12,431 [main] DEBUG balancer.ContainerBalancerTask (ContainerBalancerTask.java:initializeIteration(374)) - Average utilization of the cluster is 0.3159529620592805
2023-06-27 18:42:12,431 [main] DEBUG balancer.ContainerBalancerTask (ContainerBalancerTask.java:initializeIteration(386)) - Lower limit for utilization is -0.12383807111162581 and Upper limit for utilization is 0.7557439952301868
2023-06-27 18:42:12,431 [main] DEBUG balancer.ContainerBalancerTask (ContainerBalancerTask.java:initializeIteration(398)) - Utilization for node f6756ff9-0196-427b-b4cc-b42e5f7d592c with capacity 60845370026B, used 54760833024B, and remaining 6084537002B is 0.900000000009861
2023-06-27 18:42:12,431 [main] DEBUG balancer.ContainerBalancerTask (ContainerBalancerTask.java:initializeIteration(398)) - Utilization for node 6187f75d-e45f-4018-a281-bb56976d837a with capacity 60397977600B, used 48318382080B, and remaining 12079595520B is 0.8
2023-06-27 18:42:12,431 [main] DEBUG balancer.ContainerBalancerTask (ContainerBalancerTask.java:initializeIteration(398)) - Utilization for node f03a10c2-24f0-44c8-bc4d-bd611dc8ad7f with capacity 64424509440B, used 45097156608B, and remaining 19327352832B is 0.7
2023-06-27 18:42:12,431 [main] DEBUG balancer.ContainerBalancerTask (ContainerBalancerTask.java:initializeIteration(398)) - Utilization for node 7c8b3037-85a2-4169-9705-f83a8a8933aa with capacity 96636764160B, used 57982058496B, and remaining 38654705664B is 0.6
2023-06-27 18:42:12,431 [main] DEBUG balancer.ContainerBalancerTask (ContainerBalancerTask.java:initializeIteration(398)) - Utilization for node e9725ca9-6d93-493e-a615-8d7c01e40e9c with capacity 51539607552B, used 25769803776B, and remaining 25769803776B is 0.5
2023-06-27 18:42:12,431 [main] DEBUG balancer.ContainerBalancerTask (ContainerBalancerTask.java:initializeIteration(398)) - Utilization for node 267eb708-4a88-4eaa-979e-506819a6081d with capacity 99321118720B, used 39728447488B, and remaining 59592671232B is 0.4
2023-06-27 18:42:12,431 [main] DEBUG balancer.ContainerBalancerTask (ContainerBalancerTask.java:initializeIteration(398)) - Utilization for node 6cda17ab-62e1-4c97-baa7-1e14d7451676 with capacity 100215903573B, used 30064771072B, and remaining 70151132501B is 0.30000000000099786
2023-06-27 18:42:12,431 [main] DEBUG balancer.ContainerBalancerTask (ContainerBalancerTask.java:initializeIteration(398)) - Utilization for node 2da8c10f-2b50-47d8-a3d7-45c9a5e5a955 with capacity 144955146240B, used 28991029248B, and remaining 115964116992B is 0.2
2023-06-27 18:42:12,432 [main] DEBUG balancer.ContainerBalancerTask (ContainerBalancerTask.java:initializeIteration(398)) - Utilization for node c528def6-d961-4c40-b955-eb0d4935cbdf with capacity 515396075520B, used 51539607552B, and remaining 463856467968B is 0.1
2023-06-27 18:42:12,432 [main] DEBUG balancer.ContainerBalancerTask (ContainerBalancerTask.java:initializeIteration(398)) - Utilization for node 12fece16-68fc-4087-8872-95165ef44b9d with capacity 16106127360B, used 0B, and remaining 16106127360B is 0.0
2023-06-27 18:42:12,432 [main] INFO  balancer.ContainerBalancerTask (ContainerBalancerTask.java:initializeIteration(447)) - Container Balancer has identified 2 Over-Utilized and 0 Under-Utilized Datanodes that need to be balanced.
2023-06-27 18:42:12,432 [main] DEBUG balancer.ContainerBalancerTask (ContainerBalancerTask.java:lambda$initializeIteration$1(453)) - Datanode localhost-238.167.169.96 f6756ff9-0196-427b-b4cc-b42e5f7d592c is Over-Utilized.
2023-06-27 18:42:12,432 [main] DEBUG balancer.ContainerBalancerTask (ContainerBalancerTask.java:lambda$initializeIteration$1(453)) - Datanode localhost-179.249.57.69 6187f75d-e45f-4018-a281-bb56976d837a is Over-Utilized.
2023-06-27 18:42:12,434 [main] DEBUG balancer.ContainerBalancerTask (ContainerBalancerTask.java:matchSourceWithTarget(706)) - ContainerBalancer is finding suitable target for source datanode f6756ff9-0196-427b-b4cc-b42e5f7d592c
2023-06-27 18:42:12,434 [main] INFO  balancer.FindTargetGreedyByUsageInfo (AbstractFindTargetGreedy.java:findTargetForContainerMove(133)) - Container Balancer could not find a target for source datanode f6756ff9-0196-427b-b4cc-b42e5f7d592c
2023-06-27 18:42:12,434 [main] DEBUG balancer.ContainerBalancerTask (ContainerBalancerTask.java:matchSourceWithTarget(715)) - ContainerBalancer could not find a suitable target for source node f6756ff9-0196-427b-b4cc-b42e5f7d592c.
2023-06-27 18:42:12,437 [main] DEBUG balancer.ContainerBalancerTask (ContainerBalancerTask.java:matchSourceWithTarget(706)) - ContainerBalancer is finding suitable target for source datanode 6187f75d-e45f-4018-a281-bb56976d837a
2023-06-27 18:42:12,437 [main] INFO  balancer.FindTargetGreedyByUsageInfo (AbstractFindTargetGreedy.java:findTargetForContainerMove(133)) - Container Balancer could not find a target for source datanode 6187f75d-e45f-4018-a281-bb56976d837a
2023-06-27 18:42:12,437 [main] DEBUG balancer.ContainerBalancerTask (ContainerBalancerTask.java:matchSourceWithTarget(715)) - ContainerBalancer could not find a suitable target for source node 6187f75d-e45f-4018-a281-bb56976d837a.
2023-06-27 18:42:12,437 [main] INFO  balancer.FindSourceGreedy (FindSourceGreedy.java:getNextCandidateSourceDataNode(126)) - no more candidate source data node
2023-06-27 18:42:12,437 [main] INFO  balancer.ContainerBalancerTask (ContainerBalancerTask.java:balance(259)) - Result of this iteration of Container Balancer: CAN_NOT_BALANCE_ANY_MORE
2023-06-27 18:42:12,437 [main] INFO  balancer.ContainerBalancerTask (ContainerBalancerTask.java:tryStopWithSaveConfiguration(308)) - Save Configuration for stopping. Reason: CAN_NOT_BALANCE_ANY_MORE
2023-06-27 18:42:12,438 [main] DEBUG balancer.ContainerBalancerTask (ContainerBalancerTask.java:initializeIteration(374)) - Average utilization of the cluster is 0.3159529620592805
2023-06-27 18:42:12,438 [main] DEBUG balancer.ContainerBalancerTask (ContainerBalancerTask.java:initializeIteration(386)) - Lower limit for utilization is 0.1726920775192775 and Upper limit for utilization is 0.45921384659928344
2023-06-27 18:42:12,438 [main] DEBUG balancer.ContainerBalancerTask (ContainerBalancerTask.java:initializeIteration(398)) - Utilization for node f6756ff9-0196-427b-b4cc-b42e5f7d592c with capacity 60845370026B, used 54760833024B, and remaining 6084537002B is 0.900000000009861
2023-06-27 18:42:12,438 [main] DEBUG balancer.ContainerBalancerTask (ContainerBalancerTask.java:initializeIteration(398)) - Utilization for node 6187f75d-e45f-4018-a281-bb56976d837a with capacity 60397977600B, used 48318382080B, and remaining 12079595520B is 0.8
2023-06-27 18:42:12,438 [main] DEBUG balancer.ContainerBalancerTask (ContainerBalancerTask.java:initializeIteration(398)) - Utilization for node f03a10c2-24f0-44c8-bc4d-bd611dc8ad7f with capacity 64424509440B, used 45097156608B, and remaining 19327352832B is 0.7
2023-06-27 18:42:12,439 [main] DEBUG balancer.ContainerBalancerTask (ContainerBalancerTask.java:initializeIteration(398)) - Utilization for node 7c8b3037-85a2-4169-9705-f83a8a8933aa with capacity 96636764160B, used 57982058496B, and remaining 38654705664B is 0.6
2023-06-27 18:42:12,439 [main] DEBUG balancer.ContainerBalancerTask (ContainerBalancerTask.java:initializeIteration(398)) - Utilization for node e9725ca9-6d93-493e-a615-8d7c01e40e9c with capacity 51539607552B, used 25769803776B, and remaining 25769803776B is 0.5
2023-06-27 18:42:12,439 [main] DEBUG balancer.ContainerBalancerTask (ContainerBalancerTask.java:initializeIteration(398)) - Utilization for node 267eb708-4a88-4eaa-979e-506819a6081d with capacity 99321118720B, used 39728447488B, and remaining 59592671232B is 0.4
2023-06-27 18:42:12,439 [main] DEBUG balancer.ContainerBalancerTask (ContainerBalancerTask.java:initializeIteration(398)) - Utilization for node 6cda17ab-62e1-4c97-baa7-1e14d7451676 with capacity 100215903573B, used 30064771072B, and remaining 70151132501B is 0.30000000000099786
2023-06-27 18:42:12,439 [main] DEBUG balancer.ContainerBalancerTask (ContainerBalancerTask.java:initializeIteration(398)) - Utilization for node 2da8c10f-2b50-47d8-a3d7-45c9a5e5a955 with capacity 144955146240B, used 28991029248B, and remaining 115964116992B is 0.2
2023-06-27 18:42:12,439 [main] DEBUG balancer.ContainerBalancerTask (ContainerBalancerTask.java:initializeIteration(398)) - Utilization for node c528def6-d961-4c40-b955-eb0d4935cbdf with capacity 515396075520B, used 51539607552B, and remaining 463856467968B is 0.1
2023-06-27 18:42:12,439 [main] DEBUG balancer.ContainerBalancerTask (ContainerBalancerTask.java:initializeIteration(398)) - Utilization for node 12fece16-68fc-4087-8872-95165ef44b9d with capacity 16106127360B, used 0B, and remaining 16106127360B is 0.0
2023-06-27 18:42:12,440 [main] INFO  balancer.ContainerBalancerTask (ContainerBalancerTask.java:initializeIteration(447)) - Container Balancer has identified 5 Over-Utilized and 2 Under-Utilized Datanodes that need to be balanced.
2023-06-27 18:42:12,440 [main] DEBUG balancer.ContainerBalancerTask (ContainerBalancerTask.java:lambda$initializeIteration$1(453)) - Datanode localhost-238.167.169.96 f6756ff9-0196-427b-b4cc-b42e5f7d592c is Over-Utilized.
2023-06-27 18:42:12,440 [main] DEBUG balancer.ContainerBalancerTask (ContainerBalancerTask.java:lambda$initializeIteration$1(453)) - Datanode localhost-179.249.57.69 6187f75d-e45f-4018-a281-bb56976d837a is Over-Utilized.
2023-06-27 18:42:12,440 [main] DEBUG balancer.ContainerBalancerTask (ContainerBalancerTask.java:lambda$initializeIteration$1(453)) - Datanode localhost-226.29.25.54 f03a10c2-24f0-44c8-bc4d-bd611dc8ad7f is Over-Utilized.
2023-06-27 18:42:12,444 [main] DEBUG balancer.ContainerBalancerTask (ContainerBalancerTask.java:lambda$initializeIteration$1(453)) - Datanode localhost-243.51.53.194 7c8b3037-85a2-4169-9705-f83a8a8933aa is Over-Utilized.
2023-06-27 18:42:12,445 [main] DEBUG balancer.ContainerBalancerTask (ContainerBalancerTask.java:lambda$initializeIteration$1(453)) - Datanode localhost-0.43.181.195 e9725ca9-6d93-493e-a615-8d7c01e40e9c is Over-Utilized.
2023-06-27 18:42:12,445 [main] DEBUG balancer.ContainerBalancerTask (ContainerBalancerTask.java:lambda$initializeIteration$2(459)) - Datanode localhost-100.172.16.143 12fece16-68fc-4087-8872-95165ef44b9d is Under-Utilized.
2023-06-27 18:42:12,445 [main] DEBUG balancer.ContainerBalancerTask (ContainerBalancerTask.java:lambda$initializeIteration$2(459)) - Datanode localhost-132.51.8.14 c528def6-d961-4c40-b955-eb0d4935cbdf is Under-Utilized.
2023-06-27 18:42:12,447 [main] DEBUG balancer.ContainerBalancerTask (ContainerBalancerTask.java:matchSourceWithTarget(706)) - ContainerBalancer is finding suitable target for source datanode f6756ff9-0196-427b-b4cc-b42e5f7d592c
2023-06-27 18:42:12,447 [main] INFO  balancer.ContainerBalancerTask (ContainerBalancerTask.java:matchSourceWithTarget(720)) - ContainerBalancer matched source datanode f6756ff9-0196-427b-b4cc-b42e5f7d592c with target datanode 12fece16-68fc-4087-8872-95165ef44b9d for container move.
2023-06-27 18:42:12,448 [main] INFO  balancer.ContainerBalancerTask (ContainerBalancerTask.java:processMoveSelection(569)) - ContainerBalancer is trying to move container #85 with size 5368709120B from source datanode f6756ff9-0196-427b-b4cc-b42e5f7d592c to target datanode 12fece16-68fc-4087-8872-95165ef44b9d
2023-06-27 18:42:12,448 [main] DEBUG balancer.ContainerBalancerTask (ContainerBalancerTask.java:lambda$moveContainer$3(834)) - Container move completed for container #85 from source f6756ff9-0196-427b-b4cc-b42e5f7d592c to target 12fece16-68fc-4087-8872-95165ef44b9d
2023-06-27 18:42:12,450 [main] DEBUG balancer.ContainerBalancerTask (ContainerBalancerTask.java:matchSourceWithTarget(706)) - ContainerBalancer is finding suitable target for source datanode f6756ff9-0196-427b-b4cc-b42e5f7d592c
2023-06-27 18:42:12,450 [main] INFO  balancer.ContainerBalancerTask (ContainerBalancerTask.java:matchSourceWithTarget(720)) - ContainerBalancer matched source datanode f6756ff9-0196-427b-b4cc-b42e5f7d592c with target datanode c528def6-d961-4c40-b955-eb0d4935cbdf for container move.
2023-06-27 18:42:12,450 [main] INFO  balancer.ContainerBalancerTask (ContainerBalancerTask.java:processMoveSelection(569)) - ContainerBalancer is trying to move container #53 with size 5368709120B from source datanode f6756ff9-0196-427b-b4cc-b42e5f7d592c to target datanode c528def6-d961-4c40-b955-eb0d4935cbdf
2023-06-27 18:42:12,451 [main] DEBUG balancer.ContainerBalancerTask (ContainerBalancerTask.java:lambda$moveContainer$3(834)) - Container move completed for container #53 from source f6756ff9-0196-427b-b4cc-b42e5f7d592c to target c528def6-d961-4c40-b955-eb0d4935cbdf
2023-06-27 18:42:12,453 [main] DEBUG balancer.ContainerBalancerTask (ContainerBalancerTask.java:matchSourceWithTarget(706)) - ContainerBalancer is finding suitable target for source datanode 6187f75d-e45f-4018-a281-bb56976d837a
2023-06-27 18:42:12,453 [main] INFO  balancer.ContainerBalancerTask (ContainerBalancerTask.java:matchSourceWithTarget(720)) - ContainerBalancer matched source datanode 6187f75d-e45f-4018-a281-bb56976d837a with target datanode c528def6-d961-4c40-b955-eb0d4935cbdf for container move.
2023-06-27 18:42:12,453 [main] INFO  balancer.ContainerBalancerTask (ContainerBalancerTask.java:processMoveSelection(569)) - ContainerBalancer is trying to move container #68 with size 5368709120B from source datanode 6187f75d-e45f-4018-a281-bb56976d837a to target datanode c528def6-d961-4c40-b955-eb0d4935cbdf
2023-06-27 18:42:12,453 [main] DEBUG balancer.ContainerBalancerTask (ContainerBalancerTask.java:lambda$moveContainer$3(834)) - Container move completed for container #68 from source 6187f75d-e45f-4018-a281-bb56976d837a to target c528def6-d961-4c40-b955-eb0d4935cbdf
2023-06-27 18:42:12,456 [main] DEBUG balancer.ContainerBalancerTask (ContainerBalancerTask.java:matchSourceWithTarget(706)) - ContainerBalancer is finding suitable target for source datanode f6756ff9-0196-427b-b4cc-b42e5f7d592c
2023-06-27 18:42:12,456 [main] INFO  balancer.ContainerBalancerTask (ContainerBalancerTask.java:matchSourceWithTarget(720)) - ContainerBalancer matched source datanode f6756ff9-0196-427b-b4cc-b42e5f7d592c with target datanode c528def6-d961-4c40-b955-eb0d4935cbdf for container move.
2023-06-27 18:42:12,456 [main] INFO  balancer.ContainerBalancerTask (ContainerBalancerTask.java:processMoveSelection(569)) - ContainerBalancer is trying to move container #84 with size 4294967296B from source datanode f6756ff9-0196-427b-b4cc-b42e5f7d592c to target datanode c528def6-d961-4c40-b955-eb0d4935cbdf
2023-06-27 18:42:12,456 [main] DEBUG balancer.ContainerBalancerTask (ContainerBalancerTask.java:lambda$moveContainer$3(834)) - Container move completed for container #84 from source f6756ff9-0196-427b-b4cc-b42e5f7d592c to target c528def6-d961-4c40-b955-eb0d4935cbdf
2023-06-27 18:42:12,460 [main] DEBUG balancer.ContainerBalancerTask (ContainerBalancerTask.java:matchSourceWithTarget(706)) - ContainerBalancer is finding suitable target for source datanode 6187f75d-e45f-4018-a281-bb56976d837a
2023-06-27 18:42:12,460 [main] INFO  balancer.ContainerBalancerTask (ContainerBalancerTask.java:matchSourceWithTarget(720)) - ContainerBalancer matched source datanode 6187f75d-e45f-4018-a281-bb56976d837a with target datanode c528def6-d961-4c40-b955-eb0d4935cbdf for container move.
2023-06-27 18:42:12,461 [main] INFO  balancer.ContainerBalancerTask (ContainerBalancerTask.java:processMoveSelection(569)) - ContainerBalancer is trying to move container #71 with size 3221225472B from source datanode 6187f75d-e45f-4018-a281-bb56976d837a to target datanode c528def6-d961-4c40-b955-eb0d4935cbdf
2023-06-27 18:42:12,461 [main] DEBUG balancer.ContainerBalancerTask (ContainerBalancerTask.java:lambda$moveContainer$3(834)) - Container move completed for container #71 from source 6187f75d-e45f-4018-a281-bb56976d837a to target c528def6-d961-4c40-b955-eb0d4935cbdf
2023-06-27 18:42:12,463 [main] DEBUG balancer.ContainerBalancerTask (ContainerBalancerTask.java:matchSourceWithTarget(706)) - ContainerBalancer is finding suitable target for source datanode f03a10c2-24f0-44c8-bc4d-bd611dc8ad7f
2023-06-27 18:42:12,463 [main] INFO  balancer.ContainerBalancerTask (ContainerBalancerTask.java:matchSourceWithTarget(720)) - ContainerBalancer matched source datanode f03a10c2-24f0-44c8-bc4d-bd611dc8ad7f with target datanode c528def6-d961-4c40-b955-eb0d4935cbdf for container move.
2023-06-27 18:42:12,463 [main] INFO  balancer.ContainerBalancerTask (ContainerBalancerTask.java:processMoveSelection(569)) - ContainerBalancer is trying to move container #52 with size 4294967296B from source datanode f03a10c2-24f0-44c8-bc4d-bd611dc8ad7f to target datanode c528def6-d961-4c40-b955-eb0d4935cbdf
2023-06-27 18:42:12,463 [main] DEBUG balancer.ContainerBalancerTask (ContainerBalancerTask.java:lambda$moveContainer$3(834)) - Container move completed for container #52 from source f03a10c2-24f0-44c8-bc4d-bd611dc8ad7f to target c528def6-d961-4c40-b955-eb0d4935cbdf
2023-06-27 18:42:12,466 [main] DEBUG balancer.ContainerBalancerTask (ContainerBalancerTask.java:matchSourceWithTarget(706)) - ContainerBalancer is finding suitable target for source datanode 6187f75d-e45f-4018-a281-bb56976d837a
2023-06-27 18:42:12,466 [main] INFO  balancer.ContainerBalancerTask (ContainerBalancerTask.java:matchSourceWithTarget(720)) - ContainerBalancer matched source datanode 6187f75d-e45f-4018-a281-bb56976d837a with target datanode c528def6-d961-4c40-b955-eb0d4935cbdf for container move.
2023-06-27 18:42:12,466 [main] INFO  balancer.ContainerBalancerTask (ContainerBalancerTask.java:processMoveSelection(569)) - ContainerBalancer is trying to move container #66 with size 3221225472B from source datanode 6187f75d-e45f-4018-a281-bb56976d837a to target datanode c528def6-d961-4c40-b955-eb0d4935cbdf
2023-06-27 18:42:12,466 [main] DEBUG balancer.ContainerBalancerTask (ContainerBalancerTask.java:lambda$moveContainer$3(834)) - Container move completed for container #66 from source 6187f75d-e45f-4018-a281-bb56976d837a to target c528def6-d961-4c40-b955-eb0d4935cbdf
2023-06-27 18:42:12,469 [main] DEBUG balancer.ContainerBalancerTask (ContainerBalancerTask.java:matchSourceWithTarget(706)) - ContainerBalancer is finding suitable target for source datanode f6756ff9-0196-427b-b4cc-b42e5f7d592c
2023-06-27 18:42:12,469 [main] INFO  balancer.ContainerBalancerTask (ContainerBalancerTask.java:matchSourceWithTarget(720)) - ContainerBalancer matched source datanode f6756ff9-0196-427b-b4cc-b42e5f7d592c with target datanode c528def6-d961-4c40-b955-eb0d4935cbdf for container move.
2023-06-27 18:42:12,469 [main] INFO  balancer.ContainerBalancerTask (ContainerBalancerTask.java:processMoveSelection(569)) - ContainerBalancer is trying to move container #19 with size 4294967296B from source datanode f6756ff9-0196-427b-b4cc-b42e5f7d592c to target datanode c528def6-d961-4c40-b955-eb0d4935cbdf
2023-06-27 18:42:12,469 [main] DEBUG balancer.ContainerBalancerTask (ContainerBalancerTask.java:lambda$moveContainer$3(834)) - Container move completed for container #19 from source f6756ff9-0196-427b-b4cc-b42e5f7d592c to target c528def6-d961-4c40-b955-eb0d4935cbdf
2023-06-27 18:42:12,472 [main] DEBUG balancer.ContainerBalancerTask (ContainerBalancerTask.java:matchSourceWithTarget(706)) - ContainerBalancer is finding suitable target for source datanode f03a10c2-24f0-44c8-bc4d-bd611dc8ad7f
2023-06-27 18:42:12,472 [main] INFO  balancer.ContainerBalancerTask (ContainerBalancerTask.java:matchSourceWithTarget(720)) - ContainerBalancer matched source datanode f03a10c2-24f0-44c8-bc4d-bd611dc8ad7f with target datanode c528def6-d961-4c40-b955-eb0d4935cbdf for container move.
2023-06-27 18:42:12,472 [main] INFO  balancer.ContainerBalancerTask (ContainerBalancerTask.java:processMoveSelection(569)) - ContainerBalancer is trying to move container #38 with size 3221225472B from source datanode f03a10c2-24f0-44c8-bc4d-bd611dc8ad7f to target datanode c528def6-d961-4c40-b955-eb0d4935cbdf
2023-06-27 18:42:12,472 [main] DEBUG balancer.ContainerBalancerTask (ContainerBalancerTask.java:lambda$moveContainer$3(834)) - Container move completed for container #38 from source f03a10c2-24f0-44c8-bc4d-bd611dc8ad7f to target c528def6-d961-4c40-b955-eb0d4935cbdf
2023-06-27 18:42:12,475 [main] DEBUG balancer.ContainerBalancerTask (ContainerBalancerTask.java:matchSourceWithTarget(706)) - ContainerBalancer is finding suitable target for source datanode 6187f75d-e45f-4018-a281-bb56976d837a
2023-06-27 18:42:12,475 [main] INFO  balancer.ContainerBalancerTask (ContainerBalancerTask.java:matchSourceWithTarget(720)) - ContainerBalancer matched source datanode 6187f75d-e45f-4018-a281-bb56976d837a with target datanode c528def6-d961-4c40-b955-eb0d4935cbdf for container move.
2023-06-27 18:42:12,475 [main] INFO  balancer.ContainerBalancerTask (ContainerBalancerTask.java:processMoveSelection(569)) - ContainerBalancer is trying to move container #27 with size 3221225472B from source datanode 6187f75d-e45f-4018-a281-bb56976d837a to target datanode c528def6-d961-4c40-b955-eb0d4935cbdf
2023-06-27 18:42:12,475 [main] DEBUG balancer.ContainerBalancerTask (ContainerBalancerTask.java:lambda$moveContainer$3(834)) - Container move completed for container #27 from source 6187f75d-e45f-4018-a281-bb56976d837a to target c528def6-d961-4c40-b955-eb0d4935cbdf
2023-06-27 18:42:12,478 [main] DEBUG balancer.ContainerBalancerTask (ContainerBalancerTask.java:matchSourceWithTarget(706)) - ContainerBalancer is finding suitable target for source datanode 7c8b3037-85a2-4169-9705-f83a8a8933aa
2023-06-27 18:42:12,478 [main] INFO  balancer.ContainerBalancerTask (ContainerBalancerTask.java:matchSourceWithTarget(720)) - ContainerBalancer matched source datanode 7c8b3037-85a2-4169-9705-f83a8a8933aa with target datanode c528def6-d961-4c40-b955-eb0d4935cbdf for container move.
2023-06-27 18:42:12,478 [main] INFO  balancer.ContainerBalancerTask (ContainerBalancerTask.java:processMoveSelection(569)) - ContainerBalancer is trying to move container #40 with size 5368709120B from source datanode 7c8b3037-85a2-4169-9705-f83a8a8933aa to target datanode c528def6-d961-4c40-b955-eb0d4935cbdf
2023-06-27 18:42:12,478 [main] DEBUG balancer.ContainerBalancerTask (ContainerBalancerTask.java:lambda$moveContainer$3(834)) - Container move completed for container #40 from source 7c8b3037-85a2-4169-9705-f83a8a8933aa to target c528def6-d961-4c40-b955-eb0d4935cbdf
2023-06-27 18:42:12,481 [main] DEBUG balancer.ContainerBalancerTask (ContainerBalancerTask.java:matchSourceWithTarget(706)) - ContainerBalancer is finding suitable target for source datanode f03a10c2-24f0-44c8-bc4d-bd611dc8ad7f
2023-06-27 18:42:12,481 [main] INFO  balancer.ContainerBalancerTask (ContainerBalancerTask.java:matchSourceWithTarget(720)) - ContainerBalancer matched source datanode f03a10c2-24f0-44c8-bc4d-bd611dc8ad7f with target datanode c528def6-d961-4c40-b955-eb0d4935cbdf for container move.
2023-06-27 18:42:12,481 [main] INFO  balancer.ContainerBalancerTask (ContainerBalancerTask.java:processMoveSelection(569)) - ContainerBalancer is trying to move container #5 with size 2147483648B from source datanode f03a10c2-24f0-44c8-bc4d-bd611dc8ad7f to target datanode c528def6-d961-4c40-b955-eb0d4935cbdf
2023-06-27 18:42:12,482 [main] DEBUG balancer.ContainerBalancerTask (ContainerBalancerTask.java:lambda$moveContainer$3(834)) - Container move completed for container #5 from source f03a10c2-24f0-44c8-bc4d-bd611dc8ad7f to target c528def6-d961-4c40-b955-eb0d4935cbdf
2023-06-27 18:42:12,485 [main] DEBUG balancer.ContainerBalancerTask (ContainerBalancerTask.java:matchSourceWithTarget(706)) - ContainerBalancer is finding suitable target for source datanode f6756ff9-0196-427b-b4cc-b42e5f7d592c
2023-06-27 18:42:12,485 [main] INFO  balancer.ContainerBalancerTask (ContainerBalancerTask.java:matchSourceWithTarget(720)) - ContainerBalancer matched source datanode f6756ff9-0196-427b-b4cc-b42e5f7d592c with target datanode c528def6-d961-4c40-b955-eb0d4935cbdf for container move.
2023-06-27 18:42:12,485 [main] INFO  balancer.ContainerBalancerTask (ContainerBalancerTask.java:processMoveSelection(569)) - ContainerBalancer is trying to move container #88 with size 3221225472B from source datanode f6756ff9-0196-427b-b4cc-b42e5f7d592c to target datanode c528def6-d961-4c40-b955-eb0d4935cbdf
2023-06-27 18:42:12,485 [main] DEBUG balancer.ContainerBalancerTask (ContainerBalancerTask.java:lambda$moveContainer$3(834)) - Container move completed for container #88 from source f6756ff9-0196-427b-b4cc-b42e5f7d592c to target c528def6-d961-4c40-b955-eb0d4935cbdf
2023-06-27 18:42:12,488 [main] DEBUG balancer.ContainerBalancerTask (ContainerBalancerTask.java:matchSourceWithTarget(706)) - ContainerBalancer is finding suitable target for source datanode 6187f75d-e45f-4018-a281-bb56976d837a
2023-06-27 18:42:12,488 [main] INFO  balancer.ContainerBalancerTask (ContainerBalancerTask.java:matchSourceWithTarget(720)) - ContainerBalancer matched source datanode 6187f75d-e45f-4018-a281-bb56976d837a with target datanode c528def6-d961-4c40-b955-eb0d4935cbdf for container move.
2023-06-27 18:42:12,488 [main] INFO  balancer.ContainerBalancerTask (ContainerBalancerTask.java:processMoveSelection(569)) - ContainerBalancer is trying to move container #81 with size 1073741824B from source datanode 6187f75d-e45f-4018-a281-bb56976d837a to target datanode c528def6-d961-4c40-b955-eb0d4935cbdf
2023-06-27 18:42:12,488 [main] DEBUG balancer.ContainerBalancerTask (ContainerBalancerTask.java:lambda$moveContainer$3(834)) - Container move completed for container #81 from source 6187f75d-e45f-4018-a281-bb56976d837a to target c528def6-d961-4c40-b955-eb0d4935cbdf
2023-06-27 18:42:12,488 [main] WARN  balancer.ContainerBalancerTask (ContainerBalancerTask.java:reachedMaxSizeToMovePerIteration(731)) - Reached max size to move limit. 53687091200 bytes have already been scheduled for balancing and the limit is 53687091200 bytes.
2023-06-27 18:42:12,488 [main] INFO  balancer.ContainerBalancerTask (ContainerBalancerTask.java:checkIterationMoveResults(640)) - Iteration Summary. Number of Datanodes involved: 6. Size moved: 50 GB (53687091200 Bytes). Number of Container moves completed: 14.
2023-06-27 18:42:12,488 [main] INFO  balancer.ContainerBalancerTask (ContainerBalancerTask.java:balance(259)) - Result of this iteration of Container Balancer: ITERATION_COMPLETED
2023-06-27 18:42:12,489 [main] INFO  balancer.ContainerBalancerTask (ContainerBalancerTask.java:tryStopWithSaveConfiguration(308)) - Save Configuration for stopping. Reason: Completed all iterations.
2023-06-27 18:42:12,489 [main] DEBUG balancer.ContainerBalancerTask (ContainerBalancerTask.java:initializeIteration(374)) - Average utilization of the cluster is 0.3159529620592805
2023-06-27 18:42:12,489 [main] DEBUG balancer.ContainerBalancerTask (ContainerBalancerTask.java:initializeIteration(386)) - Lower limit for utilization is -0.036561349178646896 and Upper limit for utilization is 0.6684672732972079
2023-06-27 18:42:12,489 [main] DEBUG balancer.ContainerBalancerTask (ContainerBalancerTask.java:initializeIteration(398)) - Utilization for node f6756ff9-0196-427b-b4cc-b42e5f7d592c with capacity 60845370026B, used 54760833024B, and remaining 6084537002B is 0.900000000009861
2023-06-27 18:42:12,490 [main] DEBUG balancer.ContainerBalancerTask (ContainerBalancerTask.java:initializeIteration(398)) - Utilization for node 6187f75d-e45f-4018-a281-bb56976d837a with capacity 60397977600B, used 48318382080B, and remaining 12079595520B is 0.8
2023-06-27 18:42:12,490 [main] DEBUG balancer.ContainerBalancerTask (ContainerBalancerTask.java:initializeIteration(398)) - Utilization for node f03a10c2-24f0-44c8-bc4d-bd611dc8ad7f with capacity 64424509440B, used 45097156608B, and remaining 19327352832B is 0.7
2023-06-27 18:42:12,490 [main] DEBUG balancer.ContainerBalancerTask (ContainerBalancerTask.java:initializeIteration(398)) - Utilization for node 7c8b3037-85a2-4169-9705-f83a8a8933aa with capacity 96636764160B, used 57982058496B, and remaining 38654705664B is 0.6
2023-06-27 18:42:12,490 [main] DEBUG balancer.ContainerBalancerTask (ContainerBalancerTask.java:initializeIteration(398)) - Utilization for node e9725ca9-6d93-493e-a615-8d7c01e40e9c with capacity 51539607552B, used 25769803776B, and remaining 25769803776B is 0.5
2023-06-27 18:42:12,490 [main] DEBUG balancer.ContainerBalancerTask (ContainerBalancerTask.java:initializeIteration(398)) - Utilization for node 267eb708-4a88-4eaa-979e-506819a6081d with capacity 99321118720B, used 39728447488B, and remaining 59592671232B is 0.4
2023-06-27 18:42:12,490 [main] DEBUG balancer.ContainerBalancerTask (ContainerBalancerTask.java:initializeIteration(398)) - Utilization for node 6cda17ab-62e1-4c97-baa7-1e14d7451676 with capacity 100215903573B, used 30064771072B, and remaining 70151132501B is 0.30000000000099786
2023-06-27 18:42:12,490 [main] DEBUG balancer.ContainerBalancerTask (ContainerBalancerTask.java:initializeIteration(398)) - Utilization for node 2da8c10f-2b50-47d8-a3d7-45c9a5e5a955 with capacity 144955146240B, used 28991029248B, and remaining 115964116992B is 0.2
2023-06-27 18:42:12,490 [main] DEBUG balancer.ContainerBalancerTask (ContainerBalancerTask.java:initializeIteration(398)) - Utilization for node c528def6-d961-4c40-b955-eb0d4935cbdf with capacity 515396075520B, used 51539607552B, and remaining 463856467968B is 0.1
2023-06-27 18:42:12,490 [main] DEBUG balancer.ContainerBalancerTask (ContainerBalancerTask.java:initializeIteration(398)) - Utilization for node 12fece16-68fc-4087-8872-95165ef44b9d with capacity 16106127360B, used 0B, and remaining 16106127360B is 0.0
2023-06-27 18:42:12,490 [main] INFO  balancer.ContainerBalancerTask (ContainerBalancerTask.java:initializeIteration(447)) - Container Balancer has identified 3 Over-Utilized and 0 Under-Utilized Datanodes that need to be balanced.
2023-06-27 18:42:12,490 [main] DEBUG balancer.ContainerBalancerTask (ContainerBalancerTask.java:lambda$initializeIteration$1(453)) - Datanode localhost-238.167.169.96 f6756ff9-0196-427b-b4cc-b42e5f7d592c is Over-Utilized.
2023-06-27 18:42:12,490 [main] DEBUG balancer.ContainerBalancerTask (ContainerBalancerTask.java:lambda$initializeIteration$1(453)) - Datanode localhost-179.249.57.69 6187f75d-e45f-4018-a281-bb56976d837a is Over-Utilized.
2023-06-27 18:42:12,490 [main] DEBUG balancer.ContainerBalancerTask (ContainerBalancerTask.java:lambda$initializeIteration$1(453)) - Datanode localhost-226.29.25.54 f03a10c2-24f0-44c8-bc4d-bd611dc8ad7f is Over-Utilized.
2023-06-27 18:42:12,493 [main] DEBUG balancer.ContainerBalancerTask (ContainerBalancerTask.java:matchSourceWithTarget(706)) - ContainerBalancer is finding suitable target for source datanode f6756ff9-0196-427b-b4cc-b42e5f7d592c
2023-06-27 18:42:12,493 [main] INFO  balancer.FindTargetGreedyByUsageInfo (AbstractFindTargetGreedy.java:findTargetForContainerMove(133)) - Container Balancer could not find a target for source datanode f6756ff9-0196-427b-b4cc-b42e5f7d592c
2023-06-27 18:42:12,493 [main] DEBUG balancer.ContainerBalancerTask (ContainerBalancerTask.java:matchSourceWithTarget(715)) - ContainerBalancer could not find a suitable target for source node f6756ff9-0196-427b-b4cc-b42e5f7d592c.
2023-06-27 18:42:12,495 [main] DEBUG balancer.ContainerBalancerTask (ContainerBalancerTask.java:matchSourceWithTarget(706)) - ContainerBalancer is finding suitable target for source datanode 6187f75d-e45f-4018-a281-bb56976d837a
2023-06-27 18:42:12,495 [main] INFO  balancer.FindTargetGreedyByUsageInfo (AbstractFindTargetGreedy.java:findTargetForContainerMove(133)) - Container Balancer could not find a target for source datanode 6187f75d-e45f-4018-a281-bb56976d837a
2023-06-27 18:42:12,495 [main] DEBUG balancer.ContainerBalancerTask (ContainerBalancerTask.java:matchSourceWithTarget(715)) - ContainerBalancer could not find a suitable target for source node 6187f75d-e45f-4018-a281-bb56976d837a.
2023-06-27 18:42:12,497 [main] DEBUG balancer.ContainerBalancerTask (ContainerBalancerTask.java:matchSourceWithTarget(706)) - ContainerBalancer is finding suitable target for source datanode f03a10c2-24f0-44c8-bc4d-bd611dc8ad7f
2023-06-27 18:42:12,497 [main] INFO  balancer.FindTargetGreedyByUsageInfo (AbstractFindTargetGreedy.java:findTargetForContainerMove(133)) - Container Balancer could not find a target for source datanode f03a10c2-24f0-44c8-bc4d-bd611dc8ad7f
2023-06-27 18:42:12,498 [main] DEBUG balancer.ContainerBalancerTask (ContainerBalancerTask.java:matchSourceWithTarget(715)) - ContainerBalancer could not find a suitable target for source node f03a10c2-24f0-44c8-bc4d-bd611dc8ad7f.
2023-06-27 18:42:12,498 [main] INFO  balancer.FindSourceGreedy (FindSourceGreedy.java:getNextCandidateSourceDataNode(126)) - no more candidate source data node
2023-06-27 18:42:12,498 [main] INFO  balancer.ContainerBalancerTask (ContainerBalancerTask.java:balance(259)) - Result of this iteration of Container Balancer: CAN_NOT_BALANCE_ANY_MORE
2023-06-27 18:42:12,498 [main] INFO  balancer.ContainerBalancerTask (ContainerBalancerTask.java:tryStopWithSaveConfiguration(308)) - Save Configuration for stopping. Reason: CAN_NOT_BALANCE_ANY_MORE
2023-06-27 18:42:12,498 [main] DEBUG balancer.ContainerBalancerTask (ContainerBalancerTask.java:initializeIteration(374)) - Average utilization of the cluster is 0.3159529620592805
2023-06-27 18:42:12,499 [main] DEBUG balancer.ContainerBalancerTask (ContainerBalancerTask.java:initializeIteration(386)) - Lower limit for utilization is -0.6134236094431211 and Upper limit for utilization is 1.245329533561682
2023-06-27 18:42:12,499 [main] DEBUG balancer.ContainerBalancerTask (ContainerBalancerTask.java:initializeIteration(398)) - Utilization for node f6756ff9-0196-427b-b4cc-b42e5f7d592c with capacity 60845370026B, used 54760833024B, and remaining 6084537002B is 0.900000000009861
2023-06-27 18:42:12,499 [main] DEBUG balancer.ContainerBalancerTask (ContainerBalancerTask.java:initializeIteration(398)) - Utilization for node 6187f75d-e45f-4018-a281-bb56976d837a with capacity 60397977600B, used 48318382080B, and remaining 12079595520B is 0.8
2023-06-27 18:42:12,499 [main] DEBUG balancer.ContainerBalancerTask (ContainerBalancerTask.java:initializeIteration(398)) - Utilization for node f03a10c2-24f0-44c8-bc4d-bd611dc8ad7f with capacity 64424509440B, used 45097156608B, and remaining 19327352832B is 0.7
2023-06-27 18:42:12,499 [main] DEBUG balancer.ContainerBalancerTask (ContainerBalancerTask.java:initializeIteration(398)) - Utilization for node 7c8b3037-85a2-4169-9705-f83a8a8933aa with capacity 96636764160B, used 57982058496B, and remaining 38654705664B is 0.6
2023-06-27 18:42:12,499 [main] DEBUG balancer.ContainerBalancerTask (ContainerBalancerTask.java:initializeIteration(398)) - Utilization for node e9725ca9-6d93-493e-a615-8d7c01e40e9c with capacity 51539607552B, used 25769803776B, and remaining 25769803776B is 0.5
2023-06-27 18:42:12,499 [main] DEBUG balancer.ContainerBalancerTask (ContainerBalancerTask.java:initializeIteration(398)) - Utilization for node 267eb708-4a88-4eaa-979e-506819a6081d with capacity 99321118720B, used 39728447488B, and remaining 59592671232B is 0.4
2023-06-27 18:42:12,499 [main] DEBUG balancer.ContainerBalancerTask (ContainerBalancerTask.java:initializeIteration(398)) - Utilization for node 6cda17ab-62e1-4c97-baa7-1e14d7451676 with capacity 100215903573B, used 30064771072B, and remaining 70151132501B is 0.30000000000099786
2023-06-27 18:42:12,499 [main] DEBUG balancer.ContainerBalancerTask (ContainerBalancerTask.java:initializeIteration(398)) - Utilization for node 2da8c10f-2b50-47d8-a3d7-45c9a5e5a955 with capacity 144955146240B, used 28991029248B, and remaining 115964116992B is 0.2
2023-06-27 18:42:12,499 [main] DEBUG balancer.ContainerBalancerTask (ContainerBalancerTask.java:initializeIteration(398)) - Utilization for node c528def6-d961-4c40-b955-eb0d4935cbdf with capacity 515396075520B, used 51539607552B, and remaining 463856467968B is 0.1
2023-06-27 18:42:12,499 [main] DEBUG balancer.ContainerBalancerTask (ContainerBalancerTask.java:initializeIteration(398)) - Utilization for node 12fece16-68fc-4087-8872-95165ef44b9d with capacity 16106127360B, used 0B, and remaining 16106127360B is 0.0
2023-06-27 18:42:12,499 [main] INFO  balancer.ContainerBalancerTask (ContainerBalancerTask.java:initializeIteration(443)) - Did not find any unbalanced Datanodes.
2023-06-27 18:42:12,500 [main] INFO  balancer.ContainerBalancerTask (ContainerBalancerTask.java:tryStopWithSaveConfiguration(308)) - Save Configuration for stopping. Reason: Could not initialize ContainerBalancer's iteration number 0
2023-06-27 18:42:12,500 [main] DEBUG balancer.ContainerBalancerTask (ContainerBalancerTask.java:initializeIteration(374)) - Average utilization of the cluster is 0.3159529620592805
2023-06-27 18:42:12,500 [main] DEBUG balancer.ContainerBalancerTask (ContainerBalancerTask.java:initializeIteration(386)) - Lower limit for utilization is -0.1648410567513201 and Upper limit for utilization is 0.796746980869881
2023-06-27 18:42:12,500 [main] DEBUG balancer.ContainerBalancerTask (ContainerBalancerTask.java:initializeIteration(398)) - Utilization for node f6756ff9-0196-427b-b4cc-b42e5f7d592c with capacity 60845370026B, used 54760833024B, and remaining 6084537002B is 0.900000000009861
2023-06-27 18:42:12,501 [main] DEBUG balancer.ContainerBalancerTask (ContainerBalancerTask.java:initializeIteration(398)) - Utilization for node 6187f75d-e45f-4018-a281-bb56976d837a with capacity 60397977600B, used 48318382080B, and remaining 12079595520B is 0.8
2023-06-27 18:42:12,501 [main] DEBUG balancer.ContainerBalancerTask (ContainerBalancerTask.java:initializeIteration(398)) - Utilization for node f03a10c2-24f0-44c8-bc4d-bd611dc8ad7f with capacity 64424509440B, used 45097156608B, and remaining 19327352832B is 0.7
2023-06-27 18:42:12,501 [main] DEBUG balancer.ContainerBalancerTask (ContainerBalancerTask.java:initializeIteration(398)) - Utilization for node 7c8b3037-85a2-4169-9705-f83a8a8933aa with capacity 96636764160B, used 57982058496B, and remaining 38654705664B is 0.6
2023-06-27 18:42:12,501 [main] DEBUG balancer.ContainerBalancerTask (ContainerBalancerTask.java:initializeIteration(398)) - Utilization for node e9725ca9-6d93-493e-a615-8d7c01e40e9c with capacity 51539607552B, used 25769803776B, and remaining 25769803776B is 0.5
2023-06-27 18:42:12,501 [main] DEBUG balancer.ContainerBalancerTask (ContainerBalancerTask.java:initializeIteration(398)) - Utilization for node 267eb708-4a88-4eaa-979e-506819a6081d with capacity 99321118720B, used 39728447488B, and remaining 59592671232B is 0.4
2023-06-27 18:42:12,501 [main] DEBUG balancer.ContainerBalancerTask (ContainerBalancerTask.java:initializeIteration(398)) - Utilization for node 6cda17ab-62e1-4c97-baa7-1e14d7451676 with capacity 100215903573B, used 30064771072B, and remaining 70151132501B is 0.30000000000099786
2023-06-27 18:42:12,501 [main] DEBUG balancer.ContainerBalancerTask (ContainerBalancerTask.java:initializeIteration(398)) - Utilization for node 2da8c10f-2b50-47d8-a3d7-45c9a5e5a955 with capacity 144955146240B, used 28991029248B, and remaining 115964116992B is 0.2
2023-06-27 18:42:12,501 [main] DEBUG balancer.ContainerBalancerTask (ContainerBalancerTask.java:initializeIteration(398)) - Utilization for node c528def6-d961-4c40-b955-eb0d4935cbdf with capacity 515396075520B, used 51539607552B, and remaining 463856467968B is 0.1
2023-06-27 18:42:12,501 [main] DEBUG balancer.ContainerBalancerTask (ContainerBalancerTask.java:initializeIteration(398)) - Utilization for node 12fece16-68fc-4087-8872-95165ef44b9d with capacity 16106127360B, used 0B, and remaining 16106127360B is 0.0
2023-06-27 18:42:12,501 [main] INFO  balancer.ContainerBalancerTask (ContainerBalancerTask.java:initializeIteration(447)) - Container Balancer has identified 2 Over-Utilized and 0 Under-Utilized Datanodes that need to be balanced.
2023-06-27 18:42:12,501 [main] DEBUG balancer.ContainerBalancerTask (ContainerBalancerTask.java:lambda$initializeIteration$1(453)) - Datanode localhost-238.167.169.96 f6756ff9-0196-427b-b4cc-b42e5f7d592c is Over-Utilized.
2023-06-27 18:42:12,501 [main] DEBUG balancer.ContainerBalancerTask (ContainerBalancerTask.java:lambda$initializeIteration$1(453)) - Datanode localhost-179.249.57.69 6187f75d-e45f-4018-a281-bb56976d837a is Over-Utilized.
2023-06-27 18:42:12,504 [main] DEBUG balancer.ContainerBalancerTask (ContainerBalancerTask.java:matchSourceWithTarget(706)) - ContainerBalancer is finding suitable target for source datanode f6756ff9-0196-427b-b4cc-b42e5f7d592c
2023-06-27 18:42:12,504 [main] INFO  balancer.FindTargetGreedyByUsageInfo (AbstractFindTargetGreedy.java:findTargetForContainerMove(133)) - Container Balancer could not find a target for source datanode f6756ff9-0196-427b-b4cc-b42e5f7d592c
2023-06-27 18:42:12,504 [main] DEBUG balancer.ContainerBalancerTask (ContainerBalancerTask.java:matchSourceWithTarget(715)) - ContainerBalancer could not find a suitable target for source node f6756ff9-0196-427b-b4cc-b42e5f7d592c.
2023-06-27 18:42:12,506 [main] DEBUG balancer.ContainerBalancerTask (ContainerBalancerTask.java:matchSourceWithTarget(706)) - ContainerBalancer is finding suitable target for source datanode 6187f75d-e45f-4018-a281-bb56976d837a
2023-06-27 18:42:12,506 [main] INFO  balancer.FindTargetGreedyByUsageInfo (AbstractFindTargetGreedy.java:findTargetForContainerMove(133)) - Container Balancer could not find a target for source datanode 6187f75d-e45f-4018-a281-bb56976d837a
2023-06-27 18:42:12,506 [main] DEBUG balancer.ContainerBalancerTask (ContainerBalancerTask.java:matchSourceWithTarget(715)) - ContainerBalancer could not find a suitable target for source node 6187f75d-e45f-4018-a281-bb56976d837a.
2023-06-27 18:42:12,506 [main] INFO  balancer.FindSourceGreedy (FindSourceGreedy.java:getNextCandidateSourceDataNode(126)) - no more candidate source data node
2023-06-27 18:42:12,506 [main] INFO  balancer.ContainerBalancerTask (ContainerBalancerTask.java:balance(259)) - Result of this iteration of Container Balancer: CAN_NOT_BALANCE_ANY_MORE
2023-06-27 18:42:12,507 [main] INFO  balancer.ContainerBalancerTask (ContainerBalancerTask.java:tryStopWithSaveConfiguration(308)) - Save Configuration for stopping. Reason: CAN_NOT_BALANCE_ANY_MORE
2023-06-27 18:42:12,507 [main] DEBUG balancer.ContainerBalancerTask (ContainerBalancerTask.java:initializeIteration(374)) - Average utilization of the cluster is 0.3159529620592805
2023-06-27 18:42:12,507 [main] DEBUG balancer.ContainerBalancerTask (ContainerBalancerTask.java:initializeIteration(386)) - Lower limit for utilization is -0.07550582057266442 and Upper limit for utilization is 0.7074117446912254
2023-06-27 18:42:12,507 [main] DEBUG balancer.ContainerBalancerTask (ContainerBalancerTask.java:initializeIteration(398)) - Utilization for node f6756ff9-0196-427b-b4cc-b42e5f7d592c with capacity 60845370026B, used 54760833024B, and remaining 6084537002B is 0.900000000009861
2023-06-27 18:42:12,507 [main] DEBUG balancer.ContainerBalancerTask (ContainerBalancerTask.java:initializeIteration(398)) - Utilization for node 6187f75d-e45f-4018-a281-bb56976d837a with capacity 60397977600B, used 48318382080B, and remaining 12079595520B is 0.8
2023-06-27 18:42:12,507 [main] DEBUG balancer.ContainerBalancerTask (ContainerBalancerTask.java:initializeIteration(398)) - Utilization for node f03a10c2-24f0-44c8-bc4d-bd611dc8ad7f with capacity 64424509440B, used 45097156608B, and remaining 19327352832B is 0.7
2023-06-27 18:42:12,508 [main] DEBUG balancer.ContainerBalancerTask (ContainerBalancerTask.java:initializeIteration(398)) - Utilization for node 7c8b3037-85a2-4169-9705-f83a8a8933aa with capacity 96636764160B, used 57982058496B, and remaining 38654705664B is 0.6
2023-06-27 18:42:12,508 [main] DEBUG balancer.ContainerBalancerTask (ContainerBalancerTask.java:initializeIteration(398)) - Utilization for node e9725ca9-6d93-493e-a615-8d7c01e40e9c with capacity 51539607552B, used 25769803776B, and remaining 25769803776B is 0.5
2023-06-27 18:42:12,508 [main] DEBUG balancer.ContainerBalancerTask (ContainerBalancerTask.java:initializeIteration(398)) - Utilization for node 267eb708-4a88-4eaa-979e-506819a6081d with capacity 99321118720B, used 39728447488B, and remaining 59592671232B is 0.4
2023-06-27 18:42:12,508 [main] DEBUG balancer.ContainerBalancerTask (ContainerBalancerTask.java:initializeIteration(398)) - Utilization for node 6cda17ab-62e1-4c97-baa7-1e14d7451676 with capacity 100215903573B, used 30064771072B, and remaining 70151132501B is 0.30000000000099786
2023-06-27 18:42:12,508 [main] DEBUG balancer.ContainerBalancerTask (ContainerBalancerTask.java:initializeIteration(398)) - Utilization for node 2da8c10f-2b50-47d8-a3d7-45c9a5e5a955 with capacity 144955146240B, used 28991029248B, and remaining 115964116992B is 0.2
2023-06-27 18:42:12,508 [main] DEBUG balancer.ContainerBalancerTask (ContainerBalancerTask.java:initializeIteration(398)) - Utilization for node c528def6-d961-4c40-b955-eb0d4935cbdf with capacity 515396075520B, used 51539607552B, and remaining 463856467968B is 0.1
2023-06-27 18:42:12,508 [main] DEBUG balancer.ContainerBalancerTask (ContainerBalancerTask.java:initializeIteration(398)) - Utilization for node 12fece16-68fc-4087-8872-95165ef44b9d with capacity 16106127360B, used 0B, and remaining 16106127360B is 0.0
2023-06-27 18:42:12,508 [main] INFO  balancer.ContainerBalancerTask (ContainerBalancerTask.java:initializeIteration(447)) - Container Balancer has identified 2 Over-Utilized and 0 Under-Utilized Datanodes that need to be balanced.
2023-06-27 18:42:12,508 [main] DEBUG balancer.ContainerBalancerTask (ContainerBalancerTask.java:lambda$initializeIteration$1(453)) - Datanode localhost-238.167.169.96 f6756ff9-0196-427b-b4cc-b42e5f7d592c is Over-Utilized.
2023-06-27 18:42:12,508 [main] DEBUG balancer.ContainerBalancerTask (ContainerBalancerTask.java:lambda$initializeIteration$1(453)) - Datanode localhost-179.249.57.69 6187f75d-e45f-4018-a281-bb56976d837a is Over-Utilized.
2023-06-27 18:42:12,511 [main] DEBUG balancer.ContainerBalancerTask (ContainerBalancerTask.java:matchSourceWithTarget(706)) - ContainerBalancer is finding suitable target for source datanode f6756ff9-0196-427b-b4cc-b42e5f7d592c
2023-06-27 18:42:12,511 [main] INFO  balancer.FindTargetGreedyByUsageInfo (AbstractFindTargetGreedy.java:findTargetForContainerMove(133)) - Container Balancer could not find a target for source datanode f6756ff9-0196-427b-b4cc-b42e5f7d592c
2023-06-27 18:42:12,511 [main] DEBUG balancer.ContainerBalancerTask (ContainerBalancerTask.java:matchSourceWithTarget(715)) - ContainerBalancer could not find a suitable target for source node f6756ff9-0196-427b-b4cc-b42e5f7d592c.
2023-06-27 18:42:12,513 [main] DEBUG balancer.ContainerBalancerTask (ContainerBalancerTask.java:matchSourceWithTarget(706)) - ContainerBalancer is finding suitable target for source datanode 6187f75d-e45f-4018-a281-bb56976d837a
2023-06-27 18:42:12,513 [main] INFO  balancer.FindTargetGreedyByUsageInfo (AbstractFindTargetGreedy.java:findTargetForContainerMove(133)) - Container Balancer could not find a target for source datanode 6187f75d-e45f-4018-a281-bb56976d837a
2023-06-27 18:42:12,513 [main] DEBUG balancer.ContainerBalancerTask (ContainerBalancerTask.java:matchSourceWithTarget(715)) - ContainerBalancer could not find a suitable target for source node 6187f75d-e45f-4018-a281-bb56976d837a.
2023-06-27 18:42:12,513 [main] INFO  balancer.FindSourceGreedy (FindSourceGreedy.java:getNextCandidateSourceDataNode(126)) - no more candidate source data node
2023-06-27 18:42:12,513 [main] INFO  balancer.ContainerBalancerTask (ContainerBalancerTask.java:balance(259)) - Result of this iteration of Container Balancer: CAN_NOT_BALANCE_ANY_MORE
2023-06-27 18:42:12,513 [main] INFO  balancer.ContainerBalancerTask (ContainerBalancerTask.java:tryStopWithSaveConfiguration(308)) - Save Configuration for stopping. Reason: CAN_NOT_BALANCE_ANY_MORE
2023-06-27 18:42:12,514 [main] DEBUG balancer.ContainerBalancerTask (ContainerBalancerTask.java:initializeIteration(374)) - Average utilization of the cluster is 0.3159529620592805
2023-06-27 18:42:12,514 [main] DEBUG balancer.ContainerBalancerTask (ContainerBalancerTask.java:initializeIteration(386)) - Lower limit for utilization is -0.38100520489450906 and Upper limit for utilization is 1.01291112901307
2023-06-27 18:42:12,514 [main] DEBUG balancer.ContainerBalancerTask (ContainerBalancerTask.java:initializeIteration(398)) - Utilization for node f6756ff9-0196-427b-b4cc-b42e5f7d592c with capacity 60845370026B, used 54760833024B, and remaining 6084537002B is 0.900000000009861
2023-06-27 18:42:12,514 [main] DEBUG balancer.ContainerBalancerTask (ContainerBalancerTask.java:initializeIteration(398)) - Utilization for node 6187f75d-e45f-4018-a281-bb56976d837a with capacity 60397977600B, used 48318382080B, and remaining 12079595520B is 0.8
2023-06-27 18:42:12,514 [main] DEBUG balancer.ContainerBalancerTask (ContainerBalancerTask.java:initializeIteration(398)) - Utilization for node f03a10c2-24f0-44c8-bc4d-bd611dc8ad7f with capacity 64424509440B, used 45097156608B, and remaining 19327352832B is 0.7
2023-06-27 18:42:12,514 [main] DEBUG balancer.ContainerBalancerTask (ContainerBalancerTask.java:initializeIteration(398)) - Utilization for node 7c8b3037-85a2-4169-9705-f83a8a8933aa with capacity 96636764160B, used 57982058496B, and remaining 38654705664B is 0.6
2023-06-27 18:42:12,514 [main] DEBUG balancer.ContainerBalancerTask (ContainerBalancerTask.java:initializeIteration(398)) - Utilization for node e9725ca9-6d93-493e-a615-8d7c01e40e9c with capacity 51539607552B, used 25769803776B, and remaining 25769803776B is 0.5
2023-06-27 18:42:12,514 [main] DEBUG balancer.ContainerBalancerTask (ContainerBalancerTask.java:initializeIteration(398)) - Utilization for node 267eb708-4a88-4eaa-979e-506819a6081d with capacity 99321118720B, used 39728447488B, and remaining 59592671232B is 0.4
2023-06-27 18:42:12,514 [main] DEBUG balancer.ContainerBalancerTask (ContainerBalancerTask.java:initializeIteration(398)) - Utilization for node 6cda17ab-62e1-4c97-baa7-1e14d7451676 with capacity 100215903573B, used 30064771072B, and remaining 70151132501B is 0.30000000000099786
2023-06-27 18:42:12,515 [main] DEBUG balancer.ContainerBalancerTask (ContainerBalancerTask.java:initializeIteration(398)) - Utilization for node 2da8c10f-2b50-47d8-a3d7-45c9a5e5a955 with capacity 144955146240B, used 28991029248B, and remaining 115964116992B is 0.2
2023-06-27 18:42:12,515 [main] DEBUG balancer.ContainerBalancerTask (ContainerBalancerTask.java:initializeIteration(398)) - Utilization for node c528def6-d961-4c40-b955-eb0d4935cbdf with capacity 515396075520B, used 51539607552B, and remaining 463856467968B is 0.1
2023-06-27 18:42:12,515 [main] DEBUG balancer.ContainerBalancerTask (ContainerBalancerTask.java:initializeIteration(398)) - Utilization for node 12fece16-68fc-4087-8872-95165ef44b9d with capacity 16106127360B, used 0B, and remaining 16106127360B is 0.0
2023-06-27 18:42:12,515 [main] INFO  balancer.ContainerBalancerTask (ContainerBalancerTask.java:initializeIteration(443)) - Did not find any unbalanced Datanodes.
2023-06-27 18:42:12,515 [main] INFO  balancer.ContainerBalancerTask (ContainerBalancerTask.java:tryStopWithSaveConfiguration(308)) - Save Configuration for stopping. Reason: Could not initialize ContainerBalancer's iteration number 0
2023-06-27 18:42:12,515 [main] DEBUG balancer.ContainerBalancerTask (ContainerBalancerTask.java:initializeIteration(374)) - Average utilization of the cluster is 0.3159529620592805
2023-06-27 18:42:12,516 [main] DEBUG balancer.ContainerBalancerTask (ContainerBalancerTask.java:initializeIteration(386)) - Lower limit for utilization is 0.21036628465042417 and Upper limit for utilization is 0.4215396394681368
2023-06-27 18:42:12,516 [main] DEBUG balancer.ContainerBalancerTask (ContainerBalancerTask.java:initializeIteration(398)) - Utilization for node f6756ff9-0196-427b-b4cc-b42e5f7d592c with capacity 60845370026B, used 54760833024B, and remaining 6084537002B is 0.900000000009861
2023-06-27 18:42:12,516 [main] DEBUG balancer.ContainerBalancerTask (ContainerBalancerTask.java:initializeIteration(398)) - Utilization for node 6187f75d-e45f-4018-a281-bb56976d837a with capacity 60397977600B, used 48318382080B, and remaining 12079595520B is 0.8
2023-06-27 18:42:12,516 [main] DEBUG balancer.ContainerBalancerTask (ContainerBalancerTask.java:initializeIteration(398)) - Utilization for node f03a10c2-24f0-44c8-bc4d-bd611dc8ad7f with capacity 64424509440B, used 45097156608B, and remaining 19327352832B is 0.7
2023-06-27 18:42:12,516 [main] DEBUG balancer.ContainerBalancerTask (ContainerBalancerTask.java:initializeIteration(398)) - Utilization for node 7c8b3037-85a2-4169-9705-f83a8a8933aa with capacity 96636764160B, used 57982058496B, and remaining 38654705664B is 0.6
2023-06-27 18:42:12,516 [main] DEBUG balancer.ContainerBalancerTask (ContainerBalancerTask.java:initializeIteration(398)) - Utilization for node e9725ca9-6d93-493e-a615-8d7c01e40e9c with capacity 51539607552B, used 25769803776B, and remaining 25769803776B is 0.5
2023-06-27 18:42:12,516 [main] DEBUG balancer.ContainerBalancerTask (ContainerBalancerTask.java:initializeIteration(398)) - Utilization for node 267eb708-4a88-4eaa-979e-506819a6081d with capacity 99321118720B, used 39728447488B, and remaining 59592671232B is 0.4
2023-06-27 18:42:12,516 [main] DEBUG balancer.ContainerBalancerTask (ContainerBalancerTask.java:initializeIteration(398)) - Utilization for node 6cda17ab-62e1-4c97-baa7-1e14d7451676 with capacity 100215903573B, used 30064771072B, and remaining 70151132501B is 0.30000000000099786
2023-06-27 18:42:12,516 [main] DEBUG balancer.ContainerBalancerTask (ContainerBalancerTask.java:initializeIteration(398)) - Utilization for node 2da8c10f-2b50-47d8-a3d7-45c9a5e5a955 with capacity 144955146240B, used 28991029248B, and remaining 115964116992B is 0.2
2023-06-27 18:42:12,516 [main] DEBUG balancer.ContainerBalancerTask (ContainerBalancerTask.java:initializeIteration(398)) - Utilization for node c528def6-d961-4c40-b955-eb0d4935cbdf with capacity 515396075520B, used 51539607552B, and remaining 463856467968B is 0.1
2023-06-27 18:42:12,516 [main] DEBUG balancer.ContainerBalancerTask (ContainerBalancerTask.java:initializeIteration(398)) - Utilization for node 12fece16-68fc-4087-8872-95165ef44b9d with capacity 16106127360B, used 0B, and remaining 16106127360B is 0.0
2023-06-27 18:42:12,516 [main] INFO  balancer.ContainerBalancerTask (ContainerBalancerTask.java:initializeIteration(447)) - Container Balancer has identified 5 Over-Utilized and 3 Under-Utilized Datanodes that need to be balanced.
2023-06-27 18:42:12,517 [main] DEBUG balancer.ContainerBalancerTask (ContainerBalancerTask.java:lambda$initializeIteration$1(453)) - Datanode localhost-238.167.169.96 f6756ff9-0196-427b-b4cc-b42e5f7d592c is Over-Utilized.
2023-06-27 18:42:12,517 [main] DEBUG balancer.ContainerBalancerTask (ContainerBalancerTask.java:lambda$initializeIteration$1(453)) - Datanode localhost-179.249.57.69 6187f75d-e45f-4018-a281-bb56976d837a is Over-Utilized.
2023-06-27 18:42:12,517 [main] DEBUG balancer.ContainerBalancerTask (ContainerBalancerTask.java:lambda$initializeIteration$1(453)) - Datanode localhost-226.29.25.54 f03a10c2-24f0-44c8-bc4d-bd611dc8ad7f is Over-Utilized.
2023-06-27 18:42:12,517 [main] DEBUG balancer.ContainerBalancerTask (ContainerBalancerTask.java:lambda$initializeIteration$1(453)) - Datanode localhost-243.51.53.194 7c8b3037-85a2-4169-9705-f83a8a8933aa is Over-Utilized.
2023-06-27 18:42:12,517 [main] DEBUG balancer.ContainerBalancerTask (ContainerBalancerTask.java:lambda$initializeIteration$1(453)) - Datanode localhost-0.43.181.195 e9725ca9-6d93-493e-a615-8d7c01e40e9c is Over-Utilized.
2023-06-27 18:42:12,517 [main] DEBUG balancer.ContainerBalancerTask (ContainerBalancerTask.java:lambda$initializeIteration$2(459)) - Datanode localhost-100.172.16.143 12fece16-68fc-4087-8872-95165ef44b9d is Under-Utilized.
2023-06-27 18:42:12,517 [main] DEBUG balancer.ContainerBalancerTask (ContainerBalancerTask.java:lambda$initializeIteration$2(459)) - Datanode localhost-132.51.8.14 c528def6-d961-4c40-b955-eb0d4935cbdf is Under-Utilized.
2023-06-27 18:42:12,517 [main] DEBUG balancer.ContainerBalancerTask (ContainerBalancerTask.java:lambda$initializeIteration$2(459)) - Datanode localhost-117.113.163.85 2da8c10f-2b50-47d8-a3d7-45c9a5e5a955 is Under-Utilized.
2023-06-27 18:42:12,521 [main] DEBUG balancer.ContainerBalancerTask (ContainerBalancerTask.java:matchSourceWithTarget(706)) - ContainerBalancer is finding suitable target for source datanode f6756ff9-0196-427b-b4cc-b42e5f7d592c
2023-06-27 18:42:12,521 [main] INFO  balancer.ContainerBalancerTask (ContainerBalancerTask.java:matchSourceWithTarget(720)) - ContainerBalancer matched source datanode f6756ff9-0196-427b-b4cc-b42e5f7d592c with target datanode 12fece16-68fc-4087-8872-95165ef44b9d for container move.
2023-06-27 18:42:12,521 [main] INFO  balancer.ContainerBalancerTask (ContainerBalancerTask.java:processMoveSelection(569)) - ContainerBalancer is trying to move container #85 with size 5368709120B from source datanode f6756ff9-0196-427b-b4cc-b42e5f7d592c to target datanode 12fece16-68fc-4087-8872-95165ef44b9d
2023-06-27 18:42:12,521 [main] DEBUG balancer.ContainerBalancerTask (ContainerBalancerTask.java:lambda$moveContainer$3(834)) - Container move completed for container #85 from source f6756ff9-0196-427b-b4cc-b42e5f7d592c to target 12fece16-68fc-4087-8872-95165ef44b9d
2023-06-27 18:42:12,524 [main] DEBUG balancer.ContainerBalancerTask (ContainerBalancerTask.java:matchSourceWithTarget(706)) - ContainerBalancer is finding suitable target for source datanode f6756ff9-0196-427b-b4cc-b42e5f7d592c
2023-06-27 18:42:12,524 [main] INFO  balancer.ContainerBalancerTask (ContainerBalancerTask.java:matchSourceWithTarget(720)) - ContainerBalancer matched source datanode f6756ff9-0196-427b-b4cc-b42e5f7d592c with target datanode c528def6-d961-4c40-b955-eb0d4935cbdf for container move.
2023-06-27 18:42:12,524 [main] INFO  balancer.ContainerBalancerTask (ContainerBalancerTask.java:processMoveSelection(569)) - ContainerBalancer is trying to move container #53 with size 5368709120B from source datanode f6756ff9-0196-427b-b4cc-b42e5f7d592c to target datanode c528def6-d961-4c40-b955-eb0d4935cbdf
2023-06-27 18:42:12,524 [main] DEBUG balancer.ContainerBalancerTask (ContainerBalancerTask.java:lambda$moveContainer$3(834)) - Container move completed for container #53 from source f6756ff9-0196-427b-b4cc-b42e5f7d592c to target c528def6-d961-4c40-b955-eb0d4935cbdf
2023-06-27 18:42:12,526 [main] DEBUG balancer.ContainerBalancerTask (ContainerBalancerTask.java:matchSourceWithTarget(706)) - ContainerBalancer is finding suitable target for source datanode 6187f75d-e45f-4018-a281-bb56976d837a
2023-06-27 18:42:12,526 [main] INFO  balancer.ContainerBalancerTask (ContainerBalancerTask.java:matchSourceWithTarget(720)) - ContainerBalancer matched source datanode 6187f75d-e45f-4018-a281-bb56976d837a with target datanode c528def6-d961-4c40-b955-eb0d4935cbdf for container move.
2023-06-27 18:42:12,527 [main] INFO  balancer.ContainerBalancerTask (ContainerBalancerTask.java:processMoveSelection(569)) - ContainerBalancer is trying to move container #68 with size 5368709120B from source datanode 6187f75d-e45f-4018-a281-bb56976d837a to target datanode c528def6-d961-4c40-b955-eb0d4935cbdf
2023-06-27 18:42:12,527 [main] DEBUG balancer.ContainerBalancerTask (ContainerBalancerTask.java:lambda$moveContainer$3(834)) - Container move completed for container #68 from source 6187f75d-e45f-4018-a281-bb56976d837a to target c528def6-d961-4c40-b955-eb0d4935cbdf
2023-06-27 18:42:12,529 [main] DEBUG balancer.ContainerBalancerTask (ContainerBalancerTask.java:matchSourceWithTarget(706)) - ContainerBalancer is finding suitable target for source datanode f6756ff9-0196-427b-b4cc-b42e5f7d592c
2023-06-27 18:42:12,529 [main] INFO  balancer.ContainerBalancerTask (ContainerBalancerTask.java:matchSourceWithTarget(720)) - ContainerBalancer matched source datanode f6756ff9-0196-427b-b4cc-b42e5f7d592c with target datanode c528def6-d961-4c40-b955-eb0d4935cbdf for container move.
2023-06-27 18:42:12,529 [main] INFO  balancer.ContainerBalancerTask (ContainerBalancerTask.java:processMoveSelection(569)) - ContainerBalancer is trying to move container #84 with size 4294967296B from source datanode f6756ff9-0196-427b-b4cc-b42e5f7d592c to target datanode c528def6-d961-4c40-b955-eb0d4935cbdf
2023-06-27 18:42:12,530 [main] DEBUG balancer.ContainerBalancerTask (ContainerBalancerTask.java:lambda$moveContainer$3(834)) - Container move completed for container #84 from source f6756ff9-0196-427b-b4cc-b42e5f7d592c to target c528def6-d961-4c40-b955-eb0d4935cbdf
2023-06-27 18:42:12,532 [main] DEBUG balancer.ContainerBalancerTask (ContainerBalancerTask.java:matchSourceWithTarget(706)) - ContainerBalancer is finding suitable target for source datanode 6187f75d-e45f-4018-a281-bb56976d837a
2023-06-27 18:42:12,532 [main] INFO  balancer.ContainerBalancerTask (ContainerBalancerTask.java:matchSourceWithTarget(720)) - ContainerBalancer matched source datanode 6187f75d-e45f-4018-a281-bb56976d837a with target datanode c528def6-d961-4c40-b955-eb0d4935cbdf for container move.
2023-06-27 18:42:12,532 [main] INFO  balancer.ContainerBalancerTask (ContainerBalancerTask.java:processMoveSelection(569)) - ContainerBalancer is trying to move container #71 with size 3221225472B from source datanode 6187f75d-e45f-4018-a281-bb56976d837a to target datanode c528def6-d961-4c40-b955-eb0d4935cbdf
2023-06-27 18:42:12,532 [main] DEBUG balancer.ContainerBalancerTask (ContainerBalancerTask.java:lambda$moveContainer$3(834)) - Container move completed for container #71 from source 6187f75d-e45f-4018-a281-bb56976d837a to target c528def6-d961-4c40-b955-eb0d4935cbdf
2023-06-27 18:42:12,534 [main] DEBUG balancer.ContainerBalancerTask (ContainerBalancerTask.java:matchSourceWithTarget(706)) - ContainerBalancer is finding suitable target for source datanode f03a10c2-24f0-44c8-bc4d-bd611dc8ad7f
2023-06-27 18:42:12,535 [main] INFO  balancer.ContainerBalancerTask (ContainerBalancerTask.java:matchSourceWithTarget(720)) - ContainerBalancer matched source datanode f03a10c2-24f0-44c8-bc4d-bd611dc8ad7f with target datanode c528def6-d961-4c40-b955-eb0d4935cbdf for container move.
2023-06-27 18:42:12,535 [main] INFO  balancer.ContainerBalancerTask (ContainerBalancerTask.java:processMoveSelection(569)) - ContainerBalancer is trying to move container #52 with size 4294967296B from source datanode f03a10c2-24f0-44c8-bc4d-bd611dc8ad7f to target datanode c528def6-d961-4c40-b955-eb0d4935cbdf
2023-06-27 18:42:12,535 [main] DEBUG balancer.ContainerBalancerTask (ContainerBalancerTask.java:lambda$moveContainer$3(834)) - Container move completed for container #52 from source f03a10c2-24f0-44c8-bc4d-bd611dc8ad7f to target c528def6-d961-4c40-b955-eb0d4935cbdf
2023-06-27 18:42:12,537 [main] DEBUG balancer.ContainerBalancerTask (ContainerBalancerTask.java:matchSourceWithTarget(706)) - ContainerBalancer is finding suitable target for source datanode 6187f75d-e45f-4018-a281-bb56976d837a
2023-06-27 18:42:12,537 [main] INFO  balancer.ContainerBalancerTask (ContainerBalancerTask.java:matchSourceWithTarget(720)) - ContainerBalancer matched source datanode 6187f75d-e45f-4018-a281-bb56976d837a with target datanode c528def6-d961-4c40-b955-eb0d4935cbdf for container move.
2023-06-27 18:42:12,537 [main] INFO  balancer.ContainerBalancerTask (ContainerBalancerTask.java:processMoveSelection(569)) - ContainerBalancer is trying to move container #66 with size 3221225472B from source datanode 6187f75d-e45f-4018-a281-bb56976d837a to target datanode c528def6-d961-4c40-b955-eb0d4935cbdf
2023-06-27 18:42:12,538 [main] DEBUG balancer.ContainerBalancerTask (ContainerBalancerTask.java:lambda$moveContainer$3(834)) - Container move completed for container #66 from source 6187f75d-e45f-4018-a281-bb56976d837a to target c528def6-d961-4c40-b955-eb0d4935cbdf
2023-06-27 18:42:12,540 [main] DEBUG balancer.ContainerBalancerTask (ContainerBalancerTask.java:matchSourceWithTarget(706)) - ContainerBalancer is finding suitable target for source datanode f6756ff9-0196-427b-b4cc-b42e5f7d592c
2023-06-27 18:42:12,540 [main] INFO  balancer.ContainerBalancerTask (ContainerBalancerTask.java:matchSourceWithTarget(720)) - ContainerBalancer matched source datanode f6756ff9-0196-427b-b4cc-b42e5f7d592c with target datanode c528def6-d961-4c40-b955-eb0d4935cbdf for container move.
2023-06-27 18:42:12,540 [main] INFO  balancer.ContainerBalancerTask (ContainerBalancerTask.java:processMoveSelection(569)) - ContainerBalancer is trying to move container #19 with size 4294967296B from source datanode f6756ff9-0196-427b-b4cc-b42e5f7d592c to target datanode c528def6-d961-4c40-b955-eb0d4935cbdf
2023-06-27 18:42:12,540 [main] DEBUG balancer.ContainerBalancerTask (ContainerBalancerTask.java:lambda$moveContainer$3(834)) - Container move completed for container #19 from source f6756ff9-0196-427b-b4cc-b42e5f7d592c to target c528def6-d961-4c40-b955-eb0d4935cbdf
2023-06-27 18:42:12,543 [main] DEBUG balancer.ContainerBalancerTask (ContainerBalancerTask.java:matchSourceWithTarget(706)) - ContainerBalancer is finding suitable target for source datanode f03a10c2-24f0-44c8-bc4d-bd611dc8ad7f
2023-06-27 18:42:12,543 [main] INFO  balancer.ContainerBalancerTask (ContainerBalancerTask.java:matchSourceWithTarget(720)) - ContainerBalancer matched source datanode f03a10c2-24f0-44c8-bc4d-bd611dc8ad7f with target datanode c528def6-d961-4c40-b955-eb0d4935cbdf for container move.
2023-06-27 18:42:12,543 [main] INFO  balancer.ContainerBalancerTask (ContainerBalancerTask.java:processMoveSelection(569)) - ContainerBalancer is trying to move container #38 with size 3221225472B from source datanode f03a10c2-24f0-44c8-bc4d-bd611dc8ad7f to target datanode c528def6-d961-4c40-b955-eb0d4935cbdf
2023-06-27 18:42:12,543 [main] DEBUG balancer.ContainerBalancerTask (ContainerBalancerTask.java:lambda$moveContainer$3(834)) - Container move completed for container #38 from source f03a10c2-24f0-44c8-bc4d-bd611dc8ad7f to target c528def6-d961-4c40-b955-eb0d4935cbdf
2023-06-27 18:42:12,546 [main] DEBUG balancer.ContainerBalancerTask (ContainerBalancerTask.java:matchSourceWithTarget(706)) - ContainerBalancer is finding suitable target for source datanode 6187f75d-e45f-4018-a281-bb56976d837a
2023-06-27 18:42:12,546 [main] INFO  balancer.ContainerBalancerTask (ContainerBalancerTask.java:matchSourceWithTarget(720)) - ContainerBalancer matched source datanode 6187f75d-e45f-4018-a281-bb56976d837a with target datanode c528def6-d961-4c40-b955-eb0d4935cbdf for container move.
2023-06-27 18:42:12,546 [main] INFO  balancer.ContainerBalancerTask (ContainerBalancerTask.java:processMoveSelection(569)) - ContainerBalancer is trying to move container #27 with size 3221225472B from source datanode 6187f75d-e45f-4018-a281-bb56976d837a to target datanode c528def6-d961-4c40-b955-eb0d4935cbdf
2023-06-27 18:42:12,546 [main] DEBUG balancer.ContainerBalancerTask (ContainerBalancerTask.java:lambda$moveContainer$3(834)) - Container move completed for container #27 from source 6187f75d-e45f-4018-a281-bb56976d837a to target c528def6-d961-4c40-b955-eb0d4935cbdf
2023-06-27 18:42:12,549 [main] DEBUG balancer.ContainerBalancerTask (ContainerBalancerTask.java:matchSourceWithTarget(706)) - ContainerBalancer is finding suitable target for source datanode 7c8b3037-85a2-4169-9705-f83a8a8933aa
2023-06-27 18:42:12,549 [main] INFO  balancer.ContainerBalancerTask (ContainerBalancerTask.java:matchSourceWithTarget(720)) - ContainerBalancer matched source datanode 7c8b3037-85a2-4169-9705-f83a8a8933aa with target datanode c528def6-d961-4c40-b955-eb0d4935cbdf for container move.
2023-06-27 18:42:12,549 [main] INFO  balancer.ContainerBalancerTask (ContainerBalancerTask.java:processMoveSelection(569)) - ContainerBalancer is trying to move container #40 with size 5368709120B from source datanode 7c8b3037-85a2-4169-9705-f83a8a8933aa to target datanode c528def6-d961-4c40-b955-eb0d4935cbdf
2023-06-27 18:42:12,549 [main] DEBUG balancer.ContainerBalancerTask (ContainerBalancerTask.java:lambda$moveContainer$3(834)) - Container move completed for container #40 from source 7c8b3037-85a2-4169-9705-f83a8a8933aa to target c528def6-d961-4c40-b955-eb0d4935cbdf
2023-06-27 18:42:12,552 [main] DEBUG balancer.ContainerBalancerTask (ContainerBalancerTask.java:matchSourceWithTarget(706)) - ContainerBalancer is finding suitable target for source datanode f03a10c2-24f0-44c8-bc4d-bd611dc8ad7f
2023-06-27 18:42:12,552 [main] INFO  balancer.ContainerBalancerTask (ContainerBalancerTask.java:matchSourceWithTarget(720)) - ContainerBalancer matched source datanode f03a10c2-24f0-44c8-bc4d-bd611dc8ad7f with target datanode c528def6-d961-4c40-b955-eb0d4935cbdf for container move.
2023-06-27 18:42:12,552 [main] INFO  balancer.ContainerBalancerTask (ContainerBalancerTask.java:processMoveSelection(569)) - ContainerBalancer is trying to move container #5 with size 2147483648B from source datanode f03a10c2-24f0-44c8-bc4d-bd611dc8ad7f to target datanode c528def6-d961-4c40-b955-eb0d4935cbdf
2023-06-27 18:42:12,552 [main] DEBUG balancer.ContainerBalancerTask (ContainerBalancerTask.java:lambda$moveContainer$3(834)) - Container move completed for container #5 from source f03a10c2-24f0-44c8-bc4d-bd611dc8ad7f to target c528def6-d961-4c40-b955-eb0d4935cbdf
2023-06-27 18:42:12,555 [main] DEBUG balancer.ContainerBalancerTask (ContainerBalancerTask.java:matchSourceWithTarget(706)) - ContainerBalancer is finding suitable target for source datanode f6756ff9-0196-427b-b4cc-b42e5f7d592c
2023-06-27 18:42:12,556 [main] INFO  balancer.ContainerBalancerTask (ContainerBalancerTask.java:matchSourceWithTarget(720)) - ContainerBalancer matched source datanode f6756ff9-0196-427b-b4cc-b42e5f7d592c with target datanode c528def6-d961-4c40-b955-eb0d4935cbdf for container move.
2023-06-27 18:42:12,556 [main] INFO  balancer.ContainerBalancerTask (ContainerBalancerTask.java:processMoveSelection(569)) - ContainerBalancer is trying to move container #88 with size 3221225472B from source datanode f6756ff9-0196-427b-b4cc-b42e5f7d592c to target datanode c528def6-d961-4c40-b955-eb0d4935cbdf
2023-06-27 18:42:12,556 [main] DEBUG balancer.ContainerBalancerTask (ContainerBalancerTask.java:lambda$moveContainer$3(834)) - Container move completed for container #88 from source f6756ff9-0196-427b-b4cc-b42e5f7d592c to target c528def6-d961-4c40-b955-eb0d4935cbdf
2023-06-27 18:42:12,558 [main] DEBUG balancer.ContainerBalancerTask (ContainerBalancerTask.java:matchSourceWithTarget(706)) - ContainerBalancer is finding suitable target for source datanode 6187f75d-e45f-4018-a281-bb56976d837a
2023-06-27 18:42:12,559 [main] INFO  balancer.ContainerBalancerTask (ContainerBalancerTask.java:matchSourceWithTarget(720)) - ContainerBalancer matched source datanode 6187f75d-e45f-4018-a281-bb56976d837a with target datanode c528def6-d961-4c40-b955-eb0d4935cbdf for container move.
2023-06-27 18:42:12,559 [main] INFO  balancer.ContainerBalancerTask (ContainerBalancerTask.java:processMoveSelection(569)) - ContainerBalancer is trying to move container #81 with size 1073741824B from source datanode 6187f75d-e45f-4018-a281-bb56976d837a to target datanode c528def6-d961-4c40-b955-eb0d4935cbdf
2023-06-27 18:42:12,559 [main] DEBUG balancer.ContainerBalancerTask (ContainerBalancerTask.java:lambda$moveContainer$3(834)) - Container move completed for container #81 from source 6187f75d-e45f-4018-a281-bb56976d837a to target c528def6-d961-4c40-b955-eb0d4935cbdf
2023-06-27 18:42:12,559 [main] WARN  balancer.ContainerBalancerTask (ContainerBalancerTask.java:reachedMaxSizeToMovePerIteration(731)) - Reached max size to move limit. 53687091200 bytes have already been scheduled for balancing and the limit is 53687091200 bytes.
2023-06-27 18:42:12,559 [main] INFO  balancer.ContainerBalancerTask (ContainerBalancerTask.java:checkIterationMoveResults(640)) - Iteration Summary. Number of Datanodes involved: 6. Size moved: 50 GB (53687091200 Bytes). Number of Container moves completed: 14.
2023-06-27 18:42:12,559 [main] INFO  balancer.ContainerBalancerTask (ContainerBalancerTask.java:balance(259)) - Result of this iteration of Container Balancer: ITERATION_COMPLETED
2023-06-27 18:42:12,559 [main] INFO  balancer.ContainerBalancerTask (ContainerBalancerTask.java:tryStopWithSaveConfiguration(308)) - Save Configuration for stopping. Reason: Completed all iterations.
2023-06-27 18:42:12,560 [main] DEBUG balancer.ContainerBalancerTask (ContainerBalancerTask.java:initializeIteration(374)) - Average utilization of the cluster is 0.3159529620592805
2023-06-27 18:42:12,560 [main] DEBUG balancer.ContainerBalancerTask (ContainerBalancerTask.java:initializeIteration(386)) - Lower limit for utilization is -0.16127571159097842 and Upper limit for utilization is 0.7931816357095394
2023-06-27 18:42:12,560 [main] DEBUG balancer.ContainerBalancerTask (ContainerBalancerTask.java:initializeIteration(398)) - Utilization for node f6756ff9-0196-427b-b4cc-b42e5f7d592c with capacity 60845370026B, used 54760833024B, and remaining 6084537002B is 0.900000000009861
2023-06-27 18:42:12,560 [main] DEBUG balancer.ContainerBalancerTask (ContainerBalancerTask.java:initializeIteration(398)) - Utilization for node 6187f75d-e45f-4018-a281-bb56976d837a with capacity 60397977600B, used 48318382080B, and remaining 12079595520B is 0.8
2023-06-27 18:42:12,560 [main] DEBUG balancer.ContainerBalancerTask (ContainerBalancerTask.java:initializeIteration(398)) - Utilization for node f03a10c2-24f0-44c8-bc4d-bd611dc8ad7f with capacity 64424509440B, used 45097156608B, and remaining 19327352832B is 0.7
2023-06-27 18:42:12,560 [main] DEBUG balancer.ContainerBalancerTask (ContainerBalancerTask.java:initializeIteration(398)) - Utilization for node 7c8b3037-85a2-4169-9705-f83a8a8933aa with capacity 96636764160B, used 57982058496B, and remaining 38654705664B is 0.6
2023-06-27 18:42:12,560 [main] DEBUG balancer.ContainerBalancerTask (ContainerBalancerTask.java:initializeIteration(398)) - Utilization for node e9725ca9-6d93-493e-a615-8d7c01e40e9c with capacity 51539607552B, used 25769803776B, and remaining 25769803776B is 0.5
2023-06-27 18:42:12,561 [main] DEBUG balancer.ContainerBalancerTask (ContainerBalancerTask.java:initializeIteration(398)) - Utilization for node 267eb708-4a88-4eaa-979e-506819a6081d with capacity 99321118720B, used 39728447488B, and remaining 59592671232B is 0.4
2023-06-27 18:42:12,561 [main] DEBUG balancer.ContainerBalancerTask (ContainerBalancerTask.java:initializeIteration(398)) - Utilization for node 6cda17ab-62e1-4c97-baa7-1e14d7451676 with capacity 100215903573B, used 30064771072B, and remaining 70151132501B is 0.30000000000099786
2023-06-27 18:42:12,561 [main] DEBUG balancer.ContainerBalancerTask (ContainerBalancerTask.java:initializeIteration(398)) - Utilization for node 2da8c10f-2b50-47d8-a3d7-45c9a5e5a955 with capacity 144955146240B, used 28991029248B, and remaining 115964116992B is 0.2
2023-06-27 18:42:12,561 [main] DEBUG balancer.ContainerBalancerTask (ContainerBalancerTask.java:initializeIteration(398)) - Utilization for node c528def6-d961-4c40-b955-eb0d4935cbdf with capacity 515396075520B, used 51539607552B, and remaining 463856467968B is 0.1
2023-06-27 18:42:12,561 [main] DEBUG balancer.ContainerBalancerTask (ContainerBalancerTask.java:initializeIteration(398)) - Utilization for node 12fece16-68fc-4087-8872-95165ef44b9d with capacity 16106127360B, used 0B, and remaining 16106127360B is 0.0
2023-06-27 18:42:12,561 [main] INFO  balancer.ContainerBalancerTask (ContainerBalancerTask.java:initializeIteration(447)) - Container Balancer has identified 2 Over-Utilized and 0 Under-Utilized Datanodes that need to be balanced.
2023-06-27 18:42:12,561 [main] DEBUG balancer.ContainerBalancerTask (ContainerBalancerTask.java:lambda$initializeIteration$1(453)) - Datanode localhost-238.167.169.96 f6756ff9-0196-427b-b4cc-b42e5f7d592c is Over-Utilized.
2023-06-27 18:42:12,561 [main] DEBUG balancer.ContainerBalancerTask (ContainerBalancerTask.java:lambda$initializeIteration$1(453)) - Datanode localhost-179.249.57.69 6187f75d-e45f-4018-a281-bb56976d837a is Over-Utilized.
2023-06-27 18:42:12,563 [main] DEBUG balancer.ContainerBalancerTask (ContainerBalancerTask.java:matchSourceWithTarget(706)) - ContainerBalancer is finding suitable target for source datanode f6756ff9-0196-427b-b4cc-b42e5f7d592c
2023-06-27 18:42:12,563 [main] INFO  balancer.FindTargetGreedyByUsageInfo (AbstractFindTargetGreedy.java:findTargetForContainerMove(133)) - Container Balancer could not find a target for source datanode f6756ff9-0196-427b-b4cc-b42e5f7d592c
2023-06-27 18:42:12,564 [main] DEBUG balancer.ContainerBalancerTask (ContainerBalancerTask.java:matchSourceWithTarget(715)) - ContainerBalancer could not find a suitable target for source node f6756ff9-0196-427b-b4cc-b42e5f7d592c.
2023-06-27 18:42:12,566 [main] DEBUG balancer.ContainerBalancerTask (ContainerBalancerTask.java:matchSourceWithTarget(706)) - ContainerBalancer is finding suitable target for source datanode 6187f75d-e45f-4018-a281-bb56976d837a
2023-06-27 18:42:12,566 [main] INFO  balancer.FindTargetGreedyByUsageInfo (AbstractFindTargetGreedy.java:findTargetForContainerMove(133)) - Container Balancer could not find a target for source datanode 6187f75d-e45f-4018-a281-bb56976d837a
2023-06-27 18:42:12,566 [main] DEBUG balancer.ContainerBalancerTask (ContainerBalancerTask.java:matchSourceWithTarget(715)) - ContainerBalancer could not find a suitable target for source node 6187f75d-e45f-4018-a281-bb56976d837a.
2023-06-27 18:42:12,566 [main] INFO  balancer.FindSourceGreedy (FindSourceGreedy.java:getNextCandidateSourceDataNode(126)) - no more candidate source data node
2023-06-27 18:42:12,566 [main] INFO  balancer.ContainerBalancerTask (ContainerBalancerTask.java:balance(259)) - Result of this iteration of Container Balancer: CAN_NOT_BALANCE_ANY_MORE
2023-06-27 18:42:12,566 [main] INFO  balancer.ContainerBalancerTask (ContainerBalancerTask.java:tryStopWithSaveConfiguration(308)) - Save Configuration for stopping. Reason: CAN_NOT_BALANCE_ANY_MORE
2023-06-27 18:42:12,567 [main] DEBUG balancer.ContainerBalancerTask (ContainerBalancerTask.java:initializeIteration(374)) - Average utilization of the cluster is 0.3159529620592805
2023-06-27 18:42:12,567 [main] DEBUG balancer.ContainerBalancerTask (ContainerBalancerTask.java:initializeIteration(386)) - Lower limit for utilization is 0.25635770937150526 and Upper limit for utilization is 0.3755482147470557
2023-06-27 18:42:12,567 [main] DEBUG balancer.ContainerBalancerTask (ContainerBalancerTask.java:initializeIteration(398)) - Utilization for node f6756ff9-0196-427b-b4cc-b42e5f7d592c with capacity 60845370026B, used 54760833024B, and remaining 6084537002B is 0.900000000009861
2023-06-27 18:42:12,567 [main] DEBUG balancer.ContainerBalancerTask (ContainerBalancerTask.java:initializeIteration(398)) - Utilization for node 6187f75d-e45f-4018-a281-bb56976d837a with capacity 60397977600B, used 48318382080B, and remaining 12079595520B is 0.8
2023-06-27 18:42:12,567 [main] DEBUG balancer.ContainerBalancerTask (ContainerBalancerTask.java:initializeIteration(398)) - Utilization for node f03a10c2-24f0-44c8-bc4d-bd611dc8ad7f with capacity 64424509440B, used 45097156608B, and remaining 19327352832B is 0.7
2023-06-27 18:42:12,567 [main] DEBUG balancer.ContainerBalancerTask (ContainerBalancerTask.java:initializeIteration(398)) - Utilization for node 7c8b3037-85a2-4169-9705-f83a8a8933aa with capacity 96636764160B, used 57982058496B, and remaining 38654705664B is 0.6
2023-06-27 18:42:12,567 [main] DEBUG balancer.ContainerBalancerTask (ContainerBalancerTask.java:initializeIteration(398)) - Utilization for node e9725ca9-6d93-493e-a615-8d7c01e40e9c with capacity 51539607552B, used 25769803776B, and remaining 25769803776B is 0.5
2023-06-27 18:42:12,567 [main] DEBUG balancer.ContainerBalancerTask (ContainerBalancerTask.java:initializeIteration(398)) - Utilization for node 267eb708-4a88-4eaa-979e-506819a6081d with capacity 99321118720B, used 39728447488B, and remaining 59592671232B is 0.4
2023-06-27 18:42:12,567 [main] DEBUG balancer.ContainerBalancerTask (ContainerBalancerTask.java:initializeIteration(398)) - Utilization for node 6cda17ab-62e1-4c97-baa7-1e14d7451676 with capacity 100215903573B, used 30064771072B, and remaining 70151132501B is 0.30000000000099786
2023-06-27 18:42:12,567 [main] DEBUG balancer.ContainerBalancerTask (ContainerBalancerTask.java:initializeIteration(398)) - Utilization for node 2da8c10f-2b50-47d8-a3d7-45c9a5e5a955 with capacity 144955146240B, used 28991029248B, and remaining 115964116992B is 0.2
2023-06-27 18:42:12,567 [main] DEBUG balancer.ContainerBalancerTask (ContainerBalancerTask.java:initializeIteration(398)) - Utilization for node c528def6-d961-4c40-b955-eb0d4935cbdf with capacity 515396075520B, used 51539607552B, and remaining 463856467968B is 0.1
2023-06-27 18:42:12,568 [main] DEBUG balancer.ContainerBalancerTask (ContainerBalancerTask.java:initializeIteration(398)) - Utilization for node 12fece16-68fc-4087-8872-95165ef44b9d with capacity 16106127360B, used 0B, and remaining 16106127360B is 0.0
2023-06-27 18:42:12,568 [main] INFO  balancer.ContainerBalancerTask (ContainerBalancerTask.java:initializeIteration(447)) - Container Balancer has identified 6 Over-Utilized and 3 Under-Utilized Datanodes that need to be balanced.
2023-06-27 18:42:12,568 [main] DEBUG balancer.ContainerBalancerTask (ContainerBalancerTask.java:lambda$initializeIteration$1(453)) - Datanode localhost-238.167.169.96 f6756ff9-0196-427b-b4cc-b42e5f7d592c is Over-Utilized.
2023-06-27 18:42:12,568 [main] DEBUG balancer.ContainerBalancerTask (ContainerBalancerTask.java:lambda$initializeIteration$1(453)) - Datanode localhost-179.249.57.69 6187f75d-e45f-4018-a281-bb56976d837a is Over-Utilized.
2023-06-27 18:42:12,568 [main] DEBUG balancer.ContainerBalancerTask (ContainerBalancerTask.java:lambda$initializeIteration$1(453)) - Datanode localhost-226.29.25.54 f03a10c2-24f0-44c8-bc4d-bd611dc8ad7f is Over-Utilized.
2023-06-27 18:42:12,568 [main] DEBUG balancer.ContainerBalancerTask (ContainerBalancerTask.java:lambda$initializeIteration$1(453)) - Datanode localhost-243.51.53.194 7c8b3037-85a2-4169-9705-f83a8a8933aa is Over-Utilized.
2023-06-27 18:42:12,568 [main] DEBUG balancer.ContainerBalancerTask (ContainerBalancerTask.java:lambda$initializeIteration$1(453)) - Datanode localhost-0.43.181.195 e9725ca9-6d93-493e-a615-8d7c01e40e9c is Over-Utilized.
2023-06-27 18:42:12,568 [main] DEBUG balancer.ContainerBalancerTask (ContainerBalancerTask.java:lambda$initializeIteration$1(453)) - Datanode localhost-226.213.5.54 267eb708-4a88-4eaa-979e-506819a6081d is Over-Utilized.
2023-06-27 18:42:12,568 [main] DEBUG balancer.ContainerBalancerTask (ContainerBalancerTask.java:lambda$initializeIteration$2(459)) - Datanode localhost-100.172.16.143 12fece16-68fc-4087-8872-95165ef44b9d is Under-Utilized.
2023-06-27 18:42:12,568 [main] DEBUG balancer.ContainerBalancerTask (ContainerBalancerTask.java:lambda$initializeIteration$2(459)) - Datanode localhost-132.51.8.14 c528def6-d961-4c40-b955-eb0d4935cbdf is Under-Utilized.
2023-06-27 18:42:12,568 [main] DEBUG balancer.ContainerBalancerTask (ContainerBalancerTask.java:lambda$initializeIteration$2(459)) - Datanode localhost-117.113.163.85 2da8c10f-2b50-47d8-a3d7-45c9a5e5a955 is Under-Utilized.
2023-06-27 18:42:12,571 [main] DEBUG balancer.ContainerBalancerTask (ContainerBalancerTask.java:matchSourceWithTarget(706)) - ContainerBalancer is finding suitable target for source datanode f6756ff9-0196-427b-b4cc-b42e5f7d592c
2023-06-27 18:42:12,571 [main] INFO  balancer.ContainerBalancerTask (ContainerBalancerTask.java:matchSourceWithTarget(720)) - ContainerBalancer matched source datanode f6756ff9-0196-427b-b4cc-b42e5f7d592c with target datanode 12fece16-68fc-4087-8872-95165ef44b9d for container move.
2023-06-27 18:42:12,571 [main] INFO  balancer.ContainerBalancerTask (ContainerBalancerTask.java:processMoveSelection(569)) - ContainerBalancer is trying to move container #85 with size 5368709120B from source datanode f6756ff9-0196-427b-b4cc-b42e5f7d592c to target datanode 12fece16-68fc-4087-8872-95165ef44b9d
2023-06-27 18:42:12,571 [main] DEBUG balancer.ContainerBalancerTask (ContainerBalancerTask.java:lambda$moveContainer$3(834)) - Container move completed for container #85 from source f6756ff9-0196-427b-b4cc-b42e5f7d592c to target 12fece16-68fc-4087-8872-95165ef44b9d
2023-06-27 18:42:12,573 [main] DEBUG balancer.ContainerBalancerTask (ContainerBalancerTask.java:matchSourceWithTarget(706)) - ContainerBalancer is finding suitable target for source datanode f6756ff9-0196-427b-b4cc-b42e5f7d592c
2023-06-27 18:42:12,574 [main] INFO  balancer.ContainerBalancerTask (ContainerBalancerTask.java:matchSourceWithTarget(720)) - ContainerBalancer matched source datanode f6756ff9-0196-427b-b4cc-b42e5f7d592c with target datanode c528def6-d961-4c40-b955-eb0d4935cbdf for container move.
2023-06-27 18:42:12,574 [main] INFO  balancer.ContainerBalancerTask (ContainerBalancerTask.java:processMoveSelection(569)) - ContainerBalancer is trying to move container #53 with size 5368709120B from source datanode f6756ff9-0196-427b-b4cc-b42e5f7d592c to target datanode c528def6-d961-4c40-b955-eb0d4935cbdf
2023-06-27 18:42:12,574 [main] DEBUG balancer.ContainerBalancerTask (ContainerBalancerTask.java:lambda$moveContainer$3(834)) - Container move completed for container #53 from source f6756ff9-0196-427b-b4cc-b42e5f7d592c to target c528def6-d961-4c40-b955-eb0d4935cbdf
2023-06-27 18:42:12,576 [main] DEBUG balancer.ContainerBalancerTask (ContainerBalancerTask.java:matchSourceWithTarget(706)) - ContainerBalancer is finding suitable target for source datanode 6187f75d-e45f-4018-a281-bb56976d837a
2023-06-27 18:42:12,576 [main] INFO  balancer.ContainerBalancerTask (ContainerBalancerTask.java:matchSourceWithTarget(720)) - ContainerBalancer matched source datanode 6187f75d-e45f-4018-a281-bb56976d837a with target datanode c528def6-d961-4c40-b955-eb0d4935cbdf for container move.
2023-06-27 18:42:12,576 [main] INFO  balancer.ContainerBalancerTask (ContainerBalancerTask.java:processMoveSelection(569)) - ContainerBalancer is trying to move container #68 with size 5368709120B from source datanode 6187f75d-e45f-4018-a281-bb56976d837a to target datanode c528def6-d961-4c40-b955-eb0d4935cbdf
2023-06-27 18:42:12,576 [main] DEBUG balancer.ContainerBalancerTask (ContainerBalancerTask.java:lambda$moveContainer$3(834)) - Container move completed for container #68 from source 6187f75d-e45f-4018-a281-bb56976d837a to target c528def6-d961-4c40-b955-eb0d4935cbdf
2023-06-27 18:42:12,579 [main] DEBUG balancer.ContainerBalancerTask (ContainerBalancerTask.java:matchSourceWithTarget(706)) - ContainerBalancer is finding suitable target for source datanode f6756ff9-0196-427b-b4cc-b42e5f7d592c
2023-06-27 18:42:12,579 [main] INFO  balancer.ContainerBalancerTask (ContainerBalancerTask.java:matchSourceWithTarget(720)) - ContainerBalancer matched source datanode f6756ff9-0196-427b-b4cc-b42e5f7d592c with target datanode c528def6-d961-4c40-b955-eb0d4935cbdf for container move.
2023-06-27 18:42:12,579 [main] INFO  balancer.ContainerBalancerTask (ContainerBalancerTask.java:processMoveSelection(569)) - ContainerBalancer is trying to move container #84 with size 4294967296B from source datanode f6756ff9-0196-427b-b4cc-b42e5f7d592c to target datanode c528def6-d961-4c40-b955-eb0d4935cbdf
2023-06-27 18:42:12,579 [main] DEBUG balancer.ContainerBalancerTask (ContainerBalancerTask.java:lambda$moveContainer$3(834)) - Container move completed for container #84 from source f6756ff9-0196-427b-b4cc-b42e5f7d592c to target c528def6-d961-4c40-b955-eb0d4935cbdf
2023-06-27 18:42:12,582 [main] DEBUG balancer.ContainerBalancerTask (ContainerBalancerTask.java:matchSourceWithTarget(706)) - ContainerBalancer is finding suitable target for source datanode 6187f75d-e45f-4018-a281-bb56976d837a
2023-06-27 18:42:12,582 [main] INFO  balancer.ContainerBalancerTask (ContainerBalancerTask.java:matchSourceWithTarget(720)) - ContainerBalancer matched source datanode 6187f75d-e45f-4018-a281-bb56976d837a with target datanode c528def6-d961-4c40-b955-eb0d4935cbdf for container move.
2023-06-27 18:42:12,582 [main] INFO  balancer.ContainerBalancerTask (ContainerBalancerTask.java:processMoveSelection(569)) - ContainerBalancer is trying to move container #71 with size 3221225472B from source datanode 6187f75d-e45f-4018-a281-bb56976d837a to target datanode c528def6-d961-4c40-b955-eb0d4935cbdf
2023-06-27 18:42:12,582 [main] DEBUG balancer.ContainerBalancerTask (ContainerBalancerTask.java:lambda$moveContainer$3(834)) - Container move completed for container #71 from source 6187f75d-e45f-4018-a281-bb56976d837a to target c528def6-d961-4c40-b955-eb0d4935cbdf
2023-06-27 18:42:12,584 [main] DEBUG balancer.ContainerBalancerTask (ContainerBalancerTask.java:matchSourceWithTarget(706)) - ContainerBalancer is finding suitable target for source datanode f03a10c2-24f0-44c8-bc4d-bd611dc8ad7f
2023-06-27 18:42:12,584 [main] INFO  balancer.ContainerBalancerTask (ContainerBalancerTask.java:matchSourceWithTarget(720)) - ContainerBalancer matched source datanode f03a10c2-24f0-44c8-bc4d-bd611dc8ad7f with target datanode c528def6-d961-4c40-b955-eb0d4935cbdf for container move.
2023-06-27 18:42:12,584 [main] INFO  balancer.ContainerBalancerTask (ContainerBalancerTask.java:processMoveSelection(569)) - ContainerBalancer is trying to move container #52 with size 4294967296B from source datanode f03a10c2-24f0-44c8-bc4d-bd611dc8ad7f to target datanode c528def6-d961-4c40-b955-eb0d4935cbdf
2023-06-27 18:42:12,585 [main] DEBUG balancer.ContainerBalancerTask (ContainerBalancerTask.java:lambda$moveContainer$3(834)) - Container move completed for container #52 from source f03a10c2-24f0-44c8-bc4d-bd611dc8ad7f to target c528def6-d961-4c40-b955-eb0d4935cbdf
2023-06-27 18:42:12,587 [main] DEBUG balancer.ContainerBalancerTask (ContainerBalancerTask.java:matchSourceWithTarget(706)) - ContainerBalancer is finding suitable target for source datanode 6187f75d-e45f-4018-a281-bb56976d837a
2023-06-27 18:42:12,587 [main] INFO  balancer.ContainerBalancerTask (ContainerBalancerTask.java:matchSourceWithTarget(720)) - ContainerBalancer matched source datanode 6187f75d-e45f-4018-a281-bb56976d837a with target datanode c528def6-d961-4c40-b955-eb0d4935cbdf for container move.
2023-06-27 18:42:12,587 [main] INFO  balancer.ContainerBalancerTask (ContainerBalancerTask.java:processMoveSelection(569)) - ContainerBalancer is trying to move container #66 with size 3221225472B from source datanode 6187f75d-e45f-4018-a281-bb56976d837a to target datanode c528def6-d961-4c40-b955-eb0d4935cbdf
2023-06-27 18:42:12,587 [main] DEBUG balancer.ContainerBalancerTask (ContainerBalancerTask.java:lambda$moveContainer$3(834)) - Container move completed for container #66 from source 6187f75d-e45f-4018-a281-bb56976d837a to target c528def6-d961-4c40-b955-eb0d4935cbdf
2023-06-27 18:42:12,590 [main] DEBUG balancer.ContainerBalancerTask (ContainerBalancerTask.java:matchSourceWithTarget(706)) - ContainerBalancer is finding suitable target for source datanode f6756ff9-0196-427b-b4cc-b42e5f7d592c
2023-06-27 18:42:12,590 [main] INFO  balancer.ContainerBalancerTask (ContainerBalancerTask.java:matchSourceWithTarget(720)) - ContainerBalancer matched source datanode f6756ff9-0196-427b-b4cc-b42e5f7d592c with target datanode c528def6-d961-4c40-b955-eb0d4935cbdf for container move.
2023-06-27 18:42:12,590 [main] INFO  balancer.ContainerBalancerTask (ContainerBalancerTask.java:processMoveSelection(569)) - ContainerBalancer is trying to move container #19 with size 4294967296B from source datanode f6756ff9-0196-427b-b4cc-b42e5f7d592c to target datanode c528def6-d961-4c40-b955-eb0d4935cbdf
2023-06-27 18:42:12,590 [main] DEBUG balancer.ContainerBalancerTask (ContainerBalancerTask.java:lambda$moveContainer$3(834)) - Container move completed for container #19 from source f6756ff9-0196-427b-b4cc-b42e5f7d592c to target c528def6-d961-4c40-b955-eb0d4935cbdf
2023-06-27 18:42:12,593 [main] DEBUG balancer.ContainerBalancerTask (ContainerBalancerTask.java:matchSourceWithTarget(706)) - ContainerBalancer is finding suitable target for source datanode f03a10c2-24f0-44c8-bc4d-bd611dc8ad7f
2023-06-27 18:42:12,593 [main] INFO  balancer.ContainerBalancerTask (ContainerBalancerTask.java:matchSourceWithTarget(720)) - ContainerBalancer matched source datanode f03a10c2-24f0-44c8-bc4d-bd611dc8ad7f with target datanode c528def6-d961-4c40-b955-eb0d4935cbdf for container move.
2023-06-27 18:42:12,593 [main] INFO  balancer.ContainerBalancerTask (ContainerBalancerTask.java:processMoveSelection(569)) - ContainerBalancer is trying to move container #38 with size 3221225472B from source datanode f03a10c2-24f0-44c8-bc4d-bd611dc8ad7f to target datanode c528def6-d961-4c40-b955-eb0d4935cbdf
2023-06-27 18:42:12,593 [main] DEBUG balancer.ContainerBalancerTask (ContainerBalancerTask.java:lambda$moveContainer$3(834)) - Container move completed for container #38 from source f03a10c2-24f0-44c8-bc4d-bd611dc8ad7f to target c528def6-d961-4c40-b955-eb0d4935cbdf
2023-06-27 18:42:12,596 [main] DEBUG balancer.ContainerBalancerTask (ContainerBalancerTask.java:matchSourceWithTarget(706)) - ContainerBalancer is finding suitable target for source datanode 6187f75d-e45f-4018-a281-bb56976d837a
2023-06-27 18:42:12,596 [main] INFO  balancer.ContainerBalancerTask (ContainerBalancerTask.java:matchSourceWithTarget(720)) - ContainerBalancer matched source datanode 6187f75d-e45f-4018-a281-bb56976d837a with target datanode c528def6-d961-4c40-b955-eb0d4935cbdf for container move.
2023-06-27 18:42:12,596 [main] INFO  balancer.ContainerBalancerTask (ContainerBalancerTask.java:processMoveSelection(569)) - ContainerBalancer is trying to move container #27 with size 3221225472B from source datanode 6187f75d-e45f-4018-a281-bb56976d837a to target datanode c528def6-d961-4c40-b955-eb0d4935cbdf
2023-06-27 18:42:12,596 [main] DEBUG balancer.ContainerBalancerTask (ContainerBalancerTask.java:lambda$moveContainer$3(834)) - Container move completed for container #27 from source 6187f75d-e45f-4018-a281-bb56976d837a to target c528def6-d961-4c40-b955-eb0d4935cbdf
2023-06-27 18:42:12,599 [main] DEBUG balancer.ContainerBalancerTask (ContainerBalancerTask.java:matchSourceWithTarget(706)) - ContainerBalancer is finding suitable target for source datanode 7c8b3037-85a2-4169-9705-f83a8a8933aa
2023-06-27 18:42:12,599 [main] INFO  balancer.ContainerBalancerTask (ContainerBalancerTask.java:matchSourceWithTarget(720)) - ContainerBalancer matched source datanode 7c8b3037-85a2-4169-9705-f83a8a8933aa with target datanode c528def6-d961-4c40-b955-eb0d4935cbdf for container move.
2023-06-27 18:42:12,599 [main] INFO  balancer.ContainerBalancerTask (ContainerBalancerTask.java:processMoveSelection(569)) - ContainerBalancer is trying to move container #40 with size 5368709120B from source datanode 7c8b3037-85a2-4169-9705-f83a8a8933aa to target datanode c528def6-d961-4c40-b955-eb0d4935cbdf
2023-06-27 18:42:12,599 [main] DEBUG balancer.ContainerBalancerTask (ContainerBalancerTask.java:lambda$moveContainer$3(834)) - Container move completed for container #40 from source 7c8b3037-85a2-4169-9705-f83a8a8933aa to target c528def6-d961-4c40-b955-eb0d4935cbdf
2023-06-27 18:42:12,602 [main] DEBUG balancer.ContainerBalancerTask (ContainerBalancerTask.java:matchSourceWithTarget(706)) - ContainerBalancer is finding suitable target for source datanode f03a10c2-24f0-44c8-bc4d-bd611dc8ad7f
2023-06-27 18:42:12,602 [main] INFO  balancer.ContainerBalancerTask (ContainerBalancerTask.java:matchSourceWithTarget(720)) - ContainerBalancer matched source datanode f03a10c2-24f0-44c8-bc4d-bd611dc8ad7f with target datanode c528def6-d961-4c40-b955-eb0d4935cbdf for container move.
2023-06-27 18:42:12,602 [main] INFO  balancer.ContainerBalancerTask (ContainerBalancerTask.java:processMoveSelection(569)) - ContainerBalancer is trying to move container #5 with size 2147483648B from source datanode f03a10c2-24f0-44c8-bc4d-bd611dc8ad7f to target datanode c528def6-d961-4c40-b955-eb0d4935cbdf
2023-06-27 18:42:12,602 [main] DEBUG balancer.ContainerBalancerTask (ContainerBalancerTask.java:lambda$moveContainer$3(834)) - Container move completed for container #5 from source f03a10c2-24f0-44c8-bc4d-bd611dc8ad7f to target c528def6-d961-4c40-b955-eb0d4935cbdf
2023-06-27 18:42:12,605 [main] DEBUG balancer.ContainerBalancerTask (ContainerBalancerTask.java:matchSourceWithTarget(706)) - ContainerBalancer is finding suitable target for source datanode f6756ff9-0196-427b-b4cc-b42e5f7d592c
2023-06-27 18:42:12,605 [main] INFO  balancer.ContainerBalancerTask (ContainerBalancerTask.java:matchSourceWithTarget(720)) - ContainerBalancer matched source datanode f6756ff9-0196-427b-b4cc-b42e5f7d592c with target datanode c528def6-d961-4c40-b955-eb0d4935cbdf for container move.
2023-06-27 18:42:12,606 [main] INFO  balancer.ContainerBalancerTask (ContainerBalancerTask.java:processMoveSelection(569)) - ContainerBalancer is trying to move container #88 with size 3221225472B from source datanode f6756ff9-0196-427b-b4cc-b42e5f7d592c to target datanode c528def6-d961-4c40-b955-eb0d4935cbdf
2023-06-27 18:42:12,606 [main] DEBUG balancer.ContainerBalancerTask (ContainerBalancerTask.java:lambda$moveContainer$3(834)) - Container move completed for container #88 from source f6756ff9-0196-427b-b4cc-b42e5f7d592c to target c528def6-d961-4c40-b955-eb0d4935cbdf
2023-06-27 18:42:12,608 [main] DEBUG balancer.ContainerBalancerTask (ContainerBalancerTask.java:matchSourceWithTarget(706)) - ContainerBalancer is finding suitable target for source datanode 6187f75d-e45f-4018-a281-bb56976d837a
2023-06-27 18:42:12,608 [main] INFO  balancer.ContainerBalancerTask (ContainerBalancerTask.java:matchSourceWithTarget(720)) - ContainerBalancer matched source datanode 6187f75d-e45f-4018-a281-bb56976d837a with target datanode c528def6-d961-4c40-b955-eb0d4935cbdf for container move.
2023-06-27 18:42:12,609 [main] INFO  balancer.ContainerBalancerTask (ContainerBalancerTask.java:processMoveSelection(569)) - ContainerBalancer is trying to move container #81 with size 1073741824B from source datanode 6187f75d-e45f-4018-a281-bb56976d837a to target datanode c528def6-d961-4c40-b955-eb0d4935cbdf
2023-06-27 18:42:12,610 [main] DEBUG balancer.ContainerBalancerTask (ContainerBalancerTask.java:lambda$moveContainer$3(834)) - Container move completed for container #81 from source 6187f75d-e45f-4018-a281-bb56976d837a to target c528def6-d961-4c40-b955-eb0d4935cbdf
2023-06-27 18:42:12,610 [main] WARN  balancer.ContainerBalancerTask (ContainerBalancerTask.java:reachedMaxSizeToMovePerIteration(731)) - Reached max size to move limit. 53687091200 bytes have already been scheduled for balancing and the limit is 53687091200 bytes.
2023-06-27 18:42:12,610 [main] INFO  balancer.ContainerBalancerTask (ContainerBalancerTask.java:checkIterationMoveResults(640)) - Iteration Summary. Number of Datanodes involved: 6. Size moved: 50 GB (53687091200 Bytes). Number of Container moves completed: 14.
2023-06-27 18:42:12,611 [main] INFO  balancer.ContainerBalancerTask (ContainerBalancerTask.java:balance(259)) - Result of this iteration of Container Balancer: ITERATION_COMPLETED
2023-06-27 18:42:12,611 [main] INFO  balancer.ContainerBalancerTask (ContainerBalancerTask.java:tryStopWithSaveConfiguration(308)) - Save Configuration for stopping. Reason: Completed all iterations.
2023-06-27 18:42:12,611 [main] DEBUG balancer.ContainerBalancerTask (ContainerBalancerTask.java:initializeIteration(374)) - Average utilization of the cluster is 0.3159529620592805
2023-06-27 18:42:12,612 [main] DEBUG balancer.ContainerBalancerTask (ContainerBalancerTask.java:initializeIteration(386)) - Lower limit for utilization is -0.43425493015385475 and Upper limit for utilization is 1.0661608542724157
2023-06-27 18:42:12,612 [main] DEBUG balancer.ContainerBalancerTask (ContainerBalancerTask.java:initializeIteration(398)) - Utilization for node f6756ff9-0196-427b-b4cc-b42e5f7d592c with capacity 60845370026B, used 54760833024B, and remaining 6084537002B is 0.900000000009861
2023-06-27 18:42:12,612 [main] DEBUG balancer.ContainerBalancerTask (ContainerBalancerTask.java:initializeIteration(398)) - Utilization for node 6187f75d-e45f-4018-a281-bb56976d837a with capacity 60397977600B, used 48318382080B, and remaining 12079595520B is 0.8
2023-06-27 18:42:12,612 [main] DEBUG balancer.ContainerBalancerTask (ContainerBalancerTask.java:initializeIteration(398)) - Utilization for node f03a10c2-24f0-44c8-bc4d-bd611dc8ad7f with capacity 64424509440B, used 45097156608B, and remaining 19327352832B is 0.7
2023-06-27 18:42:12,612 [main] DEBUG balancer.ContainerBalancerTask (ContainerBalancerTask.java:initializeIteration(398)) - Utilization for node 7c8b3037-85a2-4169-9705-f83a8a8933aa with capacity 96636764160B, used 57982058496B, and remaining 38654705664B is 0.6
2023-06-27 18:42:12,612 [main] DEBUG balancer.ContainerBalancerTask (ContainerBalancerTask.java:initializeIteration(398)) - Utilization for node e9725ca9-6d93-493e-a615-8d7c01e40e9c with capacity 51539607552B, used 25769803776B, and remaining 25769803776B is 0.5
2023-06-27 18:42:12,612 [main] DEBUG balancer.ContainerBalancerTask (ContainerBalancerTask.java:initializeIteration(398)) - Utilization for node 267eb708-4a88-4eaa-979e-506819a6081d with capacity 99321118720B, used 39728447488B, and remaining 59592671232B is 0.4
2023-06-27 18:42:12,612 [main] DEBUG balancer.ContainerBalancerTask (ContainerBalancerTask.java:initializeIteration(398)) - Utilization for node 6cda17ab-62e1-4c97-baa7-1e14d7451676 with capacity 100215903573B, used 30064771072B, and remaining 70151132501B is 0.30000000000099786
2023-06-27 18:42:12,612 [main] DEBUG balancer.ContainerBalancerTask (ContainerBalancerTask.java:initializeIteration(398)) - Utilization for node 2da8c10f-2b50-47d8-a3d7-45c9a5e5a955 with capacity 144955146240B, used 28991029248B, and remaining 115964116992B is 0.2
2023-06-27 18:42:12,612 [main] DEBUG balancer.ContainerBalancerTask (ContainerBalancerTask.java:initializeIteration(398)) - Utilization for node c528def6-d961-4c40-b955-eb0d4935cbdf with capacity 515396075520B, used 51539607552B, and remaining 463856467968B is 0.1
2023-06-27 18:42:12,612 [main] DEBUG balancer.ContainerBalancerTask (ContainerBalancerTask.java:initializeIteration(398)) - Utilization for node 12fece16-68fc-4087-8872-95165ef44b9d with capacity 16106127360B, used 0B, and remaining 16106127360B is 0.0
2023-06-27 18:42:12,612 [main] INFO  balancer.ContainerBalancerTask (ContainerBalancerTask.java:initializeIteration(443)) - Did not find any unbalanced Datanodes.
2023-06-27 18:42:12,612 [main] INFO  balancer.ContainerBalancerTask (ContainerBalancerTask.java:tryStopWithSaveConfiguration(308)) - Save Configuration for stopping. Reason: Could not initialize ContainerBalancer's iteration number 0
2023-06-27 18:42:12,613 [main] DEBUG balancer.ContainerBalancerTask (ContainerBalancerTask.java:initializeIteration(374)) - Average utilization of the cluster is 0.3159529620592805
2023-06-27 18:42:12,613 [main] DEBUG balancer.ContainerBalancerTask (ContainerBalancerTask.java:initializeIteration(386)) - Lower limit for utilization is -0.6500617564678842 and Upper limit for utilization is 1.2819676805864453
2023-06-27 18:42:12,613 [main] DEBUG balancer.ContainerBalancerTask (ContainerBalancerTask.java:initializeIteration(398)) - Utilization for node f6756ff9-0196-427b-b4cc-b42e5f7d592c with capacity 60845370026B, used 54760833024B, and remaining 6084537002B is 0.900000000009861
2023-06-27 18:42:12,613 [main] DEBUG balancer.ContainerBalancerTask (ContainerBalancerTask.java:initializeIteration(398)) - Utilization for node 6187f75d-e45f-4018-a281-bb56976d837a with capacity 60397977600B, used 48318382080B, and remaining 12079595520B is 0.8
2023-06-27 18:42:12,613 [main] DEBUG balancer.ContainerBalancerTask (ContainerBalancerTask.java:initializeIteration(398)) - Utilization for node f03a10c2-24f0-44c8-bc4d-bd611dc8ad7f with capacity 64424509440B, used 45097156608B, and remaining 19327352832B is 0.7
2023-06-27 18:42:12,614 [main] DEBUG balancer.ContainerBalancerTask (ContainerBalancerTask.java:initializeIteration(398)) - Utilization for node 7c8b3037-85a2-4169-9705-f83a8a8933aa with capacity 96636764160B, used 57982058496B, and remaining 38654705664B is 0.6
2023-06-27 18:42:12,614 [main] DEBUG balancer.ContainerBalancerTask (ContainerBalancerTask.java:initializeIteration(398)) - Utilization for node e9725ca9-6d93-493e-a615-8d7c01e40e9c with capacity 51539607552B, used 25769803776B, and remaining 25769803776B is 0.5
2023-06-27 18:42:12,614 [main] DEBUG balancer.ContainerBalancerTask (ContainerBalancerTask.java:initializeIteration(398)) - Utilization for node 267eb708-4a88-4eaa-979e-506819a6081d with capacity 99321118720B, used 39728447488B, and remaining 59592671232B is 0.4
2023-06-27 18:42:12,614 [main] DEBUG balancer.ContainerBalancerTask (ContainerBalancerTask.java:initializeIteration(398)) - Utilization for node 6cda17ab-62e1-4c97-baa7-1e14d7451676 with capacity 100215903573B, used 30064771072B, and remaining 70151132501B is 0.30000000000099786
2023-06-27 18:42:12,614 [main] DEBUG balancer.ContainerBalancerTask (ContainerBalancerTask.java:initializeIteration(398)) - Utilization for node 2da8c10f-2b50-47d8-a3d7-45c9a5e5a955 with capacity 144955146240B, used 28991029248B, and remaining 115964116992B is 0.2
2023-06-27 18:42:12,614 [main] DEBUG balancer.ContainerBalancerTask (ContainerBalancerTask.java:initializeIteration(398)) - Utilization for node c528def6-d961-4c40-b955-eb0d4935cbdf with capacity 515396075520B, used 51539607552B, and remaining 463856467968B is 0.1
2023-06-27 18:42:12,614 [main] DEBUG balancer.ContainerBalancerTask (ContainerBalancerTask.java:initializeIteration(398)) - Utilization for node 12fece16-68fc-4087-8872-95165ef44b9d with capacity 16106127360B, used 0B, and remaining 16106127360B is 0.0
2023-06-27 18:42:12,614 [main] INFO  balancer.ContainerBalancerTask (ContainerBalancerTask.java:initializeIteration(443)) - Did not find any unbalanced Datanodes.
2023-06-27 18:42:12,614 [main] INFO  balancer.ContainerBalancerTask (ContainerBalancerTask.java:tryStopWithSaveConfiguration(308)) - Save Configuration for stopping. Reason: Could not initialize ContainerBalancer's iteration number 0
2023-06-27 18:42:12,615 [main] DEBUG balancer.ContainerBalancerTask (ContainerBalancerTask.java:initializeIteration(374)) - Average utilization of the cluster is 0.3159529620592805
2023-06-27 18:42:12,615 [main] DEBUG balancer.ContainerBalancerTask (ContainerBalancerTask.java:initializeIteration(386)) - Lower limit for utilization is -0.1520677117610132 and Upper limit for utilization is 0.7839736358795741
2023-06-27 18:42:12,615 [main] DEBUG balancer.ContainerBalancerTask (ContainerBalancerTask.java:initializeIteration(398)) - Utilization for node f6756ff9-0196-427b-b4cc-b42e5f7d592c with capacity 60845370026B, used 54760833024B, and remaining 6084537002B is 0.900000000009861
2023-06-27 18:42:12,615 [main] DEBUG balancer.ContainerBalancerTask (ContainerBalancerTask.java:initializeIteration(398)) - Utilization for node 6187f75d-e45f-4018-a281-bb56976d837a with capacity 60397977600B, used 48318382080B, and remaining 12079595520B is 0.8
2023-06-27 18:42:12,615 [main] DEBUG balancer.ContainerBalancerTask (ContainerBalancerTask.java:initializeIteration(398)) - Utilization for node f03a10c2-24f0-44c8-bc4d-bd611dc8ad7f with capacity 64424509440B, used 45097156608B, and remaining 19327352832B is 0.7
2023-06-27 18:42:12,615 [main] DEBUG balancer.ContainerBalancerTask (ContainerBalancerTask.java:initializeIteration(398)) - Utilization for node 7c8b3037-85a2-4169-9705-f83a8a8933aa with capacity 96636764160B, used 57982058496B, and remaining 38654705664B is 0.6
2023-06-27 18:42:12,615 [main] DEBUG balancer.ContainerBalancerTask (ContainerBalancerTask.java:initializeIteration(398)) - Utilization for node e9725ca9-6d93-493e-a615-8d7c01e40e9c with capacity 51539607552B, used 25769803776B, and remaining 25769803776B is 0.5
2023-06-27 18:42:12,615 [main] DEBUG balancer.ContainerBalancerTask (ContainerBalancerTask.java:initializeIteration(398)) - Utilization for node 267eb708-4a88-4eaa-979e-506819a6081d with capacity 99321118720B, used 39728447488B, and remaining 59592671232B is 0.4
2023-06-27 18:42:12,615 [main] DEBUG balancer.ContainerBalancerTask (ContainerBalancerTask.java:initializeIteration(398)) - Utilization for node 6cda17ab-62e1-4c97-baa7-1e14d7451676 with capacity 100215903573B, used 30064771072B, and remaining 70151132501B is 0.30000000000099786
2023-06-27 18:42:12,615 [main] DEBUG balancer.ContainerBalancerTask (ContainerBalancerTask.java:initializeIteration(398)) - Utilization for node 2da8c10f-2b50-47d8-a3d7-45c9a5e5a955 with capacity 144955146240B, used 28991029248B, and remaining 115964116992B is 0.2
2023-06-27 18:42:12,616 [main] DEBUG balancer.ContainerBalancerTask (ContainerBalancerTask.java:initializeIteration(398)) - Utilization for node c528def6-d961-4c40-b955-eb0d4935cbdf with capacity 515396075520B, used 51539607552B, and remaining 463856467968B is 0.1
2023-06-27 18:42:12,616 [main] DEBUG balancer.ContainerBalancerTask (ContainerBalancerTask.java:initializeIteration(398)) - Utilization for node 12fece16-68fc-4087-8872-95165ef44b9d with capacity 16106127360B, used 0B, and remaining 16106127360B is 0.0
2023-06-27 18:42:12,616 [main] INFO  balancer.ContainerBalancerTask (ContainerBalancerTask.java:initializeIteration(447)) - Container Balancer has identified 2 Over-Utilized and 0 Under-Utilized Datanodes that need to be balanced.
2023-06-27 18:42:12,616 [main] DEBUG balancer.ContainerBalancerTask (ContainerBalancerTask.java:lambda$initializeIteration$1(453)) - Datanode localhost-238.167.169.96 f6756ff9-0196-427b-b4cc-b42e5f7d592c is Over-Utilized.
2023-06-27 18:42:12,616 [main] DEBUG balancer.ContainerBalancerTask (ContainerBalancerTask.java:lambda$initializeIteration$1(453)) - Datanode localhost-179.249.57.69 6187f75d-e45f-4018-a281-bb56976d837a is Over-Utilized.
2023-06-27 18:42:12,618 [main] DEBUG balancer.ContainerBalancerTask (ContainerBalancerTask.java:matchSourceWithTarget(706)) - ContainerBalancer is finding suitable target for source datanode f6756ff9-0196-427b-b4cc-b42e5f7d592c
2023-06-27 18:42:12,618 [main] INFO  balancer.FindTargetGreedyByUsageInfo (AbstractFindTargetGreedy.java:findTargetForContainerMove(133)) - Container Balancer could not find a target for source datanode f6756ff9-0196-427b-b4cc-b42e5f7d592c
2023-06-27 18:42:12,618 [main] DEBUG balancer.ContainerBalancerTask (ContainerBalancerTask.java:matchSourceWithTarget(715)) - ContainerBalancer could not find a suitable target for source node f6756ff9-0196-427b-b4cc-b42e5f7d592c.
2023-06-27 18:42:12,620 [main] DEBUG balancer.ContainerBalancerTask (ContainerBalancerTask.java:matchSourceWithTarget(706)) - ContainerBalancer is finding suitable target for source datanode 6187f75d-e45f-4018-a281-bb56976d837a
2023-06-27 18:42:12,621 [main] INFO  balancer.FindTargetGreedyByUsageInfo (AbstractFindTargetGreedy.java:findTargetForContainerMove(133)) - Container Balancer could not find a target for source datanode 6187f75d-e45f-4018-a281-bb56976d837a
2023-06-27 18:42:12,621 [main] DEBUG balancer.ContainerBalancerTask (ContainerBalancerTask.java:matchSourceWithTarget(715)) - ContainerBalancer could not find a suitable target for source node 6187f75d-e45f-4018-a281-bb56976d837a.
2023-06-27 18:42:12,621 [main] INFO  balancer.FindSourceGreedy (FindSourceGreedy.java:getNextCandidateSourceDataNode(126)) - no more candidate source data node
2023-06-27 18:42:12,621 [main] INFO  balancer.ContainerBalancerTask (ContainerBalancerTask.java:balance(259)) - Result of this iteration of Container Balancer: CAN_NOT_BALANCE_ANY_MORE
2023-06-27 18:42:12,621 [main] INFO  balancer.ContainerBalancerTask (ContainerBalancerTask.java:tryStopWithSaveConfiguration(308)) - Save Configuration for stopping. Reason: CAN_NOT_BALANCE_ANY_MORE
2023-06-27 18:42:12,621 [main] DEBUG balancer.ContainerBalancerTask (ContainerBalancerTask.java:initializeIteration(374)) - Average utilization of the cluster is 0.3159529620592805
2023-06-27 18:42:12,622 [main] DEBUG balancer.ContainerBalancerTask (ContainerBalancerTask.java:initializeIteration(386)) - Lower limit for utilization is 0.22845358327402698 and Upper limit for utilization is 0.40345234084453396
2023-06-27 18:42:12,622 [main] DEBUG balancer.ContainerBalancerTask (ContainerBalancerTask.java:initializeIteration(398)) - Utilization for node f6756ff9-0196-427b-b4cc-b42e5f7d592c with capacity 60845370026B, used 54760833024B, and remaining 6084537002B is 0.900000000009861
2023-06-27 18:42:12,622 [main] DEBUG balancer.ContainerBalancerTask (ContainerBalancerTask.java:initializeIteration(398)) - Utilization for node 6187f75d-e45f-4018-a281-bb56976d837a with capacity 60397977600B, used 48318382080B, and remaining 12079595520B is 0.8
2023-06-27 18:42:12,622 [main] DEBUG balancer.ContainerBalancerTask (ContainerBalancerTask.java:initializeIteration(398)) - Utilization for node f03a10c2-24f0-44c8-bc4d-bd611dc8ad7f with capacity 64424509440B, used 45097156608B, and remaining 19327352832B is 0.7
2023-06-27 18:42:12,622 [main] DEBUG balancer.ContainerBalancerTask (ContainerBalancerTask.java:initializeIteration(398)) - Utilization for node 7c8b3037-85a2-4169-9705-f83a8a8933aa with capacity 96636764160B, used 57982058496B, and remaining 38654705664B is 0.6
2023-06-27 18:42:12,622 [main] DEBUG balancer.ContainerBalancerTask (ContainerBalancerTask.java:initializeIteration(398)) - Utilization for node e9725ca9-6d93-493e-a615-8d7c01e40e9c with capacity 51539607552B, used 25769803776B, and remaining 25769803776B is 0.5
2023-06-27 18:42:12,622 [main] DEBUG balancer.ContainerBalancerTask (ContainerBalancerTask.java:initializeIteration(398)) - Utilization for node 267eb708-4a88-4eaa-979e-506819a6081d with capacity 99321118720B, used 39728447488B, and remaining 59592671232B is 0.4
2023-06-27 18:42:12,622 [main] DEBUG balancer.ContainerBalancerTask (ContainerBalancerTask.java:initializeIteration(398)) - Utilization for node 6cda17ab-62e1-4c97-baa7-1e14d7451676 with capacity 100215903573B, used 30064771072B, and remaining 70151132501B is 0.30000000000099786
2023-06-27 18:42:12,622 [main] DEBUG balancer.ContainerBalancerTask (ContainerBalancerTask.java:initializeIteration(398)) - Utilization for node 2da8c10f-2b50-47d8-a3d7-45c9a5e5a955 with capacity 144955146240B, used 28991029248B, and remaining 115964116992B is 0.2
2023-06-27 18:42:12,622 [main] DEBUG balancer.ContainerBalancerTask (ContainerBalancerTask.java:initializeIteration(398)) - Utilization for node c528def6-d961-4c40-b955-eb0d4935cbdf with capacity 515396075520B, used 51539607552B, and remaining 463856467968B is 0.1
2023-06-27 18:42:12,622 [main] DEBUG balancer.ContainerBalancerTask (ContainerBalancerTask.java:initializeIteration(398)) - Utilization for node 12fece16-68fc-4087-8872-95165ef44b9d with capacity 16106127360B, used 0B, and remaining 16106127360B is 0.0
2023-06-27 18:42:12,622 [main] INFO  balancer.ContainerBalancerTask (ContainerBalancerTask.java:initializeIteration(447)) - Container Balancer has identified 5 Over-Utilized and 3 Under-Utilized Datanodes that need to be balanced.
2023-06-27 18:42:12,623 [main] DEBUG balancer.ContainerBalancerTask (ContainerBalancerTask.java:lambda$initializeIteration$1(453)) - Datanode localhost-238.167.169.96 f6756ff9-0196-427b-b4cc-b42e5f7d592c is Over-Utilized.
2023-06-27 18:42:12,623 [main] DEBUG balancer.ContainerBalancerTask (ContainerBalancerTask.java:lambda$initializeIteration$1(453)) - Datanode localhost-179.249.57.69 6187f75d-e45f-4018-a281-bb56976d837a is Over-Utilized.
2023-06-27 18:42:12,623 [main] DEBUG balancer.ContainerBalancerTask (ContainerBalancerTask.java:lambda$initializeIteration$1(453)) - Datanode localhost-226.29.25.54 f03a10c2-24f0-44c8-bc4d-bd611dc8ad7f is Over-Utilized.
2023-06-27 18:42:12,623 [main] DEBUG balancer.ContainerBalancerTask (ContainerBalancerTask.java:lambda$initializeIteration$1(453)) - Datanode localhost-243.51.53.194 7c8b3037-85a2-4169-9705-f83a8a8933aa is Over-Utilized.
2023-06-27 18:42:12,623 [main] DEBUG balancer.ContainerBalancerTask (ContainerBalancerTask.java:lambda$initializeIteration$1(453)) - Datanode localhost-0.43.181.195 e9725ca9-6d93-493e-a615-8d7c01e40e9c is Over-Utilized.
2023-06-27 18:42:12,623 [main] DEBUG balancer.ContainerBalancerTask (ContainerBalancerTask.java:lambda$initializeIteration$2(459)) - Datanode localhost-100.172.16.143 12fece16-68fc-4087-8872-95165ef44b9d is Under-Utilized.
2023-06-27 18:42:12,623 [main] DEBUG balancer.ContainerBalancerTask (ContainerBalancerTask.java:lambda$initializeIteration$2(459)) - Datanode localhost-132.51.8.14 c528def6-d961-4c40-b955-eb0d4935cbdf is Under-Utilized.
2023-06-27 18:42:12,624 [main] DEBUG balancer.ContainerBalancerTask (ContainerBalancerTask.java:lambda$initializeIteration$2(459)) - Datanode localhost-117.113.163.85 2da8c10f-2b50-47d8-a3d7-45c9a5e5a955 is Under-Utilized.
2023-06-27 18:42:12,626 [main] DEBUG balancer.ContainerBalancerTask (ContainerBalancerTask.java:matchSourceWithTarget(706)) - ContainerBalancer is finding suitable target for source datanode f6756ff9-0196-427b-b4cc-b42e5f7d592c
2023-06-27 18:42:12,626 [main] INFO  balancer.ContainerBalancerTask (ContainerBalancerTask.java:matchSourceWithTarget(720)) - ContainerBalancer matched source datanode f6756ff9-0196-427b-b4cc-b42e5f7d592c with target datanode 12fece16-68fc-4087-8872-95165ef44b9d for container move.
2023-06-27 18:42:12,626 [main] INFO  balancer.ContainerBalancerTask (ContainerBalancerTask.java:processMoveSelection(569)) - ContainerBalancer is trying to move container #85 with size 5368709120B from source datanode f6756ff9-0196-427b-b4cc-b42e5f7d592c to target datanode 12fece16-68fc-4087-8872-95165ef44b9d
2023-06-27 18:42:12,626 [main] DEBUG balancer.ContainerBalancerTask (ContainerBalancerTask.java:lambda$moveContainer$3(834)) - Container move completed for container #85 from source f6756ff9-0196-427b-b4cc-b42e5f7d592c to target 12fece16-68fc-4087-8872-95165ef44b9d
2023-06-27 18:42:12,629 [main] DEBUG balancer.ContainerBalancerTask (ContainerBalancerTask.java:matchSourceWithTarget(706)) - ContainerBalancer is finding suitable target for source datanode f6756ff9-0196-427b-b4cc-b42e5f7d592c
2023-06-27 18:42:12,629 [main] INFO  balancer.ContainerBalancerTask (ContainerBalancerTask.java:matchSourceWithTarget(720)) - ContainerBalancer matched source datanode f6756ff9-0196-427b-b4cc-b42e5f7d592c with target datanode c528def6-d961-4c40-b955-eb0d4935cbdf for container move.
2023-06-27 18:42:12,629 [main] INFO  balancer.ContainerBalancerTask (ContainerBalancerTask.java:processMoveSelection(569)) - ContainerBalancer is trying to move container #53 with size 5368709120B from source datanode f6756ff9-0196-427b-b4cc-b42e5f7d592c to target datanode c528def6-d961-4c40-b955-eb0d4935cbdf
2023-06-27 18:42:12,629 [main] DEBUG balancer.ContainerBalancerTask (ContainerBalancerTask.java:lambda$moveContainer$3(834)) - Container move completed for container #53 from source f6756ff9-0196-427b-b4cc-b42e5f7d592c to target c528def6-d961-4c40-b955-eb0d4935cbdf
2023-06-27 18:42:12,631 [main] DEBUG balancer.ContainerBalancerTask (ContainerBalancerTask.java:matchSourceWithTarget(706)) - ContainerBalancer is finding suitable target for source datanode 6187f75d-e45f-4018-a281-bb56976d837a
2023-06-27 18:42:12,631 [main] INFO  balancer.ContainerBalancerTask (ContainerBalancerTask.java:matchSourceWithTarget(720)) - ContainerBalancer matched source datanode 6187f75d-e45f-4018-a281-bb56976d837a with target datanode c528def6-d961-4c40-b955-eb0d4935cbdf for container move.
2023-06-27 18:42:12,631 [main] INFO  balancer.ContainerBalancerTask (ContainerBalancerTask.java:processMoveSelection(569)) - ContainerBalancer is trying to move container #68 with size 5368709120B from source datanode 6187f75d-e45f-4018-a281-bb56976d837a to target datanode c528def6-d961-4c40-b955-eb0d4935cbdf
2023-06-27 18:42:12,632 [main] DEBUG balancer.ContainerBalancerTask (ContainerBalancerTask.java:lambda$moveContainer$3(834)) - Container move completed for container #68 from source 6187f75d-e45f-4018-a281-bb56976d837a to target c528def6-d961-4c40-b955-eb0d4935cbdf
2023-06-27 18:42:12,634 [main] DEBUG balancer.ContainerBalancerTask (ContainerBalancerTask.java:matchSourceWithTarget(706)) - ContainerBalancer is finding suitable target for source datanode f6756ff9-0196-427b-b4cc-b42e5f7d592c
2023-06-27 18:42:12,634 [main] INFO  balancer.ContainerBalancerTask (ContainerBalancerTask.java:matchSourceWithTarget(720)) - ContainerBalancer matched source datanode f6756ff9-0196-427b-b4cc-b42e5f7d592c with target datanode c528def6-d961-4c40-b955-eb0d4935cbdf for container move.
2023-06-27 18:42:12,634 [main] INFO  balancer.ContainerBalancerTask (ContainerBalancerTask.java:processMoveSelection(569)) - ContainerBalancer is trying to move container #84 with size 4294967296B from source datanode f6756ff9-0196-427b-b4cc-b42e5f7d592c to target datanode c528def6-d961-4c40-b955-eb0d4935cbdf
2023-06-27 18:42:12,634 [main] DEBUG balancer.ContainerBalancerTask (ContainerBalancerTask.java:lambda$moveContainer$3(834)) - Container move completed for container #84 from source f6756ff9-0196-427b-b4cc-b42e5f7d592c to target c528def6-d961-4c40-b955-eb0d4935cbdf
2023-06-27 18:42:12,637 [main] DEBUG balancer.ContainerBalancerTask (ContainerBalancerTask.java:matchSourceWithTarget(706)) - ContainerBalancer is finding suitable target for source datanode 6187f75d-e45f-4018-a281-bb56976d837a
2023-06-27 18:42:12,637 [main] INFO  balancer.ContainerBalancerTask (ContainerBalancerTask.java:matchSourceWithTarget(720)) - ContainerBalancer matched source datanode 6187f75d-e45f-4018-a281-bb56976d837a with target datanode c528def6-d961-4c40-b955-eb0d4935cbdf for container move.
2023-06-27 18:42:12,637 [main] INFO  balancer.ContainerBalancerTask (ContainerBalancerTask.java:processMoveSelection(569)) - ContainerBalancer is trying to move container #71 with size 3221225472B from source datanode 6187f75d-e45f-4018-a281-bb56976d837a to target datanode c528def6-d961-4c40-b955-eb0d4935cbdf
2023-06-27 18:42:12,637 [main] DEBUG balancer.ContainerBalancerTask (ContainerBalancerTask.java:lambda$moveContainer$3(834)) - Container move completed for container #71 from source 6187f75d-e45f-4018-a281-bb56976d837a to target c528def6-d961-4c40-b955-eb0d4935cbdf
2023-06-27 18:42:12,639 [main] DEBUG balancer.ContainerBalancerTask (ContainerBalancerTask.java:matchSourceWithTarget(706)) - ContainerBalancer is finding suitable target for source datanode f03a10c2-24f0-44c8-bc4d-bd611dc8ad7f
2023-06-27 18:42:12,639 [main] INFO  balancer.ContainerBalancerTask (ContainerBalancerTask.java:matchSourceWithTarget(720)) - ContainerBalancer matched source datanode f03a10c2-24f0-44c8-bc4d-bd611dc8ad7f with target datanode c528def6-d961-4c40-b955-eb0d4935cbdf for container move.
2023-06-27 18:42:12,640 [main] INFO  balancer.ContainerBalancerTask (ContainerBalancerTask.java:processMoveSelection(569)) - ContainerBalancer is trying to move container #52 with size 4294967296B from source datanode f03a10c2-24f0-44c8-bc4d-bd611dc8ad7f to target datanode c528def6-d961-4c40-b955-eb0d4935cbdf
2023-06-27 18:42:12,640 [main] DEBUG balancer.ContainerBalancerTask (ContainerBalancerTask.java:lambda$moveContainer$3(834)) - Container move completed for container #52 from source f03a10c2-24f0-44c8-bc4d-bd611dc8ad7f to target c528def6-d961-4c40-b955-eb0d4935cbdf
2023-06-27 18:42:12,642 [main] DEBUG balancer.ContainerBalancerTask (ContainerBalancerTask.java:matchSourceWithTarget(706)) - ContainerBalancer is finding suitable target for source datanode 6187f75d-e45f-4018-a281-bb56976d837a
2023-06-27 18:42:12,642 [main] INFO  balancer.ContainerBalancerTask (ContainerBalancerTask.java:matchSourceWithTarget(720)) - ContainerBalancer matched source datanode 6187f75d-e45f-4018-a281-bb56976d837a with target datanode c528def6-d961-4c40-b955-eb0d4935cbdf for container move.
2023-06-27 18:42:12,642 [main] INFO  balancer.ContainerBalancerTask (ContainerBalancerTask.java:processMoveSelection(569)) - ContainerBalancer is trying to move container #66 with size 3221225472B from source datanode 6187f75d-e45f-4018-a281-bb56976d837a to target datanode c528def6-d961-4c40-b955-eb0d4935cbdf
2023-06-27 18:42:12,642 [main] DEBUG balancer.ContainerBalancerTask (ContainerBalancerTask.java:lambda$moveContainer$3(834)) - Container move completed for container #66 from source 6187f75d-e45f-4018-a281-bb56976d837a to target c528def6-d961-4c40-b955-eb0d4935cbdf
2023-06-27 18:42:12,645 [main] DEBUG balancer.ContainerBalancerTask (ContainerBalancerTask.java:matchSourceWithTarget(706)) - ContainerBalancer is finding suitable target for source datanode f6756ff9-0196-427b-b4cc-b42e5f7d592c
2023-06-27 18:42:12,645 [main] INFO  balancer.ContainerBalancerTask (ContainerBalancerTask.java:matchSourceWithTarget(720)) - ContainerBalancer matched source datanode f6756ff9-0196-427b-b4cc-b42e5f7d592c with target datanode c528def6-d961-4c40-b955-eb0d4935cbdf for container move.
2023-06-27 18:42:12,645 [main] INFO  balancer.ContainerBalancerTask (ContainerBalancerTask.java:processMoveSelection(569)) - ContainerBalancer is trying to move container #19 with size 4294967296B from source datanode f6756ff9-0196-427b-b4cc-b42e5f7d592c to target datanode c528def6-d961-4c40-b955-eb0d4935cbdf
2023-06-27 18:42:12,645 [main] DEBUG balancer.ContainerBalancerTask (ContainerBalancerTask.java:lambda$moveContainer$3(834)) - Container move completed for container #19 from source f6756ff9-0196-427b-b4cc-b42e5f7d592c to target c528def6-d961-4c40-b955-eb0d4935cbdf
2023-06-27 18:42:12,648 [main] DEBUG balancer.ContainerBalancerTask (ContainerBalancerTask.java:matchSourceWithTarget(706)) - ContainerBalancer is finding suitable target for source datanode f03a10c2-24f0-44c8-bc4d-bd611dc8ad7f
2023-06-27 18:42:12,648 [main] INFO  balancer.ContainerBalancerTask (ContainerBalancerTask.java:matchSourceWithTarget(720)) - ContainerBalancer matched source datanode f03a10c2-24f0-44c8-bc4d-bd611dc8ad7f with target datanode c528def6-d961-4c40-b955-eb0d4935cbdf for container move.
2023-06-27 18:42:12,648 [main] INFO  balancer.ContainerBalancerTask (ContainerBalancerTask.java:processMoveSelection(569)) - ContainerBalancer is trying to move container #38 with size 3221225472B from source datanode f03a10c2-24f0-44c8-bc4d-bd611dc8ad7f to target datanode c528def6-d961-4c40-b955-eb0d4935cbdf
2023-06-27 18:42:12,648 [main] DEBUG balancer.ContainerBalancerTask (ContainerBalancerTask.java:lambda$moveContainer$3(834)) - Container move completed for container #38 from source f03a10c2-24f0-44c8-bc4d-bd611dc8ad7f to target c528def6-d961-4c40-b955-eb0d4935cbdf
2023-06-27 18:42:12,651 [main] DEBUG balancer.ContainerBalancerTask (ContainerBalancerTask.java:matchSourceWithTarget(706)) - ContainerBalancer is finding suitable target for source datanode 6187f75d-e45f-4018-a281-bb56976d837a
2023-06-27 18:42:12,651 [main] INFO  balancer.ContainerBalancerTask (ContainerBalancerTask.java:matchSourceWithTarget(720)) - ContainerBalancer matched source datanode 6187f75d-e45f-4018-a281-bb56976d837a with target datanode c528def6-d961-4c40-b955-eb0d4935cbdf for container move.
2023-06-27 18:42:12,651 [main] INFO  balancer.ContainerBalancerTask (ContainerBalancerTask.java:processMoveSelection(569)) - ContainerBalancer is trying to move container #27 with size 3221225472B from source datanode 6187f75d-e45f-4018-a281-bb56976d837a to target datanode c528def6-d961-4c40-b955-eb0d4935cbdf
2023-06-27 18:42:12,651 [main] DEBUG balancer.ContainerBalancerTask (ContainerBalancerTask.java:lambda$moveContainer$3(834)) - Container move completed for container #27 from source 6187f75d-e45f-4018-a281-bb56976d837a to target c528def6-d961-4c40-b955-eb0d4935cbdf
2023-06-27 18:42:12,654 [main] DEBUG balancer.ContainerBalancerTask (ContainerBalancerTask.java:matchSourceWithTarget(706)) - ContainerBalancer is finding suitable target for source datanode 7c8b3037-85a2-4169-9705-f83a8a8933aa
2023-06-27 18:42:12,654 [main] INFO  balancer.ContainerBalancerTask (ContainerBalancerTask.java:matchSourceWithTarget(720)) - ContainerBalancer matched source datanode 7c8b3037-85a2-4169-9705-f83a8a8933aa with target datanode c528def6-d961-4c40-b955-eb0d4935cbdf for container move.
2023-06-27 18:42:12,654 [main] INFO  balancer.ContainerBalancerTask (ContainerBalancerTask.java:processMoveSelection(569)) - ContainerBalancer is trying to move container #40 with size 5368709120B from source datanode 7c8b3037-85a2-4169-9705-f83a8a8933aa to target datanode c528def6-d961-4c40-b955-eb0d4935cbdf
2023-06-27 18:42:12,654 [main] DEBUG balancer.ContainerBalancerTask (ContainerBalancerTask.java:lambda$moveContainer$3(834)) - Container move completed for container #40 from source 7c8b3037-85a2-4169-9705-f83a8a8933aa to target c528def6-d961-4c40-b955-eb0d4935cbdf
2023-06-27 18:42:12,657 [main] DEBUG balancer.ContainerBalancerTask (ContainerBalancerTask.java:matchSourceWithTarget(706)) - ContainerBalancer is finding suitable target for source datanode f03a10c2-24f0-44c8-bc4d-bd611dc8ad7f
2023-06-27 18:42:12,657 [main] INFO  balancer.ContainerBalancerTask (ContainerBalancerTask.java:matchSourceWithTarget(720)) - ContainerBalancer matched source datanode f03a10c2-24f0-44c8-bc4d-bd611dc8ad7f with target datanode c528def6-d961-4c40-b955-eb0d4935cbdf for container move.
2023-06-27 18:42:12,657 [main] INFO  balancer.ContainerBalancerTask (ContainerBalancerTask.java:processMoveSelection(569)) - ContainerBalancer is trying to move container #5 with size 2147483648B from source datanode f03a10c2-24f0-44c8-bc4d-bd611dc8ad7f to target datanode c528def6-d961-4c40-b955-eb0d4935cbdf
2023-06-27 18:42:12,658 [main] DEBUG balancer.ContainerBalancerTask (ContainerBalancerTask.java:lambda$moveContainer$3(834)) - Container move completed for container #5 from source f03a10c2-24f0-44c8-bc4d-bd611dc8ad7f to target c528def6-d961-4c40-b955-eb0d4935cbdf
2023-06-27 18:42:12,660 [main] DEBUG balancer.ContainerBalancerTask (ContainerBalancerTask.java:matchSourceWithTarget(706)) - ContainerBalancer is finding suitable target for source datanode f6756ff9-0196-427b-b4cc-b42e5f7d592c
2023-06-27 18:42:12,661 [main] INFO  balancer.ContainerBalancerTask (ContainerBalancerTask.java:matchSourceWithTarget(720)) - ContainerBalancer matched source datanode f6756ff9-0196-427b-b4cc-b42e5f7d592c with target datanode c528def6-d961-4c40-b955-eb0d4935cbdf for container move.
2023-06-27 18:42:12,661 [main] INFO  balancer.ContainerBalancerTask (ContainerBalancerTask.java:processMoveSelection(569)) - ContainerBalancer is trying to move container #88 with size 3221225472B from source datanode f6756ff9-0196-427b-b4cc-b42e5f7d592c to target datanode c528def6-d961-4c40-b955-eb0d4935cbdf
2023-06-27 18:42:12,661 [main] DEBUG balancer.ContainerBalancerTask (ContainerBalancerTask.java:lambda$moveContainer$3(834)) - Container move completed for container #88 from source f6756ff9-0196-427b-b4cc-b42e5f7d592c to target c528def6-d961-4c40-b955-eb0d4935cbdf
2023-06-27 18:42:12,663 [main] DEBUG balancer.ContainerBalancerTask (ContainerBalancerTask.java:matchSourceWithTarget(706)) - ContainerBalancer is finding suitable target for source datanode 6187f75d-e45f-4018-a281-bb56976d837a
2023-06-27 18:42:12,663 [main] INFO  balancer.ContainerBalancerTask (ContainerBalancerTask.java:matchSourceWithTarget(720)) - ContainerBalancer matched source datanode 6187f75d-e45f-4018-a281-bb56976d837a with target datanode c528def6-d961-4c40-b955-eb0d4935cbdf for container move.
2023-06-27 18:42:12,664 [main] INFO  balancer.ContainerBalancerTask (ContainerBalancerTask.java:processMoveSelection(569)) - ContainerBalancer is trying to move container #81 with size 1073741824B from source datanode 6187f75d-e45f-4018-a281-bb56976d837a to target datanode c528def6-d961-4c40-b955-eb0d4935cbdf
2023-06-27 18:42:12,664 [main] DEBUG balancer.ContainerBalancerTask (ContainerBalancerTask.java:lambda$moveContainer$3(834)) - Container move completed for container #81 from source 6187f75d-e45f-4018-a281-bb56976d837a to target c528def6-d961-4c40-b955-eb0d4935cbdf
2023-06-27 18:42:12,664 [main] WARN  balancer.ContainerBalancerTask (ContainerBalancerTask.java:reachedMaxSizeToMovePerIteration(731)) - Reached max size to move limit. 53687091200 bytes have already been scheduled for balancing and the limit is 53687091200 bytes.
2023-06-27 18:42:12,664 [main] INFO  balancer.ContainerBalancerTask (ContainerBalancerTask.java:checkIterationMoveResults(640)) - Iteration Summary. Number of Datanodes involved: 6. Size moved: 50 GB (53687091200 Bytes). Number of Container moves completed: 14.
2023-06-27 18:42:12,664 [main] INFO  balancer.ContainerBalancerTask (ContainerBalancerTask.java:balance(259)) - Result of this iteration of Container Balancer: ITERATION_COMPLETED
2023-06-27 18:42:12,664 [main] INFO  balancer.ContainerBalancerTask (ContainerBalancerTask.java:tryStopWithSaveConfiguration(308)) - Save Configuration for stopping. Reason: Completed all iterations.
2023-06-27 18:42:12,665 [main] DEBUG balancer.ContainerBalancerTask (ContainerBalancerTask.java:initializeIteration(374)) - Average utilization of the cluster is 0.3159529620592805
2023-06-27 18:42:12,665 [main] DEBUG balancer.ContainerBalancerTask (ContainerBalancerTask.java:initializeIteration(386)) - Lower limit for utilization is 0.22050676239550282 and Upper limit for utilization is 0.4113991617230581
2023-06-27 18:42:12,665 [main] DEBUG balancer.ContainerBalancerTask (ContainerBalancerTask.java:initializeIteration(398)) - Utilization for node f6756ff9-0196-427b-b4cc-b42e5f7d592c with capacity 60845370026B, used 54760833024B, and remaining 6084537002B is 0.900000000009861
2023-06-27 18:42:12,665 [main] DEBUG balancer.ContainerBalancerTask (ContainerBalancerTask.java:initializeIteration(398)) - Utilization for node 6187f75d-e45f-4018-a281-bb56976d837a with capacity 60397977600B, used 48318382080B, and remaining 12079595520B is 0.8
2023-06-27 18:42:12,665 [main] DEBUG balancer.ContainerBalancerTask (ContainerBalancerTask.java:initializeIteration(398)) - Utilization for node f03a10c2-24f0-44c8-bc4d-bd611dc8ad7f with capacity 64424509440B, used 45097156608B, and remaining 19327352832B is 0.7
2023-06-27 18:42:12,665 [main] DEBUG balancer.ContainerBalancerTask (ContainerBalancerTask.java:initializeIteration(398)) - Utilization for node 7c8b3037-85a2-4169-9705-f83a8a8933aa with capacity 96636764160B, used 57982058496B, and remaining 38654705664B is 0.6
2023-06-27 18:42:12,665 [main] DEBUG balancer.ContainerBalancerTask (ContainerBalancerTask.java:initializeIteration(398)) - Utilization for node e9725ca9-6d93-493e-a615-8d7c01e40e9c with capacity 51539607552B, used 25769803776B, and remaining 25769803776B is 0.5
2023-06-27 18:42:12,666 [main] DEBUG balancer.ContainerBalancerTask (ContainerBalancerTask.java:initializeIteration(398)) - Utilization for node 267eb708-4a88-4eaa-979e-506819a6081d with capacity 99321118720B, used 39728447488B, and remaining 59592671232B is 0.4
2023-06-27 18:42:12,666 [main] DEBUG balancer.ContainerBalancerTask (ContainerBalancerTask.java:initializeIteration(398)) - Utilization for node 6cda17ab-62e1-4c97-baa7-1e14d7451676 with capacity 100215903573B, used 30064771072B, and remaining 70151132501B is 0.30000000000099786
2023-06-27 18:42:12,666 [main] DEBUG balancer.ContainerBalancerTask (ContainerBalancerTask.java:initializeIteration(398)) - Utilization for node 2da8c10f-2b50-47d8-a3d7-45c9a5e5a955 with capacity 144955146240B, used 28991029248B, and remaining 115964116992B is 0.2
2023-06-27 18:42:12,666 [main] DEBUG balancer.ContainerBalancerTask (ContainerBalancerTask.java:initializeIteration(398)) - Utilization for node c528def6-d961-4c40-b955-eb0d4935cbdf with capacity 515396075520B, used 51539607552B, and remaining 463856467968B is 0.1
2023-06-27 18:42:12,666 [main] DEBUG balancer.ContainerBalancerTask (ContainerBalancerTask.java:initializeIteration(398)) - Utilization for node 12fece16-68fc-4087-8872-95165ef44b9d with capacity 16106127360B, used 0B, and remaining 16106127360B is 0.0
2023-06-27 18:42:12,666 [main] INFO  balancer.ContainerBalancerTask (ContainerBalancerTask.java:initializeIteration(447)) - Container Balancer has identified 5 Over-Utilized and 3 Under-Utilized Datanodes that need to be balanced.
2023-06-27 18:42:12,666 [main] DEBUG balancer.ContainerBalancerTask (ContainerBalancerTask.java:lambda$initializeIteration$1(453)) - Datanode localhost-238.167.169.96 f6756ff9-0196-427b-b4cc-b42e5f7d592c is Over-Utilized.
2023-06-27 18:42:12,666 [main] DEBUG balancer.ContainerBalancerTask (ContainerBalancerTask.java:lambda$initializeIteration$1(453)) - Datanode localhost-179.249.57.69 6187f75d-e45f-4018-a281-bb56976d837a is Over-Utilized.
2023-06-27 18:42:12,666 [main] DEBUG balancer.ContainerBalancerTask (ContainerBalancerTask.java:lambda$initializeIteration$1(453)) - Datanode localhost-226.29.25.54 f03a10c2-24f0-44c8-bc4d-bd611dc8ad7f is Over-Utilized.
2023-06-27 18:42:12,666 [main] DEBUG balancer.ContainerBalancerTask (ContainerBalancerTask.java:lambda$initializeIteration$1(453)) - Datanode localhost-243.51.53.194 7c8b3037-85a2-4169-9705-f83a8a8933aa is Over-Utilized.
2023-06-27 18:42:12,666 [main] DEBUG balancer.ContainerBalancerTask (ContainerBalancerTask.java:lambda$initializeIteration$1(453)) - Datanode localhost-0.43.181.195 e9725ca9-6d93-493e-a615-8d7c01e40e9c is Over-Utilized.
2023-06-27 18:42:12,666 [main] DEBUG balancer.ContainerBalancerTask (ContainerBalancerTask.java:lambda$initializeIteration$2(459)) - Datanode localhost-100.172.16.143 12fece16-68fc-4087-8872-95165ef44b9d is Under-Utilized.
2023-06-27 18:42:12,666 [main] DEBUG balancer.ContainerBalancerTask (ContainerBalancerTask.java:lambda$initializeIteration$2(459)) - Datanode localhost-132.51.8.14 c528def6-d961-4c40-b955-eb0d4935cbdf is Under-Utilized.
2023-06-27 18:42:12,667 [main] DEBUG balancer.ContainerBalancerTask (ContainerBalancerTask.java:lambda$initializeIteration$2(459)) - Datanode localhost-117.113.163.85 2da8c10f-2b50-47d8-a3d7-45c9a5e5a955 is Under-Utilized.
2023-06-27 18:42:12,669 [main] DEBUG balancer.ContainerBalancerTask (ContainerBalancerTask.java:matchSourceWithTarget(706)) - ContainerBalancer is finding suitable target for source datanode f6756ff9-0196-427b-b4cc-b42e5f7d592c
2023-06-27 18:42:12,669 [main] INFO  balancer.ContainerBalancerTask (ContainerBalancerTask.java:matchSourceWithTarget(720)) - ContainerBalancer matched source datanode f6756ff9-0196-427b-b4cc-b42e5f7d592c with target datanode 12fece16-68fc-4087-8872-95165ef44b9d for container move.
2023-06-27 18:42:12,669 [main] INFO  balancer.ContainerBalancerTask (ContainerBalancerTask.java:processMoveSelection(569)) - ContainerBalancer is trying to move container #85 with size 5368709120B from source datanode f6756ff9-0196-427b-b4cc-b42e5f7d592c to target datanode 12fece16-68fc-4087-8872-95165ef44b9d
2023-06-27 18:42:12,669 [main] DEBUG balancer.ContainerBalancerTask (ContainerBalancerTask.java:lambda$moveContainer$3(834)) - Container move completed for container #85 from source f6756ff9-0196-427b-b4cc-b42e5f7d592c to target 12fece16-68fc-4087-8872-95165ef44b9d
2023-06-27 18:42:12,672 [main] DEBUG balancer.ContainerBalancerTask (ContainerBalancerTask.java:matchSourceWithTarget(706)) - ContainerBalancer is finding suitable target for source datanode f6756ff9-0196-427b-b4cc-b42e5f7d592c
2023-06-27 18:42:12,672 [main] INFO  balancer.ContainerBalancerTask (ContainerBalancerTask.java:matchSourceWithTarget(720)) - ContainerBalancer matched source datanode f6756ff9-0196-427b-b4cc-b42e5f7d592c with target datanode c528def6-d961-4c40-b955-eb0d4935cbdf for container move.
2023-06-27 18:42:12,672 [main] INFO  balancer.ContainerBalancerTask (ContainerBalancerTask.java:processMoveSelection(569)) - ContainerBalancer is trying to move container #53 with size 5368709120B from source datanode f6756ff9-0196-427b-b4cc-b42e5f7d592c to target datanode c528def6-d961-4c40-b955-eb0d4935cbdf
2023-06-27 18:42:12,674 [main] DEBUG balancer.ContainerBalancerTask (ContainerBalancerTask.java:lambda$moveContainer$3(834)) - Container move completed for container #53 from source f6756ff9-0196-427b-b4cc-b42e5f7d592c to target c528def6-d961-4c40-b955-eb0d4935cbdf
2023-06-27 18:42:12,676 [main] DEBUG balancer.ContainerBalancerTask (ContainerBalancerTask.java:matchSourceWithTarget(706)) - ContainerBalancer is finding suitable target for source datanode 6187f75d-e45f-4018-a281-bb56976d837a
2023-06-27 18:42:12,676 [main] INFO  balancer.ContainerBalancerTask (ContainerBalancerTask.java:matchSourceWithTarget(720)) - ContainerBalancer matched source datanode 6187f75d-e45f-4018-a281-bb56976d837a with target datanode c528def6-d961-4c40-b955-eb0d4935cbdf for container move.
2023-06-27 18:42:12,676 [main] INFO  balancer.ContainerBalancerTask (ContainerBalancerTask.java:processMoveSelection(569)) - ContainerBalancer is trying to move container #68 with size 5368709120B from source datanode 6187f75d-e45f-4018-a281-bb56976d837a to target datanode c528def6-d961-4c40-b955-eb0d4935cbdf
2023-06-27 18:42:12,676 [main] DEBUG balancer.ContainerBalancerTask (ContainerBalancerTask.java:lambda$moveContainer$3(834)) - Container move completed for container #68 from source 6187f75d-e45f-4018-a281-bb56976d837a to target c528def6-d961-4c40-b955-eb0d4935cbdf
2023-06-27 18:42:12,679 [main] DEBUG balancer.ContainerBalancerTask (ContainerBalancerTask.java:matchSourceWithTarget(706)) - ContainerBalancer is finding suitable target for source datanode f6756ff9-0196-427b-b4cc-b42e5f7d592c
2023-06-27 18:42:12,679 [main] INFO  balancer.ContainerBalancerTask (ContainerBalancerTask.java:matchSourceWithTarget(720)) - ContainerBalancer matched source datanode f6756ff9-0196-427b-b4cc-b42e5f7d592c with target datanode c528def6-d961-4c40-b955-eb0d4935cbdf for container move.
2023-06-27 18:42:12,679 [main] INFO  balancer.ContainerBalancerTask (ContainerBalancerTask.java:processMoveSelection(569)) - ContainerBalancer is trying to move container #84 with size 4294967296B from source datanode f6756ff9-0196-427b-b4cc-b42e5f7d592c to target datanode c528def6-d961-4c40-b955-eb0d4935cbdf
2023-06-27 18:42:12,679 [main] DEBUG balancer.ContainerBalancerTask (ContainerBalancerTask.java:lambda$moveContainer$3(834)) - Container move completed for container #84 from source f6756ff9-0196-427b-b4cc-b42e5f7d592c to target c528def6-d961-4c40-b955-eb0d4935cbdf
2023-06-27 18:42:12,681 [main] DEBUG balancer.ContainerBalancerTask (ContainerBalancerTask.java:matchSourceWithTarget(706)) - ContainerBalancer is finding suitable target for source datanode 6187f75d-e45f-4018-a281-bb56976d837a
2023-06-27 18:42:12,681 [main] INFO  balancer.ContainerBalancerTask (ContainerBalancerTask.java:matchSourceWithTarget(720)) - ContainerBalancer matched source datanode 6187f75d-e45f-4018-a281-bb56976d837a with target datanode c528def6-d961-4c40-b955-eb0d4935cbdf for container move.
2023-06-27 18:42:12,682 [main] INFO  balancer.ContainerBalancerTask (ContainerBalancerTask.java:processMoveSelection(569)) - ContainerBalancer is trying to move container #71 with size 3221225472B from source datanode 6187f75d-e45f-4018-a281-bb56976d837a to target datanode c528def6-d961-4c40-b955-eb0d4935cbdf
2023-06-27 18:42:12,682 [main] DEBUG balancer.ContainerBalancerTask (ContainerBalancerTask.java:lambda$moveContainer$3(834)) - Container move completed for container #71 from source 6187f75d-e45f-4018-a281-bb56976d837a to target c528def6-d961-4c40-b955-eb0d4935cbdf
2023-06-27 18:42:12,684 [main] DEBUG balancer.ContainerBalancerTask (ContainerBalancerTask.java:matchSourceWithTarget(706)) - ContainerBalancer is finding suitable target for source datanode f03a10c2-24f0-44c8-bc4d-bd611dc8ad7f
2023-06-27 18:42:12,684 [main] INFO  balancer.ContainerBalancerTask (ContainerBalancerTask.java:matchSourceWithTarget(720)) - ContainerBalancer matched source datanode f03a10c2-24f0-44c8-bc4d-bd611dc8ad7f with target datanode c528def6-d961-4c40-b955-eb0d4935cbdf for container move.
2023-06-27 18:42:12,684 [main] INFO  balancer.ContainerBalancerTask (ContainerBalancerTask.java:processMoveSelection(569)) - ContainerBalancer is trying to move container #52 with size 4294967296B from source datanode f03a10c2-24f0-44c8-bc4d-bd611dc8ad7f to target datanode c528def6-d961-4c40-b955-eb0d4935cbdf
2023-06-27 18:42:12,684 [main] DEBUG balancer.ContainerBalancerTask (ContainerBalancerTask.java:lambda$moveContainer$3(834)) - Container move completed for container #52 from source f03a10c2-24f0-44c8-bc4d-bd611dc8ad7f to target c528def6-d961-4c40-b955-eb0d4935cbdf
2023-06-27 18:42:12,687 [main] DEBUG balancer.ContainerBalancerTask (ContainerBalancerTask.java:matchSourceWithTarget(706)) - ContainerBalancer is finding suitable target for source datanode 6187f75d-e45f-4018-a281-bb56976d837a
2023-06-27 18:42:12,687 [main] INFO  balancer.ContainerBalancerTask (ContainerBalancerTask.java:matchSourceWithTarget(720)) - ContainerBalancer matched source datanode 6187f75d-e45f-4018-a281-bb56976d837a with target datanode c528def6-d961-4c40-b955-eb0d4935cbdf for container move.
2023-06-27 18:42:12,687 [main] INFO  balancer.ContainerBalancerTask (ContainerBalancerTask.java:processMoveSelection(569)) - ContainerBalancer is trying to move container #66 with size 3221225472B from source datanode 6187f75d-e45f-4018-a281-bb56976d837a to target datanode c528def6-d961-4c40-b955-eb0d4935cbdf
2023-06-27 18:42:12,687 [main] DEBUG balancer.ContainerBalancerTask (ContainerBalancerTask.java:lambda$moveContainer$3(834)) - Container move completed for container #66 from source 6187f75d-e45f-4018-a281-bb56976d837a to target c528def6-d961-4c40-b955-eb0d4935cbdf
2023-06-27 18:42:12,690 [main] DEBUG balancer.ContainerBalancerTask (ContainerBalancerTask.java:matchSourceWithTarget(706)) - ContainerBalancer is finding suitable target for source datanode f6756ff9-0196-427b-b4cc-b42e5f7d592c
2023-06-27 18:42:12,690 [main] INFO  balancer.ContainerBalancerTask (ContainerBalancerTask.java:matchSourceWithTarget(720)) - ContainerBalancer matched source datanode f6756ff9-0196-427b-b4cc-b42e5f7d592c with target datanode c528def6-d961-4c40-b955-eb0d4935cbdf for container move.
2023-06-27 18:42:12,690 [main] INFO  balancer.ContainerBalancerTask (ContainerBalancerTask.java:processMoveSelection(569)) - ContainerBalancer is trying to move container #19 with size 4294967296B from source datanode f6756ff9-0196-427b-b4cc-b42e5f7d592c to target datanode c528def6-d961-4c40-b955-eb0d4935cbdf
2023-06-27 18:42:12,690 [main] DEBUG balancer.ContainerBalancerTask (ContainerBalancerTask.java:lambda$moveContainer$3(834)) - Container move completed for container #19 from source f6756ff9-0196-427b-b4cc-b42e5f7d592c to target c528def6-d961-4c40-b955-eb0d4935cbdf
2023-06-27 18:42:12,693 [main] DEBUG balancer.ContainerBalancerTask (ContainerBalancerTask.java:matchSourceWithTarget(706)) - ContainerBalancer is finding suitable target for source datanode f03a10c2-24f0-44c8-bc4d-bd611dc8ad7f
2023-06-27 18:42:12,693 [main] INFO  balancer.ContainerBalancerTask (ContainerBalancerTask.java:matchSourceWithTarget(720)) - ContainerBalancer matched source datanode f03a10c2-24f0-44c8-bc4d-bd611dc8ad7f with target datanode c528def6-d961-4c40-b955-eb0d4935cbdf for container move.
2023-06-27 18:42:12,693 [main] INFO  balancer.ContainerBalancerTask (ContainerBalancerTask.java:processMoveSelection(569)) - ContainerBalancer is trying to move container #38 with size 3221225472B from source datanode f03a10c2-24f0-44c8-bc4d-bd611dc8ad7f to target datanode c528def6-d961-4c40-b955-eb0d4935cbdf
2023-06-27 18:42:12,693 [main] DEBUG balancer.ContainerBalancerTask (ContainerBalancerTask.java:lambda$moveContainer$3(834)) - Container move completed for container #38 from source f03a10c2-24f0-44c8-bc4d-bd611dc8ad7f to target c528def6-d961-4c40-b955-eb0d4935cbdf
2023-06-27 18:42:12,695 [main] DEBUG balancer.ContainerBalancerTask (ContainerBalancerTask.java:matchSourceWithTarget(706)) - ContainerBalancer is finding suitable target for source datanode 6187f75d-e45f-4018-a281-bb56976d837a
2023-06-27 18:42:12,696 [main] INFO  balancer.ContainerBalancerTask (ContainerBalancerTask.java:matchSourceWithTarget(720)) - ContainerBalancer matched source datanode 6187f75d-e45f-4018-a281-bb56976d837a with target datanode c528def6-d961-4c40-b955-eb0d4935cbdf for container move.
2023-06-27 18:42:12,696 [main] INFO  balancer.ContainerBalancerTask (ContainerBalancerTask.java:processMoveSelection(569)) - ContainerBalancer is trying to move container #27 with size 3221225472B from source datanode 6187f75d-e45f-4018-a281-bb56976d837a to target datanode c528def6-d961-4c40-b955-eb0d4935cbdf
2023-06-27 18:42:12,696 [main] DEBUG balancer.ContainerBalancerTask (ContainerBalancerTask.java:lambda$moveContainer$3(834)) - Container move completed for container #27 from source 6187f75d-e45f-4018-a281-bb56976d837a to target c528def6-d961-4c40-b955-eb0d4935cbdf
2023-06-27 18:42:12,699 [main] DEBUG balancer.ContainerBalancerTask (ContainerBalancerTask.java:matchSourceWithTarget(706)) - ContainerBalancer is finding suitable target for source datanode 7c8b3037-85a2-4169-9705-f83a8a8933aa
2023-06-27 18:42:12,699 [main] INFO  balancer.ContainerBalancerTask (ContainerBalancerTask.java:matchSourceWithTarget(720)) - ContainerBalancer matched source datanode 7c8b3037-85a2-4169-9705-f83a8a8933aa with target datanode c528def6-d961-4c40-b955-eb0d4935cbdf for container move.
2023-06-27 18:42:12,699 [main] INFO  balancer.ContainerBalancerTask (ContainerBalancerTask.java:processMoveSelection(569)) - ContainerBalancer is trying to move container #40 with size 5368709120B from source datanode 7c8b3037-85a2-4169-9705-f83a8a8933aa to target datanode c528def6-d961-4c40-b955-eb0d4935cbdf
2023-06-27 18:42:12,699 [main] DEBUG balancer.ContainerBalancerTask (ContainerBalancerTask.java:lambda$moveContainer$3(834)) - Container move completed for container #40 from source 7c8b3037-85a2-4169-9705-f83a8a8933aa to target c528def6-d961-4c40-b955-eb0d4935cbdf
2023-06-27 18:42:12,702 [main] DEBUG balancer.ContainerBalancerTask (ContainerBalancerTask.java:matchSourceWithTarget(706)) - ContainerBalancer is finding suitable target for source datanode f03a10c2-24f0-44c8-bc4d-bd611dc8ad7f
2023-06-27 18:42:12,702 [main] INFO  balancer.ContainerBalancerTask (ContainerBalancerTask.java:matchSourceWithTarget(720)) - ContainerBalancer matched source datanode f03a10c2-24f0-44c8-bc4d-bd611dc8ad7f with target datanode c528def6-d961-4c40-b955-eb0d4935cbdf for container move.
2023-06-27 18:42:12,702 [main] INFO  balancer.ContainerBalancerTask (ContainerBalancerTask.java:processMoveSelection(569)) - ContainerBalancer is trying to move container #5 with size 2147483648B from source datanode f03a10c2-24f0-44c8-bc4d-bd611dc8ad7f to target datanode c528def6-d961-4c40-b955-eb0d4935cbdf
2023-06-27 18:42:12,702 [main] DEBUG balancer.ContainerBalancerTask (ContainerBalancerTask.java:lambda$moveContainer$3(834)) - Container move completed for container #5 from source f03a10c2-24f0-44c8-bc4d-bd611dc8ad7f to target c528def6-d961-4c40-b955-eb0d4935cbdf
2023-06-27 18:42:12,705 [main] DEBUG balancer.ContainerBalancerTask (ContainerBalancerTask.java:matchSourceWithTarget(706)) - ContainerBalancer is finding suitable target for source datanode f6756ff9-0196-427b-b4cc-b42e5f7d592c
2023-06-27 18:42:12,705 [main] INFO  balancer.ContainerBalancerTask (ContainerBalancerTask.java:matchSourceWithTarget(720)) - ContainerBalancer matched source datanode f6756ff9-0196-427b-b4cc-b42e5f7d592c with target datanode c528def6-d961-4c40-b955-eb0d4935cbdf for container move.
2023-06-27 18:42:12,705 [main] INFO  balancer.ContainerBalancerTask (ContainerBalancerTask.java:processMoveSelection(569)) - ContainerBalancer is trying to move container #88 with size 3221225472B from source datanode f6756ff9-0196-427b-b4cc-b42e5f7d592c to target datanode c528def6-d961-4c40-b955-eb0d4935cbdf
2023-06-27 18:42:12,706 [main] DEBUG balancer.ContainerBalancerTask (ContainerBalancerTask.java:lambda$moveContainer$3(834)) - Container move completed for container #88 from source f6756ff9-0196-427b-b4cc-b42e5f7d592c to target c528def6-d961-4c40-b955-eb0d4935cbdf
2023-06-27 18:42:12,708 [main] DEBUG balancer.ContainerBalancerTask (ContainerBalancerTask.java:matchSourceWithTarget(706)) - ContainerBalancer is finding suitable target for source datanode 6187f75d-e45f-4018-a281-bb56976d837a
2023-06-27 18:42:12,708 [main] INFO  balancer.ContainerBalancerTask (ContainerBalancerTask.java:matchSourceWithTarget(720)) - ContainerBalancer matched source datanode 6187f75d-e45f-4018-a281-bb56976d837a with target datanode c528def6-d961-4c40-b955-eb0d4935cbdf for container move.
2023-06-27 18:42:12,708 [main] INFO  balancer.ContainerBalancerTask (ContainerBalancerTask.java:processMoveSelection(569)) - ContainerBalancer is trying to move container #81 with size 1073741824B from source datanode 6187f75d-e45f-4018-a281-bb56976d837a to target datanode c528def6-d961-4c40-b955-eb0d4935cbdf
2023-06-27 18:42:12,709 [main] DEBUG balancer.ContainerBalancerTask (ContainerBalancerTask.java:lambda$moveContainer$3(834)) - Container move completed for container #81 from source 6187f75d-e45f-4018-a281-bb56976d837a to target c528def6-d961-4c40-b955-eb0d4935cbdf
2023-06-27 18:42:12,709 [main] WARN  balancer.ContainerBalancerTask (ContainerBalancerTask.java:reachedMaxSizeToMovePerIteration(731)) - Reached max size to move limit. 53687091200 bytes have already been scheduled for balancing and the limit is 53687091200 bytes.
2023-06-27 18:42:12,709 [main] INFO  balancer.ContainerBalancerTask (ContainerBalancerTask.java:checkIterationMoveResults(640)) - Iteration Summary. Number of Datanodes involved: 6. Size moved: 50 GB (53687091200 Bytes). Number of Container moves completed: 14.
2023-06-27 18:42:12,709 [main] INFO  balancer.ContainerBalancerTask (ContainerBalancerTask.java:balance(259)) - Result of this iteration of Container Balancer: ITERATION_COMPLETED
2023-06-27 18:42:12,709 [main] INFO  balancer.ContainerBalancerTask (ContainerBalancerTask.java:tryStopWithSaveConfiguration(308)) - Save Configuration for stopping. Reason: Completed all iterations.
2023-06-27 18:42:12,710 [main] DEBUG balancer.ContainerBalancerTask (ContainerBalancerTask.java:initializeIteration(374)) - Average utilization of the cluster is 0.3159529620592805
2023-06-27 18:42:12,710 [main] DEBUG balancer.ContainerBalancerTask (ContainerBalancerTask.java:initializeIteration(386)) - Lower limit for utilization is -0.43463054409985247 and Upper limit for utilization is 1.0665364682184135
2023-06-27 18:42:12,710 [main] DEBUG balancer.ContainerBalancerTask (ContainerBalancerTask.java:initializeIteration(398)) - Utilization for node f6756ff9-0196-427b-b4cc-b42e5f7d592c with capacity 60845370026B, used 54760833024B, and remaining 6084537002B is 0.900000000009861
2023-06-27 18:42:12,710 [main] DEBUG balancer.ContainerBalancerTask (ContainerBalancerTask.java:initializeIteration(398)) - Utilization for node 6187f75d-e45f-4018-a281-bb56976d837a with capacity 60397977600B, used 48318382080B, and remaining 12079595520B is 0.8
2023-06-27 18:42:12,710 [main] DEBUG balancer.ContainerBalancerTask (ContainerBalancerTask.java:initializeIteration(398)) - Utilization for node f03a10c2-24f0-44c8-bc4d-bd611dc8ad7f with capacity 64424509440B, used 45097156608B, and remaining 19327352832B is 0.7
2023-06-27 18:42:12,710 [main] DEBUG balancer.ContainerBalancerTask (ContainerBalancerTask.java:initializeIteration(398)) - Utilization for node 7c8b3037-85a2-4169-9705-f83a8a8933aa with capacity 96636764160B, used 57982058496B, and remaining 38654705664B is 0.6
2023-06-27 18:42:12,710 [main] DEBUG balancer.ContainerBalancerTask (ContainerBalancerTask.java:initializeIteration(398)) - Utilization for node e9725ca9-6d93-493e-a615-8d7c01e40e9c with capacity 51539607552B, used 25769803776B, and remaining 25769803776B is 0.5
2023-06-27 18:42:12,710 [main] DEBUG balancer.ContainerBalancerTask (ContainerBalancerTask.java:initializeIteration(398)) - Utilization for node 267eb708-4a88-4eaa-979e-506819a6081d with capacity 99321118720B, used 39728447488B, and remaining 59592671232B is 0.4
2023-06-27 18:42:12,710 [main] DEBUG balancer.ContainerBalancerTask (ContainerBalancerTask.java:initializeIteration(398)) - Utilization for node 6cda17ab-62e1-4c97-baa7-1e14d7451676 with capacity 100215903573B, used 30064771072B, and remaining 70151132501B is 0.30000000000099786
2023-06-27 18:42:12,710 [main] DEBUG balancer.ContainerBalancerTask (ContainerBalancerTask.java:initializeIteration(398)) - Utilization for node 2da8c10f-2b50-47d8-a3d7-45c9a5e5a955 with capacity 144955146240B, used 28991029248B, and remaining 115964116992B is 0.2
2023-06-27 18:42:12,711 [main] DEBUG balancer.ContainerBalancerTask (ContainerBalancerTask.java:initializeIteration(398)) - Utilization for node c528def6-d961-4c40-b955-eb0d4935cbdf with capacity 515396075520B, used 51539607552B, and remaining 463856467968B is 0.1
2023-06-27 18:42:12,711 [main] DEBUG balancer.ContainerBalancerTask (ContainerBalancerTask.java:initializeIteration(398)) - Utilization for node 12fece16-68fc-4087-8872-95165ef44b9d with capacity 16106127360B, used 0B, and remaining 16106127360B is 0.0
2023-06-27 18:42:12,711 [main] INFO  balancer.ContainerBalancerTask (ContainerBalancerTask.java:initializeIteration(443)) - Did not find any unbalanced Datanodes.
2023-06-27 18:42:12,711 [main] INFO  balancer.ContainerBalancerTask (ContainerBalancerTask.java:tryStopWithSaveConfiguration(308)) - Save Configuration for stopping. Reason: Could not initialize ContainerBalancer's iteration number 0
2023-06-27 18:42:12,711 [main] DEBUG balancer.ContainerBalancerTask (ContainerBalancerTask.java:initializeIteration(374)) - Average utilization of the cluster is 0.3159529620592805
2023-06-27 18:42:12,711 [main] DEBUG balancer.ContainerBalancerTask (ContainerBalancerTask.java:initializeIteration(386)) - Lower limit for utilization is 0.08642628861609014 and Upper limit for utilization is 0.5454796355024708
2023-06-27 18:42:12,712 [main] DEBUG balancer.ContainerBalancerTask (ContainerBalancerTask.java:initializeIteration(398)) - Utilization for node f6756ff9-0196-427b-b4cc-b42e5f7d592c with capacity 60845370026B, used 54760833024B, and remaining 6084537002B is 0.900000000009861
2023-06-27 18:42:12,712 [main] DEBUG balancer.ContainerBalancerTask (ContainerBalancerTask.java:initializeIteration(398)) - Utilization for node 6187f75d-e45f-4018-a281-bb56976d837a with capacity 60397977600B, used 48318382080B, and remaining 12079595520B is 0.8
2023-06-27 18:42:12,712 [main] DEBUG balancer.ContainerBalancerTask (ContainerBalancerTask.java:initializeIteration(398)) - Utilization for node f03a10c2-24f0-44c8-bc4d-bd611dc8ad7f with capacity 64424509440B, used 45097156608B, and remaining 19327352832B is 0.7
2023-06-27 18:42:12,712 [main] DEBUG balancer.ContainerBalancerTask (ContainerBalancerTask.java:initializeIteration(398)) - Utilization for node 7c8b3037-85a2-4169-9705-f83a8a8933aa with capacity 96636764160B, used 57982058496B, and remaining 38654705664B is 0.6
2023-06-27 18:42:12,712 [main] DEBUG balancer.ContainerBalancerTask (ContainerBalancerTask.java:initializeIteration(398)) - Utilization for node e9725ca9-6d93-493e-a615-8d7c01e40e9c with capacity 51539607552B, used 25769803776B, and remaining 25769803776B is 0.5
2023-06-27 18:42:12,712 [main] DEBUG balancer.ContainerBalancerTask (ContainerBalancerTask.java:initializeIteration(398)) - Utilization for node 267eb708-4a88-4eaa-979e-506819a6081d with capacity 99321118720B, used 39728447488B, and remaining 59592671232B is 0.4
2023-06-27 18:42:12,712 [main] DEBUG balancer.ContainerBalancerTask (ContainerBalancerTask.java:initializeIteration(398)) - Utilization for node 6cda17ab-62e1-4c97-baa7-1e14d7451676 with capacity 100215903573B, used 30064771072B, and remaining 70151132501B is 0.30000000000099786
2023-06-27 18:42:12,712 [main] DEBUG balancer.ContainerBalancerTask (ContainerBalancerTask.java:initializeIteration(398)) - Utilization for node 2da8c10f-2b50-47d8-a3d7-45c9a5e5a955 with capacity 144955146240B, used 28991029248B, and remaining 115964116992B is 0.2
2023-06-27 18:42:12,712 [main] DEBUG balancer.ContainerBalancerTask (ContainerBalancerTask.java:initializeIteration(398)) - Utilization for node c528def6-d961-4c40-b955-eb0d4935cbdf with capacity 515396075520B, used 51539607552B, and remaining 463856467968B is 0.1
2023-06-27 18:42:12,712 [main] DEBUG balancer.ContainerBalancerTask (ContainerBalancerTask.java:initializeIteration(398)) - Utilization for node 12fece16-68fc-4087-8872-95165ef44b9d with capacity 16106127360B, used 0B, and remaining 16106127360B is 0.0
2023-06-27 18:42:12,712 [main] INFO  balancer.ContainerBalancerTask (ContainerBalancerTask.java:initializeIteration(447)) - Container Balancer has identified 4 Over-Utilized and 1 Under-Utilized Datanodes that need to be balanced.
2023-06-27 18:42:12,712 [main] DEBUG balancer.ContainerBalancerTask (ContainerBalancerTask.java:lambda$initializeIteration$1(453)) - Datanode localhost-238.167.169.96 f6756ff9-0196-427b-b4cc-b42e5f7d592c is Over-Utilized.
2023-06-27 18:42:12,712 [main] DEBUG balancer.ContainerBalancerTask (ContainerBalancerTask.java:lambda$initializeIteration$1(453)) - Datanode localhost-179.249.57.69 6187f75d-e45f-4018-a281-bb56976d837a is Over-Utilized.
2023-06-27 18:42:12,713 [main] DEBUG balancer.ContainerBalancerTask (ContainerBalancerTask.java:lambda$initializeIteration$1(453)) - Datanode localhost-226.29.25.54 f03a10c2-24f0-44c8-bc4d-bd611dc8ad7f is Over-Utilized.
2023-06-27 18:42:12,713 [main] DEBUG balancer.ContainerBalancerTask (ContainerBalancerTask.java:lambda$initializeIteration$1(453)) - Datanode localhost-243.51.53.194 7c8b3037-85a2-4169-9705-f83a8a8933aa is Over-Utilized.
2023-06-27 18:42:12,713 [main] DEBUG balancer.ContainerBalancerTask (ContainerBalancerTask.java:lambda$initializeIteration$2(459)) - Datanode localhost-100.172.16.143 12fece16-68fc-4087-8872-95165ef44b9d is Under-Utilized.
2023-06-27 18:42:12,715 [main] DEBUG balancer.ContainerBalancerTask (ContainerBalancerTask.java:matchSourceWithTarget(706)) - ContainerBalancer is finding suitable target for source datanode f6756ff9-0196-427b-b4cc-b42e5f7d592c
2023-06-27 18:42:12,715 [main] INFO  balancer.ContainerBalancerTask (ContainerBalancerTask.java:matchSourceWithTarget(720)) - ContainerBalancer matched source datanode f6756ff9-0196-427b-b4cc-b42e5f7d592c with target datanode 12fece16-68fc-4087-8872-95165ef44b9d for container move.
2023-06-27 18:42:12,715 [main] INFO  balancer.ContainerBalancerTask (ContainerBalancerTask.java:processMoveSelection(569)) - ContainerBalancer is trying to move container #85 with size 5368709120B from source datanode f6756ff9-0196-427b-b4cc-b42e5f7d592c to target datanode 12fece16-68fc-4087-8872-95165ef44b9d
2023-06-27 18:42:12,715 [main] DEBUG balancer.ContainerBalancerTask (ContainerBalancerTask.java:lambda$moveContainer$3(834)) - Container move completed for container #85 from source f6756ff9-0196-427b-b4cc-b42e5f7d592c to target 12fece16-68fc-4087-8872-95165ef44b9d
2023-06-27 18:42:12,718 [main] DEBUG balancer.ContainerBalancerTask (ContainerBalancerTask.java:matchSourceWithTarget(706)) - ContainerBalancer is finding suitable target for source datanode f6756ff9-0196-427b-b4cc-b42e5f7d592c
2023-06-27 18:42:12,718 [main] INFO  balancer.ContainerBalancerTask (ContainerBalancerTask.java:matchSourceWithTarget(720)) - ContainerBalancer matched source datanode f6756ff9-0196-427b-b4cc-b42e5f7d592c with target datanode 12fece16-68fc-4087-8872-95165ef44b9d for container move.
2023-06-27 18:42:12,718 [main] INFO  balancer.ContainerBalancerTask (ContainerBalancerTask.java:processMoveSelection(569)) - ContainerBalancer is trying to move container #88 with size 3221225472B from source datanode f6756ff9-0196-427b-b4cc-b42e5f7d592c to target datanode 12fece16-68fc-4087-8872-95165ef44b9d
2023-06-27 18:42:12,718 [main] DEBUG balancer.ContainerBalancerTask (ContainerBalancerTask.java:lambda$moveContainer$3(834)) - Container move completed for container #88 from source f6756ff9-0196-427b-b4cc-b42e5f7d592c to target 12fece16-68fc-4087-8872-95165ef44b9d
2023-06-27 18:42:12,720 [main] DEBUG balancer.ContainerBalancerTask (ContainerBalancerTask.java:matchSourceWithTarget(706)) - ContainerBalancer is finding suitable target for source datanode 6187f75d-e45f-4018-a281-bb56976d837a
2023-06-27 18:42:12,721 [main] INFO  balancer.FindTargetGreedyByUsageInfo (AbstractFindTargetGreedy.java:findTargetForContainerMove(133)) - Container Balancer could not find a target for source datanode 6187f75d-e45f-4018-a281-bb56976d837a
2023-06-27 18:42:12,721 [main] DEBUG balancer.ContainerBalancerTask (ContainerBalancerTask.java:matchSourceWithTarget(715)) - ContainerBalancer could not find a suitable target for source node 6187f75d-e45f-4018-a281-bb56976d837a.
2023-06-27 18:42:12,724 [main] DEBUG balancer.ContainerBalancerTask (ContainerBalancerTask.java:matchSourceWithTarget(706)) - ContainerBalancer is finding suitable target for source datanode f6756ff9-0196-427b-b4cc-b42e5f7d592c
2023-06-27 18:42:12,724 [main] INFO  balancer.FindTargetGreedyByUsageInfo (AbstractFindTargetGreedy.java:findTargetForContainerMove(133)) - Container Balancer could not find a target for source datanode f6756ff9-0196-427b-b4cc-b42e5f7d592c
2023-06-27 18:42:12,724 [main] DEBUG balancer.ContainerBalancerTask (ContainerBalancerTask.java:matchSourceWithTarget(715)) - ContainerBalancer could not find a suitable target for source node f6756ff9-0196-427b-b4cc-b42e5f7d592c.
2023-06-27 18:42:12,727 [main] DEBUG balancer.ContainerBalancerTask (ContainerBalancerTask.java:matchSourceWithTarget(706)) - ContainerBalancer is finding suitable target for source datanode f03a10c2-24f0-44c8-bc4d-bd611dc8ad7f
2023-06-27 18:42:12,727 [main] INFO  balancer.FindTargetGreedyByUsageInfo (AbstractFindTargetGreedy.java:findTargetForContainerMove(133)) - Container Balancer could not find a target for source datanode f03a10c2-24f0-44c8-bc4d-bd611dc8ad7f
2023-06-27 18:42:12,727 [main] DEBUG balancer.ContainerBalancerTask (ContainerBalancerTask.java:matchSourceWithTarget(715)) - ContainerBalancer could not find a suitable target for source node f03a10c2-24f0-44c8-bc4d-bd611dc8ad7f.
2023-06-27 18:42:12,730 [main] DEBUG balancer.ContainerBalancerTask (ContainerBalancerTask.java:matchSourceWithTarget(706)) - ContainerBalancer is finding suitable target for source datanode 7c8b3037-85a2-4169-9705-f83a8a8933aa
2023-06-27 18:42:12,730 [main] INFO  balancer.FindTargetGreedyByUsageInfo (AbstractFindTargetGreedy.java:findTargetForContainerMove(133)) - Container Balancer could not find a target for source datanode 7c8b3037-85a2-4169-9705-f83a8a8933aa
2023-06-27 18:42:12,731 [main] DEBUG balancer.ContainerBalancerTask (ContainerBalancerTask.java:matchSourceWithTarget(715)) - ContainerBalancer could not find a suitable target for source node 7c8b3037-85a2-4169-9705-f83a8a8933aa.
2023-06-27 18:42:12,731 [main] INFO  balancer.FindSourceGreedy (FindSourceGreedy.java:getNextCandidateSourceDataNode(126)) - no more candidate source data node
2023-06-27 18:42:12,731 [main] INFO  balancer.ContainerBalancerTask (ContainerBalancerTask.java:checkIterationMoveResults(640)) - Iteration Summary. Number of Datanodes involved: 2. Size moved: 8 GB (8589934592 Bytes). Number of Container moves completed: 2.
2023-06-27 18:42:12,731 [main] INFO  balancer.ContainerBalancerTask (ContainerBalancerTask.java:balance(259)) - Result of this iteration of Container Balancer: ITERATION_COMPLETED
2023-06-27 18:42:12,731 [main] INFO  balancer.ContainerBalancerTask (ContainerBalancerTask.java:tryStopWithSaveConfiguration(308)) - Save Configuration for stopping. Reason: Completed all iterations.
2023-06-27 18:42:12,732 [main] DEBUG balancer.ContainerBalancerTask (ContainerBalancerTask.java:initializeIteration(374)) - Average utilization of the cluster is 0.3159529620592805
2023-06-27 18:42:12,732 [main] DEBUG balancer.ContainerBalancerTask (ContainerBalancerTask.java:initializeIteration(386)) - Lower limit for utilization is 0.22337180595655892 and Upper limit for utilization is 0.408534118162002
2023-06-27 18:42:12,732 [main] DEBUG balancer.ContainerBalancerTask (ContainerBalancerTask.java:initializeIteration(398)) - Utilization for node f6756ff9-0196-427b-b4cc-b42e5f7d592c with capacity 60845370026B, used 54760833024B, and remaining 6084537002B is 0.900000000009861
2023-06-27 18:42:12,732 [main] DEBUG balancer.ContainerBalancerTask (ContainerBalancerTask.java:initializeIteration(398)) - Utilization for node 6187f75d-e45f-4018-a281-bb56976d837a with capacity 60397977600B, used 48318382080B, and remaining 12079595520B is 0.8
2023-06-27 18:42:12,732 [main] DEBUG balancer.ContainerBalancerTask (ContainerBalancerTask.java:initializeIteration(398)) - Utilization for node f03a10c2-24f0-44c8-bc4d-bd611dc8ad7f with capacity 64424509440B, used 45097156608B, and remaining 19327352832B is 0.7
2023-06-27 18:42:12,732 [main] DEBUG balancer.ContainerBalancerTask (ContainerBalancerTask.java:initializeIteration(398)) - Utilization for node 7c8b3037-85a2-4169-9705-f83a8a8933aa with capacity 96636764160B, used 57982058496B, and remaining 38654705664B is 0.6
2023-06-27 18:42:12,732 [main] DEBUG balancer.ContainerBalancerTask (ContainerBalancerTask.java:initializeIteration(398)) - Utilization for node e9725ca9-6d93-493e-a615-8d7c01e40e9c with capacity 51539607552B, used 25769803776B, and remaining 25769803776B is 0.5
2023-06-27 18:42:12,732 [main] DEBUG balancer.ContainerBalancerTask (ContainerBalancerTask.java:initializeIteration(398)) - Utilization for node 267eb708-4a88-4eaa-979e-506819a6081d with capacity 99321118720B, used 39728447488B, and remaining 59592671232B is 0.4
2023-06-27 18:42:12,732 [main] DEBUG balancer.ContainerBalancerTask (ContainerBalancerTask.java:initializeIteration(398)) - Utilization for node 6cda17ab-62e1-4c97-baa7-1e14d7451676 with capacity 100215903573B, used 30064771072B, and remaining 70151132501B is 0.30000000000099786
2023-06-27 18:42:12,732 [main] DEBUG balancer.ContainerBalancerTask (ContainerBalancerTask.java:initializeIteration(398)) - Utilization for node 2da8c10f-2b50-47d8-a3d7-45c9a5e5a955 with capacity 144955146240B, used 28991029248B, and remaining 115964116992B is 0.2
2023-06-27 18:42:12,733 [main] DEBUG balancer.ContainerBalancerTask (ContainerBalancerTask.java:initializeIteration(398)) - Utilization for node c528def6-d961-4c40-b955-eb0d4935cbdf with capacity 515396075520B, used 51539607552B, and remaining 463856467968B is 0.1
2023-06-27 18:42:12,733 [main] DEBUG balancer.ContainerBalancerTask (ContainerBalancerTask.java:initializeIteration(398)) - Utilization for node 12fece16-68fc-4087-8872-95165ef44b9d with capacity 16106127360B, used 0B, and remaining 16106127360B is 0.0
2023-06-27 18:42:12,733 [main] INFO  balancer.ContainerBalancerTask (ContainerBalancerTask.java:initializeIteration(447)) - Container Balancer has identified 5 Over-Utilized and 3 Under-Utilized Datanodes that need to be balanced.
2023-06-27 18:42:12,733 [main] DEBUG balancer.ContainerBalancerTask (ContainerBalancerTask.java:lambda$initializeIteration$1(453)) - Datanode localhost-238.167.169.96 f6756ff9-0196-427b-b4cc-b42e5f7d592c is Over-Utilized.
2023-06-27 18:42:12,733 [main] DEBUG balancer.ContainerBalancerTask (ContainerBalancerTask.java:lambda$initializeIteration$1(453)) - Datanode localhost-179.249.57.69 6187f75d-e45f-4018-a281-bb56976d837a is Over-Utilized.
2023-06-27 18:42:12,733 [main] DEBUG balancer.ContainerBalancerTask (ContainerBalancerTask.java:lambda$initializeIteration$1(453)) - Datanode localhost-226.29.25.54 f03a10c2-24f0-44c8-bc4d-bd611dc8ad7f is Over-Utilized.
2023-06-27 18:42:12,733 [main] DEBUG balancer.ContainerBalancerTask (ContainerBalancerTask.java:lambda$initializeIteration$1(453)) - Datanode localhost-243.51.53.194 7c8b3037-85a2-4169-9705-f83a8a8933aa is Over-Utilized.
2023-06-27 18:42:12,733 [main] DEBUG balancer.ContainerBalancerTask (ContainerBalancerTask.java:lambda$initializeIteration$1(453)) - Datanode localhost-0.43.181.195 e9725ca9-6d93-493e-a615-8d7c01e40e9c is Over-Utilized.
2023-06-27 18:42:12,733 [main] DEBUG balancer.ContainerBalancerTask (ContainerBalancerTask.java:lambda$initializeIteration$2(459)) - Datanode localhost-100.172.16.143 12fece16-68fc-4087-8872-95165ef44b9d is Under-Utilized.
2023-06-27 18:42:12,733 [main] DEBUG balancer.ContainerBalancerTask (ContainerBalancerTask.java:lambda$initializeIteration$2(459)) - Datanode localhost-132.51.8.14 c528def6-d961-4c40-b955-eb0d4935cbdf is Under-Utilized.
2023-06-27 18:42:12,733 [main] DEBUG balancer.ContainerBalancerTask (ContainerBalancerTask.java:lambda$initializeIteration$2(459)) - Datanode localhost-117.113.163.85 2da8c10f-2b50-47d8-a3d7-45c9a5e5a955 is Under-Utilized.
2023-06-27 18:42:12,736 [main] DEBUG balancer.ContainerBalancerTask (ContainerBalancerTask.java:matchSourceWithTarget(706)) - ContainerBalancer is finding suitable target for source datanode f6756ff9-0196-427b-b4cc-b42e5f7d592c
2023-06-27 18:42:12,736 [main] INFO  balancer.ContainerBalancerTask (ContainerBalancerTask.java:matchSourceWithTarget(720)) - ContainerBalancer matched source datanode f6756ff9-0196-427b-b4cc-b42e5f7d592c with target datanode 12fece16-68fc-4087-8872-95165ef44b9d for container move.
2023-06-27 18:42:12,736 [main] INFO  balancer.ContainerBalancerTask (ContainerBalancerTask.java:processMoveSelection(569)) - ContainerBalancer is trying to move container #85 with size 5368709120B from source datanode f6756ff9-0196-427b-b4cc-b42e5f7d592c to target datanode 12fece16-68fc-4087-8872-95165ef44b9d
2023-06-27 18:42:12,736 [main] DEBUG balancer.ContainerBalancerTask (ContainerBalancerTask.java:lambda$moveContainer$3(834)) - Container move completed for container #85 from source f6756ff9-0196-427b-b4cc-b42e5f7d592c to target 12fece16-68fc-4087-8872-95165ef44b9d
2023-06-27 18:42:12,739 [main] DEBUG balancer.ContainerBalancerTask (ContainerBalancerTask.java:matchSourceWithTarget(706)) - ContainerBalancer is finding suitable target for source datanode f6756ff9-0196-427b-b4cc-b42e5f7d592c
2023-06-27 18:42:12,739 [main] INFO  balancer.ContainerBalancerTask (ContainerBalancerTask.java:matchSourceWithTarget(720)) - ContainerBalancer matched source datanode f6756ff9-0196-427b-b4cc-b42e5f7d592c with target datanode c528def6-d961-4c40-b955-eb0d4935cbdf for container move.
2023-06-27 18:42:12,739 [main] INFO  balancer.ContainerBalancerTask (ContainerBalancerTask.java:processMoveSelection(569)) - ContainerBalancer is trying to move container #53 with size 5368709120B from source datanode f6756ff9-0196-427b-b4cc-b42e5f7d592c to target datanode c528def6-d961-4c40-b955-eb0d4935cbdf
2023-06-27 18:42:12,739 [main] DEBUG balancer.ContainerBalancerTask (ContainerBalancerTask.java:lambda$moveContainer$3(834)) - Container move completed for container #53 from source f6756ff9-0196-427b-b4cc-b42e5f7d592c to target c528def6-d961-4c40-b955-eb0d4935cbdf
2023-06-27 18:42:12,741 [main] DEBUG balancer.ContainerBalancerTask (ContainerBalancerTask.java:matchSourceWithTarget(706)) - ContainerBalancer is finding suitable target for source datanode 6187f75d-e45f-4018-a281-bb56976d837a
2023-06-27 18:42:12,741 [main] INFO  balancer.ContainerBalancerTask (ContainerBalancerTask.java:matchSourceWithTarget(720)) - ContainerBalancer matched source datanode 6187f75d-e45f-4018-a281-bb56976d837a with target datanode c528def6-d961-4c40-b955-eb0d4935cbdf for container move.
2023-06-27 18:42:12,741 [main] INFO  balancer.ContainerBalancerTask (ContainerBalancerTask.java:processMoveSelection(569)) - ContainerBalancer is trying to move container #68 with size 5368709120B from source datanode 6187f75d-e45f-4018-a281-bb56976d837a to target datanode c528def6-d961-4c40-b955-eb0d4935cbdf
2023-06-27 18:42:12,742 [main] DEBUG balancer.ContainerBalancerTask (ContainerBalancerTask.java:lambda$moveContainer$3(834)) - Container move completed for container #68 from source 6187f75d-e45f-4018-a281-bb56976d837a to target c528def6-d961-4c40-b955-eb0d4935cbdf
2023-06-27 18:42:12,744 [main] DEBUG balancer.ContainerBalancerTask (ContainerBalancerTask.java:matchSourceWithTarget(706)) - ContainerBalancer is finding suitable target for source datanode f6756ff9-0196-427b-b4cc-b42e5f7d592c
2023-06-27 18:42:12,744 [main] INFO  balancer.ContainerBalancerTask (ContainerBalancerTask.java:matchSourceWithTarget(720)) - ContainerBalancer matched source datanode f6756ff9-0196-427b-b4cc-b42e5f7d592c with target datanode c528def6-d961-4c40-b955-eb0d4935cbdf for container move.
2023-06-27 18:42:12,744 [main] INFO  balancer.ContainerBalancerTask (ContainerBalancerTask.java:processMoveSelection(569)) - ContainerBalancer is trying to move container #84 with size 4294967296B from source datanode f6756ff9-0196-427b-b4cc-b42e5f7d592c to target datanode c528def6-d961-4c40-b955-eb0d4935cbdf
2023-06-27 18:42:12,744 [main] DEBUG balancer.ContainerBalancerTask (ContainerBalancerTask.java:lambda$moveContainer$3(834)) - Container move completed for container #84 from source f6756ff9-0196-427b-b4cc-b42e5f7d592c to target c528def6-d961-4c40-b955-eb0d4935cbdf
2023-06-27 18:42:12,746 [main] DEBUG balancer.ContainerBalancerTask (ContainerBalancerTask.java:matchSourceWithTarget(706)) - ContainerBalancer is finding suitable target for source datanode 6187f75d-e45f-4018-a281-bb56976d837a
2023-06-27 18:42:12,747 [main] INFO  balancer.ContainerBalancerTask (ContainerBalancerTask.java:matchSourceWithTarget(720)) - ContainerBalancer matched source datanode 6187f75d-e45f-4018-a281-bb56976d837a with target datanode c528def6-d961-4c40-b955-eb0d4935cbdf for container move.
2023-06-27 18:42:12,747 [main] INFO  balancer.ContainerBalancerTask (ContainerBalancerTask.java:processMoveSelection(569)) - ContainerBalancer is trying to move container #71 with size 3221225472B from source datanode 6187f75d-e45f-4018-a281-bb56976d837a to target datanode c528def6-d961-4c40-b955-eb0d4935cbdf
2023-06-27 18:42:12,747 [main] DEBUG balancer.ContainerBalancerTask (ContainerBalancerTask.java:lambda$moveContainer$3(834)) - Container move completed for container #71 from source 6187f75d-e45f-4018-a281-bb56976d837a to target c528def6-d961-4c40-b955-eb0d4935cbdf
2023-06-27 18:42:12,749 [main] DEBUG balancer.ContainerBalancerTask (ContainerBalancerTask.java:matchSourceWithTarget(706)) - ContainerBalancer is finding suitable target for source datanode f03a10c2-24f0-44c8-bc4d-bd611dc8ad7f
2023-06-27 18:42:12,749 [main] INFO  balancer.ContainerBalancerTask (ContainerBalancerTask.java:matchSourceWithTarget(720)) - ContainerBalancer matched source datanode f03a10c2-24f0-44c8-bc4d-bd611dc8ad7f with target datanode c528def6-d961-4c40-b955-eb0d4935cbdf for container move.
2023-06-27 18:42:12,749 [main] INFO  balancer.ContainerBalancerTask (ContainerBalancerTask.java:processMoveSelection(569)) - ContainerBalancer is trying to move container #52 with size 4294967296B from source datanode f03a10c2-24f0-44c8-bc4d-bd611dc8ad7f to target datanode c528def6-d961-4c40-b955-eb0d4935cbdf
2023-06-27 18:42:12,750 [main] DEBUG balancer.ContainerBalancerTask (ContainerBalancerTask.java:lambda$moveContainer$3(834)) - Container move completed for container #52 from source f03a10c2-24f0-44c8-bc4d-bd611dc8ad7f to target c528def6-d961-4c40-b955-eb0d4935cbdf
2023-06-27 18:42:12,752 [main] DEBUG balancer.ContainerBalancerTask (ContainerBalancerTask.java:matchSourceWithTarget(706)) - ContainerBalancer is finding suitable target for source datanode 6187f75d-e45f-4018-a281-bb56976d837a
2023-06-27 18:42:12,752 [main] INFO  balancer.ContainerBalancerTask (ContainerBalancerTask.java:matchSourceWithTarget(720)) - ContainerBalancer matched source datanode 6187f75d-e45f-4018-a281-bb56976d837a with target datanode c528def6-d961-4c40-b955-eb0d4935cbdf for container move.
2023-06-27 18:42:12,752 [main] INFO  balancer.ContainerBalancerTask (ContainerBalancerTask.java:processMoveSelection(569)) - ContainerBalancer is trying to move container #66 with size 3221225472B from source datanode 6187f75d-e45f-4018-a281-bb56976d837a to target datanode c528def6-d961-4c40-b955-eb0d4935cbdf
2023-06-27 18:42:12,752 [main] DEBUG balancer.ContainerBalancerTask (ContainerBalancerTask.java:lambda$moveContainer$3(834)) - Container move completed for container #66 from source 6187f75d-e45f-4018-a281-bb56976d837a to target c528def6-d961-4c40-b955-eb0d4935cbdf
2023-06-27 18:42:12,755 [main] DEBUG balancer.ContainerBalancerTask (ContainerBalancerTask.java:matchSourceWithTarget(706)) - ContainerBalancer is finding suitable target for source datanode f6756ff9-0196-427b-b4cc-b42e5f7d592c
2023-06-27 18:42:12,755 [main] INFO  balancer.ContainerBalancerTask (ContainerBalancerTask.java:matchSourceWithTarget(720)) - ContainerBalancer matched source datanode f6756ff9-0196-427b-b4cc-b42e5f7d592c with target datanode c528def6-d961-4c40-b955-eb0d4935cbdf for container move.
2023-06-27 18:42:12,755 [main] INFO  balancer.ContainerBalancerTask (ContainerBalancerTask.java:processMoveSelection(569)) - ContainerBalancer is trying to move container #19 with size 4294967296B from source datanode f6756ff9-0196-427b-b4cc-b42e5f7d592c to target datanode c528def6-d961-4c40-b955-eb0d4935cbdf
2023-06-27 18:42:12,755 [main] DEBUG balancer.ContainerBalancerTask (ContainerBalancerTask.java:lambda$moveContainer$3(834)) - Container move completed for container #19 from source f6756ff9-0196-427b-b4cc-b42e5f7d592c to target c528def6-d961-4c40-b955-eb0d4935cbdf
2023-06-27 18:42:12,758 [main] DEBUG balancer.ContainerBalancerTask (ContainerBalancerTask.java:matchSourceWithTarget(706)) - ContainerBalancer is finding suitable target for source datanode f03a10c2-24f0-44c8-bc4d-bd611dc8ad7f
2023-06-27 18:42:12,759 [main] INFO  balancer.ContainerBalancerTask (ContainerBalancerTask.java:matchSourceWithTarget(720)) - ContainerBalancer matched source datanode f03a10c2-24f0-44c8-bc4d-bd611dc8ad7f with target datanode c528def6-d961-4c40-b955-eb0d4935cbdf for container move.
2023-06-27 18:42:12,759 [main] INFO  balancer.ContainerBalancerTask (ContainerBalancerTask.java:processMoveSelection(569)) - ContainerBalancer is trying to move container #38 with size 3221225472B from source datanode f03a10c2-24f0-44c8-bc4d-bd611dc8ad7f to target datanode c528def6-d961-4c40-b955-eb0d4935cbdf
2023-06-27 18:42:12,759 [main] DEBUG balancer.ContainerBalancerTask (ContainerBalancerTask.java:lambda$moveContainer$3(834)) - Container move completed for container #38 from source f03a10c2-24f0-44c8-bc4d-bd611dc8ad7f to target c528def6-d961-4c40-b955-eb0d4935cbdf
2023-06-27 18:42:12,762 [main] DEBUG balancer.ContainerBalancerTask (ContainerBalancerTask.java:matchSourceWithTarget(706)) - ContainerBalancer is finding suitable target for source datanode 6187f75d-e45f-4018-a281-bb56976d837a
2023-06-27 18:42:12,762 [main] INFO  balancer.ContainerBalancerTask (ContainerBalancerTask.java:matchSourceWithTarget(720)) - ContainerBalancer matched source datanode 6187f75d-e45f-4018-a281-bb56976d837a with target datanode c528def6-d961-4c40-b955-eb0d4935cbdf for container move.
2023-06-27 18:42:12,762 [main] INFO  balancer.ContainerBalancerTask (ContainerBalancerTask.java:processMoveSelection(569)) - ContainerBalancer is trying to move container #27 with size 3221225472B from source datanode 6187f75d-e45f-4018-a281-bb56976d837a to target datanode c528def6-d961-4c40-b955-eb0d4935cbdf
2023-06-27 18:42:12,762 [main] DEBUG balancer.ContainerBalancerTask (ContainerBalancerTask.java:lambda$moveContainer$3(834)) - Container move completed for container #27 from source 6187f75d-e45f-4018-a281-bb56976d837a to target c528def6-d961-4c40-b955-eb0d4935cbdf
2023-06-27 18:42:12,765 [main] DEBUG balancer.ContainerBalancerTask (ContainerBalancerTask.java:matchSourceWithTarget(706)) - ContainerBalancer is finding suitable target for source datanode 7c8b3037-85a2-4169-9705-f83a8a8933aa
2023-06-27 18:42:12,765 [main] INFO  balancer.ContainerBalancerTask (ContainerBalancerTask.java:matchSourceWithTarget(720)) - ContainerBalancer matched source datanode 7c8b3037-85a2-4169-9705-f83a8a8933aa with target datanode c528def6-d961-4c40-b955-eb0d4935cbdf for container move.
2023-06-27 18:42:12,765 [main] INFO  balancer.ContainerBalancerTask (ContainerBalancerTask.java:processMoveSelection(569)) - ContainerBalancer is trying to move container #40 with size 5368709120B from source datanode 7c8b3037-85a2-4169-9705-f83a8a8933aa to target datanode c528def6-d961-4c40-b955-eb0d4935cbdf
2023-06-27 18:42:12,765 [main] DEBUG balancer.ContainerBalancerTask (ContainerBalancerTask.java:lambda$moveContainer$3(834)) - Container move completed for container #40 from source 7c8b3037-85a2-4169-9705-f83a8a8933aa to target c528def6-d961-4c40-b955-eb0d4935cbdf
2023-06-27 18:42:12,768 [main] DEBUG balancer.ContainerBalancerTask (ContainerBalancerTask.java:matchSourceWithTarget(706)) - ContainerBalancer is finding suitable target for source datanode f03a10c2-24f0-44c8-bc4d-bd611dc8ad7f
2023-06-27 18:42:12,768 [main] INFO  balancer.ContainerBalancerTask (ContainerBalancerTask.java:matchSourceWithTarget(720)) - ContainerBalancer matched source datanode f03a10c2-24f0-44c8-bc4d-bd611dc8ad7f with target datanode c528def6-d961-4c40-b955-eb0d4935cbdf for container move.
2023-06-27 18:42:12,768 [main] INFO  balancer.ContainerBalancerTask (ContainerBalancerTask.java:processMoveSelection(569)) - ContainerBalancer is trying to move container #5 with size 2147483648B from source datanode f03a10c2-24f0-44c8-bc4d-bd611dc8ad7f to target datanode c528def6-d961-4c40-b955-eb0d4935cbdf
2023-06-27 18:42:12,769 [main] DEBUG balancer.ContainerBalancerTask (ContainerBalancerTask.java:lambda$moveContainer$3(834)) - Container move completed for container #5 from source f03a10c2-24f0-44c8-bc4d-bd611dc8ad7f to target c528def6-d961-4c40-b955-eb0d4935cbdf
2023-06-27 18:42:12,771 [main] DEBUG balancer.ContainerBalancerTask (ContainerBalancerTask.java:matchSourceWithTarget(706)) - ContainerBalancer is finding suitable target for source datanode f6756ff9-0196-427b-b4cc-b42e5f7d592c
2023-06-27 18:42:12,772 [main] INFO  balancer.ContainerBalancerTask (ContainerBalancerTask.java:matchSourceWithTarget(720)) - ContainerBalancer matched source datanode f6756ff9-0196-427b-b4cc-b42e5f7d592c with target datanode c528def6-d961-4c40-b955-eb0d4935cbdf for container move.
2023-06-27 18:42:12,772 [main] INFO  balancer.ContainerBalancerTask (ContainerBalancerTask.java:processMoveSelection(569)) - ContainerBalancer is trying to move container #88 with size 3221225472B from source datanode f6756ff9-0196-427b-b4cc-b42e5f7d592c to target datanode c528def6-d961-4c40-b955-eb0d4935cbdf
2023-06-27 18:42:12,772 [main] DEBUG balancer.ContainerBalancerTask (ContainerBalancerTask.java:lambda$moveContainer$3(834)) - Container move completed for container #88 from source f6756ff9-0196-427b-b4cc-b42e5f7d592c to target c528def6-d961-4c40-b955-eb0d4935cbdf
2023-06-27 18:42:12,774 [main] DEBUG balancer.ContainerBalancerTask (ContainerBalancerTask.java:matchSourceWithTarget(706)) - ContainerBalancer is finding suitable target for source datanode 6187f75d-e45f-4018-a281-bb56976d837a
2023-06-27 18:42:12,775 [main] INFO  balancer.ContainerBalancerTask (ContainerBalancerTask.java:matchSourceWithTarget(720)) - ContainerBalancer matched source datanode 6187f75d-e45f-4018-a281-bb56976d837a with target datanode c528def6-d961-4c40-b955-eb0d4935cbdf for container move.
2023-06-27 18:42:12,775 [main] INFO  balancer.ContainerBalancerTask (ContainerBalancerTask.java:processMoveSelection(569)) - ContainerBalancer is trying to move container #81 with size 1073741824B from source datanode 6187f75d-e45f-4018-a281-bb56976d837a to target datanode c528def6-d961-4c40-b955-eb0d4935cbdf
2023-06-27 18:42:12,775 [main] DEBUG balancer.ContainerBalancerTask (ContainerBalancerTask.java:lambda$moveContainer$3(834)) - Container move completed for container #81 from source 6187f75d-e45f-4018-a281-bb56976d837a to target c528def6-d961-4c40-b955-eb0d4935cbdf
2023-06-27 18:42:12,775 [main] WARN  balancer.ContainerBalancerTask (ContainerBalancerTask.java:reachedMaxSizeToMovePerIteration(731)) - Reached max size to move limit. 53687091200 bytes have already been scheduled for balancing and the limit is 53687091200 bytes.
2023-06-27 18:42:12,775 [main] INFO  balancer.ContainerBalancerTask (ContainerBalancerTask.java:checkIterationMoveResults(640)) - Iteration Summary. Number of Datanodes involved: 6. Size moved: 50 GB (53687091200 Bytes). Number of Container moves completed: 14.
2023-06-27 18:42:12,775 [main] INFO  balancer.ContainerBalancerTask (ContainerBalancerTask.java:balance(259)) - Result of this iteration of Container Balancer: ITERATION_COMPLETED
2023-06-27 18:42:12,775 [main] INFO  balancer.ContainerBalancerTask (ContainerBalancerTask.java:tryStopWithSaveConfiguration(308)) - Save Configuration for stopping. Reason: Completed all iterations.
2023-06-27 18:42:12,776 [main] DEBUG balancer.ContainerBalancerTask (ContainerBalancerTask.java:initializeIteration(374)) - Average utilization of the cluster is 0.3159529620592805
2023-06-27 18:42:12,776 [main] DEBUG balancer.ContainerBalancerTask (ContainerBalancerTask.java:initializeIteration(386)) - Lower limit for utilization is -0.09930638076445908 and Upper limit for utilization is 0.73121230488302
2023-06-27 18:42:12,776 [main] DEBUG balancer.ContainerBalancerTask (ContainerBalancerTask.java:initializeIteration(398)) - Utilization for node f6756ff9-0196-427b-b4cc-b42e5f7d592c with capacity 60845370026B, used 54760833024B, and remaining 6084537002B is 0.900000000009861
2023-06-27 18:42:12,776 [main] DEBUG balancer.ContainerBalancerTask (ContainerBalancerTask.java:initializeIteration(398)) - Utilization for node 6187f75d-e45f-4018-a281-bb56976d837a with capacity 60397977600B, used 48318382080B, and remaining 12079595520B is 0.8
2023-06-27 18:42:12,776 [main] DEBUG balancer.ContainerBalancerTask (ContainerBalancerTask.java:initializeIteration(398)) - Utilization for node f03a10c2-24f0-44c8-bc4d-bd611dc8ad7f with capacity 64424509440B, used 45097156608B, and remaining 19327352832B is 0.7
2023-06-27 18:42:12,776 [main] DEBUG balancer.ContainerBalancerTask (ContainerBalancerTask.java:initializeIteration(398)) - Utilization for node 7c8b3037-85a2-4169-9705-f83a8a8933aa with capacity 96636764160B, used 57982058496B, and remaining 38654705664B is 0.6
2023-06-27 18:42:12,776 [main] DEBUG balancer.ContainerBalancerTask (ContainerBalancerTask.java:initializeIteration(398)) - Utilization for node e9725ca9-6d93-493e-a615-8d7c01e40e9c with capacity 51539607552B, used 25769803776B, and remaining 25769803776B is 0.5
2023-06-27 18:42:12,776 [main] DEBUG balancer.ContainerBalancerTask (ContainerBalancerTask.java:initializeIteration(398)) - Utilization for node 267eb708-4a88-4eaa-979e-506819a6081d with capacity 99321118720B, used 39728447488B, and remaining 59592671232B is 0.4
2023-06-27 18:42:12,777 [main] DEBUG balancer.ContainerBalancerTask (ContainerBalancerTask.java:initializeIteration(398)) - Utilization for node 6cda17ab-62e1-4c97-baa7-1e14d7451676 with capacity 100215903573B, used 30064771072B, and remaining 70151132501B is 0.30000000000099786
2023-06-27 18:42:12,777 [main] DEBUG balancer.ContainerBalancerTask (ContainerBalancerTask.java:initializeIteration(398)) - Utilization for node 2da8c10f-2b50-47d8-a3d7-45c9a5e5a955 with capacity 144955146240B, used 28991029248B, and remaining 115964116992B is 0.2
2023-06-27 18:42:12,777 [main] DEBUG balancer.ContainerBalancerTask (ContainerBalancerTask.java:initializeIteration(398)) - Utilization for node c528def6-d961-4c40-b955-eb0d4935cbdf with capacity 515396075520B, used 51539607552B, and remaining 463856467968B is 0.1
2023-06-27 18:42:12,777 [main] DEBUG balancer.ContainerBalancerTask (ContainerBalancerTask.java:initializeIteration(398)) - Utilization for node 12fece16-68fc-4087-8872-95165ef44b9d with capacity 16106127360B, used 0B, and remaining 16106127360B is 0.0
2023-06-27 18:42:12,777 [main] INFO  balancer.ContainerBalancerTask (ContainerBalancerTask.java:initializeIteration(447)) - Container Balancer has identified 2 Over-Utilized and 0 Under-Utilized Datanodes that need to be balanced.
2023-06-27 18:42:12,777 [main] DEBUG balancer.ContainerBalancerTask (ContainerBalancerTask.java:lambda$initializeIteration$1(453)) - Datanode localhost-238.167.169.96 f6756ff9-0196-427b-b4cc-b42e5f7d592c is Over-Utilized.
2023-06-27 18:42:12,777 [main] DEBUG balancer.ContainerBalancerTask (ContainerBalancerTask.java:lambda$initializeIteration$1(453)) - Datanode localhost-179.249.57.69 6187f75d-e45f-4018-a281-bb56976d837a is Over-Utilized.
2023-06-27 18:42:12,779 [main] DEBUG balancer.ContainerBalancerTask (ContainerBalancerTask.java:matchSourceWithTarget(706)) - ContainerBalancer is finding suitable target for source datanode f6756ff9-0196-427b-b4cc-b42e5f7d592c
2023-06-27 18:42:12,779 [main] INFO  balancer.FindTargetGreedyByUsageInfo (AbstractFindTargetGreedy.java:findTargetForContainerMove(133)) - Container Balancer could not find a target for source datanode f6756ff9-0196-427b-b4cc-b42e5f7d592c
2023-06-27 18:42:12,780 [main] DEBUG balancer.ContainerBalancerTask (ContainerBalancerTask.java:matchSourceWithTarget(715)) - ContainerBalancer could not find a suitable target for source node f6756ff9-0196-427b-b4cc-b42e5f7d592c.
2023-06-27 18:42:12,782 [main] DEBUG balancer.ContainerBalancerTask (ContainerBalancerTask.java:matchSourceWithTarget(706)) - ContainerBalancer is finding suitable target for source datanode 6187f75d-e45f-4018-a281-bb56976d837a
2023-06-27 18:42:12,782 [main] INFO  balancer.FindTargetGreedyByUsageInfo (AbstractFindTargetGreedy.java:findTargetForContainerMove(133)) - Container Balancer could not find a target for source datanode 6187f75d-e45f-4018-a281-bb56976d837a
2023-06-27 18:42:12,782 [main] DEBUG balancer.ContainerBalancerTask (ContainerBalancerTask.java:matchSourceWithTarget(715)) - ContainerBalancer could not find a suitable target for source node 6187f75d-e45f-4018-a281-bb56976d837a.
2023-06-27 18:42:12,782 [main] INFO  balancer.FindSourceGreedy (FindSourceGreedy.java:getNextCandidateSourceDataNode(126)) - no more candidate source data node
2023-06-27 18:42:12,782 [main] INFO  balancer.ContainerBalancerTask (ContainerBalancerTask.java:balance(259)) - Result of this iteration of Container Balancer: CAN_NOT_BALANCE_ANY_MORE
2023-06-27 18:42:12,782 [main] INFO  balancer.ContainerBalancerTask (ContainerBalancerTask.java:tryStopWithSaveConfiguration(308)) - Save Configuration for stopping. Reason: CAN_NOT_BALANCE_ANY_MORE
2023-06-27 18:42:12,783 [main] DEBUG balancer.ContainerBalancerTask (ContainerBalancerTask.java:initializeIteration(374)) - Average utilization of the cluster is 0.3159529620592805
2023-06-27 18:42:12,783 [main] DEBUG balancer.ContainerBalancerTask (ContainerBalancerTask.java:initializeIteration(386)) - Lower limit for utilization is -0.29426489685746193 and Upper limit for utilization is 0.9261708209760229
2023-06-27 18:42:12,783 [main] DEBUG balancer.ContainerBalancerTask (ContainerBalancerTask.java:initializeIteration(398)) - Utilization for node f6756ff9-0196-427b-b4cc-b42e5f7d592c with capacity 60845370026B, used 54760833024B, and remaining 6084537002B is 0.900000000009861
2023-06-27 18:42:12,783 [main] DEBUG balancer.ContainerBalancerTask (ContainerBalancerTask.java:initializeIteration(398)) - Utilization for node 6187f75d-e45f-4018-a281-bb56976d837a with capacity 60397977600B, used 48318382080B, and remaining 12079595520B is 0.8
2023-06-27 18:42:12,783 [main] DEBUG balancer.ContainerBalancerTask (ContainerBalancerTask.java:initializeIteration(398)) - Utilization for node f03a10c2-24f0-44c8-bc4d-bd611dc8ad7f with capacity 64424509440B, used 45097156608B, and remaining 19327352832B is 0.7
2023-06-27 18:42:12,783 [main] DEBUG balancer.ContainerBalancerTask (ContainerBalancerTask.java:initializeIteration(398)) - Utilization for node 7c8b3037-85a2-4169-9705-f83a8a8933aa with capacity 96636764160B, used 57982058496B, and remaining 38654705664B is 0.6
2023-06-27 18:42:12,783 [main] DEBUG balancer.ContainerBalancerTask (ContainerBalancerTask.java:initializeIteration(398)) - Utilization for node e9725ca9-6d93-493e-a615-8d7c01e40e9c with capacity 51539607552B, used 25769803776B, and remaining 25769803776B is 0.5
2023-06-27 18:42:12,783 [main] DEBUG balancer.ContainerBalancerTask (ContainerBalancerTask.java:initializeIteration(398)) - Utilization for node 267eb708-4a88-4eaa-979e-506819a6081d with capacity 99321118720B, used 39728447488B, and remaining 59592671232B is 0.4
2023-06-27 18:42:12,783 [main] DEBUG balancer.ContainerBalancerTask (ContainerBalancerTask.java:initializeIteration(398)) - Utilization for node 6cda17ab-62e1-4c97-baa7-1e14d7451676 with capacity 100215903573B, used 30064771072B, and remaining 70151132501B is 0.30000000000099786
2023-06-27 18:42:12,783 [main] DEBUG balancer.ContainerBalancerTask (ContainerBalancerTask.java:initializeIteration(398)) - Utilization for node 2da8c10f-2b50-47d8-a3d7-45c9a5e5a955 with capacity 144955146240B, used 28991029248B, and remaining 115964116992B is 0.2
2023-06-27 18:42:12,783 [main] DEBUG balancer.ContainerBalancerTask (ContainerBalancerTask.java:initializeIteration(398)) - Utilization for node c528def6-d961-4c40-b955-eb0d4935cbdf with capacity 515396075520B, used 51539607552B, and remaining 463856467968B is 0.1
2023-06-27 18:42:12,784 [main] DEBUG balancer.ContainerBalancerTask (ContainerBalancerTask.java:initializeIteration(398)) - Utilization for node 12fece16-68fc-4087-8872-95165ef44b9d with capacity 16106127360B, used 0B, and remaining 16106127360B is 0.0
2023-06-27 18:42:12,784 [main] INFO  balancer.ContainerBalancerTask (ContainerBalancerTask.java:initializeIteration(443)) - Did not find any unbalanced Datanodes.
2023-06-27 18:42:12,784 [main] INFO  balancer.ContainerBalancerTask (ContainerBalancerTask.java:tryStopWithSaveConfiguration(308)) - Save Configuration for stopping. Reason: Could not initialize ContainerBalancer's iteration number 0
2023-06-27 18:42:12,784 [main] DEBUG balancer.ContainerBalancerTask (ContainerBalancerTask.java:initializeIteration(374)) - Average utilization of the cluster is 0.3159529620592805
2023-06-27 18:42:12,784 [main] DEBUG balancer.ContainerBalancerTask (ContainerBalancerTask.java:initializeIteration(386)) - Lower limit for utilization is -0.40393985674238364 and Upper limit for utilization is 1.0358457808609445
2023-06-27 18:42:12,784 [main] DEBUG balancer.ContainerBalancerTask (ContainerBalancerTask.java:initializeIteration(398)) - Utilization for node f6756ff9-0196-427b-b4cc-b42e5f7d592c with capacity 60845370026B, used 54760833024B, and remaining 6084537002B is 0.900000000009861
2023-06-27 18:42:12,784 [main] DEBUG balancer.ContainerBalancerTask (ContainerBalancerTask.java:initializeIteration(398)) - Utilization for node 6187f75d-e45f-4018-a281-bb56976d837a with capacity 60397977600B, used 48318382080B, and remaining 12079595520B is 0.8
2023-06-27 18:42:12,785 [main] DEBUG balancer.ContainerBalancerTask (ContainerBalancerTask.java:initializeIteration(398)) - Utilization for node f03a10c2-24f0-44c8-bc4d-bd611dc8ad7f with capacity 64424509440B, used 45097156608B, and remaining 19327352832B is 0.7
2023-06-27 18:42:12,785 [main] DEBUG balancer.ContainerBalancerTask (ContainerBalancerTask.java:initializeIteration(398)) - Utilization for node 7c8b3037-85a2-4169-9705-f83a8a8933aa with capacity 96636764160B, used 57982058496B, and remaining 38654705664B is 0.6
2023-06-27 18:42:12,785 [main] DEBUG balancer.ContainerBalancerTask (ContainerBalancerTask.java:initializeIteration(398)) - Utilization for node e9725ca9-6d93-493e-a615-8d7c01e40e9c with capacity 51539607552B, used 25769803776B, and remaining 25769803776B is 0.5
2023-06-27 18:42:12,785 [main] DEBUG balancer.ContainerBalancerTask (ContainerBalancerTask.java:initializeIteration(398)) - Utilization for node 267eb708-4a88-4eaa-979e-506819a6081d with capacity 99321118720B, used 39728447488B, and remaining 59592671232B is 0.4
2023-06-27 18:42:12,785 [main] DEBUG balancer.ContainerBalancerTask (ContainerBalancerTask.java:initializeIteration(398)) - Utilization for node 6cda17ab-62e1-4c97-baa7-1e14d7451676 with capacity 100215903573B, used 30064771072B, and remaining 70151132501B is 0.30000000000099786
2023-06-27 18:42:12,785 [main] DEBUG balancer.ContainerBalancerTask (ContainerBalancerTask.java:initializeIteration(398)) - Utilization for node 2da8c10f-2b50-47d8-a3d7-45c9a5e5a955 with capacity 144955146240B, used 28991029248B, and remaining 115964116992B is 0.2
2023-06-27 18:42:12,785 [main] DEBUG balancer.ContainerBalancerTask (ContainerBalancerTask.java:initializeIteration(398)) - Utilization for node c528def6-d961-4c40-b955-eb0d4935cbdf with capacity 515396075520B, used 51539607552B, and remaining 463856467968B is 0.1
2023-06-27 18:42:12,785 [main] DEBUG balancer.ContainerBalancerTask (ContainerBalancerTask.java:initializeIteration(398)) - Utilization for node 12fece16-68fc-4087-8872-95165ef44b9d with capacity 16106127360B, used 0B, and remaining 16106127360B is 0.0
2023-06-27 18:42:12,785 [main] INFO  balancer.ContainerBalancerTask (ContainerBalancerTask.java:initializeIteration(443)) - Did not find any unbalanced Datanodes.
2023-06-27 18:42:12,785 [main] INFO  balancer.ContainerBalancerTask (ContainerBalancerTask.java:tryStopWithSaveConfiguration(308)) - Save Configuration for stopping. Reason: Could not initialize ContainerBalancer's iteration number 0
2023-06-27 18:42:12,786 [main] DEBUG balancer.ContainerBalancerTask (ContainerBalancerTask.java:initializeIteration(374)) - Average utilization of the cluster is 0.3159529620592805
2023-06-27 18:42:12,786 [main] DEBUG balancer.ContainerBalancerTask (ContainerBalancerTask.java:initializeIteration(386)) - Lower limit for utilization is -0.102976372576294 and Upper limit for utilization is 0.7348822966948549
2023-06-27 18:42:12,786 [main] DEBUG balancer.ContainerBalancerTask (ContainerBalancerTask.java:initializeIteration(398)) - Utilization for node f6756ff9-0196-427b-b4cc-b42e5f7d592c with capacity 60845370026B, used 54760833024B, and remaining 6084537002B is 0.900000000009861
2023-06-27 18:42:12,786 [main] DEBUG balancer.ContainerBalancerTask (ContainerBalancerTask.java:initializeIteration(398)) - Utilization for node 6187f75d-e45f-4018-a281-bb56976d837a with capacity 60397977600B, used 48318382080B, and remaining 12079595520B is 0.8
2023-06-27 18:42:12,786 [main] DEBUG balancer.ContainerBalancerTask (ContainerBalancerTask.java:initializeIteration(398)) - Utilization for node f03a10c2-24f0-44c8-bc4d-bd611dc8ad7f with capacity 64424509440B, used 45097156608B, and remaining 19327352832B is 0.7
2023-06-27 18:42:12,786 [main] DEBUG balancer.ContainerBalancerTask (ContainerBalancerTask.java:initializeIteration(398)) - Utilization for node 7c8b3037-85a2-4169-9705-f83a8a8933aa with capacity 96636764160B, used 57982058496B, and remaining 38654705664B is 0.6
2023-06-27 18:42:12,786 [main] DEBUG balancer.ContainerBalancerTask (ContainerBalancerTask.java:initializeIteration(398)) - Utilization for node e9725ca9-6d93-493e-a615-8d7c01e40e9c with capacity 51539607552B, used 25769803776B, and remaining 25769803776B is 0.5
2023-06-27 18:42:12,786 [main] DEBUG balancer.ContainerBalancerTask (ContainerBalancerTask.java:initializeIteration(398)) - Utilization for node 267eb708-4a88-4eaa-979e-506819a6081d with capacity 99321118720B, used 39728447488B, and remaining 59592671232B is 0.4
2023-06-27 18:42:12,786 [main] DEBUG balancer.ContainerBalancerTask (ContainerBalancerTask.java:initializeIteration(398)) - Utilization for node 6cda17ab-62e1-4c97-baa7-1e14d7451676 with capacity 100215903573B, used 30064771072B, and remaining 70151132501B is 0.30000000000099786
2023-06-27 18:42:12,786 [main] DEBUG balancer.ContainerBalancerTask (ContainerBalancerTask.java:initializeIteration(398)) - Utilization for node 2da8c10f-2b50-47d8-a3d7-45c9a5e5a955 with capacity 144955146240B, used 28991029248B, and remaining 115964116992B is 0.2
2023-06-27 18:42:12,787 [main] DEBUG balancer.ContainerBalancerTask (ContainerBalancerTask.java:initializeIteration(398)) - Utilization for node c528def6-d961-4c40-b955-eb0d4935cbdf with capacity 515396075520B, used 51539607552B, and remaining 463856467968B is 0.1
2023-06-27 18:42:12,787 [main] DEBUG balancer.ContainerBalancerTask (ContainerBalancerTask.java:initializeIteration(398)) - Utilization for node 12fece16-68fc-4087-8872-95165ef44b9d with capacity 16106127360B, used 0B, and remaining 16106127360B is 0.0
2023-06-27 18:42:12,787 [main] INFO  balancer.ContainerBalancerTask (ContainerBalancerTask.java:initializeIteration(447)) - Container Balancer has identified 2 Over-Utilized and 0 Under-Utilized Datanodes that need to be balanced.
2023-06-27 18:42:12,787 [main] DEBUG balancer.ContainerBalancerTask (ContainerBalancerTask.java:lambda$initializeIteration$1(453)) - Datanode localhost-238.167.169.96 f6756ff9-0196-427b-b4cc-b42e5f7d592c is Over-Utilized.
2023-06-27 18:42:12,787 [main] DEBUG balancer.ContainerBalancerTask (ContainerBalancerTask.java:lambda$initializeIteration$1(453)) - Datanode localhost-179.249.57.69 6187f75d-e45f-4018-a281-bb56976d837a is Over-Utilized.
2023-06-27 18:42:12,789 [main] DEBUG balancer.ContainerBalancerTask (ContainerBalancerTask.java:matchSourceWithTarget(706)) - ContainerBalancer is finding suitable target for source datanode f6756ff9-0196-427b-b4cc-b42e5f7d592c
2023-06-27 18:42:12,789 [main] INFO  balancer.FindTargetGreedyByUsageInfo (AbstractFindTargetGreedy.java:findTargetForContainerMove(133)) - Container Balancer could not find a target for source datanode f6756ff9-0196-427b-b4cc-b42e5f7d592c
2023-06-27 18:42:12,789 [main] DEBUG balancer.ContainerBalancerTask (ContainerBalancerTask.java:matchSourceWithTarget(715)) - ContainerBalancer could not find a suitable target for source node f6756ff9-0196-427b-b4cc-b42e5f7d592c.
2023-06-27 18:42:12,791 [main] DEBUG balancer.ContainerBalancerTask (ContainerBalancerTask.java:matchSourceWithTarget(706)) - ContainerBalancer is finding suitable target for source datanode 6187f75d-e45f-4018-a281-bb56976d837a
2023-06-27 18:42:12,791 [main] INFO  balancer.FindTargetGreedyByUsageInfo (AbstractFindTargetGreedy.java:findTargetForContainerMove(133)) - Container Balancer could not find a target for source datanode 6187f75d-e45f-4018-a281-bb56976d837a
2023-06-27 18:42:12,792 [main] DEBUG balancer.ContainerBalancerTask (ContainerBalancerTask.java:matchSourceWithTarget(715)) - ContainerBalancer could not find a suitable target for source node 6187f75d-e45f-4018-a281-bb56976d837a.
2023-06-27 18:42:12,792 [main] INFO  balancer.FindSourceGreedy (FindSourceGreedy.java:getNextCandidateSourceDataNode(126)) - no more candidate source data node
2023-06-27 18:42:12,792 [main] INFO  balancer.ContainerBalancerTask (ContainerBalancerTask.java:balance(259)) - Result of this iteration of Container Balancer: CAN_NOT_BALANCE_ANY_MORE
2023-06-27 18:42:12,792 [main] INFO  balancer.ContainerBalancerTask (ContainerBalancerTask.java:tryStopWithSaveConfiguration(308)) - Save Configuration for stopping. Reason: CAN_NOT_BALANCE_ANY_MORE
2023-06-27 18:42:12,792 [main] DEBUG balancer.ContainerBalancerTask (ContainerBalancerTask.java:initializeIteration(374)) - Average utilization of the cluster is 0.3159529620592805
2023-06-27 18:42:12,792 [main] DEBUG balancer.ContainerBalancerTask (ContainerBalancerTask.java:initializeIteration(386)) - Lower limit for utilization is -0.2949183725453861 and Upper limit for utilization is 0.9268242966639471
2023-06-27 18:42:12,792 [main] DEBUG balancer.ContainerBalancerTask (ContainerBalancerTask.java:initializeIteration(398)) - Utilization for node f6756ff9-0196-427b-b4cc-b42e5f7d592c with capacity 60845370026B, used 54760833024B, and remaining 6084537002B is 0.900000000009861
2023-06-27 18:42:12,793 [main] DEBUG balancer.ContainerBalancerTask (ContainerBalancerTask.java:initializeIteration(398)) - Utilization for node 6187f75d-e45f-4018-a281-bb56976d837a with capacity 60397977600B, used 48318382080B, and remaining 12079595520B is 0.8
2023-06-27 18:42:12,793 [main] DEBUG balancer.ContainerBalancerTask (ContainerBalancerTask.java:initializeIteration(398)) - Utilization for node f03a10c2-24f0-44c8-bc4d-bd611dc8ad7f with capacity 64424509440B, used 45097156608B, and remaining 19327352832B is 0.7
2023-06-27 18:42:12,793 [main] DEBUG balancer.ContainerBalancerTask (ContainerBalancerTask.java:initializeIteration(398)) - Utilization for node 7c8b3037-85a2-4169-9705-f83a8a8933aa with capacity 96636764160B, used 57982058496B, and remaining 38654705664B is 0.6
2023-06-27 18:42:12,793 [main] DEBUG balancer.ContainerBalancerTask (ContainerBalancerTask.java:initializeIteration(398)) - Utilization for node e9725ca9-6d93-493e-a615-8d7c01e40e9c with capacity 51539607552B, used 25769803776B, and remaining 25769803776B is 0.5
2023-06-27 18:42:12,793 [main] DEBUG balancer.ContainerBalancerTask (ContainerBalancerTask.java:initializeIteration(398)) - Utilization for node 267eb708-4a88-4eaa-979e-506819a6081d with capacity 99321118720B, used 39728447488B, and remaining 59592671232B is 0.4
2023-06-27 18:42:12,793 [main] DEBUG balancer.ContainerBalancerTask (ContainerBalancerTask.java:initializeIteration(398)) - Utilization for node 6cda17ab-62e1-4c97-baa7-1e14d7451676 with capacity 100215903573B, used 30064771072B, and remaining 70151132501B is 0.30000000000099786
2023-06-27 18:42:12,793 [main] DEBUG balancer.ContainerBalancerTask (ContainerBalancerTask.java:initializeIteration(398)) - Utilization for node 2da8c10f-2b50-47d8-a3d7-45c9a5e5a955 with capacity 144955146240B, used 28991029248B, and remaining 115964116992B is 0.2
2023-06-27 18:42:12,793 [main] DEBUG balancer.ContainerBalancerTask (ContainerBalancerTask.java:initializeIteration(398)) - Utilization for node c528def6-d961-4c40-b955-eb0d4935cbdf with capacity 515396075520B, used 51539607552B, and remaining 463856467968B is 0.1
2023-06-27 18:42:12,793 [main] DEBUG balancer.ContainerBalancerTask (ContainerBalancerTask.java:initializeIteration(398)) - Utilization for node 12fece16-68fc-4087-8872-95165ef44b9d with capacity 16106127360B, used 0B, and remaining 16106127360B is 0.0
2023-06-27 18:42:12,793 [main] INFO  balancer.ContainerBalancerTask (ContainerBalancerTask.java:initializeIteration(443)) - Did not find any unbalanced Datanodes.
2023-06-27 18:42:12,793 [main] INFO  balancer.ContainerBalancerTask (ContainerBalancerTask.java:tryStopWithSaveConfiguration(308)) - Save Configuration for stopping. Reason: Could not initialize ContainerBalancer's iteration number 0
2023-06-27 18:42:12,794 [main] DEBUG balancer.ContainerBalancerTask (ContainerBalancerTask.java:initializeIteration(374)) - Average utilization of the cluster is 0.3159529620592805
2023-06-27 18:42:12,794 [main] DEBUG balancer.ContainerBalancerTask (ContainerBalancerTask.java:initializeIteration(386)) - Lower limit for utilization is -0.5868709310956935 and Upper limit for utilization is 1.2187768552142546
2023-06-27 18:42:12,794 [main] DEBUG balancer.ContainerBalancerTask (ContainerBalancerTask.java:initializeIteration(398)) - Utilization for node f6756ff9-0196-427b-b4cc-b42e5f7d592c with capacity 60845370026B, used 54760833024B, and remaining 6084537002B is 0.900000000009861
2023-06-27 18:42:12,794 [main] DEBUG balancer.ContainerBalancerTask (ContainerBalancerTask.java:initializeIteration(398)) - Utilization for node 6187f75d-e45f-4018-a281-bb56976d837a with capacity 60397977600B, used 48318382080B, and remaining 12079595520B is 0.8
2023-06-27 18:42:12,794 [main] DEBUG balancer.ContainerBalancerTask (ContainerBalancerTask.java:initializeIteration(398)) - Utilization for node f03a10c2-24f0-44c8-bc4d-bd611dc8ad7f with capacity 64424509440B, used 45097156608B, and remaining 19327352832B is 0.7
2023-06-27 18:42:12,794 [main] DEBUG balancer.ContainerBalancerTask (ContainerBalancerTask.java:initializeIteration(398)) - Utilization for node 7c8b3037-85a2-4169-9705-f83a8a8933aa with capacity 96636764160B, used 57982058496B, and remaining 38654705664B is 0.6
2023-06-27 18:42:12,794 [main] DEBUG balancer.ContainerBalancerTask (ContainerBalancerTask.java:initializeIteration(398)) - Utilization for node e9725ca9-6d93-493e-a615-8d7c01e40e9c with capacity 51539607552B, used 25769803776B, and remaining 25769803776B is 0.5
2023-06-27 18:42:12,794 [main] DEBUG balancer.ContainerBalancerTask (ContainerBalancerTask.java:initializeIteration(398)) - Utilization for node 267eb708-4a88-4eaa-979e-506819a6081d with capacity 99321118720B, used 39728447488B, and remaining 59592671232B is 0.4
2023-06-27 18:42:12,794 [main] DEBUG balancer.ContainerBalancerTask (ContainerBalancerTask.java:initializeIteration(398)) - Utilization for node 6cda17ab-62e1-4c97-baa7-1e14d7451676 with capacity 100215903573B, used 30064771072B, and remaining 70151132501B is 0.30000000000099786
2023-06-27 18:42:12,795 [main] DEBUG balancer.ContainerBalancerTask (ContainerBalancerTask.java:initializeIteration(398)) - Utilization for node 2da8c10f-2b50-47d8-a3d7-45c9a5e5a955 with capacity 144955146240B, used 28991029248B, and remaining 115964116992B is 0.2
2023-06-27 18:42:12,795 [main] DEBUG balancer.ContainerBalancerTask (ContainerBalancerTask.java:initializeIteration(398)) - Utilization for node c528def6-d961-4c40-b955-eb0d4935cbdf with capacity 515396075520B, used 51539607552B, and remaining 463856467968B is 0.1
2023-06-27 18:42:12,795 [main] DEBUG balancer.ContainerBalancerTask (ContainerBalancerTask.java:initializeIteration(398)) - Utilization for node 12fece16-68fc-4087-8872-95165ef44b9d with capacity 16106127360B, used 0B, and remaining 16106127360B is 0.0
2023-06-27 18:42:12,795 [main] INFO  balancer.ContainerBalancerTask (ContainerBalancerTask.java:initializeIteration(443)) - Did not find any unbalanced Datanodes.
2023-06-27 18:42:12,795 [main] INFO  balancer.ContainerBalancerTask (ContainerBalancerTask.java:tryStopWithSaveConfiguration(308)) - Save Configuration for stopping. Reason: Could not initialize ContainerBalancer's iteration number 0
2023-06-27 18:42:12,795 [main] DEBUG balancer.ContainerBalancerTask (ContainerBalancerTask.java:initializeIteration(374)) - Average utilization of the cluster is 0.3159529620592805
2023-06-27 18:42:12,795 [main] DEBUG balancer.ContainerBalancerTask (ContainerBalancerTask.java:initializeIteration(386)) - Lower limit for utilization is -0.5131876668003216 and Upper limit for utilization is 1.1450935909188824
2023-06-27 18:42:12,795 [main] DEBUG balancer.ContainerBalancerTask (ContainerBalancerTask.java:initializeIteration(398)) - Utilization for node f6756ff9-0196-427b-b4cc-b42e5f7d592c with capacity 60845370026B, used 54760833024B, and remaining 6084537002B is 0.900000000009861
2023-06-27 18:42:12,796 [main] DEBUG balancer.ContainerBalancerTask (ContainerBalancerTask.java:initializeIteration(398)) - Utilization for node 6187f75d-e45f-4018-a281-bb56976d837a with capacity 60397977600B, used 48318382080B, and remaining 12079595520B is 0.8
2023-06-27 18:42:12,796 [main] DEBUG balancer.ContainerBalancerTask (ContainerBalancerTask.java:initializeIteration(398)) - Utilization for node f03a10c2-24f0-44c8-bc4d-bd611dc8ad7f with capacity 64424509440B, used 45097156608B, and remaining 19327352832B is 0.7
2023-06-27 18:42:12,796 [main] DEBUG balancer.ContainerBalancerTask (ContainerBalancerTask.java:initializeIteration(398)) - Utilization for node 7c8b3037-85a2-4169-9705-f83a8a8933aa with capacity 96636764160B, used 57982058496B, and remaining 38654705664B is 0.6
2023-06-27 18:42:12,796 [main] DEBUG balancer.ContainerBalancerTask (ContainerBalancerTask.java:initializeIteration(398)) - Utilization for node e9725ca9-6d93-493e-a615-8d7c01e40e9c with capacity 51539607552B, used 25769803776B, and remaining 25769803776B is 0.5
2023-06-27 18:42:12,796 [main] DEBUG balancer.ContainerBalancerTask (ContainerBalancerTask.java:initializeIteration(398)) - Utilization for node 267eb708-4a88-4eaa-979e-506819a6081d with capacity 99321118720B, used 39728447488B, and remaining 59592671232B is 0.4
2023-06-27 18:42:12,796 [main] DEBUG balancer.ContainerBalancerTask (ContainerBalancerTask.java:initializeIteration(398)) - Utilization for node 6cda17ab-62e1-4c97-baa7-1e14d7451676 with capacity 100215903573B, used 30064771072B, and remaining 70151132501B is 0.30000000000099786
2023-06-27 18:42:12,796 [main] DEBUG balancer.ContainerBalancerTask (ContainerBalancerTask.java:initializeIteration(398)) - Utilization for node 2da8c10f-2b50-47d8-a3d7-45c9a5e5a955 with capacity 144955146240B, used 28991029248B, and remaining 115964116992B is 0.2
2023-06-27 18:42:12,796 [main] DEBUG balancer.ContainerBalancerTask (ContainerBalancerTask.java:initializeIteration(398)) - Utilization for node c528def6-d961-4c40-b955-eb0d4935cbdf with capacity 515396075520B, used 51539607552B, and remaining 463856467968B is 0.1
2023-06-27 18:42:12,796 [main] DEBUG balancer.ContainerBalancerTask (ContainerBalancerTask.java:initializeIteration(398)) - Utilization for node 12fece16-68fc-4087-8872-95165ef44b9d with capacity 16106127360B, used 0B, and remaining 16106127360B is 0.0
2023-06-27 18:42:12,796 [main] INFO  balancer.ContainerBalancerTask (ContainerBalancerTask.java:initializeIteration(443)) - Did not find any unbalanced Datanodes.
2023-06-27 18:42:12,796 [main] INFO  balancer.ContainerBalancerTask (ContainerBalancerTask.java:tryStopWithSaveConfiguration(308)) - Save Configuration for stopping. Reason: Could not initialize ContainerBalancer's iteration number 0
2023-06-27 18:42:12,797 [main] DEBUG balancer.ContainerBalancerTask (ContainerBalancerTask.java:initializeIteration(374)) - Average utilization of the cluster is 0.3159529620592805
2023-06-27 18:42:12,797 [main] DEBUG balancer.ContainerBalancerTask (ContainerBalancerTask.java:initializeIteration(386)) - Lower limit for utilization is -0.5363706503564389 and Upper limit for utilization is 1.1682765744749999
2023-06-27 18:42:12,797 [main] DEBUG balancer.ContainerBalancerTask (ContainerBalancerTask.java:initializeIteration(398)) - Utilization for node f6756ff9-0196-427b-b4cc-b42e5f7d592c with capacity 60845370026B, used 54760833024B, and remaining 6084537002B is 0.900000000009861
2023-06-27 18:42:12,797 [main] DEBUG balancer.ContainerBalancerTask (ContainerBalancerTask.java:initializeIteration(398)) - Utilization for node 6187f75d-e45f-4018-a281-bb56976d837a with capacity 60397977600B, used 48318382080B, and remaining 12079595520B is 0.8
2023-06-27 18:42:12,797 [main] DEBUG balancer.ContainerBalancerTask (ContainerBalancerTask.java:initializeIteration(398)) - Utilization for node f03a10c2-24f0-44c8-bc4d-bd611dc8ad7f with capacity 64424509440B, used 45097156608B, and remaining 19327352832B is 0.7
2023-06-27 18:42:12,797 [main] DEBUG balancer.ContainerBalancerTask (ContainerBalancerTask.java:initializeIteration(398)) - Utilization for node 7c8b3037-85a2-4169-9705-f83a8a8933aa with capacity 96636764160B, used 57982058496B, and remaining 38654705664B is 0.6
2023-06-27 18:42:12,797 [main] DEBUG balancer.ContainerBalancerTask (ContainerBalancerTask.java:initializeIteration(398)) - Utilization for node e9725ca9-6d93-493e-a615-8d7c01e40e9c with capacity 51539607552B, used 25769803776B, and remaining 25769803776B is 0.5
2023-06-27 18:42:12,797 [main] DEBUG balancer.ContainerBalancerTask (ContainerBalancerTask.java:initializeIteration(398)) - Utilization for node 267eb708-4a88-4eaa-979e-506819a6081d with capacity 99321118720B, used 39728447488B, and remaining 59592671232B is 0.4
2023-06-27 18:42:12,797 [main] DEBUG balancer.ContainerBalancerTask (ContainerBalancerTask.java:initializeIteration(398)) - Utilization for node 6cda17ab-62e1-4c97-baa7-1e14d7451676 with capacity 100215903573B, used 30064771072B, and remaining 70151132501B is 0.30000000000099786
2023-06-27 18:42:12,798 [main] DEBUG balancer.ContainerBalancerTask (ContainerBalancerTask.java:initializeIteration(398)) - Utilization for node 2da8c10f-2b50-47d8-a3d7-45c9a5e5a955 with capacity 144955146240B, used 28991029248B, and remaining 115964116992B is 0.2
2023-06-27 18:42:12,798 [main] DEBUG balancer.ContainerBalancerTask (ContainerBalancerTask.java:initializeIteration(398)) - Utilization for node c528def6-d961-4c40-b955-eb0d4935cbdf with capacity 515396075520B, used 51539607552B, and remaining 463856467968B is 0.1
2023-06-27 18:42:12,798 [main] DEBUG balancer.ContainerBalancerTask (ContainerBalancerTask.java:initializeIteration(398)) - Utilization for node 12fece16-68fc-4087-8872-95165ef44b9d with capacity 16106127360B, used 0B, and remaining 16106127360B is 0.0
2023-06-27 18:42:12,798 [main] INFO  balancer.ContainerBalancerTask (ContainerBalancerTask.java:initializeIteration(443)) - Did not find any unbalanced Datanodes.
2023-06-27 18:42:12,798 [main] INFO  balancer.ContainerBalancerTask (ContainerBalancerTask.java:tryStopWithSaveConfiguration(308)) - Save Configuration for stopping. Reason: Could not initialize ContainerBalancer's iteration number 0
2023-06-27 18:42:12,798 [main] DEBUG balancer.ContainerBalancerTask (ContainerBalancerTask.java:initializeIteration(374)) - Average utilization of the cluster is 0.3159529620592805
2023-06-27 18:42:12,799 [main] DEBUG balancer.ContainerBalancerTask (ContainerBalancerTask.java:initializeIteration(386)) - Lower limit for utilization is -0.5782909522008209 and Upper limit for utilization is 1.2101968763193818
2023-06-27 18:42:12,799 [main] DEBUG balancer.ContainerBalancerTask (ContainerBalancerTask.java:initializeIteration(398)) - Utilization for node f6756ff9-0196-427b-b4cc-b42e5f7d592c with capacity 60845370026B, used 54760833024B, and remaining 6084537002B is 0.900000000009861
2023-06-27 18:42:12,799 [main] DEBUG balancer.ContainerBalancerTask (ContainerBalancerTask.java:initializeIteration(398)) - Utilization for node 6187f75d-e45f-4018-a281-bb56976d837a with capacity 60397977600B, used 48318382080B, and remaining 12079595520B is 0.8
2023-06-27 18:42:12,799 [main] DEBUG balancer.ContainerBalancerTask (ContainerBalancerTask.java:initializeIteration(398)) - Utilization for node f03a10c2-24f0-44c8-bc4d-bd611dc8ad7f with capacity 64424509440B, used 45097156608B, and remaining 19327352832B is 0.7
2023-06-27 18:42:12,799 [main] DEBUG balancer.ContainerBalancerTask (ContainerBalancerTask.java:initializeIteration(398)) - Utilization for node 7c8b3037-85a2-4169-9705-f83a8a8933aa with capacity 96636764160B, used 57982058496B, and remaining 38654705664B is 0.6
2023-06-27 18:42:12,799 [main] DEBUG balancer.ContainerBalancerTask (ContainerBalancerTask.java:initializeIteration(398)) - Utilization for node e9725ca9-6d93-493e-a615-8d7c01e40e9c with capacity 51539607552B, used 25769803776B, and remaining 25769803776B is 0.5
2023-06-27 18:42:12,799 [main] DEBUG balancer.ContainerBalancerTask (ContainerBalancerTask.java:initializeIteration(398)) - Utilization for node 267eb708-4a88-4eaa-979e-506819a6081d with capacity 99321118720B, used 39728447488B, and remaining 59592671232B is 0.4
2023-06-27 18:42:12,799 [main] DEBUG balancer.ContainerBalancerTask (ContainerBalancerTask.java:initializeIteration(398)) - Utilization for node 6cda17ab-62e1-4c97-baa7-1e14d7451676 with capacity 100215903573B, used 30064771072B, and remaining 70151132501B is 0.30000000000099786
2023-06-27 18:42:12,799 [main] DEBUG balancer.ContainerBalancerTask (ContainerBalancerTask.java:initializeIteration(398)) - Utilization for node 2da8c10f-2b50-47d8-a3d7-45c9a5e5a955 with capacity 144955146240B, used 28991029248B, and remaining 115964116992B is 0.2
2023-06-27 18:42:12,801 [main] DEBUG balancer.ContainerBalancerTask (ContainerBalancerTask.java:initializeIteration(398)) - Utilization for node c528def6-d961-4c40-b955-eb0d4935cbdf with capacity 515396075520B, used 51539607552B, and remaining 463856467968B is 0.1
2023-06-27 18:42:12,801 [main] DEBUG balancer.ContainerBalancerTask (ContainerBalancerTask.java:initializeIteration(398)) - Utilization for node 12fece16-68fc-4087-8872-95165ef44b9d with capacity 16106127360B, used 0B, and remaining 16106127360B is 0.0
2023-06-27 18:42:12,801 [main] INFO  balancer.ContainerBalancerTask (ContainerBalancerTask.java:initializeIteration(443)) - Did not find any unbalanced Datanodes.
2023-06-27 18:42:12,801 [main] INFO  balancer.ContainerBalancerTask (ContainerBalancerTask.java:tryStopWithSaveConfiguration(308)) - Save Configuration for stopping. Reason: Could not initialize ContainerBalancer's iteration number 0
2023-06-27 18:42:12,802 [main] DEBUG balancer.ContainerBalancerTask (ContainerBalancerTask.java:initializeIteration(374)) - Average utilization of the cluster is 0.3159529620592805
2023-06-27 18:42:12,802 [main] DEBUG balancer.ContainerBalancerTask (ContainerBalancerTask.java:initializeIteration(386)) - Lower limit for utilization is 0.19266304839937942 and Upper limit for utilization is 0.4392428757191815
2023-06-27 18:42:12,802 [main] DEBUG balancer.ContainerBalancerTask (ContainerBalancerTask.java:initializeIteration(398)) - Utilization for node f6756ff9-0196-427b-b4cc-b42e5f7d592c with capacity 60845370026B, used 54760833024B, and remaining 6084537002B is 0.900000000009861
2023-06-27 18:42:12,802 [main] DEBUG balancer.ContainerBalancerTask (ContainerBalancerTask.java:initializeIteration(398)) - Utilization for node 6187f75d-e45f-4018-a281-bb56976d837a with capacity 60397977600B, used 48318382080B, and remaining 12079595520B is 0.8
2023-06-27 18:42:12,802 [main] DEBUG balancer.ContainerBalancerTask (ContainerBalancerTask.java:initializeIteration(398)) - Utilization for node f03a10c2-24f0-44c8-bc4d-bd611dc8ad7f with capacity 64424509440B, used 45097156608B, and remaining 19327352832B is 0.7
2023-06-27 18:42:12,802 [main] DEBUG balancer.ContainerBalancerTask (ContainerBalancerTask.java:initializeIteration(398)) - Utilization for node 7c8b3037-85a2-4169-9705-f83a8a8933aa with capacity 96636764160B, used 57982058496B, and remaining 38654705664B is 0.6
2023-06-27 18:42:12,802 [main] DEBUG balancer.ContainerBalancerTask (ContainerBalancerTask.java:initializeIteration(398)) - Utilization for node e9725ca9-6d93-493e-a615-8d7c01e40e9c with capacity 51539607552B, used 25769803776B, and remaining 25769803776B is 0.5
2023-06-27 18:42:12,802 [main] DEBUG balancer.ContainerBalancerTask (ContainerBalancerTask.java:initializeIteration(398)) - Utilization for node 267eb708-4a88-4eaa-979e-506819a6081d with capacity 99321118720B, used 39728447488B, and remaining 59592671232B is 0.4
2023-06-27 18:42:12,802 [main] DEBUG balancer.ContainerBalancerTask (ContainerBalancerTask.java:initializeIteration(398)) - Utilization for node 6cda17ab-62e1-4c97-baa7-1e14d7451676 with capacity 100215903573B, used 30064771072B, and remaining 70151132501B is 0.30000000000099786
2023-06-27 18:42:12,802 [main] DEBUG balancer.ContainerBalancerTask (ContainerBalancerTask.java:initializeIteration(398)) - Utilization for node 2da8c10f-2b50-47d8-a3d7-45c9a5e5a955 with capacity 144955146240B, used 28991029248B, and remaining 115964116992B is 0.2
2023-06-27 18:42:12,802 [main] DEBUG balancer.ContainerBalancerTask (ContainerBalancerTask.java:initializeIteration(398)) - Utilization for node c528def6-d961-4c40-b955-eb0d4935cbdf with capacity 515396075520B, used 51539607552B, and remaining 463856467968B is 0.1
2023-06-27 18:42:12,802 [main] DEBUG balancer.ContainerBalancerTask (ContainerBalancerTask.java:initializeIteration(398)) - Utilization for node 12fece16-68fc-4087-8872-95165ef44b9d with capacity 16106127360B, used 0B, and remaining 16106127360B is 0.0
2023-06-27 18:42:12,803 [main] INFO  balancer.ContainerBalancerTask (ContainerBalancerTask.java:initializeIteration(447)) - Container Balancer has identified 5 Over-Utilized and 2 Under-Utilized Datanodes that need to be balanced.
2023-06-27 18:42:12,803 [main] DEBUG balancer.ContainerBalancerTask (ContainerBalancerTask.java:lambda$initializeIteration$1(453)) - Datanode localhost-238.167.169.96 f6756ff9-0196-427b-b4cc-b42e5f7d592c is Over-Utilized.
2023-06-27 18:42:12,803 [main] DEBUG balancer.ContainerBalancerTask (ContainerBalancerTask.java:lambda$initializeIteration$1(453)) - Datanode localhost-179.249.57.69 6187f75d-e45f-4018-a281-bb56976d837a is Over-Utilized.
2023-06-27 18:42:12,803 [main] DEBUG balancer.ContainerBalancerTask (ContainerBalancerTask.java:lambda$initializeIteration$1(453)) - Datanode localhost-226.29.25.54 f03a10c2-24f0-44c8-bc4d-bd611dc8ad7f is Over-Utilized.
2023-06-27 18:42:12,803 [main] DEBUG balancer.ContainerBalancerTask (ContainerBalancerTask.java:lambda$initializeIteration$1(453)) - Datanode localhost-243.51.53.194 7c8b3037-85a2-4169-9705-f83a8a8933aa is Over-Utilized.
2023-06-27 18:42:12,803 [main] DEBUG balancer.ContainerBalancerTask (ContainerBalancerTask.java:lambda$initializeIteration$1(453)) - Datanode localhost-0.43.181.195 e9725ca9-6d93-493e-a615-8d7c01e40e9c is Over-Utilized.
2023-06-27 18:42:12,803 [main] DEBUG balancer.ContainerBalancerTask (ContainerBalancerTask.java:lambda$initializeIteration$2(459)) - Datanode localhost-100.172.16.143 12fece16-68fc-4087-8872-95165ef44b9d is Under-Utilized.
2023-06-27 18:42:12,803 [main] DEBUG balancer.ContainerBalancerTask (ContainerBalancerTask.java:lambda$initializeIteration$2(459)) - Datanode localhost-132.51.8.14 c528def6-d961-4c40-b955-eb0d4935cbdf is Under-Utilized.
2023-06-27 18:42:12,805 [main] DEBUG balancer.ContainerBalancerTask (ContainerBalancerTask.java:matchSourceWithTarget(706)) - ContainerBalancer is finding suitable target for source datanode f6756ff9-0196-427b-b4cc-b42e5f7d592c
2023-06-27 18:42:12,806 [main] INFO  balancer.ContainerBalancerTask (ContainerBalancerTask.java:matchSourceWithTarget(720)) - ContainerBalancer matched source datanode f6756ff9-0196-427b-b4cc-b42e5f7d592c with target datanode 12fece16-68fc-4087-8872-95165ef44b9d for container move.
2023-06-27 18:42:12,806 [main] INFO  balancer.ContainerBalancerTask (ContainerBalancerTask.java:processMoveSelection(569)) - ContainerBalancer is trying to move container #85 with size 5368709120B from source datanode f6756ff9-0196-427b-b4cc-b42e5f7d592c to target datanode 12fece16-68fc-4087-8872-95165ef44b9d
2023-06-27 18:42:12,806 [main] DEBUG balancer.ContainerBalancerTask (ContainerBalancerTask.java:lambda$moveContainer$3(834)) - Container move completed for container #85 from source f6756ff9-0196-427b-b4cc-b42e5f7d592c to target 12fece16-68fc-4087-8872-95165ef44b9d
2023-06-27 18:42:12,808 [main] DEBUG balancer.ContainerBalancerTask (ContainerBalancerTask.java:matchSourceWithTarget(706)) - ContainerBalancer is finding suitable target for source datanode f6756ff9-0196-427b-b4cc-b42e5f7d592c
2023-06-27 18:42:12,808 [main] INFO  balancer.ContainerBalancerTask (ContainerBalancerTask.java:matchSourceWithTarget(720)) - ContainerBalancer matched source datanode f6756ff9-0196-427b-b4cc-b42e5f7d592c with target datanode c528def6-d961-4c40-b955-eb0d4935cbdf for container move.
2023-06-27 18:42:12,808 [main] INFO  balancer.ContainerBalancerTask (ContainerBalancerTask.java:processMoveSelection(569)) - ContainerBalancer is trying to move container #53 with size 5368709120B from source datanode f6756ff9-0196-427b-b4cc-b42e5f7d592c to target datanode c528def6-d961-4c40-b955-eb0d4935cbdf
2023-06-27 18:42:12,809 [main] DEBUG balancer.ContainerBalancerTask (ContainerBalancerTask.java:lambda$moveContainer$3(834)) - Container move completed for container #53 from source f6756ff9-0196-427b-b4cc-b42e5f7d592c to target c528def6-d961-4c40-b955-eb0d4935cbdf
2023-06-27 18:42:12,811 [main] DEBUG balancer.ContainerBalancerTask (ContainerBalancerTask.java:matchSourceWithTarget(706)) - ContainerBalancer is finding suitable target for source datanode 6187f75d-e45f-4018-a281-bb56976d837a
2023-06-27 18:42:12,811 [main] INFO  balancer.ContainerBalancerTask (ContainerBalancerTask.java:matchSourceWithTarget(720)) - ContainerBalancer matched source datanode 6187f75d-e45f-4018-a281-bb56976d837a with target datanode c528def6-d961-4c40-b955-eb0d4935cbdf for container move.
2023-06-27 18:42:12,811 [main] INFO  balancer.ContainerBalancerTask (ContainerBalancerTask.java:processMoveSelection(569)) - ContainerBalancer is trying to move container #68 with size 5368709120B from source datanode 6187f75d-e45f-4018-a281-bb56976d837a to target datanode c528def6-d961-4c40-b955-eb0d4935cbdf
2023-06-27 18:42:12,811 [main] DEBUG balancer.ContainerBalancerTask (ContainerBalancerTask.java:lambda$moveContainer$3(834)) - Container move completed for container #68 from source 6187f75d-e45f-4018-a281-bb56976d837a to target c528def6-d961-4c40-b955-eb0d4935cbdf
2023-06-27 18:42:12,813 [main] DEBUG balancer.ContainerBalancerTask (ContainerBalancerTask.java:matchSourceWithTarget(706)) - ContainerBalancer is finding suitable target for source datanode f6756ff9-0196-427b-b4cc-b42e5f7d592c
2023-06-27 18:42:12,814 [main] INFO  balancer.ContainerBalancerTask (ContainerBalancerTask.java:matchSourceWithTarget(720)) - ContainerBalancer matched source datanode f6756ff9-0196-427b-b4cc-b42e5f7d592c with target datanode c528def6-d961-4c40-b955-eb0d4935cbdf for container move.
2023-06-27 18:42:12,814 [main] INFO  balancer.ContainerBalancerTask (ContainerBalancerTask.java:processMoveSelection(569)) - ContainerBalancer is trying to move container #84 with size 4294967296B from source datanode f6756ff9-0196-427b-b4cc-b42e5f7d592c to target datanode c528def6-d961-4c40-b955-eb0d4935cbdf
2023-06-27 18:42:12,814 [main] DEBUG balancer.ContainerBalancerTask (ContainerBalancerTask.java:lambda$moveContainer$3(834)) - Container move completed for container #84 from source f6756ff9-0196-427b-b4cc-b42e5f7d592c to target c528def6-d961-4c40-b955-eb0d4935cbdf
2023-06-27 18:42:12,816 [main] DEBUG balancer.ContainerBalancerTask (ContainerBalancerTask.java:matchSourceWithTarget(706)) - ContainerBalancer is finding suitable target for source datanode 6187f75d-e45f-4018-a281-bb56976d837a
2023-06-27 18:42:12,816 [main] INFO  balancer.ContainerBalancerTask (ContainerBalancerTask.java:matchSourceWithTarget(720)) - ContainerBalancer matched source datanode 6187f75d-e45f-4018-a281-bb56976d837a with target datanode c528def6-d961-4c40-b955-eb0d4935cbdf for container move.
2023-06-27 18:42:12,816 [main] INFO  balancer.ContainerBalancerTask (ContainerBalancerTask.java:processMoveSelection(569)) - ContainerBalancer is trying to move container #71 with size 3221225472B from source datanode 6187f75d-e45f-4018-a281-bb56976d837a to target datanode c528def6-d961-4c40-b955-eb0d4935cbdf
2023-06-27 18:42:12,816 [main] DEBUG balancer.ContainerBalancerTask (ContainerBalancerTask.java:lambda$moveContainer$3(834)) - Container move completed for container #71 from source 6187f75d-e45f-4018-a281-bb56976d837a to target c528def6-d961-4c40-b955-eb0d4935cbdf
2023-06-27 18:42:12,819 [main] DEBUG balancer.ContainerBalancerTask (ContainerBalancerTask.java:matchSourceWithTarget(706)) - ContainerBalancer is finding suitable target for source datanode f03a10c2-24f0-44c8-bc4d-bd611dc8ad7f
2023-06-27 18:42:12,819 [main] INFO  balancer.ContainerBalancerTask (ContainerBalancerTask.java:matchSourceWithTarget(720)) - ContainerBalancer matched source datanode f03a10c2-24f0-44c8-bc4d-bd611dc8ad7f with target datanode c528def6-d961-4c40-b955-eb0d4935cbdf for container move.
2023-06-27 18:42:12,819 [main] INFO  balancer.ContainerBalancerTask (ContainerBalancerTask.java:processMoveSelection(569)) - ContainerBalancer is trying to move container #52 with size 4294967296B from source datanode f03a10c2-24f0-44c8-bc4d-bd611dc8ad7f to target datanode c528def6-d961-4c40-b955-eb0d4935cbdf
2023-06-27 18:42:12,819 [main] DEBUG balancer.ContainerBalancerTask (ContainerBalancerTask.java:lambda$moveContainer$3(834)) - Container move completed for container #52 from source f03a10c2-24f0-44c8-bc4d-bd611dc8ad7f to target c528def6-d961-4c40-b955-eb0d4935cbdf
2023-06-27 18:42:12,821 [main] DEBUG balancer.ContainerBalancerTask (ContainerBalancerTask.java:matchSourceWithTarget(706)) - ContainerBalancer is finding suitable target for source datanode 6187f75d-e45f-4018-a281-bb56976d837a
2023-06-27 18:42:12,822 [main] INFO  balancer.ContainerBalancerTask (ContainerBalancerTask.java:matchSourceWithTarget(720)) - ContainerBalancer matched source datanode 6187f75d-e45f-4018-a281-bb56976d837a with target datanode c528def6-d961-4c40-b955-eb0d4935cbdf for container move.
2023-06-27 18:42:12,822 [main] INFO  balancer.ContainerBalancerTask (ContainerBalancerTask.java:processMoveSelection(569)) - ContainerBalancer is trying to move container #66 with size 3221225472B from source datanode 6187f75d-e45f-4018-a281-bb56976d837a to target datanode c528def6-d961-4c40-b955-eb0d4935cbdf
2023-06-27 18:42:12,822 [main] DEBUG balancer.ContainerBalancerTask (ContainerBalancerTask.java:lambda$moveContainer$3(834)) - Container move completed for container #66 from source 6187f75d-e45f-4018-a281-bb56976d837a to target c528def6-d961-4c40-b955-eb0d4935cbdf
2023-06-27 18:42:12,824 [main] DEBUG balancer.ContainerBalancerTask (ContainerBalancerTask.java:matchSourceWithTarget(706)) - ContainerBalancer is finding suitable target for source datanode f6756ff9-0196-427b-b4cc-b42e5f7d592c
2023-06-27 18:42:12,825 [main] INFO  balancer.ContainerBalancerTask (ContainerBalancerTask.java:matchSourceWithTarget(720)) - ContainerBalancer matched source datanode f6756ff9-0196-427b-b4cc-b42e5f7d592c with target datanode c528def6-d961-4c40-b955-eb0d4935cbdf for container move.
2023-06-27 18:42:12,825 [main] INFO  balancer.ContainerBalancerTask (ContainerBalancerTask.java:processMoveSelection(569)) - ContainerBalancer is trying to move container #19 with size 4294967296B from source datanode f6756ff9-0196-427b-b4cc-b42e5f7d592c to target datanode c528def6-d961-4c40-b955-eb0d4935cbdf
2023-06-27 18:42:12,825 [main] DEBUG balancer.ContainerBalancerTask (ContainerBalancerTask.java:lambda$moveContainer$3(834)) - Container move completed for container #19 from source f6756ff9-0196-427b-b4cc-b42e5f7d592c to target c528def6-d961-4c40-b955-eb0d4935cbdf
2023-06-27 18:42:12,827 [main] DEBUG balancer.ContainerBalancerTask (ContainerBalancerTask.java:matchSourceWithTarget(706)) - ContainerBalancer is finding suitable target for source datanode f03a10c2-24f0-44c8-bc4d-bd611dc8ad7f
2023-06-27 18:42:12,827 [main] INFO  balancer.ContainerBalancerTask (ContainerBalancerTask.java:matchSourceWithTarget(720)) - ContainerBalancer matched source datanode f03a10c2-24f0-44c8-bc4d-bd611dc8ad7f with target datanode c528def6-d961-4c40-b955-eb0d4935cbdf for container move.
2023-06-27 18:42:12,828 [main] INFO  balancer.ContainerBalancerTask (ContainerBalancerTask.java:processMoveSelection(569)) - ContainerBalancer is trying to move container #38 with size 3221225472B from source datanode f03a10c2-24f0-44c8-bc4d-bd611dc8ad7f to target datanode c528def6-d961-4c40-b955-eb0d4935cbdf
2023-06-27 18:42:12,828 [main] DEBUG balancer.ContainerBalancerTask (ContainerBalancerTask.java:lambda$moveContainer$3(834)) - Container move completed for container #38 from source f03a10c2-24f0-44c8-bc4d-bd611dc8ad7f to target c528def6-d961-4c40-b955-eb0d4935cbdf
2023-06-27 18:42:12,830 [main] DEBUG balancer.ContainerBalancerTask (ContainerBalancerTask.java:matchSourceWithTarget(706)) - ContainerBalancer is finding suitable target for source datanode 6187f75d-e45f-4018-a281-bb56976d837a
2023-06-27 18:42:12,830 [main] INFO  balancer.ContainerBalancerTask (ContainerBalancerTask.java:matchSourceWithTarget(720)) - ContainerBalancer matched source datanode 6187f75d-e45f-4018-a281-bb56976d837a with target datanode c528def6-d961-4c40-b955-eb0d4935cbdf for container move.
2023-06-27 18:42:12,830 [main] INFO  balancer.ContainerBalancerTask (ContainerBalancerTask.java:processMoveSelection(569)) - ContainerBalancer is trying to move container #27 with size 3221225472B from source datanode 6187f75d-e45f-4018-a281-bb56976d837a to target datanode c528def6-d961-4c40-b955-eb0d4935cbdf
2023-06-27 18:42:12,831 [main] DEBUG balancer.ContainerBalancerTask (ContainerBalancerTask.java:lambda$moveContainer$3(834)) - Container move completed for container #27 from source 6187f75d-e45f-4018-a281-bb56976d837a to target c528def6-d961-4c40-b955-eb0d4935cbdf
2023-06-27 18:42:12,833 [main] DEBUG balancer.ContainerBalancerTask (ContainerBalancerTask.java:matchSourceWithTarget(706)) - ContainerBalancer is finding suitable target for source datanode 7c8b3037-85a2-4169-9705-f83a8a8933aa
2023-06-27 18:42:12,833 [main] INFO  balancer.ContainerBalancerTask (ContainerBalancerTask.java:matchSourceWithTarget(720)) - ContainerBalancer matched source datanode 7c8b3037-85a2-4169-9705-f83a8a8933aa with target datanode c528def6-d961-4c40-b955-eb0d4935cbdf for container move.
2023-06-27 18:42:12,833 [main] INFO  balancer.ContainerBalancerTask (ContainerBalancerTask.java:processMoveSelection(569)) - ContainerBalancer is trying to move container #40 with size 5368709120B from source datanode 7c8b3037-85a2-4169-9705-f83a8a8933aa to target datanode c528def6-d961-4c40-b955-eb0d4935cbdf
2023-06-27 18:42:12,834 [main] DEBUG balancer.ContainerBalancerTask (ContainerBalancerTask.java:lambda$moveContainer$3(834)) - Container move completed for container #40 from source 7c8b3037-85a2-4169-9705-f83a8a8933aa to target c528def6-d961-4c40-b955-eb0d4935cbdf
2023-06-27 18:42:12,836 [main] DEBUG balancer.ContainerBalancerTask (ContainerBalancerTask.java:matchSourceWithTarget(706)) - ContainerBalancer is finding suitable target for source datanode f03a10c2-24f0-44c8-bc4d-bd611dc8ad7f
2023-06-27 18:42:12,837 [main] INFO  balancer.ContainerBalancerTask (ContainerBalancerTask.java:matchSourceWithTarget(720)) - ContainerBalancer matched source datanode f03a10c2-24f0-44c8-bc4d-bd611dc8ad7f with target datanode c528def6-d961-4c40-b955-eb0d4935cbdf for container move.
2023-06-27 18:42:12,837 [main] INFO  balancer.ContainerBalancerTask (ContainerBalancerTask.java:processMoveSelection(569)) - ContainerBalancer is trying to move container #5 with size 2147483648B from source datanode f03a10c2-24f0-44c8-bc4d-bd611dc8ad7f to target datanode c528def6-d961-4c40-b955-eb0d4935cbdf
2023-06-27 18:42:12,837 [main] DEBUG balancer.ContainerBalancerTask (ContainerBalancerTask.java:lambda$moveContainer$3(834)) - Container move completed for container #5 from source f03a10c2-24f0-44c8-bc4d-bd611dc8ad7f to target c528def6-d961-4c40-b955-eb0d4935cbdf
2023-06-27 18:42:12,840 [main] DEBUG balancer.ContainerBalancerTask (ContainerBalancerTask.java:matchSourceWithTarget(706)) - ContainerBalancer is finding suitable target for source datanode f6756ff9-0196-427b-b4cc-b42e5f7d592c
2023-06-27 18:42:12,840 [main] INFO  balancer.ContainerBalancerTask (ContainerBalancerTask.java:matchSourceWithTarget(720)) - ContainerBalancer matched source datanode f6756ff9-0196-427b-b4cc-b42e5f7d592c with target datanode c528def6-d961-4c40-b955-eb0d4935cbdf for container move.
2023-06-27 18:42:12,840 [main] INFO  balancer.ContainerBalancerTask (ContainerBalancerTask.java:processMoveSelection(569)) - ContainerBalancer is trying to move container #88 with size 3221225472B from source datanode f6756ff9-0196-427b-b4cc-b42e5f7d592c to target datanode c528def6-d961-4c40-b955-eb0d4935cbdf
2023-06-27 18:42:12,840 [main] DEBUG balancer.ContainerBalancerTask (ContainerBalancerTask.java:lambda$moveContainer$3(834)) - Container move completed for container #88 from source f6756ff9-0196-427b-b4cc-b42e5f7d592c to target c528def6-d961-4c40-b955-eb0d4935cbdf
2023-06-27 18:42:12,843 [main] DEBUG balancer.ContainerBalancerTask (ContainerBalancerTask.java:matchSourceWithTarget(706)) - ContainerBalancer is finding suitable target for source datanode 6187f75d-e45f-4018-a281-bb56976d837a
2023-06-27 18:42:12,843 [main] INFO  balancer.ContainerBalancerTask (ContainerBalancerTask.java:matchSourceWithTarget(720)) - ContainerBalancer matched source datanode 6187f75d-e45f-4018-a281-bb56976d837a with target datanode c528def6-d961-4c40-b955-eb0d4935cbdf for container move.
2023-06-27 18:42:12,843 [main] INFO  balancer.ContainerBalancerTask (ContainerBalancerTask.java:processMoveSelection(569)) - ContainerBalancer is trying to move container #81 with size 1073741824B from source datanode 6187f75d-e45f-4018-a281-bb56976d837a to target datanode c528def6-d961-4c40-b955-eb0d4935cbdf
2023-06-27 18:42:12,843 [main] DEBUG balancer.ContainerBalancerTask (ContainerBalancerTask.java:lambda$moveContainer$3(834)) - Container move completed for container #81 from source 6187f75d-e45f-4018-a281-bb56976d837a to target c528def6-d961-4c40-b955-eb0d4935cbdf
2023-06-27 18:42:12,843 [main] WARN  balancer.ContainerBalancerTask (ContainerBalancerTask.java:reachedMaxSizeToMovePerIteration(731)) - Reached max size to move limit. 53687091200 bytes have already been scheduled for balancing and the limit is 53687091200 bytes.
2023-06-27 18:42:12,843 [main] INFO  balancer.ContainerBalancerTask (ContainerBalancerTask.java:checkIterationMoveResults(640)) - Iteration Summary. Number of Datanodes involved: 6. Size moved: 50 GB (53687091200 Bytes). Number of Container moves completed: 14.
2023-06-27 18:42:12,843 [main] INFO  balancer.ContainerBalancerTask (ContainerBalancerTask.java:balance(259)) - Result of this iteration of Container Balancer: ITERATION_COMPLETED
2023-06-27 18:42:12,843 [main] INFO  balancer.ContainerBalancerTask (ContainerBalancerTask.java:tryStopWithSaveConfiguration(308)) - Save Configuration for stopping. Reason: Completed all iterations.
2023-06-27 18:42:12,844 [main] DEBUG balancer.ContainerBalancerTask (ContainerBalancerTask.java:initializeIteration(374)) - Average utilization of the cluster is 0.3159529620592805
2023-06-27 18:42:12,844 [main] DEBUG balancer.ContainerBalancerTask (ContainerBalancerTask.java:initializeIteration(386)) - Lower limit for utilization is -0.2623918513527921 and Upper limit for utilization is 0.894297775471353
2023-06-27 18:42:12,844 [main] DEBUG balancer.ContainerBalancerTask (ContainerBalancerTask.java:initializeIteration(398)) - Utilization for node f6756ff9-0196-427b-b4cc-b42e5f7d592c with capacity 60845370026B, used 54760833024B, and remaining 6084537002B is 0.900000000009861
2023-06-27 18:42:12,844 [main] DEBUG balancer.ContainerBalancerTask (ContainerBalancerTask.java:initializeIteration(398)) - Utilization for node 6187f75d-e45f-4018-a281-bb56976d837a with capacity 60397977600B, used 48318382080B, and remaining 12079595520B is 0.8
2023-06-27 18:42:12,844 [main] DEBUG balancer.ContainerBalancerTask (ContainerBalancerTask.java:initializeIteration(398)) - Utilization for node f03a10c2-24f0-44c8-bc4d-bd611dc8ad7f with capacity 64424509440B, used 45097156608B, and remaining 19327352832B is 0.7
2023-06-27 18:42:12,844 [main] DEBUG balancer.ContainerBalancerTask (ContainerBalancerTask.java:initializeIteration(398)) - Utilization for node 7c8b3037-85a2-4169-9705-f83a8a8933aa with capacity 96636764160B, used 57982058496B, and remaining 38654705664B is 0.6
2023-06-27 18:42:12,844 [main] DEBUG balancer.ContainerBalancerTask (ContainerBalancerTask.java:initializeIteration(398)) - Utilization for node e9725ca9-6d93-493e-a615-8d7c01e40e9c with capacity 51539607552B, used 25769803776B, and remaining 25769803776B is 0.5
2023-06-27 18:42:12,845 [main] DEBUG balancer.ContainerBalancerTask (ContainerBalancerTask.java:initializeIteration(398)) - Utilization for node 267eb708-4a88-4eaa-979e-506819a6081d with capacity 99321118720B, used 39728447488B, and remaining 59592671232B is 0.4
2023-06-27 18:42:12,845 [main] DEBUG balancer.ContainerBalancerTask (ContainerBalancerTask.java:initializeIteration(398)) - Utilization for node 6cda17ab-62e1-4c97-baa7-1e14d7451676 with capacity 100215903573B, used 30064771072B, and remaining 70151132501B is 0.30000000000099786
2023-06-27 18:42:12,845 [main] DEBUG balancer.ContainerBalancerTask (ContainerBalancerTask.java:initializeIteration(398)) - Utilization for node 2da8c10f-2b50-47d8-a3d7-45c9a5e5a955 with capacity 144955146240B, used 28991029248B, and remaining 115964116992B is 0.2
2023-06-27 18:42:12,845 [main] DEBUG balancer.ContainerBalancerTask (ContainerBalancerTask.java:initializeIteration(398)) - Utilization for node c528def6-d961-4c40-b955-eb0d4935cbdf with capacity 515396075520B, used 51539607552B, and remaining 463856467968B is 0.1
2023-06-27 18:42:12,845 [main] DEBUG balancer.ContainerBalancerTask (ContainerBalancerTask.java:initializeIteration(398)) - Utilization for node 12fece16-68fc-4087-8872-95165ef44b9d with capacity 16106127360B, used 0B, and remaining 16106127360B is 0.0
2023-06-27 18:42:12,845 [main] INFO  balancer.ContainerBalancerTask (ContainerBalancerTask.java:initializeIteration(447)) - Container Balancer has identified 1 Over-Utilized and 0 Under-Utilized Datanodes that need to be balanced.
2023-06-27 18:42:12,845 [main] DEBUG balancer.ContainerBalancerTask (ContainerBalancerTask.java:lambda$initializeIteration$1(453)) - Datanode localhost-238.167.169.96 f6756ff9-0196-427b-b4cc-b42e5f7d592c is Over-Utilized.
2023-06-27 18:42:12,847 [main] DEBUG balancer.ContainerBalancerTask (ContainerBalancerTask.java:matchSourceWithTarget(706)) - ContainerBalancer is finding suitable target for source datanode f6756ff9-0196-427b-b4cc-b42e5f7d592c
2023-06-27 18:42:12,847 [main] INFO  balancer.FindTargetGreedyByUsageInfo (AbstractFindTargetGreedy.java:findTargetForContainerMove(133)) - Container Balancer could not find a target for source datanode f6756ff9-0196-427b-b4cc-b42e5f7d592c
2023-06-27 18:42:12,848 [main] DEBUG balancer.ContainerBalancerTask (ContainerBalancerTask.java:matchSourceWithTarget(715)) - ContainerBalancer could not find a suitable target for source node f6756ff9-0196-427b-b4cc-b42e5f7d592c.
2023-06-27 18:42:12,848 [main] INFO  balancer.FindSourceGreedy (FindSourceGreedy.java:getNextCandidateSourceDataNode(126)) - no more candidate source data node
2023-06-27 18:42:12,848 [main] INFO  balancer.ContainerBalancerTask (ContainerBalancerTask.java:balance(259)) - Result of this iteration of Container Balancer: CAN_NOT_BALANCE_ANY_MORE
2023-06-27 18:42:12,848 [main] INFO  balancer.ContainerBalancerTask (ContainerBalancerTask.java:tryStopWithSaveConfiguration(308)) - Save Configuration for stopping. Reason: CAN_NOT_BALANCE_ANY_MORE
2023-06-27 18:42:12,848 [main] DEBUG balancer.ContainerBalancerTask (ContainerBalancerTask.java:initializeIteration(374)) - Average utilization of the cluster is 0.3159529620592805
2023-06-27 18:42:12,848 [main] DEBUG balancer.ContainerBalancerTask (ContainerBalancerTask.java:initializeIteration(386)) - Lower limit for utilization is -0.5631904690882662 and Upper limit for utilization is 1.195096393206827
2023-06-27 18:42:12,848 [main] DEBUG balancer.ContainerBalancerTask (ContainerBalancerTask.java:initializeIteration(398)) - Utilization for node f6756ff9-0196-427b-b4cc-b42e5f7d592c with capacity 60845370026B, used 54760833024B, and remaining 6084537002B is 0.900000000009861
2023-06-27 18:42:12,849 [main] DEBUG balancer.ContainerBalancerTask (ContainerBalancerTask.java:initializeIteration(398)) - Utilization for node 6187f75d-e45f-4018-a281-bb56976d837a with capacity 60397977600B, used 48318382080B, and remaining 12079595520B is 0.8
2023-06-27 18:42:12,849 [main] DEBUG balancer.ContainerBalancerTask (ContainerBalancerTask.java:initializeIteration(398)) - Utilization for node f03a10c2-24f0-44c8-bc4d-bd611dc8ad7f with capacity 64424509440B, used 45097156608B, and remaining 19327352832B is 0.7
2023-06-27 18:42:12,849 [main] DEBUG balancer.ContainerBalancerTask (ContainerBalancerTask.java:initializeIteration(398)) - Utilization for node 7c8b3037-85a2-4169-9705-f83a8a8933aa with capacity 96636764160B, used 57982058496B, and remaining 38654705664B is 0.6
2023-06-27 18:42:12,849 [main] DEBUG balancer.ContainerBalancerTask (ContainerBalancerTask.java:initializeIteration(398)) - Utilization for node e9725ca9-6d93-493e-a615-8d7c01e40e9c with capacity 51539607552B, used 25769803776B, and remaining 25769803776B is 0.5
2023-06-27 18:42:12,849 [main] DEBUG balancer.ContainerBalancerTask (ContainerBalancerTask.java:initializeIteration(398)) - Utilization for node 267eb708-4a88-4eaa-979e-506819a6081d with capacity 99321118720B, used 39728447488B, and remaining 59592671232B is 0.4
2023-06-27 18:42:12,849 [main] DEBUG balancer.ContainerBalancerTask (ContainerBalancerTask.java:initializeIteration(398)) - Utilization for node 6cda17ab-62e1-4c97-baa7-1e14d7451676 with capacity 100215903573B, used 30064771072B, and remaining 70151132501B is 0.30000000000099786
2023-06-27 18:42:12,849 [main] DEBUG balancer.ContainerBalancerTask (ContainerBalancerTask.java:initializeIteration(398)) - Utilization for node 2da8c10f-2b50-47d8-a3d7-45c9a5e5a955 with capacity 144955146240B, used 28991029248B, and remaining 115964116992B is 0.2
2023-06-27 18:42:12,849 [main] DEBUG balancer.ContainerBalancerTask (ContainerBalancerTask.java:initializeIteration(398)) - Utilization for node c528def6-d961-4c40-b955-eb0d4935cbdf with capacity 515396075520B, used 51539607552B, and remaining 463856467968B is 0.1
2023-06-27 18:42:12,849 [main] DEBUG balancer.ContainerBalancerTask (ContainerBalancerTask.java:initializeIteration(398)) - Utilization for node 12fece16-68fc-4087-8872-95165ef44b9d with capacity 16106127360B, used 0B, and remaining 16106127360B is 0.0
2023-06-27 18:42:12,849 [main] INFO  balancer.ContainerBalancerTask (ContainerBalancerTask.java:initializeIteration(443)) - Did not find any unbalanced Datanodes.
2023-06-27 18:42:12,849 [main] INFO  balancer.ContainerBalancerTask (ContainerBalancerTask.java:tryStopWithSaveConfiguration(308)) - Save Configuration for stopping. Reason: Could not initialize ContainerBalancer's iteration number 0
2023-06-27 18:42:12,850 [main] DEBUG balancer.ContainerBalancerTask (ContainerBalancerTask.java:initializeIteration(374)) - Average utilization of the cluster is 0.3159529620592805
2023-06-27 18:42:12,850 [main] DEBUG balancer.ContainerBalancerTask (ContainerBalancerTask.java:initializeIteration(386)) - Lower limit for utilization is 0.013490320306109638 and Upper limit for utilization is 0.6184156038124513
2023-06-27 18:42:12,850 [main] DEBUG balancer.ContainerBalancerTask (ContainerBalancerTask.java:initializeIteration(398)) - Utilization for node f6756ff9-0196-427b-b4cc-b42e5f7d592c with capacity 60845370026B, used 54760833024B, and remaining 6084537002B is 0.900000000009861
2023-06-27 18:42:12,850 [main] DEBUG balancer.ContainerBalancerTask (ContainerBalancerTask.java:initializeIteration(398)) - Utilization for node 6187f75d-e45f-4018-a281-bb56976d837a with capacity 60397977600B, used 48318382080B, and remaining 12079595520B is 0.8
2023-06-27 18:42:12,850 [main] DEBUG balancer.ContainerBalancerTask (ContainerBalancerTask.java:initializeIteration(398)) - Utilization for node f03a10c2-24f0-44c8-bc4d-bd611dc8ad7f with capacity 64424509440B, used 45097156608B, and remaining 19327352832B is 0.7
2023-06-27 18:42:12,850 [main] DEBUG balancer.ContainerBalancerTask (ContainerBalancerTask.java:initializeIteration(398)) - Utilization for node 7c8b3037-85a2-4169-9705-f83a8a8933aa with capacity 96636764160B, used 57982058496B, and remaining 38654705664B is 0.6
2023-06-27 18:42:12,850 [main] DEBUG balancer.ContainerBalancerTask (ContainerBalancerTask.java:initializeIteration(398)) - Utilization for node e9725ca9-6d93-493e-a615-8d7c01e40e9c with capacity 51539607552B, used 25769803776B, and remaining 25769803776B is 0.5
2023-06-27 18:42:12,850 [main] DEBUG balancer.ContainerBalancerTask (ContainerBalancerTask.java:initializeIteration(398)) - Utilization for node 267eb708-4a88-4eaa-979e-506819a6081d with capacity 99321118720B, used 39728447488B, and remaining 59592671232B is 0.4
2023-06-27 18:42:12,851 [main] DEBUG balancer.ContainerBalancerTask (ContainerBalancerTask.java:initializeIteration(398)) - Utilization for node 6cda17ab-62e1-4c97-baa7-1e14d7451676 with capacity 100215903573B, used 30064771072B, and remaining 70151132501B is 0.30000000000099786
2023-06-27 18:42:12,851 [main] DEBUG balancer.ContainerBalancerTask (ContainerBalancerTask.java:initializeIteration(398)) - Utilization for node 2da8c10f-2b50-47d8-a3d7-45c9a5e5a955 with capacity 144955146240B, used 28991029248B, and remaining 115964116992B is 0.2
2023-06-27 18:42:12,851 [main] DEBUG balancer.ContainerBalancerTask (ContainerBalancerTask.java:initializeIteration(398)) - Utilization for node c528def6-d961-4c40-b955-eb0d4935cbdf with capacity 515396075520B, used 51539607552B, and remaining 463856467968B is 0.1
2023-06-27 18:42:12,851 [main] DEBUG balancer.ContainerBalancerTask (ContainerBalancerTask.java:initializeIteration(398)) - Utilization for node 12fece16-68fc-4087-8872-95165ef44b9d with capacity 16106127360B, used 0B, and remaining 16106127360B is 0.0
2023-06-27 18:42:12,851 [main] INFO  balancer.ContainerBalancerTask (ContainerBalancerTask.java:initializeIteration(447)) - Container Balancer has identified 3 Over-Utilized and 1 Under-Utilized Datanodes that need to be balanced.
2023-06-27 18:42:12,851 [main] DEBUG balancer.ContainerBalancerTask (ContainerBalancerTask.java:lambda$initializeIteration$1(453)) - Datanode localhost-238.167.169.96 f6756ff9-0196-427b-b4cc-b42e5f7d592c is Over-Utilized.
2023-06-27 18:42:12,851 [main] DEBUG balancer.ContainerBalancerTask (ContainerBalancerTask.java:lambda$initializeIteration$1(453)) - Datanode localhost-179.249.57.69 6187f75d-e45f-4018-a281-bb56976d837a is Over-Utilized.
2023-06-27 18:42:12,851 [main] DEBUG balancer.ContainerBalancerTask (ContainerBalancerTask.java:lambda$initializeIteration$1(453)) - Datanode localhost-226.29.25.54 f03a10c2-24f0-44c8-bc4d-bd611dc8ad7f is Over-Utilized.
2023-06-27 18:42:12,851 [main] DEBUG balancer.ContainerBalancerTask (ContainerBalancerTask.java:lambda$initializeIteration$2(459)) - Datanode localhost-100.172.16.143 12fece16-68fc-4087-8872-95165ef44b9d is Under-Utilized.
2023-06-27 18:42:12,854 [main] DEBUG balancer.ContainerBalancerTask (ContainerBalancerTask.java:matchSourceWithTarget(706)) - ContainerBalancer is finding suitable target for source datanode f6756ff9-0196-427b-b4cc-b42e5f7d592c
2023-06-27 18:42:12,854 [main] INFO  balancer.ContainerBalancerTask (ContainerBalancerTask.java:matchSourceWithTarget(720)) - ContainerBalancer matched source datanode f6756ff9-0196-427b-b4cc-b42e5f7d592c with target datanode 12fece16-68fc-4087-8872-95165ef44b9d for container move.
2023-06-27 18:42:12,854 [main] INFO  balancer.ContainerBalancerTask (ContainerBalancerTask.java:processMoveSelection(569)) - ContainerBalancer is trying to move container #85 with size 5368709120B from source datanode f6756ff9-0196-427b-b4cc-b42e5f7d592c to target datanode 12fece16-68fc-4087-8872-95165ef44b9d
2023-06-27 18:42:12,854 [main] DEBUG balancer.ContainerBalancerTask (ContainerBalancerTask.java:lambda$moveContainer$3(834)) - Container move completed for container #85 from source f6756ff9-0196-427b-b4cc-b42e5f7d592c to target 12fece16-68fc-4087-8872-95165ef44b9d
2023-06-27 18:42:12,856 [main] DEBUG balancer.ContainerBalancerTask (ContainerBalancerTask.java:matchSourceWithTarget(706)) - ContainerBalancer is finding suitable target for source datanode f6756ff9-0196-427b-b4cc-b42e5f7d592c
2023-06-27 18:42:12,856 [main] INFO  balancer.ContainerBalancerTask (ContainerBalancerTask.java:matchSourceWithTarget(720)) - ContainerBalancer matched source datanode f6756ff9-0196-427b-b4cc-b42e5f7d592c with target datanode 12fece16-68fc-4087-8872-95165ef44b9d for container move.
2023-06-27 18:42:12,857 [main] INFO  balancer.ContainerBalancerTask (ContainerBalancerTask.java:processMoveSelection(569)) - ContainerBalancer is trying to move container #89 with size 4294967296B from source datanode f6756ff9-0196-427b-b4cc-b42e5f7d592c to target datanode 12fece16-68fc-4087-8872-95165ef44b9d
2023-06-27 18:42:12,857 [main] DEBUG balancer.ContainerBalancerTask (ContainerBalancerTask.java:lambda$moveContainer$3(834)) - Container move completed for container #89 from source f6756ff9-0196-427b-b4cc-b42e5f7d592c to target 12fece16-68fc-4087-8872-95165ef44b9d
2023-06-27 18:42:12,859 [main] DEBUG balancer.ContainerBalancerTask (ContainerBalancerTask.java:matchSourceWithTarget(706)) - ContainerBalancer is finding suitable target for source datanode 6187f75d-e45f-4018-a281-bb56976d837a
2023-06-27 18:42:12,859 [main] INFO  balancer.FindTargetGreedyByUsageInfo (AbstractFindTargetGreedy.java:findTargetForContainerMove(133)) - Container Balancer could not find a target for source datanode 6187f75d-e45f-4018-a281-bb56976d837a
2023-06-27 18:42:12,860 [main] DEBUG balancer.ContainerBalancerTask (ContainerBalancerTask.java:matchSourceWithTarget(715)) - ContainerBalancer could not find a suitable target for source node 6187f75d-e45f-4018-a281-bb56976d837a.
2023-06-27 18:42:12,862 [main] DEBUG balancer.ContainerBalancerTask (ContainerBalancerTask.java:matchSourceWithTarget(706)) - ContainerBalancer is finding suitable target for source datanode f6756ff9-0196-427b-b4cc-b42e5f7d592c
2023-06-27 18:42:12,863 [main] INFO  balancer.FindTargetGreedyByUsageInfo (AbstractFindTargetGreedy.java:findTargetForContainerMove(133)) - Container Balancer could not find a target for source datanode f6756ff9-0196-427b-b4cc-b42e5f7d592c
2023-06-27 18:42:12,863 [main] DEBUG balancer.ContainerBalancerTask (ContainerBalancerTask.java:matchSourceWithTarget(715)) - ContainerBalancer could not find a suitable target for source node f6756ff9-0196-427b-b4cc-b42e5f7d592c.
2023-06-27 18:42:12,865 [main] DEBUG balancer.ContainerBalancerTask (ContainerBalancerTask.java:matchSourceWithTarget(706)) - ContainerBalancer is finding suitable target for source datanode f03a10c2-24f0-44c8-bc4d-bd611dc8ad7f
2023-06-27 18:42:12,866 [main] INFO  balancer.FindTargetGreedyByUsageInfo (AbstractFindTargetGreedy.java:findTargetForContainerMove(133)) - Container Balancer could not find a target for source datanode f03a10c2-24f0-44c8-bc4d-bd611dc8ad7f
2023-06-27 18:42:12,866 [main] DEBUG balancer.ContainerBalancerTask (ContainerBalancerTask.java:matchSourceWithTarget(715)) - ContainerBalancer could not find a suitable target for source node f03a10c2-24f0-44c8-bc4d-bd611dc8ad7f.
2023-06-27 18:42:12,866 [main] INFO  balancer.FindSourceGreedy (FindSourceGreedy.java:getNextCandidateSourceDataNode(126)) - no more candidate source data node
2023-06-27 18:42:12,866 [main] INFO  balancer.ContainerBalancerTask (ContainerBalancerTask.java:checkIterationMoveResults(640)) - Iteration Summary. Number of Datanodes involved: 2. Size moved: 9 GB (9663676416 Bytes). Number of Container moves completed: 2.
2023-06-27 18:42:12,866 [main] INFO  balancer.ContainerBalancerTask (ContainerBalancerTask.java:balance(259)) - Result of this iteration of Container Balancer: ITERATION_COMPLETED
2023-06-27 18:42:12,866 [main] INFO  balancer.ContainerBalancerTask (ContainerBalancerTask.java:tryStopWithSaveConfiguration(308)) - Save Configuration for stopping. Reason: Completed all iterations.
2023-06-27 18:42:12,867 [main] DEBUG balancer.ContainerBalancerTask (ContainerBalancerTask.java:initializeIteration(374)) - Average utilization of the cluster is 0.3159529620592805
2023-06-27 18:42:12,867 [main] DEBUG balancer.ContainerBalancerTask (ContainerBalancerTask.java:initializeIteration(386)) - Lower limit for utilization is -0.4277898320758894 and Upper limit for utilization is 1.0596957561944502
2023-06-27 18:42:12,867 [main] DEBUG balancer.ContainerBalancerTask (ContainerBalancerTask.java:initializeIteration(398)) - Utilization for node f6756ff9-0196-427b-b4cc-b42e5f7d592c with capacity 60845370026B, used 54760833024B, and remaining 6084537002B is 0.900000000009861
2023-06-27 18:42:12,867 [main] DEBUG balancer.ContainerBalancerTask (ContainerBalancerTask.java:initializeIteration(398)) - Utilization for node 6187f75d-e45f-4018-a281-bb56976d837a with capacity 60397977600B, used 48318382080B, and remaining 12079595520B is 0.8
2023-06-27 18:42:12,867 [main] DEBUG balancer.ContainerBalancerTask (ContainerBalancerTask.java:initializeIteration(398)) - Utilization for node f03a10c2-24f0-44c8-bc4d-bd611dc8ad7f with capacity 64424509440B, used 45097156608B, and remaining 19327352832B is 0.7
2023-06-27 18:42:12,867 [main] DEBUG balancer.ContainerBalancerTask (ContainerBalancerTask.java:initializeIteration(398)) - Utilization for node 7c8b3037-85a2-4169-9705-f83a8a8933aa with capacity 96636764160B, used 57982058496B, and remaining 38654705664B is 0.6
2023-06-27 18:42:12,867 [main] DEBUG balancer.ContainerBalancerTask (ContainerBalancerTask.java:initializeIteration(398)) - Utilization for node e9725ca9-6d93-493e-a615-8d7c01e40e9c with capacity 51539607552B, used 25769803776B, and remaining 25769803776B is 0.5
2023-06-27 18:42:12,867 [main] DEBUG balancer.ContainerBalancerTask (ContainerBalancerTask.java:initializeIteration(398)) - Utilization for node 267eb708-4a88-4eaa-979e-506819a6081d with capacity 99321118720B, used 39728447488B, and remaining 59592671232B is 0.4
2023-06-27 18:42:12,867 [main] DEBUG balancer.ContainerBalancerTask (ContainerBalancerTask.java:initializeIteration(398)) - Utilization for node 6cda17ab-62e1-4c97-baa7-1e14d7451676 with capacity 100215903573B, used 30064771072B, and remaining 70151132501B is 0.30000000000099786
2023-06-27 18:42:12,867 [main] DEBUG balancer.ContainerBalancerTask (ContainerBalancerTask.java:initializeIteration(398)) - Utilization for node 2da8c10f-2b50-47d8-a3d7-45c9a5e5a955 with capacity 144955146240B, used 28991029248B, and remaining 115964116992B is 0.2
2023-06-27 18:42:12,869 [main] DEBUG balancer.ContainerBalancerTask (ContainerBalancerTask.java:initializeIteration(398)) - Utilization for node c528def6-d961-4c40-b955-eb0d4935cbdf with capacity 515396075520B, used 51539607552B, and remaining 463856467968B is 0.1
2023-06-27 18:42:12,869 [main] DEBUG balancer.ContainerBalancerTask (ContainerBalancerTask.java:initializeIteration(398)) - Utilization for node 12fece16-68fc-4087-8872-95165ef44b9d with capacity 16106127360B, used 0B, and remaining 16106127360B is 0.0
2023-06-27 18:42:12,869 [main] INFO  balancer.ContainerBalancerTask (ContainerBalancerTask.java:initializeIteration(443)) - Did not find any unbalanced Datanodes.
2023-06-27 18:42:12,869 [main] INFO  balancer.ContainerBalancerTask (ContainerBalancerTask.java:tryStopWithSaveConfiguration(308)) - Save Configuration for stopping. Reason: Could not initialize ContainerBalancer's iteration number 0
]]></system-out>
  </testcase>
  <testcase name="balancerShouldObeyMaxSizeEnteringTargetLimit" classname="org.apache.hadoop.hdds.scm.container.balancer.TestContainerBalancerTask" time="0.481">
    <system-out><![CDATA[2023-06-27 18:42:12,891 [main] INFO  net.NodeSchemaLoader (NodeSchemaLoader.java:loadSchemaFromFile(129)) - Loading schema from [file:/home/runner/work/ozone/ozone/hadoop-hdds/common/target/classes/network-topology-default.xml]
2023-06-27 18:42:12,891 [main] INFO  net.NodeSchemaLoader (NodeSchemaLoader.java:loadSchema(176)) - Loading network topology layer schema file
2023-06-27 18:42:12,892 [main] INFO  net.NetworkTopologyImpl (NetworkTopologyImpl.java:add(112)) - Added a new node: /default-rack/8f597c02-4c20-4fab-9fa6-18de54acba94
2023-06-27 18:42:12,893 [main] INFO  net.NetworkTopologyImpl (NetworkTopologyImpl.java:add(112)) - Added a new node: /default-rack/d4fd8edc-4ea7-4c30-9a7b-3429128a089f
2023-06-27 18:42:12,893 [main] INFO  net.NetworkTopologyImpl (NetworkTopologyImpl.java:add(112)) - Added a new node: /default-rack/998b1ae8-5321-4855-86a6-eee805a41e5e
2023-06-27 18:42:12,893 [main] INFO  net.NetworkTopologyImpl (NetworkTopologyImpl.java:add(112)) - Added a new node: /default-rack/dc45bdee-755e-4940-b942-78934942b0f2
2023-06-27 18:42:12,893 [main] INFO  net.NetworkTopologyImpl (NetworkTopologyImpl.java:add(112)) - Added a new node: /default-rack/8556b5af-8541-409e-a5b1-1d42e28e210e
2023-06-27 18:42:12,893 [main] INFO  net.NetworkTopologyImpl (NetworkTopologyImpl.java:add(112)) - Added a new node: /default-rack/f002de1b-1137-4251-9847-02010c8fed0e
2023-06-27 18:42:12,893 [main] INFO  net.NetworkTopologyImpl (NetworkTopologyImpl.java:add(112)) - Added a new node: /default-rack/dc769c32-5c7a-48ff-8cf9-e3a8a271e7a9
2023-06-27 18:42:12,893 [main] INFO  net.NetworkTopologyImpl (NetworkTopologyImpl.java:add(112)) - Added a new node: /default-rack/b23ffdb5-9fee-4f4c-8afa-707e1fb3e7f6
2023-06-27 18:42:12,893 [main] INFO  net.NetworkTopologyImpl (NetworkTopologyImpl.java:add(112)) - Added a new node: /default-rack/fa1867e8-27ad-4d18-83cc-df79bf8fe2a4
2023-06-27 18:42:12,893 [main] INFO  net.NetworkTopologyImpl (NetworkTopologyImpl.java:add(112)) - Added a new node: /default-rack/6afe8757-96f5-4606-b0cf-57bdf42ff4d9
2023-06-27 18:42:12,893 [main] INFO  algorithms.ContainerPlacementPolicyFactory (ContainerPlacementPolicyFactory.java:getPolicyInternal(86)) - Create container placement policy of type org.apache.hadoop.hdds.scm.container.placement.algorithms.SCMContainerPlacementRackAware
2023-06-27 18:42:12,894 [main] INFO  algorithms.ContainerPlacementPolicyFactory (ContainerPlacementPolicyFactory.java:getPolicyInternal(86)) - Create container placement policy of type org.apache.hadoop.hdds.scm.container.placement.algorithms.SCMContainerPlacementRackScatter
2023-06-27 18:42:12,896 [main] DEBUG balancer.ContainerBalancerTask (ContainerBalancerTask.java:initializeIteration(374)) - Average utilization of the cluster is 0.32373637382841025
2023-06-27 18:42:12,896 [main] DEBUG balancer.ContainerBalancerTask (ContainerBalancerTask.java:initializeIteration(386)) - Lower limit for utilization is 0.22373637382841025 and Upper limit for utilization is 0.42373637382841023
2023-06-27 18:42:12,896 [main] DEBUG balancer.ContainerBalancerTask (ContainerBalancerTask.java:initializeIteration(398)) - Utilization for node 8556b5af-8541-409e-a5b1-1d42e28e210e with capacity 51300998257B, used 46170898432B, and remaining 5130099825B is 0.900000000013645
2023-06-27 18:42:12,896 [main] DEBUG balancer.ContainerBalancerTask (ContainerBalancerTask.java:initializeIteration(398)) - Utilization for node d4fd8edc-4ea7-4c30-9a7b-3429128a089f with capacity 71135395840B, used 56908316672B, and remaining 14227079168B is 0.8
2023-06-27 18:42:12,896 [main] DEBUG balancer.ContainerBalancerTask (ContainerBalancerTask.java:initializeIteration(398)) - Utilization for node dc45bdee-755e-4940-b942-78934942b0f2 with capacity 75161927680B, used 52613349376B, and remaining 22548578304B is 0.7
2023-06-27 18:42:12,896 [main] DEBUG balancer.ContainerBalancerTask (ContainerBalancerTask.java:initializeIteration(398)) - Utilization for node 6afe8757-96f5-4606-b0cf-57bdf42ff4d9 with capacity 96636764160B, used 57982058496B, and remaining 38654705664B is 0.6
2023-06-27 18:42:12,896 [main] DEBUG balancer.ContainerBalancerTask (ContainerBalancerTask.java:initializeIteration(398)) - Utilization for node fa1867e8-27ad-4d18-83cc-df79bf8fe2a4 with capacity 66571993088B, used 33285996544B, and remaining 33285996544B is 0.5
2023-06-27 18:42:12,897 [main] DEBUG balancer.ContainerBalancerTask (ContainerBalancerTask.java:initializeIteration(398)) - Utilization for node 8f597c02-4c20-4fab-9fa6-18de54acba94 with capacity 110058536960B, used 44023414784B, and remaining 66035122176B is 0.4
2023-06-27 18:42:12,897 [main] DEBUG balancer.ContainerBalancerTask (ContainerBalancerTask.java:initializeIteration(398)) - Utilization for node dc769c32-5c7a-48ff-8cf9-e3a8a271e7a9 with capacity 75161927680B, used 22548578304B, and remaining 52613349376B is 0.3
2023-06-27 18:42:12,897 [main] DEBUG balancer.ContainerBalancerTask (ContainerBalancerTask.java:initializeIteration(398)) - Utilization for node 998b1ae8-5321-4855-86a6-eee805a41e5e with capacity 225485783040B, used 45097156608B, and remaining 180388626432B is 0.2
2023-06-27 18:42:12,897 [main] DEBUG balancer.ContainerBalancerTask (ContainerBalancerTask.java:initializeIteration(398)) - Utilization for node f002de1b-1137-4251-9847-02010c8fed0e with capacity 461708984320B, used 46170898432B, and remaining 415538085888B is 0.1
2023-06-27 18:42:12,897 [main] DEBUG balancer.ContainerBalancerTask (ContainerBalancerTask.java:initializeIteration(398)) - Utilization for node b23ffdb5-9fee-4f4c-8afa-707e1fb3e7f6 with capacity 17179869184B, used 0B, and remaining 17179869184B is 0.0
2023-06-27 18:42:12,897 [main] INFO  balancer.ContainerBalancerTask (ContainerBalancerTask.java:initializeIteration(447)) - Container Balancer has identified 5 Over-Utilized and 3 Under-Utilized Datanodes that need to be balanced.
2023-06-27 18:42:12,897 [main] DEBUG balancer.ContainerBalancerTask (ContainerBalancerTask.java:lambda$initializeIteration$1(453)) - Datanode localhost-184.143.29.73 8556b5af-8541-409e-a5b1-1d42e28e210e is Over-Utilized.
2023-06-27 18:42:12,897 [main] DEBUG balancer.ContainerBalancerTask (ContainerBalancerTask.java:lambda$initializeIteration$1(453)) - Datanode localhost-135.94.91.10 d4fd8edc-4ea7-4c30-9a7b-3429128a089f is Over-Utilized.
2023-06-27 18:42:12,897 [main] DEBUG balancer.ContainerBalancerTask (ContainerBalancerTask.java:lambda$initializeIteration$1(453)) - Datanode localhost-109.91.187.243 dc45bdee-755e-4940-b942-78934942b0f2 is Over-Utilized.
2023-06-27 18:42:12,897 [main] DEBUG balancer.ContainerBalancerTask (ContainerBalancerTask.java:lambda$initializeIteration$1(453)) - Datanode localhost-182.87.156.187 6afe8757-96f5-4606-b0cf-57bdf42ff4d9 is Over-Utilized.
2023-06-27 18:42:12,897 [main] DEBUG balancer.ContainerBalancerTask (ContainerBalancerTask.java:lambda$initializeIteration$1(453)) - Datanode localhost-24.99.139.142 fa1867e8-27ad-4d18-83cc-df79bf8fe2a4 is Over-Utilized.
2023-06-27 18:42:12,897 [main] DEBUG balancer.ContainerBalancerTask (ContainerBalancerTask.java:lambda$initializeIteration$2(459)) - Datanode localhost-212.199.209.33 b23ffdb5-9fee-4f4c-8afa-707e1fb3e7f6 is Under-Utilized.
2023-06-27 18:42:12,898 [main] DEBUG balancer.ContainerBalancerTask (ContainerBalancerTask.java:lambda$initializeIteration$2(459)) - Datanode localhost-61.70.235.114 f002de1b-1137-4251-9847-02010c8fed0e is Under-Utilized.
2023-06-27 18:42:12,898 [main] DEBUG balancer.ContainerBalancerTask (ContainerBalancerTask.java:lambda$initializeIteration$2(459)) - Datanode localhost-35.103.229.218 998b1ae8-5321-4855-86a6-eee805a41e5e is Under-Utilized.
2023-06-27 18:42:12,900 [main] DEBUG balancer.ContainerBalancerTask (ContainerBalancerTask.java:matchSourceWithTarget(706)) - ContainerBalancer is finding suitable target for source datanode 8556b5af-8541-409e-a5b1-1d42e28e210e
2023-06-27 18:42:12,902 [main] INFO  balancer.FindTargetGreedyByUsageInfo (AbstractFindTargetGreedy.java:findTargetForContainerMove(133)) - Container Balancer could not find a target for source datanode 8556b5af-8541-409e-a5b1-1d42e28e210e
2023-06-27 18:42:12,902 [main] DEBUG balancer.ContainerBalancerTask (ContainerBalancerTask.java:matchSourceWithTarget(715)) - ContainerBalancer could not find a suitable target for source node 8556b5af-8541-409e-a5b1-1d42e28e210e.
2023-06-27 18:42:12,904 [main] DEBUG balancer.ContainerBalancerTask (ContainerBalancerTask.java:matchSourceWithTarget(706)) - ContainerBalancer is finding suitable target for source datanode d4fd8edc-4ea7-4c30-9a7b-3429128a089f
2023-06-27 18:42:12,906 [main] INFO  balancer.FindTargetGreedyByUsageInfo (AbstractFindTargetGreedy.java:findTargetForContainerMove(133)) - Container Balancer could not find a target for source datanode d4fd8edc-4ea7-4c30-9a7b-3429128a089f
2023-06-27 18:42:12,906 [main] DEBUG balancer.ContainerBalancerTask (ContainerBalancerTask.java:matchSourceWithTarget(715)) - ContainerBalancer could not find a suitable target for source node d4fd8edc-4ea7-4c30-9a7b-3429128a089f.
2023-06-27 18:42:12,908 [main] DEBUG balancer.ContainerBalancerTask (ContainerBalancerTask.java:matchSourceWithTarget(706)) - ContainerBalancer is finding suitable target for source datanode dc45bdee-755e-4940-b942-78934942b0f2
2023-06-27 18:42:12,910 [main] INFO  balancer.FindTargetGreedyByUsageInfo (AbstractFindTargetGreedy.java:findTargetForContainerMove(133)) - Container Balancer could not find a target for source datanode dc45bdee-755e-4940-b942-78934942b0f2
2023-06-27 18:42:12,910 [main] DEBUG balancer.ContainerBalancerTask (ContainerBalancerTask.java:matchSourceWithTarget(715)) - ContainerBalancer could not find a suitable target for source node dc45bdee-755e-4940-b942-78934942b0f2.
2023-06-27 18:42:12,913 [main] DEBUG balancer.ContainerBalancerTask (ContainerBalancerTask.java:matchSourceWithTarget(706)) - ContainerBalancer is finding suitable target for source datanode 6afe8757-96f5-4606-b0cf-57bdf42ff4d9
2023-06-27 18:42:12,915 [main] INFO  balancer.FindTargetGreedyByUsageInfo (AbstractFindTargetGreedy.java:findTargetForContainerMove(133)) - Container Balancer could not find a target for source datanode 6afe8757-96f5-4606-b0cf-57bdf42ff4d9
2023-06-27 18:42:12,915 [main] DEBUG balancer.ContainerBalancerTask (ContainerBalancerTask.java:matchSourceWithTarget(715)) - ContainerBalancer could not find a suitable target for source node 6afe8757-96f5-4606-b0cf-57bdf42ff4d9.
2023-06-27 18:42:12,916 [main] DEBUG balancer.ContainerBalancerTask (ContainerBalancerTask.java:matchSourceWithTarget(706)) - ContainerBalancer is finding suitable target for source datanode fa1867e8-27ad-4d18-83cc-df79bf8fe2a4
2023-06-27 18:42:12,918 [main] INFO  balancer.FindTargetGreedyByUsageInfo (AbstractFindTargetGreedy.java:findTargetForContainerMove(133)) - Container Balancer could not find a target for source datanode fa1867e8-27ad-4d18-83cc-df79bf8fe2a4
2023-06-27 18:42:12,918 [main] DEBUG balancer.ContainerBalancerTask (ContainerBalancerTask.java:matchSourceWithTarget(715)) - ContainerBalancer could not find a suitable target for source node fa1867e8-27ad-4d18-83cc-df79bf8fe2a4.
2023-06-27 18:42:12,918 [main] INFO  balancer.FindSourceGreedy (FindSourceGreedy.java:getNextCandidateSourceDataNode(126)) - no more candidate source data node
2023-06-27 18:42:12,918 [main] INFO  balancer.ContainerBalancerTask (ContainerBalancerTask.java:balance(259)) - Result of this iteration of Container Balancer: CAN_NOT_BALANCE_ANY_MORE
2023-06-27 18:42:12,918 [main] INFO  balancer.ContainerBalancerTask (ContainerBalancerTask.java:tryStopWithSaveConfiguration(308)) - Save Configuration for stopping. Reason: CAN_NOT_BALANCE_ANY_MORE
2023-06-27 18:42:12,929 [main] DEBUG balancer.ContainerBalancerTask (ContainerBalancerTask.java:initializeIteration(374)) - Average utilization of the cluster is 0.32373637382841025
2023-06-27 18:42:12,929 [main] DEBUG balancer.ContainerBalancerTask (ContainerBalancerTask.java:initializeIteration(386)) - Lower limit for utilization is 0.22373637382841025 and Upper limit for utilization is 0.42373637382841023
2023-06-27 18:42:12,929 [main] DEBUG balancer.ContainerBalancerTask (ContainerBalancerTask.java:initializeIteration(398)) - Utilization for node 8556b5af-8541-409e-a5b1-1d42e28e210e with capacity 51300998257B, used 46170898432B, and remaining 5130099825B is 0.900000000013645
2023-06-27 18:42:12,929 [main] DEBUG balancer.ContainerBalancerTask (ContainerBalancerTask.java:initializeIteration(398)) - Utilization for node d4fd8edc-4ea7-4c30-9a7b-3429128a089f with capacity 71135395840B, used 56908316672B, and remaining 14227079168B is 0.8
2023-06-27 18:42:12,929 [main] DEBUG balancer.ContainerBalancerTask (ContainerBalancerTask.java:initializeIteration(398)) - Utilization for node dc45bdee-755e-4940-b942-78934942b0f2 with capacity 75161927680B, used 52613349376B, and remaining 22548578304B is 0.7
2023-06-27 18:42:12,929 [main] DEBUG balancer.ContainerBalancerTask (ContainerBalancerTask.java:initializeIteration(398)) - Utilization for node 6afe8757-96f5-4606-b0cf-57bdf42ff4d9 with capacity 96636764160B, used 57982058496B, and remaining 38654705664B is 0.6
2023-06-27 18:42:12,929 [main] DEBUG balancer.ContainerBalancerTask (ContainerBalancerTask.java:initializeIteration(398)) - Utilization for node fa1867e8-27ad-4d18-83cc-df79bf8fe2a4 with capacity 66571993088B, used 33285996544B, and remaining 33285996544B is 0.5
2023-06-27 18:42:12,929 [main] DEBUG balancer.ContainerBalancerTask (ContainerBalancerTask.java:initializeIteration(398)) - Utilization for node 8f597c02-4c20-4fab-9fa6-18de54acba94 with capacity 110058536960B, used 44023414784B, and remaining 66035122176B is 0.4
2023-06-27 18:42:12,929 [main] DEBUG balancer.ContainerBalancerTask (ContainerBalancerTask.java:initializeIteration(398)) - Utilization for node dc769c32-5c7a-48ff-8cf9-e3a8a271e7a9 with capacity 75161927680B, used 22548578304B, and remaining 52613349376B is 0.3
2023-06-27 18:42:12,930 [main] DEBUG balancer.ContainerBalancerTask (ContainerBalancerTask.java:initializeIteration(398)) - Utilization for node 998b1ae8-5321-4855-86a6-eee805a41e5e with capacity 225485783040B, used 45097156608B, and remaining 180388626432B is 0.2
2023-06-27 18:42:12,930 [main] DEBUG balancer.ContainerBalancerTask (ContainerBalancerTask.java:initializeIteration(398)) - Utilization for node f002de1b-1137-4251-9847-02010c8fed0e with capacity 461708984320B, used 46170898432B, and remaining 415538085888B is 0.1
2023-06-27 18:42:12,930 [main] DEBUG balancer.ContainerBalancerTask (ContainerBalancerTask.java:initializeIteration(398)) - Utilization for node b23ffdb5-9fee-4f4c-8afa-707e1fb3e7f6 with capacity 17179869184B, used 0B, and remaining 17179869184B is 0.0
2023-06-27 18:42:12,930 [main] INFO  balancer.ContainerBalancerTask (ContainerBalancerTask.java:initializeIteration(447)) - Container Balancer has identified 5 Over-Utilized and 3 Under-Utilized Datanodes that need to be balanced.
2023-06-27 18:42:12,930 [main] DEBUG balancer.ContainerBalancerTask (ContainerBalancerTask.java:lambda$initializeIteration$1(453)) - Datanode localhost-184.143.29.73 8556b5af-8541-409e-a5b1-1d42e28e210e is Over-Utilized.
2023-06-27 18:42:12,930 [main] DEBUG balancer.ContainerBalancerTask (ContainerBalancerTask.java:lambda$initializeIteration$1(453)) - Datanode localhost-135.94.91.10 d4fd8edc-4ea7-4c30-9a7b-3429128a089f is Over-Utilized.
2023-06-27 18:42:12,930 [main] DEBUG balancer.ContainerBalancerTask (ContainerBalancerTask.java:lambda$initializeIteration$1(453)) - Datanode localhost-109.91.187.243 dc45bdee-755e-4940-b942-78934942b0f2 is Over-Utilized.
2023-06-27 18:42:12,930 [main] DEBUG balancer.ContainerBalancerTask (ContainerBalancerTask.java:lambda$initializeIteration$1(453)) - Datanode localhost-182.87.156.187 6afe8757-96f5-4606-b0cf-57bdf42ff4d9 is Over-Utilized.
2023-06-27 18:42:12,930 [main] DEBUG balancer.ContainerBalancerTask (ContainerBalancerTask.java:lambda$initializeIteration$1(453)) - Datanode localhost-24.99.139.142 fa1867e8-27ad-4d18-83cc-df79bf8fe2a4 is Over-Utilized.
2023-06-27 18:42:12,930 [main] DEBUG balancer.ContainerBalancerTask (ContainerBalancerTask.java:lambda$initializeIteration$2(459)) - Datanode localhost-212.199.209.33 b23ffdb5-9fee-4f4c-8afa-707e1fb3e7f6 is Under-Utilized.
2023-06-27 18:42:12,930 [main] DEBUG balancer.ContainerBalancerTask (ContainerBalancerTask.java:lambda$initializeIteration$2(459)) - Datanode localhost-61.70.235.114 f002de1b-1137-4251-9847-02010c8fed0e is Under-Utilized.
2023-06-27 18:42:12,930 [main] DEBUG balancer.ContainerBalancerTask (ContainerBalancerTask.java:lambda$initializeIteration$2(459)) - Datanode localhost-35.103.229.218 998b1ae8-5321-4855-86a6-eee805a41e5e is Under-Utilized.
2023-06-27 18:42:12,933 [main] DEBUG balancer.ContainerBalancerTask (ContainerBalancerTask.java:matchSourceWithTarget(706)) - ContainerBalancer is finding suitable target for source datanode 8556b5af-8541-409e-a5b1-1d42e28e210e
2023-06-27 18:42:12,933 [main] INFO  balancer.ContainerBalancerTask (ContainerBalancerTask.java:matchSourceWithTarget(720)) - ContainerBalancer matched source datanode 8556b5af-8541-409e-a5b1-1d42e28e210e with target datanode b23ffdb5-9fee-4f4c-8afa-707e1fb3e7f6 for container move.
2023-06-27 18:42:12,933 [main] INFO  balancer.ContainerBalancerTask (ContainerBalancerTask.java:processMoveSelection(569)) - ContainerBalancer is trying to move container #85 with size 5368709120B from source datanode 8556b5af-8541-409e-a5b1-1d42e28e210e to target datanode b23ffdb5-9fee-4f4c-8afa-707e1fb3e7f6
2023-06-27 18:42:12,933 [main] DEBUG balancer.ContainerBalancerTask (ContainerBalancerTask.java:lambda$moveContainer$3(834)) - Container move completed for container #85 from source 8556b5af-8541-409e-a5b1-1d42e28e210e to target b23ffdb5-9fee-4f4c-8afa-707e1fb3e7f6
2023-06-27 18:42:12,933 [main] DEBUG balancer.ContainerBalancerTask (ContainerBalancerTask.java:adaptOnReachingIterationLimits(780)) - Reached max datanodes to involve limit. 2 datanodes have already been selected for balancing and the limit is 2. Only already selected sources and targets can be involved in balancing now.
2023-06-27 18:42:12,935 [main] DEBUG balancer.ContainerBalancerTask (ContainerBalancerTask.java:matchSourceWithTarget(706)) - ContainerBalancer is finding suitable target for source datanode 8556b5af-8541-409e-a5b1-1d42e28e210e
2023-06-27 18:42:12,936 [main] INFO  balancer.ContainerBalancerTask (ContainerBalancerTask.java:matchSourceWithTarget(720)) - ContainerBalancer matched source datanode 8556b5af-8541-409e-a5b1-1d42e28e210e with target datanode b23ffdb5-9fee-4f4c-8afa-707e1fb3e7f6 for container move.
2023-06-27 18:42:12,936 [main] INFO  balancer.ContainerBalancerTask (ContainerBalancerTask.java:processMoveSelection(569)) - ContainerBalancer is trying to move container #86 with size 1073741824B from source datanode 8556b5af-8541-409e-a5b1-1d42e28e210e to target datanode b23ffdb5-9fee-4f4c-8afa-707e1fb3e7f6
2023-06-27 18:42:12,936 [main] DEBUG balancer.ContainerBalancerTask (ContainerBalancerTask.java:lambda$moveContainer$3(834)) - Container move completed for container #86 from source 8556b5af-8541-409e-a5b1-1d42e28e210e to target b23ffdb5-9fee-4f4c-8afa-707e1fb3e7f6
2023-06-27 18:42:12,938 [main] DEBUG balancer.ContainerBalancerTask (ContainerBalancerTask.java:matchSourceWithTarget(706)) - ContainerBalancer is finding suitable target for source datanode 8556b5af-8541-409e-a5b1-1d42e28e210e
2023-06-27 18:42:12,939 [main] INFO  balancer.FindTargetGreedyByUsageInfo (AbstractFindTargetGreedy.java:findTargetForContainerMove(133)) - Container Balancer could not find a target for source datanode 8556b5af-8541-409e-a5b1-1d42e28e210e
2023-06-27 18:42:12,939 [main] DEBUG balancer.ContainerBalancerTask (ContainerBalancerTask.java:matchSourceWithTarget(715)) - ContainerBalancer could not find a suitable target for source node 8556b5af-8541-409e-a5b1-1d42e28e210e.
2023-06-27 18:42:12,939 [main] INFO  balancer.FindSourceGreedy (FindSourceGreedy.java:getNextCandidateSourceDataNode(126)) - no more candidate source data node
2023-06-27 18:42:12,939 [main] INFO  balancer.ContainerBalancerTask (ContainerBalancerTask.java:checkIterationMoveResults(640)) - Iteration Summary. Number of Datanodes involved: 2. Size moved: 6 GB (6442450944 Bytes). Number of Container moves completed: 2.
2023-06-27 18:42:12,939 [main] INFO  balancer.ContainerBalancerTask (ContainerBalancerTask.java:balance(259)) - Result of this iteration of Container Balancer: ITERATION_COMPLETED
2023-06-27 18:42:12,941 [main] DEBUG balancer.ContainerBalancerTask (ContainerBalancerTask.java:initializeIteration(374)) - Average utilization of the cluster is 0.32373637382841025
2023-06-27 18:42:12,941 [main] DEBUG balancer.ContainerBalancerTask (ContainerBalancerTask.java:initializeIteration(386)) - Lower limit for utilization is 0.22373637382841025 and Upper limit for utilization is 0.42373637382841023
2023-06-27 18:42:12,941 [main] DEBUG balancer.ContainerBalancerTask (ContainerBalancerTask.java:initializeIteration(398)) - Utilization for node 8556b5af-8541-409e-a5b1-1d42e28e210e with capacity 51300998257B, used 46170898432B, and remaining 5130099825B is 0.900000000013645
2023-06-27 18:42:12,941 [main] DEBUG balancer.ContainerBalancerTask (ContainerBalancerTask.java:initializeIteration(398)) - Utilization for node d4fd8edc-4ea7-4c30-9a7b-3429128a089f with capacity 71135395840B, used 56908316672B, and remaining 14227079168B is 0.8
2023-06-27 18:42:12,941 [main] DEBUG balancer.ContainerBalancerTask (ContainerBalancerTask.java:initializeIteration(398)) - Utilization for node dc45bdee-755e-4940-b942-78934942b0f2 with capacity 75161927680B, used 52613349376B, and remaining 22548578304B is 0.7
2023-06-27 18:42:12,941 [main] DEBUG balancer.ContainerBalancerTask (ContainerBalancerTask.java:initializeIteration(398)) - Utilization for node 6afe8757-96f5-4606-b0cf-57bdf42ff4d9 with capacity 96636764160B, used 57982058496B, and remaining 38654705664B is 0.6
2023-06-27 18:42:12,941 [main] DEBUG balancer.ContainerBalancerTask (ContainerBalancerTask.java:initializeIteration(398)) - Utilization for node fa1867e8-27ad-4d18-83cc-df79bf8fe2a4 with capacity 66571993088B, used 33285996544B, and remaining 33285996544B is 0.5
2023-06-27 18:42:12,941 [main] DEBUG balancer.ContainerBalancerTask (ContainerBalancerTask.java:initializeIteration(398)) - Utilization for node 8f597c02-4c20-4fab-9fa6-18de54acba94 with capacity 110058536960B, used 44023414784B, and remaining 66035122176B is 0.4
2023-06-27 18:42:12,941 [main] DEBUG balancer.ContainerBalancerTask (ContainerBalancerTask.java:initializeIteration(398)) - Utilization for node dc769c32-5c7a-48ff-8cf9-e3a8a271e7a9 with capacity 75161927680B, used 22548578304B, and remaining 52613349376B is 0.3
2023-06-27 18:42:12,942 [main] DEBUG balancer.ContainerBalancerTask (ContainerBalancerTask.java:initializeIteration(398)) - Utilization for node 998b1ae8-5321-4855-86a6-eee805a41e5e with capacity 225485783040B, used 45097156608B, and remaining 180388626432B is 0.2
2023-06-27 18:42:12,942 [main] DEBUG balancer.ContainerBalancerTask (ContainerBalancerTask.java:initializeIteration(398)) - Utilization for node f002de1b-1137-4251-9847-02010c8fed0e with capacity 461708984320B, used 46170898432B, and remaining 415538085888B is 0.1
2023-06-27 18:42:12,942 [main] DEBUG balancer.ContainerBalancerTask (ContainerBalancerTask.java:initializeIteration(398)) - Utilization for node b23ffdb5-9fee-4f4c-8afa-707e1fb3e7f6 with capacity 17179869184B, used 0B, and remaining 17179869184B is 0.0
2023-06-27 18:42:12,942 [main] INFO  balancer.ContainerBalancerTask (ContainerBalancerTask.java:initializeIteration(447)) - Container Balancer has identified 5 Over-Utilized and 3 Under-Utilized Datanodes that need to be balanced.
2023-06-27 18:42:12,942 [main] DEBUG balancer.ContainerBalancerTask (ContainerBalancerTask.java:lambda$initializeIteration$1(453)) - Datanode localhost-184.143.29.73 8556b5af-8541-409e-a5b1-1d42e28e210e is Over-Utilized.
2023-06-27 18:42:12,942 [main] DEBUG balancer.ContainerBalancerTask (ContainerBalancerTask.java:lambda$initializeIteration$1(453)) - Datanode localhost-135.94.91.10 d4fd8edc-4ea7-4c30-9a7b-3429128a089f is Over-Utilized.
2023-06-27 18:42:12,942 [main] DEBUG balancer.ContainerBalancerTask (ContainerBalancerTask.java:lambda$initializeIteration$1(453)) - Datanode localhost-109.91.187.243 dc45bdee-755e-4940-b942-78934942b0f2 is Over-Utilized.
2023-06-27 18:42:12,942 [main] DEBUG balancer.ContainerBalancerTask (ContainerBalancerTask.java:lambda$initializeIteration$1(453)) - Datanode localhost-182.87.156.187 6afe8757-96f5-4606-b0cf-57bdf42ff4d9 is Over-Utilized.
2023-06-27 18:42:12,942 [main] DEBUG balancer.ContainerBalancerTask (ContainerBalancerTask.java:lambda$initializeIteration$1(453)) - Datanode localhost-24.99.139.142 fa1867e8-27ad-4d18-83cc-df79bf8fe2a4 is Over-Utilized.
2023-06-27 18:42:12,942 [main] DEBUG balancer.ContainerBalancerTask (ContainerBalancerTask.java:lambda$initializeIteration$2(459)) - Datanode localhost-212.199.209.33 b23ffdb5-9fee-4f4c-8afa-707e1fb3e7f6 is Under-Utilized.
2023-06-27 18:42:12,942 [main] DEBUG balancer.ContainerBalancerTask (ContainerBalancerTask.java:lambda$initializeIteration$2(459)) - Datanode localhost-61.70.235.114 f002de1b-1137-4251-9847-02010c8fed0e is Under-Utilized.
2023-06-27 18:42:12,942 [main] DEBUG balancer.ContainerBalancerTask (ContainerBalancerTask.java:lambda$initializeIteration$2(459)) - Datanode localhost-35.103.229.218 998b1ae8-5321-4855-86a6-eee805a41e5e is Under-Utilized.
2023-06-27 18:42:12,944 [main] DEBUG balancer.ContainerBalancerTask (ContainerBalancerTask.java:matchSourceWithTarget(706)) - ContainerBalancer is finding suitable target for source datanode 8556b5af-8541-409e-a5b1-1d42e28e210e
2023-06-27 18:42:12,945 [main] INFO  balancer.ContainerBalancerTask (ContainerBalancerTask.java:matchSourceWithTarget(720)) - ContainerBalancer matched source datanode 8556b5af-8541-409e-a5b1-1d42e28e210e with target datanode b23ffdb5-9fee-4f4c-8afa-707e1fb3e7f6 for container move.
2023-06-27 18:42:12,945 [main] INFO  balancer.ContainerBalancerTask (ContainerBalancerTask.java:processMoveSelection(569)) - ContainerBalancer is trying to move container #85 with size 5368709120B from source datanode 8556b5af-8541-409e-a5b1-1d42e28e210e to target datanode b23ffdb5-9fee-4f4c-8afa-707e1fb3e7f6
2023-06-27 18:42:12,945 [main] DEBUG balancer.ContainerBalancerTask (ContainerBalancerTask.java:lambda$moveContainer$3(834)) - Container move completed for container #85 from source 8556b5af-8541-409e-a5b1-1d42e28e210e to target b23ffdb5-9fee-4f4c-8afa-707e1fb3e7f6
2023-06-27 18:42:12,945 [main] DEBUG balancer.ContainerBalancerTask (ContainerBalancerTask.java:adaptOnReachingIterationLimits(780)) - Reached max datanodes to involve limit. 2 datanodes have already been selected for balancing and the limit is 2. Only already selected sources and targets can be involved in balancing now.
2023-06-27 18:42:12,947 [main] DEBUG balancer.ContainerBalancerTask (ContainerBalancerTask.java:matchSourceWithTarget(706)) - ContainerBalancer is finding suitable target for source datanode 8556b5af-8541-409e-a5b1-1d42e28e210e
2023-06-27 18:42:12,947 [main] INFO  balancer.ContainerBalancerTask (ContainerBalancerTask.java:matchSourceWithTarget(720)) - ContainerBalancer matched source datanode 8556b5af-8541-409e-a5b1-1d42e28e210e with target datanode b23ffdb5-9fee-4f4c-8afa-707e1fb3e7f6 for container move.
2023-06-27 18:42:12,948 [main] INFO  balancer.ContainerBalancerTask (ContainerBalancerTask.java:processMoveSelection(569)) - ContainerBalancer is trying to move container #86 with size 1073741824B from source datanode 8556b5af-8541-409e-a5b1-1d42e28e210e to target datanode b23ffdb5-9fee-4f4c-8afa-707e1fb3e7f6
2023-06-27 18:42:12,948 [main] DEBUG balancer.ContainerBalancerTask (ContainerBalancerTask.java:lambda$moveContainer$3(834)) - Container move completed for container #86 from source 8556b5af-8541-409e-a5b1-1d42e28e210e to target b23ffdb5-9fee-4f4c-8afa-707e1fb3e7f6
2023-06-27 18:42:12,950 [main] DEBUG balancer.ContainerBalancerTask (ContainerBalancerTask.java:matchSourceWithTarget(706)) - ContainerBalancer is finding suitable target for source datanode 8556b5af-8541-409e-a5b1-1d42e28e210e
2023-06-27 18:42:12,950 [main] INFO  balancer.FindTargetGreedyByUsageInfo (AbstractFindTargetGreedy.java:findTargetForContainerMove(133)) - Container Balancer could not find a target for source datanode 8556b5af-8541-409e-a5b1-1d42e28e210e
2023-06-27 18:42:12,950 [main] DEBUG balancer.ContainerBalancerTask (ContainerBalancerTask.java:matchSourceWithTarget(715)) - ContainerBalancer could not find a suitable target for source node 8556b5af-8541-409e-a5b1-1d42e28e210e.
2023-06-27 18:42:12,951 [main] INFO  balancer.FindSourceGreedy (FindSourceGreedy.java:getNextCandidateSourceDataNode(126)) - no more candidate source data node
2023-06-27 18:42:12,951 [main] INFO  balancer.ContainerBalancerTask (ContainerBalancerTask.java:checkIterationMoveResults(640)) - Iteration Summary. Number of Datanodes involved: 2. Size moved: 6 GB (6442450944 Bytes). Number of Container moves completed: 2.
2023-06-27 18:42:12,951 [main] INFO  balancer.ContainerBalancerTask (ContainerBalancerTask.java:balance(259)) - Result of this iteration of Container Balancer: ITERATION_COMPLETED
2023-06-27 18:42:12,952 [main] DEBUG balancer.ContainerBalancerTask (ContainerBalancerTask.java:initializeIteration(374)) - Average utilization of the cluster is 0.32373637382841025
2023-06-27 18:42:12,952 [main] DEBUG balancer.ContainerBalancerTask (ContainerBalancerTask.java:initializeIteration(386)) - Lower limit for utilization is 0.22373637382841025 and Upper limit for utilization is 0.42373637382841023
2023-06-27 18:42:12,952 [main] DEBUG balancer.ContainerBalancerTask (ContainerBalancerTask.java:initializeIteration(398)) - Utilization for node 8556b5af-8541-409e-a5b1-1d42e28e210e with capacity 51300998257B, used 46170898432B, and remaining 5130099825B is 0.900000000013645
2023-06-27 18:42:12,952 [main] DEBUG balancer.ContainerBalancerTask (ContainerBalancerTask.java:initializeIteration(398)) - Utilization for node d4fd8edc-4ea7-4c30-9a7b-3429128a089f with capacity 71135395840B, used 56908316672B, and remaining 14227079168B is 0.8
2023-06-27 18:42:12,953 [main] DEBUG balancer.ContainerBalancerTask (ContainerBalancerTask.java:initializeIteration(398)) - Utilization for node dc45bdee-755e-4940-b942-78934942b0f2 with capacity 75161927680B, used 52613349376B, and remaining 22548578304B is 0.7
2023-06-27 18:42:12,953 [main] DEBUG balancer.ContainerBalancerTask (ContainerBalancerTask.java:initializeIteration(398)) - Utilization for node 6afe8757-96f5-4606-b0cf-57bdf42ff4d9 with capacity 96636764160B, used 57982058496B, and remaining 38654705664B is 0.6
2023-06-27 18:42:12,953 [main] DEBUG balancer.ContainerBalancerTask (ContainerBalancerTask.java:initializeIteration(398)) - Utilization for node fa1867e8-27ad-4d18-83cc-df79bf8fe2a4 with capacity 66571993088B, used 33285996544B, and remaining 33285996544B is 0.5
2023-06-27 18:42:12,953 [main] DEBUG balancer.ContainerBalancerTask (ContainerBalancerTask.java:initializeIteration(398)) - Utilization for node 8f597c02-4c20-4fab-9fa6-18de54acba94 with capacity 110058536960B, used 44023414784B, and remaining 66035122176B is 0.4
2023-06-27 18:42:12,953 [main] DEBUG balancer.ContainerBalancerTask (ContainerBalancerTask.java:initializeIteration(398)) - Utilization for node dc769c32-5c7a-48ff-8cf9-e3a8a271e7a9 with capacity 75161927680B, used 22548578304B, and remaining 52613349376B is 0.3
2023-06-27 18:42:12,953 [main] DEBUG balancer.ContainerBalancerTask (ContainerBalancerTask.java:initializeIteration(398)) - Utilization for node 998b1ae8-5321-4855-86a6-eee805a41e5e with capacity 225485783040B, used 45097156608B, and remaining 180388626432B is 0.2
2023-06-27 18:42:12,953 [main] DEBUG balancer.ContainerBalancerTask (ContainerBalancerTask.java:initializeIteration(398)) - Utilization for node f002de1b-1137-4251-9847-02010c8fed0e with capacity 461708984320B, used 46170898432B, and remaining 415538085888B is 0.1
2023-06-27 18:42:12,953 [main] DEBUG balancer.ContainerBalancerTask (ContainerBalancerTask.java:initializeIteration(398)) - Utilization for node b23ffdb5-9fee-4f4c-8afa-707e1fb3e7f6 with capacity 17179869184B, used 0B, and remaining 17179869184B is 0.0
2023-06-27 18:42:12,953 [main] INFO  balancer.ContainerBalancerTask (ContainerBalancerTask.java:initializeIteration(447)) - Container Balancer has identified 5 Over-Utilized and 3 Under-Utilized Datanodes that need to be balanced.
2023-06-27 18:42:12,953 [main] DEBUG balancer.ContainerBalancerTask (ContainerBalancerTask.java:lambda$initializeIteration$1(453)) - Datanode localhost-184.143.29.73 8556b5af-8541-409e-a5b1-1d42e28e210e is Over-Utilized.
2023-06-27 18:42:12,953 [main] DEBUG balancer.ContainerBalancerTask (ContainerBalancerTask.java:lambda$initializeIteration$1(453)) - Datanode localhost-135.94.91.10 d4fd8edc-4ea7-4c30-9a7b-3429128a089f is Over-Utilized.
2023-06-27 18:42:12,953 [main] DEBUG balancer.ContainerBalancerTask (ContainerBalancerTask.java:lambda$initializeIteration$1(453)) - Datanode localhost-109.91.187.243 dc45bdee-755e-4940-b942-78934942b0f2 is Over-Utilized.
2023-06-27 18:42:12,953 [main] DEBUG balancer.ContainerBalancerTask (ContainerBalancerTask.java:lambda$initializeIteration$1(453)) - Datanode localhost-182.87.156.187 6afe8757-96f5-4606-b0cf-57bdf42ff4d9 is Over-Utilized.
2023-06-27 18:42:12,954 [main] DEBUG balancer.ContainerBalancerTask (ContainerBalancerTask.java:lambda$initializeIteration$1(453)) - Datanode localhost-24.99.139.142 fa1867e8-27ad-4d18-83cc-df79bf8fe2a4 is Over-Utilized.
2023-06-27 18:42:12,954 [main] DEBUG balancer.ContainerBalancerTask (ContainerBalancerTask.java:lambda$initializeIteration$2(459)) - Datanode localhost-212.199.209.33 b23ffdb5-9fee-4f4c-8afa-707e1fb3e7f6 is Under-Utilized.
2023-06-27 18:42:12,954 [main] DEBUG balancer.ContainerBalancerTask (ContainerBalancerTask.java:lambda$initializeIteration$2(459)) - Datanode localhost-61.70.235.114 f002de1b-1137-4251-9847-02010c8fed0e is Under-Utilized.
2023-06-27 18:42:12,954 [main] DEBUG balancer.ContainerBalancerTask (ContainerBalancerTask.java:lambda$initializeIteration$2(459)) - Datanode localhost-35.103.229.218 998b1ae8-5321-4855-86a6-eee805a41e5e is Under-Utilized.
2023-06-27 18:42:12,956 [main] DEBUG balancer.ContainerBalancerTask (ContainerBalancerTask.java:matchSourceWithTarget(706)) - ContainerBalancer is finding suitable target for source datanode 8556b5af-8541-409e-a5b1-1d42e28e210e
2023-06-27 18:42:12,956 [main] INFO  balancer.ContainerBalancerTask (ContainerBalancerTask.java:matchSourceWithTarget(720)) - ContainerBalancer matched source datanode 8556b5af-8541-409e-a5b1-1d42e28e210e with target datanode b23ffdb5-9fee-4f4c-8afa-707e1fb3e7f6 for container move.
2023-06-27 18:42:12,956 [main] INFO  balancer.ContainerBalancerTask (ContainerBalancerTask.java:processMoveSelection(569)) - ContainerBalancer is trying to move container #85 with size 5368709120B from source datanode 8556b5af-8541-409e-a5b1-1d42e28e210e to target datanode b23ffdb5-9fee-4f4c-8afa-707e1fb3e7f6
2023-06-27 18:42:12,956 [main] DEBUG balancer.ContainerBalancerTask (ContainerBalancerTask.java:lambda$moveContainer$3(834)) - Container move completed for container #85 from source 8556b5af-8541-409e-a5b1-1d42e28e210e to target b23ffdb5-9fee-4f4c-8afa-707e1fb3e7f6
2023-06-27 18:42:12,956 [main] DEBUG balancer.ContainerBalancerTask (ContainerBalancerTask.java:adaptOnReachingIterationLimits(780)) - Reached max datanodes to involve limit. 2 datanodes have already been selected for balancing and the limit is 2. Only already selected sources and targets can be involved in balancing now.
2023-06-27 18:42:12,958 [main] DEBUG balancer.ContainerBalancerTask (ContainerBalancerTask.java:matchSourceWithTarget(706)) - ContainerBalancer is finding suitable target for source datanode 8556b5af-8541-409e-a5b1-1d42e28e210e
2023-06-27 18:42:12,959 [main] INFO  balancer.ContainerBalancerTask (ContainerBalancerTask.java:matchSourceWithTarget(720)) - ContainerBalancer matched source datanode 8556b5af-8541-409e-a5b1-1d42e28e210e with target datanode b23ffdb5-9fee-4f4c-8afa-707e1fb3e7f6 for container move.
2023-06-27 18:42:12,959 [main] INFO  balancer.ContainerBalancerTask (ContainerBalancerTask.java:processMoveSelection(569)) - ContainerBalancer is trying to move container #86 with size 1073741824B from source datanode 8556b5af-8541-409e-a5b1-1d42e28e210e to target datanode b23ffdb5-9fee-4f4c-8afa-707e1fb3e7f6
2023-06-27 18:42:12,959 [main] DEBUG balancer.ContainerBalancerTask (ContainerBalancerTask.java:lambda$moveContainer$3(834)) - Container move completed for container #86 from source 8556b5af-8541-409e-a5b1-1d42e28e210e to target b23ffdb5-9fee-4f4c-8afa-707e1fb3e7f6
2023-06-27 18:42:12,961 [main] DEBUG balancer.ContainerBalancerTask (ContainerBalancerTask.java:matchSourceWithTarget(706)) - ContainerBalancer is finding suitable target for source datanode 8556b5af-8541-409e-a5b1-1d42e28e210e
2023-06-27 18:42:12,962 [main] INFO  balancer.FindTargetGreedyByUsageInfo (AbstractFindTargetGreedy.java:findTargetForContainerMove(133)) - Container Balancer could not find a target for source datanode 8556b5af-8541-409e-a5b1-1d42e28e210e
2023-06-27 18:42:12,962 [main] DEBUG balancer.ContainerBalancerTask (ContainerBalancerTask.java:matchSourceWithTarget(715)) - ContainerBalancer could not find a suitable target for source node 8556b5af-8541-409e-a5b1-1d42e28e210e.
2023-06-27 18:42:12,962 [main] INFO  balancer.FindSourceGreedy (FindSourceGreedy.java:getNextCandidateSourceDataNode(126)) - no more candidate source data node
2023-06-27 18:42:12,962 [main] INFO  balancer.ContainerBalancerTask (ContainerBalancerTask.java:checkIterationMoveResults(640)) - Iteration Summary. Number of Datanodes involved: 2. Size moved: 6 GB (6442450944 Bytes). Number of Container moves completed: 2.
2023-06-27 18:42:12,962 [main] INFO  balancer.ContainerBalancerTask (ContainerBalancerTask.java:balance(259)) - Result of this iteration of Container Balancer: ITERATION_COMPLETED
2023-06-27 18:42:12,964 [main] DEBUG balancer.ContainerBalancerTask (ContainerBalancerTask.java:initializeIteration(374)) - Average utilization of the cluster is 0.32373637382841025
2023-06-27 18:42:12,964 [main] DEBUG balancer.ContainerBalancerTask (ContainerBalancerTask.java:initializeIteration(386)) - Lower limit for utilization is 0.22373637382841025 and Upper limit for utilization is 0.42373637382841023
2023-06-27 18:42:12,964 [main] DEBUG balancer.ContainerBalancerTask (ContainerBalancerTask.java:initializeIteration(398)) - Utilization for node 8556b5af-8541-409e-a5b1-1d42e28e210e with capacity 51300998257B, used 46170898432B, and remaining 5130099825B is 0.900000000013645
2023-06-27 18:42:12,964 [main] DEBUG balancer.ContainerBalancerTask (ContainerBalancerTask.java:initializeIteration(398)) - Utilization for node d4fd8edc-4ea7-4c30-9a7b-3429128a089f with capacity 71135395840B, used 56908316672B, and remaining 14227079168B is 0.8
2023-06-27 18:42:12,964 [main] DEBUG balancer.ContainerBalancerTask (ContainerBalancerTask.java:initializeIteration(398)) - Utilization for node dc45bdee-755e-4940-b942-78934942b0f2 with capacity 75161927680B, used 52613349376B, and remaining 22548578304B is 0.7
2023-06-27 18:42:12,964 [main] DEBUG balancer.ContainerBalancerTask (ContainerBalancerTask.java:initializeIteration(398)) - Utilization for node 6afe8757-96f5-4606-b0cf-57bdf42ff4d9 with capacity 96636764160B, used 57982058496B, and remaining 38654705664B is 0.6
2023-06-27 18:42:12,964 [main] DEBUG balancer.ContainerBalancerTask (ContainerBalancerTask.java:initializeIteration(398)) - Utilization for node fa1867e8-27ad-4d18-83cc-df79bf8fe2a4 with capacity 66571993088B, used 33285996544B, and remaining 33285996544B is 0.5
2023-06-27 18:42:12,964 [main] DEBUG balancer.ContainerBalancerTask (ContainerBalancerTask.java:initializeIteration(398)) - Utilization for node 8f597c02-4c20-4fab-9fa6-18de54acba94 with capacity 110058536960B, used 44023414784B, and remaining 66035122176B is 0.4
2023-06-27 18:42:12,964 [main] DEBUG balancer.ContainerBalancerTask (ContainerBalancerTask.java:initializeIteration(398)) - Utilization for node dc769c32-5c7a-48ff-8cf9-e3a8a271e7a9 with capacity 75161927680B, used 22548578304B, and remaining 52613349376B is 0.3
2023-06-27 18:42:12,964 [main] DEBUG balancer.ContainerBalancerTask (ContainerBalancerTask.java:initializeIteration(398)) - Utilization for node 998b1ae8-5321-4855-86a6-eee805a41e5e with capacity 225485783040B, used 45097156608B, and remaining 180388626432B is 0.2
2023-06-27 18:42:12,964 [main] DEBUG balancer.ContainerBalancerTask (ContainerBalancerTask.java:initializeIteration(398)) - Utilization for node f002de1b-1137-4251-9847-02010c8fed0e with capacity 461708984320B, used 46170898432B, and remaining 415538085888B is 0.1
2023-06-27 18:42:12,964 [main] DEBUG balancer.ContainerBalancerTask (ContainerBalancerTask.java:initializeIteration(398)) - Utilization for node b23ffdb5-9fee-4f4c-8afa-707e1fb3e7f6 with capacity 17179869184B, used 0B, and remaining 17179869184B is 0.0
2023-06-27 18:42:12,964 [main] INFO  balancer.ContainerBalancerTask (ContainerBalancerTask.java:initializeIteration(447)) - Container Balancer has identified 5 Over-Utilized and 3 Under-Utilized Datanodes that need to be balanced.
2023-06-27 18:42:12,965 [main] DEBUG balancer.ContainerBalancerTask (ContainerBalancerTask.java:lambda$initializeIteration$1(453)) - Datanode localhost-184.143.29.73 8556b5af-8541-409e-a5b1-1d42e28e210e is Over-Utilized.
2023-06-27 18:42:12,966 [main] DEBUG balancer.ContainerBalancerTask (ContainerBalancerTask.java:lambda$initializeIteration$1(453)) - Datanode localhost-135.94.91.10 d4fd8edc-4ea7-4c30-9a7b-3429128a089f is Over-Utilized.
2023-06-27 18:42:12,966 [main] DEBUG balancer.ContainerBalancerTask (ContainerBalancerTask.java:lambda$initializeIteration$1(453)) - Datanode localhost-109.91.187.243 dc45bdee-755e-4940-b942-78934942b0f2 is Over-Utilized.
2023-06-27 18:42:12,966 [main] DEBUG balancer.ContainerBalancerTask (ContainerBalancerTask.java:lambda$initializeIteration$1(453)) - Datanode localhost-182.87.156.187 6afe8757-96f5-4606-b0cf-57bdf42ff4d9 is Over-Utilized.
2023-06-27 18:42:12,966 [main] DEBUG balancer.ContainerBalancerTask (ContainerBalancerTask.java:lambda$initializeIteration$1(453)) - Datanode localhost-24.99.139.142 fa1867e8-27ad-4d18-83cc-df79bf8fe2a4 is Over-Utilized.
2023-06-27 18:42:12,966 [main] DEBUG balancer.ContainerBalancerTask (ContainerBalancerTask.java:lambda$initializeIteration$2(459)) - Datanode localhost-212.199.209.33 b23ffdb5-9fee-4f4c-8afa-707e1fb3e7f6 is Under-Utilized.
2023-06-27 18:42:12,966 [main] DEBUG balancer.ContainerBalancerTask (ContainerBalancerTask.java:lambda$initializeIteration$2(459)) - Datanode localhost-61.70.235.114 f002de1b-1137-4251-9847-02010c8fed0e is Under-Utilized.
2023-06-27 18:42:12,967 [main] DEBUG balancer.ContainerBalancerTask (ContainerBalancerTask.java:lambda$initializeIteration$2(459)) - Datanode localhost-35.103.229.218 998b1ae8-5321-4855-86a6-eee805a41e5e is Under-Utilized.
2023-06-27 18:42:12,969 [main] DEBUG balancer.ContainerBalancerTask (ContainerBalancerTask.java:matchSourceWithTarget(706)) - ContainerBalancer is finding suitable target for source datanode 8556b5af-8541-409e-a5b1-1d42e28e210e
2023-06-27 18:42:12,969 [main] INFO  balancer.ContainerBalancerTask (ContainerBalancerTask.java:matchSourceWithTarget(720)) - ContainerBalancer matched source datanode 8556b5af-8541-409e-a5b1-1d42e28e210e with target datanode b23ffdb5-9fee-4f4c-8afa-707e1fb3e7f6 for container move.
2023-06-27 18:42:12,969 [main] INFO  balancer.ContainerBalancerTask (ContainerBalancerTask.java:processMoveSelection(569)) - ContainerBalancer is trying to move container #85 with size 5368709120B from source datanode 8556b5af-8541-409e-a5b1-1d42e28e210e to target datanode b23ffdb5-9fee-4f4c-8afa-707e1fb3e7f6
2023-06-27 18:42:12,969 [main] DEBUG balancer.ContainerBalancerTask (ContainerBalancerTask.java:lambda$moveContainer$3(834)) - Container move completed for container #85 from source 8556b5af-8541-409e-a5b1-1d42e28e210e to target b23ffdb5-9fee-4f4c-8afa-707e1fb3e7f6
2023-06-27 18:42:12,969 [main] DEBUG balancer.ContainerBalancerTask (ContainerBalancerTask.java:adaptOnReachingIterationLimits(780)) - Reached max datanodes to involve limit. 2 datanodes have already been selected for balancing and the limit is 2. Only already selected sources and targets can be involved in balancing now.
2023-06-27 18:42:12,971 [main] DEBUG balancer.ContainerBalancerTask (ContainerBalancerTask.java:matchSourceWithTarget(706)) - ContainerBalancer is finding suitable target for source datanode 8556b5af-8541-409e-a5b1-1d42e28e210e
2023-06-27 18:42:12,972 [main] INFO  balancer.ContainerBalancerTask (ContainerBalancerTask.java:matchSourceWithTarget(720)) - ContainerBalancer matched source datanode 8556b5af-8541-409e-a5b1-1d42e28e210e with target datanode b23ffdb5-9fee-4f4c-8afa-707e1fb3e7f6 for container move.
2023-06-27 18:42:12,972 [main] INFO  balancer.ContainerBalancerTask (ContainerBalancerTask.java:processMoveSelection(569)) - ContainerBalancer is trying to move container #86 with size 1073741824B from source datanode 8556b5af-8541-409e-a5b1-1d42e28e210e to target datanode b23ffdb5-9fee-4f4c-8afa-707e1fb3e7f6
2023-06-27 18:42:12,972 [main] DEBUG balancer.ContainerBalancerTask (ContainerBalancerTask.java:lambda$moveContainer$3(834)) - Container move completed for container #86 from source 8556b5af-8541-409e-a5b1-1d42e28e210e to target b23ffdb5-9fee-4f4c-8afa-707e1fb3e7f6
2023-06-27 18:42:12,974 [main] DEBUG balancer.ContainerBalancerTask (ContainerBalancerTask.java:matchSourceWithTarget(706)) - ContainerBalancer is finding suitable target for source datanode 8556b5af-8541-409e-a5b1-1d42e28e210e
2023-06-27 18:42:12,975 [main] INFO  balancer.FindTargetGreedyByUsageInfo (AbstractFindTargetGreedy.java:findTargetForContainerMove(133)) - Container Balancer could not find a target for source datanode 8556b5af-8541-409e-a5b1-1d42e28e210e
2023-06-27 18:42:12,975 [main] DEBUG balancer.ContainerBalancerTask (ContainerBalancerTask.java:matchSourceWithTarget(715)) - ContainerBalancer could not find a suitable target for source node 8556b5af-8541-409e-a5b1-1d42e28e210e.
2023-06-27 18:42:12,975 [main] INFO  balancer.FindSourceGreedy (FindSourceGreedy.java:getNextCandidateSourceDataNode(126)) - no more candidate source data node
2023-06-27 18:42:12,975 [main] INFO  balancer.ContainerBalancerTask (ContainerBalancerTask.java:checkIterationMoveResults(640)) - Iteration Summary. Number of Datanodes involved: 2. Size moved: 6 GB (6442450944 Bytes). Number of Container moves completed: 2.
2023-06-27 18:42:12,975 [main] INFO  balancer.ContainerBalancerTask (ContainerBalancerTask.java:balance(259)) - Result of this iteration of Container Balancer: ITERATION_COMPLETED
2023-06-27 18:42:12,977 [main] DEBUG balancer.ContainerBalancerTask (ContainerBalancerTask.java:initializeIteration(374)) - Average utilization of the cluster is 0.32373637382841025
2023-06-27 18:42:12,977 [main] DEBUG balancer.ContainerBalancerTask (ContainerBalancerTask.java:initializeIteration(386)) - Lower limit for utilization is 0.22373637382841025 and Upper limit for utilization is 0.42373637382841023
2023-06-27 18:42:12,977 [main] DEBUG balancer.ContainerBalancerTask (ContainerBalancerTask.java:initializeIteration(398)) - Utilization for node 8556b5af-8541-409e-a5b1-1d42e28e210e with capacity 51300998257B, used 46170898432B, and remaining 5130099825B is 0.900000000013645
2023-06-27 18:42:12,977 [main] DEBUG balancer.ContainerBalancerTask (ContainerBalancerTask.java:initializeIteration(398)) - Utilization for node d4fd8edc-4ea7-4c30-9a7b-3429128a089f with capacity 71135395840B, used 56908316672B, and remaining 14227079168B is 0.8
2023-06-27 18:42:12,977 [main] DEBUG balancer.ContainerBalancerTask (ContainerBalancerTask.java:initializeIteration(398)) - Utilization for node dc45bdee-755e-4940-b942-78934942b0f2 with capacity 75161927680B, used 52613349376B, and remaining 22548578304B is 0.7
2023-06-27 18:42:12,977 [main] DEBUG balancer.ContainerBalancerTask (ContainerBalancerTask.java:initializeIteration(398)) - Utilization for node 6afe8757-96f5-4606-b0cf-57bdf42ff4d9 with capacity 96636764160B, used 57982058496B, and remaining 38654705664B is 0.6
2023-06-27 18:42:12,977 [main] DEBUG balancer.ContainerBalancerTask (ContainerBalancerTask.java:initializeIteration(398)) - Utilization for node fa1867e8-27ad-4d18-83cc-df79bf8fe2a4 with capacity 66571993088B, used 33285996544B, and remaining 33285996544B is 0.5
2023-06-27 18:42:12,977 [main] DEBUG balancer.ContainerBalancerTask (ContainerBalancerTask.java:initializeIteration(398)) - Utilization for node 8f597c02-4c20-4fab-9fa6-18de54acba94 with capacity 110058536960B, used 44023414784B, and remaining 66035122176B is 0.4
2023-06-27 18:42:12,977 [main] DEBUG balancer.ContainerBalancerTask (ContainerBalancerTask.java:initializeIteration(398)) - Utilization for node dc769c32-5c7a-48ff-8cf9-e3a8a271e7a9 with capacity 75161927680B, used 22548578304B, and remaining 52613349376B is 0.3
2023-06-27 18:42:12,978 [main] DEBUG balancer.ContainerBalancerTask (ContainerBalancerTask.java:initializeIteration(398)) - Utilization for node 998b1ae8-5321-4855-86a6-eee805a41e5e with capacity 225485783040B, used 45097156608B, and remaining 180388626432B is 0.2
2023-06-27 18:42:12,978 [main] DEBUG balancer.ContainerBalancerTask (ContainerBalancerTask.java:initializeIteration(398)) - Utilization for node f002de1b-1137-4251-9847-02010c8fed0e with capacity 461708984320B, used 46170898432B, and remaining 415538085888B is 0.1
2023-06-27 18:42:12,978 [main] DEBUG balancer.ContainerBalancerTask (ContainerBalancerTask.java:initializeIteration(398)) - Utilization for node b23ffdb5-9fee-4f4c-8afa-707e1fb3e7f6 with capacity 17179869184B, used 0B, and remaining 17179869184B is 0.0
2023-06-27 18:42:12,978 [main] INFO  balancer.ContainerBalancerTask (ContainerBalancerTask.java:initializeIteration(447)) - Container Balancer has identified 5 Over-Utilized and 3 Under-Utilized Datanodes that need to be balanced.
2023-06-27 18:42:12,978 [main] DEBUG balancer.ContainerBalancerTask (ContainerBalancerTask.java:lambda$initializeIteration$1(453)) - Datanode localhost-184.143.29.73 8556b5af-8541-409e-a5b1-1d42e28e210e is Over-Utilized.
2023-06-27 18:42:12,978 [main] DEBUG balancer.ContainerBalancerTask (ContainerBalancerTask.java:lambda$initializeIteration$1(453)) - Datanode localhost-135.94.91.10 d4fd8edc-4ea7-4c30-9a7b-3429128a089f is Over-Utilized.
2023-06-27 18:42:12,978 [main] DEBUG balancer.ContainerBalancerTask (ContainerBalancerTask.java:lambda$initializeIteration$1(453)) - Datanode localhost-109.91.187.243 dc45bdee-755e-4940-b942-78934942b0f2 is Over-Utilized.
2023-06-27 18:42:12,978 [main] DEBUG balancer.ContainerBalancerTask (ContainerBalancerTask.java:lambda$initializeIteration$1(453)) - Datanode localhost-182.87.156.187 6afe8757-96f5-4606-b0cf-57bdf42ff4d9 is Over-Utilized.
2023-06-27 18:42:12,978 [main] DEBUG balancer.ContainerBalancerTask (ContainerBalancerTask.java:lambda$initializeIteration$1(453)) - Datanode localhost-24.99.139.142 fa1867e8-27ad-4d18-83cc-df79bf8fe2a4 is Over-Utilized.
2023-06-27 18:42:12,978 [main] DEBUG balancer.ContainerBalancerTask (ContainerBalancerTask.java:lambda$initializeIteration$2(459)) - Datanode localhost-212.199.209.33 b23ffdb5-9fee-4f4c-8afa-707e1fb3e7f6 is Under-Utilized.
2023-06-27 18:42:12,978 [main] DEBUG balancer.ContainerBalancerTask (ContainerBalancerTask.java:lambda$initializeIteration$2(459)) - Datanode localhost-61.70.235.114 f002de1b-1137-4251-9847-02010c8fed0e is Under-Utilized.
2023-06-27 18:42:12,978 [main] DEBUG balancer.ContainerBalancerTask (ContainerBalancerTask.java:lambda$initializeIteration$2(459)) - Datanode localhost-35.103.229.218 998b1ae8-5321-4855-86a6-eee805a41e5e is Under-Utilized.
2023-06-27 18:42:12,981 [main] DEBUG balancer.ContainerBalancerTask (ContainerBalancerTask.java:matchSourceWithTarget(706)) - ContainerBalancer is finding suitable target for source datanode 8556b5af-8541-409e-a5b1-1d42e28e210e
2023-06-27 18:42:12,981 [main] INFO  balancer.ContainerBalancerTask (ContainerBalancerTask.java:matchSourceWithTarget(720)) - ContainerBalancer matched source datanode 8556b5af-8541-409e-a5b1-1d42e28e210e with target datanode b23ffdb5-9fee-4f4c-8afa-707e1fb3e7f6 for container move.
2023-06-27 18:42:12,981 [main] INFO  balancer.ContainerBalancerTask (ContainerBalancerTask.java:processMoveSelection(569)) - ContainerBalancer is trying to move container #85 with size 5368709120B from source datanode 8556b5af-8541-409e-a5b1-1d42e28e210e to target datanode b23ffdb5-9fee-4f4c-8afa-707e1fb3e7f6
2023-06-27 18:42:12,981 [main] DEBUG balancer.ContainerBalancerTask (ContainerBalancerTask.java:lambda$moveContainer$3(834)) - Container move completed for container #85 from source 8556b5af-8541-409e-a5b1-1d42e28e210e to target b23ffdb5-9fee-4f4c-8afa-707e1fb3e7f6
2023-06-27 18:42:12,981 [main] DEBUG balancer.ContainerBalancerTask (ContainerBalancerTask.java:adaptOnReachingIterationLimits(780)) - Reached max datanodes to involve limit. 2 datanodes have already been selected for balancing and the limit is 2. Only already selected sources and targets can be involved in balancing now.
2023-06-27 18:42:12,983 [main] DEBUG balancer.ContainerBalancerTask (ContainerBalancerTask.java:matchSourceWithTarget(706)) - ContainerBalancer is finding suitable target for source datanode 8556b5af-8541-409e-a5b1-1d42e28e210e
2023-06-27 18:42:12,984 [main] INFO  balancer.ContainerBalancerTask (ContainerBalancerTask.java:matchSourceWithTarget(720)) - ContainerBalancer matched source datanode 8556b5af-8541-409e-a5b1-1d42e28e210e with target datanode b23ffdb5-9fee-4f4c-8afa-707e1fb3e7f6 for container move.
2023-06-27 18:42:12,984 [main] INFO  balancer.ContainerBalancerTask (ContainerBalancerTask.java:processMoveSelection(569)) - ContainerBalancer is trying to move container #86 with size 1073741824B from source datanode 8556b5af-8541-409e-a5b1-1d42e28e210e to target datanode b23ffdb5-9fee-4f4c-8afa-707e1fb3e7f6
2023-06-27 18:42:12,984 [main] DEBUG balancer.ContainerBalancerTask (ContainerBalancerTask.java:lambda$moveContainer$3(834)) - Container move completed for container #86 from source 8556b5af-8541-409e-a5b1-1d42e28e210e to target b23ffdb5-9fee-4f4c-8afa-707e1fb3e7f6
2023-06-27 18:42:12,986 [main] DEBUG balancer.ContainerBalancerTask (ContainerBalancerTask.java:matchSourceWithTarget(706)) - ContainerBalancer is finding suitable target for source datanode 8556b5af-8541-409e-a5b1-1d42e28e210e
2023-06-27 18:42:12,987 [main] INFO  balancer.FindTargetGreedyByUsageInfo (AbstractFindTargetGreedy.java:findTargetForContainerMove(133)) - Container Balancer could not find a target for source datanode 8556b5af-8541-409e-a5b1-1d42e28e210e
2023-06-27 18:42:12,987 [main] DEBUG balancer.ContainerBalancerTask (ContainerBalancerTask.java:matchSourceWithTarget(715)) - ContainerBalancer could not find a suitable target for source node 8556b5af-8541-409e-a5b1-1d42e28e210e.
2023-06-27 18:42:12,987 [main] INFO  balancer.FindSourceGreedy (FindSourceGreedy.java:getNextCandidateSourceDataNode(126)) - no more candidate source data node
2023-06-27 18:42:12,987 [main] INFO  balancer.ContainerBalancerTask (ContainerBalancerTask.java:checkIterationMoveResults(640)) - Iteration Summary. Number of Datanodes involved: 2. Size moved: 6 GB (6442450944 Bytes). Number of Container moves completed: 2.
2023-06-27 18:42:12,987 [main] INFO  balancer.ContainerBalancerTask (ContainerBalancerTask.java:balance(259)) - Result of this iteration of Container Balancer: ITERATION_COMPLETED
2023-06-27 18:42:12,988 [main] DEBUG balancer.ContainerBalancerTask (ContainerBalancerTask.java:initializeIteration(374)) - Average utilization of the cluster is 0.32373637382841025
2023-06-27 18:42:12,989 [main] DEBUG balancer.ContainerBalancerTask (ContainerBalancerTask.java:initializeIteration(386)) - Lower limit for utilization is 0.22373637382841025 and Upper limit for utilization is 0.42373637382841023
2023-06-27 18:42:12,989 [main] DEBUG balancer.ContainerBalancerTask (ContainerBalancerTask.java:initializeIteration(398)) - Utilization for node 8556b5af-8541-409e-a5b1-1d42e28e210e with capacity 51300998257B, used 46170898432B, and remaining 5130099825B is 0.900000000013645
2023-06-27 18:42:12,989 [main] DEBUG balancer.ContainerBalancerTask (ContainerBalancerTask.java:initializeIteration(398)) - Utilization for node d4fd8edc-4ea7-4c30-9a7b-3429128a089f with capacity 71135395840B, used 56908316672B, and remaining 14227079168B is 0.8
2023-06-27 18:42:12,989 [main] DEBUG balancer.ContainerBalancerTask (ContainerBalancerTask.java:initializeIteration(398)) - Utilization for node dc45bdee-755e-4940-b942-78934942b0f2 with capacity 75161927680B, used 52613349376B, and remaining 22548578304B is 0.7
2023-06-27 18:42:12,989 [main] DEBUG balancer.ContainerBalancerTask (ContainerBalancerTask.java:initializeIteration(398)) - Utilization for node 6afe8757-96f5-4606-b0cf-57bdf42ff4d9 with capacity 96636764160B, used 57982058496B, and remaining 38654705664B is 0.6
2023-06-27 18:42:12,989 [main] DEBUG balancer.ContainerBalancerTask (ContainerBalancerTask.java:initializeIteration(398)) - Utilization for node fa1867e8-27ad-4d18-83cc-df79bf8fe2a4 with capacity 66571993088B, used 33285996544B, and remaining 33285996544B is 0.5
2023-06-27 18:42:12,989 [main] DEBUG balancer.ContainerBalancerTask (ContainerBalancerTask.java:initializeIteration(398)) - Utilization for node 8f597c02-4c20-4fab-9fa6-18de54acba94 with capacity 110058536960B, used 44023414784B, and remaining 66035122176B is 0.4
2023-06-27 18:42:12,989 [main] DEBUG balancer.ContainerBalancerTask (ContainerBalancerTask.java:initializeIteration(398)) - Utilization for node dc769c32-5c7a-48ff-8cf9-e3a8a271e7a9 with capacity 75161927680B, used 22548578304B, and remaining 52613349376B is 0.3
2023-06-27 18:42:12,989 [main] DEBUG balancer.ContainerBalancerTask (ContainerBalancerTask.java:initializeIteration(398)) - Utilization for node 998b1ae8-5321-4855-86a6-eee805a41e5e with capacity 225485783040B, used 45097156608B, and remaining 180388626432B is 0.2
2023-06-27 18:42:12,989 [main] DEBUG balancer.ContainerBalancerTask (ContainerBalancerTask.java:initializeIteration(398)) - Utilization for node f002de1b-1137-4251-9847-02010c8fed0e with capacity 461708984320B, used 46170898432B, and remaining 415538085888B is 0.1
2023-06-27 18:42:12,989 [main] DEBUG balancer.ContainerBalancerTask (ContainerBalancerTask.java:initializeIteration(398)) - Utilization for node b23ffdb5-9fee-4f4c-8afa-707e1fb3e7f6 with capacity 17179869184B, used 0B, and remaining 17179869184B is 0.0
2023-06-27 18:42:12,989 [main] INFO  balancer.ContainerBalancerTask (ContainerBalancerTask.java:initializeIteration(447)) - Container Balancer has identified 5 Over-Utilized and 3 Under-Utilized Datanodes that need to be balanced.
2023-06-27 18:42:12,989 [main] DEBUG balancer.ContainerBalancerTask (ContainerBalancerTask.java:lambda$initializeIteration$1(453)) - Datanode localhost-184.143.29.73 8556b5af-8541-409e-a5b1-1d42e28e210e is Over-Utilized.
2023-06-27 18:42:12,990 [main] DEBUG balancer.ContainerBalancerTask (ContainerBalancerTask.java:lambda$initializeIteration$1(453)) - Datanode localhost-135.94.91.10 d4fd8edc-4ea7-4c30-9a7b-3429128a089f is Over-Utilized.
2023-06-27 18:42:12,990 [main] DEBUG balancer.ContainerBalancerTask (ContainerBalancerTask.java:lambda$initializeIteration$1(453)) - Datanode localhost-109.91.187.243 dc45bdee-755e-4940-b942-78934942b0f2 is Over-Utilized.
2023-06-27 18:42:12,990 [main] DEBUG balancer.ContainerBalancerTask (ContainerBalancerTask.java:lambda$initializeIteration$1(453)) - Datanode localhost-182.87.156.187 6afe8757-96f5-4606-b0cf-57bdf42ff4d9 is Over-Utilized.
2023-06-27 18:42:12,990 [main] DEBUG balancer.ContainerBalancerTask (ContainerBalancerTask.java:lambda$initializeIteration$1(453)) - Datanode localhost-24.99.139.142 fa1867e8-27ad-4d18-83cc-df79bf8fe2a4 is Over-Utilized.
2023-06-27 18:42:12,990 [main] DEBUG balancer.ContainerBalancerTask (ContainerBalancerTask.java:lambda$initializeIteration$2(459)) - Datanode localhost-212.199.209.33 b23ffdb5-9fee-4f4c-8afa-707e1fb3e7f6 is Under-Utilized.
2023-06-27 18:42:12,990 [main] DEBUG balancer.ContainerBalancerTask (ContainerBalancerTask.java:lambda$initializeIteration$2(459)) - Datanode localhost-61.70.235.114 f002de1b-1137-4251-9847-02010c8fed0e is Under-Utilized.
2023-06-27 18:42:12,990 [main] DEBUG balancer.ContainerBalancerTask (ContainerBalancerTask.java:lambda$initializeIteration$2(459)) - Datanode localhost-35.103.229.218 998b1ae8-5321-4855-86a6-eee805a41e5e is Under-Utilized.
2023-06-27 18:42:12,992 [main] DEBUG balancer.ContainerBalancerTask (ContainerBalancerTask.java:matchSourceWithTarget(706)) - ContainerBalancer is finding suitable target for source datanode 8556b5af-8541-409e-a5b1-1d42e28e210e
2023-06-27 18:42:12,992 [main] INFO  balancer.ContainerBalancerTask (ContainerBalancerTask.java:matchSourceWithTarget(720)) - ContainerBalancer matched source datanode 8556b5af-8541-409e-a5b1-1d42e28e210e with target datanode b23ffdb5-9fee-4f4c-8afa-707e1fb3e7f6 for container move.
2023-06-27 18:42:12,992 [main] INFO  balancer.ContainerBalancerTask (ContainerBalancerTask.java:processMoveSelection(569)) - ContainerBalancer is trying to move container #85 with size 5368709120B from source datanode 8556b5af-8541-409e-a5b1-1d42e28e210e to target datanode b23ffdb5-9fee-4f4c-8afa-707e1fb3e7f6
2023-06-27 18:42:12,992 [main] DEBUG balancer.ContainerBalancerTask (ContainerBalancerTask.java:lambda$moveContainer$3(834)) - Container move completed for container #85 from source 8556b5af-8541-409e-a5b1-1d42e28e210e to target b23ffdb5-9fee-4f4c-8afa-707e1fb3e7f6
2023-06-27 18:42:12,993 [main] DEBUG balancer.ContainerBalancerTask (ContainerBalancerTask.java:adaptOnReachingIterationLimits(780)) - Reached max datanodes to involve limit. 2 datanodes have already been selected for balancing and the limit is 2. Only already selected sources and targets can be involved in balancing now.
2023-06-27 18:42:12,995 [main] DEBUG balancer.ContainerBalancerTask (ContainerBalancerTask.java:matchSourceWithTarget(706)) - ContainerBalancer is finding suitable target for source datanode 8556b5af-8541-409e-a5b1-1d42e28e210e
2023-06-27 18:42:12,995 [main] INFO  balancer.ContainerBalancerTask (ContainerBalancerTask.java:matchSourceWithTarget(720)) - ContainerBalancer matched source datanode 8556b5af-8541-409e-a5b1-1d42e28e210e with target datanode b23ffdb5-9fee-4f4c-8afa-707e1fb3e7f6 for container move.
2023-06-27 18:42:12,995 [main] INFO  balancer.ContainerBalancerTask (ContainerBalancerTask.java:processMoveSelection(569)) - ContainerBalancer is trying to move container #86 with size 1073741824B from source datanode 8556b5af-8541-409e-a5b1-1d42e28e210e to target datanode b23ffdb5-9fee-4f4c-8afa-707e1fb3e7f6
2023-06-27 18:42:12,995 [main] DEBUG balancer.ContainerBalancerTask (ContainerBalancerTask.java:lambda$moveContainer$3(834)) - Container move completed for container #86 from source 8556b5af-8541-409e-a5b1-1d42e28e210e to target b23ffdb5-9fee-4f4c-8afa-707e1fb3e7f6
2023-06-27 18:42:12,997 [main] DEBUG balancer.ContainerBalancerTask (ContainerBalancerTask.java:matchSourceWithTarget(706)) - ContainerBalancer is finding suitable target for source datanode 8556b5af-8541-409e-a5b1-1d42e28e210e
2023-06-27 18:42:12,998 [main] INFO  balancer.FindTargetGreedyByUsageInfo (AbstractFindTargetGreedy.java:findTargetForContainerMove(133)) - Container Balancer could not find a target for source datanode 8556b5af-8541-409e-a5b1-1d42e28e210e
2023-06-27 18:42:12,998 [main] DEBUG balancer.ContainerBalancerTask (ContainerBalancerTask.java:matchSourceWithTarget(715)) - ContainerBalancer could not find a suitable target for source node 8556b5af-8541-409e-a5b1-1d42e28e210e.
2023-06-27 18:42:12,998 [main] INFO  balancer.FindSourceGreedy (FindSourceGreedy.java:getNextCandidateSourceDataNode(126)) - no more candidate source data node
2023-06-27 18:42:12,998 [main] INFO  balancer.ContainerBalancerTask (ContainerBalancerTask.java:checkIterationMoveResults(640)) - Iteration Summary. Number of Datanodes involved: 2. Size moved: 6 GB (6442450944 Bytes). Number of Container moves completed: 2.
2023-06-27 18:42:12,998 [main] INFO  balancer.ContainerBalancerTask (ContainerBalancerTask.java:balance(259)) - Result of this iteration of Container Balancer: ITERATION_COMPLETED
2023-06-27 18:42:13,000 [main] DEBUG balancer.ContainerBalancerTask (ContainerBalancerTask.java:initializeIteration(374)) - Average utilization of the cluster is 0.32373637382841025
2023-06-27 18:42:13,000 [main] DEBUG balancer.ContainerBalancerTask (ContainerBalancerTask.java:initializeIteration(386)) - Lower limit for utilization is 0.22373637382841025 and Upper limit for utilization is 0.42373637382841023
2023-06-27 18:42:13,000 [main] DEBUG balancer.ContainerBalancerTask (ContainerBalancerTask.java:initializeIteration(398)) - Utilization for node 8556b5af-8541-409e-a5b1-1d42e28e210e with capacity 51300998257B, used 46170898432B, and remaining 5130099825B is 0.900000000013645
2023-06-27 18:42:13,000 [main] DEBUG balancer.ContainerBalancerTask (ContainerBalancerTask.java:initializeIteration(398)) - Utilization for node d4fd8edc-4ea7-4c30-9a7b-3429128a089f with capacity 71135395840B, used 56908316672B, and remaining 14227079168B is 0.8
2023-06-27 18:42:13,000 [main] DEBUG balancer.ContainerBalancerTask (ContainerBalancerTask.java:initializeIteration(398)) - Utilization for node dc45bdee-755e-4940-b942-78934942b0f2 with capacity 75161927680B, used 52613349376B, and remaining 22548578304B is 0.7
2023-06-27 18:42:13,000 [main] DEBUG balancer.ContainerBalancerTask (ContainerBalancerTask.java:initializeIteration(398)) - Utilization for node 6afe8757-96f5-4606-b0cf-57bdf42ff4d9 with capacity 96636764160B, used 57982058496B, and remaining 38654705664B is 0.6
2023-06-27 18:42:13,000 [main] DEBUG balancer.ContainerBalancerTask (ContainerBalancerTask.java:initializeIteration(398)) - Utilization for node fa1867e8-27ad-4d18-83cc-df79bf8fe2a4 with capacity 66571993088B, used 33285996544B, and remaining 33285996544B is 0.5
2023-06-27 18:42:13,001 [main] DEBUG balancer.ContainerBalancerTask (ContainerBalancerTask.java:initializeIteration(398)) - Utilization for node 8f597c02-4c20-4fab-9fa6-18de54acba94 with capacity 110058536960B, used 44023414784B, and remaining 66035122176B is 0.4
2023-06-27 18:42:13,001 [main] DEBUG balancer.ContainerBalancerTask (ContainerBalancerTask.java:initializeIteration(398)) - Utilization for node dc769c32-5c7a-48ff-8cf9-e3a8a271e7a9 with capacity 75161927680B, used 22548578304B, and remaining 52613349376B is 0.3
2023-06-27 18:42:13,001 [main] DEBUG balancer.ContainerBalancerTask (ContainerBalancerTask.java:initializeIteration(398)) - Utilization for node 998b1ae8-5321-4855-86a6-eee805a41e5e with capacity 225485783040B, used 45097156608B, and remaining 180388626432B is 0.2
2023-06-27 18:42:13,001 [main] DEBUG balancer.ContainerBalancerTask (ContainerBalancerTask.java:initializeIteration(398)) - Utilization for node f002de1b-1137-4251-9847-02010c8fed0e with capacity 461708984320B, used 46170898432B, and remaining 415538085888B is 0.1
2023-06-27 18:42:13,001 [main] DEBUG balancer.ContainerBalancerTask (ContainerBalancerTask.java:initializeIteration(398)) - Utilization for node b23ffdb5-9fee-4f4c-8afa-707e1fb3e7f6 with capacity 17179869184B, used 0B, and remaining 17179869184B is 0.0
2023-06-27 18:42:13,001 [main] INFO  balancer.ContainerBalancerTask (ContainerBalancerTask.java:initializeIteration(447)) - Container Balancer has identified 5 Over-Utilized and 3 Under-Utilized Datanodes that need to be balanced.
2023-06-27 18:42:13,001 [main] DEBUG balancer.ContainerBalancerTask (ContainerBalancerTask.java:lambda$initializeIteration$1(453)) - Datanode localhost-184.143.29.73 8556b5af-8541-409e-a5b1-1d42e28e210e is Over-Utilized.
2023-06-27 18:42:13,001 [main] DEBUG balancer.ContainerBalancerTask (ContainerBalancerTask.java:lambda$initializeIteration$1(453)) - Datanode localhost-135.94.91.10 d4fd8edc-4ea7-4c30-9a7b-3429128a089f is Over-Utilized.
2023-06-27 18:42:13,001 [main] DEBUG balancer.ContainerBalancerTask (ContainerBalancerTask.java:lambda$initializeIteration$1(453)) - Datanode localhost-109.91.187.243 dc45bdee-755e-4940-b942-78934942b0f2 is Over-Utilized.
2023-06-27 18:42:13,001 [main] DEBUG balancer.ContainerBalancerTask (ContainerBalancerTask.java:lambda$initializeIteration$1(453)) - Datanode localhost-182.87.156.187 6afe8757-96f5-4606-b0cf-57bdf42ff4d9 is Over-Utilized.
2023-06-27 18:42:13,001 [main] DEBUG balancer.ContainerBalancerTask (ContainerBalancerTask.java:lambda$initializeIteration$1(453)) - Datanode localhost-24.99.139.142 fa1867e8-27ad-4d18-83cc-df79bf8fe2a4 is Over-Utilized.
2023-06-27 18:42:13,001 [main] DEBUG balancer.ContainerBalancerTask (ContainerBalancerTask.java:lambda$initializeIteration$2(459)) - Datanode localhost-212.199.209.33 b23ffdb5-9fee-4f4c-8afa-707e1fb3e7f6 is Under-Utilized.
2023-06-27 18:42:13,002 [main] DEBUG balancer.ContainerBalancerTask (ContainerBalancerTask.java:lambda$initializeIteration$2(459)) - Datanode localhost-61.70.235.114 f002de1b-1137-4251-9847-02010c8fed0e is Under-Utilized.
2023-06-27 18:42:13,002 [main] DEBUG balancer.ContainerBalancerTask (ContainerBalancerTask.java:lambda$initializeIteration$2(459)) - Datanode localhost-35.103.229.218 998b1ae8-5321-4855-86a6-eee805a41e5e is Under-Utilized.
2023-06-27 18:42:13,004 [main] DEBUG balancer.ContainerBalancerTask (ContainerBalancerTask.java:matchSourceWithTarget(706)) - ContainerBalancer is finding suitable target for source datanode 8556b5af-8541-409e-a5b1-1d42e28e210e
2023-06-27 18:42:13,004 [main] INFO  balancer.ContainerBalancerTask (ContainerBalancerTask.java:matchSourceWithTarget(720)) - ContainerBalancer matched source datanode 8556b5af-8541-409e-a5b1-1d42e28e210e with target datanode b23ffdb5-9fee-4f4c-8afa-707e1fb3e7f6 for container move.
2023-06-27 18:42:13,004 [main] INFO  balancer.ContainerBalancerTask (ContainerBalancerTask.java:processMoveSelection(569)) - ContainerBalancer is trying to move container #85 with size 5368709120B from source datanode 8556b5af-8541-409e-a5b1-1d42e28e210e to target datanode b23ffdb5-9fee-4f4c-8afa-707e1fb3e7f6
2023-06-27 18:42:13,004 [main] DEBUG balancer.ContainerBalancerTask (ContainerBalancerTask.java:lambda$moveContainer$3(834)) - Container move completed for container #85 from source 8556b5af-8541-409e-a5b1-1d42e28e210e to target b23ffdb5-9fee-4f4c-8afa-707e1fb3e7f6
2023-06-27 18:42:13,004 [main] DEBUG balancer.ContainerBalancerTask (ContainerBalancerTask.java:adaptOnReachingIterationLimits(780)) - Reached max datanodes to involve limit. 2 datanodes have already been selected for balancing and the limit is 2. Only already selected sources and targets can be involved in balancing now.
2023-06-27 18:42:13,006 [main] DEBUG balancer.ContainerBalancerTask (ContainerBalancerTask.java:matchSourceWithTarget(706)) - ContainerBalancer is finding suitable target for source datanode 8556b5af-8541-409e-a5b1-1d42e28e210e
2023-06-27 18:42:13,007 [main] INFO  balancer.ContainerBalancerTask (ContainerBalancerTask.java:matchSourceWithTarget(720)) - ContainerBalancer matched source datanode 8556b5af-8541-409e-a5b1-1d42e28e210e with target datanode b23ffdb5-9fee-4f4c-8afa-707e1fb3e7f6 for container move.
2023-06-27 18:42:13,307 [main] INFO  balancer.ContainerBalancerTask (ContainerBalancerTask.java:processMoveSelection(569)) - ContainerBalancer is trying to move container #86 with size 1073741824B from source datanode 8556b5af-8541-409e-a5b1-1d42e28e210e to target datanode b23ffdb5-9fee-4f4c-8afa-707e1fb3e7f6
2023-06-27 18:42:13,308 [main] DEBUG balancer.ContainerBalancerTask (ContainerBalancerTask.java:lambda$moveContainer$3(834)) - Container move completed for container #86 from source 8556b5af-8541-409e-a5b1-1d42e28e210e to target b23ffdb5-9fee-4f4c-8afa-707e1fb3e7f6
2023-06-27 18:42:13,310 [main] DEBUG balancer.ContainerBalancerTask (ContainerBalancerTask.java:matchSourceWithTarget(706)) - ContainerBalancer is finding suitable target for source datanode 8556b5af-8541-409e-a5b1-1d42e28e210e
2023-06-27 18:42:13,311 [main] INFO  balancer.FindTargetGreedyByUsageInfo (AbstractFindTargetGreedy.java:findTargetForContainerMove(133)) - Container Balancer could not find a target for source datanode 8556b5af-8541-409e-a5b1-1d42e28e210e
2023-06-27 18:42:13,311 [main] DEBUG balancer.ContainerBalancerTask (ContainerBalancerTask.java:matchSourceWithTarget(715)) - ContainerBalancer could not find a suitable target for source node 8556b5af-8541-409e-a5b1-1d42e28e210e.
2023-06-27 18:42:13,311 [main] INFO  balancer.FindSourceGreedy (FindSourceGreedy.java:getNextCandidateSourceDataNode(126)) - no more candidate source data node
2023-06-27 18:42:13,311 [main] INFO  balancer.ContainerBalancerTask (ContainerBalancerTask.java:checkIterationMoveResults(640)) - Iteration Summary. Number of Datanodes involved: 2. Size moved: 6 GB (6442450944 Bytes). Number of Container moves completed: 2.
2023-06-27 18:42:13,311 [main] INFO  balancer.ContainerBalancerTask (ContainerBalancerTask.java:balance(259)) - Result of this iteration of Container Balancer: ITERATION_COMPLETED
2023-06-27 18:42:13,315 [main] DEBUG balancer.ContainerBalancerTask (ContainerBalancerTask.java:initializeIteration(374)) - Average utilization of the cluster is 0.32373637382841025
2023-06-27 18:42:13,315 [main] DEBUG balancer.ContainerBalancerTask (ContainerBalancerTask.java:initializeIteration(386)) - Lower limit for utilization is 0.22373637382841025 and Upper limit for utilization is 0.42373637382841023
2023-06-27 18:42:13,315 [main] DEBUG balancer.ContainerBalancerTask (ContainerBalancerTask.java:initializeIteration(398)) - Utilization for node 8556b5af-8541-409e-a5b1-1d42e28e210e with capacity 51300998257B, used 46170898432B, and remaining 5130099825B is 0.900000000013645
2023-06-27 18:42:13,315 [main] DEBUG balancer.ContainerBalancerTask (ContainerBalancerTask.java:initializeIteration(398)) - Utilization for node d4fd8edc-4ea7-4c30-9a7b-3429128a089f with capacity 71135395840B, used 56908316672B, and remaining 14227079168B is 0.8
2023-06-27 18:42:13,315 [main] DEBUG balancer.ContainerBalancerTask (ContainerBalancerTask.java:initializeIteration(398)) - Utilization for node dc45bdee-755e-4940-b942-78934942b0f2 with capacity 75161927680B, used 52613349376B, and remaining 22548578304B is 0.7
2023-06-27 18:42:13,315 [main] DEBUG balancer.ContainerBalancerTask (ContainerBalancerTask.java:initializeIteration(398)) - Utilization for node 6afe8757-96f5-4606-b0cf-57bdf42ff4d9 with capacity 96636764160B, used 57982058496B, and remaining 38654705664B is 0.6
2023-06-27 18:42:13,315 [main] DEBUG balancer.ContainerBalancerTask (ContainerBalancerTask.java:initializeIteration(398)) - Utilization for node fa1867e8-27ad-4d18-83cc-df79bf8fe2a4 with capacity 66571993088B, used 33285996544B, and remaining 33285996544B is 0.5
2023-06-27 18:42:13,315 [main] DEBUG balancer.ContainerBalancerTask (ContainerBalancerTask.java:initializeIteration(398)) - Utilization for node 8f597c02-4c20-4fab-9fa6-18de54acba94 with capacity 110058536960B, used 44023414784B, and remaining 66035122176B is 0.4
2023-06-27 18:42:13,315 [main] DEBUG balancer.ContainerBalancerTask (ContainerBalancerTask.java:initializeIteration(398)) - Utilization for node dc769c32-5c7a-48ff-8cf9-e3a8a271e7a9 with capacity 75161927680B, used 22548578304B, and remaining 52613349376B is 0.3
2023-06-27 18:42:13,315 [main] DEBUG balancer.ContainerBalancerTask (ContainerBalancerTask.java:initializeIteration(398)) - Utilization for node 998b1ae8-5321-4855-86a6-eee805a41e5e with capacity 225485783040B, used 45097156608B, and remaining 180388626432B is 0.2
2023-06-27 18:42:13,315 [main] DEBUG balancer.ContainerBalancerTask (ContainerBalancerTask.java:initializeIteration(398)) - Utilization for node f002de1b-1137-4251-9847-02010c8fed0e with capacity 461708984320B, used 46170898432B, and remaining 415538085888B is 0.1
2023-06-27 18:42:13,315 [main] DEBUG balancer.ContainerBalancerTask (ContainerBalancerTask.java:initializeIteration(398)) - Utilization for node b23ffdb5-9fee-4f4c-8afa-707e1fb3e7f6 with capacity 17179869184B, used 0B, and remaining 17179869184B is 0.0
2023-06-27 18:42:13,316 [main] INFO  balancer.ContainerBalancerTask (ContainerBalancerTask.java:initializeIteration(447)) - Container Balancer has identified 5 Over-Utilized and 3 Under-Utilized Datanodes that need to be balanced.
2023-06-27 18:42:13,316 [main] DEBUG balancer.ContainerBalancerTask (ContainerBalancerTask.java:lambda$initializeIteration$1(453)) - Datanode localhost-184.143.29.73 8556b5af-8541-409e-a5b1-1d42e28e210e is Over-Utilized.
2023-06-27 18:42:13,316 [main] DEBUG balancer.ContainerBalancerTask (ContainerBalancerTask.java:lambda$initializeIteration$1(453)) - Datanode localhost-135.94.91.10 d4fd8edc-4ea7-4c30-9a7b-3429128a089f is Over-Utilized.
2023-06-27 18:42:13,316 [main] DEBUG balancer.ContainerBalancerTask (ContainerBalancerTask.java:lambda$initializeIteration$1(453)) - Datanode localhost-109.91.187.243 dc45bdee-755e-4940-b942-78934942b0f2 is Over-Utilized.
2023-06-27 18:42:13,316 [main] DEBUG balancer.ContainerBalancerTask (ContainerBalancerTask.java:lambda$initializeIteration$1(453)) - Datanode localhost-182.87.156.187 6afe8757-96f5-4606-b0cf-57bdf42ff4d9 is Over-Utilized.
2023-06-27 18:42:13,316 [main] DEBUG balancer.ContainerBalancerTask (ContainerBalancerTask.java:lambda$initializeIteration$1(453)) - Datanode localhost-24.99.139.142 fa1867e8-27ad-4d18-83cc-df79bf8fe2a4 is Over-Utilized.
2023-06-27 18:42:13,316 [main] DEBUG balancer.ContainerBalancerTask (ContainerBalancerTask.java:lambda$initializeIteration$2(459)) - Datanode localhost-212.199.209.33 b23ffdb5-9fee-4f4c-8afa-707e1fb3e7f6 is Under-Utilized.
2023-06-27 18:42:13,317 [main] DEBUG balancer.ContainerBalancerTask (ContainerBalancerTask.java:lambda$initializeIteration$2(459)) - Datanode localhost-61.70.235.114 f002de1b-1137-4251-9847-02010c8fed0e is Under-Utilized.
2023-06-27 18:42:13,317 [main] DEBUG balancer.ContainerBalancerTask (ContainerBalancerTask.java:lambda$initializeIteration$2(459)) - Datanode localhost-35.103.229.218 998b1ae8-5321-4855-86a6-eee805a41e5e is Under-Utilized.
2023-06-27 18:42:13,319 [main] DEBUG balancer.ContainerBalancerTask (ContainerBalancerTask.java:matchSourceWithTarget(706)) - ContainerBalancer is finding suitable target for source datanode 8556b5af-8541-409e-a5b1-1d42e28e210e
2023-06-27 18:42:13,319 [main] INFO  balancer.ContainerBalancerTask (ContainerBalancerTask.java:matchSourceWithTarget(720)) - ContainerBalancer matched source datanode 8556b5af-8541-409e-a5b1-1d42e28e210e with target datanode b23ffdb5-9fee-4f4c-8afa-707e1fb3e7f6 for container move.
2023-06-27 18:42:13,319 [main] INFO  balancer.ContainerBalancerTask (ContainerBalancerTask.java:processMoveSelection(569)) - ContainerBalancer is trying to move container #85 with size 5368709120B from source datanode 8556b5af-8541-409e-a5b1-1d42e28e210e to target datanode b23ffdb5-9fee-4f4c-8afa-707e1fb3e7f6
2023-06-27 18:42:13,319 [main] DEBUG balancer.ContainerBalancerTask (ContainerBalancerTask.java:lambda$moveContainer$3(834)) - Container move completed for container #85 from source 8556b5af-8541-409e-a5b1-1d42e28e210e to target b23ffdb5-9fee-4f4c-8afa-707e1fb3e7f6
2023-06-27 18:42:13,319 [main] DEBUG balancer.ContainerBalancerTask (ContainerBalancerTask.java:adaptOnReachingIterationLimits(780)) - Reached max datanodes to involve limit. 2 datanodes have already been selected for balancing and the limit is 2. Only already selected sources and targets can be involved in balancing now.
2023-06-27 18:42:13,321 [main] DEBUG balancer.ContainerBalancerTask (ContainerBalancerTask.java:matchSourceWithTarget(706)) - ContainerBalancer is finding suitable target for source datanode 8556b5af-8541-409e-a5b1-1d42e28e210e
2023-06-27 18:42:13,322 [main] INFO  balancer.ContainerBalancerTask (ContainerBalancerTask.java:matchSourceWithTarget(720)) - ContainerBalancer matched source datanode 8556b5af-8541-409e-a5b1-1d42e28e210e with target datanode b23ffdb5-9fee-4f4c-8afa-707e1fb3e7f6 for container move.
2023-06-27 18:42:13,322 [main] INFO  balancer.ContainerBalancerTask (ContainerBalancerTask.java:processMoveSelection(569)) - ContainerBalancer is trying to move container #86 with size 1073741824B from source datanode 8556b5af-8541-409e-a5b1-1d42e28e210e to target datanode b23ffdb5-9fee-4f4c-8afa-707e1fb3e7f6
2023-06-27 18:42:13,322 [main] DEBUG balancer.ContainerBalancerTask (ContainerBalancerTask.java:lambda$moveContainer$3(834)) - Container move completed for container #86 from source 8556b5af-8541-409e-a5b1-1d42e28e210e to target b23ffdb5-9fee-4f4c-8afa-707e1fb3e7f6
2023-06-27 18:42:13,324 [main] DEBUG balancer.ContainerBalancerTask (ContainerBalancerTask.java:matchSourceWithTarget(706)) - ContainerBalancer is finding suitable target for source datanode 8556b5af-8541-409e-a5b1-1d42e28e210e
2023-06-27 18:42:13,325 [main] INFO  balancer.FindTargetGreedyByUsageInfo (AbstractFindTargetGreedy.java:findTargetForContainerMove(133)) - Container Balancer could not find a target for source datanode 8556b5af-8541-409e-a5b1-1d42e28e210e
2023-06-27 18:42:13,325 [main] DEBUG balancer.ContainerBalancerTask (ContainerBalancerTask.java:matchSourceWithTarget(715)) - ContainerBalancer could not find a suitable target for source node 8556b5af-8541-409e-a5b1-1d42e28e210e.
2023-06-27 18:42:13,325 [main] INFO  balancer.FindSourceGreedy (FindSourceGreedy.java:getNextCandidateSourceDataNode(126)) - no more candidate source data node
2023-06-27 18:42:13,325 [main] INFO  balancer.ContainerBalancerTask (ContainerBalancerTask.java:checkIterationMoveResults(640)) - Iteration Summary. Number of Datanodes involved: 2. Size moved: 6 GB (6442450944 Bytes). Number of Container moves completed: 2.
2023-06-27 18:42:13,326 [main] INFO  balancer.ContainerBalancerTask (ContainerBalancerTask.java:balance(259)) - Result of this iteration of Container Balancer: ITERATION_COMPLETED
2023-06-27 18:42:13,327 [main] DEBUG balancer.ContainerBalancerTask (ContainerBalancerTask.java:initializeIteration(374)) - Average utilization of the cluster is 0.32373637382841025
2023-06-27 18:42:13,327 [main] DEBUG balancer.ContainerBalancerTask (ContainerBalancerTask.java:initializeIteration(386)) - Lower limit for utilization is 0.22373637382841025 and Upper limit for utilization is 0.42373637382841023
2023-06-27 18:42:13,327 [main] DEBUG balancer.ContainerBalancerTask (ContainerBalancerTask.java:initializeIteration(398)) - Utilization for node 8556b5af-8541-409e-a5b1-1d42e28e210e with capacity 51300998257B, used 46170898432B, and remaining 5130099825B is 0.900000000013645
2023-06-27 18:42:13,327 [main] DEBUG balancer.ContainerBalancerTask (ContainerBalancerTask.java:initializeIteration(398)) - Utilization for node d4fd8edc-4ea7-4c30-9a7b-3429128a089f with capacity 71135395840B, used 56908316672B, and remaining 14227079168B is 0.8
2023-06-27 18:42:13,329 [main] DEBUG balancer.ContainerBalancerTask (ContainerBalancerTask.java:initializeIteration(398)) - Utilization for node dc45bdee-755e-4940-b942-78934942b0f2 with capacity 75161927680B, used 52613349376B, and remaining 22548578304B is 0.7
2023-06-27 18:42:13,329 [main] DEBUG balancer.ContainerBalancerTask (ContainerBalancerTask.java:initializeIteration(398)) - Utilization for node 6afe8757-96f5-4606-b0cf-57bdf42ff4d9 with capacity 96636764160B, used 57982058496B, and remaining 38654705664B is 0.6
2023-06-27 18:42:13,329 [main] DEBUG balancer.ContainerBalancerTask (ContainerBalancerTask.java:initializeIteration(398)) - Utilization for node fa1867e8-27ad-4d18-83cc-df79bf8fe2a4 with capacity 66571993088B, used 33285996544B, and remaining 33285996544B is 0.5
2023-06-27 18:42:13,329 [main] DEBUG balancer.ContainerBalancerTask (ContainerBalancerTask.java:initializeIteration(398)) - Utilization for node 8f597c02-4c20-4fab-9fa6-18de54acba94 with capacity 110058536960B, used 44023414784B, and remaining 66035122176B is 0.4
2023-06-27 18:42:13,329 [main] DEBUG balancer.ContainerBalancerTask (ContainerBalancerTask.java:initializeIteration(398)) - Utilization for node dc769c32-5c7a-48ff-8cf9-e3a8a271e7a9 with capacity 75161927680B, used 22548578304B, and remaining 52613349376B is 0.3
2023-06-27 18:42:13,329 [main] DEBUG balancer.ContainerBalancerTask (ContainerBalancerTask.java:initializeIteration(398)) - Utilization for node 998b1ae8-5321-4855-86a6-eee805a41e5e with capacity 225485783040B, used 45097156608B, and remaining 180388626432B is 0.2
2023-06-27 18:42:13,329 [main] DEBUG balancer.ContainerBalancerTask (ContainerBalancerTask.java:initializeIteration(398)) - Utilization for node f002de1b-1137-4251-9847-02010c8fed0e with capacity 461708984320B, used 46170898432B, and remaining 415538085888B is 0.1
2023-06-27 18:42:13,329 [main] DEBUG balancer.ContainerBalancerTask (ContainerBalancerTask.java:initializeIteration(398)) - Utilization for node b23ffdb5-9fee-4f4c-8afa-707e1fb3e7f6 with capacity 17179869184B, used 0B, and remaining 17179869184B is 0.0
2023-06-27 18:42:13,329 [main] INFO  balancer.ContainerBalancerTask (ContainerBalancerTask.java:initializeIteration(447)) - Container Balancer has identified 5 Over-Utilized and 3 Under-Utilized Datanodes that need to be balanced.
2023-06-27 18:42:13,330 [main] DEBUG balancer.ContainerBalancerTask (ContainerBalancerTask.java:lambda$initializeIteration$1(453)) - Datanode localhost-184.143.29.73 8556b5af-8541-409e-a5b1-1d42e28e210e is Over-Utilized.
2023-06-27 18:42:13,330 [main] DEBUG balancer.ContainerBalancerTask (ContainerBalancerTask.java:lambda$initializeIteration$1(453)) - Datanode localhost-135.94.91.10 d4fd8edc-4ea7-4c30-9a7b-3429128a089f is Over-Utilized.
2023-06-27 18:42:13,330 [main] DEBUG balancer.ContainerBalancerTask (ContainerBalancerTask.java:lambda$initializeIteration$1(453)) - Datanode localhost-109.91.187.243 dc45bdee-755e-4940-b942-78934942b0f2 is Over-Utilized.
2023-06-27 18:42:13,330 [main] DEBUG balancer.ContainerBalancerTask (ContainerBalancerTask.java:lambda$initializeIteration$1(453)) - Datanode localhost-182.87.156.187 6afe8757-96f5-4606-b0cf-57bdf42ff4d9 is Over-Utilized.
2023-06-27 18:42:13,330 [main] DEBUG balancer.ContainerBalancerTask (ContainerBalancerTask.java:lambda$initializeIteration$1(453)) - Datanode localhost-24.99.139.142 fa1867e8-27ad-4d18-83cc-df79bf8fe2a4 is Over-Utilized.
2023-06-27 18:42:13,330 [main] DEBUG balancer.ContainerBalancerTask (ContainerBalancerTask.java:lambda$initializeIteration$2(459)) - Datanode localhost-212.199.209.33 b23ffdb5-9fee-4f4c-8afa-707e1fb3e7f6 is Under-Utilized.
2023-06-27 18:42:13,330 [main] DEBUG balancer.ContainerBalancerTask (ContainerBalancerTask.java:lambda$initializeIteration$2(459)) - Datanode localhost-61.70.235.114 f002de1b-1137-4251-9847-02010c8fed0e is Under-Utilized.
2023-06-27 18:42:13,330 [main] DEBUG balancer.ContainerBalancerTask (ContainerBalancerTask.java:lambda$initializeIteration$2(459)) - Datanode localhost-35.103.229.218 998b1ae8-5321-4855-86a6-eee805a41e5e is Under-Utilized.
2023-06-27 18:42:13,332 [main] DEBUG balancer.ContainerBalancerTask (ContainerBalancerTask.java:matchSourceWithTarget(706)) - ContainerBalancer is finding suitable target for source datanode 8556b5af-8541-409e-a5b1-1d42e28e210e
2023-06-27 18:42:13,332 [main] INFO  balancer.ContainerBalancerTask (ContainerBalancerTask.java:matchSourceWithTarget(720)) - ContainerBalancer matched source datanode 8556b5af-8541-409e-a5b1-1d42e28e210e with target datanode b23ffdb5-9fee-4f4c-8afa-707e1fb3e7f6 for container move.
2023-06-27 18:42:13,332 [main] INFO  balancer.ContainerBalancerTask (ContainerBalancerTask.java:processMoveSelection(569)) - ContainerBalancer is trying to move container #85 with size 5368709120B from source datanode 8556b5af-8541-409e-a5b1-1d42e28e210e to target datanode b23ffdb5-9fee-4f4c-8afa-707e1fb3e7f6
2023-06-27 18:42:13,333 [main] DEBUG balancer.ContainerBalancerTask (ContainerBalancerTask.java:lambda$moveContainer$3(834)) - Container move completed for container #85 from source 8556b5af-8541-409e-a5b1-1d42e28e210e to target b23ffdb5-9fee-4f4c-8afa-707e1fb3e7f6
2023-06-27 18:42:13,333 [main] DEBUG balancer.ContainerBalancerTask (ContainerBalancerTask.java:adaptOnReachingIterationLimits(780)) - Reached max datanodes to involve limit. 2 datanodes have already been selected for balancing and the limit is 2. Only already selected sources and targets can be involved in balancing now.
2023-06-27 18:42:13,335 [main] DEBUG balancer.ContainerBalancerTask (ContainerBalancerTask.java:matchSourceWithTarget(706)) - ContainerBalancer is finding suitable target for source datanode 8556b5af-8541-409e-a5b1-1d42e28e210e
2023-06-27 18:42:13,335 [main] INFO  balancer.ContainerBalancerTask (ContainerBalancerTask.java:matchSourceWithTarget(720)) - ContainerBalancer matched source datanode 8556b5af-8541-409e-a5b1-1d42e28e210e with target datanode b23ffdb5-9fee-4f4c-8afa-707e1fb3e7f6 for container move.
2023-06-27 18:42:13,335 [main] INFO  balancer.ContainerBalancerTask (ContainerBalancerTask.java:processMoveSelection(569)) - ContainerBalancer is trying to move container #86 with size 1073741824B from source datanode 8556b5af-8541-409e-a5b1-1d42e28e210e to target datanode b23ffdb5-9fee-4f4c-8afa-707e1fb3e7f6
2023-06-27 18:42:13,335 [main] DEBUG balancer.ContainerBalancerTask (ContainerBalancerTask.java:lambda$moveContainer$3(834)) - Container move completed for container #86 from source 8556b5af-8541-409e-a5b1-1d42e28e210e to target b23ffdb5-9fee-4f4c-8afa-707e1fb3e7f6
2023-06-27 18:42:13,337 [main] DEBUG balancer.ContainerBalancerTask (ContainerBalancerTask.java:matchSourceWithTarget(706)) - ContainerBalancer is finding suitable target for source datanode 8556b5af-8541-409e-a5b1-1d42e28e210e
2023-06-27 18:42:13,338 [main] INFO  balancer.FindTargetGreedyByUsageInfo (AbstractFindTargetGreedy.java:findTargetForContainerMove(133)) - Container Balancer could not find a target for source datanode 8556b5af-8541-409e-a5b1-1d42e28e210e
2023-06-27 18:42:13,338 [main] DEBUG balancer.ContainerBalancerTask (ContainerBalancerTask.java:matchSourceWithTarget(715)) - ContainerBalancer could not find a suitable target for source node 8556b5af-8541-409e-a5b1-1d42e28e210e.
2023-06-27 18:42:13,338 [main] INFO  balancer.FindSourceGreedy (FindSourceGreedy.java:getNextCandidateSourceDataNode(126)) - no more candidate source data node
2023-06-27 18:42:13,338 [main] INFO  balancer.ContainerBalancerTask (ContainerBalancerTask.java:checkIterationMoveResults(640)) - Iteration Summary. Number of Datanodes involved: 2. Size moved: 6 GB (6442450944 Bytes). Number of Container moves completed: 2.
2023-06-27 18:42:13,338 [main] INFO  balancer.ContainerBalancerTask (ContainerBalancerTask.java:balance(259)) - Result of this iteration of Container Balancer: ITERATION_COMPLETED
2023-06-27 18:42:13,340 [main] DEBUG balancer.ContainerBalancerTask (ContainerBalancerTask.java:initializeIteration(374)) - Average utilization of the cluster is 0.32373637382841025
2023-06-27 18:42:13,340 [main] DEBUG balancer.ContainerBalancerTask (ContainerBalancerTask.java:initializeIteration(386)) - Lower limit for utilization is 0.22373637382841025 and Upper limit for utilization is 0.42373637382841023
2023-06-27 18:42:13,340 [main] DEBUG balancer.ContainerBalancerTask (ContainerBalancerTask.java:initializeIteration(398)) - Utilization for node 8556b5af-8541-409e-a5b1-1d42e28e210e with capacity 51300998257B, used 46170898432B, and remaining 5130099825B is 0.900000000013645
2023-06-27 18:42:13,340 [main] DEBUG balancer.ContainerBalancerTask (ContainerBalancerTask.java:initializeIteration(398)) - Utilization for node d4fd8edc-4ea7-4c30-9a7b-3429128a089f with capacity 71135395840B, used 56908316672B, and remaining 14227079168B is 0.8
2023-06-27 18:42:13,340 [main] DEBUG balancer.ContainerBalancerTask (ContainerBalancerTask.java:initializeIteration(398)) - Utilization for node dc45bdee-755e-4940-b942-78934942b0f2 with capacity 75161927680B, used 52613349376B, and remaining 22548578304B is 0.7
2023-06-27 18:42:13,340 [main] DEBUG balancer.ContainerBalancerTask (ContainerBalancerTask.java:initializeIteration(398)) - Utilization for node 6afe8757-96f5-4606-b0cf-57bdf42ff4d9 with capacity 96636764160B, used 57982058496B, and remaining 38654705664B is 0.6
2023-06-27 18:42:13,340 [main] DEBUG balancer.ContainerBalancerTask (ContainerBalancerTask.java:initializeIteration(398)) - Utilization for node fa1867e8-27ad-4d18-83cc-df79bf8fe2a4 with capacity 66571993088B, used 33285996544B, and remaining 33285996544B is 0.5
2023-06-27 18:42:13,340 [main] DEBUG balancer.ContainerBalancerTask (ContainerBalancerTask.java:initializeIteration(398)) - Utilization for node 8f597c02-4c20-4fab-9fa6-18de54acba94 with capacity 110058536960B, used 44023414784B, and remaining 66035122176B is 0.4
2023-06-27 18:42:13,340 [main] DEBUG balancer.ContainerBalancerTask (ContainerBalancerTask.java:initializeIteration(398)) - Utilization for node dc769c32-5c7a-48ff-8cf9-e3a8a271e7a9 with capacity 75161927680B, used 22548578304B, and remaining 52613349376B is 0.3
2023-06-27 18:42:13,341 [main] DEBUG balancer.ContainerBalancerTask (ContainerBalancerTask.java:initializeIteration(398)) - Utilization for node 998b1ae8-5321-4855-86a6-eee805a41e5e with capacity 225485783040B, used 45097156608B, and remaining 180388626432B is 0.2
2023-06-27 18:42:13,341 [main] DEBUG balancer.ContainerBalancerTask (ContainerBalancerTask.java:initializeIteration(398)) - Utilization for node f002de1b-1137-4251-9847-02010c8fed0e with capacity 461708984320B, used 46170898432B, and remaining 415538085888B is 0.1
2023-06-27 18:42:13,341 [main] DEBUG balancer.ContainerBalancerTask (ContainerBalancerTask.java:initializeIteration(398)) - Utilization for node b23ffdb5-9fee-4f4c-8afa-707e1fb3e7f6 with capacity 17179869184B, used 0B, and remaining 17179869184B is 0.0
2023-06-27 18:42:13,341 [main] INFO  balancer.ContainerBalancerTask (ContainerBalancerTask.java:initializeIteration(447)) - Container Balancer has identified 5 Over-Utilized and 3 Under-Utilized Datanodes that need to be balanced.
2023-06-27 18:42:13,341 [main] DEBUG balancer.ContainerBalancerTask (ContainerBalancerTask.java:lambda$initializeIteration$1(453)) - Datanode localhost-184.143.29.73 8556b5af-8541-409e-a5b1-1d42e28e210e is Over-Utilized.
2023-06-27 18:42:13,341 [main] DEBUG balancer.ContainerBalancerTask (ContainerBalancerTask.java:lambda$initializeIteration$1(453)) - Datanode localhost-135.94.91.10 d4fd8edc-4ea7-4c30-9a7b-3429128a089f is Over-Utilized.
2023-06-27 18:42:13,341 [main] DEBUG balancer.ContainerBalancerTask (ContainerBalancerTask.java:lambda$initializeIteration$1(453)) - Datanode localhost-109.91.187.243 dc45bdee-755e-4940-b942-78934942b0f2 is Over-Utilized.
2023-06-27 18:42:13,341 [main] DEBUG balancer.ContainerBalancerTask (ContainerBalancerTask.java:lambda$initializeIteration$1(453)) - Datanode localhost-182.87.156.187 6afe8757-96f5-4606-b0cf-57bdf42ff4d9 is Over-Utilized.
2023-06-27 18:42:13,341 [main] DEBUG balancer.ContainerBalancerTask (ContainerBalancerTask.java:lambda$initializeIteration$1(453)) - Datanode localhost-24.99.139.142 fa1867e8-27ad-4d18-83cc-df79bf8fe2a4 is Over-Utilized.
2023-06-27 18:42:13,341 [main] DEBUG balancer.ContainerBalancerTask (ContainerBalancerTask.java:lambda$initializeIteration$2(459)) - Datanode localhost-212.199.209.33 b23ffdb5-9fee-4f4c-8afa-707e1fb3e7f6 is Under-Utilized.
2023-06-27 18:42:13,341 [main] DEBUG balancer.ContainerBalancerTask (ContainerBalancerTask.java:lambda$initializeIteration$2(459)) - Datanode localhost-61.70.235.114 f002de1b-1137-4251-9847-02010c8fed0e is Under-Utilized.
2023-06-27 18:42:13,341 [main] DEBUG balancer.ContainerBalancerTask (ContainerBalancerTask.java:lambda$initializeIteration$2(459)) - Datanode localhost-35.103.229.218 998b1ae8-5321-4855-86a6-eee805a41e5e is Under-Utilized.
2023-06-27 18:42:13,343 [main] DEBUG balancer.ContainerBalancerTask (ContainerBalancerTask.java:matchSourceWithTarget(706)) - ContainerBalancer is finding suitable target for source datanode 8556b5af-8541-409e-a5b1-1d42e28e210e
2023-06-27 18:42:13,344 [main] INFO  balancer.ContainerBalancerTask (ContainerBalancerTask.java:matchSourceWithTarget(720)) - ContainerBalancer matched source datanode 8556b5af-8541-409e-a5b1-1d42e28e210e with target datanode b23ffdb5-9fee-4f4c-8afa-707e1fb3e7f6 for container move.
2023-06-27 18:42:13,344 [main] INFO  balancer.ContainerBalancerTask (ContainerBalancerTask.java:processMoveSelection(569)) - ContainerBalancer is trying to move container #85 with size 5368709120B from source datanode 8556b5af-8541-409e-a5b1-1d42e28e210e to target datanode b23ffdb5-9fee-4f4c-8afa-707e1fb3e7f6
2023-06-27 18:42:13,344 [main] DEBUG balancer.ContainerBalancerTask (ContainerBalancerTask.java:lambda$moveContainer$3(834)) - Container move completed for container #85 from source 8556b5af-8541-409e-a5b1-1d42e28e210e to target b23ffdb5-9fee-4f4c-8afa-707e1fb3e7f6
2023-06-27 18:42:13,344 [main] DEBUG balancer.ContainerBalancerTask (ContainerBalancerTask.java:adaptOnReachingIterationLimits(780)) - Reached max datanodes to involve limit. 2 datanodes have already been selected for balancing and the limit is 2. Only already selected sources and targets can be involved in balancing now.
2023-06-27 18:42:13,346 [main] DEBUG balancer.ContainerBalancerTask (ContainerBalancerTask.java:matchSourceWithTarget(706)) - ContainerBalancer is finding suitable target for source datanode 8556b5af-8541-409e-a5b1-1d42e28e210e
2023-06-27 18:42:13,346 [main] INFO  balancer.ContainerBalancerTask (ContainerBalancerTask.java:matchSourceWithTarget(720)) - ContainerBalancer matched source datanode 8556b5af-8541-409e-a5b1-1d42e28e210e with target datanode b23ffdb5-9fee-4f4c-8afa-707e1fb3e7f6 for container move.
2023-06-27 18:42:13,347 [main] INFO  balancer.ContainerBalancerTask (ContainerBalancerTask.java:processMoveSelection(569)) - ContainerBalancer is trying to move container #86 with size 1073741824B from source datanode 8556b5af-8541-409e-a5b1-1d42e28e210e to target datanode b23ffdb5-9fee-4f4c-8afa-707e1fb3e7f6
2023-06-27 18:42:13,347 [main] DEBUG balancer.ContainerBalancerTask (ContainerBalancerTask.java:lambda$moveContainer$3(834)) - Container move completed for container #86 from source 8556b5af-8541-409e-a5b1-1d42e28e210e to target b23ffdb5-9fee-4f4c-8afa-707e1fb3e7f6
2023-06-27 18:42:13,349 [main] DEBUG balancer.ContainerBalancerTask (ContainerBalancerTask.java:matchSourceWithTarget(706)) - ContainerBalancer is finding suitable target for source datanode 8556b5af-8541-409e-a5b1-1d42e28e210e
2023-06-27 18:42:13,350 [main] INFO  balancer.FindTargetGreedyByUsageInfo (AbstractFindTargetGreedy.java:findTargetForContainerMove(133)) - Container Balancer could not find a target for source datanode 8556b5af-8541-409e-a5b1-1d42e28e210e
2023-06-27 18:42:13,350 [main] DEBUG balancer.ContainerBalancerTask (ContainerBalancerTask.java:matchSourceWithTarget(715)) - ContainerBalancer could not find a suitable target for source node 8556b5af-8541-409e-a5b1-1d42e28e210e.
2023-06-27 18:42:13,350 [main] INFO  balancer.FindSourceGreedy (FindSourceGreedy.java:getNextCandidateSourceDataNode(126)) - no more candidate source data node
2023-06-27 18:42:13,351 [main] INFO  balancer.ContainerBalancerTask (ContainerBalancerTask.java:checkIterationMoveResults(640)) - Iteration Summary. Number of Datanodes involved: 2. Size moved: 6 GB (6442450944 Bytes). Number of Container moves completed: 2.
2023-06-27 18:42:13,351 [main] INFO  balancer.ContainerBalancerTask (ContainerBalancerTask.java:balance(259)) - Result of this iteration of Container Balancer: ITERATION_COMPLETED
2023-06-27 18:42:13,351 [main] INFO  balancer.ContainerBalancerTask (ContainerBalancerTask.java:tryStopWithSaveConfiguration(308)) - Save Configuration for stopping. Reason: Completed all iterations.
]]></system-out>
  </testcase>
  <testcase name="selectedContainerShouldNotAlreadyHaveBeenSelected" classname="org.apache.hadoop.hdds.scm.container.balancer.TestContainerBalancerTask" time="0.138">
    <system-out><![CDATA[2023-06-27 18:42:13,383 [main] INFO  net.NodeSchemaLoader (NodeSchemaLoader.java:loadSchemaFromFile(129)) - Loading schema from [file:/home/runner/work/ozone/ozone/hadoop-hdds/common/target/classes/network-topology-default.xml]
2023-06-27 18:42:13,383 [main] INFO  net.NodeSchemaLoader (NodeSchemaLoader.java:loadSchema(176)) - Loading network topology layer schema file
2023-06-27 18:42:13,385 [main] INFO  net.NetworkTopologyImpl (NetworkTopologyImpl.java:add(112)) - Added a new node: /default-rack/21e57b04-495f-4808-98d5-422cb5c0b11f
2023-06-27 18:42:13,385 [main] INFO  net.NetworkTopologyImpl (NetworkTopologyImpl.java:add(112)) - Added a new node: /default-rack/51676209-0843-4f3f-9455-468886bd1836
2023-06-27 18:42:13,385 [main] INFO  net.NetworkTopologyImpl (NetworkTopologyImpl.java:add(112)) - Added a new node: /default-rack/6091fb25-6e35-4395-ac69-b4ae79339977
2023-06-27 18:42:13,385 [main] INFO  net.NetworkTopologyImpl (NetworkTopologyImpl.java:add(112)) - Added a new node: /default-rack/f715f3af-4f25-4312-b820-bb889dbfb46d
2023-06-27 18:42:13,385 [main] INFO  net.NetworkTopologyImpl (NetworkTopologyImpl.java:add(112)) - Added a new node: /default-rack/451e9f07-fe74-4052-9bb2-6927722046a2
2023-06-27 18:42:13,385 [main] INFO  net.NetworkTopologyImpl (NetworkTopologyImpl.java:add(112)) - Added a new node: /default-rack/d119c372-c300-4eca-919f-45980bef40d3
2023-06-27 18:42:13,385 [main] INFO  net.NetworkTopologyImpl (NetworkTopologyImpl.java:add(112)) - Added a new node: /default-rack/5a25d2c0-e045-4e8a-8bde-0fd548b2e558
2023-06-27 18:42:13,385 [main] INFO  net.NetworkTopologyImpl (NetworkTopologyImpl.java:add(112)) - Added a new node: /default-rack/2920a64f-c068-4964-aa35-c9029a782eb0
2023-06-27 18:42:13,385 [main] INFO  net.NetworkTopologyImpl (NetworkTopologyImpl.java:add(112)) - Added a new node: /default-rack/3291cfd9-d864-465d-9c1f-1c26e6403ea6
2023-06-27 18:42:13,386 [main] INFO  net.NetworkTopologyImpl (NetworkTopologyImpl.java:add(112)) - Added a new node: /default-rack/175387aa-b9ee-41c1-b0e4-681623c30108
2023-06-27 18:42:13,386 [main] INFO  algorithms.ContainerPlacementPolicyFactory (ContainerPlacementPolicyFactory.java:getPolicyInternal(86)) - Create container placement policy of type org.apache.hadoop.hdds.scm.container.placement.algorithms.SCMContainerPlacementRackAware
2023-06-27 18:42:13,386 [main] INFO  algorithms.ContainerPlacementPolicyFactory (ContainerPlacementPolicyFactory.java:getPolicyInternal(86)) - Create container placement policy of type org.apache.hadoop.hdds.scm.container.placement.algorithms.SCMContainerPlacementRackScatter
2023-06-27 18:42:13,388 [main] DEBUG balancer.ContainerBalancerTask (ContainerBalancerTask.java:initializeIteration(374)) - Average utilization of the cluster is 0.31992280132657136
2023-06-27 18:42:13,388 [main] DEBUG balancer.ContainerBalancerTask (ContainerBalancerTask.java:initializeIteration(386)) - Lower limit for utilization is 0.21992280132657135 and Upper limit for utilization is 0.41992280132657134
2023-06-27 18:42:13,388 [main] DEBUG balancer.ContainerBalancerTask (ContainerBalancerTask.java:initializeIteration(398)) - Utilization for node 451e9f07-fe74-4052-9bb2-6927722046a2 with capacity 46528812373B, used 41875931136B, and remaining 4652881237B is 0.9000000000064476
2023-06-27 18:42:13,388 [main] DEBUG balancer.ContainerBalancerTask (ContainerBalancerTask.java:initializeIteration(398)) - Utilization for node 3291cfd9-d864-465d-9c1f-1c26e6403ea6 with capacity 55029268480B, used 44023414784B, and remaining 11005853696B is 0.8
2023-06-27 18:42:13,389 [main] DEBUG balancer.ContainerBalancerTask (ContainerBalancerTask.java:initializeIteration(398)) - Utilization for node 21e57b04-495f-4808-98d5-422cb5c0b11f with capacity 73628010788B, used 51539607552B, and remaining 22088403236B is 0.7000000000054327
2023-06-27 18:42:13,389 [main] DEBUG balancer.ContainerBalancerTask (ContainerBalancerTask.java:initializeIteration(398)) - Utilization for node f715f3af-4f25-4312-b820-bb889dbfb46d with capacity 102005473280B, used 61203283968B, and remaining 40802189312B is 0.6
2023-06-27 18:42:13,389 [main] DEBUG balancer.ContainerBalancerTask (ContainerBalancerTask.java:initializeIteration(398)) - Utilization for node 5a25d2c0-e045-4e8a-8bde-0fd548b2e558 with capacity 70866960384B, used 35433480192B, and remaining 35433480192B is 0.5
2023-06-27 18:42:13,389 [main] DEBUG balancer.ContainerBalancerTask (ContainerBalancerTask.java:initializeIteration(398)) - Utilization for node d119c372-c300-4eca-919f-45980bef40d3 with capacity 99321118720B, used 39728447488B, and remaining 59592671232B is 0.4
2023-06-27 18:42:13,389 [main] DEBUG balancer.ContainerBalancerTask (ContainerBalancerTask.java:initializeIteration(398)) - Utilization for node 51676209-0843-4f3f-9455-468886bd1836 with capacity 139586437120B, used 41875931136B, and remaining 97710505984B is 0.3
2023-06-27 18:42:13,389 [main] DEBUG balancer.ContainerBalancerTask (ContainerBalancerTask.java:initializeIteration(398)) - Utilization for node 6091fb25-6e35-4395-ac69-b4ae79339977 with capacity 214748364800B, used 42949672960B, and remaining 171798691840B is 0.2
2023-06-27 18:42:13,389 [main] DEBUG balancer.ContainerBalancerTask (ContainerBalancerTask.java:initializeIteration(398)) - Utilization for node 175387aa-b9ee-41c1-b0e4-681623c30108 with capacity 397284474880B, used 39728447488B, and remaining 357556027392B is 0.1
2023-06-27 18:42:13,389 [main] DEBUG balancer.ContainerBalancerTask (ContainerBalancerTask.java:initializeIteration(398)) - Utilization for node 2920a64f-c068-4964-aa35-c9029a782eb0 with capacity 46170898432B, used 0B, and remaining 46170898432B is 0.0
2023-06-27 18:42:13,389 [main] INFO  balancer.ContainerBalancerTask (ContainerBalancerTask.java:initializeIteration(447)) - Container Balancer has identified 5 Over-Utilized and 3 Under-Utilized Datanodes that need to be balanced.
2023-06-27 18:42:13,389 [main] DEBUG balancer.ContainerBalancerTask (ContainerBalancerTask.java:lambda$initializeIteration$1(453)) - Datanode localhost-3.69.65.127 451e9f07-fe74-4052-9bb2-6927722046a2 is Over-Utilized.
2023-06-27 18:42:13,389 [main] DEBUG balancer.ContainerBalancerTask (ContainerBalancerTask.java:lambda$initializeIteration$1(453)) - Datanode localhost-67.189.223.155 3291cfd9-d864-465d-9c1f-1c26e6403ea6 is Over-Utilized.
2023-06-27 18:42:13,389 [main] DEBUG balancer.ContainerBalancerTask (ContainerBalancerTask.java:lambda$initializeIteration$1(453)) - Datanode localhost-39.147.228.55 21e57b04-495f-4808-98d5-422cb5c0b11f is Over-Utilized.
2023-06-27 18:42:13,390 [main] DEBUG balancer.ContainerBalancerTask (ContainerBalancerTask.java:lambda$initializeIteration$1(453)) - Datanode localhost-24.62.227.42 f715f3af-4f25-4312-b820-bb889dbfb46d is Over-Utilized.
2023-06-27 18:42:13,390 [main] DEBUG balancer.ContainerBalancerTask (ContainerBalancerTask.java:lambda$initializeIteration$1(453)) - Datanode localhost-196.147.175.52 5a25d2c0-e045-4e8a-8bde-0fd548b2e558 is Over-Utilized.
2023-06-27 18:42:13,390 [main] DEBUG balancer.ContainerBalancerTask (ContainerBalancerTask.java:lambda$initializeIteration$2(459)) - Datanode localhost-142.124.229.14 2920a64f-c068-4964-aa35-c9029a782eb0 is Under-Utilized.
2023-06-27 18:42:13,390 [main] DEBUG balancer.ContainerBalancerTask (ContainerBalancerTask.java:lambda$initializeIteration$2(459)) - Datanode localhost-22.80.39.83 175387aa-b9ee-41c1-b0e4-681623c30108 is Under-Utilized.
2023-06-27 18:42:13,390 [main] DEBUG balancer.ContainerBalancerTask (ContainerBalancerTask.java:lambda$initializeIteration$2(459)) - Datanode localhost-218.237.190.181 6091fb25-6e35-4395-ac69-b4ae79339977 is Under-Utilized.
2023-06-27 18:42:13,392 [main] DEBUG balancer.ContainerBalancerTask (ContainerBalancerTask.java:matchSourceWithTarget(706)) - ContainerBalancer is finding suitable target for source datanode 451e9f07-fe74-4052-9bb2-6927722046a2
2023-06-27 18:42:13,392 [main] INFO  balancer.ContainerBalancerTask (ContainerBalancerTask.java:matchSourceWithTarget(720)) - ContainerBalancer matched source datanode 451e9f07-fe74-4052-9bb2-6927722046a2 with target datanode 2920a64f-c068-4964-aa35-c9029a782eb0 for container move.
2023-06-27 18:42:13,392 [main] INFO  balancer.ContainerBalancerTask (ContainerBalancerTask.java:processMoveSelection(569)) - ContainerBalancer is trying to move container #84 with size 4294967296B from source datanode 451e9f07-fe74-4052-9bb2-6927722046a2 to target datanode 2920a64f-c068-4964-aa35-c9029a782eb0
2023-06-27 18:42:13,392 [main] DEBUG balancer.ContainerBalancerTask (ContainerBalancerTask.java:lambda$moveContainer$3(834)) - Container move completed for container #84 from source 451e9f07-fe74-4052-9bb2-6927722046a2 to target 2920a64f-c068-4964-aa35-c9029a782eb0
2023-06-27 18:42:13,394 [main] DEBUG balancer.ContainerBalancerTask (ContainerBalancerTask.java:matchSourceWithTarget(706)) - ContainerBalancer is finding suitable target for source datanode 451e9f07-fe74-4052-9bb2-6927722046a2
2023-06-27 18:42:13,394 [main] INFO  balancer.ContainerBalancerTask (ContainerBalancerTask.java:matchSourceWithTarget(720)) - ContainerBalancer matched source datanode 451e9f07-fe74-4052-9bb2-6927722046a2 with target datanode 2920a64f-c068-4964-aa35-c9029a782eb0 for container move.
2023-06-27 18:42:13,394 [main] INFO  balancer.ContainerBalancerTask (ContainerBalancerTask.java:processMoveSelection(569)) - ContainerBalancer is trying to move container #88 with size 3221225472B from source datanode 451e9f07-fe74-4052-9bb2-6927722046a2 to target datanode 2920a64f-c068-4964-aa35-c9029a782eb0
2023-06-27 18:42:13,394 [main] DEBUG balancer.ContainerBalancerTask (ContainerBalancerTask.java:lambda$moveContainer$3(834)) - Container move completed for container #88 from source 451e9f07-fe74-4052-9bb2-6927722046a2 to target 2920a64f-c068-4964-aa35-c9029a782eb0
2023-06-27 18:42:13,396 [main] DEBUG balancer.ContainerBalancerTask (ContainerBalancerTask.java:matchSourceWithTarget(706)) - ContainerBalancer is finding suitable target for source datanode 3291cfd9-d864-465d-9c1f-1c26e6403ea6
2023-06-27 18:42:13,397 [main] INFO  balancer.ContainerBalancerTask (ContainerBalancerTask.java:matchSourceWithTarget(720)) - ContainerBalancer matched source datanode 3291cfd9-d864-465d-9c1f-1c26e6403ea6 with target datanode 175387aa-b9ee-41c1-b0e4-681623c30108 for container move.
2023-06-27 18:42:13,397 [main] INFO  balancer.ContainerBalancerTask (ContainerBalancerTask.java:processMoveSelection(569)) - ContainerBalancer is trying to move container #68 with size 5368709120B from source datanode 3291cfd9-d864-465d-9c1f-1c26e6403ea6 to target datanode 175387aa-b9ee-41c1-b0e4-681623c30108
2023-06-27 18:42:13,397 [main] DEBUG balancer.ContainerBalancerTask (ContainerBalancerTask.java:lambda$moveContainer$3(834)) - Container move completed for container #68 from source 3291cfd9-d864-465d-9c1f-1c26e6403ea6 to target 175387aa-b9ee-41c1-b0e4-681623c30108
2023-06-27 18:42:13,399 [main] DEBUG balancer.ContainerBalancerTask (ContainerBalancerTask.java:matchSourceWithTarget(706)) - ContainerBalancer is finding suitable target for source datanode 451e9f07-fe74-4052-9bb2-6927722046a2
2023-06-27 18:42:13,399 [main] INFO  balancer.ContainerBalancerTask (ContainerBalancerTask.java:matchSourceWithTarget(720)) - ContainerBalancer matched source datanode 451e9f07-fe74-4052-9bb2-6927722046a2 with target datanode 175387aa-b9ee-41c1-b0e4-681623c30108 for container move.
2023-06-27 18:42:13,399 [main] INFO  balancer.ContainerBalancerTask (ContainerBalancerTask.java:processMoveSelection(569)) - ContainerBalancer is trying to move container #82 with size 2147483648B from source datanode 451e9f07-fe74-4052-9bb2-6927722046a2 to target datanode 175387aa-b9ee-41c1-b0e4-681623c30108
2023-06-27 18:42:13,399 [main] DEBUG balancer.ContainerBalancerTask (ContainerBalancerTask.java:lambda$moveContainer$3(834)) - Container move completed for container #82 from source 451e9f07-fe74-4052-9bb2-6927722046a2 to target 175387aa-b9ee-41c1-b0e4-681623c30108
2023-06-27 18:42:13,401 [main] DEBUG balancer.ContainerBalancerTask (ContainerBalancerTask.java:matchSourceWithTarget(706)) - ContainerBalancer is finding suitable target for source datanode 3291cfd9-d864-465d-9c1f-1c26e6403ea6
2023-06-27 18:42:13,401 [main] INFO  balancer.ContainerBalancerTask (ContainerBalancerTask.java:matchSourceWithTarget(720)) - ContainerBalancer matched source datanode 3291cfd9-d864-465d-9c1f-1c26e6403ea6 with target datanode 175387aa-b9ee-41c1-b0e4-681623c30108 for container move.
2023-06-27 18:42:13,401 [main] INFO  balancer.ContainerBalancerTask (ContainerBalancerTask.java:processMoveSelection(569)) - ContainerBalancer is trying to move container #66 with size 3221225472B from source datanode 3291cfd9-d864-465d-9c1f-1c26e6403ea6 to target datanode 175387aa-b9ee-41c1-b0e4-681623c30108
2023-06-27 18:42:13,401 [main] DEBUG balancer.ContainerBalancerTask (ContainerBalancerTask.java:lambda$moveContainer$3(834)) - Container move completed for container #66 from source 3291cfd9-d864-465d-9c1f-1c26e6403ea6 to target 175387aa-b9ee-41c1-b0e4-681623c30108
2023-06-27 18:42:13,404 [main] DEBUG balancer.ContainerBalancerTask (ContainerBalancerTask.java:matchSourceWithTarget(706)) - ContainerBalancer is finding suitable target for source datanode 21e57b04-495f-4808-98d5-422cb5c0b11f
2023-06-27 18:42:13,404 [main] INFO  balancer.ContainerBalancerTask (ContainerBalancerTask.java:matchSourceWithTarget(720)) - ContainerBalancer matched source datanode 21e57b04-495f-4808-98d5-422cb5c0b11f with target datanode 175387aa-b9ee-41c1-b0e4-681623c30108 for container move.
2023-06-27 18:42:13,404 [main] INFO  balancer.ContainerBalancerTask (ContainerBalancerTask.java:processMoveSelection(569)) - ContainerBalancer is trying to move container #52 with size 4294967296B from source datanode 21e57b04-495f-4808-98d5-422cb5c0b11f to target datanode 175387aa-b9ee-41c1-b0e4-681623c30108
2023-06-27 18:42:13,404 [main] DEBUG balancer.ContainerBalancerTask (ContainerBalancerTask.java:lambda$moveContainer$3(834)) - Container move completed for container #52 from source 21e57b04-495f-4808-98d5-422cb5c0b11f to target 175387aa-b9ee-41c1-b0e4-681623c30108
2023-06-27 18:42:13,406 [main] DEBUG balancer.ContainerBalancerTask (ContainerBalancerTask.java:matchSourceWithTarget(706)) - ContainerBalancer is finding suitable target for source datanode 451e9f07-fe74-4052-9bb2-6927722046a2
2023-06-27 18:42:13,406 [main] INFO  balancer.ContainerBalancerTask (ContainerBalancerTask.java:matchSourceWithTarget(720)) - ContainerBalancer matched source datanode 451e9f07-fe74-4052-9bb2-6927722046a2 with target datanode 175387aa-b9ee-41c1-b0e4-681623c30108 for container move.
2023-06-27 18:42:13,406 [main] INFO  balancer.ContainerBalancerTask (ContainerBalancerTask.java:processMoveSelection(569)) - ContainerBalancer is trying to move container #50 with size 2147483648B from source datanode 451e9f07-fe74-4052-9bb2-6927722046a2 to target datanode 175387aa-b9ee-41c1-b0e4-681623c30108
2023-06-27 18:42:13,407 [main] DEBUG balancer.ContainerBalancerTask (ContainerBalancerTask.java:lambda$moveContainer$3(834)) - Container move completed for container #50 from source 451e9f07-fe74-4052-9bb2-6927722046a2 to target 175387aa-b9ee-41c1-b0e4-681623c30108
2023-06-27 18:42:13,409 [main] DEBUG balancer.ContainerBalancerTask (ContainerBalancerTask.java:matchSourceWithTarget(706)) - ContainerBalancer is finding suitable target for source datanode 451e9f07-fe74-4052-9bb2-6927722046a2
2023-06-27 18:42:13,409 [main] INFO  balancer.ContainerBalancerTask (ContainerBalancerTask.java:matchSourceWithTarget(720)) - ContainerBalancer matched source datanode 451e9f07-fe74-4052-9bb2-6927722046a2 with target datanode 175387aa-b9ee-41c1-b0e4-681623c30108 for container move.
2023-06-27 18:42:13,409 [main] INFO  balancer.ContainerBalancerTask (ContainerBalancerTask.java:processMoveSelection(569)) - ContainerBalancer is trying to move container #86 with size 1073741824B from source datanode 451e9f07-fe74-4052-9bb2-6927722046a2 to target datanode 175387aa-b9ee-41c1-b0e4-681623c30108
2023-06-27 18:42:13,409 [main] DEBUG balancer.ContainerBalancerTask (ContainerBalancerTask.java:lambda$moveContainer$3(834)) - Container move completed for container #86 from source 451e9f07-fe74-4052-9bb2-6927722046a2 to target 175387aa-b9ee-41c1-b0e4-681623c30108
2023-06-27 18:42:13,411 [main] DEBUG balancer.ContainerBalancerTask (ContainerBalancerTask.java:matchSourceWithTarget(706)) - ContainerBalancer is finding suitable target for source datanode 3291cfd9-d864-465d-9c1f-1c26e6403ea6
2023-06-27 18:42:13,412 [main] INFO  balancer.ContainerBalancerTask (ContainerBalancerTask.java:matchSourceWithTarget(720)) - ContainerBalancer matched source datanode 3291cfd9-d864-465d-9c1f-1c26e6403ea6 with target datanode 175387aa-b9ee-41c1-b0e4-681623c30108 for container move.
2023-06-27 18:42:13,412 [main] INFO  balancer.ContainerBalancerTask (ContainerBalancerTask.java:processMoveSelection(569)) - ContainerBalancer is trying to move container #70 with size 2147483648B from source datanode 3291cfd9-d864-465d-9c1f-1c26e6403ea6 to target datanode 175387aa-b9ee-41c1-b0e4-681623c30108
2023-06-27 18:42:13,412 [main] DEBUG balancer.ContainerBalancerTask (ContainerBalancerTask.java:lambda$moveContainer$3(834)) - Container move completed for container #70 from source 3291cfd9-d864-465d-9c1f-1c26e6403ea6 to target 175387aa-b9ee-41c1-b0e4-681623c30108
2023-06-27 18:42:13,414 [main] DEBUG balancer.ContainerBalancerTask (ContainerBalancerTask.java:matchSourceWithTarget(706)) - ContainerBalancer is finding suitable target for source datanode 21e57b04-495f-4808-98d5-422cb5c0b11f
2023-06-27 18:42:13,414 [main] INFO  balancer.ContainerBalancerTask (ContainerBalancerTask.java:matchSourceWithTarget(720)) - ContainerBalancer matched source datanode 21e57b04-495f-4808-98d5-422cb5c0b11f with target datanode 175387aa-b9ee-41c1-b0e4-681623c30108 for container move.
2023-06-27 18:42:13,414 [main] INFO  balancer.ContainerBalancerTask (ContainerBalancerTask.java:processMoveSelection(569)) - ContainerBalancer is trying to move container #28 with size 4294967296B from source datanode 21e57b04-495f-4808-98d5-422cb5c0b11f to target datanode 175387aa-b9ee-41c1-b0e4-681623c30108
2023-06-27 18:42:13,414 [main] DEBUG balancer.ContainerBalancerTask (ContainerBalancerTask.java:lambda$moveContainer$3(834)) - Container move completed for container #28 from source 21e57b04-495f-4808-98d5-422cb5c0b11f to target 175387aa-b9ee-41c1-b0e4-681623c30108
2023-06-27 18:42:13,417 [main] DEBUG balancer.ContainerBalancerTask (ContainerBalancerTask.java:matchSourceWithTarget(699)) - ContainerBalancer could not find any candidate containers for datanode 451e9f07-fe74-4052-9bb2-6927722046a2
2023-06-27 18:42:13,419 [main] DEBUG balancer.ContainerBalancerTask (ContainerBalancerTask.java:matchSourceWithTarget(706)) - ContainerBalancer is finding suitable target for source datanode 3291cfd9-d864-465d-9c1f-1c26e6403ea6
2023-06-27 18:42:13,419 [main] INFO  balancer.ContainerBalancerTask (ContainerBalancerTask.java:matchSourceWithTarget(720)) - ContainerBalancer matched source datanode 3291cfd9-d864-465d-9c1f-1c26e6403ea6 with target datanode 175387aa-b9ee-41c1-b0e4-681623c30108 for container move.
2023-06-27 18:42:13,419 [main] INFO  balancer.ContainerBalancerTask (ContainerBalancerTask.java:processMoveSelection(569)) - ContainerBalancer is trying to move container #26 with size 2147483648B from source datanode 3291cfd9-d864-465d-9c1f-1c26e6403ea6 to target datanode 175387aa-b9ee-41c1-b0e4-681623c30108
2023-06-27 18:42:13,420 [main] DEBUG balancer.ContainerBalancerTask (ContainerBalancerTask.java:lambda$moveContainer$3(834)) - Container move completed for container #26 from source 3291cfd9-d864-465d-9c1f-1c26e6403ea6 to target 175387aa-b9ee-41c1-b0e4-681623c30108
2023-06-27 18:42:13,423 [main] DEBUG balancer.ContainerBalancerTask (ContainerBalancerTask.java:matchSourceWithTarget(706)) - ContainerBalancer is finding suitable target for source datanode f715f3af-4f25-4312-b820-bb889dbfb46d
2023-06-27 18:42:13,423 [main] INFO  balancer.ContainerBalancerTask (ContainerBalancerTask.java:matchSourceWithTarget(720)) - ContainerBalancer matched source datanode f715f3af-4f25-4312-b820-bb889dbfb46d with target datanode 2920a64f-c068-4964-aa35-c9029a782eb0 for container move.
2023-06-27 18:42:13,423 [main] INFO  balancer.ContainerBalancerTask (ContainerBalancerTask.java:processMoveSelection(569)) - ContainerBalancer is trying to move container #40 with size 5368709120B from source datanode f715f3af-4f25-4312-b820-bb889dbfb46d to target datanode 2920a64f-c068-4964-aa35-c9029a782eb0
2023-06-27 18:42:13,423 [main] DEBUG balancer.ContainerBalancerTask (ContainerBalancerTask.java:lambda$moveContainer$3(834)) - Container move completed for container #40 from source f715f3af-4f25-4312-b820-bb889dbfb46d to target 2920a64f-c068-4964-aa35-c9029a782eb0
2023-06-27 18:42:13,425 [main] DEBUG balancer.ContainerBalancerTask (ContainerBalancerTask.java:matchSourceWithTarget(706)) - ContainerBalancer is finding suitable target for source datanode 21e57b04-495f-4808-98d5-422cb5c0b11f
2023-06-27 18:42:13,426 [main] INFO  balancer.ContainerBalancerTask (ContainerBalancerTask.java:matchSourceWithTarget(720)) - ContainerBalancer matched source datanode 21e57b04-495f-4808-98d5-422cb5c0b11f with target datanode 175387aa-b9ee-41c1-b0e4-681623c30108 for container move.
2023-06-27 18:42:13,426 [main] INFO  balancer.ContainerBalancerTask (ContainerBalancerTask.java:processMoveSelection(569)) - ContainerBalancer is trying to move container #54 with size 1073741824B from source datanode 21e57b04-495f-4808-98d5-422cb5c0b11f to target datanode 175387aa-b9ee-41c1-b0e4-681623c30108
2023-06-27 18:42:13,426 [main] DEBUG balancer.ContainerBalancerTask (ContainerBalancerTask.java:lambda$moveContainer$3(834)) - Container move completed for container #54 from source 21e57b04-495f-4808-98d5-422cb5c0b11f to target 175387aa-b9ee-41c1-b0e4-681623c30108
2023-06-27 18:42:13,428 [main] DEBUG balancer.ContainerBalancerTask (ContainerBalancerTask.java:matchSourceWithTarget(699)) - ContainerBalancer could not find any candidate containers for datanode 21e57b04-495f-4808-98d5-422cb5c0b11f
2023-06-27 18:42:13,431 [main] DEBUG balancer.ContainerBalancerTask (ContainerBalancerTask.java:matchSourceWithTarget(706)) - ContainerBalancer is finding suitable target for source datanode 3291cfd9-d864-465d-9c1f-1c26e6403ea6
2023-06-27 18:42:13,431 [main] INFO  balancer.ContainerBalancerTask (ContainerBalancerTask.java:matchSourceWithTarget(720)) - ContainerBalancer matched source datanode 3291cfd9-d864-465d-9c1f-1c26e6403ea6 with target datanode 6091fb25-6e35-4395-ac69-b4ae79339977 for container move.
2023-06-27 18:42:13,431 [main] INFO  balancer.ContainerBalancerTask (ContainerBalancerTask.java:processMoveSelection(569)) - ContainerBalancer is trying to move container #18 with size 3221225472B from source datanode 3291cfd9-d864-465d-9c1f-1c26e6403ea6 to target datanode 6091fb25-6e35-4395-ac69-b4ae79339977
2023-06-27 18:42:13,431 [main] DEBUG balancer.ContainerBalancerTask (ContainerBalancerTask.java:lambda$moveContainer$3(834)) - Container move completed for container #18 from source 3291cfd9-d864-465d-9c1f-1c26e6403ea6 to target 6091fb25-6e35-4395-ac69-b4ae79339977
2023-06-27 18:42:13,435 [main] DEBUG balancer.ContainerBalancerTask (ContainerBalancerTask.java:matchSourceWithTarget(706)) - ContainerBalancer is finding suitable target for source datanode f715f3af-4f25-4312-b820-bb889dbfb46d
2023-06-27 18:42:13,435 [main] INFO  balancer.ContainerBalancerTask (ContainerBalancerTask.java:matchSourceWithTarget(720)) - ContainerBalancer matched source datanode f715f3af-4f25-4312-b820-bb889dbfb46d with target datanode 175387aa-b9ee-41c1-b0e4-681623c30108 for container move.
2023-06-27 18:42:13,435 [main] INFO  balancer.ContainerBalancerTask (ContainerBalancerTask.java:processMoveSelection(569)) - ContainerBalancer is trying to move container #38 with size 3221225472B from source datanode f715f3af-4f25-4312-b820-bb889dbfb46d to target datanode 175387aa-b9ee-41c1-b0e4-681623c30108
2023-06-27 18:42:13,435 [main] DEBUG balancer.ContainerBalancerTask (ContainerBalancerTask.java:lambda$moveContainer$3(834)) - Container move completed for container #38 from source f715f3af-4f25-4312-b820-bb889dbfb46d to target 175387aa-b9ee-41c1-b0e4-681623c30108
2023-06-27 18:42:13,438 [main] DEBUG balancer.ContainerBalancerTask (ContainerBalancerTask.java:matchSourceWithTarget(706)) - ContainerBalancer is finding suitable target for source datanode f715f3af-4f25-4312-b820-bb889dbfb46d
2023-06-27 18:42:13,438 [main] INFO  balancer.ContainerBalancerTask (ContainerBalancerTask.java:matchSourceWithTarget(720)) - ContainerBalancer matched source datanode f715f3af-4f25-4312-b820-bb889dbfb46d with target datanode 175387aa-b9ee-41c1-b0e4-681623c30108 for container move.
2023-06-27 18:42:13,438 [main] INFO  balancer.ContainerBalancerTask (ContainerBalancerTask.java:processMoveSelection(569)) - ContainerBalancer is trying to move container #36 with size 1073741824B from source datanode f715f3af-4f25-4312-b820-bb889dbfb46d to target datanode 175387aa-b9ee-41c1-b0e4-681623c30108
2023-06-27 18:42:13,439 [main] DEBUG balancer.ContainerBalancerTask (ContainerBalancerTask.java:lambda$moveContainer$3(834)) - Container move completed for container #36 from source f715f3af-4f25-4312-b820-bb889dbfb46d to target 175387aa-b9ee-41c1-b0e4-681623c30108
2023-06-27 18:42:13,441 [main] DEBUG balancer.ContainerBalancerTask (ContainerBalancerTask.java:matchSourceWithTarget(706)) - ContainerBalancer is finding suitable target for source datanode 3291cfd9-d864-465d-9c1f-1c26e6403ea6
2023-06-27 18:42:13,442 [main] INFO  balancer.ContainerBalancerTask (ContainerBalancerTask.java:matchSourceWithTarget(720)) - ContainerBalancer matched source datanode 3291cfd9-d864-465d-9c1f-1c26e6403ea6 with target datanode 6091fb25-6e35-4395-ac69-b4ae79339977 for container move.
2023-06-27 18:42:13,442 [main] INFO  balancer.ContainerBalancerTask (ContainerBalancerTask.java:processMoveSelection(569)) - ContainerBalancer is trying to move container #10 with size 2147483648B from source datanode 3291cfd9-d864-465d-9c1f-1c26e6403ea6 to target datanode 6091fb25-6e35-4395-ac69-b4ae79339977
2023-06-27 18:42:13,442 [main] DEBUG balancer.ContainerBalancerTask (ContainerBalancerTask.java:lambda$moveContainer$3(834)) - Container move completed for container #10 from source 3291cfd9-d864-465d-9c1f-1c26e6403ea6 to target 6091fb25-6e35-4395-ac69-b4ae79339977
2023-06-27 18:42:13,445 [main] DEBUG balancer.ContainerBalancerTask (ContainerBalancerTask.java:matchSourceWithTarget(699)) - ContainerBalancer could not find any candidate containers for datanode f715f3af-4f25-4312-b820-bb889dbfb46d
2023-06-27 18:42:13,446 [main] DEBUG balancer.ContainerBalancerTask (ContainerBalancerTask.java:matchSourceWithTarget(706)) - ContainerBalancer is finding suitable target for source datanode 5a25d2c0-e045-4e8a-8bde-0fd548b2e558
2023-06-27 18:42:13,447 [main] INFO  balancer.ContainerBalancerTask (ContainerBalancerTask.java:matchSourceWithTarget(720)) - ContainerBalancer matched source datanode 5a25d2c0-e045-4e8a-8bde-0fd548b2e558 with target datanode 6091fb25-6e35-4395-ac69-b4ae79339977 for container move.
2023-06-27 18:42:13,447 [main] INFO  balancer.ContainerBalancerTask (ContainerBalancerTask.java:processMoveSelection(569)) - ContainerBalancer is trying to move container #64 with size 1073741824B from source datanode 5a25d2c0-e045-4e8a-8bde-0fd548b2e558 to target datanode 6091fb25-6e35-4395-ac69-b4ae79339977
2023-06-27 18:42:13,447 [main] DEBUG balancer.ContainerBalancerTask (ContainerBalancerTask.java:lambda$moveContainer$3(834)) - Container move completed for container #64 from source 5a25d2c0-e045-4e8a-8bde-0fd548b2e558 to target 6091fb25-6e35-4395-ac69-b4ae79339977
2023-06-27 18:42:13,448 [main] DEBUG balancer.ContainerBalancerTask (ContainerBalancerTask.java:matchSourceWithTarget(699)) - ContainerBalancer could not find any candidate containers for datanode 5a25d2c0-e045-4e8a-8bde-0fd548b2e558
2023-06-27 18:42:13,450 [main] DEBUG balancer.ContainerBalancerTask (ContainerBalancerTask.java:matchSourceWithTarget(699)) - ContainerBalancer could not find any candidate containers for datanode 3291cfd9-d864-465d-9c1f-1c26e6403ea6
2023-06-27 18:42:13,450 [main] INFO  balancer.FindSourceGreedy (FindSourceGreedy.java:getNextCandidateSourceDataNode(126)) - no more candidate source data node
2023-06-27 18:42:13,450 [main] INFO  balancer.ContainerBalancerTask (ContainerBalancerTask.java:checkIterationMoveResults(640)) - Iteration Summary. Number of Datanodes involved: 8. Size moved: 48 GB (51539607552 Bytes). Number of Container moves completed: 18.
2023-06-27 18:42:13,450 [main] INFO  balancer.ContainerBalancerTask (ContainerBalancerTask.java:balance(259)) - Result of this iteration of Container Balancer: ITERATION_COMPLETED
2023-06-27 18:42:13,450 [main] INFO  balancer.ContainerBalancerTask (ContainerBalancerTask.java:tryStopWithSaveConfiguration(308)) - Save Configuration for stopping. Reason: Completed all iterations.
2023-06-27 18:42:13,451 [main] DEBUG balancer.ContainerBalancerTask (ContainerBalancerTask.java:initializeIteration(374)) - Average utilization of the cluster is 0.31992280132657136
2023-06-27 18:42:13,451 [main] DEBUG balancer.ContainerBalancerTask (ContainerBalancerTask.java:initializeIteration(386)) - Lower limit for utilization is 0.21992280132657135 and Upper limit for utilization is 0.41992280132657134
2023-06-27 18:42:13,451 [main] DEBUG balancer.ContainerBalancerTask (ContainerBalancerTask.java:initializeIteration(398)) - Utilization for node 451e9f07-fe74-4052-9bb2-6927722046a2 with capacity 46528812373B, used 41875931136B, and remaining 4652881237B is 0.9000000000064476
2023-06-27 18:42:13,451 [main] DEBUG balancer.ContainerBalancerTask (ContainerBalancerTask.java:initializeIteration(398)) - Utilization for node 3291cfd9-d864-465d-9c1f-1c26e6403ea6 with capacity 55029268480B, used 44023414784B, and remaining 11005853696B is 0.8
2023-06-27 18:42:13,451 [main] DEBUG balancer.ContainerBalancerTask (ContainerBalancerTask.java:initializeIteration(398)) - Utilization for node 21e57b04-495f-4808-98d5-422cb5c0b11f with capacity 73628010788B, used 51539607552B, and remaining 22088403236B is 0.7000000000054327
2023-06-27 18:42:13,451 [main] DEBUG balancer.ContainerBalancerTask (ContainerBalancerTask.java:initializeIteration(398)) - Utilization for node f715f3af-4f25-4312-b820-bb889dbfb46d with capacity 102005473280B, used 61203283968B, and remaining 40802189312B is 0.6
2023-06-27 18:42:13,452 [main] DEBUG balancer.ContainerBalancerTask (ContainerBalancerTask.java:initializeIteration(398)) - Utilization for node 5a25d2c0-e045-4e8a-8bde-0fd548b2e558 with capacity 70866960384B, used 35433480192B, and remaining 35433480192B is 0.5
2023-06-27 18:42:13,452 [main] DEBUG balancer.ContainerBalancerTask (ContainerBalancerTask.java:initializeIteration(398)) - Utilization for node d119c372-c300-4eca-919f-45980bef40d3 with capacity 99321118720B, used 39728447488B, and remaining 59592671232B is 0.4
2023-06-27 18:42:13,452 [main] DEBUG balancer.ContainerBalancerTask (ContainerBalancerTask.java:initializeIteration(398)) - Utilization for node 51676209-0843-4f3f-9455-468886bd1836 with capacity 139586437120B, used 41875931136B, and remaining 97710505984B is 0.3
2023-06-27 18:42:13,452 [main] DEBUG balancer.ContainerBalancerTask (ContainerBalancerTask.java:initializeIteration(398)) - Utilization for node 6091fb25-6e35-4395-ac69-b4ae79339977 with capacity 214748364800B, used 42949672960B, and remaining 171798691840B is 0.2
2023-06-27 18:42:13,452 [main] DEBUG balancer.ContainerBalancerTask (ContainerBalancerTask.java:initializeIteration(398)) - Utilization for node 175387aa-b9ee-41c1-b0e4-681623c30108 with capacity 397284474880B, used 39728447488B, and remaining 357556027392B is 0.1
2023-06-27 18:42:13,452 [main] DEBUG balancer.ContainerBalancerTask (ContainerBalancerTask.java:initializeIteration(398)) - Utilization for node 2920a64f-c068-4964-aa35-c9029a782eb0 with capacity 46170898432B, used 0B, and remaining 46170898432B is 0.0
2023-06-27 18:42:13,452 [main] INFO  balancer.ContainerBalancerTask (ContainerBalancerTask.java:initializeIteration(447)) - Container Balancer has identified 5 Over-Utilized and 3 Under-Utilized Datanodes that need to be balanced.
2023-06-27 18:42:13,452 [main] DEBUG balancer.ContainerBalancerTask (ContainerBalancerTask.java:lambda$initializeIteration$1(453)) - Datanode localhost-3.69.65.127 451e9f07-fe74-4052-9bb2-6927722046a2 is Over-Utilized.
2023-06-27 18:42:13,452 [main] DEBUG balancer.ContainerBalancerTask (ContainerBalancerTask.java:lambda$initializeIteration$1(453)) - Datanode localhost-67.189.223.155 3291cfd9-d864-465d-9c1f-1c26e6403ea6 is Over-Utilized.
2023-06-27 18:42:13,452 [main] DEBUG balancer.ContainerBalancerTask (ContainerBalancerTask.java:lambda$initializeIteration$1(453)) - Datanode localhost-39.147.228.55 21e57b04-495f-4808-98d5-422cb5c0b11f is Over-Utilized.
2023-06-27 18:42:13,452 [main] DEBUG balancer.ContainerBalancerTask (ContainerBalancerTask.java:lambda$initializeIteration$1(453)) - Datanode localhost-24.62.227.42 f715f3af-4f25-4312-b820-bb889dbfb46d is Over-Utilized.
2023-06-27 18:42:13,453 [main] DEBUG balancer.ContainerBalancerTask (ContainerBalancerTask.java:lambda$initializeIteration$1(453)) - Datanode localhost-196.147.175.52 5a25d2c0-e045-4e8a-8bde-0fd548b2e558 is Over-Utilized.
2023-06-27 18:42:13,453 [main] DEBUG balancer.ContainerBalancerTask (ContainerBalancerTask.java:lambda$initializeIteration$2(459)) - Datanode localhost-142.124.229.14 2920a64f-c068-4964-aa35-c9029a782eb0 is Under-Utilized.
2023-06-27 18:42:13,453 [main] DEBUG balancer.ContainerBalancerTask (ContainerBalancerTask.java:lambda$initializeIteration$2(459)) - Datanode localhost-22.80.39.83 175387aa-b9ee-41c1-b0e4-681623c30108 is Under-Utilized.
2023-06-27 18:42:13,453 [main] DEBUG balancer.ContainerBalancerTask (ContainerBalancerTask.java:lambda$initializeIteration$2(459)) - Datanode localhost-218.237.190.181 6091fb25-6e35-4395-ac69-b4ae79339977 is Under-Utilized.
2023-06-27 18:42:13,455 [main] DEBUG balancer.ContainerBalancerTask (ContainerBalancerTask.java:matchSourceWithTarget(706)) - ContainerBalancer is finding suitable target for source datanode 451e9f07-fe74-4052-9bb2-6927722046a2
2023-06-27 18:42:13,455 [main] INFO  balancer.ContainerBalancerTask (ContainerBalancerTask.java:matchSourceWithTarget(720)) - ContainerBalancer matched source datanode 451e9f07-fe74-4052-9bb2-6927722046a2 with target datanode 2920a64f-c068-4964-aa35-c9029a782eb0 for container move.
2023-06-27 18:42:13,455 [main] INFO  balancer.ContainerBalancerTask (ContainerBalancerTask.java:processMoveSelection(569)) - ContainerBalancer is trying to move container #85 with size 5368709120B from source datanode 451e9f07-fe74-4052-9bb2-6927722046a2 to target datanode 2920a64f-c068-4964-aa35-c9029a782eb0
2023-06-27 18:42:13,455 [main] DEBUG balancer.ContainerBalancerTask (ContainerBalancerTask.java:lambda$moveContainer$3(834)) - Container move completed for container #85 from source 451e9f07-fe74-4052-9bb2-6927722046a2 to target 2920a64f-c068-4964-aa35-c9029a782eb0
2023-06-27 18:42:13,457 [main] DEBUG balancer.ContainerBalancerTask (ContainerBalancerTask.java:matchSourceWithTarget(706)) - ContainerBalancer is finding suitable target for source datanode 3291cfd9-d864-465d-9c1f-1c26e6403ea6
2023-06-27 18:42:13,457 [main] INFO  balancer.ContainerBalancerTask (ContainerBalancerTask.java:matchSourceWithTarget(720)) - ContainerBalancer matched source datanode 3291cfd9-d864-465d-9c1f-1c26e6403ea6 with target datanode 175387aa-b9ee-41c1-b0e4-681623c30108 for container move.
2023-06-27 18:42:13,458 [main] INFO  balancer.ContainerBalancerTask (ContainerBalancerTask.java:processMoveSelection(569)) - ContainerBalancer is trying to move container #68 with size 5368709120B from source datanode 3291cfd9-d864-465d-9c1f-1c26e6403ea6 to target datanode 175387aa-b9ee-41c1-b0e4-681623c30108
2023-06-27 18:42:13,458 [main] DEBUG balancer.ContainerBalancerTask (ContainerBalancerTask.java:lambda$moveContainer$3(834)) - Container move completed for container #68 from source 3291cfd9-d864-465d-9c1f-1c26e6403ea6 to target 175387aa-b9ee-41c1-b0e4-681623c30108
2023-06-27 18:42:13,460 [main] DEBUG balancer.ContainerBalancerTask (ContainerBalancerTask.java:matchSourceWithTarget(706)) - ContainerBalancer is finding suitable target for source datanode 451e9f07-fe74-4052-9bb2-6927722046a2
2023-06-27 18:42:13,460 [main] INFO  balancer.ContainerBalancerTask (ContainerBalancerTask.java:matchSourceWithTarget(720)) - ContainerBalancer matched source datanode 451e9f07-fe74-4052-9bb2-6927722046a2 with target datanode 175387aa-b9ee-41c1-b0e4-681623c30108 for container move.
2023-06-27 18:42:13,460 [main] INFO  balancer.ContainerBalancerTask (ContainerBalancerTask.java:processMoveSelection(569)) - ContainerBalancer is trying to move container #89 with size 4294967296B from source datanode 451e9f07-fe74-4052-9bb2-6927722046a2 to target datanode 175387aa-b9ee-41c1-b0e4-681623c30108
2023-06-27 18:42:13,460 [main] DEBUG balancer.ContainerBalancerTask (ContainerBalancerTask.java:lambda$moveContainer$3(834)) - Container move completed for container #89 from source 451e9f07-fe74-4052-9bb2-6927722046a2 to target 175387aa-b9ee-41c1-b0e4-681623c30108
2023-06-27 18:42:13,462 [main] DEBUG balancer.ContainerBalancerTask (ContainerBalancerTask.java:matchSourceWithTarget(706)) - ContainerBalancer is finding suitable target for source datanode 3291cfd9-d864-465d-9c1f-1c26e6403ea6
2023-06-27 18:42:13,462 [main] INFO  balancer.ContainerBalancerTask (ContainerBalancerTask.java:matchSourceWithTarget(720)) - ContainerBalancer matched source datanode 3291cfd9-d864-465d-9c1f-1c26e6403ea6 with target datanode 2920a64f-c068-4964-aa35-c9029a782eb0 for container move.
2023-06-27 18:42:13,462 [main] INFO  balancer.ContainerBalancerTask (ContainerBalancerTask.java:processMoveSelection(569)) - ContainerBalancer is trying to move container #53 with size 5368709120B from source datanode 3291cfd9-d864-465d-9c1f-1c26e6403ea6 to target datanode 2920a64f-c068-4964-aa35-c9029a782eb0
2023-06-27 18:42:13,463 [main] DEBUG balancer.ContainerBalancerTask (ContainerBalancerTask.java:lambda$moveContainer$3(834)) - Container move completed for container #53 from source 3291cfd9-d864-465d-9c1f-1c26e6403ea6 to target 2920a64f-c068-4964-aa35-c9029a782eb0
2023-06-27 18:42:13,465 [main] DEBUG balancer.ContainerBalancerTask (ContainerBalancerTask.java:matchSourceWithTarget(706)) - ContainerBalancer is finding suitable target for source datanode 21e57b04-495f-4808-98d5-422cb5c0b11f
2023-06-27 18:42:13,465 [main] INFO  balancer.ContainerBalancerTask (ContainerBalancerTask.java:matchSourceWithTarget(720)) - ContainerBalancer matched source datanode 21e57b04-495f-4808-98d5-422cb5c0b11f with target datanode 175387aa-b9ee-41c1-b0e4-681623c30108 for container move.
2023-06-27 18:42:13,465 [main] INFO  balancer.ContainerBalancerTask (ContainerBalancerTask.java:processMoveSelection(569)) - ContainerBalancer is trying to move container #52 with size 4294967296B from source datanode 21e57b04-495f-4808-98d5-422cb5c0b11f to target datanode 175387aa-b9ee-41c1-b0e4-681623c30108
2023-06-27 18:42:13,465 [main] DEBUG balancer.ContainerBalancerTask (ContainerBalancerTask.java:lambda$moveContainer$3(834)) - Container move completed for container #52 from source 21e57b04-495f-4808-98d5-422cb5c0b11f to target 175387aa-b9ee-41c1-b0e4-681623c30108
2023-06-27 18:42:13,467 [main] DEBUG balancer.ContainerBalancerTask (ContainerBalancerTask.java:matchSourceWithTarget(706)) - ContainerBalancer is finding suitable target for source datanode 451e9f07-fe74-4052-9bb2-6927722046a2
2023-06-27 18:42:13,467 [main] INFO  balancer.ContainerBalancerTask (ContainerBalancerTask.java:matchSourceWithTarget(720)) - ContainerBalancer matched source datanode 451e9f07-fe74-4052-9bb2-6927722046a2 with target datanode 175387aa-b9ee-41c1-b0e4-681623c30108 for container move.
2023-06-27 18:42:13,467 [main] INFO  balancer.ContainerBalancerTask (ContainerBalancerTask.java:processMoveSelection(569)) - ContainerBalancer is trying to move container #84 with size 4294967296B from source datanode 451e9f07-fe74-4052-9bb2-6927722046a2 to target datanode 175387aa-b9ee-41c1-b0e4-681623c30108
2023-06-27 18:42:13,467 [main] DEBUG balancer.ContainerBalancerTask (ContainerBalancerTask.java:lambda$moveContainer$3(834)) - Container move completed for container #84 from source 451e9f07-fe74-4052-9bb2-6927722046a2 to target 175387aa-b9ee-41c1-b0e4-681623c30108
2023-06-27 18:42:13,470 [main] DEBUG balancer.ContainerBalancerTask (ContainerBalancerTask.java:matchSourceWithTarget(706)) - ContainerBalancer is finding suitable target for source datanode 21e57b04-495f-4808-98d5-422cb5c0b11f
2023-06-27 18:42:13,470 [main] INFO  balancer.ContainerBalancerTask (ContainerBalancerTask.java:matchSourceWithTarget(720)) - ContainerBalancer matched source datanode 21e57b04-495f-4808-98d5-422cb5c0b11f with target datanode 175387aa-b9ee-41c1-b0e4-681623c30108 for container move.
2023-06-27 18:42:13,470 [main] INFO  balancer.ContainerBalancerTask (ContainerBalancerTask.java:processMoveSelection(569)) - ContainerBalancer is trying to move container #39 with size 4294967296B from source datanode 21e57b04-495f-4808-98d5-422cb5c0b11f to target datanode 175387aa-b9ee-41c1-b0e4-681623c30108
2023-06-27 18:42:13,470 [main] DEBUG balancer.ContainerBalancerTask (ContainerBalancerTask.java:lambda$moveContainer$3(834)) - Container move completed for container #39 from source 21e57b04-495f-4808-98d5-422cb5c0b11f to target 175387aa-b9ee-41c1-b0e4-681623c30108
2023-06-27 18:42:13,472 [main] DEBUG balancer.ContainerBalancerTask (ContainerBalancerTask.java:matchSourceWithTarget(706)) - ContainerBalancer is finding suitable target for source datanode 3291cfd9-d864-465d-9c1f-1c26e6403ea6
2023-06-27 18:42:13,474 [main] INFO  balancer.ContainerBalancerTask (ContainerBalancerTask.java:matchSourceWithTarget(720)) - ContainerBalancer matched source datanode 3291cfd9-d864-465d-9c1f-1c26e6403ea6 with target datanode 175387aa-b9ee-41c1-b0e4-681623c30108 for container move.
2023-06-27 18:42:13,474 [main] INFO  balancer.ContainerBalancerTask (ContainerBalancerTask.java:processMoveSelection(569)) - ContainerBalancer is trying to move container #66 with size 3221225472B from source datanode 3291cfd9-d864-465d-9c1f-1c26e6403ea6 to target datanode 175387aa-b9ee-41c1-b0e4-681623c30108
2023-06-27 18:42:13,474 [main] DEBUG balancer.ContainerBalancerTask (ContainerBalancerTask.java:lambda$moveContainer$3(834)) - Container move completed for container #66 from source 3291cfd9-d864-465d-9c1f-1c26e6403ea6 to target 175387aa-b9ee-41c1-b0e4-681623c30108
2023-06-27 18:42:13,477 [main] DEBUG balancer.ContainerBalancerTask (ContainerBalancerTask.java:matchSourceWithTarget(706)) - ContainerBalancer is finding suitable target for source datanode 451e9f07-fe74-4052-9bb2-6927722046a2
2023-06-27 18:42:13,477 [main] INFO  balancer.ContainerBalancerTask (ContainerBalancerTask.java:matchSourceWithTarget(720)) - ContainerBalancer matched source datanode 451e9f07-fe74-4052-9bb2-6927722046a2 with target datanode 175387aa-b9ee-41c1-b0e4-681623c30108 for container move.
2023-06-27 18:42:13,477 [main] INFO  balancer.ContainerBalancerTask (ContainerBalancerTask.java:processMoveSelection(569)) - ContainerBalancer is trying to move container #83 with size 3221225472B from source datanode 451e9f07-fe74-4052-9bb2-6927722046a2 to target datanode 175387aa-b9ee-41c1-b0e4-681623c30108
2023-06-27 18:42:13,477 [main] DEBUG balancer.ContainerBalancerTask (ContainerBalancerTask.java:lambda$moveContainer$3(834)) - Container move completed for container #83 from source 451e9f07-fe74-4052-9bb2-6927722046a2 to target 175387aa-b9ee-41c1-b0e4-681623c30108
2023-06-27 18:42:13,480 [main] DEBUG balancer.ContainerBalancerTask (ContainerBalancerTask.java:matchSourceWithTarget(706)) - ContainerBalancer is finding suitable target for source datanode f715f3af-4f25-4312-b820-bb889dbfb46d
2023-06-27 18:42:13,480 [main] INFO  balancer.ContainerBalancerTask (ContainerBalancerTask.java:matchSourceWithTarget(720)) - ContainerBalancer matched source datanode f715f3af-4f25-4312-b820-bb889dbfb46d with target datanode 175387aa-b9ee-41c1-b0e4-681623c30108 for container move.
2023-06-27 18:42:13,480 [main] INFO  balancer.ContainerBalancerTask (ContainerBalancerTask.java:processMoveSelection(569)) - ContainerBalancer is trying to move container #19 with size 4294967296B from source datanode f715f3af-4f25-4312-b820-bb889dbfb46d to target datanode 175387aa-b9ee-41c1-b0e4-681623c30108
2023-06-27 18:42:13,480 [main] DEBUG balancer.ContainerBalancerTask (ContainerBalancerTask.java:lambda$moveContainer$3(834)) - Container move completed for container #19 from source f715f3af-4f25-4312-b820-bb889dbfb46d to target 175387aa-b9ee-41c1-b0e4-681623c30108
2023-06-27 18:42:13,483 [main] DEBUG balancer.ContainerBalancerTask (ContainerBalancerTask.java:matchSourceWithTarget(706)) - ContainerBalancer is finding suitable target for source datanode 21e57b04-495f-4808-98d5-422cb5c0b11f
2023-06-27 18:42:13,483 [main] INFO  balancer.ContainerBalancerTask (ContainerBalancerTask.java:matchSourceWithTarget(720)) - ContainerBalancer matched source datanode 21e57b04-495f-4808-98d5-422cb5c0b11f with target datanode 175387aa-b9ee-41c1-b0e4-681623c30108 for container move.
2023-06-27 18:42:13,483 [main] INFO  balancer.ContainerBalancerTask (ContainerBalancerTask.java:processMoveSelection(569)) - ContainerBalancer is trying to move container #28 with size 4294967296B from source datanode 21e57b04-495f-4808-98d5-422cb5c0b11f to target datanode 175387aa-b9ee-41c1-b0e4-681623c30108
2023-06-27 18:42:13,483 [main] DEBUG balancer.ContainerBalancerTask (ContainerBalancerTask.java:lambda$moveContainer$3(834)) - Container move completed for container #28 from source 21e57b04-495f-4808-98d5-422cb5c0b11f to target 175387aa-b9ee-41c1-b0e4-681623c30108
2023-06-27 18:42:13,486 [main] DEBUG balancer.ContainerBalancerTask (ContainerBalancerTask.java:matchSourceWithTarget(706)) - ContainerBalancer is finding suitable target for source datanode f715f3af-4f25-4312-b820-bb889dbfb46d
2023-06-27 18:42:13,487 [main] INFO  balancer.ContainerBalancerTask (ContainerBalancerTask.java:matchSourceWithTarget(720)) - ContainerBalancer matched source datanode f715f3af-4f25-4312-b820-bb889dbfb46d with target datanode 175387aa-b9ee-41c1-b0e4-681623c30108 for container move.
2023-06-27 18:42:13,487 [main] INFO  balancer.ContainerBalancerTask (ContainerBalancerTask.java:processMoveSelection(569)) - ContainerBalancer is trying to move container #38 with size 3221225472B from source datanode f715f3af-4f25-4312-b820-bb889dbfb46d to target datanode 175387aa-b9ee-41c1-b0e4-681623c30108
2023-06-27 18:42:13,487 [main] DEBUG balancer.ContainerBalancerTask (ContainerBalancerTask.java:lambda$moveContainer$3(834)) - Container move completed for container #38 from source f715f3af-4f25-4312-b820-bb889dbfb46d to target 175387aa-b9ee-41c1-b0e4-681623c30108
2023-06-27 18:42:13,490 [main] DEBUG balancer.ContainerBalancerTask (ContainerBalancerTask.java:matchSourceWithTarget(706)) - ContainerBalancer is finding suitable target for source datanode 3291cfd9-d864-465d-9c1f-1c26e6403ea6
2023-06-27 18:42:13,490 [main] INFO  balancer.ContainerBalancerTask (ContainerBalancerTask.java:matchSourceWithTarget(720)) - ContainerBalancer matched source datanode 3291cfd9-d864-465d-9c1f-1c26e6403ea6 with target datanode 6091fb25-6e35-4395-ac69-b4ae79339977 for container move.
2023-06-27 18:42:13,490 [main] INFO  balancer.ContainerBalancerTask (ContainerBalancerTask.java:processMoveSelection(569)) - ContainerBalancer is trying to move container #82 with size 2147483648B from source datanode 3291cfd9-d864-465d-9c1f-1c26e6403ea6 to target datanode 6091fb25-6e35-4395-ac69-b4ae79339977
2023-06-27 18:42:13,490 [main] DEBUG balancer.ContainerBalancerTask (ContainerBalancerTask.java:lambda$moveContainer$3(834)) - Container move completed for container #82 from source 3291cfd9-d864-465d-9c1f-1c26e6403ea6 to target 6091fb25-6e35-4395-ac69-b4ae79339977
2023-06-27 18:42:13,490 [main] WARN  balancer.ContainerBalancerTask (ContainerBalancerTask.java:reachedMaxSizeToMovePerIteration(731)) - Reached max size to move limit. 53687091200 bytes have already been scheduled for balancing and the limit is 53687091200 bytes.
2023-06-27 18:42:13,490 [main] INFO  balancer.ContainerBalancerTask (ContainerBalancerTask.java:checkIterationMoveResults(640)) - Iteration Summary. Number of Datanodes involved: 7. Size moved: 50 GB (53687091200 Bytes). Number of Container moves completed: 13.
2023-06-27 18:42:13,490 [main] INFO  balancer.ContainerBalancerTask (ContainerBalancerTask.java:balance(259)) - Result of this iteration of Container Balancer: ITERATION_COMPLETED
2023-06-27 18:42:13,491 [main] INFO  balancer.ContainerBalancerTask (ContainerBalancerTask.java:tryStopWithSaveConfiguration(308)) - Save Configuration for stopping. Reason: Completed all iterations.
]]></system-out>
  </testcase>
  <testcase name="containerBalancerShouldSelectOnlyClosedContainers" classname="org.apache.hadoop.hdds.scm.container.balancer.TestContainerBalancerTask" time="0.074">
    <system-out><![CDATA[2023-06-27 18:42:13,513 [main] INFO  net.NodeSchemaLoader (NodeSchemaLoader.java:loadSchemaFromFile(129)) - Loading schema from [file:/home/runner/work/ozone/ozone/hadoop-hdds/common/target/classes/network-topology-default.xml]
2023-06-27 18:42:13,513 [main] INFO  net.NodeSchemaLoader (NodeSchemaLoader.java:loadSchema(176)) - Loading network topology layer schema file
2023-06-27 18:42:13,514 [main] INFO  net.NetworkTopologyImpl (NetworkTopologyImpl.java:add(112)) - Added a new node: /default-rack/b818bfd9-de8e-4089-b02a-bacc27bafb6e
2023-06-27 18:42:13,514 [main] INFO  net.NetworkTopologyImpl (NetworkTopologyImpl.java:add(112)) - Added a new node: /default-rack/6eb8068a-58b1-4b5d-93d2-cdf069c3b8f9
2023-06-27 18:42:13,514 [main] INFO  net.NetworkTopologyImpl (NetworkTopologyImpl.java:add(112)) - Added a new node: /default-rack/7d228080-cf61-48de-b5e9-a18bb2d2e5aa
2023-06-27 18:42:13,514 [main] INFO  net.NetworkTopologyImpl (NetworkTopologyImpl.java:add(112)) - Added a new node: /default-rack/90f2784b-93e6-4f89-bed3-e63df49a292b
2023-06-27 18:42:13,515 [main] INFO  net.NetworkTopologyImpl (NetworkTopologyImpl.java:add(112)) - Added a new node: /default-rack/c5625f9a-69c9-425d-b7a7-7161f8fa32ca
2023-06-27 18:42:13,515 [main] INFO  net.NetworkTopologyImpl (NetworkTopologyImpl.java:add(112)) - Added a new node: /default-rack/58261388-1709-427a-af13-3b89fa0c8890
2023-06-27 18:42:13,515 [main] INFO  net.NetworkTopologyImpl (NetworkTopologyImpl.java:add(112)) - Added a new node: /default-rack/74a2f2f2-fdff-4a73-87fe-803776c7013e
2023-06-27 18:42:13,515 [main] INFO  net.NetworkTopologyImpl (NetworkTopologyImpl.java:add(112)) - Added a new node: /default-rack/9a40e5c6-6fcb-4ef3-b2c0-f57e726249be
2023-06-27 18:42:13,515 [main] INFO  net.NetworkTopologyImpl (NetworkTopologyImpl.java:add(112)) - Added a new node: /default-rack/98450512-c863-4b5f-8425-c756f52b696e
2023-06-27 18:42:13,515 [main] INFO  net.NetworkTopologyImpl (NetworkTopologyImpl.java:add(112)) - Added a new node: /default-rack/7ffb9f1b-4025-462c-b7c2-0c36e719cfdb
2023-06-27 18:42:13,515 [main] INFO  algorithms.ContainerPlacementPolicyFactory (ContainerPlacementPolicyFactory.java:getPolicyInternal(86)) - Create container placement policy of type org.apache.hadoop.hdds.scm.container.placement.algorithms.SCMContainerPlacementRackAware
2023-06-27 18:42:13,515 [main] INFO  algorithms.ContainerPlacementPolicyFactory (ContainerPlacementPolicyFactory.java:getPolicyInternal(86)) - Create container placement policy of type org.apache.hadoop.hdds.scm.container.placement.algorithms.SCMContainerPlacementRackScatter
2023-06-27 18:42:13,517 [main] DEBUG balancer.ContainerBalancerTask (ContainerBalancerTask.java:initializeIteration(374)) - Average utilization of the cluster is 0.37730631219168215
2023-06-27 18:42:13,517 [main] DEBUG balancer.ContainerBalancerTask (ContainerBalancerTask.java:initializeIteration(386)) - Lower limit for utilization is 0.2773063121916821 and Upper limit for utilization is 0.4773063121916822
2023-06-27 18:42:13,517 [main] DEBUG balancer.ContainerBalancerTask (ContainerBalancerTask.java:initializeIteration(398)) - Utilization for node 90f2784b-93e6-4f89-bed3-e63df49a292b with capacity 70389741795B, used 63350767616B, and remaining 7038974179B is 0.9000000000071033
2023-06-27 18:42:13,518 [main] DEBUG balancer.ContainerBalancerTask (ContainerBalancerTask.java:initializeIteration(398)) - Utilization for node b818bfd9-de8e-4089-b02a-bacc27bafb6e with capacity 53687091200B, used 42949672960B, and remaining 10737418240B is 0.8
2023-06-27 18:42:13,518 [main] DEBUG balancer.ContainerBalancerTask (ContainerBalancerTask.java:initializeIteration(398)) - Utilization for node 9a40e5c6-6fcb-4ef3-b2c0-f57e726249be with capacity 78229761462B, used 54760833024B, and remaining 23468928438B is 0.7000000000076697
2023-06-27 18:42:13,518 [main] DEBUG balancer.ContainerBalancerTask (ContainerBalancerTask.java:initializeIteration(398)) - Utilization for node 6eb8068a-58b1-4b5d-93d2-cdf069c3b8f9 with capacity 76951497386B, used 46170898432B, and remaining 30780598954B is 0.600000000005198
2023-06-27 18:42:13,518 [main] DEBUG balancer.ContainerBalancerTask (ContainerBalancerTask.java:initializeIteration(398)) - Utilization for node 98450512-c863-4b5f-8425-c756f52b696e with capacity 83751862272B, used 41875931136B, and remaining 41875931136B is 0.5
2023-06-27 18:42:13,518 [main] DEBUG balancer.ContainerBalancerTask (ContainerBalancerTask.java:initializeIteration(398)) - Utilization for node 74a2f2f2-fdff-4a73-87fe-803776c7013e with capacity 136902082560B, used 54760833024B, and remaining 82141249536B is 0.4
2023-06-27 18:42:13,518 [main] DEBUG balancer.ContainerBalancerTask (ContainerBalancerTask.java:initializeIteration(398)) - Utilization for node 58261388-1709-427a-af13-3b89fa0c8890 with capacity 107374182400B, used 32212254720B, and remaining 75161927680B is 0.3
2023-06-27 18:42:13,518 [main] DEBUG balancer.ContainerBalancerTask (ContainerBalancerTask.java:initializeIteration(398)) - Utilization for node 7ffb9f1b-4025-462c-b7c2-0c36e719cfdb with capacity 80530636800B, used 16106127360B, and remaining 64424509440B is 0.2
2023-06-27 18:42:13,518 [main] DEBUG balancer.ContainerBalancerTask (ContainerBalancerTask.java:initializeIteration(398)) - Utilization for node c5625f9a-69c9-425d-b7a7-7161f8fa32ca with capacity 268435456000B, used 26843545600B, and remaining 241591910400B is 0.1
2023-06-27 18:42:13,518 [main] DEBUG balancer.ContainerBalancerTask (ContainerBalancerTask.java:initializeIteration(398)) - Utilization for node 7d228080-cf61-48de-b5e9-a18bb2d2e5aa with capacity 48318382080B, used 0B, and remaining 48318382080B is 0.0
2023-06-27 18:42:13,518 [main] INFO  balancer.ContainerBalancerTask (ContainerBalancerTask.java:initializeIteration(447)) - Container Balancer has identified 5 Over-Utilized and 3 Under-Utilized Datanodes that need to be balanced.
2023-06-27 18:42:13,518 [main] DEBUG balancer.ContainerBalancerTask (ContainerBalancerTask.java:lambda$initializeIteration$1(453)) - Datanode localhost-3.113.253.4 90f2784b-93e6-4f89-bed3-e63df49a292b is Over-Utilized.
2023-06-27 18:42:13,518 [main] DEBUG balancer.ContainerBalancerTask (ContainerBalancerTask.java:lambda$initializeIteration$1(453)) - Datanode localhost-155.127.159.101 b818bfd9-de8e-4089-b02a-bacc27bafb6e is Over-Utilized.
2023-06-27 18:42:13,519 [main] DEBUG balancer.ContainerBalancerTask (ContainerBalancerTask.java:lambda$initializeIteration$1(453)) - Datanode localhost-188.196.180.90 9a40e5c6-6fcb-4ef3-b2c0-f57e726249be is Over-Utilized.
2023-06-27 18:42:13,519 [main] DEBUG balancer.ContainerBalancerTask (ContainerBalancerTask.java:lambda$initializeIteration$1(453)) - Datanode localhost-95.85.155.40 6eb8068a-58b1-4b5d-93d2-cdf069c3b8f9 is Over-Utilized.
2023-06-27 18:42:13,519 [main] DEBUG balancer.ContainerBalancerTask (ContainerBalancerTask.java:lambda$initializeIteration$1(453)) - Datanode localhost-201.164.147.133 98450512-c863-4b5f-8425-c756f52b696e is Over-Utilized.
2023-06-27 18:42:13,519 [main] DEBUG balancer.ContainerBalancerTask (ContainerBalancerTask.java:lambda$initializeIteration$2(459)) - Datanode localhost-81.122.180.209 7d228080-cf61-48de-b5e9-a18bb2d2e5aa is Under-Utilized.
2023-06-27 18:42:13,519 [main] DEBUG balancer.ContainerBalancerTask (ContainerBalancerTask.java:lambda$initializeIteration$2(459)) - Datanode localhost-189.170.224.89 c5625f9a-69c9-425d-b7a7-7161f8fa32ca is Under-Utilized.
2023-06-27 18:42:13,519 [main] DEBUG balancer.ContainerBalancerTask (ContainerBalancerTask.java:lambda$initializeIteration$2(459)) - Datanode localhost-214.168.28.159 7ffb9f1b-4025-462c-b7c2-0c36e719cfdb is Under-Utilized.
2023-06-27 18:42:13,521 [main] DEBUG balancer.ContainerBalancerTask (ContainerBalancerTask.java:matchSourceWithTarget(699)) - ContainerBalancer could not find any candidate containers for datanode 90f2784b-93e6-4f89-bed3-e63df49a292b
2023-06-27 18:42:13,522 [main] DEBUG balancer.ContainerBalancerTask (ContainerBalancerTask.java:matchSourceWithTarget(699)) - ContainerBalancer could not find any candidate containers for datanode b818bfd9-de8e-4089-b02a-bacc27bafb6e
2023-06-27 18:42:13,524 [main] DEBUG balancer.ContainerBalancerTask (ContainerBalancerTask.java:matchSourceWithTarget(699)) - ContainerBalancer could not find any candidate containers for datanode 9a40e5c6-6fcb-4ef3-b2c0-f57e726249be
2023-06-27 18:42:13,526 [main] DEBUG balancer.ContainerBalancerTask (ContainerBalancerTask.java:matchSourceWithTarget(699)) - ContainerBalancer could not find any candidate containers for datanode 6eb8068a-58b1-4b5d-93d2-cdf069c3b8f9
2023-06-27 18:42:13,527 [main] DEBUG balancer.ContainerBalancerTask (ContainerBalancerTask.java:matchSourceWithTarget(699)) - ContainerBalancer could not find any candidate containers for datanode 98450512-c863-4b5f-8425-c756f52b696e
2023-06-27 18:42:13,527 [main] INFO  balancer.FindSourceGreedy (FindSourceGreedy.java:getNextCandidateSourceDataNode(126)) - no more candidate source data node
2023-06-27 18:42:13,527 [main] INFO  balancer.ContainerBalancerTask (ContainerBalancerTask.java:balance(259)) - Result of this iteration of Container Balancer: CAN_NOT_BALANCE_ANY_MORE
2023-06-27 18:42:13,527 [main] INFO  balancer.ContainerBalancerTask (ContainerBalancerTask.java:tryStopWithSaveConfiguration(308)) - Save Configuration for stopping. Reason: CAN_NOT_BALANCE_ANY_MORE
2023-06-27 18:42:13,527 [main] DEBUG balancer.ContainerBalancerTask (ContainerBalancerTask.java:initializeIteration(374)) - Average utilization of the cluster is 0.37730631219168215
2023-06-27 18:42:13,527 [main] DEBUG balancer.ContainerBalancerTask (ContainerBalancerTask.java:initializeIteration(386)) - Lower limit for utilization is 0.2773063121916821 and Upper limit for utilization is 0.4773063121916822
2023-06-27 18:42:13,528 [main] DEBUG balancer.ContainerBalancerTask (ContainerBalancerTask.java:initializeIteration(398)) - Utilization for node 90f2784b-93e6-4f89-bed3-e63df49a292b with capacity 70389741795B, used 63350767616B, and remaining 7038974179B is 0.9000000000071033
2023-06-27 18:42:13,528 [main] DEBUG balancer.ContainerBalancerTask (ContainerBalancerTask.java:initializeIteration(398)) - Utilization for node b818bfd9-de8e-4089-b02a-bacc27bafb6e with capacity 53687091200B, used 42949672960B, and remaining 10737418240B is 0.8
2023-06-27 18:42:13,528 [main] DEBUG balancer.ContainerBalancerTask (ContainerBalancerTask.java:initializeIteration(398)) - Utilization for node 9a40e5c6-6fcb-4ef3-b2c0-f57e726249be with capacity 78229761462B, used 54760833024B, and remaining 23468928438B is 0.7000000000076697
2023-06-27 18:42:13,528 [main] DEBUG balancer.ContainerBalancerTask (ContainerBalancerTask.java:initializeIteration(398)) - Utilization for node 6eb8068a-58b1-4b5d-93d2-cdf069c3b8f9 with capacity 76951497386B, used 46170898432B, and remaining 30780598954B is 0.600000000005198
2023-06-27 18:42:13,528 [main] DEBUG balancer.ContainerBalancerTask (ContainerBalancerTask.java:initializeIteration(398)) - Utilization for node 98450512-c863-4b5f-8425-c756f52b696e with capacity 83751862272B, used 41875931136B, and remaining 41875931136B is 0.5
2023-06-27 18:42:13,528 [main] DEBUG balancer.ContainerBalancerTask (ContainerBalancerTask.java:initializeIteration(398)) - Utilization for node 74a2f2f2-fdff-4a73-87fe-803776c7013e with capacity 136902082560B, used 54760833024B, and remaining 82141249536B is 0.4
2023-06-27 18:42:13,528 [main] DEBUG balancer.ContainerBalancerTask (ContainerBalancerTask.java:initializeIteration(398)) - Utilization for node 58261388-1709-427a-af13-3b89fa0c8890 with capacity 107374182400B, used 32212254720B, and remaining 75161927680B is 0.3
2023-06-27 18:42:13,528 [main] DEBUG balancer.ContainerBalancerTask (ContainerBalancerTask.java:initializeIteration(398)) - Utilization for node 7ffb9f1b-4025-462c-b7c2-0c36e719cfdb with capacity 80530636800B, used 16106127360B, and remaining 64424509440B is 0.2
2023-06-27 18:42:13,528 [main] DEBUG balancer.ContainerBalancerTask (ContainerBalancerTask.java:initializeIteration(398)) - Utilization for node c5625f9a-69c9-425d-b7a7-7161f8fa32ca with capacity 268435456000B, used 26843545600B, and remaining 241591910400B is 0.1
2023-06-27 18:42:13,528 [main] DEBUG balancer.ContainerBalancerTask (ContainerBalancerTask.java:initializeIteration(398)) - Utilization for node 7d228080-cf61-48de-b5e9-a18bb2d2e5aa with capacity 48318382080B, used 0B, and remaining 48318382080B is 0.0
2023-06-27 18:42:13,528 [main] INFO  balancer.ContainerBalancerTask (ContainerBalancerTask.java:initializeIteration(447)) - Container Balancer has identified 5 Over-Utilized and 3 Under-Utilized Datanodes that need to be balanced.
2023-06-27 18:42:13,528 [main] DEBUG balancer.ContainerBalancerTask (ContainerBalancerTask.java:lambda$initializeIteration$1(453)) - Datanode localhost-3.113.253.4 90f2784b-93e6-4f89-bed3-e63df49a292b is Over-Utilized.
2023-06-27 18:42:13,529 [main] DEBUG balancer.ContainerBalancerTask (ContainerBalancerTask.java:lambda$initializeIteration$1(453)) - Datanode localhost-155.127.159.101 b818bfd9-de8e-4089-b02a-bacc27bafb6e is Over-Utilized.
2023-06-27 18:42:13,529 [main] DEBUG balancer.ContainerBalancerTask (ContainerBalancerTask.java:lambda$initializeIteration$1(453)) - Datanode localhost-188.196.180.90 9a40e5c6-6fcb-4ef3-b2c0-f57e726249be is Over-Utilized.
2023-06-27 18:42:13,529 [main] DEBUG balancer.ContainerBalancerTask (ContainerBalancerTask.java:lambda$initializeIteration$1(453)) - Datanode localhost-95.85.155.40 6eb8068a-58b1-4b5d-93d2-cdf069c3b8f9 is Over-Utilized.
2023-06-27 18:42:13,529 [main] DEBUG balancer.ContainerBalancerTask (ContainerBalancerTask.java:lambda$initializeIteration$1(453)) - Datanode localhost-201.164.147.133 98450512-c863-4b5f-8425-c756f52b696e is Over-Utilized.
2023-06-27 18:42:13,529 [main] DEBUG balancer.ContainerBalancerTask (ContainerBalancerTask.java:lambda$initializeIteration$2(459)) - Datanode localhost-81.122.180.209 7d228080-cf61-48de-b5e9-a18bb2d2e5aa is Under-Utilized.
2023-06-27 18:42:13,529 [main] DEBUG balancer.ContainerBalancerTask (ContainerBalancerTask.java:lambda$initializeIteration$2(459)) - Datanode localhost-189.170.224.89 c5625f9a-69c9-425d-b7a7-7161f8fa32ca is Under-Utilized.
2023-06-27 18:42:13,529 [main] DEBUG balancer.ContainerBalancerTask (ContainerBalancerTask.java:lambda$initializeIteration$2(459)) - Datanode localhost-214.168.28.159 7ffb9f1b-4025-462c-b7c2-0c36e719cfdb is Under-Utilized.
2023-06-27 18:42:13,532 [main] DEBUG balancer.ContainerBalancerTask (ContainerBalancerTask.java:matchSourceWithTarget(706)) - ContainerBalancer is finding suitable target for source datanode 90f2784b-93e6-4f89-bed3-e63df49a292b
2023-06-27 18:42:13,532 [main] INFO  balancer.ContainerBalancerTask (ContainerBalancerTask.java:matchSourceWithTarget(720)) - ContainerBalancer matched source datanode 90f2784b-93e6-4f89-bed3-e63df49a292b with target datanode 7d228080-cf61-48de-b5e9-a18bb2d2e5aa for container move.
2023-06-27 18:42:13,532 [main] INFO  balancer.ContainerBalancerTask (ContainerBalancerTask.java:processMoveSelection(569)) - ContainerBalancer is trying to move container #85 with size 5368709120B from source datanode 90f2784b-93e6-4f89-bed3-e63df49a292b to target datanode 7d228080-cf61-48de-b5e9-a18bb2d2e5aa
2023-06-27 18:42:13,532 [main] DEBUG balancer.ContainerBalancerTask (ContainerBalancerTask.java:lambda$moveContainer$3(834)) - Container move completed for container #85 from source 90f2784b-93e6-4f89-bed3-e63df49a292b to target 7d228080-cf61-48de-b5e9-a18bb2d2e5aa
2023-06-27 18:42:13,535 [main] DEBUG balancer.ContainerBalancerTask (ContainerBalancerTask.java:matchSourceWithTarget(706)) - ContainerBalancer is finding suitable target for source datanode 90f2784b-93e6-4f89-bed3-e63df49a292b
2023-06-27 18:42:13,535 [main] INFO  balancer.ContainerBalancerTask (ContainerBalancerTask.java:matchSourceWithTarget(720)) - ContainerBalancer matched source datanode 90f2784b-93e6-4f89-bed3-e63df49a292b with target datanode c5625f9a-69c9-425d-b7a7-7161f8fa32ca for container move.
2023-06-27 18:42:13,535 [main] INFO  balancer.ContainerBalancerTask (ContainerBalancerTask.java:processMoveSelection(569)) - ContainerBalancer is trying to move container #53 with size 5368709120B from source datanode 90f2784b-93e6-4f89-bed3-e63df49a292b to target datanode c5625f9a-69c9-425d-b7a7-7161f8fa32ca
2023-06-27 18:42:13,535 [main] DEBUG balancer.ContainerBalancerTask (ContainerBalancerTask.java:lambda$moveContainer$3(834)) - Container move completed for container #53 from source 90f2784b-93e6-4f89-bed3-e63df49a292b to target c5625f9a-69c9-425d-b7a7-7161f8fa32ca
2023-06-27 18:42:13,537 [main] DEBUG balancer.ContainerBalancerTask (ContainerBalancerTask.java:matchSourceWithTarget(706)) - ContainerBalancer is finding suitable target for source datanode b818bfd9-de8e-4089-b02a-bacc27bafb6e
2023-06-27 18:42:13,537 [main] INFO  balancer.ContainerBalancerTask (ContainerBalancerTask.java:matchSourceWithTarget(720)) - ContainerBalancer matched source datanode b818bfd9-de8e-4089-b02a-bacc27bafb6e with target datanode 7d228080-cf61-48de-b5e9-a18bb2d2e5aa for container move.
2023-06-27 18:42:13,537 [main] INFO  balancer.ContainerBalancerTask (ContainerBalancerTask.java:processMoveSelection(569)) - ContainerBalancer is trying to move container #68 with size 5368709120B from source datanode b818bfd9-de8e-4089-b02a-bacc27bafb6e to target datanode 7d228080-cf61-48de-b5e9-a18bb2d2e5aa
2023-06-27 18:42:13,537 [main] DEBUG balancer.ContainerBalancerTask (ContainerBalancerTask.java:lambda$moveContainer$3(834)) - Container move completed for container #68 from source b818bfd9-de8e-4089-b02a-bacc27bafb6e to target 7d228080-cf61-48de-b5e9-a18bb2d2e5aa
2023-06-27 18:42:13,540 [main] DEBUG balancer.ContainerBalancerTask (ContainerBalancerTask.java:matchSourceWithTarget(706)) - ContainerBalancer is finding suitable target for source datanode 90f2784b-93e6-4f89-bed3-e63df49a292b
2023-06-27 18:42:13,540 [main] INFO  balancer.ContainerBalancerTask (ContainerBalancerTask.java:matchSourceWithTarget(720)) - ContainerBalancer matched source datanode 90f2784b-93e6-4f89-bed3-e63df49a292b with target datanode c5625f9a-69c9-425d-b7a7-7161f8fa32ca for container move.
2023-06-27 18:42:13,540 [main] INFO  balancer.ContainerBalancerTask (ContainerBalancerTask.java:processMoveSelection(569)) - ContainerBalancer is trying to move container #29 with size 5368709120B from source datanode 90f2784b-93e6-4f89-bed3-e63df49a292b to target datanode c5625f9a-69c9-425d-b7a7-7161f8fa32ca
2023-06-27 18:42:13,540 [main] DEBUG balancer.ContainerBalancerTask (ContainerBalancerTask.java:lambda$moveContainer$3(834)) - Container move completed for container #29 from source 90f2784b-93e6-4f89-bed3-e63df49a292b to target c5625f9a-69c9-425d-b7a7-7161f8fa32ca
2023-06-27 18:42:13,543 [main] DEBUG balancer.ContainerBalancerTask (ContainerBalancerTask.java:matchSourceWithTarget(706)) - ContainerBalancer is finding suitable target for source datanode 9a40e5c6-6fcb-4ef3-b2c0-f57e726249be
2023-06-27 18:42:13,543 [main] INFO  balancer.ContainerBalancerTask (ContainerBalancerTask.java:matchSourceWithTarget(720)) - ContainerBalancer matched source datanode 9a40e5c6-6fcb-4ef3-b2c0-f57e726249be with target datanode c5625f9a-69c9-425d-b7a7-7161f8fa32ca for container move.
2023-06-27 18:42:13,543 [main] INFO  balancer.ContainerBalancerTask (ContainerBalancerTask.java:processMoveSelection(569)) - ContainerBalancer is trying to move container #52 with size 4294967296B from source datanode 9a40e5c6-6fcb-4ef3-b2c0-f57e726249be to target datanode c5625f9a-69c9-425d-b7a7-7161f8fa32ca
2023-06-27 18:42:13,544 [main] DEBUG balancer.ContainerBalancerTask (ContainerBalancerTask.java:lambda$moveContainer$3(834)) - Container move completed for container #52 from source 9a40e5c6-6fcb-4ef3-b2c0-f57e726249be to target c5625f9a-69c9-425d-b7a7-7161f8fa32ca
2023-06-27 18:42:13,546 [main] DEBUG balancer.ContainerBalancerTask (ContainerBalancerTask.java:matchSourceWithTarget(706)) - ContainerBalancer is finding suitable target for source datanode b818bfd9-de8e-4089-b02a-bacc27bafb6e
2023-06-27 18:42:13,546 [main] INFO  balancer.ContainerBalancerTask (ContainerBalancerTask.java:matchSourceWithTarget(720)) - ContainerBalancer matched source datanode b818bfd9-de8e-4089-b02a-bacc27bafb6e with target datanode c5625f9a-69c9-425d-b7a7-7161f8fa32ca for container move.
2023-06-27 18:42:13,546 [main] INFO  balancer.ContainerBalancerTask (ContainerBalancerTask.java:processMoveSelection(569)) - ContainerBalancer is trying to move container #89 with size 4294967296B from source datanode b818bfd9-de8e-4089-b02a-bacc27bafb6e to target datanode c5625f9a-69c9-425d-b7a7-7161f8fa32ca
2023-06-27 18:42:13,546 [main] DEBUG balancer.ContainerBalancerTask (ContainerBalancerTask.java:lambda$moveContainer$3(834)) - Container move completed for container #89 from source b818bfd9-de8e-4089-b02a-bacc27bafb6e to target c5625f9a-69c9-425d-b7a7-7161f8fa32ca
2023-06-27 18:42:13,549 [main] DEBUG balancer.ContainerBalancerTask (ContainerBalancerTask.java:matchSourceWithTarget(706)) - ContainerBalancer is finding suitable target for source datanode 90f2784b-93e6-4f89-bed3-e63df49a292b
2023-06-27 18:42:13,549 [main] INFO  balancer.ContainerBalancerTask (ContainerBalancerTask.java:matchSourceWithTarget(720)) - ContainerBalancer matched source datanode 90f2784b-93e6-4f89-bed3-e63df49a292b with target datanode c5625f9a-69c9-425d-b7a7-7161f8fa32ca for container move.
2023-06-27 18:42:13,549 [main] INFO  balancer.ContainerBalancerTask (ContainerBalancerTask.java:processMoveSelection(569)) - ContainerBalancer is trying to move container #39 with size 4294967296B from source datanode 90f2784b-93e6-4f89-bed3-e63df49a292b to target datanode c5625f9a-69c9-425d-b7a7-7161f8fa32ca
2023-06-27 18:42:13,549 [main] DEBUG balancer.ContainerBalancerTask (ContainerBalancerTask.java:lambda$moveContainer$3(834)) - Container move completed for container #39 from source 90f2784b-93e6-4f89-bed3-e63df49a292b to target c5625f9a-69c9-425d-b7a7-7161f8fa32ca
2023-06-27 18:42:13,553 [main] DEBUG balancer.ContainerBalancerTask (ContainerBalancerTask.java:matchSourceWithTarget(706)) - ContainerBalancer is finding suitable target for source datanode 9a40e5c6-6fcb-4ef3-b2c0-f57e726249be
2023-06-27 18:42:13,553 [main] INFO  balancer.ContainerBalancerTask (ContainerBalancerTask.java:matchSourceWithTarget(720)) - ContainerBalancer matched source datanode 9a40e5c6-6fcb-4ef3-b2c0-f57e726249be with target datanode c5625f9a-69c9-425d-b7a7-7161f8fa32ca for container move.
2023-06-27 18:42:13,553 [main] INFO  balancer.ContainerBalancerTask (ContainerBalancerTask.java:processMoveSelection(569)) - ContainerBalancer is trying to move container #19 with size 4294967296B from source datanode 9a40e5c6-6fcb-4ef3-b2c0-f57e726249be to target datanode c5625f9a-69c9-425d-b7a7-7161f8fa32ca
2023-06-27 18:42:13,553 [main] DEBUG balancer.ContainerBalancerTask (ContainerBalancerTask.java:lambda$moveContainer$3(834)) - Container move completed for container #19 from source 9a40e5c6-6fcb-4ef3-b2c0-f57e726249be to target c5625f9a-69c9-425d-b7a7-7161f8fa32ca
2023-06-27 18:42:13,555 [main] DEBUG balancer.ContainerBalancerTask (ContainerBalancerTask.java:matchSourceWithTarget(706)) - ContainerBalancer is finding suitable target for source datanode b818bfd9-de8e-4089-b02a-bacc27bafb6e
2023-06-27 18:42:13,555 [main] INFO  balancer.ContainerBalancerTask (ContainerBalancerTask.java:matchSourceWithTarget(720)) - ContainerBalancer matched source datanode b818bfd9-de8e-4089-b02a-bacc27bafb6e with target datanode 7ffb9f1b-4025-462c-b7c2-0c36e719cfdb for container move.
2023-06-27 18:42:13,555 [main] INFO  balancer.ContainerBalancerTask (ContainerBalancerTask.java:processMoveSelection(569)) - ContainerBalancer is trying to move container #67 with size 4294967296B from source datanode b818bfd9-de8e-4089-b02a-bacc27bafb6e to target datanode 7ffb9f1b-4025-462c-b7c2-0c36e719cfdb
2023-06-27 18:42:13,556 [main] DEBUG balancer.ContainerBalancerTask (ContainerBalancerTask.java:lambda$moveContainer$3(834)) - Container move completed for container #67 from source b818bfd9-de8e-4089-b02a-bacc27bafb6e to target 7ffb9f1b-4025-462c-b7c2-0c36e719cfdb
2023-06-27 18:42:13,558 [main] DEBUG balancer.ContainerBalancerTask (ContainerBalancerTask.java:matchSourceWithTarget(706)) - ContainerBalancer is finding suitable target for source datanode 90f2784b-93e6-4f89-bed3-e63df49a292b
2023-06-27 18:42:13,559 [main] INFO  balancer.ContainerBalancerTask (ContainerBalancerTask.java:matchSourceWithTarget(720)) - ContainerBalancer matched source datanode 90f2784b-93e6-4f89-bed3-e63df49a292b with target datanode c5625f9a-69c9-425d-b7a7-7161f8fa32ca for container move.
2023-06-27 18:42:13,559 [main] INFO  balancer.ContainerBalancerTask (ContainerBalancerTask.java:processMoveSelection(569)) - ContainerBalancer is trying to move container #88 with size 3221225472B from source datanode 90f2784b-93e6-4f89-bed3-e63df49a292b to target datanode c5625f9a-69c9-425d-b7a7-7161f8fa32ca
2023-06-27 18:42:13,559 [main] DEBUG balancer.ContainerBalancerTask (ContainerBalancerTask.java:lambda$moveContainer$3(834)) - Container move completed for container #88 from source 90f2784b-93e6-4f89-bed3-e63df49a292b to target c5625f9a-69c9-425d-b7a7-7161f8fa32ca
2023-06-27 18:42:13,561 [main] DEBUG balancer.ContainerBalancerTask (ContainerBalancerTask.java:matchSourceWithTarget(706)) - ContainerBalancer is finding suitable target for source datanode 6eb8068a-58b1-4b5d-93d2-cdf069c3b8f9
2023-06-27 18:42:13,561 [main] INFO  balancer.ContainerBalancerTask (ContainerBalancerTask.java:matchSourceWithTarget(720)) - ContainerBalancer matched source datanode 6eb8068a-58b1-4b5d-93d2-cdf069c3b8f9 with target datanode c5625f9a-69c9-425d-b7a7-7161f8fa32ca for container move.
2023-06-27 18:42:13,561 [main] INFO  balancer.ContainerBalancerTask (ContainerBalancerTask.java:processMoveSelection(569)) - ContainerBalancer is trying to move container #40 with size 5368709120B from source datanode 6eb8068a-58b1-4b5d-93d2-cdf069c3b8f9 to target datanode c5625f9a-69c9-425d-b7a7-7161f8fa32ca
2023-06-27 18:42:13,561 [main] DEBUG balancer.ContainerBalancerTask (ContainerBalancerTask.java:lambda$moveContainer$3(834)) - Container move completed for container #40 from source 6eb8068a-58b1-4b5d-93d2-cdf069c3b8f9 to target c5625f9a-69c9-425d-b7a7-7161f8fa32ca
2023-06-27 18:42:13,565 [main] DEBUG balancer.ContainerBalancerTask (ContainerBalancerTask.java:matchSourceWithTarget(706)) - ContainerBalancer is finding suitable target for source datanode 9a40e5c6-6fcb-4ef3-b2c0-f57e726249be
2023-06-27 18:42:13,565 [main] INFO  balancer.ContainerBalancerTask (ContainerBalancerTask.java:matchSourceWithTarget(720)) - ContainerBalancer matched source datanode 9a40e5c6-6fcb-4ef3-b2c0-f57e726249be with target datanode 7d228080-cf61-48de-b5e9-a18bb2d2e5aa for container move.
2023-06-27 18:42:13,565 [main] INFO  balancer.ContainerBalancerTask (ContainerBalancerTask.java:processMoveSelection(569)) - ContainerBalancer is trying to move container #70 with size 2147483648B from source datanode 9a40e5c6-6fcb-4ef3-b2c0-f57e726249be to target datanode 7d228080-cf61-48de-b5e9-a18bb2d2e5aa
2023-06-27 18:42:13,565 [main] DEBUG balancer.ContainerBalancerTask (ContainerBalancerTask.java:lambda$moveContainer$3(834)) - Container move completed for container #70 from source 9a40e5c6-6fcb-4ef3-b2c0-f57e726249be to target 7d228080-cf61-48de-b5e9-a18bb2d2e5aa
2023-06-27 18:42:13,565 [main] WARN  balancer.ContainerBalancerTask (ContainerBalancerTask.java:reachedMaxSizeToMovePerIteration(731)) - Reached max size to move limit. 53687091200 bytes have already been scheduled for balancing and the limit is 53687091200 bytes.
2023-06-27 18:42:13,565 [main] INFO  balancer.ContainerBalancerTask (ContainerBalancerTask.java:checkIterationMoveResults(640)) - Iteration Summary. Number of Datanodes involved: 7. Size moved: 50 GB (53687091200 Bytes). Number of Container moves completed: 12.
2023-06-27 18:42:13,565 [main] INFO  balancer.ContainerBalancerTask (ContainerBalancerTask.java:balance(259)) - Result of this iteration of Container Balancer: ITERATION_COMPLETED
2023-06-27 18:42:13,566 [main] INFO  balancer.ContainerBalancerTask (ContainerBalancerTask.java:tryStopWithSaveConfiguration(308)) - Save Configuration for stopping. Reason: Completed all iterations.
]]></system-out>
  </testcase>
</testsuite>