<?xml version="1.0" encoding="UTF-8"?>
<testsuite xmlns:xsi="http://www.w3.org/2001/XMLSchema-instance" xsi:noNamespaceSchemaLocation="https://maven.apache.org/surefire/maven-surefire-plugin/xsd/surefire-test-report.xsd" name="org.apache.hadoop.ozone.scm.TestFailoverWithSCMHA" time="18.01" tests="1" errors="1" skipped="0" failures="0">
  <properties>
    <property name="awt.toolkit" value="sun.awt.X11.XToolkit"/>
    <property name="file.encoding.pkg" value="sun.io"/>
    <property name="java.specification.version" value="1.8"/>
    <property name="sun.cpu.isalist" value=""/>
    <property name="sun.jnu.encoding" value="UTF-8"/>
    <property name="java.class.path" value="/home/runner/work/ozone/ozone/mnt/ozone/hadoop-ozone/integration-test/target/test-classes:/home/runner/work/ozone/ozone/mnt/ozone/hadoop-ozone/integration-test/target/classes:/home/runner/.m2/repository/org/apache/ozone/ozone-common/1.2.0-SNAPSHOT/ozone-common-1.2.0-SNAPSHOT.jar:/home/runner/.m2/repository/org/apache/commons/commons-compress/1.20/commons-compress-1.20.jar:/home/runner/.m2/repository/org/apache/ozone/hdds-common/1.2.0-SNAPSHOT/hdds-common-1.2.0-SNAPSHOT.jar:/home/runner/.m2/repository/org/apache/ozone/hdds-client/1.2.0-SNAPSHOT/hdds-client-1.2.0-SNAPSHOT.jar:/home/runner/.m2/repository/org/apache/ozone/ozone-interface-client/1.2.0-SNAPSHOT/ozone-interface-client-1.2.0-SNAPSHOT.jar:/home/runner/.m2/repository/org/apache/ozone/hdds-test-utils/1.2.0-SNAPSHOT/hdds-test-utils-1.2.0-SNAPSHOT.jar:/home/runner/.m2/repository/com/google/guava/guava/30.1.1-jre/guava-30.1.1-jre.jar:/home/runner/.m2/repository/com/google/guava/failureaccess/1.0.1/failureaccess-1.0.1.jar:/home/runner/.m2/repository/com/google/guava/listenablefuture/9999.0-empty-to-avoid-conflict-with-guava/listenablefuture-9999.0-empty-to-avoid-conflict-with-guava.jar:/home/runner/.m2/repository/com/google/code/findbugs/jsr305/3.0.0/jsr305-3.0.0.jar:/home/runner/.m2/repository/org/checkerframework/checker-qual/3.8.0/checker-qual-3.8.0.jar:/home/runner/.m2/repository/com/google/errorprone/error_prone_annotations/2.2.0/error_prone_annotations-2.2.0.jar:/home/runner/.m2/repository/com/google/j2objc/j2objc-annotations/1.3/j2objc-annotations-1.3.jar:/home/runner/.m2/repository/commons-io/commons-io/2.8.0/commons-io-2.8.0.jar:/home/runner/.m2/repository/commons-logging/commons-logging/1.2/commons-logging-1.2.jar:/home/runner/.m2/repository/log4j/log4j/1.2.17/log4j-1.2.17.jar:/home/runner/.m2/repository/org/slf4j/slf4j-api/1.7.30/slf4j-api-1.7.30.jar:/home/runner/.m2/repository/org/apache/ozone/hdds-server-scm/1.2.0-SNAPSHOT/hdds-server-scm-1.2.0-SNAPSHOT.jar:/home/runner/.m2/repository/org/apache/ozone/hdds-container-service/1.2.0-SNAPSHOT/hdds-container-service-1.2.0-SNAPSHOT.jar:/home/runner/.m2/repository/org/apache/ozone/hdds-hadoop-dependency-server/1.2.0-SNAPSHOT/hdds-hadoop-dependency-server-1.2.0-SNAPSHOT.jar:/home/runner/.m2/repository/org/apache/hadoop/hadoop-hdfs/3.2.2/hadoop-hdfs-3.2.2.jar:/home/runner/.m2/repository/org/apache/ozone/hdds-server-framework/1.2.0-SNAPSHOT/hdds-server-framework-1.2.0-SNAPSHOT.jar:/home/runner/.m2/repository/org/apache/ozone/hdds-interface-server/1.2.0-SNAPSHOT/hdds-interface-server-1.2.0-SNAPSHOT.jar:/home/runner/.m2/repository/org/eclipse/jetty/jetty-servlet/9.4.35.v20201120/jetty-servlet-9.4.35.v20201120.jar:/home/runner/.m2/repository/org/eclipse/jetty/jetty-security/9.4.35.v20201120/jetty-security-9.4.35.v20201120.jar:/home/runner/.m2/repository/org/rocksdb/rocksdbjni/6.20.3/rocksdbjni-6.20.3.jar:/home/runner/.m2/repository/io/prometheus/simpleclient_dropwizard/0.7.0/simpleclient_dropwizard-0.7.0.jar:/home/runner/.m2/repository/io/prometheus/simpleclient/0.7.0/simpleclient-0.7.0.jar:/home/runner/.m2/repository/io/prometheus/simpleclient_common/0.7.0/simpleclient_common-0.7.0.jar:/home/runner/.m2/repository/com/fasterxml/jackson/datatype/jackson-datatype-jsr310/2.12.1/jackson-datatype-jsr310-2.12.1.jar:/home/runner/.m2/repository/io/dropwizard/metrics/metrics-core/3.2.4/metrics-core-3.2.4.jar:/home/runner/.m2/repository/org/apache/hadoop/hadoop-hdfs-client/3.2.2/hadoop-hdfs-client-3.2.2.jar:/home/runner/.m2/repository/org/bouncycastle/bcprov-jdk15on/1.67/bcprov-jdk15on-1.67.jar:/home/runner/.m2/repository/com/google/protobuf/protobuf-java/2.5.0/protobuf-java-2.5.0.jar:/home/runner/.m2/repository/org/apache/ozone/ozone-manager/1.2.0-SNAPSHOT/ozone-manager-1.2.0-SNAPSHOT.jar:/home/runner/.m2/repository/org/apache/ozone/hdds-interface-client/1.2.0-SNAPSHOT/hdds-interface-client-1.2.0-SNAPSHOT.jar:/home/runner/.m2/repository/org/apache/ratis/ratis-thirdparty-misc/0.7.0-a398b19-SNAPSHOT/ratis-thirdparty-misc-0.7.0-a398b19-SNAPSHOT.jar:/home/runner/.m2/repository/org/apache/ozone/ozone-interface-storage/1.2.0-SNAPSHOT/ozone-interface-storage-1.2.0-SNAPSHOT.jar:/home/runner/.m2/repository/org/apache/hadoop/hadoop-minikdc/3.2.2/hadoop-minikdc-3.2.2.jar:/home/runner/.m2/repository/org/apache/kerby/kerb-simplekdc/1.0.1/kerb-simplekdc-1.0.1.jar:/home/runner/.m2/repository/org/apache/kerby/kerb-client/1.0.1/kerb-client-1.0.1.jar:/home/runner/.m2/repository/org/apache/kerby/kerby-config/1.0.1/kerby-config-1.0.1.jar:/home/runner/.m2/repository/org/apache/kerby/kerb-core/1.0.1/kerb-core-1.0.1.jar:/home/runner/.m2/repository/org/apache/kerby/kerby-pkix/1.0.1/kerby-pkix-1.0.1.jar:/home/runner/.m2/repository/org/apache/kerby/kerby-asn1/1.0.1/kerby-asn1-1.0.1.jar:/home/runner/.m2/repository/org/apache/kerby/kerby-util/1.0.1/kerby-util-1.0.1.jar:/home/runner/.m2/repository/org/apache/kerby/kerb-common/1.0.1/kerb-common-1.0.1.jar:/home/runner/.m2/repository/org/apache/kerby/kerb-crypto/1.0.1/kerb-crypto-1.0.1.jar:/home/runner/.m2/repository/org/apache/kerby/kerb-util/1.0.1/kerb-util-1.0.1.jar:/home/runner/.m2/repository/org/apache/kerby/token-provider/1.0.1/token-provider-1.0.1.jar:/home/runner/.m2/repository/org/apache/kerby/kerb-admin/1.0.1/kerb-admin-1.0.1.jar:/home/runner/.m2/repository/org/apache/kerby/kerb-server/1.0.1/kerb-server-1.0.1.jar:/home/runner/.m2/repository/org/apache/kerby/kerb-identity/1.0.1/kerb-identity-1.0.1.jar:/home/runner/.m2/repository/org/apache/kerby/kerby-xdr/1.0.1/kerby-xdr-1.0.1.jar:/home/runner/.m2/repository/org/slf4j/slf4j-log4j12/1.7.30/slf4j-log4j12-1.7.30.jar:/home/runner/.m2/repository/org/apache/ozone/ozone-s3gateway/1.2.0-SNAPSHOT/ozone-s3gateway-1.2.0-SNAPSHOT.jar:/home/runner/.m2/repository/org/jboss/weld/servlet/weld-servlet/2.4.7.Final/weld-servlet-2.4.7.Final.jar:/home/runner/.m2/repository/org/glassfish/jersey/containers/jersey-container-servlet-core/2.33/jersey-container-servlet-core-2.33.jar:/home/runner/.m2/repository/org/glassfish/hk2/external/jakarta.inject/2.6.1/jakarta.inject-2.6.1.jar:/home/runner/.m2/repository/org/glassfish/jersey/core/jersey-common/2.33/jersey-common-2.33.jar:/home/runner/.m2/repository/jakarta/ws/rs/jakarta.ws.rs-api/2.1.6/jakarta.ws.rs-api-2.1.6.jar:/home/runner/.m2/repository/org/glassfish/jersey/ext/cdi/jersey-cdi1x/2.33/jersey-cdi1x-2.33.jar:/home/runner/.m2/repository/org/glassfish/jersey/inject/jersey-hk2/2.33/jersey-hk2-2.33.jar:/home/runner/.m2/repository/org/glassfish/hk2/hk2-locator/2.6.1/hk2-locator-2.6.1.jar:/home/runner/.m2/repository/org/javassist/javassist/3.25.0-GA/javassist-3.25.0-GA.jar:/home/runner/.m2/repository/org/glassfish/jersey/media/jersey-media-jaxb/2.33/jersey-media-jaxb-2.33.jar:/home/runner/.m2/repository/org/glassfish/hk2/osgi-resource-locator/1.0.3/osgi-resource-locator-1.0.3.jar:/home/runner/.m2/repository/org/glassfish/hk2/hk2-api/2.5.0/hk2-api-2.5.0.jar:/home/runner/.m2/repository/org/glassfish/hk2/hk2-utils/2.5.0/hk2-utils-2.5.0.jar:/home/runner/.m2/repository/org/glassfish/hk2/external/aopalliance-repackaged/2.5.0/aopalliance-repackaged-2.5.0.jar:/home/runner/.m2/repository/com/fasterxml/jackson/dataformat/jackson-dataformat-xml/2.12.1/jackson-dataformat-xml-2.12.1.jar:/home/runner/.m2/repository/com/fasterxml/jackson/core/jackson-core/2.12.1/jackson-core-2.12.1.jar:/home/runner/.m2/repository/com/fasterxml/jackson/module/jackson-module-jaxb-annotations/2.12.1/jackson-module-jaxb-annotations-2.12.1.jar:/home/runner/.m2/repository/jakarta/xml/bind/jakarta.xml.bind-api/2.3.2/jakarta.xml.bind-api-2.3.2.jar:/home/runner/.m2/repository/jakarta/activation/jakarta.activation-api/1.2.1/jakarta.activation-api-1.2.1.jar:/home/runner/.m2/repository/org/codehaus/woodstox/stax2-api/3.1.4/stax2-api-3.1.4.jar:/home/runner/.m2/repository/com/fasterxml/woodstox/woodstox-core/5.0.3/woodstox-core-5.0.3.jar:/home/runner/.m2/repository/javax/enterprise/cdi-api/1.2/cdi-api-1.2.jar:/home/runner/.m2/repository/javax/el/javax.el-api/3.0.0/javax.el-api-3.0.0.jar:/home/runner/.m2/repository/javax/interceptor/javax.interceptor-api/1.2/javax.interceptor-api-1.2.jar:/home/runner/.m2/repository/javax/inject/javax.inject/1/javax.inject-1.jar:/home/runner/.m2/repository/javax/xml/bind/jaxb-api/2.3.0/jaxb-api-2.3.0.jar:/home/runner/.m2/repository/org/glassfish/jaxb/jaxb-runtime/2.3.0.1/jaxb-runtime-2.3.0.1.jar:/home/runner/.m2/repository/org/glassfish/jaxb/jaxb-core/2.3.0.1/jaxb-core-2.3.0.1.jar:/home/runner/.m2/repository/org/glassfish/jaxb/txw2/2.3.0.1/txw2-2.3.0.1.jar:/home/runner/.m2/repository/com/sun/istack/istack-commons-runtime/3.0.5/istack-commons-runtime-3.0.5.jar:/home/runner/.m2/repository/org/jvnet/staxex/stax-ex/1.7.8/stax-ex-1.7.8.jar:/home/runner/.m2/repository/com/sun/xml/fastinfoset/FastInfoset/1.2.13/FastInfoset-1.2.13.jar:/home/runner/.m2/repository/javax/activation/activation/1.1.1/activation-1.1.1.jar:/home/runner/.m2/repository/org/apache/ozone/ozone-csi/1.2.0-SNAPSHOT/ozone-csi-1.2.0-SNAPSHOT.jar:/home/runner/.m2/repository/com/google/protobuf/protobuf-java-util/3.12.0/protobuf-java-util-3.12.0.jar:/home/runner/.m2/repository/com/google/code/gson/gson/2.2.4/gson-2.2.4.jar:/home/runner/.m2/repository/org/apache/ozone/hdds-config/1.2.0-SNAPSHOT/hdds-config-1.2.0-SNAPSHOT.jar:/home/runner/.m2/repository/io/grpc/grpc-netty/1.33.0/grpc-netty-1.33.0.jar:/home/runner/.m2/repository/io/grpc/grpc-core/1.33.0/grpc-core-1.33.0.jar:/home/runner/.m2/repository/com/google/android/annotations/4.1.1.4/annotations-4.1.1.4.jar:/home/runner/.m2/repository/io/netty/netty-codec-http2/4.1.51.Final/netty-codec-http2-4.1.51.Final.jar:/home/runner/.m2/repository/io/netty/netty-codec-http/4.1.51.Final/netty-codec-http-4.1.51.Final.jar:/home/runner/.m2/repository/io/netty/netty-handler-proxy/4.1.51.Final/netty-handler-proxy-4.1.51.Final.jar:/home/runner/.m2/repository/io/netty/netty-codec-socks/4.1.51.Final/netty-codec-socks-4.1.51.Final.jar:/home/runner/.m2/repository/io/perfmark/perfmark-api/0.19.0/perfmark-api-0.19.0.jar:/home/runner/.m2/repository/org/codehaus/mojo/animal-sniffer-annotations/1.18/animal-sniffer-annotations-1.18.jar:/home/runner/.m2/repository/io/netty/netty-transport-native-epoll/4.1.63.Final/netty-transport-native-epoll-4.1.63.Final.jar:/home/runner/.m2/repository/io/netty/netty-common/4.1.63.Final/netty-common-4.1.63.Final.jar:/home/runner/.m2/repository/io/netty/netty-buffer/4.1.63.Final/netty-buffer-4.1.63.Final.jar:/home/runner/.m2/repository/io/netty/netty-transport-native-unix-common/4.1.63.Final/netty-transport-native-unix-common-4.1.63.Final.jar:/home/runner/.m2/repository/io/grpc/grpc-protobuf/1.33.0/grpc-protobuf-1.33.0.jar:/home/runner/.m2/repository/io/grpc/grpc-api/1.33.0/grpc-api-1.33.0.jar:/home/runner/.m2/repository/io/grpc/grpc-context/1.33.0/grpc-context-1.33.0.jar:/home/runner/.m2/repository/com/google/api/grpc/proto-google-common-protos/1.17.0/proto-google-common-protos-1.17.0.jar:/home/runner/.m2/repository/io/grpc/grpc-protobuf-lite/1.33.0/grpc-protobuf-lite-1.33.0.jar:/home/runner/.m2/repository/io/grpc/grpc-stub/1.33.0/grpc-stub-1.33.0.jar:/home/runner/.m2/repository/org/apache/ozone/ozone-recon/1.2.0-SNAPSHOT/ozone-recon-1.2.0-SNAPSHOT.jar:/home/runner/.m2/repository/org/apache/ozone/ozone-reconcodegen/1.2.0-SNAPSHOT/ozone-reconcodegen-1.2.0-SNAPSHOT.jar:/home/runner/.m2/repository/com/google/inject/extensions/guice-multibindings/4.0/guice-multibindings-4.0.jar:/home/runner/.m2/repository/com/google/inject/guice/4.0/guice-4.0.jar:/home/runner/.m2/repository/aopalliance/aopalliance/1.0/aopalliance-1.0.jar:/home/runner/.m2/repository/com/google/inject/extensions/guice-assistedinject/4.0/guice-assistedinject-4.0.jar:/home/runner/.m2/repository/com/google/inject/extensions/guice-servlet/4.0/guice-servlet-4.0.jar:/home/runner/.m2/repository/org/glassfish/jersey/containers/jersey-container-servlet/2.33/jersey-container-servlet-2.33.jar:/home/runner/.m2/repository/org/glassfish/hk2/guice-bridge/2.5.0/guice-bridge-2.5.0.jar:/home/runner/.m2/repository/org/glassfish/jersey/core/jersey-server/2.33/jersey-server-2.33.jar:/home/runner/.m2/repository/org/glassfish/jersey/core/jersey-client/2.33/jersey-client-2.33.jar:/home/runner/.m2/repository/jakarta/annotation/jakarta.annotation-api/1.3.5/jakarta.annotation-api-1.3.5.jar:/home/runner/.m2/repository/jakarta/validation/jakarta.validation-api/2.0.2/jakarta.validation-api-2.0.2.jar:/home/runner/.m2/repository/org/glassfish/jersey/media/jersey-media-json-jackson/2.33/jersey-media-json-jackson-2.33.jar:/home/runner/.m2/repository/org/glassfish/jersey/ext/jersey-entity-filtering/2.33/jersey-entity-filtering-2.33.jar:/home/runner/.m2/repository/org/jooq/jooq/3.11.10/jooq-3.11.10.jar:/home/runner/.m2/repository/org/jooq/jooq-meta/3.11.10/jooq-meta-3.11.10.jar:/home/runner/.m2/repository/org/jooq/jooq-codegen/3.11.10/jooq-codegen-3.11.10.jar:/home/runner/.m2/repository/com/jolbox/bonecp/0.8.0.RELEASE/bonecp-0.8.0.RELEASE.jar:/home/runner/.m2/repository/org/apache/derby/derby/10.14.2.0/derby-10.14.2.0.jar:/home/runner/.m2/repository/org/xerial/sqlite-jdbc/3.25.2/sqlite-jdbc-3.25.2.jar:/home/runner/.m2/repository/org/springframework/spring-jdbc/5.2.11.RELEASE/spring-jdbc-5.2.11.RELEASE.jar:/home/runner/.m2/repository/org/springframework/spring-beans/5.2.11.RELEASE/spring-beans-5.2.11.RELEASE.jar:/home/runner/.m2/repository/org/springframework/spring-core/5.2.11.RELEASE/spring-core-5.2.11.RELEASE.jar:/home/runner/.m2/repository/org/springframework/spring-jcl/5.2.11.RELEASE/spring-jcl-5.2.11.RELEASE.jar:/home/runner/.m2/repository/org/springframework/spring-tx/5.2.11.RELEASE/spring-tx-5.2.11.RELEASE.jar:/home/runner/.m2/repository/org/apache/ozone/ozone-client/1.2.0-SNAPSHOT/ozone-client-1.2.0-SNAPSHOT.jar:/home/runner/.m2/repository/org/apache/ozone/ozone-filesystem/1.2.0-SNAPSHOT/ozone-filesystem-1.2.0-SNAPSHOT.jar:/home/runner/.m2/repository/org/apache/ozone/ozone-filesystem-common/1.2.0-SNAPSHOT/ozone-filesystem-common-1.2.0-SNAPSHOT.jar:/home/runner/.m2/repository/org/apache/ozone/ozone-tools/1.2.0-SNAPSHOT/ozone-tools-1.2.0-SNAPSHOT.jar:/home/runner/.m2/repository/org/apache/ratis/ratis-tools/2.1.0-ff8aa66-SNAPSHOT/ratis-tools-2.1.0-ff8aa66-SNAPSHOT.jar:/home/runner/.m2/repository/org/apache/ratis/ratis-proto/2.1.0-ff8aa66-SNAPSHOT/ratis-proto-2.1.0-ff8aa66-SNAPSHOT.jar:/home/runner/.m2/repository/org/apache/ratis/ratis-common/2.1.0-ff8aa66-SNAPSHOT/ratis-common-2.1.0-ff8aa66-SNAPSHOT.jar:/home/runner/.m2/repository/com/amazonaws/aws-java-sdk-core/1.11.901/aws-java-sdk-core-1.11.901.jar:/home/runner/.m2/repository/org/apache/httpcomponents/httpclient/4.5.13/httpclient-4.5.13.jar:/home/runner/.m2/repository/org/apache/httpcomponents/httpcore/4.4.13/httpcore-4.4.13.jar:/home/runner/.m2/repository/software/amazon/ion/ion-java/1.0.2/ion-java-1.0.2.jar:/home/runner/.m2/repository/com/fasterxml/jackson/dataformat/jackson-dataformat-cbor/2.12.1/jackson-dataformat-cbor-2.12.1.jar:/home/runner/.m2/repository/joda-time/joda-time/2.8.1/joda-time-2.8.1.jar:/home/runner/.m2/repository/com/amazonaws/aws-java-sdk-s3/1.11.901/aws-java-sdk-s3-1.11.901.jar:/home/runner/.m2/repository/com/amazonaws/aws-java-sdk-kms/1.11.901/aws-java-sdk-kms-1.11.901.jar:/home/runner/.m2/repository/com/amazonaws/jmespath-java/1.11.901/jmespath-java-1.11.901.jar:/home/runner/.m2/repository/org/kohsuke/metainf-services/metainf-services/1.8/metainf-services-1.8.jar:/home/runner/.m2/repository/org/apache/ozone/hdds-tools/1.2.0-SNAPSHOT/hdds-tools-1.2.0-SNAPSHOT.jar:/home/runner/.m2/repository/commons-cli/commons-cli/1.2/commons-cli-1.2.jar:/home/runner/.m2/repository/org/apache/commons/commons-lang3/3.7/commons-lang3-3.7.jar:/home/runner/.m2/repository/org/apache/ozone/ozone-manager/1.2.0-SNAPSHOT/ozone-manager-1.2.0-SNAPSHOT-tests.jar:/home/runner/.m2/repository/org/apache/ozone/hdds-common/1.2.0-SNAPSHOT/hdds-common-1.2.0-SNAPSHOT-tests.jar:/home/runner/.m2/repository/org/apache/ozone/hdds-hadoop-dependency-client/1.2.0-SNAPSHOT/hdds-hadoop-dependency-client-1.2.0-SNAPSHOT.jar:/home/runner/.m2/repository/info/picocli/picocli/4.4.0/picocli-4.4.0.jar:/home/runner/.m2/repository/com/fasterxml/jackson/core/jackson-annotations/2.12.1/jackson-annotations-2.12.1.jar:/home/runner/.m2/repository/javax/annotation/javax.annotation-api/1.2/javax.annotation-api-1.2.jar:/home/runner/.m2/repository/org/fusesource/leveldbjni/leveldbjni-all/1.8/leveldbjni-all-1.8.jar:/home/runner/.m2/repository/org/apache/ratis/ratis-server/2.1.0-ff8aa66-SNAPSHOT/ratis-server-2.1.0-ff8aa66-SNAPSHOT.jar:/home/runner/.m2/repository/org/apache/ratis/ratis-client/2.1.0-ff8aa66-SNAPSHOT/ratis-client-2.1.0-ff8aa66-SNAPSHOT.jar:/home/runner/.m2/repository/org/apache/ratis/ratis-server-api/2.1.0-ff8aa66-SNAPSHOT/ratis-server-api-2.1.0-ff8aa66-SNAPSHOT.jar:/home/runner/.m2/repository/org/apache/ratis/ratis-metrics/2.1.0-ff8aa66-SNAPSHOT/ratis-metrics-2.1.0-ff8aa66-SNAPSHOT.jar:/home/runner/.m2/repository/org/apache/ratis/ratis-netty/2.1.0-ff8aa66-SNAPSHOT/ratis-netty-2.1.0-ff8aa66-SNAPSHOT.jar:/home/runner/.m2/repository/org/apache/ratis/ratis-grpc/2.1.0-ff8aa66-SNAPSHOT/ratis-grpc-2.1.0-ff8aa66-SNAPSHOT.jar:/home/runner/.m2/repository/org/apache/logging/log4j/log4j-api/2.13.3/log4j-api-2.13.3.jar:/home/runner/.m2/repository/org/apache/logging/log4j/log4j-core/2.13.3/log4j-core-2.13.3.jar:/home/runner/.m2/repository/com/lmax/disruptor/3.4.2/disruptor-3.4.2.jar:/home/runner/.m2/repository/org/apache/commons/commons-pool2/2.6.0/commons-pool2-2.6.0.jar:/home/runner/.m2/repository/org/bouncycastle/bcpkix-jdk15on/1.67/bcpkix-jdk15on-1.67.jar:/home/runner/.m2/repository/commons-validator/commons-validator/1.6/commons-validator-1.6.jar:/home/runner/.m2/repository/commons-beanutils/commons-beanutils/1.9.4/commons-beanutils-1.9.4.jar:/home/runner/.m2/repository/commons-digester/commons-digester/1.8.1/commons-digester-1.8.1.jar:/home/runner/.m2/repository/commons-collections/commons-collections/3.2.2/commons-collections-3.2.2.jar:/home/runner/.m2/repository/io/jaegertracing/jaeger-client/1.6.0/jaeger-client-1.6.0.jar:/home/runner/.m2/repository/io/jaegertracing/jaeger-thrift/1.6.0/jaeger-thrift-1.6.0.jar:/home/runner/.m2/repository/org/apache/thrift/libthrift/0.14.1/libthrift-0.14.1.jar:/home/runner/.m2/repository/com/squareup/okhttp3/okhttp/4.9.0/okhttp-4.9.0.jar:/home/runner/.m2/repository/com/squareup/okio/okio/2.8.0/okio-2.8.0.jar:/home/runner/.m2/repository/io/jaegertracing/jaeger-core/1.6.0/jaeger-core-1.6.0.jar:/home/runner/.m2/repository/io/jaegertracing/jaeger-tracerresolver/1.6.0/jaeger-tracerresolver-1.6.0.jar:/home/runner/.m2/repository/io/opentracing/contrib/opentracing-tracerresolver/0.1.8/opentracing-tracerresolver-0.1.8.jar:/home/runner/.m2/repository/org/jetbrains/kotlin/kotlin-stdlib/1.4.31/kotlin-stdlib-1.4.31.jar:/home/runner/.m2/repository/org/jetbrains/kotlin/kotlin-stdlib-common/1.4.31/kotlin-stdlib-common-1.4.31.jar:/home/runner/.m2/repository/org/jetbrains/annotations/13.0/annotations-13.0.jar:/home/runner/.m2/repository/io/opentracing/opentracing-util/0.33.0/opentracing-util-0.33.0.jar:/home/runner/.m2/repository/io/opentracing/opentracing-api/0.33.0/opentracing-api-0.33.0.jar:/home/runner/.m2/repository/io/opentracing/opentracing-noop/0.33.0/opentracing-noop-0.33.0.jar:/home/runner/.m2/repository/org/yaml/snakeyaml/1.26/snakeyaml-1.26.jar:/home/runner/.m2/repository/org/apache/ozone/hdds-interface-admin/1.2.0-SNAPSHOT/hdds-interface-admin-1.2.0-SNAPSHOT.jar:/home/runner/.m2/repository/junit/junit/4.13.1/junit-4.13.1.jar:/home/runner/.m2/repository/org/hamcrest/hamcrest-core/1.3/hamcrest-core-1.3.jar:/home/runner/.m2/repository/org/junit/jupiter/junit-jupiter-api/5.7.0/junit-jupiter-api-5.7.0.jar:/home/runner/.m2/repository/org/apiguardian/apiguardian-api/1.1.0/apiguardian-api-1.1.0.jar:/home/runner/.m2/repository/org/opentest4j/opentest4j/1.2.0/opentest4j-1.2.0.jar:/home/runner/.m2/repository/org/junit/platform/junit-platform-commons/1.7.0/junit-platform-commons-1.7.0.jar:/home/runner/.m2/repository/org/junit/jupiter/junit-jupiter-engine/5.7.0/junit-jupiter-engine-5.7.0.jar:/home/runner/.m2/repository/org/junit/platform/junit-platform-engine/1.7.0/junit-platform-engine-1.7.0.jar:/home/runner/.m2/repository/org/junit/vintage/junit-vintage-engine/5.7.0/junit-vintage-engine-5.7.0.jar:/home/runner/.m2/repository/org/junit/platform/junit-platform-launcher/1.7.0/junit-platform-launcher-1.7.0.jar:/home/runner/.m2/repository/org/openjdk/jmh/jmh-core/1.19/jmh-core-1.19.jar:/home/runner/.m2/repository/net/sf/jopt-simple/jopt-simple/4.6/jopt-simple-4.6.jar:/home/runner/.m2/repository/org/apache/commons/commons-math3/3.1.1/commons-math3-3.1.1.jar:/home/runner/.m2/repository/org/openjdk/jmh/jmh-generator-annprocess/1.19/jmh-generator-annprocess-1.19.jar:/home/runner/.m2/repository/org/mockito/mockito-all/1.8.5/mockito-all-1.8.5.jar:/home/runner/.m2/repository/org/apache/hadoop/hadoop-kms/3.2.2/hadoop-kms-3.2.2.jar:/home/runner/.m2/repository/org/apache/hadoop/hadoop-auth/3.2.2/hadoop-auth-3.2.2.jar:/home/runner/.m2/repository/com/nimbusds/nimbus-jose-jwt/7.9/nimbus-jose-jwt-7.9.jar:/home/runner/.m2/repository/com/github/stephenc/jcip/jcip-annotations/1.0-1/jcip-annotations-1.0-1.jar:/home/runner/.m2/repository/net/minidev/json-smart/2.3/json-smart-2.3.jar:/home/runner/.m2/repository/net/minidev/accessors-smart/1.2/accessors-smart-1.2.jar:/home/runner/.m2/repository/org/ow2/asm/asm/5.0.4/asm-5.0.4.jar:/home/runner/.m2/repository/org/apache/zookeeper/zookeeper/3.4.13/zookeeper-3.4.13.jar:/home/runner/.m2/repository/org/apache/yetus/audience-annotations/0.5.0/audience-annotations-0.5.0.jar:/home/runner/.m2/repository/org/apache/curator/curator-framework/2.13.0/curator-framework-2.13.0.jar:/home/runner/.m2/repository/com/sun/jersey/jersey-core/1.19/jersey-core-1.19.jar:/home/runner/.m2/repository/javax/ws/rs/jsr311-api/1.1.1/jsr311-api-1.1.1.jar:/home/runner/.m2/repository/com/sun/jersey/jersey-server/1.19/jersey-server-1.19.jar:/home/runner/.m2/repository/javax/servlet/javax.servlet-api/3.1.0/javax.servlet-api-3.1.0.jar:/home/runner/.m2/repository/org/eclipse/jetty/jetty-server/9.4.35.v20201120/jetty-server-9.4.35.v20201120.jar:/home/runner/.m2/repository/org/eclipse/jetty/jetty-http/9.4.35.v20201120/jetty-http-9.4.35.v20201120.jar:/home/runner/.m2/repository/org/eclipse/jetty/jetty-io/9.4.35.v20201120/jetty-io-9.4.35.v20201120.jar:/home/runner/.m2/repository/org/eclipse/jetty/jetty-webapp/9.4.35.v20201120/jetty-webapp-9.4.35.v20201120.jar:/home/runner/.m2/repository/org/eclipse/jetty/jetty-xml/9.4.35.v20201120/jetty-xml-9.4.35.v20201120.jar:/home/runner/.m2/repository/org/apache/hadoop/hadoop-common/3.2.2/hadoop-common-3.2.2.jar:/home/runner/.m2/repository/commons-net/commons-net/3.6/commons-net-3.6.jar:/home/runner/.m2/repository/javax/activation/javax.activation-api/1.2.0/javax.activation-api-1.2.0.jar:/home/runner/.m2/repository/com/sun/jersey/jersey-servlet/1.19/jersey-servlet-1.19.jar:/home/runner/.m2/repository/com/sun/jersey/jersey-json/1.19/jersey-json-1.19.jar:/home/runner/.m2/repository/org/codehaus/jettison/jettison/1.1/jettison-1.1.jar:/home/runner/.m2/repository/com/sun/xml/bind/jaxb-impl/2.2.3-1/jaxb-impl-2.2.3-1.jar:/home/runner/.m2/repository/org/codehaus/jackson/jackson-jaxrs/1.9.2/jackson-jaxrs-1.9.2.jar:/home/runner/.m2/repository/org/codehaus/jackson/jackson-xc/1.9.2/jackson-xc-1.9.2.jar:/home/runner/.m2/repository/org/apache/commons/commons-configuration2/2.1.1/commons-configuration2-2.1.1.jar:/home/runner/.m2/repository/org/apache/commons/commons-text/1.4/commons-text-1.4.jar:/home/runner/.m2/repository/com/google/re2j/re2j/1.1/re2j-1.1.jar:/home/runner/.m2/repository/com/jcraft/jsch/0.1.54/jsch-0.1.54.jar:/home/runner/.m2/repository/org/apache/curator/curator-client/2.13.0/curator-client-2.13.0.jar:/home/runner/.m2/repository/org/apache/curator/curator-recipes/2.13.0/curator-recipes-2.13.0.jar:/home/runner/.m2/repository/dnsjava/dnsjava/2.1.7/dnsjava-2.1.7.jar:/home/runner/.m2/repository/org/slf4j/jul-to-slf4j/1.7.30/jul-to-slf4j-1.7.30.jar:/home/runner/.m2/repository/org/eclipse/jetty/jetty-util/9.4.35.v20201120/jetty-util-9.4.35.v20201120.jar:/home/runner/.m2/repository/com/fasterxml/jackson/core/jackson-databind/2.12.1/jackson-databind-2.12.1.jar:/home/runner/.m2/repository/org/apache/hadoop/hadoop-kms/3.2.2/hadoop-kms-3.2.2-tests.jar:/home/runner/.m2/repository/org/apache/ozone/hdds-server-scm/1.2.0-SNAPSHOT/hdds-server-scm-1.2.0-SNAPSHOT-tests.jar:/home/runner/.m2/repository/org/apache/ozone/hdds-container-service/1.2.0-SNAPSHOT/hdds-container-service-1.2.0-SNAPSHOT-tests.jar:/home/runner/.m2/repository/commons-codec/commons-codec/1.11/commons-codec-1.11.jar:/home/runner/.m2/repository/io/netty/netty-transport/4.1.63.Final/netty-transport-4.1.63.Final.jar:/home/runner/.m2/repository/io/netty/netty-resolver/4.1.63.Final/netty-resolver-4.1.63.Final.jar:/home/runner/.m2/repository/io/netty/netty-codec/4.1.63.Final/netty-codec-4.1.63.Final.jar:/home/runner/.m2/repository/io/netty/netty-handler/4.1.63.Final/netty-handler-4.1.63.Final.jar:/home/runner/.m2/repository/org/apache/ozone/hdds-hadoop-dependency-test/1.2.0-SNAPSHOT/hdds-hadoop-dependency-test-1.2.0-SNAPSHOT.jar:/home/runner/.m2/repository/org/apache/hadoop/hadoop-common/3.2.2/hadoop-common-3.2.2-tests.jar:/home/runner/.m2/repository/org/apache/hadoop/hadoop-hdfs/3.2.2/hadoop-hdfs-3.2.2-tests.jar:/home/runner/.m2/repository/org/eclipse/jetty/jetty-util-ajax/9.4.35.v20201120/jetty-util-ajax-9.4.35.v20201120.jar:/home/runner/.m2/repository/commons-daemon/commons-daemon/1.0.13/commons-daemon-1.0.13.jar:/home/runner/.m2/repository/io/netty/netty/3.10.6.Final/netty-3.10.6.Final.jar:/home/runner/.m2/repository/io/netty/netty-all/4.1.63.Final/netty-all-4.1.63.Final.jar:/home/runner/.m2/repository/org/apache/htrace/htrace-core4/4.1.0-incubating/htrace-core4-4.1.0-incubating.jar:/home/runner/.m2/repository/org/apache/hadoop/hadoop-distcp/3.2.2/hadoop-distcp-3.2.2.jar:/home/runner/.m2/repository/org/apache/hadoop/hadoop-mapreduce-client-jobclient/3.2.2/hadoop-mapreduce-client-jobclient-3.2.2.jar:/home/runner/.m2/repository/org/apache/hadoop/hadoop-mapreduce-client-common/3.2.2/hadoop-mapreduce-client-common-3.2.2.jar:/home/runner/.m2/repository/org/apache/hadoop/hadoop-yarn-common/3.2.2/hadoop-yarn-common-3.2.2.jar:/home/runner/.m2/repository/org/apache/hadoop/hadoop-yarn-api/3.2.2/hadoop-yarn-api-3.2.2.jar:/home/runner/.m2/repository/com/sun/jersey/jersey-client/1.19/jersey-client-1.19.jar:/home/runner/.m2/repository/com/sun/jersey/contribs/jersey-guice/1.19/jersey-guice-1.19.jar:/home/runner/.m2/repository/com/fasterxml/jackson/jaxrs/jackson-jaxrs-json-provider/2.12.1/jackson-jaxrs-json-provider-2.12.1.jar:/home/runner/.m2/repository/com/fasterxml/jackson/jaxrs/jackson-jaxrs-base/2.12.1/jackson-jaxrs-base-2.12.1.jar:/home/runner/.m2/repository/org/apache/hadoop/hadoop-yarn-client/3.2.2/hadoop-yarn-client-3.2.2.jar:/home/runner/.m2/repository/org/apache/hadoop/hadoop-mapreduce-client-core/3.2.2/hadoop-mapreduce-client-core-3.2.2.jar:/home/runner/.m2/repository/org/apache/avro/avro/1.7.7/avro-1.7.7.jar:/home/runner/.m2/repository/org/codehaus/jackson/jackson-core-asl/1.9.13/jackson-core-asl-1.9.13.jar:/home/runner/.m2/repository/org/codehaus/jackson/jackson-mapper-asl/1.9.13/jackson-mapper-asl-1.9.13.jar:/home/runner/.m2/repository/com/thoughtworks/paranamer/paranamer/2.3/paranamer-2.3.jar:/home/runner/.m2/repository/org/xerial/snappy/snappy-java/1.0.5/snappy-java-1.0.5.jar:/home/runner/.m2/repository/org/apache/hadoop/hadoop-annotations/3.2.2/hadoop-annotations-3.2.2.jar:/usr/lib/jvm/adoptopenjdk-8-hotspot-amd64/jre/../lib/tools.jar:/home/runner/.m2/repository/org/apache/hadoop/hadoop-distcp/3.2.2/hadoop-distcp-3.2.2-tests.jar:"/>
    <property name="java.vm.vendor" value="AdoptOpenJDK"/>
    <property name="sun.arch.data.model" value="64"/>
    <property name="test.build.dir" value="/home/runner/work/ozone/ozone/mnt/ozone/hadoop-ozone/integration-test/target/test-dir"/>
    <property name="test.cache.data" value=""/>
    <property name="java.vendor.url" value="https://adoptopenjdk.net/"/>
    <property name="user.timezone" value=""/>
    <property name="java.vm.specification.version" value="1.8"/>
    <property name="os.name" value="Linux"/>
    <property name="test.build.data" value="/home/runner/work/ozone/ozone/mnt/ozone/hadoop-ozone/integration-test/target/test-dir"/>
    <property name="sun.java.launcher" value="SUN_STANDARD"/>
    <property name="sun.boot.library.path" value="/usr/lib/jvm/adoptopenjdk-8-hotspot-amd64/jre/lib/amd64"/>
    <property name="sun.java.command" value="/home/runner/work/ozone/ozone/mnt/ozone/hadoop-ozone/integration-test/target/surefire/surefirebooter2849838774322804025.jar /home/runner/work/ozone/ozone/mnt/ozone/hadoop-ozone/integration-test/target/surefire 2021-06-02T02-36-35_627-jvmRun1 surefire3309160559406892227tmp surefire_611830108909074033005tmp"/>
    <property name="surefire.test.class.path" value="/home/runner/work/ozone/ozone/mnt/ozone/hadoop-ozone/integration-test/target/test-classes:/home/runner/work/ozone/ozone/mnt/ozone/hadoop-ozone/integration-test/target/classes:/home/runner/.m2/repository/org/apache/ozone/ozone-common/1.2.0-SNAPSHOT/ozone-common-1.2.0-SNAPSHOT.jar:/home/runner/.m2/repository/org/apache/commons/commons-compress/1.20/commons-compress-1.20.jar:/home/runner/.m2/repository/org/apache/ozone/hdds-common/1.2.0-SNAPSHOT/hdds-common-1.2.0-SNAPSHOT.jar:/home/runner/.m2/repository/org/apache/ozone/hdds-client/1.2.0-SNAPSHOT/hdds-client-1.2.0-SNAPSHOT.jar:/home/runner/.m2/repository/org/apache/ozone/ozone-interface-client/1.2.0-SNAPSHOT/ozone-interface-client-1.2.0-SNAPSHOT.jar:/home/runner/.m2/repository/org/apache/ozone/hdds-test-utils/1.2.0-SNAPSHOT/hdds-test-utils-1.2.0-SNAPSHOT.jar:/home/runner/.m2/repository/com/google/guava/guava/30.1.1-jre/guava-30.1.1-jre.jar:/home/runner/.m2/repository/com/google/guava/failureaccess/1.0.1/failureaccess-1.0.1.jar:/home/runner/.m2/repository/com/google/guava/listenablefuture/9999.0-empty-to-avoid-conflict-with-guava/listenablefuture-9999.0-empty-to-avoid-conflict-with-guava.jar:/home/runner/.m2/repository/com/google/code/findbugs/jsr305/3.0.0/jsr305-3.0.0.jar:/home/runner/.m2/repository/org/checkerframework/checker-qual/3.8.0/checker-qual-3.8.0.jar:/home/runner/.m2/repository/com/google/errorprone/error_prone_annotations/2.2.0/error_prone_annotations-2.2.0.jar:/home/runner/.m2/repository/com/google/j2objc/j2objc-annotations/1.3/j2objc-annotations-1.3.jar:/home/runner/.m2/repository/commons-io/commons-io/2.8.0/commons-io-2.8.0.jar:/home/runner/.m2/repository/commons-logging/commons-logging/1.2/commons-logging-1.2.jar:/home/runner/.m2/repository/log4j/log4j/1.2.17/log4j-1.2.17.jar:/home/runner/.m2/repository/org/slf4j/slf4j-api/1.7.30/slf4j-api-1.7.30.jar:/home/runner/.m2/repository/org/apache/ozone/hdds-server-scm/1.2.0-SNAPSHOT/hdds-server-scm-1.2.0-SNAPSHOT.jar:/home/runner/.m2/repository/org/apache/ozone/hdds-container-service/1.2.0-SNAPSHOT/hdds-container-service-1.2.0-SNAPSHOT.jar:/home/runner/.m2/repository/org/apache/ozone/hdds-hadoop-dependency-server/1.2.0-SNAPSHOT/hdds-hadoop-dependency-server-1.2.0-SNAPSHOT.jar:/home/runner/.m2/repository/org/apache/hadoop/hadoop-hdfs/3.2.2/hadoop-hdfs-3.2.2.jar:/home/runner/.m2/repository/org/apache/ozone/hdds-server-framework/1.2.0-SNAPSHOT/hdds-server-framework-1.2.0-SNAPSHOT.jar:/home/runner/.m2/repository/org/apache/ozone/hdds-interface-server/1.2.0-SNAPSHOT/hdds-interface-server-1.2.0-SNAPSHOT.jar:/home/runner/.m2/repository/org/eclipse/jetty/jetty-servlet/9.4.35.v20201120/jetty-servlet-9.4.35.v20201120.jar:/home/runner/.m2/repository/org/eclipse/jetty/jetty-security/9.4.35.v20201120/jetty-security-9.4.35.v20201120.jar:/home/runner/.m2/repository/org/rocksdb/rocksdbjni/6.20.3/rocksdbjni-6.20.3.jar:/home/runner/.m2/repository/io/prometheus/simpleclient_dropwizard/0.7.0/simpleclient_dropwizard-0.7.0.jar:/home/runner/.m2/repository/io/prometheus/simpleclient/0.7.0/simpleclient-0.7.0.jar:/home/runner/.m2/repository/io/prometheus/simpleclient_common/0.7.0/simpleclient_common-0.7.0.jar:/home/runner/.m2/repository/com/fasterxml/jackson/datatype/jackson-datatype-jsr310/2.12.1/jackson-datatype-jsr310-2.12.1.jar:/home/runner/.m2/repository/io/dropwizard/metrics/metrics-core/3.2.4/metrics-core-3.2.4.jar:/home/runner/.m2/repository/org/apache/hadoop/hadoop-hdfs-client/3.2.2/hadoop-hdfs-client-3.2.2.jar:/home/runner/.m2/repository/org/bouncycastle/bcprov-jdk15on/1.67/bcprov-jdk15on-1.67.jar:/home/runner/.m2/repository/com/google/protobuf/protobuf-java/2.5.0/protobuf-java-2.5.0.jar:/home/runner/.m2/repository/org/apache/ozone/ozone-manager/1.2.0-SNAPSHOT/ozone-manager-1.2.0-SNAPSHOT.jar:/home/runner/.m2/repository/org/apache/ozone/hdds-interface-client/1.2.0-SNAPSHOT/hdds-interface-client-1.2.0-SNAPSHOT.jar:/home/runner/.m2/repository/org/apache/ratis/ratis-thirdparty-misc/0.7.0-a398b19-SNAPSHOT/ratis-thirdparty-misc-0.7.0-a398b19-SNAPSHOT.jar:/home/runner/.m2/repository/org/apache/ozone/ozone-interface-storage/1.2.0-SNAPSHOT/ozone-interface-storage-1.2.0-SNAPSHOT.jar:/home/runner/.m2/repository/org/apache/hadoop/hadoop-minikdc/3.2.2/hadoop-minikdc-3.2.2.jar:/home/runner/.m2/repository/org/apache/kerby/kerb-simplekdc/1.0.1/kerb-simplekdc-1.0.1.jar:/home/runner/.m2/repository/org/apache/kerby/kerb-client/1.0.1/kerb-client-1.0.1.jar:/home/runner/.m2/repository/org/apache/kerby/kerby-config/1.0.1/kerby-config-1.0.1.jar:/home/runner/.m2/repository/org/apache/kerby/kerb-core/1.0.1/kerb-core-1.0.1.jar:/home/runner/.m2/repository/org/apache/kerby/kerby-pkix/1.0.1/kerby-pkix-1.0.1.jar:/home/runner/.m2/repository/org/apache/kerby/kerby-asn1/1.0.1/kerby-asn1-1.0.1.jar:/home/runner/.m2/repository/org/apache/kerby/kerby-util/1.0.1/kerby-util-1.0.1.jar:/home/runner/.m2/repository/org/apache/kerby/kerb-common/1.0.1/kerb-common-1.0.1.jar:/home/runner/.m2/repository/org/apache/kerby/kerb-crypto/1.0.1/kerb-crypto-1.0.1.jar:/home/runner/.m2/repository/org/apache/kerby/kerb-util/1.0.1/kerb-util-1.0.1.jar:/home/runner/.m2/repository/org/apache/kerby/token-provider/1.0.1/token-provider-1.0.1.jar:/home/runner/.m2/repository/org/apache/kerby/kerb-admin/1.0.1/kerb-admin-1.0.1.jar:/home/runner/.m2/repository/org/apache/kerby/kerb-server/1.0.1/kerb-server-1.0.1.jar:/home/runner/.m2/repository/org/apache/kerby/kerb-identity/1.0.1/kerb-identity-1.0.1.jar:/home/runner/.m2/repository/org/apache/kerby/kerby-xdr/1.0.1/kerby-xdr-1.0.1.jar:/home/runner/.m2/repository/org/slf4j/slf4j-log4j12/1.7.30/slf4j-log4j12-1.7.30.jar:/home/runner/.m2/repository/org/apache/ozone/ozone-s3gateway/1.2.0-SNAPSHOT/ozone-s3gateway-1.2.0-SNAPSHOT.jar:/home/runner/.m2/repository/org/jboss/weld/servlet/weld-servlet/2.4.7.Final/weld-servlet-2.4.7.Final.jar:/home/runner/.m2/repository/org/glassfish/jersey/containers/jersey-container-servlet-core/2.33/jersey-container-servlet-core-2.33.jar:/home/runner/.m2/repository/org/glassfish/hk2/external/jakarta.inject/2.6.1/jakarta.inject-2.6.1.jar:/home/runner/.m2/repository/org/glassfish/jersey/core/jersey-common/2.33/jersey-common-2.33.jar:/home/runner/.m2/repository/jakarta/ws/rs/jakarta.ws.rs-api/2.1.6/jakarta.ws.rs-api-2.1.6.jar:/home/runner/.m2/repository/org/glassfish/jersey/ext/cdi/jersey-cdi1x/2.33/jersey-cdi1x-2.33.jar:/home/runner/.m2/repository/org/glassfish/jersey/inject/jersey-hk2/2.33/jersey-hk2-2.33.jar:/home/runner/.m2/repository/org/glassfish/hk2/hk2-locator/2.6.1/hk2-locator-2.6.1.jar:/home/runner/.m2/repository/org/javassist/javassist/3.25.0-GA/javassist-3.25.0-GA.jar:/home/runner/.m2/repository/org/glassfish/jersey/media/jersey-media-jaxb/2.33/jersey-media-jaxb-2.33.jar:/home/runner/.m2/repository/org/glassfish/hk2/osgi-resource-locator/1.0.3/osgi-resource-locator-1.0.3.jar:/home/runner/.m2/repository/org/glassfish/hk2/hk2-api/2.5.0/hk2-api-2.5.0.jar:/home/runner/.m2/repository/org/glassfish/hk2/hk2-utils/2.5.0/hk2-utils-2.5.0.jar:/home/runner/.m2/repository/org/glassfish/hk2/external/aopalliance-repackaged/2.5.0/aopalliance-repackaged-2.5.0.jar:/home/runner/.m2/repository/com/fasterxml/jackson/dataformat/jackson-dataformat-xml/2.12.1/jackson-dataformat-xml-2.12.1.jar:/home/runner/.m2/repository/com/fasterxml/jackson/core/jackson-core/2.12.1/jackson-core-2.12.1.jar:/home/runner/.m2/repository/com/fasterxml/jackson/module/jackson-module-jaxb-annotations/2.12.1/jackson-module-jaxb-annotations-2.12.1.jar:/home/runner/.m2/repository/jakarta/xml/bind/jakarta.xml.bind-api/2.3.2/jakarta.xml.bind-api-2.3.2.jar:/home/runner/.m2/repository/jakarta/activation/jakarta.activation-api/1.2.1/jakarta.activation-api-1.2.1.jar:/home/runner/.m2/repository/org/codehaus/woodstox/stax2-api/3.1.4/stax2-api-3.1.4.jar:/home/runner/.m2/repository/com/fasterxml/woodstox/woodstox-core/5.0.3/woodstox-core-5.0.3.jar:/home/runner/.m2/repository/javax/enterprise/cdi-api/1.2/cdi-api-1.2.jar:/home/runner/.m2/repository/javax/el/javax.el-api/3.0.0/javax.el-api-3.0.0.jar:/home/runner/.m2/repository/javax/interceptor/javax.interceptor-api/1.2/javax.interceptor-api-1.2.jar:/home/runner/.m2/repository/javax/inject/javax.inject/1/javax.inject-1.jar:/home/runner/.m2/repository/javax/xml/bind/jaxb-api/2.3.0/jaxb-api-2.3.0.jar:/home/runner/.m2/repository/org/glassfish/jaxb/jaxb-runtime/2.3.0.1/jaxb-runtime-2.3.0.1.jar:/home/runner/.m2/repository/org/glassfish/jaxb/jaxb-core/2.3.0.1/jaxb-core-2.3.0.1.jar:/home/runner/.m2/repository/org/glassfish/jaxb/txw2/2.3.0.1/txw2-2.3.0.1.jar:/home/runner/.m2/repository/com/sun/istack/istack-commons-runtime/3.0.5/istack-commons-runtime-3.0.5.jar:/home/runner/.m2/repository/org/jvnet/staxex/stax-ex/1.7.8/stax-ex-1.7.8.jar:/home/runner/.m2/repository/com/sun/xml/fastinfoset/FastInfoset/1.2.13/FastInfoset-1.2.13.jar:/home/runner/.m2/repository/javax/activation/activation/1.1.1/activation-1.1.1.jar:/home/runner/.m2/repository/org/apache/ozone/ozone-csi/1.2.0-SNAPSHOT/ozone-csi-1.2.0-SNAPSHOT.jar:/home/runner/.m2/repository/com/google/protobuf/protobuf-java-util/3.12.0/protobuf-java-util-3.12.0.jar:/home/runner/.m2/repository/com/google/code/gson/gson/2.2.4/gson-2.2.4.jar:/home/runner/.m2/repository/org/apache/ozone/hdds-config/1.2.0-SNAPSHOT/hdds-config-1.2.0-SNAPSHOT.jar:/home/runner/.m2/repository/io/grpc/grpc-netty/1.33.0/grpc-netty-1.33.0.jar:/home/runner/.m2/repository/io/grpc/grpc-core/1.33.0/grpc-core-1.33.0.jar:/home/runner/.m2/repository/com/google/android/annotations/4.1.1.4/annotations-4.1.1.4.jar:/home/runner/.m2/repository/io/netty/netty-codec-http2/4.1.51.Final/netty-codec-http2-4.1.51.Final.jar:/home/runner/.m2/repository/io/netty/netty-codec-http/4.1.51.Final/netty-codec-http-4.1.51.Final.jar:/home/runner/.m2/repository/io/netty/netty-handler-proxy/4.1.51.Final/netty-handler-proxy-4.1.51.Final.jar:/home/runner/.m2/repository/io/netty/netty-codec-socks/4.1.51.Final/netty-codec-socks-4.1.51.Final.jar:/home/runner/.m2/repository/io/perfmark/perfmark-api/0.19.0/perfmark-api-0.19.0.jar:/home/runner/.m2/repository/org/codehaus/mojo/animal-sniffer-annotations/1.18/animal-sniffer-annotations-1.18.jar:/home/runner/.m2/repository/io/netty/netty-transport-native-epoll/4.1.63.Final/netty-transport-native-epoll-4.1.63.Final.jar:/home/runner/.m2/repository/io/netty/netty-common/4.1.63.Final/netty-common-4.1.63.Final.jar:/home/runner/.m2/repository/io/netty/netty-buffer/4.1.63.Final/netty-buffer-4.1.63.Final.jar:/home/runner/.m2/repository/io/netty/netty-transport-native-unix-common/4.1.63.Final/netty-transport-native-unix-common-4.1.63.Final.jar:/home/runner/.m2/repository/io/grpc/grpc-protobuf/1.33.0/grpc-protobuf-1.33.0.jar:/home/runner/.m2/repository/io/grpc/grpc-api/1.33.0/grpc-api-1.33.0.jar:/home/runner/.m2/repository/io/grpc/grpc-context/1.33.0/grpc-context-1.33.0.jar:/home/runner/.m2/repository/com/google/api/grpc/proto-google-common-protos/1.17.0/proto-google-common-protos-1.17.0.jar:/home/runner/.m2/repository/io/grpc/grpc-protobuf-lite/1.33.0/grpc-protobuf-lite-1.33.0.jar:/home/runner/.m2/repository/io/grpc/grpc-stub/1.33.0/grpc-stub-1.33.0.jar:/home/runner/.m2/repository/org/apache/ozone/ozone-recon/1.2.0-SNAPSHOT/ozone-recon-1.2.0-SNAPSHOT.jar:/home/runner/.m2/repository/org/apache/ozone/ozone-reconcodegen/1.2.0-SNAPSHOT/ozone-reconcodegen-1.2.0-SNAPSHOT.jar:/home/runner/.m2/repository/com/google/inject/extensions/guice-multibindings/4.0/guice-multibindings-4.0.jar:/home/runner/.m2/repository/com/google/inject/guice/4.0/guice-4.0.jar:/home/runner/.m2/repository/aopalliance/aopalliance/1.0/aopalliance-1.0.jar:/home/runner/.m2/repository/com/google/inject/extensions/guice-assistedinject/4.0/guice-assistedinject-4.0.jar:/home/runner/.m2/repository/com/google/inject/extensions/guice-servlet/4.0/guice-servlet-4.0.jar:/home/runner/.m2/repository/org/glassfish/jersey/containers/jersey-container-servlet/2.33/jersey-container-servlet-2.33.jar:/home/runner/.m2/repository/org/glassfish/hk2/guice-bridge/2.5.0/guice-bridge-2.5.0.jar:/home/runner/.m2/repository/org/glassfish/jersey/core/jersey-server/2.33/jersey-server-2.33.jar:/home/runner/.m2/repository/org/glassfish/jersey/core/jersey-client/2.33/jersey-client-2.33.jar:/home/runner/.m2/repository/jakarta/annotation/jakarta.annotation-api/1.3.5/jakarta.annotation-api-1.3.5.jar:/home/runner/.m2/repository/jakarta/validation/jakarta.validation-api/2.0.2/jakarta.validation-api-2.0.2.jar:/home/runner/.m2/repository/org/glassfish/jersey/media/jersey-media-json-jackson/2.33/jersey-media-json-jackson-2.33.jar:/home/runner/.m2/repository/org/glassfish/jersey/ext/jersey-entity-filtering/2.33/jersey-entity-filtering-2.33.jar:/home/runner/.m2/repository/org/jooq/jooq/3.11.10/jooq-3.11.10.jar:/home/runner/.m2/repository/org/jooq/jooq-meta/3.11.10/jooq-meta-3.11.10.jar:/home/runner/.m2/repository/org/jooq/jooq-codegen/3.11.10/jooq-codegen-3.11.10.jar:/home/runner/.m2/repository/com/jolbox/bonecp/0.8.0.RELEASE/bonecp-0.8.0.RELEASE.jar:/home/runner/.m2/repository/org/apache/derby/derby/10.14.2.0/derby-10.14.2.0.jar:/home/runner/.m2/repository/org/xerial/sqlite-jdbc/3.25.2/sqlite-jdbc-3.25.2.jar:/home/runner/.m2/repository/org/springframework/spring-jdbc/5.2.11.RELEASE/spring-jdbc-5.2.11.RELEASE.jar:/home/runner/.m2/repository/org/springframework/spring-beans/5.2.11.RELEASE/spring-beans-5.2.11.RELEASE.jar:/home/runner/.m2/repository/org/springframework/spring-core/5.2.11.RELEASE/spring-core-5.2.11.RELEASE.jar:/home/runner/.m2/repository/org/springframework/spring-jcl/5.2.11.RELEASE/spring-jcl-5.2.11.RELEASE.jar:/home/runner/.m2/repository/org/springframework/spring-tx/5.2.11.RELEASE/spring-tx-5.2.11.RELEASE.jar:/home/runner/.m2/repository/org/apache/ozone/ozone-client/1.2.0-SNAPSHOT/ozone-client-1.2.0-SNAPSHOT.jar:/home/runner/.m2/repository/org/apache/ozone/ozone-filesystem/1.2.0-SNAPSHOT/ozone-filesystem-1.2.0-SNAPSHOT.jar:/home/runner/.m2/repository/org/apache/ozone/ozone-filesystem-common/1.2.0-SNAPSHOT/ozone-filesystem-common-1.2.0-SNAPSHOT.jar:/home/runner/.m2/repository/org/apache/ozone/ozone-tools/1.2.0-SNAPSHOT/ozone-tools-1.2.0-SNAPSHOT.jar:/home/runner/.m2/repository/org/apache/ratis/ratis-tools/2.1.0-ff8aa66-SNAPSHOT/ratis-tools-2.1.0-ff8aa66-SNAPSHOT.jar:/home/runner/.m2/repository/org/apache/ratis/ratis-proto/2.1.0-ff8aa66-SNAPSHOT/ratis-proto-2.1.0-ff8aa66-SNAPSHOT.jar:/home/runner/.m2/repository/org/apache/ratis/ratis-common/2.1.0-ff8aa66-SNAPSHOT/ratis-common-2.1.0-ff8aa66-SNAPSHOT.jar:/home/runner/.m2/repository/com/amazonaws/aws-java-sdk-core/1.11.901/aws-java-sdk-core-1.11.901.jar:/home/runner/.m2/repository/org/apache/httpcomponents/httpclient/4.5.13/httpclient-4.5.13.jar:/home/runner/.m2/repository/org/apache/httpcomponents/httpcore/4.4.13/httpcore-4.4.13.jar:/home/runner/.m2/repository/software/amazon/ion/ion-java/1.0.2/ion-java-1.0.2.jar:/home/runner/.m2/repository/com/fasterxml/jackson/dataformat/jackson-dataformat-cbor/2.12.1/jackson-dataformat-cbor-2.12.1.jar:/home/runner/.m2/repository/joda-time/joda-time/2.8.1/joda-time-2.8.1.jar:/home/runner/.m2/repository/com/amazonaws/aws-java-sdk-s3/1.11.901/aws-java-sdk-s3-1.11.901.jar:/home/runner/.m2/repository/com/amazonaws/aws-java-sdk-kms/1.11.901/aws-java-sdk-kms-1.11.901.jar:/home/runner/.m2/repository/com/amazonaws/jmespath-java/1.11.901/jmespath-java-1.11.901.jar:/home/runner/.m2/repository/org/kohsuke/metainf-services/metainf-services/1.8/metainf-services-1.8.jar:/home/runner/.m2/repository/org/apache/ozone/hdds-tools/1.2.0-SNAPSHOT/hdds-tools-1.2.0-SNAPSHOT.jar:/home/runner/.m2/repository/commons-cli/commons-cli/1.2/commons-cli-1.2.jar:/home/runner/.m2/repository/org/apache/commons/commons-lang3/3.7/commons-lang3-3.7.jar:/home/runner/.m2/repository/org/apache/ozone/ozone-manager/1.2.0-SNAPSHOT/ozone-manager-1.2.0-SNAPSHOT-tests.jar:/home/runner/.m2/repository/org/apache/ozone/hdds-common/1.2.0-SNAPSHOT/hdds-common-1.2.0-SNAPSHOT-tests.jar:/home/runner/.m2/repository/org/apache/ozone/hdds-hadoop-dependency-client/1.2.0-SNAPSHOT/hdds-hadoop-dependency-client-1.2.0-SNAPSHOT.jar:/home/runner/.m2/repository/info/picocli/picocli/4.4.0/picocli-4.4.0.jar:/home/runner/.m2/repository/com/fasterxml/jackson/core/jackson-annotations/2.12.1/jackson-annotations-2.12.1.jar:/home/runner/.m2/repository/javax/annotation/javax.annotation-api/1.2/javax.annotation-api-1.2.jar:/home/runner/.m2/repository/org/fusesource/leveldbjni/leveldbjni-all/1.8/leveldbjni-all-1.8.jar:/home/runner/.m2/repository/org/apache/ratis/ratis-server/2.1.0-ff8aa66-SNAPSHOT/ratis-server-2.1.0-ff8aa66-SNAPSHOT.jar:/home/runner/.m2/repository/org/apache/ratis/ratis-client/2.1.0-ff8aa66-SNAPSHOT/ratis-client-2.1.0-ff8aa66-SNAPSHOT.jar:/home/runner/.m2/repository/org/apache/ratis/ratis-server-api/2.1.0-ff8aa66-SNAPSHOT/ratis-server-api-2.1.0-ff8aa66-SNAPSHOT.jar:/home/runner/.m2/repository/org/apache/ratis/ratis-metrics/2.1.0-ff8aa66-SNAPSHOT/ratis-metrics-2.1.0-ff8aa66-SNAPSHOT.jar:/home/runner/.m2/repository/org/apache/ratis/ratis-netty/2.1.0-ff8aa66-SNAPSHOT/ratis-netty-2.1.0-ff8aa66-SNAPSHOT.jar:/home/runner/.m2/repository/org/apache/ratis/ratis-grpc/2.1.0-ff8aa66-SNAPSHOT/ratis-grpc-2.1.0-ff8aa66-SNAPSHOT.jar:/home/runner/.m2/repository/org/apache/logging/log4j/log4j-api/2.13.3/log4j-api-2.13.3.jar:/home/runner/.m2/repository/org/apache/logging/log4j/log4j-core/2.13.3/log4j-core-2.13.3.jar:/home/runner/.m2/repository/com/lmax/disruptor/3.4.2/disruptor-3.4.2.jar:/home/runner/.m2/repository/org/apache/commons/commons-pool2/2.6.0/commons-pool2-2.6.0.jar:/home/runner/.m2/repository/org/bouncycastle/bcpkix-jdk15on/1.67/bcpkix-jdk15on-1.67.jar:/home/runner/.m2/repository/commons-validator/commons-validator/1.6/commons-validator-1.6.jar:/home/runner/.m2/repository/commons-beanutils/commons-beanutils/1.9.4/commons-beanutils-1.9.4.jar:/home/runner/.m2/repository/commons-digester/commons-digester/1.8.1/commons-digester-1.8.1.jar:/home/runner/.m2/repository/commons-collections/commons-collections/3.2.2/commons-collections-3.2.2.jar:/home/runner/.m2/repository/io/jaegertracing/jaeger-client/1.6.0/jaeger-client-1.6.0.jar:/home/runner/.m2/repository/io/jaegertracing/jaeger-thrift/1.6.0/jaeger-thrift-1.6.0.jar:/home/runner/.m2/repository/org/apache/thrift/libthrift/0.14.1/libthrift-0.14.1.jar:/home/runner/.m2/repository/com/squareup/okhttp3/okhttp/4.9.0/okhttp-4.9.0.jar:/home/runner/.m2/repository/com/squareup/okio/okio/2.8.0/okio-2.8.0.jar:/home/runner/.m2/repository/io/jaegertracing/jaeger-core/1.6.0/jaeger-core-1.6.0.jar:/home/runner/.m2/repository/io/jaegertracing/jaeger-tracerresolver/1.6.0/jaeger-tracerresolver-1.6.0.jar:/home/runner/.m2/repository/io/opentracing/contrib/opentracing-tracerresolver/0.1.8/opentracing-tracerresolver-0.1.8.jar:/home/runner/.m2/repository/org/jetbrains/kotlin/kotlin-stdlib/1.4.31/kotlin-stdlib-1.4.31.jar:/home/runner/.m2/repository/org/jetbrains/kotlin/kotlin-stdlib-common/1.4.31/kotlin-stdlib-common-1.4.31.jar:/home/runner/.m2/repository/org/jetbrains/annotations/13.0/annotations-13.0.jar:/home/runner/.m2/repository/io/opentracing/opentracing-util/0.33.0/opentracing-util-0.33.0.jar:/home/runner/.m2/repository/io/opentracing/opentracing-api/0.33.0/opentracing-api-0.33.0.jar:/home/runner/.m2/repository/io/opentracing/opentracing-noop/0.33.0/opentracing-noop-0.33.0.jar:/home/runner/.m2/repository/org/yaml/snakeyaml/1.26/snakeyaml-1.26.jar:/home/runner/.m2/repository/org/apache/ozone/hdds-interface-admin/1.2.0-SNAPSHOT/hdds-interface-admin-1.2.0-SNAPSHOT.jar:/home/runner/.m2/repository/junit/junit/4.13.1/junit-4.13.1.jar:/home/runner/.m2/repository/org/hamcrest/hamcrest-core/1.3/hamcrest-core-1.3.jar:/home/runner/.m2/repository/org/junit/jupiter/junit-jupiter-api/5.7.0/junit-jupiter-api-5.7.0.jar:/home/runner/.m2/repository/org/apiguardian/apiguardian-api/1.1.0/apiguardian-api-1.1.0.jar:/home/runner/.m2/repository/org/opentest4j/opentest4j/1.2.0/opentest4j-1.2.0.jar:/home/runner/.m2/repository/org/junit/platform/junit-platform-commons/1.7.0/junit-platform-commons-1.7.0.jar:/home/runner/.m2/repository/org/junit/jupiter/junit-jupiter-engine/5.7.0/junit-jupiter-engine-5.7.0.jar:/home/runner/.m2/repository/org/junit/platform/junit-platform-engine/1.7.0/junit-platform-engine-1.7.0.jar:/home/runner/.m2/repository/org/junit/vintage/junit-vintage-engine/5.7.0/junit-vintage-engine-5.7.0.jar:/home/runner/.m2/repository/org/junit/platform/junit-platform-launcher/1.7.0/junit-platform-launcher-1.7.0.jar:/home/runner/.m2/repository/org/openjdk/jmh/jmh-core/1.19/jmh-core-1.19.jar:/home/runner/.m2/repository/net/sf/jopt-simple/jopt-simple/4.6/jopt-simple-4.6.jar:/home/runner/.m2/repository/org/apache/commons/commons-math3/3.1.1/commons-math3-3.1.1.jar:/home/runner/.m2/repository/org/openjdk/jmh/jmh-generator-annprocess/1.19/jmh-generator-annprocess-1.19.jar:/home/runner/.m2/repository/org/mockito/mockito-all/1.8.5/mockito-all-1.8.5.jar:/home/runner/.m2/repository/org/apache/hadoop/hadoop-kms/3.2.2/hadoop-kms-3.2.2.jar:/home/runner/.m2/repository/org/apache/hadoop/hadoop-auth/3.2.2/hadoop-auth-3.2.2.jar:/home/runner/.m2/repository/com/nimbusds/nimbus-jose-jwt/7.9/nimbus-jose-jwt-7.9.jar:/home/runner/.m2/repository/com/github/stephenc/jcip/jcip-annotations/1.0-1/jcip-annotations-1.0-1.jar:/home/runner/.m2/repository/net/minidev/json-smart/2.3/json-smart-2.3.jar:/home/runner/.m2/repository/net/minidev/accessors-smart/1.2/accessors-smart-1.2.jar:/home/runner/.m2/repository/org/ow2/asm/asm/5.0.4/asm-5.0.4.jar:/home/runner/.m2/repository/org/apache/zookeeper/zookeeper/3.4.13/zookeeper-3.4.13.jar:/home/runner/.m2/repository/org/apache/yetus/audience-annotations/0.5.0/audience-annotations-0.5.0.jar:/home/runner/.m2/repository/org/apache/curator/curator-framework/2.13.0/curator-framework-2.13.0.jar:/home/runner/.m2/repository/com/sun/jersey/jersey-core/1.19/jersey-core-1.19.jar:/home/runner/.m2/repository/javax/ws/rs/jsr311-api/1.1.1/jsr311-api-1.1.1.jar:/home/runner/.m2/repository/com/sun/jersey/jersey-server/1.19/jersey-server-1.19.jar:/home/runner/.m2/repository/javax/servlet/javax.servlet-api/3.1.0/javax.servlet-api-3.1.0.jar:/home/runner/.m2/repository/org/eclipse/jetty/jetty-server/9.4.35.v20201120/jetty-server-9.4.35.v20201120.jar:/home/runner/.m2/repository/org/eclipse/jetty/jetty-http/9.4.35.v20201120/jetty-http-9.4.35.v20201120.jar:/home/runner/.m2/repository/org/eclipse/jetty/jetty-io/9.4.35.v20201120/jetty-io-9.4.35.v20201120.jar:/home/runner/.m2/repository/org/eclipse/jetty/jetty-webapp/9.4.35.v20201120/jetty-webapp-9.4.35.v20201120.jar:/home/runner/.m2/repository/org/eclipse/jetty/jetty-xml/9.4.35.v20201120/jetty-xml-9.4.35.v20201120.jar:/home/runner/.m2/repository/org/apache/hadoop/hadoop-common/3.2.2/hadoop-common-3.2.2.jar:/home/runner/.m2/repository/commons-net/commons-net/3.6/commons-net-3.6.jar:/home/runner/.m2/repository/javax/activation/javax.activation-api/1.2.0/javax.activation-api-1.2.0.jar:/home/runner/.m2/repository/com/sun/jersey/jersey-servlet/1.19/jersey-servlet-1.19.jar:/home/runner/.m2/repository/com/sun/jersey/jersey-json/1.19/jersey-json-1.19.jar:/home/runner/.m2/repository/org/codehaus/jettison/jettison/1.1/jettison-1.1.jar:/home/runner/.m2/repository/com/sun/xml/bind/jaxb-impl/2.2.3-1/jaxb-impl-2.2.3-1.jar:/home/runner/.m2/repository/org/codehaus/jackson/jackson-jaxrs/1.9.2/jackson-jaxrs-1.9.2.jar:/home/runner/.m2/repository/org/codehaus/jackson/jackson-xc/1.9.2/jackson-xc-1.9.2.jar:/home/runner/.m2/repository/org/apache/commons/commons-configuration2/2.1.1/commons-configuration2-2.1.1.jar:/home/runner/.m2/repository/org/apache/commons/commons-text/1.4/commons-text-1.4.jar:/home/runner/.m2/repository/com/google/re2j/re2j/1.1/re2j-1.1.jar:/home/runner/.m2/repository/com/jcraft/jsch/0.1.54/jsch-0.1.54.jar:/home/runner/.m2/repository/org/apache/curator/curator-client/2.13.0/curator-client-2.13.0.jar:/home/runner/.m2/repository/org/apache/curator/curator-recipes/2.13.0/curator-recipes-2.13.0.jar:/home/runner/.m2/repository/dnsjava/dnsjava/2.1.7/dnsjava-2.1.7.jar:/home/runner/.m2/repository/org/slf4j/jul-to-slf4j/1.7.30/jul-to-slf4j-1.7.30.jar:/home/runner/.m2/repository/org/eclipse/jetty/jetty-util/9.4.35.v20201120/jetty-util-9.4.35.v20201120.jar:/home/runner/.m2/repository/com/fasterxml/jackson/core/jackson-databind/2.12.1/jackson-databind-2.12.1.jar:/home/runner/.m2/repository/org/apache/hadoop/hadoop-kms/3.2.2/hadoop-kms-3.2.2-tests.jar:/home/runner/.m2/repository/org/apache/ozone/hdds-server-scm/1.2.0-SNAPSHOT/hdds-server-scm-1.2.0-SNAPSHOT-tests.jar:/home/runner/.m2/repository/org/apache/ozone/hdds-container-service/1.2.0-SNAPSHOT/hdds-container-service-1.2.0-SNAPSHOT-tests.jar:/home/runner/.m2/repository/commons-codec/commons-codec/1.11/commons-codec-1.11.jar:/home/runner/.m2/repository/io/netty/netty-transport/4.1.63.Final/netty-transport-4.1.63.Final.jar:/home/runner/.m2/repository/io/netty/netty-resolver/4.1.63.Final/netty-resolver-4.1.63.Final.jar:/home/runner/.m2/repository/io/netty/netty-codec/4.1.63.Final/netty-codec-4.1.63.Final.jar:/home/runner/.m2/repository/io/netty/netty-handler/4.1.63.Final/netty-handler-4.1.63.Final.jar:/home/runner/.m2/repository/org/apache/ozone/hdds-hadoop-dependency-test/1.2.0-SNAPSHOT/hdds-hadoop-dependency-test-1.2.0-SNAPSHOT.jar:/home/runner/.m2/repository/org/apache/hadoop/hadoop-common/3.2.2/hadoop-common-3.2.2-tests.jar:/home/runner/.m2/repository/org/apache/hadoop/hadoop-hdfs/3.2.2/hadoop-hdfs-3.2.2-tests.jar:/home/runner/.m2/repository/org/eclipse/jetty/jetty-util-ajax/9.4.35.v20201120/jetty-util-ajax-9.4.35.v20201120.jar:/home/runner/.m2/repository/commons-daemon/commons-daemon/1.0.13/commons-daemon-1.0.13.jar:/home/runner/.m2/repository/io/netty/netty/3.10.6.Final/netty-3.10.6.Final.jar:/home/runner/.m2/repository/io/netty/netty-all/4.1.63.Final/netty-all-4.1.63.Final.jar:/home/runner/.m2/repository/org/apache/htrace/htrace-core4/4.1.0-incubating/htrace-core4-4.1.0-incubating.jar:/home/runner/.m2/repository/org/apache/hadoop/hadoop-distcp/3.2.2/hadoop-distcp-3.2.2.jar:/home/runner/.m2/repository/org/apache/hadoop/hadoop-mapreduce-client-jobclient/3.2.2/hadoop-mapreduce-client-jobclient-3.2.2.jar:/home/runner/.m2/repository/org/apache/hadoop/hadoop-mapreduce-client-common/3.2.2/hadoop-mapreduce-client-common-3.2.2.jar:/home/runner/.m2/repository/org/apache/hadoop/hadoop-yarn-common/3.2.2/hadoop-yarn-common-3.2.2.jar:/home/runner/.m2/repository/org/apache/hadoop/hadoop-yarn-api/3.2.2/hadoop-yarn-api-3.2.2.jar:/home/runner/.m2/repository/com/sun/jersey/jersey-client/1.19/jersey-client-1.19.jar:/home/runner/.m2/repository/com/sun/jersey/contribs/jersey-guice/1.19/jersey-guice-1.19.jar:/home/runner/.m2/repository/com/fasterxml/jackson/jaxrs/jackson-jaxrs-json-provider/2.12.1/jackson-jaxrs-json-provider-2.12.1.jar:/home/runner/.m2/repository/com/fasterxml/jackson/jaxrs/jackson-jaxrs-base/2.12.1/jackson-jaxrs-base-2.12.1.jar:/home/runner/.m2/repository/org/apache/hadoop/hadoop-yarn-client/3.2.2/hadoop-yarn-client-3.2.2.jar:/home/runner/.m2/repository/org/apache/hadoop/hadoop-mapreduce-client-core/3.2.2/hadoop-mapreduce-client-core-3.2.2.jar:/home/runner/.m2/repository/org/apache/avro/avro/1.7.7/avro-1.7.7.jar:/home/runner/.m2/repository/org/codehaus/jackson/jackson-core-asl/1.9.13/jackson-core-asl-1.9.13.jar:/home/runner/.m2/repository/org/codehaus/jackson/jackson-mapper-asl/1.9.13/jackson-mapper-asl-1.9.13.jar:/home/runner/.m2/repository/com/thoughtworks/paranamer/paranamer/2.3/paranamer-2.3.jar:/home/runner/.m2/repository/org/xerial/snappy/snappy-java/1.0.5/snappy-java-1.0.5.jar:/home/runner/.m2/repository/org/apache/hadoop/hadoop-annotations/3.2.2/hadoop-annotations-3.2.2.jar:/usr/lib/jvm/adoptopenjdk-8-hotspot-amd64/jre/../lib/tools.jar:/home/runner/.m2/repository/org/apache/hadoop/hadoop-distcp/3.2.2/hadoop-distcp-3.2.2-tests.jar:"/>
    <property name="sun.cpu.endian" value="little"/>
    <property name="user.home" value="/home/runner"/>
    <property name="user.language" value="en"/>
    <property name="java.specification.vendor" value="Oracle Corporation"/>
    <property name="java.home" value="/usr/lib/jvm/adoptopenjdk-8-hotspot-amd64/jre"/>
    <property name="java.security.krb5.conf" value="/home/runner/work/ozone/ozone/mnt/ozone/hadoop-ozone/integration-test/target/test-classes/krb5.conf"/>
    <property name="basedir" value="/home/runner/work/ozone/ozone/mnt/ozone/hadoop-ozone/integration-test"/>
    <property name="file.separator" value="/"/>
    <property name="line.separator" value="&#10;"/>
    <property name="java.vm.specification.vendor" value="Oracle Corporation"/>
    <property name="java.specification.name" value="Java Platform API Specification"/>
    <property name="java.awt.graphicsenv" value="sun.awt.X11GraphicsEnvironment"/>
    <property name="skip.installnpx" value="true"/>
    <property name="surefire.real.class.path" value="/home/runner/work/ozone/ozone/mnt/ozone/hadoop-ozone/integration-test/target/surefire/surefirebooter2849838774322804025.jar:/home/runner/.m2/repository/org/jacoco/org.jacoco.agent/0.8.5/org.jacoco.agent-0.8.5-runtime.jar"/>
    <property name="hadoop.log.dir" value="/home/runner/work/ozone/ozone/mnt/ozone/hadoop-ozone/integration-test/target/log"/>
    <property name="sun.boot.class.path" value="/usr/lib/jvm/adoptopenjdk-8-hotspot-amd64/jre/lib/resources.jar:/usr/lib/jvm/adoptopenjdk-8-hotspot-amd64/jre/lib/rt.jar:/usr/lib/jvm/adoptopenjdk-8-hotspot-amd64/jre/lib/sunrsasign.jar:/usr/lib/jvm/adoptopenjdk-8-hotspot-amd64/jre/lib/jsse.jar:/usr/lib/jvm/adoptopenjdk-8-hotspot-amd64/jre/lib/jce.jar:/usr/lib/jvm/adoptopenjdk-8-hotspot-amd64/jre/lib/charsets.jar:/usr/lib/jvm/adoptopenjdk-8-hotspot-amd64/jre/lib/jfr.jar:/usr/lib/jvm/adoptopenjdk-8-hotspot-amd64/jre/classes"/>
    <property name="sun.management.compiler" value="HotSpot 64-Bit Tiered Compilers"/>
    <property name="skip.npx" value="true"/>
    <property name="java.runtime.version" value="1.8.0_292-b10"/>
    <property name="java.net.preferIPv4Stack" value="true"/>
    <property name="user.name" value="runner"/>
    <property name="path.separator" value=":"/>
    <property name="java.security.egd" value="file:///dev/urandom"/>
    <property name="os.version" value="5.4.0-1047-azure"/>
    <property name="java.endorsed.dirs" value="/usr/lib/jvm/adoptopenjdk-8-hotspot-amd64/jre/lib/endorsed"/>
    <property name="java.runtime.name" value="OpenJDK Runtime Environment"/>
    <property name="file.encoding" value="UTF-8"/>
    <property name="java.vm.name" value="OpenJDK 64-Bit Server VM"/>
    <property name="test.build.webapps" value=""/>
    <property name="localRepository" value="/home/runner/.m2/repository"/>
    <property name="java.vendor.url.bug" value="https://github.com/AdoptOpenJDK/openjdk-support/issues"/>
    <property name="java.io.tmpdir" value="/tmp"/>
    <property name="require.test.libhadoop" value=""/>
    <property name="java.version" value="1.8.0_292"/>
    <property name="user.dir" value="/home/runner/work/ozone/ozone/mnt/ozone/hadoop-ozone/integration-test"/>
    <property name="os.arch" value="amd64"/>
    <property name="java.vm.specification.name" value="Java Virtual Machine Specification"/>
    <property name="test.build.classes" value="/home/runner/work/ozone/ozone/mnt/ozone/hadoop-ozone/integration-test/target/test-classes"/>
    <property name="java.awt.printerjob" value="sun.print.PSPrinterJob"/>
    <property name="sun.os.patch.level" value="unknown"/>
    <property name="hadoop.tmp.dir" value="/home/runner/work/ozone/ozone/mnt/ozone/hadoop-ozone/integration-test/target/tmp"/>
    <property name="java.library.path" value="/usr/java/packages/lib/amd64:/usr/lib64:/lib64:/lib:/usr/lib"/>
    <property name="java.vm.info" value="mixed mode"/>
    <property name="java.vendor" value="AdoptOpenJDK"/>
    <property name="java.vm.version" value="25.292-b10"/>
    <property name="java.ext.dirs" value="/usr/lib/jvm/adoptopenjdk-8-hotspot-amd64/jre/lib/ext:/usr/java/packages/lib/ext"/>
    <property name="sun.io.unicode.encoding" value="UnicodeLittle"/>
    <property name="java.class.version" value="52.0"/>
  </properties>
  <testcase name="testFailover" classname="org.apache.hadoop.ozone.scm.TestFailoverWithSCMHA" time="17.994">
    <error message="Failed init RocksDB, db path : /home/runner/work/ozone/ozone/mnt/ozone/hadoop-ozone/integration-test/target/test-dir/MiniOzoneClusterImpl-c53ac106-a4c8-4947-8709-17152e3f0f0c/omNode-1/om.db, exception :org.rocksdb.RocksDBException lock hold by current process, acquire time 1622605175 acquiring thread 140245517494016: /home/runner/work/ozone/ozone/mnt/ozone/hadoop-ozone/integration-test/target/test-dir/MiniOzoneClusterImpl-c53ac106-a4c8-4947-8709-17152e3f0f0c/omNode-1/om.db/LOCK: No locks available; status : IOError; message : lock hold by current process, acquire time 1622605175 acquiring thread 140245517494016: /home/runner/work/ozone/ozone/mnt/ozone/hadoop-ozone/integration-test/target/test-dir/MiniOzoneClusterImpl-c53ac106-a4c8-4947-8709-17152e3f0f0c/omNode-1/om.db/LOCK: No locks available" type="java.io.IOException"><![CDATA[java.io.IOException: Failed init RocksDB, db path : /home/runner/work/ozone/ozone/mnt/ozone/hadoop-ozone/integration-test/target/test-dir/MiniOzoneClusterImpl-c53ac106-a4c8-4947-8709-17152e3f0f0c/omNode-1/om.db, exception :org.rocksdb.RocksDBException lock hold by current process, acquire time 1622605175 acquiring thread 140245517494016: /home/runner/work/ozone/ozone/mnt/ozone/hadoop-ozone/integration-test/target/test-dir/MiniOzoneClusterImpl-c53ac106-a4c8-4947-8709-17152e3f0f0c/omNode-1/om.db/LOCK: No locks available; status : IOError; message : lock hold by current process, acquire time 1622605175 acquiring thread 140245517494016: /home/runner/work/ozone/ozone/mnt/ozone/hadoop-ozone/integration-test/target/test-dir/MiniOzoneClusterImpl-c53ac106-a4c8-4947-8709-17152e3f0f0c/omNode-1/om.db/LOCK: No locks available
	at org.apache.hadoop.hdds.utils.HddsServerUtil.toIOException(HddsServerUtil.java:547)
	at org.apache.hadoop.hdds.utils.db.RDBStore.<init>(RDBStore.java:163)
	at org.apache.hadoop.hdds.utils.db.DBStoreBuilder.build(DBStoreBuilder.java:191)
	at org.apache.hadoop.ozone.om.OmMetadataManagerImpl.loadDB(OmMetadataManagerImpl.java:322)
	at org.apache.hadoop.ozone.om.OmMetadataManagerImpl.loadDB(OmMetadataManagerImpl.java:312)
	at org.apache.hadoop.ozone.om.OmMetadataManagerImpl.start(OmMetadataManagerImpl.java:304)
	at org.apache.hadoop.ozone.om.OmMetadataManagerImpl.<init>(OmMetadataManagerImpl.java:193)
	at org.apache.hadoop.ozone.om.OzoneManager.instantiateServices(OzoneManager.java:537)
	at org.apache.hadoop.ozone.om.OzoneManager.<init>(OzoneManager.java:453)
	at org.apache.hadoop.ozone.om.OzoneManager.createOm(OzoneManager.java:903)
	at org.apache.hadoop.ozone.MiniOzoneHAClusterImpl$Builder.createOMService(MiniOzoneHAClusterImpl.java:452)
	at org.apache.hadoop.ozone.MiniOzoneHAClusterImpl$Builder.build(MiniOzoneHAClusterImpl.java:367)
	at org.apache.hadoop.ozone.scm.TestFailoverWithSCMHA.init(TestFailoverWithSCMHA.java:79)
	at sun.reflect.NativeMethodAccessorImpl.invoke0(Native Method)
	at sun.reflect.NativeMethodAccessorImpl.invoke(NativeMethodAccessorImpl.java:62)
	at sun.reflect.DelegatingMethodAccessorImpl.invoke(DelegatingMethodAccessorImpl.java:43)
	at java.lang.reflect.Method.invoke(Method.java:498)
	at org.junit.platform.commons.util.ReflectionUtils.invokeMethod(ReflectionUtils.java:688)
	at org.junit.jupiter.engine.execution.MethodInvocation.proceed(MethodInvocation.java:60)
	at org.junit.jupiter.engine.execution.InvocationInterceptorChain$ValidatingInvocation.proceed(InvocationInterceptorChain.java:131)
	at org.junit.jupiter.engine.extension.TimeoutExtension.intercept(TimeoutExtension.java:149)
	at org.junit.jupiter.engine.extension.TimeoutExtension.interceptLifecycleMethod(TimeoutExtension.java:126)
	at org.junit.jupiter.engine.extension.TimeoutExtension.interceptBeforeEachMethod(TimeoutExtension.java:76)
	at org.junit.jupiter.engine.execution.ExecutableInvoker$ReflectiveInterceptorCall.lambda$ofVoidMethod$0(ExecutableInvoker.java:115)
	at org.junit.jupiter.engine.execution.ExecutableInvoker.lambda$invoke$0(ExecutableInvoker.java:105)
	at org.junit.jupiter.engine.execution.InvocationInterceptorChain$InterceptedInvocation.proceed(InvocationInterceptorChain.java:106)
	at org.junit.jupiter.engine.execution.InvocationInterceptorChain.proceed(InvocationInterceptorChain.java:64)
	at org.junit.jupiter.engine.execution.InvocationInterceptorChain.chainAndInvoke(InvocationInterceptorChain.java:45)
	at org.junit.jupiter.engine.execution.InvocationInterceptorChain.invoke(InvocationInterceptorChain.java:37)
	at org.junit.jupiter.engine.execution.ExecutableInvoker.invoke(ExecutableInvoker.java:104)
	at org.junit.jupiter.engine.execution.ExecutableInvoker.invoke(ExecutableInvoker.java:98)
	at org.junit.jupiter.engine.descriptor.ClassBasedTestDescriptor.invokeMethodInExtensionContext(ClassBasedTestDescriptor.java:490)
	at org.junit.jupiter.engine.descriptor.ClassBasedTestDescriptor.lambda$synthesizeBeforeEachMethodAdapter$19(ClassBasedTestDescriptor.java:475)
	at org.junit.jupiter.engine.descriptor.TestMethodTestDescriptor.lambda$invokeBeforeEachMethods$2(TestMethodTestDescriptor.java:167)
	at org.junit.jupiter.engine.descriptor.TestMethodTestDescriptor.lambda$invokeBeforeMethodsOrCallbacksUntilExceptionOccurs$5(TestMethodTestDescriptor.java:195)
	at org.junit.platform.engine.support.hierarchical.ThrowableCollector.execute(ThrowableCollector.java:73)
	at org.junit.jupiter.engine.descriptor.TestMethodTestDescriptor.invokeBeforeMethodsOrCallbacksUntilExceptionOccurs(TestMethodTestDescriptor.java:195)
	at org.junit.jupiter.engine.descriptor.TestMethodTestDescriptor.invokeBeforeEachMethods(TestMethodTestDescriptor.java:164)
	at org.junit.jupiter.engine.descriptor.TestMethodTestDescriptor.execute(TestMethodTestDescriptor.java:127)
	at org.junit.jupiter.engine.descriptor.TestMethodTestDescriptor.execute(TestMethodTestDescriptor.java:65)
	at org.junit.platform.engine.support.hierarchical.NodeTestTask.lambda$executeRecursively$5(NodeTestTask.java:139)
	at org.junit.platform.engine.support.hierarchical.ThrowableCollector.execute(ThrowableCollector.java:73)
	at org.junit.platform.engine.support.hierarchical.NodeTestTask.lambda$executeRecursively$7(NodeTestTask.java:129)
	at org.junit.platform.engine.support.hierarchical.Node.around(Node.java:137)
	at org.junit.platform.engine.support.hierarchical.NodeTestTask.lambda$executeRecursively$8(NodeTestTask.java:127)
	at org.junit.platform.engine.support.hierarchical.ThrowableCollector.execute(ThrowableCollector.java:73)
	at org.junit.platform.engine.support.hierarchical.NodeTestTask.executeRecursively(NodeTestTask.java:126)
	at org.junit.platform.engine.support.hierarchical.NodeTestTask.execute(NodeTestTask.java:84)
	at java.util.ArrayList.forEach(ArrayList.java:1259)
	at org.junit.platform.engine.support.hierarchical.SameThreadHierarchicalTestExecutorService.invokeAll(SameThreadHierarchicalTestExecutorService.java:38)
	at org.junit.platform.engine.support.hierarchical.NodeTestTask.lambda$executeRecursively$5(NodeTestTask.java:143)
	at org.junit.platform.engine.support.hierarchical.ThrowableCollector.execute(ThrowableCollector.java:73)
	at org.junit.platform.engine.support.hierarchical.NodeTestTask.lambda$executeRecursively$7(NodeTestTask.java:129)
	at org.junit.platform.engine.support.hierarchical.Node.around(Node.java:137)
	at org.junit.platform.engine.support.hierarchical.NodeTestTask.lambda$executeRecursively$8(NodeTestTask.java:127)
	at org.junit.platform.engine.support.hierarchical.ThrowableCollector.execute(ThrowableCollector.java:73)
	at org.junit.platform.engine.support.hierarchical.NodeTestTask.executeRecursively(NodeTestTask.java:126)
	at org.junit.platform.engine.support.hierarchical.NodeTestTask.execute(NodeTestTask.java:84)
	at java.util.ArrayList.forEach(ArrayList.java:1259)
	at org.junit.platform.engine.support.hierarchical.SameThreadHierarchicalTestExecutorService.invokeAll(SameThreadHierarchicalTestExecutorService.java:38)
	at org.junit.platform.engine.support.hierarchical.NodeTestTask.lambda$executeRecursively$5(NodeTestTask.java:143)
	at org.junit.platform.engine.support.hierarchical.ThrowableCollector.execute(ThrowableCollector.java:73)
	at org.junit.platform.engine.support.hierarchical.NodeTestTask.lambda$executeRecursively$7(NodeTestTask.java:129)
	at org.junit.platform.engine.support.hierarchical.Node.around(Node.java:137)
	at org.junit.platform.engine.support.hierarchical.NodeTestTask.lambda$executeRecursively$8(NodeTestTask.java:127)
	at org.junit.platform.engine.support.hierarchical.ThrowableCollector.execute(ThrowableCollector.java:73)
	at org.junit.platform.engine.support.hierarchical.NodeTestTask.executeRecursively(NodeTestTask.java:126)
	at org.junit.platform.engine.support.hierarchical.NodeTestTask.execute(NodeTestTask.java:84)
	at org.junit.platform.engine.support.hierarchical.SameThreadHierarchicalTestExecutorService.submit(SameThreadHierarchicalTestExecutorService.java:32)
	at org.junit.platform.engine.support.hierarchical.HierarchicalTestExecutor.execute(HierarchicalTestExecutor.java:57)
	at org.junit.platform.engine.support.hierarchical.HierarchicalTestEngine.execute(HierarchicalTestEngine.java:51)
	at org.junit.platform.launcher.core.EngineExecutionOrchestrator.execute(EngineExecutionOrchestrator.java:108)
	at org.junit.platform.launcher.core.EngineExecutionOrchestrator.execute(EngineExecutionOrchestrator.java:88)
	at org.junit.platform.launcher.core.EngineExecutionOrchestrator.lambda$execute$0(EngineExecutionOrchestrator.java:54)
	at org.junit.platform.launcher.core.EngineExecutionOrchestrator.withInterceptedStreams(EngineExecutionOrchestrator.java:67)
	at org.junit.platform.launcher.core.EngineExecutionOrchestrator.execute(EngineExecutionOrchestrator.java:52)
	at org.junit.platform.launcher.core.DefaultLauncher.execute(DefaultLauncher.java:96)
	at org.junit.platform.launcher.core.DefaultLauncher.execute(DefaultLauncher.java:75)
	at org.apache.maven.surefire.junitplatform.JUnitPlatformProvider.invokeAllTests(JUnitPlatformProvider.java:142)
	at org.apache.maven.surefire.junitplatform.JUnitPlatformProvider.invoke(JUnitPlatformProvider.java:113)
	at org.apache.maven.surefire.booter.ForkedBooter.invokeProviderInSameClassLoader(ForkedBooter.java:384)
	at org.apache.maven.surefire.booter.ForkedBooter.runSuitesInProcess(ForkedBooter.java:345)
	at org.apache.maven.surefire.booter.ForkedBooter.execute(ForkedBooter.java:126)
	at org.apache.maven.surefire.booter.ForkedBooter.main(ForkedBooter.java:418)
Caused by: org.rocksdb.RocksDBException: lock hold by current process, acquire time 1622605175 acquiring thread 140245517494016: /home/runner/work/ozone/ozone/mnt/ozone/hadoop-ozone/integration-test/target/test-dir/MiniOzoneClusterImpl-c53ac106-a4c8-4947-8709-17152e3f0f0c/omNode-1/om.db/LOCK: No locks available
	at org.rocksdb.RocksDB.open(Native Method)
	at org.rocksdb.RocksDB.open(RocksDB.java:306)
	at org.apache.hadoop.hdds.utils.db.RDBStore.<init>(RDBStore.java:118)
	... 82 more
]]></error>
    <system-out><![CDATA[2021-06-02 03:39:18,194 [main] WARN  server.ServerUtils (ServerUtils.java:getScmDbDir(148)) - ozone.scm.db.dirs is not configured. We recommend adding this setting. Falling back to ozone.metadata.dirs instead.
2021-06-02 03:39:18,210 [main] INFO  ha.SCMHANodeDetails (SCMHANodeDetails.java:loadSCMHAConfig(149)) - ServiceID for StorageContainerManager is scm-service-test1
2021-06-02 03:39:18,211 [main] INFO  ha.SCMHANodeDetails (SCMHANodeDetails.java:loadSCMHAConfig(160)) - ServiceID for StorageContainerManager is scm-service-test1
2021-06-02 03:39:18,251 [main] WARN  scm.ScmUtils (ScmUtils.java:logWarn(179)) - ConfigKey ozone.scm.block.client.address is deprecated, For configuring different ports for each SCM use PortConfigKey ozone.scm.block.client.port appended with serviceId and nodeId. If want to configure same port configure ozone.scm.block.client.port
2021-06-02 03:39:18,252 [main] WARN  scm.ScmUtils (ScmUtils.java:logWarn(179)) - ConfigKey ozone.scm.client.address is deprecated, For configuring different ports for each SCM use PortConfigKey ozone.scm.client.port appended with serviceId and nodeId. If want to configure same port configure ozone.scm.client.port
2021-06-02 03:39:18,252 [main] WARN  scm.ScmUtils (ScmUtils.java:logWarn(179)) - ConfigKey ozone.scm.datanode.address is deprecated, For configuring different ports for each SCM use PortConfigKey ozone.scm.datanode.port appended with serviceId and nodeId. If want to configure same port configure ozone.scm.datanode.port
2021-06-02 03:39:18,254 [main] WARN  scm.ScmUtils (ScmUtils.java:logWarn(179)) - ConfigKey ozone.scm.block.client.address is deprecated, For configuring different ports for each SCM use PortConfigKey ozone.scm.block.client.port appended with serviceId and nodeId. If want to configure same port configure ozone.scm.block.client.port
2021-06-02 03:39:18,254 [main] WARN  scm.ScmUtils (ScmUtils.java:logWarn(179)) - ConfigKey ozone.scm.client.address is deprecated, For configuring different ports for each SCM use PortConfigKey ozone.scm.client.port appended with serviceId and nodeId. If want to configure same port configure ozone.scm.client.port
2021-06-02 03:39:18,254 [main] WARN  scm.ScmUtils (ScmUtils.java:logWarn(179)) - ConfigKey ozone.scm.datanode.address is deprecated, For configuring different ports for each SCM use PortConfigKey ozone.scm.datanode.port appended with serviceId and nodeId. If want to configure same port configure ozone.scm.datanode.port
2021-06-02 03:39:18,255 [main] INFO  ha.SCMHANodeDetails (SCMHANodeDetails.java:loadSCMHAConfig(242)) - Found matching SCM address with SCMServiceId: scm-service-test1, SCMNodeId: scmNode-1, RPC Address: localhost:13408 and Ratis port: 13408
2021-06-02 03:39:18,255 [main] INFO  ha.SCMHANodeDetails (ConfUtils.java:setNodeSpecificConfigs(105)) - Setting configuration key ozone.scm.datanode.address with value of key ozone.scm.datanode.address.scm-service-test1.scmNode-1: 127.0.0.1:13409
2021-06-02 03:39:18,256 [main] INFO  ha.SCMHANodeDetails (ConfUtils.java:setNodeSpecificConfigs(105)) - Setting configuration key ozone.scm.block.client.address with value of key ozone.scm.block.client.address.scm-service-test1.scmNode-1: 127.0.0.1:13410
2021-06-02 03:39:18,256 [main] INFO  ha.SCMHANodeDetails (ConfUtils.java:setNodeSpecificConfigs(105)) - Setting configuration key ozone.scm.client.address with value of key ozone.scm.client.address.scm-service-test1.scmNode-1: 127.0.0.1:13411
2021-06-02 03:39:18,256 [main] INFO  ha.SCMHANodeDetails (ConfUtils.java:setNodeSpecificConfigs(105)) - Setting configuration key ozone.scm.ratis.port with value of key ozone.scm.ratis.port.scm-service-test1.scmNode-1: 13408
2021-06-02 03:39:18,256 [main] INFO  ha.SCMHANodeDetails (ConfUtils.java:setNodeSpecificConfigs(105)) - Setting configuration key ozone.scm.grpc.port with value of key ozone.scm.grpc.port.scm-service-test1.scmNode-1: 13412
2021-06-02 03:39:18,257 [main] INFO  ha.SCMHANodeDetails (ConfUtils.java:setNodeSpecificConfigs(105)) - Setting configuration key ozone.scm.http-address with value of key ozone.scm.http-address.scm-service-test1.scmNode-1: 127.0.0.1:13406
2021-06-02 03:39:18,258 [main] INFO  ha.SCMHANodeDetails (ConfUtils.java:setNodeSpecificConfigs(105)) - Setting configuration key ozone.scm.https-address with value of key ozone.scm.https-address.scm-service-test1.scmNode-1: 127.0.0.1:13407
2021-06-02 03:39:18,258 [main] INFO  ha.SCMHANodeDetails (ConfUtils.java:setNodeSpecificConfigs(105)) - Setting configuration key ozone.scm.address with value of key ozone.scm.address.scm-service-test1.scmNode-1: 127.0.0.1
2021-06-02 03:39:18,258 [main] WARN  scm.ScmUtils (ScmUtils.java:logWarn(179)) - ConfigKey ozone.scm.block.client.address is deprecated, For configuring different ports for each SCM use PortConfigKey ozone.scm.block.client.port appended with serviceId and nodeId. If want to configure same port configure ozone.scm.block.client.port
2021-06-02 03:39:18,259 [main] WARN  scm.ScmUtils (ScmUtils.java:logWarn(179)) - ConfigKey ozone.scm.client.address is deprecated, For configuring different ports for each SCM use PortConfigKey ozone.scm.client.port appended with serviceId and nodeId. If want to configure same port configure ozone.scm.client.port
2021-06-02 03:39:18,259 [main] WARN  scm.ScmUtils (ScmUtils.java:logWarn(179)) - ConfigKey ozone.scm.datanode.address is deprecated, For configuring different ports for each SCM use PortConfigKey ozone.scm.datanode.port appended with serviceId and nodeId. If want to configure same port configure ozone.scm.datanode.port
2021-06-02 03:39:18,372 [main] INFO  server.RaftServer (ConfUtils.java:logGet(44)) - raft.rpc.type = GRPC (default)
2021-06-02 03:39:18,436 [main] INFO  grpc.GrpcFactory (GrpcFactory.java:checkPooledByteBufAllocatorUseCacheForAllThreads(48)) - PERFORMANCE WARNING: useCacheForAllThreads is true that may cause Netty to create a lot garbage objects and, as a result, trigger GC.
	It is recommended to disable useCacheForAllThreads by setting -Dorg.apache.ratis.thirdparty.io.netty.allocator.useCacheForAllThreads=false in command line.
2021-06-02 03:39:18,440 [main] INFO  grpc.GrpcConfigKeys (ConfUtils.java:logGet(44)) - raft.grpc.admin.port = -1 (default)
2021-06-02 03:39:18,441 [main] INFO  grpc.GrpcConfigKeys (ConfUtils.java:logGet(44)) - raft.grpc.server.port = 13408 (custom)
2021-06-02 03:39:18,442 [main] INFO  grpc.GrpcConfigKeys (ConfUtils.java:logGet(44)) - raft.grpc.client.port = -1 (default)
2021-06-02 03:39:18,442 [main] INFO  grpc.GrpcConfigKeys (ConfUtils.java:logGet(44)) - raft.grpc.server.port = 13408 (custom)
2021-06-02 03:39:18,442 [main] INFO  grpc.GrpcConfigKeys (ConfUtils.java:logGet(44)) - raft.grpc.server.port = 13408 (custom)
2021-06-02 03:39:18,443 [main] INFO  server.GrpcService (ConfUtils.java:logGet(44)) - raft.grpc.message.size.max = 32m (=33554432) (custom)
2021-06-02 03:39:18,447 [main] INFO  server.RaftServerConfigKeys (ConfUtils.java:logGet(44)) - raft.server.log.appender.buffer.byte-limit = 33554432 (custom)
2021-06-02 03:39:18,448 [main] INFO  server.GrpcService (ConfUtils.java:logGet(44)) - raft.grpc.flow.control.window = 1MB (=1048576) (default)
2021-06-02 03:39:18,449 [main] INFO  server.RaftServerConfigKeys (ConfUtils.java:logGet(44)) - raft.server.rpc.request.timeout = 3000ms (default)
2021-06-02 03:39:18,690 [main] INFO  impl.DataStreamServerImpl (ConfUtils.java:logGet(44)) - raft.datastream.type = DISABLED (default)
2021-06-02 03:39:18,692 [main] INFO  server.RaftServerConfigKeys (ConfUtils.java:logGet(44)) - raft.server.rpc.slowness.timeout = 120000ms (custom)
2021-06-02 03:39:18,692 [main] INFO  server.RaftServerConfigKeys (ConfUtils.java:logGet(44)) - raft.server.leaderelection.leader.step-down.wait-time = 10s (default)
2021-06-02 03:39:18,703 [main] INFO  server.RaftServerConfigKeys (ConfUtils.java:logGet(44)) - raft.server.storage.dir = [/home/runner/work/ozone/ozone/mnt/ozone/hadoop-ozone/integration-test/target/test-dir/MiniOzoneClusterImpl-c53ac106-a4c8-4947-8709-17152e3f0f0c/scmNode-1/scm-ha] (custom)
2021-06-02 03:39:18,715 [main] INFO  server.RaftServer (RaftServerProxy.java:addNew(95)) - c464142a-7b71-4845-800f-f5b0129c6cb8: addNew group-17152E3F0F0C:[c464142a-7b71-4845-800f-f5b0129c6cb8|rpc:localhost:13408|priority:0] returns group-17152E3F0F0C:java.util.concurrent.CompletableFuture@6c8a68c1[Not completed]
2021-06-02 03:39:18,734 [pool-1-thread-1] INFO  server.RaftServer$Division (RaftServerImpl.java:<init>(180)) - c464142a-7b71-4845-800f-f5b0129c6cb8: new RaftServerImpl for group-17152E3F0F0C:[c464142a-7b71-4845-800f-f5b0129c6cb8|rpc:localhost:13408|priority:0] with SCMStateMachine:uninitialized
2021-06-02 03:39:18,736 [pool-1-thread-1] INFO  server.RaftServerConfigKeys (ConfUtils.java:logGet(44)) - raft.server.rpc.timeout.min = 5000ms (custom)
2021-06-02 03:39:18,736 [pool-1-thread-1] INFO  server.RaftServerConfigKeys (ConfUtils.java:logGet(44)) - raft.server.rpc.timeout.max = 5200ms (custom)
2021-06-02 03:39:18,736 [pool-1-thread-1] INFO  server.RaftServerConfigKeys (ConfUtils.java:logGet(44)) - raft.server.rpc.sleep.time = 25ms (default)
2021-06-02 03:39:18,737 [pool-1-thread-1] INFO  server.RaftServerConfigKeys (ConfUtils.java:logGet(44)) - raft.server.rpc.slowness.timeout = 120000ms (custom)
2021-06-02 03:39:18,737 [pool-1-thread-1] INFO  server.RaftServerConfigKeys (ConfUtils.java:logGet(44)) - raft.server.leaderelection.leader.step-down.wait-time = 10s (default)
2021-06-02 03:39:18,737 [pool-1-thread-1] INFO  server.RaftServerConfigKeys (ConfUtils.java:logGet(44)) - raft.server.sleep.deviation.threshold = 300ms (default)
2021-06-02 03:39:18,737 [pool-1-thread-1] INFO  server.RaftServerConfigKeys (ConfUtils.java:logGet(44)) - raft.server.log.appender.install.snapshot.enabled = false (custom)
2021-06-02 03:39:18,742 [pool-1-thread-1] INFO  server.RaftServer$Division (ServerState.java:<init>(105)) - c464142a-7b71-4845-800f-f5b0129c6cb8@group-17152E3F0F0C: ConfigurationManager, init=-1: [c464142a-7b71-4845-800f-f5b0129c6cb8|rpc:localhost:13408|priority:0], old=null, confs=<EMPTY_MAP>
2021-06-02 03:39:18,743 [pool-1-thread-1] INFO  server.RaftServerConfigKeys (ConfUtils.java:logGet(44)) - raft.server.storage.dir = [/home/runner/work/ozone/ozone/mnt/ozone/hadoop-ozone/integration-test/target/test-dir/MiniOzoneClusterImpl-c53ac106-a4c8-4947-8709-17152e3f0f0c/scmNode-1/scm-ha] (custom)
2021-06-02 03:39:18,752 [pool-1-thread-1] INFO  server.RaftServerConfigKeys (ConfUtils.java:logGet(44)) - raft.server.log.corruption.policy = EXCEPTION (default)
2021-06-02 03:39:18,756 [pool-1-thread-1] INFO  storage.RaftStorageDirectory (RaftStorageDirectoryImpl.java:analyzeStorage(132)) - The storage directory /home/runner/work/ozone/ozone/mnt/ozone/hadoop-ozone/integration-test/target/test-dir/MiniOzoneClusterImpl-c53ac106-a4c8-4947-8709-17152e3f0f0c/scmNode-1/scm-ha/c53ac106-a4c8-4947-8709-17152e3f0f0c does not exist. Creating ...
2021-06-02 03:39:18,761 [pool-1-thread-1] INFO  storage.RaftStorageDirectory (RaftStorageDirectoryImpl.java:tryLock(215)) - Lock on /home/runner/work/ozone/ozone/mnt/ozone/hadoop-ozone/integration-test/target/test-dir/MiniOzoneClusterImpl-c53ac106-a4c8-4947-8709-17152e3f0f0c/scmNode-1/scm-ha/c53ac106-a4c8-4947-8709-17152e3f0f0c/in_use.lock acquired by nodename 21483@fv-az122-562
2021-06-02 03:39:18,769 [pool-1-thread-1] INFO  storage.RaftStorage (RaftStorageImpl.java:format(87)) - Storage directory /home/runner/work/ozone/ozone/mnt/ozone/hadoop-ozone/integration-test/target/test-dir/MiniOzoneClusterImpl-c53ac106-a4c8-4947-8709-17152e3f0f0c/scmNode-1/scm-ha/c53ac106-a4c8-4947-8709-17152e3f0f0c has been successfully formatted.
2021-06-02 03:39:18,778 [pool-1-thread-1] INFO  server.RaftServerConfigKeys (ConfUtils.java:logGet(44)) - raft.server.notification.no-leader.timeout = 60s (default)
2021-06-02 03:39:18,782 [pool-1-thread-1] INFO  server.RaftServerConfigKeys (ConfUtils.java:logGet(44)) - raft.server.log.use.memory = false (default)
2021-06-02 03:39:18,795 [pool-1-thread-1] INFO  server.RaftServerConfigKeys (ConfUtils.java:logGet(44)) - raft.server.log.purge.gap = 1000000 (custom)
2021-06-02 03:39:18,795 [pool-1-thread-1] INFO  server.RaftServerConfigKeys (ConfUtils.java:logGet(44)) - raft.server.log.appender.buffer.byte-limit = 33554432 (custom)
2021-06-02 03:39:18,803 [pool-1-thread-1] INFO  metrics.MetricRegistries (MetricRegistriesLoader.java:load(64)) - Loaded MetricRegistries class org.apache.ratis.metrics.impl.MetricRegistriesImpl
2021-06-02 03:39:18,804 [pool-1-thread-1] INFO  metrics.RatisMetrics (RatisMetrics.java:lambda$create$0(36)) - Creating Metrics Registry : ratis.log_worker.c464142a-7b71-4845-800f-f5b0129c6cb8@group-17152E3F0F0C
2021-06-02 03:39:18,805 [pool-1-thread-1] WARN  impl.MetricRegistriesImpl (MetricRegistriesImpl.java:lambda$create$1(65)) - First MetricRegistry has been created without registering reporters. You may need to call MetricRegistries.global().addReporterRegistration(...) before.
2021-06-02 03:39:18,808 [pool-1-thread-1] INFO  server.RaftServerConfigKeys (ConfUtils.java:logGet(44)) - raft.server.log.segment.size.max = 16384 (custom)
2021-06-02 03:39:18,820 [pool-1-thread-1] INFO  server.RaftServerConfigKeys (ConfUtils.java:logGet(44)) - raft.server.log.segment.cache.num.max = 2 (custom)
2021-06-02 03:39:18,821 [pool-1-thread-1] INFO  server.RaftServerConfigKeys (ConfUtils.java:logGet(44)) - raft.server.log.segment.cache.size.max = 200MB (=209715200) (default)
2021-06-02 03:39:18,829 [pool-1-thread-1] INFO  segmented.SegmentedRaftLogWorker (SegmentedRaftLogWorker.java:<init>(182)) - new c464142a-7b71-4845-800f-f5b0129c6cb8@group-17152E3F0F0C-SegmentedRaftLogWorker for RaftStorageImpl:Storage Directory /home/runner/work/ozone/ozone/mnt/ozone/hadoop-ozone/integration-test/target/test-dir/MiniOzoneClusterImpl-c53ac106-a4c8-4947-8709-17152e3f0f0c/scmNode-1/scm-ha/c53ac106-a4c8-4947-8709-17152e3f0f0c
2021-06-02 03:39:18,829 [pool-1-thread-1] INFO  server.RaftServerConfigKeys (ConfUtils.java:logGet(44)) - raft.server.log.queue.byte-limit = 64MB (=67108864) (default)
2021-06-02 03:39:18,830 [pool-1-thread-1] INFO  server.RaftServerConfigKeys (ConfUtils.java:logGet(44)) - raft.server.log.queue.element-limit = 4096 (default)
2021-06-02 03:39:18,831 [pool-1-thread-1] INFO  server.RaftServerConfigKeys (ConfUtils.java:logGet(44)) - raft.server.log.segment.size.max = 16384 (custom)
2021-06-02 03:39:18,831 [pool-1-thread-1] INFO  server.RaftServerConfigKeys (ConfUtils.java:logGet(44)) - raft.server.log.preallocated.size = 16384 (custom)
2021-06-02 03:39:18,832 [pool-1-thread-1] INFO  server.RaftServerConfigKeys (ConfUtils.java:logGet(44)) - raft.server.log.force.sync.num = 128 (default)
2021-06-02 03:39:18,833 [pool-1-thread-1] INFO  server.RaftServerConfigKeys (ConfUtils.java:logGet(44)) - raft.server.log.statemachine.data.sync = true (default)
2021-06-02 03:39:18,833 [pool-1-thread-1] INFO  server.RaftServerConfigKeys (ConfUtils.java:logGet(44)) - raft.server.log.statemachine.data.sync.timeout = 10s (default)
2021-06-02 03:39:18,834 [pool-1-thread-1] INFO  server.RaftServerConfigKeys (ConfUtils.java:logGet(44)) - raft.server.log.statemachine.data.sync.timeout.retry = -1 (default)
2021-06-02 03:39:18,839 [pool-1-thread-1] INFO  server.RaftServerConfigKeys (ConfUtils.java:logGet(44)) - raft.server.log.write.buffer.size = 64KB (=65536) (default)
2021-06-02 03:39:18,840 [pool-1-thread-1] INFO  server.RaftServerConfigKeys (ConfUtils.java:logGet(44)) - raft.server.log.statemachine.data.caching.enabled = false (default)
2021-06-02 03:39:18,846 [pool-1-thread-1] INFO  segmented.SegmentedRaftLogWorker (SegmentedRaftLogWorker.java:lambda$new$0(133)) - c464142a-7b71-4845-800f-f5b0129c6cb8@group-17152E3F0F0C-SegmentedRaftLogWorker: flushIndex: setUnconditionally 0 -> -1
2021-06-02 03:39:18,846 [pool-1-thread-1] INFO  segmented.SegmentedRaftLogWorker (SegmentedRaftLogWorker.java:lambda$new$0(133)) - c464142a-7b71-4845-800f-f5b0129c6cb8@group-17152E3F0F0C-SegmentedRaftLogWorker: safeCacheEvictIndex: setUnconditionally 0 -> -1
2021-06-02 03:39:18,850 [pool-1-thread-1] INFO  server.RaftServerConfigKeys (ConfUtils.java:logGet(44)) - raft.server.snapshot.auto.trigger.enabled = true (custom)
2021-06-02 03:39:18,851 [pool-1-thread-1] INFO  server.RaftServerConfigKeys (ConfUtils.java:logGet(44)) - raft.server.snapshot.auto.trigger.threshold = 5 (custom)
2021-06-02 03:39:18,851 [pool-1-thread-1] INFO  server.RaftServerConfigKeys (ConfUtils.java:logGet(44)) - raft.server.snapshot.retention.file.num = -1 (default)
2021-06-02 03:39:18,852 [pool-1-thread-1] INFO  server.RaftServerConfigKeys (ConfUtils.java:logGet(44)) - raft.server.log.purge.upto.snapshot.index = false (default)
2021-06-02 03:39:18,853 [pool-1-thread-1] INFO  server.RaftServerConfigKeys (ConfUtils.java:logGet(44)) - raft.server.retrycache.expirytime = 60000ms (default)
2021-06-02 03:39:18,853 [pool-1-thread-1] INFO  server.RaftServerConfigKeys (ConfUtils.java:logGet(44)) - raft.server.retrycache.statistics.expirytime = 100μs (default)
2021-06-02 03:39:18,871 [pool-1-thread-1] INFO  metrics.RatisMetrics (RatisMetrics.java:lambda$create$0(36)) - Creating Metrics Registry : ratis.leader_election.c464142a-7b71-4845-800f-f5b0129c6cb8@group-17152E3F0F0C
2021-06-02 03:39:18,872 [pool-1-thread-1] WARN  impl.MetricRegistriesImpl (MetricRegistriesImpl.java:lambda$create$1(65)) - First MetricRegistry has been created without registering reporters. You may need to call MetricRegistries.global().addReporterRegistration(...) before.
2021-06-02 03:39:18,875 [pool-1-thread-1] INFO  metrics.RatisMetrics (RatisMetrics.java:lambda$create$0(36)) - Creating Metrics Registry : ratis.server.c464142a-7b71-4845-800f-f5b0129c6cb8@group-17152E3F0F0C
2021-06-02 03:39:18,875 [pool-1-thread-1] WARN  impl.MetricRegistriesImpl (MetricRegistriesImpl.java:lambda$create$1(65)) - First MetricRegistry has been created without registering reporters. You may need to call MetricRegistries.global().addReporterRegistration(...) before.
2021-06-02 03:39:18,880 [main] INFO  server.RaftServer$Division (RaftServerImpl.java:start(295)) - c464142a-7b71-4845-800f-f5b0129c6cb8@group-17152E3F0F0C: start as a follower, conf=-1: [c464142a-7b71-4845-800f-f5b0129c6cb8|rpc:localhost:13408|priority:0], old=null
2021-06-02 03:39:18,881 [main] INFO  server.RaftServer$Division (RaftServerImpl.java:setRole(284)) - c464142a-7b71-4845-800f-f5b0129c6cb8@group-17152E3F0F0C: changes role from      null to FOLLOWER at term 0 for startAsFollower
2021-06-02 03:39:18,882 [main] INFO  impl.RoleInfo (RoleInfo.java:updateAndGet(130)) - c464142a-7b71-4845-800f-f5b0129c6cb8: start c464142a-7b71-4845-800f-f5b0129c6cb8@group-17152E3F0F0C-FollowerState
2021-06-02 03:39:18,932 [main] INFO  util.JmxRegister (JmxRegister.java:tryRegister(44)) - Successfully registered JMX Bean with object name Ratis:service=RaftServer,group=group-17152E3F0F0C,id=c464142a-7b71-4845-800f-f5b0129c6cb8
2021-06-02 03:39:18,934 [main] INFO  metrics.RatisMetrics (RatisMetrics.java:lambda$create$0(36)) - Creating Metrics Registry : ratis.state_machine.c464142a-7b71-4845-800f-f5b0129c6cb8@group-17152E3F0F0C
2021-06-02 03:39:18,934 [main] WARN  impl.MetricRegistriesImpl (MetricRegistriesImpl.java:lambda$create$1(65)) - First MetricRegistry has been created without registering reporters. You may need to call MetricRegistries.global().addReporterRegistration(...) before.
2021-06-02 03:39:18,939 [main] INFO  server.RaftServer (RaftServerProxy.java:lambda$start$5(374)) - c464142a-7b71-4845-800f-f5b0129c6cb8: start RPC server
2021-06-02 03:39:18,980 [main] INFO  server.GrpcService (GrpcService.java:startImpl(253)) - c464142a-7b71-4845-800f-f5b0129c6cb8: GrpcService started, listening on 13408
2021-06-02 03:39:18,982 [org.apache.ratis.util.JvmPauseMonitor$$Lambda$491/1164289802@a0a9fa5] INFO  util.JvmPauseMonitor (JvmPauseMonitor.java:run(103)) - JvmPauseMonitor-c464142a-7b71-4845-800f-f5b0129c6cb8: Started
2021-06-02 03:39:23,900 [c464142a-7b71-4845-800f-f5b0129c6cb8@group-17152E3F0F0C-FollowerState] INFO  impl.FollowerState (FollowerState.java:run(134)) - c464142a-7b71-4845-800f-f5b0129c6cb8@group-17152E3F0F0C-FollowerState: change to CANDIDATE, lastRpcElapsedTime:5017915646ns, electionTimeout:5011ms
2021-06-02 03:39:23,901 [c464142a-7b71-4845-800f-f5b0129c6cb8@group-17152E3F0F0C-FollowerState] INFO  impl.RoleInfo (RoleInfo.java:shutdownFollowerState(108)) - c464142a-7b71-4845-800f-f5b0129c6cb8: shutdown c464142a-7b71-4845-800f-f5b0129c6cb8@group-17152E3F0F0C-FollowerState
2021-06-02 03:39:23,901 [c464142a-7b71-4845-800f-f5b0129c6cb8@group-17152E3F0F0C-FollowerState] INFO  server.RaftServer$Division (RaftServerImpl.java:setRole(284)) - c464142a-7b71-4845-800f-f5b0129c6cb8@group-17152E3F0F0C: changes role from  FOLLOWER to CANDIDATE at term 0 for changeToCandidate
2021-06-02 03:39:23,907 [c464142a-7b71-4845-800f-f5b0129c6cb8@group-17152E3F0F0C-FollowerState] INFO  server.RaftServerConfigKeys (ConfUtils.java:logGet(44)) - raft.server.leaderelection.pre-vote = false (custom)
2021-06-02 03:39:23,908 [c464142a-7b71-4845-800f-f5b0129c6cb8@group-17152E3F0F0C-FollowerState] INFO  impl.RoleInfo (RoleInfo.java:updateAndGet(130)) - c464142a-7b71-4845-800f-f5b0129c6cb8: start c464142a-7b71-4845-800f-f5b0129c6cb8@group-17152E3F0F0C-LeaderElection1
2021-06-02 03:39:23,911 [c464142a-7b71-4845-800f-f5b0129c6cb8@group-17152E3F0F0C-LeaderElection1] INFO  impl.LeaderElection (LeaderElection.java:askForVotes(306)) - c464142a-7b71-4845-800f-f5b0129c6cb8@group-17152E3F0F0C-LeaderElection1 ELECTION round 0: submit vote requests at term 1 for -1: [c464142a-7b71-4845-800f-f5b0129c6cb8|rpc:localhost:13408|priority:0], old=null
2021-06-02 03:39:23,912 [c464142a-7b71-4845-800f-f5b0129c6cb8@group-17152E3F0F0C-LeaderElection1] INFO  impl.LeaderElection (LeaderElection.java:askForVotes(308)) - c464142a-7b71-4845-800f-f5b0129c6cb8@group-17152E3F0F0C-LeaderElection1 ELECTION round 0: result PASSED (term=1)
2021-06-02 03:39:23,913 [c464142a-7b71-4845-800f-f5b0129c6cb8@group-17152E3F0F0C-LeaderElection1] INFO  impl.RoleInfo (RoleInfo.java:shutdownLeaderElection(121)) - c464142a-7b71-4845-800f-f5b0129c6cb8: shutdown c464142a-7b71-4845-800f-f5b0129c6cb8@group-17152E3F0F0C-LeaderElection1
2021-06-02 03:39:23,914 [c464142a-7b71-4845-800f-f5b0129c6cb8@group-17152E3F0F0C-LeaderElection1] INFO  server.RaftServer$Division (RaftServerImpl.java:setRole(284)) - c464142a-7b71-4845-800f-f5b0129c6cb8@group-17152E3F0F0C: changes role from CANDIDATE to LEADER at term 1 for changeToLeader
2021-06-02 03:39:23,914 [c464142a-7b71-4845-800f-f5b0129c6cb8@group-17152E3F0F0C-LeaderElection1] INFO  server.RaftServer$Division (ServerState.java:setLeader(271)) - c464142a-7b71-4845-800f-f5b0129c6cb8@group-17152E3F0F0C: change Leader from null to c464142a-7b71-4845-800f-f5b0129c6cb8 at term 1 for becomeLeader, leader elected after 5136ms
2021-06-02 03:39:23,923 [c464142a-7b71-4845-800f-f5b0129c6cb8@group-17152E3F0F0C-LeaderElection1] INFO  server.RaftServerConfigKeys (ConfUtils.java:logGet(44)) - raft.server.staging.catchup.gap = 1000 (default)
2021-06-02 03:39:23,925 [c464142a-7b71-4845-800f-f5b0129c6cb8@group-17152E3F0F0C-LeaderElection1] INFO  metrics.RatisMetrics (RatisMetrics.java:lambda$create$0(36)) - Creating Metrics Registry : ratis.log_appender.c464142a-7b71-4845-800f-f5b0129c6cb8@group-17152E3F0F0C
2021-06-02 03:39:23,926 [c464142a-7b71-4845-800f-f5b0129c6cb8@group-17152E3F0F0C-LeaderElection1] WARN  impl.MetricRegistriesImpl (MetricRegistriesImpl.java:lambda$create$1(65)) - First MetricRegistry has been created without registering reporters. You may need to call MetricRegistries.global().addReporterRegistration(...) before.
2021-06-02 03:39:23,928 [c464142a-7b71-4845-800f-f5b0129c6cb8@group-17152E3F0F0C-LeaderElection1] INFO  server.RaftServerConfigKeys (ConfUtils.java:logGet(44)) - raft.server.write.element-limit = 4096 (default)
2021-06-02 03:39:23,928 [c464142a-7b71-4845-800f-f5b0129c6cb8@group-17152E3F0F0C-LeaderElection1] INFO  server.RaftServerConfigKeys (ConfUtils.java:logGet(44)) - raft.server.write.byte-limit = 64MB (=67108864) (default)
2021-06-02 03:39:23,934 [c464142a-7b71-4845-800f-f5b0129c6cb8@group-17152E3F0F0C-LeaderElection1] INFO  server.RaftServerConfigKeys (ConfUtils.java:logGet(44)) - raft.server.watch.timeout = 10s (default)
2021-06-02 03:39:23,934 [c464142a-7b71-4845-800f-f5b0129c6cb8@group-17152E3F0F0C-LeaderElection1] INFO  server.RaftServerConfigKeys (ConfUtils.java:logGet(44)) - raft.server.watch.timeout.denomination = 1s (default)
2021-06-02 03:39:23,935 [c464142a-7b71-4845-800f-f5b0129c6cb8@group-17152E3F0F0C-LeaderElection1] INFO  server.RaftServerConfigKeys (ConfUtils.java:logGet(44)) - raft.server.watch.element-limit = 65536 (default)
2021-06-02 03:39:23,940 [c464142a-7b71-4845-800f-f5b0129c6cb8@group-17152E3F0F0C-LeaderElection1] INFO  impl.RoleInfo (RoleInfo.java:updateAndGet(130)) - c464142a-7b71-4845-800f-f5b0129c6cb8: start c464142a-7b71-4845-800f-f5b0129c6cb8@group-17152E3F0F0C-LeaderStateImpl
2021-06-02 03:39:23,962 [c464142a-7b71-4845-800f-f5b0129c6cb8@group-17152E3F0F0C-LeaderElection1] INFO  segmented.SegmentedRaftLogWorker (SegmentedRaftLogWorker.java:startLogSegment(394)) - c464142a-7b71-4845-800f-f5b0129c6cb8@group-17152E3F0F0C-SegmentedRaftLogWorker: Starting segment from index:0
2021-06-02 03:39:23,986 [c464142a-7b71-4845-800f-f5b0129c6cb8@group-17152E3F0F0C-LeaderElection1] INFO  server.RaftServer$Division (ServerState.java:setRaftConf(373)) - c464142a-7b71-4845-800f-f5b0129c6cb8@group-17152E3F0F0C: set configuration 0: [c464142a-7b71-4845-800f-f5b0129c6cb8|rpc:localhost:13408|admin:|client:|dataStream:|priority:0], old=null
2021-06-02 03:39:24,043 [c464142a-7b71-4845-800f-f5b0129c6cb8@group-17152E3F0F0C-SegmentedRaftLogWorker] INFO  segmented.SegmentedRaftLogWorker (SegmentedRaftLogWorker.java:execute(601)) - c464142a-7b71-4845-800f-f5b0129c6cb8@group-17152E3F0F0C-SegmentedRaftLogWorker: created new log segment /home/runner/work/ozone/ozone/mnt/ozone/hadoop-ozone/integration-test/target/test-dir/MiniOzoneClusterImpl-c53ac106-a4c8-4947-8709-17152e3f0f0c/scmNode-1/scm-ha/c53ac106-a4c8-4947-8709-17152e3f0f0c/current/log_inprogress_0
2021-06-02 03:39:24,984 [main] INFO  server.RaftServer (RaftServerProxy.java:lambda$close$6(391)) - c464142a-7b71-4845-800f-f5b0129c6cb8: close
2021-06-02 03:39:24,986 [main] INFO  server.RaftServer$Division (RaftServerImpl.java:lambda$close$4(406)) - c464142a-7b71-4845-800f-f5b0129c6cb8@group-17152E3F0F0C: shutdown
2021-06-02 03:39:24,986 [main] INFO  util.JmxRegister (JmxRegister.java:unregister(73)) - Successfully un-registered JMX Bean with object name Ratis:service=RaftServer,group=group-17152E3F0F0C,id=c464142a-7b71-4845-800f-f5b0129c6cb8
2021-06-02 03:39:24,987 [main] INFO  impl.RoleInfo (RoleInfo.java:shutdownLeaderState(91)) - c464142a-7b71-4845-800f-f5b0129c6cb8: shutdown c464142a-7b71-4845-800f-f5b0129c6cb8@group-17152E3F0F0C-LeaderStateImpl
2021-06-02 03:39:24,992 [main] INFO  impl.PendingRequests (PendingRequests.java:sendNotLeaderResponses(249)) - c464142a-7b71-4845-800f-f5b0129c6cb8@group-17152E3F0F0C-PendingRequests: sendNotLeaderResponses
2021-06-02 03:39:24,994 [main] INFO  metrics.RatisMetrics (RatisMetrics.java:unregister(43)) - Unregistering Metrics Registry : ratis.log_appender.c464142a-7b71-4845-800f-f5b0129c6cb8@group-17152E3F0F0C
2021-06-02 03:39:24,994 [main] INFO  metrics.RatisMetrics (RatisMetrics.java:unregister(43)) - Unregistering Metrics Registry : ratis.server.c464142a-7b71-4845-800f-f5b0129c6cb8@group-17152E3F0F0C
2021-06-02 03:39:24,995 [c464142a-7b71-4845-800f-f5b0129c6cb8@group-17152E3F0F0C-StateMachineUpdater] INFO  impl.StateMachineUpdater (StateMachineUpdater.java:takeSnapshot(281)) - c464142a-7b71-4845-800f-f5b0129c6cb8@group-17152E3F0F0C-StateMachineUpdater: Took a snapshot at index 0
2021-06-02 03:39:24,996 [c464142a-7b71-4845-800f-f5b0129c6cb8@group-17152E3F0F0C-StateMachineUpdater] INFO  impl.StateMachineUpdater (StateMachineUpdater.java:lambda$new$0(89)) - c464142a-7b71-4845-800f-f5b0129c6cb8@group-17152E3F0F0C-StateMachineUpdater: snapshotIndex: updateIncreasingly -1 -> 0
2021-06-02 03:39:24,997 [main] INFO  impl.StateMachineUpdater (StateMachineUpdater.java:stopAndJoin(149)) - c464142a-7b71-4845-800f-f5b0129c6cb8@group-17152E3F0F0C-StateMachineUpdater: set stopIndex = 0
2021-06-02 03:39:24,998 [c464142a-7b71-4845-800f-f5b0129c6cb8@group-17152E3F0F0C-StateMachineUpdater] INFO  metrics.RatisMetrics (RatisMetrics.java:unregister(43)) - Unregistering Metrics Registry : ratis.state_machine.c464142a-7b71-4845-800f-f5b0129c6cb8@group-17152E3F0F0C
2021-06-02 03:39:24,998 [main] INFO  server.RaftServer$Division (ServerState.java:close(405)) - c464142a-7b71-4845-800f-f5b0129c6cb8@group-17152E3F0F0C: closes. applyIndex: 0
2021-06-02 03:39:25,000 [c464142a-7b71-4845-800f-f5b0129c6cb8@group-17152E3F0F0C-SegmentedRaftLogWorker] INFO  segmented.SegmentedRaftLogWorker (SegmentedRaftLogWorker.java:run(327)) - c464142a-7b71-4845-800f-f5b0129c6cb8@group-17152E3F0F0C-SegmentedRaftLogWorker was interrupted, exiting. There are 0 tasks remaining in the queue.
2021-06-02 03:39:25,001 [main] INFO  segmented.SegmentedRaftLogWorker (SegmentedRaftLogWorker.java:close(237)) - c464142a-7b71-4845-800f-f5b0129c6cb8@group-17152E3F0F0C-SegmentedRaftLogWorker close()
2021-06-02 03:39:25,001 [main] INFO  metrics.RatisMetrics (RatisMetrics.java:unregister(43)) - Unregistering Metrics Registry : ratis.log_worker.c464142a-7b71-4845-800f-f5b0129c6cb8@group-17152E3F0F0C
2021-06-02 03:39:25,001 [main] INFO  metrics.RatisMetrics (RatisMetrics.java:unregister(43)) - Unregistering Metrics Registry : ratis.leader_election.c464142a-7b71-4845-800f-f5b0129c6cb8@group-17152E3F0F0C
2021-06-02 03:39:25,002 [main] INFO  metrics.RatisMetrics (RatisMetrics.java:unregister(43)) - Unregistering Metrics Registry : ratis.server.c464142a-7b71-4845-800f-f5b0129c6cb8@group-17152E3F0F0C
2021-06-02 03:39:25,002 [main] INFO  server.GrpcService (GrpcService.java:closeImpl(262)) - c464142a-7b71-4845-800f-f5b0129c6cb8: shutdown server with port 13408 now
2021-06-02 03:39:25,006 [main] INFO  server.GrpcService (GrpcService.java:closeImpl(271)) - c464142a-7b71-4845-800f-f5b0129c6cb8: shutdown server with port 13408 successfully
2021-06-02 03:39:25,007 [org.apache.ratis.util.JvmPauseMonitor$$Lambda$491/1164289802@a0a9fa5] INFO  util.JvmPauseMonitor (JvmPauseMonitor.java:run(109)) - JvmPauseMonitor-c464142a-7b71-4845-800f-f5b0129c6cb8: Stopped
2021-06-02 03:39:25,007 [main] WARN  server.ServerUtils (ServerUtils.java:getScmDbDir(148)) - ozone.scm.db.dirs is not configured. We recommend adding this setting. Falling back to ozone.metadata.dirs instead.
2021-06-02 03:39:25,010 [main] INFO  server.StorageContainerManager (StorageContainerManager.java:scmInit(981)) - SCM initialization succeeded. Current cluster id for sd=/home/runner/work/ozone/ozone/mnt/ozone/hadoop-ozone/integration-test/target/test-dir/MiniOzoneClusterImpl-c53ac106-a4c8-4947-8709-17152e3f0f0c/scmNode-1/scm; cid=c53ac106-a4c8-4947-8709-17152e3f0f0c; layoutVersion=0; scmId=c464142a-7b71-4845-800f-f5b0129c6cb8
2021-06-02 03:39:25,018 [main] INFO  ha.SCMHANodeDetails (SCMHANodeDetails.java:loadSCMHAConfig(149)) - ServiceID for StorageContainerManager is scm-service-test1
2021-06-02 03:39:25,018 [main] INFO  ha.SCMHANodeDetails (SCMHANodeDetails.java:loadSCMHAConfig(160)) - ServiceID for StorageContainerManager is scm-service-test1
2021-06-02 03:39:25,019 [main] WARN  scm.ScmUtils (ScmUtils.java:logWarn(179)) - ConfigKey ozone.scm.block.client.address is deprecated, For configuring different ports for each SCM use PortConfigKey ozone.scm.block.client.port appended with serviceId and nodeId. If want to configure same port configure ozone.scm.block.client.port
2021-06-02 03:39:25,019 [main] WARN  scm.ScmUtils (ScmUtils.java:logWarn(179)) - ConfigKey ozone.scm.client.address is deprecated, For configuring different ports for each SCM use PortConfigKey ozone.scm.client.port appended with serviceId and nodeId. If want to configure same port configure ozone.scm.client.port
2021-06-02 03:39:25,019 [main] WARN  scm.ScmUtils (ScmUtils.java:logWarn(179)) - ConfigKey ozone.scm.datanode.address is deprecated, For configuring different ports for each SCM use PortConfigKey ozone.scm.datanode.port appended with serviceId and nodeId. If want to configure same port configure ozone.scm.datanode.port
2021-06-02 03:39:25,019 [main] WARN  scm.ScmUtils (ScmUtils.java:logWarn(179)) - ConfigKey ozone.scm.block.client.address is deprecated, For configuring different ports for each SCM use PortConfigKey ozone.scm.block.client.port appended with serviceId and nodeId. If want to configure same port configure ozone.scm.block.client.port
2021-06-02 03:39:25,020 [main] WARN  scm.ScmUtils (ScmUtils.java:logWarn(179)) - ConfigKey ozone.scm.client.address is deprecated, For configuring different ports for each SCM use PortConfigKey ozone.scm.client.port appended with serviceId and nodeId. If want to configure same port configure ozone.scm.client.port
2021-06-02 03:39:25,020 [main] WARN  scm.ScmUtils (ScmUtils.java:logWarn(179)) - ConfigKey ozone.scm.datanode.address is deprecated, For configuring different ports for each SCM use PortConfigKey ozone.scm.datanode.port appended with serviceId and nodeId. If want to configure same port configure ozone.scm.datanode.port
2021-06-02 03:39:25,021 [main] INFO  ha.SCMHANodeDetails (SCMHANodeDetails.java:loadSCMHAConfig(242)) - Found matching SCM address with SCMServiceId: scm-service-test1, SCMNodeId: scmNode-1, RPC Address: localhost:13408 and Ratis port: 13408
2021-06-02 03:39:25,021 [main] INFO  ha.SCMHANodeDetails (ConfUtils.java:setNodeSpecificConfigs(105)) - Setting configuration key ozone.scm.datanode.address with value of key ozone.scm.datanode.address.scm-service-test1.scmNode-1: 127.0.0.1:13409
2021-06-02 03:39:25,021 [main] INFO  ha.SCMHANodeDetails (ConfUtils.java:setNodeSpecificConfigs(105)) - Setting configuration key ozone.scm.block.client.address with value of key ozone.scm.block.client.address.scm-service-test1.scmNode-1: 127.0.0.1:13410
2021-06-02 03:39:25,021 [main] INFO  ha.SCMHANodeDetails (ConfUtils.java:setNodeSpecificConfigs(105)) - Setting configuration key ozone.scm.client.address with value of key ozone.scm.client.address.scm-service-test1.scmNode-1: 127.0.0.1:13411
2021-06-02 03:39:25,022 [main] INFO  ha.SCMHANodeDetails (ConfUtils.java:setNodeSpecificConfigs(105)) - Setting configuration key ozone.scm.ratis.port with value of key ozone.scm.ratis.port.scm-service-test1.scmNode-1: 13408
2021-06-02 03:39:25,022 [main] INFO  ha.SCMHANodeDetails (ConfUtils.java:setNodeSpecificConfigs(105)) - Setting configuration key ozone.scm.grpc.port with value of key ozone.scm.grpc.port.scm-service-test1.scmNode-1: 13412
2021-06-02 03:39:25,022 [main] INFO  ha.SCMHANodeDetails (ConfUtils.java:setNodeSpecificConfigs(105)) - Setting configuration key ozone.scm.http-address with value of key ozone.scm.http-address.scm-service-test1.scmNode-1: 127.0.0.1:13406
2021-06-02 03:39:25,022 [main] INFO  ha.SCMHANodeDetails (ConfUtils.java:setNodeSpecificConfigs(105)) - Setting configuration key ozone.scm.https-address with value of key ozone.scm.https-address.scm-service-test1.scmNode-1: 127.0.0.1:13407
2021-06-02 03:39:25,022 [main] INFO  ha.SCMHANodeDetails (ConfUtils.java:setNodeSpecificConfigs(105)) - Setting configuration key ozone.scm.address with value of key ozone.scm.address.scm-service-test1.scmNode-1: 127.0.0.1
2021-06-02 03:39:25,023 [main] WARN  scm.ScmUtils (ScmUtils.java:logWarn(179)) - ConfigKey ozone.scm.block.client.address is deprecated, For configuring different ports for each SCM use PortConfigKey ozone.scm.block.client.port appended with serviceId and nodeId. If want to configure same port configure ozone.scm.block.client.port
2021-06-02 03:39:25,023 [main] WARN  scm.ScmUtils (ScmUtils.java:logWarn(179)) - ConfigKey ozone.scm.client.address is deprecated, For configuring different ports for each SCM use PortConfigKey ozone.scm.client.port appended with serviceId and nodeId. If want to configure same port configure ozone.scm.client.port
2021-06-02 03:39:25,023 [main] WARN  scm.ScmUtils (ScmUtils.java:logWarn(179)) - ConfigKey ozone.scm.datanode.address is deprecated, For configuring different ports for each SCM use PortConfigKey ozone.scm.datanode.port appended with serviceId and nodeId. If want to configure same port configure ozone.scm.datanode.port
2021-06-02 03:39:25,044 [main] WARN  server.ServerUtils (ServerUtils.java:getScmDbDir(148)) - ozone.scm.db.dirs is not configured. We recommend adding this setting. Falling back to ozone.metadata.dirs instead.
2021-06-02 03:39:25,448 [main] WARN  utils.HAUtils (HAUtils.java:getMetaDir(342)) - ozone.scm.db.dirs is not configured. We recommend adding this setting. Falling back to ozone.metadata.dirs instead.
2021-06-02 03:39:25,589 [main] WARN  db.DBStoreBuilder (DBStoreBuilder.java:applyDBDefinition(145)) - ozone.scm.db.dirs is not configured. We recommend adding this setting. Falling back to ozone.metadata.dirs instead.
2021-06-02 03:39:25,780 [main] INFO  net.NodeSchemaLoader (NodeSchemaLoader.java:loadSchemaFromFile(129)) - Loading schema from [jar:file:/home/runner/.m2/repository/org/apache/ozone/hdds-common/1.2.0-SNAPSHOT/hdds-common-1.2.0-SNAPSHOT.jar!/network-topology-default.xml]
2021-06-02 03:39:25,783 [main] INFO  net.NodeSchemaLoader (NodeSchemaLoader.java:loadSchema(176)) - Loading network topology layer schema file
2021-06-02 03:39:25,825 [main] INFO  ha.SCMRatisServerImpl (SCMRatisServerImpl.java:<init>(86)) - starting Raft server for scm:c464142a-7b71-4845-800f-f5b0129c6cb8
2021-06-02 03:39:25,829 [main] INFO  server.RaftServer (ConfUtils.java:logGet(44)) - raft.rpc.type = GRPC (default)
2021-06-02 03:39:25,829 [main] INFO  grpc.GrpcFactory (GrpcFactory.java:checkPooledByteBufAllocatorUseCacheForAllThreads(48)) - PERFORMANCE WARNING: useCacheForAllThreads is true that may cause Netty to create a lot garbage objects and, as a result, trigger GC.
	It is recommended to disable useCacheForAllThreads by setting -Dorg.apache.ratis.thirdparty.io.netty.allocator.useCacheForAllThreads=false in command line.
2021-06-02 03:39:25,830 [main] INFO  grpc.GrpcConfigKeys (ConfUtils.java:logGet(44)) - raft.grpc.admin.port = -1 (default)
2021-06-02 03:39:25,830 [main] INFO  grpc.GrpcConfigKeys (ConfUtils.java:logGet(44)) - raft.grpc.server.port = 13408 (custom)
2021-06-02 03:39:25,830 [main] INFO  grpc.GrpcConfigKeys (ConfUtils.java:logGet(44)) - raft.grpc.client.port = -1 (default)
2021-06-02 03:39:25,830 [main] INFO  grpc.GrpcConfigKeys (ConfUtils.java:logGet(44)) - raft.grpc.server.port = 13408 (custom)
2021-06-02 03:39:25,830 [main] INFO  grpc.GrpcConfigKeys (ConfUtils.java:logGet(44)) - raft.grpc.server.port = 13408 (custom)
2021-06-02 03:39:25,831 [main] INFO  server.GrpcService (ConfUtils.java:logGet(44)) - raft.grpc.message.size.max = 32m (=33554432) (custom)
2021-06-02 03:39:25,831 [main] INFO  server.RaftServerConfigKeys (ConfUtils.java:logGet(44)) - raft.server.log.appender.buffer.byte-limit = 33554432 (custom)
2021-06-02 03:39:25,831 [main] INFO  server.GrpcService (ConfUtils.java:logGet(44)) - raft.grpc.flow.control.window = 1MB (=1048576) (default)
2021-06-02 03:39:25,831 [main] INFO  server.RaftServerConfigKeys (ConfUtils.java:logGet(44)) - raft.server.rpc.request.timeout = 3000ms (default)
2021-06-02 03:39:25,833 [main] INFO  impl.DataStreamServerImpl (ConfUtils.java:logGet(44)) - raft.datastream.type = DISABLED (default)
2021-06-02 03:39:25,833 [main] INFO  server.RaftServerConfigKeys (ConfUtils.java:logGet(44)) - raft.server.rpc.slowness.timeout = 120000ms (custom)
2021-06-02 03:39:25,833 [main] INFO  server.RaftServerConfigKeys (ConfUtils.java:logGet(44)) - raft.server.leaderelection.leader.step-down.wait-time = 10s (default)
2021-06-02 03:39:25,834 [main] INFO  server.RaftServerConfigKeys (ConfUtils.java:logGet(44)) - raft.server.storage.dir = [/home/runner/work/ozone/ozone/mnt/ozone/hadoop-ozone/integration-test/target/test-dir/MiniOzoneClusterImpl-c53ac106-a4c8-4947-8709-17152e3f0f0c/scmNode-1/scm-ha] (custom)
2021-06-02 03:39:25,834 [main] INFO  server.RaftServer (RaftServerProxy.java:lambda$null$1(235)) - c464142a-7b71-4845-800f-f5b0129c6cb8: found a subdirectory /home/runner/work/ozone/ozone/mnt/ozone/hadoop-ozone/integration-test/target/test-dir/MiniOzoneClusterImpl-c53ac106-a4c8-4947-8709-17152e3f0f0c/scmNode-1/scm-ha/c53ac106-a4c8-4947-8709-17152e3f0f0c
2021-06-02 03:39:25,835 [main] INFO  server.RaftServer (RaftServerProxy.java:addNew(95)) - c464142a-7b71-4845-800f-f5b0129c6cb8: addNew group-17152E3F0F0C:[] returns group-17152E3F0F0C:java.util.concurrent.CompletableFuture@697a34af[Not completed]
2021-06-02 03:39:25,838 [pool-15-thread-1] INFO  server.RaftServer$Division (RaftServerImpl.java:<init>(180)) - c464142a-7b71-4845-800f-f5b0129c6cb8: new RaftServerImpl for group-17152E3F0F0C:[] with SCMStateMachine:uninitialized
2021-06-02 03:39:25,838 [pool-15-thread-1] INFO  server.RaftServerConfigKeys (ConfUtils.java:logGet(44)) - raft.server.rpc.timeout.min = 5000ms (custom)
2021-06-02 03:39:25,838 [pool-15-thread-1] INFO  server.RaftServerConfigKeys (ConfUtils.java:logGet(44)) - raft.server.rpc.timeout.max = 5200ms (custom)
2021-06-02 03:39:25,838 [pool-15-thread-1] INFO  server.RaftServerConfigKeys (ConfUtils.java:logGet(44)) - raft.server.rpc.sleep.time = 25ms (default)
2021-06-02 03:39:25,839 [pool-15-thread-1] INFO  server.RaftServerConfigKeys (ConfUtils.java:logGet(44)) - raft.server.rpc.slowness.timeout = 120000ms (custom)
2021-06-02 03:39:25,839 [pool-15-thread-1] INFO  server.RaftServerConfigKeys (ConfUtils.java:logGet(44)) - raft.server.leaderelection.leader.step-down.wait-time = 10s (default)
2021-06-02 03:39:25,839 [pool-15-thread-1] INFO  server.RaftServerConfigKeys (ConfUtils.java:logGet(44)) - raft.server.sleep.deviation.threshold = 300ms (default)
2021-06-02 03:39:25,839 [pool-15-thread-1] INFO  server.RaftServerConfigKeys (ConfUtils.java:logGet(44)) - raft.server.log.appender.install.snapshot.enabled = false (custom)
2021-06-02 03:39:25,839 [pool-15-thread-1] INFO  server.RaftServer$Division (ServerState.java:<init>(105)) - c464142a-7b71-4845-800f-f5b0129c6cb8@group-17152E3F0F0C: ConfigurationManager, init=-1: [], old=null, confs=<EMPTY_MAP>
2021-06-02 03:39:25,839 [pool-15-thread-1] INFO  server.RaftServerConfigKeys (ConfUtils.java:logGet(44)) - raft.server.storage.dir = [/home/runner/work/ozone/ozone/mnt/ozone/hadoop-ozone/integration-test/target/test-dir/MiniOzoneClusterImpl-c53ac106-a4c8-4947-8709-17152e3f0f0c/scmNode-1/scm-ha] (custom)
2021-06-02 03:39:25,839 [pool-15-thread-1] INFO  server.RaftServerConfigKeys (ConfUtils.java:logGet(44)) - raft.server.log.corruption.policy = EXCEPTION (default)
2021-06-02 03:39:25,840 [pool-15-thread-1] INFO  storage.RaftStorageDirectory (RaftStorageDirectoryImpl.java:tryLock(215)) - Lock on /home/runner/work/ozone/ozone/mnt/ozone/hadoop-ozone/integration-test/target/test-dir/MiniOzoneClusterImpl-c53ac106-a4c8-4947-8709-17152e3f0f0c/scmNode-1/scm-ha/c53ac106-a4c8-4947-8709-17152e3f0f0c/in_use.lock acquired by nodename 21483@fv-az122-562
2021-06-02 03:39:25,841 [pool-15-thread-1] INFO  storage.RaftStorage (RaftStorageImpl.java:analyzeAndRecoverStorage(108)) - Read RaftStorageMetadata{term=1, votedFor=c464142a-7b71-4845-800f-f5b0129c6cb8} from /home/runner/work/ozone/ozone/mnt/ozone/hadoop-ozone/integration-test/target/test-dir/MiniOzoneClusterImpl-c53ac106-a4c8-4947-8709-17152e3f0f0c/scmNode-1/scm-ha/c53ac106-a4c8-4947-8709-17152e3f0f0c/current/raft-meta
2021-06-02 03:39:25,849 [pool-15-thread-1] INFO  server.RaftServer$Division (ServerState.java:setRaftConf(373)) - c464142a-7b71-4845-800f-f5b0129c6cb8@group-17152E3F0F0C: set configuration 0: [c464142a-7b71-4845-800f-f5b0129c6cb8|rpc:localhost:13408|admin:|client:|dataStream:|priority:0], old=null
2021-06-02 03:39:25,849 [pool-15-thread-1] INFO  server.RaftServerConfigKeys (ConfUtils.java:logGet(44)) - raft.server.notification.no-leader.timeout = 60s (default)
2021-06-02 03:39:25,849 [pool-15-thread-1] INFO  server.RaftServerConfigKeys (ConfUtils.java:logGet(44)) - raft.server.log.use.memory = false (default)
2021-06-02 03:39:25,849 [pool-15-thread-1] INFO  server.RaftServerConfigKeys (ConfUtils.java:logGet(44)) - raft.server.log.purge.gap = 1000000 (custom)
2021-06-02 03:39:25,849 [pool-15-thread-1] INFO  server.RaftServerConfigKeys (ConfUtils.java:logGet(44)) - raft.server.log.appender.buffer.byte-limit = 33554432 (custom)
2021-06-02 03:39:25,849 [pool-15-thread-1] INFO  metrics.RatisMetrics (RatisMetrics.java:lambda$create$0(36)) - Creating Metrics Registry : ratis.log_worker.c464142a-7b71-4845-800f-f5b0129c6cb8@group-17152E3F0F0C
2021-06-02 03:39:25,850 [pool-15-thread-1] WARN  impl.MetricRegistriesImpl (MetricRegistriesImpl.java:lambda$create$1(65)) - First MetricRegistry has been created without registering reporters. You may need to call MetricRegistries.global().addReporterRegistration(...) before.
2021-06-02 03:39:25,850 [pool-15-thread-1] INFO  server.RaftServerConfigKeys (ConfUtils.java:logGet(44)) - raft.server.log.segment.size.max = 16384 (custom)
2021-06-02 03:39:25,850 [pool-15-thread-1] INFO  server.RaftServerConfigKeys (ConfUtils.java:logGet(44)) - raft.server.log.segment.cache.num.max = 2 (custom)
2021-06-02 03:39:25,850 [pool-15-thread-1] INFO  server.RaftServerConfigKeys (ConfUtils.java:logGet(44)) - raft.server.log.segment.cache.size.max = 200MB (=209715200) (default)
2021-06-02 03:39:25,850 [pool-15-thread-1] INFO  segmented.SegmentedRaftLogWorker (SegmentedRaftLogWorker.java:<init>(182)) - new c464142a-7b71-4845-800f-f5b0129c6cb8@group-17152E3F0F0C-SegmentedRaftLogWorker for RaftStorageImpl:Storage Directory /home/runner/work/ozone/ozone/mnt/ozone/hadoop-ozone/integration-test/target/test-dir/MiniOzoneClusterImpl-c53ac106-a4c8-4947-8709-17152e3f0f0c/scmNode-1/scm-ha/c53ac106-a4c8-4947-8709-17152e3f0f0c
2021-06-02 03:39:25,850 [pool-15-thread-1] INFO  server.RaftServerConfigKeys (ConfUtils.java:logGet(44)) - raft.server.log.queue.byte-limit = 64MB (=67108864) (default)
2021-06-02 03:39:25,850 [pool-15-thread-1] INFO  server.RaftServerConfigKeys (ConfUtils.java:logGet(44)) - raft.server.log.queue.element-limit = 4096 (default)
2021-06-02 03:39:25,850 [pool-15-thread-1] INFO  server.RaftServerConfigKeys (ConfUtils.java:logGet(44)) - raft.server.log.segment.size.max = 16384 (custom)
2021-06-02 03:39:25,850 [pool-15-thread-1] INFO  server.RaftServerConfigKeys (ConfUtils.java:logGet(44)) - raft.server.log.preallocated.size = 16384 (custom)
2021-06-02 03:39:25,851 [pool-15-thread-1] INFO  server.RaftServerConfigKeys (ConfUtils.java:logGet(44)) - raft.server.log.force.sync.num = 128 (default)
2021-06-02 03:39:25,851 [pool-15-thread-1] INFO  server.RaftServerConfigKeys (ConfUtils.java:logGet(44)) - raft.server.log.statemachine.data.sync = true (default)
2021-06-02 03:39:25,851 [pool-15-thread-1] INFO  server.RaftServerConfigKeys (ConfUtils.java:logGet(44)) - raft.server.log.statemachine.data.sync.timeout = 10s (default)
2021-06-02 03:39:25,851 [pool-15-thread-1] INFO  server.RaftServerConfigKeys (ConfUtils.java:logGet(44)) - raft.server.log.statemachine.data.sync.timeout.retry = -1 (default)
2021-06-02 03:39:25,851 [pool-15-thread-1] INFO  server.RaftServerConfigKeys (ConfUtils.java:logGet(44)) - raft.server.log.write.buffer.size = 64KB (=65536) (default)
2021-06-02 03:39:25,851 [pool-15-thread-1] INFO  server.RaftServerConfigKeys (ConfUtils.java:logGet(44)) - raft.server.log.statemachine.data.caching.enabled = false (default)
2021-06-02 03:39:25,857 [pool-15-thread-1] INFO  server.RaftServer$Division (ServerState.java:setRaftConf(373)) - c464142a-7b71-4845-800f-f5b0129c6cb8@group-17152E3F0F0C: set configuration 0: [c464142a-7b71-4845-800f-f5b0129c6cb8|rpc:localhost:13408|admin:|client:|dataStream:|priority:0], old=null
2021-06-02 03:39:25,858 [pool-15-thread-1] INFO  segmented.LogSegment (LogSegment.java:loadSegment(173)) - Successfully read 1 entries from segment file /home/runner/work/ozone/ozone/mnt/ozone/hadoop-ozone/integration-test/target/test-dir/MiniOzoneClusterImpl-c53ac106-a4c8-4947-8709-17152e3f0f0c/scmNode-1/scm-ha/c53ac106-a4c8-4947-8709-17152e3f0f0c/current/log_inprogress_0
2021-06-02 03:39:25,858 [pool-15-thread-1] INFO  segmented.SegmentedRaftLogWorker (SegmentedRaftLogWorker.java:lambda$new$0(133)) - c464142a-7b71-4845-800f-f5b0129c6cb8@group-17152E3F0F0C-SegmentedRaftLogWorker: flushIndex: setUnconditionally 0 -> 0
2021-06-02 03:39:25,858 [pool-15-thread-1] INFO  segmented.SegmentedRaftLogWorker (SegmentedRaftLogWorker.java:lambda$new$0(133)) - c464142a-7b71-4845-800f-f5b0129c6cb8@group-17152E3F0F0C-SegmentedRaftLogWorker: safeCacheEvictIndex: setUnconditionally 0 -> -1
2021-06-02 03:39:25,859 [pool-15-thread-1] INFO  server.RaftServerConfigKeys (ConfUtils.java:logGet(44)) - raft.server.snapshot.auto.trigger.enabled = true (custom)
2021-06-02 03:39:25,859 [pool-15-thread-1] INFO  server.RaftServerConfigKeys (ConfUtils.java:logGet(44)) - raft.server.snapshot.auto.trigger.threshold = 5 (custom)
2021-06-02 03:39:25,859 [pool-15-thread-1] INFO  server.RaftServerConfigKeys (ConfUtils.java:logGet(44)) - raft.server.snapshot.retention.file.num = -1 (default)
2021-06-02 03:39:25,859 [pool-15-thread-1] INFO  server.RaftServerConfigKeys (ConfUtils.java:logGet(44)) - raft.server.log.purge.upto.snapshot.index = false (default)
2021-06-02 03:39:25,859 [pool-15-thread-1] INFO  server.RaftServerConfigKeys (ConfUtils.java:logGet(44)) - raft.server.retrycache.expirytime = 60000ms (default)
2021-06-02 03:39:25,859 [pool-15-thread-1] INFO  server.RaftServerConfigKeys (ConfUtils.java:logGet(44)) - raft.server.retrycache.statistics.expirytime = 100μs (default)
2021-06-02 03:39:25,860 [pool-15-thread-1] INFO  metrics.RatisMetrics (RatisMetrics.java:lambda$create$0(36)) - Creating Metrics Registry : ratis.leader_election.c464142a-7b71-4845-800f-f5b0129c6cb8@group-17152E3F0F0C
2021-06-02 03:39:25,860 [pool-15-thread-1] WARN  impl.MetricRegistriesImpl (MetricRegistriesImpl.java:lambda$create$1(65)) - First MetricRegistry has been created without registering reporters. You may need to call MetricRegistries.global().addReporterRegistration(...) before.
2021-06-02 03:39:25,860 [pool-15-thread-1] INFO  metrics.RatisMetrics (RatisMetrics.java:lambda$create$0(36)) - Creating Metrics Registry : ratis.server.c464142a-7b71-4845-800f-f5b0129c6cb8@group-17152E3F0F0C
2021-06-02 03:39:25,860 [pool-15-thread-1] WARN  impl.MetricRegistriesImpl (MetricRegistriesImpl.java:lambda$create$1(65)) - First MetricRegistry has been created without registering reporters. You may need to call MetricRegistries.global().addReporterRegistration(...) before.
2021-06-02 03:39:25,862 [main] INFO  ha.SCMSnapshotProvider (SCMSnapshotProvider.java:<init>(66)) - Initializing SCM Snapshot Provider
2021-06-02 03:39:25,862 [main] WARN  server.ServerUtils (ServerUtils.java:getDefaultRatisDirectory(237)) - Storage directory for Ratis is not configured. It is a good idea to map this to an SSD disk. Falling back to ozone.metadata.dirs
2021-06-02 03:39:25,863 [main] WARN  ha.SCMHAUtils (SCMHAUtils.java:getSCMRatisSnapshotDirectory(142)) - SCM snapshot dir is not configured. Falling back to ozone.metadata.dirs config
2021-06-02 03:39:25,893 [main] INFO  ha.SequenceIdGenerator (SequenceIdGenerator.java:upgradeToSequenceId(300)) - upgrade localId to 107544261427200000
2021-06-02 03:39:25,894 [main] INFO  ha.SequenceIdGenerator (SequenceIdGenerator.java:upgradeToSequenceId(310)) - upgrade delTxnId to 0
2021-06-02 03:39:25,897 [main] INFO  ha.SequenceIdGenerator (SequenceIdGenerator.java:upgradeToSequenceId(324)) - upgrade containerId to 0
2021-06-02 03:39:25,899 [main] INFO  ha.SequenceIdGenerator (SequenceIdGenerator.java:<init>(196)) - Init the HA SequenceIdGenerator.
2021-06-02 03:39:25,944 [main] INFO  node.SCMNodeManager (SCMNodeManager.java:<init>(125)) - Entering startup safe mode.
2021-06-02 03:39:25,993 [main] INFO  algorithms.ContainerPlacementPolicyFactory (ContainerPlacementPolicyFactory.java:getPolicy(60)) - Create container placement policy of type org.apache.hadoop.hdds.scm.container.placement.algorithms.SCMContainerPlacementRandom
2021-06-02 03:39:26,003 [main] INFO  pipeline.PipelineStateManager (PipelineStateManagerV2Impl.java:initialize(78)) - No pipeline exists in current db
2021-06-02 03:39:26,034 [main] INFO  algorithms.LeaderChoosePolicyFactory (LeaderChoosePolicyFactory.java:getPolicy(57)) - Create leader choose policy of type org.apache.hadoop.hdds.scm.pipeline.leader.choose.algorithms.MinLeaderCountChoosePolicy
2021-06-02 03:39:26,041 [main] INFO  ha.SCMServiceManager (SCMServiceManager.java:register(43)) - Registering service BackgroundPipelineCreator.
2021-06-02 03:39:26,041 [main] INFO  pipeline.BackgroundPipelineCreator (BackgroundPipelineCreatorV2.java:start(130)) - Starting RatisPipelineUtilsThread.
2021-06-02 03:39:26,070 [main] INFO  algorithms.PipelineChoosePolicyFactory (PipelineChoosePolicyFactory.java:createPipelineChoosePolicyFromClass(73)) - Create pipeline choose policy of type org.apache.hadoop.hdds.scm.pipeline.choose.algorithms.RandomPipelineChoosePolicy
2021-06-02 03:39:26,085 [main] INFO  ha.SCMServiceManager (SCMServiceManager.java:register(43)) - Registering service SCMBlockDeletingService.
2021-06-02 03:39:26,106 [main] INFO  ha.SCMServiceManager (SCMServiceManager.java:register(43)) - Registering service ReplicationManager.
2021-06-02 03:39:26,109 [main] INFO  container.ReplicationManager (ReplicationManager.java:start(227)) - Starting Replication Monitor Thread.
2021-06-02 03:39:26,120 [main] INFO  safemode.HealthyPipelineSafeModeRule (HealthyPipelineSafeModeRule.java:<init>(90)) - Total pipeline count is 0, healthy pipeline threshold count is 0
2021-06-02 03:39:26,123 [main] INFO  safemode.OneReplicaPipelineSafeModeRule (OneReplicaPipelineSafeModeRule.java:<init>(86)) - Total pipeline count is 0, pipeline's with at least one datanode reported threshold count is 0
2021-06-02 03:39:26,125 [ReplicationMonitor] INFO  container.ReplicationManager (ReplicationManager.java:run(291)) - Replication Monitor Thread took 1 milliseconds for processing 0 containers.
2021-06-02 03:39:26,622 [main] INFO  ipc.CallQueueManager (CallQueueManager.java:<init>(85)) - Using callQueue: class java.util.concurrent.LinkedBlockingQueue, queueCapacity: 10000, scheduler: class org.apache.hadoop.ipc.DefaultRpcScheduler, ipcBackoff: false.
2021-06-02 03:39:26,640 [Socket Reader #1 for port 13409] INFO  ipc.Server (Server.java:run(1255)) - Starting Socket Reader #1 for port 13409
2021-06-02 03:39:26,675 [Listener at 0.0.0.0/13409] INFO  ipc.CallQueueManager (CallQueueManager.java:<init>(85)) - Using callQueue: class java.util.concurrent.LinkedBlockingQueue, queueCapacity: 10000, scheduler: class org.apache.hadoop.ipc.DefaultRpcScheduler, ipcBackoff: false.
2021-06-02 03:39:26,679 [Socket Reader #1 for port 13410] INFO  ipc.Server (Server.java:run(1255)) - Starting Socket Reader #1 for port 13410
2021-06-02 03:39:26,699 [Listener at 0.0.0.0/13410] INFO  ipc.CallQueueManager (CallQueueManager.java:<init>(85)) - Using callQueue: class java.util.concurrent.LinkedBlockingQueue, queueCapacity: 10000, scheduler: class org.apache.hadoop.ipc.DefaultRpcScheduler, ipcBackoff: false.
2021-06-02 03:39:26,700 [Socket Reader #1 for port 13411] INFO  ipc.Server (Server.java:run(1255)) - Starting Socket Reader #1 for port 13411
2021-06-02 03:39:26,707 [Listener at 0.0.0.0/13411] INFO  server.StorageContainerManager (StorageContainerManager.java:<init>(418)) - 
Container Balancer status:
Key                            Value
Running                        true
Container Balancer Configuration values:
Key                            Value
Threshold                      0.1
Max Datanodes to Balance       5
Max Size to Move               10737418240B

2021-06-02 03:39:26,708 [Listener at 0.0.0.0/13411] WARN  events.EventQueue (EventQueue.java:fireEvent(185)) - No event handler registered for event TypedEvent{payloadType=SafeModeStatus, name='Safe mode status'}
2021-06-02 03:39:26,708 [Listener at 0.0.0.0/13411] INFO  ha.SCMContext (SCMContext.java:updateSafeModeStatus(148)) - Update SafeModeStatus from SafeModeStatus{safeModeStatus=true, preCheckPassed=false} to SafeModeStatus{safeModeStatus=true, preCheckPassed=false}.
2021-06-02 03:39:26,710 [Listener at 0.0.0.0/13411] INFO  server.StorageContainerManager (StorageContainerManager.java:start(1201)) - StorageContainerLocationProtocol RPC server is listening at /0.0.0.0:13411
2021-06-02 03:39:26,711 [Listener at 0.0.0.0/13411] INFO  ha.SCMRatisServerImpl (SCMRatisServerImpl.java:start(171)) - starting ratis server 0.0.0.0:13408
2021-06-02 03:39:26,712 [Listener at 0.0.0.0/13411] INFO  server.RaftServer$Division (RaftServerImpl.java:start(295)) - c464142a-7b71-4845-800f-f5b0129c6cb8@group-17152E3F0F0C: start as a follower, conf=0: [c464142a-7b71-4845-800f-f5b0129c6cb8|rpc:localhost:13408|admin:|client:|dataStream:|priority:0], old=null
2021-06-02 03:39:26,712 [Listener at 0.0.0.0/13411] INFO  server.RaftServer$Division (RaftServerImpl.java:setRole(284)) - c464142a-7b71-4845-800f-f5b0129c6cb8@group-17152E3F0F0C: changes role from      null to FOLLOWER at term 1 for startAsFollower
2021-06-02 03:39:26,712 [Listener at 0.0.0.0/13411] INFO  impl.RoleInfo (RoleInfo.java:updateAndGet(130)) - c464142a-7b71-4845-800f-f5b0129c6cb8: start c464142a-7b71-4845-800f-f5b0129c6cb8@group-17152E3F0F0C-FollowerState
2021-06-02 03:39:26,713 [Listener at 0.0.0.0/13411] INFO  util.JmxRegister (JmxRegister.java:tryRegister(44)) - Successfully registered JMX Bean with object name Ratis:service=RaftServer,group=group-17152E3F0F0C,id=c464142a-7b71-4845-800f-f5b0129c6cb8
2021-06-02 03:39:26,713 [Listener at 0.0.0.0/13411] INFO  metrics.RatisMetrics (RatisMetrics.java:lambda$create$0(36)) - Creating Metrics Registry : ratis.state_machine.c464142a-7b71-4845-800f-f5b0129c6cb8@group-17152E3F0F0C
2021-06-02 03:39:26,713 [Listener at 0.0.0.0/13411] WARN  impl.MetricRegistriesImpl (MetricRegistriesImpl.java:lambda$create$1(65)) - First MetricRegistry has been created without registering reporters. You may need to call MetricRegistries.global().addReporterRegistration(...) before.
2021-06-02 03:39:26,715 [Listener at 0.0.0.0/13411] INFO  server.RaftServer (RaftServerProxy.java:lambda$start$5(374)) - c464142a-7b71-4845-800f-f5b0129c6cb8: start RPC server
2021-06-02 03:39:26,716 [Listener at 0.0.0.0/13411] INFO  server.GrpcService (GrpcService.java:startImpl(253)) - c464142a-7b71-4845-800f-f5b0129c6cb8: GrpcService started, listening on 13408
2021-06-02 03:39:26,719 [Listener at 0.0.0.0/13411] INFO  ha.SCMHAManagerImpl (SCMHAManagerImpl.java:start(120)) -  scm role is FOLLOWER peers [c464142a-7b71-4845-800f-f5b0129c6cb8|rpc:localhost:13408|admin:|client:|dataStream:|priority:0]
2021-06-02 03:39:26,719 [Listener at 0.0.0.0/13411] INFO  ha.InterSCMGrpcService (InterSCMGrpcProtocolService.java:start(94)) - Starting SCM Grpc Service at port 13412
2021-06-02 03:39:26,720 [org.apache.ratis.util.JvmPauseMonitor$$Lambda$491/1164289802@31b6fb14] INFO  util.JvmPauseMonitor (JvmPauseMonitor.java:run(103)) - JvmPauseMonitor-c464142a-7b71-4845-800f-f5b0129c6cb8: Started
2021-06-02 03:39:26,775 [Listener at 0.0.0.0/13411] WARN  impl.MetricsConfig (MetricsConfig.java:loadFirst(136)) - Cannot locate configuration: tried hadoop-metrics2-storagecontainermanager.properties,hadoop-metrics2.properties
2021-06-02 03:39:26,790 [Listener at 0.0.0.0/13411] INFO  impl.MetricsSystemImpl (MetricsSystemImpl.java:startTimer(378)) - Scheduled Metric snapshot period at 10 second(s).
2021-06-02 03:39:26,790 [Listener at 0.0.0.0/13411] INFO  impl.MetricsSystemImpl (MetricsSystemImpl.java:start(191)) - StorageContainerManager metrics system started
2021-06-02 03:39:27,039 [Listener at 0.0.0.0/13411] INFO  server.SCMClientProtocolServer (SCMClientProtocolServer.java:start(157)) - RPC server for Client  is listening at /0.0.0.0:13411
2021-06-02 03:39:27,043 [IPC Server Responder] INFO  ipc.Server (Server.java:run(1497)) - IPC Server Responder: starting
2021-06-02 03:39:27,044 [IPC Server listener on 13411] INFO  ipc.Server (Server.java:run(1334)) - IPC Server listener on 13411: starting
2021-06-02 03:39:27,071 [Listener at 0.0.0.0/13411] INFO  server.StorageContainerManager (StorageContainerManager.java:start(1216)) - ScmBlockLocationProtocol RPC server is listening at /0.0.0.0:13410
2021-06-02 03:39:27,072 [Listener at 0.0.0.0/13411] INFO  server.SCMBlockProtocolServer (SCMBlockProtocolServer.java:start(149)) - RPC server for Block Protocol is listening at /0.0.0.0:13410
2021-06-02 03:39:27,073 [IPC Server Responder] INFO  ipc.Server (Server.java:run(1497)) - IPC Server Responder: starting
2021-06-02 03:39:27,073 [IPC Server listener on 13410] INFO  ipc.Server (Server.java:run(1334)) - IPC Server listener on 13410: starting
2021-06-02 03:39:27,089 [Listener at 0.0.0.0/13411] INFO  server.StorageContainerManager (StorageContainerManager.java:start(1222)) - ScmDatanodeProtocl RPC server is listening at /0.0.0.0:13409
2021-06-02 03:39:27,090 [Listener at 0.0.0.0/13411] INFO  server.SCMDatanodeProtocolServer (SCMDatanodeProtocolServer.java:start(174)) - RPC server for DataNodes is listening at /0.0.0.0:13409
2021-06-02 03:39:27,091 [IPC Server Responder] INFO  ipc.Server (Server.java:run(1497)) - IPC Server Responder: starting
2021-06-02 03:39:27,091 [IPC Server listener on 13409] INFO  ipc.Server (Server.java:run(1334)) - IPC Server listener on 13409: starting
2021-06-02 03:39:27,141 [org.apache.hadoop.util.JvmPauseMonitor$Monitor@2419fe6f] INFO  util.JvmPauseMonitor (JvmPauseMonitor.java:run(188)) - Starting JVM pause monitor
2021-06-02 03:39:27,161 [Listener at 0.0.0.0/13411] INFO  http.BaseHttpServer (BaseHttpServer.java:newHttpServer2BuilderForOzone(209)) - Starting Web-server for scm at: http://0.0.0.0:13406
2021-06-02 03:39:27,162 [Listener at 0.0.0.0/13411] INFO  http.BaseHttpServer (BaseHttpServer.java:<init>(107)) - Hadoop Security Enabled: false Ozone Security Enabled: false Ozone HTTP Security Enabled: false 
2021-06-02 03:39:27,189 [Listener at 0.0.0.0/13411] INFO  util.log (Log.java:initialized(169)) - Logging initialized @10406ms to org.eclipse.jetty.util.log.Slf4jLog
2021-06-02 03:39:27,306 [Listener at 0.0.0.0/13411] INFO  server.AuthenticationFilter (AuthenticationFilter.java:constructSecretProvider(240)) - Unable to initialize FileSignerSecretProvider, falling back to use random secrets.
2021-06-02 03:39:27,315 [Listener at 0.0.0.0/13411] WARN  http.HttpRequestLog (HttpRequestLog.java:getRequestLog(103)) - Jetty request log can only be enabled using Log4j
2021-06-02 03:39:27,322 [Listener at 0.0.0.0/13411] INFO  http.HttpServer2 (HttpServer2.java:addGlobalFilter(1020)) - Added global filter 'safety' (class=org.apache.hadoop.hdds.server.http.HttpServer2$QuotingInputFilter)
2021-06-02 03:39:27,324 [Listener at 0.0.0.0/13411] INFO  http.HttpServer2 (HttpServer2.java:addFilter(996)) - Added filter static_user_filter (class=org.apache.hadoop.http.lib.StaticUserWebFilter$StaticUserFilter) to context scm
2021-06-02 03:39:27,325 [Listener at 0.0.0.0/13411] INFO  http.HttpServer2 (HttpServer2.java:addFilter(1004)) - Added filter static_user_filter (class=org.apache.hadoop.http.lib.StaticUserWebFilter$StaticUserFilter) to context static
2021-06-02 03:39:27,325 [Listener at 0.0.0.0/13411] INFO  http.HttpServer2 (HttpServer2.java:addFilter(1004)) - Added filter static_user_filter (class=org.apache.hadoop.http.lib.StaticUserWebFilter$StaticUserFilter) to context logs
2021-06-02 03:39:27,368 [Listener at 0.0.0.0/13411] INFO  http.HttpServer2 (HttpServer2.java:bindListener(1238)) - Jetty bound to port 13406
2021-06-02 03:39:27,370 [Listener at 0.0.0.0/13411] INFO  server.Server (Server.java:doStart(375)) - jetty-9.4.35.v20201120; built: 2020-11-20T21:17:03.964Z; git: bdc54f03a5e0a7e280fab27f55c3c75ee8da89fb; jvm 1.8.0_292-b10
2021-06-02 03:39:27,399 [Listener at 0.0.0.0/13411] INFO  server.session (DefaultSessionIdManager.java:doStart(334)) - DefaultSessionIdManager workerName=node0
2021-06-02 03:39:27,399 [Listener at 0.0.0.0/13411] INFO  server.session (DefaultSessionIdManager.java:doStart(339)) - No SessionScavenger set, using defaults
2021-06-02 03:39:27,401 [Listener at 0.0.0.0/13411] INFO  server.session (HouseKeeper.java:startScavenging(132)) - node0 Scavenging every 660000ms
2021-06-02 03:39:27,414 [Listener at 0.0.0.0/13411] INFO  handler.ContextHandler (ContextHandler.java:doStart(916)) - Started o.e.j.s.ServletContextHandler@b671dda{logs,/logs,file:///home/runner/work/ozone/ozone/mnt/ozone/hadoop-ozone/integration-test/target/log,AVAILABLE}
2021-06-02 03:39:27,415 [Listener at 0.0.0.0/13411] INFO  handler.ContextHandler (ContextHandler.java:doStart(916)) - Started o.e.j.s.ServletContextHandler@703cb756{static,/static,file:///home/runner/work/ozone/ozone/mnt/ozone/hadoop-ozone/integration-test/target/test-classes/webapps/static,AVAILABLE}
2021-06-02 03:39:27,458 [Listener at 0.0.0.0/13411] INFO  handler.ContextHandler (ContextHandler.java:doStart(916)) - Started o.e.j.w.WebAppContext@663cf5d7{scm,/,file:///home/runner/work/ozone/ozone/mnt/ozone/hadoop-ozone/integration-test/target/test-classes/webapps/scm/,AVAILABLE}{file:/home/runner/work/ozone/ozone/mnt/ozone/hadoop-ozone/integration-test/target/test-classes/webapps/scm}
2021-06-02 03:39:27,469 [Listener at 0.0.0.0/13411] INFO  server.AbstractConnector (AbstractConnector.java:doStart(331)) - Started ServerConnector@4a6ef712{HTTP/1.1, (http/1.1)}{0.0.0.0:13406}
2021-06-02 03:39:27,470 [Listener at 0.0.0.0/13411] INFO  server.Server (Server.java:doStart(415)) - Started @10687ms
2021-06-02 03:39:27,472 [Listener at 0.0.0.0/13411] INFO  impl.MetricsSinkAdapter (MetricsSinkAdapter.java:start(204)) - Sink prometheus started
2021-06-02 03:39:27,472 [Listener at 0.0.0.0/13411] INFO  impl.MetricsSystemImpl (MetricsSystemImpl.java:registerSink(305)) - Registered sink prometheus
2021-06-02 03:39:27,473 [Listener at 0.0.0.0/13411] INFO  http.BaseHttpServer (BaseHttpServer.java:updateConnectorAddress(329)) - HTTP server of scm listening at http://0.0.0.0:13406
2021-06-02 03:39:27,474 [Listener at 0.0.0.0/13411] INFO  ozone.MiniOzoneHAClusterImpl (MiniOzoneHAClusterImpl.java:createSCMService(536)) - Started SCM RPC server at org.apache.hadoop.hdds.scm.server.SCMClientProtocolServer@3cc2e3e
2021-06-02 03:39:27,500 [Listener at 0.0.0.0/13411] INFO  ha.SCMHANodeDetails (SCMHANodeDetails.java:loadSCMHAConfig(149)) - ServiceID for StorageContainerManager is scm-service-test1
2021-06-02 03:39:27,501 [Listener at 0.0.0.0/13411] INFO  ha.SCMHANodeDetails (SCMHANodeDetails.java:loadSCMHAConfig(160)) - ServiceID for StorageContainerManager is scm-service-test1
2021-06-02 03:39:27,501 [Listener at 0.0.0.0/13411] WARN  scm.ScmUtils (ScmUtils.java:logWarn(179)) - ConfigKey ozone.scm.block.client.address is deprecated, For configuring different ports for each SCM use PortConfigKey ozone.scm.block.client.port appended with serviceId and nodeId. If want to configure same port configure ozone.scm.block.client.port
2021-06-02 03:39:27,501 [Listener at 0.0.0.0/13411] WARN  scm.ScmUtils (ScmUtils.java:logWarn(179)) - ConfigKey ozone.scm.client.address is deprecated, For configuring different ports for each SCM use PortConfigKey ozone.scm.client.port appended with serviceId and nodeId. If want to configure same port configure ozone.scm.client.port
2021-06-02 03:39:27,501 [Listener at 0.0.0.0/13411] WARN  scm.ScmUtils (ScmUtils.java:logWarn(179)) - ConfigKey ozone.scm.datanode.address is deprecated, For configuring different ports for each SCM use PortConfigKey ozone.scm.datanode.port appended with serviceId and nodeId. If want to configure same port configure ozone.scm.datanode.port
2021-06-02 03:39:27,501 [Listener at 0.0.0.0/13411] WARN  scm.ScmUtils (ScmUtils.java:logWarn(179)) - ConfigKey ozone.scm.block.client.address is deprecated, For configuring different ports for each SCM use PortConfigKey ozone.scm.block.client.port appended with serviceId and nodeId. If want to configure same port configure ozone.scm.block.client.port
2021-06-02 03:39:27,502 [Listener at 0.0.0.0/13411] WARN  scm.ScmUtils (ScmUtils.java:logWarn(179)) - ConfigKey ozone.scm.client.address is deprecated, For configuring different ports for each SCM use PortConfigKey ozone.scm.client.port appended with serviceId and nodeId. If want to configure same port configure ozone.scm.client.port
2021-06-02 03:39:27,502 [Listener at 0.0.0.0/13411] WARN  scm.ScmUtils (ScmUtils.java:logWarn(179)) - ConfigKey ozone.scm.datanode.address is deprecated, For configuring different ports for each SCM use PortConfigKey ozone.scm.datanode.port appended with serviceId and nodeId. If want to configure same port configure ozone.scm.datanode.port
2021-06-02 03:39:27,502 [Listener at 0.0.0.0/13411] INFO  ha.SCMHANodeDetails (SCMHANodeDetails.java:loadSCMHAConfig(242)) - Found matching SCM address with SCMServiceId: scm-service-test1, SCMNodeId: scmNode-2, RPC Address: localhost:13418 and Ratis port: 13418
2021-06-02 03:39:27,502 [Listener at 0.0.0.0/13411] INFO  ha.SCMHANodeDetails (ConfUtils.java:setNodeSpecificConfigs(105)) - Setting configuration key ozone.scm.datanode.address with value of key ozone.scm.datanode.address.scm-service-test1.scmNode-2: 127.0.0.1:13419
2021-06-02 03:39:27,503 [Listener at 0.0.0.0/13411] INFO  ha.SCMHANodeDetails (ConfUtils.java:setNodeSpecificConfigs(105)) - Setting configuration key ozone.scm.block.client.address with value of key ozone.scm.block.client.address.scm-service-test1.scmNode-2: 127.0.0.1:13420
2021-06-02 03:39:27,503 [Listener at 0.0.0.0/13411] INFO  ha.SCMHANodeDetails (ConfUtils.java:setNodeSpecificConfigs(105)) - Setting configuration key ozone.scm.client.address with value of key ozone.scm.client.address.scm-service-test1.scmNode-2: 127.0.0.1:13421
2021-06-02 03:39:27,503 [Listener at 0.0.0.0/13411] INFO  ha.SCMHANodeDetails (ConfUtils.java:setNodeSpecificConfigs(105)) - Setting configuration key ozone.scm.ratis.port with value of key ozone.scm.ratis.port.scm-service-test1.scmNode-2: 13418
2021-06-02 03:39:27,503 [Listener at 0.0.0.0/13411] INFO  ha.SCMHANodeDetails (ConfUtils.java:setNodeSpecificConfigs(105)) - Setting configuration key ozone.scm.grpc.port with value of key ozone.scm.grpc.port.scm-service-test1.scmNode-2: 13422
2021-06-02 03:39:27,503 [Listener at 0.0.0.0/13411] INFO  ha.SCMHANodeDetails (ConfUtils.java:setNodeSpecificConfigs(105)) - Setting configuration key ozone.scm.http-address with value of key ozone.scm.http-address.scm-service-test1.scmNode-2: 127.0.0.1:13416
2021-06-02 03:39:27,504 [Listener at 0.0.0.0/13411] INFO  ha.SCMHANodeDetails (ConfUtils.java:setNodeSpecificConfigs(105)) - Setting configuration key ozone.scm.https-address with value of key ozone.scm.https-address.scm-service-test1.scmNode-2: 127.0.0.1:13417
2021-06-02 03:39:27,504 [Listener at 0.0.0.0/13411] INFO  ha.SCMHANodeDetails (ConfUtils.java:setNodeSpecificConfigs(105)) - Setting configuration key ozone.scm.address with value of key ozone.scm.address.scm-service-test1.scmNode-2: 127.0.0.1
2021-06-02 03:39:27,505 [Listener at 0.0.0.0/13411] WARN  scm.ScmUtils (ScmUtils.java:logWarn(179)) - ConfigKey ozone.scm.block.client.address is deprecated, For configuring different ports for each SCM use PortConfigKey ozone.scm.block.client.port appended with serviceId and nodeId. If want to configure same port configure ozone.scm.block.client.port
2021-06-02 03:39:27,505 [Listener at 0.0.0.0/13411] WARN  scm.ScmUtils (ScmUtils.java:logWarn(179)) - ConfigKey ozone.scm.client.address is deprecated, For configuring different ports for each SCM use PortConfigKey ozone.scm.client.port appended with serviceId and nodeId. If want to configure same port configure ozone.scm.client.port
2021-06-02 03:39:27,505 [Listener at 0.0.0.0/13411] WARN  scm.ScmUtils (ScmUtils.java:logWarn(179)) - ConfigKey ozone.scm.datanode.address is deprecated, For configuring different ports for each SCM use PortConfigKey ozone.scm.datanode.port appended with serviceId and nodeId. If want to configure same port configure ozone.scm.datanode.port
2021-06-02 03:39:27,505 [Listener at 0.0.0.0/13411] WARN  server.ServerUtils (ServerUtils.java:getScmDbDir(148)) - ozone.scm.db.dirs is not configured. We recommend adding this setting. Falling back to ozone.metadata.dirs instead.
2021-06-02 03:39:27,514 [Listener at 0.0.0.0/13411] INFO  ha.SCMNodeInfo (SCMNodeInfo.java:getPort(197)) - ConfigKey ozone.scm.client.address is deprecated, For configuring different ports for each SCM use PortConfigKey ozone.scm.client.port appended with serviceId and nodeId
2021-06-02 03:39:27,514 [Listener at 0.0.0.0/13411] INFO  ha.SCMNodeInfo (SCMNodeInfo.java:getPort(197)) - ConfigKey ozone.scm.block.client.address is deprecated, For configuring different ports for each SCM use PortConfigKey ozone.scm.block.client.port appended with serviceId and nodeId
2021-06-02 03:39:27,515 [Listener at 0.0.0.0/13411] INFO  ha.SCMNodeInfo (SCMNodeInfo.java:getPort(197)) - ConfigKey ozone.scm.datanode.address is deprecated, For configuring different ports for each SCM use PortConfigKey ozone.scm.datanode.port appended with serviceId and nodeId
2021-06-02 03:39:27,515 [Listener at 0.0.0.0/13411] INFO  ha.SCMNodeInfo (SCMNodeInfo.java:getPort(197)) - ConfigKey ozone.scm.client.address is deprecated, For configuring different ports for each SCM use PortConfigKey ozone.scm.client.port appended with serviceId and nodeId
2021-06-02 03:39:27,515 [Listener at 0.0.0.0/13411] INFO  ha.SCMNodeInfo (SCMNodeInfo.java:getPort(197)) - ConfigKey ozone.scm.block.client.address is deprecated, For configuring different ports for each SCM use PortConfigKey ozone.scm.block.client.port appended with serviceId and nodeId
2021-06-02 03:39:27,517 [Listener at 0.0.0.0/13411] INFO  ha.SCMNodeInfo (SCMNodeInfo.java:getPort(197)) - ConfigKey ozone.scm.datanode.address is deprecated, For configuring different ports for each SCM use PortConfigKey ozone.scm.datanode.port appended with serviceId and nodeId
2021-06-02 03:39:27,518 [Listener at 0.0.0.0/13411] INFO  ha.SCMNodeInfo (SCMNodeInfo.java:getPort(197)) - ConfigKey ozone.scm.client.address is deprecated, For configuring different ports for each SCM use PortConfigKey ozone.scm.client.port appended with serviceId and nodeId
2021-06-02 03:39:27,518 [Listener at 0.0.0.0/13411] INFO  ha.SCMNodeInfo (SCMNodeInfo.java:getPort(197)) - ConfigKey ozone.scm.block.client.address is deprecated, For configuring different ports for each SCM use PortConfigKey ozone.scm.block.client.port appended with serviceId and nodeId
2021-06-02 03:39:27,518 [Listener at 0.0.0.0/13411] INFO  ha.SCMNodeInfo (SCMNodeInfo.java:getPort(197)) - ConfigKey ozone.scm.datanode.address is deprecated, For configuring different ports for each SCM use PortConfigKey ozone.scm.datanode.port appended with serviceId and nodeId
2021-06-02 03:39:27,765 [IPC Server handler 0 on default port 13410] INFO  ipc.Server (Server.java:logException(3018)) - IPC Server handler 0 on default port 13410, call Call#0 Retry#0 org.apache.hadoop.hdds.scm.protocol.ScmBlockLocationProtocol.send from 127.0.0.1:60358
org.apache.hadoop.hdds.ratis.ServerNotLeaderException: Server:c464142a-7b71-4845-800f-f5b0129c6cb8 is not the leader. Could not determine the leader node.
	at org.apache.hadoop.hdds.ratis.ServerNotLeaderException.convertToNotLeaderException(ServerNotLeaderException.java:109)
	at org.apache.hadoop.hdds.scm.ha.RatisUtil.checkRatisException(RatisUtil.java:191)
	at org.apache.hadoop.hdds.scm.protocol.ScmBlockLocationProtocolServerSideTranslatorPB.send(ScmBlockLocationProtocolServerSideTranslatorPB.java:108)
	at org.apache.hadoop.hdds.protocol.proto.ScmBlockLocationProtocolProtos$ScmBlockLocationProtocolService$2.callBlockingMethod(ScmBlockLocationProtocolProtos.java:13919)
	at org.apache.hadoop.ipc.ProtobufRpcEngine$Server$ProtoBufRpcInvoker.call(ProtobufRpcEngine.java:528)
	at org.apache.hadoop.ipc.RPC$Server.call(RPC.java:1086)
	at org.apache.hadoop.ipc.Server$RpcCall.run(Server.java:1029)
	at org.apache.hadoop.ipc.Server$RpcCall.run(Server.java:957)
	at java.security.AccessController.doPrivileged(Native Method)
	at javax.security.auth.Subject.doAs(Subject.java:422)
	at org.apache.hadoop.security.UserGroupInformation.doAs(UserGroupInformation.java:1762)
	at org.apache.hadoop.ipc.Server$Handler.run(Server.java:2957)
2021-06-02 03:39:29,781 [Listener at 0.0.0.0/13411] INFO  retry.RetryInvocationHandler (RetryInvocationHandler.java:log(411)) - com.google.protobuf.ServiceException: java.net.ConnectException: Call From fv-az122-562/10.1.0.11 to localhost:13420 failed on connection exception: java.net.ConnectException: Connection refused; For more details see:  http://wiki.apache.org/hadoop/ConnectionRefused, while invoking $Proxy36.send over nodeId=scmNode-2,nodeAddress=/127.0.0.1:13420 after 1 failover attempts. Trying to failover after sleeping for 2000ms.
2021-06-02 03:39:31,757 [c464142a-7b71-4845-800f-f5b0129c6cb8@group-17152E3F0F0C-FollowerState] INFO  impl.FollowerState (FollowerState.java:run(134)) - c464142a-7b71-4845-800f-f5b0129c6cb8@group-17152E3F0F0C-FollowerState: change to CANDIDATE, lastRpcElapsedTime:5044762244ns, electionTimeout:5041ms
2021-06-02 03:39:31,757 [c464142a-7b71-4845-800f-f5b0129c6cb8@group-17152E3F0F0C-FollowerState] INFO  impl.RoleInfo (RoleInfo.java:shutdownFollowerState(108)) - c464142a-7b71-4845-800f-f5b0129c6cb8: shutdown c464142a-7b71-4845-800f-f5b0129c6cb8@group-17152E3F0F0C-FollowerState
2021-06-02 03:39:31,757 [c464142a-7b71-4845-800f-f5b0129c6cb8@group-17152E3F0F0C-FollowerState] INFO  server.RaftServer$Division (RaftServerImpl.java:setRole(284)) - c464142a-7b71-4845-800f-f5b0129c6cb8@group-17152E3F0F0C: changes role from  FOLLOWER to CANDIDATE at term 1 for changeToCandidate
2021-06-02 03:39:31,758 [c464142a-7b71-4845-800f-f5b0129c6cb8@group-17152E3F0F0C-FollowerState] INFO  server.RaftServerConfigKeys (ConfUtils.java:logGet(44)) - raft.server.leaderelection.pre-vote = false (custom)
2021-06-02 03:39:31,758 [c464142a-7b71-4845-800f-f5b0129c6cb8@group-17152E3F0F0C-FollowerState] INFO  impl.RoleInfo (RoleInfo.java:updateAndGet(130)) - c464142a-7b71-4845-800f-f5b0129c6cb8: start c464142a-7b71-4845-800f-f5b0129c6cb8@group-17152E3F0F0C-LeaderElection2
2021-06-02 03:39:31,762 [c464142a-7b71-4845-800f-f5b0129c6cb8@group-17152E3F0F0C-LeaderElection2] INFO  impl.LeaderElection (LeaderElection.java:askForVotes(306)) - c464142a-7b71-4845-800f-f5b0129c6cb8@group-17152E3F0F0C-LeaderElection2 ELECTION round 0: submit vote requests at term 2 for 0: [c464142a-7b71-4845-800f-f5b0129c6cb8|rpc:localhost:13408|admin:|client:|dataStream:|priority:0], old=null
2021-06-02 03:39:31,763 [c464142a-7b71-4845-800f-f5b0129c6cb8@group-17152E3F0F0C-LeaderElection2] INFO  impl.LeaderElection (LeaderElection.java:askForVotes(308)) - c464142a-7b71-4845-800f-f5b0129c6cb8@group-17152E3F0F0C-LeaderElection2 ELECTION round 0: result PASSED (term=2)
2021-06-02 03:39:31,763 [c464142a-7b71-4845-800f-f5b0129c6cb8@group-17152E3F0F0C-LeaderElection2] INFO  impl.RoleInfo (RoleInfo.java:shutdownLeaderElection(121)) - c464142a-7b71-4845-800f-f5b0129c6cb8: shutdown c464142a-7b71-4845-800f-f5b0129c6cb8@group-17152E3F0F0C-LeaderElection2
2021-06-02 03:39:31,763 [c464142a-7b71-4845-800f-f5b0129c6cb8@group-17152E3F0F0C-LeaderElection2] INFO  server.RaftServer$Division (RaftServerImpl.java:setRole(284)) - c464142a-7b71-4845-800f-f5b0129c6cb8@group-17152E3F0F0C: changes role from CANDIDATE to LEADER at term 2 for changeToLeader
2021-06-02 03:39:31,764 [c464142a-7b71-4845-800f-f5b0129c6cb8@group-17152E3F0F0C-LeaderElection2] INFO  ha.SCMStateMachine (SCMStateMachine.java:notifyLeaderChanged(243)) - current SCM becomes leader of term 2.
2021-06-02 03:39:31,764 [c464142a-7b71-4845-800f-f5b0129c6cb8@group-17152E3F0F0C-LeaderElection2] INFO  ha.SCMContext (SCMContext.java:updateLeaderAndTerm(89)) - update <isLeader,term> from <false,0> to <true,2>
2021-06-02 03:39:31,766 [c464142a-7b71-4845-800f-f5b0129c6cb8@group-17152E3F0F0C-LeaderElection2] INFO  pipeline.BackgroundPipelineCreator (BackgroundPipelineCreatorV2.java:notifyStatusChanged(261)) - Service BackgroundPipelineCreator transitions to RUNNING.
2021-06-02 03:39:31,770 [c464142a-7b71-4845-800f-f5b0129c6cb8@group-17152E3F0F0C-LeaderElection2] INFO  server.RaftServer$Division (ServerState.java:setLeader(271)) - c464142a-7b71-4845-800f-f5b0129c6cb8@group-17152E3F0F0C: change Leader from null to c464142a-7b71-4845-800f-f5b0129c6cb8 at term 2 for becomeLeader, leader elected after 5914ms
2021-06-02 03:39:31,770 [c464142a-7b71-4845-800f-f5b0129c6cb8@group-17152E3F0F0C-LeaderElection2] INFO  server.RaftServerConfigKeys (ConfUtils.java:logGet(44)) - raft.server.staging.catchup.gap = 1000 (default)
2021-06-02 03:39:31,770 [c464142a-7b71-4845-800f-f5b0129c6cb8@group-17152E3F0F0C-LeaderElection2] INFO  metrics.RatisMetrics (RatisMetrics.java:lambda$create$0(36)) - Creating Metrics Registry : ratis.log_appender.c464142a-7b71-4845-800f-f5b0129c6cb8@group-17152E3F0F0C
2021-06-02 03:39:31,770 [c464142a-7b71-4845-800f-f5b0129c6cb8@group-17152E3F0F0C-LeaderElection2] WARN  impl.MetricRegistriesImpl (MetricRegistriesImpl.java:lambda$create$1(65)) - First MetricRegistry has been created without registering reporters. You may need to call MetricRegistries.global().addReporterRegistration(...) before.
2021-06-02 03:39:31,771 [c464142a-7b71-4845-800f-f5b0129c6cb8@group-17152E3F0F0C-LeaderElection2] INFO  server.RaftServerConfigKeys (ConfUtils.java:logGet(44)) - raft.server.write.element-limit = 4096 (default)
2021-06-02 03:39:31,772 [c464142a-7b71-4845-800f-f5b0129c6cb8@group-17152E3F0F0C-LeaderElection2] INFO  server.RaftServerConfigKeys (ConfUtils.java:logGet(44)) - raft.server.write.byte-limit = 64MB (=67108864) (default)
2021-06-02 03:39:31,774 [c464142a-7b71-4845-800f-f5b0129c6cb8@group-17152E3F0F0C-LeaderElection2] INFO  server.RaftServerConfigKeys (ConfUtils.java:logGet(44)) - raft.server.watch.timeout = 10s (default)
2021-06-02 03:39:31,774 [c464142a-7b71-4845-800f-f5b0129c6cb8@group-17152E3F0F0C-LeaderElection2] INFO  server.RaftServerConfigKeys (ConfUtils.java:logGet(44)) - raft.server.watch.timeout.denomination = 1s (default)
2021-06-02 03:39:31,774 [c464142a-7b71-4845-800f-f5b0129c6cb8@group-17152E3F0F0C-LeaderElection2] INFO  server.RaftServerConfigKeys (ConfUtils.java:logGet(44)) - raft.server.watch.element-limit = 65536 (default)
2021-06-02 03:39:31,774 [c464142a-7b71-4845-800f-f5b0129c6cb8@group-17152E3F0F0C-LeaderElection2] INFO  impl.RoleInfo (RoleInfo.java:updateAndGet(130)) - c464142a-7b71-4845-800f-f5b0129c6cb8: start c464142a-7b71-4845-800f-f5b0129c6cb8@group-17152E3F0F0C-LeaderStateImpl
2021-06-02 03:39:31,775 [c464142a-7b71-4845-800f-f5b0129c6cb8@group-17152E3F0F0C-LeaderElection2] INFO  segmented.SegmentedRaftLogWorker (SegmentedRaftLogWorker.java:rollLogSegment(399)) - c464142a-7b71-4845-800f-f5b0129c6cb8@group-17152E3F0F0C-SegmentedRaftLogWorker: Rolling segment log-0_0 to index:0
2021-06-02 03:39:31,777 [c464142a-7b71-4845-800f-f5b0129c6cb8@group-17152E3F0F0C-SegmentedRaftLogWorker] INFO  segmented.SegmentedRaftLogWorker (SegmentedRaftLogWorker.java:execute(558)) - c464142a-7b71-4845-800f-f5b0129c6cb8@group-17152E3F0F0C-SegmentedRaftLogWorker: Rolled log segment from /home/runner/work/ozone/ozone/mnt/ozone/hadoop-ozone/integration-test/target/test-dir/MiniOzoneClusterImpl-c53ac106-a4c8-4947-8709-17152e3f0f0c/scmNode-1/scm-ha/c53ac106-a4c8-4947-8709-17152e3f0f0c/current/log_inprogress_0 to /home/runner/work/ozone/ozone/mnt/ozone/hadoop-ozone/integration-test/target/test-dir/MiniOzoneClusterImpl-c53ac106-a4c8-4947-8709-17152e3f0f0c/scmNode-1/scm-ha/c53ac106-a4c8-4947-8709-17152e3f0f0c/current/log_0-0
2021-06-02 03:39:31,787 [c464142a-7b71-4845-800f-f5b0129c6cb8@group-17152E3F0F0C-LeaderElection2] INFO  server.RaftServer$Division (ServerState.java:setRaftConf(373)) - c464142a-7b71-4845-800f-f5b0129c6cb8@group-17152E3F0F0C: set configuration 1: [c464142a-7b71-4845-800f-f5b0129c6cb8|rpc:localhost:13408|admin:|client:|dataStream:|priority:0], old=null
2021-06-02 03:39:31,787 [c464142a-7b71-4845-800f-f5b0129c6cb8@group-17152E3F0F0C-SegmentedRaftLogWorker] INFO  segmented.SegmentedRaftLogWorker (SegmentedRaftLogWorker.java:execute(601)) - c464142a-7b71-4845-800f-f5b0129c6cb8@group-17152E3F0F0C-SegmentedRaftLogWorker: created new log segment /home/runner/work/ozone/ozone/mnt/ozone/hadoop-ozone/integration-test/target/test-dir/MiniOzoneClusterImpl-c53ac106-a4c8-4947-8709-17152e3f0f0c/scmNode-1/scm-ha/c53ac106-a4c8-4947-8709-17152e3f0f0c/current/log_inprogress_1
2021-06-02 03:39:31,790 [Listener at 0.0.0.0/13411] INFO  retry.RetryInvocationHandler (RetryInvocationHandler.java:log(411)) - com.google.protobuf.ServiceException: java.net.ConnectException: Call From fv-az122-562/10.1.0.11 to localhost:13430 failed on connection exception: java.net.ConnectException: Connection refused; For more details see:  http://wiki.apache.org/hadoop/ConnectionRefused, while invoking $Proxy36.send over nodeId=scmNode-3,nodeAddress=/127.0.0.1:13430 after 2 failover attempts. Trying to failover after sleeping for 2000ms.
2021-06-02 03:39:33,824 [Listener at 0.0.0.0/13411] INFO  server.StorageContainerManager (StorageContainerManager.java:scmBootstrap(908)) - SCM BootStrap  is successful for ClusterID c53ac106-a4c8-4947-8709-17152e3f0f0c, SCMID 10bbb4cb-6b93-455d-8d5f-be65318fd4b2
2021-06-02 03:39:33,824 [Listener at 0.0.0.0/13411] INFO  server.StorageContainerManager (StorageContainerManager.java:scmBootstrap(910)) - Primary SCM Node ID c464142a-7b71-4845-800f-f5b0129c6cb8
2021-06-02 03:39:33,824 [Listener at 0.0.0.0/13411] INFO  ha.SCMHANodeDetails (SCMHANodeDetails.java:loadSCMHAConfig(149)) - ServiceID for StorageContainerManager is scm-service-test1
2021-06-02 03:39:33,824 [Listener at 0.0.0.0/13411] INFO  ha.SCMHANodeDetails (SCMHANodeDetails.java:loadSCMHAConfig(160)) - ServiceID for StorageContainerManager is scm-service-test1
2021-06-02 03:39:33,825 [Listener at 0.0.0.0/13411] WARN  scm.ScmUtils (ScmUtils.java:logWarn(179)) - ConfigKey ozone.scm.block.client.address is deprecated, For configuring different ports for each SCM use PortConfigKey ozone.scm.block.client.port appended with serviceId and nodeId. If want to configure same port configure ozone.scm.block.client.port
2021-06-02 03:39:33,825 [Listener at 0.0.0.0/13411] WARN  scm.ScmUtils (ScmUtils.java:logWarn(179)) - ConfigKey ozone.scm.client.address is deprecated, For configuring different ports for each SCM use PortConfigKey ozone.scm.client.port appended with serviceId and nodeId. If want to configure same port configure ozone.scm.client.port
2021-06-02 03:39:33,825 [Listener at 0.0.0.0/13411] WARN  scm.ScmUtils (ScmUtils.java:logWarn(179)) - ConfigKey ozone.scm.datanode.address is deprecated, For configuring different ports for each SCM use PortConfigKey ozone.scm.datanode.port appended with serviceId and nodeId. If want to configure same port configure ozone.scm.datanode.port
2021-06-02 03:39:33,825 [Listener at 0.0.0.0/13411] WARN  scm.ScmUtils (ScmUtils.java:logWarn(179)) - ConfigKey ozone.scm.block.client.address is deprecated, For configuring different ports for each SCM use PortConfigKey ozone.scm.block.client.port appended with serviceId and nodeId. If want to configure same port configure ozone.scm.block.client.port
2021-06-02 03:39:33,825 [Listener at 0.0.0.0/13411] WARN  scm.ScmUtils (ScmUtils.java:logWarn(179)) - ConfigKey ozone.scm.client.address is deprecated, For configuring different ports for each SCM use PortConfigKey ozone.scm.client.port appended with serviceId and nodeId. If want to configure same port configure ozone.scm.client.port
2021-06-02 03:39:33,825 [Listener at 0.0.0.0/13411] WARN  scm.ScmUtils (ScmUtils.java:logWarn(179)) - ConfigKey ozone.scm.datanode.address is deprecated, For configuring different ports for each SCM use PortConfigKey ozone.scm.datanode.port appended with serviceId and nodeId. If want to configure same port configure ozone.scm.datanode.port
2021-06-02 03:39:33,826 [Listener at 0.0.0.0/13411] INFO  ha.SCMHANodeDetails (SCMHANodeDetails.java:loadSCMHAConfig(242)) - Found matching SCM address with SCMServiceId: scm-service-test1, SCMNodeId: scmNode-2, RPC Address: localhost:13418 and Ratis port: 13418
2021-06-02 03:39:33,826 [Listener at 0.0.0.0/13411] INFO  ha.SCMHANodeDetails (ConfUtils.java:setNodeSpecificConfigs(105)) - Setting configuration key ozone.scm.datanode.address with value of key ozone.scm.datanode.address.scm-service-test1.scmNode-2: 127.0.0.1:13419
2021-06-02 03:39:33,826 [Listener at 0.0.0.0/13411] INFO  ha.SCMHANodeDetails (ConfUtils.java:setNodeSpecificConfigs(105)) - Setting configuration key ozone.scm.block.client.address with value of key ozone.scm.block.client.address.scm-service-test1.scmNode-2: 127.0.0.1:13420
2021-06-02 03:39:33,826 [Listener at 0.0.0.0/13411] INFO  ha.SCMHANodeDetails (ConfUtils.java:setNodeSpecificConfigs(105)) - Setting configuration key ozone.scm.client.address with value of key ozone.scm.client.address.scm-service-test1.scmNode-2: 127.0.0.1:13421
2021-06-02 03:39:33,826 [Listener at 0.0.0.0/13411] INFO  ha.SCMHANodeDetails (ConfUtils.java:setNodeSpecificConfigs(105)) - Setting configuration key ozone.scm.ratis.port with value of key ozone.scm.ratis.port.scm-service-test1.scmNode-2: 13418
2021-06-02 03:39:33,826 [Listener at 0.0.0.0/13411] INFO  ha.SCMHANodeDetails (ConfUtils.java:setNodeSpecificConfigs(105)) - Setting configuration key ozone.scm.grpc.port with value of key ozone.scm.grpc.port.scm-service-test1.scmNode-2: 13422
2021-06-02 03:39:33,826 [Listener at 0.0.0.0/13411] INFO  ha.SCMHANodeDetails (ConfUtils.java:setNodeSpecificConfigs(105)) - Setting configuration key ozone.scm.http-address with value of key ozone.scm.http-address.scm-service-test1.scmNode-2: 127.0.0.1:13416
2021-06-02 03:39:33,827 [Listener at 0.0.0.0/13411] INFO  ha.SCMHANodeDetails (ConfUtils.java:setNodeSpecificConfigs(105)) - Setting configuration key ozone.scm.https-address with value of key ozone.scm.https-address.scm-service-test1.scmNode-2: 127.0.0.1:13417
2021-06-02 03:39:33,827 [Listener at 0.0.0.0/13411] INFO  ha.SCMHANodeDetails (ConfUtils.java:setNodeSpecificConfigs(105)) - Setting configuration key ozone.scm.address with value of key ozone.scm.address.scm-service-test1.scmNode-2: 127.0.0.1
2021-06-02 03:39:33,827 [Listener at 0.0.0.0/13411] WARN  scm.ScmUtils (ScmUtils.java:logWarn(179)) - ConfigKey ozone.scm.block.client.address is deprecated, For configuring different ports for each SCM use PortConfigKey ozone.scm.block.client.port appended with serviceId and nodeId. If want to configure same port configure ozone.scm.block.client.port
2021-06-02 03:39:33,827 [Listener at 0.0.0.0/13411] WARN  scm.ScmUtils (ScmUtils.java:logWarn(179)) - ConfigKey ozone.scm.client.address is deprecated, For configuring different ports for each SCM use PortConfigKey ozone.scm.client.port appended with serviceId and nodeId. If want to configure same port configure ozone.scm.client.port
2021-06-02 03:39:33,827 [Listener at 0.0.0.0/13411] WARN  scm.ScmUtils (ScmUtils.java:logWarn(179)) - ConfigKey ozone.scm.datanode.address is deprecated, For configuring different ports for each SCM use PortConfigKey ozone.scm.datanode.port appended with serviceId and nodeId. If want to configure same port configure ozone.scm.datanode.port
2021-06-02 03:39:33,829 [Listener at 0.0.0.0/13411] WARN  server.ServerUtils (ServerUtils.java:getScmDbDir(148)) - ozone.scm.db.dirs is not configured. We recommend adding this setting. Falling back to ozone.metadata.dirs instead.
2021-06-02 03:39:33,829 [Listener at 0.0.0.0/13411] WARN  utils.HAUtils (HAUtils.java:getMetaDir(342)) - ozone.scm.db.dirs is not configured. We recommend adding this setting. Falling back to ozone.metadata.dirs instead.
2021-06-02 03:39:33,830 [Listener at 0.0.0.0/13411] WARN  db.DBStoreBuilder (DBStoreBuilder.java:applyDBDefinition(145)) - ozone.scm.db.dirs is not configured. We recommend adding this setting. Falling back to ozone.metadata.dirs instead.
2021-06-02 03:39:33,908 [Listener at 0.0.0.0/13411] INFO  net.NodeSchemaLoader (NodeSchemaLoader.java:loadSchemaFromFile(129)) - Loading schema from [jar:file:/home/runner/.m2/repository/org/apache/ozone/hdds-common/1.2.0-SNAPSHOT/hdds-common-1.2.0-SNAPSHOT.jar!/network-topology-default.xml]
2021-06-02 03:39:33,909 [Listener at 0.0.0.0/13411] INFO  net.NodeSchemaLoader (NodeSchemaLoader.java:loadSchema(176)) - Loading network topology layer schema file
2021-06-02 03:39:33,911 [Listener at 0.0.0.0/13411] INFO  ha.SCMRatisServerImpl (SCMRatisServerImpl.java:<init>(86)) - starting Raft server for scm:10bbb4cb-6b93-455d-8d5f-be65318fd4b2
2021-06-02 03:39:33,913 [Listener at 0.0.0.0/13411] INFO  server.RaftServer (ConfUtils.java:logGet(44)) - raft.rpc.type = GRPC (default)
2021-06-02 03:39:33,913 [Listener at 0.0.0.0/13411] INFO  grpc.GrpcFactory (GrpcFactory.java:checkPooledByteBufAllocatorUseCacheForAllThreads(48)) - PERFORMANCE WARNING: useCacheForAllThreads is true that may cause Netty to create a lot garbage objects and, as a result, trigger GC.
	It is recommended to disable useCacheForAllThreads by setting -Dorg.apache.ratis.thirdparty.io.netty.allocator.useCacheForAllThreads=false in command line.
2021-06-02 03:39:33,913 [Listener at 0.0.0.0/13411] INFO  grpc.GrpcConfigKeys (ConfUtils.java:logGet(44)) - raft.grpc.admin.port = -1 (default)
2021-06-02 03:39:33,913 [Listener at 0.0.0.0/13411] INFO  grpc.GrpcConfigKeys (ConfUtils.java:logGet(44)) - raft.grpc.server.port = 13418 (custom)
2021-06-02 03:39:33,914 [Listener at 0.0.0.0/13411] INFO  grpc.GrpcConfigKeys (ConfUtils.java:logGet(44)) - raft.grpc.client.port = -1 (default)
2021-06-02 03:39:33,914 [Listener at 0.0.0.0/13411] INFO  grpc.GrpcConfigKeys (ConfUtils.java:logGet(44)) - raft.grpc.server.port = 13418 (custom)
2021-06-02 03:39:33,914 [Listener at 0.0.0.0/13411] INFO  grpc.GrpcConfigKeys (ConfUtils.java:logGet(44)) - raft.grpc.server.port = 13418 (custom)
2021-06-02 03:39:33,914 [Listener at 0.0.0.0/13411] INFO  server.GrpcService (ConfUtils.java:logGet(44)) - raft.grpc.message.size.max = 32m (=33554432) (custom)
2021-06-02 03:39:33,914 [Listener at 0.0.0.0/13411] INFO  server.RaftServerConfigKeys (ConfUtils.java:logGet(44)) - raft.server.log.appender.buffer.byte-limit = 33554432 (custom)
2021-06-02 03:39:33,915 [Listener at 0.0.0.0/13411] INFO  server.GrpcService (ConfUtils.java:logGet(44)) - raft.grpc.flow.control.window = 1MB (=1048576) (default)
2021-06-02 03:39:33,915 [Listener at 0.0.0.0/13411] INFO  server.RaftServerConfigKeys (ConfUtils.java:logGet(44)) - raft.server.rpc.request.timeout = 3000ms (default)
2021-06-02 03:39:33,916 [Listener at 0.0.0.0/13411] INFO  impl.DataStreamServerImpl (ConfUtils.java:logGet(44)) - raft.datastream.type = DISABLED (default)
2021-06-02 03:39:33,916 [Listener at 0.0.0.0/13411] INFO  server.RaftServerConfigKeys (ConfUtils.java:logGet(44)) - raft.server.rpc.slowness.timeout = 120000ms (custom)
2021-06-02 03:39:33,917 [Listener at 0.0.0.0/13411] INFO  server.RaftServerConfigKeys (ConfUtils.java:logGet(44)) - raft.server.leaderelection.leader.step-down.wait-time = 10s (default)
2021-06-02 03:39:33,917 [Listener at 0.0.0.0/13411] INFO  server.RaftServerConfigKeys (ConfUtils.java:logGet(44)) - raft.server.storage.dir = [/home/runner/work/ozone/ozone/mnt/ozone/hadoop-ozone/integration-test/target/test-dir/MiniOzoneClusterImpl-c53ac106-a4c8-4947-8709-17152e3f0f0c/scmNode-2/scm-ha] (custom)
2021-06-02 03:39:33,919 [Listener at 0.0.0.0/13411] INFO  server.RaftServer (RaftServerProxy.java:addNew(95)) - 10bbb4cb-6b93-455d-8d5f-be65318fd4b2: addNew group-17152E3F0F0C:[] returns group-17152E3F0F0C:java.util.concurrent.CompletableFuture@55cb3b7[Not completed]
2021-06-02 03:39:33,919 [pool-36-thread-1] INFO  server.RaftServer$Division (RaftServerImpl.java:<init>(180)) - 10bbb4cb-6b93-455d-8d5f-be65318fd4b2: new RaftServerImpl for group-17152E3F0F0C:[] with SCMStateMachine:uninitialized
2021-06-02 03:39:33,923 [pool-36-thread-1] INFO  server.RaftServerConfigKeys (ConfUtils.java:logGet(44)) - raft.server.rpc.timeout.min = 5000ms (custom)
2021-06-02 03:39:33,923 [pool-36-thread-1] INFO  server.RaftServerConfigKeys (ConfUtils.java:logGet(44)) - raft.server.rpc.timeout.max = 5200ms (custom)
2021-06-02 03:39:33,923 [pool-36-thread-1] INFO  server.RaftServerConfigKeys (ConfUtils.java:logGet(44)) - raft.server.rpc.sleep.time = 25ms (default)
2021-06-02 03:39:33,923 [pool-36-thread-1] INFO  server.RaftServerConfigKeys (ConfUtils.java:logGet(44)) - raft.server.rpc.slowness.timeout = 120000ms (custom)
2021-06-02 03:39:33,923 [pool-36-thread-1] INFO  server.RaftServerConfigKeys (ConfUtils.java:logGet(44)) - raft.server.leaderelection.leader.step-down.wait-time = 10s (default)
2021-06-02 03:39:33,923 [pool-36-thread-1] INFO  server.RaftServerConfigKeys (ConfUtils.java:logGet(44)) - raft.server.sleep.deviation.threshold = 300ms (default)
2021-06-02 03:39:33,924 [pool-36-thread-1] INFO  server.RaftServerConfigKeys (ConfUtils.java:logGet(44)) - raft.server.log.appender.install.snapshot.enabled = false (custom)
2021-06-02 03:39:33,924 [pool-36-thread-1] INFO  server.RaftServer$Division (ServerState.java:<init>(105)) - 10bbb4cb-6b93-455d-8d5f-be65318fd4b2@group-17152E3F0F0C: ConfigurationManager, init=-1: [], old=null, confs=<EMPTY_MAP>
2021-06-02 03:39:33,924 [pool-36-thread-1] INFO  server.RaftServerConfigKeys (ConfUtils.java:logGet(44)) - raft.server.storage.dir = [/home/runner/work/ozone/ozone/mnt/ozone/hadoop-ozone/integration-test/target/test-dir/MiniOzoneClusterImpl-c53ac106-a4c8-4947-8709-17152e3f0f0c/scmNode-2/scm-ha] (custom)
2021-06-02 03:39:33,924 [pool-36-thread-1] INFO  server.RaftServerConfigKeys (ConfUtils.java:logGet(44)) - raft.server.log.corruption.policy = EXCEPTION (default)
2021-06-02 03:39:33,924 [pool-36-thread-1] INFO  storage.RaftStorageDirectory (RaftStorageDirectoryImpl.java:analyzeStorage(132)) - The storage directory /home/runner/work/ozone/ozone/mnt/ozone/hadoop-ozone/integration-test/target/test-dir/MiniOzoneClusterImpl-c53ac106-a4c8-4947-8709-17152e3f0f0c/scmNode-2/scm-ha/c53ac106-a4c8-4947-8709-17152e3f0f0c does not exist. Creating ...
2021-06-02 03:39:33,929 [pool-36-thread-1] INFO  storage.RaftStorageDirectory (RaftStorageDirectoryImpl.java:tryLock(215)) - Lock on /home/runner/work/ozone/ozone/mnt/ozone/hadoop-ozone/integration-test/target/test-dir/MiniOzoneClusterImpl-c53ac106-a4c8-4947-8709-17152e3f0f0c/scmNode-2/scm-ha/c53ac106-a4c8-4947-8709-17152e3f0f0c/in_use.lock acquired by nodename 21483@fv-az122-562
2021-06-02 03:39:33,930 [pool-36-thread-1] INFO  storage.RaftStorage (RaftStorageImpl.java:format(87)) - Storage directory /home/runner/work/ozone/ozone/mnt/ozone/hadoop-ozone/integration-test/target/test-dir/MiniOzoneClusterImpl-c53ac106-a4c8-4947-8709-17152e3f0f0c/scmNode-2/scm-ha/c53ac106-a4c8-4947-8709-17152e3f0f0c has been successfully formatted.
2021-06-02 03:39:33,931 [pool-36-thread-1] INFO  server.RaftServerConfigKeys (ConfUtils.java:logGet(44)) - raft.server.notification.no-leader.timeout = 60s (default)
2021-06-02 03:39:33,931 [pool-36-thread-1] INFO  server.RaftServerConfigKeys (ConfUtils.java:logGet(44)) - raft.server.log.use.memory = false (default)
2021-06-02 03:39:33,931 [pool-36-thread-1] INFO  server.RaftServerConfigKeys (ConfUtils.java:logGet(44)) - raft.server.log.purge.gap = 1000000 (custom)
2021-06-02 03:39:33,931 [pool-36-thread-1] INFO  server.RaftServerConfigKeys (ConfUtils.java:logGet(44)) - raft.server.log.appender.buffer.byte-limit = 33554432 (custom)
2021-06-02 03:39:33,931 [pool-36-thread-1] INFO  metrics.RatisMetrics (RatisMetrics.java:lambda$create$0(36)) - Creating Metrics Registry : ratis.log_worker.10bbb4cb-6b93-455d-8d5f-be65318fd4b2@group-17152E3F0F0C
2021-06-02 03:39:33,931 [pool-36-thread-1] WARN  impl.MetricRegistriesImpl (MetricRegistriesImpl.java:lambda$create$1(65)) - First MetricRegistry has been created without registering reporters. You may need to call MetricRegistries.global().addReporterRegistration(...) before.
2021-06-02 03:39:33,931 [pool-36-thread-1] INFO  server.RaftServerConfigKeys (ConfUtils.java:logGet(44)) - raft.server.log.segment.size.max = 16384 (custom)
2021-06-02 03:39:33,931 [pool-36-thread-1] INFO  server.RaftServerConfigKeys (ConfUtils.java:logGet(44)) - raft.server.log.segment.cache.num.max = 2 (custom)
2021-06-02 03:39:33,931 [pool-36-thread-1] INFO  server.RaftServerConfigKeys (ConfUtils.java:logGet(44)) - raft.server.log.segment.cache.size.max = 200MB (=209715200) (default)
2021-06-02 03:39:33,931 [pool-36-thread-1] INFO  segmented.SegmentedRaftLogWorker (SegmentedRaftLogWorker.java:<init>(182)) - new 10bbb4cb-6b93-455d-8d5f-be65318fd4b2@group-17152E3F0F0C-SegmentedRaftLogWorker for RaftStorageImpl:Storage Directory /home/runner/work/ozone/ozone/mnt/ozone/hadoop-ozone/integration-test/target/test-dir/MiniOzoneClusterImpl-c53ac106-a4c8-4947-8709-17152e3f0f0c/scmNode-2/scm-ha/c53ac106-a4c8-4947-8709-17152e3f0f0c
2021-06-02 03:39:33,931 [pool-36-thread-1] INFO  server.RaftServerConfigKeys (ConfUtils.java:logGet(44)) - raft.server.log.queue.byte-limit = 64MB (=67108864) (default)
2021-06-02 03:39:33,932 [pool-36-thread-1] INFO  server.RaftServerConfigKeys (ConfUtils.java:logGet(44)) - raft.server.log.queue.element-limit = 4096 (default)
2021-06-02 03:39:33,932 [pool-36-thread-1] INFO  server.RaftServerConfigKeys (ConfUtils.java:logGet(44)) - raft.server.log.segment.size.max = 16384 (custom)
2021-06-02 03:39:33,932 [pool-36-thread-1] INFO  server.RaftServerConfigKeys (ConfUtils.java:logGet(44)) - raft.server.log.preallocated.size = 16384 (custom)
2021-06-02 03:39:33,932 [pool-36-thread-1] INFO  server.RaftServerConfigKeys (ConfUtils.java:logGet(44)) - raft.server.log.force.sync.num = 128 (default)
2021-06-02 03:39:33,932 [pool-36-thread-1] INFO  server.RaftServerConfigKeys (ConfUtils.java:logGet(44)) - raft.server.log.statemachine.data.sync = true (default)
2021-06-02 03:39:33,932 [pool-36-thread-1] INFO  server.RaftServerConfigKeys (ConfUtils.java:logGet(44)) - raft.server.log.statemachine.data.sync.timeout = 10s (default)
2021-06-02 03:39:33,932 [pool-36-thread-1] INFO  server.RaftServerConfigKeys (ConfUtils.java:logGet(44)) - raft.server.log.statemachine.data.sync.timeout.retry = -1 (default)
2021-06-02 03:39:33,932 [pool-36-thread-1] INFO  server.RaftServerConfigKeys (ConfUtils.java:logGet(44)) - raft.server.log.write.buffer.size = 64KB (=65536) (default)
2021-06-02 03:39:33,932 [pool-36-thread-1] INFO  server.RaftServerConfigKeys (ConfUtils.java:logGet(44)) - raft.server.log.statemachine.data.caching.enabled = false (default)
2021-06-02 03:39:33,933 [pool-36-thread-1] INFO  segmented.SegmentedRaftLogWorker (SegmentedRaftLogWorker.java:lambda$new$0(133)) - 10bbb4cb-6b93-455d-8d5f-be65318fd4b2@group-17152E3F0F0C-SegmentedRaftLogWorker: flushIndex: setUnconditionally 0 -> -1
2021-06-02 03:39:33,933 [pool-36-thread-1] INFO  segmented.SegmentedRaftLogWorker (SegmentedRaftLogWorker.java:lambda$new$0(133)) - 10bbb4cb-6b93-455d-8d5f-be65318fd4b2@group-17152E3F0F0C-SegmentedRaftLogWorker: safeCacheEvictIndex: setUnconditionally 0 -> -1
2021-06-02 03:39:33,933 [pool-36-thread-1] INFO  server.RaftServerConfigKeys (ConfUtils.java:logGet(44)) - raft.server.snapshot.auto.trigger.enabled = true (custom)
2021-06-02 03:39:33,933 [pool-36-thread-1] INFO  server.RaftServerConfigKeys (ConfUtils.java:logGet(44)) - raft.server.snapshot.auto.trigger.threshold = 5 (custom)
2021-06-02 03:39:33,933 [pool-36-thread-1] INFO  server.RaftServerConfigKeys (ConfUtils.java:logGet(44)) - raft.server.snapshot.retention.file.num = -1 (default)
2021-06-02 03:39:33,933 [pool-36-thread-1] INFO  server.RaftServerConfigKeys (ConfUtils.java:logGet(44)) - raft.server.log.purge.upto.snapshot.index = false (default)
2021-06-02 03:39:33,933 [pool-36-thread-1] INFO  server.RaftServerConfigKeys (ConfUtils.java:logGet(44)) - raft.server.retrycache.expirytime = 60000ms (default)
2021-06-02 03:39:33,933 [pool-36-thread-1] INFO  server.RaftServerConfigKeys (ConfUtils.java:logGet(44)) - raft.server.retrycache.statistics.expirytime = 100μs (default)
2021-06-02 03:39:33,933 [pool-36-thread-1] INFO  metrics.RatisMetrics (RatisMetrics.java:lambda$create$0(36)) - Creating Metrics Registry : ratis.leader_election.10bbb4cb-6b93-455d-8d5f-be65318fd4b2@group-17152E3F0F0C
2021-06-02 03:39:33,933 [pool-36-thread-1] WARN  impl.MetricRegistriesImpl (MetricRegistriesImpl.java:lambda$create$1(65)) - First MetricRegistry has been created without registering reporters. You may need to call MetricRegistries.global().addReporterRegistration(...) before.
2021-06-02 03:39:33,934 [pool-36-thread-1] INFO  metrics.RatisMetrics (RatisMetrics.java:lambda$create$0(36)) - Creating Metrics Registry : ratis.server.10bbb4cb-6b93-455d-8d5f-be65318fd4b2@group-17152E3F0F0C
2021-06-02 03:39:33,934 [pool-36-thread-1] WARN  impl.MetricRegistriesImpl (MetricRegistriesImpl.java:lambda$create$1(65)) - First MetricRegistry has been created without registering reporters. You may need to call MetricRegistries.global().addReporterRegistration(...) before.
2021-06-02 03:39:33,934 [Listener at 0.0.0.0/13411] INFO  ha.SCMSnapshotProvider (SCMSnapshotProvider.java:<init>(66)) - Initializing SCM Snapshot Provider
2021-06-02 03:39:33,934 [Listener at 0.0.0.0/13411] WARN  server.ServerUtils (ServerUtils.java:getDefaultRatisDirectory(237)) - Storage directory for Ratis is not configured. It is a good idea to map this to an SSD disk. Falling back to ozone.metadata.dirs
2021-06-02 03:39:33,935 [Listener at 0.0.0.0/13411] WARN  ha.SCMHAUtils (SCMHAUtils.java:getSCMRatisSnapshotDirectory(142)) - SCM snapshot dir is not configured. Falling back to ozone.metadata.dirs config
2021-06-02 03:39:33,936 [Listener at 0.0.0.0/13411] INFO  ha.SequenceIdGenerator (SequenceIdGenerator.java:upgradeToSequenceId(300)) - upgrade localId to 107544261427200000
2021-06-02 03:39:33,936 [Listener at 0.0.0.0/13411] INFO  ha.SequenceIdGenerator (SequenceIdGenerator.java:upgradeToSequenceId(310)) - upgrade delTxnId to 0
2021-06-02 03:39:33,936 [Listener at 0.0.0.0/13411] INFO  ha.SequenceIdGenerator (SequenceIdGenerator.java:upgradeToSequenceId(324)) - upgrade containerId to 0
2021-06-02 03:39:33,936 [Listener at 0.0.0.0/13411] INFO  ha.SequenceIdGenerator (SequenceIdGenerator.java:<init>(196)) - Init the HA SequenceIdGenerator.
2021-06-02 03:39:33,937 [Listener at 0.0.0.0/13411] WARN  server.ServerUtils (ServerUtils.java:sanitizeUserArgs(73)) - ozone.scm.stale.node.interval value = 300000 is larger than max = 100000 based on the key value of ozone.scm.heartbeat.thread.interval, reset to the max value 100000.
2021-06-02 03:39:33,937 [Listener at 0.0.0.0/13411] WARN  server.ServerUtils (ServerUtils.java:sanitizeUserArgs(73)) - ozone.scm.stale.node.interval value = 300000 is larger than max = 100000 based on the key value of ozone.scm.heartbeat.thread.interval, reset to the max value 100000.
2021-06-02 03:39:33,937 [Listener at 0.0.0.0/13411] INFO  node.SCMNodeManager (SCMNodeManager.java:<init>(125)) - Entering startup safe mode.
2021-06-02 03:39:33,939 [Listener at 0.0.0.0/13411] INFO  algorithms.ContainerPlacementPolicyFactory (ContainerPlacementPolicyFactory.java:getPolicy(60)) - Create container placement policy of type org.apache.hadoop.hdds.scm.container.placement.algorithms.SCMContainerPlacementRandom
2021-06-02 03:39:33,939 [Listener at 0.0.0.0/13411] INFO  pipeline.PipelineStateManager (PipelineStateManagerV2Impl.java:initialize(78)) - No pipeline exists in current db
2021-06-02 03:39:33,939 [Listener at 0.0.0.0/13411] INFO  algorithms.LeaderChoosePolicyFactory (LeaderChoosePolicyFactory.java:getPolicy(57)) - Create leader choose policy of type org.apache.hadoop.hdds.scm.pipeline.leader.choose.algorithms.MinLeaderCountChoosePolicy
2021-06-02 03:39:33,939 [Listener at 0.0.0.0/13411] INFO  ha.SCMServiceManager (SCMServiceManager.java:register(43)) - Registering service BackgroundPipelineCreator.
2021-06-02 03:39:33,940 [Listener at 0.0.0.0/13411] INFO  pipeline.BackgroundPipelineCreator (BackgroundPipelineCreatorV2.java:start(130)) - Starting RatisPipelineUtilsThread.
2021-06-02 03:39:33,941 [Listener at 0.0.0.0/13411] INFO  algorithms.PipelineChoosePolicyFactory (PipelineChoosePolicyFactory.java:createPipelineChoosePolicyFromClass(73)) - Create pipeline choose policy of type org.apache.hadoop.hdds.scm.pipeline.choose.algorithms.RandomPipelineChoosePolicy
2021-06-02 03:39:33,942 [Listener at 0.0.0.0/13411] INFO  ha.SCMServiceManager (SCMServiceManager.java:register(43)) - Registering service SCMBlockDeletingService.
2021-06-02 03:39:33,943 [Listener at 0.0.0.0/13411] INFO  ha.SCMServiceManager (SCMServiceManager.java:register(43)) - Registering service ReplicationManager.
2021-06-02 03:39:33,943 [Listener at 0.0.0.0/13411] INFO  container.ReplicationManager (ReplicationManager.java:start(227)) - Starting Replication Monitor Thread.
2021-06-02 03:39:33,944 [Listener at 0.0.0.0/13411] INFO  safemode.HealthyPipelineSafeModeRule (HealthyPipelineSafeModeRule.java:<init>(90)) - Total pipeline count is 0, healthy pipeline threshold count is 0
2021-06-02 03:39:33,945 [Listener at 0.0.0.0/13411] INFO  safemode.OneReplicaPipelineSafeModeRule (OneReplicaPipelineSafeModeRule.java:<init>(86)) - Total pipeline count is 0, pipeline's with at least one datanode reported threshold count is 0
2021-06-02 03:39:33,946 [Listener at 0.0.0.0/13411] INFO  ipc.CallQueueManager (CallQueueManager.java:<init>(85)) - Using callQueue: class java.util.concurrent.LinkedBlockingQueue, queueCapacity: 2000, scheduler: class org.apache.hadoop.ipc.DefaultRpcScheduler, ipcBackoff: false.
2021-06-02 03:39:33,947 [ReplicationMonitor] INFO  container.ReplicationManager (ReplicationManager.java:run(291)) - Replication Monitor Thread took 0 milliseconds for processing 0 containers.
2021-06-02 03:39:33,947 [Socket Reader #1 for port 13419] INFO  ipc.Server (Server.java:run(1255)) - Starting Socket Reader #1 for port 13419
2021-06-02 03:39:33,952 [Listener at 0.0.0.0/13419] INFO  ipc.CallQueueManager (CallQueueManager.java:<init>(85)) - Using callQueue: class java.util.concurrent.LinkedBlockingQueue, queueCapacity: 2000, scheduler: class org.apache.hadoop.ipc.DefaultRpcScheduler, ipcBackoff: false.
2021-06-02 03:39:33,955 [Socket Reader #1 for port 13420] INFO  ipc.Server (Server.java:run(1255)) - Starting Socket Reader #1 for port 13420
2021-06-02 03:39:33,961 [Listener at 0.0.0.0/13420] INFO  ipc.CallQueueManager (CallQueueManager.java:<init>(85)) - Using callQueue: class java.util.concurrent.LinkedBlockingQueue, queueCapacity: 2000, scheduler: class org.apache.hadoop.ipc.DefaultRpcScheduler, ipcBackoff: false.
2021-06-02 03:39:33,962 [Socket Reader #1 for port 13421] INFO  ipc.Server (Server.java:run(1255)) - Starting Socket Reader #1 for port 13421
2021-06-02 03:39:33,966 [Listener at 0.0.0.0/13421] INFO  server.StorageContainerManager (StorageContainerManager.java:<init>(418)) - 
Container Balancer status:
Key                            Value
Running                        true
Container Balancer Configuration values:
Key                            Value
Threshold                      0.1
Max Datanodes to Balance       5
Max Size to Move               10737418240B

2021-06-02 03:39:33,966 [Listener at 0.0.0.0/13421] WARN  events.EventQueue (EventQueue.java:fireEvent(185)) - No event handler registered for event TypedEvent{payloadType=SafeModeStatus, name='Safe mode status'}
2021-06-02 03:39:33,967 [Listener at 0.0.0.0/13421] INFO  ha.SCMContext (SCMContext.java:updateSafeModeStatus(148)) - Update SafeModeStatus from SafeModeStatus{safeModeStatus=true, preCheckPassed=false} to SafeModeStatus{safeModeStatus=true, preCheckPassed=false}.
2021-06-02 03:39:33,967 [Listener at 0.0.0.0/13421] INFO  server.StorageContainerManager (StorageContainerManager.java:start(1201)) - StorageContainerLocationProtocol RPC server is listening at /0.0.0.0:13421
2021-06-02 03:39:33,967 [Listener at 0.0.0.0/13421] INFO  ha.SCMRatisServerImpl (SCMRatisServerImpl.java:start(171)) - starting ratis server 0.0.0.0:13418
2021-06-02 03:39:33,968 [Listener at 0.0.0.0/13421] INFO  server.RaftServer$Division (RaftServerImpl.java:start(298)) - 10bbb4cb-6b93-455d-8d5f-be65318fd4b2@group-17152E3F0F0C: start with initializing state, conf=-1: [], old=null
2021-06-02 03:39:33,968 [Listener at 0.0.0.0/13421] INFO  server.RaftServer$Division (RaftServerImpl.java:setRole(284)) - 10bbb4cb-6b93-455d-8d5f-be65318fd4b2@group-17152E3F0F0C: changes role from      null to FOLLOWER at term 0 for startInitializing
2021-06-02 03:39:33,968 [Listener at 0.0.0.0/13421] INFO  util.JmxRegister (JmxRegister.java:tryRegister(44)) - Successfully registered JMX Bean with object name Ratis:service=RaftServer,group=group-17152E3F0F0C,id=10bbb4cb-6b93-455d-8d5f-be65318fd4b2
2021-06-02 03:39:33,968 [Listener at 0.0.0.0/13421] INFO  metrics.RatisMetrics (RatisMetrics.java:lambda$create$0(36)) - Creating Metrics Registry : ratis.state_machine.10bbb4cb-6b93-455d-8d5f-be65318fd4b2@group-17152E3F0F0C
2021-06-02 03:39:33,968 [Listener at 0.0.0.0/13421] WARN  impl.MetricRegistriesImpl (MetricRegistriesImpl.java:lambda$create$1(65)) - First MetricRegistry has been created without registering reporters. You may need to call MetricRegistries.global().addReporterRegistration(...) before.
2021-06-02 03:39:33,971 [Listener at 0.0.0.0/13421] INFO  server.RaftServer (RaftServerProxy.java:lambda$start$5(374)) - 10bbb4cb-6b93-455d-8d5f-be65318fd4b2: start RPC server
2021-06-02 03:39:33,974 [Listener at 0.0.0.0/13421] INFO  server.GrpcService (GrpcService.java:startImpl(253)) - 10bbb4cb-6b93-455d-8d5f-be65318fd4b2: GrpcService started, listening on 13418
2021-06-02 03:39:33,979 [org.apache.ratis.util.JvmPauseMonitor$$Lambda$491/1164289802@2e1e7bc6] INFO  util.JvmPauseMonitor (JvmPauseMonitor.java:run(103)) - JvmPauseMonitor-10bbb4cb-6b93-455d-8d5f-be65318fd4b2: Started
2021-06-02 03:39:33,981 [Listener at 0.0.0.0/13421] INFO  ha.SCMNodeInfo (SCMNodeInfo.java:getPort(197)) - ConfigKey ozone.scm.client.address is deprecated, For configuring different ports for each SCM use PortConfigKey ozone.scm.client.port appended with serviceId and nodeId
2021-06-02 03:39:33,981 [Listener at 0.0.0.0/13421] INFO  ha.SCMNodeInfo (SCMNodeInfo.java:getPort(197)) - ConfigKey ozone.scm.block.client.address is deprecated, For configuring different ports for each SCM use PortConfigKey ozone.scm.block.client.port appended with serviceId and nodeId
2021-06-02 03:39:33,981 [Listener at 0.0.0.0/13421] INFO  ha.SCMNodeInfo (SCMNodeInfo.java:getPort(197)) - ConfigKey ozone.scm.datanode.address is deprecated, For configuring different ports for each SCM use PortConfigKey ozone.scm.datanode.port appended with serviceId and nodeId
2021-06-02 03:39:33,982 [Listener at 0.0.0.0/13421] INFO  ha.SCMNodeInfo (SCMNodeInfo.java:getPort(197)) - ConfigKey ozone.scm.client.address is deprecated, For configuring different ports for each SCM use PortConfigKey ozone.scm.client.port appended with serviceId and nodeId
2021-06-02 03:39:33,982 [Listener at 0.0.0.0/13421] INFO  ha.SCMNodeInfo (SCMNodeInfo.java:getPort(197)) - ConfigKey ozone.scm.block.client.address is deprecated, For configuring different ports for each SCM use PortConfigKey ozone.scm.block.client.port appended with serviceId and nodeId
2021-06-02 03:39:33,982 [Listener at 0.0.0.0/13421] INFO  ha.SCMNodeInfo (SCMNodeInfo.java:getPort(197)) - ConfigKey ozone.scm.datanode.address is deprecated, For configuring different ports for each SCM use PortConfigKey ozone.scm.datanode.port appended with serviceId and nodeId
2021-06-02 03:39:33,982 [Listener at 0.0.0.0/13421] INFO  ha.SCMNodeInfo (SCMNodeInfo.java:getPort(197)) - ConfigKey ozone.scm.client.address is deprecated, For configuring different ports for each SCM use PortConfigKey ozone.scm.client.port appended with serviceId and nodeId
2021-06-02 03:39:33,982 [Listener at 0.0.0.0/13421] INFO  ha.SCMNodeInfo (SCMNodeInfo.java:getPort(197)) - ConfigKey ozone.scm.block.client.address is deprecated, For configuring different ports for each SCM use PortConfigKey ozone.scm.block.client.port appended with serviceId and nodeId
2021-06-02 03:39:33,982 [Listener at 0.0.0.0/13421] INFO  ha.SCMNodeInfo (SCMNodeInfo.java:getPort(197)) - ConfigKey ozone.scm.datanode.address is deprecated, For configuring different ports for each SCM use PortConfigKey ozone.scm.datanode.port appended with serviceId and nodeId
2021-06-02 03:39:33,988 [IPC Server handler 2 on default port 13410] INFO  ha.SCMRatisServerImpl (SCMRatisServerImpl.java:addSCM(282)) - c464142a-7b71-4845-800f-f5b0129c6cb8: Submitting SetConfiguration request to Ratis server with new SCM peers list: [c464142a-7b71-4845-800f-f5b0129c6cb8|rpc:localhost:13408|admin:|client:|dataStream:|priority:0, 10bbb4cb-6b93-455d-8d5f-be65318fd4b2|rpc:localhost:13418|priority:0]
2021-06-02 03:39:34,000 [IPC Server handler 2 on default port 13410] INFO  server.RaftServer$Division (RaftServerImpl.java:setConfigurationAsync(970)) - c464142a-7b71-4845-800f-f5b0129c6cb8@group-17152E3F0F0C: receive setConfiguration SetConfigurationRequest:client-8DF92F52D675->c464142a-7b71-4845-800f-f5b0129c6cb8@group-17152E3F0F0C, cid=0, seq=0, RW, null, peers:[c464142a-7b71-4845-800f-f5b0129c6cb8|rpc:localhost:13408|admin:|client:|dataStream:|priority:0, 10bbb4cb-6b93-455d-8d5f-be65318fd4b2|rpc:localhost:13418|priority:0]
2021-06-02 03:39:34,001 [IPC Server handler 2 on default port 13410] INFO  server.RaftServer$Division (LeaderStateImpl.java:startSetConfiguration(345)) - c464142a-7b71-4845-800f-f5b0129c6cb8@group-17152E3F0F0C-LeaderStateImpl: startSetConfiguration SetConfigurationRequest:client-8DF92F52D675->c464142a-7b71-4845-800f-f5b0129c6cb8@group-17152E3F0F0C, cid=0, seq=0, RW, null, peers:[c464142a-7b71-4845-800f-f5b0129c6cb8|rpc:localhost:13408|admin:|client:|dataStream:|priority:0, 10bbb4cb-6b93-455d-8d5f-be65318fd4b2|rpc:localhost:13418|priority:0]
2021-06-02 03:39:34,008 [IPC Server handler 2 on default port 13410] INFO  server.RaftServerConfigKeys (ConfUtils.java:logGet(44)) - raft.server.log.appender.snapshot.chunk.size.max = 16MB (=16777216) (default)
2021-06-02 03:39:34,009 [IPC Server handler 2 on default port 13410] INFO  server.RaftServerConfigKeys (ConfUtils.java:logGet(44)) - raft.server.log.appender.buffer.byte-limit = 33554432 (custom)
2021-06-02 03:39:34,018 [IPC Server handler 2 on default port 13410] INFO  server.RaftServerConfigKeys (ConfUtils.java:logGet(44)) - raft.server.log.appender.buffer.element-limit = 33554432 (custom)
2021-06-02 03:39:34,118 [IPC Server handler 2 on default port 13410] INFO  grpc.GrpcConfigKeys (ConfUtils.java:logGet(44)) - raft.grpc.server.leader.outstanding.appends.max = 128 (default)
2021-06-02 03:39:34,118 [IPC Server handler 2 on default port 13410] INFO  server.RaftServerConfigKeys (ConfUtils.java:logGet(44)) - raft.server.rpc.request.timeout = 3000ms (default)
2021-06-02 03:39:34,118 [IPC Server handler 2 on default port 13410] INFO  server.RaftServerConfigKeys (ConfUtils.java:logGet(44)) - raft.server.log.appender.install.snapshot.enabled = false (custom)
2021-06-02 03:39:34,119 [IPC Server handler 2 on default port 13410] INFO  metrics.RatisMetrics (RatisMetrics.java:lambda$create$0(36)) - Creating Metrics Registry : ratis_grpc.log_appender.c464142a-7b71-4845-800f-f5b0129c6cb8@group-17152E3F0F0C
2021-06-02 03:39:34,119 [IPC Server handler 2 on default port 13410] WARN  impl.MetricRegistriesImpl (MetricRegistriesImpl.java:lambda$create$1(65)) - First MetricRegistry has been created without registering reporters. You may need to call MetricRegistries.global().addReporterRegistration(...) before.
2021-06-02 03:39:34,427 [grpc-default-executor-0] INFO  metrics.RatisMetrics (RatisMetrics.java:lambda$create$0(36)) - Creating Metrics Registry : ratis.server_message_metrics.10bbb4cb-6b93-455d-8d5f-be65318fd4b2
2021-06-02 03:39:34,428 [grpc-default-executor-0] WARN  impl.MetricRegistriesImpl (MetricRegistriesImpl.java:lambda$create$1(65)) - First MetricRegistry has been created without registering reporters. You may need to call MetricRegistries.global().addReporterRegistration(...) before.
2021-06-02 03:39:34,440 [grpc-default-executor-0] INFO  ha.SCMStateMachine (SCMStateMachine.java:notifyLeaderChanged(233)) - leader changed, yet current SCM is still follower.
2021-06-02 03:39:34,440 [grpc-default-executor-0] INFO  server.RaftServer$Division (ServerState.java:setLeader(271)) - 10bbb4cb-6b93-455d-8d5f-be65318fd4b2@group-17152E3F0F0C: change Leader from null to c464142a-7b71-4845-800f-f5b0129c6cb8 at term 2 for appendEntries, leader elected after 509ms
2021-06-02 03:39:34,440 [grpc-default-executor-0] INFO  impl.RoleInfo (RoleInfo.java:updateAndGet(130)) - 10bbb4cb-6b93-455d-8d5f-be65318fd4b2: start 10bbb4cb-6b93-455d-8d5f-be65318fd4b2@group-17152E3F0F0C-FollowerState
2021-06-02 03:39:34,450 [grpc-default-executor-0] INFO  server.RaftServer$Division (ServerState.java:setRaftConf(373)) - 10bbb4cb-6b93-455d-8d5f-be65318fd4b2@group-17152E3F0F0C: set configuration 0: [c464142a-7b71-4845-800f-f5b0129c6cb8|rpc:localhost:13408|admin:|client:|dataStream:|priority:0], old=null
2021-06-02 03:39:34,451 [grpc-default-executor-0] INFO  server.RaftServer$Division (ServerState.java:setRaftConf(373)) - 10bbb4cb-6b93-455d-8d5f-be65318fd4b2@group-17152E3F0F0C: set configuration 1: [c464142a-7b71-4845-800f-f5b0129c6cb8|rpc:localhost:13408|admin:|client:|dataStream:|priority:0], old=null
2021-06-02 03:39:34,451 [grpc-default-executor-0] INFO  segmented.SegmentedRaftLogWorker (SegmentedRaftLogWorker.java:startLogSegment(394)) - 10bbb4cb-6b93-455d-8d5f-be65318fd4b2@group-17152E3F0F0C-SegmentedRaftLogWorker: Starting segment from index:0
2021-06-02 03:39:34,451 [grpc-default-executor-0] INFO  segmented.SegmentedRaftLogWorker (SegmentedRaftLogWorker.java:rollLogSegment(399)) - 10bbb4cb-6b93-455d-8d5f-be65318fd4b2@group-17152E3F0F0C-SegmentedRaftLogWorker: Rolling segment log-0_0 to index:0
2021-06-02 03:39:34,453 [10bbb4cb-6b93-455d-8d5f-be65318fd4b2@group-17152E3F0F0C-SegmentedRaftLogWorker] INFO  segmented.SegmentedRaftLogWorker (SegmentedRaftLogWorker.java:execute(601)) - 10bbb4cb-6b93-455d-8d5f-be65318fd4b2@group-17152E3F0F0C-SegmentedRaftLogWorker: created new log segment /home/runner/work/ozone/ozone/mnt/ozone/hadoop-ozone/integration-test/target/test-dir/MiniOzoneClusterImpl-c53ac106-a4c8-4947-8709-17152e3f0f0c/scmNode-2/scm-ha/c53ac106-a4c8-4947-8709-17152e3f0f0c/current/log_inprogress_0
2021-06-02 03:39:34,454 [10bbb4cb-6b93-455d-8d5f-be65318fd4b2@group-17152E3F0F0C-SegmentedRaftLogWorker] INFO  segmented.SegmentedRaftLogWorker (SegmentedRaftLogWorker.java:execute(558)) - 10bbb4cb-6b93-455d-8d5f-be65318fd4b2@group-17152E3F0F0C-SegmentedRaftLogWorker: Rolled log segment from /home/runner/work/ozone/ozone/mnt/ozone/hadoop-ozone/integration-test/target/test-dir/MiniOzoneClusterImpl-c53ac106-a4c8-4947-8709-17152e3f0f0c/scmNode-2/scm-ha/c53ac106-a4c8-4947-8709-17152e3f0f0c/current/log_inprogress_0 to /home/runner/work/ozone/ozone/mnt/ozone/hadoop-ozone/integration-test/target/test-dir/MiniOzoneClusterImpl-c53ac106-a4c8-4947-8709-17152e3f0f0c/scmNode-2/scm-ha/c53ac106-a4c8-4947-8709-17152e3f0f0c/current/log_0-0
2021-06-02 03:39:34,455 [10bbb4cb-6b93-455d-8d5f-be65318fd4b2@group-17152E3F0F0C-SegmentedRaftLogWorker] INFO  segmented.SegmentedRaftLogWorker (SegmentedRaftLogWorker.java:execute(601)) - 10bbb4cb-6b93-455d-8d5f-be65318fd4b2@group-17152E3F0F0C-SegmentedRaftLogWorker: created new log segment /home/runner/work/ozone/ozone/mnt/ozone/hadoop-ozone/integration-test/target/test-dir/MiniOzoneClusterImpl-c53ac106-a4c8-4947-8709-17152e3f0f0c/scmNode-2/scm-ha/c53ac106-a4c8-4947-8709-17152e3f0f0c/current/log_inprogress_1
2021-06-02 03:39:34,479 [c464142a-7b71-4845-800f-f5b0129c6cb8@group-17152E3F0F0C-LeaderStateImpl] INFO  server.RaftServer$Division (ServerState.java:setRaftConf(373)) - c464142a-7b71-4845-800f-f5b0129c6cb8@group-17152E3F0F0C: set configuration 3: [c464142a-7b71-4845-800f-f5b0129c6cb8|rpc:localhost:13408|admin:|client:|dataStream:|priority:0, 10bbb4cb-6b93-455d-8d5f-be65318fd4b2|rpc:localhost:13418|priority:0], old=[c464142a-7b71-4845-800f-f5b0129c6cb8|rpc:localhost:13408|admin:|client:|dataStream:|priority:0]
2021-06-02 03:39:34,487 [grpc-default-executor-0] INFO  server.RaftServer$Division (ServerState.java:setRaftConf(373)) - 10bbb4cb-6b93-455d-8d5f-be65318fd4b2@group-17152E3F0F0C: set configuration 3: [c464142a-7b71-4845-800f-f5b0129c6cb8|rpc:localhost:13408|admin:|client:|dataStream:|priority:0, 10bbb4cb-6b93-455d-8d5f-be65318fd4b2|rpc:localhost:13418|admin:|client:|dataStream:|priority:0], old=[c464142a-7b71-4845-800f-f5b0129c6cb8|rpc:localhost:13408|admin:|client:|dataStream:|priority:0]
2021-06-02 03:39:34,497 [c464142a-7b71-4845-800f-f5b0129c6cb8@group-17152E3F0F0C-LeaderStateImpl] INFO  server.RaftServer$Division (ServerState.java:setRaftConf(373)) - c464142a-7b71-4845-800f-f5b0129c6cb8@group-17152E3F0F0C: set configuration 5: [c464142a-7b71-4845-800f-f5b0129c6cb8|rpc:localhost:13408|admin:|client:|dataStream:|priority:0, 10bbb4cb-6b93-455d-8d5f-be65318fd4b2|rpc:localhost:13418|priority:0], old=null
2021-06-02 03:39:34,505 [grpc-default-executor-0] INFO  server.RaftServer$Division (ServerState.java:setRaftConf(373)) - 10bbb4cb-6b93-455d-8d5f-be65318fd4b2@group-17152E3F0F0C: set configuration 5: [c464142a-7b71-4845-800f-f5b0129c6cb8|rpc:localhost:13408|admin:|client:|dataStream:|priority:0, 10bbb4cb-6b93-455d-8d5f-be65318fd4b2|rpc:localhost:13418|admin:|client:|dataStream:|priority:0], old=null
2021-06-02 03:39:34,513 [c464142a-7b71-4845-800f-f5b0129c6cb8@group-17152E3F0F0C-StateMachineUpdater] INFO  ha.SCMStateMachine (SCMStateMachine.java:takeSnapshot(282)) - Current Snapshot Index 4, takeSnapshot took 1 ms
2021-06-02 03:39:34,513 [c464142a-7b71-4845-800f-f5b0129c6cb8@group-17152E3F0F0C-StateMachineUpdater] INFO  impl.StateMachineUpdater (StateMachineUpdater.java:takeSnapshot(281)) - c464142a-7b71-4845-800f-f5b0129c6cb8@group-17152E3F0F0C-StateMachineUpdater: Took a snapshot at index 4
2021-06-02 03:39:34,513 [c464142a-7b71-4845-800f-f5b0129c6cb8@group-17152E3F0F0C-StateMachineUpdater] INFO  impl.StateMachineUpdater (StateMachineUpdater.java:lambda$new$0(89)) - c464142a-7b71-4845-800f-f5b0129c6cb8@group-17152E3F0F0C-StateMachineUpdater: snapshotIndex: updateIncreasingly -1 -> 4
2021-06-02 03:39:34,516 [IPC Server handler 2 on default port 13410] INFO  ha.SCMRatisServerImpl (SCMRatisServerImpl.java:addSCM(293)) - Successfully added new SCM: 10bbb4cb-6b93-455d-8d5f-be65318fd4b2.
2021-06-02 03:39:34,518 [Listener at 0.0.0.0/13421] INFO  ha.SCMHAManagerImpl (SCMHAManagerImpl.java:start(116)) - Successfully added SCM scmNode-2 to group group-17152E3F0F0C:[c464142a-7b71-4845-800f-f5b0129c6cb8|rpc:localhost:13408|admin:|client:|dataStream:|priority:0, 10bbb4cb-6b93-455d-8d5f-be65318fd4b2|rpc:localhost:13418|admin:|client:|dataStream:|priority:0]
2021-06-02 03:39:34,518 [Listener at 0.0.0.0/13421] INFO  ha.InterSCMGrpcService (InterSCMGrpcProtocolService.java:start(94)) - Starting SCM Grpc Service at port 13422
2021-06-02 03:39:34,529 [Listener at 0.0.0.0/13421] INFO  impl.MetricsSystemImpl (MetricsSystemImpl.java:init(158)) - StorageContainerManager metrics system started (again)
2021-06-02 03:39:34,532 [Listener at 0.0.0.0/13421] INFO  server.SCMClientProtocolServer (SCMClientProtocolServer.java:start(157)) - RPC server for Client  is listening at /0.0.0.0:13421
2021-06-02 03:39:34,532 [IPC Server Responder] INFO  ipc.Server (Server.java:run(1497)) - IPC Server Responder: starting
2021-06-02 03:39:34,533 [IPC Server listener on 13421] INFO  ipc.Server (Server.java:run(1334)) - IPC Server listener on 13421: starting
2021-06-02 03:39:34,534 [10bbb4cb-6b93-455d-8d5f-be65318fd4b2@group-17152E3F0F0C-StateMachineUpdater] INFO  ha.SCMStateMachine (SCMStateMachine.java:takeSnapshot(282)) - Current Snapshot Index 5, takeSnapshot took 0 ms
2021-06-02 03:39:34,534 [10bbb4cb-6b93-455d-8d5f-be65318fd4b2@group-17152E3F0F0C-StateMachineUpdater] INFO  impl.StateMachineUpdater (StateMachineUpdater.java:takeSnapshot(281)) - 10bbb4cb-6b93-455d-8d5f-be65318fd4b2@group-17152E3F0F0C-StateMachineUpdater: Took a snapshot at index 5
2021-06-02 03:39:34,534 [10bbb4cb-6b93-455d-8d5f-be65318fd4b2@group-17152E3F0F0C-StateMachineUpdater] INFO  impl.StateMachineUpdater (StateMachineUpdater.java:lambda$new$0(89)) - 10bbb4cb-6b93-455d-8d5f-be65318fd4b2@group-17152E3F0F0C-StateMachineUpdater: snapshotIndex: updateIncreasingly -1 -> 5
2021-06-02 03:39:34,541 [Listener at 0.0.0.0/13421] INFO  server.StorageContainerManager (StorageContainerManager.java:start(1216)) - ScmBlockLocationProtocol RPC server is listening at /0.0.0.0:13420
2021-06-02 03:39:34,541 [Listener at 0.0.0.0/13421] INFO  server.SCMBlockProtocolServer (SCMBlockProtocolServer.java:start(149)) - RPC server for Block Protocol is listening at /0.0.0.0:13420
2021-06-02 03:39:34,542 [IPC Server Responder] INFO  ipc.Server (Server.java:run(1497)) - IPC Server Responder: starting
2021-06-02 03:39:34,542 [IPC Server listener on 13420] INFO  ipc.Server (Server.java:run(1334)) - IPC Server listener on 13420: starting
2021-06-02 03:39:34,544 [Listener at 0.0.0.0/13421] INFO  server.StorageContainerManager (StorageContainerManager.java:start(1222)) - ScmDatanodeProtocl RPC server is listening at /0.0.0.0:13419
2021-06-02 03:39:34,544 [Listener at 0.0.0.0/13421] INFO  server.SCMDatanodeProtocolServer (SCMDatanodeProtocolServer.java:start(174)) - RPC server for DataNodes is listening at /0.0.0.0:13419
2021-06-02 03:39:34,545 [IPC Server Responder] INFO  ipc.Server (Server.java:run(1497)) - IPC Server Responder: starting
2021-06-02 03:39:34,545 [IPC Server listener on 13419] INFO  ipc.Server (Server.java:run(1334)) - IPC Server listener on 13419: starting
2021-06-02 03:39:34,564 [Listener at 0.0.0.0/13421] INFO  http.BaseHttpServer (BaseHttpServer.java:newHttpServer2BuilderForOzone(209)) - Starting Web-server for scm at: http://0.0.0.0:13416
2021-06-02 03:39:34,565 [Listener at 0.0.0.0/13421] INFO  http.BaseHttpServer (BaseHttpServer.java:<init>(107)) - Hadoop Security Enabled: false Ozone Security Enabled: false Ozone HTTP Security Enabled: false 
2021-06-02 03:39:34,566 [Listener at 0.0.0.0/13421] INFO  server.AuthenticationFilter (AuthenticationFilter.java:constructSecretProvider(240)) - Unable to initialize FileSignerSecretProvider, falling back to use random secrets.
2021-06-02 03:39:34,567 [Listener at 0.0.0.0/13421] WARN  http.HttpRequestLog (HttpRequestLog.java:getRequestLog(103)) - Jetty request log can only be enabled using Log4j
2021-06-02 03:39:34,568 [Listener at 0.0.0.0/13421] INFO  http.HttpServer2 (HttpServer2.java:addGlobalFilter(1020)) - Added global filter 'safety' (class=org.apache.hadoop.hdds.server.http.HttpServer2$QuotingInputFilter)
2021-06-02 03:39:34,569 [Listener at 0.0.0.0/13421] INFO  http.HttpServer2 (HttpServer2.java:addFilter(996)) - Added filter static_user_filter (class=org.apache.hadoop.http.lib.StaticUserWebFilter$StaticUserFilter) to context scm
2021-06-02 03:39:34,569 [Listener at 0.0.0.0/13421] INFO  http.HttpServer2 (HttpServer2.java:addFilter(1004)) - Added filter static_user_filter (class=org.apache.hadoop.http.lib.StaticUserWebFilter$StaticUserFilter) to context logs
2021-06-02 03:39:34,569 [Listener at 0.0.0.0/13421] INFO  http.HttpServer2 (HttpServer2.java:addFilter(1004)) - Added filter static_user_filter (class=org.apache.hadoop.http.lib.StaticUserWebFilter$StaticUserFilter) to context static
2021-06-02 03:39:34,570 [Listener at 0.0.0.0/13421] INFO  http.HttpServer2 (HttpServer2.java:bindListener(1238)) - Jetty bound to port 13416
2021-06-02 03:39:34,570 [Listener at 0.0.0.0/13421] INFO  server.Server (Server.java:doStart(375)) - jetty-9.4.35.v20201120; built: 2020-11-20T21:17:03.964Z; git: bdc54f03a5e0a7e280fab27f55c3c75ee8da89fb; jvm 1.8.0_292-b10
2021-06-02 03:39:34,574 [Listener at 0.0.0.0/13421] INFO  server.session (DefaultSessionIdManager.java:doStart(334)) - DefaultSessionIdManager workerName=node0
2021-06-02 03:39:34,575 [Listener at 0.0.0.0/13421] INFO  server.session (DefaultSessionIdManager.java:doStart(339)) - No SessionScavenger set, using defaults
2021-06-02 03:39:34,575 [Listener at 0.0.0.0/13421] INFO  server.session (HouseKeeper.java:startScavenging(132)) - node0 Scavenging every 600000ms
2021-06-02 03:39:34,576 [Listener at 0.0.0.0/13421] INFO  handler.ContextHandler (ContextHandler.java:doStart(916)) - Started o.e.j.s.ServletContextHandler@76b019c4{logs,/logs,file:///home/runner/work/ozone/ozone/mnt/ozone/hadoop-ozone/integration-test/target/log,AVAILABLE}
2021-06-02 03:39:34,576 [Listener at 0.0.0.0/13421] INFO  handler.ContextHandler (ContextHandler.java:doStart(916)) - Started o.e.j.s.ServletContextHandler@32ddcca{static,/static,file:///home/runner/work/ozone/ozone/mnt/ozone/hadoop-ozone/integration-test/target/test-classes/webapps/static,AVAILABLE}
2021-06-02 03:39:34,579 [org.apache.hadoop.util.JvmPauseMonitor$Monitor@7d5d77a6] INFO  util.JvmPauseMonitor (JvmPauseMonitor.java:run(188)) - Starting JVM pause monitor
2021-06-02 03:39:34,590 [Listener at 0.0.0.0/13421] INFO  handler.ContextHandler (ContextHandler.java:doStart(916)) - Started o.e.j.w.WebAppContext@677c2820{scm,/,file:///home/runner/work/ozone/ozone/mnt/ozone/hadoop-ozone/integration-test/target/test-classes/webapps/scm/,AVAILABLE}{file:/home/runner/work/ozone/ozone/mnt/ozone/hadoop-ozone/integration-test/target/test-classes/webapps/scm}
2021-06-02 03:39:34,591 [Listener at 0.0.0.0/13421] INFO  server.AbstractConnector (AbstractConnector.java:doStart(331)) - Started ServerConnector@478c84aa{HTTP/1.1, (http/1.1)}{0.0.0.0:13416}
2021-06-02 03:39:34,592 [Listener at 0.0.0.0/13421] INFO  server.Server (Server.java:doStart(415)) - Started @17809ms
2021-06-02 03:39:34,592 [Listener at 0.0.0.0/13421] WARN  impl.MetricsSystemImpl (MetricsSystemImpl.java:register(279)) - Sink prometheus already exists!
2021-06-02 03:39:34,593 [Listener at 0.0.0.0/13421] INFO  http.BaseHttpServer (BaseHttpServer.java:updateConnectorAddress(329)) - HTTP server of scm listening at http://0.0.0.0:13416
2021-06-02 03:39:34,593 [Listener at 0.0.0.0/13421] INFO  ozone.MiniOzoneHAClusterImpl (MiniOzoneHAClusterImpl.java:createSCMService(536)) - Started SCM RPC server at org.apache.hadoop.hdds.scm.server.SCMClientProtocolServer@39c1e7b7
2021-06-02 03:39:34,593 [Listener at 0.0.0.0/13421] INFO  ha.SCMHANodeDetails (SCMHANodeDetails.java:loadSCMHAConfig(149)) - ServiceID for StorageContainerManager is scm-service-test1
2021-06-02 03:39:34,594 [Listener at 0.0.0.0/13421] INFO  ha.SCMHANodeDetails (SCMHANodeDetails.java:loadSCMHAConfig(160)) - ServiceID for StorageContainerManager is scm-service-test1
2021-06-02 03:39:34,594 [Listener at 0.0.0.0/13421] WARN  scm.ScmUtils (ScmUtils.java:logWarn(179)) - ConfigKey ozone.scm.block.client.address is deprecated, For configuring different ports for each SCM use PortConfigKey ozone.scm.block.client.port appended with serviceId and nodeId. If want to configure same port configure ozone.scm.block.client.port
2021-06-02 03:39:34,594 [Listener at 0.0.0.0/13421] WARN  scm.ScmUtils (ScmUtils.java:logWarn(179)) - ConfigKey ozone.scm.client.address is deprecated, For configuring different ports for each SCM use PortConfigKey ozone.scm.client.port appended with serviceId and nodeId. If want to configure same port configure ozone.scm.client.port
2021-06-02 03:39:34,594 [Listener at 0.0.0.0/13421] WARN  scm.ScmUtils (ScmUtils.java:logWarn(179)) - ConfigKey ozone.scm.datanode.address is deprecated, For configuring different ports for each SCM use PortConfigKey ozone.scm.datanode.port appended with serviceId and nodeId. If want to configure same port configure ozone.scm.datanode.port
2021-06-02 03:39:34,595 [Listener at 0.0.0.0/13421] WARN  scm.ScmUtils (ScmUtils.java:logWarn(179)) - ConfigKey ozone.scm.block.client.address is deprecated, For configuring different ports for each SCM use PortConfigKey ozone.scm.block.client.port appended with serviceId and nodeId. If want to configure same port configure ozone.scm.block.client.port
2021-06-02 03:39:34,595 [Listener at 0.0.0.0/13421] WARN  scm.ScmUtils (ScmUtils.java:logWarn(179)) - ConfigKey ozone.scm.client.address is deprecated, For configuring different ports for each SCM use PortConfigKey ozone.scm.client.port appended with serviceId and nodeId. If want to configure same port configure ozone.scm.client.port
2021-06-02 03:39:34,595 [Listener at 0.0.0.0/13421] WARN  scm.ScmUtils (ScmUtils.java:logWarn(179)) - ConfigKey ozone.scm.datanode.address is deprecated, For configuring different ports for each SCM use PortConfigKey ozone.scm.datanode.port appended with serviceId and nodeId. If want to configure same port configure ozone.scm.datanode.port
2021-06-02 03:39:34,595 [Listener at 0.0.0.0/13421] INFO  ha.SCMHANodeDetails (SCMHANodeDetails.java:loadSCMHAConfig(242)) - Found matching SCM address with SCMServiceId: scm-service-test1, SCMNodeId: scmNode-3, RPC Address: localhost:13428 and Ratis port: 13428
2021-06-02 03:39:34,595 [Listener at 0.0.0.0/13421] INFO  ha.SCMHANodeDetails (ConfUtils.java:setNodeSpecificConfigs(105)) - Setting configuration key ozone.scm.datanode.address with value of key ozone.scm.datanode.address.scm-service-test1.scmNode-3: 127.0.0.1:13429
2021-06-02 03:39:34,596 [Listener at 0.0.0.0/13421] INFO  ha.SCMHANodeDetails (ConfUtils.java:setNodeSpecificConfigs(105)) - Setting configuration key ozone.scm.block.client.address with value of key ozone.scm.block.client.address.scm-service-test1.scmNode-3: 127.0.0.1:13430
2021-06-02 03:39:34,596 [Listener at 0.0.0.0/13421] INFO  ha.SCMHANodeDetails (ConfUtils.java:setNodeSpecificConfigs(105)) - Setting configuration key ozone.scm.client.address with value of key ozone.scm.client.address.scm-service-test1.scmNode-3: 127.0.0.1:13431
2021-06-02 03:39:34,596 [Listener at 0.0.0.0/13421] INFO  ha.SCMHANodeDetails (ConfUtils.java:setNodeSpecificConfigs(105)) - Setting configuration key ozone.scm.ratis.port with value of key ozone.scm.ratis.port.scm-service-test1.scmNode-3: 13428
2021-06-02 03:39:34,596 [Listener at 0.0.0.0/13421] INFO  ha.SCMHANodeDetails (ConfUtils.java:setNodeSpecificConfigs(105)) - Setting configuration key ozone.scm.grpc.port with value of key ozone.scm.grpc.port.scm-service-test1.scmNode-3: 13432
2021-06-02 03:39:34,596 [Listener at 0.0.0.0/13421] INFO  ha.SCMHANodeDetails (ConfUtils.java:setNodeSpecificConfigs(105)) - Setting configuration key ozone.scm.http-address with value of key ozone.scm.http-address.scm-service-test1.scmNode-3: 127.0.0.1:13426
2021-06-02 03:39:34,596 [Listener at 0.0.0.0/13421] INFO  ha.SCMHANodeDetails (ConfUtils.java:setNodeSpecificConfigs(105)) - Setting configuration key ozone.scm.https-address with value of key ozone.scm.https-address.scm-service-test1.scmNode-3: 127.0.0.1:13427
2021-06-02 03:39:34,596 [Listener at 0.0.0.0/13421] INFO  ha.SCMHANodeDetails (ConfUtils.java:setNodeSpecificConfigs(105)) - Setting configuration key ozone.scm.address with value of key ozone.scm.address.scm-service-test1.scmNode-3: 127.0.0.1
2021-06-02 03:39:34,597 [Listener at 0.0.0.0/13421] WARN  scm.ScmUtils (ScmUtils.java:logWarn(179)) - ConfigKey ozone.scm.block.client.address is deprecated, For configuring different ports for each SCM use PortConfigKey ozone.scm.block.client.port appended with serviceId and nodeId. If want to configure same port configure ozone.scm.block.client.port
2021-06-02 03:39:34,597 [Listener at 0.0.0.0/13421] WARN  scm.ScmUtils (ScmUtils.java:logWarn(179)) - ConfigKey ozone.scm.client.address is deprecated, For configuring different ports for each SCM use PortConfigKey ozone.scm.client.port appended with serviceId and nodeId. If want to configure same port configure ozone.scm.client.port
2021-06-02 03:39:34,597 [Listener at 0.0.0.0/13421] WARN  scm.ScmUtils (ScmUtils.java:logWarn(179)) - ConfigKey ozone.scm.datanode.address is deprecated, For configuring different ports for each SCM use PortConfigKey ozone.scm.datanode.port appended with serviceId and nodeId. If want to configure same port configure ozone.scm.datanode.port
2021-06-02 03:39:34,597 [Listener at 0.0.0.0/13421] WARN  server.ServerUtils (ServerUtils.java:getScmDbDir(148)) - ozone.scm.db.dirs is not configured. We recommend adding this setting. Falling back to ozone.metadata.dirs instead.
2021-06-02 03:39:34,599 [Listener at 0.0.0.0/13421] INFO  ha.SCMNodeInfo (SCMNodeInfo.java:getPort(197)) - ConfigKey ozone.scm.client.address is deprecated, For configuring different ports for each SCM use PortConfigKey ozone.scm.client.port appended with serviceId and nodeId
2021-06-02 03:39:34,599 [Listener at 0.0.0.0/13421] INFO  ha.SCMNodeInfo (SCMNodeInfo.java:getPort(197)) - ConfigKey ozone.scm.block.client.address is deprecated, For configuring different ports for each SCM use PortConfigKey ozone.scm.block.client.port appended with serviceId and nodeId
2021-06-02 03:39:34,599 [Listener at 0.0.0.0/13421] INFO  ha.SCMNodeInfo (SCMNodeInfo.java:getPort(197)) - ConfigKey ozone.scm.datanode.address is deprecated, For configuring different ports for each SCM use PortConfigKey ozone.scm.datanode.port appended with serviceId and nodeId
2021-06-02 03:39:34,599 [Listener at 0.0.0.0/13421] INFO  ha.SCMNodeInfo (SCMNodeInfo.java:getPort(197)) - ConfigKey ozone.scm.client.address is deprecated, For configuring different ports for each SCM use PortConfigKey ozone.scm.client.port appended with serviceId and nodeId
2021-06-02 03:39:34,599 [Listener at 0.0.0.0/13421] INFO  ha.SCMNodeInfo (SCMNodeInfo.java:getPort(197)) - ConfigKey ozone.scm.block.client.address is deprecated, For configuring different ports for each SCM use PortConfigKey ozone.scm.block.client.port appended with serviceId and nodeId
2021-06-02 03:39:34,600 [Listener at 0.0.0.0/13421] INFO  ha.SCMNodeInfo (SCMNodeInfo.java:getPort(197)) - ConfigKey ozone.scm.datanode.address is deprecated, For configuring different ports for each SCM use PortConfigKey ozone.scm.datanode.port appended with serviceId and nodeId
2021-06-02 03:39:34,600 [Listener at 0.0.0.0/13421] INFO  ha.SCMNodeInfo (SCMNodeInfo.java:getPort(197)) - ConfigKey ozone.scm.client.address is deprecated, For configuring different ports for each SCM use PortConfigKey ozone.scm.client.port appended with serviceId and nodeId
2021-06-02 03:39:34,600 [Listener at 0.0.0.0/13421] INFO  ha.SCMNodeInfo (SCMNodeInfo.java:getPort(197)) - ConfigKey ozone.scm.block.client.address is deprecated, For configuring different ports for each SCM use PortConfigKey ozone.scm.block.client.port appended with serviceId and nodeId
2021-06-02 03:39:34,600 [Listener at 0.0.0.0/13421] INFO  ha.SCMNodeInfo (SCMNodeInfo.java:getPort(197)) - ConfigKey ozone.scm.datanode.address is deprecated, For configuring different ports for each SCM use PortConfigKey ozone.scm.datanode.port appended with serviceId and nodeId
2021-06-02 03:39:34,608 [Listener at 0.0.0.0/13421] INFO  server.StorageContainerManager (StorageContainerManager.java:scmBootstrap(908)) - SCM BootStrap  is successful for ClusterID c53ac106-a4c8-4947-8709-17152e3f0f0c, SCMID fa9af0bf-88a5-45b5-8a0f-275e1ab99f66
2021-06-02 03:39:34,609 [Listener at 0.0.0.0/13421] INFO  server.StorageContainerManager (StorageContainerManager.java:scmBootstrap(910)) - Primary SCM Node ID c464142a-7b71-4845-800f-f5b0129c6cb8
2021-06-02 03:39:34,609 [Listener at 0.0.0.0/13421] INFO  ha.SCMHANodeDetails (SCMHANodeDetails.java:loadSCMHAConfig(149)) - ServiceID for StorageContainerManager is scm-service-test1
2021-06-02 03:39:34,609 [Listener at 0.0.0.0/13421] INFO  ha.SCMHANodeDetails (SCMHANodeDetails.java:loadSCMHAConfig(160)) - ServiceID for StorageContainerManager is scm-service-test1
2021-06-02 03:39:34,609 [Listener at 0.0.0.0/13421] WARN  scm.ScmUtils (ScmUtils.java:logWarn(179)) - ConfigKey ozone.scm.block.client.address is deprecated, For configuring different ports for each SCM use PortConfigKey ozone.scm.block.client.port appended with serviceId and nodeId. If want to configure same port configure ozone.scm.block.client.port
2021-06-02 03:39:34,609 [Listener at 0.0.0.0/13421] WARN  scm.ScmUtils (ScmUtils.java:logWarn(179)) - ConfigKey ozone.scm.client.address is deprecated, For configuring different ports for each SCM use PortConfigKey ozone.scm.client.port appended with serviceId and nodeId. If want to configure same port configure ozone.scm.client.port
2021-06-02 03:39:34,609 [Listener at 0.0.0.0/13421] WARN  scm.ScmUtils (ScmUtils.java:logWarn(179)) - ConfigKey ozone.scm.datanode.address is deprecated, For configuring different ports for each SCM use PortConfigKey ozone.scm.datanode.port appended with serviceId and nodeId. If want to configure same port configure ozone.scm.datanode.port
2021-06-02 03:39:34,610 [Listener at 0.0.0.0/13421] WARN  scm.ScmUtils (ScmUtils.java:logWarn(179)) - ConfigKey ozone.scm.block.client.address is deprecated, For configuring different ports for each SCM use PortConfigKey ozone.scm.block.client.port appended with serviceId and nodeId. If want to configure same port configure ozone.scm.block.client.port
2021-06-02 03:39:34,610 [Listener at 0.0.0.0/13421] WARN  scm.ScmUtils (ScmUtils.java:logWarn(179)) - ConfigKey ozone.scm.client.address is deprecated, For configuring different ports for each SCM use PortConfigKey ozone.scm.client.port appended with serviceId and nodeId. If want to configure same port configure ozone.scm.client.port
2021-06-02 03:39:34,610 [Listener at 0.0.0.0/13421] WARN  scm.ScmUtils (ScmUtils.java:logWarn(179)) - ConfigKey ozone.scm.datanode.address is deprecated, For configuring different ports for each SCM use PortConfigKey ozone.scm.datanode.port appended with serviceId and nodeId. If want to configure same port configure ozone.scm.datanode.port
2021-06-02 03:39:34,610 [Listener at 0.0.0.0/13421] INFO  ha.SCMHANodeDetails (SCMHANodeDetails.java:loadSCMHAConfig(242)) - Found matching SCM address with SCMServiceId: scm-service-test1, SCMNodeId: scmNode-3, RPC Address: localhost:13428 and Ratis port: 13428
2021-06-02 03:39:34,610 [Listener at 0.0.0.0/13421] INFO  ha.SCMHANodeDetails (ConfUtils.java:setNodeSpecificConfigs(105)) - Setting configuration key ozone.scm.datanode.address with value of key ozone.scm.datanode.address.scm-service-test1.scmNode-3: 127.0.0.1:13429
2021-06-02 03:39:34,611 [Listener at 0.0.0.0/13421] INFO  ha.SCMHANodeDetails (ConfUtils.java:setNodeSpecificConfigs(105)) - Setting configuration key ozone.scm.block.client.address with value of key ozone.scm.block.client.address.scm-service-test1.scmNode-3: 127.0.0.1:13430
2021-06-02 03:39:34,611 [Listener at 0.0.0.0/13421] INFO  ha.SCMHANodeDetails (ConfUtils.java:setNodeSpecificConfigs(105)) - Setting configuration key ozone.scm.client.address with value of key ozone.scm.client.address.scm-service-test1.scmNode-3: 127.0.0.1:13431
2021-06-02 03:39:34,611 [Listener at 0.0.0.0/13421] INFO  ha.SCMHANodeDetails (ConfUtils.java:setNodeSpecificConfigs(105)) - Setting configuration key ozone.scm.ratis.port with value of key ozone.scm.ratis.port.scm-service-test1.scmNode-3: 13428
2021-06-02 03:39:34,611 [Listener at 0.0.0.0/13421] INFO  ha.SCMHANodeDetails (ConfUtils.java:setNodeSpecificConfigs(105)) - Setting configuration key ozone.scm.grpc.port with value of key ozone.scm.grpc.port.scm-service-test1.scmNode-3: 13432
2021-06-02 03:39:34,611 [Listener at 0.0.0.0/13421] INFO  ha.SCMHANodeDetails (ConfUtils.java:setNodeSpecificConfigs(105)) - Setting configuration key ozone.scm.http-address with value of key ozone.scm.http-address.scm-service-test1.scmNode-3: 127.0.0.1:13426
2021-06-02 03:39:34,611 [Listener at 0.0.0.0/13421] INFO  ha.SCMHANodeDetails (ConfUtils.java:setNodeSpecificConfigs(105)) - Setting configuration key ozone.scm.https-address with value of key ozone.scm.https-address.scm-service-test1.scmNode-3: 127.0.0.1:13427
2021-06-02 03:39:34,611 [Listener at 0.0.0.0/13421] INFO  ha.SCMHANodeDetails (ConfUtils.java:setNodeSpecificConfigs(105)) - Setting configuration key ozone.scm.address with value of key ozone.scm.address.scm-service-test1.scmNode-3: 127.0.0.1
2021-06-02 03:39:34,612 [Listener at 0.0.0.0/13421] WARN  scm.ScmUtils (ScmUtils.java:logWarn(179)) - ConfigKey ozone.scm.block.client.address is deprecated, For configuring different ports for each SCM use PortConfigKey ozone.scm.block.client.port appended with serviceId and nodeId. If want to configure same port configure ozone.scm.block.client.port
2021-06-02 03:39:34,612 [Listener at 0.0.0.0/13421] WARN  scm.ScmUtils (ScmUtils.java:logWarn(179)) - ConfigKey ozone.scm.client.address is deprecated, For configuring different ports for each SCM use PortConfigKey ozone.scm.client.port appended with serviceId and nodeId. If want to configure same port configure ozone.scm.client.port
2021-06-02 03:39:34,612 [Listener at 0.0.0.0/13421] WARN  scm.ScmUtils (ScmUtils.java:logWarn(179)) - ConfigKey ozone.scm.datanode.address is deprecated, For configuring different ports for each SCM use PortConfigKey ozone.scm.datanode.port appended with serviceId and nodeId. If want to configure same port configure ozone.scm.datanode.port
2021-06-02 03:39:34,615 [Listener at 0.0.0.0/13421] WARN  server.ServerUtils (ServerUtils.java:getScmDbDir(148)) - ozone.scm.db.dirs is not configured. We recommend adding this setting. Falling back to ozone.metadata.dirs instead.
2021-06-02 03:39:34,617 [Listener at 0.0.0.0/13421] WARN  utils.HAUtils (HAUtils.java:getMetaDir(342)) - ozone.scm.db.dirs is not configured. We recommend adding this setting. Falling back to ozone.metadata.dirs instead.
2021-06-02 03:39:34,618 [Listener at 0.0.0.0/13421] WARN  db.DBStoreBuilder (DBStoreBuilder.java:applyDBDefinition(145)) - ozone.scm.db.dirs is not configured. We recommend adding this setting. Falling back to ozone.metadata.dirs instead.
2021-06-02 03:39:34,705 [Listener at 0.0.0.0/13421] INFO  net.NodeSchemaLoader (NodeSchemaLoader.java:loadSchemaFromFile(129)) - Loading schema from [jar:file:/home/runner/.m2/repository/org/apache/ozone/hdds-common/1.2.0-SNAPSHOT/hdds-common-1.2.0-SNAPSHOT.jar!/network-topology-default.xml]
2021-06-02 03:39:34,706 [Listener at 0.0.0.0/13421] INFO  net.NodeSchemaLoader (NodeSchemaLoader.java:loadSchema(176)) - Loading network topology layer schema file
2021-06-02 03:39:34,708 [Listener at 0.0.0.0/13421] INFO  ha.SCMRatisServerImpl (SCMRatisServerImpl.java:<init>(86)) - starting Raft server for scm:fa9af0bf-88a5-45b5-8a0f-275e1ab99f66
2021-06-02 03:39:34,709 [Listener at 0.0.0.0/13421] INFO  server.RaftServer (ConfUtils.java:logGet(44)) - raft.rpc.type = GRPC (default)
2021-06-02 03:39:34,710 [Listener at 0.0.0.0/13421] INFO  grpc.GrpcFactory (GrpcFactory.java:checkPooledByteBufAllocatorUseCacheForAllThreads(48)) - PERFORMANCE WARNING: useCacheForAllThreads is true that may cause Netty to create a lot garbage objects and, as a result, trigger GC.
	It is recommended to disable useCacheForAllThreads by setting -Dorg.apache.ratis.thirdparty.io.netty.allocator.useCacheForAllThreads=false in command line.
2021-06-02 03:39:34,710 [Listener at 0.0.0.0/13421] INFO  grpc.GrpcConfigKeys (ConfUtils.java:logGet(44)) - raft.grpc.admin.port = -1 (default)
2021-06-02 03:39:34,710 [Listener at 0.0.0.0/13421] INFO  grpc.GrpcConfigKeys (ConfUtils.java:logGet(44)) - raft.grpc.server.port = 13428 (custom)
2021-06-02 03:39:34,710 [Listener at 0.0.0.0/13421] INFO  grpc.GrpcConfigKeys (ConfUtils.java:logGet(44)) - raft.grpc.client.port = -1 (default)
2021-06-02 03:39:34,710 [Listener at 0.0.0.0/13421] INFO  grpc.GrpcConfigKeys (ConfUtils.java:logGet(44)) - raft.grpc.server.port = 13428 (custom)
2021-06-02 03:39:34,710 [Listener at 0.0.0.0/13421] INFO  grpc.GrpcConfigKeys (ConfUtils.java:logGet(44)) - raft.grpc.server.port = 13428 (custom)
2021-06-02 03:39:34,711 [Listener at 0.0.0.0/13421] INFO  server.GrpcService (ConfUtils.java:logGet(44)) - raft.grpc.message.size.max = 32m (=33554432) (custom)
2021-06-02 03:39:34,711 [Listener at 0.0.0.0/13421] INFO  server.RaftServerConfigKeys (ConfUtils.java:logGet(44)) - raft.server.log.appender.buffer.byte-limit = 33554432 (custom)
2021-06-02 03:39:34,711 [Listener at 0.0.0.0/13421] INFO  server.GrpcService (ConfUtils.java:logGet(44)) - raft.grpc.flow.control.window = 1MB (=1048576) (default)
2021-06-02 03:39:34,711 [Listener at 0.0.0.0/13421] INFO  server.RaftServerConfigKeys (ConfUtils.java:logGet(44)) - raft.server.rpc.request.timeout = 3000ms (default)
2021-06-02 03:39:34,712 [Listener at 0.0.0.0/13421] INFO  impl.DataStreamServerImpl (ConfUtils.java:logGet(44)) - raft.datastream.type = DISABLED (default)
2021-06-02 03:39:34,713 [Listener at 0.0.0.0/13421] INFO  server.RaftServerConfigKeys (ConfUtils.java:logGet(44)) - raft.server.rpc.slowness.timeout = 120000ms (custom)
2021-06-02 03:39:34,713 [Listener at 0.0.0.0/13421] INFO  server.RaftServerConfigKeys (ConfUtils.java:logGet(44)) - raft.server.leaderelection.leader.step-down.wait-time = 10s (default)
2021-06-02 03:39:34,713 [Listener at 0.0.0.0/13421] INFO  server.RaftServerConfigKeys (ConfUtils.java:logGet(44)) - raft.server.storage.dir = [/home/runner/work/ozone/ozone/mnt/ozone/hadoop-ozone/integration-test/target/test-dir/MiniOzoneClusterImpl-c53ac106-a4c8-4947-8709-17152e3f0f0c/scmNode-3/scm-ha] (custom)
2021-06-02 03:39:34,715 [Listener at 0.0.0.0/13421] INFO  server.RaftServer (RaftServerProxy.java:addNew(95)) - fa9af0bf-88a5-45b5-8a0f-275e1ab99f66: addNew group-17152E3F0F0C:[] returns group-17152E3F0F0C:java.util.concurrent.CompletableFuture@4cf15477[Not completed]
2021-06-02 03:39:34,715 [pool-54-thread-1] INFO  server.RaftServer$Division (RaftServerImpl.java:<init>(180)) - fa9af0bf-88a5-45b5-8a0f-275e1ab99f66: new RaftServerImpl for group-17152E3F0F0C:[] with SCMStateMachine:uninitialized
2021-06-02 03:39:34,716 [pool-54-thread-1] INFO  server.RaftServerConfigKeys (ConfUtils.java:logGet(44)) - raft.server.rpc.timeout.min = 5000ms (custom)
2021-06-02 03:39:34,716 [pool-54-thread-1] INFO  server.RaftServerConfigKeys (ConfUtils.java:logGet(44)) - raft.server.rpc.timeout.max = 5200ms (custom)
2021-06-02 03:39:34,716 [pool-54-thread-1] INFO  server.RaftServerConfigKeys (ConfUtils.java:logGet(44)) - raft.server.rpc.sleep.time = 25ms (default)
2021-06-02 03:39:34,716 [pool-54-thread-1] INFO  server.RaftServerConfigKeys (ConfUtils.java:logGet(44)) - raft.server.rpc.slowness.timeout = 120000ms (custom)
2021-06-02 03:39:34,717 [pool-54-thread-1] INFO  server.RaftServerConfigKeys (ConfUtils.java:logGet(44)) - raft.server.leaderelection.leader.step-down.wait-time = 10s (default)
2021-06-02 03:39:34,717 [pool-54-thread-1] INFO  server.RaftServerConfigKeys (ConfUtils.java:logGet(44)) - raft.server.sleep.deviation.threshold = 300ms (default)
2021-06-02 03:39:34,717 [pool-54-thread-1] INFO  server.RaftServerConfigKeys (ConfUtils.java:logGet(44)) - raft.server.log.appender.install.snapshot.enabled = false (custom)
2021-06-02 03:39:34,717 [pool-54-thread-1] INFO  server.RaftServer$Division (ServerState.java:<init>(105)) - fa9af0bf-88a5-45b5-8a0f-275e1ab99f66@group-17152E3F0F0C: ConfigurationManager, init=-1: [], old=null, confs=<EMPTY_MAP>
2021-06-02 03:39:34,717 [pool-54-thread-1] INFO  server.RaftServerConfigKeys (ConfUtils.java:logGet(44)) - raft.server.storage.dir = [/home/runner/work/ozone/ozone/mnt/ozone/hadoop-ozone/integration-test/target/test-dir/MiniOzoneClusterImpl-c53ac106-a4c8-4947-8709-17152e3f0f0c/scmNode-3/scm-ha] (custom)
2021-06-02 03:39:34,717 [pool-54-thread-1] INFO  server.RaftServerConfigKeys (ConfUtils.java:logGet(44)) - raft.server.log.corruption.policy = EXCEPTION (default)
2021-06-02 03:39:34,717 [pool-54-thread-1] INFO  storage.RaftStorageDirectory (RaftStorageDirectoryImpl.java:analyzeStorage(132)) - The storage directory /home/runner/work/ozone/ozone/mnt/ozone/hadoop-ozone/integration-test/target/test-dir/MiniOzoneClusterImpl-c53ac106-a4c8-4947-8709-17152e3f0f0c/scmNode-3/scm-ha/c53ac106-a4c8-4947-8709-17152e3f0f0c does not exist. Creating ...
2021-06-02 03:39:34,719 [pool-54-thread-1] INFO  storage.RaftStorageDirectory (RaftStorageDirectoryImpl.java:tryLock(215)) - Lock on /home/runner/work/ozone/ozone/mnt/ozone/hadoop-ozone/integration-test/target/test-dir/MiniOzoneClusterImpl-c53ac106-a4c8-4947-8709-17152e3f0f0c/scmNode-3/scm-ha/c53ac106-a4c8-4947-8709-17152e3f0f0c/in_use.lock acquired by nodename 21483@fv-az122-562
2021-06-02 03:39:34,720 [pool-54-thread-1] INFO  storage.RaftStorage (RaftStorageImpl.java:format(87)) - Storage directory /home/runner/work/ozone/ozone/mnt/ozone/hadoop-ozone/integration-test/target/test-dir/MiniOzoneClusterImpl-c53ac106-a4c8-4947-8709-17152e3f0f0c/scmNode-3/scm-ha/c53ac106-a4c8-4947-8709-17152e3f0f0c has been successfully formatted.
2021-06-02 03:39:34,721 [pool-54-thread-1] INFO  server.RaftServerConfigKeys (ConfUtils.java:logGet(44)) - raft.server.notification.no-leader.timeout = 60s (default)
2021-06-02 03:39:34,721 [pool-54-thread-1] INFO  server.RaftServerConfigKeys (ConfUtils.java:logGet(44)) - raft.server.log.use.memory = false (default)
2021-06-02 03:39:34,721 [pool-54-thread-1] INFO  server.RaftServerConfigKeys (ConfUtils.java:logGet(44)) - raft.server.log.purge.gap = 1000000 (custom)
2021-06-02 03:39:34,721 [pool-54-thread-1] INFO  server.RaftServerConfigKeys (ConfUtils.java:logGet(44)) - raft.server.log.appender.buffer.byte-limit = 33554432 (custom)
2021-06-02 03:39:34,722 [pool-54-thread-1] INFO  metrics.RatisMetrics (RatisMetrics.java:lambda$create$0(36)) - Creating Metrics Registry : ratis.log_worker.fa9af0bf-88a5-45b5-8a0f-275e1ab99f66@group-17152E3F0F0C
2021-06-02 03:39:34,722 [pool-54-thread-1] WARN  impl.MetricRegistriesImpl (MetricRegistriesImpl.java:lambda$create$1(65)) - First MetricRegistry has been created without registering reporters. You may need to call MetricRegistries.global().addReporterRegistration(...) before.
2021-06-02 03:39:34,722 [pool-54-thread-1] INFO  server.RaftServerConfigKeys (ConfUtils.java:logGet(44)) - raft.server.log.segment.size.max = 16384 (custom)
2021-06-02 03:39:34,722 [pool-54-thread-1] INFO  server.RaftServerConfigKeys (ConfUtils.java:logGet(44)) - raft.server.log.segment.cache.num.max = 2 (custom)
2021-06-02 03:39:34,722 [pool-54-thread-1] INFO  server.RaftServerConfigKeys (ConfUtils.java:logGet(44)) - raft.server.log.segment.cache.size.max = 200MB (=209715200) (default)
2021-06-02 03:39:34,722 [pool-54-thread-1] INFO  segmented.SegmentedRaftLogWorker (SegmentedRaftLogWorker.java:<init>(182)) - new fa9af0bf-88a5-45b5-8a0f-275e1ab99f66@group-17152E3F0F0C-SegmentedRaftLogWorker for RaftStorageImpl:Storage Directory /home/runner/work/ozone/ozone/mnt/ozone/hadoop-ozone/integration-test/target/test-dir/MiniOzoneClusterImpl-c53ac106-a4c8-4947-8709-17152e3f0f0c/scmNode-3/scm-ha/c53ac106-a4c8-4947-8709-17152e3f0f0c
2021-06-02 03:39:34,722 [pool-54-thread-1] INFO  server.RaftServerConfigKeys (ConfUtils.java:logGet(44)) - raft.server.log.queue.byte-limit = 64MB (=67108864) (default)
2021-06-02 03:39:34,722 [pool-54-thread-1] INFO  server.RaftServerConfigKeys (ConfUtils.java:logGet(44)) - raft.server.log.queue.element-limit = 4096 (default)
2021-06-02 03:39:34,722 [pool-54-thread-1] INFO  server.RaftServerConfigKeys (ConfUtils.java:logGet(44)) - raft.server.log.segment.size.max = 16384 (custom)
2021-06-02 03:39:34,722 [pool-54-thread-1] INFO  server.RaftServerConfigKeys (ConfUtils.java:logGet(44)) - raft.server.log.preallocated.size = 16384 (custom)
2021-06-02 03:39:34,723 [pool-54-thread-1] INFO  server.RaftServerConfigKeys (ConfUtils.java:logGet(44)) - raft.server.log.force.sync.num = 128 (default)
2021-06-02 03:39:34,723 [pool-54-thread-1] INFO  server.RaftServerConfigKeys (ConfUtils.java:logGet(44)) - raft.server.log.statemachine.data.sync = true (default)
2021-06-02 03:39:34,723 [pool-54-thread-1] INFO  server.RaftServerConfigKeys (ConfUtils.java:logGet(44)) - raft.server.log.statemachine.data.sync.timeout = 10s (default)
2021-06-02 03:39:34,723 [pool-54-thread-1] INFO  server.RaftServerConfigKeys (ConfUtils.java:logGet(44)) - raft.server.log.statemachine.data.sync.timeout.retry = -1 (default)
2021-06-02 03:39:34,723 [pool-54-thread-1] INFO  server.RaftServerConfigKeys (ConfUtils.java:logGet(44)) - raft.server.log.write.buffer.size = 64KB (=65536) (default)
2021-06-02 03:39:34,723 [pool-54-thread-1] INFO  server.RaftServerConfigKeys (ConfUtils.java:logGet(44)) - raft.server.log.statemachine.data.caching.enabled = false (default)
2021-06-02 03:39:34,723 [pool-54-thread-1] INFO  segmented.SegmentedRaftLogWorker (SegmentedRaftLogWorker.java:lambda$new$0(133)) - fa9af0bf-88a5-45b5-8a0f-275e1ab99f66@group-17152E3F0F0C-SegmentedRaftLogWorker: flushIndex: setUnconditionally 0 -> -1
2021-06-02 03:39:34,723 [pool-54-thread-1] INFO  segmented.SegmentedRaftLogWorker (SegmentedRaftLogWorker.java:lambda$new$0(133)) - fa9af0bf-88a5-45b5-8a0f-275e1ab99f66@group-17152E3F0F0C-SegmentedRaftLogWorker: safeCacheEvictIndex: setUnconditionally 0 -> -1
2021-06-02 03:39:34,723 [pool-54-thread-1] INFO  server.RaftServerConfigKeys (ConfUtils.java:logGet(44)) - raft.server.snapshot.auto.trigger.enabled = true (custom)
2021-06-02 03:39:34,724 [pool-54-thread-1] INFO  server.RaftServerConfigKeys (ConfUtils.java:logGet(44)) - raft.server.snapshot.auto.trigger.threshold = 5 (custom)
2021-06-02 03:39:34,724 [pool-54-thread-1] INFO  server.RaftServerConfigKeys (ConfUtils.java:logGet(44)) - raft.server.snapshot.retention.file.num = -1 (default)
2021-06-02 03:39:34,724 [pool-54-thread-1] INFO  server.RaftServerConfigKeys (ConfUtils.java:logGet(44)) - raft.server.log.purge.upto.snapshot.index = false (default)
2021-06-02 03:39:34,724 [pool-54-thread-1] INFO  server.RaftServerConfigKeys (ConfUtils.java:logGet(44)) - raft.server.retrycache.expirytime = 60000ms (default)
2021-06-02 03:39:34,724 [pool-54-thread-1] INFO  server.RaftServerConfigKeys (ConfUtils.java:logGet(44)) - raft.server.retrycache.statistics.expirytime = 100μs (default)
2021-06-02 03:39:34,724 [pool-54-thread-1] INFO  metrics.RatisMetrics (RatisMetrics.java:lambda$create$0(36)) - Creating Metrics Registry : ratis.leader_election.fa9af0bf-88a5-45b5-8a0f-275e1ab99f66@group-17152E3F0F0C
2021-06-02 03:39:34,724 [pool-54-thread-1] WARN  impl.MetricRegistriesImpl (MetricRegistriesImpl.java:lambda$create$1(65)) - First MetricRegistry has been created without registering reporters. You may need to call MetricRegistries.global().addReporterRegistration(...) before.
2021-06-02 03:39:34,724 [pool-54-thread-1] INFO  metrics.RatisMetrics (RatisMetrics.java:lambda$create$0(36)) - Creating Metrics Registry : ratis.server.fa9af0bf-88a5-45b5-8a0f-275e1ab99f66@group-17152E3F0F0C
2021-06-02 03:39:34,724 [pool-54-thread-1] WARN  impl.MetricRegistriesImpl (MetricRegistriesImpl.java:lambda$create$1(65)) - First MetricRegistry has been created without registering reporters. You may need to call MetricRegistries.global().addReporterRegistration(...) before.
2021-06-02 03:39:34,724 [Listener at 0.0.0.0/13421] INFO  ha.SCMSnapshotProvider (SCMSnapshotProvider.java:<init>(66)) - Initializing SCM Snapshot Provider
2021-06-02 03:39:34,725 [Listener at 0.0.0.0/13421] WARN  server.ServerUtils (ServerUtils.java:getDefaultRatisDirectory(237)) - Storage directory for Ratis is not configured. It is a good idea to map this to an SSD disk. Falling back to ozone.metadata.dirs
2021-06-02 03:39:34,725 [Listener at 0.0.0.0/13421] WARN  ha.SCMHAUtils (SCMHAUtils.java:getSCMRatisSnapshotDirectory(142)) - SCM snapshot dir is not configured. Falling back to ozone.metadata.dirs config
2021-06-02 03:39:34,727 [Listener at 0.0.0.0/13421] INFO  ha.SequenceIdGenerator (SequenceIdGenerator.java:upgradeToSequenceId(300)) - upgrade localId to 107544261427200000
2021-06-02 03:39:34,727 [Listener at 0.0.0.0/13421] INFO  ha.SequenceIdGenerator (SequenceIdGenerator.java:upgradeToSequenceId(310)) - upgrade delTxnId to 0
2021-06-02 03:39:34,727 [Listener at 0.0.0.0/13421] INFO  ha.SequenceIdGenerator (SequenceIdGenerator.java:upgradeToSequenceId(324)) - upgrade containerId to 0
2021-06-02 03:39:34,727 [Listener at 0.0.0.0/13421] INFO  ha.SequenceIdGenerator (SequenceIdGenerator.java:<init>(196)) - Init the HA SequenceIdGenerator.
2021-06-02 03:39:34,727 [Listener at 0.0.0.0/13421] WARN  server.ServerUtils (ServerUtils.java:sanitizeUserArgs(73)) - ozone.scm.stale.node.interval value = 300000 is larger than max = 100000 based on the key value of ozone.scm.heartbeat.thread.interval, reset to the max value 100000.
2021-06-02 03:39:34,728 [Listener at 0.0.0.0/13421] WARN  server.ServerUtils (ServerUtils.java:sanitizeUserArgs(73)) - ozone.scm.stale.node.interval value = 300000 is larger than max = 100000 based on the key value of ozone.scm.heartbeat.thread.interval, reset to the max value 100000.
2021-06-02 03:39:34,728 [Listener at 0.0.0.0/13421] INFO  node.SCMNodeManager (SCMNodeManager.java:<init>(125)) - Entering startup safe mode.
2021-06-02 03:39:34,729 [Listener at 0.0.0.0/13421] INFO  algorithms.ContainerPlacementPolicyFactory (ContainerPlacementPolicyFactory.java:getPolicy(60)) - Create container placement policy of type org.apache.hadoop.hdds.scm.container.placement.algorithms.SCMContainerPlacementRandom
2021-06-02 03:39:34,729 [Listener at 0.0.0.0/13421] INFO  pipeline.PipelineStateManager (PipelineStateManagerV2Impl.java:initialize(78)) - No pipeline exists in current db
2021-06-02 03:39:34,730 [Listener at 0.0.0.0/13421] INFO  algorithms.LeaderChoosePolicyFactory (LeaderChoosePolicyFactory.java:getPolicy(57)) - Create leader choose policy of type org.apache.hadoop.hdds.scm.pipeline.leader.choose.algorithms.MinLeaderCountChoosePolicy
2021-06-02 03:39:34,730 [Listener at 0.0.0.0/13421] INFO  ha.SCMServiceManager (SCMServiceManager.java:register(43)) - Registering service BackgroundPipelineCreator.
2021-06-02 03:39:34,730 [Listener at 0.0.0.0/13421] INFO  pipeline.BackgroundPipelineCreator (BackgroundPipelineCreatorV2.java:start(130)) - Starting RatisPipelineUtilsThread.
2021-06-02 03:39:34,738 [Listener at 0.0.0.0/13421] INFO  algorithms.PipelineChoosePolicyFactory (PipelineChoosePolicyFactory.java:createPipelineChoosePolicyFromClass(73)) - Create pipeline choose policy of type org.apache.hadoop.hdds.scm.pipeline.choose.algorithms.RandomPipelineChoosePolicy
2021-06-02 03:39:34,738 [Listener at 0.0.0.0/13421] INFO  ha.SCMServiceManager (SCMServiceManager.java:register(43)) - Registering service SCMBlockDeletingService.
2021-06-02 03:39:34,739 [Listener at 0.0.0.0/13421] INFO  ha.SCMServiceManager (SCMServiceManager.java:register(43)) - Registering service ReplicationManager.
2021-06-02 03:39:34,740 [Listener at 0.0.0.0/13421] INFO  container.ReplicationManager (ReplicationManager.java:start(227)) - Starting Replication Monitor Thread.
2021-06-02 03:39:34,741 [Listener at 0.0.0.0/13421] INFO  safemode.HealthyPipelineSafeModeRule (HealthyPipelineSafeModeRule.java:<init>(90)) - Total pipeline count is 0, healthy pipeline threshold count is 0
2021-06-02 03:39:34,742 [Listener at 0.0.0.0/13421] INFO  safemode.OneReplicaPipelineSafeModeRule (OneReplicaPipelineSafeModeRule.java:<init>(86)) - Total pipeline count is 0, pipeline's with at least one datanode reported threshold count is 0
2021-06-02 03:39:34,742 [ReplicationMonitor] INFO  container.ReplicationManager (ReplicationManager.java:run(291)) - Replication Monitor Thread took 0 milliseconds for processing 0 containers.
2021-06-02 03:39:34,743 [Listener at 0.0.0.0/13421] INFO  ipc.CallQueueManager (CallQueueManager.java:<init>(85)) - Using callQueue: class java.util.concurrent.LinkedBlockingQueue, queueCapacity: 2000, scheduler: class org.apache.hadoop.ipc.DefaultRpcScheduler, ipcBackoff: false.
2021-06-02 03:39:34,744 [Socket Reader #1 for port 13429] INFO  ipc.Server (Server.java:run(1255)) - Starting Socket Reader #1 for port 13429
2021-06-02 03:39:34,746 [Listener at 0.0.0.0/13429] INFO  ipc.CallQueueManager (CallQueueManager.java:<init>(85)) - Using callQueue: class java.util.concurrent.LinkedBlockingQueue, queueCapacity: 2000, scheduler: class org.apache.hadoop.ipc.DefaultRpcScheduler, ipcBackoff: false.
2021-06-02 03:39:34,747 [Socket Reader #1 for port 13430] INFO  ipc.Server (Server.java:run(1255)) - Starting Socket Reader #1 for port 13430
2021-06-02 03:39:34,752 [Listener at 0.0.0.0/13430] INFO  ipc.CallQueueManager (CallQueueManager.java:<init>(85)) - Using callQueue: class java.util.concurrent.LinkedBlockingQueue, queueCapacity: 2000, scheduler: class org.apache.hadoop.ipc.DefaultRpcScheduler, ipcBackoff: false.
2021-06-02 03:39:34,753 [Socket Reader #1 for port 13431] INFO  ipc.Server (Server.java:run(1255)) - Starting Socket Reader #1 for port 13431
2021-06-02 03:39:34,768 [Listener at 0.0.0.0/13431] INFO  server.StorageContainerManager (StorageContainerManager.java:<init>(418)) - 
Container Balancer status:
Key                            Value
Running                        true
Container Balancer Configuration values:
Key                            Value
Threshold                      0.1
Max Datanodes to Balance       5
Max Size to Move               10737418240B

2021-06-02 03:39:34,768 [Listener at 0.0.0.0/13431] WARN  events.EventQueue (EventQueue.java:fireEvent(185)) - No event handler registered for event TypedEvent{payloadType=SafeModeStatus, name='Safe mode status'}
2021-06-02 03:39:34,768 [Listener at 0.0.0.0/13431] INFO  ha.SCMContext (SCMContext.java:updateSafeModeStatus(148)) - Update SafeModeStatus from SafeModeStatus{safeModeStatus=true, preCheckPassed=false} to SafeModeStatus{safeModeStatus=true, preCheckPassed=false}.
2021-06-02 03:39:34,771 [Listener at 0.0.0.0/13431] INFO  server.StorageContainerManager (StorageContainerManager.java:start(1201)) - StorageContainerLocationProtocol RPC server is listening at /0.0.0.0:13431
2021-06-02 03:39:34,771 [Listener at 0.0.0.0/13431] INFO  ha.SCMRatisServerImpl (SCMRatisServerImpl.java:start(171)) - starting ratis server 0.0.0.0:13428
2021-06-02 03:39:34,772 [Listener at 0.0.0.0/13431] INFO  server.RaftServer$Division (RaftServerImpl.java:start(298)) - fa9af0bf-88a5-45b5-8a0f-275e1ab99f66@group-17152E3F0F0C: start with initializing state, conf=-1: [], old=null
2021-06-02 03:39:34,772 [Listener at 0.0.0.0/13431] INFO  server.RaftServer$Division (RaftServerImpl.java:setRole(284)) - fa9af0bf-88a5-45b5-8a0f-275e1ab99f66@group-17152E3F0F0C: changes role from      null to FOLLOWER at term 0 for startInitializing
2021-06-02 03:39:34,772 [Listener at 0.0.0.0/13431] INFO  util.JmxRegister (JmxRegister.java:tryRegister(44)) - Successfully registered JMX Bean with object name Ratis:service=RaftServer,group=group-17152E3F0F0C,id=fa9af0bf-88a5-45b5-8a0f-275e1ab99f66
2021-06-02 03:39:34,772 [Listener at 0.0.0.0/13431] INFO  metrics.RatisMetrics (RatisMetrics.java:lambda$create$0(36)) - Creating Metrics Registry : ratis.state_machine.fa9af0bf-88a5-45b5-8a0f-275e1ab99f66@group-17152E3F0F0C
2021-06-02 03:39:34,772 [Listener at 0.0.0.0/13431] WARN  impl.MetricRegistriesImpl (MetricRegistriesImpl.java:lambda$create$1(65)) - First MetricRegistry has been created without registering reporters. You may need to call MetricRegistries.global().addReporterRegistration(...) before.
2021-06-02 03:39:34,777 [Listener at 0.0.0.0/13431] INFO  server.RaftServer (RaftServerProxy.java:lambda$start$5(374)) - fa9af0bf-88a5-45b5-8a0f-275e1ab99f66: start RPC server
2021-06-02 03:39:34,783 [Listener at 0.0.0.0/13431] INFO  server.GrpcService (GrpcService.java:startImpl(253)) - fa9af0bf-88a5-45b5-8a0f-275e1ab99f66: GrpcService started, listening on 13428
2021-06-02 03:39:34,784 [Listener at 0.0.0.0/13431] INFO  ha.SCMNodeInfo (SCMNodeInfo.java:getPort(197)) - ConfigKey ozone.scm.client.address is deprecated, For configuring different ports for each SCM use PortConfigKey ozone.scm.client.port appended with serviceId and nodeId
2021-06-02 03:39:34,784 [Listener at 0.0.0.0/13431] INFO  ha.SCMNodeInfo (SCMNodeInfo.java:getPort(197)) - ConfigKey ozone.scm.block.client.address is deprecated, For configuring different ports for each SCM use PortConfigKey ozone.scm.block.client.port appended with serviceId and nodeId
2021-06-02 03:39:34,784 [Listener at 0.0.0.0/13431] INFO  ha.SCMNodeInfo (SCMNodeInfo.java:getPort(197)) - ConfigKey ozone.scm.datanode.address is deprecated, For configuring different ports for each SCM use PortConfigKey ozone.scm.datanode.port appended with serviceId and nodeId
2021-06-02 03:39:34,784 [Listener at 0.0.0.0/13431] INFO  ha.SCMNodeInfo (SCMNodeInfo.java:getPort(197)) - ConfigKey ozone.scm.client.address is deprecated, For configuring different ports for each SCM use PortConfigKey ozone.scm.client.port appended with serviceId and nodeId
2021-06-02 03:39:34,784 [Listener at 0.0.0.0/13431] INFO  ha.SCMNodeInfo (SCMNodeInfo.java:getPort(197)) - ConfigKey ozone.scm.block.client.address is deprecated, For configuring different ports for each SCM use PortConfigKey ozone.scm.block.client.port appended with serviceId and nodeId
2021-06-02 03:39:34,785 [Listener at 0.0.0.0/13431] INFO  ha.SCMNodeInfo (SCMNodeInfo.java:getPort(197)) - ConfigKey ozone.scm.datanode.address is deprecated, For configuring different ports for each SCM use PortConfigKey ozone.scm.datanode.port appended with serviceId and nodeId
2021-06-02 03:39:34,785 [Listener at 0.0.0.0/13431] INFO  ha.SCMNodeInfo (SCMNodeInfo.java:getPort(197)) - ConfigKey ozone.scm.client.address is deprecated, For configuring different ports for each SCM use PortConfigKey ozone.scm.client.port appended with serviceId and nodeId
2021-06-02 03:39:34,785 [Listener at 0.0.0.0/13431] INFO  ha.SCMNodeInfo (SCMNodeInfo.java:getPort(197)) - ConfigKey ozone.scm.block.client.address is deprecated, For configuring different ports for each SCM use PortConfigKey ozone.scm.block.client.port appended with serviceId and nodeId
2021-06-02 03:39:34,785 [Listener at 0.0.0.0/13431] INFO  ha.SCMNodeInfo (SCMNodeInfo.java:getPort(197)) - ConfigKey ozone.scm.datanode.address is deprecated, For configuring different ports for each SCM use PortConfigKey ozone.scm.datanode.port appended with serviceId and nodeId
2021-06-02 03:39:34,788 [org.apache.ratis.util.JvmPauseMonitor$$Lambda$491/1164289802@33a7331] INFO  util.JvmPauseMonitor (JvmPauseMonitor.java:run(103)) - JvmPauseMonitor-fa9af0bf-88a5-45b5-8a0f-275e1ab99f66: Started
2021-06-02 03:39:34,796 [IPC Server handler 1 on default port 13410] INFO  ha.SCMRatisServerImpl (SCMRatisServerImpl.java:addSCM(282)) - c464142a-7b71-4845-800f-f5b0129c6cb8: Submitting SetConfiguration request to Ratis server with new SCM peers list: [c464142a-7b71-4845-800f-f5b0129c6cb8|rpc:localhost:13408|admin:|client:|dataStream:|priority:0, 10bbb4cb-6b93-455d-8d5f-be65318fd4b2|rpc:localhost:13418|priority:0, fa9af0bf-88a5-45b5-8a0f-275e1ab99f66|rpc:localhost:13428|priority:0]
2021-06-02 03:39:34,797 [IPC Server handler 1 on default port 13410] INFO  server.RaftServer$Division (RaftServerImpl.java:setConfigurationAsync(970)) - c464142a-7b71-4845-800f-f5b0129c6cb8@group-17152E3F0F0C: receive setConfiguration SetConfigurationRequest:client-8DF92F52D675->c464142a-7b71-4845-800f-f5b0129c6cb8@group-17152E3F0F0C, cid=1, seq=0, RW, null, peers:[c464142a-7b71-4845-800f-f5b0129c6cb8|rpc:localhost:13408|admin:|client:|dataStream:|priority:0, 10bbb4cb-6b93-455d-8d5f-be65318fd4b2|rpc:localhost:13418|priority:0, fa9af0bf-88a5-45b5-8a0f-275e1ab99f66|rpc:localhost:13428|priority:0]
2021-06-02 03:39:34,797 [IPC Server handler 1 on default port 13410] INFO  server.RaftServer$Division (LeaderStateImpl.java:startSetConfiguration(345)) - c464142a-7b71-4845-800f-f5b0129c6cb8@group-17152E3F0F0C-LeaderStateImpl: startSetConfiguration SetConfigurationRequest:client-8DF92F52D675->c464142a-7b71-4845-800f-f5b0129c6cb8@group-17152E3F0F0C, cid=1, seq=0, RW, null, peers:[c464142a-7b71-4845-800f-f5b0129c6cb8|rpc:localhost:13408|admin:|client:|dataStream:|priority:0, 10bbb4cb-6b93-455d-8d5f-be65318fd4b2|rpc:localhost:13418|priority:0, fa9af0bf-88a5-45b5-8a0f-275e1ab99f66|rpc:localhost:13428|priority:0]
2021-06-02 03:39:34,797 [IPC Server handler 1 on default port 13410] INFO  server.RaftServerConfigKeys (ConfUtils.java:logGet(44)) - raft.server.log.appender.snapshot.chunk.size.max = 16MB (=16777216) (default)
2021-06-02 03:39:34,797 [IPC Server handler 1 on default port 13410] INFO  server.RaftServerConfigKeys (ConfUtils.java:logGet(44)) - raft.server.log.appender.buffer.byte-limit = 33554432 (custom)
2021-06-02 03:39:34,797 [IPC Server handler 1 on default port 13410] INFO  server.RaftServerConfigKeys (ConfUtils.java:logGet(44)) - raft.server.log.appender.buffer.element-limit = 33554432 (custom)
2021-06-02 03:39:34,882 [IPC Server handler 1 on default port 13410] INFO  grpc.GrpcConfigKeys (ConfUtils.java:logGet(44)) - raft.grpc.server.leader.outstanding.appends.max = 128 (default)
2021-06-02 03:39:34,882 [IPC Server handler 1 on default port 13410] INFO  server.RaftServerConfigKeys (ConfUtils.java:logGet(44)) - raft.server.rpc.request.timeout = 3000ms (default)
2021-06-02 03:39:34,882 [IPC Server handler 1 on default port 13410] INFO  server.RaftServerConfigKeys (ConfUtils.java:logGet(44)) - raft.server.log.appender.install.snapshot.enabled = false (custom)
2021-06-02 03:39:34,895 [grpc-default-executor-0] INFO  metrics.RatisMetrics (RatisMetrics.java:lambda$create$0(36)) - Creating Metrics Registry : ratis.server_message_metrics.fa9af0bf-88a5-45b5-8a0f-275e1ab99f66
2021-06-02 03:39:34,896 [grpc-default-executor-0] WARN  impl.MetricRegistriesImpl (MetricRegistriesImpl.java:lambda$create$1(65)) - First MetricRegistry has been created without registering reporters. You may need to call MetricRegistries.global().addReporterRegistration(...) before.
2021-06-02 03:39:34,898 [grpc-default-executor-0] INFO  ha.SCMStateMachine (SCMStateMachine.java:notifyLeaderChanged(233)) - leader changed, yet current SCM is still follower.
2021-06-02 03:39:34,898 [grpc-default-executor-0] INFO  server.RaftServer$Division (ServerState.java:setLeader(271)) - fa9af0bf-88a5-45b5-8a0f-275e1ab99f66@group-17152E3F0F0C: change Leader from null to c464142a-7b71-4845-800f-f5b0129c6cb8 at term 2 for appendEntries, leader elected after 176ms
2021-06-02 03:39:34,898 [grpc-default-executor-0] INFO  impl.RoleInfo (RoleInfo.java:updateAndGet(130)) - fa9af0bf-88a5-45b5-8a0f-275e1ab99f66: start fa9af0bf-88a5-45b5-8a0f-275e1ab99f66@group-17152E3F0F0C-FollowerState
2021-06-02 03:39:34,907 [grpc-default-executor-0] INFO  server.RaftServer$Division (ServerState.java:setRaftConf(373)) - fa9af0bf-88a5-45b5-8a0f-275e1ab99f66@group-17152E3F0F0C: set configuration 0: [c464142a-7b71-4845-800f-f5b0129c6cb8|rpc:localhost:13408|admin:|client:|dataStream:|priority:0], old=null
2021-06-02 03:39:34,908 [grpc-default-executor-0] INFO  server.RaftServer$Division (ServerState.java:setRaftConf(373)) - fa9af0bf-88a5-45b5-8a0f-275e1ab99f66@group-17152E3F0F0C: set configuration 1: [c464142a-7b71-4845-800f-f5b0129c6cb8|rpc:localhost:13408|admin:|client:|dataStream:|priority:0], old=null
2021-06-02 03:39:34,908 [grpc-default-executor-0] INFO  server.RaftServer$Division (ServerState.java:setRaftConf(373)) - fa9af0bf-88a5-45b5-8a0f-275e1ab99f66@group-17152E3F0F0C: set configuration 3: [c464142a-7b71-4845-800f-f5b0129c6cb8|rpc:localhost:13408|admin:|client:|dataStream:|priority:0, 10bbb4cb-6b93-455d-8d5f-be65318fd4b2|rpc:localhost:13418|admin:|client:|dataStream:|priority:0], old=[c464142a-7b71-4845-800f-f5b0129c6cb8|rpc:localhost:13408|admin:|client:|dataStream:|priority:0]
2021-06-02 03:39:34,908 [grpc-default-executor-0] INFO  server.RaftServer$Division (ServerState.java:setRaftConf(373)) - fa9af0bf-88a5-45b5-8a0f-275e1ab99f66@group-17152E3F0F0C: set configuration 5: [c464142a-7b71-4845-800f-f5b0129c6cb8|rpc:localhost:13408|admin:|client:|dataStream:|priority:0, 10bbb4cb-6b93-455d-8d5f-be65318fd4b2|rpc:localhost:13418|admin:|client:|dataStream:|priority:0], old=null
2021-06-02 03:39:34,908 [grpc-default-executor-0] INFO  segmented.SegmentedRaftLogWorker (SegmentedRaftLogWorker.java:startLogSegment(394)) - fa9af0bf-88a5-45b5-8a0f-275e1ab99f66@group-17152E3F0F0C-SegmentedRaftLogWorker: Starting segment from index:0
2021-06-02 03:39:34,909 [grpc-default-executor-0] INFO  segmented.SegmentedRaftLogWorker (SegmentedRaftLogWorker.java:rollLogSegment(399)) - fa9af0bf-88a5-45b5-8a0f-275e1ab99f66@group-17152E3F0F0C-SegmentedRaftLogWorker: Rolling segment log-0_0 to index:0
2021-06-02 03:39:34,910 [fa9af0bf-88a5-45b5-8a0f-275e1ab99f66@group-17152E3F0F0C-SegmentedRaftLogWorker] INFO  segmented.SegmentedRaftLogWorker (SegmentedRaftLogWorker.java:execute(601)) - fa9af0bf-88a5-45b5-8a0f-275e1ab99f66@group-17152E3F0F0C-SegmentedRaftLogWorker: created new log segment /home/runner/work/ozone/ozone/mnt/ozone/hadoop-ozone/integration-test/target/test-dir/MiniOzoneClusterImpl-c53ac106-a4c8-4947-8709-17152e3f0f0c/scmNode-3/scm-ha/c53ac106-a4c8-4947-8709-17152e3f0f0c/current/log_inprogress_0
2021-06-02 03:39:34,911 [fa9af0bf-88a5-45b5-8a0f-275e1ab99f66@group-17152E3F0F0C-SegmentedRaftLogWorker] INFO  segmented.SegmentedRaftLogWorker (SegmentedRaftLogWorker.java:execute(558)) - fa9af0bf-88a5-45b5-8a0f-275e1ab99f66@group-17152E3F0F0C-SegmentedRaftLogWorker: Rolled log segment from /home/runner/work/ozone/ozone/mnt/ozone/hadoop-ozone/integration-test/target/test-dir/MiniOzoneClusterImpl-c53ac106-a4c8-4947-8709-17152e3f0f0c/scmNode-3/scm-ha/c53ac106-a4c8-4947-8709-17152e3f0f0c/current/log_inprogress_0 to /home/runner/work/ozone/ozone/mnt/ozone/hadoop-ozone/integration-test/target/test-dir/MiniOzoneClusterImpl-c53ac106-a4c8-4947-8709-17152e3f0f0c/scmNode-3/scm-ha/c53ac106-a4c8-4947-8709-17152e3f0f0c/current/log_0-0
2021-06-02 03:39:34,912 [fa9af0bf-88a5-45b5-8a0f-275e1ab99f66@group-17152E3F0F0C-SegmentedRaftLogWorker] INFO  segmented.SegmentedRaftLogWorker (SegmentedRaftLogWorker.java:execute(601)) - fa9af0bf-88a5-45b5-8a0f-275e1ab99f66@group-17152E3F0F0C-SegmentedRaftLogWorker: created new log segment /home/runner/work/ozone/ozone/mnt/ozone/hadoop-ozone/integration-test/target/test-dir/MiniOzoneClusterImpl-c53ac106-a4c8-4947-8709-17152e3f0f0c/scmNode-3/scm-ha/c53ac106-a4c8-4947-8709-17152e3f0f0c/current/log_inprogress_1
2021-06-02 03:39:34,914 [fa9af0bf-88a5-45b5-8a0f-275e1ab99f66@group-17152E3F0F0C-StateMachineUpdater] INFO  ha.SCMStateMachine (SCMStateMachine.java:takeSnapshot(282)) - Current Snapshot Index 6, takeSnapshot took 1 ms
2021-06-02 03:39:34,917 [fa9af0bf-88a5-45b5-8a0f-275e1ab99f66@group-17152E3F0F0C-StateMachineUpdater] INFO  impl.StateMachineUpdater (StateMachineUpdater.java:takeSnapshot(281)) - fa9af0bf-88a5-45b5-8a0f-275e1ab99f66@group-17152E3F0F0C-StateMachineUpdater: Took a snapshot at index 6
2021-06-02 03:39:34,917 [fa9af0bf-88a5-45b5-8a0f-275e1ab99f66@group-17152E3F0F0C-StateMachineUpdater] INFO  impl.StateMachineUpdater (StateMachineUpdater.java:lambda$new$0(89)) - fa9af0bf-88a5-45b5-8a0f-275e1ab99f66@group-17152E3F0F0C-StateMachineUpdater: snapshotIndex: updateIncreasingly -1 -> 6
2021-06-02 03:39:34,919 [c464142a-7b71-4845-800f-f5b0129c6cb8@group-17152E3F0F0C-LeaderStateImpl] INFO  server.RaftServer$Division (ServerState.java:setRaftConf(373)) - c464142a-7b71-4845-800f-f5b0129c6cb8@group-17152E3F0F0C: set configuration 7: [c464142a-7b71-4845-800f-f5b0129c6cb8|rpc:localhost:13408|admin:|client:|dataStream:|priority:0, 10bbb4cb-6b93-455d-8d5f-be65318fd4b2|rpc:localhost:13418|priority:0, fa9af0bf-88a5-45b5-8a0f-275e1ab99f66|rpc:localhost:13428|priority:0], old=[c464142a-7b71-4845-800f-f5b0129c6cb8|rpc:localhost:13408|admin:|client:|dataStream:|priority:0, 10bbb4cb-6b93-455d-8d5f-be65318fd4b2|rpc:localhost:13418|priority:0]
2021-06-02 03:39:34,922 [grpc-default-executor-0] INFO  server.RaftServer$Division (ServerState.java:setRaftConf(373)) - 10bbb4cb-6b93-455d-8d5f-be65318fd4b2@group-17152E3F0F0C: set configuration 7: [c464142a-7b71-4845-800f-f5b0129c6cb8|rpc:localhost:13408|admin:|client:|dataStream:|priority:0, 10bbb4cb-6b93-455d-8d5f-be65318fd4b2|rpc:localhost:13418|admin:|client:|dataStream:|priority:0, fa9af0bf-88a5-45b5-8a0f-275e1ab99f66|rpc:localhost:13428|admin:|client:|dataStream:|priority:0], old=[c464142a-7b71-4845-800f-f5b0129c6cb8|rpc:localhost:13408|admin:|client:|dataStream:|priority:0, 10bbb4cb-6b93-455d-8d5f-be65318fd4b2|rpc:localhost:13418|admin:|client:|dataStream:|priority:0]
2021-06-02 03:39:34,923 [grpc-default-executor-0] INFO  server.RaftServer$Division (ServerState.java:setRaftConf(373)) - fa9af0bf-88a5-45b5-8a0f-275e1ab99f66@group-17152E3F0F0C: set configuration 7: [c464142a-7b71-4845-800f-f5b0129c6cb8|rpc:localhost:13408|admin:|client:|dataStream:|priority:0, 10bbb4cb-6b93-455d-8d5f-be65318fd4b2|rpc:localhost:13418|admin:|client:|dataStream:|priority:0, fa9af0bf-88a5-45b5-8a0f-275e1ab99f66|rpc:localhost:13428|admin:|client:|dataStream:|priority:0], old=[c464142a-7b71-4845-800f-f5b0129c6cb8|rpc:localhost:13408|admin:|client:|dataStream:|priority:0, 10bbb4cb-6b93-455d-8d5f-be65318fd4b2|rpc:localhost:13418|admin:|client:|dataStream:|priority:0]
2021-06-02 03:39:34,928 [c464142a-7b71-4845-800f-f5b0129c6cb8@group-17152E3F0F0C-LeaderStateImpl] INFO  server.RaftServer$Division (ServerState.java:setRaftConf(373)) - c464142a-7b71-4845-800f-f5b0129c6cb8@group-17152E3F0F0C: set configuration 9: [c464142a-7b71-4845-800f-f5b0129c6cb8|rpc:localhost:13408|admin:|client:|dataStream:|priority:0, 10bbb4cb-6b93-455d-8d5f-be65318fd4b2|rpc:localhost:13418|priority:0, fa9af0bf-88a5-45b5-8a0f-275e1ab99f66|rpc:localhost:13428|priority:0], old=null
2021-06-02 03:39:34,932 [grpc-default-executor-2] INFO  server.RaftServer$Division (ServerState.java:setRaftConf(373)) - fa9af0bf-88a5-45b5-8a0f-275e1ab99f66@group-17152E3F0F0C: set configuration 9: [c464142a-7b71-4845-800f-f5b0129c6cb8|rpc:localhost:13408|admin:|client:|dataStream:|priority:0, 10bbb4cb-6b93-455d-8d5f-be65318fd4b2|rpc:localhost:13418|admin:|client:|dataStream:|priority:0, fa9af0bf-88a5-45b5-8a0f-275e1ab99f66|rpc:localhost:13428|admin:|client:|dataStream:|priority:0], old=null
2021-06-02 03:39:34,934 [grpc-default-executor-2] INFO  server.RaftServer$Division (ServerState.java:setRaftConf(373)) - 10bbb4cb-6b93-455d-8d5f-be65318fd4b2@group-17152E3F0F0C: set configuration 9: [c464142a-7b71-4845-800f-f5b0129c6cb8|rpc:localhost:13408|admin:|client:|dataStream:|priority:0, 10bbb4cb-6b93-455d-8d5f-be65318fd4b2|rpc:localhost:13418|admin:|client:|dataStream:|priority:0, fa9af0bf-88a5-45b5-8a0f-275e1ab99f66|rpc:localhost:13428|admin:|client:|dataStream:|priority:0], old=null
2021-06-02 03:39:34,947 [IPC Server handler 1 on default port 13410] INFO  ha.SCMRatisServerImpl (SCMRatisServerImpl.java:addSCM(293)) - Successfully added new SCM: fa9af0bf-88a5-45b5-8a0f-275e1ab99f66.
2021-06-02 03:39:34,948 [Listener at 0.0.0.0/13431] INFO  ha.SCMHAManagerImpl (SCMHAManagerImpl.java:start(116)) - Successfully added SCM scmNode-3 to group group-17152E3F0F0C:[c464142a-7b71-4845-800f-f5b0129c6cb8|rpc:localhost:13408|admin:|client:|dataStream:|priority:0, 10bbb4cb-6b93-455d-8d5f-be65318fd4b2|rpc:localhost:13418|admin:|client:|dataStream:|priority:0, fa9af0bf-88a5-45b5-8a0f-275e1ab99f66|rpc:localhost:13428|admin:|client:|dataStream:|priority:0]
2021-06-02 03:39:34,948 [c464142a-7b71-4845-800f-f5b0129c6cb8@group-17152E3F0F0C-StateMachineUpdater] INFO  ha.SCMStateMachine (SCMStateMachine.java:takeSnapshot(282)) - Current Snapshot Index 9, takeSnapshot took 0 ms
2021-06-02 03:39:34,948 [Listener at 0.0.0.0/13431] INFO  ha.InterSCMGrpcService (InterSCMGrpcProtocolService.java:start(94)) - Starting SCM Grpc Service at port 13432
2021-06-02 03:39:34,948 [c464142a-7b71-4845-800f-f5b0129c6cb8@group-17152E3F0F0C-StateMachineUpdater] INFO  impl.StateMachineUpdater (StateMachineUpdater.java:takeSnapshot(281)) - c464142a-7b71-4845-800f-f5b0129c6cb8@group-17152E3F0F0C-StateMachineUpdater: Took a snapshot at index 9
2021-06-02 03:39:34,949 [c464142a-7b71-4845-800f-f5b0129c6cb8@group-17152E3F0F0C-StateMachineUpdater] INFO  impl.StateMachineUpdater (StateMachineUpdater.java:lambda$new$0(89)) - c464142a-7b71-4845-800f-f5b0129c6cb8@group-17152E3F0F0C-StateMachineUpdater: snapshotIndex: updateIncreasingly 4 -> 9
2021-06-02 03:39:34,954 [Listener at 0.0.0.0/13431] INFO  impl.MetricsSystemImpl (MetricsSystemImpl.java:init(158)) - StorageContainerManager metrics system started (again)
2021-06-02 03:39:34,963 [Listener at 0.0.0.0/13431] INFO  server.SCMClientProtocolServer (SCMClientProtocolServer.java:start(157)) - RPC server for Client  is listening at /0.0.0.0:13431
2021-06-02 03:39:34,971 [IPC Server Responder] INFO  ipc.Server (Server.java:run(1497)) - IPC Server Responder: starting
2021-06-02 03:39:34,971 [IPC Server listener on 13431] INFO  ipc.Server (Server.java:run(1334)) - IPC Server listener on 13431: starting
2021-06-02 03:39:34,976 [Listener at 0.0.0.0/13431] INFO  server.StorageContainerManager (StorageContainerManager.java:start(1216)) - ScmBlockLocationProtocol RPC server is listening at /0.0.0.0:13430
2021-06-02 03:39:34,977 [Listener at 0.0.0.0/13431] INFO  server.SCMBlockProtocolServer (SCMBlockProtocolServer.java:start(149)) - RPC server for Block Protocol is listening at /0.0.0.0:13430
2021-06-02 03:39:34,978 [IPC Server Responder] INFO  ipc.Server (Server.java:run(1497)) - IPC Server Responder: starting
2021-06-02 03:39:34,979 [IPC Server listener on 13430] INFO  ipc.Server (Server.java:run(1334)) - IPC Server listener on 13430: starting
2021-06-02 03:39:34,986 [Listener at 0.0.0.0/13431] INFO  server.StorageContainerManager (StorageContainerManager.java:start(1222)) - ScmDatanodeProtocl RPC server is listening at /0.0.0.0:13429
2021-06-02 03:39:34,986 [Listener at 0.0.0.0/13431] INFO  server.SCMDatanodeProtocolServer (SCMDatanodeProtocolServer.java:start(174)) - RPC server for DataNodes is listening at /0.0.0.0:13429
2021-06-02 03:39:34,987 [IPC Server Responder] INFO  ipc.Server (Server.java:run(1497)) - IPC Server Responder: starting
2021-06-02 03:39:34,987 [IPC Server listener on 13429] INFO  ipc.Server (Server.java:run(1334)) - IPC Server listener on 13429: starting
2021-06-02 03:39:34,991 [Listener at 0.0.0.0/13431] INFO  http.BaseHttpServer (BaseHttpServer.java:newHttpServer2BuilderForOzone(209)) - Starting Web-server for scm at: http://0.0.0.0:13426
2021-06-02 03:39:34,991 [Listener at 0.0.0.0/13431] INFO  http.BaseHttpServer (BaseHttpServer.java:<init>(107)) - Hadoop Security Enabled: false Ozone Security Enabled: false Ozone HTTP Security Enabled: false 
2021-06-02 03:39:34,994 [Listener at 0.0.0.0/13431] INFO  server.AuthenticationFilter (AuthenticationFilter.java:constructSecretProvider(240)) - Unable to initialize FileSignerSecretProvider, falling back to use random secrets.
2021-06-02 03:39:34,994 [org.apache.hadoop.util.JvmPauseMonitor$Monitor@393e7546] INFO  util.JvmPauseMonitor (JvmPauseMonitor.java:run(188)) - Starting JVM pause monitor
2021-06-02 03:39:34,995 [Listener at 0.0.0.0/13431] WARN  http.HttpRequestLog (HttpRequestLog.java:getRequestLog(103)) - Jetty request log can only be enabled using Log4j
2021-06-02 03:39:34,996 [Listener at 0.0.0.0/13431] INFO  http.HttpServer2 (HttpServer2.java:addGlobalFilter(1020)) - Added global filter 'safety' (class=org.apache.hadoop.hdds.server.http.HttpServer2$QuotingInputFilter)
2021-06-02 03:39:34,997 [Listener at 0.0.0.0/13431] INFO  http.HttpServer2 (HttpServer2.java:addFilter(996)) - Added filter static_user_filter (class=org.apache.hadoop.http.lib.StaticUserWebFilter$StaticUserFilter) to context scm
2021-06-02 03:39:34,997 [Listener at 0.0.0.0/13431] INFO  http.HttpServer2 (HttpServer2.java:addFilter(1004)) - Added filter static_user_filter (class=org.apache.hadoop.http.lib.StaticUserWebFilter$StaticUserFilter) to context logs
2021-06-02 03:39:34,997 [Listener at 0.0.0.0/13431] INFO  http.HttpServer2 (HttpServer2.java:addFilter(1004)) - Added filter static_user_filter (class=org.apache.hadoop.http.lib.StaticUserWebFilter$StaticUserFilter) to context static
2021-06-02 03:39:34,998 [Listener at 0.0.0.0/13431] INFO  http.HttpServer2 (HttpServer2.java:bindListener(1238)) - Jetty bound to port 13426
2021-06-02 03:39:34,998 [Listener at 0.0.0.0/13431] INFO  server.Server (Server.java:doStart(375)) - jetty-9.4.35.v20201120; built: 2020-11-20T21:17:03.964Z; git: bdc54f03a5e0a7e280fab27f55c3c75ee8da89fb; jvm 1.8.0_292-b10
2021-06-02 03:39:35,005 [Listener at 0.0.0.0/13431] INFO  server.session (DefaultSessionIdManager.java:doStart(334)) - DefaultSessionIdManager workerName=node0
2021-06-02 03:39:35,005 [Listener at 0.0.0.0/13431] INFO  server.session (DefaultSessionIdManager.java:doStart(339)) - No SessionScavenger set, using defaults
2021-06-02 03:39:35,005 [Listener at 0.0.0.0/13431] INFO  server.session (HouseKeeper.java:startScavenging(132)) - node0 Scavenging every 600000ms
2021-06-02 03:39:35,006 [Listener at 0.0.0.0/13431] INFO  handler.ContextHandler (ContextHandler.java:doStart(916)) - Started o.e.j.s.ServletContextHandler@32fd5bc{logs,/logs,file:///home/runner/work/ozone/ozone/mnt/ozone/hadoop-ozone/integration-test/target/log,AVAILABLE}
2021-06-02 03:39:35,007 [Listener at 0.0.0.0/13431] INFO  handler.ContextHandler (ContextHandler.java:doStart(916)) - Started o.e.j.s.ServletContextHandler@b5d7233{static,/static,file:///home/runner/work/ozone/ozone/mnt/ozone/hadoop-ozone/integration-test/target/test-classes/webapps/static,AVAILABLE}
2021-06-02 03:39:35,011 [Listener at 0.0.0.0/13431] INFO  handler.ContextHandler (ContextHandler.java:doStart(916)) - Started o.e.j.w.WebAppContext@747e8659{scm,/,file:///home/runner/work/ozone/ozone/mnt/ozone/hadoop-ozone/integration-test/target/test-classes/webapps/scm/,AVAILABLE}{file:/home/runner/work/ozone/ozone/mnt/ozone/hadoop-ozone/integration-test/target/test-classes/webapps/scm}
2021-06-02 03:39:35,013 [Listener at 0.0.0.0/13431] INFO  server.AbstractConnector (AbstractConnector.java:doStart(331)) - Started ServerConnector@1fcfcf37{HTTP/1.1, (http/1.1)}{0.0.0.0:13426}
2021-06-02 03:39:35,013 [Listener at 0.0.0.0/13431] INFO  server.Server (Server.java:doStart(415)) - Started @18230ms
2021-06-02 03:39:35,013 [Listener at 0.0.0.0/13431] WARN  impl.MetricsSystemImpl (MetricsSystemImpl.java:register(279)) - Sink prometheus already exists!
2021-06-02 03:39:35,014 [Listener at 0.0.0.0/13431] INFO  http.BaseHttpServer (BaseHttpServer.java:updateConnectorAddress(329)) - HTTP server of scm listening at http://0.0.0.0:13426
2021-06-02 03:39:35,014 [Listener at 0.0.0.0/13431] INFO  ozone.MiniOzoneHAClusterImpl (MiniOzoneHAClusterImpl.java:createSCMService(536)) - Started SCM RPC server at org.apache.hadoop.hdds.scm.server.SCMClientProtocolServer@4b360a82
2021-06-02 03:39:35,135 [Listener at 0.0.0.0/13431] INFO  ha.OMHANodeDetails (OMHANodeDetails.java:loadOMHAConfig(111)) - ServiceID for OzoneManager is om-service-test1
2021-06-02 03:39:35,139 [Listener at 0.0.0.0/13431] INFO  ha.OMHANodeDetails (OMHANodeDetails.java:loadOMHAConfig(187)) - Found matching OM address with OMServiceId: om-service-test1, OMNodeId: omNode-1, RPC Address: localhost:13420 and Ratis port: 13424
2021-06-02 03:39:35,139 [Listener at 0.0.0.0/13431] INFO  ha.OMHANodeDetails (ConfUtils.java:setNodeSpecificConfigs(105)) - Setting configuration key ozone.om.http-address with value of key ozone.om.http-address.om-service-test1.omNode-1: 127.0.0.1:13422
2021-06-02 03:39:35,139 [Listener at 0.0.0.0/13431] INFO  ha.OMHANodeDetails (ConfUtils.java:setNodeSpecificConfigs(105)) - Setting configuration key ozone.om.https-address with value of key ozone.om.https-address.om-service-test1.omNode-1: 127.0.0.1:13423
2021-06-02 03:39:35,139 [Listener at 0.0.0.0/13431] INFO  ha.OMHANodeDetails (ConfUtils.java:setNodeSpecificConfigs(105)) - Setting configuration key ozone.om.address with value of key ozone.om.address.om-service-test1.omNode-1: 127.0.0.1:13420
2021-06-02 03:39:35,141 [Listener at 0.0.0.0/13431] WARN  server.ServerUtils (ServerUtils.java:getDBPath(225)) - ozone.om.db.dirs is not configured. We recommend adding this setting. Falling back to ozone.metadata.dirs instead.
2021-06-02 03:39:35,143 [Listener at 0.0.0.0/13431] INFO  ha.SCMNodeInfo (SCMNodeInfo.java:getPort(197)) - ConfigKey ozone.scm.client.address is deprecated, For configuring different ports for each SCM use PortConfigKey ozone.scm.client.port appended with serviceId and nodeId
2021-06-02 03:39:35,143 [Listener at 0.0.0.0/13431] INFO  ha.SCMNodeInfo (SCMNodeInfo.java:getPort(197)) - ConfigKey ozone.scm.block.client.address is deprecated, For configuring different ports for each SCM use PortConfigKey ozone.scm.block.client.port appended with serviceId and nodeId
2021-06-02 03:39:35,143 [Listener at 0.0.0.0/13431] INFO  ha.SCMNodeInfo (SCMNodeInfo.java:getPort(197)) - ConfigKey ozone.scm.datanode.address is deprecated, For configuring different ports for each SCM use PortConfigKey ozone.scm.datanode.port appended with serviceId and nodeId
2021-06-02 03:39:35,143 [Listener at 0.0.0.0/13431] INFO  ha.SCMNodeInfo (SCMNodeInfo.java:getPort(197)) - ConfigKey ozone.scm.client.address is deprecated, For configuring different ports for each SCM use PortConfigKey ozone.scm.client.port appended with serviceId and nodeId
2021-06-02 03:39:35,143 [Listener at 0.0.0.0/13431] INFO  ha.SCMNodeInfo (SCMNodeInfo.java:getPort(197)) - ConfigKey ozone.scm.block.client.address is deprecated, For configuring different ports for each SCM use PortConfigKey ozone.scm.block.client.port appended with serviceId and nodeId
2021-06-02 03:39:35,144 [Listener at 0.0.0.0/13431] INFO  ha.SCMNodeInfo (SCMNodeInfo.java:getPort(197)) - ConfigKey ozone.scm.datanode.address is deprecated, For configuring different ports for each SCM use PortConfigKey ozone.scm.datanode.port appended with serviceId and nodeId
2021-06-02 03:39:35,144 [Listener at 0.0.0.0/13431] INFO  ha.SCMNodeInfo (SCMNodeInfo.java:getPort(197)) - ConfigKey ozone.scm.client.address is deprecated, For configuring different ports for each SCM use PortConfigKey ozone.scm.client.port appended with serviceId and nodeId
2021-06-02 03:39:35,144 [Listener at 0.0.0.0/13431] INFO  ha.SCMNodeInfo (SCMNodeInfo.java:getPort(197)) - ConfigKey ozone.scm.block.client.address is deprecated, For configuring different ports for each SCM use PortConfigKey ozone.scm.block.client.port appended with serviceId and nodeId
2021-06-02 03:39:35,144 [Listener at 0.0.0.0/13431] INFO  ha.SCMNodeInfo (SCMNodeInfo.java:getPort(197)) - ConfigKey ozone.scm.datanode.address is deprecated, For configuring different ports for each SCM use PortConfigKey ozone.scm.datanode.port appended with serviceId and nodeId
OM initialization succeeded.Current cluster id for sd=/home/runner/work/ozone/ozone/mnt/ozone/hadoop-ozone/integration-test/target/test-dir/MiniOzoneClusterImpl-c53ac106-a4c8-4947-8709-17152e3f0f0c/omNode-1/om;cid=c53ac106-a4c8-4947-8709-17152e3f0f0c;layoutVersion=0
2021-06-02 03:39:35,154 [Listener at 0.0.0.0/13431] INFO  ha.OMHANodeDetails (OMHANodeDetails.java:loadOMHAConfig(111)) - ServiceID for OzoneManager is om-service-test1
2021-06-02 03:39:35,155 [Listener at 0.0.0.0/13431] INFO  ha.OMHANodeDetails (OMHANodeDetails.java:loadOMHAConfig(187)) - Found matching OM address with OMServiceId: om-service-test1, OMNodeId: omNode-1, RPC Address: localhost:13420 and Ratis port: 13424
2021-06-02 03:39:35,156 [Listener at 0.0.0.0/13431] INFO  ha.OMHANodeDetails (ConfUtils.java:setNodeSpecificConfigs(105)) - Setting configuration key ozone.om.http-address with value of key ozone.om.http-address.om-service-test1.omNode-1: 127.0.0.1:13422
2021-06-02 03:39:35,156 [Listener at 0.0.0.0/13431] INFO  ha.OMHANodeDetails (ConfUtils.java:setNodeSpecificConfigs(105)) - Setting configuration key ozone.om.https-address with value of key ozone.om.https-address.om-service-test1.omNode-1: 127.0.0.1:13423
2021-06-02 03:39:35,156 [Listener at 0.0.0.0/13431] INFO  ha.OMHANodeDetails (ConfUtils.java:setNodeSpecificConfigs(105)) - Setting configuration key ozone.om.address with value of key ozone.om.address.om-service-test1.omNode-1: 127.0.0.1:13420
2021-06-02 03:39:35,156 [Listener at 0.0.0.0/13431] WARN  server.ServerUtils (ServerUtils.java:getDBPath(225)) - ozone.om.db.dirs is not configured. We recommend adding this setting. Falling back to ozone.metadata.dirs instead.
2021-06-02 03:39:35,156 [Listener at 0.0.0.0/13431] WARN  server.ServerUtils (ServerUtils.java:getDBPath(225)) - ozone.om.db.dirs is not configured. We recommend adding this setting. Falling back to ozone.metadata.dirs instead.
2021-06-02 03:39:35,162 [Listener at 0.0.0.0/13431] INFO  ha.SCMNodeInfo (SCMNodeInfo.java:getPort(197)) - ConfigKey ozone.scm.client.address is deprecated, For configuring different ports for each SCM use PortConfigKey ozone.scm.client.port appended with serviceId and nodeId
2021-06-02 03:39:35,163 [Listener at 0.0.0.0/13431] INFO  ha.SCMNodeInfo (SCMNodeInfo.java:getPort(197)) - ConfigKey ozone.scm.block.client.address is deprecated, For configuring different ports for each SCM use PortConfigKey ozone.scm.block.client.port appended with serviceId and nodeId
2021-06-02 03:39:35,163 [Listener at 0.0.0.0/13431] INFO  ha.SCMNodeInfo (SCMNodeInfo.java:getPort(197)) - ConfigKey ozone.scm.datanode.address is deprecated, For configuring different ports for each SCM use PortConfigKey ozone.scm.datanode.port appended with serviceId and nodeId
2021-06-02 03:39:35,163 [Listener at 0.0.0.0/13431] INFO  ha.SCMNodeInfo (SCMNodeInfo.java:getPort(197)) - ConfigKey ozone.scm.client.address is deprecated, For configuring different ports for each SCM use PortConfigKey ozone.scm.client.port appended with serviceId and nodeId
2021-06-02 03:39:35,163 [Listener at 0.0.0.0/13431] INFO  ha.SCMNodeInfo (SCMNodeInfo.java:getPort(197)) - ConfigKey ozone.scm.block.client.address is deprecated, For configuring different ports for each SCM use PortConfigKey ozone.scm.block.client.port appended with serviceId and nodeId
2021-06-02 03:39:35,163 [Listener at 0.0.0.0/13431] INFO  ha.SCMNodeInfo (SCMNodeInfo.java:getPort(197)) - ConfigKey ozone.scm.datanode.address is deprecated, For configuring different ports for each SCM use PortConfigKey ozone.scm.datanode.port appended with serviceId and nodeId
2021-06-02 03:39:35,163 [Listener at 0.0.0.0/13431] INFO  ha.SCMNodeInfo (SCMNodeInfo.java:getPort(197)) - ConfigKey ozone.scm.client.address is deprecated, For configuring different ports for each SCM use PortConfigKey ozone.scm.client.port appended with serviceId and nodeId
2021-06-02 03:39:35,163 [Listener at 0.0.0.0/13431] INFO  ha.SCMNodeInfo (SCMNodeInfo.java:getPort(197)) - ConfigKey ozone.scm.block.client.address is deprecated, For configuring different ports for each SCM use PortConfigKey ozone.scm.block.client.port appended with serviceId and nodeId
2021-06-02 03:39:35,164 [Listener at 0.0.0.0/13431] INFO  ha.SCMNodeInfo (SCMNodeInfo.java:getPort(197)) - ConfigKey ozone.scm.datanode.address is deprecated, For configuring different ports for each SCM use PortConfigKey ozone.scm.datanode.port appended with serviceId and nodeId
2021-06-02 03:39:35,412 [org.apache.ratis.util.JvmPauseMonitor$$Lambda$491/1164289802@33a7331] WARN  util.JvmPauseMonitor (JvmPauseMonitor.java:detectPause(124)) - JvmPauseMonitor-fa9af0bf-88a5-45b5-8a0f-275e1ab99f66: Detected pause in JVM or host machine (eg GC): pause of approximately 123542504ns.
GC pool 'PS Scavenge' had collection(s): count=1 time=159ms
2021-06-02 03:39:35,452 [Listener at 0.0.0.0/13431] INFO  ha.SCMNodeInfo (SCMNodeInfo.java:getPort(197)) - ConfigKey ozone.scm.client.address is deprecated, For configuring different ports for each SCM use PortConfigKey ozone.scm.client.port appended with serviceId and nodeId
2021-06-02 03:39:35,452 [Listener at 0.0.0.0/13431] INFO  ha.SCMNodeInfo (SCMNodeInfo.java:getPort(197)) - ConfigKey ozone.scm.block.client.address is deprecated, For configuring different ports for each SCM use PortConfigKey ozone.scm.block.client.port appended with serviceId and nodeId
2021-06-02 03:39:35,453 [Listener at 0.0.0.0/13431] INFO  ha.SCMNodeInfo (SCMNodeInfo.java:getPort(197)) - ConfigKey ozone.scm.datanode.address is deprecated, For configuring different ports for each SCM use PortConfigKey ozone.scm.datanode.port appended with serviceId and nodeId
2021-06-02 03:39:35,453 [Listener at 0.0.0.0/13431] INFO  ha.SCMNodeInfo (SCMNodeInfo.java:getPort(197)) - ConfigKey ozone.scm.client.address is deprecated, For configuring different ports for each SCM use PortConfigKey ozone.scm.client.port appended with serviceId and nodeId
2021-06-02 03:39:35,453 [Listener at 0.0.0.0/13431] INFO  ha.SCMNodeInfo (SCMNodeInfo.java:getPort(197)) - ConfigKey ozone.scm.block.client.address is deprecated, For configuring different ports for each SCM use PortConfigKey ozone.scm.block.client.port appended with serviceId and nodeId
2021-06-02 03:39:35,453 [Listener at 0.0.0.0/13431] INFO  ha.SCMNodeInfo (SCMNodeInfo.java:getPort(197)) - ConfigKey ozone.scm.datanode.address is deprecated, For configuring different ports for each SCM use PortConfigKey ozone.scm.datanode.port appended with serviceId and nodeId
2021-06-02 03:39:35,453 [Listener at 0.0.0.0/13431] INFO  ha.SCMNodeInfo (SCMNodeInfo.java:getPort(197)) - ConfigKey ozone.scm.client.address is deprecated, For configuring different ports for each SCM use PortConfigKey ozone.scm.client.port appended with serviceId and nodeId
2021-06-02 03:39:35,453 [Listener at 0.0.0.0/13431] INFO  ha.SCMNodeInfo (SCMNodeInfo.java:getPort(197)) - ConfigKey ozone.scm.block.client.address is deprecated, For configuring different ports for each SCM use PortConfigKey ozone.scm.block.client.port appended with serviceId and nodeId
2021-06-02 03:39:35,454 [Listener at 0.0.0.0/13431] INFO  ha.SCMNodeInfo (SCMNodeInfo.java:getPort(197)) - ConfigKey ozone.scm.datanode.address is deprecated, For configuring different ports for each SCM use PortConfigKey ozone.scm.datanode.port appended with serviceId and nodeId
2021-06-02 03:39:35,456 [Listener at 0.0.0.0/13431] INFO  ha.SCMNodeInfo (SCMNodeInfo.java:getPort(197)) - ConfigKey ozone.scm.client.address is deprecated, For configuring different ports for each SCM use PortConfigKey ozone.scm.client.port appended with serviceId and nodeId
2021-06-02 03:39:35,456 [Listener at 0.0.0.0/13431] INFO  ha.SCMNodeInfo (SCMNodeInfo.java:getPort(197)) - ConfigKey ozone.scm.block.client.address is deprecated, For configuring different ports for each SCM use PortConfigKey ozone.scm.block.client.port appended with serviceId and nodeId
2021-06-02 03:39:35,456 [Listener at 0.0.0.0/13431] INFO  ha.SCMNodeInfo (SCMNodeInfo.java:getPort(197)) - ConfigKey ozone.scm.datanode.address is deprecated, For configuring different ports for each SCM use PortConfigKey ozone.scm.datanode.port appended with serviceId and nodeId
2021-06-02 03:39:35,456 [Listener at 0.0.0.0/13431] INFO  ha.SCMNodeInfo (SCMNodeInfo.java:getPort(197)) - ConfigKey ozone.scm.client.address is deprecated, For configuring different ports for each SCM use PortConfigKey ozone.scm.client.port appended with serviceId and nodeId
2021-06-02 03:39:35,456 [Listener at 0.0.0.0/13431] INFO  ha.SCMNodeInfo (SCMNodeInfo.java:getPort(197)) - ConfigKey ozone.scm.block.client.address is deprecated, For configuring different ports for each SCM use PortConfigKey ozone.scm.block.client.port appended with serviceId and nodeId
2021-06-02 03:39:35,456 [Listener at 0.0.0.0/13431] INFO  ha.SCMNodeInfo (SCMNodeInfo.java:getPort(197)) - ConfigKey ozone.scm.datanode.address is deprecated, For configuring different ports for each SCM use PortConfigKey ozone.scm.datanode.port appended with serviceId and nodeId
2021-06-02 03:39:35,457 [Listener at 0.0.0.0/13431] INFO  ha.SCMNodeInfo (SCMNodeInfo.java:getPort(197)) - ConfigKey ozone.scm.client.address is deprecated, For configuring different ports for each SCM use PortConfigKey ozone.scm.client.port appended with serviceId and nodeId
2021-06-02 03:39:35,457 [Listener at 0.0.0.0/13431] INFO  ha.SCMNodeInfo (SCMNodeInfo.java:getPort(197)) - ConfigKey ozone.scm.block.client.address is deprecated, For configuring different ports for each SCM use PortConfigKey ozone.scm.block.client.port appended with serviceId and nodeId
2021-06-02 03:39:35,457 [Listener at 0.0.0.0/13431] INFO  ha.SCMNodeInfo (SCMNodeInfo.java:getPort(197)) - ConfigKey ozone.scm.datanode.address is deprecated, For configuring different ports for each SCM use PortConfigKey ozone.scm.datanode.port appended with serviceId and nodeId
2021-06-02 03:39:35,476 [Listener at 0.0.0.0/13431] WARN  server.ServerUtils (ServerUtils.java:getDBPath(225)) - ozone.om.db.dirs is not configured. We recommend adding this setting. Falling back to ozone.metadata.dirs instead.
2021-06-02 03:39:35,483 [Listener at 0.0.0.0/13431] INFO  codec.OmKeyInfoCodec (OmKeyInfoCodec.java:<init>(43)) - OmKeyInfoCodec ignorePipeline = true
2021-06-02 03:39:35,484 [Listener at 0.0.0.0/13431] INFO  codec.RepeatedOmKeyInfoCodec (RepeatedOmKeyInfoCodec.java:<init>(42)) - RepeatedOmKeyInfoCodec ignorePipeline = true
2021-06-02 03:39:35,658 [Listener at 0.0.0.0/13431] INFO  om.OzoneManager (OzoneManager.java:addS3GVolumeToDB(3765)) - Created Volume s3v With Owner runner required for S3Gateway operations.
2021-06-02 03:39:35,664 [Listener at 0.0.0.0/13431] WARN  server.ServerUtils (ServerUtils.java:getDefaultRatisDirectory(237)) - Storage directory for Ratis is not configured. It is a good idea to map this to an SSD disk. Falling back to ozone.metadata.dirs
2021-06-02 03:39:35,665 [Listener at 0.0.0.0/13431] WARN  ratis.OzoneManagerRatisServer (OzoneManagerRatisServer.java:getOMRatisSnapshotDirectory(634)) - ozone.om.ratis.snapshot.dir is not configured. Falling back to ozone.metadata.dirs config
2021-06-02 03:39:35,669 [Listener at 0.0.0.0/13431] WARN  server.ServerUtils (ServerUtils.java:getDefaultRatisDirectory(237)) - Storage directory for Ratis is not configured. It is a good idea to map this to an SSD disk. Falling back to ozone.metadata.dirs
2021-06-02 03:39:35,672 [Listener at 0.0.0.0/13431] INFO  ratis.OzoneManagerRatisServer (OzoneManagerRatisServer.java:<init>(288)) - Instantiating OM Ratis server with GroupID: om-service-test1 and Raft Peers: localhost:13424
2021-06-02 03:39:35,675 [Listener at 0.0.0.0/13431] INFO  ratis.OzoneManagerStateMachine (OzoneManagerStateMachine.java:loadSnapshotInfoFromDB(520)) - LastAppliedIndex is set from TransactionInfo from OM DB as (t:0, i:~)
2021-06-02 03:39:35,692 [Listener at 0.0.0.0/13431] INFO  server.RaftServer (ConfUtils.java:logGet(44)) - raft.rpc.type = GRPC (default)
2021-06-02 03:39:35,693 [Listener at 0.0.0.0/13431] INFO  grpc.GrpcFactory (GrpcFactory.java:checkPooledByteBufAllocatorUseCacheForAllThreads(48)) - PERFORMANCE WARNING: useCacheForAllThreads is true that may cause Netty to create a lot garbage objects and, as a result, trigger GC.
	It is recommended to disable useCacheForAllThreads by setting -Dorg.apache.ratis.thirdparty.io.netty.allocator.useCacheForAllThreads=false in command line.
2021-06-02 03:39:35,693 [Listener at 0.0.0.0/13431] INFO  grpc.GrpcConfigKeys (ConfUtils.java:logGet(44)) - raft.grpc.admin.port = -1 (default)
2021-06-02 03:39:35,693 [Listener at 0.0.0.0/13431] INFO  grpc.GrpcConfigKeys (ConfUtils.java:logGet(44)) - raft.grpc.server.port = 13424 (custom)
2021-06-02 03:39:35,694 [Listener at 0.0.0.0/13431] INFO  grpc.GrpcConfigKeys (ConfUtils.java:logGet(44)) - raft.grpc.client.port = -1 (default)
2021-06-02 03:39:35,694 [Listener at 0.0.0.0/13431] INFO  grpc.GrpcConfigKeys (ConfUtils.java:logGet(44)) - raft.grpc.server.port = 13424 (custom)
2021-06-02 03:39:35,694 [Listener at 0.0.0.0/13431] INFO  grpc.GrpcConfigKeys (ConfUtils.java:logGet(44)) - raft.grpc.server.port = 13424 (custom)
2021-06-02 03:39:35,694 [Listener at 0.0.0.0/13431] INFO  server.GrpcService (ConfUtils.java:logGet(44)) - raft.grpc.message.size.max = 33554432 (custom)
2021-06-02 03:39:35,695 [Listener at 0.0.0.0/13431] INFO  server.RaftServerConfigKeys (ConfUtils.java:logGet(44)) - raft.server.log.appender.buffer.byte-limit = 33554432 (custom)
2021-06-02 03:39:35,695 [Listener at 0.0.0.0/13431] INFO  server.GrpcService (ConfUtils.java:logGet(44)) - raft.grpc.flow.control.window = 1MB (=1048576) (default)
2021-06-02 03:39:35,695 [Listener at 0.0.0.0/13431] INFO  server.RaftServerConfigKeys (ConfUtils.java:logGet(44)) - raft.server.rpc.request.timeout = 3000ms (default)
2021-06-02 03:39:35,696 [Listener at 0.0.0.0/13431] INFO  impl.DataStreamServerImpl (ConfUtils.java:logGet(44)) - raft.datastream.type = DISABLED (default)
2021-06-02 03:39:35,697 [Listener at 0.0.0.0/13431] INFO  server.RaftServerConfigKeys (ConfUtils.java:logGet(44)) - raft.server.rpc.slowness.timeout = 2s (custom)
2021-06-02 03:39:35,698 [Listener at 0.0.0.0/13431] INFO  server.RaftServerConfigKeys (ConfUtils.java:logGet(44)) - raft.server.leaderelection.leader.step-down.wait-time = 10s (default)
2021-06-02 03:39:35,698 [Listener at 0.0.0.0/13431] INFO  server.RaftServerConfigKeys (ConfUtils.java:logGet(44)) - raft.server.storage.dir = [/home/runner/work/ozone/ozone/mnt/ozone/hadoop-ozone/integration-test/target/test-dir/MiniOzoneClusterImpl-c53ac106-a4c8-4947-8709-17152e3f0f0c/omNode-1/ratis] (custom)
2021-06-02 03:39:35,705 [Listener at 0.0.0.0/13431] INFO  server.RaftServer (RaftServerProxy.java:addNew(95)) - omNode-1: addNew group-523986131536:[omNode-1|rpc:localhost:13424|priority:0] returns group-523986131536:java.util.concurrent.CompletableFuture@6d4dac56[Not completed]
2021-06-02 03:39:35,705 [Listener at 0.0.0.0/13431] INFO  om.OzoneManager (OzoneManager.java:initializeRatisServer(1294)) - OzoneManager Ratis server initialized at port 13424
2021-06-02 03:39:35,719 [pool-74-thread-1] INFO  server.RaftServer$Division (RaftServerImpl.java:<init>(180)) - omNode-1: new RaftServerImpl for group-523986131536:[omNode-1|rpc:localhost:13424|priority:0] with OzoneManagerStateMachine:uninitialized
2021-06-02 03:39:35,720 [pool-74-thread-1] INFO  server.RaftServerConfigKeys (ConfUtils.java:logGet(44)) - raft.server.rpc.timeout.min = 1s (custom)
2021-06-02 03:39:35,720 [pool-74-thread-1] INFO  server.RaftServerConfigKeys (ConfUtils.java:logGet(44)) - raft.server.rpc.timeout.max = 1200ms (custom)
2021-06-02 03:39:35,720 [pool-74-thread-1] INFO  server.RaftServerConfigKeys (ConfUtils.java:logGet(44)) - raft.server.rpc.sleep.time = 25ms (default)
2021-06-02 03:39:35,720 [pool-74-thread-1] INFO  server.RaftServerConfigKeys (ConfUtils.java:logGet(44)) - raft.server.rpc.slowness.timeout = 2s (custom)
2021-06-02 03:39:35,720 [pool-74-thread-1] INFO  server.RaftServerConfigKeys (ConfUtils.java:logGet(44)) - raft.server.leaderelection.leader.step-down.wait-time = 10s (default)
2021-06-02 03:39:35,720 [pool-74-thread-1] INFO  server.RaftServerConfigKeys (ConfUtils.java:logGet(44)) - raft.server.sleep.deviation.threshold = 300ms (default)
2021-06-02 03:39:35,720 [pool-74-thread-1] INFO  server.RaftServerConfigKeys (ConfUtils.java:logGet(44)) - raft.server.log.appender.install.snapshot.enabled = false (custom)
2021-06-02 03:39:35,721 [pool-74-thread-1] INFO  server.RaftServer$Division (ServerState.java:<init>(105)) - omNode-1@group-523986131536: ConfigurationManager, init=-1: [omNode-1|rpc:localhost:13424|priority:0], old=null, confs=<EMPTY_MAP>
2021-06-02 03:39:35,721 [pool-74-thread-1] INFO  server.RaftServerConfigKeys (ConfUtils.java:logGet(44)) - raft.server.storage.dir = [/home/runner/work/ozone/ozone/mnt/ozone/hadoop-ozone/integration-test/target/test-dir/MiniOzoneClusterImpl-c53ac106-a4c8-4947-8709-17152e3f0f0c/omNode-1/ratis] (custom)
2021-06-02 03:39:35,721 [pool-74-thread-1] INFO  server.RaftServerConfigKeys (ConfUtils.java:logGet(44)) - raft.server.log.corruption.policy = EXCEPTION (default)
2021-06-02 03:39:35,721 [pool-74-thread-1] INFO  storage.RaftStorageDirectory (RaftStorageDirectoryImpl.java:analyzeStorage(132)) - The storage directory /home/runner/work/ozone/ozone/mnt/ozone/hadoop-ozone/integration-test/target/test-dir/MiniOzoneClusterImpl-c53ac106-a4c8-4947-8709-17152e3f0f0c/omNode-1/ratis/c9bc4cf4-3bc3-3c60-a66b-523986131536 does not exist. Creating ...
2021-06-02 03:39:35,723 [pool-74-thread-1] INFO  storage.RaftStorageDirectory (RaftStorageDirectoryImpl.java:tryLock(215)) - Lock on /home/runner/work/ozone/ozone/mnt/ozone/hadoop-ozone/integration-test/target/test-dir/MiniOzoneClusterImpl-c53ac106-a4c8-4947-8709-17152e3f0f0c/omNode-1/ratis/c9bc4cf4-3bc3-3c60-a66b-523986131536/in_use.lock acquired by nodename 21483@fv-az122-562
2021-06-02 03:39:35,724 [pool-74-thread-1] INFO  storage.RaftStorage (RaftStorageImpl.java:format(87)) - Storage directory /home/runner/work/ozone/ozone/mnt/ozone/hadoop-ozone/integration-test/target/test-dir/MiniOzoneClusterImpl-c53ac106-a4c8-4947-8709-17152e3f0f0c/omNode-1/ratis/c9bc4cf4-3bc3-3c60-a66b-523986131536 has been successfully formatted.
2021-06-02 03:39:35,724 [pool-74-thread-1] INFO  server.RaftServerConfigKeys (ConfUtils.java:logGet(44)) - raft.server.notification.no-leader.timeout = 2s (custom)
2021-06-02 03:39:35,724 [pool-74-thread-1] INFO  server.RaftServerConfigKeys (ConfUtils.java:logGet(44)) - raft.server.log.use.memory = false (default)
2021-06-02 03:39:35,725 [pool-74-thread-1] INFO  server.RaftServerConfigKeys (ConfUtils.java:logGet(44)) - raft.server.log.purge.gap = 1000000 (custom)
2021-06-02 03:39:35,725 [pool-74-thread-1] INFO  server.RaftServerConfigKeys (ConfUtils.java:logGet(44)) - raft.server.log.appender.buffer.byte-limit = 33554432 (custom)
2021-06-02 03:39:35,725 [pool-74-thread-1] INFO  metrics.RatisMetrics (RatisMetrics.java:lambda$create$0(36)) - Creating Metrics Registry : ratis.log_worker.omNode-1@group-523986131536
2021-06-02 03:39:35,729 [Listener at 0.0.0.0/13431] INFO  ipc.CallQueueManager (CallQueueManager.java:<init>(85)) - Using callQueue: class java.util.concurrent.LinkedBlockingQueue, queueCapacity: 2000, scheduler: class org.apache.hadoop.ipc.DefaultRpcScheduler, ipcBackoff: false.
2021-06-02 03:39:35,730 [Listener at 0.0.0.0/13431] INFO  ozone.MiniOzoneHAClusterImpl (MiniOzoneHAClusterImpl.java:createOMService(485)) - MiniOzoneHACluster port conflicts, retried 1 times
2021-06-02 03:39:35,731 [Listener at 0.0.0.0/13431] INFO  ha.OMHANodeDetails (OMHANodeDetails.java:loadOMHAConfig(111)) - ServiceID for OzoneManager is om-service-test1
2021-06-02 03:39:35,731 [Listener at 0.0.0.0/13431] INFO  ha.OMHANodeDetails (OMHANodeDetails.java:loadOMHAConfig(187)) - Found matching OM address with OMServiceId: om-service-test1, OMNodeId: omNode-1, RPC Address: localhost:12780 and Ratis port: 12784
2021-06-02 03:39:35,731 [Listener at 0.0.0.0/13431] INFO  ha.OMHANodeDetails (ConfUtils.java:setNodeSpecificConfigs(105)) - Setting configuration key ozone.om.http-address with value of key ozone.om.http-address.om-service-test1.omNode-1: 127.0.0.1:12782
2021-06-02 03:39:35,731 [Listener at 0.0.0.0/13431] INFO  ha.OMHANodeDetails (ConfUtils.java:setNodeSpecificConfigs(105)) - Setting configuration key ozone.om.https-address with value of key ozone.om.https-address.om-service-test1.omNode-1: 127.0.0.1:12783
2021-06-02 03:39:35,731 [Listener at 0.0.0.0/13431] INFO  ha.OMHANodeDetails (ConfUtils.java:setNodeSpecificConfigs(105)) - Setting configuration key ozone.om.address with value of key ozone.om.address.om-service-test1.omNode-1: 127.0.0.1:12780
2021-06-02 03:39:35,732 [Listener at 0.0.0.0/13431] WARN  server.ServerUtils (ServerUtils.java:getDBPath(225)) - ozone.om.db.dirs is not configured. We recommend adding this setting. Falling back to ozone.metadata.dirs instead.
OM already initialized.Reusing existing cluster id for sd=/home/runner/work/ozone/ozone/mnt/ozone/hadoop-ozone/integration-test/target/test-dir/MiniOzoneClusterImpl-c53ac106-a4c8-4947-8709-17152e3f0f0c/omNode-1/om;cid=c53ac106-a4c8-4947-8709-17152e3f0f0c;layoutVersion=0
2021-06-02 03:39:35,732 [Listener at 0.0.0.0/13431] INFO  ha.OMHANodeDetails (OMHANodeDetails.java:loadOMHAConfig(111)) - ServiceID for OzoneManager is om-service-test1
2021-06-02 03:39:35,732 [Listener at 0.0.0.0/13431] INFO  ha.OMHANodeDetails (OMHANodeDetails.java:loadOMHAConfig(187)) - Found matching OM address with OMServiceId: om-service-test1, OMNodeId: omNode-1, RPC Address: localhost:12780 and Ratis port: 12784
2021-06-02 03:39:35,732 [Listener at 0.0.0.0/13431] INFO  ha.OMHANodeDetails (ConfUtils.java:setNodeSpecificConfigs(105)) - Setting configuration key ozone.om.http-address with value of key ozone.om.http-address.om-service-test1.omNode-1: 127.0.0.1:12782
2021-06-02 03:39:35,732 [Listener at 0.0.0.0/13431] INFO  ha.OMHANodeDetails (ConfUtils.java:setNodeSpecificConfigs(105)) - Setting configuration key ozone.om.https-address with value of key ozone.om.https-address.om-service-test1.omNode-1: 127.0.0.1:12783
2021-06-02 03:39:35,733 [Listener at 0.0.0.0/13431] INFO  ha.OMHANodeDetails (ConfUtils.java:setNodeSpecificConfigs(105)) - Setting configuration key ozone.om.address with value of key ozone.om.address.om-service-test1.omNode-1: 127.0.0.1:12780
2021-06-02 03:39:35,733 [Listener at 0.0.0.0/13431] WARN  server.ServerUtils (ServerUtils.java:getDBPath(225)) - ozone.om.db.dirs is not configured. We recommend adding this setting. Falling back to ozone.metadata.dirs instead.
2021-06-02 03:39:35,734 [pool-74-thread-1] INFO  server.RaftServerConfigKeys (ConfUtils.java:logGet(44)) - raft.server.log.segment.size.max = 4194304 (custom)
2021-06-02 03:39:35,739 [Listener at 0.0.0.0/13431] WARN  server.ServerUtils (ServerUtils.java:getDBPath(225)) - ozone.om.db.dirs is not configured. We recommend adding this setting. Falling back to ozone.metadata.dirs instead.
2021-06-02 03:39:35,741 [Listener at 0.0.0.0/13431] INFO  ha.SCMNodeInfo (SCMNodeInfo.java:getPort(197)) - ConfigKey ozone.scm.client.address is deprecated, For configuring different ports for each SCM use PortConfigKey ozone.scm.client.port appended with serviceId and nodeId
2021-06-02 03:39:35,741 [Listener at 0.0.0.0/13431] INFO  ha.SCMNodeInfo (SCMNodeInfo.java:getPort(197)) - ConfigKey ozone.scm.block.client.address is deprecated, For configuring different ports for each SCM use PortConfigKey ozone.scm.block.client.port appended with serviceId and nodeId
2021-06-02 03:39:35,741 [Listener at 0.0.0.0/13431] INFO  ha.SCMNodeInfo (SCMNodeInfo.java:getPort(197)) - ConfigKey ozone.scm.datanode.address is deprecated, For configuring different ports for each SCM use PortConfigKey ozone.scm.datanode.port appended with serviceId and nodeId
2021-06-02 03:39:35,744 [Listener at 0.0.0.0/13431] INFO  ha.SCMNodeInfo (SCMNodeInfo.java:getPort(197)) - ConfigKey ozone.scm.client.address is deprecated, For configuring different ports for each SCM use PortConfigKey ozone.scm.client.port appended with serviceId and nodeId
2021-06-02 03:39:35,745 [Listener at 0.0.0.0/13431] INFO  ha.SCMNodeInfo (SCMNodeInfo.java:getPort(197)) - ConfigKey ozone.scm.block.client.address is deprecated, For configuring different ports for each SCM use PortConfigKey ozone.scm.block.client.port appended with serviceId and nodeId
2021-06-02 03:39:35,745 [Listener at 0.0.0.0/13431] INFO  ha.SCMNodeInfo (SCMNodeInfo.java:getPort(197)) - ConfigKey ozone.scm.datanode.address is deprecated, For configuring different ports for each SCM use PortConfigKey ozone.scm.datanode.port appended with serviceId and nodeId
2021-06-02 03:39:35,746 [Listener at 0.0.0.0/13431] INFO  ha.SCMNodeInfo (SCMNodeInfo.java:getPort(197)) - ConfigKey ozone.scm.client.address is deprecated, For configuring different ports for each SCM use PortConfigKey ozone.scm.client.port appended with serviceId and nodeId
2021-06-02 03:39:35,746 [Listener at 0.0.0.0/13431] INFO  ha.SCMNodeInfo (SCMNodeInfo.java:getPort(197)) - ConfigKey ozone.scm.block.client.address is deprecated, For configuring different ports for each SCM use PortConfigKey ozone.scm.block.client.port appended with serviceId and nodeId
2021-06-02 03:39:35,746 [Listener at 0.0.0.0/13431] INFO  ha.SCMNodeInfo (SCMNodeInfo.java:getPort(197)) - ConfigKey ozone.scm.datanode.address is deprecated, For configuring different ports for each SCM use PortConfigKey ozone.scm.datanode.port appended with serviceId and nodeId
2021-06-02 03:39:35,746 [Listener at 0.0.0.0/13431] INFO  ha.SCMNodeInfo (SCMNodeInfo.java:getPort(197)) - ConfigKey ozone.scm.client.address is deprecated, For configuring different ports for each SCM use PortConfigKey ozone.scm.client.port appended with serviceId and nodeId
2021-06-02 03:39:35,747 [Listener at 0.0.0.0/13431] INFO  ha.SCMNodeInfo (SCMNodeInfo.java:getPort(197)) - ConfigKey ozone.scm.block.client.address is deprecated, For configuring different ports for each SCM use PortConfigKey ozone.scm.block.client.port appended with serviceId and nodeId
2021-06-02 03:39:35,747 [Listener at 0.0.0.0/13431] INFO  ha.SCMNodeInfo (SCMNodeInfo.java:getPort(197)) - ConfigKey ozone.scm.datanode.address is deprecated, For configuring different ports for each SCM use PortConfigKey ozone.scm.datanode.port appended with serviceId and nodeId
2021-06-02 03:39:35,747 [Listener at 0.0.0.0/13431] INFO  ha.SCMNodeInfo (SCMNodeInfo.java:getPort(197)) - ConfigKey ozone.scm.client.address is deprecated, For configuring different ports for each SCM use PortConfigKey ozone.scm.client.port appended with serviceId and nodeId
2021-06-02 03:39:35,747 [Listener at 0.0.0.0/13431] INFO  ha.SCMNodeInfo (SCMNodeInfo.java:getPort(197)) - ConfigKey ozone.scm.block.client.address is deprecated, For configuring different ports for each SCM use PortConfigKey ozone.scm.block.client.port appended with serviceId and nodeId
2021-06-02 03:39:35,747 [Listener at 0.0.0.0/13431] INFO  ha.SCMNodeInfo (SCMNodeInfo.java:getPort(197)) - ConfigKey ozone.scm.datanode.address is deprecated, For configuring different ports for each SCM use PortConfigKey ozone.scm.datanode.port appended with serviceId and nodeId
2021-06-02 03:39:35,747 [Listener at 0.0.0.0/13431] INFO  ha.SCMNodeInfo (SCMNodeInfo.java:getPort(197)) - ConfigKey ozone.scm.client.address is deprecated, For configuring different ports for each SCM use PortConfigKey ozone.scm.client.port appended with serviceId and nodeId
2021-06-02 03:39:35,747 [Listener at 0.0.0.0/13431] INFO  ha.SCMNodeInfo (SCMNodeInfo.java:getPort(197)) - ConfigKey ozone.scm.block.client.address is deprecated, For configuring different ports for each SCM use PortConfigKey ozone.scm.block.client.port appended with serviceId and nodeId
2021-06-02 03:39:35,748 [Listener at 0.0.0.0/13431] INFO  ha.SCMNodeInfo (SCMNodeInfo.java:getPort(197)) - ConfigKey ozone.scm.datanode.address is deprecated, For configuring different ports for each SCM use PortConfigKey ozone.scm.datanode.port appended with serviceId and nodeId
2021-06-02 03:39:35,745 [pool-74-thread-1] INFO  server.RaftServerConfigKeys (ConfUtils.java:logGet(44)) - raft.server.log.segment.cache.num.max = 2 (custom)
2021-06-02 03:39:35,749 [pool-74-thread-1] INFO  server.RaftServerConfigKeys (ConfUtils.java:logGet(44)) - raft.server.log.segment.cache.size.max = 200MB (=209715200) (default)
2021-06-02 03:39:35,749 [pool-74-thread-1] INFO  segmented.SegmentedRaftLogWorker (SegmentedRaftLogWorker.java:<init>(182)) - new omNode-1@group-523986131536-SegmentedRaftLogWorker for RaftStorageImpl:Storage Directory /home/runner/work/ozone/ozone/mnt/ozone/hadoop-ozone/integration-test/target/test-dir/MiniOzoneClusterImpl-c53ac106-a4c8-4947-8709-17152e3f0f0c/omNode-1/ratis/c9bc4cf4-3bc3-3c60-a66b-523986131536
2021-06-02 03:39:35,749 [pool-74-thread-1] INFO  server.RaftServerConfigKeys (ConfUtils.java:logGet(44)) - raft.server.log.queue.byte-limit = 64MB (=67108864) (default)
2021-06-02 03:39:35,749 [pool-74-thread-1] INFO  server.RaftServerConfigKeys (ConfUtils.java:logGet(44)) - raft.server.log.queue.element-limit = 4096 (default)
2021-06-02 03:39:35,749 [pool-74-thread-1] INFO  server.RaftServerConfigKeys (ConfUtils.java:logGet(44)) - raft.server.log.segment.size.max = 4194304 (custom)
2021-06-02 03:39:35,749 [pool-74-thread-1] INFO  server.RaftServerConfigKeys (ConfUtils.java:logGet(44)) - raft.server.log.preallocated.size = 4194304 (custom)
2021-06-02 03:39:35,749 [pool-74-thread-1] INFO  server.RaftServerConfigKeys (ConfUtils.java:logGet(44)) - raft.server.log.force.sync.num = 128 (default)
2021-06-02 03:39:35,749 [pool-74-thread-1] INFO  server.RaftServerConfigKeys (ConfUtils.java:logGet(44)) - raft.server.log.statemachine.data.sync = true (default)
2021-06-02 03:39:35,749 [pool-74-thread-1] INFO  server.RaftServerConfigKeys (ConfUtils.java:logGet(44)) - raft.server.log.statemachine.data.sync.timeout = 10s (default)
2021-06-02 03:39:35,749 [pool-74-thread-1] INFO  server.RaftServerConfigKeys (ConfUtils.java:logGet(44)) - raft.server.log.statemachine.data.sync.timeout.retry = -1 (default)
2021-06-02 03:39:35,751 [pool-74-thread-1] INFO  server.RaftServerConfigKeys (ConfUtils.java:logGet(44)) - raft.server.log.write.buffer.size = 64KB (=65536) (default)
2021-06-02 03:39:35,751 [pool-74-thread-1] INFO  server.RaftServerConfigKeys (ConfUtils.java:logGet(44)) - raft.server.log.statemachine.data.caching.enabled = false (default)
2021-06-02 03:39:35,751 [pool-74-thread-1] INFO  segmented.SegmentedRaftLogWorker (SegmentedRaftLogWorker.java:lambda$new$0(133)) - omNode-1@group-523986131536-SegmentedRaftLogWorker: flushIndex: setUnconditionally 0 -> -1
2021-06-02 03:39:35,753 [pool-74-thread-1] INFO  segmented.SegmentedRaftLogWorker (SegmentedRaftLogWorker.java:lambda$new$0(133)) - omNode-1@group-523986131536-SegmentedRaftLogWorker: safeCacheEvictIndex: setUnconditionally 0 -> -1
2021-06-02 03:39:35,753 [Listener at 0.0.0.0/13431] INFO  ha.SCMNodeInfo (SCMNodeInfo.java:getPort(197)) - ConfigKey ozone.scm.client.address is deprecated, For configuring different ports for each SCM use PortConfigKey ozone.scm.client.port appended with serviceId and nodeId
2021-06-02 03:39:35,754 [Listener at 0.0.0.0/13431] INFO  ha.SCMNodeInfo (SCMNodeInfo.java:getPort(197)) - ConfigKey ozone.scm.block.client.address is deprecated, For configuring different ports for each SCM use PortConfigKey ozone.scm.block.client.port appended with serviceId and nodeId
2021-06-02 03:39:35,754 [Listener at 0.0.0.0/13431] INFO  ha.SCMNodeInfo (SCMNodeInfo.java:getPort(197)) - ConfigKey ozone.scm.datanode.address is deprecated, For configuring different ports for each SCM use PortConfigKey ozone.scm.datanode.port appended with serviceId and nodeId
2021-06-02 03:39:35,754 [Listener at 0.0.0.0/13431] INFO  ha.SCMNodeInfo (SCMNodeInfo.java:getPort(197)) - ConfigKey ozone.scm.client.address is deprecated, For configuring different ports for each SCM use PortConfigKey ozone.scm.client.port appended with serviceId and nodeId
2021-06-02 03:39:35,754 [Listener at 0.0.0.0/13431] INFO  ha.SCMNodeInfo (SCMNodeInfo.java:getPort(197)) - ConfigKey ozone.scm.block.client.address is deprecated, For configuring different ports for each SCM use PortConfigKey ozone.scm.block.client.port appended with serviceId and nodeId
2021-06-02 03:39:35,754 [Listener at 0.0.0.0/13431] INFO  ha.SCMNodeInfo (SCMNodeInfo.java:getPort(197)) - ConfigKey ozone.scm.datanode.address is deprecated, For configuring different ports for each SCM use PortConfigKey ozone.scm.datanode.port appended with serviceId and nodeId
2021-06-02 03:39:35,754 [Listener at 0.0.0.0/13431] INFO  ha.SCMNodeInfo (SCMNodeInfo.java:getPort(197)) - ConfigKey ozone.scm.client.address is deprecated, For configuring different ports for each SCM use PortConfigKey ozone.scm.client.port appended with serviceId and nodeId
2021-06-02 03:39:35,755 [Listener at 0.0.0.0/13431] INFO  ha.SCMNodeInfo (SCMNodeInfo.java:getPort(197)) - ConfigKey ozone.scm.block.client.address is deprecated, For configuring different ports for each SCM use PortConfigKey ozone.scm.block.client.port appended with serviceId and nodeId
2021-06-02 03:39:35,755 [Listener at 0.0.0.0/13431] INFO  ha.SCMNodeInfo (SCMNodeInfo.java:getPort(197)) - ConfigKey ozone.scm.datanode.address is deprecated, For configuring different ports for each SCM use PortConfigKey ozone.scm.datanode.port appended with serviceId and nodeId
2021-06-02 03:39:35,756 [pool-74-thread-1] INFO  server.RaftServerConfigKeys (ConfUtils.java:logGet(44)) - raft.server.snapshot.auto.trigger.enabled = true (custom)
2021-06-02 03:39:35,756 [pool-74-thread-1] INFO  server.RaftServerConfigKeys (ConfUtils.java:logGet(44)) - raft.server.snapshot.auto.trigger.threshold = 400000 (default)
2021-06-02 03:39:35,756 [pool-74-thread-1] INFO  server.RaftServerConfigKeys (ConfUtils.java:logGet(44)) - raft.server.snapshot.retention.file.num = -1 (default)
2021-06-02 03:39:35,756 [pool-74-thread-1] INFO  server.RaftServerConfigKeys (ConfUtils.java:logGet(44)) - raft.server.log.purge.upto.snapshot.index = true (custom)
2021-06-02 03:39:35,756 [pool-74-thread-1] INFO  server.RaftServerConfigKeys (ConfUtils.java:logGet(44)) - raft.server.retrycache.expirytime = 300s (custom)
2021-06-02 03:39:35,757 [pool-74-thread-1] INFO  server.RaftServerConfigKeys (ConfUtils.java:logGet(44)) - raft.server.retrycache.statistics.expirytime = 100μs (default)
2021-06-02 03:39:35,759 [pool-74-thread-1] INFO  metrics.RatisMetrics (RatisMetrics.java:lambda$create$0(36)) - Creating Metrics Registry : ratis.leader_election.omNode-1@group-523986131536
2021-06-02 03:39:35,759 [pool-74-thread-1] INFO  metrics.RatisMetrics (RatisMetrics.java:lambda$create$0(36)) - Creating Metrics Registry : ratis.server.omNode-1@group-523986131536
2021-06-02 03:39:35,771 [Listener at 0.0.0.0/13431] WARN  server.ServerUtils (ServerUtils.java:getDBPath(225)) - ozone.om.db.dirs is not configured. We recommend adding this setting. Falling back to ozone.metadata.dirs instead.
2021-06-02 03:39:35,772 [Listener at 0.0.0.0/13431] INFO  codec.OmKeyInfoCodec (OmKeyInfoCodec.java:<init>(43)) - OmKeyInfoCodec ignorePipeline = true
2021-06-02 03:39:35,772 [Listener at 0.0.0.0/13431] INFO  codec.RepeatedOmKeyInfoCodec (RepeatedOmKeyInfoCodec.java:<init>(42)) - RepeatedOmKeyInfoCodec ignorePipeline = true
]]></system-out>
  </testcase>
</testsuite>