<?xml version="1.0" encoding="UTF-8"?>
<testsuite xmlns:xsi="http://www.w3.org/2001/XMLSchema-instance" xsi:noNamespaceSchemaLocation="https://maven.apache.org/surefire/maven-surefire-plugin/xsd/surefire-test-report-3.0.xsd" version="3.0" name="org.apache.hadoop.ozone.om.TestAddRemoveOzoneManager" time="177.814" tests="4" errors="1" skipped="0" failures="0">
  <properties>
    <property name="java.specification.version" value="17"/>
    <property name="sun.jnu.encoding" value="UTF-8"/>
    <property name="java.class.path" value="/home/runner/work/ozone/ozone/hadoop-ozone/integration-test/target/test-classes:/home/runner/work/ozone/ozone/hadoop-ozone/integration-test/target/classes:/home/runner/work/ozone/ozone/hadoop-ozone/common/target/ozone-common-1.5.0-SNAPSHOT.jar:/home/runner/.m2/repository/io/grpc/grpc-netty/1.58.0/grpc-netty-1.58.0.jar:/home/runner/.m2/repository/io/grpc/grpc-core/1.58.0/grpc-core-1.58.0.jar:/home/runner/.m2/repository/com/google/android/annotations/4.1.1.4/annotations-4.1.1.4.jar:/home/runner/.m2/repository/org/codehaus/mojo/animal-sniffer-annotations/1.23/animal-sniffer-annotations-1.23.jar:/home/runner/.m2/repository/io/grpc/grpc-context/1.58.0/grpc-context-1.58.0.jar:/home/runner/.m2/repository/io/grpc/grpc-util/1.58.0/grpc-util-1.58.0.jar:/home/runner/.m2/repository/com/google/errorprone/error_prone_annotations/2.28.0/error_prone_annotations-2.28.0.jar:/home/runner/.m2/repository/io/perfmark/perfmark-api/0.26.0/perfmark-api-0.26.0.jar:/home/runner/.m2/repository/io/netty/netty-codec-http2/4.1.109.Final/netty-codec-http2-4.1.109.Final.jar:/home/runner/.m2/repository/io/netty/netty-common/4.1.109.Final/netty-common-4.1.109.Final.jar:/home/runner/.m2/repository/io/netty/netty-buffer/4.1.109.Final/netty-buffer-4.1.109.Final.jar:/home/runner/.m2/repository/io/netty/netty-codec-http/4.1.109.Final/netty-codec-http-4.1.109.Final.jar:/home/runner/.m2/repository/io/netty/netty-handler-proxy/4.1.109.Final/netty-handler-proxy-4.1.109.Final.jar:/home/runner/.m2/repository/io/netty/netty-codec-socks/4.1.109.Final/netty-codec-socks-4.1.109.Final.jar:/home/runner/.m2/repository/io/netty/netty-tcnative-boringssl-static/2.0.65.Final/netty-tcnative-boringssl-static-2.0.65.Final.jar:/home/runner/.m2/repository/io/netty/netty-tcnative-classes/2.0.65.Final/netty-tcnative-classes-2.0.65.Final.jar:/home/runner/.m2/repository/io/netty/netty-tcnative-boringssl-static/2.0.65.Final/netty-tcnative-boringssl-static-2.0.65.Final-linux-x86_64.jar:/home/runner/.m2/repository/io/netty/netty-tcnative-boringssl-static/2.0.65.Final/netty-tcnative-boringssl-static-2.0.65.Final-linux-aarch_64.jar:/home/runner/.m2/repository/io/netty/netty-tcnative-boringssl-static/2.0.65.Final/netty-tcnative-boringssl-static-2.0.65.Final-osx-x86_64.jar:/home/runner/.m2/repository/io/netty/netty-tcnative-boringssl-static/2.0.65.Final/netty-tcnative-boringssl-static-2.0.65.Final-osx-aarch_64.jar:/home/runner/.m2/repository/io/netty/netty-tcnative-boringssl-static/2.0.65.Final/netty-tcnative-boringssl-static-2.0.65.Final-windows-x86_64.jar:/home/runner/.m2/repository/org/apache/commons/commons-compress/1.26.2/commons-compress-1.26.2.jar:/home/runner/work/ozone/ozone/hadoop-hdds/common/target/hdds-common-1.5.0-SNAPSHOT.jar:/home/runner/work/ozone/ozone/hadoop-hdds/client/target/hdds-client-1.5.0-SNAPSHOT.jar:/home/runner/work/ozone/ozone/hadoop-ozone/interface-client/target/ozone-interface-client-1.5.0-SNAPSHOT.jar:/home/runner/.m2/repository/org/apache/hadoop/hadoop-hdfs-client/3.3.6/hadoop-hdfs-client-3.3.6.jar:/home/runner/.m2/repository/com/squareup/okhttp3/okhttp/4.12.0/okhttp-4.12.0.jar:/home/runner/.m2/repository/com/squareup/okio/okio/3.6.0/okio-3.6.0.jar:/home/runner/.m2/repository/com/squareup/okio/okio-jvm/3.6.0/okio-jvm-3.6.0.jar:/home/runner/.m2/repository/org/jetbrains/kotlin/kotlin-stdlib-jdk8/1.9.25/kotlin-stdlib-jdk8-1.9.25.jar:/home/runner/.m2/repository/org/jetbrains/kotlin/kotlin-stdlib-jdk7/1.9.25/kotlin-stdlib-jdk7-1.9.25.jar:/home/runner/.m2/repository/org/jetbrains/kotlin/kotlin-stdlib-common/1.9.25/kotlin-stdlib-common-1.9.25.jar:/home/runner/.m2/repository/com/github/stephenc/jcip/jcip-annotations/1.0-1/jcip-annotations-1.0-1.jar:/home/runner/work/ozone/ozone/hadoop-hdds/test-utils/target/hdds-test-utils-1.5.0-SNAPSHOT.jar:/home/runner/.m2/repository/org/assertj/assertj-core/3.26.3/assertj-core-3.26.3.jar:/home/runner/.m2/repository/net/bytebuddy/byte-buddy/1.14.18/byte-buddy-1.14.18.jar:/home/runner/.m2/repository/com/google/guava/guava/32.1.3-jre/guava-32.1.3-jre.jar:/home/runner/.m2/repository/com/google/guava/failureaccess/1.0.1/failureaccess-1.0.1.jar:/home/runner/.m2/repository/com/google/guava/listenablefuture/9999.0-empty-to-avoid-conflict-with-guava/listenablefuture-9999.0-empty-to-avoid-conflict-with-guava.jar:/home/runner/.m2/repository/org/checkerframework/checker-qual/3.37.0/checker-qual-3.37.0.jar:/home/runner/.m2/repository/com/google/j2objc/j2objc-annotations/2.8/j2objc-annotations-2.8.jar:/home/runner/.m2/repository/commons-io/commons-io/2.16.1/commons-io-2.16.1.jar:/home/runner/.m2/repository/commons-logging/commons-logging/1.2/commons-logging-1.2.jar:/home/runner/.m2/repository/org/junit/jupiter/junit-jupiter-api/5.10.3/junit-jupiter-api-5.10.3.jar:/home/runner/.m2/repository/org/opentest4j/opentest4j/1.3.0/opentest4j-1.3.0.jar:/home/runner/.m2/repository/org/junit/platform/junit-platform-commons/1.10.3/junit-platform-commons-1.10.3.jar:/home/runner/.m2/repository/ch/qos/reload4j/reload4j/1.2.25/reload4j-1.2.25.jar:/home/runner/.m2/repository/jakarta/annotation/jakarta.annotation-api/2.1.1/jakarta.annotation-api-2.1.1.jar:/home/runner/.m2/repository/org/slf4j/slf4j-api/2.0.13/slf4j-api-2.0.13.jar:/home/runner/.m2/repository/org/apache/logging/log4j/log4j-api/2.23.1/log4j-api-2.23.1.jar:/home/runner/work/ozone/ozone/hadoop-hdds/server-scm/target/hdds-server-scm-1.5.0-SNAPSHOT.jar:/home/runner/.m2/repository/com/google/protobuf/protobuf-java/2.5.0/protobuf-java-2.5.0.jar:/home/runner/work/ozone/ozone/hadoop-hdds/container-service/target/hdds-container-service-1.5.0-SNAPSHOT.jar:/home/runner/work/ozone/ozone/hadoop-hdds/hadoop-dependency-server/target/hdds-hadoop-dependency-server-1.5.0-SNAPSHOT.jar:/home/runner/.m2/repository/com/nimbusds/nimbus-jose-jwt/9.40/nimbus-jose-jwt-9.40.jar:/home/runner/.m2/repository/org/apache/hadoop/hadoop-hdfs/3.3.6/hadoop-hdfs-3.3.6.jar:/home/runner/.m2/repository/commons-daemon/commons-daemon/1.4.0/commons-daemon-1.4.0.jar:/home/runner/.m2/repository/org/apache/kerby/kerb-core/1.0.1/kerb-core-1.0.1.jar:/home/runner/.m2/repository/org/apache/kerby/kerby-pkix/1.0.1/kerby-pkix-1.0.1.jar:/home/runner/.m2/repository/org/apache/kerby/kerby-asn1/1.0.1/kerby-asn1-1.0.1.jar:/home/runner/.m2/repository/org/apache/kerby/kerby-util/1.0.1/kerby-util-1.0.1.jar:/home/runner/.m2/repository/org/apache/kerby/kerb-util/1.0.1/kerb-util-1.0.1.jar:/home/runner/.m2/repository/org/apache/kerby/kerby-config/1.0.1/kerby-config-1.0.1.jar:/home/runner/.m2/repository/org/apache/kerby/kerb-crypto/1.0.1/kerb-crypto-1.0.1.jar:/home/runner/.m2/repository/org/xerial/snappy/snappy-java/1.1.10.5/snappy-java-1.1.10.5.jar:/home/runner/work/ozone/ozone/hadoop-hdds/framework/target/hdds-server-framework-1.5.0-SNAPSHOT.jar:/home/runner/.m2/repository/org/bouncycastle/bcprov-jdk18on/1.78.1/bcprov-jdk18on-1.78.1.jar:/home/runner/.m2/repository/io/dropwizard/metrics/metrics-core/3.2.6/metrics-core-3.2.6.jar:/home/runner/.m2/repository/org/apache/commons/commons-text/1.12.0/commons-text-1.12.0.jar:/home/runner/work/ozone/ozone/hadoop-hdds/framework/target/hdds-server-framework-1.5.0-SNAPSHOT-tests.jar:/home/runner/work/ozone/ozone/hadoop-hdds/interface-server/target/hdds-interface-server-1.5.0-SNAPSHOT.jar:/home/runner/work/ozone/ozone/hadoop-hdds/interface-admin/target/hdds-interface-admin-1.5.0-SNAPSHOT.jar:/home/runner/work/ozone/ozone/hadoop-hdds/managed-rocksdb/target/hdds-managed-rocksdb-1.5.0-SNAPSHOT.jar:/home/runner/.m2/repository/org/rocksdb/rocksdbjni/7.7.3/rocksdbjni-7.7.3.jar:/home/runner/.m2/repository/org/slf4j/slf4j-reload4j/2.0.13/slf4j-reload4j-2.0.13.jar:/home/runner/.m2/repository/org/apache/commons/commons-configuration2/2.10.1/commons-configuration2-2.10.1.jar:/home/runner/.m2/repository/commons-fileupload/commons-fileupload/1.5/commons-fileupload-1.5.jar:/home/runner/.m2/repository/org/apache/logging/log4j/log4j-core/2.23.1/log4j-core-2.23.1.jar:/home/runner/.m2/repository/com/lmax/disruptor/3.4.4/disruptor-3.4.4.jar:/home/runner/.m2/repository/org/eclipse/jetty/jetty-util/9.4.55.v20240627/jetty-util-9.4.55.v20240627.jar:/home/runner/.m2/repository/org/eclipse/jetty/jetty-server/9.4.55.v20240627/jetty-server-9.4.55.v20240627.jar:/home/runner/.m2/repository/org/eclipse/jetty/jetty-http/9.4.55.v20240627/jetty-http-9.4.55.v20240627.jar:/home/runner/.m2/repository/org/eclipse/jetty/jetty-io/9.4.55.v20240627/jetty-io-9.4.55.v20240627.jar:/home/runner/.m2/repository/org/eclipse/jetty/jetty-servlet/9.4.55.v20240627/jetty-servlet-9.4.55.v20240627.jar:/home/runner/.m2/repository/org/eclipse/jetty/jetty-security/9.4.55.v20240627/jetty-security-9.4.55.v20240627.jar:/home/runner/.m2/repository/org/eclipse/jetty/jetty-util-ajax/9.4.55.v20240627/jetty-util-ajax-9.4.55.v20240627.jar:/home/runner/.m2/repository/org/eclipse/jetty/jetty-webapp/9.4.55.v20240627/jetty-webapp-9.4.55.v20240627.jar:/home/runner/.m2/repository/org/eclipse/jetty/jetty-xml/9.4.55.v20240627/jetty-xml-9.4.55.v20240627.jar:/home/runner/.m2/repository/org/glassfish/jersey/containers/jersey-container-servlet-core/2.43/jersey-container-servlet-core-2.43.jar:/home/runner/.m2/repository/org/glassfish/hk2/external/jakarta.inject/2.6.1/jakarta.inject-2.6.1.jar:/home/runner/.m2/repository/org/glassfish/jersey/core/jersey-common/2.43/jersey-common-2.43.jar:/home/runner/.m2/repository/jakarta/ws/rs/jakarta.ws.rs-api/2.1.6/jakarta.ws.rs-api-2.1.6.jar:/home/runner/.m2/repository/org/apache/ratis/ratis-server/3.1.0/ratis-server-3.1.0.jar:/home/runner/.m2/repository/org/apache/ratis/ratis-thirdparty-misc/1.0.6/ratis-thirdparty-misc-1.0.6.jar:/home/runner/.m2/repository/org/apache/ratis/ratis-proto/3.1.0/ratis-proto-3.1.0.jar:/home/runner/.m2/repository/org/apache/ratis/ratis-common/3.1.0/ratis-common-3.1.0.jar:/home/runner/.m2/repository/org/apache/ratis/ratis-client/3.1.0/ratis-client-3.1.0.jar:/home/runner/.m2/repository/org/apache/ratis/ratis-metrics-api/3.1.0/ratis-metrics-api-3.1.0.jar:/home/runner/.m2/repository/org/apache/ratis/ratis-metrics-dropwizard3/3.1.0/ratis-metrics-dropwizard3-3.1.0.jar:/home/runner/.m2/repository/io/prometheus/simpleclient_dropwizard/0.16.0/simpleclient_dropwizard-0.16.0.jar:/home/runner/.m2/repository/io/prometheus/simpleclient/0.16.0/simpleclient-0.16.0.jar:/home/runner/.m2/repository/io/prometheus/simpleclient_common/0.16.0/simpleclient_common-0.16.0.jar:/home/runner/.m2/repository/com/fasterxml/jackson/datatype/jackson-datatype-jsr310/2.16.2/jackson-datatype-jsr310-2.16.2.jar:/home/runner/.m2/repository/com/fasterxml/jackson/core/jackson-core/2.16.2/jackson-core-2.16.2.jar:/home/runner/.m2/repository/com/github/jnr/jnr-posix/3.1.19/jnr-posix-3.1.19.jar:/home/runner/.m2/repository/com/github/jnr/jnr-ffi/2.2.16/jnr-ffi-2.2.16.jar:/home/runner/.m2/repository/com/github/jnr/jffi/1.3.13/jffi-1.3.13.jar:/home/runner/.m2/repository/com/github/jnr/jffi/1.3.13/jffi-1.3.13-native.jar:/home/runner/.m2/repository/org/ow2/asm/asm/9.2/asm-9.2.jar:/home/runner/.m2/repository/org/ow2/asm/asm-commons/9.2/asm-commons-9.2.jar:/home/runner/.m2/repository/org/ow2/asm/asm-analysis/9.2/asm-analysis-9.2.jar:/home/runner/.m2/repository/org/ow2/asm/asm-tree/9.2/asm-tree-9.2.jar:/home/runner/.m2/repository/org/ow2/asm/asm-util/9.2/asm-util-9.2.jar:/home/runner/.m2/repository/com/github/jnr/jnr-a64asm/1.0.0/jnr-a64asm-1.0.0.jar:/home/runner/.m2/repository/com/github/jnr/jnr-x86asm/1.0.2/jnr-x86asm-1.0.2.jar:/home/runner/.m2/repository/com/github/jnr/jnr-constants/0.10.4/jnr-constants-0.10.4.jar:/home/runner/work/ozone/ozone/hadoop-hdds/rocksdb-checkpoint-differ/target/rocksdb-checkpoint-differ-1.5.0-SNAPSHOT.jar:/home/runner/.m2/repository/org/jgrapht/jgrapht-core/1.4.0/jgrapht-core-1.4.0.jar:/home/runner/.m2/repository/org/jheaps/jheaps/0.11/jheaps-0.11.jar:/home/runner/.m2/repository/org/jgrapht/jgrapht-ext/1.4.0/jgrapht-ext-1.4.0.jar:/home/runner/.m2/repository/com/github/vlsi/mxgraph/jgraphx/3.9.8.1/jgraphx-3.9.8.1.jar:/home/runner/work/ozone/ozone/hadoop-ozone/ozone-manager/target/ozone-manager-1.5.0-SNAPSHOT.jar:/home/runner/.m2/repository/org/aspectj/aspectjrt/1.9.7/aspectjrt-1.9.7.jar:/home/runner/.m2/repository/org/aspectj/aspectjweaver/1.9.7/aspectjweaver-1.9.7.jar:/home/runner/work/ozone/ozone/hadoop-hdds/interface-client/target/hdds-interface-client-1.5.0-SNAPSHOT.jar:/home/runner/.m2/repository/org/apache/hadoop/thirdparty/hadoop-shaded-protobuf_3_7/1.1.1/hadoop-shaded-protobuf_3_7-1.1.1.jar:/home/runner/work/ozone/ozone/hadoop-ozone/interface-storage/target/ozone-interface-storage-1.5.0-SNAPSHOT.jar:/home/runner/.m2/repository/org/reflections/reflections/0.10.2/reflections-0.10.2.jar:/home/runner/.m2/repository/com/sun/jersey/jersey-client/1.19.4/jersey-client-1.19.4.jar:/home/runner/.m2/repository/org/codehaus/jackson/jackson-core-asl/1.9.13/jackson-core-asl-1.9.13.jar:/home/runner/.m2/repository/org/codehaus/jackson/jackson-mapper-asl/1.9.13/jackson-mapper-asl-1.9.13.jar:/home/runner/.m2/repository/org/codehaus/jackson/jackson-jaxrs/1.9.13/jackson-jaxrs-1.9.13.jar:/home/runner/.m2/repository/org/apache/ranger/ranger-intg/2.3.0/ranger-intg-2.3.0.jar:/home/runner/.m2/repository/org/apache/ranger/ranger-plugins-common/2.3.0/ranger-plugins-common-2.3.0.jar:/home/runner/.m2/repository/commons-lang/commons-lang/2.6/commons-lang-2.6.jar:/home/runner/.m2/repository/org/apache/ranger/ranger-plugins-cred/2.3.0/ranger-plugins-cred-2.3.0.jar:/home/runner/.m2/repository/org/apache/ranger/ranger-plugins-audit/2.3.0/ranger-plugins-audit-2.3.0.jar:/home/runner/.m2/repository/org/eclipse/jetty/jetty-client/9.4.55.v20240627/jetty-client-9.4.55.v20240627.jar:/home/runner/.m2/repository/org/apache/httpcomponents/httpmime/4.5.6/httpmime-4.5.6.jar:/home/runner/.m2/repository/org/apache/httpcomponents/httpcore-nio/4.4.16/httpcore-nio-4.4.16.jar:/home/runner/.m2/repository/org/apache/httpcomponents/httpasyncclient/4.1.3/httpasyncclient-4.1.3.jar:/home/runner/.m2/repository/com/carrotsearch/hppc/0.8.0/hppc-0.8.0.jar:/home/runner/.m2/repository/org/apache/orc/orc-core/1.5.8/orc-core-1.5.8.jar:/home/runner/.m2/repository/net/java/dev/jna/jna/5.2.0/jna-5.2.0.jar:/home/runner/.m2/repository/net/java/dev/jna/jna-platform/5.2.0/jna-platform-5.2.0.jar:/home/runner/.m2/repository/com/kstruct/gethostname4j/0.0.2/gethostname4j-0.0.2.jar:/home/runner/.m2/repository/org/apache/ranger/ranger-plugin-classloader/2.3.0/ranger-plugin-classloader-2.3.0.jar:/home/runner/work/ozone/ozone/hadoop-hdds/rocks-native/target/hdds-rocks-native-1.5.0-SNAPSHOT.jar:/home/runner/.m2/repository/org/apache/hadoop/hadoop-minikdc/3.3.6/hadoop-minikdc-3.3.6.jar:/home/runner/.m2/repository/org/apache/kerby/kerb-simplekdc/1.0.1/kerb-simplekdc-1.0.1.jar:/home/runner/.m2/repository/org/apache/kerby/kerb-client/1.0.1/kerb-client-1.0.1.jar:/home/runner/.m2/repository/org/apache/kerby/kerb-common/1.0.1/kerb-common-1.0.1.jar:/home/runner/.m2/repository/org/apache/kerby/token-provider/1.0.1/token-provider-1.0.1.jar:/home/runner/.m2/repository/org/apache/kerby/kerb-admin/1.0.1/kerb-admin-1.0.1.jar:/home/runner/.m2/repository/org/apache/kerby/kerb-server/1.0.1/kerb-server-1.0.1.jar:/home/runner/.m2/repository/org/apache/kerby/kerb-identity/1.0.1/kerb-identity-1.0.1.jar:/home/runner/.m2/repository/org/apache/kerby/kerby-xdr/1.0.1/kerby-xdr-1.0.1.jar:/home/runner/.m2/repository/junit/junit/4.13.2/junit-4.13.2.jar:/home/runner/.m2/repository/org/hamcrest/hamcrest-core/1.3/hamcrest-core-1.3.jar:/home/runner/work/ozone/ozone/hadoop-ozone/s3gateway/target/ozone-s3gateway-1.5.0-SNAPSHOT.jar:/home/runner/.m2/repository/org/javassist/javassist/3.30.2-GA/javassist-3.30.2-GA.jar:/home/runner/.m2/repository/org/jboss/weld/servlet/weld-servlet-shaded/3.1.9.Final/weld-servlet-shaded-3.1.9.Final.jar:/home/runner/.m2/repository/org/glassfish/jersey/ext/cdi/jersey-cdi1x/2.43/jersey-cdi1x-2.43.jar:/home/runner/.m2/repository/org/glassfish/jersey/inject/jersey-hk2/2.43/jersey-hk2-2.43.jar:/home/runner/.m2/repository/org/glassfish/hk2/hk2-locator/2.6.1/hk2-locator-2.6.1.jar:/home/runner/.m2/repository/org/glassfish/jersey/media/jersey-media-jaxb/2.43/jersey-media-jaxb-2.43.jar:/home/runner/.m2/repository/org/glassfish/hk2/osgi-resource-locator/1.0.3/osgi-resource-locator-1.0.3.jar:/home/runner/.m2/repository/org/glassfish/hk2/hk2-api/2.6.1/hk2-api-2.6.1.jar:/home/runner/.m2/repository/org/glassfish/hk2/hk2-utils/2.6.1/hk2-utils-2.6.1.jar:/home/runner/.m2/repository/org/glassfish/hk2/external/aopalliance-repackaged/2.6.1/aopalliance-repackaged-2.6.1.jar:/home/runner/.m2/repository/com/fasterxml/jackson/dataformat/jackson-dataformat-xml/2.16.2/jackson-dataformat-xml-2.16.2.jar:/home/runner/.m2/repository/org/codehaus/woodstox/stax2-api/4.2.2/stax2-api-4.2.2.jar:/home/runner/.m2/repository/com/fasterxml/woodstox/woodstox-core/5.4.0/woodstox-core-5.4.0.jar:/home/runner/.m2/repository/com/fasterxml/jackson/module/jackson-module-jaxb-annotations/2.16.2/jackson-module-jaxb-annotations-2.16.2.jar:/home/runner/.m2/repository/javax/enterprise/cdi-api/2.0/cdi-api-2.0.jar:/home/runner/.m2/repository/javax/el/javax.el-api/3.0.0/javax.el-api-3.0.0.jar:/home/runner/.m2/repository/javax/interceptor/javax.interceptor-api/1.2/javax.interceptor-api-1.2.jar:/home/runner/.m2/repository/javax/inject/javax.inject/1/javax.inject-1.jar:/home/runner/.m2/repository/jakarta/xml/bind/jakarta.xml.bind-api/2.3.3/jakarta.xml.bind-api-2.3.3.jar:/home/runner/.m2/repository/org/glassfish/jaxb/jaxb-runtime/2.3.9/jaxb-runtime-2.3.9.jar:/home/runner/.m2/repository/org/glassfish/jaxb/txw2/2.3.9/txw2-2.3.9.jar:/home/runner/.m2/repository/com/sun/istack/istack-commons-runtime/3.0.12/istack-commons-runtime-3.0.12.jar:/home/runner/.m2/repository/com/sun/activation/jakarta.activation/1.2.2/jakarta.activation-1.2.2.jar:/home/runner/.m2/repository/jakarta/activation/jakarta.activation-api/1.2.2/jakarta.activation-api-1.2.2.jar:/home/runner/.m2/repository/io/grpc/grpc-protobuf/1.58.0/grpc-protobuf-1.58.0.jar:/home/runner/.m2/repository/com/google/api/grpc/proto-google-common-protos/2.22.0/proto-google-common-protos-2.22.0.jar:/home/runner/.m2/repository/io/grpc/grpc-protobuf-lite/1.58.0/grpc-protobuf-lite-1.58.0.jar:/home/runner/.m2/repository/io/grpc/grpc-stub/1.58.0/grpc-stub-1.58.0.jar:/home/runner/.m2/repository/io/netty/netty-transport/4.1.109.Final/netty-transport-4.1.109.Final.jar:/home/runner/.m2/repository/io/netty/netty-resolver/4.1.109.Final/netty-resolver-4.1.109.Final.jar:/home/runner/work/ozone/ozone/hadoop-ozone/csi/target/ozone-csi-1.5.0-SNAPSHOT.jar:/home/runner/.m2/repository/com/google/protobuf/protobuf-java-util/3.19.6/protobuf-java-util-3.19.6.jar:/home/runner/.m2/repository/com/google/code/gson/gson/2.10.1/gson-2.10.1.jar:/home/runner/work/ozone/ozone/hadoop-hdds/config/target/hdds-config-1.5.0-SNAPSHOT.jar:/home/runner/.m2/repository/io/netty/netty-transport-native-epoll/4.1.109.Final/netty-transport-native-epoll-4.1.109.Final-linux-x86_64.jar:/home/runner/.m2/repository/io/netty/netty-transport-classes-epoll/4.1.109.Final/netty-transport-classes-epoll-4.1.109.Final.jar:/home/runner/.m2/repository/io/netty/netty-transport-native-unix-common/4.1.109.Final/netty-transport-native-unix-common-4.1.109.Final.jar:/home/runner/work/ozone/ozone/hadoop-ozone/recon/target/ozone-recon-1.5.0-SNAPSHOT.jar:/home/runner/work/ozone/ozone/hadoop-ozone/recon-codegen/target/ozone-reconcodegen-1.5.0-SNAPSHOT.jar:/home/runner/.m2/repository/com/google/inject/guice/6.0.0/guice-6.0.0.jar:/home/runner/.m2/repository/jakarta/inject/jakarta.inject-api/2.0.1/jakarta.inject-api-2.0.1.jar:/home/runner/.m2/repository/aopalliance/aopalliance/1.0/aopalliance-1.0.jar:/home/runner/.m2/repository/com/google/inject/extensions/guice-assistedinject/6.0.0/guice-assistedinject-6.0.0.jar:/home/runner/.m2/repository/com/google/inject/extensions/guice-servlet/6.0.0/guice-servlet-6.0.0.jar:/home/runner/.m2/repository/org/glassfish/jersey/containers/jersey-container-servlet/2.43/jersey-container-servlet-2.43.jar:/home/runner/.m2/repository/org/glassfish/hk2/guice-bridge/2.6.1/guice-bridge-2.6.1.jar:/home/runner/.m2/repository/org/glassfish/jersey/core/jersey-server/2.43/jersey-server-2.43.jar:/home/runner/.m2/repository/org/glassfish/jersey/core/jersey-client/2.43/jersey-client-2.43.jar:/home/runner/.m2/repository/jakarta/validation/jakarta.validation-api/2.0.2/jakarta.validation-api-2.0.2.jar:/home/runner/.m2/repository/org/glassfish/jersey/media/jersey-media-json-jackson/2.43/jersey-media-json-jackson-2.43.jar:/home/runner/.m2/repository/org/glassfish/jersey/ext/jersey-entity-filtering/2.43/jersey-entity-filtering-2.43.jar:/home/runner/.m2/repository/org/jooq/jooq/3.11.10/jooq-3.11.10.jar:/home/runner/.m2/repository/org/jooq/jooq-meta/3.11.10/jooq-meta-3.11.10.jar:/home/runner/.m2/repository/org/jooq/jooq-codegen/3.11.10/jooq-codegen-3.11.10.jar:/home/runner/.m2/repository/com/jolbox/bonecp/0.8.0.RELEASE/bonecp-0.8.0.RELEASE.jar:/home/runner/.m2/repository/org/apache/derby/derby/10.14.2.0/derby-10.14.2.0.jar:/home/runner/.m2/repository/org/xerial/sqlite-jdbc/3.46.0.0/sqlite-jdbc-3.46.0.0.jar:/home/runner/.m2/repository/org/springframework/spring-jdbc/5.3.37/spring-jdbc-5.3.37.jar:/home/runner/.m2/repository/org/springframework/spring-beans/5.3.37/spring-beans-5.3.37.jar:/home/runner/.m2/repository/org/springframework/spring-core/5.3.37/spring-core-5.3.37.jar:/home/runner/.m2/repository/org/springframework/spring-tx/5.3.37/spring-tx-5.3.37.jar:/home/runner/work/ozone/ozone/hadoop-ozone/client/target/ozone-client-1.5.0-SNAPSHOT.jar:/home/runner/work/ozone/ozone/hadoop-hdds/erasurecode/target/hdds-erasurecode-1.5.0-SNAPSHOT.jar:/home/runner/work/ozone/ozone/hadoop-ozone/ozonefs/target/ozone-filesystem-1.5.0-SNAPSHOT.jar:/home/runner/work/ozone/ozone/hadoop-ozone/ozonefs-common/target/ozone-filesystem-common-1.5.0-SNAPSHOT.jar:/home/runner/work/ozone/ozone/hadoop-ozone/tools/target/ozone-tools-1.5.0-SNAPSHOT.jar:/home/runner/.m2/repository/com/amazonaws/aws-java-sdk-core/1.12.661/aws-java-sdk-core-1.12.661.jar:/home/runner/.m2/repository/org/apache/httpcomponents/httpclient/4.5.14/httpclient-4.5.14.jar:/home/runner/.m2/repository/org/apache/httpcomponents/httpcore/4.4.16/httpcore-4.4.16.jar:/home/runner/.m2/repository/com/fasterxml/jackson/dataformat/jackson-dataformat-cbor/2.16.2/jackson-dataformat-cbor-2.16.2.jar:/home/runner/.m2/repository/joda-time/joda-time/2.12.7/joda-time-2.12.7.jar:/home/runner/.m2/repository/com/amazonaws/aws-java-sdk-s3/1.12.661/aws-java-sdk-s3-1.12.661.jar:/home/runner/.m2/repository/com/amazonaws/aws-java-sdk-kms/1.12.661/aws-java-sdk-kms-1.12.661.jar:/home/runner/.m2/repository/com/amazonaws/jmespath-java/1.12.661/jmespath-java-1.12.661.jar:/home/runner/.m2/repository/org/kohsuke/metainf-services/metainf-services/1.11/metainf-services-1.11.jar:/home/runner/work/ozone/ozone/hadoop-hdds/tools/target/hdds-tools-1.5.0-SNAPSHOT.jar:/home/runner/.m2/repository/org/apache/ratis/ratis-tools/3.1.0/ratis-tools-3.1.0.jar:/home/runner/.m2/repository/commons-cli/commons-cli/1.8.0/commons-cli-1.8.0.jar:/home/runner/.m2/repository/org/apache/commons/commons-lang3/3.14.0/commons-lang3-3.14.0.jar:/home/runner/work/ozone/ozone/hadoop-ozone/ozone-manager/target/ozone-manager-1.5.0-SNAPSHOT-tests.jar:/home/runner/work/ozone/ozone/hadoop-hdds/common/target/hdds-common-1.5.0-SNAPSHOT-tests.jar:/home/runner/work/ozone/ozone/hadoop-hdds/hadoop-dependency-client/target/hdds-hadoop-dependency-client-1.5.0-SNAPSHOT.jar:/home/runner/.m2/repository/info/picocli/picocli/4.7.6/picocli-4.7.6.jar:/home/runner/.m2/repository/com/fasterxml/jackson/core/jackson-annotations/2.16.2/jackson-annotations-2.16.2.jar:/home/runner/work/ozone/ozone/hadoop-hdds/annotations/target/hdds-annotation-processing-1.5.0-SNAPSHOT.jar:/home/runner/.m2/repository/javax/annotation/javax.annotation-api/1.3.2/javax.annotation-api-1.3.2.jar:/home/runner/.m2/repository/org/apache/ratis/ratis-server-api/3.1.0/ratis-server-api-3.1.0.jar:/home/runner/.m2/repository/org/apache/ratis/ratis-netty/3.1.0/ratis-netty-3.1.0.jar:/home/runner/.m2/repository/org/apache/ratis/ratis-grpc/3.1.0/ratis-grpc-3.1.0.jar:/home/runner/.m2/repository/org/bouncycastle/bcpkix-jdk18on/1.78.1/bcpkix-jdk18on-1.78.1.jar:/home/runner/.m2/repository/org/bouncycastle/bcutil-jdk18on/1.78.1/bcutil-jdk18on-1.78.1.jar:/home/runner/.m2/repository/commons-validator/commons-validator/1.6/commons-validator-1.6.jar:/home/runner/.m2/repository/commons-beanutils/commons-beanutils/1.9.4/commons-beanutils-1.9.4.jar:/home/runner/.m2/repository/commons-digester/commons-digester/1.8.1/commons-digester-1.8.1.jar:/home/runner/.m2/repository/commons-collections/commons-collections/3.2.2/commons-collections-3.2.2.jar:/home/runner/.m2/repository/io/jaegertracing/jaeger-client/1.8.1/jaeger-client-1.8.1.jar:/home/runner/.m2/repository/io/jaegertracing/jaeger-thrift/1.8.1/jaeger-thrift-1.8.1.jar:/home/runner/.m2/repository/org/apache/thrift/libthrift/0.15.0/libthrift-0.15.0.jar:/home/runner/.m2/repository/io/jaegertracing/jaeger-core/1.8.1/jaeger-core-1.8.1.jar:/home/runner/.m2/repository/io/jaegertracing/jaeger-tracerresolver/1.8.1/jaeger-tracerresolver-1.8.1.jar:/home/runner/.m2/repository/io/opentracing/contrib/opentracing-tracerresolver/0.1.8/opentracing-tracerresolver-0.1.8.jar:/home/runner/.m2/repository/org/jetbrains/kotlin/kotlin-stdlib/1.9.25/kotlin-stdlib-1.9.25.jar:/home/runner/.m2/repository/org/jetbrains/annotations/13.0/annotations-13.0.jar:/home/runner/.m2/repository/io/opentracing/opentracing-util/0.33.0/opentracing-util-0.33.0.jar:/home/runner/.m2/repository/io/opentracing/opentracing-api/0.33.0/opentracing-api-0.33.0.jar:/home/runner/.m2/repository/io/opentracing/opentracing-noop/0.33.0/opentracing-noop-0.33.0.jar:/home/runner/.m2/repository/org/yaml/snakeyaml/2.0/snakeyaml-2.0.jar:/home/runner/.m2/repository/io/grpc/grpc-api/1.58.0/grpc-api-1.58.0.jar:/home/runner/.m2/repository/org/junit/platform/junit-platform-launcher/1.10.3/junit-platform-launcher-1.10.3.jar:/home/runner/.m2/repository/org/junit/platform/junit-platform-engine/1.10.3/junit-platform-engine-1.10.3.jar:/home/runner/.m2/repository/org/apiguardian/apiguardian-api/1.1.2/apiguardian-api-1.1.2.jar:/home/runner/.m2/repository/org/apache/hadoop/hadoop-kms/3.3.6/hadoop-kms-3.3.6.jar:/home/runner/.m2/repository/org/apache/hadoop/hadoop-auth/3.3.6/hadoop-auth-3.3.6.jar:/home/runner/.m2/repository/org/apache/zookeeper/zookeeper/3.8.4/zookeeper-3.8.4.jar:/home/runner/.m2/repository/org/apache/zookeeper/zookeeper-jute/3.8.4/zookeeper-jute-3.8.4.jar:/home/runner/.m2/repository/org/apache/yetus/audience-annotations/0.12.0/audience-annotations-0.12.0.jar:/home/runner/.m2/repository/org/apache/curator/curator-framework/4.2.0/curator-framework-4.2.0.jar:/home/runner/.m2/repository/org/apache/hadoop/thirdparty/hadoop-shaded-guava/1.2.0/hadoop-shaded-guava-1.2.0.jar:/home/runner/.m2/repository/com/sun/jersey/jersey-core/1.19.4/jersey-core-1.19.4.jar:/home/runner/.m2/repository/javax/ws/rs/jsr311-api/1.1.1/jsr311-api-1.1.1.jar:/home/runner/.m2/repository/com/sun/jersey/jersey-server/1.19.4/jersey-server-1.19.4.jar:/home/runner/.m2/repository/javax/servlet/javax.servlet-api/3.1.0/javax.servlet-api-3.1.0.jar:/home/runner/.m2/repository/org/apache/hadoop/hadoop-common/3.3.6/hadoop-common-3.3.6.jar:/home/runner/.m2/repository/org/apache/commons/commons-math3/3.6.1/commons-math3-3.6.1.jar:/home/runner/.m2/repository/commons-net/commons-net/3.11.1/commons-net-3.11.1.jar:/home/runner/.m2/repository/com/sun/jersey/jersey-servlet/1.19.4/jersey-servlet-1.19.4.jar:/home/runner/.m2/repository/com/github/pjfanning/jersey-json/1.20/jersey-json-1.20.jar:/home/runner/.m2/repository/org/codehaus/jettison/jettison/1.1/jettison-1.1.jar:/home/runner/.m2/repository/com/sun/xml/bind/jaxb-impl/2.2.3-1/jaxb-impl-2.2.3-1.jar:/home/runner/.m2/repository/com/google/re2j/re2j/1.7/re2j-1.7.jar:/home/runner/.m2/repository/com/jcraft/jsch/0.1.55/jsch-0.1.55.jar:/home/runner/.m2/repository/org/apache/curator/curator-client/4.2.0/curator-client-4.2.0.jar:/home/runner/.m2/repository/org/apache/curator/curator-recipes/5.2.0/curator-recipes-5.2.0.jar:/home/runner/.m2/repository/com/google/code/findbugs/jsr305/3.0.2/jsr305-3.0.2.jar:/home/runner/.m2/repository/dnsjava/dnsjava/2.1.9/dnsjava-2.1.9.jar:/home/runner/.m2/repository/com/fasterxml/jackson/core/jackson-databind/2.16.2/jackson-databind-2.16.2.jar:/home/runner/.m2/repository/org/apache/hadoop/hadoop-kms/3.3.6/hadoop-kms-3.3.6-tests.jar:/home/runner/work/ozone/ozone/hadoop-hdds/server-scm/target/hdds-server-scm-1.5.0-SNAPSHOT-tests.jar:/home/runner/work/ozone/ozone/hadoop-hdds/container-service/target/hdds-container-service-1.5.0-SNAPSHOT-tests.jar:/home/runner/.m2/repository/com/github/luben/zstd-jni/1.5.6-3/zstd-jni-1.5.6-3.jar:/home/runner/.m2/repository/commons-codec/commons-codec/1.17.0/commons-codec-1.17.0.jar:/home/runner/.m2/repository/io/netty/netty-codec/4.1.109.Final/netty-codec-4.1.109.Final.jar:/home/runner/.m2/repository/io/netty/netty-handler/4.1.109.Final/netty-handler-4.1.109.Final.jar:/home/runner/work/ozone/ozone/hadoop-hdds/hadoop-dependency-test/target/hdds-hadoop-dependency-test-1.5.0-SNAPSHOT.jar:/home/runner/.m2/repository/org/apache/hadoop/hadoop-common/3.3.6/hadoop-common-3.3.6-tests.jar:/home/runner/.m2/repository/org/apache/hadoop/hadoop-hdfs/3.3.6/hadoop-hdfs-3.3.6-tests.jar:/home/runner/.m2/repository/org/junit/jupiter/junit-jupiter-engine/5.10.3/junit-jupiter-engine-5.10.3.jar:/home/runner/.m2/repository/org/junit/jupiter/junit-jupiter-params/5.10.3/junit-jupiter-params-5.10.3.jar:/home/runner/.m2/repository/org/mockito/mockito-core/4.11.0/mockito-core-4.11.0.jar:/home/runner/.m2/repository/net/bytebuddy/byte-buddy-agent/1.12.19/byte-buddy-agent-1.12.19.jar:/home/runner/.m2/repository/org/objenesis/objenesis/3.3/objenesis-3.3.jar:/home/runner/.m2/repository/org/mockito/mockito-inline/4.11.0/mockito-inline-4.11.0.jar:/home/runner/.m2/repository/org/mockito/mockito-junit-jupiter/4.11.0/mockito-junit-jupiter-4.11.0.jar:/home/runner/.m2/repository/org/apache/hadoop/hadoop-distcp/3.3.6/hadoop-distcp-3.3.6.jar:/home/runner/.m2/repository/org/apache/hadoop/hadoop-mapreduce-client-jobclient/3.3.6/hadoop-mapreduce-client-jobclient-3.3.6.jar:/home/runner/.m2/repository/org/apache/hadoop/hadoop-mapreduce-client-common/3.3.6/hadoop-mapreduce-client-common-3.3.6.jar:/home/runner/.m2/repository/org/apache/hadoop/hadoop-yarn-common/3.3.6/hadoop-yarn-common-3.3.6.jar:/home/runner/.m2/repository/org/apache/hadoop/hadoop-yarn-api/3.3.6/hadoop-yarn-api-3.3.6.jar:/home/runner/.m2/repository/javax/xml/bind/jaxb-api/2.2.11/jaxb-api-2.2.11.jar:/home/runner/.m2/repository/com/sun/jersey/contribs/jersey-guice/1.19.4/jersey-guice-1.19.4.jar:/home/runner/.m2/repository/com/fasterxml/jackson/jaxrs/jackson-jaxrs-json-provider/2.16.2/jackson-jaxrs-json-provider-2.16.2.jar:/home/runner/.m2/repository/com/fasterxml/jackson/jaxrs/jackson-jaxrs-base/2.16.2/jackson-jaxrs-base-2.16.2.jar:/home/runner/.m2/repository/org/apache/hadoop/hadoop-yarn-client/3.3.6/hadoop-yarn-client-3.3.6.jar:/home/runner/.m2/repository/org/eclipse/jetty/websocket/websocket-client/9.4.51.v20230217/websocket-client-9.4.51.v20230217.jar:/home/runner/.m2/repository/org/eclipse/jetty/websocket/websocket-common/9.4.51.v20230217/websocket-common-9.4.51.v20230217.jar:/home/runner/.m2/repository/org/eclipse/jetty/websocket/websocket-api/9.4.51.v20230217/websocket-api-9.4.51.v20230217.jar:/home/runner/.m2/repository/org/jline/jline/3.9.0/jline-3.9.0.jar:/home/runner/.m2/repository/org/apache/hadoop/hadoop-mapreduce-client-core/3.3.6/hadoop-mapreduce-client-core-3.3.6.jar:/home/runner/.m2/repository/org/apache/avro/avro/1.7.7/avro-1.7.7.jar:/home/runner/.m2/repository/com/thoughtworks/paranamer/paranamer/2.3/paranamer-2.3.jar:/home/runner/.m2/repository/org/apache/hadoop/hadoop-annotations/3.3.6/hadoop-annotations-3.3.6.jar:/home/runner/.m2/repository/io/netty/netty/3.10.6.Final/netty-3.10.6.Final.jar:/home/runner/.m2/repository/org/apache/hadoop/hadoop-distcp/3.3.6/hadoop-distcp-3.3.6-tests.jar:/home/runner/.m2/repository/org/hamcrest/hamcrest/2.2/hamcrest-2.2.jar:/home/runner/.m2/repository/org/slf4j/jul-to-slf4j/2.0.13/jul-to-slf4j-2.0.13.jar:/home/runner/work/ozone/ozone/hadoop-ozone/integration-test/target/gradle-enterprise/test-listeners.jar:"/>
    <property name="java.vm.vendor" value="Eclipse Adoptium"/>
    <property name="sun.arch.data.model" value="64"/>
    <property name="test.build.dir" value="/home/runner/work/ozone/ozone/hadoop-ozone/integration-test/target/test-dir"/>
    <property name="test.cache.data" value=""/>
    <property name="java.vendor.url" value="https://adoptium.net/"/>
    <property name="user.timezone" value="Etc/UTC"/>
    <property name="maven-surefire-plugin.argLineAccessArgs" value=" --add-opens java.management/com.sun.jmx.mbeanserver=ALL-UNNAMED --add-exports java.management/com.sun.jmx.mbeanserver=ALL-UNNAMED --add-opens java.base/java.nio=ALL-UNNAMED --add-opens java.base/java.lang=ALL-UNNAMED --add-opens java.base/java.lang.reflect=ALL-UNNAMED"/>
    <property name="os.name" value="Linux"/>
    <property name="java.vm.specification.version" value="17"/>
    <property name="test.build.data" value="/home/runner/work/ozone/ozone/hadoop-ozone/integration-test/target/test-dir"/>
    <property name="sun.java.launcher" value="SUN_STANDARD"/>
    <property name="sun.boot.library.path" value="/usr/lib/jvm/temurin-17-jdk-amd64/lib"/>
    <property name="sun.java.command" value="/home/runner/work/ozone/ozone/hadoop-ozone/integration-test/target/surefire/surefirebooter14638745100731428882.jar /home/runner/work/ozone/ozone/hadoop-ozone/integration-test/target/surefire 2024-08-03T19-38-11_303-jvmRun1 surefire2950169452031788066tmp surefire_178823901372189239113tmp"/>
    <property name="jdk.debug" value="release"/>
    <property name="native.lib.tmp.dir" value="/tmp"/>
    <property name="surefire.test.class.path" value="/home/runner/work/ozone/ozone/hadoop-ozone/integration-test/target/test-classes:/home/runner/work/ozone/ozone/hadoop-ozone/integration-test/target/classes:/home/runner/work/ozone/ozone/hadoop-ozone/common/target/ozone-common-1.5.0-SNAPSHOT.jar:/home/runner/.m2/repository/io/grpc/grpc-netty/1.58.0/grpc-netty-1.58.0.jar:/home/runner/.m2/repository/io/grpc/grpc-core/1.58.0/grpc-core-1.58.0.jar:/home/runner/.m2/repository/com/google/android/annotations/4.1.1.4/annotations-4.1.1.4.jar:/home/runner/.m2/repository/org/codehaus/mojo/animal-sniffer-annotations/1.23/animal-sniffer-annotations-1.23.jar:/home/runner/.m2/repository/io/grpc/grpc-context/1.58.0/grpc-context-1.58.0.jar:/home/runner/.m2/repository/io/grpc/grpc-util/1.58.0/grpc-util-1.58.0.jar:/home/runner/.m2/repository/com/google/errorprone/error_prone_annotations/2.28.0/error_prone_annotations-2.28.0.jar:/home/runner/.m2/repository/io/perfmark/perfmark-api/0.26.0/perfmark-api-0.26.0.jar:/home/runner/.m2/repository/io/netty/netty-codec-http2/4.1.109.Final/netty-codec-http2-4.1.109.Final.jar:/home/runner/.m2/repository/io/netty/netty-common/4.1.109.Final/netty-common-4.1.109.Final.jar:/home/runner/.m2/repository/io/netty/netty-buffer/4.1.109.Final/netty-buffer-4.1.109.Final.jar:/home/runner/.m2/repository/io/netty/netty-codec-http/4.1.109.Final/netty-codec-http-4.1.109.Final.jar:/home/runner/.m2/repository/io/netty/netty-handler-proxy/4.1.109.Final/netty-handler-proxy-4.1.109.Final.jar:/home/runner/.m2/repository/io/netty/netty-codec-socks/4.1.109.Final/netty-codec-socks-4.1.109.Final.jar:/home/runner/.m2/repository/io/netty/netty-tcnative-boringssl-static/2.0.65.Final/netty-tcnative-boringssl-static-2.0.65.Final.jar:/home/runner/.m2/repository/io/netty/netty-tcnative-classes/2.0.65.Final/netty-tcnative-classes-2.0.65.Final.jar:/home/runner/.m2/repository/io/netty/netty-tcnative-boringssl-static/2.0.65.Final/netty-tcnative-boringssl-static-2.0.65.Final-linux-x86_64.jar:/home/runner/.m2/repository/io/netty/netty-tcnative-boringssl-static/2.0.65.Final/netty-tcnative-boringssl-static-2.0.65.Final-linux-aarch_64.jar:/home/runner/.m2/repository/io/netty/netty-tcnative-boringssl-static/2.0.65.Final/netty-tcnative-boringssl-static-2.0.65.Final-osx-x86_64.jar:/home/runner/.m2/repository/io/netty/netty-tcnative-boringssl-static/2.0.65.Final/netty-tcnative-boringssl-static-2.0.65.Final-osx-aarch_64.jar:/home/runner/.m2/repository/io/netty/netty-tcnative-boringssl-static/2.0.65.Final/netty-tcnative-boringssl-static-2.0.65.Final-windows-x86_64.jar:/home/runner/.m2/repository/org/apache/commons/commons-compress/1.26.2/commons-compress-1.26.2.jar:/home/runner/work/ozone/ozone/hadoop-hdds/common/target/hdds-common-1.5.0-SNAPSHOT.jar:/home/runner/work/ozone/ozone/hadoop-hdds/client/target/hdds-client-1.5.0-SNAPSHOT.jar:/home/runner/work/ozone/ozone/hadoop-ozone/interface-client/target/ozone-interface-client-1.5.0-SNAPSHOT.jar:/home/runner/.m2/repository/org/apache/hadoop/hadoop-hdfs-client/3.3.6/hadoop-hdfs-client-3.3.6.jar:/home/runner/.m2/repository/com/squareup/okhttp3/okhttp/4.12.0/okhttp-4.12.0.jar:/home/runner/.m2/repository/com/squareup/okio/okio/3.6.0/okio-3.6.0.jar:/home/runner/.m2/repository/com/squareup/okio/okio-jvm/3.6.0/okio-jvm-3.6.0.jar:/home/runner/.m2/repository/org/jetbrains/kotlin/kotlin-stdlib-jdk8/1.9.25/kotlin-stdlib-jdk8-1.9.25.jar:/home/runner/.m2/repository/org/jetbrains/kotlin/kotlin-stdlib-jdk7/1.9.25/kotlin-stdlib-jdk7-1.9.25.jar:/home/runner/.m2/repository/org/jetbrains/kotlin/kotlin-stdlib-common/1.9.25/kotlin-stdlib-common-1.9.25.jar:/home/runner/.m2/repository/com/github/stephenc/jcip/jcip-annotations/1.0-1/jcip-annotations-1.0-1.jar:/home/runner/work/ozone/ozone/hadoop-hdds/test-utils/target/hdds-test-utils-1.5.0-SNAPSHOT.jar:/home/runner/.m2/repository/org/assertj/assertj-core/3.26.3/assertj-core-3.26.3.jar:/home/runner/.m2/repository/net/bytebuddy/byte-buddy/1.14.18/byte-buddy-1.14.18.jar:/home/runner/.m2/repository/com/google/guava/guava/32.1.3-jre/guava-32.1.3-jre.jar:/home/runner/.m2/repository/com/google/guava/failureaccess/1.0.1/failureaccess-1.0.1.jar:/home/runner/.m2/repository/com/google/guava/listenablefuture/9999.0-empty-to-avoid-conflict-with-guava/listenablefuture-9999.0-empty-to-avoid-conflict-with-guava.jar:/home/runner/.m2/repository/org/checkerframework/checker-qual/3.37.0/checker-qual-3.37.0.jar:/home/runner/.m2/repository/com/google/j2objc/j2objc-annotations/2.8/j2objc-annotations-2.8.jar:/home/runner/.m2/repository/commons-io/commons-io/2.16.1/commons-io-2.16.1.jar:/home/runner/.m2/repository/commons-logging/commons-logging/1.2/commons-logging-1.2.jar:/home/runner/.m2/repository/org/junit/jupiter/junit-jupiter-api/5.10.3/junit-jupiter-api-5.10.3.jar:/home/runner/.m2/repository/org/opentest4j/opentest4j/1.3.0/opentest4j-1.3.0.jar:/home/runner/.m2/repository/org/junit/platform/junit-platform-commons/1.10.3/junit-platform-commons-1.10.3.jar:/home/runner/.m2/repository/ch/qos/reload4j/reload4j/1.2.25/reload4j-1.2.25.jar:/home/runner/.m2/repository/jakarta/annotation/jakarta.annotation-api/2.1.1/jakarta.annotation-api-2.1.1.jar:/home/runner/.m2/repository/org/slf4j/slf4j-api/2.0.13/slf4j-api-2.0.13.jar:/home/runner/.m2/repository/org/apache/logging/log4j/log4j-api/2.23.1/log4j-api-2.23.1.jar:/home/runner/work/ozone/ozone/hadoop-hdds/server-scm/target/hdds-server-scm-1.5.0-SNAPSHOT.jar:/home/runner/.m2/repository/com/google/protobuf/protobuf-java/2.5.0/protobuf-java-2.5.0.jar:/home/runner/work/ozone/ozone/hadoop-hdds/container-service/target/hdds-container-service-1.5.0-SNAPSHOT.jar:/home/runner/work/ozone/ozone/hadoop-hdds/hadoop-dependency-server/target/hdds-hadoop-dependency-server-1.5.0-SNAPSHOT.jar:/home/runner/.m2/repository/com/nimbusds/nimbus-jose-jwt/9.40/nimbus-jose-jwt-9.40.jar:/home/runner/.m2/repository/org/apache/hadoop/hadoop-hdfs/3.3.6/hadoop-hdfs-3.3.6.jar:/home/runner/.m2/repository/commons-daemon/commons-daemon/1.4.0/commons-daemon-1.4.0.jar:/home/runner/.m2/repository/org/apache/kerby/kerb-core/1.0.1/kerb-core-1.0.1.jar:/home/runner/.m2/repository/org/apache/kerby/kerby-pkix/1.0.1/kerby-pkix-1.0.1.jar:/home/runner/.m2/repository/org/apache/kerby/kerby-asn1/1.0.1/kerby-asn1-1.0.1.jar:/home/runner/.m2/repository/org/apache/kerby/kerby-util/1.0.1/kerby-util-1.0.1.jar:/home/runner/.m2/repository/org/apache/kerby/kerb-util/1.0.1/kerb-util-1.0.1.jar:/home/runner/.m2/repository/org/apache/kerby/kerby-config/1.0.1/kerby-config-1.0.1.jar:/home/runner/.m2/repository/org/apache/kerby/kerb-crypto/1.0.1/kerb-crypto-1.0.1.jar:/home/runner/.m2/repository/org/xerial/snappy/snappy-java/1.1.10.5/snappy-java-1.1.10.5.jar:/home/runner/work/ozone/ozone/hadoop-hdds/framework/target/hdds-server-framework-1.5.0-SNAPSHOT.jar:/home/runner/.m2/repository/org/bouncycastle/bcprov-jdk18on/1.78.1/bcprov-jdk18on-1.78.1.jar:/home/runner/.m2/repository/io/dropwizard/metrics/metrics-core/3.2.6/metrics-core-3.2.6.jar:/home/runner/.m2/repository/org/apache/commons/commons-text/1.12.0/commons-text-1.12.0.jar:/home/runner/work/ozone/ozone/hadoop-hdds/framework/target/hdds-server-framework-1.5.0-SNAPSHOT-tests.jar:/home/runner/work/ozone/ozone/hadoop-hdds/interface-server/target/hdds-interface-server-1.5.0-SNAPSHOT.jar:/home/runner/work/ozone/ozone/hadoop-hdds/interface-admin/target/hdds-interface-admin-1.5.0-SNAPSHOT.jar:/home/runner/work/ozone/ozone/hadoop-hdds/managed-rocksdb/target/hdds-managed-rocksdb-1.5.0-SNAPSHOT.jar:/home/runner/.m2/repository/org/rocksdb/rocksdbjni/7.7.3/rocksdbjni-7.7.3.jar:/home/runner/.m2/repository/org/slf4j/slf4j-reload4j/2.0.13/slf4j-reload4j-2.0.13.jar:/home/runner/.m2/repository/org/apache/commons/commons-configuration2/2.10.1/commons-configuration2-2.10.1.jar:/home/runner/.m2/repository/commons-fileupload/commons-fileupload/1.5/commons-fileupload-1.5.jar:/home/runner/.m2/repository/org/apache/logging/log4j/log4j-core/2.23.1/log4j-core-2.23.1.jar:/home/runner/.m2/repository/com/lmax/disruptor/3.4.4/disruptor-3.4.4.jar:/home/runner/.m2/repository/org/eclipse/jetty/jetty-util/9.4.55.v20240627/jetty-util-9.4.55.v20240627.jar:/home/runner/.m2/repository/org/eclipse/jetty/jetty-server/9.4.55.v20240627/jetty-server-9.4.55.v20240627.jar:/home/runner/.m2/repository/org/eclipse/jetty/jetty-http/9.4.55.v20240627/jetty-http-9.4.55.v20240627.jar:/home/runner/.m2/repository/org/eclipse/jetty/jetty-io/9.4.55.v20240627/jetty-io-9.4.55.v20240627.jar:/home/runner/.m2/repository/org/eclipse/jetty/jetty-servlet/9.4.55.v20240627/jetty-servlet-9.4.55.v20240627.jar:/home/runner/.m2/repository/org/eclipse/jetty/jetty-security/9.4.55.v20240627/jetty-security-9.4.55.v20240627.jar:/home/runner/.m2/repository/org/eclipse/jetty/jetty-util-ajax/9.4.55.v20240627/jetty-util-ajax-9.4.55.v20240627.jar:/home/runner/.m2/repository/org/eclipse/jetty/jetty-webapp/9.4.55.v20240627/jetty-webapp-9.4.55.v20240627.jar:/home/runner/.m2/repository/org/eclipse/jetty/jetty-xml/9.4.55.v20240627/jetty-xml-9.4.55.v20240627.jar:/home/runner/.m2/repository/org/glassfish/jersey/containers/jersey-container-servlet-core/2.43/jersey-container-servlet-core-2.43.jar:/home/runner/.m2/repository/org/glassfish/hk2/external/jakarta.inject/2.6.1/jakarta.inject-2.6.1.jar:/home/runner/.m2/repository/org/glassfish/jersey/core/jersey-common/2.43/jersey-common-2.43.jar:/home/runner/.m2/repository/jakarta/ws/rs/jakarta.ws.rs-api/2.1.6/jakarta.ws.rs-api-2.1.6.jar:/home/runner/.m2/repository/org/apache/ratis/ratis-server/3.1.0/ratis-server-3.1.0.jar:/home/runner/.m2/repository/org/apache/ratis/ratis-thirdparty-misc/1.0.6/ratis-thirdparty-misc-1.0.6.jar:/home/runner/.m2/repository/org/apache/ratis/ratis-proto/3.1.0/ratis-proto-3.1.0.jar:/home/runner/.m2/repository/org/apache/ratis/ratis-common/3.1.0/ratis-common-3.1.0.jar:/home/runner/.m2/repository/org/apache/ratis/ratis-client/3.1.0/ratis-client-3.1.0.jar:/home/runner/.m2/repository/org/apache/ratis/ratis-metrics-api/3.1.0/ratis-metrics-api-3.1.0.jar:/home/runner/.m2/repository/org/apache/ratis/ratis-metrics-dropwizard3/3.1.0/ratis-metrics-dropwizard3-3.1.0.jar:/home/runner/.m2/repository/io/prometheus/simpleclient_dropwizard/0.16.0/simpleclient_dropwizard-0.16.0.jar:/home/runner/.m2/repository/io/prometheus/simpleclient/0.16.0/simpleclient-0.16.0.jar:/home/runner/.m2/repository/io/prometheus/simpleclient_common/0.16.0/simpleclient_common-0.16.0.jar:/home/runner/.m2/repository/com/fasterxml/jackson/datatype/jackson-datatype-jsr310/2.16.2/jackson-datatype-jsr310-2.16.2.jar:/home/runner/.m2/repository/com/fasterxml/jackson/core/jackson-core/2.16.2/jackson-core-2.16.2.jar:/home/runner/.m2/repository/com/github/jnr/jnr-posix/3.1.19/jnr-posix-3.1.19.jar:/home/runner/.m2/repository/com/github/jnr/jnr-ffi/2.2.16/jnr-ffi-2.2.16.jar:/home/runner/.m2/repository/com/github/jnr/jffi/1.3.13/jffi-1.3.13.jar:/home/runner/.m2/repository/com/github/jnr/jffi/1.3.13/jffi-1.3.13-native.jar:/home/runner/.m2/repository/org/ow2/asm/asm/9.2/asm-9.2.jar:/home/runner/.m2/repository/org/ow2/asm/asm-commons/9.2/asm-commons-9.2.jar:/home/runner/.m2/repository/org/ow2/asm/asm-analysis/9.2/asm-analysis-9.2.jar:/home/runner/.m2/repository/org/ow2/asm/asm-tree/9.2/asm-tree-9.2.jar:/home/runner/.m2/repository/org/ow2/asm/asm-util/9.2/asm-util-9.2.jar:/home/runner/.m2/repository/com/github/jnr/jnr-a64asm/1.0.0/jnr-a64asm-1.0.0.jar:/home/runner/.m2/repository/com/github/jnr/jnr-x86asm/1.0.2/jnr-x86asm-1.0.2.jar:/home/runner/.m2/repository/com/github/jnr/jnr-constants/0.10.4/jnr-constants-0.10.4.jar:/home/runner/work/ozone/ozone/hadoop-hdds/rocksdb-checkpoint-differ/target/rocksdb-checkpoint-differ-1.5.0-SNAPSHOT.jar:/home/runner/.m2/repository/org/jgrapht/jgrapht-core/1.4.0/jgrapht-core-1.4.0.jar:/home/runner/.m2/repository/org/jheaps/jheaps/0.11/jheaps-0.11.jar:/home/runner/.m2/repository/org/jgrapht/jgrapht-ext/1.4.0/jgrapht-ext-1.4.0.jar:/home/runner/.m2/repository/com/github/vlsi/mxgraph/jgraphx/3.9.8.1/jgraphx-3.9.8.1.jar:/home/runner/work/ozone/ozone/hadoop-ozone/ozone-manager/target/ozone-manager-1.5.0-SNAPSHOT.jar:/home/runner/.m2/repository/org/aspectj/aspectjrt/1.9.7/aspectjrt-1.9.7.jar:/home/runner/.m2/repository/org/aspectj/aspectjweaver/1.9.7/aspectjweaver-1.9.7.jar:/home/runner/work/ozone/ozone/hadoop-hdds/interface-client/target/hdds-interface-client-1.5.0-SNAPSHOT.jar:/home/runner/.m2/repository/org/apache/hadoop/thirdparty/hadoop-shaded-protobuf_3_7/1.1.1/hadoop-shaded-protobuf_3_7-1.1.1.jar:/home/runner/work/ozone/ozone/hadoop-ozone/interface-storage/target/ozone-interface-storage-1.5.0-SNAPSHOT.jar:/home/runner/.m2/repository/org/reflections/reflections/0.10.2/reflections-0.10.2.jar:/home/runner/.m2/repository/com/sun/jersey/jersey-client/1.19.4/jersey-client-1.19.4.jar:/home/runner/.m2/repository/org/codehaus/jackson/jackson-core-asl/1.9.13/jackson-core-asl-1.9.13.jar:/home/runner/.m2/repository/org/codehaus/jackson/jackson-mapper-asl/1.9.13/jackson-mapper-asl-1.9.13.jar:/home/runner/.m2/repository/org/codehaus/jackson/jackson-jaxrs/1.9.13/jackson-jaxrs-1.9.13.jar:/home/runner/.m2/repository/org/apache/ranger/ranger-intg/2.3.0/ranger-intg-2.3.0.jar:/home/runner/.m2/repository/org/apache/ranger/ranger-plugins-common/2.3.0/ranger-plugins-common-2.3.0.jar:/home/runner/.m2/repository/commons-lang/commons-lang/2.6/commons-lang-2.6.jar:/home/runner/.m2/repository/org/apache/ranger/ranger-plugins-cred/2.3.0/ranger-plugins-cred-2.3.0.jar:/home/runner/.m2/repository/org/apache/ranger/ranger-plugins-audit/2.3.0/ranger-plugins-audit-2.3.0.jar:/home/runner/.m2/repository/org/eclipse/jetty/jetty-client/9.4.55.v20240627/jetty-client-9.4.55.v20240627.jar:/home/runner/.m2/repository/org/apache/httpcomponents/httpmime/4.5.6/httpmime-4.5.6.jar:/home/runner/.m2/repository/org/apache/httpcomponents/httpcore-nio/4.4.16/httpcore-nio-4.4.16.jar:/home/runner/.m2/repository/org/apache/httpcomponents/httpasyncclient/4.1.3/httpasyncclient-4.1.3.jar:/home/runner/.m2/repository/com/carrotsearch/hppc/0.8.0/hppc-0.8.0.jar:/home/runner/.m2/repository/org/apache/orc/orc-core/1.5.8/orc-core-1.5.8.jar:/home/runner/.m2/repository/net/java/dev/jna/jna/5.2.0/jna-5.2.0.jar:/home/runner/.m2/repository/net/java/dev/jna/jna-platform/5.2.0/jna-platform-5.2.0.jar:/home/runner/.m2/repository/com/kstruct/gethostname4j/0.0.2/gethostname4j-0.0.2.jar:/home/runner/.m2/repository/org/apache/ranger/ranger-plugin-classloader/2.3.0/ranger-plugin-classloader-2.3.0.jar:/home/runner/work/ozone/ozone/hadoop-hdds/rocks-native/target/hdds-rocks-native-1.5.0-SNAPSHOT.jar:/home/runner/.m2/repository/org/apache/hadoop/hadoop-minikdc/3.3.6/hadoop-minikdc-3.3.6.jar:/home/runner/.m2/repository/org/apache/kerby/kerb-simplekdc/1.0.1/kerb-simplekdc-1.0.1.jar:/home/runner/.m2/repository/org/apache/kerby/kerb-client/1.0.1/kerb-client-1.0.1.jar:/home/runner/.m2/repository/org/apache/kerby/kerb-common/1.0.1/kerb-common-1.0.1.jar:/home/runner/.m2/repository/org/apache/kerby/token-provider/1.0.1/token-provider-1.0.1.jar:/home/runner/.m2/repository/org/apache/kerby/kerb-admin/1.0.1/kerb-admin-1.0.1.jar:/home/runner/.m2/repository/org/apache/kerby/kerb-server/1.0.1/kerb-server-1.0.1.jar:/home/runner/.m2/repository/org/apache/kerby/kerb-identity/1.0.1/kerb-identity-1.0.1.jar:/home/runner/.m2/repository/org/apache/kerby/kerby-xdr/1.0.1/kerby-xdr-1.0.1.jar:/home/runner/.m2/repository/junit/junit/4.13.2/junit-4.13.2.jar:/home/runner/.m2/repository/org/hamcrest/hamcrest-core/1.3/hamcrest-core-1.3.jar:/home/runner/work/ozone/ozone/hadoop-ozone/s3gateway/target/ozone-s3gateway-1.5.0-SNAPSHOT.jar:/home/runner/.m2/repository/org/javassist/javassist/3.30.2-GA/javassist-3.30.2-GA.jar:/home/runner/.m2/repository/org/jboss/weld/servlet/weld-servlet-shaded/3.1.9.Final/weld-servlet-shaded-3.1.9.Final.jar:/home/runner/.m2/repository/org/glassfish/jersey/ext/cdi/jersey-cdi1x/2.43/jersey-cdi1x-2.43.jar:/home/runner/.m2/repository/org/glassfish/jersey/inject/jersey-hk2/2.43/jersey-hk2-2.43.jar:/home/runner/.m2/repository/org/glassfish/hk2/hk2-locator/2.6.1/hk2-locator-2.6.1.jar:/home/runner/.m2/repository/org/glassfish/jersey/media/jersey-media-jaxb/2.43/jersey-media-jaxb-2.43.jar:/home/runner/.m2/repository/org/glassfish/hk2/osgi-resource-locator/1.0.3/osgi-resource-locator-1.0.3.jar:/home/runner/.m2/repository/org/glassfish/hk2/hk2-api/2.6.1/hk2-api-2.6.1.jar:/home/runner/.m2/repository/org/glassfish/hk2/hk2-utils/2.6.1/hk2-utils-2.6.1.jar:/home/runner/.m2/repository/org/glassfish/hk2/external/aopalliance-repackaged/2.6.1/aopalliance-repackaged-2.6.1.jar:/home/runner/.m2/repository/com/fasterxml/jackson/dataformat/jackson-dataformat-xml/2.16.2/jackson-dataformat-xml-2.16.2.jar:/home/runner/.m2/repository/org/codehaus/woodstox/stax2-api/4.2.2/stax2-api-4.2.2.jar:/home/runner/.m2/repository/com/fasterxml/woodstox/woodstox-core/5.4.0/woodstox-core-5.4.0.jar:/home/runner/.m2/repository/com/fasterxml/jackson/module/jackson-module-jaxb-annotations/2.16.2/jackson-module-jaxb-annotations-2.16.2.jar:/home/runner/.m2/repository/javax/enterprise/cdi-api/2.0/cdi-api-2.0.jar:/home/runner/.m2/repository/javax/el/javax.el-api/3.0.0/javax.el-api-3.0.0.jar:/home/runner/.m2/repository/javax/interceptor/javax.interceptor-api/1.2/javax.interceptor-api-1.2.jar:/home/runner/.m2/repository/javax/inject/javax.inject/1/javax.inject-1.jar:/home/runner/.m2/repository/jakarta/xml/bind/jakarta.xml.bind-api/2.3.3/jakarta.xml.bind-api-2.3.3.jar:/home/runner/.m2/repository/org/glassfish/jaxb/jaxb-runtime/2.3.9/jaxb-runtime-2.3.9.jar:/home/runner/.m2/repository/org/glassfish/jaxb/txw2/2.3.9/txw2-2.3.9.jar:/home/runner/.m2/repository/com/sun/istack/istack-commons-runtime/3.0.12/istack-commons-runtime-3.0.12.jar:/home/runner/.m2/repository/com/sun/activation/jakarta.activation/1.2.2/jakarta.activation-1.2.2.jar:/home/runner/.m2/repository/jakarta/activation/jakarta.activation-api/1.2.2/jakarta.activation-api-1.2.2.jar:/home/runner/.m2/repository/io/grpc/grpc-protobuf/1.58.0/grpc-protobuf-1.58.0.jar:/home/runner/.m2/repository/com/google/api/grpc/proto-google-common-protos/2.22.0/proto-google-common-protos-2.22.0.jar:/home/runner/.m2/repository/io/grpc/grpc-protobuf-lite/1.58.0/grpc-protobuf-lite-1.58.0.jar:/home/runner/.m2/repository/io/grpc/grpc-stub/1.58.0/grpc-stub-1.58.0.jar:/home/runner/.m2/repository/io/netty/netty-transport/4.1.109.Final/netty-transport-4.1.109.Final.jar:/home/runner/.m2/repository/io/netty/netty-resolver/4.1.109.Final/netty-resolver-4.1.109.Final.jar:/home/runner/work/ozone/ozone/hadoop-ozone/csi/target/ozone-csi-1.5.0-SNAPSHOT.jar:/home/runner/.m2/repository/com/google/protobuf/protobuf-java-util/3.19.6/protobuf-java-util-3.19.6.jar:/home/runner/.m2/repository/com/google/code/gson/gson/2.10.1/gson-2.10.1.jar:/home/runner/work/ozone/ozone/hadoop-hdds/config/target/hdds-config-1.5.0-SNAPSHOT.jar:/home/runner/.m2/repository/io/netty/netty-transport-native-epoll/4.1.109.Final/netty-transport-native-epoll-4.1.109.Final-linux-x86_64.jar:/home/runner/.m2/repository/io/netty/netty-transport-classes-epoll/4.1.109.Final/netty-transport-classes-epoll-4.1.109.Final.jar:/home/runner/.m2/repository/io/netty/netty-transport-native-unix-common/4.1.109.Final/netty-transport-native-unix-common-4.1.109.Final.jar:/home/runner/work/ozone/ozone/hadoop-ozone/recon/target/ozone-recon-1.5.0-SNAPSHOT.jar:/home/runner/work/ozone/ozone/hadoop-ozone/recon-codegen/target/ozone-reconcodegen-1.5.0-SNAPSHOT.jar:/home/runner/.m2/repository/com/google/inject/guice/6.0.0/guice-6.0.0.jar:/home/runner/.m2/repository/jakarta/inject/jakarta.inject-api/2.0.1/jakarta.inject-api-2.0.1.jar:/home/runner/.m2/repository/aopalliance/aopalliance/1.0/aopalliance-1.0.jar:/home/runner/.m2/repository/com/google/inject/extensions/guice-assistedinject/6.0.0/guice-assistedinject-6.0.0.jar:/home/runner/.m2/repository/com/google/inject/extensions/guice-servlet/6.0.0/guice-servlet-6.0.0.jar:/home/runner/.m2/repository/org/glassfish/jersey/containers/jersey-container-servlet/2.43/jersey-container-servlet-2.43.jar:/home/runner/.m2/repository/org/glassfish/hk2/guice-bridge/2.6.1/guice-bridge-2.6.1.jar:/home/runner/.m2/repository/org/glassfish/jersey/core/jersey-server/2.43/jersey-server-2.43.jar:/home/runner/.m2/repository/org/glassfish/jersey/core/jersey-client/2.43/jersey-client-2.43.jar:/home/runner/.m2/repository/jakarta/validation/jakarta.validation-api/2.0.2/jakarta.validation-api-2.0.2.jar:/home/runner/.m2/repository/org/glassfish/jersey/media/jersey-media-json-jackson/2.43/jersey-media-json-jackson-2.43.jar:/home/runner/.m2/repository/org/glassfish/jersey/ext/jersey-entity-filtering/2.43/jersey-entity-filtering-2.43.jar:/home/runner/.m2/repository/org/jooq/jooq/3.11.10/jooq-3.11.10.jar:/home/runner/.m2/repository/org/jooq/jooq-meta/3.11.10/jooq-meta-3.11.10.jar:/home/runner/.m2/repository/org/jooq/jooq-codegen/3.11.10/jooq-codegen-3.11.10.jar:/home/runner/.m2/repository/com/jolbox/bonecp/0.8.0.RELEASE/bonecp-0.8.0.RELEASE.jar:/home/runner/.m2/repository/org/apache/derby/derby/10.14.2.0/derby-10.14.2.0.jar:/home/runner/.m2/repository/org/xerial/sqlite-jdbc/3.46.0.0/sqlite-jdbc-3.46.0.0.jar:/home/runner/.m2/repository/org/springframework/spring-jdbc/5.3.37/spring-jdbc-5.3.37.jar:/home/runner/.m2/repository/org/springframework/spring-beans/5.3.37/spring-beans-5.3.37.jar:/home/runner/.m2/repository/org/springframework/spring-core/5.3.37/spring-core-5.3.37.jar:/home/runner/.m2/repository/org/springframework/spring-tx/5.3.37/spring-tx-5.3.37.jar:/home/runner/work/ozone/ozone/hadoop-ozone/client/target/ozone-client-1.5.0-SNAPSHOT.jar:/home/runner/work/ozone/ozone/hadoop-hdds/erasurecode/target/hdds-erasurecode-1.5.0-SNAPSHOT.jar:/home/runner/work/ozone/ozone/hadoop-ozone/ozonefs/target/ozone-filesystem-1.5.0-SNAPSHOT.jar:/home/runner/work/ozone/ozone/hadoop-ozone/ozonefs-common/target/ozone-filesystem-common-1.5.0-SNAPSHOT.jar:/home/runner/work/ozone/ozone/hadoop-ozone/tools/target/ozone-tools-1.5.0-SNAPSHOT.jar:/home/runner/.m2/repository/com/amazonaws/aws-java-sdk-core/1.12.661/aws-java-sdk-core-1.12.661.jar:/home/runner/.m2/repository/org/apache/httpcomponents/httpclient/4.5.14/httpclient-4.5.14.jar:/home/runner/.m2/repository/org/apache/httpcomponents/httpcore/4.4.16/httpcore-4.4.16.jar:/home/runner/.m2/repository/com/fasterxml/jackson/dataformat/jackson-dataformat-cbor/2.16.2/jackson-dataformat-cbor-2.16.2.jar:/home/runner/.m2/repository/joda-time/joda-time/2.12.7/joda-time-2.12.7.jar:/home/runner/.m2/repository/com/amazonaws/aws-java-sdk-s3/1.12.661/aws-java-sdk-s3-1.12.661.jar:/home/runner/.m2/repository/com/amazonaws/aws-java-sdk-kms/1.12.661/aws-java-sdk-kms-1.12.661.jar:/home/runner/.m2/repository/com/amazonaws/jmespath-java/1.12.661/jmespath-java-1.12.661.jar:/home/runner/.m2/repository/org/kohsuke/metainf-services/metainf-services/1.11/metainf-services-1.11.jar:/home/runner/work/ozone/ozone/hadoop-hdds/tools/target/hdds-tools-1.5.0-SNAPSHOT.jar:/home/runner/.m2/repository/org/apache/ratis/ratis-tools/3.1.0/ratis-tools-3.1.0.jar:/home/runner/.m2/repository/commons-cli/commons-cli/1.8.0/commons-cli-1.8.0.jar:/home/runner/.m2/repository/org/apache/commons/commons-lang3/3.14.0/commons-lang3-3.14.0.jar:/home/runner/work/ozone/ozone/hadoop-ozone/ozone-manager/target/ozone-manager-1.5.0-SNAPSHOT-tests.jar:/home/runner/work/ozone/ozone/hadoop-hdds/common/target/hdds-common-1.5.0-SNAPSHOT-tests.jar:/home/runner/work/ozone/ozone/hadoop-hdds/hadoop-dependency-client/target/hdds-hadoop-dependency-client-1.5.0-SNAPSHOT.jar:/home/runner/.m2/repository/info/picocli/picocli/4.7.6/picocli-4.7.6.jar:/home/runner/.m2/repository/com/fasterxml/jackson/core/jackson-annotations/2.16.2/jackson-annotations-2.16.2.jar:/home/runner/work/ozone/ozone/hadoop-hdds/annotations/target/hdds-annotation-processing-1.5.0-SNAPSHOT.jar:/home/runner/.m2/repository/javax/annotation/javax.annotation-api/1.3.2/javax.annotation-api-1.3.2.jar:/home/runner/.m2/repository/org/apache/ratis/ratis-server-api/3.1.0/ratis-server-api-3.1.0.jar:/home/runner/.m2/repository/org/apache/ratis/ratis-netty/3.1.0/ratis-netty-3.1.0.jar:/home/runner/.m2/repository/org/apache/ratis/ratis-grpc/3.1.0/ratis-grpc-3.1.0.jar:/home/runner/.m2/repository/org/bouncycastle/bcpkix-jdk18on/1.78.1/bcpkix-jdk18on-1.78.1.jar:/home/runner/.m2/repository/org/bouncycastle/bcutil-jdk18on/1.78.1/bcutil-jdk18on-1.78.1.jar:/home/runner/.m2/repository/commons-validator/commons-validator/1.6/commons-validator-1.6.jar:/home/runner/.m2/repository/commons-beanutils/commons-beanutils/1.9.4/commons-beanutils-1.9.4.jar:/home/runner/.m2/repository/commons-digester/commons-digester/1.8.1/commons-digester-1.8.1.jar:/home/runner/.m2/repository/commons-collections/commons-collections/3.2.2/commons-collections-3.2.2.jar:/home/runner/.m2/repository/io/jaegertracing/jaeger-client/1.8.1/jaeger-client-1.8.1.jar:/home/runner/.m2/repository/io/jaegertracing/jaeger-thrift/1.8.1/jaeger-thrift-1.8.1.jar:/home/runner/.m2/repository/org/apache/thrift/libthrift/0.15.0/libthrift-0.15.0.jar:/home/runner/.m2/repository/io/jaegertracing/jaeger-core/1.8.1/jaeger-core-1.8.1.jar:/home/runner/.m2/repository/io/jaegertracing/jaeger-tracerresolver/1.8.1/jaeger-tracerresolver-1.8.1.jar:/home/runner/.m2/repository/io/opentracing/contrib/opentracing-tracerresolver/0.1.8/opentracing-tracerresolver-0.1.8.jar:/home/runner/.m2/repository/org/jetbrains/kotlin/kotlin-stdlib/1.9.25/kotlin-stdlib-1.9.25.jar:/home/runner/.m2/repository/org/jetbrains/annotations/13.0/annotations-13.0.jar:/home/runner/.m2/repository/io/opentracing/opentracing-util/0.33.0/opentracing-util-0.33.0.jar:/home/runner/.m2/repository/io/opentracing/opentracing-api/0.33.0/opentracing-api-0.33.0.jar:/home/runner/.m2/repository/io/opentracing/opentracing-noop/0.33.0/opentracing-noop-0.33.0.jar:/home/runner/.m2/repository/org/yaml/snakeyaml/2.0/snakeyaml-2.0.jar:/home/runner/.m2/repository/io/grpc/grpc-api/1.58.0/grpc-api-1.58.0.jar:/home/runner/.m2/repository/org/junit/platform/junit-platform-launcher/1.10.3/junit-platform-launcher-1.10.3.jar:/home/runner/.m2/repository/org/junit/platform/junit-platform-engine/1.10.3/junit-platform-engine-1.10.3.jar:/home/runner/.m2/repository/org/apiguardian/apiguardian-api/1.1.2/apiguardian-api-1.1.2.jar:/home/runner/.m2/repository/org/apache/hadoop/hadoop-kms/3.3.6/hadoop-kms-3.3.6.jar:/home/runner/.m2/repository/org/apache/hadoop/hadoop-auth/3.3.6/hadoop-auth-3.3.6.jar:/home/runner/.m2/repository/org/apache/zookeeper/zookeeper/3.8.4/zookeeper-3.8.4.jar:/home/runner/.m2/repository/org/apache/zookeeper/zookeeper-jute/3.8.4/zookeeper-jute-3.8.4.jar:/home/runner/.m2/repository/org/apache/yetus/audience-annotations/0.12.0/audience-annotations-0.12.0.jar:/home/runner/.m2/repository/org/apache/curator/curator-framework/4.2.0/curator-framework-4.2.0.jar:/home/runner/.m2/repository/org/apache/hadoop/thirdparty/hadoop-shaded-guava/1.2.0/hadoop-shaded-guava-1.2.0.jar:/home/runner/.m2/repository/com/sun/jersey/jersey-core/1.19.4/jersey-core-1.19.4.jar:/home/runner/.m2/repository/javax/ws/rs/jsr311-api/1.1.1/jsr311-api-1.1.1.jar:/home/runner/.m2/repository/com/sun/jersey/jersey-server/1.19.4/jersey-server-1.19.4.jar:/home/runner/.m2/repository/javax/servlet/javax.servlet-api/3.1.0/javax.servlet-api-3.1.0.jar:/home/runner/.m2/repository/org/apache/hadoop/hadoop-common/3.3.6/hadoop-common-3.3.6.jar:/home/runner/.m2/repository/org/apache/commons/commons-math3/3.6.1/commons-math3-3.6.1.jar:/home/runner/.m2/repository/commons-net/commons-net/3.11.1/commons-net-3.11.1.jar:/home/runner/.m2/repository/com/sun/jersey/jersey-servlet/1.19.4/jersey-servlet-1.19.4.jar:/home/runner/.m2/repository/com/github/pjfanning/jersey-json/1.20/jersey-json-1.20.jar:/home/runner/.m2/repository/org/codehaus/jettison/jettison/1.1/jettison-1.1.jar:/home/runner/.m2/repository/com/sun/xml/bind/jaxb-impl/2.2.3-1/jaxb-impl-2.2.3-1.jar:/home/runner/.m2/repository/com/google/re2j/re2j/1.7/re2j-1.7.jar:/home/runner/.m2/repository/com/jcraft/jsch/0.1.55/jsch-0.1.55.jar:/home/runner/.m2/repository/org/apache/curator/curator-client/4.2.0/curator-client-4.2.0.jar:/home/runner/.m2/repository/org/apache/curator/curator-recipes/5.2.0/curator-recipes-5.2.0.jar:/home/runner/.m2/repository/com/google/code/findbugs/jsr305/3.0.2/jsr305-3.0.2.jar:/home/runner/.m2/repository/dnsjava/dnsjava/2.1.9/dnsjava-2.1.9.jar:/home/runner/.m2/repository/com/fasterxml/jackson/core/jackson-databind/2.16.2/jackson-databind-2.16.2.jar:/home/runner/.m2/repository/org/apache/hadoop/hadoop-kms/3.3.6/hadoop-kms-3.3.6-tests.jar:/home/runner/work/ozone/ozone/hadoop-hdds/server-scm/target/hdds-server-scm-1.5.0-SNAPSHOT-tests.jar:/home/runner/work/ozone/ozone/hadoop-hdds/container-service/target/hdds-container-service-1.5.0-SNAPSHOT-tests.jar:/home/runner/.m2/repository/com/github/luben/zstd-jni/1.5.6-3/zstd-jni-1.5.6-3.jar:/home/runner/.m2/repository/commons-codec/commons-codec/1.17.0/commons-codec-1.17.0.jar:/home/runner/.m2/repository/io/netty/netty-codec/4.1.109.Final/netty-codec-4.1.109.Final.jar:/home/runner/.m2/repository/io/netty/netty-handler/4.1.109.Final/netty-handler-4.1.109.Final.jar:/home/runner/work/ozone/ozone/hadoop-hdds/hadoop-dependency-test/target/hdds-hadoop-dependency-test-1.5.0-SNAPSHOT.jar:/home/runner/.m2/repository/org/apache/hadoop/hadoop-common/3.3.6/hadoop-common-3.3.6-tests.jar:/home/runner/.m2/repository/org/apache/hadoop/hadoop-hdfs/3.3.6/hadoop-hdfs-3.3.6-tests.jar:/home/runner/.m2/repository/org/junit/jupiter/junit-jupiter-engine/5.10.3/junit-jupiter-engine-5.10.3.jar:/home/runner/.m2/repository/org/junit/jupiter/junit-jupiter-params/5.10.3/junit-jupiter-params-5.10.3.jar:/home/runner/.m2/repository/org/mockito/mockito-core/4.11.0/mockito-core-4.11.0.jar:/home/runner/.m2/repository/net/bytebuddy/byte-buddy-agent/1.12.19/byte-buddy-agent-1.12.19.jar:/home/runner/.m2/repository/org/objenesis/objenesis/3.3/objenesis-3.3.jar:/home/runner/.m2/repository/org/mockito/mockito-inline/4.11.0/mockito-inline-4.11.0.jar:/home/runner/.m2/repository/org/mockito/mockito-junit-jupiter/4.11.0/mockito-junit-jupiter-4.11.0.jar:/home/runner/.m2/repository/org/apache/hadoop/hadoop-distcp/3.3.6/hadoop-distcp-3.3.6.jar:/home/runner/.m2/repository/org/apache/hadoop/hadoop-mapreduce-client-jobclient/3.3.6/hadoop-mapreduce-client-jobclient-3.3.6.jar:/home/runner/.m2/repository/org/apache/hadoop/hadoop-mapreduce-client-common/3.3.6/hadoop-mapreduce-client-common-3.3.6.jar:/home/runner/.m2/repository/org/apache/hadoop/hadoop-yarn-common/3.3.6/hadoop-yarn-common-3.3.6.jar:/home/runner/.m2/repository/org/apache/hadoop/hadoop-yarn-api/3.3.6/hadoop-yarn-api-3.3.6.jar:/home/runner/.m2/repository/javax/xml/bind/jaxb-api/2.2.11/jaxb-api-2.2.11.jar:/home/runner/.m2/repository/com/sun/jersey/contribs/jersey-guice/1.19.4/jersey-guice-1.19.4.jar:/home/runner/.m2/repository/com/fasterxml/jackson/jaxrs/jackson-jaxrs-json-provider/2.16.2/jackson-jaxrs-json-provider-2.16.2.jar:/home/runner/.m2/repository/com/fasterxml/jackson/jaxrs/jackson-jaxrs-base/2.16.2/jackson-jaxrs-base-2.16.2.jar:/home/runner/.m2/repository/org/apache/hadoop/hadoop-yarn-client/3.3.6/hadoop-yarn-client-3.3.6.jar:/home/runner/.m2/repository/org/eclipse/jetty/websocket/websocket-client/9.4.51.v20230217/websocket-client-9.4.51.v20230217.jar:/home/runner/.m2/repository/org/eclipse/jetty/websocket/websocket-common/9.4.51.v20230217/websocket-common-9.4.51.v20230217.jar:/home/runner/.m2/repository/org/eclipse/jetty/websocket/websocket-api/9.4.51.v20230217/websocket-api-9.4.51.v20230217.jar:/home/runner/.m2/repository/org/jline/jline/3.9.0/jline-3.9.0.jar:/home/runner/.m2/repository/org/apache/hadoop/hadoop-mapreduce-client-core/3.3.6/hadoop-mapreduce-client-core-3.3.6.jar:/home/runner/.m2/repository/org/apache/avro/avro/1.7.7/avro-1.7.7.jar:/home/runner/.m2/repository/com/thoughtworks/paranamer/paranamer/2.3/paranamer-2.3.jar:/home/runner/.m2/repository/org/apache/hadoop/hadoop-annotations/3.3.6/hadoop-annotations-3.3.6.jar:/home/runner/.m2/repository/io/netty/netty/3.10.6.Final/netty-3.10.6.Final.jar:/home/runner/.m2/repository/org/apache/hadoop/hadoop-distcp/3.3.6/hadoop-distcp-3.3.6-tests.jar:/home/runner/.m2/repository/org/hamcrest/hamcrest/2.2/hamcrest-2.2.jar:/home/runner/.m2/repository/org/slf4j/jul-to-slf4j/2.0.13/jul-to-slf4j-2.0.13.jar:/home/runner/work/ozone/ozone/hadoop-ozone/integration-test/target/gradle-enterprise/test-listeners.jar:"/>
    <property name="sun.cpu.endian" value="little"/>
    <property name="user.home" value="/home/runner"/>
    <property name="user.language" value="en"/>
    <property name="java.specification.vendor" value="Oracle Corporation"/>
    <property name="java.version.date" value="2024-07-16"/>
    <property name="java.home" value="/usr/lib/jvm/temurin-17-jdk-amd64"/>
    <property name="java.security.krb5.conf" value="/home/runner/work/ozone/ozone/hadoop-ozone/integration-test/target/test-classes/krb5.conf"/>
    <property name="file.separator" value="/"/>
    <property name="basedir" value="/home/runner/work/ozone/ozone/hadoop-ozone/integration-test"/>
    <property name="java.vm.compressedOopsMode" value="Zero based"/>
    <property name="line.separator" value="&#10;"/>
    <property name="java.vm.specification.vendor" value="Oracle Corporation"/>
    <property name="java.specification.name" value="Java Platform API Specification"/>
    <property name="skip.installnpx" value="true"/>
    <property name="surefire.real.class.path" value="/home/runner/work/ozone/ozone/hadoop-ozone/integration-test/target/surefire/surefirebooter14638745100731428882.jar"/>
    <property name="hadoop.log.dir" value="/home/runner/work/ozone/ozone/hadoop-ozone/integration-test/target/log"/>
    <property name="sun.management.compiler" value="HotSpot 64-Bit Tiered Compilers"/>
    <property name="java.runtime.version" value="17.0.12+7"/>
    <property name="skip.npx" value="true"/>
    <property name="user.name" value="runner"/>
    <property name="java.net.preferIPv4Stack" value="true"/>
    <property name="path.separator" value=":"/>
    <property name="java.security.egd" value="file:///dev/urandom"/>
    <property name="os.version" value="5.15.0-1068-azure"/>
    <property name="java.runtime.name" value="OpenJDK Runtime Environment"/>
    <property name="com.gradle.maven.scan.extension.test.listener.junitplatform.NestedExecutionSafeDelegatingTestExecutionListener" value="616ac46a"/>
    <property name="file.encoding" value="UTF-8"/>
    <property name="java.vm.name" value="OpenJDK 64-Bit Server VM"/>
    <property name="java.vendor.version" value="Temurin-17.0.12+7"/>
    <property name="test.build.webapps" value=""/>
    <property name="develocity.listener.surefire.forkId" value="1"/>
    <property name="localRepository" value="/home/runner/.m2/repository"/>
    <property name="java.vendor.url.bug" value="https://github.com/adoptium/adoptium-support/issues"/>
    <property name="jetty.git.hash" value="70015831e5195ba74da6383c4ab7c90c56bb08af"/>
    <property name="java.io.tmpdir" value="/tmp"/>
    <property name="require.test.libhadoop" value=""/>
    <property name="java.version" value="17.0.12"/>
    <property name="user.dir" value="/home/runner/work/ozone/ozone/hadoop-ozone/integration-test"/>
    <property name="os.arch" value="amd64"/>
    <property name="java.vm.specification.name" value="Java Virtual Machine Specification"/>
    <property name="test.build.classes" value="/home/runner/work/ozone/ozone/hadoop-ozone/integration-test/target/test-classes"/>
    <property name="org.apache.ratis.thirdparty.io.netty.allocator.useCacheForAllThreads" value="false"/>
    <property name="native.encoding" value="UTF-8"/>
    <property name="hadoop.tmp.dir" value="/home/runner/work/ozone/ozone/hadoop-ozone/integration-test/target/tmp"/>
    <property name="java.library.path" value="/usr/java/packages/lib:/usr/lib64:/lib64:/lib:/usr/lib"/>
    <property name="java.vm.info" value="mixed mode, sharing"/>
    <property name="java.vendor" value="Eclipse Adoptium"/>
    <property name="java.vm.version" value="17.0.12+7"/>
    <property name="sun.io.unicode.encoding" value="UnicodeLittle"/>
    <property name="develocity.listener.port" value="46369"/>
    <property name="java.class.version" value="61.0"/>
  </properties>
  <testcase name="testForceBootstrap" classname="org.apache.hadoop.ozone.om.TestAddRemoveOzoneManager" time="59.371">
    <error type="java.io.IOException"><![CDATA[java.io.IOException: Failed to Bootstrap OM. Error Code: RATIS_BOOTSTRAP_ERROR, Error Message: omNode-1@group-0AAC5367B30E-ConfigurationStagingState: Fail to set configuration peers:[omNode-bootstrap-2|localhost:15058, omNode-3|localhost:15023, omNode-1|localhost:15015, omNode-2|localhost:15019]|listeners:[] due to NOPROGRESS
	at org.apache.hadoop.ozone.om.protocolPB.OMInterServiceProtocolClientSideImpl.throwException(OMInterServiceProtocolClientSideImpl.java:113)
	at org.apache.hadoop.ozone.om.protocolPB.OMInterServiceProtocolClientSideImpl.bootstrap(OMInterServiceProtocolClientSideImpl.java:107)
	at org.apache.hadoop.ozone.om.OzoneManager.bootstrap(OzoneManager.java:1911)
	at org.apache.hadoop.ozone.om.OzoneManager.start(OzoneManager.java:1726)
	at org.apache.hadoop.ozone.MiniOzoneHAClusterImpl$MiniOzoneHAService.startInactiveService(MiniOzoneHAClusterImpl.java:993)
	at org.apache.hadoop.ozone.MiniOzoneHAClusterImpl.startInactiveOM(MiniOzoneHAClusterImpl.java:189)
	at org.apache.hadoop.ozone.MiniOzoneHAClusterImpl.bootstrapNewOM(MiniOzoneHAClusterImpl.java:834)
	at org.apache.hadoop.ozone.MiniOzoneHAClusterImpl.bootstrapOzoneManager(MiniOzoneHAClusterImpl.java:749)
	at org.apache.hadoop.ozone.om.TestAddRemoveOzoneManager.testForceBootstrap(TestAddRemoveOzoneManager.java:338)
	at java.base/java.lang.reflect.Method.invoke(Method.java:569)
	at java.base/java.util.ArrayList.forEach(ArrayList.java:1511)
	at java.base/java.util.ArrayList.forEach(ArrayList.java:1511)
]]></error>
    <system-out><![CDATA[2024-08-03 20:04:21,915 [main] WARN  server.ServerUtils (ServerUtils.java:getScmDbDir(143)) - ozone.scm.db.dirs is not configured. We recommend adding this setting. Falling back to ozone.metadata.dirs instead.
2024-08-03 20:04:22,069 [main] INFO  reflections.Reflections (Reflections.java:scan(219)) - Reflections took 131 ms to scan 7 urls, producing 158 keys and 370 values
2024-08-03 20:04:22,175 [main] INFO  ha.SCMHANodeDetails (SCMHANodeDetails.java:loadSCMHAConfig(207)) - ServiceID for StorageContainerManager is scmServiceId
2024-08-03 20:04:22,182 [main] INFO  ha.SCMHANodeDetails (SCMHANodeDetails.java:loadSCMHAConfig(218)) - ServiceID for StorageContainerManager is scmServiceId
2024-08-03 20:04:22,276 [main] INFO  ha.SCMHANodeDetails (SCMHANodeDetails.java:loadSCMHAConfig(305)) - Found matching SCM address with SCMServiceId: scmServiceId, SCMNodeId: scmNode-1, RPC Address: localhost:15003 and Ratis port: 15003
2024-08-03 20:04:22,277 [main] INFO  ha.SCMHANodeDetails (ConfUtils.java:setNodeSpecificConfigs(97)) - Setting configuration key ozone.scm.datanode.address with value of key ozone.scm.datanode.address.scmServiceId.scmNode-1: 127.0.0.1:15004
2024-08-03 20:04:22,278 [main] INFO  ha.SCMHANodeDetails (ConfUtils.java:setNodeSpecificConfigs(97)) - Setting configuration key ozone.scm.block.client.address with value of key ozone.scm.block.client.address.scmServiceId.scmNode-1: 127.0.0.1:15007
2024-08-03 20:04:22,279 [main] INFO  ha.SCMHANodeDetails (ConfUtils.java:setNodeSpecificConfigs(97)) - Setting configuration key ozone.scm.client.address with value of key ozone.scm.client.address.scmServiceId.scmNode-1: 127.0.0.1:15005
2024-08-03 20:04:22,280 [main] INFO  ha.SCMHANodeDetails (ConfUtils.java:setNodeSpecificConfigs(97)) - Setting configuration key ozone.scm.security.service.address with value of key ozone.scm.security.service.address.scmServiceId.scmNode-1: 127.0.0.1:15002
2024-08-03 20:04:22,281 [main] INFO  ha.SCMHANodeDetails (ConfUtils.java:setNodeSpecificConfigs(97)) - Setting configuration key ozone.scm.ratis.port with value of key ozone.scm.ratis.port.scmServiceId.scmNode-1: 15003
2024-08-03 20:04:22,281 [main] INFO  ha.SCMHANodeDetails (ConfUtils.java:setNodeSpecificConfigs(97)) - Setting configuration key ozone.scm.grpc.port with value of key ozone.scm.grpc.port.scmServiceId.scmNode-1: 15006
2024-08-03 20:04:22,282 [main] INFO  ha.SCMHANodeDetails (ConfUtils.java:setNodeSpecificConfigs(97)) - Setting configuration key ozone.scm.http-address with value of key ozone.scm.http-address.scmServiceId.scmNode-1: 127.0.0.1:15000
2024-08-03 20:04:22,283 [main] INFO  ha.SCMHANodeDetails (ConfUtils.java:setNodeSpecificConfigs(97)) - Setting configuration key ozone.scm.https-address with value of key ozone.scm.https-address.scmServiceId.scmNode-1: 127.0.0.1:15001
2024-08-03 20:04:22,283 [main] INFO  ha.SCMHANodeDetails (ConfUtils.java:setNodeSpecificConfigs(97)) - Setting configuration key ozone.scm.address with value of key ozone.scm.address.scmServiceId.scmNode-1: 127.0.0.1
2024-08-03 20:04:22,306 [main] WARN  scm.ScmUtils (ScmUtils.java:logWarn(165)) - ConfigKey ozone.scm.block.client.address is deprecated, For configuring different ports for each SCM use PortConfigKey ozone.scm.block.client.port appended with serviceId and nodeId. If want to configure same port configure ozone.scm.block.client.port
2024-08-03 20:04:22,306 [main] WARN  scm.ScmUtils (ScmUtils.java:logWarn(165)) - ConfigKey ozone.scm.client.address is deprecated, For configuring different ports for each SCM use PortConfigKey ozone.scm.client.port appended with serviceId and nodeId. If want to configure same port configure ozone.scm.client.port
2024-08-03 20:04:22,309 [main] WARN  scm.ScmUtils (ScmUtils.java:logWarn(165)) - ConfigKey ozone.scm.datanode.address is deprecated, For configuring different ports for each SCM use PortConfigKey ozone.scm.datanode.port appended with serviceId and nodeId. If want to configure same port configure ozone.scm.datanode.port
2024-08-03 20:04:22,642 [main] INFO  server.RaftServer (ConfUtils.java:logGet(46)) - raft.rpc.type = GRPC (default)
2024-08-03 20:04:22,714 [main] INFO  grpc.GrpcConfigKeys (ConfUtils.java:logFallback(53)) - raft.grpc.admin.host = null (fallback to raft.grpc.server.host)
2024-08-03 20:04:22,715 [main] INFO  grpc.GrpcConfigKeys (ConfUtils.java:logFallback(53)) - raft.grpc.admin.port = 15003 (fallback to raft.grpc.server.port)
2024-08-03 20:04:22,715 [main] INFO  grpc.GrpcConfigKeys (ConfUtils.java:logFallback(53)) - raft.grpc.client.host = null (fallback to raft.grpc.server.host)
2024-08-03 20:04:22,716 [main] INFO  grpc.GrpcConfigKeys (ConfUtils.java:logFallback(53)) - raft.grpc.client.port = 15003 (fallback to raft.grpc.server.port)
2024-08-03 20:04:22,716 [main] INFO  grpc.GrpcConfigKeys (ConfUtils.java:logGet(46)) - raft.grpc.server.host = null (default)
2024-08-03 20:04:22,716 [main] INFO  grpc.GrpcConfigKeys (ConfUtils.java:logGet(46)) - raft.grpc.server.port = 15003 (custom)
2024-08-03 20:04:22,717 [main] INFO  server.GrpcService (ConfUtils.java:logGet(46)) - raft.grpc.message.size.max = 32m (=33554432) (custom)
2024-08-03 20:04:22,718 [main] INFO  server.RaftServerConfigKeys (ConfUtils.java:logGet(46)) - raft.server.log.appender.buffer.byte-limit = 4194304 (custom)
2024-08-03 20:04:22,719 [main] INFO  server.GrpcService (ConfUtils.java:logGet(46)) - raft.grpc.flow.control.window = 1MB (=1048576) (default)
2024-08-03 20:04:22,719 [main] INFO  server.RaftServerConfigKeys (ConfUtils.java:logGet(46)) - raft.server.rpc.request.timeout = 30000ms (custom)
2024-08-03 20:04:22,728 [main] INFO  grpc.GrpcConfigKeys (ConfUtils.java:logGet(46)) - raft.grpc.server.heartbeat.channel = true (default)
2024-08-03 20:04:22,732 [main] INFO  grpc.GrpcConfigKeys (ConfUtils.java:logGet(46)) - raft.grpc.server.async.request.thread.pool.cached = true (default)
2024-08-03 20:04:22,733 [main] INFO  grpc.GrpcConfigKeys (ConfUtils.java:logGet(46)) - raft.grpc.server.async.request.thread.pool.size = 32 (default)
2024-08-03 20:04:22,898 [main] INFO  impl.DataStreamServerImpl (ConfUtils.java:logGet(46)) - raft.datastream.type = DISABLED (default)
2024-08-03 20:04:22,900 [main] INFO  server.RaftServerConfigKeys (ConfUtils.java:logGet(46)) - raft.server.sleep.deviation.threshold = 300ms (default)
2024-08-03 20:04:22,901 [main] INFO  server.RaftServerConfigKeys (ConfUtils.java:logGet(46)) - raft.server.close.threshold = 60s (default)
2024-08-03 20:04:22,902 [main] INFO  server.RaftServerConfigKeys (ConfUtils.java:logGet(46)) - raft.server.leaderelection.leader.step-down.wait-time = 10s (default)
2024-08-03 20:04:22,906 [main] INFO  server.RaftServerConfigKeys (ConfUtils.java:logGet(46)) - raft.server.storage.dir = [/home/runner/work/ozone/ozone/hadoop-ozone/integration-test/target/test-dir/MiniOzoneClusterImpl-4c2a292f-c896-477d-a18b-b69de7e7ed64/scmNode-1/scm-ha] (custom)
2024-08-03 20:04:22,907 [main] INFO  server.RaftServerConfigKeys (ConfUtils.java:logGet(46)) - raft.server.threadpool.proxy.cached = true (default)
2024-08-03 20:04:22,908 [main] INFO  server.RaftServerConfigKeys (ConfUtils.java:logGet(46)) - raft.server.threadpool.proxy.size = 0 (default)
2024-08-03 20:04:22,916 [main] INFO  server.RaftServer (RaftServerProxy.java:addNew(101)) - 8c6bcd6e-4a2a-41ae-8998-20aaaed1716b: addNew group-B69DE7E7ED64:[8c6bcd6e-4a2a-41ae-8998-20aaaed1716b|localhost:15003] returns group-B69DE7E7ED64:java.util.concurrent.CompletableFuture@4978777f[Not completed]
2024-08-03 20:04:22,932 [8c6bcd6e-4a2a-41ae-8998-20aaaed1716b-groupManagement] INFO  server.RaftServer$Division (RaftServerImpl.java:<init>(253)) - 8c6bcd6e-4a2a-41ae-8998-20aaaed1716b: new RaftServerImpl for group-B69DE7E7ED64:[8c6bcd6e-4a2a-41ae-8998-20aaaed1716b|localhost:15003] with SCMStateMachine:uninitialized
2024-08-03 20:04:22,934 [8c6bcd6e-4a2a-41ae-8998-20aaaed1716b-groupManagement] INFO  server.RaftServerConfigKeys (ConfUtils.java:logGet(46)) - raft.server.rpc.timeout.min = 5000ms (custom)
2024-08-03 20:04:22,934 [8c6bcd6e-4a2a-41ae-8998-20aaaed1716b-groupManagement] INFO  server.RaftServerConfigKeys (ConfUtils.java:logGet(46)) - raft.server.rpc.timeout.max = 5200ms (custom)
2024-08-03 20:04:22,935 [8c6bcd6e-4a2a-41ae-8998-20aaaed1716b-groupManagement] INFO  server.RaftServerConfigKeys (ConfUtils.java:logGet(46)) - raft.server.rpc.sleep.time = 25ms (default)
2024-08-03 20:04:22,935 [8c6bcd6e-4a2a-41ae-8998-20aaaed1716b-groupManagement] INFO  server.RaftServerConfigKeys (ConfUtils.java:logGet(46)) - raft.server.rpc.slowness.timeout = 120000ms (custom)
2024-08-03 20:04:22,935 [8c6bcd6e-4a2a-41ae-8998-20aaaed1716b-groupManagement] INFO  server.RaftServerConfigKeys (ConfUtils.java:logGet(46)) - raft.server.leaderelection.leader.step-down.wait-time = 10s (default)
2024-08-03 20:04:22,936 [8c6bcd6e-4a2a-41ae-8998-20aaaed1716b-groupManagement] INFO  server.RaftServerConfigKeys (ConfUtils.java:logGet(46)) - raft.server.leaderelection.member.majority-add = false (default)
2024-08-03 20:04:22,936 [8c6bcd6e-4a2a-41ae-8998-20aaaed1716b-groupManagement] INFO  server.RaftServerConfigKeys (ConfUtils.java:logGet(46)) - raft.server.sleep.deviation.threshold = 300ms (default)
2024-08-03 20:04:22,941 [8c6bcd6e-4a2a-41ae-8998-20aaaed1716b-groupManagement] INFO  server.RaftServer$Division (ServerState.java:<init>(114)) - 8c6bcd6e-4a2a-41ae-8998-20aaaed1716b@group-B69DE7E7ED64: ConfigurationManager, init=conf: {index: -1, cur=peers:[8c6bcd6e-4a2a-41ae-8998-20aaaed1716b|localhost:15003]|listeners:[], old=null}, confs=<EMPTY_MAP>
2024-08-03 20:04:22,946 [8c6bcd6e-4a2a-41ae-8998-20aaaed1716b-groupManagement] INFO  server.RaftServerConfigKeys (ConfUtils.java:logGet(46)) - raft.server.notification.no-leader.timeout = 60s (default)
2024-08-03 20:04:22,948 [8c6bcd6e-4a2a-41ae-8998-20aaaed1716b-groupManagement] INFO  server.RaftServerConfigKeys (ConfUtils.java:logGet(46)) - raft.server.read.timeout = 10s (default)
2024-08-03 20:04:22,951 [8c6bcd6e-4a2a-41ae-8998-20aaaed1716b-groupManagement] INFO  server.RaftServerConfigKeys (ConfUtils.java:logGet(46)) - raft.server.retrycache.expirytime = 60000ms (default)
2024-08-03 20:04:22,951 [8c6bcd6e-4a2a-41ae-8998-20aaaed1716b-groupManagement] INFO  server.RaftServerConfigKeys (ConfUtils.java:logGet(46)) - raft.server.retrycache.statistics.expirytime = 100ms (default)
2024-08-03 20:04:22,955 [8c6bcd6e-4a2a-41ae-8998-20aaaed1716b-groupManagement] INFO  server.RaftServerConfigKeys (ConfUtils.java:logGet(46)) - raft.server.read.option = DEFAULT (default)
2024-08-03 20:04:22,956 [8c6bcd6e-4a2a-41ae-8998-20aaaed1716b-groupManagement] INFO  server.RaftServerConfigKeys (ConfUtils.java:logGet(46)) - raft.server.read.read-after-write-consistent.write-index-cache.expiry-time = 60s (default)
2024-08-03 20:04:22,962 [8c6bcd6e-4a2a-41ae-8998-20aaaed1716b-groupManagement] INFO  metrics.MetricRegistries (MetricRegistriesLoader.java:load(64)) - Loaded MetricRegistries class org.apache.ratis.metrics.dropwizard3.Dm3MetricRegistriesImpl
2024-08-03 20:04:23,042 [8c6bcd6e-4a2a-41ae-8998-20aaaed1716b-groupManagement] INFO  server.RaftServerConfigKeys (ConfUtils.java:logGet(46)) - raft.server.rpc.request.timeout = 30000ms (custom)
2024-08-03 20:04:23,044 [8c6bcd6e-4a2a-41ae-8998-20aaaed1716b-groupManagement] INFO  server.RaftServerConfigKeys (ConfUtils.java:logGet(46)) - raft.server.log.appender.install.snapshot.enabled = false (custom)
2024-08-03 20:04:23,045 [8c6bcd6e-4a2a-41ae-8998-20aaaed1716b-groupManagement] INFO  server.RaftServerConfigKeys (ConfUtils.java:logGet(46)) - raft.server.threadpool.server.cached = true (default)
2024-08-03 20:04:23,045 [8c6bcd6e-4a2a-41ae-8998-20aaaed1716b-groupManagement] INFO  server.RaftServerConfigKeys (ConfUtils.java:logGet(46)) - raft.server.threadpool.server.size = 0 (default)
2024-08-03 20:04:23,046 [8c6bcd6e-4a2a-41ae-8998-20aaaed1716b-groupManagement] INFO  server.RaftServerConfigKeys (ConfUtils.java:logGet(46)) - raft.server.threadpool.client.cached = true (default)
2024-08-03 20:04:23,047 [8c6bcd6e-4a2a-41ae-8998-20aaaed1716b-groupManagement] INFO  server.RaftServerConfigKeys (ConfUtils.java:logGet(46)) - raft.server.threadpool.client.size = 0 (default)
2024-08-03 20:04:23,048 [8c6bcd6e-4a2a-41ae-8998-20aaaed1716b-impl-thread1] INFO  server.RaftServerConfigKeys (ConfUtils.java:logGet(46)) - raft.server.storage.free-space.min = 0MB (=0) (default)
2024-08-03 20:04:23,048 [8c6bcd6e-4a2a-41ae-8998-20aaaed1716b-impl-thread1] INFO  server.RaftServerConfigKeys (ConfUtils.java:logGet(46)) - raft.server.log.corruption.policy = EXCEPTION (default)
2024-08-03 20:04:23,049 [8c6bcd6e-4a2a-41ae-8998-20aaaed1716b-impl-thread1] INFO  server.RaftServerConfigKeys (ConfUtils.java:logGet(46)) - raft.server.storage.dir = [/home/runner/work/ozone/ozone/hadoop-ozone/integration-test/target/test-dir/MiniOzoneClusterImpl-4c2a292f-c896-477d-a18b-b69de7e7ed64/scmNode-1/scm-ha] (custom)
2024-08-03 20:04:23,054 [8c6bcd6e-4a2a-41ae-8998-20aaaed1716b-impl-thread1] INFO  storage.RaftStorageDirectory (RaftStorageDirectoryImpl.java:analyzeStorage(138)) - The storage directory /home/runner/work/ozone/ozone/hadoop-ozone/integration-test/target/test-dir/MiniOzoneClusterImpl-4c2a292f-c896-477d-a18b-b69de7e7ed64/scmNode-1/scm-ha/4c2a292f-c896-477d-a18b-b69de7e7ed64 does not exist. Creating ...
2024-08-03 20:04:23,058 [8c6bcd6e-4a2a-41ae-8998-20aaaed1716b-impl-thread1] INFO  storage.RaftStorageDirectory (RaftStorageDirectoryImpl.java:tryLock(229)) - Lock on /home/runner/work/ozone/ozone/hadoop-ozone/integration-test/target/test-dir/MiniOzoneClusterImpl-4c2a292f-c896-477d-a18b-b69de7e7ed64/scmNode-1/scm-ha/4c2a292f-c896-477d-a18b-b69de7e7ed64/in_use.lock acquired by nodename 59896@fv-az976-615
2024-08-03 20:04:23,065 [8c6bcd6e-4a2a-41ae-8998-20aaaed1716b-impl-thread1] INFO  storage.RaftStorage (RaftStorageImpl.java:format(98)) - Storage directory /home/runner/work/ozone/ozone/hadoop-ozone/integration-test/target/test-dir/MiniOzoneClusterImpl-4c2a292f-c896-477d-a18b-b69de7e7ed64/scmNode-1/scm-ha/4c2a292f-c896-477d-a18b-b69de7e7ed64 has been successfully formatted.
2024-08-03 20:04:23,067 [8c6bcd6e-4a2a-41ae-8998-20aaaed1716b-impl-thread1] INFO  server.RaftServerConfigKeys (ConfUtils.java:logGet(46)) - raft.server.log.use.memory = false (default)
2024-08-03 20:04:23,074 [8c6bcd6e-4a2a-41ae-8998-20aaaed1716b-impl-thread1] INFO  server.RaftServerConfigKeys (ConfUtils.java:logGet(46)) - raft.server.log.purge.gap = 1000000 (custom)
2024-08-03 20:04:23,074 [8c6bcd6e-4a2a-41ae-8998-20aaaed1716b-impl-thread1] INFO  server.RaftServerConfigKeys (ConfUtils.java:logGet(46)) - raft.server.log.appender.buffer.byte-limit = 4194304 (custom)
2024-08-03 20:04:23,076 [8c6bcd6e-4a2a-41ae-8998-20aaaed1716b-impl-thread1] INFO  server.RaftServerConfigKeys (ConfUtils.java:logGet(46)) - raft.server.log.statemachine.data.read.timeout = 1000ms (default)
2024-08-03 20:04:23,077 [8c6bcd6e-4a2a-41ae-8998-20aaaed1716b-impl-thread1] INFO  server.RaftServerConfigKeys (ConfUtils.java:logGet(46)) - raft.server.log.purge.preservation.log.num = 0 (default)
2024-08-03 20:04:23,079 [8c6bcd6e-4a2a-41ae-8998-20aaaed1716b-impl-thread1] INFO  server.RaftServerConfigKeys (ConfUtils.java:logGet(46)) - raft.server.log.segment.size.max = 4194304 (custom)
2024-08-03 20:04:23,083 [8c6bcd6e-4a2a-41ae-8998-20aaaed1716b-impl-thread1] INFO  server.RaftServerConfigKeys (ConfUtils.java:logGet(46)) - raft.server.log.segment.cache.num.max = 2 (custom)
2024-08-03 20:04:23,084 [8c6bcd6e-4a2a-41ae-8998-20aaaed1716b-impl-thread1] INFO  server.RaftServerConfigKeys (ConfUtils.java:logGet(46)) - raft.server.log.segment.cache.size.max = 200MB (=209715200) (default)
2024-08-03 20:04:23,084 [8c6bcd6e-4a2a-41ae-8998-20aaaed1716b-impl-thread1] INFO  server.RaftServerConfigKeys (ConfUtils.java:logGet(46)) - raft.server.log.appender.buffer.byte-limit = 4194304 (custom)
2024-08-03 20:04:23,086 [8c6bcd6e-4a2a-41ae-8998-20aaaed1716b-impl-thread1] INFO  util.AwaitToRun (AwaitToRun.java:start(81)) - Thread[8c6bcd6e-4a2a-41ae-8998-20aaaed1716b@group-B69DE7E7ED64-cacheEviction-AwaitToRun,5,main] started
2024-08-03 20:04:23,090 [8c6bcd6e-4a2a-41ae-8998-20aaaed1716b-impl-thread1] INFO  segmented.SegmentedRaftLogWorker (SegmentedRaftLogWorker.java:<init>(184)) - new 8c6bcd6e-4a2a-41ae-8998-20aaaed1716b@group-B69DE7E7ED64-SegmentedRaftLogWorker for RaftStorageImpl:Storage Directory /home/runner/work/ozone/ozone/hadoop-ozone/integration-test/target/test-dir/MiniOzoneClusterImpl-4c2a292f-c896-477d-a18b-b69de7e7ed64/scmNode-1/scm-ha/4c2a292f-c896-477d-a18b-b69de7e7ed64
2024-08-03 20:04:23,091 [8c6bcd6e-4a2a-41ae-8998-20aaaed1716b-impl-thread1] INFO  server.RaftServerConfigKeys (ConfUtils.java:logGet(46)) - raft.server.log.queue.byte-limit = 64MB (=67108864) (default)
2024-08-03 20:04:23,092 [8c6bcd6e-4a2a-41ae-8998-20aaaed1716b-impl-thread1] INFO  server.RaftServerConfigKeys (ConfUtils.java:logGet(46)) - raft.server.log.queue.element-limit = 4096 (default)
2024-08-03 20:04:23,094 [8c6bcd6e-4a2a-41ae-8998-20aaaed1716b-impl-thread1] INFO  server.RaftServerConfigKeys (ConfUtils.java:logGet(46)) - raft.server.log.segment.size.max = 4194304 (custom)
2024-08-03 20:04:23,094 [8c6bcd6e-4a2a-41ae-8998-20aaaed1716b-impl-thread1] INFO  server.RaftServerConfigKeys (ConfUtils.java:logGet(46)) - raft.server.log.preallocated.size = 4194304 (custom)
2024-08-03 20:04:23,095 [8c6bcd6e-4a2a-41ae-8998-20aaaed1716b-impl-thread1] INFO  server.RaftServerConfigKeys (ConfUtils.java:logGet(46)) - raft.server.log.force.sync.num = 128 (default)
2024-08-03 20:04:23,095 [8c6bcd6e-4a2a-41ae-8998-20aaaed1716b-impl-thread1] INFO  server.RaftServerConfigKeys (ConfUtils.java:logGet(46)) - raft.server.log.statemachine.data.sync = true (default)
2024-08-03 20:04:23,096 [8c6bcd6e-4a2a-41ae-8998-20aaaed1716b-impl-thread1] INFO  server.RaftServerConfigKeys (ConfUtils.java:logGet(46)) - raft.server.log.statemachine.data.sync.timeout = 10s (default)
2024-08-03 20:04:23,096 [8c6bcd6e-4a2a-41ae-8998-20aaaed1716b-impl-thread1] INFO  server.RaftServerConfigKeys (ConfUtils.java:logGet(46)) - raft.server.log.statemachine.data.sync.timeout.retry = -1 (default)
2024-08-03 20:04:23,098 [8c6bcd6e-4a2a-41ae-8998-20aaaed1716b-impl-thread1] INFO  server.RaftServerConfigKeys (ConfUtils.java:logGet(46)) - raft.server.log.write.buffer.size = 4194312 (custom)
2024-08-03 20:04:23,100 [8c6bcd6e-4a2a-41ae-8998-20aaaed1716b-impl-thread1] INFO  server.RaftServerConfigKeys (ConfUtils.java:logGet(46)) - raft.server.log.appender.buffer.byte-limit = 4194304 (custom)
2024-08-03 20:04:23,100 [8c6bcd6e-4a2a-41ae-8998-20aaaed1716b-impl-thread1] INFO  server.RaftServerConfigKeys (ConfUtils.java:logGet(46)) - raft.server.log.unsafe-flush.enabled = false (default)
2024-08-03 20:04:23,101 [8c6bcd6e-4a2a-41ae-8998-20aaaed1716b-impl-thread1] INFO  server.RaftServerConfigKeys (ConfUtils.java:logGet(46)) - raft.server.log.async-flush.enabled = false (default)
2024-08-03 20:04:23,101 [8c6bcd6e-4a2a-41ae-8998-20aaaed1716b-impl-thread1] INFO  server.RaftServerConfigKeys (ConfUtils.java:logGet(46)) - raft.server.log.statemachine.data.caching.enabled = false (default)
2024-08-03 20:04:23,106 [8c6bcd6e-4a2a-41ae-8998-20aaaed1716b-impl-thread1] INFO  segmented.SegmentedRaftLogWorker (SegmentedRaftLogWorker.java:lambda$new$0(135)) - 8c6bcd6e-4a2a-41ae-8998-20aaaed1716b@group-B69DE7E7ED64-SegmentedRaftLogWorker: flushIndex: setUnconditionally 0 -> -1
2024-08-03 20:04:23,107 [8c6bcd6e-4a2a-41ae-8998-20aaaed1716b-impl-thread1] INFO  segmented.SegmentedRaftLogWorker (SegmentedRaftLogWorker.java:lambda$new$0(135)) - 8c6bcd6e-4a2a-41ae-8998-20aaaed1716b@group-B69DE7E7ED64-SegmentedRaftLogWorker: safeCacheEvictIndex: setUnconditionally 0 -> -1
2024-08-03 20:04:23,108 [8c6bcd6e-4a2a-41ae-8998-20aaaed1716b-impl-thread1] INFO  server.RaftServer$Division (RaftServerImpl.java:start(389)) - 8c6bcd6e-4a2a-41ae-8998-20aaaed1716b@group-B69DE7E7ED64: start as a follower, conf=conf: {index: -1, cur=peers:[8c6bcd6e-4a2a-41ae-8998-20aaaed1716b|localhost:15003]|listeners:[], old=null}
2024-08-03 20:04:23,109 [8c6bcd6e-4a2a-41ae-8998-20aaaed1716b-impl-thread1] INFO  server.RaftServer$Division (RaftServerImpl.java:setRole(376)) - 8c6bcd6e-4a2a-41ae-8998-20aaaed1716b@group-B69DE7E7ED64: changes role from      null to FOLLOWER at term 0 for startAsFollower
2024-08-03 20:04:23,110 [8c6bcd6e-4a2a-41ae-8998-20aaaed1716b-impl-thread1] INFO  impl.RoleInfo (RoleInfo.java:updateAndGet(148)) - 8c6bcd6e-4a2a-41ae-8998-20aaaed1716b: start 8c6bcd6e-4a2a-41ae-8998-20aaaed1716b@group-B69DE7E7ED64-FollowerState
2024-08-03 20:04:23,114 [8c6bcd6e-4a2a-41ae-8998-20aaaed1716b-impl-thread1] INFO  util.JmxRegister (JmxRegister.java:tryRegister(44)) - Successfully registered JMX Bean with object name Ratis:service=RaftServer,group=group-B69DE7E7ED64,id=8c6bcd6e-4a2a-41ae-8998-20aaaed1716b
2024-08-03 20:04:23,114 [8c6bcd6e-4a2a-41ae-8998-20aaaed1716b-impl-thread1] INFO  util.JmxRegister (JmxRegister.java:register(58)) - register mxBean class org.apache.ratis.server.impl.RaftServerJmxAdapter as Ratis:service=RaftServer,group=group-B69DE7E7ED64,id=8c6bcd6e-4a2a-41ae-8998-20aaaed1716b
2024-08-03 20:04:23,116 [8c6bcd6e-4a2a-41ae-8998-20aaaed1716b-impl-thread1] INFO  server.RaftServerConfigKeys (ConfUtils.java:logGet(46)) - raft.server.snapshot.trigger-when-stop.enabled = true (default)
2024-08-03 20:04:23,116 [8c6bcd6e-4a2a-41ae-8998-20aaaed1716b-impl-thread1] INFO  server.RaftServerConfigKeys (ConfUtils.java:logGet(46)) - raft.server.snapshot.trigger-when-remove.enabled = true (default)
2024-08-03 20:04:23,116 [8c6bcd6e-4a2a-41ae-8998-20aaaed1716b-impl-thread1] INFO  server.RaftServerConfigKeys (ConfUtils.java:logGet(46)) - raft.server.snapshot.auto.trigger.enabled = true (custom)
2024-08-03 20:04:23,117 [8c6bcd6e-4a2a-41ae-8998-20aaaed1716b-impl-thread1] INFO  server.RaftServerConfigKeys (ConfUtils.java:logGet(46)) - raft.server.snapshot.auto.trigger.threshold = 1000 (custom)
2024-08-03 20:04:23,117 [8c6bcd6e-4a2a-41ae-8998-20aaaed1716b-impl-thread1] INFO  server.RaftServerConfigKeys (ConfUtils.java:logGet(46)) - raft.server.snapshot.retention.file.num = -1 (default)
2024-08-03 20:04:23,118 [8c6bcd6e-4a2a-41ae-8998-20aaaed1716b-impl-thread1] INFO  server.RaftServerConfigKeys (ConfUtils.java:logGet(46)) - raft.server.log.purge.upto.snapshot.index = false (default)
2024-08-03 20:04:23,120 [8c6bcd6e-4a2a-41ae-8998-20aaaed1716b@group-B69DE7E7ED64-FollowerState] INFO  server.RaftServerConfigKeys (ConfUtils.java:logFallback(53)) - raft.server.rpc.first-election.timeout.min = 5000ms (fallback to raft.server.rpc.timeout.min)
2024-08-03 20:04:23,121 [8c6bcd6e-4a2a-41ae-8998-20aaaed1716b@group-B69DE7E7ED64-FollowerState] INFO  server.RaftServerConfigKeys (ConfUtils.java:logFallback(53)) - raft.server.rpc.first-election.timeout.max = 5200ms (fallback to raft.server.rpc.timeout.max)
2024-08-03 20:04:23,126 [main] INFO  server.RaftServer (RaftServerProxy.java:startImpl(408)) - 8c6bcd6e-4a2a-41ae-8998-20aaaed1716b: start RPC server
2024-08-03 20:04:23,154 [main] INFO  server.GrpcService (GrpcService.java:startImpl(302)) - 8c6bcd6e-4a2a-41ae-8998-20aaaed1716b: GrpcService started, listening on 15003
2024-08-03 20:04:23,156 [JvmPauseMonitor0] INFO  util.JvmPauseMonitor (JvmPauseMonitor.java:run(146)) - JvmPauseMonitor-8c6bcd6e-4a2a-41ae-8998-20aaaed1716b: Started
2024-08-03 20:04:28,303 [8c6bcd6e-4a2a-41ae-8998-20aaaed1716b@group-B69DE7E7ED64-FollowerState] INFO  impl.FollowerState (FollowerState.java:run(144)) - 8c6bcd6e-4a2a-41ae-8998-20aaaed1716b@group-B69DE7E7ED64-FollowerState: change to CANDIDATE, lastRpcElapsedTime:5193292167ns, electionTimeout:5181ms
2024-08-03 20:04:28,303 [8c6bcd6e-4a2a-41ae-8998-20aaaed1716b@group-B69DE7E7ED64-FollowerState] INFO  impl.RoleInfo (RoleInfo.java:shutdownFollowerState(119)) - 8c6bcd6e-4a2a-41ae-8998-20aaaed1716b: shutdown 8c6bcd6e-4a2a-41ae-8998-20aaaed1716b@group-B69DE7E7ED64-FollowerState
2024-08-03 20:04:28,303 [8c6bcd6e-4a2a-41ae-8998-20aaaed1716b@group-B69DE7E7ED64-FollowerState] INFO  server.RaftServer$Division (RaftServerImpl.java:setRole(376)) - 8c6bcd6e-4a2a-41ae-8998-20aaaed1716b@group-B69DE7E7ED64: changes role from  FOLLOWER to CANDIDATE at term 0 for changeToCandidate
2024-08-03 20:04:28,305 [8c6bcd6e-4a2a-41ae-8998-20aaaed1716b@group-B69DE7E7ED64-FollowerState] INFO  server.RaftServerConfigKeys (ConfUtils.java:logGet(46)) - raft.server.leaderelection.pre-vote = true (default)
2024-08-03 20:04:28,305 [8c6bcd6e-4a2a-41ae-8998-20aaaed1716b@group-B69DE7E7ED64-FollowerState] INFO  impl.RoleInfo (RoleInfo.java:updateAndGet(148)) - 8c6bcd6e-4a2a-41ae-8998-20aaaed1716b: start 8c6bcd6e-4a2a-41ae-8998-20aaaed1716b@group-B69DE7E7ED64-LeaderElection1
2024-08-03 20:04:28,307 [8c6bcd6e-4a2a-41ae-8998-20aaaed1716b@group-B69DE7E7ED64-LeaderElection1] INFO  impl.LeaderElection (LeaderElection.java:askForVotes(321)) - 8c6bcd6e-4a2a-41ae-8998-20aaaed1716b@group-B69DE7E7ED64-LeaderElection1 PRE_VOTE round 0: submit vote requests at term 0 for conf: {index: -1, cur=peers:[8c6bcd6e-4a2a-41ae-8998-20aaaed1716b|localhost:15003]|listeners:[], old=null}
2024-08-03 20:04:28,308 [8c6bcd6e-4a2a-41ae-8998-20aaaed1716b@group-B69DE7E7ED64-LeaderElection1] INFO  impl.LeaderElection (LeaderElection.java:askForVotes(323)) - 8c6bcd6e-4a2a-41ae-8998-20aaaed1716b@group-B69DE7E7ED64-LeaderElection1 PRE_VOTE round 0: result PASSED (term=0)
2024-08-03 20:04:28,311 [8c6bcd6e-4a2a-41ae-8998-20aaaed1716b@group-B69DE7E7ED64-LeaderElection1] INFO  impl.LeaderElection (LeaderElection.java:askForVotes(321)) - 8c6bcd6e-4a2a-41ae-8998-20aaaed1716b@group-B69DE7E7ED64-LeaderElection1 ELECTION round 0: submit vote requests at term 1 for conf: {index: -1, cur=peers:[8c6bcd6e-4a2a-41ae-8998-20aaaed1716b|localhost:15003]|listeners:[], old=null}
2024-08-03 20:04:28,311 [8c6bcd6e-4a2a-41ae-8998-20aaaed1716b@group-B69DE7E7ED64-LeaderElection1] INFO  impl.LeaderElection (LeaderElection.java:askForVotes(323)) - 8c6bcd6e-4a2a-41ae-8998-20aaaed1716b@group-B69DE7E7ED64-LeaderElection1 ELECTION round 0: result PASSED (term=1)
2024-08-03 20:04:28,311 [8c6bcd6e-4a2a-41ae-8998-20aaaed1716b@group-B69DE7E7ED64-LeaderElection1] INFO  impl.RoleInfo (RoleInfo.java:shutdownLeaderElection(139)) - 8c6bcd6e-4a2a-41ae-8998-20aaaed1716b: shutdown 8c6bcd6e-4a2a-41ae-8998-20aaaed1716b@group-B69DE7E7ED64-LeaderElection1
2024-08-03 20:04:28,311 [8c6bcd6e-4a2a-41ae-8998-20aaaed1716b@group-B69DE7E7ED64-LeaderElection1] INFO  server.RaftServer$Division (RaftServerImpl.java:setRole(376)) - 8c6bcd6e-4a2a-41ae-8998-20aaaed1716b@group-B69DE7E7ED64: changes role from CANDIDATE to LEADER at term 1 for changeToLeader
2024-08-03 20:04:28,315 [8c6bcd6e-4a2a-41ae-8998-20aaaed1716b@group-B69DE7E7ED64-LeaderElection1] INFO  server.RaftServerConfigKeys (ConfUtils.java:logGet(46)) - raft.server.staging.catchup.gap = 1000 (default)
2024-08-03 20:04:28,318 [8c6bcd6e-4a2a-41ae-8998-20aaaed1716b@group-B69DE7E7ED64-LeaderElection1] INFO  server.RaftServerConfigKeys (ConfUtils.java:logGet(46)) - raft.server.write.element-limit = 4096 (default)
2024-08-03 20:04:28,318 [8c6bcd6e-4a2a-41ae-8998-20aaaed1716b@group-B69DE7E7ED64-LeaderElection1] INFO  server.RaftServerConfigKeys (ConfUtils.java:logGet(46)) - raft.server.write.byte-limit = 64MB (=67108864) (default)
2024-08-03 20:04:28,321 [8c6bcd6e-4a2a-41ae-8998-20aaaed1716b@group-B69DE7E7ED64-LeaderElection1] INFO  server.RaftServerConfigKeys (ConfUtils.java:logGet(46)) - raft.server.watch.timeout = 10s (default)
2024-08-03 20:04:28,322 [8c6bcd6e-4a2a-41ae-8998-20aaaed1716b@group-B69DE7E7ED64-LeaderElection1] INFO  server.RaftServerConfigKeys (ConfUtils.java:logGet(46)) - raft.server.watch.timeout.denomination = 1s (default)
2024-08-03 20:04:28,322 [8c6bcd6e-4a2a-41ae-8998-20aaaed1716b@group-B69DE7E7ED64-LeaderElection1] INFO  server.RaftServerConfigKeys (ConfUtils.java:logGet(46)) - raft.server.watch.element-limit = 65536 (default)
2024-08-03 20:04:28,328 [8c6bcd6e-4a2a-41ae-8998-20aaaed1716b@group-B69DE7E7ED64-LeaderElection1] INFO  server.RaftServerConfigKeys (ConfUtils.java:logGet(46)) - raft.server.read.leader.lease.enabled = false (default)
2024-08-03 20:04:28,329 [8c6bcd6e-4a2a-41ae-8998-20aaaed1716b@group-B69DE7E7ED64-LeaderElection1] INFO  server.RaftServerConfigKeys (ConfUtils.java:logGet(46)) - raft.server.read.leader.lease.timeout.ratio = 0.9 (default)
2024-08-03 20:04:28,330 [8c6bcd6e-4a2a-41ae-8998-20aaaed1716b@group-B69DE7E7ED64-LeaderElection1] INFO  server.RaftServerConfigKeys (ConfUtils.java:logGet(46)) - raft.server.rpc.timeout.min = 5000ms (custom)
2024-08-03 20:04:28,330 [8c6bcd6e-4a2a-41ae-8998-20aaaed1716b@group-B69DE7E7ED64-LeaderElection1] INFO  server.RaftServerConfigKeys (ConfUtils.java:logGet(46)) - raft.server.log.log-metadata.enabled = true (default)
2024-08-03 20:04:28,330 [8c6bcd6e-4a2a-41ae-8998-20aaaed1716b@group-B69DE7E7ED64-LeaderElection1] INFO  server.RaftServerConfigKeys (ConfUtils.java:logGet(46)) - raft.server.write.element-limit = 4096 (default)
2024-08-03 20:04:28,331 [8c6bcd6e-4a2a-41ae-8998-20aaaed1716b@group-B69DE7E7ED64-LeaderElection1] INFO  server.RaftServerConfigKeys (ConfUtils.java:logGet(46)) - raft.server.write.follower.gap.ratio.max = -1.0 (default)
2024-08-03 20:04:28,332 [8c6bcd6e-4a2a-41ae-8998-20aaaed1716b@group-B69DE7E7ED64-LeaderElection1] INFO  impl.RoleInfo (RoleInfo.java:updateAndGet(148)) - 8c6bcd6e-4a2a-41ae-8998-20aaaed1716b: start 8c6bcd6e-4a2a-41ae-8998-20aaaed1716b@group-B69DE7E7ED64-LeaderStateImpl
2024-08-03 20:04:28,332 [8c6bcd6e-4a2a-41ae-8998-20aaaed1716b@group-B69DE7E7ED64-LeaderElection1] INFO  server.RaftServer$Division (RaftServerImpl.java:setFirstElection(549)) - 8c6bcd6e-4a2a-41ae-8998-20aaaed1716b@group-B69DE7E7ED64: set firstElectionSinceStartup to false for becomeLeader
2024-08-03 20:04:28,332 [8c6bcd6e-4a2a-41ae-8998-20aaaed1716b@group-B69DE7E7ED64-LeaderElection1] INFO  server.RaftServer$Division (ServerState.java:setLeader(272)) - 8c6bcd6e-4a2a-41ae-8998-20aaaed1716b@group-B69DE7E7ED64: change Leader from null to 8c6bcd6e-4a2a-41ae-8998-20aaaed1716b at term 1 for becomeLeader, leader elected after 5386ms
2024-08-03 20:04:28,347 [8c6bcd6e-4a2a-41ae-8998-20aaaed1716b@group-B69DE7E7ED64-LeaderElection1] INFO  segmented.SegmentedRaftLogWorker (SegmentedRaftLogWorker.java:startLogSegment(433)) - 8c6bcd6e-4a2a-41ae-8998-20aaaed1716b@group-B69DE7E7ED64-SegmentedRaftLogWorker: Starting segment from index:0
2024-08-03 20:04:28,361 [8c6bcd6e-4a2a-41ae-8998-20aaaed1716b@group-B69DE7E7ED64-LeaderElection1] INFO  server.RaftServer$Division (ServerState.java:setRaftConf(386)) - 8c6bcd6e-4a2a-41ae-8998-20aaaed1716b@group-B69DE7E7ED64: set configuration conf: {index: 0, cur=peers:[8c6bcd6e-4a2a-41ae-8998-20aaaed1716b|localhost:15003]|listeners:[], old=null}
2024-08-03 20:04:28,363 [8c6bcd6e-4a2a-41ae-8998-20aaaed1716b@group-B69DE7E7ED64-SegmentedRaftLogWorker] INFO  segmented.BufferedWriteChannel (BufferedWriteChannel.java:open(61)) - open log_inprogress_0 at position 0
2024-08-03 20:04:28,373 [8c6bcd6e-4a2a-41ae-8998-20aaaed1716b@group-B69DE7E7ED64-SegmentedRaftLogWorker] INFO  segmented.SegmentedRaftLogWorker (SegmentedRaftLogWorker.java:execute(637)) - 8c6bcd6e-4a2a-41ae-8998-20aaaed1716b@group-B69DE7E7ED64-SegmentedRaftLogWorker: created new log segment /home/runner/work/ozone/ozone/hadoop-ozone/integration-test/target/test-dir/MiniOzoneClusterImpl-4c2a292f-c896-477d-a18b-b69de7e7ed64/scmNode-1/scm-ha/4c2a292f-c896-477d-a18b-b69de7e7ed64/current/log_inprogress_0
2024-08-03 20:04:28,381 [8c6bcd6e-4a2a-41ae-8998-20aaaed1716b@group-B69DE7E7ED64-StateMachineUpdater] INFO  server.RaftServer$Division (LeaderStateImpl.java:checkStartIndex(316)) - Leader 8c6bcd6e-4a2a-41ae-8998-20aaaed1716b@group-B69DE7E7ED64-LeaderStateImpl is ready since appliedIndex == startIndex == 0
2024-08-03 20:04:29,157 [main] INFO  server.RaftServer (RaftServerProxy.java:lambda$close$9(418)) - 8c6bcd6e-4a2a-41ae-8998-20aaaed1716b: close
2024-08-03 20:04:29,158 [8c6bcd6e-4a2a-41ae-8998-20aaaed1716b-impl-thread1] INFO  server.RaftServer$Division (RaftServerImpl.java:lambda$close$1(501)) - 8c6bcd6e-4a2a-41ae-8998-20aaaed1716b@group-B69DE7E7ED64: shutdown
2024-08-03 20:04:29,158 [main] INFO  server.GrpcService (GrpcService.java:closeImpl(311)) - 8c6bcd6e-4a2a-41ae-8998-20aaaed1716b: shutdown server GrpcServerProtocolService now
2024-08-03 20:04:29,159 [8c6bcd6e-4a2a-41ae-8998-20aaaed1716b-impl-thread1] INFO  util.JmxRegister (JmxRegister.java:unregister(74)) - Successfully un-registered JMX Bean with object name Ratis:service=RaftServer,group=group-B69DE7E7ED64,id=8c6bcd6e-4a2a-41ae-8998-20aaaed1716b
2024-08-03 20:04:29,159 [8c6bcd6e-4a2a-41ae-8998-20aaaed1716b-impl-thread1] INFO  impl.RoleInfo (RoleInfo.java:shutdownLeaderState(103)) - 8c6bcd6e-4a2a-41ae-8998-20aaaed1716b: shutdown 8c6bcd6e-4a2a-41ae-8998-20aaaed1716b@group-B69DE7E7ED64-LeaderStateImpl
2024-08-03 20:04:29,162 [8c6bcd6e-4a2a-41ae-8998-20aaaed1716b-impl-thread1] INFO  impl.PendingRequests (PendingRequests.java:sendNotLeaderResponses(287)) - 8c6bcd6e-4a2a-41ae-8998-20aaaed1716b@group-B69DE7E7ED64-PendingRequests: sendNotLeaderResponses
2024-08-03 20:04:29,164 [main] INFO  server.GrpcService (GrpcService.java:closeImpl(320)) - 8c6bcd6e-4a2a-41ae-8998-20aaaed1716b: shutdown server GrpcServerProtocolService successfully
2024-08-03 20:04:29,165 [8c6bcd6e-4a2a-41ae-8998-20aaaed1716b-impl-thread1] INFO  impl.StateMachineUpdater (StateMachineUpdater.java:stopAndJoin(164)) - 8c6bcd6e-4a2a-41ae-8998-20aaaed1716b@group-B69DE7E7ED64-StateMachineUpdater: set stopIndex = 0
2024-08-03 20:04:29,166 [8c6bcd6e-4a2a-41ae-8998-20aaaed1716b@group-B69DE7E7ED64-StateMachineUpdater] INFO  impl.StateMachineUpdater (StateMachineUpdater.java:takeSnapshot(303)) - 8c6bcd6e-4a2a-41ae-8998-20aaaed1716b@group-B69DE7E7ED64-StateMachineUpdater: Took a snapshot at index 0
2024-08-03 20:04:29,166 [8c6bcd6e-4a2a-41ae-8998-20aaaed1716b@group-B69DE7E7ED64-StateMachineUpdater] INFO  impl.StateMachineUpdater (StateMachineUpdater.java:lambda$new$0(102)) - 8c6bcd6e-4a2a-41ae-8998-20aaaed1716b@group-B69DE7E7ED64-StateMachineUpdater: snapshotIndex: updateIncreasingly -1 -> 0
2024-08-03 20:04:29,168 [8c6bcd6e-4a2a-41ae-8998-20aaaed1716b@group-B69DE7E7ED64-StateMachineUpdater] INFO  impl.StateMachineUpdater (StateMachineUpdater.java:stop(141)) - 8c6bcd6e-4a2a-41ae-8998-20aaaed1716b@group-B69DE7E7ED64-StateMachineUpdater: closing SCMStateMachine, lastApplied=(t:1, i:0)
2024-08-03 20:04:29,169 [8c6bcd6e-4a2a-41ae-8998-20aaaed1716b@group-B69DE7E7ED64-cacheEviction-AwaitToRun] INFO  util.AwaitToRun (AwaitToRun.java:run(49)) - 8c6bcd6e-4a2a-41ae-8998-20aaaed1716b@group-B69DE7E7ED64-cacheEviction-AwaitToRun-AwaitForSignal is interrupted
2024-08-03 20:04:29,378 [8c6bcd6e-4a2a-41ae-8998-20aaaed1716b-impl-thread1] INFO  segmented.SegmentedRaftLogWorker (SegmentedRaftLogWorker.java:close(248)) - 8c6bcd6e-4a2a-41ae-8998-20aaaed1716b@group-B69DE7E7ED64-SegmentedRaftLogWorker close()
2024-08-03 20:04:29,383 [JvmPauseMonitor0] INFO  util.JvmPauseMonitor (JvmPauseMonitor.java:run(152)) - JvmPauseMonitor-8c6bcd6e-4a2a-41ae-8998-20aaaed1716b: Stopped
2024-08-03 20:04:29,383 [main] WARN  server.ServerUtils (ServerUtils.java:getScmDbDir(143)) - ozone.scm.db.dirs is not configured. We recommend adding this setting. Falling back to ozone.metadata.dirs instead.
2024-08-03 20:04:29,387 [main] INFO  server.StorageContainerManager (StorageContainerManager.java:scmInit(1303)) - SCM initialization succeeded. Current cluster id for sd=/home/runner/work/ozone/ozone/hadoop-ozone/integration-test/target/test-dir/MiniOzoneClusterImpl-4c2a292f-c896-477d-a18b-b69de7e7ed64/scmNode-1/scm; cid=4c2a292f-c896-477d-a18b-b69de7e7ed64; layoutVersion=7; scmId=8c6bcd6e-4a2a-41ae-8998-20aaaed1716b
2024-08-03 20:04:29,399 [main] WARN  server.ServerUtils (ServerUtils.java:getScmDbDir(143)) - ozone.scm.db.dirs is not configured. We recommend adding this setting. Falling back to ozone.metadata.dirs instead.
2024-08-03 20:04:29,400 [main] INFO  ha.SCMHANodeDetails (SCMHANodeDetails.java:loadSCMHAConfig(207)) - ServiceID for StorageContainerManager is scmServiceId
2024-08-03 20:04:29,400 [main] INFO  ha.SCMHANodeDetails (SCMHANodeDetails.java:loadSCMHAConfig(218)) - ServiceID for StorageContainerManager is scmServiceId
2024-08-03 20:04:29,400 [main] INFO  ha.SCMHANodeDetails (SCMHANodeDetails.java:loadSCMHAConfig(305)) - Found matching SCM address with SCMServiceId: scmServiceId, SCMNodeId: scmNode-1, RPC Address: localhost:15003 and Ratis port: 15003
2024-08-03 20:04:29,401 [main] INFO  ha.SCMHANodeDetails (ConfUtils.java:setNodeSpecificConfigs(97)) - Setting configuration key ozone.scm.datanode.address with value of key ozone.scm.datanode.address.scmServiceId.scmNode-1: 127.0.0.1:15004
2024-08-03 20:04:29,401 [main] INFO  ha.SCMHANodeDetails (ConfUtils.java:setNodeSpecificConfigs(97)) - Setting configuration key ozone.scm.block.client.address with value of key ozone.scm.block.client.address.scmServiceId.scmNode-1: 127.0.0.1:15007
2024-08-03 20:04:29,401 [main] INFO  ha.SCMHANodeDetails (ConfUtils.java:setNodeSpecificConfigs(97)) - Setting configuration key ozone.scm.client.address with value of key ozone.scm.client.address.scmServiceId.scmNode-1: 127.0.0.1:15005
2024-08-03 20:04:29,401 [main] INFO  ha.SCMHANodeDetails (ConfUtils.java:setNodeSpecificConfigs(97)) - Setting configuration key ozone.scm.security.service.address with value of key ozone.scm.security.service.address.scmServiceId.scmNode-1: 127.0.0.1:15002
2024-08-03 20:04:29,402 [main] INFO  ha.SCMHANodeDetails (ConfUtils.java:setNodeSpecificConfigs(97)) - Setting configuration key ozone.scm.ratis.port with value of key ozone.scm.ratis.port.scmServiceId.scmNode-1: 15003
2024-08-03 20:04:29,402 [main] INFO  ha.SCMHANodeDetails (ConfUtils.java:setNodeSpecificConfigs(97)) - Setting configuration key ozone.scm.grpc.port with value of key ozone.scm.grpc.port.scmServiceId.scmNode-1: 15006
2024-08-03 20:04:29,402 [main] INFO  ha.SCMHANodeDetails (ConfUtils.java:setNodeSpecificConfigs(97)) - Setting configuration key ozone.scm.http-address with value of key ozone.scm.http-address.scmServiceId.scmNode-1: 127.0.0.1:15000
2024-08-03 20:04:29,402 [main] INFO  ha.SCMHANodeDetails (ConfUtils.java:setNodeSpecificConfigs(97)) - Setting configuration key ozone.scm.https-address with value of key ozone.scm.https-address.scmServiceId.scmNode-1: 127.0.0.1:15001
2024-08-03 20:04:29,402 [main] INFO  ha.SCMHANodeDetails (ConfUtils.java:setNodeSpecificConfigs(97)) - Setting configuration key ozone.scm.address with value of key ozone.scm.address.scmServiceId.scmNode-1: 127.0.0.1
2024-08-03 20:04:29,403 [main] WARN  scm.ScmUtils (ScmUtils.java:logWarn(165)) - ConfigKey ozone.scm.block.client.address is deprecated, For configuring different ports for each SCM use PortConfigKey ozone.scm.block.client.port appended with serviceId and nodeId. If want to configure same port configure ozone.scm.block.client.port
2024-08-03 20:04:29,403 [main] WARN  scm.ScmUtils (ScmUtils.java:logWarn(165)) - ConfigKey ozone.scm.client.address is deprecated, For configuring different ports for each SCM use PortConfigKey ozone.scm.client.port appended with serviceId and nodeId. If want to configure same port configure ozone.scm.client.port
2024-08-03 20:04:29,403 [main] WARN  scm.ScmUtils (ScmUtils.java:logWarn(165)) - ConfigKey ozone.scm.datanode.address is deprecated, For configuring different ports for each SCM use PortConfigKey ozone.scm.datanode.port appended with serviceId and nodeId. If want to configure same port configure ozone.scm.datanode.port
2024-08-03 20:04:29,475 [main] WARN  utils.HAUtils (HAUtils.java:getMetaDir(339)) - ozone.scm.db.dirs is not configured. We recommend adding this setting. Falling back to ozone.metadata.dirs instead.
2024-08-03 20:04:29,603 [main] WARN  db.DBStoreBuilder (DBStoreBuilder.java:applyDBDefinition(171)) - ozone.scm.db.dirs is not configured. We recommend adding this setting. Falling back to ozone.metadata.dirs instead.
2024-08-03 20:04:29,613 [main] INFO  utils.LeakDetector (LeakDetector.java:start(73)) - Starting leak detector thread ManagedRocksObject0.
2024-08-03 20:04:29,781 [main] INFO  net.NodeSchemaLoader (NodeSchemaLoader.java:loadSchemaFromFile(129)) - Loading schema from [jar:file:/home/runner/work/ozone/ozone/hadoop-hdds/common/target/hdds-common-1.5.0-SNAPSHOT.jar!/network-topology-default.xml]
2024-08-03 20:04:29,783 [main] INFO  net.NodeSchemaLoader (NodeSchemaLoader.java:loadSchema(176)) - Loading network topology layer schema file
2024-08-03 20:04:29,869 [main] INFO  ha.SCMRatisServerImpl (SCMRatisServerImpl.java:<init>(99)) - starting Raft server for scm:8c6bcd6e-4a2a-41ae-8998-20aaaed1716b
2024-08-03 20:04:29,875 [main] INFO  server.RaftServer (ConfUtils.java:logGet(46)) - raft.rpc.type = GRPC (default)
2024-08-03 20:04:29,876 [main] INFO  grpc.GrpcConfigKeys (ConfUtils.java:logFallback(53)) - raft.grpc.admin.host = null (fallback to raft.grpc.server.host)
2024-08-03 20:04:29,876 [main] INFO  grpc.GrpcConfigKeys (ConfUtils.java:logFallback(53)) - raft.grpc.admin.port = 15003 (fallback to raft.grpc.server.port)
2024-08-03 20:04:29,877 [main] INFO  grpc.GrpcConfigKeys (ConfUtils.java:logFallback(53)) - raft.grpc.client.host = null (fallback to raft.grpc.server.host)
2024-08-03 20:04:29,877 [main] INFO  grpc.GrpcConfigKeys (ConfUtils.java:logFallback(53)) - raft.grpc.client.port = 15003 (fallback to raft.grpc.server.port)
2024-08-03 20:04:29,878 [main] INFO  grpc.GrpcConfigKeys (ConfUtils.java:logGet(46)) - raft.grpc.server.host = null (default)
2024-08-03 20:04:29,878 [main] INFO  grpc.GrpcConfigKeys (ConfUtils.java:logGet(46)) - raft.grpc.server.port = 15003 (custom)
2024-08-03 20:04:29,878 [main] INFO  server.GrpcService (ConfUtils.java:logGet(46)) - raft.grpc.message.size.max = 32m (=33554432) (custom)
2024-08-03 20:04:29,879 [main] INFO  server.RaftServerConfigKeys (ConfUtils.java:logGet(46)) - raft.server.log.appender.buffer.byte-limit = 4194304 (custom)
2024-08-03 20:04:29,880 [main] INFO  server.GrpcService (ConfUtils.java:logGet(46)) - raft.grpc.flow.control.window = 1MB (=1048576) (default)
2024-08-03 20:04:29,880 [main] INFO  server.RaftServerConfigKeys (ConfUtils.java:logGet(46)) - raft.server.rpc.request.timeout = 30000ms (custom)
2024-08-03 20:04:29,881 [main] INFO  grpc.GrpcConfigKeys (ConfUtils.java:logGet(46)) - raft.grpc.server.heartbeat.channel = true (default)
2024-08-03 20:04:29,881 [main] INFO  grpc.GrpcConfigKeys (ConfUtils.java:logGet(46)) - raft.grpc.server.async.request.thread.pool.cached = true (default)
2024-08-03 20:04:29,881 [main] INFO  grpc.GrpcConfigKeys (ConfUtils.java:logGet(46)) - raft.grpc.server.async.request.thread.pool.size = 32 (default)
2024-08-03 20:04:29,883 [main] INFO  impl.DataStreamServerImpl (ConfUtils.java:logGet(46)) - raft.datastream.type = DISABLED (default)
2024-08-03 20:04:29,883 [main] INFO  server.RaftServerConfigKeys (ConfUtils.java:logGet(46)) - raft.server.sleep.deviation.threshold = 300ms (default)
2024-08-03 20:04:29,884 [main] INFO  server.RaftServerConfigKeys (ConfUtils.java:logGet(46)) - raft.server.close.threshold = 60s (default)
2024-08-03 20:04:29,884 [main] INFO  server.RaftServerConfigKeys (ConfUtils.java:logGet(46)) - raft.server.leaderelection.leader.step-down.wait-time = 10s (default)
2024-08-03 20:04:29,885 [main] INFO  server.RaftServerConfigKeys (ConfUtils.java:logGet(46)) - raft.server.storage.dir = [/home/runner/work/ozone/ozone/hadoop-ozone/integration-test/target/test-dir/MiniOzoneClusterImpl-4c2a292f-c896-477d-a18b-b69de7e7ed64/scmNode-1/scm-ha] (custom)
2024-08-03 20:04:29,885 [main] INFO  server.RaftServerConfigKeys (ConfUtils.java:logGet(46)) - raft.server.threadpool.proxy.cached = true (default)
2024-08-03 20:04:29,885 [main] INFO  server.RaftServerConfigKeys (ConfUtils.java:logGet(46)) - raft.server.threadpool.proxy.size = 0 (default)
2024-08-03 20:04:29,886 [8c6bcd6e-4a2a-41ae-8998-20aaaed1716b-impl-thread1] INFO  server.RaftServer (RaftServerProxy.java:initGroupDir(266)) - 8c6bcd6e-4a2a-41ae-8998-20aaaed1716b: found a subdirectory /home/runner/work/ozone/ozone/hadoop-ozone/integration-test/target/test-dir/MiniOzoneClusterImpl-4c2a292f-c896-477d-a18b-b69de7e7ed64/scmNode-1/scm-ha/4c2a292f-c896-477d-a18b-b69de7e7ed64
2024-08-03 20:04:29,886 [main] INFO  server.RaftServer (RaftServerProxy.java:addNew(101)) - 8c6bcd6e-4a2a-41ae-8998-20aaaed1716b: addNew group-B69DE7E7ED64:[] returns group-B69DE7E7ED64:java.util.concurrent.CompletableFuture@3957d88b[Not completed]
2024-08-03 20:04:29,888 [8c6bcd6e-4a2a-41ae-8998-20aaaed1716b-groupManagement] INFO  server.RaftServer$Division (RaftServerImpl.java:<init>(253)) - 8c6bcd6e-4a2a-41ae-8998-20aaaed1716b: new RaftServerImpl for group-B69DE7E7ED64:[] with SCMStateMachine:uninitialized
2024-08-03 20:04:29,888 [8c6bcd6e-4a2a-41ae-8998-20aaaed1716b-groupManagement] INFO  server.RaftServerConfigKeys (ConfUtils.java:logGet(46)) - raft.server.rpc.timeout.min = 5000ms (custom)
2024-08-03 20:04:29,889 [8c6bcd6e-4a2a-41ae-8998-20aaaed1716b-groupManagement] INFO  server.RaftServerConfigKeys (ConfUtils.java:logGet(46)) - raft.server.rpc.timeout.max = 5200ms (custom)
2024-08-03 20:04:29,889 [8c6bcd6e-4a2a-41ae-8998-20aaaed1716b-groupManagement] INFO  server.RaftServerConfigKeys (ConfUtils.java:logGet(46)) - raft.server.rpc.sleep.time = 25ms (default)
2024-08-03 20:04:29,890 [8c6bcd6e-4a2a-41ae-8998-20aaaed1716b-groupManagement] INFO  server.RaftServerConfigKeys (ConfUtils.java:logGet(46)) - raft.server.rpc.slowness.timeout = 120000ms (custom)
2024-08-03 20:04:29,890 [8c6bcd6e-4a2a-41ae-8998-20aaaed1716b-groupManagement] INFO  server.RaftServerConfigKeys (ConfUtils.java:logGet(46)) - raft.server.leaderelection.leader.step-down.wait-time = 10s (default)
2024-08-03 20:04:29,890 [8c6bcd6e-4a2a-41ae-8998-20aaaed1716b-groupManagement] INFO  server.RaftServerConfigKeys (ConfUtils.java:logGet(46)) - raft.server.leaderelection.member.majority-add = false (default)
2024-08-03 20:04:29,890 [8c6bcd6e-4a2a-41ae-8998-20aaaed1716b-groupManagement] INFO  server.RaftServerConfigKeys (ConfUtils.java:logGet(46)) - raft.server.sleep.deviation.threshold = 300ms (default)
2024-08-03 20:04:29,890 [8c6bcd6e-4a2a-41ae-8998-20aaaed1716b-groupManagement] INFO  server.RaftServer$Division (ServerState.java:<init>(114)) - 8c6bcd6e-4a2a-41ae-8998-20aaaed1716b@group-B69DE7E7ED64: ConfigurationManager, init=conf: {index: -1, cur=peers:[]|listeners:[], old=null}, confs=<EMPTY_MAP>
2024-08-03 20:04:29,891 [8c6bcd6e-4a2a-41ae-8998-20aaaed1716b-groupManagement] INFO  server.RaftServerConfigKeys (ConfUtils.java:logGet(46)) - raft.server.notification.no-leader.timeout = 60s (default)
2024-08-03 20:04:29,891 [8c6bcd6e-4a2a-41ae-8998-20aaaed1716b-groupManagement] INFO  server.RaftServerConfigKeys (ConfUtils.java:logGet(46)) - raft.server.read.timeout = 10s (default)
2024-08-03 20:04:29,892 [8c6bcd6e-4a2a-41ae-8998-20aaaed1716b-groupManagement] INFO  server.RaftServerConfigKeys (ConfUtils.java:logGet(46)) - raft.server.retrycache.expirytime = 60000ms (default)
2024-08-03 20:04:29,892 [8c6bcd6e-4a2a-41ae-8998-20aaaed1716b-groupManagement] INFO  server.RaftServerConfigKeys (ConfUtils.java:logGet(46)) - raft.server.retrycache.statistics.expirytime = 100ms (default)
2024-08-03 20:04:29,892 [8c6bcd6e-4a2a-41ae-8998-20aaaed1716b-groupManagement] INFO  server.RaftServerConfigKeys (ConfUtils.java:logGet(46)) - raft.server.read.option = DEFAULT (default)
2024-08-03 20:04:29,892 [8c6bcd6e-4a2a-41ae-8998-20aaaed1716b-groupManagement] INFO  server.RaftServerConfigKeys (ConfUtils.java:logGet(46)) - raft.server.read.read-after-write-consistent.write-index-cache.expiry-time = 60s (default)
2024-08-03 20:04:29,904 [8c6bcd6e-4a2a-41ae-8998-20aaaed1716b-groupManagement] INFO  server.RaftServerConfigKeys (ConfUtils.java:logGet(46)) - raft.server.rpc.request.timeout = 30000ms (custom)
2024-08-03 20:04:29,905 [8c6bcd6e-4a2a-41ae-8998-20aaaed1716b-groupManagement] INFO  server.RaftServerConfigKeys (ConfUtils.java:logGet(46)) - raft.server.log.appender.install.snapshot.enabled = false (custom)
2024-08-03 20:04:29,905 [8c6bcd6e-4a2a-41ae-8998-20aaaed1716b-groupManagement] INFO  server.RaftServerConfigKeys (ConfUtils.java:logGet(46)) - raft.server.threadpool.server.cached = true (default)
2024-08-03 20:04:29,906 [8c6bcd6e-4a2a-41ae-8998-20aaaed1716b-groupManagement] INFO  server.RaftServerConfigKeys (ConfUtils.java:logGet(46)) - raft.server.threadpool.server.size = 0 (default)
2024-08-03 20:04:29,906 [8c6bcd6e-4a2a-41ae-8998-20aaaed1716b-groupManagement] INFO  server.RaftServerConfigKeys (ConfUtils.java:logGet(46)) - raft.server.threadpool.client.cached = true (default)
2024-08-03 20:04:29,907 [8c6bcd6e-4a2a-41ae-8998-20aaaed1716b-groupManagement] INFO  server.RaftServerConfigKeys (ConfUtils.java:logGet(46)) - raft.server.threadpool.client.size = 0 (default)
2024-08-03 20:04:29,909 [main] INFO  ha.SCMSnapshotProvider (SCMSnapshotProvider.java:<init>(66)) - Initializing SCM Snapshot Provider
2024-08-03 20:04:29,909 [main] WARN  server.ServerUtils (ServerUtils.java:getDefaultRatisDirectory(311)) - Storage directory for Ratis is not configured. It is a good idea to map this to an SSD disk. Falling back to ozone.metadata.dirs
2024-08-03 20:04:29,910 [main] WARN  ha.SCMHAUtils (SCMHAUtils.java:getSCMRatisSnapshotDirectory(158)) - SCM snapshot dir is not configured. Falling back to ozone.metadata.dirs config
2024-08-03 20:04:29,933 [main] INFO  upgrade.AbstractLayoutVersionManager (AbstractLayoutVersionManager.java:init(83)) - Initializing Layout version manager with metadata layout = HADOOP_PRC_PORTS_IN_DATANODEDETAILS (version = 7), software layout = HADOOP_PRC_PORTS_IN_DATANODEDETAILS (version = 7)
2024-08-03 20:04:29,980 [main] INFO  ha.SequenceIdGenerator (SequenceIdGenerator.java:upgradeToSequenceId(369)) - upgrade localId to 113750153625600000
2024-08-03 20:04:29,982 [main] INFO  ha.SequenceIdGenerator (SequenceIdGenerator.java:upgradeToSequenceId(379)) - upgrade delTxnId to 0
2024-08-03 20:04:29,990 [main] INFO  ha.SequenceIdGenerator (SequenceIdGenerator.java:upgradeToSequenceId(396)) - upgrade containerId to 0
2024-08-03 20:04:29,993 [main] INFO  ha.SequenceIdGenerator (SequenceIdGenerator.java:upgradeToCertificateSequenceId(433)) - upgrade CertificateId to 2
2024-08-03 20:04:29,996 [main] INFO  ha.SequenceIdGenerator (SequenceIdGenerator.java:<init>(240)) - Init the HA SequenceIdGenerator.
2024-08-03 20:04:30,050 [main] WARN  server.ServerUtils (ServerUtils.java:sanitizeUserArgs(79)) - ozone.scm.stale.node.interval value = 300000 is larger than max = 100000 based on the key value of ozone.scm.heartbeat.thread.interval, reset to the max value 100000.
2024-08-03 20:04:30,051 [main] WARN  server.ServerUtils (ServerUtils.java:sanitizeUserArgs(79)) - ozone.scm.stale.node.interval value = 300000 is larger than max = 100000 based on the key value of ozone.scm.heartbeat.thread.interval, reset to the max value 100000.
2024-08-03 20:04:30,056 [main] INFO  node.SCMNodeManager (SCMNodeManager.java:<init>(178)) - Entering startup safe mode.
2024-08-03 20:04:30,069 [main] INFO  algorithms.ContainerPlacementPolicyFactory (ContainerPlacementPolicyFactory.java:getPolicyInternal(86)) - Create container placement policy of type org.apache.hadoop.hdds.scm.container.placement.algorithms.SCMContainerPlacementRackAware
2024-08-03 20:04:30,071 [main] INFO  algorithms.ContainerPlacementPolicyFactory (ContainerPlacementPolicyFactory.java:getPolicyInternal(86)) - Create container placement policy of type org.apache.hadoop.hdds.scm.container.placement.algorithms.SCMContainerPlacementRackScatter
2024-08-03 20:04:30,080 [main] INFO  pipeline.PipelineStateManagerImpl (PipelineStateManagerImpl.java:initialize(78)) - No pipeline exists in current db
2024-08-03 20:04:30,093 [main] INFO  algorithms.LeaderChoosePolicyFactory (LeaderChoosePolicyFactory.java:getPolicy(57)) - Create leader choose policy of type org.apache.hadoop.hdds.scm.pipeline.leader.choose.algorithms.MinLeaderCountChoosePolicy
2024-08-03 20:04:30,093 [main] INFO  algorithms.ContainerPlacementPolicyFactory (ContainerPlacementPolicyFactory.java:getPolicyInternal(86)) - Create container placement policy of type org.apache.hadoop.hdds.scm.container.placement.algorithms.SCMContainerPlacementRackScatter
2024-08-03 20:04:30,099 [main] INFO  ha.SCMServiceManager (SCMServiceManager.java:register(42)) - Registering service BackgroundPipelineCreator.
2024-08-03 20:04:30,099 [main] INFO  pipeline.BackgroundPipelineCreator (BackgroundPipelineCreator.java:start(127)) - Starting scmNode-1-RatisPipelineUtilsThread.
2024-08-03 20:04:30,102 [main] INFO  BackgroundPipelineScrubber (BackgroundSCMService.java:start(65)) - Starting BackgroundPipelineScrubber Service.
2024-08-03 20:04:30,103 [main] INFO  ha.SCMServiceManager (SCMServiceManager.java:register(42)) - Registering service BackgroundPipelineScrubber.
2024-08-03 20:04:30,110 [main] INFO  ExpiredContainerReplicaOpScrubber (BackgroundSCMService.java:start(65)) - Starting ExpiredContainerReplicaOpScrubber Service.
2024-08-03 20:04:30,112 [main] INFO  ha.SCMServiceManager (SCMServiceManager.java:register(42)) - Registering service ExpiredContainerReplicaOpScrubber.
2024-08-03 20:04:30,140 [main] INFO  algorithms.PipelineChoosePolicyFactory (PipelineChoosePolicyFactory.java:createPipelineChoosePolicyFromClass(80)) - Create pipeline choose policy of type org.apache.hadoop.hdds.scm.pipeline.choose.algorithms.RandomPipelineChoosePolicy
2024-08-03 20:04:30,140 [main] INFO  algorithms.PipelineChoosePolicyFactory (PipelineChoosePolicyFactory.java:createPipelineChoosePolicyFromClass(80)) - Create pipeline choose policy of type org.apache.hadoop.hdds.scm.pipeline.choose.algorithms.RandomPipelineChoosePolicy
2024-08-03 20:04:30,167 [main] INFO  ha.SCMServiceManager (SCMServiceManager.java:register(42)) - Registering service SCMBlockDeletingService.
2024-08-03 20:04:30,238 [main] INFO  replication.ReplicationManager (ReplicationManager.java:start(296)) - Starting Replication Monitor Thread.
2024-08-03 20:04:30,241 [main] INFO  ha.SCMServiceManager (SCMServiceManager.java:register(42)) - Registering service ReplicationManager.
2024-08-03 20:04:30,251 [main] INFO  safemode.ContainerSafeModeRule (ContainerSafeModeRule.java:<init>(91)) - containers with one replica threshold count 0
2024-08-03 20:04:30,255 [main] INFO  safemode.HealthyPipelineSafeModeRule (HealthyPipelineSafeModeRule.java:initializeRule(176)) - Total pipeline count is 0, healthy pipeline threshold count is 1
2024-08-03 20:04:30,257 [main] INFO  safemode.OneReplicaPipelineSafeModeRule (OneReplicaPipelineSafeModeRule.java:initializeRule(193)) - Total pipeline count is 0, pipeline's with at least one datanode reported threshold count is 0
2024-08-03 20:04:30,295 [main] INFO  server.StorageContainerManager (StorageContainerManager.java:<init>(442)) - SCM start with adminUsers: [runner]
2024-08-03 20:04:30,566 [main] INFO  audit.AuditLogger (AuditLogger.java:refreshDebugCmdSet(135)) - Refresh DebugCmdSet for SCMAudit to [].
2024-08-03 20:04:30,590 [main] INFO  ipc.CallQueueManager (CallQueueManager.java:<init>(90)) - Using callQueue: class java.util.concurrent.LinkedBlockingQueue, queueCapacity: 10000, scheduler: class org.apache.hadoop.ipc.DefaultRpcScheduler, ipcBackoff: false.
2024-08-03 20:04:30,616 [main] INFO  ipc.Server (Server.java:<init>(1287)) - Listener at 0.0.0.0:15004
2024-08-03 20:04:30,618 [Socket Reader #1 for port 15004] INFO  ipc.Server (Server.java:run(1323)) - Starting Socket Reader #1 for port 15004
2024-08-03 20:04:30,663 [main] INFO  audit.AuditLogger (AuditLogger.java:refreshDebugCmdSet(135)) - Refresh DebugCmdSet for SCMAudit to [].
2024-08-03 20:04:30,668 [main] INFO  ipc.CallQueueManager (CallQueueManager.java:<init>(90)) - Using callQueue: class java.util.concurrent.LinkedBlockingQueue, queueCapacity: 10000, scheduler: class org.apache.hadoop.ipc.DefaultRpcScheduler, ipcBackoff: false.
2024-08-03 20:04:30,669 [main] INFO  ipc.Server (Server.java:<init>(1287)) - Listener at 0.0.0.0:15007
2024-08-03 20:04:30,670 [Socket Reader #1 for port 15007] INFO  ipc.Server (Server.java:run(1323)) - Starting Socket Reader #1 for port 15007
2024-08-03 20:04:30,699 [main] INFO  audit.AuditLogger (AuditLogger.java:refreshDebugCmdSet(135)) - Refresh DebugCmdSet for SCMAudit to [].
2024-08-03 20:04:30,710 [main] INFO  ipc.CallQueueManager (CallQueueManager.java:<init>(90)) - Using callQueue: class java.util.concurrent.LinkedBlockingQueue, queueCapacity: 10000, scheduler: class org.apache.hadoop.ipc.DefaultRpcScheduler, ipcBackoff: false.
2024-08-03 20:04:30,711 [main] INFO  ipc.Server (Server.java:<init>(1287)) - Listener at 0.0.0.0:15005
2024-08-03 20:04:30,711 [Socket Reader #1 for port 15005] INFO  ipc.Server (Server.java:run(1323)) - Starting Socket Reader #1 for port 15005
2024-08-03 20:04:30,760 [main] INFO  ha.SCMServiceManager (SCMServiceManager.java:register(42)) - Registering service ContainerBalancer.
2024-08-03 20:04:30,760 [main] INFO  ha.SCMContext (SCMContext.java:updateSafeModeStatus(225)) - Update SafeModeStatus from SafeModeStatus{safeModeStatus=true, preCheckPassed=false} to SafeModeStatus{safeModeStatus=true, preCheckPassed=false}.
2024-08-03 20:04:30,764 [main] INFO  server.StorageContainerManager (StorageContainerManager.java:start(1541)) - StorageContainerLocationProtocol RPC server is listening at /0.0.0.0:15005
2024-08-03 20:04:30,765 [main] INFO  ha.SCMRatisServerImpl (SCMRatisServerImpl.java:start(192)) - starting ratis server 0.0.0.0:15003
2024-08-03 20:04:30,765 [8c6bcd6e-4a2a-41ae-8998-20aaaed1716b-impl-thread1] INFO  server.RaftServerConfigKeys (ConfUtils.java:logGet(46)) - raft.server.storage.free-space.min = 0MB (=0) (default)
2024-08-03 20:04:30,765 [8c6bcd6e-4a2a-41ae-8998-20aaaed1716b-impl-thread1] INFO  server.RaftServerConfigKeys (ConfUtils.java:logGet(46)) - raft.server.log.corruption.policy = EXCEPTION (default)
2024-08-03 20:04:30,765 [8c6bcd6e-4a2a-41ae-8998-20aaaed1716b-impl-thread1] INFO  server.RaftServerConfigKeys (ConfUtils.java:logGet(46)) - raft.server.storage.dir = [/home/runner/work/ozone/ozone/hadoop-ozone/integration-test/target/test-dir/MiniOzoneClusterImpl-4c2a292f-c896-477d-a18b-b69de7e7ed64/scmNode-1/scm-ha] (custom)
2024-08-03 20:04:30,767 [8c6bcd6e-4a2a-41ae-8998-20aaaed1716b-impl-thread1] INFO  storage.RaftStorageDirectory (RaftStorageDirectoryImpl.java:tryLock(229)) - Lock on /home/runner/work/ozone/ozone/hadoop-ozone/integration-test/target/test-dir/MiniOzoneClusterImpl-4c2a292f-c896-477d-a18b-b69de7e7ed64/scmNode-1/scm-ha/4c2a292f-c896-477d-a18b-b69de7e7ed64/in_use.lock acquired by nodename 59896@fv-az976-615
2024-08-03 20:04:30,768 [8c6bcd6e-4a2a-41ae-8998-20aaaed1716b-impl-thread1] INFO  storage.RaftStorage (RaftStorageImpl.java:analyzeAndRecoverStorage(118)) - Read RaftStorageMetadata{term=1, votedFor=8c6bcd6e-4a2a-41ae-8998-20aaaed1716b} from /home/runner/work/ozone/ozone/hadoop-ozone/integration-test/target/test-dir/MiniOzoneClusterImpl-4c2a292f-c896-477d-a18b-b69de7e7ed64/scmNode-1/scm-ha/4c2a292f-c896-477d-a18b-b69de7e7ed64/current/raft-meta
2024-08-03 20:04:30,771 [8c6bcd6e-4a2a-41ae-8998-20aaaed1716b-impl-thread1] INFO  server.RaftServer$Division (ServerState.java:setRaftConf(386)) - 8c6bcd6e-4a2a-41ae-8998-20aaaed1716b@group-B69DE7E7ED64: set configuration conf: {index: 0, cur=peers:[8c6bcd6e-4a2a-41ae-8998-20aaaed1716b|localhost:15003]|listeners:[], old=null}
2024-08-03 20:04:30,771 [8c6bcd6e-4a2a-41ae-8998-20aaaed1716b-impl-thread1] INFO  server.RaftServerConfigKeys (ConfUtils.java:logGet(46)) - raft.server.log.use.memory = false (default)
2024-08-03 20:04:30,771 [8c6bcd6e-4a2a-41ae-8998-20aaaed1716b-impl-thread1] INFO  server.RaftServerConfigKeys (ConfUtils.java:logGet(46)) - raft.server.log.purge.gap = 1000000 (custom)
2024-08-03 20:04:30,771 [8c6bcd6e-4a2a-41ae-8998-20aaaed1716b-impl-thread1] INFO  server.RaftServerConfigKeys (ConfUtils.java:logGet(46)) - raft.server.log.appender.buffer.byte-limit = 4194304 (custom)
2024-08-03 20:04:30,772 [8c6bcd6e-4a2a-41ae-8998-20aaaed1716b-impl-thread1] INFO  server.RaftServerConfigKeys (ConfUtils.java:logGet(46)) - raft.server.log.statemachine.data.read.timeout = 1000ms (default)
2024-08-03 20:04:30,772 [8c6bcd6e-4a2a-41ae-8998-20aaaed1716b-impl-thread1] INFO  server.RaftServerConfigKeys (ConfUtils.java:logGet(46)) - raft.server.log.purge.preservation.log.num = 0 (default)
2024-08-03 20:04:30,774 [8c6bcd6e-4a2a-41ae-8998-20aaaed1716b-impl-thread1] INFO  server.RaftServerConfigKeys (ConfUtils.java:logGet(46)) - raft.server.log.segment.size.max = 4194304 (custom)
2024-08-03 20:04:30,774 [8c6bcd6e-4a2a-41ae-8998-20aaaed1716b-impl-thread1] INFO  server.RaftServerConfigKeys (ConfUtils.java:logGet(46)) - raft.server.log.segment.cache.num.max = 2 (custom)
2024-08-03 20:04:30,775 [8c6bcd6e-4a2a-41ae-8998-20aaaed1716b-impl-thread1] INFO  server.RaftServerConfigKeys (ConfUtils.java:logGet(46)) - raft.server.log.segment.cache.size.max = 200MB (=209715200) (default)
2024-08-03 20:04:30,775 [8c6bcd6e-4a2a-41ae-8998-20aaaed1716b-impl-thread1] INFO  server.RaftServerConfigKeys (ConfUtils.java:logGet(46)) - raft.server.log.appender.buffer.byte-limit = 4194304 (custom)
2024-08-03 20:04:30,776 [8c6bcd6e-4a2a-41ae-8998-20aaaed1716b-impl-thread1] INFO  util.AwaitToRun (AwaitToRun.java:start(81)) - Thread[8c6bcd6e-4a2a-41ae-8998-20aaaed1716b@group-B69DE7E7ED64-cacheEviction-AwaitToRun,5,main] started
2024-08-03 20:04:30,776 [8c6bcd6e-4a2a-41ae-8998-20aaaed1716b-impl-thread1] INFO  segmented.SegmentedRaftLogWorker (SegmentedRaftLogWorker.java:<init>(184)) - new 8c6bcd6e-4a2a-41ae-8998-20aaaed1716b@group-B69DE7E7ED64-SegmentedRaftLogWorker for RaftStorageImpl:Storage Directory /home/runner/work/ozone/ozone/hadoop-ozone/integration-test/target/test-dir/MiniOzoneClusterImpl-4c2a292f-c896-477d-a18b-b69de7e7ed64/scmNode-1/scm-ha/4c2a292f-c896-477d-a18b-b69de7e7ed64
2024-08-03 20:04:30,776 [8c6bcd6e-4a2a-41ae-8998-20aaaed1716b-impl-thread1] INFO  server.RaftServerConfigKeys (ConfUtils.java:logGet(46)) - raft.server.log.queue.byte-limit = 64MB (=67108864) (default)
2024-08-03 20:04:30,776 [8c6bcd6e-4a2a-41ae-8998-20aaaed1716b-impl-thread1] INFO  server.RaftServerConfigKeys (ConfUtils.java:logGet(46)) - raft.server.log.queue.element-limit = 4096 (default)
2024-08-03 20:04:30,777 [8c6bcd6e-4a2a-41ae-8998-20aaaed1716b-impl-thread1] INFO  server.RaftServerConfigKeys (ConfUtils.java:logGet(46)) - raft.server.log.segment.size.max = 4194304 (custom)
2024-08-03 20:04:30,777 [8c6bcd6e-4a2a-41ae-8998-20aaaed1716b-impl-thread1] INFO  server.RaftServerConfigKeys (ConfUtils.java:logGet(46)) - raft.server.log.preallocated.size = 4194304 (custom)
2024-08-03 20:04:30,777 [8c6bcd6e-4a2a-41ae-8998-20aaaed1716b-impl-thread1] INFO  server.RaftServerConfigKeys (ConfUtils.java:logGet(46)) - raft.server.log.force.sync.num = 128 (default)
2024-08-03 20:04:30,777 [8c6bcd6e-4a2a-41ae-8998-20aaaed1716b-impl-thread1] INFO  server.RaftServerConfigKeys (ConfUtils.java:logGet(46)) - raft.server.log.statemachine.data.sync = true (default)
2024-08-03 20:04:30,777 [8c6bcd6e-4a2a-41ae-8998-20aaaed1716b-impl-thread1] INFO  server.RaftServerConfigKeys (ConfUtils.java:logGet(46)) - raft.server.log.statemachine.data.sync.timeout = 10s (default)
2024-08-03 20:04:30,778 [8c6bcd6e-4a2a-41ae-8998-20aaaed1716b-impl-thread1] INFO  server.RaftServerConfigKeys (ConfUtils.java:logGet(46)) - raft.server.log.statemachine.data.sync.timeout.retry = -1 (default)
2024-08-03 20:04:30,778 [8c6bcd6e-4a2a-41ae-8998-20aaaed1716b-impl-thread1] INFO  server.RaftServerConfigKeys (ConfUtils.java:logGet(46)) - raft.server.log.write.buffer.size = 4194312 (custom)
2024-08-03 20:04:30,779 [8c6bcd6e-4a2a-41ae-8998-20aaaed1716b-impl-thread1] INFO  server.RaftServerConfigKeys (ConfUtils.java:logGet(46)) - raft.server.log.appender.buffer.byte-limit = 4194304 (custom)
2024-08-03 20:04:30,779 [8c6bcd6e-4a2a-41ae-8998-20aaaed1716b-impl-thread1] INFO  server.RaftServerConfigKeys (ConfUtils.java:logGet(46)) - raft.server.log.unsafe-flush.enabled = false (default)
2024-08-03 20:04:30,779 [8c6bcd6e-4a2a-41ae-8998-20aaaed1716b-impl-thread1] INFO  server.RaftServerConfigKeys (ConfUtils.java:logGet(46)) - raft.server.log.async-flush.enabled = false (default)
2024-08-03 20:04:30,779 [8c6bcd6e-4a2a-41ae-8998-20aaaed1716b-impl-thread1] INFO  server.RaftServerConfigKeys (ConfUtils.java:logGet(46)) - raft.server.log.statemachine.data.caching.enabled = false (default)
2024-08-03 20:04:30,784 [8c6bcd6e-4a2a-41ae-8998-20aaaed1716b-impl-thread1] INFO  server.RaftServer$Division (ServerState.java:setRaftConf(386)) - 8c6bcd6e-4a2a-41ae-8998-20aaaed1716b@group-B69DE7E7ED64: set configuration conf: {index: 0, cur=peers:[8c6bcd6e-4a2a-41ae-8998-20aaaed1716b|localhost:15003]|listeners:[], old=null}
2024-08-03 20:04:30,785 [8c6bcd6e-4a2a-41ae-8998-20aaaed1716b-impl-thread1] INFO  segmented.LogSegment (LogSegment.java:loadSegment(175)) - Successfully read 1 entries from segment file /home/runner/work/ozone/ozone/hadoop-ozone/integration-test/target/test-dir/MiniOzoneClusterImpl-4c2a292f-c896-477d-a18b-b69de7e7ed64/scmNode-1/scm-ha/4c2a292f-c896-477d-a18b-b69de7e7ed64/current/log_inprogress_0
2024-08-03 20:04:30,785 [8c6bcd6e-4a2a-41ae-8998-20aaaed1716b-impl-thread1] INFO  segmented.SegmentedRaftLogWorker (SegmentedRaftLogWorker.java:lambda$new$0(135)) - 8c6bcd6e-4a2a-41ae-8998-20aaaed1716b@group-B69DE7E7ED64-SegmentedRaftLogWorker: safeCacheEvictIndex: setUnconditionally 0 -> -1
2024-08-03 20:04:30,786 [8c6bcd6e-4a2a-41ae-8998-20aaaed1716b-impl-thread1] INFO  segmented.BufferedWriteChannel (BufferedWriteChannel.java:open(61)) - open log_inprogress_0 (append) at position 76
2024-08-03 20:04:30,789 [8c6bcd6e-4a2a-41ae-8998-20aaaed1716b-impl-thread1] INFO  server.RaftServer$Division (RaftServerImpl.java:start(389)) - 8c6bcd6e-4a2a-41ae-8998-20aaaed1716b@group-B69DE7E7ED64: start as a follower, conf=conf: {index: 0, cur=peers:[8c6bcd6e-4a2a-41ae-8998-20aaaed1716b|localhost:15003]|listeners:[], old=null}
2024-08-03 20:04:30,790 [8c6bcd6e-4a2a-41ae-8998-20aaaed1716b-impl-thread1] INFO  server.RaftServer$Division (RaftServerImpl.java:setRole(376)) - 8c6bcd6e-4a2a-41ae-8998-20aaaed1716b@group-B69DE7E7ED64: changes role from      null to FOLLOWER at term 1 for startAsFollower
2024-08-03 20:04:30,790 [8c6bcd6e-4a2a-41ae-8998-20aaaed1716b-impl-thread1] INFO  impl.RoleInfo (RoleInfo.java:updateAndGet(148)) - 8c6bcd6e-4a2a-41ae-8998-20aaaed1716b: start 8c6bcd6e-4a2a-41ae-8998-20aaaed1716b@group-B69DE7E7ED64-FollowerState
2024-08-03 20:04:30,791 [8c6bcd6e-4a2a-41ae-8998-20aaaed1716b@group-B69DE7E7ED64-FollowerState] INFO  server.RaftServerConfigKeys (ConfUtils.java:logFallback(53)) - raft.server.rpc.first-election.timeout.min = 5000ms (fallback to raft.server.rpc.timeout.min)
2024-08-03 20:04:30,791 [8c6bcd6e-4a2a-41ae-8998-20aaaed1716b@group-B69DE7E7ED64-FollowerState] INFO  server.RaftServerConfigKeys (ConfUtils.java:logFallback(53)) - raft.server.rpc.first-election.timeout.max = 5200ms (fallback to raft.server.rpc.timeout.max)
2024-08-03 20:04:30,791 [8c6bcd6e-4a2a-41ae-8998-20aaaed1716b-impl-thread1] INFO  util.JmxRegister (JmxRegister.java:tryRegister(44)) - Successfully registered JMX Bean with object name Ratis:service=RaftServer,group=group-B69DE7E7ED64,id=8c6bcd6e-4a2a-41ae-8998-20aaaed1716b
2024-08-03 20:04:30,792 [8c6bcd6e-4a2a-41ae-8998-20aaaed1716b-impl-thread1] INFO  util.JmxRegister (JmxRegister.java:register(58)) - register mxBean class org.apache.ratis.server.impl.RaftServerJmxAdapter as Ratis:service=RaftServer,group=group-B69DE7E7ED64,id=8c6bcd6e-4a2a-41ae-8998-20aaaed1716b
2024-08-03 20:04:30,792 [8c6bcd6e-4a2a-41ae-8998-20aaaed1716b-impl-thread1] INFO  server.RaftServerConfigKeys (ConfUtils.java:logGet(46)) - raft.server.snapshot.trigger-when-stop.enabled = true (default)
2024-08-03 20:04:30,792 [8c6bcd6e-4a2a-41ae-8998-20aaaed1716b-impl-thread1] INFO  server.RaftServerConfigKeys (ConfUtils.java:logGet(46)) - raft.server.snapshot.trigger-when-remove.enabled = true (default)
2024-08-03 20:04:30,793 [8c6bcd6e-4a2a-41ae-8998-20aaaed1716b-impl-thread1] INFO  server.RaftServerConfigKeys (ConfUtils.java:logGet(46)) - raft.server.snapshot.auto.trigger.enabled = true (custom)
2024-08-03 20:04:30,799 [8c6bcd6e-4a2a-41ae-8998-20aaaed1716b-impl-thread1] INFO  server.RaftServerConfigKeys (ConfUtils.java:logGet(46)) - raft.server.snapshot.auto.trigger.threshold = 1000 (custom)
2024-08-03 20:04:30,799 [8c6bcd6e-4a2a-41ae-8998-20aaaed1716b-impl-thread1] INFO  server.RaftServerConfigKeys (ConfUtils.java:logGet(46)) - raft.server.snapshot.retention.file.num = -1 (default)
2024-08-03 20:04:30,800 [8c6bcd6e-4a2a-41ae-8998-20aaaed1716b-impl-thread1] INFO  server.RaftServerConfigKeys (ConfUtils.java:logGet(46)) - raft.server.log.purge.upto.snapshot.index = false (default)
2024-08-03 20:04:30,801 [main] INFO  server.RaftServer (RaftServerProxy.java:startImpl(408)) - 8c6bcd6e-4a2a-41ae-8998-20aaaed1716b: start RPC server
2024-08-03 20:04:30,802 [main] INFO  server.GrpcService (GrpcService.java:startImpl(302)) - 8c6bcd6e-4a2a-41ae-8998-20aaaed1716b: GrpcService started, listening on 15003
2024-08-03 20:04:30,806 [JvmPauseMonitor1] INFO  util.JvmPauseMonitor (JvmPauseMonitor.java:run(146)) - JvmPauseMonitor-8c6bcd6e-4a2a-41ae-8998-20aaaed1716b: Started
2024-08-03 20:04:30,810 [main] INFO  ha.SCMHAManagerImpl (SCMHAManagerImpl.java:start(144)) -  scm role is FOLLOWER peers [8c6bcd6e-4a2a-41ae-8998-20aaaed1716b|localhost:15003]
2024-08-03 20:04:30,810 [main] INFO  ha.InterSCMGrpcService (InterSCMGrpcProtocolService.java:start(99)) - Starting SCM Grpc Service at port 15006
2024-08-03 20:04:30,811 [main] INFO  SCMHATransactionMonitor (BackgroundSCMService.java:start(65)) - Starting SCMHATransactionMonitor Service.
2024-08-03 20:04:30,812 [main] INFO  ha.SCMServiceManager (SCMServiceManager.java:register(42)) - Registering service SCMHATransactionMonitor.
2024-08-03 20:04:30,812 [main] INFO  SCMHATransactionMonitor (BackgroundSCMService.java:start(62)) - SCMHATransactionMonitor Service is already running, skip start.
2024-08-03 20:04:30,860 [main] WARN  impl.MetricsConfig (MetricsConfig.java:loadFirst(136)) - Cannot locate configuration: tried hadoop-metrics2-storagecontainermanager.properties,hadoop-metrics2.properties
2024-08-03 20:04:30,869 [main] INFO  impl.MetricsSystemImpl (MetricsSystemImpl.java:startTimer(378)) - Scheduled Metric snapshot period at 10 second(s).
2024-08-03 20:04:30,869 [main] INFO  impl.MetricsSystemImpl (MetricsSystemImpl.java:start(191)) - StorageContainerManager metrics system started
2024-08-03 20:04:31,014 [main] INFO  server.SCMClientProtocolServer (SCMClientProtocolServer.java:start(208)) - RPC server for Client  is listening at /0.0.0.0:15005
2024-08-03 20:04:31,015 [IPC Server Responder] INFO  ipc.Server (Server.java:run(1562)) - IPC Server Responder: starting
2024-08-03 20:04:31,016 [IPC Server listener on 15005] INFO  ipc.Server (Server.java:run(1402)) - IPC Server listener on 15005: starting
2024-08-03 20:04:31,117 [main] INFO  server.StorageContainerManager (StorageContainerManager.java:start(1554)) - ScmBlockLocationProtocol RPC server is listening at /0.0.0.0:15007
2024-08-03 20:04:31,119 [main] INFO  server.SCMBlockProtocolServer (SCMBlockProtocolServer.java:start(167)) - RPC server for Block Protocol is listening at /0.0.0.0:15007
2024-08-03 20:04:31,121 [IPC Server Responder] INFO  ipc.Server (Server.java:run(1562)) - IPC Server Responder: starting
2024-08-03 20:04:31,121 [IPC Server listener on 15007] INFO  ipc.Server (Server.java:run(1402)) - IPC Server listener on 15007: starting
2024-08-03 20:04:31,154 [main] INFO  http.BaseHttpServer (BaseHttpServer.java:newHttpServer2BuilderForOzone(223)) - Starting Web-server for scm at: http://0.0.0.0:15000
2024-08-03 20:04:31,154 [main] INFO  http.BaseHttpServer (BaseHttpServer.java:<init>(110)) - Hadoop Security Enabled: false Ozone Security Enabled: false Ozone HTTP Security Enabled: false 
2024-08-03 20:04:31,176 [main] INFO  util.log (Log.java:initialized(170)) - Logging initialized @10555ms to org.eclipse.jetty.util.log.Slf4jLog
2024-08-03 20:04:31,247 [main] WARN  server.AuthenticationFilter (AuthenticationFilter.java:constructSecretProvider(240)) - Unable to initialize FileSignerSecretProvider, falling back to use random secrets. Reason: Could not read signature secret file: /home/runner/hadoop-http-auth-signature-secret
2024-08-03 20:04:31,251 [main] INFO  http.HttpRequestLog (HttpRequestLog.java:getRequestLog(86)) - Http request log for http.requests.scm is not defined
2024-08-03 20:04:31,257 [main] INFO  http.HttpServer2 (HttpServer2.java:addGlobalFilter(1035)) - Added global filter 'safety' (class=org.apache.hadoop.hdds.server.http.HttpServer2$QuotingInputFilter)
2024-08-03 20:04:31,258 [main] INFO  http.HttpServer2 (HttpServer2.java:addFilter(1011)) - Added filter static_user_filter (class=org.apache.hadoop.http.lib.StaticUserWebFilter$StaticUserFilter) to context scm
2024-08-03 20:04:31,259 [main] INFO  http.HttpServer2 (HttpServer2.java:addFilter(1019)) - Added filter static_user_filter (class=org.apache.hadoop.http.lib.StaticUserWebFilter$StaticUserFilter) to context static
2024-08-03 20:04:31,259 [main] INFO  http.HttpServer2 (HttpServer2.java:addFilter(1019)) - Added filter static_user_filter (class=org.apache.hadoop.http.lib.StaticUserWebFilter$StaticUserFilter) to context logs
2024-08-03 20:04:31,281 [main] INFO  http.BaseHttpServer (BaseHttpServer.java:<init>(189)) - HTTP server of scm uses base directory /home/runner/work/ozone/ozone/hadoop-ozone/integration-test/target/test-dir/MiniOzoneClusterImpl-4c2a292f-c896-477d-a18b-b69de7e7ed64/scmNode-1/webserver
2024-08-03 20:04:31,282 [main] INFO  http.HttpServer2 (HttpServer2.java:bindListener(1235)) - Jetty bound to port 15000
2024-08-03 20:04:31,283 [main] INFO  server.Server (Server.java:doStart(375)) - jetty-9.4.55.v20240627; built: 2024-06-27T15:05:37.765Z; git: 70015831e5195ba74da6383c4ab7c90c56bb08af; jvm 17.0.12+7
2024-08-03 20:04:31,308 [main] INFO  server.session (DefaultSessionIdManager.java:doStart(334)) - DefaultSessionIdManager workerName=node0
2024-08-03 20:04:31,308 [main] INFO  server.session (DefaultSessionIdManager.java:doStart(339)) - No SessionScavenger set, using defaults
2024-08-03 20:04:31,309 [main] INFO  server.session (HouseKeeper.java:startScavenging(132)) - node0 Scavenging every 600000ms
2024-08-03 20:04:31,319 [main] INFO  handler.ContextHandler (ContextHandler.java:doStart(921)) - Started o.e.j.s.ServletContextHandler@705dc1a6{logs,/logs,file:///home/runner/work/ozone/ozone/hadoop-ozone/integration-test/target/log,AVAILABLE}
2024-08-03 20:04:31,322 [main] INFO  handler.ContextHandler (ContextHandler.java:doStart(921)) - Started o.e.j.s.ServletContextHandler@5b1cedfd{static,/static,file:///home/runner/work/ozone/ozone/hadoop-ozone/integration-test/target/test-classes/webapps/static,AVAILABLE}
2024-08-03 20:04:31,361 [main] INFO  handler.ContextHandler (ContextHandler.java:doStart(921)) - Started o.e.j.w.WebAppContext@77e1b84c{scm,/,file:///home/runner/work/ozone/ozone/hadoop-ozone/integration-test/target/test-classes/webapps/scm/,AVAILABLE}{file:/home/runner/work/ozone/ozone/hadoop-ozone/integration-test/target/test-classes/webapps/scm}
2024-08-03 20:04:31,367 [main] INFO  server.AbstractConnector (AbstractConnector.java:doStart(333)) - Started ServerConnector@623d222{HTTP/1.1, (http/1.1)}{0.0.0.0:15000}
2024-08-03 20:04:31,368 [main] INFO  server.Server (Server.java:doStart(415)) - Started @10747ms
2024-08-03 20:04:31,370 [main] INFO  impl.MetricsSinkAdapter (MetricsSinkAdapter.java:start(204)) - Sink prometheus started
2024-08-03 20:04:31,371 [main] INFO  impl.MetricsSystemImpl (MetricsSystemImpl.java:registerSink(305)) - Registered sink prometheus
2024-08-03 20:04:31,372 [main] INFO  http.BaseHttpServer (BaseHttpServer.java:updateConnectorAddress(354)) - HTTP server of scm listening at http://0.0.0.0:15000
2024-08-03 20:04:31,375 [main] INFO  db.CodecBuffer (CodecBuffer.java:set(63)) - Successfully set constructor to org.apache.hadoop.hdds.utils.db.CodecBuffer$$Lambda$1243/0x00007f1f54669b10@147892be
2024-08-03 20:04:31,376 [main] INFO  ozone.MiniOzoneHAClusterImpl (MiniOzoneHAClusterImpl.java:createSCMService(590)) - Started SCM RPC server at /0.0.0.0:15005
2024-08-03 20:04:31,442 [main] INFO  audit.AuditLogger (AuditLogger.java:refreshDebugCmdSet(135)) - Refresh DebugCmdSet for OMAudit to [].
2024-08-03 20:04:31,495 [main] INFO  ha.OMHANodeDetails (OMHANodeDetails.java:loadOMHAConfig(121)) - ServiceID for OzoneManager is om-add-remove
2024-08-03 20:04:31,511 [main] INFO  ha.OMHANodeDetails (OMHANodeDetails.java:loadOMHAConfig(201)) - Found matching OM address with OMServiceId: om-add-remove, OMNodeId: omNode-1, RPC Address: localhost:15012 and Ratis port: 15015
2024-08-03 20:04:31,511 [main] INFO  ha.OMHANodeDetails (ConfUtils.java:setNodeSpecificConfigs(97)) - Setting configuration key ozone.om.http-address with value of key ozone.om.http-address.om-add-remove.omNode-1: 127.0.0.1:15013
2024-08-03 20:04:31,511 [main] INFO  ha.OMHANodeDetails (ConfUtils.java:setNodeSpecificConfigs(97)) - Setting configuration key ozone.om.https-address with value of key ozone.om.https-address.om-add-remove.omNode-1: 127.0.0.1:15014
2024-08-03 20:04:31,512 [main] INFO  ha.OMHANodeDetails (ConfUtils.java:setNodeSpecificConfigs(97)) - Setting configuration key ozone.om.address with value of key ozone.om.address.om-add-remove.omNode-1: 127.0.0.1:15012
2024-08-03 20:04:31,512 [main] WARN  server.ServerUtils (ServerUtils.java:getDBPath(299)) - ozone.om.db.dirs is not configured. We recommend adding this setting. Falling back to ozone.metadata.dirs instead.
2024-08-03 20:04:31,521 [main] INFO  ha.SCMNodeInfo (SCMNodeInfo.java:getPort(197)) - ConfigKey ozone.scm.client.address is deprecated, For configuring different ports for each SCM use PortConfigKey ozone.scm.client.port appended with serviceId and nodeId
2024-08-03 20:04:31,521 [main] INFO  ha.SCMNodeInfo (SCMNodeInfo.java:getPort(197)) - ConfigKey ozone.scm.block.client.address is deprecated, For configuring different ports for each SCM use PortConfigKey ozone.scm.block.client.port appended with serviceId and nodeId
2024-08-03 20:04:31,521 [main] INFO  ha.SCMNodeInfo (SCMNodeInfo.java:getPort(197)) - ConfigKey ozone.scm.security.service.address is deprecated, For configuring different ports for each SCM use PortConfigKey ozone.scm.security.service.port appended with serviceId and nodeId
2024-08-03 20:04:31,522 [main] INFO  ha.SCMNodeInfo (SCMNodeInfo.java:getPort(197)) - ConfigKey ozone.scm.datanode.address is deprecated, For configuring different ports for each SCM use PortConfigKey ozone.scm.datanode.port appended with serviceId and nodeId
2024-08-03 20:04:31,523 [main] INFO  proxy.SCMBlockLocationFailoverProxyProvider (SCMBlockLocationFailoverProxyProvider.java:<init>(115)) - Created block location fail-over proxy with 1 nodes: [nodeId=scmNode-1,nodeAddress=/127.0.0.1:15007]
2024-08-03 20:04:33,685 [main] INFO  retry.RetryInvocationHandler (RetryInvocationHandler.java:log(422)) - com.google.protobuf.ServiceException: org.apache.hadoop.ipc.RemoteException(org.apache.hadoop.hdds.ratis.ServerNotLeaderException): Server:8c6bcd6e-4a2a-41ae-8998-20aaaed1716b is not the leader. Could not determine the leader node.
	at org.apache.hadoop.hdds.ratis.ServerNotLeaderException.convertToNotLeaderException(ServerNotLeaderException.java:105)
	at org.apache.hadoop.hdds.scm.ha.RatisUtil.checkRatisException(RatisUtil.java:246)
	at org.apache.hadoop.hdds.scm.protocol.ScmBlockLocationProtocolServerSideTranslatorPB.send(ScmBlockLocationProtocolServerSideTranslatorPB.java:111)
	at org.apache.hadoop.hdds.protocol.proto.ScmBlockLocationProtocolProtos$ScmBlockLocationProtocolService$2.callBlockingMethod(ScmBlockLocationProtocolProtos.java:15776)
	at org.apache.hadoop.ipc.ProtobufRpcEngine$Server.processCall(ProtobufRpcEngine.java:484)
	at org.apache.hadoop.ipc.ProtobufRpcEngine2$Server$ProtoBufRpcInvoker.call(ProtobufRpcEngine2.java:595)
	at org.apache.hadoop.ipc.ProtobufRpcEngine2$Server$ProtoBufRpcInvoker.call(ProtobufRpcEngine2.java:573)
	at org.apache.hadoop.ipc.RPC$Server.call(RPC.java:1227)
	at org.apache.hadoop.ipc.Server$RpcCall.run(Server.java:1094)
	at org.apache.hadoop.ipc.Server$RpcCall.run(Server.java:1017)
	at java.base/java.security.AccessController.doPrivileged(AccessController.java:712)
	at java.base/javax.security.auth.Subject.doAs(Subject.java:439)
	at org.apache.hadoop.security.UserGroupInformation.doAs(UserGroupInformation.java:1899)
	at org.apache.hadoop.ipc.Server$Handler.run(Server.java:3048)
, while invoking $Proxy51.send over nodeId=scmNode-1,nodeAddress=/127.0.0.1:15007 after 1 failover attempts. Trying to failover after sleeping for 2000ms. Current retry count: 1.
2024-08-03 20:04:35,689 [main] INFO  retry.RetryInvocationHandler (RetryInvocationHandler.java:log(422)) - com.google.protobuf.ServiceException: org.apache.hadoop.ipc.RemoteException(org.apache.hadoop.hdds.ratis.ServerNotLeaderException): Server:8c6bcd6e-4a2a-41ae-8998-20aaaed1716b is not the leader. Could not determine the leader node.
	at org.apache.hadoop.hdds.ratis.ServerNotLeaderException.convertToNotLeaderException(ServerNotLeaderException.java:105)
	at org.apache.hadoop.hdds.scm.ha.RatisUtil.checkRatisException(RatisUtil.java:246)
	at org.apache.hadoop.hdds.scm.protocol.ScmBlockLocationProtocolServerSideTranslatorPB.send(ScmBlockLocationProtocolServerSideTranslatorPB.java:111)
	at org.apache.hadoop.hdds.protocol.proto.ScmBlockLocationProtocolProtos$ScmBlockLocationProtocolService$2.callBlockingMethod(ScmBlockLocationProtocolProtos.java:15776)
	at org.apache.hadoop.ipc.ProtobufRpcEngine$Server.processCall(ProtobufRpcEngine.java:484)
	at org.apache.hadoop.ipc.ProtobufRpcEngine2$Server$ProtoBufRpcInvoker.call(ProtobufRpcEngine2.java:595)
	at org.apache.hadoop.ipc.ProtobufRpcEngine2$Server$ProtoBufRpcInvoker.call(ProtobufRpcEngine2.java:573)
	at org.apache.hadoop.ipc.RPC$Server.call(RPC.java:1227)
	at org.apache.hadoop.ipc.Server$RpcCall.run(Server.java:1094)
	at org.apache.hadoop.ipc.Server$RpcCall.run(Server.java:1017)
	at java.base/java.security.AccessController.doPrivileged(AccessController.java:712)
	at java.base/javax.security.auth.Subject.doAs(Subject.java:439)
	at org.apache.hadoop.security.UserGroupInformation.doAs(UserGroupInformation.java:1899)
	at org.apache.hadoop.ipc.Server$Handler.run(Server.java:3048)
, while invoking $Proxy51.send over nodeId=scmNode-1,nodeAddress=/127.0.0.1:15007 after 2 failover attempts. Trying to failover after sleeping for 2000ms. Current retry count: 2.
2024-08-03 20:04:35,832 [8c6bcd6e-4a2a-41ae-8998-20aaaed1716b@group-B69DE7E7ED64-FollowerState] INFO  impl.FollowerState (FollowerState.java:run(144)) - 8c6bcd6e-4a2a-41ae-8998-20aaaed1716b@group-B69DE7E7ED64-FollowerState: change to CANDIDATE, lastRpcElapsedTime:5041914937ns, electionTimeout:5041ms
2024-08-03 20:04:35,832 [8c6bcd6e-4a2a-41ae-8998-20aaaed1716b@group-B69DE7E7ED64-FollowerState] INFO  impl.RoleInfo (RoleInfo.java:shutdownFollowerState(119)) - 8c6bcd6e-4a2a-41ae-8998-20aaaed1716b: shutdown 8c6bcd6e-4a2a-41ae-8998-20aaaed1716b@group-B69DE7E7ED64-FollowerState
2024-08-03 20:04:35,833 [8c6bcd6e-4a2a-41ae-8998-20aaaed1716b@group-B69DE7E7ED64-FollowerState] INFO  server.RaftServer$Division (RaftServerImpl.java:setRole(376)) - 8c6bcd6e-4a2a-41ae-8998-20aaaed1716b@group-B69DE7E7ED64: changes role from  FOLLOWER to CANDIDATE at term 1 for changeToCandidate
2024-08-03 20:04:35,833 [8c6bcd6e-4a2a-41ae-8998-20aaaed1716b@group-B69DE7E7ED64-FollowerState] INFO  server.RaftServerConfigKeys (ConfUtils.java:logGet(46)) - raft.server.leaderelection.pre-vote = true (default)
2024-08-03 20:04:35,833 [8c6bcd6e-4a2a-41ae-8998-20aaaed1716b@group-B69DE7E7ED64-FollowerState] INFO  impl.RoleInfo (RoleInfo.java:updateAndGet(148)) - 8c6bcd6e-4a2a-41ae-8998-20aaaed1716b: start 8c6bcd6e-4a2a-41ae-8998-20aaaed1716b@group-B69DE7E7ED64-LeaderElection2
2024-08-03 20:04:35,833 [8c6bcd6e-4a2a-41ae-8998-20aaaed1716b@group-B69DE7E7ED64-LeaderElection2] INFO  impl.LeaderElection (LeaderElection.java:askForVotes(321)) - 8c6bcd6e-4a2a-41ae-8998-20aaaed1716b@group-B69DE7E7ED64-LeaderElection2 PRE_VOTE round 0: submit vote requests at term 1 for conf: {index: 0, cur=peers:[8c6bcd6e-4a2a-41ae-8998-20aaaed1716b|localhost:15003]|listeners:[], old=null}
2024-08-03 20:04:35,834 [8c6bcd6e-4a2a-41ae-8998-20aaaed1716b@group-B69DE7E7ED64-LeaderElection2] INFO  impl.LeaderElection (LeaderElection.java:askForVotes(323)) - 8c6bcd6e-4a2a-41ae-8998-20aaaed1716b@group-B69DE7E7ED64-LeaderElection2 PRE_VOTE round 0: result PASSED (term=1)
2024-08-03 20:04:35,836 [8c6bcd6e-4a2a-41ae-8998-20aaaed1716b@group-B69DE7E7ED64-LeaderElection2] INFO  impl.LeaderElection (LeaderElection.java:askForVotes(321)) - 8c6bcd6e-4a2a-41ae-8998-20aaaed1716b@group-B69DE7E7ED64-LeaderElection2 ELECTION round 0: submit vote requests at term 2 for conf: {index: 0, cur=peers:[8c6bcd6e-4a2a-41ae-8998-20aaaed1716b|localhost:15003]|listeners:[], old=null}
2024-08-03 20:04:35,836 [8c6bcd6e-4a2a-41ae-8998-20aaaed1716b@group-B69DE7E7ED64-LeaderElection2] INFO  impl.LeaderElection (LeaderElection.java:askForVotes(323)) - 8c6bcd6e-4a2a-41ae-8998-20aaaed1716b@group-B69DE7E7ED64-LeaderElection2 ELECTION round 0: result PASSED (term=2)
2024-08-03 20:04:35,836 [8c6bcd6e-4a2a-41ae-8998-20aaaed1716b@group-B69DE7E7ED64-LeaderElection2] INFO  impl.RoleInfo (RoleInfo.java:shutdownLeaderElection(139)) - 8c6bcd6e-4a2a-41ae-8998-20aaaed1716b: shutdown 8c6bcd6e-4a2a-41ae-8998-20aaaed1716b@group-B69DE7E7ED64-LeaderElection2
2024-08-03 20:04:35,836 [8c6bcd6e-4a2a-41ae-8998-20aaaed1716b@group-B69DE7E7ED64-LeaderElection2] INFO  server.RaftServer$Division (RaftServerImpl.java:setRole(376)) - 8c6bcd6e-4a2a-41ae-8998-20aaaed1716b@group-B69DE7E7ED64: changes role from CANDIDATE to LEADER at term 2 for changeToLeader
2024-08-03 20:04:35,837 [8c6bcd6e-4a2a-41ae-8998-20aaaed1716b@group-B69DE7E7ED64-LeaderElection2] INFO  server.RaftServerConfigKeys (ConfUtils.java:logGet(46)) - raft.server.staging.catchup.gap = 1000 (default)
2024-08-03 20:04:35,837 [8c6bcd6e-4a2a-41ae-8998-20aaaed1716b@group-B69DE7E7ED64-LeaderElection2] INFO  server.RaftServerConfigKeys (ConfUtils.java:logGet(46)) - raft.server.write.element-limit = 4096 (default)
2024-08-03 20:04:35,837 [8c6bcd6e-4a2a-41ae-8998-20aaaed1716b@group-B69DE7E7ED64-LeaderElection2] INFO  server.RaftServerConfigKeys (ConfUtils.java:logGet(46)) - raft.server.write.byte-limit = 64MB (=67108864) (default)
2024-08-03 20:04:35,838 [8c6bcd6e-4a2a-41ae-8998-20aaaed1716b@group-B69DE7E7ED64-LeaderElection2] INFO  server.RaftServerConfigKeys (ConfUtils.java:logGet(46)) - raft.server.watch.timeout = 10s (default)
2024-08-03 20:04:35,838 [8c6bcd6e-4a2a-41ae-8998-20aaaed1716b@group-B69DE7E7ED64-LeaderElection2] INFO  server.RaftServerConfigKeys (ConfUtils.java:logGet(46)) - raft.server.watch.timeout.denomination = 1s (default)
2024-08-03 20:04:35,838 [8c6bcd6e-4a2a-41ae-8998-20aaaed1716b@group-B69DE7E7ED64-LeaderElection2] INFO  server.RaftServerConfigKeys (ConfUtils.java:logGet(46)) - raft.server.watch.element-limit = 65536 (default)
2024-08-03 20:04:35,838 [8c6bcd6e-4a2a-41ae-8998-20aaaed1716b@group-B69DE7E7ED64-LeaderElection2] INFO  server.RaftServerConfigKeys (ConfUtils.java:logGet(46)) - raft.server.read.leader.lease.enabled = false (default)
2024-08-03 20:04:35,839 [8c6bcd6e-4a2a-41ae-8998-20aaaed1716b@group-B69DE7E7ED64-LeaderElection2] INFO  server.RaftServerConfigKeys (ConfUtils.java:logGet(46)) - raft.server.read.leader.lease.timeout.ratio = 0.9 (default)
2024-08-03 20:04:35,839 [8c6bcd6e-4a2a-41ae-8998-20aaaed1716b@group-B69DE7E7ED64-LeaderElection2] INFO  server.RaftServerConfigKeys (ConfUtils.java:logGet(46)) - raft.server.rpc.timeout.min = 5000ms (custom)
2024-08-03 20:04:35,839 [8c6bcd6e-4a2a-41ae-8998-20aaaed1716b@group-B69DE7E7ED64-LeaderElection2] INFO  server.RaftServerConfigKeys (ConfUtils.java:logGet(46)) - raft.server.log.log-metadata.enabled = true (default)
2024-08-03 20:04:35,839 [8c6bcd6e-4a2a-41ae-8998-20aaaed1716b@group-B69DE7E7ED64-LeaderElection2] INFO  server.RaftServerConfigKeys (ConfUtils.java:logGet(46)) - raft.server.write.element-limit = 4096 (default)
2024-08-03 20:04:35,839 [8c6bcd6e-4a2a-41ae-8998-20aaaed1716b@group-B69DE7E7ED64-LeaderElection2] INFO  server.RaftServerConfigKeys (ConfUtils.java:logGet(46)) - raft.server.write.follower.gap.ratio.max = -1.0 (default)
2024-08-03 20:04:35,839 [8c6bcd6e-4a2a-41ae-8998-20aaaed1716b@group-B69DE7E7ED64-LeaderElection2] INFO  impl.RoleInfo (RoleInfo.java:updateAndGet(148)) - 8c6bcd6e-4a2a-41ae-8998-20aaaed1716b: start 8c6bcd6e-4a2a-41ae-8998-20aaaed1716b@group-B69DE7E7ED64-LeaderStateImpl
2024-08-03 20:04:35,839 [8c6bcd6e-4a2a-41ae-8998-20aaaed1716b@group-B69DE7E7ED64-LeaderElection2] INFO  server.RaftServer$Division (RaftServerImpl.java:setFirstElection(549)) - 8c6bcd6e-4a2a-41ae-8998-20aaaed1716b@group-B69DE7E7ED64: set firstElectionSinceStartup to false for becomeLeader
2024-08-03 20:04:35,840 [8c6bcd6e-4a2a-41ae-8998-20aaaed1716b@group-B69DE7E7ED64-LeaderElection2] INFO  ha.SCMStateMachine (SCMStateMachine.java:notifyLeaderChanged(292)) - current SCM becomes leader of term 2.
2024-08-03 20:04:35,840 [8c6bcd6e-4a2a-41ae-8998-20aaaed1716b@group-B69DE7E7ED64-LeaderElection2] INFO  ha.SCMContext (SCMContext.java:updateLeaderAndTerm(96)) - update <isLeader,term> from <false,0> to <true,2>
2024-08-03 20:04:35,842 [8c6bcd6e-4a2a-41ae-8998-20aaaed1716b@group-B69DE7E7ED64-LeaderElection2] INFO  server.RaftServer$Division (ServerState.java:setLeader(272)) - 8c6bcd6e-4a2a-41ae-8998-20aaaed1716b@group-B69DE7E7ED64: change Leader from null to 8c6bcd6e-4a2a-41ae-8998-20aaaed1716b at term 2 for becomeLeader, leader elected after 5948ms
2024-08-03 20:04:35,842 [8c6bcd6e-4a2a-41ae-8998-20aaaed1716b@group-B69DE7E7ED64-LeaderElection2] INFO  segmented.SegmentedRaftLogWorker (SegmentedRaftLogWorker.java:rollLogSegment(438)) - 8c6bcd6e-4a2a-41ae-8998-20aaaed1716b@group-B69DE7E7ED64-SegmentedRaftLogWorker: Rolling segment log-0_0 to index:0
2024-08-03 20:04:35,843 [8c6bcd6e-4a2a-41ae-8998-20aaaed1716b@group-B69DE7E7ED64-SegmentedRaftLogWorker] INFO  segmented.SegmentedRaftLogWorker (SegmentedRaftLogWorker.java:execute(594)) - 8c6bcd6e-4a2a-41ae-8998-20aaaed1716b@group-B69DE7E7ED64-SegmentedRaftLogWorker: Rolled log segment from /home/runner/work/ozone/ozone/hadoop-ozone/integration-test/target/test-dir/MiniOzoneClusterImpl-4c2a292f-c896-477d-a18b-b69de7e7ed64/scmNode-1/scm-ha/4c2a292f-c896-477d-a18b-b69de7e7ed64/current/log_inprogress_0 to /home/runner/work/ozone/ozone/hadoop-ozone/integration-test/target/test-dir/MiniOzoneClusterImpl-4c2a292f-c896-477d-a18b-b69de7e7ed64/scmNode-1/scm-ha/4c2a292f-c896-477d-a18b-b69de7e7ed64/current/log_0-0
2024-08-03 20:04:35,844 [8c6bcd6e-4a2a-41ae-8998-20aaaed1716b@group-B69DE7E7ED64-LeaderElection2] INFO  server.RaftServer$Division (ServerState.java:setRaftConf(386)) - 8c6bcd6e-4a2a-41ae-8998-20aaaed1716b@group-B69DE7E7ED64: set configuration conf: {index: 1, cur=peers:[8c6bcd6e-4a2a-41ae-8998-20aaaed1716b|localhost:15003]|listeners:[], old=null}
2024-08-03 20:04:35,845 [8c6bcd6e-4a2a-41ae-8998-20aaaed1716b@group-B69DE7E7ED64-SegmentedRaftLogWorker] INFO  segmented.BufferedWriteChannel (BufferedWriteChannel.java:open(61)) - open log_inprogress_1 at position 0
2024-08-03 20:04:35,858 [8c6bcd6e-4a2a-41ae-8998-20aaaed1716b@group-B69DE7E7ED64-SegmentedRaftLogWorker] INFO  segmented.SegmentedRaftLogWorker (SegmentedRaftLogWorker.java:execute(637)) - 8c6bcd6e-4a2a-41ae-8998-20aaaed1716b@group-B69DE7E7ED64-SegmentedRaftLogWorker: created new log segment /home/runner/work/ozone/ozone/hadoop-ozone/integration-test/target/test-dir/MiniOzoneClusterImpl-4c2a292f-c896-477d-a18b-b69de7e7ed64/scmNode-1/scm-ha/4c2a292f-c896-477d-a18b-b69de7e7ed64/current/log_inprogress_1
2024-08-03 20:04:35,863 [8c6bcd6e-4a2a-41ae-8998-20aaaed1716b@group-B69DE7E7ED64-StateMachineUpdater] INFO  server.RaftServer$Division (LeaderStateImpl.java:checkStartIndex(316)) - Leader 8c6bcd6e-4a2a-41ae-8998-20aaaed1716b@group-B69DE7E7ED64-LeaderStateImpl is ready since appliedIndex == startIndex == 1
2024-08-03 20:04:35,863 [8c6bcd6e-4a2a-41ae-8998-20aaaed1716b@group-B69DE7E7ED64-StateMachineUpdater] INFO  ha.SCMContext (SCMContext.java:setLeaderReady(123)) - update <isLeaderReady> from <false> to <true>
2024-08-03 20:04:35,863 [8c6bcd6e-4a2a-41ae-8998-20aaaed1716b@group-B69DE7E7ED64-StateMachineUpdater] INFO  pipeline.BackgroundPipelineCreator (BackgroundPipelineCreator.java:notifyStatusChanged(258)) - Service BackgroundPipelineCreator transitions to RUNNING.
2024-08-03 20:04:35,865 [8c6bcd6e-4a2a-41ae-8998-20aaaed1716b@group-B69DE7E7ED64-StateMachineUpdater] INFO  safemode.HealthyPipelineSafeModeRule (HealthyPipelineSafeModeRule.java:initializeRule(172)) - Refreshed total pipeline count is 0, healthy pipeline threshold count is 1
2024-08-03 20:04:35,865 [8c6bcd6e-4a2a-41ae-8998-20aaaed1716b@group-B69DE7E7ED64-StateMachineUpdater] INFO  safemode.ContainerSafeModeRule (ContainerSafeModeRule.java:reInitializeRule(191)) - Refreshed one replica container threshold 0, currentThreshold 0
2024-08-03 20:04:35,865 [8c6bcd6e-4a2a-41ae-8998-20aaaed1716b@group-B69DE7E7ED64-StateMachineUpdater] INFO  safemode.OneReplicaPipelineSafeModeRule (OneReplicaPipelineSafeModeRule.java:initializeRule(189)) - Refreshed Total pipeline count is 0, pipeline's with at least one datanode reported threshold count is 0
2024-08-03 20:04:35,865 [8c6bcd6e-4a2a-41ae-8998-20aaaed1716b@group-B69DE7E7ED64-StateMachineUpdater] INFO  server.SCMDatanodeProtocolServer (SCMDatanodeProtocolServer.java:start(194)) - ScmDatanodeProtocol RPC server for DataNodes is listening at /0.0.0.0:15004
2024-08-03 20:04:35,867 [IPC Server Responder] INFO  ipc.Server (Server.java:run(1562)) - IPC Server Responder: starting
2024-08-03 20:04:35,868 [IPC Server listener on 15004] INFO  ipc.Server (Server.java:run(1402)) - IPC Server listener on 15004: starting
OM initialization succeeded.Current cluster id for sd=/home/runner/work/ozone/ozone/hadoop-ozone/integration-test/target/test-dir/MiniOzoneClusterImpl-4c2a292f-c896-477d-a18b-b69de7e7ed64/omNode-1/om;cid=4c2a292f-c896-477d-a18b-b69de7e7ed64;layoutVersion=6
2024-08-03 20:04:37,718 [main] INFO  ha.OMHANodeDetails (OMHANodeDetails.java:loadOMHAConfig(121)) - ServiceID for OzoneManager is om-add-remove
2024-08-03 20:04:37,719 [main] INFO  ha.OMHANodeDetails (OMHANodeDetails.java:loadOMHAConfig(201)) - Found matching OM address with OMServiceId: om-add-remove, OMNodeId: omNode-1, RPC Address: localhost:15012 and Ratis port: 15015
2024-08-03 20:04:37,719 [main] INFO  ha.OMHANodeDetails (ConfUtils.java:setNodeSpecificConfigs(97)) - Setting configuration key ozone.om.http-address with value of key ozone.om.http-address.om-add-remove.omNode-1: 127.0.0.1:15013
2024-08-03 20:04:37,719 [main] INFO  ha.OMHANodeDetails (ConfUtils.java:setNodeSpecificConfigs(97)) - Setting configuration key ozone.om.https-address with value of key ozone.om.https-address.om-add-remove.omNode-1: 127.0.0.1:15014
2024-08-03 20:04:37,719 [main] INFO  ha.OMHANodeDetails (ConfUtils.java:setNodeSpecificConfigs(97)) - Setting configuration key ozone.om.address with value of key ozone.om.address.om-add-remove.omNode-1: 127.0.0.1:15012
2024-08-03 20:04:37,720 [main] WARN  server.ServerUtils (ServerUtils.java:getDBPath(299)) - ozone.om.db.dirs is not configured. We recommend adding this setting. Falling back to ozone.metadata.dirs instead.
2024-08-03 20:04:37,723 [main] INFO  upgrade.AbstractLayoutVersionManager (AbstractLayoutVersionManager.java:init(83)) - Initializing Layout version manager with metadata layout = QUOTA (version = 6), software layout = QUOTA (version = 6)
2024-08-03 20:04:37,796 [main] INFO  reflections.Reflections (Reflections.java:scan(219)) - Reflections took 72 ms to scan 2 urls, producing 188 keys and 546 values
2024-08-03 20:04:37,799 [main] INFO  upgrade.OMLayoutVersionManager (OMLayoutVersionManager.java:lambda$0(113)) - Skipping Upgrade Action QuotaRepairUpgradeAction since it has been finalized.
2024-08-03 20:04:37,800 [main] INFO  upgrade.OMLayoutVersionManager (OMLayoutVersionManager.java:lambda$0(113)) - Skipping Upgrade Action MockOmUpgradeAction since it has been finalized.
2024-08-03 20:04:37,802 [main] WARN  server.ServerUtils (ServerUtils.java:getDBPath(299)) - ozone.om.db.dirs is not configured. We recommend adding this setting. Falling back to ozone.metadata.dirs instead.
2024-08-03 20:04:37,811 [main] INFO  ha.SCMNodeInfo (SCMNodeInfo.java:getPort(197)) - ConfigKey ozone.scm.client.address is deprecated, For configuring different ports for each SCM use PortConfigKey ozone.scm.client.port appended with serviceId and nodeId
2024-08-03 20:04:37,812 [main] INFO  ha.SCMNodeInfo (SCMNodeInfo.java:getPort(197)) - ConfigKey ozone.scm.block.client.address is deprecated, For configuring different ports for each SCM use PortConfigKey ozone.scm.block.client.port appended with serviceId and nodeId
2024-08-03 20:04:37,812 [main] INFO  ha.SCMNodeInfo (SCMNodeInfo.java:getPort(197)) - ConfigKey ozone.scm.security.service.address is deprecated, For configuring different ports for each SCM use PortConfigKey ozone.scm.security.service.port appended with serviceId and nodeId
2024-08-03 20:04:37,813 [main] INFO  ha.SCMNodeInfo (SCMNodeInfo.java:getPort(197)) - ConfigKey ozone.scm.datanode.address is deprecated, For configuring different ports for each SCM use PortConfigKey ozone.scm.datanode.port appended with serviceId and nodeId
2024-08-03 20:04:37,891 [main] INFO  ha.SCMNodeInfo (SCMNodeInfo.java:getPort(197)) - ConfigKey ozone.scm.client.address is deprecated, For configuring different ports for each SCM use PortConfigKey ozone.scm.client.port appended with serviceId and nodeId
2024-08-03 20:04:37,891 [main] INFO  ha.SCMNodeInfo (SCMNodeInfo.java:getPort(197)) - ConfigKey ozone.scm.block.client.address is deprecated, For configuring different ports for each SCM use PortConfigKey ozone.scm.block.client.port appended with serviceId and nodeId
2024-08-03 20:04:37,891 [main] INFO  ha.SCMNodeInfo (SCMNodeInfo.java:getPort(197)) - ConfigKey ozone.scm.security.service.address is deprecated, For configuring different ports for each SCM use PortConfigKey ozone.scm.security.service.port appended with serviceId and nodeId
2024-08-03 20:04:37,892 [main] INFO  ha.SCMNodeInfo (SCMNodeInfo.java:getPort(197)) - ConfigKey ozone.scm.datanode.address is deprecated, For configuring different ports for each SCM use PortConfigKey ozone.scm.datanode.port appended with serviceId and nodeId
2024-08-03 20:04:37,892 [main] INFO  proxy.SCMBlockLocationFailoverProxyProvider (SCMBlockLocationFailoverProxyProvider.java:<init>(115)) - Created block location fail-over proxy with 1 nodes: [nodeId=scmNode-1,nodeAddress=/127.0.0.1:15007]
2024-08-03 20:04:37,899 [main] INFO  ha.SCMNodeInfo (SCMNodeInfo.java:getPort(197)) - ConfigKey ozone.scm.client.address is deprecated, For configuring different ports for each SCM use PortConfigKey ozone.scm.client.port appended with serviceId and nodeId
2024-08-03 20:04:37,900 [main] INFO  ha.SCMNodeInfo (SCMNodeInfo.java:getPort(197)) - ConfigKey ozone.scm.block.client.address is deprecated, For configuring different ports for each SCM use PortConfigKey ozone.scm.block.client.port appended with serviceId and nodeId
2024-08-03 20:04:37,900 [main] INFO  ha.SCMNodeInfo (SCMNodeInfo.java:getPort(197)) - ConfigKey ozone.scm.security.service.address is deprecated, For configuring different ports for each SCM use PortConfigKey ozone.scm.security.service.port appended with serviceId and nodeId
2024-08-03 20:04:37,900 [main] INFO  ha.SCMNodeInfo (SCMNodeInfo.java:getPort(197)) - ConfigKey ozone.scm.datanode.address is deprecated, For configuring different ports for each SCM use PortConfigKey ozone.scm.datanode.port appended with serviceId and nodeId
2024-08-03 20:04:37,900 [main] INFO  proxy.SCMBlockLocationFailoverProxyProvider (SCMBlockLocationFailoverProxyProvider.java:<init>(115)) - Created block location fail-over proxy with 1 nodes: [nodeId=scmNode-1,nodeAddress=/127.0.0.1:15007]
2024-08-03 20:04:37,918 [main] INFO  om.OzoneManager (OzoneManager.java:<init>(678)) - OM start with adminUsers: [runner]
2024-08-03 20:04:37,933 [main] WARN  server.ServerUtils (ServerUtils.java:getDBPath(299)) - ozone.om.db.dirs is not configured. We recommend adding this setting. Falling back to ozone.metadata.dirs instead.
2024-08-03 20:04:37,956 [main] INFO  helpers.OmKeyInfo (OmKeyInfo.java:getCodec(72)) - OmKeyInfo.getCodec ignorePipeline = true
2024-08-03 20:04:38,193 [main] INFO  om.OzoneManager (OzoneManager.java:instantiateServices(812)) - S3 Multi-Tenancy is disabled
2024-08-03 20:04:38,229 [main] INFO  om.OmSnapshotManager (OmSnapshotManager.java:<init>(180)) - Ozone filesystem snapshot feature is enabled.
2024-08-03 20:04:38,236 [main] WARN  server.ServerUtils (ServerUtils.java:getDBPath(299)) - ozone.om.snapshot.diff.db.dir is not configured. We recommend adding this setting. Falling back to ozone.metadata.dirs instead.
2024-08-03 20:04:38,299 [main] INFO  utils.NativeLibraryLoader (NativeLibraryLoader.java:loadLibrary(111)) - Loading Library: ozone_rocksdb_tools
2024-08-03 20:04:38,300 [main] ERROR snapshot.SnapshotDiffManager (SnapshotDiffManager.java:initNativeLibraryForEfficientDiff(287)) - Native Library for raw sst file reading loading failed.
org.apache.hadoop.hdds.utils.NativeLibraryNotLoadedException: Unable to load library ozone_rocksdb_tools from both java.library.path & resource file libozone_rocksdb_tools.so from jar.
	at org.apache.hadoop.hdds.utils.db.managed.ManagedRawSSTFileReader.loadLibrary(ManagedRawSSTFileReader.java:40)
	at org.apache.hadoop.ozone.om.snapshot.SnapshotDiffManager.initNativeLibraryForEfficientDiff(SnapshotDiffManager.java:285)
	at org.apache.hadoop.ozone.om.snapshot.SnapshotDiffManager.<init>(SnapshotDiffManager.java:259)
	at org.apache.hadoop.ozone.om.OmSnapshotManager.<init>(OmSnapshotManager.java:287)
	at org.apache.hadoop.ozone.om.OzoneManager.instantiateServices(OzoneManager.java:864)
	at org.apache.hadoop.ozone.om.OzoneManager.<init>(OzoneManager.java:688)
	at org.apache.hadoop.ozone.om.OzoneManager.createOm(OzoneManager.java:775)
	at org.apache.hadoop.ozone.MiniOzoneHAClusterImpl$Builder.createOMService(MiniOzoneHAClusterImpl.java:510)
	at org.apache.hadoop.ozone.MiniOzoneHAClusterImpl$Builder.build(MiniOzoneHAClusterImpl.java:425)
	at org.apache.hadoop.ozone.om.TestAddRemoveOzoneManager.setupCluster(TestAddRemoveOzoneManager.java:100)
	at org.apache.hadoop.ozone.om.TestAddRemoveOzoneManager.testForceBootstrap(TestAddRemoveOzoneManager.java:293)
	at java.base/jdk.internal.reflect.NativeMethodAccessorImpl.invoke0(Native Method)
	at java.base/jdk.internal.reflect.NativeMethodAccessorImpl.invoke(NativeMethodAccessorImpl.java:77)
	at java.base/jdk.internal.reflect.DelegatingMethodAccessorImpl.invoke(DelegatingMethodAccessorImpl.java:43)
	at java.base/java.lang.reflect.Method.invoke(Method.java:569)
	at org.junit.platform.commons.util.ReflectionUtils.invokeMethod(ReflectionUtils.java:728)
	at org.junit.jupiter.engine.execution.MethodInvocation.proceed(MethodInvocation.java:60)
	at org.junit.jupiter.engine.execution.InvocationInterceptorChain$ValidatingInvocation.proceed(InvocationInterceptorChain.java:131)
	at org.junit.jupiter.engine.extension.SameThreadTimeoutInvocation.proceed(SameThreadTimeoutInvocation.java:45)
	at org.junit.jupiter.engine.extension.TimeoutExtension.intercept(TimeoutExtension.java:156)
	at org.junit.jupiter.engine.extension.TimeoutExtension.interceptTestableMethod(TimeoutExtension.java:147)
	at org.junit.jupiter.engine.extension.TimeoutExtension.interceptTestMethod(TimeoutExtension.java:86)
	at org.junit.jupiter.engine.execution.InterceptingExecutableInvoker$ReflectiveInterceptorCall.lambda$ofVoidMethod$0(InterceptingExecutableInvoker.java:103)
	at org.junit.jupiter.engine.execution.InterceptingExecutableInvoker.lambda$invoke$0(InterceptingExecutableInvoker.java:93)
	at org.junit.jupiter.engine.execution.InvocationInterceptorChain$InterceptedInvocation.proceed(InvocationInterceptorChain.java:106)
	at org.junit.jupiter.engine.execution.InvocationInterceptorChain.proceed(InvocationInterceptorChain.java:64)
	at org.junit.jupiter.engine.execution.InvocationInterceptorChain.chainAndInvoke(InvocationInterceptorChain.java:45)
	at org.junit.jupiter.engine.execution.InvocationInterceptorChain.invoke(InvocationInterceptorChain.java:37)
	at org.junit.jupiter.engine.execution.InterceptingExecutableInvoker.invoke(InterceptingExecutableInvoker.java:92)
	at org.junit.jupiter.engine.execution.InterceptingExecutableInvoker.invoke(InterceptingExecutableInvoker.java:86)
	at org.junit.jupiter.engine.descriptor.TestMethodTestDescriptor.lambda$invokeTestMethod$7(TestMethodTestDescriptor.java:218)
	at org.junit.platform.engine.support.hierarchical.ThrowableCollector.execute(ThrowableCollector.java:73)
	at org.junit.jupiter.engine.descriptor.TestMethodTestDescriptor.invokeTestMethod(TestMethodTestDescriptor.java:214)
	at org.junit.jupiter.engine.descriptor.TestMethodTestDescriptor.execute(TestMethodTestDescriptor.java:139)
	at org.junit.jupiter.engine.descriptor.TestMethodTestDescriptor.execute(TestMethodTestDescriptor.java:69)
	at org.junit.platform.engine.support.hierarchical.NodeTestTask.lambda$executeRecursively$6(NodeTestTask.java:151)
	at org.junit.platform.engine.support.hierarchical.ThrowableCollector.execute(ThrowableCollector.java:73)
	at org.junit.platform.engine.support.hierarchical.NodeTestTask.lambda$executeRecursively$8(NodeTestTask.java:141)
	at org.junit.platform.engine.support.hierarchical.Node.around(Node.java:137)
	at org.junit.platform.engine.support.hierarchical.NodeTestTask.lambda$executeRecursively$9(NodeTestTask.java:139)
	at org.junit.platform.engine.support.hierarchical.ThrowableCollector.execute(ThrowableCollector.java:73)
	at org.junit.platform.engine.support.hierarchical.NodeTestTask.executeRecursively(NodeTestTask.java:138)
	at org.junit.platform.engine.support.hierarchical.NodeTestTask.execute(NodeTestTask.java:95)
	at java.base/java.util.ArrayList.forEach(ArrayList.java:1511)
	at org.junit.platform.engine.support.hierarchical.SameThreadHierarchicalTestExecutorService.invokeAll(SameThreadHierarchicalTestExecutorService.java:41)
	at org.junit.platform.engine.support.hierarchical.NodeTestTask.lambda$executeRecursively$6(NodeTestTask.java:155)
	at org.junit.platform.engine.support.hierarchical.ThrowableCollector.execute(ThrowableCollector.java:73)
	at org.junit.platform.engine.support.hierarchical.NodeTestTask.lambda$executeRecursively$8(NodeTestTask.java:141)
	at org.junit.platform.engine.support.hierarchical.Node.around(Node.java:137)
	at org.junit.platform.engine.support.hierarchical.NodeTestTask.lambda$executeRecursively$9(NodeTestTask.java:139)
	at org.junit.platform.engine.support.hierarchical.ThrowableCollector.execute(ThrowableCollector.java:73)
	at org.junit.platform.engine.support.hierarchical.NodeTestTask.executeRecursively(NodeTestTask.java:138)
	at org.junit.platform.engine.support.hierarchical.NodeTestTask.execute(NodeTestTask.java:95)
	at java.base/java.util.ArrayList.forEach(ArrayList.java:1511)
	at org.junit.platform.engine.support.hierarchical.SameThreadHierarchicalTestExecutorService.invokeAll(SameThreadHierarchicalTestExecutorService.java:41)
	at org.junit.platform.engine.support.hierarchical.NodeTestTask.lambda$executeRecursively$6(NodeTestTask.java:155)
	at org.junit.platform.engine.support.hierarchical.ThrowableCollector.execute(ThrowableCollector.java:73)
	at org.junit.platform.engine.support.hierarchical.NodeTestTask.lambda$executeRecursively$8(NodeTestTask.java:141)
	at org.junit.platform.engine.support.hierarchical.Node.around(Node.java:137)
	at org.junit.platform.engine.support.hierarchical.NodeTestTask.lambda$executeRecursively$9(NodeTestTask.java:139)
	at org.junit.platform.engine.support.hierarchical.ThrowableCollector.execute(ThrowableCollector.java:73)
	at org.junit.platform.engine.support.hierarchical.NodeTestTask.executeRecursively(NodeTestTask.java:138)
	at org.junit.platform.engine.support.hierarchical.NodeTestTask.execute(NodeTestTask.java:95)
	at org.junit.platform.engine.support.hierarchical.SameThreadHierarchicalTestExecutorService.submit(SameThreadHierarchicalTestExecutorService.java:35)
	at org.junit.platform.engine.support.hierarchical.HierarchicalTestExecutor.execute(HierarchicalTestExecutor.java:57)
	at org.junit.platform.engine.support.hierarchical.HierarchicalTestEngine.execute(HierarchicalTestEngine.java:54)
	at org.junit.platform.launcher.core.EngineExecutionOrchestrator.execute(EngineExecutionOrchestrator.java:198)
	at org.junit.platform.launcher.core.EngineExecutionOrchestrator.execute(EngineExecutionOrchestrator.java:169)
	at org.junit.platform.launcher.core.EngineExecutionOrchestrator.execute(EngineExecutionOrchestrator.java:93)
	at org.junit.platform.launcher.core.EngineExecutionOrchestrator.lambda$execute$0(EngineExecutionOrchestrator.java:58)
	at org.junit.platform.launcher.core.EngineExecutionOrchestrator.withInterceptedStreams(EngineExecutionOrchestrator.java:141)
	at org.junit.platform.launcher.core.EngineExecutionOrchestrator.execute(EngineExecutionOrchestrator.java:57)
	at org.junit.platform.launcher.core.DefaultLauncher.execute(DefaultLauncher.java:103)
	at org.junit.platform.launcher.core.DefaultLauncher.execute(DefaultLauncher.java:85)
	at org.junit.platform.launcher.core.DelegatingLauncher.execute(DelegatingLauncher.java:47)
	at org.junit.platform.launcher.core.SessionPerRequestLauncher.execute(SessionPerRequestLauncher.java:63)
	at org.apache.maven.surefire.junitplatform.JUnitPlatformProvider.invokeAllTests(JUnitPlatformProvider.java:154)
	at org.apache.maven.surefire.junitplatform.JUnitPlatformProvider.invoke(JUnitPlatformProvider.java:123)
	at org.apache.maven.surefire.booter.ForkedBooter.runSuitesInProcess(ForkedBooter.java:377)
	at org.apache.maven.surefire.booter.ForkedBooter.execute(ForkedBooter.java:138)
	at org.apache.maven.surefire.booter.ForkedBooter.run(ForkedBooter.java:465)
	at org.apache.maven.surefire.booter.ForkedBooter.main(ForkedBooter.java:451)
2024-08-03 20:04:38,352 [main] INFO  om.OzoneManager (OzoneManager.java:addS3GVolumeToDB(4463)) - Created Volume s3v With Owner runner required for S3Gateway operations.
2024-08-03 20:04:38,407 [main] WARN  server.ServerUtils (ServerUtils.java:getDefaultRatisDirectory(311)) - Storage directory for Ratis is not configured. It is a good idea to map this to an SSD disk. Falling back to ozone.metadata.dirs
2024-08-03 20:04:38,408 [main] WARN  utils.OzoneManagerRatisUtils (OzoneManagerRatisUtils.java:getOMRatisSnapshotDirectory(475)) - ozone.om.ratis.snapshot.dir is not configured. Falling back to ozone.metadata.dirs config
2024-08-03 20:04:38,411 [main] INFO  utils.RDBSnapshotProvider (RDBSnapshotProvider.java:init(87)) - Cleaning up the candidate dir: /home/runner/work/ozone/ozone/hadoop-ozone/integration-test/target/test-dir/MiniOzoneClusterImpl-4c2a292f-c896-477d-a18b-b69de7e7ed64/omNode-1/snapshot/om.db.candidate
2024-08-03 20:04:38,411 [main] INFO  ratis_snapshot.OmRatisSnapshotProvider (OmRatisSnapshotProvider.java:<init>(99)) - Initializing OM Snapshot Provider
2024-08-03 20:04:38,521 [main] WARN  dropwizard3.Dm3MetricRegistriesImpl (Dm3MetricRegistriesImpl.java:addReporterRegistration(114)) - New reporters are added after registries were created. Some metrics will be missing from the reporter. Please add reporter before adding any new registry.
2024-08-03 20:04:38,522 [main] WARN  dropwizard3.Dm3MetricRegistriesImpl (Dm3MetricRegistriesImpl.java:addReporterRegistration(114)) - New reporters are added after registries were created. Some metrics will be missing from the reporter. Please add reporter before adding any new registry.
2024-08-03 20:04:38,522 [main] WARN  server.ServerUtils (ServerUtils.java:getDefaultRatisDirectory(311)) - Storage directory for Ratis is not configured. It is a good idea to map this to an SSD disk. Falling back to ozone.metadata.dirs
2024-08-03 20:04:38,525 [main] INFO  ratis.OzoneManagerRatisServer (OzoneManagerRatisServer.java:<init>(168)) - Instantiating OM Ratis server with groupID: om-add-remove and peers: localhost:15015, localhost:15023, localhost:15019
2024-08-03 20:04:38,530 [main] INFO  ratis.OzoneManagerStateMachine (OzoneManagerStateMachine.java:loadSnapshotInfoFromDB(593)) - TransactionInfo not found in OM DB.
2024-08-03 20:04:38,565 [main] INFO  server.RaftServer (ConfUtils.java:logGet(46)) - raft.rpc.type = GRPC (default)
2024-08-03 20:04:38,565 [main] INFO  grpc.GrpcConfigKeys (ConfUtils.java:logFallback(53)) - raft.grpc.admin.host = null (fallback to raft.grpc.server.host)
2024-08-03 20:04:38,566 [main] INFO  grpc.GrpcConfigKeys (ConfUtils.java:logFallback(53)) - raft.grpc.admin.port = 15015 (fallback to raft.grpc.server.port)
2024-08-03 20:04:38,566 [main] INFO  grpc.GrpcConfigKeys (ConfUtils.java:logFallback(53)) - raft.grpc.client.host = null (fallback to raft.grpc.server.host)
2024-08-03 20:04:38,566 [main] INFO  grpc.GrpcConfigKeys (ConfUtils.java:logFallback(53)) - raft.grpc.client.port = 15015 (fallback to raft.grpc.server.port)
2024-08-03 20:04:38,566 [main] INFO  grpc.GrpcConfigKeys (ConfUtils.java:logGet(46)) - raft.grpc.server.host = null (default)
2024-08-03 20:04:38,566 [main] INFO  grpc.GrpcConfigKeys (ConfUtils.java:logGet(46)) - raft.grpc.server.port = 15015 (custom)
2024-08-03 20:04:38,566 [main] INFO  server.GrpcService (ConfUtils.java:logGet(46)) - raft.grpc.message.size.max = 4194304 (custom)
2024-08-03 20:04:38,567 [main] INFO  server.RaftServerConfigKeys (ConfUtils.java:logGet(46)) - raft.server.log.appender.buffer.byte-limit = 4194304 (custom)
2024-08-03 20:04:38,567 [main] INFO  server.GrpcService (ConfUtils.java:logGet(46)) - raft.grpc.flow.control.window = 1MB (=1048576) (default)
2024-08-03 20:04:38,567 [main] INFO  server.RaftServerConfigKeys (ConfUtils.java:logGet(46)) - raft.server.rpc.request.timeout = 3000ms (default)
2024-08-03 20:04:38,567 [main] INFO  grpc.GrpcConfigKeys (ConfUtils.java:logGet(46)) - raft.grpc.server.heartbeat.channel = true (default)
2024-08-03 20:04:38,568 [main] INFO  grpc.GrpcConfigKeys (ConfUtils.java:logGet(46)) - raft.grpc.server.async.request.thread.pool.cached = true (default)
2024-08-03 20:04:38,568 [main] INFO  grpc.GrpcConfigKeys (ConfUtils.java:logGet(46)) - raft.grpc.server.async.request.thread.pool.size = 32 (default)
2024-08-03 20:04:38,569 [main] INFO  impl.DataStreamServerImpl (ConfUtils.java:logGet(46)) - raft.datastream.type = DISABLED (default)
2024-08-03 20:04:38,569 [main] INFO  server.RaftServerConfigKeys (ConfUtils.java:logGet(46)) - raft.server.sleep.deviation.threshold = 300ms (default)
2024-08-03 20:04:38,569 [main] INFO  server.RaftServerConfigKeys (ConfUtils.java:logGet(46)) - raft.server.close.threshold = 60s (default)
2024-08-03 20:04:38,570 [main] INFO  server.RaftServerConfigKeys (ConfUtils.java:logGet(46)) - raft.server.leaderelection.leader.step-down.wait-time = 10s (default)
2024-08-03 20:04:38,570 [main] INFO  server.RaftServerConfigKeys (ConfUtils.java:logGet(46)) - raft.server.storage.dir = [/home/runner/work/ozone/ozone/hadoop-ozone/integration-test/target/test-dir/MiniOzoneClusterImpl-4c2a292f-c896-477d-a18b-b69de7e7ed64/omNode-1/ratis] (custom)
2024-08-03 20:04:38,570 [main] INFO  server.RaftServerConfigKeys (ConfUtils.java:logGet(46)) - raft.server.threadpool.proxy.cached = true (default)
2024-08-03 20:04:38,571 [main] INFO  server.RaftServerConfigKeys (ConfUtils.java:logGet(46)) - raft.server.threadpool.proxy.size = 0 (default)
2024-08-03 20:04:38,571 [main] INFO  server.RaftServer (RaftServerProxy.java:addNew(101)) - omNode-1: addNew group-0AAC5367B30E:[omNode-3|localhost:15023, omNode-1|localhost:15015, omNode-2|localhost:15019] returns group-0AAC5367B30E:java.util.concurrent.CompletableFuture@1fae279e[Not completed]
2024-08-03 20:04:38,572 [main] INFO  om.OzoneManager (OzoneManager.java:initializeRatisServer(2168)) - OzoneManager Ratis server initialized at port 15015
2024-08-03 20:04:38,572 [omNode-1-groupManagement] INFO  server.RaftServer$Division (RaftServerImpl.java:<init>(253)) - omNode-1: new RaftServerImpl for group-0AAC5367B30E:[omNode-3|localhost:15023, omNode-1|localhost:15015, omNode-2|localhost:15019] with OzoneManagerStateMachine:uninitialized
2024-08-03 20:04:38,573 [omNode-1-groupManagement] INFO  server.RaftServerConfigKeys (ConfUtils.java:logGet(46)) - raft.server.rpc.timeout.min = 1s (custom)
2024-08-03 20:04:38,574 [omNode-1-groupManagement] INFO  server.RaftServerConfigKeys (ConfUtils.java:logGet(46)) - raft.server.rpc.timeout.max = 1200ms (custom)
2024-08-03 20:04:38,574 [omNode-1-groupManagement] INFO  server.RaftServerConfigKeys (ConfUtils.java:logGet(46)) - raft.server.rpc.sleep.time = 25ms (default)
2024-08-03 20:04:38,574 [main] INFO  om.OzoneManager (OzoneManager.java:getRpcServer(1228)) - Creating RPC Server
2024-08-03 20:04:38,575 [omNode-1-groupManagement] INFO  server.RaftServerConfigKeys (ConfUtils.java:logGet(46)) - raft.server.rpc.slowness.timeout = 2s (custom)
2024-08-03 20:04:38,575 [omNode-1-groupManagement] INFO  server.RaftServerConfigKeys (ConfUtils.java:logGet(46)) - raft.server.leaderelection.leader.step-down.wait-time = 10s (default)
2024-08-03 20:04:38,576 [omNode-1-groupManagement] INFO  server.RaftServerConfigKeys (ConfUtils.java:logGet(46)) - raft.server.leaderelection.member.majority-add = false (default)
2024-08-03 20:04:38,576 [omNode-1-groupManagement] INFO  server.RaftServerConfigKeys (ConfUtils.java:logGet(46)) - raft.server.sleep.deviation.threshold = 300ms (default)
2024-08-03 20:04:38,577 [omNode-1-groupManagement] INFO  server.RaftServer$Division (ServerState.java:<init>(114)) - omNode-1@group-0AAC5367B30E: ConfigurationManager, init=conf: {index: -1, cur=peers:[omNode-3|localhost:15023, omNode-1|localhost:15015, omNode-2|localhost:15019]|listeners:[], old=null}, confs=<EMPTY_MAP>
2024-08-03 20:04:38,578 [omNode-1-groupManagement] INFO  server.RaftServerConfigKeys (ConfUtils.java:logGet(46)) - raft.server.notification.no-leader.timeout = 2s (custom)
2024-08-03 20:04:38,578 [omNode-1-groupManagement] INFO  server.RaftServerConfigKeys (ConfUtils.java:logGet(46)) - raft.server.read.timeout = 10s (default)
2024-08-03 20:04:38,579 [omNode-1-groupManagement] INFO  server.RaftServerConfigKeys (ConfUtils.java:logGet(46)) - raft.server.retrycache.expirytime = 300s (custom)
2024-08-03 20:04:38,579 [omNode-1-groupManagement] INFO  server.RaftServerConfigKeys (ConfUtils.java:logGet(46)) - raft.server.retrycache.statistics.expirytime = 100ms (default)
2024-08-03 20:04:38,580 [omNode-1-groupManagement] INFO  server.RaftServerConfigKeys (ConfUtils.java:logGet(46)) - raft.server.read.option = DEFAULT (default)
2024-08-03 20:04:38,580 [omNode-1-groupManagement] INFO  server.RaftServerConfigKeys (ConfUtils.java:logGet(46)) - raft.server.read.read-after-write-consistent.write-index-cache.expiry-time = 60s (default)
2024-08-03 20:04:38,596 [omNode-1-groupManagement] INFO  server.RaftServerConfigKeys (ConfUtils.java:logGet(46)) - raft.server.rpc.request.timeout = 3000ms (default)
2024-08-03 20:04:38,596 [omNode-1-groupManagement] INFO  server.RaftServerConfigKeys (ConfUtils.java:logGet(46)) - raft.server.log.appender.install.snapshot.enabled = false (custom)
2024-08-03 20:04:38,597 [omNode-1-groupManagement] INFO  server.RaftServerConfigKeys (ConfUtils.java:logGet(46)) - raft.server.threadpool.server.cached = true (default)
2024-08-03 20:04:38,598 [omNode-1-groupManagement] INFO  server.RaftServerConfigKeys (ConfUtils.java:logGet(46)) - raft.server.threadpool.server.size = 0 (default)
2024-08-03 20:04:38,598 [omNode-1-groupManagement] INFO  server.RaftServerConfigKeys (ConfUtils.java:logGet(46)) - raft.server.threadpool.client.cached = true (default)
2024-08-03 20:04:38,598 [omNode-1-groupManagement] INFO  server.RaftServerConfigKeys (ConfUtils.java:logGet(46)) - raft.server.threadpool.client.size = 0 (default)
2024-08-03 20:04:39,428 [main] INFO  reflections.Reflections (Reflections.java:scan(219)) - Reflections took 809 ms to scan 20 urls, producing 59 keys and 6664 values
2024-08-03 20:04:39,589 [main] INFO  ipc.CallQueueManager (CallQueueManager.java:<init>(90)) - Using callQueue: class java.util.concurrent.LinkedBlockingQueue, queueCapacity: 2000, scheduler: class org.apache.hadoop.ipc.DefaultRpcScheduler, ipcBackoff: false.
2024-08-03 20:04:39,589 [main] INFO  ipc.Server (Server.java:<init>(1287)) - Listener at 127.0.0.1:15012
2024-08-03 20:04:39,593 [Socket Reader #1 for port 15012] INFO  ipc.Server (Server.java:run(1323)) - Starting Socket Reader #1 for port 15012
2024-08-03 20:04:39,624 [main] INFO  impl.MetricsSystemImpl (MetricsSystemImpl.java:init(158)) - OzoneManager metrics system started (again)
2024-08-03 20:04:39,637 [main] INFO  om.OzoneManager (OzoneManager.java:start(1650)) - OzoneManager RPC server is listening at localhost/127.0.0.1:15012
2024-08-03 20:04:39,637 [main] INFO  ratis.OzoneManagerRatisServer (OzoneManagerRatisServer.java:start(594)) - Starting OzoneManagerRatisServer omNode-1 at port 15015
2024-08-03 20:04:39,638 [omNode-1-impl-thread1] INFO  server.RaftServerConfigKeys (ConfUtils.java:logGet(46)) - raft.server.storage.free-space.min = 0MB (=0) (default)
2024-08-03 20:04:39,638 [omNode-1-impl-thread1] INFO  server.RaftServerConfigKeys (ConfUtils.java:logGet(46)) - raft.server.log.corruption.policy = EXCEPTION (default)
2024-08-03 20:04:39,639 [omNode-1-impl-thread1] INFO  server.RaftServerConfigKeys (ConfUtils.java:logGet(46)) - raft.server.storage.dir = [/home/runner/work/ozone/ozone/hadoop-ozone/integration-test/target/test-dir/MiniOzoneClusterImpl-4c2a292f-c896-477d-a18b-b69de7e7ed64/omNode-1/ratis] (custom)
2024-08-03 20:04:39,639 [omNode-1-impl-thread1] INFO  storage.RaftStorageDirectory (RaftStorageDirectoryImpl.java:analyzeStorage(138)) - The storage directory /home/runner/work/ozone/ozone/hadoop-ozone/integration-test/target/test-dir/MiniOzoneClusterImpl-4c2a292f-c896-477d-a18b-b69de7e7ed64/omNode-1/ratis/0718e334-ffa1-36bc-8e9a-0aac5367b30e does not exist. Creating ...
2024-08-03 20:04:39,644 [omNode-1-impl-thread1] INFO  storage.RaftStorageDirectory (RaftStorageDirectoryImpl.java:tryLock(229)) - Lock on /home/runner/work/ozone/ozone/hadoop-ozone/integration-test/target/test-dir/MiniOzoneClusterImpl-4c2a292f-c896-477d-a18b-b69de7e7ed64/omNode-1/ratis/0718e334-ffa1-36bc-8e9a-0aac5367b30e/in_use.lock acquired by nodename 59896@fv-az976-615
2024-08-03 20:04:39,645 [omNode-1-impl-thread1] INFO  storage.RaftStorage (RaftStorageImpl.java:format(98)) - Storage directory /home/runner/work/ozone/ozone/hadoop-ozone/integration-test/target/test-dir/MiniOzoneClusterImpl-4c2a292f-c896-477d-a18b-b69de7e7ed64/omNode-1/ratis/0718e334-ffa1-36bc-8e9a-0aac5367b30e has been successfully formatted.
2024-08-03 20:04:39,646 [omNode-1-impl-thread1] INFO  server.RaftServerConfigKeys (ConfUtils.java:logGet(46)) - raft.server.log.use.memory = false (default)
2024-08-03 20:04:39,646 [omNode-1-impl-thread1] INFO  server.RaftServerConfigKeys (ConfUtils.java:logGet(46)) - raft.server.log.purge.gap = 1000000 (custom)
2024-08-03 20:04:39,647 [omNode-1-impl-thread1] INFO  server.RaftServerConfigKeys (ConfUtils.java:logGet(46)) - raft.server.log.appender.buffer.byte-limit = 4194304 (custom)
2024-08-03 20:04:39,647 [omNode-1-impl-thread1] INFO  server.RaftServerConfigKeys (ConfUtils.java:logGet(46)) - raft.server.log.statemachine.data.read.timeout = 1000ms (default)
2024-08-03 20:04:39,647 [omNode-1-impl-thread1] INFO  server.RaftServerConfigKeys (ConfUtils.java:logGet(46)) - raft.server.log.purge.preservation.log.num = 0 (default)
2024-08-03 20:04:39,649 [omNode-1-impl-thread1] INFO  server.RaftServerConfigKeys (ConfUtils.java:logGet(46)) - raft.server.log.segment.size.max = 4194304 (custom)
2024-08-03 20:04:39,650 [omNode-1-impl-thread1] INFO  server.RaftServerConfigKeys (ConfUtils.java:logGet(46)) - raft.server.log.segment.cache.num.max = 2 (custom)
2024-08-03 20:04:39,650 [omNode-1-impl-thread1] INFO  server.RaftServerConfigKeys (ConfUtils.java:logGet(46)) - raft.server.log.segment.cache.size.max = 200MB (=209715200) (default)
2024-08-03 20:04:39,650 [omNode-1-impl-thread1] INFO  server.RaftServerConfigKeys (ConfUtils.java:logGet(46)) - raft.server.log.appender.buffer.byte-limit = 4194304 (custom)
2024-08-03 20:04:39,650 [omNode-1-impl-thread1] INFO  util.AwaitToRun (AwaitToRun.java:start(81)) - Thread[omNode-1@group-0AAC5367B30E-cacheEviction-AwaitToRun,5,main] started
2024-08-03 20:04:39,650 [omNode-1-impl-thread1] INFO  segmented.SegmentedRaftLogWorker (SegmentedRaftLogWorker.java:<init>(184)) - new omNode-1@group-0AAC5367B30E-SegmentedRaftLogWorker for RaftStorageImpl:Storage Directory /home/runner/work/ozone/ozone/hadoop-ozone/integration-test/target/test-dir/MiniOzoneClusterImpl-4c2a292f-c896-477d-a18b-b69de7e7ed64/omNode-1/ratis/0718e334-ffa1-36bc-8e9a-0aac5367b30e
2024-08-03 20:04:39,650 [omNode-1-impl-thread1] INFO  server.RaftServerConfigKeys (ConfUtils.java:logGet(46)) - raft.server.log.queue.byte-limit = 64MB (=67108864) (default)
2024-08-03 20:04:39,650 [omNode-1-impl-thread1] INFO  server.RaftServerConfigKeys (ConfUtils.java:logGet(46)) - raft.server.log.queue.element-limit = 4096 (default)
2024-08-03 20:04:39,650 [omNode-1-impl-thread1] INFO  server.RaftServerConfigKeys (ConfUtils.java:logGet(46)) - raft.server.log.segment.size.max = 4194304 (custom)
2024-08-03 20:04:39,650 [omNode-1-impl-thread1] INFO  server.RaftServerConfigKeys (ConfUtils.java:logGet(46)) - raft.server.log.preallocated.size = 4194304 (custom)
2024-08-03 20:04:39,651 [omNode-1-impl-thread1] INFO  server.RaftServerConfigKeys (ConfUtils.java:logGet(46)) - raft.server.log.force.sync.num = 128 (default)
2024-08-03 20:04:39,651 [omNode-1-impl-thread1] INFO  server.RaftServerConfigKeys (ConfUtils.java:logGet(46)) - raft.server.log.statemachine.data.sync = true (default)
2024-08-03 20:04:39,651 [omNode-1-impl-thread1] INFO  server.RaftServerConfigKeys (ConfUtils.java:logGet(46)) - raft.server.log.statemachine.data.sync.timeout = 10s (default)
2024-08-03 20:04:39,651 [omNode-1-impl-thread1] INFO  server.RaftServerConfigKeys (ConfUtils.java:logGet(46)) - raft.server.log.statemachine.data.sync.timeout.retry = -1 (default)
2024-08-03 20:04:39,651 [omNode-1-impl-thread1] INFO  server.RaftServerConfigKeys (ConfUtils.java:logGet(46)) - raft.server.log.write.buffer.size = 4194312 (custom)
2024-08-03 20:04:39,652 [omNode-1-impl-thread1] INFO  server.RaftServerConfigKeys (ConfUtils.java:logGet(46)) - raft.server.log.appender.buffer.byte-limit = 4194304 (custom)
2024-08-03 20:04:39,652 [omNode-1-impl-thread1] INFO  server.RaftServerConfigKeys (ConfUtils.java:logGet(46)) - raft.server.log.unsafe-flush.enabled = false (default)
2024-08-03 20:04:39,652 [omNode-1-impl-thread1] INFO  server.RaftServerConfigKeys (ConfUtils.java:logGet(46)) - raft.server.log.async-flush.enabled = false (default)
2024-08-03 20:04:39,652 [omNode-1-impl-thread1] INFO  server.RaftServerConfigKeys (ConfUtils.java:logGet(46)) - raft.server.log.statemachine.data.caching.enabled = false (default)
2024-08-03 20:04:39,652 [omNode-1-impl-thread1] INFO  segmented.SegmentedRaftLogWorker (SegmentedRaftLogWorker.java:lambda$new$0(135)) - omNode-1@group-0AAC5367B30E-SegmentedRaftLogWorker: flushIndex: setUnconditionally 0 -> -1
2024-08-03 20:04:39,652 [omNode-1-impl-thread1] INFO  segmented.SegmentedRaftLogWorker (SegmentedRaftLogWorker.java:lambda$new$0(135)) - omNode-1@group-0AAC5367B30E-SegmentedRaftLogWorker: safeCacheEvictIndex: setUnconditionally 0 -> -1
2024-08-03 20:04:39,653 [omNode-1-impl-thread1] INFO  server.RaftServer$Division (RaftServerImpl.java:start(389)) - omNode-1@group-0AAC5367B30E: start as a follower, conf=conf: {index: -1, cur=peers:[omNode-3|localhost:15023, omNode-1|localhost:15015, omNode-2|localhost:15019]|listeners:[], old=null}
2024-08-03 20:04:39,653 [omNode-1-impl-thread1] INFO  server.RaftServer$Division (RaftServerImpl.java:setRole(376)) - omNode-1@group-0AAC5367B30E: changes role from      null to FOLLOWER at term 0 for startAsFollower
2024-08-03 20:04:39,653 [omNode-1-impl-thread1] INFO  impl.RoleInfo (RoleInfo.java:updateAndGet(148)) - omNode-1: start omNode-1@group-0AAC5367B30E-FollowerState
2024-08-03 20:04:39,654 [omNode-1@group-0AAC5367B30E-FollowerState] INFO  server.RaftServerConfigKeys (ConfUtils.java:logFallback(53)) - raft.server.rpc.first-election.timeout.min = 1s (fallback to raft.server.rpc.timeout.min)
2024-08-03 20:04:39,654 [omNode-1-impl-thread1] INFO  util.JmxRegister (JmxRegister.java:tryRegister(44)) - Successfully registered JMX Bean with object name Ratis:service=RaftServer,group=group-0AAC5367B30E,id=omNode-1
2024-08-03 20:04:39,654 [omNode-1-impl-thread1] INFO  util.JmxRegister (JmxRegister.java:register(58)) - register mxBean class org.apache.ratis.server.impl.RaftServerJmxAdapter as Ratis:service=RaftServer,group=group-0AAC5367B30E,id=omNode-1
2024-08-03 20:04:39,654 [omNode-1-impl-thread1] INFO  server.RaftServerConfigKeys (ConfUtils.java:logGet(46)) - raft.server.snapshot.trigger-when-stop.enabled = true (default)
2024-08-03 20:04:39,654 [omNode-1-impl-thread1] INFO  server.RaftServerConfigKeys (ConfUtils.java:logGet(46)) - raft.server.snapshot.trigger-when-remove.enabled = true (default)
2024-08-03 20:04:39,654 [omNode-1-impl-thread1] INFO  server.RaftServerConfigKeys (ConfUtils.java:logGet(46)) - raft.server.snapshot.auto.trigger.enabled = true (custom)
2024-08-03 20:04:39,655 [omNode-1-impl-thread1] INFO  server.RaftServerConfigKeys (ConfUtils.java:logGet(46)) - raft.server.snapshot.auto.trigger.threshold = 400000 (default)
2024-08-03 20:04:39,655 [omNode-1-impl-thread1] INFO  server.RaftServerConfigKeys (ConfUtils.java:logGet(46)) - raft.server.snapshot.retention.file.num = -1 (default)
2024-08-03 20:04:39,655 [omNode-1-impl-thread1] INFO  server.RaftServerConfigKeys (ConfUtils.java:logGet(46)) - raft.server.log.purge.upto.snapshot.index = true (custom)
2024-08-03 20:04:39,656 [main] INFO  server.RaftServer (RaftServerProxy.java:startImpl(408)) - omNode-1: start RPC server
2024-08-03 20:04:39,656 [main] INFO  server.GrpcService (GrpcService.java:startImpl(302)) - omNode-1: GrpcService started, listening on 15015
2024-08-03 20:04:39,657 [JvmPauseMonitor2] INFO  util.JvmPauseMonitor (JvmPauseMonitor.java:run(146)) - JvmPauseMonitor-omNode-1: Started
2024-08-03 20:04:39,657 [main] INFO  om.OzoneManager (OzoneManager.java:start(1666)) - Version File has different layout version (6) than OM DB (null). That is expected if this OM has never been finalized to a newer layout version.
2024-08-03 20:04:39,661 [omNode-1@group-0AAC5367B30E-FollowerState] INFO  server.RaftServerConfigKeys (ConfUtils.java:logFallback(53)) - raft.server.rpc.first-election.timeout.max = 1200ms (fallback to raft.server.rpc.timeout.max)
2024-08-03 20:04:39,679 [main] INFO  client.ScmTopologyClient (ScmTopologyClient.java:start(72)) - Initial network topology fetched from SCM: /.
2024-08-03 20:04:39,680 [main] INFO  net.NodeSchemaLoader (NodeSchemaLoader.java:loadSchemaFromFile(129)) - Loading schema from [jar:file:/home/runner/work/ozone/ozone/hadoop-hdds/common/target/hdds-common-1.5.0-SNAPSHOT.jar!/network-topology-default.xml]
2024-08-03 20:04:39,680 [main] INFO  net.NodeSchemaLoader (NodeSchemaLoader.java:loadSchema(176)) - Loading network topology layer schema file
2024-08-03 20:04:39,697 [main] INFO  http.BaseHttpServer (BaseHttpServer.java:newHttpServer2BuilderForOzone(223)) - Starting Web-server for ozoneManager at: http://0.0.0.0:15013
2024-08-03 20:04:39,698 [main] INFO  http.BaseHttpServer (BaseHttpServer.java:<init>(110)) - Hadoop Security Enabled: false Ozone Security Enabled: false Ozone HTTP Security Enabled: false 
2024-08-03 20:04:39,700 [main] WARN  server.AuthenticationFilter (AuthenticationFilter.java:constructSecretProvider(240)) - Unable to initialize FileSignerSecretProvider, falling back to use random secrets. Reason: Could not read signature secret file: /home/runner/hadoop-http-auth-signature-secret
2024-08-03 20:04:39,702 [main] INFO  http.HttpRequestLog (HttpRequestLog.java:getRequestLog(86)) - Http request log for http.requests.ozoneManager is not defined
2024-08-03 20:04:39,704 [main] INFO  http.HttpServer2 (HttpServer2.java:addGlobalFilter(1035)) - Added global filter 'safety' (class=org.apache.hadoop.hdds.server.http.HttpServer2$QuotingInputFilter)
2024-08-03 20:04:39,705 [main] INFO  http.HttpServer2 (HttpServer2.java:addFilter(1011)) - Added filter static_user_filter (class=org.apache.hadoop.http.lib.StaticUserWebFilter$StaticUserFilter) to context ozoneManager
2024-08-03 20:04:39,705 [main] INFO  http.HttpServer2 (HttpServer2.java:addFilter(1019)) - Added filter static_user_filter (class=org.apache.hadoop.http.lib.StaticUserWebFilter$StaticUserFilter) to context logs
2024-08-03 20:04:39,706 [main] INFO  http.HttpServer2 (HttpServer2.java:addFilter(1019)) - Added filter static_user_filter (class=org.apache.hadoop.http.lib.StaticUserWebFilter$StaticUserFilter) to context static
2024-08-03 20:04:39,708 [main] INFO  http.BaseHttpServer (BaseHttpServer.java:<init>(189)) - HTTP server of ozoneManager uses base directory /home/runner/work/ozone/ozone/hadoop-ozone/integration-test/target/test-dir/MiniOzoneClusterImpl-4c2a292f-c896-477d-a18b-b69de7e7ed64/omNode-1/webserver
2024-08-03 20:04:39,711 [main] INFO  http.HttpServer2 (HttpServer2.java:bindListener(1235)) - Jetty bound to port 15013
2024-08-03 20:04:39,712 [main] INFO  server.Server (Server.java:doStart(375)) - jetty-9.4.55.v20240627; built: 2024-06-27T15:05:37.765Z; git: 70015831e5195ba74da6383c4ab7c90c56bb08af; jvm 17.0.12+7
2024-08-03 20:04:39,717 [main] INFO  server.session (DefaultSessionIdManager.java:doStart(334)) - DefaultSessionIdManager workerName=node0
2024-08-03 20:04:39,717 [main] INFO  server.session (DefaultSessionIdManager.java:doStart(339)) - No SessionScavenger set, using defaults
2024-08-03 20:04:39,717 [main] INFO  server.session (HouseKeeper.java:startScavenging(132)) - node0 Scavenging every 600000ms
2024-08-03 20:04:39,718 [main] INFO  handler.ContextHandler (ContextHandler.java:doStart(921)) - Started o.e.j.s.ServletContextHandler@48455005{logs,/logs,file:///home/runner/work/ozone/ozone/hadoop-ozone/integration-test/target/log,AVAILABLE}
2024-08-03 20:04:39,719 [main] INFO  handler.ContextHandler (ContextHandler.java:doStart(921)) - Started o.e.j.s.ServletContextHandler@6b00eaae{static,/static,file:///home/runner/work/ozone/ozone/hadoop-ozone/integration-test/target/test-classes/webapps/static,AVAILABLE}
2024-08-03 20:04:39,729 [main] INFO  handler.ContextHandler (ContextHandler.java:doStart(921)) - Started o.e.j.w.WebAppContext@b49c85f{ozoneManager,/,file:///home/runner/work/ozone/ozone/hadoop-ozone/integration-test/target/test-classes/webapps/ozoneManager/,AVAILABLE}{file:/home/runner/work/ozone/ozone/hadoop-ozone/integration-test/target/test-classes/webapps/ozoneManager}
2024-08-03 20:04:39,730 [main] INFO  server.AbstractConnector (AbstractConnector.java:doStart(333)) - Started ServerConnector@6c54bc3{HTTP/1.1, (http/1.1)}{0.0.0.0:15013}
2024-08-03 20:04:39,731 [main] INFO  server.Server (Server.java:doStart(415)) - Started @19110ms
2024-08-03 20:04:39,732 [main] WARN  impl.MetricsSystemImpl (MetricsSystemImpl.java:register(279)) - Sink prometheus already exists!
2024-08-03 20:04:39,733 [main] INFO  http.BaseHttpServer (BaseHttpServer.java:updateConnectorAddress(354)) - HTTP server of ozoneManager listening at http://0.0.0.0:15013
2024-08-03 20:04:39,733 [IPC Server Responder] INFO  ipc.Server (Server.java:run(1562)) - IPC Server Responder: starting
2024-08-03 20:04:39,734 [IPC Server listener on 15012] INFO  ipc.Server (Server.java:run(1402)) - IPC Server listener on 15012: starting
2024-08-03 20:04:39,742 [main] INFO  om.OzoneManager (OzoneManager.java:startTrashEmptier(2121)) - Trash Interval set to 0. Files deleted won't move to trash
2024-08-03 20:04:39,744 [main] INFO  ozone.MiniOzoneHAClusterImpl (MiniOzoneHAClusterImpl.java:createOMService(517)) - Started OzoneManager omNode-1 RPC server at localhost/127.0.0.1:15012
2024-08-03 20:04:39,745 [main] INFO  ha.OMHANodeDetails (OMHANodeDetails.java:loadOMHAConfig(121)) - ServiceID for OzoneManager is om-add-remove
2024-08-03 20:04:39,747 [main] INFO  ha.OMHANodeDetails (OMHANodeDetails.java:loadOMHAConfig(201)) - Found matching OM address with OMServiceId: om-add-remove, OMNodeId: omNode-2, RPC Address: localhost:15016 and Ratis port: 15019
2024-08-03 20:04:39,747 [main] INFO  ha.OMHANodeDetails (ConfUtils.java:setNodeSpecificConfigs(97)) - Setting configuration key ozone.om.http-address with value of key ozone.om.http-address.om-add-remove.omNode-2: 127.0.0.1:15017
2024-08-03 20:04:39,748 [main] INFO  ha.OMHANodeDetails (ConfUtils.java:setNodeSpecificConfigs(97)) - Setting configuration key ozone.om.https-address with value of key ozone.om.https-address.om-add-remove.omNode-2: 127.0.0.1:15018
2024-08-03 20:04:39,748 [main] INFO  ha.OMHANodeDetails (ConfUtils.java:setNodeSpecificConfigs(97)) - Setting configuration key ozone.om.address with value of key ozone.om.address.om-add-remove.omNode-2: 127.0.0.1:15016
2024-08-03 20:04:39,748 [main] WARN  server.ServerUtils (ServerUtils.java:getDBPath(299)) - ozone.om.db.dirs is not configured. We recommend adding this setting. Falling back to ozone.metadata.dirs instead.
2024-08-03 20:04:39,749 [main] INFO  ha.SCMNodeInfo (SCMNodeInfo.java:getPort(197)) - ConfigKey ozone.scm.client.address is deprecated, For configuring different ports for each SCM use PortConfigKey ozone.scm.client.port appended with serviceId and nodeId
2024-08-03 20:04:39,750 [main] INFO  ha.SCMNodeInfo (SCMNodeInfo.java:getPort(197)) - ConfigKey ozone.scm.block.client.address is deprecated, For configuring different ports for each SCM use PortConfigKey ozone.scm.block.client.port appended with serviceId and nodeId
2024-08-03 20:04:39,750 [main] INFO  ha.SCMNodeInfo (SCMNodeInfo.java:getPort(197)) - ConfigKey ozone.scm.security.service.address is deprecated, For configuring different ports for each SCM use PortConfigKey ozone.scm.security.service.port appended with serviceId and nodeId
2024-08-03 20:04:39,750 [main] INFO  ha.SCMNodeInfo (SCMNodeInfo.java:getPort(197)) - ConfigKey ozone.scm.datanode.address is deprecated, For configuring different ports for each SCM use PortConfigKey ozone.scm.datanode.port appended with serviceId and nodeId
2024-08-03 20:04:39,750 [main] INFO  proxy.SCMBlockLocationFailoverProxyProvider (SCMBlockLocationFailoverProxyProvider.java:<init>(115)) - Created block location fail-over proxy with 1 nodes: [nodeId=scmNode-1,nodeAddress=/127.0.0.1:15007]
OM initialization succeeded.Current cluster id for sd=/home/runner/work/ozone/ozone/hadoop-ozone/integration-test/target/test-dir/MiniOzoneClusterImpl-4c2a292f-c896-477d-a18b-b69de7e7ed64/omNode-2/om;cid=4c2a292f-c896-477d-a18b-b69de7e7ed64;layoutVersion=6
2024-08-03 20:04:39,757 [main] INFO  ha.OMHANodeDetails (OMHANodeDetails.java:loadOMHAConfig(121)) - ServiceID for OzoneManager is om-add-remove
2024-08-03 20:04:39,758 [main] INFO  ha.OMHANodeDetails (OMHANodeDetails.java:loadOMHAConfig(201)) - Found matching OM address with OMServiceId: om-add-remove, OMNodeId: omNode-2, RPC Address: localhost:15016 and Ratis port: 15019
2024-08-03 20:04:39,758 [main] INFO  ha.OMHANodeDetails (ConfUtils.java:setNodeSpecificConfigs(97)) - Setting configuration key ozone.om.http-address with value of key ozone.om.http-address.om-add-remove.omNode-2: 127.0.0.1:15017
2024-08-03 20:04:39,758 [main] INFO  ha.OMHANodeDetails (ConfUtils.java:setNodeSpecificConfigs(97)) - Setting configuration key ozone.om.https-address with value of key ozone.om.https-address.om-add-remove.omNode-2: 127.0.0.1:15018
2024-08-03 20:04:39,758 [main] INFO  ha.OMHANodeDetails (ConfUtils.java:setNodeSpecificConfigs(97)) - Setting configuration key ozone.om.address with value of key ozone.om.address.om-add-remove.omNode-2: 127.0.0.1:15016
2024-08-03 20:04:39,759 [main] WARN  server.ServerUtils (ServerUtils.java:getDBPath(299)) - ozone.om.db.dirs is not configured. We recommend adding this setting. Falling back to ozone.metadata.dirs instead.
2024-08-03 20:04:39,760 [main] INFO  upgrade.AbstractLayoutVersionManager (AbstractLayoutVersionManager.java:init(83)) - Initializing Layout version manager with metadata layout = QUOTA (version = 6), software layout = QUOTA (version = 6)
2024-08-03 20:04:39,808 [main] INFO  reflections.Reflections (Reflections.java:scan(219)) - Reflections took 47 ms to scan 2 urls, producing 188 keys and 546 values
2024-08-03 20:04:39,809 [main] INFO  upgrade.OMLayoutVersionManager (OMLayoutVersionManager.java:lambda$0(113)) - Skipping Upgrade Action QuotaRepairUpgradeAction since it has been finalized.
2024-08-03 20:04:39,809 [main] INFO  upgrade.OMLayoutVersionManager (OMLayoutVersionManager.java:lambda$0(113)) - Skipping Upgrade Action MockOmUpgradeAction since it has been finalized.
2024-08-03 20:04:39,809 [main] WARN  server.ServerUtils (ServerUtils.java:getDBPath(299)) - ozone.om.db.dirs is not configured. We recommend adding this setting. Falling back to ozone.metadata.dirs instead.
2024-08-03 20:04:39,810 [main] INFO  ha.SCMNodeInfo (SCMNodeInfo.java:getPort(197)) - ConfigKey ozone.scm.client.address is deprecated, For configuring different ports for each SCM use PortConfigKey ozone.scm.client.port appended with serviceId and nodeId
2024-08-03 20:04:39,810 [main] INFO  ha.SCMNodeInfo (SCMNodeInfo.java:getPort(197)) - ConfigKey ozone.scm.block.client.address is deprecated, For configuring different ports for each SCM use PortConfigKey ozone.scm.block.client.port appended with serviceId and nodeId
2024-08-03 20:04:39,810 [main] INFO  ha.SCMNodeInfo (SCMNodeInfo.java:getPort(197)) - ConfigKey ozone.scm.security.service.address is deprecated, For configuring different ports for each SCM use PortConfigKey ozone.scm.security.service.port appended with serviceId and nodeId
2024-08-03 20:04:39,810 [main] INFO  ha.SCMNodeInfo (SCMNodeInfo.java:getPort(197)) - ConfigKey ozone.scm.datanode.address is deprecated, For configuring different ports for each SCM use PortConfigKey ozone.scm.datanode.port appended with serviceId and nodeId
2024-08-03 20:04:39,811 [main] INFO  ha.SCMNodeInfo (SCMNodeInfo.java:getPort(197)) - ConfigKey ozone.scm.client.address is deprecated, For configuring different ports for each SCM use PortConfigKey ozone.scm.client.port appended with serviceId and nodeId
2024-08-03 20:04:39,811 [main] INFO  ha.SCMNodeInfo (SCMNodeInfo.java:getPort(197)) - ConfigKey ozone.scm.block.client.address is deprecated, For configuring different ports for each SCM use PortConfigKey ozone.scm.block.client.port appended with serviceId and nodeId
2024-08-03 20:04:39,811 [main] INFO  ha.SCMNodeInfo (SCMNodeInfo.java:getPort(197)) - ConfigKey ozone.scm.security.service.address is deprecated, For configuring different ports for each SCM use PortConfigKey ozone.scm.security.service.port appended with serviceId and nodeId
2024-08-03 20:04:39,811 [main] INFO  ha.SCMNodeInfo (SCMNodeInfo.java:getPort(197)) - ConfigKey ozone.scm.datanode.address is deprecated, For configuring different ports for each SCM use PortConfigKey ozone.scm.datanode.port appended with serviceId and nodeId
2024-08-03 20:04:39,811 [main] INFO  proxy.SCMBlockLocationFailoverProxyProvider (SCMBlockLocationFailoverProxyProvider.java:<init>(115)) - Created block location fail-over proxy with 1 nodes: [nodeId=scmNode-1,nodeAddress=/127.0.0.1:15007]
2024-08-03 20:04:39,813 [main] INFO  ha.SCMNodeInfo (SCMNodeInfo.java:getPort(197)) - ConfigKey ozone.scm.client.address is deprecated, For configuring different ports for each SCM use PortConfigKey ozone.scm.client.port appended with serviceId and nodeId
2024-08-03 20:04:39,813 [main] INFO  ha.SCMNodeInfo (SCMNodeInfo.java:getPort(197)) - ConfigKey ozone.scm.block.client.address is deprecated, For configuring different ports for each SCM use PortConfigKey ozone.scm.block.client.port appended with serviceId and nodeId
2024-08-03 20:04:39,813 [main] INFO  ha.SCMNodeInfo (SCMNodeInfo.java:getPort(197)) - ConfigKey ozone.scm.security.service.address is deprecated, For configuring different ports for each SCM use PortConfigKey ozone.scm.security.service.port appended with serviceId and nodeId
2024-08-03 20:04:39,813 [main] INFO  ha.SCMNodeInfo (SCMNodeInfo.java:getPort(197)) - ConfigKey ozone.scm.datanode.address is deprecated, For configuring different ports for each SCM use PortConfigKey ozone.scm.datanode.port appended with serviceId and nodeId
2024-08-03 20:04:39,813 [main] INFO  proxy.SCMBlockLocationFailoverProxyProvider (SCMBlockLocationFailoverProxyProvider.java:<init>(115)) - Created block location fail-over proxy with 1 nodes: [nodeId=scmNode-1,nodeAddress=/127.0.0.1:15007]
2024-08-03 20:04:39,819 [main] INFO  om.OzoneManager (OzoneManager.java:<init>(678)) - OM start with adminUsers: [runner]
2024-08-03 20:04:39,821 [main] WARN  server.ServerUtils (ServerUtils.java:getDBPath(299)) - ozone.om.db.dirs is not configured. We recommend adding this setting. Falling back to ozone.metadata.dirs instead.
2024-08-03 20:04:39,823 [main] INFO  helpers.OmKeyInfo (OmKeyInfo.java:getCodec(72)) - OmKeyInfo.getCodec ignorePipeline = true
2024-08-03 20:04:40,020 [main] INFO  om.OzoneManager (OzoneManager.java:instantiateServices(812)) - S3 Multi-Tenancy is disabled
2024-08-03 20:04:40,020 [main] INFO  om.OmSnapshotManager (OmSnapshotManager.java:<init>(180)) - Ozone filesystem snapshot feature is enabled.
2024-08-03 20:04:40,021 [main] WARN  server.ServerUtils (ServerUtils.java:getDBPath(299)) - ozone.om.snapshot.diff.db.dir is not configured. We recommend adding this setting. Falling back to ozone.metadata.dirs instead.
2024-08-03 20:04:40,076 [main] INFO  utils.NativeLibraryLoader (NativeLibraryLoader.java:loadLibrary(111)) - Loading Library: ozone_rocksdb_tools
2024-08-03 20:04:40,076 [main] ERROR snapshot.SnapshotDiffManager (SnapshotDiffManager.java:initNativeLibraryForEfficientDiff(287)) - Native Library for raw sst file reading loading failed.
org.apache.hadoop.hdds.utils.NativeLibraryNotLoadedException: Unable to load library ozone_rocksdb_tools from both java.library.path & resource file libozone_rocksdb_tools.so from jar.
	at org.apache.hadoop.hdds.utils.db.managed.ManagedRawSSTFileReader.loadLibrary(ManagedRawSSTFileReader.java:40)
	at org.apache.hadoop.ozone.om.snapshot.SnapshotDiffManager.initNativeLibraryForEfficientDiff(SnapshotDiffManager.java:285)
	at org.apache.hadoop.ozone.om.snapshot.SnapshotDiffManager.<init>(SnapshotDiffManager.java:259)
	at org.apache.hadoop.ozone.om.OmSnapshotManager.<init>(OmSnapshotManager.java:287)
	at org.apache.hadoop.ozone.om.OzoneManager.instantiateServices(OzoneManager.java:864)
	at org.apache.hadoop.ozone.om.OzoneManager.<init>(OzoneManager.java:688)
	at org.apache.hadoop.ozone.om.OzoneManager.createOm(OzoneManager.java:775)
	at org.apache.hadoop.ozone.MiniOzoneHAClusterImpl$Builder.createOMService(MiniOzoneHAClusterImpl.java:510)
	at org.apache.hadoop.ozone.MiniOzoneHAClusterImpl$Builder.build(MiniOzoneHAClusterImpl.java:425)
	at org.apache.hadoop.ozone.om.TestAddRemoveOzoneManager.setupCluster(TestAddRemoveOzoneManager.java:100)
	at org.apache.hadoop.ozone.om.TestAddRemoveOzoneManager.testForceBootstrap(TestAddRemoveOzoneManager.java:293)
	at java.base/jdk.internal.reflect.NativeMethodAccessorImpl.invoke0(Native Method)
	at java.base/jdk.internal.reflect.NativeMethodAccessorImpl.invoke(NativeMethodAccessorImpl.java:77)
	at java.base/jdk.internal.reflect.DelegatingMethodAccessorImpl.invoke(DelegatingMethodAccessorImpl.java:43)
	at java.base/java.lang.reflect.Method.invoke(Method.java:569)
	at org.junit.platform.commons.util.ReflectionUtils.invokeMethod(ReflectionUtils.java:728)
	at org.junit.jupiter.engine.execution.MethodInvocation.proceed(MethodInvocation.java:60)
	at org.junit.jupiter.engine.execution.InvocationInterceptorChain$ValidatingInvocation.proceed(InvocationInterceptorChain.java:131)
	at org.junit.jupiter.engine.extension.SameThreadTimeoutInvocation.proceed(SameThreadTimeoutInvocation.java:45)
	at org.junit.jupiter.engine.extension.TimeoutExtension.intercept(TimeoutExtension.java:156)
	at org.junit.jupiter.engine.extension.TimeoutExtension.interceptTestableMethod(TimeoutExtension.java:147)
	at org.junit.jupiter.engine.extension.TimeoutExtension.interceptTestMethod(TimeoutExtension.java:86)
	at org.junit.jupiter.engine.execution.InterceptingExecutableInvoker$ReflectiveInterceptorCall.lambda$ofVoidMethod$0(InterceptingExecutableInvoker.java:103)
	at org.junit.jupiter.engine.execution.InterceptingExecutableInvoker.lambda$invoke$0(InterceptingExecutableInvoker.java:93)
	at org.junit.jupiter.engine.execution.InvocationInterceptorChain$InterceptedInvocation.proceed(InvocationInterceptorChain.java:106)
	at org.junit.jupiter.engine.execution.InvocationInterceptorChain.proceed(InvocationInterceptorChain.java:64)
	at org.junit.jupiter.engine.execution.InvocationInterceptorChain.chainAndInvoke(InvocationInterceptorChain.java:45)
	at org.junit.jupiter.engine.execution.InvocationInterceptorChain.invoke(InvocationInterceptorChain.java:37)
	at org.junit.jupiter.engine.execution.InterceptingExecutableInvoker.invoke(InterceptingExecutableInvoker.java:92)
	at org.junit.jupiter.engine.execution.InterceptingExecutableInvoker.invoke(InterceptingExecutableInvoker.java:86)
	at org.junit.jupiter.engine.descriptor.TestMethodTestDescriptor.lambda$invokeTestMethod$7(TestMethodTestDescriptor.java:218)
	at org.junit.platform.engine.support.hierarchical.ThrowableCollector.execute(ThrowableCollector.java:73)
	at org.junit.jupiter.engine.descriptor.TestMethodTestDescriptor.invokeTestMethod(TestMethodTestDescriptor.java:214)
	at org.junit.jupiter.engine.descriptor.TestMethodTestDescriptor.execute(TestMethodTestDescriptor.java:139)
	at org.junit.jupiter.engine.descriptor.TestMethodTestDescriptor.execute(TestMethodTestDescriptor.java:69)
	at org.junit.platform.engine.support.hierarchical.NodeTestTask.lambda$executeRecursively$6(NodeTestTask.java:151)
	at org.junit.platform.engine.support.hierarchical.ThrowableCollector.execute(ThrowableCollector.java:73)
	at org.junit.platform.engine.support.hierarchical.NodeTestTask.lambda$executeRecursively$8(NodeTestTask.java:141)
	at org.junit.platform.engine.support.hierarchical.Node.around(Node.java:137)
	at org.junit.platform.engine.support.hierarchical.NodeTestTask.lambda$executeRecursively$9(NodeTestTask.java:139)
	at org.junit.platform.engine.support.hierarchical.ThrowableCollector.execute(ThrowableCollector.java:73)
	at org.junit.platform.engine.support.hierarchical.NodeTestTask.executeRecursively(NodeTestTask.java:138)
	at org.junit.platform.engine.support.hierarchical.NodeTestTask.execute(NodeTestTask.java:95)
	at java.base/java.util.ArrayList.forEach(ArrayList.java:1511)
	at org.junit.platform.engine.support.hierarchical.SameThreadHierarchicalTestExecutorService.invokeAll(SameThreadHierarchicalTestExecutorService.java:41)
	at org.junit.platform.engine.support.hierarchical.NodeTestTask.lambda$executeRecursively$6(NodeTestTask.java:155)
	at org.junit.platform.engine.support.hierarchical.ThrowableCollector.execute(ThrowableCollector.java:73)
	at org.junit.platform.engine.support.hierarchical.NodeTestTask.lambda$executeRecursively$8(NodeTestTask.java:141)
	at org.junit.platform.engine.support.hierarchical.Node.around(Node.java:137)
	at org.junit.platform.engine.support.hierarchical.NodeTestTask.lambda$executeRecursively$9(NodeTestTask.java:139)
	at org.junit.platform.engine.support.hierarchical.ThrowableCollector.execute(ThrowableCollector.java:73)
	at org.junit.platform.engine.support.hierarchical.NodeTestTask.executeRecursively(NodeTestTask.java:138)
	at org.junit.platform.engine.support.hierarchical.NodeTestTask.execute(NodeTestTask.java:95)
	at java.base/java.util.ArrayList.forEach(ArrayList.java:1511)
	at org.junit.platform.engine.support.hierarchical.SameThreadHierarchicalTestExecutorService.invokeAll(SameThreadHierarchicalTestExecutorService.java:41)
	at org.junit.platform.engine.support.hierarchical.NodeTestTask.lambda$executeRecursively$6(NodeTestTask.java:155)
	at org.junit.platform.engine.support.hierarchical.ThrowableCollector.execute(ThrowableCollector.java:73)
	at org.junit.platform.engine.support.hierarchical.NodeTestTask.lambda$executeRecursively$8(NodeTestTask.java:141)
	at org.junit.platform.engine.support.hierarchical.Node.around(Node.java:137)
	at org.junit.platform.engine.support.hierarchical.NodeTestTask.lambda$executeRecursively$9(NodeTestTask.java:139)
	at org.junit.platform.engine.support.hierarchical.ThrowableCollector.execute(ThrowableCollector.java:73)
	at org.junit.platform.engine.support.hierarchical.NodeTestTask.executeRecursively(NodeTestTask.java:138)
	at org.junit.platform.engine.support.hierarchical.NodeTestTask.execute(NodeTestTask.java:95)
	at org.junit.platform.engine.support.hierarchical.SameThreadHierarchicalTestExecutorService.submit(SameThreadHierarchicalTestExecutorService.java:35)
	at org.junit.platform.engine.support.hierarchical.HierarchicalTestExecutor.execute(HierarchicalTestExecutor.java:57)
	at org.junit.platform.engine.support.hierarchical.HierarchicalTestEngine.execute(HierarchicalTestEngine.java:54)
	at org.junit.platform.launcher.core.EngineExecutionOrchestrator.execute(EngineExecutionOrchestrator.java:198)
	at org.junit.platform.launcher.core.EngineExecutionOrchestrator.execute(EngineExecutionOrchestrator.java:169)
	at org.junit.platform.launcher.core.EngineExecutionOrchestrator.execute(EngineExecutionOrchestrator.java:93)
	at org.junit.platform.launcher.core.EngineExecutionOrchestrator.lambda$execute$0(EngineExecutionOrchestrator.java:58)
	at org.junit.platform.launcher.core.EngineExecutionOrchestrator.withInterceptedStreams(EngineExecutionOrchestrator.java:141)
	at org.junit.platform.launcher.core.EngineExecutionOrchestrator.execute(EngineExecutionOrchestrator.java:57)
	at org.junit.platform.launcher.core.DefaultLauncher.execute(DefaultLauncher.java:103)
	at org.junit.platform.launcher.core.DefaultLauncher.execute(DefaultLauncher.java:85)
	at org.junit.platform.launcher.core.DelegatingLauncher.execute(DelegatingLauncher.java:47)
	at org.junit.platform.launcher.core.SessionPerRequestLauncher.execute(SessionPerRequestLauncher.java:63)
	at org.apache.maven.surefire.junitplatform.JUnitPlatformProvider.invokeAllTests(JUnitPlatformProvider.java:154)
	at org.apache.maven.surefire.junitplatform.JUnitPlatformProvider.invoke(JUnitPlatformProvider.java:123)
	at org.apache.maven.surefire.booter.ForkedBooter.runSuitesInProcess(ForkedBooter.java:377)
	at org.apache.maven.surefire.booter.ForkedBooter.execute(ForkedBooter.java:138)
	at org.apache.maven.surefire.booter.ForkedBooter.run(ForkedBooter.java:465)
	at org.apache.maven.surefire.booter.ForkedBooter.main(ForkedBooter.java:451)
2024-08-03 20:04:40,080 [main] INFO  om.OzoneManager (OzoneManager.java:addS3GVolumeToDB(4463)) - Created Volume s3v With Owner runner required for S3Gateway operations.
2024-08-03 20:04:40,080 [main] WARN  server.ServerUtils (ServerUtils.java:getDefaultRatisDirectory(311)) - Storage directory for Ratis is not configured. It is a good idea to map this to an SSD disk. Falling back to ozone.metadata.dirs
2024-08-03 20:04:40,081 [main] WARN  utils.OzoneManagerRatisUtils (OzoneManagerRatisUtils.java:getOMRatisSnapshotDirectory(475)) - ozone.om.ratis.snapshot.dir is not configured. Falling back to ozone.metadata.dirs config
2024-08-03 20:04:40,081 [main] INFO  utils.RDBSnapshotProvider (RDBSnapshotProvider.java:init(87)) - Cleaning up the candidate dir: /home/runner/work/ozone/ozone/hadoop-ozone/integration-test/target/test-dir/MiniOzoneClusterImpl-4c2a292f-c896-477d-a18b-b69de7e7ed64/omNode-2/snapshot/om.db.candidate
2024-08-03 20:04:40,081 [main] INFO  ratis_snapshot.OmRatisSnapshotProvider (OmRatisSnapshotProvider.java:<init>(99)) - Initializing OM Snapshot Provider
2024-08-03 20:04:40,082 [main] WARN  dropwizard3.Dm3MetricRegistriesImpl (Dm3MetricRegistriesImpl.java:addReporterRegistration(114)) - New reporters are added after registries were created. Some metrics will be missing from the reporter. Please add reporter before adding any new registry.
2024-08-03 20:04:40,083 [main] WARN  dropwizard3.Dm3MetricRegistriesImpl (Dm3MetricRegistriesImpl.java:addReporterRegistration(114)) - New reporters are added after registries were created. Some metrics will be missing from the reporter. Please add reporter before adding any new registry.
2024-08-03 20:04:40,083 [main] WARN  server.ServerUtils (ServerUtils.java:getDefaultRatisDirectory(311)) - Storage directory for Ratis is not configured. It is a good idea to map this to an SSD disk. Falling back to ozone.metadata.dirs
2024-08-03 20:04:40,085 [main] INFO  ratis.OzoneManagerRatisServer (OzoneManagerRatisServer.java:<init>(168)) - Instantiating OM Ratis server with groupID: om-add-remove and peers: localhost:15019, localhost:15023, localhost:15015
2024-08-03 20:04:40,085 [main] INFO  ratis.OzoneManagerStateMachine (OzoneManagerStateMachine.java:loadSnapshotInfoFromDB(593)) - TransactionInfo not found in OM DB.
2024-08-03 20:04:40,086 [main] INFO  server.RaftServer (ConfUtils.java:logGet(46)) - raft.rpc.type = GRPC (default)
2024-08-03 20:04:40,086 [main] INFO  grpc.GrpcConfigKeys (ConfUtils.java:logFallback(53)) - raft.grpc.admin.host = null (fallback to raft.grpc.server.host)
2024-08-03 20:04:40,086 [main] INFO  grpc.GrpcConfigKeys (ConfUtils.java:logFallback(53)) - raft.grpc.admin.port = 15019 (fallback to raft.grpc.server.port)
2024-08-03 20:04:40,086 [main] INFO  grpc.GrpcConfigKeys (ConfUtils.java:logFallback(53)) - raft.grpc.client.host = null (fallback to raft.grpc.server.host)
2024-08-03 20:04:40,087 [main] INFO  grpc.GrpcConfigKeys (ConfUtils.java:logFallback(53)) - raft.grpc.client.port = 15019 (fallback to raft.grpc.server.port)
2024-08-03 20:04:40,087 [main] INFO  grpc.GrpcConfigKeys (ConfUtils.java:logGet(46)) - raft.grpc.server.host = null (default)
2024-08-03 20:04:40,087 [main] INFO  grpc.GrpcConfigKeys (ConfUtils.java:logGet(46)) - raft.grpc.server.port = 15019 (custom)
2024-08-03 20:04:40,087 [main] INFO  server.GrpcService (ConfUtils.java:logGet(46)) - raft.grpc.message.size.max = 4194304 (custom)
2024-08-03 20:04:40,087 [main] INFO  server.RaftServerConfigKeys (ConfUtils.java:logGet(46)) - raft.server.log.appender.buffer.byte-limit = 4194304 (custom)
2024-08-03 20:04:40,087 [main] INFO  server.GrpcService (ConfUtils.java:logGet(46)) - raft.grpc.flow.control.window = 1MB (=1048576) (default)
2024-08-03 20:04:40,087 [main] INFO  server.RaftServerConfigKeys (ConfUtils.java:logGet(46)) - raft.server.rpc.request.timeout = 3000ms (default)
2024-08-03 20:04:40,087 [main] INFO  grpc.GrpcConfigKeys (ConfUtils.java:logGet(46)) - raft.grpc.server.heartbeat.channel = true (default)
2024-08-03 20:04:40,087 [main] INFO  grpc.GrpcConfigKeys (ConfUtils.java:logGet(46)) - raft.grpc.server.async.request.thread.pool.cached = true (default)
2024-08-03 20:04:40,088 [main] INFO  grpc.GrpcConfigKeys (ConfUtils.java:logGet(46)) - raft.grpc.server.async.request.thread.pool.size = 32 (default)
2024-08-03 20:04:40,089 [main] INFO  impl.DataStreamServerImpl (ConfUtils.java:logGet(46)) - raft.datastream.type = DISABLED (default)
2024-08-03 20:04:40,089 [main] INFO  server.RaftServerConfigKeys (ConfUtils.java:logGet(46)) - raft.server.sleep.deviation.threshold = 300ms (default)
2024-08-03 20:04:40,089 [main] INFO  server.RaftServerConfigKeys (ConfUtils.java:logGet(46)) - raft.server.close.threshold = 60s (default)
2024-08-03 20:04:40,089 [main] INFO  server.RaftServerConfigKeys (ConfUtils.java:logGet(46)) - raft.server.leaderelection.leader.step-down.wait-time = 10s (default)
2024-08-03 20:04:40,089 [main] INFO  server.RaftServerConfigKeys (ConfUtils.java:logGet(46)) - raft.server.storage.dir = [/home/runner/work/ozone/ozone/hadoop-ozone/integration-test/target/test-dir/MiniOzoneClusterImpl-4c2a292f-c896-477d-a18b-b69de7e7ed64/omNode-2/ratis] (custom)
2024-08-03 20:04:40,089 [main] INFO  server.RaftServerConfigKeys (ConfUtils.java:logGet(46)) - raft.server.threadpool.proxy.cached = true (default)
2024-08-03 20:04:40,090 [main] INFO  server.RaftServerConfigKeys (ConfUtils.java:logGet(46)) - raft.server.threadpool.proxy.size = 0 (default)
2024-08-03 20:04:40,093 [main] INFO  server.RaftServer (RaftServerProxy.java:addNew(101)) - omNode-2: addNew group-0AAC5367B30E:[omNode-3|localhost:15023, omNode-1|localhost:15015, omNode-2|localhost:15019] returns group-0AAC5367B30E:java.util.concurrent.CompletableFuture@767cacee[Not completed]
2024-08-03 20:04:40,093 [main] INFO  om.OzoneManager (OzoneManager.java:initializeRatisServer(2168)) - OzoneManager Ratis server initialized at port 15019
2024-08-03 20:04:40,093 [main] INFO  om.OzoneManager (OzoneManager.java:getRpcServer(1228)) - Creating RPC Server
2024-08-03 20:04:40,093 [omNode-2-groupManagement] INFO  server.RaftServer$Division (RaftServerImpl.java:<init>(253)) - omNode-2: new RaftServerImpl for group-0AAC5367B30E:[omNode-3|localhost:15023, omNode-1|localhost:15015, omNode-2|localhost:15019] with OzoneManagerStateMachine:uninitialized
2024-08-03 20:04:40,098 [omNode-2-groupManagement] INFO  server.RaftServerConfigKeys (ConfUtils.java:logGet(46)) - raft.server.rpc.timeout.min = 1s (custom)
2024-08-03 20:04:40,099 [omNode-2-groupManagement] INFO  server.RaftServerConfigKeys (ConfUtils.java:logGet(46)) - raft.server.rpc.timeout.max = 1200ms (custom)
2024-08-03 20:04:40,099 [omNode-2-groupManagement] INFO  server.RaftServerConfigKeys (ConfUtils.java:logGet(46)) - raft.server.rpc.sleep.time = 25ms (default)
2024-08-03 20:04:40,099 [omNode-2-groupManagement] INFO  server.RaftServerConfigKeys (ConfUtils.java:logGet(46)) - raft.server.rpc.slowness.timeout = 2s (custom)
2024-08-03 20:04:40,099 [omNode-2-groupManagement] INFO  server.RaftServerConfigKeys (ConfUtils.java:logGet(46)) - raft.server.leaderelection.leader.step-down.wait-time = 10s (default)
2024-08-03 20:04:40,099 [omNode-2-groupManagement] INFO  server.RaftServerConfigKeys (ConfUtils.java:logGet(46)) - raft.server.leaderelection.member.majority-add = false (default)
2024-08-03 20:04:40,099 [omNode-2-groupManagement] INFO  server.RaftServerConfigKeys (ConfUtils.java:logGet(46)) - raft.server.sleep.deviation.threshold = 300ms (default)
2024-08-03 20:04:40,099 [omNode-2-groupManagement] INFO  server.RaftServer$Division (ServerState.java:<init>(114)) - omNode-2@group-0AAC5367B30E: ConfigurationManager, init=conf: {index: -1, cur=peers:[omNode-3|localhost:15023, omNode-1|localhost:15015, omNode-2|localhost:15019]|listeners:[], old=null}, confs=<EMPTY_MAP>
2024-08-03 20:04:40,099 [omNode-2-groupManagement] INFO  server.RaftServerConfigKeys (ConfUtils.java:logGet(46)) - raft.server.notification.no-leader.timeout = 2s (custom)
2024-08-03 20:04:40,099 [omNode-2-groupManagement] INFO  server.RaftServerConfigKeys (ConfUtils.java:logGet(46)) - raft.server.read.timeout = 10s (default)
2024-08-03 20:04:40,100 [omNode-2-groupManagement] INFO  server.RaftServerConfigKeys (ConfUtils.java:logGet(46)) - raft.server.retrycache.expirytime = 300s (custom)
2024-08-03 20:04:40,101 [omNode-2-groupManagement] INFO  server.RaftServerConfigKeys (ConfUtils.java:logGet(46)) - raft.server.retrycache.statistics.expirytime = 100ms (default)
2024-08-03 20:04:40,101 [omNode-2-groupManagement] INFO  server.RaftServerConfigKeys (ConfUtils.java:logGet(46)) - raft.server.read.option = DEFAULT (default)
2024-08-03 20:04:40,101 [omNode-2-groupManagement] INFO  server.RaftServerConfigKeys (ConfUtils.java:logGet(46)) - raft.server.read.read-after-write-consistent.write-index-cache.expiry-time = 60s (default)
2024-08-03 20:04:40,113 [omNode-2-groupManagement] INFO  server.RaftServerConfigKeys (ConfUtils.java:logGet(46)) - raft.server.rpc.request.timeout = 3000ms (default)
2024-08-03 20:04:40,113 [omNode-2-groupManagement] INFO  server.RaftServerConfigKeys (ConfUtils.java:logGet(46)) - raft.server.log.appender.install.snapshot.enabled = false (custom)
2024-08-03 20:04:40,113 [omNode-2-groupManagement] INFO  server.RaftServerConfigKeys (ConfUtils.java:logGet(46)) - raft.server.threadpool.server.cached = true (default)
2024-08-03 20:04:40,113 [omNode-2-groupManagement] INFO  server.RaftServerConfigKeys (ConfUtils.java:logGet(46)) - raft.server.threadpool.server.size = 0 (default)
2024-08-03 20:04:40,113 [omNode-2-groupManagement] INFO  server.RaftServerConfigKeys (ConfUtils.java:logGet(46)) - raft.server.threadpool.client.cached = true (default)
2024-08-03 20:04:40,113 [omNode-2-groupManagement] INFO  server.RaftServerConfigKeys (ConfUtils.java:logGet(46)) - raft.server.threadpool.client.size = 0 (default)
2024-08-03 20:04:40,449 [main] INFO  reflections.Reflections (Reflections.java:scan(219)) - Reflections took 355 ms to scan 20 urls, producing 59 keys and 6664 values
2024-08-03 20:04:40,451 [main] INFO  ipc.CallQueueManager (CallQueueManager.java:<init>(90)) - Using callQueue: class java.util.concurrent.LinkedBlockingQueue, queueCapacity: 2000, scheduler: class org.apache.hadoop.ipc.DefaultRpcScheduler, ipcBackoff: false.
2024-08-03 20:04:40,452 [main] INFO  ipc.Server (Server.java:<init>(1287)) - Listener at 127.0.0.1:15016
2024-08-03 20:04:40,453 [Socket Reader #1 for port 15016] INFO  ipc.Server (Server.java:run(1323)) - Starting Socket Reader #1 for port 15016
2024-08-03 20:04:40,473 [main] INFO  impl.MetricsSystemImpl (MetricsSystemImpl.java:init(158)) - OzoneManager metrics system started (again)
2024-08-03 20:04:40,481 [main] INFO  om.OzoneManager (OzoneManager.java:start(1650)) - OzoneManager RPC server is listening at localhost/127.0.0.1:15016
2024-08-03 20:04:40,482 [main] INFO  ratis.OzoneManagerRatisServer (OzoneManagerRatisServer.java:start(594)) - Starting OzoneManagerRatisServer omNode-2 at port 15019
2024-08-03 20:04:40,482 [omNode-2-impl-thread1] INFO  server.RaftServerConfigKeys (ConfUtils.java:logGet(46)) - raft.server.storage.free-space.min = 0MB (=0) (default)
2024-08-03 20:04:40,482 [omNode-2-impl-thread1] INFO  server.RaftServerConfigKeys (ConfUtils.java:logGet(46)) - raft.server.log.corruption.policy = EXCEPTION (default)
2024-08-03 20:04:40,482 [omNode-2-impl-thread1] INFO  server.RaftServerConfigKeys (ConfUtils.java:logGet(46)) - raft.server.storage.dir = [/home/runner/work/ozone/ozone/hadoop-ozone/integration-test/target/test-dir/MiniOzoneClusterImpl-4c2a292f-c896-477d-a18b-b69de7e7ed64/omNode-2/ratis] (custom)
2024-08-03 20:04:40,483 [omNode-2-impl-thread1] INFO  storage.RaftStorageDirectory (RaftStorageDirectoryImpl.java:analyzeStorage(138)) - The storage directory /home/runner/work/ozone/ozone/hadoop-ozone/integration-test/target/test-dir/MiniOzoneClusterImpl-4c2a292f-c896-477d-a18b-b69de7e7ed64/omNode-2/ratis/0718e334-ffa1-36bc-8e9a-0aac5367b30e does not exist. Creating ...
2024-08-03 20:04:40,484 [omNode-2-impl-thread1] INFO  storage.RaftStorageDirectory (RaftStorageDirectoryImpl.java:tryLock(229)) - Lock on /home/runner/work/ozone/ozone/hadoop-ozone/integration-test/target/test-dir/MiniOzoneClusterImpl-4c2a292f-c896-477d-a18b-b69de7e7ed64/omNode-2/ratis/0718e334-ffa1-36bc-8e9a-0aac5367b30e/in_use.lock acquired by nodename 59896@fv-az976-615
2024-08-03 20:04:40,486 [omNode-2-impl-thread1] INFO  storage.RaftStorage (RaftStorageImpl.java:format(98)) - Storage directory /home/runner/work/ozone/ozone/hadoop-ozone/integration-test/target/test-dir/MiniOzoneClusterImpl-4c2a292f-c896-477d-a18b-b69de7e7ed64/omNode-2/ratis/0718e334-ffa1-36bc-8e9a-0aac5367b30e has been successfully formatted.
2024-08-03 20:04:40,486 [omNode-2-impl-thread1] INFO  server.RaftServerConfigKeys (ConfUtils.java:logGet(46)) - raft.server.log.use.memory = false (default)
2024-08-03 20:04:40,486 [omNode-2-impl-thread1] INFO  server.RaftServerConfigKeys (ConfUtils.java:logGet(46)) - raft.server.log.purge.gap = 1000000 (custom)
2024-08-03 20:04:40,486 [omNode-2-impl-thread1] INFO  server.RaftServerConfigKeys (ConfUtils.java:logGet(46)) - raft.server.log.appender.buffer.byte-limit = 4194304 (custom)
2024-08-03 20:04:40,486 [omNode-2-impl-thread1] INFO  server.RaftServerConfigKeys (ConfUtils.java:logGet(46)) - raft.server.log.statemachine.data.read.timeout = 1000ms (default)
2024-08-03 20:04:40,487 [omNode-2-impl-thread1] INFO  server.RaftServerConfigKeys (ConfUtils.java:logGet(46)) - raft.server.log.purge.preservation.log.num = 0 (default)
2024-08-03 20:04:40,489 [omNode-2-impl-thread1] INFO  server.RaftServerConfigKeys (ConfUtils.java:logGet(46)) - raft.server.log.segment.size.max = 4194304 (custom)
2024-08-03 20:04:40,490 [omNode-2-impl-thread1] INFO  server.RaftServerConfigKeys (ConfUtils.java:logGet(46)) - raft.server.log.segment.cache.num.max = 2 (custom)
2024-08-03 20:04:40,490 [omNode-2-impl-thread1] INFO  server.RaftServerConfigKeys (ConfUtils.java:logGet(46)) - raft.server.log.segment.cache.size.max = 200MB (=209715200) (default)
2024-08-03 20:04:40,490 [omNode-2-impl-thread1] INFO  server.RaftServerConfigKeys (ConfUtils.java:logGet(46)) - raft.server.log.appender.buffer.byte-limit = 4194304 (custom)
2024-08-03 20:04:40,490 [omNode-2-impl-thread1] INFO  util.AwaitToRun (AwaitToRun.java:start(81)) - Thread[omNode-2@group-0AAC5367B30E-cacheEviction-AwaitToRun,5,main] started
2024-08-03 20:04:40,490 [omNode-2-impl-thread1] INFO  segmented.SegmentedRaftLogWorker (SegmentedRaftLogWorker.java:<init>(184)) - new omNode-2@group-0AAC5367B30E-SegmentedRaftLogWorker for RaftStorageImpl:Storage Directory /home/runner/work/ozone/ozone/hadoop-ozone/integration-test/target/test-dir/MiniOzoneClusterImpl-4c2a292f-c896-477d-a18b-b69de7e7ed64/omNode-2/ratis/0718e334-ffa1-36bc-8e9a-0aac5367b30e
2024-08-03 20:04:40,490 [omNode-2-impl-thread1] INFO  server.RaftServerConfigKeys (ConfUtils.java:logGet(46)) - raft.server.log.queue.byte-limit = 64MB (=67108864) (default)
2024-08-03 20:04:40,490 [omNode-2-impl-thread1] INFO  server.RaftServerConfigKeys (ConfUtils.java:logGet(46)) - raft.server.log.queue.element-limit = 4096 (default)
2024-08-03 20:04:40,490 [omNode-2-impl-thread1] INFO  server.RaftServerConfigKeys (ConfUtils.java:logGet(46)) - raft.server.log.segment.size.max = 4194304 (custom)
2024-08-03 20:04:40,491 [omNode-2-impl-thread1] INFO  server.RaftServerConfigKeys (ConfUtils.java:logGet(46)) - raft.server.log.preallocated.size = 4194304 (custom)
2024-08-03 20:04:40,491 [omNode-2-impl-thread1] INFO  server.RaftServerConfigKeys (ConfUtils.java:logGet(46)) - raft.server.log.force.sync.num = 128 (default)
2024-08-03 20:04:40,491 [omNode-2-impl-thread1] INFO  server.RaftServerConfigKeys (ConfUtils.java:logGet(46)) - raft.server.log.statemachine.data.sync = true (default)
2024-08-03 20:04:40,491 [omNode-2-impl-thread1] INFO  server.RaftServerConfigKeys (ConfUtils.java:logGet(46)) - raft.server.log.statemachine.data.sync.timeout = 10s (default)
2024-08-03 20:04:40,491 [omNode-2-impl-thread1] INFO  server.RaftServerConfigKeys (ConfUtils.java:logGet(46)) - raft.server.log.statemachine.data.sync.timeout.retry = -1 (default)
2024-08-03 20:04:40,491 [omNode-2-impl-thread1] INFO  server.RaftServerConfigKeys (ConfUtils.java:logGet(46)) - raft.server.log.write.buffer.size = 4194312 (custom)
2024-08-03 20:04:40,492 [omNode-2-impl-thread1] INFO  server.RaftServerConfigKeys (ConfUtils.java:logGet(46)) - raft.server.log.appender.buffer.byte-limit = 4194304 (custom)
2024-08-03 20:04:40,492 [omNode-2-impl-thread1] INFO  server.RaftServerConfigKeys (ConfUtils.java:logGet(46)) - raft.server.log.unsafe-flush.enabled = false (default)
2024-08-03 20:04:40,492 [omNode-2-impl-thread1] INFO  server.RaftServerConfigKeys (ConfUtils.java:logGet(46)) - raft.server.log.async-flush.enabled = false (default)
2024-08-03 20:04:40,492 [omNode-2-impl-thread1] INFO  server.RaftServerConfigKeys (ConfUtils.java:logGet(46)) - raft.server.log.statemachine.data.caching.enabled = false (default)
2024-08-03 20:04:40,493 [omNode-2-impl-thread1] INFO  segmented.SegmentedRaftLogWorker (SegmentedRaftLogWorker.java:lambda$new$0(135)) - omNode-2@group-0AAC5367B30E-SegmentedRaftLogWorker: flushIndex: setUnconditionally 0 -> -1
2024-08-03 20:04:40,493 [omNode-2-impl-thread1] INFO  segmented.SegmentedRaftLogWorker (SegmentedRaftLogWorker.java:lambda$new$0(135)) - omNode-2@group-0AAC5367B30E-SegmentedRaftLogWorker: safeCacheEvictIndex: setUnconditionally 0 -> -1
2024-08-03 20:04:40,493 [omNode-2-impl-thread1] INFO  server.RaftServer$Division (RaftServerImpl.java:start(389)) - omNode-2@group-0AAC5367B30E: start as a follower, conf=conf: {index: -1, cur=peers:[omNode-3|localhost:15023, omNode-1|localhost:15015, omNode-2|localhost:15019]|listeners:[], old=null}
2024-08-03 20:04:40,493 [omNode-2-impl-thread1] INFO  server.RaftServer$Division (RaftServerImpl.java:setRole(376)) - omNode-2@group-0AAC5367B30E: changes role from      null to FOLLOWER at term 0 for startAsFollower
2024-08-03 20:04:40,493 [omNode-2-impl-thread1] INFO  impl.RoleInfo (RoleInfo.java:updateAndGet(148)) - omNode-2: start omNode-2@group-0AAC5367B30E-FollowerState
2024-08-03 20:04:40,494 [omNode-2@group-0AAC5367B30E-FollowerState] INFO  server.RaftServerConfigKeys (ConfUtils.java:logFallback(53)) - raft.server.rpc.first-election.timeout.min = 1s (fallback to raft.server.rpc.timeout.min)
2024-08-03 20:04:40,494 [omNode-2-impl-thread1] INFO  util.JmxRegister (JmxRegister.java:tryRegister(44)) - Successfully registered JMX Bean with object name Ratis:service=RaftServer,group=group-0AAC5367B30E,id=omNode-2
2024-08-03 20:04:40,494 [omNode-2-impl-thread1] INFO  util.JmxRegister (JmxRegister.java:register(58)) - register mxBean class org.apache.ratis.server.impl.RaftServerJmxAdapter as Ratis:service=RaftServer,group=group-0AAC5367B30E,id=omNode-2
2024-08-03 20:04:40,494 [omNode-2-impl-thread1] INFO  server.RaftServerConfigKeys (ConfUtils.java:logGet(46)) - raft.server.snapshot.trigger-when-stop.enabled = true (default)
2024-08-03 20:04:40,494 [omNode-2-impl-thread1] INFO  server.RaftServerConfigKeys (ConfUtils.java:logGet(46)) - raft.server.snapshot.trigger-when-remove.enabled = true (default)
2024-08-03 20:04:40,494 [omNode-2-impl-thread1] INFO  server.RaftServerConfigKeys (ConfUtils.java:logGet(46)) - raft.server.snapshot.auto.trigger.enabled = true (custom)
2024-08-03 20:04:40,494 [omNode-2-impl-thread1] INFO  server.RaftServerConfigKeys (ConfUtils.java:logGet(46)) - raft.server.snapshot.auto.trigger.threshold = 400000 (default)
2024-08-03 20:04:40,494 [omNode-2-impl-thread1] INFO  server.RaftServerConfigKeys (ConfUtils.java:logGet(46)) - raft.server.snapshot.retention.file.num = -1 (default)
2024-08-03 20:04:40,494 [omNode-2-impl-thread1] INFO  server.RaftServerConfigKeys (ConfUtils.java:logGet(46)) - raft.server.log.purge.upto.snapshot.index = true (custom)
2024-08-03 20:04:40,494 [omNode-2@group-0AAC5367B30E-FollowerState] INFO  server.RaftServerConfigKeys (ConfUtils.java:logFallback(53)) - raft.server.rpc.first-election.timeout.max = 1200ms (fallback to raft.server.rpc.timeout.max)
2024-08-03 20:04:40,495 [main] INFO  server.RaftServer (RaftServerProxy.java:startImpl(408)) - omNode-2: start RPC server
2024-08-03 20:04:40,496 [main] INFO  server.GrpcService (GrpcService.java:startImpl(302)) - omNode-2: GrpcService started, listening on 15019
2024-08-03 20:04:40,496 [JvmPauseMonitor3] INFO  util.JvmPauseMonitor (JvmPauseMonitor.java:run(146)) - JvmPauseMonitor-omNode-2: Started
2024-08-03 20:04:40,497 [main] INFO  om.OzoneManager (OzoneManager.java:start(1666)) - Version File has different layout version (6) than OM DB (null). That is expected if this OM has never been finalized to a newer layout version.
2024-08-03 20:04:40,506 [main] INFO  client.ScmTopologyClient (ScmTopologyClient.java:start(72)) - Initial network topology fetched from SCM: /.
2024-08-03 20:04:40,507 [main] INFO  net.NodeSchemaLoader (NodeSchemaLoader.java:loadSchemaFromFile(129)) - Loading schema from [jar:file:/home/runner/work/ozone/ozone/hadoop-hdds/common/target/hdds-common-1.5.0-SNAPSHOT.jar!/network-topology-default.xml]
2024-08-03 20:04:40,507 [main] INFO  net.NodeSchemaLoader (NodeSchemaLoader.java:loadSchema(176)) - Loading network topology layer schema file
2024-08-03 20:04:40,515 [main] INFO  http.BaseHttpServer (BaseHttpServer.java:newHttpServer2BuilderForOzone(223)) - Starting Web-server for ozoneManager at: http://0.0.0.0:15017
2024-08-03 20:04:40,516 [main] INFO  http.BaseHttpServer (BaseHttpServer.java:<init>(110)) - Hadoop Security Enabled: false Ozone Security Enabled: false Ozone HTTP Security Enabled: false 
2024-08-03 20:04:40,517 [main] WARN  server.AuthenticationFilter (AuthenticationFilter.java:constructSecretProvider(240)) - Unable to initialize FileSignerSecretProvider, falling back to use random secrets. Reason: Could not read signature secret file: /home/runner/hadoop-http-auth-signature-secret
2024-08-03 20:04:40,526 [main] INFO  http.HttpRequestLog (HttpRequestLog.java:getRequestLog(86)) - Http request log for http.requests.ozoneManager is not defined
2024-08-03 20:04:40,528 [main] INFO  http.HttpServer2 (HttpServer2.java:addGlobalFilter(1035)) - Added global filter 'safety' (class=org.apache.hadoop.hdds.server.http.HttpServer2$QuotingInputFilter)
2024-08-03 20:04:40,529 [main] INFO  http.HttpServer2 (HttpServer2.java:addFilter(1011)) - Added filter static_user_filter (class=org.apache.hadoop.http.lib.StaticUserWebFilter$StaticUserFilter) to context ozoneManager
2024-08-03 20:04:40,529 [main] INFO  http.HttpServer2 (HttpServer2.java:addFilter(1019)) - Added filter static_user_filter (class=org.apache.hadoop.http.lib.StaticUserWebFilter$StaticUserFilter) to context static
2024-08-03 20:04:40,529 [main] INFO  http.HttpServer2 (HttpServer2.java:addFilter(1019)) - Added filter static_user_filter (class=org.apache.hadoop.http.lib.StaticUserWebFilter$StaticUserFilter) to context logs
2024-08-03 20:04:40,531 [main] INFO  http.BaseHttpServer (BaseHttpServer.java:<init>(189)) - HTTP server of ozoneManager uses base directory /home/runner/work/ozone/ozone/hadoop-ozone/integration-test/target/test-dir/MiniOzoneClusterImpl-4c2a292f-c896-477d-a18b-b69de7e7ed64/omNode-2/webserver
2024-08-03 20:04:40,531 [main] INFO  http.HttpServer2 (HttpServer2.java:bindListener(1235)) - Jetty bound to port 15017
2024-08-03 20:04:40,531 [main] INFO  server.Server (Server.java:doStart(375)) - jetty-9.4.55.v20240627; built: 2024-06-27T15:05:37.765Z; git: 70015831e5195ba74da6383c4ab7c90c56bb08af; jvm 17.0.12+7
2024-08-03 20:04:40,534 [main] INFO  server.session (DefaultSessionIdManager.java:doStart(334)) - DefaultSessionIdManager workerName=node0
2024-08-03 20:04:40,534 [main] INFO  server.session (DefaultSessionIdManager.java:doStart(339)) - No SessionScavenger set, using defaults
2024-08-03 20:04:40,534 [main] INFO  server.session (HouseKeeper.java:startScavenging(132)) - node0 Scavenging every 660000ms
2024-08-03 20:04:40,535 [main] INFO  handler.ContextHandler (ContextHandler.java:doStart(921)) - Started o.e.j.s.ServletContextHandler@4e6fb132{logs,/logs,file:///home/runner/work/ozone/ozone/hadoop-ozone/integration-test/target/log,AVAILABLE}
2024-08-03 20:04:40,535 [main] INFO  handler.ContextHandler (ContextHandler.java:doStart(921)) - Started o.e.j.s.ServletContextHandler@7e4d2884{static,/static,file:///home/runner/work/ozone/ozone/hadoop-ozone/integration-test/target/test-classes/webapps/static,AVAILABLE}
2024-08-03 20:04:40,542 [main] INFO  handler.ContextHandler (ContextHandler.java:doStart(921)) - Started o.e.j.w.WebAppContext@554d0ec1{ozoneManager,/,file:///home/runner/work/ozone/ozone/hadoop-ozone/integration-test/target/test-classes/webapps/ozoneManager/,AVAILABLE}{file:/home/runner/work/ozone/ozone/hadoop-ozone/integration-test/target/test-classes/webapps/ozoneManager}
2024-08-03 20:04:40,544 [main] INFO  server.AbstractConnector (AbstractConnector.java:doStart(333)) - Started ServerConnector@56a2599a{HTTP/1.1, (http/1.1)}{0.0.0.0:15017}
2024-08-03 20:04:40,544 [main] INFO  server.Server (Server.java:doStart(415)) - Started @19923ms
2024-08-03 20:04:40,545 [main] WARN  impl.MetricsSystemImpl (MetricsSystemImpl.java:register(279)) - Sink prometheus already exists!
2024-08-03 20:04:40,545 [main] INFO  http.BaseHttpServer (BaseHttpServer.java:updateConnectorAddress(354)) - HTTP server of ozoneManager listening at http://0.0.0.0:15017
2024-08-03 20:04:40,546 [IPC Server Responder] INFO  ipc.Server (Server.java:run(1562)) - IPC Server Responder: starting
2024-08-03 20:04:40,551 [IPC Server listener on 15016] INFO  ipc.Server (Server.java:run(1402)) - IPC Server listener on 15016: starting
2024-08-03 20:04:40,553 [main] INFO  om.OzoneManager (OzoneManager.java:startTrashEmptier(2121)) - Trash Interval set to 0. Files deleted won't move to trash
2024-08-03 20:04:40,554 [main] INFO  ozone.MiniOzoneHAClusterImpl (MiniOzoneHAClusterImpl.java:createOMService(517)) - Started OzoneManager omNode-2 RPC server at localhost/127.0.0.1:15016
2024-08-03 20:04:40,555 [main] INFO  ha.OMHANodeDetails (OMHANodeDetails.java:loadOMHAConfig(121)) - ServiceID for OzoneManager is om-add-remove
2024-08-03 20:04:40,555 [main] INFO  ha.OMHANodeDetails (OMHANodeDetails.java:loadOMHAConfig(201)) - Found matching OM address with OMServiceId: om-add-remove, OMNodeId: omNode-3, RPC Address: localhost:15020 and Ratis port: 15023
2024-08-03 20:04:40,555 [main] INFO  ha.OMHANodeDetails (ConfUtils.java:setNodeSpecificConfigs(97)) - Setting configuration key ozone.om.http-address with value of key ozone.om.http-address.om-add-remove.omNode-3: 127.0.0.1:15021
2024-08-03 20:04:40,555 [main] INFO  ha.OMHANodeDetails (ConfUtils.java:setNodeSpecificConfigs(97)) - Setting configuration key ozone.om.https-address with value of key ozone.om.https-address.om-add-remove.omNode-3: 127.0.0.1:15022
2024-08-03 20:04:40,556 [main] INFO  ha.OMHANodeDetails (ConfUtils.java:setNodeSpecificConfigs(97)) - Setting configuration key ozone.om.address with value of key ozone.om.address.om-add-remove.omNode-3: 127.0.0.1:15020
2024-08-03 20:04:40,556 [main] WARN  server.ServerUtils (ServerUtils.java:getDBPath(299)) - ozone.om.db.dirs is not configured. We recommend adding this setting. Falling back to ozone.metadata.dirs instead.
2024-08-03 20:04:40,557 [main] INFO  ha.SCMNodeInfo (SCMNodeInfo.java:getPort(197)) - ConfigKey ozone.scm.client.address is deprecated, For configuring different ports for each SCM use PortConfigKey ozone.scm.client.port appended with serviceId and nodeId
2024-08-03 20:04:40,557 [main] INFO  ha.SCMNodeInfo (SCMNodeInfo.java:getPort(197)) - ConfigKey ozone.scm.block.client.address is deprecated, For configuring different ports for each SCM use PortConfigKey ozone.scm.block.client.port appended with serviceId and nodeId
2024-08-03 20:04:40,557 [main] INFO  ha.SCMNodeInfo (SCMNodeInfo.java:getPort(197)) - ConfigKey ozone.scm.security.service.address is deprecated, For configuring different ports for each SCM use PortConfigKey ozone.scm.security.service.port appended with serviceId and nodeId
2024-08-03 20:04:40,557 [main] INFO  ha.SCMNodeInfo (SCMNodeInfo.java:getPort(197)) - ConfigKey ozone.scm.datanode.address is deprecated, For configuring different ports for each SCM use PortConfigKey ozone.scm.datanode.port appended with serviceId and nodeId
2024-08-03 20:04:40,557 [main] INFO  proxy.SCMBlockLocationFailoverProxyProvider (SCMBlockLocationFailoverProxyProvider.java:<init>(115)) - Created block location fail-over proxy with 1 nodes: [nodeId=scmNode-1,nodeAddress=/127.0.0.1:15007]
OM initialization succeeded.Current cluster id for sd=/home/runner/work/ozone/ozone/hadoop-ozone/integration-test/target/test-dir/MiniOzoneClusterImpl-4c2a292f-c896-477d-a18b-b69de7e7ed64/omNode-3/om;cid=4c2a292f-c896-477d-a18b-b69de7e7ed64;layoutVersion=6
2024-08-03 20:04:40,564 [main] INFO  ha.OMHANodeDetails (OMHANodeDetails.java:loadOMHAConfig(121)) - ServiceID for OzoneManager is om-add-remove
2024-08-03 20:04:40,565 [main] INFO  ha.OMHANodeDetails (OMHANodeDetails.java:loadOMHAConfig(201)) - Found matching OM address with OMServiceId: om-add-remove, OMNodeId: omNode-3, RPC Address: localhost:15020 and Ratis port: 15023
2024-08-03 20:04:40,565 [main] INFO  ha.OMHANodeDetails (ConfUtils.java:setNodeSpecificConfigs(97)) - Setting configuration key ozone.om.http-address with value of key ozone.om.http-address.om-add-remove.omNode-3: 127.0.0.1:15021
2024-08-03 20:04:40,565 [main] INFO  ha.OMHANodeDetails (ConfUtils.java:setNodeSpecificConfigs(97)) - Setting configuration key ozone.om.https-address with value of key ozone.om.https-address.om-add-remove.omNode-3: 127.0.0.1:15022
2024-08-03 20:04:40,565 [main] INFO  ha.OMHANodeDetails (ConfUtils.java:setNodeSpecificConfigs(97)) - Setting configuration key ozone.om.address with value of key ozone.om.address.om-add-remove.omNode-3: 127.0.0.1:15020
2024-08-03 20:04:40,566 [main] WARN  server.ServerUtils (ServerUtils.java:getDBPath(299)) - ozone.om.db.dirs is not configured. We recommend adding this setting. Falling back to ozone.metadata.dirs instead.
2024-08-03 20:04:40,567 [main] INFO  upgrade.AbstractLayoutVersionManager (AbstractLayoutVersionManager.java:init(83)) - Initializing Layout version manager with metadata layout = QUOTA (version = 6), software layout = QUOTA (version = 6)
2024-08-03 20:04:40,618 [main] INFO  reflections.Reflections (Reflections.java:scan(219)) - Reflections took 50 ms to scan 2 urls, producing 188 keys and 546 values
2024-08-03 20:04:40,619 [main] INFO  upgrade.OMLayoutVersionManager (OMLayoutVersionManager.java:lambda$0(113)) - Skipping Upgrade Action QuotaRepairUpgradeAction since it has been finalized.
2024-08-03 20:04:40,619 [main] INFO  upgrade.OMLayoutVersionManager (OMLayoutVersionManager.java:lambda$0(113)) - Skipping Upgrade Action MockOmUpgradeAction since it has been finalized.
2024-08-03 20:04:40,620 [main] WARN  server.ServerUtils (ServerUtils.java:getDBPath(299)) - ozone.om.db.dirs is not configured. We recommend adding this setting. Falling back to ozone.metadata.dirs instead.
2024-08-03 20:04:40,621 [main] INFO  ha.SCMNodeInfo (SCMNodeInfo.java:getPort(197)) - ConfigKey ozone.scm.client.address is deprecated, For configuring different ports for each SCM use PortConfigKey ozone.scm.client.port appended with serviceId and nodeId
2024-08-03 20:04:40,622 [main] INFO  ha.SCMNodeInfo (SCMNodeInfo.java:getPort(197)) - ConfigKey ozone.scm.block.client.address is deprecated, For configuring different ports for each SCM use PortConfigKey ozone.scm.block.client.port appended with serviceId and nodeId
2024-08-03 20:04:40,622 [main] INFO  ha.SCMNodeInfo (SCMNodeInfo.java:getPort(197)) - ConfigKey ozone.scm.security.service.address is deprecated, For configuring different ports for each SCM use PortConfigKey ozone.scm.security.service.port appended with serviceId and nodeId
2024-08-03 20:04:40,623 [main] INFO  ha.SCMNodeInfo (SCMNodeInfo.java:getPort(197)) - ConfigKey ozone.scm.datanode.address is deprecated, For configuring different ports for each SCM use PortConfigKey ozone.scm.datanode.port appended with serviceId and nodeId
2024-08-03 20:04:40,624 [main] INFO  ha.SCMNodeInfo (SCMNodeInfo.java:getPort(197)) - ConfigKey ozone.scm.client.address is deprecated, For configuring different ports for each SCM use PortConfigKey ozone.scm.client.port appended with serviceId and nodeId
2024-08-03 20:04:40,624 [main] INFO  ha.SCMNodeInfo (SCMNodeInfo.java:getPort(197)) - ConfigKey ozone.scm.block.client.address is deprecated, For configuring different ports for each SCM use PortConfigKey ozone.scm.block.client.port appended with serviceId and nodeId
2024-08-03 20:04:40,625 [main] INFO  ha.SCMNodeInfo (SCMNodeInfo.java:getPort(197)) - ConfigKey ozone.scm.security.service.address is deprecated, For configuring different ports for each SCM use PortConfigKey ozone.scm.security.service.port appended with serviceId and nodeId
2024-08-03 20:04:40,625 [main] INFO  ha.SCMNodeInfo (SCMNodeInfo.java:getPort(197)) - ConfigKey ozone.scm.datanode.address is deprecated, For configuring different ports for each SCM use PortConfigKey ozone.scm.datanode.port appended with serviceId and nodeId
2024-08-03 20:04:40,626 [main] INFO  proxy.SCMBlockLocationFailoverProxyProvider (SCMBlockLocationFailoverProxyProvider.java:<init>(115)) - Created block location fail-over proxy with 1 nodes: [nodeId=scmNode-1,nodeAddress=/127.0.0.1:15007]
2024-08-03 20:04:40,628 [main] INFO  ha.SCMNodeInfo (SCMNodeInfo.java:getPort(197)) - ConfigKey ozone.scm.client.address is deprecated, For configuring different ports for each SCM use PortConfigKey ozone.scm.client.port appended with serviceId and nodeId
2024-08-03 20:04:40,629 [main] INFO  ha.SCMNodeInfo (SCMNodeInfo.java:getPort(197)) - ConfigKey ozone.scm.block.client.address is deprecated, For configuring different ports for each SCM use PortConfigKey ozone.scm.block.client.port appended with serviceId and nodeId
2024-08-03 20:04:40,629 [main] INFO  ha.SCMNodeInfo (SCMNodeInfo.java:getPort(197)) - ConfigKey ozone.scm.security.service.address is deprecated, For configuring different ports for each SCM use PortConfigKey ozone.scm.security.service.port appended with serviceId and nodeId
2024-08-03 20:04:40,630 [main] INFO  ha.SCMNodeInfo (SCMNodeInfo.java:getPort(197)) - ConfigKey ozone.scm.datanode.address is deprecated, For configuring different ports for each SCM use PortConfigKey ozone.scm.datanode.port appended with serviceId and nodeId
2024-08-03 20:04:40,630 [main] INFO  proxy.SCMBlockLocationFailoverProxyProvider (SCMBlockLocationFailoverProxyProvider.java:<init>(115)) - Created block location fail-over proxy with 1 nodes: [nodeId=scmNode-1,nodeAddress=/127.0.0.1:15007]
2024-08-03 20:04:40,636 [main] INFO  om.OzoneManager (OzoneManager.java:<init>(678)) - OM start with adminUsers: [runner]
2024-08-03 20:04:40,638 [main] WARN  server.ServerUtils (ServerUtils.java:getDBPath(299)) - ozone.om.db.dirs is not configured. We recommend adding this setting. Falling back to ozone.metadata.dirs instead.
2024-08-03 20:04:40,639 [main] INFO  helpers.OmKeyInfo (OmKeyInfo.java:getCodec(72)) - OmKeyInfo.getCodec ignorePipeline = true
2024-08-03 20:04:40,782 [omNode-1@group-0AAC5367B30E-FollowerState] INFO  impl.FollowerState (FollowerState.java:run(144)) - omNode-1@group-0AAC5367B30E-FollowerState: change to CANDIDATE, lastRpcElapsedTime:1129579293ns, electionTimeout:1121ms
2024-08-03 20:04:40,783 [omNode-1@group-0AAC5367B30E-FollowerState] INFO  impl.RoleInfo (RoleInfo.java:shutdownFollowerState(119)) - omNode-1: shutdown omNode-1@group-0AAC5367B30E-FollowerState
2024-08-03 20:04:40,783 [omNode-1@group-0AAC5367B30E-FollowerState] INFO  server.RaftServer$Division (RaftServerImpl.java:setRole(376)) - omNode-1@group-0AAC5367B30E: changes role from  FOLLOWER to CANDIDATE at term 0 for changeToCandidate
2024-08-03 20:04:40,786 [omNode-1@group-0AAC5367B30E-FollowerState] INFO  server.RaftServerConfigKeys (ConfUtils.java:logGet(46)) - raft.server.leaderelection.pre-vote = true (default)
2024-08-03 20:04:40,786 [omNode-1@group-0AAC5367B30E-FollowerState] INFO  impl.RoleInfo (RoleInfo.java:updateAndGet(148)) - omNode-1: start omNode-1@group-0AAC5367B30E-LeaderElection3
2024-08-03 20:04:40,787 [omNode-1@group-0AAC5367B30E-LeaderElection3] INFO  impl.LeaderElection (LeaderElection.java:askForVotes(321)) - omNode-1@group-0AAC5367B30E-LeaderElection3 PRE_VOTE round 0: submit vote requests at term 0 for conf: {index: -1, cur=peers:[omNode-3|localhost:15023, omNode-1|localhost:15015, omNode-2|localhost:15019]|listeners:[], old=null}
2024-08-03 20:04:40,802 [omNode-1@group-0AAC5367B30E-LeaderElection3-1] INFO  server.GrpcServerProtocolClient (GrpcServerProtocolClient.java:<init>(65)) - Build channel for omNode-3|localhost:15023
2024-08-03 20:04:40,803 [omNode-1@group-0AAC5367B30E-LeaderElection3] INFO  server.RaftServerConfigKeys (ConfUtils.java:logFallback(53)) - raft.server.rpc.first-election.timeout.min = 1s (fallback to raft.server.rpc.timeout.min)
2024-08-03 20:04:40,803 [omNode-1@group-0AAC5367B30E-LeaderElection3] INFO  server.RaftServerConfigKeys (ConfUtils.java:logFallback(53)) - raft.server.rpc.first-election.timeout.max = 1200ms (fallback to raft.server.rpc.timeout.max)
2024-08-03 20:04:40,806 [omNode-1@group-0AAC5367B30E-LeaderElection3-2] INFO  server.GrpcServerProtocolClient (GrpcServerProtocolClient.java:<init>(65)) - Build channel for omNode-2|localhost:15019
2024-08-03 20:04:40,929 [main] INFO  om.OzoneManager (OzoneManager.java:instantiateServices(812)) - S3 Multi-Tenancy is disabled
2024-08-03 20:04:40,931 [main] INFO  om.OmSnapshotManager (OmSnapshotManager.java:<init>(180)) - Ozone filesystem snapshot feature is enabled.
2024-08-03 20:04:40,931 [main] WARN  server.ServerUtils (ServerUtils.java:getDBPath(299)) - ozone.om.snapshot.diff.db.dir is not configured. We recommend adding this setting. Falling back to ozone.metadata.dirs instead.
2024-08-03 20:04:40,977 [main] INFO  utils.NativeLibraryLoader (NativeLibraryLoader.java:loadLibrary(111)) - Loading Library: ozone_rocksdb_tools
2024-08-03 20:04:40,977 [main] ERROR snapshot.SnapshotDiffManager (SnapshotDiffManager.java:initNativeLibraryForEfficientDiff(287)) - Native Library for raw sst file reading loading failed.
org.apache.hadoop.hdds.utils.NativeLibraryNotLoadedException: Unable to load library ozone_rocksdb_tools from both java.library.path & resource file libozone_rocksdb_tools.so from jar.
	at org.apache.hadoop.hdds.utils.db.managed.ManagedRawSSTFileReader.loadLibrary(ManagedRawSSTFileReader.java:40)
	at org.apache.hadoop.ozone.om.snapshot.SnapshotDiffManager.initNativeLibraryForEfficientDiff(SnapshotDiffManager.java:285)
	at org.apache.hadoop.ozone.om.snapshot.SnapshotDiffManager.<init>(SnapshotDiffManager.java:259)
	at org.apache.hadoop.ozone.om.OmSnapshotManager.<init>(OmSnapshotManager.java:287)
	at org.apache.hadoop.ozone.om.OzoneManager.instantiateServices(OzoneManager.java:864)
	at org.apache.hadoop.ozone.om.OzoneManager.<init>(OzoneManager.java:688)
	at org.apache.hadoop.ozone.om.OzoneManager.createOm(OzoneManager.java:775)
	at org.apache.hadoop.ozone.MiniOzoneHAClusterImpl$Builder.createOMService(MiniOzoneHAClusterImpl.java:510)
	at org.apache.hadoop.ozone.MiniOzoneHAClusterImpl$Builder.build(MiniOzoneHAClusterImpl.java:425)
	at org.apache.hadoop.ozone.om.TestAddRemoveOzoneManager.setupCluster(TestAddRemoveOzoneManager.java:100)
	at org.apache.hadoop.ozone.om.TestAddRemoveOzoneManager.testForceBootstrap(TestAddRemoveOzoneManager.java:293)
	at java.base/jdk.internal.reflect.NativeMethodAccessorImpl.invoke0(Native Method)
	at java.base/jdk.internal.reflect.NativeMethodAccessorImpl.invoke(NativeMethodAccessorImpl.java:77)
	at java.base/jdk.internal.reflect.DelegatingMethodAccessorImpl.invoke(DelegatingMethodAccessorImpl.java:43)
	at java.base/java.lang.reflect.Method.invoke(Method.java:569)
	at org.junit.platform.commons.util.ReflectionUtils.invokeMethod(ReflectionUtils.java:728)
	at org.junit.jupiter.engine.execution.MethodInvocation.proceed(MethodInvocation.java:60)
	at org.junit.jupiter.engine.execution.InvocationInterceptorChain$ValidatingInvocation.proceed(InvocationInterceptorChain.java:131)
	at org.junit.jupiter.engine.extension.SameThreadTimeoutInvocation.proceed(SameThreadTimeoutInvocation.java:45)
	at org.junit.jupiter.engine.extension.TimeoutExtension.intercept(TimeoutExtension.java:156)
	at org.junit.jupiter.engine.extension.TimeoutExtension.interceptTestableMethod(TimeoutExtension.java:147)
	at org.junit.jupiter.engine.extension.TimeoutExtension.interceptTestMethod(TimeoutExtension.java:86)
	at org.junit.jupiter.engine.execution.InterceptingExecutableInvoker$ReflectiveInterceptorCall.lambda$ofVoidMethod$0(InterceptingExecutableInvoker.java:103)
	at org.junit.jupiter.engine.execution.InterceptingExecutableInvoker.lambda$invoke$0(InterceptingExecutableInvoker.java:93)
	at org.junit.jupiter.engine.execution.InvocationInterceptorChain$InterceptedInvocation.proceed(InvocationInterceptorChain.java:106)
	at org.junit.jupiter.engine.execution.InvocationInterceptorChain.proceed(InvocationInterceptorChain.java:64)
	at org.junit.jupiter.engine.execution.InvocationInterceptorChain.chainAndInvoke(InvocationInterceptorChain.java:45)
	at org.junit.jupiter.engine.execution.InvocationInterceptorChain.invoke(InvocationInterceptorChain.java:37)
	at org.junit.jupiter.engine.execution.InterceptingExecutableInvoker.invoke(InterceptingExecutableInvoker.java:92)
	at org.junit.jupiter.engine.execution.InterceptingExecutableInvoker.invoke(InterceptingExecutableInvoker.java:86)
	at org.junit.jupiter.engine.descriptor.TestMethodTestDescriptor.lambda$invokeTestMethod$7(TestMethodTestDescriptor.java:218)
	at org.junit.platform.engine.support.hierarchical.ThrowableCollector.execute(ThrowableCollector.java:73)
	at org.junit.jupiter.engine.descriptor.TestMethodTestDescriptor.invokeTestMethod(TestMethodTestDescriptor.java:214)
	at org.junit.jupiter.engine.descriptor.TestMethodTestDescriptor.execute(TestMethodTestDescriptor.java:139)
	at org.junit.jupiter.engine.descriptor.TestMethodTestDescriptor.execute(TestMethodTestDescriptor.java:69)
	at org.junit.platform.engine.support.hierarchical.NodeTestTask.lambda$executeRecursively$6(NodeTestTask.java:151)
	at org.junit.platform.engine.support.hierarchical.ThrowableCollector.execute(ThrowableCollector.java:73)
	at org.junit.platform.engine.support.hierarchical.NodeTestTask.lambda$executeRecursively$8(NodeTestTask.java:141)
	at org.junit.platform.engine.support.hierarchical.Node.around(Node.java:137)
	at org.junit.platform.engine.support.hierarchical.NodeTestTask.lambda$executeRecursively$9(NodeTestTask.java:139)
	at org.junit.platform.engine.support.hierarchical.ThrowableCollector.execute(ThrowableCollector.java:73)
	at org.junit.platform.engine.support.hierarchical.NodeTestTask.executeRecursively(NodeTestTask.java:138)
	at org.junit.platform.engine.support.hierarchical.NodeTestTask.execute(NodeTestTask.java:95)
	at java.base/java.util.ArrayList.forEach(ArrayList.java:1511)
	at org.junit.platform.engine.support.hierarchical.SameThreadHierarchicalTestExecutorService.invokeAll(SameThreadHierarchicalTestExecutorService.java:41)
	at org.junit.platform.engine.support.hierarchical.NodeTestTask.lambda$executeRecursively$6(NodeTestTask.java:155)
	at org.junit.platform.engine.support.hierarchical.ThrowableCollector.execute(ThrowableCollector.java:73)
	at org.junit.platform.engine.support.hierarchical.NodeTestTask.lambda$executeRecursively$8(NodeTestTask.java:141)
	at org.junit.platform.engine.support.hierarchical.Node.around(Node.java:137)
	at org.junit.platform.engine.support.hierarchical.NodeTestTask.lambda$executeRecursively$9(NodeTestTask.java:139)
	at org.junit.platform.engine.support.hierarchical.ThrowableCollector.execute(ThrowableCollector.java:73)
	at org.junit.platform.engine.support.hierarchical.NodeTestTask.executeRecursively(NodeTestTask.java:138)
	at org.junit.platform.engine.support.hierarchical.NodeTestTask.execute(NodeTestTask.java:95)
	at java.base/java.util.ArrayList.forEach(ArrayList.java:1511)
	at org.junit.platform.engine.support.hierarchical.SameThreadHierarchicalTestExecutorService.invokeAll(SameThreadHierarchicalTestExecutorService.java:41)
	at org.junit.platform.engine.support.hierarchical.NodeTestTask.lambda$executeRecursively$6(NodeTestTask.java:155)
	at org.junit.platform.engine.support.hierarchical.ThrowableCollector.execute(ThrowableCollector.java:73)
	at org.junit.platform.engine.support.hierarchical.NodeTestTask.lambda$executeRecursively$8(NodeTestTask.java:141)
	at org.junit.platform.engine.support.hierarchical.Node.around(Node.java:137)
	at org.junit.platform.engine.support.hierarchical.NodeTestTask.lambda$executeRecursively$9(NodeTestTask.java:139)
	at org.junit.platform.engine.support.hierarchical.ThrowableCollector.execute(ThrowableCollector.java:73)
	at org.junit.platform.engine.support.hierarchical.NodeTestTask.executeRecursively(NodeTestTask.java:138)
	at org.junit.platform.engine.support.hierarchical.NodeTestTask.execute(NodeTestTask.java:95)
	at org.junit.platform.engine.support.hierarchical.SameThreadHierarchicalTestExecutorService.submit(SameThreadHierarchicalTestExecutorService.java:35)
	at org.junit.platform.engine.support.hierarchical.HierarchicalTestExecutor.execute(HierarchicalTestExecutor.java:57)
	at org.junit.platform.engine.support.hierarchical.HierarchicalTestEngine.execute(HierarchicalTestEngine.java:54)
	at org.junit.platform.launcher.core.EngineExecutionOrchestrator.execute(EngineExecutionOrchestrator.java:198)
	at org.junit.platform.launcher.core.EngineExecutionOrchestrator.execute(EngineExecutionOrchestrator.java:169)
	at org.junit.platform.launcher.core.EngineExecutionOrchestrator.execute(EngineExecutionOrchestrator.java:93)
	at org.junit.platform.launcher.core.EngineExecutionOrchestrator.lambda$execute$0(EngineExecutionOrchestrator.java:58)
	at org.junit.platform.launcher.core.EngineExecutionOrchestrator.withInterceptedStreams(EngineExecutionOrchestrator.java:141)
	at org.junit.platform.launcher.core.EngineExecutionOrchestrator.execute(EngineExecutionOrchestrator.java:57)
	at org.junit.platform.launcher.core.DefaultLauncher.execute(DefaultLauncher.java:103)
	at org.junit.platform.launcher.core.DefaultLauncher.execute(DefaultLauncher.java:85)
	at org.junit.platform.launcher.core.DelegatingLauncher.execute(DelegatingLauncher.java:47)
	at org.junit.platform.launcher.core.SessionPerRequestLauncher.execute(SessionPerRequestLauncher.java:63)
	at org.apache.maven.surefire.junitplatform.JUnitPlatformProvider.invokeAllTests(JUnitPlatformProvider.java:154)
	at org.apache.maven.surefire.junitplatform.JUnitPlatformProvider.invoke(JUnitPlatformProvider.java:123)
	at org.apache.maven.surefire.booter.ForkedBooter.runSuitesInProcess(ForkedBooter.java:377)
	at org.apache.maven.surefire.booter.ForkedBooter.execute(ForkedBooter.java:138)
	at org.apache.maven.surefire.booter.ForkedBooter.run(ForkedBooter.java:465)
	at org.apache.maven.surefire.booter.ForkedBooter.main(ForkedBooter.java:451)
2024-08-03 20:04:40,987 [main] INFO  om.OzoneManager (OzoneManager.java:addS3GVolumeToDB(4463)) - Created Volume s3v With Owner runner required for S3Gateway operations.
2024-08-03 20:04:40,987 [main] WARN  server.ServerUtils (ServerUtils.java:getDefaultRatisDirectory(311)) - Storage directory for Ratis is not configured. It is a good idea to map this to an SSD disk. Falling back to ozone.metadata.dirs
2024-08-03 20:04:40,987 [main] WARN  utils.OzoneManagerRatisUtils (OzoneManagerRatisUtils.java:getOMRatisSnapshotDirectory(475)) - ozone.om.ratis.snapshot.dir is not configured. Falling back to ozone.metadata.dirs config
2024-08-03 20:04:40,988 [main] INFO  utils.RDBSnapshotProvider (RDBSnapshotProvider.java:init(87)) - Cleaning up the candidate dir: /home/runner/work/ozone/ozone/hadoop-ozone/integration-test/target/test-dir/MiniOzoneClusterImpl-4c2a292f-c896-477d-a18b-b69de7e7ed64/omNode-3/snapshot/om.db.candidate
2024-08-03 20:04:40,988 [main] INFO  ratis_snapshot.OmRatisSnapshotProvider (OmRatisSnapshotProvider.java:<init>(99)) - Initializing OM Snapshot Provider
2024-08-03 20:04:41,005 [main] WARN  dropwizard3.Dm3MetricRegistriesImpl (Dm3MetricRegistriesImpl.java:addReporterRegistration(114)) - New reporters are added after registries were created. Some metrics will be missing from the reporter. Please add reporter before adding any new registry.
2024-08-03 20:04:41,006 [main] WARN  dropwizard3.Dm3MetricRegistriesImpl (Dm3MetricRegistriesImpl.java:addReporterRegistration(114)) - New reporters are added after registries were created. Some metrics will be missing from the reporter. Please add reporter before adding any new registry.
2024-08-03 20:04:41,006 [main] WARN  server.ServerUtils (ServerUtils.java:getDefaultRatisDirectory(311)) - Storage directory for Ratis is not configured. It is a good idea to map this to an SSD disk. Falling back to ozone.metadata.dirs
2024-08-03 20:04:41,008 [main] INFO  ratis.OzoneManagerRatisServer (OzoneManagerRatisServer.java:<init>(168)) - Instantiating OM Ratis server with groupID: om-add-remove and peers: localhost:15023, localhost:15015, localhost:15019
2024-08-03 20:04:41,008 [main] INFO  ratis.OzoneManagerStateMachine (OzoneManagerStateMachine.java:loadSnapshotInfoFromDB(593)) - TransactionInfo not found in OM DB.
2024-08-03 20:04:41,014 [omNode-1@group-0AAC5367B30E-LeaderElection3] INFO  impl.LeaderElection (LogUtils.java:infoOrTrace(136)) - omNode-1@group-0AAC5367B30E-LeaderElection3 got exception when requesting votes: java.util.concurrent.ExecutionException: org.apache.ratis.thirdparty.io.grpc.StatusRuntimeException: UNAVAILABLE: io exception
2024-08-03 20:04:41,018 [main] INFO  server.RaftServer (ConfUtils.java:logGet(46)) - raft.rpc.type = GRPC (default)
2024-08-03 20:04:41,018 [main] INFO  grpc.GrpcConfigKeys (ConfUtils.java:logFallback(53)) - raft.grpc.admin.host = null (fallback to raft.grpc.server.host)
2024-08-03 20:04:41,018 [main] INFO  grpc.GrpcConfigKeys (ConfUtils.java:logFallback(53)) - raft.grpc.admin.port = 15023 (fallback to raft.grpc.server.port)
2024-08-03 20:04:41,019 [main] INFO  grpc.GrpcConfigKeys (ConfUtils.java:logFallback(53)) - raft.grpc.client.host = null (fallback to raft.grpc.server.host)
2024-08-03 20:04:41,019 [main] INFO  grpc.GrpcConfigKeys (ConfUtils.java:logFallback(53)) - raft.grpc.client.port = 15023 (fallback to raft.grpc.server.port)
2024-08-03 20:04:41,019 [main] INFO  grpc.GrpcConfigKeys (ConfUtils.java:logGet(46)) - raft.grpc.server.host = null (default)
2024-08-03 20:04:41,019 [main] INFO  grpc.GrpcConfigKeys (ConfUtils.java:logGet(46)) - raft.grpc.server.port = 15023 (custom)
2024-08-03 20:04:41,019 [main] INFO  server.GrpcService (ConfUtils.java:logGet(46)) - raft.grpc.message.size.max = 4194304 (custom)
2024-08-03 20:04:41,019 [main] INFO  server.RaftServerConfigKeys (ConfUtils.java:logGet(46)) - raft.server.log.appender.buffer.byte-limit = 4194304 (custom)
2024-08-03 20:04:41,019 [main] INFO  server.GrpcService (ConfUtils.java:logGet(46)) - raft.grpc.flow.control.window = 1MB (=1048576) (default)
2024-08-03 20:04:41,019 [main] INFO  server.RaftServerConfigKeys (ConfUtils.java:logGet(46)) - raft.server.rpc.request.timeout = 3000ms (default)
2024-08-03 20:04:41,019 [main] INFO  grpc.GrpcConfigKeys (ConfUtils.java:logGet(46)) - raft.grpc.server.heartbeat.channel = true (default)
2024-08-03 20:04:41,020 [main] INFO  grpc.GrpcConfigKeys (ConfUtils.java:logGet(46)) - raft.grpc.server.async.request.thread.pool.cached = true (default)
2024-08-03 20:04:41,020 [main] INFO  grpc.GrpcConfigKeys (ConfUtils.java:logGet(46)) - raft.grpc.server.async.request.thread.pool.size = 32 (default)
2024-08-03 20:04:41,021 [main] INFO  impl.DataStreamServerImpl (ConfUtils.java:logGet(46)) - raft.datastream.type = DISABLED (default)
2024-08-03 20:04:41,021 [main] INFO  server.RaftServerConfigKeys (ConfUtils.java:logGet(46)) - raft.server.sleep.deviation.threshold = 300ms (default)
2024-08-03 20:04:41,021 [main] INFO  server.RaftServerConfigKeys (ConfUtils.java:logGet(46)) - raft.server.close.threshold = 60s (default)
2024-08-03 20:04:41,021 [main] INFO  server.RaftServerConfigKeys (ConfUtils.java:logGet(46)) - raft.server.leaderelection.leader.step-down.wait-time = 10s (default)
2024-08-03 20:04:41,021 [main] INFO  server.RaftServerConfigKeys (ConfUtils.java:logGet(46)) - raft.server.storage.dir = [/home/runner/work/ozone/ozone/hadoop-ozone/integration-test/target/test-dir/MiniOzoneClusterImpl-4c2a292f-c896-477d-a18b-b69de7e7ed64/omNode-3/ratis] (custom)
2024-08-03 20:04:41,021 [main] INFO  server.RaftServerConfigKeys (ConfUtils.java:logGet(46)) - raft.server.threadpool.proxy.cached = true (default)
2024-08-03 20:04:41,022 [main] INFO  server.RaftServerConfigKeys (ConfUtils.java:logGet(46)) - raft.server.threadpool.proxy.size = 0 (default)
2024-08-03 20:04:41,033 [main] INFO  server.RaftServer (RaftServerProxy.java:addNew(101)) - omNode-3: addNew group-0AAC5367B30E:[omNode-3|localhost:15023, omNode-1|localhost:15015, omNode-2|localhost:15019] returns group-0AAC5367B30E:java.util.concurrent.CompletableFuture@4214a4cb[Not completed]
2024-08-03 20:04:41,033 [omNode-3-groupManagement] INFO  server.RaftServer$Division (RaftServerImpl.java:<init>(253)) - omNode-3: new RaftServerImpl for group-0AAC5367B30E:[omNode-3|localhost:15023, omNode-1|localhost:15015, omNode-2|localhost:15019] with OzoneManagerStateMachine:uninitialized
2024-08-03 20:04:41,033 [main] INFO  om.OzoneManager (OzoneManager.java:initializeRatisServer(2168)) - OzoneManager Ratis server initialized at port 15023
2024-08-03 20:04:41,034 [omNode-3-groupManagement] INFO  server.RaftServerConfigKeys (ConfUtils.java:logGet(46)) - raft.server.rpc.timeout.min = 1s (custom)
2024-08-03 20:04:41,034 [main] INFO  om.OzoneManager (OzoneManager.java:getRpcServer(1228)) - Creating RPC Server
2024-08-03 20:04:41,034 [omNode-3-groupManagement] INFO  server.RaftServerConfigKeys (ConfUtils.java:logGet(46)) - raft.server.rpc.timeout.max = 1200ms (custom)
2024-08-03 20:04:41,034 [omNode-3-groupManagement] INFO  server.RaftServerConfigKeys (ConfUtils.java:logGet(46)) - raft.server.rpc.sleep.time = 25ms (default)
2024-08-03 20:04:41,034 [omNode-3-groupManagement] INFO  server.RaftServerConfigKeys (ConfUtils.java:logGet(46)) - raft.server.rpc.slowness.timeout = 2s (custom)
2024-08-03 20:04:41,034 [omNode-3-groupManagement] INFO  server.RaftServerConfigKeys (ConfUtils.java:logGet(46)) - raft.server.leaderelection.leader.step-down.wait-time = 10s (default)
2024-08-03 20:04:41,034 [omNode-3-groupManagement] INFO  server.RaftServerConfigKeys (ConfUtils.java:logGet(46)) - raft.server.leaderelection.member.majority-add = false (default)
2024-08-03 20:04:41,034 [omNode-3-groupManagement] INFO  server.RaftServerConfigKeys (ConfUtils.java:logGet(46)) - raft.server.sleep.deviation.threshold = 300ms (default)
2024-08-03 20:04:41,034 [omNode-3-groupManagement] INFO  server.RaftServer$Division (ServerState.java:<init>(114)) - omNode-3@group-0AAC5367B30E: ConfigurationManager, init=conf: {index: -1, cur=peers:[omNode-3|localhost:15023, omNode-1|localhost:15015, omNode-2|localhost:15019]|listeners:[], old=null}, confs=<EMPTY_MAP>
2024-08-03 20:04:41,034 [omNode-3-groupManagement] INFO  server.RaftServerConfigKeys (ConfUtils.java:logGet(46)) - raft.server.notification.no-leader.timeout = 2s (custom)
2024-08-03 20:04:41,035 [omNode-3-groupManagement] INFO  server.RaftServerConfigKeys (ConfUtils.java:logGet(46)) - raft.server.read.timeout = 10s (default)
2024-08-03 20:04:41,035 [omNode-3-groupManagement] INFO  server.RaftServerConfigKeys (ConfUtils.java:logGet(46)) - raft.server.retrycache.expirytime = 300s (custom)
2024-08-03 20:04:41,036 [omNode-3-groupManagement] INFO  server.RaftServerConfigKeys (ConfUtils.java:logGet(46)) - raft.server.retrycache.statistics.expirytime = 100ms (default)
2024-08-03 20:04:41,036 [omNode-3-groupManagement] INFO  server.RaftServerConfigKeys (ConfUtils.java:logGet(46)) - raft.server.read.option = DEFAULT (default)
2024-08-03 20:04:41,036 [omNode-3-groupManagement] INFO  server.RaftServerConfigKeys (ConfUtils.java:logGet(46)) - raft.server.read.read-after-write-consistent.write-index-cache.expiry-time = 60s (default)
2024-08-03 20:04:41,041 [omNode-3-groupManagement] INFO  server.RaftServerConfigKeys (ConfUtils.java:logGet(46)) - raft.server.rpc.request.timeout = 3000ms (default)
2024-08-03 20:04:41,041 [omNode-3-groupManagement] INFO  server.RaftServerConfigKeys (ConfUtils.java:logGet(46)) - raft.server.log.appender.install.snapshot.enabled = false (custom)
2024-08-03 20:04:41,041 [omNode-3-groupManagement] INFO  server.RaftServerConfigKeys (ConfUtils.java:logGet(46)) - raft.server.threadpool.server.cached = true (default)
2024-08-03 20:04:41,041 [omNode-3-groupManagement] INFO  server.RaftServerConfigKeys (ConfUtils.java:logGet(46)) - raft.server.threadpool.server.size = 0 (default)
2024-08-03 20:04:41,041 [omNode-3-groupManagement] INFO  server.RaftServerConfigKeys (ConfUtils.java:logGet(46)) - raft.server.threadpool.client.cached = true (default)
2024-08-03 20:04:41,041 [omNode-3-groupManagement] INFO  server.RaftServerConfigKeys (ConfUtils.java:logGet(46)) - raft.server.threadpool.client.size = 0 (default)
2024-08-03 20:04:41,127 [grpc-default-executor-1] INFO  server.RaftServer$Division (RaftServerImpl.java:requestVote(1416)) - omNode-2@group-0AAC5367B30E: receive requestVote(PRE_VOTE, omNode-1, group-0AAC5367B30E, 0, (t:0, i:~))
2024-08-03 20:04:41,128 [grpc-default-executor-1] INFO  impl.VoteContext (VoteContext.java:log(49)) - omNode-2@group-0AAC5367B30E-FOLLOWER: accept PRE_VOTE from omNode-1: our priority 0 <= candidate's priority 0
2024-08-03 20:04:41,135 [grpc-default-executor-1] INFO  server.RaftServer$Division (RaftServerImpl.java:requestVote(1449)) - omNode-2@group-0AAC5367B30E replies to PRE_VOTE vote request: omNode-1<-omNode-2#0:OK-t0. Peer's state: omNode-2@group-0AAC5367B30E:t0, leader=null, voted=, raftlog=Memoized:omNode-2@group-0AAC5367B30E-SegmentedRaftLog:OPENED:c-1:lastnull, conf=conf: {index: -1, cur=peers:[omNode-3|localhost:15023, omNode-1|localhost:15015, omNode-2|localhost:15019]|listeners:[], old=null}
2024-08-03 20:04:41,144 [omNode-1@group-0AAC5367B30E-LeaderElection3] INFO  impl.LeaderElection (LeaderElection.java:logAndReturn(89)) - omNode-1@group-0AAC5367B30E-LeaderElection3: PRE_VOTE PASSED received 1 response(s) and 1 exception(s):
2024-08-03 20:04:41,145 [omNode-1@group-0AAC5367B30E-LeaderElection3] INFO  impl.LeaderElection (LeaderElection.java:logAndReturn(93)) -   Response 0: omNode-1<-omNode-2#0:OK-t0
2024-08-03 20:04:41,145 [omNode-1@group-0AAC5367B30E-LeaderElection3] INFO  impl.LeaderElection (LogUtils.java:infoOrTrace(136)) -   Exception 1: java.util.concurrent.ExecutionException: org.apache.ratis.thirdparty.io.grpc.StatusRuntimeException: UNAVAILABLE: io exception
2024-08-03 20:04:41,146 [omNode-1@group-0AAC5367B30E-LeaderElection3] INFO  impl.LeaderElection (LeaderElection.java:askForVotes(323)) - omNode-1@group-0AAC5367B30E-LeaderElection3 PRE_VOTE round 0: result PASSED
2024-08-03 20:04:41,148 [omNode-1@group-0AAC5367B30E-LeaderElection3] INFO  impl.LeaderElection (LeaderElection.java:askForVotes(321)) - omNode-1@group-0AAC5367B30E-LeaderElection3 ELECTION round 0: submit vote requests at term 1 for conf: {index: -1, cur=peers:[omNode-3|localhost:15023, omNode-1|localhost:15015, omNode-2|localhost:15019]|listeners:[], old=null}
2024-08-03 20:04:41,160 [omNode-1@group-0AAC5367B30E-LeaderElection3] INFO  server.RaftServerConfigKeys (ConfUtils.java:logFallback(53)) - raft.server.rpc.first-election.timeout.min = 1s (fallback to raft.server.rpc.timeout.min)
2024-08-03 20:04:41,161 [omNode-1@group-0AAC5367B30E-LeaderElection3] INFO  server.RaftServerConfigKeys (ConfUtils.java:logFallback(53)) - raft.server.rpc.first-election.timeout.max = 1200ms (fallback to raft.server.rpc.timeout.max)
2024-08-03 20:04:41,161 [omNode-1@group-0AAC5367B30E-LeaderElection3] INFO  impl.LeaderElection (LogUtils.java:infoOrTrace(136)) - omNode-1@group-0AAC5367B30E-LeaderElection3 got exception when requesting votes: java.util.concurrent.ExecutionException: org.apache.ratis.thirdparty.io.grpc.StatusRuntimeException: UNAVAILABLE: io exception
2024-08-03 20:04:41,177 [grpc-default-executor-1] INFO  server.RaftServer$Division (RaftServerImpl.java:requestVote(1416)) - omNode-2@group-0AAC5367B30E: receive requestVote(ELECTION, omNode-1, group-0AAC5367B30E, 1, (t:0, i:~))
2024-08-03 20:04:41,177 [grpc-default-executor-1] INFO  impl.VoteContext (VoteContext.java:log(49)) - omNode-2@group-0AAC5367B30E-FOLLOWER: accept ELECTION from omNode-1: our priority 0 <= candidate's priority 0
2024-08-03 20:04:41,177 [grpc-default-executor-1] INFO  server.RaftServer$Division (RaftServerImpl.java:setRole(376)) - omNode-2@group-0AAC5367B30E: changes role from  FOLLOWER to FOLLOWER at term 1 for candidate:omNode-1
2024-08-03 20:04:41,177 [grpc-default-executor-1] INFO  impl.RoleInfo (RoleInfo.java:shutdownFollowerState(119)) - omNode-2: shutdown omNode-2@group-0AAC5367B30E-FollowerState
2024-08-03 20:04:41,178 [grpc-default-executor-1] INFO  impl.RoleInfo (RoleInfo.java:updateAndGet(148)) - omNode-2: start omNode-2@group-0AAC5367B30E-FollowerState
2024-08-03 20:04:41,178 [omNode-2@group-0AAC5367B30E-FollowerState] INFO  impl.FollowerState (FollowerState.java:run(153)) - omNode-2@group-0AAC5367B30E-FollowerState was interrupted
2024-08-03 20:04:41,184 [grpc-default-executor-1] INFO  server.RaftServer$Division (RaftServerImpl.java:setFirstElection(549)) - omNode-2@group-0AAC5367B30E: set firstElectionSinceStartup to false for candidate:omNode-1
2024-08-03 20:04:41,186 [grpc-default-executor-1] INFO  server.RaftServer$Division (RaftServerImpl.java:requestVote(1449)) - omNode-2@group-0AAC5367B30E replies to ELECTION vote request: omNode-1<-omNode-2#0:OK-t1. Peer's state: omNode-2@group-0AAC5367B30E:t1, leader=null, voted=omNode-1, raftlog=Memoized:omNode-2@group-0AAC5367B30E-SegmentedRaftLog:OPENED:c-1:lastnull, conf=conf: {index: -1, cur=peers:[omNode-3|localhost:15023, omNode-1|localhost:15015, omNode-2|localhost:15019]|listeners:[], old=null}
2024-08-03 20:04:41,188 [omNode-1@group-0AAC5367B30E-LeaderElection3] INFO  impl.LeaderElection (LeaderElection.java:logAndReturn(89)) - omNode-1@group-0AAC5367B30E-LeaderElection3: ELECTION PASSED received 1 response(s) and 1 exception(s):
2024-08-03 20:04:41,189 [omNode-1@group-0AAC5367B30E-LeaderElection3] INFO  impl.LeaderElection (LeaderElection.java:logAndReturn(93)) -   Response 0: omNode-1<-omNode-2#0:OK-t1
2024-08-03 20:04:41,189 [omNode-1@group-0AAC5367B30E-LeaderElection3] INFO  impl.LeaderElection (LogUtils.java:infoOrTrace(136)) -   Exception 1: java.util.concurrent.ExecutionException: org.apache.ratis.thirdparty.io.grpc.StatusRuntimeException: UNAVAILABLE: io exception
2024-08-03 20:04:41,189 [omNode-1@group-0AAC5367B30E-LeaderElection3] INFO  impl.LeaderElection (LeaderElection.java:askForVotes(323)) - omNode-1@group-0AAC5367B30E-LeaderElection3 ELECTION round 0: result PASSED
2024-08-03 20:04:41,189 [omNode-1@group-0AAC5367B30E-LeaderElection3] INFO  impl.RoleInfo (RoleInfo.java:shutdownLeaderElection(139)) - omNode-1: shutdown omNode-1@group-0AAC5367B30E-LeaderElection3
2024-08-03 20:04:41,189 [omNode-1@group-0AAC5367B30E-LeaderElection3] INFO  server.RaftServer$Division (RaftServerImpl.java:setRole(376)) - omNode-1@group-0AAC5367B30E: changes role from CANDIDATE to LEADER at term 1 for changeToLeader
2024-08-03 20:04:41,189 [omNode-1@group-0AAC5367B30E-LeaderElection3] INFO  server.RaftServerConfigKeys (ConfUtils.java:logGet(46)) - raft.server.staging.catchup.gap = 1000 (default)
2024-08-03 20:04:41,189 [omNode-1@group-0AAC5367B30E-LeaderElection3] INFO  server.RaftServerConfigKeys (ConfUtils.java:logGet(46)) - raft.server.write.element-limit = 4096 (default)
2024-08-03 20:04:41,189 [omNode-1@group-0AAC5367B30E-LeaderElection3] INFO  server.RaftServerConfigKeys (ConfUtils.java:logGet(46)) - raft.server.write.byte-limit = 64MB (=67108864) (default)
2024-08-03 20:04:41,190 [omNode-1@group-0AAC5367B30E-LeaderElection3] INFO  server.RaftServerConfigKeys (ConfUtils.java:logGet(46)) - raft.server.watch.timeout = 10s (default)
2024-08-03 20:04:41,190 [omNode-1@group-0AAC5367B30E-LeaderElection3] INFO  server.RaftServerConfigKeys (ConfUtils.java:logGet(46)) - raft.server.watch.timeout.denomination = 1s (default)
2024-08-03 20:04:41,190 [omNode-1@group-0AAC5367B30E-LeaderElection3] INFO  server.RaftServerConfigKeys (ConfUtils.java:logGet(46)) - raft.server.watch.element-limit = 65536 (default)
2024-08-03 20:04:41,190 [omNode-1@group-0AAC5367B30E-LeaderElection3] INFO  server.RaftServerConfigKeys (ConfUtils.java:logGet(46)) - raft.server.read.leader.lease.enabled = false (default)
2024-08-03 20:04:41,191 [omNode-1@group-0AAC5367B30E-LeaderElection3] INFO  server.RaftServerConfigKeys (ConfUtils.java:logGet(46)) - raft.server.read.leader.lease.timeout.ratio = 0.9 (default)
2024-08-03 20:04:41,191 [omNode-1@group-0AAC5367B30E-LeaderElection3] INFO  server.RaftServerConfigKeys (ConfUtils.java:logGet(46)) - raft.server.rpc.timeout.min = 1s (custom)
2024-08-03 20:04:41,191 [omNode-1@group-0AAC5367B30E-LeaderElection3] INFO  server.RaftServerConfigKeys (ConfUtils.java:logGet(46)) - raft.server.log.log-metadata.enabled = true (default)
2024-08-03 20:04:41,191 [omNode-1@group-0AAC5367B30E-LeaderElection3] INFO  server.RaftServerConfigKeys (ConfUtils.java:logGet(46)) - raft.server.write.element-limit = 4096 (default)
2024-08-03 20:04:41,191 [omNode-1@group-0AAC5367B30E-LeaderElection3] INFO  server.RaftServerConfigKeys (ConfUtils.java:logGet(46)) - raft.server.write.follower.gap.ratio.max = -1.0 (default)
2024-08-03 20:04:41,194 [omNode-1@group-0AAC5367B30E-LeaderElection3] INFO  server.RaftServerConfigKeys (ConfUtils.java:logGet(46)) - raft.server.log.appender.snapshot.chunk.size.max = 16MB (=16777216) (default)
2024-08-03 20:04:41,195 [omNode-1@group-0AAC5367B30E-LeaderElection3] INFO  server.RaftServerConfigKeys (ConfUtils.java:logGet(46)) - raft.server.log.appender.buffer.byte-limit = 4194304 (custom)
2024-08-03 20:04:41,195 [omNode-1@group-0AAC5367B30E-LeaderElection3] INFO  server.RaftServerConfigKeys (ConfUtils.java:logGet(46)) - raft.server.log.appender.buffer.element-limit = 1024 (custom)
2024-08-03 20:04:41,196 [omNode-1@group-0AAC5367B30E-LeaderElection3] INFO  server.RaftServerConfigKeys (ConfUtils.java:logGet(46)) - raft.server.log.appender.wait-time.min = 0ms (custom)
2024-08-03 20:04:41,197 [omNode-1@group-0AAC5367B30E-LeaderElection3] INFO  grpc.GrpcConfigKeys (ConfUtils.java:logGet(46)) - raft.grpc.server.leader.outstanding.appends.max = 8 (default)
2024-08-03 20:04:41,197 [omNode-1@group-0AAC5367B30E-LeaderElection3] INFO  server.RaftServerConfigKeys (ConfUtils.java:logGet(46)) - raft.server.rpc.request.timeout = 3000ms (default)
2024-08-03 20:04:41,198 [omNode-1@group-0AAC5367B30E-LeaderElection3] INFO  grpc.GrpcConfigKeys (ConfUtils.java:logGet(46)) - raft.grpc.server.install_snapshot.request.element-limit = 8 (default)
2024-08-03 20:04:41,198 [omNode-1@group-0AAC5367B30E-LeaderElection3] INFO  grpc.GrpcConfigKeys (ConfUtils.java:logGet(46)) - raft.grpc.server.install_snapshot.request.timeout = 3000ms (default)
2024-08-03 20:04:41,198 [omNode-1@group-0AAC5367B30E-LeaderElection3] INFO  grpc.GrpcConfigKeys (ConfUtils.java:logGet(46)) - raft.grpc.server.log-message.batch.duration = 5s (default)
2024-08-03 20:04:41,198 [omNode-1@group-0AAC5367B30E-LeaderElection3] INFO  server.RaftServerConfigKeys (ConfUtils.java:logGet(46)) - raft.server.log.appender.install.snapshot.enabled = false (custom)
2024-08-03 20:04:41,209 [omNode-1@group-0AAC5367B30E-LeaderElection3] INFO  grpc.GrpcConfigKeys (ConfUtils.java:logGet(46)) - raft.grpc.server.heartbeat.channel = true (default)
2024-08-03 20:04:41,214 [omNode-1@group-0AAC5367B30E-LeaderElection3] INFO  server.RaftServerConfigKeys (ConfUtils.java:logGet(46)) - raft.server.log.appender.snapshot.chunk.size.max = 16MB (=16777216) (default)
2024-08-03 20:04:41,214 [omNode-1@group-0AAC5367B30E-LeaderElection3] INFO  server.RaftServerConfigKeys (ConfUtils.java:logGet(46)) - raft.server.log.appender.buffer.byte-limit = 4194304 (custom)
2024-08-03 20:04:41,214 [omNode-1@group-0AAC5367B30E-LeaderElection3] INFO  server.RaftServerConfigKeys (ConfUtils.java:logGet(46)) - raft.server.log.appender.buffer.element-limit = 1024 (custom)
2024-08-03 20:04:41,214 [omNode-1@group-0AAC5367B30E-LeaderElection3] INFO  server.RaftServerConfigKeys (ConfUtils.java:logGet(46)) - raft.server.log.appender.wait-time.min = 0ms (custom)
2024-08-03 20:04:41,215 [omNode-1@group-0AAC5367B30E-LeaderElection3] INFO  grpc.GrpcConfigKeys (ConfUtils.java:logGet(46)) - raft.grpc.server.leader.outstanding.appends.max = 8 (default)
2024-08-03 20:04:41,215 [omNode-1@group-0AAC5367B30E-LeaderElection3] INFO  server.RaftServerConfigKeys (ConfUtils.java:logGet(46)) - raft.server.rpc.request.timeout = 3000ms (default)
2024-08-03 20:04:41,215 [omNode-1@group-0AAC5367B30E-LeaderElection3] INFO  grpc.GrpcConfigKeys (ConfUtils.java:logGet(46)) - raft.grpc.server.install_snapshot.request.element-limit = 8 (default)
2024-08-03 20:04:41,215 [omNode-1@group-0AAC5367B30E-LeaderElection3] INFO  grpc.GrpcConfigKeys (ConfUtils.java:logGet(46)) - raft.grpc.server.install_snapshot.request.timeout = 3000ms (default)
2024-08-03 20:04:41,215 [omNode-1@group-0AAC5367B30E-LeaderElection3] INFO  grpc.GrpcConfigKeys (ConfUtils.java:logGet(46)) - raft.grpc.server.log-message.batch.duration = 5s (default)
2024-08-03 20:04:41,215 [omNode-1@group-0AAC5367B30E-LeaderElection3] INFO  server.RaftServerConfigKeys (ConfUtils.java:logGet(46)) - raft.server.log.appender.install.snapshot.enabled = false (custom)
2024-08-03 20:04:41,215 [omNode-1@group-0AAC5367B30E-LeaderElection3] INFO  grpc.GrpcConfigKeys (ConfUtils.java:logGet(46)) - raft.grpc.server.heartbeat.channel = true (default)
2024-08-03 20:04:41,216 [omNode-1@group-0AAC5367B30E-LeaderElection3] INFO  impl.RoleInfo (RoleInfo.java:updateAndGet(148)) - omNode-1: start omNode-1@group-0AAC5367B30E-LeaderStateImpl
2024-08-03 20:04:41,216 [omNode-1@group-0AAC5367B30E-LeaderElection3] INFO  server.RaftServer$Division (RaftServerImpl.java:setFirstElection(549)) - omNode-1@group-0AAC5367B30E: set firstElectionSinceStartup to false for becomeLeader
2024-08-03 20:04:41,218 [omNode-1@group-0AAC5367B30E-LeaderElection3] INFO  server.RaftServer$Division (ServerState.java:setLeader(272)) - omNode-1@group-0AAC5367B30E: change Leader from null to omNode-1 at term 1 for becomeLeader, leader elected after 2638ms
2024-08-03 20:04:41,218 [omNode-1@group-0AAC5367B30E-LeaderElection3] INFO  segmented.SegmentedRaftLogWorker (SegmentedRaftLogWorker.java:startLogSegment(433)) - omNode-1@group-0AAC5367B30E-SegmentedRaftLogWorker: Starting segment from index:0
2024-08-03 20:04:41,219 [omNode-1@group-0AAC5367B30E-SegmentedRaftLogWorker] INFO  segmented.BufferedWriteChannel (BufferedWriteChannel.java:open(61)) - open log_inprogress_0 at position 0
2024-08-03 20:04:41,226 [omNode-1@group-0AAC5367B30E-LeaderElection3] INFO  server.RaftServer$Division (ServerState.java:setRaftConf(386)) - omNode-1@group-0AAC5367B30E: set configuration conf: {index: 0, cur=peers:[omNode-3|localhost:15023, omNode-1|localhost:15015, omNode-2|localhost:15019]|listeners:[], old=null}
2024-08-03 20:04:41,231 [omNode-1@group-0AAC5367B30E-SegmentedRaftLogWorker] INFO  segmented.SegmentedRaftLogWorker (SegmentedRaftLogWorker.java:execute(637)) - omNode-1@group-0AAC5367B30E-SegmentedRaftLogWorker: created new log segment /home/runner/work/ozone/ozone/hadoop-ozone/integration-test/target/test-dir/MiniOzoneClusterImpl-4c2a292f-c896-477d-a18b-b69de7e7ed64/omNode-1/ratis/0718e334-ffa1-36bc-8e9a-0aac5367b30e/current/log_inprogress_0
2024-08-03 20:04:41,324 [omNode-2-server-thread1] INFO  server.RaftServer$Division (ServerState.java:setLeader(272)) - omNode-2@group-0AAC5367B30E: change Leader from null to omNode-1 at term 1 for appendEntries, leader elected after 1224ms
2024-08-03 20:04:41,378 [omNode-2-server-thread2] INFO  server.RaftServer$Division (ServerState.java:setRaftConf(386)) - omNode-2@group-0AAC5367B30E: set configuration conf: {index: 0, cur=peers:[omNode-3|localhost:15023, omNode-1|localhost:15015, omNode-2|localhost:15019]|listeners:[], old=null}
2024-08-03 20:04:41,383 [omNode-2-server-thread2] INFO  segmented.SegmentedRaftLogWorker (SegmentedRaftLogWorker.java:startLogSegment(433)) - omNode-2@group-0AAC5367B30E-SegmentedRaftLogWorker: Starting segment from index:0
2024-08-03 20:04:41,385 [omNode-2@group-0AAC5367B30E-SegmentedRaftLogWorker] INFO  segmented.BufferedWriteChannel (BufferedWriteChannel.java:open(61)) - open log_inprogress_0 at position 0
2024-08-03 20:04:41,396 [omNode-2@group-0AAC5367B30E-SegmentedRaftLogWorker] INFO  segmented.SegmentedRaftLogWorker (SegmentedRaftLogWorker.java:execute(637)) - omNode-2@group-0AAC5367B30E-SegmentedRaftLogWorker: created new log segment /home/runner/work/ozone/ozone/hadoop-ozone/integration-test/target/test-dir/MiniOzoneClusterImpl-4c2a292f-c896-477d-a18b-b69de7e7ed64/omNode-2/ratis/0718e334-ffa1-36bc-8e9a-0aac5367b30e/current/log_inprogress_0
2024-08-03 20:04:41,504 [omNode-1@group-0AAC5367B30E-StateMachineUpdater] INFO  ratis.OzoneManagerStateMachine (OzoneManagerStateMachine.java:notifyConfigurationChanged(216)) - Received Configuration change notification from Ratis. New Peer list:
[id: "omNode-3"
address: "localhost:15023"
startupRole: FOLLOWER
, id: "omNode-1"
address: "localhost:15015"
startupRole: FOLLOWER
, id: "omNode-2"
address: "localhost:15019"
startupRole: FOLLOWER
]
2024-08-03 20:04:41,505 [omNode-1@group-0AAC5367B30E-StateMachineUpdater] INFO  server.RaftServer$Division (LeaderStateImpl.java:checkStartIndex(316)) - Leader omNode-1@group-0AAC5367B30E-LeaderStateImpl is ready since appliedIndex == startIndex == 0
2024-08-03 20:04:41,548 [main] INFO  reflections.Reflections (Reflections.java:scan(219)) - Reflections took 513 ms to scan 20 urls, producing 59 keys and 6664 values
2024-08-03 20:04:41,550 [main] INFO  ipc.CallQueueManager (CallQueueManager.java:<init>(90)) - Using callQueue: class java.util.concurrent.LinkedBlockingQueue, queueCapacity: 2000, scheduler: class org.apache.hadoop.ipc.DefaultRpcScheduler, ipcBackoff: false.
2024-08-03 20:04:41,551 [main] INFO  ipc.Server (Server.java:<init>(1287)) - Listener at 127.0.0.1:15020
2024-08-03 20:04:41,551 [Socket Reader #1 for port 15020] INFO  ipc.Server (Server.java:run(1323)) - Starting Socket Reader #1 for port 15020
2024-08-03 20:04:41,571 [main] INFO  impl.MetricsSystemImpl (MetricsSystemImpl.java:init(158)) - OzoneManager metrics system started (again)
2024-08-03 20:04:41,580 [main] INFO  om.OzoneManager (OzoneManager.java:start(1650)) - OzoneManager RPC server is listening at localhost/127.0.0.1:15020
2024-08-03 20:04:41,581 [main] INFO  ratis.OzoneManagerRatisServer (OzoneManagerRatisServer.java:start(594)) - Starting OzoneManagerRatisServer omNode-3 at port 15023
2024-08-03 20:04:41,581 [omNode-3-impl-thread1] INFO  server.RaftServerConfigKeys (ConfUtils.java:logGet(46)) - raft.server.storage.free-space.min = 0MB (=0) (default)
2024-08-03 20:04:41,581 [omNode-3-impl-thread1] INFO  server.RaftServerConfigKeys (ConfUtils.java:logGet(46)) - raft.server.log.corruption.policy = EXCEPTION (default)
2024-08-03 20:04:41,581 [omNode-3-impl-thread1] INFO  server.RaftServerConfigKeys (ConfUtils.java:logGet(46)) - raft.server.storage.dir = [/home/runner/work/ozone/ozone/hadoop-ozone/integration-test/target/test-dir/MiniOzoneClusterImpl-4c2a292f-c896-477d-a18b-b69de7e7ed64/omNode-3/ratis] (custom)
2024-08-03 20:04:41,581 [omNode-3-impl-thread1] INFO  storage.RaftStorageDirectory (RaftStorageDirectoryImpl.java:analyzeStorage(138)) - The storage directory /home/runner/work/ozone/ozone/hadoop-ozone/integration-test/target/test-dir/MiniOzoneClusterImpl-4c2a292f-c896-477d-a18b-b69de7e7ed64/omNode-3/ratis/0718e334-ffa1-36bc-8e9a-0aac5367b30e does not exist. Creating ...
2024-08-03 20:04:41,582 [omNode-3-impl-thread1] INFO  storage.RaftStorageDirectory (RaftStorageDirectoryImpl.java:tryLock(229)) - Lock on /home/runner/work/ozone/ozone/hadoop-ozone/integration-test/target/test-dir/MiniOzoneClusterImpl-4c2a292f-c896-477d-a18b-b69de7e7ed64/omNode-3/ratis/0718e334-ffa1-36bc-8e9a-0aac5367b30e/in_use.lock acquired by nodename 59896@fv-az976-615
2024-08-03 20:04:41,583 [omNode-3-impl-thread1] INFO  storage.RaftStorage (RaftStorageImpl.java:format(98)) - Storage directory /home/runner/work/ozone/ozone/hadoop-ozone/integration-test/target/test-dir/MiniOzoneClusterImpl-4c2a292f-c896-477d-a18b-b69de7e7ed64/omNode-3/ratis/0718e334-ffa1-36bc-8e9a-0aac5367b30e has been successfully formatted.
2024-08-03 20:04:41,584 [omNode-3-impl-thread1] INFO  server.RaftServerConfigKeys (ConfUtils.java:logGet(46)) - raft.server.log.use.memory = false (default)
2024-08-03 20:04:41,584 [omNode-3-impl-thread1] INFO  server.RaftServerConfigKeys (ConfUtils.java:logGet(46)) - raft.server.log.purge.gap = 1000000 (custom)
2024-08-03 20:04:41,584 [omNode-3-impl-thread1] INFO  server.RaftServerConfigKeys (ConfUtils.java:logGet(46)) - raft.server.log.appender.buffer.byte-limit = 4194304 (custom)
2024-08-03 20:04:41,584 [omNode-3-impl-thread1] INFO  server.RaftServerConfigKeys (ConfUtils.java:logGet(46)) - raft.server.log.statemachine.data.read.timeout = 1000ms (default)
2024-08-03 20:04:41,584 [omNode-3-impl-thread1] INFO  server.RaftServerConfigKeys (ConfUtils.java:logGet(46)) - raft.server.log.purge.preservation.log.num = 0 (default)
2024-08-03 20:04:41,586 [omNode-3-impl-thread1] INFO  server.RaftServerConfigKeys (ConfUtils.java:logGet(46)) - raft.server.log.segment.size.max = 4194304 (custom)
2024-08-03 20:04:41,587 [omNode-3-impl-thread1] INFO  server.RaftServerConfigKeys (ConfUtils.java:logGet(46)) - raft.server.log.segment.cache.num.max = 2 (custom)
2024-08-03 20:04:41,587 [omNode-3-impl-thread1] INFO  server.RaftServerConfigKeys (ConfUtils.java:logGet(46)) - raft.server.log.segment.cache.size.max = 200MB (=209715200) (default)
2024-08-03 20:04:41,587 [omNode-3-impl-thread1] INFO  server.RaftServerConfigKeys (ConfUtils.java:logGet(46)) - raft.server.log.appender.buffer.byte-limit = 4194304 (custom)
2024-08-03 20:04:41,589 [omNode-3-impl-thread1] INFO  util.AwaitToRun (AwaitToRun.java:start(81)) - Thread[omNode-3@group-0AAC5367B30E-cacheEviction-AwaitToRun,5,main] started
2024-08-03 20:04:41,589 [omNode-3-impl-thread1] INFO  segmented.SegmentedRaftLogWorker (SegmentedRaftLogWorker.java:<init>(184)) - new omNode-3@group-0AAC5367B30E-SegmentedRaftLogWorker for RaftStorageImpl:Storage Directory /home/runner/work/ozone/ozone/hadoop-ozone/integration-test/target/test-dir/MiniOzoneClusterImpl-4c2a292f-c896-477d-a18b-b69de7e7ed64/omNode-3/ratis/0718e334-ffa1-36bc-8e9a-0aac5367b30e
2024-08-03 20:04:41,589 [omNode-3-impl-thread1] INFO  server.RaftServerConfigKeys (ConfUtils.java:logGet(46)) - raft.server.log.queue.byte-limit = 64MB (=67108864) (default)
2024-08-03 20:04:41,589 [omNode-3-impl-thread1] INFO  server.RaftServerConfigKeys (ConfUtils.java:logGet(46)) - raft.server.log.queue.element-limit = 4096 (default)
2024-08-03 20:04:41,589 [omNode-3-impl-thread1] INFO  server.RaftServerConfigKeys (ConfUtils.java:logGet(46)) - raft.server.log.segment.size.max = 4194304 (custom)
2024-08-03 20:04:41,589 [omNode-3-impl-thread1] INFO  server.RaftServerConfigKeys (ConfUtils.java:logGet(46)) - raft.server.log.preallocated.size = 4194304 (custom)
2024-08-03 20:04:41,589 [omNode-3-impl-thread1] INFO  server.RaftServerConfigKeys (ConfUtils.java:logGet(46)) - raft.server.log.force.sync.num = 128 (default)
2024-08-03 20:04:41,589 [omNode-3-impl-thread1] INFO  server.RaftServerConfigKeys (ConfUtils.java:logGet(46)) - raft.server.log.statemachine.data.sync = true (default)
2024-08-03 20:04:41,590 [omNode-3-impl-thread1] INFO  server.RaftServerConfigKeys (ConfUtils.java:logGet(46)) - raft.server.log.statemachine.data.sync.timeout = 10s (default)
2024-08-03 20:04:41,590 [omNode-3-impl-thread1] INFO  server.RaftServerConfigKeys (ConfUtils.java:logGet(46)) - raft.server.log.statemachine.data.sync.timeout.retry = -1 (default)
2024-08-03 20:04:41,590 [omNode-3-impl-thread1] INFO  server.RaftServerConfigKeys (ConfUtils.java:logGet(46)) - raft.server.log.write.buffer.size = 4194312 (custom)
2024-08-03 20:04:41,591 [omNode-3-impl-thread1] INFO  server.RaftServerConfigKeys (ConfUtils.java:logGet(46)) - raft.server.log.appender.buffer.byte-limit = 4194304 (custom)
2024-08-03 20:04:41,591 [omNode-3-impl-thread1] INFO  server.RaftServerConfigKeys (ConfUtils.java:logGet(46)) - raft.server.log.unsafe-flush.enabled = false (default)
2024-08-03 20:04:41,591 [omNode-3-impl-thread1] INFO  server.RaftServerConfigKeys (ConfUtils.java:logGet(46)) - raft.server.log.async-flush.enabled = false (default)
2024-08-03 20:04:41,591 [omNode-3-impl-thread1] INFO  server.RaftServerConfigKeys (ConfUtils.java:logGet(46)) - raft.server.log.statemachine.data.caching.enabled = false (default)
2024-08-03 20:04:41,591 [omNode-3-impl-thread1] INFO  segmented.SegmentedRaftLogWorker (SegmentedRaftLogWorker.java:lambda$new$0(135)) - omNode-3@group-0AAC5367B30E-SegmentedRaftLogWorker: flushIndex: setUnconditionally 0 -> -1
2024-08-03 20:04:41,591 [omNode-3-impl-thread1] INFO  segmented.SegmentedRaftLogWorker (SegmentedRaftLogWorker.java:lambda$new$0(135)) - omNode-3@group-0AAC5367B30E-SegmentedRaftLogWorker: safeCacheEvictIndex: setUnconditionally 0 -> -1
2024-08-03 20:04:41,597 [omNode-3-impl-thread1] INFO  server.RaftServer$Division (RaftServerImpl.java:start(389)) - omNode-3@group-0AAC5367B30E: start as a follower, conf=conf: {index: -1, cur=peers:[omNode-3|localhost:15023, omNode-1|localhost:15015, omNode-2|localhost:15019]|listeners:[], old=null}
2024-08-03 20:04:41,597 [omNode-3-impl-thread1] INFO  server.RaftServer$Division (RaftServerImpl.java:setRole(376)) - omNode-3@group-0AAC5367B30E: changes role from      null to FOLLOWER at term 0 for startAsFollower
2024-08-03 20:04:41,597 [omNode-3-impl-thread1] INFO  impl.RoleInfo (RoleInfo.java:updateAndGet(148)) - omNode-3: start omNode-3@group-0AAC5367B30E-FollowerState
2024-08-03 20:04:41,598 [omNode-3@group-0AAC5367B30E-FollowerState] INFO  server.RaftServerConfigKeys (ConfUtils.java:logFallback(53)) - raft.server.rpc.first-election.timeout.min = 1s (fallback to raft.server.rpc.timeout.min)
2024-08-03 20:04:41,598 [omNode-3-impl-thread1] INFO  util.JmxRegister (JmxRegister.java:tryRegister(44)) - Successfully registered JMX Bean with object name Ratis:service=RaftServer,group=group-0AAC5367B30E,id=omNode-3
2024-08-03 20:04:41,598 [omNode-3-impl-thread1] INFO  util.JmxRegister (JmxRegister.java:register(58)) - register mxBean class org.apache.ratis.server.impl.RaftServerJmxAdapter as Ratis:service=RaftServer,group=group-0AAC5367B30E,id=omNode-3
2024-08-03 20:04:41,598 [omNode-3-impl-thread1] INFO  server.RaftServerConfigKeys (ConfUtils.java:logGet(46)) - raft.server.snapshot.trigger-when-stop.enabled = true (default)
2024-08-03 20:04:41,598 [omNode-3-impl-thread1] INFO  server.RaftServerConfigKeys (ConfUtils.java:logGet(46)) - raft.server.snapshot.trigger-when-remove.enabled = true (default)
2024-08-03 20:04:41,599 [omNode-3-impl-thread1] INFO  server.RaftServerConfigKeys (ConfUtils.java:logGet(46)) - raft.server.snapshot.auto.trigger.enabled = true (custom)
2024-08-03 20:04:41,599 [omNode-3-impl-thread1] INFO  server.RaftServerConfigKeys (ConfUtils.java:logGet(46)) - raft.server.snapshot.auto.trigger.threshold = 400000 (default)
2024-08-03 20:04:41,599 [omNode-3-impl-thread1] INFO  server.RaftServerConfigKeys (ConfUtils.java:logGet(46)) - raft.server.snapshot.retention.file.num = -1 (default)
2024-08-03 20:04:41,599 [omNode-3-impl-thread1] INFO  server.RaftServerConfigKeys (ConfUtils.java:logGet(46)) - raft.server.log.purge.upto.snapshot.index = true (custom)
2024-08-03 20:04:41,600 [omNode-3@group-0AAC5367B30E-FollowerState] INFO  server.RaftServerConfigKeys (ConfUtils.java:logFallback(53)) - raft.server.rpc.first-election.timeout.max = 1200ms (fallback to raft.server.rpc.timeout.max)
2024-08-03 20:04:41,605 [main] INFO  server.RaftServer (RaftServerProxy.java:startImpl(408)) - omNode-3: start RPC server
2024-08-03 20:04:41,606 [main] INFO  server.GrpcService (GrpcService.java:startImpl(302)) - omNode-3: GrpcService started, listening on 15023
2024-08-03 20:04:41,609 [JvmPauseMonitor4] INFO  util.JvmPauseMonitor (JvmPauseMonitor.java:run(146)) - JvmPauseMonitor-omNode-3: Started
2024-08-03 20:04:41,609 [main] INFO  om.OzoneManager (OzoneManager.java:start(1666)) - Version File has different layout version (6) than OM DB (null). That is expected if this OM has never been finalized to a newer layout version.
2024-08-03 20:04:41,618 [main] INFO  client.ScmTopologyClient (ScmTopologyClient.java:start(72)) - Initial network topology fetched from SCM: /.
2024-08-03 20:04:41,618 [main] INFO  net.NodeSchemaLoader (NodeSchemaLoader.java:loadSchemaFromFile(129)) - Loading schema from [jar:file:/home/runner/work/ozone/ozone/hadoop-hdds/common/target/hdds-common-1.5.0-SNAPSHOT.jar!/network-topology-default.xml]
2024-08-03 20:04:41,618 [main] INFO  net.NodeSchemaLoader (NodeSchemaLoader.java:loadSchema(176)) - Loading network topology layer schema file
2024-08-03 20:04:41,624 [main] INFO  http.BaseHttpServer (BaseHttpServer.java:newHttpServer2BuilderForOzone(223)) - Starting Web-server for ozoneManager at: http://0.0.0.0:15021
2024-08-03 20:04:41,625 [main] INFO  http.BaseHttpServer (BaseHttpServer.java:<init>(110)) - Hadoop Security Enabled: false Ozone Security Enabled: false Ozone HTTP Security Enabled: false 
2024-08-03 20:04:41,626 [main] WARN  server.AuthenticationFilter (AuthenticationFilter.java:constructSecretProvider(240)) - Unable to initialize FileSignerSecretProvider, falling back to use random secrets. Reason: Could not read signature secret file: /home/runner/hadoop-http-auth-signature-secret
2024-08-03 20:04:41,627 [main] INFO  http.HttpRequestLog (HttpRequestLog.java:getRequestLog(86)) - Http request log for http.requests.ozoneManager is not defined
2024-08-03 20:04:41,628 [main] INFO  http.HttpServer2 (HttpServer2.java:addGlobalFilter(1035)) - Added global filter 'safety' (class=org.apache.hadoop.hdds.server.http.HttpServer2$QuotingInputFilter)
2024-08-03 20:04:41,629 [main] INFO  http.HttpServer2 (HttpServer2.java:addFilter(1011)) - Added filter static_user_filter (class=org.apache.hadoop.http.lib.StaticUserWebFilter$StaticUserFilter) to context ozoneManager
2024-08-03 20:04:41,629 [main] INFO  http.HttpServer2 (HttpServer2.java:addFilter(1019)) - Added filter static_user_filter (class=org.apache.hadoop.http.lib.StaticUserWebFilter$StaticUserFilter) to context static
2024-08-03 20:04:41,629 [main] INFO  http.HttpServer2 (HttpServer2.java:addFilter(1019)) - Added filter static_user_filter (class=org.apache.hadoop.http.lib.StaticUserWebFilter$StaticUserFilter) to context logs
2024-08-03 20:04:41,630 [main] INFO  http.BaseHttpServer (BaseHttpServer.java:<init>(189)) - HTTP server of ozoneManager uses base directory /home/runner/work/ozone/ozone/hadoop-ozone/integration-test/target/test-dir/MiniOzoneClusterImpl-4c2a292f-c896-477d-a18b-b69de7e7ed64/omNode-3/webserver
2024-08-03 20:04:41,630 [main] INFO  http.HttpServer2 (HttpServer2.java:bindListener(1235)) - Jetty bound to port 15021
2024-08-03 20:04:41,631 [main] INFO  server.Server (Server.java:doStart(375)) - jetty-9.4.55.v20240627; built: 2024-06-27T15:05:37.765Z; git: 70015831e5195ba74da6383c4ab7c90c56bb08af; jvm 17.0.12+7
2024-08-03 20:04:41,635 [main] INFO  server.session (DefaultSessionIdManager.java:doStart(334)) - DefaultSessionIdManager workerName=node0
2024-08-03 20:04:41,635 [main] INFO  server.session (DefaultSessionIdManager.java:doStart(339)) - No SessionScavenger set, using defaults
2024-08-03 20:04:41,635 [main] INFO  server.session (HouseKeeper.java:startScavenging(132)) - node0 Scavenging every 600000ms
2024-08-03 20:04:41,636 [main] INFO  handler.ContextHandler (ContextHandler.java:doStart(921)) - Started o.e.j.s.ServletContextHandler@e02f48e{logs,/logs,file:///home/runner/work/ozone/ozone/hadoop-ozone/integration-test/target/log,AVAILABLE}
2024-08-03 20:04:41,637 [main] INFO  handler.ContextHandler (ContextHandler.java:doStart(921)) - Started o.e.j.s.ServletContextHandler@58f24e38{static,/static,file:///home/runner/work/ozone/ozone/hadoop-ozone/integration-test/target/test-classes/webapps/static,AVAILABLE}
2024-08-03 20:04:41,645 [main] INFO  handler.ContextHandler (ContextHandler.java:doStart(921)) - Started o.e.j.w.WebAppContext@730325d9{ozoneManager,/,file:///home/runner/work/ozone/ozone/hadoop-ozone/integration-test/target/test-classes/webapps/ozoneManager/,AVAILABLE}{file:/home/runner/work/ozone/ozone/hadoop-ozone/integration-test/target/test-classes/webapps/ozoneManager}
2024-08-03 20:04:41,646 [main] INFO  server.AbstractConnector (AbstractConnector.java:doStart(333)) - Started ServerConnector@1cce63a4{HTTP/1.1, (http/1.1)}{0.0.0.0:15021}
2024-08-03 20:04:41,646 [main] INFO  server.Server (Server.java:doStart(415)) - Started @21025ms
2024-08-03 20:04:41,647 [main] WARN  impl.MetricsSystemImpl (MetricsSystemImpl.java:register(279)) - Sink prometheus already exists!
2024-08-03 20:04:41,647 [main] INFO  http.BaseHttpServer (BaseHttpServer.java:updateConnectorAddress(354)) - HTTP server of ozoneManager listening at http://0.0.0.0:15021
2024-08-03 20:04:41,648 [IPC Server Responder] INFO  ipc.Server (Server.java:run(1562)) - IPC Server Responder: starting
2024-08-03 20:04:41,648 [IPC Server listener on 15020] INFO  ipc.Server (Server.java:run(1402)) - IPC Server listener on 15020: starting
2024-08-03 20:04:41,651 [main] INFO  om.OzoneManager (OzoneManager.java:startTrashEmptier(2121)) - Trash Interval set to 0. Files deleted won't move to trash
2024-08-03 20:04:41,651 [main] INFO  ozone.MiniOzoneHAClusterImpl (MiniOzoneHAClusterImpl.java:createOMService(517)) - Started OzoneManager omNode-3 RPC server at localhost/127.0.0.1:15020
2024-08-03 20:04:41,756 [main] WARN  dropwizard3.Dm3MetricRegistriesImpl (Dm3MetricRegistriesImpl.java:addReporterRegistration(114)) - New reporters are added after registries were created. Some metrics will be missing from the reporter. Please add reporter before adding any new registry.
2024-08-03 20:04:41,757 [main] WARN  dropwizard3.Dm3MetricRegistriesImpl (Dm3MetricRegistriesImpl.java:addReporterRegistration(114)) - New reporters are added after registries were created. Some metrics will be missing from the reporter. Please add reporter before adding any new registry.
2024-08-03 20:04:41,758 [main] INFO  impl.MetricsSystemImpl (MetricsSystemImpl.java:init(158)) - HddsDatanode metrics system started (again)
2024-08-03 20:04:41,779 [main] INFO  ozone.HddsDatanodeService (HddsDatanodeService.java:start(236)) - HddsDatanodeService host:fv-az976-615 ip:10.1.0.32
2024-08-03 20:04:41,785 [main] INFO  upgrade.AbstractLayoutVersionManager (AbstractLayoutVersionManager.java:init(83)) - Initializing Layout version manager with metadata layout = HADOOP_PRC_PORTS_IN_DATANODEDETAILS (version = 7), software layout = HADOOP_PRC_PORTS_IN_DATANODEDETAILS (version = 7)
2024-08-03 20:04:41,788 [main] INFO  ha.SCMNodeInfo (SCMNodeInfo.java:getPort(197)) - ConfigKey ozone.scm.client.address is deprecated, For configuring different ports for each SCM use PortConfigKey ozone.scm.client.port appended with serviceId and nodeId
2024-08-03 20:04:41,788 [main] INFO  ha.SCMNodeInfo (SCMNodeInfo.java:getPort(197)) - ConfigKey ozone.scm.block.client.address is deprecated, For configuring different ports for each SCM use PortConfigKey ozone.scm.block.client.port appended with serviceId and nodeId
2024-08-03 20:04:41,789 [main] INFO  ha.SCMNodeInfo (SCMNodeInfo.java:getPort(197)) - ConfigKey ozone.scm.security.service.address is deprecated, For configuring different ports for each SCM use PortConfigKey ozone.scm.security.service.port appended with serviceId and nodeId
2024-08-03 20:04:41,789 [main] INFO  ha.SCMNodeInfo (SCMNodeInfo.java:getPort(197)) - ConfigKey ozone.scm.datanode.address is deprecated, For configuring different ports for each SCM use PortConfigKey ozone.scm.datanode.port appended with serviceId and nodeId
2024-08-03 20:04:41,790 [main] INFO  statemachine.DatanodeStateMachine (DatanodeStateMachine.java:getEndPointTaskThreadPoolSize(292)) - Datanode State Machine Task Thread Pool size 2
2024-08-03 20:04:41,841 [main] INFO  volume.HddsVolume (HddsVolume.java:<init>(126)) - Creating HddsVolume: /home/runner/work/ozone/ozone/hadoop-ozone/integration-test/target/test-dir/MiniOzoneClusterImpl-4c2a292f-c896-477d-a18b-b69de7e7ed64/ozone-meta/datanode-1/data-0/hdds of storage type : DISK capacity : 9222449699674390527
2024-08-03 20:04:41,843 [main] INFO  volume.MutableVolumeSet (MutableVolumeSet.java:initializeVolumeSet(173)) - Added Volume : /home/runner/work/ozone/ozone/hadoop-ozone/integration-test/target/test-dir/MiniOzoneClusterImpl-4c2a292f-c896-477d-a18b-b69de7e7ed64/ozone-meta/datanode-1/data-0/hdds to VolumeSet
2024-08-03 20:04:41,846 [main] INFO  volume.MutableVolumeSet (MutableVolumeSet.java:initializeVolumeSet(173)) - Added Volume : /home/runner/work/ozone/ozone/hadoop-ozone/integration-test/target/test-dir/MiniOzoneClusterImpl-4c2a292f-c896-477d-a18b-b69de7e7ed64/ozone-meta/datanode-1/ratis to VolumeSet
2024-08-03 20:04:41,849 [main] INFO  ozoneimpl.OzoneContainer (HddsVolumeUtil.java:loadAllHddsVolumeDbStore(103)) - Load 1 volumes DbStore cost: 1ms
2024-08-03 20:04:41,905 [main] INFO  audit.AuditLogger (AuditLogger.java:refreshDebugCmdSet(135)) - Refresh DebugCmdSet for DNAudit to [].
2024-08-03 20:04:41,907 [omNode-2@group-0AAC5367B30E-StateMachineUpdater] INFO  ratis.OzoneManagerStateMachine (OzoneManagerStateMachine.java:notifyConfigurationChanged(216)) - Received Configuration change notification from Ratis. New Peer list:
[id: "omNode-3"
address: "localhost:15023"
startupRole: FOLLOWER
, id: "omNode-1"
address: "localhost:15015"
startupRole: FOLLOWER
, id: "omNode-2"
address: "localhost:15019"
startupRole: FOLLOWER
]
2024-08-03 20:04:41,932 [main] INFO  server.RaftServer (ConfUtils.java:logGet(46)) - raft.rpc.type = GRPC (default)
2024-08-03 20:04:41,932 [main] INFO  grpc.GrpcConfigKeys (ConfUtils.java:logFallback(53)) - raft.grpc.admin.host = null (fallback to raft.grpc.server.host)
2024-08-03 20:04:41,932 [main] INFO  grpc.GrpcConfigKeys (ConfUtils.java:logGet(46)) - raft.grpc.admin.port = 15029 (custom)
2024-08-03 20:04:41,932 [main] INFO  grpc.GrpcConfigKeys (ConfUtils.java:logFallback(53)) - raft.grpc.client.host = null (fallback to raft.grpc.server.host)
2024-08-03 20:04:41,933 [main] INFO  grpc.GrpcConfigKeys (ConfUtils.java:logGet(46)) - raft.grpc.client.port = 15028 (custom)
2024-08-03 20:04:41,933 [main] INFO  grpc.GrpcConfigKeys (ConfUtils.java:logGet(46)) - raft.grpc.server.host = null (default)
2024-08-03 20:04:41,933 [main] INFO  grpc.GrpcConfigKeys (ConfUtils.java:logGet(46)) - raft.grpc.server.port = 15030 (custom)
2024-08-03 20:04:41,933 [main] INFO  server.GrpcService (ConfUtils.java:logGet(46)) - raft.grpc.message.size.max = 32MB (=33554432) (custom)
2024-08-03 20:04:41,933 [main] INFO  server.RaftServerConfigKeys (ConfUtils.java:logGet(46)) - raft.server.log.appender.buffer.byte-limit = 8388608 (custom)
2024-08-03 20:04:41,933 [main] INFO  server.GrpcService (ConfUtils.java:logGet(46)) - raft.grpc.flow.control.window = 5MB (=5242880) (custom)
2024-08-03 20:04:41,933 [main] INFO  server.RaftServerConfigKeys (ConfUtils.java:logGet(46)) - raft.server.rpc.request.timeout = 60s (custom)
2024-08-03 20:04:41,934 [main] INFO  grpc.GrpcConfigKeys (ConfUtils.java:logGet(46)) - raft.grpc.server.heartbeat.channel = true (default)
2024-08-03 20:04:41,934 [main] INFO  grpc.GrpcConfigKeys (ConfUtils.java:logGet(46)) - raft.grpc.server.async.request.thread.pool.cached = true (default)
2024-08-03 20:04:41,934 [main] INFO  grpc.GrpcConfigKeys (ConfUtils.java:logGet(46)) - raft.grpc.server.async.request.thread.pool.size = 32 (default)
2024-08-03 20:04:41,936 [main] INFO  impl.DataStreamServerImpl (ConfUtils.java:logGet(46)) - raft.datastream.type = NETTY (custom)
2024-08-03 20:04:41,943 [main] INFO  server.RaftServerConfigKeys (ConfUtils.java:logGet(46)) - raft.server.data-stream.async.request.thread.pool.cached = false (default)
2024-08-03 20:04:41,944 [main] INFO  server.RaftServerConfigKeys (ConfUtils.java:logGet(46)) - raft.server.data-stream.async.request.thread.pool.size = 20 (custom)
2024-08-03 20:04:41,944 [main] INFO  server.RaftServerConfigKeys (ConfUtils.java:logGet(46)) - raft.server.data-stream.async.write.thread.pool.size = 16 (default)
2024-08-03 20:04:41,946 [main] INFO  netty.NettyConfigKeys$DataStream (ConfUtils.java:logGet(46)) - raft.netty.dataStream.server.channel.inactive.grace-period = 10min (default)
2024-08-03 20:04:41,946 [main] INFO  server.RaftServerConfigKeys (ConfUtils.java:logGet(46)) - raft.server.data-stream.client.pool.size = 10 (default)
2024-08-03 20:04:41,948 [main] INFO  netty.NettyConfigKeys$DataStream (ConfUtils.java:logGet(46)) - raft.netty.dataStream.server.use-epoll = true (default)
2024-08-03 20:04:41,948 [main] INFO  netty.NettyConfigKeys$DataStream (ConfUtils.java:logGet(46)) - raft.netty.dataStream.server.boss-group.size = 0 (default)
2024-08-03 20:04:41,949 [main] INFO  netty.NettyUtils (NettyUtils.java:newEventLoopGroup(74)) - Create EpollEventLoopGroup for 23b8e6c4-9ef5-4db8-98cf-56f7581f9eb2-NettyServerStreamRpc-bossGroup; Thread size is 0.
2024-08-03 20:04:41,950 [main] INFO  netty.NettyConfigKeys$DataStream (ConfUtils.java:logGet(46)) - raft.netty.dataStream.server.worker-group.size = 0 (default)
2024-08-03 20:04:41,950 [main] INFO  netty.NettyUtils (NettyUtils.java:newEventLoopGroup(74)) - Create EpollEventLoopGroup for 23b8e6c4-9ef5-4db8-98cf-56f7581f9eb2-NettyServerStreamRpc-workerGroup; Thread size is 0.
2024-08-03 20:04:41,951 [main] INFO  netty.NettyConfigKeys$DataStream (ConfUtils.java:logGet(46)) - raft.netty.dataStream.server.tls.conf = null (default)
2024-08-03 20:04:41,952 [main] INFO  netty.NettyConfigKeys$DataStream (ConfUtils.java:logGet(46)) - raft.netty.dataStream.host = null (default)
2024-08-03 20:04:41,953 [main] INFO  netty.NettyConfigKeys$DataStream (ConfUtils.java:logGet(46)) - raft.netty.dataStream.port = 15031 (custom)
2024-08-03 20:04:41,955 [main] INFO  server.RaftServerConfigKeys (ConfUtils.java:logGet(46)) - raft.server.sleep.deviation.threshold = 300ms (default)
2024-08-03 20:04:41,955 [main] INFO  server.RaftServerConfigKeys (ConfUtils.java:logGet(46)) - raft.server.close.threshold = 60s (default)
2024-08-03 20:04:41,956 [main] INFO  server.RaftServerConfigKeys (ConfUtils.java:logGet(46)) - raft.server.leaderelection.leader.step-down.wait-time = 10s (default)
2024-08-03 20:04:41,956 [main] INFO  server.RaftServerConfigKeys (ConfUtils.java:logGet(46)) - raft.server.storage.dir = [/home/runner/work/ozone/ozone/hadoop-ozone/integration-test/target/test-dir/MiniOzoneClusterImpl-4c2a292f-c896-477d-a18b-b69de7e7ed64/ozone-meta/datanode-1/ratis] (custom)
2024-08-03 20:04:41,957 [main] INFO  server.RaftServerConfigKeys (ConfUtils.java:logGet(46)) - raft.server.threadpool.proxy.cached = true (default)
2024-08-03 20:04:41,957 [main] INFO  server.RaftServerConfigKeys (ConfUtils.java:logGet(46)) - raft.server.threadpool.proxy.size = 0 (default)
2024-08-03 20:04:41,961 [23b8e6c4-9ef5-4db8-98cf-56f7581f9eb2-impl-thread1] INFO  server.RaftServer (RaftServerProxy.java:initGroupDir(266)) - 23b8e6c4-9ef5-4db8-98cf-56f7581f9eb2: found a subdirectory /home/runner/work/ozone/ozone/hadoop-ozone/integration-test/target/test-dir/MiniOzoneClusterImpl-4c2a292f-c896-477d-a18b-b69de7e7ed64/ozone-meta/datanode-1/ratis/tmp
2024-08-03 20:04:41,961 [23b8e6c4-9ef5-4db8-98cf-56f7581f9eb2-NettyServerStreamRpc-bossGroup--thread1] INFO  logging.LoggingHandler (AbstractInternalLogger.java:log(148)) - [id: 0x070e9e69] REGISTERED
2024-08-03 20:04:41,962 [23b8e6c4-9ef5-4db8-98cf-56f7581f9eb2-NettyServerStreamRpc-bossGroup--thread1] INFO  logging.LoggingHandler (AbstractInternalLogger.java:log(148)) - [id: 0x070e9e69] BIND: 0.0.0.0/0.0.0.0:15031
2024-08-03 20:04:41,962 [23b8e6c4-9ef5-4db8-98cf-56f7581f9eb2-NettyServerStreamRpc-bossGroup--thread1] INFO  logging.LoggingHandler (AbstractInternalLogger.java:log(148)) - [id: 0x070e9e69, L:/0.0.0.0:15031] ACTIVE
2024-08-03 20:04:41,961 [23b8e6c4-9ef5-4db8-98cf-56f7581f9eb2-impl-thread1] INFO  server.RaftServer (RaftServerProxy.java:initGroupDir(271)) - 23b8e6c4-9ef5-4db8-98cf-56f7581f9eb2: The directory /home/runner/work/ozone/ozone/hadoop-ozone/integration-test/target/test-dir/MiniOzoneClusterImpl-4c2a292f-c896-477d-a18b-b69de7e7ed64/ozone-meta/datanode-1/ratis/tmp is not a group directory; ignoring it. 
2024-08-03 20:04:41,965 [main] INFO  replication.ReplicationServer (ReplicationServer.java:<init>(86)) - Initializing replication server with thread count = 10 queue length = 4096
2024-08-03 20:04:41,981 [main] INFO  server.XceiverServerGrpc (XceiverServerGrpc.java:<init>(141)) - GrpcServer channel type EpollServerSocketChannel
2024-08-03 20:04:42,010 [main] INFO  replication.ReplicationSupervisor (ReplicationSupervisor.java:build(157)) - Initializing replication supervisor with thread count = 10
2024-08-03 20:04:42,012 [main] INFO  replication.ReplicationSupervisor (ReplicationSupervisor.java:nodeStateUpdated(312)) - Node state updated to IN_SERVICE, scaling executor pool size to 10
2024-08-03 20:04:42,063 [main] INFO  http.BaseHttpServer (BaseHttpServer.java:newHttpServer2BuilderForOzone(223)) - Starting Web-server for hddsDatanode at: http://0.0.0.0:15025
2024-08-03 20:04:42,063 [main] INFO  http.BaseHttpServer (BaseHttpServer.java:<init>(110)) - Hadoop Security Enabled: false Ozone Security Enabled: false Ozone HTTP Security Enabled: false 
2024-08-03 20:04:42,065 [main] WARN  server.AuthenticationFilter (AuthenticationFilter.java:constructSecretProvider(240)) - Unable to initialize FileSignerSecretProvider, falling back to use random secrets. Reason: Could not read signature secret file: /home/runner/hadoop-http-auth-signature-secret
2024-08-03 20:04:42,071 [main] INFO  http.HttpRequestLog (HttpRequestLog.java:getRequestLog(86)) - Http request log for http.requests.hddsDatanode is not defined
2024-08-03 20:04:42,073 [main] INFO  http.HttpServer2 (HttpServer2.java:addGlobalFilter(1035)) - Added global filter 'safety' (class=org.apache.hadoop.hdds.server.http.HttpServer2$QuotingInputFilter)
2024-08-03 20:04:42,075 [main] INFO  http.HttpServer2 (HttpServer2.java:addFilter(1011)) - Added filter static_user_filter (class=org.apache.hadoop.http.lib.StaticUserWebFilter$StaticUserFilter) to context hddsDatanode
2024-08-03 20:04:42,075 [main] INFO  http.HttpServer2 (HttpServer2.java:addFilter(1019)) - Added filter static_user_filter (class=org.apache.hadoop.http.lib.StaticUserWebFilter$StaticUserFilter) to context logs
2024-08-03 20:04:42,075 [main] INFO  http.HttpServer2 (HttpServer2.java:addFilter(1019)) - Added filter static_user_filter (class=org.apache.hadoop.http.lib.StaticUserWebFilter$StaticUserFilter) to context static
2024-08-03 20:04:42,076 [main] INFO  http.BaseHttpServer (BaseHttpServer.java:<init>(189)) - HTTP server of hddsDatanode uses base directory /home/runner/work/ozone/ozone/hadoop-ozone/integration-test/target/test-dir/MiniOzoneClusterImpl-4c2a292f-c896-477d-a18b-b69de7e7ed64/ozone-meta/datanode-1/meta/webserver
2024-08-03 20:04:42,076 [main] INFO  http.HttpServer2 (HttpServer2.java:bindListener(1235)) - Jetty bound to port 15025
2024-08-03 20:04:42,076 [main] INFO  server.Server (Server.java:doStart(375)) - jetty-9.4.55.v20240627; built: 2024-06-27T15:05:37.765Z; git: 70015831e5195ba74da6383c4ab7c90c56bb08af; jvm 17.0.12+7
2024-08-03 20:04:42,075 [omNode-3-server-thread1] INFO  server.RaftServer$Division (RaftServerImpl.java:setFirstElection(549)) - omNode-3@group-0AAC5367B30E: set firstElectionSinceStartup to false for appendEntries
2024-08-03 20:04:42,077 [omNode-3-server-thread1] INFO  server.RaftServer$Division (ServerState.java:setLeader(272)) - omNode-3@group-0AAC5367B30E: change Leader from null to omNode-1 at term 1 for appendEntries, leader elected after 1040ms
2024-08-03 20:04:42,077 [omNode-3-server-thread1] INFO  server.RaftServer$Division (RaftServerImpl.java:checkInconsistentAppendEntries(1651)) - omNode-3@group-0AAC5367B30E: Failed appendEntries as previous log entry ((t:1, i:0)) is not found
2024-08-03 20:04:42,077 [omNode-3-server-thread1] INFO  server.RaftServer$Division (RaftServerImpl.java:appendEntriesAsync(1584)) - omNode-3@group-0AAC5367B30E: appendEntries* reply omNode-1<-omNode-3#1069:FAIL-t0,INCONSISTENCY,nextIndex=0,followerCommit=-1,matchIndex=-1
2024-08-03 20:04:42,082 [omNode-3-server-thread1] INFO  server.RaftServer$Division (ServerState.java:setRaftConf(386)) - omNode-3@group-0AAC5367B30E: set configuration conf: {index: 0, cur=peers:[omNode-3|localhost:15023, omNode-1|localhost:15015, omNode-2|localhost:15019]|listeners:[], old=null}
2024-08-03 20:04:42,082 [omNode-3-server-thread1] INFO  segmented.SegmentedRaftLogWorker (SegmentedRaftLogWorker.java:startLogSegment(433)) - omNode-3@group-0AAC5367B30E-SegmentedRaftLogWorker: Starting segment from index:0
2024-08-03 20:04:42,082 [omNode-3@group-0AAC5367B30E-SegmentedRaftLogWorker] INFO  segmented.BufferedWriteChannel (BufferedWriteChannel.java:open(61)) - open log_inprogress_0 at position 0
2024-08-03 20:04:42,084 [main] INFO  server.session (DefaultSessionIdManager.java:doStart(334)) - DefaultSessionIdManager workerName=node0
2024-08-03 20:04:42,084 [main] INFO  server.session (DefaultSessionIdManager.java:doStart(339)) - No SessionScavenger set, using defaults
2024-08-03 20:04:42,084 [main] INFO  server.session (HouseKeeper.java:startScavenging(132)) - node0 Scavenging every 660000ms
2024-08-03 20:04:42,085 [main] INFO  handler.ContextHandler (ContextHandler.java:doStart(921)) - Started o.e.j.s.ServletContextHandler@9c3a9d6{logs,/logs,file:///home/runner/work/ozone/ozone/hadoop-ozone/integration-test/target/log,AVAILABLE}
2024-08-03 20:04:42,086 [main] INFO  handler.ContextHandler (ContextHandler.java:doStart(921)) - Started o.e.j.s.ServletContextHandler@1e0fe174{static,/static,jar:file:/home/runner/work/ozone/ozone/hadoop-hdds/container-service/target/hdds-container-service-1.5.0-SNAPSHOT.jar!/webapps/static,AVAILABLE}
2024-08-03 20:04:42,093 [omNode-3@group-0AAC5367B30E-SegmentedRaftLogWorker] INFO  segmented.SegmentedRaftLogWorker (SegmentedRaftLogWorker.java:execute(637)) - omNode-3@group-0AAC5367B30E-SegmentedRaftLogWorker: created new log segment /home/runner/work/ozone/ozone/hadoop-ozone/integration-test/target/test-dir/MiniOzoneClusterImpl-4c2a292f-c896-477d-a18b-b69de7e7ed64/omNode-3/ratis/0718e334-ffa1-36bc-8e9a-0aac5367b30e/current/log_inprogress_0
2024-08-03 20:04:42,100 [omNode-3@group-0AAC5367B30E-StateMachineUpdater] INFO  ratis.OzoneManagerStateMachine (OzoneManagerStateMachine.java:notifyConfigurationChanged(216)) - Received Configuration change notification from Ratis. New Peer list:
[id: "omNode-3"
address: "localhost:15023"
startupRole: FOLLOWER
, id: "omNode-1"
address: "localhost:15015"
startupRole: FOLLOWER
, id: "omNode-2"
address: "localhost:15019"
startupRole: FOLLOWER
]
2024-08-03 20:04:42,341 [main] INFO  handler.ContextHandler (ContextHandler.java:doStart(921)) - Started o.e.j.w.WebAppContext@4787abde{hddsDatanode,/,file:///home/runner/work/ozone/ozone/hadoop-ozone/integration-test/target/test-dir/MiniOzoneClusterImpl-4c2a292f-c896-477d-a18b-b69de7e7ed64/ozone-meta/datanode-1/meta/webserver/jetty-0_0_0_0-15025-hdds-container-service-1_5_0-SNAPSHOT_jar-_-any-4712055346902899995/webapp/,AVAILABLE}{jar:file:/home/runner/work/ozone/ozone/hadoop-hdds/container-service/target/hdds-container-service-1.5.0-SNAPSHOT.jar!/webapps/hddsDatanode}
2024-08-03 20:04:42,342 [main] INFO  server.AbstractConnector (AbstractConnector.java:doStart(333)) - Started ServerConnector@70700265{HTTP/1.1, (http/1.1)}{0.0.0.0:15025}
2024-08-03 20:04:42,342 [main] INFO  server.Server (Server.java:doStart(415)) - Started @21721ms
2024-08-03 20:04:42,342 [main] WARN  impl.MetricsSystemImpl (MetricsSystemImpl.java:register(279)) - Sink prometheus already exists!
2024-08-03 20:04:42,343 [main] INFO  http.BaseHttpServer (BaseHttpServer.java:updateConnectorAddress(354)) - HTTP server of hddsDatanode listening at http://0.0.0.0:15025
2024-08-03 20:04:42,346 [main] INFO  ipc.CallQueueManager (CallQueueManager.java:<init>(90)) - Using callQueue: class java.util.concurrent.LinkedBlockingQueue, queueCapacity: 100, scheduler: class org.apache.hadoop.ipc.DefaultRpcScheduler, ipcBackoff: false.
2024-08-03 20:04:42,346 [main] INFO  ipc.Server (Server.java:<init>(1287)) - Listener at 0.0.0.0:15026
2024-08-03 20:04:42,346 [Socket Reader #1 for port 15026] INFO  ipc.Server (Server.java:run(1323)) - Starting Socket Reader #1 for port 15026
2024-08-03 20:04:42,348 [main] INFO  ozone.HddsDatanodeService (HddsDatanodeService.java:start(320)) - Datanode start with admins: [runner]
2024-08-03 20:04:42,349 [main] INFO  ozone.HddsDatanodeClientProtocolServer (HddsDatanodeClientProtocolServer.java:start(77)) - RPC server for Client /0.0.0.0:15026
2024-08-03 20:04:42,350 [IPC Server Responder] INFO  ipc.Server (Server.java:run(1562)) - IPC Server Responder: starting
2024-08-03 20:04:42,350 [IPC Server listener on 15026] INFO  ipc.Server (Server.java:run(1402)) - IPC Server listener on 15026: starting
2024-08-03 20:04:42,353 [main] WARN  dropwizard3.Dm3MetricRegistriesImpl (Dm3MetricRegistriesImpl.java:addReporterRegistration(114)) - New reporters are added after registries were created. Some metrics will be missing from the reporter. Please add reporter before adding any new registry.
2024-08-03 20:04:42,353 [main] WARN  dropwizard3.Dm3MetricRegistriesImpl (Dm3MetricRegistriesImpl.java:addReporterRegistration(114)) - New reporters are added after registries were created. Some metrics will be missing from the reporter. Please add reporter before adding any new registry.
2024-08-03 20:04:42,353 [main] INFO  impl.MetricsSystemImpl (MetricsSystemImpl.java:init(158)) - HddsDatanode metrics system started (again)
2024-08-03 20:04:42,355 [23b8e6c4-9ef5-4db8-98cf-56f7581f9eb2-DatanodeStateMachineDaemonThread] INFO  statemachine.DatanodeStateMachine (DatanodeStateMachine.java:startStateMachineThread(335)) - Ozone container server started.
2024-08-03 20:04:42,359 [23b8e6c4-9ef5-4db8-98cf-56f7581f9eb2-DatanodeStateMachineTaskThread-0] INFO  ha.SCMNodeInfo (SCMNodeInfo.java:getPort(197)) - ConfigKey ozone.scm.client.address is deprecated, For configuring different ports for each SCM use PortConfigKey ozone.scm.client.port appended with serviceId and nodeId
2024-08-03 20:04:42,359 [23b8e6c4-9ef5-4db8-98cf-56f7581f9eb2-DatanodeStateMachineTaskThread-0] INFO  ha.SCMNodeInfo (SCMNodeInfo.java:getPort(197)) - ConfigKey ozone.scm.block.client.address is deprecated, For configuring different ports for each SCM use PortConfigKey ozone.scm.block.client.port appended with serviceId and nodeId
2024-08-03 20:04:42,359 [23b8e6c4-9ef5-4db8-98cf-56f7581f9eb2-DatanodeStateMachineTaskThread-0] INFO  ha.SCMNodeInfo (SCMNodeInfo.java:getPort(197)) - ConfigKey ozone.scm.security.service.address is deprecated, For configuring different ports for each SCM use PortConfigKey ozone.scm.security.service.port appended with serviceId and nodeId
2024-08-03 20:04:42,359 [23b8e6c4-9ef5-4db8-98cf-56f7581f9eb2-DatanodeStateMachineTaskThread-0] INFO  ha.SCMNodeInfo (SCMNodeInfo.java:getPort(197)) - ConfigKey ozone.scm.datanode.address is deprecated, For configuring different ports for each SCM use PortConfigKey ozone.scm.datanode.port appended with serviceId and nodeId
2024-08-03 20:04:42,368 [main] INFO  ozone.HddsDatanodeService (HddsDatanodeService.java:start(236)) - HddsDatanodeService host:fv-az976-615 ip:10.1.0.32
2024-08-03 20:04:42,371 [main] INFO  upgrade.AbstractLayoutVersionManager (AbstractLayoutVersionManager.java:init(83)) - Initializing Layout version manager with metadata layout = HADOOP_PRC_PORTS_IN_DATANODEDETAILS (version = 7), software layout = HADOOP_PRC_PORTS_IN_DATANODEDETAILS (version = 7)
2024-08-03 20:04:42,372 [main] INFO  ha.SCMNodeInfo (SCMNodeInfo.java:getPort(197)) - ConfigKey ozone.scm.client.address is deprecated, For configuring different ports for each SCM use PortConfigKey ozone.scm.client.port appended with serviceId and nodeId
2024-08-03 20:04:42,372 [main] INFO  ha.SCMNodeInfo (SCMNodeInfo.java:getPort(197)) - ConfigKey ozone.scm.block.client.address is deprecated, For configuring different ports for each SCM use PortConfigKey ozone.scm.block.client.port appended with serviceId and nodeId
2024-08-03 20:04:42,372 [main] INFO  ha.SCMNodeInfo (SCMNodeInfo.java:getPort(197)) - ConfigKey ozone.scm.security.service.address is deprecated, For configuring different ports for each SCM use PortConfigKey ozone.scm.security.service.port appended with serviceId and nodeId
2024-08-03 20:04:42,372 [main] INFO  ha.SCMNodeInfo (SCMNodeInfo.java:getPort(197)) - ConfigKey ozone.scm.datanode.address is deprecated, For configuring different ports for each SCM use PortConfigKey ozone.scm.datanode.port appended with serviceId and nodeId
2024-08-03 20:04:42,373 [main] INFO  statemachine.DatanodeStateMachine (DatanodeStateMachine.java:getEndPointTaskThreadPoolSize(292)) - Datanode State Machine Task Thread Pool size 2
2024-08-03 20:04:42,383 [main] INFO  volume.HddsVolume (HddsVolume.java:<init>(126)) - Creating HddsVolume: /home/runner/work/ozone/ozone/hadoop-ozone/integration-test/target/test-dir/MiniOzoneClusterImpl-4c2a292f-c896-477d-a18b-b69de7e7ed64/ozone-meta/datanode-2/data-0/hdds of storage type : DISK capacity : 9222449699674390527
2024-08-03 20:04:42,384 [main] INFO  volume.MutableVolumeSet (MutableVolumeSet.java:initializeVolumeSet(173)) - Added Volume : /home/runner/work/ozone/ozone/hadoop-ozone/integration-test/target/test-dir/MiniOzoneClusterImpl-4c2a292f-c896-477d-a18b-b69de7e7ed64/ozone-meta/datanode-2/data-0/hdds to VolumeSet
2024-08-03 20:04:42,388 [main] INFO  volume.MutableVolumeSet (MutableVolumeSet.java:initializeVolumeSet(173)) - Added Volume : /home/runner/work/ozone/ozone/hadoop-ozone/integration-test/target/test-dir/MiniOzoneClusterImpl-4c2a292f-c896-477d-a18b-b69de7e7ed64/ozone-meta/datanode-2/ratis to VolumeSet
2024-08-03 20:04:42,389 [main] INFO  ozoneimpl.OzoneContainer (HddsVolumeUtil.java:loadAllHddsVolumeDbStore(103)) - Load 1 volumes DbStore cost: 0ms
2024-08-03 20:04:42,393 [main] INFO  server.RaftServer (ConfUtils.java:logGet(46)) - raft.rpc.type = GRPC (default)
2024-08-03 20:04:42,393 [main] INFO  grpc.GrpcConfigKeys (ConfUtils.java:logFallback(53)) - raft.grpc.admin.host = null (fallback to raft.grpc.server.host)
2024-08-03 20:04:42,394 [main] INFO  grpc.GrpcConfigKeys (ConfUtils.java:logGet(46)) - raft.grpc.admin.port = 15038 (custom)
2024-08-03 20:04:42,394 [main] INFO  grpc.GrpcConfigKeys (ConfUtils.java:logFallback(53)) - raft.grpc.client.host = null (fallback to raft.grpc.server.host)
2024-08-03 20:04:42,394 [main] INFO  grpc.GrpcConfigKeys (ConfUtils.java:logGet(46)) - raft.grpc.client.port = 15037 (custom)
2024-08-03 20:04:42,394 [main] INFO  grpc.GrpcConfigKeys (ConfUtils.java:logGet(46)) - raft.grpc.server.host = null (default)
2024-08-03 20:04:42,394 [main] INFO  grpc.GrpcConfigKeys (ConfUtils.java:logGet(46)) - raft.grpc.server.port = 15039 (custom)
2024-08-03 20:04:42,394 [main] INFO  server.GrpcService (ConfUtils.java:logGet(46)) - raft.grpc.message.size.max = 32MB (=33554432) (custom)
2024-08-03 20:04:42,394 [main] INFO  server.RaftServerConfigKeys (ConfUtils.java:logGet(46)) - raft.server.log.appender.buffer.byte-limit = 8388608 (custom)
2024-08-03 20:04:42,394 [main] INFO  server.GrpcService (ConfUtils.java:logGet(46)) - raft.grpc.flow.control.window = 5MB (=5242880) (custom)
2024-08-03 20:04:42,394 [main] INFO  server.RaftServerConfigKeys (ConfUtils.java:logGet(46)) - raft.server.rpc.request.timeout = 60s (custom)
2024-08-03 20:04:42,395 [main] INFO  grpc.GrpcConfigKeys (ConfUtils.java:logGet(46)) - raft.grpc.server.heartbeat.channel = true (default)
2024-08-03 20:04:42,395 [main] INFO  grpc.GrpcConfigKeys (ConfUtils.java:logGet(46)) - raft.grpc.server.async.request.thread.pool.cached = true (default)
2024-08-03 20:04:42,395 [main] INFO  grpc.GrpcConfigKeys (ConfUtils.java:logGet(46)) - raft.grpc.server.async.request.thread.pool.size = 32 (default)
2024-08-03 20:04:42,397 [main] INFO  impl.DataStreamServerImpl (ConfUtils.java:logGet(46)) - raft.datastream.type = NETTY (custom)
2024-08-03 20:04:42,397 [main] INFO  server.RaftServerConfigKeys (ConfUtils.java:logGet(46)) - raft.server.data-stream.async.request.thread.pool.cached = false (default)
2024-08-03 20:04:42,397 [main] INFO  server.RaftServerConfigKeys (ConfUtils.java:logGet(46)) - raft.server.data-stream.async.request.thread.pool.size = 20 (custom)
2024-08-03 20:04:42,398 [main] INFO  server.RaftServerConfigKeys (ConfUtils.java:logGet(46)) - raft.server.data-stream.async.write.thread.pool.size = 16 (default)
2024-08-03 20:04:42,398 [main] INFO  netty.NettyConfigKeys$DataStream (ConfUtils.java:logGet(46)) - raft.netty.dataStream.server.channel.inactive.grace-period = 10min (default)
2024-08-03 20:04:42,398 [main] INFO  server.RaftServerConfigKeys (ConfUtils.java:logGet(46)) - raft.server.data-stream.client.pool.size = 10 (default)
2024-08-03 20:04:42,398 [main] INFO  netty.NettyConfigKeys$DataStream (ConfUtils.java:logGet(46)) - raft.netty.dataStream.server.use-epoll = true (default)
2024-08-03 20:04:42,398 [main] INFO  netty.NettyConfigKeys$DataStream (ConfUtils.java:logGet(46)) - raft.netty.dataStream.server.boss-group.size = 0 (default)
2024-08-03 20:04:42,398 [main] INFO  netty.NettyUtils (NettyUtils.java:newEventLoopGroup(74)) - Create EpollEventLoopGroup for 3dd31e9f-fa72-4829-9441-ee2f0f7ab9e4-NettyServerStreamRpc-bossGroup; Thread size is 0.
2024-08-03 20:04:42,399 [main] INFO  netty.NettyConfigKeys$DataStream (ConfUtils.java:logGet(46)) - raft.netty.dataStream.server.worker-group.size = 0 (default)
2024-08-03 20:04:42,399 [main] INFO  netty.NettyUtils (NettyUtils.java:newEventLoopGroup(74)) - Create EpollEventLoopGroup for 3dd31e9f-fa72-4829-9441-ee2f0f7ab9e4-NettyServerStreamRpc-workerGroup; Thread size is 0.
2024-08-03 20:04:42,400 [main] INFO  netty.NettyConfigKeys$DataStream (ConfUtils.java:logGet(46)) - raft.netty.dataStream.server.tls.conf = null (default)
2024-08-03 20:04:42,400 [main] INFO  netty.NettyConfigKeys$DataStream (ConfUtils.java:logGet(46)) - raft.netty.dataStream.host = null (default)
2024-08-03 20:04:42,400 [main] INFO  netty.NettyConfigKeys$DataStream (ConfUtils.java:logGet(46)) - raft.netty.dataStream.port = 15040 (custom)
2024-08-03 20:04:42,401 [main] INFO  server.RaftServerConfigKeys (ConfUtils.java:logGet(46)) - raft.server.sleep.deviation.threshold = 300ms (default)
2024-08-03 20:04:42,401 [main] INFO  server.RaftServerConfigKeys (ConfUtils.java:logGet(46)) - raft.server.close.threshold = 60s (default)
2024-08-03 20:04:42,401 [main] INFO  server.RaftServerConfigKeys (ConfUtils.java:logGet(46)) - raft.server.leaderelection.leader.step-down.wait-time = 10s (default)
2024-08-03 20:04:42,401 [main] INFO  server.RaftServerConfigKeys (ConfUtils.java:logGet(46)) - raft.server.storage.dir = [/home/runner/work/ozone/ozone/hadoop-ozone/integration-test/target/test-dir/MiniOzoneClusterImpl-4c2a292f-c896-477d-a18b-b69de7e7ed64/ozone-meta/datanode-2/ratis] (custom)
2024-08-03 20:04:42,401 [main] INFO  server.RaftServerConfigKeys (ConfUtils.java:logGet(46)) - raft.server.threadpool.proxy.cached = true (default)
2024-08-03 20:04:42,401 [main] INFO  server.RaftServerConfigKeys (ConfUtils.java:logGet(46)) - raft.server.threadpool.proxy.size = 0 (default)
2024-08-03 20:04:42,402 [3dd31e9f-fa72-4829-9441-ee2f0f7ab9e4-NettyServerStreamRpc-bossGroup--thread1] INFO  logging.LoggingHandler (AbstractInternalLogger.java:log(148)) - [id: 0x96fd2e12] REGISTERED
2024-08-03 20:04:42,402 [3dd31e9f-fa72-4829-9441-ee2f0f7ab9e4-NettyServerStreamRpc-bossGroup--thread1] INFO  logging.LoggingHandler (AbstractInternalLogger.java:log(148)) - [id: 0x96fd2e12] BIND: 0.0.0.0/0.0.0.0:15040
2024-08-03 20:04:42,402 [3dd31e9f-fa72-4829-9441-ee2f0f7ab9e4-NettyServerStreamRpc-bossGroup--thread1] INFO  logging.LoggingHandler (AbstractInternalLogger.java:log(148)) - [id: 0x96fd2e12, L:/0.0.0.0:15040] ACTIVE
2024-08-03 20:04:42,405 [3dd31e9f-fa72-4829-9441-ee2f0f7ab9e4-impl-thread1] INFO  server.RaftServer (RaftServerProxy.java:initGroupDir(266)) - 3dd31e9f-fa72-4829-9441-ee2f0f7ab9e4: found a subdirectory /home/runner/work/ozone/ozone/hadoop-ozone/integration-test/target/test-dir/MiniOzoneClusterImpl-4c2a292f-c896-477d-a18b-b69de7e7ed64/ozone-meta/datanode-2/ratis/tmp
2024-08-03 20:04:42,405 [3dd31e9f-fa72-4829-9441-ee2f0f7ab9e4-impl-thread1] INFO  server.RaftServer (RaftServerProxy.java:initGroupDir(271)) - 3dd31e9f-fa72-4829-9441-ee2f0f7ab9e4: The directory /home/runner/work/ozone/ozone/hadoop-ozone/integration-test/target/test-dir/MiniOzoneClusterImpl-4c2a292f-c896-477d-a18b-b69de7e7ed64/ozone-meta/datanode-2/ratis/tmp is not a group directory; ignoring it. 
2024-08-03 20:04:42,406 [main] INFO  replication.ReplicationServer (ReplicationServer.java:<init>(86)) - Initializing replication server with thread count = 10 queue length = 4096
2024-08-03 20:04:42,408 [main] INFO  server.XceiverServerGrpc (XceiverServerGrpc.java:<init>(141)) - GrpcServer channel type EpollServerSocketChannel
2024-08-03 20:04:42,410 [main] INFO  replication.ReplicationSupervisor (ReplicationSupervisor.java:build(157)) - Initializing replication supervisor with thread count = 10
2024-08-03 20:04:42,411 [main] INFO  replication.ReplicationSupervisor (ReplicationSupervisor.java:nodeStateUpdated(312)) - Node state updated to IN_SERVICE, scaling executor pool size to 10
2024-08-03 20:04:42,418 [main] INFO  http.BaseHttpServer (BaseHttpServer.java:newHttpServer2BuilderForOzone(223)) - Starting Web-server for hddsDatanode at: http://0.0.0.0:15034
2024-08-03 20:04:42,418 [main] INFO  http.BaseHttpServer (BaseHttpServer.java:<init>(110)) - Hadoop Security Enabled: false Ozone Security Enabled: false Ozone HTTP Security Enabled: false 
2024-08-03 20:04:42,420 [main] WARN  server.AuthenticationFilter (AuthenticationFilter.java:constructSecretProvider(240)) - Unable to initialize FileSignerSecretProvider, falling back to use random secrets. Reason: Could not read signature secret file: /home/runner/hadoop-http-auth-signature-secret
2024-08-03 20:04:42,423 [main] INFO  http.HttpRequestLog (HttpRequestLog.java:getRequestLog(86)) - Http request log for http.requests.hddsDatanode is not defined
2024-08-03 20:04:42,425 [main] INFO  http.HttpServer2 (HttpServer2.java:addGlobalFilter(1035)) - Added global filter 'safety' (class=org.apache.hadoop.hdds.server.http.HttpServer2$QuotingInputFilter)
2024-08-03 20:04:42,427 [main] INFO  http.HttpServer2 (HttpServer2.java:addFilter(1011)) - Added filter static_user_filter (class=org.apache.hadoop.http.lib.StaticUserWebFilter$StaticUserFilter) to context hddsDatanode
2024-08-03 20:04:42,427 [main] INFO  http.HttpServer2 (HttpServer2.java:addFilter(1019)) - Added filter static_user_filter (class=org.apache.hadoop.http.lib.StaticUserWebFilter$StaticUserFilter) to context logs
2024-08-03 20:04:42,428 [main] INFO  http.HttpServer2 (HttpServer2.java:addFilter(1019)) - Added filter static_user_filter (class=org.apache.hadoop.http.lib.StaticUserWebFilter$StaticUserFilter) to context static
2024-08-03 20:04:42,429 [main] INFO  http.BaseHttpServer (BaseHttpServer.java:<init>(189)) - HTTP server of hddsDatanode uses base directory /home/runner/work/ozone/ozone/hadoop-ozone/integration-test/target/test-dir/MiniOzoneClusterImpl-4c2a292f-c896-477d-a18b-b69de7e7ed64/ozone-meta/datanode-2/meta/webserver
2024-08-03 20:04:42,430 [main] INFO  http.HttpServer2 (HttpServer2.java:bindListener(1235)) - Jetty bound to port 15034
2024-08-03 20:04:42,430 [main] INFO  server.Server (Server.java:doStart(375)) - jetty-9.4.55.v20240627; built: 2024-06-27T15:05:37.765Z; git: 70015831e5195ba74da6383c4ab7c90c56bb08af; jvm 17.0.12+7
2024-08-03 20:04:42,434 [main] INFO  server.session (DefaultSessionIdManager.java:doStart(334)) - DefaultSessionIdManager workerName=node0
2024-08-03 20:04:42,434 [main] INFO  server.session (DefaultSessionIdManager.java:doStart(339)) - No SessionScavenger set, using defaults
2024-08-03 20:04:42,434 [main] INFO  server.session (HouseKeeper.java:startScavenging(132)) - node0 Scavenging every 660000ms
2024-08-03 20:04:42,437 [main] INFO  handler.ContextHandler (ContextHandler.java:doStart(921)) - Started o.e.j.s.ServletContextHandler@1f22ac9b{logs,/logs,file:///home/runner/work/ozone/ozone/hadoop-ozone/integration-test/target/log,AVAILABLE}
2024-08-03 20:04:42,437 [main] INFO  handler.ContextHandler (ContextHandler.java:doStart(921)) - Started o.e.j.s.ServletContextHandler@221577de{static,/static,jar:file:/home/runner/work/ozone/ozone/hadoop-hdds/container-service/target/hdds-container-service-1.5.0-SNAPSHOT.jar!/webapps/static,AVAILABLE}
2024-08-03 20:04:42,446 [23b8e6c4-9ef5-4db8-98cf-56f7581f9eb2-DatanodeStateMachineTaskThread-0] INFO  datanode.InitDatanodeState (InitDatanodeState.java:persistContainerDatanodeDetails(139)) - DatanodeDetails is persisted to /home/runner/work/ozone/ozone/hadoop-ozone/integration-test/target/test-dir/MiniOzoneClusterImpl-4c2a292f-c896-477d-a18b-b69de7e7ed64/ozone-meta/datanode-1/meta/datanode.id
2024-08-03 20:04:42,652 [main] INFO  handler.ContextHandler (ContextHandler.java:doStart(921)) - Started o.e.j.w.WebAppContext@31adc338{hddsDatanode,/,file:///home/runner/work/ozone/ozone/hadoop-ozone/integration-test/target/test-dir/MiniOzoneClusterImpl-4c2a292f-c896-477d-a18b-b69de7e7ed64/ozone-meta/datanode-2/meta/webserver/jetty-0_0_0_0-15034-hdds-container-service-1_5_0-SNAPSHOT_jar-_-any-8025062237363103098/webapp/,AVAILABLE}{jar:file:/home/runner/work/ozone/ozone/hadoop-hdds/container-service/target/hdds-container-service-1.5.0-SNAPSHOT.jar!/webapps/hddsDatanode}
2024-08-03 20:04:42,653 [main] INFO  server.AbstractConnector (AbstractConnector.java:doStart(333)) - Started ServerConnector@3da33a9{HTTP/1.1, (http/1.1)}{0.0.0.0:15034}
2024-08-03 20:04:42,654 [main] INFO  server.Server (Server.java:doStart(415)) - Started @22032ms
2024-08-03 20:04:42,654 [main] WARN  impl.MetricsSystemImpl (MetricsSystemImpl.java:register(279)) - Sink prometheus already exists!
2024-08-03 20:04:42,655 [main] INFO  http.BaseHttpServer (BaseHttpServer.java:updateConnectorAddress(354)) - HTTP server of hddsDatanode listening at http://0.0.0.0:15034
2024-08-03 20:04:42,655 [main] INFO  ipc.CallQueueManager (CallQueueManager.java:<init>(90)) - Using callQueue: class java.util.concurrent.LinkedBlockingQueue, queueCapacity: 100, scheduler: class org.apache.hadoop.ipc.DefaultRpcScheduler, ipcBackoff: false.
2024-08-03 20:04:42,656 [main] INFO  ipc.Server (Server.java:<init>(1287)) - Listener at 0.0.0.0:15035
2024-08-03 20:04:42,657 [Socket Reader #1 for port 15035] INFO  ipc.Server (Server.java:run(1323)) - Starting Socket Reader #1 for port 15035
2024-08-03 20:04:42,663 [main] INFO  ozone.HddsDatanodeService (HddsDatanodeService.java:start(320)) - Datanode start with admins: [runner]
2024-08-03 20:04:42,663 [main] INFO  ozone.HddsDatanodeClientProtocolServer (HddsDatanodeClientProtocolServer.java:start(77)) - RPC server for Client /0.0.0.0:15035
2024-08-03 20:04:42,669 [IPC Server Responder] INFO  ipc.Server (Server.java:run(1562)) - IPC Server Responder: starting
2024-08-03 20:04:42,669 [IPC Server listener on 15035] INFO  ipc.Server (Server.java:run(1402)) - IPC Server listener on 15035: starting
2024-08-03 20:04:42,669 [main] WARN  dropwizard3.Dm3MetricRegistriesImpl (Dm3MetricRegistriesImpl.java:addReporterRegistration(114)) - New reporters are added after registries were created. Some metrics will be missing from the reporter. Please add reporter before adding any new registry.
2024-08-03 20:04:42,670 [main] WARN  dropwizard3.Dm3MetricRegistriesImpl (Dm3MetricRegistriesImpl.java:addReporterRegistration(114)) - New reporters are added after registries were created. Some metrics will be missing from the reporter. Please add reporter before adding any new registry.
2024-08-03 20:04:42,670 [main] INFO  impl.MetricsSystemImpl (MetricsSystemImpl.java:init(158)) - HddsDatanode metrics system started (again)
2024-08-03 20:04:42,671 [3dd31e9f-fa72-4829-9441-ee2f0f7ab9e4-DatanodeStateMachineDaemonThread] INFO  statemachine.DatanodeStateMachine (DatanodeStateMachine.java:startStateMachineThread(335)) - Ozone container server started.
2024-08-03 20:04:42,671 [3dd31e9f-fa72-4829-9441-ee2f0f7ab9e4-DatanodeStateMachineTaskThread-0] INFO  ha.SCMNodeInfo (SCMNodeInfo.java:getPort(197)) - ConfigKey ozone.scm.client.address is deprecated, For configuring different ports for each SCM use PortConfigKey ozone.scm.client.port appended with serviceId and nodeId
2024-08-03 20:04:42,671 [3dd31e9f-fa72-4829-9441-ee2f0f7ab9e4-DatanodeStateMachineTaskThread-0] INFO  ha.SCMNodeInfo (SCMNodeInfo.java:getPort(197)) - ConfigKey ozone.scm.block.client.address is deprecated, For configuring different ports for each SCM use PortConfigKey ozone.scm.block.client.port appended with serviceId and nodeId
2024-08-03 20:04:42,671 [3dd31e9f-fa72-4829-9441-ee2f0f7ab9e4-DatanodeStateMachineTaskThread-0] INFO  ha.SCMNodeInfo (SCMNodeInfo.java:getPort(197)) - ConfigKey ozone.scm.security.service.address is deprecated, For configuring different ports for each SCM use PortConfigKey ozone.scm.security.service.port appended with serviceId and nodeId
2024-08-03 20:04:42,671 [3dd31e9f-fa72-4829-9441-ee2f0f7ab9e4-DatanodeStateMachineTaskThread-0] INFO  ha.SCMNodeInfo (SCMNodeInfo.java:getPort(197)) - ConfigKey ozone.scm.datanode.address is deprecated, For configuring different ports for each SCM use PortConfigKey ozone.scm.datanode.port appended with serviceId and nodeId
2024-08-03 20:04:42,675 [3dd31e9f-fa72-4829-9441-ee2f0f7ab9e4-DatanodeStateMachineTaskThread-0] INFO  datanode.InitDatanodeState (InitDatanodeState.java:persistContainerDatanodeDetails(139)) - DatanodeDetails is persisted to /home/runner/work/ozone/ozone/hadoop-ozone/integration-test/target/test-dir/MiniOzoneClusterImpl-4c2a292f-c896-477d-a18b-b69de7e7ed64/ozone-meta/datanode-2/meta/datanode.id
2024-08-03 20:04:42,680 [main] INFO  ozone.HddsDatanodeService (HddsDatanodeService.java:start(236)) - HddsDatanodeService host:fv-az976-615 ip:10.1.0.32
2024-08-03 20:04:42,685 [main] INFO  upgrade.AbstractLayoutVersionManager (AbstractLayoutVersionManager.java:init(83)) - Initializing Layout version manager with metadata layout = HADOOP_PRC_PORTS_IN_DATANODEDETAILS (version = 7), software layout = HADOOP_PRC_PORTS_IN_DATANODEDETAILS (version = 7)
2024-08-03 20:04:42,686 [main] INFO  ha.SCMNodeInfo (SCMNodeInfo.java:getPort(197)) - ConfigKey ozone.scm.client.address is deprecated, For configuring different ports for each SCM use PortConfigKey ozone.scm.client.port appended with serviceId and nodeId
2024-08-03 20:04:42,686 [main] INFO  ha.SCMNodeInfo (SCMNodeInfo.java:getPort(197)) - ConfigKey ozone.scm.block.client.address is deprecated, For configuring different ports for each SCM use PortConfigKey ozone.scm.block.client.port appended with serviceId and nodeId
2024-08-03 20:04:42,686 [main] INFO  ha.SCMNodeInfo (SCMNodeInfo.java:getPort(197)) - ConfigKey ozone.scm.security.service.address is deprecated, For configuring different ports for each SCM use PortConfigKey ozone.scm.security.service.port appended with serviceId and nodeId
2024-08-03 20:04:42,686 [main] INFO  ha.SCMNodeInfo (SCMNodeInfo.java:getPort(197)) - ConfigKey ozone.scm.datanode.address is deprecated, For configuring different ports for each SCM use PortConfigKey ozone.scm.datanode.port appended with serviceId and nodeId
2024-08-03 20:04:42,686 [main] INFO  statemachine.DatanodeStateMachine (DatanodeStateMachine.java:getEndPointTaskThreadPoolSize(292)) - Datanode State Machine Task Thread Pool size 2
2024-08-03 20:04:42,689 [main] INFO  volume.HddsVolume (HddsVolume.java:<init>(126)) - Creating HddsVolume: /home/runner/work/ozone/ozone/hadoop-ozone/integration-test/target/test-dir/MiniOzoneClusterImpl-4c2a292f-c896-477d-a18b-b69de7e7ed64/ozone-meta/datanode-3/data-0/hdds of storage type : DISK capacity : 9222449699674390527
2024-08-03 20:04:42,689 [main] INFO  volume.MutableVolumeSet (MutableVolumeSet.java:initializeVolumeSet(173)) - Added Volume : /home/runner/work/ozone/ozone/hadoop-ozone/integration-test/target/test-dir/MiniOzoneClusterImpl-4c2a292f-c896-477d-a18b-b69de7e7ed64/ozone-meta/datanode-3/data-0/hdds to VolumeSet
2024-08-03 20:04:42,691 [main] INFO  volume.MutableVolumeSet (MutableVolumeSet.java:initializeVolumeSet(173)) - Added Volume : /home/runner/work/ozone/ozone/hadoop-ozone/integration-test/target/test-dir/MiniOzoneClusterImpl-4c2a292f-c896-477d-a18b-b69de7e7ed64/ozone-meta/datanode-3/ratis to VolumeSet
2024-08-03 20:04:42,691 [main] INFO  ozoneimpl.OzoneContainer (HddsVolumeUtil.java:loadAllHddsVolumeDbStore(103)) - Load 1 volumes DbStore cost: 0ms
2024-08-03 20:04:42,695 [main] INFO  server.RaftServer (ConfUtils.java:logGet(46)) - raft.rpc.type = GRPC (default)
2024-08-03 20:04:42,695 [main] INFO  grpc.GrpcConfigKeys (ConfUtils.java:logFallback(53)) - raft.grpc.admin.host = null (fallback to raft.grpc.server.host)
2024-08-03 20:04:42,695 [main] INFO  grpc.GrpcConfigKeys (ConfUtils.java:logGet(46)) - raft.grpc.admin.port = 15047 (custom)
2024-08-03 20:04:42,695 [main] INFO  grpc.GrpcConfigKeys (ConfUtils.java:logFallback(53)) - raft.grpc.client.host = null (fallback to raft.grpc.server.host)
2024-08-03 20:04:42,696 [main] INFO  grpc.GrpcConfigKeys (ConfUtils.java:logGet(46)) - raft.grpc.client.port = 15046 (custom)
2024-08-03 20:04:42,696 [main] INFO  grpc.GrpcConfigKeys (ConfUtils.java:logGet(46)) - raft.grpc.server.host = null (default)
2024-08-03 20:04:42,696 [main] INFO  grpc.GrpcConfigKeys (ConfUtils.java:logGet(46)) - raft.grpc.server.port = 15048 (custom)
2024-08-03 20:04:42,696 [main] INFO  server.GrpcService (ConfUtils.java:logGet(46)) - raft.grpc.message.size.max = 32MB (=33554432) (custom)
2024-08-03 20:04:42,696 [main] INFO  server.RaftServerConfigKeys (ConfUtils.java:logGet(46)) - raft.server.log.appender.buffer.byte-limit = 8388608 (custom)
2024-08-03 20:04:42,696 [main] INFO  server.GrpcService (ConfUtils.java:logGet(46)) - raft.grpc.flow.control.window = 5MB (=5242880) (custom)
2024-08-03 20:04:42,696 [main] INFO  server.RaftServerConfigKeys (ConfUtils.java:logGet(46)) - raft.server.rpc.request.timeout = 60s (custom)
2024-08-03 20:04:42,697 [main] INFO  grpc.GrpcConfigKeys (ConfUtils.java:logGet(46)) - raft.grpc.server.heartbeat.channel = true (default)
2024-08-03 20:04:42,697 [main] INFO  grpc.GrpcConfigKeys (ConfUtils.java:logGet(46)) - raft.grpc.server.async.request.thread.pool.cached = true (default)
2024-08-03 20:04:42,697 [main] INFO  grpc.GrpcConfigKeys (ConfUtils.java:logGet(46)) - raft.grpc.server.async.request.thread.pool.size = 32 (default)
2024-08-03 20:04:42,699 [main] INFO  impl.DataStreamServerImpl (ConfUtils.java:logGet(46)) - raft.datastream.type = NETTY (custom)
2024-08-03 20:04:42,699 [main] INFO  server.RaftServerConfigKeys (ConfUtils.java:logGet(46)) - raft.server.data-stream.async.request.thread.pool.cached = false (default)
2024-08-03 20:04:42,699 [main] INFO  server.RaftServerConfigKeys (ConfUtils.java:logGet(46)) - raft.server.data-stream.async.request.thread.pool.size = 20 (custom)
2024-08-03 20:04:42,699 [main] INFO  server.RaftServerConfigKeys (ConfUtils.java:logGet(46)) - raft.server.data-stream.async.write.thread.pool.size = 16 (default)
2024-08-03 20:04:42,700 [main] INFO  netty.NettyConfigKeys$DataStream (ConfUtils.java:logGet(46)) - raft.netty.dataStream.server.channel.inactive.grace-period = 10min (default)
2024-08-03 20:04:42,700 [main] INFO  server.RaftServerConfigKeys (ConfUtils.java:logGet(46)) - raft.server.data-stream.client.pool.size = 10 (default)
2024-08-03 20:04:42,700 [main] INFO  netty.NettyConfigKeys$DataStream (ConfUtils.java:logGet(46)) - raft.netty.dataStream.server.use-epoll = true (default)
2024-08-03 20:04:42,700 [main] INFO  netty.NettyConfigKeys$DataStream (ConfUtils.java:logGet(46)) - raft.netty.dataStream.server.boss-group.size = 0 (default)
2024-08-03 20:04:42,700 [main] INFO  netty.NettyUtils (NettyUtils.java:newEventLoopGroup(74)) - Create EpollEventLoopGroup for ad840c1c-4245-4817-9bba-62272b02ba42-NettyServerStreamRpc-bossGroup; Thread size is 0.
2024-08-03 20:04:42,701 [main] INFO  netty.NettyConfigKeys$DataStream (ConfUtils.java:logGet(46)) - raft.netty.dataStream.server.worker-group.size = 0 (default)
2024-08-03 20:04:42,701 [main] INFO  netty.NettyUtils (NettyUtils.java:newEventLoopGroup(74)) - Create EpollEventLoopGroup for ad840c1c-4245-4817-9bba-62272b02ba42-NettyServerStreamRpc-workerGroup; Thread size is 0.
2024-08-03 20:04:42,701 [main] INFO  netty.NettyConfigKeys$DataStream (ConfUtils.java:logGet(46)) - raft.netty.dataStream.server.tls.conf = null (default)
2024-08-03 20:04:42,702 [main] INFO  netty.NettyConfigKeys$DataStream (ConfUtils.java:logGet(46)) - raft.netty.dataStream.host = null (default)
2024-08-03 20:04:42,702 [main] INFO  netty.NettyConfigKeys$DataStream (ConfUtils.java:logGet(46)) - raft.netty.dataStream.port = 15049 (custom)
2024-08-03 20:04:42,702 [main] INFO  server.RaftServerConfigKeys (ConfUtils.java:logGet(46)) - raft.server.sleep.deviation.threshold = 300ms (default)
2024-08-03 20:04:42,703 [main] INFO  server.RaftServerConfigKeys (ConfUtils.java:logGet(46)) - raft.server.close.threshold = 60s (default)
2024-08-03 20:04:42,703 [main] INFO  server.RaftServerConfigKeys (ConfUtils.java:logGet(46)) - raft.server.leaderelection.leader.step-down.wait-time = 10s (default)
2024-08-03 20:04:42,703 [main] INFO  server.RaftServerConfigKeys (ConfUtils.java:logGet(46)) - raft.server.storage.dir = [/home/runner/work/ozone/ozone/hadoop-ozone/integration-test/target/test-dir/MiniOzoneClusterImpl-4c2a292f-c896-477d-a18b-b69de7e7ed64/ozone-meta/datanode-3/ratis] (custom)
2024-08-03 20:04:42,703 [main] INFO  server.RaftServerConfigKeys (ConfUtils.java:logGet(46)) - raft.server.threadpool.proxy.cached = true (default)
2024-08-03 20:04:42,703 [main] INFO  server.RaftServerConfigKeys (ConfUtils.java:logGet(46)) - raft.server.threadpool.proxy.size = 0 (default)
2024-08-03 20:04:42,704 [ad840c1c-4245-4817-9bba-62272b02ba42-NettyServerStreamRpc-bossGroup--thread1] INFO  logging.LoggingHandler (AbstractInternalLogger.java:log(148)) - [id: 0x23c3ced8] REGISTERED
2024-08-03 20:04:42,704 [ad840c1c-4245-4817-9bba-62272b02ba42-NettyServerStreamRpc-bossGroup--thread1] INFO  logging.LoggingHandler (AbstractInternalLogger.java:log(148)) - [id: 0x23c3ced8] BIND: 0.0.0.0/0.0.0.0:15049
2024-08-03 20:04:42,704 [ad840c1c-4245-4817-9bba-62272b02ba42-NettyServerStreamRpc-bossGroup--thread1] INFO  logging.LoggingHandler (AbstractInternalLogger.java:log(148)) - [id: 0x23c3ced8, L:/0.0.0.0:15049] ACTIVE
2024-08-03 20:04:42,705 [ad840c1c-4245-4817-9bba-62272b02ba42-impl-thread1] INFO  server.RaftServer (RaftServerProxy.java:initGroupDir(266)) - ad840c1c-4245-4817-9bba-62272b02ba42: found a subdirectory /home/runner/work/ozone/ozone/hadoop-ozone/integration-test/target/test-dir/MiniOzoneClusterImpl-4c2a292f-c896-477d-a18b-b69de7e7ed64/ozone-meta/datanode-3/ratis/tmp
2024-08-03 20:04:42,705 [ad840c1c-4245-4817-9bba-62272b02ba42-impl-thread1] INFO  server.RaftServer (RaftServerProxy.java:initGroupDir(271)) - ad840c1c-4245-4817-9bba-62272b02ba42: The directory /home/runner/work/ozone/ozone/hadoop-ozone/integration-test/target/test-dir/MiniOzoneClusterImpl-4c2a292f-c896-477d-a18b-b69de7e7ed64/ozone-meta/datanode-3/ratis/tmp is not a group directory; ignoring it. 
2024-08-03 20:04:42,705 [main] INFO  replication.ReplicationServer (ReplicationServer.java:<init>(86)) - Initializing replication server with thread count = 10 queue length = 4096
2024-08-03 20:04:42,706 [main] INFO  server.XceiverServerGrpc (XceiverServerGrpc.java:<init>(141)) - GrpcServer channel type EpollServerSocketChannel
2024-08-03 20:04:42,708 [main] INFO  replication.ReplicationSupervisor (ReplicationSupervisor.java:build(157)) - Initializing replication supervisor with thread count = 10
2024-08-03 20:04:42,708 [main] INFO  replication.ReplicationSupervisor (ReplicationSupervisor.java:nodeStateUpdated(312)) - Node state updated to IN_SERVICE, scaling executor pool size to 10
2024-08-03 20:04:42,711 [main] INFO  http.BaseHttpServer (BaseHttpServer.java:newHttpServer2BuilderForOzone(223)) - Starting Web-server for hddsDatanode at: http://0.0.0.0:15043
2024-08-03 20:04:42,711 [main] INFO  http.BaseHttpServer (BaseHttpServer.java:<init>(110)) - Hadoop Security Enabled: false Ozone Security Enabled: false Ozone HTTP Security Enabled: false 
2024-08-03 20:04:42,713 [main] WARN  server.AuthenticationFilter (AuthenticationFilter.java:constructSecretProvider(240)) - Unable to initialize FileSignerSecretProvider, falling back to use random secrets. Reason: Could not read signature secret file: /home/runner/hadoop-http-auth-signature-secret
2024-08-03 20:04:42,717 [main] INFO  http.HttpRequestLog (HttpRequestLog.java:getRequestLog(86)) - Http request log for http.requests.hddsDatanode is not defined
2024-08-03 20:04:42,718 [main] INFO  http.HttpServer2 (HttpServer2.java:addGlobalFilter(1035)) - Added global filter 'safety' (class=org.apache.hadoop.hdds.server.http.HttpServer2$QuotingInputFilter)
2024-08-03 20:04:42,719 [main] INFO  http.HttpServer2 (HttpServer2.java:addFilter(1011)) - Added filter static_user_filter (class=org.apache.hadoop.http.lib.StaticUserWebFilter$StaticUserFilter) to context hddsDatanode
2024-08-03 20:04:42,719 [main] INFO  http.HttpServer2 (HttpServer2.java:addFilter(1019)) - Added filter static_user_filter (class=org.apache.hadoop.http.lib.StaticUserWebFilter$StaticUserFilter) to context static
2024-08-03 20:04:42,720 [main] INFO  http.HttpServer2 (HttpServer2.java:addFilter(1019)) - Added filter static_user_filter (class=org.apache.hadoop.http.lib.StaticUserWebFilter$StaticUserFilter) to context logs
2024-08-03 20:04:42,720 [main] INFO  http.BaseHttpServer (BaseHttpServer.java:<init>(189)) - HTTP server of hddsDatanode uses base directory /home/runner/work/ozone/ozone/hadoop-ozone/integration-test/target/test-dir/MiniOzoneClusterImpl-4c2a292f-c896-477d-a18b-b69de7e7ed64/ozone-meta/datanode-3/meta/webserver
2024-08-03 20:04:42,720 [main] INFO  http.HttpServer2 (HttpServer2.java:bindListener(1235)) - Jetty bound to port 15043
2024-08-03 20:04:42,721 [main] INFO  server.Server (Server.java:doStart(375)) - jetty-9.4.55.v20240627; built: 2024-06-27T15:05:37.765Z; git: 70015831e5195ba74da6383c4ab7c90c56bb08af; jvm 17.0.12+7
2024-08-03 20:04:42,728 [main] INFO  server.session (DefaultSessionIdManager.java:doStart(334)) - DefaultSessionIdManager workerName=node0
2024-08-03 20:04:42,728 [main] INFO  server.session (DefaultSessionIdManager.java:doStart(339)) - No SessionScavenger set, using defaults
2024-08-03 20:04:42,729 [main] INFO  server.session (HouseKeeper.java:startScavenging(132)) - node0 Scavenging every 600000ms
2024-08-03 20:04:42,729 [main] INFO  handler.ContextHandler (ContextHandler.java:doStart(921)) - Started o.e.j.s.ServletContextHandler@613da64b{logs,/logs,file:///home/runner/work/ozone/ozone/hadoop-ozone/integration-test/target/log,AVAILABLE}
2024-08-03 20:04:42,730 [main] INFO  handler.ContextHandler (ContextHandler.java:doStart(921)) - Started o.e.j.s.ServletContextHandler@6f614ad4{static,/static,jar:file:/home/runner/work/ozone/ozone/hadoop-hdds/container-service/target/hdds-container-service-1.5.0-SNAPSHOT.jar!/webapps/static,AVAILABLE}
2024-08-03 20:04:42,946 [main] INFO  handler.ContextHandler (ContextHandler.java:doStart(921)) - Started o.e.j.w.WebAppContext@6f43db02{hddsDatanode,/,file:///home/runner/work/ozone/ozone/hadoop-ozone/integration-test/target/test-dir/MiniOzoneClusterImpl-4c2a292f-c896-477d-a18b-b69de7e7ed64/ozone-meta/datanode-3/meta/webserver/jetty-0_0_0_0-15043-hdds-container-service-1_5_0-SNAPSHOT_jar-_-any-10486876141261455072/webapp/,AVAILABLE}{jar:file:/home/runner/work/ozone/ozone/hadoop-hdds/container-service/target/hdds-container-service-1.5.0-SNAPSHOT.jar!/webapps/hddsDatanode}
2024-08-03 20:04:42,947 [main] INFO  server.AbstractConnector (AbstractConnector.java:doStart(333)) - Started ServerConnector@a0825c1{HTTP/1.1, (http/1.1)}{0.0.0.0:15043}
2024-08-03 20:04:42,947 [main] INFO  server.Server (Server.java:doStart(415)) - Started @22326ms
2024-08-03 20:04:42,947 [main] WARN  impl.MetricsSystemImpl (MetricsSystemImpl.java:register(279)) - Sink prometheus already exists!
2024-08-03 20:04:42,948 [main] INFO  http.BaseHttpServer (BaseHttpServer.java:updateConnectorAddress(354)) - HTTP server of hddsDatanode listening at http://0.0.0.0:15043
2024-08-03 20:04:42,948 [main] INFO  ipc.CallQueueManager (CallQueueManager.java:<init>(90)) - Using callQueue: class java.util.concurrent.LinkedBlockingQueue, queueCapacity: 100, scheduler: class org.apache.hadoop.ipc.DefaultRpcScheduler, ipcBackoff: false.
2024-08-03 20:04:42,948 [main] INFO  ipc.Server (Server.java:<init>(1287)) - Listener at 0.0.0.0:15044
2024-08-03 20:04:42,949 [Socket Reader #1 for port 15044] INFO  ipc.Server (Server.java:run(1323)) - Starting Socket Reader #1 for port 15044
2024-08-03 20:04:42,952 [main] INFO  ozone.HddsDatanodeService (HddsDatanodeService.java:start(320)) - Datanode start with admins: [runner]
2024-08-03 20:04:42,952 [main] INFO  ozone.HddsDatanodeClientProtocolServer (HddsDatanodeClientProtocolServer.java:start(77)) - RPC server for Client /0.0.0.0:15044
2024-08-03 20:04:42,952 [IPC Server Responder] INFO  ipc.Server (Server.java:run(1562)) - IPC Server Responder: starting
2024-08-03 20:04:42,952 [IPC Server listener on 15044] INFO  ipc.Server (Server.java:run(1402)) - IPC Server listener on 15044: starting
2024-08-03 20:04:42,954 [ad840c1c-4245-4817-9bba-62272b02ba42-DatanodeStateMachineDaemonThread] INFO  statemachine.DatanodeStateMachine (DatanodeStateMachine.java:startStateMachineThread(335)) - Ozone container server started.
2024-08-03 20:04:42,954 [ad840c1c-4245-4817-9bba-62272b02ba42-DatanodeStateMachineTaskThread-0] INFO  ha.SCMNodeInfo (SCMNodeInfo.java:getPort(197)) - ConfigKey ozone.scm.client.address is deprecated, For configuring different ports for each SCM use PortConfigKey ozone.scm.client.port appended with serviceId and nodeId
2024-08-03 20:04:42,954 [ad840c1c-4245-4817-9bba-62272b02ba42-DatanodeStateMachineTaskThread-0] INFO  ha.SCMNodeInfo (SCMNodeInfo.java:getPort(197)) - ConfigKey ozone.scm.block.client.address is deprecated, For configuring different ports for each SCM use PortConfigKey ozone.scm.block.client.port appended with serviceId and nodeId
2024-08-03 20:04:42,954 [ad840c1c-4245-4817-9bba-62272b02ba42-DatanodeStateMachineTaskThread-0] INFO  ha.SCMNodeInfo (SCMNodeInfo.java:getPort(197)) - ConfigKey ozone.scm.security.service.address is deprecated, For configuring different ports for each SCM use PortConfigKey ozone.scm.security.service.port appended with serviceId and nodeId
2024-08-03 20:04:42,954 [ad840c1c-4245-4817-9bba-62272b02ba42-DatanodeStateMachineTaskThread-0] INFO  ha.SCMNodeInfo (SCMNodeInfo.java:getPort(197)) - ConfigKey ozone.scm.datanode.address is deprecated, For configuring different ports for each SCM use PortConfigKey ozone.scm.datanode.port appended with serviceId and nodeId
2024-08-03 20:04:42,955 [main] INFO  ozone.MiniOzoneClusterImpl (MiniOzoneClusterImpl.java:lambda$waitForClusterToBeReady$0(194)) - Waiting for nodes to be ready. Got 0 of 3 DN Heartbeats.
2024-08-03 20:04:42,955 [main] INFO  ozone.MiniOzoneClusterImpl (MiniOzoneClusterImpl.java:lambda$waitForClusterToBeReady$0(197)) - Waiting for cluster to exit safe mode
2024-08-03 20:04:42,956 [main] INFO  ozone.MiniOzoneClusterImpl (MiniOzoneClusterImpl.java:lambda$waitForClusterToBeReady$0(199)) - SCM became leader
2024-08-03 20:04:42,957 [ad840c1c-4245-4817-9bba-62272b02ba42-DatanodeStateMachineTaskThread-0] INFO  datanode.InitDatanodeState (InitDatanodeState.java:persistContainerDatanodeDetails(139)) - DatanodeDetails is persisted to /home/runner/work/ozone/ozone/hadoop-ozone/integration-test/target/test-dir/MiniOzoneClusterImpl-4c2a292f-c896-477d-a18b-b69de7e7ed64/ozone-meta/datanode-3/meta/datanode.id
2024-08-03 20:04:43,956 [main] INFO  ozone.MiniOzoneClusterImpl (MiniOzoneClusterImpl.java:lambda$waitForClusterToBeReady$0(194)) - Waiting for nodes to be ready. Got 0 of 3 DN Heartbeats.
2024-08-03 20:04:43,956 [main] INFO  ozone.MiniOzoneClusterImpl (MiniOzoneClusterImpl.java:lambda$waitForClusterToBeReady$0(197)) - Waiting for cluster to exit safe mode
2024-08-03 20:04:43,956 [main] INFO  ozone.MiniOzoneClusterImpl (MiniOzoneClusterImpl.java:lambda$waitForClusterToBeReady$0(199)) - SCM became leader
2024-08-03 20:04:44,428 [23b8e6c4-9ef5-4db8-98cf-56f7581f9eb2-EndpointStateMachineTaskThread-/127.0.0.1:15004-0 ] INFO  utils.DatanodeStoreCache (DatanodeStoreCache.java:addDB(72)) - Added db /home/runner/work/ozone/ozone/hadoop-ozone/integration-test/target/test-dir/MiniOzoneClusterImpl-4c2a292f-c896-477d-a18b-b69de7e7ed64/ozone-meta/datanode-1/data-0/hdds/4c2a292f-c896-477d-a18b-b69de7e7ed64/DS-b03eb487-5f80-4b94-b7bc-e07fd4b9528d/container.db to cache
2024-08-03 20:04:44,429 [23b8e6c4-9ef5-4db8-98cf-56f7581f9eb2-EndpointStateMachineTaskThread-/127.0.0.1:15004-0 ] INFO  volume.HddsVolume (HddsVolume.java:createDbStore(437)) - SchemaV3 db is created and loaded at /home/runner/work/ozone/ozone/hadoop-ozone/integration-test/target/test-dir/MiniOzoneClusterImpl-4c2a292f-c896-477d-a18b-b69de7e7ed64/ozone-meta/datanode-1/data-0/hdds/4c2a292f-c896-477d-a18b-b69de7e7ed64/DS-b03eb487-5f80-4b94-b7bc-e07fd4b9528d/container.db for volume DS-b03eb487-5f80-4b94-b7bc-e07fd4b9528d
2024-08-03 20:04:44,435 [23b8e6c4-9ef5-4db8-98cf-56f7581f9eb2-ContainerReader-0] INFO  ozoneimpl.ContainerReader (ContainerReader.java:readVolume(148)) - Start to verify containers on volume /home/runner/work/ozone/ozone/hadoop-ozone/integration-test/target/test-dir/MiniOzoneClusterImpl-4c2a292f-c896-477d-a18b-b69de7e7ed64/ozone-meta/datanode-1/data-0/hdds
2024-08-03 20:04:44,435 [23b8e6c4-9ef5-4db8-98cf-56f7581f9eb2-ContainerReader-0] INFO  ozoneimpl.ContainerReader (ContainerReader.java:readVolume(178)) - Finish verifying containers on volume /home/runner/work/ozone/ozone/hadoop-ozone/integration-test/target/test-dir/MiniOzoneClusterImpl-4c2a292f-c896-477d-a18b-b69de7e7ed64/ozone-meta/datanode-1/data-0/hdds
2024-08-03 20:04:44,435 [23b8e6c4-9ef5-4db8-98cf-56f7581f9eb2-EndpointStateMachineTaskThread-/127.0.0.1:15004-0 ] INFO  ozoneimpl.OzoneContainer (OzoneContainer.java:buildContainerSet(328)) - Build ContainerSet costs 0s
2024-08-03 20:04:44,435 [23b8e6c4-9ef5-4db8-98cf-56f7581f9eb2-EndpointStateMachineTaskThread-/127.0.0.1:15004-0 ] INFO  volume.ThrottledAsyncChecker (ThrottledAsyncChecker.java:schedule(141)) - Scheduling a check for /home/runner/work/ozone/ozone/hadoop-ozone/integration-test/target/test-dir/MiniOzoneClusterImpl-4c2a292f-c896-477d-a18b-b69de7e7ed64/ozone-meta/datanode-1/data-0/hdds
2024-08-03 20:04:44,440 [23b8e6c4-9ef5-4db8-98cf-56f7581f9eb2-EndpointStateMachineTaskThread-/127.0.0.1:15004-0 ] INFO  volume.StorageVolumeChecker (StorageVolumeChecker.java:checkAllVolumes(218)) - Scheduled health check for volume /home/runner/work/ozone/ozone/hadoop-ozone/integration-test/target/test-dir/MiniOzoneClusterImpl-4c2a292f-c896-477d-a18b-b69de7e7ed64/ozone-meta/datanode-1/data-0/hdds
2024-08-03 20:04:44,443 [23b8e6c4-9ef5-4db8-98cf-56f7581f9eb2-EndpointStateMachineTaskThread-/127.0.0.1:15004-0 ] INFO  volume.ThrottledAsyncChecker (ThrottledAsyncChecker.java:schedule(141)) - Scheduling a check for /home/runner/work/ozone/ozone/hadoop-ozone/integration-test/target/test-dir/MiniOzoneClusterImpl-4c2a292f-c896-477d-a18b-b69de7e7ed64/ozone-meta/datanode-1/ratis
2024-08-03 20:04:44,444 [23b8e6c4-9ef5-4db8-98cf-56f7581f9eb2-EndpointStateMachineTaskThread-/127.0.0.1:15004-0 ] INFO  volume.StorageVolumeChecker (StorageVolumeChecker.java:checkAllVolumes(218)) - Scheduled health check for volume /home/runner/work/ozone/ozone/hadoop-ozone/integration-test/target/test-dir/MiniOzoneClusterImpl-4c2a292f-c896-477d-a18b-b69de7e7ed64/ozone-meta/datanode-1/ratis
2024-08-03 20:04:44,446 [23b8e6c4-9ef5-4db8-98cf-56f7581f9eb2-EndpointStateMachineTaskThread-/127.0.0.1:15004-0 ] INFO  ozoneimpl.OzoneContainer (OzoneContainer.java:start(459)) - Attempting to start container services.
2024-08-03 20:04:44,457 [ContainerMetadataScanner] INFO  ozoneimpl.AbstractBackgroundContainerScanner (AbstractBackgroundContainerScanner.java:runIteration(87)) - Completed an iteration in 0 minutes. Number of iterations (since the data-node restart) : 1, Number of containers scanned in this iteration : 0, Number of unhealthy containers found in this iteration : 0
2024-08-03 20:04:44,459 [23b8e6c4-9ef5-4db8-98cf-56f7581f9eb2-EndpointStateMachineTaskThread-/127.0.0.1:15004-0 ] INFO  replication.ReplicationServer (ReplicationServer.java:start(140)) - ReplicationServer is started using port 15032
2024-08-03 20:04:44,460 [23b8e6c4-9ef5-4db8-98cf-56f7581f9eb2-EndpointStateMachineTaskThread-/127.0.0.1:15004-0 ] INFO  ratis.XceiverServerRatis (XceiverServerRatis.java:start(559)) - Starting XceiverServerRatis 23b8e6c4-9ef5-4db8-98cf-56f7581f9eb2
2024-08-03 20:04:44,460 [ContainerDataScanner(/home/runner/work/ozone/ozone/hadoop-ozone/integration-test/target/test-dir/MiniOzoneClusterImpl-4c2a292f-c896-477d-a18b-b69de7e7ed64/ozone-meta/datanode-1/data-0/hdds)] INFO  ozoneimpl.AbstractBackgroundContainerScanner (AbstractBackgroundContainerScanner.java:runIteration(87)) - Completed an iteration in 0 minutes. Number of iterations (since the data-node restart) : 1, Number of containers scanned in this iteration : 0, Number of unhealthy containers found in this iteration : 0
2024-08-03 20:04:44,464 [23b8e6c4-9ef5-4db8-98cf-56f7581f9eb2-EndpointStateMachineTaskThread-/127.0.0.1:15004-0 ] INFO  server.RaftServer (RaftServerProxy.java:startImpl(408)) - 23b8e6c4-9ef5-4db8-98cf-56f7581f9eb2: start RPC server
2024-08-03 20:04:44,465 [23b8e6c4-9ef5-4db8-98cf-56f7581f9eb2-EndpointStateMachineTaskThread-/127.0.0.1:15004-0 ] INFO  server.GrpcService (GrpcService.java:startImpl(302)) - 23b8e6c4-9ef5-4db8-98cf-56f7581f9eb2: GrpcService started, listening on 15028
2024-08-03 20:04:44,465 [23b8e6c4-9ef5-4db8-98cf-56f7581f9eb2-EndpointStateMachineTaskThread-/127.0.0.1:15004-0 ] INFO  server.GrpcService (GrpcService.java:startImpl(302)) - 23b8e6c4-9ef5-4db8-98cf-56f7581f9eb2: GrpcService started, listening on 15030
2024-08-03 20:04:44,465 [23b8e6c4-9ef5-4db8-98cf-56f7581f9eb2-EndpointStateMachineTaskThread-/127.0.0.1:15004-0 ] INFO  server.GrpcService (GrpcService.java:startImpl(302)) - 23b8e6c4-9ef5-4db8-98cf-56f7581f9eb2: GrpcService started, listening on 15029
2024-08-03 20:04:44,466 [23b8e6c4-9ef5-4db8-98cf-56f7581f9eb2-EndpointStateMachineTaskThread-/127.0.0.1:15004-0 ] INFO  ratis.XceiverServerRatis (XceiverServerRatis.java:getRealPort(585)) - XceiverServerRatis 23b8e6c4-9ef5-4db8-98cf-56f7581f9eb2 is started using port 15028 for RATIS
2024-08-03 20:04:44,466 [23b8e6c4-9ef5-4db8-98cf-56f7581f9eb2-EndpointStateMachineTaskThread-/127.0.0.1:15004-0 ] INFO  ratis.XceiverServerRatis (XceiverServerRatis.java:getRealPort(585)) - XceiverServerRatis 23b8e6c4-9ef5-4db8-98cf-56f7581f9eb2 is started using port 15029 for RATIS_ADMIN
2024-08-03 20:04:44,466 [23b8e6c4-9ef5-4db8-98cf-56f7581f9eb2-EndpointStateMachineTaskThread-/127.0.0.1:15004-0 ] INFO  ratis.XceiverServerRatis (XceiverServerRatis.java:getRealPort(585)) - XceiverServerRatis 23b8e6c4-9ef5-4db8-98cf-56f7581f9eb2 is started using port 15030 for RATIS_SERVER
2024-08-03 20:04:44,466 [23b8e6c4-9ef5-4db8-98cf-56f7581f9eb2-EndpointStateMachineTaskThread-/127.0.0.1:15004-0 ] INFO  ratis.XceiverServerRatis (XceiverServerRatis.java:getRealPort(585)) - XceiverServerRatis 23b8e6c4-9ef5-4db8-98cf-56f7581f9eb2 is started using port 15031 for RATIS_DATASTREAM
2024-08-03 20:04:44,467 [JvmPauseMonitor5] INFO  util.JvmPauseMonitor (JvmPauseMonitor.java:run(146)) - JvmPauseMonitor-23b8e6c4-9ef5-4db8-98cf-56f7581f9eb2: Started
2024-08-03 20:04:44,471 [23b8e6c4-9ef5-4db8-98cf-56f7581f9eb2-BlockDeletingService#0] INFO  interfaces.ContainerDeletionChoosingPolicyTemplate (ContainerDeletionChoosingPolicyTemplate.java:chooseContainerForBlockDeletion(85)) - Chosen 0/5000 blocks from 0 candidate containers.
2024-08-03 20:04:44,701 [3dd31e9f-fa72-4829-9441-ee2f0f7ab9e4-EndpointStateMachineTaskThread-/127.0.0.1:15004-0 ] INFO  utils.DatanodeStoreCache (DatanodeStoreCache.java:addDB(72)) - Added db /home/runner/work/ozone/ozone/hadoop-ozone/integration-test/target/test-dir/MiniOzoneClusterImpl-4c2a292f-c896-477d-a18b-b69de7e7ed64/ozone-meta/datanode-2/data-0/hdds/4c2a292f-c896-477d-a18b-b69de7e7ed64/DS-8574071d-b460-4243-ad1b-266b5e76f55c/container.db to cache
2024-08-03 20:04:44,701 [3dd31e9f-fa72-4829-9441-ee2f0f7ab9e4-EndpointStateMachineTaskThread-/127.0.0.1:15004-0 ] INFO  volume.HddsVolume (HddsVolume.java:createDbStore(437)) - SchemaV3 db is created and loaded at /home/runner/work/ozone/ozone/hadoop-ozone/integration-test/target/test-dir/MiniOzoneClusterImpl-4c2a292f-c896-477d-a18b-b69de7e7ed64/ozone-meta/datanode-2/data-0/hdds/4c2a292f-c896-477d-a18b-b69de7e7ed64/DS-8574071d-b460-4243-ad1b-266b5e76f55c/container.db for volume DS-8574071d-b460-4243-ad1b-266b5e76f55c
2024-08-03 20:04:44,704 [3dd31e9f-fa72-4829-9441-ee2f0f7ab9e4-ContainerReader-0] INFO  ozoneimpl.ContainerReader (ContainerReader.java:readVolume(148)) - Start to verify containers on volume /home/runner/work/ozone/ozone/hadoop-ozone/integration-test/target/test-dir/MiniOzoneClusterImpl-4c2a292f-c896-477d-a18b-b69de7e7ed64/ozone-meta/datanode-2/data-0/hdds
2024-08-03 20:04:44,704 [3dd31e9f-fa72-4829-9441-ee2f0f7ab9e4-ContainerReader-0] INFO  ozoneimpl.ContainerReader (ContainerReader.java:readVolume(178)) - Finish verifying containers on volume /home/runner/work/ozone/ozone/hadoop-ozone/integration-test/target/test-dir/MiniOzoneClusterImpl-4c2a292f-c896-477d-a18b-b69de7e7ed64/ozone-meta/datanode-2/data-0/hdds
2024-08-03 20:04:44,704 [3dd31e9f-fa72-4829-9441-ee2f0f7ab9e4-EndpointStateMachineTaskThread-/127.0.0.1:15004-0 ] INFO  ozoneimpl.OzoneContainer (OzoneContainer.java:buildContainerSet(328)) - Build ContainerSet costs 0s
2024-08-03 20:04:44,704 [3dd31e9f-fa72-4829-9441-ee2f0f7ab9e4-EndpointStateMachineTaskThread-/127.0.0.1:15004-0 ] INFO  volume.ThrottledAsyncChecker (ThrottledAsyncChecker.java:schedule(141)) - Scheduling a check for /home/runner/work/ozone/ozone/hadoop-ozone/integration-test/target/test-dir/MiniOzoneClusterImpl-4c2a292f-c896-477d-a18b-b69de7e7ed64/ozone-meta/datanode-2/data-0/hdds
2024-08-03 20:04:44,705 [3dd31e9f-fa72-4829-9441-ee2f0f7ab9e4-EndpointStateMachineTaskThread-/127.0.0.1:15004-0 ] INFO  volume.StorageVolumeChecker (StorageVolumeChecker.java:checkAllVolumes(218)) - Scheduled health check for volume /home/runner/work/ozone/ozone/hadoop-ozone/integration-test/target/test-dir/MiniOzoneClusterImpl-4c2a292f-c896-477d-a18b-b69de7e7ed64/ozone-meta/datanode-2/data-0/hdds
2024-08-03 20:04:44,707 [3dd31e9f-fa72-4829-9441-ee2f0f7ab9e4-EndpointStateMachineTaskThread-/127.0.0.1:15004-0 ] INFO  volume.ThrottledAsyncChecker (ThrottledAsyncChecker.java:schedule(141)) - Scheduling a check for /home/runner/work/ozone/ozone/hadoop-ozone/integration-test/target/test-dir/MiniOzoneClusterImpl-4c2a292f-c896-477d-a18b-b69de7e7ed64/ozone-meta/datanode-2/ratis
2024-08-03 20:04:44,707 [3dd31e9f-fa72-4829-9441-ee2f0f7ab9e4-EndpointStateMachineTaskThread-/127.0.0.1:15004-0 ] INFO  volume.StorageVolumeChecker (StorageVolumeChecker.java:checkAllVolumes(218)) - Scheduled health check for volume /home/runner/work/ozone/ozone/hadoop-ozone/integration-test/target/test-dir/MiniOzoneClusterImpl-4c2a292f-c896-477d-a18b-b69de7e7ed64/ozone-meta/datanode-2/ratis
2024-08-03 20:04:44,708 [3dd31e9f-fa72-4829-9441-ee2f0f7ab9e4-EndpointStateMachineTaskThread-/127.0.0.1:15004-0 ] INFO  ozoneimpl.OzoneContainer (OzoneContainer.java:start(459)) - Attempting to start container services.
2024-08-03 20:04:44,708 [3dd31e9f-fa72-4829-9441-ee2f0f7ab9e4-EndpointStateMachineTaskThread-/127.0.0.1:15004-0 ] WARN  ozoneimpl.OnDemandContainerDataScanner (OnDemandContainerDataScanner.java:init(75)) - Trying to initialize on demand scanner a second time on a datanode.
2024-08-03 20:04:44,709 [ContainerMetadataScanner] INFO  ozoneimpl.AbstractBackgroundContainerScanner (AbstractBackgroundContainerScanner.java:runIteration(87)) - Completed an iteration in 0 minutes. Number of iterations (since the data-node restart) : 1, Number of containers scanned in this iteration : 0, Number of unhealthy containers found in this iteration : 0
2024-08-03 20:04:44,709 [ContainerDataScanner(/home/runner/work/ozone/ozone/hadoop-ozone/integration-test/target/test-dir/MiniOzoneClusterImpl-4c2a292f-c896-477d-a18b-b69de7e7ed64/ozone-meta/datanode-2/data-0/hdds)] INFO  ozoneimpl.AbstractBackgroundContainerScanner (AbstractBackgroundContainerScanner.java:runIteration(87)) - Completed an iteration in 0 minutes. Number of iterations (since the data-node restart) : 1, Number of containers scanned in this iteration : 0, Number of unhealthy containers found in this iteration : 0
2024-08-03 20:04:44,710 [3dd31e9f-fa72-4829-9441-ee2f0f7ab9e4-EndpointStateMachineTaskThread-/127.0.0.1:15004-0 ] INFO  replication.ReplicationServer (ReplicationServer.java:start(140)) - ReplicationServer is started using port 15041
2024-08-03 20:04:44,710 [3dd31e9f-fa72-4829-9441-ee2f0f7ab9e4-EndpointStateMachineTaskThread-/127.0.0.1:15004-0 ] INFO  ratis.XceiverServerRatis (XceiverServerRatis.java:start(559)) - Starting XceiverServerRatis 3dd31e9f-fa72-4829-9441-ee2f0f7ab9e4
2024-08-03 20:04:44,710 [3dd31e9f-fa72-4829-9441-ee2f0f7ab9e4-EndpointStateMachineTaskThread-/127.0.0.1:15004-0 ] INFO  server.RaftServer (RaftServerProxy.java:startImpl(408)) - 3dd31e9f-fa72-4829-9441-ee2f0f7ab9e4: start RPC server
2024-08-03 20:04:44,711 [3dd31e9f-fa72-4829-9441-ee2f0f7ab9e4-EndpointStateMachineTaskThread-/127.0.0.1:15004-0 ] INFO  server.GrpcService (GrpcService.java:startImpl(302)) - 3dd31e9f-fa72-4829-9441-ee2f0f7ab9e4: GrpcService started, listening on 15037
2024-08-03 20:04:44,711 [3dd31e9f-fa72-4829-9441-ee2f0f7ab9e4-EndpointStateMachineTaskThread-/127.0.0.1:15004-0 ] INFO  server.GrpcService (GrpcService.java:startImpl(302)) - 3dd31e9f-fa72-4829-9441-ee2f0f7ab9e4: GrpcService started, listening on 15039
2024-08-03 20:04:44,711 [3dd31e9f-fa72-4829-9441-ee2f0f7ab9e4-EndpointStateMachineTaskThread-/127.0.0.1:15004-0 ] INFO  server.GrpcService (GrpcService.java:startImpl(302)) - 3dd31e9f-fa72-4829-9441-ee2f0f7ab9e4: GrpcService started, listening on 15038
2024-08-03 20:04:44,712 [3dd31e9f-fa72-4829-9441-ee2f0f7ab9e4-EndpointStateMachineTaskThread-/127.0.0.1:15004-0 ] INFO  ratis.XceiverServerRatis (XceiverServerRatis.java:getRealPort(585)) - XceiverServerRatis 3dd31e9f-fa72-4829-9441-ee2f0f7ab9e4 is started using port 15037 for RATIS
2024-08-03 20:04:44,712 [3dd31e9f-fa72-4829-9441-ee2f0f7ab9e4-EndpointStateMachineTaskThread-/127.0.0.1:15004-0 ] INFO  ratis.XceiverServerRatis (XceiverServerRatis.java:getRealPort(585)) - XceiverServerRatis 3dd31e9f-fa72-4829-9441-ee2f0f7ab9e4 is started using port 15038 for RATIS_ADMIN
2024-08-03 20:04:44,712 [3dd31e9f-fa72-4829-9441-ee2f0f7ab9e4-EndpointStateMachineTaskThread-/127.0.0.1:15004-0 ] INFO  ratis.XceiverServerRatis (XceiverServerRatis.java:getRealPort(585)) - XceiverServerRatis 3dd31e9f-fa72-4829-9441-ee2f0f7ab9e4 is started using port 15039 for RATIS_SERVER
2024-08-03 20:04:44,712 [JvmPauseMonitor6] INFO  util.JvmPauseMonitor (JvmPauseMonitor.java:run(146)) - JvmPauseMonitor-3dd31e9f-fa72-4829-9441-ee2f0f7ab9e4: Started
2024-08-03 20:04:44,712 [3dd31e9f-fa72-4829-9441-ee2f0f7ab9e4-EndpointStateMachineTaskThread-/127.0.0.1:15004-0 ] INFO  ratis.XceiverServerRatis (XceiverServerRatis.java:getRealPort(585)) - XceiverServerRatis 3dd31e9f-fa72-4829-9441-ee2f0f7ab9e4 is started using port 15040 for RATIS_DATASTREAM
2024-08-03 20:04:44,713 [3dd31e9f-fa72-4829-9441-ee2f0f7ab9e4-BlockDeletingService#0] INFO  interfaces.ContainerDeletionChoosingPolicyTemplate (ContainerDeletionChoosingPolicyTemplate.java:chooseContainerForBlockDeletion(85)) - Chosen 0/5000 blocks from 0 candidate containers.
2024-08-03 20:04:44,956 [main] INFO  ozone.MiniOzoneClusterImpl (MiniOzoneClusterImpl.java:lambda$waitForClusterToBeReady$0(194)) - Waiting for nodes to be ready. Got 0 of 3 DN Heartbeats.
2024-08-03 20:04:44,957 [main] INFO  ozone.MiniOzoneClusterImpl (MiniOzoneClusterImpl.java:lambda$waitForClusterToBeReady$0(197)) - Waiting for cluster to exit safe mode
2024-08-03 20:04:44,957 [main] INFO  ozone.MiniOzoneClusterImpl (MiniOzoneClusterImpl.java:lambda$waitForClusterToBeReady$0(199)) - SCM became leader
2024-08-03 20:04:44,990 [ad840c1c-4245-4817-9bba-62272b02ba42-EndpointStateMachineTaskThread-/127.0.0.1:15004-0 ] INFO  utils.DatanodeStoreCache (DatanodeStoreCache.java:addDB(72)) - Added db /home/runner/work/ozone/ozone/hadoop-ozone/integration-test/target/test-dir/MiniOzoneClusterImpl-4c2a292f-c896-477d-a18b-b69de7e7ed64/ozone-meta/datanode-3/data-0/hdds/4c2a292f-c896-477d-a18b-b69de7e7ed64/DS-5bdc7927-6bc2-4166-91e1-4cb8d73048b8/container.db to cache
2024-08-03 20:04:44,990 [ad840c1c-4245-4817-9bba-62272b02ba42-EndpointStateMachineTaskThread-/127.0.0.1:15004-0 ] INFO  volume.HddsVolume (HddsVolume.java:createDbStore(437)) - SchemaV3 db is created and loaded at /home/runner/work/ozone/ozone/hadoop-ozone/integration-test/target/test-dir/MiniOzoneClusterImpl-4c2a292f-c896-477d-a18b-b69de7e7ed64/ozone-meta/datanode-3/data-0/hdds/4c2a292f-c896-477d-a18b-b69de7e7ed64/DS-5bdc7927-6bc2-4166-91e1-4cb8d73048b8/container.db for volume DS-5bdc7927-6bc2-4166-91e1-4cb8d73048b8
2024-08-03 20:04:44,994 [ad840c1c-4245-4817-9bba-62272b02ba42-ContainerReader-0] INFO  ozoneimpl.ContainerReader (ContainerReader.java:readVolume(148)) - Start to verify containers on volume /home/runner/work/ozone/ozone/hadoop-ozone/integration-test/target/test-dir/MiniOzoneClusterImpl-4c2a292f-c896-477d-a18b-b69de7e7ed64/ozone-meta/datanode-3/data-0/hdds
2024-08-03 20:04:44,994 [ad840c1c-4245-4817-9bba-62272b02ba42-ContainerReader-0] INFO  ozoneimpl.ContainerReader (ContainerReader.java:readVolume(178)) - Finish verifying containers on volume /home/runner/work/ozone/ozone/hadoop-ozone/integration-test/target/test-dir/MiniOzoneClusterImpl-4c2a292f-c896-477d-a18b-b69de7e7ed64/ozone-meta/datanode-3/data-0/hdds
2024-08-03 20:04:44,995 [ad840c1c-4245-4817-9bba-62272b02ba42-EndpointStateMachineTaskThread-/127.0.0.1:15004-0 ] INFO  ozoneimpl.OzoneContainer (OzoneContainer.java:buildContainerSet(328)) - Build ContainerSet costs 0s
2024-08-03 20:04:44,995 [ad840c1c-4245-4817-9bba-62272b02ba42-EndpointStateMachineTaskThread-/127.0.0.1:15004-0 ] INFO  volume.ThrottledAsyncChecker (ThrottledAsyncChecker.java:schedule(141)) - Scheduling a check for /home/runner/work/ozone/ozone/hadoop-ozone/integration-test/target/test-dir/MiniOzoneClusterImpl-4c2a292f-c896-477d-a18b-b69de7e7ed64/ozone-meta/datanode-3/data-0/hdds
2024-08-03 20:04:44,996 [ad840c1c-4245-4817-9bba-62272b02ba42-EndpointStateMachineTaskThread-/127.0.0.1:15004-0 ] INFO  volume.StorageVolumeChecker (StorageVolumeChecker.java:checkAllVolumes(218)) - Scheduled health check for volume /home/runner/work/ozone/ozone/hadoop-ozone/integration-test/target/test-dir/MiniOzoneClusterImpl-4c2a292f-c896-477d-a18b-b69de7e7ed64/ozone-meta/datanode-3/data-0/hdds
2024-08-03 20:04:44,998 [ad840c1c-4245-4817-9bba-62272b02ba42-EndpointStateMachineTaskThread-/127.0.0.1:15004-0 ] INFO  volume.ThrottledAsyncChecker (ThrottledAsyncChecker.java:schedule(141)) - Scheduling a check for /home/runner/work/ozone/ozone/hadoop-ozone/integration-test/target/test-dir/MiniOzoneClusterImpl-4c2a292f-c896-477d-a18b-b69de7e7ed64/ozone-meta/datanode-3/ratis
2024-08-03 20:04:44,998 [ad840c1c-4245-4817-9bba-62272b02ba42-EndpointStateMachineTaskThread-/127.0.0.1:15004-0 ] INFO  volume.StorageVolumeChecker (StorageVolumeChecker.java:checkAllVolumes(218)) - Scheduled health check for volume /home/runner/work/ozone/ozone/hadoop-ozone/integration-test/target/test-dir/MiniOzoneClusterImpl-4c2a292f-c896-477d-a18b-b69de7e7ed64/ozone-meta/datanode-3/ratis
2024-08-03 20:04:44,999 [ad840c1c-4245-4817-9bba-62272b02ba42-EndpointStateMachineTaskThread-/127.0.0.1:15004-0 ] INFO  ozoneimpl.OzoneContainer (OzoneContainer.java:start(459)) - Attempting to start container services.
2024-08-03 20:04:44,999 [ad840c1c-4245-4817-9bba-62272b02ba42-EndpointStateMachineTaskThread-/127.0.0.1:15004-0 ] WARN  ozoneimpl.OnDemandContainerDataScanner (OnDemandContainerDataScanner.java:init(75)) - Trying to initialize on demand scanner a second time on a datanode.
2024-08-03 20:04:45,000 [ContainerMetadataScanner] INFO  ozoneimpl.AbstractBackgroundContainerScanner (AbstractBackgroundContainerScanner.java:runIteration(87)) - Completed an iteration in 0 minutes. Number of iterations (since the data-node restart) : 1, Number of containers scanned in this iteration : 0, Number of unhealthy containers found in this iteration : 0
2024-08-03 20:04:45,001 [ad840c1c-4245-4817-9bba-62272b02ba42-EndpointStateMachineTaskThread-/127.0.0.1:15004-0 ] INFO  replication.ReplicationServer (ReplicationServer.java:start(140)) - ReplicationServer is started using port 15050
2024-08-03 20:04:45,001 [ad840c1c-4245-4817-9bba-62272b02ba42-EndpointStateMachineTaskThread-/127.0.0.1:15004-0 ] INFO  ratis.XceiverServerRatis (XceiverServerRatis.java:start(559)) - Starting XceiverServerRatis ad840c1c-4245-4817-9bba-62272b02ba42
2024-08-03 20:04:45,001 [ContainerDataScanner(/home/runner/work/ozone/ozone/hadoop-ozone/integration-test/target/test-dir/MiniOzoneClusterImpl-4c2a292f-c896-477d-a18b-b69de7e7ed64/ozone-meta/datanode-3/data-0/hdds)] INFO  ozoneimpl.AbstractBackgroundContainerScanner (AbstractBackgroundContainerScanner.java:runIteration(87)) - Completed an iteration in 0 minutes. Number of iterations (since the data-node restart) : 1, Number of containers scanned in this iteration : 0, Number of unhealthy containers found in this iteration : 0
2024-08-03 20:04:45,013 [ad840c1c-4245-4817-9bba-62272b02ba42-EndpointStateMachineTaskThread-/127.0.0.1:15004-0 ] INFO  server.RaftServer (RaftServerProxy.java:startImpl(408)) - ad840c1c-4245-4817-9bba-62272b02ba42: start RPC server
2024-08-03 20:04:45,013 [ad840c1c-4245-4817-9bba-62272b02ba42-EndpointStateMachineTaskThread-/127.0.0.1:15004-0 ] INFO  server.GrpcService (GrpcService.java:startImpl(302)) - ad840c1c-4245-4817-9bba-62272b02ba42: GrpcService started, listening on 15046
2024-08-03 20:04:45,014 [ad840c1c-4245-4817-9bba-62272b02ba42-EndpointStateMachineTaskThread-/127.0.0.1:15004-0 ] INFO  server.GrpcService (GrpcService.java:startImpl(302)) - ad840c1c-4245-4817-9bba-62272b02ba42: GrpcService started, listening on 15048
2024-08-03 20:04:45,016 [ad840c1c-4245-4817-9bba-62272b02ba42-EndpointStateMachineTaskThread-/127.0.0.1:15004-0 ] INFO  server.GrpcService (GrpcService.java:startImpl(302)) - ad840c1c-4245-4817-9bba-62272b02ba42: GrpcService started, listening on 15047
2024-08-03 20:04:45,016 [ad840c1c-4245-4817-9bba-62272b02ba42-EndpointStateMachineTaskThread-/127.0.0.1:15004-0 ] INFO  ratis.XceiverServerRatis (XceiverServerRatis.java:getRealPort(585)) - XceiverServerRatis ad840c1c-4245-4817-9bba-62272b02ba42 is started using port 15046 for RATIS
2024-08-03 20:04:45,016 [ad840c1c-4245-4817-9bba-62272b02ba42-EndpointStateMachineTaskThread-/127.0.0.1:15004-0 ] INFO  ratis.XceiverServerRatis (XceiverServerRatis.java:getRealPort(585)) - XceiverServerRatis ad840c1c-4245-4817-9bba-62272b02ba42 is started using port 15047 for RATIS_ADMIN
2024-08-03 20:04:45,016 [ad840c1c-4245-4817-9bba-62272b02ba42-EndpointStateMachineTaskThread-/127.0.0.1:15004-0 ] INFO  ratis.XceiverServerRatis (XceiverServerRatis.java:getRealPort(585)) - XceiverServerRatis ad840c1c-4245-4817-9bba-62272b02ba42 is started using port 15048 for RATIS_SERVER
2024-08-03 20:04:45,016 [ad840c1c-4245-4817-9bba-62272b02ba42-EndpointStateMachineTaskThread-/127.0.0.1:15004-0 ] INFO  ratis.XceiverServerRatis (XceiverServerRatis.java:getRealPort(585)) - XceiverServerRatis ad840c1c-4245-4817-9bba-62272b02ba42 is started using port 15049 for RATIS_DATASTREAM
2024-08-03 20:04:45,016 [JvmPauseMonitor7] INFO  util.JvmPauseMonitor (JvmPauseMonitor.java:run(146)) - JvmPauseMonitor-ad840c1c-4245-4817-9bba-62272b02ba42: Started
2024-08-03 20:04:45,018 [ad840c1c-4245-4817-9bba-62272b02ba42-BlockDeletingService#0] INFO  interfaces.ContainerDeletionChoosingPolicyTemplate (ContainerDeletionChoosingPolicyTemplate.java:chooseContainerForBlockDeletion(85)) - Chosen 0/5000 blocks from 0 candidate containers.
2024-08-03 20:04:45,957 [main] INFO  ozone.MiniOzoneClusterImpl (MiniOzoneClusterImpl.java:lambda$waitForClusterToBeReady$0(194)) - Waiting for nodes to be ready. Got 0 of 3 DN Heartbeats.
2024-08-03 20:04:45,957 [main] INFO  ozone.MiniOzoneClusterImpl (MiniOzoneClusterImpl.java:lambda$waitForClusterToBeReady$0(197)) - Waiting for cluster to exit safe mode
2024-08-03 20:04:45,957 [main] INFO  ozone.MiniOzoneClusterImpl (MiniOzoneClusterImpl.java:lambda$waitForClusterToBeReady$0(199)) - SCM became leader
2024-08-03 20:04:46,382 [IPC Server handler 1 on default port 15004] INFO  net.NetworkTopologyImpl (NetworkTopologyImpl.java:add(134)) - Added a new node: /default-rack/23b8e6c4-9ef5-4db8-98cf-56f7581f9eb2
2024-08-03 20:04:46,385 [IPC Server handler 1 on default port 15004] INFO  node.SCMNodeManager (SCMNodeManager.java:register(422)) - Registered datanode: 23b8e6c4-9ef5-4db8-98cf-56f7581f9eb2{ip: 127.0.0.1, host: localhost, ports: [HTTP=15025, CLIENT_RPC=15026, REPLICATION=15032, RATIS=15028, RATIS_ADMIN=15029, RATIS_SERVER=15030, RATIS_DATASTREAM=15031, STANDALONE=15027], networkLocation: /default-rack, certSerialId: null, persistedOpState: null, persistedOpStateExpiryEpochSec: 0}
2024-08-03 20:04:46,386 [scmNode-1-EventQueue-NewNodeForNewNodeHandler] INFO  pipeline.BackgroundPipelineCreator (BackgroundPipelineCreator.java:notifyEventTriggered(280)) - trigger a one-shot run on scmNode-1-RatisPipelineUtilsThread.
2024-08-03 20:04:46,388 [scmNode-1-EventQueue-NodeRegistrationContainerReportForContainerSafeModeRule] INFO  safemode.SCMSafeModeManager (SCMSafeModeManager.java:validateSafeModeExitRules(203)) - ContainerSafeModeRule rule is successfully validated
2024-08-03 20:04:46,388 [scmNode-1-EventQueue-NodeRegistrationContainerReportForDataNodeSafeModeRule] INFO  safemode.SCMSafeModeManager (DataNodeSafeModeRule.java:process(71)) - SCM in safe mode. 1 DataNodes registered, 3 required.
2024-08-03 20:04:46,389 [scmNode-1-EventQueue-PipelineReportForOneReplicaPipelineSafeModeRule] INFO  safemode.SCMSafeModeManager (SCMSafeModeManager.java:validateSafeModeExitRules(203)) - AtleastOneDatanodeReportedRule rule is successfully validated
2024-08-03 20:04:46,393 [scmNode-1-RatisPipelineUtilsThread-0] INFO  pipeline.RatisPipelineProvider (RatisPipelineProvider.java:lambda$create$0(205)) - Sending CreatePipelineCommand for pipeline:PipelineID=6472c907-96ec-45de-909b-1e87dae416c5 to datanode:23b8e6c4-9ef5-4db8-98cf-56f7581f9eb2
2024-08-03 20:04:46,443 [8c6bcd6e-4a2a-41ae-8998-20aaaed1716b@group-B69DE7E7ED64-StateMachineUpdater] INFO  safemode.HealthyPipelineSafeModeRule (HealthyPipelineSafeModeRule.java:initializeRule(172)) - Refreshed total pipeline count is 0, healthy pipeline threshold count is 1
2024-08-03 20:04:46,446 [scmNode-1-RatisPipelineUtilsThread-0] INFO  pipeline.BackgroundPipelineCreator (BackgroundPipelineCreator.java:createPipelines(236)) - Created new pipeline Pipeline[ Id: 6472c907-96ec-45de-909b-1e87dae416c5, Nodes: 23b8e6c4-9ef5-4db8-98cf-56f7581f9eb2(localhost/127.0.0.1) ReplicaIndex: 0, ReplicationConfig: RATIS/ONE, State:ALLOCATED, leaderId:, CreationTimestamp2024-08-03T20:04:46.392666288Z[Etc/UTC]]
2024-08-03 20:04:46,672 [IPC Server handler 2 on default port 15004] INFO  net.NetworkTopologyImpl (NetworkTopologyImpl.java:add(134)) - Added a new node: /default-rack/3dd31e9f-fa72-4829-9441-ee2f0f7ab9e4
2024-08-03 20:04:46,673 [IPC Server handler 2 on default port 15004] INFO  node.SCMNodeManager (SCMNodeManager.java:register(422)) - Registered datanode: 3dd31e9f-fa72-4829-9441-ee2f0f7ab9e4{ip: 127.0.0.1, host: localhost, ports: [HTTP=15034, CLIENT_RPC=15035, REPLICATION=15041, RATIS=15037, RATIS_ADMIN=15038, RATIS_SERVER=15039, RATIS_DATASTREAM=15040, STANDALONE=15036], networkLocation: /default-rack, certSerialId: null, persistedOpState: null, persistedOpStateExpiryEpochSec: 0}
2024-08-03 20:04:46,673 [scmNode-1-EventQueue-NodeRegistrationContainerReportForDataNodeSafeModeRule] INFO  safemode.SCMSafeModeManager (DataNodeSafeModeRule.java:process(71)) - SCM in safe mode. 2 DataNodes registered, 3 required.
2024-08-03 20:04:46,673 [scmNode-1-EventQueue-NewNodeForNewNodeHandler] INFO  pipeline.BackgroundPipelineCreator (BackgroundPipelineCreator.java:notifyEventTriggered(280)) - trigger a one-shot run on scmNode-1-RatisPipelineUtilsThread.
2024-08-03 20:04:46,674 [scmNode-1-RatisPipelineUtilsThread-0] INFO  pipeline.RatisPipelineProvider (RatisPipelineProvider.java:lambda$create$0(205)) - Sending CreatePipelineCommand for pipeline:PipelineID=82329030-2722-47a0-a378-2479445d8b61 to datanode:3dd31e9f-fa72-4829-9441-ee2f0f7ab9e4
2024-08-03 20:04:46,677 [8c6bcd6e-4a2a-41ae-8998-20aaaed1716b@group-B69DE7E7ED64-StateMachineUpdater] INFO  safemode.HealthyPipelineSafeModeRule (HealthyPipelineSafeModeRule.java:initializeRule(172)) - Refreshed total pipeline count is 0, healthy pipeline threshold count is 1
2024-08-03 20:04:46,677 [scmNode-1-RatisPipelineUtilsThread-0] INFO  pipeline.BackgroundPipelineCreator (BackgroundPipelineCreator.java:createPipelines(236)) - Created new pipeline Pipeline[ Id: 82329030-2722-47a0-a378-2479445d8b61, Nodes: 3dd31e9f-fa72-4829-9441-ee2f0f7ab9e4(localhost/127.0.0.1) ReplicaIndex: 0, ReplicationConfig: RATIS/ONE, State:ALLOCATED, leaderId:, CreationTimestamp2024-08-03T20:04:46.674455732Z[Etc/UTC]]
2024-08-03 20:04:46,956 [IPC Server handler 0 on default port 15004] INFO  net.NetworkTopologyImpl (NetworkTopologyImpl.java:add(134)) - Added a new node: /default-rack/ad840c1c-4245-4817-9bba-62272b02ba42
2024-08-03 20:04:46,956 [IPC Server handler 0 on default port 15004] INFO  node.SCMNodeManager (SCMNodeManager.java:register(422)) - Registered datanode: ad840c1c-4245-4817-9bba-62272b02ba42{ip: 127.0.0.1, host: localhost, ports: [HTTP=15043, CLIENT_RPC=15044, REPLICATION=15050, RATIS=15046, RATIS_ADMIN=15047, RATIS_SERVER=15048, RATIS_DATASTREAM=15049, STANDALONE=15045], networkLocation: /default-rack, certSerialId: null, persistedOpState: null, persistedOpStateExpiryEpochSec: 0}
2024-08-03 20:04:46,956 [scmNode-1-EventQueue-NewNodeForNewNodeHandler] INFO  pipeline.BackgroundPipelineCreator (BackgroundPipelineCreator.java:notifyEventTriggered(280)) - trigger a one-shot run on scmNode-1-RatisPipelineUtilsThread.
2024-08-03 20:04:46,957 [scmNode-1-EventQueue-NodeRegistrationContainerReportForDataNodeSafeModeRule] INFO  safemode.SCMSafeModeManager (DataNodeSafeModeRule.java:process(71)) - SCM in safe mode. 3 DataNodes registered, 3 required.
2024-08-03 20:04:46,957 [scmNode-1-EventQueue-NodeRegistrationContainerReportForDataNodeSafeModeRule] INFO  safemode.SCMSafeModeManager (SCMSafeModeManager.java:validateSafeModeExitRules(203)) - DataNodeSafeModeRule rule is successfully validated
2024-08-03 20:04:46,957 [scmNode-1-RatisPipelineUtilsThread-0] INFO  pipeline.RatisPipelineProvider (RatisPipelineProvider.java:lambda$create$0(205)) - Sending CreatePipelineCommand for pipeline:PipelineID=e80fae2f-6558-41a4-9125-ed67c9afabeb to datanode:ad840c1c-4245-4817-9bba-62272b02ba42
2024-08-03 20:04:46,957 [scmNode-1-EventQueue-NodeRegistrationContainerReportForDataNodeSafeModeRule] INFO  safemode.SCMSafeModeManager (SCMSafeModeManager.java:completePreCheck(232)) - All SCM safe mode pre check rules have passed
2024-08-03 20:04:46,957 [scmNode-1-EventQueue-NodeRegistrationContainerReportForDataNodeSafeModeRule] INFO  ha.SCMContext (SCMContext.java:updateSafeModeStatus(225)) - Update SafeModeStatus from SafeModeStatus{safeModeStatus=true, preCheckPassed=false} to SafeModeStatus{safeModeStatus=true, preCheckPassed=true}.
2024-08-03 20:04:46,957 [scmNode-1-EventQueue-NodeRegistrationContainerReportForDataNodeSafeModeRule] INFO  pipeline.BackgroundPipelineCreator (BackgroundPipelineCreator.java:notifyEventTriggered(280)) - trigger a one-shot run on scmNode-1-RatisPipelineUtilsThread.
2024-08-03 20:04:46,958 [main] INFO  ozone.MiniOzoneClusterImpl (MiniOzoneClusterImpl.java:lambda$waitForClusterToBeReady$0(194)) - Nodes are ready. Got 3 of 3 DN Heartbeats.
2024-08-03 20:04:46,959 [main] INFO  ozone.MiniOzoneClusterImpl (MiniOzoneClusterImpl.java:lambda$waitForClusterToBeReady$0(197)) - Waiting for cluster to exit safe mode
2024-08-03 20:04:46,959 [main] INFO  ozone.MiniOzoneClusterImpl (MiniOzoneClusterImpl.java:lambda$waitForClusterToBeReady$0(199)) - SCM became leader
2024-08-03 20:04:46,960 [8c6bcd6e-4a2a-41ae-8998-20aaaed1716b@group-B69DE7E7ED64-StateMachineUpdater] INFO  safemode.HealthyPipelineSafeModeRule (HealthyPipelineSafeModeRule.java:initializeRule(172)) - Refreshed total pipeline count is 0, healthy pipeline threshold count is 1
2024-08-03 20:04:46,960 [scmNode-1-RatisPipelineUtilsThread-0] INFO  pipeline.BackgroundPipelineCreator (BackgroundPipelineCreator.java:createPipelines(236)) - Created new pipeline Pipeline[ Id: e80fae2f-6558-41a4-9125-ed67c9afabeb, Nodes: ad840c1c-4245-4817-9bba-62272b02ba42(localhost/127.0.0.1) ReplicaIndex: 0, ReplicationConfig: RATIS/ONE, State:ALLOCATED, leaderId:, CreationTimestamp2024-08-03T20:04:46.957366008Z[Etc/UTC]]
2024-08-03 20:04:46,964 [scmNode-1-RatisPipelineUtilsThread-0] INFO  pipeline.RatisPipelineProvider (RatisPipelineProvider.java:lambda$create$0(205)) - Sending CreatePipelineCommand for pipeline:PipelineID=86c067dd-2e56-4990-8ea7-a97e9b20c87d to datanode:ad840c1c-4245-4817-9bba-62272b02ba42
2024-08-03 20:04:46,964 [scmNode-1-RatisPipelineUtilsThread-0] INFO  pipeline.RatisPipelineProvider (RatisPipelineProvider.java:lambda$create$0(205)) - Sending CreatePipelineCommand for pipeline:PipelineID=86c067dd-2e56-4990-8ea7-a97e9b20c87d to datanode:23b8e6c4-9ef5-4db8-98cf-56f7581f9eb2
2024-08-03 20:04:46,964 [scmNode-1-RatisPipelineUtilsThread-0] INFO  pipeline.RatisPipelineProvider (RatisPipelineProvider.java:lambda$create$0(205)) - Sending CreatePipelineCommand for pipeline:PipelineID=86c067dd-2e56-4990-8ea7-a97e9b20c87d to datanode:3dd31e9f-fa72-4829-9441-ee2f0f7ab9e4
2024-08-03 20:04:46,967 [8c6bcd6e-4a2a-41ae-8998-20aaaed1716b@group-B69DE7E7ED64-StateMachineUpdater] INFO  safemode.HealthyPipelineSafeModeRule (HealthyPipelineSafeModeRule.java:initializeRule(172)) - Refreshed total pipeline count is 0, healthy pipeline threshold count is 1
2024-08-03 20:04:46,968 [scmNode-1-RatisPipelineUtilsThread-0] INFO  pipeline.BackgroundPipelineCreator (BackgroundPipelineCreator.java:createPipelines(236)) - Created new pipeline Pipeline[ Id: 86c067dd-2e56-4990-8ea7-a97e9b20c87d, Nodes: ad840c1c-4245-4817-9bba-62272b02ba42(localhost/127.0.0.1) ReplicaIndex: 023b8e6c4-9ef5-4db8-98cf-56f7581f9eb2(localhost/127.0.0.1) ReplicaIndex: 03dd31e9f-fa72-4829-9441-ee2f0f7ab9e4(localhost/127.0.0.1) ReplicaIndex: 0, ReplicationConfig: RATIS/THREE, State:ALLOCATED, leaderId:, CreationTimestamp2024-08-03T20:04:46.964110663Z[Etc/UTC]]
2024-08-03 20:04:46,969 [scmNode-1-RatisPipelineUtilsThread-0] INFO  pipeline.RatisPipelineProvider (RatisPipelineProvider.java:lambda$create$0(205)) - Sending CreatePipelineCommand for pipeline:PipelineID=c3067428-c4b1-46eb-945d-29759fb93938 to datanode:3dd31e9f-fa72-4829-9441-ee2f0f7ab9e4
2024-08-03 20:04:46,969 [scmNode-1-RatisPipelineUtilsThread-0] INFO  pipeline.RatisPipelineProvider (RatisPipelineProvider.java:lambda$create$0(205)) - Sending CreatePipelineCommand for pipeline:PipelineID=c3067428-c4b1-46eb-945d-29759fb93938 to datanode:ad840c1c-4245-4817-9bba-62272b02ba42
2024-08-03 20:04:46,969 [scmNode-1-RatisPipelineUtilsThread-0] INFO  pipeline.RatisPipelineProvider (RatisPipelineProvider.java:lambda$create$0(205)) - Sending CreatePipelineCommand for pipeline:PipelineID=c3067428-c4b1-46eb-945d-29759fb93938 to datanode:23b8e6c4-9ef5-4db8-98cf-56f7581f9eb2
2024-08-03 20:04:46,972 [8c6bcd6e-4a2a-41ae-8998-20aaaed1716b@group-B69DE7E7ED64-StateMachineUpdater] INFO  safemode.HealthyPipelineSafeModeRule (HealthyPipelineSafeModeRule.java:initializeRule(172)) - Refreshed total pipeline count is 0, healthy pipeline threshold count is 1
2024-08-03 20:04:46,973 [scmNode-1-RatisPipelineUtilsThread-0] INFO  pipeline.PipelineManagerImpl (PipelineManagerImpl.java:recordMetricsForPipeline(916)) - Pipeline: PipelineID=c3067428-c4b1-46eb-945d-29759fb93938 contains same datanodes as previous pipelines: PipelineID=86c067dd-2e56-4990-8ea7-a97e9b20c87d nodeIds: 3dd31e9f-fa72-4829-9441-ee2f0f7ab9e4, ad840c1c-4245-4817-9bba-62272b02ba42, 23b8e6c4-9ef5-4db8-98cf-56f7581f9eb2
2024-08-03 20:04:46,973 [scmNode-1-RatisPipelineUtilsThread-0] INFO  pipeline.BackgroundPipelineCreator (BackgroundPipelineCreator.java:createPipelines(236)) - Created new pipeline Pipeline[ Id: c3067428-c4b1-46eb-945d-29759fb93938, Nodes: 3dd31e9f-fa72-4829-9441-ee2f0f7ab9e4(localhost/127.0.0.1) ReplicaIndex: 0ad840c1c-4245-4817-9bba-62272b02ba42(localhost/127.0.0.1) ReplicaIndex: 023b8e6c4-9ef5-4db8-98cf-56f7581f9eb2(localhost/127.0.0.1) ReplicaIndex: 0, ReplicationConfig: RATIS/THREE, State:ALLOCATED, leaderId:, CreationTimestamp2024-08-03T20:04:46.969582961Z[Etc/UTC]]
2024-08-03 20:04:47,959 [main] INFO  ozone.MiniOzoneClusterImpl (MiniOzoneClusterImpl.java:lambda$waitForClusterToBeReady$0(194)) - Nodes are ready. Got 3 of 3 DN Heartbeats.
2024-08-03 20:04:47,959 [main] INFO  ozone.MiniOzoneClusterImpl (MiniOzoneClusterImpl.java:lambda$waitForClusterToBeReady$0(197)) - Waiting for cluster to exit safe mode
2024-08-03 20:04:47,959 [main] INFO  ozone.MiniOzoneClusterImpl (MiniOzoneClusterImpl.java:lambda$waitForClusterToBeReady$0(199)) - SCM became leader
2024-08-03 20:04:48,959 [main] INFO  ozone.MiniOzoneClusterImpl (MiniOzoneClusterImpl.java:lambda$waitForClusterToBeReady$0(194)) - Nodes are ready. Got 3 of 3 DN Heartbeats.
2024-08-03 20:04:48,960 [main] INFO  ozone.MiniOzoneClusterImpl (MiniOzoneClusterImpl.java:lambda$waitForClusterToBeReady$0(197)) - Waiting for cluster to exit safe mode
2024-08-03 20:04:48,960 [main] INFO  ozone.MiniOzoneClusterImpl (MiniOzoneClusterImpl.java:lambda$waitForClusterToBeReady$0(199)) - SCM became leader
2024-08-03 20:04:49,372 [23b8e6c4-9ef5-4db8-98cf-56f7581f9eb2-PipelineCommandHandlerThread-0] INFO  server.RaftServer (RaftServerProxy.java:addNew(101)) - 23b8e6c4-9ef5-4db8-98cf-56f7581f9eb2: addNew group-1E87DAE416C5:[23b8e6c4-9ef5-4db8-98cf-56f7581f9eb2|127.0.0.1:15030] returns group-1E87DAE416C5:java.util.concurrent.CompletableFuture@51ba9f37[Not completed]
2024-08-03 20:04:49,376 [23b8e6c4-9ef5-4db8-98cf-56f7581f9eb2-groupManagement] INFO  lib.Interns (Interns.java:removeEldestEntry(50)) - Metrics intern cache overflow at 2011 for MetricsSystem={MetricsSystem=MetricsInfoImpl{name=MetricsSystem, description=MetricsSystem}, MetricsSystem record=MetricsInfoImpl{name=MetricsSystem, description=MetricsSystem record}}
2024-08-03 20:04:49,379 [23b8e6c4-9ef5-4db8-98cf-56f7581f9eb2-groupManagement] INFO  server.RaftServer$Division (RaftServerImpl.java:<init>(253)) - 23b8e6c4-9ef5-4db8-98cf-56f7581f9eb2: new RaftServerImpl for group-1E87DAE416C5:[23b8e6c4-9ef5-4db8-98cf-56f7581f9eb2|127.0.0.1:15030] with ContainerStateMachine:uninitialized
2024-08-03 20:04:49,380 [23b8e6c4-9ef5-4db8-98cf-56f7581f9eb2-groupManagement] INFO  server.RaftServerConfigKeys (ConfUtils.java:logGet(46)) - raft.server.rpc.timeout.min = 5s (custom)
2024-08-03 20:04:49,380 [23b8e6c4-9ef5-4db8-98cf-56f7581f9eb2-groupManagement] INFO  server.RaftServerConfigKeys (ConfUtils.java:logGet(46)) - raft.server.rpc.timeout.max = 5200ms (custom)
2024-08-03 20:04:49,380 [23b8e6c4-9ef5-4db8-98cf-56f7581f9eb2-groupManagement] INFO  server.RaftServerConfigKeys (ConfUtils.java:logGet(46)) - raft.server.rpc.sleep.time = 25ms (default)
2024-08-03 20:04:49,380 [23b8e6c4-9ef5-4db8-98cf-56f7581f9eb2-groupManagement] INFO  server.RaftServerConfigKeys (ConfUtils.java:logGet(46)) - raft.server.rpc.slowness.timeout = 300s (custom)
2024-08-03 20:04:49,380 [23b8e6c4-9ef5-4db8-98cf-56f7581f9eb2-groupManagement] INFO  server.RaftServerConfigKeys (ConfUtils.java:logGet(46)) - raft.server.leaderelection.leader.step-down.wait-time = 10s (default)
2024-08-03 20:04:49,380 [23b8e6c4-9ef5-4db8-98cf-56f7581f9eb2-groupManagement] INFO  server.RaftServerConfigKeys (ConfUtils.java:logGet(46)) - raft.server.leaderelection.member.majority-add = false (default)
2024-08-03 20:04:49,380 [23b8e6c4-9ef5-4db8-98cf-56f7581f9eb2-groupManagement] INFO  server.RaftServerConfigKeys (ConfUtils.java:logGet(46)) - raft.server.sleep.deviation.threshold = 300ms (default)
2024-08-03 20:04:49,380 [23b8e6c4-9ef5-4db8-98cf-56f7581f9eb2-groupManagement] INFO  server.RaftServer$Division (ServerState.java:<init>(114)) - 23b8e6c4-9ef5-4db8-98cf-56f7581f9eb2@group-1E87DAE416C5: ConfigurationManager, init=conf: {index: -1, cur=peers:[23b8e6c4-9ef5-4db8-98cf-56f7581f9eb2|127.0.0.1:15030]|listeners:[], old=null}, confs=<EMPTY_MAP>
2024-08-03 20:04:49,380 [23b8e6c4-9ef5-4db8-98cf-56f7581f9eb2-groupManagement] INFO  server.RaftServerConfigKeys (ConfUtils.java:logGet(46)) - raft.server.notification.no-leader.timeout = 300s (custom)
2024-08-03 20:04:49,380 [23b8e6c4-9ef5-4db8-98cf-56f7581f9eb2-groupManagement] INFO  server.RaftServerConfigKeys (ConfUtils.java:logGet(46)) - raft.server.read.timeout = 10s (default)
2024-08-03 20:04:49,380 [23b8e6c4-9ef5-4db8-98cf-56f7581f9eb2-groupManagement] INFO  server.RaftServerConfigKeys (ConfUtils.java:logGet(46)) - raft.server.retrycache.expirytime = 600000ms (custom)
2024-08-03 20:04:49,380 [23b8e6c4-9ef5-4db8-98cf-56f7581f9eb2-groupManagement] INFO  server.RaftServerConfigKeys (ConfUtils.java:logGet(46)) - raft.server.retrycache.statistics.expirytime = 100ms (default)
2024-08-03 20:04:49,381 [23b8e6c4-9ef5-4db8-98cf-56f7581f9eb2-groupManagement] INFO  server.RaftServerConfigKeys (ConfUtils.java:logGet(46)) - raft.server.read.option = DEFAULT (default)
2024-08-03 20:04:49,381 [23b8e6c4-9ef5-4db8-98cf-56f7581f9eb2-groupManagement] INFO  server.RaftServerConfigKeys (ConfUtils.java:logGet(46)) - raft.server.read.read-after-write-consistent.write-index-cache.expiry-time = 60s (default)
2024-08-03 20:04:49,387 [23b8e6c4-9ef5-4db8-98cf-56f7581f9eb2-groupManagement] INFO  server.RaftServerConfigKeys (ConfUtils.java:logGet(46)) - raft.server.rpc.request.timeout = 60s (custom)
2024-08-03 20:04:49,387 [23b8e6c4-9ef5-4db8-98cf-56f7581f9eb2-groupManagement] INFO  server.RaftServerConfigKeys (ConfUtils.java:logGet(46)) - raft.server.log.appender.install.snapshot.enabled = false (custom)
2024-08-03 20:04:49,387 [23b8e6c4-9ef5-4db8-98cf-56f7581f9eb2-groupManagement] INFO  server.RaftServerConfigKeys (ConfUtils.java:logGet(46)) - raft.server.threadpool.server.cached = true (default)
2024-08-03 20:04:49,387 [23b8e6c4-9ef5-4db8-98cf-56f7581f9eb2-groupManagement] INFO  server.RaftServerConfigKeys (ConfUtils.java:logGet(46)) - raft.server.threadpool.server.size = 0 (default)
2024-08-03 20:04:49,387 [23b8e6c4-9ef5-4db8-98cf-56f7581f9eb2-groupManagement] INFO  server.RaftServerConfigKeys (ConfUtils.java:logGet(46)) - raft.server.threadpool.client.cached = true (default)
2024-08-03 20:04:49,388 [23b8e6c4-9ef5-4db8-98cf-56f7581f9eb2-groupManagement] INFO  server.RaftServerConfigKeys (ConfUtils.java:logGet(46)) - raft.server.threadpool.client.size = 0 (default)
2024-08-03 20:04:49,388 [23b8e6c4-9ef5-4db8-98cf-56f7581f9eb2-groupManagement] INFO  server.RaftServerConfigKeys (ConfUtils.java:logGet(46)) - raft.server.storage.free-space.min = 0MB (=0) (default)
2024-08-03 20:04:49,388 [23b8e6c4-9ef5-4db8-98cf-56f7581f9eb2-groupManagement] INFO  server.RaftServerConfigKeys (ConfUtils.java:logGet(46)) - raft.server.log.corruption.policy = EXCEPTION (default)
2024-08-03 20:04:49,388 [23b8e6c4-9ef5-4db8-98cf-56f7581f9eb2-groupManagement] INFO  server.RaftServerConfigKeys (ConfUtils.java:logGet(46)) - raft.server.storage.dir = [/home/runner/work/ozone/ozone/hadoop-ozone/integration-test/target/test-dir/MiniOzoneClusterImpl-4c2a292f-c896-477d-a18b-b69de7e7ed64/ozone-meta/datanode-1/ratis] (custom)
2024-08-03 20:04:49,388 [23b8e6c4-9ef5-4db8-98cf-56f7581f9eb2-groupManagement] INFO  storage.RaftStorageDirectory (RaftStorageDirectoryImpl.java:analyzeStorage(138)) - The storage directory /home/runner/work/ozone/ozone/hadoop-ozone/integration-test/target/test-dir/MiniOzoneClusterImpl-4c2a292f-c896-477d-a18b-b69de7e7ed64/ozone-meta/datanode-1/ratis/6472c907-96ec-45de-909b-1e87dae416c5 does not exist. Creating ...
2024-08-03 20:04:49,390 [23b8e6c4-9ef5-4db8-98cf-56f7581f9eb2-groupManagement] INFO  storage.RaftStorageDirectory (RaftStorageDirectoryImpl.java:tryLock(229)) - Lock on /home/runner/work/ozone/ozone/hadoop-ozone/integration-test/target/test-dir/MiniOzoneClusterImpl-4c2a292f-c896-477d-a18b-b69de7e7ed64/ozone-meta/datanode-1/ratis/6472c907-96ec-45de-909b-1e87dae416c5/in_use.lock acquired by nodename 59896@fv-az976-615
2024-08-03 20:04:49,391 [23b8e6c4-9ef5-4db8-98cf-56f7581f9eb2-groupManagement] INFO  storage.RaftStorage (RaftStorageImpl.java:format(98)) - Storage directory /home/runner/work/ozone/ozone/hadoop-ozone/integration-test/target/test-dir/MiniOzoneClusterImpl-4c2a292f-c896-477d-a18b-b69de7e7ed64/ozone-meta/datanode-1/ratis/6472c907-96ec-45de-909b-1e87dae416c5 has been successfully formatted.
2024-08-03 20:04:49,395 [23b8e6c4-9ef5-4db8-98cf-56f7581f9eb2-groupManagement] INFO  ratis.ContainerStateMachine (ContainerStateMachine.java:loadSnapshot(287)) - group-1E87DAE416C5: The snapshot info is null. Setting the last applied index to:(t:0, i:~)
2024-08-03 20:04:49,395 [23b8e6c4-9ef5-4db8-98cf-56f7581f9eb2-groupManagement] INFO  server.RaftServerConfigKeys (ConfUtils.java:logGet(46)) - raft.server.log.use.memory = false (default)
2024-08-03 20:04:49,395 [23b8e6c4-9ef5-4db8-98cf-56f7581f9eb2-groupManagement] INFO  server.RaftServerConfigKeys (ConfUtils.java:logGet(46)) - raft.server.log.purge.gap = 1000000 (custom)
2024-08-03 20:04:49,395 [23b8e6c4-9ef5-4db8-98cf-56f7581f9eb2-groupManagement] INFO  server.RaftServerConfigKeys (ConfUtils.java:logGet(46)) - raft.server.log.appender.buffer.byte-limit = 8388608 (custom)
2024-08-03 20:04:49,395 [23b8e6c4-9ef5-4db8-98cf-56f7581f9eb2-groupManagement] INFO  server.RaftServerConfigKeys (ConfUtils.java:logGet(46)) - raft.server.log.statemachine.data.read.timeout = 1000ms (default)
2024-08-03 20:04:49,395 [23b8e6c4-9ef5-4db8-98cf-56f7581f9eb2-groupManagement] INFO  server.RaftServerConfigKeys (ConfUtils.java:logGet(46)) - raft.server.log.purge.preservation.log.num = 0 (default)
2024-08-03 20:04:49,398 [23b8e6c4-9ef5-4db8-98cf-56f7581f9eb2-groupManagement] INFO  server.RaftServerConfigKeys (ConfUtils.java:logGet(46)) - raft.server.log.segment.size.max = 67108864 (custom)
2024-08-03 20:04:49,399 [23b8e6c4-9ef5-4db8-98cf-56f7581f9eb2-groupManagement] INFO  server.RaftServerConfigKeys (ConfUtils.java:logGet(46)) - raft.server.log.segment.cache.num.max = 2 (custom)
2024-08-03 20:04:49,399 [23b8e6c4-9ef5-4db8-98cf-56f7581f9eb2-groupManagement] INFO  server.RaftServerConfigKeys (ConfUtils.java:logGet(46)) - raft.server.log.segment.cache.size.max = 200MB (=209715200) (default)
2024-08-03 20:04:49,399 [23b8e6c4-9ef5-4db8-98cf-56f7581f9eb2-groupManagement] INFO  server.RaftServerConfigKeys (ConfUtils.java:logGet(46)) - raft.server.log.appender.buffer.byte-limit = 8388608 (custom)
2024-08-03 20:04:49,399 [23b8e6c4-9ef5-4db8-98cf-56f7581f9eb2-groupManagement] INFO  util.AwaitToRun (AwaitToRun.java:start(81)) - Thread[23b8e6c4-9ef5-4db8-98cf-56f7581f9eb2@group-1E87DAE416C5-cacheEviction-AwaitToRun,5,main] started
2024-08-03 20:04:49,399 [23b8e6c4-9ef5-4db8-98cf-56f7581f9eb2-groupManagement] INFO  segmented.SegmentedRaftLogWorker (SegmentedRaftLogWorker.java:<init>(184)) - new 23b8e6c4-9ef5-4db8-98cf-56f7581f9eb2@group-1E87DAE416C5-SegmentedRaftLogWorker for RaftStorageImpl:Storage Directory /home/runner/work/ozone/ozone/hadoop-ozone/integration-test/target/test-dir/MiniOzoneClusterImpl-4c2a292f-c896-477d-a18b-b69de7e7ed64/ozone-meta/datanode-1/ratis/6472c907-96ec-45de-909b-1e87dae416c5
2024-08-03 20:04:49,399 [23b8e6c4-9ef5-4db8-98cf-56f7581f9eb2-groupManagement] INFO  server.RaftServerConfigKeys (ConfUtils.java:logGet(46)) - raft.server.log.queue.byte-limit = 4294967296 (custom)
2024-08-03 20:04:49,399 [23b8e6c4-9ef5-4db8-98cf-56f7581f9eb2-groupManagement] INFO  server.RaftServerConfigKeys (ConfUtils.java:logGet(46)) - raft.server.log.queue.element-limit = 1024 (custom)
2024-08-03 20:04:49,399 [23b8e6c4-9ef5-4db8-98cf-56f7581f9eb2-groupManagement] INFO  server.RaftServerConfigKeys (ConfUtils.java:logGet(46)) - raft.server.log.segment.size.max = 67108864 (custom)
2024-08-03 20:04:49,399 [23b8e6c4-9ef5-4db8-98cf-56f7581f9eb2-groupManagement] INFO  server.RaftServerConfigKeys (ConfUtils.java:logGet(46)) - raft.server.log.preallocated.size = 4194304 (custom)
2024-08-03 20:04:49,399 [23b8e6c4-9ef5-4db8-98cf-56f7581f9eb2-groupManagement] INFO  server.RaftServerConfigKeys (ConfUtils.java:logGet(46)) - raft.server.log.force.sync.num = 128 (default)
2024-08-03 20:04:49,399 [23b8e6c4-9ef5-4db8-98cf-56f7581f9eb2-groupManagement] INFO  server.RaftServerConfigKeys (ConfUtils.java:logGet(46)) - raft.server.log.statemachine.data.sync = true (default)
2024-08-03 20:04:49,399 [23b8e6c4-9ef5-4db8-98cf-56f7581f9eb2-groupManagement] INFO  server.RaftServerConfigKeys (ConfUtils.java:logGet(46)) - raft.server.log.statemachine.data.sync.timeout = 10s (default)
2024-08-03 20:04:49,400 [23b8e6c4-9ef5-4db8-98cf-56f7581f9eb2-groupManagement] INFO  server.RaftServerConfigKeys (ConfUtils.java:logGet(46)) - raft.server.log.statemachine.data.sync.timeout.retry = 30 (custom)
2024-08-03 20:04:49,400 [23b8e6c4-9ef5-4db8-98cf-56f7581f9eb2-groupManagement] INFO  server.RaftServerConfigKeys (ConfUtils.java:logGet(46)) - raft.server.log.write.buffer.size = 8388616 (custom)
2024-08-03 20:04:49,402 [23b8e6c4-9ef5-4db8-98cf-56f7581f9eb2-groupManagement] INFO  server.RaftServerConfigKeys (ConfUtils.java:logGet(46)) - raft.server.log.appender.buffer.byte-limit = 8388608 (custom)
2024-08-03 20:04:49,402 [23b8e6c4-9ef5-4db8-98cf-56f7581f9eb2-groupManagement] INFO  server.RaftServerConfigKeys (ConfUtils.java:logGet(46)) - raft.server.log.unsafe-flush.enabled = false (default)
2024-08-03 20:04:49,402 [23b8e6c4-9ef5-4db8-98cf-56f7581f9eb2-groupManagement] INFO  server.RaftServerConfigKeys (ConfUtils.java:logGet(46)) - raft.server.log.async-flush.enabled = false (default)
2024-08-03 20:04:49,402 [23b8e6c4-9ef5-4db8-98cf-56f7581f9eb2-groupManagement] INFO  server.RaftServerConfigKeys (ConfUtils.java:logGet(46)) - raft.server.log.statemachine.data.caching.enabled = true (custom)
2024-08-03 20:04:49,402 [23b8e6c4-9ef5-4db8-98cf-56f7581f9eb2-groupManagement] INFO  segmented.SegmentedRaftLogWorker (SegmentedRaftLogWorker.java:lambda$new$0(135)) - 23b8e6c4-9ef5-4db8-98cf-56f7581f9eb2@group-1E87DAE416C5-SegmentedRaftLogWorker: flushIndex: setUnconditionally 0 -> -1
2024-08-03 20:04:49,403 [23b8e6c4-9ef5-4db8-98cf-56f7581f9eb2-groupManagement] INFO  segmented.SegmentedRaftLogWorker (SegmentedRaftLogWorker.java:lambda$new$0(135)) - 23b8e6c4-9ef5-4db8-98cf-56f7581f9eb2@group-1E87DAE416C5-SegmentedRaftLogWorker: safeCacheEvictIndex: setUnconditionally 0 -> -1
2024-08-03 20:04:49,403 [23b8e6c4-9ef5-4db8-98cf-56f7581f9eb2-groupManagement] INFO  server.RaftServer$Division (RaftServerImpl.java:start(389)) - 23b8e6c4-9ef5-4db8-98cf-56f7581f9eb2@group-1E87DAE416C5: start as a follower, conf=conf: {index: -1, cur=peers:[23b8e6c4-9ef5-4db8-98cf-56f7581f9eb2|127.0.0.1:15030]|listeners:[], old=null}
2024-08-03 20:04:49,403 [23b8e6c4-9ef5-4db8-98cf-56f7581f9eb2-groupManagement] INFO  server.RaftServer$Division (RaftServerImpl.java:setRole(376)) - 23b8e6c4-9ef5-4db8-98cf-56f7581f9eb2@group-1E87DAE416C5: changes role from      null to FOLLOWER at term 0 for startAsFollower
2024-08-03 20:04:49,403 [23b8e6c4-9ef5-4db8-98cf-56f7581f9eb2-groupManagement] INFO  impl.RoleInfo (RoleInfo.java:updateAndGet(148)) - 23b8e6c4-9ef5-4db8-98cf-56f7581f9eb2: start 23b8e6c4-9ef5-4db8-98cf-56f7581f9eb2@group-1E87DAE416C5-FollowerState
2024-08-03 20:04:49,405 [23b8e6c4-9ef5-4db8-98cf-56f7581f9eb2-groupManagement] INFO  util.JmxRegister (JmxRegister.java:tryRegister(44)) - Successfully registered JMX Bean with object name Ratis:service=RaftServer,group=group-1E87DAE416C5,id=23b8e6c4-9ef5-4db8-98cf-56f7581f9eb2
2024-08-03 20:04:49,405 [23b8e6c4-9ef5-4db8-98cf-56f7581f9eb2-groupManagement] INFO  util.JmxRegister (JmxRegister.java:register(58)) - register mxBean class org.apache.ratis.server.impl.RaftServerJmxAdapter as Ratis:service=RaftServer,group=group-1E87DAE416C5,id=23b8e6c4-9ef5-4db8-98cf-56f7581f9eb2
2024-08-03 20:04:49,405 [23b8e6c4-9ef5-4db8-98cf-56f7581f9eb2-groupManagement] INFO  server.RaftServerConfigKeys (ConfUtils.java:logGet(46)) - raft.server.snapshot.trigger-when-stop.enabled = true (default)
2024-08-03 20:04:49,405 [23b8e6c4-9ef5-4db8-98cf-56f7581f9eb2-groupManagement] INFO  server.RaftServerConfigKeys (ConfUtils.java:logGet(46)) - raft.server.snapshot.trigger-when-remove.enabled = true (default)
2024-08-03 20:04:49,405 [23b8e6c4-9ef5-4db8-98cf-56f7581f9eb2-groupManagement] INFO  server.RaftServerConfigKeys (ConfUtils.java:logGet(46)) - raft.server.snapshot.auto.trigger.enabled = true (custom)
2024-08-03 20:04:49,405 [23b8e6c4-9ef5-4db8-98cf-56f7581f9eb2-groupManagement] INFO  server.RaftServerConfigKeys (ConfUtils.java:logGet(46)) - raft.server.snapshot.auto.trigger.threshold = 10000 (custom)
2024-08-03 20:04:49,405 [23b8e6c4-9ef5-4db8-98cf-56f7581f9eb2-groupManagement] INFO  server.RaftServerConfigKeys (ConfUtils.java:logGet(46)) - raft.server.snapshot.retention.file.num = 5 (custom)
2024-08-03 20:04:49,405 [23b8e6c4-9ef5-4db8-98cf-56f7581f9eb2-groupManagement] INFO  server.RaftServerConfigKeys (ConfUtils.java:logGet(46)) - raft.server.log.purge.upto.snapshot.index = false (default)
2024-08-03 20:04:49,406 [23b8e6c4-9ef5-4db8-98cf-56f7581f9eb2@group-1E87DAE416C5-FollowerState] INFO  server.RaftServerConfigKeys (ConfUtils.java:logFallback(53)) - raft.server.rpc.first-election.timeout.min = 5s (fallback to raft.server.rpc.timeout.min)
2024-08-03 20:04:49,407 [23b8e6c4-9ef5-4db8-98cf-56f7581f9eb2@group-1E87DAE416C5-FollowerState] INFO  server.RaftServerConfigKeys (ConfUtils.java:logFallback(53)) - raft.server.rpc.first-election.timeout.max = 5200ms (fallback to raft.server.rpc.timeout.max)
2024-08-03 20:04:49,414 [23b8e6c4-9ef5-4db8-98cf-56f7581f9eb2-PipelineCommandHandlerThread-0] INFO  ratis.XceiverServerRatis (XceiverServerRatis.java:addGroup(846)) - Created group PipelineID=6472c907-96ec-45de-909b-1e87dae416c5
2024-08-03 20:04:49,415 [23b8e6c4-9ef5-4db8-98cf-56f7581f9eb2-PipelineCommandHandlerThread-0] INFO  commandhandler.CreatePipelineCommandHandler (CreatePipelineCommandHandler.java:lambda$handle$2(124)) - Created Pipeline RATIS ONE PipelineID=6472c907-96ec-45de-909b-1e87dae416c5.
2024-08-03 20:04:49,415 [23b8e6c4-9ef5-4db8-98cf-56f7581f9eb2-PipelineCommandHandlerThread-0] INFO  server.RaftServer (RaftServerProxy.java:addNew(101)) - 23b8e6c4-9ef5-4db8-98cf-56f7581f9eb2: addNew group-A97E9B20C87D:[23b8e6c4-9ef5-4db8-98cf-56f7581f9eb2|127.0.0.1:15030, 3dd31e9f-fa72-4829-9441-ee2f0f7ab9e4|127.0.0.1:15039, ad840c1c-4245-4817-9bba-62272b02ba42|127.0.0.1:15048] returns group-A97E9B20C87D:java.util.concurrent.CompletableFuture@4a4aa16d[Not completed]
2024-08-03 20:04:49,417 [23b8e6c4-9ef5-4db8-98cf-56f7581f9eb2-groupManagement] INFO  server.RaftServer$Division (RaftServerImpl.java:<init>(253)) - 23b8e6c4-9ef5-4db8-98cf-56f7581f9eb2: new RaftServerImpl for group-A97E9B20C87D:[23b8e6c4-9ef5-4db8-98cf-56f7581f9eb2|127.0.0.1:15030, 3dd31e9f-fa72-4829-9441-ee2f0f7ab9e4|127.0.0.1:15039, ad840c1c-4245-4817-9bba-62272b02ba42|127.0.0.1:15048] with ContainerStateMachine:uninitialized
2024-08-03 20:04:49,417 [23b8e6c4-9ef5-4db8-98cf-56f7581f9eb2-groupManagement] INFO  server.RaftServerConfigKeys (ConfUtils.java:logGet(46)) - raft.server.rpc.timeout.min = 5s (custom)
2024-08-03 20:04:49,417 [23b8e6c4-9ef5-4db8-98cf-56f7581f9eb2-groupManagement] INFO  server.RaftServerConfigKeys (ConfUtils.java:logGet(46)) - raft.server.rpc.timeout.max = 5200ms (custom)
2024-08-03 20:04:49,417 [23b8e6c4-9ef5-4db8-98cf-56f7581f9eb2-groupManagement] INFO  server.RaftServerConfigKeys (ConfUtils.java:logGet(46)) - raft.server.rpc.sleep.time = 25ms (default)
2024-08-03 20:04:49,417 [23b8e6c4-9ef5-4db8-98cf-56f7581f9eb2-groupManagement] INFO  server.RaftServerConfigKeys (ConfUtils.java:logGet(46)) - raft.server.rpc.slowness.timeout = 300s (custom)
2024-08-03 20:04:49,417 [23b8e6c4-9ef5-4db8-98cf-56f7581f9eb2-groupManagement] INFO  server.RaftServerConfigKeys (ConfUtils.java:logGet(46)) - raft.server.leaderelection.leader.step-down.wait-time = 10s (default)
2024-08-03 20:04:49,417 [23b8e6c4-9ef5-4db8-98cf-56f7581f9eb2-groupManagement] INFO  server.RaftServerConfigKeys (ConfUtils.java:logGet(46)) - raft.server.leaderelection.member.majority-add = false (default)
2024-08-03 20:04:49,417 [23b8e6c4-9ef5-4db8-98cf-56f7581f9eb2-groupManagement] INFO  server.RaftServerConfigKeys (ConfUtils.java:logGet(46)) - raft.server.sleep.deviation.threshold = 300ms (default)
2024-08-03 20:04:49,417 [23b8e6c4-9ef5-4db8-98cf-56f7581f9eb2-groupManagement] INFO  server.RaftServer$Division (ServerState.java:<init>(114)) - 23b8e6c4-9ef5-4db8-98cf-56f7581f9eb2@group-A97E9B20C87D: ConfigurationManager, init=conf: {index: -1, cur=peers:[23b8e6c4-9ef5-4db8-98cf-56f7581f9eb2|127.0.0.1:15030, 3dd31e9f-fa72-4829-9441-ee2f0f7ab9e4|127.0.0.1:15039, ad840c1c-4245-4817-9bba-62272b02ba42|127.0.0.1:15048]|listeners:[], old=null}, confs=<EMPTY_MAP>
2024-08-03 20:04:49,417 [23b8e6c4-9ef5-4db8-98cf-56f7581f9eb2-groupManagement] INFO  server.RaftServerConfigKeys (ConfUtils.java:logGet(46)) - raft.server.notification.no-leader.timeout = 300s (custom)
2024-08-03 20:04:49,417 [23b8e6c4-9ef5-4db8-98cf-56f7581f9eb2-groupManagement] INFO  server.RaftServerConfigKeys (ConfUtils.java:logGet(46)) - raft.server.read.timeout = 10s (default)
2024-08-03 20:04:49,417 [23b8e6c4-9ef5-4db8-98cf-56f7581f9eb2-groupManagement] INFO  server.RaftServerConfigKeys (ConfUtils.java:logGet(46)) - raft.server.retrycache.expirytime = 600000ms (custom)
2024-08-03 20:04:49,417 [23b8e6c4-9ef5-4db8-98cf-56f7581f9eb2-groupManagement] INFO  server.RaftServerConfigKeys (ConfUtils.java:logGet(46)) - raft.server.retrycache.statistics.expirytime = 100ms (default)
2024-08-03 20:04:49,418 [23b8e6c4-9ef5-4db8-98cf-56f7581f9eb2-groupManagement] INFO  server.RaftServerConfigKeys (ConfUtils.java:logGet(46)) - raft.server.read.option = DEFAULT (default)
2024-08-03 20:04:49,418 [23b8e6c4-9ef5-4db8-98cf-56f7581f9eb2-groupManagement] INFO  server.RaftServerConfigKeys (ConfUtils.java:logGet(46)) - raft.server.read.read-after-write-consistent.write-index-cache.expiry-time = 60s (default)
2024-08-03 20:04:49,422 [23b8e6c4-9ef5-4db8-98cf-56f7581f9eb2-groupManagement] INFO  server.RaftServerConfigKeys (ConfUtils.java:logGet(46)) - raft.server.rpc.request.timeout = 60s (custom)
2024-08-03 20:04:49,422 [23b8e6c4-9ef5-4db8-98cf-56f7581f9eb2-groupManagement] INFO  server.RaftServerConfigKeys (ConfUtils.java:logGet(46)) - raft.server.log.appender.install.snapshot.enabled = false (custom)
2024-08-03 20:04:49,422 [23b8e6c4-9ef5-4db8-98cf-56f7581f9eb2-groupManagement] INFO  server.RaftServerConfigKeys (ConfUtils.java:logGet(46)) - raft.server.threadpool.server.cached = true (default)
2024-08-03 20:04:49,422 [23b8e6c4-9ef5-4db8-98cf-56f7581f9eb2-groupManagement] INFO  server.RaftServerConfigKeys (ConfUtils.java:logGet(46)) - raft.server.threadpool.server.size = 0 (default)
2024-08-03 20:04:49,422 [23b8e6c4-9ef5-4db8-98cf-56f7581f9eb2-groupManagement] INFO  server.RaftServerConfigKeys (ConfUtils.java:logGet(46)) - raft.server.threadpool.client.cached = true (default)
2024-08-03 20:04:49,422 [23b8e6c4-9ef5-4db8-98cf-56f7581f9eb2-groupManagement] INFO  server.RaftServerConfigKeys (ConfUtils.java:logGet(46)) - raft.server.threadpool.client.size = 0 (default)
2024-08-03 20:04:49,422 [23b8e6c4-9ef5-4db8-98cf-56f7581f9eb2-groupManagement] INFO  server.RaftServerConfigKeys (ConfUtils.java:logGet(46)) - raft.server.storage.free-space.min = 0MB (=0) (default)
2024-08-03 20:04:49,422 [23b8e6c4-9ef5-4db8-98cf-56f7581f9eb2-groupManagement] INFO  server.RaftServerConfigKeys (ConfUtils.java:logGet(46)) - raft.server.log.corruption.policy = EXCEPTION (default)
2024-08-03 20:04:49,422 [23b8e6c4-9ef5-4db8-98cf-56f7581f9eb2-groupManagement] INFO  server.RaftServerConfigKeys (ConfUtils.java:logGet(46)) - raft.server.storage.dir = [/home/runner/work/ozone/ozone/hadoop-ozone/integration-test/target/test-dir/MiniOzoneClusterImpl-4c2a292f-c896-477d-a18b-b69de7e7ed64/ozone-meta/datanode-1/ratis] (custom)
2024-08-03 20:04:49,423 [23b8e6c4-9ef5-4db8-98cf-56f7581f9eb2-groupManagement] INFO  storage.RaftStorageDirectory (RaftStorageDirectoryImpl.java:analyzeStorage(138)) - The storage directory /home/runner/work/ozone/ozone/hadoop-ozone/integration-test/target/test-dir/MiniOzoneClusterImpl-4c2a292f-c896-477d-a18b-b69de7e7ed64/ozone-meta/datanode-1/ratis/86c067dd-2e56-4990-8ea7-a97e9b20c87d does not exist. Creating ...
2024-08-03 20:04:49,424 [23b8e6c4-9ef5-4db8-98cf-56f7581f9eb2-groupManagement] INFO  storage.RaftStorageDirectory (RaftStorageDirectoryImpl.java:tryLock(229)) - Lock on /home/runner/work/ozone/ozone/hadoop-ozone/integration-test/target/test-dir/MiniOzoneClusterImpl-4c2a292f-c896-477d-a18b-b69de7e7ed64/ozone-meta/datanode-1/ratis/86c067dd-2e56-4990-8ea7-a97e9b20c87d/in_use.lock acquired by nodename 59896@fv-az976-615
2024-08-03 20:04:49,425 [23b8e6c4-9ef5-4db8-98cf-56f7581f9eb2-groupManagement] INFO  storage.RaftStorage (RaftStorageImpl.java:format(98)) - Storage directory /home/runner/work/ozone/ozone/hadoop-ozone/integration-test/target/test-dir/MiniOzoneClusterImpl-4c2a292f-c896-477d-a18b-b69de7e7ed64/ozone-meta/datanode-1/ratis/86c067dd-2e56-4990-8ea7-a97e9b20c87d has been successfully formatted.
2024-08-03 20:04:49,426 [23b8e6c4-9ef5-4db8-98cf-56f7581f9eb2-groupManagement] INFO  ratis.ContainerStateMachine (ContainerStateMachine.java:loadSnapshot(287)) - group-A97E9B20C87D: The snapshot info is null. Setting the last applied index to:(t:0, i:~)
2024-08-03 20:04:49,426 [23b8e6c4-9ef5-4db8-98cf-56f7581f9eb2-groupManagement] INFO  server.RaftServerConfigKeys (ConfUtils.java:logGet(46)) - raft.server.log.use.memory = false (default)
2024-08-03 20:04:49,426 [23b8e6c4-9ef5-4db8-98cf-56f7581f9eb2-groupManagement] INFO  server.RaftServerConfigKeys (ConfUtils.java:logGet(46)) - raft.server.log.purge.gap = 1000000 (custom)
2024-08-03 20:04:49,427 [23b8e6c4-9ef5-4db8-98cf-56f7581f9eb2-groupManagement] INFO  server.RaftServerConfigKeys (ConfUtils.java:logGet(46)) - raft.server.log.appender.buffer.byte-limit = 8388608 (custom)
2024-08-03 20:04:49,427 [23b8e6c4-9ef5-4db8-98cf-56f7581f9eb2-groupManagement] INFO  server.RaftServerConfigKeys (ConfUtils.java:logGet(46)) - raft.server.log.statemachine.data.read.timeout = 1000ms (default)
2024-08-03 20:04:49,427 [23b8e6c4-9ef5-4db8-98cf-56f7581f9eb2-groupManagement] INFO  server.RaftServerConfigKeys (ConfUtils.java:logGet(46)) - raft.server.log.purge.preservation.log.num = 0 (default)
2024-08-03 20:04:49,430 [23b8e6c4-9ef5-4db8-98cf-56f7581f9eb2-groupManagement] INFO  server.RaftServerConfigKeys (ConfUtils.java:logGet(46)) - raft.server.log.segment.size.max = 67108864 (custom)
2024-08-03 20:04:49,430 [8c6bcd6e-4a2a-41ae-8998-20aaaed1716b@group-B69DE7E7ED64-StateMachineUpdater] INFO  safemode.HealthyPipelineSafeModeRule (HealthyPipelineSafeModeRule.java:initializeRule(172)) - Refreshed total pipeline count is 0, healthy pipeline threshold count is 1
2024-08-03 20:04:49,431 [23b8e6c4-9ef5-4db8-98cf-56f7581f9eb2-groupManagement] INFO  server.RaftServerConfigKeys (ConfUtils.java:logGet(46)) - raft.server.log.segment.cache.num.max = 2 (custom)
2024-08-03 20:04:49,431 [23b8e6c4-9ef5-4db8-98cf-56f7581f9eb2-groupManagement] INFO  server.RaftServerConfigKeys (ConfUtils.java:logGet(46)) - raft.server.log.segment.cache.size.max = 200MB (=209715200) (default)
2024-08-03 20:04:49,431 [23b8e6c4-9ef5-4db8-98cf-56f7581f9eb2-groupManagement] INFO  server.RaftServerConfigKeys (ConfUtils.java:logGet(46)) - raft.server.log.appender.buffer.byte-limit = 8388608 (custom)
2024-08-03 20:04:49,431 [23b8e6c4-9ef5-4db8-98cf-56f7581f9eb2-groupManagement] INFO  util.AwaitToRun (AwaitToRun.java:start(81)) - Thread[23b8e6c4-9ef5-4db8-98cf-56f7581f9eb2@group-A97E9B20C87D-cacheEviction-AwaitToRun,5,main] started
2024-08-03 20:04:49,431 [23b8e6c4-9ef5-4db8-98cf-56f7581f9eb2-groupManagement] INFO  segmented.SegmentedRaftLogWorker (SegmentedRaftLogWorker.java:<init>(184)) - new 23b8e6c4-9ef5-4db8-98cf-56f7581f9eb2@group-A97E9B20C87D-SegmentedRaftLogWorker for RaftStorageImpl:Storage Directory /home/runner/work/ozone/ozone/hadoop-ozone/integration-test/target/test-dir/MiniOzoneClusterImpl-4c2a292f-c896-477d-a18b-b69de7e7ed64/ozone-meta/datanode-1/ratis/86c067dd-2e56-4990-8ea7-a97e9b20c87d
2024-08-03 20:04:49,431 [23b8e6c4-9ef5-4db8-98cf-56f7581f9eb2-groupManagement] INFO  server.RaftServerConfigKeys (ConfUtils.java:logGet(46)) - raft.server.log.queue.byte-limit = 4294967296 (custom)
2024-08-03 20:04:49,431 [23b8e6c4-9ef5-4db8-98cf-56f7581f9eb2-groupManagement] INFO  server.RaftServerConfigKeys (ConfUtils.java:logGet(46)) - raft.server.log.queue.element-limit = 1024 (custom)
2024-08-03 20:04:49,432 [23b8e6c4-9ef5-4db8-98cf-56f7581f9eb2-groupManagement] INFO  server.RaftServerConfigKeys (ConfUtils.java:logGet(46)) - raft.server.log.segment.size.max = 67108864 (custom)
2024-08-03 20:04:49,432 [23b8e6c4-9ef5-4db8-98cf-56f7581f9eb2-groupManagement] INFO  server.RaftServerConfigKeys (ConfUtils.java:logGet(46)) - raft.server.log.preallocated.size = 4194304 (custom)
2024-08-03 20:04:49,432 [23b8e6c4-9ef5-4db8-98cf-56f7581f9eb2-groupManagement] INFO  server.RaftServerConfigKeys (ConfUtils.java:logGet(46)) - raft.server.log.force.sync.num = 128 (default)
2024-08-03 20:04:49,432 [23b8e6c4-9ef5-4db8-98cf-56f7581f9eb2-groupManagement] INFO  server.RaftServerConfigKeys (ConfUtils.java:logGet(46)) - raft.server.log.statemachine.data.sync = true (default)
2024-08-03 20:04:49,432 [23b8e6c4-9ef5-4db8-98cf-56f7581f9eb2-groupManagement] INFO  server.RaftServerConfigKeys (ConfUtils.java:logGet(46)) - raft.server.log.statemachine.data.sync.timeout = 10s (default)
2024-08-03 20:04:49,432 [23b8e6c4-9ef5-4db8-98cf-56f7581f9eb2-groupManagement] INFO  server.RaftServerConfigKeys (ConfUtils.java:logGet(46)) - raft.server.log.statemachine.data.sync.timeout.retry = 30 (custom)
2024-08-03 20:04:49,431 [scmNode-1-EventQueue-PipelineReportForPipelineReportHandler] INFO  pipeline.PipelineReportHandler (PipelineReportHandler.java:processPipelineReport(136)) - Opened pipeline PipelineID=6472c907-96ec-45de-909b-1e87dae416c5
2024-08-03 20:04:49,432 [23b8e6c4-9ef5-4db8-98cf-56f7581f9eb2-groupManagement] INFO  server.RaftServerConfigKeys (ConfUtils.java:logGet(46)) - raft.server.log.write.buffer.size = 8388616 (custom)
2024-08-03 20:04:49,434 [23b8e6c4-9ef5-4db8-98cf-56f7581f9eb2-groupManagement] INFO  server.RaftServerConfigKeys (ConfUtils.java:logGet(46)) - raft.server.log.appender.buffer.byte-limit = 8388608 (custom)
2024-08-03 20:04:49,435 [23b8e6c4-9ef5-4db8-98cf-56f7581f9eb2-groupManagement] INFO  server.RaftServerConfigKeys (ConfUtils.java:logGet(46)) - raft.server.log.unsafe-flush.enabled = false (default)
2024-08-03 20:04:49,435 [23b8e6c4-9ef5-4db8-98cf-56f7581f9eb2-groupManagement] INFO  server.RaftServerConfigKeys (ConfUtils.java:logGet(46)) - raft.server.log.async-flush.enabled = false (default)
2024-08-03 20:04:49,435 [23b8e6c4-9ef5-4db8-98cf-56f7581f9eb2-groupManagement] INFO  server.RaftServerConfigKeys (ConfUtils.java:logGet(46)) - raft.server.log.statemachine.data.caching.enabled = true (custom)
2024-08-03 20:04:49,435 [23b8e6c4-9ef5-4db8-98cf-56f7581f9eb2-groupManagement] INFO  segmented.SegmentedRaftLogWorker (SegmentedRaftLogWorker.java:lambda$new$0(135)) - 23b8e6c4-9ef5-4db8-98cf-56f7581f9eb2@group-A97E9B20C87D-SegmentedRaftLogWorker: flushIndex: setUnconditionally 0 -> -1
2024-08-03 20:04:49,435 [23b8e6c4-9ef5-4db8-98cf-56f7581f9eb2-groupManagement] INFO  segmented.SegmentedRaftLogWorker (SegmentedRaftLogWorker.java:lambda$new$0(135)) - 23b8e6c4-9ef5-4db8-98cf-56f7581f9eb2@group-A97E9B20C87D-SegmentedRaftLogWorker: safeCacheEvictIndex: setUnconditionally 0 -> -1
2024-08-03 20:04:49,436 [scmNode-1-EventQueue-OpenPipelineForHealthyPipelineSafeModeRule] INFO  safemode.SCMSafeModeManager (HealthyPipelineSafeModeRule.java:process(140)) - SCM in safe mode. Healthy pipelines reported count is 0, required healthy pipeline reported count is 1
2024-08-03 20:04:49,436 [scmNode-1-EventQueue-OpenPipelineForHealthyPipelineSafeModeRule] INFO  safemode.SCMSafeModeManager (HealthyPipelineSafeModeRule.java:process(140)) - SCM in safe mode. Healthy pipelines reported count is 0, required healthy pipeline reported count is 1
2024-08-03 20:04:49,440 [23b8e6c4-9ef5-4db8-98cf-56f7581f9eb2-groupManagement] INFO  server.RaftServer$Division (RaftServerImpl.java:start(389)) - 23b8e6c4-9ef5-4db8-98cf-56f7581f9eb2@group-A97E9B20C87D: start as a follower, conf=conf: {index: -1, cur=peers:[23b8e6c4-9ef5-4db8-98cf-56f7581f9eb2|127.0.0.1:15030, 3dd31e9f-fa72-4829-9441-ee2f0f7ab9e4|127.0.0.1:15039, ad840c1c-4245-4817-9bba-62272b02ba42|127.0.0.1:15048]|listeners:[], old=null}
2024-08-03 20:04:49,440 [23b8e6c4-9ef5-4db8-98cf-56f7581f9eb2-groupManagement] INFO  server.RaftServer$Division (RaftServerImpl.java:setRole(376)) - 23b8e6c4-9ef5-4db8-98cf-56f7581f9eb2@group-A97E9B20C87D: changes role from      null to FOLLOWER at term 0 for startAsFollower
2024-08-03 20:04:49,440 [23b8e6c4-9ef5-4db8-98cf-56f7581f9eb2-groupManagement] INFO  impl.RoleInfo (RoleInfo.java:updateAndGet(148)) - 23b8e6c4-9ef5-4db8-98cf-56f7581f9eb2: start 23b8e6c4-9ef5-4db8-98cf-56f7581f9eb2@group-A97E9B20C87D-FollowerState
2024-08-03 20:04:49,441 [23b8e6c4-9ef5-4db8-98cf-56f7581f9eb2@group-A97E9B20C87D-FollowerState] INFO  server.RaftServerConfigKeys (ConfUtils.java:logFallback(53)) - raft.server.rpc.first-election.timeout.min = 5s (fallback to raft.server.rpc.timeout.min)
2024-08-03 20:04:49,441 [23b8e6c4-9ef5-4db8-98cf-56f7581f9eb2-groupManagement] INFO  util.JmxRegister (JmxRegister.java:tryRegister(44)) - Successfully registered JMX Bean with object name Ratis:service=RaftServer,group=group-A97E9B20C87D,id=23b8e6c4-9ef5-4db8-98cf-56f7581f9eb2
2024-08-03 20:04:49,441 [23b8e6c4-9ef5-4db8-98cf-56f7581f9eb2-groupManagement] INFO  util.JmxRegister (JmxRegister.java:register(58)) - register mxBean class org.apache.ratis.server.impl.RaftServerJmxAdapter as Ratis:service=RaftServer,group=group-A97E9B20C87D,id=23b8e6c4-9ef5-4db8-98cf-56f7581f9eb2
2024-08-03 20:04:49,441 [23b8e6c4-9ef5-4db8-98cf-56f7581f9eb2-groupManagement] INFO  server.RaftServerConfigKeys (ConfUtils.java:logGet(46)) - raft.server.snapshot.trigger-when-stop.enabled = true (default)
2024-08-03 20:04:49,441 [23b8e6c4-9ef5-4db8-98cf-56f7581f9eb2-groupManagement] INFO  server.RaftServerConfigKeys (ConfUtils.java:logGet(46)) - raft.server.snapshot.trigger-when-remove.enabled = true (default)
2024-08-03 20:04:49,441 [23b8e6c4-9ef5-4db8-98cf-56f7581f9eb2-groupManagement] INFO  server.RaftServerConfigKeys (ConfUtils.java:logGet(46)) - raft.server.snapshot.auto.trigger.enabled = true (custom)
2024-08-03 20:04:49,441 [23b8e6c4-9ef5-4db8-98cf-56f7581f9eb2-groupManagement] INFO  server.RaftServerConfigKeys (ConfUtils.java:logGet(46)) - raft.server.snapshot.auto.trigger.threshold = 10000 (custom)
2024-08-03 20:04:49,441 [23b8e6c4-9ef5-4db8-98cf-56f7581f9eb2-groupManagement] INFO  server.RaftServerConfigKeys (ConfUtils.java:logGet(46)) - raft.server.snapshot.retention.file.num = 5 (custom)
2024-08-03 20:04:49,441 [23b8e6c4-9ef5-4db8-98cf-56f7581f9eb2-groupManagement] INFO  server.RaftServerConfigKeys (ConfUtils.java:logGet(46)) - raft.server.log.purge.upto.snapshot.index = false (default)
2024-08-03 20:04:49,443 [23b8e6c4-9ef5-4db8-98cf-56f7581f9eb2@group-A97E9B20C87D-FollowerState] INFO  server.RaftServerConfigKeys (ConfUtils.java:logFallback(53)) - raft.server.rpc.first-election.timeout.max = 5200ms (fallback to raft.server.rpc.timeout.max)
2024-08-03 20:04:49,443 [23b8e6c4-9ef5-4db8-98cf-56f7581f9eb2-PipelineCommandHandlerThread-0] INFO  ratis.XceiverServerRatis (XceiverServerRatis.java:addGroup(846)) - Created group PipelineID=86c067dd-2e56-4990-8ea7-a97e9b20c87d
2024-08-03 20:04:49,492 [grpc-default-executor-4] INFO  server.RaftServer (RaftServerProxy.java:addNew(101)) - ad840c1c-4245-4817-9bba-62272b02ba42: addNew group-A97E9B20C87D:[23b8e6c4-9ef5-4db8-98cf-56f7581f9eb2|127.0.0.1:15030, 3dd31e9f-fa72-4829-9441-ee2f0f7ab9e4|127.0.0.1:15039, ad840c1c-4245-4817-9bba-62272b02ba42|127.0.0.1:15048] returns group-A97E9B20C87D:java.util.concurrent.CompletableFuture@4983f841[Not completed]
2024-08-03 20:04:49,494 [ad840c1c-4245-4817-9bba-62272b02ba42-groupManagement] INFO  server.RaftServer$Division (RaftServerImpl.java:<init>(253)) - ad840c1c-4245-4817-9bba-62272b02ba42: new RaftServerImpl for group-A97E9B20C87D:[23b8e6c4-9ef5-4db8-98cf-56f7581f9eb2|127.0.0.1:15030, 3dd31e9f-fa72-4829-9441-ee2f0f7ab9e4|127.0.0.1:15039, ad840c1c-4245-4817-9bba-62272b02ba42|127.0.0.1:15048] with ContainerStateMachine:uninitialized
2024-08-03 20:04:49,494 [ad840c1c-4245-4817-9bba-62272b02ba42-groupManagement] INFO  server.RaftServerConfigKeys (ConfUtils.java:logGet(46)) - raft.server.rpc.timeout.min = 5s (custom)
2024-08-03 20:04:49,494 [ad840c1c-4245-4817-9bba-62272b02ba42-groupManagement] INFO  server.RaftServerConfigKeys (ConfUtils.java:logGet(46)) - raft.server.rpc.timeout.max = 5200ms (custom)
2024-08-03 20:04:49,494 [ad840c1c-4245-4817-9bba-62272b02ba42-groupManagement] INFO  server.RaftServerConfigKeys (ConfUtils.java:logGet(46)) - raft.server.rpc.sleep.time = 25ms (default)
2024-08-03 20:04:49,494 [ad840c1c-4245-4817-9bba-62272b02ba42-groupManagement] INFO  server.RaftServerConfigKeys (ConfUtils.java:logGet(46)) - raft.server.rpc.slowness.timeout = 300s (custom)
2024-08-03 20:04:49,494 [ad840c1c-4245-4817-9bba-62272b02ba42-groupManagement] INFO  server.RaftServerConfigKeys (ConfUtils.java:logGet(46)) - raft.server.leaderelection.leader.step-down.wait-time = 10s (default)
2024-08-03 20:04:49,495 [ad840c1c-4245-4817-9bba-62272b02ba42-groupManagement] INFO  server.RaftServerConfigKeys (ConfUtils.java:logGet(46)) - raft.server.leaderelection.member.majority-add = false (default)
2024-08-03 20:04:49,495 [ad840c1c-4245-4817-9bba-62272b02ba42-groupManagement] INFO  server.RaftServerConfigKeys (ConfUtils.java:logGet(46)) - raft.server.sleep.deviation.threshold = 300ms (default)
2024-08-03 20:04:49,495 [ad840c1c-4245-4817-9bba-62272b02ba42-groupManagement] INFO  server.RaftServer$Division (ServerState.java:<init>(114)) - ad840c1c-4245-4817-9bba-62272b02ba42@group-A97E9B20C87D: ConfigurationManager, init=conf: {index: -1, cur=peers:[23b8e6c4-9ef5-4db8-98cf-56f7581f9eb2|127.0.0.1:15030, 3dd31e9f-fa72-4829-9441-ee2f0f7ab9e4|127.0.0.1:15039, ad840c1c-4245-4817-9bba-62272b02ba42|127.0.0.1:15048]|listeners:[], old=null}, confs=<EMPTY_MAP>
2024-08-03 20:04:49,495 [ad840c1c-4245-4817-9bba-62272b02ba42-groupManagement] INFO  server.RaftServerConfigKeys (ConfUtils.java:logGet(46)) - raft.server.notification.no-leader.timeout = 300s (custom)
2024-08-03 20:04:49,495 [ad840c1c-4245-4817-9bba-62272b02ba42-groupManagement] INFO  server.RaftServerConfigKeys (ConfUtils.java:logGet(46)) - raft.server.read.timeout = 10s (default)
2024-08-03 20:04:49,495 [ad840c1c-4245-4817-9bba-62272b02ba42-groupManagement] INFO  server.RaftServerConfigKeys (ConfUtils.java:logGet(46)) - raft.server.retrycache.expirytime = 600000ms (custom)
2024-08-03 20:04:49,495 [ad840c1c-4245-4817-9bba-62272b02ba42-groupManagement] INFO  server.RaftServerConfigKeys (ConfUtils.java:logGet(46)) - raft.server.retrycache.statistics.expirytime = 100ms (default)
2024-08-03 20:04:49,496 [ad840c1c-4245-4817-9bba-62272b02ba42-groupManagement] INFO  server.RaftServerConfigKeys (ConfUtils.java:logGet(46)) - raft.server.read.option = DEFAULT (default)
2024-08-03 20:04:49,496 [ad840c1c-4245-4817-9bba-62272b02ba42-groupManagement] INFO  server.RaftServerConfigKeys (ConfUtils.java:logGet(46)) - raft.server.read.read-after-write-consistent.write-index-cache.expiry-time = 60s (default)
2024-08-03 20:04:49,503 [ad840c1c-4245-4817-9bba-62272b02ba42-groupManagement] INFO  server.RaftServerConfigKeys (ConfUtils.java:logGet(46)) - raft.server.rpc.request.timeout = 60s (custom)
2024-08-03 20:04:49,503 [ad840c1c-4245-4817-9bba-62272b02ba42-groupManagement] INFO  server.RaftServerConfigKeys (ConfUtils.java:logGet(46)) - raft.server.log.appender.install.snapshot.enabled = false (custom)
2024-08-03 20:04:49,504 [ad840c1c-4245-4817-9bba-62272b02ba42-groupManagement] INFO  server.RaftServerConfigKeys (ConfUtils.java:logGet(46)) - raft.server.threadpool.server.cached = true (default)
2024-08-03 20:04:49,505 [ad840c1c-4245-4817-9bba-62272b02ba42-groupManagement] INFO  server.RaftServerConfigKeys (ConfUtils.java:logGet(46)) - raft.server.threadpool.server.size = 0 (default)
2024-08-03 20:04:49,505 [ad840c1c-4245-4817-9bba-62272b02ba42-groupManagement] INFO  server.RaftServerConfigKeys (ConfUtils.java:logGet(46)) - raft.server.threadpool.client.cached = true (default)
2024-08-03 20:04:49,505 [ad840c1c-4245-4817-9bba-62272b02ba42-groupManagement] INFO  server.RaftServerConfigKeys (ConfUtils.java:logGet(46)) - raft.server.threadpool.client.size = 0 (default)
2024-08-03 20:04:49,506 [ad840c1c-4245-4817-9bba-62272b02ba42-groupManagement] INFO  server.RaftServerConfigKeys (ConfUtils.java:logGet(46)) - raft.server.storage.free-space.min = 0MB (=0) (default)
2024-08-03 20:04:49,506 [ad840c1c-4245-4817-9bba-62272b02ba42-groupManagement] INFO  server.RaftServerConfigKeys (ConfUtils.java:logGet(46)) - raft.server.log.corruption.policy = EXCEPTION (default)
2024-08-03 20:04:49,507 [ad840c1c-4245-4817-9bba-62272b02ba42-groupManagement] INFO  server.RaftServerConfigKeys (ConfUtils.java:logGet(46)) - raft.server.storage.dir = [/home/runner/work/ozone/ozone/hadoop-ozone/integration-test/target/test-dir/MiniOzoneClusterImpl-4c2a292f-c896-477d-a18b-b69de7e7ed64/ozone-meta/datanode-3/ratis] (custom)
2024-08-03 20:04:49,507 [ad840c1c-4245-4817-9bba-62272b02ba42-groupManagement] INFO  storage.RaftStorageDirectory (RaftStorageDirectoryImpl.java:analyzeStorage(138)) - The storage directory /home/runner/work/ozone/ozone/hadoop-ozone/integration-test/target/test-dir/MiniOzoneClusterImpl-4c2a292f-c896-477d-a18b-b69de7e7ed64/ozone-meta/datanode-3/ratis/86c067dd-2e56-4990-8ea7-a97e9b20c87d does not exist. Creating ...
2024-08-03 20:04:49,509 [ad840c1c-4245-4817-9bba-62272b02ba42-groupManagement] INFO  storage.RaftStorageDirectory (RaftStorageDirectoryImpl.java:tryLock(229)) - Lock on /home/runner/work/ozone/ozone/hadoop-ozone/integration-test/target/test-dir/MiniOzoneClusterImpl-4c2a292f-c896-477d-a18b-b69de7e7ed64/ozone-meta/datanode-3/ratis/86c067dd-2e56-4990-8ea7-a97e9b20c87d/in_use.lock acquired by nodename 59896@fv-az976-615
2024-08-03 20:04:49,511 [ad840c1c-4245-4817-9bba-62272b02ba42-groupManagement] INFO  storage.RaftStorage (RaftStorageImpl.java:format(98)) - Storage directory /home/runner/work/ozone/ozone/hadoop-ozone/integration-test/target/test-dir/MiniOzoneClusterImpl-4c2a292f-c896-477d-a18b-b69de7e7ed64/ozone-meta/datanode-3/ratis/86c067dd-2e56-4990-8ea7-a97e9b20c87d has been successfully formatted.
2024-08-03 20:04:49,512 [ad840c1c-4245-4817-9bba-62272b02ba42-groupManagement] INFO  ratis.ContainerStateMachine (ContainerStateMachine.java:loadSnapshot(287)) - group-A97E9B20C87D: The snapshot info is null. Setting the last applied index to:(t:0, i:~)
2024-08-03 20:04:49,512 [ad840c1c-4245-4817-9bba-62272b02ba42-groupManagement] INFO  server.RaftServerConfigKeys (ConfUtils.java:logGet(46)) - raft.server.log.use.memory = false (default)
2024-08-03 20:04:49,512 [ad840c1c-4245-4817-9bba-62272b02ba42-groupManagement] INFO  server.RaftServerConfigKeys (ConfUtils.java:logGet(46)) - raft.server.log.purge.gap = 1000000 (custom)
2024-08-03 20:04:49,512 [ad840c1c-4245-4817-9bba-62272b02ba42-groupManagement] INFO  server.RaftServerConfigKeys (ConfUtils.java:logGet(46)) - raft.server.log.appender.buffer.byte-limit = 8388608 (custom)
2024-08-03 20:04:49,512 [ad840c1c-4245-4817-9bba-62272b02ba42-groupManagement] INFO  server.RaftServerConfigKeys (ConfUtils.java:logGet(46)) - raft.server.log.statemachine.data.read.timeout = 1000ms (default)
2024-08-03 20:04:49,512 [ad840c1c-4245-4817-9bba-62272b02ba42-groupManagement] INFO  server.RaftServerConfigKeys (ConfUtils.java:logGet(46)) - raft.server.log.purge.preservation.log.num = 0 (default)
2024-08-03 20:04:49,515 [ad840c1c-4245-4817-9bba-62272b02ba42-groupManagement] INFO  server.RaftServerConfigKeys (ConfUtils.java:logGet(46)) - raft.server.log.segment.size.max = 67108864 (custom)
2024-08-03 20:04:49,515 [ad840c1c-4245-4817-9bba-62272b02ba42-groupManagement] INFO  server.RaftServerConfigKeys (ConfUtils.java:logGet(46)) - raft.server.log.segment.cache.num.max = 2 (custom)
2024-08-03 20:04:49,516 [ad840c1c-4245-4817-9bba-62272b02ba42-groupManagement] INFO  server.RaftServerConfigKeys (ConfUtils.java:logGet(46)) - raft.server.log.segment.cache.size.max = 200MB (=209715200) (default)
2024-08-03 20:04:49,516 [ad840c1c-4245-4817-9bba-62272b02ba42-groupManagement] INFO  server.RaftServerConfigKeys (ConfUtils.java:logGet(46)) - raft.server.log.appender.buffer.byte-limit = 8388608 (custom)
2024-08-03 20:04:49,517 [ad840c1c-4245-4817-9bba-62272b02ba42-groupManagement] INFO  util.AwaitToRun (AwaitToRun.java:start(81)) - Thread[ad840c1c-4245-4817-9bba-62272b02ba42@group-A97E9B20C87D-cacheEviction-AwaitToRun,5,main] started
2024-08-03 20:04:49,517 [ad840c1c-4245-4817-9bba-62272b02ba42-groupManagement] INFO  segmented.SegmentedRaftLogWorker (SegmentedRaftLogWorker.java:<init>(184)) - new ad840c1c-4245-4817-9bba-62272b02ba42@group-A97E9B20C87D-SegmentedRaftLogWorker for RaftStorageImpl:Storage Directory /home/runner/work/ozone/ozone/hadoop-ozone/integration-test/target/test-dir/MiniOzoneClusterImpl-4c2a292f-c896-477d-a18b-b69de7e7ed64/ozone-meta/datanode-3/ratis/86c067dd-2e56-4990-8ea7-a97e9b20c87d
2024-08-03 20:04:49,518 [ad840c1c-4245-4817-9bba-62272b02ba42-groupManagement] INFO  server.RaftServerConfigKeys (ConfUtils.java:logGet(46)) - raft.server.log.queue.byte-limit = 4294967296 (custom)
2024-08-03 20:04:49,518 [ad840c1c-4245-4817-9bba-62272b02ba42-groupManagement] INFO  server.RaftServerConfigKeys (ConfUtils.java:logGet(46)) - raft.server.log.queue.element-limit = 1024 (custom)
2024-08-03 20:04:49,519 [ad840c1c-4245-4817-9bba-62272b02ba42-groupManagement] INFO  server.RaftServerConfigKeys (ConfUtils.java:logGet(46)) - raft.server.log.segment.size.max = 67108864 (custom)
2024-08-03 20:04:49,519 [ad840c1c-4245-4817-9bba-62272b02ba42-groupManagement] INFO  server.RaftServerConfigKeys (ConfUtils.java:logGet(46)) - raft.server.log.preallocated.size = 4194304 (custom)
2024-08-03 20:04:49,520 [ad840c1c-4245-4817-9bba-62272b02ba42-groupManagement] INFO  server.RaftServerConfigKeys (ConfUtils.java:logGet(46)) - raft.server.log.force.sync.num = 128 (default)
2024-08-03 20:04:49,520 [ad840c1c-4245-4817-9bba-62272b02ba42-groupManagement] INFO  server.RaftServerConfigKeys (ConfUtils.java:logGet(46)) - raft.server.log.statemachine.data.sync = true (default)
2024-08-03 20:04:49,521 [ad840c1c-4245-4817-9bba-62272b02ba42-groupManagement] INFO  server.RaftServerConfigKeys (ConfUtils.java:logGet(46)) - raft.server.log.statemachine.data.sync.timeout = 10s (default)
2024-08-03 20:04:49,521 [ad840c1c-4245-4817-9bba-62272b02ba42-groupManagement] INFO  server.RaftServerConfigKeys (ConfUtils.java:logGet(46)) - raft.server.log.statemachine.data.sync.timeout.retry = 30 (custom)
2024-08-03 20:04:49,522 [ad840c1c-4245-4817-9bba-62272b02ba42-groupManagement] INFO  server.RaftServerConfigKeys (ConfUtils.java:logGet(46)) - raft.server.log.write.buffer.size = 8388616 (custom)
2024-08-03 20:04:49,524 [ad840c1c-4245-4817-9bba-62272b02ba42-groupManagement] INFO  server.RaftServerConfigKeys (ConfUtils.java:logGet(46)) - raft.server.log.appender.buffer.byte-limit = 8388608 (custom)
2024-08-03 20:04:49,525 [ad840c1c-4245-4817-9bba-62272b02ba42-groupManagement] INFO  server.RaftServerConfigKeys (ConfUtils.java:logGet(46)) - raft.server.log.unsafe-flush.enabled = false (default)
2024-08-03 20:04:49,525 [ad840c1c-4245-4817-9bba-62272b02ba42-groupManagement] INFO  server.RaftServerConfigKeys (ConfUtils.java:logGet(46)) - raft.server.log.async-flush.enabled = false (default)
2024-08-03 20:04:49,526 [ad840c1c-4245-4817-9bba-62272b02ba42-groupManagement] INFO  server.RaftServerConfigKeys (ConfUtils.java:logGet(46)) - raft.server.log.statemachine.data.caching.enabled = true (custom)
2024-08-03 20:04:49,526 [ad840c1c-4245-4817-9bba-62272b02ba42-groupManagement] INFO  segmented.SegmentedRaftLogWorker (SegmentedRaftLogWorker.java:lambda$new$0(135)) - ad840c1c-4245-4817-9bba-62272b02ba42@group-A97E9B20C87D-SegmentedRaftLogWorker: flushIndex: setUnconditionally 0 -> -1
2024-08-03 20:04:49,527 [ad840c1c-4245-4817-9bba-62272b02ba42-groupManagement] INFO  segmented.SegmentedRaftLogWorker (SegmentedRaftLogWorker.java:lambda$new$0(135)) - ad840c1c-4245-4817-9bba-62272b02ba42@group-A97E9B20C87D-SegmentedRaftLogWorker: safeCacheEvictIndex: setUnconditionally 0 -> -1
2024-08-03 20:04:49,527 [ad840c1c-4245-4817-9bba-62272b02ba42-groupManagement] INFO  server.RaftServer$Division (RaftServerImpl.java:start(389)) - ad840c1c-4245-4817-9bba-62272b02ba42@group-A97E9B20C87D: start as a follower, conf=conf: {index: -1, cur=peers:[23b8e6c4-9ef5-4db8-98cf-56f7581f9eb2|127.0.0.1:15030, 3dd31e9f-fa72-4829-9441-ee2f0f7ab9e4|127.0.0.1:15039, ad840c1c-4245-4817-9bba-62272b02ba42|127.0.0.1:15048]|listeners:[], old=null}
2024-08-03 20:04:49,528 [ad840c1c-4245-4817-9bba-62272b02ba42-groupManagement] INFO  server.RaftServer$Division (RaftServerImpl.java:setRole(376)) - ad840c1c-4245-4817-9bba-62272b02ba42@group-A97E9B20C87D: changes role from      null to FOLLOWER at term 0 for startAsFollower
2024-08-03 20:04:49,528 [ad840c1c-4245-4817-9bba-62272b02ba42-groupManagement] INFO  impl.RoleInfo (RoleInfo.java:updateAndGet(148)) - ad840c1c-4245-4817-9bba-62272b02ba42: start ad840c1c-4245-4817-9bba-62272b02ba42@group-A97E9B20C87D-FollowerState
2024-08-03 20:04:49,529 [ad840c1c-4245-4817-9bba-62272b02ba42@group-A97E9B20C87D-FollowerState] INFO  server.RaftServerConfigKeys (ConfUtils.java:logFallback(53)) - raft.server.rpc.first-election.timeout.min = 5s (fallback to raft.server.rpc.timeout.min)
2024-08-03 20:04:49,529 [ad840c1c-4245-4817-9bba-62272b02ba42@group-A97E9B20C87D-FollowerState] INFO  server.RaftServerConfigKeys (ConfUtils.java:logFallback(53)) - raft.server.rpc.first-election.timeout.max = 5200ms (fallback to raft.server.rpc.timeout.max)
2024-08-03 20:04:49,529 [ad840c1c-4245-4817-9bba-62272b02ba42-groupManagement] INFO  util.JmxRegister (JmxRegister.java:tryRegister(44)) - Successfully registered JMX Bean with object name Ratis:service=RaftServer,group=group-A97E9B20C87D,id=ad840c1c-4245-4817-9bba-62272b02ba42
2024-08-03 20:04:49,530 [ad840c1c-4245-4817-9bba-62272b02ba42-groupManagement] INFO  util.JmxRegister (JmxRegister.java:register(58)) - register mxBean class org.apache.ratis.server.impl.RaftServerJmxAdapter as Ratis:service=RaftServer,group=group-A97E9B20C87D,id=ad840c1c-4245-4817-9bba-62272b02ba42
2024-08-03 20:04:49,530 [ad840c1c-4245-4817-9bba-62272b02ba42-groupManagement] INFO  server.RaftServerConfigKeys (ConfUtils.java:logGet(46)) - raft.server.snapshot.trigger-when-stop.enabled = true (default)
2024-08-03 20:04:49,530 [ad840c1c-4245-4817-9bba-62272b02ba42-groupManagement] INFO  server.RaftServerConfigKeys (ConfUtils.java:logGet(46)) - raft.server.snapshot.trigger-when-remove.enabled = true (default)
2024-08-03 20:04:49,530 [ad840c1c-4245-4817-9bba-62272b02ba42-groupManagement] INFO  server.RaftServerConfigKeys (ConfUtils.java:logGet(46)) - raft.server.snapshot.auto.trigger.enabled = true (custom)
2024-08-03 20:04:49,530 [ad840c1c-4245-4817-9bba-62272b02ba42-groupManagement] INFO  server.RaftServerConfigKeys (ConfUtils.java:logGet(46)) - raft.server.snapshot.auto.trigger.threshold = 10000 (custom)
2024-08-03 20:04:49,530 [ad840c1c-4245-4817-9bba-62272b02ba42-groupManagement] INFO  server.RaftServerConfigKeys (ConfUtils.java:logGet(46)) - raft.server.snapshot.retention.file.num = 5 (custom)
2024-08-03 20:04:49,530 [ad840c1c-4245-4817-9bba-62272b02ba42-groupManagement] INFO  server.RaftServerConfigKeys (ConfUtils.java:logGet(46)) - raft.server.log.purge.upto.snapshot.index = false (default)
2024-08-03 20:04:49,560 [grpc-default-executor-4] INFO  server.RaftServer (RaftServerProxy.java:addNew(101)) - 3dd31e9f-fa72-4829-9441-ee2f0f7ab9e4: addNew group-A97E9B20C87D:[23b8e6c4-9ef5-4db8-98cf-56f7581f9eb2|127.0.0.1:15030, 3dd31e9f-fa72-4829-9441-ee2f0f7ab9e4|127.0.0.1:15039, ad840c1c-4245-4817-9bba-62272b02ba42|127.0.0.1:15048] returns group-A97E9B20C87D:java.util.concurrent.CompletableFuture@1ce08acd[Not completed]
2024-08-03 20:04:49,565 [3dd31e9f-fa72-4829-9441-ee2f0f7ab9e4-groupManagement] INFO  server.RaftServer$Division (RaftServerImpl.java:<init>(253)) - 3dd31e9f-fa72-4829-9441-ee2f0f7ab9e4: new RaftServerImpl for group-A97E9B20C87D:[23b8e6c4-9ef5-4db8-98cf-56f7581f9eb2|127.0.0.1:15030, 3dd31e9f-fa72-4829-9441-ee2f0f7ab9e4|127.0.0.1:15039, ad840c1c-4245-4817-9bba-62272b02ba42|127.0.0.1:15048] with ContainerStateMachine:uninitialized
2024-08-03 20:04:49,566 [3dd31e9f-fa72-4829-9441-ee2f0f7ab9e4-groupManagement] INFO  server.RaftServerConfigKeys (ConfUtils.java:logGet(46)) - raft.server.rpc.timeout.min = 5s (custom)
2024-08-03 20:04:49,566 [3dd31e9f-fa72-4829-9441-ee2f0f7ab9e4-groupManagement] INFO  server.RaftServerConfigKeys (ConfUtils.java:logGet(46)) - raft.server.rpc.timeout.max = 5200ms (custom)
2024-08-03 20:04:49,567 [3dd31e9f-fa72-4829-9441-ee2f0f7ab9e4-groupManagement] INFO  server.RaftServerConfigKeys (ConfUtils.java:logGet(46)) - raft.server.rpc.sleep.time = 25ms (default)
2024-08-03 20:04:49,567 [3dd31e9f-fa72-4829-9441-ee2f0f7ab9e4-groupManagement] INFO  server.RaftServerConfigKeys (ConfUtils.java:logGet(46)) - raft.server.rpc.slowness.timeout = 300s (custom)
2024-08-03 20:04:49,567 [3dd31e9f-fa72-4829-9441-ee2f0f7ab9e4-groupManagement] INFO  server.RaftServerConfigKeys (ConfUtils.java:logGet(46)) - raft.server.leaderelection.leader.step-down.wait-time = 10s (default)
2024-08-03 20:04:49,568 [3dd31e9f-fa72-4829-9441-ee2f0f7ab9e4-groupManagement] INFO  server.RaftServerConfigKeys (ConfUtils.java:logGet(46)) - raft.server.leaderelection.member.majority-add = false (default)
2024-08-03 20:04:49,568 [3dd31e9f-fa72-4829-9441-ee2f0f7ab9e4-groupManagement] INFO  server.RaftServerConfigKeys (ConfUtils.java:logGet(46)) - raft.server.sleep.deviation.threshold = 300ms (default)
2024-08-03 20:04:49,568 [3dd31e9f-fa72-4829-9441-ee2f0f7ab9e4-groupManagement] INFO  server.RaftServer$Division (ServerState.java:<init>(114)) - 3dd31e9f-fa72-4829-9441-ee2f0f7ab9e4@group-A97E9B20C87D: ConfigurationManager, init=conf: {index: -1, cur=peers:[23b8e6c4-9ef5-4db8-98cf-56f7581f9eb2|127.0.0.1:15030, 3dd31e9f-fa72-4829-9441-ee2f0f7ab9e4|127.0.0.1:15039, ad840c1c-4245-4817-9bba-62272b02ba42|127.0.0.1:15048]|listeners:[], old=null}, confs=<EMPTY_MAP>
2024-08-03 20:04:49,569 [3dd31e9f-fa72-4829-9441-ee2f0f7ab9e4-groupManagement] INFO  server.RaftServerConfigKeys (ConfUtils.java:logGet(46)) - raft.server.notification.no-leader.timeout = 300s (custom)
2024-08-03 20:04:49,569 [3dd31e9f-fa72-4829-9441-ee2f0f7ab9e4-groupManagement] INFO  server.RaftServerConfigKeys (ConfUtils.java:logGet(46)) - raft.server.read.timeout = 10s (default)
2024-08-03 20:04:49,570 [3dd31e9f-fa72-4829-9441-ee2f0f7ab9e4-groupManagement] INFO  server.RaftServerConfigKeys (ConfUtils.java:logGet(46)) - raft.server.retrycache.expirytime = 600000ms (custom)
2024-08-03 20:04:49,570 [3dd31e9f-fa72-4829-9441-ee2f0f7ab9e4-groupManagement] INFO  server.RaftServerConfigKeys (ConfUtils.java:logGet(46)) - raft.server.retrycache.statistics.expirytime = 100ms (default)
2024-08-03 20:04:49,571 [3dd31e9f-fa72-4829-9441-ee2f0f7ab9e4-groupManagement] INFO  server.RaftServerConfigKeys (ConfUtils.java:logGet(46)) - raft.server.read.option = DEFAULT (default)
2024-08-03 20:04:49,571 [3dd31e9f-fa72-4829-9441-ee2f0f7ab9e4-groupManagement] INFO  server.RaftServerConfigKeys (ConfUtils.java:logGet(46)) - raft.server.read.read-after-write-consistent.write-index-cache.expiry-time = 60s (default)
2024-08-03 20:04:49,577 [3dd31e9f-fa72-4829-9441-ee2f0f7ab9e4-groupManagement] INFO  server.RaftServerConfigKeys (ConfUtils.java:logGet(46)) - raft.server.rpc.request.timeout = 60s (custom)
2024-08-03 20:04:49,577 [3dd31e9f-fa72-4829-9441-ee2f0f7ab9e4-groupManagement] INFO  server.RaftServerConfigKeys (ConfUtils.java:logGet(46)) - raft.server.log.appender.install.snapshot.enabled = false (custom)
2024-08-03 20:04:49,577 [3dd31e9f-fa72-4829-9441-ee2f0f7ab9e4-groupManagement] INFO  server.RaftServerConfigKeys (ConfUtils.java:logGet(46)) - raft.server.threadpool.server.cached = true (default)
2024-08-03 20:04:49,577 [3dd31e9f-fa72-4829-9441-ee2f0f7ab9e4-groupManagement] INFO  server.RaftServerConfigKeys (ConfUtils.java:logGet(46)) - raft.server.threadpool.server.size = 0 (default)
2024-08-03 20:04:49,577 [3dd31e9f-fa72-4829-9441-ee2f0f7ab9e4-groupManagement] INFO  server.RaftServerConfigKeys (ConfUtils.java:logGet(46)) - raft.server.threadpool.client.cached = true (default)
2024-08-03 20:04:49,577 [3dd31e9f-fa72-4829-9441-ee2f0f7ab9e4-groupManagement] INFO  server.RaftServerConfigKeys (ConfUtils.java:logGet(46)) - raft.server.threadpool.client.size = 0 (default)
2024-08-03 20:04:49,577 [3dd31e9f-fa72-4829-9441-ee2f0f7ab9e4-groupManagement] INFO  server.RaftServerConfigKeys (ConfUtils.java:logGet(46)) - raft.server.storage.free-space.min = 0MB (=0) (default)
2024-08-03 20:04:49,577 [3dd31e9f-fa72-4829-9441-ee2f0f7ab9e4-groupManagement] INFO  server.RaftServerConfigKeys (ConfUtils.java:logGet(46)) - raft.server.log.corruption.policy = EXCEPTION (default)
2024-08-03 20:04:49,578 [3dd31e9f-fa72-4829-9441-ee2f0f7ab9e4-groupManagement] INFO  server.RaftServerConfigKeys (ConfUtils.java:logGet(46)) - raft.server.storage.dir = [/home/runner/work/ozone/ozone/hadoop-ozone/integration-test/target/test-dir/MiniOzoneClusterImpl-4c2a292f-c896-477d-a18b-b69de7e7ed64/ozone-meta/datanode-2/ratis] (custom)
2024-08-03 20:04:49,578 [3dd31e9f-fa72-4829-9441-ee2f0f7ab9e4-groupManagement] INFO  storage.RaftStorageDirectory (RaftStorageDirectoryImpl.java:analyzeStorage(138)) - The storage directory /home/runner/work/ozone/ozone/hadoop-ozone/integration-test/target/test-dir/MiniOzoneClusterImpl-4c2a292f-c896-477d-a18b-b69de7e7ed64/ozone-meta/datanode-2/ratis/86c067dd-2e56-4990-8ea7-a97e9b20c87d does not exist. Creating ...
2024-08-03 20:04:49,580 [3dd31e9f-fa72-4829-9441-ee2f0f7ab9e4-groupManagement] INFO  storage.RaftStorageDirectory (RaftStorageDirectoryImpl.java:tryLock(229)) - Lock on /home/runner/work/ozone/ozone/hadoop-ozone/integration-test/target/test-dir/MiniOzoneClusterImpl-4c2a292f-c896-477d-a18b-b69de7e7ed64/ozone-meta/datanode-2/ratis/86c067dd-2e56-4990-8ea7-a97e9b20c87d/in_use.lock acquired by nodename 59896@fv-az976-615
2024-08-03 20:04:49,581 [3dd31e9f-fa72-4829-9441-ee2f0f7ab9e4-groupManagement] INFO  storage.RaftStorage (RaftStorageImpl.java:format(98)) - Storage directory /home/runner/work/ozone/ozone/hadoop-ozone/integration-test/target/test-dir/MiniOzoneClusterImpl-4c2a292f-c896-477d-a18b-b69de7e7ed64/ozone-meta/datanode-2/ratis/86c067dd-2e56-4990-8ea7-a97e9b20c87d has been successfully formatted.
2024-08-03 20:04:49,581 [3dd31e9f-fa72-4829-9441-ee2f0f7ab9e4-groupManagement] INFO  ratis.ContainerStateMachine (ContainerStateMachine.java:loadSnapshot(287)) - group-A97E9B20C87D: The snapshot info is null. Setting the last applied index to:(t:0, i:~)
2024-08-03 20:04:49,581 [3dd31e9f-fa72-4829-9441-ee2f0f7ab9e4-groupManagement] INFO  server.RaftServerConfigKeys (ConfUtils.java:logGet(46)) - raft.server.log.use.memory = false (default)
2024-08-03 20:04:49,582 [3dd31e9f-fa72-4829-9441-ee2f0f7ab9e4-groupManagement] INFO  server.RaftServerConfigKeys (ConfUtils.java:logGet(46)) - raft.server.log.purge.gap = 1000000 (custom)
2024-08-03 20:04:49,582 [3dd31e9f-fa72-4829-9441-ee2f0f7ab9e4-groupManagement] INFO  server.RaftServerConfigKeys (ConfUtils.java:logGet(46)) - raft.server.log.appender.buffer.byte-limit = 8388608 (custom)
2024-08-03 20:04:49,582 [3dd31e9f-fa72-4829-9441-ee2f0f7ab9e4-groupManagement] INFO  server.RaftServerConfigKeys (ConfUtils.java:logGet(46)) - raft.server.log.statemachine.data.read.timeout = 1000ms (default)
2024-08-03 20:04:49,582 [3dd31e9f-fa72-4829-9441-ee2f0f7ab9e4-groupManagement] INFO  server.RaftServerConfigKeys (ConfUtils.java:logGet(46)) - raft.server.log.purge.preservation.log.num = 0 (default)
2024-08-03 20:04:49,586 [3dd31e9f-fa72-4829-9441-ee2f0f7ab9e4-groupManagement] INFO  server.RaftServerConfigKeys (ConfUtils.java:logGet(46)) - raft.server.log.segment.size.max = 67108864 (custom)
2024-08-03 20:04:49,586 [3dd31e9f-fa72-4829-9441-ee2f0f7ab9e4-groupManagement] INFO  server.RaftServerConfigKeys (ConfUtils.java:logGet(46)) - raft.server.log.segment.cache.num.max = 2 (custom)
2024-08-03 20:04:49,587 [3dd31e9f-fa72-4829-9441-ee2f0f7ab9e4-groupManagement] INFO  server.RaftServerConfigKeys (ConfUtils.java:logGet(46)) - raft.server.log.segment.cache.size.max = 200MB (=209715200) (default)
2024-08-03 20:04:49,587 [3dd31e9f-fa72-4829-9441-ee2f0f7ab9e4-groupManagement] INFO  server.RaftServerConfigKeys (ConfUtils.java:logGet(46)) - raft.server.log.appender.buffer.byte-limit = 8388608 (custom)
2024-08-03 20:04:49,588 [3dd31e9f-fa72-4829-9441-ee2f0f7ab9e4-groupManagement] INFO  util.AwaitToRun (AwaitToRun.java:start(81)) - Thread[3dd31e9f-fa72-4829-9441-ee2f0f7ab9e4@group-A97E9B20C87D-cacheEviction-AwaitToRun,5,main] started
2024-08-03 20:04:49,588 [3dd31e9f-fa72-4829-9441-ee2f0f7ab9e4-groupManagement] INFO  segmented.SegmentedRaftLogWorker (SegmentedRaftLogWorker.java:<init>(184)) - new 3dd31e9f-fa72-4829-9441-ee2f0f7ab9e4@group-A97E9B20C87D-SegmentedRaftLogWorker for RaftStorageImpl:Storage Directory /home/runner/work/ozone/ozone/hadoop-ozone/integration-test/target/test-dir/MiniOzoneClusterImpl-4c2a292f-c896-477d-a18b-b69de7e7ed64/ozone-meta/datanode-2/ratis/86c067dd-2e56-4990-8ea7-a97e9b20c87d
2024-08-03 20:04:49,588 [3dd31e9f-fa72-4829-9441-ee2f0f7ab9e4-groupManagement] INFO  server.RaftServerConfigKeys (ConfUtils.java:logGet(46)) - raft.server.log.queue.byte-limit = 4294967296 (custom)
2024-08-03 20:04:49,588 [3dd31e9f-fa72-4829-9441-ee2f0f7ab9e4-groupManagement] INFO  server.RaftServerConfigKeys (ConfUtils.java:logGet(46)) - raft.server.log.queue.element-limit = 1024 (custom)
2024-08-03 20:04:49,589 [3dd31e9f-fa72-4829-9441-ee2f0f7ab9e4-groupManagement] INFO  server.RaftServerConfigKeys (ConfUtils.java:logGet(46)) - raft.server.log.segment.size.max = 67108864 (custom)
2024-08-03 20:04:49,589 [3dd31e9f-fa72-4829-9441-ee2f0f7ab9e4-groupManagement] INFO  server.RaftServerConfigKeys (ConfUtils.java:logGet(46)) - raft.server.log.preallocated.size = 4194304 (custom)
2024-08-03 20:04:49,589 [3dd31e9f-fa72-4829-9441-ee2f0f7ab9e4-groupManagement] INFO  server.RaftServerConfigKeys (ConfUtils.java:logGet(46)) - raft.server.log.force.sync.num = 128 (default)
2024-08-03 20:04:49,589 [3dd31e9f-fa72-4829-9441-ee2f0f7ab9e4-groupManagement] INFO  server.RaftServerConfigKeys (ConfUtils.java:logGet(46)) - raft.server.log.statemachine.data.sync = true (default)
2024-08-03 20:04:49,589 [3dd31e9f-fa72-4829-9441-ee2f0f7ab9e4-groupManagement] INFO  server.RaftServerConfigKeys (ConfUtils.java:logGet(46)) - raft.server.log.statemachine.data.sync.timeout = 10s (default)
2024-08-03 20:04:49,589 [3dd31e9f-fa72-4829-9441-ee2f0f7ab9e4-groupManagement] INFO  server.RaftServerConfigKeys (ConfUtils.java:logGet(46)) - raft.server.log.statemachine.data.sync.timeout.retry = 30 (custom)
2024-08-03 20:04:49,589 [3dd31e9f-fa72-4829-9441-ee2f0f7ab9e4-groupManagement] INFO  server.RaftServerConfigKeys (ConfUtils.java:logGet(46)) - raft.server.log.write.buffer.size = 8388616 (custom)
2024-08-03 20:04:49,591 [3dd31e9f-fa72-4829-9441-ee2f0f7ab9e4-groupManagement] INFO  server.RaftServerConfigKeys (ConfUtils.java:logGet(46)) - raft.server.log.appender.buffer.byte-limit = 8388608 (custom)
2024-08-03 20:04:49,592 [3dd31e9f-fa72-4829-9441-ee2f0f7ab9e4-groupManagement] INFO  server.RaftServerConfigKeys (ConfUtils.java:logGet(46)) - raft.server.log.unsafe-flush.enabled = false (default)
2024-08-03 20:04:49,592 [3dd31e9f-fa72-4829-9441-ee2f0f7ab9e4-groupManagement] INFO  server.RaftServerConfigKeys (ConfUtils.java:logGet(46)) - raft.server.log.async-flush.enabled = false (default)
2024-08-03 20:04:49,592 [3dd31e9f-fa72-4829-9441-ee2f0f7ab9e4-groupManagement] INFO  server.RaftServerConfigKeys (ConfUtils.java:logGet(46)) - raft.server.log.statemachine.data.caching.enabled = true (custom)
2024-08-03 20:04:49,592 [3dd31e9f-fa72-4829-9441-ee2f0f7ab9e4-groupManagement] INFO  segmented.SegmentedRaftLogWorker (SegmentedRaftLogWorker.java:lambda$new$0(135)) - 3dd31e9f-fa72-4829-9441-ee2f0f7ab9e4@group-A97E9B20C87D-SegmentedRaftLogWorker: flushIndex: setUnconditionally 0 -> -1
2024-08-03 20:04:49,592 [3dd31e9f-fa72-4829-9441-ee2f0f7ab9e4-groupManagement] INFO  segmented.SegmentedRaftLogWorker (SegmentedRaftLogWorker.java:lambda$new$0(135)) - 3dd31e9f-fa72-4829-9441-ee2f0f7ab9e4@group-A97E9B20C87D-SegmentedRaftLogWorker: safeCacheEvictIndex: setUnconditionally 0 -> -1
2024-08-03 20:04:49,593 [3dd31e9f-fa72-4829-9441-ee2f0f7ab9e4-groupManagement] INFO  server.RaftServer$Division (RaftServerImpl.java:start(389)) - 3dd31e9f-fa72-4829-9441-ee2f0f7ab9e4@group-A97E9B20C87D: start as a follower, conf=conf: {index: -1, cur=peers:[23b8e6c4-9ef5-4db8-98cf-56f7581f9eb2|127.0.0.1:15030, 3dd31e9f-fa72-4829-9441-ee2f0f7ab9e4|127.0.0.1:15039, ad840c1c-4245-4817-9bba-62272b02ba42|127.0.0.1:15048]|listeners:[], old=null}
2024-08-03 20:04:49,593 [3dd31e9f-fa72-4829-9441-ee2f0f7ab9e4-groupManagement] INFO  server.RaftServer$Division (RaftServerImpl.java:setRole(376)) - 3dd31e9f-fa72-4829-9441-ee2f0f7ab9e4@group-A97E9B20C87D: changes role from      null to FOLLOWER at term 0 for startAsFollower
2024-08-03 20:04:49,593 [3dd31e9f-fa72-4829-9441-ee2f0f7ab9e4-groupManagement] INFO  impl.RoleInfo (RoleInfo.java:updateAndGet(148)) - 3dd31e9f-fa72-4829-9441-ee2f0f7ab9e4: start 3dd31e9f-fa72-4829-9441-ee2f0f7ab9e4@group-A97E9B20C87D-FollowerState
2024-08-03 20:04:49,594 [3dd31e9f-fa72-4829-9441-ee2f0f7ab9e4@group-A97E9B20C87D-FollowerState] INFO  server.RaftServerConfigKeys (ConfUtils.java:logFallback(53)) - raft.server.rpc.first-election.timeout.min = 5s (fallback to raft.server.rpc.timeout.min)
2024-08-03 20:04:49,594 [3dd31e9f-fa72-4829-9441-ee2f0f7ab9e4-groupManagement] INFO  util.JmxRegister (JmxRegister.java:tryRegister(44)) - Successfully registered JMX Bean with object name Ratis:service=RaftServer,group=group-A97E9B20C87D,id=3dd31e9f-fa72-4829-9441-ee2f0f7ab9e4
2024-08-03 20:04:49,594 [3dd31e9f-fa72-4829-9441-ee2f0f7ab9e4-groupManagement] INFO  util.JmxRegister (JmxRegister.java:register(58)) - register mxBean class org.apache.ratis.server.impl.RaftServerJmxAdapter as Ratis:service=RaftServer,group=group-A97E9B20C87D,id=3dd31e9f-fa72-4829-9441-ee2f0f7ab9e4
2024-08-03 20:04:49,594 [3dd31e9f-fa72-4829-9441-ee2f0f7ab9e4-groupManagement] INFO  server.RaftServerConfigKeys (ConfUtils.java:logGet(46)) - raft.server.snapshot.trigger-when-stop.enabled = true (default)
2024-08-03 20:04:49,595 [3dd31e9f-fa72-4829-9441-ee2f0f7ab9e4-groupManagement] INFO  server.RaftServerConfigKeys (ConfUtils.java:logGet(46)) - raft.server.snapshot.trigger-when-remove.enabled = true (default)
2024-08-03 20:04:49,595 [3dd31e9f-fa72-4829-9441-ee2f0f7ab9e4-groupManagement] INFO  server.RaftServerConfigKeys (ConfUtils.java:logGet(46)) - raft.server.snapshot.auto.trigger.enabled = true (custom)
2024-08-03 20:04:49,595 [3dd31e9f-fa72-4829-9441-ee2f0f7ab9e4-groupManagement] INFO  server.RaftServerConfigKeys (ConfUtils.java:logGet(46)) - raft.server.snapshot.auto.trigger.threshold = 10000 (custom)
2024-08-03 20:04:49,595 [3dd31e9f-fa72-4829-9441-ee2f0f7ab9e4-groupManagement] INFO  server.RaftServerConfigKeys (ConfUtils.java:logGet(46)) - raft.server.snapshot.retention.file.num = 5 (custom)
2024-08-03 20:04:49,595 [3dd31e9f-fa72-4829-9441-ee2f0f7ab9e4-groupManagement] INFO  server.RaftServerConfigKeys (ConfUtils.java:logGet(46)) - raft.server.log.purge.upto.snapshot.index = false (default)
2024-08-03 20:04:49,596 [3dd31e9f-fa72-4829-9441-ee2f0f7ab9e4@group-A97E9B20C87D-FollowerState] INFO  server.RaftServerConfigKeys (ConfUtils.java:logFallback(53)) - raft.server.rpc.first-election.timeout.max = 5200ms (fallback to raft.server.rpc.timeout.max)
2024-08-03 20:04:49,600 [23b8e6c4-9ef5-4db8-98cf-56f7581f9eb2-PipelineCommandHandlerThread-0] INFO  commandhandler.CreatePipelineCommandHandler (CreatePipelineCommandHandler.java:lambda$handle$2(124)) - Created Pipeline RATIS THREE PipelineID=86c067dd-2e56-4990-8ea7-a97e9b20c87d.
2024-08-03 20:04:49,601 [23b8e6c4-9ef5-4db8-98cf-56f7581f9eb2-PipelineCommandHandlerThread-0] INFO  server.RaftServer (RaftServerProxy.java:addNew(101)) - 23b8e6c4-9ef5-4db8-98cf-56f7581f9eb2: addNew group-29759FB93938:[23b8e6c4-9ef5-4db8-98cf-56f7581f9eb2|127.0.0.1:15030, 3dd31e9f-fa72-4829-9441-ee2f0f7ab9e4|127.0.0.1:15039, ad840c1c-4245-4817-9bba-62272b02ba42|127.0.0.1:15048] returns group-29759FB93938:java.util.concurrent.CompletableFuture@4aa7e6a[Not completed]
2024-08-03 20:04:49,602 [23b8e6c4-9ef5-4db8-98cf-56f7581f9eb2-groupManagement] INFO  server.RaftServer$Division (RaftServerImpl.java:<init>(253)) - 23b8e6c4-9ef5-4db8-98cf-56f7581f9eb2: new RaftServerImpl for group-29759FB93938:[23b8e6c4-9ef5-4db8-98cf-56f7581f9eb2|127.0.0.1:15030, 3dd31e9f-fa72-4829-9441-ee2f0f7ab9e4|127.0.0.1:15039, ad840c1c-4245-4817-9bba-62272b02ba42|127.0.0.1:15048] with ContainerStateMachine:uninitialized
2024-08-03 20:04:49,602 [23b8e6c4-9ef5-4db8-98cf-56f7581f9eb2-groupManagement] INFO  server.RaftServerConfigKeys (ConfUtils.java:logGet(46)) - raft.server.rpc.timeout.min = 5s (custom)
2024-08-03 20:04:49,602 [23b8e6c4-9ef5-4db8-98cf-56f7581f9eb2-groupManagement] INFO  server.RaftServerConfigKeys (ConfUtils.java:logGet(46)) - raft.server.rpc.timeout.max = 5200ms (custom)
2024-08-03 20:04:49,602 [23b8e6c4-9ef5-4db8-98cf-56f7581f9eb2-groupManagement] INFO  server.RaftServerConfigKeys (ConfUtils.java:logGet(46)) - raft.server.rpc.sleep.time = 25ms (default)
2024-08-03 20:04:49,602 [23b8e6c4-9ef5-4db8-98cf-56f7581f9eb2-groupManagement] INFO  server.RaftServerConfigKeys (ConfUtils.java:logGet(46)) - raft.server.rpc.slowness.timeout = 300s (custom)
2024-08-03 20:04:49,602 [23b8e6c4-9ef5-4db8-98cf-56f7581f9eb2-groupManagement] INFO  server.RaftServerConfigKeys (ConfUtils.java:logGet(46)) - raft.server.leaderelection.leader.step-down.wait-time = 10s (default)
2024-08-03 20:04:49,602 [23b8e6c4-9ef5-4db8-98cf-56f7581f9eb2-groupManagement] INFO  server.RaftServerConfigKeys (ConfUtils.java:logGet(46)) - raft.server.leaderelection.member.majority-add = false (default)
2024-08-03 20:04:49,602 [23b8e6c4-9ef5-4db8-98cf-56f7581f9eb2-groupManagement] INFO  server.RaftServerConfigKeys (ConfUtils.java:logGet(46)) - raft.server.sleep.deviation.threshold = 300ms (default)
2024-08-03 20:04:49,602 [23b8e6c4-9ef5-4db8-98cf-56f7581f9eb2-groupManagement] INFO  server.RaftServer$Division (ServerState.java:<init>(114)) - 23b8e6c4-9ef5-4db8-98cf-56f7581f9eb2@group-29759FB93938: ConfigurationManager, init=conf: {index: -1, cur=peers:[23b8e6c4-9ef5-4db8-98cf-56f7581f9eb2|127.0.0.1:15030, 3dd31e9f-fa72-4829-9441-ee2f0f7ab9e4|127.0.0.1:15039, ad840c1c-4245-4817-9bba-62272b02ba42|127.0.0.1:15048]|listeners:[], old=null}, confs=<EMPTY_MAP>
2024-08-03 20:04:49,602 [23b8e6c4-9ef5-4db8-98cf-56f7581f9eb2-groupManagement] INFO  server.RaftServerConfigKeys (ConfUtils.java:logGet(46)) - raft.server.notification.no-leader.timeout = 300s (custom)
2024-08-03 20:04:49,602 [23b8e6c4-9ef5-4db8-98cf-56f7581f9eb2-groupManagement] INFO  server.RaftServerConfigKeys (ConfUtils.java:logGet(46)) - raft.server.read.timeout = 10s (default)
2024-08-03 20:04:49,603 [23b8e6c4-9ef5-4db8-98cf-56f7581f9eb2-groupManagement] INFO  server.RaftServerConfigKeys (ConfUtils.java:logGet(46)) - raft.server.retrycache.expirytime = 600000ms (custom)
2024-08-03 20:04:49,603 [23b8e6c4-9ef5-4db8-98cf-56f7581f9eb2-groupManagement] INFO  server.RaftServerConfigKeys (ConfUtils.java:logGet(46)) - raft.server.retrycache.statistics.expirytime = 100ms (default)
2024-08-03 20:04:49,603 [23b8e6c4-9ef5-4db8-98cf-56f7581f9eb2-groupManagement] INFO  server.RaftServerConfigKeys (ConfUtils.java:logGet(46)) - raft.server.read.option = DEFAULT (default)
2024-08-03 20:04:49,603 [23b8e6c4-9ef5-4db8-98cf-56f7581f9eb2-groupManagement] INFO  server.RaftServerConfigKeys (ConfUtils.java:logGet(46)) - raft.server.read.read-after-write-consistent.write-index-cache.expiry-time = 60s (default)
2024-08-03 20:04:49,606 [23b8e6c4-9ef5-4db8-98cf-56f7581f9eb2-groupManagement] INFO  server.RaftServerConfigKeys (ConfUtils.java:logGet(46)) - raft.server.rpc.request.timeout = 60s (custom)
2024-08-03 20:04:49,606 [23b8e6c4-9ef5-4db8-98cf-56f7581f9eb2-groupManagement] INFO  server.RaftServerConfigKeys (ConfUtils.java:logGet(46)) - raft.server.log.appender.install.snapshot.enabled = false (custom)
2024-08-03 20:04:49,606 [23b8e6c4-9ef5-4db8-98cf-56f7581f9eb2-groupManagement] INFO  server.RaftServerConfigKeys (ConfUtils.java:logGet(46)) - raft.server.threadpool.server.cached = true (default)
2024-08-03 20:04:49,607 [23b8e6c4-9ef5-4db8-98cf-56f7581f9eb2-groupManagement] INFO  server.RaftServerConfigKeys (ConfUtils.java:logGet(46)) - raft.server.threadpool.server.size = 0 (default)
2024-08-03 20:04:49,607 [23b8e6c4-9ef5-4db8-98cf-56f7581f9eb2-groupManagement] INFO  server.RaftServerConfigKeys (ConfUtils.java:logGet(46)) - raft.server.threadpool.client.cached = true (default)
2024-08-03 20:04:49,607 [23b8e6c4-9ef5-4db8-98cf-56f7581f9eb2-groupManagement] INFO  server.RaftServerConfigKeys (ConfUtils.java:logGet(46)) - raft.server.threadpool.client.size = 0 (default)
2024-08-03 20:04:49,607 [23b8e6c4-9ef5-4db8-98cf-56f7581f9eb2-groupManagement] INFO  server.RaftServerConfigKeys (ConfUtils.java:logGet(46)) - raft.server.storage.free-space.min = 0MB (=0) (default)
2024-08-03 20:04:49,607 [23b8e6c4-9ef5-4db8-98cf-56f7581f9eb2-groupManagement] INFO  server.RaftServerConfigKeys (ConfUtils.java:logGet(46)) - raft.server.log.corruption.policy = EXCEPTION (default)
2024-08-03 20:04:49,607 [23b8e6c4-9ef5-4db8-98cf-56f7581f9eb2-groupManagement] INFO  server.RaftServerConfigKeys (ConfUtils.java:logGet(46)) - raft.server.storage.dir = [/home/runner/work/ozone/ozone/hadoop-ozone/integration-test/target/test-dir/MiniOzoneClusterImpl-4c2a292f-c896-477d-a18b-b69de7e7ed64/ozone-meta/datanode-1/ratis] (custom)
2024-08-03 20:04:49,607 [23b8e6c4-9ef5-4db8-98cf-56f7581f9eb2-groupManagement] INFO  storage.RaftStorageDirectory (RaftStorageDirectoryImpl.java:analyzeStorage(138)) - The storage directory /home/runner/work/ozone/ozone/hadoop-ozone/integration-test/target/test-dir/MiniOzoneClusterImpl-4c2a292f-c896-477d-a18b-b69de7e7ed64/ozone-meta/datanode-1/ratis/c3067428-c4b1-46eb-945d-29759fb93938 does not exist. Creating ...
2024-08-03 20:04:49,609 [23b8e6c4-9ef5-4db8-98cf-56f7581f9eb2-groupManagement] INFO  storage.RaftStorageDirectory (RaftStorageDirectoryImpl.java:tryLock(229)) - Lock on /home/runner/work/ozone/ozone/hadoop-ozone/integration-test/target/test-dir/MiniOzoneClusterImpl-4c2a292f-c896-477d-a18b-b69de7e7ed64/ozone-meta/datanode-1/ratis/c3067428-c4b1-46eb-945d-29759fb93938/in_use.lock acquired by nodename 59896@fv-az976-615
2024-08-03 20:04:49,610 [23b8e6c4-9ef5-4db8-98cf-56f7581f9eb2-groupManagement] INFO  storage.RaftStorage (RaftStorageImpl.java:format(98)) - Storage directory /home/runner/work/ozone/ozone/hadoop-ozone/integration-test/target/test-dir/MiniOzoneClusterImpl-4c2a292f-c896-477d-a18b-b69de7e7ed64/ozone-meta/datanode-1/ratis/c3067428-c4b1-46eb-945d-29759fb93938 has been successfully formatted.
2024-08-03 20:04:49,610 [23b8e6c4-9ef5-4db8-98cf-56f7581f9eb2-groupManagement] INFO  ratis.ContainerStateMachine (ContainerStateMachine.java:loadSnapshot(287)) - group-29759FB93938: The snapshot info is null. Setting the last applied index to:(t:0, i:~)
2024-08-03 20:04:49,610 [23b8e6c4-9ef5-4db8-98cf-56f7581f9eb2-groupManagement] INFO  server.RaftServerConfigKeys (ConfUtils.java:logGet(46)) - raft.server.log.use.memory = false (default)
2024-08-03 20:04:49,610 [23b8e6c4-9ef5-4db8-98cf-56f7581f9eb2-groupManagement] INFO  server.RaftServerConfigKeys (ConfUtils.java:logGet(46)) - raft.server.log.purge.gap = 1000000 (custom)
2024-08-03 20:04:49,611 [23b8e6c4-9ef5-4db8-98cf-56f7581f9eb2-groupManagement] INFO  server.RaftServerConfigKeys (ConfUtils.java:logGet(46)) - raft.server.log.appender.buffer.byte-limit = 8388608 (custom)
2024-08-03 20:04:49,611 [23b8e6c4-9ef5-4db8-98cf-56f7581f9eb2-groupManagement] INFO  server.RaftServerConfigKeys (ConfUtils.java:logGet(46)) - raft.server.log.statemachine.data.read.timeout = 1000ms (default)
2024-08-03 20:04:49,611 [23b8e6c4-9ef5-4db8-98cf-56f7581f9eb2-groupManagement] INFO  server.RaftServerConfigKeys (ConfUtils.java:logGet(46)) - raft.server.log.purge.preservation.log.num = 0 (default)
2024-08-03 20:04:49,612 [scmNode-1-EventQueue-OpenPipelineForHealthyPipelineSafeModeRule] INFO  safemode.SCMSafeModeManager (HealthyPipelineSafeModeRule.java:process(140)) - SCM in safe mode. Healthy pipelines reported count is 0, required healthy pipeline reported count is 1
2024-08-03 20:04:49,613 [23b8e6c4-9ef5-4db8-98cf-56f7581f9eb2-groupManagement] INFO  server.RaftServerConfigKeys (ConfUtils.java:logGet(46)) - raft.server.log.segment.size.max = 67108864 (custom)
2024-08-03 20:04:49,613 [23b8e6c4-9ef5-4db8-98cf-56f7581f9eb2-groupManagement] INFO  server.RaftServerConfigKeys (ConfUtils.java:logGet(46)) - raft.server.log.segment.cache.num.max = 2 (custom)
2024-08-03 20:04:49,614 [23b8e6c4-9ef5-4db8-98cf-56f7581f9eb2-groupManagement] INFO  server.RaftServerConfigKeys (ConfUtils.java:logGet(46)) - raft.server.log.segment.cache.size.max = 200MB (=209715200) (default)
2024-08-03 20:04:49,614 [23b8e6c4-9ef5-4db8-98cf-56f7581f9eb2-groupManagement] INFO  server.RaftServerConfigKeys (ConfUtils.java:logGet(46)) - raft.server.log.appender.buffer.byte-limit = 8388608 (custom)
2024-08-03 20:04:49,614 [23b8e6c4-9ef5-4db8-98cf-56f7581f9eb2-groupManagement] INFO  util.AwaitToRun (AwaitToRun.java:start(81)) - Thread[23b8e6c4-9ef5-4db8-98cf-56f7581f9eb2@group-29759FB93938-cacheEviction-AwaitToRun,5,main] started
2024-08-03 20:04:49,614 [23b8e6c4-9ef5-4db8-98cf-56f7581f9eb2-groupManagement] INFO  segmented.SegmentedRaftLogWorker (SegmentedRaftLogWorker.java:<init>(184)) - new 23b8e6c4-9ef5-4db8-98cf-56f7581f9eb2@group-29759FB93938-SegmentedRaftLogWorker for RaftStorageImpl:Storage Directory /home/runner/work/ozone/ozone/hadoop-ozone/integration-test/target/test-dir/MiniOzoneClusterImpl-4c2a292f-c896-477d-a18b-b69de7e7ed64/ozone-meta/datanode-1/ratis/c3067428-c4b1-46eb-945d-29759fb93938
2024-08-03 20:04:49,614 [23b8e6c4-9ef5-4db8-98cf-56f7581f9eb2-groupManagement] INFO  server.RaftServerConfigKeys (ConfUtils.java:logGet(46)) - raft.server.log.queue.byte-limit = 4294967296 (custom)
2024-08-03 20:04:49,614 [23b8e6c4-9ef5-4db8-98cf-56f7581f9eb2-groupManagement] INFO  server.RaftServerConfigKeys (ConfUtils.java:logGet(46)) - raft.server.log.queue.element-limit = 1024 (custom)
2024-08-03 20:04:49,614 [23b8e6c4-9ef5-4db8-98cf-56f7581f9eb2-groupManagement] INFO  server.RaftServerConfigKeys (ConfUtils.java:logGet(46)) - raft.server.log.segment.size.max = 67108864 (custom)
2024-08-03 20:04:49,614 [23b8e6c4-9ef5-4db8-98cf-56f7581f9eb2-groupManagement] INFO  server.RaftServerConfigKeys (ConfUtils.java:logGet(46)) - raft.server.log.preallocated.size = 4194304 (custom)
2024-08-03 20:04:49,614 [23b8e6c4-9ef5-4db8-98cf-56f7581f9eb2-groupManagement] INFO  server.RaftServerConfigKeys (ConfUtils.java:logGet(46)) - raft.server.log.force.sync.num = 128 (default)
2024-08-03 20:04:49,615 [23b8e6c4-9ef5-4db8-98cf-56f7581f9eb2-groupManagement] INFO  server.RaftServerConfigKeys (ConfUtils.java:logGet(46)) - raft.server.log.statemachine.data.sync = true (default)
2024-08-03 20:04:49,615 [23b8e6c4-9ef5-4db8-98cf-56f7581f9eb2-groupManagement] INFO  server.RaftServerConfigKeys (ConfUtils.java:logGet(46)) - raft.server.log.statemachine.data.sync.timeout = 10s (default)
2024-08-03 20:04:49,615 [23b8e6c4-9ef5-4db8-98cf-56f7581f9eb2-groupManagement] INFO  server.RaftServerConfigKeys (ConfUtils.java:logGet(46)) - raft.server.log.statemachine.data.sync.timeout.retry = 30 (custom)
2024-08-03 20:04:49,615 [23b8e6c4-9ef5-4db8-98cf-56f7581f9eb2-groupManagement] INFO  server.RaftServerConfigKeys (ConfUtils.java:logGet(46)) - raft.server.log.write.buffer.size = 8388616 (custom)
2024-08-03 20:04:49,617 [23b8e6c4-9ef5-4db8-98cf-56f7581f9eb2-groupManagement] INFO  server.RaftServerConfigKeys (ConfUtils.java:logGet(46)) - raft.server.log.appender.buffer.byte-limit = 8388608 (custom)
2024-08-03 20:04:49,617 [23b8e6c4-9ef5-4db8-98cf-56f7581f9eb2-groupManagement] INFO  server.RaftServerConfigKeys (ConfUtils.java:logGet(46)) - raft.server.log.unsafe-flush.enabled = false (default)
2024-08-03 20:04:49,617 [23b8e6c4-9ef5-4db8-98cf-56f7581f9eb2-groupManagement] INFO  server.RaftServerConfigKeys (ConfUtils.java:logGet(46)) - raft.server.log.async-flush.enabled = false (default)
2024-08-03 20:04:49,617 [23b8e6c4-9ef5-4db8-98cf-56f7581f9eb2-groupManagement] INFO  server.RaftServerConfigKeys (ConfUtils.java:logGet(46)) - raft.server.log.statemachine.data.caching.enabled = true (custom)
2024-08-03 20:04:49,618 [23b8e6c4-9ef5-4db8-98cf-56f7581f9eb2-groupManagement] INFO  segmented.SegmentedRaftLogWorker (SegmentedRaftLogWorker.java:lambda$new$0(135)) - 23b8e6c4-9ef5-4db8-98cf-56f7581f9eb2@group-29759FB93938-SegmentedRaftLogWorker: flushIndex: setUnconditionally 0 -> -1
2024-08-03 20:04:49,618 [23b8e6c4-9ef5-4db8-98cf-56f7581f9eb2-groupManagement] INFO  segmented.SegmentedRaftLogWorker (SegmentedRaftLogWorker.java:lambda$new$0(135)) - 23b8e6c4-9ef5-4db8-98cf-56f7581f9eb2@group-29759FB93938-SegmentedRaftLogWorker: safeCacheEvictIndex: setUnconditionally 0 -> -1
2024-08-03 20:04:49,621 [23b8e6c4-9ef5-4db8-98cf-56f7581f9eb2-groupManagement] INFO  server.RaftServer$Division (RaftServerImpl.java:start(389)) - 23b8e6c4-9ef5-4db8-98cf-56f7581f9eb2@group-29759FB93938: start as a follower, conf=conf: {index: -1, cur=peers:[23b8e6c4-9ef5-4db8-98cf-56f7581f9eb2|127.0.0.1:15030, 3dd31e9f-fa72-4829-9441-ee2f0f7ab9e4|127.0.0.1:15039, ad840c1c-4245-4817-9bba-62272b02ba42|127.0.0.1:15048]|listeners:[], old=null}
2024-08-03 20:04:49,621 [23b8e6c4-9ef5-4db8-98cf-56f7581f9eb2-groupManagement] INFO  server.RaftServer$Division (RaftServerImpl.java:setRole(376)) - 23b8e6c4-9ef5-4db8-98cf-56f7581f9eb2@group-29759FB93938: changes role from      null to FOLLOWER at term 0 for startAsFollower
2024-08-03 20:04:49,621 [23b8e6c4-9ef5-4db8-98cf-56f7581f9eb2-groupManagement] INFO  impl.RoleInfo (RoleInfo.java:updateAndGet(148)) - 23b8e6c4-9ef5-4db8-98cf-56f7581f9eb2: start 23b8e6c4-9ef5-4db8-98cf-56f7581f9eb2@group-29759FB93938-FollowerState
2024-08-03 20:04:49,625 [23b8e6c4-9ef5-4db8-98cf-56f7581f9eb2-groupManagement] INFO  util.JmxRegister (JmxRegister.java:tryRegister(44)) - Successfully registered JMX Bean with object name Ratis:service=RaftServer,group=group-29759FB93938,id=23b8e6c4-9ef5-4db8-98cf-56f7581f9eb2
2024-08-03 20:04:49,625 [23b8e6c4-9ef5-4db8-98cf-56f7581f9eb2-groupManagement] INFO  util.JmxRegister (JmxRegister.java:register(58)) - register mxBean class org.apache.ratis.server.impl.RaftServerJmxAdapter as Ratis:service=RaftServer,group=group-29759FB93938,id=23b8e6c4-9ef5-4db8-98cf-56f7581f9eb2
2024-08-03 20:04:49,625 [23b8e6c4-9ef5-4db8-98cf-56f7581f9eb2-groupManagement] INFO  server.RaftServerConfigKeys (ConfUtils.java:logGet(46)) - raft.server.snapshot.trigger-when-stop.enabled = true (default)
2024-08-03 20:04:49,625 [23b8e6c4-9ef5-4db8-98cf-56f7581f9eb2-groupManagement] INFO  server.RaftServerConfigKeys (ConfUtils.java:logGet(46)) - raft.server.snapshot.trigger-when-remove.enabled = true (default)
2024-08-03 20:04:49,625 [23b8e6c4-9ef5-4db8-98cf-56f7581f9eb2-groupManagement] INFO  server.RaftServerConfigKeys (ConfUtils.java:logGet(46)) - raft.server.snapshot.auto.trigger.enabled = true (custom)
2024-08-03 20:04:49,625 [23b8e6c4-9ef5-4db8-98cf-56f7581f9eb2-groupManagement] INFO  server.RaftServerConfigKeys (ConfUtils.java:logGet(46)) - raft.server.snapshot.auto.trigger.threshold = 10000 (custom)
2024-08-03 20:04:49,625 [23b8e6c4-9ef5-4db8-98cf-56f7581f9eb2-groupManagement] INFO  server.RaftServerConfigKeys (ConfUtils.java:logGet(46)) - raft.server.snapshot.retention.file.num = 5 (custom)
2024-08-03 20:04:49,625 [23b8e6c4-9ef5-4db8-98cf-56f7581f9eb2-groupManagement] INFO  server.RaftServerConfigKeys (ConfUtils.java:logGet(46)) - raft.server.log.purge.upto.snapshot.index = false (default)
2024-08-03 20:04:49,626 [23b8e6c4-9ef5-4db8-98cf-56f7581f9eb2@group-29759FB93938-FollowerState] INFO  server.RaftServerConfigKeys (ConfUtils.java:logFallback(53)) - raft.server.rpc.first-election.timeout.min = 5s (fallback to raft.server.rpc.timeout.min)
2024-08-03 20:04:49,626 [23b8e6c4-9ef5-4db8-98cf-56f7581f9eb2-PipelineCommandHandlerThread-0] INFO  ratis.XceiverServerRatis (XceiverServerRatis.java:addGroup(846)) - Created group PipelineID=c3067428-c4b1-46eb-945d-29759fb93938
2024-08-03 20:04:49,626 [23b8e6c4-9ef5-4db8-98cf-56f7581f9eb2@group-29759FB93938-FollowerState] INFO  server.RaftServerConfigKeys (ConfUtils.java:logFallback(53)) - raft.server.rpc.first-election.timeout.max = 5200ms (fallback to raft.server.rpc.timeout.max)
2024-08-03 20:04:49,633 [grpc-default-executor-4] INFO  server.RaftServer (RaftServerProxy.java:addNew(101)) - 3dd31e9f-fa72-4829-9441-ee2f0f7ab9e4: addNew group-29759FB93938:[23b8e6c4-9ef5-4db8-98cf-56f7581f9eb2|127.0.0.1:15030, 3dd31e9f-fa72-4829-9441-ee2f0f7ab9e4|127.0.0.1:15039, ad840c1c-4245-4817-9bba-62272b02ba42|127.0.0.1:15048] returns group-29759FB93938:java.util.concurrent.CompletableFuture@5f58c1f1[Not completed]
2024-08-03 20:04:49,634 [3dd31e9f-fa72-4829-9441-ee2f0f7ab9e4-groupManagement] INFO  server.RaftServer$Division (RaftServerImpl.java:<init>(253)) - 3dd31e9f-fa72-4829-9441-ee2f0f7ab9e4: new RaftServerImpl for group-29759FB93938:[23b8e6c4-9ef5-4db8-98cf-56f7581f9eb2|127.0.0.1:15030, 3dd31e9f-fa72-4829-9441-ee2f0f7ab9e4|127.0.0.1:15039, ad840c1c-4245-4817-9bba-62272b02ba42|127.0.0.1:15048] with ContainerStateMachine:uninitialized
2024-08-03 20:04:49,634 [3dd31e9f-fa72-4829-9441-ee2f0f7ab9e4-groupManagement] INFO  server.RaftServerConfigKeys (ConfUtils.java:logGet(46)) - raft.server.rpc.timeout.min = 5s (custom)
2024-08-03 20:04:49,635 [3dd31e9f-fa72-4829-9441-ee2f0f7ab9e4-groupManagement] INFO  server.RaftServerConfigKeys (ConfUtils.java:logGet(46)) - raft.server.rpc.timeout.max = 5200ms (custom)
2024-08-03 20:04:49,635 [3dd31e9f-fa72-4829-9441-ee2f0f7ab9e4-groupManagement] INFO  server.RaftServerConfigKeys (ConfUtils.java:logGet(46)) - raft.server.rpc.sleep.time = 25ms (default)
2024-08-03 20:04:49,635 [3dd31e9f-fa72-4829-9441-ee2f0f7ab9e4-groupManagement] INFO  server.RaftServerConfigKeys (ConfUtils.java:logGet(46)) - raft.server.rpc.slowness.timeout = 300s (custom)
2024-08-03 20:04:49,635 [3dd31e9f-fa72-4829-9441-ee2f0f7ab9e4-groupManagement] INFO  server.RaftServerConfigKeys (ConfUtils.java:logGet(46)) - raft.server.leaderelection.leader.step-down.wait-time = 10s (default)
2024-08-03 20:04:49,635 [3dd31e9f-fa72-4829-9441-ee2f0f7ab9e4-groupManagement] INFO  server.RaftServerConfigKeys (ConfUtils.java:logGet(46)) - raft.server.leaderelection.member.majority-add = false (default)
2024-08-03 20:04:49,635 [3dd31e9f-fa72-4829-9441-ee2f0f7ab9e4-groupManagement] INFO  server.RaftServerConfigKeys (ConfUtils.java:logGet(46)) - raft.server.sleep.deviation.threshold = 300ms (default)
2024-08-03 20:04:49,635 [3dd31e9f-fa72-4829-9441-ee2f0f7ab9e4-groupManagement] INFO  server.RaftServer$Division (ServerState.java:<init>(114)) - 3dd31e9f-fa72-4829-9441-ee2f0f7ab9e4@group-29759FB93938: ConfigurationManager, init=conf: {index: -1, cur=peers:[23b8e6c4-9ef5-4db8-98cf-56f7581f9eb2|127.0.0.1:15030, 3dd31e9f-fa72-4829-9441-ee2f0f7ab9e4|127.0.0.1:15039, ad840c1c-4245-4817-9bba-62272b02ba42|127.0.0.1:15048]|listeners:[], old=null}, confs=<EMPTY_MAP>
2024-08-03 20:04:49,635 [3dd31e9f-fa72-4829-9441-ee2f0f7ab9e4-groupManagement] INFO  server.RaftServerConfigKeys (ConfUtils.java:logGet(46)) - raft.server.notification.no-leader.timeout = 300s (custom)
2024-08-03 20:04:49,635 [3dd31e9f-fa72-4829-9441-ee2f0f7ab9e4-groupManagement] INFO  server.RaftServerConfigKeys (ConfUtils.java:logGet(46)) - raft.server.read.timeout = 10s (default)
2024-08-03 20:04:49,635 [3dd31e9f-fa72-4829-9441-ee2f0f7ab9e4-groupManagement] INFO  server.RaftServerConfigKeys (ConfUtils.java:logGet(46)) - raft.server.retrycache.expirytime = 600000ms (custom)
2024-08-03 20:04:49,635 [3dd31e9f-fa72-4829-9441-ee2f0f7ab9e4-groupManagement] INFO  server.RaftServerConfigKeys (ConfUtils.java:logGet(46)) - raft.server.retrycache.statistics.expirytime = 100ms (default)
2024-08-03 20:04:49,635 [3dd31e9f-fa72-4829-9441-ee2f0f7ab9e4-groupManagement] INFO  server.RaftServerConfigKeys (ConfUtils.java:logGet(46)) - raft.server.read.option = DEFAULT (default)
2024-08-03 20:04:49,635 [3dd31e9f-fa72-4829-9441-ee2f0f7ab9e4-groupManagement] INFO  server.RaftServerConfigKeys (ConfUtils.java:logGet(46)) - raft.server.read.read-after-write-consistent.write-index-cache.expiry-time = 60s (default)
2024-08-03 20:04:49,640 [3dd31e9f-fa72-4829-9441-ee2f0f7ab9e4-groupManagement] INFO  server.RaftServerConfigKeys (ConfUtils.java:logGet(46)) - raft.server.rpc.request.timeout = 60s (custom)
2024-08-03 20:04:49,642 [3dd31e9f-fa72-4829-9441-ee2f0f7ab9e4-groupManagement] INFO  server.RaftServerConfigKeys (ConfUtils.java:logGet(46)) - raft.server.log.appender.install.snapshot.enabled = false (custom)
2024-08-03 20:04:49,643 [3dd31e9f-fa72-4829-9441-ee2f0f7ab9e4-groupManagement] INFO  server.RaftServerConfigKeys (ConfUtils.java:logGet(46)) - raft.server.threadpool.server.cached = true (default)
2024-08-03 20:04:49,643 [3dd31e9f-fa72-4829-9441-ee2f0f7ab9e4-groupManagement] INFO  server.RaftServerConfigKeys (ConfUtils.java:logGet(46)) - raft.server.threadpool.server.size = 0 (default)
2024-08-03 20:04:49,643 [3dd31e9f-fa72-4829-9441-ee2f0f7ab9e4-groupManagement] INFO  server.RaftServerConfigKeys (ConfUtils.java:logGet(46)) - raft.server.threadpool.client.cached = true (default)
2024-08-03 20:04:49,643 [3dd31e9f-fa72-4829-9441-ee2f0f7ab9e4-groupManagement] INFO  server.RaftServerConfigKeys (ConfUtils.java:logGet(46)) - raft.server.threadpool.client.size = 0 (default)
2024-08-03 20:04:49,643 [3dd31e9f-fa72-4829-9441-ee2f0f7ab9e4-groupManagement] INFO  server.RaftServerConfigKeys (ConfUtils.java:logGet(46)) - raft.server.storage.free-space.min = 0MB (=0) (default)
2024-08-03 20:04:49,643 [3dd31e9f-fa72-4829-9441-ee2f0f7ab9e4-groupManagement] INFO  server.RaftServerConfigKeys (ConfUtils.java:logGet(46)) - raft.server.log.corruption.policy = EXCEPTION (default)
2024-08-03 20:04:49,643 [3dd31e9f-fa72-4829-9441-ee2f0f7ab9e4-groupManagement] INFO  server.RaftServerConfigKeys (ConfUtils.java:logGet(46)) - raft.server.storage.dir = [/home/runner/work/ozone/ozone/hadoop-ozone/integration-test/target/test-dir/MiniOzoneClusterImpl-4c2a292f-c896-477d-a18b-b69de7e7ed64/ozone-meta/datanode-2/ratis] (custom)
2024-08-03 20:04:49,644 [3dd31e9f-fa72-4829-9441-ee2f0f7ab9e4-groupManagement] INFO  storage.RaftStorageDirectory (RaftStorageDirectoryImpl.java:analyzeStorage(138)) - The storage directory /home/runner/work/ozone/ozone/hadoop-ozone/integration-test/target/test-dir/MiniOzoneClusterImpl-4c2a292f-c896-477d-a18b-b69de7e7ed64/ozone-meta/datanode-2/ratis/c3067428-c4b1-46eb-945d-29759fb93938 does not exist. Creating ...
2024-08-03 20:04:49,645 [3dd31e9f-fa72-4829-9441-ee2f0f7ab9e4-groupManagement] INFO  storage.RaftStorageDirectory (RaftStorageDirectoryImpl.java:tryLock(229)) - Lock on /home/runner/work/ozone/ozone/hadoop-ozone/integration-test/target/test-dir/MiniOzoneClusterImpl-4c2a292f-c896-477d-a18b-b69de7e7ed64/ozone-meta/datanode-2/ratis/c3067428-c4b1-46eb-945d-29759fb93938/in_use.lock acquired by nodename 59896@fv-az976-615
2024-08-03 20:04:49,647 [3dd31e9f-fa72-4829-9441-ee2f0f7ab9e4-groupManagement] INFO  storage.RaftStorage (RaftStorageImpl.java:format(98)) - Storage directory /home/runner/work/ozone/ozone/hadoop-ozone/integration-test/target/test-dir/MiniOzoneClusterImpl-4c2a292f-c896-477d-a18b-b69de7e7ed64/ozone-meta/datanode-2/ratis/c3067428-c4b1-46eb-945d-29759fb93938 has been successfully formatted.
2024-08-03 20:04:49,648 [3dd31e9f-fa72-4829-9441-ee2f0f7ab9e4-groupManagement] INFO  ratis.ContainerStateMachine (ContainerStateMachine.java:loadSnapshot(287)) - group-29759FB93938: The snapshot info is null. Setting the last applied index to:(t:0, i:~)
2024-08-03 20:04:49,652 [3dd31e9f-fa72-4829-9441-ee2f0f7ab9e4-groupManagement] INFO  server.RaftServerConfigKeys (ConfUtils.java:logGet(46)) - raft.server.log.use.memory = false (default)
2024-08-03 20:04:49,652 [3dd31e9f-fa72-4829-9441-ee2f0f7ab9e4-groupManagement] INFO  server.RaftServerConfigKeys (ConfUtils.java:logGet(46)) - raft.server.log.purge.gap = 1000000 (custom)
2024-08-03 20:04:49,653 [3dd31e9f-fa72-4829-9441-ee2f0f7ab9e4-groupManagement] INFO  server.RaftServerConfigKeys (ConfUtils.java:logGet(46)) - raft.server.log.appender.buffer.byte-limit = 8388608 (custom)
2024-08-03 20:04:49,653 [3dd31e9f-fa72-4829-9441-ee2f0f7ab9e4-groupManagement] INFO  server.RaftServerConfigKeys (ConfUtils.java:logGet(46)) - raft.server.log.statemachine.data.read.timeout = 1000ms (default)
2024-08-03 20:04:49,653 [3dd31e9f-fa72-4829-9441-ee2f0f7ab9e4-groupManagement] INFO  server.RaftServerConfigKeys (ConfUtils.java:logGet(46)) - raft.server.log.purge.preservation.log.num = 0 (default)
2024-08-03 20:04:49,655 [3dd31e9f-fa72-4829-9441-ee2f0f7ab9e4-groupManagement] INFO  server.RaftServerConfigKeys (ConfUtils.java:logGet(46)) - raft.server.log.segment.size.max = 67108864 (custom)
2024-08-03 20:04:49,655 [3dd31e9f-fa72-4829-9441-ee2f0f7ab9e4-groupManagement] INFO  server.RaftServerConfigKeys (ConfUtils.java:logGet(46)) - raft.server.log.segment.cache.num.max = 2 (custom)
2024-08-03 20:04:49,655 [3dd31e9f-fa72-4829-9441-ee2f0f7ab9e4-groupManagement] INFO  server.RaftServerConfigKeys (ConfUtils.java:logGet(46)) - raft.server.log.segment.cache.size.max = 200MB (=209715200) (default)
2024-08-03 20:04:49,655 [3dd31e9f-fa72-4829-9441-ee2f0f7ab9e4-groupManagement] INFO  server.RaftServerConfigKeys (ConfUtils.java:logGet(46)) - raft.server.log.appender.buffer.byte-limit = 8388608 (custom)
2024-08-03 20:04:49,656 [3dd31e9f-fa72-4829-9441-ee2f0f7ab9e4-groupManagement] INFO  util.AwaitToRun (AwaitToRun.java:start(81)) - Thread[3dd31e9f-fa72-4829-9441-ee2f0f7ab9e4@group-29759FB93938-cacheEviction-AwaitToRun,5,main] started
2024-08-03 20:04:49,656 [3dd31e9f-fa72-4829-9441-ee2f0f7ab9e4-groupManagement] INFO  segmented.SegmentedRaftLogWorker (SegmentedRaftLogWorker.java:<init>(184)) - new 3dd31e9f-fa72-4829-9441-ee2f0f7ab9e4@group-29759FB93938-SegmentedRaftLogWorker for RaftStorageImpl:Storage Directory /home/runner/work/ozone/ozone/hadoop-ozone/integration-test/target/test-dir/MiniOzoneClusterImpl-4c2a292f-c896-477d-a18b-b69de7e7ed64/ozone-meta/datanode-2/ratis/c3067428-c4b1-46eb-945d-29759fb93938
2024-08-03 20:04:49,657 [3dd31e9f-fa72-4829-9441-ee2f0f7ab9e4-groupManagement] INFO  server.RaftServerConfigKeys (ConfUtils.java:logGet(46)) - raft.server.log.queue.byte-limit = 4294967296 (custom)
2024-08-03 20:04:49,657 [3dd31e9f-fa72-4829-9441-ee2f0f7ab9e4-groupManagement] INFO  server.RaftServerConfigKeys (ConfUtils.java:logGet(46)) - raft.server.log.queue.element-limit = 1024 (custom)
2024-08-03 20:04:49,657 [3dd31e9f-fa72-4829-9441-ee2f0f7ab9e4-groupManagement] INFO  server.RaftServerConfigKeys (ConfUtils.java:logGet(46)) - raft.server.log.segment.size.max = 67108864 (custom)
2024-08-03 20:04:49,657 [3dd31e9f-fa72-4829-9441-ee2f0f7ab9e4-groupManagement] INFO  server.RaftServerConfigKeys (ConfUtils.java:logGet(46)) - raft.server.log.preallocated.size = 4194304 (custom)
2024-08-03 20:04:49,657 [3dd31e9f-fa72-4829-9441-ee2f0f7ab9e4-groupManagement] INFO  server.RaftServerConfigKeys (ConfUtils.java:logGet(46)) - raft.server.log.force.sync.num = 128 (default)
2024-08-03 20:04:49,657 [3dd31e9f-fa72-4829-9441-ee2f0f7ab9e4-groupManagement] INFO  server.RaftServerConfigKeys (ConfUtils.java:logGet(46)) - raft.server.log.statemachine.data.sync = true (default)
2024-08-03 20:04:49,657 [3dd31e9f-fa72-4829-9441-ee2f0f7ab9e4-groupManagement] INFO  server.RaftServerConfigKeys (ConfUtils.java:logGet(46)) - raft.server.log.statemachine.data.sync.timeout = 10s (default)
2024-08-03 20:04:49,657 [3dd31e9f-fa72-4829-9441-ee2f0f7ab9e4-groupManagement] INFO  server.RaftServerConfigKeys (ConfUtils.java:logGet(46)) - raft.server.log.statemachine.data.sync.timeout.retry = 30 (custom)
2024-08-03 20:04:49,658 [3dd31e9f-fa72-4829-9441-ee2f0f7ab9e4-groupManagement] INFO  server.RaftServerConfigKeys (ConfUtils.java:logGet(46)) - raft.server.log.write.buffer.size = 8388616 (custom)
2024-08-03 20:04:49,660 [3dd31e9f-fa72-4829-9441-ee2f0f7ab9e4-groupManagement] INFO  server.RaftServerConfigKeys (ConfUtils.java:logGet(46)) - raft.server.log.appender.buffer.byte-limit = 8388608 (custom)
2024-08-03 20:04:49,660 [3dd31e9f-fa72-4829-9441-ee2f0f7ab9e4-groupManagement] INFO  server.RaftServerConfigKeys (ConfUtils.java:logGet(46)) - raft.server.log.unsafe-flush.enabled = false (default)
2024-08-03 20:04:49,660 [3dd31e9f-fa72-4829-9441-ee2f0f7ab9e4-groupManagement] INFO  server.RaftServerConfigKeys (ConfUtils.java:logGet(46)) - raft.server.log.async-flush.enabled = false (default)
2024-08-03 20:04:49,660 [3dd31e9f-fa72-4829-9441-ee2f0f7ab9e4-groupManagement] INFO  server.RaftServerConfigKeys (ConfUtils.java:logGet(46)) - raft.server.log.statemachine.data.caching.enabled = true (custom)
2024-08-03 20:04:49,660 [3dd31e9f-fa72-4829-9441-ee2f0f7ab9e4-groupManagement] INFO  segmented.SegmentedRaftLogWorker (SegmentedRaftLogWorker.java:lambda$new$0(135)) - 3dd31e9f-fa72-4829-9441-ee2f0f7ab9e4@group-29759FB93938-SegmentedRaftLogWorker: flushIndex: setUnconditionally 0 -> -1
2024-08-03 20:04:49,660 [3dd31e9f-fa72-4829-9441-ee2f0f7ab9e4-groupManagement] INFO  segmented.SegmentedRaftLogWorker (SegmentedRaftLogWorker.java:lambda$new$0(135)) - 3dd31e9f-fa72-4829-9441-ee2f0f7ab9e4@group-29759FB93938-SegmentedRaftLogWorker: safeCacheEvictIndex: setUnconditionally 0 -> -1
2024-08-03 20:04:49,661 [3dd31e9f-fa72-4829-9441-ee2f0f7ab9e4-groupManagement] INFO  server.RaftServer$Division (RaftServerImpl.java:start(389)) - 3dd31e9f-fa72-4829-9441-ee2f0f7ab9e4@group-29759FB93938: start as a follower, conf=conf: {index: -1, cur=peers:[23b8e6c4-9ef5-4db8-98cf-56f7581f9eb2|127.0.0.1:15030, 3dd31e9f-fa72-4829-9441-ee2f0f7ab9e4|127.0.0.1:15039, ad840c1c-4245-4817-9bba-62272b02ba42|127.0.0.1:15048]|listeners:[], old=null}
2024-08-03 20:04:49,661 [3dd31e9f-fa72-4829-9441-ee2f0f7ab9e4-groupManagement] INFO  server.RaftServer$Division (RaftServerImpl.java:setRole(376)) - 3dd31e9f-fa72-4829-9441-ee2f0f7ab9e4@group-29759FB93938: changes role from      null to FOLLOWER at term 0 for startAsFollower
2024-08-03 20:04:49,661 [3dd31e9f-fa72-4829-9441-ee2f0f7ab9e4-groupManagement] INFO  impl.RoleInfo (RoleInfo.java:updateAndGet(148)) - 3dd31e9f-fa72-4829-9441-ee2f0f7ab9e4: start 3dd31e9f-fa72-4829-9441-ee2f0f7ab9e4@group-29759FB93938-FollowerState
2024-08-03 20:04:49,662 [3dd31e9f-fa72-4829-9441-ee2f0f7ab9e4@group-29759FB93938-FollowerState] INFO  server.RaftServerConfigKeys (ConfUtils.java:logFallback(53)) - raft.server.rpc.first-election.timeout.min = 5s (fallback to raft.server.rpc.timeout.min)
2024-08-03 20:04:49,662 [3dd31e9f-fa72-4829-9441-ee2f0f7ab9e4@group-29759FB93938-FollowerState] INFO  server.RaftServerConfigKeys (ConfUtils.java:logFallback(53)) - raft.server.rpc.first-election.timeout.max = 5200ms (fallback to raft.server.rpc.timeout.max)
2024-08-03 20:04:49,662 [3dd31e9f-fa72-4829-9441-ee2f0f7ab9e4-groupManagement] INFO  util.JmxRegister (JmxRegister.java:tryRegister(44)) - Successfully registered JMX Bean with object name Ratis:service=RaftServer,group=group-29759FB93938,id=3dd31e9f-fa72-4829-9441-ee2f0f7ab9e4
2024-08-03 20:04:49,662 [3dd31e9f-fa72-4829-9441-ee2f0f7ab9e4-groupManagement] INFO  util.JmxRegister (JmxRegister.java:register(58)) - register mxBean class org.apache.ratis.server.impl.RaftServerJmxAdapter as Ratis:service=RaftServer,group=group-29759FB93938,id=3dd31e9f-fa72-4829-9441-ee2f0f7ab9e4
2024-08-03 20:04:49,662 [3dd31e9f-fa72-4829-9441-ee2f0f7ab9e4-groupManagement] INFO  server.RaftServerConfigKeys (ConfUtils.java:logGet(46)) - raft.server.snapshot.trigger-when-stop.enabled = true (default)
2024-08-03 20:04:49,662 [3dd31e9f-fa72-4829-9441-ee2f0f7ab9e4-groupManagement] INFO  server.RaftServerConfigKeys (ConfUtils.java:logGet(46)) - raft.server.snapshot.trigger-when-remove.enabled = true (default)
2024-08-03 20:04:49,663 [3dd31e9f-fa72-4829-9441-ee2f0f7ab9e4-groupManagement] INFO  server.RaftServerConfigKeys (ConfUtils.java:logGet(46)) - raft.server.snapshot.auto.trigger.enabled = true (custom)
2024-08-03 20:04:49,663 [3dd31e9f-fa72-4829-9441-ee2f0f7ab9e4-groupManagement] INFO  server.RaftServerConfigKeys (ConfUtils.java:logGet(46)) - raft.server.snapshot.auto.trigger.threshold = 10000 (custom)
2024-08-03 20:04:49,663 [3dd31e9f-fa72-4829-9441-ee2f0f7ab9e4-groupManagement] INFO  server.RaftServerConfigKeys (ConfUtils.java:logGet(46)) - raft.server.snapshot.retention.file.num = 5 (custom)
2024-08-03 20:04:49,663 [3dd31e9f-fa72-4829-9441-ee2f0f7ab9e4-groupManagement] INFO  server.RaftServerConfigKeys (ConfUtils.java:logGet(46)) - raft.server.log.purge.upto.snapshot.index = false (default)
2024-08-03 20:04:49,674 [grpc-default-executor-4] INFO  server.RaftServer (RaftServerProxy.java:addNew(101)) - ad840c1c-4245-4817-9bba-62272b02ba42: addNew group-29759FB93938:[23b8e6c4-9ef5-4db8-98cf-56f7581f9eb2|127.0.0.1:15030, 3dd31e9f-fa72-4829-9441-ee2f0f7ab9e4|127.0.0.1:15039, ad840c1c-4245-4817-9bba-62272b02ba42|127.0.0.1:15048] returns group-29759FB93938:java.util.concurrent.CompletableFuture@67cea9d8[Not completed]
2024-08-03 20:04:49,675 [3dd31e9f-fa72-4829-9441-ee2f0f7ab9e4-PipelineCommandHandlerThread-0] INFO  server.RaftServer (RaftServerProxy.java:addNew(101)) - 3dd31e9f-fa72-4829-9441-ee2f0f7ab9e4: addNew group-2479445D8B61:[3dd31e9f-fa72-4829-9441-ee2f0f7ab9e4|127.0.0.1:15039] returns group-2479445D8B61:java.util.concurrent.CompletableFuture@307fff5b[Not completed]
2024-08-03 20:04:49,676 [ad840c1c-4245-4817-9bba-62272b02ba42-groupManagement] INFO  server.RaftServer$Division (RaftServerImpl.java:<init>(253)) - ad840c1c-4245-4817-9bba-62272b02ba42: new RaftServerImpl for group-29759FB93938:[23b8e6c4-9ef5-4db8-98cf-56f7581f9eb2|127.0.0.1:15030, 3dd31e9f-fa72-4829-9441-ee2f0f7ab9e4|127.0.0.1:15039, ad840c1c-4245-4817-9bba-62272b02ba42|127.0.0.1:15048] with ContainerStateMachine:uninitialized
2024-08-03 20:04:49,676 [ad840c1c-4245-4817-9bba-62272b02ba42-groupManagement] INFO  server.RaftServerConfigKeys (ConfUtils.java:logGet(46)) - raft.server.rpc.timeout.min = 5s (custom)
2024-08-03 20:04:49,676 [ad840c1c-4245-4817-9bba-62272b02ba42-groupManagement] INFO  server.RaftServerConfigKeys (ConfUtils.java:logGet(46)) - raft.server.rpc.timeout.max = 5200ms (custom)
2024-08-03 20:04:49,676 [ad840c1c-4245-4817-9bba-62272b02ba42-groupManagement] INFO  server.RaftServerConfigKeys (ConfUtils.java:logGet(46)) - raft.server.rpc.sleep.time = 25ms (default)
2024-08-03 20:04:49,676 [ad840c1c-4245-4817-9bba-62272b02ba42-groupManagement] INFO  server.RaftServerConfigKeys (ConfUtils.java:logGet(46)) - raft.server.rpc.slowness.timeout = 300s (custom)
2024-08-03 20:04:49,676 [ad840c1c-4245-4817-9bba-62272b02ba42-groupManagement] INFO  server.RaftServerConfigKeys (ConfUtils.java:logGet(46)) - raft.server.leaderelection.leader.step-down.wait-time = 10s (default)
2024-08-03 20:04:49,676 [ad840c1c-4245-4817-9bba-62272b02ba42-groupManagement] INFO  server.RaftServerConfigKeys (ConfUtils.java:logGet(46)) - raft.server.leaderelection.member.majority-add = false (default)
2024-08-03 20:04:49,676 [ad840c1c-4245-4817-9bba-62272b02ba42-groupManagement] INFO  server.RaftServerConfigKeys (ConfUtils.java:logGet(46)) - raft.server.sleep.deviation.threshold = 300ms (default)
2024-08-03 20:04:49,676 [ad840c1c-4245-4817-9bba-62272b02ba42-groupManagement] INFO  server.RaftServer$Division (ServerState.java:<init>(114)) - ad840c1c-4245-4817-9bba-62272b02ba42@group-29759FB93938: ConfigurationManager, init=conf: {index: -1, cur=peers:[23b8e6c4-9ef5-4db8-98cf-56f7581f9eb2|127.0.0.1:15030, 3dd31e9f-fa72-4829-9441-ee2f0f7ab9e4|127.0.0.1:15039, ad840c1c-4245-4817-9bba-62272b02ba42|127.0.0.1:15048]|listeners:[], old=null}, confs=<EMPTY_MAP>
2024-08-03 20:04:49,676 [ad840c1c-4245-4817-9bba-62272b02ba42-groupManagement] INFO  server.RaftServerConfigKeys (ConfUtils.java:logGet(46)) - raft.server.notification.no-leader.timeout = 300s (custom)
2024-08-03 20:04:49,676 [ad840c1c-4245-4817-9bba-62272b02ba42-groupManagement] INFO  server.RaftServerConfigKeys (ConfUtils.java:logGet(46)) - raft.server.read.timeout = 10s (default)
2024-08-03 20:04:49,676 [ad840c1c-4245-4817-9bba-62272b02ba42-groupManagement] INFO  server.RaftServerConfigKeys (ConfUtils.java:logGet(46)) - raft.server.retrycache.expirytime = 600000ms (custom)
2024-08-03 20:04:49,676 [ad840c1c-4245-4817-9bba-62272b02ba42-groupManagement] INFO  server.RaftServerConfigKeys (ConfUtils.java:logGet(46)) - raft.server.retrycache.statistics.expirytime = 100ms (default)
2024-08-03 20:04:49,676 [ad840c1c-4245-4817-9bba-62272b02ba42-groupManagement] INFO  server.RaftServerConfigKeys (ConfUtils.java:logGet(46)) - raft.server.read.option = DEFAULT (default)
2024-08-03 20:04:49,676 [ad840c1c-4245-4817-9bba-62272b02ba42-groupManagement] INFO  server.RaftServerConfigKeys (ConfUtils.java:logGet(46)) - raft.server.read.read-after-write-consistent.write-index-cache.expiry-time = 60s (default)
2024-08-03 20:04:49,678 [3dd31e9f-fa72-4829-9441-ee2f0f7ab9e4-groupManagement] INFO  server.RaftServer$Division (RaftServerImpl.java:<init>(253)) - 3dd31e9f-fa72-4829-9441-ee2f0f7ab9e4: new RaftServerImpl for group-2479445D8B61:[3dd31e9f-fa72-4829-9441-ee2f0f7ab9e4|127.0.0.1:15039] with ContainerStateMachine:uninitialized
2024-08-03 20:04:49,678 [3dd31e9f-fa72-4829-9441-ee2f0f7ab9e4-groupManagement] INFO  server.RaftServerConfigKeys (ConfUtils.java:logGet(46)) - raft.server.rpc.timeout.min = 5s (custom)
2024-08-03 20:04:49,678 [3dd31e9f-fa72-4829-9441-ee2f0f7ab9e4-groupManagement] INFO  server.RaftServerConfigKeys (ConfUtils.java:logGet(46)) - raft.server.rpc.timeout.max = 5200ms (custom)
2024-08-03 20:04:49,678 [3dd31e9f-fa72-4829-9441-ee2f0f7ab9e4-groupManagement] INFO  server.RaftServerConfigKeys (ConfUtils.java:logGet(46)) - raft.server.rpc.sleep.time = 25ms (default)
2024-08-03 20:04:49,678 [3dd31e9f-fa72-4829-9441-ee2f0f7ab9e4-groupManagement] INFO  server.RaftServerConfigKeys (ConfUtils.java:logGet(46)) - raft.server.rpc.slowness.timeout = 300s (custom)
2024-08-03 20:04:49,678 [3dd31e9f-fa72-4829-9441-ee2f0f7ab9e4-groupManagement] INFO  server.RaftServerConfigKeys (ConfUtils.java:logGet(46)) - raft.server.leaderelection.leader.step-down.wait-time = 10s (default)
2024-08-03 20:04:49,678 [3dd31e9f-fa72-4829-9441-ee2f0f7ab9e4-groupManagement] INFO  server.RaftServerConfigKeys (ConfUtils.java:logGet(46)) - raft.server.leaderelection.member.majority-add = false (default)
2024-08-03 20:04:49,678 [3dd31e9f-fa72-4829-9441-ee2f0f7ab9e4-groupManagement] INFO  server.RaftServerConfigKeys (ConfUtils.java:logGet(46)) - raft.server.sleep.deviation.threshold = 300ms (default)
2024-08-03 20:04:49,678 [3dd31e9f-fa72-4829-9441-ee2f0f7ab9e4-groupManagement] INFO  server.RaftServer$Division (ServerState.java:<init>(114)) - 3dd31e9f-fa72-4829-9441-ee2f0f7ab9e4@group-2479445D8B61: ConfigurationManager, init=conf: {index: -1, cur=peers:[3dd31e9f-fa72-4829-9441-ee2f0f7ab9e4|127.0.0.1:15039]|listeners:[], old=null}, confs=<EMPTY_MAP>
2024-08-03 20:04:49,678 [3dd31e9f-fa72-4829-9441-ee2f0f7ab9e4-groupManagement] INFO  server.RaftServerConfigKeys (ConfUtils.java:logGet(46)) - raft.server.notification.no-leader.timeout = 300s (custom)
2024-08-03 20:04:49,678 [3dd31e9f-fa72-4829-9441-ee2f0f7ab9e4-groupManagement] INFO  server.RaftServerConfigKeys (ConfUtils.java:logGet(46)) - raft.server.read.timeout = 10s (default)
2024-08-03 20:04:49,678 [3dd31e9f-fa72-4829-9441-ee2f0f7ab9e4-groupManagement] INFO  server.RaftServerConfigKeys (ConfUtils.java:logGet(46)) - raft.server.retrycache.expirytime = 600000ms (custom)
2024-08-03 20:04:49,678 [3dd31e9f-fa72-4829-9441-ee2f0f7ab9e4-groupManagement] INFO  server.RaftServerConfigKeys (ConfUtils.java:logGet(46)) - raft.server.retrycache.statistics.expirytime = 100ms (default)
2024-08-03 20:04:49,679 [3dd31e9f-fa72-4829-9441-ee2f0f7ab9e4-groupManagement] INFO  server.RaftServerConfigKeys (ConfUtils.java:logGet(46)) - raft.server.read.option = DEFAULT (default)
2024-08-03 20:04:49,679 [3dd31e9f-fa72-4829-9441-ee2f0f7ab9e4-groupManagement] INFO  server.RaftServerConfigKeys (ConfUtils.java:logGet(46)) - raft.server.read.read-after-write-consistent.write-index-cache.expiry-time = 60s (default)
2024-08-03 20:04:49,688 [ad840c1c-4245-4817-9bba-62272b02ba42-groupManagement] INFO  server.RaftServerConfigKeys (ConfUtils.java:logGet(46)) - raft.server.rpc.request.timeout = 60s (custom)
2024-08-03 20:04:49,689 [ad840c1c-4245-4817-9bba-62272b02ba42-groupManagement] INFO  server.RaftServerConfigKeys (ConfUtils.java:logGet(46)) - raft.server.log.appender.install.snapshot.enabled = false (custom)
2024-08-03 20:04:49,690 [3dd31e9f-fa72-4829-9441-ee2f0f7ab9e4-groupManagement] INFO  server.RaftServerConfigKeys (ConfUtils.java:logGet(46)) - raft.server.rpc.request.timeout = 60s (custom)
2024-08-03 20:04:49,690 [3dd31e9f-fa72-4829-9441-ee2f0f7ab9e4-groupManagement] INFO  server.RaftServerConfigKeys (ConfUtils.java:logGet(46)) - raft.server.log.appender.install.snapshot.enabled = false (custom)
2024-08-03 20:04:49,690 [3dd31e9f-fa72-4829-9441-ee2f0f7ab9e4-groupManagement] INFO  server.RaftServerConfigKeys (ConfUtils.java:logGet(46)) - raft.server.threadpool.server.cached = true (default)
2024-08-03 20:04:49,691 [3dd31e9f-fa72-4829-9441-ee2f0f7ab9e4-groupManagement] INFO  server.RaftServerConfigKeys (ConfUtils.java:logGet(46)) - raft.server.threadpool.server.size = 0 (default)
2024-08-03 20:04:49,691 [3dd31e9f-fa72-4829-9441-ee2f0f7ab9e4-groupManagement] INFO  server.RaftServerConfigKeys (ConfUtils.java:logGet(46)) - raft.server.threadpool.client.cached = true (default)
2024-08-03 20:04:49,691 [3dd31e9f-fa72-4829-9441-ee2f0f7ab9e4-groupManagement] INFO  server.RaftServerConfigKeys (ConfUtils.java:logGet(46)) - raft.server.threadpool.client.size = 0 (default)
2024-08-03 20:04:49,691 [3dd31e9f-fa72-4829-9441-ee2f0f7ab9e4-groupManagement] INFO  server.RaftServerConfigKeys (ConfUtils.java:logGet(46)) - raft.server.storage.free-space.min = 0MB (=0) (default)
2024-08-03 20:04:49,691 [3dd31e9f-fa72-4829-9441-ee2f0f7ab9e4-groupManagement] INFO  server.RaftServerConfigKeys (ConfUtils.java:logGet(46)) - raft.server.log.corruption.policy = EXCEPTION (default)
2024-08-03 20:04:49,691 [3dd31e9f-fa72-4829-9441-ee2f0f7ab9e4-groupManagement] INFO  server.RaftServerConfigKeys (ConfUtils.java:logGet(46)) - raft.server.storage.dir = [/home/runner/work/ozone/ozone/hadoop-ozone/integration-test/target/test-dir/MiniOzoneClusterImpl-4c2a292f-c896-477d-a18b-b69de7e7ed64/ozone-meta/datanode-2/ratis] (custom)
2024-08-03 20:04:49,692 [3dd31e9f-fa72-4829-9441-ee2f0f7ab9e4-groupManagement] INFO  storage.RaftStorageDirectory (RaftStorageDirectoryImpl.java:analyzeStorage(138)) - The storage directory /home/runner/work/ozone/ozone/hadoop-ozone/integration-test/target/test-dir/MiniOzoneClusterImpl-4c2a292f-c896-477d-a18b-b69de7e7ed64/ozone-meta/datanode-2/ratis/82329030-2722-47a0-a378-2479445d8b61 does not exist. Creating ...
2024-08-03 20:04:49,690 [ad840c1c-4245-4817-9bba-62272b02ba42-groupManagement] INFO  server.RaftServerConfigKeys (ConfUtils.java:logGet(46)) - raft.server.threadpool.server.cached = true (default)
2024-08-03 20:04:49,693 [ad840c1c-4245-4817-9bba-62272b02ba42-groupManagement] INFO  server.RaftServerConfigKeys (ConfUtils.java:logGet(46)) - raft.server.threadpool.server.size = 0 (default)
2024-08-03 20:04:49,693 [ad840c1c-4245-4817-9bba-62272b02ba42-groupManagement] INFO  server.RaftServerConfigKeys (ConfUtils.java:logGet(46)) - raft.server.threadpool.client.cached = true (default)
2024-08-03 20:04:49,694 [ad840c1c-4245-4817-9bba-62272b02ba42-groupManagement] INFO  server.RaftServerConfigKeys (ConfUtils.java:logGet(46)) - raft.server.threadpool.client.size = 0 (default)
2024-08-03 20:04:49,694 [3dd31e9f-fa72-4829-9441-ee2f0f7ab9e4-groupManagement] INFO  storage.RaftStorageDirectory (RaftStorageDirectoryImpl.java:tryLock(229)) - Lock on /home/runner/work/ozone/ozone/hadoop-ozone/integration-test/target/test-dir/MiniOzoneClusterImpl-4c2a292f-c896-477d-a18b-b69de7e7ed64/ozone-meta/datanode-2/ratis/82329030-2722-47a0-a378-2479445d8b61/in_use.lock acquired by nodename 59896@fv-az976-615
2024-08-03 20:04:49,694 [ad840c1c-4245-4817-9bba-62272b02ba42-groupManagement] INFO  server.RaftServerConfigKeys (ConfUtils.java:logGet(46)) - raft.server.storage.free-space.min = 0MB (=0) (default)
2024-08-03 20:04:49,695 [ad840c1c-4245-4817-9bba-62272b02ba42-groupManagement] INFO  server.RaftServerConfigKeys (ConfUtils.java:logGet(46)) - raft.server.log.corruption.policy = EXCEPTION (default)
2024-08-03 20:04:49,695 [ad840c1c-4245-4817-9bba-62272b02ba42-groupManagement] INFO  server.RaftServerConfigKeys (ConfUtils.java:logGet(46)) - raft.server.storage.dir = [/home/runner/work/ozone/ozone/hadoop-ozone/integration-test/target/test-dir/MiniOzoneClusterImpl-4c2a292f-c896-477d-a18b-b69de7e7ed64/ozone-meta/datanode-3/ratis] (custom)
2024-08-03 20:04:49,695 [ad840c1c-4245-4817-9bba-62272b02ba42-groupManagement] INFO  storage.RaftStorageDirectory (RaftStorageDirectoryImpl.java:analyzeStorage(138)) - The storage directory /home/runner/work/ozone/ozone/hadoop-ozone/integration-test/target/test-dir/MiniOzoneClusterImpl-4c2a292f-c896-477d-a18b-b69de7e7ed64/ozone-meta/datanode-3/ratis/c3067428-c4b1-46eb-945d-29759fb93938 does not exist. Creating ...
2024-08-03 20:04:49,697 [3dd31e9f-fa72-4829-9441-ee2f0f7ab9e4-groupManagement] INFO  storage.RaftStorage (RaftStorageImpl.java:format(98)) - Storage directory /home/runner/work/ozone/ozone/hadoop-ozone/integration-test/target/test-dir/MiniOzoneClusterImpl-4c2a292f-c896-477d-a18b-b69de7e7ed64/ozone-meta/datanode-2/ratis/82329030-2722-47a0-a378-2479445d8b61 has been successfully formatted.
2024-08-03 20:04:49,697 [ad840c1c-4245-4817-9bba-62272b02ba42-groupManagement] INFO  storage.RaftStorageDirectory (RaftStorageDirectoryImpl.java:tryLock(229)) - Lock on /home/runner/work/ozone/ozone/hadoop-ozone/integration-test/target/test-dir/MiniOzoneClusterImpl-4c2a292f-c896-477d-a18b-b69de7e7ed64/ozone-meta/datanode-3/ratis/c3067428-c4b1-46eb-945d-29759fb93938/in_use.lock acquired by nodename 59896@fv-az976-615
2024-08-03 20:04:49,698 [3dd31e9f-fa72-4829-9441-ee2f0f7ab9e4-groupManagement] INFO  ratis.ContainerStateMachine (ContainerStateMachine.java:loadSnapshot(287)) - group-2479445D8B61: The snapshot info is null. Setting the last applied index to:(t:0, i:~)
2024-08-03 20:04:49,698 [3dd31e9f-fa72-4829-9441-ee2f0f7ab9e4-groupManagement] INFO  server.RaftServerConfigKeys (ConfUtils.java:logGet(46)) - raft.server.log.use.memory = false (default)
2024-08-03 20:04:49,699 [3dd31e9f-fa72-4829-9441-ee2f0f7ab9e4-groupManagement] INFO  server.RaftServerConfigKeys (ConfUtils.java:logGet(46)) - raft.server.log.purge.gap = 1000000 (custom)
2024-08-03 20:04:49,699 [3dd31e9f-fa72-4829-9441-ee2f0f7ab9e4-groupManagement] INFO  server.RaftServerConfigKeys (ConfUtils.java:logGet(46)) - raft.server.log.appender.buffer.byte-limit = 8388608 (custom)
2024-08-03 20:04:49,699 [3dd31e9f-fa72-4829-9441-ee2f0f7ab9e4-groupManagement] INFO  server.RaftServerConfigKeys (ConfUtils.java:logGet(46)) - raft.server.log.statemachine.data.read.timeout = 1000ms (default)
2024-08-03 20:04:49,699 [3dd31e9f-fa72-4829-9441-ee2f0f7ab9e4-groupManagement] INFO  server.RaftServerConfigKeys (ConfUtils.java:logGet(46)) - raft.server.log.purge.preservation.log.num = 0 (default)
2024-08-03 20:04:49,700 [ad840c1c-4245-4817-9bba-62272b02ba42-groupManagement] INFO  storage.RaftStorage (RaftStorageImpl.java:format(98)) - Storage directory /home/runner/work/ozone/ozone/hadoop-ozone/integration-test/target/test-dir/MiniOzoneClusterImpl-4c2a292f-c896-477d-a18b-b69de7e7ed64/ozone-meta/datanode-3/ratis/c3067428-c4b1-46eb-945d-29759fb93938 has been successfully formatted.
2024-08-03 20:04:49,701 [ad840c1c-4245-4817-9bba-62272b02ba42-groupManagement] INFO  ratis.ContainerStateMachine (ContainerStateMachine.java:loadSnapshot(287)) - group-29759FB93938: The snapshot info is null. Setting the last applied index to:(t:0, i:~)
2024-08-03 20:04:49,701 [ad840c1c-4245-4817-9bba-62272b02ba42-groupManagement] INFO  server.RaftServerConfigKeys (ConfUtils.java:logGet(46)) - raft.server.log.use.memory = false (default)
2024-08-03 20:04:49,701 [ad840c1c-4245-4817-9bba-62272b02ba42-groupManagement] INFO  server.RaftServerConfigKeys (ConfUtils.java:logGet(46)) - raft.server.log.purge.gap = 1000000 (custom)
2024-08-03 20:04:49,701 [ad840c1c-4245-4817-9bba-62272b02ba42-groupManagement] INFO  server.RaftServerConfigKeys (ConfUtils.java:logGet(46)) - raft.server.log.appender.buffer.byte-limit = 8388608 (custom)
2024-08-03 20:04:49,702 [ad840c1c-4245-4817-9bba-62272b02ba42-groupManagement] INFO  server.RaftServerConfigKeys (ConfUtils.java:logGet(46)) - raft.server.log.statemachine.data.read.timeout = 1000ms (default)
2024-08-03 20:04:49,702 [ad840c1c-4245-4817-9bba-62272b02ba42-groupManagement] INFO  server.RaftServerConfigKeys (ConfUtils.java:logGet(46)) - raft.server.log.purge.preservation.log.num = 0 (default)
2024-08-03 20:04:49,704 [8c6bcd6e-4a2a-41ae-8998-20aaaed1716b@group-B69DE7E7ED64-StateMachineUpdater] INFO  safemode.HealthyPipelineSafeModeRule (HealthyPipelineSafeModeRule.java:initializeRule(172)) - Refreshed total pipeline count is 0, healthy pipeline threshold count is 1
2024-08-03 20:04:49,704 [scmNode-1-EventQueue-PipelineReportForPipelineReportHandler] INFO  pipeline.PipelineReportHandler (PipelineReportHandler.java:processPipelineReport(136)) - Opened pipeline PipelineID=82329030-2722-47a0-a378-2479445d8b61
2024-08-03 20:04:49,704 [scmNode-1-EventQueue-OpenPipelineForHealthyPipelineSafeModeRule] INFO  safemode.SCMSafeModeManager (HealthyPipelineSafeModeRule.java:process(140)) - SCM in safe mode. Healthy pipelines reported count is 0, required healthy pipeline reported count is 1
2024-08-03 20:04:49,706 [ad840c1c-4245-4817-9bba-62272b02ba42-groupManagement] INFO  server.RaftServerConfigKeys (ConfUtils.java:logGet(46)) - raft.server.log.segment.size.max = 67108864 (custom)
2024-08-03 20:04:49,707 [3dd31e9f-fa72-4829-9441-ee2f0f7ab9e4-groupManagement] INFO  server.RaftServerConfigKeys (ConfUtils.java:logGet(46)) - raft.server.log.segment.size.max = 67108864 (custom)
2024-08-03 20:04:49,707 [ad840c1c-4245-4817-9bba-62272b02ba42-groupManagement] INFO  server.RaftServerConfigKeys (ConfUtils.java:logGet(46)) - raft.server.log.segment.cache.num.max = 2 (custom)
2024-08-03 20:04:49,707 [ad840c1c-4245-4817-9bba-62272b02ba42-groupManagement] INFO  server.RaftServerConfigKeys (ConfUtils.java:logGet(46)) - raft.server.log.segment.cache.size.max = 200MB (=209715200) (default)
2024-08-03 20:04:49,707 [ad840c1c-4245-4817-9bba-62272b02ba42-groupManagement] INFO  server.RaftServerConfigKeys (ConfUtils.java:logGet(46)) - raft.server.log.appender.buffer.byte-limit = 8388608 (custom)
2024-08-03 20:04:49,708 [3dd31e9f-fa72-4829-9441-ee2f0f7ab9e4-groupManagement] INFO  server.RaftServerConfigKeys (ConfUtils.java:logGet(46)) - raft.server.log.segment.cache.num.max = 2 (custom)
2024-08-03 20:04:49,708 [3dd31e9f-fa72-4829-9441-ee2f0f7ab9e4-groupManagement] INFO  server.RaftServerConfigKeys (ConfUtils.java:logGet(46)) - raft.server.log.segment.cache.size.max = 200MB (=209715200) (default)
2024-08-03 20:04:49,708 [3dd31e9f-fa72-4829-9441-ee2f0f7ab9e4-groupManagement] INFO  server.RaftServerConfigKeys (ConfUtils.java:logGet(46)) - raft.server.log.appender.buffer.byte-limit = 8388608 (custom)
2024-08-03 20:04:49,709 [ad840c1c-4245-4817-9bba-62272b02ba42-groupManagement] INFO  util.AwaitToRun (AwaitToRun.java:start(81)) - Thread[ad840c1c-4245-4817-9bba-62272b02ba42@group-29759FB93938-cacheEviction-AwaitToRun,5,main] started
2024-08-03 20:04:49,709 [ad840c1c-4245-4817-9bba-62272b02ba42-groupManagement] INFO  segmented.SegmentedRaftLogWorker (SegmentedRaftLogWorker.java:<init>(184)) - new ad840c1c-4245-4817-9bba-62272b02ba42@group-29759FB93938-SegmentedRaftLogWorker for RaftStorageImpl:Storage Directory /home/runner/work/ozone/ozone/hadoop-ozone/integration-test/target/test-dir/MiniOzoneClusterImpl-4c2a292f-c896-477d-a18b-b69de7e7ed64/ozone-meta/datanode-3/ratis/c3067428-c4b1-46eb-945d-29759fb93938
2024-08-03 20:04:49,709 [ad840c1c-4245-4817-9bba-62272b02ba42-groupManagement] INFO  server.RaftServerConfigKeys (ConfUtils.java:logGet(46)) - raft.server.log.queue.byte-limit = 4294967296 (custom)
2024-08-03 20:04:49,709 [ad840c1c-4245-4817-9bba-62272b02ba42-groupManagement] INFO  server.RaftServerConfigKeys (ConfUtils.java:logGet(46)) - raft.server.log.queue.element-limit = 1024 (custom)
2024-08-03 20:04:49,709 [ad840c1c-4245-4817-9bba-62272b02ba42-groupManagement] INFO  server.RaftServerConfigKeys (ConfUtils.java:logGet(46)) - raft.server.log.segment.size.max = 67108864 (custom)
2024-08-03 20:04:49,709 [ad840c1c-4245-4817-9bba-62272b02ba42-groupManagement] INFO  server.RaftServerConfigKeys (ConfUtils.java:logGet(46)) - raft.server.log.preallocated.size = 4194304 (custom)
2024-08-03 20:04:49,709 [ad840c1c-4245-4817-9bba-62272b02ba42-groupManagement] INFO  server.RaftServerConfigKeys (ConfUtils.java:logGet(46)) - raft.server.log.force.sync.num = 128 (default)
2024-08-03 20:04:49,709 [ad840c1c-4245-4817-9bba-62272b02ba42-groupManagement] INFO  server.RaftServerConfigKeys (ConfUtils.java:logGet(46)) - raft.server.log.statemachine.data.sync = true (default)
2024-08-03 20:04:49,709 [ad840c1c-4245-4817-9bba-62272b02ba42-groupManagement] INFO  server.RaftServerConfigKeys (ConfUtils.java:logGet(46)) - raft.server.log.statemachine.data.sync.timeout = 10s (default)
2024-08-03 20:04:49,709 [ad840c1c-4245-4817-9bba-62272b02ba42-groupManagement] INFO  server.RaftServerConfigKeys (ConfUtils.java:logGet(46)) - raft.server.log.statemachine.data.sync.timeout.retry = 30 (custom)
2024-08-03 20:04:49,709 [3dd31e9f-fa72-4829-9441-ee2f0f7ab9e4-groupManagement] INFO  util.AwaitToRun (AwaitToRun.java:start(81)) - Thread[3dd31e9f-fa72-4829-9441-ee2f0f7ab9e4@group-2479445D8B61-cacheEviction-AwaitToRun,5,main] started
2024-08-03 20:04:49,710 [3dd31e9f-fa72-4829-9441-ee2f0f7ab9e4-groupManagement] INFO  segmented.SegmentedRaftLogWorker (SegmentedRaftLogWorker.java:<init>(184)) - new 3dd31e9f-fa72-4829-9441-ee2f0f7ab9e4@group-2479445D8B61-SegmentedRaftLogWorker for RaftStorageImpl:Storage Directory /home/runner/work/ozone/ozone/hadoop-ozone/integration-test/target/test-dir/MiniOzoneClusterImpl-4c2a292f-c896-477d-a18b-b69de7e7ed64/ozone-meta/datanode-2/ratis/82329030-2722-47a0-a378-2479445d8b61
2024-08-03 20:04:49,710 [3dd31e9f-fa72-4829-9441-ee2f0f7ab9e4-groupManagement] INFO  server.RaftServerConfigKeys (ConfUtils.java:logGet(46)) - raft.server.log.queue.byte-limit = 4294967296 (custom)
2024-08-03 20:04:49,710 [3dd31e9f-fa72-4829-9441-ee2f0f7ab9e4-groupManagement] INFO  server.RaftServerConfigKeys (ConfUtils.java:logGet(46)) - raft.server.log.queue.element-limit = 1024 (custom)
2024-08-03 20:04:49,710 [3dd31e9f-fa72-4829-9441-ee2f0f7ab9e4-groupManagement] INFO  server.RaftServerConfigKeys (ConfUtils.java:logGet(46)) - raft.server.log.segment.size.max = 67108864 (custom)
2024-08-03 20:04:49,710 [3dd31e9f-fa72-4829-9441-ee2f0f7ab9e4-groupManagement] INFO  server.RaftServerConfigKeys (ConfUtils.java:logGet(46)) - raft.server.log.preallocated.size = 4194304 (custom)
2024-08-03 20:04:49,710 [3dd31e9f-fa72-4829-9441-ee2f0f7ab9e4-groupManagement] INFO  server.RaftServerConfigKeys (ConfUtils.java:logGet(46)) - raft.server.log.force.sync.num = 128 (default)
2024-08-03 20:04:49,711 [3dd31e9f-fa72-4829-9441-ee2f0f7ab9e4-groupManagement] INFO  server.RaftServerConfigKeys (ConfUtils.java:logGet(46)) - raft.server.log.statemachine.data.sync = true (default)
2024-08-03 20:04:49,711 [3dd31e9f-fa72-4829-9441-ee2f0f7ab9e4-groupManagement] INFO  server.RaftServerConfigKeys (ConfUtils.java:logGet(46)) - raft.server.log.statemachine.data.sync.timeout = 10s (default)
2024-08-03 20:04:49,711 [3dd31e9f-fa72-4829-9441-ee2f0f7ab9e4-groupManagement] INFO  server.RaftServerConfigKeys (ConfUtils.java:logGet(46)) - raft.server.log.statemachine.data.sync.timeout.retry = 30 (custom)
2024-08-03 20:04:49,711 [3dd31e9f-fa72-4829-9441-ee2f0f7ab9e4-groupManagement] INFO  server.RaftServerConfigKeys (ConfUtils.java:logGet(46)) - raft.server.log.write.buffer.size = 8388616 (custom)
2024-08-03 20:04:49,710 [ad840c1c-4245-4817-9bba-62272b02ba42-groupManagement] INFO  server.RaftServerConfigKeys (ConfUtils.java:logGet(46)) - raft.server.log.write.buffer.size = 8388616 (custom)
2024-08-03 20:04:49,714 [3dd31e9f-fa72-4829-9441-ee2f0f7ab9e4-groupManagement] INFO  server.RaftServerConfigKeys (ConfUtils.java:logGet(46)) - raft.server.log.appender.buffer.byte-limit = 8388608 (custom)
2024-08-03 20:04:49,714 [3dd31e9f-fa72-4829-9441-ee2f0f7ab9e4-groupManagement] INFO  server.RaftServerConfigKeys (ConfUtils.java:logGet(46)) - raft.server.log.unsafe-flush.enabled = false (default)
2024-08-03 20:04:49,714 [3dd31e9f-fa72-4829-9441-ee2f0f7ab9e4-groupManagement] INFO  server.RaftServerConfigKeys (ConfUtils.java:logGet(46)) - raft.server.log.async-flush.enabled = false (default)
2024-08-03 20:04:49,715 [3dd31e9f-fa72-4829-9441-ee2f0f7ab9e4-groupManagement] INFO  server.RaftServerConfigKeys (ConfUtils.java:logGet(46)) - raft.server.log.statemachine.data.caching.enabled = true (custom)
2024-08-03 20:04:49,715 [3dd31e9f-fa72-4829-9441-ee2f0f7ab9e4-groupManagement] INFO  segmented.SegmentedRaftLogWorker (SegmentedRaftLogWorker.java:lambda$new$0(135)) - 3dd31e9f-fa72-4829-9441-ee2f0f7ab9e4@group-2479445D8B61-SegmentedRaftLogWorker: flushIndex: setUnconditionally 0 -> -1
2024-08-03 20:04:49,715 [ad840c1c-4245-4817-9bba-62272b02ba42-groupManagement] INFO  server.RaftServerConfigKeys (ConfUtils.java:logGet(46)) - raft.server.log.appender.buffer.byte-limit = 8388608 (custom)
2024-08-03 20:04:49,715 [3dd31e9f-fa72-4829-9441-ee2f0f7ab9e4-groupManagement] INFO  segmented.SegmentedRaftLogWorker (SegmentedRaftLogWorker.java:lambda$new$0(135)) - 3dd31e9f-fa72-4829-9441-ee2f0f7ab9e4@group-2479445D8B61-SegmentedRaftLogWorker: safeCacheEvictIndex: setUnconditionally 0 -> -1
2024-08-03 20:04:49,715 [ad840c1c-4245-4817-9bba-62272b02ba42-groupManagement] INFO  server.RaftServerConfigKeys (ConfUtils.java:logGet(46)) - raft.server.log.unsafe-flush.enabled = false (default)
2024-08-03 20:04:49,715 [ad840c1c-4245-4817-9bba-62272b02ba42-groupManagement] INFO  server.RaftServerConfigKeys (ConfUtils.java:logGet(46)) - raft.server.log.async-flush.enabled = false (default)
2024-08-03 20:04:49,716 [3dd31e9f-fa72-4829-9441-ee2f0f7ab9e4-groupManagement] INFO  server.RaftServer$Division (RaftServerImpl.java:start(389)) - 3dd31e9f-fa72-4829-9441-ee2f0f7ab9e4@group-2479445D8B61: start as a follower, conf=conf: {index: -1, cur=peers:[3dd31e9f-fa72-4829-9441-ee2f0f7ab9e4|127.0.0.1:15039]|listeners:[], old=null}
2024-08-03 20:04:49,716 [3dd31e9f-fa72-4829-9441-ee2f0f7ab9e4-groupManagement] INFO  server.RaftServer$Division (RaftServerImpl.java:setRole(376)) - 3dd31e9f-fa72-4829-9441-ee2f0f7ab9e4@group-2479445D8B61: changes role from      null to FOLLOWER at term 0 for startAsFollower
2024-08-03 20:04:49,716 [3dd31e9f-fa72-4829-9441-ee2f0f7ab9e4-groupManagement] INFO  impl.RoleInfo (RoleInfo.java:updateAndGet(148)) - 3dd31e9f-fa72-4829-9441-ee2f0f7ab9e4: start 3dd31e9f-fa72-4829-9441-ee2f0f7ab9e4@group-2479445D8B61-FollowerState
2024-08-03 20:04:49,716 [ad840c1c-4245-4817-9bba-62272b02ba42-groupManagement] INFO  server.RaftServerConfigKeys (ConfUtils.java:logGet(46)) - raft.server.log.statemachine.data.caching.enabled = true (custom)
2024-08-03 20:04:49,716 [ad840c1c-4245-4817-9bba-62272b02ba42-groupManagement] INFO  segmented.SegmentedRaftLogWorker (SegmentedRaftLogWorker.java:lambda$new$0(135)) - ad840c1c-4245-4817-9bba-62272b02ba42@group-29759FB93938-SegmentedRaftLogWorker: flushIndex: setUnconditionally 0 -> -1
2024-08-03 20:04:49,716 [ad840c1c-4245-4817-9bba-62272b02ba42-groupManagement] INFO  segmented.SegmentedRaftLogWorker (SegmentedRaftLogWorker.java:lambda$new$0(135)) - ad840c1c-4245-4817-9bba-62272b02ba42@group-29759FB93938-SegmentedRaftLogWorker: safeCacheEvictIndex: setUnconditionally 0 -> -1
2024-08-03 20:04:49,716 [3dd31e9f-fa72-4829-9441-ee2f0f7ab9e4@group-2479445D8B61-FollowerState] INFO  server.RaftServerConfigKeys (ConfUtils.java:logFallback(53)) - raft.server.rpc.first-election.timeout.min = 5s (fallback to raft.server.rpc.timeout.min)
2024-08-03 20:04:49,716 [3dd31e9f-fa72-4829-9441-ee2f0f7ab9e4-groupManagement] INFO  util.JmxRegister (JmxRegister.java:tryRegister(44)) - Successfully registered JMX Bean with object name Ratis:service=RaftServer,group=group-2479445D8B61,id=3dd31e9f-fa72-4829-9441-ee2f0f7ab9e4
2024-08-03 20:04:49,717 [3dd31e9f-fa72-4829-9441-ee2f0f7ab9e4-groupManagement] INFO  util.JmxRegister (JmxRegister.java:register(58)) - register mxBean class org.apache.ratis.server.impl.RaftServerJmxAdapter as Ratis:service=RaftServer,group=group-2479445D8B61,id=3dd31e9f-fa72-4829-9441-ee2f0f7ab9e4
2024-08-03 20:04:49,717 [3dd31e9f-fa72-4829-9441-ee2f0f7ab9e4-groupManagement] INFO  server.RaftServerConfigKeys (ConfUtils.java:logGet(46)) - raft.server.snapshot.trigger-when-stop.enabled = true (default)
2024-08-03 20:04:49,717 [3dd31e9f-fa72-4829-9441-ee2f0f7ab9e4-groupManagement] INFO  server.RaftServerConfigKeys (ConfUtils.java:logGet(46)) - raft.server.snapshot.trigger-when-remove.enabled = true (default)
2024-08-03 20:04:49,717 [3dd31e9f-fa72-4829-9441-ee2f0f7ab9e4-groupManagement] INFO  server.RaftServerConfigKeys (ConfUtils.java:logGet(46)) - raft.server.snapshot.auto.trigger.enabled = true (custom)
2024-08-03 20:04:49,717 [3dd31e9f-fa72-4829-9441-ee2f0f7ab9e4-groupManagement] INFO  server.RaftServerConfigKeys (ConfUtils.java:logGet(46)) - raft.server.snapshot.auto.trigger.threshold = 10000 (custom)
2024-08-03 20:04:49,717 [3dd31e9f-fa72-4829-9441-ee2f0f7ab9e4-groupManagement] INFO  server.RaftServerConfigKeys (ConfUtils.java:logGet(46)) - raft.server.snapshot.retention.file.num = 5 (custom)
2024-08-03 20:04:49,717 [3dd31e9f-fa72-4829-9441-ee2f0f7ab9e4-groupManagement] INFO  server.RaftServerConfigKeys (ConfUtils.java:logGet(46)) - raft.server.log.purge.upto.snapshot.index = false (default)
2024-08-03 20:04:49,717 [3dd31e9f-fa72-4829-9441-ee2f0f7ab9e4@group-2479445D8B61-FollowerState] INFO  server.RaftServerConfigKeys (ConfUtils.java:logFallback(53)) - raft.server.rpc.first-election.timeout.max = 5200ms (fallback to raft.server.rpc.timeout.max)
2024-08-03 20:04:49,719 [ad840c1c-4245-4817-9bba-62272b02ba42-groupManagement] INFO  server.RaftServer$Division (RaftServerImpl.java:start(389)) - ad840c1c-4245-4817-9bba-62272b02ba42@group-29759FB93938: start as a follower, conf=conf: {index: -1, cur=peers:[23b8e6c4-9ef5-4db8-98cf-56f7581f9eb2|127.0.0.1:15030, 3dd31e9f-fa72-4829-9441-ee2f0f7ab9e4|127.0.0.1:15039, ad840c1c-4245-4817-9bba-62272b02ba42|127.0.0.1:15048]|listeners:[], old=null}
2024-08-03 20:04:49,720 [ad840c1c-4245-4817-9bba-62272b02ba42-groupManagement] INFO  server.RaftServer$Division (RaftServerImpl.java:setRole(376)) - ad840c1c-4245-4817-9bba-62272b02ba42@group-29759FB93938: changes role from      null to FOLLOWER at term 0 for startAsFollower
2024-08-03 20:04:49,720 [ad840c1c-4245-4817-9bba-62272b02ba42-groupManagement] INFO  impl.RoleInfo (RoleInfo.java:updateAndGet(148)) - ad840c1c-4245-4817-9bba-62272b02ba42: start ad840c1c-4245-4817-9bba-62272b02ba42@group-29759FB93938-FollowerState
2024-08-03 20:04:49,720 [ad840c1c-4245-4817-9bba-62272b02ba42-groupManagement] INFO  util.JmxRegister (JmxRegister.java:tryRegister(44)) - Successfully registered JMX Bean with object name Ratis:service=RaftServer,group=group-29759FB93938,id=ad840c1c-4245-4817-9bba-62272b02ba42
2024-08-03 20:04:49,720 [ad840c1c-4245-4817-9bba-62272b02ba42@group-29759FB93938-FollowerState] INFO  server.RaftServerConfigKeys (ConfUtils.java:logFallback(53)) - raft.server.rpc.first-election.timeout.min = 5s (fallback to raft.server.rpc.timeout.min)
2024-08-03 20:04:49,720 [ad840c1c-4245-4817-9bba-62272b02ba42@group-29759FB93938-FollowerState] INFO  server.RaftServerConfigKeys (ConfUtils.java:logFallback(53)) - raft.server.rpc.first-election.timeout.max = 5200ms (fallback to raft.server.rpc.timeout.max)
2024-08-03 20:04:49,720 [ad840c1c-4245-4817-9bba-62272b02ba42-groupManagement] INFO  util.JmxRegister (JmxRegister.java:register(58)) - register mxBean class org.apache.ratis.server.impl.RaftServerJmxAdapter as Ratis:service=RaftServer,group=group-29759FB93938,id=ad840c1c-4245-4817-9bba-62272b02ba42
2024-08-03 20:04:49,721 [ad840c1c-4245-4817-9bba-62272b02ba42-groupManagement] INFO  server.RaftServerConfigKeys (ConfUtils.java:logGet(46)) - raft.server.snapshot.trigger-when-stop.enabled = true (default)
2024-08-03 20:04:49,721 [ad840c1c-4245-4817-9bba-62272b02ba42-groupManagement] INFO  server.RaftServerConfigKeys (ConfUtils.java:logGet(46)) - raft.server.snapshot.trigger-when-remove.enabled = true (default)
2024-08-03 20:04:49,721 [ad840c1c-4245-4817-9bba-62272b02ba42-groupManagement] INFO  server.RaftServerConfigKeys (ConfUtils.java:logGet(46)) - raft.server.snapshot.auto.trigger.enabled = true (custom)
2024-08-03 20:04:49,721 [ad840c1c-4245-4817-9bba-62272b02ba42-groupManagement] INFO  server.RaftServerConfigKeys (ConfUtils.java:logGet(46)) - raft.server.snapshot.auto.trigger.threshold = 10000 (custom)
2024-08-03 20:04:49,721 [ad840c1c-4245-4817-9bba-62272b02ba42-groupManagement] INFO  server.RaftServerConfigKeys (ConfUtils.java:logGet(46)) - raft.server.snapshot.retention.file.num = 5 (custom)
2024-08-03 20:04:49,722 [ad840c1c-4245-4817-9bba-62272b02ba42-groupManagement] INFO  server.RaftServerConfigKeys (ConfUtils.java:logGet(46)) - raft.server.log.purge.upto.snapshot.index = false (default)
2024-08-03 20:04:49,722 [3dd31e9f-fa72-4829-9441-ee2f0f7ab9e4-PipelineCommandHandlerThread-0] INFO  ratis.XceiverServerRatis (XceiverServerRatis.java:addGroup(846)) - Created group PipelineID=82329030-2722-47a0-a378-2479445d8b61
2024-08-03 20:04:49,722 [3dd31e9f-fa72-4829-9441-ee2f0f7ab9e4-PipelineCommandHandlerThread-0] INFO  commandhandler.CreatePipelineCommandHandler (CreatePipelineCommandHandler.java:lambda$handle$2(124)) - Created Pipeline RATIS ONE PipelineID=82329030-2722-47a0-a378-2479445d8b61.
2024-08-03 20:04:49,729 [23b8e6c4-9ef5-4db8-98cf-56f7581f9eb2-PipelineCommandHandlerThread-0] INFO  commandhandler.CreatePipelineCommandHandler (CreatePipelineCommandHandler.java:lambda$handle$2(124)) - Created Pipeline RATIS THREE PipelineID=c3067428-c4b1-46eb-945d-29759fb93938.
2024-08-03 20:04:49,955 [ad840c1c-4245-4817-9bba-62272b02ba42-PipelineCommandHandlerThread-0] INFO  server.RaftServer (RaftServerProxy.java:addNew(101)) - ad840c1c-4245-4817-9bba-62272b02ba42: addNew group-ED67C9AFABEB:[ad840c1c-4245-4817-9bba-62272b02ba42|127.0.0.1:15048] returns group-ED67C9AFABEB:java.util.concurrent.CompletableFuture@50fdba89[Not completed]
2024-08-03 20:04:49,956 [ad840c1c-4245-4817-9bba-62272b02ba42-groupManagement] INFO  server.RaftServer$Division (RaftServerImpl.java:<init>(253)) - ad840c1c-4245-4817-9bba-62272b02ba42: new RaftServerImpl for group-ED67C9AFABEB:[ad840c1c-4245-4817-9bba-62272b02ba42|127.0.0.1:15048] with ContainerStateMachine:uninitialized
2024-08-03 20:04:49,956 [ad840c1c-4245-4817-9bba-62272b02ba42-groupManagement] INFO  server.RaftServerConfigKeys (ConfUtils.java:logGet(46)) - raft.server.rpc.timeout.min = 5s (custom)
2024-08-03 20:04:49,956 [ad840c1c-4245-4817-9bba-62272b02ba42-groupManagement] INFO  server.RaftServerConfigKeys (ConfUtils.java:logGet(46)) - raft.server.rpc.timeout.max = 5200ms (custom)
2024-08-03 20:04:49,956 [ad840c1c-4245-4817-9bba-62272b02ba42-groupManagement] INFO  server.RaftServerConfigKeys (ConfUtils.java:logGet(46)) - raft.server.rpc.sleep.time = 25ms (default)
2024-08-03 20:04:49,956 [ad840c1c-4245-4817-9bba-62272b02ba42-groupManagement] INFO  server.RaftServerConfigKeys (ConfUtils.java:logGet(46)) - raft.server.rpc.slowness.timeout = 300s (custom)
2024-08-03 20:04:49,957 [ad840c1c-4245-4817-9bba-62272b02ba42-groupManagement] INFO  server.RaftServerConfigKeys (ConfUtils.java:logGet(46)) - raft.server.leaderelection.leader.step-down.wait-time = 10s (default)
2024-08-03 20:04:49,957 [ad840c1c-4245-4817-9bba-62272b02ba42-groupManagement] INFO  server.RaftServerConfigKeys (ConfUtils.java:logGet(46)) - raft.server.leaderelection.member.majority-add = false (default)
2024-08-03 20:04:49,957 [ad840c1c-4245-4817-9bba-62272b02ba42-groupManagement] INFO  server.RaftServerConfigKeys (ConfUtils.java:logGet(46)) - raft.server.sleep.deviation.threshold = 300ms (default)
2024-08-03 20:04:49,957 [ad840c1c-4245-4817-9bba-62272b02ba42-groupManagement] INFO  server.RaftServer$Division (ServerState.java:<init>(114)) - ad840c1c-4245-4817-9bba-62272b02ba42@group-ED67C9AFABEB: ConfigurationManager, init=conf: {index: -1, cur=peers:[ad840c1c-4245-4817-9bba-62272b02ba42|127.0.0.1:15048]|listeners:[], old=null}, confs=<EMPTY_MAP>
2024-08-03 20:04:49,957 [ad840c1c-4245-4817-9bba-62272b02ba42-groupManagement] INFO  server.RaftServerConfigKeys (ConfUtils.java:logGet(46)) - raft.server.notification.no-leader.timeout = 300s (custom)
2024-08-03 20:04:49,957 [ad840c1c-4245-4817-9bba-62272b02ba42-groupManagement] INFO  server.RaftServerConfigKeys (ConfUtils.java:logGet(46)) - raft.server.read.timeout = 10s (default)
2024-08-03 20:04:49,957 [ad840c1c-4245-4817-9bba-62272b02ba42-groupManagement] INFO  server.RaftServerConfigKeys (ConfUtils.java:logGet(46)) - raft.server.retrycache.expirytime = 600000ms (custom)
2024-08-03 20:04:49,957 [ad840c1c-4245-4817-9bba-62272b02ba42-groupManagement] INFO  server.RaftServerConfigKeys (ConfUtils.java:logGet(46)) - raft.server.retrycache.statistics.expirytime = 100ms (default)
2024-08-03 20:04:49,957 [ad840c1c-4245-4817-9bba-62272b02ba42-groupManagement] INFO  server.RaftServerConfigKeys (ConfUtils.java:logGet(46)) - raft.server.read.option = DEFAULT (default)
2024-08-03 20:04:49,957 [ad840c1c-4245-4817-9bba-62272b02ba42-groupManagement] INFO  server.RaftServerConfigKeys (ConfUtils.java:logGet(46)) - raft.server.read.read-after-write-consistent.write-index-cache.expiry-time = 60s (default)
2024-08-03 20:04:49,960 [main] INFO  ozone.MiniOzoneClusterImpl (MiniOzoneClusterImpl.java:lambda$waitForClusterToBeReady$0(194)) - Nodes are ready. Got 3 of 3 DN Heartbeats.
2024-08-03 20:04:49,960 [main] INFO  ozone.MiniOzoneClusterImpl (MiniOzoneClusterImpl.java:lambda$waitForClusterToBeReady$0(197)) - Waiting for cluster to exit safe mode
2024-08-03 20:04:49,960 [main] INFO  ozone.MiniOzoneClusterImpl (MiniOzoneClusterImpl.java:lambda$waitForClusterToBeReady$0(199)) - SCM became leader
2024-08-03 20:04:49,962 [ad840c1c-4245-4817-9bba-62272b02ba42-groupManagement] INFO  server.RaftServerConfigKeys (ConfUtils.java:logGet(46)) - raft.server.rpc.request.timeout = 60s (custom)
2024-08-03 20:04:49,962 [ad840c1c-4245-4817-9bba-62272b02ba42-groupManagement] INFO  server.RaftServerConfigKeys (ConfUtils.java:logGet(46)) - raft.server.log.appender.install.snapshot.enabled = false (custom)
2024-08-03 20:04:49,962 [ad840c1c-4245-4817-9bba-62272b02ba42-groupManagement] INFO  server.RaftServerConfigKeys (ConfUtils.java:logGet(46)) - raft.server.threadpool.server.cached = true (default)
2024-08-03 20:04:49,962 [ad840c1c-4245-4817-9bba-62272b02ba42-groupManagement] INFO  server.RaftServerConfigKeys (ConfUtils.java:logGet(46)) - raft.server.threadpool.server.size = 0 (default)
2024-08-03 20:04:49,963 [ad840c1c-4245-4817-9bba-62272b02ba42-groupManagement] INFO  server.RaftServerConfigKeys (ConfUtils.java:logGet(46)) - raft.server.threadpool.client.cached = true (default)
2024-08-03 20:04:49,963 [ad840c1c-4245-4817-9bba-62272b02ba42-groupManagement] INFO  server.RaftServerConfigKeys (ConfUtils.java:logGet(46)) - raft.server.threadpool.client.size = 0 (default)
2024-08-03 20:04:49,963 [ad840c1c-4245-4817-9bba-62272b02ba42-groupManagement] INFO  server.RaftServerConfigKeys (ConfUtils.java:logGet(46)) - raft.server.storage.free-space.min = 0MB (=0) (default)
2024-08-03 20:04:49,963 [ad840c1c-4245-4817-9bba-62272b02ba42-groupManagement] INFO  server.RaftServerConfigKeys (ConfUtils.java:logGet(46)) - raft.server.log.corruption.policy = EXCEPTION (default)
2024-08-03 20:04:49,963 [ad840c1c-4245-4817-9bba-62272b02ba42-groupManagement] INFO  server.RaftServerConfigKeys (ConfUtils.java:logGet(46)) - raft.server.storage.dir = [/home/runner/work/ozone/ozone/hadoop-ozone/integration-test/target/test-dir/MiniOzoneClusterImpl-4c2a292f-c896-477d-a18b-b69de7e7ed64/ozone-meta/datanode-3/ratis] (custom)
2024-08-03 20:04:49,964 [ad840c1c-4245-4817-9bba-62272b02ba42-groupManagement] INFO  storage.RaftStorageDirectory (RaftStorageDirectoryImpl.java:analyzeStorage(138)) - The storage directory /home/runner/work/ozone/ozone/hadoop-ozone/integration-test/target/test-dir/MiniOzoneClusterImpl-4c2a292f-c896-477d-a18b-b69de7e7ed64/ozone-meta/datanode-3/ratis/e80fae2f-6558-41a4-9125-ed67c9afabeb does not exist. Creating ...
2024-08-03 20:04:49,965 [ad840c1c-4245-4817-9bba-62272b02ba42-groupManagement] INFO  storage.RaftStorageDirectory (RaftStorageDirectoryImpl.java:tryLock(229)) - Lock on /home/runner/work/ozone/ozone/hadoop-ozone/integration-test/target/test-dir/MiniOzoneClusterImpl-4c2a292f-c896-477d-a18b-b69de7e7ed64/ozone-meta/datanode-3/ratis/e80fae2f-6558-41a4-9125-ed67c9afabeb/in_use.lock acquired by nodename 59896@fv-az976-615
2024-08-03 20:04:49,966 [ad840c1c-4245-4817-9bba-62272b02ba42-groupManagement] INFO  storage.RaftStorage (RaftStorageImpl.java:format(98)) - Storage directory /home/runner/work/ozone/ozone/hadoop-ozone/integration-test/target/test-dir/MiniOzoneClusterImpl-4c2a292f-c896-477d-a18b-b69de7e7ed64/ozone-meta/datanode-3/ratis/e80fae2f-6558-41a4-9125-ed67c9afabeb has been successfully formatted.
2024-08-03 20:04:49,967 [ad840c1c-4245-4817-9bba-62272b02ba42-groupManagement] INFO  ratis.ContainerStateMachine (ContainerStateMachine.java:loadSnapshot(287)) - group-ED67C9AFABEB: The snapshot info is null. Setting the last applied index to:(t:0, i:~)
2024-08-03 20:04:49,967 [ad840c1c-4245-4817-9bba-62272b02ba42-groupManagement] INFO  server.RaftServerConfigKeys (ConfUtils.java:logGet(46)) - raft.server.log.use.memory = false (default)
2024-08-03 20:04:49,968 [ad840c1c-4245-4817-9bba-62272b02ba42-groupManagement] INFO  server.RaftServerConfigKeys (ConfUtils.java:logGet(46)) - raft.server.log.purge.gap = 1000000 (custom)
2024-08-03 20:04:49,968 [ad840c1c-4245-4817-9bba-62272b02ba42-groupManagement] INFO  server.RaftServerConfigKeys (ConfUtils.java:logGet(46)) - raft.server.log.appender.buffer.byte-limit = 8388608 (custom)
2024-08-03 20:04:49,969 [ad840c1c-4245-4817-9bba-62272b02ba42-groupManagement] INFO  server.RaftServerConfigKeys (ConfUtils.java:logGet(46)) - raft.server.log.statemachine.data.read.timeout = 1000ms (default)
2024-08-03 20:04:49,969 [ad840c1c-4245-4817-9bba-62272b02ba42-groupManagement] INFO  server.RaftServerConfigKeys (ConfUtils.java:logGet(46)) - raft.server.log.purge.preservation.log.num = 0 (default)
2024-08-03 20:04:49,971 [ad840c1c-4245-4817-9bba-62272b02ba42-groupManagement] INFO  server.RaftServerConfigKeys (ConfUtils.java:logGet(46)) - raft.server.log.segment.size.max = 67108864 (custom)
2024-08-03 20:04:49,972 [ad840c1c-4245-4817-9bba-62272b02ba42-groupManagement] INFO  server.RaftServerConfigKeys (ConfUtils.java:logGet(46)) - raft.server.log.segment.cache.num.max = 2 (custom)
2024-08-03 20:04:49,972 [8c6bcd6e-4a2a-41ae-8998-20aaaed1716b@group-B69DE7E7ED64-StateMachineUpdater] INFO  safemode.HealthyPipelineSafeModeRule (HealthyPipelineSafeModeRule.java:initializeRule(172)) - Refreshed total pipeline count is 0, healthy pipeline threshold count is 1
2024-08-03 20:04:49,972 [ad840c1c-4245-4817-9bba-62272b02ba42-groupManagement] INFO  server.RaftServerConfigKeys (ConfUtils.java:logGet(46)) - raft.server.log.segment.cache.size.max = 200MB (=209715200) (default)
2024-08-03 20:04:49,973 [ad840c1c-4245-4817-9bba-62272b02ba42-groupManagement] INFO  server.RaftServerConfigKeys (ConfUtils.java:logGet(46)) - raft.server.log.appender.buffer.byte-limit = 8388608 (custom)
2024-08-03 20:04:49,973 [scmNode-1-EventQueue-PipelineReportForPipelineReportHandler] INFO  pipeline.PipelineReportHandler (PipelineReportHandler.java:processPipelineReport(136)) - Opened pipeline PipelineID=e80fae2f-6558-41a4-9125-ed67c9afabeb
2024-08-03 20:04:49,973 [scmNode-1-EventQueue-OpenPipelineForHealthyPipelineSafeModeRule] INFO  safemode.SCMSafeModeManager (HealthyPipelineSafeModeRule.java:process(140)) - SCM in safe mode. Healthy pipelines reported count is 0, required healthy pipeline reported count is 1
2024-08-03 20:04:49,973 [ad840c1c-4245-4817-9bba-62272b02ba42-groupManagement] INFO  util.AwaitToRun (AwaitToRun.java:start(81)) - Thread[ad840c1c-4245-4817-9bba-62272b02ba42@group-ED67C9AFABEB-cacheEviction-AwaitToRun,5,main] started
2024-08-03 20:04:49,973 [ad840c1c-4245-4817-9bba-62272b02ba42-groupManagement] INFO  segmented.SegmentedRaftLogWorker (SegmentedRaftLogWorker.java:<init>(184)) - new ad840c1c-4245-4817-9bba-62272b02ba42@group-ED67C9AFABEB-SegmentedRaftLogWorker for RaftStorageImpl:Storage Directory /home/runner/work/ozone/ozone/hadoop-ozone/integration-test/target/test-dir/MiniOzoneClusterImpl-4c2a292f-c896-477d-a18b-b69de7e7ed64/ozone-meta/datanode-3/ratis/e80fae2f-6558-41a4-9125-ed67c9afabeb
2024-08-03 20:04:49,973 [ad840c1c-4245-4817-9bba-62272b02ba42-groupManagement] INFO  server.RaftServerConfigKeys (ConfUtils.java:logGet(46)) - raft.server.log.queue.byte-limit = 4294967296 (custom)
2024-08-03 20:04:49,973 [ad840c1c-4245-4817-9bba-62272b02ba42-groupManagement] INFO  server.RaftServerConfigKeys (ConfUtils.java:logGet(46)) - raft.server.log.queue.element-limit = 1024 (custom)
2024-08-03 20:04:49,973 [ad840c1c-4245-4817-9bba-62272b02ba42-groupManagement] INFO  server.RaftServerConfigKeys (ConfUtils.java:logGet(46)) - raft.server.log.segment.size.max = 67108864 (custom)
2024-08-03 20:04:49,973 [ad840c1c-4245-4817-9bba-62272b02ba42-groupManagement] INFO  server.RaftServerConfigKeys (ConfUtils.java:logGet(46)) - raft.server.log.preallocated.size = 4194304 (custom)
2024-08-03 20:04:49,973 [ad840c1c-4245-4817-9bba-62272b02ba42-groupManagement] INFO  server.RaftServerConfigKeys (ConfUtils.java:logGet(46)) - raft.server.log.force.sync.num = 128 (default)
2024-08-03 20:04:49,973 [ad840c1c-4245-4817-9bba-62272b02ba42-groupManagement] INFO  server.RaftServerConfigKeys (ConfUtils.java:logGet(46)) - raft.server.log.statemachine.data.sync = true (default)
2024-08-03 20:04:49,973 [ad840c1c-4245-4817-9bba-62272b02ba42-groupManagement] INFO  server.RaftServerConfigKeys (ConfUtils.java:logGet(46)) - raft.server.log.statemachine.data.sync.timeout = 10s (default)
2024-08-03 20:04:49,974 [ad840c1c-4245-4817-9bba-62272b02ba42-groupManagement] INFO  server.RaftServerConfigKeys (ConfUtils.java:logGet(46)) - raft.server.log.statemachine.data.sync.timeout.retry = 30 (custom)
2024-08-03 20:04:49,974 [ad840c1c-4245-4817-9bba-62272b02ba42-groupManagement] INFO  server.RaftServerConfigKeys (ConfUtils.java:logGet(46)) - raft.server.log.write.buffer.size = 8388616 (custom)
2024-08-03 20:04:49,976 [ad840c1c-4245-4817-9bba-62272b02ba42-groupManagement] INFO  server.RaftServerConfigKeys (ConfUtils.java:logGet(46)) - raft.server.log.appender.buffer.byte-limit = 8388608 (custom)
2024-08-03 20:04:49,976 [ad840c1c-4245-4817-9bba-62272b02ba42-groupManagement] INFO  server.RaftServerConfigKeys (ConfUtils.java:logGet(46)) - raft.server.log.unsafe-flush.enabled = false (default)
2024-08-03 20:04:49,976 [ad840c1c-4245-4817-9bba-62272b02ba42-groupManagement] INFO  server.RaftServerConfigKeys (ConfUtils.java:logGet(46)) - raft.server.log.async-flush.enabled = false (default)
2024-08-03 20:04:49,976 [ad840c1c-4245-4817-9bba-62272b02ba42-groupManagement] INFO  server.RaftServerConfigKeys (ConfUtils.java:logGet(46)) - raft.server.log.statemachine.data.caching.enabled = true (custom)
2024-08-03 20:04:49,976 [ad840c1c-4245-4817-9bba-62272b02ba42-groupManagement] INFO  segmented.SegmentedRaftLogWorker (SegmentedRaftLogWorker.java:lambda$new$0(135)) - ad840c1c-4245-4817-9bba-62272b02ba42@group-ED67C9AFABEB-SegmentedRaftLogWorker: flushIndex: setUnconditionally 0 -> -1
2024-08-03 20:04:49,976 [ad840c1c-4245-4817-9bba-62272b02ba42-groupManagement] INFO  segmented.SegmentedRaftLogWorker (SegmentedRaftLogWorker.java:lambda$new$0(135)) - ad840c1c-4245-4817-9bba-62272b02ba42@group-ED67C9AFABEB-SegmentedRaftLogWorker: safeCacheEvictIndex: setUnconditionally 0 -> -1
2024-08-03 20:04:49,977 [ad840c1c-4245-4817-9bba-62272b02ba42-groupManagement] INFO  server.RaftServer$Division (RaftServerImpl.java:start(389)) - ad840c1c-4245-4817-9bba-62272b02ba42@group-ED67C9AFABEB: start as a follower, conf=conf: {index: -1, cur=peers:[ad840c1c-4245-4817-9bba-62272b02ba42|127.0.0.1:15048]|listeners:[], old=null}
2024-08-03 20:04:49,977 [ad840c1c-4245-4817-9bba-62272b02ba42-groupManagement] INFO  server.RaftServer$Division (RaftServerImpl.java:setRole(376)) - ad840c1c-4245-4817-9bba-62272b02ba42@group-ED67C9AFABEB: changes role from      null to FOLLOWER at term 0 for startAsFollower
2024-08-03 20:04:49,977 [ad840c1c-4245-4817-9bba-62272b02ba42-groupManagement] INFO  impl.RoleInfo (RoleInfo.java:updateAndGet(148)) - ad840c1c-4245-4817-9bba-62272b02ba42: start ad840c1c-4245-4817-9bba-62272b02ba42@group-ED67C9AFABEB-FollowerState
2024-08-03 20:04:49,977 [ad840c1c-4245-4817-9bba-62272b02ba42@group-ED67C9AFABEB-FollowerState] INFO  server.RaftServerConfigKeys (ConfUtils.java:logFallback(53)) - raft.server.rpc.first-election.timeout.min = 5s (fallback to raft.server.rpc.timeout.min)
2024-08-03 20:04:49,977 [ad840c1c-4245-4817-9bba-62272b02ba42-groupManagement] INFO  util.JmxRegister (JmxRegister.java:tryRegister(44)) - Successfully registered JMX Bean with object name Ratis:service=RaftServer,group=group-ED67C9AFABEB,id=ad840c1c-4245-4817-9bba-62272b02ba42
2024-08-03 20:04:49,977 [ad840c1c-4245-4817-9bba-62272b02ba42-groupManagement] INFO  util.JmxRegister (JmxRegister.java:register(58)) - register mxBean class org.apache.ratis.server.impl.RaftServerJmxAdapter as Ratis:service=RaftServer,group=group-ED67C9AFABEB,id=ad840c1c-4245-4817-9bba-62272b02ba42
2024-08-03 20:04:49,977 [ad840c1c-4245-4817-9bba-62272b02ba42@group-ED67C9AFABEB-FollowerState] INFO  server.RaftServerConfigKeys (ConfUtils.java:logFallback(53)) - raft.server.rpc.first-election.timeout.max = 5200ms (fallback to raft.server.rpc.timeout.max)
2024-08-03 20:04:49,978 [ad840c1c-4245-4817-9bba-62272b02ba42-groupManagement] INFO  server.RaftServerConfigKeys (ConfUtils.java:logGet(46)) - raft.server.snapshot.trigger-when-stop.enabled = true (default)
2024-08-03 20:04:49,978 [ad840c1c-4245-4817-9bba-62272b02ba42-groupManagement] INFO  server.RaftServerConfigKeys (ConfUtils.java:logGet(46)) - raft.server.snapshot.trigger-when-remove.enabled = true (default)
2024-08-03 20:04:49,978 [ad840c1c-4245-4817-9bba-62272b02ba42-groupManagement] INFO  server.RaftServerConfigKeys (ConfUtils.java:logGet(46)) - raft.server.snapshot.auto.trigger.enabled = true (custom)
2024-08-03 20:04:49,978 [ad840c1c-4245-4817-9bba-62272b02ba42-groupManagement] INFO  server.RaftServerConfigKeys (ConfUtils.java:logGet(46)) - raft.server.snapshot.auto.trigger.threshold = 10000 (custom)
2024-08-03 20:04:49,978 [ad840c1c-4245-4817-9bba-62272b02ba42-groupManagement] INFO  server.RaftServerConfigKeys (ConfUtils.java:logGet(46)) - raft.server.snapshot.retention.file.num = 5 (custom)
2024-08-03 20:04:49,978 [ad840c1c-4245-4817-9bba-62272b02ba42-groupManagement] INFO  server.RaftServerConfigKeys (ConfUtils.java:logGet(46)) - raft.server.log.purge.upto.snapshot.index = false (default)
2024-08-03 20:04:49,980 [ad840c1c-4245-4817-9bba-62272b02ba42-PipelineCommandHandlerThread-0] INFO  ratis.XceiverServerRatis (XceiverServerRatis.java:addGroup(846)) - Created group PipelineID=e80fae2f-6558-41a4-9125-ed67c9afabeb
2024-08-03 20:04:49,980 [ad840c1c-4245-4817-9bba-62272b02ba42-PipelineCommandHandlerThread-0] INFO  commandhandler.CreatePipelineCommandHandler (CreatePipelineCommandHandler.java:lambda$handle$2(124)) - Created Pipeline RATIS ONE PipelineID=e80fae2f-6558-41a4-9125-ed67c9afabeb.
2024-08-03 20:04:50,960 [main] INFO  ozone.MiniOzoneClusterImpl (MiniOzoneClusterImpl.java:lambda$waitForClusterToBeReady$0(194)) - Nodes are ready. Got 3 of 3 DN Heartbeats.
2024-08-03 20:04:50,961 [main] INFO  ozone.MiniOzoneClusterImpl (MiniOzoneClusterImpl.java:lambda$waitForClusterToBeReady$0(197)) - Waiting for cluster to exit safe mode
2024-08-03 20:04:50,961 [main] INFO  ozone.MiniOzoneClusterImpl (MiniOzoneClusterImpl.java:lambda$waitForClusterToBeReady$0(199)) - SCM became leader
2024-08-03 20:04:51,961 [main] INFO  ozone.MiniOzoneClusterImpl (MiniOzoneClusterImpl.java:lambda$waitForClusterToBeReady$0(194)) - Nodes are ready. Got 3 of 3 DN Heartbeats.
2024-08-03 20:04:51,961 [main] INFO  ozone.MiniOzoneClusterImpl (MiniOzoneClusterImpl.java:lambda$waitForClusterToBeReady$0(197)) - Waiting for cluster to exit safe mode
2024-08-03 20:04:51,961 [main] INFO  ozone.MiniOzoneClusterImpl (MiniOzoneClusterImpl.java:lambda$waitForClusterToBeReady$0(199)) - SCM became leader
2024-08-03 20:04:52,962 [main] INFO  ozone.MiniOzoneClusterImpl (MiniOzoneClusterImpl.java:lambda$waitForClusterToBeReady$0(194)) - Nodes are ready. Got 3 of 3 DN Heartbeats.
2024-08-03 20:04:52,962 [main] INFO  ozone.MiniOzoneClusterImpl (MiniOzoneClusterImpl.java:lambda$waitForClusterToBeReady$0(197)) - Waiting for cluster to exit safe mode
2024-08-03 20:04:52,962 [main] INFO  ozone.MiniOzoneClusterImpl (MiniOzoneClusterImpl.java:lambda$waitForClusterToBeReady$0(199)) - SCM became leader
2024-08-03 20:04:53,962 [main] INFO  ozone.MiniOzoneClusterImpl (MiniOzoneClusterImpl.java:lambda$waitForClusterToBeReady$0(194)) - Nodes are ready. Got 3 of 3 DN Heartbeats.
2024-08-03 20:04:53,962 [main] INFO  ozone.MiniOzoneClusterImpl (MiniOzoneClusterImpl.java:lambda$waitForClusterToBeReady$0(197)) - Waiting for cluster to exit safe mode
2024-08-03 20:04:53,963 [main] INFO  ozone.MiniOzoneClusterImpl (MiniOzoneClusterImpl.java:lambda$waitForClusterToBeReady$0(199)) - SCM became leader
2024-08-03 20:04:54,471 [23b8e6c4-9ef5-4db8-98cf-56f7581f9eb2@group-A97E9B20C87D-FollowerState] INFO  impl.FollowerState (FollowerState.java:run(144)) - 23b8e6c4-9ef5-4db8-98cf-56f7581f9eb2@group-A97E9B20C87D-FollowerState: change to CANDIDATE, lastRpcElapsedTime:5030659577ns, electionTimeout:5026ms
2024-08-03 20:04:54,471 [23b8e6c4-9ef5-4db8-98cf-56f7581f9eb2@group-A97E9B20C87D-FollowerState] INFO  impl.RoleInfo (RoleInfo.java:shutdownFollowerState(119)) - 23b8e6c4-9ef5-4db8-98cf-56f7581f9eb2: shutdown 23b8e6c4-9ef5-4db8-98cf-56f7581f9eb2@group-A97E9B20C87D-FollowerState
2024-08-03 20:04:54,471 [23b8e6c4-9ef5-4db8-98cf-56f7581f9eb2@group-A97E9B20C87D-FollowerState] INFO  server.RaftServer$Division (RaftServerImpl.java:setRole(376)) - 23b8e6c4-9ef5-4db8-98cf-56f7581f9eb2@group-A97E9B20C87D: changes role from  FOLLOWER to CANDIDATE at term 0 for changeToCandidate
2024-08-03 20:04:54,471 [23b8e6c4-9ef5-4db8-98cf-56f7581f9eb2@group-A97E9B20C87D-FollowerState] INFO  server.RaftServerConfigKeys (ConfUtils.java:logGet(46)) - raft.server.leaderelection.pre-vote = true (default)
2024-08-03 20:04:54,471 [23b8e6c4-9ef5-4db8-98cf-56f7581f9eb2@group-A97E9B20C87D-FollowerState] INFO  impl.RoleInfo (RoleInfo.java:updateAndGet(148)) - 23b8e6c4-9ef5-4db8-98cf-56f7581f9eb2: start 23b8e6c4-9ef5-4db8-98cf-56f7581f9eb2@group-A97E9B20C87D-LeaderElection4
2024-08-03 20:04:54,472 [23b8e6c4-9ef5-4db8-98cf-56f7581f9eb2@group-A97E9B20C87D-LeaderElection4] INFO  impl.LeaderElection (LeaderElection.java:askForVotes(321)) - 23b8e6c4-9ef5-4db8-98cf-56f7581f9eb2@group-A97E9B20C87D-LeaderElection4 PRE_VOTE round 0: submit vote requests at term 0 for conf: {index: -1, cur=peers:[23b8e6c4-9ef5-4db8-98cf-56f7581f9eb2|127.0.0.1:15030, 3dd31e9f-fa72-4829-9441-ee2f0f7ab9e4|127.0.0.1:15039, ad840c1c-4245-4817-9bba-62272b02ba42|127.0.0.1:15048]|listeners:[], old=null}
2024-08-03 20:04:54,472 [23b8e6c4-9ef5-4db8-98cf-56f7581f9eb2@group-A97E9B20C87D-LeaderElection4-1] INFO  server.GrpcServerProtocolClient (GrpcServerProtocolClient.java:<init>(65)) - Build channel for 3dd31e9f-fa72-4829-9441-ee2f0f7ab9e4|127.0.0.1:15039
2024-08-03 20:04:54,472 [23b8e6c4-9ef5-4db8-98cf-56f7581f9eb2@group-A97E9B20C87D-LeaderElection4-2] INFO  server.GrpcServerProtocolClient (GrpcServerProtocolClient.java:<init>(65)) - Build channel for ad840c1c-4245-4817-9bba-62272b02ba42|127.0.0.1:15048
2024-08-03 20:04:54,472 [23b8e6c4-9ef5-4db8-98cf-56f7581f9eb2@group-A97E9B20C87D-LeaderElection4] INFO  server.RaftServerConfigKeys (ConfUtils.java:logFallback(53)) - raft.server.rpc.first-election.timeout.min = 5s (fallback to raft.server.rpc.timeout.min)
2024-08-03 20:04:54,473 [23b8e6c4-9ef5-4db8-98cf-56f7581f9eb2@group-A97E9B20C87D-LeaderElection4] INFO  server.RaftServerConfigKeys (ConfUtils.java:logFallback(53)) - raft.server.rpc.first-election.timeout.max = 5200ms (fallback to raft.server.rpc.timeout.max)
2024-08-03 20:04:54,477 [grpc-default-executor-4] INFO  server.RaftServer$Division (RaftServerImpl.java:requestVote(1416)) - 3dd31e9f-fa72-4829-9441-ee2f0f7ab9e4@group-A97E9B20C87D: receive requestVote(PRE_VOTE, 23b8e6c4-9ef5-4db8-98cf-56f7581f9eb2, group-A97E9B20C87D, 0, (t:0, i:0))
2024-08-03 20:04:54,478 [grpc-default-executor-3] INFO  server.RaftServer$Division (RaftServerImpl.java:requestVote(1416)) - ad840c1c-4245-4817-9bba-62272b02ba42@group-A97E9B20C87D: receive requestVote(PRE_VOTE, 23b8e6c4-9ef5-4db8-98cf-56f7581f9eb2, group-A97E9B20C87D, 0, (t:0, i:0))
2024-08-03 20:04:54,478 [grpc-default-executor-3] INFO  impl.VoteContext (VoteContext.java:log(49)) - ad840c1c-4245-4817-9bba-62272b02ba42@group-A97E9B20C87D-FOLLOWER: accept PRE_VOTE from 23b8e6c4-9ef5-4db8-98cf-56f7581f9eb2: our priority 0 <= candidate's priority 1
2024-08-03 20:04:54,478 [grpc-default-executor-3] INFO  server.RaftServer$Division (RaftServerImpl.java:requestVote(1449)) - ad840c1c-4245-4817-9bba-62272b02ba42@group-A97E9B20C87D replies to PRE_VOTE vote request: 23b8e6c4-9ef5-4db8-98cf-56f7581f9eb2<-ad840c1c-4245-4817-9bba-62272b02ba42#0:OK-t0. Peer's state: ad840c1c-4245-4817-9bba-62272b02ba42@group-A97E9B20C87D:t0, leader=null, voted=, raftlog=Memoized:ad840c1c-4245-4817-9bba-62272b02ba42@group-A97E9B20C87D-SegmentedRaftLog:OPENED:c-1:lastnull, conf=conf: {index: -1, cur=peers:[23b8e6c4-9ef5-4db8-98cf-56f7581f9eb2|127.0.0.1:15030, 3dd31e9f-fa72-4829-9441-ee2f0f7ab9e4|127.0.0.1:15039, ad840c1c-4245-4817-9bba-62272b02ba42|127.0.0.1:15048]|listeners:[], old=null}
2024-08-03 20:04:54,478 [grpc-default-executor-4] INFO  impl.VoteContext (VoteContext.java:log(49)) - 3dd31e9f-fa72-4829-9441-ee2f0f7ab9e4@group-A97E9B20C87D-FOLLOWER: accept PRE_VOTE from 23b8e6c4-9ef5-4db8-98cf-56f7581f9eb2: our priority 0 <= candidate's priority 1
2024-08-03 20:04:54,478 [grpc-default-executor-4] INFO  server.RaftServer$Division (RaftServerImpl.java:requestVote(1449)) - 3dd31e9f-fa72-4829-9441-ee2f0f7ab9e4@group-A97E9B20C87D replies to PRE_VOTE vote request: 23b8e6c4-9ef5-4db8-98cf-56f7581f9eb2<-3dd31e9f-fa72-4829-9441-ee2f0f7ab9e4#0:OK-t0. Peer's state: 3dd31e9f-fa72-4829-9441-ee2f0f7ab9e4@group-A97E9B20C87D:t0, leader=null, voted=, raftlog=Memoized:3dd31e9f-fa72-4829-9441-ee2f0f7ab9e4@group-A97E9B20C87D-SegmentedRaftLog:OPENED:c-1:lastnull, conf=conf: {index: -1, cur=peers:[23b8e6c4-9ef5-4db8-98cf-56f7581f9eb2|127.0.0.1:15030, 3dd31e9f-fa72-4829-9441-ee2f0f7ab9e4|127.0.0.1:15039, ad840c1c-4245-4817-9bba-62272b02ba42|127.0.0.1:15048]|listeners:[], old=null}
2024-08-03 20:04:54,480 [23b8e6c4-9ef5-4db8-98cf-56f7581f9eb2@group-A97E9B20C87D-LeaderElection4] INFO  impl.LeaderElection (LeaderElection.java:logAndReturn(89)) - 23b8e6c4-9ef5-4db8-98cf-56f7581f9eb2@group-A97E9B20C87D-LeaderElection4: PRE_VOTE PASSED received 1 response(s) and 0 exception(s):
2024-08-03 20:04:54,480 [23b8e6c4-9ef5-4db8-98cf-56f7581f9eb2@group-A97E9B20C87D-LeaderElection4] INFO  impl.LeaderElection (LeaderElection.java:logAndReturn(93)) -   Response 0: 23b8e6c4-9ef5-4db8-98cf-56f7581f9eb2<-3dd31e9f-fa72-4829-9441-ee2f0f7ab9e4#0:OK-t0
2024-08-03 20:04:54,480 [23b8e6c4-9ef5-4db8-98cf-56f7581f9eb2@group-A97E9B20C87D-LeaderElection4] INFO  impl.LeaderElection (LeaderElection.java:askForVotes(323)) - 23b8e6c4-9ef5-4db8-98cf-56f7581f9eb2@group-A97E9B20C87D-LeaderElection4 PRE_VOTE round 0: result PASSED
2024-08-03 20:04:54,482 [23b8e6c4-9ef5-4db8-98cf-56f7581f9eb2@group-A97E9B20C87D-LeaderElection4] INFO  impl.LeaderElection (LeaderElection.java:askForVotes(321)) - 23b8e6c4-9ef5-4db8-98cf-56f7581f9eb2@group-A97E9B20C87D-LeaderElection4 ELECTION round 0: submit vote requests at term 1 for conf: {index: -1, cur=peers:[23b8e6c4-9ef5-4db8-98cf-56f7581f9eb2|127.0.0.1:15030, 3dd31e9f-fa72-4829-9441-ee2f0f7ab9e4|127.0.0.1:15039, ad840c1c-4245-4817-9bba-62272b02ba42|127.0.0.1:15048]|listeners:[], old=null}
2024-08-03 20:04:54,483 [23b8e6c4-9ef5-4db8-98cf-56f7581f9eb2@group-A97E9B20C87D-LeaderElection4] INFO  server.RaftServerConfigKeys (ConfUtils.java:logFallback(53)) - raft.server.rpc.first-election.timeout.min = 5s (fallback to raft.server.rpc.timeout.min)
2024-08-03 20:04:54,483 [23b8e6c4-9ef5-4db8-98cf-56f7581f9eb2@group-A97E9B20C87D-LeaderElection4] INFO  server.RaftServerConfigKeys (ConfUtils.java:logFallback(53)) - raft.server.rpc.first-election.timeout.max = 5200ms (fallback to raft.server.rpc.timeout.max)
2024-08-03 20:04:54,484 [grpc-default-executor-4] INFO  server.RaftServer$Division (RaftServerImpl.java:requestVote(1416)) - 3dd31e9f-fa72-4829-9441-ee2f0f7ab9e4@group-A97E9B20C87D: receive requestVote(ELECTION, 23b8e6c4-9ef5-4db8-98cf-56f7581f9eb2, group-A97E9B20C87D, 1, (t:0, i:0))
2024-08-03 20:04:54,484 [grpc-default-executor-4] INFO  impl.VoteContext (VoteContext.java:log(49)) - 3dd31e9f-fa72-4829-9441-ee2f0f7ab9e4@group-A97E9B20C87D-FOLLOWER: accept ELECTION from 23b8e6c4-9ef5-4db8-98cf-56f7581f9eb2: our priority 0 <= candidate's priority 1
2024-08-03 20:04:54,484 [grpc-default-executor-4] INFO  server.RaftServer$Division (RaftServerImpl.java:setRole(376)) - 3dd31e9f-fa72-4829-9441-ee2f0f7ab9e4@group-A97E9B20C87D: changes role from  FOLLOWER to FOLLOWER at term 1 for candidate:23b8e6c4-9ef5-4db8-98cf-56f7581f9eb2
2024-08-03 20:04:54,484 [grpc-default-executor-4] INFO  impl.RoleInfo (RoleInfo.java:shutdownFollowerState(119)) - 3dd31e9f-fa72-4829-9441-ee2f0f7ab9e4: shutdown 3dd31e9f-fa72-4829-9441-ee2f0f7ab9e4@group-A97E9B20C87D-FollowerState
2024-08-03 20:04:54,484 [grpc-default-executor-4] INFO  impl.RoleInfo (RoleInfo.java:updateAndGet(148)) - 3dd31e9f-fa72-4829-9441-ee2f0f7ab9e4: start 3dd31e9f-fa72-4829-9441-ee2f0f7ab9e4@group-A97E9B20C87D-FollowerState
2024-08-03 20:04:54,484 [3dd31e9f-fa72-4829-9441-ee2f0f7ab9e4@group-A97E9B20C87D-FollowerState] INFO  impl.FollowerState (FollowerState.java:run(153)) - 3dd31e9f-fa72-4829-9441-ee2f0f7ab9e4@group-A97E9B20C87D-FollowerState was interrupted
2024-08-03 20:04:54,484 [grpc-default-executor-4] INFO  server.RaftServer$Division (RaftServerImpl.java:setFirstElection(549)) - 3dd31e9f-fa72-4829-9441-ee2f0f7ab9e4@group-A97E9B20C87D: set firstElectionSinceStartup to false for candidate:23b8e6c4-9ef5-4db8-98cf-56f7581f9eb2
2024-08-03 20:04:54,485 [grpc-default-executor-3] INFO  server.RaftServer$Division (RaftServerImpl.java:requestVote(1416)) - ad840c1c-4245-4817-9bba-62272b02ba42@group-A97E9B20C87D: receive requestVote(ELECTION, 23b8e6c4-9ef5-4db8-98cf-56f7581f9eb2, group-A97E9B20C87D, 1, (t:0, i:0))
2024-08-03 20:04:54,485 [grpc-default-executor-3] INFO  impl.VoteContext (VoteContext.java:log(49)) - ad840c1c-4245-4817-9bba-62272b02ba42@group-A97E9B20C87D-FOLLOWER: accept ELECTION from 23b8e6c4-9ef5-4db8-98cf-56f7581f9eb2: our priority 0 <= candidate's priority 1
2024-08-03 20:04:54,485 [grpc-default-executor-3] INFO  server.RaftServer$Division (RaftServerImpl.java:setRole(376)) - ad840c1c-4245-4817-9bba-62272b02ba42@group-A97E9B20C87D: changes role from  FOLLOWER to FOLLOWER at term 1 for candidate:23b8e6c4-9ef5-4db8-98cf-56f7581f9eb2
2024-08-03 20:04:54,485 [grpc-default-executor-3] INFO  impl.RoleInfo (RoleInfo.java:shutdownFollowerState(119)) - ad840c1c-4245-4817-9bba-62272b02ba42: shutdown ad840c1c-4245-4817-9bba-62272b02ba42@group-A97E9B20C87D-FollowerState
2024-08-03 20:04:54,485 [grpc-default-executor-3] INFO  impl.RoleInfo (RoleInfo.java:updateAndGet(148)) - ad840c1c-4245-4817-9bba-62272b02ba42: start ad840c1c-4245-4817-9bba-62272b02ba42@group-A97E9B20C87D-FollowerState
2024-08-03 20:04:54,485 [ad840c1c-4245-4817-9bba-62272b02ba42@group-A97E9B20C87D-FollowerState] INFO  impl.FollowerState (FollowerState.java:run(153)) - ad840c1c-4245-4817-9bba-62272b02ba42@group-A97E9B20C87D-FollowerState was interrupted
2024-08-03 20:04:54,486 [grpc-default-executor-3] INFO  server.RaftServer$Division (RaftServerImpl.java:setFirstElection(549)) - ad840c1c-4245-4817-9bba-62272b02ba42@group-A97E9B20C87D: set firstElectionSinceStartup to false for candidate:23b8e6c4-9ef5-4db8-98cf-56f7581f9eb2
2024-08-03 20:04:54,487 [grpc-default-executor-4] INFO  server.RaftServer$Division (RaftServerImpl.java:requestVote(1449)) - 3dd31e9f-fa72-4829-9441-ee2f0f7ab9e4@group-A97E9B20C87D replies to ELECTION vote request: 23b8e6c4-9ef5-4db8-98cf-56f7581f9eb2<-3dd31e9f-fa72-4829-9441-ee2f0f7ab9e4#0:OK-t1. Peer's state: 3dd31e9f-fa72-4829-9441-ee2f0f7ab9e4@group-A97E9B20C87D:t1, leader=null, voted=23b8e6c4-9ef5-4db8-98cf-56f7581f9eb2, raftlog=Memoized:3dd31e9f-fa72-4829-9441-ee2f0f7ab9e4@group-A97E9B20C87D-SegmentedRaftLog:OPENED:c-1:lastnull, conf=conf: {index: -1, cur=peers:[23b8e6c4-9ef5-4db8-98cf-56f7581f9eb2|127.0.0.1:15030, 3dd31e9f-fa72-4829-9441-ee2f0f7ab9e4|127.0.0.1:15039, ad840c1c-4245-4817-9bba-62272b02ba42|127.0.0.1:15048]|listeners:[], old=null}
2024-08-03 20:04:54,488 [23b8e6c4-9ef5-4db8-98cf-56f7581f9eb2@group-A97E9B20C87D-LeaderElection4] INFO  impl.LeaderElection (LeaderElection.java:logAndReturn(89)) - 23b8e6c4-9ef5-4db8-98cf-56f7581f9eb2@group-A97E9B20C87D-LeaderElection4: ELECTION PASSED received 1 response(s) and 0 exception(s):
2024-08-03 20:04:54,488 [23b8e6c4-9ef5-4db8-98cf-56f7581f9eb2@group-A97E9B20C87D-LeaderElection4] INFO  impl.LeaderElection (LeaderElection.java:logAndReturn(93)) -   Response 0: 23b8e6c4-9ef5-4db8-98cf-56f7581f9eb2<-3dd31e9f-fa72-4829-9441-ee2f0f7ab9e4#0:OK-t1
2024-08-03 20:04:54,488 [23b8e6c4-9ef5-4db8-98cf-56f7581f9eb2@group-A97E9B20C87D-LeaderElection4] INFO  impl.LeaderElection (LeaderElection.java:askForVotes(323)) - 23b8e6c4-9ef5-4db8-98cf-56f7581f9eb2@group-A97E9B20C87D-LeaderElection4 ELECTION round 0: result PASSED
2024-08-03 20:04:54,488 [23b8e6c4-9ef5-4db8-98cf-56f7581f9eb2@group-A97E9B20C87D-LeaderElection4] INFO  impl.RoleInfo (RoleInfo.java:shutdownLeaderElection(139)) - 23b8e6c4-9ef5-4db8-98cf-56f7581f9eb2: shutdown 23b8e6c4-9ef5-4db8-98cf-56f7581f9eb2@group-A97E9B20C87D-LeaderElection4
2024-08-03 20:04:54,488 [23b8e6c4-9ef5-4db8-98cf-56f7581f9eb2@group-A97E9B20C87D-LeaderElection4] INFO  server.RaftServer$Division (RaftServerImpl.java:setRole(376)) - 23b8e6c4-9ef5-4db8-98cf-56f7581f9eb2@group-A97E9B20C87D: changes role from CANDIDATE to LEADER at term 1 for changeToLeader
2024-08-03 20:04:54,488 [grpc-default-executor-3] INFO  server.RaftServer$Division (RaftServerImpl.java:requestVote(1449)) - ad840c1c-4245-4817-9bba-62272b02ba42@group-A97E9B20C87D replies to ELECTION vote request: 23b8e6c4-9ef5-4db8-98cf-56f7581f9eb2<-ad840c1c-4245-4817-9bba-62272b02ba42#0:OK-t1. Peer's state: ad840c1c-4245-4817-9bba-62272b02ba42@group-A97E9B20C87D:t1, leader=null, voted=23b8e6c4-9ef5-4db8-98cf-56f7581f9eb2, raftlog=Memoized:ad840c1c-4245-4817-9bba-62272b02ba42@group-A97E9B20C87D-SegmentedRaftLog:OPENED:c-1:lastnull, conf=conf: {index: -1, cur=peers:[23b8e6c4-9ef5-4db8-98cf-56f7581f9eb2|127.0.0.1:15030, 3dd31e9f-fa72-4829-9441-ee2f0f7ab9e4|127.0.0.1:15039, ad840c1c-4245-4817-9bba-62272b02ba42|127.0.0.1:15048]|listeners:[], old=null}
2024-08-03 20:04:54,488 [23b8e6c4-9ef5-4db8-98cf-56f7581f9eb2@group-A97E9B20C87D-LeaderElection4] INFO  server.RaftServerConfigKeys (ConfUtils.java:logGet(46)) - raft.server.staging.catchup.gap = 1000 (default)
2024-08-03 20:04:54,488 [23b8e6c4-9ef5-4db8-98cf-56f7581f9eb2@group-A97E9B20C87D-LeaderElection4] INFO  server.RaftServerConfigKeys (ConfUtils.java:logGet(46)) - raft.server.write.element-limit = 1024 (custom)
2024-08-03 20:04:54,489 [23b8e6c4-9ef5-4db8-98cf-56f7581f9eb2@group-A97E9B20C87D-LeaderElection4] INFO  server.RaftServerConfigKeys (ConfUtils.java:logGet(46)) - raft.server.write.byte-limit = 1024 M (=1073741824) (custom)
2024-08-03 20:04:54,489 [23b8e6c4-9ef5-4db8-98cf-56f7581f9eb2@group-A97E9B20C87D-LeaderElection4] INFO  server.RaftServerConfigKeys (ConfUtils.java:logGet(46)) - raft.server.watch.timeout = 30s (custom)
2024-08-03 20:04:54,489 [23b8e6c4-9ef5-4db8-98cf-56f7581f9eb2@group-A97E9B20C87D-LeaderElection4] INFO  server.RaftServerConfigKeys (ConfUtils.java:logGet(46)) - raft.server.watch.timeout.denomination = 1s (default)
2024-08-03 20:04:54,489 [23b8e6c4-9ef5-4db8-98cf-56f7581f9eb2@group-A97E9B20C87D-LeaderElection4] INFO  server.RaftServerConfigKeys (ConfUtils.java:logGet(46)) - raft.server.watch.element-limit = 65536 (default)
2024-08-03 20:04:54,490 [23b8e6c4-9ef5-4db8-98cf-56f7581f9eb2@group-A97E9B20C87D-LeaderElection4] INFO  server.RaftServerConfigKeys (ConfUtils.java:logGet(46)) - raft.server.read.leader.lease.enabled = false (default)
2024-08-03 20:04:54,490 [23b8e6c4-9ef5-4db8-98cf-56f7581f9eb2@group-A97E9B20C87D-LeaderElection4] INFO  server.RaftServerConfigKeys (ConfUtils.java:logGet(46)) - raft.server.read.leader.lease.timeout.ratio = 0.9 (default)
2024-08-03 20:04:54,490 [23b8e6c4-9ef5-4db8-98cf-56f7581f9eb2@group-A97E9B20C87D-LeaderElection4] INFO  server.RaftServerConfigKeys (ConfUtils.java:logGet(46)) - raft.server.rpc.timeout.min = 5s (custom)
2024-08-03 20:04:54,490 [23b8e6c4-9ef5-4db8-98cf-56f7581f9eb2@group-A97E9B20C87D-LeaderElection4] INFO  server.RaftServerConfigKeys (ConfUtils.java:logGet(46)) - raft.server.log.log-metadata.enabled = true (default)
2024-08-03 20:04:54,490 [23b8e6c4-9ef5-4db8-98cf-56f7581f9eb2@group-A97E9B20C87D-LeaderElection4] INFO  server.RaftServerConfigKeys (ConfUtils.java:logGet(46)) - raft.server.write.element-limit = 1024 (custom)
2024-08-03 20:04:54,490 [23b8e6c4-9ef5-4db8-98cf-56f7581f9eb2@group-A97E9B20C87D-LeaderElection4] INFO  server.RaftServerConfigKeys (ConfUtils.java:logGet(46)) - raft.server.write.follower.gap.ratio.max = -1.0 (default)
2024-08-03 20:04:54,491 [23b8e6c4-9ef5-4db8-98cf-56f7581f9eb2@group-A97E9B20C87D-LeaderElection4] INFO  server.RaftServerConfigKeys (ConfUtils.java:logGet(46)) - raft.server.log.appender.snapshot.chunk.size.max = 16MB (=16777216) (default)
2024-08-03 20:04:54,491 [23b8e6c4-9ef5-4db8-98cf-56f7581f9eb2@group-A97E9B20C87D-LeaderElection4] INFO  server.RaftServerConfigKeys (ConfUtils.java:logGet(46)) - raft.server.log.appender.buffer.byte-limit = 8388608 (custom)
2024-08-03 20:04:54,491 [23b8e6c4-9ef5-4db8-98cf-56f7581f9eb2@group-A97E9B20C87D-LeaderElection4] INFO  server.RaftServerConfigKeys (ConfUtils.java:logGet(46)) - raft.server.log.appender.buffer.element-limit = 1024 (custom)
2024-08-03 20:04:54,491 [23b8e6c4-9ef5-4db8-98cf-56f7581f9eb2@group-A97E9B20C87D-LeaderElection4] INFO  server.RaftServerConfigKeys (ConfUtils.java:logGet(46)) - raft.server.log.appender.wait-time.min = 0μs (custom)
2024-08-03 20:04:54,492 [23b8e6c4-9ef5-4db8-98cf-56f7581f9eb2@group-A97E9B20C87D-LeaderElection4] INFO  grpc.GrpcConfigKeys (ConfUtils.java:logGet(46)) - raft.grpc.server.leader.outstanding.appends.max = 8 (default)
2024-08-03 20:04:54,492 [23b8e6c4-9ef5-4db8-98cf-56f7581f9eb2@group-A97E9B20C87D-LeaderElection4] INFO  server.RaftServerConfigKeys (ConfUtils.java:logGet(46)) - raft.server.rpc.request.timeout = 60s (custom)
2024-08-03 20:04:54,492 [23b8e6c4-9ef5-4db8-98cf-56f7581f9eb2@group-A97E9B20C87D-LeaderElection4] INFO  grpc.GrpcConfigKeys (ConfUtils.java:logGet(46)) - raft.grpc.server.install_snapshot.request.element-limit = 8 (default)
2024-08-03 20:04:54,492 [23b8e6c4-9ef5-4db8-98cf-56f7581f9eb2@group-A97E9B20C87D-LeaderElection4] INFO  grpc.GrpcConfigKeys (ConfUtils.java:logGet(46)) - raft.grpc.server.install_snapshot.request.timeout = 3000ms (default)
2024-08-03 20:04:54,492 [23b8e6c4-9ef5-4db8-98cf-56f7581f9eb2@group-A97E9B20C87D-LeaderElection4] INFO  grpc.GrpcConfigKeys (ConfUtils.java:logGet(46)) - raft.grpc.server.log-message.batch.duration = 5s (default)
2024-08-03 20:04:54,492 [23b8e6c4-9ef5-4db8-98cf-56f7581f9eb2@group-A97E9B20C87D-LeaderElection4] INFO  server.RaftServerConfigKeys (ConfUtils.java:logGet(46)) - raft.server.log.appender.install.snapshot.enabled = false (custom)
2024-08-03 20:04:54,492 [23b8e6c4-9ef5-4db8-98cf-56f7581f9eb2@group-A97E9B20C87D-LeaderElection4] INFO  grpc.GrpcConfigKeys (ConfUtils.java:logGet(46)) - raft.grpc.server.heartbeat.channel = true (default)
2024-08-03 20:04:54,494 [23b8e6c4-9ef5-4db8-98cf-56f7581f9eb2@group-A97E9B20C87D-LeaderElection4] INFO  server.RaftServerConfigKeys (ConfUtils.java:logGet(46)) - raft.server.log.appender.snapshot.chunk.size.max = 16MB (=16777216) (default)
2024-08-03 20:04:54,494 [23b8e6c4-9ef5-4db8-98cf-56f7581f9eb2@group-A97E9B20C87D-LeaderElection4] INFO  server.RaftServerConfigKeys (ConfUtils.java:logGet(46)) - raft.server.log.appender.buffer.byte-limit = 8388608 (custom)
2024-08-03 20:04:54,494 [23b8e6c4-9ef5-4db8-98cf-56f7581f9eb2@group-A97E9B20C87D-LeaderElection4] INFO  server.RaftServerConfigKeys (ConfUtils.java:logGet(46)) - raft.server.log.appender.buffer.element-limit = 1024 (custom)
2024-08-03 20:04:54,494 [23b8e6c4-9ef5-4db8-98cf-56f7581f9eb2@group-A97E9B20C87D-LeaderElection4] INFO  server.RaftServerConfigKeys (ConfUtils.java:logGet(46)) - raft.server.log.appender.wait-time.min = 0μs (custom)
2024-08-03 20:04:54,495 [23b8e6c4-9ef5-4db8-98cf-56f7581f9eb2@group-A97E9B20C87D-LeaderElection4] INFO  grpc.GrpcConfigKeys (ConfUtils.java:logGet(46)) - raft.grpc.server.leader.outstanding.appends.max = 8 (default)
2024-08-03 20:04:54,495 [23b8e6c4-9ef5-4db8-98cf-56f7581f9eb2@group-A97E9B20C87D-LeaderElection4] INFO  server.RaftServerConfigKeys (ConfUtils.java:logGet(46)) - raft.server.rpc.request.timeout = 60s (custom)
2024-08-03 20:04:54,495 [23b8e6c4-9ef5-4db8-98cf-56f7581f9eb2@group-A97E9B20C87D-LeaderElection4] INFO  grpc.GrpcConfigKeys (ConfUtils.java:logGet(46)) - raft.grpc.server.install_snapshot.request.element-limit = 8 (default)
2024-08-03 20:04:54,495 [23b8e6c4-9ef5-4db8-98cf-56f7581f9eb2@group-A97E9B20C87D-LeaderElection4] INFO  grpc.GrpcConfigKeys (ConfUtils.java:logGet(46)) - raft.grpc.server.install_snapshot.request.timeout = 3000ms (default)
2024-08-03 20:04:54,495 [23b8e6c4-9ef5-4db8-98cf-56f7581f9eb2@group-A97E9B20C87D-LeaderElection4] INFO  grpc.GrpcConfigKeys (ConfUtils.java:logGet(46)) - raft.grpc.server.log-message.batch.duration = 5s (default)
2024-08-03 20:04:54,495 [23b8e6c4-9ef5-4db8-98cf-56f7581f9eb2@group-A97E9B20C87D-LeaderElection4] INFO  server.RaftServerConfigKeys (ConfUtils.java:logGet(46)) - raft.server.log.appender.install.snapshot.enabled = false (custom)
2024-08-03 20:04:54,495 [23b8e6c4-9ef5-4db8-98cf-56f7581f9eb2@group-A97E9B20C87D-LeaderElection4] INFO  grpc.GrpcConfigKeys (ConfUtils.java:logGet(46)) - raft.grpc.server.heartbeat.channel = true (default)
2024-08-03 20:04:54,496 [23b8e6c4-9ef5-4db8-98cf-56f7581f9eb2@group-A97E9B20C87D-LeaderElection4] INFO  impl.RoleInfo (RoleInfo.java:updateAndGet(148)) - 23b8e6c4-9ef5-4db8-98cf-56f7581f9eb2: start 23b8e6c4-9ef5-4db8-98cf-56f7581f9eb2@group-A97E9B20C87D-LeaderStateImpl
2024-08-03 20:04:54,496 [23b8e6c4-9ef5-4db8-98cf-56f7581f9eb2@group-A97E9B20C87D-LeaderElection4] INFO  server.RaftServer$Division (RaftServerImpl.java:setFirstElection(549)) - 23b8e6c4-9ef5-4db8-98cf-56f7581f9eb2@group-A97E9B20C87D: set firstElectionSinceStartup to false for becomeLeader
2024-08-03 20:04:54,496 [23b8e6c4-9ef5-4db8-98cf-56f7581f9eb2@group-A97E9B20C87D-LeaderElection4] INFO  ratis.XceiverServerRatis (XceiverServerRatis.java:handleLeaderChangedNotification(947)) - Leader change notification received for group: group-A97E9B20C87D with new leaderId: 23b8e6c4-9ef5-4db8-98cf-56f7581f9eb2
2024-08-03 20:04:54,497 [23b8e6c4-9ef5-4db8-98cf-56f7581f9eb2@group-A97E9B20C87D-LeaderElection4] INFO  server.RaftServer$Division (ServerState.java:setLeader(272)) - 23b8e6c4-9ef5-4db8-98cf-56f7581f9eb2@group-A97E9B20C87D: change Leader from null to 23b8e6c4-9ef5-4db8-98cf-56f7581f9eb2 at term 1 for becomeLeader, leader elected after 5078ms
2024-08-03 20:04:54,498 [23b8e6c4-9ef5-4db8-98cf-56f7581f9eb2@group-A97E9B20C87D-LeaderElection4] INFO  segmented.SegmentedRaftLogWorker (SegmentedRaftLogWorker.java:startLogSegment(433)) - 23b8e6c4-9ef5-4db8-98cf-56f7581f9eb2@group-A97E9B20C87D-SegmentedRaftLogWorker: Starting segment from index:0
2024-08-03 20:04:54,498 [23b8e6c4-9ef5-4db8-98cf-56f7581f9eb2@group-A97E9B20C87D-LeaderElection4] INFO  server.RaftServer$Division (ServerState.java:setRaftConf(386)) - 23b8e6c4-9ef5-4db8-98cf-56f7581f9eb2@group-A97E9B20C87D: set configuration conf: {index: 0, cur=peers:[23b8e6c4-9ef5-4db8-98cf-56f7581f9eb2|127.0.0.1:15030, 3dd31e9f-fa72-4829-9441-ee2f0f7ab9e4|127.0.0.1:15039, ad840c1c-4245-4817-9bba-62272b02ba42|127.0.0.1:15048]|listeners:[], old=null}
2024-08-03 20:04:54,500 [scmNode-1-EventQueue-OpenPipelineForHealthyPipelineSafeModeRule] INFO  safemode.SCMSafeModeManager (HealthyPipelineSafeModeRule.java:process(140)) - SCM in safe mode. Healthy pipelines reported count is 0, required healthy pipeline reported count is 1
2024-08-03 20:04:54,498 [23b8e6c4-9ef5-4db8-98cf-56f7581f9eb2@group-A97E9B20C87D-SegmentedRaftLogWorker] INFO  segmented.BufferedWriteChannel (BufferedWriteChannel.java:open(61)) - open log_inprogress_0 at position 0
2024-08-03 20:04:54,502 [8c6bcd6e-4a2a-41ae-8998-20aaaed1716b@group-B69DE7E7ED64-StateMachineUpdater] INFO  safemode.HealthyPipelineSafeModeRule (HealthyPipelineSafeModeRule.java:initializeRule(172)) - Refreshed total pipeline count is 1, healthy pipeline threshold count is 1
2024-08-03 20:04:54,502 [scmNode-1-EventQueue-PipelineReportForPipelineReportHandler] INFO  pipeline.PipelineReportHandler (PipelineReportHandler.java:processPipelineReport(136)) - Opened pipeline PipelineID=86c067dd-2e56-4990-8ea7-a97e9b20c87d
2024-08-03 20:04:54,505 [scmNode-1-EventQueue-OpenPipelineForHealthyPipelineSafeModeRule] INFO  safemode.SCMSafeModeManager (HealthyPipelineSafeModeRule.java:process(140)) - SCM in safe mode. Healthy pipelines reported count is 1, required healthy pipeline reported count is 1
2024-08-03 20:04:54,505 [scmNode-1-EventQueue-OpenPipelineForHealthyPipelineSafeModeRule] INFO  safemode.SCMSafeModeManager (SCMSafeModeManager.java:validateSafeModeExitRules(203)) - HealthyPipelineSafeModeRule rule is successfully validated
2024-08-03 20:04:54,505 [scmNode-1-EventQueue-OpenPipelineForHealthyPipelineSafeModeRule] INFO  safemode.SCMSafeModeManager (SCMSafeModeManager.java:validateSafeModeExitRules(218)) - ScmSafeModeManager, all rules are successfully validated
2024-08-03 20:04:54,505 [scmNode-1-EventQueue-OpenPipelineForHealthyPipelineSafeModeRule] INFO  safemode.SCMSafeModeManager (SCMSafeModeManager.java:exitSafeMode(248)) - SCM exiting safe mode.
2024-08-03 20:04:54,505 [scmNode-1-EventQueue-OpenPipelineForHealthyPipelineSafeModeRule] INFO  ha.SCMContext (SCMContext.java:updateSafeModeStatus(225)) - Update SafeModeStatus from SafeModeStatus{safeModeStatus=true, preCheckPassed=true} to SafeModeStatus{safeModeStatus=false, preCheckPassed=true}.
2024-08-03 20:04:54,505 [scmNode-1-EventQueue-OpenPipelineForHealthyPipelineSafeModeRule] INFO  BackgroundPipelineScrubber (BackgroundSCMService.java:notifyStatusChanged(79)) - Service BackgroundPipelineScrubber transitions to RUNNING.
2024-08-03 20:04:54,505 [scmNode-1-EventQueue-OpenPipelineForHealthyPipelineSafeModeRule] INFO  ExpiredContainerReplicaOpScrubber (BackgroundSCMService.java:notifyStatusChanged(79)) - Service ExpiredContainerReplicaOpScrubber transitions to RUNNING.
2024-08-03 20:04:54,505 [scmNode-1-EventQueue-OpenPipelineForHealthyPipelineSafeModeRule] INFO  block.SCMBlockDeletingService (SCMBlockDeletingService.java:notifyStatusChanged(247)) - notifyStatusChanged:RUNNING
2024-08-03 20:04:54,505 [scmNode-1-EventQueue-OpenPipelineForHealthyPipelineSafeModeRule] INFO  replication.ReplicationManager (ReplicationManager.java:notifyStatusChanged(1406)) - Service ReplicationManager transitions to RUNNING.
2024-08-03 20:04:54,508 [scmNode-1-EventQueue-OpenPipelineForHealthyPipelineSafeModeRule] WARN  balancer.ContainerBalancer (ContainerBalancer.java:shouldRun(136)) - Could not find persisted configuration for ContainerBalancer when checking if ContainerBalancer should run. ContainerBalancer should not run now.
2024-08-03 20:04:54,508 [scmNode-1-EventQueue-OpenPipelineForHealthyPipelineSafeModeRule] INFO  SCMHATransactionMonitor (BackgroundSCMService.java:notifyStatusChanged(79)) - Service SCMHATransactionMonitor transitions to RUNNING.
2024-08-03 20:04:54,515 [23b8e6c4-9ef5-4db8-98cf-56f7581f9eb2@group-A97E9B20C87D-SegmentedRaftLogWorker] INFO  segmented.SegmentedRaftLogWorker (SegmentedRaftLogWorker.java:execute(637)) - 23b8e6c4-9ef5-4db8-98cf-56f7581f9eb2@group-A97E9B20C87D-SegmentedRaftLogWorker: created new log segment /home/runner/work/ozone/ozone/hadoop-ozone/integration-test/target/test-dir/MiniOzoneClusterImpl-4c2a292f-c896-477d-a18b-b69de7e7ed64/ozone-meta/datanode-1/ratis/86c067dd-2e56-4990-8ea7-a97e9b20c87d/current/log_inprogress_0
2024-08-03 20:04:54,520 [3dd31e9f-fa72-4829-9441-ee2f0f7ab9e4-server-thread1] INFO  ratis.XceiverServerRatis (XceiverServerRatis.java:handleLeaderChangedNotification(947)) - Leader change notification received for group: group-A97E9B20C87D with new leaderId: 23b8e6c4-9ef5-4db8-98cf-56f7581f9eb2
2024-08-03 20:04:54,521 [3dd31e9f-fa72-4829-9441-ee2f0f7ab9e4-server-thread1] INFO  server.RaftServer$Division (ServerState.java:setLeader(272)) - 3dd31e9f-fa72-4829-9441-ee2f0f7ab9e4@group-A97E9B20C87D: change Leader from null to 23b8e6c4-9ef5-4db8-98cf-56f7581f9eb2 at term 1 for appendEntries, leader elected after 4951ms
2024-08-03 20:04:54,521 [3dd31e9f-fa72-4829-9441-ee2f0f7ab9e4-server-thread2] INFO  server.RaftServer$Division (ServerState.java:setRaftConf(386)) - 3dd31e9f-fa72-4829-9441-ee2f0f7ab9e4@group-A97E9B20C87D: set configuration conf: {index: 0, cur=peers:[23b8e6c4-9ef5-4db8-98cf-56f7581f9eb2|127.0.0.1:15030, 3dd31e9f-fa72-4829-9441-ee2f0f7ab9e4|127.0.0.1:15039, ad840c1c-4245-4817-9bba-62272b02ba42|127.0.0.1:15048]|listeners:[], old=null}
2024-08-03 20:04:54,521 [3dd31e9f-fa72-4829-9441-ee2f0f7ab9e4-server-thread2] INFO  segmented.SegmentedRaftLogWorker (SegmentedRaftLogWorker.java:startLogSegment(433)) - 3dd31e9f-fa72-4829-9441-ee2f0f7ab9e4@group-A97E9B20C87D-SegmentedRaftLogWorker: Starting segment from index:0
2024-08-03 20:04:54,522 [3dd31e9f-fa72-4829-9441-ee2f0f7ab9e4@group-A97E9B20C87D-SegmentedRaftLogWorker] INFO  segmented.BufferedWriteChannel (BufferedWriteChannel.java:open(61)) - open log_inprogress_0 at position 0
2024-08-03 20:04:54,530 [ad840c1c-4245-4817-9bba-62272b02ba42-server-thread1] INFO  ratis.XceiverServerRatis (XceiverServerRatis.java:handleLeaderChangedNotification(947)) - Leader change notification received for group: group-A97E9B20C87D with new leaderId: 23b8e6c4-9ef5-4db8-98cf-56f7581f9eb2
2024-08-03 20:04:54,531 [ad840c1c-4245-4817-9bba-62272b02ba42-server-thread1] INFO  server.RaftServer$Division (ServerState.java:setLeader(272)) - ad840c1c-4245-4817-9bba-62272b02ba42@group-A97E9B20C87D: change Leader from null to 23b8e6c4-9ef5-4db8-98cf-56f7581f9eb2 at term 1 for appendEntries, leader elected after 5035ms
2024-08-03 20:04:54,532 [ad840c1c-4245-4817-9bba-62272b02ba42-server-thread2] INFO  server.RaftServer$Division (ServerState.java:setRaftConf(386)) - ad840c1c-4245-4817-9bba-62272b02ba42@group-A97E9B20C87D: set configuration conf: {index: 0, cur=peers:[23b8e6c4-9ef5-4db8-98cf-56f7581f9eb2|127.0.0.1:15030, 3dd31e9f-fa72-4829-9441-ee2f0f7ab9e4|127.0.0.1:15039, ad840c1c-4245-4817-9bba-62272b02ba42|127.0.0.1:15048]|listeners:[], old=null}
2024-08-03 20:04:54,533 [ad840c1c-4245-4817-9bba-62272b02ba42-server-thread2] INFO  segmented.SegmentedRaftLogWorker (SegmentedRaftLogWorker.java:startLogSegment(433)) - ad840c1c-4245-4817-9bba-62272b02ba42@group-A97E9B20C87D-SegmentedRaftLogWorker: Starting segment from index:0
2024-08-03 20:04:54,533 [ad840c1c-4245-4817-9bba-62272b02ba42@group-A97E9B20C87D-SegmentedRaftLogWorker] INFO  segmented.BufferedWriteChannel (BufferedWriteChannel.java:open(61)) - open log_inprogress_0 at position 0
2024-08-03 20:04:54,537 [3dd31e9f-fa72-4829-9441-ee2f0f7ab9e4@group-A97E9B20C87D-SegmentedRaftLogWorker] INFO  segmented.SegmentedRaftLogWorker (SegmentedRaftLogWorker.java:execute(637)) - 3dd31e9f-fa72-4829-9441-ee2f0f7ab9e4@group-A97E9B20C87D-SegmentedRaftLogWorker: created new log segment /home/runner/work/ozone/ozone/hadoop-ozone/integration-test/target/test-dir/MiniOzoneClusterImpl-4c2a292f-c896-477d-a18b-b69de7e7ed64/ozone-meta/datanode-2/ratis/86c067dd-2e56-4990-8ea7-a97e9b20c87d/current/log_inprogress_0
2024-08-03 20:04:54,544 [23b8e6c4-9ef5-4db8-98cf-56f7581f9eb2@group-A97E9B20C87D-StateMachineUpdater] INFO  server.RaftServer$Division (LeaderStateImpl.java:checkStartIndex(316)) - Leader 23b8e6c4-9ef5-4db8-98cf-56f7581f9eb2@group-A97E9B20C87D-LeaderStateImpl is ready since appliedIndex == startIndex == 0
2024-08-03 20:04:54,544 [ad840c1c-4245-4817-9bba-62272b02ba42@group-A97E9B20C87D-SegmentedRaftLogWorker] INFO  segmented.SegmentedRaftLogWorker (SegmentedRaftLogWorker.java:execute(637)) - ad840c1c-4245-4817-9bba-62272b02ba42@group-A97E9B20C87D-SegmentedRaftLogWorker: created new log segment /home/runner/work/ozone/ozone/hadoop-ozone/integration-test/target/test-dir/MiniOzoneClusterImpl-4c2a292f-c896-477d-a18b-b69de7e7ed64/ozone-meta/datanode-3/ratis/86c067dd-2e56-4990-8ea7-a97e9b20c87d/current/log_inprogress_0
2024-08-03 20:04:54,548 [23b8e6c4-9ef5-4db8-98cf-56f7581f9eb2@group-1E87DAE416C5-FollowerState] INFO  impl.FollowerState (FollowerState.java:run(144)) - 23b8e6c4-9ef5-4db8-98cf-56f7581f9eb2@group-1E87DAE416C5-FollowerState: change to CANDIDATE, lastRpcElapsedTime:5144530732ns, electionTimeout:5140ms
2024-08-03 20:04:54,548 [23b8e6c4-9ef5-4db8-98cf-56f7581f9eb2@group-1E87DAE416C5-FollowerState] INFO  impl.RoleInfo (RoleInfo.java:shutdownFollowerState(119)) - 23b8e6c4-9ef5-4db8-98cf-56f7581f9eb2: shutdown 23b8e6c4-9ef5-4db8-98cf-56f7581f9eb2@group-1E87DAE416C5-FollowerState
2024-08-03 20:04:54,548 [23b8e6c4-9ef5-4db8-98cf-56f7581f9eb2@group-1E87DAE416C5-FollowerState] INFO  server.RaftServer$Division (RaftServerImpl.java:setRole(376)) - 23b8e6c4-9ef5-4db8-98cf-56f7581f9eb2@group-1E87DAE416C5: changes role from  FOLLOWER to CANDIDATE at term 0 for changeToCandidate
2024-08-03 20:04:54,548 [23b8e6c4-9ef5-4db8-98cf-56f7581f9eb2@group-1E87DAE416C5-FollowerState] INFO  server.RaftServerConfigKeys (ConfUtils.java:logGet(46)) - raft.server.leaderelection.pre-vote = true (default)
2024-08-03 20:04:54,548 [23b8e6c4-9ef5-4db8-98cf-56f7581f9eb2@group-1E87DAE416C5-FollowerState] INFO  impl.RoleInfo (RoleInfo.java:updateAndGet(148)) - 23b8e6c4-9ef5-4db8-98cf-56f7581f9eb2: start 23b8e6c4-9ef5-4db8-98cf-56f7581f9eb2@group-1E87DAE416C5-LeaderElection5
2024-08-03 20:04:54,549 [23b8e6c4-9ef5-4db8-98cf-56f7581f9eb2@group-1E87DAE416C5-LeaderElection5] INFO  impl.LeaderElection (LeaderElection.java:askForVotes(321)) - 23b8e6c4-9ef5-4db8-98cf-56f7581f9eb2@group-1E87DAE416C5-LeaderElection5 PRE_VOTE round 0: submit vote requests at term 0 for conf: {index: -1, cur=peers:[23b8e6c4-9ef5-4db8-98cf-56f7581f9eb2|127.0.0.1:15030]|listeners:[], old=null}
2024-08-03 20:04:54,549 [23b8e6c4-9ef5-4db8-98cf-56f7581f9eb2@group-1E87DAE416C5-LeaderElection5] INFO  impl.LeaderElection (LeaderElection.java:askForVotes(323)) - 23b8e6c4-9ef5-4db8-98cf-56f7581f9eb2@group-1E87DAE416C5-LeaderElection5 PRE_VOTE round 0: result PASSED (term=0)
2024-08-03 20:04:54,551 [23b8e6c4-9ef5-4db8-98cf-56f7581f9eb2@group-1E87DAE416C5-LeaderElection5] INFO  impl.LeaderElection (LeaderElection.java:askForVotes(321)) - 23b8e6c4-9ef5-4db8-98cf-56f7581f9eb2@group-1E87DAE416C5-LeaderElection5 ELECTION round 0: submit vote requests at term 1 for conf: {index: -1, cur=peers:[23b8e6c4-9ef5-4db8-98cf-56f7581f9eb2|127.0.0.1:15030]|listeners:[], old=null}
2024-08-03 20:04:54,551 [23b8e6c4-9ef5-4db8-98cf-56f7581f9eb2@group-1E87DAE416C5-LeaderElection5] INFO  impl.LeaderElection (LeaderElection.java:askForVotes(323)) - 23b8e6c4-9ef5-4db8-98cf-56f7581f9eb2@group-1E87DAE416C5-LeaderElection5 ELECTION round 0: result PASSED (term=1)
2024-08-03 20:04:54,551 [23b8e6c4-9ef5-4db8-98cf-56f7581f9eb2@group-1E87DAE416C5-LeaderElection5] INFO  impl.RoleInfo (RoleInfo.java:shutdownLeaderElection(139)) - 23b8e6c4-9ef5-4db8-98cf-56f7581f9eb2: shutdown 23b8e6c4-9ef5-4db8-98cf-56f7581f9eb2@group-1E87DAE416C5-LeaderElection5
2024-08-03 20:04:54,551 [23b8e6c4-9ef5-4db8-98cf-56f7581f9eb2@group-1E87DAE416C5-LeaderElection5] INFO  server.RaftServer$Division (RaftServerImpl.java:setRole(376)) - 23b8e6c4-9ef5-4db8-98cf-56f7581f9eb2@group-1E87DAE416C5: changes role from CANDIDATE to LEADER at term 1 for changeToLeader
2024-08-03 20:04:54,551 [23b8e6c4-9ef5-4db8-98cf-56f7581f9eb2@group-1E87DAE416C5-LeaderElection5] INFO  server.RaftServerConfigKeys (ConfUtils.java:logGet(46)) - raft.server.staging.catchup.gap = 1000 (default)
2024-08-03 20:04:54,552 [23b8e6c4-9ef5-4db8-98cf-56f7581f9eb2@group-1E87DAE416C5-LeaderElection5] INFO  server.RaftServerConfigKeys (ConfUtils.java:logGet(46)) - raft.server.write.element-limit = 1024 (custom)
2024-08-03 20:04:54,552 [23b8e6c4-9ef5-4db8-98cf-56f7581f9eb2@group-1E87DAE416C5-LeaderElection5] INFO  server.RaftServerConfigKeys (ConfUtils.java:logGet(46)) - raft.server.write.byte-limit = 1024 M (=1073741824) (custom)
2024-08-03 20:04:54,552 [23b8e6c4-9ef5-4db8-98cf-56f7581f9eb2@group-1E87DAE416C5-LeaderElection5] INFO  server.RaftServerConfigKeys (ConfUtils.java:logGet(46)) - raft.server.watch.timeout = 30s (custom)
2024-08-03 20:04:54,553 [23b8e6c4-9ef5-4db8-98cf-56f7581f9eb2@group-1E87DAE416C5-LeaderElection5] INFO  server.RaftServerConfigKeys (ConfUtils.java:logGet(46)) - raft.server.watch.timeout.denomination = 1s (default)
2024-08-03 20:04:54,553 [23b8e6c4-9ef5-4db8-98cf-56f7581f9eb2@group-1E87DAE416C5-LeaderElection5] INFO  server.RaftServerConfigKeys (ConfUtils.java:logGet(46)) - raft.server.watch.element-limit = 65536 (default)
2024-08-03 20:04:54,553 [23b8e6c4-9ef5-4db8-98cf-56f7581f9eb2@group-1E87DAE416C5-LeaderElection5] INFO  server.RaftServerConfigKeys (ConfUtils.java:logGet(46)) - raft.server.read.leader.lease.enabled = false (default)
2024-08-03 20:04:54,553 [23b8e6c4-9ef5-4db8-98cf-56f7581f9eb2@group-1E87DAE416C5-LeaderElection5] INFO  server.RaftServerConfigKeys (ConfUtils.java:logGet(46)) - raft.server.read.leader.lease.timeout.ratio = 0.9 (default)
2024-08-03 20:04:54,554 [23b8e6c4-9ef5-4db8-98cf-56f7581f9eb2@group-1E87DAE416C5-LeaderElection5] INFO  server.RaftServerConfigKeys (ConfUtils.java:logGet(46)) - raft.server.rpc.timeout.min = 5s (custom)
2024-08-03 20:04:54,554 [23b8e6c4-9ef5-4db8-98cf-56f7581f9eb2@group-1E87DAE416C5-LeaderElection5] INFO  server.RaftServerConfigKeys (ConfUtils.java:logGet(46)) - raft.server.log.log-metadata.enabled = true (default)
2024-08-03 20:04:54,554 [23b8e6c4-9ef5-4db8-98cf-56f7581f9eb2@group-1E87DAE416C5-LeaderElection5] INFO  server.RaftServerConfigKeys (ConfUtils.java:logGet(46)) - raft.server.write.element-limit = 1024 (custom)
2024-08-03 20:04:54,554 [23b8e6c4-9ef5-4db8-98cf-56f7581f9eb2@group-1E87DAE416C5-LeaderElection5] INFO  server.RaftServerConfigKeys (ConfUtils.java:logGet(46)) - raft.server.write.follower.gap.ratio.max = -1.0 (default)
2024-08-03 20:04:54,554 [23b8e6c4-9ef5-4db8-98cf-56f7581f9eb2@group-1E87DAE416C5-LeaderElection5] INFO  impl.RoleInfo (RoleInfo.java:updateAndGet(148)) - 23b8e6c4-9ef5-4db8-98cf-56f7581f9eb2: start 23b8e6c4-9ef5-4db8-98cf-56f7581f9eb2@group-1E87DAE416C5-LeaderStateImpl
2024-08-03 20:04:54,554 [23b8e6c4-9ef5-4db8-98cf-56f7581f9eb2@group-1E87DAE416C5-LeaderElection5] INFO  server.RaftServer$Division (RaftServerImpl.java:setFirstElection(549)) - 23b8e6c4-9ef5-4db8-98cf-56f7581f9eb2@group-1E87DAE416C5: set firstElectionSinceStartup to false for becomeLeader
2024-08-03 20:04:54,554 [23b8e6c4-9ef5-4db8-98cf-56f7581f9eb2@group-1E87DAE416C5-LeaderElection5] INFO  ratis.XceiverServerRatis (XceiverServerRatis.java:handleLeaderChangedNotification(947)) - Leader change notification received for group: group-1E87DAE416C5 with new leaderId: 23b8e6c4-9ef5-4db8-98cf-56f7581f9eb2
2024-08-03 20:04:54,554 [23b8e6c4-9ef5-4db8-98cf-56f7581f9eb2@group-1E87DAE416C5-LeaderElection5] INFO  server.RaftServer$Division (ServerState.java:setLeader(272)) - 23b8e6c4-9ef5-4db8-98cf-56f7581f9eb2@group-1E87DAE416C5: change Leader from null to 23b8e6c4-9ef5-4db8-98cf-56f7581f9eb2 at term 1 for becomeLeader, leader elected after 5173ms
2024-08-03 20:04:54,554 [23b8e6c4-9ef5-4db8-98cf-56f7581f9eb2@group-1E87DAE416C5-LeaderElection5] INFO  segmented.SegmentedRaftLogWorker (SegmentedRaftLogWorker.java:startLogSegment(433)) - 23b8e6c4-9ef5-4db8-98cf-56f7581f9eb2@group-1E87DAE416C5-SegmentedRaftLogWorker: Starting segment from index:0
2024-08-03 20:04:54,555 [23b8e6c4-9ef5-4db8-98cf-56f7581f9eb2@group-1E87DAE416C5-LeaderElection5] INFO  server.RaftServer$Division (ServerState.java:setRaftConf(386)) - 23b8e6c4-9ef5-4db8-98cf-56f7581f9eb2@group-1E87DAE416C5: set configuration conf: {index: 0, cur=peers:[23b8e6c4-9ef5-4db8-98cf-56f7581f9eb2|127.0.0.1:15030]|listeners:[], old=null}
2024-08-03 20:04:54,555 [23b8e6c4-9ef5-4db8-98cf-56f7581f9eb2@group-1E87DAE416C5-SegmentedRaftLogWorker] INFO  segmented.BufferedWriteChannel (BufferedWriteChannel.java:open(61)) - open log_inprogress_0 at position 0
2024-08-03 20:04:54,567 [23b8e6c4-9ef5-4db8-98cf-56f7581f9eb2@group-1E87DAE416C5-SegmentedRaftLogWorker] INFO  segmented.SegmentedRaftLogWorker (SegmentedRaftLogWorker.java:execute(637)) - 23b8e6c4-9ef5-4db8-98cf-56f7581f9eb2@group-1E87DAE416C5-SegmentedRaftLogWorker: created new log segment /home/runner/work/ozone/ozone/hadoop-ozone/integration-test/target/test-dir/MiniOzoneClusterImpl-4c2a292f-c896-477d-a18b-b69de7e7ed64/ozone-meta/datanode-1/ratis/6472c907-96ec-45de-909b-1e87dae416c5/current/log_inprogress_0
2024-08-03 20:04:54,569 [23b8e6c4-9ef5-4db8-98cf-56f7581f9eb2@group-1E87DAE416C5-StateMachineUpdater] INFO  server.RaftServer$Division (LeaderStateImpl.java:checkStartIndex(316)) - Leader 23b8e6c4-9ef5-4db8-98cf-56f7581f9eb2@group-1E87DAE416C5-LeaderStateImpl is ready since appliedIndex == startIndex == 0
2024-08-03 20:04:54,761 [23b8e6c4-9ef5-4db8-98cf-56f7581f9eb2@group-29759FB93938-FollowerState] INFO  impl.FollowerState (FollowerState.java:run(144)) - 23b8e6c4-9ef5-4db8-98cf-56f7581f9eb2@group-29759FB93938-FollowerState: change to CANDIDATE, lastRpcElapsedTime:5140700933ns, electionTimeout:5135ms
2024-08-03 20:04:54,762 [23b8e6c4-9ef5-4db8-98cf-56f7581f9eb2@group-29759FB93938-FollowerState] INFO  impl.RoleInfo (RoleInfo.java:shutdownFollowerState(119)) - 23b8e6c4-9ef5-4db8-98cf-56f7581f9eb2: shutdown 23b8e6c4-9ef5-4db8-98cf-56f7581f9eb2@group-29759FB93938-FollowerState
2024-08-03 20:04:54,762 [23b8e6c4-9ef5-4db8-98cf-56f7581f9eb2@group-29759FB93938-FollowerState] INFO  server.RaftServer$Division (RaftServerImpl.java:setRole(376)) - 23b8e6c4-9ef5-4db8-98cf-56f7581f9eb2@group-29759FB93938: changes role from  FOLLOWER to CANDIDATE at term 0 for changeToCandidate
2024-08-03 20:04:54,762 [23b8e6c4-9ef5-4db8-98cf-56f7581f9eb2@group-29759FB93938-FollowerState] INFO  server.RaftServerConfigKeys (ConfUtils.java:logGet(46)) - raft.server.leaderelection.pre-vote = true (default)
2024-08-03 20:04:54,762 [23b8e6c4-9ef5-4db8-98cf-56f7581f9eb2@group-29759FB93938-FollowerState] INFO  impl.RoleInfo (RoleInfo.java:updateAndGet(148)) - 23b8e6c4-9ef5-4db8-98cf-56f7581f9eb2: start 23b8e6c4-9ef5-4db8-98cf-56f7581f9eb2@group-29759FB93938-LeaderElection6
2024-08-03 20:04:54,762 [23b8e6c4-9ef5-4db8-98cf-56f7581f9eb2@group-29759FB93938-LeaderElection6] INFO  impl.LeaderElection (LeaderElection.java:askForVotes(321)) - 23b8e6c4-9ef5-4db8-98cf-56f7581f9eb2@group-29759FB93938-LeaderElection6 PRE_VOTE round 0: submit vote requests at term 0 for conf: {index: -1, cur=peers:[23b8e6c4-9ef5-4db8-98cf-56f7581f9eb2|127.0.0.1:15030, 3dd31e9f-fa72-4829-9441-ee2f0f7ab9e4|127.0.0.1:15039, ad840c1c-4245-4817-9bba-62272b02ba42|127.0.0.1:15048]|listeners:[], old=null}
2024-08-03 20:04:54,763 [23b8e6c4-9ef5-4db8-98cf-56f7581f9eb2@group-29759FB93938-LeaderElection6] INFO  server.RaftServerConfigKeys (ConfUtils.java:logFallback(53)) - raft.server.rpc.first-election.timeout.min = 5s (fallback to raft.server.rpc.timeout.min)
2024-08-03 20:04:54,763 [23b8e6c4-9ef5-4db8-98cf-56f7581f9eb2@group-29759FB93938-LeaderElection6] INFO  server.RaftServerConfigKeys (ConfUtils.java:logFallback(53)) - raft.server.rpc.first-election.timeout.max = 5200ms (fallback to raft.server.rpc.timeout.max)
2024-08-03 20:04:54,765 [grpc-default-executor-4] INFO  server.RaftServer$Division (RaftServerImpl.java:requestVote(1416)) - ad840c1c-4245-4817-9bba-62272b02ba42@group-29759FB93938: receive requestVote(PRE_VOTE, 23b8e6c4-9ef5-4db8-98cf-56f7581f9eb2, group-29759FB93938, 0, (t:0, i:0))
2024-08-03 20:04:54,765 [grpc-default-executor-4] INFO  impl.VoteContext (VoteContext.java:log(49)) - ad840c1c-4245-4817-9bba-62272b02ba42@group-29759FB93938-FOLLOWER: accept PRE_VOTE from 23b8e6c4-9ef5-4db8-98cf-56f7581f9eb2: our priority 0 <= candidate's priority 0
2024-08-03 20:04:54,765 [grpc-default-executor-4] INFO  server.RaftServer$Division (RaftServerImpl.java:requestVote(1449)) - ad840c1c-4245-4817-9bba-62272b02ba42@group-29759FB93938 replies to PRE_VOTE vote request: 23b8e6c4-9ef5-4db8-98cf-56f7581f9eb2<-ad840c1c-4245-4817-9bba-62272b02ba42#0:OK-t0. Peer's state: ad840c1c-4245-4817-9bba-62272b02ba42@group-29759FB93938:t0, leader=null, voted=, raftlog=Memoized:ad840c1c-4245-4817-9bba-62272b02ba42@group-29759FB93938-SegmentedRaftLog:OPENED:c-1:lastnull, conf=conf: {index: -1, cur=peers:[23b8e6c4-9ef5-4db8-98cf-56f7581f9eb2|127.0.0.1:15030, 3dd31e9f-fa72-4829-9441-ee2f0f7ab9e4|127.0.0.1:15039, ad840c1c-4245-4817-9bba-62272b02ba42|127.0.0.1:15048]|listeners:[], old=null}
2024-08-03 20:04:54,768 [grpc-default-executor-0] INFO  server.RaftServer$Division (RaftServerImpl.java:requestVote(1416)) - 3dd31e9f-fa72-4829-9441-ee2f0f7ab9e4@group-29759FB93938: receive requestVote(PRE_VOTE, 23b8e6c4-9ef5-4db8-98cf-56f7581f9eb2, group-29759FB93938, 0, (t:0, i:0))
2024-08-03 20:04:54,768 [grpc-default-executor-0] INFO  impl.VoteContext (VoteContext.java:log(49)) - 3dd31e9f-fa72-4829-9441-ee2f0f7ab9e4@group-29759FB93938-FOLLOWER: reject PRE_VOTE from 23b8e6c4-9ef5-4db8-98cf-56f7581f9eb2: our priority 1 > candidate's priority 0
2024-08-03 20:04:54,768 [grpc-default-executor-0] INFO  server.RaftServer$Division (RaftServerImpl.java:requestVote(1449)) - 3dd31e9f-fa72-4829-9441-ee2f0f7ab9e4@group-29759FB93938 replies to PRE_VOTE vote request: 23b8e6c4-9ef5-4db8-98cf-56f7581f9eb2<-3dd31e9f-fa72-4829-9441-ee2f0f7ab9e4#0:FAIL-t0. Peer's state: 3dd31e9f-fa72-4829-9441-ee2f0f7ab9e4@group-29759FB93938:t0, leader=null, voted=, raftlog=Memoized:3dd31e9f-fa72-4829-9441-ee2f0f7ab9e4@group-29759FB93938-SegmentedRaftLog:OPENED:c-1:lastnull, conf=conf: {index: -1, cur=peers:[23b8e6c4-9ef5-4db8-98cf-56f7581f9eb2|127.0.0.1:15030, 3dd31e9f-fa72-4829-9441-ee2f0f7ab9e4|127.0.0.1:15039, ad840c1c-4245-4817-9bba-62272b02ba42|127.0.0.1:15048]|listeners:[], old=null}
2024-08-03 20:04:54,773 [23b8e6c4-9ef5-4db8-98cf-56f7581f9eb2@group-29759FB93938-LeaderElection6] INFO  impl.LeaderElection (LeaderElection.java:logAndReturn(89)) - 23b8e6c4-9ef5-4db8-98cf-56f7581f9eb2@group-29759FB93938-LeaderElection6: PRE_VOTE REJECTED received 2 response(s) and 0 exception(s):
2024-08-03 20:04:54,773 [23b8e6c4-9ef5-4db8-98cf-56f7581f9eb2@group-29759FB93938-LeaderElection6] INFO  impl.LeaderElection (LeaderElection.java:logAndReturn(93)) -   Response 0: 23b8e6c4-9ef5-4db8-98cf-56f7581f9eb2<-3dd31e9f-fa72-4829-9441-ee2f0f7ab9e4#0:FAIL-t0
2024-08-03 20:04:54,773 [23b8e6c4-9ef5-4db8-98cf-56f7581f9eb2@group-29759FB93938-LeaderElection6] INFO  impl.LeaderElection (LeaderElection.java:logAndReturn(93)) -   Response 1: 23b8e6c4-9ef5-4db8-98cf-56f7581f9eb2<-ad840c1c-4245-4817-9bba-62272b02ba42#0:OK-t0
2024-08-03 20:04:54,773 [23b8e6c4-9ef5-4db8-98cf-56f7581f9eb2@group-29759FB93938-LeaderElection6] INFO  impl.LeaderElection (LeaderElection.java:askForVotes(323)) - 23b8e6c4-9ef5-4db8-98cf-56f7581f9eb2@group-29759FB93938-LeaderElection6 PRE_VOTE round 0: result REJECTED
2024-08-03 20:04:54,773 [23b8e6c4-9ef5-4db8-98cf-56f7581f9eb2@group-29759FB93938-LeaderElection6] INFO  server.RaftServer$Division (RaftServerImpl.java:setRole(376)) - 23b8e6c4-9ef5-4db8-98cf-56f7581f9eb2@group-29759FB93938: changes role from CANDIDATE to FOLLOWER at term 0 for REJECTED
2024-08-03 20:04:54,773 [23b8e6c4-9ef5-4db8-98cf-56f7581f9eb2@group-29759FB93938-LeaderElection6] INFO  impl.RoleInfo (RoleInfo.java:shutdownLeaderElection(139)) - 23b8e6c4-9ef5-4db8-98cf-56f7581f9eb2: shutdown 23b8e6c4-9ef5-4db8-98cf-56f7581f9eb2@group-29759FB93938-LeaderElection6
2024-08-03 20:04:54,773 [23b8e6c4-9ef5-4db8-98cf-56f7581f9eb2@group-29759FB93938-LeaderElection6] INFO  impl.RoleInfo (RoleInfo.java:updateAndGet(148)) - 23b8e6c4-9ef5-4db8-98cf-56f7581f9eb2: start 23b8e6c4-9ef5-4db8-98cf-56f7581f9eb2@group-29759FB93938-FollowerState
2024-08-03 20:04:54,776 [23b8e6c4-9ef5-4db8-98cf-56f7581f9eb2@group-29759FB93938-LeaderElection6] INFO  server.RaftServer$Division (RaftServerImpl.java:setFirstElection(549)) - 23b8e6c4-9ef5-4db8-98cf-56f7581f9eb2@group-29759FB93938: set firstElectionSinceStartup to false for REJECTED
2024-08-03 20:04:54,787 [3dd31e9f-fa72-4829-9441-ee2f0f7ab9e4@group-29759FB93938-FollowerState] INFO  impl.FollowerState (FollowerState.java:run(144)) - 3dd31e9f-fa72-4829-9441-ee2f0f7ab9e4@group-29759FB93938-FollowerState: change to CANDIDATE, lastRpcElapsedTime:5126587874ns, electionTimeout:5125ms
2024-08-03 20:04:54,787 [3dd31e9f-fa72-4829-9441-ee2f0f7ab9e4@group-29759FB93938-FollowerState] INFO  impl.RoleInfo (RoleInfo.java:shutdownFollowerState(119)) - 3dd31e9f-fa72-4829-9441-ee2f0f7ab9e4: shutdown 3dd31e9f-fa72-4829-9441-ee2f0f7ab9e4@group-29759FB93938-FollowerState
2024-08-03 20:04:54,788 [3dd31e9f-fa72-4829-9441-ee2f0f7ab9e4@group-29759FB93938-FollowerState] INFO  server.RaftServer$Division (RaftServerImpl.java:setRole(376)) - 3dd31e9f-fa72-4829-9441-ee2f0f7ab9e4@group-29759FB93938: changes role from  FOLLOWER to CANDIDATE at term 0 for changeToCandidate
2024-08-03 20:04:54,788 [3dd31e9f-fa72-4829-9441-ee2f0f7ab9e4@group-29759FB93938-FollowerState] INFO  server.RaftServerConfigKeys (ConfUtils.java:logGet(46)) - raft.server.leaderelection.pre-vote = true (default)
2024-08-03 20:04:54,788 [3dd31e9f-fa72-4829-9441-ee2f0f7ab9e4@group-29759FB93938-FollowerState] INFO  impl.RoleInfo (RoleInfo.java:updateAndGet(148)) - 3dd31e9f-fa72-4829-9441-ee2f0f7ab9e4: start 3dd31e9f-fa72-4829-9441-ee2f0f7ab9e4@group-29759FB93938-LeaderElection7
2024-08-03 20:04:54,788 [3dd31e9f-fa72-4829-9441-ee2f0f7ab9e4@group-29759FB93938-LeaderElection7] INFO  impl.LeaderElection (LeaderElection.java:askForVotes(321)) - 3dd31e9f-fa72-4829-9441-ee2f0f7ab9e4@group-29759FB93938-LeaderElection7 PRE_VOTE round 0: submit vote requests at term 0 for conf: {index: -1, cur=peers:[23b8e6c4-9ef5-4db8-98cf-56f7581f9eb2|127.0.0.1:15030, 3dd31e9f-fa72-4829-9441-ee2f0f7ab9e4|127.0.0.1:15039, ad840c1c-4245-4817-9bba-62272b02ba42|127.0.0.1:15048]|listeners:[], old=null}
2024-08-03 20:04:54,788 [3dd31e9f-fa72-4829-9441-ee2f0f7ab9e4@group-29759FB93938-LeaderElection7-1] INFO  server.GrpcServerProtocolClient (GrpcServerProtocolClient.java:<init>(65)) - Build channel for 23b8e6c4-9ef5-4db8-98cf-56f7581f9eb2|127.0.0.1:15030
2024-08-03 20:04:54,789 [3dd31e9f-fa72-4829-9441-ee2f0f7ab9e4@group-29759FB93938-LeaderElection7-2] INFO  server.GrpcServerProtocolClient (GrpcServerProtocolClient.java:<init>(65)) - Build channel for ad840c1c-4245-4817-9bba-62272b02ba42|127.0.0.1:15048
2024-08-03 20:04:54,789 [3dd31e9f-fa72-4829-9441-ee2f0f7ab9e4@group-29759FB93938-LeaderElection7] INFO  server.RaftServerConfigKeys (ConfUtils.java:logFallback(53)) - raft.server.rpc.first-election.timeout.min = 5s (fallback to raft.server.rpc.timeout.min)
2024-08-03 20:04:54,789 [3dd31e9f-fa72-4829-9441-ee2f0f7ab9e4@group-29759FB93938-LeaderElection7] INFO  server.RaftServerConfigKeys (ConfUtils.java:logFallback(53)) - raft.server.rpc.first-election.timeout.max = 5200ms (fallback to raft.server.rpc.timeout.max)
2024-08-03 20:04:54,794 [grpc-default-executor-4] INFO  server.RaftServer$Division (RaftServerImpl.java:requestVote(1416)) - ad840c1c-4245-4817-9bba-62272b02ba42@group-29759FB93938: receive requestVote(PRE_VOTE, 3dd31e9f-fa72-4829-9441-ee2f0f7ab9e4, group-29759FB93938, 0, (t:0, i:0))
2024-08-03 20:04:54,794 [grpc-default-executor-4] INFO  impl.VoteContext (VoteContext.java:log(49)) - ad840c1c-4245-4817-9bba-62272b02ba42@group-29759FB93938-FOLLOWER: accept PRE_VOTE from 3dd31e9f-fa72-4829-9441-ee2f0f7ab9e4: our priority 0 <= candidate's priority 1
2024-08-03 20:04:54,794 [grpc-default-executor-0] INFO  server.RaftServer$Division (RaftServerImpl.java:requestVote(1416)) - 23b8e6c4-9ef5-4db8-98cf-56f7581f9eb2@group-29759FB93938: receive requestVote(PRE_VOTE, 3dd31e9f-fa72-4829-9441-ee2f0f7ab9e4, group-29759FB93938, 0, (t:0, i:0))
2024-08-03 20:04:54,795 [grpc-default-executor-0] INFO  impl.VoteContext (VoteContext.java:log(49)) - 23b8e6c4-9ef5-4db8-98cf-56f7581f9eb2@group-29759FB93938-FOLLOWER: accept PRE_VOTE from 3dd31e9f-fa72-4829-9441-ee2f0f7ab9e4: our priority 0 <= candidate's priority 1
2024-08-03 20:04:54,795 [grpc-default-executor-0] INFO  server.RaftServer$Division (RaftServerImpl.java:requestVote(1449)) - 23b8e6c4-9ef5-4db8-98cf-56f7581f9eb2@group-29759FB93938 replies to PRE_VOTE vote request: 3dd31e9f-fa72-4829-9441-ee2f0f7ab9e4<-23b8e6c4-9ef5-4db8-98cf-56f7581f9eb2#0:OK-t0. Peer's state: 23b8e6c4-9ef5-4db8-98cf-56f7581f9eb2@group-29759FB93938:t0, leader=null, voted=, raftlog=Memoized:23b8e6c4-9ef5-4db8-98cf-56f7581f9eb2@group-29759FB93938-SegmentedRaftLog:OPENED:c-1:lastnull, conf=conf: {index: -1, cur=peers:[23b8e6c4-9ef5-4db8-98cf-56f7581f9eb2|127.0.0.1:15030, 3dd31e9f-fa72-4829-9441-ee2f0f7ab9e4|127.0.0.1:15039, ad840c1c-4245-4817-9bba-62272b02ba42|127.0.0.1:15048]|listeners:[], old=null}
2024-08-03 20:04:54,795 [grpc-default-executor-4] INFO  server.RaftServer$Division (RaftServerImpl.java:requestVote(1449)) - ad840c1c-4245-4817-9bba-62272b02ba42@group-29759FB93938 replies to PRE_VOTE vote request: 3dd31e9f-fa72-4829-9441-ee2f0f7ab9e4<-ad840c1c-4245-4817-9bba-62272b02ba42#0:OK-t0. Peer's state: ad840c1c-4245-4817-9bba-62272b02ba42@group-29759FB93938:t0, leader=null, voted=, raftlog=Memoized:ad840c1c-4245-4817-9bba-62272b02ba42@group-29759FB93938-SegmentedRaftLog:OPENED:c-1:lastnull, conf=conf: {index: -1, cur=peers:[23b8e6c4-9ef5-4db8-98cf-56f7581f9eb2|127.0.0.1:15030, 3dd31e9f-fa72-4829-9441-ee2f0f7ab9e4|127.0.0.1:15039, ad840c1c-4245-4817-9bba-62272b02ba42|127.0.0.1:15048]|listeners:[], old=null}
2024-08-03 20:04:54,804 [3dd31e9f-fa72-4829-9441-ee2f0f7ab9e4@group-29759FB93938-LeaderElection7] INFO  impl.LeaderElection (LeaderElection.java:logAndReturn(89)) - 3dd31e9f-fa72-4829-9441-ee2f0f7ab9e4@group-29759FB93938-LeaderElection7: PRE_VOTE PASSED received 1 response(s) and 0 exception(s):
2024-08-03 20:04:54,804 [3dd31e9f-fa72-4829-9441-ee2f0f7ab9e4@group-29759FB93938-LeaderElection7] INFO  impl.LeaderElection (LeaderElection.java:logAndReturn(93)) -   Response 0: 3dd31e9f-fa72-4829-9441-ee2f0f7ab9e4<-ad840c1c-4245-4817-9bba-62272b02ba42#0:OK-t0
2024-08-03 20:04:54,804 [3dd31e9f-fa72-4829-9441-ee2f0f7ab9e4@group-29759FB93938-LeaderElection7] INFO  impl.LeaderElection (LeaderElection.java:askForVotes(323)) - 3dd31e9f-fa72-4829-9441-ee2f0f7ab9e4@group-29759FB93938-LeaderElection7 PRE_VOTE round 0: result PASSED
2024-08-03 20:04:54,806 [3dd31e9f-fa72-4829-9441-ee2f0f7ab9e4@group-29759FB93938-LeaderElection7] INFO  impl.LeaderElection (LeaderElection.java:askForVotes(321)) - 3dd31e9f-fa72-4829-9441-ee2f0f7ab9e4@group-29759FB93938-LeaderElection7 ELECTION round 0: submit vote requests at term 1 for conf: {index: -1, cur=peers:[23b8e6c4-9ef5-4db8-98cf-56f7581f9eb2|127.0.0.1:15030, 3dd31e9f-fa72-4829-9441-ee2f0f7ab9e4|127.0.0.1:15039, ad840c1c-4245-4817-9bba-62272b02ba42|127.0.0.1:15048]|listeners:[], old=null}
2024-08-03 20:04:54,806 [3dd31e9f-fa72-4829-9441-ee2f0f7ab9e4@group-29759FB93938-LeaderElection7] INFO  server.RaftServerConfigKeys (ConfUtils.java:logFallback(53)) - raft.server.rpc.first-election.timeout.min = 5s (fallback to raft.server.rpc.timeout.min)
2024-08-03 20:04:54,806 [3dd31e9f-fa72-4829-9441-ee2f0f7ab9e4@group-29759FB93938-LeaderElection7] INFO  server.RaftServerConfigKeys (ConfUtils.java:logFallback(53)) - raft.server.rpc.first-election.timeout.max = 5200ms (fallback to raft.server.rpc.timeout.max)
2024-08-03 20:04:54,807 [grpc-default-executor-0] INFO  server.RaftServer$Division (RaftServerImpl.java:requestVote(1416)) - 23b8e6c4-9ef5-4db8-98cf-56f7581f9eb2@group-29759FB93938: receive requestVote(ELECTION, 3dd31e9f-fa72-4829-9441-ee2f0f7ab9e4, group-29759FB93938, 1, (t:0, i:0))
2024-08-03 20:04:54,808 [grpc-default-executor-4] INFO  server.RaftServer$Division (RaftServerImpl.java:requestVote(1416)) - ad840c1c-4245-4817-9bba-62272b02ba42@group-29759FB93938: receive requestVote(ELECTION, 3dd31e9f-fa72-4829-9441-ee2f0f7ab9e4, group-29759FB93938, 1, (t:0, i:0))
2024-08-03 20:04:54,808 [grpc-default-executor-0] INFO  impl.VoteContext (VoteContext.java:log(49)) - 23b8e6c4-9ef5-4db8-98cf-56f7581f9eb2@group-29759FB93938-FOLLOWER: accept ELECTION from 3dd31e9f-fa72-4829-9441-ee2f0f7ab9e4: our priority 0 <= candidate's priority 1
2024-08-03 20:04:54,808 [grpc-default-executor-0] INFO  server.RaftServer$Division (RaftServerImpl.java:setRole(376)) - 23b8e6c4-9ef5-4db8-98cf-56f7581f9eb2@group-29759FB93938: changes role from  FOLLOWER to FOLLOWER at term 1 for candidate:3dd31e9f-fa72-4829-9441-ee2f0f7ab9e4
2024-08-03 20:04:54,808 [grpc-default-executor-0] INFO  impl.RoleInfo (RoleInfo.java:shutdownFollowerState(119)) - 23b8e6c4-9ef5-4db8-98cf-56f7581f9eb2: shutdown 23b8e6c4-9ef5-4db8-98cf-56f7581f9eb2@group-29759FB93938-FollowerState
2024-08-03 20:04:54,808 [grpc-default-executor-0] INFO  impl.RoleInfo (RoleInfo.java:updateAndGet(148)) - 23b8e6c4-9ef5-4db8-98cf-56f7581f9eb2: start 23b8e6c4-9ef5-4db8-98cf-56f7581f9eb2@group-29759FB93938-FollowerState
2024-08-03 20:04:54,808 [grpc-default-executor-4] INFO  impl.VoteContext (VoteContext.java:log(49)) - ad840c1c-4245-4817-9bba-62272b02ba42@group-29759FB93938-FOLLOWER: accept ELECTION from 3dd31e9f-fa72-4829-9441-ee2f0f7ab9e4: our priority 0 <= candidate's priority 1
2024-08-03 20:04:54,808 [23b8e6c4-9ef5-4db8-98cf-56f7581f9eb2@group-29759FB93938-FollowerState] INFO  impl.FollowerState (FollowerState.java:run(153)) - 23b8e6c4-9ef5-4db8-98cf-56f7581f9eb2@group-29759FB93938-FollowerState was interrupted
2024-08-03 20:04:54,808 [grpc-default-executor-4] INFO  server.RaftServer$Division (RaftServerImpl.java:setRole(376)) - ad840c1c-4245-4817-9bba-62272b02ba42@group-29759FB93938: changes role from  FOLLOWER to FOLLOWER at term 1 for candidate:3dd31e9f-fa72-4829-9441-ee2f0f7ab9e4
2024-08-03 20:04:54,808 [grpc-default-executor-4] INFO  impl.RoleInfo (RoleInfo.java:shutdownFollowerState(119)) - ad840c1c-4245-4817-9bba-62272b02ba42: shutdown ad840c1c-4245-4817-9bba-62272b02ba42@group-29759FB93938-FollowerState
2024-08-03 20:04:54,808 [grpc-default-executor-4] INFO  impl.RoleInfo (RoleInfo.java:updateAndGet(148)) - ad840c1c-4245-4817-9bba-62272b02ba42: start ad840c1c-4245-4817-9bba-62272b02ba42@group-29759FB93938-FollowerState
2024-08-03 20:04:54,808 [ad840c1c-4245-4817-9bba-62272b02ba42@group-29759FB93938-FollowerState] INFO  impl.FollowerState (FollowerState.java:run(153)) - ad840c1c-4245-4817-9bba-62272b02ba42@group-29759FB93938-FollowerState was interrupted
2024-08-03 20:04:54,811 [grpc-default-executor-4] INFO  server.RaftServer$Division (RaftServerImpl.java:setFirstElection(549)) - ad840c1c-4245-4817-9bba-62272b02ba42@group-29759FB93938: set firstElectionSinceStartup to false for candidate:3dd31e9f-fa72-4829-9441-ee2f0f7ab9e4
2024-08-03 20:04:54,813 [grpc-default-executor-4] INFO  server.RaftServer$Division (RaftServerImpl.java:requestVote(1449)) - ad840c1c-4245-4817-9bba-62272b02ba42@group-29759FB93938 replies to ELECTION vote request: 3dd31e9f-fa72-4829-9441-ee2f0f7ab9e4<-ad840c1c-4245-4817-9bba-62272b02ba42#0:OK-t1. Peer's state: ad840c1c-4245-4817-9bba-62272b02ba42@group-29759FB93938:t1, leader=null, voted=3dd31e9f-fa72-4829-9441-ee2f0f7ab9e4, raftlog=Memoized:ad840c1c-4245-4817-9bba-62272b02ba42@group-29759FB93938-SegmentedRaftLog:OPENED:c-1:lastnull, conf=conf: {index: -1, cur=peers:[23b8e6c4-9ef5-4db8-98cf-56f7581f9eb2|127.0.0.1:15030, 3dd31e9f-fa72-4829-9441-ee2f0f7ab9e4|127.0.0.1:15039, ad840c1c-4245-4817-9bba-62272b02ba42|127.0.0.1:15048]|listeners:[], old=null}
2024-08-03 20:04:54,814 [grpc-default-executor-0] INFO  server.RaftServer$Division (RaftServerImpl.java:requestVote(1449)) - 23b8e6c4-9ef5-4db8-98cf-56f7581f9eb2@group-29759FB93938 replies to ELECTION vote request: 3dd31e9f-fa72-4829-9441-ee2f0f7ab9e4<-23b8e6c4-9ef5-4db8-98cf-56f7581f9eb2#0:OK-t1. Peer's state: 23b8e6c4-9ef5-4db8-98cf-56f7581f9eb2@group-29759FB93938:t1, leader=null, voted=3dd31e9f-fa72-4829-9441-ee2f0f7ab9e4, raftlog=Memoized:23b8e6c4-9ef5-4db8-98cf-56f7581f9eb2@group-29759FB93938-SegmentedRaftLog:OPENED:c-1:lastnull, conf=conf: {index: -1, cur=peers:[23b8e6c4-9ef5-4db8-98cf-56f7581f9eb2|127.0.0.1:15030, 3dd31e9f-fa72-4829-9441-ee2f0f7ab9e4|127.0.0.1:15039, ad840c1c-4245-4817-9bba-62272b02ba42|127.0.0.1:15048]|listeners:[], old=null}
2024-08-03 20:04:54,814 [3dd31e9f-fa72-4829-9441-ee2f0f7ab9e4@group-29759FB93938-LeaderElection7] INFO  impl.LeaderElection (LeaderElection.java:logAndReturn(89)) - 3dd31e9f-fa72-4829-9441-ee2f0f7ab9e4@group-29759FB93938-LeaderElection7: ELECTION PASSED received 1 response(s) and 0 exception(s):
2024-08-03 20:04:54,815 [3dd31e9f-fa72-4829-9441-ee2f0f7ab9e4@group-29759FB93938-LeaderElection7] INFO  impl.LeaderElection (LeaderElection.java:logAndReturn(93)) -   Response 0: 3dd31e9f-fa72-4829-9441-ee2f0f7ab9e4<-ad840c1c-4245-4817-9bba-62272b02ba42#0:OK-t1
2024-08-03 20:04:54,815 [3dd31e9f-fa72-4829-9441-ee2f0f7ab9e4@group-29759FB93938-LeaderElection7] INFO  impl.LeaderElection (LeaderElection.java:askForVotes(323)) - 3dd31e9f-fa72-4829-9441-ee2f0f7ab9e4@group-29759FB93938-LeaderElection7 ELECTION round 0: result PASSED
2024-08-03 20:04:54,815 [3dd31e9f-fa72-4829-9441-ee2f0f7ab9e4@group-29759FB93938-LeaderElection7] INFO  impl.RoleInfo (RoleInfo.java:shutdownLeaderElection(139)) - 3dd31e9f-fa72-4829-9441-ee2f0f7ab9e4: shutdown 3dd31e9f-fa72-4829-9441-ee2f0f7ab9e4@group-29759FB93938-LeaderElection7
2024-08-03 20:04:54,815 [3dd31e9f-fa72-4829-9441-ee2f0f7ab9e4@group-29759FB93938-LeaderElection7] INFO  server.RaftServer$Division (RaftServerImpl.java:setRole(376)) - 3dd31e9f-fa72-4829-9441-ee2f0f7ab9e4@group-29759FB93938: changes role from CANDIDATE to LEADER at term 1 for changeToLeader
2024-08-03 20:04:54,815 [3dd31e9f-fa72-4829-9441-ee2f0f7ab9e4@group-29759FB93938-LeaderElection7] INFO  server.RaftServerConfigKeys (ConfUtils.java:logGet(46)) - raft.server.staging.catchup.gap = 1000 (default)
2024-08-03 20:04:54,815 [3dd31e9f-fa72-4829-9441-ee2f0f7ab9e4@group-29759FB93938-LeaderElection7] INFO  server.RaftServerConfigKeys (ConfUtils.java:logGet(46)) - raft.server.write.element-limit = 1024 (custom)
2024-08-03 20:04:54,815 [3dd31e9f-fa72-4829-9441-ee2f0f7ab9e4@group-29759FB93938-LeaderElection7] INFO  server.RaftServerConfigKeys (ConfUtils.java:logGet(46)) - raft.server.write.byte-limit = 1024 M (=1073741824) (custom)
2024-08-03 20:04:54,815 [3dd31e9f-fa72-4829-9441-ee2f0f7ab9e4@group-29759FB93938-LeaderElection7] INFO  server.RaftServerConfigKeys (ConfUtils.java:logGet(46)) - raft.server.watch.timeout = 30s (custom)
2024-08-03 20:04:54,816 [3dd31e9f-fa72-4829-9441-ee2f0f7ab9e4@group-29759FB93938-LeaderElection7] INFO  server.RaftServerConfigKeys (ConfUtils.java:logGet(46)) - raft.server.watch.timeout.denomination = 1s (default)
2024-08-03 20:04:54,816 [3dd31e9f-fa72-4829-9441-ee2f0f7ab9e4@group-29759FB93938-LeaderElection7] INFO  server.RaftServerConfigKeys (ConfUtils.java:logGet(46)) - raft.server.watch.element-limit = 65536 (default)
2024-08-03 20:04:54,816 [3dd31e9f-fa72-4829-9441-ee2f0f7ab9e4@group-29759FB93938-LeaderElection7] INFO  server.RaftServerConfigKeys (ConfUtils.java:logGet(46)) - raft.server.read.leader.lease.enabled = false (default)
2024-08-03 20:04:54,816 [3dd31e9f-fa72-4829-9441-ee2f0f7ab9e4@group-29759FB93938-LeaderElection7] INFO  server.RaftServerConfigKeys (ConfUtils.java:logGet(46)) - raft.server.read.leader.lease.timeout.ratio = 0.9 (default)
2024-08-03 20:04:54,816 [3dd31e9f-fa72-4829-9441-ee2f0f7ab9e4@group-29759FB93938-LeaderElection7] INFO  server.RaftServerConfigKeys (ConfUtils.java:logGet(46)) - raft.server.rpc.timeout.min = 5s (custom)
2024-08-03 20:04:54,816 [3dd31e9f-fa72-4829-9441-ee2f0f7ab9e4@group-29759FB93938-LeaderElection7] INFO  server.RaftServerConfigKeys (ConfUtils.java:logGet(46)) - raft.server.log.log-metadata.enabled = true (default)
2024-08-03 20:04:54,816 [3dd31e9f-fa72-4829-9441-ee2f0f7ab9e4@group-29759FB93938-LeaderElection7] INFO  server.RaftServerConfigKeys (ConfUtils.java:logGet(46)) - raft.server.write.element-limit = 1024 (custom)
2024-08-03 20:04:54,816 [3dd31e9f-fa72-4829-9441-ee2f0f7ab9e4@group-29759FB93938-LeaderElection7] INFO  server.RaftServerConfigKeys (ConfUtils.java:logGet(46)) - raft.server.write.follower.gap.ratio.max = -1.0 (default)
2024-08-03 20:04:54,817 [3dd31e9f-fa72-4829-9441-ee2f0f7ab9e4@group-29759FB93938-LeaderElection7] INFO  server.RaftServerConfigKeys (ConfUtils.java:logGet(46)) - raft.server.log.appender.snapshot.chunk.size.max = 16MB (=16777216) (default)
2024-08-03 20:04:54,817 [3dd31e9f-fa72-4829-9441-ee2f0f7ab9e4@group-29759FB93938-LeaderElection7] INFO  server.RaftServerConfigKeys (ConfUtils.java:logGet(46)) - raft.server.log.appender.buffer.byte-limit = 8388608 (custom)
2024-08-03 20:04:54,817 [3dd31e9f-fa72-4829-9441-ee2f0f7ab9e4@group-29759FB93938-LeaderElection7] INFO  server.RaftServerConfigKeys (ConfUtils.java:logGet(46)) - raft.server.log.appender.buffer.element-limit = 1024 (custom)
2024-08-03 20:04:54,818 [3dd31e9f-fa72-4829-9441-ee2f0f7ab9e4@group-29759FB93938-LeaderElection7] INFO  server.RaftServerConfigKeys (ConfUtils.java:logGet(46)) - raft.server.log.appender.wait-time.min = 0μs (custom)
2024-08-03 20:04:54,818 [3dd31e9f-fa72-4829-9441-ee2f0f7ab9e4@group-29759FB93938-LeaderElection7] INFO  grpc.GrpcConfigKeys (ConfUtils.java:logGet(46)) - raft.grpc.server.leader.outstanding.appends.max = 8 (default)
2024-08-03 20:04:54,818 [3dd31e9f-fa72-4829-9441-ee2f0f7ab9e4@group-29759FB93938-LeaderElection7] INFO  server.RaftServerConfigKeys (ConfUtils.java:logGet(46)) - raft.server.rpc.request.timeout = 60s (custom)
2024-08-03 20:04:54,818 [3dd31e9f-fa72-4829-9441-ee2f0f7ab9e4@group-29759FB93938-LeaderElection7] INFO  grpc.GrpcConfigKeys (ConfUtils.java:logGet(46)) - raft.grpc.server.install_snapshot.request.element-limit = 8 (default)
2024-08-03 20:04:54,818 [3dd31e9f-fa72-4829-9441-ee2f0f7ab9e4@group-29759FB93938-LeaderElection7] INFO  grpc.GrpcConfigKeys (ConfUtils.java:logGet(46)) - raft.grpc.server.install_snapshot.request.timeout = 3000ms (default)
2024-08-03 20:04:54,818 [3dd31e9f-fa72-4829-9441-ee2f0f7ab9e4@group-29759FB93938-LeaderElection7] INFO  grpc.GrpcConfigKeys (ConfUtils.java:logGet(46)) - raft.grpc.server.log-message.batch.duration = 5s (default)
2024-08-03 20:04:54,818 [3dd31e9f-fa72-4829-9441-ee2f0f7ab9e4@group-29759FB93938-LeaderElection7] INFO  server.RaftServerConfigKeys (ConfUtils.java:logGet(46)) - raft.server.log.appender.install.snapshot.enabled = false (custom)
2024-08-03 20:04:54,818 [3dd31e9f-fa72-4829-9441-ee2f0f7ab9e4@group-29759FB93938-LeaderElection7] INFO  grpc.GrpcConfigKeys (ConfUtils.java:logGet(46)) - raft.grpc.server.heartbeat.channel = true (default)
2024-08-03 20:04:54,820 [3dd31e9f-fa72-4829-9441-ee2f0f7ab9e4@group-29759FB93938-LeaderElection7] INFO  server.RaftServerConfigKeys (ConfUtils.java:logGet(46)) - raft.server.log.appender.snapshot.chunk.size.max = 16MB (=16777216) (default)
2024-08-03 20:04:54,820 [3dd31e9f-fa72-4829-9441-ee2f0f7ab9e4@group-29759FB93938-LeaderElection7] INFO  server.RaftServerConfigKeys (ConfUtils.java:logGet(46)) - raft.server.log.appender.buffer.byte-limit = 8388608 (custom)
2024-08-03 20:04:54,820 [3dd31e9f-fa72-4829-9441-ee2f0f7ab9e4@group-29759FB93938-LeaderElection7] INFO  server.RaftServerConfigKeys (ConfUtils.java:logGet(46)) - raft.server.log.appender.buffer.element-limit = 1024 (custom)
2024-08-03 20:04:54,820 [3dd31e9f-fa72-4829-9441-ee2f0f7ab9e4@group-29759FB93938-LeaderElection7] INFO  server.RaftServerConfigKeys (ConfUtils.java:logGet(46)) - raft.server.log.appender.wait-time.min = 0μs (custom)
2024-08-03 20:04:54,820 [3dd31e9f-fa72-4829-9441-ee2f0f7ab9e4@group-29759FB93938-LeaderElection7] INFO  grpc.GrpcConfigKeys (ConfUtils.java:logGet(46)) - raft.grpc.server.leader.outstanding.appends.max = 8 (default)
2024-08-03 20:04:54,821 [3dd31e9f-fa72-4829-9441-ee2f0f7ab9e4@group-29759FB93938-LeaderElection7] INFO  server.RaftServerConfigKeys (ConfUtils.java:logGet(46)) - raft.server.rpc.request.timeout = 60s (custom)
2024-08-03 20:04:54,821 [3dd31e9f-fa72-4829-9441-ee2f0f7ab9e4@group-29759FB93938-LeaderElection7] INFO  grpc.GrpcConfigKeys (ConfUtils.java:logGet(46)) - raft.grpc.server.install_snapshot.request.element-limit = 8 (default)
2024-08-03 20:04:54,822 [3dd31e9f-fa72-4829-9441-ee2f0f7ab9e4@group-29759FB93938-LeaderElection7] INFO  grpc.GrpcConfigKeys (ConfUtils.java:logGet(46)) - raft.grpc.server.install_snapshot.request.timeout = 3000ms (default)
2024-08-03 20:04:54,822 [3dd31e9f-fa72-4829-9441-ee2f0f7ab9e4@group-29759FB93938-LeaderElection7] INFO  grpc.GrpcConfigKeys (ConfUtils.java:logGet(46)) - raft.grpc.server.log-message.batch.duration = 5s (default)
2024-08-03 20:04:54,822 [3dd31e9f-fa72-4829-9441-ee2f0f7ab9e4@group-29759FB93938-LeaderElection7] INFO  server.RaftServerConfigKeys (ConfUtils.java:logGet(46)) - raft.server.log.appender.install.snapshot.enabled = false (custom)
2024-08-03 20:04:54,822 [3dd31e9f-fa72-4829-9441-ee2f0f7ab9e4@group-29759FB93938-LeaderElection7] INFO  grpc.GrpcConfigKeys (ConfUtils.java:logGet(46)) - raft.grpc.server.heartbeat.channel = true (default)
2024-08-03 20:04:54,822 [3dd31e9f-fa72-4829-9441-ee2f0f7ab9e4@group-29759FB93938-LeaderElection7] INFO  impl.RoleInfo (RoleInfo.java:updateAndGet(148)) - 3dd31e9f-fa72-4829-9441-ee2f0f7ab9e4: start 3dd31e9f-fa72-4829-9441-ee2f0f7ab9e4@group-29759FB93938-LeaderStateImpl
2024-08-03 20:04:54,822 [3dd31e9f-fa72-4829-9441-ee2f0f7ab9e4@group-29759FB93938-LeaderElection7] INFO  server.RaftServer$Division (RaftServerImpl.java:setFirstElection(549)) - 3dd31e9f-fa72-4829-9441-ee2f0f7ab9e4@group-29759FB93938: set firstElectionSinceStartup to false for becomeLeader
2024-08-03 20:04:54,823 [3dd31e9f-fa72-4829-9441-ee2f0f7ab9e4@group-29759FB93938-LeaderElection7] INFO  ratis.XceiverServerRatis (XceiverServerRatis.java:handleLeaderChangedNotification(947)) - Leader change notification received for group: group-29759FB93938 with new leaderId: 3dd31e9f-fa72-4829-9441-ee2f0f7ab9e4
2024-08-03 20:04:54,823 [3dd31e9f-fa72-4829-9441-ee2f0f7ab9e4@group-29759FB93938-LeaderElection7] INFO  server.RaftServer$Division (ServerState.java:setLeader(272)) - 3dd31e9f-fa72-4829-9441-ee2f0f7ab9e4@group-29759FB93938: change Leader from null to 3dd31e9f-fa72-4829-9441-ee2f0f7ab9e4 at term 1 for becomeLeader, leader elected after 5187ms
2024-08-03 20:04:54,823 [3dd31e9f-fa72-4829-9441-ee2f0f7ab9e4@group-29759FB93938-LeaderElection7] INFO  segmented.SegmentedRaftLogWorker (SegmentedRaftLogWorker.java:startLogSegment(433)) - 3dd31e9f-fa72-4829-9441-ee2f0f7ab9e4@group-29759FB93938-SegmentedRaftLogWorker: Starting segment from index:0
2024-08-03 20:04:54,824 [3dd31e9f-fa72-4829-9441-ee2f0f7ab9e4@group-29759FB93938-SegmentedRaftLogWorker] INFO  segmented.BufferedWriteChannel (BufferedWriteChannel.java:open(61)) - open log_inprogress_0 at position 0
2024-08-03 20:04:54,828 [scmNode-1-EventQueue-PipelineReportForPipelineReportHandler] INFO  pipeline.PipelineReportHandler (PipelineReportHandler.java:processPipelineReport(136)) - Opened pipeline PipelineID=c3067428-c4b1-46eb-945d-29759fb93938
2024-08-03 20:04:54,831 [3dd31e9f-fa72-4829-9441-ee2f0f7ab9e4@group-29759FB93938-LeaderElection7] INFO  server.RaftServer$Division (ServerState.java:setRaftConf(386)) - 3dd31e9f-fa72-4829-9441-ee2f0f7ab9e4@group-29759FB93938: set configuration conf: {index: 0, cur=peers:[23b8e6c4-9ef5-4db8-98cf-56f7581f9eb2|127.0.0.1:15030, 3dd31e9f-fa72-4829-9441-ee2f0f7ab9e4|127.0.0.1:15039, ad840c1c-4245-4817-9bba-62272b02ba42|127.0.0.1:15048]|listeners:[], old=null}
2024-08-03 20:04:54,836 [3dd31e9f-fa72-4829-9441-ee2f0f7ab9e4@group-29759FB93938-SegmentedRaftLogWorker] INFO  segmented.SegmentedRaftLogWorker (SegmentedRaftLogWorker.java:execute(637)) - 3dd31e9f-fa72-4829-9441-ee2f0f7ab9e4@group-29759FB93938-SegmentedRaftLogWorker: created new log segment /home/runner/work/ozone/ozone/hadoop-ozone/integration-test/target/test-dir/MiniOzoneClusterImpl-4c2a292f-c896-477d-a18b-b69de7e7ed64/ozone-meta/datanode-2/ratis/c3067428-c4b1-46eb-945d-29759fb93938/current/log_inprogress_0
2024-08-03 20:04:54,846 [23b8e6c4-9ef5-4db8-98cf-56f7581f9eb2-server-thread1] INFO  ratis.XceiverServerRatis (XceiverServerRatis.java:handleLeaderChangedNotification(947)) - Leader change notification received for group: group-29759FB93938 with new leaderId: 3dd31e9f-fa72-4829-9441-ee2f0f7ab9e4
2024-08-03 20:04:54,848 [23b8e6c4-9ef5-4db8-98cf-56f7581f9eb2-server-thread1] INFO  server.RaftServer$Division (ServerState.java:setLeader(272)) - 23b8e6c4-9ef5-4db8-98cf-56f7581f9eb2@group-29759FB93938: change Leader from null to 3dd31e9f-fa72-4829-9441-ee2f0f7ab9e4 at term 1 for appendEntries, leader elected after 5243ms
2024-08-03 20:04:54,853 [23b8e6c4-9ef5-4db8-98cf-56f7581f9eb2-server-thread2] INFO  server.RaftServer$Division (ServerState.java:setRaftConf(386)) - 23b8e6c4-9ef5-4db8-98cf-56f7581f9eb2@group-29759FB93938: set configuration conf: {index: 0, cur=peers:[23b8e6c4-9ef5-4db8-98cf-56f7581f9eb2|127.0.0.1:15030, 3dd31e9f-fa72-4829-9441-ee2f0f7ab9e4|127.0.0.1:15039, ad840c1c-4245-4817-9bba-62272b02ba42|127.0.0.1:15048]|listeners:[], old=null}
2024-08-03 20:04:54,853 [23b8e6c4-9ef5-4db8-98cf-56f7581f9eb2-server-thread2] INFO  segmented.SegmentedRaftLogWorker (SegmentedRaftLogWorker.java:startLogSegment(433)) - 23b8e6c4-9ef5-4db8-98cf-56f7581f9eb2@group-29759FB93938-SegmentedRaftLogWorker: Starting segment from index:0
2024-08-03 20:04:54,854 [23b8e6c4-9ef5-4db8-98cf-56f7581f9eb2@group-29759FB93938-SegmentedRaftLogWorker] INFO  segmented.BufferedWriteChannel (BufferedWriteChannel.java:open(61)) - open log_inprogress_0 at position 0
2024-08-03 20:04:54,857 [3dd31e9f-fa72-4829-9441-ee2f0f7ab9e4@group-2479445D8B61-FollowerState] INFO  impl.FollowerState (FollowerState.java:run(144)) - 3dd31e9f-fa72-4829-9441-ee2f0f7ab9e4@group-2479445D8B61-FollowerState: change to CANDIDATE, lastRpcElapsedTime:5140809460ns, electionTimeout:5137ms
2024-08-03 20:04:54,857 [3dd31e9f-fa72-4829-9441-ee2f0f7ab9e4@group-2479445D8B61-FollowerState] INFO  impl.RoleInfo (RoleInfo.java:shutdownFollowerState(119)) - 3dd31e9f-fa72-4829-9441-ee2f0f7ab9e4: shutdown 3dd31e9f-fa72-4829-9441-ee2f0f7ab9e4@group-2479445D8B61-FollowerState
2024-08-03 20:04:54,857 [3dd31e9f-fa72-4829-9441-ee2f0f7ab9e4@group-2479445D8B61-FollowerState] INFO  server.RaftServer$Division (RaftServerImpl.java:setRole(376)) - 3dd31e9f-fa72-4829-9441-ee2f0f7ab9e4@group-2479445D8B61: changes role from  FOLLOWER to CANDIDATE at term 0 for changeToCandidate
2024-08-03 20:04:54,857 [3dd31e9f-fa72-4829-9441-ee2f0f7ab9e4@group-2479445D8B61-FollowerState] INFO  server.RaftServerConfigKeys (ConfUtils.java:logGet(46)) - raft.server.leaderelection.pre-vote = true (default)
2024-08-03 20:04:54,857 [3dd31e9f-fa72-4829-9441-ee2f0f7ab9e4@group-2479445D8B61-FollowerState] INFO  impl.RoleInfo (RoleInfo.java:updateAndGet(148)) - 3dd31e9f-fa72-4829-9441-ee2f0f7ab9e4: start 3dd31e9f-fa72-4829-9441-ee2f0f7ab9e4@group-2479445D8B61-LeaderElection8
2024-08-03 20:04:54,861 [ad840c1c-4245-4817-9bba-62272b02ba42-server-thread1] INFO  ratis.XceiverServerRatis (XceiverServerRatis.java:handleLeaderChangedNotification(947)) - Leader change notification received for group: group-29759FB93938 with new leaderId: 3dd31e9f-fa72-4829-9441-ee2f0f7ab9e4
2024-08-03 20:04:54,861 [ad840c1c-4245-4817-9bba-62272b02ba42-server-thread1] INFO  server.RaftServer$Division (ServerState.java:setLeader(272)) - ad840c1c-4245-4817-9bba-62272b02ba42@group-29759FB93938: change Leader from null to 3dd31e9f-fa72-4829-9441-ee2f0f7ab9e4 at term 1 for appendEntries, leader elected after 5184ms
2024-08-03 20:04:54,862 [ad840c1c-4245-4817-9bba-62272b02ba42-server-thread2] INFO  server.RaftServer$Division (ServerState.java:setRaftConf(386)) - ad840c1c-4245-4817-9bba-62272b02ba42@group-29759FB93938: set configuration conf: {index: 0, cur=peers:[23b8e6c4-9ef5-4db8-98cf-56f7581f9eb2|127.0.0.1:15030, 3dd31e9f-fa72-4829-9441-ee2f0f7ab9e4|127.0.0.1:15039, ad840c1c-4245-4817-9bba-62272b02ba42|127.0.0.1:15048]|listeners:[], old=null}
2024-08-03 20:04:54,862 [ad840c1c-4245-4817-9bba-62272b02ba42-server-thread2] INFO  segmented.SegmentedRaftLogWorker (SegmentedRaftLogWorker.java:startLogSegment(433)) - ad840c1c-4245-4817-9bba-62272b02ba42@group-29759FB93938-SegmentedRaftLogWorker: Starting segment from index:0
2024-08-03 20:04:54,862 [ad840c1c-4245-4817-9bba-62272b02ba42@group-29759FB93938-SegmentedRaftLogWorker] INFO  segmented.BufferedWriteChannel (BufferedWriteChannel.java:open(61)) - open log_inprogress_0 at position 0
2024-08-03 20:04:54,865 [23b8e6c4-9ef5-4db8-98cf-56f7581f9eb2@group-29759FB93938-SegmentedRaftLogWorker] INFO  segmented.SegmentedRaftLogWorker (SegmentedRaftLogWorker.java:execute(637)) - 23b8e6c4-9ef5-4db8-98cf-56f7581f9eb2@group-29759FB93938-SegmentedRaftLogWorker: created new log segment /home/runner/work/ozone/ozone/hadoop-ozone/integration-test/target/test-dir/MiniOzoneClusterImpl-4c2a292f-c896-477d-a18b-b69de7e7ed64/ozone-meta/datanode-1/ratis/c3067428-c4b1-46eb-945d-29759fb93938/current/log_inprogress_0
2024-08-03 20:04:54,869 [3dd31e9f-fa72-4829-9441-ee2f0f7ab9e4@group-2479445D8B61-LeaderElection8] INFO  impl.LeaderElection (LeaderElection.java:askForVotes(321)) - 3dd31e9f-fa72-4829-9441-ee2f0f7ab9e4@group-2479445D8B61-LeaderElection8 PRE_VOTE round 0: submit vote requests at term 0 for conf: {index: -1, cur=peers:[3dd31e9f-fa72-4829-9441-ee2f0f7ab9e4|127.0.0.1:15039]|listeners:[], old=null}
2024-08-03 20:04:54,869 [3dd31e9f-fa72-4829-9441-ee2f0f7ab9e4@group-2479445D8B61-LeaderElection8] INFO  impl.LeaderElection (LeaderElection.java:askForVotes(323)) - 3dd31e9f-fa72-4829-9441-ee2f0f7ab9e4@group-2479445D8B61-LeaderElection8 PRE_VOTE round 0: result PASSED (term=0)
2024-08-03 20:04:54,873 [ad840c1c-4245-4817-9bba-62272b02ba42@group-29759FB93938-SegmentedRaftLogWorker] INFO  segmented.SegmentedRaftLogWorker (SegmentedRaftLogWorker.java:execute(637)) - ad840c1c-4245-4817-9bba-62272b02ba42@group-29759FB93938-SegmentedRaftLogWorker: created new log segment /home/runner/work/ozone/ozone/hadoop-ozone/integration-test/target/test-dir/MiniOzoneClusterImpl-4c2a292f-c896-477d-a18b-b69de7e7ed64/ozone-meta/datanode-3/ratis/c3067428-c4b1-46eb-945d-29759fb93938/current/log_inprogress_0
2024-08-03 20:04:54,874 [3dd31e9f-fa72-4829-9441-ee2f0f7ab9e4@group-29759FB93938-StateMachineUpdater] INFO  server.RaftServer$Division (LeaderStateImpl.java:checkStartIndex(316)) - Leader 3dd31e9f-fa72-4829-9441-ee2f0f7ab9e4@group-29759FB93938-LeaderStateImpl is ready since appliedIndex == startIndex == 0
2024-08-03 20:04:54,874 [3dd31e9f-fa72-4829-9441-ee2f0f7ab9e4@group-2479445D8B61-LeaderElection8] INFO  impl.LeaderElection (LeaderElection.java:askForVotes(321)) - 3dd31e9f-fa72-4829-9441-ee2f0f7ab9e4@group-2479445D8B61-LeaderElection8 ELECTION round 0: submit vote requests at term 1 for conf: {index: -1, cur=peers:[3dd31e9f-fa72-4829-9441-ee2f0f7ab9e4|127.0.0.1:15039]|listeners:[], old=null}
2024-08-03 20:04:54,874 [3dd31e9f-fa72-4829-9441-ee2f0f7ab9e4@group-2479445D8B61-LeaderElection8] INFO  impl.LeaderElection (LeaderElection.java:askForVotes(323)) - 3dd31e9f-fa72-4829-9441-ee2f0f7ab9e4@group-2479445D8B61-LeaderElection8 ELECTION round 0: result PASSED (term=1)
2024-08-03 20:04:54,874 [3dd31e9f-fa72-4829-9441-ee2f0f7ab9e4@group-2479445D8B61-LeaderElection8] INFO  impl.RoleInfo (RoleInfo.java:shutdownLeaderElection(139)) - 3dd31e9f-fa72-4829-9441-ee2f0f7ab9e4: shutdown 3dd31e9f-fa72-4829-9441-ee2f0f7ab9e4@group-2479445D8B61-LeaderElection8
2024-08-03 20:04:54,874 [3dd31e9f-fa72-4829-9441-ee2f0f7ab9e4@group-2479445D8B61-LeaderElection8] INFO  server.RaftServer$Division (RaftServerImpl.java:setRole(376)) - 3dd31e9f-fa72-4829-9441-ee2f0f7ab9e4@group-2479445D8B61: changes role from CANDIDATE to LEADER at term 1 for changeToLeader
2024-08-03 20:04:54,874 [3dd31e9f-fa72-4829-9441-ee2f0f7ab9e4@group-2479445D8B61-LeaderElection8] INFO  server.RaftServerConfigKeys (ConfUtils.java:logGet(46)) - raft.server.staging.catchup.gap = 1000 (default)
2024-08-03 20:04:54,875 [3dd31e9f-fa72-4829-9441-ee2f0f7ab9e4@group-2479445D8B61-LeaderElection8] INFO  server.RaftServerConfigKeys (ConfUtils.java:logGet(46)) - raft.server.write.element-limit = 1024 (custom)
2024-08-03 20:04:54,875 [3dd31e9f-fa72-4829-9441-ee2f0f7ab9e4@group-2479445D8B61-LeaderElection8] INFO  server.RaftServerConfigKeys (ConfUtils.java:logGet(46)) - raft.server.write.byte-limit = 1024 M (=1073741824) (custom)
2024-08-03 20:04:54,875 [3dd31e9f-fa72-4829-9441-ee2f0f7ab9e4@group-2479445D8B61-LeaderElection8] INFO  server.RaftServerConfigKeys (ConfUtils.java:logGet(46)) - raft.server.watch.timeout = 30s (custom)
2024-08-03 20:04:54,875 [3dd31e9f-fa72-4829-9441-ee2f0f7ab9e4@group-2479445D8B61-LeaderElection8] INFO  server.RaftServerConfigKeys (ConfUtils.java:logGet(46)) - raft.server.watch.timeout.denomination = 1s (default)
2024-08-03 20:04:54,876 [3dd31e9f-fa72-4829-9441-ee2f0f7ab9e4@group-2479445D8B61-LeaderElection8] INFO  server.RaftServerConfigKeys (ConfUtils.java:logGet(46)) - raft.server.watch.element-limit = 65536 (default)
2024-08-03 20:04:54,876 [3dd31e9f-fa72-4829-9441-ee2f0f7ab9e4@group-2479445D8B61-LeaderElection8] INFO  server.RaftServerConfigKeys (ConfUtils.java:logGet(46)) - raft.server.read.leader.lease.enabled = false (default)
2024-08-03 20:04:54,876 [3dd31e9f-fa72-4829-9441-ee2f0f7ab9e4@group-2479445D8B61-LeaderElection8] INFO  server.RaftServerConfigKeys (ConfUtils.java:logGet(46)) - raft.server.read.leader.lease.timeout.ratio = 0.9 (default)
2024-08-03 20:04:54,876 [3dd31e9f-fa72-4829-9441-ee2f0f7ab9e4@group-2479445D8B61-LeaderElection8] INFO  server.RaftServerConfigKeys (ConfUtils.java:logGet(46)) - raft.server.rpc.timeout.min = 5s (custom)
2024-08-03 20:04:54,877 [3dd31e9f-fa72-4829-9441-ee2f0f7ab9e4@group-2479445D8B61-LeaderElection8] INFO  server.RaftServerConfigKeys (ConfUtils.java:logGet(46)) - raft.server.log.log-metadata.enabled = true (default)
2024-08-03 20:04:54,877 [3dd31e9f-fa72-4829-9441-ee2f0f7ab9e4@group-2479445D8B61-LeaderElection8] INFO  server.RaftServerConfigKeys (ConfUtils.java:logGet(46)) - raft.server.write.element-limit = 1024 (custom)
2024-08-03 20:04:54,877 [3dd31e9f-fa72-4829-9441-ee2f0f7ab9e4@group-2479445D8B61-LeaderElection8] INFO  server.RaftServerConfigKeys (ConfUtils.java:logGet(46)) - raft.server.write.follower.gap.ratio.max = -1.0 (default)
2024-08-03 20:04:54,877 [3dd31e9f-fa72-4829-9441-ee2f0f7ab9e4@group-2479445D8B61-LeaderElection8] INFO  impl.RoleInfo (RoleInfo.java:updateAndGet(148)) - 3dd31e9f-fa72-4829-9441-ee2f0f7ab9e4: start 3dd31e9f-fa72-4829-9441-ee2f0f7ab9e4@group-2479445D8B61-LeaderStateImpl
2024-08-03 20:04:54,877 [3dd31e9f-fa72-4829-9441-ee2f0f7ab9e4@group-2479445D8B61-LeaderElection8] INFO  server.RaftServer$Division (RaftServerImpl.java:setFirstElection(549)) - 3dd31e9f-fa72-4829-9441-ee2f0f7ab9e4@group-2479445D8B61: set firstElectionSinceStartup to false for becomeLeader
2024-08-03 20:04:54,877 [3dd31e9f-fa72-4829-9441-ee2f0f7ab9e4@group-2479445D8B61-LeaderElection8] INFO  ratis.XceiverServerRatis (XceiverServerRatis.java:handleLeaderChangedNotification(947)) - Leader change notification received for group: group-2479445D8B61 with new leaderId: 3dd31e9f-fa72-4829-9441-ee2f0f7ab9e4
2024-08-03 20:04:54,877 [3dd31e9f-fa72-4829-9441-ee2f0f7ab9e4@group-2479445D8B61-LeaderElection8] INFO  server.RaftServer$Division (ServerState.java:setLeader(272)) - 3dd31e9f-fa72-4829-9441-ee2f0f7ab9e4@group-2479445D8B61: change Leader from null to 3dd31e9f-fa72-4829-9441-ee2f0f7ab9e4 at term 1 for becomeLeader, leader elected after 5198ms
2024-08-03 20:04:54,878 [3dd31e9f-fa72-4829-9441-ee2f0f7ab9e4@group-2479445D8B61-LeaderElection8] INFO  segmented.SegmentedRaftLogWorker (SegmentedRaftLogWorker.java:startLogSegment(433)) - 3dd31e9f-fa72-4829-9441-ee2f0f7ab9e4@group-2479445D8B61-SegmentedRaftLogWorker: Starting segment from index:0
2024-08-03 20:04:54,878 [3dd31e9f-fa72-4829-9441-ee2f0f7ab9e4@group-2479445D8B61-SegmentedRaftLogWorker] INFO  segmented.BufferedWriteChannel (BufferedWriteChannel.java:open(61)) - open log_inprogress_0 at position 0
2024-08-03 20:04:54,886 [3dd31e9f-fa72-4829-9441-ee2f0f7ab9e4@group-2479445D8B61-LeaderElection8] INFO  server.RaftServer$Division (ServerState.java:setRaftConf(386)) - 3dd31e9f-fa72-4829-9441-ee2f0f7ab9e4@group-2479445D8B61: set configuration conf: {index: 0, cur=peers:[3dd31e9f-fa72-4829-9441-ee2f0f7ab9e4|127.0.0.1:15039]|listeners:[], old=null}
2024-08-03 20:04:54,890 [3dd31e9f-fa72-4829-9441-ee2f0f7ab9e4@group-2479445D8B61-SegmentedRaftLogWorker] INFO  segmented.SegmentedRaftLogWorker (SegmentedRaftLogWorker.java:execute(637)) - 3dd31e9f-fa72-4829-9441-ee2f0f7ab9e4@group-2479445D8B61-SegmentedRaftLogWorker: created new log segment /home/runner/work/ozone/ozone/hadoop-ozone/integration-test/target/test-dir/MiniOzoneClusterImpl-4c2a292f-c896-477d-a18b-b69de7e7ed64/ozone-meta/datanode-2/ratis/82329030-2722-47a0-a378-2479445d8b61/current/log_inprogress_0
2024-08-03 20:04:54,892 [3dd31e9f-fa72-4829-9441-ee2f0f7ab9e4@group-2479445D8B61-StateMachineUpdater] INFO  server.RaftServer$Division (LeaderStateImpl.java:checkStartIndex(316)) - Leader 3dd31e9f-fa72-4829-9441-ee2f0f7ab9e4@group-2479445D8B61-LeaderStateImpl is ready since appliedIndex == startIndex == 0
2024-08-03 20:04:54,963 [main] INFO  ozone.MiniOzoneClusterImpl (MiniOzoneClusterImpl.java:lambda$waitForClusterToBeReady$0(194)) - Nodes are ready. Got 3 of 3 DN Heartbeats.
2024-08-03 20:04:54,963 [main] INFO  ozone.MiniOzoneClusterImpl (MiniOzoneClusterImpl.java:lambda$waitForClusterToBeReady$0(197)) - Cluster exits safe mode
2024-08-03 20:04:54,963 [main] INFO  ozone.MiniOzoneClusterImpl (MiniOzoneClusterImpl.java:lambda$waitForClusterToBeReady$0(199)) - SCM became leader
2024-08-03 20:04:55,121 [ad840c1c-4245-4817-9bba-62272b02ba42@group-ED67C9AFABEB-FollowerState] INFO  impl.FollowerState (FollowerState.java:run(144)) - ad840c1c-4245-4817-9bba-62272b02ba42@group-ED67C9AFABEB-FollowerState: change to CANDIDATE, lastRpcElapsedTime:5143663935ns, electionTimeout:5143ms
2024-08-03 20:04:55,121 [ad840c1c-4245-4817-9bba-62272b02ba42@group-ED67C9AFABEB-FollowerState] INFO  impl.RoleInfo (RoleInfo.java:shutdownFollowerState(119)) - ad840c1c-4245-4817-9bba-62272b02ba42: shutdown ad840c1c-4245-4817-9bba-62272b02ba42@group-ED67C9AFABEB-FollowerState
2024-08-03 20:04:55,121 [ad840c1c-4245-4817-9bba-62272b02ba42@group-ED67C9AFABEB-FollowerState] INFO  server.RaftServer$Division (RaftServerImpl.java:setRole(376)) - ad840c1c-4245-4817-9bba-62272b02ba42@group-ED67C9AFABEB: changes role from  FOLLOWER to CANDIDATE at term 0 for changeToCandidate
2024-08-03 20:04:55,121 [ad840c1c-4245-4817-9bba-62272b02ba42@group-ED67C9AFABEB-FollowerState] INFO  server.RaftServerConfigKeys (ConfUtils.java:logGet(46)) - raft.server.leaderelection.pre-vote = true (default)
2024-08-03 20:04:55,121 [ad840c1c-4245-4817-9bba-62272b02ba42@group-ED67C9AFABEB-FollowerState] INFO  impl.RoleInfo (RoleInfo.java:updateAndGet(148)) - ad840c1c-4245-4817-9bba-62272b02ba42: start ad840c1c-4245-4817-9bba-62272b02ba42@group-ED67C9AFABEB-LeaderElection9
2024-08-03 20:04:55,121 [ad840c1c-4245-4817-9bba-62272b02ba42@group-ED67C9AFABEB-LeaderElection9] INFO  impl.LeaderElection (LeaderElection.java:askForVotes(321)) - ad840c1c-4245-4817-9bba-62272b02ba42@group-ED67C9AFABEB-LeaderElection9 PRE_VOTE round 0: submit vote requests at term 0 for conf: {index: -1, cur=peers:[ad840c1c-4245-4817-9bba-62272b02ba42|127.0.0.1:15048]|listeners:[], old=null}
2024-08-03 20:04:55,122 [ad840c1c-4245-4817-9bba-62272b02ba42@group-ED67C9AFABEB-LeaderElection9] INFO  impl.LeaderElection (LeaderElection.java:askForVotes(323)) - ad840c1c-4245-4817-9bba-62272b02ba42@group-ED67C9AFABEB-LeaderElection9 PRE_VOTE round 0: result PASSED (term=0)
2024-08-03 20:04:55,125 [ad840c1c-4245-4817-9bba-62272b02ba42@group-ED67C9AFABEB-LeaderElection9] INFO  impl.LeaderElection (LeaderElection.java:askForVotes(321)) - ad840c1c-4245-4817-9bba-62272b02ba42@group-ED67C9AFABEB-LeaderElection9 ELECTION round 0: submit vote requests at term 1 for conf: {index: -1, cur=peers:[ad840c1c-4245-4817-9bba-62272b02ba42|127.0.0.1:15048]|listeners:[], old=null}
2024-08-03 20:04:55,125 [ad840c1c-4245-4817-9bba-62272b02ba42@group-ED67C9AFABEB-LeaderElection9] INFO  impl.LeaderElection (LeaderElection.java:askForVotes(323)) - ad840c1c-4245-4817-9bba-62272b02ba42@group-ED67C9AFABEB-LeaderElection9 ELECTION round 0: result PASSED (term=1)
2024-08-03 20:04:55,125 [ad840c1c-4245-4817-9bba-62272b02ba42@group-ED67C9AFABEB-LeaderElection9] INFO  impl.RoleInfo (RoleInfo.java:shutdownLeaderElection(139)) - ad840c1c-4245-4817-9bba-62272b02ba42: shutdown ad840c1c-4245-4817-9bba-62272b02ba42@group-ED67C9AFABEB-LeaderElection9
2024-08-03 20:04:55,125 [ad840c1c-4245-4817-9bba-62272b02ba42@group-ED67C9AFABEB-LeaderElection9] INFO  server.RaftServer$Division (RaftServerImpl.java:setRole(376)) - ad840c1c-4245-4817-9bba-62272b02ba42@group-ED67C9AFABEB: changes role from CANDIDATE to LEADER at term 1 for changeToLeader
2024-08-03 20:04:55,125 [ad840c1c-4245-4817-9bba-62272b02ba42@group-ED67C9AFABEB-LeaderElection9] INFO  server.RaftServerConfigKeys (ConfUtils.java:logGet(46)) - raft.server.staging.catchup.gap = 1000 (default)
2024-08-03 20:04:55,125 [ad840c1c-4245-4817-9bba-62272b02ba42@group-ED67C9AFABEB-LeaderElection9] INFO  server.RaftServerConfigKeys (ConfUtils.java:logGet(46)) - raft.server.write.element-limit = 1024 (custom)
2024-08-03 20:04:55,125 [ad840c1c-4245-4817-9bba-62272b02ba42@group-ED67C9AFABEB-LeaderElection9] INFO  server.RaftServerConfigKeys (ConfUtils.java:logGet(46)) - raft.server.write.byte-limit = 1024 M (=1073741824) (custom)
2024-08-03 20:04:55,126 [ad840c1c-4245-4817-9bba-62272b02ba42@group-ED67C9AFABEB-LeaderElection9] INFO  server.RaftServerConfigKeys (ConfUtils.java:logGet(46)) - raft.server.watch.timeout = 30s (custom)
2024-08-03 20:04:55,126 [ad840c1c-4245-4817-9bba-62272b02ba42@group-ED67C9AFABEB-LeaderElection9] INFO  server.RaftServerConfigKeys (ConfUtils.java:logGet(46)) - raft.server.watch.timeout.denomination = 1s (default)
2024-08-03 20:04:55,126 [ad840c1c-4245-4817-9bba-62272b02ba42@group-ED67C9AFABEB-LeaderElection9] INFO  server.RaftServerConfigKeys (ConfUtils.java:logGet(46)) - raft.server.watch.element-limit = 65536 (default)
2024-08-03 20:04:55,126 [ad840c1c-4245-4817-9bba-62272b02ba42@group-ED67C9AFABEB-LeaderElection9] INFO  server.RaftServerConfigKeys (ConfUtils.java:logGet(46)) - raft.server.read.leader.lease.enabled = false (default)
2024-08-03 20:04:55,126 [ad840c1c-4245-4817-9bba-62272b02ba42@group-ED67C9AFABEB-LeaderElection9] INFO  server.RaftServerConfigKeys (ConfUtils.java:logGet(46)) - raft.server.read.leader.lease.timeout.ratio = 0.9 (default)
2024-08-03 20:04:55,127 [ad840c1c-4245-4817-9bba-62272b02ba42@group-ED67C9AFABEB-LeaderElection9] INFO  server.RaftServerConfigKeys (ConfUtils.java:logGet(46)) - raft.server.rpc.timeout.min = 5s (custom)
2024-08-03 20:04:55,127 [ad840c1c-4245-4817-9bba-62272b02ba42@group-ED67C9AFABEB-LeaderElection9] INFO  server.RaftServerConfigKeys (ConfUtils.java:logGet(46)) - raft.server.log.log-metadata.enabled = true (default)
2024-08-03 20:04:55,127 [ad840c1c-4245-4817-9bba-62272b02ba42@group-ED67C9AFABEB-LeaderElection9] INFO  server.RaftServerConfigKeys (ConfUtils.java:logGet(46)) - raft.server.write.element-limit = 1024 (custom)
2024-08-03 20:04:55,127 [ad840c1c-4245-4817-9bba-62272b02ba42@group-ED67C9AFABEB-LeaderElection9] INFO  server.RaftServerConfigKeys (ConfUtils.java:logGet(46)) - raft.server.write.follower.gap.ratio.max = -1.0 (default)
2024-08-03 20:04:55,127 [ad840c1c-4245-4817-9bba-62272b02ba42@group-ED67C9AFABEB-LeaderElection9] INFO  impl.RoleInfo (RoleInfo.java:updateAndGet(148)) - ad840c1c-4245-4817-9bba-62272b02ba42: start ad840c1c-4245-4817-9bba-62272b02ba42@group-ED67C9AFABEB-LeaderStateImpl
2024-08-03 20:04:55,127 [ad840c1c-4245-4817-9bba-62272b02ba42@group-ED67C9AFABEB-LeaderElection9] INFO  server.RaftServer$Division (RaftServerImpl.java:setFirstElection(549)) - ad840c1c-4245-4817-9bba-62272b02ba42@group-ED67C9AFABEB: set firstElectionSinceStartup to false for becomeLeader
2024-08-03 20:04:55,127 [ad840c1c-4245-4817-9bba-62272b02ba42@group-ED67C9AFABEB-LeaderElection9] INFO  ratis.XceiverServerRatis (XceiverServerRatis.java:handleLeaderChangedNotification(947)) - Leader change notification received for group: group-ED67C9AFABEB with new leaderId: ad840c1c-4245-4817-9bba-62272b02ba42
2024-08-03 20:04:55,127 [ad840c1c-4245-4817-9bba-62272b02ba42@group-ED67C9AFABEB-LeaderElection9] INFO  server.RaftServer$Division (ServerState.java:setLeader(272)) - ad840c1c-4245-4817-9bba-62272b02ba42@group-ED67C9AFABEB: change Leader from null to ad840c1c-4245-4817-9bba-62272b02ba42 at term 1 for becomeLeader, leader elected after 5170ms
2024-08-03 20:04:55,145 [ad840c1c-4245-4817-9bba-62272b02ba42@group-ED67C9AFABEB-LeaderElection9] INFO  segmented.SegmentedRaftLogWorker (SegmentedRaftLogWorker.java:startLogSegment(433)) - ad840c1c-4245-4817-9bba-62272b02ba42@group-ED67C9AFABEB-SegmentedRaftLogWorker: Starting segment from index:0
2024-08-03 20:04:55,146 [ad840c1c-4245-4817-9bba-62272b02ba42@group-ED67C9AFABEB-LeaderElection9] INFO  server.RaftServer$Division (ServerState.java:setRaftConf(386)) - ad840c1c-4245-4817-9bba-62272b02ba42@group-ED67C9AFABEB: set configuration conf: {index: 0, cur=peers:[ad840c1c-4245-4817-9bba-62272b02ba42|127.0.0.1:15048]|listeners:[], old=null}
2024-08-03 20:04:55,146 [ad840c1c-4245-4817-9bba-62272b02ba42@group-ED67C9AFABEB-SegmentedRaftLogWorker] INFO  segmented.BufferedWriteChannel (BufferedWriteChannel.java:open(61)) - open log_inprogress_0 at position 0
2024-08-03 20:04:55,157 [ad840c1c-4245-4817-9bba-62272b02ba42@group-ED67C9AFABEB-SegmentedRaftLogWorker] INFO  segmented.SegmentedRaftLogWorker (SegmentedRaftLogWorker.java:execute(637)) - ad840c1c-4245-4817-9bba-62272b02ba42@group-ED67C9AFABEB-SegmentedRaftLogWorker: created new log segment /home/runner/work/ozone/ozone/hadoop-ozone/integration-test/target/test-dir/MiniOzoneClusterImpl-4c2a292f-c896-477d-a18b-b69de7e7ed64/ozone-meta/datanode-3/ratis/e80fae2f-6558-41a4-9125-ed67c9afabeb/current/log_inprogress_0
2024-08-03 20:04:55,161 [ad840c1c-4245-4817-9bba-62272b02ba42@group-ED67C9AFABEB-StateMachineUpdater] INFO  server.RaftServer$Division (LeaderStateImpl.java:checkStartIndex(316)) - Leader ad840c1c-4245-4817-9bba-62272b02ba42@group-ED67C9AFABEB-LeaderStateImpl is ready since appliedIndex == startIndex == 0
2024-08-03 20:04:55,258 [IPC Server handler 0 on default port 15012] INFO  ha.SCMNodeInfo (SCMNodeInfo.java:getPort(197)) - ConfigKey ozone.scm.client.address is deprecated, For configuring different ports for each SCM use PortConfigKey ozone.scm.client.port appended with serviceId and nodeId
2024-08-03 20:04:55,258 [IPC Server handler 0 on default port 15012] INFO  ha.SCMNodeInfo (SCMNodeInfo.java:getPort(197)) - ConfigKey ozone.scm.block.client.address is deprecated, For configuring different ports for each SCM use PortConfigKey ozone.scm.block.client.port appended with serviceId and nodeId
2024-08-03 20:04:55,258 [IPC Server handler 0 on default port 15012] INFO  ha.SCMNodeInfo (SCMNodeInfo.java:getPort(197)) - ConfigKey ozone.scm.security.service.address is deprecated, For configuring different ports for each SCM use PortConfigKey ozone.scm.security.service.port appended with serviceId and nodeId
2024-08-03 20:04:55,258 [IPC Server handler 0 on default port 15012] INFO  ha.SCMNodeInfo (SCMNodeInfo.java:getPort(197)) - ConfigKey ozone.scm.datanode.address is deprecated, For configuring different ports for each SCM use PortConfigKey ozone.scm.datanode.port appended with serviceId and nodeId
2024-08-03 20:04:55,267 [main] INFO  rpc.RpcClient (RpcClient.java:createVolume(473)) - Creating Volume: volume56554, with runner as owner and space quota set to -1 bytes, counts quota set to -1
2024-08-03 20:04:55,295 [omNode-2-OMStateMachineApplyTransactionThread - 0] INFO  volume.OMVolumeCreateRequest (OMVolumeCreateRequest.java:validateAndUpdateCache(198)) - created volume:volume56554 for user:runner
2024-08-03 20:04:55,295 [omNode-3-OMStateMachineApplyTransactionThread - 0] INFO  volume.OMVolumeCreateRequest (OMVolumeCreateRequest.java:validateAndUpdateCache(198)) - created volume:volume56554 for user:runner
2024-08-03 20:04:55,295 [omNode-1-OMStateMachineApplyTransactionThread - 0] INFO  volume.OMVolumeCreateRequest (OMVolumeCreateRequest.java:validateAndUpdateCache(198)) - created volume:volume56554 for user:runner
2024-08-03 20:04:55,303 [omNode-1-OMDoubleBufferFlushThread] INFO  helpers.OmKeyInfo (OmKeyInfo.java:getCodec(72)) - OmKeyInfo.getCodec ignorePipeline = true
2024-08-03 20:04:55,303 [omNode-1-OMDoubleBufferFlushThread] INFO  helpers.OmKeyInfo (OmKeyInfo.java:getCodec(72)) - OmKeyInfo.getCodec ignorePipeline = true
2024-08-03 20:04:55,303 [omNode-1-OMDoubleBufferFlushThread] INFO  helpers.OmKeyInfo (OmKeyInfo.java:getCodec(72)) - OmKeyInfo.getCodec ignorePipeline = true
2024-08-03 20:04:55,303 [omNode-1-OMDoubleBufferFlushThread] INFO  helpers.OmKeyInfo (OmKeyInfo.java:getCodec(72)) - OmKeyInfo.getCodec ignorePipeline = true
2024-08-03 20:04:55,304 [omNode-1-OMDoubleBufferFlushThread] INFO  helpers.OmKeyInfo (OmKeyInfo.java:getCodec(72)) - OmKeyInfo.getCodec ignorePipeline = true
2024-08-03 20:04:55,309 [main] INFO  rpc.RpcClient (RpcClient.java:createBucket(699)) - Creating Bucket: volume56554/bucket37465, with server-side default bucket layout, runner as owner, Versioning false, Storage Type set to DISK and Encryption set to false, Replication Type set to server-side default replication type, Namespace Quota set to -1, Space Quota set to -1 
2024-08-03 20:04:55,323 [omNode-3-OMStateMachineApplyTransactionThread - 0] INFO  bucket.OMBucketCreateRequest (OMBucketCreateRequest.java:validateAndUpdateCache(293)) - created bucket: bucket37465 of layout FILE_SYSTEM_OPTIMIZED in volume: volume56554
2024-08-03 20:04:55,323 [omNode-2-OMStateMachineApplyTransactionThread - 0] INFO  bucket.OMBucketCreateRequest (OMBucketCreateRequest.java:validateAndUpdateCache(293)) - created bucket: bucket37465 of layout FILE_SYSTEM_OPTIMIZED in volume: volume56554
2024-08-03 20:04:55,323 [omNode-1-OMStateMachineApplyTransactionThread - 0] INFO  bucket.OMBucketCreateRequest (OMBucketCreateRequest.java:validateAndUpdateCache(293)) - created bucket: bucket37465 of layout FILE_SYSTEM_OPTIMIZED in volume: volume56554
2024-08-03 20:04:55,365 [IPC Server handler 0 on default port 15007] INFO  ha.SequenceIdGenerator (SequenceIdGenerator.java:getNextId(144)) - Allocate a batch for containerId, change lastId from 0 to 1000.
2024-08-03 20:04:55,377 [8c6bcd6e-4a2a-41ae-8998-20aaaed1716b@group-B69DE7E7ED64-StateMachineUpdater] WARN  ha.SequenceIdGenerator (SequenceIdGenerator.java:allocateBatch(257)) - Failed to allocate a batch for localId, expected lastId is 0, actual lastId is 113750153625600000.
2024-08-03 20:04:55,379 [IPC Server handler 0 on default port 15007] INFO  ha.SequenceIdGenerator (SequenceIdGenerator.java:getNextId(144)) - Allocate a batch for localId, change lastId from 113750153625600000 to 113750153625601000.
2024-08-03 20:04:55,459 [main] INFO  impl.MetricsSystemImpl (MetricsSystemImpl.java:init(158)) - XceiverClientMetrics metrics system started (again)
2024-08-03 20:04:55,483 [main] INFO  scm.XceiverClientRatis (XceiverClientRatis.java:<init>(141)) - WatchType ALL_COMMITTED. Majority 1, 
2024-08-03 20:04:55,655 [main] INFO  om.OzoneManager (OzoneManager.java:stop(2232)) - omNode-2[localhost:15016]: Stopping Ozone Manager
2024-08-03 20:04:55,656 [main] INFO  ipc.Server (Server.java:stop(3523)) - Stopping server on 15016
2024-08-03 20:04:55,660 [IPC Server listener on 15016] INFO  ipc.Server (Server.java:run(1434)) - Stopping IPC Server listener on 15016
2024-08-03 20:04:55,661 [IPC Server Responder] INFO  ipc.Server (Server.java:run(1567)) - Stopping IPC Server Responder
2024-08-03 20:04:55,661 [main] INFO  ratis.OzoneManagerRatisServer (OzoneManagerRatisServer.java:stop(600)) - Stopping org.apache.hadoop.ozone.om.ratis.OzoneManagerRatisServer@16b7a00a at port 15019
2024-08-03 20:04:55,661 [main] INFO  server.RaftServer (RaftServerProxy.java:lambda$close$9(418)) - omNode-2: close
2024-08-03 20:04:55,662 [main] INFO  server.GrpcService (GrpcService.java:closeImpl(311)) - omNode-2: shutdown server GrpcServerProtocolService now
2024-08-03 20:04:55,662 [omNode-2-impl-thread1] INFO  server.RaftServer$Division (RaftServerImpl.java:lambda$close$1(501)) - omNode-2@group-0AAC5367B30E: shutdown
2024-08-03 20:04:55,662 [omNode-2-impl-thread1] INFO  util.JmxRegister (JmxRegister.java:unregister(74)) - Successfully un-registered JMX Bean with object name Ratis:service=RaftServer,group=group-0AAC5367B30E,id=omNode-2
2024-08-03 20:04:55,662 [omNode-2-impl-thread1] INFO  impl.RoleInfo (RoleInfo.java:shutdownFollowerState(119)) - omNode-2: shutdown omNode-2@group-0AAC5367B30E-FollowerState
2024-08-03 20:04:55,662 [omNode-2-impl-thread1] INFO  impl.StateMachineUpdater (StateMachineUpdater.java:stopAndJoin(164)) - omNode-2@group-0AAC5367B30E-StateMachineUpdater: set stopIndex = 7
2024-08-03 20:04:55,663 [omNode-2@group-0AAC5367B30E-StateMachineUpdater] INFO  ratis.OzoneManagerStateMachine (OzoneManagerStateMachine.java:takeSnapshotImpl(485)) -  applied = (t:1, i:6)
2024-08-03 20:04:55,663 [omNode-2@group-0AAC5367B30E-StateMachineUpdater] INFO  ratis.OzoneManagerStateMachine (OzoneManagerStateMachine.java:takeSnapshotImpl(486)) -  skipped = 5
2024-08-03 20:04:55,663 [omNode-2@group-0AAC5367B30E-StateMachineUpdater] INFO  ratis.OzoneManagerStateMachine (OzoneManagerStateMachine.java:takeSnapshotImpl(487)) - notified = (t:1, i:6)
2024-08-03 20:04:55,663 [omNode-2@group-0AAC5367B30E-StateMachineUpdater] INFO  ratis.OzoneManagerStateMachine (OzoneManagerStateMachine.java:takeSnapshotImpl(488)) - snapshot = (t:1, i:6)
2024-08-03 20:04:55,664 [omNode-2@group-0AAC5367B30E-FollowerState] INFO  impl.FollowerState (FollowerState.java:run(153)) - omNode-2@group-0AAC5367B30E-FollowerState was interrupted
2024-08-03 20:04:55,670 [grpc-default-executor-4] WARN  server.GrpcServerProtocolService (LogUtils.java:warn(121)) - omNode-2: APPEND_ENTRIES onError, lastRequest: null: org.apache.ratis.thirdparty.io.grpc.StatusRuntimeException: CANCELLED: client cancelled
2024-08-03 20:04:55,670 [grpc-default-executor-3] WARN  server.GrpcServerProtocolService (LogUtils.java:warn(121)) - omNode-2: APPEND_ENTRIES onError, lastRequest: omNode-1->omNode-2#43-t1,previous=(t:1, i:7),leaderCommit=7,initializing? false,entries: size=1, first=(t:1, i:8), METADATAENTRY(c:7): org.apache.ratis.thirdparty.io.grpc.StatusRuntimeException: CANCELLED: client cancelled
2024-08-03 20:04:55,689 [main] INFO  server.GrpcService (GrpcService.java:closeImpl(320)) - omNode-2: shutdown server GrpcServerProtocolService successfully
2024-08-03 20:04:55,714 [omNode-2@group-0AAC5367B30E-StateMachineUpdater] INFO  impl.StateMachineUpdater (StateMachineUpdater.java:takeSnapshot(303)) - omNode-2@group-0AAC5367B30E-StateMachineUpdater: Took a snapshot at index 6
2024-08-03 20:04:55,714 [omNode-2@group-0AAC5367B30E-StateMachineUpdater] INFO  impl.StateMachineUpdater (StateMachineUpdater.java:lambda$new$0(102)) - omNode-2@group-0AAC5367B30E-StateMachineUpdater: snapshotIndex: updateIncreasingly -1 -> 6
2024-08-03 20:04:55,714 [omNode-2@group-0AAC5367B30E-StateMachineUpdater] INFO  ratis.OzoneManagerStateMachine (OzoneManagerStateMachine.java:takeSnapshotImpl(485)) -  applied = (t:1, i:7)
2024-08-03 20:04:55,714 [omNode-2@group-0AAC5367B30E-StateMachineUpdater] INFO  ratis.OzoneManagerStateMachine (OzoneManagerStateMachine.java:takeSnapshotImpl(486)) -  skipped = 5
2024-08-03 20:04:55,714 [omNode-2@group-0AAC5367B30E-StateMachineUpdater] INFO  ratis.OzoneManagerStateMachine (OzoneManagerStateMachine.java:takeSnapshotImpl(487)) - notified = (t:1, i:6)
2024-08-03 20:04:55,714 [omNode-2@group-0AAC5367B30E-StateMachineUpdater] INFO  ratis.OzoneManagerStateMachine (OzoneManagerStateMachine.java:takeSnapshotImpl(488)) - snapshot = (t:1, i:7)
2024-08-03 20:04:55,722 [omNode-2@group-0AAC5367B30E-StateMachineUpdater] INFO  impl.StateMachineUpdater (StateMachineUpdater.java:takeSnapshot(303)) - omNode-2@group-0AAC5367B30E-StateMachineUpdater: Took a snapshot at index 7
2024-08-03 20:04:55,722 [omNode-2@group-0AAC5367B30E-StateMachineUpdater] INFO  impl.StateMachineUpdater (StateMachineUpdater.java:lambda$new$0(102)) - omNode-2@group-0AAC5367B30E-StateMachineUpdater: snapshotIndex: updateIncreasingly 6 -> 7
2024-08-03 20:04:55,722 [omNode-2@group-0AAC5367B30E-StateMachineUpdater] INFO  impl.StateMachineUpdater (StateMachineUpdater.java:stop(141)) - omNode-2@group-0AAC5367B30E-StateMachineUpdater: closing OzoneManagerStateMachine, lastApplied=(t:1, i:7)
2024-08-03 20:04:55,722 [omNode-2@group-0AAC5367B30E-StateMachineUpdater] INFO  ratis.OzoneManagerStateMachine (OzoneManagerStateMachine.java:close(531)) - Stopping OzoneManagerStateMachine:omNode-2:group-0AAC5367B30E.
2024-08-03 20:04:55,722 [omNode-2@group-0AAC5367B30E-StateMachineUpdater] INFO  ratis.OzoneManagerDoubleBuffer (OzoneManagerDoubleBuffer.java:stopDaemon(517)) - Stopping OMDoubleBuffer flush thread
2024-08-03 20:04:55,722 [omNode-2-OMDoubleBufferFlushThread] INFO  ratis.OzoneManagerDoubleBuffer (OzoneManagerDoubleBuffer.java:canFlush(581)) - OMDoubleBuffer flush thread omNode-2-OMDoubleBufferFlushThread is interrupted and will exit.
2024-08-03 20:04:55,723 [omNode-2@group-0AAC5367B30E-cacheEviction-AwaitToRun] INFO  util.AwaitToRun (AwaitToRun.java:run(49)) - omNode-2@group-0AAC5367B30E-cacheEviction-AwaitToRun-AwaitForSignal is interrupted
2024-08-03 20:04:56,655 [omNode-2-impl-thread1] INFO  segmented.SegmentedRaftLogWorker (SegmentedRaftLogWorker.java:close(248)) - omNode-2@group-0AAC5367B30E-SegmentedRaftLogWorker close()
2024-08-03 20:04:56,655 [JvmPauseMonitor3] INFO  util.JvmPauseMonitor (JvmPauseMonitor.java:run(152)) - JvmPauseMonitor-omNode-2: Stopped
2024-08-03 20:04:56,656 [main] INFO  utils.BackgroundService (BackgroundService.java:shutdown(163)) - Shutting down service KeyDeletingService
2024-08-03 20:04:56,656 [main] INFO  utils.BackgroundService (BackgroundService.java:shutdown(163)) - Shutting down service DirectoryDeletingService
2024-08-03 20:04:56,656 [main] INFO  utils.BackgroundService (BackgroundService.java:shutdown(163)) - Shutting down service OpenKeyCleanupService
2024-08-03 20:04:56,657 [main] INFO  utils.BackgroundService (BackgroundService.java:shutdown(163)) - Shutting down service SstFilteringService
2024-08-03 20:04:56,657 [main] INFO  utils.BackgroundService (BackgroundService.java:shutdown(163)) - Shutting down service SnapshotDeletingService
2024-08-03 20:04:56,657 [main] INFO  utils.BackgroundService (BackgroundService.java:shutdown(163)) - Shutting down service MultipartUploadCleanupService
2024-08-03 20:04:56,658 [main] INFO  utils.BackgroundService (BackgroundService.java:shutdown(163)) - Shutting down service SnapshotDirectoryCleaningService
2024-08-03 20:04:56,659 [main] INFO  handler.ContextHandler (ContextHandler.java:doStop(1159)) - Stopped o.e.j.w.WebAppContext@554d0ec1{ozoneManager,/,null,STOPPED}{file:/home/runner/work/ozone/ozone/hadoop-ozone/integration-test/target/test-classes/webapps/ozoneManager}
2024-08-03 20:04:56,662 [main] INFO  server.AbstractConnector (AbstractConnector.java:doStop(383)) - Stopped ServerConnector@56a2599a{HTTP/1.1, (http/1.1)}{0.0.0.0:15017}
2024-08-03 20:04:56,662 [main] INFO  server.session (HouseKeeper.java:stopScavenging(149)) - node0 Stopped scavenging
2024-08-03 20:04:56,662 [main] INFO  handler.ContextHandler (ContextHandler.java:doStop(1159)) - Stopped o.e.j.s.ServletContextHandler@7e4d2884{static,/static,file:///home/runner/work/ozone/ozone/hadoop-ozone/integration-test/target/test-classes/webapps/static,STOPPED}
2024-08-03 20:04:56,662 [main] INFO  handler.ContextHandler (ContextHandler.java:doStop(1159)) - Stopped o.e.j.s.ServletContextHandler@4e6fb132{logs,/logs,file:///home/runner/work/ozone/ozone/hadoop-ozone/integration-test/target/log,STOPPED}
2024-08-03 20:04:56,664 [main] INFO  rocksdiff.RocksDBCheckpointDiffer (RocksDBCheckpointDiffer.java:close(306)) - Shutting down CompactionDagPruningService.
2024-08-03 20:04:56,669 [main] INFO  snapshot.SnapshotDiffManager (SnapshotDiffManager.java:closeExecutorService(1657)) - Shutting down executorService: 'SnapDiffExecutor'
2024-08-03 20:04:56,669 [main] INFO  utils.BackgroundService (BackgroundService.java:shutdown(163)) - Shutting down service SnapshotDiffCleanupService
2024-08-03 20:04:56,676 [main] INFO  ha.OMHANodeDetails (OMHANodeDetails.java:loadOMHAConfig(121)) - ServiceID for OzoneManager is om-add-remove
2024-08-03 20:04:56,677 [main] INFO  ha.OMHANodeDetails (OMHANodeDetails.java:loadOMHAConfig(201)) - Found matching OM address with OMServiceId: om-add-remove, OMNodeId: omNode-bootstrap-1, RPC Address: localhost:15051 and Ratis port: 15054
2024-08-03 20:04:56,677 [main] INFO  ha.OMHANodeDetails (ConfUtils.java:setNodeSpecificConfigs(97)) - Setting configuration key ozone.om.http-address with value of key ozone.om.http-address.om-add-remove.omNode-bootstrap-1: 127.0.0.1:15052
2024-08-03 20:04:56,677 [main] INFO  ha.OMHANodeDetails (ConfUtils.java:setNodeSpecificConfigs(97)) - Setting configuration key ozone.om.https-address with value of key ozone.om.https-address.om-add-remove.omNode-bootstrap-1: 127.0.0.1:15053
2024-08-03 20:04:56,677 [main] INFO  ha.OMHANodeDetails (ConfUtils.java:setNodeSpecificConfigs(97)) - Setting configuration key ozone.om.address with value of key ozone.om.address.om-add-remove.omNode-bootstrap-1: 127.0.0.1:15051
2024-08-03 20:04:56,678 [main] WARN  server.ServerUtils (ServerUtils.java:getDBPath(299)) - ozone.om.db.dirs is not configured. We recommend adding this setting. Falling back to ozone.metadata.dirs instead.
2024-08-03 20:04:56,679 [main] INFO  ha.SCMNodeInfo (SCMNodeInfo.java:getPort(197)) - ConfigKey ozone.scm.client.address is deprecated, For configuring different ports for each SCM use PortConfigKey ozone.scm.client.port appended with serviceId and nodeId
2024-08-03 20:04:56,679 [main] INFO  ha.SCMNodeInfo (SCMNodeInfo.java:getPort(197)) - ConfigKey ozone.scm.block.client.address is deprecated, For configuring different ports for each SCM use PortConfigKey ozone.scm.block.client.port appended with serviceId and nodeId
2024-08-03 20:04:56,679 [main] INFO  ha.SCMNodeInfo (SCMNodeInfo.java:getPort(197)) - ConfigKey ozone.scm.security.service.address is deprecated, For configuring different ports for each SCM use PortConfigKey ozone.scm.security.service.port appended with serviceId and nodeId
2024-08-03 20:04:56,679 [main] INFO  ha.SCMNodeInfo (SCMNodeInfo.java:getPort(197)) - ConfigKey ozone.scm.datanode.address is deprecated, For configuring different ports for each SCM use PortConfigKey ozone.scm.datanode.port appended with serviceId and nodeId
2024-08-03 20:04:56,680 [main] INFO  proxy.SCMBlockLocationFailoverProxyProvider (SCMBlockLocationFailoverProxyProvider.java:<init>(115)) - Created block location fail-over proxy with 1 nodes: [nodeId=scmNode-1,nodeAddress=/127.0.0.1:15007]
OM initialization succeeded.Current cluster id for sd=/home/runner/work/ozone/ozone/hadoop-ozone/integration-test/target/test-dir/MiniOzoneClusterImpl-4c2a292f-c896-477d-a18b-b69de7e7ed64/omNode-bootstrap-1/om;cid=4c2a292f-c896-477d-a18b-b69de7e7ed64;layoutVersion=6
2024-08-03 20:04:56,685 [main] INFO  ha.OMHANodeDetails (OMHANodeDetails.java:loadOMHAConfig(121)) - ServiceID for OzoneManager is om-add-remove
2024-08-03 20:04:56,685 [main] INFO  ha.OMHANodeDetails (OMHANodeDetails.java:loadOMHAConfig(201)) - Found matching OM address with OMServiceId: om-add-remove, OMNodeId: omNode-bootstrap-1, RPC Address: localhost:15051 and Ratis port: 15054
2024-08-03 20:04:56,685 [main] INFO  ha.OMHANodeDetails (ConfUtils.java:setNodeSpecificConfigs(97)) - Setting configuration key ozone.om.http-address with value of key ozone.om.http-address.om-add-remove.omNode-bootstrap-1: 127.0.0.1:15052
2024-08-03 20:04:56,685 [main] INFO  ha.OMHANodeDetails (ConfUtils.java:setNodeSpecificConfigs(97)) - Setting configuration key ozone.om.https-address with value of key ozone.om.https-address.om-add-remove.omNode-bootstrap-1: 127.0.0.1:15053
2024-08-03 20:04:56,686 [main] INFO  ha.OMHANodeDetails (ConfUtils.java:setNodeSpecificConfigs(97)) - Setting configuration key ozone.om.address with value of key ozone.om.address.om-add-remove.omNode-bootstrap-1: 127.0.0.1:15051
2024-08-03 20:04:56,686 [main] WARN  server.ServerUtils (ServerUtils.java:getDBPath(299)) - ozone.om.db.dirs is not configured. We recommend adding this setting. Falling back to ozone.metadata.dirs instead.
2024-08-03 20:04:56,687 [main] INFO  upgrade.AbstractLayoutVersionManager (AbstractLayoutVersionManager.java:init(83)) - Initializing Layout version manager with metadata layout = QUOTA (version = 6), software layout = QUOTA (version = 6)
2024-08-03 20:04:56,730 [main] INFO  reflections.Reflections (Reflections.java:scan(219)) - Reflections took 42 ms to scan 2 urls, producing 188 keys and 546 values
2024-08-03 20:04:56,731 [main] INFO  upgrade.OMLayoutVersionManager (OMLayoutVersionManager.java:lambda$0(113)) - Skipping Upgrade Action QuotaRepairUpgradeAction since it has been finalized.
2024-08-03 20:04:56,731 [main] INFO  upgrade.OMLayoutVersionManager (OMLayoutVersionManager.java:lambda$0(113)) - Skipping Upgrade Action MockOmUpgradeAction since it has been finalized.
2024-08-03 20:04:56,731 [main] WARN  server.ServerUtils (ServerUtils.java:getDBPath(299)) - ozone.om.db.dirs is not configured. We recommend adding this setting. Falling back to ozone.metadata.dirs instead.
2024-08-03 20:04:56,732 [main] INFO  ha.SCMNodeInfo (SCMNodeInfo.java:getPort(197)) - ConfigKey ozone.scm.client.address is deprecated, For configuring different ports for each SCM use PortConfigKey ozone.scm.client.port appended with serviceId and nodeId
2024-08-03 20:04:56,732 [main] INFO  ha.SCMNodeInfo (SCMNodeInfo.java:getPort(197)) - ConfigKey ozone.scm.block.client.address is deprecated, For configuring different ports for each SCM use PortConfigKey ozone.scm.block.client.port appended with serviceId and nodeId
2024-08-03 20:04:56,732 [main] INFO  ha.SCMNodeInfo (SCMNodeInfo.java:getPort(197)) - ConfigKey ozone.scm.security.service.address is deprecated, For configuring different ports for each SCM use PortConfigKey ozone.scm.security.service.port appended with serviceId and nodeId
2024-08-03 20:04:56,732 [main] INFO  ha.SCMNodeInfo (SCMNodeInfo.java:getPort(197)) - ConfigKey ozone.scm.datanode.address is deprecated, For configuring different ports for each SCM use PortConfigKey ozone.scm.datanode.port appended with serviceId and nodeId
2024-08-03 20:04:56,732 [main] INFO  ha.SCMNodeInfo (SCMNodeInfo.java:getPort(197)) - ConfigKey ozone.scm.client.address is deprecated, For configuring different ports for each SCM use PortConfigKey ozone.scm.client.port appended with serviceId and nodeId
2024-08-03 20:04:56,732 [main] INFO  ha.SCMNodeInfo (SCMNodeInfo.java:getPort(197)) - ConfigKey ozone.scm.block.client.address is deprecated, For configuring different ports for each SCM use PortConfigKey ozone.scm.block.client.port appended with serviceId and nodeId
2024-08-03 20:04:56,732 [main] INFO  ha.SCMNodeInfo (SCMNodeInfo.java:getPort(197)) - ConfigKey ozone.scm.security.service.address is deprecated, For configuring different ports for each SCM use PortConfigKey ozone.scm.security.service.port appended with serviceId and nodeId
2024-08-03 20:04:56,733 [main] INFO  ha.SCMNodeInfo (SCMNodeInfo.java:getPort(197)) - ConfigKey ozone.scm.datanode.address is deprecated, For configuring different ports for each SCM use PortConfigKey ozone.scm.datanode.port appended with serviceId and nodeId
2024-08-03 20:04:56,733 [main] INFO  proxy.SCMBlockLocationFailoverProxyProvider (SCMBlockLocationFailoverProxyProvider.java:<init>(115)) - Created block location fail-over proxy with 1 nodes: [nodeId=scmNode-1,nodeAddress=/127.0.0.1:15007]
2024-08-03 20:04:56,735 [main] INFO  ha.SCMNodeInfo (SCMNodeInfo.java:getPort(197)) - ConfigKey ozone.scm.client.address is deprecated, For configuring different ports for each SCM use PortConfigKey ozone.scm.client.port appended with serviceId and nodeId
2024-08-03 20:04:56,735 [main] INFO  ha.SCMNodeInfo (SCMNodeInfo.java:getPort(197)) - ConfigKey ozone.scm.block.client.address is deprecated, For configuring different ports for each SCM use PortConfigKey ozone.scm.block.client.port appended with serviceId and nodeId
2024-08-03 20:04:56,735 [main] INFO  ha.SCMNodeInfo (SCMNodeInfo.java:getPort(197)) - ConfigKey ozone.scm.security.service.address is deprecated, For configuring different ports for each SCM use PortConfigKey ozone.scm.security.service.port appended with serviceId and nodeId
2024-08-03 20:04:56,735 [main] INFO  ha.SCMNodeInfo (SCMNodeInfo.java:getPort(197)) - ConfigKey ozone.scm.datanode.address is deprecated, For configuring different ports for each SCM use PortConfigKey ozone.scm.datanode.port appended with serviceId and nodeId
2024-08-03 20:04:56,736 [main] INFO  proxy.SCMBlockLocationFailoverProxyProvider (SCMBlockLocationFailoverProxyProvider.java:<init>(115)) - Created block location fail-over proxy with 1 nodes: [nodeId=scmNode-1,nodeAddress=/127.0.0.1:15007]
2024-08-03 20:04:56,739 [main] INFO  om.OzoneManager (OzoneManager.java:<init>(678)) - OM start with adminUsers: [runner]
2024-08-03 20:04:56,740 [main] WARN  server.ServerUtils (ServerUtils.java:getDBPath(299)) - ozone.om.db.dirs is not configured. We recommend adding this setting. Falling back to ozone.metadata.dirs instead.
2024-08-03 20:04:56,740 [main] INFO  helpers.OmKeyInfo (OmKeyInfo.java:getCodec(72)) - OmKeyInfo.getCodec ignorePipeline = true
2024-08-03 20:04:56,907 [main] INFO  om.OzoneManager (OzoneManager.java:instantiateServices(812)) - S3 Multi-Tenancy is disabled
2024-08-03 20:04:56,907 [main] INFO  om.OmSnapshotManager (OmSnapshotManager.java:<init>(180)) - Ozone filesystem snapshot feature is enabled.
2024-08-03 20:04:56,908 [main] WARN  server.ServerUtils (ServerUtils.java:getDBPath(299)) - ozone.om.snapshot.diff.db.dir is not configured. We recommend adding this setting. Falling back to ozone.metadata.dirs instead.
2024-08-03 20:04:56,934 [main] INFO  utils.NativeLibraryLoader (NativeLibraryLoader.java:loadLibrary(111)) - Loading Library: ozone_rocksdb_tools
2024-08-03 20:04:56,935 [main] ERROR snapshot.SnapshotDiffManager (SnapshotDiffManager.java:initNativeLibraryForEfficientDiff(287)) - Native Library for raw sst file reading loading failed.
org.apache.hadoop.hdds.utils.NativeLibraryNotLoadedException: Unable to load library ozone_rocksdb_tools from both java.library.path & resource file libozone_rocksdb_tools.so from jar.
	at org.apache.hadoop.hdds.utils.db.managed.ManagedRawSSTFileReader.loadLibrary(ManagedRawSSTFileReader.java:40)
	at org.apache.hadoop.ozone.om.snapshot.SnapshotDiffManager.initNativeLibraryForEfficientDiff(SnapshotDiffManager.java:285)
	at org.apache.hadoop.ozone.om.snapshot.SnapshotDiffManager.<init>(SnapshotDiffManager.java:259)
	at org.apache.hadoop.ozone.om.OmSnapshotManager.<init>(OmSnapshotManager.java:287)
	at org.apache.hadoop.ozone.om.OzoneManager.instantiateServices(OzoneManager.java:864)
	at org.apache.hadoop.ozone.om.OzoneManager.<init>(OzoneManager.java:688)
	at org.apache.hadoop.ozone.om.OzoneManager.createOm(OzoneManager.java:780)
	at org.apache.hadoop.ozone.MiniOzoneHAClusterImpl.bootstrapNewOM(MiniOzoneHAClusterImpl.java:828)
	at org.apache.hadoop.ozone.MiniOzoneHAClusterImpl.bootstrapOzoneManager(MiniOzoneHAClusterImpl.java:749)
	at org.apache.hadoop.ozone.om.TestAddRemoveOzoneManager.lambda$testForceBootstrap$2(TestAddRemoveOzoneManager.java:316)
	at org.junit.jupiter.api.AssertThrows.assertThrows(AssertThrows.java:53)
	at org.junit.jupiter.api.AssertThrows.assertThrows(AssertThrows.java:39)
	at org.junit.jupiter.api.Assertions.assertThrows(Assertions.java:3131)
	at org.apache.hadoop.ozone.om.TestAddRemoveOzoneManager.testForceBootstrap(TestAddRemoveOzoneManager.java:316)
	at java.base/jdk.internal.reflect.NativeMethodAccessorImpl.invoke0(Native Method)
	at java.base/jdk.internal.reflect.NativeMethodAccessorImpl.invoke(NativeMethodAccessorImpl.java:77)
	at java.base/jdk.internal.reflect.DelegatingMethodAccessorImpl.invoke(DelegatingMethodAccessorImpl.java:43)
	at java.base/java.lang.reflect.Method.invoke(Method.java:569)
	at org.junit.platform.commons.util.ReflectionUtils.invokeMethod(ReflectionUtils.java:728)
	at org.junit.jupiter.engine.execution.MethodInvocation.proceed(MethodInvocation.java:60)
	at org.junit.jupiter.engine.execution.InvocationInterceptorChain$ValidatingInvocation.proceed(InvocationInterceptorChain.java:131)
	at org.junit.jupiter.engine.extension.SameThreadTimeoutInvocation.proceed(SameThreadTimeoutInvocation.java:45)
	at org.junit.jupiter.engine.extension.TimeoutExtension.intercept(TimeoutExtension.java:156)
	at org.junit.jupiter.engine.extension.TimeoutExtension.interceptTestableMethod(TimeoutExtension.java:147)
	at org.junit.jupiter.engine.extension.TimeoutExtension.interceptTestMethod(TimeoutExtension.java:86)
	at org.junit.jupiter.engine.execution.InterceptingExecutableInvoker$ReflectiveInterceptorCall.lambda$ofVoidMethod$0(InterceptingExecutableInvoker.java:103)
	at org.junit.jupiter.engine.execution.InterceptingExecutableInvoker.lambda$invoke$0(InterceptingExecutableInvoker.java:93)
	at org.junit.jupiter.engine.execution.InvocationInterceptorChain$InterceptedInvocation.proceed(InvocationInterceptorChain.java:106)
	at org.junit.jupiter.engine.execution.InvocationInterceptorChain.proceed(InvocationInterceptorChain.java:64)
	at org.junit.jupiter.engine.execution.InvocationInterceptorChain.chainAndInvoke(InvocationInterceptorChain.java:45)
	at org.junit.jupiter.engine.execution.InvocationInterceptorChain.invoke(InvocationInterceptorChain.java:37)
	at org.junit.jupiter.engine.execution.InterceptingExecutableInvoker.invoke(InterceptingExecutableInvoker.java:92)
	at org.junit.jupiter.engine.execution.InterceptingExecutableInvoker.invoke(InterceptingExecutableInvoker.java:86)
	at org.junit.jupiter.engine.descriptor.TestMethodTestDescriptor.lambda$invokeTestMethod$7(TestMethodTestDescriptor.java:218)
	at org.junit.platform.engine.support.hierarchical.ThrowableCollector.execute(ThrowableCollector.java:73)
	at org.junit.jupiter.engine.descriptor.TestMethodTestDescriptor.invokeTestMethod(TestMethodTestDescriptor.java:214)
	at org.junit.jupiter.engine.descriptor.TestMethodTestDescriptor.execute(TestMethodTestDescriptor.java:139)
	at org.junit.jupiter.engine.descriptor.TestMethodTestDescriptor.execute(TestMethodTestDescriptor.java:69)
	at org.junit.platform.engine.support.hierarchical.NodeTestTask.lambda$executeRecursively$6(NodeTestTask.java:151)
	at org.junit.platform.engine.support.hierarchical.ThrowableCollector.execute(ThrowableCollector.java:73)
	at org.junit.platform.engine.support.hierarchical.NodeTestTask.lambda$executeRecursively$8(NodeTestTask.java:141)
	at org.junit.platform.engine.support.hierarchical.Node.around(Node.java:137)
	at org.junit.platform.engine.support.hierarchical.NodeTestTask.lambda$executeRecursively$9(NodeTestTask.java:139)
	at org.junit.platform.engine.support.hierarchical.ThrowableCollector.execute(ThrowableCollector.java:73)
	at org.junit.platform.engine.support.hierarchical.NodeTestTask.executeRecursively(NodeTestTask.java:138)
	at org.junit.platform.engine.support.hierarchical.NodeTestTask.execute(NodeTestTask.java:95)
	at java.base/java.util.ArrayList.forEach(ArrayList.java:1511)
	at org.junit.platform.engine.support.hierarchical.SameThreadHierarchicalTestExecutorService.invokeAll(SameThreadHierarchicalTestExecutorService.java:41)
	at org.junit.platform.engine.support.hierarchical.NodeTestTask.lambda$executeRecursively$6(NodeTestTask.java:155)
	at org.junit.platform.engine.support.hierarchical.ThrowableCollector.execute(ThrowableCollector.java:73)
	at org.junit.platform.engine.support.hierarchical.NodeTestTask.lambda$executeRecursively$8(NodeTestTask.java:141)
	at org.junit.platform.engine.support.hierarchical.Node.around(Node.java:137)
	at org.junit.platform.engine.support.hierarchical.NodeTestTask.lambda$executeRecursively$9(NodeTestTask.java:139)
	at org.junit.platform.engine.support.hierarchical.ThrowableCollector.execute(ThrowableCollector.java:73)
	at org.junit.platform.engine.support.hierarchical.NodeTestTask.executeRecursively(NodeTestTask.java:138)
	at org.junit.platform.engine.support.hierarchical.NodeTestTask.execute(NodeTestTask.java:95)
	at java.base/java.util.ArrayList.forEach(ArrayList.java:1511)
	at org.junit.platform.engine.support.hierarchical.SameThreadHierarchicalTestExecutorService.invokeAll(SameThreadHierarchicalTestExecutorService.java:41)
	at org.junit.platform.engine.support.hierarchical.NodeTestTask.lambda$executeRecursively$6(NodeTestTask.java:155)
	at org.junit.platform.engine.support.hierarchical.ThrowableCollector.execute(ThrowableCollector.java:73)
	at org.junit.platform.engine.support.hierarchical.NodeTestTask.lambda$executeRecursively$8(NodeTestTask.java:141)
	at org.junit.platform.engine.support.hierarchical.Node.around(Node.java:137)
	at org.junit.platform.engine.support.hierarchical.NodeTestTask.lambda$executeRecursively$9(NodeTestTask.java:139)
	at org.junit.platform.engine.support.hierarchical.ThrowableCollector.execute(ThrowableCollector.java:73)
	at org.junit.platform.engine.support.hierarchical.NodeTestTask.executeRecursively(NodeTestTask.java:138)
	at org.junit.platform.engine.support.hierarchical.NodeTestTask.execute(NodeTestTask.java:95)
	at org.junit.platform.engine.support.hierarchical.SameThreadHierarchicalTestExecutorService.submit(SameThreadHierarchicalTestExecutorService.java:35)
	at org.junit.platform.engine.support.hierarchical.HierarchicalTestExecutor.execute(HierarchicalTestExecutor.java:57)
	at org.junit.platform.engine.support.hierarchical.HierarchicalTestEngine.execute(HierarchicalTestEngine.java:54)
	at org.junit.platform.launcher.core.EngineExecutionOrchestrator.execute(EngineExecutionOrchestrator.java:198)
	at org.junit.platform.launcher.core.EngineExecutionOrchestrator.execute(EngineExecutionOrchestrator.java:169)
	at org.junit.platform.launcher.core.EngineExecutionOrchestrator.execute(EngineExecutionOrchestrator.java:93)
	at org.junit.platform.launcher.core.EngineExecutionOrchestrator.lambda$execute$0(EngineExecutionOrchestrator.java:58)
	at org.junit.platform.launcher.core.EngineExecutionOrchestrator.withInterceptedStreams(EngineExecutionOrchestrator.java:141)
	at org.junit.platform.launcher.core.EngineExecutionOrchestrator.execute(EngineExecutionOrchestrator.java:57)
	at org.junit.platform.launcher.core.DefaultLauncher.execute(DefaultLauncher.java:103)
	at org.junit.platform.launcher.core.DefaultLauncher.execute(DefaultLauncher.java:85)
	at org.junit.platform.launcher.core.DelegatingLauncher.execute(DelegatingLauncher.java:47)
	at org.junit.platform.launcher.core.SessionPerRequestLauncher.execute(SessionPerRequestLauncher.java:63)
	at org.apache.maven.surefire.junitplatform.JUnitPlatformProvider.invokeAllTests(JUnitPlatformProvider.java:154)
	at org.apache.maven.surefire.junitplatform.JUnitPlatformProvider.invoke(JUnitPlatformProvider.java:123)
	at org.apache.maven.surefire.booter.ForkedBooter.runSuitesInProcess(ForkedBooter.java:377)
	at org.apache.maven.surefire.booter.ForkedBooter.execute(ForkedBooter.java:138)
	at org.apache.maven.surefire.booter.ForkedBooter.run(ForkedBooter.java:465)
	at org.apache.maven.surefire.booter.ForkedBooter.main(ForkedBooter.java:451)
2024-08-03 20:04:56,939 [main] INFO  om.OzoneManager (OzoneManager.java:addS3GVolumeToDB(4463)) - Created Volume s3v With Owner runner required for S3Gateway operations.
2024-08-03 20:04:56,939 [main] WARN  server.ServerUtils (ServerUtils.java:getDefaultRatisDirectory(311)) - Storage directory for Ratis is not configured. It is a good idea to map this to an SSD disk. Falling back to ozone.metadata.dirs
2024-08-03 20:04:56,940 [main] WARN  utils.OzoneManagerRatisUtils (OzoneManagerRatisUtils.java:getOMRatisSnapshotDirectory(475)) - ozone.om.ratis.snapshot.dir is not configured. Falling back to ozone.metadata.dirs config
2024-08-03 20:04:56,940 [main] INFO  utils.RDBSnapshotProvider (RDBSnapshotProvider.java:init(87)) - Cleaning up the candidate dir: /home/runner/work/ozone/ozone/hadoop-ozone/integration-test/target/test-dir/MiniOzoneClusterImpl-4c2a292f-c896-477d-a18b-b69de7e7ed64/omNode-bootstrap-1/snapshot/om.db.candidate
2024-08-03 20:04:56,940 [main] INFO  ratis_snapshot.OmRatisSnapshotProvider (OmRatisSnapshotProvider.java:<init>(99)) - Initializing OM Snapshot Provider
2024-08-03 20:04:56,942 [main] WARN  server.ServerUtils (ServerUtils.java:getDefaultRatisDirectory(311)) - Storage directory for Ratis is not configured. It is a good idea to map this to an SSD disk. Falling back to ozone.metadata.dirs
2024-08-03 20:04:56,943 [main] INFO  ratis.OzoneManagerRatisServer (OzoneManagerRatisServer.java:<init>(161)) - OM started in Bootstrap mode. Instantiating OM Ratis server with groupID: om-add-remove
2024-08-03 20:04:56,943 [main] INFO  ratis.OzoneManagerStateMachine (OzoneManagerStateMachine.java:loadSnapshotInfoFromDB(593)) - TransactionInfo not found in OM DB.
2024-08-03 20:04:56,944 [main] INFO  server.RaftServer (ConfUtils.java:logGet(46)) - raft.rpc.type = GRPC (default)
2024-08-03 20:04:56,944 [main] INFO  grpc.GrpcConfigKeys (ConfUtils.java:logFallback(53)) - raft.grpc.admin.host = null (fallback to raft.grpc.server.host)
2024-08-03 20:04:56,944 [main] INFO  grpc.GrpcConfigKeys (ConfUtils.java:logFallback(53)) - raft.grpc.admin.port = 15054 (fallback to raft.grpc.server.port)
2024-08-03 20:04:56,944 [main] INFO  grpc.GrpcConfigKeys (ConfUtils.java:logFallback(53)) - raft.grpc.client.host = null (fallback to raft.grpc.server.host)
2024-08-03 20:04:56,944 [main] INFO  grpc.GrpcConfigKeys (ConfUtils.java:logFallback(53)) - raft.grpc.client.port = 15054 (fallback to raft.grpc.server.port)
2024-08-03 20:04:56,945 [main] INFO  grpc.GrpcConfigKeys (ConfUtils.java:logGet(46)) - raft.grpc.server.host = null (default)
2024-08-03 20:04:56,945 [main] INFO  grpc.GrpcConfigKeys (ConfUtils.java:logGet(46)) - raft.grpc.server.port = 15054 (custom)
2024-08-03 20:04:56,945 [main] INFO  server.GrpcService (ConfUtils.java:logGet(46)) - raft.grpc.message.size.max = 4194304 (custom)
2024-08-03 20:04:56,945 [main] INFO  server.RaftServerConfigKeys (ConfUtils.java:logGet(46)) - raft.server.log.appender.buffer.byte-limit = 4194304 (custom)
2024-08-03 20:04:56,945 [main] INFO  server.GrpcService (ConfUtils.java:logGet(46)) - raft.grpc.flow.control.window = 1MB (=1048576) (default)
2024-08-03 20:04:56,945 [main] INFO  server.RaftServerConfigKeys (ConfUtils.java:logGet(46)) - raft.server.rpc.request.timeout = 3000ms (default)
2024-08-03 20:04:56,945 [main] INFO  grpc.GrpcConfigKeys (ConfUtils.java:logGet(46)) - raft.grpc.server.heartbeat.channel = true (default)
2024-08-03 20:04:56,945 [main] INFO  grpc.GrpcConfigKeys (ConfUtils.java:logGet(46)) - raft.grpc.server.async.request.thread.pool.cached = true (default)
2024-08-03 20:04:56,946 [main] INFO  grpc.GrpcConfigKeys (ConfUtils.java:logGet(46)) - raft.grpc.server.async.request.thread.pool.size = 32 (default)
2024-08-03 20:04:56,946 [main] INFO  impl.DataStreamServerImpl (ConfUtils.java:logGet(46)) - raft.datastream.type = DISABLED (default)
2024-08-03 20:04:56,947 [main] INFO  server.RaftServerConfigKeys (ConfUtils.java:logGet(46)) - raft.server.sleep.deviation.threshold = 300ms (default)
2024-08-03 20:04:56,947 [main] INFO  server.RaftServerConfigKeys (ConfUtils.java:logGet(46)) - raft.server.close.threshold = 60s (default)
2024-08-03 20:04:56,947 [main] INFO  server.RaftServerConfigKeys (ConfUtils.java:logGet(46)) - raft.server.leaderelection.leader.step-down.wait-time = 10s (default)
2024-08-03 20:04:56,947 [main] INFO  server.RaftServerConfigKeys (ConfUtils.java:logGet(46)) - raft.server.storage.dir = [/home/runner/work/ozone/ozone/hadoop-ozone/integration-test/target/test-dir/MiniOzoneClusterImpl-4c2a292f-c896-477d-a18b-b69de7e7ed64/omNode-bootstrap-1/ratis] (custom)
2024-08-03 20:04:56,947 [main] INFO  server.RaftServerConfigKeys (ConfUtils.java:logGet(46)) - raft.server.threadpool.proxy.cached = true (default)
2024-08-03 20:04:56,947 [main] INFO  server.RaftServerConfigKeys (ConfUtils.java:logGet(46)) - raft.server.threadpool.proxy.size = 0 (default)
2024-08-03 20:04:56,948 [main] INFO  server.RaftServer (RaftServerProxy.java:addNew(101)) - omNode-bootstrap-1: addNew group-0AAC5367B30E:[] returns group-0AAC5367B30E:java.util.concurrent.CompletableFuture@5dab9949[Not completed]
2024-08-03 20:04:56,948 [main] INFO  om.OzoneManager (OzoneManager.java:initializeRatisServer(2168)) - OzoneManager Ratis server initialized at port 15054
2024-08-03 20:04:56,948 [main] INFO  om.OzoneManager (OzoneManager.java:getRpcServer(1228)) - Creating RPC Server
2024-08-03 20:04:56,948 [omNode-bootstrap-1-groupManagement] INFO  server.RaftServer$Division (RaftServerImpl.java:<init>(253)) - omNode-bootstrap-1: new RaftServerImpl for group-0AAC5367B30E:[] with OzoneManagerStateMachine:uninitialized
2024-08-03 20:04:56,949 [omNode-bootstrap-1-groupManagement] INFO  server.RaftServerConfigKeys (ConfUtils.java:logGet(46)) - raft.server.rpc.timeout.min = 1s (custom)
2024-08-03 20:04:56,949 [omNode-bootstrap-1-groupManagement] INFO  server.RaftServerConfigKeys (ConfUtils.java:logGet(46)) - raft.server.rpc.timeout.max = 1200ms (custom)
2024-08-03 20:04:56,949 [omNode-bootstrap-1-groupManagement] INFO  server.RaftServerConfigKeys (ConfUtils.java:logGet(46)) - raft.server.rpc.sleep.time = 25ms (default)
2024-08-03 20:04:56,949 [omNode-bootstrap-1-groupManagement] INFO  server.RaftServerConfigKeys (ConfUtils.java:logGet(46)) - raft.server.rpc.slowness.timeout = 2s (custom)
2024-08-03 20:04:56,950 [omNode-bootstrap-1-groupManagement] INFO  server.RaftServerConfigKeys (ConfUtils.java:logGet(46)) - raft.server.leaderelection.leader.step-down.wait-time = 10s (default)
2024-08-03 20:04:56,950 [omNode-bootstrap-1-groupManagement] INFO  server.RaftServerConfigKeys (ConfUtils.java:logGet(46)) - raft.server.leaderelection.member.majority-add = false (default)
2024-08-03 20:04:56,950 [omNode-bootstrap-1-groupManagement] INFO  server.RaftServerConfigKeys (ConfUtils.java:logGet(46)) - raft.server.sleep.deviation.threshold = 300ms (default)
2024-08-03 20:04:56,950 [omNode-bootstrap-1-groupManagement] INFO  server.RaftServer$Division (ServerState.java:<init>(114)) - omNode-bootstrap-1@group-0AAC5367B30E: ConfigurationManager, init=conf: {index: -1, cur=peers:[]|listeners:[], old=null}, confs=<EMPTY_MAP>
2024-08-03 20:04:56,950 [omNode-bootstrap-1-groupManagement] INFO  server.RaftServerConfigKeys (ConfUtils.java:logGet(46)) - raft.server.notification.no-leader.timeout = 2s (custom)
2024-08-03 20:04:56,951 [omNode-bootstrap-1-groupManagement] INFO  server.RaftServerConfigKeys (ConfUtils.java:logGet(46)) - raft.server.read.timeout = 10s (default)
2024-08-03 20:04:56,951 [omNode-bootstrap-1-groupManagement] INFO  server.RaftServerConfigKeys (ConfUtils.java:logGet(46)) - raft.server.retrycache.expirytime = 300s (custom)
2024-08-03 20:04:56,951 [omNode-bootstrap-1-groupManagement] INFO  server.RaftServerConfigKeys (ConfUtils.java:logGet(46)) - raft.server.retrycache.statistics.expirytime = 100ms (default)
2024-08-03 20:04:56,951 [omNode-bootstrap-1-groupManagement] INFO  server.RaftServerConfigKeys (ConfUtils.java:logGet(46)) - raft.server.read.option = DEFAULT (default)
2024-08-03 20:04:56,951 [omNode-bootstrap-1-groupManagement] INFO  server.RaftServerConfigKeys (ConfUtils.java:logGet(46)) - raft.server.read.read-after-write-consistent.write-index-cache.expiry-time = 60s (default)
2024-08-03 20:04:56,960 [omNode-bootstrap-1-groupManagement] INFO  server.RaftServerConfigKeys (ConfUtils.java:logGet(46)) - raft.server.rpc.request.timeout = 3000ms (default)
2024-08-03 20:04:56,960 [omNode-bootstrap-1-groupManagement] INFO  server.RaftServerConfigKeys (ConfUtils.java:logGet(46)) - raft.server.log.appender.install.snapshot.enabled = false (custom)
2024-08-03 20:04:56,960 [omNode-bootstrap-1-groupManagement] INFO  server.RaftServerConfigKeys (ConfUtils.java:logGet(46)) - raft.server.threadpool.server.cached = true (default)
2024-08-03 20:04:56,960 [omNode-bootstrap-1-groupManagement] INFO  server.RaftServerConfigKeys (ConfUtils.java:logGet(46)) - raft.server.threadpool.server.size = 0 (default)
2024-08-03 20:04:56,960 [omNode-bootstrap-1-groupManagement] INFO  server.RaftServerConfigKeys (ConfUtils.java:logGet(46)) - raft.server.threadpool.client.cached = true (default)
2024-08-03 20:04:56,960 [omNode-bootstrap-1-groupManagement] INFO  server.RaftServerConfigKeys (ConfUtils.java:logGet(46)) - raft.server.threadpool.client.size = 0 (default)
2024-08-03 20:04:57,259 [main] INFO  reflections.Reflections (Reflections.java:scan(219)) - Reflections took 307 ms to scan 20 urls, producing 59 keys and 6664 values
2024-08-03 20:04:57,261 [main] INFO  ipc.CallQueueManager (CallQueueManager.java:<init>(90)) - Using callQueue: class java.util.concurrent.LinkedBlockingQueue, queueCapacity: 2000, scheduler: class org.apache.hadoop.ipc.DefaultRpcScheduler, ipcBackoff: false.
2024-08-03 20:04:57,261 [main] INFO  ipc.Server (Server.java:<init>(1287)) - Listener at 127.0.0.1:15051
2024-08-03 20:04:57,263 [Socket Reader #1 for port 15051] INFO  ipc.Server (Server.java:run(1323)) - Starting Socket Reader #1 for port 15051
2024-08-03 20:04:57,402 [main] INFO  ipc.Client (Client.java:handleConnectionFailure(950)) - Retrying connect to server: localhost/127.0.0.1:15016. Already tried 0 time(s); retry policy is RetryUpToMaximumCountWithFixedSleep(maxRetries=2, sleepTime=100 MILLISECONDS)
2024-08-03 20:04:57,502 [main] INFO  ipc.Client (Client.java:handleConnectionFailure(950)) - Retrying connect to server: localhost/127.0.0.1:15016. Already tried 1 time(s); retry policy is RetryUpToMaximumCountWithFixedSleep(maxRetries=2, sleepTime=100 MILLISECONDS)
2024-08-03 20:04:58,604 [main] INFO  ipc.Client (Client.java:handleConnectionFailure(950)) - Retrying connect to server: localhost/127.0.0.1:15016. Already tried 0 time(s); retry policy is RetryUpToMaximumCountWithFixedSleep(maxRetries=2, sleepTime=100 MILLISECONDS)
2024-08-03 20:04:58,705 [main] INFO  ipc.Client (Client.java:handleConnectionFailure(950)) - Retrying connect to server: localhost/127.0.0.1:15016. Already tried 1 time(s); retry policy is RetryUpToMaximumCountWithFixedSleep(maxRetries=2, sleepTime=100 MILLISECONDS)
2024-08-03 20:04:58,706 [main] INFO  retry.RetryInvocationHandler (RetryInvocationHandler.java:log(422)) - com.google.protobuf.ServiceException: java.net.ConnectException: Call From fv-az976-615/10.1.0.32 to localhost:15016 failed on connection exception: java.net.ConnectException: Connection refused; For more details see:  http://wiki.apache.org/hadoop/ConnectionRefused, while invoking $Proxy63.getOMConfiguration over null. Retrying after sleeping for 1000ms. Current retry count: 1.
2024-08-03 20:04:59,807 [main] INFO  ipc.Client (Client.java:handleConnectionFailure(950)) - Retrying connect to server: localhost/127.0.0.1:15016. Already tried 0 time(s); retry policy is RetryUpToMaximumCountWithFixedSleep(maxRetries=2, sleepTime=100 MILLISECONDS)
2024-08-03 20:04:59,907 [main] INFO  ipc.Client (Client.java:handleConnectionFailure(950)) - Retrying connect to server: localhost/127.0.0.1:15016. Already tried 1 time(s); retry policy is RetryUpToMaximumCountWithFixedSleep(maxRetries=2, sleepTime=100 MILLISECONDS)
2024-08-03 20:04:59,908 [main] INFO  retry.RetryInvocationHandler (RetryInvocationHandler.java:log(422)) - com.google.protobuf.ServiceException: java.net.ConnectException: Call From fv-az976-615/10.1.0.32 to localhost:15016 failed on connection exception: java.net.ConnectException: Connection refused; For more details see:  http://wiki.apache.org/hadoop/ConnectionRefused, while invoking $Proxy63.getOMConfiguration over null. Retrying after sleeping for 1000ms. Current retry count: 2.
2024-08-03 20:05:01,009 [main] INFO  ipc.Client (Client.java:handleConnectionFailure(950)) - Retrying connect to server: localhost/127.0.0.1:15016. Already tried 0 time(s); retry policy is RetryUpToMaximumCountWithFixedSleep(maxRetries=2, sleepTime=100 MILLISECONDS)
2024-08-03 20:05:01,110 [main] INFO  ipc.Client (Client.java:handleConnectionFailure(950)) - Retrying connect to server: localhost/127.0.0.1:15016. Already tried 1 time(s); retry policy is RetryUpToMaximumCountWithFixedSleep(maxRetries=2, sleepTime=100 MILLISECONDS)
2024-08-03 20:05:01,112 [main] INFO  retry.RetryInvocationHandler (RetryInvocationHandler.java:log(422)) - com.google.protobuf.ServiceException: java.net.ConnectException: Call From fv-az976-615/10.1.0.32 to localhost:15016 failed on connection exception: java.net.ConnectException: Connection refused; For more details see:  http://wiki.apache.org/hadoop/ConnectionRefused, while invoking $Proxy63.getOMConfiguration over null. Retrying after sleeping for 1000ms. Current retry count: 3.
2024-08-03 20:05:02,213 [main] INFO  ipc.Client (Client.java:handleConnectionFailure(950)) - Retrying connect to server: localhost/127.0.0.1:15016. Already tried 0 time(s); retry policy is RetryUpToMaximumCountWithFixedSleep(maxRetries=2, sleepTime=100 MILLISECONDS)
2024-08-03 20:05:02,314 [main] INFO  ipc.Client (Client.java:handleConnectionFailure(950)) - Retrying connect to server: localhost/127.0.0.1:15016. Already tried 1 time(s); retry policy is RetryUpToMaximumCountWithFixedSleep(maxRetries=2, sleepTime=100 MILLISECONDS)
2024-08-03 20:05:02,315 [main] INFO  retry.RetryInvocationHandler (RetryInvocationHandler.java:log(422)) - com.google.protobuf.ServiceException: java.net.ConnectException: Call From fv-az976-615/10.1.0.32 to localhost:15016 failed on connection exception: java.net.ConnectException: Connection refused; For more details see:  http://wiki.apache.org/hadoop/ConnectionRefused, while invoking $Proxy63.getOMConfiguration over null. Retrying after sleeping for 1000ms. Current retry count: 4.
2024-08-03 20:05:03,416 [main] INFO  ipc.Client (Client.java:handleConnectionFailure(950)) - Retrying connect to server: localhost/127.0.0.1:15016. Already tried 0 time(s); retry policy is RetryUpToMaximumCountWithFixedSleep(maxRetries=2, sleepTime=100 MILLISECONDS)
2024-08-03 20:05:03,517 [main] INFO  ipc.Client (Client.java:handleConnectionFailure(950)) - Retrying connect to server: localhost/127.0.0.1:15016. Already tried 1 time(s); retry policy is RetryUpToMaximumCountWithFixedSleep(maxRetries=2, sleepTime=100 MILLISECONDS)
2024-08-03 20:05:03,518 [main] INFO  retry.RetryInvocationHandler (RetryInvocationHandler.java:log(422)) - com.google.protobuf.ServiceException: java.net.ConnectException: Call From fv-az976-615/10.1.0.32 to localhost:15016 failed on connection exception: java.net.ConnectException: Connection refused; For more details see:  http://wiki.apache.org/hadoop/ConnectionRefused, while invoking $Proxy63.getOMConfiguration over null. Retrying after sleeping for 1000ms. Current retry count: 5.
2024-08-03 20:05:04,619 [main] INFO  ipc.Client (Client.java:handleConnectionFailure(950)) - Retrying connect to server: localhost/127.0.0.1:15016. Already tried 0 time(s); retry policy is RetryUpToMaximumCountWithFixedSleep(maxRetries=2, sleepTime=100 MILLISECONDS)
2024-08-03 20:05:04,719 [main] INFO  ipc.Client (Client.java:handleConnectionFailure(950)) - Retrying connect to server: localhost/127.0.0.1:15016. Already tried 1 time(s); retry policy is RetryUpToMaximumCountWithFixedSleep(maxRetries=2, sleepTime=100 MILLISECONDS)
2024-08-03 20:05:04,720 [main] INFO  retry.RetryInvocationHandler (RetryInvocationHandler.java:log(422)) - com.google.protobuf.ServiceException: java.net.ConnectException: Call From fv-az976-615/10.1.0.32 to localhost:15016 failed on connection exception: java.net.ConnectException: Connection refused; For more details see:  http://wiki.apache.org/hadoop/ConnectionRefused, while invoking $Proxy63.getOMConfiguration over null. Retrying after sleeping for 1000ms. Current retry count: 6.
2024-08-03 20:05:05,821 [main] INFO  ipc.Client (Client.java:handleConnectionFailure(950)) - Retrying connect to server: localhost/127.0.0.1:15016. Already tried 0 time(s); retry policy is RetryUpToMaximumCountWithFixedSleep(maxRetries=2, sleepTime=100 MILLISECONDS)
2024-08-03 20:05:05,922 [main] INFO  ipc.Client (Client.java:handleConnectionFailure(950)) - Retrying connect to server: localhost/127.0.0.1:15016. Already tried 1 time(s); retry policy is RetryUpToMaximumCountWithFixedSleep(maxRetries=2, sleepTime=100 MILLISECONDS)
2024-08-03 20:05:05,923 [main] INFO  retry.RetryInvocationHandler (RetryInvocationHandler.java:log(422)) - com.google.protobuf.ServiceException: java.net.ConnectException: Call From fv-az976-615/10.1.0.32 to localhost:15016 failed on connection exception: java.net.ConnectException: Connection refused; For more details see:  http://wiki.apache.org/hadoop/ConnectionRefused, while invoking $Proxy63.getOMConfiguration over null. Retrying after sleeping for 1000ms. Current retry count: 7.
2024-08-03 20:05:07,023 [main] INFO  ipc.Client (Client.java:handleConnectionFailure(950)) - Retrying connect to server: localhost/127.0.0.1:15016. Already tried 0 time(s); retry policy is RetryUpToMaximumCountWithFixedSleep(maxRetries=2, sleepTime=100 MILLISECONDS)
2024-08-03 20:05:07,124 [main] INFO  ipc.Client (Client.java:handleConnectionFailure(950)) - Retrying connect to server: localhost/127.0.0.1:15016. Already tried 1 time(s); retry policy is RetryUpToMaximumCountWithFixedSleep(maxRetries=2, sleepTime=100 MILLISECONDS)
2024-08-03 20:05:07,125 [main] INFO  retry.RetryInvocationHandler (RetryInvocationHandler.java:log(422)) - com.google.protobuf.ServiceException: java.net.ConnectException: Call From fv-az976-615/10.1.0.32 to localhost:15016 failed on connection exception: java.net.ConnectException: Connection refused; For more details see:  http://wiki.apache.org/hadoop/ConnectionRefused, while invoking $Proxy63.getOMConfiguration over null. Retrying after sleeping for 1000ms. Current retry count: 8.
2024-08-03 20:05:08,226 [main] INFO  ipc.Client (Client.java:handleConnectionFailure(950)) - Retrying connect to server: localhost/127.0.0.1:15016. Already tried 0 time(s); retry policy is RetryUpToMaximumCountWithFixedSleep(maxRetries=2, sleepTime=100 MILLISECONDS)
2024-08-03 20:05:08,327 [main] INFO  ipc.Client (Client.java:handleConnectionFailure(950)) - Retrying connect to server: localhost/127.0.0.1:15016. Already tried 1 time(s); retry policy is RetryUpToMaximumCountWithFixedSleep(maxRetries=2, sleepTime=100 MILLISECONDS)
2024-08-03 20:05:08,328 [main] INFO  retry.RetryInvocationHandler (RetryInvocationHandler.java:log(422)) - com.google.protobuf.ServiceException: java.net.ConnectException: Call From fv-az976-615/10.1.0.32 to localhost:15016 failed on connection exception: java.net.ConnectException: Connection refused; For more details see:  http://wiki.apache.org/hadoop/ConnectionRefused, while invoking $Proxy63.getOMConfiguration over null. Retrying after sleeping for 1000ms. Current retry count: 9.
2024-08-03 20:05:09,429 [main] INFO  ipc.Client (Client.java:handleConnectionFailure(950)) - Retrying connect to server: localhost/127.0.0.1:15016. Already tried 0 time(s); retry policy is RetryUpToMaximumCountWithFixedSleep(maxRetries=2, sleepTime=100 MILLISECONDS)
2024-08-03 20:05:09,529 [main] INFO  ipc.Client (Client.java:handleConnectionFailure(950)) - Retrying connect to server: localhost/127.0.0.1:15016. Already tried 1 time(s); retry policy is RetryUpToMaximumCountWithFixedSleep(maxRetries=2, sleepTime=100 MILLISECONDS)
2024-08-03 20:05:09,530 [main] ERROR protocolPB.OMAdminProtocolClientSideImpl (OMAdminProtocolClientSideImpl.java:getOMConfiguration(178)) - Failed to retrieve configuration of OM omNode-2[localhost:15016]
com.google.protobuf.ServiceException: java.net.ConnectException: Call From fv-az976-615/10.1.0.32 to localhost:15016 failed on connection exception: java.net.ConnectException: Connection refused; For more details see:  http://wiki.apache.org/hadoop/ConnectionRefused
	at org.apache.hadoop.ipc.ProtobufRpcEngine$Invoker.invoke(ProtobufRpcEngine.java:264)
	at org.apache.hadoop.ipc.ProtobufRpcEngine$Invoker.invoke(ProtobufRpcEngine.java:132)
	at jdk.proxy2/jdk.proxy2.$Proxy63.getOMConfiguration(Unknown Source)
	at java.base/jdk.internal.reflect.NativeMethodAccessorImpl.invoke0(Native Method)
	at java.base/jdk.internal.reflect.NativeMethodAccessorImpl.invoke(NativeMethodAccessorImpl.java:77)
	at java.base/jdk.internal.reflect.DelegatingMethodAccessorImpl.invoke(DelegatingMethodAccessorImpl.java:43)
	at java.base/java.lang.reflect.Method.invoke(Method.java:569)
	at org.apache.hadoop.io.retry.RetryInvocationHandler.invokeMethod(RetryInvocationHandler.java:433)
	at org.apache.hadoop.io.retry.RetryInvocationHandler$Call.invokeMethod(RetryInvocationHandler.java:166)
	at org.apache.hadoop.io.retry.RetryInvocationHandler$Call.invoke(RetryInvocationHandler.java:158)
	at org.apache.hadoop.io.retry.RetryInvocationHandler$Call.invokeOnce(RetryInvocationHandler.java:96)
	at org.apache.hadoop.io.retry.RetryInvocationHandler.invoke(RetryInvocationHandler.java:362)
	at jdk.proxy2/jdk.proxy2.$Proxy63.getOMConfiguration(Unknown Source)
	at org.apache.hadoop.ozone.om.protocolPB.OMAdminProtocolClientSideImpl.getOMConfiguration(OMAdminProtocolClientSideImpl.java:156)
	at org.apache.hadoop.ozone.om.OzoneManager.checkConfigBeforeBootstrap(OzoneManager.java:1847)
	at org.apache.hadoop.ozone.om.OzoneManager.start(OzoneManager.java:1640)
	at org.apache.hadoop.ozone.MiniOzoneHAClusterImpl$MiniOzoneHAService.startInactiveService(MiniOzoneHAClusterImpl.java:993)
	at org.apache.hadoop.ozone.MiniOzoneHAClusterImpl.startInactiveOM(MiniOzoneHAClusterImpl.java:189)
	at org.apache.hadoop.ozone.MiniOzoneHAClusterImpl.bootstrapNewOM(MiniOzoneHAClusterImpl.java:834)
	at org.apache.hadoop.ozone.MiniOzoneHAClusterImpl.bootstrapOzoneManager(MiniOzoneHAClusterImpl.java:749)
	at org.apache.hadoop.ozone.om.TestAddRemoveOzoneManager.lambda$testForceBootstrap$2(TestAddRemoveOzoneManager.java:316)
	at org.junit.jupiter.api.AssertThrows.assertThrows(AssertThrows.java:53)
	at org.junit.jupiter.api.AssertThrows.assertThrows(AssertThrows.java:39)
	at org.junit.jupiter.api.Assertions.assertThrows(Assertions.java:3131)
	at org.apache.hadoop.ozone.om.TestAddRemoveOzoneManager.testForceBootstrap(TestAddRemoveOzoneManager.java:316)
	at java.base/jdk.internal.reflect.NativeMethodAccessorImpl.invoke0(Native Method)
	at java.base/jdk.internal.reflect.NativeMethodAccessorImpl.invoke(NativeMethodAccessorImpl.java:77)
	at java.base/jdk.internal.reflect.DelegatingMethodAccessorImpl.invoke(DelegatingMethodAccessorImpl.java:43)
	at java.base/java.lang.reflect.Method.invoke(Method.java:569)
	at org.junit.platform.commons.util.ReflectionUtils.invokeMethod(ReflectionUtils.java:728)
	at org.junit.jupiter.engine.execution.MethodInvocation.proceed(MethodInvocation.java:60)
	at org.junit.jupiter.engine.execution.InvocationInterceptorChain$ValidatingInvocation.proceed(InvocationInterceptorChain.java:131)
	at org.junit.jupiter.engine.extension.SameThreadTimeoutInvocation.proceed(SameThreadTimeoutInvocation.java:45)
	at org.junit.jupiter.engine.extension.TimeoutExtension.intercept(TimeoutExtension.java:156)
	at org.junit.jupiter.engine.extension.TimeoutExtension.interceptTestableMethod(TimeoutExtension.java:147)
	at org.junit.jupiter.engine.extension.TimeoutExtension.interceptTestMethod(TimeoutExtension.java:86)
	at org.junit.jupiter.engine.execution.InterceptingExecutableInvoker$ReflectiveInterceptorCall.lambda$ofVoidMethod$0(InterceptingExecutableInvoker.java:103)
	at org.junit.jupiter.engine.execution.InterceptingExecutableInvoker.lambda$invoke$0(InterceptingExecutableInvoker.java:93)
	at org.junit.jupiter.engine.execution.InvocationInterceptorChain$InterceptedInvocation.proceed(InvocationInterceptorChain.java:106)
	at org.junit.jupiter.engine.execution.InvocationInterceptorChain.proceed(InvocationInterceptorChain.java:64)
	at org.junit.jupiter.engine.execution.InvocationInterceptorChain.chainAndInvoke(InvocationInterceptorChain.java:45)
	at org.junit.jupiter.engine.execution.InvocationInterceptorChain.invoke(InvocationInterceptorChain.java:37)
	at org.junit.jupiter.engine.execution.InterceptingExecutableInvoker.invoke(InterceptingExecutableInvoker.java:92)
	at org.junit.jupiter.engine.execution.InterceptingExecutableInvoker.invoke(InterceptingExecutableInvoker.java:86)
	at org.junit.jupiter.engine.descriptor.TestMethodTestDescriptor.lambda$invokeTestMethod$7(TestMethodTestDescriptor.java:218)
	at org.junit.platform.engine.support.hierarchical.ThrowableCollector.execute(ThrowableCollector.java:73)
	at org.junit.jupiter.engine.descriptor.TestMethodTestDescriptor.invokeTestMethod(TestMethodTestDescriptor.java:214)
	at org.junit.jupiter.engine.descriptor.TestMethodTestDescriptor.execute(TestMethodTestDescriptor.java:139)
	at org.junit.jupiter.engine.descriptor.TestMethodTestDescriptor.execute(TestMethodTestDescriptor.java:69)
	at org.junit.platform.engine.support.hierarchical.NodeTestTask.lambda$executeRecursively$6(NodeTestTask.java:151)
	at org.junit.platform.engine.support.hierarchical.ThrowableCollector.execute(ThrowableCollector.java:73)
	at org.junit.platform.engine.support.hierarchical.NodeTestTask.lambda$executeRecursively$8(NodeTestTask.java:141)
	at org.junit.platform.engine.support.hierarchical.Node.around(Node.java:137)
	at org.junit.platform.engine.support.hierarchical.NodeTestTask.lambda$executeRecursively$9(NodeTestTask.java:139)
	at org.junit.platform.engine.support.hierarchical.ThrowableCollector.execute(ThrowableCollector.java:73)
	at org.junit.platform.engine.support.hierarchical.NodeTestTask.executeRecursively(NodeTestTask.java:138)
	at org.junit.platform.engine.support.hierarchical.NodeTestTask.execute(NodeTestTask.java:95)
	at java.base/java.util.ArrayList.forEach(ArrayList.java:1511)
	at org.junit.platform.engine.support.hierarchical.SameThreadHierarchicalTestExecutorService.invokeAll(SameThreadHierarchicalTestExecutorService.java:41)
	at org.junit.platform.engine.support.hierarchical.NodeTestTask.lambda$executeRecursively$6(NodeTestTask.java:155)
	at org.junit.platform.engine.support.hierarchical.ThrowableCollector.execute(ThrowableCollector.java:73)
	at org.junit.platform.engine.support.hierarchical.NodeTestTask.lambda$executeRecursively$8(NodeTestTask.java:141)
	at org.junit.platform.engine.support.hierarchical.Node.around(Node.java:137)
	at org.junit.platform.engine.support.hierarchical.NodeTestTask.lambda$executeRecursively$9(NodeTestTask.java:139)
	at org.junit.platform.engine.support.hierarchical.ThrowableCollector.execute(ThrowableCollector.java:73)
	at org.junit.platform.engine.support.hierarchical.NodeTestTask.executeRecursively(NodeTestTask.java:138)
	at org.junit.platform.engine.support.hierarchical.NodeTestTask.execute(NodeTestTask.java:95)
	at java.base/java.util.ArrayList.forEach(ArrayList.java:1511)
	at org.junit.platform.engine.support.hierarchical.SameThreadHierarchicalTestExecutorService.invokeAll(SameThreadHierarchicalTestExecutorService.java:41)
	at org.junit.platform.engine.support.hierarchical.NodeTestTask.lambda$executeRecursively$6(NodeTestTask.java:155)
	at org.junit.platform.engine.support.hierarchical.ThrowableCollector.execute(ThrowableCollector.java:73)
	at org.junit.platform.engine.support.hierarchical.NodeTestTask.lambda$executeRecursively$8(NodeTestTask.java:141)
	at org.junit.platform.engine.support.hierarchical.Node.around(Node.java:137)
	at org.junit.platform.engine.support.hierarchical.NodeTestTask.lambda$executeRecursively$9(NodeTestTask.java:139)
	at org.junit.platform.engine.support.hierarchical.ThrowableCollector.execute(ThrowableCollector.java:73)
	at org.junit.platform.engine.support.hierarchical.NodeTestTask.executeRecursively(NodeTestTask.java:138)
	at org.junit.platform.engine.support.hierarchical.NodeTestTask.execute(NodeTestTask.java:95)
	at org.junit.platform.engine.support.hierarchical.SameThreadHierarchicalTestExecutorService.submit(SameThreadHierarchicalTestExecutorService.java:35)
	at org.junit.platform.engine.support.hierarchical.HierarchicalTestExecutor.execute(HierarchicalTestExecutor.java:57)
	at org.junit.platform.engine.support.hierarchical.HierarchicalTestEngine.execute(HierarchicalTestEngine.java:54)
	at org.junit.platform.launcher.core.EngineExecutionOrchestrator.execute(EngineExecutionOrchestrator.java:198)
	at org.junit.platform.launcher.core.EngineExecutionOrchestrator.execute(EngineExecutionOrchestrator.java:169)
	at org.junit.platform.launcher.core.EngineExecutionOrchestrator.execute(EngineExecutionOrchestrator.java:93)
	at org.junit.platform.launcher.core.EngineExecutionOrchestrator.lambda$execute$0(EngineExecutionOrchestrator.java:58)
	at org.junit.platform.launcher.core.EngineExecutionOrchestrator.withInterceptedStreams(EngineExecutionOrchestrator.java:141)
	at org.junit.platform.launcher.core.EngineExecutionOrchestrator.execute(EngineExecutionOrchestrator.java:57)
	at org.junit.platform.launcher.core.DefaultLauncher.execute(DefaultLauncher.java:103)
	at org.junit.platform.launcher.core.DefaultLauncher.execute(DefaultLauncher.java:85)
	at org.junit.platform.launcher.core.DelegatingLauncher.execute(DelegatingLauncher.java:47)
	at org.junit.platform.launcher.core.SessionPerRequestLauncher.execute(SessionPerRequestLauncher.java:63)
	at org.apache.maven.surefire.junitplatform.JUnitPlatformProvider.invokeAllTests(JUnitPlatformProvider.java:154)
	at org.apache.maven.surefire.junitplatform.JUnitPlatformProvider.invoke(JUnitPlatformProvider.java:123)
	at org.apache.maven.surefire.booter.ForkedBooter.runSuitesInProcess(ForkedBooter.java:377)
	at org.apache.maven.surefire.booter.ForkedBooter.execute(ForkedBooter.java:138)
	at org.apache.maven.surefire.booter.ForkedBooter.run(ForkedBooter.java:465)
	at org.apache.maven.surefire.booter.ForkedBooter.main(ForkedBooter.java:451)
Caused by: java.net.ConnectException: Call From fv-az976-615/10.1.0.32 to localhost:15016 failed on connection exception: java.net.ConnectException: Connection refused; For more details see:  http://wiki.apache.org/hadoop/ConnectionRefused
	at java.base/jdk.internal.reflect.NativeConstructorAccessorImpl.newInstance0(Native Method)
	at java.base/jdk.internal.reflect.NativeConstructorAccessorImpl.newInstance(NativeConstructorAccessorImpl.java:77)
	at java.base/jdk.internal.reflect.DelegatingConstructorAccessorImpl.newInstance(DelegatingConstructorAccessorImpl.java:45)
	at java.base/java.lang.reflect.Constructor.newInstanceWithCaller(Constructor.java:500)
	at java.base/java.lang.reflect.Constructor.newInstance(Constructor.java:481)
	at org.apache.hadoop.net.NetUtils.wrapWithMessage(NetUtils.java:930)
	at org.apache.hadoop.net.NetUtils.wrapException(NetUtils.java:845)
	at org.apache.hadoop.ipc.Client.getRpcResponse(Client.java:1571)
	at org.apache.hadoop.ipc.Client.call(Client.java:1513)
	at org.apache.hadoop.ipc.Client.call(Client.java:1410)
	at org.apache.hadoop.ipc.ProtobufRpcEngine$Invoker.invoke(ProtobufRpcEngine.java:250)
	... 95 more
Caused by: java.net.ConnectException: Connection refused
	at java.base/sun.nio.ch.Net.pollConnect(Native Method)
	at java.base/sun.nio.ch.Net.pollConnectNow(Net.java:672)
	at java.base/sun.nio.ch.SocketChannelImpl.finishConnect(SocketChannelImpl.java:946)
	at org.apache.hadoop.net.SocketIOWithTimeout.connect(SocketIOWithTimeout.java:205)
	at org.apache.hadoop.net.NetUtils.connect(NetUtils.java:600)
	at org.apache.hadoop.ipc.Client$Connection.setupConnection(Client.java:652)
	at org.apache.hadoop.ipc.Client$Connection.setupIOstreams(Client.java:773)
	at org.apache.hadoop.ipc.Client$Connection.access$3800(Client.java:347)
	at org.apache.hadoop.ipc.Client.getConnection(Client.java:1632)
	at org.apache.hadoop.ipc.Client.call(Client.java:1457)
	... 97 more
2024-08-03 20:05:09,531 [main] ERROR om.OzoneManager (OzoneManager.java:checkConfigBeforeBootstrap(1850)) - Remote OM config check failed on OM omNode-2
java.io.IOException: Remote OM omNode-2 configuration returned null
	at org.apache.hadoop.ozone.om.OzoneManager.checkRemoteOMConfig(OzoneManager.java:1869)
	at org.apache.hadoop.ozone.om.OzoneManager.checkConfigBeforeBootstrap(OzoneManager.java:1848)
	at org.apache.hadoop.ozone.om.OzoneManager.start(OzoneManager.java:1640)
	at org.apache.hadoop.ozone.MiniOzoneHAClusterImpl$MiniOzoneHAService.startInactiveService(MiniOzoneHAClusterImpl.java:993)
	at org.apache.hadoop.ozone.MiniOzoneHAClusterImpl.startInactiveOM(MiniOzoneHAClusterImpl.java:189)
	at org.apache.hadoop.ozone.MiniOzoneHAClusterImpl.bootstrapNewOM(MiniOzoneHAClusterImpl.java:834)
	at org.apache.hadoop.ozone.MiniOzoneHAClusterImpl.bootstrapOzoneManager(MiniOzoneHAClusterImpl.java:749)
	at org.apache.hadoop.ozone.om.TestAddRemoveOzoneManager.lambda$testForceBootstrap$2(TestAddRemoveOzoneManager.java:316)
	at org.junit.jupiter.api.AssertThrows.assertThrows(AssertThrows.java:53)
	at org.junit.jupiter.api.AssertThrows.assertThrows(AssertThrows.java:39)
	at org.junit.jupiter.api.Assertions.assertThrows(Assertions.java:3131)
	at org.apache.hadoop.ozone.om.TestAddRemoveOzoneManager.testForceBootstrap(TestAddRemoveOzoneManager.java:316)
	at java.base/jdk.internal.reflect.NativeMethodAccessorImpl.invoke0(Native Method)
	at java.base/jdk.internal.reflect.NativeMethodAccessorImpl.invoke(NativeMethodAccessorImpl.java:77)
	at java.base/jdk.internal.reflect.DelegatingMethodAccessorImpl.invoke(DelegatingMethodAccessorImpl.java:43)
	at java.base/java.lang.reflect.Method.invoke(Method.java:569)
	at org.junit.platform.commons.util.ReflectionUtils.invokeMethod(ReflectionUtils.java:728)
	at org.junit.jupiter.engine.execution.MethodInvocation.proceed(MethodInvocation.java:60)
	at org.junit.jupiter.engine.execution.InvocationInterceptorChain$ValidatingInvocation.proceed(InvocationInterceptorChain.java:131)
	at org.junit.jupiter.engine.extension.SameThreadTimeoutInvocation.proceed(SameThreadTimeoutInvocation.java:45)
	at org.junit.jupiter.engine.extension.TimeoutExtension.intercept(TimeoutExtension.java:156)
	at org.junit.jupiter.engine.extension.TimeoutExtension.interceptTestableMethod(TimeoutExtension.java:147)
	at org.junit.jupiter.engine.extension.TimeoutExtension.interceptTestMethod(TimeoutExtension.java:86)
	at org.junit.jupiter.engine.execution.InterceptingExecutableInvoker$ReflectiveInterceptorCall.lambda$ofVoidMethod$0(InterceptingExecutableInvoker.java:103)
	at org.junit.jupiter.engine.execution.InterceptingExecutableInvoker.lambda$invoke$0(InterceptingExecutableInvoker.java:93)
	at org.junit.jupiter.engine.execution.InvocationInterceptorChain$InterceptedInvocation.proceed(InvocationInterceptorChain.java:106)
	at org.junit.jupiter.engine.execution.InvocationInterceptorChain.proceed(InvocationInterceptorChain.java:64)
	at org.junit.jupiter.engine.execution.InvocationInterceptorChain.chainAndInvoke(InvocationInterceptorChain.java:45)
	at org.junit.jupiter.engine.execution.InvocationInterceptorChain.invoke(InvocationInterceptorChain.java:37)
	at org.junit.jupiter.engine.execution.InterceptingExecutableInvoker.invoke(InterceptingExecutableInvoker.java:92)
	at org.junit.jupiter.engine.execution.InterceptingExecutableInvoker.invoke(InterceptingExecutableInvoker.java:86)
	at org.junit.jupiter.engine.descriptor.TestMethodTestDescriptor.lambda$invokeTestMethod$7(TestMethodTestDescriptor.java:218)
	at org.junit.platform.engine.support.hierarchical.ThrowableCollector.execute(ThrowableCollector.java:73)
	at org.junit.jupiter.engine.descriptor.TestMethodTestDescriptor.invokeTestMethod(TestMethodTestDescriptor.java:214)
	at org.junit.jupiter.engine.descriptor.TestMethodTestDescriptor.execute(TestMethodTestDescriptor.java:139)
	at org.junit.jupiter.engine.descriptor.TestMethodTestDescriptor.execute(TestMethodTestDescriptor.java:69)
	at org.junit.platform.engine.support.hierarchical.NodeTestTask.lambda$executeRecursively$6(NodeTestTask.java:151)
	at org.junit.platform.engine.support.hierarchical.ThrowableCollector.execute(ThrowableCollector.java:73)
	at org.junit.platform.engine.support.hierarchical.NodeTestTask.lambda$executeRecursively$8(NodeTestTask.java:141)
	at org.junit.platform.engine.support.hierarchical.Node.around(Node.java:137)
	at org.junit.platform.engine.support.hierarchical.NodeTestTask.lambda$executeRecursively$9(NodeTestTask.java:139)
	at org.junit.platform.engine.support.hierarchical.ThrowableCollector.execute(ThrowableCollector.java:73)
	at org.junit.platform.engine.support.hierarchical.NodeTestTask.executeRecursively(NodeTestTask.java:138)
	at org.junit.platform.engine.support.hierarchical.NodeTestTask.execute(NodeTestTask.java:95)
	at java.base/java.util.ArrayList.forEach(ArrayList.java:1511)
	at org.junit.platform.engine.support.hierarchical.SameThreadHierarchicalTestExecutorService.invokeAll(SameThreadHierarchicalTestExecutorService.java:41)
	at org.junit.platform.engine.support.hierarchical.NodeTestTask.lambda$executeRecursively$6(NodeTestTask.java:155)
	at org.junit.platform.engine.support.hierarchical.ThrowableCollector.execute(ThrowableCollector.java:73)
	at org.junit.platform.engine.support.hierarchical.NodeTestTask.lambda$executeRecursively$8(NodeTestTask.java:141)
	at org.junit.platform.engine.support.hierarchical.Node.around(Node.java:137)
	at org.junit.platform.engine.support.hierarchical.NodeTestTask.lambda$executeRecursively$9(NodeTestTask.java:139)
	at org.junit.platform.engine.support.hierarchical.ThrowableCollector.execute(ThrowableCollector.java:73)
	at org.junit.platform.engine.support.hierarchical.NodeTestTask.executeRecursively(NodeTestTask.java:138)
	at org.junit.platform.engine.support.hierarchical.NodeTestTask.execute(NodeTestTask.java:95)
	at java.base/java.util.ArrayList.forEach(ArrayList.java:1511)
	at org.junit.platform.engine.support.hierarchical.SameThreadHierarchicalTestExecutorService.invokeAll(SameThreadHierarchicalTestExecutorService.java:41)
	at org.junit.platform.engine.support.hierarchical.NodeTestTask.lambda$executeRecursively$6(NodeTestTask.java:155)
	at org.junit.platform.engine.support.hierarchical.ThrowableCollector.execute(ThrowableCollector.java:73)
	at org.junit.platform.engine.support.hierarchical.NodeTestTask.lambda$executeRecursively$8(NodeTestTask.java:141)
	at org.junit.platform.engine.support.hierarchical.Node.around(Node.java:137)
	at org.junit.platform.engine.support.hierarchical.NodeTestTask.lambda$executeRecursively$9(NodeTestTask.java:139)
	at org.junit.platform.engine.support.hierarchical.ThrowableCollector.execute(ThrowableCollector.java:73)
	at org.junit.platform.engine.support.hierarchical.NodeTestTask.executeRecursively(NodeTestTask.java:138)
	at org.junit.platform.engine.support.hierarchical.NodeTestTask.execute(NodeTestTask.java:95)
	at org.junit.platform.engine.support.hierarchical.SameThreadHierarchicalTestExecutorService.submit(SameThreadHierarchicalTestExecutorService.java:35)
	at org.junit.platform.engine.support.hierarchical.HierarchicalTestExecutor.execute(HierarchicalTestExecutor.java:57)
	at org.junit.platform.engine.support.hierarchical.HierarchicalTestEngine.execute(HierarchicalTestEngine.java:54)
	at org.junit.platform.launcher.core.EngineExecutionOrchestrator.execute(EngineExecutionOrchestrator.java:198)
	at org.junit.platform.launcher.core.EngineExecutionOrchestrator.execute(EngineExecutionOrchestrator.java:169)
	at org.junit.platform.launcher.core.EngineExecutionOrchestrator.execute(EngineExecutionOrchestrator.java:93)
	at org.junit.platform.launcher.core.EngineExecutionOrchestrator.lambda$execute$0(EngineExecutionOrchestrator.java:58)
	at org.junit.platform.launcher.core.EngineExecutionOrchestrator.withInterceptedStreams(EngineExecutionOrchestrator.java:141)
	at org.junit.platform.launcher.core.EngineExecutionOrchestrator.execute(EngineExecutionOrchestrator.java:57)
	at org.junit.platform.launcher.core.DefaultLauncher.execute(DefaultLauncher.java:103)
	at org.junit.platform.launcher.core.DefaultLauncher.execute(DefaultLauncher.java:85)
	at org.junit.platform.launcher.core.DelegatingLauncher.execute(DelegatingLauncher.java:47)
	at org.junit.platform.launcher.core.SessionPerRequestLauncher.execute(SessionPerRequestLauncher.java:63)
	at org.apache.maven.surefire.junitplatform.JUnitPlatformProvider.invokeAllTests(JUnitPlatformProvider.java:154)
	at org.apache.maven.surefire.junitplatform.JUnitPlatformProvider.invoke(JUnitPlatformProvider.java:123)
	at org.apache.maven.surefire.booter.ForkedBooter.runSuitesInProcess(ForkedBooter.java:377)
	at org.apache.maven.surefire.booter.ForkedBooter.execute(ForkedBooter.java:138)
	at org.apache.maven.surefire.booter.ForkedBooter.run(ForkedBooter.java:465)
	at org.apache.maven.surefire.booter.ForkedBooter.main(ForkedBooter.java:451)
2024-08-03 20:05:09,532 [main] ERROR ozone.MiniOzoneHAClusterImpl (MiniOzoneHAClusterImpl.java:exitSystem(1047)) - omNode-bootstrap-1 - System Exit: OM [omNode-2[localhost:15016]] do not have or have incorrect information of the bootstrapping OM. Update their ozone-site.xml before proceeding.
2024-08-03 20:05:09,532 [main] INFO  om.OzoneManager (OzoneManager.java:stop(2232)) - omNode-bootstrap-1[localhost:15051]: Stopping Ozone Manager
2024-08-03 20:05:09,532 [main] INFO  ipc.Server (Server.java:stop(3523)) - Stopping server on 15051
2024-08-03 20:05:09,533 [main] INFO  ratis.OzoneManagerRatisServer (OzoneManagerRatisServer.java:stop(600)) - Stopping org.apache.hadoop.ozone.om.ratis.OzoneManagerRatisServer@33f306f0 at port 15054
2024-08-03 20:05:09,533 [main] INFO  rocksdiff.RocksDBCheckpointDiffer (RocksDBCheckpointDiffer.java:close(306)) - Shutting down CompactionDagPruningService.
2024-08-03 20:05:09,535 [main] INFO  snapshot.SnapshotDiffManager (SnapshotDiffManager.java:closeExecutorService(1657)) - Shutting down executorService: 'SnapDiffExecutor'
2024-08-03 20:05:09,536 [main] INFO  utils.BackgroundService (BackgroundService.java:shutdown(163)) - Shutting down service SnapshotDiffCleanupService
2024-08-03 20:05:09,578 [main] INFO  ha.OMHANodeDetails (OMHANodeDetails.java:loadOMHAConfig(121)) - ServiceID for OzoneManager is om-add-remove
2024-08-03 20:05:09,578 [main] INFO  ha.OMHANodeDetails (OMHANodeDetails.java:loadOMHAConfig(201)) - Found matching OM address with OMServiceId: om-add-remove, OMNodeId: omNode-bootstrap-2, RPC Address: localhost:15055 and Ratis port: 15058
2024-08-03 20:05:09,579 [main] INFO  ha.OMHANodeDetails (ConfUtils.java:setNodeSpecificConfigs(97)) - Setting configuration key ozone.om.http-address with value of key ozone.om.http-address.om-add-remove.omNode-bootstrap-2: 127.0.0.1:15056
2024-08-03 20:05:09,579 [main] INFO  ha.OMHANodeDetails (ConfUtils.java:setNodeSpecificConfigs(97)) - Setting configuration key ozone.om.https-address with value of key ozone.om.https-address.om-add-remove.omNode-bootstrap-2: 127.0.0.1:15057
2024-08-03 20:05:09,579 [main] INFO  ha.OMHANodeDetails (ConfUtils.java:setNodeSpecificConfigs(97)) - Setting configuration key ozone.om.address with value of key ozone.om.address.om-add-remove.omNode-bootstrap-2: 127.0.0.1:15055
2024-08-03 20:05:09,579 [main] WARN  server.ServerUtils (ServerUtils.java:getDBPath(299)) - ozone.om.db.dirs is not configured. We recommend adding this setting. Falling back to ozone.metadata.dirs instead.
2024-08-03 20:05:09,580 [main] INFO  ha.SCMNodeInfo (SCMNodeInfo.java:getPort(197)) - ConfigKey ozone.scm.client.address is deprecated, For configuring different ports for each SCM use PortConfigKey ozone.scm.client.port appended with serviceId and nodeId
2024-08-03 20:05:09,580 [main] INFO  ha.SCMNodeInfo (SCMNodeInfo.java:getPort(197)) - ConfigKey ozone.scm.block.client.address is deprecated, For configuring different ports for each SCM use PortConfigKey ozone.scm.block.client.port appended with serviceId and nodeId
2024-08-03 20:05:09,580 [main] INFO  ha.SCMNodeInfo (SCMNodeInfo.java:getPort(197)) - ConfigKey ozone.scm.security.service.address is deprecated, For configuring different ports for each SCM use PortConfigKey ozone.scm.security.service.port appended with serviceId and nodeId
2024-08-03 20:05:09,580 [main] INFO  ha.SCMNodeInfo (SCMNodeInfo.java:getPort(197)) - ConfigKey ozone.scm.datanode.address is deprecated, For configuring different ports for each SCM use PortConfigKey ozone.scm.datanode.port appended with serviceId and nodeId
2024-08-03 20:05:09,580 [main] INFO  proxy.SCMBlockLocationFailoverProxyProvider (SCMBlockLocationFailoverProxyProvider.java:<init>(115)) - Created block location fail-over proxy with 1 nodes: [nodeId=scmNode-1,nodeAddress=/127.0.0.1:15007]
OM initialization succeeded.Current cluster id for sd=/home/runner/work/ozone/ozone/hadoop-ozone/integration-test/target/test-dir/MiniOzoneClusterImpl-4c2a292f-c896-477d-a18b-b69de7e7ed64/omNode-bootstrap-2/om;cid=4c2a292f-c896-477d-a18b-b69de7e7ed64;layoutVersion=6
2024-08-03 20:05:09,585 [main] INFO  ha.OMHANodeDetails (OMHANodeDetails.java:loadOMHAConfig(121)) - ServiceID for OzoneManager is om-add-remove
2024-08-03 20:05:09,586 [main] INFO  ha.OMHANodeDetails (OMHANodeDetails.java:loadOMHAConfig(201)) - Found matching OM address with OMServiceId: om-add-remove, OMNodeId: omNode-bootstrap-2, RPC Address: localhost:15055 and Ratis port: 15058
2024-08-03 20:05:09,586 [main] INFO  ha.OMHANodeDetails (ConfUtils.java:setNodeSpecificConfigs(97)) - Setting configuration key ozone.om.http-address with value of key ozone.om.http-address.om-add-remove.omNode-bootstrap-2: 127.0.0.1:15056
2024-08-03 20:05:09,586 [main] INFO  ha.OMHANodeDetails (ConfUtils.java:setNodeSpecificConfigs(97)) - Setting configuration key ozone.om.https-address with value of key ozone.om.https-address.om-add-remove.omNode-bootstrap-2: 127.0.0.1:15057
2024-08-03 20:05:09,586 [main] INFO  ha.OMHANodeDetails (ConfUtils.java:setNodeSpecificConfigs(97)) - Setting configuration key ozone.om.address with value of key ozone.om.address.om-add-remove.omNode-bootstrap-2: 127.0.0.1:15055
2024-08-03 20:05:09,587 [main] WARN  server.ServerUtils (ServerUtils.java:getDBPath(299)) - ozone.om.db.dirs is not configured. We recommend adding this setting. Falling back to ozone.metadata.dirs instead.
2024-08-03 20:05:09,588 [main] INFO  upgrade.AbstractLayoutVersionManager (AbstractLayoutVersionManager.java:init(83)) - Initializing Layout version manager with metadata layout = QUOTA (version = 6), software layout = QUOTA (version = 6)
2024-08-03 20:05:09,619 [main] INFO  reflections.Reflections (Reflections.java:scan(219)) - Reflections took 31 ms to scan 2 urls, producing 188 keys and 546 values
2024-08-03 20:05:09,620 [main] INFO  upgrade.OMLayoutVersionManager (OMLayoutVersionManager.java:lambda$0(113)) - Skipping Upgrade Action QuotaRepairUpgradeAction since it has been finalized.
2024-08-03 20:05:09,620 [main] INFO  upgrade.OMLayoutVersionManager (OMLayoutVersionManager.java:lambda$0(113)) - Skipping Upgrade Action MockOmUpgradeAction since it has been finalized.
2024-08-03 20:05:09,620 [main] WARN  server.ServerUtils (ServerUtils.java:getDBPath(299)) - ozone.om.db.dirs is not configured. We recommend adding this setting. Falling back to ozone.metadata.dirs instead.
2024-08-03 20:05:09,621 [main] INFO  ha.SCMNodeInfo (SCMNodeInfo.java:getPort(197)) - ConfigKey ozone.scm.client.address is deprecated, For configuring different ports for each SCM use PortConfigKey ozone.scm.client.port appended with serviceId and nodeId
2024-08-03 20:05:09,621 [main] INFO  ha.SCMNodeInfo (SCMNodeInfo.java:getPort(197)) - ConfigKey ozone.scm.block.client.address is deprecated, For configuring different ports for each SCM use PortConfigKey ozone.scm.block.client.port appended with serviceId and nodeId
2024-08-03 20:05:09,621 [main] INFO  ha.SCMNodeInfo (SCMNodeInfo.java:getPort(197)) - ConfigKey ozone.scm.security.service.address is deprecated, For configuring different ports for each SCM use PortConfigKey ozone.scm.security.service.port appended with serviceId and nodeId
2024-08-03 20:05:09,621 [main] INFO  ha.SCMNodeInfo (SCMNodeInfo.java:getPort(197)) - ConfigKey ozone.scm.datanode.address is deprecated, For configuring different ports for each SCM use PortConfigKey ozone.scm.datanode.port appended with serviceId and nodeId
2024-08-03 20:05:09,621 [main] INFO  ha.SCMNodeInfo (SCMNodeInfo.java:getPort(197)) - ConfigKey ozone.scm.client.address is deprecated, For configuring different ports for each SCM use PortConfigKey ozone.scm.client.port appended with serviceId and nodeId
2024-08-03 20:05:09,621 [main] INFO  ha.SCMNodeInfo (SCMNodeInfo.java:getPort(197)) - ConfigKey ozone.scm.block.client.address is deprecated, For configuring different ports for each SCM use PortConfigKey ozone.scm.block.client.port appended with serviceId and nodeId
2024-08-03 20:05:09,622 [main] INFO  ha.SCMNodeInfo (SCMNodeInfo.java:getPort(197)) - ConfigKey ozone.scm.security.service.address is deprecated, For configuring different ports for each SCM use PortConfigKey ozone.scm.security.service.port appended with serviceId and nodeId
2024-08-03 20:05:09,622 [main] INFO  ha.SCMNodeInfo (SCMNodeInfo.java:getPort(197)) - ConfigKey ozone.scm.datanode.address is deprecated, For configuring different ports for each SCM use PortConfigKey ozone.scm.datanode.port appended with serviceId and nodeId
2024-08-03 20:05:09,622 [main] INFO  proxy.SCMBlockLocationFailoverProxyProvider (SCMBlockLocationFailoverProxyProvider.java:<init>(115)) - Created block location fail-over proxy with 1 nodes: [nodeId=scmNode-1,nodeAddress=/127.0.0.1:15007]
2024-08-03 20:05:09,623 [main] INFO  ha.SCMNodeInfo (SCMNodeInfo.java:getPort(197)) - ConfigKey ozone.scm.client.address is deprecated, For configuring different ports for each SCM use PortConfigKey ozone.scm.client.port appended with serviceId and nodeId
2024-08-03 20:05:09,623 [main] INFO  ha.SCMNodeInfo (SCMNodeInfo.java:getPort(197)) - ConfigKey ozone.scm.block.client.address is deprecated, For configuring different ports for each SCM use PortConfigKey ozone.scm.block.client.port appended with serviceId and nodeId
2024-08-03 20:05:09,623 [main] INFO  ha.SCMNodeInfo (SCMNodeInfo.java:getPort(197)) - ConfigKey ozone.scm.security.service.address is deprecated, For configuring different ports for each SCM use PortConfigKey ozone.scm.security.service.port appended with serviceId and nodeId
2024-08-03 20:05:09,623 [main] INFO  ha.SCMNodeInfo (SCMNodeInfo.java:getPort(197)) - ConfigKey ozone.scm.datanode.address is deprecated, For configuring different ports for each SCM use PortConfigKey ozone.scm.datanode.port appended with serviceId and nodeId
2024-08-03 20:05:09,624 [main] INFO  proxy.SCMBlockLocationFailoverProxyProvider (SCMBlockLocationFailoverProxyProvider.java:<init>(115)) - Created block location fail-over proxy with 1 nodes: [nodeId=scmNode-1,nodeAddress=/127.0.0.1:15007]
2024-08-03 20:05:09,627 [main] INFO  om.OzoneManager (OzoneManager.java:<init>(678)) - OM start with adminUsers: [runner]
2024-08-03 20:05:09,628 [main] WARN  server.ServerUtils (ServerUtils.java:getDBPath(299)) - ozone.om.db.dirs is not configured. We recommend adding this setting. Falling back to ozone.metadata.dirs instead.
2024-08-03 20:05:09,629 [main] INFO  helpers.OmKeyInfo (OmKeyInfo.java:getCodec(72)) - OmKeyInfo.getCodec ignorePipeline = true
2024-08-03 20:05:09,791 [main] INFO  om.OzoneManager (OzoneManager.java:instantiateServices(812)) - S3 Multi-Tenancy is disabled
2024-08-03 20:05:09,792 [main] INFO  om.OmSnapshotManager (OmSnapshotManager.java:<init>(180)) - Ozone filesystem snapshot feature is enabled.
2024-08-03 20:05:09,792 [main] WARN  server.ServerUtils (ServerUtils.java:getDBPath(299)) - ozone.om.snapshot.diff.db.dir is not configured. We recommend adding this setting. Falling back to ozone.metadata.dirs instead.
2024-08-03 20:05:09,811 [main] INFO  utils.NativeLibraryLoader (NativeLibraryLoader.java:loadLibrary(111)) - Loading Library: ozone_rocksdb_tools
2024-08-03 20:05:09,812 [main] ERROR snapshot.SnapshotDiffManager (SnapshotDiffManager.java:initNativeLibraryForEfficientDiff(287)) - Native Library for raw sst file reading loading failed.
org.apache.hadoop.hdds.utils.NativeLibraryNotLoadedException: Unable to load library ozone_rocksdb_tools from both java.library.path & resource file libozone_rocksdb_tools.so from jar.
	at org.apache.hadoop.hdds.utils.db.managed.ManagedRawSSTFileReader.loadLibrary(ManagedRawSSTFileReader.java:40)
	at org.apache.hadoop.ozone.om.snapshot.SnapshotDiffManager.initNativeLibraryForEfficientDiff(SnapshotDiffManager.java:285)
	at org.apache.hadoop.ozone.om.snapshot.SnapshotDiffManager.<init>(SnapshotDiffManager.java:259)
	at org.apache.hadoop.ozone.om.OmSnapshotManager.<init>(OmSnapshotManager.java:287)
	at org.apache.hadoop.ozone.om.OzoneManager.instantiateServices(OzoneManager.java:864)
	at org.apache.hadoop.ozone.om.OzoneManager.<init>(OzoneManager.java:688)
	at org.apache.hadoop.ozone.om.OzoneManager.createOm(OzoneManager.java:780)
	at org.apache.hadoop.ozone.MiniOzoneHAClusterImpl.bootstrapNewOM(MiniOzoneHAClusterImpl.java:825)
	at org.apache.hadoop.ozone.MiniOzoneHAClusterImpl.bootstrapOzoneManager(MiniOzoneHAClusterImpl.java:749)
	at org.apache.hadoop.ozone.om.TestAddRemoveOzoneManager.testForceBootstrap(TestAddRemoveOzoneManager.java:338)
	at java.base/jdk.internal.reflect.NativeMethodAccessorImpl.invoke0(Native Method)
	at java.base/jdk.internal.reflect.NativeMethodAccessorImpl.invoke(NativeMethodAccessorImpl.java:77)
	at java.base/jdk.internal.reflect.DelegatingMethodAccessorImpl.invoke(DelegatingMethodAccessorImpl.java:43)
	at java.base/java.lang.reflect.Method.invoke(Method.java:569)
	at org.junit.platform.commons.util.ReflectionUtils.invokeMethod(ReflectionUtils.java:728)
	at org.junit.jupiter.engine.execution.MethodInvocation.proceed(MethodInvocation.java:60)
	at org.junit.jupiter.engine.execution.InvocationInterceptorChain$ValidatingInvocation.proceed(InvocationInterceptorChain.java:131)
	at org.junit.jupiter.engine.extension.SameThreadTimeoutInvocation.proceed(SameThreadTimeoutInvocation.java:45)
	at org.junit.jupiter.engine.extension.TimeoutExtension.intercept(TimeoutExtension.java:156)
	at org.junit.jupiter.engine.extension.TimeoutExtension.interceptTestableMethod(TimeoutExtension.java:147)
	at org.junit.jupiter.engine.extension.TimeoutExtension.interceptTestMethod(TimeoutExtension.java:86)
	at org.junit.jupiter.engine.execution.InterceptingExecutableInvoker$ReflectiveInterceptorCall.lambda$ofVoidMethod$0(InterceptingExecutableInvoker.java:103)
	at org.junit.jupiter.engine.execution.InterceptingExecutableInvoker.lambda$invoke$0(InterceptingExecutableInvoker.java:93)
	at org.junit.jupiter.engine.execution.InvocationInterceptorChain$InterceptedInvocation.proceed(InvocationInterceptorChain.java:106)
	at org.junit.jupiter.engine.execution.InvocationInterceptorChain.proceed(InvocationInterceptorChain.java:64)
	at org.junit.jupiter.engine.execution.InvocationInterceptorChain.chainAndInvoke(InvocationInterceptorChain.java:45)
	at org.junit.jupiter.engine.execution.InvocationInterceptorChain.invoke(InvocationInterceptorChain.java:37)
	at org.junit.jupiter.engine.execution.InterceptingExecutableInvoker.invoke(InterceptingExecutableInvoker.java:92)
	at org.junit.jupiter.engine.execution.InterceptingExecutableInvoker.invoke(InterceptingExecutableInvoker.java:86)
	at org.junit.jupiter.engine.descriptor.TestMethodTestDescriptor.lambda$invokeTestMethod$7(TestMethodTestDescriptor.java:218)
	at org.junit.platform.engine.support.hierarchical.ThrowableCollector.execute(ThrowableCollector.java:73)
	at org.junit.jupiter.engine.descriptor.TestMethodTestDescriptor.invokeTestMethod(TestMethodTestDescriptor.java:214)
	at org.junit.jupiter.engine.descriptor.TestMethodTestDescriptor.execute(TestMethodTestDescriptor.java:139)
	at org.junit.jupiter.engine.descriptor.TestMethodTestDescriptor.execute(TestMethodTestDescriptor.java:69)
	at org.junit.platform.engine.support.hierarchical.NodeTestTask.lambda$executeRecursively$6(NodeTestTask.java:151)
	at org.junit.platform.engine.support.hierarchical.ThrowableCollector.execute(ThrowableCollector.java:73)
	at org.junit.platform.engine.support.hierarchical.NodeTestTask.lambda$executeRecursively$8(NodeTestTask.java:141)
	at org.junit.platform.engine.support.hierarchical.Node.around(Node.java:137)
	at org.junit.platform.engine.support.hierarchical.NodeTestTask.lambda$executeRecursively$9(NodeTestTask.java:139)
	at org.junit.platform.engine.support.hierarchical.ThrowableCollector.execute(ThrowableCollector.java:73)
	at org.junit.platform.engine.support.hierarchical.NodeTestTask.executeRecursively(NodeTestTask.java:138)
	at org.junit.platform.engine.support.hierarchical.NodeTestTask.execute(NodeTestTask.java:95)
	at java.base/java.util.ArrayList.forEach(ArrayList.java:1511)
	at org.junit.platform.engine.support.hierarchical.SameThreadHierarchicalTestExecutorService.invokeAll(SameThreadHierarchicalTestExecutorService.java:41)
	at org.junit.platform.engine.support.hierarchical.NodeTestTask.lambda$executeRecursively$6(NodeTestTask.java:155)
	at org.junit.platform.engine.support.hierarchical.ThrowableCollector.execute(ThrowableCollector.java:73)
	at org.junit.platform.engine.support.hierarchical.NodeTestTask.lambda$executeRecursively$8(NodeTestTask.java:141)
	at org.junit.platform.engine.support.hierarchical.Node.around(Node.java:137)
	at org.junit.platform.engine.support.hierarchical.NodeTestTask.lambda$executeRecursively$9(NodeTestTask.java:139)
	at org.junit.platform.engine.support.hierarchical.ThrowableCollector.execute(ThrowableCollector.java:73)
	at org.junit.platform.engine.support.hierarchical.NodeTestTask.executeRecursively(NodeTestTask.java:138)
	at org.junit.platform.engine.support.hierarchical.NodeTestTask.execute(NodeTestTask.java:95)
	at java.base/java.util.ArrayList.forEach(ArrayList.java:1511)
	at org.junit.platform.engine.support.hierarchical.SameThreadHierarchicalTestExecutorService.invokeAll(SameThreadHierarchicalTestExecutorService.java:41)
	at org.junit.platform.engine.support.hierarchical.NodeTestTask.lambda$executeRecursively$6(NodeTestTask.java:155)
	at org.junit.platform.engine.support.hierarchical.ThrowableCollector.execute(ThrowableCollector.java:73)
	at org.junit.platform.engine.support.hierarchical.NodeTestTask.lambda$executeRecursively$8(NodeTestTask.java:141)
	at org.junit.platform.engine.support.hierarchical.Node.around(Node.java:137)
	at org.junit.platform.engine.support.hierarchical.NodeTestTask.lambda$executeRecursively$9(NodeTestTask.java:139)
	at org.junit.platform.engine.support.hierarchical.ThrowableCollector.execute(ThrowableCollector.java:73)
	at org.junit.platform.engine.support.hierarchical.NodeTestTask.executeRecursively(NodeTestTask.java:138)
	at org.junit.platform.engine.support.hierarchical.NodeTestTask.execute(NodeTestTask.java:95)
	at org.junit.platform.engine.support.hierarchical.SameThreadHierarchicalTestExecutorService.submit(SameThreadHierarchicalTestExecutorService.java:35)
	at org.junit.platform.engine.support.hierarchical.HierarchicalTestExecutor.execute(HierarchicalTestExecutor.java:57)
	at org.junit.platform.engine.support.hierarchical.HierarchicalTestEngine.execute(HierarchicalTestEngine.java:54)
	at org.junit.platform.launcher.core.EngineExecutionOrchestrator.execute(EngineExecutionOrchestrator.java:198)
	at org.junit.platform.launcher.core.EngineExecutionOrchestrator.execute(EngineExecutionOrchestrator.java:169)
	at org.junit.platform.launcher.core.EngineExecutionOrchestrator.execute(EngineExecutionOrchestrator.java:93)
	at org.junit.platform.launcher.core.EngineExecutionOrchestrator.lambda$execute$0(EngineExecutionOrchestrator.java:58)
	at org.junit.platform.launcher.core.EngineExecutionOrchestrator.withInterceptedStreams(EngineExecutionOrchestrator.java:141)
	at org.junit.platform.launcher.core.EngineExecutionOrchestrator.execute(EngineExecutionOrchestrator.java:57)
	at org.junit.platform.launcher.core.DefaultLauncher.execute(DefaultLauncher.java:103)
	at org.junit.platform.launcher.core.DefaultLauncher.execute(DefaultLauncher.java:85)
	at org.junit.platform.launcher.core.DelegatingLauncher.execute(DelegatingLauncher.java:47)
	at org.junit.platform.launcher.core.SessionPerRequestLauncher.execute(SessionPerRequestLauncher.java:63)
	at org.apache.maven.surefire.junitplatform.JUnitPlatformProvider.invokeAllTests(JUnitPlatformProvider.java:154)
	at org.apache.maven.surefire.junitplatform.JUnitPlatformProvider.invoke(JUnitPlatformProvider.java:123)
	at org.apache.maven.surefire.booter.ForkedBooter.runSuitesInProcess(ForkedBooter.java:377)
	at org.apache.maven.surefire.booter.ForkedBooter.execute(ForkedBooter.java:138)
	at org.apache.maven.surefire.booter.ForkedBooter.run(ForkedBooter.java:465)
	at org.apache.maven.surefire.booter.ForkedBooter.main(ForkedBooter.java:451)
2024-08-03 20:05:09,815 [main] INFO  om.OzoneManager (OzoneManager.java:addS3GVolumeToDB(4463)) - Created Volume s3v With Owner runner required for S3Gateway operations.
2024-08-03 20:05:09,815 [main] WARN  server.ServerUtils (ServerUtils.java:getDefaultRatisDirectory(311)) - Storage directory for Ratis is not configured. It is a good idea to map this to an SSD disk. Falling back to ozone.metadata.dirs
2024-08-03 20:05:09,815 [main] WARN  utils.OzoneManagerRatisUtils (OzoneManagerRatisUtils.java:getOMRatisSnapshotDirectory(475)) - ozone.om.ratis.snapshot.dir is not configured. Falling back to ozone.metadata.dirs config
2024-08-03 20:05:09,815 [main] INFO  utils.RDBSnapshotProvider (RDBSnapshotProvider.java:init(87)) - Cleaning up the candidate dir: /home/runner/work/ozone/ozone/hadoop-ozone/integration-test/target/test-dir/MiniOzoneClusterImpl-4c2a292f-c896-477d-a18b-b69de7e7ed64/omNode-bootstrap-2/snapshot/om.db.candidate
2024-08-03 20:05:09,816 [main] INFO  ratis_snapshot.OmRatisSnapshotProvider (OmRatisSnapshotProvider.java:<init>(99)) - Initializing OM Snapshot Provider
2024-08-03 20:05:09,817 [main] WARN  server.ServerUtils (ServerUtils.java:getDefaultRatisDirectory(311)) - Storage directory for Ratis is not configured. It is a good idea to map this to an SSD disk. Falling back to ozone.metadata.dirs
2024-08-03 20:05:09,818 [main] INFO  ratis.OzoneManagerRatisServer (OzoneManagerRatisServer.java:<init>(161)) - OM started in Bootstrap mode. Instantiating OM Ratis server with groupID: om-add-remove
2024-08-03 20:05:09,818 [main] INFO  ratis.OzoneManagerStateMachine (OzoneManagerStateMachine.java:loadSnapshotInfoFromDB(593)) - TransactionInfo not found in OM DB.
2024-08-03 20:05:09,819 [main] INFO  server.RaftServer (ConfUtils.java:logGet(46)) - raft.rpc.type = GRPC (default)
2024-08-03 20:05:09,819 [main] INFO  grpc.GrpcConfigKeys (ConfUtils.java:logFallback(53)) - raft.grpc.admin.host = null (fallback to raft.grpc.server.host)
2024-08-03 20:05:09,819 [main] INFO  grpc.GrpcConfigKeys (ConfUtils.java:logFallback(53)) - raft.grpc.admin.port = 15058 (fallback to raft.grpc.server.port)
2024-08-03 20:05:09,819 [main] INFO  grpc.GrpcConfigKeys (ConfUtils.java:logFallback(53)) - raft.grpc.client.host = null (fallback to raft.grpc.server.host)
2024-08-03 20:05:09,819 [main] INFO  grpc.GrpcConfigKeys (ConfUtils.java:logFallback(53)) - raft.grpc.client.port = 15058 (fallback to raft.grpc.server.port)
2024-08-03 20:05:09,820 [main] INFO  grpc.GrpcConfigKeys (ConfUtils.java:logGet(46)) - raft.grpc.server.host = null (default)
2024-08-03 20:05:09,820 [main] INFO  grpc.GrpcConfigKeys (ConfUtils.java:logGet(46)) - raft.grpc.server.port = 15058 (custom)
2024-08-03 20:05:09,820 [main] INFO  server.GrpcService (ConfUtils.java:logGet(46)) - raft.grpc.message.size.max = 4194304 (custom)
2024-08-03 20:05:09,820 [main] INFO  server.RaftServerConfigKeys (ConfUtils.java:logGet(46)) - raft.server.log.appender.buffer.byte-limit = 4194304 (custom)
2024-08-03 20:05:09,820 [main] INFO  server.GrpcService (ConfUtils.java:logGet(46)) - raft.grpc.flow.control.window = 1MB (=1048576) (default)
2024-08-03 20:05:09,820 [main] INFO  server.RaftServerConfigKeys (ConfUtils.java:logGet(46)) - raft.server.rpc.request.timeout = 3000ms (default)
2024-08-03 20:05:09,820 [main] INFO  grpc.GrpcConfigKeys (ConfUtils.java:logGet(46)) - raft.grpc.server.heartbeat.channel = true (default)
2024-08-03 20:05:09,820 [main] INFO  grpc.GrpcConfigKeys (ConfUtils.java:logGet(46)) - raft.grpc.server.async.request.thread.pool.cached = true (default)
2024-08-03 20:05:09,820 [main] INFO  grpc.GrpcConfigKeys (ConfUtils.java:logGet(46)) - raft.grpc.server.async.request.thread.pool.size = 32 (default)
2024-08-03 20:05:09,821 [main] INFO  impl.DataStreamServerImpl (ConfUtils.java:logGet(46)) - raft.datastream.type = DISABLED (default)
2024-08-03 20:05:09,821 [main] INFO  server.RaftServerConfigKeys (ConfUtils.java:logGet(46)) - raft.server.sleep.deviation.threshold = 300ms (default)
2024-08-03 20:05:09,821 [main] INFO  server.RaftServerConfigKeys (ConfUtils.java:logGet(46)) - raft.server.close.threshold = 60s (default)
2024-08-03 20:05:09,821 [main] INFO  server.RaftServerConfigKeys (ConfUtils.java:logGet(46)) - raft.server.leaderelection.leader.step-down.wait-time = 10s (default)
2024-08-03 20:05:09,821 [main] INFO  server.RaftServerConfigKeys (ConfUtils.java:logGet(46)) - raft.server.storage.dir = [/home/runner/work/ozone/ozone/hadoop-ozone/integration-test/target/test-dir/MiniOzoneClusterImpl-4c2a292f-c896-477d-a18b-b69de7e7ed64/omNode-bootstrap-2/ratis] (custom)
2024-08-03 20:05:09,821 [main] INFO  server.RaftServerConfigKeys (ConfUtils.java:logGet(46)) - raft.server.threadpool.proxy.cached = true (default)
2024-08-03 20:05:09,822 [main] INFO  server.RaftServerConfigKeys (ConfUtils.java:logGet(46)) - raft.server.threadpool.proxy.size = 0 (default)
2024-08-03 20:05:09,822 [main] INFO  server.RaftServer (RaftServerProxy.java:addNew(101)) - omNode-bootstrap-2: addNew group-0AAC5367B30E:[] returns group-0AAC5367B30E:java.util.concurrent.CompletableFuture@25539a73[Not completed]
2024-08-03 20:05:09,822 [main] INFO  om.OzoneManager (OzoneManager.java:initializeRatisServer(2168)) - OzoneManager Ratis server initialized at port 15058
2024-08-03 20:05:09,822 [omNode-bootstrap-2-groupManagement] INFO  server.RaftServer$Division (OzoneManager.java:getRpcServer(1228)) - Creating RPC Server
RaftServerImpl.java:<init>(253)) - omNode-bootstrap-2: new RaftServerImpl for group-0AAC5367B30E:[] with OzoneManagerStateMachine:uninitialized
2024-08-03 20:05:09,822 [omNode-bootstrap-2-groupManagement] INFO  server.RaftServerConfigKeys (ConfUtils.java:logGet(46)) - raft.server.rpc.timeout.min = 1s (custom)
2024-08-03 20:05:09,828 [omNode-bootstrap-2-groupManagement] INFO  server.RaftServerConfigKeys (ConfUtils.java:logGet(46)) - raft.server.rpc.timeout.max = 1200ms (custom)
2024-08-03 20:05:09,828 [omNode-bootstrap-2-groupManagement] INFO  server.RaftServerConfigKeys (ConfUtils.java:logGet(46)) - raft.server.rpc.sleep.time = 25ms (default)
2024-08-03 20:05:09,828 [omNode-bootstrap-2-groupManagement] INFO  server.RaftServerConfigKeys (ConfUtils.java:logGet(46)) - raft.server.rpc.slowness.timeout = 2s (custom)
2024-08-03 20:05:09,828 [omNode-bootstrap-2-groupManagement] INFO  server.RaftServerConfigKeys (ConfUtils.java:logGet(46)) - raft.server.leaderelection.leader.step-down.wait-time = 10s (default)
2024-08-03 20:05:09,828 [omNode-bootstrap-2-groupManagement] INFO  server.RaftServerConfigKeys (ConfUtils.java:logGet(46)) - raft.server.leaderelection.member.majority-add = false (default)
2024-08-03 20:05:09,828 [omNode-bootstrap-2-groupManagement] INFO  server.RaftServerConfigKeys (ConfUtils.java:logGet(46)) - raft.server.sleep.deviation.threshold = 300ms (default)
2024-08-03 20:05:09,828 [omNode-bootstrap-2-groupManagement] INFO  server.RaftServer$Division (ServerState.java:<init>(114)) - omNode-bootstrap-2@group-0AAC5367B30E: ConfigurationManager, init=conf: {index: -1, cur=peers:[]|listeners:[], old=null}, confs=<EMPTY_MAP>
2024-08-03 20:05:09,828 [omNode-bootstrap-2-groupManagement] INFO  server.RaftServerConfigKeys (ConfUtils.java:logGet(46)) - raft.server.notification.no-leader.timeout = 2s (custom)
2024-08-03 20:05:09,828 [omNode-bootstrap-2-groupManagement] INFO  server.RaftServerConfigKeys (ConfUtils.java:logGet(46)) - raft.server.read.timeout = 10s (default)
2024-08-03 20:05:09,828 [omNode-bootstrap-2-groupManagement] INFO  server.RaftServerConfigKeys (ConfUtils.java:logGet(46)) - raft.server.retrycache.expirytime = 300s (custom)
2024-08-03 20:05:09,828 [omNode-bootstrap-2-groupManagement] INFO  server.RaftServerConfigKeys (ConfUtils.java:logGet(46)) - raft.server.retrycache.statistics.expirytime = 100ms (default)
2024-08-03 20:05:09,829 [omNode-bootstrap-2-groupManagement] INFO  server.RaftServerConfigKeys (ConfUtils.java:logGet(46)) - raft.server.read.option = DEFAULT (default)
2024-08-03 20:05:09,829 [omNode-bootstrap-2-groupManagement] INFO  server.RaftServerConfigKeys (ConfUtils.java:logGet(46)) - raft.server.read.read-after-write-consistent.write-index-cache.expiry-time = 60s (default)
2024-08-03 20:05:09,822 [main] INFO  om.OzoneManager (OzoneManager.java:getRpcServer(1228)) - Creating RPC Server
2024-08-03 20:05:09,843 [omNode-bootstrap-2-groupManagement] INFO  server.RaftServerConfigKeys (ConfUtils.java:logGet(46)) - raft.server.rpc.request.timeout = 3000ms (default)
2024-08-03 20:05:09,843 [omNode-bootstrap-2-groupManagement] INFO  server.RaftServerConfigKeys (ConfUtils.java:logGet(46)) - raft.server.log.appender.install.snapshot.enabled = false (custom)
2024-08-03 20:05:09,845 [omNode-bootstrap-2-groupManagement] INFO  server.RaftServerConfigKeys (ConfUtils.java:logGet(46)) - raft.server.threadpool.server.cached = true (default)
2024-08-03 20:05:09,847 [omNode-bootstrap-2-groupManagement] INFO  server.RaftServerConfigKeys (ConfUtils.java:logGet(46)) - raft.server.threadpool.server.size = 0 (default)
2024-08-03 20:05:09,848 [omNode-bootstrap-2-groupManagement] INFO  server.RaftServerConfigKeys (ConfUtils.java:logGet(46)) - raft.server.threadpool.client.cached = true (default)
2024-08-03 20:05:09,848 [omNode-bootstrap-2-groupManagement] INFO  server.RaftServerConfigKeys (ConfUtils.java:logGet(46)) - raft.server.threadpool.client.size = 0 (default)
2024-08-03 20:05:10,116 [main] INFO  reflections.Reflections (Reflections.java:scan(219)) - Reflections took 286 ms to scan 20 urls, producing 59 keys and 6664 values
2024-08-03 20:05:10,118 [main] INFO  ipc.CallQueueManager (CallQueueManager.java:<init>(90)) - Using callQueue: class java.util.concurrent.LinkedBlockingQueue, queueCapacity: 2000, scheduler: class org.apache.hadoop.ipc.DefaultRpcScheduler, ipcBackoff: false.
2024-08-03 20:05:10,118 [main] INFO  ipc.Server (Server.java:<init>(1287)) - Listener at 127.0.0.1:15055
2024-08-03 20:05:10,119 [Socket Reader #1 for port 15055] INFO  ipc.Server (Server.java:run(1323)) - Starting Socket Reader #1 for port 15055
2024-08-03 20:05:10,135 [main] WARN  om.OzoneManager (OzoneManager.java:start(1642)) - Skipped checking whether existing OM configs have been updated with this OM information as force bootstrap is called.
2024-08-03 20:05:10,135 [main] INFO  impl.MetricsSystemImpl (MetricsSystemImpl.java:init(158)) - OzoneManager metrics system started (again)
2024-08-03 20:05:10,144 [main] INFO  om.OzoneManager (OzoneManager.java:start(1650)) - OzoneManager RPC server is listening at localhost/127.0.0.1:15055
2024-08-03 20:05:10,144 [main] INFO  ratis.OzoneManagerRatisServer (OzoneManagerRatisServer.java:start(594)) - Starting OzoneManagerRatisServer omNode-bootstrap-2 at port 15058
2024-08-03 20:05:10,145 [omNode-bootstrap-2-impl-thread1] INFO  server.RaftServerConfigKeys (ConfUtils.java:logGet(46)) - raft.server.storage.free-space.min = 0MB (=0) (default)
2024-08-03 20:05:10,145 [omNode-bootstrap-2-impl-thread1] INFO  server.RaftServerConfigKeys (ConfUtils.java:logGet(46)) - raft.server.log.corruption.policy = EXCEPTION (default)
2024-08-03 20:05:10,145 [omNode-bootstrap-2-impl-thread1] INFO  server.RaftServerConfigKeys (ConfUtils.java:logGet(46)) - raft.server.storage.dir = [/home/runner/work/ozone/ozone/hadoop-ozone/integration-test/target/test-dir/MiniOzoneClusterImpl-4c2a292f-c896-477d-a18b-b69de7e7ed64/omNode-bootstrap-2/ratis] (custom)
2024-08-03 20:05:10,145 [omNode-bootstrap-2-impl-thread1] INFO  storage.RaftStorageDirectory (RaftStorageDirectoryImpl.java:analyzeStorage(138)) - The storage directory /home/runner/work/ozone/ozone/hadoop-ozone/integration-test/target/test-dir/MiniOzoneClusterImpl-4c2a292f-c896-477d-a18b-b69de7e7ed64/omNode-bootstrap-2/ratis/0718e334-ffa1-36bc-8e9a-0aac5367b30e does not exist. Creating ...
2024-08-03 20:05:10,146 [omNode-bootstrap-2-impl-thread1] INFO  storage.RaftStorageDirectory (RaftStorageDirectoryImpl.java:tryLock(229)) - Lock on /home/runner/work/ozone/ozone/hadoop-ozone/integration-test/target/test-dir/MiniOzoneClusterImpl-4c2a292f-c896-477d-a18b-b69de7e7ed64/omNode-bootstrap-2/ratis/0718e334-ffa1-36bc-8e9a-0aac5367b30e/in_use.lock acquired by nodename 59896@fv-az976-615
2024-08-03 20:05:10,147 [omNode-bootstrap-2-impl-thread1] INFO  storage.RaftStorage (RaftStorageImpl.java:format(98)) - Storage directory /home/runner/work/ozone/ozone/hadoop-ozone/integration-test/target/test-dir/MiniOzoneClusterImpl-4c2a292f-c896-477d-a18b-b69de7e7ed64/omNode-bootstrap-2/ratis/0718e334-ffa1-36bc-8e9a-0aac5367b30e has been successfully formatted.
2024-08-03 20:05:10,148 [omNode-bootstrap-2-impl-thread1] INFO  server.RaftServerConfigKeys (ConfUtils.java:logGet(46)) - raft.server.log.use.memory = false (default)
2024-08-03 20:05:10,148 [omNode-bootstrap-2-impl-thread1] INFO  server.RaftServerConfigKeys (ConfUtils.java:logGet(46)) - raft.server.log.purge.gap = 1000000 (custom)
2024-08-03 20:05:10,148 [omNode-bootstrap-2-impl-thread1] INFO  server.RaftServerConfigKeys (ConfUtils.java:logGet(46)) - raft.server.log.appender.buffer.byte-limit = 4194304 (custom)
2024-08-03 20:05:10,148 [omNode-bootstrap-2-impl-thread1] INFO  server.RaftServerConfigKeys (ConfUtils.java:logGet(46)) - raft.server.log.statemachine.data.read.timeout = 1000ms (default)
2024-08-03 20:05:10,148 [omNode-bootstrap-2-impl-thread1] INFO  server.RaftServerConfigKeys (ConfUtils.java:logGet(46)) - raft.server.log.purge.preservation.log.num = 0 (default)
2024-08-03 20:05:10,150 [omNode-bootstrap-2-impl-thread1] INFO  server.RaftServerConfigKeys (ConfUtils.java:logGet(46)) - raft.server.log.segment.size.max = 4194304 (custom)
2024-08-03 20:05:10,150 [omNode-bootstrap-2-impl-thread1] INFO  server.RaftServerConfigKeys (ConfUtils.java:logGet(46)) - raft.server.log.segment.cache.num.max = 2 (custom)
2024-08-03 20:05:10,150 [omNode-bootstrap-2-impl-thread1] INFO  server.RaftServerConfigKeys (ConfUtils.java:logGet(46)) - raft.server.log.segment.cache.size.max = 200MB (=209715200) (default)
2024-08-03 20:05:10,150 [omNode-bootstrap-2-impl-thread1] INFO  server.RaftServerConfigKeys (ConfUtils.java:logGet(46)) - raft.server.log.appender.buffer.byte-limit = 4194304 (custom)
2024-08-03 20:05:10,150 [omNode-bootstrap-2-impl-thread1] INFO  util.AwaitToRun (AwaitToRun.java:start(81)) - Thread[omNode-bootstrap-2@group-0AAC5367B30E-cacheEviction-AwaitToRun,5,main] started
2024-08-03 20:05:10,150 [omNode-bootstrap-2-impl-thread1] INFO  segmented.SegmentedRaftLogWorker (SegmentedRaftLogWorker.java:<init>(184)) - new omNode-bootstrap-2@group-0AAC5367B30E-SegmentedRaftLogWorker for RaftStorageImpl:Storage Directory /home/runner/work/ozone/ozone/hadoop-ozone/integration-test/target/test-dir/MiniOzoneClusterImpl-4c2a292f-c896-477d-a18b-b69de7e7ed64/omNode-bootstrap-2/ratis/0718e334-ffa1-36bc-8e9a-0aac5367b30e
2024-08-03 20:05:10,150 [omNode-bootstrap-2-impl-thread1] INFO  server.RaftServerConfigKeys (ConfUtils.java:logGet(46)) - raft.server.log.queue.byte-limit = 64MB (=67108864) (default)
2024-08-03 20:05:10,150 [omNode-bootstrap-2-impl-thread1] INFO  server.RaftServerConfigKeys (ConfUtils.java:logGet(46)) - raft.server.log.queue.element-limit = 4096 (default)
2024-08-03 20:05:10,150 [omNode-bootstrap-2-impl-thread1] INFO  server.RaftServerConfigKeys (ConfUtils.java:logGet(46)) - raft.server.log.segment.size.max = 4194304 (custom)
2024-08-03 20:05:10,151 [omNode-bootstrap-2-impl-thread1] INFO  server.RaftServerConfigKeys (ConfUtils.java:logGet(46)) - raft.server.log.preallocated.size = 4194304 (custom)
2024-08-03 20:05:10,151 [omNode-bootstrap-2-impl-thread1] INFO  server.RaftServerConfigKeys (ConfUtils.java:logGet(46)) - raft.server.log.force.sync.num = 128 (default)
2024-08-03 20:05:10,151 [omNode-bootstrap-2-impl-thread1] INFO  server.RaftServerConfigKeys (ConfUtils.java:logGet(46)) - raft.server.log.statemachine.data.sync = true (default)
2024-08-03 20:05:10,151 [omNode-bootstrap-2-impl-thread1] INFO  server.RaftServerConfigKeys (ConfUtils.java:logGet(46)) - raft.server.log.statemachine.data.sync.timeout = 10s (default)
2024-08-03 20:05:10,151 [omNode-bootstrap-2-impl-thread1] INFO  server.RaftServerConfigKeys (ConfUtils.java:logGet(46)) - raft.server.log.statemachine.data.sync.timeout.retry = -1 (default)
2024-08-03 20:05:10,151 [omNode-bootstrap-2-impl-thread1] INFO  server.RaftServerConfigKeys (ConfUtils.java:logGet(46)) - raft.server.log.write.buffer.size = 4194312 (custom)
2024-08-03 20:05:10,152 [omNode-bootstrap-2-impl-thread1] INFO  server.RaftServerConfigKeys (ConfUtils.java:logGet(46)) - raft.server.log.appender.buffer.byte-limit = 4194304 (custom)
2024-08-03 20:05:10,152 [omNode-bootstrap-2-impl-thread1] INFO  server.RaftServerConfigKeys (ConfUtils.java:logGet(46)) - raft.server.log.unsafe-flush.enabled = false (default)
2024-08-03 20:05:10,152 [omNode-bootstrap-2-impl-thread1] INFO  server.RaftServerConfigKeys (ConfUtils.java:logGet(46)) - raft.server.log.async-flush.enabled = false (default)
2024-08-03 20:05:10,152 [omNode-bootstrap-2-impl-thread1] INFO  server.RaftServerConfigKeys (ConfUtils.java:logGet(46)) - raft.server.log.statemachine.data.caching.enabled = false (default)
2024-08-03 20:05:10,153 [omNode-bootstrap-2-impl-thread1] INFO  segmented.SegmentedRaftLogWorker (SegmentedRaftLogWorker.java:lambda$new$0(135)) - omNode-bootstrap-2@group-0AAC5367B30E-SegmentedRaftLogWorker: flushIndex: setUnconditionally 0 -> -1
2024-08-03 20:05:10,153 [omNode-bootstrap-2-impl-thread1] INFO  segmented.SegmentedRaftLogWorker (SegmentedRaftLogWorker.java:lambda$new$0(135)) - omNode-bootstrap-2@group-0AAC5367B30E-SegmentedRaftLogWorker: safeCacheEvictIndex: setUnconditionally 0 -> -1
2024-08-03 20:05:10,153 [omNode-bootstrap-2-impl-thread1] INFO  server.RaftServer$Division (RaftServerImpl.java:start(395)) - omNode-bootstrap-2@group-0AAC5367B30E: start with initializing state, conf=conf: {index: -1, cur=peers:[]|listeners:[], old=null}
2024-08-03 20:05:10,153 [omNode-bootstrap-2-impl-thread1] INFO  server.RaftServer$Division (RaftServerImpl.java:setRole(376)) - omNode-bootstrap-2@group-0AAC5367B30E: changes role from      null to FOLLOWER at term 0 for start
2024-08-03 20:05:10,153 [omNode-bootstrap-2-impl-thread1] INFO  util.JmxRegister (JmxRegister.java:tryRegister(44)) - Successfully registered JMX Bean with object name Ratis:service=RaftServer,group=group-0AAC5367B30E,id=omNode-bootstrap-2
2024-08-03 20:05:10,153 [omNode-bootstrap-2-impl-thread1] INFO  util.JmxRegister (JmxRegister.java:register(58)) - register mxBean class org.apache.ratis.server.impl.RaftServerJmxAdapter as Ratis:service=RaftServer,group=group-0AAC5367B30E,id=omNode-bootstrap-2
2024-08-03 20:05:10,153 [omNode-bootstrap-2-impl-thread1] INFO  server.RaftServerConfigKeys (ConfUtils.java:logGet(46)) - raft.server.snapshot.trigger-when-stop.enabled = true (default)
2024-08-03 20:05:10,153 [omNode-bootstrap-2-impl-thread1] INFO  server.RaftServerConfigKeys (ConfUtils.java:logGet(46)) - raft.server.snapshot.trigger-when-remove.enabled = true (default)
2024-08-03 20:05:10,153 [omNode-bootstrap-2-impl-thread1] INFO  server.RaftServerConfigKeys (ConfUtils.java:logGet(46)) - raft.server.snapshot.auto.trigger.enabled = true (custom)
2024-08-03 20:05:10,153 [omNode-bootstrap-2-impl-thread1] INFO  server.RaftServerConfigKeys (ConfUtils.java:logGet(46)) - raft.server.snapshot.auto.trigger.threshold = 400000 (default)
2024-08-03 20:05:10,153 [omNode-bootstrap-2-impl-thread1] INFO  server.RaftServerConfigKeys (ConfUtils.java:logGet(46)) - raft.server.snapshot.retention.file.num = -1 (default)
2024-08-03 20:05:10,153 [omNode-bootstrap-2-impl-thread1] INFO  server.RaftServerConfigKeys (ConfUtils.java:logGet(46)) - raft.server.log.purge.upto.snapshot.index = true (custom)
2024-08-03 20:05:10,154 [main] INFO  server.RaftServer (RaftServerProxy.java:startImpl(408)) - omNode-bootstrap-2: start RPC server
2024-08-03 20:05:10,155 [main] INFO  server.GrpcService (GrpcService.java:startImpl(302)) - omNode-bootstrap-2: GrpcService started, listening on 15058
2024-08-03 20:05:10,157 [main] INFO  om.OzoneManager (OzoneManager.java:start(1666)) - Version File has different layout version (6) than OM DB (null). That is expected if this OM has never been finalized to a newer layout version.
2024-08-03 20:05:10,157 [JvmPauseMonitor8] INFO  util.JvmPauseMonitor (JvmPauseMonitor.java:run(146)) - JvmPauseMonitor-omNode-bootstrap-2: Started
2024-08-03 20:05:10,166 [main] INFO  client.ScmTopologyClient (ScmTopologyClient.java:start(72)) - Initial network topology fetched from SCM: /.
2024-08-03 20:05:10,166 [main] INFO  net.NodeSchemaLoader (NodeSchemaLoader.java:loadSchemaFromFile(129)) - Loading schema from [jar:file:/home/runner/work/ozone/ozone/hadoop-hdds/common/target/hdds-common-1.5.0-SNAPSHOT.jar!/network-topology-default.xml]
2024-08-03 20:05:10,167 [main] INFO  net.NodeSchemaLoader (NodeSchemaLoader.java:loadSchema(176)) - Loading network topology layer schema file
2024-08-03 20:05:10,177 [main] INFO  http.BaseHttpServer (BaseHttpServer.java:newHttpServer2BuilderForOzone(223)) - Starting Web-server for ozoneManager at: http://0.0.0.0:15056
2024-08-03 20:05:10,178 [main] INFO  http.BaseHttpServer (BaseHttpServer.java:<init>(110)) - Hadoop Security Enabled: false Ozone Security Enabled: false Ozone HTTP Security Enabled: false 
2024-08-03 20:05:10,179 [main] WARN  server.AuthenticationFilter (AuthenticationFilter.java:constructSecretProvider(240)) - Unable to initialize FileSignerSecretProvider, falling back to use random secrets. Reason: Could not read signature secret file: /home/runner/hadoop-http-auth-signature-secret
2024-08-03 20:05:10,180 [main] INFO  http.HttpRequestLog (HttpRequestLog.java:getRequestLog(86)) - Http request log for http.requests.ozoneManager is not defined
2024-08-03 20:05:10,181 [main] INFO  http.HttpServer2 (HttpServer2.java:addGlobalFilter(1035)) - Added global filter 'safety' (class=org.apache.hadoop.hdds.server.http.HttpServer2$QuotingInputFilter)
2024-08-03 20:05:10,181 [main] INFO  http.HttpServer2 (HttpServer2.java:addFilter(1011)) - Added filter static_user_filter (class=org.apache.hadoop.http.lib.StaticUserWebFilter$StaticUserFilter) to context ozoneManager
2024-08-03 20:05:10,182 [main] INFO  http.HttpServer2 (HttpServer2.java:addFilter(1019)) - Added filter static_user_filter (class=org.apache.hadoop.http.lib.StaticUserWebFilter$StaticUserFilter) to context static
2024-08-03 20:05:10,182 [main] INFO  http.HttpServer2 (HttpServer2.java:addFilter(1019)) - Added filter static_user_filter (class=org.apache.hadoop.http.lib.StaticUserWebFilter$StaticUserFilter) to context logs
2024-08-03 20:05:10,182 [main] INFO  http.BaseHttpServer (BaseHttpServer.java:<init>(189)) - HTTP server of ozoneManager uses base directory /home/runner/work/ozone/ozone/hadoop-ozone/integration-test/target/test-dir/MiniOzoneClusterImpl-4c2a292f-c896-477d-a18b-b69de7e7ed64/omNode-bootstrap-2/webserver
2024-08-03 20:05:10,183 [main] INFO  http.HttpServer2 (HttpServer2.java:bindListener(1235)) - Jetty bound to port 15056
2024-08-03 20:05:10,183 [main] INFO  server.Server (Server.java:doStart(375)) - jetty-9.4.55.v20240627; built: 2024-06-27T15:05:37.765Z; git: 70015831e5195ba74da6383c4ab7c90c56bb08af; jvm 17.0.12+7
2024-08-03 20:05:10,189 [main] INFO  server.session (DefaultSessionIdManager.java:doStart(334)) - DefaultSessionIdManager workerName=node0
2024-08-03 20:05:10,189 [main] INFO  server.session (DefaultSessionIdManager.java:doStart(339)) - No SessionScavenger set, using defaults
2024-08-03 20:05:10,189 [main] INFO  server.session (HouseKeeper.java:startScavenging(132)) - node0 Scavenging every 600000ms
2024-08-03 20:05:10,190 [main] INFO  handler.ContextHandler (ContextHandler.java:doStart(921)) - Started o.e.j.s.ServletContextHandler@19afa273{logs,/logs,file:///home/runner/work/ozone/ozone/hadoop-ozone/integration-test/target/log,AVAILABLE}
2024-08-03 20:05:10,190 [main] INFO  handler.ContextHandler (ContextHandler.java:doStart(921)) - Started o.e.j.s.ServletContextHandler@72e09a66{static,/static,file:///home/runner/work/ozone/ozone/hadoop-ozone/integration-test/target/test-classes/webapps/static,AVAILABLE}
2024-08-03 20:05:10,195 [main] INFO  handler.ContextHandler (ContextHandler.java:doStart(921)) - Started o.e.j.w.WebAppContext@3b6d0859{ozoneManager,/,file:///home/runner/work/ozone/ozone/hadoop-ozone/integration-test/target/test-classes/webapps/ozoneManager/,AVAILABLE}{file:/home/runner/work/ozone/ozone/hadoop-ozone/integration-test/target/test-classes/webapps/ozoneManager}
2024-08-03 20:05:10,196 [main] INFO  server.AbstractConnector (AbstractConnector.java:doStart(333)) - Started ServerConnector@26a04ce7{HTTP/1.1, (http/1.1)}{0.0.0.0:15056}
2024-08-03 20:05:10,196 [main] INFO  server.Server (Server.java:doStart(415)) - Started @49575ms
2024-08-03 20:05:10,196 [main] WARN  impl.MetricsSystemImpl (MetricsSystemImpl.java:register(279)) - Sink prometheus already exists!
2024-08-03 20:05:10,197 [main] INFO  http.BaseHttpServer (BaseHttpServer.java:updateConnectorAddress(354)) - HTTP server of ozoneManager listening at http://0.0.0.0:15056
2024-08-03 20:05:10,197 [IPC Server Responder] INFO  ipc.Server (Server.java:run(1562)) - IPC Server Responder: starting
2024-08-03 20:05:10,201 [IPC Server listener on 15055] INFO  ipc.Server (Server.java:run(1402)) - IPC Server listener on 15055: starting
2024-08-03 20:05:10,204 [main] INFO  om.OzoneManager (OzoneManager.java:startTrashEmptier(2121)) - Trash Interval set to 0. Files deleted won't move to trash
2024-08-03 20:05:10,212 [IPC Server handler 0 on default port 15012] INFO  ratis.OzoneManagerRatisServer (OzoneManagerRatisServer.java:addOMToRatisRing(346)) - omNode-1: Submitting SetConfiguration request to Ratis server to add new OM peer omNode-bootstrap-2|localhost:15058 to the Ratis group group-0AAC5367B30E:[omNode-3|localhost:15023, omNode-1|localhost:15015, omNode-2|localhost:15019]
2024-08-03 20:05:10,214 [IPC Server handler 0 on default port 15012] INFO  server.RaftServer$Division (RaftServerImpl.java:setConfigurationAsync(1305)) - omNode-1@group-0AAC5367B30E: receive setConfiguration SetConfigurationRequest:client-E991A0039AC8->omNode-1@group-0AAC5367B30E, cid=0, seq=null, RW, null, SET_UNCONDITIONALLY, servers:[omNode-3|localhost:15023, omNode-1|localhost:15015, omNode-2|localhost:15019, omNode-bootstrap-2|localhost:15058], listeners:[]
2024-08-03 20:05:10,215 [IPC Server handler 0 on default port 15012] INFO  server.RaftServer$Division (LeaderStateImpl.java:startSetConfiguration(488)) - omNode-1@group-0AAC5367B30E-LeaderStateImpl: startSetConfiguration SetConfigurationRequest:client-E991A0039AC8->omNode-1@group-0AAC5367B30E, cid=0, seq=null, RW, null, SET_UNCONDITIONALLY, servers:[omNode-3|localhost:15023, omNode-1|localhost:15015, omNode-2|localhost:15019, omNode-bootstrap-2|localhost:15058], listeners:[]
2024-08-03 20:05:10,216 [IPC Server handler 0 on default port 15012] INFO  server.RaftServerConfigKeys (ConfUtils.java:logGet(46)) - raft.server.log.appender.snapshot.chunk.size.max = 16MB (=16777216) (default)
2024-08-03 20:05:10,216 [IPC Server handler 0 on default port 15012] INFO  server.RaftServerConfigKeys (ConfUtils.java:logGet(46)) - raft.server.log.appender.buffer.byte-limit = 4194304 (custom)
2024-08-03 20:05:10,216 [IPC Server handler 0 on default port 15012] INFO  server.RaftServerConfigKeys (ConfUtils.java:logGet(46)) - raft.server.log.appender.buffer.element-limit = 1024 (custom)
2024-08-03 20:05:10,217 [IPC Server handler 0 on default port 15012] INFO  server.RaftServerConfigKeys (ConfUtils.java:logGet(46)) - raft.server.log.appender.wait-time.min = 0ms (custom)
2024-08-03 20:05:10,217 [IPC Server handler 0 on default port 15012] INFO  grpc.GrpcConfigKeys (ConfUtils.java:logGet(46)) - raft.grpc.server.leader.outstanding.appends.max = 8 (default)
2024-08-03 20:05:10,217 [IPC Server handler 0 on default port 15012] INFO  server.RaftServerConfigKeys (ConfUtils.java:logGet(46)) - raft.server.rpc.request.timeout = 3000ms (default)
2024-08-03 20:05:10,217 [IPC Server handler 0 on default port 15012] INFO  grpc.GrpcConfigKeys (ConfUtils.java:logGet(46)) - raft.grpc.server.install_snapshot.request.element-limit = 8 (default)
2024-08-03 20:05:10,217 [IPC Server handler 0 on default port 15012] INFO  grpc.GrpcConfigKeys (ConfUtils.java:logGet(46)) - raft.grpc.server.install_snapshot.request.timeout = 3000ms (default)
2024-08-03 20:05:10,217 [IPC Server handler 0 on default port 15012] INFO  grpc.GrpcConfigKeys (ConfUtils.java:logGet(46)) - raft.grpc.server.log-message.batch.duration = 5s (default)
2024-08-03 20:05:10,217 [IPC Server handler 0 on default port 15012] INFO  server.RaftServerConfigKeys (ConfUtils.java:logGet(46)) - raft.server.log.appender.install.snapshot.enabled = false (custom)
2024-08-03 20:05:10,217 [IPC Server handler 0 on default port 15012] INFO  grpc.GrpcConfigKeys (ConfUtils.java:logGet(46)) - raft.grpc.server.heartbeat.channel = true (default)
2024-08-03 20:05:10,222 [omNode-1@group-0AAC5367B30E->omNode-bootstrap-2-GrpcLogAppender-LogAppenderDaemon] INFO  server.GrpcServerProtocolClient (GrpcServerProtocolClient.java:<init>(65)) - Build channel for omNode-bootstrap-2|localhost:15058
2024-08-03 20:05:10,230 [grpc-default-executor-1] INFO  impl.SnapshotInstallationHandler (SnapshotInstallationHandler.java:installSnapshot(92)) - omNode-bootstrap-2@group-0AAC5367B30E: receive installSnapshot: omNode-1->omNode-bootstrap-2#0-t1,notify:(t:1, i:0)
2024-08-03 20:05:10,233 [grpc-default-executor-1] INFO  server.RaftServer$Division (RaftServerImpl.java:setFirstElection(549)) - omNode-bootstrap-2@group-0AAC5367B30E: set firstElectionSinceStartup to false for installSnapshot
2024-08-03 20:05:10,233 [grpc-default-executor-1] INFO  server.RaftServer$Division (ServerState.java:setLeader(272)) - omNode-bootstrap-2@group-0AAC5367B30E: change Leader from null to omNode-1 at term 1 for installSnapshot, leader elected after 404ms
2024-08-03 20:05:10,233 [grpc-default-executor-1] INFO  impl.SnapshotInstallationHandler (SnapshotInstallationHandler.java:notifyStateMachineToInstallSnapshot(222)) - omNode-bootstrap-2@group-0AAC5367B30E: Received notification to install snapshot at index 0
2024-08-03 20:05:10,234 [grpc-default-executor-1] INFO  impl.SnapshotInstallationHandler (SnapshotInstallationHandler.java:notifyStateMachineToInstallSnapshot(256)) - omNode-bootstrap-2@group-0AAC5367B30E: notifyInstallSnapshot: nextIndex is 0 but the leader's first available index is 0.
2024-08-03 20:05:10,234 [grpc-default-executor-1] INFO  ratis.OzoneManagerStateMachine (OzoneManagerStateMachine.java:notifyInstallSnapshotFromLeader(511)) - Received install snapshot notification from OM leader: omNode-1 with term index: (t:1, i:0)
2024-08-03 20:05:10,235 [omNode-bootstrap-2-InstallSnapshotThread] INFO  utils.RDBSnapshotProvider (RDBSnapshotProvider.java:downloadDBSnapshotFromLeader(110)) - Prepare to download the snapshot from leader OM omNode-1 and reloading state from the snapshot.
2024-08-03 20:05:10,239 [grpc-default-executor-1] INFO  impl.SnapshotInstallationHandler (SnapshotInstallationHandler.java:installSnapshotImpl(138)) - omNode-bootstrap-2@group-0AAC5367B30E: set new configuration configurationEntry {
  peers {
    id: "omNode-3"
    address: "localhost:15023"
    startupRole: FOLLOWER
  }
  peers {
    id: "omNode-1"
    address: "localhost:15015"
    startupRole: FOLLOWER
  }
  peers {
    id: "omNode-2"
    address: "localhost:15019"
    startupRole: FOLLOWER
  }
}
 from snapshot
2024-08-03 20:05:10,239 [grpc-default-executor-1] INFO  server.RaftServer$Division (ServerState.java:setRaftConf(386)) - omNode-bootstrap-2@group-0AAC5367B30E: set configuration conf: {index: 0, cur=peers:[omNode-3|localhost:15023, omNode-1|localhost:15015, omNode-2|localhost:15019]|listeners:[], old=null}
2024-08-03 20:05:10,240 [omNode-bootstrap-2-InstallSnapshotThread] INFO  ratis_snapshot.OmRatisSnapshotProvider (OmRatisSnapshotProvider.java:downloadSnapshot(146)) - Downloading latest checkpoint from Leader OM omNode-1. Checkpoint URL: http://127.0.0.1:15013/dbCheckpoint?includeSnapshotData=true&flushBeforeCheckpoint=true
2024-08-03 20:05:10,241 [grpc-default-executor-1] INFO  ratis.OzoneManagerStateMachine (OzoneManagerStateMachine.java:notifyConfigurationChanged(216)) - Received Configuration change notification from Ratis. New Peer list:
[id: "omNode-3"
address: "localhost:15023"
startupRole: FOLLOWER
, id: "omNode-1"
address: "localhost:15015"
startupRole: FOLLOWER
, id: "omNode-2"
address: "localhost:15019"
startupRole: FOLLOWER
]
2024-08-03 20:05:10,241 [grpc-default-executor-1] INFO  ratis.OzoneManagerRatisServer (OzoneManagerRatisServer.java:addRaftPeer(435)) - Added OM omNode-3 to Ratis Peers list.
2024-08-03 20:05:10,242 [grpc-default-executor-1] INFO  om.OzoneManager (OzoneManager.java:addOMNodeToPeers(2042)) - Added OM omNode-3 to the Peer list.
2024-08-03 20:05:10,242 [grpc-default-executor-1] INFO  ratis.OzoneManagerRatisServer (OzoneManagerRatisServer.java:addRaftPeer(435)) - Added OM omNode-1 to Ratis Peers list.
2024-08-03 20:05:10,243 [grpc-default-executor-1] INFO  om.OzoneManager (OzoneManager.java:addOMNodeToPeers(2042)) - Added OM omNode-1 to the Peer list.
2024-08-03 20:05:10,243 [grpc-default-executor-1] INFO  ratis.OzoneManagerRatisServer (OzoneManagerRatisServer.java:addRaftPeer(435)) - Added OM omNode-2 to Ratis Peers list.
2024-08-03 20:05:10,244 [grpc-default-executor-1] INFO  om.OzoneManager (OzoneManager.java:addOMNodeToPeers(2042)) - Added OM omNode-2 to the Peer list.
2024-08-03 20:05:10,244 [grpc-default-executor-1] INFO  impl.SnapshotInstallationHandler (SnapshotInstallationHandler.java:installSnapshot(103)) - omNode-bootstrap-2@group-0AAC5367B30E: reply installSnapshot: omNode-1<-omNode-bootstrap-2#0:FAIL-t0,IN_PROGRESS,snapshotIndex=0
2024-08-03 20:05:10,245 [grpc-default-executor-1] INFO  server.GrpcServerProtocolService (GrpcServerProtocolService.java:onCompleted(157)) - omNode-bootstrap-2: Completed INSTALL_SNAPSHOT, lastRequest: omNode-1->omNode-bootstrap-2#0-t1,notify:(t:1, i:0)
2024-08-03 20:05:10,248 [grpc-default-executor-1] INFO  server.GrpcServerProtocolService (GrpcServerProtocolService.java:lambda$onCompleted$5(159)) - omNode-bootstrap-2: Completed INSTALL_SNAPSHOT, lastReply: null
2024-08-03 20:05:10,254 [omNode-bootstrap-2-server-thread1] INFO  server.RaftServer$Division (RaftServerImpl.java:checkInconsistentAppendEntries(1629)) - omNode-bootstrap-2@group-0AAC5367B30E: Failed appendEntries as snapshot (0) installation is in progress
2024-08-03 20:05:10,254 [omNode-bootstrap-2-server-thread1] INFO  server.RaftServer$Division (RaftServerImpl.java:appendEntriesAsync(1584)) - omNode-bootstrap-2@group-0AAC5367B30E: appendEntries* reply omNode-1<-omNode-bootstrap-2#0:FAIL-t1,INCONSISTENCY,nextIndex=0,followerCommit=-1,matchIndex=-1
2024-08-03 20:05:10,255 [grpc-default-executor-3] INFO  impl.SnapshotInstallationHandler (SnapshotInstallationHandler.java:installSnapshot(92)) - omNode-bootstrap-2@group-0AAC5367B30E: receive installSnapshot: omNode-1->omNode-bootstrap-2#0-t1,notify:(t:1, i:0)
2024-08-03 20:05:10,259 [grpc-default-executor-3] INFO  impl.SnapshotInstallationHandler (SnapshotInstallationHandler.java:installSnapshotImpl(138)) - omNode-bootstrap-2@group-0AAC5367B30E: set new configuration configurationEntry {
  peers {
    id: "omNode-3"
    address: "localhost:15023"
    startupRole: FOLLOWER
  }
  peers {
    id: "omNode-1"
    address: "localhost:15015"
    startupRole: FOLLOWER
  }
  peers {
    id: "omNode-2"
    address: "localhost:15019"
    startupRole: FOLLOWER
  }
}
 from snapshot
2024-08-03 20:05:10,259 [grpc-default-executor-3] INFO  server.RaftServer$Division (ServerState.java:setRaftConf(386)) - omNode-bootstrap-2@group-0AAC5367B30E: set configuration conf: {index: 0, cur=peers:[omNode-3|localhost:15023, omNode-1|localhost:15015, omNode-2|localhost:15019]|listeners:[], old=null}
2024-08-03 20:05:10,261 [grpc-default-executor-3] INFO  ratis.OzoneManagerStateMachine (OzoneManagerStateMachine.java:notifyConfigurationChanged(216)) - Received Configuration change notification from Ratis. New Peer list:
[id: "omNode-3"
address: "localhost:15023"
startupRole: FOLLOWER
, id: "omNode-1"
address: "localhost:15015"
startupRole: FOLLOWER
, id: "omNode-2"
address: "localhost:15019"
startupRole: FOLLOWER
]
2024-08-03 20:05:10,261 [grpc-default-executor-3] INFO  impl.SnapshotInstallationHandler (SnapshotInstallationHandler.java:installSnapshot(103)) - omNode-bootstrap-2@group-0AAC5367B30E: reply installSnapshot: omNode-1<-omNode-bootstrap-2#0:FAIL-t1,IN_PROGRESS,snapshotIndex=0
2024-08-03 20:05:10,261 [grpc-default-executor-3] INFO  server.GrpcServerProtocolService (GrpcServerProtocolService.java:onCompleted(157)) - omNode-bootstrap-2: Completed INSTALL_SNAPSHOT, lastRequest: omNode-1->omNode-bootstrap-2#0-t1,notify:(t:1, i:0)
2024-08-03 20:05:10,261 [grpc-default-executor-3] INFO  server.GrpcServerProtocolService (GrpcServerProtocolService.java:lambda$onCompleted$5(159)) - omNode-bootstrap-2: Completed INSTALL_SNAPSHOT, lastReply: null
2024-08-03 20:05:10,263 [omNode-bootstrap-2-server-thread1] INFO  server.RaftServer$Division (RaftServerImpl.java:checkInconsistentAppendEntries(1629)) - omNode-bootstrap-2@group-0AAC5367B30E: Failed appendEntries as snapshot (0) installation is in progress
2024-08-03 20:05:10,263 [omNode-bootstrap-2-server-thread1] INFO  server.RaftServer$Division (RaftServerImpl.java:appendEntriesAsync(1584)) - omNode-bootstrap-2@group-0AAC5367B30E: appendEntries* reply omNode-1<-omNode-bootstrap-2#1:FAIL-t1,INCONSISTENCY,nextIndex=0,followerCommit=-1,matchIndex=-1
2024-08-03 20:05:10,265 [grpc-default-executor-1] INFO  impl.SnapshotInstallationHandler (SnapshotInstallationHandler.java:installSnapshot(92)) - omNode-bootstrap-2@group-0AAC5367B30E: receive installSnapshot: omNode-1->omNode-bootstrap-2#0-t1,notify:(t:1, i:0)
2024-08-03 20:05:10,265 [grpc-default-executor-1] INFO  impl.SnapshotInstallationHandler (SnapshotInstallationHandler.java:installSnapshotImpl(138)) - omNode-bootstrap-2@group-0AAC5367B30E: set new configuration configurationEntry {
  peers {
    id: "omNode-3"
    address: "localhost:15023"
    startupRole: FOLLOWER
  }
  peers {
    id: "omNode-1"
    address: "localhost:15015"
    startupRole: FOLLOWER
  }
  peers {
    id: "omNode-2"
    address: "localhost:15019"
    startupRole: FOLLOWER
  }
}
 from snapshot
2024-08-03 20:05:10,266 [grpc-default-executor-1] INFO  server.RaftServer$Division (ServerState.java:setRaftConf(386)) - omNode-bootstrap-2@group-0AAC5367B30E: set configuration conf: {index: 0, cur=peers:[omNode-3|localhost:15023, omNode-1|localhost:15015, omNode-2|localhost:15019]|listeners:[], old=null}
2024-08-03 20:05:10,268 [grpc-default-executor-1] INFO  ratis.OzoneManagerStateMachine (OzoneManagerStateMachine.java:notifyConfigurationChanged(216)) - Received Configuration change notification from Ratis. New Peer list:
[id: "omNode-3"
address: "localhost:15023"
startupRole: FOLLOWER
, id: "omNode-1"
address: "localhost:15015"
startupRole: FOLLOWER
, id: "omNode-2"
address: "localhost:15019"
startupRole: FOLLOWER
]
2024-08-03 20:05:10,268 [grpc-default-executor-1] INFO  impl.SnapshotInstallationHandler (SnapshotInstallationHandler.java:installSnapshot(103)) - omNode-bootstrap-2@group-0AAC5367B30E: reply installSnapshot: omNode-1<-omNode-bootstrap-2#0:FAIL-t1,IN_PROGRESS,snapshotIndex=0
2024-08-03 20:05:10,268 [grpc-default-executor-1] INFO  server.GrpcServerProtocolService (GrpcServerProtocolService.java:onCompleted(157)) - omNode-bootstrap-2: Completed INSTALL_SNAPSHOT, lastRequest: omNode-1->omNode-bootstrap-2#0-t1,notify:(t:1, i:0)
2024-08-03 20:05:10,269 [grpc-default-executor-1] INFO  server.GrpcServerProtocolService (GrpcServerProtocolService.java:lambda$onCompleted$5(159)) - omNode-bootstrap-2: Completed INSTALL_SNAPSHOT, lastReply: null
2024-08-03 20:05:10,270 [omNode-bootstrap-2-server-thread1] INFO  server.RaftServer$Division (RaftServerImpl.java:checkInconsistentAppendEntries(1629)) - omNode-bootstrap-2@group-0AAC5367B30E: Failed appendEntries as snapshot (0) installation is in progress
2024-08-03 20:05:10,270 [omNode-bootstrap-2-server-thread1] INFO  server.RaftServer$Division (RaftServerImpl.java:appendEntriesAsync(1584)) - omNode-bootstrap-2@group-0AAC5367B30E: appendEntries* reply omNode-1<-omNode-bootstrap-2#2:FAIL-t1,INCONSISTENCY,nextIndex=0,followerCommit=-1,matchIndex=-1
2024-08-03 20:05:10,271 [grpc-default-executor-3] INFO  impl.SnapshotInstallationHandler (SnapshotInstallationHandler.java:installSnapshot(92)) - omNode-bootstrap-2@group-0AAC5367B30E: receive installSnapshot: omNode-1->omNode-bootstrap-2#0-t1,notify:(t:1, i:0)
2024-08-03 20:05:10,272 [grpc-default-executor-3] INFO  impl.SnapshotInstallationHandler (SnapshotInstallationHandler.java:installSnapshotImpl(138)) - omNode-bootstrap-2@group-0AAC5367B30E: set new configuration configurationEntry {
  peers {
    id: "omNode-3"
    address: "localhost:15023"
    startupRole: FOLLOWER
  }
  peers {
    id: "omNode-1"
    address: "localhost:15015"
    startupRole: FOLLOWER
  }
  peers {
    id: "omNode-2"
    address: "localhost:15019"
    startupRole: FOLLOWER
  }
}
 from snapshot
2024-08-03 20:05:10,272 [grpc-default-executor-3] INFO  server.RaftServer$Division (ServerState.java:setRaftConf(386)) - omNode-bootstrap-2@group-0AAC5367B30E: set configuration conf: {index: 0, cur=peers:[omNode-3|localhost:15023, omNode-1|localhost:15015, omNode-2|localhost:15019]|listeners:[], old=null}
2024-08-03 20:05:10,274 [grpc-default-executor-3] INFO  ratis.OzoneManagerStateMachine (OzoneManagerStateMachine.java:notifyConfigurationChanged(216)) - Received Configuration change notification from Ratis. New Peer list:
[id: "omNode-3"
address: "localhost:15023"
startupRole: FOLLOWER
, id: "omNode-1"
address: "localhost:15015"
startupRole: FOLLOWER
, id: "omNode-2"
address: "localhost:15019"
startupRole: FOLLOWER
]
2024-08-03 20:05:10,275 [grpc-default-executor-3] INFO  impl.SnapshotInstallationHandler (SnapshotInstallationHandler.java:installSnapshot(103)) - omNode-bootstrap-2@group-0AAC5367B30E: reply installSnapshot: omNode-1<-omNode-bootstrap-2#0:FAIL-t1,IN_PROGRESS,snapshotIndex=0
2024-08-03 20:05:10,275 [grpc-default-executor-3] INFO  server.GrpcServerProtocolService (GrpcServerProtocolService.java:onCompleted(157)) - omNode-bootstrap-2: Completed INSTALL_SNAPSHOT, lastRequest: omNode-1->omNode-bootstrap-2#0-t1,notify:(t:1, i:0)
2024-08-03 20:05:10,275 [grpc-default-executor-3] INFO  server.GrpcServerProtocolService (GrpcServerProtocolService.java:lambda$onCompleted$5(159)) - omNode-bootstrap-2: Completed INSTALL_SNAPSHOT, lastReply: null
2024-08-03 20:05:10,277 [grpc-default-executor-1] INFO  impl.SnapshotInstallationHandler (SnapshotInstallationHandler.java:installSnapshot(92)) - omNode-bootstrap-2@group-0AAC5367B30E: receive installSnapshot: omNode-1->omNode-bootstrap-2#0-t1,notify:(t:1, i:0)
2024-08-03 20:05:10,278 [grpc-default-executor-1] INFO  impl.SnapshotInstallationHandler (SnapshotInstallationHandler.java:installSnapshotImpl(138)) - omNode-bootstrap-2@group-0AAC5367B30E: set new configuration configurationEntry {
  peers {
    id: "omNode-3"
    address: "localhost:15023"
    startupRole: FOLLOWER
  }
  peers {
    id: "omNode-1"
    address: "localhost:15015"
    startupRole: FOLLOWER
  }
  peers {
    id: "omNode-2"
    address: "localhost:15019"
    startupRole: FOLLOWER
  }
}
 from snapshot
2024-08-03 20:05:10,278 [grpc-default-executor-1] INFO  server.RaftServer$Division (ServerState.java:setRaftConf(386)) - omNode-bootstrap-2@group-0AAC5367B30E: set configuration conf: {index: 0, cur=peers:[omNode-3|localhost:15023, omNode-1|localhost:15015, omNode-2|localhost:15019]|listeners:[], old=null}
2024-08-03 20:05:10,279 [omNode-bootstrap-2-server-thread1] INFO  server.RaftServer$Division (RaftServerImpl.java:checkInconsistentAppendEntries(1629)) - omNode-bootstrap-2@group-0AAC5367B30E: Failed appendEntries as snapshot (0) installation is in progress
2024-08-03 20:05:10,279 [omNode-bootstrap-2-server-thread1] INFO  server.RaftServer$Division (RaftServerImpl.java:appendEntriesAsync(1584)) - omNode-bootstrap-2@group-0AAC5367B30E: appendEntries* reply omNode-1<-omNode-bootstrap-2#3:FAIL-t1,INCONSISTENCY,nextIndex=0,followerCommit=-1,matchIndex=-1
2024-08-03 20:05:10,279 [grpc-default-executor-1] INFO  ratis.OzoneManagerStateMachine (OzoneManagerStateMachine.java:notifyConfigurationChanged(216)) - Received Configuration change notification from Ratis. New Peer list:
[id: "omNode-3"
address: "localhost:15023"
startupRole: FOLLOWER
, id: "omNode-1"
address: "localhost:15015"
startupRole: FOLLOWER
, id: "omNode-2"
address: "localhost:15019"
startupRole: FOLLOWER
]
2024-08-03 20:05:10,280 [grpc-default-executor-1] INFO  impl.SnapshotInstallationHandler (SnapshotInstallationHandler.java:installSnapshot(103)) - omNode-bootstrap-2@group-0AAC5367B30E: reply installSnapshot: omNode-1<-omNode-bootstrap-2#0:FAIL-t1,IN_PROGRESS,snapshotIndex=0
2024-08-03 20:05:10,280 [grpc-default-executor-1] INFO  server.GrpcServerProtocolService (GrpcServerProtocolService.java:onCompleted(157)) - omNode-bootstrap-2: Completed INSTALL_SNAPSHOT, lastRequest: omNode-1->omNode-bootstrap-2#0-t1,notify:(t:1, i:0)
2024-08-03 20:05:10,280 [grpc-default-executor-1] INFO  server.GrpcServerProtocolService (GrpcServerProtocolService.java:lambda$onCompleted$5(159)) - omNode-bootstrap-2: Completed INSTALL_SNAPSHOT, lastReply: null
2024-08-03 20:05:10,282 [omNode-bootstrap-2-server-thread1] INFO  server.RaftServer$Division (RaftServerImpl.java:checkInconsistentAppendEntries(1629)) - omNode-bootstrap-2@group-0AAC5367B30E: Failed appendEntries as snapshot (0) installation is in progress
2024-08-03 20:05:10,282 [omNode-bootstrap-2-server-thread1] INFO  server.RaftServer$Division (RaftServerImpl.java:appendEntriesAsync(1584)) - omNode-bootstrap-2@group-0AAC5367B30E: appendEntries* reply omNode-1<-omNode-bootstrap-2#4:FAIL-t1,INCONSISTENCY,nextIndex=0,followerCommit=-1,matchIndex=-1
2024-08-03 20:05:10,282 [grpc-default-executor-1] INFO  impl.SnapshotInstallationHandler (SnapshotInstallationHandler.java:installSnapshot(92)) - omNode-bootstrap-2@group-0AAC5367B30E: receive installSnapshot: omNode-1->omNode-bootstrap-2#0-t1,notify:(t:1, i:0)
2024-08-03 20:05:10,285 [grpc-default-executor-1] INFO  impl.SnapshotInstallationHandler (SnapshotInstallationHandler.java:installSnapshotImpl(138)) - omNode-bootstrap-2@group-0AAC5367B30E: set new configuration configurationEntry {
  peers {
    id: "omNode-3"
    address: "localhost:15023"
    startupRole: FOLLOWER
  }
  peers {
    id: "omNode-1"
    address: "localhost:15015"
    startupRole: FOLLOWER
  }
  peers {
    id: "omNode-2"
    address: "localhost:15019"
    startupRole: FOLLOWER
  }
}
 from snapshot
2024-08-03 20:05:10,285 [grpc-default-executor-1] INFO  server.RaftServer$Division (ServerState.java:setRaftConf(386)) - omNode-bootstrap-2@group-0AAC5367B30E: set configuration conf: {index: 0, cur=peers:[omNode-3|localhost:15023, omNode-1|localhost:15015, omNode-2|localhost:15019]|listeners:[], old=null}
2024-08-03 20:05:10,287 [grpc-default-executor-1] INFO  ratis.OzoneManagerStateMachine (OzoneManagerStateMachine.java:notifyConfigurationChanged(216)) - Received Configuration change notification from Ratis. New Peer list:
[id: "omNode-3"
address: "localhost:15023"
startupRole: FOLLOWER
, id: "omNode-1"
address: "localhost:15015"
startupRole: FOLLOWER
, id: "omNode-2"
address: "localhost:15019"
startupRole: FOLLOWER
]
2024-08-03 20:05:10,288 [grpc-default-executor-1] INFO  impl.SnapshotInstallationHandler (SnapshotInstallationHandler.java:installSnapshot(103)) - omNode-bootstrap-2@group-0AAC5367B30E: reply installSnapshot: omNode-1<-omNode-bootstrap-2#0:FAIL-t1,IN_PROGRESS,snapshotIndex=0
2024-08-03 20:05:10,289 [grpc-default-executor-1] INFO  server.GrpcServerProtocolService (GrpcServerProtocolService.java:onCompleted(157)) - omNode-bootstrap-2: Completed INSTALL_SNAPSHOT, lastRequest: omNode-1->omNode-bootstrap-2#0-t1,notify:(t:1, i:0)
2024-08-03 20:05:10,289 [grpc-default-executor-1] INFO  server.GrpcServerProtocolService (GrpcServerProtocolService.java:lambda$onCompleted$5(159)) - omNode-bootstrap-2: Completed INSTALL_SNAPSHOT, lastReply: null
2024-08-03 20:05:10,290 [omNode-bootstrap-2-server-thread1] INFO  server.RaftServer$Division (RaftServerImpl.java:checkInconsistentAppendEntries(1629)) - omNode-bootstrap-2@group-0AAC5367B30E: Failed appendEntries as snapshot (0) installation is in progress
2024-08-03 20:05:10,290 [omNode-bootstrap-2-server-thread1] INFO  server.RaftServer$Division (RaftServerImpl.java:appendEntriesAsync(1584)) - omNode-bootstrap-2@group-0AAC5367B30E: appendEntries* reply omNode-1<-omNode-bootstrap-2#5:FAIL-t1,INCONSISTENCY,nextIndex=0,followerCommit=-1,matchIndex=-1
2024-08-03 20:05:10,291 [grpc-default-executor-0] INFO  impl.SnapshotInstallationHandler (SnapshotInstallationHandler.java:installSnapshot(92)) - omNode-bootstrap-2@group-0AAC5367B30E: receive installSnapshot: omNode-1->omNode-bootstrap-2#0-t1,notify:(t:1, i:0)
2024-08-03 20:05:10,292 [grpc-default-executor-0] INFO  impl.SnapshotInstallationHandler (SnapshotInstallationHandler.java:installSnapshotImpl(138)) - omNode-bootstrap-2@group-0AAC5367B30E: set new configuration configurationEntry {
  peers {
    id: "omNode-3"
    address: "localhost:15023"
    startupRole: FOLLOWER
  }
  peers {
    id: "omNode-1"
    address: "localhost:15015"
    startupRole: FOLLOWER
  }
  peers {
    id: "omNode-2"
    address: "localhost:15019"
    startupRole: FOLLOWER
  }
}
 from snapshot
2024-08-03 20:05:10,292 [grpc-default-executor-0] INFO  server.RaftServer$Division (ServerState.java:setRaftConf(386)) - omNode-bootstrap-2@group-0AAC5367B30E: set configuration conf: {index: 0, cur=peers:[omNode-3|localhost:15023, omNode-1|localhost:15015, omNode-2|localhost:15019]|listeners:[], old=null}
2024-08-03 20:05:10,294 [grpc-default-executor-0] INFO  ratis.OzoneManagerStateMachine (OzoneManagerStateMachine.java:notifyConfigurationChanged(216)) - Received Configuration change notification from Ratis. New Peer list:
[id: "omNode-3"
address: "localhost:15023"
startupRole: FOLLOWER
, id: "omNode-1"
address: "localhost:15015"
startupRole: FOLLOWER
, id: "omNode-2"
address: "localhost:15019"
startupRole: FOLLOWER
]
2024-08-03 20:05:10,294 [grpc-default-executor-0] INFO  impl.SnapshotInstallationHandler (SnapshotInstallationHandler.java:installSnapshot(103)) - omNode-bootstrap-2@group-0AAC5367B30E: reply installSnapshot: omNode-1<-omNode-bootstrap-2#0:FAIL-t1,IN_PROGRESS,snapshotIndex=0
2024-08-03 20:05:10,294 [grpc-default-executor-0] INFO  server.GrpcServerProtocolService (GrpcServerProtocolService.java:onCompleted(157)) - omNode-bootstrap-2: Completed INSTALL_SNAPSHOT, lastRequest: omNode-1->omNode-bootstrap-2#0-t1,notify:(t:1, i:0)
2024-08-03 20:05:10,294 [grpc-default-executor-0] INFO  server.GrpcServerProtocolService (GrpcServerProtocolService.java:lambda$onCompleted$5(159)) - omNode-bootstrap-2: Completed INSTALL_SNAPSHOT, lastReply: null
2024-08-03 20:05:10,296 [omNode-bootstrap-2-server-thread1] INFO  server.RaftServer$Division (RaftServerImpl.java:checkInconsistentAppendEntries(1629)) - omNode-bootstrap-2@group-0AAC5367B30E: Failed appendEntries as snapshot (0) installation is in progress
2024-08-03 20:05:10,296 [omNode-bootstrap-2-server-thread1] INFO  server.RaftServer$Division (RaftServerImpl.java:appendEntriesAsync(1584)) - omNode-bootstrap-2@group-0AAC5367B30E: appendEntries* reply omNode-1<-omNode-bootstrap-2#6:FAIL-t1,INCONSISTENCY,nextIndex=0,followerCommit=-1,matchIndex=-1
2024-08-03 20:05:10,297 [grpc-default-executor-1] INFO  impl.SnapshotInstallationHandler (SnapshotInstallationHandler.java:installSnapshot(92)) - omNode-bootstrap-2@group-0AAC5367B30E: receive installSnapshot: omNode-1->omNode-bootstrap-2#0-t1,notify:(t:1, i:0)
2024-08-03 20:05:10,298 [grpc-default-executor-1] INFO  impl.SnapshotInstallationHandler (SnapshotInstallationHandler.java:installSnapshotImpl(138)) - omNode-bootstrap-2@group-0AAC5367B30E: set new configuration configurationEntry {
  peers {
    id: "omNode-3"
    address: "localhost:15023"
    startupRole: FOLLOWER
  }
  peers {
    id: "omNode-1"
    address: "localhost:15015"
    startupRole: FOLLOWER
  }
  peers {
    id: "omNode-2"
    address: "localhost:15019"
    startupRole: FOLLOWER
  }
}
 from snapshot
2024-08-03 20:05:10,298 [grpc-default-executor-1] INFO  server.RaftServer$Division (ServerState.java:setRaftConf(386)) - omNode-bootstrap-2@group-0AAC5367B30E: set configuration conf: {index: 0, cur=peers:[omNode-3|localhost:15023, omNode-1|localhost:15015, omNode-2|localhost:15019]|listeners:[], old=null}
2024-08-03 20:05:10,300 [grpc-default-executor-1] INFO  ratis.OzoneManagerStateMachine (OzoneManagerStateMachine.java:notifyConfigurationChanged(216)) - Received Configuration change notification from Ratis. New Peer list:
[id: "omNode-3"
address: "localhost:15023"
startupRole: FOLLOWER
, id: "omNode-1"
address: "localhost:15015"
startupRole: FOLLOWER
, id: "omNode-2"
address: "localhost:15019"
startupRole: FOLLOWER
]
2024-08-03 20:05:10,300 [grpc-default-executor-1] INFO  impl.SnapshotInstallationHandler (SnapshotInstallationHandler.java:installSnapshot(103)) - omNode-bootstrap-2@group-0AAC5367B30E: reply installSnapshot: omNode-1<-omNode-bootstrap-2#0:FAIL-t1,IN_PROGRESS,snapshotIndex=0
2024-08-03 20:05:10,301 [grpc-default-executor-1] INFO  server.GrpcServerProtocolService (GrpcServerProtocolService.java:onCompleted(157)) - omNode-bootstrap-2: Completed INSTALL_SNAPSHOT, lastRequest: omNode-1->omNode-bootstrap-2#0-t1,notify:(t:1, i:0)
2024-08-03 20:05:10,301 [grpc-default-executor-1] INFO  server.GrpcServerProtocolService (GrpcServerProtocolService.java:lambda$onCompleted$5(159)) - omNode-bootstrap-2: Completed INSTALL_SNAPSHOT, lastReply: null
2024-08-03 20:05:10,303 [grpc-default-executor-0] INFO  impl.SnapshotInstallationHandler (SnapshotInstallationHandler.java:installSnapshot(92)) - omNode-bootstrap-2@group-0AAC5367B30E: receive installSnapshot: omNode-1->omNode-bootstrap-2#0-t1,notify:(t:1, i:0)
2024-08-03 20:05:10,303 [grpc-default-executor-0] INFO  impl.SnapshotInstallationHandler (SnapshotInstallationHandler.java:installSnapshotImpl(138)) - omNode-bootstrap-2@group-0AAC5367B30E: set new configuration configurationEntry {
  peers {
    id: "omNode-3"
    address: "localhost:15023"
    startupRole: FOLLOWER
  }
  peers {
    id: "omNode-1"
    address: "localhost:15015"
    startupRole: FOLLOWER
  }
  peers {
    id: "omNode-2"
    address: "localhost:15019"
    startupRole: FOLLOWER
  }
}
 from snapshot
2024-08-03 20:05:10,304 [grpc-default-executor-0] INFO  server.RaftServer$Division (ServerState.java:setRaftConf(386)) - omNode-bootstrap-2@group-0AAC5367B30E: set configuration conf: {index: 0, cur=peers:[omNode-3|localhost:15023, omNode-1|localhost:15015, omNode-2|localhost:15019]|listeners:[], old=null}
2024-08-03 20:05:10,305 [omNode-bootstrap-2-server-thread1] INFO  server.RaftServer$Division (RaftServerImpl.java:checkInconsistentAppendEntries(1629)) - omNode-bootstrap-2@group-0AAC5367B30E: Failed appendEntries as snapshot (0) installation is in progress
2024-08-03 20:05:10,305 [grpc-default-executor-0] INFO  ratis.OzoneManagerStateMachine (OzoneManagerStateMachine.java:notifyConfigurationChanged(216)) - Received Configuration change notification from Ratis. New Peer list:
[id: "omNode-3"
address: "localhost:15023"
startupRole: FOLLOWER
, id: "omNode-1"
address: "localhost:15015"
startupRole: FOLLOWER
, id: "omNode-2"
address: "localhost:15019"
startupRole: FOLLOWER
]
2024-08-03 20:05:10,305 [grpc-default-executor-0] INFO  impl.SnapshotInstallationHandler (SnapshotInstallationHandler.java:installSnapshot(103)) - omNode-bootstrap-2@group-0AAC5367B30E: reply installSnapshot: omNode-1<-omNode-bootstrap-2#0:FAIL-t1,IN_PROGRESS,snapshotIndex=0
2024-08-03 20:05:10,305 [omNode-bootstrap-2-server-thread1] INFO  server.RaftServer$Division (RaftServerImpl.java:appendEntriesAsync(1584)) - omNode-bootstrap-2@group-0AAC5367B30E: appendEntries* reply omNode-1<-omNode-bootstrap-2#7:FAIL-t1,INCONSISTENCY,nextIndex=0,followerCommit=-1,matchIndex=-1
2024-08-03 20:05:10,305 [grpc-default-executor-0] INFO  server.GrpcServerProtocolService (GrpcServerProtocolService.java:onCompleted(157)) - omNode-bootstrap-2: Completed INSTALL_SNAPSHOT, lastRequest: omNode-1->omNode-bootstrap-2#0-t1,notify:(t:1, i:0)
2024-08-03 20:05:10,305 [grpc-default-executor-0] INFO  server.GrpcServerProtocolService (GrpcServerProtocolService.java:lambda$onCompleted$5(159)) - omNode-bootstrap-2: Completed INSTALL_SNAPSHOT, lastReply: null
2024-08-03 20:05:10,308 [grpc-default-executor-0] INFO  impl.SnapshotInstallationHandler (SnapshotInstallationHandler.java:installSnapshot(92)) - omNode-bootstrap-2@group-0AAC5367B30E: receive installSnapshot: omNode-1->omNode-bootstrap-2#0-t1,notify:(t:1, i:0)
2024-08-03 20:05:10,308 [grpc-default-executor-0] INFO  impl.SnapshotInstallationHandler (SnapshotInstallationHandler.java:installSnapshotImpl(138)) - omNode-bootstrap-2@group-0AAC5367B30E: set new configuration configurationEntry {
  peers {
    id: "omNode-3"
    address: "localhost:15023"
    startupRole: FOLLOWER
  }
  peers {
    id: "omNode-1"
    address: "localhost:15015"
    startupRole: FOLLOWER
  }
  peers {
    id: "omNode-2"
    address: "localhost:15019"
    startupRole: FOLLOWER
  }
}
 from snapshot
2024-08-03 20:05:10,309 [grpc-default-executor-0] INFO  server.RaftServer$Division (ServerState.java:setRaftConf(386)) - omNode-bootstrap-2@group-0AAC5367B30E: set configuration conf: {index: 0, cur=peers:[omNode-3|localhost:15023, omNode-1|localhost:15015, omNode-2|localhost:15019]|listeners:[], old=null}
2024-08-03 20:05:10,309 [omNode-bootstrap-2-server-thread1] INFO  server.RaftServer$Division (RaftServerImpl.java:checkInconsistentAppendEntries(1629)) - omNode-bootstrap-2@group-0AAC5367B30E: Failed appendEntries as snapshot (0) installation is in progress
2024-08-03 20:05:10,309 [omNode-bootstrap-2-server-thread1] INFO  server.RaftServer$Division (RaftServerImpl.java:appendEntriesAsync(1584)) - omNode-bootstrap-2@group-0AAC5367B30E: appendEntries* reply omNode-1<-omNode-bootstrap-2#8:FAIL-t1,INCONSISTENCY,nextIndex=0,followerCommit=-1,matchIndex=-1
2024-08-03 20:05:10,310 [grpc-default-executor-0] INFO  ratis.OzoneManagerStateMachine (OzoneManagerStateMachine.java:notifyConfigurationChanged(216)) - Received Configuration change notification from Ratis. New Peer list:
[id: "omNode-3"
address: "localhost:15023"
startupRole: FOLLOWER
, id: "omNode-1"
address: "localhost:15015"
startupRole: FOLLOWER
, id: "omNode-2"
address: "localhost:15019"
startupRole: FOLLOWER
]
2024-08-03 20:05:10,310 [grpc-default-executor-0] INFO  impl.SnapshotInstallationHandler (SnapshotInstallationHandler.java:installSnapshot(103)) - omNode-bootstrap-2@group-0AAC5367B30E: reply installSnapshot: omNode-1<-omNode-bootstrap-2#0:FAIL-t1,IN_PROGRESS,snapshotIndex=0
2024-08-03 20:05:10,311 [grpc-default-executor-0] INFO  server.GrpcServerProtocolService (GrpcServerProtocolService.java:onCompleted(157)) - omNode-bootstrap-2: Completed INSTALL_SNAPSHOT, lastRequest: omNode-1->omNode-bootstrap-2#0-t1,notify:(t:1, i:0)
2024-08-03 20:05:10,311 [grpc-default-executor-0] INFO  server.GrpcServerProtocolService (GrpcServerProtocolService.java:lambda$onCompleted$5(159)) - omNode-bootstrap-2: Completed INSTALL_SNAPSHOT, lastReply: null
2024-08-03 20:05:10,311 [qtp1106344887-439] INFO  utils.DBCheckpointServlet (DBCheckpointServlet.java:doPost(314)) - Received POST request to obtain DB checkpoint snapshot
2024-08-03 20:05:10,312 [omNode-bootstrap-2-server-thread1] INFO  server.RaftServer$Division (RaftServerImpl.java:checkInconsistentAppendEntries(1629)) - omNode-bootstrap-2@group-0AAC5367B30E: Failed appendEntries as snapshot (0) installation is in progress
2024-08-03 20:05:10,312 [omNode-bootstrap-2-server-thread1] INFO  server.RaftServer$Division (RaftServerImpl.java:appendEntriesAsync(1584)) - omNode-bootstrap-2@group-0AAC5367B30E: appendEntries* reply omNode-1<-omNode-bootstrap-2#9:FAIL-t1,INCONSISTENCY,nextIndex=0,followerCommit=-1,matchIndex=-1
2024-08-03 20:05:10,313 [grpc-default-executor-0] INFO  impl.SnapshotInstallationHandler (SnapshotInstallationHandler.java:installSnapshot(92)) - omNode-bootstrap-2@group-0AAC5367B30E: receive installSnapshot: omNode-1->omNode-bootstrap-2#0-t1,notify:(t:1, i:0)
2024-08-03 20:05:10,314 [grpc-default-executor-0] INFO  impl.SnapshotInstallationHandler (SnapshotInstallationHandler.java:installSnapshotImpl(138)) - omNode-bootstrap-2@group-0AAC5367B30E: set new configuration configurationEntry {
  peers {
    id: "omNode-3"
    address: "localhost:15023"
    startupRole: FOLLOWER
  }
  peers {
    id: "omNode-1"
    address: "localhost:15015"
    startupRole: FOLLOWER
  }
  peers {
    id: "omNode-2"
    address: "localhost:15019"
    startupRole: FOLLOWER
  }
}
 from snapshot
2024-08-03 20:05:10,314 [grpc-default-executor-0] INFO  server.RaftServer$Division (ServerState.java:setRaftConf(386)) - omNode-bootstrap-2@group-0AAC5367B30E: set configuration conf: {index: 0, cur=peers:[omNode-3|localhost:15023, omNode-1|localhost:15015, omNode-2|localhost:15019]|listeners:[], old=null}
2024-08-03 20:05:10,315 [grpc-default-executor-0] INFO  ratis.OzoneManagerStateMachine (OzoneManagerStateMachine.java:notifyConfigurationChanged(216)) - Received Configuration change notification from Ratis. New Peer list:
[id: "omNode-3"
address: "localhost:15023"
startupRole: FOLLOWER
, id: "omNode-1"
address: "localhost:15015"
startupRole: FOLLOWER
, id: "omNode-2"
address: "localhost:15019"
startupRole: FOLLOWER
]
2024-08-03 20:05:10,315 [grpc-default-executor-0] INFO  impl.SnapshotInstallationHandler (SnapshotInstallationHandler.java:installSnapshot(103)) - omNode-bootstrap-2@group-0AAC5367B30E: reply installSnapshot: omNode-1<-omNode-bootstrap-2#0:FAIL-t1,IN_PROGRESS,snapshotIndex=0
2024-08-03 20:05:10,316 [grpc-default-executor-0] INFO  server.GrpcServerProtocolService (GrpcServerProtocolService.java:onCompleted(157)) - omNode-bootstrap-2: Completed INSTALL_SNAPSHOT, lastRequest: omNode-1->omNode-bootstrap-2#0-t1,notify:(t:1, i:0)
2024-08-03 20:05:10,316 [grpc-default-executor-0] INFO  server.GrpcServerProtocolService (GrpcServerProtocolService.java:lambda$onCompleted$5(159)) - omNode-bootstrap-2: Completed INSTALL_SNAPSHOT, lastReply: null
2024-08-03 20:05:10,317 [omNode-bootstrap-2-server-thread1] INFO  server.RaftServer$Division (RaftServerImpl.java:checkInconsistentAppendEntries(1629)) - omNode-bootstrap-2@group-0AAC5367B30E: Failed appendEntries as snapshot (0) installation is in progress
2024-08-03 20:05:10,317 [omNode-bootstrap-2-server-thread1] INFO  server.RaftServer$Division (RaftServerImpl.java:appendEntriesAsync(1584)) - omNode-bootstrap-2@group-0AAC5367B30E: appendEntries* reply omNode-1<-omNode-bootstrap-2#10:FAIL-t1,INCONSISTENCY,nextIndex=0,followerCommit=-1,matchIndex=-1
2024-08-03 20:05:10,319 [grpc-default-executor-0] INFO  impl.SnapshotInstallationHandler (SnapshotInstallationHandler.java:installSnapshot(92)) - omNode-bootstrap-2@group-0AAC5367B30E: receive installSnapshot: omNode-1->omNode-bootstrap-2#0-t1,notify:(t:1, i:0)
2024-08-03 20:05:10,319 [grpc-default-executor-0] INFO  impl.SnapshotInstallationHandler (SnapshotInstallationHandler.java:installSnapshotImpl(138)) - omNode-bootstrap-2@group-0AAC5367B30E: set new configuration configurationEntry {
  peers {
    id: "omNode-3"
    address: "localhost:15023"
    startupRole: FOLLOWER
  }
  peers {
    id: "omNode-1"
    address: "localhost:15015"
    startupRole: FOLLOWER
  }
  peers {
    id: "omNode-2"
    address: "localhost:15019"
    startupRole: FOLLOWER
  }
}
 from snapshot
2024-08-03 20:05:10,319 [grpc-default-executor-0] INFO  server.RaftServer$Division (ServerState.java:setRaftConf(386)) - omNode-bootstrap-2@group-0AAC5367B30E: set configuration conf: {index: 0, cur=peers:[omNode-3|localhost:15023, omNode-1|localhost:15015, omNode-2|localhost:15019]|listeners:[], old=null}
2024-08-03 20:05:10,322 [grpc-default-executor-0] INFO  ratis.OzoneManagerStateMachine (OzoneManagerStateMachine.java:notifyConfigurationChanged(216)) - Received Configuration change notification from Ratis. New Peer list:
[id: "omNode-3"
address: "localhost:15023"
startupRole: FOLLOWER
, id: "omNode-1"
address: "localhost:15015"
startupRole: FOLLOWER
, id: "omNode-2"
address: "localhost:15019"
startupRole: FOLLOWER
]
2024-08-03 20:05:10,323 [grpc-default-executor-0] INFO  impl.SnapshotInstallationHandler (SnapshotInstallationHandler.java:installSnapshot(103)) - omNode-bootstrap-2@group-0AAC5367B30E: reply installSnapshot: omNode-1<-omNode-bootstrap-2#0:FAIL-t1,IN_PROGRESS,snapshotIndex=0
2024-08-03 20:05:10,324 [grpc-default-executor-0] INFO  server.GrpcServerProtocolService (GrpcServerProtocolService.java:onCompleted(157)) - omNode-bootstrap-2: Completed INSTALL_SNAPSHOT, lastRequest: omNode-1->omNode-bootstrap-2#0-t1,notify:(t:1, i:0)
2024-08-03 20:05:10,324 [grpc-default-executor-0] INFO  server.GrpcServerProtocolService (GrpcServerProtocolService.java:lambda$onCompleted$5(159)) - omNode-bootstrap-2: Completed INSTALL_SNAPSHOT, lastReply: null
2024-08-03 20:05:10,324 [qtp1106344887-439] WARN  utils.DBCheckpointServlet (DBCheckpointServlet.java:parseFormDataParameters(287)) - Exception occured during form data parsing Stream ended unexpectedly
2024-08-03 20:05:10,325 [omNode-bootstrap-2-server-thread1] INFO  server.RaftServer$Division (RaftServerImpl.java:checkInconsistentAppendEntries(1629)) - omNode-bootstrap-2@group-0AAC5367B30E: Failed appendEntries as snapshot (0) installation is in progress
2024-08-03 20:05:10,325 [omNode-bootstrap-2-server-thread1] INFO  server.RaftServer$Division (RaftServerImpl.java:appendEntriesAsync(1584)) - omNode-bootstrap-2@group-0AAC5367B30E: appendEntries* reply omNode-1<-omNode-bootstrap-2#11:FAIL-t1,INCONSISTENCY,nextIndex=0,followerCommit=-1,matchIndex=-1
2024-08-03 20:05:10,326 [grpc-default-executor-3] INFO  impl.SnapshotInstallationHandler (SnapshotInstallationHandler.java:installSnapshot(92)) - omNode-bootstrap-2@group-0AAC5367B30E: receive installSnapshot: omNode-1->omNode-bootstrap-2#0-t1,notify:(t:1, i:0)
2024-08-03 20:05:10,326 [grpc-default-executor-3] INFO  impl.SnapshotInstallationHandler (SnapshotInstallationHandler.java:installSnapshotImpl(138)) - omNode-bootstrap-2@group-0AAC5367B30E: set new configuration configurationEntry {
  peers {
    id: "omNode-3"
    address: "localhost:15023"
    startupRole: FOLLOWER
  }
  peers {
    id: "omNode-1"
    address: "localhost:15015"
    startupRole: FOLLOWER
  }
  peers {
    id: "omNode-2"
    address: "localhost:15019"
    startupRole: FOLLOWER
  }
}
 from snapshot
2024-08-03 20:05:10,327 [grpc-default-executor-3] INFO  server.RaftServer$Division (ServerState.java:setRaftConf(386)) - omNode-bootstrap-2@group-0AAC5367B30E: set configuration conf: {index: 0, cur=peers:[omNode-3|localhost:15023, omNode-1|localhost:15015, omNode-2|localhost:15019]|listeners:[], old=null}
2024-08-03 20:05:10,328 [grpc-default-executor-3] INFO  ratis.OzoneManagerStateMachine (OzoneManagerStateMachine.java:notifyConfigurationChanged(216)) - Received Configuration change notification from Ratis. New Peer list:
[id: "omNode-3"
address: "localhost:15023"
startupRole: FOLLOWER
, id: "omNode-1"
address: "localhost:15015"
startupRole: FOLLOWER
, id: "omNode-2"
address: "localhost:15019"
startupRole: FOLLOWER
]
2024-08-03 20:05:10,328 [grpc-default-executor-3] INFO  impl.SnapshotInstallationHandler (SnapshotInstallationHandler.java:installSnapshot(103)) - omNode-bootstrap-2@group-0AAC5367B30E: reply installSnapshot: omNode-1<-omNode-bootstrap-2#0:FAIL-t1,IN_PROGRESS,snapshotIndex=0
2024-08-03 20:05:10,328 [grpc-default-executor-3] INFO  server.GrpcServerProtocolService (GrpcServerProtocolService.java:onCompleted(157)) - omNode-bootstrap-2: Completed INSTALL_SNAPSHOT, lastRequest: omNode-1->omNode-bootstrap-2#0-t1,notify:(t:1, i:0)
2024-08-03 20:05:10,328 [grpc-default-executor-3] INFO  server.GrpcServerProtocolService (GrpcServerProtocolService.java:lambda$onCompleted$5(159)) - omNode-bootstrap-2: Completed INSTALL_SNAPSHOT, lastReply: null
2024-08-03 20:05:10,330 [omNode-bootstrap-2-server-thread1] INFO  server.RaftServer$Division (RaftServerImpl.java:checkInconsistentAppendEntries(1629)) - omNode-bootstrap-2@group-0AAC5367B30E: Failed appendEntries as snapshot (0) installation is in progress
2024-08-03 20:05:10,330 [omNode-bootstrap-2-server-thread1] INFO  server.RaftServer$Division (RaftServerImpl.java:appendEntriesAsync(1584)) - omNode-bootstrap-2@group-0AAC5367B30E: appendEntries* reply omNode-1<-omNode-bootstrap-2#12:FAIL-t1,INCONSISTENCY,nextIndex=0,followerCommit=-1,matchIndex=-1
2024-08-03 20:05:10,331 [grpc-default-executor-3] INFO  impl.SnapshotInstallationHandler (SnapshotInstallationHandler.java:installSnapshot(92)) - omNode-bootstrap-2@group-0AAC5367B30E: receive installSnapshot: omNode-1->omNode-bootstrap-2#0-t1,notify:(t:1, i:0)
2024-08-03 20:05:10,331 [grpc-default-executor-3] INFO  impl.SnapshotInstallationHandler (SnapshotInstallationHandler.java:installSnapshotImpl(138)) - omNode-bootstrap-2@group-0AAC5367B30E: set new configuration configurationEntry {
  peers {
    id: "omNode-3"
    address: "localhost:15023"
    startupRole: FOLLOWER
  }
  peers {
    id: "omNode-1"
    address: "localhost:15015"
    startupRole: FOLLOWER
  }
  peers {
    id: "omNode-2"
    address: "localhost:15019"
    startupRole: FOLLOWER
  }
}
 from snapshot
2024-08-03 20:05:10,331 [grpc-default-executor-3] INFO  server.RaftServer$Division (ServerState.java:setRaftConf(386)) - omNode-bootstrap-2@group-0AAC5367B30E: set configuration conf: {index: 0, cur=peers:[omNode-3|localhost:15023, omNode-1|localhost:15015, omNode-2|localhost:15019]|listeners:[], old=null}
2024-08-03 20:05:10,332 [grpc-default-executor-3] INFO  ratis.OzoneManagerStateMachine (OzoneManagerStateMachine.java:notifyConfigurationChanged(216)) - Received Configuration change notification from Ratis. New Peer list:
[id: "omNode-3"
address: "localhost:15023"
startupRole: FOLLOWER
, id: "omNode-1"
address: "localhost:15015"
startupRole: FOLLOWER
, id: "omNode-2"
address: "localhost:15019"
startupRole: FOLLOWER
]
2024-08-03 20:05:10,332 [grpc-default-executor-3] INFO  impl.SnapshotInstallationHandler (SnapshotInstallationHandler.java:installSnapshot(103)) - omNode-bootstrap-2@group-0AAC5367B30E: reply installSnapshot: omNode-1<-omNode-bootstrap-2#0:FAIL-t1,IN_PROGRESS,snapshotIndex=0
2024-08-03 20:05:10,332 [grpc-default-executor-3] INFO  server.GrpcServerProtocolService (GrpcServerProtocolService.java:onCompleted(157)) - omNode-bootstrap-2: Completed INSTALL_SNAPSHOT, lastRequest: omNode-1->omNode-bootstrap-2#0-t1,notify:(t:1, i:0)
2024-08-03 20:05:10,332 [grpc-default-executor-3] INFO  server.GrpcServerProtocolService (GrpcServerProtocolService.java:lambda$onCompleted$5(159)) - omNode-bootstrap-2: Completed INSTALL_SNAPSHOT, lastReply: null
2024-08-03 20:05:10,333 [omNode-bootstrap-2-server-thread1] INFO  server.RaftServer$Division (RaftServerImpl.java:checkInconsistentAppendEntries(1629)) - omNode-bootstrap-2@group-0AAC5367B30E: Failed appendEntries as snapshot (0) installation is in progress
2024-08-03 20:05:10,334 [omNode-bootstrap-2-server-thread1] INFO  server.RaftServer$Division (RaftServerImpl.java:appendEntriesAsync(1584)) - omNode-bootstrap-2@group-0AAC5367B30E: appendEntries* reply omNode-1<-omNode-bootstrap-2#13:FAIL-t1,INCONSISTENCY,nextIndex=0,followerCommit=-1,matchIndex=-1
2024-08-03 20:05:10,334 [grpc-default-executor-3] INFO  impl.SnapshotInstallationHandler (SnapshotInstallationHandler.java:installSnapshot(92)) - omNode-bootstrap-2@group-0AAC5367B30E: receive installSnapshot: omNode-1->omNode-bootstrap-2#0-t1,notify:(t:1, i:0)
2024-08-03 20:05:10,335 [grpc-default-executor-3] INFO  impl.SnapshotInstallationHandler (SnapshotInstallationHandler.java:installSnapshotImpl(138)) - omNode-bootstrap-2@group-0AAC5367B30E: set new configuration configurationEntry {
  peers {
    id: "omNode-3"
    address: "localhost:15023"
    startupRole: FOLLOWER
  }
  peers {
    id: "omNode-1"
    address: "localhost:15015"
    startupRole: FOLLOWER
  }
  peers {
    id: "omNode-2"
    address: "localhost:15019"
    startupRole: FOLLOWER
  }
}
 from snapshot
2024-08-03 20:05:10,335 [grpc-default-executor-3] INFO  server.RaftServer$Division (ServerState.java:setRaftConf(386)) - omNode-bootstrap-2@group-0AAC5367B30E: set configuration conf: {index: 0, cur=peers:[omNode-3|localhost:15023, omNode-1|localhost:15015, omNode-2|localhost:15019]|listeners:[], old=null}
2024-08-03 20:05:10,336 [grpc-default-executor-3] INFO  ratis.OzoneManagerStateMachine (OzoneManagerStateMachine.java:notifyConfigurationChanged(216)) - Received Configuration change notification from Ratis. New Peer list:
[id: "omNode-3"
address: "localhost:15023"
startupRole: FOLLOWER
, id: "omNode-1"
address: "localhost:15015"
startupRole: FOLLOWER
, id: "omNode-2"
address: "localhost:15019"
startupRole: FOLLOWER
]
2024-08-03 20:05:10,336 [grpc-default-executor-3] INFO  impl.SnapshotInstallationHandler (SnapshotInstallationHandler.java:installSnapshot(103)) - omNode-bootstrap-2@group-0AAC5367B30E: reply installSnapshot: omNode-1<-omNode-bootstrap-2#0:FAIL-t1,IN_PROGRESS,snapshotIndex=0
2024-08-03 20:05:10,336 [grpc-default-executor-3] INFO  server.GrpcServerProtocolService (GrpcServerProtocolService.java:onCompleted(157)) - omNode-bootstrap-2: Completed INSTALL_SNAPSHOT, lastRequest: omNode-1->omNode-bootstrap-2#0-t1,notify:(t:1, i:0)
2024-08-03 20:05:10,337 [grpc-default-executor-3] INFO  server.GrpcServerProtocolService (GrpcServerProtocolService.java:lambda$onCompleted$5(159)) - omNode-bootstrap-2: Completed INSTALL_SNAPSHOT, lastReply: null
2024-08-03 20:05:10,338 [omNode-bootstrap-2-server-thread1] INFO  server.RaftServer$Division (RaftServerImpl.java:checkInconsistentAppendEntries(1629)) - omNode-bootstrap-2@group-0AAC5367B30E: Failed appendEntries as snapshot (0) installation is in progress
2024-08-03 20:05:10,338 [omNode-bootstrap-2-server-thread1] INFO  server.RaftServer$Division (RaftServerImpl.java:appendEntriesAsync(1584)) - omNode-bootstrap-2@group-0AAC5367B30E: appendEntries* reply omNode-1<-omNode-bootstrap-2#14:FAIL-t1,INCONSISTENCY,nextIndex=0,followerCommit=-1,matchIndex=-1
2024-08-03 20:05:10,339 [grpc-default-executor-3] INFO  impl.SnapshotInstallationHandler (SnapshotInstallationHandler.java:installSnapshot(92)) - omNode-bootstrap-2@group-0AAC5367B30E: receive installSnapshot: omNode-1->omNode-bootstrap-2#0-t1,notify:(t:1, i:0)
2024-08-03 20:05:10,340 [grpc-default-executor-3] INFO  impl.SnapshotInstallationHandler (SnapshotInstallationHandler.java:installSnapshotImpl(138)) - omNode-bootstrap-2@group-0AAC5367B30E: set new configuration configurationEntry {
  peers {
    id: "omNode-3"
    address: "localhost:15023"
    startupRole: FOLLOWER
  }
  peers {
    id: "omNode-1"
    address: "localhost:15015"
    startupRole: FOLLOWER
  }
  peers {
    id: "omNode-2"
    address: "localhost:15019"
    startupRole: FOLLOWER
  }
}
 from snapshot
2024-08-03 20:05:10,341 [grpc-default-executor-3] INFO  server.RaftServer$Division (ServerState.java:setRaftConf(386)) - omNode-bootstrap-2@group-0AAC5367B30E: set configuration conf: {index: 0, cur=peers:[omNode-3|localhost:15023, omNode-1|localhost:15015, omNode-2|localhost:15019]|listeners:[], old=null}
2024-08-03 20:05:10,342 [grpc-default-executor-3] INFO  ratis.OzoneManagerStateMachine (OzoneManagerStateMachine.java:notifyConfigurationChanged(216)) - Received Configuration change notification from Ratis. New Peer list:
[id: "omNode-3"
address: "localhost:15023"
startupRole: FOLLOWER
, id: "omNode-1"
address: "localhost:15015"
startupRole: FOLLOWER
, id: "omNode-2"
address: "localhost:15019"
startupRole: FOLLOWER
]
2024-08-03 20:05:10,342 [grpc-default-executor-3] INFO  impl.SnapshotInstallationHandler (SnapshotInstallationHandler.java:installSnapshot(103)) - omNode-bootstrap-2@group-0AAC5367B30E: reply installSnapshot: omNode-1<-omNode-bootstrap-2#0:FAIL-t1,IN_PROGRESS,snapshotIndex=0
2024-08-03 20:05:10,343 [grpc-default-executor-3] INFO  server.GrpcServerProtocolService (GrpcServerProtocolService.java:onCompleted(157)) - omNode-bootstrap-2: Completed INSTALL_SNAPSHOT, lastRequest: omNode-1->omNode-bootstrap-2#0-t1,notify:(t:1, i:0)
2024-08-03 20:05:10,343 [grpc-default-executor-3] INFO  server.GrpcServerProtocolService (GrpcServerProtocolService.java:lambda$onCompleted$5(159)) - omNode-bootstrap-2: Completed INSTALL_SNAPSHOT, lastReply: null
2024-08-03 20:05:10,344 [omNode-bootstrap-2-server-thread1] INFO  server.RaftServer$Division (RaftServerImpl.java:checkInconsistentAppendEntries(1629)) - omNode-bootstrap-2@group-0AAC5367B30E: Failed appendEntries as snapshot (0) installation is in progress
2024-08-03 20:05:10,344 [omNode-bootstrap-2-server-thread1] INFO  server.RaftServer$Division (RaftServerImpl.java:appendEntriesAsync(1584)) - omNode-bootstrap-2@group-0AAC5367B30E: appendEntries* reply omNode-1<-omNode-bootstrap-2#15:FAIL-t1,INCONSISTENCY,nextIndex=0,followerCommit=-1,matchIndex=-1
2024-08-03 20:05:10,348 [grpc-default-executor-3] INFO  impl.SnapshotInstallationHandler (SnapshotInstallationHandler.java:installSnapshot(92)) - omNode-bootstrap-2@group-0AAC5367B30E: receive installSnapshot: omNode-1->omNode-bootstrap-2#0-t1,notify:(t:1, i:0)
2024-08-03 20:05:10,348 [grpc-default-executor-3] INFO  impl.SnapshotInstallationHandler (SnapshotInstallationHandler.java:installSnapshotImpl(138)) - omNode-bootstrap-2@group-0AAC5367B30E: set new configuration configurationEntry {
  peers {
    id: "omNode-3"
    address: "localhost:15023"
    startupRole: FOLLOWER
  }
  peers {
    id: "omNode-1"
    address: "localhost:15015"
    startupRole: FOLLOWER
  }
  peers {
    id: "omNode-2"
    address: "localhost:15019"
    startupRole: FOLLOWER
  }
}
 from snapshot
2024-08-03 20:05:10,349 [grpc-default-executor-3] INFO  server.RaftServer$Division (ServerState.java:setRaftConf(386)) - omNode-bootstrap-2@group-0AAC5367B30E: set configuration conf: {index: 0, cur=peers:[omNode-3|localhost:15023, omNode-1|localhost:15015, omNode-2|localhost:15019]|listeners:[], old=null}
2024-08-03 20:05:10,350 [grpc-default-executor-3] INFO  ratis.OzoneManagerStateMachine (OzoneManagerStateMachine.java:notifyConfigurationChanged(216)) - Received Configuration change notification from Ratis. New Peer list:
[id: "omNode-3"
address: "localhost:15023"
startupRole: FOLLOWER
, id: "omNode-1"
address: "localhost:15015"
startupRole: FOLLOWER
, id: "omNode-2"
address: "localhost:15019"
startupRole: FOLLOWER
]
2024-08-03 20:05:10,350 [grpc-default-executor-3] INFO  impl.SnapshotInstallationHandler (SnapshotInstallationHandler.java:installSnapshot(103)) - omNode-bootstrap-2@group-0AAC5367B30E: reply installSnapshot: omNode-1<-omNode-bootstrap-2#0:FAIL-t1,IN_PROGRESS,snapshotIndex=0
2024-08-03 20:05:10,350 [grpc-default-executor-3] INFO  server.GrpcServerProtocolService (GrpcServerProtocolService.java:onCompleted(157)) - omNode-bootstrap-2: Completed INSTALL_SNAPSHOT, lastRequest: omNode-1->omNode-bootstrap-2#0-t1,notify:(t:1, i:0)
2024-08-03 20:05:10,350 [grpc-default-executor-3] INFO  server.GrpcServerProtocolService (GrpcServerProtocolService.java:lambda$onCompleted$5(159)) - omNode-bootstrap-2: Completed INSTALL_SNAPSHOT, lastReply: null
2024-08-03 20:05:10,352 [omNode-bootstrap-2-server-thread1] INFO  server.RaftServer$Division (RaftServerImpl.java:checkInconsistentAppendEntries(1629)) - omNode-bootstrap-2@group-0AAC5367B30E: Failed appendEntries as snapshot (0) installation is in progress
2024-08-03 20:05:10,352 [omNode-bootstrap-2-server-thread1] INFO  server.RaftServer$Division (RaftServerImpl.java:appendEntriesAsync(1584)) - omNode-bootstrap-2@group-0AAC5367B30E: appendEntries* reply omNode-1<-omNode-bootstrap-2#16:FAIL-t1,INCONSISTENCY,nextIndex=0,followerCommit=-1,matchIndex=-1
2024-08-03 20:05:10,352 [grpc-default-executor-1] INFO  impl.SnapshotInstallationHandler (SnapshotInstallationHandler.java:installSnapshot(92)) - omNode-bootstrap-2@group-0AAC5367B30E: receive installSnapshot: omNode-1->omNode-bootstrap-2#0-t1,notify:(t:1, i:0)
2024-08-03 20:05:10,353 [grpc-default-executor-1] INFO  impl.SnapshotInstallationHandler (SnapshotInstallationHandler.java:installSnapshotImpl(138)) - omNode-bootstrap-2@group-0AAC5367B30E: set new configuration configurationEntry {
  peers {
    id: "omNode-3"
    address: "localhost:15023"
    startupRole: FOLLOWER
  }
  peers {
    id: "omNode-1"
    address: "localhost:15015"
    startupRole: FOLLOWER
  }
  peers {
    id: "omNode-2"
    address: "localhost:15019"
    startupRole: FOLLOWER
  }
}
 from snapshot
2024-08-03 20:05:10,353 [grpc-default-executor-1] INFO  server.RaftServer$Division (ServerState.java:setRaftConf(386)) - omNode-bootstrap-2@group-0AAC5367B30E: set configuration conf: {index: 0, cur=peers:[omNode-3|localhost:15023, omNode-1|localhost:15015, omNode-2|localhost:15019]|listeners:[], old=null}
2024-08-03 20:05:10,354 [grpc-default-executor-1] INFO  ratis.OzoneManagerStateMachine (OzoneManagerStateMachine.java:notifyConfigurationChanged(216)) - Received Configuration change notification from Ratis. New Peer list:
[id: "omNode-3"
address: "localhost:15023"
startupRole: FOLLOWER
, id: "omNode-1"
address: "localhost:15015"
startupRole: FOLLOWER
, id: "omNode-2"
address: "localhost:15019"
startupRole: FOLLOWER
]
2024-08-03 20:05:10,354 [grpc-default-executor-1] INFO  impl.SnapshotInstallationHandler (SnapshotInstallationHandler.java:installSnapshot(103)) - omNode-bootstrap-2@group-0AAC5367B30E: reply installSnapshot: omNode-1<-omNode-bootstrap-2#0:FAIL-t1,IN_PROGRESS,snapshotIndex=0
2024-08-03 20:05:10,355 [grpc-default-executor-1] INFO  server.GrpcServerProtocolService (GrpcServerProtocolService.java:onCompleted(157)) - omNode-bootstrap-2: Completed INSTALL_SNAPSHOT, lastRequest: omNode-1->omNode-bootstrap-2#0-t1,notify:(t:1, i:0)
2024-08-03 20:05:10,355 [grpc-default-executor-1] INFO  server.GrpcServerProtocolService (GrpcServerProtocolService.java:lambda$onCompleted$5(159)) - omNode-bootstrap-2: Completed INSTALL_SNAPSHOT, lastReply: null
2024-08-03 20:05:10,356 [omNode-bootstrap-2-server-thread1] INFO  server.RaftServer$Division (RaftServerImpl.java:checkInconsistentAppendEntries(1629)) - omNode-bootstrap-2@group-0AAC5367B30E: Failed appendEntries as snapshot (0) installation is in progress
2024-08-03 20:05:10,356 [omNode-bootstrap-2-server-thread1] INFO  server.RaftServer$Division (RaftServerImpl.java:appendEntriesAsync(1584)) - omNode-bootstrap-2@group-0AAC5367B30E: appendEntries* reply omNode-1<-omNode-bootstrap-2#17:FAIL-t1,INCONSISTENCY,nextIndex=0,followerCommit=-1,matchIndex=-1
2024-08-03 20:05:10,357 [grpc-default-executor-1] INFO  impl.SnapshotInstallationHandler (SnapshotInstallationHandler.java:installSnapshot(92)) - omNode-bootstrap-2@group-0AAC5367B30E: receive installSnapshot: omNode-1->omNode-bootstrap-2#0-t1,notify:(t:1, i:0)
2024-08-03 20:05:10,358 [grpc-default-executor-1] INFO  impl.SnapshotInstallationHandler (SnapshotInstallationHandler.java:installSnapshotImpl(138)) - omNode-bootstrap-2@group-0AAC5367B30E: set new configuration configurationEntry {
  peers {
    id: "omNode-3"
    address: "localhost:15023"
    startupRole: FOLLOWER
  }
  peers {
    id: "omNode-1"
    address: "localhost:15015"
    startupRole: FOLLOWER
  }
  peers {
    id: "omNode-2"
    address: "localhost:15019"
    startupRole: FOLLOWER
  }
}
 from snapshot
2024-08-03 20:05:10,358 [grpc-default-executor-1] INFO  server.RaftServer$Division (ServerState.java:setRaftConf(386)) - omNode-bootstrap-2@group-0AAC5367B30E: set configuration conf: {index: 0, cur=peers:[omNode-3|localhost:15023, omNode-1|localhost:15015, omNode-2|localhost:15019]|listeners:[], old=null}
2024-08-03 20:05:10,359 [grpc-default-executor-1] INFO  ratis.OzoneManagerStateMachine (OzoneManagerStateMachine.java:notifyConfigurationChanged(216)) - Received Configuration change notification from Ratis. New Peer list:
[id: "omNode-3"
address: "localhost:15023"
startupRole: FOLLOWER
, id: "omNode-1"
address: "localhost:15015"
startupRole: FOLLOWER
, id: "omNode-2"
address: "localhost:15019"
startupRole: FOLLOWER
]
2024-08-03 20:05:10,359 [grpc-default-executor-1] INFO  impl.SnapshotInstallationHandler (SnapshotInstallationHandler.java:installSnapshot(103)) - omNode-bootstrap-2@group-0AAC5367B30E: reply installSnapshot: omNode-1<-omNode-bootstrap-2#0:FAIL-t1,IN_PROGRESS,snapshotIndex=0
2024-08-03 20:05:10,360 [grpc-default-executor-1] INFO  server.GrpcServerProtocolService (GrpcServerProtocolService.java:onCompleted(157)) - omNode-bootstrap-2: Completed INSTALL_SNAPSHOT, lastRequest: omNode-1->omNode-bootstrap-2#0-t1,notify:(t:1, i:0)
2024-08-03 20:05:10,360 [grpc-default-executor-1] INFO  server.GrpcServerProtocolService (GrpcServerProtocolService.java:lambda$onCompleted$5(159)) - omNode-bootstrap-2: Completed INSTALL_SNAPSHOT, lastReply: null
2024-08-03 20:05:10,362 [omNode-bootstrap-2-server-thread1] INFO  server.RaftServer$Division (RaftServerImpl.java:checkInconsistentAppendEntries(1629)) - omNode-bootstrap-2@group-0AAC5367B30E: Failed appendEntries as snapshot (0) installation is in progress
2024-08-03 20:05:10,362 [omNode-bootstrap-2-server-thread1] INFO  server.RaftServer$Division (RaftServerImpl.java:appendEntriesAsync(1584)) - omNode-bootstrap-2@group-0AAC5367B30E: appendEntries* reply omNode-1<-omNode-bootstrap-2#18:FAIL-t1,INCONSISTENCY,nextIndex=0,followerCommit=-1,matchIndex=-1
2024-08-03 20:05:10,362 [grpc-default-executor-3] INFO  impl.SnapshotInstallationHandler (SnapshotInstallationHandler.java:installSnapshot(92)) - omNode-bootstrap-2@group-0AAC5367B30E: receive installSnapshot: omNode-1->omNode-bootstrap-2#0-t1,notify:(t:1, i:0)
2024-08-03 20:05:10,362 [grpc-default-executor-3] INFO  impl.SnapshotInstallationHandler (SnapshotInstallationHandler.java:installSnapshotImpl(138)) - omNode-bootstrap-2@group-0AAC5367B30E: set new configuration configurationEntry {
  peers {
    id: "omNode-3"
    address: "localhost:15023"
    startupRole: FOLLOWER
  }
  peers {
    id: "omNode-1"
    address: "localhost:15015"
    startupRole: FOLLOWER
  }
  peers {
    id: "omNode-2"
    address: "localhost:15019"
    startupRole: FOLLOWER
  }
}
 from snapshot
2024-08-03 20:05:10,363 [grpc-default-executor-3] INFO  server.RaftServer$Division (ServerState.java:setRaftConf(386)) - omNode-bootstrap-2@group-0AAC5367B30E: set configuration conf: {index: 0, cur=peers:[omNode-3|localhost:15023, omNode-1|localhost:15015, omNode-2|localhost:15019]|listeners:[], old=null}
2024-08-03 20:05:10,364 [grpc-default-executor-3] INFO  ratis.OzoneManagerStateMachine (OzoneManagerStateMachine.java:notifyConfigurationChanged(216)) - Received Configuration change notification from Ratis. New Peer list:
[id: "omNode-3"
address: "localhost:15023"
startupRole: FOLLOWER
, id: "omNode-1"
address: "localhost:15015"
startupRole: FOLLOWER
, id: "omNode-2"
address: "localhost:15019"
startupRole: FOLLOWER
]
2024-08-03 20:05:10,364 [grpc-default-executor-3] INFO  impl.SnapshotInstallationHandler (SnapshotInstallationHandler.java:installSnapshot(103)) - omNode-bootstrap-2@group-0AAC5367B30E: reply installSnapshot: omNode-1<-omNode-bootstrap-2#0:FAIL-t1,IN_PROGRESS,snapshotIndex=0
2024-08-03 20:05:10,365 [grpc-default-executor-3] INFO  server.GrpcServerProtocolService (GrpcServerProtocolService.java:onCompleted(157)) - omNode-bootstrap-2: Completed INSTALL_SNAPSHOT, lastRequest: omNode-1->omNode-bootstrap-2#0-t1,notify:(t:1, i:0)
2024-08-03 20:05:10,365 [grpc-default-executor-3] INFO  server.GrpcServerProtocolService (GrpcServerProtocolService.java:lambda$onCompleted$5(159)) - omNode-bootstrap-2: Completed INSTALL_SNAPSHOT, lastReply: null
2024-08-03 20:05:10,366 [grpc-default-executor-1] INFO  impl.SnapshotInstallationHandler (SnapshotInstallationHandler.java:installSnapshot(92)) - omNode-bootstrap-2@group-0AAC5367B30E: receive installSnapshot: omNode-1->omNode-bootstrap-2#0-t1,notify:(t:1, i:0)
2024-08-03 20:05:10,367 [grpc-default-executor-1] INFO  impl.SnapshotInstallationHandler (SnapshotInstallationHandler.java:installSnapshotImpl(138)) - omNode-bootstrap-2@group-0AAC5367B30E: set new configuration configurationEntry {
  peers {
    id: "omNode-3"
    address: "localhost:15023"
    startupRole: FOLLOWER
  }
  peers {
    id: "omNode-1"
    address: "localhost:15015"
    startupRole: FOLLOWER
  }
  peers {
    id: "omNode-2"
    address: "localhost:15019"
    startupRole: FOLLOWER
  }
}
 from snapshot
2024-08-03 20:05:10,367 [grpc-default-executor-1] INFO  server.RaftServer$Division (ServerState.java:setRaftConf(386)) - omNode-bootstrap-2@group-0AAC5367B30E: set configuration conf: {index: 0, cur=peers:[omNode-3|localhost:15023, omNode-1|localhost:15015, omNode-2|localhost:15019]|listeners:[], old=null}
2024-08-03 20:05:10,368 [omNode-bootstrap-2-server-thread1] INFO  server.RaftServer$Division (RaftServerImpl.java:checkInconsistentAppendEntries(1629)) - omNode-bootstrap-2@group-0AAC5367B30E: Failed appendEntries as snapshot (0) installation is in progress
2024-08-03 20:05:10,368 [omNode-bootstrap-2-server-thread1] INFO  server.RaftServer$Division (RaftServerImpl.java:appendEntriesAsync(1584)) - omNode-bootstrap-2@group-0AAC5367B30E: appendEntries* reply omNode-1<-omNode-bootstrap-2#19:FAIL-t1,INCONSISTENCY,nextIndex=0,followerCommit=-1,matchIndex=-1
2024-08-03 20:05:10,368 [grpc-default-executor-1] INFO  ratis.OzoneManagerStateMachine (OzoneManagerStateMachine.java:notifyConfigurationChanged(216)) - Received Configuration change notification from Ratis. New Peer list:
[id: "omNode-3"
address: "localhost:15023"
startupRole: FOLLOWER
, id: "omNode-1"
address: "localhost:15015"
startupRole: FOLLOWER
, id: "omNode-2"
address: "localhost:15019"
startupRole: FOLLOWER
]
2024-08-03 20:05:10,369 [grpc-default-executor-1] INFO  impl.SnapshotInstallationHandler (SnapshotInstallationHandler.java:installSnapshot(103)) - omNode-bootstrap-2@group-0AAC5367B30E: reply installSnapshot: omNode-1<-omNode-bootstrap-2#0:FAIL-t1,IN_PROGRESS,snapshotIndex=0
2024-08-03 20:05:10,369 [grpc-default-executor-1] INFO  server.GrpcServerProtocolService (GrpcServerProtocolService.java:onCompleted(157)) - omNode-bootstrap-2: Completed INSTALL_SNAPSHOT, lastRequest: omNode-1->omNode-bootstrap-2#0-t1,notify:(t:1, i:0)
2024-08-03 20:05:10,369 [grpc-default-executor-1] INFO  server.GrpcServerProtocolService (GrpcServerProtocolService.java:lambda$onCompleted$5(159)) - omNode-bootstrap-2: Completed INSTALL_SNAPSHOT, lastReply: null
2024-08-03 20:05:10,371 [omNode-bootstrap-2-server-thread1] INFO  server.RaftServer$Division (RaftServerImpl.java:checkInconsistentAppendEntries(1629)) - omNode-bootstrap-2@group-0AAC5367B30E: Failed appendEntries as snapshot (0) installation is in progress
2024-08-03 20:05:10,371 [omNode-bootstrap-2-server-thread1] INFO  server.RaftServer$Division (RaftServerImpl.java:appendEntriesAsync(1584)) - omNode-bootstrap-2@group-0AAC5367B30E: appendEntries* reply omNode-1<-omNode-bootstrap-2#20:FAIL-t1,INCONSISTENCY,nextIndex=0,followerCommit=-1,matchIndex=-1
2024-08-03 20:05:10,372 [grpc-default-executor-1] INFO  impl.SnapshotInstallationHandler (SnapshotInstallationHandler.java:installSnapshot(92)) - omNode-bootstrap-2@group-0AAC5367B30E: receive installSnapshot: omNode-1->omNode-bootstrap-2#0-t1,notify:(t:1, i:0)
2024-08-03 20:05:10,373 [grpc-default-executor-1] INFO  impl.SnapshotInstallationHandler (SnapshotInstallationHandler.java:installSnapshotImpl(138)) - omNode-bootstrap-2@group-0AAC5367B30E: set new configuration configurationEntry {
  peers {
    id: "omNode-3"
    address: "localhost:15023"
    startupRole: FOLLOWER
  }
  peers {
    id: "omNode-1"
    address: "localhost:15015"
    startupRole: FOLLOWER
  }
  peers {
    id: "omNode-2"
    address: "localhost:15019"
    startupRole: FOLLOWER
  }
}
 from snapshot
2024-08-03 20:05:10,373 [grpc-default-executor-1] INFO  server.RaftServer$Division (ServerState.java:setRaftConf(386)) - omNode-bootstrap-2@group-0AAC5367B30E: set configuration conf: {index: 0, cur=peers:[omNode-3|localhost:15023, omNode-1|localhost:15015, omNode-2|localhost:15019]|listeners:[], old=null}
2024-08-03 20:05:10,374 [grpc-default-executor-1] INFO  ratis.OzoneManagerStateMachine (OzoneManagerStateMachine.java:notifyConfigurationChanged(216)) - Received Configuration change notification from Ratis. New Peer list:
[id: "omNode-3"
address: "localhost:15023"
startupRole: FOLLOWER
, id: "omNode-1"
address: "localhost:15015"
startupRole: FOLLOWER
, id: "omNode-2"
address: "localhost:15019"
startupRole: FOLLOWER
]
2024-08-03 20:05:10,375 [grpc-default-executor-1] INFO  impl.SnapshotInstallationHandler (SnapshotInstallationHandler.java:installSnapshot(103)) - omNode-bootstrap-2@group-0AAC5367B30E: reply installSnapshot: omNode-1<-omNode-bootstrap-2#0:FAIL-t1,IN_PROGRESS,snapshotIndex=0
2024-08-03 20:05:10,375 [grpc-default-executor-1] INFO  server.GrpcServerProtocolService (GrpcServerProtocolService.java:onCompleted(157)) - omNode-bootstrap-2: Completed INSTALL_SNAPSHOT, lastRequest: omNode-1->omNode-bootstrap-2#0-t1,notify:(t:1, i:0)
2024-08-03 20:05:10,375 [grpc-default-executor-1] INFO  server.GrpcServerProtocolService (GrpcServerProtocolService.java:lambda$onCompleted$5(159)) - omNode-bootstrap-2: Completed INSTALL_SNAPSHOT, lastReply: null
2024-08-03 20:05:10,376 [omNode-bootstrap-2-server-thread1] INFO  server.RaftServer$Division (RaftServerImpl.java:checkInconsistentAppendEntries(1629)) - omNode-bootstrap-2@group-0AAC5367B30E: Failed appendEntries as snapshot (0) installation is in progress
2024-08-03 20:05:10,376 [omNode-bootstrap-2-server-thread1] INFO  server.RaftServer$Division (RaftServerImpl.java:appendEntriesAsync(1584)) - omNode-bootstrap-2@group-0AAC5367B30E: appendEntries* reply omNode-1<-omNode-bootstrap-2#21:FAIL-t1,INCONSISTENCY,nextIndex=0,followerCommit=-1,matchIndex=-1
2024-08-03 20:05:10,378 [grpc-default-executor-1] INFO  impl.SnapshotInstallationHandler (SnapshotInstallationHandler.java:installSnapshot(92)) - omNode-bootstrap-2@group-0AAC5367B30E: receive installSnapshot: omNode-1->omNode-bootstrap-2#0-t1,notify:(t:1, i:0)
2024-08-03 20:05:10,378 [grpc-default-executor-1] INFO  impl.SnapshotInstallationHandler (SnapshotInstallationHandler.java:installSnapshotImpl(138)) - omNode-bootstrap-2@group-0AAC5367B30E: set new configuration configurationEntry {
  peers {
    id: "omNode-3"
    address: "localhost:15023"
    startupRole: FOLLOWER
  }
  peers {
    id: "omNode-1"
    address: "localhost:15015"
    startupRole: FOLLOWER
  }
  peers {
    id: "omNode-2"
    address: "localhost:15019"
    startupRole: FOLLOWER
  }
}
 from snapshot
2024-08-03 20:05:10,378 [grpc-default-executor-1] INFO  server.RaftServer$Division (ServerState.java:setRaftConf(386)) - omNode-bootstrap-2@group-0AAC5367B30E: set configuration conf: {index: 0, cur=peers:[omNode-3|localhost:15023, omNode-1|localhost:15015, omNode-2|localhost:15019]|listeners:[], old=null}
2024-08-03 20:05:10,380 [grpc-default-executor-1] INFO  ratis.OzoneManagerStateMachine (OzoneManagerStateMachine.java:notifyConfigurationChanged(216)) - Received Configuration change notification from Ratis. New Peer list:
[id: "omNode-3"
address: "localhost:15023"
startupRole: FOLLOWER
, id: "omNode-1"
address: "localhost:15015"
startupRole: FOLLOWER
, id: "omNode-2"
address: "localhost:15019"
startupRole: FOLLOWER
]
2024-08-03 20:05:10,380 [grpc-default-executor-1] INFO  impl.SnapshotInstallationHandler (SnapshotInstallationHandler.java:installSnapshot(103)) - omNode-bootstrap-2@group-0AAC5367B30E: reply installSnapshot: omNode-1<-omNode-bootstrap-2#0:FAIL-t1,IN_PROGRESS,snapshotIndex=0
2024-08-03 20:05:10,381 [grpc-default-executor-1] INFO  server.GrpcServerProtocolService (GrpcServerProtocolService.java:onCompleted(157)) - omNode-bootstrap-2: Completed INSTALL_SNAPSHOT, lastRequest: omNode-1->omNode-bootstrap-2#0-t1,notify:(t:1, i:0)
2024-08-03 20:05:10,381 [grpc-default-executor-1] INFO  server.GrpcServerProtocolService (GrpcServerProtocolService.java:lambda$onCompleted$5(159)) - omNode-bootstrap-2: Completed INSTALL_SNAPSHOT, lastReply: null
2024-08-03 20:05:10,382 [omNode-bootstrap-2-server-thread1] INFO  server.RaftServer$Division (RaftServerImpl.java:checkInconsistentAppendEntries(1629)) - omNode-bootstrap-2@group-0AAC5367B30E: Failed appendEntries as snapshot (0) installation is in progress
2024-08-03 20:05:10,382 [omNode-bootstrap-2-server-thread1] INFO  server.RaftServer$Division (RaftServerImpl.java:appendEntriesAsync(1584)) - omNode-bootstrap-2@group-0AAC5367B30E: appendEntries* reply omNode-1<-omNode-bootstrap-2#22:FAIL-t1,INCONSISTENCY,nextIndex=0,followerCommit=-1,matchIndex=-1
2024-08-03 20:05:10,383 [grpc-default-executor-0] INFO  impl.SnapshotInstallationHandler (SnapshotInstallationHandler.java:installSnapshot(92)) - omNode-bootstrap-2@group-0AAC5367B30E: receive installSnapshot: omNode-1->omNode-bootstrap-2#0-t1,notify:(t:1, i:0)
2024-08-03 20:05:10,383 [grpc-default-executor-0] INFO  impl.SnapshotInstallationHandler (SnapshotInstallationHandler.java:installSnapshotImpl(138)) - omNode-bootstrap-2@group-0AAC5367B30E: set new configuration configurationEntry {
  peers {
    id: "omNode-3"
    address: "localhost:15023"
    startupRole: FOLLOWER
  }
  peers {
    id: "omNode-1"
    address: "localhost:15015"
    startupRole: FOLLOWER
  }
  peers {
    id: "omNode-2"
    address: "localhost:15019"
    startupRole: FOLLOWER
  }
}
 from snapshot
2024-08-03 20:05:10,383 [grpc-default-executor-0] INFO  server.RaftServer$Division (ServerState.java:setRaftConf(386)) - omNode-bootstrap-2@group-0AAC5367B30E: set configuration conf: {index: 0, cur=peers:[omNode-3|localhost:15023, omNode-1|localhost:15015, omNode-2|localhost:15019]|listeners:[], old=null}
2024-08-03 20:05:10,395 [grpc-default-executor-0] INFO  ratis.OzoneManagerStateMachine (OzoneManagerStateMachine.java:notifyConfigurationChanged(216)) - Received Configuration change notification from Ratis. New Peer list:
[id: "omNode-3"
address: "localhost:15023"
startupRole: FOLLOWER
, id: "omNode-1"
address: "localhost:15015"
startupRole: FOLLOWER
, id: "omNode-2"
address: "localhost:15019"
startupRole: FOLLOWER
]
2024-08-03 20:05:10,395 [grpc-default-executor-0] INFO  impl.SnapshotInstallationHandler (SnapshotInstallationHandler.java:installSnapshot(103)) - omNode-bootstrap-2@group-0AAC5367B30E: reply installSnapshot: omNode-1<-omNode-bootstrap-2#0:FAIL-t1,IN_PROGRESS,snapshotIndex=0
2024-08-03 20:05:10,396 [grpc-default-executor-0] INFO  server.GrpcServerProtocolService (GrpcServerProtocolService.java:onCompleted(157)) - omNode-bootstrap-2: Completed INSTALL_SNAPSHOT, lastRequest: omNode-1->omNode-bootstrap-2#0-t1,notify:(t:1, i:0)
2024-08-03 20:05:10,396 [grpc-default-executor-0] INFO  server.GrpcServerProtocolService (GrpcServerProtocolService.java:lambda$onCompleted$5(159)) - omNode-bootstrap-2: Completed INSTALL_SNAPSHOT, lastReply: null
2024-08-03 20:05:10,397 [omNode-bootstrap-2-server-thread1] INFO  server.RaftServer$Division (RaftServerImpl.java:checkInconsistentAppendEntries(1629)) - omNode-bootstrap-2@group-0AAC5367B30E: Failed appendEntries as snapshot (0) installation is in progress
2024-08-03 20:05:10,397 [omNode-bootstrap-2-server-thread1] INFO  server.RaftServer$Division (RaftServerImpl.java:appendEntriesAsync(1584)) - omNode-bootstrap-2@group-0AAC5367B30E: appendEntries* reply omNode-1<-omNode-bootstrap-2#23:FAIL-t1,INCONSISTENCY,nextIndex=0,followerCommit=-1,matchIndex=-1
2024-08-03 20:05:10,398 [grpc-default-executor-0] INFO  impl.SnapshotInstallationHandler (SnapshotInstallationHandler.java:installSnapshot(92)) - omNode-bootstrap-2@group-0AAC5367B30E: receive installSnapshot: omNode-1->omNode-bootstrap-2#0-t1,notify:(t:1, i:0)
2024-08-03 20:05:10,399 [grpc-default-executor-0] INFO  impl.SnapshotInstallationHandler (SnapshotInstallationHandler.java:installSnapshotImpl(138)) - omNode-bootstrap-2@group-0AAC5367B30E: set new configuration configurationEntry {
  peers {
    id: "omNode-3"
    address: "localhost:15023"
    startupRole: FOLLOWER
  }
  peers {
    id: "omNode-1"
    address: "localhost:15015"
    startupRole: FOLLOWER
  }
  peers {
    id: "omNode-2"
    address: "localhost:15019"
    startupRole: FOLLOWER
  }
}
 from snapshot
2024-08-03 20:05:10,399 [grpc-default-executor-0] INFO  server.RaftServer$Division (ServerState.java:setRaftConf(386)) - omNode-bootstrap-2@group-0AAC5367B30E: set configuration conf: {index: 0, cur=peers:[omNode-3|localhost:15023, omNode-1|localhost:15015, omNode-2|localhost:15019]|listeners:[], old=null}
2024-08-03 20:05:10,400 [grpc-default-executor-0] INFO  ratis.OzoneManagerStateMachine (OzoneManagerStateMachine.java:notifyConfigurationChanged(216)) - Received Configuration change notification from Ratis. New Peer list:
[id: "omNode-3"
address: "localhost:15023"
startupRole: FOLLOWER
, id: "omNode-1"
address: "localhost:15015"
startupRole: FOLLOWER
, id: "omNode-2"
address: "localhost:15019"
startupRole: FOLLOWER
]
2024-08-03 20:05:10,400 [grpc-default-executor-0] INFO  impl.SnapshotInstallationHandler (SnapshotInstallationHandler.java:installSnapshot(103)) - omNode-bootstrap-2@group-0AAC5367B30E: reply installSnapshot: omNode-1<-omNode-bootstrap-2#0:FAIL-t1,IN_PROGRESS,snapshotIndex=0
2024-08-03 20:05:10,401 [grpc-default-executor-0] INFO  server.GrpcServerProtocolService (GrpcServerProtocolService.java:onCompleted(157)) - omNode-bootstrap-2: Completed INSTALL_SNAPSHOT, lastRequest: omNode-1->omNode-bootstrap-2#0-t1,notify:(t:1, i:0)
2024-08-03 20:05:10,401 [grpc-default-executor-0] INFO  server.GrpcServerProtocolService (GrpcServerProtocolService.java:lambda$onCompleted$5(159)) - omNode-bootstrap-2: Completed INSTALL_SNAPSHOT, lastReply: null
2024-08-03 20:05:10,402 [omNode-bootstrap-2-server-thread1] INFO  server.RaftServer$Division (RaftServerImpl.java:checkInconsistentAppendEntries(1629)) - omNode-bootstrap-2@group-0AAC5367B30E: Failed appendEntries as snapshot (0) installation is in progress
2024-08-03 20:05:10,402 [omNode-bootstrap-2-server-thread1] INFO  server.RaftServer$Division (RaftServerImpl.java:appendEntriesAsync(1584)) - omNode-bootstrap-2@group-0AAC5367B30E: appendEntries* reply omNode-1<-omNode-bootstrap-2#24:FAIL-t1,INCONSISTENCY,nextIndex=0,followerCommit=-1,matchIndex=-1
2024-08-03 20:05:10,404 [grpc-default-executor-0] INFO  impl.SnapshotInstallationHandler (SnapshotInstallationHandler.java:installSnapshot(92)) - omNode-bootstrap-2@group-0AAC5367B30E: receive installSnapshot: omNode-1->omNode-bootstrap-2#0-t1,notify:(t:1, i:0)
2024-08-03 20:05:10,404 [grpc-default-executor-0] INFO  impl.SnapshotInstallationHandler (SnapshotInstallationHandler.java:installSnapshotImpl(138)) - omNode-bootstrap-2@group-0AAC5367B30E: set new configuration configurationEntry {
  peers {
    id: "omNode-3"
    address: "localhost:15023"
    startupRole: FOLLOWER
  }
  peers {
    id: "omNode-1"
    address: "localhost:15015"
    startupRole: FOLLOWER
  }
  peers {
    id: "omNode-2"
    address: "localhost:15019"
    startupRole: FOLLOWER
  }
}
 from snapshot
2024-08-03 20:05:10,404 [grpc-default-executor-0] INFO  server.RaftServer$Division (ServerState.java:setRaftConf(386)) - omNode-bootstrap-2@group-0AAC5367B30E: set configuration conf: {index: 0, cur=peers:[omNode-3|localhost:15023, omNode-1|localhost:15015, omNode-2|localhost:15019]|listeners:[], old=null}
2024-08-03 20:05:10,406 [grpc-default-executor-0] INFO  ratis.OzoneManagerStateMachine (OzoneManagerStateMachine.java:notifyConfigurationChanged(216)) - Received Configuration change notification from Ratis. New Peer list:
[id: "omNode-3"
address: "localhost:15023"
startupRole: FOLLOWER
, id: "omNode-1"
address: "localhost:15015"
startupRole: FOLLOWER
, id: "omNode-2"
address: "localhost:15019"
startupRole: FOLLOWER
]
2024-08-03 20:05:10,406 [grpc-default-executor-0] INFO  impl.SnapshotInstallationHandler (SnapshotInstallationHandler.java:installSnapshot(103)) - omNode-bootstrap-2@group-0AAC5367B30E: reply installSnapshot: omNode-1<-omNode-bootstrap-2#0:FAIL-t1,IN_PROGRESS,snapshotIndex=0
2024-08-03 20:05:10,406 [grpc-default-executor-0] INFO  server.GrpcServerProtocolService (GrpcServerProtocolService.java:onCompleted(157)) - omNode-bootstrap-2: Completed INSTALL_SNAPSHOT, lastRequest: omNode-1->omNode-bootstrap-2#0-t1,notify:(t:1, i:0)
2024-08-03 20:05:10,406 [grpc-default-executor-0] INFO  server.GrpcServerProtocolService (GrpcServerProtocolService.java:lambda$onCompleted$5(159)) - omNode-bootstrap-2: Completed INSTALL_SNAPSHOT, lastReply: null
2024-08-03 20:05:10,407 [omNode-bootstrap-2-server-thread1] INFO  server.RaftServer$Division (RaftServerImpl.java:checkInconsistentAppendEntries(1629)) - omNode-bootstrap-2@group-0AAC5367B30E: Failed appendEntries as snapshot (0) installation is in progress
2024-08-03 20:05:10,408 [omNode-bootstrap-2-server-thread1] INFO  server.RaftServer$Division (RaftServerImpl.java:appendEntriesAsync(1584)) - omNode-bootstrap-2@group-0AAC5367B30E: appendEntries* reply omNode-1<-omNode-bootstrap-2#25:FAIL-t1,INCONSISTENCY,nextIndex=0,followerCommit=-1,matchIndex=-1
2024-08-03 20:05:10,408 [grpc-default-executor-3] INFO  impl.SnapshotInstallationHandler (SnapshotInstallationHandler.java:installSnapshot(92)) - omNode-bootstrap-2@group-0AAC5367B30E: receive installSnapshot: omNode-1->omNode-bootstrap-2#0-t1,notify:(t:1, i:0)
2024-08-03 20:05:10,408 [grpc-default-executor-3] INFO  impl.SnapshotInstallationHandler (SnapshotInstallationHandler.java:installSnapshotImpl(138)) - omNode-bootstrap-2@group-0AAC5367B30E: set new configuration configurationEntry {
  peers {
    id: "omNode-3"
    address: "localhost:15023"
    startupRole: FOLLOWER
  }
  peers {
    id: "omNode-1"
    address: "localhost:15015"
    startupRole: FOLLOWER
  }
  peers {
    id: "omNode-2"
    address: "localhost:15019"
    startupRole: FOLLOWER
  }
}
 from snapshot
2024-08-03 20:05:10,408 [grpc-default-executor-3] INFO  server.RaftServer$Division (ServerState.java:setRaftConf(386)) - omNode-bootstrap-2@group-0AAC5367B30E: set configuration conf: {index: 0, cur=peers:[omNode-3|localhost:15023, omNode-1|localhost:15015, omNode-2|localhost:15019]|listeners:[], old=null}
2024-08-03 20:05:10,409 [grpc-default-executor-3] INFO  ratis.OzoneManagerStateMachine (OzoneManagerStateMachine.java:notifyConfigurationChanged(216)) - Received Configuration change notification from Ratis. New Peer list:
[id: "omNode-3"
address: "localhost:15023"
startupRole: FOLLOWER
, id: "omNode-1"
address: "localhost:15015"
startupRole: FOLLOWER
, id: "omNode-2"
address: "localhost:15019"
startupRole: FOLLOWER
]
2024-08-03 20:05:10,410 [grpc-default-executor-3] INFO  impl.SnapshotInstallationHandler (SnapshotInstallationHandler.java:installSnapshot(103)) - omNode-bootstrap-2@group-0AAC5367B30E: reply installSnapshot: omNode-1<-omNode-bootstrap-2#0:FAIL-t1,IN_PROGRESS,snapshotIndex=0
2024-08-03 20:05:10,410 [grpc-default-executor-3] INFO  server.GrpcServerProtocolService (GrpcServerProtocolService.java:onCompleted(157)) - omNode-bootstrap-2: Completed INSTALL_SNAPSHOT, lastRequest: omNode-1->omNode-bootstrap-2#0-t1,notify:(t:1, i:0)
2024-08-03 20:05:10,410 [grpc-default-executor-3] INFO  server.GrpcServerProtocolService (GrpcServerProtocolService.java:lambda$onCompleted$5(159)) - omNode-bootstrap-2: Completed INSTALL_SNAPSHOT, lastReply: null
2024-08-03 20:05:10,411 [omNode-bootstrap-2-server-thread1] INFO  server.RaftServer$Division (RaftServerImpl.java:checkInconsistentAppendEntries(1629)) - omNode-bootstrap-2@group-0AAC5367B30E: Failed appendEntries as snapshot (0) installation is in progress
2024-08-03 20:05:10,411 [omNode-bootstrap-2-server-thread1] INFO  server.RaftServer$Division (RaftServerImpl.java:appendEntriesAsync(1584)) - omNode-bootstrap-2@group-0AAC5367B30E: appendEntries* reply omNode-1<-omNode-bootstrap-2#26:FAIL-t1,INCONSISTENCY,nextIndex=0,followerCommit=-1,matchIndex=-1
2024-08-03 20:05:10,412 [grpc-default-executor-0] INFO  impl.SnapshotInstallationHandler (SnapshotInstallationHandler.java:installSnapshot(92)) - omNode-bootstrap-2@group-0AAC5367B30E: receive installSnapshot: omNode-1->omNode-bootstrap-2#0-t1,notify:(t:1, i:0)
2024-08-03 20:05:10,413 [grpc-default-executor-0] INFO  impl.SnapshotInstallationHandler (SnapshotInstallationHandler.java:installSnapshotImpl(138)) - omNode-bootstrap-2@group-0AAC5367B30E: set new configuration configurationEntry {
  peers {
    id: "omNode-3"
    address: "localhost:15023"
    startupRole: FOLLOWER
  }
  peers {
    id: "omNode-1"
    address: "localhost:15015"
    startupRole: FOLLOWER
  }
  peers {
    id: "omNode-2"
    address: "localhost:15019"
    startupRole: FOLLOWER
  }
}
 from snapshot
2024-08-03 20:05:10,413 [grpc-default-executor-0] INFO  server.RaftServer$Division (ServerState.java:setRaftConf(386)) - omNode-bootstrap-2@group-0AAC5367B30E: set configuration conf: {index: 0, cur=peers:[omNode-3|localhost:15023, omNode-1|localhost:15015, omNode-2|localhost:15019]|listeners:[], old=null}
2024-08-03 20:05:10,414 [grpc-default-executor-0] INFO  ratis.OzoneManagerStateMachine (OzoneManagerStateMachine.java:notifyConfigurationChanged(216)) - Received Configuration change notification from Ratis. New Peer list:
[id: "omNode-3"
address: "localhost:15023"
startupRole: FOLLOWER
, id: "omNode-1"
address: "localhost:15015"
startupRole: FOLLOWER
, id: "omNode-2"
address: "localhost:15019"
startupRole: FOLLOWER
]
2024-08-03 20:05:10,414 [grpc-default-executor-0] INFO  impl.SnapshotInstallationHandler (SnapshotInstallationHandler.java:installSnapshot(103)) - omNode-bootstrap-2@group-0AAC5367B30E: reply installSnapshot: omNode-1<-omNode-bootstrap-2#0:FAIL-t1,IN_PROGRESS,snapshotIndex=0
2024-08-03 20:05:10,415 [grpc-default-executor-0] INFO  server.GrpcServerProtocolService (GrpcServerProtocolService.java:onCompleted(157)) - omNode-bootstrap-2: Completed INSTALL_SNAPSHOT, lastRequest: omNode-1->omNode-bootstrap-2#0-t1,notify:(t:1, i:0)
2024-08-03 20:05:10,415 [grpc-default-executor-0] INFO  server.GrpcServerProtocolService (GrpcServerProtocolService.java:lambda$onCompleted$5(159)) - omNode-bootstrap-2: Completed INSTALL_SNAPSHOT, lastReply: null
2024-08-03 20:05:10,416 [omNode-bootstrap-2-server-thread1] INFO  server.RaftServer$Division (RaftServerImpl.java:checkInconsistentAppendEntries(1629)) - omNode-bootstrap-2@group-0AAC5367B30E: Failed appendEntries as snapshot (0) installation is in progress
2024-08-03 20:05:10,416 [omNode-bootstrap-2-server-thread1] INFO  server.RaftServer$Division (RaftServerImpl.java:appendEntriesAsync(1584)) - omNode-bootstrap-2@group-0AAC5367B30E: appendEntries* reply omNode-1<-omNode-bootstrap-2#27:FAIL-t1,INCONSISTENCY,nextIndex=0,followerCommit=-1,matchIndex=-1
2024-08-03 20:05:10,417 [grpc-default-executor-3] INFO  impl.SnapshotInstallationHandler (SnapshotInstallationHandler.java:installSnapshot(92)) - omNode-bootstrap-2@group-0AAC5367B30E: receive installSnapshot: omNode-1->omNode-bootstrap-2#0-t1,notify:(t:1, i:0)
2024-08-03 20:05:10,418 [grpc-default-executor-3] INFO  impl.SnapshotInstallationHandler (SnapshotInstallationHandler.java:installSnapshotImpl(138)) - omNode-bootstrap-2@group-0AAC5367B30E: set new configuration configurationEntry {
  peers {
    id: "omNode-3"
    address: "localhost:15023"
    startupRole: FOLLOWER
  }
  peers {
    id: "omNode-1"
    address: "localhost:15015"
    startupRole: FOLLOWER
  }
  peers {
    id: "omNode-2"
    address: "localhost:15019"
    startupRole: FOLLOWER
  }
}
 from snapshot
2024-08-03 20:05:10,418 [grpc-default-executor-3] INFO  server.RaftServer$Division (ServerState.java:setRaftConf(386)) - omNode-bootstrap-2@group-0AAC5367B30E: set configuration conf: {index: 0, cur=peers:[omNode-3|localhost:15023, omNode-1|localhost:15015, omNode-2|localhost:15019]|listeners:[], old=null}
2024-08-03 20:05:10,419 [grpc-default-executor-3] INFO  ratis.OzoneManagerStateMachine (OzoneManagerStateMachine.java:notifyConfigurationChanged(216)) - Received Configuration change notification from Ratis. New Peer list:
[id: "omNode-3"
address: "localhost:15023"
startupRole: FOLLOWER
, id: "omNode-1"
address: "localhost:15015"
startupRole: FOLLOWER
, id: "omNode-2"
address: "localhost:15019"
startupRole: FOLLOWER
]
2024-08-03 20:05:10,419 [grpc-default-executor-3] INFO  impl.SnapshotInstallationHandler (SnapshotInstallationHandler.java:installSnapshot(103)) - omNode-bootstrap-2@group-0AAC5367B30E: reply installSnapshot: omNode-1<-omNode-bootstrap-2#0:FAIL-t1,IN_PROGRESS,snapshotIndex=0
2024-08-03 20:05:10,419 [grpc-default-executor-3] INFO  server.GrpcServerProtocolService (GrpcServerProtocolService.java:onCompleted(157)) - omNode-bootstrap-2: Completed INSTALL_SNAPSHOT, lastRequest: omNode-1->omNode-bootstrap-2#0-t1,notify:(t:1, i:0)
2024-08-03 20:05:10,419 [grpc-default-executor-3] INFO  server.GrpcServerProtocolService (GrpcServerProtocolService.java:lambda$onCompleted$5(159)) - omNode-bootstrap-2: Completed INSTALL_SNAPSHOT, lastReply: null
2024-08-03 20:05:10,421 [omNode-bootstrap-2-server-thread1] INFO  server.RaftServer$Division (RaftServerImpl.java:checkInconsistentAppendEntries(1629)) - omNode-bootstrap-2@group-0AAC5367B30E: Failed appendEntries as snapshot (0) installation is in progress
2024-08-03 20:05:10,421 [omNode-bootstrap-2-server-thread1] INFO  server.RaftServer$Division (RaftServerImpl.java:appendEntriesAsync(1584)) - omNode-bootstrap-2@group-0AAC5367B30E: appendEntries* reply omNode-1<-omNode-bootstrap-2#28:FAIL-t1,INCONSISTENCY,nextIndex=0,followerCommit=-1,matchIndex=-1
2024-08-03 20:05:10,421 [grpc-default-executor-0] INFO  impl.SnapshotInstallationHandler (SnapshotInstallationHandler.java:installSnapshot(92)) - omNode-bootstrap-2@group-0AAC5367B30E: receive installSnapshot: omNode-1->omNode-bootstrap-2#0-t1,notify:(t:1, i:0)
2024-08-03 20:05:10,422 [grpc-default-executor-0] INFO  impl.SnapshotInstallationHandler (SnapshotInstallationHandler.java:installSnapshotImpl(138)) - omNode-bootstrap-2@group-0AAC5367B30E: set new configuration configurationEntry {
  peers {
    id: "omNode-3"
    address: "localhost:15023"
    startupRole: FOLLOWER
  }
  peers {
    id: "omNode-1"
    address: "localhost:15015"
    startupRole: FOLLOWER
  }
  peers {
    id: "omNode-2"
    address: "localhost:15019"
    startupRole: FOLLOWER
  }
}
 from snapshot
2024-08-03 20:05:10,422 [grpc-default-executor-0] INFO  server.RaftServer$Division (ServerState.java:setRaftConf(386)) - omNode-bootstrap-2@group-0AAC5367B30E: set configuration conf: {index: 0, cur=peers:[omNode-3|localhost:15023, omNode-1|localhost:15015, omNode-2|localhost:15019]|listeners:[], old=null}
2024-08-03 20:05:10,423 [grpc-default-executor-0] INFO  ratis.OzoneManagerStateMachine (OzoneManagerStateMachine.java:notifyConfigurationChanged(216)) - Received Configuration change notification from Ratis. New Peer list:
[id: "omNode-3"
address: "localhost:15023"
startupRole: FOLLOWER
, id: "omNode-1"
address: "localhost:15015"
startupRole: FOLLOWER
, id: "omNode-2"
address: "localhost:15019"
startupRole: FOLLOWER
]
2024-08-03 20:05:10,423 [grpc-default-executor-0] INFO  impl.SnapshotInstallationHandler (SnapshotInstallationHandler.java:installSnapshot(103)) - omNode-bootstrap-2@group-0AAC5367B30E: reply installSnapshot: omNode-1<-omNode-bootstrap-2#0:FAIL-t1,IN_PROGRESS,snapshotIndex=0
2024-08-03 20:05:10,423 [grpc-default-executor-0] INFO  server.GrpcServerProtocolService (GrpcServerProtocolService.java:onCompleted(157)) - omNode-bootstrap-2: Completed INSTALL_SNAPSHOT, lastRequest: omNode-1->omNode-bootstrap-2#0-t1,notify:(t:1, i:0)
2024-08-03 20:05:10,423 [grpc-default-executor-0] INFO  server.GrpcServerProtocolService (GrpcServerProtocolService.java:lambda$onCompleted$5(159)) - omNode-bootstrap-2: Completed INSTALL_SNAPSHOT, lastReply: null
2024-08-03 20:05:10,424 [omNode-bootstrap-2-server-thread1] INFO  server.RaftServer$Division (RaftServerImpl.java:checkInconsistentAppendEntries(1629)) - omNode-bootstrap-2@group-0AAC5367B30E: Failed appendEntries as snapshot (0) installation is in progress
2024-08-03 20:05:10,424 [omNode-bootstrap-2-server-thread1] INFO  server.RaftServer$Division (RaftServerImpl.java:appendEntriesAsync(1584)) - omNode-bootstrap-2@group-0AAC5367B30E: appendEntries* reply omNode-1<-omNode-bootstrap-2#29:FAIL-t1,INCONSISTENCY,nextIndex=0,followerCommit=-1,matchIndex=-1
2024-08-03 20:05:10,425 [grpc-default-executor-3] INFO  impl.SnapshotInstallationHandler (SnapshotInstallationHandler.java:installSnapshot(92)) - omNode-bootstrap-2@group-0AAC5367B30E: receive installSnapshot: omNode-1->omNode-bootstrap-2#0-t1,notify:(t:1, i:0)
2024-08-03 20:05:10,425 [grpc-default-executor-3] INFO  impl.SnapshotInstallationHandler (SnapshotInstallationHandler.java:installSnapshotImpl(138)) - omNode-bootstrap-2@group-0AAC5367B30E: set new configuration configurationEntry {
  peers {
    id: "omNode-3"
    address: "localhost:15023"
    startupRole: FOLLOWER
  }
  peers {
    id: "omNode-1"
    address: "localhost:15015"
    startupRole: FOLLOWER
  }
  peers {
    id: "omNode-2"
    address: "localhost:15019"
    startupRole: FOLLOWER
  }
}
 from snapshot
2024-08-03 20:05:10,426 [grpc-default-executor-3] INFO  server.RaftServer$Division (ServerState.java:setRaftConf(386)) - omNode-bootstrap-2@group-0AAC5367B30E: set configuration conf: {index: 0, cur=peers:[omNode-3|localhost:15023, omNode-1|localhost:15015, omNode-2|localhost:15019]|listeners:[], old=null}
2024-08-03 20:05:10,427 [grpc-default-executor-3] INFO  ratis.OzoneManagerStateMachine (OzoneManagerStateMachine.java:notifyConfigurationChanged(216)) - Received Configuration change notification from Ratis. New Peer list:
[id: "omNode-3"
address: "localhost:15023"
startupRole: FOLLOWER
, id: "omNode-1"
address: "localhost:15015"
startupRole: FOLLOWER
, id: "omNode-2"
address: "localhost:15019"
startupRole: FOLLOWER
]
2024-08-03 20:05:10,427 [grpc-default-executor-3] INFO  impl.SnapshotInstallationHandler (SnapshotInstallationHandler.java:installSnapshot(103)) - omNode-bootstrap-2@group-0AAC5367B30E: reply installSnapshot: omNode-1<-omNode-bootstrap-2#0:FAIL-t1,IN_PROGRESS,snapshotIndex=0
2024-08-03 20:05:10,428 [grpc-default-executor-3] INFO  server.GrpcServerProtocolService (GrpcServerProtocolService.java:onCompleted(157)) - omNode-bootstrap-2: Completed INSTALL_SNAPSHOT, lastRequest: omNode-1->omNode-bootstrap-2#0-t1,notify:(t:1, i:0)
2024-08-03 20:05:10,428 [grpc-default-executor-3] INFO  server.GrpcServerProtocolService (GrpcServerProtocolService.java:lambda$onCompleted$5(159)) - omNode-bootstrap-2: Completed INSTALL_SNAPSHOT, lastReply: null
2024-08-03 20:05:10,429 [omNode-bootstrap-2-server-thread1] INFO  server.RaftServer$Division (RaftServerImpl.java:checkInconsistentAppendEntries(1629)) - omNode-bootstrap-2@group-0AAC5367B30E: Failed appendEntries as snapshot (0) installation is in progress
2024-08-03 20:05:10,429 [omNode-bootstrap-2-server-thread1] INFO  server.RaftServer$Division (RaftServerImpl.java:appendEntriesAsync(1584)) - omNode-bootstrap-2@group-0AAC5367B30E: appendEntries* reply omNode-1<-omNode-bootstrap-2#30:FAIL-t1,INCONSISTENCY,nextIndex=0,followerCommit=-1,matchIndex=-1
2024-08-03 20:05:10,430 [grpc-default-executor-0] INFO  impl.SnapshotInstallationHandler (SnapshotInstallationHandler.java:installSnapshot(92)) - omNode-bootstrap-2@group-0AAC5367B30E: receive installSnapshot: omNode-1->omNode-bootstrap-2#0-t1,notify:(t:1, i:0)
2024-08-03 20:05:10,431 [grpc-default-executor-0] INFO  impl.SnapshotInstallationHandler (SnapshotInstallationHandler.java:installSnapshotImpl(138)) - omNode-bootstrap-2@group-0AAC5367B30E: set new configuration configurationEntry {
  peers {
    id: "omNode-3"
    address: "localhost:15023"
    startupRole: FOLLOWER
  }
  peers {
    id: "omNode-1"
    address: "localhost:15015"
    startupRole: FOLLOWER
  }
  peers {
    id: "omNode-2"
    address: "localhost:15019"
    startupRole: FOLLOWER
  }
}
 from snapshot
2024-08-03 20:05:10,431 [grpc-default-executor-0] INFO  server.RaftServer$Division (ServerState.java:setRaftConf(386)) - omNode-bootstrap-2@group-0AAC5367B30E: set configuration conf: {index: 0, cur=peers:[omNode-3|localhost:15023, omNode-1|localhost:15015, omNode-2|localhost:15019]|listeners:[], old=null}
2024-08-03 20:05:10,434 [grpc-default-executor-0] INFO  ratis.OzoneManagerStateMachine (OzoneManagerStateMachine.java:notifyConfigurationChanged(216)) - Received Configuration change notification from Ratis. New Peer list:
[id: "omNode-3"
address: "localhost:15023"
startupRole: FOLLOWER
, id: "omNode-1"
address: "localhost:15015"
startupRole: FOLLOWER
, id: "omNode-2"
address: "localhost:15019"
startupRole: FOLLOWER
]
2024-08-03 20:05:10,434 [grpc-default-executor-0] INFO  impl.SnapshotInstallationHandler (SnapshotInstallationHandler.java:installSnapshot(103)) - omNode-bootstrap-2@group-0AAC5367B30E: reply installSnapshot: omNode-1<-omNode-bootstrap-2#0:FAIL-t1,IN_PROGRESS,snapshotIndex=0
2024-08-03 20:05:10,434 [grpc-default-executor-0] INFO  server.GrpcServerProtocolService (GrpcServerProtocolService.java:onCompleted(157)) - omNode-bootstrap-2: Completed INSTALL_SNAPSHOT, lastRequest: omNode-1->omNode-bootstrap-2#0-t1,notify:(t:1, i:0)
2024-08-03 20:05:10,434 [grpc-default-executor-0] INFO  server.GrpcServerProtocolService (GrpcServerProtocolService.java:lambda$onCompleted$5(159)) - omNode-bootstrap-2: Completed INSTALL_SNAPSHOT, lastReply: null
2024-08-03 20:05:10,436 [omNode-bootstrap-2-server-thread1] INFO  server.RaftServer$Division (RaftServerImpl.java:checkInconsistentAppendEntries(1629)) - omNode-bootstrap-2@group-0AAC5367B30E: Failed appendEntries as snapshot (0) installation is in progress
2024-08-03 20:05:10,436 [omNode-bootstrap-2-server-thread1] INFO  server.RaftServer$Division (RaftServerImpl.java:appendEntriesAsync(1584)) - omNode-bootstrap-2@group-0AAC5367B30E: appendEntries* reply omNode-1<-omNode-bootstrap-2#31:FAIL-t1,INCONSISTENCY,nextIndex=0,followerCommit=-1,matchIndex=-1
2024-08-03 20:05:10,436 [grpc-default-executor-0] INFO  impl.SnapshotInstallationHandler (SnapshotInstallationHandler.java:installSnapshot(92)) - omNode-bootstrap-2@group-0AAC5367B30E: receive installSnapshot: omNode-1->omNode-bootstrap-2#0-t1,notify:(t:1, i:0)
2024-08-03 20:05:10,437 [grpc-default-executor-0] INFO  impl.SnapshotInstallationHandler (SnapshotInstallationHandler.java:installSnapshotImpl(138)) - omNode-bootstrap-2@group-0AAC5367B30E: set new configuration configurationEntry {
  peers {
    id: "omNode-3"
    address: "localhost:15023"
    startupRole: FOLLOWER
  }
  peers {
    id: "omNode-1"
    address: "localhost:15015"
    startupRole: FOLLOWER
  }
  peers {
    id: "omNode-2"
    address: "localhost:15019"
    startupRole: FOLLOWER
  }
}
 from snapshot
2024-08-03 20:05:10,437 [grpc-default-executor-0] INFO  server.RaftServer$Division (ServerState.java:setRaftConf(386)) - omNode-bootstrap-2@group-0AAC5367B30E: set configuration conf: {index: 0, cur=peers:[omNode-3|localhost:15023, omNode-1|localhost:15015, omNode-2|localhost:15019]|listeners:[], old=null}
2024-08-03 20:05:10,438 [grpc-default-executor-0] INFO  ratis.OzoneManagerStateMachine (OzoneManagerStateMachine.java:notifyConfigurationChanged(216)) - Received Configuration change notification from Ratis. New Peer list:
[id: "omNode-3"
address: "localhost:15023"
startupRole: FOLLOWER
, id: "omNode-1"
address: "localhost:15015"
startupRole: FOLLOWER
, id: "omNode-2"
address: "localhost:15019"
startupRole: FOLLOWER
]
2024-08-03 20:05:10,438 [grpc-default-executor-0] INFO  impl.SnapshotInstallationHandler (SnapshotInstallationHandler.java:installSnapshot(103)) - omNode-bootstrap-2@group-0AAC5367B30E: reply installSnapshot: omNode-1<-omNode-bootstrap-2#0:FAIL-t1,IN_PROGRESS,snapshotIndex=0
2024-08-03 20:05:10,438 [grpc-default-executor-0] INFO  server.GrpcServerProtocolService (GrpcServerProtocolService.java:onCompleted(157)) - omNode-bootstrap-2: Completed INSTALL_SNAPSHOT, lastRequest: omNode-1->omNode-bootstrap-2#0-t1,notify:(t:1, i:0)
2024-08-03 20:05:10,438 [grpc-default-executor-0] INFO  server.GrpcServerProtocolService (GrpcServerProtocolService.java:lambda$onCompleted$5(159)) - omNode-bootstrap-2: Completed INSTALL_SNAPSHOT, lastReply: null
2024-08-03 20:05:10,440 [grpc-default-executor-3] INFO  impl.SnapshotInstallationHandler (SnapshotInstallationHandler.java:installSnapshot(92)) - omNode-bootstrap-2@group-0AAC5367B30E: receive installSnapshot: omNode-1->omNode-bootstrap-2#0-t1,notify:(t:1, i:0)
2024-08-03 20:05:10,440 [grpc-default-executor-3] INFO  impl.SnapshotInstallationHandler (SnapshotInstallationHandler.java:installSnapshotImpl(138)) - omNode-bootstrap-2@group-0AAC5367B30E: set new configuration configurationEntry {
  peers {
    id: "omNode-3"
    address: "localhost:15023"
    startupRole: FOLLOWER
  }
  peers {
    id: "omNode-1"
    address: "localhost:15015"
    startupRole: FOLLOWER
  }
  peers {
    id: "omNode-2"
    address: "localhost:15019"
    startupRole: FOLLOWER
  }
}
 from snapshot
2024-08-03 20:05:10,440 [grpc-default-executor-3] INFO  server.RaftServer$Division (ServerState.java:setRaftConf(386)) - omNode-bootstrap-2@group-0AAC5367B30E: set configuration conf: {index: 0, cur=peers:[omNode-3|localhost:15023, omNode-1|localhost:15015, omNode-2|localhost:15019]|listeners:[], old=null}
2024-08-03 20:05:10,441 [omNode-bootstrap-2-server-thread1] INFO  server.RaftServer$Division (RaftServerImpl.java:checkInconsistentAppendEntries(1629)) - omNode-bootstrap-2@group-0AAC5367B30E: Failed appendEntries as snapshot (0) installation is in progress
2024-08-03 20:05:10,441 [omNode-bootstrap-2-server-thread1] INFO  server.RaftServer$Division (RaftServerImpl.java:appendEntriesAsync(1584)) - omNode-bootstrap-2@group-0AAC5367B30E: appendEntries* reply omNode-1<-omNode-bootstrap-2#32:FAIL-t1,INCONSISTENCY,nextIndex=0,followerCommit=-1,matchIndex=-1
2024-08-03 20:05:10,443 [grpc-default-executor-3] INFO  ratis.OzoneManagerStateMachine (OzoneManagerStateMachine.java:notifyConfigurationChanged(216)) - Received Configuration change notification from Ratis. New Peer list:
[id: "omNode-3"
address: "localhost:15023"
startupRole: FOLLOWER
, id: "omNode-1"
address: "localhost:15015"
startupRole: FOLLOWER
, id: "omNode-2"
address: "localhost:15019"
startupRole: FOLLOWER
]
2024-08-03 20:05:10,443 [grpc-default-executor-3] INFO  impl.SnapshotInstallationHandler (SnapshotInstallationHandler.java:installSnapshot(103)) - omNode-bootstrap-2@group-0AAC5367B30E: reply installSnapshot: omNode-1<-omNode-bootstrap-2#0:FAIL-t1,IN_PROGRESS,snapshotIndex=0
2024-08-03 20:05:10,443 [grpc-default-executor-3] INFO  server.GrpcServerProtocolService (GrpcServerProtocolService.java:onCompleted(157)) - omNode-bootstrap-2: Completed INSTALL_SNAPSHOT, lastRequest: omNode-1->omNode-bootstrap-2#0-t1,notify:(t:1, i:0)
2024-08-03 20:05:10,443 [grpc-default-executor-3] INFO  server.GrpcServerProtocolService (GrpcServerProtocolService.java:lambda$onCompleted$5(159)) - omNode-bootstrap-2: Completed INSTALL_SNAPSHOT, lastReply: null
2024-08-03 20:05:10,444 [omNode-bootstrap-2-server-thread1] INFO  server.RaftServer$Division (RaftServerImpl.java:checkInconsistentAppendEntries(1629)) - omNode-bootstrap-2@group-0AAC5367B30E: Failed appendEntries as snapshot (0) installation is in progress
2024-08-03 20:05:10,444 [omNode-bootstrap-2-server-thread1] INFO  server.RaftServer$Division (RaftServerImpl.java:appendEntriesAsync(1584)) - omNode-bootstrap-2@group-0AAC5367B30E: appendEntries* reply omNode-1<-omNode-bootstrap-2#33:FAIL-t1,INCONSISTENCY,nextIndex=0,followerCommit=-1,matchIndex=-1
2024-08-03 20:05:10,446 [grpc-default-executor-1] INFO  impl.SnapshotInstallationHandler (SnapshotInstallationHandler.java:installSnapshot(92)) - omNode-bootstrap-2@group-0AAC5367B30E: receive installSnapshot: omNode-1->omNode-bootstrap-2#0-t1,notify:(t:1, i:0)
2024-08-03 20:05:10,446 [grpc-default-executor-1] INFO  impl.SnapshotInstallationHandler (SnapshotInstallationHandler.java:installSnapshotImpl(138)) - omNode-bootstrap-2@group-0AAC5367B30E: set new configuration configurationEntry {
  peers {
    id: "omNode-3"
    address: "localhost:15023"
    startupRole: FOLLOWER
  }
  peers {
    id: "omNode-1"
    address: "localhost:15015"
    startupRole: FOLLOWER
  }
  peers {
    id: "omNode-2"
    address: "localhost:15019"
    startupRole: FOLLOWER
  }
}
 from snapshot
2024-08-03 20:05:10,446 [grpc-default-executor-1] INFO  server.RaftServer$Division (ServerState.java:setRaftConf(386)) - omNode-bootstrap-2@group-0AAC5367B30E: set configuration conf: {index: 0, cur=peers:[omNode-3|localhost:15023, omNode-1|localhost:15015, omNode-2|localhost:15019]|listeners:[], old=null}
2024-08-03 20:05:10,447 [grpc-default-executor-1] INFO  ratis.OzoneManagerStateMachine (OzoneManagerStateMachine.java:notifyConfigurationChanged(216)) - Received Configuration change notification from Ratis. New Peer list:
[id: "omNode-3"
address: "localhost:15023"
startupRole: FOLLOWER
, id: "omNode-1"
address: "localhost:15015"
startupRole: FOLLOWER
, id: "omNode-2"
address: "localhost:15019"
startupRole: FOLLOWER
]
2024-08-03 20:05:10,447 [grpc-default-executor-1] INFO  impl.SnapshotInstallationHandler (SnapshotInstallationHandler.java:installSnapshot(103)) - omNode-bootstrap-2@group-0AAC5367B30E: reply installSnapshot: omNode-1<-omNode-bootstrap-2#0:FAIL-t1,IN_PROGRESS,snapshotIndex=0
2024-08-03 20:05:10,447 [grpc-default-executor-1] INFO  server.GrpcServerProtocolService (GrpcServerProtocolService.java:onCompleted(157)) - omNode-bootstrap-2: Completed INSTALL_SNAPSHOT, lastRequest: omNode-1->omNode-bootstrap-2#0-t1,notify:(t:1, i:0)
2024-08-03 20:05:10,448 [grpc-default-executor-1] INFO  server.GrpcServerProtocolService (GrpcServerProtocolService.java:lambda$onCompleted$5(159)) - omNode-bootstrap-2: Completed INSTALL_SNAPSHOT, lastReply: null
2024-08-03 20:05:10,448 [omNode-bootstrap-2-server-thread1] INFO  server.RaftServer$Division (RaftServerImpl.java:checkInconsistentAppendEntries(1629)) - omNode-bootstrap-2@group-0AAC5367B30E: Failed appendEntries as snapshot (0) installation is in progress
2024-08-03 20:05:10,449 [omNode-bootstrap-2-server-thread1] INFO  server.RaftServer$Division (RaftServerImpl.java:appendEntriesAsync(1584)) - omNode-bootstrap-2@group-0AAC5367B30E: appendEntries* reply omNode-1<-omNode-bootstrap-2#34:FAIL-t1,INCONSISTENCY,nextIndex=0,followerCommit=-1,matchIndex=-1
2024-08-03 20:05:10,450 [grpc-default-executor-1] INFO  impl.SnapshotInstallationHandler (SnapshotInstallationHandler.java:installSnapshot(92)) - omNode-bootstrap-2@group-0AAC5367B30E: receive installSnapshot: omNode-1->omNode-bootstrap-2#0-t1,notify:(t:1, i:0)
2024-08-03 20:05:10,450 [grpc-default-executor-1] INFO  impl.SnapshotInstallationHandler (SnapshotInstallationHandler.java:installSnapshotImpl(138)) - omNode-bootstrap-2@group-0AAC5367B30E: set new configuration configurationEntry {
  peers {
    id: "omNode-3"
    address: "localhost:15023"
    startupRole: FOLLOWER
  }
  peers {
    id: "omNode-1"
    address: "localhost:15015"
    startupRole: FOLLOWER
  }
  peers {
    id: "omNode-2"
    address: "localhost:15019"
    startupRole: FOLLOWER
  }
}
 from snapshot
2024-08-03 20:05:10,450 [grpc-default-executor-1] INFO  server.RaftServer$Division (ServerState.java:setRaftConf(386)) - omNode-bootstrap-2@group-0AAC5367B30E: set configuration conf: {index: 0, cur=peers:[omNode-3|localhost:15023, omNode-1|localhost:15015, omNode-2|localhost:15019]|listeners:[], old=null}
2024-08-03 20:05:10,453 [grpc-default-executor-1] INFO  ratis.OzoneManagerStateMachine (OzoneManagerStateMachine.java:notifyConfigurationChanged(216)) - Received Configuration change notification from Ratis. New Peer list:
[id: "omNode-3"
address: "localhost:15023"
startupRole: FOLLOWER
, id: "omNode-1"
address: "localhost:15015"
startupRole: FOLLOWER
, id: "omNode-2"
address: "localhost:15019"
startupRole: FOLLOWER
]
2024-08-03 20:05:10,453 [grpc-default-executor-1] INFO  impl.SnapshotInstallationHandler (SnapshotInstallationHandler.java:installSnapshot(103)) - omNode-bootstrap-2@group-0AAC5367B30E: reply installSnapshot: omNode-1<-omNode-bootstrap-2#0:FAIL-t1,IN_PROGRESS,snapshotIndex=0
2024-08-03 20:05:10,453 [grpc-default-executor-1] INFO  server.GrpcServerProtocolService (GrpcServerProtocolService.java:onCompleted(157)) - omNode-bootstrap-2: Completed INSTALL_SNAPSHOT, lastRequest: omNode-1->omNode-bootstrap-2#0-t1,notify:(t:1, i:0)
2024-08-03 20:05:10,453 [grpc-default-executor-1] INFO  server.GrpcServerProtocolService (GrpcServerProtocolService.java:lambda$onCompleted$5(159)) - omNode-bootstrap-2: Completed INSTALL_SNAPSHOT, lastReply: null
2024-08-03 20:05:10,454 [omNode-bootstrap-2-server-thread1] INFO  server.RaftServer$Division (RaftServerImpl.java:checkInconsistentAppendEntries(1629)) - omNode-bootstrap-2@group-0AAC5367B30E: Failed appendEntries as snapshot (0) installation is in progress
2024-08-03 20:05:10,454 [omNode-bootstrap-2-server-thread1] INFO  server.RaftServer$Division (RaftServerImpl.java:appendEntriesAsync(1584)) - omNode-bootstrap-2@group-0AAC5367B30E: appendEntries* reply omNode-1<-omNode-bootstrap-2#35:FAIL-t1,INCONSISTENCY,nextIndex=0,followerCommit=-1,matchIndex=-1
2024-08-03 20:05:10,455 [grpc-default-executor-1] INFO  impl.SnapshotInstallationHandler (SnapshotInstallationHandler.java:installSnapshot(92)) - omNode-bootstrap-2@group-0AAC5367B30E: receive installSnapshot: omNode-1->omNode-bootstrap-2#0-t1,notify:(t:1, i:0)
2024-08-03 20:05:10,456 [grpc-default-executor-1] INFO  impl.SnapshotInstallationHandler (SnapshotInstallationHandler.java:installSnapshotImpl(138)) - omNode-bootstrap-2@group-0AAC5367B30E: set new configuration configurationEntry {
  peers {
    id: "omNode-3"
    address: "localhost:15023"
    startupRole: FOLLOWER
  }
  peers {
    id: "omNode-1"
    address: "localhost:15015"
    startupRole: FOLLOWER
  }
  peers {
    id: "omNode-2"
    address: "localhost:15019"
    startupRole: FOLLOWER
  }
}
 from snapshot
2024-08-03 20:05:10,456 [grpc-default-executor-1] INFO  server.RaftServer$Division (ServerState.java:setRaftConf(386)) - omNode-bootstrap-2@group-0AAC5367B30E: set configuration conf: {index: 0, cur=peers:[omNode-3|localhost:15023, omNode-1|localhost:15015, omNode-2|localhost:15019]|listeners:[], old=null}
2024-08-03 20:05:10,457 [grpc-default-executor-1] INFO  ratis.OzoneManagerStateMachine (OzoneManagerStateMachine.java:notifyConfigurationChanged(216)) - Received Configuration change notification from Ratis. New Peer list:
[id: "omNode-3"
address: "localhost:15023"
startupRole: FOLLOWER
, id: "omNode-1"
address: "localhost:15015"
startupRole: FOLLOWER
, id: "omNode-2"
address: "localhost:15019"
startupRole: FOLLOWER
]
2024-08-03 20:05:10,457 [grpc-default-executor-1] INFO  impl.SnapshotInstallationHandler (SnapshotInstallationHandler.java:installSnapshot(103)) - omNode-bootstrap-2@group-0AAC5367B30E: reply installSnapshot: omNode-1<-omNode-bootstrap-2#0:FAIL-t1,IN_PROGRESS,snapshotIndex=0
2024-08-03 20:05:10,457 [grpc-default-executor-1] INFO  server.GrpcServerProtocolService (GrpcServerProtocolService.java:onCompleted(157)) - omNode-bootstrap-2: Completed INSTALL_SNAPSHOT, lastRequest: omNode-1->omNode-bootstrap-2#0-t1,notify:(t:1, i:0)
2024-08-03 20:05:10,457 [grpc-default-executor-1] INFO  server.GrpcServerProtocolService (GrpcServerProtocolService.java:lambda$onCompleted$5(159)) - omNode-bootstrap-2: Completed INSTALL_SNAPSHOT, lastReply: null
2024-08-03 20:05:10,459 [omNode-bootstrap-2-server-thread1] INFO  server.RaftServer$Division (RaftServerImpl.java:checkInconsistentAppendEntries(1629)) - omNode-bootstrap-2@group-0AAC5367B30E: Failed appendEntries as snapshot (0) installation is in progress
2024-08-03 20:05:10,459 [omNode-bootstrap-2-server-thread1] INFO  server.RaftServer$Division (RaftServerImpl.java:appendEntriesAsync(1584)) - omNode-bootstrap-2@group-0AAC5367B30E: appendEntries* reply omNode-1<-omNode-bootstrap-2#36:FAIL-t1,INCONSISTENCY,nextIndex=0,followerCommit=-1,matchIndex=-1
2024-08-03 20:05:10,459 [grpc-default-executor-3] INFO  impl.SnapshotInstallationHandler (SnapshotInstallationHandler.java:installSnapshot(92)) - omNode-bootstrap-2@group-0AAC5367B30E: receive installSnapshot: omNode-1->omNode-bootstrap-2#0-t1,notify:(t:1, i:0)
2024-08-03 20:05:10,460 [grpc-default-executor-3] INFO  impl.SnapshotInstallationHandler (SnapshotInstallationHandler.java:installSnapshotImpl(138)) - omNode-bootstrap-2@group-0AAC5367B30E: set new configuration configurationEntry {
  peers {
    id: "omNode-3"
    address: "localhost:15023"
    startupRole: FOLLOWER
  }
  peers {
    id: "omNode-1"
    address: "localhost:15015"
    startupRole: FOLLOWER
  }
  peers {
    id: "omNode-2"
    address: "localhost:15019"
    startupRole: FOLLOWER
  }
}
 from snapshot
2024-08-03 20:05:10,460 [grpc-default-executor-3] INFO  server.RaftServer$Division (ServerState.java:setRaftConf(386)) - omNode-bootstrap-2@group-0AAC5367B30E: set configuration conf: {index: 0, cur=peers:[omNode-3|localhost:15023, omNode-1|localhost:15015, omNode-2|localhost:15019]|listeners:[], old=null}
2024-08-03 20:05:10,461 [grpc-default-executor-3] INFO  ratis.OzoneManagerStateMachine (OzoneManagerStateMachine.java:notifyConfigurationChanged(216)) - Received Configuration change notification from Ratis. New Peer list:
[id: "omNode-3"
address: "localhost:15023"
startupRole: FOLLOWER
, id: "omNode-1"
address: "localhost:15015"
startupRole: FOLLOWER
, id: "omNode-2"
address: "localhost:15019"
startupRole: FOLLOWER
]
2024-08-03 20:05:10,461 [grpc-default-executor-3] INFO  impl.SnapshotInstallationHandler (SnapshotInstallationHandler.java:installSnapshot(103)) - omNode-bootstrap-2@group-0AAC5367B30E: reply installSnapshot: omNode-1<-omNode-bootstrap-2#0:FAIL-t1,IN_PROGRESS,snapshotIndex=0
2024-08-03 20:05:10,461 [grpc-default-executor-3] INFO  server.GrpcServerProtocolService (GrpcServerProtocolService.java:onCompleted(157)) - omNode-bootstrap-2: Completed INSTALL_SNAPSHOT, lastRequest: omNode-1->omNode-bootstrap-2#0-t1,notify:(t:1, i:0)
2024-08-03 20:05:10,461 [grpc-default-executor-3] INFO  server.GrpcServerProtocolService (GrpcServerProtocolService.java:lambda$onCompleted$5(159)) - omNode-bootstrap-2: Completed INSTALL_SNAPSHOT, lastReply: null
2024-08-03 20:05:10,463 [omNode-bootstrap-2-server-thread1] INFO  server.RaftServer$Division (RaftServerImpl.java:checkInconsistentAppendEntries(1629)) - omNode-bootstrap-2@group-0AAC5367B30E: Failed appendEntries as snapshot (0) installation is in progress
2024-08-03 20:05:10,463 [omNode-bootstrap-2-server-thread1] INFO  server.RaftServer$Division (RaftServerImpl.java:appendEntriesAsync(1584)) - omNode-bootstrap-2@group-0AAC5367B30E: appendEntries* reply omNode-1<-omNode-bootstrap-2#37:FAIL-t1,INCONSISTENCY,nextIndex=0,followerCommit=-1,matchIndex=-1
2024-08-03 20:05:10,464 [grpc-default-executor-3] INFO  impl.SnapshotInstallationHandler (SnapshotInstallationHandler.java:installSnapshot(92)) - omNode-bootstrap-2@group-0AAC5367B30E: receive installSnapshot: omNode-1->omNode-bootstrap-2#0-t1,notify:(t:1, i:0)
2024-08-03 20:05:10,465 [grpc-default-executor-3] INFO  impl.SnapshotInstallationHandler (SnapshotInstallationHandler.java:installSnapshotImpl(138)) - omNode-bootstrap-2@group-0AAC5367B30E: set new configuration configurationEntry {
  peers {
    id: "omNode-3"
    address: "localhost:15023"
    startupRole: FOLLOWER
  }
  peers {
    id: "omNode-1"
    address: "localhost:15015"
    startupRole: FOLLOWER
  }
  peers {
    id: "omNode-2"
    address: "localhost:15019"
    startupRole: FOLLOWER
  }
}
 from snapshot
2024-08-03 20:05:10,465 [grpc-default-executor-3] INFO  server.RaftServer$Division (ServerState.java:setRaftConf(386)) - omNode-bootstrap-2@group-0AAC5367B30E: set configuration conf: {index: 0, cur=peers:[omNode-3|localhost:15023, omNode-1|localhost:15015, omNode-2|localhost:15019]|listeners:[], old=null}
2024-08-03 20:05:10,466 [grpc-default-executor-3] INFO  ratis.OzoneManagerStateMachine (OzoneManagerStateMachine.java:notifyConfigurationChanged(216)) - Received Configuration change notification from Ratis. New Peer list:
[id: "omNode-3"
address: "localhost:15023"
startupRole: FOLLOWER
, id: "omNode-1"
address: "localhost:15015"
startupRole: FOLLOWER
, id: "omNode-2"
address: "localhost:15019"
startupRole: FOLLOWER
]
2024-08-03 20:05:10,466 [grpc-default-executor-3] INFO  impl.SnapshotInstallationHandler (SnapshotInstallationHandler.java:installSnapshot(103)) - omNode-bootstrap-2@group-0AAC5367B30E: reply installSnapshot: omNode-1<-omNode-bootstrap-2#0:FAIL-t1,IN_PROGRESS,snapshotIndex=0
2024-08-03 20:05:10,467 [grpc-default-executor-3] INFO  server.GrpcServerProtocolService (GrpcServerProtocolService.java:onCompleted(157)) - omNode-bootstrap-2: Completed INSTALL_SNAPSHOT, lastRequest: omNode-1->omNode-bootstrap-2#0-t1,notify:(t:1, i:0)
2024-08-03 20:05:10,467 [grpc-default-executor-3] INFO  server.GrpcServerProtocolService (GrpcServerProtocolService.java:lambda$onCompleted$5(159)) - omNode-bootstrap-2: Completed INSTALL_SNAPSHOT, lastReply: null
2024-08-03 20:05:10,468 [omNode-bootstrap-2-server-thread1] INFO  server.RaftServer$Division (RaftServerImpl.java:checkInconsistentAppendEntries(1629)) - omNode-bootstrap-2@group-0AAC5367B30E: Failed appendEntries as snapshot (0) installation is in progress
2024-08-03 20:05:10,468 [omNode-bootstrap-2-server-thread1] INFO  server.RaftServer$Division (RaftServerImpl.java:appendEntriesAsync(1584)) - omNode-bootstrap-2@group-0AAC5367B30E: appendEntries* reply omNode-1<-omNode-bootstrap-2#38:FAIL-t1,INCONSISTENCY,nextIndex=0,followerCommit=-1,matchIndex=-1
2024-08-03 20:05:10,469 [grpc-default-executor-1] INFO  impl.SnapshotInstallationHandler (SnapshotInstallationHandler.java:installSnapshot(92)) - omNode-bootstrap-2@group-0AAC5367B30E: receive installSnapshot: omNode-1->omNode-bootstrap-2#0-t1,notify:(t:1, i:0)
2024-08-03 20:05:10,470 [grpc-default-executor-1] INFO  impl.SnapshotInstallationHandler (SnapshotInstallationHandler.java:installSnapshotImpl(138)) - omNode-bootstrap-2@group-0AAC5367B30E: set new configuration configurationEntry {
  peers {
    id: "omNode-3"
    address: "localhost:15023"
    startupRole: FOLLOWER
  }
  peers {
    id: "omNode-1"
    address: "localhost:15015"
    startupRole: FOLLOWER
  }
  peers {
    id: "omNode-2"
    address: "localhost:15019"
    startupRole: FOLLOWER
  }
}
 from snapshot
2024-08-03 20:05:10,470 [grpc-default-executor-1] INFO  server.RaftServer$Division (ServerState.java:setRaftConf(386)) - omNode-bootstrap-2@group-0AAC5367B30E: set configuration conf: {index: 0, cur=peers:[omNode-3|localhost:15023, omNode-1|localhost:15015, omNode-2|localhost:15019]|listeners:[], old=null}
2024-08-03 20:05:10,471 [grpc-default-executor-1] INFO  ratis.OzoneManagerStateMachine (OzoneManagerStateMachine.java:notifyConfigurationChanged(216)) - Received Configuration change notification from Ratis. New Peer list:
[id: "omNode-3"
address: "localhost:15023"
startupRole: FOLLOWER
, id: "omNode-1"
address: "localhost:15015"
startupRole: FOLLOWER
, id: "omNode-2"
address: "localhost:15019"
startupRole: FOLLOWER
]
2024-08-03 20:05:10,472 [grpc-default-executor-1] INFO  impl.SnapshotInstallationHandler (SnapshotInstallationHandler.java:installSnapshot(103)) - omNode-bootstrap-2@group-0AAC5367B30E: reply installSnapshot: omNode-1<-omNode-bootstrap-2#0:FAIL-t1,IN_PROGRESS,snapshotIndex=0
2024-08-03 20:05:10,472 [grpc-default-executor-1] INFO  server.GrpcServerProtocolService (GrpcServerProtocolService.java:onCompleted(157)) - omNode-bootstrap-2: Completed INSTALL_SNAPSHOT, lastRequest: omNode-1->omNode-bootstrap-2#0-t1,notify:(t:1, i:0)
2024-08-03 20:05:10,472 [grpc-default-executor-1] INFO  server.GrpcServerProtocolService (GrpcServerProtocolService.java:lambda$onCompleted$5(159)) - omNode-bootstrap-2: Completed INSTALL_SNAPSHOT, lastReply: null
2024-08-03 20:05:10,473 [omNode-bootstrap-2-server-thread1] INFO  server.RaftServer$Division (RaftServerImpl.java:checkInconsistentAppendEntries(1629)) - omNode-bootstrap-2@group-0AAC5367B30E: Failed appendEntries as snapshot (0) installation is in progress
2024-08-03 20:05:10,473 [omNode-bootstrap-2-server-thread1] INFO  server.RaftServer$Division (RaftServerImpl.java:appendEntriesAsync(1584)) - omNode-bootstrap-2@group-0AAC5367B30E: appendEntries* reply omNode-1<-omNode-bootstrap-2#39:FAIL-t1,INCONSISTENCY,nextIndex=0,followerCommit=-1,matchIndex=-1
2024-08-03 20:05:10,474 [grpc-default-executor-0] INFO  impl.SnapshotInstallationHandler (SnapshotInstallationHandler.java:installSnapshot(92)) - omNode-bootstrap-2@group-0AAC5367B30E: receive installSnapshot: omNode-1->omNode-bootstrap-2#0-t1,notify:(t:1, i:0)
2024-08-03 20:05:10,474 [grpc-default-executor-0] INFO  impl.SnapshotInstallationHandler (SnapshotInstallationHandler.java:installSnapshotImpl(138)) - omNode-bootstrap-2@group-0AAC5367B30E: set new configuration configurationEntry {
  peers {
    id: "omNode-3"
    address: "localhost:15023"
    startupRole: FOLLOWER
  }
  peers {
    id: "omNode-1"
    address: "localhost:15015"
    startupRole: FOLLOWER
  }
  peers {
    id: "omNode-2"
    address: "localhost:15019"
    startupRole: FOLLOWER
  }
}
 from snapshot
2024-08-03 20:05:10,474 [grpc-default-executor-0] INFO  server.RaftServer$Division (ServerState.java:setRaftConf(386)) - omNode-bootstrap-2@group-0AAC5367B30E: set configuration conf: {index: 0, cur=peers:[omNode-3|localhost:15023, omNode-1|localhost:15015, omNode-2|localhost:15019]|listeners:[], old=null}
2024-08-03 20:05:10,475 [grpc-default-executor-0] INFO  ratis.OzoneManagerStateMachine (OzoneManagerStateMachine.java:notifyConfigurationChanged(216)) - Received Configuration change notification from Ratis. New Peer list:
[id: "omNode-3"
address: "localhost:15023"
startupRole: FOLLOWER
, id: "omNode-1"
address: "localhost:15015"
startupRole: FOLLOWER
, id: "omNode-2"
address: "localhost:15019"
startupRole: FOLLOWER
]
2024-08-03 20:05:10,476 [grpc-default-executor-0] INFO  impl.SnapshotInstallationHandler (SnapshotInstallationHandler.java:installSnapshot(103)) - omNode-bootstrap-2@group-0AAC5367B30E: reply installSnapshot: omNode-1<-omNode-bootstrap-2#0:FAIL-t1,IN_PROGRESS,snapshotIndex=0
2024-08-03 20:05:10,476 [grpc-default-executor-0] INFO  server.GrpcServerProtocolService (GrpcServerProtocolService.java:onCompleted(157)) - omNode-bootstrap-2: Completed INSTALL_SNAPSHOT, lastRequest: omNode-1->omNode-bootstrap-2#0-t1,notify:(t:1, i:0)
2024-08-03 20:05:10,476 [grpc-default-executor-0] INFO  server.GrpcServerProtocolService (GrpcServerProtocolService.java:lambda$onCompleted$5(159)) - omNode-bootstrap-2: Completed INSTALL_SNAPSHOT, lastReply: null
2024-08-03 20:05:10,478 [omNode-bootstrap-2-server-thread1] INFO  server.RaftServer$Division (RaftServerImpl.java:checkInconsistentAppendEntries(1629)) - omNode-bootstrap-2@group-0AAC5367B30E: Failed appendEntries as snapshot (0) installation is in progress
2024-08-03 20:05:10,478 [omNode-bootstrap-2-server-thread1] INFO  server.RaftServer$Division (RaftServerImpl.java:appendEntriesAsync(1584)) - omNode-bootstrap-2@group-0AAC5367B30E: appendEntries* reply omNode-1<-omNode-bootstrap-2#40:FAIL-t1,INCONSISTENCY,nextIndex=0,followerCommit=-1,matchIndex=-1
2024-08-03 20:05:10,478 [grpc-default-executor-3] INFO  impl.SnapshotInstallationHandler (SnapshotInstallationHandler.java:installSnapshot(92)) - omNode-bootstrap-2@group-0AAC5367B30E: receive installSnapshot: omNode-1->omNode-bootstrap-2#0-t1,notify:(t:1, i:0)
2024-08-03 20:05:10,478 [grpc-default-executor-3] INFO  impl.SnapshotInstallationHandler (SnapshotInstallationHandler.java:installSnapshotImpl(138)) - omNode-bootstrap-2@group-0AAC5367B30E: set new configuration configurationEntry {
  peers {
    id: "omNode-3"
    address: "localhost:15023"
    startupRole: FOLLOWER
  }
  peers {
    id: "omNode-1"
    address: "localhost:15015"
    startupRole: FOLLOWER
  }
  peers {
    id: "omNode-2"
    address: "localhost:15019"
    startupRole: FOLLOWER
  }
}
 from snapshot
2024-08-03 20:05:10,478 [grpc-default-executor-3] INFO  server.RaftServer$Division (ServerState.java:setRaftConf(386)) - omNode-bootstrap-2@group-0AAC5367B30E: set configuration conf: {index: 0, cur=peers:[omNode-3|localhost:15023, omNode-1|localhost:15015, omNode-2|localhost:15019]|listeners:[], old=null}
2024-08-03 20:05:10,480 [grpc-default-executor-3] INFO  ratis.OzoneManagerStateMachine (OzoneManagerStateMachine.java:notifyConfigurationChanged(216)) - Received Configuration change notification from Ratis. New Peer list:
[id: "omNode-3"
address: "localhost:15023"
startupRole: FOLLOWER
, id: "omNode-1"
address: "localhost:15015"
startupRole: FOLLOWER
, id: "omNode-2"
address: "localhost:15019"
startupRole: FOLLOWER
]
2024-08-03 20:05:10,480 [grpc-default-executor-3] INFO  impl.SnapshotInstallationHandler (SnapshotInstallationHandler.java:installSnapshot(103)) - omNode-bootstrap-2@group-0AAC5367B30E: reply installSnapshot: omNode-1<-omNode-bootstrap-2#0:FAIL-t1,IN_PROGRESS,snapshotIndex=0
2024-08-03 20:05:10,480 [grpc-default-executor-3] INFO  server.GrpcServerProtocolService (GrpcServerProtocolService.java:onCompleted(157)) - omNode-bootstrap-2: Completed INSTALL_SNAPSHOT, lastRequest: omNode-1->omNode-bootstrap-2#0-t1,notify:(t:1, i:0)
2024-08-03 20:05:10,480 [grpc-default-executor-3] INFO  server.GrpcServerProtocolService (GrpcServerProtocolService.java:lambda$onCompleted$5(159)) - omNode-bootstrap-2: Completed INSTALL_SNAPSHOT, lastReply: null
2024-08-03 20:05:10,482 [omNode-bootstrap-2-server-thread1] INFO  server.RaftServer$Division (RaftServerImpl.java:checkInconsistentAppendEntries(1629)) - omNode-bootstrap-2@group-0AAC5367B30E: Failed appendEntries as snapshot (0) installation is in progress
2024-08-03 20:05:10,482 [omNode-bootstrap-2-server-thread1] INFO  server.RaftServer$Division (RaftServerImpl.java:appendEntriesAsync(1584)) - omNode-bootstrap-2@group-0AAC5367B30E: appendEntries* reply omNode-1<-omNode-bootstrap-2#41:FAIL-t1,INCONSISTENCY,nextIndex=0,followerCommit=-1,matchIndex=-1
2024-08-03 20:05:10,482 [grpc-default-executor-1] INFO  impl.SnapshotInstallationHandler (SnapshotInstallationHandler.java:installSnapshot(92)) - omNode-bootstrap-2@group-0AAC5367B30E: receive installSnapshot: omNode-1->omNode-bootstrap-2#0-t1,notify:(t:1, i:0)
2024-08-03 20:05:10,482 [grpc-default-executor-1] INFO  impl.SnapshotInstallationHandler (SnapshotInstallationHandler.java:installSnapshotImpl(138)) - omNode-bootstrap-2@group-0AAC5367B30E: set new configuration configurationEntry {
  peers {
    id: "omNode-3"
    address: "localhost:15023"
    startupRole: FOLLOWER
  }
  peers {
    id: "omNode-1"
    address: "localhost:15015"
    startupRole: FOLLOWER
  }
  peers {
    id: "omNode-2"
    address: "localhost:15019"
    startupRole: FOLLOWER
  }
}
 from snapshot
2024-08-03 20:05:10,482 [grpc-default-executor-1] INFO  server.RaftServer$Division (ServerState.java:setRaftConf(386)) - omNode-bootstrap-2@group-0AAC5367B30E: set configuration conf: {index: 0, cur=peers:[omNode-3|localhost:15023, omNode-1|localhost:15015, omNode-2|localhost:15019]|listeners:[], old=null}
2024-08-03 20:05:10,484 [grpc-default-executor-1] INFO  ratis.OzoneManagerStateMachine (OzoneManagerStateMachine.java:notifyConfigurationChanged(216)) - Received Configuration change notification from Ratis. New Peer list:
[id: "omNode-3"
address: "localhost:15023"
startupRole: FOLLOWER
, id: "omNode-1"
address: "localhost:15015"
startupRole: FOLLOWER
, id: "omNode-2"
address: "localhost:15019"
startupRole: FOLLOWER
]
2024-08-03 20:05:10,484 [grpc-default-executor-1] INFO  impl.SnapshotInstallationHandler (SnapshotInstallationHandler.java:installSnapshot(103)) - omNode-bootstrap-2@group-0AAC5367B30E: reply installSnapshot: omNode-1<-omNode-bootstrap-2#0:FAIL-t1,IN_PROGRESS,snapshotIndex=0
2024-08-03 20:05:10,484 [grpc-default-executor-1] INFO  server.GrpcServerProtocolService (GrpcServerProtocolService.java:onCompleted(157)) - omNode-bootstrap-2: Completed INSTALL_SNAPSHOT, lastRequest: omNode-1->omNode-bootstrap-2#0-t1,notify:(t:1, i:0)
2024-08-03 20:05:10,484 [grpc-default-executor-1] INFO  server.GrpcServerProtocolService (GrpcServerProtocolService.java:lambda$onCompleted$5(159)) - omNode-bootstrap-2: Completed INSTALL_SNAPSHOT, lastReply: null
2024-08-03 20:05:10,486 [omNode-bootstrap-2-server-thread1] INFO  server.RaftServer$Division (RaftServerImpl.java:checkInconsistentAppendEntries(1629)) - omNode-bootstrap-2@group-0AAC5367B30E: Failed appendEntries as snapshot (0) installation is in progress
2024-08-03 20:05:10,486 [omNode-bootstrap-2-server-thread1] INFO  server.RaftServer$Division (RaftServerImpl.java:appendEntriesAsync(1584)) - omNode-bootstrap-2@group-0AAC5367B30E: appendEntries* reply omNode-1<-omNode-bootstrap-2#42:FAIL-t1,INCONSISTENCY,nextIndex=0,followerCommit=-1,matchIndex=-1
2024-08-03 20:05:10,486 [grpc-default-executor-3] INFO  impl.SnapshotInstallationHandler (SnapshotInstallationHandler.java:installSnapshot(92)) - omNode-bootstrap-2@group-0AAC5367B30E: receive installSnapshot: omNode-1->omNode-bootstrap-2#0-t1,notify:(t:1, i:0)
2024-08-03 20:05:10,487 [grpc-default-executor-3] INFO  impl.SnapshotInstallationHandler (SnapshotInstallationHandler.java:installSnapshotImpl(138)) - omNode-bootstrap-2@group-0AAC5367B30E: set new configuration configurationEntry {
  peers {
    id: "omNode-3"
    address: "localhost:15023"
    startupRole: FOLLOWER
  }
  peers {
    id: "omNode-1"
    address: "localhost:15015"
    startupRole: FOLLOWER
  }
  peers {
    id: "omNode-2"
    address: "localhost:15019"
    startupRole: FOLLOWER
  }
}
 from snapshot
2024-08-03 20:05:10,487 [grpc-default-executor-3] INFO  server.RaftServer$Division (ServerState.java:setRaftConf(386)) - omNode-bootstrap-2@group-0AAC5367B30E: set configuration conf: {index: 0, cur=peers:[omNode-3|localhost:15023, omNode-1|localhost:15015, omNode-2|localhost:15019]|listeners:[], old=null}
2024-08-03 20:05:10,488 [grpc-default-executor-3] INFO  ratis.OzoneManagerStateMachine (OzoneManagerStateMachine.java:notifyConfigurationChanged(216)) - Received Configuration change notification from Ratis. New Peer list:
[id: "omNode-3"
address: "localhost:15023"
startupRole: FOLLOWER
, id: "omNode-1"
address: "localhost:15015"
startupRole: FOLLOWER
, id: "omNode-2"
address: "localhost:15019"
startupRole: FOLLOWER
]
2024-08-03 20:05:10,488 [grpc-default-executor-3] INFO  impl.SnapshotInstallationHandler (SnapshotInstallationHandler.java:installSnapshot(103)) - omNode-bootstrap-2@group-0AAC5367B30E: reply installSnapshot: omNode-1<-omNode-bootstrap-2#0:FAIL-t1,IN_PROGRESS,snapshotIndex=0
2024-08-03 20:05:10,488 [grpc-default-executor-3] INFO  server.GrpcServerProtocolService (GrpcServerProtocolService.java:onCompleted(157)) - omNode-bootstrap-2: Completed INSTALL_SNAPSHOT, lastRequest: omNode-1->omNode-bootstrap-2#0-t1,notify:(t:1, i:0)
2024-08-03 20:05:10,489 [grpc-default-executor-3] INFO  server.GrpcServerProtocolService (GrpcServerProtocolService.java:lambda$onCompleted$5(159)) - omNode-bootstrap-2: Completed INSTALL_SNAPSHOT, lastReply: null
2024-08-03 20:05:10,491 [grpc-default-executor-0] INFO  impl.SnapshotInstallationHandler (SnapshotInstallationHandler.java:installSnapshot(92)) - omNode-bootstrap-2@group-0AAC5367B30E: receive installSnapshot: omNode-1->omNode-bootstrap-2#0-t1,notify:(t:1, i:0)
2024-08-03 20:05:10,491 [grpc-default-executor-0] INFO  impl.SnapshotInstallationHandler (SnapshotInstallationHandler.java:installSnapshotImpl(138)) - omNode-bootstrap-2@group-0AAC5367B30E: set new configuration configurationEntry {
  peers {
    id: "omNode-3"
    address: "localhost:15023"
    startupRole: FOLLOWER
  }
  peers {
    id: "omNode-1"
    address: "localhost:15015"
    startupRole: FOLLOWER
  }
  peers {
    id: "omNode-2"
    address: "localhost:15019"
    startupRole: FOLLOWER
  }
}
 from snapshot
2024-08-03 20:05:10,491 [grpc-default-executor-0] INFO  server.RaftServer$Division (ServerState.java:setRaftConf(386)) - omNode-bootstrap-2@group-0AAC5367B30E: set configuration conf: {index: 0, cur=peers:[omNode-3|localhost:15023, omNode-1|localhost:15015, omNode-2|localhost:15019]|listeners:[], old=null}
2024-08-03 20:05:10,492 [omNode-bootstrap-2-server-thread1] INFO  server.RaftServer$Division (RaftServerImpl.java:checkInconsistentAppendEntries(1629)) - omNode-bootstrap-2@group-0AAC5367B30E: Failed appendEntries as snapshot (0) installation is in progress
2024-08-03 20:05:10,492 [omNode-bootstrap-2-server-thread1] INFO  server.RaftServer$Division (RaftServerImpl.java:appendEntriesAsync(1584)) - omNode-bootstrap-2@group-0AAC5367B30E: appendEntries* reply omNode-1<-omNode-bootstrap-2#43:FAIL-t1,INCONSISTENCY,nextIndex=0,followerCommit=-1,matchIndex=-1
2024-08-03 20:05:10,493 [grpc-default-executor-0] INFO  ratis.OzoneManagerStateMachine (OzoneManagerStateMachine.java:notifyConfigurationChanged(216)) - Received Configuration change notification from Ratis. New Peer list:
[id: "omNode-3"
address: "localhost:15023"
startupRole: FOLLOWER
, id: "omNode-1"
address: "localhost:15015"
startupRole: FOLLOWER
, id: "omNode-2"
address: "localhost:15019"
startupRole: FOLLOWER
]
2024-08-03 20:05:10,493 [grpc-default-executor-0] INFO  impl.SnapshotInstallationHandler (SnapshotInstallationHandler.java:installSnapshot(103)) - omNode-bootstrap-2@group-0AAC5367B30E: reply installSnapshot: omNode-1<-omNode-bootstrap-2#0:FAIL-t1,IN_PROGRESS,snapshotIndex=0
2024-08-03 20:05:10,493 [grpc-default-executor-0] INFO  server.GrpcServerProtocolService (GrpcServerProtocolService.java:onCompleted(157)) - omNode-bootstrap-2: Completed INSTALL_SNAPSHOT, lastRequest: omNode-1->omNode-bootstrap-2#0-t1,notify:(t:1, i:0)
2024-08-03 20:05:10,493 [grpc-default-executor-0] INFO  server.GrpcServerProtocolService (GrpcServerProtocolService.java:lambda$onCompleted$5(159)) - omNode-bootstrap-2: Completed INSTALL_SNAPSHOT, lastReply: null
2024-08-03 20:05:10,494 [omNode-bootstrap-2-server-thread1] INFO  server.RaftServer$Division (RaftServerImpl.java:checkInconsistentAppendEntries(1629)) - omNode-bootstrap-2@group-0AAC5367B30E: Failed appendEntries as snapshot (0) installation is in progress
2024-08-03 20:05:10,494 [omNode-bootstrap-2-server-thread1] INFO  server.RaftServer$Division (RaftServerImpl.java:appendEntriesAsync(1584)) - omNode-bootstrap-2@group-0AAC5367B30E: appendEntries* reply omNode-1<-omNode-bootstrap-2#44:FAIL-t1,INCONSISTENCY,nextIndex=0,followerCommit=-1,matchIndex=-1
2024-08-03 20:05:10,496 [grpc-default-executor-3] INFO  impl.SnapshotInstallationHandler (SnapshotInstallationHandler.java:installSnapshot(92)) - omNode-bootstrap-2@group-0AAC5367B30E: receive installSnapshot: omNode-1->omNode-bootstrap-2#0-t1,notify:(t:1, i:0)
2024-08-03 20:05:10,496 [grpc-default-executor-3] INFO  impl.SnapshotInstallationHandler (SnapshotInstallationHandler.java:installSnapshotImpl(138)) - omNode-bootstrap-2@group-0AAC5367B30E: set new configuration configurationEntry {
  peers {
    id: "omNode-3"
    address: "localhost:15023"
    startupRole: FOLLOWER
  }
  peers {
    id: "omNode-1"
    address: "localhost:15015"
    startupRole: FOLLOWER
  }
  peers {
    id: "omNode-2"
    address: "localhost:15019"
    startupRole: FOLLOWER
  }
}
 from snapshot
2024-08-03 20:05:10,496 [grpc-default-executor-3] INFO  server.RaftServer$Division (ServerState.java:setRaftConf(386)) - omNode-bootstrap-2@group-0AAC5367B30E: set configuration conf: {index: 0, cur=peers:[omNode-3|localhost:15023, omNode-1|localhost:15015, omNode-2|localhost:15019]|listeners:[], old=null}
2024-08-03 20:05:10,498 [grpc-default-executor-3] INFO  ratis.OzoneManagerStateMachine (OzoneManagerStateMachine.java:notifyConfigurationChanged(216)) - Received Configuration change notification from Ratis. New Peer list:
[id: "omNode-3"
address: "localhost:15023"
startupRole: FOLLOWER
, id: "omNode-1"
address: "localhost:15015"
startupRole: FOLLOWER
, id: "omNode-2"
address: "localhost:15019"
startupRole: FOLLOWER
]
2024-08-03 20:05:10,498 [grpc-default-executor-3] INFO  impl.SnapshotInstallationHandler (SnapshotInstallationHandler.java:installSnapshot(103)) - omNode-bootstrap-2@group-0AAC5367B30E: reply installSnapshot: omNode-1<-omNode-bootstrap-2#0:FAIL-t1,IN_PROGRESS,snapshotIndex=0
2024-08-03 20:05:10,498 [grpc-default-executor-3] INFO  server.GrpcServerProtocolService (GrpcServerProtocolService.java:onCompleted(157)) - omNode-bootstrap-2: Completed INSTALL_SNAPSHOT, lastRequest: omNode-1->omNode-bootstrap-2#0-t1,notify:(t:1, i:0)
2024-08-03 20:05:10,498 [grpc-default-executor-3] INFO  server.GrpcServerProtocolService (GrpcServerProtocolService.java:lambda$onCompleted$5(159)) - omNode-bootstrap-2: Completed INSTALL_SNAPSHOT, lastReply: null
2024-08-03 20:05:10,500 [grpc-default-executor-0] INFO  impl.SnapshotInstallationHandler (SnapshotInstallationHandler.java:installSnapshot(92)) - omNode-bootstrap-2@group-0AAC5367B30E: receive installSnapshot: omNode-1->omNode-bootstrap-2#0-t1,notify:(t:1, i:0)
2024-08-03 20:05:10,501 [grpc-default-executor-0] INFO  impl.SnapshotInstallationHandler (SnapshotInstallationHandler.java:installSnapshotImpl(138)) - omNode-bootstrap-2@group-0AAC5367B30E: set new configuration configurationEntry {
  peers {
    id: "omNode-3"
    address: "localhost:15023"
    startupRole: FOLLOWER
  }
  peers {
    id: "omNode-1"
    address: "localhost:15015"
    startupRole: FOLLOWER
  }
  peers {
    id: "omNode-2"
    address: "localhost:15019"
    startupRole: FOLLOWER
  }
}
 from snapshot
2024-08-03 20:05:10,501 [grpc-default-executor-0] INFO  server.RaftServer$Division (ServerState.java:setRaftConf(386)) - omNode-bootstrap-2@group-0AAC5367B30E: set configuration conf: {index: 0, cur=peers:[omNode-3|localhost:15023, omNode-1|localhost:15015, omNode-2|localhost:15019]|listeners:[], old=null}
2024-08-03 20:05:10,501 [omNode-bootstrap-2-server-thread1] INFO  server.RaftServer$Division (RaftServerImpl.java:checkInconsistentAppendEntries(1629)) - omNode-bootstrap-2@group-0AAC5367B30E: Failed appendEntries as snapshot (0) installation is in progress
2024-08-03 20:05:10,502 [omNode-bootstrap-2-server-thread1] INFO  server.RaftServer$Division (RaftServerImpl.java:appendEntriesAsync(1584)) - omNode-bootstrap-2@group-0AAC5367B30E: appendEntries* reply omNode-1<-omNode-bootstrap-2#45:FAIL-t1,INCONSISTENCY,nextIndex=0,followerCommit=-1,matchIndex=-1
2024-08-03 20:05:10,502 [grpc-default-executor-0] INFO  ratis.OzoneManagerStateMachine (OzoneManagerStateMachine.java:notifyConfigurationChanged(216)) - Received Configuration change notification from Ratis. New Peer list:
[id: "omNode-3"
address: "localhost:15023"
startupRole: FOLLOWER
, id: "omNode-1"
address: "localhost:15015"
startupRole: FOLLOWER
, id: "omNode-2"
address: "localhost:15019"
startupRole: FOLLOWER
]
2024-08-03 20:05:10,502 [grpc-default-executor-0] INFO  impl.SnapshotInstallationHandler (SnapshotInstallationHandler.java:installSnapshot(103)) - omNode-bootstrap-2@group-0AAC5367B30E: reply installSnapshot: omNode-1<-omNode-bootstrap-2#0:FAIL-t1,IN_PROGRESS,snapshotIndex=0
2024-08-03 20:05:10,503 [grpc-default-executor-0] INFO  server.GrpcServerProtocolService (GrpcServerProtocolService.java:onCompleted(157)) - omNode-bootstrap-2: Completed INSTALL_SNAPSHOT, lastRequest: omNode-1->omNode-bootstrap-2#0-t1,notify:(t:1, i:0)
2024-08-03 20:05:10,503 [grpc-default-executor-0] INFO  server.GrpcServerProtocolService (GrpcServerProtocolService.java:lambda$onCompleted$5(159)) - omNode-bootstrap-2: Completed INSTALL_SNAPSHOT, lastReply: null
2024-08-03 20:05:10,504 [omNode-bootstrap-2-server-thread1] INFO  server.RaftServer$Division (RaftServerImpl.java:checkInconsistentAppendEntries(1629)) - omNode-bootstrap-2@group-0AAC5367B30E: Failed appendEntries as snapshot (0) installation is in progress
2024-08-03 20:05:10,504 [omNode-bootstrap-2-server-thread1] INFO  server.RaftServer$Division (RaftServerImpl.java:appendEntriesAsync(1584)) - omNode-bootstrap-2@group-0AAC5367B30E: appendEntries* reply omNode-1<-omNode-bootstrap-2#46:FAIL-t1,INCONSISTENCY,nextIndex=0,followerCommit=-1,matchIndex=-1
2024-08-03 20:05:10,505 [grpc-default-executor-0] INFO  impl.SnapshotInstallationHandler (SnapshotInstallationHandler.java:installSnapshot(92)) - omNode-bootstrap-2@group-0AAC5367B30E: receive installSnapshot: omNode-1->omNode-bootstrap-2#0-t1,notify:(t:1, i:0)
2024-08-03 20:05:10,506 [grpc-default-executor-0] INFO  impl.SnapshotInstallationHandler (SnapshotInstallationHandler.java:installSnapshotImpl(138)) - omNode-bootstrap-2@group-0AAC5367B30E: set new configuration configurationEntry {
  peers {
    id: "omNode-3"
    address: "localhost:15023"
    startupRole: FOLLOWER
  }
  peers {
    id: "omNode-1"
    address: "localhost:15015"
    startupRole: FOLLOWER
  }
  peers {
    id: "omNode-2"
    address: "localhost:15019"
    startupRole: FOLLOWER
  }
}
 from snapshot
2024-08-03 20:05:10,506 [grpc-default-executor-0] INFO  server.RaftServer$Division (ServerState.java:setRaftConf(386)) - omNode-bootstrap-2@group-0AAC5367B30E: set configuration conf: {index: 0, cur=peers:[omNode-3|localhost:15023, omNode-1|localhost:15015, omNode-2|localhost:15019]|listeners:[], old=null}
2024-08-03 20:05:10,507 [grpc-default-executor-0] INFO  ratis.OzoneManagerStateMachine (OzoneManagerStateMachine.java:notifyConfigurationChanged(216)) - Received Configuration change notification from Ratis. New Peer list:
[id: "omNode-3"
address: "localhost:15023"
startupRole: FOLLOWER
, id: "omNode-1"
address: "localhost:15015"
startupRole: FOLLOWER
, id: "omNode-2"
address: "localhost:15019"
startupRole: FOLLOWER
]
2024-08-03 20:05:10,507 [grpc-default-executor-0] INFO  impl.SnapshotInstallationHandler (SnapshotInstallationHandler.java:installSnapshot(103)) - omNode-bootstrap-2@group-0AAC5367B30E: reply installSnapshot: omNode-1<-omNode-bootstrap-2#0:FAIL-t1,IN_PROGRESS,snapshotIndex=0
2024-08-03 20:05:10,507 [grpc-default-executor-0] INFO  server.GrpcServerProtocolService (GrpcServerProtocolService.java:onCompleted(157)) - omNode-bootstrap-2: Completed INSTALL_SNAPSHOT, lastRequest: omNode-1->omNode-bootstrap-2#0-t1,notify:(t:1, i:0)
2024-08-03 20:05:10,508 [grpc-default-executor-0] INFO  server.GrpcServerProtocolService (GrpcServerProtocolService.java:lambda$onCompleted$5(159)) - omNode-bootstrap-2: Completed INSTALL_SNAPSHOT, lastReply: null
2024-08-03 20:05:10,509 [omNode-bootstrap-2-server-thread1] INFO  server.RaftServer$Division (RaftServerImpl.java:checkInconsistentAppendEntries(1629)) - omNode-bootstrap-2@group-0AAC5367B30E: Failed appendEntries as snapshot (0) installation is in progress
2024-08-03 20:05:10,509 [omNode-bootstrap-2-server-thread1] INFO  server.RaftServer$Division (RaftServerImpl.java:appendEntriesAsync(1584)) - omNode-bootstrap-2@group-0AAC5367B30E: appendEntries* reply omNode-1<-omNode-bootstrap-2#47:FAIL-t1,INCONSISTENCY,nextIndex=0,followerCommit=-1,matchIndex=-1
2024-08-03 20:05:10,511 [grpc-default-executor-3] INFO  impl.SnapshotInstallationHandler (SnapshotInstallationHandler.java:installSnapshot(92)) - omNode-bootstrap-2@group-0AAC5367B30E: receive installSnapshot: omNode-1->omNode-bootstrap-2#0-t1,notify:(t:1, i:0)
2024-08-03 20:05:10,511 [grpc-default-executor-3] INFO  impl.SnapshotInstallationHandler (SnapshotInstallationHandler.java:installSnapshotImpl(138)) - omNode-bootstrap-2@group-0AAC5367B30E: set new configuration configurationEntry {
  peers {
    id: "omNode-3"
    address: "localhost:15023"
    startupRole: FOLLOWER
  }
  peers {
    id: "omNode-1"
    address: "localhost:15015"
    startupRole: FOLLOWER
  }
  peers {
    id: "omNode-2"
    address: "localhost:15019"
    startupRole: FOLLOWER
  }
}
 from snapshot
2024-08-03 20:05:10,511 [grpc-default-executor-3] INFO  server.RaftServer$Division (ServerState.java:setRaftConf(386)) - omNode-bootstrap-2@group-0AAC5367B30E: set configuration conf: {index: 0, cur=peers:[omNode-3|localhost:15023, omNode-1|localhost:15015, omNode-2|localhost:15019]|listeners:[], old=null}
2024-08-03 20:05:10,513 [grpc-default-executor-3] INFO  ratis.OzoneManagerStateMachine (OzoneManagerStateMachine.java:notifyConfigurationChanged(216)) - Received Configuration change notification from Ratis. New Peer list:
[id: "omNode-3"
address: "localhost:15023"
startupRole: FOLLOWER
, id: "omNode-1"
address: "localhost:15015"
startupRole: FOLLOWER
, id: "omNode-2"
address: "localhost:15019"
startupRole: FOLLOWER
]
2024-08-03 20:05:10,513 [grpc-default-executor-3] INFO  impl.SnapshotInstallationHandler (SnapshotInstallationHandler.java:installSnapshot(103)) - omNode-bootstrap-2@group-0AAC5367B30E: reply installSnapshot: omNode-1<-omNode-bootstrap-2#0:FAIL-t1,IN_PROGRESS,snapshotIndex=0
2024-08-03 20:05:10,514 [grpc-default-executor-3] INFO  server.GrpcServerProtocolService (GrpcServerProtocolService.java:onCompleted(157)) - omNode-bootstrap-2: Completed INSTALL_SNAPSHOT, lastRequest: omNode-1->omNode-bootstrap-2#0-t1,notify:(t:1, i:0)
2024-08-03 20:05:10,514 [grpc-default-executor-3] INFO  server.GrpcServerProtocolService (GrpcServerProtocolService.java:lambda$onCompleted$5(159)) - omNode-bootstrap-2: Completed INSTALL_SNAPSHOT, lastReply: null
2024-08-03 20:05:10,515 [omNode-bootstrap-2-server-thread1] INFO  server.RaftServer$Division (RaftServerImpl.java:checkInconsistentAppendEntries(1629)) - omNode-bootstrap-2@group-0AAC5367B30E: Failed appendEntries as snapshot (0) installation is in progress
2024-08-03 20:05:10,515 [omNode-bootstrap-2-server-thread1] INFO  server.RaftServer$Division (RaftServerImpl.java:appendEntriesAsync(1584)) - omNode-bootstrap-2@group-0AAC5367B30E: appendEntries* reply omNode-1<-omNode-bootstrap-2#48:FAIL-t1,INCONSISTENCY,nextIndex=0,followerCommit=-1,matchIndex=-1
2024-08-03 20:05:10,516 [grpc-default-executor-0] INFO  impl.SnapshotInstallationHandler (SnapshotInstallationHandler.java:installSnapshot(92)) - omNode-bootstrap-2@group-0AAC5367B30E: receive installSnapshot: omNode-1->omNode-bootstrap-2#0-t1,notify:(t:1, i:0)
2024-08-03 20:05:10,517 [grpc-default-executor-0] INFO  impl.SnapshotInstallationHandler (SnapshotInstallationHandler.java:installSnapshotImpl(138)) - omNode-bootstrap-2@group-0AAC5367B30E: set new configuration configurationEntry {
  peers {
    id: "omNode-3"
    address: "localhost:15023"
    startupRole: FOLLOWER
  }
  peers {
    id: "omNode-1"
    address: "localhost:15015"
    startupRole: FOLLOWER
  }
  peers {
    id: "omNode-2"
    address: "localhost:15019"
    startupRole: FOLLOWER
  }
}
 from snapshot
2024-08-03 20:05:10,517 [grpc-default-executor-0] INFO  server.RaftServer$Division (ServerState.java:setRaftConf(386)) - omNode-bootstrap-2@group-0AAC5367B30E: set configuration conf: {index: 0, cur=peers:[omNode-3|localhost:15023, omNode-1|localhost:15015, omNode-2|localhost:15019]|listeners:[], old=null}
2024-08-03 20:05:10,518 [grpc-default-executor-0] INFO  ratis.OzoneManagerStateMachine (OzoneManagerStateMachine.java:notifyConfigurationChanged(216)) - Received Configuration change notification from Ratis. New Peer list:
[id: "omNode-3"
address: "localhost:15023"
startupRole: FOLLOWER
, id: "omNode-1"
address: "localhost:15015"
startupRole: FOLLOWER
, id: "omNode-2"
address: "localhost:15019"
startupRole: FOLLOWER
]
2024-08-03 20:05:10,518 [grpc-default-executor-0] INFO  impl.SnapshotInstallationHandler (SnapshotInstallationHandler.java:installSnapshot(103)) - omNode-bootstrap-2@group-0AAC5367B30E: reply installSnapshot: omNode-1<-omNode-bootstrap-2#0:FAIL-t1,IN_PROGRESS,snapshotIndex=0
2024-08-03 20:05:10,519 [grpc-default-executor-0] INFO  server.GrpcServerProtocolService (GrpcServerProtocolService.java:onCompleted(157)) - omNode-bootstrap-2: Completed INSTALL_SNAPSHOT, lastRequest: omNode-1->omNode-bootstrap-2#0-t1,notify:(t:1, i:0)
2024-08-03 20:05:10,519 [grpc-default-executor-0] INFO  server.GrpcServerProtocolService (GrpcServerProtocolService.java:lambda$onCompleted$5(159)) - omNode-bootstrap-2: Completed INSTALL_SNAPSHOT, lastReply: null
2024-08-03 20:05:10,520 [omNode-bootstrap-2-server-thread1] INFO  server.RaftServer$Division (RaftServerImpl.java:checkInconsistentAppendEntries(1629)) - omNode-bootstrap-2@group-0AAC5367B30E: Failed appendEntries as snapshot (0) installation is in progress
2024-08-03 20:05:10,520 [omNode-bootstrap-2-server-thread1] INFO  server.RaftServer$Division (RaftServerImpl.java:appendEntriesAsync(1584)) - omNode-bootstrap-2@group-0AAC5367B30E: appendEntries* reply omNode-1<-omNode-bootstrap-2#49:FAIL-t1,INCONSISTENCY,nextIndex=0,followerCommit=-1,matchIndex=-1
2024-08-03 20:05:10,521 [grpc-default-executor-1] INFO  impl.SnapshotInstallationHandler (SnapshotInstallationHandler.java:installSnapshot(92)) - omNode-bootstrap-2@group-0AAC5367B30E: receive installSnapshot: omNode-1->omNode-bootstrap-2#0-t1,notify:(t:1, i:0)
2024-08-03 20:05:10,521 [grpc-default-executor-1] INFO  impl.SnapshotInstallationHandler (SnapshotInstallationHandler.java:installSnapshotImpl(138)) - omNode-bootstrap-2@group-0AAC5367B30E: set new configuration configurationEntry {
  peers {
    id: "omNode-3"
    address: "localhost:15023"
    startupRole: FOLLOWER
  }
  peers {
    id: "omNode-1"
    address: "localhost:15015"
    startupRole: FOLLOWER
  }
  peers {
    id: "omNode-2"
    address: "localhost:15019"
    startupRole: FOLLOWER
  }
}
 from snapshot
2024-08-03 20:05:10,521 [grpc-default-executor-1] INFO  server.RaftServer$Division (ServerState.java:setRaftConf(386)) - omNode-bootstrap-2@group-0AAC5367B30E: set configuration conf: {index: 0, cur=peers:[omNode-3|localhost:15023, omNode-1|localhost:15015, omNode-2|localhost:15019]|listeners:[], old=null}
2024-08-03 20:05:10,522 [grpc-default-executor-1] INFO  ratis.OzoneManagerStateMachine (OzoneManagerStateMachine.java:notifyConfigurationChanged(216)) - Received Configuration change notification from Ratis. New Peer list:
[id: "omNode-3"
address: "localhost:15023"
startupRole: FOLLOWER
, id: "omNode-1"
address: "localhost:15015"
startupRole: FOLLOWER
, id: "omNode-2"
address: "localhost:15019"
startupRole: FOLLOWER
]
2024-08-03 20:05:10,522 [grpc-default-executor-1] INFO  impl.SnapshotInstallationHandler (SnapshotInstallationHandler.java:installSnapshot(103)) - omNode-bootstrap-2@group-0AAC5367B30E: reply installSnapshot: omNode-1<-omNode-bootstrap-2#0:FAIL-t1,IN_PROGRESS,snapshotIndex=0
2024-08-03 20:05:10,523 [grpc-default-executor-1] INFO  server.GrpcServerProtocolService (GrpcServerProtocolService.java:onCompleted(157)) - omNode-bootstrap-2: Completed INSTALL_SNAPSHOT, lastRequest: omNode-1->omNode-bootstrap-2#0-t1,notify:(t:1, i:0)
2024-08-03 20:05:10,523 [grpc-default-executor-1] INFO  server.GrpcServerProtocolService (GrpcServerProtocolService.java:lambda$onCompleted$5(159)) - omNode-bootstrap-2: Completed INSTALL_SNAPSHOT, lastReply: null
2024-08-03 20:05:10,524 [omNode-bootstrap-2-server-thread1] INFO  server.RaftServer$Division (RaftServerImpl.java:checkInconsistentAppendEntries(1629)) - omNode-bootstrap-2@group-0AAC5367B30E: Failed appendEntries as snapshot (0) installation is in progress
2024-08-03 20:05:10,524 [omNode-bootstrap-2-server-thread1] INFO  server.RaftServer$Division (RaftServerImpl.java:appendEntriesAsync(1584)) - omNode-bootstrap-2@group-0AAC5367B30E: appendEntries* reply omNode-1<-omNode-bootstrap-2#50:FAIL-t1,INCONSISTENCY,nextIndex=0,followerCommit=-1,matchIndex=-1
2024-08-03 20:05:10,526 [grpc-default-executor-1] INFO  impl.SnapshotInstallationHandler (SnapshotInstallationHandler.java:installSnapshot(92)) - omNode-bootstrap-2@group-0AAC5367B30E: receive installSnapshot: omNode-1->omNode-bootstrap-2#0-t1,notify:(t:1, i:0)
2024-08-03 20:05:10,526 [grpc-default-executor-1] INFO  impl.SnapshotInstallationHandler (SnapshotInstallationHandler.java:installSnapshotImpl(138)) - omNode-bootstrap-2@group-0AAC5367B30E: set new configuration configurationEntry {
  peers {
    id: "omNode-3"
    address: "localhost:15023"
    startupRole: FOLLOWER
  }
  peers {
    id: "omNode-1"
    address: "localhost:15015"
    startupRole: FOLLOWER
  }
  peers {
    id: "omNode-2"
    address: "localhost:15019"
    startupRole: FOLLOWER
  }
}
 from snapshot
2024-08-03 20:05:10,526 [grpc-default-executor-1] INFO  server.RaftServer$Division (ServerState.java:setRaftConf(386)) - omNode-bootstrap-2@group-0AAC5367B30E: set configuration conf: {index: 0, cur=peers:[omNode-3|localhost:15023, omNode-1|localhost:15015, omNode-2|localhost:15019]|listeners:[], old=null}
2024-08-03 20:05:10,529 [grpc-default-executor-1] INFO  ratis.OzoneManagerStateMachine (OzoneManagerStateMachine.java:notifyConfigurationChanged(216)) - Received Configuration change notification from Ratis. New Peer list:
[id: "omNode-3"
address: "localhost:15023"
startupRole: FOLLOWER
, id: "omNode-1"
address: "localhost:15015"
startupRole: FOLLOWER
, id: "omNode-2"
address: "localhost:15019"
startupRole: FOLLOWER
]
2024-08-03 20:05:10,529 [grpc-default-executor-1] INFO  impl.SnapshotInstallationHandler (SnapshotInstallationHandler.java:installSnapshot(103)) - omNode-bootstrap-2@group-0AAC5367B30E: reply installSnapshot: omNode-1<-omNode-bootstrap-2#0:FAIL-t1,IN_PROGRESS,snapshotIndex=0
2024-08-03 20:05:10,529 [grpc-default-executor-1] INFO  server.GrpcServerProtocolService (GrpcServerProtocolService.java:onCompleted(157)) - omNode-bootstrap-2: Completed INSTALL_SNAPSHOT, lastRequest: omNode-1->omNode-bootstrap-2#0-t1,notify:(t:1, i:0)
2024-08-03 20:05:10,530 [grpc-default-executor-1] INFO  server.GrpcServerProtocolService (GrpcServerProtocolService.java:lambda$onCompleted$5(159)) - omNode-bootstrap-2: Completed INSTALL_SNAPSHOT, lastReply: null
2024-08-03 20:05:10,531 [omNode-bootstrap-2-server-thread1] INFO  server.RaftServer$Division (RaftServerImpl.java:checkInconsistentAppendEntries(1629)) - omNode-bootstrap-2@group-0AAC5367B30E: Failed appendEntries as snapshot (0) installation is in progress
2024-08-03 20:05:10,531 [omNode-bootstrap-2-server-thread1] INFO  server.RaftServer$Division (RaftServerImpl.java:appendEntriesAsync(1584)) - omNode-bootstrap-2@group-0AAC5367B30E: appendEntries* reply omNode-1<-omNode-bootstrap-2#51:FAIL-t1,INCONSISTENCY,nextIndex=0,followerCommit=-1,matchIndex=-1
2024-08-03 20:05:10,533 [grpc-default-executor-0] INFO  impl.SnapshotInstallationHandler (SnapshotInstallationHandler.java:installSnapshot(92)) - omNode-bootstrap-2@group-0AAC5367B30E: receive installSnapshot: omNode-1->omNode-bootstrap-2#0-t1,notify:(t:1, i:0)
2024-08-03 20:05:10,533 [grpc-default-executor-0] INFO  impl.SnapshotInstallationHandler (SnapshotInstallationHandler.java:installSnapshotImpl(138)) - omNode-bootstrap-2@group-0AAC5367B30E: set new configuration configurationEntry {
  peers {
    id: "omNode-3"
    address: "localhost:15023"
    startupRole: FOLLOWER
  }
  peers {
    id: "omNode-1"
    address: "localhost:15015"
    startupRole: FOLLOWER
  }
  peers {
    id: "omNode-2"
    address: "localhost:15019"
    startupRole: FOLLOWER
  }
}
 from snapshot
2024-08-03 20:05:10,533 [grpc-default-executor-0] INFO  server.RaftServer$Division (ServerState.java:setRaftConf(386)) - omNode-bootstrap-2@group-0AAC5367B30E: set configuration conf: {index: 0, cur=peers:[omNode-3|localhost:15023, omNode-1|localhost:15015, omNode-2|localhost:15019]|listeners:[], old=null}
2024-08-03 20:05:10,535 [grpc-default-executor-0] INFO  ratis.OzoneManagerStateMachine (OzoneManagerStateMachine.java:notifyConfigurationChanged(216)) - Received Configuration change notification from Ratis. New Peer list:
[id: "omNode-3"
address: "localhost:15023"
startupRole: FOLLOWER
, id: "omNode-1"
address: "localhost:15015"
startupRole: FOLLOWER
, id: "omNode-2"
address: "localhost:15019"
startupRole: FOLLOWER
]
2024-08-03 20:05:10,535 [grpc-default-executor-0] INFO  impl.SnapshotInstallationHandler (SnapshotInstallationHandler.java:installSnapshot(103)) - omNode-bootstrap-2@group-0AAC5367B30E: reply installSnapshot: omNode-1<-omNode-bootstrap-2#0:FAIL-t1,IN_PROGRESS,snapshotIndex=0
2024-08-03 20:05:10,535 [grpc-default-executor-0] INFO  server.GrpcServerProtocolService (GrpcServerProtocolService.java:onCompleted(157)) - omNode-bootstrap-2: Completed INSTALL_SNAPSHOT, lastRequest: omNode-1->omNode-bootstrap-2#0-t1,notify:(t:1, i:0)
2024-08-03 20:05:10,535 [grpc-default-executor-0] INFO  server.GrpcServerProtocolService (GrpcServerProtocolService.java:lambda$onCompleted$5(159)) - omNode-bootstrap-2: Completed INSTALL_SNAPSHOT, lastReply: null
2024-08-03 20:05:10,536 [omNode-bootstrap-2-server-thread1] INFO  server.RaftServer$Division (RaftServerImpl.java:checkInconsistentAppendEntries(1629)) - omNode-bootstrap-2@group-0AAC5367B30E: Failed appendEntries as snapshot (0) installation is in progress
2024-08-03 20:05:10,536 [omNode-bootstrap-2-server-thread1] INFO  server.RaftServer$Division (RaftServerImpl.java:appendEntriesAsync(1584)) - omNode-bootstrap-2@group-0AAC5367B30E: appendEntries* reply omNode-1<-omNode-bootstrap-2#52:FAIL-t1,INCONSISTENCY,nextIndex=0,followerCommit=-1,matchIndex=-1
2024-08-03 20:05:10,537 [grpc-default-executor-0] INFO  impl.SnapshotInstallationHandler (SnapshotInstallationHandler.java:installSnapshot(92)) - omNode-bootstrap-2@group-0AAC5367B30E: receive installSnapshot: omNode-1->omNode-bootstrap-2#0-t1,notify:(t:1, i:0)
2024-08-03 20:05:10,537 [grpc-default-executor-0] INFO  impl.SnapshotInstallationHandler (SnapshotInstallationHandler.java:installSnapshotImpl(138)) - omNode-bootstrap-2@group-0AAC5367B30E: set new configuration configurationEntry {
  peers {
    id: "omNode-3"
    address: "localhost:15023"
    startupRole: FOLLOWER
  }
  peers {
    id: "omNode-1"
    address: "localhost:15015"
    startupRole: FOLLOWER
  }
  peers {
    id: "omNode-2"
    address: "localhost:15019"
    startupRole: FOLLOWER
  }
}
 from snapshot
2024-08-03 20:05:10,538 [grpc-default-executor-0] INFO  server.RaftServer$Division (ServerState.java:setRaftConf(386)) - omNode-bootstrap-2@group-0AAC5367B30E: set configuration conf: {index: 0, cur=peers:[omNode-3|localhost:15023, omNode-1|localhost:15015, omNode-2|localhost:15019]|listeners:[], old=null}
2024-08-03 20:05:10,539 [grpc-default-executor-0] INFO  ratis.OzoneManagerStateMachine (OzoneManagerStateMachine.java:notifyConfigurationChanged(216)) - Received Configuration change notification from Ratis. New Peer list:
[id: "omNode-3"
address: "localhost:15023"
startupRole: FOLLOWER
, id: "omNode-1"
address: "localhost:15015"
startupRole: FOLLOWER
, id: "omNode-2"
address: "localhost:15019"
startupRole: FOLLOWER
]
2024-08-03 20:05:10,539 [grpc-default-executor-0] INFO  impl.SnapshotInstallationHandler (SnapshotInstallationHandler.java:installSnapshot(103)) - omNode-bootstrap-2@group-0AAC5367B30E: reply installSnapshot: omNode-1<-omNode-bootstrap-2#0:FAIL-t1,IN_PROGRESS,snapshotIndex=0
2024-08-03 20:05:10,539 [grpc-default-executor-0] INFO  server.GrpcServerProtocolService (GrpcServerProtocolService.java:onCompleted(157)) - omNode-bootstrap-2: Completed INSTALL_SNAPSHOT, lastRequest: omNode-1->omNode-bootstrap-2#0-t1,notify:(t:1, i:0)
2024-08-03 20:05:10,539 [grpc-default-executor-0] INFO  server.GrpcServerProtocolService (GrpcServerProtocolService.java:lambda$onCompleted$5(159)) - omNode-bootstrap-2: Completed INSTALL_SNAPSHOT, lastReply: null
2024-08-03 20:05:10,540 [omNode-bootstrap-2-server-thread1] INFO  server.RaftServer$Division (RaftServerImpl.java:checkInconsistentAppendEntries(1629)) - omNode-bootstrap-2@group-0AAC5367B30E: Failed appendEntries as snapshot (0) installation is in progress
2024-08-03 20:05:10,540 [omNode-bootstrap-2-server-thread1] INFO  server.RaftServer$Division (RaftServerImpl.java:appendEntriesAsync(1584)) - omNode-bootstrap-2@group-0AAC5367B30E: appendEntries* reply omNode-1<-omNode-bootstrap-2#53:FAIL-t1,INCONSISTENCY,nextIndex=0,followerCommit=-1,matchIndex=-1
2024-08-03 20:05:10,541 [grpc-default-executor-0] INFO  impl.SnapshotInstallationHandler (SnapshotInstallationHandler.java:installSnapshot(92)) - omNode-bootstrap-2@group-0AAC5367B30E: receive installSnapshot: omNode-1->omNode-bootstrap-2#0-t1,notify:(t:1, i:0)
2024-08-03 20:05:10,542 [grpc-default-executor-0] INFO  impl.SnapshotInstallationHandler (SnapshotInstallationHandler.java:installSnapshotImpl(138)) - omNode-bootstrap-2@group-0AAC5367B30E: set new configuration configurationEntry {
  peers {
    id: "omNode-3"
    address: "localhost:15023"
    startupRole: FOLLOWER
  }
  peers {
    id: "omNode-1"
    address: "localhost:15015"
    startupRole: FOLLOWER
  }
  peers {
    id: "omNode-2"
    address: "localhost:15019"
    startupRole: FOLLOWER
  }
}
 from snapshot
2024-08-03 20:05:10,542 [grpc-default-executor-0] INFO  server.RaftServer$Division (ServerState.java:setRaftConf(386)) - omNode-bootstrap-2@group-0AAC5367B30E: set configuration conf: {index: 0, cur=peers:[omNode-3|localhost:15023, omNode-1|localhost:15015, omNode-2|localhost:15019]|listeners:[], old=null}
2024-08-03 20:05:10,543 [grpc-default-executor-0] INFO  ratis.OzoneManagerStateMachine (OzoneManagerStateMachine.java:notifyConfigurationChanged(216)) - Received Configuration change notification from Ratis. New Peer list:
[id: "omNode-3"
address: "localhost:15023"
startupRole: FOLLOWER
, id: "omNode-1"
address: "localhost:15015"
startupRole: FOLLOWER
, id: "omNode-2"
address: "localhost:15019"
startupRole: FOLLOWER
]
2024-08-03 20:05:10,543 [grpc-default-executor-0] INFO  impl.SnapshotInstallationHandler (SnapshotInstallationHandler.java:installSnapshot(103)) - omNode-bootstrap-2@group-0AAC5367B30E: reply installSnapshot: omNode-1<-omNode-bootstrap-2#0:FAIL-t1,IN_PROGRESS,snapshotIndex=0
2024-08-03 20:05:10,543 [grpc-default-executor-0] INFO  server.GrpcServerProtocolService (GrpcServerProtocolService.java:onCompleted(157)) - omNode-bootstrap-2: Completed INSTALL_SNAPSHOT, lastRequest: omNode-1->omNode-bootstrap-2#0-t1,notify:(t:1, i:0)
2024-08-03 20:05:10,543 [grpc-default-executor-0] INFO  server.GrpcServerProtocolService (GrpcServerProtocolService.java:lambda$onCompleted$5(159)) - omNode-bootstrap-2: Completed INSTALL_SNAPSHOT, lastReply: null
2024-08-03 20:05:10,544 [omNode-bootstrap-2-server-thread1] INFO  server.RaftServer$Division (RaftServerImpl.java:checkInconsistentAppendEntries(1629)) - omNode-bootstrap-2@group-0AAC5367B30E: Failed appendEntries as snapshot (0) installation is in progress
2024-08-03 20:05:10,544 [omNode-bootstrap-2-server-thread1] INFO  server.RaftServer$Division (RaftServerImpl.java:appendEntriesAsync(1584)) - omNode-bootstrap-2@group-0AAC5367B30E: appendEntries* reply omNode-1<-omNode-bootstrap-2#54:FAIL-t1,INCONSISTENCY,nextIndex=0,followerCommit=-1,matchIndex=-1
2024-08-03 20:05:10,546 [grpc-default-executor-0] INFO  impl.SnapshotInstallationHandler (SnapshotInstallationHandler.java:installSnapshot(92)) - omNode-bootstrap-2@group-0AAC5367B30E: receive installSnapshot: omNode-1->omNode-bootstrap-2#0-t1,notify:(t:1, i:0)
2024-08-03 20:05:10,546 [grpc-default-executor-0] INFO  impl.SnapshotInstallationHandler (SnapshotInstallationHandler.java:installSnapshotImpl(138)) - omNode-bootstrap-2@group-0AAC5367B30E: set new configuration configurationEntry {
  peers {
    id: "omNode-3"
    address: "localhost:15023"
    startupRole: FOLLOWER
  }
  peers {
    id: "omNode-1"
    address: "localhost:15015"
    startupRole: FOLLOWER
  }
  peers {
    id: "omNode-2"
    address: "localhost:15019"
    startupRole: FOLLOWER
  }
}
 from snapshot
2024-08-03 20:05:10,546 [grpc-default-executor-0] INFO  server.RaftServer$Division (ServerState.java:setRaftConf(386)) - omNode-bootstrap-2@group-0AAC5367B30E: set configuration conf: {index: 0, cur=peers:[omNode-3|localhost:15023, omNode-1|localhost:15015, omNode-2|localhost:15019]|listeners:[], old=null}
2024-08-03 20:05:10,547 [grpc-default-executor-0] INFO  ratis.OzoneManagerStateMachine (OzoneManagerStateMachine.java:notifyConfigurationChanged(216)) - Received Configuration change notification from Ratis. New Peer list:
[id: "omNode-3"
address: "localhost:15023"
startupRole: FOLLOWER
, id: "omNode-1"
address: "localhost:15015"
startupRole: FOLLOWER
, id: "omNode-2"
address: "localhost:15019"
startupRole: FOLLOWER
]
2024-08-03 20:05:10,548 [grpc-default-executor-0] INFO  impl.SnapshotInstallationHandler (SnapshotInstallationHandler.java:installSnapshot(103)) - omNode-bootstrap-2@group-0AAC5367B30E: reply installSnapshot: omNode-1<-omNode-bootstrap-2#0:FAIL-t1,IN_PROGRESS,snapshotIndex=0
2024-08-03 20:05:10,548 [grpc-default-executor-0] INFO  server.GrpcServerProtocolService (GrpcServerProtocolService.java:onCompleted(157)) - omNode-bootstrap-2: Completed INSTALL_SNAPSHOT, lastRequest: omNode-1->omNode-bootstrap-2#0-t1,notify:(t:1, i:0)
2024-08-03 20:05:10,548 [grpc-default-executor-0] INFO  server.GrpcServerProtocolService (GrpcServerProtocolService.java:lambda$onCompleted$5(159)) - omNode-bootstrap-2: Completed INSTALL_SNAPSHOT, lastReply: null
2024-08-03 20:05:10,549 [omNode-bootstrap-2-server-thread1] INFO  server.RaftServer$Division (RaftServerImpl.java:checkInconsistentAppendEntries(1629)) - omNode-bootstrap-2@group-0AAC5367B30E: Failed appendEntries as snapshot (0) installation is in progress
2024-08-03 20:05:10,549 [omNode-bootstrap-2-server-thread1] INFO  server.RaftServer$Division (RaftServerImpl.java:appendEntriesAsync(1584)) - omNode-bootstrap-2@group-0AAC5367B30E: appendEntries* reply omNode-1<-omNode-bootstrap-2#55:FAIL-t1,INCONSISTENCY,nextIndex=0,followerCommit=-1,matchIndex=-1
2024-08-03 20:05:10,550 [grpc-default-executor-0] INFO  impl.SnapshotInstallationHandler (SnapshotInstallationHandler.java:installSnapshot(92)) - omNode-bootstrap-2@group-0AAC5367B30E: receive installSnapshot: omNode-1->omNode-bootstrap-2#0-t1,notify:(t:1, i:0)
2024-08-03 20:05:10,551 [grpc-default-executor-0] INFO  impl.SnapshotInstallationHandler (SnapshotInstallationHandler.java:installSnapshotImpl(138)) - omNode-bootstrap-2@group-0AAC5367B30E: set new configuration configurationEntry {
  peers {
    id: "omNode-3"
    address: "localhost:15023"
    startupRole: FOLLOWER
  }
  peers {
    id: "omNode-1"
    address: "localhost:15015"
    startupRole: FOLLOWER
  }
  peers {
    id: "omNode-2"
    address: "localhost:15019"
    startupRole: FOLLOWER
  }
}
 from snapshot
2024-08-03 20:05:10,551 [grpc-default-executor-0] INFO  server.RaftServer$Division (ServerState.java:setRaftConf(386)) - omNode-bootstrap-2@group-0AAC5367B30E: set configuration conf: {index: 0, cur=peers:[omNode-3|localhost:15023, omNode-1|localhost:15015, omNode-2|localhost:15019]|listeners:[], old=null}
2024-08-03 20:05:10,552 [grpc-default-executor-0] INFO  ratis.OzoneManagerStateMachine (OzoneManagerStateMachine.java:notifyConfigurationChanged(216)) - Received Configuration change notification from Ratis. New Peer list:
[id: "omNode-3"
address: "localhost:15023"
startupRole: FOLLOWER
, id: "omNode-1"
address: "localhost:15015"
startupRole: FOLLOWER
, id: "omNode-2"
address: "localhost:15019"
startupRole: FOLLOWER
]
2024-08-03 20:05:10,552 [grpc-default-executor-0] INFO  impl.SnapshotInstallationHandler (SnapshotInstallationHandler.java:installSnapshot(103)) - omNode-bootstrap-2@group-0AAC5367B30E: reply installSnapshot: omNode-1<-omNode-bootstrap-2#0:FAIL-t1,IN_PROGRESS,snapshotIndex=0
2024-08-03 20:05:10,553 [grpc-default-executor-0] INFO  server.GrpcServerProtocolService (GrpcServerProtocolService.java:onCompleted(157)) - omNode-bootstrap-2: Completed INSTALL_SNAPSHOT, lastRequest: omNode-1->omNode-bootstrap-2#0-t1,notify:(t:1, i:0)
2024-08-03 20:05:10,553 [grpc-default-executor-0] INFO  server.GrpcServerProtocolService (GrpcServerProtocolService.java:lambda$onCompleted$5(159)) - omNode-bootstrap-2: Completed INSTALL_SNAPSHOT, lastReply: null
2024-08-03 20:05:10,554 [omNode-bootstrap-2-server-thread1] INFO  server.RaftServer$Division (RaftServerImpl.java:checkInconsistentAppendEntries(1629)) - omNode-bootstrap-2@group-0AAC5367B30E: Failed appendEntries as snapshot (0) installation is in progress
2024-08-03 20:05:10,554 [omNode-bootstrap-2-server-thread1] INFO  server.RaftServer$Division (RaftServerImpl.java:appendEntriesAsync(1584)) - omNode-bootstrap-2@group-0AAC5367B30E: appendEntries* reply omNode-1<-omNode-bootstrap-2#56:FAIL-t1,INCONSISTENCY,nextIndex=0,followerCommit=-1,matchIndex=-1
2024-08-03 20:05:10,555 [grpc-default-executor-0] INFO  impl.SnapshotInstallationHandler (SnapshotInstallationHandler.java:installSnapshot(92)) - omNode-bootstrap-2@group-0AAC5367B30E: receive installSnapshot: omNode-1->omNode-bootstrap-2#0-t1,notify:(t:1, i:0)
2024-08-03 20:05:10,555 [grpc-default-executor-0] INFO  impl.SnapshotInstallationHandler (SnapshotInstallationHandler.java:installSnapshotImpl(138)) - omNode-bootstrap-2@group-0AAC5367B30E: set new configuration configurationEntry {
  peers {
    id: "omNode-3"
    address: "localhost:15023"
    startupRole: FOLLOWER
  }
  peers {
    id: "omNode-1"
    address: "localhost:15015"
    startupRole: FOLLOWER
  }
  peers {
    id: "omNode-2"
    address: "localhost:15019"
    startupRole: FOLLOWER
  }
}
 from snapshot
2024-08-03 20:05:10,555 [grpc-default-executor-0] INFO  server.RaftServer$Division (ServerState.java:setRaftConf(386)) - omNode-bootstrap-2@group-0AAC5367B30E: set configuration conf: {index: 0, cur=peers:[omNode-3|localhost:15023, omNode-1|localhost:15015, omNode-2|localhost:15019]|listeners:[], old=null}
2024-08-03 20:05:10,557 [grpc-default-executor-0] INFO  ratis.OzoneManagerStateMachine (OzoneManagerStateMachine.java:notifyConfigurationChanged(216)) - Received Configuration change notification from Ratis. New Peer list:
[id: "omNode-3"
address: "localhost:15023"
startupRole: FOLLOWER
, id: "omNode-1"
address: "localhost:15015"
startupRole: FOLLOWER
, id: "omNode-2"
address: "localhost:15019"
startupRole: FOLLOWER
]
2024-08-03 20:05:10,557 [grpc-default-executor-0] INFO  impl.SnapshotInstallationHandler (SnapshotInstallationHandler.java:installSnapshot(103)) - omNode-bootstrap-2@group-0AAC5367B30E: reply installSnapshot: omNode-1<-omNode-bootstrap-2#0:FAIL-t1,IN_PROGRESS,snapshotIndex=0
2024-08-03 20:05:10,557 [grpc-default-executor-0] INFO  server.GrpcServerProtocolService (GrpcServerProtocolService.java:onCompleted(157)) - omNode-bootstrap-2: Completed INSTALL_SNAPSHOT, lastRequest: omNode-1->omNode-bootstrap-2#0-t1,notify:(t:1, i:0)
2024-08-03 20:05:10,557 [grpc-default-executor-0] INFO  server.GrpcServerProtocolService (GrpcServerProtocolService.java:lambda$onCompleted$5(159)) - omNode-bootstrap-2: Completed INSTALL_SNAPSHOT, lastReply: null
2024-08-03 20:05:10,559 [omNode-bootstrap-2-server-thread1] INFO  server.RaftServer$Division (RaftServerImpl.java:checkInconsistentAppendEntries(1629)) - omNode-bootstrap-2@group-0AAC5367B30E: Failed appendEntries as snapshot (0) installation is in progress
2024-08-03 20:05:10,559 [omNode-bootstrap-2-server-thread1] INFO  server.RaftServer$Division (RaftServerImpl.java:appendEntriesAsync(1584)) - omNode-bootstrap-2@group-0AAC5367B30E: appendEntries* reply omNode-1<-omNode-bootstrap-2#57:FAIL-t1,INCONSISTENCY,nextIndex=0,followerCommit=-1,matchIndex=-1
2024-08-03 20:05:10,559 [grpc-default-executor-1] INFO  impl.SnapshotInstallationHandler (SnapshotInstallationHandler.java:installSnapshot(92)) - omNode-bootstrap-2@group-0AAC5367B30E: receive installSnapshot: omNode-1->omNode-bootstrap-2#0-t1,notify:(t:1, i:0)
2024-08-03 20:05:10,559 [grpc-default-executor-1] INFO  impl.SnapshotInstallationHandler (SnapshotInstallationHandler.java:installSnapshotImpl(138)) - omNode-bootstrap-2@group-0AAC5367B30E: set new configuration configurationEntry {
  peers {
    id: "omNode-3"
    address: "localhost:15023"
    startupRole: FOLLOWER
  }
  peers {
    id: "omNode-1"
    address: "localhost:15015"
    startupRole: FOLLOWER
  }
  peers {
    id: "omNode-2"
    address: "localhost:15019"
    startupRole: FOLLOWER
  }
}
 from snapshot
2024-08-03 20:05:10,560 [grpc-default-executor-1] INFO  server.RaftServer$Division (ServerState.java:setRaftConf(386)) - omNode-bootstrap-2@group-0AAC5367B30E: set configuration conf: {index: 0, cur=peers:[omNode-3|localhost:15023, omNode-1|localhost:15015, omNode-2|localhost:15019]|listeners:[], old=null}
2024-08-03 20:05:10,561 [grpc-default-executor-1] INFO  ratis.OzoneManagerStateMachine (OzoneManagerStateMachine.java:notifyConfigurationChanged(216)) - Received Configuration change notification from Ratis. New Peer list:
[id: "omNode-3"
address: "localhost:15023"
startupRole: FOLLOWER
, id: "omNode-1"
address: "localhost:15015"
startupRole: FOLLOWER
, id: "omNode-2"
address: "localhost:15019"
startupRole: FOLLOWER
]
2024-08-03 20:05:10,561 [grpc-default-executor-1] INFO  impl.SnapshotInstallationHandler (SnapshotInstallationHandler.java:installSnapshot(103)) - omNode-bootstrap-2@group-0AAC5367B30E: reply installSnapshot: omNode-1<-omNode-bootstrap-2#0:FAIL-t1,IN_PROGRESS,snapshotIndex=0
2024-08-03 20:05:10,561 [grpc-default-executor-1] INFO  server.GrpcServerProtocolService (GrpcServerProtocolService.java:onCompleted(157)) - omNode-bootstrap-2: Completed INSTALL_SNAPSHOT, lastRequest: omNode-1->omNode-bootstrap-2#0-t1,notify:(t:1, i:0)
2024-08-03 20:05:10,561 [grpc-default-executor-1] INFO  server.GrpcServerProtocolService (GrpcServerProtocolService.java:lambda$onCompleted$5(159)) - omNode-bootstrap-2: Completed INSTALL_SNAPSHOT, lastReply: null
2024-08-03 20:05:10,563 [omNode-bootstrap-2-server-thread1] INFO  server.RaftServer$Division (RaftServerImpl.java:checkInconsistentAppendEntries(1629)) - omNode-bootstrap-2@group-0AAC5367B30E: Failed appendEntries as snapshot (0) installation is in progress
2024-08-03 20:05:10,563 [omNode-bootstrap-2-server-thread1] INFO  server.RaftServer$Division (RaftServerImpl.java:appendEntriesAsync(1584)) - omNode-bootstrap-2@group-0AAC5367B30E: appendEntries* reply omNode-1<-omNode-bootstrap-2#58:FAIL-t1,INCONSISTENCY,nextIndex=0,followerCommit=-1,matchIndex=-1
2024-08-03 20:05:10,564 [grpc-default-executor-1] INFO  impl.SnapshotInstallationHandler (SnapshotInstallationHandler.java:installSnapshot(92)) - omNode-bootstrap-2@group-0AAC5367B30E: receive installSnapshot: omNode-1->omNode-bootstrap-2#0-t1,notify:(t:1, i:0)
2024-08-03 20:05:10,564 [grpc-default-executor-1] INFO  impl.SnapshotInstallationHandler (SnapshotInstallationHandler.java:installSnapshotImpl(138)) - omNode-bootstrap-2@group-0AAC5367B30E: set new configuration configurationEntry {
  peers {
    id: "omNode-3"
    address: "localhost:15023"
    startupRole: FOLLOWER
  }
  peers {
    id: "omNode-1"
    address: "localhost:15015"
    startupRole: FOLLOWER
  }
  peers {
    id: "omNode-2"
    address: "localhost:15019"
    startupRole: FOLLOWER
  }
}
 from snapshot
2024-08-03 20:05:10,565 [grpc-default-executor-1] INFO  server.RaftServer$Division (ServerState.java:setRaftConf(386)) - omNode-bootstrap-2@group-0AAC5367B30E: set configuration conf: {index: 0, cur=peers:[omNode-3|localhost:15023, omNode-1|localhost:15015, omNode-2|localhost:15019]|listeners:[], old=null}
2024-08-03 20:05:10,566 [grpc-default-executor-1] INFO  ratis.OzoneManagerStateMachine (OzoneManagerStateMachine.java:notifyConfigurationChanged(216)) - Received Configuration change notification from Ratis. New Peer list:
[id: "omNode-3"
address: "localhost:15023"
startupRole: FOLLOWER
, id: "omNode-1"
address: "localhost:15015"
startupRole: FOLLOWER
, id: "omNode-2"
address: "localhost:15019"
startupRole: FOLLOWER
]
2024-08-03 20:05:10,566 [grpc-default-executor-1] INFO  impl.SnapshotInstallationHandler (SnapshotInstallationHandler.java:installSnapshot(103)) - omNode-bootstrap-2@group-0AAC5367B30E: reply installSnapshot: omNode-1<-omNode-bootstrap-2#0:FAIL-t1,IN_PROGRESS,snapshotIndex=0
2024-08-03 20:05:10,567 [grpc-default-executor-1] INFO  server.GrpcServerProtocolService (GrpcServerProtocolService.java:onCompleted(157)) - omNode-bootstrap-2: Completed INSTALL_SNAPSHOT, lastRequest: omNode-1->omNode-bootstrap-2#0-t1,notify:(t:1, i:0)
2024-08-03 20:05:10,567 [grpc-default-executor-1] INFO  server.GrpcServerProtocolService (GrpcServerProtocolService.java:lambda$onCompleted$5(159)) - omNode-bootstrap-2: Completed INSTALL_SNAPSHOT, lastReply: null
2024-08-03 20:05:10,568 [omNode-bootstrap-2-server-thread1] INFO  server.RaftServer$Division (RaftServerImpl.java:checkInconsistentAppendEntries(1629)) - omNode-bootstrap-2@group-0AAC5367B30E: Failed appendEntries as snapshot (0) installation is in progress
2024-08-03 20:05:10,568 [omNode-bootstrap-2-server-thread1] INFO  server.RaftServer$Division (RaftServerImpl.java:appendEntriesAsync(1584)) - omNode-bootstrap-2@group-0AAC5367B30E: appendEntries* reply omNode-1<-omNode-bootstrap-2#59:FAIL-t1,INCONSISTENCY,nextIndex=0,followerCommit=-1,matchIndex=-1
2024-08-03 20:05:10,569 [grpc-default-executor-1] INFO  impl.SnapshotInstallationHandler (SnapshotInstallationHandler.java:installSnapshot(92)) - omNode-bootstrap-2@group-0AAC5367B30E: receive installSnapshot: omNode-1->omNode-bootstrap-2#0-t1,notify:(t:1, i:0)
2024-08-03 20:05:10,569 [grpc-default-executor-1] INFO  impl.SnapshotInstallationHandler (SnapshotInstallationHandler.java:installSnapshotImpl(138)) - omNode-bootstrap-2@group-0AAC5367B30E: set new configuration configurationEntry {
  peers {
    id: "omNode-3"
    address: "localhost:15023"
    startupRole: FOLLOWER
  }
  peers {
    id: "omNode-1"
    address: "localhost:15015"
    startupRole: FOLLOWER
  }
  peers {
    id: "omNode-2"
    address: "localhost:15019"
    startupRole: FOLLOWER
  }
}
 from snapshot
2024-08-03 20:05:10,569 [grpc-default-executor-1] INFO  server.RaftServer$Division (ServerState.java:setRaftConf(386)) - omNode-bootstrap-2@group-0AAC5367B30E: set configuration conf: {index: 0, cur=peers:[omNode-3|localhost:15023, omNode-1|localhost:15015, omNode-2|localhost:15019]|listeners:[], old=null}
2024-08-03 20:05:10,570 [grpc-default-executor-1] INFO  ratis.OzoneManagerStateMachine (OzoneManagerStateMachine.java:notifyConfigurationChanged(216)) - Received Configuration change notification from Ratis. New Peer list:
[id: "omNode-3"
address: "localhost:15023"
startupRole: FOLLOWER
, id: "omNode-1"
address: "localhost:15015"
startupRole: FOLLOWER
, id: "omNode-2"
address: "localhost:15019"
startupRole: FOLLOWER
]
2024-08-03 20:05:10,571 [grpc-default-executor-1] INFO  impl.SnapshotInstallationHandler (SnapshotInstallationHandler.java:installSnapshot(103)) - omNode-bootstrap-2@group-0AAC5367B30E: reply installSnapshot: omNode-1<-omNode-bootstrap-2#0:FAIL-t1,IN_PROGRESS,snapshotIndex=0
2024-08-03 20:05:10,571 [grpc-default-executor-1] INFO  server.GrpcServerProtocolService (GrpcServerProtocolService.java:onCompleted(157)) - omNode-bootstrap-2: Completed INSTALL_SNAPSHOT, lastRequest: omNode-1->omNode-bootstrap-2#0-t1,notify:(t:1, i:0)
2024-08-03 20:05:10,571 [grpc-default-executor-1] INFO  server.GrpcServerProtocolService (GrpcServerProtocolService.java:lambda$onCompleted$5(159)) - omNode-bootstrap-2: Completed INSTALL_SNAPSHOT, lastReply: null
2024-08-03 20:05:10,572 [omNode-bootstrap-2-server-thread1] INFO  server.RaftServer$Division (RaftServerImpl.java:checkInconsistentAppendEntries(1629)) - omNode-bootstrap-2@group-0AAC5367B30E: Failed appendEntries as snapshot (0) installation is in progress
2024-08-03 20:05:10,572 [omNode-bootstrap-2-server-thread1] INFO  server.RaftServer$Division (RaftServerImpl.java:appendEntriesAsync(1584)) - omNode-bootstrap-2@group-0AAC5367B30E: appendEntries* reply omNode-1<-omNode-bootstrap-2#60:FAIL-t1,INCONSISTENCY,nextIndex=0,followerCommit=-1,matchIndex=-1
2024-08-03 20:05:10,573 [grpc-default-executor-1] INFO  impl.SnapshotInstallationHandler (SnapshotInstallationHandler.java:installSnapshot(92)) - omNode-bootstrap-2@group-0AAC5367B30E: receive installSnapshot: omNode-1->omNode-bootstrap-2#0-t1,notify:(t:1, i:0)
2024-08-03 20:05:10,574 [grpc-default-executor-1] INFO  impl.SnapshotInstallationHandler (SnapshotInstallationHandler.java:installSnapshotImpl(138)) - omNode-bootstrap-2@group-0AAC5367B30E: set new configuration configurationEntry {
  peers {
    id: "omNode-3"
    address: "localhost:15023"
    startupRole: FOLLOWER
  }
  peers {
    id: "omNode-1"
    address: "localhost:15015"
    startupRole: FOLLOWER
  }
  peers {
    id: "omNode-2"
    address: "localhost:15019"
    startupRole: FOLLOWER
  }
}
 from snapshot
2024-08-03 20:05:10,574 [grpc-default-executor-1] INFO  server.RaftServer$Division (ServerState.java:setRaftConf(386)) - omNode-bootstrap-2@group-0AAC5367B30E: set configuration conf: {index: 0, cur=peers:[omNode-3|localhost:15023, omNode-1|localhost:15015, omNode-2|localhost:15019]|listeners:[], old=null}
2024-08-03 20:05:10,576 [grpc-default-executor-1] INFO  ratis.OzoneManagerStateMachine (OzoneManagerStateMachine.java:notifyConfigurationChanged(216)) - Received Configuration change notification from Ratis. New Peer list:
[id: "omNode-3"
address: "localhost:15023"
startupRole: FOLLOWER
, id: "omNode-1"
address: "localhost:15015"
startupRole: FOLLOWER
, id: "omNode-2"
address: "localhost:15019"
startupRole: FOLLOWER
]
2024-08-03 20:05:10,576 [grpc-default-executor-1] INFO  impl.SnapshotInstallationHandler (SnapshotInstallationHandler.java:installSnapshot(103)) - omNode-bootstrap-2@group-0AAC5367B30E: reply installSnapshot: omNode-1<-omNode-bootstrap-2#0:FAIL-t1,IN_PROGRESS,snapshotIndex=0
2024-08-03 20:05:10,576 [grpc-default-executor-1] INFO  server.GrpcServerProtocolService (GrpcServerProtocolService.java:onCompleted(157)) - omNode-bootstrap-2: Completed INSTALL_SNAPSHOT, lastRequest: omNode-1->omNode-bootstrap-2#0-t1,notify:(t:1, i:0)
2024-08-03 20:05:10,577 [grpc-default-executor-1] INFO  server.GrpcServerProtocolService (GrpcServerProtocolService.java:lambda$onCompleted$5(159)) - omNode-bootstrap-2: Completed INSTALL_SNAPSHOT, lastReply: null
2024-08-03 20:05:10,578 [omNode-bootstrap-2-server-thread1] INFO  server.RaftServer$Division (RaftServerImpl.java:checkInconsistentAppendEntries(1629)) - omNode-bootstrap-2@group-0AAC5367B30E: Failed appendEntries as snapshot (0) installation is in progress
2024-08-03 20:05:10,578 [grpc-default-executor-3] INFO  impl.SnapshotInstallationHandler (SnapshotInstallationHandler.java:installSnapshot(92)) - omNode-bootstrap-2@group-0AAC5367B30E: receive installSnapshot: omNode-1->omNode-bootstrap-2#0-t1,notify:(t:1, i:0)
2024-08-03 20:05:10,578 [omNode-bootstrap-2-server-thread1] INFO  server.RaftServer$Division (RaftServerImpl.java:appendEntriesAsync(1584)) - omNode-bootstrap-2@group-0AAC5367B30E: appendEntries* reply omNode-1<-omNode-bootstrap-2#61:FAIL-t1,INCONSISTENCY,nextIndex=0,followerCommit=-1,matchIndex=-1
2024-08-03 20:05:10,579 [grpc-default-executor-3] INFO  impl.SnapshotInstallationHandler (SnapshotInstallationHandler.java:installSnapshotImpl(138)) - omNode-bootstrap-2@group-0AAC5367B30E: set new configuration configurationEntry {
  peers {
    id: "omNode-3"
    address: "localhost:15023"
    startupRole: FOLLOWER
  }
  peers {
    id: "omNode-1"
    address: "localhost:15015"
    startupRole: FOLLOWER
  }
  peers {
    id: "omNode-2"
    address: "localhost:15019"
    startupRole: FOLLOWER
  }
}
 from snapshot
2024-08-03 20:05:10,579 [grpc-default-executor-3] INFO  server.RaftServer$Division (ServerState.java:setRaftConf(386)) - omNode-bootstrap-2@group-0AAC5367B30E: set configuration conf: {index: 0, cur=peers:[omNode-3|localhost:15023, omNode-1|localhost:15015, omNode-2|localhost:15019]|listeners:[], old=null}
2024-08-03 20:05:10,580 [grpc-default-executor-3] INFO  ratis.OzoneManagerStateMachine (OzoneManagerStateMachine.java:notifyConfigurationChanged(216)) - Received Configuration change notification from Ratis. New Peer list:
[id: "omNode-3"
address: "localhost:15023"
startupRole: FOLLOWER
, id: "omNode-1"
address: "localhost:15015"
startupRole: FOLLOWER
, id: "omNode-2"
address: "localhost:15019"
startupRole: FOLLOWER
]
2024-08-03 20:05:10,581 [grpc-default-executor-3] INFO  impl.SnapshotInstallationHandler (SnapshotInstallationHandler.java:installSnapshot(103)) - omNode-bootstrap-2@group-0AAC5367B30E: reply installSnapshot: omNode-1<-omNode-bootstrap-2#0:FAIL-t1,IN_PROGRESS,snapshotIndex=0
2024-08-03 20:05:10,581 [grpc-default-executor-3] INFO  server.GrpcServerProtocolService (GrpcServerProtocolService.java:onCompleted(157)) - omNode-bootstrap-2: Completed INSTALL_SNAPSHOT, lastRequest: omNode-1->omNode-bootstrap-2#0-t1,notify:(t:1, i:0)
2024-08-03 20:05:10,581 [grpc-default-executor-3] INFO  server.GrpcServerProtocolService (GrpcServerProtocolService.java:lambda$onCompleted$5(159)) - omNode-bootstrap-2: Completed INSTALL_SNAPSHOT, lastReply: null
2024-08-03 20:05:10,582 [omNode-bootstrap-2-server-thread1] INFO  server.RaftServer$Division (RaftServerImpl.java:checkInconsistentAppendEntries(1629)) - omNode-bootstrap-2@group-0AAC5367B30E: Failed appendEntries as snapshot (0) installation is in progress
2024-08-03 20:05:10,582 [omNode-bootstrap-2-server-thread1] INFO  server.RaftServer$Division (RaftServerImpl.java:appendEntriesAsync(1584)) - omNode-bootstrap-2@group-0AAC5367B30E: appendEntries* reply omNode-1<-omNode-bootstrap-2#62:FAIL-t1,INCONSISTENCY,nextIndex=0,followerCommit=-1,matchIndex=-1
2024-08-03 20:05:10,583 [grpc-default-executor-5] INFO  impl.SnapshotInstallationHandler (SnapshotInstallationHandler.java:installSnapshot(92)) - omNode-bootstrap-2@group-0AAC5367B30E: receive installSnapshot: omNode-1->omNode-bootstrap-2#0-t1,notify:(t:1, i:0)
2024-08-03 20:05:10,583 [grpc-default-executor-5] INFO  impl.SnapshotInstallationHandler (SnapshotInstallationHandler.java:installSnapshotImpl(138)) - omNode-bootstrap-2@group-0AAC5367B30E: set new configuration configurationEntry {
  peers {
    id: "omNode-3"
    address: "localhost:15023"
    startupRole: FOLLOWER
  }
  peers {
    id: "omNode-1"
    address: "localhost:15015"
    startupRole: FOLLOWER
  }
  peers {
    id: "omNode-2"
    address: "localhost:15019"
    startupRole: FOLLOWER
  }
}
 from snapshot
2024-08-03 20:05:10,584 [grpc-default-executor-5] INFO  server.RaftServer$Division (ServerState.java:setRaftConf(386)) - omNode-bootstrap-2@group-0AAC5367B30E: set configuration conf: {index: 0, cur=peers:[omNode-3|localhost:15023, omNode-1|localhost:15015, omNode-2|localhost:15019]|listeners:[], old=null}
2024-08-03 20:05:10,585 [grpc-default-executor-5] INFO  ratis.OzoneManagerStateMachine (OzoneManagerStateMachine.java:notifyConfigurationChanged(216)) - Received Configuration change notification from Ratis. New Peer list:
[id: "omNode-3"
address: "localhost:15023"
startupRole: FOLLOWER
, id: "omNode-1"
address: "localhost:15015"
startupRole: FOLLOWER
, id: "omNode-2"
address: "localhost:15019"
startupRole: FOLLOWER
]
2024-08-03 20:05:10,585 [grpc-default-executor-5] INFO  impl.SnapshotInstallationHandler (SnapshotInstallationHandler.java:installSnapshot(103)) - omNode-bootstrap-2@group-0AAC5367B30E: reply installSnapshot: omNode-1<-omNode-bootstrap-2#0:FAIL-t1,IN_PROGRESS,snapshotIndex=0
2024-08-03 20:05:10,585 [grpc-default-executor-5] INFO  server.GrpcServerProtocolService (GrpcServerProtocolService.java:onCompleted(157)) - omNode-bootstrap-2: Completed INSTALL_SNAPSHOT, lastRequest: omNode-1->omNode-bootstrap-2#0-t1,notify:(t:1, i:0)
2024-08-03 20:05:10,586 [grpc-default-executor-5] INFO  server.GrpcServerProtocolService (GrpcServerProtocolService.java:lambda$onCompleted$5(159)) - omNode-bootstrap-2: Completed INSTALL_SNAPSHOT, lastReply: null
2024-08-03 20:05:10,586 [omNode-bootstrap-2-server-thread1] INFO  server.RaftServer$Division (RaftServerImpl.java:checkInconsistentAppendEntries(1629)) - omNode-bootstrap-2@group-0AAC5367B30E: Failed appendEntries as snapshot (0) installation is in progress
2024-08-03 20:05:10,586 [omNode-bootstrap-2-server-thread1] INFO  server.RaftServer$Division (RaftServerImpl.java:appendEntriesAsync(1584)) - omNode-bootstrap-2@group-0AAC5367B30E: appendEntries* reply omNode-1<-omNode-bootstrap-2#63:FAIL-t1,INCONSISTENCY,nextIndex=0,followerCommit=-1,matchIndex=-1
2024-08-03 20:05:10,588 [grpc-default-executor-5] INFO  impl.SnapshotInstallationHandler (SnapshotInstallationHandler.java:installSnapshot(92)) - omNode-bootstrap-2@group-0AAC5367B30E: receive installSnapshot: omNode-1->omNode-bootstrap-2#0-t1,notify:(t:1, i:0)
2024-08-03 20:05:10,588 [grpc-default-executor-5] INFO  impl.SnapshotInstallationHandler (SnapshotInstallationHandler.java:installSnapshotImpl(138)) - omNode-bootstrap-2@group-0AAC5367B30E: set new configuration configurationEntry {
  peers {
    id: "omNode-3"
    address: "localhost:15023"
    startupRole: FOLLOWER
  }
  peers {
    id: "omNode-1"
    address: "localhost:15015"
    startupRole: FOLLOWER
  }
  peers {
    id: "omNode-2"
    address: "localhost:15019"
    startupRole: FOLLOWER
  }
}
 from snapshot
2024-08-03 20:05:10,588 [grpc-default-executor-5] INFO  server.RaftServer$Division (ServerState.java:setRaftConf(386)) - omNode-bootstrap-2@group-0AAC5367B30E: set configuration conf: {index: 0, cur=peers:[omNode-3|localhost:15023, omNode-1|localhost:15015, omNode-2|localhost:15019]|listeners:[], old=null}
2024-08-03 20:05:10,590 [grpc-default-executor-5] INFO  ratis.OzoneManagerStateMachine (OzoneManagerStateMachine.java:notifyConfigurationChanged(216)) - Received Configuration change notification from Ratis. New Peer list:
[id: "omNode-3"
address: "localhost:15023"
startupRole: FOLLOWER
, id: "omNode-1"
address: "localhost:15015"
startupRole: FOLLOWER
, id: "omNode-2"
address: "localhost:15019"
startupRole: FOLLOWER
]
2024-08-03 20:05:10,590 [grpc-default-executor-5] INFO  impl.SnapshotInstallationHandler (SnapshotInstallationHandler.java:installSnapshot(103)) - omNode-bootstrap-2@group-0AAC5367B30E: reply installSnapshot: omNode-1<-omNode-bootstrap-2#0:FAIL-t1,IN_PROGRESS,snapshotIndex=0
2024-08-03 20:05:10,590 [grpc-default-executor-5] INFO  server.GrpcServerProtocolService (GrpcServerProtocolService.java:onCompleted(157)) - omNode-bootstrap-2: Completed INSTALL_SNAPSHOT, lastRequest: omNode-1->omNode-bootstrap-2#0-t1,notify:(t:1, i:0)
2024-08-03 20:05:10,590 [grpc-default-executor-5] INFO  server.GrpcServerProtocolService (GrpcServerProtocolService.java:lambda$onCompleted$5(159)) - omNode-bootstrap-2: Completed INSTALL_SNAPSHOT, lastReply: null
2024-08-03 20:05:10,591 [omNode-bootstrap-2-server-thread1] INFO  server.RaftServer$Division (RaftServerImpl.java:checkInconsistentAppendEntries(1629)) - omNode-bootstrap-2@group-0AAC5367B30E: Failed appendEntries as snapshot (0) installation is in progress
2024-08-03 20:05:10,591 [omNode-bootstrap-2-server-thread1] INFO  server.RaftServer$Division (RaftServerImpl.java:appendEntriesAsync(1584)) - omNode-bootstrap-2@group-0AAC5367B30E: appendEntries* reply omNode-1<-omNode-bootstrap-2#64:FAIL-t1,INCONSISTENCY,nextIndex=0,followerCommit=-1,matchIndex=-1
2024-08-03 20:05:10,593 [grpc-default-executor-5] INFO  impl.SnapshotInstallationHandler (SnapshotInstallationHandler.java:installSnapshot(92)) - omNode-bootstrap-2@group-0AAC5367B30E: receive installSnapshot: omNode-1->omNode-bootstrap-2#0-t1,notify:(t:1, i:0)
2024-08-03 20:05:10,593 [grpc-default-executor-5] INFO  impl.SnapshotInstallationHandler (SnapshotInstallationHandler.java:installSnapshotImpl(138)) - omNode-bootstrap-2@group-0AAC5367B30E: set new configuration configurationEntry {
  peers {
    id: "omNode-3"
    address: "localhost:15023"
    startupRole: FOLLOWER
  }
  peers {
    id: "omNode-1"
    address: "localhost:15015"
    startupRole: FOLLOWER
  }
  peers {
    id: "omNode-2"
    address: "localhost:15019"
    startupRole: FOLLOWER
  }
}
 from snapshot
2024-08-03 20:05:10,593 [grpc-default-executor-5] INFO  server.RaftServer$Division (ServerState.java:setRaftConf(386)) - omNode-bootstrap-2@group-0AAC5367B30E: set configuration conf: {index: 0, cur=peers:[omNode-3|localhost:15023, omNode-1|localhost:15015, omNode-2|localhost:15019]|listeners:[], old=null}
2024-08-03 20:05:10,595 [grpc-default-executor-5] INFO  ratis.OzoneManagerStateMachine (OzoneManagerStateMachine.java:notifyConfigurationChanged(216)) - Received Configuration change notification from Ratis. New Peer list:
[id: "omNode-3"
address: "localhost:15023"
startupRole: FOLLOWER
, id: "omNode-1"
address: "localhost:15015"
startupRole: FOLLOWER
, id: "omNode-2"
address: "localhost:15019"
startupRole: FOLLOWER
]
2024-08-03 20:05:10,595 [grpc-default-executor-5] INFO  impl.SnapshotInstallationHandler (SnapshotInstallationHandler.java:installSnapshot(103)) - omNode-bootstrap-2@group-0AAC5367B30E: reply installSnapshot: omNode-1<-omNode-bootstrap-2#0:FAIL-t1,IN_PROGRESS,snapshotIndex=0
2024-08-03 20:05:10,595 [grpc-default-executor-5] INFO  server.GrpcServerProtocolService (GrpcServerProtocolService.java:onCompleted(157)) - omNode-bootstrap-2: Completed INSTALL_SNAPSHOT, lastRequest: omNode-1->omNode-bootstrap-2#0-t1,notify:(t:1, i:0)
2024-08-03 20:05:10,596 [grpc-default-executor-5] INFO  server.GrpcServerProtocolService (GrpcServerProtocolService.java:lambda$onCompleted$5(159)) - omNode-bootstrap-2: Completed INSTALL_SNAPSHOT, lastReply: null
2024-08-03 20:05:10,600 [omNode-bootstrap-2-server-thread1] INFO  server.RaftServer$Division (RaftServerImpl.java:checkInconsistentAppendEntries(1629)) - omNode-bootstrap-2@group-0AAC5367B30E: Failed appendEntries as snapshot (0) installation is in progress
2024-08-03 20:05:10,600 [omNode-bootstrap-2-server-thread1] INFO  server.RaftServer$Division (RaftServerImpl.java:appendEntriesAsync(1584)) - omNode-bootstrap-2@group-0AAC5367B30E: appendEntries* reply omNode-1<-omNode-bootstrap-2#65:FAIL-t1,INCONSISTENCY,nextIndex=0,followerCommit=-1,matchIndex=-1
2024-08-03 20:05:10,600 [grpc-default-executor-1] INFO  impl.SnapshotInstallationHandler (SnapshotInstallationHandler.java:installSnapshot(92)) - omNode-bootstrap-2@group-0AAC5367B30E: receive installSnapshot: omNode-1->omNode-bootstrap-2#0-t1,notify:(t:1, i:0)
2024-08-03 20:05:10,600 [grpc-default-executor-1] INFO  impl.SnapshotInstallationHandler (SnapshotInstallationHandler.java:installSnapshotImpl(138)) - omNode-bootstrap-2@group-0AAC5367B30E: set new configuration configurationEntry {
  peers {
    id: "omNode-3"
    address: "localhost:15023"
    startupRole: FOLLOWER
  }
  peers {
    id: "omNode-1"
    address: "localhost:15015"
    startupRole: FOLLOWER
  }
  peers {
    id: "omNode-2"
    address: "localhost:15019"
    startupRole: FOLLOWER
  }
}
 from snapshot
2024-08-03 20:05:10,601 [grpc-default-executor-1] INFO  server.RaftServer$Division (ServerState.java:setRaftConf(386)) - omNode-bootstrap-2@group-0AAC5367B30E: set configuration conf: {index: 0, cur=peers:[omNode-3|localhost:15023, omNode-1|localhost:15015, omNode-2|localhost:15019]|listeners:[], old=null}
2024-08-03 20:05:10,603 [grpc-default-executor-1] INFO  ratis.OzoneManagerStateMachine (OzoneManagerStateMachine.java:notifyConfigurationChanged(216)) - Received Configuration change notification from Ratis. New Peer list:
[id: "omNode-3"
address: "localhost:15023"
startupRole: FOLLOWER
, id: "omNode-1"
address: "localhost:15015"
startupRole: FOLLOWER
, id: "omNode-2"
address: "localhost:15019"
startupRole: FOLLOWER
]
2024-08-03 20:05:10,603 [grpc-default-executor-1] INFO  impl.SnapshotInstallationHandler (SnapshotInstallationHandler.java:installSnapshot(103)) - omNode-bootstrap-2@group-0AAC5367B30E: reply installSnapshot: omNode-1<-omNode-bootstrap-2#0:FAIL-t1,IN_PROGRESS,snapshotIndex=0
2024-08-03 20:05:10,603 [grpc-default-executor-1] INFO  server.GrpcServerProtocolService (GrpcServerProtocolService.java:onCompleted(157)) - omNode-bootstrap-2: Completed INSTALL_SNAPSHOT, lastRequest: omNode-1->omNode-bootstrap-2#0-t1,notify:(t:1, i:0)
2024-08-03 20:05:10,603 [grpc-default-executor-1] INFO  server.GrpcServerProtocolService (GrpcServerProtocolService.java:lambda$onCompleted$5(159)) - omNode-bootstrap-2: Completed INSTALL_SNAPSHOT, lastReply: null
2024-08-03 20:05:10,605 [omNode-bootstrap-2-server-thread1] INFO  server.RaftServer$Division (RaftServerImpl.java:checkInconsistentAppendEntries(1629)) - omNode-bootstrap-2@group-0AAC5367B30E: Failed appendEntries as snapshot (0) installation is in progress
2024-08-03 20:05:10,605 [omNode-bootstrap-2-server-thread1] INFO  server.RaftServer$Division (RaftServerImpl.java:appendEntriesAsync(1584)) - omNode-bootstrap-2@group-0AAC5367B30E: appendEntries* reply omNode-1<-omNode-bootstrap-2#66:FAIL-t1,INCONSISTENCY,nextIndex=0,followerCommit=-1,matchIndex=-1
2024-08-03 20:05:10,607 [grpc-default-executor-1] INFO  impl.SnapshotInstallationHandler (SnapshotInstallationHandler.java:installSnapshot(92)) - omNode-bootstrap-2@group-0AAC5367B30E: receive installSnapshot: omNode-1->omNode-bootstrap-2#0-t1,notify:(t:1, i:0)
2024-08-03 20:05:10,607 [grpc-default-executor-1] INFO  impl.SnapshotInstallationHandler (SnapshotInstallationHandler.java:installSnapshotImpl(138)) - omNode-bootstrap-2@group-0AAC5367B30E: set new configuration configurationEntry {
  peers {
    id: "omNode-3"
    address: "localhost:15023"
    startupRole: FOLLOWER
  }
  peers {
    id: "omNode-1"
    address: "localhost:15015"
    startupRole: FOLLOWER
  }
  peers {
    id: "omNode-2"
    address: "localhost:15019"
    startupRole: FOLLOWER
  }
}
 from snapshot
2024-08-03 20:05:10,607 [grpc-default-executor-1] INFO  server.RaftServer$Division (ServerState.java:setRaftConf(386)) - omNode-bootstrap-2@group-0AAC5367B30E: set configuration conf: {index: 0, cur=peers:[omNode-3|localhost:15023, omNode-1|localhost:15015, omNode-2|localhost:15019]|listeners:[], old=null}
2024-08-03 20:05:10,609 [grpc-default-executor-1] INFO  ratis.OzoneManagerStateMachine (OzoneManagerStateMachine.java:notifyConfigurationChanged(216)) - Received Configuration change notification from Ratis. New Peer list:
[id: "omNode-3"
address: "localhost:15023"
startupRole: FOLLOWER
, id: "omNode-1"
address: "localhost:15015"
startupRole: FOLLOWER
, id: "omNode-2"
address: "localhost:15019"
startupRole: FOLLOWER
]
2024-08-03 20:05:10,609 [grpc-default-executor-1] INFO  impl.SnapshotInstallationHandler (SnapshotInstallationHandler.java:installSnapshot(103)) - omNode-bootstrap-2@group-0AAC5367B30E: reply installSnapshot: omNode-1<-omNode-bootstrap-2#0:FAIL-t1,IN_PROGRESS,snapshotIndex=0
2024-08-03 20:05:10,610 [grpc-default-executor-1] INFO  server.GrpcServerProtocolService (GrpcServerProtocolService.java:onCompleted(157)) - omNode-bootstrap-2: Completed INSTALL_SNAPSHOT, lastRequest: omNode-1->omNode-bootstrap-2#0-t1,notify:(t:1, i:0)
2024-08-03 20:05:10,610 [grpc-default-executor-1] INFO  server.GrpcServerProtocolService (GrpcServerProtocolService.java:lambda$onCompleted$5(159)) - omNode-bootstrap-2: Completed INSTALL_SNAPSHOT, lastReply: null
2024-08-03 20:05:10,611 [omNode-bootstrap-2-server-thread1] INFO  server.RaftServer$Division (RaftServerImpl.java:checkInconsistentAppendEntries(1629)) - omNode-bootstrap-2@group-0AAC5367B30E: Failed appendEntries as snapshot (0) installation is in progress
2024-08-03 20:05:10,611 [omNode-bootstrap-2-server-thread1] INFO  server.RaftServer$Division (RaftServerImpl.java:appendEntriesAsync(1584)) - omNode-bootstrap-2@group-0AAC5367B30E: appendEntries* reply omNode-1<-omNode-bootstrap-2#67:FAIL-t1,INCONSISTENCY,nextIndex=0,followerCommit=-1,matchIndex=-1
2024-08-03 20:05:10,612 [grpc-default-executor-5] INFO  impl.SnapshotInstallationHandler (SnapshotInstallationHandler.java:installSnapshot(92)) - omNode-bootstrap-2@group-0AAC5367B30E: receive installSnapshot: omNode-1->omNode-bootstrap-2#0-t1,notify:(t:1, i:0)
2024-08-03 20:05:10,612 [grpc-default-executor-5] INFO  impl.SnapshotInstallationHandler (SnapshotInstallationHandler.java:installSnapshotImpl(138)) - omNode-bootstrap-2@group-0AAC5367B30E: set new configuration configurationEntry {
  peers {
    id: "omNode-3"
    address: "localhost:15023"
    startupRole: FOLLOWER
  }
  peers {
    id: "omNode-1"
    address: "localhost:15015"
    startupRole: FOLLOWER
  }
  peers {
    id: "omNode-2"
    address: "localhost:15019"
    startupRole: FOLLOWER
  }
}
 from snapshot
2024-08-03 20:05:10,612 [grpc-default-executor-5] INFO  server.RaftServer$Division (ServerState.java:setRaftConf(386)) - omNode-bootstrap-2@group-0AAC5367B30E: set configuration conf: {index: 0, cur=peers:[omNode-3|localhost:15023, omNode-1|localhost:15015, omNode-2|localhost:15019]|listeners:[], old=null}
2024-08-03 20:05:10,615 [grpc-default-executor-5] INFO  ratis.OzoneManagerStateMachine (OzoneManagerStateMachine.java:notifyConfigurationChanged(216)) - Received Configuration change notification from Ratis. New Peer list:
[id: "omNode-3"
address: "localhost:15023"
startupRole: FOLLOWER
, id: "omNode-1"
address: "localhost:15015"
startupRole: FOLLOWER
, id: "omNode-2"
address: "localhost:15019"
startupRole: FOLLOWER
]
2024-08-03 20:05:10,615 [grpc-default-executor-5] INFO  impl.SnapshotInstallationHandler (SnapshotInstallationHandler.java:installSnapshot(103)) - omNode-bootstrap-2@group-0AAC5367B30E: reply installSnapshot: omNode-1<-omNode-bootstrap-2#0:FAIL-t1,IN_PROGRESS,snapshotIndex=0
2024-08-03 20:05:10,616 [grpc-default-executor-5] INFO  server.GrpcServerProtocolService (GrpcServerProtocolService.java:onCompleted(157)) - omNode-bootstrap-2: Completed INSTALL_SNAPSHOT, lastRequest: omNode-1->omNode-bootstrap-2#0-t1,notify:(t:1, i:0)
2024-08-03 20:05:10,616 [grpc-default-executor-5] INFO  server.GrpcServerProtocolService (GrpcServerProtocolService.java:lambda$onCompleted$5(159)) - omNode-bootstrap-2: Completed INSTALL_SNAPSHOT, lastReply: null
2024-08-03 20:05:10,617 [omNode-bootstrap-2-server-thread1] INFO  server.RaftServer$Division (RaftServerImpl.java:checkInconsistentAppendEntries(1629)) - omNode-bootstrap-2@group-0AAC5367B30E: Failed appendEntries as snapshot (0) installation is in progress
2024-08-03 20:05:10,617 [omNode-bootstrap-2-server-thread1] INFO  server.RaftServer$Division (RaftServerImpl.java:appendEntriesAsync(1584)) - omNode-bootstrap-2@group-0AAC5367B30E: appendEntries* reply omNode-1<-omNode-bootstrap-2#68:FAIL-t1,INCONSISTENCY,nextIndex=0,followerCommit=-1,matchIndex=-1
2024-08-03 20:05:10,618 [grpc-default-executor-5] INFO  impl.SnapshotInstallationHandler (SnapshotInstallationHandler.java:installSnapshot(92)) - omNode-bootstrap-2@group-0AAC5367B30E: receive installSnapshot: omNode-1->omNode-bootstrap-2#0-t1,notify:(t:1, i:0)
2024-08-03 20:05:10,618 [grpc-default-executor-5] INFO  impl.SnapshotInstallationHandler (SnapshotInstallationHandler.java:installSnapshotImpl(138)) - omNode-bootstrap-2@group-0AAC5367B30E: set new configuration configurationEntry {
  peers {
    id: "omNode-3"
    address: "localhost:15023"
    startupRole: FOLLOWER
  }
  peers {
    id: "omNode-1"
    address: "localhost:15015"
    startupRole: FOLLOWER
  }
  peers {
    id: "omNode-2"
    address: "localhost:15019"
    startupRole: FOLLOWER
  }
}
 from snapshot
2024-08-03 20:05:10,618 [grpc-default-executor-5] INFO  server.RaftServer$Division (ServerState.java:setRaftConf(386)) - omNode-bootstrap-2@group-0AAC5367B30E: set configuration conf: {index: 0, cur=peers:[omNode-3|localhost:15023, omNode-1|localhost:15015, omNode-2|localhost:15019]|listeners:[], old=null}
2024-08-03 20:05:10,620 [grpc-default-executor-5] INFO  ratis.OzoneManagerStateMachine (OzoneManagerStateMachine.java:notifyConfigurationChanged(216)) - Received Configuration change notification from Ratis. New Peer list:
[id: "omNode-3"
address: "localhost:15023"
startupRole: FOLLOWER
, id: "omNode-1"
address: "localhost:15015"
startupRole: FOLLOWER
, id: "omNode-2"
address: "localhost:15019"
startupRole: FOLLOWER
]
2024-08-03 20:05:10,620 [grpc-default-executor-5] INFO  impl.SnapshotInstallationHandler (SnapshotInstallationHandler.java:installSnapshot(103)) - omNode-bootstrap-2@group-0AAC5367B30E: reply installSnapshot: omNode-1<-omNode-bootstrap-2#0:FAIL-t1,IN_PROGRESS,snapshotIndex=0
2024-08-03 20:05:10,620 [grpc-default-executor-5] INFO  server.GrpcServerProtocolService (GrpcServerProtocolService.java:onCompleted(157)) - omNode-bootstrap-2: Completed INSTALL_SNAPSHOT, lastRequest: omNode-1->omNode-bootstrap-2#0-t1,notify:(t:1, i:0)
2024-08-03 20:05:10,620 [grpc-default-executor-5] INFO  server.GrpcServerProtocolService (GrpcServerProtocolService.java:lambda$onCompleted$5(159)) - omNode-bootstrap-2: Completed INSTALL_SNAPSHOT, lastReply: null
2024-08-03 20:05:10,621 [omNode-bootstrap-2-server-thread1] INFO  server.RaftServer$Division (RaftServerImpl.java:checkInconsistentAppendEntries(1629)) - omNode-bootstrap-2@group-0AAC5367B30E: Failed appendEntries as snapshot (0) installation is in progress
2024-08-03 20:05:10,621 [omNode-bootstrap-2-server-thread1] INFO  server.RaftServer$Division (RaftServerImpl.java:appendEntriesAsync(1584)) - omNode-bootstrap-2@group-0AAC5367B30E: appendEntries* reply omNode-1<-omNode-bootstrap-2#69:FAIL-t1,INCONSISTENCY,nextIndex=0,followerCommit=-1,matchIndex=-1
2024-08-03 20:05:10,622 [grpc-default-executor-1] INFO  impl.SnapshotInstallationHandler (SnapshotInstallationHandler.java:installSnapshot(92)) - omNode-bootstrap-2@group-0AAC5367B30E: receive installSnapshot: omNode-1->omNode-bootstrap-2#0-t1,notify:(t:1, i:0)
2024-08-03 20:05:10,622 [grpc-default-executor-1] INFO  impl.SnapshotInstallationHandler (SnapshotInstallationHandler.java:installSnapshotImpl(138)) - omNode-bootstrap-2@group-0AAC5367B30E: set new configuration configurationEntry {
  peers {
    id: "omNode-3"
    address: "localhost:15023"
    startupRole: FOLLOWER
  }
  peers {
    id: "omNode-1"
    address: "localhost:15015"
    startupRole: FOLLOWER
  }
  peers {
    id: "omNode-2"
    address: "localhost:15019"
    startupRole: FOLLOWER
  }
}
 from snapshot
2024-08-03 20:05:10,622 [grpc-default-executor-1] INFO  server.RaftServer$Division (ServerState.java:setRaftConf(386)) - omNode-bootstrap-2@group-0AAC5367B30E: set configuration conf: {index: 0, cur=peers:[omNode-3|localhost:15023, omNode-1|localhost:15015, omNode-2|localhost:15019]|listeners:[], old=null}
2024-08-03 20:05:10,623 [grpc-default-executor-1] INFO  ratis.OzoneManagerStateMachine (OzoneManagerStateMachine.java:notifyConfigurationChanged(216)) - Received Configuration change notification from Ratis. New Peer list:
[id: "omNode-3"
address: "localhost:15023"
startupRole: FOLLOWER
, id: "omNode-1"
address: "localhost:15015"
startupRole: FOLLOWER
, id: "omNode-2"
address: "localhost:15019"
startupRole: FOLLOWER
]
2024-08-03 20:05:10,623 [grpc-default-executor-1] INFO  impl.SnapshotInstallationHandler (SnapshotInstallationHandler.java:installSnapshot(103)) - omNode-bootstrap-2@group-0AAC5367B30E: reply installSnapshot: omNode-1<-omNode-bootstrap-2#0:FAIL-t1,IN_PROGRESS,snapshotIndex=0
2024-08-03 20:05:10,624 [grpc-default-executor-1] INFO  server.GrpcServerProtocolService (GrpcServerProtocolService.java:onCompleted(157)) - omNode-bootstrap-2: Completed INSTALL_SNAPSHOT, lastRequest: omNode-1->omNode-bootstrap-2#0-t1,notify:(t:1, i:0)
2024-08-03 20:05:10,624 [grpc-default-executor-1] INFO  server.GrpcServerProtocolService (GrpcServerProtocolService.java:lambda$onCompleted$5(159)) - omNode-bootstrap-2: Completed INSTALL_SNAPSHOT, lastReply: null
2024-08-03 20:05:10,625 [omNode-bootstrap-2-server-thread1] INFO  server.RaftServer$Division (RaftServerImpl.java:checkInconsistentAppendEntries(1629)) - omNode-bootstrap-2@group-0AAC5367B30E: Failed appendEntries as snapshot (0) installation is in progress
2024-08-03 20:05:10,625 [omNode-bootstrap-2-server-thread1] INFO  server.RaftServer$Division (RaftServerImpl.java:appendEntriesAsync(1584)) - omNode-bootstrap-2@group-0AAC5367B30E: appendEntries* reply omNode-1<-omNode-bootstrap-2#70:FAIL-t1,INCONSISTENCY,nextIndex=0,followerCommit=-1,matchIndex=-1
2024-08-03 20:05:10,626 [grpc-default-executor-1] INFO  impl.SnapshotInstallationHandler (SnapshotInstallationHandler.java:installSnapshot(92)) - omNode-bootstrap-2@group-0AAC5367B30E: receive installSnapshot: omNode-1->omNode-bootstrap-2#0-t1,notify:(t:1, i:0)
2024-08-03 20:05:10,626 [grpc-default-executor-1] INFO  impl.SnapshotInstallationHandler (SnapshotInstallationHandler.java:installSnapshotImpl(138)) - omNode-bootstrap-2@group-0AAC5367B30E: set new configuration configurationEntry {
  peers {
    id: "omNode-3"
    address: "localhost:15023"
    startupRole: FOLLOWER
  }
  peers {
    id: "omNode-1"
    address: "localhost:15015"
    startupRole: FOLLOWER
  }
  peers {
    id: "omNode-2"
    address: "localhost:15019"
    startupRole: FOLLOWER
  }
}
 from snapshot
2024-08-03 20:05:10,626 [grpc-default-executor-1] INFO  server.RaftServer$Division (ServerState.java:setRaftConf(386)) - omNode-bootstrap-2@group-0AAC5367B30E: set configuration conf: {index: 0, cur=peers:[omNode-3|localhost:15023, omNode-1|localhost:15015, omNode-2|localhost:15019]|listeners:[], old=null}
2024-08-03 20:05:10,627 [grpc-default-executor-1] INFO  ratis.OzoneManagerStateMachine (OzoneManagerStateMachine.java:notifyConfigurationChanged(216)) - Received Configuration change notification from Ratis. New Peer list:
[id: "omNode-3"
address: "localhost:15023"
startupRole: FOLLOWER
, id: "omNode-1"
address: "localhost:15015"
startupRole: FOLLOWER
, id: "omNode-2"
address: "localhost:15019"
startupRole: FOLLOWER
]
2024-08-03 20:05:10,628 [grpc-default-executor-1] INFO  impl.SnapshotInstallationHandler (SnapshotInstallationHandler.java:installSnapshot(103)) - omNode-bootstrap-2@group-0AAC5367B30E: reply installSnapshot: omNode-1<-omNode-bootstrap-2#0:FAIL-t1,IN_PROGRESS,snapshotIndex=0
2024-08-03 20:05:10,628 [grpc-default-executor-1] INFO  server.GrpcServerProtocolService (GrpcServerProtocolService.java:onCompleted(157)) - omNode-bootstrap-2: Completed INSTALL_SNAPSHOT, lastRequest: omNode-1->omNode-bootstrap-2#0-t1,notify:(t:1, i:0)
2024-08-03 20:05:10,628 [grpc-default-executor-1] INFO  server.GrpcServerProtocolService (GrpcServerProtocolService.java:lambda$onCompleted$5(159)) - omNode-bootstrap-2: Completed INSTALL_SNAPSHOT, lastReply: null
2024-08-03 20:05:10,629 [omNode-bootstrap-2-server-thread1] INFO  server.RaftServer$Division (RaftServerImpl.java:checkInconsistentAppendEntries(1629)) - omNode-bootstrap-2@group-0AAC5367B30E: Failed appendEntries as snapshot (0) installation is in progress
2024-08-03 20:05:10,629 [omNode-bootstrap-2-server-thread1] INFO  server.RaftServer$Division (RaftServerImpl.java:appendEntriesAsync(1584)) - omNode-bootstrap-2@group-0AAC5367B30E: appendEntries* reply omNode-1<-omNode-bootstrap-2#71:FAIL-t1,INCONSISTENCY,nextIndex=0,followerCommit=-1,matchIndex=-1
2024-08-03 20:05:10,630 [grpc-default-executor-1] INFO  impl.SnapshotInstallationHandler (SnapshotInstallationHandler.java:installSnapshot(92)) - omNode-bootstrap-2@group-0AAC5367B30E: receive installSnapshot: omNode-1->omNode-bootstrap-2#0-t1,notify:(t:1, i:0)
2024-08-03 20:05:10,630 [grpc-default-executor-1] INFO  impl.SnapshotInstallationHandler (SnapshotInstallationHandler.java:installSnapshotImpl(138)) - omNode-bootstrap-2@group-0AAC5367B30E: set new configuration configurationEntry {
  peers {
    id: "omNode-3"
    address: "localhost:15023"
    startupRole: FOLLOWER
  }
  peers {
    id: "omNode-1"
    address: "localhost:15015"
    startupRole: FOLLOWER
  }
  peers {
    id: "omNode-2"
    address: "localhost:15019"
    startupRole: FOLLOWER
  }
}
 from snapshot
2024-08-03 20:05:10,630 [grpc-default-executor-1] INFO  server.RaftServer$Division (ServerState.java:setRaftConf(386)) - omNode-bootstrap-2@group-0AAC5367B30E: set configuration conf: {index: 0, cur=peers:[omNode-3|localhost:15023, omNode-1|localhost:15015, omNode-2|localhost:15019]|listeners:[], old=null}
2024-08-03 20:05:10,631 [grpc-default-executor-1] INFO  ratis.OzoneManagerStateMachine (OzoneManagerStateMachine.java:notifyConfigurationChanged(216)) - Received Configuration change notification from Ratis. New Peer list:
[id: "omNode-3"
address: "localhost:15023"
startupRole: FOLLOWER
, id: "omNode-1"
address: "localhost:15015"
startupRole: FOLLOWER
, id: "omNode-2"
address: "localhost:15019"
startupRole: FOLLOWER
]
2024-08-03 20:05:10,632 [grpc-default-executor-1] INFO  impl.SnapshotInstallationHandler (SnapshotInstallationHandler.java:installSnapshot(103)) - omNode-bootstrap-2@group-0AAC5367B30E: reply installSnapshot: omNode-1<-omNode-bootstrap-2#0:FAIL-t1,IN_PROGRESS,snapshotIndex=0
2024-08-03 20:05:10,632 [grpc-default-executor-1] INFO  server.GrpcServerProtocolService (GrpcServerProtocolService.java:onCompleted(157)) - omNode-bootstrap-2: Completed INSTALL_SNAPSHOT, lastRequest: omNode-1->omNode-bootstrap-2#0-t1,notify:(t:1, i:0)
2024-08-03 20:05:10,632 [grpc-default-executor-1] INFO  server.GrpcServerProtocolService (GrpcServerProtocolService.java:lambda$onCompleted$5(159)) - omNode-bootstrap-2: Completed INSTALL_SNAPSHOT, lastReply: null
2024-08-03 20:05:10,633 [grpc-default-executor-5] INFO  impl.SnapshotInstallationHandler (SnapshotInstallationHandler.java:installSnapshot(92)) - omNode-bootstrap-2@group-0AAC5367B30E: receive installSnapshot: omNode-1->omNode-bootstrap-2#0-t1,notify:(t:1, i:0)
2024-08-03 20:05:10,634 [grpc-default-executor-5] INFO  impl.SnapshotInstallationHandler (SnapshotInstallationHandler.java:installSnapshotImpl(138)) - omNode-bootstrap-2@group-0AAC5367B30E: set new configuration configurationEntry {
  peers {
    id: "omNode-3"
    address: "localhost:15023"
    startupRole: FOLLOWER
  }
  peers {
    id: "omNode-1"
    address: "localhost:15015"
    startupRole: FOLLOWER
  }
  peers {
    id: "omNode-2"
    address: "localhost:15019"
    startupRole: FOLLOWER
  }
}
 from snapshot
2024-08-03 20:05:10,634 [grpc-default-executor-5] INFO  server.RaftServer$Division (ServerState.java:setRaftConf(386)) - omNode-bootstrap-2@group-0AAC5367B30E: set configuration conf: {index: 0, cur=peers:[omNode-3|localhost:15023, omNode-1|localhost:15015, omNode-2|localhost:15019]|listeners:[], old=null}
2024-08-03 20:05:10,635 [omNode-bootstrap-2-server-thread1] INFO  server.RaftServer$Division (RaftServerImpl.java:checkInconsistentAppendEntries(1629)) - omNode-bootstrap-2@group-0AAC5367B30E: Failed appendEntries as snapshot (0) installation is in progress
2024-08-03 20:05:10,635 [omNode-bootstrap-2-server-thread1] INFO  server.RaftServer$Division (RaftServerImpl.java:appendEntriesAsync(1584)) - omNode-bootstrap-2@group-0AAC5367B30E: appendEntries* reply omNode-1<-omNode-bootstrap-2#72:FAIL-t1,INCONSISTENCY,nextIndex=0,followerCommit=-1,matchIndex=-1
2024-08-03 20:05:10,635 [grpc-default-executor-5] INFO  ratis.OzoneManagerStateMachine (OzoneManagerStateMachine.java:notifyConfigurationChanged(216)) - Received Configuration change notification from Ratis. New Peer list:
[id: "omNode-3"
address: "localhost:15023"
startupRole: FOLLOWER
, id: "omNode-1"
address: "localhost:15015"
startupRole: FOLLOWER
, id: "omNode-2"
address: "localhost:15019"
startupRole: FOLLOWER
]
2024-08-03 20:05:10,636 [grpc-default-executor-5] INFO  impl.SnapshotInstallationHandler (SnapshotInstallationHandler.java:installSnapshot(103)) - omNode-bootstrap-2@group-0AAC5367B30E: reply installSnapshot: omNode-1<-omNode-bootstrap-2#0:FAIL-t1,IN_PROGRESS,snapshotIndex=0
2024-08-03 20:05:10,636 [grpc-default-executor-5] INFO  server.GrpcServerProtocolService (GrpcServerProtocolService.java:onCompleted(157)) - omNode-bootstrap-2: Completed INSTALL_SNAPSHOT, lastRequest: omNode-1->omNode-bootstrap-2#0-t1,notify:(t:1, i:0)
2024-08-03 20:05:10,636 [grpc-default-executor-5] INFO  server.GrpcServerProtocolService (GrpcServerProtocolService.java:lambda$onCompleted$5(159)) - omNode-bootstrap-2: Completed INSTALL_SNAPSHOT, lastReply: null
2024-08-03 20:05:10,637 [omNode-bootstrap-2-server-thread1] INFO  server.RaftServer$Division (RaftServerImpl.java:checkInconsistentAppendEntries(1629)) - omNode-bootstrap-2@group-0AAC5367B30E: Failed appendEntries as snapshot (0) installation is in progress
2024-08-03 20:05:10,637 [omNode-bootstrap-2-server-thread1] INFO  server.RaftServer$Division (RaftServerImpl.java:appendEntriesAsync(1584)) - omNode-bootstrap-2@group-0AAC5367B30E: appendEntries* reply omNode-1<-omNode-bootstrap-2#73:FAIL-t1,INCONSISTENCY,nextIndex=0,followerCommit=-1,matchIndex=-1
2024-08-03 20:05:10,637 [grpc-default-executor-3] INFO  impl.SnapshotInstallationHandler (SnapshotInstallationHandler.java:installSnapshot(92)) - omNode-bootstrap-2@group-0AAC5367B30E: receive installSnapshot: omNode-1->omNode-bootstrap-2#0-t1,notify:(t:1, i:0)
2024-08-03 20:05:10,638 [grpc-default-executor-3] INFO  impl.SnapshotInstallationHandler (SnapshotInstallationHandler.java:installSnapshotImpl(138)) - omNode-bootstrap-2@group-0AAC5367B30E: set new configuration configurationEntry {
  peers {
    id: "omNode-3"
    address: "localhost:15023"
    startupRole: FOLLOWER
  }
  peers {
    id: "omNode-1"
    address: "localhost:15015"
    startupRole: FOLLOWER
  }
  peers {
    id: "omNode-2"
    address: "localhost:15019"
    startupRole: FOLLOWER
  }
}
 from snapshot
2024-08-03 20:05:10,638 [grpc-default-executor-3] INFO  server.RaftServer$Division (ServerState.java:setRaftConf(386)) - omNode-bootstrap-2@group-0AAC5367B30E: set configuration conf: {index: 0, cur=peers:[omNode-3|localhost:15023, omNode-1|localhost:15015, omNode-2|localhost:15019]|listeners:[], old=null}
2024-08-03 20:05:10,639 [grpc-default-executor-3] INFO  ratis.OzoneManagerStateMachine (OzoneManagerStateMachine.java:notifyConfigurationChanged(216)) - Received Configuration change notification from Ratis. New Peer list:
[id: "omNode-3"
address: "localhost:15023"
startupRole: FOLLOWER
, id: "omNode-1"
address: "localhost:15015"
startupRole: FOLLOWER
, id: "omNode-2"
address: "localhost:15019"
startupRole: FOLLOWER
]
2024-08-03 20:05:10,639 [grpc-default-executor-3] INFO  impl.SnapshotInstallationHandler (SnapshotInstallationHandler.java:installSnapshot(103)) - omNode-bootstrap-2@group-0AAC5367B30E: reply installSnapshot: omNode-1<-omNode-bootstrap-2#0:FAIL-t1,IN_PROGRESS,snapshotIndex=0
2024-08-03 20:05:10,639 [grpc-default-executor-3] INFO  server.GrpcServerProtocolService (GrpcServerProtocolService.java:onCompleted(157)) - omNode-bootstrap-2: Completed INSTALL_SNAPSHOT, lastRequest: omNode-1->omNode-bootstrap-2#0-t1,notify:(t:1, i:0)
2024-08-03 20:05:10,639 [grpc-default-executor-3] INFO  server.GrpcServerProtocolService (GrpcServerProtocolService.java:lambda$onCompleted$5(159)) - omNode-bootstrap-2: Completed INSTALL_SNAPSHOT, lastReply: null
2024-08-03 20:05:10,640 [omNode-bootstrap-2-server-thread1] INFO  server.RaftServer$Division (RaftServerImpl.java:checkInconsistentAppendEntries(1629)) - omNode-bootstrap-2@group-0AAC5367B30E: Failed appendEntries as snapshot (0) installation is in progress
2024-08-03 20:05:10,640 [omNode-bootstrap-2-server-thread1] INFO  server.RaftServer$Division (RaftServerImpl.java:appendEntriesAsync(1584)) - omNode-bootstrap-2@group-0AAC5367B30E: appendEntries* reply omNode-1<-omNode-bootstrap-2#74:FAIL-t1,INCONSISTENCY,nextIndex=0,followerCommit=-1,matchIndex=-1
2024-08-03 20:05:10,641 [grpc-default-executor-3] INFO  impl.SnapshotInstallationHandler (SnapshotInstallationHandler.java:installSnapshot(92)) - omNode-bootstrap-2@group-0AAC5367B30E: receive installSnapshot: omNode-1->omNode-bootstrap-2#0-t1,notify:(t:1, i:0)
2024-08-03 20:05:10,641 [grpc-default-executor-3] INFO  impl.SnapshotInstallationHandler (SnapshotInstallationHandler.java:installSnapshotImpl(138)) - omNode-bootstrap-2@group-0AAC5367B30E: set new configuration configurationEntry {
  peers {
    id: "omNode-3"
    address: "localhost:15023"
    startupRole: FOLLOWER
  }
  peers {
    id: "omNode-1"
    address: "localhost:15015"
    startupRole: FOLLOWER
  }
  peers {
    id: "omNode-2"
    address: "localhost:15019"
    startupRole: FOLLOWER
  }
}
 from snapshot
2024-08-03 20:05:10,642 [grpc-default-executor-3] INFO  server.RaftServer$Division (ServerState.java:setRaftConf(386)) - omNode-bootstrap-2@group-0AAC5367B30E: set configuration conf: {index: 0, cur=peers:[omNode-3|localhost:15023, omNode-1|localhost:15015, omNode-2|localhost:15019]|listeners:[], old=null}
2024-08-03 20:05:10,643 [grpc-default-executor-3] INFO  ratis.OzoneManagerStateMachine (OzoneManagerStateMachine.java:notifyConfigurationChanged(216)) - Received Configuration change notification from Ratis. New Peer list:
[id: "omNode-3"
address: "localhost:15023"
startupRole: FOLLOWER
, id: "omNode-1"
address: "localhost:15015"
startupRole: FOLLOWER
, id: "omNode-2"
address: "localhost:15019"
startupRole: FOLLOWER
]
2024-08-03 20:05:10,643 [grpc-default-executor-3] INFO  impl.SnapshotInstallationHandler (SnapshotInstallationHandler.java:installSnapshot(103)) - omNode-bootstrap-2@group-0AAC5367B30E: reply installSnapshot: omNode-1<-omNode-bootstrap-2#0:FAIL-t1,IN_PROGRESS,snapshotIndex=0
2024-08-03 20:05:10,643 [grpc-default-executor-3] INFO  server.GrpcServerProtocolService (GrpcServerProtocolService.java:onCompleted(157)) - omNode-bootstrap-2: Completed INSTALL_SNAPSHOT, lastRequest: omNode-1->omNode-bootstrap-2#0-t1,notify:(t:1, i:0)
2024-08-03 20:05:10,643 [grpc-default-executor-3] INFO  server.GrpcServerProtocolService (GrpcServerProtocolService.java:lambda$onCompleted$5(159)) - omNode-bootstrap-2: Completed INSTALL_SNAPSHOT, lastReply: null
2024-08-03 20:05:10,644 [omNode-bootstrap-2-server-thread1] INFO  server.RaftServer$Division (RaftServerImpl.java:checkInconsistentAppendEntries(1629)) - omNode-bootstrap-2@group-0AAC5367B30E: Failed appendEntries as snapshot (0) installation is in progress
2024-08-03 20:05:10,645 [grpc-default-executor-1] INFO  impl.SnapshotInstallationHandler (SnapshotInstallationHandler.java:installSnapshot(92)) - omNode-bootstrap-2@group-0AAC5367B30E: receive installSnapshot: omNode-1->omNode-bootstrap-2#0-t1,notify:(t:1, i:0)
2024-08-03 20:05:10,645 [omNode-bootstrap-2-server-thread1] INFO  server.RaftServer$Division (RaftServerImpl.java:appendEntriesAsync(1584)) - omNode-bootstrap-2@group-0AAC5367B30E: appendEntries* reply omNode-1<-omNode-bootstrap-2#75:FAIL-t1,INCONSISTENCY,nextIndex=0,followerCommit=-1,matchIndex=-1
2024-08-03 20:05:10,645 [grpc-default-executor-1] INFO  impl.SnapshotInstallationHandler (SnapshotInstallationHandler.java:installSnapshotImpl(138)) - omNode-bootstrap-2@group-0AAC5367B30E: set new configuration configurationEntry {
  peers {
    id: "omNode-3"
    address: "localhost:15023"
    startupRole: FOLLOWER
  }
  peers {
    id: "omNode-1"
    address: "localhost:15015"
    startupRole: FOLLOWER
  }
  peers {
    id: "omNode-2"
    address: "localhost:15019"
    startupRole: FOLLOWER
  }
}
 from snapshot
2024-08-03 20:05:10,645 [grpc-default-executor-1] INFO  server.RaftServer$Division (ServerState.java:setRaftConf(386)) - omNode-bootstrap-2@group-0AAC5367B30E: set configuration conf: {index: 0, cur=peers:[omNode-3|localhost:15023, omNode-1|localhost:15015, omNode-2|localhost:15019]|listeners:[], old=null}
2024-08-03 20:05:10,646 [grpc-default-executor-1] INFO  ratis.OzoneManagerStateMachine (OzoneManagerStateMachine.java:notifyConfigurationChanged(216)) - Received Configuration change notification from Ratis. New Peer list:
[id: "omNode-3"
address: "localhost:15023"
startupRole: FOLLOWER
, id: "omNode-1"
address: "localhost:15015"
startupRole: FOLLOWER
, id: "omNode-2"
address: "localhost:15019"
startupRole: FOLLOWER
]
2024-08-03 20:05:10,647 [grpc-default-executor-1] INFO  impl.SnapshotInstallationHandler (SnapshotInstallationHandler.java:installSnapshot(103)) - omNode-bootstrap-2@group-0AAC5367B30E: reply installSnapshot: omNode-1<-omNode-bootstrap-2#0:FAIL-t1,IN_PROGRESS,snapshotIndex=0
2024-08-03 20:05:10,647 [grpc-default-executor-1] INFO  server.GrpcServerProtocolService (GrpcServerProtocolService.java:onCompleted(157)) - omNode-bootstrap-2: Completed INSTALL_SNAPSHOT, lastRequest: omNode-1->omNode-bootstrap-2#0-t1,notify:(t:1, i:0)
2024-08-03 20:05:10,647 [grpc-default-executor-1] INFO  server.GrpcServerProtocolService (GrpcServerProtocolService.java:lambda$onCompleted$5(159)) - omNode-bootstrap-2: Completed INSTALL_SNAPSHOT, lastReply: null
2024-08-03 20:05:10,647 [omNode-bootstrap-2-server-thread1] INFO  server.RaftServer$Division (RaftServerImpl.java:checkInconsistentAppendEntries(1629)) - omNode-bootstrap-2@group-0AAC5367B30E: Failed appendEntries as snapshot (0) installation is in progress
2024-08-03 20:05:10,648 [omNode-bootstrap-2-server-thread1] INFO  server.RaftServer$Division (RaftServerImpl.java:appendEntriesAsync(1584)) - omNode-bootstrap-2@group-0AAC5367B30E: appendEntries* reply omNode-1<-omNode-bootstrap-2#76:FAIL-t1,INCONSISTENCY,nextIndex=0,followerCommit=-1,matchIndex=-1
2024-08-03 20:05:10,649 [grpc-default-executor-1] INFO  impl.SnapshotInstallationHandler (SnapshotInstallationHandler.java:installSnapshot(92)) - omNode-bootstrap-2@group-0AAC5367B30E: receive installSnapshot: omNode-1->omNode-bootstrap-2#0-t1,notify:(t:1, i:0)
2024-08-03 20:05:10,649 [grpc-default-executor-1] INFO  impl.SnapshotInstallationHandler (SnapshotInstallationHandler.java:installSnapshotImpl(138)) - omNode-bootstrap-2@group-0AAC5367B30E: set new configuration configurationEntry {
  peers {
    id: "omNode-3"
    address: "localhost:15023"
    startupRole: FOLLOWER
  }
  peers {
    id: "omNode-1"
    address: "localhost:15015"
    startupRole: FOLLOWER
  }
  peers {
    id: "omNode-2"
    address: "localhost:15019"
    startupRole: FOLLOWER
  }
}
 from snapshot
2024-08-03 20:05:10,649 [grpc-default-executor-1] INFO  server.RaftServer$Division (ServerState.java:setRaftConf(386)) - omNode-bootstrap-2@group-0AAC5367B30E: set configuration conf: {index: 0, cur=peers:[omNode-3|localhost:15023, omNode-1|localhost:15015, omNode-2|localhost:15019]|listeners:[], old=null}
2024-08-03 20:05:10,650 [grpc-default-executor-1] INFO  ratis.OzoneManagerStateMachine (OzoneManagerStateMachine.java:notifyConfigurationChanged(216)) - Received Configuration change notification from Ratis. New Peer list:
[id: "omNode-3"
address: "localhost:15023"
startupRole: FOLLOWER
, id: "omNode-1"
address: "localhost:15015"
startupRole: FOLLOWER
, id: "omNode-2"
address: "localhost:15019"
startupRole: FOLLOWER
]
2024-08-03 20:05:10,651 [grpc-default-executor-1] INFO  impl.SnapshotInstallationHandler (SnapshotInstallationHandler.java:installSnapshot(103)) - omNode-bootstrap-2@group-0AAC5367B30E: reply installSnapshot: omNode-1<-omNode-bootstrap-2#0:FAIL-t1,IN_PROGRESS,snapshotIndex=0
2024-08-03 20:05:10,651 [grpc-default-executor-1] INFO  server.GrpcServerProtocolService (GrpcServerProtocolService.java:onCompleted(157)) - omNode-bootstrap-2: Completed INSTALL_SNAPSHOT, lastRequest: omNode-1->omNode-bootstrap-2#0-t1,notify:(t:1, i:0)
2024-08-03 20:05:10,651 [grpc-default-executor-1] INFO  server.GrpcServerProtocolService (GrpcServerProtocolService.java:lambda$onCompleted$5(159)) - omNode-bootstrap-2: Completed INSTALL_SNAPSHOT, lastReply: null
2024-08-03 20:05:10,652 [omNode-bootstrap-2-server-thread1] INFO  server.RaftServer$Division (RaftServerImpl.java:checkInconsistentAppendEntries(1629)) - omNode-bootstrap-2@group-0AAC5367B30E: Failed appendEntries as snapshot (0) installation is in progress
2024-08-03 20:05:10,652 [omNode-bootstrap-2-server-thread1] INFO  server.RaftServer$Division (RaftServerImpl.java:appendEntriesAsync(1584)) - omNode-bootstrap-2@group-0AAC5367B30E: appendEntries* reply omNode-1<-omNode-bootstrap-2#77:FAIL-t1,INCONSISTENCY,nextIndex=0,followerCommit=-1,matchIndex=-1
2024-08-03 20:05:10,654 [grpc-default-executor-3] INFO  impl.SnapshotInstallationHandler (SnapshotInstallationHandler.java:installSnapshot(92)) - omNode-bootstrap-2@group-0AAC5367B30E: receive installSnapshot: omNode-1->omNode-bootstrap-2#0-t1,notify:(t:1, i:0)
2024-08-03 20:05:10,654 [grpc-default-executor-3] INFO  impl.SnapshotInstallationHandler (SnapshotInstallationHandler.java:installSnapshotImpl(138)) - omNode-bootstrap-2@group-0AAC5367B30E: set new configuration configurationEntry {
  peers {
    id: "omNode-3"
    address: "localhost:15023"
    startupRole: FOLLOWER
  }
  peers {
    id: "omNode-1"
    address: "localhost:15015"
    startupRole: FOLLOWER
  }
  peers {
    id: "omNode-2"
    address: "localhost:15019"
    startupRole: FOLLOWER
  }
}
 from snapshot
2024-08-03 20:05:10,654 [grpc-default-executor-3] INFO  server.RaftServer$Division (ServerState.java:setRaftConf(386)) - omNode-bootstrap-2@group-0AAC5367B30E: set configuration conf: {index: 0, cur=peers:[omNode-3|localhost:15023, omNode-1|localhost:15015, omNode-2|localhost:15019]|listeners:[], old=null}
2024-08-03 20:05:10,656 [grpc-default-executor-3] INFO  ratis.OzoneManagerStateMachine (OzoneManagerStateMachine.java:notifyConfigurationChanged(216)) - Received Configuration change notification from Ratis. New Peer list:
[id: "omNode-3"
address: "localhost:15023"
startupRole: FOLLOWER
, id: "omNode-1"
address: "localhost:15015"
startupRole: FOLLOWER
, id: "omNode-2"
address: "localhost:15019"
startupRole: FOLLOWER
]
2024-08-03 20:05:10,656 [grpc-default-executor-3] INFO  impl.SnapshotInstallationHandler (SnapshotInstallationHandler.java:installSnapshot(103)) - omNode-bootstrap-2@group-0AAC5367B30E: reply installSnapshot: omNode-1<-omNode-bootstrap-2#0:FAIL-t1,IN_PROGRESS,snapshotIndex=0
2024-08-03 20:05:10,656 [grpc-default-executor-3] INFO  server.GrpcServerProtocolService (GrpcServerProtocolService.java:onCompleted(157)) - omNode-bootstrap-2: Completed INSTALL_SNAPSHOT, lastRequest: omNode-1->omNode-bootstrap-2#0-t1,notify:(t:1, i:0)
2024-08-03 20:05:10,656 [grpc-default-executor-3] INFO  server.GrpcServerProtocolService (GrpcServerProtocolService.java:lambda$onCompleted$5(159)) - omNode-bootstrap-2: Completed INSTALL_SNAPSHOT, lastReply: null
2024-08-03 20:05:10,657 [omNode-bootstrap-2-server-thread1] INFO  server.RaftServer$Division (RaftServerImpl.java:checkInconsistentAppendEntries(1629)) - omNode-bootstrap-2@group-0AAC5367B30E: Failed appendEntries as snapshot (0) installation is in progress
2024-08-03 20:05:10,657 [omNode-bootstrap-2-server-thread1] INFO  server.RaftServer$Division (RaftServerImpl.java:appendEntriesAsync(1584)) - omNode-bootstrap-2@group-0AAC5367B30E: appendEntries* reply omNode-1<-omNode-bootstrap-2#78:FAIL-t1,INCONSISTENCY,nextIndex=0,followerCommit=-1,matchIndex=-1
2024-08-03 20:05:10,659 [grpc-default-executor-3] INFO  impl.SnapshotInstallationHandler (SnapshotInstallationHandler.java:installSnapshot(92)) - omNode-bootstrap-2@group-0AAC5367B30E: receive installSnapshot: omNode-1->omNode-bootstrap-2#0-t1,notify:(t:1, i:0)
2024-08-03 20:05:10,659 [grpc-default-executor-3] INFO  impl.SnapshotInstallationHandler (SnapshotInstallationHandler.java:installSnapshotImpl(138)) - omNode-bootstrap-2@group-0AAC5367B30E: set new configuration configurationEntry {
  peers {
    id: "omNode-3"
    address: "localhost:15023"
    startupRole: FOLLOWER
  }
  peers {
    id: "omNode-1"
    address: "localhost:15015"
    startupRole: FOLLOWER
  }
  peers {
    id: "omNode-2"
    address: "localhost:15019"
    startupRole: FOLLOWER
  }
}
 from snapshot
2024-08-03 20:05:10,659 [grpc-default-executor-3] INFO  server.RaftServer$Division (ServerState.java:setRaftConf(386)) - omNode-bootstrap-2@group-0AAC5367B30E: set configuration conf: {index: 0, cur=peers:[omNode-3|localhost:15023, omNode-1|localhost:15015, omNode-2|localhost:15019]|listeners:[], old=null}
2024-08-03 20:05:10,660 [grpc-default-executor-3] INFO  ratis.OzoneManagerStateMachine (OzoneManagerStateMachine.java:notifyConfigurationChanged(216)) - Received Configuration change notification from Ratis. New Peer list:
[id: "omNode-3"
address: "localhost:15023"
startupRole: FOLLOWER
, id: "omNode-1"
address: "localhost:15015"
startupRole: FOLLOWER
, id: "omNode-2"
address: "localhost:15019"
startupRole: FOLLOWER
]
2024-08-03 20:05:10,661 [grpc-default-executor-3] INFO  impl.SnapshotInstallationHandler (SnapshotInstallationHandler.java:installSnapshot(103)) - omNode-bootstrap-2@group-0AAC5367B30E: reply installSnapshot: omNode-1<-omNode-bootstrap-2#0:FAIL-t1,IN_PROGRESS,snapshotIndex=0
2024-08-03 20:05:10,661 [grpc-default-executor-3] INFO  server.GrpcServerProtocolService (GrpcServerProtocolService.java:onCompleted(157)) - omNode-bootstrap-2: Completed INSTALL_SNAPSHOT, lastRequest: omNode-1->omNode-bootstrap-2#0-t1,notify:(t:1, i:0)
2024-08-03 20:05:10,661 [grpc-default-executor-3] INFO  server.GrpcServerProtocolService (GrpcServerProtocolService.java:lambda$onCompleted$5(159)) - omNode-bootstrap-2: Completed INSTALL_SNAPSHOT, lastReply: null
2024-08-03 20:05:10,662 [omNode-bootstrap-2-server-thread1] INFO  server.RaftServer$Division (RaftServerImpl.java:checkInconsistentAppendEntries(1629)) - omNode-bootstrap-2@group-0AAC5367B30E: Failed appendEntries as snapshot (0) installation is in progress
2024-08-03 20:05:10,662 [omNode-bootstrap-2-server-thread1] INFO  server.RaftServer$Division (RaftServerImpl.java:appendEntriesAsync(1584)) - omNode-bootstrap-2@group-0AAC5367B30E: appendEntries* reply omNode-1<-omNode-bootstrap-2#79:FAIL-t1,INCONSISTENCY,nextIndex=0,followerCommit=-1,matchIndex=-1
2024-08-03 20:05:10,663 [grpc-default-executor-3] INFO  impl.SnapshotInstallationHandler (SnapshotInstallationHandler.java:installSnapshot(92)) - omNode-bootstrap-2@group-0AAC5367B30E: receive installSnapshot: omNode-1->omNode-bootstrap-2#0-t1,notify:(t:1, i:0)
2024-08-03 20:05:10,663 [grpc-default-executor-3] INFO  impl.SnapshotInstallationHandler (SnapshotInstallationHandler.java:installSnapshotImpl(138)) - omNode-bootstrap-2@group-0AAC5367B30E: set new configuration configurationEntry {
  peers {
    id: "omNode-3"
    address: "localhost:15023"
    startupRole: FOLLOWER
  }
  peers {
    id: "omNode-1"
    address: "localhost:15015"
    startupRole: FOLLOWER
  }
  peers {
    id: "omNode-2"
    address: "localhost:15019"
    startupRole: FOLLOWER
  }
}
 from snapshot
2024-08-03 20:05:10,663 [grpc-default-executor-3] INFO  server.RaftServer$Division (ServerState.java:setRaftConf(386)) - omNode-bootstrap-2@group-0AAC5367B30E: set configuration conf: {index: 0, cur=peers:[omNode-3|localhost:15023, omNode-1|localhost:15015, omNode-2|localhost:15019]|listeners:[], old=null}
2024-08-03 20:05:10,665 [grpc-default-executor-3] INFO  ratis.OzoneManagerStateMachine (OzoneManagerStateMachine.java:notifyConfigurationChanged(216)) - Received Configuration change notification from Ratis. New Peer list:
[id: "omNode-3"
address: "localhost:15023"
startupRole: FOLLOWER
, id: "omNode-1"
address: "localhost:15015"
startupRole: FOLLOWER
, id: "omNode-2"
address: "localhost:15019"
startupRole: FOLLOWER
]
2024-08-03 20:05:10,665 [grpc-default-executor-3] INFO  impl.SnapshotInstallationHandler (SnapshotInstallationHandler.java:installSnapshot(103)) - omNode-bootstrap-2@group-0AAC5367B30E: reply installSnapshot: omNode-1<-omNode-bootstrap-2#0:FAIL-t1,IN_PROGRESS,snapshotIndex=0
2024-08-03 20:05:10,666 [grpc-default-executor-3] INFO  server.GrpcServerProtocolService (GrpcServerProtocolService.java:onCompleted(157)) - omNode-bootstrap-2: Completed INSTALL_SNAPSHOT, lastRequest: omNode-1->omNode-bootstrap-2#0-t1,notify:(t:1, i:0)
2024-08-03 20:05:10,666 [grpc-default-executor-3] INFO  server.GrpcServerProtocolService (GrpcServerProtocolService.java:lambda$onCompleted$5(159)) - omNode-bootstrap-2: Completed INSTALL_SNAPSHOT, lastReply: null
2024-08-03 20:05:10,668 [grpc-default-executor-3] INFO  impl.SnapshotInstallationHandler (SnapshotInstallationHandler.java:installSnapshot(92)) - omNode-bootstrap-2@group-0AAC5367B30E: receive installSnapshot: omNode-1->omNode-bootstrap-2#0-t1,notify:(t:1, i:0)
2024-08-03 20:05:10,668 [omNode-bootstrap-2-server-thread1] INFO  server.RaftServer$Division (RaftServerImpl.java:checkInconsistentAppendEntries(1629)) - omNode-bootstrap-2@group-0AAC5367B30E: Failed appendEntries as snapshot (0) installation is in progress
2024-08-03 20:05:10,668 [omNode-bootstrap-2-server-thread1] INFO  server.RaftServer$Division (RaftServerImpl.java:appendEntriesAsync(1584)) - omNode-bootstrap-2@group-0AAC5367B30E: appendEntries* reply omNode-1<-omNode-bootstrap-2#80:FAIL-t1,INCONSISTENCY,nextIndex=0,followerCommit=-1,matchIndex=-1
2024-08-03 20:05:10,668 [grpc-default-executor-3] INFO  impl.SnapshotInstallationHandler (SnapshotInstallationHandler.java:installSnapshotImpl(138)) - omNode-bootstrap-2@group-0AAC5367B30E: set new configuration configurationEntry {
  peers {
    id: "omNode-3"
    address: "localhost:15023"
    startupRole: FOLLOWER
  }
  peers {
    id: "omNode-1"
    address: "localhost:15015"
    startupRole: FOLLOWER
  }
  peers {
    id: "omNode-2"
    address: "localhost:15019"
    startupRole: FOLLOWER
  }
}
 from snapshot
2024-08-03 20:05:10,668 [grpc-default-executor-3] INFO  server.RaftServer$Division (ServerState.java:setRaftConf(386)) - omNode-bootstrap-2@group-0AAC5367B30E: set configuration conf: {index: 0, cur=peers:[omNode-3|localhost:15023, omNode-1|localhost:15015, omNode-2|localhost:15019]|listeners:[], old=null}
2024-08-03 20:05:10,670 [grpc-default-executor-3] INFO  ratis.OzoneManagerStateMachine (OzoneManagerStateMachine.java:notifyConfigurationChanged(216)) - Received Configuration change notification from Ratis. New Peer list:
[id: "omNode-3"
address: "localhost:15023"
startupRole: FOLLOWER
, id: "omNode-1"
address: "localhost:15015"
startupRole: FOLLOWER
, id: "omNode-2"
address: "localhost:15019"
startupRole: FOLLOWER
]
2024-08-03 20:05:10,670 [grpc-default-executor-3] INFO  impl.SnapshotInstallationHandler (SnapshotInstallationHandler.java:installSnapshot(103)) - omNode-bootstrap-2@group-0AAC5367B30E: reply installSnapshot: omNode-1<-omNode-bootstrap-2#0:FAIL-t1,IN_PROGRESS,snapshotIndex=0
2024-08-03 20:05:10,671 [grpc-default-executor-3] INFO  server.GrpcServerProtocolService (GrpcServerProtocolService.java:onCompleted(157)) - omNode-bootstrap-2: Completed INSTALL_SNAPSHOT, lastRequest: omNode-1->omNode-bootstrap-2#0-t1,notify:(t:1, i:0)
2024-08-03 20:05:10,671 [grpc-default-executor-3] INFO  server.GrpcServerProtocolService (GrpcServerProtocolService.java:lambda$onCompleted$5(159)) - omNode-bootstrap-2: Completed INSTALL_SNAPSHOT, lastReply: null
2024-08-03 20:05:10,672 [omNode-bootstrap-2-server-thread1] INFO  server.RaftServer$Division (RaftServerImpl.java:checkInconsistentAppendEntries(1629)) - omNode-bootstrap-2@group-0AAC5367B30E: Failed appendEntries as snapshot (0) installation is in progress
2024-08-03 20:05:10,672 [omNode-bootstrap-2-server-thread1] INFO  server.RaftServer$Division (RaftServerImpl.java:appendEntriesAsync(1584)) - omNode-bootstrap-2@group-0AAC5367B30E: appendEntries* reply omNode-1<-omNode-bootstrap-2#81:FAIL-t1,INCONSISTENCY,nextIndex=0,followerCommit=-1,matchIndex=-1
2024-08-03 20:05:10,672 [grpc-default-executor-5] INFO  impl.SnapshotInstallationHandler (SnapshotInstallationHandler.java:installSnapshot(92)) - omNode-bootstrap-2@group-0AAC5367B30E: receive installSnapshot: omNode-1->omNode-bootstrap-2#0-t1,notify:(t:1, i:0)
2024-08-03 20:05:10,673 [grpc-default-executor-5] INFO  impl.SnapshotInstallationHandler (SnapshotInstallationHandler.java:installSnapshotImpl(138)) - omNode-bootstrap-2@group-0AAC5367B30E: set new configuration configurationEntry {
  peers {
    id: "omNode-3"
    address: "localhost:15023"
    startupRole: FOLLOWER
  }
  peers {
    id: "omNode-1"
    address: "localhost:15015"
    startupRole: FOLLOWER
  }
  peers {
    id: "omNode-2"
    address: "localhost:15019"
    startupRole: FOLLOWER
  }
}
 from snapshot
2024-08-03 20:05:10,673 [grpc-default-executor-5] INFO  server.RaftServer$Division (ServerState.java:setRaftConf(386)) - omNode-bootstrap-2@group-0AAC5367B30E: set configuration conf: {index: 0, cur=peers:[omNode-3|localhost:15023, omNode-1|localhost:15015, omNode-2|localhost:15019]|listeners:[], old=null}
2024-08-03 20:05:10,674 [grpc-default-executor-5] INFO  ratis.OzoneManagerStateMachine (OzoneManagerStateMachine.java:notifyConfigurationChanged(216)) - Received Configuration change notification from Ratis. New Peer list:
[id: "omNode-3"
address: "localhost:15023"
startupRole: FOLLOWER
, id: "omNode-1"
address: "localhost:15015"
startupRole: FOLLOWER
, id: "omNode-2"
address: "localhost:15019"
startupRole: FOLLOWER
]
2024-08-03 20:05:10,675 [grpc-default-executor-5] INFO  impl.SnapshotInstallationHandler (SnapshotInstallationHandler.java:installSnapshot(103)) - omNode-bootstrap-2@group-0AAC5367B30E: reply installSnapshot: omNode-1<-omNode-bootstrap-2#0:FAIL-t1,IN_PROGRESS,snapshotIndex=0
2024-08-03 20:05:10,675 [grpc-default-executor-5] INFO  server.GrpcServerProtocolService (GrpcServerProtocolService.java:onCompleted(157)) - omNode-bootstrap-2: Completed INSTALL_SNAPSHOT, lastRequest: omNode-1->omNode-bootstrap-2#0-t1,notify:(t:1, i:0)
2024-08-03 20:05:10,675 [grpc-default-executor-5] INFO  server.GrpcServerProtocolService (GrpcServerProtocolService.java:lambda$onCompleted$5(159)) - omNode-bootstrap-2: Completed INSTALL_SNAPSHOT, lastReply: null
2024-08-03 20:05:10,677 [omNode-bootstrap-2-server-thread1] INFO  server.RaftServer$Division (RaftServerImpl.java:checkInconsistentAppendEntries(1629)) - omNode-bootstrap-2@group-0AAC5367B30E: Failed appendEntries as snapshot (0) installation is in progress
2024-08-03 20:05:10,677 [omNode-bootstrap-2-server-thread1] INFO  server.RaftServer$Division (RaftServerImpl.java:appendEntriesAsync(1584)) - omNode-bootstrap-2@group-0AAC5367B30E: appendEntries* reply omNode-1<-omNode-bootstrap-2#82:FAIL-t1,INCONSISTENCY,nextIndex=0,followerCommit=-1,matchIndex=-1
2024-08-03 20:05:10,678 [grpc-default-executor-1] INFO  impl.SnapshotInstallationHandler (SnapshotInstallationHandler.java:installSnapshot(92)) - omNode-bootstrap-2@group-0AAC5367B30E: receive installSnapshot: omNode-1->omNode-bootstrap-2#0-t1,notify:(t:1, i:0)
2024-08-03 20:05:10,678 [grpc-default-executor-1] INFO  impl.SnapshotInstallationHandler (SnapshotInstallationHandler.java:installSnapshotImpl(138)) - omNode-bootstrap-2@group-0AAC5367B30E: set new configuration configurationEntry {
  peers {
    id: "omNode-3"
    address: "localhost:15023"
    startupRole: FOLLOWER
  }
  peers {
    id: "omNode-1"
    address: "localhost:15015"
    startupRole: FOLLOWER
  }
  peers {
    id: "omNode-2"
    address: "localhost:15019"
    startupRole: FOLLOWER
  }
}
 from snapshot
2024-08-03 20:05:10,678 [grpc-default-executor-1] INFO  server.RaftServer$Division (ServerState.java:setRaftConf(386)) - omNode-bootstrap-2@group-0AAC5367B30E: set configuration conf: {index: 0, cur=peers:[omNode-3|localhost:15023, omNode-1|localhost:15015, omNode-2|localhost:15019]|listeners:[], old=null}
2024-08-03 20:05:10,680 [grpc-default-executor-1] INFO  ratis.OzoneManagerStateMachine (OzoneManagerStateMachine.java:notifyConfigurationChanged(216)) - Received Configuration change notification from Ratis. New Peer list:
[id: "omNode-3"
address: "localhost:15023"
startupRole: FOLLOWER
, id: "omNode-1"
address: "localhost:15015"
startupRole: FOLLOWER
, id: "omNode-2"
address: "localhost:15019"
startupRole: FOLLOWER
]
2024-08-03 20:05:10,680 [grpc-default-executor-1] INFO  impl.SnapshotInstallationHandler (SnapshotInstallationHandler.java:installSnapshot(103)) - omNode-bootstrap-2@group-0AAC5367B30E: reply installSnapshot: omNode-1<-omNode-bootstrap-2#0:FAIL-t1,IN_PROGRESS,snapshotIndex=0
2024-08-03 20:05:10,680 [grpc-default-executor-1] INFO  server.GrpcServerProtocolService (GrpcServerProtocolService.java:onCompleted(157)) - omNode-bootstrap-2: Completed INSTALL_SNAPSHOT, lastRequest: omNode-1->omNode-bootstrap-2#0-t1,notify:(t:1, i:0)
2024-08-03 20:05:10,680 [grpc-default-executor-1] INFO  server.GrpcServerProtocolService (GrpcServerProtocolService.java:lambda$onCompleted$5(159)) - omNode-bootstrap-2: Completed INSTALL_SNAPSHOT, lastReply: null
2024-08-03 20:05:10,681 [omNode-bootstrap-2-server-thread1] INFO  server.RaftServer$Division (RaftServerImpl.java:checkInconsistentAppendEntries(1629)) - omNode-bootstrap-2@group-0AAC5367B30E: Failed appendEntries as snapshot (0) installation is in progress
2024-08-03 20:05:10,681 [omNode-bootstrap-2-server-thread1] INFO  server.RaftServer$Division (RaftServerImpl.java:appendEntriesAsync(1584)) - omNode-bootstrap-2@group-0AAC5367B30E: appendEntries* reply omNode-1<-omNode-bootstrap-2#83:FAIL-t1,INCONSISTENCY,nextIndex=0,followerCommit=-1,matchIndex=-1
2024-08-03 20:05:10,682 [grpc-default-executor-1] INFO  impl.SnapshotInstallationHandler (SnapshotInstallationHandler.java:installSnapshot(92)) - omNode-bootstrap-2@group-0AAC5367B30E: receive installSnapshot: omNode-1->omNode-bootstrap-2#0-t1,notify:(t:1, i:0)
2024-08-03 20:05:10,682 [grpc-default-executor-1] INFO  impl.SnapshotInstallationHandler (SnapshotInstallationHandler.java:installSnapshotImpl(138)) - omNode-bootstrap-2@group-0AAC5367B30E: set new configuration configurationEntry {
  peers {
    id: "omNode-3"
    address: "localhost:15023"
    startupRole: FOLLOWER
  }
  peers {
    id: "omNode-1"
    address: "localhost:15015"
    startupRole: FOLLOWER
  }
  peers {
    id: "omNode-2"
    address: "localhost:15019"
    startupRole: FOLLOWER
  }
}
 from snapshot
2024-08-03 20:05:10,682 [grpc-default-executor-1] INFO  server.RaftServer$Division (ServerState.java:setRaftConf(386)) - omNode-bootstrap-2@group-0AAC5367B30E: set configuration conf: {index: 0, cur=peers:[omNode-3|localhost:15023, omNode-1|localhost:15015, omNode-2|localhost:15019]|listeners:[], old=null}
2024-08-03 20:05:10,684 [grpc-default-executor-1] INFO  ratis.OzoneManagerStateMachine (OzoneManagerStateMachine.java:notifyConfigurationChanged(216)) - Received Configuration change notification from Ratis. New Peer list:
[id: "omNode-3"
address: "localhost:15023"
startupRole: FOLLOWER
, id: "omNode-1"
address: "localhost:15015"
startupRole: FOLLOWER
, id: "omNode-2"
address: "localhost:15019"
startupRole: FOLLOWER
]
2024-08-03 20:05:10,684 [grpc-default-executor-1] INFO  impl.SnapshotInstallationHandler (SnapshotInstallationHandler.java:installSnapshot(103)) - omNode-bootstrap-2@group-0AAC5367B30E: reply installSnapshot: omNode-1<-omNode-bootstrap-2#0:FAIL-t1,IN_PROGRESS,snapshotIndex=0
2024-08-03 20:05:10,684 [grpc-default-executor-1] INFO  server.GrpcServerProtocolService (GrpcServerProtocolService.java:onCompleted(157)) - omNode-bootstrap-2: Completed INSTALL_SNAPSHOT, lastRequest: omNode-1->omNode-bootstrap-2#0-t1,notify:(t:1, i:0)
2024-08-03 20:05:10,684 [grpc-default-executor-1] INFO  server.GrpcServerProtocolService (GrpcServerProtocolService.java:lambda$onCompleted$5(159)) - omNode-bootstrap-2: Completed INSTALL_SNAPSHOT, lastReply: null
2024-08-03 20:05:10,685 [omNode-bootstrap-2-server-thread1] INFO  server.RaftServer$Division (RaftServerImpl.java:checkInconsistentAppendEntries(1629)) - omNode-bootstrap-2@group-0AAC5367B30E: Failed appendEntries as snapshot (0) installation is in progress
2024-08-03 20:05:10,685 [omNode-bootstrap-2-server-thread1] INFO  server.RaftServer$Division (RaftServerImpl.java:appendEntriesAsync(1584)) - omNode-bootstrap-2@group-0AAC5367B30E: appendEntries* reply omNode-1<-omNode-bootstrap-2#84:FAIL-t1,INCONSISTENCY,nextIndex=0,followerCommit=-1,matchIndex=-1
2024-08-03 20:05:10,685 [grpc-default-executor-5] INFO  impl.SnapshotInstallationHandler (SnapshotInstallationHandler.java:installSnapshot(92)) - omNode-bootstrap-2@group-0AAC5367B30E: receive installSnapshot: omNode-1->omNode-bootstrap-2#0-t1,notify:(t:1, i:0)
2024-08-03 20:05:10,686 [grpc-default-executor-5] INFO  impl.SnapshotInstallationHandler (SnapshotInstallationHandler.java:installSnapshotImpl(138)) - omNode-bootstrap-2@group-0AAC5367B30E: set new configuration configurationEntry {
  peers {
    id: "omNode-3"
    address: "localhost:15023"
    startupRole: FOLLOWER
  }
  peers {
    id: "omNode-1"
    address: "localhost:15015"
    startupRole: FOLLOWER
  }
  peers {
    id: "omNode-2"
    address: "localhost:15019"
    startupRole: FOLLOWER
  }
}
 from snapshot
2024-08-03 20:05:10,686 [grpc-default-executor-5] INFO  server.RaftServer$Division (ServerState.java:setRaftConf(386)) - omNode-bootstrap-2@group-0AAC5367B30E: set configuration conf: {index: 0, cur=peers:[omNode-3|localhost:15023, omNode-1|localhost:15015, omNode-2|localhost:15019]|listeners:[], old=null}
2024-08-03 20:05:10,687 [grpc-default-executor-5] INFO  ratis.OzoneManagerStateMachine (OzoneManagerStateMachine.java:notifyConfigurationChanged(216)) - Received Configuration change notification from Ratis. New Peer list:
[id: "omNode-3"
address: "localhost:15023"
startupRole: FOLLOWER
, id: "omNode-1"
address: "localhost:15015"
startupRole: FOLLOWER
, id: "omNode-2"
address: "localhost:15019"
startupRole: FOLLOWER
]
2024-08-03 20:05:10,687 [grpc-default-executor-5] INFO  impl.SnapshotInstallationHandler (SnapshotInstallationHandler.java:installSnapshot(103)) - omNode-bootstrap-2@group-0AAC5367B30E: reply installSnapshot: omNode-1<-omNode-bootstrap-2#0:FAIL-t1,IN_PROGRESS,snapshotIndex=0
2024-08-03 20:05:10,687 [grpc-default-executor-5] INFO  server.GrpcServerProtocolService (GrpcServerProtocolService.java:onCompleted(157)) - omNode-bootstrap-2: Completed INSTALL_SNAPSHOT, lastRequest: omNode-1->omNode-bootstrap-2#0-t1,notify:(t:1, i:0)
2024-08-03 20:05:10,687 [grpc-default-executor-5] INFO  server.GrpcServerProtocolService (GrpcServerProtocolService.java:lambda$onCompleted$5(159)) - omNode-bootstrap-2: Completed INSTALL_SNAPSHOT, lastReply: null
2024-08-03 20:05:10,689 [grpc-default-executor-5] INFO  impl.SnapshotInstallationHandler (SnapshotInstallationHandler.java:installSnapshot(92)) - omNode-bootstrap-2@group-0AAC5367B30E: receive installSnapshot: omNode-1->omNode-bootstrap-2#0-t1,notify:(t:1, i:0)
2024-08-03 20:05:10,689 [grpc-default-executor-5] INFO  impl.SnapshotInstallationHandler (SnapshotInstallationHandler.java:installSnapshotImpl(138)) - omNode-bootstrap-2@group-0AAC5367B30E: set new configuration configurationEntry {
  peers {
    id: "omNode-3"
    address: "localhost:15023"
    startupRole: FOLLOWER
  }
  peers {
    id: "omNode-1"
    address: "localhost:15015"
    startupRole: FOLLOWER
  }
  peers {
    id: "omNode-2"
    address: "localhost:15019"
    startupRole: FOLLOWER
  }
}
 from snapshot
2024-08-03 20:05:10,689 [grpc-default-executor-5] INFO  server.RaftServer$Division (ServerState.java:setRaftConf(386)) - omNode-bootstrap-2@group-0AAC5367B30E: set configuration conf: {index: 0, cur=peers:[omNode-3|localhost:15023, omNode-1|localhost:15015, omNode-2|localhost:15019]|listeners:[], old=null}
2024-08-03 20:05:10,690 [omNode-bootstrap-2-server-thread1] INFO  server.RaftServer$Division (RaftServerImpl.java:checkInconsistentAppendEntries(1629)) - omNode-bootstrap-2@group-0AAC5367B30E: Failed appendEntries as snapshot (0) installation is in progress
2024-08-03 20:05:10,690 [omNode-bootstrap-2-server-thread1] INFO  server.RaftServer$Division (RaftServerImpl.java:appendEntriesAsync(1584)) - omNode-bootstrap-2@group-0AAC5367B30E: appendEntries* reply omNode-1<-omNode-bootstrap-2#85:FAIL-t1,INCONSISTENCY,nextIndex=0,followerCommit=-1,matchIndex=-1
2024-08-03 20:05:10,690 [grpc-default-executor-5] INFO  ratis.OzoneManagerStateMachine (OzoneManagerStateMachine.java:notifyConfigurationChanged(216)) - Received Configuration change notification from Ratis. New Peer list:
[id: "omNode-3"
address: "localhost:15023"
startupRole: FOLLOWER
, id: "omNode-1"
address: "localhost:15015"
startupRole: FOLLOWER
, id: "omNode-2"
address: "localhost:15019"
startupRole: FOLLOWER
]
2024-08-03 20:05:10,691 [grpc-default-executor-5] INFO  impl.SnapshotInstallationHandler (SnapshotInstallationHandler.java:installSnapshot(103)) - omNode-bootstrap-2@group-0AAC5367B30E: reply installSnapshot: omNode-1<-omNode-bootstrap-2#0:FAIL-t1,IN_PROGRESS,snapshotIndex=0
2024-08-03 20:05:10,691 [grpc-default-executor-5] INFO  server.GrpcServerProtocolService (GrpcServerProtocolService.java:onCompleted(157)) - omNode-bootstrap-2: Completed INSTALL_SNAPSHOT, lastRequest: omNode-1->omNode-bootstrap-2#0-t1,notify:(t:1, i:0)
2024-08-03 20:05:10,691 [grpc-default-executor-5] INFO  server.GrpcServerProtocolService (GrpcServerProtocolService.java:lambda$onCompleted$5(159)) - omNode-bootstrap-2: Completed INSTALL_SNAPSHOT, lastReply: null
2024-08-03 20:05:10,692 [omNode-bootstrap-2-server-thread1] INFO  server.RaftServer$Division (RaftServerImpl.java:checkInconsistentAppendEntries(1629)) - omNode-bootstrap-2@group-0AAC5367B30E: Failed appendEntries as snapshot (0) installation is in progress
2024-08-03 20:05:10,692 [omNode-bootstrap-2-server-thread1] INFO  server.RaftServer$Division (RaftServerImpl.java:appendEntriesAsync(1584)) - omNode-bootstrap-2@group-0AAC5367B30E: appendEntries* reply omNode-1<-omNode-bootstrap-2#86:FAIL-t1,INCONSISTENCY,nextIndex=0,followerCommit=-1,matchIndex=-1
2024-08-03 20:05:10,693 [grpc-default-executor-1] INFO  impl.SnapshotInstallationHandler (SnapshotInstallationHandler.java:installSnapshot(92)) - omNode-bootstrap-2@group-0AAC5367B30E: receive installSnapshot: omNode-1->omNode-bootstrap-2#0-t1,notify:(t:1, i:0)
2024-08-03 20:05:10,693 [grpc-default-executor-1] INFO  impl.SnapshotInstallationHandler (SnapshotInstallationHandler.java:installSnapshotImpl(138)) - omNode-bootstrap-2@group-0AAC5367B30E: set new configuration configurationEntry {
  peers {
    id: "omNode-3"
    address: "localhost:15023"
    startupRole: FOLLOWER
  }
  peers {
    id: "omNode-1"
    address: "localhost:15015"
    startupRole: FOLLOWER
  }
  peers {
    id: "omNode-2"
    address: "localhost:15019"
    startupRole: FOLLOWER
  }
}
 from snapshot
2024-08-03 20:05:10,694 [grpc-default-executor-1] INFO  server.RaftServer$Division (ServerState.java:setRaftConf(386)) - omNode-bootstrap-2@group-0AAC5367B30E: set configuration conf: {index: 0, cur=peers:[omNode-3|localhost:15023, omNode-1|localhost:15015, omNode-2|localhost:15019]|listeners:[], old=null}
2024-08-03 20:05:10,695 [grpc-default-executor-1] INFO  ratis.OzoneManagerStateMachine (OzoneManagerStateMachine.java:notifyConfigurationChanged(216)) - Received Configuration change notification from Ratis. New Peer list:
[id: "omNode-3"
address: "localhost:15023"
startupRole: FOLLOWER
, id: "omNode-1"
address: "localhost:15015"
startupRole: FOLLOWER
, id: "omNode-2"
address: "localhost:15019"
startupRole: FOLLOWER
]
2024-08-03 20:05:10,695 [grpc-default-executor-1] INFO  impl.SnapshotInstallationHandler (SnapshotInstallationHandler.java:installSnapshot(103)) - omNode-bootstrap-2@group-0AAC5367B30E: reply installSnapshot: omNode-1<-omNode-bootstrap-2#0:FAIL-t1,IN_PROGRESS,snapshotIndex=0
2024-08-03 20:05:10,695 [grpc-default-executor-1] INFO  server.GrpcServerProtocolService (GrpcServerProtocolService.java:onCompleted(157)) - omNode-bootstrap-2: Completed INSTALL_SNAPSHOT, lastRequest: omNode-1->omNode-bootstrap-2#0-t1,notify:(t:1, i:0)
2024-08-03 20:05:10,696 [grpc-default-executor-1] INFO  server.GrpcServerProtocolService (GrpcServerProtocolService.java:lambda$onCompleted$5(159)) - omNode-bootstrap-2: Completed INSTALL_SNAPSHOT, lastReply: null
2024-08-03 20:05:10,697 [omNode-bootstrap-2-server-thread1] INFO  server.RaftServer$Division (RaftServerImpl.java:checkInconsistentAppendEntries(1629)) - omNode-bootstrap-2@group-0AAC5367B30E: Failed appendEntries as snapshot (0) installation is in progress
2024-08-03 20:05:10,697 [omNode-bootstrap-2-server-thread1] INFO  server.RaftServer$Division (RaftServerImpl.java:appendEntriesAsync(1584)) - omNode-bootstrap-2@group-0AAC5367B30E: appendEntries* reply omNode-1<-omNode-bootstrap-2#87:FAIL-t1,INCONSISTENCY,nextIndex=0,followerCommit=-1,matchIndex=-1
2024-08-03 20:05:10,699 [grpc-default-executor-5] INFO  impl.SnapshotInstallationHandler (SnapshotInstallationHandler.java:installSnapshot(92)) - omNode-bootstrap-2@group-0AAC5367B30E: receive installSnapshot: omNode-1->omNode-bootstrap-2#0-t1,notify:(t:1, i:0)
2024-08-03 20:05:10,699 [grpc-default-executor-5] INFO  impl.SnapshotInstallationHandler (SnapshotInstallationHandler.java:installSnapshotImpl(138)) - omNode-bootstrap-2@group-0AAC5367B30E: set new configuration configurationEntry {
  peers {
    id: "omNode-3"
    address: "localhost:15023"
    startupRole: FOLLOWER
  }
  peers {
    id: "omNode-1"
    address: "localhost:15015"
    startupRole: FOLLOWER
  }
  peers {
    id: "omNode-2"
    address: "localhost:15019"
    startupRole: FOLLOWER
  }
}
 from snapshot
2024-08-03 20:05:10,699 [grpc-default-executor-5] INFO  server.RaftServer$Division (ServerState.java:setRaftConf(386)) - omNode-bootstrap-2@group-0AAC5367B30E: set configuration conf: {index: 0, cur=peers:[omNode-3|localhost:15023, omNode-1|localhost:15015, omNode-2|localhost:15019]|listeners:[], old=null}
2024-08-03 20:05:10,700 [grpc-default-executor-5] INFO  ratis.OzoneManagerStateMachine (OzoneManagerStateMachine.java:notifyConfigurationChanged(216)) - Received Configuration change notification from Ratis. New Peer list:
[id: "omNode-3"
address: "localhost:15023"
startupRole: FOLLOWER
, id: "omNode-1"
address: "localhost:15015"
startupRole: FOLLOWER
, id: "omNode-2"
address: "localhost:15019"
startupRole: FOLLOWER
]
2024-08-03 20:05:10,701 [grpc-default-executor-5] INFO  impl.SnapshotInstallationHandler (SnapshotInstallationHandler.java:installSnapshot(103)) - omNode-bootstrap-2@group-0AAC5367B30E: reply installSnapshot: omNode-1<-omNode-bootstrap-2#0:FAIL-t1,IN_PROGRESS,snapshotIndex=0
2024-08-03 20:05:10,701 [grpc-default-executor-5] INFO  server.GrpcServerProtocolService (GrpcServerProtocolService.java:onCompleted(157)) - omNode-bootstrap-2: Completed INSTALL_SNAPSHOT, lastRequest: omNode-1->omNode-bootstrap-2#0-t1,notify:(t:1, i:0)
2024-08-03 20:05:10,701 [grpc-default-executor-5] INFO  server.GrpcServerProtocolService (GrpcServerProtocolService.java:lambda$onCompleted$5(159)) - omNode-bootstrap-2: Completed INSTALL_SNAPSHOT, lastReply: null
2024-08-03 20:05:10,703 [grpc-default-executor-1] INFO  impl.SnapshotInstallationHandler (SnapshotInstallationHandler.java:installSnapshot(92)) - omNode-bootstrap-2@group-0AAC5367B30E: receive installSnapshot: omNode-1->omNode-bootstrap-2#0-t1,notify:(t:1, i:0)
2024-08-03 20:05:10,704 [grpc-default-executor-1] INFO  impl.SnapshotInstallationHandler (SnapshotInstallationHandler.java:installSnapshotImpl(138)) - omNode-bootstrap-2@group-0AAC5367B30E: set new configuration configurationEntry {
  peers {
    id: "omNode-3"
    address: "localhost:15023"
    startupRole: FOLLOWER
  }
  peers {
    id: "omNode-1"
    address: "localhost:15015"
    startupRole: FOLLOWER
  }
  peers {
    id: "omNode-2"
    address: "localhost:15019"
    startupRole: FOLLOWER
  }
}
 from snapshot
2024-08-03 20:05:10,704 [grpc-default-executor-1] INFO  server.RaftServer$Division (ServerState.java:setRaftConf(386)) - omNode-bootstrap-2@group-0AAC5367B30E: set configuration conf: {index: 0, cur=peers:[omNode-3|localhost:15023, omNode-1|localhost:15015, omNode-2|localhost:15019]|listeners:[], old=null}
2024-08-03 20:05:10,704 [omNode-bootstrap-2-server-thread1] INFO  server.RaftServer$Division (RaftServerImpl.java:checkInconsistentAppendEntries(1629)) - omNode-bootstrap-2@group-0AAC5367B30E: Failed appendEntries as snapshot (0) installation is in progress
2024-08-03 20:05:10,705 [omNode-bootstrap-2-server-thread1] INFO  server.RaftServer$Division (RaftServerImpl.java:appendEntriesAsync(1584)) - omNode-bootstrap-2@group-0AAC5367B30E: appendEntries* reply omNode-1<-omNode-bootstrap-2#88:FAIL-t1,INCONSISTENCY,nextIndex=0,followerCommit=-1,matchIndex=-1
2024-08-03 20:05:10,705 [grpc-default-executor-1] INFO  ratis.OzoneManagerStateMachine (OzoneManagerStateMachine.java:notifyConfigurationChanged(216)) - Received Configuration change notification from Ratis. New Peer list:
[id: "omNode-3"
address: "localhost:15023"
startupRole: FOLLOWER
, id: "omNode-1"
address: "localhost:15015"
startupRole: FOLLOWER
, id: "omNode-2"
address: "localhost:15019"
startupRole: FOLLOWER
]
2024-08-03 20:05:10,706 [grpc-default-executor-1] INFO  impl.SnapshotInstallationHandler (SnapshotInstallationHandler.java:installSnapshot(103)) - omNode-bootstrap-2@group-0AAC5367B30E: reply installSnapshot: omNode-1<-omNode-bootstrap-2#0:FAIL-t1,IN_PROGRESS,snapshotIndex=0
2024-08-03 20:05:10,706 [grpc-default-executor-1] INFO  server.GrpcServerProtocolService (GrpcServerProtocolService.java:onCompleted(157)) - omNode-bootstrap-2: Completed INSTALL_SNAPSHOT, lastRequest: omNode-1->omNode-bootstrap-2#0-t1,notify:(t:1, i:0)
2024-08-03 20:05:10,706 [grpc-default-executor-1] INFO  server.GrpcServerProtocolService (GrpcServerProtocolService.java:lambda$onCompleted$5(159)) - omNode-bootstrap-2: Completed INSTALL_SNAPSHOT, lastReply: null
2024-08-03 20:05:10,707 [omNode-bootstrap-2-server-thread1] INFO  server.RaftServer$Division (RaftServerImpl.java:checkInconsistentAppendEntries(1629)) - omNode-bootstrap-2@group-0AAC5367B30E: Failed appendEntries as snapshot (0) installation is in progress
2024-08-03 20:05:10,707 [omNode-bootstrap-2-server-thread1] INFO  server.RaftServer$Division (RaftServerImpl.java:appendEntriesAsync(1584)) - omNode-bootstrap-2@group-0AAC5367B30E: appendEntries* reply omNode-1<-omNode-bootstrap-2#89:FAIL-t1,INCONSISTENCY,nextIndex=0,followerCommit=-1,matchIndex=-1
2024-08-03 20:05:10,708 [grpc-default-executor-5] INFO  impl.SnapshotInstallationHandler (SnapshotInstallationHandler.java:installSnapshot(92)) - omNode-bootstrap-2@group-0AAC5367B30E: receive installSnapshot: omNode-1->omNode-bootstrap-2#0-t1,notify:(t:1, i:0)
2024-08-03 20:05:10,709 [grpc-default-executor-5] INFO  impl.SnapshotInstallationHandler (SnapshotInstallationHandler.java:installSnapshotImpl(138)) - omNode-bootstrap-2@group-0AAC5367B30E: set new configuration configurationEntry {
  peers {
    id: "omNode-3"
    address: "localhost:15023"
    startupRole: FOLLOWER
  }
  peers {
    id: "omNode-1"
    address: "localhost:15015"
    startupRole: FOLLOWER
  }
  peers {
    id: "omNode-2"
    address: "localhost:15019"
    startupRole: FOLLOWER
  }
}
 from snapshot
2024-08-03 20:05:10,709 [grpc-default-executor-5] INFO  server.RaftServer$Division (ServerState.java:setRaftConf(386)) - omNode-bootstrap-2@group-0AAC5367B30E: set configuration conf: {index: 0, cur=peers:[omNode-3|localhost:15023, omNode-1|localhost:15015, omNode-2|localhost:15019]|listeners:[], old=null}
2024-08-03 20:05:10,710 [grpc-default-executor-5] INFO  ratis.OzoneManagerStateMachine (OzoneManagerStateMachine.java:notifyConfigurationChanged(216)) - Received Configuration change notification from Ratis. New Peer list:
[id: "omNode-3"
address: "localhost:15023"
startupRole: FOLLOWER
, id: "omNode-1"
address: "localhost:15015"
startupRole: FOLLOWER
, id: "omNode-2"
address: "localhost:15019"
startupRole: FOLLOWER
]
2024-08-03 20:05:10,710 [grpc-default-executor-5] INFO  impl.SnapshotInstallationHandler (SnapshotInstallationHandler.java:installSnapshot(103)) - omNode-bootstrap-2@group-0AAC5367B30E: reply installSnapshot: omNode-1<-omNode-bootstrap-2#0:FAIL-t1,IN_PROGRESS,snapshotIndex=0
2024-08-03 20:05:10,711 [grpc-default-executor-5] INFO  server.GrpcServerProtocolService (GrpcServerProtocolService.java:onCompleted(157)) - omNode-bootstrap-2: Completed INSTALL_SNAPSHOT, lastRequest: omNode-1->omNode-bootstrap-2#0-t1,notify:(t:1, i:0)
2024-08-03 20:05:10,711 [grpc-default-executor-5] INFO  server.GrpcServerProtocolService (GrpcServerProtocolService.java:lambda$onCompleted$5(159)) - omNode-bootstrap-2: Completed INSTALL_SNAPSHOT, lastReply: null
2024-08-03 20:05:10,712 [grpc-default-executor-3] INFO  impl.SnapshotInstallationHandler (SnapshotInstallationHandler.java:installSnapshot(92)) - omNode-bootstrap-2@group-0AAC5367B30E: receive installSnapshot: omNode-1->omNode-bootstrap-2#0-t1,notify:(t:1, i:0)
2024-08-03 20:05:10,713 [grpc-default-executor-3] INFO  impl.SnapshotInstallationHandler (SnapshotInstallationHandler.java:installSnapshotImpl(138)) - omNode-bootstrap-2@group-0AAC5367B30E: set new configuration configurationEntry {
  peers {
    id: "omNode-3"
    address: "localhost:15023"
    startupRole: FOLLOWER
  }
  peers {
    id: "omNode-1"
    address: "localhost:15015"
    startupRole: FOLLOWER
  }
  peers {
    id: "omNode-2"
    address: "localhost:15019"
    startupRole: FOLLOWER
  }
}
 from snapshot
2024-08-03 20:05:10,713 [omNode-bootstrap-2-server-thread1] INFO  server.RaftServer$Division (RaftServerImpl.java:checkInconsistentAppendEntries(1629)) - omNode-bootstrap-2@group-0AAC5367B30E: Failed appendEntries as snapshot (0) installation is in progress
2024-08-03 20:05:10,713 [grpc-default-executor-3] INFO  server.RaftServer$Division (ServerState.java:setRaftConf(386)) - omNode-bootstrap-2@group-0AAC5367B30E: set configuration conf: {index: 0, cur=peers:[omNode-3|localhost:15023, omNode-1|localhost:15015, omNode-2|localhost:15019]|listeners:[], old=null}
2024-08-03 20:05:10,713 [omNode-bootstrap-2-server-thread1] INFO  server.RaftServer$Division (RaftServerImpl.java:appendEntriesAsync(1584)) - omNode-bootstrap-2@group-0AAC5367B30E: appendEntries* reply omNode-1<-omNode-bootstrap-2#90:FAIL-t1,INCONSISTENCY,nextIndex=0,followerCommit=-1,matchIndex=-1
2024-08-03 20:05:10,714 [grpc-default-executor-3] INFO  ratis.OzoneManagerStateMachine (OzoneManagerStateMachine.java:notifyConfigurationChanged(216)) - Received Configuration change notification from Ratis. New Peer list:
[id: "omNode-3"
address: "localhost:15023"
startupRole: FOLLOWER
, id: "omNode-1"
address: "localhost:15015"
startupRole: FOLLOWER
, id: "omNode-2"
address: "localhost:15019"
startupRole: FOLLOWER
]
2024-08-03 20:05:10,715 [grpc-default-executor-3] INFO  impl.SnapshotInstallationHandler (SnapshotInstallationHandler.java:installSnapshot(103)) - omNode-bootstrap-2@group-0AAC5367B30E: reply installSnapshot: omNode-1<-omNode-bootstrap-2#0:FAIL-t1,IN_PROGRESS,snapshotIndex=0
2024-08-03 20:05:10,715 [grpc-default-executor-3] INFO  server.GrpcServerProtocolService (GrpcServerProtocolService.java:onCompleted(157)) - omNode-bootstrap-2: Completed INSTALL_SNAPSHOT, lastRequest: omNode-1->omNode-bootstrap-2#0-t1,notify:(t:1, i:0)
2024-08-03 20:05:10,715 [grpc-default-executor-3] INFO  server.GrpcServerProtocolService (GrpcServerProtocolService.java:lambda$onCompleted$5(159)) - omNode-bootstrap-2: Completed INSTALL_SNAPSHOT, lastReply: null
2024-08-03 20:05:10,717 [omNode-bootstrap-2-server-thread1] INFO  server.RaftServer$Division (RaftServerImpl.java:checkInconsistentAppendEntries(1629)) - omNode-bootstrap-2@group-0AAC5367B30E: Failed appendEntries as snapshot (0) installation is in progress
2024-08-03 20:05:10,717 [omNode-bootstrap-2-server-thread1] INFO  server.RaftServer$Division (RaftServerImpl.java:appendEntriesAsync(1584)) - omNode-bootstrap-2@group-0AAC5367B30E: appendEntries* reply omNode-1<-omNode-bootstrap-2#91:FAIL-t1,INCONSISTENCY,nextIndex=0,followerCommit=-1,matchIndex=-1
2024-08-03 20:05:10,717 [qtp1106344887-439] INFO  db.RDBCheckpointManager (RDBCheckpointManager.java:createCheckpoint(89)) - Created checkpoint in rocksDB at /home/runner/work/ozone/ozone/hadoop-ozone/integration-test/target/test-dir/MiniOzoneClusterImpl-4c2a292f-c896-477d-a18b-b69de7e7ed64/omNode-1/db.checkpoints/om.db_checkpoint_1722715510714 in 3 milliseconds
2024-08-03 20:05:10,718 [grpc-default-executor-3] INFO  impl.SnapshotInstallationHandler (SnapshotInstallationHandler.java:installSnapshot(92)) - omNode-bootstrap-2@group-0AAC5367B30E: receive installSnapshot: omNode-1->omNode-bootstrap-2#0-t1,notify:(t:1, i:0)
2024-08-03 20:05:10,718 [grpc-default-executor-3] INFO  impl.SnapshotInstallationHandler (SnapshotInstallationHandler.java:installSnapshotImpl(138)) - omNode-bootstrap-2@group-0AAC5367B30E: set new configuration configurationEntry {
  peers {
    id: "omNode-3"
    address: "localhost:15023"
    startupRole: FOLLOWER
  }
  peers {
    id: "omNode-1"
    address: "localhost:15015"
    startupRole: FOLLOWER
  }
  peers {
    id: "omNode-2"
    address: "localhost:15019"
    startupRole: FOLLOWER
  }
}
 from snapshot
2024-08-03 20:05:10,718 [grpc-default-executor-3] INFO  server.RaftServer$Division (ServerState.java:setRaftConf(386)) - omNode-bootstrap-2@group-0AAC5367B30E: set configuration conf: {index: 0, cur=peers:[omNode-3|localhost:15023, omNode-1|localhost:15015, omNode-2|localhost:15019]|listeners:[], old=null}
2024-08-03 20:05:10,720 [grpc-default-executor-3] INFO  ratis.OzoneManagerStateMachine (OzoneManagerStateMachine.java:notifyConfigurationChanged(216)) - Received Configuration change notification from Ratis. New Peer list:
[id: "omNode-3"
address: "localhost:15023"
startupRole: FOLLOWER
, id: "omNode-1"
address: "localhost:15015"
startupRole: FOLLOWER
, id: "omNode-2"
address: "localhost:15019"
startupRole: FOLLOWER
]
2024-08-03 20:05:10,720 [grpc-default-executor-3] INFO  impl.SnapshotInstallationHandler (SnapshotInstallationHandler.java:installSnapshot(103)) - omNode-bootstrap-2@group-0AAC5367B30E: reply installSnapshot: omNode-1<-omNode-bootstrap-2#0:FAIL-t1,IN_PROGRESS,snapshotIndex=0
2024-08-03 20:05:10,720 [grpc-default-executor-3] INFO  server.GrpcServerProtocolService (GrpcServerProtocolService.java:onCompleted(157)) - omNode-bootstrap-2: Completed INSTALL_SNAPSHOT, lastRequest: omNode-1->omNode-bootstrap-2#0-t1,notify:(t:1, i:0)
2024-08-03 20:05:10,720 [grpc-default-executor-3] INFO  server.GrpcServerProtocolService (GrpcServerProtocolService.java:lambda$onCompleted$5(159)) - omNode-bootstrap-2: Completed INSTALL_SNAPSHOT, lastReply: null
2024-08-03 20:05:10,722 [grpc-default-executor-1] INFO  impl.SnapshotInstallationHandler (SnapshotInstallationHandler.java:installSnapshot(92)) - omNode-bootstrap-2@group-0AAC5367B30E: receive installSnapshot: omNode-1->omNode-bootstrap-2#0-t1,notify:(t:1, i:0)
2024-08-03 20:05:10,722 [grpc-default-executor-1] INFO  impl.SnapshotInstallationHandler (SnapshotInstallationHandler.java:installSnapshotImpl(138)) - omNode-bootstrap-2@group-0AAC5367B30E: set new configuration configurationEntry {
  peers {
    id: "omNode-3"
    address: "localhost:15023"
    startupRole: FOLLOWER
  }
  peers {
    id: "omNode-1"
    address: "localhost:15015"
    startupRole: FOLLOWER
  }
  peers {
    id: "omNode-2"
    address: "localhost:15019"
    startupRole: FOLLOWER
  }
}
 from snapshot
2024-08-03 20:05:10,722 [grpc-default-executor-1] INFO  server.RaftServer$Division (ServerState.java:setRaftConf(386)) - omNode-bootstrap-2@group-0AAC5367B30E: set configuration conf: {index: 0, cur=peers:[omNode-3|localhost:15023, omNode-1|localhost:15015, omNode-2|localhost:15019]|listeners:[], old=null}
2024-08-03 20:05:10,722 [omNode-bootstrap-2-server-thread1] INFO  server.RaftServer$Division (RaftServerImpl.java:checkInconsistentAppendEntries(1629)) - omNode-bootstrap-2@group-0AAC5367B30E: Failed appendEntries as snapshot (0) installation is in progress
2024-08-03 20:05:10,722 [omNode-bootstrap-2-server-thread1] INFO  server.RaftServer$Division (RaftServerImpl.java:appendEntriesAsync(1584)) - omNode-bootstrap-2@group-0AAC5367B30E: appendEntries* reply omNode-1<-omNode-bootstrap-2#92:FAIL-t1,INCONSISTENCY,nextIndex=0,followerCommit=-1,matchIndex=-1
2024-08-03 20:05:10,724 [grpc-default-executor-1] INFO  ratis.OzoneManagerStateMachine (OzoneManagerStateMachine.java:notifyConfigurationChanged(216)) - Received Configuration change notification from Ratis. New Peer list:
[id: "omNode-3"
address: "localhost:15023"
startupRole: FOLLOWER
, id: "omNode-1"
address: "localhost:15015"
startupRole: FOLLOWER
, id: "omNode-2"
address: "localhost:15019"
startupRole: FOLLOWER
]
2024-08-03 20:05:10,725 [grpc-default-executor-1] INFO  impl.SnapshotInstallationHandler (SnapshotInstallationHandler.java:installSnapshot(103)) - omNode-bootstrap-2@group-0AAC5367B30E: reply installSnapshot: omNode-1<-omNode-bootstrap-2#0:FAIL-t1,IN_PROGRESS,snapshotIndex=0
2024-08-03 20:05:10,725 [grpc-default-executor-1] INFO  server.GrpcServerProtocolService (GrpcServerProtocolService.java:onCompleted(157)) - omNode-bootstrap-2: Completed INSTALL_SNAPSHOT, lastRequest: omNode-1->omNode-bootstrap-2#0-t1,notify:(t:1, i:0)
2024-08-03 20:05:10,725 [grpc-default-executor-1] INFO  server.GrpcServerProtocolService (GrpcServerProtocolService.java:lambda$onCompleted$5(159)) - omNode-bootstrap-2: Completed INSTALL_SNAPSHOT, lastReply: null
2024-08-03 20:05:10,727 [omNode-bootstrap-2-server-thread1] INFO  server.RaftServer$Division (RaftServerImpl.java:checkInconsistentAppendEntries(1629)) - omNode-bootstrap-2@group-0AAC5367B30E: Failed appendEntries as snapshot (0) installation is in progress
2024-08-03 20:05:10,727 [omNode-bootstrap-2-server-thread1] INFO  server.RaftServer$Division (RaftServerImpl.java:appendEntriesAsync(1584)) - omNode-bootstrap-2@group-0AAC5367B30E: appendEntries* reply omNode-1<-omNode-bootstrap-2#93:FAIL-t1,INCONSISTENCY,nextIndex=0,followerCommit=-1,matchIndex=-1
2024-08-03 20:05:10,728 [grpc-default-executor-1] INFO  impl.SnapshotInstallationHandler (SnapshotInstallationHandler.java:installSnapshot(92)) - omNode-bootstrap-2@group-0AAC5367B30E: receive installSnapshot: omNode-1->omNode-bootstrap-2#0-t1,notify:(t:1, i:0)
2024-08-03 20:05:10,728 [grpc-default-executor-1] INFO  impl.SnapshotInstallationHandler (SnapshotInstallationHandler.java:installSnapshotImpl(138)) - omNode-bootstrap-2@group-0AAC5367B30E: set new configuration configurationEntry {
  peers {
    id: "omNode-3"
    address: "localhost:15023"
    startupRole: FOLLOWER
  }
  peers {
    id: "omNode-1"
    address: "localhost:15015"
    startupRole: FOLLOWER
  }
  peers {
    id: "omNode-2"
    address: "localhost:15019"
    startupRole: FOLLOWER
  }
}
 from snapshot
2024-08-03 20:05:10,728 [grpc-default-executor-1] INFO  server.RaftServer$Division (ServerState.java:setRaftConf(386)) - omNode-bootstrap-2@group-0AAC5367B30E: set configuration conf: {index: 0, cur=peers:[omNode-3|localhost:15023, omNode-1|localhost:15015, omNode-2|localhost:15019]|listeners:[], old=null}
2024-08-03 20:05:10,730 [grpc-default-executor-1] INFO  ratis.OzoneManagerStateMachine (OzoneManagerStateMachine.java:notifyConfigurationChanged(216)) - Received Configuration change notification from Ratis. New Peer list:
[id: "omNode-3"
address: "localhost:15023"
startupRole: FOLLOWER
, id: "omNode-1"
address: "localhost:15015"
startupRole: FOLLOWER
, id: "omNode-2"
address: "localhost:15019"
startupRole: FOLLOWER
]
2024-08-03 20:05:10,730 [grpc-default-executor-1] INFO  impl.SnapshotInstallationHandler (SnapshotInstallationHandler.java:installSnapshot(103)) - omNode-bootstrap-2@group-0AAC5367B30E: reply installSnapshot: omNode-1<-omNode-bootstrap-2#0:FAIL-t1,IN_PROGRESS,snapshotIndex=0
2024-08-03 20:05:10,731 [grpc-default-executor-1] INFO  server.GrpcServerProtocolService (GrpcServerProtocolService.java:onCompleted(157)) - omNode-bootstrap-2: Completed INSTALL_SNAPSHOT, lastRequest: omNode-1->omNode-bootstrap-2#0-t1,notify:(t:1, i:0)
2024-08-03 20:05:10,731 [grpc-default-executor-1] INFO  server.GrpcServerProtocolService (GrpcServerProtocolService.java:lambda$onCompleted$5(159)) - omNode-bootstrap-2: Completed INSTALL_SNAPSHOT, lastReply: null
2024-08-03 20:05:10,731 [qtp1106344887-439] INFO  helpers.OmKeyInfo (OmKeyInfo.java:getCodec(72)) - OmKeyInfo.getCodec ignorePipeline = true
2024-08-03 20:05:10,735 [omNode-bootstrap-2-server-thread1] INFO  server.RaftServer$Division (RaftServerImpl.java:checkInconsistentAppendEntries(1629)) - omNode-bootstrap-2@group-0AAC5367B30E: Failed appendEntries as snapshot (0) installation is in progress
2024-08-03 20:05:10,735 [omNode-bootstrap-2-server-thread1] INFO  server.RaftServer$Division (RaftServerImpl.java:appendEntriesAsync(1584)) - omNode-bootstrap-2@group-0AAC5367B30E: appendEntries* reply omNode-1<-omNode-bootstrap-2#94:FAIL-t1,INCONSISTENCY,nextIndex=0,followerCommit=-1,matchIndex=-1
2024-08-03 20:05:10,735 [grpc-default-executor-3] INFO  impl.SnapshotInstallationHandler (SnapshotInstallationHandler.java:installSnapshot(92)) - omNode-bootstrap-2@group-0AAC5367B30E: receive installSnapshot: omNode-1->omNode-bootstrap-2#0-t1,notify:(t:1, i:0)
2024-08-03 20:05:10,736 [grpc-default-executor-3] INFO  impl.SnapshotInstallationHandler (SnapshotInstallationHandler.java:installSnapshotImpl(138)) - omNode-bootstrap-2@group-0AAC5367B30E: set new configuration configurationEntry {
  peers {
    id: "omNode-3"
    address: "localhost:15023"
    startupRole: FOLLOWER
  }
  peers {
    id: "omNode-1"
    address: "localhost:15015"
    startupRole: FOLLOWER
  }
  peers {
    id: "omNode-2"
    address: "localhost:15019"
    startupRole: FOLLOWER
  }
}
 from snapshot
2024-08-03 20:05:10,736 [grpc-default-executor-3] INFO  server.RaftServer$Division (ServerState.java:setRaftConf(386)) - omNode-bootstrap-2@group-0AAC5367B30E: set configuration conf: {index: 0, cur=peers:[omNode-3|localhost:15023, omNode-1|localhost:15015, omNode-2|localhost:15019]|listeners:[], old=null}
2024-08-03 20:05:10,738 [grpc-default-executor-3] INFO  ratis.OzoneManagerStateMachine (OzoneManagerStateMachine.java:notifyConfigurationChanged(216)) - Received Configuration change notification from Ratis. New Peer list:
[id: "omNode-3"
address: "localhost:15023"
startupRole: FOLLOWER
, id: "omNode-1"
address: "localhost:15015"
startupRole: FOLLOWER
, id: "omNode-2"
address: "localhost:15019"
startupRole: FOLLOWER
]
2024-08-03 20:05:10,738 [grpc-default-executor-3] INFO  impl.SnapshotInstallationHandler (SnapshotInstallationHandler.java:installSnapshot(103)) - omNode-bootstrap-2@group-0AAC5367B30E: reply installSnapshot: omNode-1<-omNode-bootstrap-2#0:FAIL-t1,IN_PROGRESS,snapshotIndex=0
2024-08-03 20:05:10,738 [grpc-default-executor-3] INFO  server.GrpcServerProtocolService (GrpcServerProtocolService.java:onCompleted(157)) - omNode-bootstrap-2: Completed INSTALL_SNAPSHOT, lastRequest: omNode-1->omNode-bootstrap-2#0-t1,notify:(t:1, i:0)
2024-08-03 20:05:10,738 [grpc-default-executor-3] INFO  server.GrpcServerProtocolService (GrpcServerProtocolService.java:lambda$onCompleted$5(159)) - omNode-bootstrap-2: Completed INSTALL_SNAPSHOT, lastReply: null
2024-08-03 20:05:10,739 [omNode-bootstrap-2-server-thread1] INFO  server.RaftServer$Division (RaftServerImpl.java:checkInconsistentAppendEntries(1629)) - omNode-bootstrap-2@group-0AAC5367B30E: Failed appendEntries as snapshot (0) installation is in progress
2024-08-03 20:05:10,739 [omNode-bootstrap-2-server-thread1] INFO  server.RaftServer$Division (RaftServerImpl.java:appendEntriesAsync(1584)) - omNode-bootstrap-2@group-0AAC5367B30E: appendEntries* reply omNode-1<-omNode-bootstrap-2#95:FAIL-t1,INCONSISTENCY,nextIndex=0,followerCommit=-1,matchIndex=-1
2024-08-03 20:05:10,741 [grpc-default-executor-5] INFO  impl.SnapshotInstallationHandler (SnapshotInstallationHandler.java:installSnapshot(92)) - omNode-bootstrap-2@group-0AAC5367B30E: receive installSnapshot: omNode-1->omNode-bootstrap-2#0-t1,notify:(t:1, i:0)
2024-08-03 20:05:10,741 [grpc-default-executor-5] INFO  impl.SnapshotInstallationHandler (SnapshotInstallationHandler.java:installSnapshotImpl(138)) - omNode-bootstrap-2@group-0AAC5367B30E: set new configuration configurationEntry {
  peers {
    id: "omNode-3"
    address: "localhost:15023"
    startupRole: FOLLOWER
  }
  peers {
    id: "omNode-1"
    address: "localhost:15015"
    startupRole: FOLLOWER
  }
  peers {
    id: "omNode-2"
    address: "localhost:15019"
    startupRole: FOLLOWER
  }
}
 from snapshot
2024-08-03 20:05:10,741 [grpc-default-executor-5] INFO  server.RaftServer$Division (ServerState.java:setRaftConf(386)) - omNode-bootstrap-2@group-0AAC5367B30E: set configuration conf: {index: 0, cur=peers:[omNode-3|localhost:15023, omNode-1|localhost:15015, omNode-2|localhost:15019]|listeners:[], old=null}
2024-08-03 20:05:10,743 [grpc-default-executor-5] INFO  ratis.OzoneManagerStateMachine (OzoneManagerStateMachine.java:notifyConfigurationChanged(216)) - Received Configuration change notification from Ratis. New Peer list:
[id: "omNode-3"
address: "localhost:15023"
startupRole: FOLLOWER
, id: "omNode-1"
address: "localhost:15015"
startupRole: FOLLOWER
, id: "omNode-2"
address: "localhost:15019"
startupRole: FOLLOWER
]
2024-08-03 20:05:10,743 [grpc-default-executor-5] INFO  impl.SnapshotInstallationHandler (SnapshotInstallationHandler.java:installSnapshot(103)) - omNode-bootstrap-2@group-0AAC5367B30E: reply installSnapshot: omNode-1<-omNode-bootstrap-2#0:FAIL-t1,IN_PROGRESS,snapshotIndex=0
2024-08-03 20:05:10,743 [grpc-default-executor-5] INFO  server.GrpcServerProtocolService (GrpcServerProtocolService.java:onCompleted(157)) - omNode-bootstrap-2: Completed INSTALL_SNAPSHOT, lastRequest: omNode-1->omNode-bootstrap-2#0-t1,notify:(t:1, i:0)
2024-08-03 20:05:10,743 [grpc-default-executor-5] INFO  server.GrpcServerProtocolService (GrpcServerProtocolService.java:lambda$onCompleted$5(159)) - omNode-bootstrap-2: Completed INSTALL_SNAPSHOT, lastReply: null
2024-08-03 20:05:10,744 [omNode-bootstrap-2-server-thread1] INFO  server.RaftServer$Division (RaftServerImpl.java:checkInconsistentAppendEntries(1629)) - omNode-bootstrap-2@group-0AAC5367B30E: Failed appendEntries as snapshot (0) installation is in progress
2024-08-03 20:05:10,744 [omNode-bootstrap-2-server-thread1] INFO  server.RaftServer$Division (RaftServerImpl.java:appendEntriesAsync(1584)) - omNode-bootstrap-2@group-0AAC5367B30E: appendEntries* reply omNode-1<-omNode-bootstrap-2#96:FAIL-t1,INCONSISTENCY,nextIndex=0,followerCommit=-1,matchIndex=-1
2024-08-03 20:05:10,746 [grpc-default-executor-3] INFO  impl.SnapshotInstallationHandler (SnapshotInstallationHandler.java:installSnapshot(92)) - omNode-bootstrap-2@group-0AAC5367B30E: receive installSnapshot: omNode-1->omNode-bootstrap-2#0-t1,notify:(t:1, i:0)
2024-08-03 20:05:10,746 [grpc-default-executor-3] INFO  impl.SnapshotInstallationHandler (SnapshotInstallationHandler.java:installSnapshotImpl(138)) - omNode-bootstrap-2@group-0AAC5367B30E: set new configuration configurationEntry {
  peers {
    id: "omNode-3"
    address: "localhost:15023"
    startupRole: FOLLOWER
  }
  peers {
    id: "omNode-1"
    address: "localhost:15015"
    startupRole: FOLLOWER
  }
  peers {
    id: "omNode-2"
    address: "localhost:15019"
    startupRole: FOLLOWER
  }
}
 from snapshot
2024-08-03 20:05:10,746 [grpc-default-executor-3] INFO  server.RaftServer$Division (ServerState.java:setRaftConf(386)) - omNode-bootstrap-2@group-0AAC5367B30E: set configuration conf: {index: 0, cur=peers:[omNode-3|localhost:15023, omNode-1|localhost:15015, omNode-2|localhost:15019]|listeners:[], old=null}
2024-08-03 20:05:10,748 [grpc-default-executor-3] INFO  ratis.OzoneManagerStateMachine (OzoneManagerStateMachine.java:notifyConfigurationChanged(216)) - Received Configuration change notification from Ratis. New Peer list:
[id: "omNode-3"
address: "localhost:15023"
startupRole: FOLLOWER
, id: "omNode-1"
address: "localhost:15015"
startupRole: FOLLOWER
, id: "omNode-2"
address: "localhost:15019"
startupRole: FOLLOWER
]
2024-08-03 20:05:10,748 [grpc-default-executor-3] INFO  impl.SnapshotInstallationHandler (SnapshotInstallationHandler.java:installSnapshot(103)) - omNode-bootstrap-2@group-0AAC5367B30E: reply installSnapshot: omNode-1<-omNode-bootstrap-2#0:FAIL-t1,IN_PROGRESS,snapshotIndex=0
2024-08-03 20:05:10,748 [grpc-default-executor-3] INFO  server.GrpcServerProtocolService (GrpcServerProtocolService.java:onCompleted(157)) - omNode-bootstrap-2: Completed INSTALL_SNAPSHOT, lastRequest: omNode-1->omNode-bootstrap-2#0-t1,notify:(t:1, i:0)
2024-08-03 20:05:10,748 [grpc-default-executor-3] INFO  server.GrpcServerProtocolService (GrpcServerProtocolService.java:lambda$onCompleted$5(159)) - omNode-bootstrap-2: Completed INSTALL_SNAPSHOT, lastReply: null
2024-08-03 20:05:10,753 [omNode-bootstrap-2-server-thread1] INFO  server.RaftServer$Division (RaftServerImpl.java:checkInconsistentAppendEntries(1629)) - omNode-bootstrap-2@group-0AAC5367B30E: Failed appendEntries as snapshot (0) installation is in progress
2024-08-03 20:05:10,753 [omNode-bootstrap-2-server-thread1] INFO  server.RaftServer$Division (RaftServerImpl.java:appendEntriesAsync(1584)) - omNode-bootstrap-2@group-0AAC5367B30E: appendEntries* reply omNode-1<-omNode-bootstrap-2#97:FAIL-t1,INCONSISTENCY,nextIndex=0,followerCommit=-1,matchIndex=-1
2024-08-03 20:05:10,754 [grpc-default-executor-1] INFO  impl.SnapshotInstallationHandler (SnapshotInstallationHandler.java:installSnapshot(92)) - omNode-bootstrap-2@group-0AAC5367B30E: receive installSnapshot: omNode-1->omNode-bootstrap-2#0-t1,notify:(t:1, i:0)
2024-08-03 20:05:10,754 [grpc-default-executor-1] INFO  impl.SnapshotInstallationHandler (SnapshotInstallationHandler.java:installSnapshotImpl(138)) - omNode-bootstrap-2@group-0AAC5367B30E: set new configuration configurationEntry {
  peers {
    id: "omNode-3"
    address: "localhost:15023"
    startupRole: FOLLOWER
  }
  peers {
    id: "omNode-1"
    address: "localhost:15015"
    startupRole: FOLLOWER
  }
  peers {
    id: "omNode-2"
    address: "localhost:15019"
    startupRole: FOLLOWER
  }
}
 from snapshot
2024-08-03 20:05:10,754 [grpc-default-executor-1] INFO  server.RaftServer$Division (ServerState.java:setRaftConf(386)) - omNode-bootstrap-2@group-0AAC5367B30E: set configuration conf: {index: 0, cur=peers:[omNode-3|localhost:15023, omNode-1|localhost:15015, omNode-2|localhost:15019]|listeners:[], old=null}
2024-08-03 20:05:10,755 [grpc-default-executor-1] INFO  ratis.OzoneManagerStateMachine (OzoneManagerStateMachine.java:notifyConfigurationChanged(216)) - Received Configuration change notification from Ratis. New Peer list:
[id: "omNode-3"
address: "localhost:15023"
startupRole: FOLLOWER
, id: "omNode-1"
address: "localhost:15015"
startupRole: FOLLOWER
, id: "omNode-2"
address: "localhost:15019"
startupRole: FOLLOWER
]
2024-08-03 20:05:10,755 [grpc-default-executor-1] INFO  impl.SnapshotInstallationHandler (SnapshotInstallationHandler.java:installSnapshot(103)) - omNode-bootstrap-2@group-0AAC5367B30E: reply installSnapshot: omNode-1<-omNode-bootstrap-2#0:FAIL-t1,IN_PROGRESS,snapshotIndex=0
2024-08-03 20:05:10,756 [grpc-default-executor-1] INFO  server.GrpcServerProtocolService (GrpcServerProtocolService.java:onCompleted(157)) - omNode-bootstrap-2: Completed INSTALL_SNAPSHOT, lastRequest: omNode-1->omNode-bootstrap-2#0-t1,notify:(t:1, i:0)
2024-08-03 20:05:10,756 [grpc-default-executor-1] INFO  server.GrpcServerProtocolService (GrpcServerProtocolService.java:lambda$onCompleted$5(159)) - omNode-bootstrap-2: Completed INSTALL_SNAPSHOT, lastReply: null
2024-08-03 20:05:10,757 [grpc-default-executor-5] INFO  impl.SnapshotInstallationHandler (SnapshotInstallationHandler.java:installSnapshot(92)) - omNode-bootstrap-2@group-0AAC5367B30E: receive installSnapshot: omNode-1->omNode-bootstrap-2#0-t1,notify:(t:1, i:0)
2024-08-03 20:05:10,758 [omNode-bootstrap-2-server-thread1] INFO  server.RaftServer$Division (RaftServerImpl.java:checkInconsistentAppendEntries(1629)) - omNode-bootstrap-2@group-0AAC5367B30E: Failed appendEntries as snapshot (0) installation is in progress
2024-08-03 20:05:10,758 [grpc-default-executor-5] INFO  impl.SnapshotInstallationHandler (SnapshotInstallationHandler.java:installSnapshotImpl(138)) - omNode-bootstrap-2@group-0AAC5367B30E: set new configuration configurationEntry {
  peers {
    id: "omNode-3"
    address: "localhost:15023"
    startupRole: FOLLOWER
  }
  peers {
    id: "omNode-1"
    address: "localhost:15015"
    startupRole: FOLLOWER
  }
  peers {
    id: "omNode-2"
    address: "localhost:15019"
    startupRole: FOLLOWER
  }
}
 from snapshot
2024-08-03 20:05:10,758 [grpc-default-executor-5] INFO  server.RaftServer$Division (ServerState.java:setRaftConf(386)) - omNode-bootstrap-2@group-0AAC5367B30E: set configuration conf: {index: 0, cur=peers:[omNode-3|localhost:15023, omNode-1|localhost:15015, omNode-2|localhost:15019]|listeners:[], old=null}
2024-08-03 20:05:10,758 [omNode-bootstrap-2-server-thread1] INFO  server.RaftServer$Division (RaftServerImpl.java:appendEntriesAsync(1584)) - omNode-bootstrap-2@group-0AAC5367B30E: appendEntries* reply omNode-1<-omNode-bootstrap-2#98:FAIL-t1,INCONSISTENCY,nextIndex=0,followerCommit=-1,matchIndex=-1
2024-08-03 20:05:10,759 [grpc-default-executor-5] INFO  ratis.OzoneManagerStateMachine (OzoneManagerStateMachine.java:notifyConfigurationChanged(216)) - Received Configuration change notification from Ratis. New Peer list:
[id: "omNode-3"
address: "localhost:15023"
startupRole: FOLLOWER
, id: "omNode-1"
address: "localhost:15015"
startupRole: FOLLOWER
, id: "omNode-2"
address: "localhost:15019"
startupRole: FOLLOWER
]
2024-08-03 20:05:10,759 [grpc-default-executor-5] INFO  impl.SnapshotInstallationHandler (SnapshotInstallationHandler.java:installSnapshot(103)) - omNode-bootstrap-2@group-0AAC5367B30E: reply installSnapshot: omNode-1<-omNode-bootstrap-2#0:FAIL-t1,IN_PROGRESS,snapshotIndex=0
2024-08-03 20:05:10,759 [grpc-default-executor-5] INFO  server.GrpcServerProtocolService (GrpcServerProtocolService.java:onCompleted(157)) - omNode-bootstrap-2: Completed INSTALL_SNAPSHOT, lastRequest: omNode-1->omNode-bootstrap-2#0-t1,notify:(t:1, i:0)
2024-08-03 20:05:10,759 [grpc-default-executor-5] INFO  server.GrpcServerProtocolService (GrpcServerProtocolService.java:lambda$onCompleted$5(159)) - omNode-bootstrap-2: Completed INSTALL_SNAPSHOT, lastReply: null
2024-08-03 20:05:10,761 [omNode-bootstrap-2-server-thread1] INFO  server.RaftServer$Division (RaftServerImpl.java:checkInconsistentAppendEntries(1629)) - omNode-bootstrap-2@group-0AAC5367B30E: Failed appendEntries as snapshot (0) installation is in progress
2024-08-03 20:05:10,761 [omNode-bootstrap-2-server-thread1] INFO  server.RaftServer$Division (RaftServerImpl.java:appendEntriesAsync(1584)) - omNode-bootstrap-2@group-0AAC5367B30E: appendEntries* reply omNode-1<-omNode-bootstrap-2#99:FAIL-t1,INCONSISTENCY,nextIndex=0,followerCommit=-1,matchIndex=-1
2024-08-03 20:05:10,762 [grpc-default-executor-3] INFO  impl.SnapshotInstallationHandler (SnapshotInstallationHandler.java:installSnapshot(92)) - omNode-bootstrap-2@group-0AAC5367B30E: receive installSnapshot: omNode-1->omNode-bootstrap-2#0-t1,notify:(t:1, i:0)
2024-08-03 20:05:10,762 [grpc-default-executor-3] INFO  impl.SnapshotInstallationHandler (SnapshotInstallationHandler.java:installSnapshotImpl(138)) - omNode-bootstrap-2@group-0AAC5367B30E: set new configuration configurationEntry {
  peers {
    id: "omNode-3"
    address: "localhost:15023"
    startupRole: FOLLOWER
  }
  peers {
    id: "omNode-1"
    address: "localhost:15015"
    startupRole: FOLLOWER
  }
  peers {
    id: "omNode-2"
    address: "localhost:15019"
    startupRole: FOLLOWER
  }
}
 from snapshot
2024-08-03 20:05:10,762 [grpc-default-executor-3] INFO  server.RaftServer$Division (ServerState.java:setRaftConf(386)) - omNode-bootstrap-2@group-0AAC5367B30E: set configuration conf: {index: 0, cur=peers:[omNode-3|localhost:15023, omNode-1|localhost:15015, omNode-2|localhost:15019]|listeners:[], old=null}
2024-08-03 20:05:10,763 [grpc-default-executor-3] INFO  ratis.OzoneManagerStateMachine (OzoneManagerStateMachine.java:notifyConfigurationChanged(216)) - Received Configuration change notification from Ratis. New Peer list:
[id: "omNode-3"
address: "localhost:15023"
startupRole: FOLLOWER
, id: "omNode-1"
address: "localhost:15015"
startupRole: FOLLOWER
, id: "omNode-2"
address: "localhost:15019"
startupRole: FOLLOWER
]
2024-08-03 20:05:10,763 [grpc-default-executor-3] INFO  impl.SnapshotInstallationHandler (SnapshotInstallationHandler.java:installSnapshot(103)) - omNode-bootstrap-2@group-0AAC5367B30E: reply installSnapshot: omNode-1<-omNode-bootstrap-2#0:FAIL-t1,IN_PROGRESS,snapshotIndex=0
2024-08-03 20:05:10,763 [grpc-default-executor-3] INFO  server.GrpcServerProtocolService (GrpcServerProtocolService.java:onCompleted(157)) - omNode-bootstrap-2: Completed INSTALL_SNAPSHOT, lastRequest: omNode-1->omNode-bootstrap-2#0-t1,notify:(t:1, i:0)
2024-08-03 20:05:10,763 [grpc-default-executor-3] INFO  server.GrpcServerProtocolService (GrpcServerProtocolService.java:lambda$onCompleted$5(159)) - omNode-bootstrap-2: Completed INSTALL_SNAPSHOT, lastReply: null
2024-08-03 20:05:10,765 [omNode-bootstrap-2-server-thread1] INFO  server.RaftServer$Division (RaftServerImpl.java:checkInconsistentAppendEntries(1629)) - omNode-bootstrap-2@group-0AAC5367B30E: Failed appendEntries as snapshot (0) installation is in progress
2024-08-03 20:05:10,765 [omNode-bootstrap-2-server-thread1] INFO  server.RaftServer$Division (RaftServerImpl.java:appendEntriesAsync(1584)) - omNode-bootstrap-2@group-0AAC5367B30E: appendEntries* reply omNode-1<-omNode-bootstrap-2#100:FAIL-t1,INCONSISTENCY,nextIndex=0,followerCommit=-1,matchIndex=-1
2024-08-03 20:05:10,770 [qtp1106344887-439] INFO  rocksdiff.RocksDBCheckpointDiffer (RocksDBCheckpointDiffer.java:close(306)) - Shutting down CompactionDagPruningService.
2024-08-03 20:05:10,770 [grpc-default-executor-3] INFO  impl.SnapshotInstallationHandler (SnapshotInstallationHandler.java:installSnapshot(92)) - omNode-bootstrap-2@group-0AAC5367B30E: receive installSnapshot: omNode-1->omNode-bootstrap-2#0-t1,notify:(t:1, i:0)
2024-08-03 20:05:10,770 [grpc-default-executor-3] INFO  impl.SnapshotInstallationHandler (SnapshotInstallationHandler.java:installSnapshotImpl(138)) - omNode-bootstrap-2@group-0AAC5367B30E: set new configuration configurationEntry {
  peers {
    id: "omNode-3"
    address: "localhost:15023"
    startupRole: FOLLOWER
  }
  peers {
    id: "omNode-1"
    address: "localhost:15015"
    startupRole: FOLLOWER
  }
  peers {
    id: "omNode-2"
    address: "localhost:15019"
    startupRole: FOLLOWER
  }
}
 from snapshot
2024-08-03 20:05:10,773 [grpc-default-executor-3] INFO  server.RaftServer$Division (ServerState.java:setRaftConf(386)) - omNode-bootstrap-2@group-0AAC5367B30E: set configuration conf: {index: 0, cur=peers:[omNode-3|localhost:15023, omNode-1|localhost:15015, omNode-2|localhost:15019]|listeners:[], old=null}
2024-08-03 20:05:10,775 [grpc-default-executor-3] INFO  ratis.OzoneManagerStateMachine (OzoneManagerStateMachine.java:notifyConfigurationChanged(216)) - Received Configuration change notification from Ratis. New Peer list:
[id: "omNode-3"
address: "localhost:15023"
startupRole: FOLLOWER
, id: "omNode-1"
address: "localhost:15015"
startupRole: FOLLOWER
, id: "omNode-2"
address: "localhost:15019"
startupRole: FOLLOWER
]
2024-08-03 20:05:10,775 [grpc-default-executor-3] INFO  impl.SnapshotInstallationHandler (SnapshotInstallationHandler.java:installSnapshot(103)) - omNode-bootstrap-2@group-0AAC5367B30E: reply installSnapshot: omNode-1<-omNode-bootstrap-2#0:FAIL-t1,IN_PROGRESS,snapshotIndex=0
2024-08-03 20:05:10,776 [grpc-default-executor-3] INFO  server.GrpcServerProtocolService (GrpcServerProtocolService.java:onCompleted(157)) - omNode-bootstrap-2: Completed INSTALL_SNAPSHOT, lastRequest: omNode-1->omNode-bootstrap-2#0-t1,notify:(t:1, i:0)
2024-08-03 20:05:10,776 [grpc-default-executor-3] INFO  server.GrpcServerProtocolService (GrpcServerProtocolService.java:lambda$onCompleted$5(159)) - omNode-bootstrap-2: Completed INSTALL_SNAPSHOT, lastReply: null
2024-08-03 20:05:10,777 [omNode-bootstrap-2-server-thread1] INFO  server.RaftServer$Division (RaftServerImpl.java:checkInconsistentAppendEntries(1629)) - omNode-bootstrap-2@group-0AAC5367B30E: Failed appendEntries as snapshot (0) installation is in progress
2024-08-03 20:05:10,778 [omNode-bootstrap-2-server-thread1] INFO  server.RaftServer$Division (RaftServerImpl.java:appendEntriesAsync(1584)) - omNode-bootstrap-2@group-0AAC5367B30E: appendEntries* reply omNode-1<-omNode-bootstrap-2#101:FAIL-t1,INCONSISTENCY,nextIndex=0,followerCommit=-1,matchIndex=-1
2024-08-03 20:05:10,780 [grpc-default-executor-3] INFO  impl.SnapshotInstallationHandler (SnapshotInstallationHandler.java:installSnapshot(92)) - omNode-bootstrap-2@group-0AAC5367B30E: receive installSnapshot: omNode-1->omNode-bootstrap-2#0-t1,notify:(t:1, i:0)
2024-08-03 20:05:10,780 [grpc-default-executor-3] INFO  impl.SnapshotInstallationHandler (SnapshotInstallationHandler.java:installSnapshotImpl(138)) - omNode-bootstrap-2@group-0AAC5367B30E: set new configuration configurationEntry {
  peers {
    id: "omNode-3"
    address: "localhost:15023"
    startupRole: FOLLOWER
  }
  peers {
    id: "omNode-1"
    address: "localhost:15015"
    startupRole: FOLLOWER
  }
  peers {
    id: "omNode-2"
    address: "localhost:15019"
    startupRole: FOLLOWER
  }
}
 from snapshot
2024-08-03 20:05:10,780 [grpc-default-executor-3] INFO  server.RaftServer$Division (ServerState.java:setRaftConf(386)) - omNode-bootstrap-2@group-0AAC5367B30E: set configuration conf: {index: 0, cur=peers:[omNode-3|localhost:15023, omNode-1|localhost:15015, omNode-2|localhost:15019]|listeners:[], old=null}
2024-08-03 20:05:10,782 [grpc-default-executor-3] INFO  ratis.OzoneManagerStateMachine (OzoneManagerStateMachine.java:notifyConfigurationChanged(216)) - Received Configuration change notification from Ratis. New Peer list:
[id: "omNode-3"
address: "localhost:15023"
startupRole: FOLLOWER
, id: "omNode-1"
address: "localhost:15015"
startupRole: FOLLOWER
, id: "omNode-2"
address: "localhost:15019"
startupRole: FOLLOWER
]
2024-08-03 20:05:10,782 [grpc-default-executor-3] INFO  impl.SnapshotInstallationHandler (SnapshotInstallationHandler.java:installSnapshot(103)) - omNode-bootstrap-2@group-0AAC5367B30E: reply installSnapshot: omNode-1<-omNode-bootstrap-2#0:FAIL-t1,IN_PROGRESS,snapshotIndex=0
2024-08-03 20:05:10,783 [grpc-default-executor-3] INFO  server.GrpcServerProtocolService (GrpcServerProtocolService.java:onCompleted(157)) - omNode-bootstrap-2: Completed INSTALL_SNAPSHOT, lastRequest: omNode-1->omNode-bootstrap-2#0-t1,notify:(t:1, i:0)
2024-08-03 20:05:10,783 [grpc-default-executor-3] INFO  server.GrpcServerProtocolService (GrpcServerProtocolService.java:lambda$onCompleted$5(159)) - omNode-bootstrap-2: Completed INSTALL_SNAPSHOT, lastReply: null
2024-08-03 20:05:10,785 [omNode-bootstrap-2-server-thread1] INFO  server.RaftServer$Division (RaftServerImpl.java:checkInconsistentAppendEntries(1629)) - omNode-bootstrap-2@group-0AAC5367B30E: Failed appendEntries as snapshot (0) installation is in progress
2024-08-03 20:05:10,785 [omNode-bootstrap-2-server-thread1] INFO  server.RaftServer$Division (RaftServerImpl.java:appendEntriesAsync(1584)) - omNode-bootstrap-2@group-0AAC5367B30E: appendEntries* reply omNode-1<-omNode-bootstrap-2#102:FAIL-t1,INCONSISTENCY,nextIndex=0,followerCommit=-1,matchIndex=-1
2024-08-03 20:05:10,785 [grpc-default-executor-1] INFO  impl.SnapshotInstallationHandler (SnapshotInstallationHandler.java:installSnapshot(92)) - omNode-bootstrap-2@group-0AAC5367B30E: receive installSnapshot: omNode-1->omNode-bootstrap-2#0-t1,notify:(t:1, i:0)
2024-08-03 20:05:10,785 [grpc-default-executor-1] INFO  impl.SnapshotInstallationHandler (SnapshotInstallationHandler.java:installSnapshotImpl(138)) - omNode-bootstrap-2@group-0AAC5367B30E: set new configuration configurationEntry {
  peers {
    id: "omNode-3"
    address: "localhost:15023"
    startupRole: FOLLOWER
  }
  peers {
    id: "omNode-1"
    address: "localhost:15015"
    startupRole: FOLLOWER
  }
  peers {
    id: "omNode-2"
    address: "localhost:15019"
    startupRole: FOLLOWER
  }
}
 from snapshot
2024-08-03 20:05:10,786 [grpc-default-executor-1] INFO  server.RaftServer$Division (ServerState.java:setRaftConf(386)) - omNode-bootstrap-2@group-0AAC5367B30E: set configuration conf: {index: 0, cur=peers:[omNode-3|localhost:15023, omNode-1|localhost:15015, omNode-2|localhost:15019]|listeners:[], old=null}
2024-08-03 20:05:10,787 [grpc-default-executor-1] INFO  ratis.OzoneManagerStateMachine (OzoneManagerStateMachine.java:notifyConfigurationChanged(216)) - Received Configuration change notification from Ratis. New Peer list:
[id: "omNode-3"
address: "localhost:15023"
startupRole: FOLLOWER
, id: "omNode-1"
address: "localhost:15015"
startupRole: FOLLOWER
, id: "omNode-2"
address: "localhost:15019"
startupRole: FOLLOWER
]
2024-08-03 20:05:10,788 [grpc-default-executor-1] INFO  impl.SnapshotInstallationHandler (SnapshotInstallationHandler.java:installSnapshot(103)) - omNode-bootstrap-2@group-0AAC5367B30E: reply installSnapshot: omNode-1<-omNode-bootstrap-2#0:FAIL-t1,IN_PROGRESS,snapshotIndex=0
2024-08-03 20:05:10,788 [grpc-default-executor-1] INFO  server.GrpcServerProtocolService (GrpcServerProtocolService.java:onCompleted(157)) - omNode-bootstrap-2: Completed INSTALL_SNAPSHOT, lastRequest: omNode-1->omNode-bootstrap-2#0-t1,notify:(t:1, i:0)
2024-08-03 20:05:10,788 [grpc-default-executor-1] INFO  server.GrpcServerProtocolService (GrpcServerProtocolService.java:lambda$onCompleted$5(159)) - omNode-bootstrap-2: Completed INSTALL_SNAPSHOT, lastReply: null
2024-08-03 20:05:10,789 [omNode-bootstrap-2-server-thread1] INFO  server.RaftServer$Division (RaftServerImpl.java:checkInconsistentAppendEntries(1629)) - omNode-bootstrap-2@group-0AAC5367B30E: Failed appendEntries as snapshot (0) installation is in progress
2024-08-03 20:05:10,789 [omNode-bootstrap-2-server-thread1] INFO  server.RaftServer$Division (RaftServerImpl.java:appendEntriesAsync(1584)) - omNode-bootstrap-2@group-0AAC5367B30E: appendEntries* reply omNode-1<-omNode-bootstrap-2#103:FAIL-t1,INCONSISTENCY,nextIndex=0,followerCommit=-1,matchIndex=-1
2024-08-03 20:05:10,791 [grpc-default-executor-1] INFO  impl.SnapshotInstallationHandler (SnapshotInstallationHandler.java:installSnapshot(92)) - omNode-bootstrap-2@group-0AAC5367B30E: receive installSnapshot: omNode-1->omNode-bootstrap-2#0-t1,notify:(t:1, i:0)
2024-08-03 20:05:10,791 [grpc-default-executor-1] INFO  impl.SnapshotInstallationHandler (SnapshotInstallationHandler.java:installSnapshotImpl(138)) - omNode-bootstrap-2@group-0AAC5367B30E: set new configuration configurationEntry {
  peers {
    id: "omNode-3"
    address: "localhost:15023"
    startupRole: FOLLOWER
  }
  peers {
    id: "omNode-1"
    address: "localhost:15015"
    startupRole: FOLLOWER
  }
  peers {
    id: "omNode-2"
    address: "localhost:15019"
    startupRole: FOLLOWER
  }
}
 from snapshot
2024-08-03 20:05:10,791 [grpc-default-executor-1] INFO  server.RaftServer$Division (ServerState.java:setRaftConf(386)) - omNode-bootstrap-2@group-0AAC5367B30E: set configuration conf: {index: 0, cur=peers:[omNode-3|localhost:15023, omNode-1|localhost:15015, omNode-2|localhost:15019]|listeners:[], old=null}
2024-08-03 20:05:10,793 [grpc-default-executor-1] INFO  ratis.OzoneManagerStateMachine (OzoneManagerStateMachine.java:notifyConfigurationChanged(216)) - Received Configuration change notification from Ratis. New Peer list:
[id: "omNode-3"
address: "localhost:15023"
startupRole: FOLLOWER
, id: "omNode-1"
address: "localhost:15015"
startupRole: FOLLOWER
, id: "omNode-2"
address: "localhost:15019"
startupRole: FOLLOWER
]
2024-08-03 20:05:10,793 [grpc-default-executor-1] INFO  impl.SnapshotInstallationHandler (SnapshotInstallationHandler.java:installSnapshot(103)) - omNode-bootstrap-2@group-0AAC5367B30E: reply installSnapshot: omNode-1<-omNode-bootstrap-2#0:FAIL-t1,IN_PROGRESS,snapshotIndex=0
2024-08-03 20:05:10,793 [grpc-default-executor-1] INFO  server.GrpcServerProtocolService (GrpcServerProtocolService.java:onCompleted(157)) - omNode-bootstrap-2: Completed INSTALL_SNAPSHOT, lastRequest: omNode-1->omNode-bootstrap-2#0-t1,notify:(t:1, i:0)
2024-08-03 20:05:10,793 [grpc-default-executor-1] INFO  server.GrpcServerProtocolService (GrpcServerProtocolService.java:lambda$onCompleted$5(159)) - omNode-bootstrap-2: Completed INSTALL_SNAPSHOT, lastReply: null
2024-08-03 20:05:10,794 [omNode-bootstrap-2-server-thread1] INFO  server.RaftServer$Division (RaftServerImpl.java:checkInconsistentAppendEntries(1629)) - omNode-bootstrap-2@group-0AAC5367B30E: Failed appendEntries as snapshot (0) installation is in progress
2024-08-03 20:05:10,794 [omNode-bootstrap-2-server-thread1] INFO  server.RaftServer$Division (RaftServerImpl.java:appendEntriesAsync(1584)) - omNode-bootstrap-2@group-0AAC5367B30E: appendEntries* reply omNode-1<-omNode-bootstrap-2#104:FAIL-t1,INCONSISTENCY,nextIndex=0,followerCommit=-1,matchIndex=-1
2024-08-03 20:05:10,796 [grpc-default-executor-5] INFO  impl.SnapshotInstallationHandler (SnapshotInstallationHandler.java:installSnapshot(92)) - omNode-bootstrap-2@group-0AAC5367B30E: receive installSnapshot: omNode-1->omNode-bootstrap-2#0-t1,notify:(t:1, i:0)
2024-08-03 20:05:10,796 [grpc-default-executor-5] INFO  impl.SnapshotInstallationHandler (SnapshotInstallationHandler.java:installSnapshotImpl(138)) - omNode-bootstrap-2@group-0AAC5367B30E: set new configuration configurationEntry {
  peers {
    id: "omNode-3"
    address: "localhost:15023"
    startupRole: FOLLOWER
  }
  peers {
    id: "omNode-1"
    address: "localhost:15015"
    startupRole: FOLLOWER
  }
  peers {
    id: "omNode-2"
    address: "localhost:15019"
    startupRole: FOLLOWER
  }
}
 from snapshot
2024-08-03 20:05:10,796 [grpc-default-executor-5] INFO  server.RaftServer$Division (ServerState.java:setRaftConf(386)) - omNode-bootstrap-2@group-0AAC5367B30E: set configuration conf: {index: 0, cur=peers:[omNode-3|localhost:15023, omNode-1|localhost:15015, omNode-2|localhost:15019]|listeners:[], old=null}
2024-08-03 20:05:10,798 [grpc-default-executor-5] INFO  ratis.OzoneManagerStateMachine (OzoneManagerStateMachine.java:notifyConfigurationChanged(216)) - Received Configuration change notification from Ratis. New Peer list:
[id: "omNode-3"
address: "localhost:15023"
startupRole: FOLLOWER
, id: "omNode-1"
address: "localhost:15015"
startupRole: FOLLOWER
, id: "omNode-2"
address: "localhost:15019"
startupRole: FOLLOWER
]
2024-08-03 20:05:10,798 [grpc-default-executor-5] INFO  impl.SnapshotInstallationHandler (SnapshotInstallationHandler.java:installSnapshot(103)) - omNode-bootstrap-2@group-0AAC5367B30E: reply installSnapshot: omNode-1<-omNode-bootstrap-2#0:FAIL-t1,IN_PROGRESS,snapshotIndex=0
2024-08-03 20:05:10,798 [grpc-default-executor-5] INFO  server.GrpcServerProtocolService (GrpcServerProtocolService.java:onCompleted(157)) - omNode-bootstrap-2: Completed INSTALL_SNAPSHOT, lastRequest: omNode-1->omNode-bootstrap-2#0-t1,notify:(t:1, i:0)
2024-08-03 20:05:10,798 [grpc-default-executor-5] INFO  server.GrpcServerProtocolService (GrpcServerProtocolService.java:lambda$onCompleted$5(159)) - omNode-bootstrap-2: Completed INSTALL_SNAPSHOT, lastReply: null
2024-08-03 20:05:10,800 [grpc-default-executor-0] INFO  impl.SnapshotInstallationHandler (SnapshotInstallationHandler.java:installSnapshot(92)) - omNode-bootstrap-2@group-0AAC5367B30E: receive installSnapshot: omNode-1->omNode-bootstrap-2#0-t1,notify:(t:1, i:0)
2024-08-03 20:05:10,800 [grpc-default-executor-0] INFO  impl.SnapshotInstallationHandler (SnapshotInstallationHandler.java:installSnapshotImpl(138)) - omNode-bootstrap-2@group-0AAC5367B30E: set new configuration configurationEntry {
  peers {
    id: "omNode-3"
    address: "localhost:15023"
    startupRole: FOLLOWER
  }
  peers {
    id: "omNode-1"
    address: "localhost:15015"
    startupRole: FOLLOWER
  }
  peers {
    id: "omNode-2"
    address: "localhost:15019"
    startupRole: FOLLOWER
  }
}
 from snapshot
2024-08-03 20:05:10,800 [grpc-default-executor-0] INFO  server.RaftServer$Division (ServerState.java:setRaftConf(386)) - omNode-bootstrap-2@group-0AAC5367B30E: set configuration conf: {index: 0, cur=peers:[omNode-3|localhost:15023, omNode-1|localhost:15015, omNode-2|localhost:15019]|listeners:[], old=null}
2024-08-03 20:05:10,801 [omNode-bootstrap-2-server-thread1] INFO  server.RaftServer$Division (RaftServerImpl.java:checkInconsistentAppendEntries(1629)) - omNode-bootstrap-2@group-0AAC5367B30E: Failed appendEntries as snapshot (0) installation is in progress
2024-08-03 20:05:10,801 [omNode-bootstrap-2-server-thread1] INFO  server.RaftServer$Division (RaftServerImpl.java:appendEntriesAsync(1584)) - omNode-bootstrap-2@group-0AAC5367B30E: appendEntries* reply omNode-1<-omNode-bootstrap-2#105:FAIL-t1,INCONSISTENCY,nextIndex=0,followerCommit=-1,matchIndex=-1
2024-08-03 20:05:10,801 [grpc-default-executor-0] INFO  ratis.OzoneManagerStateMachine (OzoneManagerStateMachine.java:notifyConfigurationChanged(216)) - Received Configuration change notification from Ratis. New Peer list:
[id: "omNode-3"
address: "localhost:15023"
startupRole: FOLLOWER
, id: "omNode-1"
address: "localhost:15015"
startupRole: FOLLOWER
, id: "omNode-2"
address: "localhost:15019"
startupRole: FOLLOWER
]
2024-08-03 20:05:10,802 [grpc-default-executor-0] INFO  impl.SnapshotInstallationHandler (SnapshotInstallationHandler.java:installSnapshot(103)) - omNode-bootstrap-2@group-0AAC5367B30E: reply installSnapshot: omNode-1<-omNode-bootstrap-2#0:FAIL-t1,IN_PROGRESS,snapshotIndex=0
2024-08-03 20:05:10,802 [grpc-default-executor-0] INFO  server.GrpcServerProtocolService (GrpcServerProtocolService.java:onCompleted(157)) - omNode-bootstrap-2: Completed INSTALL_SNAPSHOT, lastRequest: omNode-1->omNode-bootstrap-2#0-t1,notify:(t:1, i:0)
2024-08-03 20:05:10,802 [grpc-default-executor-0] INFO  server.GrpcServerProtocolService (GrpcServerProtocolService.java:lambda$onCompleted$5(159)) - omNode-bootstrap-2: Completed INSTALL_SNAPSHOT, lastReply: null
2024-08-03 20:05:10,803 [omNode-bootstrap-2-server-thread1] INFO  server.RaftServer$Division (RaftServerImpl.java:checkInconsistentAppendEntries(1629)) - omNode-bootstrap-2@group-0AAC5367B30E: Failed appendEntries as snapshot (0) installation is in progress
2024-08-03 20:05:10,803 [omNode-bootstrap-2-server-thread1] INFO  server.RaftServer$Division (RaftServerImpl.java:appendEntriesAsync(1584)) - omNode-bootstrap-2@group-0AAC5367B30E: appendEntries* reply omNode-1<-omNode-bootstrap-2#106:FAIL-t1,INCONSISTENCY,nextIndex=0,followerCommit=-1,matchIndex=-1
2024-08-03 20:05:10,804 [grpc-default-executor-3] INFO  impl.SnapshotInstallationHandler (SnapshotInstallationHandler.java:installSnapshot(92)) - omNode-bootstrap-2@group-0AAC5367B30E: receive installSnapshot: omNode-1->omNode-bootstrap-2#0-t1,notify:(t:1, i:0)
2024-08-03 20:05:10,804 [grpc-default-executor-3] INFO  impl.SnapshotInstallationHandler (SnapshotInstallationHandler.java:installSnapshotImpl(138)) - omNode-bootstrap-2@group-0AAC5367B30E: set new configuration configurationEntry {
  peers {
    id: "omNode-3"
    address: "localhost:15023"
    startupRole: FOLLOWER
  }
  peers {
    id: "omNode-1"
    address: "localhost:15015"
    startupRole: FOLLOWER
  }
  peers {
    id: "omNode-2"
    address: "localhost:15019"
    startupRole: FOLLOWER
  }
}
 from snapshot
2024-08-03 20:05:10,805 [grpc-default-executor-3] INFO  server.RaftServer$Division (ServerState.java:setRaftConf(386)) - omNode-bootstrap-2@group-0AAC5367B30E: set configuration conf: {index: 0, cur=peers:[omNode-3|localhost:15023, omNode-1|localhost:15015, omNode-2|localhost:15019]|listeners:[], old=null}
2024-08-03 20:05:10,806 [grpc-default-executor-3] INFO  ratis.OzoneManagerStateMachine (OzoneManagerStateMachine.java:notifyConfigurationChanged(216)) - Received Configuration change notification from Ratis. New Peer list:
[id: "omNode-3"
address: "localhost:15023"
startupRole: FOLLOWER
, id: "omNode-1"
address: "localhost:15015"
startupRole: FOLLOWER
, id: "omNode-2"
address: "localhost:15019"
startupRole: FOLLOWER
]
2024-08-03 20:05:10,806 [grpc-default-executor-3] INFO  impl.SnapshotInstallationHandler (SnapshotInstallationHandler.java:installSnapshot(103)) - omNode-bootstrap-2@group-0AAC5367B30E: reply installSnapshot: omNode-1<-omNode-bootstrap-2#0:FAIL-t1,IN_PROGRESS,snapshotIndex=0
2024-08-03 20:05:10,807 [grpc-default-executor-3] INFO  server.GrpcServerProtocolService (GrpcServerProtocolService.java:onCompleted(157)) - omNode-bootstrap-2: Completed INSTALL_SNAPSHOT, lastRequest: omNode-1->omNode-bootstrap-2#0-t1,notify:(t:1, i:0)
2024-08-03 20:05:10,807 [grpc-default-executor-3] INFO  server.GrpcServerProtocolService (GrpcServerProtocolService.java:lambda$onCompleted$5(159)) - omNode-bootstrap-2: Completed INSTALL_SNAPSHOT, lastReply: null
2024-08-03 20:05:10,808 [omNode-bootstrap-2-server-thread1] INFO  server.RaftServer$Division (RaftServerImpl.java:checkInconsistentAppendEntries(1629)) - omNode-bootstrap-2@group-0AAC5367B30E: Failed appendEntries as snapshot (0) installation is in progress
2024-08-03 20:05:10,808 [omNode-bootstrap-2-server-thread1] INFO  server.RaftServer$Division (RaftServerImpl.java:appendEntriesAsync(1584)) - omNode-bootstrap-2@group-0AAC5367B30E: appendEntries* reply omNode-1<-omNode-bootstrap-2#107:FAIL-t1,INCONSISTENCY,nextIndex=0,followerCommit=-1,matchIndex=-1
2024-08-03 20:05:10,809 [grpc-default-executor-5] INFO  impl.SnapshotInstallationHandler (SnapshotInstallationHandler.java:installSnapshot(92)) - omNode-bootstrap-2@group-0AAC5367B30E: receive installSnapshot: omNode-1->omNode-bootstrap-2#0-t1,notify:(t:1, i:0)
2024-08-03 20:05:10,809 [grpc-default-executor-5] INFO  impl.SnapshotInstallationHandler (SnapshotInstallationHandler.java:installSnapshotImpl(138)) - omNode-bootstrap-2@group-0AAC5367B30E: set new configuration configurationEntry {
  peers {
    id: "omNode-3"
    address: "localhost:15023"
    startupRole: FOLLOWER
  }
  peers {
    id: "omNode-1"
    address: "localhost:15015"
    startupRole: FOLLOWER
  }
  peers {
    id: "omNode-2"
    address: "localhost:15019"
    startupRole: FOLLOWER
  }
}
 from snapshot
2024-08-03 20:05:10,809 [grpc-default-executor-5] INFO  server.RaftServer$Division (ServerState.java:setRaftConf(386)) - omNode-bootstrap-2@group-0AAC5367B30E: set configuration conf: {index: 0, cur=peers:[omNode-3|localhost:15023, omNode-1|localhost:15015, omNode-2|localhost:15019]|listeners:[], old=null}
2024-08-03 20:05:10,811 [grpc-default-executor-5] INFO  ratis.OzoneManagerStateMachine (OzoneManagerStateMachine.java:notifyConfigurationChanged(216)) - Received Configuration change notification from Ratis. New Peer list:
[id: "omNode-3"
address: "localhost:15023"
startupRole: FOLLOWER
, id: "omNode-1"
address: "localhost:15015"
startupRole: FOLLOWER
, id: "omNode-2"
address: "localhost:15019"
startupRole: FOLLOWER
]
2024-08-03 20:05:10,811 [grpc-default-executor-5] INFO  impl.SnapshotInstallationHandler (SnapshotInstallationHandler.java:installSnapshot(103)) - omNode-bootstrap-2@group-0AAC5367B30E: reply installSnapshot: omNode-1<-omNode-bootstrap-2#0:FAIL-t1,IN_PROGRESS,snapshotIndex=0
2024-08-03 20:05:10,811 [grpc-default-executor-5] INFO  server.GrpcServerProtocolService (GrpcServerProtocolService.java:onCompleted(157)) - omNode-bootstrap-2: Completed INSTALL_SNAPSHOT, lastRequest: omNode-1->omNode-bootstrap-2#0-t1,notify:(t:1, i:0)
2024-08-03 20:05:10,811 [grpc-default-executor-5] INFO  server.GrpcServerProtocolService (GrpcServerProtocolService.java:lambda$onCompleted$5(159)) - omNode-bootstrap-2: Completed INSTALL_SNAPSHOT, lastReply: null
2024-08-03 20:05:10,812 [omNode-bootstrap-2-server-thread1] INFO  server.RaftServer$Division (RaftServerImpl.java:checkInconsistentAppendEntries(1629)) - omNode-bootstrap-2@group-0AAC5367B30E: Failed appendEntries as snapshot (0) installation is in progress
2024-08-03 20:05:10,812 [omNode-bootstrap-2-server-thread1] INFO  server.RaftServer$Division (RaftServerImpl.java:appendEntriesAsync(1584)) - omNode-bootstrap-2@group-0AAC5367B30E: appendEntries* reply omNode-1<-omNode-bootstrap-2#108:FAIL-t1,INCONSISTENCY,nextIndex=0,followerCommit=-1,matchIndex=-1
2024-08-03 20:05:10,813 [grpc-default-executor-5] INFO  impl.SnapshotInstallationHandler (SnapshotInstallationHandler.java:installSnapshot(92)) - omNode-bootstrap-2@group-0AAC5367B30E: receive installSnapshot: omNode-1->omNode-bootstrap-2#0-t1,notify:(t:1, i:0)
2024-08-03 20:05:10,813 [grpc-default-executor-5] INFO  impl.SnapshotInstallationHandler (SnapshotInstallationHandler.java:installSnapshotImpl(138)) - omNode-bootstrap-2@group-0AAC5367B30E: set new configuration configurationEntry {
  peers {
    id: "omNode-3"
    address: "localhost:15023"
    startupRole: FOLLOWER
  }
  peers {
    id: "omNode-1"
    address: "localhost:15015"
    startupRole: FOLLOWER
  }
  peers {
    id: "omNode-2"
    address: "localhost:15019"
    startupRole: FOLLOWER
  }
}
 from snapshot
2024-08-03 20:05:10,813 [grpc-default-executor-5] INFO  server.RaftServer$Division (ServerState.java:setRaftConf(386)) - omNode-bootstrap-2@group-0AAC5367B30E: set configuration conf: {index: 0, cur=peers:[omNode-3|localhost:15023, omNode-1|localhost:15015, omNode-2|localhost:15019]|listeners:[], old=null}
2024-08-03 20:05:10,815 [grpc-default-executor-5] INFO  ratis.OzoneManagerStateMachine (OzoneManagerStateMachine.java:notifyConfigurationChanged(216)) - Received Configuration change notification from Ratis. New Peer list:
[id: "omNode-3"
address: "localhost:15023"
startupRole: FOLLOWER
, id: "omNode-1"
address: "localhost:15015"
startupRole: FOLLOWER
, id: "omNode-2"
address: "localhost:15019"
startupRole: FOLLOWER
]
2024-08-03 20:05:10,815 [grpc-default-executor-5] INFO  impl.SnapshotInstallationHandler (SnapshotInstallationHandler.java:installSnapshot(103)) - omNode-bootstrap-2@group-0AAC5367B30E: reply installSnapshot: omNode-1<-omNode-bootstrap-2#0:FAIL-t1,IN_PROGRESS,snapshotIndex=0
2024-08-03 20:05:10,815 [grpc-default-executor-5] INFO  server.GrpcServerProtocolService (GrpcServerProtocolService.java:onCompleted(157)) - omNode-bootstrap-2: Completed INSTALL_SNAPSHOT, lastRequest: omNode-1->omNode-bootstrap-2#0-t1,notify:(t:1, i:0)
2024-08-03 20:05:10,815 [grpc-default-executor-5] INFO  server.GrpcServerProtocolService (GrpcServerProtocolService.java:lambda$onCompleted$5(159)) - omNode-bootstrap-2: Completed INSTALL_SNAPSHOT, lastReply: null
2024-08-03 20:05:10,816 [omNode-bootstrap-2-server-thread1] INFO  server.RaftServer$Division (RaftServerImpl.java:checkInconsistentAppendEntries(1629)) - omNode-bootstrap-2@group-0AAC5367B30E: Failed appendEntries as snapshot (0) installation is in progress
2024-08-03 20:05:10,816 [omNode-bootstrap-2-server-thread1] INFO  server.RaftServer$Division (RaftServerImpl.java:appendEntriesAsync(1584)) - omNode-bootstrap-2@group-0AAC5367B30E: appendEntries* reply omNode-1<-omNode-bootstrap-2#109:FAIL-t1,INCONSISTENCY,nextIndex=0,followerCommit=-1,matchIndex=-1
2024-08-03 20:05:10,817 [grpc-default-executor-5] INFO  impl.SnapshotInstallationHandler (SnapshotInstallationHandler.java:installSnapshot(92)) - omNode-bootstrap-2@group-0AAC5367B30E: receive installSnapshot: omNode-1->omNode-bootstrap-2#0-t1,notify:(t:1, i:0)
2024-08-03 20:05:10,817 [grpc-default-executor-5] INFO  impl.SnapshotInstallationHandler (SnapshotInstallationHandler.java:installSnapshotImpl(138)) - omNode-bootstrap-2@group-0AAC5367B30E: set new configuration configurationEntry {
  peers {
    id: "omNode-3"
    address: "localhost:15023"
    startupRole: FOLLOWER
  }
  peers {
    id: "omNode-1"
    address: "localhost:15015"
    startupRole: FOLLOWER
  }
  peers {
    id: "omNode-2"
    address: "localhost:15019"
    startupRole: FOLLOWER
  }
}
 from snapshot
2024-08-03 20:05:10,817 [grpc-default-executor-5] INFO  server.RaftServer$Division (ServerState.java:setRaftConf(386)) - omNode-bootstrap-2@group-0AAC5367B30E: set configuration conf: {index: 0, cur=peers:[omNode-3|localhost:15023, omNode-1|localhost:15015, omNode-2|localhost:15019]|listeners:[], old=null}
2024-08-03 20:05:10,818 [qtp1106344887-439] INFO  utils.DBCheckpointServlet (DBCheckpointServlet.java:generateSnapshotCheckpoint(225)) - Time taken to write the checkpoint to response output stream: 91 milliseconds
2024-08-03 20:05:10,818 [qtp1106344887-439] INFO  utils.DBCheckpointServlet (DBCheckpointServlet.java:generateSnapshotCheckpoint(228)) - Excluded SST [] from the latest checkpoint.
2024-08-03 20:05:10,819 [grpc-default-executor-5] INFO  ratis.OzoneManagerStateMachine (OzoneManagerStateMachine.java:notifyConfigurationChanged(216)) - Received Configuration change notification from Ratis. New Peer list:
[id: "omNode-3"
address: "localhost:15023"
startupRole: FOLLOWER
, id: "omNode-1"
address: "localhost:15015"
startupRole: FOLLOWER
, id: "omNode-2"
address: "localhost:15019"
startupRole: FOLLOWER
]
2024-08-03 20:05:10,819 [grpc-default-executor-5] INFO  impl.SnapshotInstallationHandler (SnapshotInstallationHandler.java:installSnapshot(103)) - omNode-bootstrap-2@group-0AAC5367B30E: reply installSnapshot: omNode-1<-omNode-bootstrap-2#0:FAIL-t1,IN_PROGRESS,snapshotIndex=0
2024-08-03 20:05:10,820 [grpc-default-executor-5] INFO  server.GrpcServerProtocolService (GrpcServerProtocolService.java:onCompleted(157)) - omNode-bootstrap-2: Completed INSTALL_SNAPSHOT, lastRequest: omNode-1->omNode-bootstrap-2#0-t1,notify:(t:1, i:0)
2024-08-03 20:05:10,820 [grpc-default-executor-5] INFO  server.GrpcServerProtocolService (GrpcServerProtocolService.java:lambda$onCompleted$5(159)) - omNode-bootstrap-2: Completed INSTALL_SNAPSHOT, lastReply: null
2024-08-03 20:05:10,822 [omNode-bootstrap-2-InstallSnapshotThread] INFO  utils.RDBSnapshotProvider (RDBSnapshotProvider.java:downloadDBSnapshotFromLeader(118)) - Successfully download the latest snapshot /home/runner/work/ozone/ozone/hadoop-ozone/integration-test/target/test-dir/MiniOzoneClusterImpl-4c2a292f-c896-477d-a18b-b69de7e7ed64/omNode-bootstrap-2/snapshot/om.db-omNode-1-1722715510235.tar from leader OM: omNode-1
2024-08-03 20:05:10,822 [omNode-bootstrap-2-server-thread1] INFO  server.RaftServer$Division (RaftServerImpl.java:checkInconsistentAppendEntries(1629)) - omNode-bootstrap-2@group-0AAC5367B30E: Failed appendEntries as snapshot (0) installation is in progress
2024-08-03 20:05:10,822 [omNode-bootstrap-2-server-thread1] INFO  server.RaftServer$Division (RaftServerImpl.java:appendEntriesAsync(1584)) - omNode-bootstrap-2@group-0AAC5367B30E: appendEntries* reply omNode-1<-omNode-bootstrap-2#110:FAIL-t1,INCONSISTENCY,nextIndex=0,followerCommit=-1,matchIndex=-1
2024-08-03 20:05:10,823 [grpc-default-executor-0] INFO  impl.SnapshotInstallationHandler (SnapshotInstallationHandler.java:installSnapshot(92)) - omNode-bootstrap-2@group-0AAC5367B30E: receive installSnapshot: omNode-1->omNode-bootstrap-2#0-t1,notify:(t:1, i:0)
2024-08-03 20:05:10,824 [grpc-default-executor-0] INFO  impl.SnapshotInstallationHandler (SnapshotInstallationHandler.java:installSnapshotImpl(138)) - omNode-bootstrap-2@group-0AAC5367B30E: set new configuration configurationEntry {
  peers {
    id: "omNode-3"
    address: "localhost:15023"
    startupRole: FOLLOWER
  }
  peers {
    id: "omNode-1"
    address: "localhost:15015"
    startupRole: FOLLOWER
  }
  peers {
    id: "omNode-2"
    address: "localhost:15019"
    startupRole: FOLLOWER
  }
}
 from snapshot
2024-08-03 20:05:10,824 [grpc-default-executor-0] INFO  server.RaftServer$Division (ServerState.java:setRaftConf(386)) - omNode-bootstrap-2@group-0AAC5367B30E: set configuration conf: {index: 0, cur=peers:[omNode-3|localhost:15023, omNode-1|localhost:15015, omNode-2|localhost:15019]|listeners:[], old=null}
2024-08-03 20:05:10,825 [grpc-default-executor-0] INFO  ratis.OzoneManagerStateMachine (OzoneManagerStateMachine.java:notifyConfigurationChanged(216)) - Received Configuration change notification from Ratis. New Peer list:
[id: "omNode-3"
address: "localhost:15023"
startupRole: FOLLOWER
, id: "omNode-1"
address: "localhost:15015"
startupRole: FOLLOWER
, id: "omNode-2"
address: "localhost:15019"
startupRole: FOLLOWER
]
2024-08-03 20:05:10,825 [grpc-default-executor-0] INFO  impl.SnapshotInstallationHandler (SnapshotInstallationHandler.java:installSnapshot(103)) - omNode-bootstrap-2@group-0AAC5367B30E: reply installSnapshot: omNode-1<-omNode-bootstrap-2#0:FAIL-t1,IN_PROGRESS,snapshotIndex=0
2024-08-03 20:05:10,826 [grpc-default-executor-0] INFO  server.GrpcServerProtocolService (GrpcServerProtocolService.java:onCompleted(157)) - omNode-bootstrap-2: Completed INSTALL_SNAPSHOT, lastRequest: omNode-1->omNode-bootstrap-2#0-t1,notify:(t:1, i:0)
2024-08-03 20:05:10,826 [grpc-default-executor-0] INFO  server.GrpcServerProtocolService (GrpcServerProtocolService.java:lambda$onCompleted$5(159)) - omNode-bootstrap-2: Completed INSTALL_SNAPSHOT, lastReply: null
2024-08-03 20:05:10,827 [omNode-bootstrap-2-server-thread1] INFO  server.RaftServer$Division (RaftServerImpl.java:checkInconsistentAppendEntries(1629)) - omNode-bootstrap-2@group-0AAC5367B30E: Failed appendEntries as snapshot (0) installation is in progress
2024-08-03 20:05:10,827 [omNode-bootstrap-2-server-thread1] INFO  server.RaftServer$Division (RaftServerImpl.java:appendEntriesAsync(1584)) - omNode-bootstrap-2@group-0AAC5367B30E: appendEntries* reply omNode-1<-omNode-bootstrap-2#111:FAIL-t1,INCONSISTENCY,nextIndex=0,followerCommit=-1,matchIndex=-1
2024-08-03 20:05:10,829 [grpc-default-executor-0] INFO  impl.SnapshotInstallationHandler (SnapshotInstallationHandler.java:installSnapshot(92)) - omNode-bootstrap-2@group-0AAC5367B30E: receive installSnapshot: omNode-1->omNode-bootstrap-2#0-t1,notify:(t:1, i:0)
2024-08-03 20:05:10,829 [grpc-default-executor-0] INFO  impl.SnapshotInstallationHandler (SnapshotInstallationHandler.java:installSnapshotImpl(138)) - omNode-bootstrap-2@group-0AAC5367B30E: set new configuration configurationEntry {
  peers {
    id: "omNode-3"
    address: "localhost:15023"
    startupRole: FOLLOWER
  }
  peers {
    id: "omNode-1"
    address: "localhost:15015"
    startupRole: FOLLOWER
  }
  peers {
    id: "omNode-2"
    address: "localhost:15019"
    startupRole: FOLLOWER
  }
}
 from snapshot
2024-08-03 20:05:10,829 [grpc-default-executor-0] INFO  server.RaftServer$Division (ServerState.java:setRaftConf(386)) - omNode-bootstrap-2@group-0AAC5367B30E: set configuration conf: {index: 0, cur=peers:[omNode-3|localhost:15023, omNode-1|localhost:15015, omNode-2|localhost:15019]|listeners:[], old=null}
2024-08-03 20:05:10,830 [grpc-default-executor-0] INFO  ratis.OzoneManagerStateMachine (OzoneManagerStateMachine.java:notifyConfigurationChanged(216)) - Received Configuration change notification from Ratis. New Peer list:
[id: "omNode-3"
address: "localhost:15023"
startupRole: FOLLOWER
, id: "omNode-1"
address: "localhost:15015"
startupRole: FOLLOWER
, id: "omNode-2"
address: "localhost:15019"
startupRole: FOLLOWER
]
2024-08-03 20:05:10,830 [grpc-default-executor-0] INFO  impl.SnapshotInstallationHandler (SnapshotInstallationHandler.java:installSnapshot(103)) - omNode-bootstrap-2@group-0AAC5367B30E: reply installSnapshot: omNode-1<-omNode-bootstrap-2#0:FAIL-t1,IN_PROGRESS,snapshotIndex=0
2024-08-03 20:05:10,831 [grpc-default-executor-0] INFO  server.GrpcServerProtocolService (GrpcServerProtocolService.java:onCompleted(157)) - omNode-bootstrap-2: Completed INSTALL_SNAPSHOT, lastRequest: omNode-1->omNode-bootstrap-2#0-t1,notify:(t:1, i:0)
2024-08-03 20:05:10,831 [grpc-default-executor-0] INFO  server.GrpcServerProtocolService (GrpcServerProtocolService.java:lambda$onCompleted$5(159)) - omNode-bootstrap-2: Completed INSTALL_SNAPSHOT, lastReply: null
2024-08-03 20:05:10,832 [omNode-bootstrap-2-server-thread1] INFO  server.RaftServer$Division (RaftServerImpl.java:checkInconsistentAppendEntries(1629)) - omNode-bootstrap-2@group-0AAC5367B30E: Failed appendEntries as snapshot (0) installation is in progress
2024-08-03 20:05:10,832 [omNode-bootstrap-2-server-thread1] INFO  server.RaftServer$Division (RaftServerImpl.java:appendEntriesAsync(1584)) - omNode-bootstrap-2@group-0AAC5367B30E: appendEntries* reply omNode-1<-omNode-bootstrap-2#112:FAIL-t1,INCONSISTENCY,nextIndex=0,followerCommit=-1,matchIndex=-1
2024-08-03 20:05:10,833 [grpc-default-executor-5] INFO  impl.SnapshotInstallationHandler (SnapshotInstallationHandler.java:installSnapshot(92)) - omNode-bootstrap-2@group-0AAC5367B30E: receive installSnapshot: omNode-1->omNode-bootstrap-2#0-t1,notify:(t:1, i:0)
2024-08-03 20:05:10,833 [grpc-default-executor-5] INFO  impl.SnapshotInstallationHandler (SnapshotInstallationHandler.java:installSnapshotImpl(138)) - omNode-bootstrap-2@group-0AAC5367B30E: set new configuration configurationEntry {
  peers {
    id: "omNode-3"
    address: "localhost:15023"
    startupRole: FOLLOWER
  }
  peers {
    id: "omNode-1"
    address: "localhost:15015"
    startupRole: FOLLOWER
  }
  peers {
    id: "omNode-2"
    address: "localhost:15019"
    startupRole: FOLLOWER
  }
}
 from snapshot
2024-08-03 20:05:10,834 [grpc-default-executor-5] INFO  server.RaftServer$Division (ServerState.java:setRaftConf(386)) - omNode-bootstrap-2@group-0AAC5367B30E: set configuration conf: {index: 0, cur=peers:[omNode-3|localhost:15023, omNode-1|localhost:15015, omNode-2|localhost:15019]|listeners:[], old=null}
2024-08-03 20:05:10,835 [grpc-default-executor-5] INFO  ratis.OzoneManagerStateMachine (OzoneManagerStateMachine.java:notifyConfigurationChanged(216)) - Received Configuration change notification from Ratis. New Peer list:
[id: "omNode-3"
address: "localhost:15023"
startupRole: FOLLOWER
, id: "omNode-1"
address: "localhost:15015"
startupRole: FOLLOWER
, id: "omNode-2"
address: "localhost:15019"
startupRole: FOLLOWER
]
2024-08-03 20:05:10,835 [grpc-default-executor-5] INFO  impl.SnapshotInstallationHandler (SnapshotInstallationHandler.java:installSnapshot(103)) - omNode-bootstrap-2@group-0AAC5367B30E: reply installSnapshot: omNode-1<-omNode-bootstrap-2#0:FAIL-t1,IN_PROGRESS,snapshotIndex=0
2024-08-03 20:05:10,836 [grpc-default-executor-5] INFO  server.GrpcServerProtocolService (GrpcServerProtocolService.java:onCompleted(157)) - omNode-bootstrap-2: Completed INSTALL_SNAPSHOT, lastRequest: omNode-1->omNode-bootstrap-2#0-t1,notify:(t:1, i:0)
2024-08-03 20:05:10,836 [grpc-default-executor-5] INFO  server.GrpcServerProtocolService (GrpcServerProtocolService.java:lambda$onCompleted$5(159)) - omNode-bootstrap-2: Completed INSTALL_SNAPSHOT, lastReply: null
2024-08-03 20:05:10,836 [qtp1106344887-439] INFO  db.RocksDBCheckpoint (RocksDBCheckpoint.java:cleanupCheckpoint(78)) - Cleaning up RocksDB checkpoint at /home/runner/work/ozone/ozone/hadoop-ozone/integration-test/target/test-dir/MiniOzoneClusterImpl-4c2a292f-c896-477d-a18b-b69de7e7ed64/omNode-1/db.checkpoints/om.db_checkpoint_1722715510714
2024-08-03 20:05:10,838 [grpc-default-executor-3] INFO  impl.SnapshotInstallationHandler (SnapshotInstallationHandler.java:installSnapshot(92)) - omNode-bootstrap-2@group-0AAC5367B30E: receive installSnapshot: omNode-1->omNode-bootstrap-2#0-t1,notify:(t:1, i:0)
2024-08-03 20:05:10,838 [grpc-default-executor-3] INFO  impl.SnapshotInstallationHandler (SnapshotInstallationHandler.java:installSnapshotImpl(138)) - omNode-bootstrap-2@group-0AAC5367B30E: set new configuration configurationEntry {
  peers {
    id: "omNode-3"
    address: "localhost:15023"
    startupRole: FOLLOWER
  }
  peers {
    id: "omNode-1"
    address: "localhost:15015"
    startupRole: FOLLOWER
  }
  peers {
    id: "omNode-2"
    address: "localhost:15019"
    startupRole: FOLLOWER
  }
}
 from snapshot
2024-08-03 20:05:10,838 [grpc-default-executor-3] INFO  server.RaftServer$Division (ServerState.java:setRaftConf(386)) - omNode-bootstrap-2@group-0AAC5367B30E: set configuration conf: {index: 0, cur=peers:[omNode-3|localhost:15023, omNode-1|localhost:15015, omNode-2|localhost:15019]|listeners:[], old=null}
2024-08-03 20:05:10,839 [omNode-bootstrap-2-server-thread1] INFO  server.RaftServer$Division (RaftServerImpl.java:checkInconsistentAppendEntries(1629)) - omNode-bootstrap-2@group-0AAC5367B30E: Failed appendEntries as snapshot (0) installation is in progress
2024-08-03 20:05:10,839 [omNode-bootstrap-2-server-thread1] INFO  server.RaftServer$Division (RaftServerImpl.java:appendEntriesAsync(1584)) - omNode-bootstrap-2@group-0AAC5367B30E: appendEntries* reply omNode-1<-omNode-bootstrap-2#113:FAIL-t1,INCONSISTENCY,nextIndex=0,followerCommit=-1,matchIndex=-1
2024-08-03 20:05:10,840 [grpc-default-executor-3] INFO  ratis.OzoneManagerStateMachine (OzoneManagerStateMachine.java:notifyConfigurationChanged(216)) - Received Configuration change notification from Ratis. New Peer list:
[id: "omNode-3"
address: "localhost:15023"
startupRole: FOLLOWER
, id: "omNode-1"
address: "localhost:15015"
startupRole: FOLLOWER
, id: "omNode-2"
address: "localhost:15019"
startupRole: FOLLOWER
]
2024-08-03 20:05:10,841 [grpc-default-executor-3] INFO  impl.SnapshotInstallationHandler (SnapshotInstallationHandler.java:installSnapshot(103)) - omNode-bootstrap-2@group-0AAC5367B30E: reply installSnapshot: omNode-1<-omNode-bootstrap-2#0:FAIL-t1,IN_PROGRESS,snapshotIndex=0
2024-08-03 20:05:10,841 [grpc-default-executor-3] INFO  server.GrpcServerProtocolService (GrpcServerProtocolService.java:onCompleted(157)) - omNode-bootstrap-2: Completed INSTALL_SNAPSHOT, lastRequest: omNode-1->omNode-bootstrap-2#0-t1,notify:(t:1, i:0)
2024-08-03 20:05:10,841 [grpc-default-executor-3] INFO  server.GrpcServerProtocolService (GrpcServerProtocolService.java:lambda$onCompleted$5(159)) - omNode-bootstrap-2: Completed INSTALL_SNAPSHOT, lastReply: null
2024-08-03 20:05:10,843 [grpc-default-executor-0] INFO  impl.SnapshotInstallationHandler (SnapshotInstallationHandler.java:installSnapshot(92)) - omNode-bootstrap-2@group-0AAC5367B30E: receive installSnapshot: omNode-1->omNode-bootstrap-2#0-t1,notify:(t:1, i:0)
2024-08-03 20:05:10,843 [grpc-default-executor-0] INFO  impl.SnapshotInstallationHandler (SnapshotInstallationHandler.java:installSnapshotImpl(138)) - omNode-bootstrap-2@group-0AAC5367B30E: set new configuration configurationEntry {
  peers {
    id: "omNode-3"
    address: "localhost:15023"
    startupRole: FOLLOWER
  }
  peers {
    id: "omNode-1"
    address: "localhost:15015"
    startupRole: FOLLOWER
  }
  peers {
    id: "omNode-2"
    address: "localhost:15019"
    startupRole: FOLLOWER
  }
}
 from snapshot
2024-08-03 20:05:10,843 [grpc-default-executor-0] INFO  server.RaftServer$Division (ServerState.java:setRaftConf(386)) - omNode-bootstrap-2@group-0AAC5367B30E: set configuration conf: {index: 0, cur=peers:[omNode-3|localhost:15023, omNode-1|localhost:15015, omNode-2|localhost:15019]|listeners:[], old=null}
2024-08-03 20:05:10,844 [omNode-bootstrap-2-server-thread1] INFO  server.RaftServer$Division (RaftServerImpl.java:checkInconsistentAppendEntries(1629)) - omNode-bootstrap-2@group-0AAC5367B30E: Failed appendEntries as snapshot (0) installation is in progress
2024-08-03 20:05:10,844 [omNode-bootstrap-2-server-thread1] INFO  server.RaftServer$Division (RaftServerImpl.java:appendEntriesAsync(1584)) - omNode-bootstrap-2@group-0AAC5367B30E: appendEntries* reply omNode-1<-omNode-bootstrap-2#114:FAIL-t1,INCONSISTENCY,nextIndex=0,followerCommit=-1,matchIndex=-1
2024-08-03 20:05:10,845 [grpc-default-executor-0] INFO  ratis.OzoneManagerStateMachine (OzoneManagerStateMachine.java:notifyConfigurationChanged(216)) - Received Configuration change notification from Ratis. New Peer list:
[id: "omNode-3"
address: "localhost:15023"
startupRole: FOLLOWER
, id: "omNode-1"
address: "localhost:15015"
startupRole: FOLLOWER
, id: "omNode-2"
address: "localhost:15019"
startupRole: FOLLOWER
]
2024-08-03 20:05:10,845 [grpc-default-executor-0] INFO  impl.SnapshotInstallationHandler (SnapshotInstallationHandler.java:installSnapshot(103)) - omNode-bootstrap-2@group-0AAC5367B30E: reply installSnapshot: omNode-1<-omNode-bootstrap-2#0:FAIL-t1,IN_PROGRESS,snapshotIndex=0
2024-08-03 20:05:10,846 [grpc-default-executor-0] INFO  server.GrpcServerProtocolService (GrpcServerProtocolService.java:onCompleted(157)) - omNode-bootstrap-2: Completed INSTALL_SNAPSHOT, lastRequest: omNode-1->omNode-bootstrap-2#0-t1,notify:(t:1, i:0)
2024-08-03 20:05:10,846 [grpc-default-executor-0] INFO  server.GrpcServerProtocolService (GrpcServerProtocolService.java:lambda$onCompleted$5(159)) - omNode-bootstrap-2: Completed INSTALL_SNAPSHOT, lastReply: null
2024-08-03 20:05:10,847 [omNode-bootstrap-2-InstallSnapshotThread] INFO  utils.RDBSnapshotProvider (RDBSnapshotProvider.java:downloadDBSnapshotFromLeader(127)) - Successfully untar the downloaded snapshot /home/runner/work/ozone/ozone/hadoop-ozone/integration-test/target/test-dir/MiniOzoneClusterImpl-4c2a292f-c896-477d-a18b-b69de7e7ed64/omNode-bootstrap-2/snapshot/om.db-omNode-1-1722715510235.tar at /home/runner/work/ozone/ozone/hadoop-ozone/integration-test/target/test-dir/MiniOzoneClusterImpl-4c2a292f-c896-477d-a18b-b69de7e7ed64/omNode-bootstrap-2/snapshot/om.db.candidate.
2024-08-03 20:05:10,847 [omNode-bootstrap-2-InstallSnapshotThread] INFO  utils.RDBSnapshotProvider (RDBSnapshotProvider.java:downloadDBSnapshotFromLeader(130)) - Ratis snapshot transfer is complete.
2024-08-03 20:05:10,847 [omNode-bootstrap-2-server-thread1] INFO  server.RaftServer$Division (RaftServerImpl.java:checkInconsistentAppendEntries(1629)) - omNode-bootstrap-2@group-0AAC5367B30E: Failed appendEntries as snapshot (0) installation is in progress
2024-08-03 20:05:10,847 [omNode-bootstrap-2-server-thread1] INFO  server.RaftServer$Division (RaftServerImpl.java:appendEntriesAsync(1584)) - omNode-bootstrap-2@group-0AAC5367B30E: appendEntries* reply omNode-1<-omNode-bootstrap-2#115:FAIL-t1,INCONSISTENCY,nextIndex=0,followerCommit=-1,matchIndex=-1
2024-08-03 20:05:10,849 [grpc-default-executor-5] INFO  impl.SnapshotInstallationHandler (SnapshotInstallationHandler.java:installSnapshot(92)) - omNode-bootstrap-2@group-0AAC5367B30E: receive installSnapshot: omNode-1->omNode-bootstrap-2#0-t1,notify:(t:1, i:0)
2024-08-03 20:05:10,849 [grpc-default-executor-5] INFO  impl.SnapshotInstallationHandler (SnapshotInstallationHandler.java:installSnapshotImpl(138)) - omNode-bootstrap-2@group-0AAC5367B30E: set new configuration configurationEntry {
  peers {
    id: "omNode-3"
    address: "localhost:15023"
    startupRole: FOLLOWER
  }
  peers {
    id: "omNode-1"
    address: "localhost:15015"
    startupRole: FOLLOWER
  }
  peers {
    id: "omNode-2"
    address: "localhost:15019"
    startupRole: FOLLOWER
  }
}
 from snapshot
2024-08-03 20:05:10,849 [grpc-default-executor-5] INFO  server.RaftServer$Division (ServerState.java:setRaftConf(386)) - omNode-bootstrap-2@group-0AAC5367B30E: set configuration conf: {index: 0, cur=peers:[omNode-3|localhost:15023, omNode-1|localhost:15015, omNode-2|localhost:15019]|listeners:[], old=null}
2024-08-03 20:05:10,851 [grpc-default-executor-5] INFO  ratis.OzoneManagerStateMachine (OzoneManagerStateMachine.java:notifyConfigurationChanged(216)) - Received Configuration change notification from Ratis. New Peer list:
[id: "omNode-3"
address: "localhost:15023"
startupRole: FOLLOWER
, id: "omNode-1"
address: "localhost:15015"
startupRole: FOLLOWER
, id: "omNode-2"
address: "localhost:15019"
startupRole: FOLLOWER
]
2024-08-03 20:05:10,851 [grpc-default-executor-5] INFO  impl.SnapshotInstallationHandler (SnapshotInstallationHandler.java:installSnapshot(103)) - omNode-bootstrap-2@group-0AAC5367B30E: reply installSnapshot: omNode-1<-omNode-bootstrap-2#0:FAIL-t1,IN_PROGRESS,snapshotIndex=0
2024-08-03 20:05:10,851 [grpc-default-executor-5] INFO  server.GrpcServerProtocolService (GrpcServerProtocolService.java:onCompleted(157)) - omNode-bootstrap-2: Completed INSTALL_SNAPSHOT, lastRequest: omNode-1->omNode-bootstrap-2#0-t1,notify:(t:1, i:0)
2024-08-03 20:05:10,851 [grpc-default-executor-5] INFO  server.GrpcServerProtocolService (GrpcServerProtocolService.java:lambda$onCompleted$5(159)) - omNode-bootstrap-2: Completed INSTALL_SNAPSHOT, lastReply: null
2024-08-03 20:05:10,852 [omNode-bootstrap-2-server-thread1] INFO  server.RaftServer$Division (RaftServerImpl.java:checkInconsistentAppendEntries(1629)) - omNode-bootstrap-2@group-0AAC5367B30E: Failed appendEntries as snapshot (0) installation is in progress
2024-08-03 20:05:10,852 [omNode-bootstrap-2-server-thread1] INFO  server.RaftServer$Division (RaftServerImpl.java:appendEntriesAsync(1584)) - omNode-bootstrap-2@group-0AAC5367B30E: appendEntries* reply omNode-1<-omNode-bootstrap-2#116:FAIL-t1,INCONSISTENCY,nextIndex=0,followerCommit=-1,matchIndex=-1
2024-08-03 20:05:10,854 [grpc-default-executor-0] INFO  impl.SnapshotInstallationHandler (SnapshotInstallationHandler.java:installSnapshot(92)) - omNode-bootstrap-2@group-0AAC5367B30E: receive installSnapshot: omNode-1->omNode-bootstrap-2#0-t1,notify:(t:1, i:0)
2024-08-03 20:05:10,854 [grpc-default-executor-0] INFO  impl.SnapshotInstallationHandler (SnapshotInstallationHandler.java:installSnapshotImpl(138)) - omNode-bootstrap-2@group-0AAC5367B30E: set new configuration configurationEntry {
  peers {
    id: "omNode-3"
    address: "localhost:15023"
    startupRole: FOLLOWER
  }
  peers {
    id: "omNode-1"
    address: "localhost:15015"
    startupRole: FOLLOWER
  }
  peers {
    id: "omNode-2"
    address: "localhost:15019"
    startupRole: FOLLOWER
  }
}
 from snapshot
2024-08-03 20:05:10,854 [grpc-default-executor-0] INFO  server.RaftServer$Division (ServerState.java:setRaftConf(386)) - omNode-bootstrap-2@group-0AAC5367B30E: set configuration conf: {index: 0, cur=peers:[omNode-3|localhost:15023, omNode-1|localhost:15015, omNode-2|localhost:15019]|listeners:[], old=null}
2024-08-03 20:05:10,856 [grpc-default-executor-0] INFO  ratis.OzoneManagerStateMachine (OzoneManagerStateMachine.java:notifyConfigurationChanged(216)) - Received Configuration change notification from Ratis. New Peer list:
[id: "omNode-3"
address: "localhost:15023"
startupRole: FOLLOWER
, id: "omNode-1"
address: "localhost:15015"
startupRole: FOLLOWER
, id: "omNode-2"
address: "localhost:15019"
startupRole: FOLLOWER
]
2024-08-03 20:05:10,856 [grpc-default-executor-0] INFO  impl.SnapshotInstallationHandler (SnapshotInstallationHandler.java:installSnapshot(103)) - omNode-bootstrap-2@group-0AAC5367B30E: reply installSnapshot: omNode-1<-omNode-bootstrap-2#0:FAIL-t1,IN_PROGRESS,snapshotIndex=0
2024-08-03 20:05:10,857 [grpc-default-executor-0] INFO  server.GrpcServerProtocolService (GrpcServerProtocolService.java:onCompleted(157)) - omNode-bootstrap-2: Completed INSTALL_SNAPSHOT, lastRequest: omNode-1->omNode-bootstrap-2#0-t1,notify:(t:1, i:0)
2024-08-03 20:05:10,857 [grpc-default-executor-0] INFO  server.GrpcServerProtocolService (GrpcServerProtocolService.java:lambda$onCompleted$5(159)) - omNode-bootstrap-2: Completed INSTALL_SNAPSHOT, lastReply: null
2024-08-03 20:05:10,858 [omNode-bootstrap-2-server-thread1] INFO  server.RaftServer$Division (RaftServerImpl.java:checkInconsistentAppendEntries(1629)) - omNode-bootstrap-2@group-0AAC5367B30E: Failed appendEntries as snapshot (0) installation is in progress
2024-08-03 20:05:10,858 [omNode-bootstrap-2-server-thread1] INFO  server.RaftServer$Division (RaftServerImpl.java:appendEntriesAsync(1584)) - omNode-bootstrap-2@group-0AAC5367B30E: appendEntries* reply omNode-1<-omNode-bootstrap-2#117:FAIL-t1,INCONSISTENCY,nextIndex=0,followerCommit=-1,matchIndex=-1
2024-08-03 20:05:10,859 [grpc-default-executor-5] INFO  impl.SnapshotInstallationHandler (SnapshotInstallationHandler.java:installSnapshot(92)) - omNode-bootstrap-2@group-0AAC5367B30E: receive installSnapshot: omNode-1->omNode-bootstrap-2#0-t1,notify:(t:1, i:0)
2024-08-03 20:05:10,860 [grpc-default-executor-5] INFO  impl.SnapshotInstallationHandler (SnapshotInstallationHandler.java:installSnapshotImpl(138)) - omNode-bootstrap-2@group-0AAC5367B30E: set new configuration configurationEntry {
  peers {
    id: "omNode-3"
    address: "localhost:15023"
    startupRole: FOLLOWER
  }
  peers {
    id: "omNode-1"
    address: "localhost:15015"
    startupRole: FOLLOWER
  }
  peers {
    id: "omNode-2"
    address: "localhost:15019"
    startupRole: FOLLOWER
  }
}
 from snapshot
2024-08-03 20:05:10,860 [grpc-default-executor-5] INFO  server.RaftServer$Division (ServerState.java:setRaftConf(386)) - omNode-bootstrap-2@group-0AAC5367B30E: set configuration conf: {index: 0, cur=peers:[omNode-3|localhost:15023, omNode-1|localhost:15015, omNode-2|localhost:15019]|listeners:[], old=null}
2024-08-03 20:05:10,861 [grpc-default-executor-5] INFO  ratis.OzoneManagerStateMachine (OzoneManagerStateMachine.java:notifyConfigurationChanged(216)) - Received Configuration change notification from Ratis. New Peer list:
[id: "omNode-3"
address: "localhost:15023"
startupRole: FOLLOWER
, id: "omNode-1"
address: "localhost:15015"
startupRole: FOLLOWER
, id: "omNode-2"
address: "localhost:15019"
startupRole: FOLLOWER
]
2024-08-03 20:05:10,861 [grpc-default-executor-5] INFO  impl.SnapshotInstallationHandler (SnapshotInstallationHandler.java:installSnapshot(103)) - omNode-bootstrap-2@group-0AAC5367B30E: reply installSnapshot: omNode-1<-omNode-bootstrap-2#0:FAIL-t1,IN_PROGRESS,snapshotIndex=0
2024-08-03 20:05:10,861 [grpc-default-executor-5] INFO  server.GrpcServerProtocolService (GrpcServerProtocolService.java:onCompleted(157)) - omNode-bootstrap-2: Completed INSTALL_SNAPSHOT, lastRequest: omNode-1->omNode-bootstrap-2#0-t1,notify:(t:1, i:0)
2024-08-03 20:05:10,861 [grpc-default-executor-5] INFO  server.GrpcServerProtocolService (GrpcServerProtocolService.java:lambda$onCompleted$5(159)) - omNode-bootstrap-2: Completed INSTALL_SNAPSHOT, lastReply: null
2024-08-03 20:05:10,862 [omNode-bootstrap-2-server-thread1] INFO  server.RaftServer$Division (RaftServerImpl.java:checkInconsistentAppendEntries(1629)) - omNode-bootstrap-2@group-0AAC5367B30E: Failed appendEntries as snapshot (0) installation is in progress
2024-08-03 20:05:10,862 [omNode-bootstrap-2-server-thread1] INFO  server.RaftServer$Division (RaftServerImpl.java:appendEntriesAsync(1584)) - omNode-bootstrap-2@group-0AAC5367B30E: appendEntries* reply omNode-1<-omNode-bootstrap-2#118:FAIL-t1,INCONSISTENCY,nextIndex=0,followerCommit=-1,matchIndex=-1
2024-08-03 20:05:10,864 [grpc-default-executor-0] INFO  impl.SnapshotInstallationHandler (SnapshotInstallationHandler.java:installSnapshot(92)) - omNode-bootstrap-2@group-0AAC5367B30E: receive installSnapshot: omNode-1->omNode-bootstrap-2#0-t1,notify:(t:1, i:0)
2024-08-03 20:05:10,864 [grpc-default-executor-0] INFO  impl.SnapshotInstallationHandler (SnapshotInstallationHandler.java:installSnapshotImpl(138)) - omNode-bootstrap-2@group-0AAC5367B30E: set new configuration configurationEntry {
  peers {
    id: "omNode-3"
    address: "localhost:15023"
    startupRole: FOLLOWER
  }
  peers {
    id: "omNode-1"
    address: "localhost:15015"
    startupRole: FOLLOWER
  }
  peers {
    id: "omNode-2"
    address: "localhost:15019"
    startupRole: FOLLOWER
  }
}
 from snapshot
2024-08-03 20:05:10,864 [grpc-default-executor-0] INFO  server.RaftServer$Division (ServerState.java:setRaftConf(386)) - omNode-bootstrap-2@group-0AAC5367B30E: set configuration conf: {index: 0, cur=peers:[omNode-3|localhost:15023, omNode-1|localhost:15015, omNode-2|localhost:15019]|listeners:[], old=null}
2024-08-03 20:05:10,866 [grpc-default-executor-0] INFO  ratis.OzoneManagerStateMachine (OzoneManagerStateMachine.java:notifyConfigurationChanged(216)) - Received Configuration change notification from Ratis. New Peer list:
[id: "omNode-3"
address: "localhost:15023"
startupRole: FOLLOWER
, id: "omNode-1"
address: "localhost:15015"
startupRole: FOLLOWER
, id: "omNode-2"
address: "localhost:15019"
startupRole: FOLLOWER
]
2024-08-03 20:05:10,866 [grpc-default-executor-0] INFO  impl.SnapshotInstallationHandler (SnapshotInstallationHandler.java:installSnapshot(103)) - omNode-bootstrap-2@group-0AAC5367B30E: reply installSnapshot: omNode-1<-omNode-bootstrap-2#0:FAIL-t1,IN_PROGRESS,snapshotIndex=0
2024-08-03 20:05:10,866 [grpc-default-executor-0] INFO  server.GrpcServerProtocolService (GrpcServerProtocolService.java:onCompleted(157)) - omNode-bootstrap-2: Completed INSTALL_SNAPSHOT, lastRequest: omNode-1->omNode-bootstrap-2#0-t1,notify:(t:1, i:0)
2024-08-03 20:05:10,866 [grpc-default-executor-0] INFO  server.GrpcServerProtocolService (GrpcServerProtocolService.java:lambda$onCompleted$5(159)) - omNode-bootstrap-2: Completed INSTALL_SNAPSHOT, lastReply: null
2024-08-03 20:05:10,867 [omNode-bootstrap-2-server-thread1] INFO  server.RaftServer$Division (RaftServerImpl.java:checkInconsistentAppendEntries(1629)) - omNode-bootstrap-2@group-0AAC5367B30E: Failed appendEntries as snapshot (0) installation is in progress
2024-08-03 20:05:10,867 [omNode-bootstrap-2-server-thread1] INFO  server.RaftServer$Division (RaftServerImpl.java:appendEntriesAsync(1584)) - omNode-bootstrap-2@group-0AAC5367B30E: appendEntries* reply omNode-1<-omNode-bootstrap-2#119:FAIL-t1,INCONSISTENCY,nextIndex=0,followerCommit=-1,matchIndex=-1
2024-08-03 20:05:10,868 [grpc-default-executor-5] INFO  impl.SnapshotInstallationHandler (SnapshotInstallationHandler.java:installSnapshot(92)) - omNode-bootstrap-2@group-0AAC5367B30E: receive installSnapshot: omNode-1->omNode-bootstrap-2#0-t1,notify:(t:1, i:0)
2024-08-03 20:05:10,869 [grpc-default-executor-5] INFO  impl.SnapshotInstallationHandler (SnapshotInstallationHandler.java:installSnapshotImpl(138)) - omNode-bootstrap-2@group-0AAC5367B30E: set new configuration configurationEntry {
  peers {
    id: "omNode-3"
    address: "localhost:15023"
    startupRole: FOLLOWER
  }
  peers {
    id: "omNode-1"
    address: "localhost:15015"
    startupRole: FOLLOWER
  }
  peers {
    id: "omNode-2"
    address: "localhost:15019"
    startupRole: FOLLOWER
  }
}
 from snapshot
2024-08-03 20:05:10,869 [grpc-default-executor-5] INFO  server.RaftServer$Division (ServerState.java:setRaftConf(386)) - omNode-bootstrap-2@group-0AAC5367B30E: set configuration conf: {index: 0, cur=peers:[omNode-3|localhost:15023, omNode-1|localhost:15015, omNode-2|localhost:15019]|listeners:[], old=null}
2024-08-03 20:05:10,870 [grpc-default-executor-5] INFO  ratis.OzoneManagerStateMachine (OzoneManagerStateMachine.java:notifyConfigurationChanged(216)) - Received Configuration change notification from Ratis. New Peer list:
[id: "omNode-3"
address: "localhost:15023"
startupRole: FOLLOWER
, id: "omNode-1"
address: "localhost:15015"
startupRole: FOLLOWER
, id: "omNode-2"
address: "localhost:15019"
startupRole: FOLLOWER
]
2024-08-03 20:05:10,870 [grpc-default-executor-5] INFO  impl.SnapshotInstallationHandler (SnapshotInstallationHandler.java:installSnapshot(103)) - omNode-bootstrap-2@group-0AAC5367B30E: reply installSnapshot: omNode-1<-omNode-bootstrap-2#0:FAIL-t1,IN_PROGRESS,snapshotIndex=0
2024-08-03 20:05:10,870 [grpc-default-executor-5] INFO  server.GrpcServerProtocolService (GrpcServerProtocolService.java:onCompleted(157)) - omNode-bootstrap-2: Completed INSTALL_SNAPSHOT, lastRequest: omNode-1->omNode-bootstrap-2#0-t1,notify:(t:1, i:0)
2024-08-03 20:05:10,870 [grpc-default-executor-5] INFO  server.GrpcServerProtocolService (GrpcServerProtocolService.java:lambda$onCompleted$5(159)) - omNode-bootstrap-2: Completed INSTALL_SNAPSHOT, lastReply: null
2024-08-03 20:05:10,877 [grpc-default-executor-3] INFO  impl.SnapshotInstallationHandler (SnapshotInstallationHandler.java:installSnapshot(92)) - omNode-bootstrap-2@group-0AAC5367B30E: receive installSnapshot: omNode-1->omNode-bootstrap-2#0-t1,notify:(t:1, i:0)
2024-08-03 20:05:10,879 [omNode-bootstrap-2-server-thread1] INFO  server.RaftServer$Division (RaftServerImpl.java:checkInconsistentAppendEntries(1629)) - omNode-bootstrap-2@group-0AAC5367B30E: Failed appendEntries as snapshot (0) installation is in progress
2024-08-03 20:05:10,879 [omNode-bootstrap-2-server-thread1] INFO  server.RaftServer$Division (RaftServerImpl.java:appendEntriesAsync(1584)) - omNode-bootstrap-2@group-0AAC5367B30E: appendEntries* reply omNode-1<-omNode-bootstrap-2#120:FAIL-t1,INCONSISTENCY,nextIndex=0,followerCommit=-1,matchIndex=-1
2024-08-03 20:05:10,880 [grpc-default-executor-3] INFO  impl.SnapshotInstallationHandler (SnapshotInstallationHandler.java:installSnapshotImpl(138)) - omNode-bootstrap-2@group-0AAC5367B30E: set new configuration configurationEntry {
  peers {
    id: "omNode-3"
    address: "localhost:15023"
    startupRole: FOLLOWER
  }
  peers {
    id: "omNode-1"
    address: "localhost:15015"
    startupRole: FOLLOWER
  }
  peers {
    id: "omNode-2"
    address: "localhost:15019"
    startupRole: FOLLOWER
  }
}
 from snapshot
2024-08-03 20:05:10,880 [grpc-default-executor-3] INFO  server.RaftServer$Division (ServerState.java:setRaftConf(386)) - omNode-bootstrap-2@group-0AAC5367B30E: set configuration conf: {index: 0, cur=peers:[omNode-3|localhost:15023, omNode-1|localhost:15015, omNode-2|localhost:15019]|listeners:[], old=null}
2024-08-03 20:05:10,882 [grpc-default-executor-3] INFO  ratis.OzoneManagerStateMachine (OzoneManagerStateMachine.java:notifyConfigurationChanged(216)) - Received Configuration change notification from Ratis. New Peer list:
[id: "omNode-3"
address: "localhost:15023"
startupRole: FOLLOWER
, id: "omNode-1"
address: "localhost:15015"
startupRole: FOLLOWER
, id: "omNode-2"
address: "localhost:15019"
startupRole: FOLLOWER
]
2024-08-03 20:05:10,882 [grpc-default-executor-3] INFO  impl.SnapshotInstallationHandler (SnapshotInstallationHandler.java:installSnapshot(103)) - omNode-bootstrap-2@group-0AAC5367B30E: reply installSnapshot: omNode-1<-omNode-bootstrap-2#0:FAIL-t1,IN_PROGRESS,snapshotIndex=0
2024-08-03 20:05:10,882 [grpc-default-executor-3] INFO  server.GrpcServerProtocolService (GrpcServerProtocolService.java:onCompleted(157)) - omNode-bootstrap-2: Completed INSTALL_SNAPSHOT, lastRequest: omNode-1->omNode-bootstrap-2#0-t1,notify:(t:1, i:0)
2024-08-03 20:05:10,882 [grpc-default-executor-3] INFO  server.GrpcServerProtocolService (GrpcServerProtocolService.java:lambda$onCompleted$5(159)) - omNode-bootstrap-2: Completed INSTALL_SNAPSHOT, lastReply: null
2024-08-03 20:05:10,883 [omNode-bootstrap-2-server-thread1] INFO  server.RaftServer$Division (RaftServerImpl.java:checkInconsistentAppendEntries(1629)) - omNode-bootstrap-2@group-0AAC5367B30E: Failed appendEntries as snapshot (0) installation is in progress
2024-08-03 20:05:10,884 [omNode-bootstrap-2-server-thread1] INFO  server.RaftServer$Division (RaftServerImpl.java:appendEntriesAsync(1584)) - omNode-bootstrap-2@group-0AAC5367B30E: appendEntries* reply omNode-1<-omNode-bootstrap-2#121:FAIL-t1,INCONSISTENCY,nextIndex=0,followerCommit=-1,matchIndex=-1
2024-08-03 20:05:10,885 [grpc-default-executor-0] INFO  impl.SnapshotInstallationHandler (SnapshotInstallationHandler.java:installSnapshot(92)) - omNode-bootstrap-2@group-0AAC5367B30E: receive installSnapshot: omNode-1->omNode-bootstrap-2#0-t1,notify:(t:1, i:0)
2024-08-03 20:05:10,885 [grpc-default-executor-0] INFO  impl.SnapshotInstallationHandler (SnapshotInstallationHandler.java:installSnapshotImpl(138)) - omNode-bootstrap-2@group-0AAC5367B30E: set new configuration configurationEntry {
  peers {
    id: "omNode-3"
    address: "localhost:15023"
    startupRole: FOLLOWER
  }
  peers {
    id: "omNode-1"
    address: "localhost:15015"
    startupRole: FOLLOWER
  }
  peers {
    id: "omNode-2"
    address: "localhost:15019"
    startupRole: FOLLOWER
  }
}
 from snapshot
2024-08-03 20:05:10,885 [grpc-default-executor-0] INFO  server.RaftServer$Division (ServerState.java:setRaftConf(386)) - omNode-bootstrap-2@group-0AAC5367B30E: set configuration conf: {index: 0, cur=peers:[omNode-3|localhost:15023, omNode-1|localhost:15015, omNode-2|localhost:15019]|listeners:[], old=null}
2024-08-03 20:05:10,887 [grpc-default-executor-0] INFO  ratis.OzoneManagerStateMachine (OzoneManagerStateMachine.java:notifyConfigurationChanged(216)) - Received Configuration change notification from Ratis. New Peer list:
[id: "omNode-3"
address: "localhost:15023"
startupRole: FOLLOWER
, id: "omNode-1"
address: "localhost:15015"
startupRole: FOLLOWER
, id: "omNode-2"
address: "localhost:15019"
startupRole: FOLLOWER
]
2024-08-03 20:05:10,887 [grpc-default-executor-0] INFO  impl.SnapshotInstallationHandler (SnapshotInstallationHandler.java:installSnapshot(103)) - omNode-bootstrap-2@group-0AAC5367B30E: reply installSnapshot: omNode-1<-omNode-bootstrap-2#0:FAIL-t1,IN_PROGRESS,snapshotIndex=0
2024-08-03 20:05:10,887 [grpc-default-executor-0] INFO  server.GrpcServerProtocolService (GrpcServerProtocolService.java:onCompleted(157)) - omNode-bootstrap-2: Completed INSTALL_SNAPSHOT, lastRequest: omNode-1->omNode-bootstrap-2#0-t1,notify:(t:1, i:0)
2024-08-03 20:05:10,887 [grpc-default-executor-0] INFO  server.GrpcServerProtocolService (GrpcServerProtocolService.java:lambda$onCompleted$5(159)) - omNode-bootstrap-2: Completed INSTALL_SNAPSHOT, lastReply: null
2024-08-03 20:05:10,889 [grpc-default-executor-5] INFO  impl.SnapshotInstallationHandler (SnapshotInstallationHandler.java:installSnapshot(92)) - omNode-bootstrap-2@group-0AAC5367B30E: receive installSnapshot: omNode-1->omNode-bootstrap-2#0-t1,notify:(t:1, i:0)
2024-08-03 20:05:10,889 [grpc-default-executor-5] INFO  impl.SnapshotInstallationHandler (SnapshotInstallationHandler.java:installSnapshotImpl(138)) - omNode-bootstrap-2@group-0AAC5367B30E: set new configuration configurationEntry {
  peers {
    id: "omNode-3"
    address: "localhost:15023"
    startupRole: FOLLOWER
  }
  peers {
    id: "omNode-1"
    address: "localhost:15015"
    startupRole: FOLLOWER
  }
  peers {
    id: "omNode-2"
    address: "localhost:15019"
    startupRole: FOLLOWER
  }
}
 from snapshot
2024-08-03 20:05:10,889 [grpc-default-executor-5] INFO  server.RaftServer$Division (ServerState.java:setRaftConf(386)) - omNode-bootstrap-2@group-0AAC5367B30E: set configuration conf: {index: 0, cur=peers:[omNode-3|localhost:15023, omNode-1|localhost:15015, omNode-2|localhost:15019]|listeners:[], old=null}
2024-08-03 20:05:10,890 [omNode-bootstrap-2-server-thread1] INFO  server.RaftServer$Division (RaftServerImpl.java:checkInconsistentAppendEntries(1629)) - omNode-bootstrap-2@group-0AAC5367B30E: Failed appendEntries as snapshot (0) installation is in progress
2024-08-03 20:05:10,890 [omNode-bootstrap-2-server-thread1] INFO  server.RaftServer$Division (RaftServerImpl.java:appendEntriesAsync(1584)) - omNode-bootstrap-2@group-0AAC5367B30E: appendEntries* reply omNode-1<-omNode-bootstrap-2#122:FAIL-t1,INCONSISTENCY,nextIndex=0,followerCommit=-1,matchIndex=-1
2024-08-03 20:05:10,891 [grpc-default-executor-5] INFO  ratis.OzoneManagerStateMachine (OzoneManagerStateMachine.java:notifyConfigurationChanged(216)) - Received Configuration change notification from Ratis. New Peer list:
[id: "omNode-3"
address: "localhost:15023"
startupRole: FOLLOWER
, id: "omNode-1"
address: "localhost:15015"
startupRole: FOLLOWER
, id: "omNode-2"
address: "localhost:15019"
startupRole: FOLLOWER
]
2024-08-03 20:05:10,891 [grpc-default-executor-5] INFO  impl.SnapshotInstallationHandler (SnapshotInstallationHandler.java:installSnapshot(103)) - omNode-bootstrap-2@group-0AAC5367B30E: reply installSnapshot: omNode-1<-omNode-bootstrap-2#0:FAIL-t1,IN_PROGRESS,snapshotIndex=0
2024-08-03 20:05:10,891 [grpc-default-executor-5] INFO  server.GrpcServerProtocolService (GrpcServerProtocolService.java:onCompleted(157)) - omNode-bootstrap-2: Completed INSTALL_SNAPSHOT, lastRequest: omNode-1->omNode-bootstrap-2#0-t1,notify:(t:1, i:0)
2024-08-03 20:05:10,891 [grpc-default-executor-5] INFO  server.GrpcServerProtocolService (GrpcServerProtocolService.java:lambda$onCompleted$5(159)) - omNode-bootstrap-2: Completed INSTALL_SNAPSHOT, lastReply: null
2024-08-03 20:05:10,893 [omNode-bootstrap-2-server-thread1] INFO  server.RaftServer$Division (RaftServerImpl.java:checkInconsistentAppendEntries(1629)) - omNode-bootstrap-2@group-0AAC5367B30E: Failed appendEntries as snapshot (0) installation is in progress
2024-08-03 20:05:10,893 [omNode-bootstrap-2-server-thread1] INFO  server.RaftServer$Division (RaftServerImpl.java:appendEntriesAsync(1584)) - omNode-bootstrap-2@group-0AAC5367B30E: appendEntries* reply omNode-1<-omNode-bootstrap-2#123:FAIL-t1,INCONSISTENCY,nextIndex=0,followerCommit=-1,matchIndex=-1
2024-08-03 20:05:10,893 [grpc-default-executor-0] INFO  impl.SnapshotInstallationHandler (SnapshotInstallationHandler.java:installSnapshot(92)) - omNode-bootstrap-2@group-0AAC5367B30E: receive installSnapshot: omNode-1->omNode-bootstrap-2#0-t1,notify:(t:1, i:0)
2024-08-03 20:05:10,893 [grpc-default-executor-0] INFO  impl.SnapshotInstallationHandler (SnapshotInstallationHandler.java:installSnapshotImpl(138)) - omNode-bootstrap-2@group-0AAC5367B30E: set new configuration configurationEntry {
  peers {
    id: "omNode-3"
    address: "localhost:15023"
    startupRole: FOLLOWER
  }
  peers {
    id: "omNode-1"
    address: "localhost:15015"
    startupRole: FOLLOWER
  }
  peers {
    id: "omNode-2"
    address: "localhost:15019"
    startupRole: FOLLOWER
  }
}
 from snapshot
2024-08-03 20:05:10,893 [grpc-default-executor-0] INFO  server.RaftServer$Division (ServerState.java:setRaftConf(386)) - omNode-bootstrap-2@group-0AAC5367B30E: set configuration conf: {index: 0, cur=peers:[omNode-3|localhost:15023, omNode-1|localhost:15015, omNode-2|localhost:15019]|listeners:[], old=null}
2024-08-03 20:05:10,895 [grpc-default-executor-0] INFO  ratis.OzoneManagerStateMachine (OzoneManagerStateMachine.java:notifyConfigurationChanged(216)) - Received Configuration change notification from Ratis. New Peer list:
[id: "omNode-3"
address: "localhost:15023"
startupRole: FOLLOWER
, id: "omNode-1"
address: "localhost:15015"
startupRole: FOLLOWER
, id: "omNode-2"
address: "localhost:15019"
startupRole: FOLLOWER
]
2024-08-03 20:05:10,896 [grpc-default-executor-0] INFO  impl.SnapshotInstallationHandler (SnapshotInstallationHandler.java:installSnapshot(103)) - omNode-bootstrap-2@group-0AAC5367B30E: reply installSnapshot: omNode-1<-omNode-bootstrap-2#0:FAIL-t1,IN_PROGRESS,snapshotIndex=0
2024-08-03 20:05:10,896 [grpc-default-executor-0] INFO  server.GrpcServerProtocolService (GrpcServerProtocolService.java:onCompleted(157)) - omNode-bootstrap-2: Completed INSTALL_SNAPSHOT, lastRequest: omNode-1->omNode-bootstrap-2#0-t1,notify:(t:1, i:0)
2024-08-03 20:05:10,896 [grpc-default-executor-0] INFO  server.GrpcServerProtocolService (GrpcServerProtocolService.java:lambda$onCompleted$5(159)) - omNode-bootstrap-2: Completed INSTALL_SNAPSHOT, lastReply: null
2024-08-03 20:05:10,897 [omNode-bootstrap-2-server-thread1] INFO  server.RaftServer$Division (RaftServerImpl.java:checkInconsistentAppendEntries(1629)) - omNode-bootstrap-2@group-0AAC5367B30E: Failed appendEntries as snapshot (0) installation is in progress
2024-08-03 20:05:10,897 [omNode-bootstrap-2-server-thread1] INFO  server.RaftServer$Division (RaftServerImpl.java:appendEntriesAsync(1584)) - omNode-bootstrap-2@group-0AAC5367B30E: appendEntries* reply omNode-1<-omNode-bootstrap-2#124:FAIL-t1,INCONSISTENCY,nextIndex=0,followerCommit=-1,matchIndex=-1
2024-08-03 20:05:10,898 [grpc-default-executor-0] INFO  impl.SnapshotInstallationHandler (SnapshotInstallationHandler.java:installSnapshot(92)) - omNode-bootstrap-2@group-0AAC5367B30E: receive installSnapshot: omNode-1->omNode-bootstrap-2#0-t1,notify:(t:1, i:0)
2024-08-03 20:05:10,898 [grpc-default-executor-0] INFO  impl.SnapshotInstallationHandler (SnapshotInstallationHandler.java:installSnapshotImpl(138)) - omNode-bootstrap-2@group-0AAC5367B30E: set new configuration configurationEntry {
  peers {
    id: "omNode-3"
    address: "localhost:15023"
    startupRole: FOLLOWER
  }
  peers {
    id: "omNode-1"
    address: "localhost:15015"
    startupRole: FOLLOWER
  }
  peers {
    id: "omNode-2"
    address: "localhost:15019"
    startupRole: FOLLOWER
  }
}
 from snapshot
2024-08-03 20:05:10,898 [grpc-default-executor-0] INFO  server.RaftServer$Division (ServerState.java:setRaftConf(386)) - omNode-bootstrap-2@group-0AAC5367B30E: set configuration conf: {index: 0, cur=peers:[omNode-3|localhost:15023, omNode-1|localhost:15015, omNode-2|localhost:15019]|listeners:[], old=null}
2024-08-03 20:05:10,900 [grpc-default-executor-0] INFO  ratis.OzoneManagerStateMachine (OzoneManagerStateMachine.java:notifyConfigurationChanged(216)) - Received Configuration change notification from Ratis. New Peer list:
[id: "omNode-3"
address: "localhost:15023"
startupRole: FOLLOWER
, id: "omNode-1"
address: "localhost:15015"
startupRole: FOLLOWER
, id: "omNode-2"
address: "localhost:15019"
startupRole: FOLLOWER
]
2024-08-03 20:05:10,901 [grpc-default-executor-0] INFO  impl.SnapshotInstallationHandler (SnapshotInstallationHandler.java:installSnapshot(103)) - omNode-bootstrap-2@group-0AAC5367B30E: reply installSnapshot: omNode-1<-omNode-bootstrap-2#0:FAIL-t1,IN_PROGRESS,snapshotIndex=0
2024-08-03 20:05:10,901 [grpc-default-executor-0] INFO  server.GrpcServerProtocolService (GrpcServerProtocolService.java:onCompleted(157)) - omNode-bootstrap-2: Completed INSTALL_SNAPSHOT, lastRequest: omNode-1->omNode-bootstrap-2#0-t1,notify:(t:1, i:0)
2024-08-03 20:05:10,902 [grpc-default-executor-0] INFO  server.GrpcServerProtocolService (GrpcServerProtocolService.java:lambda$onCompleted$5(159)) - omNode-bootstrap-2: Completed INSTALL_SNAPSHOT, lastReply: null
2024-08-03 20:05:10,903 [omNode-bootstrap-2-server-thread1] INFO  server.RaftServer$Division (RaftServerImpl.java:checkInconsistentAppendEntries(1629)) - omNode-bootstrap-2@group-0AAC5367B30E: Failed appendEntries as snapshot (0) installation is in progress
2024-08-03 20:05:10,903 [omNode-bootstrap-2-server-thread1] INFO  server.RaftServer$Division (RaftServerImpl.java:appendEntriesAsync(1584)) - omNode-bootstrap-2@group-0AAC5367B30E: appendEntries* reply omNode-1<-omNode-bootstrap-2#125:FAIL-t1,INCONSISTENCY,nextIndex=0,followerCommit=-1,matchIndex=-1
2024-08-03 20:05:10,905 [grpc-default-executor-5] INFO  impl.SnapshotInstallationHandler (SnapshotInstallationHandler.java:installSnapshot(92)) - omNode-bootstrap-2@group-0AAC5367B30E: receive installSnapshot: omNode-1->omNode-bootstrap-2#0-t1,notify:(t:1, i:0)
2024-08-03 20:05:10,905 [grpc-default-executor-5] INFO  impl.SnapshotInstallationHandler (SnapshotInstallationHandler.java:installSnapshotImpl(138)) - omNode-bootstrap-2@group-0AAC5367B30E: set new configuration configurationEntry {
  peers {
    id: "omNode-3"
    address: "localhost:15023"
    startupRole: FOLLOWER
  }
  peers {
    id: "omNode-1"
    address: "localhost:15015"
    startupRole: FOLLOWER
  }
  peers {
    id: "omNode-2"
    address: "localhost:15019"
    startupRole: FOLLOWER
  }
}
 from snapshot
2024-08-03 20:05:10,905 [grpc-default-executor-5] INFO  server.RaftServer$Division (ServerState.java:setRaftConf(386)) - omNode-bootstrap-2@group-0AAC5367B30E: set configuration conf: {index: 0, cur=peers:[omNode-3|localhost:15023, omNode-1|localhost:15015, omNode-2|localhost:15019]|listeners:[], old=null}
2024-08-03 20:05:10,907 [grpc-default-executor-5] INFO  ratis.OzoneManagerStateMachine (OzoneManagerStateMachine.java:notifyConfigurationChanged(216)) - Received Configuration change notification from Ratis. New Peer list:
[id: "omNode-3"
address: "localhost:15023"
startupRole: FOLLOWER
, id: "omNode-1"
address: "localhost:15015"
startupRole: FOLLOWER
, id: "omNode-2"
address: "localhost:15019"
startupRole: FOLLOWER
]
2024-08-03 20:05:10,907 [grpc-default-executor-5] INFO  impl.SnapshotInstallationHandler (SnapshotInstallationHandler.java:installSnapshot(103)) - omNode-bootstrap-2@group-0AAC5367B30E: reply installSnapshot: omNode-1<-omNode-bootstrap-2#0:FAIL-t1,IN_PROGRESS,snapshotIndex=0
2024-08-03 20:05:10,908 [grpc-default-executor-5] INFO  server.GrpcServerProtocolService (GrpcServerProtocolService.java:onCompleted(157)) - omNode-bootstrap-2: Completed INSTALL_SNAPSHOT, lastRequest: omNode-1->omNode-bootstrap-2#0-t1,notify:(t:1, i:0)
2024-08-03 20:05:10,908 [grpc-default-executor-5] INFO  server.GrpcServerProtocolService (GrpcServerProtocolService.java:lambda$onCompleted$5(159)) - omNode-bootstrap-2: Completed INSTALL_SNAPSHOT, lastReply: null
2024-08-03 20:05:10,910 [grpc-default-executor-3] INFO  impl.SnapshotInstallationHandler (SnapshotInstallationHandler.java:installSnapshot(92)) - omNode-bootstrap-2@group-0AAC5367B30E: receive installSnapshot: omNode-1->omNode-bootstrap-2#0-t1,notify:(t:1, i:0)
2024-08-03 20:05:10,910 [grpc-default-executor-3] INFO  impl.SnapshotInstallationHandler (SnapshotInstallationHandler.java:installSnapshotImpl(138)) - omNode-bootstrap-2@group-0AAC5367B30E: set new configuration configurationEntry {
  peers {
    id: "omNode-3"
    address: "localhost:15023"
    startupRole: FOLLOWER
  }
  peers {
    id: "omNode-1"
    address: "localhost:15015"
    startupRole: FOLLOWER
  }
  peers {
    id: "omNode-2"
    address: "localhost:15019"
    startupRole: FOLLOWER
  }
}
 from snapshot
2024-08-03 20:05:10,911 [grpc-default-executor-3] INFO  server.RaftServer$Division (ServerState.java:setRaftConf(386)) - omNode-bootstrap-2@group-0AAC5367B30E: set configuration conf: {index: 0, cur=peers:[omNode-3|localhost:15023, omNode-1|localhost:15015, omNode-2|localhost:15019]|listeners:[], old=null}
2024-08-03 20:05:10,911 [omNode-bootstrap-2-server-thread1] INFO  server.RaftServer$Division (RaftServerImpl.java:checkInconsistentAppendEntries(1629)) - omNode-bootstrap-2@group-0AAC5367B30E: Failed appendEntries as snapshot (0) installation is in progress
2024-08-03 20:05:10,911 [omNode-bootstrap-2-server-thread1] INFO  server.RaftServer$Division (RaftServerImpl.java:appendEntriesAsync(1584)) - omNode-bootstrap-2@group-0AAC5367B30E: appendEntries* reply omNode-1<-omNode-bootstrap-2#126:FAIL-t1,INCONSISTENCY,nextIndex=0,followerCommit=-1,matchIndex=-1
2024-08-03 20:05:10,913 [grpc-default-executor-3] INFO  ratis.OzoneManagerStateMachine (OzoneManagerStateMachine.java:notifyConfigurationChanged(216)) - Received Configuration change notification from Ratis. New Peer list:
[id: "omNode-3"
address: "localhost:15023"
startupRole: FOLLOWER
, id: "omNode-1"
address: "localhost:15015"
startupRole: FOLLOWER
, id: "omNode-2"
address: "localhost:15019"
startupRole: FOLLOWER
]
2024-08-03 20:05:10,913 [grpc-default-executor-3] INFO  impl.SnapshotInstallationHandler (SnapshotInstallationHandler.java:installSnapshot(103)) - omNode-bootstrap-2@group-0AAC5367B30E: reply installSnapshot: omNode-1<-omNode-bootstrap-2#0:FAIL-t1,IN_PROGRESS,snapshotIndex=0
2024-08-03 20:05:10,913 [grpc-default-executor-3] INFO  server.GrpcServerProtocolService (GrpcServerProtocolService.java:onCompleted(157)) - omNode-bootstrap-2: Completed INSTALL_SNAPSHOT, lastRequest: omNode-1->omNode-bootstrap-2#0-t1,notify:(t:1, i:0)
2024-08-03 20:05:10,914 [grpc-default-executor-3] INFO  server.GrpcServerProtocolService (GrpcServerProtocolService.java:lambda$onCompleted$5(159)) - omNode-bootstrap-2: Completed INSTALL_SNAPSHOT, lastReply: null
2024-08-03 20:05:10,915 [omNode-bootstrap-2-server-thread1] INFO  server.RaftServer$Division (RaftServerImpl.java:checkInconsistentAppendEntries(1629)) - omNode-bootstrap-2@group-0AAC5367B30E: Failed appendEntries as snapshot (0) installation is in progress
2024-08-03 20:05:10,915 [grpc-default-executor-1] INFO  impl.SnapshotInstallationHandler (SnapshotInstallationHandler.java:installSnapshot(92)) - omNode-bootstrap-2@group-0AAC5367B30E: receive installSnapshot: omNode-1->omNode-bootstrap-2#0-t1,notify:(t:1, i:0)
2024-08-03 20:05:10,915 [omNode-bootstrap-2-server-thread1] INFO  server.RaftServer$Division (RaftServerImpl.java:appendEntriesAsync(1584)) - omNode-bootstrap-2@group-0AAC5367B30E: appendEntries* reply omNode-1<-omNode-bootstrap-2#127:FAIL-t1,INCONSISTENCY,nextIndex=0,followerCommit=-1,matchIndex=-1
2024-08-03 20:05:10,916 [grpc-default-executor-1] INFO  impl.SnapshotInstallationHandler (SnapshotInstallationHandler.java:installSnapshotImpl(138)) - omNode-bootstrap-2@group-0AAC5367B30E: set new configuration configurationEntry {
  peers {
    id: "omNode-3"
    address: "localhost:15023"
    startupRole: FOLLOWER
  }
  peers {
    id: "omNode-1"
    address: "localhost:15015"
    startupRole: FOLLOWER
  }
  peers {
    id: "omNode-2"
    address: "localhost:15019"
    startupRole: FOLLOWER
  }
}
 from snapshot
2024-08-03 20:05:10,916 [grpc-default-executor-1] INFO  server.RaftServer$Division (ServerState.java:setRaftConf(386)) - omNode-bootstrap-2@group-0AAC5367B30E: set configuration conf: {index: 0, cur=peers:[omNode-3|localhost:15023, omNode-1|localhost:15015, omNode-2|localhost:15019]|listeners:[], old=null}
2024-08-03 20:05:10,917 [grpc-default-executor-1] INFO  ratis.OzoneManagerStateMachine (OzoneManagerStateMachine.java:notifyConfigurationChanged(216)) - Received Configuration change notification from Ratis. New Peer list:
[id: "omNode-3"
address: "localhost:15023"
startupRole: FOLLOWER
, id: "omNode-1"
address: "localhost:15015"
startupRole: FOLLOWER
, id: "omNode-2"
address: "localhost:15019"
startupRole: FOLLOWER
]
2024-08-03 20:05:10,917 [grpc-default-executor-1] INFO  impl.SnapshotInstallationHandler (SnapshotInstallationHandler.java:installSnapshot(103)) - omNode-bootstrap-2@group-0AAC5367B30E: reply installSnapshot: omNode-1<-omNode-bootstrap-2#0:FAIL-t1,IN_PROGRESS,snapshotIndex=0
2024-08-03 20:05:10,917 [grpc-default-executor-1] INFO  server.GrpcServerProtocolService (GrpcServerProtocolService.java:onCompleted(157)) - omNode-bootstrap-2: Completed INSTALL_SNAPSHOT, lastRequest: omNode-1->omNode-bootstrap-2#0-t1,notify:(t:1, i:0)
2024-08-03 20:05:10,917 [grpc-default-executor-1] INFO  server.GrpcServerProtocolService (GrpcServerProtocolService.java:lambda$onCompleted$5(159)) - omNode-bootstrap-2: Completed INSTALL_SNAPSHOT, lastReply: null
2024-08-03 20:05:10,918 [omNode-bootstrap-2-server-thread1] INFO  server.RaftServer$Division (RaftServerImpl.java:checkInconsistentAppendEntries(1629)) - omNode-bootstrap-2@group-0AAC5367B30E: Failed appendEntries as snapshot (0) installation is in progress
2024-08-03 20:05:10,918 [omNode-bootstrap-2-server-thread1] INFO  server.RaftServer$Division (RaftServerImpl.java:appendEntriesAsync(1584)) - omNode-bootstrap-2@group-0AAC5367B30E: appendEntries* reply omNode-1<-omNode-bootstrap-2#128:FAIL-t1,INCONSISTENCY,nextIndex=0,followerCommit=-1,matchIndex=-1
2024-08-03 20:05:10,920 [grpc-default-executor-1] INFO  impl.SnapshotInstallationHandler (SnapshotInstallationHandler.java:installSnapshot(92)) - omNode-bootstrap-2@group-0AAC5367B30E: receive installSnapshot: omNode-1->omNode-bootstrap-2#0-t1,notify:(t:1, i:0)
2024-08-03 20:05:10,920 [grpc-default-executor-1] INFO  impl.SnapshotInstallationHandler (SnapshotInstallationHandler.java:installSnapshotImpl(138)) - omNode-bootstrap-2@group-0AAC5367B30E: set new configuration configurationEntry {
  peers {
    id: "omNode-3"
    address: "localhost:15023"
    startupRole: FOLLOWER
  }
  peers {
    id: "omNode-1"
    address: "localhost:15015"
    startupRole: FOLLOWER
  }
  peers {
    id: "omNode-2"
    address: "localhost:15019"
    startupRole: FOLLOWER
  }
}
 from snapshot
2024-08-03 20:05:10,920 [grpc-default-executor-1] INFO  server.RaftServer$Division (ServerState.java:setRaftConf(386)) - omNode-bootstrap-2@group-0AAC5367B30E: set configuration conf: {index: 0, cur=peers:[omNode-3|localhost:15023, omNode-1|localhost:15015, omNode-2|localhost:15019]|listeners:[], old=null}
2024-08-03 20:05:10,921 [grpc-default-executor-1] INFO  ratis.OzoneManagerStateMachine (OzoneManagerStateMachine.java:notifyConfigurationChanged(216)) - Received Configuration change notification from Ratis. New Peer list:
[id: "omNode-3"
address: "localhost:15023"
startupRole: FOLLOWER
, id: "omNode-1"
address: "localhost:15015"
startupRole: FOLLOWER
, id: "omNode-2"
address: "localhost:15019"
startupRole: FOLLOWER
]
2024-08-03 20:05:10,921 [grpc-default-executor-1] INFO  impl.SnapshotInstallationHandler (SnapshotInstallationHandler.java:installSnapshot(103)) - omNode-bootstrap-2@group-0AAC5367B30E: reply installSnapshot: omNode-1<-omNode-bootstrap-2#0:FAIL-t1,IN_PROGRESS,snapshotIndex=0
2024-08-03 20:05:10,922 [grpc-default-executor-1] INFO  server.GrpcServerProtocolService (GrpcServerProtocolService.java:onCompleted(157)) - omNode-bootstrap-2: Completed INSTALL_SNAPSHOT, lastRequest: omNode-1->omNode-bootstrap-2#0-t1,notify:(t:1, i:0)
2024-08-03 20:05:10,922 [grpc-default-executor-1] INFO  server.GrpcServerProtocolService (GrpcServerProtocolService.java:lambda$onCompleted$5(159)) - omNode-bootstrap-2: Completed INSTALL_SNAPSHOT, lastReply: null
2024-08-03 20:05:10,923 [omNode-bootstrap-2-server-thread1] INFO  server.RaftServer$Division (RaftServerImpl.java:checkInconsistentAppendEntries(1629)) - omNode-bootstrap-2@group-0AAC5367B30E: Failed appendEntries as snapshot (0) installation is in progress
2024-08-03 20:05:10,923 [omNode-bootstrap-2-server-thread1] INFO  server.RaftServer$Division (RaftServerImpl.java:appendEntriesAsync(1584)) - omNode-bootstrap-2@group-0AAC5367B30E: appendEntries* reply omNode-1<-omNode-bootstrap-2#129:FAIL-t1,INCONSISTENCY,nextIndex=0,followerCommit=-1,matchIndex=-1
2024-08-03 20:05:10,924 [grpc-default-executor-3] INFO  impl.SnapshotInstallationHandler (SnapshotInstallationHandler.java:installSnapshot(92)) - omNode-bootstrap-2@group-0AAC5367B30E: receive installSnapshot: omNode-1->omNode-bootstrap-2#0-t1,notify:(t:1, i:0)
2024-08-03 20:05:10,924 [grpc-default-executor-3] INFO  impl.SnapshotInstallationHandler (SnapshotInstallationHandler.java:installSnapshotImpl(138)) - omNode-bootstrap-2@group-0AAC5367B30E: set new configuration configurationEntry {
  peers {
    id: "omNode-3"
    address: "localhost:15023"
    startupRole: FOLLOWER
  }
  peers {
    id: "omNode-1"
    address: "localhost:15015"
    startupRole: FOLLOWER
  }
  peers {
    id: "omNode-2"
    address: "localhost:15019"
    startupRole: FOLLOWER
  }
}
 from snapshot
2024-08-03 20:05:10,924 [grpc-default-executor-3] INFO  server.RaftServer$Division (ServerState.java:setRaftConf(386)) - omNode-bootstrap-2@group-0AAC5367B30E: set configuration conf: {index: 0, cur=peers:[omNode-3|localhost:15023, omNode-1|localhost:15015, omNode-2|localhost:15019]|listeners:[], old=null}
2024-08-03 20:05:10,926 [grpc-default-executor-3] INFO  ratis.OzoneManagerStateMachine (OzoneManagerStateMachine.java:notifyConfigurationChanged(216)) - Received Configuration change notification from Ratis. New Peer list:
[id: "omNode-3"
address: "localhost:15023"
startupRole: FOLLOWER
, id: "omNode-1"
address: "localhost:15015"
startupRole: FOLLOWER
, id: "omNode-2"
address: "localhost:15019"
startupRole: FOLLOWER
]
2024-08-03 20:05:10,926 [grpc-default-executor-3] INFO  impl.SnapshotInstallationHandler (SnapshotInstallationHandler.java:installSnapshot(103)) - omNode-bootstrap-2@group-0AAC5367B30E: reply installSnapshot: omNode-1<-omNode-bootstrap-2#0:FAIL-t1,IN_PROGRESS,snapshotIndex=0
2024-08-03 20:05:10,927 [grpc-default-executor-3] INFO  server.GrpcServerProtocolService (GrpcServerProtocolService.java:onCompleted(157)) - omNode-bootstrap-2: Completed INSTALL_SNAPSHOT, lastRequest: omNode-1->omNode-bootstrap-2#0-t1,notify:(t:1, i:0)
2024-08-03 20:05:10,927 [grpc-default-executor-3] INFO  server.GrpcServerProtocolService (GrpcServerProtocolService.java:lambda$onCompleted$5(159)) - omNode-bootstrap-2: Completed INSTALL_SNAPSHOT, lastReply: null
2024-08-03 20:05:10,928 [omNode-bootstrap-2-server-thread1] INFO  server.RaftServer$Division (RaftServerImpl.java:checkInconsistentAppendEntries(1629)) - omNode-bootstrap-2@group-0AAC5367B30E: Failed appendEntries as snapshot (0) installation is in progress
2024-08-03 20:05:10,928 [omNode-bootstrap-2-server-thread1] INFO  server.RaftServer$Division (RaftServerImpl.java:appendEntriesAsync(1584)) - omNode-bootstrap-2@group-0AAC5367B30E: appendEntries* reply omNode-1<-omNode-bootstrap-2#130:FAIL-t1,INCONSISTENCY,nextIndex=0,followerCommit=-1,matchIndex=-1
2024-08-03 20:05:10,929 [grpc-default-executor-3] INFO  impl.SnapshotInstallationHandler (SnapshotInstallationHandler.java:installSnapshot(92)) - omNode-bootstrap-2@group-0AAC5367B30E: receive installSnapshot: omNode-1->omNode-bootstrap-2#0-t1,notify:(t:1, i:0)
2024-08-03 20:05:10,930 [grpc-default-executor-3] INFO  impl.SnapshotInstallationHandler (SnapshotInstallationHandler.java:installSnapshotImpl(138)) - omNode-bootstrap-2@group-0AAC5367B30E: set new configuration configurationEntry {
  peers {
    id: "omNode-3"
    address: "localhost:15023"
    startupRole: FOLLOWER
  }
  peers {
    id: "omNode-1"
    address: "localhost:15015"
    startupRole: FOLLOWER
  }
  peers {
    id: "omNode-2"
    address: "localhost:15019"
    startupRole: FOLLOWER
  }
}
 from snapshot
2024-08-03 20:05:10,930 [grpc-default-executor-3] INFO  server.RaftServer$Division (ServerState.java:setRaftConf(386)) - omNode-bootstrap-2@group-0AAC5367B30E: set configuration conf: {index: 0, cur=peers:[omNode-3|localhost:15023, omNode-1|localhost:15015, omNode-2|localhost:15019]|listeners:[], old=null}
2024-08-03 20:05:10,932 [grpc-default-executor-3] INFO  ratis.OzoneManagerStateMachine (OzoneManagerStateMachine.java:notifyConfigurationChanged(216)) - Received Configuration change notification from Ratis. New Peer list:
[id: "omNode-3"
address: "localhost:15023"
startupRole: FOLLOWER
, id: "omNode-1"
address: "localhost:15015"
startupRole: FOLLOWER
, id: "omNode-2"
address: "localhost:15019"
startupRole: FOLLOWER
]
2024-08-03 20:05:10,932 [grpc-default-executor-3] INFO  impl.SnapshotInstallationHandler (SnapshotInstallationHandler.java:installSnapshot(103)) - omNode-bootstrap-2@group-0AAC5367B30E: reply installSnapshot: omNode-1<-omNode-bootstrap-2#0:FAIL-t1,IN_PROGRESS,snapshotIndex=0
2024-08-03 20:05:10,932 [grpc-default-executor-3] INFO  server.GrpcServerProtocolService (GrpcServerProtocolService.java:onCompleted(157)) - omNode-bootstrap-2: Completed INSTALL_SNAPSHOT, lastRequest: omNode-1->omNode-bootstrap-2#0-t1,notify:(t:1, i:0)
2024-08-03 20:05:10,932 [grpc-default-executor-3] INFO  server.GrpcServerProtocolService (GrpcServerProtocolService.java:lambda$onCompleted$5(159)) - omNode-bootstrap-2: Completed INSTALL_SNAPSHOT, lastReply: null
2024-08-03 20:05:10,934 [omNode-bootstrap-2-server-thread1] INFO  server.RaftServer$Division (RaftServerImpl.java:checkInconsistentAppendEntries(1629)) - omNode-bootstrap-2@group-0AAC5367B30E: Failed appendEntries as snapshot (0) installation is in progress
2024-08-03 20:05:10,934 [omNode-bootstrap-2-server-thread1] INFO  server.RaftServer$Division (RaftServerImpl.java:appendEntriesAsync(1584)) - omNode-bootstrap-2@group-0AAC5367B30E: appendEntries* reply omNode-1<-omNode-bootstrap-2#131:FAIL-t1,INCONSISTENCY,nextIndex=0,followerCommit=-1,matchIndex=-1
2024-08-03 20:05:10,936 [grpc-default-executor-1] INFO  impl.SnapshotInstallationHandler (SnapshotInstallationHandler.java:installSnapshot(92)) - omNode-bootstrap-2@group-0AAC5367B30E: receive installSnapshot: omNode-1->omNode-bootstrap-2#0-t1,notify:(t:1, i:0)
2024-08-03 20:05:10,936 [grpc-default-executor-1] INFO  impl.SnapshotInstallationHandler (SnapshotInstallationHandler.java:installSnapshotImpl(138)) - omNode-bootstrap-2@group-0AAC5367B30E: set new configuration configurationEntry {
  peers {
    id: "omNode-3"
    address: "localhost:15023"
    startupRole: FOLLOWER
  }
  peers {
    id: "omNode-1"
    address: "localhost:15015"
    startupRole: FOLLOWER
  }
  peers {
    id: "omNode-2"
    address: "localhost:15019"
    startupRole: FOLLOWER
  }
}
 from snapshot
2024-08-03 20:05:10,936 [grpc-default-executor-1] INFO  server.RaftServer$Division (ServerState.java:setRaftConf(386)) - omNode-bootstrap-2@group-0AAC5367B30E: set configuration conf: {index: 0, cur=peers:[omNode-3|localhost:15023, omNode-1|localhost:15015, omNode-2|localhost:15019]|listeners:[], old=null}
2024-08-03 20:05:10,938 [grpc-default-executor-1] INFO  ratis.OzoneManagerStateMachine (OzoneManagerStateMachine.java:notifyConfigurationChanged(216)) - Received Configuration change notification from Ratis. New Peer list:
[id: "omNode-3"
address: "localhost:15023"
startupRole: FOLLOWER
, id: "omNode-1"
address: "localhost:15015"
startupRole: FOLLOWER
, id: "omNode-2"
address: "localhost:15019"
startupRole: FOLLOWER
]
2024-08-03 20:05:10,938 [grpc-default-executor-1] INFO  impl.SnapshotInstallationHandler (SnapshotInstallationHandler.java:installSnapshot(103)) - omNode-bootstrap-2@group-0AAC5367B30E: reply installSnapshot: omNode-1<-omNode-bootstrap-2#0:FAIL-t1,IN_PROGRESS,snapshotIndex=0
2024-08-03 20:05:10,938 [grpc-default-executor-1] INFO  server.GrpcServerProtocolService (GrpcServerProtocolService.java:onCompleted(157)) - omNode-bootstrap-2: Completed INSTALL_SNAPSHOT, lastRequest: omNode-1->omNode-bootstrap-2#0-t1,notify:(t:1, i:0)
2024-08-03 20:05:10,938 [grpc-default-executor-1] INFO  server.GrpcServerProtocolService (GrpcServerProtocolService.java:lambda$onCompleted$5(159)) - omNode-bootstrap-2: Completed INSTALL_SNAPSHOT, lastReply: null
2024-08-03 20:05:10,939 [omNode-bootstrap-2-server-thread1] INFO  server.RaftServer$Division (RaftServerImpl.java:checkInconsistentAppendEntries(1629)) - omNode-bootstrap-2@group-0AAC5367B30E: Failed appendEntries as snapshot (0) installation is in progress
2024-08-03 20:05:10,939 [omNode-bootstrap-2-server-thread1] INFO  server.RaftServer$Division (RaftServerImpl.java:appendEntriesAsync(1584)) - omNode-bootstrap-2@group-0AAC5367B30E: appendEntries* reply omNode-1<-omNode-bootstrap-2#132:FAIL-t1,INCONSISTENCY,nextIndex=0,followerCommit=-1,matchIndex=-1
2024-08-03 20:05:10,940 [grpc-default-executor-1] INFO  impl.SnapshotInstallationHandler (SnapshotInstallationHandler.java:installSnapshot(92)) - omNode-bootstrap-2@group-0AAC5367B30E: receive installSnapshot: omNode-1->omNode-bootstrap-2#0-t1,notify:(t:1, i:0)
2024-08-03 20:05:10,941 [grpc-default-executor-1] INFO  impl.SnapshotInstallationHandler (SnapshotInstallationHandler.java:installSnapshotImpl(138)) - omNode-bootstrap-2@group-0AAC5367B30E: set new configuration configurationEntry {
  peers {
    id: "omNode-3"
    address: "localhost:15023"
    startupRole: FOLLOWER
  }
  peers {
    id: "omNode-1"
    address: "localhost:15015"
    startupRole: FOLLOWER
  }
  peers {
    id: "omNode-2"
    address: "localhost:15019"
    startupRole: FOLLOWER
  }
}
 from snapshot
2024-08-03 20:05:10,941 [grpc-default-executor-1] INFO  server.RaftServer$Division (ServerState.java:setRaftConf(386)) - omNode-bootstrap-2@group-0AAC5367B30E: set configuration conf: {index: 0, cur=peers:[omNode-3|localhost:15023, omNode-1|localhost:15015, omNode-2|localhost:15019]|listeners:[], old=null}
2024-08-03 20:05:10,942 [grpc-default-executor-1] INFO  ratis.OzoneManagerStateMachine (OzoneManagerStateMachine.java:notifyConfigurationChanged(216)) - Received Configuration change notification from Ratis. New Peer list:
[id: "omNode-3"
address: "localhost:15023"
startupRole: FOLLOWER
, id: "omNode-1"
address: "localhost:15015"
startupRole: FOLLOWER
, id: "omNode-2"
address: "localhost:15019"
startupRole: FOLLOWER
]
2024-08-03 20:05:10,942 [grpc-default-executor-1] INFO  impl.SnapshotInstallationHandler (SnapshotInstallationHandler.java:installSnapshot(103)) - omNode-bootstrap-2@group-0AAC5367B30E: reply installSnapshot: omNode-1<-omNode-bootstrap-2#0:FAIL-t1,IN_PROGRESS,snapshotIndex=0
2024-08-03 20:05:10,942 [grpc-default-executor-1] INFO  server.GrpcServerProtocolService (GrpcServerProtocolService.java:onCompleted(157)) - omNode-bootstrap-2: Completed INSTALL_SNAPSHOT, lastRequest: omNode-1->omNode-bootstrap-2#0-t1,notify:(t:1, i:0)
2024-08-03 20:05:10,942 [grpc-default-executor-1] INFO  server.GrpcServerProtocolService (GrpcServerProtocolService.java:lambda$onCompleted$5(159)) - omNode-bootstrap-2: Completed INSTALL_SNAPSHOT, lastReply: null
2024-08-03 20:05:10,943 [omNode-bootstrap-2-server-thread1] INFO  server.RaftServer$Division (RaftServerImpl.java:checkInconsistentAppendEntries(1629)) - omNode-bootstrap-2@group-0AAC5367B30E: Failed appendEntries as snapshot (0) installation is in progress
2024-08-03 20:05:10,943 [omNode-bootstrap-2-server-thread1] INFO  server.RaftServer$Division (RaftServerImpl.java:appendEntriesAsync(1584)) - omNode-bootstrap-2@group-0AAC5367B30E: appendEntries* reply omNode-1<-omNode-bootstrap-2#133:FAIL-t1,INCONSISTENCY,nextIndex=0,followerCommit=-1,matchIndex=-1
2024-08-03 20:05:10,944 [grpc-default-executor-0] INFO  impl.SnapshotInstallationHandler (SnapshotInstallationHandler.java:installSnapshot(92)) - omNode-bootstrap-2@group-0AAC5367B30E: receive installSnapshot: omNode-1->omNode-bootstrap-2#0-t1,notify:(t:1, i:0)
2024-08-03 20:05:10,945 [grpc-default-executor-0] INFO  impl.SnapshotInstallationHandler (SnapshotInstallationHandler.java:installSnapshotImpl(138)) - omNode-bootstrap-2@group-0AAC5367B30E: set new configuration configurationEntry {
  peers {
    id: "omNode-3"
    address: "localhost:15023"
    startupRole: FOLLOWER
  }
  peers {
    id: "omNode-1"
    address: "localhost:15015"
    startupRole: FOLLOWER
  }
  peers {
    id: "omNode-2"
    address: "localhost:15019"
    startupRole: FOLLOWER
  }
}
 from snapshot
2024-08-03 20:05:10,945 [grpc-default-executor-0] INFO  server.RaftServer$Division (ServerState.java:setRaftConf(386)) - omNode-bootstrap-2@group-0AAC5367B30E: set configuration conf: {index: 0, cur=peers:[omNode-3|localhost:15023, omNode-1|localhost:15015, omNode-2|localhost:15019]|listeners:[], old=null}
2024-08-03 20:05:10,947 [grpc-default-executor-0] INFO  ratis.OzoneManagerStateMachine (OzoneManagerStateMachine.java:notifyConfigurationChanged(216)) - Received Configuration change notification from Ratis. New Peer list:
[id: "omNode-3"
address: "localhost:15023"
startupRole: FOLLOWER
, id: "omNode-1"
address: "localhost:15015"
startupRole: FOLLOWER
, id: "omNode-2"
address: "localhost:15019"
startupRole: FOLLOWER
]
2024-08-03 20:05:10,947 [grpc-default-executor-0] INFO  impl.SnapshotInstallationHandler (SnapshotInstallationHandler.java:installSnapshot(103)) - omNode-bootstrap-2@group-0AAC5367B30E: reply installSnapshot: omNode-1<-omNode-bootstrap-2#0:FAIL-t1,IN_PROGRESS,snapshotIndex=0
2024-08-03 20:05:10,947 [grpc-default-executor-0] INFO  server.GrpcServerProtocolService (GrpcServerProtocolService.java:onCompleted(157)) - omNode-bootstrap-2: Completed INSTALL_SNAPSHOT, lastRequest: omNode-1->omNode-bootstrap-2#0-t1,notify:(t:1, i:0)
2024-08-03 20:05:10,947 [grpc-default-executor-0] INFO  server.GrpcServerProtocolService (GrpcServerProtocolService.java:lambda$onCompleted$5(159)) - omNode-bootstrap-2: Completed INSTALL_SNAPSHOT, lastReply: null
2024-08-03 20:05:10,948 [omNode-bootstrap-2-server-thread1] INFO  server.RaftServer$Division (RaftServerImpl.java:checkInconsistentAppendEntries(1629)) - omNode-bootstrap-2@group-0AAC5367B30E: Failed appendEntries as snapshot (0) installation is in progress
2024-08-03 20:05:10,948 [omNode-bootstrap-2-server-thread1] INFO  server.RaftServer$Division (RaftServerImpl.java:appendEntriesAsync(1584)) - omNode-bootstrap-2@group-0AAC5367B30E: appendEntries* reply omNode-1<-omNode-bootstrap-2#134:FAIL-t1,INCONSISTENCY,nextIndex=0,followerCommit=-1,matchIndex=-1
2024-08-03 20:05:10,949 [grpc-default-executor-1] INFO  impl.SnapshotInstallationHandler (SnapshotInstallationHandler.java:installSnapshot(92)) - omNode-bootstrap-2@group-0AAC5367B30E: receive installSnapshot: omNode-1->omNode-bootstrap-2#0-t1,notify:(t:1, i:0)
2024-08-03 20:05:10,949 [grpc-default-executor-1] INFO  impl.SnapshotInstallationHandler (SnapshotInstallationHandler.java:installSnapshotImpl(138)) - omNode-bootstrap-2@group-0AAC5367B30E: set new configuration configurationEntry {
  peers {
    id: "omNode-3"
    address: "localhost:15023"
    startupRole: FOLLOWER
  }
  peers {
    id: "omNode-1"
    address: "localhost:15015"
    startupRole: FOLLOWER
  }
  peers {
    id: "omNode-2"
    address: "localhost:15019"
    startupRole: FOLLOWER
  }
}
 from snapshot
2024-08-03 20:05:10,949 [grpc-default-executor-1] INFO  server.RaftServer$Division (ServerState.java:setRaftConf(386)) - omNode-bootstrap-2@group-0AAC5367B30E: set configuration conf: {index: 0, cur=peers:[omNode-3|localhost:15023, omNode-1|localhost:15015, omNode-2|localhost:15019]|listeners:[], old=null}
2024-08-03 20:05:10,953 [grpc-default-executor-1] INFO  ratis.OzoneManagerStateMachine (OzoneManagerStateMachine.java:notifyConfigurationChanged(216)) - Received Configuration change notification from Ratis. New Peer list:
[id: "omNode-3"
address: "localhost:15023"
startupRole: FOLLOWER
, id: "omNode-1"
address: "localhost:15015"
startupRole: FOLLOWER
, id: "omNode-2"
address: "localhost:15019"
startupRole: FOLLOWER
]
2024-08-03 20:05:10,953 [grpc-default-executor-1] INFO  impl.SnapshotInstallationHandler (SnapshotInstallationHandler.java:installSnapshot(103)) - omNode-bootstrap-2@group-0AAC5367B30E: reply installSnapshot: omNode-1<-omNode-bootstrap-2#0:FAIL-t1,IN_PROGRESS,snapshotIndex=0
2024-08-03 20:05:10,953 [grpc-default-executor-1] INFO  server.GrpcServerProtocolService (GrpcServerProtocolService.java:onCompleted(157)) - omNode-bootstrap-2: Completed INSTALL_SNAPSHOT, lastRequest: omNode-1->omNode-bootstrap-2#0-t1,notify:(t:1, i:0)
2024-08-03 20:05:10,953 [grpc-default-executor-1] INFO  server.GrpcServerProtocolService (GrpcServerProtocolService.java:lambda$onCompleted$5(159)) - omNode-bootstrap-2: Completed INSTALL_SNAPSHOT, lastReply: null
2024-08-03 20:05:10,958 [omNode-bootstrap-2-server-thread1] INFO  server.RaftServer$Division (RaftServerImpl.java:checkInconsistentAppendEntries(1629)) - omNode-bootstrap-2@group-0AAC5367B30E: Failed appendEntries as snapshot (0) installation is in progress
2024-08-03 20:05:10,958 [omNode-bootstrap-2-server-thread1] INFO  server.RaftServer$Division (RaftServerImpl.java:appendEntriesAsync(1584)) - omNode-bootstrap-2@group-0AAC5367B30E: appendEntries* reply omNode-1<-omNode-bootstrap-2#135:FAIL-t1,INCONSISTENCY,nextIndex=0,followerCommit=-1,matchIndex=-1
2024-08-03 20:05:10,959 [grpc-default-executor-0] INFO  impl.SnapshotInstallationHandler (SnapshotInstallationHandler.java:installSnapshot(92)) - omNode-bootstrap-2@group-0AAC5367B30E: receive installSnapshot: omNode-1->omNode-bootstrap-2#0-t1,notify:(t:1, i:0)
2024-08-03 20:05:10,959 [grpc-default-executor-0] INFO  impl.SnapshotInstallationHandler (SnapshotInstallationHandler.java:installSnapshotImpl(138)) - omNode-bootstrap-2@group-0AAC5367B30E: set new configuration configurationEntry {
  peers {
    id: "omNode-3"
    address: "localhost:15023"
    startupRole: FOLLOWER
  }
  peers {
    id: "omNode-1"
    address: "localhost:15015"
    startupRole: FOLLOWER
  }
  peers {
    id: "omNode-2"
    address: "localhost:15019"
    startupRole: FOLLOWER
  }
}
 from snapshot
2024-08-03 20:05:10,959 [grpc-default-executor-0] INFO  server.RaftServer$Division (ServerState.java:setRaftConf(386)) - omNode-bootstrap-2@group-0AAC5367B30E: set configuration conf: {index: 0, cur=peers:[omNode-3|localhost:15023, omNode-1|localhost:15015, omNode-2|localhost:15019]|listeners:[], old=null}
2024-08-03 20:05:10,960 [grpc-default-executor-0] INFO  ratis.OzoneManagerStateMachine (OzoneManagerStateMachine.java:notifyConfigurationChanged(216)) - Received Configuration change notification from Ratis. New Peer list:
[id: "omNode-3"
address: "localhost:15023"
startupRole: FOLLOWER
, id: "omNode-1"
address: "localhost:15015"
startupRole: FOLLOWER
, id: "omNode-2"
address: "localhost:15019"
startupRole: FOLLOWER
]
2024-08-03 20:05:10,960 [grpc-default-executor-0] INFO  impl.SnapshotInstallationHandler (SnapshotInstallationHandler.java:installSnapshot(103)) - omNode-bootstrap-2@group-0AAC5367B30E: reply installSnapshot: omNode-1<-omNode-bootstrap-2#0:FAIL-t1,IN_PROGRESS,snapshotIndex=0
2024-08-03 20:05:10,960 [grpc-default-executor-0] INFO  server.GrpcServerProtocolService (GrpcServerProtocolService.java:onCompleted(157)) - omNode-bootstrap-2: Completed INSTALL_SNAPSHOT, lastRequest: omNode-1->omNode-bootstrap-2#0-t1,notify:(t:1, i:0)
2024-08-03 20:05:10,960 [grpc-default-executor-0] INFO  server.GrpcServerProtocolService (GrpcServerProtocolService.java:lambda$onCompleted$5(159)) - omNode-bootstrap-2: Completed INSTALL_SNAPSHOT, lastReply: null
2024-08-03 20:05:10,962 [omNode-bootstrap-2-server-thread1] INFO  server.RaftServer$Division (RaftServerImpl.java:checkInconsistentAppendEntries(1629)) - omNode-bootstrap-2@group-0AAC5367B30E: Failed appendEntries as snapshot (0) installation is in progress
2024-08-03 20:05:10,962 [omNode-bootstrap-2-server-thread1] INFO  server.RaftServer$Division (RaftServerImpl.java:appendEntriesAsync(1584)) - omNode-bootstrap-2@group-0AAC5367B30E: appendEntries* reply omNode-1<-omNode-bootstrap-2#136:FAIL-t1,INCONSISTENCY,nextIndex=0,followerCommit=-1,matchIndex=-1
2024-08-03 20:05:10,962 [grpc-default-executor-0] INFO  impl.SnapshotInstallationHandler (SnapshotInstallationHandler.java:installSnapshot(92)) - omNode-bootstrap-2@group-0AAC5367B30E: receive installSnapshot: omNode-1->omNode-bootstrap-2#0-t1,notify:(t:1, i:0)
2024-08-03 20:05:10,963 [grpc-default-executor-0] INFO  impl.SnapshotInstallationHandler (SnapshotInstallationHandler.java:installSnapshotImpl(138)) - omNode-bootstrap-2@group-0AAC5367B30E: set new configuration configurationEntry {
  peers {
    id: "omNode-3"
    address: "localhost:15023"
    startupRole: FOLLOWER
  }
  peers {
    id: "omNode-1"
    address: "localhost:15015"
    startupRole: FOLLOWER
  }
  peers {
    id: "omNode-2"
    address: "localhost:15019"
    startupRole: FOLLOWER
  }
}
 from snapshot
2024-08-03 20:05:10,963 [grpc-default-executor-0] INFO  server.RaftServer$Division (ServerState.java:setRaftConf(386)) - omNode-bootstrap-2@group-0AAC5367B30E: set configuration conf: {index: 0, cur=peers:[omNode-3|localhost:15023, omNode-1|localhost:15015, omNode-2|localhost:15019]|listeners:[], old=null}
2024-08-03 20:05:10,964 [grpc-default-executor-0] INFO  ratis.OzoneManagerStateMachine (OzoneManagerStateMachine.java:notifyConfigurationChanged(216)) - Received Configuration change notification from Ratis. New Peer list:
[id: "omNode-3"
address: "localhost:15023"
startupRole: FOLLOWER
, id: "omNode-1"
address: "localhost:15015"
startupRole: FOLLOWER
, id: "omNode-2"
address: "localhost:15019"
startupRole: FOLLOWER
]
2024-08-03 20:05:10,964 [grpc-default-executor-0] INFO  impl.SnapshotInstallationHandler (SnapshotInstallationHandler.java:installSnapshot(103)) - omNode-bootstrap-2@group-0AAC5367B30E: reply installSnapshot: omNode-1<-omNode-bootstrap-2#0:FAIL-t1,IN_PROGRESS,snapshotIndex=0
2024-08-03 20:05:10,964 [grpc-default-executor-0] INFO  server.GrpcServerProtocolService (GrpcServerProtocolService.java:onCompleted(157)) - omNode-bootstrap-2: Completed INSTALL_SNAPSHOT, lastRequest: omNode-1->omNode-bootstrap-2#0-t1,notify:(t:1, i:0)
2024-08-03 20:05:10,964 [grpc-default-executor-0] INFO  server.GrpcServerProtocolService (GrpcServerProtocolService.java:lambda$onCompleted$5(159)) - omNode-bootstrap-2: Completed INSTALL_SNAPSHOT, lastReply: null
2024-08-03 20:05:10,965 [omNode-bootstrap-2-server-thread1] INFO  server.RaftServer$Division (RaftServerImpl.java:checkInconsistentAppendEntries(1629)) - omNode-bootstrap-2@group-0AAC5367B30E: Failed appendEntries as snapshot (0) installation is in progress
2024-08-03 20:05:10,965 [omNode-bootstrap-2-server-thread1] INFO  server.RaftServer$Division (RaftServerImpl.java:appendEntriesAsync(1584)) - omNode-bootstrap-2@group-0AAC5367B30E: appendEntries* reply omNode-1<-omNode-bootstrap-2#137:FAIL-t1,INCONSISTENCY,nextIndex=0,followerCommit=-1,matchIndex=-1
2024-08-03 20:05:10,966 [grpc-default-executor-0] INFO  impl.SnapshotInstallationHandler (SnapshotInstallationHandler.java:installSnapshot(92)) - omNode-bootstrap-2@group-0AAC5367B30E: receive installSnapshot: omNode-1->omNode-bootstrap-2#0-t1,notify:(t:1, i:0)
2024-08-03 20:05:10,966 [grpc-default-executor-0] INFO  impl.SnapshotInstallationHandler (SnapshotInstallationHandler.java:installSnapshotImpl(138)) - omNode-bootstrap-2@group-0AAC5367B30E: set new configuration configurationEntry {
  peers {
    id: "omNode-3"
    address: "localhost:15023"
    startupRole: FOLLOWER
  }
  peers {
    id: "omNode-1"
    address: "localhost:15015"
    startupRole: FOLLOWER
  }
  peers {
    id: "omNode-2"
    address: "localhost:15019"
    startupRole: FOLLOWER
  }
}
 from snapshot
2024-08-03 20:05:10,966 [grpc-default-executor-0] INFO  server.RaftServer$Division (ServerState.java:setRaftConf(386)) - omNode-bootstrap-2@group-0AAC5367B30E: set configuration conf: {index: 0, cur=peers:[omNode-3|localhost:15023, omNode-1|localhost:15015, omNode-2|localhost:15019]|listeners:[], old=null}
2024-08-03 20:05:10,968 [grpc-default-executor-0] INFO  ratis.OzoneManagerStateMachine (OzoneManagerStateMachine.java:notifyConfigurationChanged(216)) - Received Configuration change notification from Ratis. New Peer list:
[id: "omNode-3"
address: "localhost:15023"
startupRole: FOLLOWER
, id: "omNode-1"
address: "localhost:15015"
startupRole: FOLLOWER
, id: "omNode-2"
address: "localhost:15019"
startupRole: FOLLOWER
]
2024-08-03 20:05:10,968 [grpc-default-executor-0] INFO  impl.SnapshotInstallationHandler (SnapshotInstallationHandler.java:installSnapshot(103)) - omNode-bootstrap-2@group-0AAC5367B30E: reply installSnapshot: omNode-1<-omNode-bootstrap-2#0:FAIL-t1,IN_PROGRESS,snapshotIndex=0
2024-08-03 20:05:10,968 [grpc-default-executor-0] INFO  server.GrpcServerProtocolService (GrpcServerProtocolService.java:onCompleted(157)) - omNode-bootstrap-2: Completed INSTALL_SNAPSHOT, lastRequest: omNode-1->omNode-bootstrap-2#0-t1,notify:(t:1, i:0)
2024-08-03 20:05:10,968 [grpc-default-executor-0] INFO  server.GrpcServerProtocolService (GrpcServerProtocolService.java:lambda$onCompleted$5(159)) - omNode-bootstrap-2: Completed INSTALL_SNAPSHOT, lastReply: null
2024-08-03 20:05:10,970 [omNode-bootstrap-2-server-thread1] INFO  server.RaftServer$Division (RaftServerImpl.java:checkInconsistentAppendEntries(1629)) - omNode-bootstrap-2@group-0AAC5367B30E: Failed appendEntries as snapshot (0) installation is in progress
2024-08-03 20:05:10,970 [omNode-bootstrap-2-server-thread1] INFO  server.RaftServer$Division (RaftServerImpl.java:appendEntriesAsync(1584)) - omNode-bootstrap-2@group-0AAC5367B30E: appendEntries* reply omNode-1<-omNode-bootstrap-2#138:FAIL-t1,INCONSISTENCY,nextIndex=0,followerCommit=-1,matchIndex=-1
2024-08-03 20:05:10,970 [grpc-default-executor-3] INFO  impl.SnapshotInstallationHandler (SnapshotInstallationHandler.java:installSnapshot(92)) - omNode-bootstrap-2@group-0AAC5367B30E: receive installSnapshot: omNode-1->omNode-bootstrap-2#0-t1,notify:(t:1, i:0)
2024-08-03 20:05:10,970 [grpc-default-executor-3] INFO  impl.SnapshotInstallationHandler (SnapshotInstallationHandler.java:installSnapshotImpl(138)) - omNode-bootstrap-2@group-0AAC5367B30E: set new configuration configurationEntry {
  peers {
    id: "omNode-3"
    address: "localhost:15023"
    startupRole: FOLLOWER
  }
  peers {
    id: "omNode-1"
    address: "localhost:15015"
    startupRole: FOLLOWER
  }
  peers {
    id: "omNode-2"
    address: "localhost:15019"
    startupRole: FOLLOWER
  }
}
 from snapshot
2024-08-03 20:05:10,971 [grpc-default-executor-3] INFO  server.RaftServer$Division (ServerState.java:setRaftConf(386)) - omNode-bootstrap-2@group-0AAC5367B30E: set configuration conf: {index: 0, cur=peers:[omNode-3|localhost:15023, omNode-1|localhost:15015, omNode-2|localhost:15019]|listeners:[], old=null}
2024-08-03 20:05:10,972 [grpc-default-executor-3] INFO  ratis.OzoneManagerStateMachine (OzoneManagerStateMachine.java:notifyConfigurationChanged(216)) - Received Configuration change notification from Ratis. New Peer list:
[id: "omNode-3"
address: "localhost:15023"
startupRole: FOLLOWER
, id: "omNode-1"
address: "localhost:15015"
startupRole: FOLLOWER
, id: "omNode-2"
address: "localhost:15019"
startupRole: FOLLOWER
]
2024-08-03 20:05:10,972 [grpc-default-executor-3] INFO  impl.SnapshotInstallationHandler (SnapshotInstallationHandler.java:installSnapshot(103)) - omNode-bootstrap-2@group-0AAC5367B30E: reply installSnapshot: omNode-1<-omNode-bootstrap-2#0:FAIL-t1,IN_PROGRESS,snapshotIndex=0
2024-08-03 20:05:10,972 [grpc-default-executor-3] INFO  server.GrpcServerProtocolService (GrpcServerProtocolService.java:onCompleted(157)) - omNode-bootstrap-2: Completed INSTALL_SNAPSHOT, lastRequest: omNode-1->omNode-bootstrap-2#0-t1,notify:(t:1, i:0)
2024-08-03 20:05:10,972 [grpc-default-executor-3] INFO  server.GrpcServerProtocolService (GrpcServerProtocolService.java:lambda$onCompleted$5(159)) - omNode-bootstrap-2: Completed INSTALL_SNAPSHOT, lastReply: null
2024-08-03 20:05:10,973 [omNode-bootstrap-2-server-thread1] INFO  server.RaftServer$Division (RaftServerImpl.java:checkInconsistentAppendEntries(1629)) - omNode-bootstrap-2@group-0AAC5367B30E: Failed appendEntries as snapshot (0) installation is in progress
2024-08-03 20:05:10,973 [omNode-bootstrap-2-server-thread1] INFO  server.RaftServer$Division (RaftServerImpl.java:appendEntriesAsync(1584)) - omNode-bootstrap-2@group-0AAC5367B30E: appendEntries* reply omNode-1<-omNode-bootstrap-2#139:FAIL-t1,INCONSISTENCY,nextIndex=0,followerCommit=-1,matchIndex=-1
2024-08-03 20:05:10,974 [omNode-bootstrap-2-InstallSnapshotThread] INFO  om.OzoneManager (OzoneManager.java:installCheckpoint(3773)) - Installing checkpoint with OMTransactionInfo 1#7
2024-08-03 20:05:10,974 [omNode-bootstrap-2-InstallSnapshotThread] INFO  utils.BackgroundService (BackgroundService.java:shutdown(163)) - Shutting down service KeyDeletingService
2024-08-03 20:05:10,974 [grpc-default-executor-3] INFO  impl.SnapshotInstallationHandler (SnapshotInstallationHandler.java:installSnapshot(92)) - omNode-bootstrap-2@group-0AAC5367B30E: receive installSnapshot: omNode-1->omNode-bootstrap-2#0-t1,notify:(t:1, i:0)
2024-08-03 20:05:10,974 [grpc-default-executor-3] INFO  impl.SnapshotInstallationHandler (SnapshotInstallationHandler.java:installSnapshotImpl(138)) - omNode-bootstrap-2@group-0AAC5367B30E: set new configuration configurationEntry {
  peers {
    id: "omNode-3"
    address: "localhost:15023"
    startupRole: FOLLOWER
  }
  peers {
    id: "omNode-1"
    address: "localhost:15015"
    startupRole: FOLLOWER
  }
  peers {
    id: "omNode-2"
    address: "localhost:15019"
    startupRole: FOLLOWER
  }
}
 from snapshot
2024-08-03 20:05:10,974 [grpc-default-executor-3] INFO  server.RaftServer$Division (ServerState.java:setRaftConf(386)) - omNode-bootstrap-2@group-0AAC5367B30E: set configuration conf: {index: 0, cur=peers:[omNode-3|localhost:15023, omNode-1|localhost:15015, omNode-2|localhost:15019]|listeners:[], old=null}
2024-08-03 20:05:10,975 [omNode-bootstrap-2-InstallSnapshotThread] INFO  utils.BackgroundService (BackgroundService.java:shutdown(163)) - Shutting down service DirectoryDeletingService
2024-08-03 20:05:10,975 [omNode-bootstrap-2-InstallSnapshotThread] INFO  utils.BackgroundService (BackgroundService.java:shutdown(163)) - Shutting down service OpenKeyCleanupService
2024-08-03 20:05:10,976 [omNode-bootstrap-2-InstallSnapshotThread] INFO  utils.BackgroundService (BackgroundService.java:shutdown(163)) - Shutting down service SstFilteringService
2024-08-03 20:05:10,976 [grpc-default-executor-3] INFO  ratis.OzoneManagerStateMachine (OzoneManagerStateMachine.java:notifyConfigurationChanged(216)) - Received Configuration change notification from Ratis. New Peer list:
[id: "omNode-3"
address: "localhost:15023"
startupRole: FOLLOWER
, id: "omNode-1"
address: "localhost:15015"
startupRole: FOLLOWER
, id: "omNode-2"
address: "localhost:15019"
startupRole: FOLLOWER
]
2024-08-03 20:05:10,976 [omNode-bootstrap-2-InstallSnapshotThread] INFO  utils.BackgroundService (BackgroundService.java:shutdown(163)) - Shutting down service SnapshotDeletingService
2024-08-03 20:05:10,976 [grpc-default-executor-3] INFO  impl.SnapshotInstallationHandler (SnapshotInstallationHandler.java:installSnapshot(103)) - omNode-bootstrap-2@group-0AAC5367B30E: reply installSnapshot: omNode-1<-omNode-bootstrap-2#0:FAIL-t1,IN_PROGRESS,snapshotIndex=0
2024-08-03 20:05:10,977 [omNode-bootstrap-2-InstallSnapshotThread] INFO  utils.BackgroundService (BackgroundService.java:shutdown(163)) - Shutting down service MultipartUploadCleanupService
2024-08-03 20:05:10,977 [omNode-bootstrap-2-InstallSnapshotThread] INFO  utils.BackgroundService (BackgroundService.java:shutdown(163)) - Shutting down service SnapshotDirectoryCleaningService
2024-08-03 20:05:10,977 [grpc-default-executor-3] INFO  server.GrpcServerProtocolService (GrpcServerProtocolService.java:onCompleted(157)) - omNode-bootstrap-2: Completed INSTALL_SNAPSHOT, lastRequest: omNode-1->omNode-bootstrap-2#0-t1,notify:(t:1, i:0)
2024-08-03 20:05:10,977 [grpc-default-executor-3] INFO  server.GrpcServerProtocolService (GrpcServerProtocolService.java:lambda$onCompleted$5(159)) - omNode-bootstrap-2: Completed INSTALL_SNAPSHOT, lastReply: null
2024-08-03 20:05:10,977 [omNode-bootstrap-2-InstallSnapshotThread] INFO  ratis.OzoneManagerStateMachine (OzoneManagerStateMachine.java:pause(409)) - OzoneManagerStateMachine is pausing
2024-08-03 20:05:10,978 [omNode-bootstrap-2-InstallSnapshotThread] INFO  ratis.OzoneManagerDoubleBuffer (OzoneManagerDoubleBuffer.java:stopDaemon(517)) - Stopping OMDoubleBuffer flush thread
2024-08-03 20:05:10,978 [omNode-bootstrap-2-OMDoubleBufferFlushThread] INFO  ratis.OzoneManagerDoubleBuffer (OzoneManagerDoubleBuffer.java:canFlush(581)) - OMDoubleBuffer flush thread omNode-bootstrap-2-OMDoubleBufferFlushThread is interrupted and will exit.
2024-08-03 20:05:10,978 [omNode-bootstrap-2-server-thread1] INFO  server.RaftServer$Division (RaftServerImpl.java:checkInconsistentAppendEntries(1629)) - omNode-bootstrap-2@group-0AAC5367B30E: Failed appendEntries as snapshot (0) installation is in progress
2024-08-03 20:05:10,978 [omNode-bootstrap-2-server-thread1] INFO  server.RaftServer$Division (RaftServerImpl.java:appendEntriesAsync(1584)) - omNode-bootstrap-2@group-0AAC5367B30E: appendEntries* reply omNode-1<-omNode-bootstrap-2#140:FAIL-t1,INCONSISTENCY,nextIndex=0,followerCommit=-1,matchIndex=-1
2024-08-03 20:05:10,979 [omNode-bootstrap-2-InstallSnapshotThread] INFO  ipc.Server (Server.java:stop(3523)) - Stopping server on 15055
2024-08-03 20:05:10,980 [IPC Server listener on 15055] INFO  ipc.Server (Server.java:run(1434)) - Stopping IPC Server listener on 15055
2024-08-03 20:05:10,981 [IPC Server Responder] INFO  ipc.Server (Server.java:run(1567)) - Stopping IPC Server Responder
2024-08-03 20:05:10,984 [omNode-bootstrap-2-InstallSnapshotThread] INFO  om.OzoneManager (OzoneManager.java:installCheckpoint(3824)) - RPC server is stopped. Spend 5 ms.
2024-08-03 20:05:10,984 [omNode-bootstrap-2-InstallSnapshotThread] INFO  rocksdiff.RocksDBCheckpointDiffer (RocksDBCheckpointDiffer.java:close(306)) - Shutting down CompactionDagPruningService.
2024-08-03 20:05:10,985 [grpc-default-executor-3] INFO  impl.SnapshotInstallationHandler (SnapshotInstallationHandler.java:installSnapshot(92)) - omNode-bootstrap-2@group-0AAC5367B30E: receive installSnapshot: omNode-1->omNode-bootstrap-2#0-t1,notify:(t:1, i:0)
2024-08-03 20:05:10,985 [grpc-default-executor-3] INFO  impl.SnapshotInstallationHandler (SnapshotInstallationHandler.java:installSnapshotImpl(138)) - omNode-bootstrap-2@group-0AAC5367B30E: set new configuration configurationEntry {
  peers {
    id: "omNode-3"
    address: "localhost:15023"
    startupRole: FOLLOWER
  }
  peers {
    id: "omNode-1"
    address: "localhost:15015"
    startupRole: FOLLOWER
  }
  peers {
    id: "omNode-2"
    address: "localhost:15019"
    startupRole: FOLLOWER
  }
}
 from snapshot
2024-08-03 20:05:10,985 [grpc-default-executor-3] INFO  server.RaftServer$Division (ServerState.java:setRaftConf(386)) - omNode-bootstrap-2@group-0AAC5367B30E: set configuration conf: {index: 0, cur=peers:[omNode-3|localhost:15023, omNode-1|localhost:15015, omNode-2|localhost:15019]|listeners:[], old=null}
2024-08-03 20:05:10,986 [grpc-default-executor-3] INFO  ratis.OzoneManagerStateMachine (OzoneManagerStateMachine.java:notifyConfigurationChanged(216)) - Received Configuration change notification from Ratis. New Peer list:
[id: "omNode-3"
address: "localhost:15023"
startupRole: FOLLOWER
, id: "omNode-1"
address: "localhost:15015"
startupRole: FOLLOWER
, id: "omNode-2"
address: "localhost:15019"
startupRole: FOLLOWER
]
2024-08-03 20:05:10,987 [grpc-default-executor-3] INFO  impl.SnapshotInstallationHandler (SnapshotInstallationHandler.java:installSnapshot(103)) - omNode-bootstrap-2@group-0AAC5367B30E: reply installSnapshot: omNode-1<-omNode-bootstrap-2#0:FAIL-t1,IN_PROGRESS,snapshotIndex=0
2024-08-03 20:05:10,987 [grpc-default-executor-3] INFO  server.GrpcServerProtocolService (GrpcServerProtocolService.java:onCompleted(157)) - omNode-bootstrap-2: Completed INSTALL_SNAPSHOT, lastRequest: omNode-1->omNode-bootstrap-2#0-t1,notify:(t:1, i:0)
2024-08-03 20:05:10,987 [grpc-default-executor-3] INFO  server.GrpcServerProtocolService (GrpcServerProtocolService.java:lambda$onCompleted$5(159)) - omNode-bootstrap-2: Completed INSTALL_SNAPSHOT, lastReply: null
2024-08-03 20:05:10,988 [omNode-bootstrap-2-server-thread1] INFO  server.RaftServer$Division (RaftServerImpl.java:checkInconsistentAppendEntries(1629)) - omNode-bootstrap-2@group-0AAC5367B30E: Failed appendEntries as snapshot (0) installation is in progress
2024-08-03 20:05:10,988 [omNode-bootstrap-2-server-thread1] INFO  server.RaftServer$Division (RaftServerImpl.java:appendEntriesAsync(1584)) - omNode-bootstrap-2@group-0AAC5367B30E: appendEntries* reply omNode-1<-omNode-bootstrap-2#141:FAIL-t1,INCONSISTENCY,nextIndex=0,followerCommit=-1,matchIndex=-1
2024-08-03 20:05:10,989 [grpc-default-executor-0] INFO  impl.SnapshotInstallationHandler (OzoneManager.java:installCheckpoint(3831)) - metadataManager is stopped. Spend 4 ms.
SnapshotInstallationHandler.java:installSnapshot(92)) - omNode-bootstrap-2@group-0AAC5367B30E: receive installSnapshot: omNode-1->omNode-bootstrap-2#0-t1,notify:(t:1, i:0)
2024-08-03 20:05:10,988 [omNode-bootstrap-2-InstallSnapshotThread] INFO  om.OzoneManager (OzoneManager.java:installCheckpoint(3831)) - metadataManager is stopped. Spend 4 ms.
2024-08-03 20:05:10,989 [grpc-default-executor-0] INFO  impl.SnapshotInstallationHandler (SnapshotInstallationHandler.java:installSnapshotImpl(138)) - omNode-bootstrap-2@group-0AAC5367B30E: set new configuration configurationEntry {
  peers {
    id: "omNode-3"
    address: "localhost:15023"
    startupRole: FOLLOWER
  }
  peers {
    id: "omNode-1"
    address: "localhost:15015"
    startupRole: FOLLOWER
  }
  peers {
    id: "omNode-2"
    address: "localhost:15019"
    startupRole: FOLLOWER
  }
}
 from snapshot
2024-08-03 20:05:10,989 [grpc-default-executor-0] INFO  server.RaftServer$Division (ServerState.java:setRaftConf(386)) - omNode-bootstrap-2@group-0AAC5367B30E: set configuration conf: {index: 0, cur=peers:[omNode-3|localhost:15023, omNode-1|localhost:15015, omNode-2|localhost:15019]|listeners:[], old=null}
2024-08-03 20:05:10,991 [grpc-default-executor-0] INFO  ratis.OzoneManagerStateMachine (OzoneManagerStateMachine.java:notifyConfigurationChanged(216)) - Received Configuration change notification from Ratis. New Peer list:
[id: "omNode-3"
address: "localhost:15023"
startupRole: FOLLOWER
, id: "omNode-1"
address: "localhost:15015"
startupRole: FOLLOWER
, id: "omNode-2"
address: "localhost:15019"
startupRole: FOLLOWER
]
2024-08-03 20:05:10,991 [grpc-default-executor-0] INFO  impl.SnapshotInstallationHandler (SnapshotInstallationHandler.java:installSnapshot(103)) - omNode-bootstrap-2@group-0AAC5367B30E: reply installSnapshot: omNode-1<-omNode-bootstrap-2#0:FAIL-t1,IN_PROGRESS,snapshotIndex=0
2024-08-03 20:05:10,991 [grpc-default-executor-0] INFO  server.GrpcServerProtocolService (GrpcServerProtocolService.java:onCompleted(157)) - omNode-bootstrap-2: Completed INSTALL_SNAPSHOT, lastRequest: omNode-1->omNode-bootstrap-2#0-t1,notify:(t:1, i:0)
2024-08-03 20:05:10,991 [grpc-default-executor-0] INFO  server.GrpcServerProtocolService (GrpcServerProtocolService.java:lambda$onCompleted$5(159)) - omNode-bootstrap-2: Completed INSTALL_SNAPSHOT, lastReply: null
2024-08-03 20:05:10,992 [omNode-bootstrap-2-InstallSnapshotThread] INFO  om.OzoneManager (OzoneManager.java:installCheckpoint(3845)) - Replaced DB with checkpoint from OM: omNode-1, term: 1, index: 7, time: 3 ms
2024-08-03 20:05:10,993 [grpc-default-executor-1] INFO  impl.SnapshotInstallationHandler (SnapshotInstallationHandler.java:installSnapshot(92)) - omNode-bootstrap-2@group-0AAC5367B30E: receive installSnapshot: omNode-1->omNode-bootstrap-2#0-t1,notify:(t:1, i:0)
2024-08-03 20:05:10,992 [omNode-bootstrap-2-server-thread1] INFO  server.RaftServer$Division (RaftServerImpl.java:checkInconsistentAppendEntries(1629)) - omNode-bootstrap-2@group-0AAC5367B30E: Failed appendEntries as snapshot (0) installation is in progress
2024-08-03 20:05:10,994 [omNode-bootstrap-2-server-thread1] INFO  server.RaftServer$Division (RaftServerImpl.java:appendEntriesAsync(1584)) - omNode-bootstrap-2@group-0AAC5367B30E: appendEntries* reply omNode-1<-omNode-bootstrap-2#142:FAIL-t1,INCONSISTENCY,nextIndex=0,followerCommit=-1,matchIndex=-1
2024-08-03 20:05:10,993 [omNode-bootstrap-2-InstallSnapshotThread] INFO  snapshot.SnapshotDiffManager (SnapshotDiffManager.java:closeExecutorService(1657)) - Shutting down executorService: 'SnapDiffExecutor'
2024-08-03 20:05:10,994 [grpc-default-executor-1] INFO  impl.SnapshotInstallationHandler (SnapshotInstallationHandler.java:installSnapshotImpl(138)) - omNode-bootstrap-2@group-0AAC5367B30E: set new configuration configurationEntry {
  peers {
    id: "omNode-3"
    address: "localhost:15023"
    startupRole: FOLLOWER
  }
  peers {
    id: "omNode-1"
    address: "localhost:15015"
    startupRole: FOLLOWER
  }
  peers {
    id: "omNode-2"
    address: "localhost:15019"
    startupRole: FOLLOWER
  }
}
 from snapshot
2024-08-03 20:05:10,994 [grpc-default-executor-1] INFO  server.RaftServer$Division (ServerState.java:setRaftConf(386)) - omNode-bootstrap-2@group-0AAC5367B30E: set configuration conf: {index: 0, cur=peers:[omNode-3|localhost:15023, omNode-1|localhost:15015, omNode-2|localhost:15019]|listeners:[], old=null}
2024-08-03 20:05:10,994 [omNode-bootstrap-2-InstallSnapshotThread] INFO  utils.BackgroundService (BackgroundService.java:shutdown(163)) - Shutting down service SnapshotDiffCleanupService
2024-08-03 20:05:10,996 [grpc-default-executor-1] INFO  ratis.OzoneManagerStateMachine (OzoneManagerStateMachine.java:notifyConfigurationChanged(216)) - Received Configuration change notification from Ratis. New Peer list:
[id: "omNode-3"
address: "localhost:15023"
startupRole: FOLLOWER
, id: "omNode-1"
address: "localhost:15015"
startupRole: FOLLOWER
, id: "omNode-2"
address: "localhost:15019"
startupRole: FOLLOWER
]
2024-08-03 20:05:10,996 [grpc-default-executor-1] INFO  impl.SnapshotInstallationHandler (SnapshotInstallationHandler.java:installSnapshot(103)) - omNode-bootstrap-2@group-0AAC5367B30E: reply installSnapshot: omNode-1<-omNode-bootstrap-2#0:FAIL-t1,IN_PROGRESS,snapshotIndex=0
2024-08-03 20:05:10,996 [grpc-default-executor-1] INFO  server.GrpcServerProtocolService (GrpcServerProtocolService.java:onCompleted(157)) - omNode-bootstrap-2: Completed INSTALL_SNAPSHOT, lastRequest: omNode-1->omNode-bootstrap-2#0-t1,notify:(t:1, i:0)
2024-08-03 20:05:10,996 [grpc-default-executor-1] INFO  server.GrpcServerProtocolService (GrpcServerProtocolService.java:lambda$onCompleted$5(159)) - omNode-bootstrap-2: Completed INSTALL_SNAPSHOT, lastReply: null
2024-08-03 20:05:10,997 [omNode-bootstrap-2-InstallSnapshotThread] WARN  server.ServerUtils (ServerUtils.java:getDBPath(299)) - ozone.om.db.dirs is not configured. We recommend adding this setting. Falling back to ozone.metadata.dirs instead.
2024-08-03 20:05:10,997 [omNode-bootstrap-2-InstallSnapshotThread] INFO  helpers.OmKeyInfo (OmKeyInfo.java:getCodec(72)) - OmKeyInfo.getCodec ignorePipeline = true
2024-08-03 20:05:10,999 [omNode-bootstrap-2-server-thread1] INFO  server.RaftServer$Division (RaftServerImpl.java:checkInconsistentAppendEntries(1629)) - omNode-bootstrap-2@group-0AAC5367B30E: Failed appendEntries as snapshot (0) installation is in progress
2024-08-03 20:05:10,999 [omNode-bootstrap-2-server-thread1] INFO  server.RaftServer$Division (RaftServerImpl.java:appendEntriesAsync(1584)) - omNode-bootstrap-2@group-0AAC5367B30E: appendEntries* reply omNode-1<-omNode-bootstrap-2#143:FAIL-t1,INCONSISTENCY,nextIndex=0,followerCommit=-1,matchIndex=-1
2024-08-03 20:05:11,000 [grpc-default-executor-0] INFO  impl.SnapshotInstallationHandler (SnapshotInstallationHandler.java:installSnapshot(92)) - omNode-bootstrap-2@group-0AAC5367B30E: receive installSnapshot: omNode-1->omNode-bootstrap-2#0-t1,notify:(t:1, i:0)
2024-08-03 20:05:11,000 [grpc-default-executor-0] INFO  impl.SnapshotInstallationHandler (SnapshotInstallationHandler.java:installSnapshotImpl(138)) - omNode-bootstrap-2@group-0AAC5367B30E: set new configuration configurationEntry {
  peers {
    id: "omNode-3"
    address: "localhost:15023"
    startupRole: FOLLOWER
  }
  peers {
    id: "omNode-1"
    address: "localhost:15015"
    startupRole: FOLLOWER
  }
  peers {
    id: "omNode-2"
    address: "localhost:15019"
    startupRole: FOLLOWER
  }
}
 from snapshot
2024-08-03 20:05:11,000 [grpc-default-executor-0] INFO  server.RaftServer$Division (ServerState.java:setRaftConf(386)) - omNode-bootstrap-2@group-0AAC5367B30E: set configuration conf: {index: 0, cur=peers:[omNode-3|localhost:15023, omNode-1|localhost:15015, omNode-2|localhost:15019]|listeners:[], old=null}
2024-08-03 20:05:11,001 [grpc-default-executor-0] INFO  ratis.OzoneManagerStateMachine (OzoneManagerStateMachine.java:notifyConfigurationChanged(216)) - Received Configuration change notification from Ratis. New Peer list:
[id: "omNode-3"
address: "localhost:15023"
startupRole: FOLLOWER
, id: "omNode-1"
address: "localhost:15015"
startupRole: FOLLOWER
, id: "omNode-2"
address: "localhost:15019"
startupRole: FOLLOWER
]
2024-08-03 20:05:11,002 [grpc-default-executor-0] INFO  impl.SnapshotInstallationHandler (SnapshotInstallationHandler.java:installSnapshot(103)) - omNode-bootstrap-2@group-0AAC5367B30E: reply installSnapshot: omNode-1<-omNode-bootstrap-2#0:FAIL-t1,IN_PROGRESS,snapshotIndex=0
2024-08-03 20:05:11,002 [grpc-default-executor-0] INFO  server.GrpcServerProtocolService (GrpcServerProtocolService.java:onCompleted(157)) - omNode-bootstrap-2: Completed INSTALL_SNAPSHOT, lastRequest: omNode-1->omNode-bootstrap-2#0-t1,notify:(t:1, i:0)
2024-08-03 20:05:11,002 [grpc-default-executor-0] INFO  server.GrpcServerProtocolService (GrpcServerProtocolService.java:lambda$onCompleted$5(159)) - omNode-bootstrap-2: Completed INSTALL_SNAPSHOT, lastReply: null
2024-08-03 20:05:11,003 [omNode-bootstrap-2-server-thread1] INFO  server.RaftServer$Division (RaftServerImpl.java:checkInconsistentAppendEntries(1629)) - omNode-bootstrap-2@group-0AAC5367B30E: Failed appendEntries as snapshot (0) installation is in progress
2024-08-03 20:05:11,003 [omNode-bootstrap-2-server-thread1] INFO  server.RaftServer$Division (RaftServerImpl.java:appendEntriesAsync(1584)) - omNode-bootstrap-2@group-0AAC5367B30E: appendEntries* reply omNode-1<-omNode-bootstrap-2#144:FAIL-t1,INCONSISTENCY,nextIndex=0,followerCommit=-1,matchIndex=-1
2024-08-03 20:05:11,004 [grpc-default-executor-0] INFO  impl.SnapshotInstallationHandler (SnapshotInstallationHandler.java:installSnapshot(92)) - omNode-bootstrap-2@group-0AAC5367B30E: receive installSnapshot: omNode-1->omNode-bootstrap-2#0-t1,notify:(t:1, i:0)
2024-08-03 20:05:11,005 [grpc-default-executor-0] INFO  impl.SnapshotInstallationHandler (SnapshotInstallationHandler.java:installSnapshotImpl(138)) - omNode-bootstrap-2@group-0AAC5367B30E: set new configuration configurationEntry {
  peers {
    id: "omNode-3"
    address: "localhost:15023"
    startupRole: FOLLOWER
  }
  peers {
    id: "omNode-1"
    address: "localhost:15015"
    startupRole: FOLLOWER
  }
  peers {
    id: "omNode-2"
    address: "localhost:15019"
    startupRole: FOLLOWER
  }
}
 from snapshot
2024-08-03 20:05:11,005 [grpc-default-executor-0] INFO  server.RaftServer$Division (ServerState.java:setRaftConf(386)) - omNode-bootstrap-2@group-0AAC5367B30E: set configuration conf: {index: 0, cur=peers:[omNode-3|localhost:15023, omNode-1|localhost:15015, omNode-2|localhost:15019]|listeners:[], old=null}
2024-08-03 20:05:11,007 [grpc-default-executor-0] INFO  ratis.OzoneManagerStateMachine (OzoneManagerStateMachine.java:notifyConfigurationChanged(216)) - Received Configuration change notification from Ratis. New Peer list:
[id: "omNode-3"
address: "localhost:15023"
startupRole: FOLLOWER
, id: "omNode-1"
address: "localhost:15015"
startupRole: FOLLOWER
, id: "omNode-2"
address: "localhost:15019"
startupRole: FOLLOWER
]
2024-08-03 20:05:11,007 [grpc-default-executor-0] INFO  impl.SnapshotInstallationHandler (SnapshotInstallationHandler.java:installSnapshot(103)) - omNode-bootstrap-2@group-0AAC5367B30E: reply installSnapshot: omNode-1<-omNode-bootstrap-2#0:FAIL-t1,IN_PROGRESS,snapshotIndex=0
2024-08-03 20:05:11,007 [grpc-default-executor-0] INFO  server.GrpcServerProtocolService (GrpcServerProtocolService.java:onCompleted(157)) - omNode-bootstrap-2: Completed INSTALL_SNAPSHOT, lastRequest: omNode-1->omNode-bootstrap-2#0-t1,notify:(t:1, i:0)
2024-08-03 20:05:11,007 [grpc-default-executor-0] INFO  server.GrpcServerProtocolService (GrpcServerProtocolService.java:lambda$onCompleted$5(159)) - omNode-bootstrap-2: Completed INSTALL_SNAPSHOT, lastReply: null
2024-08-03 20:05:11,008 [omNode-bootstrap-2-server-thread1] INFO  server.RaftServer$Division (RaftServerImpl.java:checkInconsistentAppendEntries(1629)) - omNode-bootstrap-2@group-0AAC5367B30E: Failed appendEntries as snapshot (0) installation is in progress
2024-08-03 20:05:11,008 [omNode-bootstrap-2-server-thread1] INFO  server.RaftServer$Division (RaftServerImpl.java:appendEntriesAsync(1584)) - omNode-bootstrap-2@group-0AAC5367B30E: appendEntries* reply omNode-1<-omNode-bootstrap-2#145:FAIL-t1,INCONSISTENCY,nextIndex=0,followerCommit=-1,matchIndex=-1
2024-08-03 20:05:11,010 [grpc-default-executor-0] INFO  impl.SnapshotInstallationHandler (SnapshotInstallationHandler.java:installSnapshot(92)) - omNode-bootstrap-2@group-0AAC5367B30E: receive installSnapshot: omNode-1->omNode-bootstrap-2#0-t1,notify:(t:1, i:0)
2024-08-03 20:05:11,010 [grpc-default-executor-0] INFO  impl.SnapshotInstallationHandler (SnapshotInstallationHandler.java:installSnapshotImpl(138)) - omNode-bootstrap-2@group-0AAC5367B30E: set new configuration configurationEntry {
  peers {
    id: "omNode-3"
    address: "localhost:15023"
    startupRole: FOLLOWER
  }
  peers {
    id: "omNode-1"
    address: "localhost:15015"
    startupRole: FOLLOWER
  }
  peers {
    id: "omNode-2"
    address: "localhost:15019"
    startupRole: FOLLOWER
  }
}
 from snapshot
2024-08-03 20:05:11,010 [grpc-default-executor-0] INFO  server.RaftServer$Division (ServerState.java:setRaftConf(386)) - omNode-bootstrap-2@group-0AAC5367B30E: set configuration conf: {index: 0, cur=peers:[omNode-3|localhost:15023, omNode-1|localhost:15015, omNode-2|localhost:15019]|listeners:[], old=null}
2024-08-03 20:05:11,011 [grpc-default-executor-0] INFO  ratis.OzoneManagerStateMachine (OzoneManagerStateMachine.java:notifyConfigurationChanged(216)) - Received Configuration change notification from Ratis. New Peer list:
[id: "omNode-3"
address: "localhost:15023"
startupRole: FOLLOWER
, id: "omNode-1"
address: "localhost:15015"
startupRole: FOLLOWER
, id: "omNode-2"
address: "localhost:15019"
startupRole: FOLLOWER
]
2024-08-03 20:05:11,012 [grpc-default-executor-0] INFO  impl.SnapshotInstallationHandler (SnapshotInstallationHandler.java:installSnapshot(103)) - omNode-bootstrap-2@group-0AAC5367B30E: reply installSnapshot: omNode-1<-omNode-bootstrap-2#0:FAIL-t1,IN_PROGRESS,snapshotIndex=0
2024-08-03 20:05:11,012 [grpc-default-executor-0] INFO  server.GrpcServerProtocolService (GrpcServerProtocolService.java:onCompleted(157)) - omNode-bootstrap-2: Completed INSTALL_SNAPSHOT, lastRequest: omNode-1->omNode-bootstrap-2#0-t1,notify:(t:1, i:0)
2024-08-03 20:05:11,012 [grpc-default-executor-0] INFO  server.GrpcServerProtocolService (GrpcServerProtocolService.java:lambda$onCompleted$5(159)) - omNode-bootstrap-2: Completed INSTALL_SNAPSHOT, lastReply: null
2024-08-03 20:05:11,013 [omNode-bootstrap-2-server-thread1] INFO  server.RaftServer$Division (RaftServerImpl.java:checkInconsistentAppendEntries(1629)) - omNode-bootstrap-2@group-0AAC5367B30E: Failed appendEntries as snapshot (0) installation is in progress
2024-08-03 20:05:11,013 [omNode-bootstrap-2-server-thread1] INFO  server.RaftServer$Division (RaftServerImpl.java:appendEntriesAsync(1584)) - omNode-bootstrap-2@group-0AAC5367B30E: appendEntries* reply omNode-1<-omNode-bootstrap-2#146:FAIL-t1,INCONSISTENCY,nextIndex=0,followerCommit=-1,matchIndex=-1
2024-08-03 20:05:11,015 [grpc-default-executor-0] INFO  impl.SnapshotInstallationHandler (SnapshotInstallationHandler.java:installSnapshot(92)) - omNode-bootstrap-2@group-0AAC5367B30E: receive installSnapshot: omNode-1->omNode-bootstrap-2#0-t1,notify:(t:1, i:0)
2024-08-03 20:05:11,015 [grpc-default-executor-0] INFO  impl.SnapshotInstallationHandler (SnapshotInstallationHandler.java:installSnapshotImpl(138)) - omNode-bootstrap-2@group-0AAC5367B30E: set new configuration configurationEntry {
  peers {
    id: "omNode-3"
    address: "localhost:15023"
    startupRole: FOLLOWER
  }
  peers {
    id: "omNode-1"
    address: "localhost:15015"
    startupRole: FOLLOWER
  }
  peers {
    id: "omNode-2"
    address: "localhost:15019"
    startupRole: FOLLOWER
  }
}
 from snapshot
2024-08-03 20:05:11,015 [grpc-default-executor-0] INFO  server.RaftServer$Division (ServerState.java:setRaftConf(386)) - omNode-bootstrap-2@group-0AAC5367B30E: set configuration conf: {index: 0, cur=peers:[omNode-3|localhost:15023, omNode-1|localhost:15015, omNode-2|localhost:15019]|listeners:[], old=null}
2024-08-03 20:05:11,017 [grpc-default-executor-0] INFO  ratis.OzoneManagerStateMachine (OzoneManagerStateMachine.java:notifyConfigurationChanged(216)) - Received Configuration change notification from Ratis. New Peer list:
[id: "omNode-3"
address: "localhost:15023"
startupRole: FOLLOWER
, id: "omNode-1"
address: "localhost:15015"
startupRole: FOLLOWER
, id: "omNode-2"
address: "localhost:15019"
startupRole: FOLLOWER
]
2024-08-03 20:05:11,017 [grpc-default-executor-0] INFO  impl.SnapshotInstallationHandler (SnapshotInstallationHandler.java:installSnapshot(103)) - omNode-bootstrap-2@group-0AAC5367B30E: reply installSnapshot: omNode-1<-omNode-bootstrap-2#0:FAIL-t1,IN_PROGRESS,snapshotIndex=0
2024-08-03 20:05:11,018 [grpc-default-executor-0] INFO  server.GrpcServerProtocolService (GrpcServerProtocolService.java:onCompleted(157)) - omNode-bootstrap-2: Completed INSTALL_SNAPSHOT, lastRequest: omNode-1->omNode-bootstrap-2#0-t1,notify:(t:1, i:0)
2024-08-03 20:05:11,018 [grpc-default-executor-0] INFO  server.GrpcServerProtocolService (GrpcServerProtocolService.java:lambda$onCompleted$5(159)) - omNode-bootstrap-2: Completed INSTALL_SNAPSHOT, lastReply: null
2024-08-03 20:05:11,019 [grpc-default-executor-1] INFO  impl.SnapshotInstallationHandler (SnapshotInstallationHandler.java:installSnapshot(92)) - omNode-bootstrap-2@group-0AAC5367B30E: receive installSnapshot: omNode-1->omNode-bootstrap-2#0-t1,notify:(t:1, i:0)
2024-08-03 20:05:11,019 [omNode-bootstrap-2-server-thread1] INFO  server.RaftServer$Division (RaftServerImpl.java:checkInconsistentAppendEntries(1629)) - omNode-bootstrap-2@group-0AAC5367B30E: Failed appendEntries as snapshot (0) installation is in progress
2024-08-03 20:05:11,019 [omNode-bootstrap-2-server-thread1] INFO  server.RaftServer$Division (RaftServerImpl.java:appendEntriesAsync(1584)) - omNode-bootstrap-2@group-0AAC5367B30E: appendEntries* reply omNode-1<-omNode-bootstrap-2#147:FAIL-t1,INCONSISTENCY,nextIndex=0,followerCommit=-1,matchIndex=-1
2024-08-03 20:05:11,020 [grpc-default-executor-1] INFO  impl.SnapshotInstallationHandler (SnapshotInstallationHandler.java:installSnapshotImpl(138)) - omNode-bootstrap-2@group-0AAC5367B30E: set new configuration configurationEntry {
  peers {
    id: "omNode-3"
    address: "localhost:15023"
    startupRole: FOLLOWER
  }
  peers {
    id: "omNode-1"
    address: "localhost:15015"
    startupRole: FOLLOWER
  }
  peers {
    id: "omNode-2"
    address: "localhost:15019"
    startupRole: FOLLOWER
  }
}
 from snapshot
2024-08-03 20:05:11,020 [grpc-default-executor-1] INFO  server.RaftServer$Division (ServerState.java:setRaftConf(386)) - omNode-bootstrap-2@group-0AAC5367B30E: set configuration conf: {index: 0, cur=peers:[omNode-3|localhost:15023, omNode-1|localhost:15015, omNode-2|localhost:15019]|listeners:[], old=null}
2024-08-03 20:05:11,022 [grpc-default-executor-1] INFO  ratis.OzoneManagerStateMachine (OzoneManagerStateMachine.java:notifyConfigurationChanged(216)) - Received Configuration change notification from Ratis. New Peer list:
[id: "omNode-3"
address: "localhost:15023"
startupRole: FOLLOWER
, id: "omNode-1"
address: "localhost:15015"
startupRole: FOLLOWER
, id: "omNode-2"
address: "localhost:15019"
startupRole: FOLLOWER
]
2024-08-03 20:05:11,022 [grpc-default-executor-1] INFO  impl.SnapshotInstallationHandler (SnapshotInstallationHandler.java:installSnapshot(103)) - omNode-bootstrap-2@group-0AAC5367B30E: reply installSnapshot: omNode-1<-omNode-bootstrap-2#0:FAIL-t1,IN_PROGRESS,snapshotIndex=0
2024-08-03 20:05:11,022 [grpc-default-executor-1] INFO  server.GrpcServerProtocolService (GrpcServerProtocolService.java:onCompleted(157)) - omNode-bootstrap-2: Completed INSTALL_SNAPSHOT, lastRequest: omNode-1->omNode-bootstrap-2#0-t1,notify:(t:1, i:0)
2024-08-03 20:05:11,022 [grpc-default-executor-1] INFO  server.GrpcServerProtocolService (GrpcServerProtocolService.java:lambda$onCompleted$5(159)) - omNode-bootstrap-2: Completed INSTALL_SNAPSHOT, lastReply: null
2024-08-03 20:05:11,024 [grpc-default-executor-3] INFO  impl.SnapshotInstallationHandler (SnapshotInstallationHandler.java:installSnapshot(92)) - omNode-bootstrap-2@group-0AAC5367B30E: receive installSnapshot: omNode-1->omNode-bootstrap-2#0-t1,notify:(t:1, i:0)
2024-08-03 20:05:11,024 [grpc-default-executor-3] INFO  impl.SnapshotInstallationHandler (SnapshotInstallationHandler.java:installSnapshotImpl(138)) - omNode-bootstrap-2@group-0AAC5367B30E: set new configuration configurationEntry {
  peers {
    id: "omNode-3"
    address: "localhost:15023"
    startupRole: FOLLOWER
  }
  peers {
    id: "omNode-1"
    address: "localhost:15015"
    startupRole: FOLLOWER
  }
  peers {
    id: "omNode-2"
    address: "localhost:15019"
    startupRole: FOLLOWER
  }
}
 from snapshot
2024-08-03 20:05:11,025 [grpc-default-executor-3] INFO  server.RaftServer$Division (ServerState.java:setRaftConf(386)) - omNode-bootstrap-2@group-0AAC5367B30E: set configuration conf: {index: 0, cur=peers:[omNode-3|localhost:15023, omNode-1|localhost:15015, omNode-2|localhost:15019]|listeners:[], old=null}
2024-08-03 20:05:11,025 [omNode-bootstrap-2-server-thread1] INFO  server.RaftServer$Division (RaftServerImpl.java:checkInconsistentAppendEntries(1629)) - omNode-bootstrap-2@group-0AAC5367B30E: Failed appendEntries as snapshot (0) installation is in progress
2024-08-03 20:05:11,025 [omNode-bootstrap-2-server-thread1] INFO  server.RaftServer$Division (RaftServerImpl.java:appendEntriesAsync(1584)) - omNode-bootstrap-2@group-0AAC5367B30E: appendEntries* reply omNode-1<-omNode-bootstrap-2#148:FAIL-t1,INCONSISTENCY,nextIndex=0,followerCommit=-1,matchIndex=-1
2024-08-03 20:05:11,026 [grpc-default-executor-3] INFO  ratis.OzoneManagerStateMachine (OzoneManagerStateMachine.java:notifyConfigurationChanged(216)) - Received Configuration change notification from Ratis. New Peer list:
[id: "omNode-3"
address: "localhost:15023"
startupRole: FOLLOWER
, id: "omNode-1"
address: "localhost:15015"
startupRole: FOLLOWER
, id: "omNode-2"
address: "localhost:15019"
startupRole: FOLLOWER
]
2024-08-03 20:05:11,026 [grpc-default-executor-3] INFO  impl.SnapshotInstallationHandler (SnapshotInstallationHandler.java:installSnapshot(103)) - omNode-bootstrap-2@group-0AAC5367B30E: reply installSnapshot: omNode-1<-omNode-bootstrap-2#0:FAIL-t1,IN_PROGRESS,snapshotIndex=0
2024-08-03 20:05:11,026 [grpc-default-executor-3] INFO  server.GrpcServerProtocolService (GrpcServerProtocolService.java:onCompleted(157)) - omNode-bootstrap-2: Completed INSTALL_SNAPSHOT, lastRequest: omNode-1->omNode-bootstrap-2#0-t1,notify:(t:1, i:0)
2024-08-03 20:05:11,026 [grpc-default-executor-3] INFO  server.GrpcServerProtocolService (GrpcServerProtocolService.java:lambda$onCompleted$5(159)) - omNode-bootstrap-2: Completed INSTALL_SNAPSHOT, lastReply: null
2024-08-03 20:05:11,028 [grpc-default-executor-1] INFO  impl.SnapshotInstallationHandler (SnapshotInstallationHandler.java:installSnapshot(92)) - omNode-bootstrap-2@group-0AAC5367B30E: receive installSnapshot: omNode-1->omNode-bootstrap-2#0-t1,notify:(t:1, i:0)
2024-08-03 20:05:11,028 [grpc-default-executor-1] INFO  impl.SnapshotInstallationHandler (SnapshotInstallationHandler.java:installSnapshotImpl(138)) - omNode-bootstrap-2@group-0AAC5367B30E: set new configuration configurationEntry {
  peers {
    id: "omNode-3"
    address: "localhost:15023"
    startupRole: FOLLOWER
  }
  peers {
    id: "omNode-1"
    address: "localhost:15015"
    startupRole: FOLLOWER
  }
  peers {
    id: "omNode-2"
    address: "localhost:15019"
    startupRole: FOLLOWER
  }
}
 from snapshot
2024-08-03 20:05:11,028 [grpc-default-executor-1] INFO  server.RaftServer$Division (ServerState.java:setRaftConf(386)) - omNode-bootstrap-2@group-0AAC5367B30E: set configuration conf: {index: 0, cur=peers:[omNode-3|localhost:15023, omNode-1|localhost:15015, omNode-2|localhost:15019]|listeners:[], old=null}
2024-08-03 20:05:11,029 [omNode-bootstrap-2-server-thread1] INFO  server.RaftServer$Division (RaftServerImpl.java:checkInconsistentAppendEntries(1629)) - omNode-bootstrap-2@group-0AAC5367B30E: Failed appendEntries as snapshot (0) installation is in progress
2024-08-03 20:05:11,029 [omNode-bootstrap-2-server-thread1] INFO  server.RaftServer$Division (RaftServerImpl.java:appendEntriesAsync(1584)) - omNode-bootstrap-2@group-0AAC5367B30E: appendEntries* reply omNode-1<-omNode-bootstrap-2#149:FAIL-t1,INCONSISTENCY,nextIndex=0,followerCommit=-1,matchIndex=-1
2024-08-03 20:05:11,030 [grpc-default-executor-1] INFO  ratis.OzoneManagerStateMachine (OzoneManagerStateMachine.java:notifyConfigurationChanged(216)) - Received Configuration change notification from Ratis. New Peer list:
[id: "omNode-3"
address: "localhost:15023"
startupRole: FOLLOWER
, id: "omNode-1"
address: "localhost:15015"
startupRole: FOLLOWER
, id: "omNode-2"
address: "localhost:15019"
startupRole: FOLLOWER
]
2024-08-03 20:05:11,030 [grpc-default-executor-1] INFO  impl.SnapshotInstallationHandler (SnapshotInstallationHandler.java:installSnapshot(103)) - omNode-bootstrap-2@group-0AAC5367B30E: reply installSnapshot: omNode-1<-omNode-bootstrap-2#0:FAIL-t1,IN_PROGRESS,snapshotIndex=0
2024-08-03 20:05:11,030 [grpc-default-executor-1] INFO  server.GrpcServerProtocolService (GrpcServerProtocolService.java:onCompleted(157)) - omNode-bootstrap-2: Completed INSTALL_SNAPSHOT, lastRequest: omNode-1->omNode-bootstrap-2#0-t1,notify:(t:1, i:0)
2024-08-03 20:05:11,030 [grpc-default-executor-1] INFO  server.GrpcServerProtocolService (GrpcServerProtocolService.java:lambda$onCompleted$5(159)) - omNode-bootstrap-2: Completed INSTALL_SNAPSHOT, lastReply: null
2024-08-03 20:05:11,032 [grpc-default-executor-3] INFO  impl.SnapshotInstallationHandler (SnapshotInstallationHandler.java:installSnapshot(92)) - omNode-bootstrap-2@group-0AAC5367B30E: receive installSnapshot: omNode-1->omNode-bootstrap-2#0-t1,notify:(t:1, i:0)
2024-08-03 20:05:11,032 [grpc-default-executor-3] INFO  impl.SnapshotInstallationHandler (SnapshotInstallationHandler.java:installSnapshotImpl(138)) - omNode-bootstrap-2@group-0AAC5367B30E: set new configuration configurationEntry {
  peers {
    id: "omNode-3"
    address: "localhost:15023"
    startupRole: FOLLOWER
  }
  peers {
    id: "omNode-1"
    address: "localhost:15015"
    startupRole: FOLLOWER
  }
  peers {
    id: "omNode-2"
    address: "localhost:15019"
    startupRole: FOLLOWER
  }
}
 from snapshot
2024-08-03 20:05:11,032 [grpc-default-executor-3] INFO  server.RaftServer$Division (ServerState.java:setRaftConf(386)) - omNode-bootstrap-2@group-0AAC5367B30E: set configuration conf: {index: 0, cur=peers:[omNode-3|localhost:15023, omNode-1|localhost:15015, omNode-2|localhost:15019]|listeners:[], old=null}
2024-08-03 20:05:11,033 [omNode-bootstrap-2-server-thread1] INFO  server.RaftServer$Division (RaftServerImpl.java:checkInconsistentAppendEntries(1629)) - omNode-bootstrap-2@group-0AAC5367B30E: Failed appendEntries as snapshot (0) installation is in progress
2024-08-03 20:05:11,033 [omNode-bootstrap-2-server-thread1] INFO  server.RaftServer$Division (RaftServerImpl.java:appendEntriesAsync(1584)) - omNode-bootstrap-2@group-0AAC5367B30E: appendEntries* reply omNode-1<-omNode-bootstrap-2#150:FAIL-t1,INCONSISTENCY,nextIndex=0,followerCommit=-1,matchIndex=-1
2024-08-03 20:05:11,034 [grpc-default-executor-3] INFO  ratis.OzoneManagerStateMachine (OzoneManagerStateMachine.java:notifyConfigurationChanged(216)) - Received Configuration change notification from Ratis. New Peer list:
[id: "omNode-3"
address: "localhost:15023"
startupRole: FOLLOWER
, id: "omNode-1"
address: "localhost:15015"
startupRole: FOLLOWER
, id: "omNode-2"
address: "localhost:15019"
startupRole: FOLLOWER
]
2024-08-03 20:05:11,034 [grpc-default-executor-3] INFO  impl.SnapshotInstallationHandler (SnapshotInstallationHandler.java:installSnapshot(103)) - omNode-bootstrap-2@group-0AAC5367B30E: reply installSnapshot: omNode-1<-omNode-bootstrap-2#0:FAIL-t1,IN_PROGRESS,snapshotIndex=0
2024-08-03 20:05:11,034 [grpc-default-executor-3] INFO  server.GrpcServerProtocolService (GrpcServerProtocolService.java:onCompleted(157)) - omNode-bootstrap-2: Completed INSTALL_SNAPSHOT, lastRequest: omNode-1->omNode-bootstrap-2#0-t1,notify:(t:1, i:0)
2024-08-03 20:05:11,034 [grpc-default-executor-3] INFO  server.GrpcServerProtocolService (GrpcServerProtocolService.java:lambda$onCompleted$5(159)) - omNode-bootstrap-2: Completed INSTALL_SNAPSHOT, lastReply: null
2024-08-03 20:05:11,036 [grpc-default-executor-1] INFO  impl.SnapshotInstallationHandler (SnapshotInstallationHandler.java:installSnapshot(92)) - omNode-bootstrap-2@group-0AAC5367B30E: receive installSnapshot: omNode-1->omNode-bootstrap-2#0-t1,notify:(t:1, i:0)
2024-08-03 20:05:11,036 [grpc-default-executor-1] INFO  impl.SnapshotInstallationHandler (SnapshotInstallationHandler.java:installSnapshotImpl(138)) - omNode-bootstrap-2@group-0AAC5367B30E: set new configuration configurationEntry {
  peers {
    id: "omNode-3"
    address: "localhost:15023"
    startupRole: FOLLOWER
  }
  peers {
    id: "omNode-1"
    address: "localhost:15015"
    startupRole: FOLLOWER
  }
  peers {
    id: "omNode-2"
    address: "localhost:15019"
    startupRole: FOLLOWER
  }
}
 from snapshot
2024-08-03 20:05:11,036 [grpc-default-executor-1] INFO  server.RaftServer$Division (ServerState.java:setRaftConf(386)) - omNode-bootstrap-2@group-0AAC5367B30E: set configuration conf: {index: 0, cur=peers:[omNode-3|localhost:15023, omNode-1|localhost:15015, omNode-2|localhost:15019]|listeners:[], old=null}
2024-08-03 20:05:11,037 [omNode-bootstrap-2-server-thread1] INFO  server.RaftServer$Division (RaftServerImpl.java:checkInconsistentAppendEntries(1629)) - omNode-bootstrap-2@group-0AAC5367B30E: Failed appendEntries as snapshot (0) installation is in progress
2024-08-03 20:05:11,037 [omNode-bootstrap-2-server-thread1] INFO  server.RaftServer$Division (RaftServerImpl.java:appendEntriesAsync(1584)) - omNode-bootstrap-2@group-0AAC5367B30E: appendEntries* reply omNode-1<-omNode-bootstrap-2#151:FAIL-t1,INCONSISTENCY,nextIndex=0,followerCommit=-1,matchIndex=-1
2024-08-03 20:05:11,038 [grpc-default-executor-1] INFO  ratis.OzoneManagerStateMachine (OzoneManagerStateMachine.java:notifyConfigurationChanged(216)) - Received Configuration change notification from Ratis. New Peer list:
[id: "omNode-3"
address: "localhost:15023"
startupRole: FOLLOWER
, id: "omNode-1"
address: "localhost:15015"
startupRole: FOLLOWER
, id: "omNode-2"
address: "localhost:15019"
startupRole: FOLLOWER
]
2024-08-03 20:05:11,038 [grpc-default-executor-1] INFO  impl.SnapshotInstallationHandler (SnapshotInstallationHandler.java:installSnapshot(103)) - omNode-bootstrap-2@group-0AAC5367B30E: reply installSnapshot: omNode-1<-omNode-bootstrap-2#0:FAIL-t1,IN_PROGRESS,snapshotIndex=0
2024-08-03 20:05:11,038 [grpc-default-executor-1] INFO  server.GrpcServerProtocolService (GrpcServerProtocolService.java:onCompleted(157)) - omNode-bootstrap-2: Completed INSTALL_SNAPSHOT, lastRequest: omNode-1->omNode-bootstrap-2#0-t1,notify:(t:1, i:0)
2024-08-03 20:05:11,038 [grpc-default-executor-1] INFO  server.GrpcServerProtocolService (GrpcServerProtocolService.java:lambda$onCompleted$5(159)) - omNode-bootstrap-2: Completed INSTALL_SNAPSHOT, lastReply: null
2024-08-03 20:05:11,040 [grpc-default-executor-3] INFO  impl.SnapshotInstallationHandler (SnapshotInstallationHandler.java:installSnapshot(92)) - omNode-bootstrap-2@group-0AAC5367B30E: receive installSnapshot: omNode-1->omNode-bootstrap-2#0-t1,notify:(t:1, i:0)
2024-08-03 20:05:11,040 [grpc-default-executor-3] INFO  impl.SnapshotInstallationHandler (SnapshotInstallationHandler.java:installSnapshotImpl(138)) - omNode-bootstrap-2@group-0AAC5367B30E: set new configuration configurationEntry {
  peers {
    id: "omNode-3"
    address: "localhost:15023"
    startupRole: FOLLOWER
  }
  peers {
    id: "omNode-1"
    address: "localhost:15015"
    startupRole: FOLLOWER
  }
  peers {
    id: "omNode-2"
    address: "localhost:15019"
    startupRole: FOLLOWER
  }
}
 from snapshot
2024-08-03 20:05:11,040 [grpc-default-executor-3] INFO  server.RaftServer$Division (ServerState.java:setRaftConf(386)) - omNode-bootstrap-2@group-0AAC5367B30E: set configuration conf: {index: 0, cur=peers:[omNode-3|localhost:15023, omNode-1|localhost:15015, omNode-2|localhost:15019]|listeners:[], old=null}
2024-08-03 20:05:11,041 [omNode-bootstrap-2-server-thread1] INFO  server.RaftServer$Division (RaftServerImpl.java:checkInconsistentAppendEntries(1629)) - omNode-bootstrap-2@group-0AAC5367B30E: Failed appendEntries as snapshot (0) installation is in progress
2024-08-03 20:05:11,041 [omNode-bootstrap-2-server-thread1] INFO  server.RaftServer$Division (RaftServerImpl.java:appendEntriesAsync(1584)) - omNode-bootstrap-2@group-0AAC5367B30E: appendEntries* reply omNode-1<-omNode-bootstrap-2#152:FAIL-t1,INCONSISTENCY,nextIndex=0,followerCommit=-1,matchIndex=-1
2024-08-03 20:05:11,043 [grpc-default-executor-3] INFO  ratis.OzoneManagerStateMachine (OzoneManagerStateMachine.java:notifyConfigurationChanged(216)) - Received Configuration change notification from Ratis. New Peer list:
[id: "omNode-3"
address: "localhost:15023"
startupRole: FOLLOWER
, id: "omNode-1"
address: "localhost:15015"
startupRole: FOLLOWER
, id: "omNode-2"
address: "localhost:15019"
startupRole: FOLLOWER
]
2024-08-03 20:05:11,043 [grpc-default-executor-3] INFO  impl.SnapshotInstallationHandler (SnapshotInstallationHandler.java:installSnapshot(103)) - omNode-bootstrap-2@group-0AAC5367B30E: reply installSnapshot: omNode-1<-omNode-bootstrap-2#0:FAIL-t1,IN_PROGRESS,snapshotIndex=0
2024-08-03 20:05:11,043 [grpc-default-executor-3] INFO  server.GrpcServerProtocolService (GrpcServerProtocolService.java:onCompleted(157)) - omNode-bootstrap-2: Completed INSTALL_SNAPSHOT, lastRequest: omNode-1->omNode-bootstrap-2#0-t1,notify:(t:1, i:0)
2024-08-03 20:05:11,043 [grpc-default-executor-3] INFO  server.GrpcServerProtocolService (GrpcServerProtocolService.java:lambda$onCompleted$5(159)) - omNode-bootstrap-2: Completed INSTALL_SNAPSHOT, lastReply: null
2024-08-03 20:05:11,045 [omNode-bootstrap-2-server-thread1] INFO  server.RaftServer$Division (RaftServerImpl.java:checkInconsistentAppendEntries(1629)) - omNode-bootstrap-2@group-0AAC5367B30E: Failed appendEntries as snapshot (0) installation is in progress
2024-08-03 20:05:11,045 [omNode-bootstrap-2-server-thread1] INFO  server.RaftServer$Division (RaftServerImpl.java:appendEntriesAsync(1584)) - omNode-bootstrap-2@group-0AAC5367B30E: appendEntries* reply omNode-1<-omNode-bootstrap-2#153:FAIL-t1,INCONSISTENCY,nextIndex=0,followerCommit=-1,matchIndex=-1
2024-08-03 20:05:11,049 [grpc-default-executor-3] INFO  impl.SnapshotInstallationHandler (SnapshotInstallationHandler.java:installSnapshot(92)) - omNode-bootstrap-2@group-0AAC5367B30E: receive installSnapshot: omNode-1->omNode-bootstrap-2#0-t1,notify:(t:1, i:0)
2024-08-03 20:05:11,050 [grpc-default-executor-3] INFO  impl.SnapshotInstallationHandler (SnapshotInstallationHandler.java:installSnapshotImpl(138)) - omNode-bootstrap-2@group-0AAC5367B30E: set new configuration configurationEntry {
  peers {
    id: "omNode-3"
    address: "localhost:15023"
    startupRole: FOLLOWER
  }
  peers {
    id: "omNode-1"
    address: "localhost:15015"
    startupRole: FOLLOWER
  }
  peers {
    id: "omNode-2"
    address: "localhost:15019"
    startupRole: FOLLOWER
  }
}
 from snapshot
2024-08-03 20:05:11,050 [grpc-default-executor-3] INFO  server.RaftServer$Division (ServerState.java:setRaftConf(386)) - omNode-bootstrap-2@group-0AAC5367B30E: set configuration conf: {index: 0, cur=peers:[omNode-3|localhost:15023, omNode-1|localhost:15015, omNode-2|localhost:15019]|listeners:[], old=null}
2024-08-03 20:05:11,051 [grpc-default-executor-3] INFO  ratis.OzoneManagerStateMachine (OzoneManagerStateMachine.java:notifyConfigurationChanged(216)) - Received Configuration change notification from Ratis. New Peer list:
[id: "omNode-3"
address: "localhost:15023"
startupRole: FOLLOWER
, id: "omNode-1"
address: "localhost:15015"
startupRole: FOLLOWER
, id: "omNode-2"
address: "localhost:15019"
startupRole: FOLLOWER
]
2024-08-03 20:05:11,051 [grpc-default-executor-3] INFO  impl.SnapshotInstallationHandler (SnapshotInstallationHandler.java:installSnapshot(103)) - omNode-bootstrap-2@group-0AAC5367B30E: reply installSnapshot: omNode-1<-omNode-bootstrap-2#0:FAIL-t1,IN_PROGRESS,snapshotIndex=0
2024-08-03 20:05:11,051 [grpc-default-executor-3] INFO  server.GrpcServerProtocolService (GrpcServerProtocolService.java:onCompleted(157)) - omNode-bootstrap-2: Completed INSTALL_SNAPSHOT, lastRequest: omNode-1->omNode-bootstrap-2#0-t1,notify:(t:1, i:0)
2024-08-03 20:05:11,051 [grpc-default-executor-3] INFO  server.GrpcServerProtocolService (GrpcServerProtocolService.java:lambda$onCompleted$5(159)) - omNode-bootstrap-2: Completed INSTALL_SNAPSHOT, lastReply: null
2024-08-03 20:05:11,052 [omNode-bootstrap-2-server-thread1] INFO  server.RaftServer$Division (RaftServerImpl.java:checkInconsistentAppendEntries(1629)) - omNode-bootstrap-2@group-0AAC5367B30E: Failed appendEntries as snapshot (0) installation is in progress
2024-08-03 20:05:11,052 [omNode-bootstrap-2-server-thread1] INFO  server.RaftServer$Division (RaftServerImpl.java:appendEntriesAsync(1584)) - omNode-bootstrap-2@group-0AAC5367B30E: appendEntries* reply omNode-1<-omNode-bootstrap-2#154:FAIL-t1,INCONSISTENCY,nextIndex=0,followerCommit=-1,matchIndex=-1
2024-08-03 20:05:11,054 [grpc-default-executor-1] INFO  impl.SnapshotInstallationHandler (SnapshotInstallationHandler.java:installSnapshot(92)) - omNode-bootstrap-2@group-0AAC5367B30E: receive installSnapshot: omNode-1->omNode-bootstrap-2#0-t1,notify:(t:1, i:0)
2024-08-03 20:05:11,054 [grpc-default-executor-1] INFO  impl.SnapshotInstallationHandler (SnapshotInstallationHandler.java:installSnapshotImpl(138)) - omNode-bootstrap-2@group-0AAC5367B30E: set new configuration configurationEntry {
  peers {
    id: "omNode-3"
    address: "localhost:15023"
    startupRole: FOLLOWER
  }
  peers {
    id: "omNode-1"
    address: "localhost:15015"
    startupRole: FOLLOWER
  }
  peers {
    id: "omNode-2"
    address: "localhost:15019"
    startupRole: FOLLOWER
  }
}
 from snapshot
2024-08-03 20:05:11,054 [grpc-default-executor-1] INFO  server.RaftServer$Division (ServerState.java:setRaftConf(386)) - omNode-bootstrap-2@group-0AAC5367B30E: set configuration conf: {index: 0, cur=peers:[omNode-3|localhost:15023, omNode-1|localhost:15015, omNode-2|localhost:15019]|listeners:[], old=null}
2024-08-03 20:05:11,056 [grpc-default-executor-1] INFO  ratis.OzoneManagerStateMachine (OzoneManagerStateMachine.java:notifyConfigurationChanged(216)) - Received Configuration change notification from Ratis. New Peer list:
[id: "omNode-3"
address: "localhost:15023"
startupRole: FOLLOWER
, id: "omNode-1"
address: "localhost:15015"
startupRole: FOLLOWER
, id: "omNode-2"
address: "localhost:15019"
startupRole: FOLLOWER
]
2024-08-03 20:05:11,056 [grpc-default-executor-1] INFO  impl.SnapshotInstallationHandler (SnapshotInstallationHandler.java:installSnapshot(103)) - omNode-bootstrap-2@group-0AAC5367B30E: reply installSnapshot: omNode-1<-omNode-bootstrap-2#0:FAIL-t1,IN_PROGRESS,snapshotIndex=0
2024-08-03 20:05:11,056 [grpc-default-executor-1] INFO  server.GrpcServerProtocolService (GrpcServerProtocolService.java:onCompleted(157)) - omNode-bootstrap-2: Completed INSTALL_SNAPSHOT, lastRequest: omNode-1->omNode-bootstrap-2#0-t1,notify:(t:1, i:0)
2024-08-03 20:05:11,056 [grpc-default-executor-1] INFO  server.GrpcServerProtocolService (GrpcServerProtocolService.java:lambda$onCompleted$5(159)) - omNode-bootstrap-2: Completed INSTALL_SNAPSHOT, lastReply: null
2024-08-03 20:05:11,058 [grpc-default-executor-0] INFO  impl.SnapshotInstallationHandler (SnapshotInstallationHandler.java:installSnapshot(92)) - omNode-bootstrap-2@group-0AAC5367B30E: receive installSnapshot: omNode-1->omNode-bootstrap-2#0-t1,notify:(t:1, i:0)
2024-08-03 20:05:11,058 [grpc-default-executor-0] INFO  impl.SnapshotInstallationHandler (SnapshotInstallationHandler.java:installSnapshotImpl(138)) - omNode-bootstrap-2@group-0AAC5367B30E: set new configuration configurationEntry {
  peers {
    id: "omNode-3"
    address: "localhost:15023"
    startupRole: FOLLOWER
  }
  peers {
    id: "omNode-1"
    address: "localhost:15015"
    startupRole: FOLLOWER
  }
  peers {
    id: "omNode-2"
    address: "localhost:15019"
    startupRole: FOLLOWER
  }
}
 from snapshot
2024-08-03 20:05:11,058 [grpc-default-executor-0] INFO  server.RaftServer$Division (ServerState.java:setRaftConf(386)) - omNode-bootstrap-2@group-0AAC5367B30E: set configuration conf: {index: 0, cur=peers:[omNode-3|localhost:15023, omNode-1|localhost:15015, omNode-2|localhost:15019]|listeners:[], old=null}
2024-08-03 20:05:11,059 [omNode-bootstrap-2-server-thread1] INFO  server.RaftServer$Division (RaftServerImpl.java:checkInconsistentAppendEntries(1629)) - omNode-bootstrap-2@group-0AAC5367B30E: Failed appendEntries as snapshot (0) installation is in progress
2024-08-03 20:05:11,059 [omNode-bootstrap-2-server-thread1] INFO  server.RaftServer$Division (RaftServerImpl.java:appendEntriesAsync(1584)) - omNode-bootstrap-2@group-0AAC5367B30E: appendEntries* reply omNode-1<-omNode-bootstrap-2#155:FAIL-t1,INCONSISTENCY,nextIndex=0,followerCommit=-1,matchIndex=-1
2024-08-03 20:05:11,060 [grpc-default-executor-0] INFO  ratis.OzoneManagerStateMachine (OzoneManagerStateMachine.java:notifyConfigurationChanged(216)) - Received Configuration change notification from Ratis. New Peer list:
[id: "omNode-3"
address: "localhost:15023"
startupRole: FOLLOWER
, id: "omNode-1"
address: "localhost:15015"
startupRole: FOLLOWER
, id: "omNode-2"
address: "localhost:15019"
startupRole: FOLLOWER
]
2024-08-03 20:05:11,060 [grpc-default-executor-0] INFO  impl.SnapshotInstallationHandler (SnapshotInstallationHandler.java:installSnapshot(103)) - omNode-bootstrap-2@group-0AAC5367B30E: reply installSnapshot: omNode-1<-omNode-bootstrap-2#0:FAIL-t1,IN_PROGRESS,snapshotIndex=0
2024-08-03 20:05:11,060 [grpc-default-executor-0] INFO  server.GrpcServerProtocolService (GrpcServerProtocolService.java:onCompleted(157)) - omNode-bootstrap-2: Completed INSTALL_SNAPSHOT, lastRequest: omNode-1->omNode-bootstrap-2#0-t1,notify:(t:1, i:0)
2024-08-03 20:05:11,060 [grpc-default-executor-0] INFO  server.GrpcServerProtocolService (GrpcServerProtocolService.java:lambda$onCompleted$5(159)) - omNode-bootstrap-2: Completed INSTALL_SNAPSHOT, lastReply: null
2024-08-03 20:05:11,062 [grpc-default-executor-3] INFO  impl.SnapshotInstallationHandler (SnapshotInstallationHandler.java:installSnapshot(92)) - omNode-bootstrap-2@group-0AAC5367B30E: receive installSnapshot: omNode-1->omNode-bootstrap-2#0-t1,notify:(t:1, i:0)
2024-08-03 20:05:11,062 [omNode-bootstrap-2-server-thread1] INFO  server.RaftServer$Division (RaftServerImpl.java:checkInconsistentAppendEntries(1629)) - omNode-bootstrap-2@group-0AAC5367B30E: Failed appendEntries as snapshot (0) installation is in progress
2024-08-03 20:05:11,062 [omNode-bootstrap-2-server-thread1] INFO  server.RaftServer$Division (RaftServerImpl.java:appendEntriesAsync(1584)) - omNode-bootstrap-2@group-0AAC5367B30E: appendEntries* reply omNode-1<-omNode-bootstrap-2#156:FAIL-t1,INCONSISTENCY,nextIndex=0,followerCommit=-1,matchIndex=-1
2024-08-03 20:05:11,062 [grpc-default-executor-3] INFO  impl.SnapshotInstallationHandler (SnapshotInstallationHandler.java:installSnapshotImpl(138)) - omNode-bootstrap-2@group-0AAC5367B30E: set new configuration configurationEntry {
  peers {
    id: "omNode-3"
    address: "localhost:15023"
    startupRole: FOLLOWER
  }
  peers {
    id: "omNode-1"
    address: "localhost:15015"
    startupRole: FOLLOWER
  }
  peers {
    id: "omNode-2"
    address: "localhost:15019"
    startupRole: FOLLOWER
  }
}
 from snapshot
2024-08-03 20:05:11,063 [grpc-default-executor-3] INFO  server.RaftServer$Division (ServerState.java:setRaftConf(386)) - omNode-bootstrap-2@group-0AAC5367B30E: set configuration conf: {index: 0, cur=peers:[omNode-3|localhost:15023, omNode-1|localhost:15015, omNode-2|localhost:15019]|listeners:[], old=null}
2024-08-03 20:05:11,066 [grpc-default-executor-3] INFO  ratis.OzoneManagerStateMachine (OzoneManagerStateMachine.java:notifyConfigurationChanged(216)) - Received Configuration change notification from Ratis. New Peer list:
[id: "omNode-3"
address: "localhost:15023"
startupRole: FOLLOWER
, id: "omNode-1"
address: "localhost:15015"
startupRole: FOLLOWER
, id: "omNode-2"
address: "localhost:15019"
startupRole: FOLLOWER
]
2024-08-03 20:05:11,066 [grpc-default-executor-3] INFO  impl.SnapshotInstallationHandler (SnapshotInstallationHandler.java:installSnapshot(103)) - omNode-bootstrap-2@group-0AAC5367B30E: reply installSnapshot: omNode-1<-omNode-bootstrap-2#0:FAIL-t1,IN_PROGRESS,snapshotIndex=0
2024-08-03 20:05:11,066 [grpc-default-executor-3] INFO  server.GrpcServerProtocolService (GrpcServerProtocolService.java:onCompleted(157)) - omNode-bootstrap-2: Completed INSTALL_SNAPSHOT, lastRequest: omNode-1->omNode-bootstrap-2#0-t1,notify:(t:1, i:0)
2024-08-03 20:05:11,066 [grpc-default-executor-3] INFO  server.GrpcServerProtocolService (GrpcServerProtocolService.java:lambda$onCompleted$5(159)) - omNode-bootstrap-2: Completed INSTALL_SNAPSHOT, lastReply: null
2024-08-03 20:05:11,067 [omNode-bootstrap-2-server-thread1] INFO  server.RaftServer$Division (RaftServerImpl.java:checkInconsistentAppendEntries(1629)) - omNode-bootstrap-2@group-0AAC5367B30E: Failed appendEntries as snapshot (0) installation is in progress
2024-08-03 20:05:11,067 [omNode-bootstrap-2-server-thread1] INFO  server.RaftServer$Division (RaftServerImpl.java:appendEntriesAsync(1584)) - omNode-bootstrap-2@group-0AAC5367B30E: appendEntries* reply omNode-1<-omNode-bootstrap-2#157:FAIL-t1,INCONSISTENCY,nextIndex=0,followerCommit=-1,matchIndex=-1
2024-08-03 20:05:11,069 [grpc-default-executor-3] INFO  impl.SnapshotInstallationHandler (SnapshotInstallationHandler.java:installSnapshot(92)) - omNode-bootstrap-2@group-0AAC5367B30E: receive installSnapshot: omNode-1->omNode-bootstrap-2#0-t1,notify:(t:1, i:0)
2024-08-03 20:05:11,069 [grpc-default-executor-3] INFO  impl.SnapshotInstallationHandler (SnapshotInstallationHandler.java:installSnapshotImpl(138)) - omNode-bootstrap-2@group-0AAC5367B30E: set new configuration configurationEntry {
  peers {
    id: "omNode-3"
    address: "localhost:15023"
    startupRole: FOLLOWER
  }
  peers {
    id: "omNode-1"
    address: "localhost:15015"
    startupRole: FOLLOWER
  }
  peers {
    id: "omNode-2"
    address: "localhost:15019"
    startupRole: FOLLOWER
  }
}
 from snapshot
2024-08-03 20:05:11,070 [grpc-default-executor-3] INFO  server.RaftServer$Division (ServerState.java:setRaftConf(386)) - omNode-bootstrap-2@group-0AAC5367B30E: set configuration conf: {index: 0, cur=peers:[omNode-3|localhost:15023, omNode-1|localhost:15015, omNode-2|localhost:15019]|listeners:[], old=null}
2024-08-03 20:05:11,071 [grpc-default-executor-3] INFO  ratis.OzoneManagerStateMachine (OzoneManagerStateMachine.java:notifyConfigurationChanged(216)) - Received Configuration change notification from Ratis. New Peer list:
[id: "omNode-3"
address: "localhost:15023"
startupRole: FOLLOWER
, id: "omNode-1"
address: "localhost:15015"
startupRole: FOLLOWER
, id: "omNode-2"
address: "localhost:15019"
startupRole: FOLLOWER
]
2024-08-03 20:05:11,071 [grpc-default-executor-3] INFO  impl.SnapshotInstallationHandler (SnapshotInstallationHandler.java:installSnapshot(103)) - omNode-bootstrap-2@group-0AAC5367B30E: reply installSnapshot: omNode-1<-omNode-bootstrap-2#0:FAIL-t1,IN_PROGRESS,snapshotIndex=0
2024-08-03 20:05:11,071 [grpc-default-executor-3] INFO  server.GrpcServerProtocolService (GrpcServerProtocolService.java:onCompleted(157)) - omNode-bootstrap-2: Completed INSTALL_SNAPSHOT, lastRequest: omNode-1->omNode-bootstrap-2#0-t1,notify:(t:1, i:0)
2024-08-03 20:05:11,071 [grpc-default-executor-3] INFO  server.GrpcServerProtocolService (GrpcServerProtocolService.java:lambda$onCompleted$5(159)) - omNode-bootstrap-2: Completed INSTALL_SNAPSHOT, lastReply: null
2024-08-03 20:05:11,072 [omNode-bootstrap-2-server-thread1] INFO  server.RaftServer$Division (RaftServerImpl.java:checkInconsistentAppendEntries(1629)) - omNode-bootstrap-2@group-0AAC5367B30E: Failed appendEntries as snapshot (0) installation is in progress
2024-08-03 20:05:11,072 [omNode-bootstrap-2-server-thread1] INFO  server.RaftServer$Division (RaftServerImpl.java:appendEntriesAsync(1584)) - omNode-bootstrap-2@group-0AAC5367B30E: appendEntries* reply omNode-1<-omNode-bootstrap-2#158:FAIL-t1,INCONSISTENCY,nextIndex=0,followerCommit=-1,matchIndex=-1
2024-08-03 20:05:11,073 [grpc-default-executor-1] INFO  impl.SnapshotInstallationHandler (SnapshotInstallationHandler.java:installSnapshot(92)) - omNode-bootstrap-2@group-0AAC5367B30E: receive installSnapshot: omNode-1->omNode-bootstrap-2#0-t1,notify:(t:1, i:0)
2024-08-03 20:05:11,073 [grpc-default-executor-1] INFO  impl.SnapshotInstallationHandler (SnapshotInstallationHandler.java:installSnapshotImpl(138)) - omNode-bootstrap-2@group-0AAC5367B30E: set new configuration configurationEntry {
  peers {
    id: "omNode-3"
    address: "localhost:15023"
    startupRole: FOLLOWER
  }
  peers {
    id: "omNode-1"
    address: "localhost:15015"
    startupRole: FOLLOWER
  }
  peers {
    id: "omNode-2"
    address: "localhost:15019"
    startupRole: FOLLOWER
  }
}
 from snapshot
2024-08-03 20:05:11,073 [grpc-default-executor-1] INFO  server.RaftServer$Division (ServerState.java:setRaftConf(386)) - omNode-bootstrap-2@group-0AAC5367B30E: set configuration conf: {index: 0, cur=peers:[omNode-3|localhost:15023, omNode-1|localhost:15015, omNode-2|localhost:15019]|listeners:[], old=null}
2024-08-03 20:05:11,075 [grpc-default-executor-1] INFO  ratis.OzoneManagerStateMachine (OzoneManagerStateMachine.java:notifyConfigurationChanged(216)) - Received Configuration change notification from Ratis. New Peer list:
[id: "omNode-3"
address: "localhost:15023"
startupRole: FOLLOWER
, id: "omNode-1"
address: "localhost:15015"
startupRole: FOLLOWER
, id: "omNode-2"
address: "localhost:15019"
startupRole: FOLLOWER
]
2024-08-03 20:05:11,075 [grpc-default-executor-1] INFO  impl.SnapshotInstallationHandler (SnapshotInstallationHandler.java:installSnapshot(103)) - omNode-bootstrap-2@group-0AAC5367B30E: reply installSnapshot: omNode-1<-omNode-bootstrap-2#0:FAIL-t1,IN_PROGRESS,snapshotIndex=0
2024-08-03 20:05:11,075 [grpc-default-executor-1] INFO  server.GrpcServerProtocolService (GrpcServerProtocolService.java:onCompleted(157)) - omNode-bootstrap-2: Completed INSTALL_SNAPSHOT, lastRequest: omNode-1->omNode-bootstrap-2#0-t1,notify:(t:1, i:0)
2024-08-03 20:05:11,075 [grpc-default-executor-1] INFO  server.GrpcServerProtocolService (GrpcServerProtocolService.java:lambda$onCompleted$5(159)) - omNode-bootstrap-2: Completed INSTALL_SNAPSHOT, lastReply: null
2024-08-03 20:05:11,077 [omNode-bootstrap-2-server-thread1] INFO  server.RaftServer$Division (RaftServerImpl.java:checkInconsistentAppendEntries(1629)) - omNode-bootstrap-2@group-0AAC5367B30E: Failed appendEntries as snapshot (0) installation is in progress
2024-08-03 20:05:11,077 [omNode-bootstrap-2-server-thread1] INFO  server.RaftServer$Division (RaftServerImpl.java:appendEntriesAsync(1584)) - omNode-bootstrap-2@group-0AAC5367B30E: appendEntries* reply omNode-1<-omNode-bootstrap-2#159:FAIL-t1,INCONSISTENCY,nextIndex=0,followerCommit=-1,matchIndex=-1
2024-08-03 20:05:11,079 [grpc-default-executor-3] INFO  impl.SnapshotInstallationHandler (SnapshotInstallationHandler.java:installSnapshot(92)) - omNode-bootstrap-2@group-0AAC5367B30E: receive installSnapshot: omNode-1->omNode-bootstrap-2#0-t1,notify:(t:1, i:0)
2024-08-03 20:05:11,079 [grpc-default-executor-3] INFO  impl.SnapshotInstallationHandler (SnapshotInstallationHandler.java:installSnapshotImpl(138)) - omNode-bootstrap-2@group-0AAC5367B30E: set new configuration configurationEntry {
  peers {
    id: "omNode-3"
    address: "localhost:15023"
    startupRole: FOLLOWER
  }
  peers {
    id: "omNode-1"
    address: "localhost:15015"
    startupRole: FOLLOWER
  }
  peers {
    id: "omNode-2"
    address: "localhost:15019"
    startupRole: FOLLOWER
  }
}
 from snapshot
2024-08-03 20:05:11,079 [grpc-default-executor-3] INFO  server.RaftServer$Division (ServerState.java:setRaftConf(386)) - omNode-bootstrap-2@group-0AAC5367B30E: set configuration conf: {index: 0, cur=peers:[omNode-3|localhost:15023, omNode-1|localhost:15015, omNode-2|localhost:15019]|listeners:[], old=null}
2024-08-03 20:05:11,081 [grpc-default-executor-3] INFO  ratis.OzoneManagerStateMachine (OzoneManagerStateMachine.java:notifyConfigurationChanged(216)) - Received Configuration change notification from Ratis. New Peer list:
[id: "omNode-3"
address: "localhost:15023"
startupRole: FOLLOWER
, id: "omNode-1"
address: "localhost:15015"
startupRole: FOLLOWER
, id: "omNode-2"
address: "localhost:15019"
startupRole: FOLLOWER
]
2024-08-03 20:05:11,081 [grpc-default-executor-3] INFO  impl.SnapshotInstallationHandler (SnapshotInstallationHandler.java:installSnapshot(103)) - omNode-bootstrap-2@group-0AAC5367B30E: reply installSnapshot: omNode-1<-omNode-bootstrap-2#0:FAIL-t1,IN_PROGRESS,snapshotIndex=0
2024-08-03 20:05:11,081 [grpc-default-executor-3] INFO  server.GrpcServerProtocolService (GrpcServerProtocolService.java:onCompleted(157)) - omNode-bootstrap-2: Completed INSTALL_SNAPSHOT, lastRequest: omNode-1->omNode-bootstrap-2#0-t1,notify:(t:1, i:0)
2024-08-03 20:05:11,081 [grpc-default-executor-3] INFO  server.GrpcServerProtocolService (GrpcServerProtocolService.java:lambda$onCompleted$5(159)) - omNode-bootstrap-2: Completed INSTALL_SNAPSHOT, lastReply: null
2024-08-03 20:05:11,083 [omNode-bootstrap-2-server-thread1] INFO  server.RaftServer$Division (RaftServerImpl.java:checkInconsistentAppendEntries(1629)) - omNode-bootstrap-2@group-0AAC5367B30E: Failed appendEntries as snapshot (0) installation is in progress
2024-08-03 20:05:11,083 [omNode-bootstrap-2-server-thread1] INFO  server.RaftServer$Division (RaftServerImpl.java:appendEntriesAsync(1584)) - omNode-bootstrap-2@group-0AAC5367B30E: appendEntries* reply omNode-1<-omNode-bootstrap-2#160:FAIL-t1,INCONSISTENCY,nextIndex=0,followerCommit=-1,matchIndex=-1
2024-08-03 20:05:11,085 [grpc-default-executor-1] INFO  impl.SnapshotInstallationHandler (SnapshotInstallationHandler.java:installSnapshot(92)) - omNode-bootstrap-2@group-0AAC5367B30E: receive installSnapshot: omNode-1->omNode-bootstrap-2#0-t1,notify:(t:1, i:0)
2024-08-03 20:05:11,085 [grpc-default-executor-1] INFO  impl.SnapshotInstallationHandler (SnapshotInstallationHandler.java:installSnapshotImpl(138)) - omNode-bootstrap-2@group-0AAC5367B30E: set new configuration configurationEntry {
  peers {
    id: "omNode-3"
    address: "localhost:15023"
    startupRole: FOLLOWER
  }
  peers {
    id: "omNode-1"
    address: "localhost:15015"
    startupRole: FOLLOWER
  }
  peers {
    id: "omNode-2"
    address: "localhost:15019"
    startupRole: FOLLOWER
  }
}
 from snapshot
2024-08-03 20:05:11,085 [grpc-default-executor-1] INFO  server.RaftServer$Division (ServerState.java:setRaftConf(386)) - omNode-bootstrap-2@group-0AAC5367B30E: set configuration conf: {index: 0, cur=peers:[omNode-3|localhost:15023, omNode-1|localhost:15015, omNode-2|localhost:15019]|listeners:[], old=null}
2024-08-03 20:05:11,086 [grpc-default-executor-1] INFO  ratis.OzoneManagerStateMachine (OzoneManagerStateMachine.java:notifyConfigurationChanged(216)) - Received Configuration change notification from Ratis. New Peer list:
[id: "omNode-3"
address: "localhost:15023"
startupRole: FOLLOWER
, id: "omNode-1"
address: "localhost:15015"
startupRole: FOLLOWER
, id: "omNode-2"
address: "localhost:15019"
startupRole: FOLLOWER
]
2024-08-03 20:05:11,086 [grpc-default-executor-1] INFO  impl.SnapshotInstallationHandler (SnapshotInstallationHandler.java:installSnapshot(103)) - omNode-bootstrap-2@group-0AAC5367B30E: reply installSnapshot: omNode-1<-omNode-bootstrap-2#0:FAIL-t1,IN_PROGRESS,snapshotIndex=0
2024-08-03 20:05:11,086 [grpc-default-executor-1] INFO  server.GrpcServerProtocolService (GrpcServerProtocolService.java:onCompleted(157)) - omNode-bootstrap-2: Completed INSTALL_SNAPSHOT, lastRequest: omNode-1->omNode-bootstrap-2#0-t1,notify:(t:1, i:0)
2024-08-03 20:05:11,086 [grpc-default-executor-1] INFO  server.GrpcServerProtocolService (GrpcServerProtocolService.java:lambda$onCompleted$5(159)) - omNode-bootstrap-2: Completed INSTALL_SNAPSHOT, lastReply: null
2024-08-03 20:05:11,089 [omNode-bootstrap-2-server-thread1] INFO  server.RaftServer$Division (RaftServerImpl.java:checkInconsistentAppendEntries(1629)) - omNode-bootstrap-2@group-0AAC5367B30E: Failed appendEntries as snapshot (0) installation is in progress
2024-08-03 20:05:11,089 [omNode-bootstrap-2-server-thread1] INFO  server.RaftServer$Division (RaftServerImpl.java:appendEntriesAsync(1584)) - omNode-bootstrap-2@group-0AAC5367B30E: appendEntries* reply omNode-1<-omNode-bootstrap-2#161:FAIL-t1,INCONSISTENCY,nextIndex=0,followerCommit=-1,matchIndex=-1
2024-08-03 20:05:11,090 [grpc-default-executor-3] INFO  impl.SnapshotInstallationHandler (SnapshotInstallationHandler.java:installSnapshot(92)) - omNode-bootstrap-2@group-0AAC5367B30E: receive installSnapshot: omNode-1->omNode-bootstrap-2#0-t1,notify:(t:1, i:0)
2024-08-03 20:05:11,090 [grpc-default-executor-3] INFO  impl.SnapshotInstallationHandler (SnapshotInstallationHandler.java:installSnapshotImpl(138)) - omNode-bootstrap-2@group-0AAC5367B30E: set new configuration configurationEntry {
  peers {
    id: "omNode-3"
    address: "localhost:15023"
    startupRole: FOLLOWER
  }
  peers {
    id: "omNode-1"
    address: "localhost:15015"
    startupRole: FOLLOWER
  }
  peers {
    id: "omNode-2"
    address: "localhost:15019"
    startupRole: FOLLOWER
  }
}
 from snapshot
2024-08-03 20:05:11,090 [grpc-default-executor-3] INFO  server.RaftServer$Division (ServerState.java:setRaftConf(386)) - omNode-bootstrap-2@group-0AAC5367B30E: set configuration conf: {index: 0, cur=peers:[omNode-3|localhost:15023, omNode-1|localhost:15015, omNode-2|localhost:15019]|listeners:[], old=null}
2024-08-03 20:05:11,092 [grpc-default-executor-3] INFO  ratis.OzoneManagerStateMachine (OzoneManagerStateMachine.java:notifyConfigurationChanged(216)) - Received Configuration change notification from Ratis. New Peer list:
[id: "omNode-3"
address: "localhost:15023"
startupRole: FOLLOWER
, id: "omNode-1"
address: "localhost:15015"
startupRole: FOLLOWER
, id: "omNode-2"
address: "localhost:15019"
startupRole: FOLLOWER
]
2024-08-03 20:05:11,092 [grpc-default-executor-3] INFO  impl.SnapshotInstallationHandler (SnapshotInstallationHandler.java:installSnapshot(103)) - omNode-bootstrap-2@group-0AAC5367B30E: reply installSnapshot: omNode-1<-omNode-bootstrap-2#0:FAIL-t1,IN_PROGRESS,snapshotIndex=0
2024-08-03 20:05:11,092 [grpc-default-executor-3] INFO  server.GrpcServerProtocolService (GrpcServerProtocolService.java:onCompleted(157)) - omNode-bootstrap-2: Completed INSTALL_SNAPSHOT, lastRequest: omNode-1->omNode-bootstrap-2#0-t1,notify:(t:1, i:0)
2024-08-03 20:05:11,092 [grpc-default-executor-3] INFO  server.GrpcServerProtocolService (GrpcServerProtocolService.java:lambda$onCompleted$5(159)) - omNode-bootstrap-2: Completed INSTALL_SNAPSHOT, lastReply: null
2024-08-03 20:05:11,093 [omNode-bootstrap-2-server-thread1] INFO  server.RaftServer$Division (RaftServerImpl.java:checkInconsistentAppendEntries(1629)) - omNode-bootstrap-2@group-0AAC5367B30E: Failed appendEntries as snapshot (0) installation is in progress
2024-08-03 20:05:11,094 [omNode-bootstrap-2-server-thread1] INFO  server.RaftServer$Division (RaftServerImpl.java:appendEntriesAsync(1584)) - omNode-bootstrap-2@group-0AAC5367B30E: appendEntries* reply omNode-1<-omNode-bootstrap-2#162:FAIL-t1,INCONSISTENCY,nextIndex=0,followerCommit=-1,matchIndex=-1
2024-08-03 20:05:11,095 [grpc-default-executor-1] INFO  impl.SnapshotInstallationHandler (SnapshotInstallationHandler.java:installSnapshot(92)) - omNode-bootstrap-2@group-0AAC5367B30E: receive installSnapshot: omNode-1->omNode-bootstrap-2#0-t1,notify:(t:1, i:0)
2024-08-03 20:05:11,096 [grpc-default-executor-1] INFO  impl.SnapshotInstallationHandler (SnapshotInstallationHandler.java:installSnapshotImpl(138)) - omNode-bootstrap-2@group-0AAC5367B30E: set new configuration configurationEntry {
  peers {
    id: "omNode-3"
    address: "localhost:15023"
    startupRole: FOLLOWER
  }
  peers {
    id: "omNode-1"
    address: "localhost:15015"
    startupRole: FOLLOWER
  }
  peers {
    id: "omNode-2"
    address: "localhost:15019"
    startupRole: FOLLOWER
  }
}
 from snapshot
2024-08-03 20:05:11,096 [grpc-default-executor-1] INFO  server.RaftServer$Division (ServerState.java:setRaftConf(386)) - omNode-bootstrap-2@group-0AAC5367B30E: set configuration conf: {index: 0, cur=peers:[omNode-3|localhost:15023, omNode-1|localhost:15015, omNode-2|localhost:15019]|listeners:[], old=null}
2024-08-03 20:05:11,097 [grpc-default-executor-1] INFO  ratis.OzoneManagerStateMachine (OzoneManagerStateMachine.java:notifyConfigurationChanged(216)) - Received Configuration change notification from Ratis. New Peer list:
[id: "omNode-3"
address: "localhost:15023"
startupRole: FOLLOWER
, id: "omNode-1"
address: "localhost:15015"
startupRole: FOLLOWER
, id: "omNode-2"
address: "localhost:15019"
startupRole: FOLLOWER
]
2024-08-03 20:05:11,098 [grpc-default-executor-1] INFO  impl.SnapshotInstallationHandler (SnapshotInstallationHandler.java:installSnapshot(103)) - omNode-bootstrap-2@group-0AAC5367B30E: reply installSnapshot: omNode-1<-omNode-bootstrap-2#0:FAIL-t1,IN_PROGRESS,snapshotIndex=0
2024-08-03 20:05:11,098 [grpc-default-executor-1] INFO  server.GrpcServerProtocolService (GrpcServerProtocolService.java:onCompleted(157)) - omNode-bootstrap-2: Completed INSTALL_SNAPSHOT, lastRequest: omNode-1->omNode-bootstrap-2#0-t1,notify:(t:1, i:0)
2024-08-03 20:05:11,098 [grpc-default-executor-1] INFO  server.GrpcServerProtocolService (GrpcServerProtocolService.java:lambda$onCompleted$5(159)) - omNode-bootstrap-2: Completed INSTALL_SNAPSHOT, lastReply: null
2024-08-03 20:05:11,099 [omNode-bootstrap-2-server-thread1] INFO  server.RaftServer$Division (RaftServerImpl.java:checkInconsistentAppendEntries(1629)) - omNode-bootstrap-2@group-0AAC5367B30E: Failed appendEntries as snapshot (0) installation is in progress
2024-08-03 20:05:11,099 [omNode-bootstrap-2-server-thread1] INFO  server.RaftServer$Division (RaftServerImpl.java:appendEntriesAsync(1584)) - omNode-bootstrap-2@group-0AAC5367B30E: appendEntries* reply omNode-1<-omNode-bootstrap-2#163:FAIL-t1,INCONSISTENCY,nextIndex=0,followerCommit=-1,matchIndex=-1
2024-08-03 20:05:11,100 [grpc-default-executor-3] INFO  impl.SnapshotInstallationHandler (SnapshotInstallationHandler.java:installSnapshot(92)) - omNode-bootstrap-2@group-0AAC5367B30E: receive installSnapshot: omNode-1->omNode-bootstrap-2#0-t1,notify:(t:1, i:0)
2024-08-03 20:05:11,100 [grpc-default-executor-3] INFO  impl.SnapshotInstallationHandler (SnapshotInstallationHandler.java:installSnapshotImpl(138)) - omNode-bootstrap-2@group-0AAC5367B30E: set new configuration configurationEntry {
  peers {
    id: "omNode-3"
    address: "localhost:15023"
    startupRole: FOLLOWER
  }
  peers {
    id: "omNode-1"
    address: "localhost:15015"
    startupRole: FOLLOWER
  }
  peers {
    id: "omNode-2"
    address: "localhost:15019"
    startupRole: FOLLOWER
  }
}
 from snapshot
2024-08-03 20:05:11,101 [grpc-default-executor-3] INFO  server.RaftServer$Division (ServerState.java:setRaftConf(386)) - omNode-bootstrap-2@group-0AAC5367B30E: set configuration conf: {index: 0, cur=peers:[omNode-3|localhost:15023, omNode-1|localhost:15015, omNode-2|localhost:15019]|listeners:[], old=null}
2024-08-03 20:05:11,103 [grpc-default-executor-3] INFO  ratis.OzoneManagerStateMachine (OzoneManagerStateMachine.java:notifyConfigurationChanged(216)) - Received Configuration change notification from Ratis. New Peer list:
[id: "omNode-3"
address: "localhost:15023"
startupRole: FOLLOWER
, id: "omNode-1"
address: "localhost:15015"
startupRole: FOLLOWER
, id: "omNode-2"
address: "localhost:15019"
startupRole: FOLLOWER
]
2024-08-03 20:05:11,103 [grpc-default-executor-3] INFO  impl.SnapshotInstallationHandler (SnapshotInstallationHandler.java:installSnapshot(103)) - omNode-bootstrap-2@group-0AAC5367B30E: reply installSnapshot: omNode-1<-omNode-bootstrap-2#0:FAIL-t1,IN_PROGRESS,snapshotIndex=0
2024-08-03 20:05:11,103 [grpc-default-executor-3] INFO  server.GrpcServerProtocolService (GrpcServerProtocolService.java:onCompleted(157)) - omNode-bootstrap-2: Completed INSTALL_SNAPSHOT, lastRequest: omNode-1->omNode-bootstrap-2#0-t1,notify:(t:1, i:0)
2024-08-03 20:05:11,103 [grpc-default-executor-3] INFO  server.GrpcServerProtocolService (GrpcServerProtocolService.java:lambda$onCompleted$5(159)) - omNode-bootstrap-2: Completed INSTALL_SNAPSHOT, lastReply: null
2024-08-03 20:05:11,105 [grpc-default-executor-0] INFO  impl.SnapshotInstallationHandler (SnapshotInstallationHandler.java:installSnapshot(92)) - omNode-bootstrap-2@group-0AAC5367B30E: receive installSnapshot: omNode-1->omNode-bootstrap-2#0-t1,notify:(t:1, i:0)
2024-08-03 20:05:11,106 [grpc-default-executor-0] INFO  impl.SnapshotInstallationHandler (SnapshotInstallationHandler.java:installSnapshotImpl(138)) - omNode-bootstrap-2@group-0AAC5367B30E: set new configuration configurationEntry {
  peers {
    id: "omNode-3"
    address: "localhost:15023"
    startupRole: FOLLOWER
  }
  peers {
    id: "omNode-1"
    address: "localhost:15015"
    startupRole: FOLLOWER
  }
  peers {
    id: "omNode-2"
    address: "localhost:15019"
    startupRole: FOLLOWER
  }
}
 from snapshot
2024-08-03 20:05:11,106 [grpc-default-executor-0] INFO  server.RaftServer$Division (ServerState.java:setRaftConf(386)) - omNode-bootstrap-2@group-0AAC5367B30E: set configuration conf: {index: 0, cur=peers:[omNode-3|localhost:15023, omNode-1|localhost:15015, omNode-2|localhost:15019]|listeners:[], old=null}
2024-08-03 20:05:11,106 [omNode-bootstrap-2-server-thread1] INFO  server.RaftServer$Division (RaftServerImpl.java:checkInconsistentAppendEntries(1629)) - omNode-bootstrap-2@group-0AAC5367B30E: Failed appendEntries as snapshot (0) installation is in progress
2024-08-03 20:05:11,106 [omNode-bootstrap-2-server-thread1] INFO  server.RaftServer$Division (RaftServerImpl.java:appendEntriesAsync(1584)) - omNode-bootstrap-2@group-0AAC5367B30E: appendEntries* reply omNode-1<-omNode-bootstrap-2#164:FAIL-t1,INCONSISTENCY,nextIndex=0,followerCommit=-1,matchIndex=-1
2024-08-03 20:05:11,108 [grpc-default-executor-0] INFO  ratis.OzoneManagerStateMachine (OzoneManagerStateMachine.java:notifyConfigurationChanged(216)) - Received Configuration change notification from Ratis. New Peer list:
[id: "omNode-3"
address: "localhost:15023"
startupRole: FOLLOWER
, id: "omNode-1"
address: "localhost:15015"
startupRole: FOLLOWER
, id: "omNode-2"
address: "localhost:15019"
startupRole: FOLLOWER
]
2024-08-03 20:05:11,108 [grpc-default-executor-0] INFO  impl.SnapshotInstallationHandler (SnapshotInstallationHandler.java:installSnapshot(103)) - omNode-bootstrap-2@group-0AAC5367B30E: reply installSnapshot: omNode-1<-omNode-bootstrap-2#0:FAIL-t1,IN_PROGRESS,snapshotIndex=0
2024-08-03 20:05:11,108 [grpc-default-executor-0] INFO  server.GrpcServerProtocolService (GrpcServerProtocolService.java:onCompleted(157)) - omNode-bootstrap-2: Completed INSTALL_SNAPSHOT, lastRequest: omNode-1->omNode-bootstrap-2#0-t1,notify:(t:1, i:0)
2024-08-03 20:05:11,108 [grpc-default-executor-0] INFO  server.GrpcServerProtocolService (GrpcServerProtocolService.java:lambda$onCompleted$5(159)) - omNode-bootstrap-2: Completed INSTALL_SNAPSHOT, lastReply: null
2024-08-03 20:05:11,109 [omNode-bootstrap-2-server-thread1] INFO  server.RaftServer$Division (RaftServerImpl.java:checkInconsistentAppendEntries(1629)) - omNode-bootstrap-2@group-0AAC5367B30E: Failed appendEntries as snapshot (0) installation is in progress
2024-08-03 20:05:11,109 [omNode-bootstrap-2-server-thread1] INFO  server.RaftServer$Division (RaftServerImpl.java:appendEntriesAsync(1584)) - omNode-bootstrap-2@group-0AAC5367B30E: appendEntries* reply omNode-1<-omNode-bootstrap-2#165:FAIL-t1,INCONSISTENCY,nextIndex=0,followerCommit=-1,matchIndex=-1
2024-08-03 20:05:11,110 [grpc-default-executor-0] INFO  impl.SnapshotInstallationHandler (SnapshotInstallationHandler.java:installSnapshot(92)) - omNode-bootstrap-2@group-0AAC5367B30E: receive installSnapshot: omNode-1->omNode-bootstrap-2#0-t1,notify:(t:1, i:0)
2024-08-03 20:05:11,110 [grpc-default-executor-0] INFO  impl.SnapshotInstallationHandler (SnapshotInstallationHandler.java:installSnapshotImpl(138)) - omNode-bootstrap-2@group-0AAC5367B30E: set new configuration configurationEntry {
  peers {
    id: "omNode-3"
    address: "localhost:15023"
    startupRole: FOLLOWER
  }
  peers {
    id: "omNode-1"
    address: "localhost:15015"
    startupRole: FOLLOWER
  }
  peers {
    id: "omNode-2"
    address: "localhost:15019"
    startupRole: FOLLOWER
  }
}
 from snapshot
2024-08-03 20:05:11,110 [grpc-default-executor-0] INFO  server.RaftServer$Division (ServerState.java:setRaftConf(386)) - omNode-bootstrap-2@group-0AAC5367B30E: set configuration conf: {index: 0, cur=peers:[omNode-3|localhost:15023, omNode-1|localhost:15015, omNode-2|localhost:15019]|listeners:[], old=null}
2024-08-03 20:05:11,112 [grpc-default-executor-0] INFO  ratis.OzoneManagerStateMachine (OzoneManagerStateMachine.java:notifyConfigurationChanged(216)) - Received Configuration change notification from Ratis. New Peer list:
[id: "omNode-3"
address: "localhost:15023"
startupRole: FOLLOWER
, id: "omNode-1"
address: "localhost:15015"
startupRole: FOLLOWER
, id: "omNode-2"
address: "localhost:15019"
startupRole: FOLLOWER
]
2024-08-03 20:05:11,112 [grpc-default-executor-0] INFO  impl.SnapshotInstallationHandler (SnapshotInstallationHandler.java:installSnapshot(103)) - omNode-bootstrap-2@group-0AAC5367B30E: reply installSnapshot: omNode-1<-omNode-bootstrap-2#0:FAIL-t1,IN_PROGRESS,snapshotIndex=0
2024-08-03 20:05:11,112 [grpc-default-executor-0] INFO  server.GrpcServerProtocolService (GrpcServerProtocolService.java:onCompleted(157)) - omNode-bootstrap-2: Completed INSTALL_SNAPSHOT, lastRequest: omNode-1->omNode-bootstrap-2#0-t1,notify:(t:1, i:0)
2024-08-03 20:05:11,112 [grpc-default-executor-0] INFO  server.GrpcServerProtocolService (GrpcServerProtocolService.java:lambda$onCompleted$5(159)) - omNode-bootstrap-2: Completed INSTALL_SNAPSHOT, lastReply: null
2024-08-03 20:05:11,113 [omNode-bootstrap-2-server-thread1] INFO  server.RaftServer$Division (RaftServerImpl.java:checkInconsistentAppendEntries(1629)) - omNode-bootstrap-2@group-0AAC5367B30E: Failed appendEntries as snapshot (0) installation is in progress
2024-08-03 20:05:11,114 [omNode-bootstrap-2-server-thread1] INFO  server.RaftServer$Division (RaftServerImpl.java:appendEntriesAsync(1584)) - omNode-bootstrap-2@group-0AAC5367B30E: appendEntries* reply omNode-1<-omNode-bootstrap-2#166:FAIL-t1,INCONSISTENCY,nextIndex=0,followerCommit=-1,matchIndex=-1
2024-08-03 20:05:11,114 [grpc-default-executor-1] INFO  impl.SnapshotInstallationHandler (SnapshotInstallationHandler.java:installSnapshot(92)) - omNode-bootstrap-2@group-0AAC5367B30E: receive installSnapshot: omNode-1->omNode-bootstrap-2#0-t1,notify:(t:1, i:0)
2024-08-03 20:05:11,115 [grpc-default-executor-1] INFO  impl.SnapshotInstallationHandler (SnapshotInstallationHandler.java:installSnapshotImpl(138)) - omNode-bootstrap-2@group-0AAC5367B30E: set new configuration configurationEntry {
  peers {
    id: "omNode-3"
    address: "localhost:15023"
    startupRole: FOLLOWER
  }
  peers {
    id: "omNode-1"
    address: "localhost:15015"
    startupRole: FOLLOWER
  }
  peers {
    id: "omNode-2"
    address: "localhost:15019"
    startupRole: FOLLOWER
  }
}
 from snapshot
2024-08-03 20:05:11,115 [grpc-default-executor-1] INFO  server.RaftServer$Division (ServerState.java:setRaftConf(386)) - omNode-bootstrap-2@group-0AAC5367B30E: set configuration conf: {index: 0, cur=peers:[omNode-3|localhost:15023, omNode-1|localhost:15015, omNode-2|localhost:15019]|listeners:[], old=null}
2024-08-03 20:05:11,117 [grpc-default-executor-1] INFO  ratis.OzoneManagerStateMachine (OzoneManagerStateMachine.java:notifyConfigurationChanged(216)) - Received Configuration change notification from Ratis. New Peer list:
[id: "omNode-3"
address: "localhost:15023"
startupRole: FOLLOWER
, id: "omNode-1"
address: "localhost:15015"
startupRole: FOLLOWER
, id: "omNode-2"
address: "localhost:15019"
startupRole: FOLLOWER
]
2024-08-03 20:05:11,117 [grpc-default-executor-1] INFO  impl.SnapshotInstallationHandler (SnapshotInstallationHandler.java:installSnapshot(103)) - omNode-bootstrap-2@group-0AAC5367B30E: reply installSnapshot: omNode-1<-omNode-bootstrap-2#0:FAIL-t1,IN_PROGRESS,snapshotIndex=0
2024-08-03 20:05:11,117 [grpc-default-executor-1] INFO  server.GrpcServerProtocolService (GrpcServerProtocolService.java:onCompleted(157)) - omNode-bootstrap-2: Completed INSTALL_SNAPSHOT, lastRequest: omNode-1->omNode-bootstrap-2#0-t1,notify:(t:1, i:0)
2024-08-03 20:05:11,117 [grpc-default-executor-1] INFO  server.GrpcServerProtocolService (GrpcServerProtocolService.java:lambda$onCompleted$5(159)) - omNode-bootstrap-2: Completed INSTALL_SNAPSHOT, lastReply: null
2024-08-03 20:05:11,120 [omNode-bootstrap-2-server-thread1] INFO  server.RaftServer$Division (RaftServerImpl.java:checkInconsistentAppendEntries(1629)) - omNode-bootstrap-2@group-0AAC5367B30E: Failed appendEntries as snapshot (0) installation is in progress
2024-08-03 20:05:11,120 [omNode-bootstrap-2-server-thread1] INFO  server.RaftServer$Division (RaftServerImpl.java:appendEntriesAsync(1584)) - omNode-bootstrap-2@group-0AAC5367B30E: appendEntries* reply omNode-1<-omNode-bootstrap-2#167:FAIL-t1,INCONSISTENCY,nextIndex=0,followerCommit=-1,matchIndex=-1
2024-08-03 20:05:11,121 [grpc-default-executor-1] INFO  impl.SnapshotInstallationHandler (SnapshotInstallationHandler.java:installSnapshot(92)) - omNode-bootstrap-2@group-0AAC5367B30E: receive installSnapshot: omNode-1->omNode-bootstrap-2#0-t1,notify:(t:1, i:0)
2024-08-03 20:05:11,121 [grpc-default-executor-1] INFO  impl.SnapshotInstallationHandler (SnapshotInstallationHandler.java:installSnapshotImpl(138)) - omNode-bootstrap-2@group-0AAC5367B30E: set new configuration configurationEntry {
  peers {
    id: "omNode-3"
    address: "localhost:15023"
    startupRole: FOLLOWER
  }
  peers {
    id: "omNode-1"
    address: "localhost:15015"
    startupRole: FOLLOWER
  }
  peers {
    id: "omNode-2"
    address: "localhost:15019"
    startupRole: FOLLOWER
  }
}
 from snapshot
2024-08-03 20:05:11,121 [grpc-default-executor-1] INFO  server.RaftServer$Division (ServerState.java:setRaftConf(386)) - omNode-bootstrap-2@group-0AAC5367B30E: set configuration conf: {index: 0, cur=peers:[omNode-3|localhost:15023, omNode-1|localhost:15015, omNode-2|localhost:15019]|listeners:[], old=null}
2024-08-03 20:05:11,123 [grpc-default-executor-1] INFO  ratis.OzoneManagerStateMachine (OzoneManagerStateMachine.java:notifyConfigurationChanged(216)) - Received Configuration change notification from Ratis. New Peer list:
[id: "omNode-3"
address: "localhost:15023"
startupRole: FOLLOWER
, id: "omNode-1"
address: "localhost:15015"
startupRole: FOLLOWER
, id: "omNode-2"
address: "localhost:15019"
startupRole: FOLLOWER
]
2024-08-03 20:05:11,123 [grpc-default-executor-1] INFO  impl.SnapshotInstallationHandler (SnapshotInstallationHandler.java:installSnapshot(103)) - omNode-bootstrap-2@group-0AAC5367B30E: reply installSnapshot: omNode-1<-omNode-bootstrap-2#0:FAIL-t1,IN_PROGRESS,snapshotIndex=0
2024-08-03 20:05:11,123 [grpc-default-executor-1] INFO  server.GrpcServerProtocolService (GrpcServerProtocolService.java:onCompleted(157)) - omNode-bootstrap-2: Completed INSTALL_SNAPSHOT, lastRequest: omNode-1->omNode-bootstrap-2#0-t1,notify:(t:1, i:0)
2024-08-03 20:05:11,123 [grpc-default-executor-1] INFO  server.GrpcServerProtocolService (GrpcServerProtocolService.java:lambda$onCompleted$5(159)) - omNode-bootstrap-2: Completed INSTALL_SNAPSHOT, lastReply: null
2024-08-03 20:05:11,126 [omNode-bootstrap-2-server-thread1] INFO  server.RaftServer$Division (RaftServerImpl.java:checkInconsistentAppendEntries(1629)) - omNode-bootstrap-2@group-0AAC5367B30E: Failed appendEntries as snapshot (0) installation is in progress
2024-08-03 20:05:11,126 [omNode-bootstrap-2-server-thread1] INFO  server.RaftServer$Division (RaftServerImpl.java:appendEntriesAsync(1584)) - omNode-bootstrap-2@group-0AAC5367B30E: appendEntries* reply omNode-1<-omNode-bootstrap-2#168:FAIL-t1,INCONSISTENCY,nextIndex=0,followerCommit=-1,matchIndex=-1
2024-08-03 20:05:11,127 [grpc-default-executor-0] INFO  impl.SnapshotInstallationHandler (SnapshotInstallationHandler.java:installSnapshot(92)) - omNode-bootstrap-2@group-0AAC5367B30E: receive installSnapshot: omNode-1->omNode-bootstrap-2#0-t1,notify:(t:1, i:0)
2024-08-03 20:05:11,127 [grpc-default-executor-0] INFO  impl.SnapshotInstallationHandler (SnapshotInstallationHandler.java:installSnapshotImpl(138)) - omNode-bootstrap-2@group-0AAC5367B30E: set new configuration configurationEntry {
  peers {
    id: "omNode-3"
    address: "localhost:15023"
    startupRole: FOLLOWER
  }
  peers {
    id: "omNode-1"
    address: "localhost:15015"
    startupRole: FOLLOWER
  }
  peers {
    id: "omNode-2"
    address: "localhost:15019"
    startupRole: FOLLOWER
  }
}
 from snapshot
2024-08-03 20:05:11,127 [grpc-default-executor-0] INFO  server.RaftServer$Division (ServerState.java:setRaftConf(386)) - omNode-bootstrap-2@group-0AAC5367B30E: set configuration conf: {index: 0, cur=peers:[omNode-3|localhost:15023, omNode-1|localhost:15015, omNode-2|localhost:15019]|listeners:[], old=null}
2024-08-03 20:05:11,129 [grpc-default-executor-0] INFO  ratis.OzoneManagerStateMachine (OzoneManagerStateMachine.java:notifyConfigurationChanged(216)) - Received Configuration change notification from Ratis. New Peer list:
[id: "omNode-3"
address: "localhost:15023"
startupRole: FOLLOWER
, id: "omNode-1"
address: "localhost:15015"
startupRole: FOLLOWER
, id: "omNode-2"
address: "localhost:15019"
startupRole: FOLLOWER
]
2024-08-03 20:05:11,129 [grpc-default-executor-0] INFO  impl.SnapshotInstallationHandler (SnapshotInstallationHandler.java:installSnapshot(103)) - omNode-bootstrap-2@group-0AAC5367B30E: reply installSnapshot: omNode-1<-omNode-bootstrap-2#0:FAIL-t1,IN_PROGRESS,snapshotIndex=0
2024-08-03 20:05:11,129 [grpc-default-executor-0] INFO  server.GrpcServerProtocolService (GrpcServerProtocolService.java:onCompleted(157)) - omNode-bootstrap-2: Completed INSTALL_SNAPSHOT, lastRequest: omNode-1->omNode-bootstrap-2#0-t1,notify:(t:1, i:0)
2024-08-03 20:05:11,129 [grpc-default-executor-0] INFO  server.GrpcServerProtocolService (GrpcServerProtocolService.java:lambda$onCompleted$5(159)) - omNode-bootstrap-2: Completed INSTALL_SNAPSHOT, lastReply: null
2024-08-03 20:05:11,131 [grpc-default-executor-0] INFO  impl.SnapshotInstallationHandler (SnapshotInstallationHandler.java:installSnapshot(92)) - omNode-bootstrap-2@group-0AAC5367B30E: receive installSnapshot: omNode-1->omNode-bootstrap-2#0-t1,notify:(t:1, i:0)
2024-08-03 20:05:11,131 [omNode-bootstrap-2-server-thread1] INFO  server.RaftServer$Division (RaftServerImpl.java:checkInconsistentAppendEntries(1629)) - omNode-bootstrap-2@group-0AAC5367B30E: Failed appendEntries as snapshot (0) installation is in progress
2024-08-03 20:05:11,131 [grpc-default-executor-0] INFO  impl.SnapshotInstallationHandler (SnapshotInstallationHandler.java:installSnapshotImpl(138)) - omNode-bootstrap-2@group-0AAC5367B30E: set new configuration configurationEntry {
  peers {
    id: "omNode-3"
    address: "localhost:15023"
    startupRole: FOLLOWER
  }
  peers {
    id: "omNode-1"
    address: "localhost:15015"
    startupRole: FOLLOWER
  }
  peers {
    id: "omNode-2"
    address: "localhost:15019"
    startupRole: FOLLOWER
  }
}
 from snapshot
2024-08-03 20:05:11,131 [omNode-bootstrap-2-server-thread1] INFO  server.RaftServer$Division (RaftServerImpl.java:appendEntriesAsync(1584)) - omNode-bootstrap-2@group-0AAC5367B30E: appendEntries* reply omNode-1<-omNode-bootstrap-2#169:FAIL-t1,INCONSISTENCY,nextIndex=0,followerCommit=-1,matchIndex=-1
2024-08-03 20:05:11,131 [grpc-default-executor-0] INFO  server.RaftServer$Division (ServerState.java:setRaftConf(386)) - omNode-bootstrap-2@group-0AAC5367B30E: set configuration conf: {index: 0, cur=peers:[omNode-3|localhost:15023, omNode-1|localhost:15015, omNode-2|localhost:15019]|listeners:[], old=null}
2024-08-03 20:05:11,133 [grpc-default-executor-0] INFO  ratis.OzoneManagerStateMachine (OzoneManagerStateMachine.java:notifyConfigurationChanged(216)) - Received Configuration change notification from Ratis. New Peer list:
[id: "omNode-3"
address: "localhost:15023"
startupRole: FOLLOWER
, id: "omNode-1"
address: "localhost:15015"
startupRole: FOLLOWER
, id: "omNode-2"
address: "localhost:15019"
startupRole: FOLLOWER
]
2024-08-03 20:05:11,133 [grpc-default-executor-0] INFO  impl.SnapshotInstallationHandler (SnapshotInstallationHandler.java:installSnapshot(103)) - omNode-bootstrap-2@group-0AAC5367B30E: reply installSnapshot: omNode-1<-omNode-bootstrap-2#0:FAIL-t1,IN_PROGRESS,snapshotIndex=0
2024-08-03 20:05:11,133 [grpc-default-executor-0] INFO  server.GrpcServerProtocolService (GrpcServerProtocolService.java:onCompleted(157)) - omNode-bootstrap-2: Completed INSTALL_SNAPSHOT, lastRequest: omNode-1->omNode-bootstrap-2#0-t1,notify:(t:1, i:0)
2024-08-03 20:05:11,133 [grpc-default-executor-0] INFO  server.GrpcServerProtocolService (GrpcServerProtocolService.java:lambda$onCompleted$5(159)) - omNode-bootstrap-2: Completed INSTALL_SNAPSHOT, lastReply: null
2024-08-03 20:05:11,134 [omNode-bootstrap-2-server-thread1] INFO  server.RaftServer$Division (RaftServerImpl.java:checkInconsistentAppendEntries(1629)) - omNode-bootstrap-2@group-0AAC5367B30E: Failed appendEntries as snapshot (0) installation is in progress
2024-08-03 20:05:11,134 [omNode-bootstrap-2-server-thread1] INFO  server.RaftServer$Division (RaftServerImpl.java:appendEntriesAsync(1584)) - omNode-bootstrap-2@group-0AAC5367B30E: appendEntries* reply omNode-1<-omNode-bootstrap-2#170:FAIL-t1,INCONSISTENCY,nextIndex=0,followerCommit=-1,matchIndex=-1
2024-08-03 20:05:11,135 [grpc-default-executor-0] INFO  impl.SnapshotInstallationHandler (SnapshotInstallationHandler.java:installSnapshot(92)) - omNode-bootstrap-2@group-0AAC5367B30E: receive installSnapshot: omNode-1->omNode-bootstrap-2#0-t1,notify:(t:1, i:0)
2024-08-03 20:05:11,135 [grpc-default-executor-0] INFO  impl.SnapshotInstallationHandler (SnapshotInstallationHandler.java:installSnapshotImpl(138)) - omNode-bootstrap-2@group-0AAC5367B30E: set new configuration configurationEntry {
  peers {
    id: "omNode-3"
    address: "localhost:15023"
    startupRole: FOLLOWER
  }
  peers {
    id: "omNode-1"
    address: "localhost:15015"
    startupRole: FOLLOWER
  }
  peers {
    id: "omNode-2"
    address: "localhost:15019"
    startupRole: FOLLOWER
  }
}
 from snapshot
2024-08-03 20:05:11,135 [grpc-default-executor-0] INFO  server.RaftServer$Division (ServerState.java:setRaftConf(386)) - omNode-bootstrap-2@group-0AAC5367B30E: set configuration conf: {index: 0, cur=peers:[omNode-3|localhost:15023, omNode-1|localhost:15015, omNode-2|localhost:15019]|listeners:[], old=null}
2024-08-03 20:05:11,137 [grpc-default-executor-0] INFO  ratis.OzoneManagerStateMachine (OzoneManagerStateMachine.java:notifyConfigurationChanged(216)) - Received Configuration change notification from Ratis. New Peer list:
[id: "omNode-3"
address: "localhost:15023"
startupRole: FOLLOWER
, id: "omNode-1"
address: "localhost:15015"
startupRole: FOLLOWER
, id: "omNode-2"
address: "localhost:15019"
startupRole: FOLLOWER
]
2024-08-03 20:05:11,137 [grpc-default-executor-0] INFO  impl.SnapshotInstallationHandler (SnapshotInstallationHandler.java:installSnapshot(103)) - omNode-bootstrap-2@group-0AAC5367B30E: reply installSnapshot: omNode-1<-omNode-bootstrap-2#0:FAIL-t1,IN_PROGRESS,snapshotIndex=0
2024-08-03 20:05:11,137 [grpc-default-executor-0] INFO  server.GrpcServerProtocolService (GrpcServerProtocolService.java:onCompleted(157)) - omNode-bootstrap-2: Completed INSTALL_SNAPSHOT, lastRequest: omNode-1->omNode-bootstrap-2#0-t1,notify:(t:1, i:0)
2024-08-03 20:05:11,137 [grpc-default-executor-0] INFO  server.GrpcServerProtocolService (GrpcServerProtocolService.java:lambda$onCompleted$5(159)) - omNode-bootstrap-2: Completed INSTALL_SNAPSHOT, lastReply: null
2024-08-03 20:05:11,139 [omNode-bootstrap-2-server-thread1] INFO  server.RaftServer$Division (RaftServerImpl.java:checkInconsistentAppendEntries(1629)) - omNode-bootstrap-2@group-0AAC5367B30E: Failed appendEntries as snapshot (0) installation is in progress
2024-08-03 20:05:11,139 [omNode-bootstrap-2-server-thread1] INFO  server.RaftServer$Division (RaftServerImpl.java:appendEntriesAsync(1584)) - omNode-bootstrap-2@group-0AAC5367B30E: appendEntries* reply omNode-1<-omNode-bootstrap-2#171:FAIL-t1,INCONSISTENCY,nextIndex=0,followerCommit=-1,matchIndex=-1
2024-08-03 20:05:11,142 [grpc-default-executor-3] INFO  impl.SnapshotInstallationHandler (SnapshotInstallationHandler.java:installSnapshot(92)) - omNode-bootstrap-2@group-0AAC5367B30E: receive installSnapshot: omNode-1->omNode-bootstrap-2#0-t1,notify:(t:1, i:0)
2024-08-03 20:05:11,142 [grpc-default-executor-3] INFO  impl.SnapshotInstallationHandler (SnapshotInstallationHandler.java:installSnapshotImpl(138)) - omNode-bootstrap-2@group-0AAC5367B30E: set new configuration configurationEntry {
  peers {
    id: "omNode-3"
    address: "localhost:15023"
    startupRole: FOLLOWER
  }
  peers {
    id: "omNode-1"
    address: "localhost:15015"
    startupRole: FOLLOWER
  }
  peers {
    id: "omNode-2"
    address: "localhost:15019"
    startupRole: FOLLOWER
  }
}
 from snapshot
2024-08-03 20:05:11,142 [grpc-default-executor-3] INFO  server.RaftServer$Division (ServerState.java:setRaftConf(386)) - omNode-bootstrap-2@group-0AAC5367B30E: set configuration conf: {index: 0, cur=peers:[omNode-3|localhost:15023, omNode-1|localhost:15015, omNode-2|localhost:15019]|listeners:[], old=null}
2024-08-03 20:05:11,144 [grpc-default-executor-3] INFO  ratis.OzoneManagerStateMachine (OzoneManagerStateMachine.java:notifyConfigurationChanged(216)) - Received Configuration change notification from Ratis. New Peer list:
[id: "omNode-3"
address: "localhost:15023"
startupRole: FOLLOWER
, id: "omNode-1"
address: "localhost:15015"
startupRole: FOLLOWER
, id: "omNode-2"
address: "localhost:15019"
startupRole: FOLLOWER
]
2024-08-03 20:05:11,144 [grpc-default-executor-3] INFO  impl.SnapshotInstallationHandler (SnapshotInstallationHandler.java:installSnapshot(103)) - omNode-bootstrap-2@group-0AAC5367B30E: reply installSnapshot: omNode-1<-omNode-bootstrap-2#0:FAIL-t1,IN_PROGRESS,snapshotIndex=0
2024-08-03 20:05:11,144 [grpc-default-executor-3] INFO  server.GrpcServerProtocolService (GrpcServerProtocolService.java:onCompleted(157)) - omNode-bootstrap-2: Completed INSTALL_SNAPSHOT, lastRequest: omNode-1->omNode-bootstrap-2#0-t1,notify:(t:1, i:0)
2024-08-03 20:05:11,144 [grpc-default-executor-3] INFO  server.GrpcServerProtocolService (GrpcServerProtocolService.java:lambda$onCompleted$5(159)) - omNode-bootstrap-2: Completed INSTALL_SNAPSHOT, lastReply: null
2024-08-03 20:05:11,146 [omNode-bootstrap-2-server-thread1] INFO  server.RaftServer$Division (RaftServerImpl.java:checkInconsistentAppendEntries(1629)) - omNode-bootstrap-2@group-0AAC5367B30E: Failed appendEntries as snapshot (0) installation is in progress
2024-08-03 20:05:11,146 [omNode-bootstrap-2-server-thread1] INFO  server.RaftServer$Division (RaftServerImpl.java:appendEntriesAsync(1584)) - omNode-bootstrap-2@group-0AAC5367B30E: appendEntries* reply omNode-1<-omNode-bootstrap-2#172:FAIL-t1,INCONSISTENCY,nextIndex=0,followerCommit=-1,matchIndex=-1
2024-08-03 20:05:11,146 [grpc-default-executor-1] INFO  impl.SnapshotInstallationHandler (SnapshotInstallationHandler.java:installSnapshot(92)) - omNode-bootstrap-2@group-0AAC5367B30E: receive installSnapshot: omNode-1->omNode-bootstrap-2#0-t1,notify:(t:1, i:0)
2024-08-03 20:05:11,146 [grpc-default-executor-1] INFO  impl.SnapshotInstallationHandler (SnapshotInstallationHandler.java:installSnapshotImpl(138)) - omNode-bootstrap-2@group-0AAC5367B30E: set new configuration configurationEntry {
  peers {
    id: "omNode-3"
    address: "localhost:15023"
    startupRole: FOLLOWER
  }
  peers {
    id: "omNode-1"
    address: "localhost:15015"
    startupRole: FOLLOWER
  }
  peers {
    id: "omNode-2"
    address: "localhost:15019"
    startupRole: FOLLOWER
  }
}
 from snapshot
2024-08-03 20:05:11,147 [grpc-default-executor-1] INFO  server.RaftServer$Division (ServerState.java:setRaftConf(386)) - omNode-bootstrap-2@group-0AAC5367B30E: set configuration conf: {index: 0, cur=peers:[omNode-3|localhost:15023, omNode-1|localhost:15015, omNode-2|localhost:15019]|listeners:[], old=null}
2024-08-03 20:05:11,148 [grpc-default-executor-1] INFO  ratis.OzoneManagerStateMachine (OzoneManagerStateMachine.java:notifyConfigurationChanged(216)) - Received Configuration change notification from Ratis. New Peer list:
[id: "omNode-3"
address: "localhost:15023"
startupRole: FOLLOWER
, id: "omNode-1"
address: "localhost:15015"
startupRole: FOLLOWER
, id: "omNode-2"
address: "localhost:15019"
startupRole: FOLLOWER
]
2024-08-03 20:05:11,148 [grpc-default-executor-1] INFO  impl.SnapshotInstallationHandler (SnapshotInstallationHandler.java:installSnapshot(103)) - omNode-bootstrap-2@group-0AAC5367B30E: reply installSnapshot: omNode-1<-omNode-bootstrap-2#0:FAIL-t1,IN_PROGRESS,snapshotIndex=0
2024-08-03 20:05:11,148 [grpc-default-executor-1] INFO  server.GrpcServerProtocolService (GrpcServerProtocolService.java:onCompleted(157)) - omNode-bootstrap-2: Completed INSTALL_SNAPSHOT, lastRequest: omNode-1->omNode-bootstrap-2#0-t1,notify:(t:1, i:0)
2024-08-03 20:05:11,148 [grpc-default-executor-1] INFO  server.GrpcServerProtocolService (GrpcServerProtocolService.java:lambda$onCompleted$5(159)) - omNode-bootstrap-2: Completed INSTALL_SNAPSHOT, lastReply: null
2024-08-03 20:05:11,149 [omNode-bootstrap-2-server-thread1] INFO  server.RaftServer$Division (RaftServerImpl.java:checkInconsistentAppendEntries(1629)) - omNode-bootstrap-2@group-0AAC5367B30E: Failed appendEntries as snapshot (0) installation is in progress
2024-08-03 20:05:11,149 [omNode-bootstrap-2-server-thread1] INFO  server.RaftServer$Division (RaftServerImpl.java:appendEntriesAsync(1584)) - omNode-bootstrap-2@group-0AAC5367B30E: appendEntries* reply omNode-1<-omNode-bootstrap-2#173:FAIL-t1,INCONSISTENCY,nextIndex=0,followerCommit=-1,matchIndex=-1
2024-08-03 20:05:11,149 [grpc-default-executor-3] INFO  impl.SnapshotInstallationHandler (SnapshotInstallationHandler.java:installSnapshot(92)) - omNode-bootstrap-2@group-0AAC5367B30E: receive installSnapshot: omNode-1->omNode-bootstrap-2#0-t1,notify:(t:1, i:0)
2024-08-03 20:05:11,150 [grpc-default-executor-3] INFO  impl.SnapshotInstallationHandler (SnapshotInstallationHandler.java:installSnapshotImpl(138)) - omNode-bootstrap-2@group-0AAC5367B30E: set new configuration configurationEntry {
  peers {
    id: "omNode-3"
    address: "localhost:15023"
    startupRole: FOLLOWER
  }
  peers {
    id: "omNode-1"
    address: "localhost:15015"
    startupRole: FOLLOWER
  }
  peers {
    id: "omNode-2"
    address: "localhost:15019"
    startupRole: FOLLOWER
  }
}
 from snapshot
2024-08-03 20:05:11,150 [grpc-default-executor-3] INFO  server.RaftServer$Division (ServerState.java:setRaftConf(386)) - omNode-bootstrap-2@group-0AAC5367B30E: set configuration conf: {index: 0, cur=peers:[omNode-3|localhost:15023, omNode-1|localhost:15015, omNode-2|localhost:15019]|listeners:[], old=null}
2024-08-03 20:05:11,151 [grpc-default-executor-3] INFO  ratis.OzoneManagerStateMachine (OzoneManagerStateMachine.java:notifyConfigurationChanged(216)) - Received Configuration change notification from Ratis. New Peer list:
[id: "omNode-3"
address: "localhost:15023"
startupRole: FOLLOWER
, id: "omNode-1"
address: "localhost:15015"
startupRole: FOLLOWER
, id: "omNode-2"
address: "localhost:15019"
startupRole: FOLLOWER
]
2024-08-03 20:05:11,151 [grpc-default-executor-3] INFO  impl.SnapshotInstallationHandler (SnapshotInstallationHandler.java:installSnapshot(103)) - omNode-bootstrap-2@group-0AAC5367B30E: reply installSnapshot: omNode-1<-omNode-bootstrap-2#0:FAIL-t1,IN_PROGRESS,snapshotIndex=0
2024-08-03 20:05:11,151 [grpc-default-executor-3] INFO  server.GrpcServerProtocolService (GrpcServerProtocolService.java:onCompleted(157)) - omNode-bootstrap-2: Completed INSTALL_SNAPSHOT, lastRequest: omNode-1->omNode-bootstrap-2#0-t1,notify:(t:1, i:0)
2024-08-03 20:05:11,151 [grpc-default-executor-3] INFO  server.GrpcServerProtocolService (GrpcServerProtocolService.java:lambda$onCompleted$5(159)) - omNode-bootstrap-2: Completed INSTALL_SNAPSHOT, lastReply: null
2024-08-03 20:05:11,153 [omNode-bootstrap-2-server-thread1] INFO  server.RaftServer$Division (RaftServerImpl.java:checkInconsistentAppendEntries(1629)) - omNode-bootstrap-2@group-0AAC5367B30E: Failed appendEntries as snapshot (0) installation is in progress
2024-08-03 20:05:11,153 [omNode-bootstrap-2-server-thread1] INFO  server.RaftServer$Division (RaftServerImpl.java:appendEntriesAsync(1584)) - omNode-bootstrap-2@group-0AAC5367B30E: appendEntries* reply omNode-1<-omNode-bootstrap-2#174:FAIL-t1,INCONSISTENCY,nextIndex=0,followerCommit=-1,matchIndex=-1
2024-08-03 20:05:11,153 [grpc-default-executor-1] INFO  impl.SnapshotInstallationHandler (SnapshotInstallationHandler.java:installSnapshot(92)) - omNode-bootstrap-2@group-0AAC5367B30E: receive installSnapshot: omNode-1->omNode-bootstrap-2#0-t1,notify:(t:1, i:0)
2024-08-03 20:05:11,153 [grpc-default-executor-1] INFO  impl.SnapshotInstallationHandler (SnapshotInstallationHandler.java:installSnapshotImpl(138)) - omNode-bootstrap-2@group-0AAC5367B30E: set new configuration configurationEntry {
  peers {
    id: "omNode-3"
    address: "localhost:15023"
    startupRole: FOLLOWER
  }
  peers {
    id: "omNode-1"
    address: "localhost:15015"
    startupRole: FOLLOWER
  }
  peers {
    id: "omNode-2"
    address: "localhost:15019"
    startupRole: FOLLOWER
  }
}
 from snapshot
2024-08-03 20:05:11,153 [grpc-default-executor-1] INFO  server.RaftServer$Division (ServerState.java:setRaftConf(386)) - omNode-bootstrap-2@group-0AAC5367B30E: set configuration conf: {index: 0, cur=peers:[omNode-3|localhost:15023, omNode-1|localhost:15015, omNode-2|localhost:15019]|listeners:[], old=null}
2024-08-03 20:05:11,155 [grpc-default-executor-1] INFO  ratis.OzoneManagerStateMachine (OzoneManagerStateMachine.java:notifyConfigurationChanged(216)) - Received Configuration change notification from Ratis. New Peer list:
[id: "omNode-3"
address: "localhost:15023"
startupRole: FOLLOWER
, id: "omNode-1"
address: "localhost:15015"
startupRole: FOLLOWER
, id: "omNode-2"
address: "localhost:15019"
startupRole: FOLLOWER
]
2024-08-03 20:05:11,155 [grpc-default-executor-1] INFO  impl.SnapshotInstallationHandler (SnapshotInstallationHandler.java:installSnapshot(103)) - omNode-bootstrap-2@group-0AAC5367B30E: reply installSnapshot: omNode-1<-omNode-bootstrap-2#0:FAIL-t1,IN_PROGRESS,snapshotIndex=0
2024-08-03 20:05:11,155 [grpc-default-executor-1] INFO  server.GrpcServerProtocolService (GrpcServerProtocolService.java:onCompleted(157)) - omNode-bootstrap-2: Completed INSTALL_SNAPSHOT, lastRequest: omNode-1->omNode-bootstrap-2#0-t1,notify:(t:1, i:0)
2024-08-03 20:05:11,155 [grpc-default-executor-1] INFO  server.GrpcServerProtocolService (GrpcServerProtocolService.java:lambda$onCompleted$5(159)) - omNode-bootstrap-2: Completed INSTALL_SNAPSHOT, lastReply: null
2024-08-03 20:05:11,156 [omNode-bootstrap-2-server-thread1] INFO  server.RaftServer$Division (RaftServerImpl.java:checkInconsistentAppendEntries(1629)) - omNode-bootstrap-2@group-0AAC5367B30E: Failed appendEntries as snapshot (0) installation is in progress
2024-08-03 20:05:11,156 [omNode-bootstrap-2-server-thread1] INFO  server.RaftServer$Division (RaftServerImpl.java:appendEntriesAsync(1584)) - omNode-bootstrap-2@group-0AAC5367B30E: appendEntries* reply omNode-1<-omNode-bootstrap-2#175:FAIL-t1,INCONSISTENCY,nextIndex=0,followerCommit=-1,matchIndex=-1
2024-08-03 20:05:11,157 [grpc-default-executor-1] INFO  impl.SnapshotInstallationHandler (SnapshotInstallationHandler.java:installSnapshot(92)) - omNode-bootstrap-2@group-0AAC5367B30E: receive installSnapshot: omNode-1->omNode-bootstrap-2#0-t1,notify:(t:1, i:0)
2024-08-03 20:05:11,157 [grpc-default-executor-1] INFO  impl.SnapshotInstallationHandler (SnapshotInstallationHandler.java:installSnapshotImpl(138)) - omNode-bootstrap-2@group-0AAC5367B30E: set new configuration configurationEntry {
  peers {
    id: "omNode-3"
    address: "localhost:15023"
    startupRole: FOLLOWER
  }
  peers {
    id: "omNode-1"
    address: "localhost:15015"
    startupRole: FOLLOWER
  }
  peers {
    id: "omNode-2"
    address: "localhost:15019"
    startupRole: FOLLOWER
  }
}
 from snapshot
2024-08-03 20:05:11,157 [grpc-default-executor-1] INFO  server.RaftServer$Division (ServerState.java:setRaftConf(386)) - omNode-bootstrap-2@group-0AAC5367B30E: set configuration conf: {index: 0, cur=peers:[omNode-3|localhost:15023, omNode-1|localhost:15015, omNode-2|localhost:15019]|listeners:[], old=null}
2024-08-03 20:05:11,160 [grpc-default-executor-1] INFO  ratis.OzoneManagerStateMachine (OzoneManagerStateMachine.java:notifyConfigurationChanged(216)) - Received Configuration change notification from Ratis. New Peer list:
[id: "omNode-3"
address: "localhost:15023"
startupRole: FOLLOWER
, id: "omNode-1"
address: "localhost:15015"
startupRole: FOLLOWER
, id: "omNode-2"
address: "localhost:15019"
startupRole: FOLLOWER
]
2024-08-03 20:05:11,160 [grpc-default-executor-1] INFO  impl.SnapshotInstallationHandler (SnapshotInstallationHandler.java:installSnapshot(103)) - omNode-bootstrap-2@group-0AAC5367B30E: reply installSnapshot: omNode-1<-omNode-bootstrap-2#0:FAIL-t1,IN_PROGRESS,snapshotIndex=0
2024-08-03 20:05:11,160 [grpc-default-executor-1] INFO  server.GrpcServerProtocolService (GrpcServerProtocolService.java:onCompleted(157)) - omNode-bootstrap-2: Completed INSTALL_SNAPSHOT, lastRequest: omNode-1->omNode-bootstrap-2#0-t1,notify:(t:1, i:0)
2024-08-03 20:05:11,160 [grpc-default-executor-1] INFO  server.GrpcServerProtocolService (GrpcServerProtocolService.java:lambda$onCompleted$5(159)) - omNode-bootstrap-2: Completed INSTALL_SNAPSHOT, lastReply: null
2024-08-03 20:05:11,161 [omNode-bootstrap-2-server-thread1] INFO  server.RaftServer$Division (RaftServerImpl.java:checkInconsistentAppendEntries(1629)) - omNode-bootstrap-2@group-0AAC5367B30E: Failed appendEntries as snapshot (0) installation is in progress
2024-08-03 20:05:11,161 [omNode-bootstrap-2-server-thread1] INFO  server.RaftServer$Division (RaftServerImpl.java:appendEntriesAsync(1584)) - omNode-bootstrap-2@group-0AAC5367B30E: appendEntries* reply omNode-1<-omNode-bootstrap-2#176:FAIL-t1,INCONSISTENCY,nextIndex=0,followerCommit=-1,matchIndex=-1
2024-08-03 20:05:11,162 [grpc-default-executor-0] INFO  impl.SnapshotInstallationHandler (SnapshotInstallationHandler.java:installSnapshot(92)) - omNode-bootstrap-2@group-0AAC5367B30E: receive installSnapshot: omNode-1->omNode-bootstrap-2#0-t1,notify:(t:1, i:0)
2024-08-03 20:05:11,163 [grpc-default-executor-0] INFO  impl.SnapshotInstallationHandler (SnapshotInstallationHandler.java:installSnapshotImpl(138)) - omNode-bootstrap-2@group-0AAC5367B30E: set new configuration configurationEntry {
  peers {
    id: "omNode-3"
    address: "localhost:15023"
    startupRole: FOLLOWER
  }
  peers {
    id: "omNode-1"
    address: "localhost:15015"
    startupRole: FOLLOWER
  }
  peers {
    id: "omNode-2"
    address: "localhost:15019"
    startupRole: FOLLOWER
  }
}
 from snapshot
2024-08-03 20:05:11,163 [grpc-default-executor-0] INFO  server.RaftServer$Division (ServerState.java:setRaftConf(386)) - omNode-bootstrap-2@group-0AAC5367B30E: set configuration conf: {index: 0, cur=peers:[omNode-3|localhost:15023, omNode-1|localhost:15015, omNode-2|localhost:15019]|listeners:[], old=null}
2024-08-03 20:05:11,165 [grpc-default-executor-0] INFO  ratis.OzoneManagerStateMachine (OzoneManagerStateMachine.java:notifyConfigurationChanged(216)) - Received Configuration change notification from Ratis. New Peer list:
[id: "omNode-3"
address: "localhost:15023"
startupRole: FOLLOWER
, id: "omNode-1"
address: "localhost:15015"
startupRole: FOLLOWER
, id: "omNode-2"
address: "localhost:15019"
startupRole: FOLLOWER
]
2024-08-03 20:05:11,165 [grpc-default-executor-0] INFO  impl.SnapshotInstallationHandler (SnapshotInstallationHandler.java:installSnapshot(103)) - omNode-bootstrap-2@group-0AAC5367B30E: reply installSnapshot: omNode-1<-omNode-bootstrap-2#0:FAIL-t1,IN_PROGRESS,snapshotIndex=0
2024-08-03 20:05:11,165 [grpc-default-executor-0] INFO  server.GrpcServerProtocolService (GrpcServerProtocolService.java:onCompleted(157)) - omNode-bootstrap-2: Completed INSTALL_SNAPSHOT, lastRequest: omNode-1->omNode-bootstrap-2#0-t1,notify:(t:1, i:0)
2024-08-03 20:05:11,165 [grpc-default-executor-0] INFO  server.GrpcServerProtocolService (GrpcServerProtocolService.java:lambda$onCompleted$5(159)) - omNode-bootstrap-2: Completed INSTALL_SNAPSHOT, lastReply: null
2024-08-03 20:05:11,168 [omNode-bootstrap-2-server-thread1] INFO  server.RaftServer$Division (RaftServerImpl.java:checkInconsistentAppendEntries(1629)) - omNode-bootstrap-2@group-0AAC5367B30E: Failed appendEntries as snapshot (0) installation is in progress
2024-08-03 20:05:11,168 [omNode-bootstrap-2-server-thread1] INFO  server.RaftServer$Division (RaftServerImpl.java:appendEntriesAsync(1584)) - omNode-bootstrap-2@group-0AAC5367B30E: appendEntries* reply omNode-1<-omNode-bootstrap-2#177:FAIL-t1,INCONSISTENCY,nextIndex=0,followerCommit=-1,matchIndex=-1
2024-08-03 20:05:11,169 [grpc-default-executor-3] INFO  impl.SnapshotInstallationHandler (SnapshotInstallationHandler.java:installSnapshot(92)) - omNode-bootstrap-2@group-0AAC5367B30E: receive installSnapshot: omNode-1->omNode-bootstrap-2#0-t1,notify:(t:1, i:0)
2024-08-03 20:05:11,169 [grpc-default-executor-3] INFO  impl.SnapshotInstallationHandler (SnapshotInstallationHandler.java:installSnapshotImpl(138)) - omNode-bootstrap-2@group-0AAC5367B30E: set new configuration configurationEntry {
  peers {
    id: "omNode-3"
    address: "localhost:15023"
    startupRole: FOLLOWER
  }
  peers {
    id: "omNode-1"
    address: "localhost:15015"
    startupRole: FOLLOWER
  }
  peers {
    id: "omNode-2"
    address: "localhost:15019"
    startupRole: FOLLOWER
  }
}
 from snapshot
2024-08-03 20:05:11,169 [grpc-default-executor-3] INFO  server.RaftServer$Division (ServerState.java:setRaftConf(386)) - omNode-bootstrap-2@group-0AAC5367B30E: set configuration conf: {index: 0, cur=peers:[omNode-3|localhost:15023, omNode-1|localhost:15015, omNode-2|localhost:15019]|listeners:[], old=null}
2024-08-03 20:05:11,170 [grpc-default-executor-3] INFO  ratis.OzoneManagerStateMachine (OzoneManagerStateMachine.java:notifyConfigurationChanged(216)) - Received Configuration change notification from Ratis. New Peer list:
[id: "omNode-3"
address: "localhost:15023"
startupRole: FOLLOWER
, id: "omNode-1"
address: "localhost:15015"
startupRole: FOLLOWER
, id: "omNode-2"
address: "localhost:15019"
startupRole: FOLLOWER
]
2024-08-03 20:05:11,170 [grpc-default-executor-3] INFO  impl.SnapshotInstallationHandler (SnapshotInstallationHandler.java:installSnapshot(103)) - omNode-bootstrap-2@group-0AAC5367B30E: reply installSnapshot: omNode-1<-omNode-bootstrap-2#0:FAIL-t1,IN_PROGRESS,snapshotIndex=0
2024-08-03 20:05:11,171 [grpc-default-executor-3] INFO  server.GrpcServerProtocolService (GrpcServerProtocolService.java:onCompleted(157)) - omNode-bootstrap-2: Completed INSTALL_SNAPSHOT, lastRequest: omNode-1->omNode-bootstrap-2#0-t1,notify:(t:1, i:0)
2024-08-03 20:05:11,171 [grpc-default-executor-3] INFO  server.GrpcServerProtocolService (GrpcServerProtocolService.java:lambda$onCompleted$5(159)) - omNode-bootstrap-2: Completed INSTALL_SNAPSHOT, lastReply: null
2024-08-03 20:05:11,172 [omNode-bootstrap-2-server-thread1] INFO  server.RaftServer$Division (RaftServerImpl.java:checkInconsistentAppendEntries(1629)) - omNode-bootstrap-2@group-0AAC5367B30E: Failed appendEntries as snapshot (0) installation is in progress
2024-08-03 20:05:11,172 [omNode-bootstrap-2-server-thread1] INFO  server.RaftServer$Division (RaftServerImpl.java:appendEntriesAsync(1584)) - omNode-bootstrap-2@group-0AAC5367B30E: appendEntries* reply omNode-1<-omNode-bootstrap-2#178:FAIL-t1,INCONSISTENCY,nextIndex=0,followerCommit=-1,matchIndex=-1
2024-08-03 20:05:11,173 [grpc-default-executor-3] INFO  impl.SnapshotInstallationHandler (SnapshotInstallationHandler.java:installSnapshot(92)) - omNode-bootstrap-2@group-0AAC5367B30E: receive installSnapshot: omNode-1->omNode-bootstrap-2#0-t1,notify:(t:1, i:0)
2024-08-03 20:05:11,173 [grpc-default-executor-3] INFO  impl.SnapshotInstallationHandler (SnapshotInstallationHandler.java:installSnapshotImpl(138)) - omNode-bootstrap-2@group-0AAC5367B30E: set new configuration configurationEntry {
  peers {
    id: "omNode-3"
    address: "localhost:15023"
    startupRole: FOLLOWER
  }
  peers {
    id: "omNode-1"
    address: "localhost:15015"
    startupRole: FOLLOWER
  }
  peers {
    id: "omNode-2"
    address: "localhost:15019"
    startupRole: FOLLOWER
  }
}
 from snapshot
2024-08-03 20:05:11,174 [grpc-default-executor-3] INFO  server.RaftServer$Division (ServerState.java:setRaftConf(386)) - omNode-bootstrap-2@group-0AAC5367B30E: set configuration conf: {index: 0, cur=peers:[omNode-3|localhost:15023, omNode-1|localhost:15015, omNode-2|localhost:15019]|listeners:[], old=null}
2024-08-03 20:05:11,177 [grpc-default-executor-3] INFO  ratis.OzoneManagerStateMachine (OzoneManagerStateMachine.java:notifyConfigurationChanged(216)) - Received Configuration change notification from Ratis. New Peer list:
[id: "omNode-3"
address: "localhost:15023"
startupRole: FOLLOWER
, id: "omNode-1"
address: "localhost:15015"
startupRole: FOLLOWER
, id: "omNode-2"
address: "localhost:15019"
startupRole: FOLLOWER
]
2024-08-03 20:05:11,177 [grpc-default-executor-3] INFO  impl.SnapshotInstallationHandler (SnapshotInstallationHandler.java:installSnapshot(103)) - omNode-bootstrap-2@group-0AAC5367B30E: reply installSnapshot: omNode-1<-omNode-bootstrap-2#0:FAIL-t1,IN_PROGRESS,snapshotIndex=0
2024-08-03 20:05:11,178 [grpc-default-executor-3] INFO  server.GrpcServerProtocolService (GrpcServerProtocolService.java:onCompleted(157)) - omNode-bootstrap-2: Completed INSTALL_SNAPSHOT, lastRequest: omNode-1->omNode-bootstrap-2#0-t1,notify:(t:1, i:0)
2024-08-03 20:05:11,178 [grpc-default-executor-3] INFO  server.GrpcServerProtocolService (GrpcServerProtocolService.java:lambda$onCompleted$5(159)) - omNode-bootstrap-2: Completed INSTALL_SNAPSHOT, lastReply: null
2024-08-03 20:05:11,179 [omNode-bootstrap-2-server-thread1] INFO  server.RaftServer$Division (RaftServerImpl.java:checkInconsistentAppendEntries(1629)) - omNode-bootstrap-2@group-0AAC5367B30E: Failed appendEntries as snapshot (0) installation is in progress
2024-08-03 20:05:11,179 [omNode-bootstrap-2-server-thread1] INFO  server.RaftServer$Division (RaftServerImpl.java:appendEntriesAsync(1584)) - omNode-bootstrap-2@group-0AAC5367B30E: appendEntries* reply omNode-1<-omNode-bootstrap-2#179:FAIL-t1,INCONSISTENCY,nextIndex=0,followerCommit=-1,matchIndex=-1
2024-08-03 20:05:11,180 [grpc-default-executor-3] INFO  impl.SnapshotInstallationHandler (SnapshotInstallationHandler.java:installSnapshot(92)) - omNode-bootstrap-2@group-0AAC5367B30E: receive installSnapshot: omNode-1->omNode-bootstrap-2#0-t1,notify:(t:1, i:0)
2024-08-03 20:05:11,180 [grpc-default-executor-3] INFO  impl.SnapshotInstallationHandler (SnapshotInstallationHandler.java:installSnapshotImpl(138)) - omNode-bootstrap-2@group-0AAC5367B30E: set new configuration configurationEntry {
  peers {
    id: "omNode-3"
    address: "localhost:15023"
    startupRole: FOLLOWER
  }
  peers {
    id: "omNode-1"
    address: "localhost:15015"
    startupRole: FOLLOWER
  }
  peers {
    id: "omNode-2"
    address: "localhost:15019"
    startupRole: FOLLOWER
  }
}
 from snapshot
2024-08-03 20:05:11,180 [grpc-default-executor-3] INFO  server.RaftServer$Division (ServerState.java:setRaftConf(386)) - omNode-bootstrap-2@group-0AAC5367B30E: set configuration conf: {index: 0, cur=peers:[omNode-3|localhost:15023, omNode-1|localhost:15015, omNode-2|localhost:15019]|listeners:[], old=null}
2024-08-03 20:05:11,182 [grpc-default-executor-3] INFO  ratis.OzoneManagerStateMachine (OzoneManagerStateMachine.java:notifyConfigurationChanged(216)) - Received Configuration change notification from Ratis. New Peer list:
[id: "omNode-3"
address: "localhost:15023"
startupRole: FOLLOWER
, id: "omNode-1"
address: "localhost:15015"
startupRole: FOLLOWER
, id: "omNode-2"
address: "localhost:15019"
startupRole: FOLLOWER
]
2024-08-03 20:05:11,183 [grpc-default-executor-3] INFO  impl.SnapshotInstallationHandler (SnapshotInstallationHandler.java:installSnapshot(103)) - omNode-bootstrap-2@group-0AAC5367B30E: reply installSnapshot: omNode-1<-omNode-bootstrap-2#0:FAIL-t1,IN_PROGRESS,snapshotIndex=0
2024-08-03 20:05:11,183 [grpc-default-executor-3] INFO  server.GrpcServerProtocolService (GrpcServerProtocolService.java:onCompleted(157)) - omNode-bootstrap-2: Completed INSTALL_SNAPSHOT, lastRequest: omNode-1->omNode-bootstrap-2#0-t1,notify:(t:1, i:0)
2024-08-03 20:05:11,183 [grpc-default-executor-3] INFO  server.GrpcServerProtocolService (GrpcServerProtocolService.java:lambda$onCompleted$5(159)) - omNode-bootstrap-2: Completed INSTALL_SNAPSHOT, lastReply: null
2024-08-03 20:05:11,185 [grpc-default-executor-1] INFO  impl.SnapshotInstallationHandler (SnapshotInstallationHandler.java:installSnapshot(92)) - omNode-bootstrap-2@group-0AAC5367B30E: receive installSnapshot: omNode-1->omNode-bootstrap-2#0-t1,notify:(t:1, i:0)
2024-08-03 20:05:11,185 [grpc-default-executor-1] INFO  impl.SnapshotInstallationHandler (SnapshotInstallationHandler.java:installSnapshotImpl(138)) - omNode-bootstrap-2@group-0AAC5367B30E: set new configuration configurationEntry {
  peers {
    id: "omNode-3"
    address: "localhost:15023"
    startupRole: FOLLOWER
  }
  peers {
    id: "omNode-1"
    address: "localhost:15015"
    startupRole: FOLLOWER
  }
  peers {
    id: "omNode-2"
    address: "localhost:15019"
    startupRole: FOLLOWER
  }
}
 from snapshot
2024-08-03 20:05:11,185 [grpc-default-executor-1] INFO  server.RaftServer$Division (ServerState.java:setRaftConf(386)) - omNode-bootstrap-2@group-0AAC5367B30E: set configuration conf: {index: 0, cur=peers:[omNode-3|localhost:15023, omNode-1|localhost:15015, omNode-2|localhost:15019]|listeners:[], old=null}
2024-08-03 20:05:11,186 [omNode-bootstrap-2-server-thread1] INFO  server.RaftServer$Division (RaftServerImpl.java:checkInconsistentAppendEntries(1629)) - omNode-bootstrap-2@group-0AAC5367B30E: Failed appendEntries as snapshot (0) installation is in progress
2024-08-03 20:05:11,186 [omNode-bootstrap-2-server-thread1] INFO  server.RaftServer$Division (RaftServerImpl.java:appendEntriesAsync(1584)) - omNode-bootstrap-2@group-0AAC5367B30E: appendEntries* reply omNode-1<-omNode-bootstrap-2#180:FAIL-t1,INCONSISTENCY,nextIndex=0,followerCommit=-1,matchIndex=-1
2024-08-03 20:05:11,186 [grpc-default-executor-1] INFO  ratis.OzoneManagerStateMachine (OzoneManagerStateMachine.java:notifyConfigurationChanged(216)) - Received Configuration change notification from Ratis. New Peer list:
[id: "omNode-3"
address: "localhost:15023"
startupRole: FOLLOWER
, id: "omNode-1"
address: "localhost:15015"
startupRole: FOLLOWER
, id: "omNode-2"
address: "localhost:15019"
startupRole: FOLLOWER
]
2024-08-03 20:05:11,187 [grpc-default-executor-1] INFO  impl.SnapshotInstallationHandler (SnapshotInstallationHandler.java:installSnapshot(103)) - omNode-bootstrap-2@group-0AAC5367B30E: reply installSnapshot: omNode-1<-omNode-bootstrap-2#0:FAIL-t1,IN_PROGRESS,snapshotIndex=0
2024-08-03 20:05:11,187 [grpc-default-executor-1] INFO  server.GrpcServerProtocolService (GrpcServerProtocolService.java:onCompleted(157)) - omNode-bootstrap-2: Completed INSTALL_SNAPSHOT, lastRequest: omNode-1->omNode-bootstrap-2#0-t1,notify:(t:1, i:0)
2024-08-03 20:05:11,187 [grpc-default-executor-1] INFO  server.GrpcServerProtocolService (GrpcServerProtocolService.java:lambda$onCompleted$5(159)) - omNode-bootstrap-2: Completed INSTALL_SNAPSHOT, lastReply: null
2024-08-03 20:05:11,188 [omNode-bootstrap-2-server-thread1] INFO  server.RaftServer$Division (RaftServerImpl.java:checkInconsistentAppendEntries(1629)) - omNode-bootstrap-2@group-0AAC5367B30E: Failed appendEntries as snapshot (0) installation is in progress
2024-08-03 20:05:11,188 [omNode-bootstrap-2-server-thread1] INFO  server.RaftServer$Division (RaftServerImpl.java:appendEntriesAsync(1584)) - omNode-bootstrap-2@group-0AAC5367B30E: appendEntries* reply omNode-1<-omNode-bootstrap-2#181:FAIL-t1,INCONSISTENCY,nextIndex=0,followerCommit=-1,matchIndex=-1
2024-08-03 20:05:11,189 [grpc-default-executor-1] INFO  impl.SnapshotInstallationHandler (SnapshotInstallationHandler.java:installSnapshot(92)) - omNode-bootstrap-2@group-0AAC5367B30E: receive installSnapshot: omNode-1->omNode-bootstrap-2#0-t1,notify:(t:1, i:0)
2024-08-03 20:05:11,189 [grpc-default-executor-1] INFO  impl.SnapshotInstallationHandler (SnapshotInstallationHandler.java:installSnapshotImpl(138)) - omNode-bootstrap-2@group-0AAC5367B30E: set new configuration configurationEntry {
  peers {
    id: "omNode-3"
    address: "localhost:15023"
    startupRole: FOLLOWER
  }
  peers {
    id: "omNode-1"
    address: "localhost:15015"
    startupRole: FOLLOWER
  }
  peers {
    id: "omNode-2"
    address: "localhost:15019"
    startupRole: FOLLOWER
  }
}
 from snapshot
2024-08-03 20:05:11,189 [grpc-default-executor-1] INFO  server.RaftServer$Division (ServerState.java:setRaftConf(386)) - omNode-bootstrap-2@group-0AAC5367B30E: set configuration conf: {index: 0, cur=peers:[omNode-3|localhost:15023, omNode-1|localhost:15015, omNode-2|localhost:15019]|listeners:[], old=null}
2024-08-03 20:05:11,190 [grpc-default-executor-1] INFO  ratis.OzoneManagerStateMachine (OzoneManagerStateMachine.java:notifyConfigurationChanged(216)) - Received Configuration change notification from Ratis. New Peer list:
[id: "omNode-3"
address: "localhost:15023"
startupRole: FOLLOWER
, id: "omNode-1"
address: "localhost:15015"
startupRole: FOLLOWER
, id: "omNode-2"
address: "localhost:15019"
startupRole: FOLLOWER
]
2024-08-03 20:05:11,190 [grpc-default-executor-1] INFO  impl.SnapshotInstallationHandler (SnapshotInstallationHandler.java:installSnapshot(103)) - omNode-bootstrap-2@group-0AAC5367B30E: reply installSnapshot: omNode-1<-omNode-bootstrap-2#0:FAIL-t1,IN_PROGRESS,snapshotIndex=0
2024-08-03 20:05:11,190 [grpc-default-executor-1] INFO  server.GrpcServerProtocolService (GrpcServerProtocolService.java:onCompleted(157)) - omNode-bootstrap-2: Completed INSTALL_SNAPSHOT, lastRequest: omNode-1->omNode-bootstrap-2#0-t1,notify:(t:1, i:0)
2024-08-03 20:05:11,191 [grpc-default-executor-1] INFO  server.GrpcServerProtocolService (GrpcServerProtocolService.java:lambda$onCompleted$5(159)) - omNode-bootstrap-2: Completed INSTALL_SNAPSHOT, lastReply: null
2024-08-03 20:05:11,192 [omNode-bootstrap-2-server-thread1] INFO  server.RaftServer$Division (RaftServerImpl.java:checkInconsistentAppendEntries(1629)) - omNode-bootstrap-2@group-0AAC5367B30E: Failed appendEntries as snapshot (0) installation is in progress
2024-08-03 20:05:11,192 [omNode-bootstrap-2-server-thread1] INFO  server.RaftServer$Division (RaftServerImpl.java:appendEntriesAsync(1584)) - omNode-bootstrap-2@group-0AAC5367B30E: appendEntries* reply omNode-1<-omNode-bootstrap-2#182:FAIL-t1,INCONSISTENCY,nextIndex=0,followerCommit=-1,matchIndex=-1
2024-08-03 20:05:11,193 [grpc-default-executor-1] INFO  impl.SnapshotInstallationHandler (SnapshotInstallationHandler.java:installSnapshot(92)) - omNode-bootstrap-2@group-0AAC5367B30E: receive installSnapshot: omNode-1->omNode-bootstrap-2#0-t1,notify:(t:1, i:0)
2024-08-03 20:05:11,193 [grpc-default-executor-1] INFO  impl.SnapshotInstallationHandler (SnapshotInstallationHandler.java:installSnapshotImpl(138)) - omNode-bootstrap-2@group-0AAC5367B30E: set new configuration configurationEntry {
  peers {
    id: "omNode-3"
    address: "localhost:15023"
    startupRole: FOLLOWER
  }
  peers {
    id: "omNode-1"
    address: "localhost:15015"
    startupRole: FOLLOWER
  }
  peers {
    id: "omNode-2"
    address: "localhost:15019"
    startupRole: FOLLOWER
  }
}
 from snapshot
2024-08-03 20:05:11,193 [grpc-default-executor-1] INFO  server.RaftServer$Division (ServerState.java:setRaftConf(386)) - omNode-bootstrap-2@group-0AAC5367B30E: set configuration conf: {index: 0, cur=peers:[omNode-3|localhost:15023, omNode-1|localhost:15015, omNode-2|localhost:15019]|listeners:[], old=null}
2024-08-03 20:05:11,194 [grpc-default-executor-1] INFO  ratis.OzoneManagerStateMachine (OzoneManagerStateMachine.java:notifyConfigurationChanged(216)) - Received Configuration change notification from Ratis. New Peer list:
[id: "omNode-3"
address: "localhost:15023"
startupRole: FOLLOWER
, id: "omNode-1"
address: "localhost:15015"
startupRole: FOLLOWER
, id: "omNode-2"
address: "localhost:15019"
startupRole: FOLLOWER
]
2024-08-03 20:05:11,195 [grpc-default-executor-1] INFO  impl.SnapshotInstallationHandler (SnapshotInstallationHandler.java:installSnapshot(103)) - omNode-bootstrap-2@group-0AAC5367B30E: reply installSnapshot: omNode-1<-omNode-bootstrap-2#0:FAIL-t1,IN_PROGRESS,snapshotIndex=0
2024-08-03 20:05:11,195 [grpc-default-executor-1] INFO  server.GrpcServerProtocolService (GrpcServerProtocolService.java:onCompleted(157)) - omNode-bootstrap-2: Completed INSTALL_SNAPSHOT, lastRequest: omNode-1->omNode-bootstrap-2#0-t1,notify:(t:1, i:0)
2024-08-03 20:05:11,195 [grpc-default-executor-1] INFO  server.GrpcServerProtocolService (GrpcServerProtocolService.java:lambda$onCompleted$5(159)) - omNode-bootstrap-2: Completed INSTALL_SNAPSHOT, lastReply: null
2024-08-03 20:05:11,196 [omNode-bootstrap-2-server-thread1] INFO  server.RaftServer$Division (RaftServerImpl.java:checkInconsistentAppendEntries(1629)) - omNode-bootstrap-2@group-0AAC5367B30E: Failed appendEntries as snapshot (0) installation is in progress
2024-08-03 20:05:11,196 [omNode-bootstrap-2-server-thread1] INFO  server.RaftServer$Division (RaftServerImpl.java:appendEntriesAsync(1584)) - omNode-bootstrap-2@group-0AAC5367B30E: appendEntries* reply omNode-1<-omNode-bootstrap-2#183:FAIL-t1,INCONSISTENCY,nextIndex=0,followerCommit=-1,matchIndex=-1
2024-08-03 20:05:11,197 [grpc-default-executor-0] INFO  impl.SnapshotInstallationHandler (SnapshotInstallationHandler.java:installSnapshot(92)) - omNode-bootstrap-2@group-0AAC5367B30E: receive installSnapshot: omNode-1->omNode-bootstrap-2#0-t1,notify:(t:1, i:0)
2024-08-03 20:05:11,197 [grpc-default-executor-0] INFO  impl.SnapshotInstallationHandler (SnapshotInstallationHandler.java:installSnapshotImpl(138)) - omNode-bootstrap-2@group-0AAC5367B30E: set new configuration configurationEntry {
  peers {
    id: "omNode-3"
    address: "localhost:15023"
    startupRole: FOLLOWER
  }
  peers {
    id: "omNode-1"
    address: "localhost:15015"
    startupRole: FOLLOWER
  }
  peers {
    id: "omNode-2"
    address: "localhost:15019"
    startupRole: FOLLOWER
  }
}
 from snapshot
2024-08-03 20:05:11,197 [grpc-default-executor-0] INFO  server.RaftServer$Division (ServerState.java:setRaftConf(386)) - omNode-bootstrap-2@group-0AAC5367B30E: set configuration conf: {index: 0, cur=peers:[omNode-3|localhost:15023, omNode-1|localhost:15015, omNode-2|localhost:15019]|listeners:[], old=null}
2024-08-03 20:05:11,198 [grpc-default-executor-0] INFO  ratis.OzoneManagerStateMachine (OzoneManagerStateMachine.java:notifyConfigurationChanged(216)) - Received Configuration change notification from Ratis. New Peer list:
[id: "omNode-3"
address: "localhost:15023"
startupRole: FOLLOWER
, id: "omNode-1"
address: "localhost:15015"
startupRole: FOLLOWER
, id: "omNode-2"
address: "localhost:15019"
startupRole: FOLLOWER
]
2024-08-03 20:05:11,198 [grpc-default-executor-0] INFO  impl.SnapshotInstallationHandler (SnapshotInstallationHandler.java:installSnapshot(103)) - omNode-bootstrap-2@group-0AAC5367B30E: reply installSnapshot: omNode-1<-omNode-bootstrap-2#0:FAIL-t1,IN_PROGRESS,snapshotIndex=0
2024-08-03 20:05:11,199 [grpc-default-executor-0] INFO  server.GrpcServerProtocolService (GrpcServerProtocolService.java:onCompleted(157)) - omNode-bootstrap-2: Completed INSTALL_SNAPSHOT, lastRequest: omNode-1->omNode-bootstrap-2#0-t1,notify:(t:1, i:0)
2024-08-03 20:05:11,199 [grpc-default-executor-0] INFO  server.GrpcServerProtocolService (GrpcServerProtocolService.java:lambda$onCompleted$5(159)) - omNode-bootstrap-2: Completed INSTALL_SNAPSHOT, lastReply: null
2024-08-03 20:05:11,200 [omNode-bootstrap-2-server-thread1] INFO  server.RaftServer$Division (RaftServerImpl.java:checkInconsistentAppendEntries(1629)) - omNode-bootstrap-2@group-0AAC5367B30E: Failed appendEntries as snapshot (0) installation is in progress
2024-08-03 20:05:11,200 [grpc-default-executor-5] INFO  impl.SnapshotInstallationHandler (SnapshotInstallationHandler.java:installSnapshot(92)) - omNode-bootstrap-2@group-0AAC5367B30E: receive installSnapshot: omNode-1->omNode-bootstrap-2#0-t1,notify:(t:1, i:0)
2024-08-03 20:05:11,200 [omNode-bootstrap-2-server-thread1] INFO  server.RaftServer$Division (RaftServerImpl.java:appendEntriesAsync(1584)) - omNode-bootstrap-2@group-0AAC5367B30E: appendEntries* reply omNode-1<-omNode-bootstrap-2#184:FAIL-t1,INCONSISTENCY,nextIndex=0,followerCommit=-1,matchIndex=-1
2024-08-03 20:05:11,201 [grpc-default-executor-5] INFO  impl.SnapshotInstallationHandler (SnapshotInstallationHandler.java:installSnapshotImpl(138)) - omNode-bootstrap-2@group-0AAC5367B30E: set new configuration configurationEntry {
  peers {
    id: "omNode-3"
    address: "localhost:15023"
    startupRole: FOLLOWER
  }
  peers {
    id: "omNode-1"
    address: "localhost:15015"
    startupRole: FOLLOWER
  }
  peers {
    id: "omNode-2"
    address: "localhost:15019"
    startupRole: FOLLOWER
  }
}
 from snapshot
2024-08-03 20:05:11,201 [grpc-default-executor-5] INFO  server.RaftServer$Division (ServerState.java:setRaftConf(386)) - omNode-bootstrap-2@group-0AAC5367B30E: set configuration conf: {index: 0, cur=peers:[omNode-3|localhost:15023, omNode-1|localhost:15015, omNode-2|localhost:15019]|listeners:[], old=null}
2024-08-03 20:05:11,202 [grpc-default-executor-5] INFO  ratis.OzoneManagerStateMachine (OzoneManagerStateMachine.java:notifyConfigurationChanged(216)) - Received Configuration change notification from Ratis. New Peer list:
[id: "omNode-3"
address: "localhost:15023"
startupRole: FOLLOWER
, id: "omNode-1"
address: "localhost:15015"
startupRole: FOLLOWER
, id: "omNode-2"
address: "localhost:15019"
startupRole: FOLLOWER
]
2024-08-03 20:05:11,202 [grpc-default-executor-5] INFO  impl.SnapshotInstallationHandler (SnapshotInstallationHandler.java:installSnapshot(103)) - omNode-bootstrap-2@group-0AAC5367B30E: reply installSnapshot: omNode-1<-omNode-bootstrap-2#0:FAIL-t1,IN_PROGRESS,snapshotIndex=0
2024-08-03 20:05:11,202 [grpc-default-executor-5] INFO  server.GrpcServerProtocolService (GrpcServerProtocolService.java:onCompleted(157)) - omNode-bootstrap-2: Completed INSTALL_SNAPSHOT, lastRequest: omNode-1->omNode-bootstrap-2#0-t1,notify:(t:1, i:0)
2024-08-03 20:05:11,202 [grpc-default-executor-5] INFO  server.GrpcServerProtocolService (GrpcServerProtocolService.java:lambda$onCompleted$5(159)) - omNode-bootstrap-2: Completed INSTALL_SNAPSHOT, lastReply: null
2024-08-03 20:05:11,203 [omNode-bootstrap-2-server-thread1] INFO  server.RaftServer$Division (RaftServerImpl.java:checkInconsistentAppendEntries(1629)) - omNode-bootstrap-2@group-0AAC5367B30E: Failed appendEntries as snapshot (0) installation is in progress
2024-08-03 20:05:11,203 [omNode-bootstrap-2-server-thread1] INFO  server.RaftServer$Division (RaftServerImpl.java:appendEntriesAsync(1584)) - omNode-bootstrap-2@group-0AAC5367B30E: appendEntries* reply omNode-1<-omNode-bootstrap-2#185:FAIL-t1,INCONSISTENCY,nextIndex=0,followerCommit=-1,matchIndex=-1
2024-08-03 20:05:11,204 [grpc-default-executor-3] INFO  impl.SnapshotInstallationHandler (SnapshotInstallationHandler.java:installSnapshot(92)) - omNode-bootstrap-2@group-0AAC5367B30E: receive installSnapshot: omNode-1->omNode-bootstrap-2#0-t1,notify:(t:1, i:0)
2024-08-03 20:05:11,204 [grpc-default-executor-3] INFO  impl.SnapshotInstallationHandler (SnapshotInstallationHandler.java:installSnapshotImpl(138)) - omNode-bootstrap-2@group-0AAC5367B30E: set new configuration configurationEntry {
  peers {
    id: "omNode-3"
    address: "localhost:15023"
    startupRole: FOLLOWER
  }
  peers {
    id: "omNode-1"
    address: "localhost:15015"
    startupRole: FOLLOWER
  }
  peers {
    id: "omNode-2"
    address: "localhost:15019"
    startupRole: FOLLOWER
  }
}
 from snapshot
2024-08-03 20:05:11,204 [grpc-default-executor-3] INFO  server.RaftServer$Division (ServerState.java:setRaftConf(386)) - omNode-bootstrap-2@group-0AAC5367B30E: set configuration conf: {index: 0, cur=peers:[omNode-3|localhost:15023, omNode-1|localhost:15015, omNode-2|localhost:15019]|listeners:[], old=null}
2024-08-03 20:05:11,205 [grpc-default-executor-3] INFO  ratis.OzoneManagerStateMachine (OzoneManagerStateMachine.java:notifyConfigurationChanged(216)) - Received Configuration change notification from Ratis. New Peer list:
[id: "omNode-3"
address: "localhost:15023"
startupRole: FOLLOWER
, id: "omNode-1"
address: "localhost:15015"
startupRole: FOLLOWER
, id: "omNode-2"
address: "localhost:15019"
startupRole: FOLLOWER
]
2024-08-03 20:05:11,205 [grpc-default-executor-3] INFO  impl.SnapshotInstallationHandler (SnapshotInstallationHandler.java:installSnapshot(103)) - omNode-bootstrap-2@group-0AAC5367B30E: reply installSnapshot: omNode-1<-omNode-bootstrap-2#0:FAIL-t1,IN_PROGRESS,snapshotIndex=0
2024-08-03 20:05:11,205 [grpc-default-executor-3] INFO  server.GrpcServerProtocolService (GrpcServerProtocolService.java:onCompleted(157)) - omNode-bootstrap-2: Completed INSTALL_SNAPSHOT, lastRequest: omNode-1->omNode-bootstrap-2#0-t1,notify:(t:1, i:0)
2024-08-03 20:05:11,205 [grpc-default-executor-3] INFO  server.GrpcServerProtocolService (GrpcServerProtocolService.java:lambda$onCompleted$5(159)) - omNode-bootstrap-2: Completed INSTALL_SNAPSHOT, lastReply: null
2024-08-03 20:05:11,206 [omNode-bootstrap-2-server-thread1] INFO  server.RaftServer$Division (RaftServerImpl.java:checkInconsistentAppendEntries(1629)) - omNode-bootstrap-2@group-0AAC5367B30E: Failed appendEntries as snapshot (0) installation is in progress
2024-08-03 20:05:11,206 [omNode-bootstrap-2-server-thread1] INFO  server.RaftServer$Division (RaftServerImpl.java:appendEntriesAsync(1584)) - omNode-bootstrap-2@group-0AAC5367B30E: appendEntries* reply omNode-1<-omNode-bootstrap-2#186:FAIL-t1,INCONSISTENCY,nextIndex=0,followerCommit=-1,matchIndex=-1
2024-08-03 20:05:11,207 [grpc-default-executor-3] INFO  impl.SnapshotInstallationHandler (SnapshotInstallationHandler.java:installSnapshot(92)) - omNode-bootstrap-2@group-0AAC5367B30E: receive installSnapshot: omNode-1->omNode-bootstrap-2#0-t1,notify:(t:1, i:0)
2024-08-03 20:05:11,208 [grpc-default-executor-3] INFO  impl.SnapshotInstallationHandler (SnapshotInstallationHandler.java:installSnapshotImpl(138)) - omNode-bootstrap-2@group-0AAC5367B30E: set new configuration configurationEntry {
  peers {
    id: "omNode-3"
    address: "localhost:15023"
    startupRole: FOLLOWER
  }
  peers {
    id: "omNode-1"
    address: "localhost:15015"
    startupRole: FOLLOWER
  }
  peers {
    id: "omNode-2"
    address: "localhost:15019"
    startupRole: FOLLOWER
  }
}
 from snapshot
2024-08-03 20:05:11,208 [grpc-default-executor-3] INFO  server.RaftServer$Division (ServerState.java:setRaftConf(386)) - omNode-bootstrap-2@group-0AAC5367B30E: set configuration conf: {index: 0, cur=peers:[omNode-3|localhost:15023, omNode-1|localhost:15015, omNode-2|localhost:15019]|listeners:[], old=null}
2024-08-03 20:05:11,209 [grpc-default-executor-3] INFO  ratis.OzoneManagerStateMachine (OzoneManagerStateMachine.java:notifyConfigurationChanged(216)) - Received Configuration change notification from Ratis. New Peer list:
[id: "omNode-3"
address: "localhost:15023"
startupRole: FOLLOWER
, id: "omNode-1"
address: "localhost:15015"
startupRole: FOLLOWER
, id: "omNode-2"
address: "localhost:15019"
startupRole: FOLLOWER
]
2024-08-03 20:05:11,209 [grpc-default-executor-3] INFO  impl.SnapshotInstallationHandler (SnapshotInstallationHandler.java:installSnapshot(103)) - omNode-bootstrap-2@group-0AAC5367B30E: reply installSnapshot: omNode-1<-omNode-bootstrap-2#0:FAIL-t1,IN_PROGRESS,snapshotIndex=0
2024-08-03 20:05:11,209 [grpc-default-executor-3] INFO  server.GrpcServerProtocolService (GrpcServerProtocolService.java:onCompleted(157)) - omNode-bootstrap-2: Completed INSTALL_SNAPSHOT, lastRequest: omNode-1->omNode-bootstrap-2#0-t1,notify:(t:1, i:0)
2024-08-03 20:05:11,209 [grpc-default-executor-3] INFO  server.GrpcServerProtocolService (GrpcServerProtocolService.java:lambda$onCompleted$5(159)) - omNode-bootstrap-2: Completed INSTALL_SNAPSHOT, lastReply: null
2024-08-03 20:05:11,210 [omNode-bootstrap-2-server-thread1] INFO  server.RaftServer$Division (RaftServerImpl.java:checkInconsistentAppendEntries(1629)) - omNode-bootstrap-2@group-0AAC5367B30E: Failed appendEntries as snapshot (0) installation is in progress
2024-08-03 20:05:11,211 [omNode-bootstrap-2-server-thread1] INFO  server.RaftServer$Division (RaftServerImpl.java:appendEntriesAsync(1584)) - omNode-bootstrap-2@group-0AAC5367B30E: appendEntries* reply omNode-1<-omNode-bootstrap-2#187:FAIL-t1,INCONSISTENCY,nextIndex=0,followerCommit=-1,matchIndex=-1
2024-08-03 20:05:11,211 [grpc-default-executor-3] INFO  impl.SnapshotInstallationHandler (SnapshotInstallationHandler.java:installSnapshot(92)) - omNode-bootstrap-2@group-0AAC5367B30E: receive installSnapshot: omNode-1->omNode-bootstrap-2#0-t1,notify:(t:1, i:0)
2024-08-03 20:05:11,211 [grpc-default-executor-3] INFO  impl.SnapshotInstallationHandler (SnapshotInstallationHandler.java:installSnapshotImpl(138)) - omNode-bootstrap-2@group-0AAC5367B30E: set new configuration configurationEntry {
  peers {
    id: "omNode-3"
    address: "localhost:15023"
    startupRole: FOLLOWER
  }
  peers {
    id: "omNode-1"
    address: "localhost:15015"
    startupRole: FOLLOWER
  }
  peers {
    id: "omNode-2"
    address: "localhost:15019"
    startupRole: FOLLOWER
  }
}
 from snapshot
2024-08-03 20:05:11,211 [grpc-default-executor-3] INFO  server.RaftServer$Division (ServerState.java:setRaftConf(386)) - omNode-bootstrap-2@group-0AAC5367B30E: set configuration conf: {index: 0, cur=peers:[omNode-3|localhost:15023, omNode-1|localhost:15015, omNode-2|localhost:15019]|listeners:[], old=null}
2024-08-03 20:05:11,212 [grpc-default-executor-3] INFO  ratis.OzoneManagerStateMachine (OzoneManagerStateMachine.java:notifyConfigurationChanged(216)) - Received Configuration change notification from Ratis. New Peer list:
[id: "omNode-3"
address: "localhost:15023"
startupRole: FOLLOWER
, id: "omNode-1"
address: "localhost:15015"
startupRole: FOLLOWER
, id: "omNode-2"
address: "localhost:15019"
startupRole: FOLLOWER
]
2024-08-03 20:05:11,212 [grpc-default-executor-3] INFO  impl.SnapshotInstallationHandler (SnapshotInstallationHandler.java:installSnapshot(103)) - omNode-bootstrap-2@group-0AAC5367B30E: reply installSnapshot: omNode-1<-omNode-bootstrap-2#0:FAIL-t1,IN_PROGRESS,snapshotIndex=0
2024-08-03 20:05:11,213 [grpc-default-executor-3] INFO  server.GrpcServerProtocolService (GrpcServerProtocolService.java:onCompleted(157)) - omNode-bootstrap-2: Completed INSTALL_SNAPSHOT, lastRequest: omNode-1->omNode-bootstrap-2#0-t1,notify:(t:1, i:0)
2024-08-03 20:05:11,213 [grpc-default-executor-3] INFO  server.GrpcServerProtocolService (GrpcServerProtocolService.java:lambda$onCompleted$5(159)) - omNode-bootstrap-2: Completed INSTALL_SNAPSHOT, lastReply: null
2024-08-03 20:05:11,213 [omNode-bootstrap-2-server-thread1] INFO  server.RaftServer$Division (RaftServerImpl.java:checkInconsistentAppendEntries(1629)) - omNode-bootstrap-2@group-0AAC5367B30E: Failed appendEntries as snapshot (0) installation is in progress
2024-08-03 20:05:11,213 [omNode-bootstrap-2-server-thread1] INFO  server.RaftServer$Division (RaftServerImpl.java:appendEntriesAsync(1584)) - omNode-bootstrap-2@group-0AAC5367B30E: appendEntries* reply omNode-1<-omNode-bootstrap-2#188:FAIL-t1,INCONSISTENCY,nextIndex=0,followerCommit=-1,matchIndex=-1
2024-08-03 20:05:11,214 [omNode-bootstrap-2-InstallSnapshotThread] INFO  om.OzoneManager (OzoneManager.java:instantiateServices(812)) - S3 Multi-Tenancy is disabled
2024-08-03 20:05:11,214 [omNode-bootstrap-2-InstallSnapshotThread] INFO  om.OmSnapshotManager (OmSnapshotManager.java:<init>(180)) - Ozone filesystem snapshot feature is enabled.
2024-08-03 20:05:11,214 [omNode-bootstrap-2-InstallSnapshotThread] WARN  server.ServerUtils (ServerUtils.java:getDBPath(299)) - ozone.om.snapshot.diff.db.dir is not configured. We recommend adding this setting. Falling back to ozone.metadata.dirs instead.
2024-08-03 20:05:11,215 [grpc-default-executor-3] INFO  impl.SnapshotInstallationHandler (SnapshotInstallationHandler.java:installSnapshot(92)) - omNode-bootstrap-2@group-0AAC5367B30E: receive installSnapshot: omNode-1->omNode-bootstrap-2#0-t1,notify:(t:1, i:0)
2024-08-03 20:05:11,215 [grpc-default-executor-3] INFO  impl.SnapshotInstallationHandler (SnapshotInstallationHandler.java:installSnapshotImpl(138)) - omNode-bootstrap-2@group-0AAC5367B30E: set new configuration configurationEntry {
  peers {
    id: "omNode-3"
    address: "localhost:15023"
    startupRole: FOLLOWER
  }
  peers {
    id: "omNode-1"
    address: "localhost:15015"
    startupRole: FOLLOWER
  }
  peers {
    id: "omNode-2"
    address: "localhost:15019"
    startupRole: FOLLOWER
  }
}
 from snapshot
2024-08-03 20:05:11,215 [grpc-default-executor-3] INFO  server.RaftServer$Division (ServerState.java:setRaftConf(386)) - omNode-bootstrap-2@group-0AAC5367B30E: set configuration conf: {index: 0, cur=peers:[omNode-3|localhost:15023, omNode-1|localhost:15015, omNode-2|localhost:15019]|listeners:[], old=null}
2024-08-03 20:05:11,217 [grpc-default-executor-3] INFO  ratis.OzoneManagerStateMachine (OzoneManagerStateMachine.java:notifyConfigurationChanged(216)) - Received Configuration change notification from Ratis. New Peer list:
[id: "omNode-3"
address: "localhost:15023"
startupRole: FOLLOWER
, id: "omNode-1"
address: "localhost:15015"
startupRole: FOLLOWER
, id: "omNode-2"
address: "localhost:15019"
startupRole: FOLLOWER
]
2024-08-03 20:05:11,217 [grpc-default-executor-3] INFO  impl.SnapshotInstallationHandler (SnapshotInstallationHandler.java:installSnapshot(103)) - omNode-bootstrap-2@group-0AAC5367B30E: reply installSnapshot: omNode-1<-omNode-bootstrap-2#0:FAIL-t1,IN_PROGRESS,snapshotIndex=0
2024-08-03 20:05:11,217 [grpc-default-executor-3] INFO  server.GrpcServerProtocolService (GrpcServerProtocolService.java:onCompleted(157)) - omNode-bootstrap-2: Completed INSTALL_SNAPSHOT, lastRequest: omNode-1->omNode-bootstrap-2#0-t1,notify:(t:1, i:0)
2024-08-03 20:05:11,218 [grpc-default-executor-3] INFO  server.GrpcServerProtocolService (GrpcServerProtocolService.java:lambda$onCompleted$5(159)) - omNode-bootstrap-2: Completed INSTALL_SNAPSHOT, lastReply: null
2024-08-03 20:05:11,220 [omNode-bootstrap-2-server-thread1] INFO  server.RaftServer$Division (RaftServerImpl.java:checkInconsistentAppendEntries(1629)) - omNode-bootstrap-2@group-0AAC5367B30E: Failed appendEntries as snapshot (0) installation is in progress
2024-08-03 20:05:11,220 [omNode-bootstrap-2-server-thread1] INFO  server.RaftServer$Division (RaftServerImpl.java:appendEntriesAsync(1584)) - omNode-bootstrap-2@group-0AAC5367B30E: appendEntries* reply omNode-1<-omNode-bootstrap-2#189:FAIL-t1,INCONSISTENCY,nextIndex=0,followerCommit=-1,matchIndex=-1
2024-08-03 20:05:11,220 [grpc-default-executor-0] INFO  impl.SnapshotInstallationHandler (SnapshotInstallationHandler.java:installSnapshot(92)) - omNode-bootstrap-2@group-0AAC5367B30E: receive installSnapshot: omNode-1->omNode-bootstrap-2#0-t1,notify:(t:1, i:0)
2024-08-03 20:05:11,221 [grpc-default-executor-0] INFO  impl.SnapshotInstallationHandler (SnapshotInstallationHandler.java:installSnapshotImpl(138)) - omNode-bootstrap-2@group-0AAC5367B30E: set new configuration configurationEntry {
  peers {
    id: "omNode-3"
    address: "localhost:15023"
    startupRole: FOLLOWER
  }
  peers {
    id: "omNode-1"
    address: "localhost:15015"
    startupRole: FOLLOWER
  }
  peers {
    id: "omNode-2"
    address: "localhost:15019"
    startupRole: FOLLOWER
  }
}
 from snapshot
2024-08-03 20:05:11,221 [grpc-default-executor-0] INFO  server.RaftServer$Division (ServerState.java:setRaftConf(386)) - omNode-bootstrap-2@group-0AAC5367B30E: set configuration conf: {index: 0, cur=peers:[omNode-3|localhost:15023, omNode-1|localhost:15015, omNode-2|localhost:15019]|listeners:[], old=null}
2024-08-03 20:05:11,222 [grpc-default-executor-0] INFO  ratis.OzoneManagerStateMachine (OzoneManagerStateMachine.java:notifyConfigurationChanged(216)) - Received Configuration change notification from Ratis. New Peer list:
[id: "omNode-3"
address: "localhost:15023"
startupRole: FOLLOWER
, id: "omNode-1"
address: "localhost:15015"
startupRole: FOLLOWER
, id: "omNode-2"
address: "localhost:15019"
startupRole: FOLLOWER
]
2024-08-03 20:05:11,222 [grpc-default-executor-0] INFO  impl.SnapshotInstallationHandler (SnapshotInstallationHandler.java:installSnapshot(103)) - omNode-bootstrap-2@group-0AAC5367B30E: reply installSnapshot: omNode-1<-omNode-bootstrap-2#0:FAIL-t1,IN_PROGRESS,snapshotIndex=0
2024-08-03 20:05:11,222 [grpc-default-executor-0] INFO  server.GrpcServerProtocolService (GrpcServerProtocolService.java:onCompleted(157)) - omNode-bootstrap-2: Completed INSTALL_SNAPSHOT, lastRequest: omNode-1->omNode-bootstrap-2#0-t1,notify:(t:1, i:0)
2024-08-03 20:05:11,222 [grpc-default-executor-0] INFO  server.GrpcServerProtocolService (GrpcServerProtocolService.java:lambda$onCompleted$5(159)) - omNode-bootstrap-2: Completed INSTALL_SNAPSHOT, lastReply: null
2024-08-03 20:05:11,224 [omNode-bootstrap-2-server-thread1] INFO  server.RaftServer$Division (RaftServerImpl.java:checkInconsistentAppendEntries(1629)) - omNode-bootstrap-2@group-0AAC5367B30E: Failed appendEntries as snapshot (0) installation is in progress
2024-08-03 20:05:11,224 [omNode-bootstrap-2-server-thread1] INFO  server.RaftServer$Division (RaftServerImpl.java:appendEntriesAsync(1584)) - omNode-bootstrap-2@group-0AAC5367B30E: appendEntries* reply omNode-1<-omNode-bootstrap-2#190:FAIL-t1,INCONSISTENCY,nextIndex=0,followerCommit=-1,matchIndex=-1
2024-08-03 20:05:11,224 [grpc-default-executor-1] INFO  impl.SnapshotInstallationHandler (SnapshotInstallationHandler.java:installSnapshot(92)) - omNode-bootstrap-2@group-0AAC5367B30E: receive installSnapshot: omNode-1->omNode-bootstrap-2#0-t1,notify:(t:1, i:0)
2024-08-03 20:05:11,225 [grpc-default-executor-1] INFO  impl.SnapshotInstallationHandler (SnapshotInstallationHandler.java:installSnapshotImpl(138)) - omNode-bootstrap-2@group-0AAC5367B30E: set new configuration configurationEntry {
  peers {
    id: "omNode-3"
    address: "localhost:15023"
    startupRole: FOLLOWER
  }
  peers {
    id: "omNode-1"
    address: "localhost:15015"
    startupRole: FOLLOWER
  }
  peers {
    id: "omNode-2"
    address: "localhost:15019"
    startupRole: FOLLOWER
  }
}
 from snapshot
2024-08-03 20:05:11,225 [grpc-default-executor-1] INFO  server.RaftServer$Division (ServerState.java:setRaftConf(386)) - omNode-bootstrap-2@group-0AAC5367B30E: set configuration conf: {index: 0, cur=peers:[omNode-3|localhost:15023, omNode-1|localhost:15015, omNode-2|localhost:15019]|listeners:[], old=null}
2024-08-03 20:05:11,227 [grpc-default-executor-1] INFO  ratis.OzoneManagerStateMachine (OzoneManagerStateMachine.java:notifyConfigurationChanged(216)) - Received Configuration change notification from Ratis. New Peer list:
[id: "omNode-3"
address: "localhost:15023"
startupRole: FOLLOWER
, id: "omNode-1"
address: "localhost:15015"
startupRole: FOLLOWER
, id: "omNode-2"
address: "localhost:15019"
startupRole: FOLLOWER
]
2024-08-03 20:05:11,227 [grpc-default-executor-1] INFO  impl.SnapshotInstallationHandler (SnapshotInstallationHandler.java:installSnapshot(103)) - omNode-bootstrap-2@group-0AAC5367B30E: reply installSnapshot: omNode-1<-omNode-bootstrap-2#0:FAIL-t1,IN_PROGRESS,snapshotIndex=0
2024-08-03 20:05:11,228 [grpc-default-executor-1] INFO  server.GrpcServerProtocolService (GrpcServerProtocolService.java:onCompleted(157)) - omNode-bootstrap-2: Completed INSTALL_SNAPSHOT, lastRequest: omNode-1->omNode-bootstrap-2#0-t1,notify:(t:1, i:0)
2024-08-03 20:05:11,228 [grpc-default-executor-1] INFO  server.GrpcServerProtocolService (GrpcServerProtocolService.java:lambda$onCompleted$5(159)) - omNode-bootstrap-2: Completed INSTALL_SNAPSHOT, lastReply: null
2024-08-03 20:05:11,229 [omNode-bootstrap-2-server-thread1] INFO  server.RaftServer$Division (RaftServerImpl.java:checkInconsistentAppendEntries(1629)) - omNode-bootstrap-2@group-0AAC5367B30E: Failed appendEntries as snapshot (0) installation is in progress
2024-08-03 20:05:11,229 [omNode-bootstrap-2-server-thread1] INFO  server.RaftServer$Division (RaftServerImpl.java:appendEntriesAsync(1584)) - omNode-bootstrap-2@group-0AAC5367B30E: appendEntries* reply omNode-1<-omNode-bootstrap-2#191:FAIL-t1,INCONSISTENCY,nextIndex=0,followerCommit=-1,matchIndex=-1
2024-08-03 20:05:11,230 [grpc-default-executor-3] INFO  impl.SnapshotInstallationHandler (SnapshotInstallationHandler.java:installSnapshot(92)) - omNode-bootstrap-2@group-0AAC5367B30E: receive installSnapshot: omNode-1->omNode-bootstrap-2#0-t1,notify:(t:1, i:0)
2024-08-03 20:05:11,230 [grpc-default-executor-3] INFO  impl.SnapshotInstallationHandler (SnapshotInstallationHandler.java:installSnapshotImpl(138)) - omNode-bootstrap-2@group-0AAC5367B30E: set new configuration configurationEntry {
  peers {
    id: "omNode-3"
    address: "localhost:15023"
    startupRole: FOLLOWER
  }
  peers {
    id: "omNode-1"
    address: "localhost:15015"
    startupRole: FOLLOWER
  }
  peers {
    id: "omNode-2"
    address: "localhost:15019"
    startupRole: FOLLOWER
  }
}
 from snapshot
2024-08-03 20:05:11,230 [grpc-default-executor-3] INFO  server.RaftServer$Division (ServerState.java:setRaftConf(386)) - omNode-bootstrap-2@group-0AAC5367B30E: set configuration conf: {index: 0, cur=peers:[omNode-3|localhost:15023, omNode-1|localhost:15015, omNode-2|localhost:15019]|listeners:[], old=null}
2024-08-03 20:05:11,231 [grpc-default-executor-3] INFO  ratis.OzoneManagerStateMachine (OzoneManagerStateMachine.java:notifyConfigurationChanged(216)) - Received Configuration change notification from Ratis. New Peer list:
[id: "omNode-3"
address: "localhost:15023"
startupRole: FOLLOWER
, id: "omNode-1"
address: "localhost:15015"
startupRole: FOLLOWER
, id: "omNode-2"
address: "localhost:15019"
startupRole: FOLLOWER
]
2024-08-03 20:05:11,231 [grpc-default-executor-3] INFO  impl.SnapshotInstallationHandler (SnapshotInstallationHandler.java:installSnapshot(103)) - omNode-bootstrap-2@group-0AAC5367B30E: reply installSnapshot: omNode-1<-omNode-bootstrap-2#0:FAIL-t1,IN_PROGRESS,snapshotIndex=0
2024-08-03 20:05:11,231 [grpc-default-executor-3] INFO  server.GrpcServerProtocolService (GrpcServerProtocolService.java:onCompleted(157)) - omNode-bootstrap-2: Completed INSTALL_SNAPSHOT, lastRequest: omNode-1->omNode-bootstrap-2#0-t1,notify:(t:1, i:0)
2024-08-03 20:05:11,231 [grpc-default-executor-3] INFO  server.GrpcServerProtocolService (GrpcServerProtocolService.java:lambda$onCompleted$5(159)) - omNode-bootstrap-2: Completed INSTALL_SNAPSHOT, lastReply: null
2024-08-03 20:05:11,235 [omNode-bootstrap-2-server-thread1] INFO  server.RaftServer$Division (RaftServerImpl.java:checkInconsistentAppendEntries(1629)) - omNode-bootstrap-2@group-0AAC5367B30E: Failed appendEntries as snapshot (0) installation is in progress
2024-08-03 20:05:11,235 [omNode-bootstrap-2-server-thread1] INFO  server.RaftServer$Division (RaftServerImpl.java:appendEntriesAsync(1584)) - omNode-bootstrap-2@group-0AAC5367B30E: appendEntries* reply omNode-1<-omNode-bootstrap-2#192:FAIL-t1,INCONSISTENCY,nextIndex=0,followerCommit=-1,matchIndex=-1
2024-08-03 20:05:11,236 [grpc-default-executor-3] INFO  impl.SnapshotInstallationHandler (SnapshotInstallationHandler.java:installSnapshot(92)) - omNode-bootstrap-2@group-0AAC5367B30E: receive installSnapshot: omNode-1->omNode-bootstrap-2#0-t1,notify:(t:1, i:0)
2024-08-03 20:05:11,236 [grpc-default-executor-3] INFO  impl.SnapshotInstallationHandler (SnapshotInstallationHandler.java:installSnapshotImpl(138)) - omNode-bootstrap-2@group-0AAC5367B30E: set new configuration configurationEntry {
  peers {
    id: "omNode-3"
    address: "localhost:15023"
    startupRole: FOLLOWER
  }
  peers {
    id: "omNode-1"
    address: "localhost:15015"
    startupRole: FOLLOWER
  }
  peers {
    id: "omNode-2"
    address: "localhost:15019"
    startupRole: FOLLOWER
  }
}
 from snapshot
2024-08-03 20:05:11,236 [grpc-default-executor-3] INFO  server.RaftServer$Division (ServerState.java:setRaftConf(386)) - omNode-bootstrap-2@group-0AAC5367B30E: set configuration conf: {index: 0, cur=peers:[omNode-3|localhost:15023, omNode-1|localhost:15015, omNode-2|localhost:15019]|listeners:[], old=null}
2024-08-03 20:05:11,239 [grpc-default-executor-3] INFO  ratis.OzoneManagerStateMachine (OzoneManagerStateMachine.java:notifyConfigurationChanged(216)) - Received Configuration change notification from Ratis. New Peer list:
[id: "omNode-3"
address: "localhost:15023"
startupRole: FOLLOWER
, id: "omNode-1"
address: "localhost:15015"
startupRole: FOLLOWER
, id: "omNode-2"
address: "localhost:15019"
startupRole: FOLLOWER
]
2024-08-03 20:05:11,239 [grpc-default-executor-3] INFO  impl.SnapshotInstallationHandler (SnapshotInstallationHandler.java:installSnapshot(103)) - omNode-bootstrap-2@group-0AAC5367B30E: reply installSnapshot: omNode-1<-omNode-bootstrap-2#0:FAIL-t1,IN_PROGRESS,snapshotIndex=0
2024-08-03 20:05:11,239 [grpc-default-executor-3] INFO  server.GrpcServerProtocolService (GrpcServerProtocolService.java:onCompleted(157)) - omNode-bootstrap-2: Completed INSTALL_SNAPSHOT, lastRequest: omNode-1->omNode-bootstrap-2#0-t1,notify:(t:1, i:0)
2024-08-03 20:05:11,239 [grpc-default-executor-3] INFO  server.GrpcServerProtocolService (GrpcServerProtocolService.java:lambda$onCompleted$5(159)) - omNode-bootstrap-2: Completed INSTALL_SNAPSHOT, lastReply: null
2024-08-03 20:05:11,240 [omNode-bootstrap-2-server-thread1] INFO  server.RaftServer$Division (RaftServerImpl.java:checkInconsistentAppendEntries(1629)) - omNode-bootstrap-2@group-0AAC5367B30E: Failed appendEntries as snapshot (0) installation is in progress
2024-08-03 20:05:11,240 [omNode-bootstrap-2-server-thread1] INFO  server.RaftServer$Division (RaftServerImpl.java:appendEntriesAsync(1584)) - omNode-bootstrap-2@group-0AAC5367B30E: appendEntries* reply omNode-1<-omNode-bootstrap-2#193:FAIL-t1,INCONSISTENCY,nextIndex=0,followerCommit=-1,matchIndex=-1
2024-08-03 20:05:11,242 [grpc-default-executor-3] INFO  impl.SnapshotInstallationHandler (SnapshotInstallationHandler.java:installSnapshot(92)) - omNode-bootstrap-2@group-0AAC5367B30E: receive installSnapshot: omNode-1->omNode-bootstrap-2#0-t1,notify:(t:1, i:0)
2024-08-03 20:05:11,242 [grpc-default-executor-3] INFO  impl.SnapshotInstallationHandler (SnapshotInstallationHandler.java:installSnapshotImpl(138)) - omNode-bootstrap-2@group-0AAC5367B30E: set new configuration configurationEntry {
  peers {
    id: "omNode-3"
    address: "localhost:15023"
    startupRole: FOLLOWER
  }
  peers {
    id: "omNode-1"
    address: "localhost:15015"
    startupRole: FOLLOWER
  }
  peers {
    id: "omNode-2"
    address: "localhost:15019"
    startupRole: FOLLOWER
  }
}
 from snapshot
2024-08-03 20:05:11,242 [grpc-default-executor-3] INFO  server.RaftServer$Division (ServerState.java:setRaftConf(386)) - omNode-bootstrap-2@group-0AAC5367B30E: set configuration conf: {index: 0, cur=peers:[omNode-3|localhost:15023, omNode-1|localhost:15015, omNode-2|localhost:15019]|listeners:[], old=null}
2024-08-03 20:05:11,243 [omNode-bootstrap-2-InstallSnapshotThread] INFO  utils.NativeLibraryLoader (NativeLibraryLoader.java:loadLibrary(111)) - Loading Library: ozone_rocksdb_tools
2024-08-03 20:05:11,243 [omNode-bootstrap-2-InstallSnapshotThread] ERROR snapshot.SnapshotDiffManager (SnapshotDiffManager.java:initNativeLibraryForEfficientDiff(287)) - Native Library for raw sst file reading loading failed.
org.apache.hadoop.hdds.utils.NativeLibraryNotLoadedException: Unable to load library ozone_rocksdb_tools from both java.library.path & resource file libozone_rocksdb_tools.so from jar.
	at org.apache.hadoop.hdds.utils.db.managed.ManagedRawSSTFileReader.loadLibrary(ManagedRawSSTFileReader.java:40)
	at org.apache.hadoop.ozone.om.snapshot.SnapshotDiffManager.initNativeLibraryForEfficientDiff(SnapshotDiffManager.java:285)
	at org.apache.hadoop.ozone.om.snapshot.SnapshotDiffManager.<init>(SnapshotDiffManager.java:259)
	at org.apache.hadoop.ozone.om.OmSnapshotManager.<init>(OmSnapshotManager.java:287)
	at org.apache.hadoop.ozone.om.OzoneManager.instantiateServices(OzoneManager.java:864)
	at org.apache.hadoop.ozone.om.OzoneManager.reloadOMState(OzoneManager.java:4027)
	at org.apache.hadoop.ozone.om.OzoneManager.installCheckpoint(OzoneManager.java:3870)
	at org.apache.hadoop.ozone.om.OzoneManager.installCheckpoint(OzoneManager.java:3776)
	at org.apache.hadoop.ozone.om.OzoneManager.installSnapshotFromLeader(OzoneManager.java:3753)
	at org.apache.hadoop.ozone.om.ratis.OzoneManagerStateMachine.lambda$5(OzoneManagerStateMachine.java:515)
	at java.base/java.util.concurrent.CompletableFuture$AsyncSupply.run(CompletableFuture.java:1768)
	at java.base/java.util.concurrent.ThreadPoolExecutor.runWorker(ThreadPoolExecutor.java:1136)
	at java.base/java.util.concurrent.ThreadPoolExecutor$Worker.run(ThreadPoolExecutor.java:635)
	at java.base/java.lang.Thread.run(Thread.java:840)
2024-08-03 20:05:11,244 [grpc-default-executor-3] INFO  ratis.OzoneManagerStateMachine (OzoneManagerStateMachine.java:notifyConfigurationChanged(216)) - Received Configuration change notification from Ratis. New Peer list:
[id: "omNode-3"
address: "localhost:15023"
startupRole: FOLLOWER
, id: "omNode-1"
address: "localhost:15015"
startupRole: FOLLOWER
, id: "omNode-2"
address: "localhost:15019"
startupRole: FOLLOWER
]
2024-08-03 20:05:11,244 [grpc-default-executor-3] INFO  impl.SnapshotInstallationHandler (SnapshotInstallationHandler.java:installSnapshot(103)) - omNode-bootstrap-2@group-0AAC5367B30E: reply installSnapshot: omNode-1<-omNode-bootstrap-2#0:FAIL-t1,IN_PROGRESS,snapshotIndex=0
2024-08-03 20:05:11,245 [grpc-default-executor-3] INFO  server.GrpcServerProtocolService (GrpcServerProtocolService.java:onCompleted(157)) - omNode-bootstrap-2: Completed INSTALL_SNAPSHOT, lastRequest: omNode-1->omNode-bootstrap-2#0-t1,notify:(t:1, i:0)
2024-08-03 20:05:11,245 [grpc-default-executor-3] INFO  server.GrpcServerProtocolService (GrpcServerProtocolService.java:lambda$onCompleted$5(159)) - omNode-bootstrap-2: Completed INSTALL_SNAPSHOT, lastReply: null
2024-08-03 20:05:11,250 [omNode-bootstrap-2-server-thread1] INFO  server.RaftServer$Division (RaftServerImpl.java:checkInconsistentAppendEntries(1629)) - omNode-bootstrap-2@group-0AAC5367B30E: Failed appendEntries as snapshot (0) installation is in progress
2024-08-03 20:05:11,250 [omNode-bootstrap-2-server-thread1] INFO  server.RaftServer$Division (RaftServerImpl.java:appendEntriesAsync(1584)) - omNode-bootstrap-2@group-0AAC5367B30E: appendEntries* reply omNode-1<-omNode-bootstrap-2#194:FAIL-t1,INCONSISTENCY,nextIndex=0,followerCommit=-1,matchIndex=-1
2024-08-03 20:05:11,250 [grpc-default-executor-0] INFO  impl.SnapshotInstallationHandler (SnapshotInstallationHandler.java:installSnapshot(92)) - omNode-bootstrap-2@group-0AAC5367B30E: receive installSnapshot: omNode-1->omNode-bootstrap-2#0-t1,notify:(t:1, i:0)
2024-08-03 20:05:11,250 [grpc-default-executor-0] INFO  impl.SnapshotInstallationHandler (SnapshotInstallationHandler.java:installSnapshotImpl(138)) - omNode-bootstrap-2@group-0AAC5367B30E: set new configuration configurationEntry {
  peers {
    id: "omNode-3"
    address: "localhost:15023"
    startupRole: FOLLOWER
  }
  peers {
    id: "omNode-1"
    address: "localhost:15015"
    startupRole: FOLLOWER
  }
  peers {
    id: "omNode-2"
    address: "localhost:15019"
    startupRole: FOLLOWER
  }
}
 from snapshot
2024-08-03 20:05:11,250 [grpc-default-executor-0] INFO  server.RaftServer$Division (ServerState.java:setRaftConf(386)) - omNode-bootstrap-2@group-0AAC5367B30E: set configuration conf: {index: 0, cur=peers:[omNode-3|localhost:15023, omNode-1|localhost:15015, omNode-2|localhost:15019]|listeners:[], old=null}
2024-08-03 20:05:11,252 [grpc-default-executor-0] INFO  ratis.OzoneManagerStateMachine (OzoneManagerStateMachine.java:notifyConfigurationChanged(216)) - Received Configuration change notification from Ratis. New Peer list:
[id: "omNode-3"
address: "localhost:15023"
startupRole: FOLLOWER
, id: "omNode-1"
address: "localhost:15015"
startupRole: FOLLOWER
, id: "omNode-2"
address: "localhost:15019"
startupRole: FOLLOWER
]
2024-08-03 20:05:11,252 [grpc-default-executor-0] INFO  impl.SnapshotInstallationHandler (SnapshotInstallationHandler.java:installSnapshot(103)) - omNode-bootstrap-2@group-0AAC5367B30E: reply installSnapshot: omNode-1<-omNode-bootstrap-2#0:FAIL-t1,IN_PROGRESS,snapshotIndex=0
2024-08-03 20:05:11,252 [grpc-default-executor-0] INFO  server.GrpcServerProtocolService (GrpcServerProtocolService.java:onCompleted(157)) - omNode-bootstrap-2: Completed INSTALL_SNAPSHOT, lastRequest: omNode-1->omNode-bootstrap-2#0-t1,notify:(t:1, i:0)
2024-08-03 20:05:11,252 [grpc-default-executor-0] INFO  server.GrpcServerProtocolService (GrpcServerProtocolService.java:lambda$onCompleted$5(159)) - omNode-bootstrap-2: Completed INSTALL_SNAPSHOT, lastReply: null
2024-08-03 20:05:11,253 [omNode-bootstrap-2-server-thread1] INFO  server.RaftServer$Division (RaftServerImpl.java:checkInconsistentAppendEntries(1629)) - omNode-bootstrap-2@group-0AAC5367B30E: Failed appendEntries as snapshot (0) installation is in progress
2024-08-03 20:05:11,253 [omNode-bootstrap-2-server-thread1] INFO  server.RaftServer$Division (RaftServerImpl.java:appendEntriesAsync(1584)) - omNode-bootstrap-2@group-0AAC5367B30E: appendEntries* reply omNode-1<-omNode-bootstrap-2#195:FAIL-t1,INCONSISTENCY,nextIndex=0,followerCommit=-1,matchIndex=-1
2024-08-03 20:05:11,257 [grpc-default-executor-1] INFO  impl.SnapshotInstallationHandler (SnapshotInstallationHandler.java:installSnapshot(92)) - omNode-bootstrap-2@group-0AAC5367B30E: receive installSnapshot: omNode-1->omNode-bootstrap-2#0-t1,notify:(t:1, i:0)
2024-08-03 20:05:11,257 [grpc-default-executor-1] INFO  impl.SnapshotInstallationHandler (SnapshotInstallationHandler.java:installSnapshotImpl(138)) - omNode-bootstrap-2@group-0AAC5367B30E: set new configuration configurationEntry {
  peers {
    id: "omNode-3"
    address: "localhost:15023"
    startupRole: FOLLOWER
  }
  peers {
    id: "omNode-1"
    address: "localhost:15015"
    startupRole: FOLLOWER
  }
  peers {
    id: "omNode-2"
    address: "localhost:15019"
    startupRole: FOLLOWER
  }
}
 from snapshot
2024-08-03 20:05:11,257 [grpc-default-executor-1] INFO  server.RaftServer$Division (ServerState.java:setRaftConf(386)) - omNode-bootstrap-2@group-0AAC5367B30E: set configuration conf: {index: 0, cur=peers:[omNode-3|localhost:15023, omNode-1|localhost:15015, omNode-2|localhost:15019]|listeners:[], old=null}
2024-08-03 20:05:11,259 [grpc-default-executor-1] INFO  ratis.OzoneManagerStateMachine (OzoneManagerStateMachine.java:notifyConfigurationChanged(216)) - Received Configuration change notification from Ratis. New Peer list:
[id: "omNode-3"
address: "localhost:15023"
startupRole: FOLLOWER
, id: "omNode-1"
address: "localhost:15015"
startupRole: FOLLOWER
, id: "omNode-2"
address: "localhost:15019"
startupRole: FOLLOWER
]
2024-08-03 20:05:11,259 [grpc-default-executor-1] INFO  impl.SnapshotInstallationHandler (SnapshotInstallationHandler.java:installSnapshot(103)) - omNode-bootstrap-2@group-0AAC5367B30E: reply installSnapshot: omNode-1<-omNode-bootstrap-2#0:FAIL-t1,IN_PROGRESS,snapshotIndex=0
2024-08-03 20:05:11,259 [grpc-default-executor-1] INFO  server.GrpcServerProtocolService (GrpcServerProtocolService.java:onCompleted(157)) - omNode-bootstrap-2: Completed INSTALL_SNAPSHOT, lastRequest: omNode-1->omNode-bootstrap-2#0-t1,notify:(t:1, i:0)
2024-08-03 20:05:11,259 [grpc-default-executor-1] INFO  server.GrpcServerProtocolService (GrpcServerProtocolService.java:lambda$onCompleted$5(159)) - omNode-bootstrap-2: Completed INSTALL_SNAPSHOT, lastReply: null
2024-08-03 20:05:11,260 [omNode-bootstrap-2-server-thread1] INFO  server.RaftServer$Division (RaftServerImpl.java:checkInconsistentAppendEntries(1629)) - omNode-bootstrap-2@group-0AAC5367B30E: Failed appendEntries as snapshot (0) installation is in progress
2024-08-03 20:05:11,260 [grpc-default-executor-1] INFO  impl.SnapshotInstallationHandler (SnapshotInstallationHandler.java:installSnapshot(92)) - omNode-bootstrap-2@group-0AAC5367B30E: receive installSnapshot: omNode-1->omNode-bootstrap-2#0-t1,notify:(t:1, i:0)
2024-08-03 20:05:11,260 [omNode-bootstrap-2-server-thread1] INFO  server.RaftServer$Division (RaftServerImpl.java:appendEntriesAsync(1584)) - omNode-bootstrap-2@group-0AAC5367B30E: appendEntries* reply omNode-1<-omNode-bootstrap-2#196:FAIL-t1,INCONSISTENCY,nextIndex=0,followerCommit=-1,matchIndex=-1
2024-08-03 20:05:11,261 [grpc-default-executor-1] INFO  impl.SnapshotInstallationHandler (SnapshotInstallationHandler.java:installSnapshotImpl(138)) - omNode-bootstrap-2@group-0AAC5367B30E: set new configuration configurationEntry {
  peers {
    id: "omNode-3"
    address: "localhost:15023"
    startupRole: FOLLOWER
  }
  peers {
    id: "omNode-1"
    address: "localhost:15015"
    startupRole: FOLLOWER
  }
  peers {
    id: "omNode-2"
    address: "localhost:15019"
    startupRole: FOLLOWER
  }
}
 from snapshot
2024-08-03 20:05:11,261 [grpc-default-executor-1] INFO  server.RaftServer$Division (ServerState.java:setRaftConf(386)) - omNode-bootstrap-2@group-0AAC5367B30E: set configuration conf: {index: 0, cur=peers:[omNode-3|localhost:15023, omNode-1|localhost:15015, omNode-2|localhost:15019]|listeners:[], old=null}
2024-08-03 20:05:11,263 [grpc-default-executor-1] INFO  ratis.OzoneManagerStateMachine (OzoneManagerStateMachine.java:notifyConfigurationChanged(216)) - Received Configuration change notification from Ratis. New Peer list:
[id: "omNode-3"
address: "localhost:15023"
startupRole: FOLLOWER
, id: "omNode-1"
address: "localhost:15015"
startupRole: FOLLOWER
, id: "omNode-2"
address: "localhost:15019"
startupRole: FOLLOWER
]
2024-08-03 20:05:11,263 [grpc-default-executor-1] INFO  impl.SnapshotInstallationHandler (SnapshotInstallationHandler.java:installSnapshot(103)) - omNode-bootstrap-2@group-0AAC5367B30E: reply installSnapshot: omNode-1<-omNode-bootstrap-2#0:FAIL-t1,IN_PROGRESS,snapshotIndex=0
2024-08-03 20:05:11,263 [grpc-default-executor-1] INFO  server.GrpcServerProtocolService (GrpcServerProtocolService.java:onCompleted(157)) - omNode-bootstrap-2: Completed INSTALL_SNAPSHOT, lastRequest: omNode-1->omNode-bootstrap-2#0-t1,notify:(t:1, i:0)
2024-08-03 20:05:11,263 [grpc-default-executor-1] INFO  server.GrpcServerProtocolService (GrpcServerProtocolService.java:lambda$onCompleted$5(159)) - omNode-bootstrap-2: Completed INSTALL_SNAPSHOT, lastReply: null
2024-08-03 20:05:11,264 [omNode-bootstrap-2-InstallSnapshotThread] INFO  om.OzoneManager (OzoneManager.java:startTrashEmptier(2121)) - Trash Interval set to 0. Files deleted won't move to trash
2024-08-03 20:05:11,264 [omNode-bootstrap-2-server-thread1] INFO  server.RaftServer$Division (RaftServerImpl.java:checkInconsistentAppendEntries(1629)) - omNode-bootstrap-2@group-0AAC5367B30E: Failed appendEntries as snapshot (0) installation is in progress
2024-08-03 20:05:11,264 [omNode-bootstrap-2-server-thread1] INFO  server.RaftServer$Division (RaftServerImpl.java:appendEntriesAsync(1584)) - omNode-bootstrap-2@group-0AAC5367B30E: appendEntries* reply omNode-1<-omNode-bootstrap-2#197:FAIL-t1,INCONSISTENCY,nextIndex=0,followerCommit=-1,matchIndex=-1
2024-08-03 20:05:11,265 [grpc-default-executor-0] INFO  impl.SnapshotInstallationHandler (SnapshotInstallationHandler.java:installSnapshot(92)) - omNode-bootstrap-2@group-0AAC5367B30E: receive installSnapshot: omNode-1->omNode-bootstrap-2#0-t1,notify:(t:1, i:0)
2024-08-03 20:05:11,265 [grpc-default-executor-0] INFO  impl.SnapshotInstallationHandler (SnapshotInstallationHandler.java:installSnapshotImpl(138)) - omNode-bootstrap-2@group-0AAC5367B30E: set new configuration configurationEntry {
  peers {
    id: "omNode-3"
    address: "localhost:15023"
    startupRole: FOLLOWER
  }
  peers {
    id: "omNode-1"
    address: "localhost:15015"
    startupRole: FOLLOWER
  }
  peers {
    id: "omNode-2"
    address: "localhost:15019"
    startupRole: FOLLOWER
  }
}
 from snapshot
2024-08-03 20:05:11,265 [grpc-default-executor-0] INFO  server.RaftServer$Division (ServerState.java:setRaftConf(386)) - omNode-bootstrap-2@group-0AAC5367B30E: set configuration conf: {index: 0, cur=peers:[omNode-3|localhost:15023, omNode-1|localhost:15015, omNode-2|localhost:15019]|listeners:[], old=null}
2024-08-03 20:05:11,267 [omNode-bootstrap-2-InstallSnapshotThread] INFO  ratis.OzoneManagerStateMachine (OzoneManagerStateMachine.java:unpause(430)) - OzoneManagerStateMachine is un-pausing
2024-08-03 20:05:11,269 [grpc-default-executor-0] INFO  ratis.OzoneManagerStateMachine (OzoneManagerStateMachine.java:notifyConfigurationChanged(216)) - Received Configuration change notification from Ratis. New Peer list:
[id: "omNode-3"
address: "localhost:15023"
startupRole: FOLLOWER
, id: "omNode-1"
address: "localhost:15015"
startupRole: FOLLOWER
, id: "omNode-2"
address: "localhost:15019"
startupRole: FOLLOWER
]
2024-08-03 20:05:11,269 [grpc-default-executor-0] INFO  impl.SnapshotInstallationHandler (SnapshotInstallationHandler.java:installSnapshot(103)) - omNode-bootstrap-2@group-0AAC5367B30E: reply installSnapshot: omNode-1<-omNode-bootstrap-2#0:FAIL-t1,IN_PROGRESS,snapshotIndex=0
2024-08-03 20:05:11,269 [grpc-default-executor-0] INFO  server.GrpcServerProtocolService (GrpcServerProtocolService.java:onCompleted(157)) - omNode-bootstrap-2: Completed INSTALL_SNAPSHOT, lastRequest: omNode-1->omNode-bootstrap-2#0-t1,notify:(t:1, i:0)
2024-08-03 20:05:11,269 [grpc-default-executor-0] INFO  server.GrpcServerProtocolService (GrpcServerProtocolService.java:lambda$onCompleted$5(159)) - omNode-bootstrap-2: Completed INSTALL_SNAPSHOT, lastReply: null
2024-08-03 20:05:11,270 [omNode-bootstrap-2-server-thread1] INFO  server.RaftServer$Division (RaftServerImpl.java:checkInconsistentAppendEntries(1629)) - omNode-bootstrap-2@group-0AAC5367B30E: Failed appendEntries as snapshot (0) installation is in progress
2024-08-03 20:05:11,270 [omNode-bootstrap-2-server-thread1] INFO  server.RaftServer$Division (RaftServerImpl.java:appendEntriesAsync(1584)) - omNode-bootstrap-2@group-0AAC5367B30E: appendEntries* reply omNode-1<-omNode-bootstrap-2#198:FAIL-t1,INCONSISTENCY,nextIndex=0,followerCommit=-1,matchIndex=-1
2024-08-03 20:05:11,270 [grpc-default-executor-1] INFO  impl.SnapshotInstallationHandler (SnapshotInstallationHandler.java:installSnapshot(92)) - omNode-bootstrap-2@group-0AAC5367B30E: receive installSnapshot: omNode-1->omNode-bootstrap-2#0-t1,notify:(t:1, i:0)
2024-08-03 20:05:11,271 [grpc-default-executor-1] INFO  impl.SnapshotInstallationHandler (SnapshotInstallationHandler.java:installSnapshotImpl(138)) - omNode-bootstrap-2@group-0AAC5367B30E: set new configuration configurationEntry {
  peers {
    id: "omNode-3"
    address: "localhost:15023"
    startupRole: FOLLOWER
  }
  peers {
    id: "omNode-1"
    address: "localhost:15015"
    startupRole: FOLLOWER
  }
  peers {
    id: "omNode-2"
    address: "localhost:15019"
    startupRole: FOLLOWER
  }
}
 from snapshot
2024-08-03 20:05:11,271 [grpc-default-executor-1] INFO  server.RaftServer$Division (ServerState.java:setRaftConf(386)) - omNode-bootstrap-2@group-0AAC5367B30E: set configuration conf: {index: 0, cur=peers:[omNode-3|localhost:15023, omNode-1|localhost:15015, omNode-2|localhost:15019]|listeners:[], old=null}
2024-08-03 20:05:11,272 [omNode-bootstrap-2-InstallSnapshotThread] INFO  om.OzoneManager (OzoneManager.java:installCheckpoint(3874)) - Reloaded OM state with Term: 1 and Index: 7. Spend 276 ms
2024-08-03 20:05:11,272 [grpc-default-executor-1] INFO  2024-08-03 20:05:11,272 [omNode-bootstrap-2-InstallSnapshotThread] INFO  ratis.OzoneManagerStateMachine (om.OzoneManager (OzoneManagerStateMachine.java:notifyConfigurationChanged(216)) - Received Configuration change notification from Ratis. New Peer list:
[id: "omNode-3"
address: "localhost:15023"
startupRole: FOLLOWER
, id: "omNode-1"
address: "localhost:15015"
startupRole: FOLLOWER
, id: "omNode-2"
address: "localhost:15019"
startupRole: FOLLOWER
]
2024-08-03 20:05:11,272 [omNode-bootstrap-2-InstallSnapshotThread] INFO  om.OzoneManager (OzoneManager.java:getRpcServer(1228)) - Creating RPC Server
2024-08-03 20:05:11,273 [grpc-default-executor-1] INFO  impl.SnapshotInstallationHandler (SnapshotInstallationHandler.java:installSnapshot(103)) - omNode-bootstrap-2@group-0AAC5367B30E: reply installSnapshot: omNode-1<-omNode-bootstrap-2#0:FAIL-t1,IN_PROGRESS,snapshotIndex=0
2024-08-03 20:05:11,273 [grpc-default-executor-1] INFO  server.GrpcServerProtocolService (GrpcServerProtocolService.java:onCompleted(157)) - omNode-bootstrap-2: Completed INSTALL_SNAPSHOT, lastRequest: omNode-1->omNode-bootstrap-2#0-t1,notify:(t:1, i:0)
2024-08-03 20:05:11,273 [grpc-default-executor-1] INFO  server.GrpcServerProtocolService (GrpcServerProtocolService.java:lambda$onCompleted$5(159)) - omNode-bootstrap-2: Completed INSTALL_SNAPSHOT, lastReply: null
2024-08-03 20:05:11,274 [omNode-bootstrap-2-server-thread1] INFO  server.RaftServer$Division (RaftServerImpl.java:checkInconsistentAppendEntries(1629)) - omNode-bootstrap-2@group-0AAC5367B30E: Failed appendEntries as snapshot (0) installation is in progress
2024-08-03 20:05:11,274 [omNode-bootstrap-2-server-thread1] INFO  server.RaftServer$Division (RaftServerImpl.java:appendEntriesAsync(1584)) - omNode-bootstrap-2@group-0AAC5367B30E: appendEntries* reply omNode-1<-omNode-bootstrap-2#199:FAIL-t1,INCONSISTENCY,nextIndex=0,followerCommit=-1,matchIndex=-1
2024-08-03 20:05:11,275 [grpc-default-executor-0] INFO  impl.SnapshotInstallationHandler (SnapshotInstallationHandler.java:installSnapshot(92)) - omNode-bootstrap-2@group-0AAC5367B30E: receive installSnapshot: omNode-1->omNode-bootstrap-2#0-t1,notify:(t:1, i:0)
2024-08-03 20:05:11,275 [grpc-default-executor-0] INFO  impl.SnapshotInstallationHandler (SnapshotInstallationHandler.java:installSnapshotImpl(138)) - omNode-bootstrap-2@group-0AAC5367B30E: set new configuration configurationEntry {
  peers {
    id: "omNode-3"
    address: "localhost:15023"
    startupRole: FOLLOWER
  }
  peers {
    id: "omNode-1"
    address: "localhost:15015"
    startupRole: FOLLOWER
  }
  peers {
    id: "omNode-2"
    address: "localhost:15019"
    startupRole: FOLLOWER
  }
}
 from snapshot
2024-08-03 20:05:11,275 [grpc-default-executor-0] INFO  server.RaftServer$Division (ServerState.java:setRaftConf(386)) - omNode-bootstrap-2@group-0AAC5367B30E: set configuration conf: {index: 0, cur=peers:[omNode-3|localhost:15023, omNode-1|localhost:15015, omNode-2|localhost:15019]|listeners:[], old=null}
2024-08-03 20:05:11,281 [grpc-default-executor-0] INFO  ratis.OzoneManagerStateMachine (OzoneManagerStateMachine.java:notifyConfigurationChanged(216)) - Received Configuration change notification from Ratis. New Peer list:
[id: "omNode-3"
address: "localhost:15023"
startupRole: FOLLOWER
, id: "omNode-1"
address: "localhost:15015"
startupRole: FOLLOWER
, id: "omNode-2"
address: "localhost:15019"
startupRole: FOLLOWER
]
2024-08-03 20:05:11,282 [grpc-default-executor-0] INFO  impl.SnapshotInstallationHandler (SnapshotInstallationHandler.java:installSnapshot(103)) - omNode-bootstrap-2@group-0AAC5367B30E: reply installSnapshot: omNode-1<-omNode-bootstrap-2#0:FAIL-t1,IN_PROGRESS,snapshotIndex=0
2024-08-03 20:05:11,282 [grpc-default-executor-0] INFO  server.GrpcServerProtocolService (GrpcServerProtocolService.java:onCompleted(157)) - omNode-bootstrap-2: Completed INSTALL_SNAPSHOT, lastRequest: omNode-1->omNode-bootstrap-2#0-t1,notify:(t:1, i:0)
2024-08-03 20:05:11,282 [grpc-default-executor-0] INFO  server.GrpcServerProtocolService (GrpcServerProtocolService.java:lambda$onCompleted$5(159)) - omNode-bootstrap-2: Completed INSTALL_SNAPSHOT, lastReply: null
2024-08-03 20:05:11,284 [grpc-default-executor-3] INFO  impl.SnapshotInstallationHandler (SnapshotInstallationHandler.java:installSnapshot(92)) - omNode-bootstrap-2@group-0AAC5367B30E: receive installSnapshot: omNode-1->omNode-bootstrap-2#0-t1,notify:(t:1, i:0)
2024-08-03 20:05:11,284 [grpc-default-executor-3] INFO  impl.SnapshotInstallationHandler (SnapshotInstallationHandler.java:installSnapshotImpl(138)) - omNode-bootstrap-2@group-0AAC5367B30E: set new configuration configurationEntry {
  peers {
    id: "omNode-3"
    address: "localhost:15023"
    startupRole: FOLLOWER
  }
  peers {
    id: "omNode-1"
    address: "localhost:15015"
    startupRole: FOLLOWER
  }
  peers {
    id: "omNode-2"
    address: "localhost:15019"
    startupRole: FOLLOWER
  }
}
 from snapshot
2024-08-03 20:05:11,284 [grpc-default-executor-3] INFO  server.RaftServer$Division (ServerState.java:setRaftConf(386)) - omNode-bootstrap-2@group-0AAC5367B30E: set configuration conf: {index: 0, cur=peers:[omNode-3|localhost:15023, omNode-1|localhost:15015, omNode-2|localhost:15019]|listeners:[], old=null}
2024-08-03 20:05:11,285 [omNode-bootstrap-2-server-thread1] INFO  server.RaftServer$Division (RaftServerImpl.java:checkInconsistentAppendEntries(1629)) - omNode-bootstrap-2@group-0AAC5367B30E: Failed appendEntries as snapshot (0) installation is in progress
2024-08-03 20:05:11,285 [omNode-bootstrap-2-server-thread1] INFO  server.RaftServer$Division (RaftServerImpl.java:appendEntriesAsync(1584)) - omNode-bootstrap-2@group-0AAC5367B30E: appendEntries* reply omNode-1<-omNode-bootstrap-2#200:FAIL-t1,INCONSISTENCY,nextIndex=0,followerCommit=-1,matchIndex=-1
2024-08-03 20:05:11,286 [grpc-default-executor-3] INFO  ratis.OzoneManagerStateMachine (OzoneManagerStateMachine.java:notifyConfigurationChanged(216)) - Received Configuration change notification from Ratis. New Peer list:
[id: "omNode-3"
address: "localhost:15023"
startupRole: FOLLOWER
, id: "omNode-1"
address: "localhost:15015"
startupRole: FOLLOWER
, id: "omNode-2"
address: "localhost:15019"
startupRole: FOLLOWER
]
2024-08-03 20:05:11,286 [grpc-default-executor-3] INFO  impl.SnapshotInstallationHandler (SnapshotInstallationHandler.java:installSnapshot(103)) - omNode-bootstrap-2@group-0AAC5367B30E: reply installSnapshot: omNode-1<-omNode-bootstrap-2#0:FAIL-t1,IN_PROGRESS,snapshotIndex=0
2024-08-03 20:05:11,286 [grpc-default-executor-3] INFO  server.GrpcServerProtocolService (GrpcServerProtocolService.java:onCompleted(157)) - omNode-bootstrap-2: Completed INSTALL_SNAPSHOT, lastRequest: omNode-1->omNode-bootstrap-2#0-t1,notify:(t:1, i:0)
2024-08-03 20:05:11,286 [grpc-default-executor-3] INFO  server.GrpcServerProtocolService (GrpcServerProtocolService.java:lambda$onCompleted$5(159)) - omNode-bootstrap-2: Completed INSTALL_SNAPSHOT, lastReply: null
2024-08-03 20:05:11,287 [omNode-bootstrap-2-server-thread1] INFO  server.RaftServer$Division (RaftServerImpl.java:checkInconsistentAppendEntries(1629)) - omNode-bootstrap-2@group-0AAC5367B30E: Failed appendEntries as snapshot (0) installation is in progress
2024-08-03 20:05:11,287 [omNode-bootstrap-2-server-thread1] INFO  server.RaftServer$Division (RaftServerImpl.java:appendEntriesAsync(1584)) - omNode-bootstrap-2@group-0AAC5367B30E: appendEntries* reply omNode-1<-omNode-bootstrap-2#201:FAIL-t1,INCONSISTENCY,nextIndex=0,followerCommit=-1,matchIndex=-1
2024-08-03 20:05:11,288 [grpc-default-executor-3] INFO  impl.SnapshotInstallationHandler (SnapshotInstallationHandler.java:installSnapshot(92)) - omNode-bootstrap-2@group-0AAC5367B30E: receive installSnapshot: omNode-1->omNode-bootstrap-2#0-t1,notify:(t:1, i:0)
2024-08-03 20:05:11,289 [grpc-default-executor-3] INFO  impl.SnapshotInstallationHandler (SnapshotInstallationHandler.java:installSnapshotImpl(138)) - omNode-bootstrap-2@group-0AAC5367B30E: set new configuration configurationEntry {
  peers {
    id: "omNode-3"
    address: "localhost:15023"
    startupRole: FOLLOWER
  }
  peers {
    id: "omNode-1"
    address: "localhost:15015"
    startupRole: FOLLOWER
  }
  peers {
    id: "omNode-2"
    address: "localhost:15019"
    startupRole: FOLLOWER
  }
}
 from snapshot
2024-08-03 20:05:11,289 [grpc-default-executor-3] INFO  server.RaftServer$Division (ServerState.java:setRaftConf(386)) - omNode-bootstrap-2@group-0AAC5367B30E: set configuration conf: {index: 0, cur=peers:[omNode-3|localhost:15023, omNode-1|localhost:15015, omNode-2|localhost:15019]|listeners:[], old=null}
2024-08-03 20:05:11,290 [grpc-default-executor-3] INFO  ratis.OzoneManagerStateMachine (OzoneManagerStateMachine.java:notifyConfigurationChanged(216)) - Received Configuration change notification from Ratis. New Peer list:
[id: "omNode-3"
address: "localhost:15023"
startupRole: FOLLOWER
, id: "omNode-1"
address: "localhost:15015"
startupRole: FOLLOWER
, id: "omNode-2"
address: "localhost:15019"
startupRole: FOLLOWER
]
2024-08-03 20:05:11,290 [grpc-default-executor-3] INFO  impl.SnapshotInstallationHandler (SnapshotInstallationHandler.java:installSnapshot(103)) - omNode-bootstrap-2@group-0AAC5367B30E: reply installSnapshot: omNode-1<-omNode-bootstrap-2#0:FAIL-t1,IN_PROGRESS,snapshotIndex=0
2024-08-03 20:05:11,290 [grpc-default-executor-3] INFO  server.GrpcServerProtocolService (GrpcServerProtocolService.java:onCompleted(157)) - omNode-bootstrap-2: Completed INSTALL_SNAPSHOT, lastRequest: omNode-1->omNode-bootstrap-2#0-t1,notify:(t:1, i:0)
2024-08-03 20:05:11,291 [grpc-default-executor-3] INFO  server.GrpcServerProtocolService (GrpcServerProtocolService.java:lambda$onCompleted$5(159)) - omNode-bootstrap-2: Completed INSTALL_SNAPSHOT, lastReply: null
2024-08-03 20:05:11,292 [omNode-bootstrap-2-server-thread1] INFO  server.RaftServer$Division (RaftServerImpl.java:checkInconsistentAppendEntries(1629)) - omNode-bootstrap-2@group-0AAC5367B30E: Failed appendEntries as snapshot (0) installation is in progress
2024-08-03 20:05:11,292 [omNode-bootstrap-2-server-thread1] INFO  server.RaftServer$Division (RaftServerImpl.java:appendEntriesAsync(1584)) - omNode-bootstrap-2@group-0AAC5367B30E: appendEntries* reply omNode-1<-omNode-bootstrap-2#202:FAIL-t1,INCONSISTENCY,nextIndex=0,followerCommit=-1,matchIndex=-1
2024-08-03 20:05:11,293 [grpc-default-executor-3] INFO  impl.SnapshotInstallationHandler (SnapshotInstallationHandler.java:installSnapshot(92)) - omNode-bootstrap-2@group-0AAC5367B30E: receive installSnapshot: omNode-1->omNode-bootstrap-2#0-t1,notify:(t:1, i:0)
2024-08-03 20:05:11,293 [grpc-default-executor-3] INFO  impl.SnapshotInstallationHandler (SnapshotInstallationHandler.java:installSnapshotImpl(138)) - omNode-bootstrap-2@group-0AAC5367B30E: set new configuration configurationEntry {
  peers {
    id: "omNode-3"
    address: "localhost:15023"
    startupRole: FOLLOWER
  }
  peers {
    id: "omNode-1"
    address: "localhost:15015"
    startupRole: FOLLOWER
  }
  peers {
    id: "omNode-2"
    address: "localhost:15019"
    startupRole: FOLLOWER
  }
}
 from snapshot
2024-08-03 20:05:11,293 [grpc-default-executor-3] INFO  server.RaftServer$Division (ServerState.java:setRaftConf(386)) - omNode-bootstrap-2@group-0AAC5367B30E: set configuration conf: {index: 0, cur=peers:[omNode-3|localhost:15023, omNode-1|localhost:15015, omNode-2|localhost:15019]|listeners:[], old=null}
2024-08-03 20:05:11,295 [grpc-default-executor-3] INFO  ratis.OzoneManagerStateMachine (OzoneManagerStateMachine.java:notifyConfigurationChanged(216)) - Received Configuration change notification from Ratis. New Peer list:
[id: "omNode-3"
address: "localhost:15023"
startupRole: FOLLOWER
, id: "omNode-1"
address: "localhost:15015"
startupRole: FOLLOWER
, id: "omNode-2"
address: "localhost:15019"
startupRole: FOLLOWER
]
2024-08-03 20:05:11,295 [grpc-default-executor-3] INFO  impl.SnapshotInstallationHandler (SnapshotInstallationHandler.java:installSnapshot(103)) - omNode-bootstrap-2@group-0AAC5367B30E: reply installSnapshot: omNode-1<-omNode-bootstrap-2#0:FAIL-t1,IN_PROGRESS,snapshotIndex=0
2024-08-03 20:05:11,295 [grpc-default-executor-3] INFO  server.GrpcServerProtocolService (GrpcServerProtocolService.java:onCompleted(157)) - omNode-bootstrap-2: Completed INSTALL_SNAPSHOT, lastRequest: omNode-1->omNode-bootstrap-2#0-t1,notify:(t:1, i:0)
2024-08-03 20:05:11,295 [grpc-default-executor-3] INFO  server.GrpcServerProtocolService (GrpcServerProtocolService.java:lambda$onCompleted$5(159)) - omNode-bootstrap-2: Completed INSTALL_SNAPSHOT, lastReply: null
2024-08-03 20:05:11,296 [omNode-bootstrap-2-server-thread1] INFO  server.RaftServer$Division (RaftServerImpl.java:checkInconsistentAppendEntries(1629)) - omNode-bootstrap-2@group-0AAC5367B30E: Failed appendEntries as snapshot (0) installation is in progress
2024-08-03 20:05:11,296 [omNode-bootstrap-2-server-thread1] INFO  server.RaftServer$Division (RaftServerImpl.java:appendEntriesAsync(1584)) - omNode-bootstrap-2@group-0AAC5367B30E: appendEntries* reply omNode-1<-omNode-bootstrap-2#203:FAIL-t1,INCONSISTENCY,nextIndex=0,followerCommit=-1,matchIndex=-1
2024-08-03 20:05:11,297 [grpc-default-executor-0] INFO  impl.SnapshotInstallationHandler (SnapshotInstallationHandler.java:installSnapshot(92)) - omNode-bootstrap-2@group-0AAC5367B30E: receive installSnapshot: omNode-1->omNode-bootstrap-2#0-t1,notify:(t:1, i:0)
2024-08-03 20:05:11,297 [grpc-default-executor-0] INFO  impl.SnapshotInstallationHandler (SnapshotInstallationHandler.java:installSnapshotImpl(138)) - omNode-bootstrap-2@group-0AAC5367B30E: set new configuration configurationEntry {
  peers {
    id: "omNode-3"
    address: "localhost:15023"
    startupRole: FOLLOWER
  }
  peers {
    id: "omNode-1"
    address: "localhost:15015"
    startupRole: FOLLOWER
  }
  peers {
    id: "omNode-2"
    address: "localhost:15019"
    startupRole: FOLLOWER
  }
}
 from snapshot
2024-08-03 20:05:11,297 [grpc-default-executor-0] INFO  server.RaftServer$Division (ServerState.java:setRaftConf(386)) - omNode-bootstrap-2@group-0AAC5367B30E: set configuration conf: {index: 0, cur=peers:[omNode-3|localhost:15023, omNode-1|localhost:15015, omNode-2|localhost:15019]|listeners:[], old=null}
2024-08-03 20:05:11,299 [grpc-default-executor-0] INFO  ratis.OzoneManagerStateMachine (OzoneManagerStateMachine.java:notifyConfigurationChanged(216)) - Received Configuration change notification from Ratis. New Peer list:
[id: "omNode-3"
address: "localhost:15023"
startupRole: FOLLOWER
, id: "omNode-1"
address: "localhost:15015"
startupRole: FOLLOWER
, id: "omNode-2"
address: "localhost:15019"
startupRole: FOLLOWER
]
2024-08-03 20:05:11,299 [grpc-default-executor-0] INFO  impl.SnapshotInstallationHandler (SnapshotInstallationHandler.java:installSnapshot(103)) - omNode-bootstrap-2@group-0AAC5367B30E: reply installSnapshot: omNode-1<-omNode-bootstrap-2#0:FAIL-t1,IN_PROGRESS,snapshotIndex=0
2024-08-03 20:05:11,299 [grpc-default-executor-0] INFO  server.GrpcServerProtocolService (GrpcServerProtocolService.java:onCompleted(157)) - omNode-bootstrap-2: Completed INSTALL_SNAPSHOT, lastRequest: omNode-1->omNode-bootstrap-2#0-t1,notify:(t:1, i:0)
2024-08-03 20:05:11,299 [grpc-default-executor-0] INFO  server.GrpcServerProtocolService (GrpcServerProtocolService.java:lambda$onCompleted$5(159)) - omNode-bootstrap-2: Completed INSTALL_SNAPSHOT, lastReply: null
2024-08-03 20:05:11,300 [grpc-default-executor-1] INFO  impl.SnapshotInstallationHandler (SnapshotInstallationHandler.java:installSnapshot(92)) - omNode-bootstrap-2@group-0AAC5367B30E: receive installSnapshot: omNode-1->omNode-bootstrap-2#0-t1,notify:(t:1, i:0)
2024-08-03 20:05:11,300 [grpc-default-executor-1] INFO  impl.SnapshotInstallationHandler (SnapshotInstallationHandler.java:installSnapshotImpl(138)) - omNode-bootstrap-2@group-0AAC5367B30E: set new configuration configurationEntry {
  peers {
    id: "omNode-3"
    address: "localhost:15023"
    startupRole: FOLLOWER
  }
  peers {
    id: "omNode-1"
    address: "localhost:15015"
    startupRole: FOLLOWER
  }
  peers {
    id: "omNode-2"
    address: "localhost:15019"
    startupRole: FOLLOWER
  }
}
 from snapshot
2024-08-03 20:05:11,301 [grpc-default-executor-1] INFO  server.RaftServer$Division (ServerState.java:setRaftConf(386)) - omNode-bootstrap-2@group-0AAC5367B30E: set configuration conf: {index: 0, cur=peers:[omNode-3|localhost:15023, omNode-1|localhost:15015, omNode-2|localhost:15019]|listeners:[], old=null}
2024-08-03 20:05:11,301 [omNode-bootstrap-2-server-thread1] INFO  server.RaftServer$Division (RaftServerImpl.java:checkInconsistentAppendEntries(1629)) - omNode-bootstrap-2@group-0AAC5367B30E: Failed appendEntries as snapshot (0) installation is in progress
2024-08-03 20:05:11,301 [omNode-bootstrap-2-server-thread1] INFO  server.RaftServer$Division (RaftServerImpl.java:appendEntriesAsync(1584)) - omNode-bootstrap-2@group-0AAC5367B30E: appendEntries* reply omNode-1<-omNode-bootstrap-2#204:FAIL-t1,INCONSISTENCY,nextIndex=0,followerCommit=-1,matchIndex=-1
2024-08-03 20:05:11,302 [grpc-default-executor-1] INFO  ratis.OzoneManagerStateMachine (OzoneManagerStateMachine.java:notifyConfigurationChanged(216)) - Received Configuration change notification from Ratis. New Peer list:
[id: "omNode-3"
address: "localhost:15023"
startupRole: FOLLOWER
, id: "omNode-1"
address: "localhost:15015"
startupRole: FOLLOWER
, id: "omNode-2"
address: "localhost:15019"
startupRole: FOLLOWER
]
2024-08-03 20:05:11,302 [grpc-default-executor-1] INFO  impl.SnapshotInstallationHandler (SnapshotInstallationHandler.java:installSnapshot(103)) - omNode-bootstrap-2@group-0AAC5367B30E: reply installSnapshot: omNode-1<-omNode-bootstrap-2#0:FAIL-t1,IN_PROGRESS,snapshotIndex=0
2024-08-03 20:05:11,302 [grpc-default-executor-1] INFO  server.GrpcServerProtocolService (GrpcServerProtocolService.java:onCompleted(157)) - omNode-bootstrap-2: Completed INSTALL_SNAPSHOT, lastRequest: omNode-1->omNode-bootstrap-2#0-t1,notify:(t:1, i:0)
2024-08-03 20:05:11,302 [grpc-default-executor-1] INFO  server.GrpcServerProtocolService (GrpcServerProtocolService.java:lambda$onCompleted$5(159)) - omNode-bootstrap-2: Completed INSTALL_SNAPSHOT, lastReply: null
2024-08-03 20:05:11,303 [omNode-bootstrap-2-server-thread1] INFO  server.RaftServer$Division (RaftServerImpl.java:checkInconsistentAppendEntries(1629)) - omNode-bootstrap-2@group-0AAC5367B30E: Failed appendEntries as snapshot (0) installation is in progress
2024-08-03 20:05:11,303 [omNode-bootstrap-2-server-thread1] INFO  server.RaftServer$Division (RaftServerImpl.java:appendEntriesAsync(1584)) - omNode-bootstrap-2@group-0AAC5367B30E: appendEntries* reply omNode-1<-omNode-bootstrap-2#205:FAIL-t1,INCONSISTENCY,nextIndex=0,followerCommit=-1,matchIndex=-1
2024-08-03 20:05:11,304 [grpc-default-executor-0] INFO  impl.SnapshotInstallationHandler (SnapshotInstallationHandler.java:installSnapshot(92)) - omNode-bootstrap-2@group-0AAC5367B30E: receive installSnapshot: omNode-1->omNode-bootstrap-2#0-t1,notify:(t:1, i:0)
2024-08-03 20:05:11,304 [grpc-default-executor-0] INFO  impl.SnapshotInstallationHandler (SnapshotInstallationHandler.java:installSnapshotImpl(138)) - omNode-bootstrap-2@group-0AAC5367B30E: set new configuration configurationEntry {
  peers {
    id: "omNode-3"
    address: "localhost:15023"
    startupRole: FOLLOWER
  }
  peers {
    id: "omNode-1"
    address: "localhost:15015"
    startupRole: FOLLOWER
  }
  peers {
    id: "omNode-2"
    address: "localhost:15019"
    startupRole: FOLLOWER
  }
}
 from snapshot
2024-08-03 20:05:11,304 [grpc-default-executor-0] INFO  server.RaftServer$Division (ServerState.java:setRaftConf(386)) - omNode-bootstrap-2@group-0AAC5367B30E: set configuration conf: {index: 0, cur=peers:[omNode-3|localhost:15023, omNode-1|localhost:15015, omNode-2|localhost:15019]|listeners:[], old=null}
2024-08-03 20:05:11,306 [grpc-default-executor-0] INFO  ratis.OzoneManagerStateMachine (OzoneManagerStateMachine.java:notifyConfigurationChanged(216)) - Received Configuration change notification from Ratis. New Peer list:
[id: "omNode-3"
address: "localhost:15023"
startupRole: FOLLOWER
, id: "omNode-1"
address: "localhost:15015"
startupRole: FOLLOWER
, id: "omNode-2"
address: "localhost:15019"
startupRole: FOLLOWER
]
2024-08-03 20:05:11,306 [grpc-default-executor-0] INFO  impl.SnapshotInstallationHandler (SnapshotInstallationHandler.java:installSnapshot(103)) - omNode-bootstrap-2@group-0AAC5367B30E: reply installSnapshot: omNode-1<-omNode-bootstrap-2#0:FAIL-t1,IN_PROGRESS,snapshotIndex=0
2024-08-03 20:05:11,306 [grpc-default-executor-0] INFO  server.GrpcServerProtocolService (GrpcServerProtocolService.java:onCompleted(157)) - omNode-bootstrap-2: Completed INSTALL_SNAPSHOT, lastRequest: omNode-1->omNode-bootstrap-2#0-t1,notify:(t:1, i:0)
2024-08-03 20:05:11,306 [grpc-default-executor-0] INFO  server.GrpcServerProtocolService (GrpcServerProtocolService.java:lambda$onCompleted$5(159)) - omNode-bootstrap-2: Completed INSTALL_SNAPSHOT, lastReply: null
2024-08-03 20:05:11,307 [omNode-bootstrap-2-server-thread1] INFO  server.RaftServer$Division (RaftServerImpl.java:checkInconsistentAppendEntries(1629)) - omNode-bootstrap-2@group-0AAC5367B30E: Failed appendEntries as snapshot (0) installation is in progress
2024-08-03 20:05:11,307 [omNode-bootstrap-2-server-thread1] INFO  server.RaftServer$Division (RaftServerImpl.java:appendEntriesAsync(1584)) - omNode-bootstrap-2@group-0AAC5367B30E: appendEntries* reply omNode-1<-omNode-bootstrap-2#206:FAIL-t1,INCONSISTENCY,nextIndex=0,followerCommit=-1,matchIndex=-1
2024-08-03 20:05:11,308 [grpc-default-executor-1] INFO  impl.SnapshotInstallationHandler (SnapshotInstallationHandler.java:installSnapshot(92)) - omNode-bootstrap-2@group-0AAC5367B30E: receive installSnapshot: omNode-1->omNode-bootstrap-2#0-t1,notify:(t:1, i:0)
2024-08-03 20:05:11,309 [grpc-default-executor-1] INFO  impl.SnapshotInstallationHandler (SnapshotInstallationHandler.java:installSnapshotImpl(138)) - omNode-bootstrap-2@group-0AAC5367B30E: set new configuration configurationEntry {
  peers {
    id: "omNode-3"
    address: "localhost:15023"
    startupRole: FOLLOWER
  }
  peers {
    id: "omNode-1"
    address: "localhost:15015"
    startupRole: FOLLOWER
  }
  peers {
    id: "omNode-2"
    address: "localhost:15019"
    startupRole: FOLLOWER
  }
}
 from snapshot
2024-08-03 20:05:11,309 [grpc-default-executor-1] INFO  server.RaftServer$Division (ServerState.java:setRaftConf(386)) - omNode-bootstrap-2@group-0AAC5367B30E: set configuration conf: {index: 0, cur=peers:[omNode-3|localhost:15023, omNode-1|localhost:15015, omNode-2|localhost:15019]|listeners:[], old=null}
2024-08-03 20:05:11,310 [grpc-default-executor-1] INFO  ratis.OzoneManagerStateMachine (OzoneManagerStateMachine.java:notifyConfigurationChanged(216)) - Received Configuration change notification from Ratis. New Peer list:
[id: "omNode-3"
address: "localhost:15023"
startupRole: FOLLOWER
, id: "omNode-1"
address: "localhost:15015"
startupRole: FOLLOWER
, id: "omNode-2"
address: "localhost:15019"
startupRole: FOLLOWER
]
2024-08-03 20:05:11,311 [grpc-default-executor-1] INFO  impl.SnapshotInstallationHandler (SnapshotInstallationHandler.java:installSnapshot(103)) - omNode-bootstrap-2@group-0AAC5367B30E: reply installSnapshot: omNode-1<-omNode-bootstrap-2#0:FAIL-t1,IN_PROGRESS,snapshotIndex=0
2024-08-03 20:05:11,311 [grpc-default-executor-1] INFO  server.GrpcServerProtocolService (GrpcServerProtocolService.java:onCompleted(157)) - omNode-bootstrap-2: Completed INSTALL_SNAPSHOT, lastRequest: omNode-1->omNode-bootstrap-2#0-t1,notify:(t:1, i:0)
2024-08-03 20:05:11,311 [grpc-default-executor-1] INFO  server.GrpcServerProtocolService (GrpcServerProtocolService.java:lambda$onCompleted$5(159)) - omNode-bootstrap-2: Completed INSTALL_SNAPSHOT, lastReply: null
2024-08-03 20:05:11,312 [omNode-bootstrap-2-server-thread1] INFO  server.RaftServer$Division (RaftServerImpl.java:checkInconsistentAppendEntries(1629)) - omNode-bootstrap-2@group-0AAC5367B30E: Failed appendEntries as snapshot (0) installation is in progress
2024-08-03 20:05:11,312 [omNode-bootstrap-2-server-thread1] INFO  server.RaftServer$Division (RaftServerImpl.java:appendEntriesAsync(1584)) - omNode-bootstrap-2@group-0AAC5367B30E: appendEntries* reply omNode-1<-omNode-bootstrap-2#207:FAIL-t1,INCONSISTENCY,nextIndex=0,followerCommit=-1,matchIndex=-1
2024-08-03 20:05:11,313 [grpc-default-executor-3] INFO  impl.SnapshotInstallationHandler (SnapshotInstallationHandler.java:installSnapshot(92)) - omNode-bootstrap-2@group-0AAC5367B30E: receive installSnapshot: omNode-1->omNode-bootstrap-2#0-t1,notify:(t:1, i:0)
2024-08-03 20:05:11,313 [grpc-default-executor-3] INFO  impl.SnapshotInstallationHandler (SnapshotInstallationHandler.java:installSnapshotImpl(138)) - omNode-bootstrap-2@group-0AAC5367B30E: set new configuration configurationEntry {
  peers {
    id: "omNode-3"
    address: "localhost:15023"
    startupRole: FOLLOWER
  }
  peers {
    id: "omNode-1"
    address: "localhost:15015"
    startupRole: FOLLOWER
  }
  peers {
    id: "omNode-2"
    address: "localhost:15019"
    startupRole: FOLLOWER
  }
}
 from snapshot
2024-08-03 20:05:11,313 [grpc-default-executor-3] INFO  server.RaftServer$Division (ServerState.java:setRaftConf(386)) - omNode-bootstrap-2@group-0AAC5367B30E: set configuration conf: {index: 0, cur=peers:[omNode-3|localhost:15023, omNode-1|localhost:15015, omNode-2|localhost:15019]|listeners:[], old=null}
2024-08-03 20:05:11,315 [grpc-default-executor-3] INFO  ratis.OzoneManagerStateMachine (OzoneManagerStateMachine.java:notifyConfigurationChanged(216)) - Received Configuration change notification from Ratis. New Peer list:
[id: "omNode-3"
address: "localhost:15023"
startupRole: FOLLOWER
, id: "omNode-1"
address: "localhost:15015"
startupRole: FOLLOWER
, id: "omNode-2"
address: "localhost:15019"
startupRole: FOLLOWER
]
2024-08-03 20:05:11,315 [grpc-default-executor-3] INFO  impl.SnapshotInstallationHandler (SnapshotInstallationHandler.java:installSnapshot(103)) - omNode-bootstrap-2@group-0AAC5367B30E: reply installSnapshot: omNode-1<-omNode-bootstrap-2#0:FAIL-t1,IN_PROGRESS,snapshotIndex=0
2024-08-03 20:05:11,315 [grpc-default-executor-3] INFO  server.GrpcServerProtocolService (GrpcServerProtocolService.java:onCompleted(157)) - omNode-bootstrap-2: Completed INSTALL_SNAPSHOT, lastRequest: omNode-1->omNode-bootstrap-2#0-t1,notify:(t:1, i:0)
2024-08-03 20:05:11,315 [grpc-default-executor-3] INFO  server.GrpcServerProtocolService (GrpcServerProtocolService.java:lambda$onCompleted$5(159)) - omNode-bootstrap-2: Completed INSTALL_SNAPSHOT, lastReply: null
2024-08-03 20:05:11,317 [grpc-default-executor-0] INFO  impl.SnapshotInstallationHandler (SnapshotInstallationHandler.java:installSnapshot(92)) - omNode-bootstrap-2@group-0AAC5367B30E: receive installSnapshot: omNode-1->omNode-bootstrap-2#0-t1,notify:(t:1, i:0)
2024-08-03 20:05:11,317 [grpc-default-executor-0] INFO  impl.SnapshotInstallationHandler (SnapshotInstallationHandler.java:installSnapshotImpl(138)) - omNode-bootstrap-2@group-0AAC5367B30E: set new configuration configurationEntry {
  peers {
    id: "omNode-3"
    address: "localhost:15023"
    startupRole: FOLLOWER
  }
  peers {
    id: "omNode-1"
    address: "localhost:15015"
    startupRole: FOLLOWER
  }
  peers {
    id: "omNode-2"
    address: "localhost:15019"
    startupRole: FOLLOWER
  }
}
 from snapshot
2024-08-03 20:05:11,317 [grpc-default-executor-0] INFO  server.RaftServer$Division (ServerState.java:setRaftConf(386)) - omNode-bootstrap-2@group-0AAC5367B30E: set configuration conf: {index: 0, cur=peers:[omNode-3|localhost:15023, omNode-1|localhost:15015, omNode-2|localhost:15019]|listeners:[], old=null}
2024-08-03 20:05:11,318 [omNode-bootstrap-2-server-thread1] INFO  server.RaftServer$Division (RaftServerImpl.java:checkInconsistentAppendEntries(1629)) - omNode-bootstrap-2@group-0AAC5367B30E: Failed appendEntries as snapshot (0) installation is in progress
2024-08-03 20:05:11,318 [omNode-bootstrap-2-server-thread1] INFO  server.RaftServer$Division (RaftServerImpl.java:appendEntriesAsync(1584)) - omNode-bootstrap-2@group-0AAC5367B30E: appendEntries* reply omNode-1<-omNode-bootstrap-2#208:FAIL-t1,INCONSISTENCY,nextIndex=0,followerCommit=-1,matchIndex=-1
2024-08-03 20:05:11,319 [grpc-default-executor-0] INFO  ratis.OzoneManagerStateMachine (OzoneManagerStateMachine.java:notifyConfigurationChanged(216)) - Received Configuration change notification from Ratis. New Peer list:
[id: "omNode-3"
address: "localhost:15023"
startupRole: FOLLOWER
, id: "omNode-1"
address: "localhost:15015"
startupRole: FOLLOWER
, id: "omNode-2"
address: "localhost:15019"
startupRole: FOLLOWER
]
2024-08-03 20:05:11,319 [grpc-default-executor-0] INFO  impl.SnapshotInstallationHandler (SnapshotInstallationHandler.java:installSnapshot(103)) - omNode-bootstrap-2@group-0AAC5367B30E: reply installSnapshot: omNode-1<-omNode-bootstrap-2#0:FAIL-t1,IN_PROGRESS,snapshotIndex=0
2024-08-03 20:05:11,319 [grpc-default-executor-0] INFO  server.GrpcServerProtocolService (GrpcServerProtocolService.java:onCompleted(157)) - omNode-bootstrap-2: Completed INSTALL_SNAPSHOT, lastRequest: omNode-1->omNode-bootstrap-2#0-t1,notify:(t:1, i:0)
2024-08-03 20:05:11,319 [grpc-default-executor-0] INFO  server.GrpcServerProtocolService (GrpcServerProtocolService.java:lambda$onCompleted$5(159)) - omNode-bootstrap-2: Completed INSTALL_SNAPSHOT, lastReply: null
2024-08-03 20:05:11,320 [omNode-bootstrap-2-server-thread1] INFO  server.RaftServer$Division (RaftServerImpl.java:checkInconsistentAppendEntries(1629)) - omNode-bootstrap-2@group-0AAC5367B30E: Failed appendEntries as snapshot (0) installation is in progress
2024-08-03 20:05:11,320 [omNode-bootstrap-2-server-thread1] INFO  server.RaftServer$Division (RaftServerImpl.java:appendEntriesAsync(1584)) - omNode-bootstrap-2@group-0AAC5367B30E: appendEntries* reply omNode-1<-omNode-bootstrap-2#209:FAIL-t1,INCONSISTENCY,nextIndex=0,followerCommit=-1,matchIndex=-1
2024-08-03 20:05:11,321 [grpc-default-executor-1] INFO  impl.SnapshotInstallationHandler (SnapshotInstallationHandler.java:installSnapshot(92)) - omNode-bootstrap-2@group-0AAC5367B30E: receive installSnapshot: omNode-1->omNode-bootstrap-2#0-t1,notify:(t:1, i:0)
2024-08-03 20:05:11,321 [grpc-default-executor-1] INFO  impl.SnapshotInstallationHandler (SnapshotInstallationHandler.java:installSnapshotImpl(138)) - omNode-bootstrap-2@group-0AAC5367B30E: set new configuration configurationEntry {
  peers {
    id: "omNode-3"
    address: "localhost:15023"
    startupRole: FOLLOWER
  }
  peers {
    id: "omNode-1"
    address: "localhost:15015"
    startupRole: FOLLOWER
  }
  peers {
    id: "omNode-2"
    address: "localhost:15019"
    startupRole: FOLLOWER
  }
}
 from snapshot
2024-08-03 20:05:11,322 [grpc-default-executor-1] INFO  server.RaftServer$Division (ServerState.java:setRaftConf(386)) - omNode-bootstrap-2@group-0AAC5367B30E: set configuration conf: {index: 0, cur=peers:[omNode-3|localhost:15023, omNode-1|localhost:15015, omNode-2|localhost:15019]|listeners:[], old=null}
2024-08-03 20:05:11,323 [grpc-default-executor-1] INFO  ratis.OzoneManagerStateMachine (OzoneManagerStateMachine.java:notifyConfigurationChanged(216)) - Received Configuration change notification from Ratis. New Peer list:
[id: "omNode-3"
address: "localhost:15023"
startupRole: FOLLOWER
, id: "omNode-1"
address: "localhost:15015"
startupRole: FOLLOWER
, id: "omNode-2"
address: "localhost:15019"
startupRole: FOLLOWER
]
2024-08-03 20:05:11,323 [grpc-default-executor-1] INFO  impl.SnapshotInstallationHandler (SnapshotInstallationHandler.java:installSnapshot(103)) - omNode-bootstrap-2@group-0AAC5367B30E: reply installSnapshot: omNode-1<-omNode-bootstrap-2#0:FAIL-t1,IN_PROGRESS,snapshotIndex=0
2024-08-03 20:05:11,324 [grpc-default-executor-1] INFO  server.GrpcServerProtocolService (GrpcServerProtocolService.java:onCompleted(157)) - omNode-bootstrap-2: Completed INSTALL_SNAPSHOT, lastRequest: omNode-1->omNode-bootstrap-2#0-t1,notify:(t:1, i:0)
2024-08-03 20:05:11,324 [grpc-default-executor-1] INFO  server.GrpcServerProtocolService (GrpcServerProtocolService.java:lambda$onCompleted$5(159)) - omNode-bootstrap-2: Completed INSTALL_SNAPSHOT, lastReply: null
2024-08-03 20:05:11,325 [grpc-default-executor-3] INFO  impl.SnapshotInstallationHandler (SnapshotInstallationHandler.java:installSnapshot(92)) - omNode-bootstrap-2@group-0AAC5367B30E: receive installSnapshot: omNode-1->omNode-bootstrap-2#0-t1,notify:(t:1, i:0)
2024-08-03 20:05:11,326 [grpc-default-executor-3] INFO  impl.SnapshotInstallationHandler (SnapshotInstallationHandler.java:installSnapshotImpl(138)) - omNode-bootstrap-2@group-0AAC5367B30E: set new configuration configurationEntry {
  peers {
    id: "omNode-3"
    address: "localhost:15023"
    startupRole: FOLLOWER
  }
  peers {
    id: "omNode-1"
    address: "localhost:15015"
    startupRole: FOLLOWER
  }
  peers {
    id: "omNode-2"
    address: "localhost:15019"
    startupRole: FOLLOWER
  }
}
 from snapshot
2024-08-03 20:05:11,326 [grpc-default-executor-3] INFO  server.RaftServer$Division (ServerState.java:setRaftConf(386)) - omNode-bootstrap-2@group-0AAC5367B30E: set configuration conf: {index: 0, cur=peers:[omNode-3|localhost:15023, omNode-1|localhost:15015, omNode-2|localhost:15019]|listeners:[], old=null}
2024-08-03 20:05:11,326 [omNode-bootstrap-2-server-thread1] INFO  server.RaftServer$Division (RaftServerImpl.java:checkInconsistentAppendEntries(1629)) - omNode-bootstrap-2@group-0AAC5367B30E: Failed appendEntries as snapshot (0) installation is in progress
2024-08-03 20:05:11,326 [omNode-bootstrap-2-server-thread1] INFO  server.RaftServer$Division (RaftServerImpl.java:appendEntriesAsync(1584)) - omNode-bootstrap-2@group-0AAC5367B30E: appendEntries* reply omNode-1<-omNode-bootstrap-2#210:FAIL-t1,INCONSISTENCY,nextIndex=0,followerCommit=-1,matchIndex=-1
2024-08-03 20:05:11,328 [grpc-default-executor-3] INFO  ratis.OzoneManagerStateMachine (OzoneManagerStateMachine.java:notifyConfigurationChanged(216)) - Received Configuration change notification from Ratis. New Peer list:
[id: "omNode-3"
address: "localhost:15023"
startupRole: FOLLOWER
, id: "omNode-1"
address: "localhost:15015"
startupRole: FOLLOWER
, id: "omNode-2"
address: "localhost:15019"
startupRole: FOLLOWER
]
2024-08-03 20:05:11,328 [grpc-default-executor-3] INFO  impl.SnapshotInstallationHandler (SnapshotInstallationHandler.java:installSnapshot(103)) - omNode-bootstrap-2@group-0AAC5367B30E: reply installSnapshot: omNode-1<-omNode-bootstrap-2#0:FAIL-t1,IN_PROGRESS,snapshotIndex=0
2024-08-03 20:05:11,328 [grpc-default-executor-3] INFO  server.GrpcServerProtocolService (GrpcServerProtocolService.java:onCompleted(157)) - omNode-bootstrap-2: Completed INSTALL_SNAPSHOT, lastRequest: omNode-1->omNode-bootstrap-2#0-t1,notify:(t:1, i:0)
2024-08-03 20:05:11,328 [grpc-default-executor-3] INFO  server.GrpcServerProtocolService (GrpcServerProtocolService.java:lambda$onCompleted$5(159)) - omNode-bootstrap-2: Completed INSTALL_SNAPSHOT, lastReply: null
2024-08-03 20:05:11,329 [omNode-bootstrap-2-server-thread1] INFO  server.RaftServer$Division (RaftServerImpl.java:checkInconsistentAppendEntries(1629)) - omNode-bootstrap-2@group-0AAC5367B30E: Failed appendEntries as snapshot (0) installation is in progress
2024-08-03 20:05:11,329 [omNode-bootstrap-2-server-thread1] INFO  server.RaftServer$Division (RaftServerImpl.java:appendEntriesAsync(1584)) - omNode-bootstrap-2@group-0AAC5367B30E: appendEntries* reply omNode-1<-omNode-bootstrap-2#211:FAIL-t1,INCONSISTENCY,nextIndex=0,followerCommit=-1,matchIndex=-1
2024-08-03 20:05:11,330 [grpc-default-executor-5] INFO  impl.SnapshotInstallationHandler (SnapshotInstallationHandler.java:installSnapshot(92)) - omNode-bootstrap-2@group-0AAC5367B30E: receive installSnapshot: omNode-1->omNode-bootstrap-2#0-t1,notify:(t:1, i:0)
2024-08-03 20:05:11,330 [grpc-default-executor-5] INFO  impl.SnapshotInstallationHandler (SnapshotInstallationHandler.java:installSnapshotImpl(138)) - omNode-bootstrap-2@group-0AAC5367B30E: set new configuration configurationEntry {
  peers {
    id: "omNode-3"
    address: "localhost:15023"
    startupRole: FOLLOWER
  }
  peers {
    id: "omNode-1"
    address: "localhost:15015"
    startupRole: FOLLOWER
  }
  peers {
    id: "omNode-2"
    address: "localhost:15019"
    startupRole: FOLLOWER
  }
}
 from snapshot
2024-08-03 20:05:11,330 [grpc-default-executor-5] INFO  server.RaftServer$Division (ServerState.java:setRaftConf(386)) - omNode-bootstrap-2@group-0AAC5367B30E: set configuration conf: {index: 0, cur=peers:[omNode-3|localhost:15023, omNode-1|localhost:15015, omNode-2|localhost:15019]|listeners:[], old=null}
2024-08-03 20:05:11,332 [grpc-default-executor-5] INFO  ratis.OzoneManagerStateMachine (OzoneManagerStateMachine.java:notifyConfigurationChanged(216)) - Received Configuration change notification from Ratis. New Peer list:
[id: "omNode-3"
address: "localhost:15023"
startupRole: FOLLOWER
, id: "omNode-1"
address: "localhost:15015"
startupRole: FOLLOWER
, id: "omNode-2"
address: "localhost:15019"
startupRole: FOLLOWER
]
2024-08-03 20:05:11,332 [grpc-default-executor-5] INFO  impl.SnapshotInstallationHandler (SnapshotInstallationHandler.java:installSnapshot(103)) - omNode-bootstrap-2@group-0AAC5367B30E: reply installSnapshot: omNode-1<-omNode-bootstrap-2#0:FAIL-t1,IN_PROGRESS,snapshotIndex=0
2024-08-03 20:05:11,332 [grpc-default-executor-5] INFO  server.GrpcServerProtocolService (GrpcServerProtocolService.java:onCompleted(157)) - omNode-bootstrap-2: Completed INSTALL_SNAPSHOT, lastRequest: omNode-1->omNode-bootstrap-2#0-t1,notify:(t:1, i:0)
2024-08-03 20:05:11,332 [grpc-default-executor-5] INFO  server.GrpcServerProtocolService (GrpcServerProtocolService.java:lambda$onCompleted$5(159)) - omNode-bootstrap-2: Completed INSTALL_SNAPSHOT, lastReply: null
2024-08-03 20:05:11,333 [omNode-bootstrap-2-server-thread1] INFO  server.RaftServer$Division (RaftServerImpl.java:checkInconsistentAppendEntries(1629)) - omNode-bootstrap-2@group-0AAC5367B30E: Failed appendEntries as snapshot (0) installation is in progress
2024-08-03 20:05:11,334 [omNode-bootstrap-2-server-thread1] INFO  server.RaftServer$Division (RaftServerImpl.java:appendEntriesAsync(1584)) - omNode-bootstrap-2@group-0AAC5367B30E: appendEntries* reply omNode-1<-omNode-bootstrap-2#212:FAIL-t1,INCONSISTENCY,nextIndex=0,followerCommit=-1,matchIndex=-1
2024-08-03 20:05:11,335 [grpc-default-executor-3] INFO  impl.SnapshotInstallationHandler (SnapshotInstallationHandler.java:installSnapshot(92)) - omNode-bootstrap-2@group-0AAC5367B30E: receive installSnapshot: omNode-1->omNode-bootstrap-2#0-t1,notify:(t:1, i:0)
2024-08-03 20:05:11,335 [grpc-default-executor-3] INFO  impl.SnapshotInstallationHandler (SnapshotInstallationHandler.java:installSnapshotImpl(138)) - omNode-bootstrap-2@group-0AAC5367B30E: set new configuration configurationEntry {
  peers {
    id: "omNode-3"
    address: "localhost:15023"
    startupRole: FOLLOWER
  }
  peers {
    id: "omNode-1"
    address: "localhost:15015"
    startupRole: FOLLOWER
  }
  peers {
    id: "omNode-2"
    address: "localhost:15019"
    startupRole: FOLLOWER
  }
}
 from snapshot
2024-08-03 20:05:11,335 [grpc-default-executor-3] INFO  server.RaftServer$Division (ServerState.java:setRaftConf(386)) - omNode-bootstrap-2@group-0AAC5367B30E: set configuration conf: {index: 0, cur=peers:[omNode-3|localhost:15023, omNode-1|localhost:15015, omNode-2|localhost:15019]|listeners:[], old=null}
2024-08-03 20:05:11,337 [grpc-default-executor-3] INFO  ratis.OzoneManagerStateMachine (OzoneManagerStateMachine.java:notifyConfigurationChanged(216)) - Received Configuration change notification from Ratis. New Peer list:
[id: "omNode-3"
address: "localhost:15023"
startupRole: FOLLOWER
, id: "omNode-1"
address: "localhost:15015"
startupRole: FOLLOWER
, id: "omNode-2"
address: "localhost:15019"
startupRole: FOLLOWER
]
2024-08-03 20:05:11,337 [grpc-default-executor-3] INFO  impl.SnapshotInstallationHandler (SnapshotInstallationHandler.java:installSnapshot(103)) - omNode-bootstrap-2@group-0AAC5367B30E: reply installSnapshot: omNode-1<-omNode-bootstrap-2#0:FAIL-t1,IN_PROGRESS,snapshotIndex=0
2024-08-03 20:05:11,337 [grpc-default-executor-3] INFO  server.GrpcServerProtocolService (GrpcServerProtocolService.java:onCompleted(157)) - omNode-bootstrap-2: Completed INSTALL_SNAPSHOT, lastRequest: omNode-1->omNode-bootstrap-2#0-t1,notify:(t:1, i:0)
2024-08-03 20:05:11,338 [grpc-default-executor-3] INFO  server.GrpcServerProtocolService (GrpcServerProtocolService.java:lambda$onCompleted$5(159)) - omNode-bootstrap-2: Completed INSTALL_SNAPSHOT, lastReply: null
2024-08-03 20:05:11,338 [omNode-bootstrap-2-server-thread1] INFO  server.RaftServer$Division (RaftServerImpl.java:checkInconsistentAppendEntries(1629)) - omNode-bootstrap-2@group-0AAC5367B30E: Failed appendEntries as snapshot (0) installation is in progress
2024-08-03 20:05:11,338 [omNode-bootstrap-2-server-thread1] INFO  server.RaftServer$Division (RaftServerImpl.java:appendEntriesAsync(1584)) - omNode-bootstrap-2@group-0AAC5367B30E: appendEntries* reply omNode-1<-omNode-bootstrap-2#213:FAIL-t1,INCONSISTENCY,nextIndex=0,followerCommit=-1,matchIndex=-1
2024-08-03 20:05:11,340 [grpc-default-executor-5] INFO  impl.SnapshotInstallationHandler (SnapshotInstallationHandler.java:installSnapshot(92)) - omNode-bootstrap-2@group-0AAC5367B30E: receive installSnapshot: omNode-1->omNode-bootstrap-2#0-t1,notify:(t:1, i:0)
2024-08-03 20:05:11,340 [grpc-default-executor-5] INFO  impl.SnapshotInstallationHandler (SnapshotInstallationHandler.java:installSnapshotImpl(138)) - omNode-bootstrap-2@group-0AAC5367B30E: set new configuration configurationEntry {
  peers {
    id: "omNode-3"
    address: "localhost:15023"
    startupRole: FOLLOWER
  }
  peers {
    id: "omNode-1"
    address: "localhost:15015"
    startupRole: FOLLOWER
  }
  peers {
    id: "omNode-2"
    address: "localhost:15019"
    startupRole: FOLLOWER
  }
}
 from snapshot
2024-08-03 20:05:11,340 [grpc-default-executor-5] INFO  server.RaftServer$Division (ServerState.java:setRaftConf(386)) - omNode-bootstrap-2@group-0AAC5367B30E: set configuration conf: {index: 0, cur=peers:[omNode-3|localhost:15023, omNode-1|localhost:15015, omNode-2|localhost:15019]|listeners:[], old=null}
2024-08-03 20:05:11,342 [grpc-default-executor-5] INFO  ratis.OzoneManagerStateMachine (OzoneManagerStateMachine.java:notifyConfigurationChanged(216)) - Received Configuration change notification from Ratis. New Peer list:
[id: "omNode-3"
address: "localhost:15023"
startupRole: FOLLOWER
, id: "omNode-1"
address: "localhost:15015"
startupRole: FOLLOWER
, id: "omNode-2"
address: "localhost:15019"
startupRole: FOLLOWER
]
2024-08-03 20:05:11,342 [grpc-default-executor-5] INFO  impl.SnapshotInstallationHandler (SnapshotInstallationHandler.java:installSnapshot(103)) - omNode-bootstrap-2@group-0AAC5367B30E: reply installSnapshot: omNode-1<-omNode-bootstrap-2#0:FAIL-t1,IN_PROGRESS,snapshotIndex=0
2024-08-03 20:05:11,342 [grpc-default-executor-5] INFO  server.GrpcServerProtocolService (GrpcServerProtocolService.java:onCompleted(157)) - omNode-bootstrap-2: Completed INSTALL_SNAPSHOT, lastRequest: omNode-1->omNode-bootstrap-2#0-t1,notify:(t:1, i:0)
2024-08-03 20:05:11,342 [grpc-default-executor-5] INFO  server.GrpcServerProtocolService (GrpcServerProtocolService.java:lambda$onCompleted$5(159)) - omNode-bootstrap-2: Completed INSTALL_SNAPSHOT, lastReply: null
2024-08-03 20:05:11,343 [omNode-bootstrap-2-server-thread1] INFO  server.RaftServer$Division (RaftServerImpl.java:checkInconsistentAppendEntries(1629)) - omNode-bootstrap-2@group-0AAC5367B30E: Failed appendEntries as snapshot (0) installation is in progress
2024-08-03 20:05:11,343 [omNode-bootstrap-2-server-thread1] INFO  server.RaftServer$Division (RaftServerImpl.java:appendEntriesAsync(1584)) - omNode-bootstrap-2@group-0AAC5367B30E: appendEntries* reply omNode-1<-omNode-bootstrap-2#214:FAIL-t1,INCONSISTENCY,nextIndex=0,followerCommit=-1,matchIndex=-1
2024-08-03 20:05:11,344 [grpc-default-executor-5] INFO  impl.SnapshotInstallationHandler (SnapshotInstallationHandler.java:installSnapshot(92)) - omNode-bootstrap-2@group-0AAC5367B30E: receive installSnapshot: omNode-1->omNode-bootstrap-2#0-t1,notify:(t:1, i:0)
2024-08-03 20:05:11,345 [grpc-default-executor-5] INFO  impl.SnapshotInstallationHandler (SnapshotInstallationHandler.java:installSnapshotImpl(138)) - omNode-bootstrap-2@group-0AAC5367B30E: set new configuration configurationEntry {
  peers {
    id: "omNode-3"
    address: "localhost:15023"
    startupRole: FOLLOWER
  }
  peers {
    id: "omNode-1"
    address: "localhost:15015"
    startupRole: FOLLOWER
  }
  peers {
    id: "omNode-2"
    address: "localhost:15019"
    startupRole: FOLLOWER
  }
}
 from snapshot
2024-08-03 20:05:11,345 [grpc-default-executor-5] INFO  server.RaftServer$Division (ServerState.java:setRaftConf(386)) - omNode-bootstrap-2@group-0AAC5367B30E: set configuration conf: {index: 0, cur=peers:[omNode-3|localhost:15023, omNode-1|localhost:15015, omNode-2|localhost:15019]|listeners:[], old=null}
2024-08-03 20:05:11,346 [grpc-default-executor-5] INFO  ratis.OzoneManagerStateMachine (OzoneManagerStateMachine.java:notifyConfigurationChanged(216)) - Received Configuration change notification from Ratis. New Peer list:
[id: "omNode-3"
address: "localhost:15023"
startupRole: FOLLOWER
, id: "omNode-1"
address: "localhost:15015"
startupRole: FOLLOWER
, id: "omNode-2"
address: "localhost:15019"
startupRole: FOLLOWER
]
2024-08-03 20:05:11,347 [grpc-default-executor-5] INFO  impl.SnapshotInstallationHandler (SnapshotInstallationHandler.java:installSnapshot(103)) - omNode-bootstrap-2@group-0AAC5367B30E: reply installSnapshot: omNode-1<-omNode-bootstrap-2#0:FAIL-t1,IN_PROGRESS,snapshotIndex=0
2024-08-03 20:05:11,347 [grpc-default-executor-5] INFO  server.GrpcServerProtocolService (GrpcServerProtocolService.java:onCompleted(157)) - omNode-bootstrap-2: Completed INSTALL_SNAPSHOT, lastRequest: omNode-1->omNode-bootstrap-2#0-t1,notify:(t:1, i:0)
2024-08-03 20:05:11,347 [grpc-default-executor-5] INFO  server.GrpcServerProtocolService (GrpcServerProtocolService.java:lambda$onCompleted$5(159)) - omNode-bootstrap-2: Completed INSTALL_SNAPSHOT, lastReply: null
2024-08-03 20:05:11,348 [omNode-bootstrap-2-server-thread1] INFO  server.RaftServer$Division (RaftServerImpl.java:checkInconsistentAppendEntries(1629)) - omNode-bootstrap-2@group-0AAC5367B30E: Failed appendEntries as snapshot (0) installation is in progress
2024-08-03 20:05:11,348 [omNode-bootstrap-2-server-thread1] INFO  server.RaftServer$Division (RaftServerImpl.java:appendEntriesAsync(1584)) - omNode-bootstrap-2@group-0AAC5367B30E: appendEntries* reply omNode-1<-omNode-bootstrap-2#215:FAIL-t1,INCONSISTENCY,nextIndex=0,followerCommit=-1,matchIndex=-1
2024-08-03 20:05:11,349 [grpc-default-executor-3] INFO  impl.SnapshotInstallationHandler (SnapshotInstallationHandler.java:installSnapshot(92)) - omNode-bootstrap-2@group-0AAC5367B30E: receive installSnapshot: omNode-1->omNode-bootstrap-2#0-t1,notify:(t:1, i:0)
2024-08-03 20:05:11,349 [grpc-default-executor-3] INFO  impl.SnapshotInstallationHandler (SnapshotInstallationHandler.java:installSnapshotImpl(138)) - omNode-bootstrap-2@group-0AAC5367B30E: set new configuration configurationEntry {
  peers {
    id: "omNode-3"
    address: "localhost:15023"
    startupRole: FOLLOWER
  }
  peers {
    id: "omNode-1"
    address: "localhost:15015"
    startupRole: FOLLOWER
  }
  peers {
    id: "omNode-2"
    address: "localhost:15019"
    startupRole: FOLLOWER
  }
}
 from snapshot
2024-08-03 20:05:11,350 [grpc-default-executor-3] INFO  server.RaftServer$Division (ServerState.java:setRaftConf(386)) - omNode-bootstrap-2@group-0AAC5367B30E: set configuration conf: {index: 0, cur=peers:[omNode-3|localhost:15023, omNode-1|localhost:15015, omNode-2|localhost:15019]|listeners:[], old=null}
2024-08-03 20:05:11,353 [grpc-default-executor-3] INFO  ratis.OzoneManagerStateMachine (OzoneManagerStateMachine.java:notifyConfigurationChanged(216)) - Received Configuration change notification from Ratis. New Peer list:
[id: "omNode-3"
address: "localhost:15023"
startupRole: FOLLOWER
, id: "omNode-1"
address: "localhost:15015"
startupRole: FOLLOWER
, id: "omNode-2"
address: "localhost:15019"
startupRole: FOLLOWER
]
2024-08-03 20:05:11,353 [grpc-default-executor-3] INFO  impl.SnapshotInstallationHandler (SnapshotInstallationHandler.java:installSnapshot(103)) - omNode-bootstrap-2@group-0AAC5367B30E: reply installSnapshot: omNode-1<-omNode-bootstrap-2#0:FAIL-t1,IN_PROGRESS,snapshotIndex=0
2024-08-03 20:05:11,353 [grpc-default-executor-3] INFO  server.GrpcServerProtocolService (GrpcServerProtocolService.java:onCompleted(157)) - omNode-bootstrap-2: Completed INSTALL_SNAPSHOT, lastRequest: omNode-1->omNode-bootstrap-2#0-t1,notify:(t:1, i:0)
2024-08-03 20:05:11,354 [grpc-default-executor-3] INFO  server.GrpcServerProtocolService (GrpcServerProtocolService.java:lambda$onCompleted$5(159)) - omNode-bootstrap-2: Completed INSTALL_SNAPSHOT, lastReply: null
2024-08-03 20:05:11,354 [omNode-bootstrap-2-server-thread1] INFO  server.RaftServer$Division (RaftServerImpl.java:checkInconsistentAppendEntries(1629)) - omNode-bootstrap-2@group-0AAC5367B30E: Failed appendEntries as snapshot (0) installation is in progress
2024-08-03 20:05:11,354 [omNode-bootstrap-2-server-thread1] INFO  server.RaftServer$Division (RaftServerImpl.java:appendEntriesAsync(1584)) - omNode-bootstrap-2@group-0AAC5367B30E: appendEntries* reply omNode-1<-omNode-bootstrap-2#216:FAIL-t1,INCONSISTENCY,nextIndex=0,followerCommit=-1,matchIndex=-1
2024-08-03 20:05:11,356 [grpc-default-executor-5] INFO  impl.SnapshotInstallationHandler (SnapshotInstallationHandler.java:installSnapshot(92)) - omNode-bootstrap-2@group-0AAC5367B30E: receive installSnapshot: omNode-1->omNode-bootstrap-2#0-t1,notify:(t:1, i:0)
2024-08-03 20:05:11,356 [grpc-default-executor-5] INFO  impl.SnapshotInstallationHandler (SnapshotInstallationHandler.java:installSnapshotImpl(138)) - omNode-bootstrap-2@group-0AAC5367B30E: set new configuration configurationEntry {
  peers {
    id: "omNode-3"
    address: "localhost:15023"
    startupRole: FOLLOWER
  }
  peers {
    id: "omNode-1"
    address: "localhost:15015"
    startupRole: FOLLOWER
  }
  peers {
    id: "omNode-2"
    address: "localhost:15019"
    startupRole: FOLLOWER
  }
}
 from snapshot
2024-08-03 20:05:11,356 [grpc-default-executor-5] INFO  server.RaftServer$Division (ServerState.java:setRaftConf(386)) - omNode-bootstrap-2@group-0AAC5367B30E: set configuration conf: {index: 0, cur=peers:[omNode-3|localhost:15023, omNode-1|localhost:15015, omNode-2|localhost:15019]|listeners:[], old=null}
2024-08-03 20:05:11,358 [grpc-default-executor-5] INFO  ratis.OzoneManagerStateMachine (OzoneManagerStateMachine.java:notifyConfigurationChanged(216)) - Received Configuration change notification from Ratis. New Peer list:
[id: "omNode-3"
address: "localhost:15023"
startupRole: FOLLOWER
, id: "omNode-1"
address: "localhost:15015"
startupRole: FOLLOWER
, id: "omNode-2"
address: "localhost:15019"
startupRole: FOLLOWER
]
2024-08-03 20:05:11,358 [grpc-default-executor-5] INFO  impl.SnapshotInstallationHandler (SnapshotInstallationHandler.java:installSnapshot(103)) - omNode-bootstrap-2@group-0AAC5367B30E: reply installSnapshot: omNode-1<-omNode-bootstrap-2#0:FAIL-t1,IN_PROGRESS,snapshotIndex=0
2024-08-03 20:05:11,359 [grpc-default-executor-5] INFO  server.GrpcServerProtocolService (GrpcServerProtocolService.java:onCompleted(157)) - omNode-bootstrap-2: Completed INSTALL_SNAPSHOT, lastRequest: omNode-1->omNode-bootstrap-2#0-t1,notify:(t:1, i:0)
2024-08-03 20:05:11,359 [grpc-default-executor-5] INFO  server.GrpcServerProtocolService (GrpcServerProtocolService.java:lambda$onCompleted$5(159)) - omNode-bootstrap-2: Completed INSTALL_SNAPSHOT, lastReply: null
2024-08-03 20:05:11,359 [omNode-bootstrap-2-server-thread1] INFO  server.RaftServer$Division (RaftServerImpl.java:checkInconsistentAppendEntries(1629)) - omNode-bootstrap-2@group-0AAC5367B30E: Failed appendEntries as snapshot (0) installation is in progress
2024-08-03 20:05:11,360 [omNode-bootstrap-2-server-thread1] INFO  server.RaftServer$Division (RaftServerImpl.java:appendEntriesAsync(1584)) - omNode-bootstrap-2@group-0AAC5367B30E: appendEntries* reply omNode-1<-omNode-bootstrap-2#217:FAIL-t1,INCONSISTENCY,nextIndex=0,followerCommit=-1,matchIndex=-1
2024-08-03 20:05:11,361 [grpc-default-executor-1] INFO  impl.SnapshotInstallationHandler (SnapshotInstallationHandler.java:installSnapshot(92)) - omNode-bootstrap-2@group-0AAC5367B30E: receive installSnapshot: omNode-1->omNode-bootstrap-2#0-t1,notify:(t:1, i:0)
2024-08-03 20:05:11,361 [grpc-default-executor-1] INFO  impl.SnapshotInstallationHandler (SnapshotInstallationHandler.java:installSnapshotImpl(138)) - omNode-bootstrap-2@group-0AAC5367B30E: set new configuration configurationEntry {
  peers {
    id: "omNode-3"
    address: "localhost:15023"
    startupRole: FOLLOWER
  }
  peers {
    id: "omNode-1"
    address: "localhost:15015"
    startupRole: FOLLOWER
  }
  peers {
    id: "omNode-2"
    address: "localhost:15019"
    startupRole: FOLLOWER
  }
}
 from snapshot
2024-08-03 20:05:11,361 [grpc-default-executor-1] INFO  server.RaftServer$Division (ServerState.java:setRaftConf(386)) - omNode-bootstrap-2@group-0AAC5367B30E: set configuration conf: {index: 0, cur=peers:[omNode-3|localhost:15023, omNode-1|localhost:15015, omNode-2|localhost:15019]|listeners:[], old=null}
2024-08-03 20:05:11,362 [grpc-default-executor-1] INFO  ratis.OzoneManagerStateMachine (OzoneManagerStateMachine.java:notifyConfigurationChanged(216)) - Received Configuration change notification from Ratis. New Peer list:
[id: "omNode-3"
address: "localhost:15023"
startupRole: FOLLOWER
, id: "omNode-1"
address: "localhost:15015"
startupRole: FOLLOWER
, id: "omNode-2"
address: "localhost:15019"
startupRole: FOLLOWER
]
2024-08-03 20:05:11,362 [grpc-default-executor-1] INFO  impl.SnapshotInstallationHandler (SnapshotInstallationHandler.java:installSnapshot(103)) - omNode-bootstrap-2@group-0AAC5367B30E: reply installSnapshot: omNode-1<-omNode-bootstrap-2#0:FAIL-t1,IN_PROGRESS,snapshotIndex=0
2024-08-03 20:05:11,363 [grpc-default-executor-1] INFO  server.GrpcServerProtocolService (GrpcServerProtocolService.java:onCompleted(157)) - omNode-bootstrap-2: Completed INSTALL_SNAPSHOT, lastRequest: omNode-1->omNode-bootstrap-2#0-t1,notify:(t:1, i:0)
2024-08-03 20:05:11,363 [grpc-default-executor-1] INFO  server.GrpcServerProtocolService (GrpcServerProtocolService.java:lambda$onCompleted$5(159)) - omNode-bootstrap-2: Completed INSTALL_SNAPSHOT, lastReply: null
2024-08-03 20:05:11,363 [omNode-bootstrap-2-server-thread1] INFO  server.RaftServer$Division (RaftServerImpl.java:checkInconsistentAppendEntries(1629)) - omNode-bootstrap-2@group-0AAC5367B30E: Failed appendEntries as snapshot (0) installation is in progress
2024-08-03 20:05:11,364 [omNode-bootstrap-2-server-thread1] INFO  server.RaftServer$Division (RaftServerImpl.java:appendEntriesAsync(1584)) - omNode-bootstrap-2@group-0AAC5367B30E: appendEntries* reply omNode-1<-omNode-bootstrap-2#218:FAIL-t1,INCONSISTENCY,nextIndex=0,followerCommit=-1,matchIndex=-1
2024-08-03 20:05:11,365 [grpc-default-executor-5] INFO  impl.SnapshotInstallationHandler (SnapshotInstallationHandler.java:installSnapshot(92)) - omNode-bootstrap-2@group-0AAC5367B30E: receive installSnapshot: omNode-1->omNode-bootstrap-2#0-t1,notify:(t:1, i:0)
2024-08-03 20:05:11,365 [grpc-default-executor-5] INFO  impl.SnapshotInstallationHandler (SnapshotInstallationHandler.java:installSnapshotImpl(138)) - omNode-bootstrap-2@group-0AAC5367B30E: set new configuration configurationEntry {
  peers {
    id: "omNode-3"
    address: "localhost:15023"
    startupRole: FOLLOWER
  }
  peers {
    id: "omNode-1"
    address: "localhost:15015"
    startupRole: FOLLOWER
  }
  peers {
    id: "omNode-2"
    address: "localhost:15019"
    startupRole: FOLLOWER
  }
}
 from snapshot
2024-08-03 20:05:11,365 [grpc-default-executor-5] INFO  server.RaftServer$Division (ServerState.java:setRaftConf(386)) - omNode-bootstrap-2@group-0AAC5367B30E: set configuration conf: {index: 0, cur=peers:[omNode-3|localhost:15023, omNode-1|localhost:15015, omNode-2|localhost:15019]|listeners:[], old=null}
2024-08-03 20:05:11,367 [grpc-default-executor-5] INFO  ratis.OzoneManagerStateMachine (OzoneManagerStateMachine.java:notifyConfigurationChanged(216)) - Received Configuration change notification from Ratis. New Peer list:
[id: "omNode-3"
address: "localhost:15023"
startupRole: FOLLOWER
, id: "omNode-1"
address: "localhost:15015"
startupRole: FOLLOWER
, id: "omNode-2"
address: "localhost:15019"
startupRole: FOLLOWER
]
2024-08-03 20:05:11,367 [grpc-default-executor-5] INFO  impl.SnapshotInstallationHandler (SnapshotInstallationHandler.java:installSnapshot(103)) - omNode-bootstrap-2@group-0AAC5367B30E: reply installSnapshot: omNode-1<-omNode-bootstrap-2#0:FAIL-t1,IN_PROGRESS,snapshotIndex=0
2024-08-03 20:05:11,367 [grpc-default-executor-5] INFO  server.GrpcServerProtocolService (GrpcServerProtocolService.java:onCompleted(157)) - omNode-bootstrap-2: Completed INSTALL_SNAPSHOT, lastRequest: omNode-1->omNode-bootstrap-2#0-t1,notify:(t:1, i:0)
2024-08-03 20:05:11,367 [grpc-default-executor-5] INFO  server.GrpcServerProtocolService (GrpcServerProtocolService.java:lambda$onCompleted$5(159)) - omNode-bootstrap-2: Completed INSTALL_SNAPSHOT, lastReply: null
2024-08-03 20:05:11,368 [omNode-bootstrap-2-server-thread1] INFO  server.RaftServer$Division (RaftServerImpl.java:checkInconsistentAppendEntries(1629)) - omNode-bootstrap-2@group-0AAC5367B30E: Failed appendEntries as snapshot (0) installation is in progress
2024-08-03 20:05:11,368 [omNode-bootstrap-2-server-thread1] INFO  server.RaftServer$Division (RaftServerImpl.java:appendEntriesAsync(1584)) - omNode-bootstrap-2@group-0AAC5367B30E: appendEntries* reply omNode-1<-omNode-bootstrap-2#219:FAIL-t1,INCONSISTENCY,nextIndex=0,followerCommit=-1,matchIndex=-1
2024-08-03 20:05:11,369 [grpc-default-executor-1] INFO  impl.SnapshotInstallationHandler (SnapshotInstallationHandler.java:installSnapshot(92)) - omNode-bootstrap-2@group-0AAC5367B30E: receive installSnapshot: omNode-1->omNode-bootstrap-2#0-t1,notify:(t:1, i:0)
2024-08-03 20:05:11,369 [grpc-default-executor-1] INFO  impl.SnapshotInstallationHandler (SnapshotInstallationHandler.java:installSnapshotImpl(138)) - omNode-bootstrap-2@group-0AAC5367B30E: set new configuration configurationEntry {
  peers {
    id: "omNode-3"
    address: "localhost:15023"
    startupRole: FOLLOWER
  }
  peers {
    id: "omNode-1"
    address: "localhost:15015"
    startupRole: FOLLOWER
  }
  peers {
    id: "omNode-2"
    address: "localhost:15019"
    startupRole: FOLLOWER
  }
}
 from snapshot
2024-08-03 20:05:11,369 [grpc-default-executor-1] INFO  server.RaftServer$Division (ServerState.java:setRaftConf(386)) - omNode-bootstrap-2@group-0AAC5367B30E: set configuration conf: {index: 0, cur=peers:[omNode-3|localhost:15023, omNode-1|localhost:15015, omNode-2|localhost:15019]|listeners:[], old=null}
2024-08-03 20:05:11,371 [grpc-default-executor-1] INFO  ratis.OzoneManagerStateMachine (OzoneManagerStateMachine.java:notifyConfigurationChanged(216)) - Received Configuration change notification from Ratis. New Peer list:
[id: "omNode-3"
address: "localhost:15023"
startupRole: FOLLOWER
, id: "omNode-1"
address: "localhost:15015"
startupRole: FOLLOWER
, id: "omNode-2"
address: "localhost:15019"
startupRole: FOLLOWER
]
2024-08-03 20:05:11,371 [grpc-default-executor-1] INFO  impl.SnapshotInstallationHandler (SnapshotInstallationHandler.java:installSnapshot(103)) - omNode-bootstrap-2@group-0AAC5367B30E: reply installSnapshot: omNode-1<-omNode-bootstrap-2#0:FAIL-t1,IN_PROGRESS,snapshotIndex=0
2024-08-03 20:05:11,371 [grpc-default-executor-1] INFO  server.GrpcServerProtocolService (GrpcServerProtocolService.java:onCompleted(157)) - omNode-bootstrap-2: Completed INSTALL_SNAPSHOT, lastRequest: omNode-1->omNode-bootstrap-2#0-t1,notify:(t:1, i:0)
2024-08-03 20:05:11,371 [grpc-default-executor-1] INFO  server.GrpcServerProtocolService (GrpcServerProtocolService.java:lambda$onCompleted$5(159)) - omNode-bootstrap-2: Completed INSTALL_SNAPSHOT, lastReply: null
2024-08-03 20:05:11,372 [grpc-default-executor-3] INFO  impl.SnapshotInstallationHandler (SnapshotInstallationHandler.java:installSnapshot(92)) - omNode-bootstrap-2@group-0AAC5367B30E: receive installSnapshot: omNode-1->omNode-bootstrap-2#0-t1,notify:(t:1, i:0)
2024-08-03 20:05:11,373 [grpc-default-executor-3] INFO  impl.SnapshotInstallationHandler (SnapshotInstallationHandler.java:installSnapshotImpl(138)) - omNode-bootstrap-2@group-0AAC5367B30E: set new configuration configurationEntry {
  peers {
    id: "omNode-3"
    address: "localhost:15023"
    startupRole: FOLLOWER
  }
  peers {
    id: "omNode-1"
    address: "localhost:15015"
    startupRole: FOLLOWER
  }
  peers {
    id: "omNode-2"
    address: "localhost:15019"
    startupRole: FOLLOWER
  }
}
 from snapshot
2024-08-03 20:05:11,373 [grpc-default-executor-3] INFO  server.RaftServer$Division (ServerState.java:setRaftConf(386)) - omNode-bootstrap-2@group-0AAC5367B30E: set configuration conf: {index: 0, cur=peers:[omNode-3|localhost:15023, omNode-1|localhost:15015, omNode-2|localhost:15019]|listeners:[], old=null}
2024-08-03 20:05:11,374 [omNode-bootstrap-2-server-thread1] INFO  server.RaftServer$Division (RaftServerImpl.java:checkInconsistentAppendEntries(1629)) - omNode-bootstrap-2@group-0AAC5367B30E: Failed appendEntries as snapshot (0) installation is in progress
2024-08-03 20:05:11,374 [omNode-bootstrap-2-server-thread1] INFO  server.RaftServer$Division (RaftServerImpl.java:appendEntriesAsync(1584)) - omNode-bootstrap-2@group-0AAC5367B30E: appendEntries* reply omNode-1<-omNode-bootstrap-2#220:FAIL-t1,INCONSISTENCY,nextIndex=0,followerCommit=-1,matchIndex=-1
2024-08-03 20:05:11,374 [grpc-default-executor-3] INFO  ratis.OzoneManagerStateMachine (OzoneManagerStateMachine.java:notifyConfigurationChanged(216)) - Received Configuration change notification from Ratis. New Peer list:
[id: "omNode-3"
address: "localhost:15023"
startupRole: FOLLOWER
, id: "omNode-1"
address: "localhost:15015"
startupRole: FOLLOWER
, id: "omNode-2"
address: "localhost:15019"
startupRole: FOLLOWER
]
2024-08-03 20:05:11,374 [grpc-default-executor-3] INFO  impl.SnapshotInstallationHandler (SnapshotInstallationHandler.java:installSnapshot(103)) - omNode-bootstrap-2@group-0AAC5367B30E: reply installSnapshot: omNode-1<-omNode-bootstrap-2#0:FAIL-t1,IN_PROGRESS,snapshotIndex=0
2024-08-03 20:05:11,375 [grpc-default-executor-3] INFO  server.GrpcServerProtocolService (GrpcServerProtocolService.java:onCompleted(157)) - omNode-bootstrap-2: Completed INSTALL_SNAPSHOT, lastRequest: omNode-1->omNode-bootstrap-2#0-t1,notify:(t:1, i:0)
2024-08-03 20:05:11,375 [grpc-default-executor-3] INFO  server.GrpcServerProtocolService (GrpcServerProtocolService.java:lambda$onCompleted$5(159)) - omNode-bootstrap-2: Completed INSTALL_SNAPSHOT, lastReply: null
2024-08-03 20:05:11,376 [omNode-bootstrap-2-server-thread1] INFO  server.RaftServer$Division (RaftServerImpl.java:checkInconsistentAppendEntries(1629)) - omNode-bootstrap-2@group-0AAC5367B30E: Failed appendEntries as snapshot (0) installation is in progress
2024-08-03 20:05:11,376 [omNode-bootstrap-2-server-thread1] INFO  server.RaftServer$Division (RaftServerImpl.java:appendEntriesAsync(1584)) - omNode-bootstrap-2@group-0AAC5367B30E: appendEntries* reply omNode-1<-omNode-bootstrap-2#221:FAIL-t1,INCONSISTENCY,nextIndex=0,followerCommit=-1,matchIndex=-1
2024-08-03 20:05:11,377 [grpc-default-executor-1] INFO  impl.SnapshotInstallationHandler (SnapshotInstallationHandler.java:installSnapshot(92)) - omNode-bootstrap-2@group-0AAC5367B30E: receive installSnapshot: omNode-1->omNode-bootstrap-2#0-t1,notify:(t:1, i:0)
2024-08-03 20:05:11,377 [grpc-default-executor-1] INFO  impl.SnapshotInstallationHandler (SnapshotInstallationHandler.java:installSnapshotImpl(138)) - omNode-bootstrap-2@group-0AAC5367B30E: set new configuration configurationEntry {
  peers {
    id: "omNode-3"
    address: "localhost:15023"
    startupRole: FOLLOWER
  }
  peers {
    id: "omNode-1"
    address: "localhost:15015"
    startupRole: FOLLOWER
  }
  peers {
    id: "omNode-2"
    address: "localhost:15019"
    startupRole: FOLLOWER
  }
}
 from snapshot
2024-08-03 20:05:11,377 [grpc-default-executor-1] INFO  server.RaftServer$Division (ServerState.java:setRaftConf(386)) - omNode-bootstrap-2@group-0AAC5367B30E: set configuration conf: {index: 0, cur=peers:[omNode-3|localhost:15023, omNode-1|localhost:15015, omNode-2|localhost:15019]|listeners:[], old=null}
2024-08-03 20:05:11,379 [grpc-default-executor-1] INFO  ratis.OzoneManagerStateMachine (OzoneManagerStateMachine.java:notifyConfigurationChanged(216)) - Received Configuration change notification from Ratis. New Peer list:
[id: "omNode-3"
address: "localhost:15023"
startupRole: FOLLOWER
, id: "omNode-1"
address: "localhost:15015"
startupRole: FOLLOWER
, id: "omNode-2"
address: "localhost:15019"
startupRole: FOLLOWER
]
2024-08-03 20:05:11,379 [grpc-default-executor-1] INFO  impl.SnapshotInstallationHandler (SnapshotInstallationHandler.java:installSnapshot(103)) - omNode-bootstrap-2@group-0AAC5367B30E: reply installSnapshot: omNode-1<-omNode-bootstrap-2#0:FAIL-t1,IN_PROGRESS,snapshotIndex=0
2024-08-03 20:05:11,379 [grpc-default-executor-1] INFO  server.GrpcServerProtocolService (GrpcServerProtocolService.java:onCompleted(157)) - omNode-bootstrap-2: Completed INSTALL_SNAPSHOT, lastRequest: omNode-1->omNode-bootstrap-2#0-t1,notify:(t:1, i:0)
2024-08-03 20:05:11,380 [grpc-default-executor-1] INFO  server.GrpcServerProtocolService (GrpcServerProtocolService.java:lambda$onCompleted$5(159)) - omNode-bootstrap-2: Completed INSTALL_SNAPSHOT, lastReply: null
2024-08-03 20:05:11,381 [grpc-default-executor-0] INFO  impl.SnapshotInstallationHandler (SnapshotInstallationHandler.java:installSnapshot(92)) - omNode-bootstrap-2@group-0AAC5367B30E: receive installSnapshot: omNode-1->omNode-bootstrap-2#0-t1,notify:(t:1, i:0)
2024-08-03 20:05:11,381 [grpc-default-executor-0] INFO  impl.SnapshotInstallationHandler (SnapshotInstallationHandler.java:installSnapshotImpl(138)) - omNode-bootstrap-2@group-0AAC5367B30E: set new configuration configurationEntry {
  peers {
    id: "omNode-3"
    address: "localhost:15023"
    startupRole: FOLLOWER
  }
  peers {
    id: "omNode-1"
    address: "localhost:15015"
    startupRole: FOLLOWER
  }
  peers {
    id: "omNode-2"
    address: "localhost:15019"
    startupRole: FOLLOWER
  }
}
 from snapshot
2024-08-03 20:05:11,381 [grpc-default-executor-0] INFO  server.RaftServer$Division (ServerState.java:setRaftConf(386)) - omNode-bootstrap-2@group-0AAC5367B30E: set configuration conf: {index: 0, cur=peers:[omNode-3|localhost:15023, omNode-1|localhost:15015, omNode-2|localhost:15019]|listeners:[], old=null}
2024-08-03 20:05:11,382 [omNode-bootstrap-2-server-thread1] INFO  server.RaftServer$Division (RaftServerImpl.java:checkInconsistentAppendEntries(1629)) - omNode-bootstrap-2@group-0AAC5367B30E: Failed appendEntries as snapshot (0) installation is in progress
2024-08-03 20:05:11,382 [omNode-bootstrap-2-server-thread1] INFO  server.RaftServer$Division (RaftServerImpl.java:appendEntriesAsync(1584)) - omNode-bootstrap-2@group-0AAC5367B30E: appendEntries* reply omNode-1<-omNode-bootstrap-2#222:FAIL-t1,INCONSISTENCY,nextIndex=0,followerCommit=-1,matchIndex=-1
2024-08-03 20:05:11,382 [grpc-default-executor-0] INFO  ratis.OzoneManagerStateMachine (OzoneManagerStateMachine.java:notifyConfigurationChanged(216)) - Received Configuration change notification from Ratis. New Peer list:
[id: "omNode-3"
address: "localhost:15023"
startupRole: FOLLOWER
, id: "omNode-1"
address: "localhost:15015"
startupRole: FOLLOWER
, id: "omNode-2"
address: "localhost:15019"
startupRole: FOLLOWER
]
2024-08-03 20:05:11,382 [grpc-default-executor-0] INFO  impl.SnapshotInstallationHandler (SnapshotInstallationHandler.java:installSnapshot(103)) - omNode-bootstrap-2@group-0AAC5367B30E: reply installSnapshot: omNode-1<-omNode-bootstrap-2#0:FAIL-t1,IN_PROGRESS,snapshotIndex=0
2024-08-03 20:05:11,383 [grpc-default-executor-0] INFO  server.GrpcServerProtocolService (GrpcServerProtocolService.java:onCompleted(157)) - omNode-bootstrap-2: Completed INSTALL_SNAPSHOT, lastRequest: omNode-1->omNode-bootstrap-2#0-t1,notify:(t:1, i:0)
2024-08-03 20:05:11,383 [grpc-default-executor-0] INFO  server.GrpcServerProtocolService (GrpcServerProtocolService.java:lambda$onCompleted$5(159)) - omNode-bootstrap-2: Completed INSTALL_SNAPSHOT, lastReply: null
2024-08-03 20:05:11,385 [grpc-default-executor-0] INFO  impl.SnapshotInstallationHandler (SnapshotInstallationHandler.java:installSnapshot(92)) - omNode-bootstrap-2@group-0AAC5367B30E: receive installSnapshot: omNode-1->omNode-bootstrap-2#0-t1,notify:(t:1, i:0)
2024-08-03 20:05:11,385 [grpc-default-executor-0] INFO  impl.SnapshotInstallationHandler (SnapshotInstallationHandler.java:installSnapshotImpl(138)) - omNode-bootstrap-2@group-0AAC5367B30E: set new configuration configurationEntry {
  peers {
    id: "omNode-3"
    address: "localhost:15023"
    startupRole: FOLLOWER
  }
  peers {
    id: "omNode-1"
    address: "localhost:15015"
    startupRole: FOLLOWER
  }
  peers {
    id: "omNode-2"
    address: "localhost:15019"
    startupRole: FOLLOWER
  }
}
 from snapshot
2024-08-03 20:05:11,385 [grpc-default-executor-0] INFO  server.RaftServer$Division (ServerState.java:setRaftConf(386)) - omNode-bootstrap-2@group-0AAC5367B30E: set configuration conf: {index: 0, cur=peers:[omNode-3|localhost:15023, omNode-1|localhost:15015, omNode-2|localhost:15019]|listeners:[], old=null}
2024-08-03 20:05:11,386 [omNode-bootstrap-2-server-thread1] INFO  server.RaftServer$Division (RaftServerImpl.java:checkInconsistentAppendEntries(1629)) - omNode-bootstrap-2@group-0AAC5367B30E: Failed appendEntries as snapshot (0) installation is in progress
2024-08-03 20:05:11,386 [omNode-bootstrap-2-server-thread1] INFO  server.RaftServer$Division (RaftServerImpl.java:appendEntriesAsync(1584)) - omNode-bootstrap-2@group-0AAC5367B30E: appendEntries* reply omNode-1<-omNode-bootstrap-2#223:FAIL-t1,INCONSISTENCY,nextIndex=0,followerCommit=-1,matchIndex=-1
2024-08-03 20:05:11,387 [grpc-default-executor-0] INFO  ratis.OzoneManagerStateMachine (OzoneManagerStateMachine.java:notifyConfigurationChanged(216)) - Received Configuration change notification from Ratis. New Peer list:
[id: "omNode-3"
address: "localhost:15023"
startupRole: FOLLOWER
, id: "omNode-1"
address: "localhost:15015"
startupRole: FOLLOWER
, id: "omNode-2"
address: "localhost:15019"
startupRole: FOLLOWER
]
2024-08-03 20:05:11,387 [grpc-default-executor-0] INFO  impl.SnapshotInstallationHandler (SnapshotInstallationHandler.java:installSnapshot(103)) - omNode-bootstrap-2@group-0AAC5367B30E: reply installSnapshot: omNode-1<-omNode-bootstrap-2#0:FAIL-t1,IN_PROGRESS,snapshotIndex=0
2024-08-03 20:05:11,387 [grpc-default-executor-0] INFO  server.GrpcServerProtocolService (GrpcServerProtocolService.java:onCompleted(157)) - omNode-bootstrap-2: Completed INSTALL_SNAPSHOT, lastRequest: omNode-1->omNode-bootstrap-2#0-t1,notify:(t:1, i:0)
2024-08-03 20:05:11,387 [grpc-default-executor-0] INFO  server.GrpcServerProtocolService (GrpcServerProtocolService.java:lambda$onCompleted$5(159)) - omNode-bootstrap-2: Completed INSTALL_SNAPSHOT, lastReply: null
2024-08-03 20:05:11,388 [omNode-bootstrap-2-server-thread1] INFO  server.RaftServer$Division (RaftServerImpl.java:checkInconsistentAppendEntries(1629)) - omNode-bootstrap-2@group-0AAC5367B30E: Failed appendEntries as snapshot (0) installation is in progress
2024-08-03 20:05:11,388 [omNode-bootstrap-2-server-thread1] INFO  server.RaftServer$Division (RaftServerImpl.java:appendEntriesAsync(1584)) - omNode-bootstrap-2@group-0AAC5367B30E: appendEntries* reply omNode-1<-omNode-bootstrap-2#224:FAIL-t1,INCONSISTENCY,nextIndex=0,followerCommit=-1,matchIndex=-1
2024-08-03 20:05:11,390 [grpc-default-executor-0] INFO  impl.SnapshotInstallationHandler (SnapshotInstallationHandler.java:installSnapshot(92)) - omNode-bootstrap-2@group-0AAC5367B30E: receive installSnapshot: omNode-1->omNode-bootstrap-2#0-t1,notify:(t:1, i:0)
2024-08-03 20:05:11,390 [grpc-default-executor-0] INFO  impl.SnapshotInstallationHandler (SnapshotInstallationHandler.java:installSnapshotImpl(138)) - omNode-bootstrap-2@group-0AAC5367B30E: set new configuration configurationEntry {
  peers {
    id: "omNode-3"
    address: "localhost:15023"
    startupRole: FOLLOWER
  }
  peers {
    id: "omNode-1"
    address: "localhost:15015"
    startupRole: FOLLOWER
  }
  peers {
    id: "omNode-2"
    address: "localhost:15019"
    startupRole: FOLLOWER
  }
}
 from snapshot
2024-08-03 20:05:11,390 [grpc-default-executor-0] INFO  server.RaftServer$Division (ServerState.java:setRaftConf(386)) - omNode-bootstrap-2@group-0AAC5367B30E: set configuration conf: {index: 0, cur=peers:[omNode-3|localhost:15023, omNode-1|localhost:15015, omNode-2|localhost:15019]|listeners:[], old=null}
2024-08-03 20:05:11,391 [grpc-default-executor-0] INFO  ratis.OzoneManagerStateMachine (OzoneManagerStateMachine.java:notifyConfigurationChanged(216)) - Received Configuration change notification from Ratis. New Peer list:
[id: "omNode-3"
address: "localhost:15023"
startupRole: FOLLOWER
, id: "omNode-1"
address: "localhost:15015"
startupRole: FOLLOWER
, id: "omNode-2"
address: "localhost:15019"
startupRole: FOLLOWER
]
2024-08-03 20:05:11,391 [grpc-default-executor-0] INFO  impl.SnapshotInstallationHandler (SnapshotInstallationHandler.java:installSnapshot(103)) - omNode-bootstrap-2@group-0AAC5367B30E: reply installSnapshot: omNode-1<-omNode-bootstrap-2#0:FAIL-t1,IN_PROGRESS,snapshotIndex=0
2024-08-03 20:05:11,391 [grpc-default-executor-0] INFO  server.GrpcServerProtocolService (GrpcServerProtocolService.java:onCompleted(157)) - omNode-bootstrap-2: Completed INSTALL_SNAPSHOT, lastRequest: omNode-1->omNode-bootstrap-2#0-t1,notify:(t:1, i:0)
2024-08-03 20:05:11,392 [grpc-default-executor-0] INFO  server.GrpcServerProtocolService (GrpcServerProtocolService.java:lambda$onCompleted$5(159)) - omNode-bootstrap-2: Completed INSTALL_SNAPSHOT, lastReply: null
2024-08-03 20:05:11,393 [omNode-bootstrap-2-server-thread1] INFO  server.RaftServer$Division (RaftServerImpl.java:checkInconsistentAppendEntries(1629)) - omNode-bootstrap-2@group-0AAC5367B30E: Failed appendEntries as snapshot (0) installation is in progress
2024-08-03 20:05:11,393 [omNode-bootstrap-2-server-thread1] INFO  server.RaftServer$Division (RaftServerImpl.java:appendEntriesAsync(1584)) - omNode-bootstrap-2@group-0AAC5367B30E: appendEntries* reply omNode-1<-omNode-bootstrap-2#225:FAIL-t1,INCONSISTENCY,nextIndex=0,followerCommit=-1,matchIndex=-1
2024-08-03 20:05:11,394 [grpc-default-executor-0] INFO  impl.SnapshotInstallationHandler (SnapshotInstallationHandler.java:installSnapshot(92)) - omNode-bootstrap-2@group-0AAC5367B30E: receive installSnapshot: omNode-1->omNode-bootstrap-2#0-t1,notify:(t:1, i:0)
2024-08-03 20:05:11,394 [grpc-default-executor-0] INFO  impl.SnapshotInstallationHandler (SnapshotInstallationHandler.java:installSnapshotImpl(138)) - omNode-bootstrap-2@group-0AAC5367B30E: set new configuration configurationEntry {
  peers {
    id: "omNode-3"
    address: "localhost:15023"
    startupRole: FOLLOWER
  }
  peers {
    id: "omNode-1"
    address: "localhost:15015"
    startupRole: FOLLOWER
  }
  peers {
    id: "omNode-2"
    address: "localhost:15019"
    startupRole: FOLLOWER
  }
}
 from snapshot
2024-08-03 20:05:11,394 [grpc-default-executor-0] INFO  server.RaftServer$Division (ServerState.java:setRaftConf(386)) - omNode-bootstrap-2@group-0AAC5367B30E: set configuration conf: {index: 0, cur=peers:[omNode-3|localhost:15023, omNode-1|localhost:15015, omNode-2|localhost:15019]|listeners:[], old=null}
2024-08-03 20:05:11,395 [grpc-default-executor-0] INFO  ratis.OzoneManagerStateMachine (OzoneManagerStateMachine.java:notifyConfigurationChanged(216)) - Received Configuration change notification from Ratis. New Peer list:
[id: "omNode-3"
address: "localhost:15023"
startupRole: FOLLOWER
, id: "omNode-1"
address: "localhost:15015"
startupRole: FOLLOWER
, id: "omNode-2"
address: "localhost:15019"
startupRole: FOLLOWER
]
2024-08-03 20:05:11,396 [grpc-default-executor-0] INFO  impl.SnapshotInstallationHandler (SnapshotInstallationHandler.java:installSnapshot(103)) - omNode-bootstrap-2@group-0AAC5367B30E: reply installSnapshot: omNode-1<-omNode-bootstrap-2#0:FAIL-t1,IN_PROGRESS,snapshotIndex=0
2024-08-03 20:05:11,396 [grpc-default-executor-0] INFO  server.GrpcServerProtocolService (GrpcServerProtocolService.java:onCompleted(157)) - omNode-bootstrap-2: Completed INSTALL_SNAPSHOT, lastRequest: omNode-1->omNode-bootstrap-2#0-t1,notify:(t:1, i:0)
2024-08-03 20:05:11,396 [grpc-default-executor-0] INFO  server.GrpcServerProtocolService (GrpcServerProtocolService.java:lambda$onCompleted$5(159)) - omNode-bootstrap-2: Completed INSTALL_SNAPSHOT, lastReply: null
2024-08-03 20:05:11,397 [omNode-bootstrap-2-server-thread1] INFO  server.RaftServer$Division (RaftServerImpl.java:checkInconsistentAppendEntries(1629)) - omNode-bootstrap-2@group-0AAC5367B30E: Failed appendEntries as snapshot (0) installation is in progress
2024-08-03 20:05:11,397 [omNode-bootstrap-2-server-thread1] INFO  server.RaftServer$Division (RaftServerImpl.java:appendEntriesAsync(1584)) - omNode-bootstrap-2@group-0AAC5367B30E: appendEntries* reply omNode-1<-omNode-bootstrap-2#226:FAIL-t1,INCONSISTENCY,nextIndex=0,followerCommit=-1,matchIndex=-1
2024-08-03 20:05:11,398 [grpc-default-executor-1] INFO  impl.SnapshotInstallationHandler (SnapshotInstallationHandler.java:installSnapshot(92)) - omNode-bootstrap-2@group-0AAC5367B30E: receive installSnapshot: omNode-1->omNode-bootstrap-2#0-t1,notify:(t:1, i:0)
2024-08-03 20:05:11,398 [grpc-default-executor-1] INFO  impl.SnapshotInstallationHandler (SnapshotInstallationHandler.java:installSnapshotImpl(138)) - omNode-bootstrap-2@group-0AAC5367B30E: set new configuration configurationEntry {
  peers {
    id: "omNode-3"
    address: "localhost:15023"
    startupRole: FOLLOWER
  }
  peers {
    id: "omNode-1"
    address: "localhost:15015"
    startupRole: FOLLOWER
  }
  peers {
    id: "omNode-2"
    address: "localhost:15019"
    startupRole: FOLLOWER
  }
}
 from snapshot
2024-08-03 20:05:11,399 [grpc-default-executor-1] INFO  server.RaftServer$Division (ServerState.java:setRaftConf(386)) - omNode-bootstrap-2@group-0AAC5367B30E: set configuration conf: {index: 0, cur=peers:[omNode-3|localhost:15023, omNode-1|localhost:15015, omNode-2|localhost:15019]|listeners:[], old=null}
2024-08-03 20:05:11,402 [grpc-default-executor-1] INFO  ratis.OzoneManagerStateMachine (OzoneManagerStateMachine.java:notifyConfigurationChanged(216)) - Received Configuration change notification from Ratis. New Peer list:
[id: "omNode-3"
address: "localhost:15023"
startupRole: FOLLOWER
, id: "omNode-1"
address: "localhost:15015"
startupRole: FOLLOWER
, id: "omNode-2"
address: "localhost:15019"
startupRole: FOLLOWER
]
2024-08-03 20:05:11,402 [grpc-default-executor-1] INFO  impl.SnapshotInstallationHandler (SnapshotInstallationHandler.java:installSnapshot(103)) - omNode-bootstrap-2@group-0AAC5367B30E: reply installSnapshot: omNode-1<-omNode-bootstrap-2#0:FAIL-t1,IN_PROGRESS,snapshotIndex=0
2024-08-03 20:05:11,402 [grpc-default-executor-1] INFO  server.GrpcServerProtocolService (GrpcServerProtocolService.java:onCompleted(157)) - omNode-bootstrap-2: Completed INSTALL_SNAPSHOT, lastRequest: omNode-1->omNode-bootstrap-2#0-t1,notify:(t:1, i:0)
2024-08-03 20:05:11,402 [grpc-default-executor-1] INFO  server.GrpcServerProtocolService (GrpcServerProtocolService.java:lambda$onCompleted$5(159)) - omNode-bootstrap-2: Completed INSTALL_SNAPSHOT, lastReply: null
2024-08-03 20:05:11,403 [omNode-bootstrap-2-server-thread1] INFO  server.RaftServer$Division (RaftServerImpl.java:checkInconsistentAppendEntries(1629)) - omNode-bootstrap-2@group-0AAC5367B30E: Failed appendEntries as snapshot (0) installation is in progress
2024-08-03 20:05:11,403 [omNode-bootstrap-2-server-thread1] INFO  server.RaftServer$Division (RaftServerImpl.java:appendEntriesAsync(1584)) - omNode-bootstrap-2@group-0AAC5367B30E: appendEntries* reply omNode-1<-omNode-bootstrap-2#227:FAIL-t1,INCONSISTENCY,nextIndex=0,followerCommit=-1,matchIndex=-1
2024-08-03 20:05:11,404 [grpc-default-executor-0] INFO  impl.SnapshotInstallationHandler (SnapshotInstallationHandler.java:installSnapshot(92)) - omNode-bootstrap-2@group-0AAC5367B30E: receive installSnapshot: omNode-1->omNode-bootstrap-2#0-t1,notify:(t:1, i:0)
2024-08-03 20:05:11,404 [grpc-default-executor-0] INFO  impl.SnapshotInstallationHandler (SnapshotInstallationHandler.java:installSnapshotImpl(138)) - omNode-bootstrap-2@group-0AAC5367B30E: set new configuration configurationEntry {
  peers {
    id: "omNode-3"
    address: "localhost:15023"
    startupRole: FOLLOWER
  }
  peers {
    id: "omNode-1"
    address: "localhost:15015"
    startupRole: FOLLOWER
  }
  peers {
    id: "omNode-2"
    address: "localhost:15019"
    startupRole: FOLLOWER
  }
}
 from snapshot
2024-08-03 20:05:11,404 [grpc-default-executor-0] INFO  server.RaftServer$Division (ServerState.java:setRaftConf(386)) - omNode-bootstrap-2@group-0AAC5367B30E: set configuration conf: {index: 0, cur=peers:[omNode-3|localhost:15023, omNode-1|localhost:15015, omNode-2|localhost:15019]|listeners:[], old=null}
2024-08-03 20:05:11,407 [grpc-default-executor-0] INFO  ratis.OzoneManagerStateMachine (OzoneManagerStateMachine.java:notifyConfigurationChanged(216)) - Received Configuration change notification from Ratis. New Peer list:
[id: "omNode-3"
address: "localhost:15023"
startupRole: FOLLOWER
, id: "omNode-1"
address: "localhost:15015"
startupRole: FOLLOWER
, id: "omNode-2"
address: "localhost:15019"
startupRole: FOLLOWER
]
2024-08-03 20:05:11,407 [grpc-default-executor-0] INFO  impl.SnapshotInstallationHandler (SnapshotInstallationHandler.java:installSnapshot(103)) - omNode-bootstrap-2@group-0AAC5367B30E: reply installSnapshot: omNode-1<-omNode-bootstrap-2#0:FAIL-t1,IN_PROGRESS,snapshotIndex=0
2024-08-03 20:05:11,407 [grpc-default-executor-0] INFO  server.GrpcServerProtocolService (GrpcServerProtocolService.java:onCompleted(157)) - omNode-bootstrap-2: Completed INSTALL_SNAPSHOT, lastRequest: omNode-1->omNode-bootstrap-2#0-t1,notify:(t:1, i:0)
2024-08-03 20:05:11,408 [grpc-default-executor-0] INFO  server.GrpcServerProtocolService (GrpcServerProtocolService.java:lambda$onCompleted$5(159)) - omNode-bootstrap-2: Completed INSTALL_SNAPSHOT, lastReply: null
2024-08-03 20:05:11,408 [omNode-bootstrap-2-server-thread1] INFO  server.RaftServer$Division (RaftServerImpl.java:checkInconsistentAppendEntries(1629)) - omNode-bootstrap-2@group-0AAC5367B30E: Failed appendEntries as snapshot (0) installation is in progress
2024-08-03 20:05:11,408 [omNode-bootstrap-2-server-thread1] INFO  server.RaftServer$Division (RaftServerImpl.java:appendEntriesAsync(1584)) - omNode-bootstrap-2@group-0AAC5367B30E: appendEntries* reply omNode-1<-omNode-bootstrap-2#228:FAIL-t1,INCONSISTENCY,nextIndex=0,followerCommit=-1,matchIndex=-1
2024-08-03 20:05:11,409 [grpc-default-executor-1] INFO  impl.SnapshotInstallationHandler (SnapshotInstallationHandler.java:installSnapshot(92)) - omNode-bootstrap-2@group-0AAC5367B30E: receive installSnapshot: omNode-1->omNode-bootstrap-2#0-t1,notify:(t:1, i:0)
2024-08-03 20:05:11,409 [grpc-default-executor-1] INFO  impl.SnapshotInstallationHandler (SnapshotInstallationHandler.java:installSnapshotImpl(138)) - omNode-bootstrap-2@group-0AAC5367B30E: set new configuration configurationEntry {
  peers {
    id: "omNode-3"
    address: "localhost:15023"
    startupRole: FOLLOWER
  }
  peers {
    id: "omNode-1"
    address: "localhost:15015"
    startupRole: FOLLOWER
  }
  peers {
    id: "omNode-2"
    address: "localhost:15019"
    startupRole: FOLLOWER
  }
}
 from snapshot
2024-08-03 20:05:11,409 [grpc-default-executor-1] INFO  server.RaftServer$Division (ServerState.java:setRaftConf(386)) - omNode-bootstrap-2@group-0AAC5367B30E: set configuration conf: {index: 0, cur=peers:[omNode-3|localhost:15023, omNode-1|localhost:15015, omNode-2|localhost:15019]|listeners:[], old=null}
2024-08-03 20:05:11,410 [grpc-default-executor-1] INFO  ratis.OzoneManagerStateMachine (OzoneManagerStateMachine.java:notifyConfigurationChanged(216)) - Received Configuration change notification from Ratis. New Peer list:
[id: "omNode-3"
address: "localhost:15023"
startupRole: FOLLOWER
, id: "omNode-1"
address: "localhost:15015"
startupRole: FOLLOWER
, id: "omNode-2"
address: "localhost:15019"
startupRole: FOLLOWER
]
2024-08-03 20:05:11,410 [grpc-default-executor-1] INFO  impl.SnapshotInstallationHandler (SnapshotInstallationHandler.java:installSnapshot(103)) - omNode-bootstrap-2@group-0AAC5367B30E: reply installSnapshot: omNode-1<-omNode-bootstrap-2#0:FAIL-t1,IN_PROGRESS,snapshotIndex=0
2024-08-03 20:05:11,411 [grpc-default-executor-1] INFO  server.GrpcServerProtocolService (GrpcServerProtocolService.java:onCompleted(157)) - omNode-bootstrap-2: Completed INSTALL_SNAPSHOT, lastRequest: omNode-1->omNode-bootstrap-2#0-t1,notify:(t:1, i:0)
2024-08-03 20:05:11,411 [grpc-default-executor-1] INFO  server.GrpcServerProtocolService (GrpcServerProtocolService.java:lambda$onCompleted$5(159)) - omNode-bootstrap-2: Completed INSTALL_SNAPSHOT, lastReply: null
2024-08-03 20:05:11,412 [omNode-bootstrap-2-server-thread1] INFO  server.RaftServer$Division (RaftServerImpl.java:checkInconsistentAppendEntries(1629)) - omNode-bootstrap-2@group-0AAC5367B30E: Failed appendEntries as snapshot (0) installation is in progress
2024-08-03 20:05:11,412 [omNode-bootstrap-2-server-thread1] INFO  server.RaftServer$Division (RaftServerImpl.java:appendEntriesAsync(1584)) - omNode-bootstrap-2@group-0AAC5367B30E: appendEntries* reply omNode-1<-omNode-bootstrap-2#229:FAIL-t1,INCONSISTENCY,nextIndex=0,followerCommit=-1,matchIndex=-1
2024-08-03 20:05:11,413 [grpc-default-executor-1] INFO  impl.SnapshotInstallationHandler (SnapshotInstallationHandler.java:installSnapshot(92)) - omNode-bootstrap-2@group-0AAC5367B30E: receive installSnapshot: omNode-1->omNode-bootstrap-2#0-t1,notify:(t:1, i:0)
2024-08-03 20:05:11,413 [grpc-default-executor-1] INFO  impl.SnapshotInstallationHandler (SnapshotInstallationHandler.java:installSnapshotImpl(138)) - omNode-bootstrap-2@group-0AAC5367B30E: set new configuration configurationEntry {
  peers {
    id: "omNode-3"
    address: "localhost:15023"
    startupRole: FOLLOWER
  }
  peers {
    id: "omNode-1"
    address: "localhost:15015"
    startupRole: FOLLOWER
  }
  peers {
    id: "omNode-2"
    address: "localhost:15019"
    startupRole: FOLLOWER
  }
}
 from snapshot
2024-08-03 20:05:11,414 [grpc-default-executor-1] INFO  server.RaftServer$Division (ServerState.java:setRaftConf(386)) - omNode-bootstrap-2@group-0AAC5367B30E: set configuration conf: {index: 0, cur=peers:[omNode-3|localhost:15023, omNode-1|localhost:15015, omNode-2|localhost:15019]|listeners:[], old=null}
2024-08-03 20:05:11,415 [grpc-default-executor-1] INFO  ratis.OzoneManagerStateMachine (OzoneManagerStateMachine.java:notifyConfigurationChanged(216)) - Received Configuration change notification from Ratis. New Peer list:
[id: "omNode-3"
address: "localhost:15023"
startupRole: FOLLOWER
, id: "omNode-1"
address: "localhost:15015"
startupRole: FOLLOWER
, id: "omNode-2"
address: "localhost:15019"
startupRole: FOLLOWER
]
2024-08-03 20:05:11,415 [grpc-default-executor-1] INFO  impl.SnapshotInstallationHandler (SnapshotInstallationHandler.java:installSnapshot(103)) - omNode-bootstrap-2@group-0AAC5367B30E: reply installSnapshot: omNode-1<-omNode-bootstrap-2#0:FAIL-t1,IN_PROGRESS,snapshotIndex=0
2024-08-03 20:05:11,416 [grpc-default-executor-1] INFO  server.GrpcServerProtocolService (GrpcServerProtocolService.java:onCompleted(157)) - omNode-bootstrap-2: Completed INSTALL_SNAPSHOT, lastRequest: omNode-1->omNode-bootstrap-2#0-t1,notify:(t:1, i:0)
2024-08-03 20:05:11,416 [grpc-default-executor-1] INFO  server.GrpcServerProtocolService (GrpcServerProtocolService.java:lambda$onCompleted$5(159)) - omNode-bootstrap-2: Completed INSTALL_SNAPSHOT, lastReply: null
2024-08-03 20:05:11,417 [omNode-bootstrap-2-server-thread1] INFO  server.RaftServer$Division (RaftServerImpl.java:checkInconsistentAppendEntries(1629)) - omNode-bootstrap-2@group-0AAC5367B30E: Failed appendEntries as snapshot (0) installation is in progress
2024-08-03 20:05:11,417 [grpc-default-executor-1] INFO  impl.SnapshotInstallationHandler (SnapshotInstallationHandler.java:installSnapshot(92)) - omNode-bootstrap-2@group-0AAC5367B30E: receive installSnapshot: omNode-1->omNode-bootstrap-2#0-t1,notify:(t:1, i:0)
2024-08-03 20:05:11,417 [omNode-bootstrap-2-server-thread1] INFO  server.RaftServer$Division (RaftServerImpl.java:appendEntriesAsync(1584)) - omNode-bootstrap-2@group-0AAC5367B30E: appendEntries* reply omNode-1<-omNode-bootstrap-2#230:FAIL-t1,INCONSISTENCY,nextIndex=0,followerCommit=-1,matchIndex=-1
2024-08-03 20:05:11,418 [grpc-default-executor-1] INFO  impl.SnapshotInstallationHandler (SnapshotInstallationHandler.java:installSnapshotImpl(138)) - omNode-bootstrap-2@group-0AAC5367B30E: set new configuration configurationEntry {
  peers {
    id: "omNode-3"
    address: "localhost:15023"
    startupRole: FOLLOWER
  }
  peers {
    id: "omNode-1"
    address: "localhost:15015"
    startupRole: FOLLOWER
  }
  peers {
    id: "omNode-2"
    address: "localhost:15019"
    startupRole: FOLLOWER
  }
}
 from snapshot
2024-08-03 20:05:11,418 [grpc-default-executor-1] INFO  server.RaftServer$Division (ServerState.java:setRaftConf(386)) - omNode-bootstrap-2@group-0AAC5367B30E: set configuration conf: {index: 0, cur=peers:[omNode-3|localhost:15023, omNode-1|localhost:15015, omNode-2|localhost:15019]|listeners:[], old=null}
2024-08-03 20:05:11,419 [grpc-default-executor-1] INFO  ratis.OzoneManagerStateMachine (OzoneManagerStateMachine.java:notifyConfigurationChanged(216)) - Received Configuration change notification from Ratis. New Peer list:
[id: "omNode-3"
address: "localhost:15023"
startupRole: FOLLOWER
, id: "omNode-1"
address: "localhost:15015"
startupRole: FOLLOWER
, id: "omNode-2"
address: "localhost:15019"
startupRole: FOLLOWER
]
2024-08-03 20:05:11,419 [grpc-default-executor-1] INFO  impl.SnapshotInstallationHandler (SnapshotInstallationHandler.java:installSnapshot(103)) - omNode-bootstrap-2@group-0AAC5367B30E: reply installSnapshot: omNode-1<-omNode-bootstrap-2#0:FAIL-t1,IN_PROGRESS,snapshotIndex=0
2024-08-03 20:05:11,420 [grpc-default-executor-1] INFO  server.GrpcServerProtocolService (GrpcServerProtocolService.java:onCompleted(157)) - omNode-bootstrap-2: Completed INSTALL_SNAPSHOT, lastRequest: omNode-1->omNode-bootstrap-2#0-t1,notify:(t:1, i:0)
2024-08-03 20:05:11,420 [grpc-default-executor-1] INFO  server.GrpcServerProtocolService (GrpcServerProtocolService.java:lambda$onCompleted$5(159)) - omNode-bootstrap-2: Completed INSTALL_SNAPSHOT, lastReply: null
2024-08-03 20:05:11,420 [omNode-bootstrap-2-server-thread1] INFO  server.RaftServer$Division (RaftServerImpl.java:checkInconsistentAppendEntries(1629)) - omNode-bootstrap-2@group-0AAC5367B30E: Failed appendEntries as snapshot (0) installation is in progress
2024-08-03 20:05:11,420 [omNode-bootstrap-2-server-thread1] INFO  server.RaftServer$Division (RaftServerImpl.java:appendEntriesAsync(1584)) - omNode-bootstrap-2@group-0AAC5367B30E: appendEntries* reply omNode-1<-omNode-bootstrap-2#231:FAIL-t1,INCONSISTENCY,nextIndex=0,followerCommit=-1,matchIndex=-1
2024-08-03 20:05:11,422 [grpc-default-executor-0] INFO  impl.SnapshotInstallationHandler (SnapshotInstallationHandler.java:installSnapshot(92)) - omNode-bootstrap-2@group-0AAC5367B30E: receive installSnapshot: omNode-1->omNode-bootstrap-2#0-t1,notify:(t:1, i:0)
2024-08-03 20:05:11,422 [grpc-default-executor-0] INFO  impl.SnapshotInstallationHandler (SnapshotInstallationHandler.java:installSnapshotImpl(138)) - omNode-bootstrap-2@group-0AAC5367B30E: set new configuration configurationEntry {
  peers {
    id: "omNode-3"
    address: "localhost:15023"
    startupRole: FOLLOWER
  }
  peers {
    id: "omNode-1"
    address: "localhost:15015"
    startupRole: FOLLOWER
  }
  peers {
    id: "omNode-2"
    address: "localhost:15019"
    startupRole: FOLLOWER
  }
}
 from snapshot
2024-08-03 20:05:11,422 [grpc-default-executor-0] INFO  server.RaftServer$Division (ServerState.java:setRaftConf(386)) - omNode-bootstrap-2@group-0AAC5367B30E: set configuration conf: {index: 0, cur=peers:[omNode-3|localhost:15023, omNode-1|localhost:15015, omNode-2|localhost:15019]|listeners:[], old=null}
2024-08-03 20:05:11,423 [grpc-default-executor-0] INFO  ratis.OzoneManagerStateMachine (OzoneManagerStateMachine.java:notifyConfigurationChanged(216)) - Received Configuration change notification from Ratis. New Peer list:
[id: "omNode-3"
address: "localhost:15023"
startupRole: FOLLOWER
, id: "omNode-1"
address: "localhost:15015"
startupRole: FOLLOWER
, id: "omNode-2"
address: "localhost:15019"
startupRole: FOLLOWER
]
2024-08-03 20:05:11,423 [grpc-default-executor-0] INFO  impl.SnapshotInstallationHandler (SnapshotInstallationHandler.java:installSnapshot(103)) - omNode-bootstrap-2@group-0AAC5367B30E: reply installSnapshot: omNode-1<-omNode-bootstrap-2#0:FAIL-t1,IN_PROGRESS,snapshotIndex=0
2024-08-03 20:05:11,424 [grpc-default-executor-0] INFO  server.GrpcServerProtocolService (GrpcServerProtocolService.java:onCompleted(157)) - omNode-bootstrap-2: Completed INSTALL_SNAPSHOT, lastRequest: omNode-1->omNode-bootstrap-2#0-t1,notify:(t:1, i:0)
2024-08-03 20:05:11,424 [grpc-default-executor-0] INFO  server.GrpcServerProtocolService (GrpcServerProtocolService.java:lambda$onCompleted$5(159)) - omNode-bootstrap-2: Completed INSTALL_SNAPSHOT, lastReply: null
2024-08-03 20:05:11,425 [omNode-bootstrap-2-server-thread1] INFO  server.RaftServer$Division (RaftServerImpl.java:checkInconsistentAppendEntries(1629)) - omNode-bootstrap-2@group-0AAC5367B30E: Failed appendEntries as snapshot (0) installation is in progress
2024-08-03 20:05:11,425 [omNode-bootstrap-2-server-thread1] INFO  server.RaftServer$Division (RaftServerImpl.java:appendEntriesAsync(1584)) - omNode-bootstrap-2@group-0AAC5367B30E: appendEntries* reply omNode-1<-omNode-bootstrap-2#232:FAIL-t1,INCONSISTENCY,nextIndex=0,followerCommit=-1,matchIndex=-1
2024-08-03 20:05:11,426 [grpc-default-executor-0] INFO  impl.SnapshotInstallationHandler (SnapshotInstallationHandler.java:installSnapshot(92)) - omNode-bootstrap-2@group-0AAC5367B30E: receive installSnapshot: omNode-1->omNode-bootstrap-2#0-t1,notify:(t:1, i:0)
2024-08-03 20:05:11,426 [grpc-default-executor-0] INFO  impl.SnapshotInstallationHandler (SnapshotInstallationHandler.java:installSnapshotImpl(138)) - omNode-bootstrap-2@group-0AAC5367B30E: set new configuration configurationEntry {
  peers {
    id: "omNode-3"
    address: "localhost:15023"
    startupRole: FOLLOWER
  }
  peers {
    id: "omNode-1"
    address: "localhost:15015"
    startupRole: FOLLOWER
  }
  peers {
    id: "omNode-2"
    address: "localhost:15019"
    startupRole: FOLLOWER
  }
}
 from snapshot
2024-08-03 20:05:11,426 [grpc-default-executor-0] INFO  server.RaftServer$Division (ServerState.java:setRaftConf(386)) - omNode-bootstrap-2@group-0AAC5367B30E: set configuration conf: {index: 0, cur=peers:[omNode-3|localhost:15023, omNode-1|localhost:15015, omNode-2|localhost:15019]|listeners:[], old=null}
2024-08-03 20:05:11,427 [grpc-default-executor-0] INFO  ratis.OzoneManagerStateMachine (OzoneManagerStateMachine.java:notifyConfigurationChanged(216)) - Received Configuration change notification from Ratis. New Peer list:
[id: "omNode-3"
address: "localhost:15023"
startupRole: FOLLOWER
, id: "omNode-1"
address: "localhost:15015"
startupRole: FOLLOWER
, id: "omNode-2"
address: "localhost:15019"
startupRole: FOLLOWER
]
2024-08-03 20:05:11,428 [grpc-default-executor-0] INFO  impl.SnapshotInstallationHandler (SnapshotInstallationHandler.java:installSnapshot(103)) - omNode-bootstrap-2@group-0AAC5367B30E: reply installSnapshot: omNode-1<-omNode-bootstrap-2#0:FAIL-t1,IN_PROGRESS,snapshotIndex=0
2024-08-03 20:05:11,428 [grpc-default-executor-0] INFO  server.GrpcServerProtocolService (GrpcServerProtocolService.java:onCompleted(157)) - omNode-bootstrap-2: Completed INSTALL_SNAPSHOT, lastRequest: omNode-1->omNode-bootstrap-2#0-t1,notify:(t:1, i:0)
2024-08-03 20:05:11,428 [grpc-default-executor-0] INFO  server.GrpcServerProtocolService (GrpcServerProtocolService.java:lambda$onCompleted$5(159)) - omNode-bootstrap-2: Completed INSTALL_SNAPSHOT, lastReply: null
2024-08-03 20:05:11,430 [grpc-default-executor-5] INFO  impl.SnapshotInstallationHandler (SnapshotInstallationHandler.java:installSnapshot(92)) - omNode-bootstrap-2@group-0AAC5367B30E: receive installSnapshot: omNode-1->omNode-bootstrap-2#0-t1,notify:(t:1, i:0)
2024-08-03 20:05:11,430 [grpc-default-executor-5] INFO  impl.SnapshotInstallationHandler (SnapshotInstallationHandler.java:installSnapshotImpl(138)) - omNode-bootstrap-2@group-0AAC5367B30E: set new configuration configurationEntry {
  peers {
    id: "omNode-3"
    address: "localhost:15023"
    startupRole: FOLLOWER
  }
  peers {
    id: "omNode-1"
    address: "localhost:15015"
    startupRole: FOLLOWER
  }
  peers {
    id: "omNode-2"
    address: "localhost:15019"
    startupRole: FOLLOWER
  }
}
 from snapshot
2024-08-03 20:05:11,430 [grpc-default-executor-5] INFO  server.RaftServer$Division (ServerState.java:setRaftConf(386)) - omNode-bootstrap-2@group-0AAC5367B30E: set configuration conf: {index: 0, cur=peers:[omNode-3|localhost:15023, omNode-1|localhost:15015, omNode-2|localhost:15019]|listeners:[], old=null}
2024-08-03 20:05:11,431 [omNode-bootstrap-2-server-thread1] INFO  server.RaftServer$Division (RaftServerImpl.java:checkInconsistentAppendEntries(1629)) - omNode-bootstrap-2@group-0AAC5367B30E: Failed appendEntries as snapshot (0) installation is in progress
2024-08-03 20:05:11,431 [omNode-bootstrap-2-server-thread1] INFO  server.RaftServer$Division (RaftServerImpl.java:appendEntriesAsync(1584)) - omNode-bootstrap-2@group-0AAC5367B30E: appendEntries* reply omNode-1<-omNode-bootstrap-2#233:FAIL-t1,INCONSISTENCY,nextIndex=0,followerCommit=-1,matchIndex=-1
2024-08-03 20:05:11,432 [grpc-default-executor-5] INFO  ratis.OzoneManagerStateMachine (OzoneManagerStateMachine.java:notifyConfigurationChanged(216)) - Received Configuration change notification from Ratis. New Peer list:
[id: "omNode-3"
address: "localhost:15023"
startupRole: FOLLOWER
, id: "omNode-1"
address: "localhost:15015"
startupRole: FOLLOWER
, id: "omNode-2"
address: "localhost:15019"
startupRole: FOLLOWER
]
2024-08-03 20:05:11,432 [grpc-default-executor-5] INFO  impl.SnapshotInstallationHandler (SnapshotInstallationHandler.java:installSnapshot(103)) - omNode-bootstrap-2@group-0AAC5367B30E: reply installSnapshot: omNode-1<-omNode-bootstrap-2#0:FAIL-t1,IN_PROGRESS,snapshotIndex=0
2024-08-03 20:05:11,432 [grpc-default-executor-5] INFO  server.GrpcServerProtocolService (GrpcServerProtocolService.java:onCompleted(157)) - omNode-bootstrap-2: Completed INSTALL_SNAPSHOT, lastRequest: omNode-1->omNode-bootstrap-2#0-t1,notify:(t:1, i:0)
2024-08-03 20:05:11,432 [grpc-default-executor-5] INFO  server.GrpcServerProtocolService (GrpcServerProtocolService.java:lambda$onCompleted$5(159)) - omNode-bootstrap-2: Completed INSTALL_SNAPSHOT, lastReply: null
2024-08-03 20:05:11,433 [omNode-bootstrap-2-server-thread1] INFO  server.RaftServer$Division (RaftServerImpl.java:checkInconsistentAppendEntries(1629)) - omNode-bootstrap-2@group-0AAC5367B30E: Failed appendEntries as snapshot (0) installation is in progress
2024-08-03 20:05:11,433 [omNode-bootstrap-2-server-thread1] INFO  server.RaftServer$Division (RaftServerImpl.java:appendEntriesAsync(1584)) - omNode-bootstrap-2@group-0AAC5367B30E: appendEntries* reply omNode-1<-omNode-bootstrap-2#234:FAIL-t1,INCONSISTENCY,nextIndex=0,followerCommit=-1,matchIndex=-1
2024-08-03 20:05:11,434 [grpc-default-executor-5] INFO  impl.SnapshotInstallationHandler (SnapshotInstallationHandler.java:installSnapshot(92)) - omNode-bootstrap-2@group-0AAC5367B30E: receive installSnapshot: omNode-1->omNode-bootstrap-2#0-t1,notify:(t:1, i:0)
2024-08-03 20:05:11,434 [grpc-default-executor-5] INFO  impl.SnapshotInstallationHandler (SnapshotInstallationHandler.java:installSnapshotImpl(138)) - omNode-bootstrap-2@group-0AAC5367B30E: set new configuration configurationEntry {
  peers {
    id: "omNode-3"
    address: "localhost:15023"
    startupRole: FOLLOWER
  }
  peers {
    id: "omNode-1"
    address: "localhost:15015"
    startupRole: FOLLOWER
  }
  peers {
    id: "omNode-2"
    address: "localhost:15019"
    startupRole: FOLLOWER
  }
}
 from snapshot
2024-08-03 20:05:11,434 [grpc-default-executor-5] INFO  server.RaftServer$Division (ServerState.java:setRaftConf(386)) - omNode-bootstrap-2@group-0AAC5367B30E: set configuration conf: {index: 0, cur=peers:[omNode-3|localhost:15023, omNode-1|localhost:15015, omNode-2|localhost:15019]|listeners:[], old=null}
2024-08-03 20:05:11,436 [grpc-default-executor-5] INFO  ratis.OzoneManagerStateMachine (OzoneManagerStateMachine.java:notifyConfigurationChanged(216)) - Received Configuration change notification from Ratis. New Peer list:
[id: "omNode-3"
address: "localhost:15023"
startupRole: FOLLOWER
, id: "omNode-1"
address: "localhost:15015"
startupRole: FOLLOWER
, id: "omNode-2"
address: "localhost:15019"
startupRole: FOLLOWER
]
2024-08-03 20:05:11,436 [grpc-default-executor-5] INFO  impl.SnapshotInstallationHandler (SnapshotInstallationHandler.java:installSnapshot(103)) - omNode-bootstrap-2@group-0AAC5367B30E: reply installSnapshot: omNode-1<-omNode-bootstrap-2#0:FAIL-t1,IN_PROGRESS,snapshotIndex=0
2024-08-03 20:05:11,436 [grpc-default-executor-5] INFO  server.GrpcServerProtocolService (GrpcServerProtocolService.java:onCompleted(157)) - omNode-bootstrap-2: Completed INSTALL_SNAPSHOT, lastRequest: omNode-1->omNode-bootstrap-2#0-t1,notify:(t:1, i:0)
2024-08-03 20:05:11,436 [grpc-default-executor-5] INFO  server.GrpcServerProtocolService (GrpcServerProtocolService.java:lambda$onCompleted$5(159)) - omNode-bootstrap-2: Completed INSTALL_SNAPSHOT, lastReply: null
2024-08-03 20:05:11,437 [omNode-bootstrap-2-server-thread1] INFO  server.RaftServer$Division (RaftServerImpl.java:checkInconsistentAppendEntries(1629)) - omNode-bootstrap-2@group-0AAC5367B30E: Failed appendEntries as snapshot (0) installation is in progress
2024-08-03 20:05:11,437 [omNode-bootstrap-2-server-thread1] INFO  server.RaftServer$Division (RaftServerImpl.java:appendEntriesAsync(1584)) - omNode-bootstrap-2@group-0AAC5367B30E: appendEntries* reply omNode-1<-omNode-bootstrap-2#235:FAIL-t1,INCONSISTENCY,nextIndex=0,followerCommit=-1,matchIndex=-1
2024-08-03 20:05:11,438 [grpc-default-executor-0] INFO  impl.SnapshotInstallationHandler (SnapshotInstallationHandler.java:installSnapshot(92)) - omNode-bootstrap-2@group-0AAC5367B30E: receive installSnapshot: omNode-1->omNode-bootstrap-2#0-t1,notify:(t:1, i:0)
2024-08-03 20:05:11,438 [grpc-default-executor-0] INFO  impl.SnapshotInstallationHandler (SnapshotInstallationHandler.java:installSnapshotImpl(138)) - omNode-bootstrap-2@group-0AAC5367B30E: set new configuration configurationEntry {
  peers {
    id: "omNode-3"
    address: "localhost:15023"
    startupRole: FOLLOWER
  }
  peers {
    id: "omNode-1"
    address: "localhost:15015"
    startupRole: FOLLOWER
  }
  peers {
    id: "omNode-2"
    address: "localhost:15019"
    startupRole: FOLLOWER
  }
}
 from snapshot
2024-08-03 20:05:11,438 [grpc-default-executor-0] INFO  server.RaftServer$Division (ServerState.java:setRaftConf(386)) - omNode-bootstrap-2@group-0AAC5367B30E: set configuration conf: {index: 0, cur=peers:[omNode-3|localhost:15023, omNode-1|localhost:15015, omNode-2|localhost:15019]|listeners:[], old=null}
2024-08-03 20:05:11,439 [grpc-default-executor-0] INFO  ratis.OzoneManagerStateMachine (OzoneManagerStateMachine.java:notifyConfigurationChanged(216)) - Received Configuration change notification from Ratis. New Peer list:
[id: "omNode-3"
address: "localhost:15023"
startupRole: FOLLOWER
, id: "omNode-1"
address: "localhost:15015"
startupRole: FOLLOWER
, id: "omNode-2"
address: "localhost:15019"
startupRole: FOLLOWER
]
2024-08-03 20:05:11,439 [grpc-default-executor-0] INFO  impl.SnapshotInstallationHandler (SnapshotInstallationHandler.java:installSnapshot(103)) - omNode-bootstrap-2@group-0AAC5367B30E: reply installSnapshot: omNode-1<-omNode-bootstrap-2#0:FAIL-t1,IN_PROGRESS,snapshotIndex=0
2024-08-03 20:05:11,440 [grpc-default-executor-0] INFO  server.GrpcServerProtocolService (GrpcServerProtocolService.java:onCompleted(157)) - omNode-bootstrap-2: Completed INSTALL_SNAPSHOT, lastRequest: omNode-1->omNode-bootstrap-2#0-t1,notify:(t:1, i:0)
2024-08-03 20:05:11,440 [grpc-default-executor-0] INFO  server.GrpcServerProtocolService (GrpcServerProtocolService.java:lambda$onCompleted$5(159)) - omNode-bootstrap-2: Completed INSTALL_SNAPSHOT, lastReply: null
2024-08-03 20:05:11,440 [omNode-bootstrap-2-server-thread1] INFO  server.RaftServer$Division (RaftServerImpl.java:checkInconsistentAppendEntries(1629)) - omNode-bootstrap-2@group-0AAC5367B30E: Failed appendEntries as snapshot (0) installation is in progress
2024-08-03 20:05:11,440 [omNode-bootstrap-2-server-thread1] INFO  server.RaftServer$Division (RaftServerImpl.java:appendEntriesAsync(1584)) - omNode-bootstrap-2@group-0AAC5367B30E: appendEntries* reply omNode-1<-omNode-bootstrap-2#236:FAIL-t1,INCONSISTENCY,nextIndex=0,followerCommit=-1,matchIndex=-1
2024-08-03 20:05:11,441 [grpc-default-executor-0] INFO  impl.SnapshotInstallationHandler (SnapshotInstallationHandler.java:installSnapshot(92)) - omNode-bootstrap-2@group-0AAC5367B30E: receive installSnapshot: omNode-1->omNode-bootstrap-2#0-t1,notify:(t:1, i:0)
2024-08-03 20:05:11,441 [grpc-default-executor-0] INFO  impl.SnapshotInstallationHandler (SnapshotInstallationHandler.java:installSnapshotImpl(138)) - omNode-bootstrap-2@group-0AAC5367B30E: set new configuration configurationEntry {
  peers {
    id: "omNode-3"
    address: "localhost:15023"
    startupRole: FOLLOWER
  }
  peers {
    id: "omNode-1"
    address: "localhost:15015"
    startupRole: FOLLOWER
  }
  peers {
    id: "omNode-2"
    address: "localhost:15019"
    startupRole: FOLLOWER
  }
}
 from snapshot
2024-08-03 20:05:11,441 [grpc-default-executor-0] INFO  server.RaftServer$Division (ServerState.java:setRaftConf(386)) - omNode-bootstrap-2@group-0AAC5367B30E: set configuration conf: {index: 0, cur=peers:[omNode-3|localhost:15023, omNode-1|localhost:15015, omNode-2|localhost:15019]|listeners:[], old=null}
2024-08-03 20:05:11,443 [grpc-default-executor-0] INFO  ratis.OzoneManagerStateMachine (OzoneManagerStateMachine.java:notifyConfigurationChanged(216)) - Received Configuration change notification from Ratis. New Peer list:
[id: "omNode-3"
address: "localhost:15023"
startupRole: FOLLOWER
, id: "omNode-1"
address: "localhost:15015"
startupRole: FOLLOWER
, id: "omNode-2"
address: "localhost:15019"
startupRole: FOLLOWER
]
2024-08-03 20:05:11,443 [grpc-default-executor-0] INFO  impl.SnapshotInstallationHandler (SnapshotInstallationHandler.java:installSnapshot(103)) - omNode-bootstrap-2@group-0AAC5367B30E: reply installSnapshot: omNode-1<-omNode-bootstrap-2#0:FAIL-t1,IN_PROGRESS,snapshotIndex=0
2024-08-03 20:05:11,443 [grpc-default-executor-0] INFO  server.GrpcServerProtocolService (GrpcServerProtocolService.java:onCompleted(157)) - omNode-bootstrap-2: Completed INSTALL_SNAPSHOT, lastRequest: omNode-1->omNode-bootstrap-2#0-t1,notify:(t:1, i:0)
2024-08-03 20:05:11,443 [grpc-default-executor-0] INFO  server.GrpcServerProtocolService (GrpcServerProtocolService.java:lambda$onCompleted$5(159)) - omNode-bootstrap-2: Completed INSTALL_SNAPSHOT, lastReply: null
2024-08-03 20:05:11,445 [omNode-bootstrap-2-server-thread1] INFO  server.RaftServer$Division (RaftServerImpl.java:checkInconsistentAppendEntries(1629)) - omNode-bootstrap-2@group-0AAC5367B30E: Failed appendEntries as snapshot (0) installation is in progress
2024-08-03 20:05:11,445 [omNode-bootstrap-2-server-thread1] INFO  server.RaftServer$Division (RaftServerImpl.java:appendEntriesAsync(1584)) - omNode-bootstrap-2@group-0AAC5367B30E: appendEntries* reply omNode-1<-omNode-bootstrap-2#237:FAIL-t1,INCONSISTENCY,nextIndex=0,followerCommit=-1,matchIndex=-1
2024-08-03 20:05:11,446 [grpc-default-executor-5] INFO  impl.SnapshotInstallationHandler (SnapshotInstallationHandler.java:installSnapshot(92)) - omNode-bootstrap-2@group-0AAC5367B30E: receive installSnapshot: omNode-1->omNode-bootstrap-2#0-t1,notify:(t:1, i:0)
2024-08-03 20:05:11,446 [grpc-default-executor-5] INFO  impl.SnapshotInstallationHandler (SnapshotInstallationHandler.java:installSnapshotImpl(138)) - omNode-bootstrap-2@group-0AAC5367B30E: set new configuration configurationEntry {
  peers {
    id: "omNode-3"
    address: "localhost:15023"
    startupRole: FOLLOWER
  }
  peers {
    id: "omNode-1"
    address: "localhost:15015"
    startupRole: FOLLOWER
  }
  peers {
    id: "omNode-2"
    address: "localhost:15019"
    startupRole: FOLLOWER
  }
}
 from snapshot
2024-08-03 20:05:11,446 [grpc-default-executor-5] INFO  server.RaftServer$Division (ServerState.java:setRaftConf(386)) - omNode-bootstrap-2@group-0AAC5367B30E: set configuration conf: {index: 0, cur=peers:[omNode-3|localhost:15023, omNode-1|localhost:15015, omNode-2|localhost:15019]|listeners:[], old=null}
2024-08-03 20:05:11,447 [grpc-default-executor-5] INFO  ratis.OzoneManagerStateMachine (OzoneManagerStateMachine.java:notifyConfigurationChanged(216)) - Received Configuration change notification from Ratis. New Peer list:
[id: "omNode-3"
address: "localhost:15023"
startupRole: FOLLOWER
, id: "omNode-1"
address: "localhost:15015"
startupRole: FOLLOWER
, id: "omNode-2"
address: "localhost:15019"
startupRole: FOLLOWER
]
2024-08-03 20:05:11,447 [grpc-default-executor-5] INFO  impl.SnapshotInstallationHandler (SnapshotInstallationHandler.java:installSnapshot(103)) - omNode-bootstrap-2@group-0AAC5367B30E: reply installSnapshot: omNode-1<-omNode-bootstrap-2#0:FAIL-t1,IN_PROGRESS,snapshotIndex=0
2024-08-03 20:05:11,447 [grpc-default-executor-5] INFO  server.GrpcServerProtocolService (GrpcServerProtocolService.java:onCompleted(157)) - omNode-bootstrap-2: Completed INSTALL_SNAPSHOT, lastRequest: omNode-1->omNode-bootstrap-2#0-t1,notify:(t:1, i:0)
2024-08-03 20:05:11,447 [grpc-default-executor-5] INFO  server.GrpcServerProtocolService (GrpcServerProtocolService.java:lambda$onCompleted$5(159)) - omNode-bootstrap-2: Completed INSTALL_SNAPSHOT, lastReply: null
2024-08-03 20:05:11,448 [omNode-bootstrap-2-server-thread1] INFO  server.RaftServer$Division (RaftServerImpl.java:checkInconsistentAppendEntries(1629)) - omNode-bootstrap-2@group-0AAC5367B30E: Failed appendEntries as snapshot (0) installation is in progress
2024-08-03 20:05:11,448 [omNode-bootstrap-2-server-thread1] INFO  server.RaftServer$Division (RaftServerImpl.java:appendEntriesAsync(1584)) - omNode-bootstrap-2@group-0AAC5367B30E: appendEntries* reply omNode-1<-omNode-bootstrap-2#238:FAIL-t1,INCONSISTENCY,nextIndex=0,followerCommit=-1,matchIndex=-1
2024-08-03 20:05:11,449 [grpc-default-executor-5] INFO  impl.SnapshotInstallationHandler (SnapshotInstallationHandler.java:installSnapshot(92)) - omNode-bootstrap-2@group-0AAC5367B30E: receive installSnapshot: omNode-1->omNode-bootstrap-2#0-t1,notify:(t:1, i:0)
2024-08-03 20:05:11,450 [grpc-default-executor-5] INFO  impl.SnapshotInstallationHandler (SnapshotInstallationHandler.java:installSnapshotImpl(138)) - omNode-bootstrap-2@group-0AAC5367B30E: set new configuration configurationEntry {
  peers {
    id: "omNode-3"
    address: "localhost:15023"
    startupRole: FOLLOWER
  }
  peers {
    id: "omNode-1"
    address: "localhost:15015"
    startupRole: FOLLOWER
  }
  peers {
    id: "omNode-2"
    address: "localhost:15019"
    startupRole: FOLLOWER
  }
}
 from snapshot
2024-08-03 20:05:11,450 [grpc-default-executor-5] INFO  server.RaftServer$Division (ServerState.java:setRaftConf(386)) - omNode-bootstrap-2@group-0AAC5367B30E: set configuration conf: {index: 0, cur=peers:[omNode-3|localhost:15023, omNode-1|localhost:15015, omNode-2|localhost:15019]|listeners:[], old=null}
2024-08-03 20:05:11,451 [grpc-default-executor-5] INFO  ratis.OzoneManagerStateMachine (OzoneManagerStateMachine.java:notifyConfigurationChanged(216)) - Received Configuration change notification from Ratis. New Peer list:
[id: "omNode-3"
address: "localhost:15023"
startupRole: FOLLOWER
, id: "omNode-1"
address: "localhost:15015"
startupRole: FOLLOWER
, id: "omNode-2"
address: "localhost:15019"
startupRole: FOLLOWER
]
2024-08-03 20:05:11,451 [grpc-default-executor-5] INFO  impl.SnapshotInstallationHandler (SnapshotInstallationHandler.java:installSnapshot(103)) - omNode-bootstrap-2@group-0AAC5367B30E: reply installSnapshot: omNode-1<-omNode-bootstrap-2#0:FAIL-t1,IN_PROGRESS,snapshotIndex=0
2024-08-03 20:05:11,451 [grpc-default-executor-5] INFO  server.GrpcServerProtocolService (GrpcServerProtocolService.java:onCompleted(157)) - omNode-bootstrap-2: Completed INSTALL_SNAPSHOT, lastRequest: omNode-1->omNode-bootstrap-2#0-t1,notify:(t:1, i:0)
2024-08-03 20:05:11,451 [grpc-default-executor-5] INFO  server.GrpcServerProtocolService (GrpcServerProtocolService.java:lambda$onCompleted$5(159)) - omNode-bootstrap-2: Completed INSTALL_SNAPSHOT, lastReply: null
2024-08-03 20:05:11,452 [omNode-bootstrap-2-server-thread1] INFO  server.RaftServer$Division (RaftServerImpl.java:checkInconsistentAppendEntries(1629)) - omNode-bootstrap-2@group-0AAC5367B30E: Failed appendEntries as snapshot (0) installation is in progress
2024-08-03 20:05:11,452 [omNode-bootstrap-2-server-thread1] INFO  server.RaftServer$Division (RaftServerImpl.java:appendEntriesAsync(1584)) - omNode-bootstrap-2@group-0AAC5367B30E: appendEntries* reply omNode-1<-omNode-bootstrap-2#239:FAIL-t1,INCONSISTENCY,nextIndex=0,followerCommit=-1,matchIndex=-1
2024-08-03 20:05:11,453 [grpc-default-executor-0] INFO  impl.SnapshotInstallationHandler (SnapshotInstallationHandler.java:installSnapshot(92)) - omNode-bootstrap-2@group-0AAC5367B30E: receive installSnapshot: omNode-1->omNode-bootstrap-2#0-t1,notify:(t:1, i:0)
2024-08-03 20:05:11,454 [grpc-default-executor-0] INFO  impl.SnapshotInstallationHandler (SnapshotInstallationHandler.java:installSnapshotImpl(138)) - omNode-bootstrap-2@group-0AAC5367B30E: set new configuration configurationEntry {
  peers {
    id: "omNode-3"
    address: "localhost:15023"
    startupRole: FOLLOWER
  }
  peers {
    id: "omNode-1"
    address: "localhost:15015"
    startupRole: FOLLOWER
  }
  peers {
    id: "omNode-2"
    address: "localhost:15019"
    startupRole: FOLLOWER
  }
}
 from snapshot
2024-08-03 20:05:11,454 [grpc-default-executor-0] INFO  server.RaftServer$Division (ServerState.java:setRaftConf(386)) - omNode-bootstrap-2@group-0AAC5367B30E: set configuration conf: {index: 0, cur=peers:[omNode-3|localhost:15023, omNode-1|localhost:15015, omNode-2|localhost:15019]|listeners:[], old=null}
2024-08-03 20:05:11,455 [grpc-default-executor-0] INFO  ratis.OzoneManagerStateMachine (OzoneManagerStateMachine.java:notifyConfigurationChanged(216)) - Received Configuration change notification from Ratis. New Peer list:
[id: "omNode-3"
address: "localhost:15023"
startupRole: FOLLOWER
, id: "omNode-1"
address: "localhost:15015"
startupRole: FOLLOWER
, id: "omNode-2"
address: "localhost:15019"
startupRole: FOLLOWER
]
2024-08-03 20:05:11,456 [grpc-default-executor-0] INFO  impl.SnapshotInstallationHandler (SnapshotInstallationHandler.java:installSnapshot(103)) - omNode-bootstrap-2@group-0AAC5367B30E: reply installSnapshot: omNode-1<-omNode-bootstrap-2#0:FAIL-t1,IN_PROGRESS,snapshotIndex=0
2024-08-03 20:05:11,456 [grpc-default-executor-0] INFO  server.GrpcServerProtocolService (GrpcServerProtocolService.java:onCompleted(157)) - omNode-bootstrap-2: Completed INSTALL_SNAPSHOT, lastRequest: omNode-1->omNode-bootstrap-2#0-t1,notify:(t:1, i:0)
2024-08-03 20:05:11,456 [grpc-default-executor-0] INFO  server.GrpcServerProtocolService (GrpcServerProtocolService.java:lambda$onCompleted$5(159)) - omNode-bootstrap-2: Completed INSTALL_SNAPSHOT, lastReply: null
2024-08-03 20:05:11,457 [omNode-bootstrap-2-server-thread1] INFO  server.RaftServer$Division (RaftServerImpl.java:checkInconsistentAppendEntries(1629)) - omNode-bootstrap-2@group-0AAC5367B30E: Failed appendEntries as snapshot (0) installation is in progress
2024-08-03 20:05:11,457 [omNode-bootstrap-2-server-thread1] INFO  server.RaftServer$Division (RaftServerImpl.java:appendEntriesAsync(1584)) - omNode-bootstrap-2@group-0AAC5367B30E: appendEntries* reply omNode-1<-omNode-bootstrap-2#240:FAIL-t1,INCONSISTENCY,nextIndex=0,followerCommit=-1,matchIndex=-1
2024-08-03 20:05:11,458 [grpc-default-executor-5] INFO  impl.SnapshotInstallationHandler (SnapshotInstallationHandler.java:installSnapshot(92)) - omNode-bootstrap-2@group-0AAC5367B30E: receive installSnapshot: omNode-1->omNode-bootstrap-2#0-t1,notify:(t:1, i:0)
2024-08-03 20:05:11,458 [grpc-default-executor-5] INFO  impl.SnapshotInstallationHandler (SnapshotInstallationHandler.java:installSnapshotImpl(138)) - omNode-bootstrap-2@group-0AAC5367B30E: set new configuration configurationEntry {
  peers {
    id: "omNode-3"
    address: "localhost:15023"
    startupRole: FOLLOWER
  }
  peers {
    id: "omNode-1"
    address: "localhost:15015"
    startupRole: FOLLOWER
  }
  peers {
    id: "omNode-2"
    address: "localhost:15019"
    startupRole: FOLLOWER
  }
}
 from snapshot
2024-08-03 20:05:11,458 [grpc-default-executor-5] INFO  server.RaftServer$Division (ServerState.java:setRaftConf(386)) - omNode-bootstrap-2@group-0AAC5367B30E: set configuration conf: {index: 0, cur=peers:[omNode-3|localhost:15023, omNode-1|localhost:15015, omNode-2|localhost:15019]|listeners:[], old=null}
2024-08-03 20:05:11,461 [grpc-default-executor-5] INFO  ratis.OzoneManagerStateMachine (OzoneManagerStateMachine.java:notifyConfigurationChanged(216)) - Received Configuration change notification from Ratis. New Peer list:
[id: "omNode-3"
address: "localhost:15023"
startupRole: FOLLOWER
, id: "omNode-1"
address: "localhost:15015"
startupRole: FOLLOWER
, id: "omNode-2"
address: "localhost:15019"
startupRole: FOLLOWER
]
2024-08-03 20:05:11,461 [grpc-default-executor-5] INFO  impl.SnapshotInstallationHandler (SnapshotInstallationHandler.java:installSnapshot(103)) - omNode-bootstrap-2@group-0AAC5367B30E: reply installSnapshot: omNode-1<-omNode-bootstrap-2#0:FAIL-t1,IN_PROGRESS,snapshotIndex=0
2024-08-03 20:05:11,461 [grpc-default-executor-5] INFO  server.GrpcServerProtocolService (GrpcServerProtocolService.java:onCompleted(157)) - omNode-bootstrap-2: Completed INSTALL_SNAPSHOT, lastRequest: omNode-1->omNode-bootstrap-2#0-t1,notify:(t:1, i:0)
2024-08-03 20:05:11,461 [grpc-default-executor-5] INFO  server.GrpcServerProtocolService (GrpcServerProtocolService.java:lambda$onCompleted$5(159)) - omNode-bootstrap-2: Completed INSTALL_SNAPSHOT, lastReply: null
2024-08-03 20:05:11,463 [omNode-bootstrap-2-server-thread1] INFO  server.RaftServer$Division (RaftServerImpl.java:checkInconsistentAppendEntries(1629)) - omNode-bootstrap-2@group-0AAC5367B30E: Failed appendEntries as snapshot (0) installation is in progress
2024-08-03 20:05:11,463 [omNode-bootstrap-2-server-thread1] INFO  server.RaftServer$Division (RaftServerImpl.java:appendEntriesAsync(1584)) - omNode-bootstrap-2@group-0AAC5367B30E: appendEntries* reply omNode-1<-omNode-bootstrap-2#241:FAIL-t1,INCONSISTENCY,nextIndex=0,followerCommit=-1,matchIndex=-1
2024-08-03 20:05:11,463 [grpc-default-executor-1] INFO  impl.SnapshotInstallationHandler (SnapshotInstallationHandler.java:installSnapshot(92)) - omNode-bootstrap-2@group-0AAC5367B30E: receive installSnapshot: omNode-1->omNode-bootstrap-2#0-t1,notify:(t:1, i:0)
2024-08-03 20:05:11,463 [grpc-default-executor-1] INFO  impl.SnapshotInstallationHandler (SnapshotInstallationHandler.java:installSnapshotImpl(138)) - omNode-bootstrap-2@group-0AAC5367B30E: set new configuration configurationEntry {
  peers {
    id: "omNode-3"
    address: "localhost:15023"
    startupRole: FOLLOWER
  }
  peers {
    id: "omNode-1"
    address: "localhost:15015"
    startupRole: FOLLOWER
  }
  peers {
    id: "omNode-2"
    address: "localhost:15019"
    startupRole: FOLLOWER
  }
}
 from snapshot
2024-08-03 20:05:11,463 [grpc-default-executor-1] INFO  server.RaftServer$Division (ServerState.java:setRaftConf(386)) - omNode-bootstrap-2@group-0AAC5367B30E: set configuration conf: {index: 0, cur=peers:[omNode-3|localhost:15023, omNode-1|localhost:15015, omNode-2|localhost:15019]|listeners:[], old=null}
2024-08-03 20:05:11,465 [grpc-default-executor-1] INFO  ratis.OzoneManagerStateMachine (OzoneManagerStateMachine.java:notifyConfigurationChanged(216)) - Received Configuration change notification from Ratis. New Peer list:
[id: "omNode-3"
address: "localhost:15023"
startupRole: FOLLOWER
, id: "omNode-1"
address: "localhost:15015"
startupRole: FOLLOWER
, id: "omNode-2"
address: "localhost:15019"
startupRole: FOLLOWER
]
2024-08-03 20:05:11,469 [grpc-default-executor-1] INFO  impl.SnapshotInstallationHandler (SnapshotInstallationHandler.java:installSnapshot(103)) - omNode-bootstrap-2@group-0AAC5367B30E: reply installSnapshot: omNode-1<-omNode-bootstrap-2#0:FAIL-t1,IN_PROGRESS,snapshotIndex=0
2024-08-03 20:05:11,470 [grpc-default-executor-1] INFO  server.GrpcServerProtocolService (GrpcServerProtocolService.java:onCompleted(157)) - omNode-bootstrap-2: Completed INSTALL_SNAPSHOT, lastRequest: omNode-1->omNode-bootstrap-2#0-t1,notify:(t:1, i:0)
2024-08-03 20:05:11,470 [grpc-default-executor-1] INFO  server.GrpcServerProtocolService (GrpcServerProtocolService.java:lambda$onCompleted$5(159)) - omNode-bootstrap-2: Completed INSTALL_SNAPSHOT, lastReply: null
2024-08-03 20:05:11,471 [omNode-bootstrap-2-server-thread1] INFO  server.RaftServer$Division (RaftServerImpl.java:checkInconsistentAppendEntries(1629)) - omNode-bootstrap-2@group-0AAC5367B30E: Failed appendEntries as snapshot (0) installation is in progress
2024-08-03 20:05:11,471 [omNode-bootstrap-2-server-thread1] INFO  server.RaftServer$Division (RaftServerImpl.java:appendEntriesAsync(1584)) - omNode-bootstrap-2@group-0AAC5367B30E: appendEntries* reply omNode-1<-omNode-bootstrap-2#242:FAIL-t1,INCONSISTENCY,nextIndex=0,followerCommit=-1,matchIndex=-1
2024-08-03 20:05:11,472 [grpc-default-executor-5] INFO  impl.SnapshotInstallationHandler (SnapshotInstallationHandler.java:installSnapshot(92)) - omNode-bootstrap-2@group-0AAC5367B30E: receive installSnapshot: omNode-1->omNode-bootstrap-2#0-t1,notify:(t:1, i:0)
2024-08-03 20:05:11,472 [grpc-default-executor-5] INFO  impl.SnapshotInstallationHandler (SnapshotInstallationHandler.java:installSnapshotImpl(138)) - omNode-bootstrap-2@group-0AAC5367B30E: set new configuration configurationEntry {
  peers {
    id: "omNode-3"
    address: "localhost:15023"
    startupRole: FOLLOWER
  }
  peers {
    id: "omNode-1"
    address: "localhost:15015"
    startupRole: FOLLOWER
  }
  peers {
    id: "omNode-2"
    address: "localhost:15019"
    startupRole: FOLLOWER
  }
}
 from snapshot
2024-08-03 20:05:11,472 [grpc-default-executor-5] INFO  server.RaftServer$Division (ServerState.java:setRaftConf(386)) - omNode-bootstrap-2@group-0AAC5367B30E: set configuration conf: {index: 0, cur=peers:[omNode-3|localhost:15023, omNode-1|localhost:15015, omNode-2|localhost:15019]|listeners:[], old=null}
2024-08-03 20:05:11,474 [grpc-default-executor-5] INFO  ratis.OzoneManagerStateMachine (OzoneManagerStateMachine.java:notifyConfigurationChanged(216)) - Received Configuration change notification from Ratis. New Peer list:
[id: "omNode-3"
address: "localhost:15023"
startupRole: FOLLOWER
, id: "omNode-1"
address: "localhost:15015"
startupRole: FOLLOWER
, id: "omNode-2"
address: "localhost:15019"
startupRole: FOLLOWER
]
2024-08-03 20:05:11,474 [grpc-default-executor-5] INFO  impl.SnapshotInstallationHandler (SnapshotInstallationHandler.java:installSnapshot(103)) - omNode-bootstrap-2@group-0AAC5367B30E: reply installSnapshot: omNode-1<-omNode-bootstrap-2#0:FAIL-t1,IN_PROGRESS,snapshotIndex=0
2024-08-03 20:05:11,474 [grpc-default-executor-5] INFO  server.GrpcServerProtocolService (GrpcServerProtocolService.java:onCompleted(157)) - omNode-bootstrap-2: Completed INSTALL_SNAPSHOT, lastRequest: omNode-1->omNode-bootstrap-2#0-t1,notify:(t:1, i:0)
2024-08-03 20:05:11,475 [grpc-default-executor-5] INFO  server.GrpcServerProtocolService (GrpcServerProtocolService.java:lambda$onCompleted$5(159)) - omNode-bootstrap-2: Completed INSTALL_SNAPSHOT, lastReply: null
2024-08-03 20:05:11,476 [omNode-bootstrap-2-server-thread1] INFO  server.RaftServer$Division (RaftServerImpl.java:checkInconsistentAppendEntries(1629)) - omNode-bootstrap-2@group-0AAC5367B30E: Failed appendEntries as snapshot (0) installation is in progress
2024-08-03 20:05:11,476 [omNode-bootstrap-2-server-thread1] INFO  server.RaftServer$Division (RaftServerImpl.java:appendEntriesAsync(1584)) - omNode-bootstrap-2@group-0AAC5367B30E: appendEntries* reply omNode-1<-omNode-bootstrap-2#243:FAIL-t1,INCONSISTENCY,nextIndex=0,followerCommit=-1,matchIndex=-1
2024-08-03 20:05:11,477 [grpc-default-executor-1] INFO  impl.SnapshotInstallationHandler (SnapshotInstallationHandler.java:installSnapshot(92)) - omNode-bootstrap-2@group-0AAC5367B30E: receive installSnapshot: omNode-1->omNode-bootstrap-2#0-t1,notify:(t:1, i:0)
2024-08-03 20:05:11,477 [grpc-default-executor-1] INFO  impl.SnapshotInstallationHandler (SnapshotInstallationHandler.java:installSnapshotImpl(138)) - omNode-bootstrap-2@group-0AAC5367B30E: set new configuration configurationEntry {
  peers {
    id: "omNode-3"
    address: "localhost:15023"
    startupRole: FOLLOWER
  }
  peers {
    id: "omNode-1"
    address: "localhost:15015"
    startupRole: FOLLOWER
  }
  peers {
    id: "omNode-2"
    address: "localhost:15019"
    startupRole: FOLLOWER
  }
}
 from snapshot
2024-08-03 20:05:11,478 [grpc-default-executor-1] INFO  server.RaftServer$Division (ServerState.java:setRaftConf(386)) - omNode-bootstrap-2@group-0AAC5367B30E: set configuration conf: {index: 0, cur=peers:[omNode-3|localhost:15023, omNode-1|localhost:15015, omNode-2|localhost:15019]|listeners:[], old=null}
2024-08-03 20:05:11,479 [grpc-default-executor-1] INFO  ratis.OzoneManagerStateMachine (OzoneManagerStateMachine.java:notifyConfigurationChanged(216)) - Received Configuration change notification from Ratis. New Peer list:
[id: "omNode-3"
address: "localhost:15023"
startupRole: FOLLOWER
, id: "omNode-1"
address: "localhost:15015"
startupRole: FOLLOWER
, id: "omNode-2"
address: "localhost:15019"
startupRole: FOLLOWER
]
2024-08-03 20:05:11,479 [grpc-default-executor-1] INFO  impl.SnapshotInstallationHandler (SnapshotInstallationHandler.java:installSnapshot(103)) - omNode-bootstrap-2@group-0AAC5367B30E: reply installSnapshot: omNode-1<-omNode-bootstrap-2#0:FAIL-t1,IN_PROGRESS,snapshotIndex=0
2024-08-03 20:05:11,480 [grpc-default-executor-1] INFO  server.GrpcServerProtocolService (GrpcServerProtocolService.java:onCompleted(157)) - omNode-bootstrap-2: Completed INSTALL_SNAPSHOT, lastRequest: omNode-1->omNode-bootstrap-2#0-t1,notify:(t:1, i:0)
2024-08-03 20:05:11,480 [grpc-default-executor-1] INFO  server.GrpcServerProtocolService (GrpcServerProtocolService.java:lambda$onCompleted$5(159)) - omNode-bootstrap-2: Completed INSTALL_SNAPSHOT, lastReply: null
2024-08-03 20:05:11,481 [omNode-bootstrap-2-server-thread1] INFO  server.RaftServer$Division (RaftServerImpl.java:checkInconsistentAppendEntries(1629)) - omNode-bootstrap-2@group-0AAC5367B30E: Failed appendEntries as snapshot (0) installation is in progress
2024-08-03 20:05:11,481 [omNode-bootstrap-2-server-thread1] INFO  server.RaftServer$Division (RaftServerImpl.java:appendEntriesAsync(1584)) - omNode-bootstrap-2@group-0AAC5367B30E: appendEntries* reply omNode-1<-omNode-bootstrap-2#244:FAIL-t1,INCONSISTENCY,nextIndex=0,followerCommit=-1,matchIndex=-1
2024-08-03 20:05:11,482 [grpc-default-executor-5] INFO  impl.SnapshotInstallationHandler (SnapshotInstallationHandler.java:installSnapshot(92)) - omNode-bootstrap-2@group-0AAC5367B30E: receive installSnapshot: omNode-1->omNode-bootstrap-2#0-t1,notify:(t:1, i:0)
2024-08-03 20:05:11,482 [grpc-default-executor-5] INFO  impl.SnapshotInstallationHandler (SnapshotInstallationHandler.java:installSnapshotImpl(138)) - omNode-bootstrap-2@group-0AAC5367B30E: set new configuration configurationEntry {
  peers {
    id: "omNode-3"
    address: "localhost:15023"
    startupRole: FOLLOWER
  }
  peers {
    id: "omNode-1"
    address: "localhost:15015"
    startupRole: FOLLOWER
  }
  peers {
    id: "omNode-2"
    address: "localhost:15019"
    startupRole: FOLLOWER
  }
}
 from snapshot
2024-08-03 20:05:11,482 [grpc-default-executor-5] INFO  server.RaftServer$Division (ServerState.java:setRaftConf(386)) - omNode-bootstrap-2@group-0AAC5367B30E: set configuration conf: {index: 0, cur=peers:[omNode-3|localhost:15023, omNode-1|localhost:15015, omNode-2|localhost:15019]|listeners:[], old=null}
2024-08-03 20:05:11,484 [grpc-default-executor-5] INFO  ratis.OzoneManagerStateMachine (OzoneManagerStateMachine.java:notifyConfigurationChanged(216)) - Received Configuration change notification from Ratis. New Peer list:
[id: "omNode-3"
address: "localhost:15023"
startupRole: FOLLOWER
, id: "omNode-1"
address: "localhost:15015"
startupRole: FOLLOWER
, id: "omNode-2"
address: "localhost:15019"
startupRole: FOLLOWER
]
2024-08-03 20:05:11,484 [grpc-default-executor-5] INFO  impl.SnapshotInstallationHandler (SnapshotInstallationHandler.java:installSnapshot(103)) - omNode-bootstrap-2@group-0AAC5367B30E: reply installSnapshot: omNode-1<-omNode-bootstrap-2#0:FAIL-t1,IN_PROGRESS,snapshotIndex=0
2024-08-03 20:05:11,484 [grpc-default-executor-5] INFO  server.GrpcServerProtocolService (GrpcServerProtocolService.java:onCompleted(157)) - omNode-bootstrap-2: Completed INSTALL_SNAPSHOT, lastRequest: omNode-1->omNode-bootstrap-2#0-t1,notify:(t:1, i:0)
2024-08-03 20:05:11,484 [grpc-default-executor-5] INFO  server.GrpcServerProtocolService (GrpcServerProtocolService.java:lambda$onCompleted$5(159)) - omNode-bootstrap-2: Completed INSTALL_SNAPSHOT, lastReply: null
2024-08-03 20:05:11,486 [omNode-bootstrap-2-server-thread1] INFO  server.RaftServer$Division (RaftServerImpl.java:checkInconsistentAppendEntries(1629)) - omNode-bootstrap-2@group-0AAC5367B30E: Failed appendEntries as snapshot (0) installation is in progress
2024-08-03 20:05:11,486 [omNode-bootstrap-2-server-thread1] INFO  server.RaftServer$Division (RaftServerImpl.java:appendEntriesAsync(1584)) - omNode-bootstrap-2@group-0AAC5367B30E: appendEntries* reply omNode-1<-omNode-bootstrap-2#245:FAIL-t1,INCONSISTENCY,nextIndex=0,followerCommit=-1,matchIndex=-1
2024-08-03 20:05:11,486 [grpc-default-executor-0] INFO  impl.SnapshotInstallationHandler (SnapshotInstallationHandler.java:installSnapshot(92)) - omNode-bootstrap-2@group-0AAC5367B30E: receive installSnapshot: omNode-1->omNode-bootstrap-2#0-t1,notify:(t:1, i:0)
2024-08-03 20:05:11,486 [grpc-default-executor-0] INFO  impl.SnapshotInstallationHandler (SnapshotInstallationHandler.java:installSnapshotImpl(138)) - omNode-bootstrap-2@group-0AAC5367B30E: set new configuration configurationEntry {
  peers {
    id: "omNode-3"
    address: "localhost:15023"
    startupRole: FOLLOWER
  }
  peers {
    id: "omNode-1"
    address: "localhost:15015"
    startupRole: FOLLOWER
  }
  peers {
    id: "omNode-2"
    address: "localhost:15019"
    startupRole: FOLLOWER
  }
}
 from snapshot
2024-08-03 20:05:11,486 [grpc-default-executor-0] INFO  server.RaftServer$Division (ServerState.java:setRaftConf(386)) - omNode-bootstrap-2@group-0AAC5367B30E: set configuration conf: {index: 0, cur=peers:[omNode-3|localhost:15023, omNode-1|localhost:15015, omNode-2|localhost:15019]|listeners:[], old=null}
2024-08-03 20:05:11,488 [grpc-default-executor-0] INFO  ratis.OzoneManagerStateMachine (OzoneManagerStateMachine.java:notifyConfigurationChanged(216)) - Received Configuration change notification from Ratis. New Peer list:
[id: "omNode-3"
address: "localhost:15023"
startupRole: FOLLOWER
, id: "omNode-1"
address: "localhost:15015"
startupRole: FOLLOWER
, id: "omNode-2"
address: "localhost:15019"
startupRole: FOLLOWER
]
2024-08-03 20:05:11,488 [grpc-default-executor-0] INFO  impl.SnapshotInstallationHandler (SnapshotInstallationHandler.java:installSnapshot(103)) - omNode-bootstrap-2@group-0AAC5367B30E: reply installSnapshot: omNode-1<-omNode-bootstrap-2#0:FAIL-t1,IN_PROGRESS,snapshotIndex=0
2024-08-03 20:05:11,488 [grpc-default-executor-0] INFO  server.GrpcServerProtocolService (GrpcServerProtocolService.java:onCompleted(157)) - omNode-bootstrap-2: Completed INSTALL_SNAPSHOT, lastRequest: omNode-1->omNode-bootstrap-2#0-t1,notify:(t:1, i:0)
2024-08-03 20:05:11,488 [grpc-default-executor-0] INFO  server.GrpcServerProtocolService (GrpcServerProtocolService.java:lambda$onCompleted$5(159)) - omNode-bootstrap-2: Completed INSTALL_SNAPSHOT, lastReply: null
2024-08-03 20:05:11,490 [omNode-bootstrap-2-server-thread1] INFO  server.RaftServer$Division (RaftServerImpl.java:checkInconsistentAppendEntries(1629)) - omNode-bootstrap-2@group-0AAC5367B30E: Failed appendEntries as snapshot (0) installation is in progress
2024-08-03 20:05:11,490 [omNode-bootstrap-2-server-thread1] INFO  server.RaftServer$Division (RaftServerImpl.java:appendEntriesAsync(1584)) - omNode-bootstrap-2@group-0AAC5367B30E: appendEntries* reply omNode-1<-omNode-bootstrap-2#246:FAIL-t1,INCONSISTENCY,nextIndex=0,followerCommit=-1,matchIndex=-1
2024-08-03 20:05:11,491 [grpc-default-executor-1] INFO  impl.SnapshotInstallationHandler (SnapshotInstallationHandler.java:installSnapshot(92)) - omNode-bootstrap-2@group-0AAC5367B30E: receive installSnapshot: omNode-1->omNode-bootstrap-2#0-t1,notify:(t:1, i:0)
2024-08-03 20:05:11,491 [grpc-default-executor-1] INFO  impl.SnapshotInstallationHandler (SnapshotInstallationHandler.java:installSnapshotImpl(138)) - omNode-bootstrap-2@group-0AAC5367B30E: set new configuration configurationEntry {
  peers {
    id: "omNode-3"
    address: "localhost:15023"
    startupRole: FOLLOWER
  }
  peers {
    id: "omNode-1"
    address: "localhost:15015"
    startupRole: FOLLOWER
  }
  peers {
    id: "omNode-2"
    address: "localhost:15019"
    startupRole: FOLLOWER
  }
}
 from snapshot
2024-08-03 20:05:11,491 [grpc-default-executor-1] INFO  server.RaftServer$Division (ServerState.java:setRaftConf(386)) - omNode-bootstrap-2@group-0AAC5367B30E: set configuration conf: {index: 0, cur=peers:[omNode-3|localhost:15023, omNode-1|localhost:15015, omNode-2|localhost:15019]|listeners:[], old=null}
2024-08-03 20:05:11,492 [grpc-default-executor-1] INFO  ratis.OzoneManagerStateMachine (OzoneManagerStateMachine.java:notifyConfigurationChanged(216)) - Received Configuration change notification from Ratis. New Peer list:
[id: "omNode-3"
address: "localhost:15023"
startupRole: FOLLOWER
, id: "omNode-1"
address: "localhost:15015"
startupRole: FOLLOWER
, id: "omNode-2"
address: "localhost:15019"
startupRole: FOLLOWER
]
2024-08-03 20:05:11,493 [grpc-default-executor-1] INFO  impl.SnapshotInstallationHandler (SnapshotInstallationHandler.java:installSnapshot(103)) - omNode-bootstrap-2@group-0AAC5367B30E: reply installSnapshot: omNode-1<-omNode-bootstrap-2#0:FAIL-t1,IN_PROGRESS,snapshotIndex=0
2024-08-03 20:05:11,493 [grpc-default-executor-1] INFO  server.GrpcServerProtocolService (GrpcServerProtocolService.java:onCompleted(157)) - omNode-bootstrap-2: Completed INSTALL_SNAPSHOT, lastRequest: omNode-1->omNode-bootstrap-2#0-t1,notify:(t:1, i:0)
2024-08-03 20:05:11,493 [grpc-default-executor-1] INFO  server.GrpcServerProtocolService (GrpcServerProtocolService.java:lambda$onCompleted$5(159)) - omNode-bootstrap-2: Completed INSTALL_SNAPSHOT, lastReply: null
2024-08-03 20:05:11,494 [omNode-bootstrap-2-server-thread1] INFO  server.RaftServer$Division (RaftServerImpl.java:checkInconsistentAppendEntries(1629)) - omNode-bootstrap-2@group-0AAC5367B30E: Failed appendEntries as snapshot (0) installation is in progress
2024-08-03 20:05:11,494 [omNode-bootstrap-2-server-thread1] INFO  server.RaftServer$Division (RaftServerImpl.java:appendEntriesAsync(1584)) - omNode-bootstrap-2@group-0AAC5367B30E: appendEntries* reply omNode-1<-omNode-bootstrap-2#247:FAIL-t1,INCONSISTENCY,nextIndex=0,followerCommit=-1,matchIndex=-1
2024-08-03 20:05:11,494 [grpc-default-executor-5] INFO  impl.SnapshotInstallationHandler (SnapshotInstallationHandler.java:installSnapshot(92)) - omNode-bootstrap-2@group-0AAC5367B30E: receive installSnapshot: omNode-1->omNode-bootstrap-2#0-t1,notify:(t:1, i:0)
2024-08-03 20:05:11,495 [grpc-default-executor-5] INFO  impl.SnapshotInstallationHandler (SnapshotInstallationHandler.java:installSnapshotImpl(138)) - omNode-bootstrap-2@group-0AAC5367B30E: set new configuration configurationEntry {
  peers {
    id: "omNode-3"
    address: "localhost:15023"
    startupRole: FOLLOWER
  }
  peers {
    id: "omNode-1"
    address: "localhost:15015"
    startupRole: FOLLOWER
  }
  peers {
    id: "omNode-2"
    address: "localhost:15019"
    startupRole: FOLLOWER
  }
}
 from snapshot
2024-08-03 20:05:11,495 [grpc-default-executor-5] INFO  server.RaftServer$Division (ServerState.java:setRaftConf(386)) - omNode-bootstrap-2@group-0AAC5367B30E: set configuration conf: {index: 0, cur=peers:[omNode-3|localhost:15023, omNode-1|localhost:15015, omNode-2|localhost:15019]|listeners:[], old=null}
2024-08-03 20:05:11,496 [grpc-default-executor-5] INFO  ratis.OzoneManagerStateMachine (OzoneManagerStateMachine.java:notifyConfigurationChanged(216)) - Received Configuration change notification from Ratis. New Peer list:
[id: "omNode-3"
address: "localhost:15023"
startupRole: FOLLOWER
, id: "omNode-1"
address: "localhost:15015"
startupRole: FOLLOWER
, id: "omNode-2"
address: "localhost:15019"
startupRole: FOLLOWER
]
2024-08-03 20:05:11,496 [grpc-default-executor-5] INFO  impl.SnapshotInstallationHandler (SnapshotInstallationHandler.java:installSnapshot(103)) - omNode-bootstrap-2@group-0AAC5367B30E: reply installSnapshot: omNode-1<-omNode-bootstrap-2#0:FAIL-t1,IN_PROGRESS,snapshotIndex=0
2024-08-03 20:05:11,496 [grpc-default-executor-5] INFO  server.GrpcServerProtocolService (GrpcServerProtocolService.java:onCompleted(157)) - omNode-bootstrap-2: Completed INSTALL_SNAPSHOT, lastRequest: omNode-1->omNode-bootstrap-2#0-t1,notify:(t:1, i:0)
2024-08-03 20:05:11,496 [grpc-default-executor-5] INFO  server.GrpcServerProtocolService (GrpcServerProtocolService.java:lambda$onCompleted$5(159)) - omNode-bootstrap-2: Completed INSTALL_SNAPSHOT, lastReply: null
2024-08-03 20:05:11,497 [omNode-bootstrap-2-server-thread1] INFO  server.RaftServer$Division (RaftServerImpl.java:checkInconsistentAppendEntries(1629)) - omNode-bootstrap-2@group-0AAC5367B30E: Failed appendEntries as snapshot (0) installation is in progress
2024-08-03 20:05:11,497 [omNode-bootstrap-2-server-thread1] INFO  server.RaftServer$Division (RaftServerImpl.java:appendEntriesAsync(1584)) - omNode-bootstrap-2@group-0AAC5367B30E: appendEntries* reply omNode-1<-omNode-bootstrap-2#248:FAIL-t1,INCONSISTENCY,nextIndex=0,followerCommit=-1,matchIndex=-1
2024-08-03 20:05:11,498 [grpc-default-executor-5] INFO  impl.SnapshotInstallationHandler (SnapshotInstallationHandler.java:installSnapshot(92)) - omNode-bootstrap-2@group-0AAC5367B30E: receive installSnapshot: omNode-1->omNode-bootstrap-2#0-t1,notify:(t:1, i:0)
2024-08-03 20:05:11,498 [grpc-default-executor-5] INFO  impl.SnapshotInstallationHandler (SnapshotInstallationHandler.java:installSnapshotImpl(138)) - omNode-bootstrap-2@group-0AAC5367B30E: set new configuration configurationEntry {
  peers {
    id: "omNode-3"
    address: "localhost:15023"
    startupRole: FOLLOWER
  }
  peers {
    id: "omNode-1"
    address: "localhost:15015"
    startupRole: FOLLOWER
  }
  peers {
    id: "omNode-2"
    address: "localhost:15019"
    startupRole: FOLLOWER
  }
}
 from snapshot
2024-08-03 20:05:11,498 [grpc-default-executor-5] INFO  server.RaftServer$Division (ServerState.java:setRaftConf(386)) - omNode-bootstrap-2@group-0AAC5367B30E: set configuration conf: {index: 0, cur=peers:[omNode-3|localhost:15023, omNode-1|localhost:15015, omNode-2|localhost:15019]|listeners:[], old=null}
2024-08-03 20:05:11,500 [grpc-default-executor-5] INFO  ratis.OzoneManagerStateMachine (OzoneManagerStateMachine.java:notifyConfigurationChanged(216)) - Received Configuration change notification from Ratis. New Peer list:
[id: "omNode-3"
address: "localhost:15023"
startupRole: FOLLOWER
, id: "omNode-1"
address: "localhost:15015"
startupRole: FOLLOWER
, id: "omNode-2"
address: "localhost:15019"
startupRole: FOLLOWER
]
2024-08-03 20:05:11,500 [grpc-default-executor-5] INFO  impl.SnapshotInstallationHandler (SnapshotInstallationHandler.java:installSnapshot(103)) - omNode-bootstrap-2@group-0AAC5367B30E: reply installSnapshot: omNode-1<-omNode-bootstrap-2#0:FAIL-t1,IN_PROGRESS,snapshotIndex=0
2024-08-03 20:05:11,500 [grpc-default-executor-5] INFO  server.GrpcServerProtocolService (GrpcServerProtocolService.java:onCompleted(157)) - omNode-bootstrap-2: Completed INSTALL_SNAPSHOT, lastRequest: omNode-1->omNode-bootstrap-2#0-t1,notify:(t:1, i:0)
2024-08-03 20:05:11,500 [grpc-default-executor-5] INFO  server.GrpcServerProtocolService (GrpcServerProtocolService.java:lambda$onCompleted$5(159)) - omNode-bootstrap-2: Completed INSTALL_SNAPSHOT, lastReply: null
2024-08-03 20:05:11,501 [omNode-bootstrap-2-server-thread1] INFO  server.RaftServer$Division (RaftServerImpl.java:checkInconsistentAppendEntries(1629)) - omNode-bootstrap-2@group-0AAC5367B30E: Failed appendEntries as snapshot (0) installation is in progress
2024-08-03 20:05:11,501 [omNode-bootstrap-2-server-thread1] INFO  server.RaftServer$Division (RaftServerImpl.java:appendEntriesAsync(1584)) - omNode-bootstrap-2@group-0AAC5367B30E: appendEntries* reply omNode-1<-omNode-bootstrap-2#249:FAIL-t1,INCONSISTENCY,nextIndex=0,followerCommit=-1,matchIndex=-1
2024-08-03 20:05:11,502 [grpc-default-executor-0] INFO  impl.SnapshotInstallationHandler (SnapshotInstallationHandler.java:installSnapshot(92)) - omNode-bootstrap-2@group-0AAC5367B30E: receive installSnapshot: omNode-1->omNode-bootstrap-2#0-t1,notify:(t:1, i:0)
2024-08-03 20:05:11,502 [grpc-default-executor-0] INFO  impl.SnapshotInstallationHandler (SnapshotInstallationHandler.java:installSnapshotImpl(138)) - omNode-bootstrap-2@group-0AAC5367B30E: set new configuration configurationEntry {
  peers {
    id: "omNode-3"
    address: "localhost:15023"
    startupRole: FOLLOWER
  }
  peers {
    id: "omNode-1"
    address: "localhost:15015"
    startupRole: FOLLOWER
  }
  peers {
    id: "omNode-2"
    address: "localhost:15019"
    startupRole: FOLLOWER
  }
}
 from snapshot
2024-08-03 20:05:11,502 [grpc-default-executor-0] INFO  server.RaftServer$Division (ServerState.java:setRaftConf(386)) - omNode-bootstrap-2@group-0AAC5367B30E: set configuration conf: {index: 0, cur=peers:[omNode-3|localhost:15023, omNode-1|localhost:15015, omNode-2|localhost:15019]|listeners:[], old=null}
2024-08-03 20:05:11,504 [grpc-default-executor-0] INFO  ratis.OzoneManagerStateMachine (OzoneManagerStateMachine.java:notifyConfigurationChanged(216)) - Received Configuration change notification from Ratis. New Peer list:
[id: "omNode-3"
address: "localhost:15023"
startupRole: FOLLOWER
, id: "omNode-1"
address: "localhost:15015"
startupRole: FOLLOWER
, id: "omNode-2"
address: "localhost:15019"
startupRole: FOLLOWER
]
2024-08-03 20:05:11,504 [grpc-default-executor-0] INFO  impl.SnapshotInstallationHandler (SnapshotInstallationHandler.java:installSnapshot(103)) - omNode-bootstrap-2@group-0AAC5367B30E: reply installSnapshot: omNode-1<-omNode-bootstrap-2#0:FAIL-t1,IN_PROGRESS,snapshotIndex=0
2024-08-03 20:05:11,504 [grpc-default-executor-0] INFO  server.GrpcServerProtocolService (GrpcServerProtocolService.java:onCompleted(157)) - omNode-bootstrap-2: Completed INSTALL_SNAPSHOT, lastRequest: omNode-1->omNode-bootstrap-2#0-t1,notify:(t:1, i:0)
2024-08-03 20:05:11,504 [grpc-default-executor-0] INFO  server.GrpcServerProtocolService (GrpcServerProtocolService.java:lambda$onCompleted$5(159)) - omNode-bootstrap-2: Completed INSTALL_SNAPSHOT, lastReply: null
2024-08-03 20:05:11,505 [omNode-bootstrap-2-server-thread1] INFO  server.RaftServer$Division (RaftServerImpl.java:checkInconsistentAppendEntries(1629)) - omNode-bootstrap-2@group-0AAC5367B30E: Failed appendEntries as snapshot (0) installation is in progress
2024-08-03 20:05:11,505 [omNode-bootstrap-2-server-thread1] INFO  server.RaftServer$Division (RaftServerImpl.java:appendEntriesAsync(1584)) - omNode-bootstrap-2@group-0AAC5367B30E: appendEntries* reply omNode-1<-omNode-bootstrap-2#250:FAIL-t1,INCONSISTENCY,nextIndex=0,followerCommit=-1,matchIndex=-1
2024-08-03 20:05:11,506 [grpc-default-executor-0] INFO  impl.SnapshotInstallationHandler (SnapshotInstallationHandler.java:installSnapshot(92)) - omNode-bootstrap-2@group-0AAC5367B30E: receive installSnapshot: omNode-1->omNode-bootstrap-2#0-t1,notify:(t:1, i:0)
2024-08-03 20:05:11,506 [grpc-default-executor-0] INFO  impl.SnapshotInstallationHandler (SnapshotInstallationHandler.java:installSnapshotImpl(138)) - omNode-bootstrap-2@group-0AAC5367B30E: set new configuration configurationEntry {
  peers {
    id: "omNode-3"
    address: "localhost:15023"
    startupRole: FOLLOWER
  }
  peers {
    id: "omNode-1"
    address: "localhost:15015"
    startupRole: FOLLOWER
  }
  peers {
    id: "omNode-2"
    address: "localhost:15019"
    startupRole: FOLLOWER
  }
}
 from snapshot
2024-08-03 20:05:11,506 [grpc-default-executor-0] INFO  server.RaftServer$Division (ServerState.java:setRaftConf(386)) - omNode-bootstrap-2@group-0AAC5367B30E: set configuration conf: {index: 0, cur=peers:[omNode-3|localhost:15023, omNode-1|localhost:15015, omNode-2|localhost:15019]|listeners:[], old=null}
2024-08-03 20:05:11,508 [grpc-default-executor-0] INFO  ratis.OzoneManagerStateMachine (OzoneManagerStateMachine.java:notifyConfigurationChanged(216)) - Received Configuration change notification from Ratis. New Peer list:
[id: "omNode-3"
address: "localhost:15023"
startupRole: FOLLOWER
, id: "omNode-1"
address: "localhost:15015"
startupRole: FOLLOWER
, id: "omNode-2"
address: "localhost:15019"
startupRole: FOLLOWER
]
2024-08-03 20:05:11,508 [grpc-default-executor-0] INFO  impl.SnapshotInstallationHandler (SnapshotInstallationHandler.java:installSnapshot(103)) - omNode-bootstrap-2@group-0AAC5367B30E: reply installSnapshot: omNode-1<-omNode-bootstrap-2#0:FAIL-t1,IN_PROGRESS,snapshotIndex=0
2024-08-03 20:05:11,508 [grpc-default-executor-0] INFO  server.GrpcServerProtocolService (GrpcServerProtocolService.java:onCompleted(157)) - omNode-bootstrap-2: Completed INSTALL_SNAPSHOT, lastRequest: omNode-1->omNode-bootstrap-2#0-t1,notify:(t:1, i:0)
2024-08-03 20:05:11,508 [grpc-default-executor-0] INFO  server.GrpcServerProtocolService (GrpcServerProtocolService.java:lambda$onCompleted$5(159)) - omNode-bootstrap-2: Completed INSTALL_SNAPSHOT, lastReply: null
2024-08-03 20:05:11,509 [omNode-bootstrap-2-server-thread1] INFO  server.RaftServer$Division (RaftServerImpl.java:checkInconsistentAppendEntries(1629)) - omNode-bootstrap-2@group-0AAC5367B30E: Failed appendEntries as snapshot (0) installation is in progress
2024-08-03 20:05:11,509 [omNode-bootstrap-2-server-thread1] INFO  server.RaftServer$Division (RaftServerImpl.java:appendEntriesAsync(1584)) - omNode-bootstrap-2@group-0AAC5367B30E: appendEntries* reply omNode-1<-omNode-bootstrap-2#251:FAIL-t1,INCONSISTENCY,nextIndex=0,followerCommit=-1,matchIndex=-1
2024-08-03 20:05:11,510 [grpc-default-executor-0] INFO  impl.SnapshotInstallationHandler (SnapshotInstallationHandler.java:installSnapshot(92)) - omNode-bootstrap-2@group-0AAC5367B30E: receive installSnapshot: omNode-1->omNode-bootstrap-2#0-t1,notify:(t:1, i:0)
2024-08-03 20:05:11,510 [grpc-default-executor-0] INFO  impl.SnapshotInstallationHandler (SnapshotInstallationHandler.java:installSnapshotImpl(138)) - omNode-bootstrap-2@group-0AAC5367B30E: set new configuration configurationEntry {
  peers {
    id: "omNode-3"
    address: "localhost:15023"
    startupRole: FOLLOWER
  }
  peers {
    id: "omNode-1"
    address: "localhost:15015"
    startupRole: FOLLOWER
  }
  peers {
    id: "omNode-2"
    address: "localhost:15019"
    startupRole: FOLLOWER
  }
}
 from snapshot
2024-08-03 20:05:11,510 [grpc-default-executor-0] INFO  server.RaftServer$Division (ServerState.java:setRaftConf(386)) - omNode-bootstrap-2@group-0AAC5367B30E: set configuration conf: {index: 0, cur=peers:[omNode-3|localhost:15023, omNode-1|localhost:15015, omNode-2|localhost:15019]|listeners:[], old=null}
2024-08-03 20:05:11,516 [grpc-default-executor-0] INFO  ratis.OzoneManagerStateMachine (OzoneManagerStateMachine.java:notifyConfigurationChanged(216)) - Received Configuration change notification from Ratis. New Peer list:
[id: "omNode-3"
address: "localhost:15023"
startupRole: FOLLOWER
, id: "omNode-1"
address: "localhost:15015"
startupRole: FOLLOWER
, id: "omNode-2"
address: "localhost:15019"
startupRole: FOLLOWER
]
2024-08-03 20:05:11,516 [grpc-default-executor-0] INFO  impl.SnapshotInstallationHandler (SnapshotInstallationHandler.java:installSnapshot(103)) - omNode-bootstrap-2@group-0AAC5367B30E: reply installSnapshot: omNode-1<-omNode-bootstrap-2#0:FAIL-t1,IN_PROGRESS,snapshotIndex=0
2024-08-03 20:05:11,516 [grpc-default-executor-0] INFO  server.GrpcServerProtocolService (GrpcServerProtocolService.java:onCompleted(157)) - omNode-bootstrap-2: Completed INSTALL_SNAPSHOT, lastRequest: omNode-1->omNode-bootstrap-2#0-t1,notify:(t:1, i:0)
2024-08-03 20:05:11,516 [grpc-default-executor-0] INFO  server.GrpcServerProtocolService (GrpcServerProtocolService.java:lambda$onCompleted$5(159)) - omNode-bootstrap-2: Completed INSTALL_SNAPSHOT, lastReply: null
2024-08-03 20:05:11,517 [omNode-bootstrap-2-server-thread1] INFO  server.RaftServer$Division (RaftServerImpl.java:checkInconsistentAppendEntries(1629)) - omNode-bootstrap-2@group-0AAC5367B30E: Failed appendEntries as snapshot (0) installation is in progress
2024-08-03 20:05:11,517 [omNode-bootstrap-2-server-thread1] INFO  server.RaftServer$Division (RaftServerImpl.java:appendEntriesAsync(1584)) - omNode-bootstrap-2@group-0AAC5367B30E: appendEntries* reply omNode-1<-omNode-bootstrap-2#252:FAIL-t1,INCONSISTENCY,nextIndex=0,followerCommit=-1,matchIndex=-1
2024-08-03 20:05:11,518 [grpc-default-executor-0] INFO  impl.SnapshotInstallationHandler (SnapshotInstallationHandler.java:installSnapshot(92)) - omNode-bootstrap-2@group-0AAC5367B30E: receive installSnapshot: omNode-1->omNode-bootstrap-2#0-t1,notify:(t:1, i:0)
2024-08-03 20:05:11,519 [grpc-default-executor-0] INFO  impl.SnapshotInstallationHandler (SnapshotInstallationHandler.java:installSnapshotImpl(138)) - omNode-bootstrap-2@group-0AAC5367B30E: set new configuration configurationEntry {
  peers {
    id: "omNode-3"
    address: "localhost:15023"
    startupRole: FOLLOWER
  }
  peers {
    id: "omNode-1"
    address: "localhost:15015"
    startupRole: FOLLOWER
  }
  peers {
    id: "omNode-2"
    address: "localhost:15019"
    startupRole: FOLLOWER
  }
}
 from snapshot
2024-08-03 20:05:11,519 [grpc-default-executor-0] INFO  server.RaftServer$Division (ServerState.java:setRaftConf(386)) - omNode-bootstrap-2@group-0AAC5367B30E: set configuration conf: {index: 0, cur=peers:[omNode-3|localhost:15023, omNode-1|localhost:15015, omNode-2|localhost:15019]|listeners:[], old=null}
2024-08-03 20:05:11,520 [grpc-default-executor-0] INFO  ratis.OzoneManagerStateMachine (OzoneManagerStateMachine.java:notifyConfigurationChanged(216)) - Received Configuration change notification from Ratis. New Peer list:
[id: "omNode-3"
address: "localhost:15023"
startupRole: FOLLOWER
, id: "omNode-1"
address: "localhost:15015"
startupRole: FOLLOWER
, id: "omNode-2"
address: "localhost:15019"
startupRole: FOLLOWER
]
2024-08-03 20:05:11,520 [grpc-default-executor-0] INFO  impl.SnapshotInstallationHandler (SnapshotInstallationHandler.java:installSnapshot(103)) - omNode-bootstrap-2@group-0AAC5367B30E: reply installSnapshot: omNode-1<-omNode-bootstrap-2#0:FAIL-t1,IN_PROGRESS,snapshotIndex=0
2024-08-03 20:05:11,521 [grpc-default-executor-0] INFO  server.GrpcServerProtocolService (GrpcServerProtocolService.java:onCompleted(157)) - omNode-bootstrap-2: Completed INSTALL_SNAPSHOT, lastRequest: omNode-1->omNode-bootstrap-2#0-t1,notify:(t:1, i:0)
2024-08-03 20:05:11,521 [grpc-default-executor-0] INFO  server.GrpcServerProtocolService (GrpcServerProtocolService.java:lambda$onCompleted$5(159)) - omNode-bootstrap-2: Completed INSTALL_SNAPSHOT, lastReply: null
2024-08-03 20:05:11,522 [omNode-bootstrap-2-server-thread1] INFO  server.RaftServer$Division (RaftServerImpl.java:checkInconsistentAppendEntries(1629)) - omNode-bootstrap-2@group-0AAC5367B30E: Failed appendEntries as snapshot (0) installation is in progress
2024-08-03 20:05:11,522 [omNode-bootstrap-2-server-thread1] INFO  server.RaftServer$Division (RaftServerImpl.java:appendEntriesAsync(1584)) - omNode-bootstrap-2@group-0AAC5367B30E: appendEntries* reply omNode-1<-omNode-bootstrap-2#253:FAIL-t1,INCONSISTENCY,nextIndex=0,followerCommit=-1,matchIndex=-1
2024-08-03 20:05:11,523 [grpc-default-executor-5] INFO  impl.SnapshotInstallationHandler (SnapshotInstallationHandler.java:installSnapshot(92)) - omNode-bootstrap-2@group-0AAC5367B30E: receive installSnapshot: omNode-1->omNode-bootstrap-2#0-t1,notify:(t:1, i:0)
2024-08-03 20:05:11,523 [grpc-default-executor-5] INFO  impl.SnapshotInstallationHandler (SnapshotInstallationHandler.java:installSnapshotImpl(138)) - omNode-bootstrap-2@group-0AAC5367B30E: set new configuration configurationEntry {
  peers {
    id: "omNode-3"
    address: "localhost:15023"
    startupRole: FOLLOWER
  }
  peers {
    id: "omNode-1"
    address: "localhost:15015"
    startupRole: FOLLOWER
  }
  peers {
    id: "omNode-2"
    address: "localhost:15019"
    startupRole: FOLLOWER
  }
}
 from snapshot
2024-08-03 20:05:11,523 [grpc-default-executor-5] INFO  server.RaftServer$Division (ServerState.java:setRaftConf(386)) - omNode-bootstrap-2@group-0AAC5367B30E: set configuration conf: {index: 0, cur=peers:[omNode-3|localhost:15023, omNode-1|localhost:15015, omNode-2|localhost:15019]|listeners:[], old=null}
2024-08-03 20:05:11,524 [grpc-default-executor-5] INFO  ratis.OzoneManagerStateMachine (OzoneManagerStateMachine.java:notifyConfigurationChanged(216)) - Received Configuration change notification from Ratis. New Peer list:
[id: "omNode-3"
address: "localhost:15023"
startupRole: FOLLOWER
, id: "omNode-1"
address: "localhost:15015"
startupRole: FOLLOWER
, id: "omNode-2"
address: "localhost:15019"
startupRole: FOLLOWER
]
2024-08-03 20:05:11,524 [grpc-default-executor-5] INFO  impl.SnapshotInstallationHandler (SnapshotInstallationHandler.java:installSnapshot(103)) - omNode-bootstrap-2@group-0AAC5367B30E: reply installSnapshot: omNode-1<-omNode-bootstrap-2#0:FAIL-t1,IN_PROGRESS,snapshotIndex=0
2024-08-03 20:05:11,524 [grpc-default-executor-5] INFO  server.GrpcServerProtocolService (GrpcServerProtocolService.java:onCompleted(157)) - omNode-bootstrap-2: Completed INSTALL_SNAPSHOT, lastRequest: omNode-1->omNode-bootstrap-2#0-t1,notify:(t:1, i:0)
2024-08-03 20:05:11,524 [grpc-default-executor-5] INFO  server.GrpcServerProtocolService (GrpcServerProtocolService.java:lambda$onCompleted$5(159)) - omNode-bootstrap-2: Completed INSTALL_SNAPSHOT, lastReply: null
2024-08-03 20:05:11,525 [omNode-bootstrap-2-server-thread1] INFO  server.RaftServer$Division (RaftServerImpl.java:checkInconsistentAppendEntries(1629)) - omNode-bootstrap-2@group-0AAC5367B30E: Failed appendEntries as snapshot (0) installation is in progress
2024-08-03 20:05:11,525 [omNode-bootstrap-2-server-thread1] INFO  server.RaftServer$Division (RaftServerImpl.java:appendEntriesAsync(1584)) - omNode-bootstrap-2@group-0AAC5367B30E: appendEntries* reply omNode-1<-omNode-bootstrap-2#254:FAIL-t1,INCONSISTENCY,nextIndex=0,followerCommit=-1,matchIndex=-1
2024-08-03 20:05:11,527 [grpc-default-executor-0] INFO  impl.SnapshotInstallationHandler (SnapshotInstallationHandler.java:installSnapshot(92)) - omNode-bootstrap-2@group-0AAC5367B30E: receive installSnapshot: omNode-1->omNode-bootstrap-2#0-t1,notify:(t:1, i:0)
2024-08-03 20:05:11,527 [grpc-default-executor-0] INFO  impl.SnapshotInstallationHandler (SnapshotInstallationHandler.java:installSnapshotImpl(138)) - omNode-bootstrap-2@group-0AAC5367B30E: set new configuration configurationEntry {
  peers {
    id: "omNode-3"
    address: "localhost:15023"
    startupRole: FOLLOWER
  }
  peers {
    id: "omNode-1"
    address: "localhost:15015"
    startupRole: FOLLOWER
  }
  peers {
    id: "omNode-2"
    address: "localhost:15019"
    startupRole: FOLLOWER
  }
}
 from snapshot
2024-08-03 20:05:11,527 [grpc-default-executor-0] INFO  server.RaftServer$Division (ServerState.java:setRaftConf(386)) - omNode-bootstrap-2@group-0AAC5367B30E: set configuration conf: {index: 0, cur=peers:[omNode-3|localhost:15023, omNode-1|localhost:15015, omNode-2|localhost:15019]|listeners:[], old=null}
2024-08-03 20:05:11,529 [grpc-default-executor-0] INFO  ratis.OzoneManagerStateMachine (OzoneManagerStateMachine.java:notifyConfigurationChanged(216)) - Received Configuration change notification from Ratis. New Peer list:
[id: "omNode-3"
address: "localhost:15023"
startupRole: FOLLOWER
, id: "omNode-1"
address: "localhost:15015"
startupRole: FOLLOWER
, id: "omNode-2"
address: "localhost:15019"
startupRole: FOLLOWER
]
2024-08-03 20:05:11,529 [grpc-default-executor-0] INFO  impl.SnapshotInstallationHandler (SnapshotInstallationHandler.java:installSnapshot(103)) - omNode-bootstrap-2@group-0AAC5367B30E: reply installSnapshot: omNode-1<-omNode-bootstrap-2#0:FAIL-t1,IN_PROGRESS,snapshotIndex=0
2024-08-03 20:05:11,529 [grpc-default-executor-0] INFO  server.GrpcServerProtocolService (GrpcServerProtocolService.java:onCompleted(157)) - omNode-bootstrap-2: Completed INSTALL_SNAPSHOT, lastRequest: omNode-1->omNode-bootstrap-2#0-t1,notify:(t:1, i:0)
2024-08-03 20:05:11,529 [grpc-default-executor-0] INFO  server.GrpcServerProtocolService (GrpcServerProtocolService.java:lambda$onCompleted$5(159)) - omNode-bootstrap-2: Completed INSTALL_SNAPSHOT, lastReply: null
2024-08-03 20:05:11,530 [omNode-bootstrap-2-server-thread1] INFO  server.RaftServer$Division (RaftServerImpl.java:checkInconsistentAppendEntries(1629)) - omNode-bootstrap-2@group-0AAC5367B30E: Failed appendEntries as snapshot (0) installation is in progress
2024-08-03 20:05:11,531 [omNode-bootstrap-2-server-thread1] INFO  server.RaftServer$Division (RaftServerImpl.java:appendEntriesAsync(1584)) - omNode-bootstrap-2@group-0AAC5367B30E: appendEntries* reply omNode-1<-omNode-bootstrap-2#255:FAIL-t1,INCONSISTENCY,nextIndex=0,followerCommit=-1,matchIndex=-1
2024-08-03 20:05:11,532 [grpc-default-executor-0] INFO  impl.SnapshotInstallationHandler (SnapshotInstallationHandler.java:installSnapshot(92)) - omNode-bootstrap-2@group-0AAC5367B30E: receive installSnapshot: omNode-1->omNode-bootstrap-2#0-t1,notify:(t:1, i:0)
2024-08-03 20:05:11,532 [grpc-default-executor-0] INFO  impl.SnapshotInstallationHandler (SnapshotInstallationHandler.java:installSnapshotImpl(138)) - omNode-bootstrap-2@group-0AAC5367B30E: set new configuration configurationEntry {
  peers {
    id: "omNode-3"
    address: "localhost:15023"
    startupRole: FOLLOWER
  }
  peers {
    id: "omNode-1"
    address: "localhost:15015"
    startupRole: FOLLOWER
  }
  peers {
    id: "omNode-2"
    address: "localhost:15019"
    startupRole: FOLLOWER
  }
}
 from snapshot
2024-08-03 20:05:11,532 [grpc-default-executor-0] INFO  server.RaftServer$Division (ServerState.java:setRaftConf(386)) - omNode-bootstrap-2@group-0AAC5367B30E: set configuration conf: {index: 0, cur=peers:[omNode-3|localhost:15023, omNode-1|localhost:15015, omNode-2|localhost:15019]|listeners:[], old=null}
2024-08-03 20:05:11,534 [grpc-default-executor-0] INFO  ratis.OzoneManagerStateMachine (OzoneManagerStateMachine.java:notifyConfigurationChanged(216)) - Received Configuration change notification from Ratis. New Peer list:
[id: "omNode-3"
address: "localhost:15023"
startupRole: FOLLOWER
, id: "omNode-1"
address: "localhost:15015"
startupRole: FOLLOWER
, id: "omNode-2"
address: "localhost:15019"
startupRole: FOLLOWER
]
2024-08-03 20:05:11,534 [grpc-default-executor-0] INFO  impl.SnapshotInstallationHandler (SnapshotInstallationHandler.java:installSnapshot(103)) - omNode-bootstrap-2@group-0AAC5367B30E: reply installSnapshot: omNode-1<-omNode-bootstrap-2#0:FAIL-t1,IN_PROGRESS,snapshotIndex=0
2024-08-03 20:05:11,534 [grpc-default-executor-0] INFO  server.GrpcServerProtocolService (GrpcServerProtocolService.java:onCompleted(157)) - omNode-bootstrap-2: Completed INSTALL_SNAPSHOT, lastRequest: omNode-1->omNode-bootstrap-2#0-t1,notify:(t:1, i:0)
2024-08-03 20:05:11,534 [grpc-default-executor-0] INFO  server.GrpcServerProtocolService (GrpcServerProtocolService.java:lambda$onCompleted$5(159)) - omNode-bootstrap-2: Completed INSTALL_SNAPSHOT, lastReply: null
2024-08-03 20:05:11,535 [omNode-bootstrap-2-server-thread1] INFO  server.RaftServer$Division (RaftServerImpl.java:checkInconsistentAppendEntries(1629)) - omNode-bootstrap-2@group-0AAC5367B30E: Failed appendEntries as snapshot (0) installation is in progress
2024-08-03 20:05:11,535 [omNode-bootstrap-2-server-thread1] INFO  server.RaftServer$Division (RaftServerImpl.java:appendEntriesAsync(1584)) - omNode-bootstrap-2@group-0AAC5367B30E: appendEntries* reply omNode-1<-omNode-bootstrap-2#256:FAIL-t1,INCONSISTENCY,nextIndex=0,followerCommit=-1,matchIndex=-1
2024-08-03 20:05:11,536 [grpc-default-executor-0] INFO  impl.SnapshotInstallationHandler (SnapshotInstallationHandler.java:installSnapshot(92)) - omNode-bootstrap-2@group-0AAC5367B30E: receive installSnapshot: omNode-1->omNode-bootstrap-2#0-t1,notify:(t:1, i:0)
2024-08-03 20:05:11,536 [grpc-default-executor-0] INFO  impl.SnapshotInstallationHandler (SnapshotInstallationHandler.java:installSnapshotImpl(138)) - omNode-bootstrap-2@group-0AAC5367B30E: set new configuration configurationEntry {
  peers {
    id: "omNode-3"
    address: "localhost:15023"
    startupRole: FOLLOWER
  }
  peers {
    id: "omNode-1"
    address: "localhost:15015"
    startupRole: FOLLOWER
  }
  peers {
    id: "omNode-2"
    address: "localhost:15019"
    startupRole: FOLLOWER
  }
}
 from snapshot
2024-08-03 20:05:11,536 [grpc-default-executor-0] INFO  server.RaftServer$Division (ServerState.java:setRaftConf(386)) - omNode-bootstrap-2@group-0AAC5367B30E: set configuration conf: {index: 0, cur=peers:[omNode-3|localhost:15023, omNode-1|localhost:15015, omNode-2|localhost:15019]|listeners:[], old=null}
2024-08-03 20:05:11,538 [grpc-default-executor-0] INFO  ratis.OzoneManagerStateMachine (OzoneManagerStateMachine.java:notifyConfigurationChanged(216)) - Received Configuration change notification from Ratis. New Peer list:
[id: "omNode-3"
address: "localhost:15023"
startupRole: FOLLOWER
, id: "omNode-1"
address: "localhost:15015"
startupRole: FOLLOWER
, id: "omNode-2"
address: "localhost:15019"
startupRole: FOLLOWER
]
2024-08-03 20:05:11,538 [grpc-default-executor-0] INFO  impl.SnapshotInstallationHandler (SnapshotInstallationHandler.java:installSnapshot(103)) - omNode-bootstrap-2@group-0AAC5367B30E: reply installSnapshot: omNode-1<-omNode-bootstrap-2#0:FAIL-t1,IN_PROGRESS,snapshotIndex=0
2024-08-03 20:05:11,538 [grpc-default-executor-0] INFO  server.GrpcServerProtocolService (GrpcServerProtocolService.java:onCompleted(157)) - omNode-bootstrap-2: Completed INSTALL_SNAPSHOT, lastRequest: omNode-1->omNode-bootstrap-2#0-t1,notify:(t:1, i:0)
2024-08-03 20:05:11,538 [grpc-default-executor-0] INFO  server.GrpcServerProtocolService (GrpcServerProtocolService.java:lambda$onCompleted$5(159)) - omNode-bootstrap-2: Completed INSTALL_SNAPSHOT, lastReply: null
2024-08-03 20:05:11,539 [omNode-bootstrap-2-server-thread1] INFO  server.RaftServer$Division (RaftServerImpl.java:checkInconsistentAppendEntries(1629)) - omNode-bootstrap-2@group-0AAC5367B30E: Failed appendEntries as snapshot (0) installation is in progress
2024-08-03 20:05:11,539 [omNode-bootstrap-2-server-thread1] INFO  server.RaftServer$Division (RaftServerImpl.java:appendEntriesAsync(1584)) - omNode-bootstrap-2@group-0AAC5367B30E: appendEntries* reply omNode-1<-omNode-bootstrap-2#257:FAIL-t1,INCONSISTENCY,nextIndex=0,followerCommit=-1,matchIndex=-1
2024-08-03 20:05:11,540 [grpc-default-executor-5] INFO  impl.SnapshotInstallationHandler (SnapshotInstallationHandler.java:installSnapshot(92)) - omNode-bootstrap-2@group-0AAC5367B30E: receive installSnapshot: omNode-1->omNode-bootstrap-2#0-t1,notify:(t:1, i:0)
2024-08-03 20:05:11,541 [grpc-default-executor-5] INFO  impl.SnapshotInstallationHandler (SnapshotInstallationHandler.java:installSnapshotImpl(138)) - omNode-bootstrap-2@group-0AAC5367B30E: set new configuration configurationEntry {
  peers {
    id: "omNode-3"
    address: "localhost:15023"
    startupRole: FOLLOWER
  }
  peers {
    id: "omNode-1"
    address: "localhost:15015"
    startupRole: FOLLOWER
  }
  peers {
    id: "omNode-2"
    address: "localhost:15019"
    startupRole: FOLLOWER
  }
}
 from snapshot
2024-08-03 20:05:11,541 [grpc-default-executor-5] INFO  server.RaftServer$Division (ServerState.java:setRaftConf(386)) - omNode-bootstrap-2@group-0AAC5367B30E: set configuration conf: {index: 0, cur=peers:[omNode-3|localhost:15023, omNode-1|localhost:15015, omNode-2|localhost:15019]|listeners:[], old=null}
2024-08-03 20:05:11,542 [grpc-default-executor-5] INFO  ratis.OzoneManagerStateMachine (OzoneManagerStateMachine.java:notifyConfigurationChanged(216)) - Received Configuration change notification from Ratis. New Peer list:
[id: "omNode-3"
address: "localhost:15023"
startupRole: FOLLOWER
, id: "omNode-1"
address: "localhost:15015"
startupRole: FOLLOWER
, id: "omNode-2"
address: "localhost:15019"
startupRole: FOLLOWER
]
2024-08-03 20:05:11,542 [grpc-default-executor-5] INFO  impl.SnapshotInstallationHandler (SnapshotInstallationHandler.java:installSnapshot(103)) - omNode-bootstrap-2@group-0AAC5367B30E: reply installSnapshot: omNode-1<-omNode-bootstrap-2#0:FAIL-t1,IN_PROGRESS,snapshotIndex=0
2024-08-03 20:05:11,542 [grpc-default-executor-5] INFO  server.GrpcServerProtocolService (GrpcServerProtocolService.java:onCompleted(157)) - omNode-bootstrap-2: Completed INSTALL_SNAPSHOT, lastRequest: omNode-1->omNode-bootstrap-2#0-t1,notify:(t:1, i:0)
2024-08-03 20:05:11,542 [grpc-default-executor-5] INFO  server.GrpcServerProtocolService (GrpcServerProtocolService.java:lambda$onCompleted$5(159)) - omNode-bootstrap-2: Completed INSTALL_SNAPSHOT, lastReply: null
2024-08-03 20:05:11,544 [omNode-bootstrap-2-server-thread1] INFO  server.RaftServer$Division (RaftServerImpl.java:checkInconsistentAppendEntries(1629)) - omNode-bootstrap-2@group-0AAC5367B30E: Failed appendEntries as snapshot (0) installation is in progress
2024-08-03 20:05:11,544 [omNode-bootstrap-2-server-thread1] INFO  server.RaftServer$Division (RaftServerImpl.java:appendEntriesAsync(1584)) - omNode-bootstrap-2@group-0AAC5367B30E: appendEntries* reply omNode-1<-omNode-bootstrap-2#258:FAIL-t1,INCONSISTENCY,nextIndex=0,followerCommit=-1,matchIndex=-1
2024-08-03 20:05:11,544 [grpc-default-executor-3] INFO  impl.SnapshotInstallationHandler (SnapshotInstallationHandler.java:installSnapshot(92)) - omNode-bootstrap-2@group-0AAC5367B30E: receive installSnapshot: omNode-1->omNode-bootstrap-2#0-t1,notify:(t:1, i:0)
2024-08-03 20:05:11,544 [grpc-default-executor-3] INFO  impl.SnapshotInstallationHandler (SnapshotInstallationHandler.java:installSnapshotImpl(138)) - omNode-bootstrap-2@group-0AAC5367B30E: set new configuration configurationEntry {
  peers {
    id: "omNode-3"
    address: "localhost:15023"
    startupRole: FOLLOWER
  }
  peers {
    id: "omNode-1"
    address: "localhost:15015"
    startupRole: FOLLOWER
  }
  peers {
    id: "omNode-2"
    address: "localhost:15019"
    startupRole: FOLLOWER
  }
}
 from snapshot
2024-08-03 20:05:11,544 [grpc-default-executor-3] INFO  server.RaftServer$Division (ServerState.java:setRaftConf(386)) - omNode-bootstrap-2@group-0AAC5367B30E: set configuration conf: {index: 0, cur=peers:[omNode-3|localhost:15023, omNode-1|localhost:15015, omNode-2|localhost:15019]|listeners:[], old=null}
2024-08-03 20:05:11,546 [grpc-default-executor-3] INFO  ratis.OzoneManagerStateMachine (OzoneManagerStateMachine.java:notifyConfigurationChanged(216)) - Received Configuration change notification from Ratis. New Peer list:
[id: "omNode-3"
address: "localhost:15023"
startupRole: FOLLOWER
, id: "omNode-1"
address: "localhost:15015"
startupRole: FOLLOWER
, id: "omNode-2"
address: "localhost:15019"
startupRole: FOLLOWER
]
2024-08-03 20:05:11,546 [grpc-default-executor-3] INFO  impl.SnapshotInstallationHandler (SnapshotInstallationHandler.java:installSnapshot(103)) - omNode-bootstrap-2@group-0AAC5367B30E: reply installSnapshot: omNode-1<-omNode-bootstrap-2#0:FAIL-t1,IN_PROGRESS,snapshotIndex=0
2024-08-03 20:05:11,546 [grpc-default-executor-3] INFO  server.GrpcServerProtocolService (GrpcServerProtocolService.java:onCompleted(157)) - omNode-bootstrap-2: Completed INSTALL_SNAPSHOT, lastRequest: omNode-1->omNode-bootstrap-2#0-t1,notify:(t:1, i:0)
2024-08-03 20:05:11,546 [grpc-default-executor-3] INFO  server.GrpcServerProtocolService (GrpcServerProtocolService.java:lambda$onCompleted$5(159)) - omNode-bootstrap-2: Completed INSTALL_SNAPSHOT, lastReply: null
2024-08-03 20:05:11,547 [omNode-bootstrap-2-server-thread1] INFO  server.RaftServer$Division (RaftServerImpl.java:checkInconsistentAppendEntries(1629)) - omNode-bootstrap-2@group-0AAC5367B30E: Failed appendEntries as snapshot (0) installation is in progress
2024-08-03 20:05:11,547 [omNode-bootstrap-2-server-thread1] INFO  server.RaftServer$Division (RaftServerImpl.java:appendEntriesAsync(1584)) - omNode-bootstrap-2@group-0AAC5367B30E: appendEntries* reply omNode-1<-omNode-bootstrap-2#259:FAIL-t1,INCONSISTENCY,nextIndex=0,followerCommit=-1,matchIndex=-1
2024-08-03 20:05:11,548 [grpc-default-executor-0] INFO  impl.SnapshotInstallationHandler (SnapshotInstallationHandler.java:installSnapshot(92)) - omNode-bootstrap-2@group-0AAC5367B30E: receive installSnapshot: omNode-1->omNode-bootstrap-2#0-t1,notify:(t:1, i:0)
2024-08-03 20:05:11,548 [grpc-default-executor-0] INFO  impl.SnapshotInstallationHandler (SnapshotInstallationHandler.java:installSnapshotImpl(138)) - omNode-bootstrap-2@group-0AAC5367B30E: set new configuration configurationEntry {
  peers {
    id: "omNode-3"
    address: "localhost:15023"
    startupRole: FOLLOWER
  }
  peers {
    id: "omNode-1"
    address: "localhost:15015"
    startupRole: FOLLOWER
  }
  peers {
    id: "omNode-2"
    address: "localhost:15019"
    startupRole: FOLLOWER
  }
}
 from snapshot
2024-08-03 20:05:11,548 [grpc-default-executor-0] INFO  server.RaftServer$Division (ServerState.java:setRaftConf(386)) - omNode-bootstrap-2@group-0AAC5367B30E: set configuration conf: {index: 0, cur=peers:[omNode-3|localhost:15023, omNode-1|localhost:15015, omNode-2|localhost:15019]|listeners:[], old=null}
2024-08-03 20:05:11,554 [grpc-default-executor-0] INFO  ratis.OzoneManagerStateMachine (OzoneManagerStateMachine.java:notifyConfigurationChanged(216)) - Received Configuration change notification from Ratis. New Peer list:
[id: "omNode-3"
address: "localhost:15023"
startupRole: FOLLOWER
, id: "omNode-1"
address: "localhost:15015"
startupRole: FOLLOWER
, id: "omNode-2"
address: "localhost:15019"
startupRole: FOLLOWER
]
2024-08-03 20:05:11,575 [grpc-default-executor-0] INFO  impl.SnapshotInstallationHandler (SnapshotInstallationHandler.java:installSnapshot(103)) - omNode-bootstrap-2@group-0AAC5367B30E: reply installSnapshot: omNode-1<-omNode-bootstrap-2#0:FAIL-t1,IN_PROGRESS,snapshotIndex=0
2024-08-03 20:05:11,575 [grpc-default-executor-0] INFO  server.GrpcServerProtocolService (GrpcServerProtocolService.java:onCompleted(157)) - omNode-bootstrap-2: Completed INSTALL_SNAPSHOT, lastRequest: omNode-1->omNode-bootstrap-2#0-t1,notify:(t:1, i:0)
2024-08-03 20:05:11,575 [grpc-default-executor-0] INFO  server.GrpcServerProtocolService (GrpcServerProtocolService.java:lambda$onCompleted$5(159)) - omNode-bootstrap-2: Completed INSTALL_SNAPSHOT, lastReply: null
2024-08-03 20:05:11,577 [omNode-bootstrap-2-server-thread1] INFO  server.RaftServer$Division (RaftServerImpl.java:checkInconsistentAppendEntries(1629)) - omNode-bootstrap-2@group-0AAC5367B30E: Failed appendEntries as snapshot (0) installation is in progress
2024-08-03 20:05:11,577 [omNode-bootstrap-2-server-thread1] INFO  server.RaftServer$Division (RaftServerImpl.java:appendEntriesAsync(1584)) - omNode-bootstrap-2@group-0AAC5367B30E: appendEntries* reply omNode-1<-omNode-bootstrap-2#260:FAIL-t1,INCONSISTENCY,nextIndex=0,followerCommit=-1,matchIndex=-1
2024-08-03 20:05:11,578 [grpc-default-executor-3] INFO  impl.SnapshotInstallationHandler (SnapshotInstallationHandler.java:installSnapshot(92)) - omNode-bootstrap-2@group-0AAC5367B30E: receive installSnapshot: omNode-1->omNode-bootstrap-2#0-t1,notify:(t:1, i:0)
2024-08-03 20:05:11,578 [grpc-default-executor-3] INFO  impl.SnapshotInstallationHandler (SnapshotInstallationHandler.java:installSnapshotImpl(138)) - omNode-bootstrap-2@group-0AAC5367B30E: set new configuration configurationEntry {
  peers {
    id: "omNode-3"
    address: "localhost:15023"
    startupRole: FOLLOWER
  }
  peers {
    id: "omNode-1"
    address: "localhost:15015"
    startupRole: FOLLOWER
  }
  peers {
    id: "omNode-2"
    address: "localhost:15019"
    startupRole: FOLLOWER
  }
}
 from snapshot
2024-08-03 20:05:11,578 [grpc-default-executor-3] INFO  server.RaftServer$Division (ServerState.java:setRaftConf(386)) - omNode-bootstrap-2@group-0AAC5367B30E: set configuration conf: {index: 0, cur=peers:[omNode-3|localhost:15023, omNode-1|localhost:15015, omNode-2|localhost:15019]|listeners:[], old=null}
2024-08-03 20:05:11,580 [grpc-default-executor-3] INFO  ratis.OzoneManagerStateMachine (OzoneManagerStateMachine.java:notifyConfigurationChanged(216)) - Received Configuration change notification from Ratis. New Peer list:
[id: "omNode-3"
address: "localhost:15023"
startupRole: FOLLOWER
, id: "omNode-1"
address: "localhost:15015"
startupRole: FOLLOWER
, id: "omNode-2"
address: "localhost:15019"
startupRole: FOLLOWER
]
2024-08-03 20:05:11,580 [grpc-default-executor-3] INFO  impl.SnapshotInstallationHandler (SnapshotInstallationHandler.java:installSnapshot(103)) - omNode-bootstrap-2@group-0AAC5367B30E: reply installSnapshot: omNode-1<-omNode-bootstrap-2#0:FAIL-t1,IN_PROGRESS,snapshotIndex=0
2024-08-03 20:05:11,580 [grpc-default-executor-3] INFO  server.GrpcServerProtocolService (GrpcServerProtocolService.java:onCompleted(157)) - omNode-bootstrap-2: Completed INSTALL_SNAPSHOT, lastRequest: omNode-1->omNode-bootstrap-2#0-t1,notify:(t:1, i:0)
2024-08-03 20:05:11,580 [grpc-default-executor-3] INFO  server.GrpcServerProtocolService (GrpcServerProtocolService.java:lambda$onCompleted$5(159)) - omNode-bootstrap-2: Completed INSTALL_SNAPSHOT, lastReply: null
2024-08-03 20:05:11,581 [omNode-bootstrap-2-server-thread1] INFO  server.RaftServer$Division (RaftServerImpl.java:checkInconsistentAppendEntries(1629)) - omNode-bootstrap-2@group-0AAC5367B30E: Failed appendEntries as snapshot (0) installation is in progress
2024-08-03 20:05:11,581 [omNode-bootstrap-2-server-thread1] INFO  server.RaftServer$Division (RaftServerImpl.java:appendEntriesAsync(1584)) - omNode-bootstrap-2@group-0AAC5367B30E: appendEntries* reply omNode-1<-omNode-bootstrap-2#261:FAIL-t1,INCONSISTENCY,nextIndex=0,followerCommit=-1,matchIndex=-1
2024-08-03 20:05:11,581 [grpc-default-executor-5] INFO  impl.SnapshotInstallationHandler (SnapshotInstallationHandler.java:installSnapshot(92)) - omNode-bootstrap-2@group-0AAC5367B30E: receive installSnapshot: omNode-1->omNode-bootstrap-2#0-t1,notify:(t:1, i:0)
2024-08-03 20:05:11,582 [grpc-default-executor-5] INFO  impl.SnapshotInstallationHandler (SnapshotInstallationHandler.java:installSnapshotImpl(138)) - omNode-bootstrap-2@group-0AAC5367B30E: set new configuration configurationEntry {
  peers {
    id: "omNode-3"
    address: "localhost:15023"
    startupRole: FOLLOWER
  }
  peers {
    id: "omNode-1"
    address: "localhost:15015"
    startupRole: FOLLOWER
  }
  peers {
    id: "omNode-2"
    address: "localhost:15019"
    startupRole: FOLLOWER
  }
}
 from snapshot
2024-08-03 20:05:11,582 [grpc-default-executor-5] INFO  server.RaftServer$Division (ServerState.java:setRaftConf(386)) - omNode-bootstrap-2@group-0AAC5367B30E: set configuration conf: {index: 0, cur=peers:[omNode-3|localhost:15023, omNode-1|localhost:15015, omNode-2|localhost:15019]|listeners:[], old=null}
2024-08-03 20:05:11,583 [grpc-default-executor-5] INFO  ratis.OzoneManagerStateMachine (OzoneManagerStateMachine.java:notifyConfigurationChanged(216)) - Received Configuration change notification from Ratis. New Peer list:
[id: "omNode-3"
address: "localhost:15023"
startupRole: FOLLOWER
, id: "omNode-1"
address: "localhost:15015"
startupRole: FOLLOWER
, id: "omNode-2"
address: "localhost:15019"
startupRole: FOLLOWER
]
2024-08-03 20:05:11,583 [grpc-default-executor-5] INFO  impl.SnapshotInstallationHandler (SnapshotInstallationHandler.java:installSnapshot(103)) - omNode-bootstrap-2@group-0AAC5367B30E: reply installSnapshot: omNode-1<-omNode-bootstrap-2#0:FAIL-t1,IN_PROGRESS,snapshotIndex=0
2024-08-03 20:05:11,583 [grpc-default-executor-5] INFO  server.GrpcServerProtocolService (GrpcServerProtocolService.java:onCompleted(157)) - omNode-bootstrap-2: Completed INSTALL_SNAPSHOT, lastRequest: omNode-1->omNode-bootstrap-2#0-t1,notify:(t:1, i:0)
2024-08-03 20:05:11,583 [grpc-default-executor-5] INFO  server.GrpcServerProtocolService (GrpcServerProtocolService.java:lambda$onCompleted$5(159)) - omNode-bootstrap-2: Completed INSTALL_SNAPSHOT, lastReply: null
2024-08-03 20:05:11,584 [omNode-bootstrap-2-server-thread1] INFO  server.RaftServer$Division (RaftServerImpl.java:checkInconsistentAppendEntries(1629)) - omNode-bootstrap-2@group-0AAC5367B30E: Failed appendEntries as snapshot (0) installation is in progress
2024-08-03 20:05:11,584 [omNode-bootstrap-2-server-thread1] INFO  server.RaftServer$Division (RaftServerImpl.java:appendEntriesAsync(1584)) - omNode-bootstrap-2@group-0AAC5367B30E: appendEntries* reply omNode-1<-omNode-bootstrap-2#262:FAIL-t1,INCONSISTENCY,nextIndex=0,followerCommit=-1,matchIndex=-1
2024-08-03 20:05:11,585 [grpc-default-executor-0] INFO  impl.SnapshotInstallationHandler (SnapshotInstallationHandler.java:installSnapshot(92)) - omNode-bootstrap-2@group-0AAC5367B30E: receive installSnapshot: omNode-1->omNode-bootstrap-2#0-t1,notify:(t:1, i:0)
2024-08-03 20:05:11,586 [grpc-default-executor-0] INFO  impl.SnapshotInstallationHandler (SnapshotInstallationHandler.java:installSnapshotImpl(138)) - omNode-bootstrap-2@group-0AAC5367B30E: set new configuration configurationEntry {
  peers {
    id: "omNode-3"
    address: "localhost:15023"
    startupRole: FOLLOWER
  }
  peers {
    id: "omNode-1"
    address: "localhost:15015"
    startupRole: FOLLOWER
  }
  peers {
    id: "omNode-2"
    address: "localhost:15019"
    startupRole: FOLLOWER
  }
}
 from snapshot
2024-08-03 20:05:11,586 [grpc-default-executor-0] INFO  server.RaftServer$Division (ServerState.java:setRaftConf(386)) - omNode-bootstrap-2@group-0AAC5367B30E: set configuration conf: {index: 0, cur=peers:[omNode-3|localhost:15023, omNode-1|localhost:15015, omNode-2|localhost:15019]|listeners:[], old=null}
2024-08-03 20:05:11,587 [grpc-default-executor-0] INFO  ratis.OzoneManagerStateMachine (OzoneManagerStateMachine.java:notifyConfigurationChanged(216)) - Received Configuration change notification from Ratis. New Peer list:
[id: "omNode-3"
address: "localhost:15023"
startupRole: FOLLOWER
, id: "omNode-1"
address: "localhost:15015"
startupRole: FOLLOWER
, id: "omNode-2"
address: "localhost:15019"
startupRole: FOLLOWER
]
2024-08-03 20:05:11,588 [grpc-default-executor-0] INFO  impl.SnapshotInstallationHandler (SnapshotInstallationHandler.java:installSnapshot(103)) - omNode-bootstrap-2@group-0AAC5367B30E: reply installSnapshot: omNode-1<-omNode-bootstrap-2#0:FAIL-t1,IN_PROGRESS,snapshotIndex=0
2024-08-03 20:05:11,588 [grpc-default-executor-0] INFO  server.GrpcServerProtocolService (GrpcServerProtocolService.java:onCompleted(157)) - omNode-bootstrap-2: Completed INSTALL_SNAPSHOT, lastRequest: omNode-1->omNode-bootstrap-2#0-t1,notify:(t:1, i:0)
2024-08-03 20:05:11,588 [grpc-default-executor-0] INFO  server.GrpcServerProtocolService (GrpcServerProtocolService.java:lambda$onCompleted$5(159)) - omNode-bootstrap-2: Completed INSTALL_SNAPSHOT, lastReply: null
2024-08-03 20:05:11,588 [omNode-bootstrap-2-server-thread1] INFO  server.RaftServer$Division (RaftServerImpl.java:checkInconsistentAppendEntries(1629)) - omNode-bootstrap-2@group-0AAC5367B30E: Failed appendEntries as snapshot (0) installation is in progress
2024-08-03 20:05:11,589 [omNode-bootstrap-2-server-thread1] INFO  server.RaftServer$Division (RaftServerImpl.java:appendEntriesAsync(1584)) - omNode-bootstrap-2@group-0AAC5367B30E: appendEntries* reply omNode-1<-omNode-bootstrap-2#263:FAIL-t1,INCONSISTENCY,nextIndex=0,followerCommit=-1,matchIndex=-1
2024-08-03 20:05:11,590 [grpc-default-executor-5] INFO  impl.SnapshotInstallationHandler (SnapshotInstallationHandler.java:installSnapshot(92)) - omNode-bootstrap-2@group-0AAC5367B30E: receive installSnapshot: omNode-1->omNode-bootstrap-2#0-t1,notify:(t:1, i:0)
2024-08-03 20:05:11,590 [grpc-default-executor-5] INFO  impl.SnapshotInstallationHandler (SnapshotInstallationHandler.java:installSnapshotImpl(138)) - omNode-bootstrap-2@group-0AAC5367B30E: set new configuration configurationEntry {
  peers {
    id: "omNode-3"
    address: "localhost:15023"
    startupRole: FOLLOWER
  }
  peers {
    id: "omNode-1"
    address: "localhost:15015"
    startupRole: FOLLOWER
  }
  peers {
    id: "omNode-2"
    address: "localhost:15019"
    startupRole: FOLLOWER
  }
}
 from snapshot
2024-08-03 20:05:11,590 [grpc-default-executor-5] INFO  server.RaftServer$Division (ServerState.java:setRaftConf(386)) - omNode-bootstrap-2@group-0AAC5367B30E: set configuration conf: {index: 0, cur=peers:[omNode-3|localhost:15023, omNode-1|localhost:15015, omNode-2|localhost:15019]|listeners:[], old=null}
2024-08-03 20:05:11,591 [grpc-default-executor-5] INFO  ratis.OzoneManagerStateMachine (OzoneManagerStateMachine.java:notifyConfigurationChanged(216)) - Received Configuration change notification from Ratis. New Peer list:
[id: "omNode-3"
address: "localhost:15023"
startupRole: FOLLOWER
, id: "omNode-1"
address: "localhost:15015"
startupRole: FOLLOWER
, id: "omNode-2"
address: "localhost:15019"
startupRole: FOLLOWER
]
2024-08-03 20:05:11,591 [grpc-default-executor-5] INFO  impl.SnapshotInstallationHandler (SnapshotInstallationHandler.java:installSnapshot(103)) - omNode-bootstrap-2@group-0AAC5367B30E: reply installSnapshot: omNode-1<-omNode-bootstrap-2#0:FAIL-t1,IN_PROGRESS,snapshotIndex=0
2024-08-03 20:05:11,592 [grpc-default-executor-5] INFO  server.GrpcServerProtocolService (GrpcServerProtocolService.java:onCompleted(157)) - omNode-bootstrap-2: Completed INSTALL_SNAPSHOT, lastRequest: omNode-1->omNode-bootstrap-2#0-t1,notify:(t:1, i:0)
2024-08-03 20:05:11,592 [grpc-default-executor-5] INFO  server.GrpcServerProtocolService (GrpcServerProtocolService.java:lambda$onCompleted$5(159)) - omNode-bootstrap-2: Completed INSTALL_SNAPSHOT, lastReply: null
2024-08-03 20:05:11,592 [omNode-bootstrap-2-server-thread1] INFO  server.RaftServer$Division (RaftServerImpl.java:checkInconsistentAppendEntries(1629)) - omNode-bootstrap-2@group-0AAC5367B30E: Failed appendEntries as snapshot (0) installation is in progress
2024-08-03 20:05:11,592 [omNode-bootstrap-2-server-thread1] INFO  server.RaftServer$Division (RaftServerImpl.java:appendEntriesAsync(1584)) - omNode-bootstrap-2@group-0AAC5367B30E: appendEntries* reply omNode-1<-omNode-bootstrap-2#264:FAIL-t1,INCONSISTENCY,nextIndex=0,followerCommit=-1,matchIndex=-1
2024-08-03 20:05:11,593 [grpc-default-executor-0] INFO  impl.SnapshotInstallationHandler (SnapshotInstallationHandler.java:installSnapshot(92)) - omNode-bootstrap-2@group-0AAC5367B30E: receive installSnapshot: omNode-1->omNode-bootstrap-2#0-t1,notify:(t:1, i:0)
2024-08-03 20:05:11,594 [grpc-default-executor-0] INFO  impl.SnapshotInstallationHandler (SnapshotInstallationHandler.java:installSnapshotImpl(138)) - omNode-bootstrap-2@group-0AAC5367B30E: set new configuration configurationEntry {
  peers {
    id: "omNode-3"
    address: "localhost:15023"
    startupRole: FOLLOWER
  }
  peers {
    id: "omNode-1"
    address: "localhost:15015"
    startupRole: FOLLOWER
  }
  peers {
    id: "omNode-2"
    address: "localhost:15019"
    startupRole: FOLLOWER
  }
}
 from snapshot
2024-08-03 20:05:11,594 [grpc-default-executor-0] INFO  server.RaftServer$Division (ServerState.java:setRaftConf(386)) - omNode-bootstrap-2@group-0AAC5367B30E: set configuration conf: {index: 0, cur=peers:[omNode-3|localhost:15023, omNode-1|localhost:15015, omNode-2|localhost:15019]|listeners:[], old=null}
2024-08-03 20:05:11,595 [grpc-default-executor-0] INFO  ratis.OzoneManagerStateMachine (OzoneManagerStateMachine.java:notifyConfigurationChanged(216)) - Received Configuration change notification from Ratis. New Peer list:
[id: "omNode-3"
address: "localhost:15023"
startupRole: FOLLOWER
, id: "omNode-1"
address: "localhost:15015"
startupRole: FOLLOWER
, id: "omNode-2"
address: "localhost:15019"
startupRole: FOLLOWER
]
2024-08-03 20:05:11,595 [grpc-default-executor-0] INFO  impl.SnapshotInstallationHandler (SnapshotInstallationHandler.java:installSnapshot(103)) - omNode-bootstrap-2@group-0AAC5367B30E: reply installSnapshot: omNode-1<-omNode-bootstrap-2#0:FAIL-t1,IN_PROGRESS,snapshotIndex=0
2024-08-03 20:05:11,595 [grpc-default-executor-0] INFO  server.GrpcServerProtocolService (GrpcServerProtocolService.java:onCompleted(157)) - omNode-bootstrap-2: Completed INSTALL_SNAPSHOT, lastRequest: omNode-1->omNode-bootstrap-2#0-t1,notify:(t:1, i:0)
2024-08-03 20:05:11,596 [grpc-default-executor-0] INFO  server.GrpcServerProtocolService (GrpcServerProtocolService.java:lambda$onCompleted$5(159)) - omNode-bootstrap-2: Completed INSTALL_SNAPSHOT, lastReply: null
2024-08-03 20:05:11,597 [omNode-bootstrap-2-server-thread1] INFO  server.RaftServer$Division (RaftServerImpl.java:checkInconsistentAppendEntries(1629)) - omNode-bootstrap-2@group-0AAC5367B30E: Failed appendEntries as snapshot (0) installation is in progress
2024-08-03 20:05:11,597 [omNode-bootstrap-2-server-thread1] INFO  server.RaftServer$Division (RaftServerImpl.java:appendEntriesAsync(1584)) - omNode-bootstrap-2@group-0AAC5367B30E: appendEntries* reply omNode-1<-omNode-bootstrap-2#265:FAIL-t1,INCONSISTENCY,nextIndex=0,followerCommit=-1,matchIndex=-1
2024-08-03 20:05:11,597 [grpc-default-executor-3] INFO  impl.SnapshotInstallationHandler (SnapshotInstallationHandler.java:installSnapshot(92)) - omNode-bootstrap-2@group-0AAC5367B30E: receive installSnapshot: omNode-1->omNode-bootstrap-2#0-t1,notify:(t:1, i:0)
2024-08-03 20:05:11,597 [grpc-default-executor-3] INFO  impl.SnapshotInstallationHandler (SnapshotInstallationHandler.java:installSnapshotImpl(138)) - omNode-bootstrap-2@group-0AAC5367B30E: set new configuration configurationEntry {
  peers {
    id: "omNode-3"
    address: "localhost:15023"
    startupRole: FOLLOWER
  }
  peers {
    id: "omNode-1"
    address: "localhost:15015"
    startupRole: FOLLOWER
  }
  peers {
    id: "omNode-2"
    address: "localhost:15019"
    startupRole: FOLLOWER
  }
}
 from snapshot
2024-08-03 20:05:11,597 [grpc-default-executor-3] INFO  server.RaftServer$Division (ServerState.java:setRaftConf(386)) - omNode-bootstrap-2@group-0AAC5367B30E: set configuration conf: {index: 0, cur=peers:[omNode-3|localhost:15023, omNode-1|localhost:15015, omNode-2|localhost:15019]|listeners:[], old=null}
2024-08-03 20:05:11,599 [grpc-default-executor-3] INFO  ratis.OzoneManagerStateMachine (OzoneManagerStateMachine.java:notifyConfigurationChanged(216)) - Received Configuration change notification from Ratis. New Peer list:
[id: "omNode-3"
address: "localhost:15023"
startupRole: FOLLOWER
, id: "omNode-1"
address: "localhost:15015"
startupRole: FOLLOWER
, id: "omNode-2"
address: "localhost:15019"
startupRole: FOLLOWER
]
2024-08-03 20:05:11,599 [grpc-default-executor-3] INFO  impl.SnapshotInstallationHandler (SnapshotInstallationHandler.java:installSnapshot(103)) - omNode-bootstrap-2@group-0AAC5367B30E: reply installSnapshot: omNode-1<-omNode-bootstrap-2#0:FAIL-t1,IN_PROGRESS,snapshotIndex=0
2024-08-03 20:05:11,599 [grpc-default-executor-3] INFO  server.GrpcServerProtocolService (GrpcServerProtocolService.java:onCompleted(157)) - omNode-bootstrap-2: Completed INSTALL_SNAPSHOT, lastRequest: omNode-1->omNode-bootstrap-2#0-t1,notify:(t:1, i:0)
2024-08-03 20:05:11,599 [grpc-default-executor-3] INFO  server.GrpcServerProtocolService (GrpcServerProtocolService.java:lambda$onCompleted$5(159)) - omNode-bootstrap-2: Completed INSTALL_SNAPSHOT, lastReply: null
2024-08-03 20:05:11,600 [omNode-bootstrap-2-server-thread1] INFO  server.RaftServer$Division (RaftServerImpl.java:checkInconsistentAppendEntries(1629)) - omNode-bootstrap-2@group-0AAC5367B30E: Failed appendEntries as snapshot (0) installation is in progress
2024-08-03 20:05:11,600 [omNode-bootstrap-2-server-thread1] INFO  server.RaftServer$Division (RaftServerImpl.java:appendEntriesAsync(1584)) - omNode-bootstrap-2@group-0AAC5367B30E: appendEntries* reply omNode-1<-omNode-bootstrap-2#266:FAIL-t1,INCONSISTENCY,nextIndex=0,followerCommit=-1,matchIndex=-1
2024-08-03 20:05:11,601 [grpc-default-executor-5] INFO  impl.SnapshotInstallationHandler (SnapshotInstallationHandler.java:installSnapshot(92)) - omNode-bootstrap-2@group-0AAC5367B30E: receive installSnapshot: omNode-1->omNode-bootstrap-2#0-t1,notify:(t:1, i:0)
2024-08-03 20:05:11,601 [grpc-default-executor-5] INFO  impl.SnapshotInstallationHandler (SnapshotInstallationHandler.java:installSnapshotImpl(138)) - omNode-bootstrap-2@group-0AAC5367B30E: set new configuration configurationEntry {
  peers {
    id: "omNode-3"
    address: "localhost:15023"
    startupRole: FOLLOWER
  }
  peers {
    id: "omNode-1"
    address: "localhost:15015"
    startupRole: FOLLOWER
  }
  peers {
    id: "omNode-2"
    address: "localhost:15019"
    startupRole: FOLLOWER
  }
}
 from snapshot
2024-08-03 20:05:11,601 [grpc-default-executor-5] INFO  server.RaftServer$Division (ServerState.java:setRaftConf(386)) - omNode-bootstrap-2@group-0AAC5367B30E: set configuration conf: {index: 0, cur=peers:[omNode-3|localhost:15023, omNode-1|localhost:15015, omNode-2|localhost:15019]|listeners:[], old=null}
2024-08-03 20:05:11,603 [grpc-default-executor-5] INFO  ratis.OzoneManagerStateMachine (OzoneManagerStateMachine.java:notifyConfigurationChanged(216)) - Received Configuration change notification from Ratis. New Peer list:
[id: "omNode-3"
address: "localhost:15023"
startupRole: FOLLOWER
, id: "omNode-1"
address: "localhost:15015"
startupRole: FOLLOWER
, id: "omNode-2"
address: "localhost:15019"
startupRole: FOLLOWER
]
2024-08-03 20:05:11,603 [grpc-default-executor-5] INFO  impl.SnapshotInstallationHandler (SnapshotInstallationHandler.java:installSnapshot(103)) - omNode-bootstrap-2@group-0AAC5367B30E: reply installSnapshot: omNode-1<-omNode-bootstrap-2#0:FAIL-t1,IN_PROGRESS,snapshotIndex=0
2024-08-03 20:05:11,604 [grpc-default-executor-5] INFO  server.GrpcServerProtocolService (GrpcServerProtocolService.java:onCompleted(157)) - omNode-bootstrap-2: Completed INSTALL_SNAPSHOT, lastRequest: omNode-1->omNode-bootstrap-2#0-t1,notify:(t:1, i:0)
2024-08-03 20:05:11,604 [grpc-default-executor-5] INFO  server.GrpcServerProtocolService (GrpcServerProtocolService.java:lambda$onCompleted$5(159)) - omNode-bootstrap-2: Completed INSTALL_SNAPSHOT, lastReply: null
2024-08-03 20:05:11,604 [omNode-bootstrap-2-server-thread1] INFO  server.RaftServer$Division (RaftServerImpl.java:checkInconsistentAppendEntries(1629)) - omNode-bootstrap-2@group-0AAC5367B30E: Failed appendEntries as snapshot (0) installation is in progress
2024-08-03 20:05:11,604 [omNode-bootstrap-2-server-thread1] INFO  server.RaftServer$Division (RaftServerImpl.java:appendEntriesAsync(1584)) - omNode-bootstrap-2@group-0AAC5367B30E: appendEntries* reply omNode-1<-omNode-bootstrap-2#267:FAIL-t1,INCONSISTENCY,nextIndex=0,followerCommit=-1,matchIndex=-1
2024-08-03 20:05:11,605 [grpc-default-executor-5] INFO  impl.SnapshotInstallationHandler (SnapshotInstallationHandler.java:installSnapshot(92)) - omNode-bootstrap-2@group-0AAC5367B30E: receive installSnapshot: omNode-1->omNode-bootstrap-2#0-t1,notify:(t:1, i:0)
2024-08-03 20:05:11,605 [grpc-default-executor-5] INFO  impl.SnapshotInstallationHandler (SnapshotInstallationHandler.java:installSnapshotImpl(138)) - omNode-bootstrap-2@group-0AAC5367B30E: set new configuration configurationEntry {
  peers {
    id: "omNode-3"
    address: "localhost:15023"
    startupRole: FOLLOWER
  }
  peers {
    id: "omNode-1"
    address: "localhost:15015"
    startupRole: FOLLOWER
  }
  peers {
    id: "omNode-2"
    address: "localhost:15019"
    startupRole: FOLLOWER
  }
}
 from snapshot
2024-08-03 20:05:11,606 [grpc-default-executor-5] INFO  server.RaftServer$Division (ServerState.java:setRaftConf(386)) - omNode-bootstrap-2@group-0AAC5367B30E: set configuration conf: {index: 0, cur=peers:[omNode-3|localhost:15023, omNode-1|localhost:15015, omNode-2|localhost:15019]|listeners:[], old=null}
2024-08-03 20:05:11,608 [grpc-default-executor-5] INFO  ratis.OzoneManagerStateMachine (OzoneManagerStateMachine.java:notifyConfigurationChanged(216)) - Received Configuration change notification from Ratis. New Peer list:
[id: "omNode-3"
address: "localhost:15023"
startupRole: FOLLOWER
, id: "omNode-1"
address: "localhost:15015"
startupRole: FOLLOWER
, id: "omNode-2"
address: "localhost:15019"
startupRole: FOLLOWER
]
2024-08-03 20:05:11,608 [grpc-default-executor-5] INFO  impl.SnapshotInstallationHandler (SnapshotInstallationHandler.java:installSnapshot(103)) - omNode-bootstrap-2@group-0AAC5367B30E: reply installSnapshot: omNode-1<-omNode-bootstrap-2#0:FAIL-t1,IN_PROGRESS,snapshotIndex=0
2024-08-03 20:05:11,609 [grpc-default-executor-5] INFO  server.GrpcServerProtocolService (GrpcServerProtocolService.java:onCompleted(157)) - omNode-bootstrap-2: Completed INSTALL_SNAPSHOT, lastRequest: omNode-1->omNode-bootstrap-2#0-t1,notify:(t:1, i:0)
2024-08-03 20:05:11,609 [grpc-default-executor-5] INFO  server.GrpcServerProtocolService (GrpcServerProtocolService.java:lambda$onCompleted$5(159)) - omNode-bootstrap-2: Completed INSTALL_SNAPSHOT, lastReply: null
2024-08-03 20:05:11,609 [omNode-bootstrap-2-server-thread1] INFO  server.RaftServer$Division (RaftServerImpl.java:checkInconsistentAppendEntries(1629)) - omNode-bootstrap-2@group-0AAC5367B30E: Failed appendEntries as snapshot (0) installation is in progress
2024-08-03 20:05:11,609 [omNode-bootstrap-2-server-thread1] INFO  server.RaftServer$Division (RaftServerImpl.java:appendEntriesAsync(1584)) - omNode-bootstrap-2@group-0AAC5367B30E: appendEntries* reply omNode-1<-omNode-bootstrap-2#268:FAIL-t1,INCONSISTENCY,nextIndex=0,followerCommit=-1,matchIndex=-1
2024-08-03 20:05:11,610 [grpc-default-executor-0] INFO  impl.SnapshotInstallationHandler (SnapshotInstallationHandler.java:installSnapshot(92)) - omNode-bootstrap-2@group-0AAC5367B30E: receive installSnapshot: omNode-1->omNode-bootstrap-2#0-t1,notify:(t:1, i:0)
2024-08-03 20:05:11,610 [grpc-default-executor-0] INFO  impl.SnapshotInstallationHandler (SnapshotInstallationHandler.java:installSnapshotImpl(138)) - omNode-bootstrap-2@group-0AAC5367B30E: set new configuration configurationEntry {
  peers {
    id: "omNode-3"
    address: "localhost:15023"
    startupRole: FOLLOWER
  }
  peers {
    id: "omNode-1"
    address: "localhost:15015"
    startupRole: FOLLOWER
  }
  peers {
    id: "omNode-2"
    address: "localhost:15019"
    startupRole: FOLLOWER
  }
}
 from snapshot
2024-08-03 20:05:11,610 [grpc-default-executor-0] INFO  server.RaftServer$Division (ServerState.java:setRaftConf(386)) - omNode-bootstrap-2@group-0AAC5367B30E: set configuration conf: {index: 0, cur=peers:[omNode-3|localhost:15023, omNode-1|localhost:15015, omNode-2|localhost:15019]|listeners:[], old=null}
2024-08-03 20:05:11,612 [grpc-default-executor-0] INFO  ratis.OzoneManagerStateMachine (OzoneManagerStateMachine.java:notifyConfigurationChanged(216)) - Received Configuration change notification from Ratis. New Peer list:
[id: "omNode-3"
address: "localhost:15023"
startupRole: FOLLOWER
, id: "omNode-1"
address: "localhost:15015"
startupRole: FOLLOWER
, id: "omNode-2"
address: "localhost:15019"
startupRole: FOLLOWER
]
2024-08-03 20:05:11,612 [grpc-default-executor-0] INFO  impl.SnapshotInstallationHandler (SnapshotInstallationHandler.java:installSnapshot(103)) - omNode-bootstrap-2@group-0AAC5367B30E: reply installSnapshot: omNode-1<-omNode-bootstrap-2#0:FAIL-t1,IN_PROGRESS,snapshotIndex=0
2024-08-03 20:05:11,612 [grpc-default-executor-0] INFO  server.GrpcServerProtocolService (GrpcServerProtocolService.java:onCompleted(157)) - omNode-bootstrap-2: Completed INSTALL_SNAPSHOT, lastRequest: omNode-1->omNode-bootstrap-2#0-t1,notify:(t:1, i:0)
2024-08-03 20:05:11,612 [grpc-default-executor-0] INFO  server.GrpcServerProtocolService (GrpcServerProtocolService.java:lambda$onCompleted$5(159)) - omNode-bootstrap-2: Completed INSTALL_SNAPSHOT, lastReply: null
2024-08-03 20:05:11,613 [omNode-bootstrap-2-server-thread1] INFO  server.RaftServer$Division (RaftServerImpl.java:checkInconsistentAppendEntries(1629)) - omNode-bootstrap-2@group-0AAC5367B30E: Failed appendEntries as snapshot (0) installation is in progress
2024-08-03 20:05:11,613 [omNode-bootstrap-2-server-thread1] INFO  server.RaftServer$Division (RaftServerImpl.java:appendEntriesAsync(1584)) - omNode-bootstrap-2@group-0AAC5367B30E: appendEntries* reply omNode-1<-omNode-bootstrap-2#269:FAIL-t1,INCONSISTENCY,nextIndex=0,followerCommit=-1,matchIndex=-1
2024-08-03 20:05:11,614 [grpc-default-executor-5] INFO  impl.SnapshotInstallationHandler (SnapshotInstallationHandler.java:installSnapshot(92)) - omNode-bootstrap-2@group-0AAC5367B30E: receive installSnapshot: omNode-1->omNode-bootstrap-2#0-t1,notify:(t:1, i:0)
2024-08-03 20:05:11,614 [grpc-default-executor-5] INFO  impl.SnapshotInstallationHandler (SnapshotInstallationHandler.java:installSnapshotImpl(138)) - omNode-bootstrap-2@group-0AAC5367B30E: set new configuration configurationEntry {
  peers {
    id: "omNode-3"
    address: "localhost:15023"
    startupRole: FOLLOWER
  }
  peers {
    id: "omNode-1"
    address: "localhost:15015"
    startupRole: FOLLOWER
  }
  peers {
    id: "omNode-2"
    address: "localhost:15019"
    startupRole: FOLLOWER
  }
}
 from snapshot
2024-08-03 20:05:11,614 [grpc-default-executor-5] INFO  server.RaftServer$Division (ServerState.java:setRaftConf(386)) - omNode-bootstrap-2@group-0AAC5367B30E: set configuration conf: {index: 0, cur=peers:[omNode-3|localhost:15023, omNode-1|localhost:15015, omNode-2|localhost:15019]|listeners:[], old=null}
2024-08-03 20:05:11,616 [grpc-default-executor-5] INFO  ratis.OzoneManagerStateMachine (OzoneManagerStateMachine.java:notifyConfigurationChanged(216)) - Received Configuration change notification from Ratis. New Peer list:
[id: "omNode-3"
address: "localhost:15023"
startupRole: FOLLOWER
, id: "omNode-1"
address: "localhost:15015"
startupRole: FOLLOWER
, id: "omNode-2"
address: "localhost:15019"
startupRole: FOLLOWER
]
2024-08-03 20:05:11,616 [grpc-default-executor-5] INFO  impl.SnapshotInstallationHandler (SnapshotInstallationHandler.java:installSnapshot(103)) - omNode-bootstrap-2@group-0AAC5367B30E: reply installSnapshot: omNode-1<-omNode-bootstrap-2#0:FAIL-t1,IN_PROGRESS,snapshotIndex=0
2024-08-03 20:05:11,617 [grpc-default-executor-5] INFO  server.GrpcServerProtocolService (GrpcServerProtocolService.java:onCompleted(157)) - omNode-bootstrap-2: Completed INSTALL_SNAPSHOT, lastRequest: omNode-1->omNode-bootstrap-2#0-t1,notify:(t:1, i:0)
2024-08-03 20:05:11,617 [grpc-default-executor-5] INFO  server.GrpcServerProtocolService (GrpcServerProtocolService.java:lambda$onCompleted$5(159)) - omNode-bootstrap-2: Completed INSTALL_SNAPSHOT, lastReply: null
2024-08-03 20:05:11,618 [omNode-bootstrap-2-server-thread1] INFO  server.RaftServer$Division (RaftServerImpl.java:checkInconsistentAppendEntries(1629)) - omNode-bootstrap-2@group-0AAC5367B30E: Failed appendEntries as snapshot (0) installation is in progress
2024-08-03 20:05:11,618 [omNode-bootstrap-2-server-thread1] INFO  server.RaftServer$Division (RaftServerImpl.java:appendEntriesAsync(1584)) - omNode-bootstrap-2@group-0AAC5367B30E: appendEntries* reply omNode-1<-omNode-bootstrap-2#270:FAIL-t1,INCONSISTENCY,nextIndex=0,followerCommit=-1,matchIndex=-1
2024-08-03 20:05:11,618 [grpc-default-executor-3] INFO  impl.SnapshotInstallationHandler (SnapshotInstallationHandler.java:installSnapshot(92)) - omNode-bootstrap-2@group-0AAC5367B30E: receive installSnapshot: omNode-1->omNode-bootstrap-2#0-t1,notify:(t:1, i:0)
2024-08-03 20:05:11,618 [grpc-default-executor-3] INFO  impl.SnapshotInstallationHandler (SnapshotInstallationHandler.java:installSnapshotImpl(138)) - omNode-bootstrap-2@group-0AAC5367B30E: set new configuration configurationEntry {
  peers {
    id: "omNode-3"
    address: "localhost:15023"
    startupRole: FOLLOWER
  }
  peers {
    id: "omNode-1"
    address: "localhost:15015"
    startupRole: FOLLOWER
  }
  peers {
    id: "omNode-2"
    address: "localhost:15019"
    startupRole: FOLLOWER
  }
}
 from snapshot
2024-08-03 20:05:11,618 [grpc-default-executor-3] INFO  server.RaftServer$Division (ServerState.java:setRaftConf(386)) - omNode-bootstrap-2@group-0AAC5367B30E: set configuration conf: {index: 0, cur=peers:[omNode-3|localhost:15023, omNode-1|localhost:15015, omNode-2|localhost:15019]|listeners:[], old=null}
2024-08-03 20:05:11,620 [grpc-default-executor-3] INFO  ratis.OzoneManagerStateMachine (OzoneManagerStateMachine.java:notifyConfigurationChanged(216)) - Received Configuration change notification from Ratis. New Peer list:
[id: "omNode-3"
address: "localhost:15023"
startupRole: FOLLOWER
, id: "omNode-1"
address: "localhost:15015"
startupRole: FOLLOWER
, id: "omNode-2"
address: "localhost:15019"
startupRole: FOLLOWER
]
2024-08-03 20:05:11,620 [grpc-default-executor-3] INFO  impl.SnapshotInstallationHandler (SnapshotInstallationHandler.java:installSnapshot(103)) - omNode-bootstrap-2@group-0AAC5367B30E: reply installSnapshot: omNode-1<-omNode-bootstrap-2#0:FAIL-t1,IN_PROGRESS,snapshotIndex=0
2024-08-03 20:05:11,620 [grpc-default-executor-3] INFO  server.GrpcServerProtocolService (GrpcServerProtocolService.java:onCompleted(157)) - omNode-bootstrap-2: Completed INSTALL_SNAPSHOT, lastRequest: omNode-1->omNode-bootstrap-2#0-t1,notify:(t:1, i:0)
2024-08-03 20:05:11,620 [grpc-default-executor-3] INFO  server.GrpcServerProtocolService (GrpcServerProtocolService.java:lambda$onCompleted$5(159)) - omNode-bootstrap-2: Completed INSTALL_SNAPSHOT, lastReply: null
2024-08-03 20:05:11,621 [omNode-bootstrap-2-server-thread1] INFO  server.RaftServer$Division (RaftServerImpl.java:checkInconsistentAppendEntries(1629)) - omNode-bootstrap-2@group-0AAC5367B30E: Failed appendEntries as snapshot (0) installation is in progress
2024-08-03 20:05:11,621 [omNode-bootstrap-2-server-thread1] INFO  server.RaftServer$Division (RaftServerImpl.java:appendEntriesAsync(1584)) - omNode-bootstrap-2@group-0AAC5367B30E: appendEntries* reply omNode-1<-omNode-bootstrap-2#271:FAIL-t1,INCONSISTENCY,nextIndex=0,followerCommit=-1,matchIndex=-1
2024-08-03 20:05:11,621 [grpc-default-executor-5] INFO  impl.SnapshotInstallationHandler (SnapshotInstallationHandler.java:installSnapshot(92)) - omNode-bootstrap-2@group-0AAC5367B30E: receive installSnapshot: omNode-1->omNode-bootstrap-2#0-t1,notify:(t:1, i:0)
2024-08-03 20:05:11,621 [grpc-default-executor-5] INFO  impl.SnapshotInstallationHandler (SnapshotInstallationHandler.java:installSnapshotImpl(138)) - omNode-bootstrap-2@group-0AAC5367B30E: set new configuration configurationEntry {
  peers {
    id: "omNode-3"
    address: "localhost:15023"
    startupRole: FOLLOWER
  }
  peers {
    id: "omNode-1"
    address: "localhost:15015"
    startupRole: FOLLOWER
  }
  peers {
    id: "omNode-2"
    address: "localhost:15019"
    startupRole: FOLLOWER
  }
}
 from snapshot
2024-08-03 20:05:11,622 [grpc-default-executor-5] INFO  server.RaftServer$Division (ServerState.java:setRaftConf(386)) - omNode-bootstrap-2@group-0AAC5367B30E: set configuration conf: {index: 0, cur=peers:[omNode-3|localhost:15023, omNode-1|localhost:15015, omNode-2|localhost:15019]|listeners:[], old=null}
2024-08-03 20:05:11,625 [grpc-default-executor-5] INFO  ratis.OzoneManagerStateMachine (OzoneManagerStateMachine.java:notifyConfigurationChanged(216)) - Received Configuration change notification from Ratis. New Peer list:
[id: "omNode-3"
address: "localhost:15023"
startupRole: FOLLOWER
, id: "omNode-1"
address: "localhost:15015"
startupRole: FOLLOWER
, id: "omNode-2"
address: "localhost:15019"
startupRole: FOLLOWER
]
2024-08-03 20:05:11,625 [grpc-default-executor-5] INFO  impl.SnapshotInstallationHandler (SnapshotInstallationHandler.java:installSnapshot(103)) - omNode-bootstrap-2@group-0AAC5367B30E: reply installSnapshot: omNode-1<-omNode-bootstrap-2#0:FAIL-t1,IN_PROGRESS,snapshotIndex=0
2024-08-03 20:05:11,626 [grpc-default-executor-5] INFO  server.GrpcServerProtocolService (GrpcServerProtocolService.java:onCompleted(157)) - omNode-bootstrap-2: Completed INSTALL_SNAPSHOT, lastRequest: omNode-1->omNode-bootstrap-2#0-t1,notify:(t:1, i:0)
2024-08-03 20:05:11,626 [grpc-default-executor-5] INFO  server.GrpcServerProtocolService (GrpcServerProtocolService.java:lambda$onCompleted$5(159)) - omNode-bootstrap-2: Completed INSTALL_SNAPSHOT, lastReply: null
2024-08-03 20:05:11,627 [grpc-default-executor-0] INFO  impl.SnapshotInstallationHandler (SnapshotInstallationHandler.java:installSnapshot(92)) - omNode-bootstrap-2@group-0AAC5367B30E: receive installSnapshot: omNode-1->omNode-bootstrap-2#0-t1,notify:(t:1, i:0)
2024-08-03 20:05:11,627 [grpc-default-executor-0] INFO  impl.SnapshotInstallationHandler (SnapshotInstallationHandler.java:installSnapshotImpl(138)) - omNode-bootstrap-2@group-0AAC5367B30E: set new configuration configurationEntry {
  peers {
    id: "omNode-3"
    address: "localhost:15023"
    startupRole: FOLLOWER
  }
  peers {
    id: "omNode-1"
    address: "localhost:15015"
    startupRole: FOLLOWER
  }
  peers {
    id: "omNode-2"
    address: "localhost:15019"
    startupRole: FOLLOWER
  }
}
 from snapshot
2024-08-03 20:05:11,628 [grpc-default-executor-0] INFO  server.RaftServer$Division (ServerState.java:setRaftConf(386)) - omNode-bootstrap-2@group-0AAC5367B30E: set configuration conf: {index: 0, cur=peers:[omNode-3|localhost:15023, omNode-1|localhost:15015, omNode-2|localhost:15019]|listeners:[], old=null}
2024-08-03 20:05:11,628 [omNode-bootstrap-2-server-thread1] INFO  server.RaftServer$Division (RaftServerImpl.java:checkInconsistentAppendEntries(1629)) - omNode-bootstrap-2@group-0AAC5367B30E: Failed appendEntries as snapshot (0) installation is in progress
2024-08-03 20:05:11,628 [omNode-bootstrap-2-server-thread1] INFO  server.RaftServer$Division (RaftServerImpl.java:appendEntriesAsync(1584)) - omNode-bootstrap-2@group-0AAC5367B30E: appendEntries* reply omNode-1<-omNode-bootstrap-2#272:FAIL-t1,INCONSISTENCY,nextIndex=0,followerCommit=-1,matchIndex=-1
2024-08-03 20:05:11,629 [grpc-default-executor-0] INFO  ratis.OzoneManagerStateMachine (OzoneManagerStateMachine.java:notifyConfigurationChanged(216)) - Received Configuration change notification from Ratis. New Peer list:
[id: "omNode-3"
address: "localhost:15023"
startupRole: FOLLOWER
, id: "omNode-1"
address: "localhost:15015"
startupRole: FOLLOWER
, id: "omNode-2"
address: "localhost:15019"
startupRole: FOLLOWER
]
2024-08-03 20:05:11,629 [grpc-default-executor-0] INFO  impl.SnapshotInstallationHandler (SnapshotInstallationHandler.java:installSnapshot(103)) - omNode-bootstrap-2@group-0AAC5367B30E: reply installSnapshot: omNode-1<-omNode-bootstrap-2#0:FAIL-t1,IN_PROGRESS,snapshotIndex=0
2024-08-03 20:05:11,629 [grpc-default-executor-0] INFO  server.GrpcServerProtocolService (GrpcServerProtocolService.java:onCompleted(157)) - omNode-bootstrap-2: Completed INSTALL_SNAPSHOT, lastRequest: omNode-1->omNode-bootstrap-2#0-t1,notify:(t:1, i:0)
2024-08-03 20:05:11,629 [grpc-default-executor-0] INFO  server.GrpcServerProtocolService (GrpcServerProtocolService.java:lambda$onCompleted$5(159)) - omNode-bootstrap-2: Completed INSTALL_SNAPSHOT, lastReply: null
2024-08-03 20:05:11,810 [omNode-bootstrap-2-InstallSnapshotThread] INFO  reflections.Reflections (Reflections.java:scan(219)) - Reflections took 535 ms to scan 20 urls, producing 59 keys and 6664 values
2024-08-03 20:05:11,812 [omNode-bootstrap-2-InstallSnapshotThread] INFO  ipc.CallQueueManager (CallQueueManager.java:<init>(90)) - Using callQueue: class java.util.concurrent.LinkedBlockingQueue, queueCapacity: 2000, scheduler: class org.apache.hadoop.ipc.DefaultRpcScheduler, ipcBackoff: false.
2024-08-03 20:05:11,812 [omNode-bootstrap-2-InstallSnapshotThread] INFO  ipc.Server (Server.java:<init>(1287)) - Listener at localhost:15055
2024-08-03 20:05:11,813 [Socket Reader #1 for port 15055] INFO  ipc.Server (Server.java:run(1323)) - Starting Socket Reader #1 for port 15055
2024-08-03 20:05:11,825 [IPC Server Responder] INFO  ipc.Server (Server.java:run(1562)) - IPC Server Responder: starting
2024-08-03 20:05:11,825 [IPC Server listener on 15055] INFO  ipc.Server (Server.java:run(1402)) - IPC Server listener on 15055: starting
2024-08-03 20:05:11,833 [omNode-bootstrap-2-InstallSnapshotThread] INFO  om.OzoneManager (OzoneManager.java:installCheckpoint(3897)) - RPC server is re-started. Spend 561 ms.
2024-08-03 20:05:11,835 [omNode-bootstrap-2-InstallSnapshotThread] INFO  om.OzoneManager (OzoneManager.java:installCheckpoint(3924)) - Install Checkpoint is finished with Term: 1 and Index: 7. Spend 861 ms.
2024-08-03 20:05:11,835 [omNode-bootstrap-2-InstallSnapshotThread] INFO  impl.SnapshotInstallationHandler (SnapshotInstallationHandler.java:lambda$notifyStateMachineToInstallSnapshot$2(279)) - omNode-bootstrap-2@group-0AAC5367B30E: StateMachine successfully installed snapshot index 7. Reloading the StateMachine.
2024-08-03 20:05:16,065 [grpc-default-executor-3] INFO  server.GrpcServerProtocolService (GrpcServerProtocolService.java:onCompleted(157)) - omNode-bootstrap-2: Completed APPEND_ENTRIES, lastRequest: null
2024-08-03 20:05:16,065 [grpc-default-executor-3] INFO  server.GrpcServerProtocolService (GrpcServerProtocolService.java:lambda$onCompleted$5(159)) - omNode-bootstrap-2: Completed APPEND_ENTRIES, lastReply: null
2024-08-03 20:05:16,065 [grpc-default-executor-5] INFO  server.GrpcServerProtocolService (GrpcServerProtocolService.java:onCompleted(157)) - omNode-bootstrap-2: Completed APPEND_ENTRIES, lastRequest: null
2024-08-03 20:05:16,066 [grpc-default-executor-5] INFO  server.GrpcServerProtocolService (GrpcServerProtocolService.java:lambda$onCompleted$5(159)) - omNode-bootstrap-2: Completed APPEND_ENTRIES, lastReply: serverReply {
  requestorId: "omNode-1"
  replyId: "omNode-bootstrap-2"
  raftGroupId {
    id: "\a\030\3434\377\2416\274\216\232\n\254Sg\263\016"
  }
  callId: 272
}
term: 1
result: INCONSISTENCY
followerCommit: 18446744073709551615
matchIndex: 18446744073709551615
isHearbeat: true

2024-08-03 20:05:16,067 [main] ERROR om.OzoneManager (OzoneManager.java:bootstrap(1916)) - Failed to Bootstrap OM.
2024-08-03 20:05:16,075 [main] INFO  ozone.MiniOzoneClusterImpl (MiniOzoneClusterImpl.java:shutdown(396)) - Shutting down the Mini Ozone Cluster
2024-08-03 20:05:16,076 [main] INFO  db.CodecTestUtil (CodecTestUtil.java:gc(50)) - gc 0
2024-08-03 20:05:16,234 [main] INFO  ozone.MiniOzoneHAClusterImpl (MiniOzoneHAClusterImpl.java:stop(288)) - Stopping the OzoneManager omNode-3
2024-08-03 20:05:16,235 [main] INFO  om.OzoneManager (OzoneManager.java:stop(2232)) - omNode-3[localhost:15020]: Stopping Ozone Manager
2024-08-03 20:05:16,235 [main] INFO  ipc.Server (Server.java:stop(3523)) - Stopping server on 15020
2024-08-03 20:05:16,237 [IPC Server listener on 15020] INFO  ipc.Server (Server.java:run(1434)) - Stopping IPC Server listener on 15020
2024-08-03 20:05:16,237 [main] INFO  ratis.OzoneManagerRatisServer (OzoneManagerRatisServer.java:stop(600)) - Stopping org.apache.hadoop.ozone.om.ratis.OzoneManagerRatisServer@7b667c59 at port 15023
2024-08-03 20:05:16,237 [IPC Server Responder] INFO  ipc.Server (Server.java:run(1567)) - Stopping IPC Server Responder
2024-08-03 20:05:16,237 [main] INFO  server.RaftServer (RaftServerProxy.java:lambda$close$9(418)) - omNode-3: close
2024-08-03 20:05:16,238 [main] INFO  server.GrpcService (GrpcService.java:closeImpl(311)) - omNode-3: shutdown server GrpcServerProtocolService now
2024-08-03 20:05:16,238 [omNode-3-impl-thread1] INFO  server.RaftServer$Division (RaftServerImpl.java:lambda$close$1(501)) - omNode-3@group-0AAC5367B30E: shutdown
2024-08-03 20:05:16,238 [omNode-3-impl-thread1] INFO  util.JmxRegister (JmxRegister.java:unregister(74)) - Successfully un-registered JMX Bean with object name Ratis:service=RaftServer,group=group-0AAC5367B30E,id=omNode-3
2024-08-03 20:05:16,239 [omNode-3-impl-thread1] INFO  impl.RoleInfo (RoleInfo.java:shutdownFollowerState(119)) - omNode-3: shutdown omNode-3@group-0AAC5367B30E-FollowerState
2024-08-03 20:05:16,239 [omNode-3-impl-thread1] INFO  impl.StateMachineUpdater (StateMachineUpdater.java:stopAndJoin(164)) - omNode-3@group-0AAC5367B30E-StateMachineUpdater: set stopIndex = 8
2024-08-03 20:05:16,239 [omNode-3@group-0AAC5367B30E-StateMachineUpdater] INFO  ratis.OzoneManagerStateMachine (OzoneManagerStateMachine.java:takeSnapshotImpl(485)) -  applied = (t:1, i:8)
2024-08-03 20:05:16,239 [omNode-3@group-0AAC5367B30E-StateMachineUpdater] INFO  ratis.OzoneManagerStateMachine (OzoneManagerStateMachine.java:takeSnapshotImpl(486)) -  skipped = 7
2024-08-03 20:05:16,239 [omNode-3@group-0AAC5367B30E-StateMachineUpdater] INFO  ratis.OzoneManagerStateMachine (OzoneManagerStateMachine.java:takeSnapshotImpl(487)) - notified = (t:1, i:8)
2024-08-03 20:05:16,239 [omNode-3@group-0AAC5367B30E-StateMachineUpdater] INFO  ratis.OzoneManagerStateMachine (OzoneManagerStateMachine.java:takeSnapshotImpl(488)) - snapshot = (t:1, i:8)
2024-08-03 20:05:16,240 [grpc-default-executor-5] WARN  server.GrpcServerProtocolService (LogUtils.java:warn(121)) - omNode-3: APPEND_ENTRIES onError, lastRequest: null: org.apache.ratis.thirdparty.io.grpc.StatusRuntimeException: CANCELLED: client cancelled
2024-08-03 20:05:16,240 [grpc-default-executor-3] WARN  server.GrpcServerProtocolService (LogUtils.java:warn(121)) - omNode-3: APPEND_ENTRIES onError, lastRequest: omNode-1->omNode-3#1109-t1,previous=(t:1, i:7),leaderCommit=7,initializing? false,entries: size=1, first=(t:1, i:8), METADATAENTRY(c:7): org.apache.ratis.thirdparty.io.grpc.StatusRuntimeException: CANCELLED: client cancelled
2024-08-03 20:05:16,241 [omNode-3@group-0AAC5367B30E-FollowerState] INFO  impl.FollowerState (FollowerState.java:run(153)) - omNode-3@group-0AAC5367B30E-FollowerState was interrupted
2024-08-03 20:05:16,242 [main] INFO  server.GrpcService (GrpcService.java:closeImpl(320)) - omNode-3: shutdown server GrpcServerProtocolService successfully
2024-08-03 20:05:16,262 [omNode-3@group-0AAC5367B30E-StateMachineUpdater] INFO  impl.StateMachineUpdater (StateMachineUpdater.java:takeSnapshot(303)) - omNode-3@group-0AAC5367B30E-StateMachineUpdater: Took a snapshot at index 8
2024-08-03 20:05:16,262 [omNode-3@group-0AAC5367B30E-StateMachineUpdater] INFO  impl.StateMachineUpdater (StateMachineUpdater.java:lambda$new$0(102)) - omNode-3@group-0AAC5367B30E-StateMachineUpdater: snapshotIndex: updateIncreasingly -1 -> 8
2024-08-03 20:05:16,262 [omNode-3@group-0AAC5367B30E-StateMachineUpdater] INFO  impl.StateMachineUpdater (StateMachineUpdater.java:stop(141)) - omNode-3@group-0AAC5367B30E-StateMachineUpdater: closing OzoneManagerStateMachine, lastApplied=(t:1, i:8)
2024-08-03 20:05:16,262 [omNode-3@group-0AAC5367B30E-StateMachineUpdater] INFO  ratis.OzoneManagerStateMachine (OzoneManagerStateMachine.java:close(531)) - Stopping OzoneManagerStateMachine:omNode-3:group-0AAC5367B30E.
2024-08-03 20:05:16,262 [omNode-3@group-0AAC5367B30E-StateMachineUpdater] INFO  ratis.OzoneManagerDoubleBuffer (OzoneManagerDoubleBuffer.java:stopDaemon(517)) - Stopping OMDoubleBuffer flush thread
2024-08-03 20:05:16,262 [omNode-3-OMDoubleBufferFlushThread] INFO  ratis.OzoneManagerDoubleBuffer (OzoneManagerDoubleBuffer.java:canFlush(581)) - OMDoubleBuffer flush thread omNode-3-OMDoubleBufferFlushThread is interrupted and will exit.
2024-08-03 20:05:16,263 [omNode-3@group-0AAC5367B30E-cacheEviction-AwaitToRun] INFO  util.AwaitToRun (AwaitToRun.java:run(49)) - omNode-3@group-0AAC5367B30E-cacheEviction-AwaitToRun-AwaitForSignal is interrupted
2024-08-03 20:05:16,658 [omNode-3-impl-thread1] INFO  segmented.SegmentedRaftLogWorker (SegmentedRaftLogWorker.java:close(248)) - omNode-3@group-0AAC5367B30E-SegmentedRaftLogWorker close()
2024-08-03 20:05:16,659 [JvmPauseMonitor4] INFO  util.JvmPauseMonitor (JvmPauseMonitor.java:run(152)) - JvmPauseMonitor-omNode-3: Stopped
2024-08-03 20:05:16,659 [main] INFO  utils.BackgroundService (BackgroundService.java:shutdown(163)) - Shutting down service KeyDeletingService
2024-08-03 20:05:16,659 [main] INFO  utils.BackgroundService (BackgroundService.java:shutdown(163)) - Shutting down service DirectoryDeletingService
2024-08-03 20:05:16,660 [main] INFO  utils.BackgroundService (BackgroundService.java:shutdown(163)) - Shutting down service OpenKeyCleanupService
2024-08-03 20:05:16,660 [main] INFO  utils.BackgroundService (BackgroundService.java:shutdown(163)) - Shutting down service SstFilteringService
2024-08-03 20:05:16,660 [main] INFO  utils.BackgroundService (BackgroundService.java:shutdown(163)) - Shutting down service SnapshotDeletingService
2024-08-03 20:05:16,660 [main] INFO  utils.BackgroundService (BackgroundService.java:shutdown(163)) - Shutting down service MultipartUploadCleanupService
2024-08-03 20:05:16,660 [main] INFO  utils.BackgroundService (BackgroundService.java:shutdown(163)) - Shutting down service SnapshotDirectoryCleaningService
2024-08-03 20:05:16,661 [main] INFO  handler.ContextHandler (ContextHandler.java:doStop(1159)) - Stopped o.e.j.w.WebAppContext@730325d9{ozoneManager,/,null,STOPPED}{file:/home/runner/work/ozone/ozone/hadoop-ozone/integration-test/target/test-classes/webapps/ozoneManager}
2024-08-03 20:05:16,662 [main] INFO  server.AbstractConnector (AbstractConnector.java:doStop(383)) - Stopped ServerConnector@1cce63a4{HTTP/1.1, (http/1.1)}{0.0.0.0:15021}
2024-08-03 20:05:16,662 [main] INFO  server.session (HouseKeeper.java:stopScavenging(149)) - node0 Stopped scavenging
2024-08-03 20:05:16,662 [main] INFO  handler.ContextHandler (ContextHandler.java:doStop(1159)) - Stopped o.e.j.s.ServletContextHandler@58f24e38{static,/static,file:///home/runner/work/ozone/ozone/hadoop-ozone/integration-test/target/test-classes/webapps/static,STOPPED}
2024-08-03 20:05:16,662 [main] INFO  handler.ContextHandler (ContextHandler.java:doStop(1159)) - Stopped o.e.j.s.ServletContextHandler@e02f48e{logs,/logs,file:///home/runner/work/ozone/ozone/hadoop-ozone/integration-test/target/log,STOPPED}
2024-08-03 20:05:16,663 [main] INFO  rocksdiff.RocksDBCheckpointDiffer (RocksDBCheckpointDiffer.java:close(306)) - Shutting down CompactionDagPruningService.
2024-08-03 20:05:16,665 [main] INFO  snapshot.SnapshotDiffManager (SnapshotDiffManager.java:closeExecutorService(1657)) - Shutting down executorService: 'SnapDiffExecutor'
2024-08-03 20:05:16,665 [main] INFO  utils.BackgroundService (BackgroundService.java:shutdown(163)) - Shutting down service SnapshotDiffCleanupService
2024-08-03 20:05:16,666 [main] INFO  ozone.MiniOzoneHAClusterImpl (MiniOzoneHAClusterImpl.java:stop(288)) - Stopping the OzoneManager omNode-1
2024-08-03 20:05:16,666 [main] INFO  om.OzoneManager (OzoneManager.java:stop(2232)) - omNode-1[localhost:15012]: Stopping Ozone Manager
2024-08-03 20:05:16,666 [main] INFO  ipc.Server (Server.java:stop(3523)) - Stopping server on 15012
2024-08-03 20:05:16,668 [IPC Server Responder] INFO  ipc.Server (Server.java:run(1567)) - Stopping IPC Server Responder
2024-08-03 20:05:16,669 [IPC Server listener on 15012] INFO  ipc.Server (Server.java:run(1434)) - Stopping IPC Server listener on 15012
2024-08-03 20:05:16,669 [main] INFO  ratis.OzoneManagerRatisServer (OzoneManagerRatisServer.java:stop(600)) - Stopping org.apache.hadoop.ozone.om.ratis.OzoneManagerRatisServer@7166a6f7 at port 15015
2024-08-03 20:05:16,669 [main] INFO  server.RaftServer (RaftServerProxy.java:lambda$close$9(418)) - omNode-1: close
2024-08-03 20:05:16,669 [omNode-1-impl-thread1] INFO  server.RaftServer$Division (RaftServerImpl.java:lambda$close$1(501)) - omNode-1@group-0AAC5367B30E: shutdown
2024-08-03 20:05:16,669 [omNode-1-impl-thread1] INFO  util.JmxRegister (JmxRegister.java:unregister(74)) - Successfully un-registered JMX Bean with object name Ratis:service=RaftServer,group=group-0AAC5367B30E,id=omNode-1
2024-08-03 20:05:16,669 [omNode-1-impl-thread1] INFO  impl.RoleInfo (RoleInfo.java:shutdownLeaderState(103)) - omNode-1: shutdown omNode-1@group-0AAC5367B30E-LeaderStateImpl
2024-08-03 20:05:16,669 [omNode-1-impl-thread1] INFO  impl.PendingRequests (PendingRequests.java:sendNotLeaderResponses(287)) - omNode-1@group-0AAC5367B30E-PendingRequests: sendNotLeaderResponses
2024-08-03 20:05:16,670 [omNode-1-impl-thread1] INFO  impl.StateMachineUpdater (StateMachineUpdater.java:stopAndJoin(164)) - omNode-1@group-0AAC5367B30E-StateMachineUpdater: set stopIndex = 8
2024-08-03 20:05:16,670 [omNode-1@group-0AAC5367B30E-StateMachineUpdater] INFO  ratis.OzoneManagerStateMachine (OzoneManagerStateMachine.java:takeSnapshotImpl(485)) -  applied = (t:1, i:8)
2024-08-03 20:05:16,670 [omNode-1@group-0AAC5367B30E-StateMachineUpdater] INFO  ratis.OzoneManagerStateMachine (OzoneManagerStateMachine.java:takeSnapshotImpl(486)) -  skipped = 7
2024-08-03 20:05:16,670 [omNode-1@group-0AAC5367B30E-StateMachineUpdater] INFO  ratis.OzoneManagerStateMachine (OzoneManagerStateMachine.java:takeSnapshotImpl(487)) - notified = (t:1, i:8)
2024-08-03 20:05:16,670 [omNode-1@group-0AAC5367B30E-StateMachineUpdater] INFO  ratis.OzoneManagerStateMachine (OzoneManagerStateMachine.java:takeSnapshotImpl(488)) - snapshot = (t:1, i:8)
2024-08-03 20:05:16,670 [main] INFO  server.GrpcService (GrpcService.java:closeImpl(311)) - omNode-1: shutdown server GrpcServerProtocolService now
2024-08-03 20:05:16,671 [Thread-1085] INFO  server.GrpcServerProtocolClient (GrpcServerProtocolClient.java:close(103)) - omNode-bootstrap-2 Close channels
2024-08-03 20:05:16,671 [Thread-1086] INFO  server.GrpcServerProtocolClient (GrpcServerProtocolClient.java:close(103)) - omNode-3 Close channels
2024-08-03 20:05:16,671 [Thread-1088] INFO  server.GrpcServerProtocolClient (GrpcServerProtocolClient.java:close(103)) - omNode-2 Close channels
2024-08-03 20:05:16,672 [main] INFO  server.GrpcService (GrpcService.java:closeImpl(320)) - omNode-1: shutdown server GrpcServerProtocolService successfully
2024-08-03 20:05:16,677 [omNode-1@group-0AAC5367B30E-StateMachineUpdater] INFO  impl.StateMachineUpdater (StateMachineUpdater.java:takeSnapshot(303)) - omNode-1@group-0AAC5367B30E-StateMachineUpdater: Took a snapshot at index 8
2024-08-03 20:05:16,677 [omNode-1@group-0AAC5367B30E-StateMachineUpdater] INFO  impl.StateMachineUpdater (StateMachineUpdater.java:lambda$new$0(102)) - omNode-1@group-0AAC5367B30E-StateMachineUpdater: snapshotIndex: updateIncreasingly -1 -> 8
2024-08-03 20:05:16,677 [omNode-1@group-0AAC5367B30E-StateMachineUpdater] INFO  impl.StateMachineUpdater (StateMachineUpdater.java:stop(141)) - omNode-1@group-0AAC5367B30E-StateMachineUpdater: closing OzoneManagerStateMachine, lastApplied=(t:1, i:8)
2024-08-03 20:05:16,677 [omNode-1@group-0AAC5367B30E-StateMachineUpdater] INFO  ratis.OzoneManagerStateMachine (OzoneManagerStateMachine.java:close(531)) - Stopping OzoneManagerStateMachine:omNode-1:group-0AAC5367B30E.
2024-08-03 20:05:16,678 [omNode-1@group-0AAC5367B30E-StateMachineUpdater] INFO  ratis.OzoneManagerDoubleBuffer (OzoneManagerDoubleBuffer.java:stopDaemon(517)) - Stopping OMDoubleBuffer flush thread
2024-08-03 20:05:16,678 [omNode-1-OMDoubleBufferFlushThread] INFO  ratis.OzoneManagerDoubleBuffer (OzoneManagerDoubleBuffer.java:canFlush(581)) - OMDoubleBuffer flush thread omNode-1-OMDoubleBufferFlushThread is interrupted and will exit.
2024-08-03 20:05:16,679 [omNode-1@group-0AAC5367B30E-cacheEviction-AwaitToRun] INFO  util.AwaitToRun (AwaitToRun.java:run(49)) - omNode-1@group-0AAC5367B30E-cacheEviction-AwaitToRun-AwaitForSignal is interrupted
2024-08-03 20:05:17,656 [omNode-1-impl-thread1] INFO  segmented.SegmentedRaftLogWorker (SegmentedRaftLogWorker.java:close(248)) - omNode-1@group-0AAC5367B30E-SegmentedRaftLogWorker close()
2024-08-03 20:05:17,657 [JvmPauseMonitor2] INFO  util.JvmPauseMonitor (JvmPauseMonitor.java:run(152)) - JvmPauseMonitor-omNode-1: Stopped
2024-08-03 20:05:17,657 [main] INFO  utils.BackgroundService (BackgroundService.java:shutdown(163)) - Shutting down service KeyDeletingService
2024-08-03 20:05:17,657 [main] INFO  utils.BackgroundService (BackgroundService.java:shutdown(163)) - Shutting down service DirectoryDeletingService
2024-08-03 20:05:17,657 [main] INFO  utils.BackgroundService (BackgroundService.java:shutdown(163)) - Shutting down service OpenKeyCleanupService
2024-08-03 20:05:17,658 [main] INFO  utils.BackgroundService (BackgroundService.java:shutdown(163)) - Shutting down service SstFilteringService
2024-08-03 20:05:17,658 [main] INFO  utils.BackgroundService (BackgroundService.java:shutdown(163)) - Shutting down service SnapshotDeletingService
2024-08-03 20:05:17,658 [main] INFO  utils.BackgroundService (BackgroundService.java:shutdown(163)) - Shutting down service MultipartUploadCleanupService
2024-08-03 20:05:17,658 [main] INFO  utils.BackgroundService (BackgroundService.java:shutdown(163)) - Shutting down service SnapshotDirectoryCleaningService
2024-08-03 20:05:17,659 [main] INFO  handler.ContextHandler (ContextHandler.java:doStop(1159)) - Stopped o.e.j.w.WebAppContext@b49c85f{ozoneManager,/,null,STOPPED}{file:/home/runner/work/ozone/ozone/hadoop-ozone/integration-test/target/test-classes/webapps/ozoneManager}
2024-08-03 20:05:17,660 [main] INFO  server.AbstractConnector (AbstractConnector.java:doStop(383)) - Stopped ServerConnector@6c54bc3{HTTP/1.1, (http/1.1)}{0.0.0.0:15013}
2024-08-03 20:05:17,660 [main] INFO  server.session (HouseKeeper.java:stopScavenging(149)) - node0 Stopped scavenging
2024-08-03 20:05:17,661 [main] INFO  handler.ContextHandler (ContextHandler.java:doStop(1159)) - Stopped o.e.j.s.ServletContextHandler@6b00eaae{static,/static,file:///home/runner/work/ozone/ozone/hadoop-ozone/integration-test/target/test-classes/webapps/static,STOPPED}
2024-08-03 20:05:17,661 [main] INFO  handler.ContextHandler (ContextHandler.java:doStop(1159)) - Stopped o.e.j.s.ServletContextHandler@48455005{logs,/logs,file:///home/runner/work/ozone/ozone/hadoop-ozone/integration-test/target/log,STOPPED}
2024-08-03 20:05:17,662 [main] INFO  rocksdiff.RocksDBCheckpointDiffer (RocksDBCheckpointDiffer.java:close(306)) - Shutting down CompactionDagPruningService.
2024-08-03 20:05:17,664 [main] INFO  snapshot.SnapshotDiffManager (SnapshotDiffManager.java:closeExecutorService(1657)) - Shutting down executorService: 'SnapDiffExecutor'
2024-08-03 20:05:17,664 [main] INFO  utils.BackgroundService (BackgroundService.java:shutdown(163)) - Shutting down service SnapshotDiffCleanupService
2024-08-03 20:05:17,665 [main] INFO  ozone.MiniOzoneHAClusterImpl (MiniOzoneHAClusterImpl.java:stop(288)) - Stopping the OzoneManager omNode-2
2024-08-03 20:05:17,665 [main] INFO  om.OzoneManager (OzoneManager.java:stop(2232)) - omNode-2[localhost:15016]: Stopping Ozone Manager
2024-08-03 20:05:17,665 [main] INFO  ozone.MiniOzoneHAClusterImpl (MiniOzoneHAClusterImpl.java:stop(288)) - Stopping the OzoneManager omNode-bootstrap-1
2024-08-03 20:05:17,665 [main] INFO  om.OzoneManager (OzoneManager.java:stop(2232)) - omNode-bootstrap-1[localhost:15051]: Stopping Ozone Manager
2024-08-03 20:05:17,665 [main] INFO  ozone.MiniOzoneHAClusterImpl (MiniOzoneHAClusterImpl.java:stop(288)) - Stopping the OzoneManager omNode-bootstrap-2
2024-08-03 20:05:17,665 [main] INFO  om.OzoneManager (OzoneManager.java:stop(2232)) - omNode-bootstrap-2[localhost:15055]: Stopping Ozone Manager
2024-08-03 20:05:17,665 [main] INFO  ipc.Server (Server.java:stop(3523)) - Stopping server on 15055
2024-08-03 20:05:17,667 [IPC Server listener on 15055] INFO  ipc.Server (Server.java:run(1434)) - Stopping IPC Server listener on 15055
2024-08-03 20:05:17,667 [IPC Server Responder] INFO  ipc.Server (Server.java:run(1567)) - Stopping IPC Server Responder
2024-08-03 20:05:17,668 [main] INFO  ratis.OzoneManagerRatisServer (OzoneManagerRatisServer.java:stop(600)) - Stopping org.apache.hadoop.ozone.om.ratis.OzoneManagerRatisServer@2359b4fe at port 15058
2024-08-03 20:05:17,668 [main] INFO  server.RaftServer (RaftServerProxy.java:lambda$close$9(418)) - omNode-bootstrap-2: close
2024-08-03 20:05:17,669 [main] INFO  server.GrpcService (GrpcService.java:closeImpl(311)) - omNode-bootstrap-2: shutdown server GrpcServerProtocolService now
2024-08-03 20:05:17,669 [omNode-bootstrap-2-impl-thread1] INFO  server.RaftServer$Division (RaftServerImpl.java:lambda$close$1(501)) - omNode-bootstrap-2@group-0AAC5367B30E: shutdown
2024-08-03 20:05:17,669 [omNode-bootstrap-2-impl-thread1] INFO  util.JmxRegister (JmxRegister.java:unregister(74)) - Successfully un-registered JMX Bean with object name Ratis:service=RaftServer,group=group-0AAC5367B30E,id=omNode-bootstrap-2
2024-08-03 20:05:17,669 [omNode-bootstrap-2-impl-thread1] INFO  impl.StateMachineUpdater (StateMachineUpdater.java:stopAndJoin(164)) - omNode-bootstrap-2@group-0AAC5367B30E-StateMachineUpdater: set stopIndex = -1
2024-08-03 20:05:17,669 [omNode-bootstrap-2@group-0AAC5367B30E-StateMachineUpdater] INFO  impl.StateMachineUpdater (StateMachineUpdater.java:stop(141)) - omNode-bootstrap-2@group-0AAC5367B30E-StateMachineUpdater: closing OzoneManagerStateMachine, lastApplied=(t:1, i:7)
2024-08-03 20:05:17,669 [omNode-bootstrap-2@group-0AAC5367B30E-StateMachineUpdater] INFO  ratis.OzoneManagerStateMachine (OzoneManagerStateMachine.java:close(531)) - Stopping OzoneManagerStateMachine:omNode-bootstrap-2:group-0AAC5367B30E.
2024-08-03 20:05:17,669 [omNode-bootstrap-2@group-0AAC5367B30E-StateMachineUpdater] INFO  ratis.OzoneManagerDoubleBuffer (OzoneManagerDoubleBuffer.java:stopDaemon(517)) - Stopping OMDoubleBuffer flush thread
2024-08-03 20:05:17,669 [omNode-bootstrap-2-OMDoubleBufferFlushThread] INFO  ratis.OzoneManagerDoubleBuffer (OzoneManagerDoubleBuffer.java:canFlush(581)) - OMDoubleBuffer flush thread omNode-bootstrap-2-OMDoubleBufferFlushThread is interrupted and will exit.
2024-08-03 20:05:17,670 [omNode-bootstrap-2@group-0AAC5367B30E-cacheEviction-AwaitToRun] INFO  util.AwaitToRun (AwaitToRun.java:run(49)) - omNode-bootstrap-2@group-0AAC5367B30E-cacheEviction-AwaitToRun-AwaitForSignal is interrupted
2024-08-03 20:05:17,670 [main] INFO  server.GrpcService (GrpcService.java:closeImpl(320)) - omNode-bootstrap-2: shutdown server GrpcServerProtocolService successfully
2024-08-03 20:05:18,154 [omNode-bootstrap-2-impl-thread1] INFO  segmented.SegmentedRaftLogWorker (SegmentedRaftLogWorker.java:close(248)) - omNode-bootstrap-2@group-0AAC5367B30E-SegmentedRaftLogWorker close()
2024-08-03 20:05:18,154 [JvmPauseMonitor8] INFO  util.JvmPauseMonitor (JvmPauseMonitor.java:run(152)) - JvmPauseMonitor-omNode-bootstrap-2: Stopped
2024-08-03 20:05:18,154 [main] INFO  utils.BackgroundService (BackgroundService.java:shutdown(163)) - Shutting down service KeyDeletingService
2024-08-03 20:05:18,155 [main] INFO  utils.BackgroundService (BackgroundService.java:shutdown(163)) - Shutting down service DirectoryDeletingService
2024-08-03 20:05:18,155 [main] INFO  utils.BackgroundService (BackgroundService.java:shutdown(163)) - Shutting down service OpenKeyCleanupService
2024-08-03 20:05:18,155 [main] INFO  utils.BackgroundService (BackgroundService.java:shutdown(163)) - Shutting down service SstFilteringService
2024-08-03 20:05:18,155 [main] INFO  utils.BackgroundService (BackgroundService.java:shutdown(163)) - Shutting down service SnapshotDeletingService
2024-08-03 20:05:18,155 [main] INFO  utils.BackgroundService (BackgroundService.java:shutdown(163)) - Shutting down service MultipartUploadCleanupService
2024-08-03 20:05:18,155 [main] INFO  utils.BackgroundService (BackgroundService.java:shutdown(163)) - Shutting down service SnapshotDirectoryCleaningService
2024-08-03 20:05:18,156 [main] INFO  handler.ContextHandler (ContextHandler.java:doStop(1159)) - Stopped o.e.j.w.WebAppContext@3b6d0859{ozoneManager,/,null,STOPPED}{file:/home/runner/work/ozone/ozone/hadoop-ozone/integration-test/target/test-classes/webapps/ozoneManager}
2024-08-03 20:05:18,157 [main] INFO  server.AbstractConnector (AbstractConnector.java:doStop(383)) - Stopped ServerConnector@26a04ce7{HTTP/1.1, (http/1.1)}{0.0.0.0:15056}
2024-08-03 20:05:18,157 [main] INFO  server.session (HouseKeeper.java:stopScavenging(149)) - node0 Stopped scavenging
2024-08-03 20:05:18,157 [main] INFO  handler.ContextHandler (ContextHandler.java:doStop(1159)) - Stopped o.e.j.s.ServletContextHandler@72e09a66{static,/static,file:///home/runner/work/ozone/ozone/hadoop-ozone/integration-test/target/test-classes/webapps/static,STOPPED}
2024-08-03 20:05:18,158 [main] INFO  handler.ContextHandler (ContextHandler.java:doStop(1159)) - Stopped o.e.j.s.ServletContextHandler@19afa273{logs,/logs,file:///home/runner/work/ozone/ozone/hadoop-ozone/integration-test/target/log,STOPPED}
2024-08-03 20:05:18,158 [main] INFO  rocksdiff.RocksDBCheckpointDiffer (RocksDBCheckpointDiffer.java:close(306)) - Shutting down CompactionDagPruningService.
2024-08-03 20:05:18,159 [main] INFO  snapshot.SnapshotDiffManager (SnapshotDiffManager.java:closeExecutorService(1657)) - Shutting down executorService: 'SnapDiffExecutor'
2024-08-03 20:05:18,160 [main] INFO  utils.BackgroundService (BackgroundService.java:shutdown(163)) - Shutting down service SnapshotDiffCleanupService
2024-08-03 20:05:18,160 [main] INFO  ozone.MiniOzoneHAClusterImpl (MiniOzoneHAClusterImpl.java:stop(295)) - Stopping the StorageContainerManager 8c6bcd6e-4a2a-41ae-8998-20aaaed1716b
2024-08-03 20:05:18,161 [main] INFO  server.StorageContainerManager (StorageContainerManager.java:stop(1648)) - Container Balancer is not running.
2024-08-03 20:05:18,161 [main] INFO  server.StorageContainerManager (StorageContainerManager.java:stopReplicationManager(1786)) - Stopping Replication Manager Service.
2024-08-03 20:05:18,161 [main] INFO  replication.ReplicationManager (ReplicationManager.java:stop(329)) - Stopping Replication Monitor Thread.
2024-08-03 20:05:18,161 [main] INFO  server.StorageContainerManager (StorageContainerManager.java:stop(1657)) - Stopping the Datanode Admin Monitor.
2024-08-03 20:05:18,161 [scmNode-1-UnderReplicatedProcessor] WARN  replication.UnhealthyReplicationProcessor (UnhealthyReplicationProcessor.java:run(180)) - scmNode-1-UnderReplicatedProcessor interrupted. Exiting...
2024-08-03 20:05:18,161 [scmNode-1-ReplicationMonitor] INFO  replication.ReplicationManager (ReplicationManager.java:run(938)) - Replication Monitor Thread is stopped
2024-08-03 20:05:18,161 [scmNode-1-OverReplicatedProcessor] WARN  replication.UnhealthyReplicationProcessor (UnhealthyReplicationProcessor.java:run(180)) - scmNode-1-OverReplicatedProcessor interrupted. Exiting...
2024-08-03 20:05:18,161 [main] INFO  server.StorageContainerManager (StorageContainerManager.java:stop(1664)) - Stopping datanode service RPC server
2024-08-03 20:05:18,162 [main] INFO  server.SCMDatanodeProtocolServer (SCMDatanodeProtocolServer.java:stop(425)) - Stopping the RPC server for DataNodes
2024-08-03 20:05:18,162 [main] INFO  ipc.Server (Server.java:stop(3523)) - Stopping server on 15004
2024-08-03 20:05:18,165 [IPC Server listener on 15004] INFO  ipc.Server (Server.java:run(1434)) - Stopping IPC Server listener on 15004
2024-08-03 20:05:18,165 [IPC Server Responder] INFO  ipc.Server (Server.java:run(1567)) - Stopping IPC Server Responder
2024-08-03 20:05:18,237 [scmNode-1-SCMHeartbeatProcessor-0] WARN  node.NodeStateManager (NodeStateManager.java:scheduleNextHealthCheck(883)) - Current Thread is interrupted, shutting down HB processing thread for Node Manager.
2024-08-03 20:05:18,237 [main] INFO  server.StorageContainerManager (StorageContainerManager.java:stop(1672)) - Stopping block service RPC server
2024-08-03 20:05:18,237 [main] INFO  server.SCMBlockProtocolServer (SCMBlockProtocolServer.java:stop(176)) - Stopping the RPC server for Block Protocol
2024-08-03 20:05:18,237 [main] INFO  ipc.Server (Server.java:stop(3523)) - Stopping server on 15007
2024-08-03 20:05:18,243 [IPC Server Responder] INFO  ipc.Server (Server.java:run(1567)) - Stopping IPC Server Responder
2024-08-03 20:05:18,243 [IPC Server listener on 15007] INFO  ipc.Server (Server.java:run(1434)) - Stopping IPC Server listener on 15007
2024-08-03 20:05:18,243 [main] INFO  server.StorageContainerManager (StorageContainerManager.java:stop(1679)) - Stopping the StorageContainerLocationProtocol RPC server
2024-08-03 20:05:18,244 [main] INFO  server.SCMClientProtocolServer (SCMClientProtocolServer.java:stop(217)) - Stopping the RPC server for Client Protocol
2024-08-03 20:05:18,244 [main] INFO  ipc.Server (Server.java:stop(3523)) - Stopping server on 15005
2024-08-03 20:05:18,248 [IPC Server listener on 15005] INFO  ipc.Server (Server.java:run(1434)) - Stopping IPC Server listener on 15005
2024-08-03 20:05:18,249 [IPC Server Responder] INFO  ipc.Server (Server.java:run(1567)) - Stopping IPC Server Responder
2024-08-03 20:05:18,249 [main] INFO  server.StorageContainerManager (StorageContainerManager.java:stop(1686)) - Stopping Storage Container Manager HTTP server.
2024-08-03 20:05:18,250 [main] INFO  handler.ContextHandler (ContextHandler.java:doStop(1159)) - Stopped o.e.j.w.WebAppContext@77e1b84c{scm,/,null,STOPPED}{file:/home/runner/work/ozone/ozone/hadoop-ozone/integration-test/target/test-classes/webapps/scm}
2024-08-03 20:05:18,251 [main] INFO  server.AbstractConnector (AbstractConnector.java:doStop(383)) - Stopped ServerConnector@623d222{HTTP/1.1, (http/1.1)}{0.0.0.0:15000}
2024-08-03 20:05:18,251 [main] INFO  server.session (HouseKeeper.java:stopScavenging(149)) - node0 Stopped scavenging
2024-08-03 20:05:18,252 [main] INFO  handler.ContextHandler (ContextHandler.java:doStop(1159)) - Stopped o.e.j.s.ServletContextHandler@5b1cedfd{static,/static,file:///home/runner/work/ozone/ozone/hadoop-ozone/integration-test/target/test-classes/webapps/static,STOPPED}
2024-08-03 20:05:18,252 [main] INFO  handler.ContextHandler (ContextHandler.java:doStop(1159)) - Stopped o.e.j.s.ServletContextHandler@705dc1a6{logs,/logs,file:///home/runner/work/ozone/ozone/hadoop-ozone/integration-test/target/log,STOPPED}
2024-08-03 20:05:18,252 [main] INFO  server.StorageContainerManager (StorageContainerManager.java:stop(1694)) - Stopping SCM LayoutVersionManager Service.
2024-08-03 20:05:18,253 [main] INFO  server.StorageContainerManager (StorageContainerManager.java:stop(1706)) - Stopping Block Manager Service.
2024-08-03 20:05:18,253 [main] INFO  utils.BackgroundService (BackgroundService.java:shutdown(163)) - Shutting down service SCMBlockDeletingService
2024-08-03 20:05:18,253 [main] INFO  utils.BackgroundService (BackgroundService.java:shutdown(163)) - Shutting down service SCMBlockDeletingService
2024-08-03 20:05:18,253 [main] INFO  server.StorageContainerManager (StorageContainerManager.java:stop(1731)) - Stopping SCM Event Queue.
2024-08-03 20:05:18,255 [main] INFO  server.StorageContainerManager (StorageContainerManager.java:stop(1742)) - Stopping SCM HA services.
2024-08-03 20:05:18,255 [main] INFO  ha.SCMRatisServerImpl (SCMRatisServerImpl.java:stop(255)) - stopping ratis server 0.0.0.0:15003
2024-08-03 20:05:18,255 [main] INFO  server.RaftServer (RaftServerProxy.java:lambda$close$9(418)) - 8c6bcd6e-4a2a-41ae-8998-20aaaed1716b: close
2024-08-03 20:05:18,255 [main] INFO  server.GrpcService (GrpcService.java:closeImpl(311)) - 8c6bcd6e-4a2a-41ae-8998-20aaaed1716b: shutdown server GrpcServerProtocolService now
2024-08-03 20:05:18,255 [8c6bcd6e-4a2a-41ae-8998-20aaaed1716b-impl-thread1] INFO  server.RaftServer$Division (RaftServerImpl.java:lambda$close$1(501)) - 8c6bcd6e-4a2a-41ae-8998-20aaaed1716b@group-B69DE7E7ED64: shutdown
2024-08-03 20:05:18,257 [8c6bcd6e-4a2a-41ae-8998-20aaaed1716b-impl-thread1] INFO  util.JmxRegister (JmxRegister.java:unregister(74)) - Successfully un-registered JMX Bean with object name Ratis:service=RaftServer,group=group-B69DE7E7ED64,id=8c6bcd6e-4a2a-41ae-8998-20aaaed1716b
2024-08-03 20:05:18,257 [8c6bcd6e-4a2a-41ae-8998-20aaaed1716b-impl-thread1] INFO  impl.RoleInfo (RoleInfo.java:shutdownLeaderState(103)) - 8c6bcd6e-4a2a-41ae-8998-20aaaed1716b: shutdown 8c6bcd6e-4a2a-41ae-8998-20aaaed1716b@group-B69DE7E7ED64-LeaderStateImpl
2024-08-03 20:05:18,257 [8c6bcd6e-4a2a-41ae-8998-20aaaed1716b-impl-thread1] INFO  impl.PendingRequests (PendingRequests.java:sendNotLeaderResponses(287)) - 8c6bcd6e-4a2a-41ae-8998-20aaaed1716b@group-B69DE7E7ED64-PendingRequests: sendNotLeaderResponses
2024-08-03 20:05:18,257 [8c6bcd6e-4a2a-41ae-8998-20aaaed1716b-impl-thread1] INFO  ha.SCMStateMachine (SCMStateMachine.java:notifyNotLeader(212)) - current leader SCM steps down.
2024-08-03 20:05:18,257 [8c6bcd6e-4a2a-41ae-8998-20aaaed1716b-impl-thread1] INFO  ha.SCMContext (SCMContext.java:updateLeaderAndTerm(96)) - update <isLeader,term> from <true,2> to <false,0>
2024-08-03 20:05:18,257 [8c6bcd6e-4a2a-41ae-8998-20aaaed1716b-impl-thread1] INFO  ha.SCMContext (SCMContext.java:updateLeaderAndTerm(102)) - update <isLeaderReady> from <true> to <false>
2024-08-03 20:05:18,257 [8c6bcd6e-4a2a-41ae-8998-20aaaed1716b-impl-thread1] INFO  BackgroundPipelineScrubber (BackgroundSCMService.java:notifyStatusChanged(85)) - Service BackgroundPipelineScrubber transitions to PAUSING.
2024-08-03 20:05:18,257 [8c6bcd6e-4a2a-41ae-8998-20aaaed1716b-impl-thread1] INFO  ExpiredContainerReplicaOpScrubber (BackgroundSCMService.java:notifyStatusChanged(85)) - Service ExpiredContainerReplicaOpScrubber transitions to PAUSING.
2024-08-03 20:05:18,257 [8c6bcd6e-4a2a-41ae-8998-20aaaed1716b-impl-thread1] INFO  SCMHATransactionMonitor (BackgroundSCMService.java:notifyStatusChanged(85)) - Service SCMHATransactionMonitor transitions to PAUSING.
2024-08-03 20:05:18,258 [8c6bcd6e-4a2a-41ae-8998-20aaaed1716b-impl-thread1] INFO  impl.StateMachineUpdater (StateMachineUpdater.java:stopAndJoin(164)) - 8c6bcd6e-4a2a-41ae-8998-20aaaed1716b@group-B69DE7E7ED64-StateMachineUpdater: set stopIndex = 30
2024-08-03 20:05:18,258 [8c6bcd6e-4a2a-41ae-8998-20aaaed1716b@group-B69DE7E7ED64-StateMachineUpdater] INFO  ha.SCMStateMachine (SCMStateMachine.java:takeSnapshot(331)) - Current Snapshot Index 30, takeSnapshot took 1 ms
2024-08-03 20:05:18,258 [8c6bcd6e-4a2a-41ae-8998-20aaaed1716b@group-B69DE7E7ED64-StateMachineUpdater] INFO  impl.StateMachineUpdater (StateMachineUpdater.java:takeSnapshot(303)) - 8c6bcd6e-4a2a-41ae-8998-20aaaed1716b@group-B69DE7E7ED64-StateMachineUpdater: Took a snapshot at index 30
2024-08-03 20:05:18,258 [8c6bcd6e-4a2a-41ae-8998-20aaaed1716b@group-B69DE7E7ED64-StateMachineUpdater] INFO  impl.StateMachineUpdater (StateMachineUpdater.java:lambda$new$0(102)) - 8c6bcd6e-4a2a-41ae-8998-20aaaed1716b@group-B69DE7E7ED64-StateMachineUpdater: snapshotIndex: updateIncreasingly -1 -> 30
2024-08-03 20:05:18,258 [8c6bcd6e-4a2a-41ae-8998-20aaaed1716b@group-B69DE7E7ED64-StateMachineUpdater] INFO  impl.StateMachineUpdater (StateMachineUpdater.java:stop(141)) - 8c6bcd6e-4a2a-41ae-8998-20aaaed1716b@group-B69DE7E7ED64-StateMachineUpdater: closing SCMStateMachine, lastApplied=(t:2, i:30)
2024-08-03 20:05:18,259 [main] INFO  server.GrpcService (GrpcService.java:closeImpl(320)) - 8c6bcd6e-4a2a-41ae-8998-20aaaed1716b: shutdown server GrpcServerProtocolService successfully
2024-08-03 20:05:18,260 [8c6bcd6e-4a2a-41ae-8998-20aaaed1716b@group-B69DE7E7ED64-cacheEviction-AwaitToRun] INFO  util.AwaitToRun (AwaitToRun.java:run(49)) - 8c6bcd6e-4a2a-41ae-8998-20aaaed1716b@group-B69DE7E7ED64-cacheEviction-AwaitToRun-AwaitForSignal is interrupted
2024-08-03 20:05:18,382 [8c6bcd6e-4a2a-41ae-8998-20aaaed1716b-impl-thread1] INFO  segmented.SegmentedRaftLogWorker (SegmentedRaftLogWorker.java:close(248)) - 8c6bcd6e-4a2a-41ae-8998-20aaaed1716b@group-B69DE7E7ED64-SegmentedRaftLogWorker close()
2024-08-03 20:05:18,382 [JvmPauseMonitor1] INFO  util.JvmPauseMonitor (JvmPauseMonitor.java:run(152)) - JvmPauseMonitor-8c6bcd6e-4a2a-41ae-8998-20aaaed1716b: Stopped
2024-08-03 20:05:18,382 [main] INFO  SCMHATransactionMonitor (BackgroundSCMService.java:stop(128)) - Stopping SCMHATransactionMonitor Service.
2024-08-03 20:05:18,383 [scmNode-1-SCMHATransactionMonitor] WARN  SCMHATransactionMonitor (BackgroundSCMService.java:run(112)) - SCMHATransactionMonitor is interrupted, exit
2024-08-03 20:05:18,383 [main] INFO  pipeline.BackgroundPipelineCreator (BackgroundPipelineCreator.java:stop(152)) - Stopping scmNode-1-RatisPipelineUtilsThread.
2024-08-03 20:05:18,383 [scmNode-1-RatisPipelineUtilsThread-0] WARN  pipeline.BackgroundPipelineCreator (BackgroundPipelineCreator.java:run(183)) - scmNode-1-RatisPipelineUtilsThread is interrupted.
2024-08-03 20:05:18,383 [main] INFO  BackgroundPipelineScrubber (BackgroundSCMService.java:stop(128)) - Stopping BackgroundPipelineScrubber Service.
2024-08-03 20:05:18,384 [main] INFO  impl.MetricsSystemImpl (MetricsSystemImpl.java:stop(210)) - Stopping OzoneManager metrics system...
2024-08-03 20:05:18,385 [scmNode-1-BackgroundPipelineScrubber] WARN  BackgroundPipelineScrubber (BackgroundSCMService.java:run(112)) - BackgroundPipelineScrubber is interrupted, exit
2024-08-03 20:05:18,385 [prometheus] INFO  impl.MetricsSinkAdapter (MetricsSinkAdapter.java:publishMetricsFromQueue(141)) - prometheus thread interrupted.
2024-08-03 20:05:18,386 [main] INFO  impl.MetricsSystemImpl (MetricsSystemImpl.java:stop(216)) - OzoneManager metrics system stopped.
2024-08-03 20:05:18,386 [main] WARN  pipeline.BackgroundPipelineCreator (BackgroundPipelineCreator.java:stop(148)) - scmNode-1-RatisPipelineUtilsThread is not running, just ignore.
2024-08-03 20:05:18,386 [main] INFO  BackgroundPipelineScrubber (BackgroundSCMService.java:stop(123)) - BackgroundPipelineScrubber Service is not running, skip stop.
2024-08-03 20:05:18,386 [main] INFO  ExpiredContainerReplicaOpScrubber (BackgroundSCMService.java:stop(128)) - Stopping ExpiredContainerReplicaOpScrubber Service.
2024-08-03 20:05:18,386 [scmNode-1-ExpiredContainerReplicaOpScrubber] WARN  ExpiredContainerReplicaOpScrubber (BackgroundSCMService.java:run(112)) - ExpiredContainerReplicaOpScrubber is interrupted, exit
2024-08-03 20:05:18,386 [main] INFO  utils.BackgroundService (BackgroundService.java:shutdown(163)) - Shutting down service SCMBlockDeletingService
2024-08-03 20:05:18,387 [main] INFO  replication.ReplicationManager (ReplicationManager.java:stop(339)) - Replication Monitor Thread is not running.
2024-08-03 20:05:18,387 [main] WARN  balancer.ContainerBalancer (ContainerBalancer.java:stop(349)) - Cannot stop Container Balancer because it's not running or stopping
2024-08-03 20:05:18,387 [main] INFO  SCMHATransactionMonitor (BackgroundSCMService.java:stop(123)) - SCMHATransactionMonitor Service is not running, skip stop.
2024-08-03 20:05:18,387 [scmNode-1-LeaseManager#LeaseMonitor] WARN  lease.LeaseManager (LeaseManager.java:run(286)) - Lease manager is interrupted. Shutting down...
java.lang.InterruptedException
	at java.base/java.util.concurrent.locks.AbstractQueuedSynchronizer.tryAcquireSharedNanos(AbstractQueuedSynchronizer.java:1081)
	at java.base/java.util.concurrent.Semaphore.tryAcquire(Semaphore.java:415)
	at org.apache.hadoop.ozone.lease.LeaseManager$LeaseMonitor.run(LeaseManager.java:284)
	at java.base/java.lang.Thread.run(Thread.java:840)
2024-08-03 20:05:18,387 [main] INFO  server.StorageContainerManager (StorageContainerManager.java:stop(1777)) - Stopping SCM MetadataStore.
2024-08-03 20:05:18,388 [main] INFO  ozone.MiniOzoneClusterImpl (MiniOzoneClusterImpl.java:stop(412)) - Stopping the Mini Ozone Cluster
2024-08-03 20:05:18,388 [main] INFO  ozone.MiniOzoneClusterImpl (MiniOzoneClusterImpl.java:stopDatanodes(471)) - Stopping the HddsDatanodes
2024-08-03 20:05:18,391 [ForkJoinPool.commonPool-worker-1] INFO  ozoneimpl.OzoneContainer (OzoneContainer.java:stop(481)) - Attempting to stop container services.
2024-08-03 20:05:18,391 [ForkJoinPool.commonPool-worker-3] INFO  ozoneimpl.OzoneContainer (OzoneContainer.java:stop(481)) - Attempting to stop container services.
2024-08-03 20:05:18,391 [ContainerMetadataScanner] WARN  ozoneimpl.AbstractBackgroundContainerScanner (AbstractBackgroundContainerScanner.java:handleRemainingSleep(134)) - Background container scan was interrupted.
2024-08-03 20:05:18,391 [ContainerMetadataScanner] INFO  ozoneimpl.AbstractBackgroundContainerScanner (AbstractBackgroundContainerScanner.java:run(61)) - Thread[ContainerMetadataScanner,5,main] exiting.
2024-08-03 20:05:18,391 [ContainerMetadataScanner] WARN  ozoneimpl.AbstractBackgroundContainerScanner (AbstractBackgroundContainerScanner.java:handleRemainingSleep(134)) - Background container scan was interrupted.
2024-08-03 20:05:18,391 [ContainerMetadataScanner] INFO  ozoneimpl.AbstractBackgroundContainerScanner (AbstractBackgroundContainerScanner.java:run(61)) - Thread[ContainerMetadataScanner,5,main] exiting.
2024-08-03 20:05:18,392 [main] INFO  ozoneimpl.OzoneContainer (OzoneContainer.java:stop(481)) - Attempting to stop container services.
2024-08-03 20:05:18,392 [ContainerMetadataScanner] WARN  ozoneimpl.AbstractBackgroundContainerScanner (AbstractBackgroundContainerScanner.java:handleRemainingSleep(134)) - Background container scan was interrupted.
2024-08-03 20:05:18,392 [ContainerMetadataScanner] INFO  ozoneimpl.AbstractBackgroundContainerScanner (AbstractBackgroundContainerScanner.java:run(61)) - Thread[ContainerMetadataScanner,5,main] exiting.
2024-08-03 20:05:18,392 [main] INFO  ozoneimpl.BackgroundContainerDataScanner (BackgroundContainerDataScanner.java:shutdown(141)) - ContainerDataScanner(/home/runner/work/ozone/ozone/hadoop-ozone/integration-test/target/test-dir/MiniOzoneClusterImpl-4c2a292f-c896-477d-a18b-b69de7e7ed64/ozone-meta/datanode-2/data-0/hdds) is shutting down. 
2024-08-03 20:05:18,392 [ContainerDataScanner(/home/runner/work/ozone/ozone/hadoop-ozone/integration-test/target/test-dir/MiniOzoneClusterImpl-4c2a292f-c896-477d-a18b-b69de7e7ed64/ozone-meta/datanode-2/data-0/hdds)] WARN  ozoneimpl.AbstractBackgroundContainerScanner (AbstractBackgroundContainerScanner.java:handleRemainingSleep(134)) - Background container scan was interrupted.
2024-08-03 20:05:18,393 [ContainerDataScanner(/home/runner/work/ozone/ozone/hadoop-ozone/integration-test/target/test-dir/MiniOzoneClusterImpl-4c2a292f-c896-477d-a18b-b69de7e7ed64/ozone-meta/datanode-2/data-0/hdds)] INFO  ozoneimpl.AbstractBackgroundContainerScanner (AbstractBackgroundContainerScanner.java:run(61)) - ContainerDataScanner(/home/runner/work/ozone/ozone/hadoop-ozone/integration-test/target/test-dir/MiniOzoneClusterImpl-4c2a292f-c896-477d-a18b-b69de7e7ed64/ozone-meta/datanode-2/data-0/hdds, DS-8574071d-b460-4243-ad1b-266b5e76f55c) exiting.
2024-08-03 20:05:18,393 [ForkJoinPool.commonPool-worker-1] INFO  ozoneimpl.BackgroundContainerDataScanner (BackgroundContainerDataScanner.java:shutdown(141)) - ContainerDataScanner(/home/runner/work/ozone/ozone/hadoop-ozone/integration-test/target/test-dir/MiniOzoneClusterImpl-4c2a292f-c896-477d-a18b-b69de7e7ed64/ozone-meta/datanode-1/data-0/hdds) is shutting down. 
2024-08-03 20:05:18,393 [main] INFO  ozoneimpl.OnDemandContainerDataScanner (OnDemandContainerDataScanner.java:shutdownScanner(206)) - On-demand container scanner is shutting down.
2024-08-03 20:05:18,393 [main] INFO  server.RaftServer (RaftServerProxy.java:lambda$close$9(418)) - 3dd31e9f-fa72-4829-9441-ee2f0f7ab9e4: close
2024-08-03 20:05:18,393 [ForkJoinPool.commonPool-worker-3] INFO  ozoneimpl.BackgroundContainerDataScanner (BackgroundContainerDataScanner.java:shutdown(141)) - ContainerDataScanner(/home/runner/work/ozone/ozone/hadoop-ozone/integration-test/target/test-dir/MiniOzoneClusterImpl-4c2a292f-c896-477d-a18b-b69de7e7ed64/ozone-meta/datanode-3/data-0/hdds) is shutting down. 
2024-08-03 20:05:18,393 [3dd31e9f-fa72-4829-9441-ee2f0f7ab9e4-impl-thread1] INFO  server.RaftServer$Division (RaftServerImpl.java:lambda$close$1(501)) - 3dd31e9f-fa72-4829-9441-ee2f0f7ab9e4@group-29759FB93938: shutdown
2024-08-03 20:05:18,393 [ContainerDataScanner(/home/runner/work/ozone/ozone/hadoop-ozone/integration-test/target/test-dir/MiniOzoneClusterImpl-4c2a292f-c896-477d-a18b-b69de7e7ed64/ozone-meta/datanode-1/data-0/hdds)] WARN  ozoneimpl.AbstractBackgroundContainerScanner (AbstractBackgroundContainerScanner.java:handleRemainingSleep(134)) - Background container scan was interrupted.
2024-08-03 20:05:18,394 [ContainerDataScanner(/home/runner/work/ozone/ozone/hadoop-ozone/integration-test/target/test-dir/MiniOzoneClusterImpl-4c2a292f-c896-477d-a18b-b69de7e7ed64/ozone-meta/datanode-1/data-0/hdds)] INFO  ozoneimpl.AbstractBackgroundContainerScanner (AbstractBackgroundContainerScanner.java:run(61)) - ContainerDataScanner(/home/runner/work/ozone/ozone/hadoop-ozone/integration-test/target/test-dir/MiniOzoneClusterImpl-4c2a292f-c896-477d-a18b-b69de7e7ed64/ozone-meta/datanode-1/data-0/hdds, DS-b03eb487-5f80-4b94-b7bc-e07fd4b9528d) exiting.
2024-08-03 20:05:18,393 [3dd31e9f-fa72-4829-9441-ee2f0f7ab9e4-impl-thread1] INFO  util.JmxRegister (JmxRegister.java:unregister(74)) - Successfully un-registered JMX Bean with object name Ratis:service=RaftServer,group=group-29759FB93938,id=3dd31e9f-fa72-4829-9441-ee2f0f7ab9e4
2024-08-03 20:05:18,394 [3dd31e9f-fa72-4829-9441-ee2f0f7ab9e4-impl-thread1] INFO  impl.RoleInfo (RoleInfo.java:shutdownLeaderState(103)) - 3dd31e9f-fa72-4829-9441-ee2f0f7ab9e4: shutdown 3dd31e9f-fa72-4829-9441-ee2f0f7ab9e4@group-29759FB93938-LeaderStateImpl
2024-08-03 20:05:18,394 [3dd31e9f-fa72-4829-9441-ee2f0f7ab9e4-impl-thread1] INFO  impl.PendingRequests (PendingRequests.java:sendNotLeaderResponses(287)) - 3dd31e9f-fa72-4829-9441-ee2f0f7ab9e4@group-29759FB93938-PendingRequests: sendNotLeaderResponses
2024-08-03 20:05:18,394 [3dd31e9f-fa72-4829-9441-ee2f0f7ab9e4-impl-thread2] INFO  server.RaftServer$Division (RaftServerImpl.java:lambda$close$1(501)) - 3dd31e9f-fa72-4829-9441-ee2f0f7ab9e4@group-2479445D8B61: shutdown
2024-08-03 20:05:18,393 [ContainerDataScanner(/home/runner/work/ozone/ozone/hadoop-ozone/integration-test/target/test-dir/MiniOzoneClusterImpl-4c2a292f-c896-477d-a18b-b69de7e7ed64/ozone-meta/datanode-3/data-0/hdds)] WARN  ozoneimpl.AbstractBackgroundContainerScanner (AbstractBackgroundContainerScanner.java:handleRemainingSleep(134)) - Background container scan was interrupted.
2024-08-03 20:05:18,394 [ContainerDataScanner(/home/runner/work/ozone/ozone/hadoop-ozone/integration-test/target/test-dir/MiniOzoneClusterImpl-4c2a292f-c896-477d-a18b-b69de7e7ed64/ozone-meta/datanode-3/data-0/hdds)] INFO  ozoneimpl.AbstractBackgroundContainerScanner (AbstractBackgroundContainerScanner.java:run(61)) - ContainerDataScanner(/home/runner/work/ozone/ozone/hadoop-ozone/integration-test/target/test-dir/MiniOzoneClusterImpl-4c2a292f-c896-477d-a18b-b69de7e7ed64/ozone-meta/datanode-3/data-0/hdds, DS-5bdc7927-6bc2-4166-91e1-4cb8d73048b8) exiting.
2024-08-03 20:05:18,394 [main] INFO  server.GrpcService (GrpcService.java:closeImpl(311)) - 3dd31e9f-fa72-4829-9441-ee2f0f7ab9e4: shutdown server org.apache.ratis.grpc.server.GrpcClientProtocolService now
2024-08-03 20:05:18,395 [3dd31e9f-fa72-4829-9441-ee2f0f7ab9e4-impl-thread3] INFO  server.RaftServer$Division (RaftServerImpl.java:lambda$close$1(501)) - 3dd31e9f-fa72-4829-9441-ee2f0f7ab9e4@group-A97E9B20C87D: shutdown
2024-08-03 20:05:18,395 [Thread-1107] INFO  server.GrpcServerProtocolClient (GrpcServerProtocolClient.java:close(103)) - 23b8e6c4-9ef5-4db8-98cf-56f7581f9eb2 Close channels
2024-08-03 20:05:18,395 [grpc-default-executor-1] INFO  server.GrpcServerProtocolService (GrpcServerProtocolService.java:onCompleted(157)) - ad840c1c-4245-4817-9bba-62272b02ba42: Completed APPEND_ENTRIES, lastRequest: 3dd31e9f-fa72-4829-9441-ee2f0f7ab9e4->ad840c1c-4245-4817-9bba-62272b02ba42#1-t1,previous=(t:0, i:0),leaderCommit=-1,initializing? false,entries: size=1, first=(t:1, i:0), CONFIGURATIONENTRY(current:id:"23b8e6c4-9ef5-4db8-98cf-56f7581f9eb2"address:"127.0.0.1:15030"dataStreamAddress:"127.0.0.1:15031"clientAddress:"127.0.0.1:15028"adminAddress:"127.0.0.1:15029"startupRole:FOLLOWER, id:"3dd31e9f-fa72-4829-9441-ee2f0f7ab9e4"address:"127.0.0.1:15039"priority:1dataStreamAddress:"127.0.0.1:15040"clientAddress:"127.0.0.1:15037"adminAddress:"127.0.0.1:15038"startupRole:FOLLOWER, id:"ad840c1c-4245-4817-9bba-62272b02ba42"address:"127.0.0.1:15048"dataStreamAddress:"127.0.0.1:15049"clientAddress:"127.0.0.1:15046"adminAddress:"127.0.0.1:15047"startupRole:FOLLOWER, old:)
2024-08-03 20:05:18,396 [grpc-default-executor-1] INFO  server.GrpcServerProtocolService (GrpcServerProtocolService.java:lambda$onCompleted$5(159)) - ad840c1c-4245-4817-9bba-62272b02ba42: Completed APPEND_ENTRIES, lastReply: null
2024-08-03 20:05:18,395 [grpc-default-executor-5] INFO  server.GrpcServerProtocolService (GrpcServerProtocolService.java:onCompleted(157)) - 23b8e6c4-9ef5-4db8-98cf-56f7581f9eb2: Completed APPEND_ENTRIES, lastRequest: null
2024-08-03 20:05:18,396 [grpc-default-executor-0] INFO  server.GrpcServerProtocolService (GrpcServerProtocolService.java:onCompleted(157)) - 23b8e6c4-9ef5-4db8-98cf-56f7581f9eb2: Completed APPEND_ENTRIES, lastRequest: 3dd31e9f-fa72-4829-9441-ee2f0f7ab9e4->23b8e6c4-9ef5-4db8-98cf-56f7581f9eb2#1-t1,previous=(t:0, i:0),leaderCommit=-1,initializing? false,entries: size=1, first=(t:1, i:0), CONFIGURATIONENTRY(current:id:"23b8e6c4-9ef5-4db8-98cf-56f7581f9eb2"address:"127.0.0.1:15030"dataStreamAddress:"127.0.0.1:15031"clientAddress:"127.0.0.1:15028"adminAddress:"127.0.0.1:15029"startupRole:FOLLOWER, id:"3dd31e9f-fa72-4829-9441-ee2f0f7ab9e4"address:"127.0.0.1:15039"priority:1dataStreamAddress:"127.0.0.1:15040"clientAddress:"127.0.0.1:15037"adminAddress:"127.0.0.1:15038"startupRole:FOLLOWER, id:"ad840c1c-4245-4817-9bba-62272b02ba42"address:"127.0.0.1:15048"dataStreamAddress:"127.0.0.1:15049"clientAddress:"127.0.0.1:15046"adminAddress:"127.0.0.1:15047"startupRole:FOLLOWER, old:)
2024-08-03 20:05:18,396 [grpc-default-executor-0] INFO  server.GrpcServerProtocolService (GrpcServerProtocolService.java:lambda$onCompleted$5(159)) - 23b8e6c4-9ef5-4db8-98cf-56f7581f9eb2: Completed APPEND_ENTRIES, lastReply: null
2024-08-03 20:05:18,396 [grpc-default-executor-5] INFO  server.GrpcServerProtocolService (GrpcServerProtocolService.java:lambda$onCompleted$5(159)) - 23b8e6c4-9ef5-4db8-98cf-56f7581f9eb2: Completed APPEND_ENTRIES, lastReply: serverReply {
  requestorId: "3dd31e9f-fa72-4829-9441-ee2f0f7ab9e4"
  replyId: "23b8e6c4-9ef5-4db8-98cf-56f7581f9eb2"
  raftGroupId {
    id: "\303\006t(\304\261F\353\224])u\237\27198"
  }
  callId: 11
  success: true
}
term: 1
nextIndex: 1
matchIndex: 18446744073709551615
isHearbeat: true

2024-08-03 20:05:18,395 [grpc-default-executor-3] INFO  server.GrpcServerProtocolService (GrpcServerProtocolService.java:onCompleted(157)) - ad840c1c-4245-4817-9bba-62272b02ba42: Completed APPEND_ENTRIES, lastRequest: null
2024-08-03 20:05:18,396 [grpc-default-executor-3] INFO  server.GrpcServerProtocolService (GrpcServerProtocolService.java:lambda$onCompleted$5(159)) - ad840c1c-4245-4817-9bba-62272b02ba42: Completed APPEND_ENTRIES, lastReply: serverReply {
  requestorId: "3dd31e9f-fa72-4829-9441-ee2f0f7ab9e4"
  replyId: "ad840c1c-4245-4817-9bba-62272b02ba42"
  raftGroupId {
    id: "\303\006t(\304\261F\353\224])u\237\27198"
  }
  callId: 15
  success: true
}
term: 1
nextIndex: 1
matchIndex: 18446744073709551615
isHearbeat: true

2024-08-03 20:05:18,396 [Thread-1109] INFO  server.GrpcServerProtocolClient (GrpcServerProtocolClient.java:close(103)) - ad840c1c-4245-4817-9bba-62272b02ba42 Close channels
2024-08-03 20:05:18,396 [ForkJoinPool.commonPool-worker-3] INFO  server.RaftServer (RaftServerProxy.java:lambda$close$9(418)) - ad840c1c-4245-4817-9bba-62272b02ba42: close
2024-08-03 20:05:18,397 [ad840c1c-4245-4817-9bba-62272b02ba42-impl-thread1] INFO  server.RaftServer$Division (RaftServerImpl.java:lambda$close$1(501)) - ad840c1c-4245-4817-9bba-62272b02ba42@group-ED67C9AFABEB: shutdown
2024-08-03 20:05:18,397 [ForkJoinPool.commonPool-worker-1] INFO  server.RaftServer (RaftServerProxy.java:lambda$close$9(418)) - 23b8e6c4-9ef5-4db8-98cf-56f7581f9eb2: close
2024-08-03 20:05:18,397 [23b8e6c4-9ef5-4db8-98cf-56f7581f9eb2-impl-thread1] INFO  server.RaftServer$Division (RaftServerImpl.java:lambda$close$1(501)) - 23b8e6c4-9ef5-4db8-98cf-56f7581f9eb2@group-1E87DAE416C5: shutdown
2024-08-03 20:05:18,397 [3dd31e9f-fa72-4829-9441-ee2f0f7ab9e4-impl-thread3] INFO  util.JmxRegister (JmxRegister.java:unregister(74)) - Successfully un-registered JMX Bean with object name Ratis:service=RaftServer,group=group-A97E9B20C87D,id=3dd31e9f-fa72-4829-9441-ee2f0f7ab9e4
2024-08-03 20:05:18,397 [3dd31e9f-fa72-4829-9441-ee2f0f7ab9e4-impl-thread3] INFO  impl.RoleInfo (RoleInfo.java:shutdownFollowerState(119)) - 3dd31e9f-fa72-4829-9441-ee2f0f7ab9e4: shutdown 3dd31e9f-fa72-4829-9441-ee2f0f7ab9e4@group-A97E9B20C87D-FollowerState
2024-08-03 20:05:18,397 [23b8e6c4-9ef5-4db8-98cf-56f7581f9eb2-impl-thread1] INFO  util.JmxRegister (JmxRegister.java:unregister(74)) - Successfully un-registered JMX Bean with object name Ratis:service=RaftServer,group=group-1E87DAE416C5,id=23b8e6c4-9ef5-4db8-98cf-56f7581f9eb2
2024-08-03 20:05:18,397 [23b8e6c4-9ef5-4db8-98cf-56f7581f9eb2-impl-thread1] INFO  impl.RoleInfo (RoleInfo.java:shutdownLeaderState(103)) - 23b8e6c4-9ef5-4db8-98cf-56f7581f9eb2: shutdown 23b8e6c4-9ef5-4db8-98cf-56f7581f9eb2@group-1E87DAE416C5-LeaderStateImpl
2024-08-03 20:05:18,397 [23b8e6c4-9ef5-4db8-98cf-56f7581f9eb2-impl-thread1] INFO  impl.PendingRequests (PendingRequests.java:sendNotLeaderResponses(287)) - 23b8e6c4-9ef5-4db8-98cf-56f7581f9eb2@group-1E87DAE416C5-PendingRequests: sendNotLeaderResponses
2024-08-03 20:05:18,397 [ad840c1c-4245-4817-9bba-62272b02ba42-impl-thread1] INFO  util.JmxRegister (JmxRegister.java:unregister(74)) - Successfully un-registered JMX Bean with object name Ratis:service=RaftServer,group=group-ED67C9AFABEB,id=ad840c1c-4245-4817-9bba-62272b02ba42
2024-08-03 20:05:18,398 [ad840c1c-4245-4817-9bba-62272b02ba42-impl-thread1] INFO  impl.RoleInfo (RoleInfo.java:shutdownLeaderState(103)) - ad840c1c-4245-4817-9bba-62272b02ba42: shutdown ad840c1c-4245-4817-9bba-62272b02ba42@group-ED67C9AFABEB-LeaderStateImpl
2024-08-03 20:05:18,398 [ad840c1c-4245-4817-9bba-62272b02ba42-impl-thread1] INFO  impl.PendingRequests (PendingRequests.java:sendNotLeaderResponses(287)) - ad840c1c-4245-4817-9bba-62272b02ba42@group-ED67C9AFABEB-PendingRequests: sendNotLeaderResponses
2024-08-03 20:05:18,397 [3dd31e9f-fa72-4829-9441-ee2f0f7ab9e4-impl-thread2] INFO  util.JmxRegister (JmxRegister.java:unregister(74)) - Successfully un-registered JMX Bean with object name Ratis:service=RaftServer,group=group-2479445D8B61,id=3dd31e9f-fa72-4829-9441-ee2f0f7ab9e4
2024-08-03 20:05:18,398 [3dd31e9f-fa72-4829-9441-ee2f0f7ab9e4-impl-thread2] INFO  impl.RoleInfo (RoleInfo.java:shutdownLeaderState(103)) - 3dd31e9f-fa72-4829-9441-ee2f0f7ab9e4: shutdown 3dd31e9f-fa72-4829-9441-ee2f0f7ab9e4@group-2479445D8B61-LeaderStateImpl
2024-08-03 20:05:18,397 [3dd31e9f-fa72-4829-9441-ee2f0f7ab9e4@group-A97E9B20C87D-StateMachineUpdater] INFO  ratis.ContainerStateMachine (ContainerStateMachine.java:takeSnapshot(355)) - group-A97E9B20C87D: Taking a snapshot at:(t:1, i:0) file /home/runner/work/ozone/ozone/hadoop-ozone/integration-test/target/test-dir/MiniOzoneClusterImpl-4c2a292f-c896-477d-a18b-b69de7e7ed64/ozone-meta/datanode-2/ratis/86c067dd-2e56-4990-8ea7-a97e9b20c87d/sm/snapshot.1_0
2024-08-03 20:05:18,397 [3dd31e9f-fa72-4829-9441-ee2f0f7ab9e4@group-A97E9B20C87D-FollowerState] INFO  impl.FollowerState (FollowerState.java:run(153)) - 3dd31e9f-fa72-4829-9441-ee2f0f7ab9e4@group-A97E9B20C87D-FollowerState was interrupted
2024-08-03 20:05:18,397 [3dd31e9f-fa72-4829-9441-ee2f0f7ab9e4-impl-thread3] INFO  impl.StateMachineUpdater (StateMachineUpdater.java:stopAndJoin(164)) - 3dd31e9f-fa72-4829-9441-ee2f0f7ab9e4@group-A97E9B20C87D-StateMachineUpdater: set stopIndex = 0
2024-08-03 20:05:18,398 [3dd31e9f-fa72-4829-9441-ee2f0f7ab9e4-impl-thread2] INFO  impl.PendingRequests (PendingRequests.java:sendNotLeaderResponses(287)) - 3dd31e9f-fa72-4829-9441-ee2f0f7ab9e4@group-2479445D8B61-PendingRequests: sendNotLeaderResponses
2024-08-03 20:05:18,398 [ad840c1c-4245-4817-9bba-62272b02ba42-impl-thread2] INFO  server.RaftServer$Division (RaftServerImpl.java:lambda$close$1(501)) - ad840c1c-4245-4817-9bba-62272b02ba42@group-29759FB93938: shutdown
2024-08-03 20:05:18,399 [ForkJoinPool.commonPool-worker-3] INFO  server.GrpcService (GrpcService.java:closeImpl(311)) - ad840c1c-4245-4817-9bba-62272b02ba42: shutdown server org.apache.ratis.grpc.server.GrpcClientProtocolService now
2024-08-03 20:05:18,399 [ad840c1c-4245-4817-9bba-62272b02ba42-impl-thread3] INFO  server.RaftServer$Division (RaftServerImpl.java:lambda$close$1(501)) - ad840c1c-4245-4817-9bba-62272b02ba42@group-A97E9B20C87D: shutdown
2024-08-03 20:05:18,399 [23b8e6c4-9ef5-4db8-98cf-56f7581f9eb2-impl-thread2] INFO  server.RaftServer$Division (RaftServerImpl.java:lambda$close$1(501)) - 23b8e6c4-9ef5-4db8-98cf-56f7581f9eb2@group-29759FB93938: shutdown
2024-08-03 20:05:18,399 [ForkJoinPool.commonPool-worker-1] INFO  server.GrpcService (GrpcService.java:closeImpl(311)) - 23b8e6c4-9ef5-4db8-98cf-56f7581f9eb2: shutdown server org.apache.ratis.grpc.server.GrpcClientProtocolService now
2024-08-03 20:05:18,400 [23b8e6c4-9ef5-4db8-98cf-56f7581f9eb2-impl-thread3] INFO  server.RaftServer$Division (RaftServerImpl.java:lambda$close$1(501)) - 23b8e6c4-9ef5-4db8-98cf-56f7581f9eb2@group-A97E9B20C87D: shutdown
2024-08-03 20:05:18,405 [Thread-1116] INFO  server.GrpcServerProtocolClient (GrpcServerProtocolClient.java:close(103)) - 3dd31e9f-fa72-4829-9441-ee2f0f7ab9e4 Close channels
2024-08-03 20:05:18,406 [ad840c1c-4245-4817-9bba-62272b02ba42-impl-thread2] INFO  util.JmxRegister (JmxRegister.java:unregister(74)) - Successfully un-registered JMX Bean with object name Ratis:service=RaftServer,group=group-29759FB93938,id=ad840c1c-4245-4817-9bba-62272b02ba42
2024-08-03 20:05:18,406 [ad840c1c-4245-4817-9bba-62272b02ba42-impl-thread2] INFO  impl.RoleInfo (RoleInfo.java:shutdownFollowerState(119)) - ad840c1c-4245-4817-9bba-62272b02ba42: shutdown ad840c1c-4245-4817-9bba-62272b02ba42@group-29759FB93938-FollowerState
2024-08-03 20:05:18,406 [ad840c1c-4245-4817-9bba-62272b02ba42-impl-thread2] INFO  impl.StateMachineUpdater (StateMachineUpdater.java:stopAndJoin(164)) - ad840c1c-4245-4817-9bba-62272b02ba42@group-29759FB93938-StateMachineUpdater: set stopIndex = 0
2024-08-03 20:05:18,406 [ad840c1c-4245-4817-9bba-62272b02ba42@group-29759FB93938-FollowerState] INFO  impl.FollowerState (FollowerState.java:run(153)) - ad840c1c-4245-4817-9bba-62272b02ba42@group-29759FB93938-FollowerState was interrupted
2024-08-03 20:05:18,406 [23b8e6c4-9ef5-4db8-98cf-56f7581f9eb2-impl-thread2] INFO  util.JmxRegister (JmxRegister.java:unregister(74)) - Successfully un-registered JMX Bean with object name Ratis:service=RaftServer,group=group-29759FB93938,id=23b8e6c4-9ef5-4db8-98cf-56f7581f9eb2
2024-08-03 20:05:18,406 [23b8e6c4-9ef5-4db8-98cf-56f7581f9eb2-impl-thread2] INFO  impl.RoleInfo (RoleInfo.java:shutdownFollowerState(119)) - 23b8e6c4-9ef5-4db8-98cf-56f7581f9eb2: shutdown 23b8e6c4-9ef5-4db8-98cf-56f7581f9eb2@group-29759FB93938-FollowerState
2024-08-03 20:05:18,406 [ad840c1c-4245-4817-9bba-62272b02ba42-impl-thread3] INFO  util.JmxRegister (JmxRegister.java:unregister(74)) - Successfully un-registered JMX Bean with object name Ratis:service=RaftServer,group=group-A97E9B20C87D,id=ad840c1c-4245-4817-9bba-62272b02ba42
2024-08-03 20:05:18,406 [ad840c1c-4245-4817-9bba-62272b02ba42-impl-thread3] INFO  impl.RoleInfo (RoleInfo.java:shutdownFollowerState(119)) - ad840c1c-4245-4817-9bba-62272b02ba42: shutdown ad840c1c-4245-4817-9bba-62272b02ba42@group-A97E9B20C87D-FollowerState
2024-08-03 20:05:18,406 [23b8e6c4-9ef5-4db8-98cf-56f7581f9eb2@group-29759FB93938-StateMachineUpdater] INFO  ratis.ContainerStateMachine (ContainerStateMachine.java:takeSnapshot(355)) - group-29759FB93938: Taking a snapshot at:(t:1, i:0) file /home/runner/work/ozone/ozone/hadoop-ozone/integration-test/target/test-dir/MiniOzoneClusterImpl-4c2a292f-c896-477d-a18b-b69de7e7ed64/ozone-meta/datanode-1/ratis/c3067428-c4b1-46eb-945d-29759fb93938/sm/snapshot.1_0
2024-08-03 20:05:18,406 [ad840c1c-4245-4817-9bba-62272b02ba42@group-A97E9B20C87D-FollowerState] INFO  impl.FollowerState (FollowerState.java:run(153)) - ad840c1c-4245-4817-9bba-62272b02ba42@group-A97E9B20C87D-FollowerState was interrupted
2024-08-03 20:05:18,406 [23b8e6c4-9ef5-4db8-98cf-56f7581f9eb2@group-29759FB93938-FollowerState] INFO  impl.FollowerState (FollowerState.java:run(153)) - 23b8e6c4-9ef5-4db8-98cf-56f7581f9eb2@group-29759FB93938-FollowerState was interrupted
2024-08-03 20:05:18,407 [ad840c1c-4245-4817-9bba-62272b02ba42@group-29759FB93938-StateMachineUpdater] INFO  ratis.ContainerStateMachine (ContainerStateMachine.java:takeSnapshot(355)) - group-29759FB93938: Taking a snapshot at:(t:1, i:0) file /home/runner/work/ozone/ozone/hadoop-ozone/integration-test/target/test-dir/MiniOzoneClusterImpl-4c2a292f-c896-477d-a18b-b69de7e7ed64/ozone-meta/datanode-3/ratis/c3067428-c4b1-46eb-945d-29759fb93938/sm/snapshot.1_0
2024-08-03 20:05:18,406 [23b8e6c4-9ef5-4db8-98cf-56f7581f9eb2-impl-thread2] INFO  impl.StateMachineUpdater (StateMachineUpdater.java:stopAndJoin(164)) - 23b8e6c4-9ef5-4db8-98cf-56f7581f9eb2@group-29759FB93938-StateMachineUpdater: set stopIndex = 0
2024-08-03 20:05:18,406 [ad840c1c-4245-4817-9bba-62272b02ba42@group-A97E9B20C87D-StateMachineUpdater] INFO  ratis.ContainerStateMachine (ContainerStateMachine.java:takeSnapshot(355)) - group-A97E9B20C87D: Taking a snapshot at:(t:1, i:0) file /home/runner/work/ozone/ozone/hadoop-ozone/integration-test/target/test-dir/MiniOzoneClusterImpl-4c2a292f-c896-477d-a18b-b69de7e7ed64/ozone-meta/datanode-3/ratis/86c067dd-2e56-4990-8ea7-a97e9b20c87d/sm/snapshot.1_0
2024-08-03 20:05:18,406 [ad840c1c-4245-4817-9bba-62272b02ba42-impl-thread3] INFO  impl.StateMachineUpdater (StateMachineUpdater.java:stopAndJoin(164)) - ad840c1c-4245-4817-9bba-62272b02ba42@group-A97E9B20C87D-StateMachineUpdater: set stopIndex = 0
2024-08-03 20:05:18,407 [ForkJoinPool.commonPool-worker-3] INFO  server.GrpcService (GrpcService.java:closeImpl(320)) - ad840c1c-4245-4817-9bba-62272b02ba42: shutdown server org.apache.ratis.grpc.server.GrpcClientProtocolService successfully
2024-08-03 20:05:18,407 [ForkJoinPool.commonPool-worker-3] INFO  server.GrpcService (GrpcService.java:closeImpl(311)) - ad840c1c-4245-4817-9bba-62272b02ba42: shutdown server GrpcServerProtocolService now
2024-08-03 20:05:18,406 [23b8e6c4-9ef5-4db8-98cf-56f7581f9eb2-impl-thread3] INFO  util.JmxRegister (JmxRegister.java:unregister(74)) - Successfully un-registered JMX Bean with object name Ratis:service=RaftServer,group=group-A97E9B20C87D,id=23b8e6c4-9ef5-4db8-98cf-56f7581f9eb2
2024-08-03 20:05:18,408 [23b8e6c4-9ef5-4db8-98cf-56f7581f9eb2-impl-thread3] INFO  impl.RoleInfo (RoleInfo.java:shutdownLeaderState(103)) - 23b8e6c4-9ef5-4db8-98cf-56f7581f9eb2: shutdown 23b8e6c4-9ef5-4db8-98cf-56f7581f9eb2@group-A97E9B20C87D-LeaderStateImpl
2024-08-03 20:05:18,408 [23b8e6c4-9ef5-4db8-98cf-56f7581f9eb2-impl-thread3] INFO  impl.PendingRequests (PendingRequests.java:sendNotLeaderResponses(287)) - 23b8e6c4-9ef5-4db8-98cf-56f7581f9eb2@group-A97E9B20C87D-PendingRequests: sendNotLeaderResponses
2024-08-03 20:05:18,409 [ad840c1c-4245-4817-9bba-62272b02ba42-impl-thread1] INFO  impl.StateMachineUpdater (StateMachineUpdater.java:stopAndJoin(164)) - ad840c1c-4245-4817-9bba-62272b02ba42@group-ED67C9AFABEB-StateMachineUpdater: set stopIndex = 3
2024-08-03 20:05:18,409 [23b8e6c4-9ef5-4db8-98cf-56f7581f9eb2@group-1E87DAE416C5-StateMachineUpdater] INFO  ratis.ContainerStateMachine (ContainerStateMachine.java:takeSnapshot(355)) - group-1E87DAE416C5: Taking a snapshot at:(t:1, i:0) file /home/runner/work/ozone/ozone/hadoop-ozone/integration-test/target/test-dir/MiniOzoneClusterImpl-4c2a292f-c896-477d-a18b-b69de7e7ed64/ozone-meta/datanode-1/ratis/6472c907-96ec-45de-909b-1e87dae416c5/sm/snapshot.1_0
2024-08-03 20:05:18,409 [ad840c1c-4245-4817-9bba-62272b02ba42@group-ED67C9AFABEB-StateMachineUpdater] INFO  ratis.ContainerStateMachine (ContainerStateMachine.java:takeSnapshot(355)) - group-ED67C9AFABEB: Taking a snapshot at:(t:1, i:3) file /home/runner/work/ozone/ozone/hadoop-ozone/integration-test/target/test-dir/MiniOzoneClusterImpl-4c2a292f-c896-477d-a18b-b69de7e7ed64/ozone-meta/datanode-3/ratis/e80fae2f-6558-41a4-9125-ed67c9afabeb/sm/snapshot.1_3
2024-08-03 20:05:18,409 [ForkJoinPool.commonPool-worker-3] INFO  server.GrpcService (GrpcService.java:closeImpl(320)) - ad840c1c-4245-4817-9bba-62272b02ba42: shutdown server GrpcServerProtocolService successfully
2024-08-03 20:05:18,409 [ForkJoinPool.commonPool-worker-3] INFO  server.GrpcService (GrpcService.java:closeImpl(311)) - ad840c1c-4245-4817-9bba-62272b02ba42: shutdown server org.apache.ratis.grpc.server.GrpcAdminProtocolService now
2024-08-03 20:05:18,409 [3dd31e9f-fa72-4829-9441-ee2f0f7ab9e4-impl-thread1] INFO  impl.StateMachineUpdater (StateMachineUpdater.java:stopAndJoin(164)) - 3dd31e9f-fa72-4829-9441-ee2f0f7ab9e4@group-29759FB93938-StateMachineUpdater: set stopIndex = 0
2024-08-03 20:05:18,409 [3dd31e9f-fa72-4829-9441-ee2f0f7ab9e4@group-29759FB93938-StateMachineUpdater] INFO  ratis.ContainerStateMachine (ContainerStateMachine.java:takeSnapshot(355)) - group-29759FB93938: Taking a snapshot at:(t:1, i:0) file /home/runner/work/ozone/ozone/hadoop-ozone/integration-test/target/test-dir/MiniOzoneClusterImpl-4c2a292f-c896-477d-a18b-b69de7e7ed64/ozone-meta/datanode-2/ratis/c3067428-c4b1-46eb-945d-29759fb93938/sm/snapshot.1_0
2024-08-03 20:05:18,409 [grpc-default-executor-1] INFO  server.GrpcServerProtocolService (GrpcServerProtocolService.java:onCompleted(157)) - 3dd31e9f-fa72-4829-9441-ee2f0f7ab9e4: Completed APPEND_ENTRIES, lastRequest: 23b8e6c4-9ef5-4db8-98cf-56f7581f9eb2->3dd31e9f-fa72-4829-9441-ee2f0f7ab9e4#1-t1,previous=(t:0, i:0),leaderCommit=-1,initializing? false,entries: size=1, first=(t:1, i:0), CONFIGURATIONENTRY(current:id:"23b8e6c4-9ef5-4db8-98cf-56f7581f9eb2"address:"127.0.0.1:15030"priority:1dataStreamAddress:"127.0.0.1:15031"clientAddress:"127.0.0.1:15028"adminAddress:"127.0.0.1:15029"startupRole:FOLLOWER, id:"3dd31e9f-fa72-4829-9441-ee2f0f7ab9e4"address:"127.0.0.1:15039"dataStreamAddress:"127.0.0.1:15040"clientAddress:"127.0.0.1:15037"adminAddress:"127.0.0.1:15038"startupRole:FOLLOWER, id:"ad840c1c-4245-4817-9bba-62272b02ba42"address:"127.0.0.1:15048"dataStreamAddress:"127.0.0.1:15049"clientAddress:"127.0.0.1:15046"adminAddress:"127.0.0.1:15047"startupRole:FOLLOWER, old:)
2024-08-03 20:05:18,409 [grpc-default-executor-1] INFO  server.GrpcServerProtocolService (GrpcServerProtocolService.java:lambda$onCompleted$5(159)) - 3dd31e9f-fa72-4829-9441-ee2f0f7ab9e4: Completed APPEND_ENTRIES, lastReply: null
2024-08-03 20:05:18,410 [grpc-default-executor-3] WARN  server.GrpcServerProtocolService (LogUtils.java:warn(121)) - ad840c1c-4245-4817-9bba-62272b02ba42: APPEND_ENTRIES onError, lastRequest: 23b8e6c4-9ef5-4db8-98cf-56f7581f9eb2->ad840c1c-4245-4817-9bba-62272b02ba42#1-t1,previous=(t:0, i:0),leaderCommit=-1,initializing? false,entries: size=1, first=(t:1, i:0), CONFIGURATIONENTRY(current:id:"23b8e6c4-9ef5-4db8-98cf-56f7581f9eb2"address:"127.0.0.1:15030"priority:1dataStreamAddress:"127.0.0.1:15031"clientAddress:"127.0.0.1:15028"adminAddress:"127.0.0.1:15029"startupRole:FOLLOWER, id:"3dd31e9f-fa72-4829-9441-ee2f0f7ab9e4"address:"127.0.0.1:15039"dataStreamAddress:"127.0.0.1:15040"clientAddress:"127.0.0.1:15037"adminAddress:"127.0.0.1:15038"startupRole:FOLLOWER, id:"ad840c1c-4245-4817-9bba-62272b02ba42"address:"127.0.0.1:15048"dataStreamAddress:"127.0.0.1:15049"clientAddress:"127.0.0.1:15046"adminAddress:"127.0.0.1:15047"startupRole:FOLLOWER, old:): org.apache.ratis.thirdparty.io.grpc.StatusRuntimeException: CANCELLED: client cancelled
2024-08-03 20:05:18,410 [3dd31e9f-fa72-4829-9441-ee2f0f7ab9e4@group-2479445D8B61-StateMachineUpdater] INFO  ratis.ContainerStateMachine (ContainerStateMachine.java:takeSnapshot(355)) - group-2479445D8B61: Taking a snapshot at:(t:1, i:0) file /home/runner/work/ozone/ozone/hadoop-ozone/integration-test/target/test-dir/MiniOzoneClusterImpl-4c2a292f-c896-477d-a18b-b69de7e7ed64/ozone-meta/datanode-2/ratis/82329030-2722-47a0-a378-2479445d8b61/sm/snapshot.1_0
2024-08-03 20:05:18,410 [grpc-default-executor-3] INFO  server.GrpcServerProtocolService (GrpcServerProtocolService.java:onCompleted(157)) - 3dd31e9f-fa72-4829-9441-ee2f0f7ab9e4: Completed APPEND_ENTRIES, lastRequest: null
2024-08-03 20:05:18,409 [23b8e6c4-9ef5-4db8-98cf-56f7581f9eb2-impl-thread1] INFO  impl.StateMachineUpdater (StateMachineUpdater.java:stopAndJoin(164)) - 23b8e6c4-9ef5-4db8-98cf-56f7581f9eb2@group-1E87DAE416C5-StateMachineUpdater: set stopIndex = 0
2024-08-03 20:05:18,410 [Thread-1117] INFO  server.GrpcServerProtocolClient (GrpcServerProtocolClient.java:close(103)) - ad840c1c-4245-4817-9bba-62272b02ba42 Close channels
2024-08-03 20:05:18,409 [3dd31e9f-fa72-4829-9441-ee2f0f7ab9e4-impl-thread2] INFO  impl.StateMachineUpdater (StateMachineUpdater.java:stopAndJoin(164)) - 3dd31e9f-fa72-4829-9441-ee2f0f7ab9e4@group-2479445D8B61-StateMachineUpdater: set stopIndex = 0
2024-08-03 20:05:18,410 [grpc-default-executor-3] INFO  server.GrpcServerProtocolService (GrpcServerProtocolService.java:lambda$onCompleted$5(159)) - 3dd31e9f-fa72-4829-9441-ee2f0f7ab9e4: Completed APPEND_ENTRIES, lastReply: serverReply {
  requestorId: "23b8e6c4-9ef5-4db8-98cf-56f7581f9eb2"
  replyId: "3dd31e9f-fa72-4829-9441-ee2f0f7ab9e4"
  raftGroupId {
    id: "\206\300g\335.VI\220\216\247\251~\233 \310}"
  }
  callId: 11
  success: true
}
term: 1
nextIndex: 1
matchIndex: 18446744073709551615
isHearbeat: true

2024-08-03 20:05:18,409 [grpc-default-executor-5] WARN  server.GrpcServerProtocolService (LogUtils.java:warn(121)) - ad840c1c-4245-4817-9bba-62272b02ba42: APPEND_ENTRIES onError, lastRequest: null: org.apache.ratis.thirdparty.io.grpc.StatusRuntimeException: CANCELLED: client cancelled
2024-08-03 20:05:18,411 [main] INFO  server.GrpcService (GrpcService.java:closeImpl(320)) - 3dd31e9f-fa72-4829-9441-ee2f0f7ab9e4: shutdown server org.apache.ratis.grpc.server.GrpcClientProtocolService successfully
2024-08-03 20:05:18,411 [main] INFO  server.GrpcService (GrpcService.java:closeImpl(311)) - 3dd31e9f-fa72-4829-9441-ee2f0f7ab9e4: shutdown server GrpcServerProtocolService now
2024-08-03 20:05:18,409 [ForkJoinPool.commonPool-worker-3] INFO  server.GrpcService (GrpcService.java:closeImpl(320)) - ad840c1c-4245-4817-9bba-62272b02ba42: shutdown server org.apache.ratis.grpc.server.GrpcAdminProtocolService successfully
2024-08-03 20:05:18,410 [23b8e6c4-9ef5-4db8-98cf-56f7581f9eb2@group-A97E9B20C87D-StateMachineUpdater] INFO  ratis.ContainerStateMachine (ContainerStateMachine.java:takeSnapshot(355)) - group-A97E9B20C87D: Taking a snapshot at:(t:1, i:0) file /home/runner/work/ozone/ozone/hadoop-ozone/integration-test/target/test-dir/MiniOzoneClusterImpl-4c2a292f-c896-477d-a18b-b69de7e7ed64/ozone-meta/datanode-1/ratis/86c067dd-2e56-4990-8ea7-a97e9b20c87d/sm/snapshot.1_0
2024-08-03 20:05:18,410 [23b8e6c4-9ef5-4db8-98cf-56f7581f9eb2-impl-thread3] INFO  impl.StateMachineUpdater (StateMachineUpdater.java:stopAndJoin(164)) - 23b8e6c4-9ef5-4db8-98cf-56f7581f9eb2@group-A97E9B20C87D-StateMachineUpdater: set stopIndex = 0
2024-08-03 20:05:18,414 [ForkJoinPool.commonPool-worker-1] INFO  server.GrpcService (GrpcService.java:closeImpl(320)) - 23b8e6c4-9ef5-4db8-98cf-56f7581f9eb2: shutdown server org.apache.ratis.grpc.server.GrpcClientProtocolService successfully
2024-08-03 20:05:18,414 [ForkJoinPool.commonPool-worker-1] INFO  server.GrpcService (GrpcService.java:closeImpl(311)) - 23b8e6c4-9ef5-4db8-98cf-56f7581f9eb2: shutdown server GrpcServerProtocolService now
2024-08-03 20:05:18,414 [main] INFO  server.GrpcService (GrpcService.java:closeImpl(320)) - 3dd31e9f-fa72-4829-9441-ee2f0f7ab9e4: shutdown server GrpcServerProtocolService successfully
2024-08-03 20:05:18,414 [main] INFO  server.GrpcService (GrpcService.java:closeImpl(311)) - 3dd31e9f-fa72-4829-9441-ee2f0f7ab9e4: shutdown server org.apache.ratis.grpc.server.GrpcAdminProtocolService now
2024-08-03 20:05:18,414 [ForkJoinPool.commonPool-worker-1] INFO  server.GrpcService (GrpcService.java:closeImpl(320)) - 23b8e6c4-9ef5-4db8-98cf-56f7581f9eb2: shutdown server GrpcServerProtocolService successfully
2024-08-03 20:05:18,414 [ForkJoinPool.commonPool-worker-1] INFO  server.GrpcService (GrpcService.java:closeImpl(311)) - 23b8e6c4-9ef5-4db8-98cf-56f7581f9eb2: shutdown server org.apache.ratis.grpc.server.GrpcAdminProtocolService now
2024-08-03 20:05:18,415 [main] INFO  server.GrpcService (GrpcService.java:closeImpl(320)) - 3dd31e9f-fa72-4829-9441-ee2f0f7ab9e4: shutdown server org.apache.ratis.grpc.server.GrpcAdminProtocolService successfully
2024-08-03 20:05:18,415 [ForkJoinPool.commonPool-worker-1] INFO  server.GrpcService (GrpcService.java:closeImpl(320)) - 23b8e6c4-9ef5-4db8-98cf-56f7581f9eb2: shutdown server org.apache.ratis.grpc.server.GrpcAdminProtocolService successfully
2024-08-03 20:05:18,428 [23b8e6c4-9ef5-4db8-98cf-56f7581f9eb2@group-A97E9B20C87D-StateMachineUpdater] INFO  ratis.ContainerStateMachine (ContainerStateMachine.java:takeSnapshot(366)) - group-A97E9B20C87D: Finished taking a snapshot at:(t:1, i:0) file:/home/runner/work/ozone/ozone/hadoop-ozone/integration-test/target/test-dir/MiniOzoneClusterImpl-4c2a292f-c896-477d-a18b-b69de7e7ed64/ozone-meta/datanode-1/ratis/86c067dd-2e56-4990-8ea7-a97e9b20c87d/sm/snapshot.1_0 took: 18 ms
2024-08-03 20:05:18,428 [3dd31e9f-fa72-4829-9441-ee2f0f7ab9e4@group-A97E9B20C87D-StateMachineUpdater] INFO  ratis.ContainerStateMachine (ContainerStateMachine.java:takeSnapshot(366)) - group-A97E9B20C87D: Finished taking a snapshot at:(t:1, i:0) file:/home/runner/work/ozone/ozone/hadoop-ozone/integration-test/target/test-dir/MiniOzoneClusterImpl-4c2a292f-c896-477d-a18b-b69de7e7ed64/ozone-meta/datanode-2/ratis/86c067dd-2e56-4990-8ea7-a97e9b20c87d/sm/snapshot.1_0 took: 31 ms
2024-08-03 20:05:18,428 [23b8e6c4-9ef5-4db8-98cf-56f7581f9eb2@group-29759FB93938-StateMachineUpdater] INFO  ratis.ContainerStateMachine (ContainerStateMachine.java:takeSnapshot(366)) - group-29759FB93938: Finished taking a snapshot at:(t:1, i:0) file:/home/runner/work/ozone/ozone/hadoop-ozone/integration-test/target/test-dir/MiniOzoneClusterImpl-4c2a292f-c896-477d-a18b-b69de7e7ed64/ozone-meta/datanode-1/ratis/c3067428-c4b1-46eb-945d-29759fb93938/sm/snapshot.1_0 took: 22 ms
2024-08-03 20:05:18,429 [23b8e6c4-9ef5-4db8-98cf-56f7581f9eb2@group-1E87DAE416C5-StateMachineUpdater] INFO  ratis.ContainerStateMachine (ContainerStateMachine.java:takeSnapshot(366)) - group-1E87DAE416C5: Finished taking a snapshot at:(t:1, i:0) file:/home/runner/work/ozone/ozone/hadoop-ozone/integration-test/target/test-dir/MiniOzoneClusterImpl-4c2a292f-c896-477d-a18b-b69de7e7ed64/ozone-meta/datanode-1/ratis/6472c907-96ec-45de-909b-1e87dae416c5/sm/snapshot.1_0 took: 21 ms
2024-08-03 20:05:18,428 [3dd31e9f-fa72-4829-9441-ee2f0f7ab9e4@group-29759FB93938-StateMachineUpdater] INFO  ratis.ContainerStateMachine (ContainerStateMachine.java:takeSnapshot(366)) - group-29759FB93938: Finished taking a snapshot at:(t:1, i:0) file:/home/runner/work/ozone/ozone/hadoop-ozone/integration-test/target/test-dir/MiniOzoneClusterImpl-4c2a292f-c896-477d-a18b-b69de7e7ed64/ozone-meta/datanode-2/ratis/c3067428-c4b1-46eb-945d-29759fb93938/sm/snapshot.1_0 took: 19 ms
2024-08-03 20:05:18,429 [ad840c1c-4245-4817-9bba-62272b02ba42@group-29759FB93938-StateMachineUpdater] INFO  ratis.ContainerStateMachine (ContainerStateMachine.java:takeSnapshot(366)) - group-29759FB93938: Finished taking a snapshot at:(t:1, i:0) file:/home/runner/work/ozone/ozone/hadoop-ozone/integration-test/target/test-dir/MiniOzoneClusterImpl-4c2a292f-c896-477d-a18b-b69de7e7ed64/ozone-meta/datanode-3/ratis/c3067428-c4b1-46eb-945d-29759fb93938/sm/snapshot.1_0 took: 23 ms
2024-08-03 20:05:18,429 [23b8e6c4-9ef5-4db8-98cf-56f7581f9eb2@group-29759FB93938-StateMachineUpdater] INFO  impl.StateMachineUpdater (StateMachineUpdater.java:takeSnapshot(303)) - 23b8e6c4-9ef5-4db8-98cf-56f7581f9eb2@group-29759FB93938-StateMachineUpdater: Took a snapshot at index 0
2024-08-03 20:05:18,429 [ad840c1c-4245-4817-9bba-62272b02ba42@group-29759FB93938-StateMachineUpdater] INFO  impl.StateMachineUpdater (StateMachineUpdater.java:takeSnapshot(303)) - ad840c1c-4245-4817-9bba-62272b02ba42@group-29759FB93938-StateMachineUpdater: Took a snapshot at index 0
2024-08-03 20:05:18,429 [ad840c1c-4245-4817-9bba-62272b02ba42@group-29759FB93938-StateMachineUpdater] INFO  impl.StateMachineUpdater (StateMachineUpdater.java:lambda$new$0(102)) - ad840c1c-4245-4817-9bba-62272b02ba42@group-29759FB93938-StateMachineUpdater: snapshotIndex: updateIncreasingly -1 -> 0
2024-08-03 20:05:18,430 [3dd31e9f-fa72-4829-9441-ee2f0f7ab9e4@group-A97E9B20C87D-StateMachineUpdater] INFO  impl.StateMachineUpdater (StateMachineUpdater.java:takeSnapshot(303)) - 3dd31e9f-fa72-4829-9441-ee2f0f7ab9e4@group-A97E9B20C87D-StateMachineUpdater: Took a snapshot at index 0
2024-08-03 20:05:18,430 [3dd31e9f-fa72-4829-9441-ee2f0f7ab9e4@group-A97E9B20C87D-StateMachineUpdater] INFO  impl.StateMachineUpdater (StateMachineUpdater.java:lambda$new$0(102)) - 3dd31e9f-fa72-4829-9441-ee2f0f7ab9e4@group-A97E9B20C87D-StateMachineUpdater: snapshotIndex: updateIncreasingly -1 -> 0
2024-08-03 20:05:18,430 [3dd31e9f-fa72-4829-9441-ee2f0f7ab9e4@group-A97E9B20C87D-StateMachineUpdater] INFO  impl.StateMachineUpdater (StateMachineUpdater.java:stop(141)) - 3dd31e9f-fa72-4829-9441-ee2f0f7ab9e4@group-A97E9B20C87D-StateMachineUpdater: closing ContainerStateMachine, lastApplied=(t:1, i:0)
2024-08-03 20:05:18,430 [23b8e6c4-9ef5-4db8-98cf-56f7581f9eb2@group-A97E9B20C87D-StateMachineUpdater] INFO  impl.StateMachineUpdater (StateMachineUpdater.java:takeSnapshot(303)) - 23b8e6c4-9ef5-4db8-98cf-56f7581f9eb2@group-A97E9B20C87D-StateMachineUpdater: Took a snapshot at index 0
2024-08-03 20:05:18,430 [23b8e6c4-9ef5-4db8-98cf-56f7581f9eb2@group-A97E9B20C87D-StateMachineUpdater] INFO  impl.StateMachineUpdater (StateMachineUpdater.java:lambda$new$0(102)) - 23b8e6c4-9ef5-4db8-98cf-56f7581f9eb2@group-A97E9B20C87D-StateMachineUpdater: snapshotIndex: updateIncreasingly -1 -> 0
2024-08-03 20:05:18,430 [23b8e6c4-9ef5-4db8-98cf-56f7581f9eb2@group-A97E9B20C87D-StateMachineUpdater] INFO  impl.StateMachineUpdater (StateMachineUpdater.java:stop(141)) - 23b8e6c4-9ef5-4db8-98cf-56f7581f9eb2@group-A97E9B20C87D-StateMachineUpdater: closing ContainerStateMachine, lastApplied=(t:1, i:0)
2024-08-03 20:05:18,428 [3dd31e9f-fa72-4829-9441-ee2f0f7ab9e4@group-2479445D8B61-StateMachineUpdater] INFO  ratis.ContainerStateMachine (ContainerStateMachine.java:takeSnapshot(366)) - group-2479445D8B61: Finished taking a snapshot at:(t:1, i:0) file:/home/runner/work/ozone/ozone/hadoop-ozone/integration-test/target/test-dir/MiniOzoneClusterImpl-4c2a292f-c896-477d-a18b-b69de7e7ed64/ozone-meta/datanode-2/ratis/82329030-2722-47a0-a378-2479445d8b61/sm/snapshot.1_0 took: 18 ms
2024-08-03 20:05:18,430 [ad840c1c-4245-4817-9bba-62272b02ba42@group-29759FB93938-StateMachineUpdater] INFO  impl.StateMachineUpdater (StateMachineUpdater.java:stop(141)) - ad840c1c-4245-4817-9bba-62272b02ba42@group-29759FB93938-StateMachineUpdater: closing ContainerStateMachine, lastApplied=(t:1, i:0)
2024-08-03 20:05:18,430 [3dd31e9f-fa72-4829-9441-ee2f0f7ab9e4@group-A97E9B20C87D-cacheEviction-AwaitToRun] INFO  util.AwaitToRun (AwaitToRun.java:run(49)) - 3dd31e9f-fa72-4829-9441-ee2f0f7ab9e4@group-A97E9B20C87D-cacheEviction-AwaitToRun-AwaitForSignal is interrupted
2024-08-03 20:05:18,429 [3dd31e9f-fa72-4829-9441-ee2f0f7ab9e4@group-29759FB93938-StateMachineUpdater] INFO  impl.StateMachineUpdater (StateMachineUpdater.java:takeSnapshot(303)) - 3dd31e9f-fa72-4829-9441-ee2f0f7ab9e4@group-29759FB93938-StateMachineUpdater: Took a snapshot at index 0
2024-08-03 20:05:18,430 [3dd31e9f-fa72-4829-9441-ee2f0f7ab9e4@group-29759FB93938-StateMachineUpdater] INFO  impl.StateMachineUpdater (StateMachineUpdater.java:lambda$new$0(102)) - 3dd31e9f-fa72-4829-9441-ee2f0f7ab9e4@group-29759FB93938-StateMachineUpdater: snapshotIndex: updateIncreasingly -1 -> 0
2024-08-03 20:05:18,430 [3dd31e9f-fa72-4829-9441-ee2f0f7ab9e4@group-29759FB93938-StateMachineUpdater] INFO  impl.StateMachineUpdater (StateMachineUpdater.java:stop(141)) - 3dd31e9f-fa72-4829-9441-ee2f0f7ab9e4@group-29759FB93938-StateMachineUpdater: closing ContainerStateMachine, lastApplied=(t:1, i:0)
2024-08-03 20:05:18,429 [23b8e6c4-9ef5-4db8-98cf-56f7581f9eb2@group-29759FB93938-StateMachineUpdater] INFO  impl.StateMachineUpdater (StateMachineUpdater.java:lambda$new$0(102)) - 23b8e6c4-9ef5-4db8-98cf-56f7581f9eb2@group-29759FB93938-StateMachineUpdater: snapshotIndex: updateIncreasingly -1 -> 0
2024-08-03 20:05:18,429 [ad840c1c-4245-4817-9bba-62272b02ba42@group-A97E9B20C87D-StateMachineUpdater] INFO  ratis.ContainerStateMachine (ContainerStateMachine.java:takeSnapshot(366)) - group-A97E9B20C87D: Finished taking a snapshot at:(t:1, i:0) file:/home/runner/work/ozone/ozone/hadoop-ozone/integration-test/target/test-dir/MiniOzoneClusterImpl-4c2a292f-c896-477d-a18b-b69de7e7ed64/ozone-meta/datanode-3/ratis/86c067dd-2e56-4990-8ea7-a97e9b20c87d/sm/snapshot.1_0 took: 23 ms
2024-08-03 20:05:18,431 [23b8e6c4-9ef5-4db8-98cf-56f7581f9eb2@group-29759FB93938-StateMachineUpdater] INFO  impl.StateMachineUpdater (StateMachineUpdater.java:stop(141)) - 23b8e6c4-9ef5-4db8-98cf-56f7581f9eb2@group-29759FB93938-StateMachineUpdater: closing ContainerStateMachine, lastApplied=(t:1, i:0)
2024-08-03 20:05:18,431 [ad840c1c-4245-4817-9bba-62272b02ba42@group-A97E9B20C87D-StateMachineUpdater] INFO  impl.StateMachineUpdater (StateMachineUpdater.java:takeSnapshot(303)) - ad840c1c-4245-4817-9bba-62272b02ba42@group-A97E9B20C87D-StateMachineUpdater: Took a snapshot at index 0
2024-08-03 20:05:18,431 [ad840c1c-4245-4817-9bba-62272b02ba42@group-A97E9B20C87D-StateMachineUpdater] INFO  impl.StateMachineUpdater (StateMachineUpdater.java:lambda$new$0(102)) - ad840c1c-4245-4817-9bba-62272b02ba42@group-A97E9B20C87D-StateMachineUpdater: snapshotIndex: updateIncreasingly -1 -> 0
2024-08-03 20:05:18,431 [23b8e6c4-9ef5-4db8-98cf-56f7581f9eb2@group-1E87DAE416C5-StateMachineUpdater] INFO  impl.StateMachineUpdater (StateMachineUpdater.java:takeSnapshot(303)) - 23b8e6c4-9ef5-4db8-98cf-56f7581f9eb2@group-1E87DAE416C5-StateMachineUpdater: Took a snapshot at index 0
2024-08-03 20:05:18,431 [23b8e6c4-9ef5-4db8-98cf-56f7581f9eb2@group-1E87DAE416C5-StateMachineUpdater] INFO  impl.StateMachineUpdater (StateMachineUpdater.java:lambda$new$0(102)) - 23b8e6c4-9ef5-4db8-98cf-56f7581f9eb2@group-1E87DAE416C5-StateMachineUpdater: snapshotIndex: updateIncreasingly -1 -> 0
2024-08-03 20:05:18,431 [23b8e6c4-9ef5-4db8-98cf-56f7581f9eb2@group-1E87DAE416C5-StateMachineUpdater] INFO  impl.StateMachineUpdater (StateMachineUpdater.java:stop(141)) - 23b8e6c4-9ef5-4db8-98cf-56f7581f9eb2@group-1E87DAE416C5-StateMachineUpdater: closing ContainerStateMachine, lastApplied=(t:1, i:0)
2024-08-03 20:05:18,431 [23b8e6c4-9ef5-4db8-98cf-56f7581f9eb2@group-29759FB93938-cacheEviction-AwaitToRun] INFO  util.AwaitToRun (AwaitToRun.java:run(49)) - 23b8e6c4-9ef5-4db8-98cf-56f7581f9eb2@group-29759FB93938-cacheEviction-AwaitToRun-AwaitForSignal is interrupted
2024-08-03 20:05:18,430 [23b8e6c4-9ef5-4db8-98cf-56f7581f9eb2@group-A97E9B20C87D-cacheEviction-AwaitToRun] INFO  util.AwaitToRun (AwaitToRun.java:run(49)) - 23b8e6c4-9ef5-4db8-98cf-56f7581f9eb2@group-A97E9B20C87D-cacheEviction-AwaitToRun-AwaitForSignal is interrupted
2024-08-03 20:05:18,430 [3dd31e9f-fa72-4829-9441-ee2f0f7ab9e4@group-2479445D8B61-StateMachineUpdater] INFO  impl.StateMachineUpdater (StateMachineUpdater.java:takeSnapshot(303)) - 3dd31e9f-fa72-4829-9441-ee2f0f7ab9e4@group-2479445D8B61-StateMachineUpdater: Took a snapshot at index 0
2024-08-03 20:05:18,431 [23b8e6c4-9ef5-4db8-98cf-56f7581f9eb2@group-1E87DAE416C5-cacheEviction-AwaitToRun] INFO  util.AwaitToRun (AwaitToRun.java:run(49)) - 23b8e6c4-9ef5-4db8-98cf-56f7581f9eb2@group-1E87DAE416C5-cacheEviction-AwaitToRun-AwaitForSignal is interrupted
2024-08-03 20:05:18,431 [ad840c1c-4245-4817-9bba-62272b02ba42@group-A97E9B20C87D-StateMachineUpdater] INFO  impl.StateMachineUpdater (StateMachineUpdater.java:stop(141)) - ad840c1c-4245-4817-9bba-62272b02ba42@group-A97E9B20C87D-StateMachineUpdater: closing ContainerStateMachine, lastApplied=(t:1, i:0)
2024-08-03 20:05:18,431 [ad840c1c-4245-4817-9bba-62272b02ba42@group-29759FB93938-cacheEviction-AwaitToRun] INFO  util.AwaitToRun (AwaitToRun.java:run(49)) - ad840c1c-4245-4817-9bba-62272b02ba42@group-29759FB93938-cacheEviction-AwaitToRun-AwaitForSignal is interrupted
2024-08-03 20:05:18,432 [ad840c1c-4245-4817-9bba-62272b02ba42@group-A97E9B20C87D-cacheEviction-AwaitToRun] INFO  util.AwaitToRun (AwaitToRun.java:run(49)) - ad840c1c-4245-4817-9bba-62272b02ba42@group-A97E9B20C87D-cacheEviction-AwaitToRun-AwaitForSignal is interrupted
2024-08-03 20:05:18,431 [3dd31e9f-fa72-4829-9441-ee2f0f7ab9e4@group-29759FB93938-cacheEviction-AwaitToRun] INFO  util.AwaitToRun (AwaitToRun.java:run(49)) - 3dd31e9f-fa72-4829-9441-ee2f0f7ab9e4@group-29759FB93938-cacheEviction-AwaitToRun-AwaitForSignal is interrupted
2024-08-03 20:05:18,431 [3dd31e9f-fa72-4829-9441-ee2f0f7ab9e4@group-2479445D8B61-StateMachineUpdater] INFO  impl.StateMachineUpdater (StateMachineUpdater.java:lambda$new$0(102)) - 3dd31e9f-fa72-4829-9441-ee2f0f7ab9e4@group-2479445D8B61-StateMachineUpdater: snapshotIndex: updateIncreasingly -1 -> 0
2024-08-03 20:05:18,432 [3dd31e9f-fa72-4829-9441-ee2f0f7ab9e4@group-2479445D8B61-StateMachineUpdater] INFO  impl.StateMachineUpdater (StateMachineUpdater.java:stop(141)) - 3dd31e9f-fa72-4829-9441-ee2f0f7ab9e4@group-2479445D8B61-StateMachineUpdater: closing ContainerStateMachine, lastApplied=(t:1, i:0)
2024-08-03 20:05:18,432 [3dd31e9f-fa72-4829-9441-ee2f0f7ab9e4@group-2479445D8B61-cacheEviction-AwaitToRun] INFO  util.AwaitToRun (AwaitToRun.java:run(49)) - 3dd31e9f-fa72-4829-9441-ee2f0f7ab9e4@group-2479445D8B61-cacheEviction-AwaitToRun-AwaitForSignal is interrupted
2024-08-03 20:05:18,433 [ad840c1c-4245-4817-9bba-62272b02ba42@group-ED67C9AFABEB-StateMachineUpdater] INFO  ratis.ContainerStateMachine (ContainerStateMachine.java:takeSnapshot(366)) - group-ED67C9AFABEB: Finished taking a snapshot at:(t:1, i:3) file:/home/runner/work/ozone/ozone/hadoop-ozone/integration-test/target/test-dir/MiniOzoneClusterImpl-4c2a292f-c896-477d-a18b-b69de7e7ed64/ozone-meta/datanode-3/ratis/e80fae2f-6558-41a4-9125-ed67c9afabeb/sm/snapshot.1_3 took: 25 ms
2024-08-03 20:05:18,433 [ad840c1c-4245-4817-9bba-62272b02ba42@group-ED67C9AFABEB-StateMachineUpdater] INFO  impl.StateMachineUpdater (StateMachineUpdater.java:takeSnapshot(303)) - ad840c1c-4245-4817-9bba-62272b02ba42@group-ED67C9AFABEB-StateMachineUpdater: Took a snapshot at index 3
2024-08-03 20:05:18,433 [ad840c1c-4245-4817-9bba-62272b02ba42@group-ED67C9AFABEB-StateMachineUpdater] INFO  impl.StateMachineUpdater (StateMachineUpdater.java:lambda$new$0(102)) - ad840c1c-4245-4817-9bba-62272b02ba42@group-ED67C9AFABEB-StateMachineUpdater: snapshotIndex: updateIncreasingly -1 -> 3
2024-08-03 20:05:18,433 [ad840c1c-4245-4817-9bba-62272b02ba42@group-ED67C9AFABEB-StateMachineUpdater] INFO  impl.StateMachineUpdater (StateMachineUpdater.java:stop(141)) - ad840c1c-4245-4817-9bba-62272b02ba42@group-ED67C9AFABEB-StateMachineUpdater: closing ContainerStateMachine, lastApplied=(t:1, i:3)
2024-08-03 20:05:18,433 [ad840c1c-4245-4817-9bba-62272b02ba42@group-ED67C9AFABEB-cacheEviction-AwaitToRun] INFO  util.AwaitToRun (AwaitToRun.java:run(49)) - ad840c1c-4245-4817-9bba-62272b02ba42@group-ED67C9AFABEB-cacheEviction-AwaitToRun-AwaitForSignal is interrupted
2024-08-03 20:05:18,446 [ad840c1c-4245-4817-9bba-62272b02ba42-NettyServerStreamRpc-bossGroup--thread1] INFO  logging.LoggingHandler (AbstractInternalLogger.java:log(148)) - [id: 0x23c3ced8, L:/0.0.0.0:15049] CLOSE
2024-08-03 20:05:18,447 [ad840c1c-4245-4817-9bba-62272b02ba42-NettyServerStreamRpc-bossGroup--thread1] INFO  logging.LoggingHandler (AbstractInternalLogger.java:log(148)) - [id: 0x23c3ced8, L:/0.0.0.0:15049] INACTIVE
2024-08-03 20:05:18,447 [ad840c1c-4245-4817-9bba-62272b02ba42-NettyServerStreamRpc-bossGroup--thread1] INFO  logging.LoggingHandler (AbstractInternalLogger.java:log(148)) - [id: 0x23c3ced8, L:/0.0.0.0:15049] UNREGISTERED
2024-08-03 20:05:18,454 [3dd31e9f-fa72-4829-9441-ee2f0f7ab9e4-NettyServerStreamRpc-bossGroup--thread1] INFO  logging.LoggingHandler (AbstractInternalLogger.java:log(148)) - [id: 0x96fd2e12, L:/0.0.0.0:15040] CLOSE
2024-08-03 20:05:18,454 [3dd31e9f-fa72-4829-9441-ee2f0f7ab9e4-NettyServerStreamRpc-bossGroup--thread1] INFO  logging.LoggingHandler (AbstractInternalLogger.java:log(148)) - [id: 0x96fd2e12, L:/0.0.0.0:15040] INACTIVE
2024-08-03 20:05:18,454 [3dd31e9f-fa72-4829-9441-ee2f0f7ab9e4-NettyServerStreamRpc-bossGroup--thread1] INFO  logging.LoggingHandler (AbstractInternalLogger.java:log(148)) - [id: 0x96fd2e12, L:/0.0.0.0:15040] UNREGISTERED
2024-08-03 20:05:18,459 [23b8e6c4-9ef5-4db8-98cf-56f7581f9eb2-NettyServerStreamRpc-bossGroup--thread1] INFO  logging.LoggingHandler (AbstractInternalLogger.java:log(148)) - [id: 0x070e9e69, L:/0.0.0.0:15031] CLOSE
2024-08-03 20:05:18,459 [23b8e6c4-9ef5-4db8-98cf-56f7581f9eb2-NettyServerStreamRpc-bossGroup--thread1] INFO  logging.LoggingHandler (AbstractInternalLogger.java:log(148)) - [id: 0x070e9e69, L:/0.0.0.0:15031] INACTIVE
2024-08-03 20:05:18,459 [23b8e6c4-9ef5-4db8-98cf-56f7581f9eb2-NettyServerStreamRpc-bossGroup--thread1] INFO  logging.LoggingHandler (AbstractInternalLogger.java:log(148)) - [id: 0x070e9e69, L:/0.0.0.0:15031] UNREGISTERED
2024-08-03 20:05:18,522 [23b8e6c4-9ef5-4db8-98cf-56f7581f9eb2-impl-thread3] INFO  segmented.SegmentedRaftLogWorker (SegmentedRaftLogWorker.java:close(248)) - 23b8e6c4-9ef5-4db8-98cf-56f7581f9eb2@group-A97E9B20C87D-SegmentedRaftLogWorker close()
2024-08-03 20:05:18,541 [3dd31e9f-fa72-4829-9441-ee2f0f7ab9e4-impl-thread3] INFO  segmented.SegmentedRaftLogWorker (SegmentedRaftLogWorker.java:close(248)) - 3dd31e9f-fa72-4829-9441-ee2f0f7ab9e4@group-A97E9B20C87D-SegmentedRaftLogWorker close()
2024-08-03 20:05:18,550 [ad840c1c-4245-4817-9bba-62272b02ba42-impl-thread3] INFO  segmented.SegmentedRaftLogWorker (SegmentedRaftLogWorker.java:close(248)) - ad840c1c-4245-4817-9bba-62272b02ba42@group-A97E9B20C87D-SegmentedRaftLogWorker close()
2024-08-03 20:05:18,582 [23b8e6c4-9ef5-4db8-98cf-56f7581f9eb2-impl-thread1] INFO  segmented.SegmentedRaftLogWorker (SegmentedRaftLogWorker.java:close(248)) - 23b8e6c4-9ef5-4db8-98cf-56f7581f9eb2@group-1E87DAE416C5-SegmentedRaftLogWorker close()
2024-08-03 20:05:18,626 [ad840c1c-4245-4817-9bba-62272b02ba42-impl-thread1] INFO  segmented.SegmentedRaftLogWorker (SegmentedRaftLogWorker.java:close(248)) - ad840c1c-4245-4817-9bba-62272b02ba42@group-ED67C9AFABEB-SegmentedRaftLogWorker close()
2024-08-03 20:05:18,841 [3dd31e9f-fa72-4829-9441-ee2f0f7ab9e4-impl-thread1] INFO  segmented.SegmentedRaftLogWorker (SegmentedRaftLogWorker.java:close(248)) - 3dd31e9f-fa72-4829-9441-ee2f0f7ab9e4@group-29759FB93938-SegmentedRaftLogWorker close()
2024-08-03 20:05:18,869 [23b8e6c4-9ef5-4db8-98cf-56f7581f9eb2-impl-thread2] INFO  segmented.SegmentedRaftLogWorker (SegmentedRaftLogWorker.java:close(248)) - 23b8e6c4-9ef5-4db8-98cf-56f7581f9eb2@group-29759FB93938-SegmentedRaftLogWorker close()
2024-08-03 20:05:18,869 [JvmPauseMonitor5] INFO  util.JvmPauseMonitor (JvmPauseMonitor.java:run(152)) - JvmPauseMonitor-23b8e6c4-9ef5-4db8-98cf-56f7581f9eb2: Stopped
2024-08-03 20:05:18,882 [ad840c1c-4245-4817-9bba-62272b02ba42-impl-thread2] INFO  segmented.SegmentedRaftLogWorker (SegmentedRaftLogWorker.java:close(248)) - ad840c1c-4245-4817-9bba-62272b02ba42@group-29759FB93938-SegmentedRaftLogWorker close()
2024-08-03 20:05:18,883 [JvmPauseMonitor7] INFO  util.JvmPauseMonitor (JvmPauseMonitor.java:run(152)) - JvmPauseMonitor-ad840c1c-4245-4817-9bba-62272b02ba42: Stopped
2024-08-03 20:05:18,894 [3dd31e9f-fa72-4829-9441-ee2f0f7ab9e4-impl-thread2] INFO  segmented.SegmentedRaftLogWorker (SegmentedRaftLogWorker.java:close(248)) - 3dd31e9f-fa72-4829-9441-ee2f0f7ab9e4@group-2479445D8B61-SegmentedRaftLogWorker close()
2024-08-03 20:05:18,894 [JvmPauseMonitor6] INFO  util.JvmPauseMonitor (JvmPauseMonitor.java:run(152)) - JvmPauseMonitor-3dd31e9f-fa72-4829-9441-ee2f0f7ab9e4: Stopped
2024-08-03 20:05:20,880 [ForkJoinPool.commonPool-worker-1] INFO  utils.DatanodeStoreCache (DatanodeStoreCache.java:shutdownCache(116)) - Skip clearing cache in mini cluster mode. Entries left: [/home/runner/work/ozone/ozone/hadoop-ozone/integration-test/target/test-dir/MiniOzoneClusterImpl-4c2a292f-c896-477d-a18b-b69de7e7ed64/ozone-meta/datanode-1/data-0/hdds/4c2a292f-c896-477d-a18b-b69de7e7ed64/DS-b03eb487-5f80-4b94-b7bc-e07fd4b9528d/container.db, /home/runner/work/ozone/ozone/hadoop-ozone/integration-test/target/test-dir/MiniOzoneClusterImpl-4c2a292f-c896-477d-a18b-b69de7e7ed64/ozone-meta/datanode-2/data-0/hdds/4c2a292f-c896-477d-a18b-b69de7e7ed64/DS-8574071d-b460-4243-ad1b-266b5e76f55c/container.db, /home/runner/work/ozone/ozone/hadoop-ozone/integration-test/target/test-dir/MiniOzoneClusterImpl-4c2a292f-c896-477d-a18b-b69de7e7ed64/ozone-meta/datanode-3/data-0/hdds/4c2a292f-c896-477d-a18b-b69de7e7ed64/DS-5bdc7927-6bc2-4166-91e1-4cb8d73048b8/container.db]
2024-08-03 20:05:20,882 [ForkJoinPool.commonPool-worker-1] INFO  utils.DatanodeStoreCache (DatanodeStoreCache.java:removeDB(110)) - Removed db /home/runner/work/ozone/ozone/hadoop-ozone/integration-test/target/test-dir/MiniOzoneClusterImpl-4c2a292f-c896-477d-a18b-b69de7e7ed64/ozone-meta/datanode-1/data-0/hdds/4c2a292f-c896-477d-a18b-b69de7e7ed64/DS-b03eb487-5f80-4b94-b7bc-e07fd4b9528d/container.db from cache
2024-08-03 20:05:20,882 [ForkJoinPool.commonPool-worker-1] INFO  volume.HddsVolume (HddsVolume.java:closeDbStore(470)) - SchemaV3 db is stopped at /home/runner/work/ozone/ozone/hadoop-ozone/integration-test/target/test-dir/MiniOzoneClusterImpl-4c2a292f-c896-477d-a18b-b69de7e7ed64/ozone-meta/datanode-1/data-0/hdds/4c2a292f-c896-477d-a18b-b69de7e7ed64/DS-b03eb487-5f80-4b94-b7bc-e07fd4b9528d/container.db for volume DS-b03eb487-5f80-4b94-b7bc-e07fd4b9528d
2024-08-03 20:05:20,882 [ForkJoinPool.commonPool-worker-1] INFO  utils.BackgroundService (BackgroundService.java:shutdown(163)) - Shutting down service BlockDeletingService
2024-08-03 20:05:20,882 [ForkJoinPool.commonPool-worker-1] INFO  utils.BackgroundService (BackgroundService.java:shutdown(163)) - Shutting down service StaleRecoveringContainerScrubbingService
2024-08-03 20:05:20,882 [ForkJoinPool.commonPool-worker-1] INFO  statemachine.DatanodeStateMachine (DatanodeStateMachine.java:stopDaemon(624)) - Ozone container server stopped.
2024-08-03 20:05:20,886 [ForkJoinPool.commonPool-worker-3] INFO  utils.DatanodeStoreCache (DatanodeStoreCache.java:shutdownCache(116)) - Skip clearing cache in mini cluster mode. Entries left: [/home/runner/work/ozone/ozone/hadoop-ozone/integration-test/target/test-dir/MiniOzoneClusterImpl-4c2a292f-c896-477d-a18b-b69de7e7ed64/ozone-meta/datanode-2/data-0/hdds/4c2a292f-c896-477d-a18b-b69de7e7ed64/DS-8574071d-b460-4243-ad1b-266b5e76f55c/container.db, /home/runner/work/ozone/ozone/hadoop-ozone/integration-test/target/test-dir/MiniOzoneClusterImpl-4c2a292f-c896-477d-a18b-b69de7e7ed64/ozone-meta/datanode-3/data-0/hdds/4c2a292f-c896-477d-a18b-b69de7e7ed64/DS-5bdc7927-6bc2-4166-91e1-4cb8d73048b8/container.db]
2024-08-03 20:05:20,887 [ForkJoinPool.commonPool-worker-3] INFO  utils.DatanodeStoreCache (DatanodeStoreCache.java:removeDB(110)) - Removed db /home/runner/work/ozone/ozone/hadoop-ozone/integration-test/target/test-dir/MiniOzoneClusterImpl-4c2a292f-c896-477d-a18b-b69de7e7ed64/ozone-meta/datanode-3/data-0/hdds/4c2a292f-c896-477d-a18b-b69de7e7ed64/DS-5bdc7927-6bc2-4166-91e1-4cb8d73048b8/container.db from cache
2024-08-03 20:05:20,887 [ForkJoinPool.commonPool-worker-3] INFO  volume.HddsVolume (HddsVolume.java:closeDbStore(470)) - SchemaV3 db is stopped at /home/runner/work/ozone/ozone/hadoop-ozone/integration-test/target/test-dir/MiniOzoneClusterImpl-4c2a292f-c896-477d-a18b-b69de7e7ed64/ozone-meta/datanode-3/data-0/hdds/4c2a292f-c896-477d-a18b-b69de7e7ed64/DS-5bdc7927-6bc2-4166-91e1-4cb8d73048b8/container.db for volume DS-5bdc7927-6bc2-4166-91e1-4cb8d73048b8
2024-08-03 20:05:20,887 [ForkJoinPool.commonPool-worker-3] INFO  utils.BackgroundService (BackgroundService.java:shutdown(163)) - Shutting down service BlockDeletingService
2024-08-03 20:05:20,887 [ForkJoinPool.commonPool-worker-3] INFO  utils.BackgroundService (BackgroundService.java:shutdown(163)) - Shutting down service StaleRecoveringContainerScrubbingService
2024-08-03 20:05:20,887 [ForkJoinPool.commonPool-worker-3] INFO  statemachine.DatanodeStateMachine (DatanodeStateMachine.java:stopDaemon(624)) - Ozone container server stopped.
2024-08-03 20:05:20,897 [main] INFO  utils.DatanodeStoreCache (DatanodeStoreCache.java:shutdownCache(116)) - Skip clearing cache in mini cluster mode. Entries left: [/home/runner/work/ozone/ozone/hadoop-ozone/integration-test/target/test-dir/MiniOzoneClusterImpl-4c2a292f-c896-477d-a18b-b69de7e7ed64/ozone-meta/datanode-2/data-0/hdds/4c2a292f-c896-477d-a18b-b69de7e7ed64/DS-8574071d-b460-4243-ad1b-266b5e76f55c/container.db]
2024-08-03 20:05:20,898 [ForkJoinPool.commonPool-worker-1] INFO  handler.ContextHandler (ContextHandler.java:doStop(1159)) - Stopped o.e.j.w.WebAppContext@4787abde{hddsDatanode,/,null,STOPPED}{jar:file:/home/runner/work/ozone/ozone/hadoop-hdds/container-service/target/hdds-container-service-1.5.0-SNAPSHOT.jar!/webapps/hddsDatanode}
2024-08-03 20:05:20,898 [main] INFO  utils.DatanodeStoreCache (DatanodeStoreCache.java:removeDB(110)) - Removed db /home/runner/work/ozone/ozone/hadoop-ozone/integration-test/target/test-dir/MiniOzoneClusterImpl-4c2a292f-c896-477d-a18b-b69de7e7ed64/ozone-meta/datanode-2/data-0/hdds/4c2a292f-c896-477d-a18b-b69de7e7ed64/DS-8574071d-b460-4243-ad1b-266b5e76f55c/container.db from cache
2024-08-03 20:05:20,899 [main] INFO  volume.HddsVolume (HddsVolume.java:closeDbStore(470)) - SchemaV3 db is stopped at /home/runner/work/ozone/ozone/hadoop-ozone/integration-test/target/test-dir/MiniOzoneClusterImpl-4c2a292f-c896-477d-a18b-b69de7e7ed64/ozone-meta/datanode-2/data-0/hdds/4c2a292f-c896-477d-a18b-b69de7e7ed64/DS-8574071d-b460-4243-ad1b-266b5e76f55c/container.db for volume DS-8574071d-b460-4243-ad1b-266b5e76f55c
2024-08-03 20:05:20,899 [main] INFO  utils.BackgroundService (BackgroundService.java:shutdown(163)) - Shutting down service BlockDeletingService
2024-08-03 20:05:20,899 [ForkJoinPool.commonPool-worker-1] INFO  server.AbstractConnector (AbstractConnector.java:doStop(383)) - Stopped ServerConnector@70700265{HTTP/1.1, (http/1.1)}{0.0.0.0:15025}
2024-08-03 20:05:20,899 [ForkJoinPool.commonPool-worker-1] INFO  server.session (HouseKeeper.java:stopScavenging(149)) - node0 Stopped scavenging
2024-08-03 20:05:20,899 [ForkJoinPool.commonPool-worker-1] INFO  handler.ContextHandler (ContextHandler.java:doStop(1159)) - Stopped o.e.j.s.ServletContextHandler@1e0fe174{static,/static,jar:file:/home/runner/work/ozone/ozone/hadoop-hdds/container-service/target/hdds-container-service-1.5.0-SNAPSHOT.jar!/webapps/static,STOPPED}
2024-08-03 20:05:20,899 [ForkJoinPool.commonPool-worker-1] INFO  handler.ContextHandler (ContextHandler.java:doStop(1159)) - Stopped o.e.j.s.ServletContextHandler@9c3a9d6{logs,/logs,file:///home/runner/work/ozone/ozone/hadoop-ozone/integration-test/target/log,STOPPED}
2024-08-03 20:05:20,900 [main] INFO  utils.BackgroundService (BackgroundService.java:shutdown(163)) - Shutting down service StaleRecoveringContainerScrubbingService
2024-08-03 20:05:20,900 [main] INFO  statemachine.DatanodeStateMachine (DatanodeStateMachine.java:stopDaemon(624)) - Ozone container server stopped.
2024-08-03 20:05:20,901 [ForkJoinPool.commonPool-worker-1] INFO  ozone.HddsDatanodeClientProtocolServer (HddsDatanodeClientProtocolServer.java:stop(83)) - Stopping the RPC server for Client Protocol
2024-08-03 20:05:20,901 [ForkJoinPool.commonPool-worker-1] INFO  ipc.Server (Server.java:stop(3523)) - Stopping server on 15026
2024-08-03 20:05:20,902 [IPC Server listener on 15026] INFO  ipc.Server (Server.java:run(1434)) - Stopping IPC Server listener on 15026
2024-08-03 20:05:20,902 [IPC Server Responder] INFO  ipc.Server (Server.java:run(1567)) - Stopping IPC Server Responder
2024-08-03 20:05:20,904 [ForkJoinPool.commonPool-worker-3] INFO  handler.ContextHandler (ContextHandler.java:doStop(1159)) - Stopped o.e.j.w.WebAppContext@6f43db02{hddsDatanode,/,null,STOPPED}{jar:file:/home/runner/work/ozone/ozone/hadoop-hdds/container-service/target/hdds-container-service-1.5.0-SNAPSHOT.jar!/webapps/hddsDatanode}
2024-08-03 20:05:20,905 [ForkJoinPool.commonPool-worker-3] INFO  server.AbstractConnector (AbstractConnector.java:doStop(383)) - Stopped ServerConnector@a0825c1{HTTP/1.1, (http/1.1)}{0.0.0.0:15043}
2024-08-03 20:05:20,905 [ForkJoinPool.commonPool-worker-3] INFO  server.session (HouseKeeper.java:stopScavenging(149)) - node0 Stopped scavenging
2024-08-03 20:05:20,906 [ForkJoinPool.commonPool-worker-3] INFO  handler.ContextHandler (ContextHandler.java:doStop(1159)) - Stopped o.e.j.s.ServletContextHandler@6f614ad4{static,/static,jar:file:/home/runner/work/ozone/ozone/hadoop-hdds/container-service/target/hdds-container-service-1.5.0-SNAPSHOT.jar!/webapps/static,STOPPED}
2024-08-03 20:05:20,906 [ForkJoinPool.commonPool-worker-3] INFO  handler.ContextHandler (ContextHandler.java:doStop(1159)) - Stopped o.e.j.s.ServletContextHandler@613da64b{logs,/logs,file:///home/runner/work/ozone/ozone/hadoop-ozone/integration-test/target/log,STOPPED}
2024-08-03 20:05:20,907 [ForkJoinPool.commonPool-worker-3] INFO  ozone.HddsDatanodeClientProtocolServer (HddsDatanodeClientProtocolServer.java:stop(83)) - Stopping the RPC server for Client Protocol
2024-08-03 20:05:20,907 [ForkJoinPool.commonPool-worker-3] INFO  ipc.Server (Server.java:stop(3523)) - Stopping server on 15044
2024-08-03 20:05:20,907 [IPC Server listener on 15044] INFO  ipc.Server (Server.java:run(1434)) - Stopping IPC Server listener on 15044
2024-08-03 20:05:20,907 [IPC Server Responder] INFO  ipc.Server (Server.java:run(1567)) - Stopping IPC Server Responder
2024-08-03 20:05:20,916 [main] INFO  handler.ContextHandler (ContextHandler.java:doStop(1159)) - Stopped o.e.j.w.WebAppContext@31adc338{hddsDatanode,/,null,STOPPED}{jar:file:/home/runner/work/ozone/ozone/hadoop-hdds/container-service/target/hdds-container-service-1.5.0-SNAPSHOT.jar!/webapps/hddsDatanode}
2024-08-03 20:05:20,917 [main] INFO  server.AbstractConnector (AbstractConnector.java:doStop(383)) - Stopped ServerConnector@3da33a9{HTTP/1.1, (http/1.1)}{0.0.0.0:15034}
2024-08-03 20:05:20,917 [main] INFO  server.session (HouseKeeper.java:stopScavenging(149)) - node0 Stopped scavenging
2024-08-03 20:05:20,917 [main] INFO  handler.ContextHandler (ContextHandler.java:doStop(1159)) - Stopped o.e.j.s.ServletContextHandler@221577de{static,/static,jar:file:/home/runner/work/ozone/ozone/hadoop-hdds/container-service/target/hdds-container-service-1.5.0-SNAPSHOT.jar!/webapps/static,STOPPED}
2024-08-03 20:05:20,917 [main] INFO  handler.ContextHandler (ContextHandler.java:doStop(1159)) - Stopped o.e.j.s.ServletContextHandler@1f22ac9b{logs,/logs,file:///home/runner/work/ozone/ozone/hadoop-ozone/integration-test/target/log,STOPPED}
2024-08-03 20:05:20,918 [main] INFO  ozone.HddsDatanodeClientProtocolServer (HddsDatanodeClientProtocolServer.java:stop(83)) - Stopping the RPC server for Client Protocol
2024-08-03 20:05:20,918 [main] INFO  ipc.Server (Server.java:stop(3523)) - Stopping server on 15035
2024-08-03 20:05:20,918 [IPC Server listener on 15035] INFO  ipc.Server (Server.java:run(1434)) - Stopping IPC Server listener on 15035
2024-08-03 20:05:20,918 [IPC Server Responder] INFO  ipc.Server (Server.java:run(1567)) - Stopping IPC Server Responder
]]></system-out>
  </testcase>
  <testcase name="testBootstrapWithoutConfigUpdate" classname="org.apache.hadoop.ozone.om.TestAddRemoveOzoneManager" time="35.095"/>
  <testcase name="testBootstrap" classname="org.apache.hadoop.ozone.om.TestAddRemoveOzoneManager" time="48.386"/>
  <testcase name="testDecommission" classname="org.apache.hadoop.ozone.om.TestAddRemoveOzoneManager" time="34.935"/>
</testsuite>