<?xml version="1.0" encoding="UTF-8"?>
<testsuite xmlns:xsi="http://www.w3.org/2001/XMLSchema-instance" xsi:noNamespaceSchemaLocation="https://maven.apache.org/surefire/maven-surefire-plugin/xsd/surefire-test-report.xsd" name="org.apache.hadoop.ozone.client.rpc.TestDeleteWithSlowFollower" time="33.761" tests="1" errors="0" skipped="0" failures="1">
  <properties>
    <property name="awt.toolkit" value="sun.awt.X11.XToolkit"/>
    <property name="file.encoding.pkg" value="sun.io"/>
    <property name="java.specification.version" value="1.8"/>
    <property name="sun.cpu.isalist" value=""/>
    <property name="sun.jnu.encoding" value="ANSI_X3.4-1968"/>
    <property name="java.class.path" value="/github/workspace/mnt/ozone/hadoop-ozone/integration-test/target/test-classes:/github/workspace/mnt/ozone/hadoop-ozone/integration-test/target/classes:/home/user/.m2/repository/org/apache/hadoop/hadoop-ozone-common/0.6.0-SNAPSHOT/hadoop-ozone-common-0.6.0-SNAPSHOT.jar:/home/user/.m2/repository/org/apache/commons/commons-compress/1.4.1/commons-compress-1.4.1.jar:/home/user/.m2/repository/org/tukaani/xz/1.0/xz-1.0.jar:/home/user/.m2/repository/org/apache/hadoop/hadoop-hdds-common/0.6.0-SNAPSHOT/hadoop-hdds-common-0.6.0-SNAPSHOT.jar:/home/user/.m2/repository/org/apache/hadoop/hadoop-hdds-hadoop-dependency-client/0.6.0-SNAPSHOT/hadoop-hdds-hadoop-dependency-client-0.6.0-SNAPSHOT.jar:/home/user/.m2/repository/info/picocli/picocli/3.9.6/picocli-3.9.6.jar:/home/user/.m2/repository/com/fasterxml/jackson/core/jackson-annotations/2.10.3/jackson-annotations-2.10.3.jar:/home/user/.m2/repository/javax/annotation/javax.annotation-api/1.2/javax.annotation-api-1.2.jar:/home/user/.m2/repository/org/apache/ratis/ratis-server/1.0.0/ratis-server-1.0.0.jar:/home/user/.m2/repository/org/apache/ratis/ratis-client/1.0.0/ratis-client-1.0.0.jar:/home/user/.m2/repository/org/apache/ratis/ratis-metrics/1.0.0/ratis-metrics-1.0.0.jar:/home/user/.m2/repository/org/apache/ratis/ratis-netty/1.0.0/ratis-netty-1.0.0.jar:/home/user/.m2/repository/org/apache/ratis/ratis-grpc/1.0.0/ratis-grpc-1.0.0.jar:/home/user/.m2/repository/org/apache/logging/log4j/log4j-api/2.11.0/log4j-api-2.11.0.jar:/home/user/.m2/repository/org/apache/logging/log4j/log4j-core/2.11.0/log4j-core-2.11.0.jar:/home/user/.m2/repository/com/lmax/disruptor/3.4.2/disruptor-3.4.2.jar:/home/user/.m2/repository/org/apache/commons/commons-pool2/2.6.0/commons-pool2-2.6.0.jar:/home/user/.m2/repository/org/bouncycastle/bcpkix-jdk15on/1.60/bcpkix-jdk15on-1.60.jar:/home/user/.m2/repository/commons-validator/commons-validator/1.6/commons-validator-1.6.jar:/home/user/.m2/repository/commons-digester/commons-digester/1.8.1/commons-digester-1.8.1.jar:/home/user/.m2/repository/io/jaegertracing/jaeger-client/1.2.0/jaeger-client-1.2.0.jar:/home/user/.m2/repository/io/jaegertracing/jaeger-thrift/1.2.0/jaeger-thrift-1.2.0.jar:/home/user/.m2/repository/org/apache/thrift/libthrift/0.13.0/libthrift-0.13.0.jar:/home/user/.m2/repository/com/squareup/okhttp3/okhttp/4.2.2/okhttp-4.2.2.jar:/home/user/.m2/repository/com/squareup/okio/okio/2.2.2/okio-2.2.2.jar:/home/user/.m2/repository/org/jetbrains/kotlin/kotlin-stdlib/1.3.50/kotlin-stdlib-1.3.50.jar:/home/user/.m2/repository/org/jetbrains/kotlin/kotlin-stdlib-common/1.3.50/kotlin-stdlib-common-1.3.50.jar:/home/user/.m2/repository/org/jetbrains/annotations/13.0/annotations-13.0.jar:/home/user/.m2/repository/io/jaegertracing/jaeger-core/1.2.0/jaeger-core-1.2.0.jar:/home/user/.m2/repository/io/jaegertracing/jaeger-tracerresolver/1.2.0/jaeger-tracerresolver-1.2.0.jar:/home/user/.m2/repository/io/opentracing/contrib/opentracing-tracerresolver/0.1.8/opentracing-tracerresolver-0.1.8.jar:/home/user/.m2/repository/io/opentracing/opentracing-util/0.33.0/opentracing-util-0.33.0.jar:/home/user/.m2/repository/io/opentracing/opentracing-api/0.33.0/opentracing-api-0.33.0.jar:/home/user/.m2/repository/io/opentracing/opentracing-noop/0.33.0/opentracing-noop-0.33.0.jar:/home/user/.m2/repository/org/apache/hadoop/hadoop-hdds-client/0.6.0-SNAPSHOT/hadoop-hdds-client-0.6.0-SNAPSHOT.jar:/home/user/.m2/repository/org/apache/hadoop/hadoop-ozone-interface-client/0.6.0-SNAPSHOT/hadoop-ozone-interface-client-0.6.0-SNAPSHOT.jar:/home/user/.m2/repository/org/apache/hadoop/hadoop-hdds-test-utils/0.6.0-SNAPSHOT/hadoop-hdds-test-utils-0.6.0-SNAPSHOT.jar:/home/user/.m2/repository/com/google/guava/guava/28.2-jre/guava-28.2-jre.jar:/home/user/.m2/repository/com/google/guava/failureaccess/1.0.1/failureaccess-1.0.1.jar:/home/user/.m2/repository/com/google/guava/listenablefuture/9999.0-empty-to-avoid-conflict-with-guava/listenablefuture-9999.0-empty-to-avoid-conflict-with-guava.jar:/home/user/.m2/repository/com/google/code/findbugs/jsr305/3.0.0/jsr305-3.0.0.jar:/home/user/.m2/repository/org/checkerframework/checker-qual/2.10.0/checker-qual-2.10.0.jar:/home/user/.m2/repository/com/google/errorprone/error_prone_annotations/2.2.0/error_prone_annotations-2.2.0.jar:/home/user/.m2/repository/com/google/j2objc/j2objc-annotations/1.3/j2objc-annotations-1.3.jar:/home/user/.m2/repository/commons-io/commons-io/2.5/commons-io-2.5.jar:/home/user/.m2/repository/commons-logging/commons-logging/1.2/commons-logging-1.2.jar:/home/user/.m2/repository/log4j/log4j/1.2.17/log4j-1.2.17.jar:/home/user/.m2/repository/org/slf4j/slf4j-api/1.7.25/slf4j-api-1.7.25.jar:/home/user/.m2/repository/org/apache/hadoop/hadoop-hdds-server-scm/0.6.0-SNAPSHOT/hadoop-hdds-server-scm-0.6.0-SNAPSHOT.jar:/home/user/.m2/repository/org/apache/hadoop/hadoop-hdds-container-service/0.6.0-SNAPSHOT/hadoop-hdds-container-service-0.6.0-SNAPSHOT.jar:/home/user/.m2/repository/org/apache/hadoop/hadoop-hdds-hadoop-dependency-server/0.6.0-SNAPSHOT/hadoop-hdds-hadoop-dependency-server-0.6.0-SNAPSHOT.jar:/home/user/.m2/repository/org/apache/hadoop/hadoop-hdds-server-framework/0.6.0-SNAPSHOT/hadoop-hdds-server-framework-0.6.0-SNAPSHOT.jar:/home/user/.m2/repository/org/apache/hadoop/hadoop-hdds-interface-server/0.6.0-SNAPSHOT/hadoop-hdds-interface-server-0.6.0-SNAPSHOT.jar:/home/user/.m2/repository/org/apache/hadoop/hadoop-hdds-interface-admin/0.6.0-SNAPSHOT/hadoop-hdds-interface-admin-0.6.0-SNAPSHOT.jar:/home/user/.m2/repository/org/rocksdb/rocksdbjni/6.8.1/rocksdbjni-6.8.1.jar:/home/user/.m2/repository/io/prometheus/simpleclient_dropwizard/0.7.0/simpleclient_dropwizard-0.7.0.jar:/home/user/.m2/repository/io/prometheus/simpleclient/0.7.0/simpleclient-0.7.0.jar:/home/user/.m2/repository/io/prometheus/simpleclient_common/0.7.0/simpleclient_common-0.7.0.jar:/home/user/.m2/repository/com/fasterxml/jackson/datatype/jackson-datatype-jsr310/2.10.3/jackson-datatype-jsr310-2.10.3.jar:/home/user/.m2/repository/org/apache/hadoop/hadoop-hdds-docs/0.6.0-SNAPSHOT/hadoop-hdds-docs-0.6.0-SNAPSHOT.jar:/home/user/.m2/repository/io/dropwizard/metrics/metrics-core/3.2.4/metrics-core-3.2.4.jar:/home/user/.m2/repository/org/apache/hadoop/hadoop-hdfs-client/3.2.1/hadoop-hdfs-client-3.2.1.jar:/home/user/.m2/repository/org/bouncycastle/bcprov-jdk15on/1.60/bcprov-jdk15on-1.60.jar:/home/user/.m2/repository/org/apache/hadoop/hadoop-ozone-ozone-manager/0.6.0-SNAPSHOT/hadoop-ozone-ozone-manager-0.6.0-SNAPSHOT.jar:/home/user/.m2/repository/org/apache/hadoop/hadoop-hdds-interface-client/0.6.0-SNAPSHOT/hadoop-hdds-interface-client-0.6.0-SNAPSHOT.jar:/home/user/.m2/repository/org/apache/ratis/ratis-thirdparty-misc/0.5.0/ratis-thirdparty-misc-0.5.0.jar:/home/user/.m2/repository/org/apache/hadoop/hadoop-minikdc/3.2.1/hadoop-minikdc-3.2.1.jar:/home/user/.m2/repository/org/apache/kerby/kerb-simplekdc/1.0.1/kerb-simplekdc-1.0.1.jar:/home/user/.m2/repository/org/apache/kerby/kerb-client/1.0.1/kerb-client-1.0.1.jar:/home/user/.m2/repository/org/apache/kerby/kerby-config/1.0.1/kerby-config-1.0.1.jar:/home/user/.m2/repository/org/apache/kerby/kerb-core/1.0.1/kerb-core-1.0.1.jar:/home/user/.m2/repository/org/apache/kerby/kerby-pkix/1.0.1/kerby-pkix-1.0.1.jar:/home/user/.m2/repository/org/apache/kerby/kerby-asn1/1.0.1/kerby-asn1-1.0.1.jar:/home/user/.m2/repository/org/apache/kerby/kerby-util/1.0.1/kerby-util-1.0.1.jar:/home/user/.m2/repository/org/apache/kerby/kerb-common/1.0.1/kerb-common-1.0.1.jar:/home/user/.m2/repository/org/apache/kerby/kerb-crypto/1.0.1/kerb-crypto-1.0.1.jar:/home/user/.m2/repository/org/apache/kerby/kerb-util/1.0.1/kerb-util-1.0.1.jar:/home/user/.m2/repository/org/apache/kerby/token-provider/1.0.1/token-provider-1.0.1.jar:/home/user/.m2/repository/org/apache/kerby/kerb-admin/1.0.1/kerb-admin-1.0.1.jar:/home/user/.m2/repository/org/apache/kerby/kerb-server/1.0.1/kerb-server-1.0.1.jar:/home/user/.m2/repository/org/apache/kerby/kerb-identity/1.0.1/kerb-identity-1.0.1.jar:/home/user/.m2/repository/org/apache/kerby/kerby-xdr/1.0.1/kerby-xdr-1.0.1.jar:/home/user/.m2/repository/org/slf4j/slf4j-log4j12/1.7.25/slf4j-log4j12-1.7.25.jar:/home/user/.m2/repository/org/apache/hadoop/hadoop-ozone-s3gateway/0.6.0-SNAPSHOT/hadoop-ozone-s3gateway-0.6.0-SNAPSHOT.jar:/home/user/.m2/repository/org/jboss/weld/servlet/weld-servlet/2.4.7.Final/weld-servlet-2.4.7.Final.jar:/home/user/.m2/repository/org/glassfish/jersey/containers/jersey-container-servlet-core/2.27/jersey-container-servlet-core-2.27.jar:/home/user/.m2/repository/org/glassfish/hk2/external/javax.inject/2.5.0-b42/javax.inject-2.5.0-b42.jar:/home/user/.m2/repository/org/glassfish/jersey/core/jersey-common/2.27/jersey-common-2.27.jar:/home/user/.m2/repository/org/glassfish/hk2/osgi-resource-locator/1.0.1/osgi-resource-locator-1.0.1.jar:/home/user/.m2/repository/javax/ws/rs/javax.ws.rs-api/2.1/javax.ws.rs-api-2.1.jar:/home/user/.m2/repository/org/glassfish/jersey/ext/cdi/jersey-cdi1x/2.27/jersey-cdi1x-2.27.jar:/home/user/.m2/repository/org/glassfish/jersey/inject/jersey-hk2/2.27/jersey-hk2-2.27.jar:/home/user/.m2/repository/org/glassfish/hk2/hk2-locator/2.5.0-b42/hk2-locator-2.5.0-b42.jar:/home/user/.m2/repository/org/javassist/javassist/3.22.0-CR2/javassist-3.22.0-CR2.jar:/home/user/.m2/repository/org/glassfish/hk2/hk2-api/2.5.0/hk2-api-2.5.0.jar:/home/user/.m2/repository/org/glassfish/hk2/external/jakarta.inject/2.5.0/jakarta.inject-2.5.0.jar:/home/user/.m2/repository/org/glassfish/hk2/hk2-utils/2.5.0/hk2-utils-2.5.0.jar:/home/user/.m2/repository/jakarta/annotation/jakarta.annotation-api/1.3.4/jakarta.annotation-api-1.3.4.jar:/home/user/.m2/repository/org/glassfish/hk2/external/aopalliance-repackaged/2.5.0/aopalliance-repackaged-2.5.0.jar:/home/user/.m2/repository/com/fasterxml/jackson/dataformat/jackson-dataformat-xml/2.10.3/jackson-dataformat-xml-2.10.3.jar:/home/user/.m2/repository/com/fasterxml/jackson/core/jackson-core/2.10.3/jackson-core-2.10.3.jar:/home/user/.m2/repository/com/fasterxml/jackson/module/jackson-module-jaxb-annotations/2.10.3/jackson-module-jaxb-annotations-2.10.3.jar:/home/user/.m2/repository/jakarta/xml/bind/jakarta.xml.bind-api/2.3.2/jakarta.xml.bind-api-2.3.2.jar:/home/user/.m2/repository/jakarta/activation/jakarta.activation-api/1.2.1/jakarta.activation-api-1.2.1.jar:/home/user/.m2/repository/org/codehaus/woodstox/stax2-api/3.1.4/stax2-api-3.1.4.jar:/home/user/.m2/repository/com/fasterxml/woodstox/woodstox-core/5.0.3/woodstox-core-5.0.3.jar:/home/user/.m2/repository/javax/enterprise/cdi-api/1.2/cdi-api-1.2.jar:/home/user/.m2/repository/javax/el/javax.el-api/3.0.0/javax.el-api-3.0.0.jar:/home/user/.m2/repository/javax/interceptor/javax.interceptor-api/1.2/javax.interceptor-api-1.2.jar:/home/user/.m2/repository/javax/inject/javax.inject/1/javax.inject-1.jar:/home/user/.m2/repository/com/sun/xml/bind/jaxb-impl/2.3.0.1/jaxb-impl-2.3.0.1.jar:/home/user/.m2/repository/com/sun/xml/bind/jaxb-core/2.3.0.1/jaxb-core-2.3.0.1.jar:/home/user/.m2/repository/javax/xml/bind/jaxb-api/2.3.0/jaxb-api-2.3.0.jar:/home/user/.m2/repository/javax/activation/activation/1.1.1/activation-1.1.1.jar:/home/user/.m2/repository/org/apache/hadoop/hadoop-ozone-csi/0.6.0-SNAPSHOT/hadoop-ozone-csi-0.6.0-SNAPSHOT.jar:/home/user/.m2/repository/com/google/protobuf/protobuf-java-util/3.11.0/protobuf-java-util-3.11.0.jar:/home/user/.m2/repository/com/google/code/gson/gson/2.2.4/gson-2.2.4.jar:/home/user/.m2/repository/org/apache/hadoop/hadoop-hdds-config/0.6.0-SNAPSHOT/hadoop-hdds-config-0.6.0-SNAPSHOT.jar:/home/user/.m2/repository/com/google/protobuf/protobuf-java/2.5.0/protobuf-java-2.5.0.jar:/home/user/.m2/repository/io/grpc/grpc-netty/1.29.0/grpc-netty-1.29.0.jar:/home/user/.m2/repository/io/grpc/grpc-core/1.29.0/grpc-core-1.29.0.jar:/home/user/.m2/repository/com/google/android/annotations/4.1.1.4/annotations-4.1.1.4.jar:/home/user/.m2/repository/io/perfmark/perfmark-api/0.19.0/perfmark-api-0.19.0.jar:/home/user/.m2/repository/io/netty/netty-codec-http2/4.1.48.Final/netty-codec-http2-4.1.48.Final.jar:/home/user/.m2/repository/io/netty/netty-codec/4.1.48.Final/netty-codec-4.1.48.Final.jar:/home/user/.m2/repository/io/netty/netty-handler/4.1.48.Final/netty-handler-4.1.48.Final.jar:/home/user/.m2/repository/io/netty/netty-codec-http/4.1.48.Final/netty-codec-http-4.1.48.Final.jar:/home/user/.m2/repository/io/netty/netty-handler-proxy/4.1.48.Final/netty-handler-proxy-4.1.48.Final.jar:/home/user/.m2/repository/io/netty/netty-codec-socks/4.1.48.Final/netty-codec-socks-4.1.48.Final.jar:/home/user/.m2/repository/io/netty/netty-transport-native-epoll/4.1.48.Final/netty-transport-native-epoll-4.1.48.Final.jar:/home/user/.m2/repository/io/netty/netty-common/4.1.48.Final/netty-common-4.1.48.Final.jar:/home/user/.m2/repository/io/netty/netty-buffer/4.1.48.Final/netty-buffer-4.1.48.Final.jar:/home/user/.m2/repository/io/netty/netty-transport/4.1.48.Final/netty-transport-4.1.48.Final.jar:/home/user/.m2/repository/io/netty/netty-resolver/4.1.48.Final/netty-resolver-4.1.48.Final.jar:/home/user/.m2/repository/io/netty/netty-transport-native-unix-common/4.1.48.Final/netty-transport-native-unix-common-4.1.48.Final.jar:/home/user/.m2/repository/io/grpc/grpc-protobuf/1.29.0/grpc-protobuf-1.29.0.jar:/home/user/.m2/repository/io/grpc/grpc-api/1.29.0/grpc-api-1.29.0.jar:/home/user/.m2/repository/io/grpc/grpc-context/1.29.0/grpc-context-1.29.0.jar:/home/user/.m2/repository/org/codehaus/mojo/animal-sniffer-annotations/1.18/animal-sniffer-annotations-1.18.jar:/home/user/.m2/repository/com/google/api/grpc/proto-google-common-protos/1.17.0/proto-google-common-protos-1.17.0.jar:/home/user/.m2/repository/io/grpc/grpc-protobuf-lite/1.29.0/grpc-protobuf-lite-1.29.0.jar:/home/user/.m2/repository/io/grpc/grpc-stub/1.29.0/grpc-stub-1.29.0.jar:/home/user/.m2/repository/org/apache/hadoop/hadoop-ozone-recon/0.6.0-SNAPSHOT/hadoop-ozone-recon-0.6.0-SNAPSHOT.jar:/home/user/.m2/repository/org/apache/hadoop/hadoop-ozone-reconcodegen/0.6.0-SNAPSHOT/hadoop-ozone-reconcodegen-0.6.0-SNAPSHOT.jar:/home/user/.m2/repository/com/google/inject/extensions/guice-multibindings/4.0/guice-multibindings-4.0.jar:/home/user/.m2/repository/com/google/inject/guice/4.0/guice-4.0.jar:/home/user/.m2/repository/aopalliance/aopalliance/1.0/aopalliance-1.0.jar:/home/user/.m2/repository/com/google/inject/extensions/guice-assistedinject/4.0/guice-assistedinject-4.0.jar:/home/user/.m2/repository/com/google/inject/extensions/guice-servlet/4.0/guice-servlet-4.0.jar:/home/user/.m2/repository/org/glassfish/jersey/containers/jersey-container-servlet/2.27/jersey-container-servlet-2.27.jar:/home/user/.m2/repository/org/glassfish/hk2/guice-bridge/2.5.0/guice-bridge-2.5.0.jar:/home/user/.m2/repository/org/glassfish/jersey/core/jersey-server/2.27/jersey-server-2.27.jar:/home/user/.m2/repository/org/glassfish/jersey/core/jersey-client/2.27/jersey-client-2.27.jar:/home/user/.m2/repository/org/glassfish/jersey/media/jersey-media-jaxb/2.27/jersey-media-jaxb-2.27.jar:/home/user/.m2/repository/javax/validation/validation-api/1.1.0.Final/validation-api-1.1.0.Final.jar:/home/user/.m2/repository/org/glassfish/jersey/media/jersey-media-json-jackson/2.27/jersey-media-json-jackson-2.27.jar:/home/user/.m2/repository/org/glassfish/jersey/ext/jersey-entity-filtering/2.27/jersey-entity-filtering-2.27.jar:/home/user/.m2/repository/org/jooq/jooq/3.11.10/jooq-3.11.10.jar:/home/user/.m2/repository/org/jooq/jooq-meta/3.11.10/jooq-meta-3.11.10.jar:/home/user/.m2/repository/org/jooq/jooq-codegen/3.11.10/jooq-codegen-3.11.10.jar:/home/user/.m2/repository/com/jolbox/bonecp/0.8.0.RELEASE/bonecp-0.8.0.RELEASE.jar:/home/user/.m2/repository/org/apache/derby/derby/10.14.2.0/derby-10.14.2.0.jar:/home/user/.m2/repository/org/xerial/sqlite-jdbc/3.25.2/sqlite-jdbc-3.25.2.jar:/home/user/.m2/repository/org/springframework/spring-jdbc/5.2.5.RELEASE/spring-jdbc-5.2.5.RELEASE.jar:/home/user/.m2/repository/org/springframework/spring-beans/5.2.5.RELEASE/spring-beans-5.2.5.RELEASE.jar:/home/user/.m2/repository/org/springframework/spring-core/5.2.5.RELEASE/spring-core-5.2.5.RELEASE.jar:/home/user/.m2/repository/org/springframework/spring-jcl/5.2.5.RELEASE/spring-jcl-5.2.5.RELEASE.jar:/home/user/.m2/repository/org/springframework/spring-tx/5.2.5.RELEASE/spring-tx-5.2.5.RELEASE.jar:/home/user/.m2/repository/org/apache/hadoop/hadoop-ozone-client/0.6.0-SNAPSHOT/hadoop-ozone-client-0.6.0-SNAPSHOT.jar:/home/user/.m2/repository/org/apache/hadoop/hadoop-ozone-filesystem/0.6.0-SNAPSHOT/hadoop-ozone-filesystem-0.6.0-SNAPSHOT.jar:/home/user/.m2/repository/org/apache/hadoop/hadoop-ozone-filesystem-common/0.6.0-SNAPSHOT/hadoop-ozone-filesystem-common-0.6.0-SNAPSHOT.jar:/home/user/.m2/repository/org/apache/hadoop/hadoop-ozone-tools/0.6.0-SNAPSHOT/hadoop-ozone-tools-0.6.0-SNAPSHOT.jar:/home/user/.m2/repository/org/apache/hadoop/hadoop-hdfs/3.2.1/hadoop-hdfs-3.2.1.jar:/home/user/.m2/repository/org/apache/ratis/ratis-tools/1.0.0/ratis-tools-1.0.0.jar:/home/user/.m2/repository/org/apache/ratis/ratis-proto/1.0.0/ratis-proto-1.0.0.jar:/home/user/.m2/repository/org/apache/ratis/ratis-common/1.0.0/ratis-common-1.0.0.jar:/home/user/.m2/repository/com/amazonaws/aws-java-sdk-core/1.11.615/aws-java-sdk-core-1.11.615.jar:/home/user/.m2/repository/org/apache/httpcomponents/httpclient/4.5.2/httpclient-4.5.2.jar:/home/user/.m2/repository/org/apache/httpcomponents/httpcore/4.4.4/httpcore-4.4.4.jar:/home/user/.m2/repository/software/amazon/ion/ion-java/1.0.2/ion-java-1.0.2.jar:/home/user/.m2/repository/com/fasterxml/jackson/dataformat/jackson-dataformat-cbor/2.10.3/jackson-dataformat-cbor-2.10.3.jar:/home/user/.m2/repository/joda-time/joda-time/2.8.1/joda-time-2.8.1.jar:/home/user/.m2/repository/com/amazonaws/aws-java-sdk-s3/1.11.615/aws-java-sdk-s3-1.11.615.jar:/home/user/.m2/repository/com/amazonaws/aws-java-sdk-kms/1.11.615/aws-java-sdk-kms-1.11.615.jar:/home/user/.m2/repository/com/amazonaws/jmespath-java/1.11.615/jmespath-java-1.11.615.jar:/home/user/.m2/repository/org/apache/hadoop/hadoop-hdds-tools/0.6.0-SNAPSHOT/hadoop-hdds-tools-0.6.0-SNAPSHOT.jar:/home/user/.m2/repository/commons-cli/commons-cli/1.2/commons-cli-1.2.jar:/home/user/.m2/repository/org/apache/commons/commons-lang3/3.7/commons-lang3-3.7.jar:/home/user/.m2/repository/org/apache/hadoop/hadoop-ozone-ozone-manager/0.6.0-SNAPSHOT/hadoop-ozone-ozone-manager-0.6.0-SNAPSHOT-tests.jar:/home/user/.m2/repository/junit/junit/4.11/junit-4.11.jar:/home/user/.m2/repository/org/hamcrest/hamcrest-core/1.3/hamcrest-core-1.3.jar:/home/user/.m2/repository/org/openjdk/jmh/jmh-core/1.19/jmh-core-1.19.jar:/home/user/.m2/repository/net/sf/jopt-simple/jopt-simple/4.6/jopt-simple-4.6.jar:/home/user/.m2/repository/org/apache/commons/commons-math3/3.1.1/commons-math3-3.1.1.jar:/home/user/.m2/repository/org/openjdk/jmh/jmh-generator-annprocess/1.19/jmh-generator-annprocess-1.19.jar:/home/user/.m2/repository/org/mockito/mockito-all/1.8.5/mockito-all-1.8.5.jar:/home/user/.m2/repository/org/apache/hadoop/hadoop-kms/3.2.1/hadoop-kms-3.2.1.jar:/home/user/.m2/repository/org/apache/hadoop/hadoop-auth/3.2.1/hadoop-auth-3.2.1.jar:/home/user/.m2/repository/com/nimbusds/nimbus-jose-jwt/7.9/nimbus-jose-jwt-7.9.jar:/home/user/.m2/repository/com/github/stephenc/jcip/jcip-annotations/1.0-1/jcip-annotations-1.0-1.jar:/home/user/.m2/repository/net/minidev/json-smart/2.3/json-smart-2.3.jar:/home/user/.m2/repository/net/minidev/accessors-smart/1.2/accessors-smart-1.2.jar:/home/user/.m2/repository/org/ow2/asm/asm/5.0.4/asm-5.0.4.jar:/home/user/.m2/repository/org/apache/zookeeper/zookeeper/3.4.13/zookeeper-3.4.13.jar:/home/user/.m2/repository/org/apache/yetus/audience-annotations/0.5.0/audience-annotations-0.5.0.jar:/home/user/.m2/repository/org/apache/curator/curator-framework/2.13.0/curator-framework-2.13.0.jar:/home/user/.m2/repository/com/sun/jersey/jersey-core/1.19/jersey-core-1.19.jar:/home/user/.m2/repository/javax/ws/rs/jsr311-api/1.1.1/jsr311-api-1.1.1.jar:/home/user/.m2/repository/com/sun/jersey/jersey-server/1.19/jersey-server-1.19.jar:/home/user/.m2/repository/javax/servlet/javax.servlet-api/3.1.0/javax.servlet-api-3.1.0.jar:/home/user/.m2/repository/org/eclipse/jetty/jetty-server/9.4.26.v20200117/jetty-server-9.4.26.v20200117.jar:/home/user/.m2/repository/org/eclipse/jetty/jetty-http/9.4.26.v20200117/jetty-http-9.4.26.v20200117.jar:/home/user/.m2/repository/org/eclipse/jetty/jetty-io/9.4.26.v20200117/jetty-io-9.4.26.v20200117.jar:/home/user/.m2/repository/org/eclipse/jetty/jetty-webapp/9.4.26.v20200117/jetty-webapp-9.4.26.v20200117.jar:/home/user/.m2/repository/org/eclipse/jetty/jetty-xml/9.4.26.v20200117/jetty-xml-9.4.26.v20200117.jar:/home/user/.m2/repository/org/eclipse/jetty/jetty-servlet/9.4.26.v20200117/jetty-servlet-9.4.26.v20200117.jar:/home/user/.m2/repository/org/eclipse/jetty/jetty-security/9.4.26.v20200117/jetty-security-9.4.26.v20200117.jar:/home/user/.m2/repository/org/apache/hadoop/hadoop-common/3.2.1/hadoop-common-3.2.1.jar:/home/user/.m2/repository/commons-net/commons-net/3.6/commons-net-3.6.jar:/home/user/.m2/repository/commons-collections/commons-collections/3.2.2/commons-collections-3.2.2.jar:/home/user/.m2/repository/com/sun/jersey/jersey-servlet/1.19/jersey-servlet-1.19.jar:/home/user/.m2/repository/com/sun/jersey/jersey-json/1.19/jersey-json-1.19.jar:/home/user/.m2/repository/org/codehaus/jettison/jettison/1.1/jettison-1.1.jar:/home/user/.m2/repository/org/codehaus/jackson/jackson-jaxrs/1.9.2/jackson-jaxrs-1.9.2.jar:/home/user/.m2/repository/org/codehaus/jackson/jackson-xc/1.9.2/jackson-xc-1.9.2.jar:/home/user/.m2/repository/commons-beanutils/commons-beanutils/1.9.4/commons-beanutils-1.9.4.jar:/home/user/.m2/repository/org/apache/commons/commons-configuration2/2.1.1/commons-configuration2-2.1.1.jar:/home/user/.m2/repository/org/apache/commons/commons-text/1.4/commons-text-1.4.jar:/home/user/.m2/repository/com/google/re2j/re2j/1.1/re2j-1.1.jar:/home/user/.m2/repository/com/jcraft/jsch/0.1.54/jsch-0.1.54.jar:/home/user/.m2/repository/org/apache/curator/curator-client/2.13.0/curator-client-2.13.0.jar:/home/user/.m2/repository/org/apache/curator/curator-recipes/2.13.0/curator-recipes-2.13.0.jar:/home/user/.m2/repository/dnsjava/dnsjava/2.1.7/dnsjava-2.1.7.jar:/home/user/.m2/repository/org/slf4j/jul-to-slf4j/1.7.25/jul-to-slf4j-1.7.25.jar:/home/user/.m2/repository/org/eclipse/jetty/jetty-util/9.4.26.v20200117/jetty-util-9.4.26.v20200117.jar:/home/user/.m2/repository/com/fasterxml/jackson/core/jackson-databind/2.10.3/jackson-databind-2.10.3.jar:/home/user/.m2/repository/org/apache/hadoop/hadoop-kms/3.2.1/hadoop-kms-3.2.1-tests.jar:/home/user/.m2/repository/org/apache/hadoop/hadoop-hdds-server-scm/0.6.0-SNAPSHOT/hadoop-hdds-server-scm-0.6.0-SNAPSHOT-tests.jar:/home/user/.m2/repository/org/apache/hadoop/hadoop-hdds-container-service/0.6.0-SNAPSHOT/hadoop-hdds-container-service-0.6.0-SNAPSHOT-tests.jar:/home/user/.m2/repository/org/apache/hadoop/hadoop-hdds-common/0.6.0-SNAPSHOT/hadoop-hdds-common-0.6.0-SNAPSHOT-tests.jar:/home/user/.m2/repository/org/yaml/snakeyaml/1.16/snakeyaml-1.16.jar:/home/user/.m2/repository/org/apache/hadoop/hadoop-hdds-hadoop-dependency-test/0.6.0-SNAPSHOT/hadoop-hdds-hadoop-dependency-test-0.6.0-SNAPSHOT.jar:/home/user/.m2/repository/org/apache/hadoop/hadoop-common/3.2.1/hadoop-common-3.2.1-tests.jar:/home/user/.m2/repository/javax/servlet/jsp/jsp-api/2.1/jsp-api-2.1.jar:/home/user/.m2/repository/org/apache/hadoop/hadoop-hdfs/3.2.1/hadoop-hdfs-3.2.1-tests.jar:/home/user/.m2/repository/org/eclipse/jetty/jetty-util-ajax/9.4.26.v20200117/jetty-util-ajax-9.4.26.v20200117.jar:/home/user/.m2/repository/commons-codec/commons-codec/1.11/commons-codec-1.11.jar:/home/user/.m2/repository/commons-daemon/commons-daemon/1.0.13/commons-daemon-1.0.13.jar:/home/user/.m2/repository/io/netty/netty/3.10.5.Final/netty-3.10.5.Final.jar:/home/user/.m2/repository/io/netty/netty-all/4.1.48.Final/netty-all-4.1.48.Final.jar:/home/user/.m2/repository/org/apache/htrace/htrace-core4/4.1.0-incubating/htrace-core4-4.1.0-incubating.jar:/home/user/.m2/repository/org/fusesource/leveldbjni/leveldbjni-all/1.8/leveldbjni-all-1.8.jar:/home/user/.m2/repository/org/apache/hadoop/hadoop-distcp/3.2.1/hadoop-distcp-3.2.1.jar:/home/user/.m2/repository/org/apache/hadoop/hadoop-mapreduce-client-jobclient/3.2.1/hadoop-mapreduce-client-jobclient-3.2.1.jar:/home/user/.m2/repository/org/apache/hadoop/hadoop-mapreduce-client-common/3.2.1/hadoop-mapreduce-client-common-3.2.1.jar:/home/user/.m2/repository/org/apache/hadoop/hadoop-yarn-common/3.2.1/hadoop-yarn-common-3.2.1.jar:/home/user/.m2/repository/org/apache/hadoop/hadoop-yarn-api/3.2.1/hadoop-yarn-api-3.2.1.jar:/home/user/.m2/repository/com/sun/jersey/jersey-client/1.19/jersey-client-1.19.jar:/home/user/.m2/repository/com/sun/jersey/contribs/jersey-guice/1.19/jersey-guice-1.19.jar:/home/user/.m2/repository/com/fasterxml/jackson/jaxrs/jackson-jaxrs-json-provider/2.10.3/jackson-jaxrs-json-provider-2.10.3.jar:/home/user/.m2/repository/com/fasterxml/jackson/jaxrs/jackson-jaxrs-base/2.10.3/jackson-jaxrs-base-2.10.3.jar:/home/user/.m2/repository/org/apache/hadoop/hadoop-yarn-client/3.2.1/hadoop-yarn-client-3.2.1.jar:/home/user/.m2/repository/org/apache/hadoop/hadoop-mapreduce-client-core/3.2.1/hadoop-mapreduce-client-core-3.2.1.jar:/home/user/.m2/repository/org/apache/avro/avro/1.7.7/avro-1.7.7.jar:/home/user/.m2/repository/org/codehaus/jackson/jackson-core-asl/1.9.13/jackson-core-asl-1.9.13.jar:/home/user/.m2/repository/org/codehaus/jackson/jackson-mapper-asl/1.9.13/jackson-mapper-asl-1.9.13.jar:/home/user/.m2/repository/com/thoughtworks/paranamer/paranamer/2.3/paranamer-2.3.jar:/home/user/.m2/repository/org/xerial/snappy/snappy-java/1.0.5/snappy-java-1.0.5.jar:/home/user/.m2/repository/org/apache/hadoop/hadoop-annotations/3.2.1/hadoop-annotations-3.2.1.jar:/usr/lib/jvm/java-1.8.0-openjdk-1.8.0.232.b09-0.el7_7.x86_64/jre/../lib/tools.jar:/home/user/.m2/repository/org/apache/hadoop/hadoop-distcp/3.2.1/hadoop-distcp-3.2.1-tests.jar:"/>
    <property name="java.vm.vendor" value="Oracle Corporation"/>
    <property name="sun.arch.data.model" value="64"/>
    <property name="test.build.dir" value="/github/workspace/mnt/ozone/hadoop-ozone/integration-test/target/test-dir"/>
    <property name="test.cache.data" value=""/>
    <property name="java.vendor.url" value="http://java.oracle.com/"/>
    <property name="user.timezone" value=""/>
    <property name="java.vm.specification.version" value="1.8"/>
    <property name="os.name" value="Linux"/>
    <property name="test.build.data" value="/github/workspace/mnt/ozone/hadoop-ozone/integration-test/target/test-dir"/>
    <property name="user.country" value="US"/>
    <property name="sun.java.launcher" value="SUN_STANDARD"/>
    <property name="sun.boot.library.path" value="/usr/lib/jvm/java-1.8.0-openjdk-1.8.0.232.b09-0.el7_7.x86_64/jre/lib/amd64"/>
    <property name="sun.java.command" value="/github/workspace/mnt/ozone/hadoop-ozone/integration-test/target/surefire/surefirebooter5010928230741859462.jar /github/workspace/mnt/ozone/hadoop-ozone/integration-test/target/surefire 2020-07-25T00-26-40_615-jvmRun1 surefire1846528492209385862tmp surefire_204359605040313115832tmp"/>
    <property name="surefire.test.class.path" value="/github/workspace/mnt/ozone/hadoop-ozone/integration-test/target/test-classes:/github/workspace/mnt/ozone/hadoop-ozone/integration-test/target/classes:/home/user/.m2/repository/org/apache/hadoop/hadoop-ozone-common/0.6.0-SNAPSHOT/hadoop-ozone-common-0.6.0-SNAPSHOT.jar:/home/user/.m2/repository/org/apache/commons/commons-compress/1.4.1/commons-compress-1.4.1.jar:/home/user/.m2/repository/org/tukaani/xz/1.0/xz-1.0.jar:/home/user/.m2/repository/org/apache/hadoop/hadoop-hdds-common/0.6.0-SNAPSHOT/hadoop-hdds-common-0.6.0-SNAPSHOT.jar:/home/user/.m2/repository/org/apache/hadoop/hadoop-hdds-hadoop-dependency-client/0.6.0-SNAPSHOT/hadoop-hdds-hadoop-dependency-client-0.6.0-SNAPSHOT.jar:/home/user/.m2/repository/info/picocli/picocli/3.9.6/picocli-3.9.6.jar:/home/user/.m2/repository/com/fasterxml/jackson/core/jackson-annotations/2.10.3/jackson-annotations-2.10.3.jar:/home/user/.m2/repository/javax/annotation/javax.annotation-api/1.2/javax.annotation-api-1.2.jar:/home/user/.m2/repository/org/apache/ratis/ratis-server/1.0.0/ratis-server-1.0.0.jar:/home/user/.m2/repository/org/apache/ratis/ratis-client/1.0.0/ratis-client-1.0.0.jar:/home/user/.m2/repository/org/apache/ratis/ratis-metrics/1.0.0/ratis-metrics-1.0.0.jar:/home/user/.m2/repository/org/apache/ratis/ratis-netty/1.0.0/ratis-netty-1.0.0.jar:/home/user/.m2/repository/org/apache/ratis/ratis-grpc/1.0.0/ratis-grpc-1.0.0.jar:/home/user/.m2/repository/org/apache/logging/log4j/log4j-api/2.11.0/log4j-api-2.11.0.jar:/home/user/.m2/repository/org/apache/logging/log4j/log4j-core/2.11.0/log4j-core-2.11.0.jar:/home/user/.m2/repository/com/lmax/disruptor/3.4.2/disruptor-3.4.2.jar:/home/user/.m2/repository/org/apache/commons/commons-pool2/2.6.0/commons-pool2-2.6.0.jar:/home/user/.m2/repository/org/bouncycastle/bcpkix-jdk15on/1.60/bcpkix-jdk15on-1.60.jar:/home/user/.m2/repository/commons-validator/commons-validator/1.6/commons-validator-1.6.jar:/home/user/.m2/repository/commons-digester/commons-digester/1.8.1/commons-digester-1.8.1.jar:/home/user/.m2/repository/io/jaegertracing/jaeger-client/1.2.0/jaeger-client-1.2.0.jar:/home/user/.m2/repository/io/jaegertracing/jaeger-thrift/1.2.0/jaeger-thrift-1.2.0.jar:/home/user/.m2/repository/org/apache/thrift/libthrift/0.13.0/libthrift-0.13.0.jar:/home/user/.m2/repository/com/squareup/okhttp3/okhttp/4.2.2/okhttp-4.2.2.jar:/home/user/.m2/repository/com/squareup/okio/okio/2.2.2/okio-2.2.2.jar:/home/user/.m2/repository/org/jetbrains/kotlin/kotlin-stdlib/1.3.50/kotlin-stdlib-1.3.50.jar:/home/user/.m2/repository/org/jetbrains/kotlin/kotlin-stdlib-common/1.3.50/kotlin-stdlib-common-1.3.50.jar:/home/user/.m2/repository/org/jetbrains/annotations/13.0/annotations-13.0.jar:/home/user/.m2/repository/io/jaegertracing/jaeger-core/1.2.0/jaeger-core-1.2.0.jar:/home/user/.m2/repository/io/jaegertracing/jaeger-tracerresolver/1.2.0/jaeger-tracerresolver-1.2.0.jar:/home/user/.m2/repository/io/opentracing/contrib/opentracing-tracerresolver/0.1.8/opentracing-tracerresolver-0.1.8.jar:/home/user/.m2/repository/io/opentracing/opentracing-util/0.33.0/opentracing-util-0.33.0.jar:/home/user/.m2/repository/io/opentracing/opentracing-api/0.33.0/opentracing-api-0.33.0.jar:/home/user/.m2/repository/io/opentracing/opentracing-noop/0.33.0/opentracing-noop-0.33.0.jar:/home/user/.m2/repository/org/apache/hadoop/hadoop-hdds-client/0.6.0-SNAPSHOT/hadoop-hdds-client-0.6.0-SNAPSHOT.jar:/home/user/.m2/repository/org/apache/hadoop/hadoop-ozone-interface-client/0.6.0-SNAPSHOT/hadoop-ozone-interface-client-0.6.0-SNAPSHOT.jar:/home/user/.m2/repository/org/apache/hadoop/hadoop-hdds-test-utils/0.6.0-SNAPSHOT/hadoop-hdds-test-utils-0.6.0-SNAPSHOT.jar:/home/user/.m2/repository/com/google/guava/guava/28.2-jre/guava-28.2-jre.jar:/home/user/.m2/repository/com/google/guava/failureaccess/1.0.1/failureaccess-1.0.1.jar:/home/user/.m2/repository/com/google/guava/listenablefuture/9999.0-empty-to-avoid-conflict-with-guava/listenablefuture-9999.0-empty-to-avoid-conflict-with-guava.jar:/home/user/.m2/repository/com/google/code/findbugs/jsr305/3.0.0/jsr305-3.0.0.jar:/home/user/.m2/repository/org/checkerframework/checker-qual/2.10.0/checker-qual-2.10.0.jar:/home/user/.m2/repository/com/google/errorprone/error_prone_annotations/2.2.0/error_prone_annotations-2.2.0.jar:/home/user/.m2/repository/com/google/j2objc/j2objc-annotations/1.3/j2objc-annotations-1.3.jar:/home/user/.m2/repository/commons-io/commons-io/2.5/commons-io-2.5.jar:/home/user/.m2/repository/commons-logging/commons-logging/1.2/commons-logging-1.2.jar:/home/user/.m2/repository/log4j/log4j/1.2.17/log4j-1.2.17.jar:/home/user/.m2/repository/org/slf4j/slf4j-api/1.7.25/slf4j-api-1.7.25.jar:/home/user/.m2/repository/org/apache/hadoop/hadoop-hdds-server-scm/0.6.0-SNAPSHOT/hadoop-hdds-server-scm-0.6.0-SNAPSHOT.jar:/home/user/.m2/repository/org/apache/hadoop/hadoop-hdds-container-service/0.6.0-SNAPSHOT/hadoop-hdds-container-service-0.6.0-SNAPSHOT.jar:/home/user/.m2/repository/org/apache/hadoop/hadoop-hdds-hadoop-dependency-server/0.6.0-SNAPSHOT/hadoop-hdds-hadoop-dependency-server-0.6.0-SNAPSHOT.jar:/home/user/.m2/repository/org/apache/hadoop/hadoop-hdds-server-framework/0.6.0-SNAPSHOT/hadoop-hdds-server-framework-0.6.0-SNAPSHOT.jar:/home/user/.m2/repository/org/apache/hadoop/hadoop-hdds-interface-server/0.6.0-SNAPSHOT/hadoop-hdds-interface-server-0.6.0-SNAPSHOT.jar:/home/user/.m2/repository/org/apache/hadoop/hadoop-hdds-interface-admin/0.6.0-SNAPSHOT/hadoop-hdds-interface-admin-0.6.0-SNAPSHOT.jar:/home/user/.m2/repository/org/rocksdb/rocksdbjni/6.8.1/rocksdbjni-6.8.1.jar:/home/user/.m2/repository/io/prometheus/simpleclient_dropwizard/0.7.0/simpleclient_dropwizard-0.7.0.jar:/home/user/.m2/repository/io/prometheus/simpleclient/0.7.0/simpleclient-0.7.0.jar:/home/user/.m2/repository/io/prometheus/simpleclient_common/0.7.0/simpleclient_common-0.7.0.jar:/home/user/.m2/repository/com/fasterxml/jackson/datatype/jackson-datatype-jsr310/2.10.3/jackson-datatype-jsr310-2.10.3.jar:/home/user/.m2/repository/org/apache/hadoop/hadoop-hdds-docs/0.6.0-SNAPSHOT/hadoop-hdds-docs-0.6.0-SNAPSHOT.jar:/home/user/.m2/repository/io/dropwizard/metrics/metrics-core/3.2.4/metrics-core-3.2.4.jar:/home/user/.m2/repository/org/apache/hadoop/hadoop-hdfs-client/3.2.1/hadoop-hdfs-client-3.2.1.jar:/home/user/.m2/repository/org/bouncycastle/bcprov-jdk15on/1.60/bcprov-jdk15on-1.60.jar:/home/user/.m2/repository/org/apache/hadoop/hadoop-ozone-ozone-manager/0.6.0-SNAPSHOT/hadoop-ozone-ozone-manager-0.6.0-SNAPSHOT.jar:/home/user/.m2/repository/org/apache/hadoop/hadoop-hdds-interface-client/0.6.0-SNAPSHOT/hadoop-hdds-interface-client-0.6.0-SNAPSHOT.jar:/home/user/.m2/repository/org/apache/ratis/ratis-thirdparty-misc/0.5.0/ratis-thirdparty-misc-0.5.0.jar:/home/user/.m2/repository/org/apache/hadoop/hadoop-minikdc/3.2.1/hadoop-minikdc-3.2.1.jar:/home/user/.m2/repository/org/apache/kerby/kerb-simplekdc/1.0.1/kerb-simplekdc-1.0.1.jar:/home/user/.m2/repository/org/apache/kerby/kerb-client/1.0.1/kerb-client-1.0.1.jar:/home/user/.m2/repository/org/apache/kerby/kerby-config/1.0.1/kerby-config-1.0.1.jar:/home/user/.m2/repository/org/apache/kerby/kerb-core/1.0.1/kerb-core-1.0.1.jar:/home/user/.m2/repository/org/apache/kerby/kerby-pkix/1.0.1/kerby-pkix-1.0.1.jar:/home/user/.m2/repository/org/apache/kerby/kerby-asn1/1.0.1/kerby-asn1-1.0.1.jar:/home/user/.m2/repository/org/apache/kerby/kerby-util/1.0.1/kerby-util-1.0.1.jar:/home/user/.m2/repository/org/apache/kerby/kerb-common/1.0.1/kerb-common-1.0.1.jar:/home/user/.m2/repository/org/apache/kerby/kerb-crypto/1.0.1/kerb-crypto-1.0.1.jar:/home/user/.m2/repository/org/apache/kerby/kerb-util/1.0.1/kerb-util-1.0.1.jar:/home/user/.m2/repository/org/apache/kerby/token-provider/1.0.1/token-provider-1.0.1.jar:/home/user/.m2/repository/org/apache/kerby/kerb-admin/1.0.1/kerb-admin-1.0.1.jar:/home/user/.m2/repository/org/apache/kerby/kerb-server/1.0.1/kerb-server-1.0.1.jar:/home/user/.m2/repository/org/apache/kerby/kerb-identity/1.0.1/kerb-identity-1.0.1.jar:/home/user/.m2/repository/org/apache/kerby/kerby-xdr/1.0.1/kerby-xdr-1.0.1.jar:/home/user/.m2/repository/org/slf4j/slf4j-log4j12/1.7.25/slf4j-log4j12-1.7.25.jar:/home/user/.m2/repository/org/apache/hadoop/hadoop-ozone-s3gateway/0.6.0-SNAPSHOT/hadoop-ozone-s3gateway-0.6.0-SNAPSHOT.jar:/home/user/.m2/repository/org/jboss/weld/servlet/weld-servlet/2.4.7.Final/weld-servlet-2.4.7.Final.jar:/home/user/.m2/repository/org/glassfish/jersey/containers/jersey-container-servlet-core/2.27/jersey-container-servlet-core-2.27.jar:/home/user/.m2/repository/org/glassfish/hk2/external/javax.inject/2.5.0-b42/javax.inject-2.5.0-b42.jar:/home/user/.m2/repository/org/glassfish/jersey/core/jersey-common/2.27/jersey-common-2.27.jar:/home/user/.m2/repository/org/glassfish/hk2/osgi-resource-locator/1.0.1/osgi-resource-locator-1.0.1.jar:/home/user/.m2/repository/javax/ws/rs/javax.ws.rs-api/2.1/javax.ws.rs-api-2.1.jar:/home/user/.m2/repository/org/glassfish/jersey/ext/cdi/jersey-cdi1x/2.27/jersey-cdi1x-2.27.jar:/home/user/.m2/repository/org/glassfish/jersey/inject/jersey-hk2/2.27/jersey-hk2-2.27.jar:/home/user/.m2/repository/org/glassfish/hk2/hk2-locator/2.5.0-b42/hk2-locator-2.5.0-b42.jar:/home/user/.m2/repository/org/javassist/javassist/3.22.0-CR2/javassist-3.22.0-CR2.jar:/home/user/.m2/repository/org/glassfish/hk2/hk2-api/2.5.0/hk2-api-2.5.0.jar:/home/user/.m2/repository/org/glassfish/hk2/external/jakarta.inject/2.5.0/jakarta.inject-2.5.0.jar:/home/user/.m2/repository/org/glassfish/hk2/hk2-utils/2.5.0/hk2-utils-2.5.0.jar:/home/user/.m2/repository/jakarta/annotation/jakarta.annotation-api/1.3.4/jakarta.annotation-api-1.3.4.jar:/home/user/.m2/repository/org/glassfish/hk2/external/aopalliance-repackaged/2.5.0/aopalliance-repackaged-2.5.0.jar:/home/user/.m2/repository/com/fasterxml/jackson/dataformat/jackson-dataformat-xml/2.10.3/jackson-dataformat-xml-2.10.3.jar:/home/user/.m2/repository/com/fasterxml/jackson/core/jackson-core/2.10.3/jackson-core-2.10.3.jar:/home/user/.m2/repository/com/fasterxml/jackson/module/jackson-module-jaxb-annotations/2.10.3/jackson-module-jaxb-annotations-2.10.3.jar:/home/user/.m2/repository/jakarta/xml/bind/jakarta.xml.bind-api/2.3.2/jakarta.xml.bind-api-2.3.2.jar:/home/user/.m2/repository/jakarta/activation/jakarta.activation-api/1.2.1/jakarta.activation-api-1.2.1.jar:/home/user/.m2/repository/org/codehaus/woodstox/stax2-api/3.1.4/stax2-api-3.1.4.jar:/home/user/.m2/repository/com/fasterxml/woodstox/woodstox-core/5.0.3/woodstox-core-5.0.3.jar:/home/user/.m2/repository/javax/enterprise/cdi-api/1.2/cdi-api-1.2.jar:/home/user/.m2/repository/javax/el/javax.el-api/3.0.0/javax.el-api-3.0.0.jar:/home/user/.m2/repository/javax/interceptor/javax.interceptor-api/1.2/javax.interceptor-api-1.2.jar:/home/user/.m2/repository/javax/inject/javax.inject/1/javax.inject-1.jar:/home/user/.m2/repository/com/sun/xml/bind/jaxb-impl/2.3.0.1/jaxb-impl-2.3.0.1.jar:/home/user/.m2/repository/com/sun/xml/bind/jaxb-core/2.3.0.1/jaxb-core-2.3.0.1.jar:/home/user/.m2/repository/javax/xml/bind/jaxb-api/2.3.0/jaxb-api-2.3.0.jar:/home/user/.m2/repository/javax/activation/activation/1.1.1/activation-1.1.1.jar:/home/user/.m2/repository/org/apache/hadoop/hadoop-ozone-csi/0.6.0-SNAPSHOT/hadoop-ozone-csi-0.6.0-SNAPSHOT.jar:/home/user/.m2/repository/com/google/protobuf/protobuf-java-util/3.11.0/protobuf-java-util-3.11.0.jar:/home/user/.m2/repository/com/google/code/gson/gson/2.2.4/gson-2.2.4.jar:/home/user/.m2/repository/org/apache/hadoop/hadoop-hdds-config/0.6.0-SNAPSHOT/hadoop-hdds-config-0.6.0-SNAPSHOT.jar:/home/user/.m2/repository/com/google/protobuf/protobuf-java/2.5.0/protobuf-java-2.5.0.jar:/home/user/.m2/repository/io/grpc/grpc-netty/1.29.0/grpc-netty-1.29.0.jar:/home/user/.m2/repository/io/grpc/grpc-core/1.29.0/grpc-core-1.29.0.jar:/home/user/.m2/repository/com/google/android/annotations/4.1.1.4/annotations-4.1.1.4.jar:/home/user/.m2/repository/io/perfmark/perfmark-api/0.19.0/perfmark-api-0.19.0.jar:/home/user/.m2/repository/io/netty/netty-codec-http2/4.1.48.Final/netty-codec-http2-4.1.48.Final.jar:/home/user/.m2/repository/io/netty/netty-codec/4.1.48.Final/netty-codec-4.1.48.Final.jar:/home/user/.m2/repository/io/netty/netty-handler/4.1.48.Final/netty-handler-4.1.48.Final.jar:/home/user/.m2/repository/io/netty/netty-codec-http/4.1.48.Final/netty-codec-http-4.1.48.Final.jar:/home/user/.m2/repository/io/netty/netty-handler-proxy/4.1.48.Final/netty-handler-proxy-4.1.48.Final.jar:/home/user/.m2/repository/io/netty/netty-codec-socks/4.1.48.Final/netty-codec-socks-4.1.48.Final.jar:/home/user/.m2/repository/io/netty/netty-transport-native-epoll/4.1.48.Final/netty-transport-native-epoll-4.1.48.Final.jar:/home/user/.m2/repository/io/netty/netty-common/4.1.48.Final/netty-common-4.1.48.Final.jar:/home/user/.m2/repository/io/netty/netty-buffer/4.1.48.Final/netty-buffer-4.1.48.Final.jar:/home/user/.m2/repository/io/netty/netty-transport/4.1.48.Final/netty-transport-4.1.48.Final.jar:/home/user/.m2/repository/io/netty/netty-resolver/4.1.48.Final/netty-resolver-4.1.48.Final.jar:/home/user/.m2/repository/io/netty/netty-transport-native-unix-common/4.1.48.Final/netty-transport-native-unix-common-4.1.48.Final.jar:/home/user/.m2/repository/io/grpc/grpc-protobuf/1.29.0/grpc-protobuf-1.29.0.jar:/home/user/.m2/repository/io/grpc/grpc-api/1.29.0/grpc-api-1.29.0.jar:/home/user/.m2/repository/io/grpc/grpc-context/1.29.0/grpc-context-1.29.0.jar:/home/user/.m2/repository/org/codehaus/mojo/animal-sniffer-annotations/1.18/animal-sniffer-annotations-1.18.jar:/home/user/.m2/repository/com/google/api/grpc/proto-google-common-protos/1.17.0/proto-google-common-protos-1.17.0.jar:/home/user/.m2/repository/io/grpc/grpc-protobuf-lite/1.29.0/grpc-protobuf-lite-1.29.0.jar:/home/user/.m2/repository/io/grpc/grpc-stub/1.29.0/grpc-stub-1.29.0.jar:/home/user/.m2/repository/org/apache/hadoop/hadoop-ozone-recon/0.6.0-SNAPSHOT/hadoop-ozone-recon-0.6.0-SNAPSHOT.jar:/home/user/.m2/repository/org/apache/hadoop/hadoop-ozone-reconcodegen/0.6.0-SNAPSHOT/hadoop-ozone-reconcodegen-0.6.0-SNAPSHOT.jar:/home/user/.m2/repository/com/google/inject/extensions/guice-multibindings/4.0/guice-multibindings-4.0.jar:/home/user/.m2/repository/com/google/inject/guice/4.0/guice-4.0.jar:/home/user/.m2/repository/aopalliance/aopalliance/1.0/aopalliance-1.0.jar:/home/user/.m2/repository/com/google/inject/extensions/guice-assistedinject/4.0/guice-assistedinject-4.0.jar:/home/user/.m2/repository/com/google/inject/extensions/guice-servlet/4.0/guice-servlet-4.0.jar:/home/user/.m2/repository/org/glassfish/jersey/containers/jersey-container-servlet/2.27/jersey-container-servlet-2.27.jar:/home/user/.m2/repository/org/glassfish/hk2/guice-bridge/2.5.0/guice-bridge-2.5.0.jar:/home/user/.m2/repository/org/glassfish/jersey/core/jersey-server/2.27/jersey-server-2.27.jar:/home/user/.m2/repository/org/glassfish/jersey/core/jersey-client/2.27/jersey-client-2.27.jar:/home/user/.m2/repository/org/glassfish/jersey/media/jersey-media-jaxb/2.27/jersey-media-jaxb-2.27.jar:/home/user/.m2/repository/javax/validation/validation-api/1.1.0.Final/validation-api-1.1.0.Final.jar:/home/user/.m2/repository/org/glassfish/jersey/media/jersey-media-json-jackson/2.27/jersey-media-json-jackson-2.27.jar:/home/user/.m2/repository/org/glassfish/jersey/ext/jersey-entity-filtering/2.27/jersey-entity-filtering-2.27.jar:/home/user/.m2/repository/org/jooq/jooq/3.11.10/jooq-3.11.10.jar:/home/user/.m2/repository/org/jooq/jooq-meta/3.11.10/jooq-meta-3.11.10.jar:/home/user/.m2/repository/org/jooq/jooq-codegen/3.11.10/jooq-codegen-3.11.10.jar:/home/user/.m2/repository/com/jolbox/bonecp/0.8.0.RELEASE/bonecp-0.8.0.RELEASE.jar:/home/user/.m2/repository/org/apache/derby/derby/10.14.2.0/derby-10.14.2.0.jar:/home/user/.m2/repository/org/xerial/sqlite-jdbc/3.25.2/sqlite-jdbc-3.25.2.jar:/home/user/.m2/repository/org/springframework/spring-jdbc/5.2.5.RELEASE/spring-jdbc-5.2.5.RELEASE.jar:/home/user/.m2/repository/org/springframework/spring-beans/5.2.5.RELEASE/spring-beans-5.2.5.RELEASE.jar:/home/user/.m2/repository/org/springframework/spring-core/5.2.5.RELEASE/spring-core-5.2.5.RELEASE.jar:/home/user/.m2/repository/org/springframework/spring-jcl/5.2.5.RELEASE/spring-jcl-5.2.5.RELEASE.jar:/home/user/.m2/repository/org/springframework/spring-tx/5.2.5.RELEASE/spring-tx-5.2.5.RELEASE.jar:/home/user/.m2/repository/org/apache/hadoop/hadoop-ozone-client/0.6.0-SNAPSHOT/hadoop-ozone-client-0.6.0-SNAPSHOT.jar:/home/user/.m2/repository/org/apache/hadoop/hadoop-ozone-filesystem/0.6.0-SNAPSHOT/hadoop-ozone-filesystem-0.6.0-SNAPSHOT.jar:/home/user/.m2/repository/org/apache/hadoop/hadoop-ozone-filesystem-common/0.6.0-SNAPSHOT/hadoop-ozone-filesystem-common-0.6.0-SNAPSHOT.jar:/home/user/.m2/repository/org/apache/hadoop/hadoop-ozone-tools/0.6.0-SNAPSHOT/hadoop-ozone-tools-0.6.0-SNAPSHOT.jar:/home/user/.m2/repository/org/apache/hadoop/hadoop-hdfs/3.2.1/hadoop-hdfs-3.2.1.jar:/home/user/.m2/repository/org/apache/ratis/ratis-tools/1.0.0/ratis-tools-1.0.0.jar:/home/user/.m2/repository/org/apache/ratis/ratis-proto/1.0.0/ratis-proto-1.0.0.jar:/home/user/.m2/repository/org/apache/ratis/ratis-common/1.0.0/ratis-common-1.0.0.jar:/home/user/.m2/repository/com/amazonaws/aws-java-sdk-core/1.11.615/aws-java-sdk-core-1.11.615.jar:/home/user/.m2/repository/org/apache/httpcomponents/httpclient/4.5.2/httpclient-4.5.2.jar:/home/user/.m2/repository/org/apache/httpcomponents/httpcore/4.4.4/httpcore-4.4.4.jar:/home/user/.m2/repository/software/amazon/ion/ion-java/1.0.2/ion-java-1.0.2.jar:/home/user/.m2/repository/com/fasterxml/jackson/dataformat/jackson-dataformat-cbor/2.10.3/jackson-dataformat-cbor-2.10.3.jar:/home/user/.m2/repository/joda-time/joda-time/2.8.1/joda-time-2.8.1.jar:/home/user/.m2/repository/com/amazonaws/aws-java-sdk-s3/1.11.615/aws-java-sdk-s3-1.11.615.jar:/home/user/.m2/repository/com/amazonaws/aws-java-sdk-kms/1.11.615/aws-java-sdk-kms-1.11.615.jar:/home/user/.m2/repository/com/amazonaws/jmespath-java/1.11.615/jmespath-java-1.11.615.jar:/home/user/.m2/repository/org/apache/hadoop/hadoop-hdds-tools/0.6.0-SNAPSHOT/hadoop-hdds-tools-0.6.0-SNAPSHOT.jar:/home/user/.m2/repository/commons-cli/commons-cli/1.2/commons-cli-1.2.jar:/home/user/.m2/repository/org/apache/commons/commons-lang3/3.7/commons-lang3-3.7.jar:/home/user/.m2/repository/org/apache/hadoop/hadoop-ozone-ozone-manager/0.6.0-SNAPSHOT/hadoop-ozone-ozone-manager-0.6.0-SNAPSHOT-tests.jar:/home/user/.m2/repository/junit/junit/4.11/junit-4.11.jar:/home/user/.m2/repository/org/hamcrest/hamcrest-core/1.3/hamcrest-core-1.3.jar:/home/user/.m2/repository/org/openjdk/jmh/jmh-core/1.19/jmh-core-1.19.jar:/home/user/.m2/repository/net/sf/jopt-simple/jopt-simple/4.6/jopt-simple-4.6.jar:/home/user/.m2/repository/org/apache/commons/commons-math3/3.1.1/commons-math3-3.1.1.jar:/home/user/.m2/repository/org/openjdk/jmh/jmh-generator-annprocess/1.19/jmh-generator-annprocess-1.19.jar:/home/user/.m2/repository/org/mockito/mockito-all/1.8.5/mockito-all-1.8.5.jar:/home/user/.m2/repository/org/apache/hadoop/hadoop-kms/3.2.1/hadoop-kms-3.2.1.jar:/home/user/.m2/repository/org/apache/hadoop/hadoop-auth/3.2.1/hadoop-auth-3.2.1.jar:/home/user/.m2/repository/com/nimbusds/nimbus-jose-jwt/7.9/nimbus-jose-jwt-7.9.jar:/home/user/.m2/repository/com/github/stephenc/jcip/jcip-annotations/1.0-1/jcip-annotations-1.0-1.jar:/home/user/.m2/repository/net/minidev/json-smart/2.3/json-smart-2.3.jar:/home/user/.m2/repository/net/minidev/accessors-smart/1.2/accessors-smart-1.2.jar:/home/user/.m2/repository/org/ow2/asm/asm/5.0.4/asm-5.0.4.jar:/home/user/.m2/repository/org/apache/zookeeper/zookeeper/3.4.13/zookeeper-3.4.13.jar:/home/user/.m2/repository/org/apache/yetus/audience-annotations/0.5.0/audience-annotations-0.5.0.jar:/home/user/.m2/repository/org/apache/curator/curator-framework/2.13.0/curator-framework-2.13.0.jar:/home/user/.m2/repository/com/sun/jersey/jersey-core/1.19/jersey-core-1.19.jar:/home/user/.m2/repository/javax/ws/rs/jsr311-api/1.1.1/jsr311-api-1.1.1.jar:/home/user/.m2/repository/com/sun/jersey/jersey-server/1.19/jersey-server-1.19.jar:/home/user/.m2/repository/javax/servlet/javax.servlet-api/3.1.0/javax.servlet-api-3.1.0.jar:/home/user/.m2/repository/org/eclipse/jetty/jetty-server/9.4.26.v20200117/jetty-server-9.4.26.v20200117.jar:/home/user/.m2/repository/org/eclipse/jetty/jetty-http/9.4.26.v20200117/jetty-http-9.4.26.v20200117.jar:/home/user/.m2/repository/org/eclipse/jetty/jetty-io/9.4.26.v20200117/jetty-io-9.4.26.v20200117.jar:/home/user/.m2/repository/org/eclipse/jetty/jetty-webapp/9.4.26.v20200117/jetty-webapp-9.4.26.v20200117.jar:/home/user/.m2/repository/org/eclipse/jetty/jetty-xml/9.4.26.v20200117/jetty-xml-9.4.26.v20200117.jar:/home/user/.m2/repository/org/eclipse/jetty/jetty-servlet/9.4.26.v20200117/jetty-servlet-9.4.26.v20200117.jar:/home/user/.m2/repository/org/eclipse/jetty/jetty-security/9.4.26.v20200117/jetty-security-9.4.26.v20200117.jar:/home/user/.m2/repository/org/apache/hadoop/hadoop-common/3.2.1/hadoop-common-3.2.1.jar:/home/user/.m2/repository/commons-net/commons-net/3.6/commons-net-3.6.jar:/home/user/.m2/repository/commons-collections/commons-collections/3.2.2/commons-collections-3.2.2.jar:/home/user/.m2/repository/com/sun/jersey/jersey-servlet/1.19/jersey-servlet-1.19.jar:/home/user/.m2/repository/com/sun/jersey/jersey-json/1.19/jersey-json-1.19.jar:/home/user/.m2/repository/org/codehaus/jettison/jettison/1.1/jettison-1.1.jar:/home/user/.m2/repository/org/codehaus/jackson/jackson-jaxrs/1.9.2/jackson-jaxrs-1.9.2.jar:/home/user/.m2/repository/org/codehaus/jackson/jackson-xc/1.9.2/jackson-xc-1.9.2.jar:/home/user/.m2/repository/commons-beanutils/commons-beanutils/1.9.4/commons-beanutils-1.9.4.jar:/home/user/.m2/repository/org/apache/commons/commons-configuration2/2.1.1/commons-configuration2-2.1.1.jar:/home/user/.m2/repository/org/apache/commons/commons-text/1.4/commons-text-1.4.jar:/home/user/.m2/repository/com/google/re2j/re2j/1.1/re2j-1.1.jar:/home/user/.m2/repository/com/jcraft/jsch/0.1.54/jsch-0.1.54.jar:/home/user/.m2/repository/org/apache/curator/curator-client/2.13.0/curator-client-2.13.0.jar:/home/user/.m2/repository/org/apache/curator/curator-recipes/2.13.0/curator-recipes-2.13.0.jar:/home/user/.m2/repository/dnsjava/dnsjava/2.1.7/dnsjava-2.1.7.jar:/home/user/.m2/repository/org/slf4j/jul-to-slf4j/1.7.25/jul-to-slf4j-1.7.25.jar:/home/user/.m2/repository/org/eclipse/jetty/jetty-util/9.4.26.v20200117/jetty-util-9.4.26.v20200117.jar:/home/user/.m2/repository/com/fasterxml/jackson/core/jackson-databind/2.10.3/jackson-databind-2.10.3.jar:/home/user/.m2/repository/org/apache/hadoop/hadoop-kms/3.2.1/hadoop-kms-3.2.1-tests.jar:/home/user/.m2/repository/org/apache/hadoop/hadoop-hdds-server-scm/0.6.0-SNAPSHOT/hadoop-hdds-server-scm-0.6.0-SNAPSHOT-tests.jar:/home/user/.m2/repository/org/apache/hadoop/hadoop-hdds-container-service/0.6.0-SNAPSHOT/hadoop-hdds-container-service-0.6.0-SNAPSHOT-tests.jar:/home/user/.m2/repository/org/apache/hadoop/hadoop-hdds-common/0.6.0-SNAPSHOT/hadoop-hdds-common-0.6.0-SNAPSHOT-tests.jar:/home/user/.m2/repository/org/yaml/snakeyaml/1.16/snakeyaml-1.16.jar:/home/user/.m2/repository/org/apache/hadoop/hadoop-hdds-hadoop-dependency-test/0.6.0-SNAPSHOT/hadoop-hdds-hadoop-dependency-test-0.6.0-SNAPSHOT.jar:/home/user/.m2/repository/org/apache/hadoop/hadoop-common/3.2.1/hadoop-common-3.2.1-tests.jar:/home/user/.m2/repository/javax/servlet/jsp/jsp-api/2.1/jsp-api-2.1.jar:/home/user/.m2/repository/org/apache/hadoop/hadoop-hdfs/3.2.1/hadoop-hdfs-3.2.1-tests.jar:/home/user/.m2/repository/org/eclipse/jetty/jetty-util-ajax/9.4.26.v20200117/jetty-util-ajax-9.4.26.v20200117.jar:/home/user/.m2/repository/commons-codec/commons-codec/1.11/commons-codec-1.11.jar:/home/user/.m2/repository/commons-daemon/commons-daemon/1.0.13/commons-daemon-1.0.13.jar:/home/user/.m2/repository/io/netty/netty/3.10.5.Final/netty-3.10.5.Final.jar:/home/user/.m2/repository/io/netty/netty-all/4.1.48.Final/netty-all-4.1.48.Final.jar:/home/user/.m2/repository/org/apache/htrace/htrace-core4/4.1.0-incubating/htrace-core4-4.1.0-incubating.jar:/home/user/.m2/repository/org/fusesource/leveldbjni/leveldbjni-all/1.8/leveldbjni-all-1.8.jar:/home/user/.m2/repository/org/apache/hadoop/hadoop-distcp/3.2.1/hadoop-distcp-3.2.1.jar:/home/user/.m2/repository/org/apache/hadoop/hadoop-mapreduce-client-jobclient/3.2.1/hadoop-mapreduce-client-jobclient-3.2.1.jar:/home/user/.m2/repository/org/apache/hadoop/hadoop-mapreduce-client-common/3.2.1/hadoop-mapreduce-client-common-3.2.1.jar:/home/user/.m2/repository/org/apache/hadoop/hadoop-yarn-common/3.2.1/hadoop-yarn-common-3.2.1.jar:/home/user/.m2/repository/org/apache/hadoop/hadoop-yarn-api/3.2.1/hadoop-yarn-api-3.2.1.jar:/home/user/.m2/repository/com/sun/jersey/jersey-client/1.19/jersey-client-1.19.jar:/home/user/.m2/repository/com/sun/jersey/contribs/jersey-guice/1.19/jersey-guice-1.19.jar:/home/user/.m2/repository/com/fasterxml/jackson/jaxrs/jackson-jaxrs-json-provider/2.10.3/jackson-jaxrs-json-provider-2.10.3.jar:/home/user/.m2/repository/com/fasterxml/jackson/jaxrs/jackson-jaxrs-base/2.10.3/jackson-jaxrs-base-2.10.3.jar:/home/user/.m2/repository/org/apache/hadoop/hadoop-yarn-client/3.2.1/hadoop-yarn-client-3.2.1.jar:/home/user/.m2/repository/org/apache/hadoop/hadoop-mapreduce-client-core/3.2.1/hadoop-mapreduce-client-core-3.2.1.jar:/home/user/.m2/repository/org/apache/avro/avro/1.7.7/avro-1.7.7.jar:/home/user/.m2/repository/org/codehaus/jackson/jackson-core-asl/1.9.13/jackson-core-asl-1.9.13.jar:/home/user/.m2/repository/org/codehaus/jackson/jackson-mapper-asl/1.9.13/jackson-mapper-asl-1.9.13.jar:/home/user/.m2/repository/com/thoughtworks/paranamer/paranamer/2.3/paranamer-2.3.jar:/home/user/.m2/repository/org/xerial/snappy/snappy-java/1.0.5/snappy-java-1.0.5.jar:/home/user/.m2/repository/org/apache/hadoop/hadoop-annotations/3.2.1/hadoop-annotations-3.2.1.jar:/usr/lib/jvm/java-1.8.0-openjdk-1.8.0.232.b09-0.el7_7.x86_64/jre/../lib/tools.jar:/home/user/.m2/repository/org/apache/hadoop/hadoop-distcp/3.2.1/hadoop-distcp-3.2.1-tests.jar:"/>
    <property name="sun.cpu.endian" value="little"/>
    <property name="user.home" value="/home/user"/>
    <property name="user.language" value="en"/>
    <property name="java.specification.vendor" value="Oracle Corporation"/>
    <property name="java.home" value="/usr/lib/jvm/java-1.8.0-openjdk-1.8.0.232.b09-0.el7_7.x86_64/jre"/>
    <property name="java.security.krb5.conf" value="/github/workspace/mnt/ozone/hadoop-ozone/integration-test/target/test-classes/krb5.conf"/>
    <property name="basedir" value="/github/workspace/mnt/ozone/hadoop-ozone/integration-test"/>
    <property name="file.separator" value="/"/>
    <property name="line.separator" value="&#10;"/>
    <property name="java.vm.specification.vendor" value="Oracle Corporation"/>
    <property name="java.specification.name" value="Java Platform API Specification"/>
    <property name="java.awt.graphicsenv" value="sun.awt.X11GraphicsEnvironment"/>
    <property name="skip.installnpx" value="true"/>
    <property name="surefire.real.class.path" value="/github/workspace/mnt/ozone/hadoop-ozone/integration-test/target/surefire/surefirebooter5010928230741859462.jar:/home/user/.m2/repository/org/jacoco/org.jacoco.agent/0.8.5/org.jacoco.agent-0.8.5-runtime.jar"/>
    <property name="hadoop.log.dir" value="/github/workspace/mnt/ozone/hadoop-ozone/integration-test/target/log"/>
    <property name="sun.boot.class.path" value="/usr/lib/jvm/java-1.8.0-openjdk-1.8.0.232.b09-0.el7_7.x86_64/jre/lib/resources.jar:/usr/lib/jvm/java-1.8.0-openjdk-1.8.0.232.b09-0.el7_7.x86_64/jre/lib/rt.jar:/usr/lib/jvm/java-1.8.0-openjdk-1.8.0.232.b09-0.el7_7.x86_64/jre/lib/sunrsasign.jar:/usr/lib/jvm/java-1.8.0-openjdk-1.8.0.232.b09-0.el7_7.x86_64/jre/lib/jsse.jar:/usr/lib/jvm/java-1.8.0-openjdk-1.8.0.232.b09-0.el7_7.x86_64/jre/lib/jce.jar:/usr/lib/jvm/java-1.8.0-openjdk-1.8.0.232.b09-0.el7_7.x86_64/jre/lib/charsets.jar:/usr/lib/jvm/java-1.8.0-openjdk-1.8.0.232.b09-0.el7_7.x86_64/jre/lib/jfr.jar:/usr/lib/jvm/java-1.8.0-openjdk-1.8.0.232.b09-0.el7_7.x86_64/jre/classes"/>
    <property name="sun.management.compiler" value="HotSpot 64-Bit Tiered Compilers"/>
    <property name="skip.npx" value="true"/>
    <property name="java.runtime.version" value="1.8.0_232-b09"/>
    <property name="java.net.preferIPv4Stack" value="true"/>
    <property name="user.name" value="jenkins1001"/>
    <property name="path.separator" value=":"/>
    <property name="java.security.egd" value="file:///dev/urandom"/>
    <property name="os.version" value="5.3.0-1032-azure"/>
    <property name="java.endorsed.dirs" value="/usr/lib/jvm/java-1.8.0-openjdk-1.8.0.232.b09-0.el7_7.x86_64/jre/lib/endorsed"/>
    <property name="java.runtime.name" value="OpenJDK Runtime Environment"/>
    <property name="file.encoding" value="ANSI_X3.4-1968"/>
    <property name="java.vm.name" value="OpenJDK 64-Bit Server VM"/>
    <property name="test.build.webapps" value=""/>
    <property name="localRepository" value="/home/user/.m2/repository"/>
    <property name="java.vendor.url.bug" value="http://bugreport.sun.com/bugreport/"/>
    <property name="java.io.tmpdir" value="/tmp"/>
    <property name="require.test.libhadoop" value=""/>
    <property name="java.version" value="1.8.0_232"/>
    <property name="user.dir" value="/github/workspace/mnt/ozone/hadoop-ozone/integration-test"/>
    <property name="os.arch" value="amd64"/>
    <property name="java.vm.specification.name" value="Java Virtual Machine Specification"/>
    <property name="test.build.classes" value="/github/workspace/mnt/ozone/hadoop-ozone/integration-test/target/test-classes"/>
    <property name="java.awt.printerjob" value="sun.print.PSPrinterJob"/>
    <property name="sun.os.patch.level" value="unknown"/>
    <property name="hadoop.tmp.dir" value="/github/workspace/mnt/ozone/hadoop-ozone/integration-test/target/tmp"/>
    <property name="java.library.path" value="/usr/lib:/usr/java/packages/lib/amd64:/usr/lib64:/lib64:/lib:/usr/lib"/>
    <property name="java.vm.info" value="mixed mode"/>
    <property name="java.vendor" value="Oracle Corporation"/>
    <property name="java.vm.version" value="25.232-b09"/>
    <property name="java.ext.dirs" value="/usr/lib/jvm/java-1.8.0-openjdk-1.8.0.232.b09-0.el7_7.x86_64/jre/lib/ext:/usr/java/packages/lib/ext"/>
    <property name="sun.io.unicode.encoding" value="UnicodeLittle"/>
    <property name="java.class.version" value="52.0"/>
  </properties>
  <testcase name="testDeleteKeyWithSlowFollower" classname="org.apache.hadoop.ozone.client.rpc.TestDeleteWithSlowFollower" time="10.528">
    <failure type="java.lang.AssertionError">java.lang.AssertionError
	at org.junit.Assert.fail(Assert.java:86)
	at org.junit.Assert.assertTrue(Assert.java:41)
	at org.junit.Assert.assertTrue(Assert.java:52)
	at org.apache.hadoop.ozone.client.rpc.TestDeleteWithSlowFollower.testDeleteKeyWithSlowFollower(TestDeleteWithSlowFollower.java:272)
	at sun.reflect.NativeMethodAccessorImpl.invoke0(Native Method)
	at sun.reflect.NativeMethodAccessorImpl.invoke(NativeMethodAccessorImpl.java:62)
	at sun.reflect.DelegatingMethodAccessorImpl.invoke(DelegatingMethodAccessorImpl.java:43)
	at java.lang.reflect.Method.invoke(Method.java:498)
	at org.junit.runners.model.FrameworkMethod$1.runReflectiveCall(FrameworkMethod.java:47)
	at org.junit.internal.runners.model.ReflectiveCallable.run(ReflectiveCallable.java:12)
	at org.junit.runners.model.FrameworkMethod.invokeExplosively(FrameworkMethod.java:44)
	at org.junit.internal.runners.statements.InvokeMethod.evaluate(InvokeMethod.java:17)
	at org.junit.runners.ParentRunner.runLeaf(ParentRunner.java:271)
	at org.junit.runners.BlockJUnit4ClassRunner.runChild(BlockJUnit4ClassRunner.java:70)
	at org.junit.runners.BlockJUnit4ClassRunner.runChild(BlockJUnit4ClassRunner.java:50)
	at org.junit.runners.ParentRunner$3.run(ParentRunner.java:238)
	at org.junit.runners.ParentRunner$1.schedule(ParentRunner.java:63)
	at org.junit.runners.ParentRunner.runChildren(ParentRunner.java:236)
	at org.junit.runners.ParentRunner.access$000(ParentRunner.java:53)
	at org.junit.runners.ParentRunner$2.evaluate(ParentRunner.java:229)
	at org.junit.internal.runners.statements.RunBefores.evaluate(RunBefores.java:26)
	at org.junit.internal.runners.statements.RunAfters.evaluate(RunAfters.java:27)
	at org.junit.runners.ParentRunner.run(ParentRunner.java:309)
	at org.apache.maven.surefire.junit4.JUnit4Provider.execute(JUnit4Provider.java:365)
	at org.apache.maven.surefire.junit4.JUnit4Provider.executeWithRerun(JUnit4Provider.java:273)
	at org.apache.maven.surefire.junit4.JUnit4Provider.executeTestSet(JUnit4Provider.java:238)
	at org.apache.maven.surefire.junit4.JUnit4Provider.invoke(JUnit4Provider.java:159)
	at org.apache.maven.surefire.booter.ForkedBooter.invokeProviderInSameClassLoader(ForkedBooter.java:384)
	at org.apache.maven.surefire.booter.ForkedBooter.runSuitesInProcess(ForkedBooter.java:345)
	at org.apache.maven.surefire.booter.ForkedBooter.execute(ForkedBooter.java:126)
	at org.apache.maven.surefire.booter.ForkedBooter.main(ForkedBooter.java:418)
</failure>
    <system-out><![CDATA[2020-07-25 01:01:51,109 [main] WARN  server.ServerUtils (ServerUtils.java:getScmDbDir(148)) - ozone.scm.db.dirs is not configured. We recommend adding this setting. Falling back to ozone.metadata.dirs instead.
2020-07-25 01:01:51,202 [main] WARN  server.ServerUtils (ServerUtils.java:getScmDbDir(148)) - ozone.scm.db.dirs is not configured. We recommend adding this setting. Falling back to ozone.metadata.dirs instead.
2020-07-25 01:01:51,328 [main] WARN  db.DBStoreBuilder (DBStoreBuilder.java:createDBStoreBuilder(277)) - ozone.scm.db.dirs is not configured. We recommend adding this setting. Falling back to ozone.metadata.dirs instead.
2020-07-25 01:01:51,470 [main] INFO  net.NodeSchemaLoader (NodeSchemaLoader.java:loadSchemaFromFile(126)) - Loading file from sun.misc.CompoundEnumeration@2f162cc0
2020-07-25 01:01:51,471 [main] INFO  net.NodeSchemaLoader (NodeSchemaLoader.java:loadSchema(172)) - Loading network topology layer schema file
2020-07-25 01:01:51,551 [main] WARN  server.ServerUtils (ServerUtils.java:sanitizeUserArgs(73)) - ozone.scm.stale.node.interval value = 1000000 is larger than max = 100000 based on the key value of ozone.scm.heartbeat.thread.interval, reset to the max value 100000.
2020-07-25 01:01:51,551 [main] WARN  server.ServerUtils (ServerUtils.java:sanitizeUserArgs(73)) - ozone.scm.stale.node.interval value = 1000000 is larger than max = 100000 based on the key value of ozone.scm.heartbeat.thread.interval, reset to the max value 100000.
2020-07-25 01:01:51,556 [main] INFO  node.SCMNodeManager (SCMNodeManager.java:<init>(116)) - Entering startup safe mode.
2020-07-25 01:01:51,697 [main] INFO  algorithms.ContainerPlacementPolicyFactory (ContainerPlacementPolicyFactory.java:getPolicy(60)) - Create container placement policy of type org.apache.hadoop.hdds.scm.container.placement.algorithms.SCMContainerPlacementRandom
2020-07-25 01:01:51,726 [main] INFO  pipeline.SCMPipelineManager (SCMPipelineManager.java:initializePipelineState(158)) - No pipeline exists in current db
2020-07-25 01:01:51,809 [main] INFO  safemode.HealthyPipelineSafeModeRule (HealthyPipelineSafeModeRule.java:<init>(89)) - Total pipeline count is 0, healthy pipeline threshold count is 0
2020-07-25 01:01:51,813 [main] INFO  safemode.OneReplicaPipelineSafeModeRule (OneReplicaPipelineSafeModeRule.java:<init>(79)) - Total pipeline count is 0, pipeline's with at least one datanode reported threshold count is 0
2020-07-25 01:01:51,847 [RatisPipelineUtilsThread] ERROR pipeline.SCMPipelineManager (SCMPipelineManager.java:createPipeline(275)) - Failed to create pipeline of type RATIS and factor ONE. Exception: Cannot create pipeline of factor 1 using 0 nodes. Used 0 nodes. Healthy nodes 0
2020-07-25 01:01:52,186 [main] INFO  ipc.CallQueueManager (CallQueueManager.java:<init>(84)) - Using callQueue: class java.util.concurrent.LinkedBlockingQueue, queueCapacity: 2000, scheduler: class org.apache.hadoop.ipc.DefaultRpcScheduler, ipcBackoff: false.
2020-07-25 01:01:52,209 [Socket Reader #1 for port 0] INFO  ipc.Server (Server.java:run(1219)) - Starting Socket Reader #1 for port 0
2020-07-25 01:01:52,240 [Listener at 0.0.0.0/39945] INFO  ipc.CallQueueManager (CallQueueManager.java:<init>(84)) - Using callQueue: class java.util.concurrent.LinkedBlockingQueue, queueCapacity: 2000, scheduler: class org.apache.hadoop.ipc.DefaultRpcScheduler, ipcBackoff: false.
2020-07-25 01:01:52,243 [Socket Reader #1 for port 0] INFO  ipc.Server (Server.java:run(1219)) - Starting Socket Reader #1 for port 0
2020-07-25 01:01:52,260 [Listener at 0.0.0.0/33583] INFO  ipc.CallQueueManager (CallQueueManager.java:<init>(84)) - Using callQueue: class java.util.concurrent.LinkedBlockingQueue, queueCapacity: 2000, scheduler: class org.apache.hadoop.ipc.DefaultRpcScheduler, ipcBackoff: false.
2020-07-25 01:01:52,260 [Socket Reader #1 for port 0] INFO  ipc.Server (Server.java:run(1219)) - Starting Socket Reader #1 for port 0
2020-07-25 01:01:52,279 [Listener at 0.0.0.0/40829] INFO  http.BaseHttpServer (BaseHttpServer.java:newHttpServer2BuilderForOzone(207)) - Starting Web-server for scm at: http://0.0.0.0:0
2020-07-25 01:01:52,280 [Listener at 0.0.0.0/40829] INFO  http.BaseHttpServer (BaseHttpServer.java:<init>(106)) - Hadoop Security Enabled: false Ozone Security Enabled: false Ozone HTTP Security Enabled: false 
2020-07-25 01:01:52,308 [Listener at 0.0.0.0/40829] INFO  util.log (Log.java:initialized(169)) - Logging initialized @2269ms to org.eclipse.jetty.util.log.Slf4jLog
2020-07-25 01:01:52,434 [Listener at 0.0.0.0/40829] INFO  server.AuthenticationFilter (AuthenticationFilter.java:constructSecretProvider(240)) - Unable to initialize FileSignerSecretProvider, falling back to use random secrets.
2020-07-25 01:01:52,447 [Listener at 0.0.0.0/40829] WARN  http.HttpRequestLog (HttpRequestLog.java:getRequestLog(103)) - Jetty request log can only be enabled using Log4j
2020-07-25 01:01:52,453 [Listener at 0.0.0.0/40829] INFO  http.HttpServer2 (HttpServer2.java:addGlobalFilter(998)) - Added global filter 'safety' (class=org.apache.hadoop.hdds.server.http.HttpServer2$QuotingInputFilter)
2020-07-25 01:01:52,459 [Listener at 0.0.0.0/40829] INFO  http.HttpServer2 (HttpServer2.java:addFilter(974)) - Added filter static_user_filter (class=org.apache.hadoop.http.lib.StaticUserWebFilter$StaticUserFilter) to context scm
2020-07-25 01:01:52,459 [Listener at 0.0.0.0/40829] INFO  http.HttpServer2 (HttpServer2.java:addFilter(982)) - Added filter static_user_filter (class=org.apache.hadoop.http.lib.StaticUserWebFilter$StaticUserFilter) to context static
2020-07-25 01:01:52,459 [Listener at 0.0.0.0/40829] INFO  http.HttpServer2 (HttpServer2.java:addFilter(982)) - Added filter static_user_filter (class=org.apache.hadoop.http.lib.StaticUserWebFilter$StaticUserFilter) to context logs
2020-07-25 01:01:52,512 [Listener at 0.0.0.0/40829] INFO  server.StorageContainerManager (StorageContainerManager.java:start(784)) - StorageContainerLocationProtocol RPC server is listening at /0.0.0.0:40829
2020-07-25 01:01:52,566 [Listener at 0.0.0.0/40829] WARN  impl.MetricsConfig (MetricsConfig.java:loadFirst(134)) - Cannot locate configuration: tried hadoop-metrics2-storagecontainermanager.properties,hadoop-metrics2.properties
2020-07-25 01:01:52,581 [Listener at 0.0.0.0/40829] INFO  impl.MetricsSystemImpl (MetricsSystemImpl.java:startTimer(374)) - Scheduled Metric snapshot period at 10 second(s).
2020-07-25 01:01:52,581 [Listener at 0.0.0.0/40829] INFO  impl.MetricsSystemImpl (MetricsSystemImpl.java:start(191)) - StorageContainerManager metrics system started
2020-07-25 01:01:52,805 [Listener at 0.0.0.0/40829] INFO  server.SCMClientProtocolServer (SCMClientProtocolServer.java:start(156)) - RPC server for Client  is listening at /0.0.0.0:40829
2020-07-25 01:01:52,805 [IPC Server Responder] INFO  ipc.Server (Server.java:run(1460)) - IPC Server Responder: starting
2020-07-25 01:01:52,806 [IPC Server listener on 0] INFO  ipc.Server (Server.java:run(1298)) - IPC Server listener on 0: starting
2020-07-25 01:01:52,809 [Listener at 0.0.0.0/40829] INFO  server.StorageContainerManager (StorageContainerManager.java:start(796)) - ScmBlockLocationProtocol RPC server is listening at /0.0.0.0:33583
2020-07-25 01:01:52,810 [Listener at 0.0.0.0/40829] INFO  server.SCMBlockProtocolServer (SCMBlockProtocolServer.java:start(149)) - RPC server for Block Protocol is listening at /0.0.0.0:33583
2020-07-25 01:01:52,810 [IPC Server Responder] INFO  ipc.Server (Server.java:run(1460)) - IPC Server Responder: starting
2020-07-25 01:01:52,810 [IPC Server listener on 0] INFO  ipc.Server (Server.java:run(1298)) - IPC Server listener on 0: starting
2020-07-25 01:01:52,832 [Listener at 0.0.0.0/40829] INFO  server.StorageContainerManager (StorageContainerManager.java:start(802)) - ScmDatanodeProtocl RPC server is listening at /0.0.0.0:39945
2020-07-25 01:01:52,832 [Listener at 0.0.0.0/40829] INFO  server.SCMDatanodeProtocolServer (SCMDatanodeProtocolServer.java:start(172)) - RPC server for DataNodes is listening at /0.0.0.0:39945
2020-07-25 01:01:52,833 [IPC Server Responder] INFO  ipc.Server (Server.java:run(1460)) - IPC Server Responder: starting
2020-07-25 01:01:52,833 [IPC Server listener on 0] INFO  ipc.Server (Server.java:run(1298)) - IPC Server listener on 0: starting
2020-07-25 01:01:52,839 [Listener at 0.0.0.0/40829] INFO  http.HttpServer2 (HttpServer2.java:bindListener(1216)) - Jetty bound to port 39727
2020-07-25 01:01:52,841 [Listener at 0.0.0.0/40829] INFO  server.Server (Server.java:doStart(359)) - jetty-9.4.26.v20200117; built: 2020-01-17T12:35:33.676Z; git: 7b38981d25d14afb4a12ff1f2596756144edf695; jvm 1.8.0_232-b09
2020-07-25 01:01:52,872 [Listener at 0.0.0.0/40829] INFO  server.session (DefaultSessionIdManager.java:doStart(333)) - DefaultSessionIdManager workerName=node0
2020-07-25 01:01:52,872 [Listener at 0.0.0.0/40829] INFO  server.session (DefaultSessionIdManager.java:doStart(338)) - No SessionScavenger set, using defaults
2020-07-25 01:01:52,873 [Listener at 0.0.0.0/40829] INFO  server.session (HouseKeeper.java:startScavenging(140)) - node0 Scavenging every 600000ms
2020-07-25 01:01:52,885 [Listener at 0.0.0.0/40829] INFO  handler.ContextHandler (ContextHandler.java:doStart(825)) - Started o.e.j.s.ServletContextHandler@83bb0f{logs,/logs,file:///github/workspace/mnt/ozone/hadoop-ozone/integration-test/target/log,AVAILABLE}
2020-07-25 01:01:52,890 [Listener at 0.0.0.0/40829] INFO  handler.ContextHandler (ContextHandler.java:doStart(825)) - Started o.e.j.s.ServletContextHandler@6393bf8b{static,/static,file:///github/workspace/mnt/ozone/hadoop-ozone/integration-test/target/test-classes/webapps/static,AVAILABLE}
2020-07-25 01:01:52,930 [Listener at 0.0.0.0/40829] INFO  handler.ContextHandler (ContextHandler.java:doStart(825)) - Started o.e.j.w.WebAppContext@21edd891{scm,/,file:///github/workspace/mnt/ozone/hadoop-ozone/integration-test/target/test-classes/webapps/scm/,AVAILABLE}{file:/github/workspace/mnt/ozone/hadoop-ozone/integration-test/target/test-classes/webapps/scm}
2020-07-25 01:01:52,938 [Listener at 0.0.0.0/40829] INFO  server.AbstractConnector (AbstractConnector.java:doStart(330)) - Started ServerConnector@545b5ed0{HTTP/1.1,[http/1.1]}{0.0.0.0:39727}
2020-07-25 01:01:52,938 [Listener at 0.0.0.0/40829] INFO  server.Server (Server.java:doStart(399)) - Started @2899ms
2020-07-25 01:01:52,940 [Listener at 0.0.0.0/40829] INFO  impl.MetricsSinkAdapter (MetricsSinkAdapter.java:start(204)) - Sink prometheus started
2020-07-25 01:01:52,940 [Listener at 0.0.0.0/40829] INFO  impl.MetricsSystemImpl (MetricsSystemImpl.java:registerSink(301)) - Registered sink prometheus
2020-07-25 01:01:52,943 [Listener at 0.0.0.0/40829] INFO  http.BaseHttpServer (BaseHttpServer.java:updateConnectorAddress(327)) - HTTP server of scm listening at http://0.0.0.0:39727
2020-07-25 01:01:52,951 [Listener at 0.0.0.0/40829] WARN  server.ServerUtils (ServerUtils.java:getDBPath(225)) - ozone.om.db.dirs is not configured. We recommend adding this setting. Falling back to ozone.metadata.dirs instead.
2020-07-25 01:01:52,963 [org.apache.hadoop.util.JvmPauseMonitor$Monitor@435e416c] INFO  util.JvmPauseMonitor (JvmPauseMonitor.java:run(188)) - Starting JVM pause monitor
2020-07-25 01:01:53,045 [Listener at 0.0.0.0/40829] INFO  ha.OMHANodeDetails (OMHANodeDetails.java:loadOMHAConfig(104)) - ozone.om.internal.service.id is not defined, falling back to ozone.om.service.ids to find serviceID for OzoneManager if it is HA enabled cluster
2020-07-25 01:01:53,048 [Listener at 0.0.0.0/40829] INFO  ha.OMHANodeDetails (OMHANodeDetails.java:loadOMHAConfig(213)) - Configuration either no ozone.om.address set. Falling back to the default OM address /127.0.0.1:0
2020-07-25 01:01:53,049 [Listener at 0.0.0.0/40829] INFO  ha.OMHANodeDetails (OMHANodeDetails.java:getOMNodeDetails(241)) - OM Service ID is not set. Setting it to the default ID: omServiceIdDefault
2020-07-25 01:01:53,052 [Listener at 0.0.0.0/40829] WARN  server.ServerUtils (ServerUtils.java:getDBPath(225)) - ozone.om.db.dirs is not configured. We recommend adding this setting. Falling back to ozone.metadata.dirs instead.
2020-07-25 01:01:53,052 [Listener at 0.0.0.0/40829] WARN  server.ServerUtils (ServerUtils.java:getDBPath(225)) - ozone.om.db.dirs is not configured. We recommend adding this setting. Falling back to ozone.metadata.dirs instead.
2020-07-25 01:01:53,658 [Listener at 0.0.0.0/40829] WARN  server.ServerUtils (ServerUtils.java:getDBPath(225)) - ozone.om.db.dirs is not configured. We recommend adding this setting. Falling back to ozone.metadata.dirs instead.
2020-07-25 01:01:53,664 [Listener at 0.0.0.0/40829] INFO  codec.OmKeyInfoCodec (OmKeyInfoCodec.java:<init>(41)) - OmKeyInfoCodec ignorePipeline = true
2020-07-25 01:01:53,665 [Listener at 0.0.0.0/40829] INFO  codec.RepeatedOmKeyInfoCodec (RepeatedOmKeyInfoCodec.java:<init>(40)) - RepeatedOmKeyInfoCodec ignorePipeline = true
2020-07-25 01:01:53,801 [Listener at 0.0.0.0/40829] INFO  om.OzoneManager (OzoneManager.java:addS3GVolumeToDB(3568)) - Created Volume s3v With Owner jenkins1001 required for S3Gateway operations.
2020-07-25 01:01:53,825 [Listener at 0.0.0.0/40829] INFO  ipc.CallQueueManager (CallQueueManager.java:<init>(84)) - Using callQueue: class java.util.concurrent.LinkedBlockingQueue, queueCapacity: 2000, scheduler: class org.apache.hadoop.ipc.DefaultRpcScheduler, ipcBackoff: false.
2020-07-25 01:01:53,825 [Socket Reader #1 for port 0] INFO  ipc.Server (Server.java:run(1219)) - Starting Socket Reader #1 for port 0
2020-07-25 01:01:53,847 [Listener at 127.0.0.1/46235] INFO  impl.MetricsSystemImpl (MetricsSystemImpl.java:init(158)) - OzoneManager metrics system started (again)
2020-07-25 01:01:53,848 [Listener at 127.0.0.1/46235] INFO  om.OzoneManager (OzoneManager.java:start(1114)) - OzoneManager RPC server is listening at localhost/127.0.0.1:46235
2020-07-25 01:01:53,866 [IPC Server Responder] INFO  ipc.Server (Server.java:run(1460)) - IPC Server Responder: starting
2020-07-25 01:01:53,866 [IPC Server listener on 0] INFO  ipc.Server (Server.java:run(1298)) - IPC Server listener on 0: starting
2020-07-25 01:01:53,882 [Listener at 127.0.0.1/46235] INFO  http.BaseHttpServer (BaseHttpServer.java:newHttpServer2BuilderForOzone(207)) - Starting Web-server for ozoneManager at: http://0.0.0.0:0
2020-07-25 01:01:53,882 [Listener at 127.0.0.1/46235] INFO  http.BaseHttpServer (BaseHttpServer.java:<init>(106)) - Hadoop Security Enabled: false Ozone Security Enabled: false Ozone HTTP Security Enabled: false 
2020-07-25 01:01:53,883 [Listener at 127.0.0.1/46235] INFO  server.AuthenticationFilter (AuthenticationFilter.java:constructSecretProvider(240)) - Unable to initialize FileSignerSecretProvider, falling back to use random secrets.
2020-07-25 01:01:53,884 [Listener at 127.0.0.1/46235] WARN  http.HttpRequestLog (HttpRequestLog.java:getRequestLog(103)) - Jetty request log can only be enabled using Log4j
2020-07-25 01:01:53,885 [Listener at 127.0.0.1/46235] INFO  http.HttpServer2 (HttpServer2.java:addGlobalFilter(998)) - Added global filter 'safety' (class=org.apache.hadoop.hdds.server.http.HttpServer2$QuotingInputFilter)
2020-07-25 01:01:53,886 [Listener at 127.0.0.1/46235] INFO  http.HttpServer2 (HttpServer2.java:addFilter(974)) - Added filter static_user_filter (class=org.apache.hadoop.http.lib.StaticUserWebFilter$StaticUserFilter) to context ozoneManager
2020-07-25 01:01:53,886 [Listener at 127.0.0.1/46235] INFO  http.HttpServer2 (HttpServer2.java:addFilter(982)) - Added filter static_user_filter (class=org.apache.hadoop.http.lib.StaticUserWebFilter$StaticUserFilter) to context static
2020-07-25 01:01:53,886 [Listener at 127.0.0.1/46235] INFO  http.HttpServer2 (HttpServer2.java:addFilter(982)) - Added filter static_user_filter (class=org.apache.hadoop.http.lib.StaticUserWebFilter$StaticUserFilter) to context logs
2020-07-25 01:01:53,888 [Listener at 127.0.0.1/46235] INFO  http.HttpServer2 (HttpServer2.java:bindListener(1216)) - Jetty bound to port 34543
2020-07-25 01:01:53,888 [Listener at 127.0.0.1/46235] INFO  server.Server (Server.java:doStart(359)) - jetty-9.4.26.v20200117; built: 2020-01-17T12:35:33.676Z; git: 7b38981d25d14afb4a12ff1f2596756144edf695; jvm 1.8.0_232-b09
2020-07-25 01:01:53,890 [Listener at 127.0.0.1/46235] INFO  server.session (DefaultSessionIdManager.java:doStart(333)) - DefaultSessionIdManager workerName=node0
2020-07-25 01:01:53,890 [Listener at 127.0.0.1/46235] INFO  server.session (DefaultSessionIdManager.java:doStart(338)) - No SessionScavenger set, using defaults
2020-07-25 01:01:53,891 [Listener at 127.0.0.1/46235] INFO  server.session (HouseKeeper.java:startScavenging(140)) - node0 Scavenging every 600000ms
2020-07-25 01:01:53,892 [Listener at 127.0.0.1/46235] INFO  handler.ContextHandler (ContextHandler.java:doStart(825)) - Started o.e.j.s.ServletContextHandler@49322d04{logs,/logs,file:///github/workspace/mnt/ozone/hadoop-ozone/integration-test/target/log,AVAILABLE}
2020-07-25 01:01:53,893 [Listener at 127.0.0.1/46235] INFO  handler.ContextHandler (ContextHandler.java:doStart(825)) - Started o.e.j.s.ServletContextHandler@55d8f6bb{static,/static,file:///github/workspace/mnt/ozone/hadoop-ozone/integration-test/target/test-classes/webapps/static,AVAILABLE}
2020-07-25 01:01:53,899 [Listener at 127.0.0.1/46235] INFO  handler.ContextHandler (ContextHandler.java:doStart(825)) - Started o.e.j.w.WebAppContext@1a712f12{ozoneManager,/,file:///github/workspace/mnt/ozone/hadoop-ozone/integration-test/target/test-classes/webapps/ozoneManager/,AVAILABLE}{file:/github/workspace/mnt/ozone/hadoop-ozone/integration-test/target/test-classes/webapps/ozoneManager}
2020-07-25 01:01:53,899 [Listener at 127.0.0.1/46235] INFO  server.AbstractConnector (AbstractConnector.java:doStart(330)) - Started ServerConnector@6f7a65e{HTTP/1.1,[http/1.1]}{0.0.0.0:34543}
2020-07-25 01:01:53,900 [Listener at 127.0.0.1/46235] INFO  server.Server (Server.java:doStart(399)) - Started @3861ms
2020-07-25 01:01:53,900 [Listener at 127.0.0.1/46235] WARN  impl.MetricsSystemImpl (MetricsSystemImpl.java:register(276)) - Sink prometheus already exists!
2020-07-25 01:01:53,902 [Listener at 127.0.0.1/46235] INFO  http.BaseHttpServer (BaseHttpServer.java:updateConnectorAddress(327)) - HTTP server of ozoneManager listening at http://0.0.0.0:34543
2020-07-25 01:01:53,911 [org.apache.hadoop.util.JvmPauseMonitor$Monitor@237ee2e1] INFO  util.JvmPauseMonitor (JvmPauseMonitor.java:run(188)) - Starting JVM pause monitor
2020-07-25 01:01:54,028 [Listener at 127.0.0.1/46235] INFO  metrics.MetricRegistries (MetricRegistriesLoader.java:load(64)) - Loaded MetricRegistries class org.apache.ratis.metrics.impl.MetricRegistriesImpl
2020-07-25 01:01:54,031 [Listener at 127.0.0.1/46235] INFO  impl.MetricsSystemImpl (MetricsSystemImpl.java:init(158)) - HddsDatanode metrics system started (again)
2020-07-25 01:01:54,037 [Listener at 127.0.0.1/46235] INFO  ozone.HddsDatanodeService (HddsDatanodeService.java:start(217)) - HddsDatanodeService host:5c9f90e4d07c ip:172.17.0.2
2020-07-25 01:01:54,099 [Listener at 127.0.0.1/46235] INFO  volume.HddsVolume (HddsVolume.java:<init>(176)) - Creating Volume: /github/workspace/mnt/ozone/hadoop-ozone/integration-test/target/test-dir/MiniOzoneClusterImpl-28b08464-caf3-485d-9518-c2bd214d5e92/datanode-0/data-0/containers/hdds of storage type : DISK and capacity : 9223372036854775807
2020-07-25 01:01:54,102 [Listener at 127.0.0.1/46235] INFO  volume.MutableVolumeSet (MutableVolumeSet.java:initializeVolumeSet(179)) - Added Volume : /github/workspace/mnt/ozone/hadoop-ozone/integration-test/target/test-dir/MiniOzoneClusterImpl-28b08464-caf3-485d-9518-c2bd214d5e92/datanode-0/data-0/containers/hdds to VolumeSet
2020-07-25 01:01:54,102 [Listener at 127.0.0.1/46235] INFO  volume.ThrottledAsyncChecker (ThrottledAsyncChecker.java:schedule(141)) - Scheduling a check for /github/workspace/mnt/ozone/hadoop-ozone/integration-test/target/test-dir/MiniOzoneClusterImpl-28b08464-caf3-485d-9518-c2bd214d5e92/datanode-0/data-0/containers/hdds
2020-07-25 01:01:54,120 [Listener at 127.0.0.1/46235] INFO  volume.HddsVolumeChecker (HddsVolumeChecker.java:checkAllVolumes(200)) - Scheduled health check for volume /github/workspace/mnt/ozone/hadoop-ozone/integration-test/target/test-dir/MiniOzoneClusterImpl-28b08464-caf3-485d-9518-c2bd214d5e92/datanode-0/data-0/containers/hdds
2020-07-25 01:01:54,168 [Thread-130] INFO  ozoneimpl.ContainerReader (ContainerReader.java:readVolume(123)) - Start to verify containers on volume /github/workspace/mnt/ozone/hadoop-ozone/integration-test/target/test-dir/MiniOzoneClusterImpl-28b08464-caf3-485d-9518-c2bd214d5e92/datanode-0/data-0/containers/hdds
2020-07-25 01:01:54,168 [Thread-130] INFO  ozoneimpl.ContainerReader (ContainerReader.java:readVolume(148)) - Finish verifying containers on volume /github/workspace/mnt/ozone/hadoop-ozone/integration-test/target/test-dir/MiniOzoneClusterImpl-28b08464-caf3-485d-9518-c2bd214d5e92/datanode-0/data-0/containers/hdds
2020-07-25 01:01:54,168 [Listener at 127.0.0.1/46235] INFO  ozoneimpl.OzoneContainer (OzoneContainer.java:buildContainerSet(196)) - Build ContainerSet costs 0s
2020-07-25 01:01:54,340 [Listener at 127.0.0.1/46235] INFO  impl.RaftServerProxy (ConfUtils.java:logGet(44)) - raft.rpc.type = GRPC (default)
2020-07-25 01:01:54,411 [Listener at 127.0.0.1/46235] INFO  grpc.GrpcFactory (GrpcFactory.java:checkPooledByteBufAllocatorUseCacheForAllThreads(45)) - PERFORMANCE WARNING: useCacheForAllThreads is true that may cause Netty to create a lot garbage objects and, as a result, trigger GC.
	It is recommended to disable useCacheForAllThreads by setting -Dorg.apache.ratis.thirdparty.io.netty.allocator.useCacheForAllThreads=false in command line.
2020-07-25 01:01:54,417 [Listener at 127.0.0.1/46235] INFO  grpc.GrpcConfigKeys (ConfUtils.java:logGet(44)) - raft.grpc.server.port = 0 (default)
2020-07-25 01:01:54,418 [Listener at 127.0.0.1/46235] INFO  server.GrpcService (ConfUtils.java:logGet(44)) - raft.grpc.message.size.max = 32MB (=33554432) (custom)
2020-07-25 01:01:54,418 [Listener at 127.0.0.1/46235] INFO  server.RaftServerConfigKeys (ConfUtils.java:logGet(44)) - raft.server.log.appender.buffer.byte-limit = 33554432 (custom)
2020-07-25 01:01:54,419 [Listener at 127.0.0.1/46235] INFO  server.GrpcService (ConfUtils.java:logGet(44)) - raft.grpc.flow.control.window = 5MB (=5242880) (custom)
2020-07-25 01:01:54,421 [Listener at 127.0.0.1/46235] INFO  server.RaftServerConfigKeys (ConfUtils.java:logGet(44)) - raft.server.rpc.request.timeout = 3000ms (default)
2020-07-25 01:01:54,632 [Listener at 127.0.0.1/46235] INFO  server.RaftServerConfigKeys (ConfUtils.java:logGet(44)) - raft.server.storage.dir = [/github/workspace/mnt/ozone/hadoop-ozone/integration-test/target/test-dir/MiniOzoneClusterImpl-28b08464-caf3-485d-9518-c2bd214d5e92/datanode-0/data/ratis] (custom)
2020-07-25 01:01:54,710 [Listener at 127.0.0.1/46235] INFO  http.BaseHttpServer (BaseHttpServer.java:newHttpServer2BuilderForOzone(207)) - Starting Web-server for hddsDatanode at: http://0.0.0.0:0
2020-07-25 01:01:54,710 [Listener at 127.0.0.1/46235] INFO  http.BaseHttpServer (BaseHttpServer.java:<init>(106)) - Hadoop Security Enabled: false Ozone Security Enabled: false Ozone HTTP Security Enabled: false 
2020-07-25 01:01:54,713 [Listener at 127.0.0.1/46235] INFO  server.AuthenticationFilter (AuthenticationFilter.java:constructSecretProvider(240)) - Unable to initialize FileSignerSecretProvider, falling back to use random secrets.
2020-07-25 01:01:54,714 [Listener at 127.0.0.1/46235] WARN  http.HttpRequestLog (HttpRequestLog.java:getRequestLog(103)) - Jetty request log can only be enabled using Log4j
2020-07-25 01:01:54,715 [Listener at 127.0.0.1/46235] INFO  http.HttpServer2 (HttpServer2.java:addGlobalFilter(998)) - Added global filter 'safety' (class=org.apache.hadoop.hdds.server.http.HttpServer2$QuotingInputFilter)
2020-07-25 01:01:54,716 [Listener at 127.0.0.1/46235] INFO  http.HttpServer2 (HttpServer2.java:addFilter(974)) - Added filter static_user_filter (class=org.apache.hadoop.http.lib.StaticUserWebFilter$StaticUserFilter) to context hddsDatanode
2020-07-25 01:01:54,716 [Listener at 127.0.0.1/46235] INFO  http.HttpServer2 (HttpServer2.java:addFilter(982)) - Added filter static_user_filter (class=org.apache.hadoop.http.lib.StaticUserWebFilter$StaticUserFilter) to context logs
2020-07-25 01:01:54,716 [Listener at 127.0.0.1/46235] INFO  http.HttpServer2 (HttpServer2.java:addFilter(982)) - Added filter static_user_filter (class=org.apache.hadoop.http.lib.StaticUserWebFilter$StaticUserFilter) to context static
2020-07-25 01:01:54,716 [Listener at 127.0.0.1/46235] INFO  http.HttpServer2 (HttpServer2.java:bindListener(1216)) - Jetty bound to port 44895
2020-07-25 01:01:54,717 [Listener at 127.0.0.1/46235] INFO  server.Server (Server.java:doStart(359)) - jetty-9.4.26.v20200117; built: 2020-01-17T12:35:33.676Z; git: 7b38981d25d14afb4a12ff1f2596756144edf695; jvm 1.8.0_232-b09
2020-07-25 01:01:54,723 [Listener at 127.0.0.1/46235] INFO  server.session (DefaultSessionIdManager.java:doStart(333)) - DefaultSessionIdManager workerName=node0
2020-07-25 01:01:54,723 [Listener at 127.0.0.1/46235] INFO  server.session (DefaultSessionIdManager.java:doStart(338)) - No SessionScavenger set, using defaults
2020-07-25 01:01:54,723 [Listener at 127.0.0.1/46235] INFO  server.session (HouseKeeper.java:startScavenging(140)) - node0 Scavenging every 600000ms
2020-07-25 01:01:54,725 [Listener at 127.0.0.1/46235] INFO  handler.ContextHandler (ContextHandler.java:doStart(825)) - Started o.e.j.s.ServletContextHandler@3fb54673{logs,/logs,file:///github/workspace/mnt/ozone/hadoop-ozone/integration-test/target/log,AVAILABLE}
2020-07-25 01:01:54,725 [Listener at 127.0.0.1/46235] INFO  handler.ContextHandler (ContextHandler.java:doStart(825)) - Started o.e.j.s.ServletContextHandler@8c54f48{static,/static,jar:file:/home/user/.m2/repository/org/apache/hadoop/hadoop-hdds-container-service/0.6.0-SNAPSHOT/hadoop-hdds-container-service-0.6.0-SNAPSHOT.jar!/webapps/static,AVAILABLE}
2020-07-25 01:01:54,816 [Listener at 127.0.0.1/46235] INFO  handler.ContextHandler (ContextHandler.java:doStart(825)) - Started o.e.j.w.WebAppContext@2b57dc2{hddsDatanode,/,file:///tmp/jetty-0_0_0_0-44895-hadoop-hdds-container-service-0_6_0-SNAPSHOT_jar-_-any-1422216059160868410.dir/webapp/,AVAILABLE}{jar:file:/home/user/.m2/repository/org/apache/hadoop/hadoop-hdds-container-service/0.6.0-SNAPSHOT/hadoop-hdds-container-service-0.6.0-SNAPSHOT.jar!/webapps/hddsDatanode}
2020-07-25 01:01:54,817 [Listener at 127.0.0.1/46235] INFO  server.AbstractConnector (AbstractConnector.java:doStart(330)) - Started ServerConnector@4945cd1f{HTTP/1.1,[http/1.1]}{0.0.0.0:44895}
2020-07-25 01:01:54,824 [Listener at 127.0.0.1/46235] INFO  server.Server (Server.java:doStart(399)) - Started @4785ms
2020-07-25 01:01:54,824 [Listener at 127.0.0.1/46235] WARN  impl.MetricsSystemImpl (MetricsSystemImpl.java:register(276)) - Sink prometheus already exists!
2020-07-25 01:01:54,828 [Listener at 127.0.0.1/46235] INFO  http.BaseHttpServer (BaseHttpServer.java:updateConnectorAddress(327)) - HTTP server of hddsDatanode listening at http://0.0.0.0:44895
2020-07-25 01:01:54,829 [Listener at 127.0.0.1/46235] INFO  impl.MetricsSystemImpl (MetricsSystemImpl.java:init(158)) - HddsDatanode metrics system started (again)
2020-07-25 01:01:54,830 [Listener at 127.0.0.1/46235] INFO  ozone.HddsDatanodeService (HddsDatanodeService.java:start(217)) - HddsDatanodeService host:5c9f90e4d07c ip:172.17.0.2
2020-07-25 01:01:54,832 [Listener at 127.0.0.1/46235] INFO  volume.HddsVolume (HddsVolume.java:<init>(176)) - Creating Volume: /github/workspace/mnt/ozone/hadoop-ozone/integration-test/target/test-dir/MiniOzoneClusterImpl-28b08464-caf3-485d-9518-c2bd214d5e92/datanode-1/data-0/containers/hdds of storage type : DISK and capacity : 9223372036854775807
2020-07-25 01:01:54,832 [Listener at 127.0.0.1/46235] INFO  volume.MutableVolumeSet (MutableVolumeSet.java:initializeVolumeSet(179)) - Added Volume : /github/workspace/mnt/ozone/hadoop-ozone/integration-test/target/test-dir/MiniOzoneClusterImpl-28b08464-caf3-485d-9518-c2bd214d5e92/datanode-1/data-0/containers/hdds to VolumeSet
2020-07-25 01:01:54,833 [Listener at 127.0.0.1/46235] INFO  volume.ThrottledAsyncChecker (ThrottledAsyncChecker.java:schedule(141)) - Scheduling a check for /github/workspace/mnt/ozone/hadoop-ozone/integration-test/target/test-dir/MiniOzoneClusterImpl-28b08464-caf3-485d-9518-c2bd214d5e92/datanode-1/data-0/containers/hdds
2020-07-25 01:01:54,837 [Listener at 127.0.0.1/46235] INFO  volume.HddsVolumeChecker (HddsVolumeChecker.java:checkAllVolumes(200)) - Scheduled health check for volume /github/workspace/mnt/ozone/hadoop-ozone/integration-test/target/test-dir/MiniOzoneClusterImpl-28b08464-caf3-485d-9518-c2bd214d5e92/datanode-1/data-0/containers/hdds
2020-07-25 01:01:54,856 [Thread-139] INFO  ozoneimpl.ContainerReader (ContainerReader.java:readVolume(123)) - Start to verify containers on volume /github/workspace/mnt/ozone/hadoop-ozone/integration-test/target/test-dir/MiniOzoneClusterImpl-28b08464-caf3-485d-9518-c2bd214d5e92/datanode-1/data-0/containers/hdds
2020-07-25 01:01:54,856 [Thread-139] INFO  ozoneimpl.ContainerReader (ContainerReader.java:readVolume(148)) - Finish verifying containers on volume /github/workspace/mnt/ozone/hadoop-ozone/integration-test/target/test-dir/MiniOzoneClusterImpl-28b08464-caf3-485d-9518-c2bd214d5e92/datanode-1/data-0/containers/hdds
2020-07-25 01:01:54,856 [Listener at 127.0.0.1/46235] INFO  ozoneimpl.OzoneContainer (OzoneContainer.java:buildContainerSet(196)) - Build ContainerSet costs 0s
2020-07-25 01:01:54,858 [Listener at 127.0.0.1/46235] INFO  impl.RaftServerProxy (ConfUtils.java:logGet(44)) - raft.rpc.type = GRPC (default)
2020-07-25 01:01:54,859 [Listener at 127.0.0.1/46235] INFO  grpc.GrpcFactory (GrpcFactory.java:checkPooledByteBufAllocatorUseCacheForAllThreads(45)) - PERFORMANCE WARNING: useCacheForAllThreads is true that may cause Netty to create a lot garbage objects and, as a result, trigger GC.
	It is recommended to disable useCacheForAllThreads by setting -Dorg.apache.ratis.thirdparty.io.netty.allocator.useCacheForAllThreads=false in command line.
2020-07-25 01:01:54,859 [Listener at 127.0.0.1/46235] INFO  grpc.GrpcConfigKeys (ConfUtils.java:logGet(44)) - raft.grpc.server.port = 0 (default)
2020-07-25 01:01:54,859 [Listener at 127.0.0.1/46235] INFO  server.GrpcService (ConfUtils.java:logGet(44)) - raft.grpc.message.size.max = 32MB (=33554432) (custom)
2020-07-25 01:01:54,859 [Listener at 127.0.0.1/46235] INFO  server.RaftServerConfigKeys (ConfUtils.java:logGet(44)) - raft.server.log.appender.buffer.byte-limit = 33554432 (custom)
2020-07-25 01:01:54,859 [Listener at 127.0.0.1/46235] INFO  server.GrpcService (ConfUtils.java:logGet(44)) - raft.grpc.flow.control.window = 5MB (=5242880) (custom)
2020-07-25 01:01:54,860 [Listener at 127.0.0.1/46235] INFO  server.RaftServerConfigKeys (ConfUtils.java:logGet(44)) - raft.server.rpc.request.timeout = 3000ms (default)
2020-07-25 01:01:54,860 [Listener at 127.0.0.1/46235] INFO  server.RaftServerConfigKeys (ConfUtils.java:logGet(44)) - raft.server.storage.dir = [/github/workspace/mnt/ozone/hadoop-ozone/integration-test/target/test-dir/MiniOzoneClusterImpl-28b08464-caf3-485d-9518-c2bd214d5e92/datanode-1/data/ratis] (custom)
2020-07-25 01:01:54,864 [Listener at 127.0.0.1/46235] INFO  http.BaseHttpServer (BaseHttpServer.java:newHttpServer2BuilderForOzone(207)) - Starting Web-server for hddsDatanode at: http://0.0.0.0:0
2020-07-25 01:01:54,865 [Listener at 127.0.0.1/46235] INFO  http.BaseHttpServer (BaseHttpServer.java:<init>(106)) - Hadoop Security Enabled: false Ozone Security Enabled: false Ozone HTTP Security Enabled: false 
2020-07-25 01:01:54,866 [Listener at 127.0.0.1/46235] INFO  server.AuthenticationFilter (AuthenticationFilter.java:constructSecretProvider(240)) - Unable to initialize FileSignerSecretProvider, falling back to use random secrets.
2020-07-25 01:01:54,867 [org.apache.hadoop.util.JvmPauseMonitor$Monitor@7750da5e] INFO  util.JvmPauseMonitor (JvmPauseMonitor.java:run(188)) - Starting JVM pause monitor
2020-07-25 01:01:54,867 [Listener at 127.0.0.1/46235] WARN  http.HttpRequestLog (HttpRequestLog.java:getRequestLog(103)) - Jetty request log can only be enabled using Log4j
2020-07-25 01:01:54,868 [Listener at 127.0.0.1/46235] INFO  http.HttpServer2 (HttpServer2.java:addGlobalFilter(998)) - Added global filter 'safety' (class=org.apache.hadoop.hdds.server.http.HttpServer2$QuotingInputFilter)
2020-07-25 01:01:54,869 [Listener at 127.0.0.1/46235] INFO  http.HttpServer2 (HttpServer2.java:addFilter(974)) - Added filter static_user_filter (class=org.apache.hadoop.http.lib.StaticUserWebFilter$StaticUserFilter) to context hddsDatanode
2020-07-25 01:01:54,869 [Listener at 127.0.0.1/46235] INFO  http.HttpServer2 (HttpServer2.java:addFilter(982)) - Added filter static_user_filter (class=org.apache.hadoop.http.lib.StaticUserWebFilter$StaticUserFilter) to context static
2020-07-25 01:01:54,869 [Listener at 127.0.0.1/46235] INFO  http.HttpServer2 (HttpServer2.java:addFilter(982)) - Added filter static_user_filter (class=org.apache.hadoop.http.lib.StaticUserWebFilter$StaticUserFilter) to context logs
2020-07-25 01:01:54,869 [Listener at 127.0.0.1/46235] INFO  http.HttpServer2 (HttpServer2.java:bindListener(1216)) - Jetty bound to port 36507
2020-07-25 01:01:54,869 [Listener at 127.0.0.1/46235] INFO  server.Server (Server.java:doStart(359)) - jetty-9.4.26.v20200117; built: 2020-01-17T12:35:33.676Z; git: 7b38981d25d14afb4a12ff1f2596756144edf695; jvm 1.8.0_232-b09
2020-07-25 01:01:54,943 [Listener at 127.0.0.1/46235] INFO  server.session (DefaultSessionIdManager.java:doStart(333)) - DefaultSessionIdManager workerName=node0
2020-07-25 01:01:54,943 [Listener at 127.0.0.1/46235] INFO  server.session (DefaultSessionIdManager.java:doStart(338)) - No SessionScavenger set, using defaults
2020-07-25 01:01:54,943 [Listener at 127.0.0.1/46235] INFO  server.session (HouseKeeper.java:startScavenging(140)) - node0 Scavenging every 600000ms
2020-07-25 01:01:54,949 [Listener at 127.0.0.1/46235] INFO  handler.ContextHandler (ContextHandler.java:doStart(825)) - Started o.e.j.s.ServletContextHandler@41bd8ec9{logs,/logs,file:///github/workspace/mnt/ozone/hadoop-ozone/integration-test/target/log,AVAILABLE}
2020-07-25 01:01:54,949 [Listener at 127.0.0.1/46235] INFO  handler.ContextHandler (ContextHandler.java:doStart(825)) - Started o.e.j.s.ServletContextHandler@557abb68{static,/static,jar:file:/home/user/.m2/repository/org/apache/hadoop/hadoop-hdds-container-service/0.6.0-SNAPSHOT/hadoop-hdds-container-service-0.6.0-SNAPSHOT.jar!/webapps/static,AVAILABLE}
2020-07-25 01:01:55,009 [Datanode State Machine Task Thread - 0] INFO  datanode.InitDatanodeState (InitDatanodeState.java:persistContainerDatanodeDetails(145)) - DatanodeDetails is persisted to /github/workspace/mnt/ozone/hadoop-ozone/integration-test/target/test-dir/MiniOzoneClusterImpl-28b08464-caf3-485d-9518-c2bd214d5e92/datanode-0/meta/datanode.id
2020-07-25 01:01:55,047 [Listener at 127.0.0.1/46235] INFO  handler.ContextHandler (ContextHandler.java:doStart(825)) - Started o.e.j.w.WebAppContext@3ce60feb{hddsDatanode,/,file:///tmp/jetty-0_0_0_0-36507-hadoop-hdds-container-service-0_6_0-SNAPSHOT_jar-_-any-8577248876740739267.dir/webapp/,AVAILABLE}{jar:file:/home/user/.m2/repository/org/apache/hadoop/hadoop-hdds-container-service/0.6.0-SNAPSHOT/hadoop-hdds-container-service-0.6.0-SNAPSHOT.jar!/webapps/hddsDatanode}
2020-07-25 01:01:55,059 [Listener at 127.0.0.1/46235] INFO  server.AbstractConnector (AbstractConnector.java:doStart(330)) - Started ServerConnector@323b5264{HTTP/1.1,[http/1.1]}{0.0.0.0:36507}
2020-07-25 01:01:55,060 [Listener at 127.0.0.1/46235] INFO  server.Server (Server.java:doStart(399)) - Started @5021ms
2020-07-25 01:01:55,060 [Listener at 127.0.0.1/46235] WARN  impl.MetricsSystemImpl (MetricsSystemImpl.java:register(276)) - Sink prometheus already exists!
2020-07-25 01:01:55,064 [Listener at 127.0.0.1/46235] INFO  http.BaseHttpServer (BaseHttpServer.java:updateConnectorAddress(327)) - HTTP server of hddsDatanode listening at http://0.0.0.0:36507
2020-07-25 01:01:55,065 [Listener at 127.0.0.1/46235] INFO  impl.MetricsSystemImpl (MetricsSystemImpl.java:init(158)) - HddsDatanode metrics system started (again)
2020-07-25 01:01:55,066 [Listener at 127.0.0.1/46235] INFO  ozone.HddsDatanodeService (HddsDatanodeService.java:start(217)) - HddsDatanodeService host:5c9f90e4d07c ip:172.17.0.2
2020-07-25 01:01:55,069 [Listener at 127.0.0.1/46235] INFO  volume.HddsVolume (HddsVolume.java:<init>(176)) - Creating Volume: /github/workspace/mnt/ozone/hadoop-ozone/integration-test/target/test-dir/MiniOzoneClusterImpl-28b08464-caf3-485d-9518-c2bd214d5e92/datanode-2/data-0/containers/hdds of storage type : DISK and capacity : 9223372036854775807
2020-07-25 01:01:55,070 [Listener at 127.0.0.1/46235] INFO  volume.MutableVolumeSet (MutableVolumeSet.java:initializeVolumeSet(179)) - Added Volume : /github/workspace/mnt/ozone/hadoop-ozone/integration-test/target/test-dir/MiniOzoneClusterImpl-28b08464-caf3-485d-9518-c2bd214d5e92/datanode-2/data-0/containers/hdds to VolumeSet
2020-07-25 01:01:55,070 [Listener at 127.0.0.1/46235] INFO  volume.ThrottledAsyncChecker (ThrottledAsyncChecker.java:schedule(141)) - Scheduling a check for /github/workspace/mnt/ozone/hadoop-ozone/integration-test/target/test-dir/MiniOzoneClusterImpl-28b08464-caf3-485d-9518-c2bd214d5e92/datanode-2/data-0/containers/hdds
2020-07-25 01:01:55,079 [org.apache.hadoop.util.JvmPauseMonitor$Monitor@4eeed061] INFO  util.JvmPauseMonitor (JvmPauseMonitor.java:run(188)) - Starting JVM pause monitor
2020-07-25 01:01:55,091 [Listener at 127.0.0.1/46235] INFO  volume.HddsVolumeChecker (HddsVolumeChecker.java:checkAllVolumes(200)) - Scheduled health check for volume /github/workspace/mnt/ozone/hadoop-ozone/integration-test/target/test-dir/MiniOzoneClusterImpl-28b08464-caf3-485d-9518-c2bd214d5e92/datanode-2/data-0/containers/hdds
2020-07-25 01:01:55,130 [Thread-152] INFO  ozoneimpl.ContainerReader (ContainerReader.java:readVolume(123)) - Start to verify containers on volume /github/workspace/mnt/ozone/hadoop-ozone/integration-test/target/test-dir/MiniOzoneClusterImpl-28b08464-caf3-485d-9518-c2bd214d5e92/datanode-2/data-0/containers/hdds
2020-07-25 01:01:55,130 [Thread-152] INFO  ozoneimpl.ContainerReader (ContainerReader.java:readVolume(148)) - Finish verifying containers on volume /github/workspace/mnt/ozone/hadoop-ozone/integration-test/target/test-dir/MiniOzoneClusterImpl-28b08464-caf3-485d-9518-c2bd214d5e92/datanode-2/data-0/containers/hdds
2020-07-25 01:01:55,118 [Datanode State Machine Task Thread - 0] INFO  datanode.InitDatanodeState (InitDatanodeState.java:persistContainerDatanodeDetails(145)) - DatanodeDetails is persisted to /github/workspace/mnt/ozone/hadoop-ozone/integration-test/target/test-dir/MiniOzoneClusterImpl-28b08464-caf3-485d-9518-c2bd214d5e92/datanode-1/meta/datanode.id
2020-07-25 01:01:55,130 [Listener at 127.0.0.1/46235] INFO  ozoneimpl.OzoneContainer (OzoneContainer.java:buildContainerSet(196)) - Build ContainerSet costs 0s
2020-07-25 01:01:55,133 [Listener at 127.0.0.1/46235] INFO  impl.RaftServerProxy (ConfUtils.java:logGet(44)) - raft.rpc.type = GRPC (default)
2020-07-25 01:01:55,134 [Listener at 127.0.0.1/46235] INFO  grpc.GrpcFactory (GrpcFactory.java:checkPooledByteBufAllocatorUseCacheForAllThreads(45)) - PERFORMANCE WARNING: useCacheForAllThreads is true that may cause Netty to create a lot garbage objects and, as a result, trigger GC.
	It is recommended to disable useCacheForAllThreads by setting -Dorg.apache.ratis.thirdparty.io.netty.allocator.useCacheForAllThreads=false in command line.
2020-07-25 01:01:55,134 [Listener at 127.0.0.1/46235] INFO  grpc.GrpcConfigKeys (ConfUtils.java:logGet(44)) - raft.grpc.server.port = 0 (default)
2020-07-25 01:01:55,134 [Listener at 127.0.0.1/46235] INFO  server.GrpcService (ConfUtils.java:logGet(44)) - raft.grpc.message.size.max = 32MB (=33554432) (custom)
2020-07-25 01:01:55,134 [Listener at 127.0.0.1/46235] INFO  server.RaftServerConfigKeys (ConfUtils.java:logGet(44)) - raft.server.log.appender.buffer.byte-limit = 33554432 (custom)
2020-07-25 01:01:55,134 [Listener at 127.0.0.1/46235] INFO  server.GrpcService (ConfUtils.java:logGet(44)) - raft.grpc.flow.control.window = 5MB (=5242880) (custom)
2020-07-25 01:01:55,134 [Listener at 127.0.0.1/46235] INFO  server.RaftServerConfigKeys (ConfUtils.java:logGet(44)) - raft.server.rpc.request.timeout = 3000ms (default)
2020-07-25 01:01:55,136 [Listener at 127.0.0.1/46235] INFO  server.RaftServerConfigKeys (ConfUtils.java:logGet(44)) - raft.server.storage.dir = [/github/workspace/mnt/ozone/hadoop-ozone/integration-test/target/test-dir/MiniOzoneClusterImpl-28b08464-caf3-485d-9518-c2bd214d5e92/datanode-2/data/ratis] (custom)
2020-07-25 01:01:55,140 [Listener at 127.0.0.1/46235] INFO  http.BaseHttpServer (BaseHttpServer.java:newHttpServer2BuilderForOzone(207)) - Starting Web-server for hddsDatanode at: http://0.0.0.0:0
2020-07-25 01:01:55,141 [Listener at 127.0.0.1/46235] INFO  http.BaseHttpServer (BaseHttpServer.java:<init>(106)) - Hadoop Security Enabled: false Ozone Security Enabled: false Ozone HTTP Security Enabled: false 
2020-07-25 01:01:55,143 [Listener at 127.0.0.1/46235] INFO  server.AuthenticationFilter (AuthenticationFilter.java:constructSecretProvider(240)) - Unable to initialize FileSignerSecretProvider, falling back to use random secrets.
2020-07-25 01:01:55,144 [Listener at 127.0.0.1/46235] WARN  http.HttpRequestLog (HttpRequestLog.java:getRequestLog(103)) - Jetty request log can only be enabled using Log4j
2020-07-25 01:01:55,145 [Listener at 127.0.0.1/46235] INFO  http.HttpServer2 (HttpServer2.java:addGlobalFilter(998)) - Added global filter 'safety' (class=org.apache.hadoop.hdds.server.http.HttpServer2$QuotingInputFilter)
2020-07-25 01:01:55,146 [Listener at 127.0.0.1/46235] INFO  http.HttpServer2 (HttpServer2.java:addFilter(974)) - Added filter static_user_filter (class=org.apache.hadoop.http.lib.StaticUserWebFilter$StaticUserFilter) to context hddsDatanode
2020-07-25 01:01:55,146 [Listener at 127.0.0.1/46235] INFO  http.HttpServer2 (HttpServer2.java:addFilter(982)) - Added filter static_user_filter (class=org.apache.hadoop.http.lib.StaticUserWebFilter$StaticUserFilter) to context logs
2020-07-25 01:01:55,146 [Listener at 127.0.0.1/46235] INFO  http.HttpServer2 (HttpServer2.java:addFilter(982)) - Added filter static_user_filter (class=org.apache.hadoop.http.lib.StaticUserWebFilter$StaticUserFilter) to context static
2020-07-25 01:01:55,147 [Listener at 127.0.0.1/46235] INFO  http.HttpServer2 (HttpServer2.java:bindListener(1216)) - Jetty bound to port 43669
2020-07-25 01:01:55,147 [Listener at 127.0.0.1/46235] INFO  server.Server (Server.java:doStart(359)) - jetty-9.4.26.v20200117; built: 2020-01-17T12:35:33.676Z; git: 7b38981d25d14afb4a12ff1f2596756144edf695; jvm 1.8.0_232-b09
2020-07-25 01:01:55,149 [Listener at 127.0.0.1/46235] INFO  server.session (DefaultSessionIdManager.java:doStart(333)) - DefaultSessionIdManager workerName=node0
2020-07-25 01:01:55,149 [Listener at 127.0.0.1/46235] INFO  server.session (DefaultSessionIdManager.java:doStart(338)) - No SessionScavenger set, using defaults
2020-07-25 01:01:55,150 [Listener at 127.0.0.1/46235] INFO  server.session (HouseKeeper.java:startScavenging(140)) - node0 Scavenging every 660000ms
2020-07-25 01:01:55,155 [Listener at 127.0.0.1/46235] INFO  handler.ContextHandler (ContextHandler.java:doStart(825)) - Started o.e.j.s.ServletContextHandler@c34fd2{logs,/logs,file:///github/workspace/mnt/ozone/hadoop-ozone/integration-test/target/log,AVAILABLE}
2020-07-25 01:01:55,155 [Listener at 127.0.0.1/46235] INFO  handler.ContextHandler (ContextHandler.java:doStart(825)) - Started o.e.j.s.ServletContextHandler@a55b4f9{static,/static,jar:file:/home/user/.m2/repository/org/apache/hadoop/hadoop-hdds-container-service/0.6.0-SNAPSHOT/hadoop-hdds-container-service-0.6.0-SNAPSHOT.jar!/webapps/static,AVAILABLE}
2020-07-25 01:01:55,229 [Listener at 127.0.0.1/46235] INFO  handler.ContextHandler (ContextHandler.java:doStart(825)) - Started o.e.j.w.WebAppContext@61f18997{hddsDatanode,/,file:///tmp/jetty-0_0_0_0-43669-hadoop-hdds-container-service-0_6_0-SNAPSHOT_jar-_-any-2046270647260600588.dir/webapp/,AVAILABLE}{jar:file:/home/user/.m2/repository/org/apache/hadoop/hadoop-hdds-container-service/0.6.0-SNAPSHOT/hadoop-hdds-container-service-0.6.0-SNAPSHOT.jar!/webapps/hddsDatanode}
2020-07-25 01:01:55,232 [Listener at 127.0.0.1/46235] INFO  server.AbstractConnector (AbstractConnector.java:doStart(330)) - Started ServerConnector@5cc85ffc{HTTP/1.1,[http/1.1]}{0.0.0.0:43669}
2020-07-25 01:01:55,233 [Listener at 127.0.0.1/46235] INFO  server.Server (Server.java:doStart(399)) - Started @5194ms
2020-07-25 01:01:55,233 [Listener at 127.0.0.1/46235] WARN  impl.MetricsSystemImpl (MetricsSystemImpl.java:register(276)) - Sink prometheus already exists!
2020-07-25 01:01:55,236 [Listener at 127.0.0.1/46235] INFO  http.BaseHttpServer (BaseHttpServer.java:updateConnectorAddress(327)) - HTTP server of hddsDatanode listening at http://0.0.0.0:43669
2020-07-25 01:01:55,237 [Listener at 127.0.0.1/46235] INFO  ozone.MiniOzoneClusterImpl (MiniOzoneClusterImpl.java:lambda$waitForClusterToBeReady$0(177)) - Waiting for nodes to be ready. Got 0 of 3 DN Heartbeats.
2020-07-25 01:01:55,237 [Listener at 127.0.0.1/46235] INFO  ozone.MiniOzoneClusterImpl (MiniOzoneClusterImpl.java:lambda$waitForClusterToBeReady$0(180)) - Waiting for cluster to exit safe mode
2020-07-25 01:01:55,248 [Datanode State Machine Task Thread - 0] INFO  datanode.InitDatanodeState (InitDatanodeState.java:persistContainerDatanodeDetails(145)) - DatanodeDetails is persisted to /github/workspace/mnt/ozone/hadoop-ozone/integration-test/target/test-dir/MiniOzoneClusterImpl-28b08464-caf3-485d-9518-c2bd214d5e92/datanode-2/meta/datanode.id
2020-07-25 01:01:55,248 [org.apache.hadoop.util.JvmPauseMonitor$Monitor@7ea8495e] INFO  util.JvmPauseMonitor (JvmPauseMonitor.java:run(188)) - Starting JVM pause monitor
2020-07-25 01:01:56,238 [Listener at 127.0.0.1/46235] INFO  ozone.MiniOzoneClusterImpl (MiniOzoneClusterImpl.java:lambda$waitForClusterToBeReady$0(177)) - Waiting for nodes to be ready. Got 0 of 3 DN Heartbeats.
2020-07-25 01:01:56,238 [Listener at 127.0.0.1/46235] INFO  ozone.MiniOzoneClusterImpl (MiniOzoneClusterImpl.java:lambda$waitForClusterToBeReady$0(180)) - Waiting for cluster to exit safe mode
2020-07-25 01:01:56,934 [Datanode State Machine Task Thread - 1] INFO  ozoneimpl.OzoneContainer (OzoneContainer.java:start(245)) - Attempting to start container services.
2020-07-25 01:01:56,935 [Datanode State Machine Task Thread - 1] INFO  ozoneimpl.OzoneContainer (OzoneContainer.java:startContainerScrub(209)) - Background container scanner has been disabled.
2020-07-25 01:01:56,936 [Datanode State Machine Task Thread - 1] INFO  ratis.XceiverServerRatis (XceiverServerRatis.java:start(440)) - Starting XceiverServerRatis 2517e29b-b07d-40ad-9ebb-623fe5ac5d94 at port 0
2020-07-25 01:01:56,946 [Datanode State Machine Task Thread - 1] INFO  impl.RaftServerProxy (RaftServerProxy.java:lambda$start$3(304)) - 2517e29b-b07d-40ad-9ebb-623fe5ac5d94: start RPC server
2020-07-25 01:01:56,998 [Datanode State Machine Task Thread - 1] INFO  server.GrpcService (GrpcService.java:startImpl(160)) - 2517e29b-b07d-40ad-9ebb-623fe5ac5d94: GrpcService started, listening on 0.0.0.0/0.0.0.0:36481
2020-07-25 01:01:57,000 [Datanode State Machine Task Thread - 1] INFO  ratis.XceiverServerRatis (XceiverServerRatis.java:start(452)) - XceiverServerRatis 2517e29b-b07d-40ad-9ebb-623fe5ac5d94 is started using port 36481
2020-07-25 01:01:57,003 [Datanode State Machine Task Thread - 1] INFO  server.XceiverServerGrpc (XceiverServerGrpc.java:start(145)) - XceiverServerGrpc 2517e29b-b07d-40ad-9ebb-623fe5ac5d94 is started using port 35665
2020-07-25 01:01:57,084 [Datanode State Machine Task Thread - 1] INFO  ozoneimpl.OzoneContainer (OzoneContainer.java:start(245)) - Attempting to start container services.
2020-07-25 01:01:57,087 [Datanode State Machine Task Thread - 1] INFO  ozoneimpl.OzoneContainer (OzoneContainer.java:startContainerScrub(209)) - Background container scanner has been disabled.
2020-07-25 01:01:57,087 [Datanode State Machine Task Thread - 1] INFO  ratis.XceiverServerRatis (XceiverServerRatis.java:start(440)) - Starting XceiverServerRatis 8f716576-a848-46a4-ac48-6b569584c3fb at port 0
2020-07-25 01:01:57,092 [Datanode State Machine Task Thread - 1] INFO  impl.RaftServerProxy (RaftServerProxy.java:lambda$start$3(304)) - 8f716576-a848-46a4-ac48-6b569584c3fb: start RPC server
2020-07-25 01:01:57,107 [Datanode State Machine Task Thread - 1] INFO  server.GrpcService (GrpcService.java:startImpl(160)) - 8f716576-a848-46a4-ac48-6b569584c3fb: GrpcService started, listening on 0.0.0.0/0.0.0.0:45039
2020-07-25 01:01:57,107 [Datanode State Machine Task Thread - 1] INFO  ratis.XceiverServerRatis (XceiverServerRatis.java:start(452)) - XceiverServerRatis 8f716576-a848-46a4-ac48-6b569584c3fb is started using port 45039
2020-07-25 01:01:57,108 [Datanode State Machine Task Thread - 1] INFO  server.XceiverServerGrpc (XceiverServerGrpc.java:start(145)) - XceiverServerGrpc 8f716576-a848-46a4-ac48-6b569584c3fb is started using port 36431
2020-07-25 01:01:57,238 [Listener at 127.0.0.1/46235] INFO  ozone.MiniOzoneClusterImpl (MiniOzoneClusterImpl.java:lambda$waitForClusterToBeReady$0(177)) - Waiting for nodes to be ready. Got 0 of 3 DN Heartbeats.
2020-07-25 01:01:57,238 [Listener at 127.0.0.1/46235] INFO  ozone.MiniOzoneClusterImpl (MiniOzoneClusterImpl.java:lambda$waitForClusterToBeReady$0(180)) - Waiting for cluster to exit safe mode
2020-07-25 01:01:57,251 [Datanode State Machine Task Thread - 1] INFO  ozoneimpl.OzoneContainer (OzoneContainer.java:start(245)) - Attempting to start container services.
2020-07-25 01:01:57,251 [Datanode State Machine Task Thread - 1] INFO  ozoneimpl.OzoneContainer (OzoneContainer.java:startContainerScrub(209)) - Background container scanner has been disabled.
2020-07-25 01:01:57,251 [Datanode State Machine Task Thread - 1] INFO  ratis.XceiverServerRatis (XceiverServerRatis.java:start(440)) - Starting XceiverServerRatis 7b4241cc-32b5-44c8-9f52-556ae19c7244 at port 0
2020-07-25 01:01:57,254 [Datanode State Machine Task Thread - 1] INFO  impl.RaftServerProxy (RaftServerProxy.java:lambda$start$3(304)) - 7b4241cc-32b5-44c8-9f52-556ae19c7244: start RPC server
2020-07-25 01:01:57,268 [Datanode State Machine Task Thread - 1] INFO  server.GrpcService (GrpcService.java:startImpl(160)) - 7b4241cc-32b5-44c8-9f52-556ae19c7244: GrpcService started, listening on 0.0.0.0/0.0.0.0:37711
2020-07-25 01:01:57,268 [Datanode State Machine Task Thread - 1] INFO  ratis.XceiverServerRatis (XceiverServerRatis.java:start(452)) - XceiverServerRatis 7b4241cc-32b5-44c8-9f52-556ae19c7244 is started using port 37711
2020-07-25 01:01:57,270 [Datanode State Machine Task Thread - 1] INFO  server.XceiverServerGrpc (XceiverServerGrpc.java:start(145)) - XceiverServerGrpc 7b4241cc-32b5-44c8-9f52-556ae19c7244 is started using port 46523
2020-07-25 01:01:58,239 [Listener at 127.0.0.1/46235] INFO  ozone.MiniOzoneClusterImpl (MiniOzoneClusterImpl.java:lambda$waitForClusterToBeReady$0(177)) - Waiting for nodes to be ready. Got 0 of 3 DN Heartbeats.
2020-07-25 01:01:58,239 [Listener at 127.0.0.1/46235] INFO  ozone.MiniOzoneClusterImpl (MiniOzoneClusterImpl.java:lambda$waitForClusterToBeReady$0(180)) - Waiting for cluster to exit safe mode
2020-07-25 01:01:58,891 [IPC Server handler 0 on default port 39945] INFO  net.NetworkTopology (NetworkTopologyImpl.java:add(111)) - Added a new node: /default-rack/2517e29b-b07d-40ad-9ebb-623fe5ac5d94
2020-07-25 01:01:58,892 [IPC Server handler 0 on default port 39945] INFO  node.SCMNodeManager (SCMNodeManager.java:register(273)) - Registered Data node : 2517e29b-b07d-40ad-9ebb-623fe5ac5d94{ip: 172.17.0.2, host: 5c9f90e4d07c, networkLocation: /default-rack, certSerialId: null}
2020-07-25 01:01:58,897 [EventQueue-NodeRegistrationContainerReportForContainerSafeModeRule] INFO  safemode.SCMSafeModeManager (SCMSafeModeManager.java:validateSafeModeExitRules(214)) - ContainerSafeModeRule rule is successfully validated
2020-07-25 01:01:58,897 [EventQueue-NodeRegistrationContainerReportForDataNodeSafeModeRule] INFO  safemode.SCMSafeModeManager (DataNodeSafeModeRule.java:process(71)) - SCM in safe mode. 1 DataNodes registered, 1 required.
2020-07-25 01:01:58,897 [EventQueue-NodeRegistrationContainerReportForDataNodeSafeModeRule] INFO  safemode.SCMSafeModeManager (SCMSafeModeManager.java:validateSafeModeExitRules(214)) - DataNodeSafeModeRule rule is successfully validated
2020-07-25 01:01:58,897 [EventQueue-NodeRegistrationContainerReportForDataNodeSafeModeRule] INFO  safemode.SCMSafeModeManager (SCMSafeModeManager.java:completePreCheck(242)) - All SCM safe mode pre check rules have passed
2020-07-25 01:01:58,915 [RatisPipelineUtilsThread] INFO  pipeline.RatisPipelineProvider (RatisPipelineProvider.java:lambda$create$0(138)) - Sending CreatePipelineCommand for pipeline:PipelineID=d1f6ce4d-432e-4c6e-a888-4cba780e8705 to datanode:2517e29b-b07d-40ad-9ebb-623fe5ac5d94
2020-07-25 01:01:58,927 [RatisPipelineUtilsThread] INFO  pipeline.PipelineStateManager (PipelineStateManager.java:addPipeline(54)) - Created pipeline Pipeline[ Id: d1f6ce4d-432e-4c6e-a888-4cba780e8705, Nodes: 2517e29b-b07d-40ad-9ebb-623fe5ac5d94{ip: 172.17.0.2, host: 5c9f90e4d07c, networkLocation: /default-rack, certSerialId: null}, Type:RATIS, Factor:ONE, State:ALLOCATED, leaderId:, CreationTimestamp2020-07-25T01:01:58.902Z]
2020-07-25 01:01:58,929 [RatisPipelineUtilsThread] ERROR pipeline.SCMPipelineManager (SCMPipelineManager.java:createPipeline(275)) - Failed to create pipeline of type RATIS and factor ONE. Exception: Cannot create pipeline of factor 1 using 0 nodes. Used 1 nodes. Healthy nodes 1
2020-07-25 01:01:58,929 [RatisPipelineUtilsThread] WARN  pipeline.PipelinePlacementPolicy (PipelinePlacementPolicy.java:filterViableNodes(133)) - Pipeline creation failed due to no sufficient healthy datanodes. Required 3. Found 1.
2020-07-25 01:01:58,929 [RatisPipelineUtilsThread] ERROR pipeline.SCMPipelineManager (SCMPipelineManager.java:createPipeline(275)) - Failed to create pipeline of type RATIS and factor THREE. Exception: Pipeline creation failed due to no sufficient healthy datanodes. Required 3. Found 1.
2020-07-25 01:01:59,081 [IPC Server handler 2 on default port 39945] INFO  net.NetworkTopology (NetworkTopologyImpl.java:add(111)) - Added a new node: /default-rack/8f716576-a848-46a4-ac48-6b569584c3fb
2020-07-25 01:01:59,081 [IPC Server handler 2 on default port 39945] INFO  node.SCMNodeManager (SCMNodeManager.java:register(273)) - Registered Data node : 8f716576-a848-46a4-ac48-6b569584c3fb{ip: 172.17.0.2, host: 5c9f90e4d07c, networkLocation: /default-rack, certSerialId: null}
2020-07-25 01:01:59,081 [EventQueue-NodeRegistrationContainerReportForContainerSafeModeRule] INFO  safemode.SCMSafeModeManager (SCMSafeModeManager.java:validateSafeModeExitRules(214)) - ContainerSafeModeRule rule is successfully validated
2020-07-25 01:01:59,081 [EventQueue-NodeRegistrationContainerReportForDataNodeSafeModeRule] INFO  safemode.SCMSafeModeManager (SCMSafeModeManager.java:validateSafeModeExitRules(214)) - DataNodeSafeModeRule rule is successfully validated
2020-07-25 01:01:59,083 [RatisPipelineUtilsThread] INFO  pipeline.RatisPipelineProvider (RatisPipelineProvider.java:lambda$create$0(138)) - Sending CreatePipelineCommand for pipeline:PipelineID=cbe8f0c4-8c8f-43e3-9648-a3033188e01b to datanode:8f716576-a848-46a4-ac48-6b569584c3fb
2020-07-25 01:01:59,083 [RatisPipelineUtilsThread] INFO  pipeline.PipelineStateManager (PipelineStateManager.java:addPipeline(54)) - Created pipeline Pipeline[ Id: cbe8f0c4-8c8f-43e3-9648-a3033188e01b, Nodes: 8f716576-a848-46a4-ac48-6b569584c3fb{ip: 172.17.0.2, host: 5c9f90e4d07c, networkLocation: /default-rack, certSerialId: null}, Type:RATIS, Factor:ONE, State:ALLOCATED, leaderId:, CreationTimestamp2020-07-25T01:01:59.082Z]
2020-07-25 01:01:59,084 [RatisPipelineUtilsThread] ERROR pipeline.SCMPipelineManager (SCMPipelineManager.java:createPipeline(275)) - Failed to create pipeline of type RATIS and factor ONE. Exception: Cannot create pipeline of factor 1 using 0 nodes. Used 2 nodes. Healthy nodes 2
2020-07-25 01:01:59,084 [RatisPipelineUtilsThread] WARN  pipeline.PipelinePlacementPolicy (PipelinePlacementPolicy.java:filterViableNodes(133)) - Pipeline creation failed due to no sufficient healthy datanodes. Required 3. Found 2.
2020-07-25 01:01:59,084 [RatisPipelineUtilsThread] ERROR pipeline.SCMPipelineManager (SCMPipelineManager.java:createPipeline(275)) - Failed to create pipeline of type RATIS and factor THREE. Exception: Pipeline creation failed due to no sufficient healthy datanodes. Required 3. Found 2.
2020-07-25 01:01:59,239 [Listener at 127.0.0.1/46235] INFO  ozone.MiniOzoneClusterImpl (MiniOzoneClusterImpl.java:lambda$waitForClusterToBeReady$0(177)) - Waiting for nodes to be ready. Got 2 of 3 DN Heartbeats.
2020-07-25 01:01:59,240 [Listener at 127.0.0.1/46235] INFO  ozone.MiniOzoneClusterImpl (MiniOzoneClusterImpl.java:lambda$waitForClusterToBeReady$0(180)) - Waiting for cluster to exit safe mode
2020-07-25 01:01:59,248 [IPC Server handler 1 on default port 39945] INFO  net.NetworkTopology (NetworkTopologyImpl.java:add(111)) - Added a new node: /default-rack/7b4241cc-32b5-44c8-9f52-556ae19c7244
2020-07-25 01:01:59,248 [IPC Server handler 1 on default port 39945] INFO  node.SCMNodeManager (SCMNodeManager.java:register(273)) - Registered Data node : 7b4241cc-32b5-44c8-9f52-556ae19c7244{ip: 172.17.0.2, host: 5c9f90e4d07c, networkLocation: /default-rack, certSerialId: null}
2020-07-25 01:01:59,249 [EventQueue-NodeRegistrationContainerReportForDataNodeSafeModeRule] INFO  safemode.SCMSafeModeManager (SCMSafeModeManager.java:validateSafeModeExitRules(214)) - DataNodeSafeModeRule rule is successfully validated
2020-07-25 01:01:59,249 [EventQueue-NodeRegistrationContainerReportForContainerSafeModeRule] INFO  safemode.SCMSafeModeManager (SCMSafeModeManager.java:validateSafeModeExitRules(214)) - ContainerSafeModeRule rule is successfully validated
2020-07-25 01:01:59,251 [RatisPipelineUtilsThread] INFO  pipeline.RatisPipelineProvider (RatisPipelineProvider.java:lambda$create$0(138)) - Sending CreatePipelineCommand for pipeline:PipelineID=974c5eb7-1f9a-493b-ac68-17a5d073c5e8 to datanode:7b4241cc-32b5-44c8-9f52-556ae19c7244
2020-07-25 01:01:59,252 [RatisPipelineUtilsThread] INFO  pipeline.PipelineStateManager (PipelineStateManager.java:addPipeline(54)) - Created pipeline Pipeline[ Id: 974c5eb7-1f9a-493b-ac68-17a5d073c5e8, Nodes: 7b4241cc-32b5-44c8-9f52-556ae19c7244{ip: 172.17.0.2, host: 5c9f90e4d07c, networkLocation: /default-rack, certSerialId: null}, Type:RATIS, Factor:ONE, State:ALLOCATED, leaderId:, CreationTimestamp2020-07-25T01:01:59.251Z]
2020-07-25 01:01:59,253 [RatisPipelineUtilsThread] ERROR pipeline.SCMPipelineManager (SCMPipelineManager.java:createPipeline(275)) - Failed to create pipeline of type RATIS and factor ONE. Exception: Cannot create pipeline of factor 1 using 0 nodes. Used 3 nodes. Healthy nodes 3
2020-07-25 01:01:59,257 [RatisPipelineUtilsThread] INFO  pipeline.RatisPipelineProvider (RatisPipelineProvider.java:lambda$create$0(138)) - Sending CreatePipelineCommand for pipeline:PipelineID=94add4dd-c2e5-449d-a6a5-57bf5d47c6ed to datanode:2517e29b-b07d-40ad-9ebb-623fe5ac5d94
2020-07-25 01:01:59,258 [RatisPipelineUtilsThread] INFO  pipeline.RatisPipelineProvider (RatisPipelineProvider.java:lambda$create$0(138)) - Sending CreatePipelineCommand for pipeline:PipelineID=94add4dd-c2e5-449d-a6a5-57bf5d47c6ed to datanode:7b4241cc-32b5-44c8-9f52-556ae19c7244
2020-07-25 01:01:59,260 [RatisPipelineUtilsThread] INFO  pipeline.RatisPipelineProvider (RatisPipelineProvider.java:lambda$create$0(138)) - Sending CreatePipelineCommand for pipeline:PipelineID=94add4dd-c2e5-449d-a6a5-57bf5d47c6ed to datanode:8f716576-a848-46a4-ac48-6b569584c3fb
2020-07-25 01:01:59,261 [RatisPipelineUtilsThread] INFO  pipeline.PipelineStateManager (PipelineStateManager.java:addPipeline(54)) - Created pipeline Pipeline[ Id: 94add4dd-c2e5-449d-a6a5-57bf5d47c6ed, Nodes: 2517e29b-b07d-40ad-9ebb-623fe5ac5d94{ip: 172.17.0.2, host: 5c9f90e4d07c, networkLocation: /default-rack, certSerialId: null}7b4241cc-32b5-44c8-9f52-556ae19c7244{ip: 172.17.0.2, host: 5c9f90e4d07c, networkLocation: /default-rack, certSerialId: null}8f716576-a848-46a4-ac48-6b569584c3fb{ip: 172.17.0.2, host: 5c9f90e4d07c, networkLocation: /default-rack, certSerialId: null}, Type:RATIS, Factor:THREE, State:ALLOCATED, leaderId:, CreationTimestamp2020-07-25T01:01:59.257Z]
2020-07-25 01:01:59,261 [RatisPipelineUtilsThread] ERROR pipeline.SCMPipelineManager (SCMPipelineManager.java:createPipeline(275)) - Failed to create pipeline of type RATIS and factor THREE. Exception: Pipeline creation failed because nodes are engaged in other pipelines and every node can only be engaged in max 2 pipelines. Required 3. Found 0
2020-07-25 01:02:00,240 [Listener at 127.0.0.1/46235] INFO  ozone.MiniOzoneClusterImpl (MiniOzoneClusterImpl.java:lambda$waitForClusterToBeReady$0(177)) - Nodes are ready. Got 3 of 3 DN Heartbeats.
2020-07-25 01:02:00,241 [Listener at 127.0.0.1/46235] INFO  ozone.MiniOzoneClusterImpl (MiniOzoneClusterImpl.java:lambda$waitForClusterToBeReady$0(180)) - Waiting for cluster to exit safe mode
2020-07-25 01:02:01,241 [Listener at 127.0.0.1/46235] INFO  ozone.MiniOzoneClusterImpl (MiniOzoneClusterImpl.java:lambda$waitForClusterToBeReady$0(177)) - Nodes are ready. Got 3 of 3 DN Heartbeats.
2020-07-25 01:02:01,241 [Listener at 127.0.0.1/46235] INFO  ozone.MiniOzoneClusterImpl (MiniOzoneClusterImpl.java:lambda$waitForClusterToBeReady$0(180)) - Waiting for cluster to exit safe mode
2020-07-25 01:02:01,902 [Command processor thread] INFO  impl.RaftServerProxy (RaftServerProxy.java:addNew(89)) - 2517e29b-b07d-40ad-9ebb-623fe5ac5d94: addNew group-4CBA780E8705:[2517e29b-b07d-40ad-9ebb-623fe5ac5d94:172.17.0.2:36481] returns group-4CBA780E8705:java.util.concurrent.CompletableFuture@421823e1[Not completed]
2020-07-25 01:02:01,930 [pool-33-thread-1] INFO  impl.RaftServerImpl (RaftServerImpl.java:<init>(107)) - 2517e29b-b07d-40ad-9ebb-623fe5ac5d94: new RaftServerImpl for group-4CBA780E8705:[2517e29b-b07d-40ad-9ebb-623fe5ac5d94:172.17.0.2:36481] with ContainerStateMachine:uninitialized
2020-07-25 01:02:01,932 [pool-33-thread-1] INFO  server.RaftServerConfigKeys (ConfUtils.java:logGet(44)) - raft.server.rpc.timeout.min = 5s (custom)
2020-07-25 01:02:01,936 [pool-33-thread-1] INFO  server.RaftServerConfigKeys (ConfUtils.java:logGet(44)) - raft.server.rpc.timeout.max = 5200ms (custom)
2020-07-25 01:02:01,936 [pool-33-thread-1] INFO  server.RaftServerConfigKeys (ConfUtils.java:logGet(44)) - raft.server.rpcslowness.timeout = 1000000ms (custom)
2020-07-25 01:02:01,937 [pool-33-thread-1] INFO  server.RaftServerConfigKeys (ConfUtils.java:logGet(44)) - raft.server.sleep.deviation.threshold = 300 (default)
2020-07-25 01:02:01,937 [pool-33-thread-1] INFO  server.RaftServerConfigKeys (ConfUtils.java:logGet(44)) - raft.server.log.appender.install.snapshot.enabled = false (custom)
2020-07-25 01:02:01,943 [pool-33-thread-1] INFO  impl.RaftServerImpl (ServerState.java:<init>(103)) - 2517e29b-b07d-40ad-9ebb-623fe5ac5d94@group-4CBA780E8705: ConfigurationManager, init=-1: [2517e29b-b07d-40ad-9ebb-623fe5ac5d94:172.17.0.2:36481], old=null, confs=<EMPTY_MAP>
2020-07-25 01:02:01,943 [pool-33-thread-1] INFO  server.RaftServerConfigKeys (ConfUtils.java:logGet(44)) - raft.server.storage.dir = [/github/workspace/mnt/ozone/hadoop-ozone/integration-test/target/test-dir/MiniOzoneClusterImpl-28b08464-caf3-485d-9518-c2bd214d5e92/datanode-0/data/ratis] (custom)
2020-07-25 01:02:01,950 [pool-33-thread-1] INFO  server.RaftServerConfigKeys (ConfUtils.java:logGet(44)) - raft.server.log.corruption.policy = EXCEPTION (default)
2020-07-25 01:02:01,951 [pool-33-thread-1] INFO  storage.RaftStorageDirectory (RaftStorageDirectory.java:analyzeStorage(261)) - The storage directory /github/workspace/mnt/ozone/hadoop-ozone/integration-test/target/test-dir/MiniOzoneClusterImpl-28b08464-caf3-485d-9518-c2bd214d5e92/datanode-0/data/ratis/d1f6ce4d-432e-4c6e-a888-4cba780e8705 does not exist. Creating ...
2020-07-25 01:02:01,955 [pool-33-thread-1] INFO  storage.RaftStorageDirectory (RaftStorageDirectory.java:tryLock(343)) - Lock on /github/workspace/mnt/ozone/hadoop-ozone/integration-test/target/test-dir/MiniOzoneClusterImpl-28b08464-caf3-485d-9518-c2bd214d5e92/datanode-0/data/ratis/d1f6ce4d-432e-4c6e-a888-4cba780e8705/in_use.lock acquired by nodename 38005@5c9f90e4d07c
2020-07-25 01:02:01,958 [pool-33-thread-1] INFO  storage.RaftStorage (RaftStorage.java:format(84)) - Storage directory /github/workspace/mnt/ozone/hadoop-ozone/integration-test/target/test-dir/MiniOzoneClusterImpl-28b08464-caf3-485d-9518-c2bd214d5e92/datanode-0/data/ratis/d1f6ce4d-432e-4c6e-a888-4cba780e8705 has been successfully formatted.
2020-07-25 01:02:01,961 [pool-33-thread-1] INFO  ratis.ContainerStateMachine (ContainerStateMachine.java:loadSnapshot(225)) - group-4CBA780E8705: The snapshot info is null. Setting the last applied indexto:(t:0, i:~)
2020-07-25 01:02:01,963 [EventQueue-PipelineReportForPipelineReportHandler] INFO  pipeline.PipelineStateManager (PipelineStateManager.java:openPipeline(131)) - Pipeline Pipeline[ Id: d1f6ce4d-432e-4c6e-a888-4cba780e8705, Nodes: 2517e29b-b07d-40ad-9ebb-623fe5ac5d94{ip: 172.17.0.2, host: 5c9f90e4d07c, networkLocation: /default-rack, certSerialId: null}, Type:RATIS, Factor:ONE, State:ALLOCATED, leaderId:2517e29b-b07d-40ad-9ebb-623fe5ac5d94, CreationTimestamp2020-07-25T01:01:58.902Z] moved to OPEN state
2020-07-25 01:02:01,975 [EventQueue-OpenPipelineForOneReplicaPipelineSafeModeRule] INFO  safemode.SCMSafeModeManager (SCMSafeModeManager.java:validateSafeModeExitRules(214)) - AtleastOneDatanodeReportedRule rule is successfully validated
2020-07-25 01:02:01,975 [EventQueue-OpenPipelineForHealthyPipelineSafeModeRule] INFO  safemode.SCMSafeModeManager (HealthyPipelineSafeModeRule.java:process(129)) - SCM in safe mode. Healthy pipelines reported count is 0, required healthy pipeline reported count is 1
2020-07-25 01:02:01,976 [pool-33-thread-1] INFO  server.RaftServerConfigKeys (ConfUtils.java:logGet(44)) - raft.server.notification.no-leader.timeout = 1000000ms (custom)
2020-07-25 01:02:01,977 [pool-33-thread-1] INFO  server.RaftServerConfigKeys (ConfUtils.java:logGet(44)) - raft.server.log.use.memory = false (default)
2020-07-25 01:02:01,986 [pool-33-thread-1] INFO  server.RaftServerConfigKeys (ConfUtils.java:logGet(44)) - raft.server.log.purge.gap = 1000000 (custom)
2020-07-25 01:02:01,989 [pool-33-thread-1] INFO  metrics.RatisMetrics (RatisMetrics.java:lambda$create$0(36)) - Creating Metrics Registry : ratis.log_worker.2517e29b-b07d-40ad-9ebb-623fe5ac5d94@group-4CBA780E8705
2020-07-25 01:02:02,001 [pool-33-thread-1] INFO  server.RaftServerConfigKeys (ConfUtils.java:logGet(44)) - raft.server.log.appender.buffer.byte-limit = 33554432 (custom)
2020-07-25 01:02:02,005 [pool-33-thread-1] INFO  server.RaftServerConfigKeys (ConfUtils.java:logGet(44)) - raft.server.log.segment.size.max = 1048576 (custom)
2020-07-25 01:02:02,012 [pool-33-thread-1] INFO  server.RaftServerConfigKeys (ConfUtils.java:logGet(44)) - raft.server.log.segment.cache.num.max = 2 (custom)
2020-07-25 01:02:02,017 [pool-33-thread-1] INFO  segmented.SegmentedRaftLogWorker (SegmentedRaftLogWorker.java:<init>(180)) - new 2517e29b-b07d-40ad-9ebb-623fe5ac5d94@group-4CBA780E8705-SegmentedRaftLogWorker for RaftStorage:Storage Directory /github/workspace/mnt/ozone/hadoop-ozone/integration-test/target/test-dir/MiniOzoneClusterImpl-28b08464-caf3-485d-9518-c2bd214d5e92/datanode-0/data/ratis/d1f6ce4d-432e-4c6e-a888-4cba780e8705
2020-07-25 01:02:02,017 [pool-33-thread-1] INFO  server.RaftServerConfigKeys (ConfUtils.java:logGet(44)) - raft.server.log.queue.byte-limit = 2147483647 (custom)
2020-07-25 01:02:02,017 [pool-33-thread-1] INFO  server.RaftServerConfigKeys (ConfUtils.java:logGet(44)) - raft.server.log.queue.element-limit = 1024 (custom)
2020-07-25 01:02:02,018 [pool-33-thread-1] INFO  server.RaftServerConfigKeys (ConfUtils.java:logGet(44)) - raft.server.log.segment.size.max = 1048576 (custom)
2020-07-25 01:02:02,020 [pool-33-thread-1] INFO  server.RaftServerConfigKeys (ConfUtils.java:logGet(44)) - raft.server.log.preallocated.size = 16384 (custom)
2020-07-25 01:02:02,021 [pool-33-thread-1] INFO  server.RaftServerConfigKeys (ConfUtils.java:logGet(44)) - raft.server.log.write.buffer.size = 1048576 (custom)
2020-07-25 01:02:02,022 [pool-33-thread-1] INFO  server.RaftServerConfigKeys (ConfUtils.java:logGet(44)) - raft.server.log.force.sync.num = 128 (default)
2020-07-25 01:02:02,023 [pool-33-thread-1] INFO  server.RaftServerConfigKeys (ConfUtils.java:logGet(44)) - raft.server.log.statemachine.data.sync = true (default)
2020-07-25 01:02:02,023 [pool-33-thread-1] INFO  server.RaftServerConfigKeys (ConfUtils.java:logGet(44)) - raft.server.log.statemachine.data.sync.timeout = 10s (default)
2020-07-25 01:02:02,024 [pool-33-thread-1] INFO  server.RaftServerConfigKeys (ConfUtils.java:logGet(44)) - raft.server.log.statemachine.data.sync.timeout.retry = -1 (default)
2020-07-25 01:02:02,034 [pool-33-thread-1] INFO  server.RaftServerConfigKeys (ConfUtils.java:logGet(44)) - raft.server.log.statemachine.data.caching.enabled = true (custom)
2020-07-25 01:02:02,038 [pool-33-thread-1] INFO  segmented.SegmentedRaftLogWorker (SegmentedRaftLogWorker.java:lambda$new$0(129)) - 2517e29b-b07d-40ad-9ebb-623fe5ac5d94@group-4CBA780E8705-SegmentedRaftLogWorker: flushIndex: setUnconditionally 0 -> -1
2020-07-25 01:02:02,038 [pool-33-thread-1] INFO  segmented.SegmentedRaftLogWorker (SegmentedRaftLogWorker.java:lambda$new$0(129)) - 2517e29b-b07d-40ad-9ebb-623fe5ac5d94@group-4CBA780E8705-SegmentedRaftLogWorker: safeCacheEvictIndex: setUnconditionally 0 -> -1
2020-07-25 01:02:02,052 [pool-33-thread-1] INFO  server.RaftServerConfigKeys (ConfUtils.java:logGet(44)) - raft.server.snapshot.auto.trigger.enabled = true (custom)
2020-07-25 01:02:02,053 [pool-33-thread-1] INFO  server.RaftServerConfigKeys (ConfUtils.java:logGet(44)) - raft.server.snapshot.auto.trigger.threshold = 10000 (custom)
2020-07-25 01:02:02,053 [pool-33-thread-1] INFO  server.RaftServerConfigKeys (ConfUtils.java:logGet(44)) - raft.server.snapshot.retention.file.num = 5 (custom)
2020-07-25 01:02:02,053 [pool-33-thread-1] INFO  server.RaftServerConfigKeys (ConfUtils.java:logGet(44)) - raft.server.log.purge.upto.snapshot.index = false (default)
2020-07-25 01:02:02,054 [pool-33-thread-1] INFO  server.RaftServerConfigKeys (ConfUtils.java:logGet(44)) - raft.server.retrycache.expirytime = 600000ms (custom)
2020-07-25 01:02:02,075 [pool-33-thread-1] INFO  metrics.RatisMetrics (RatisMetrics.java:lambda$create$0(36)) - Creating Metrics Registry : ratis.leader_election.2517e29b-b07d-40ad-9ebb-623fe5ac5d94@group-4CBA780E8705
2020-07-25 01:02:02,078 [pool-33-thread-1] INFO  metrics.RatisMetrics (RatisMetrics.java:lambda$create$0(36)) - Creating Metrics Registry : ratis.server.2517e29b-b07d-40ad-9ebb-623fe5ac5d94@group-4CBA780E8705
2020-07-25 01:02:02,082 [pool-33-thread-1] INFO  impl.RaftServerImpl (RaftServerImpl.java:start(196)) - 2517e29b-b07d-40ad-9ebb-623fe5ac5d94@group-4CBA780E8705: start as a follower, conf=-1: [2517e29b-b07d-40ad-9ebb-623fe5ac5d94:172.17.0.2:36481], old=null
2020-07-25 01:02:02,083 [pool-33-thread-1] INFO  impl.RaftServerImpl (RaftServerImpl.java:setRole(185)) - 2517e29b-b07d-40ad-9ebb-623fe5ac5d94@group-4CBA780E8705: changes role from      null to FOLLOWER at term 0 for startAsFollower
2020-07-25 01:02:02,083 [Command processor thread] INFO  impl.RaftServerProxy (RaftServerProxy.java:addNew(89)) - 8f716576-a848-46a4-ac48-6b569584c3fb: addNew group-A3033188E01B:[8f716576-a848-46a4-ac48-6b569584c3fb:172.17.0.2:45039] returns group-A3033188E01B:java.util.concurrent.CompletableFuture@205afe72[Not completed]
2020-07-25 01:02:02,084 [pool-33-thread-1] INFO  impl.RoleInfo (RoleInfo.java:updateAndGet(143)) - 2517e29b-b07d-40ad-9ebb-623fe5ac5d94: start FollowerState
2020-07-25 01:02:02,085 [pool-33-thread-1] INFO  util.JmxRegister (JmxRegister.java:tryRegister(44)) - Successfully registered JMX Bean with object name Ratis:service=RaftServer,group=group-4CBA780E8705,id=2517e29b-b07d-40ad-9ebb-623fe5ac5d94
2020-07-25 01:02:02,086 [pool-33-thread-1] INFO  metrics.RatisMetrics (RatisMetrics.java:lambda$create$0(36)) - Creating Metrics Registry : ratis.state_machine.2517e29b-b07d-40ad-9ebb-623fe5ac5d94@group-4CBA780E8705
2020-07-25 01:02:02,104 [Command processor thread] INFO  commandhandler.CreatePipelineCommandHandler (CreatePipelineCommandHandler.java:handle(110)) - Created Pipeline RATIS ONE #id: "d1f6ce4d-432e-4c6e-a888-4cba780e8705"
uuid128 {
  mostSigBits: -3317237244276880274
  leastSigBits: -6302703314743163131
}
.
2020-07-25 01:02:02,105 [Command processor thread] INFO  impl.RaftServerProxy (RaftServerProxy.java:addNew(89)) - 2517e29b-b07d-40ad-9ebb-623fe5ac5d94: addNew group-57BF5D47C6ED:[2517e29b-b07d-40ad-9ebb-623fe5ac5d94:172.17.0.2:36481, 7b4241cc-32b5-44c8-9f52-556ae19c7244:172.17.0.2:37711, 8f716576-a848-46a4-ac48-6b569584c3fb:172.17.0.2:45039] returns group-57BF5D47C6ED:java.util.concurrent.CompletableFuture@3cbb372c[Not completed]
2020-07-25 01:02:02,106 [pool-48-thread-1] INFO  impl.RaftServerImpl (RaftServerImpl.java:<init>(107)) - 8f716576-a848-46a4-ac48-6b569584c3fb: new RaftServerImpl for group-A3033188E01B:[8f716576-a848-46a4-ac48-6b569584c3fb:172.17.0.2:45039] with ContainerStateMachine:uninitialized
2020-07-25 01:02:02,108 [pool-48-thread-1] INFO  server.RaftServerConfigKeys (ConfUtils.java:logGet(44)) - raft.server.rpc.timeout.min = 5s (custom)
2020-07-25 01:02:02,108 [pool-48-thread-1] INFO  server.RaftServerConfigKeys (ConfUtils.java:logGet(44)) - raft.server.rpc.timeout.max = 5200ms (custom)
2020-07-25 01:02:02,108 [pool-48-thread-1] INFO  server.RaftServerConfigKeys (ConfUtils.java:logGet(44)) - raft.server.rpcslowness.timeout = 1000000ms (custom)
2020-07-25 01:02:02,108 [pool-48-thread-1] INFO  server.RaftServerConfigKeys (ConfUtils.java:logGet(44)) - raft.server.sleep.deviation.threshold = 300 (default)
2020-07-25 01:02:02,108 [pool-48-thread-1] INFO  server.RaftServerConfigKeys (ConfUtils.java:logGet(44)) - raft.server.log.appender.install.snapshot.enabled = false (custom)
2020-07-25 01:02:02,108 [pool-48-thread-1] INFO  impl.RaftServerImpl (ServerState.java:<init>(103)) - 8f716576-a848-46a4-ac48-6b569584c3fb@group-A3033188E01B: ConfigurationManager, init=-1: [8f716576-a848-46a4-ac48-6b569584c3fb:172.17.0.2:45039], old=null, confs=<EMPTY_MAP>
2020-07-25 01:02:02,109 [pool-48-thread-1] INFO  server.RaftServerConfigKeys (ConfUtils.java:logGet(44)) - raft.server.storage.dir = [/github/workspace/mnt/ozone/hadoop-ozone/integration-test/target/test-dir/MiniOzoneClusterImpl-28b08464-caf3-485d-9518-c2bd214d5e92/datanode-1/data/ratis] (custom)
2020-07-25 01:02:02,109 [pool-48-thread-1] INFO  server.RaftServerConfigKeys (ConfUtils.java:logGet(44)) - raft.server.log.corruption.policy = EXCEPTION (default)
2020-07-25 01:02:02,109 [pool-48-thread-1] INFO  storage.RaftStorageDirectory (RaftStorageDirectory.java:analyzeStorage(261)) - The storage directory /github/workspace/mnt/ozone/hadoop-ozone/integration-test/target/test-dir/MiniOzoneClusterImpl-28b08464-caf3-485d-9518-c2bd214d5e92/datanode-1/data/ratis/cbe8f0c4-8c8f-43e3-9648-a3033188e01b does not exist. Creating ...
2020-07-25 01:02:02,119 [pool-48-thread-1] INFO  storage.RaftStorageDirectory (RaftStorageDirectory.java:tryLock(343)) - Lock on /github/workspace/mnt/ozone/hadoop-ozone/integration-test/target/test-dir/MiniOzoneClusterImpl-28b08464-caf3-485d-9518-c2bd214d5e92/datanode-1/data/ratis/cbe8f0c4-8c8f-43e3-9648-a3033188e01b/in_use.lock acquired by nodename 38005@5c9f90e4d07c
2020-07-25 01:02:02,120 [pool-48-thread-1] INFO  storage.RaftStorage (RaftStorage.java:format(84)) - Storage directory /github/workspace/mnt/ozone/hadoop-ozone/integration-test/target/test-dir/MiniOzoneClusterImpl-28b08464-caf3-485d-9518-c2bd214d5e92/datanode-1/data/ratis/cbe8f0c4-8c8f-43e3-9648-a3033188e01b has been successfully formatted.
2020-07-25 01:02:02,121 [pool-48-thread-1] INFO  ratis.ContainerStateMachine (ContainerStateMachine.java:loadSnapshot(225)) - group-A3033188E01B: The snapshot info is null. Setting the last applied indexto:(t:0, i:~)
2020-07-25 01:02:02,123 [pool-48-thread-1] INFO  server.RaftServerConfigKeys (ConfUtils.java:logGet(44)) - raft.server.notification.no-leader.timeout = 1000000ms (custom)
2020-07-25 01:02:02,123 [pool-48-thread-1] INFO  server.RaftServerConfigKeys (ConfUtils.java:logGet(44)) - raft.server.log.use.memory = false (default)
2020-07-25 01:02:02,123 [pool-48-thread-1] INFO  server.RaftServerConfigKeys (ConfUtils.java:logGet(44)) - raft.server.log.purge.gap = 1000000 (custom)
2020-07-25 01:02:02,123 [EventQueue-PipelineReportForPipelineReportHandler] INFO  pipeline.PipelineStateManager (PipelineStateManager.java:openPipeline(131)) - Pipeline Pipeline[ Id: cbe8f0c4-8c8f-43e3-9648-a3033188e01b, Nodes: 8f716576-a848-46a4-ac48-6b569584c3fb{ip: 172.17.0.2, host: 5c9f90e4d07c, networkLocation: /default-rack, certSerialId: null}, Type:RATIS, Factor:ONE, State:ALLOCATED, leaderId:8f716576-a848-46a4-ac48-6b569584c3fb, CreationTimestamp2020-07-25T01:01:59.082Z] moved to OPEN state
2020-07-25 01:02:02,123 [EventQueue-OpenPipelineForOneReplicaPipelineSafeModeRule] INFO  safemode.SCMSafeModeManager (SCMSafeModeManager.java:validateSafeModeExitRules(214)) - AtleastOneDatanodeReportedRule rule is successfully validated
2020-07-25 01:02:02,124 [EventQueue-OpenPipelineForHealthyPipelineSafeModeRule] INFO  safemode.SCMSafeModeManager (HealthyPipelineSafeModeRule.java:process(129)) - SCM in safe mode. Healthy pipelines reported count is 0, required healthy pipeline reported count is 1
2020-07-25 01:02:02,123 [pool-48-thread-1] INFO  metrics.RatisMetrics (RatisMetrics.java:lambda$create$0(36)) - Creating Metrics Registry : ratis.log_worker.8f716576-a848-46a4-ac48-6b569584c3fb@group-A3033188E01B
2020-07-25 01:02:02,124 [pool-48-thread-1] INFO  server.RaftServerConfigKeys (ConfUtils.java:logGet(44)) - raft.server.log.appender.buffer.byte-limit = 33554432 (custom)
2020-07-25 01:02:02,124 [pool-48-thread-1] INFO  server.RaftServerConfigKeys (ConfUtils.java:logGet(44)) - raft.server.log.segment.size.max = 1048576 (custom)
2020-07-25 01:02:02,125 [pool-48-thread-1] INFO  server.RaftServerConfigKeys (ConfUtils.java:logGet(44)) - raft.server.log.segment.cache.num.max = 2 (custom)
2020-07-25 01:02:02,127 [pool-33-thread-1] INFO  impl.RaftServerImpl (RaftServerImpl.java:<init>(107)) - 2517e29b-b07d-40ad-9ebb-623fe5ac5d94: new RaftServerImpl for group-57BF5D47C6ED:[2517e29b-b07d-40ad-9ebb-623fe5ac5d94:172.17.0.2:36481, 7b4241cc-32b5-44c8-9f52-556ae19c7244:172.17.0.2:37711, 8f716576-a848-46a4-ac48-6b569584c3fb:172.17.0.2:45039] with ContainerStateMachine:uninitialized
2020-07-25 01:02:02,128 [pool-33-thread-1] INFO  server.RaftServerConfigKeys (ConfUtils.java:logGet(44)) - raft.server.rpc.timeout.min = 5s (custom)
2020-07-25 01:02:02,128 [pool-33-thread-1] INFO  server.RaftServerConfigKeys (ConfUtils.java:logGet(44)) - raft.server.rpc.timeout.max = 5200ms (custom)
2020-07-25 01:02:02,128 [pool-33-thread-1] INFO  server.RaftServerConfigKeys (ConfUtils.java:logGet(44)) - raft.server.rpcslowness.timeout = 1000000ms (custom)
2020-07-25 01:02:02,128 [pool-33-thread-1] INFO  server.RaftServerConfigKeys (ConfUtils.java:logGet(44)) - raft.server.sleep.deviation.threshold = 300 (default)
2020-07-25 01:02:02,129 [pool-33-thread-1] INFO  server.RaftServerConfigKeys (ConfUtils.java:logGet(44)) - raft.server.log.appender.install.snapshot.enabled = false (custom)
2020-07-25 01:02:02,129 [pool-33-thread-1] INFO  impl.RaftServerImpl (ServerState.java:<init>(103)) - 2517e29b-b07d-40ad-9ebb-623fe5ac5d94@group-57BF5D47C6ED: ConfigurationManager, init=-1: [2517e29b-b07d-40ad-9ebb-623fe5ac5d94:172.17.0.2:36481, 7b4241cc-32b5-44c8-9f52-556ae19c7244:172.17.0.2:37711, 8f716576-a848-46a4-ac48-6b569584c3fb:172.17.0.2:45039], old=null, confs=<EMPTY_MAP>
2020-07-25 01:02:02,129 [pool-33-thread-1] INFO  server.RaftServerConfigKeys (ConfUtils.java:logGet(44)) - raft.server.storage.dir = [/github/workspace/mnt/ozone/hadoop-ozone/integration-test/target/test-dir/MiniOzoneClusterImpl-28b08464-caf3-485d-9518-c2bd214d5e92/datanode-0/data/ratis] (custom)
2020-07-25 01:02:02,130 [pool-33-thread-1] INFO  server.RaftServerConfigKeys (ConfUtils.java:logGet(44)) - raft.server.log.corruption.policy = EXCEPTION (default)
2020-07-25 01:02:02,130 [pool-33-thread-1] INFO  storage.RaftStorageDirectory (RaftStorageDirectory.java:analyzeStorage(261)) - The storage directory /github/workspace/mnt/ozone/hadoop-ozone/integration-test/target/test-dir/MiniOzoneClusterImpl-28b08464-caf3-485d-9518-c2bd214d5e92/datanode-0/data/ratis/94add4dd-c2e5-449d-a6a5-57bf5d47c6ed does not exist. Creating ...
2020-07-25 01:02:02,125 [pool-48-thread-1] INFO  segmented.SegmentedRaftLogWorker (SegmentedRaftLogWorker.java:<init>(180)) - new 8f716576-a848-46a4-ac48-6b569584c3fb@group-A3033188E01B-SegmentedRaftLogWorker for RaftStorage:Storage Directory /github/workspace/mnt/ozone/hadoop-ozone/integration-test/target/test-dir/MiniOzoneClusterImpl-28b08464-caf3-485d-9518-c2bd214d5e92/datanode-1/data/ratis/cbe8f0c4-8c8f-43e3-9648-a3033188e01b
2020-07-25 01:02:02,131 [pool-48-thread-1] INFO  server.RaftServerConfigKeys (ConfUtils.java:logGet(44)) - raft.server.log.queue.byte-limit = 2147483647 (custom)
2020-07-25 01:02:02,131 [pool-48-thread-1] INFO  server.RaftServerConfigKeys (ConfUtils.java:logGet(44)) - raft.server.log.queue.element-limit = 1024 (custom)
2020-07-25 01:02:02,131 [pool-48-thread-1] INFO  server.RaftServerConfigKeys (ConfUtils.java:logGet(44)) - raft.server.log.segment.size.max = 1048576 (custom)
2020-07-25 01:02:02,131 [pool-48-thread-1] INFO  server.RaftServerConfigKeys (ConfUtils.java:logGet(44)) - raft.server.log.preallocated.size = 16384 (custom)
2020-07-25 01:02:02,131 [pool-48-thread-1] INFO  server.RaftServerConfigKeys (ConfUtils.java:logGet(44)) - raft.server.log.write.buffer.size = 1048576 (custom)
2020-07-25 01:02:02,131 [pool-48-thread-1] INFO  server.RaftServerConfigKeys (ConfUtils.java:logGet(44)) - raft.server.log.force.sync.num = 128 (default)
2020-07-25 01:02:02,131 [pool-48-thread-1] INFO  server.RaftServerConfigKeys (ConfUtils.java:logGet(44)) - raft.server.log.statemachine.data.sync = true (default)
2020-07-25 01:02:02,132 [pool-48-thread-1] INFO  server.RaftServerConfigKeys (ConfUtils.java:logGet(44)) - raft.server.log.statemachine.data.sync.timeout = 10s (default)
2020-07-25 01:02:02,132 [pool-48-thread-1] INFO  server.RaftServerConfigKeys (ConfUtils.java:logGet(44)) - raft.server.log.statemachine.data.sync.timeout.retry = -1 (default)
2020-07-25 01:02:02,133 [pool-48-thread-1] INFO  server.RaftServerConfigKeys (ConfUtils.java:logGet(44)) - raft.server.log.statemachine.data.caching.enabled = true (custom)
2020-07-25 01:02:02,135 [pool-48-thread-1] INFO  segmented.SegmentedRaftLogWorker (SegmentedRaftLogWorker.java:lambda$new$0(129)) - 8f716576-a848-46a4-ac48-6b569584c3fb@group-A3033188E01B-SegmentedRaftLogWorker: flushIndex: setUnconditionally 0 -> -1
2020-07-25 01:02:02,135 [pool-48-thread-1] INFO  segmented.SegmentedRaftLogWorker (SegmentedRaftLogWorker.java:lambda$new$0(129)) - 8f716576-a848-46a4-ac48-6b569584c3fb@group-A3033188E01B-SegmentedRaftLogWorker: safeCacheEvictIndex: setUnconditionally 0 -> -1
2020-07-25 01:02:02,134 [pool-33-thread-1] INFO  storage.RaftStorageDirectory (RaftStorageDirectory.java:tryLock(343)) - Lock on /github/workspace/mnt/ozone/hadoop-ozone/integration-test/target/test-dir/MiniOzoneClusterImpl-28b08464-caf3-485d-9518-c2bd214d5e92/datanode-0/data/ratis/94add4dd-c2e5-449d-a6a5-57bf5d47c6ed/in_use.lock acquired by nodename 38005@5c9f90e4d07c
2020-07-25 01:02:02,137 [pool-33-thread-1] INFO  storage.RaftStorage (RaftStorage.java:format(84)) - Storage directory /github/workspace/mnt/ozone/hadoop-ozone/integration-test/target/test-dir/MiniOzoneClusterImpl-28b08464-caf3-485d-9518-c2bd214d5e92/datanode-0/data/ratis/94add4dd-c2e5-449d-a6a5-57bf5d47c6ed has been successfully formatted.
2020-07-25 01:02:02,139 [pool-48-thread-1] INFO  server.RaftServerConfigKeys (ConfUtils.java:logGet(44)) - raft.server.snapshot.auto.trigger.enabled = true (custom)
2020-07-25 01:02:02,139 [pool-48-thread-1] INFO  server.RaftServerConfigKeys (ConfUtils.java:logGet(44)) - raft.server.snapshot.auto.trigger.threshold = 10000 (custom)
2020-07-25 01:02:02,139 [pool-48-thread-1] INFO  server.RaftServerConfigKeys (ConfUtils.java:logGet(44)) - raft.server.snapshot.retention.file.num = 5 (custom)
2020-07-25 01:02:02,139 [pool-48-thread-1] INFO  server.RaftServerConfigKeys (ConfUtils.java:logGet(44)) - raft.server.log.purge.upto.snapshot.index = false (default)
2020-07-25 01:02:02,139 [pool-48-thread-1] INFO  server.RaftServerConfigKeys (ConfUtils.java:logGet(44)) - raft.server.retrycache.expirytime = 600000ms (custom)
2020-07-25 01:02:02,139 [pool-48-thread-1] INFO  metrics.RatisMetrics (RatisMetrics.java:lambda$create$0(36)) - Creating Metrics Registry : ratis.leader_election.8f716576-a848-46a4-ac48-6b569584c3fb@group-A3033188E01B
2020-07-25 01:02:02,140 [pool-48-thread-1] INFO  metrics.RatisMetrics (RatisMetrics.java:lambda$create$0(36)) - Creating Metrics Registry : ratis.server.8f716576-a848-46a4-ac48-6b569584c3fb@group-A3033188E01B
2020-07-25 01:02:02,139 [pool-33-thread-1] INFO  ratis.ContainerStateMachine (ContainerStateMachine.java:loadSnapshot(225)) - group-57BF5D47C6ED: The snapshot info is null. Setting the last applied indexto:(t:0, i:~)
2020-07-25 01:02:02,143 [pool-33-thread-1] INFO  server.RaftServerConfigKeys (ConfUtils.java:logGet(44)) - raft.server.notification.no-leader.timeout = 1000000ms (custom)
2020-07-25 01:02:02,143 [pool-33-thread-1] INFO  server.RaftServerConfigKeys (ConfUtils.java:logGet(44)) - raft.server.log.use.memory = false (default)
2020-07-25 01:02:02,143 [pool-33-thread-1] INFO  server.RaftServerConfigKeys (ConfUtils.java:logGet(44)) - raft.server.log.purge.gap = 1000000 (custom)
2020-07-25 01:02:02,143 [pool-33-thread-1] INFO  metrics.RatisMetrics (RatisMetrics.java:lambda$create$0(36)) - Creating Metrics Registry : ratis.log_worker.2517e29b-b07d-40ad-9ebb-623fe5ac5d94@group-57BF5D47C6ED
2020-07-25 01:02:02,143 [pool-33-thread-1] INFO  server.RaftServerConfigKeys (ConfUtils.java:logGet(44)) - raft.server.log.appender.buffer.byte-limit = 33554432 (custom)
2020-07-25 01:02:02,143 [pool-33-thread-1] INFO  server.RaftServerConfigKeys (ConfUtils.java:logGet(44)) - raft.server.log.segment.size.max = 1048576 (custom)
2020-07-25 01:02:02,144 [pool-33-thread-1] INFO  server.RaftServerConfigKeys (ConfUtils.java:logGet(44)) - raft.server.log.segment.cache.num.max = 2 (custom)
2020-07-25 01:02:02,144 [pool-33-thread-1] INFO  segmented.SegmentedRaftLogWorker (SegmentedRaftLogWorker.java:<init>(180)) - new 2517e29b-b07d-40ad-9ebb-623fe5ac5d94@group-57BF5D47C6ED-SegmentedRaftLogWorker for RaftStorage:Storage Directory /github/workspace/mnt/ozone/hadoop-ozone/integration-test/target/test-dir/MiniOzoneClusterImpl-28b08464-caf3-485d-9518-c2bd214d5e92/datanode-0/data/ratis/94add4dd-c2e5-449d-a6a5-57bf5d47c6ed
2020-07-25 01:02:02,144 [pool-33-thread-1] INFO  server.RaftServerConfigKeys (ConfUtils.java:logGet(44)) - raft.server.log.queue.byte-limit = 2147483647 (custom)
2020-07-25 01:02:02,144 [pool-33-thread-1] INFO  server.RaftServerConfigKeys (ConfUtils.java:logGet(44)) - raft.server.log.queue.element-limit = 1024 (custom)
2020-07-25 01:02:02,144 [pool-33-thread-1] INFO  server.RaftServerConfigKeys (ConfUtils.java:logGet(44)) - raft.server.log.segment.size.max = 1048576 (custom)
2020-07-25 01:02:02,144 [pool-33-thread-1] INFO  server.RaftServerConfigKeys (ConfUtils.java:logGet(44)) - raft.server.log.preallocated.size = 16384 (custom)
2020-07-25 01:02:02,144 [pool-33-thread-1] INFO  server.RaftServerConfigKeys (ConfUtils.java:logGet(44)) - raft.server.log.write.buffer.size = 1048576 (custom)
2020-07-25 01:02:02,145 [pool-33-thread-1] INFO  server.RaftServerConfigKeys (ConfUtils.java:logGet(44)) - raft.server.log.force.sync.num = 128 (default)
2020-07-25 01:02:02,145 [pool-33-thread-1] INFO  server.RaftServerConfigKeys (ConfUtils.java:logGet(44)) - raft.server.log.statemachine.data.sync = true (default)
2020-07-25 01:02:02,145 [pool-33-thread-1] INFO  server.RaftServerConfigKeys (ConfUtils.java:logGet(44)) - raft.server.log.statemachine.data.sync.timeout = 10s (default)
2020-07-25 01:02:02,145 [pool-33-thread-1] INFO  server.RaftServerConfigKeys (ConfUtils.java:logGet(44)) - raft.server.log.statemachine.data.sync.timeout.retry = -1 (default)
2020-07-25 01:02:02,146 [pool-33-thread-1] INFO  server.RaftServerConfigKeys (ConfUtils.java:logGet(44)) - raft.server.log.statemachine.data.caching.enabled = true (custom)
2020-07-25 01:02:02,149 [pool-33-thread-1] INFO  segmented.SegmentedRaftLogWorker (SegmentedRaftLogWorker.java:lambda$new$0(129)) - 2517e29b-b07d-40ad-9ebb-623fe5ac5d94@group-57BF5D47C6ED-SegmentedRaftLogWorker: flushIndex: setUnconditionally 0 -> -1
2020-07-25 01:02:02,150 [pool-33-thread-1] INFO  segmented.SegmentedRaftLogWorker (SegmentedRaftLogWorker.java:lambda$new$0(129)) - 2517e29b-b07d-40ad-9ebb-623fe5ac5d94@group-57BF5D47C6ED-SegmentedRaftLogWorker: safeCacheEvictIndex: setUnconditionally 0 -> -1
2020-07-25 01:02:02,147 [pool-48-thread-1] INFO  impl.RaftServerImpl (RaftServerImpl.java:start(196)) - 8f716576-a848-46a4-ac48-6b569584c3fb@group-A3033188E01B: start as a follower, conf=-1: [8f716576-a848-46a4-ac48-6b569584c3fb:172.17.0.2:45039], old=null
2020-07-25 01:02:02,150 [pool-48-thread-1] INFO  impl.RaftServerImpl (RaftServerImpl.java:setRole(185)) - 8f716576-a848-46a4-ac48-6b569584c3fb@group-A3033188E01B: changes role from      null to FOLLOWER at term 0 for startAsFollower
2020-07-25 01:02:02,151 [pool-33-thread-1] INFO  server.RaftServerConfigKeys (ConfUtils.java:logGet(44)) - raft.server.snapshot.auto.trigger.enabled = true (custom)
2020-07-25 01:02:02,151 [pool-48-thread-1] INFO  impl.RoleInfo (RoleInfo.java:updateAndGet(143)) - 8f716576-a848-46a4-ac48-6b569584c3fb: start FollowerState
2020-07-25 01:02:02,155 [pool-33-thread-1] INFO  server.RaftServerConfigKeys (ConfUtils.java:logGet(44)) - raft.server.snapshot.auto.trigger.threshold = 10000 (custom)
2020-07-25 01:02:02,155 [pool-33-thread-1] INFO  server.RaftServerConfigKeys (ConfUtils.java:logGet(44)) - raft.server.snapshot.retention.file.num = 5 (custom)
2020-07-25 01:02:02,155 [pool-33-thread-1] INFO  server.RaftServerConfigKeys (ConfUtils.java:logGet(44)) - raft.server.log.purge.upto.snapshot.index = false (default)
2020-07-25 01:02:02,155 [pool-33-thread-1] INFO  server.RaftServerConfigKeys (ConfUtils.java:logGet(44)) - raft.server.retrycache.expirytime = 600000ms (custom)
2020-07-25 01:02:02,155 [pool-33-thread-1] INFO  metrics.RatisMetrics (RatisMetrics.java:lambda$create$0(36)) - Creating Metrics Registry : ratis.leader_election.2517e29b-b07d-40ad-9ebb-623fe5ac5d94@group-57BF5D47C6ED
2020-07-25 01:02:02,155 [pool-48-thread-1] INFO  util.JmxRegister (JmxRegister.java:tryRegister(44)) - Successfully registered JMX Bean with object name Ratis:service=RaftServer,group=group-A3033188E01B,id=8f716576-a848-46a4-ac48-6b569584c3fb
2020-07-25 01:02:02,156 [pool-48-thread-1] INFO  metrics.RatisMetrics (RatisMetrics.java:lambda$create$0(36)) - Creating Metrics Registry : ratis.state_machine.8f716576-a848-46a4-ac48-6b569584c3fb@group-A3033188E01B
2020-07-25 01:02:02,159 [Command processor thread] INFO  commandhandler.CreatePipelineCommandHandler (CreatePipelineCommandHandler.java:handle(110)) - Created Pipeline RATIS ONE #id: "cbe8f0c4-8c8f-43e3-9648-a3033188e01b"
uuid128 {
  mostSigBits: -3753485562450852893
  leastSigBits: -7617659535585910757
}
.
2020-07-25 01:02:02,163 [pool-33-thread-1] INFO  metrics.RatisMetrics (RatisMetrics.java:lambda$create$0(36)) - Creating Metrics Registry : ratis.server.2517e29b-b07d-40ad-9ebb-623fe5ac5d94@group-57BF5D47C6ED
2020-07-25 01:02:02,164 [pool-33-thread-1] INFO  impl.RaftServerImpl (RaftServerImpl.java:start(196)) - 2517e29b-b07d-40ad-9ebb-623fe5ac5d94@group-57BF5D47C6ED: start as a follower, conf=-1: [2517e29b-b07d-40ad-9ebb-623fe5ac5d94:172.17.0.2:36481, 7b4241cc-32b5-44c8-9f52-556ae19c7244:172.17.0.2:37711, 8f716576-a848-46a4-ac48-6b569584c3fb:172.17.0.2:45039], old=null
2020-07-25 01:02:02,164 [pool-33-thread-1] INFO  impl.RaftServerImpl (RaftServerImpl.java:setRole(185)) - 2517e29b-b07d-40ad-9ebb-623fe5ac5d94@group-57BF5D47C6ED: changes role from      null to FOLLOWER at term 0 for startAsFollower
2020-07-25 01:02:02,164 [pool-33-thread-1] INFO  impl.RoleInfo (RoleInfo.java:updateAndGet(143)) - 2517e29b-b07d-40ad-9ebb-623fe5ac5d94: start FollowerState
2020-07-25 01:02:02,171 [pool-33-thread-1] INFO  util.JmxRegister (JmxRegister.java:tryRegister(44)) - Successfully registered JMX Bean with object name Ratis:service=RaftServer,group=group-57BF5D47C6ED,id=2517e29b-b07d-40ad-9ebb-623fe5ac5d94
2020-07-25 01:02:02,171 [Command processor thread] INFO  impl.RaftServerProxy (RaftServerProxy.java:addNew(89)) - 8f716576-a848-46a4-ac48-6b569584c3fb: addNew group-57BF5D47C6ED:[2517e29b-b07d-40ad-9ebb-623fe5ac5d94:172.17.0.2:36481, 7b4241cc-32b5-44c8-9f52-556ae19c7244:172.17.0.2:37711, 8f716576-a848-46a4-ac48-6b569584c3fb:172.17.0.2:45039] returns group-57BF5D47C6ED:java.util.concurrent.CompletableFuture@24657ea1[Not completed]
2020-07-25 01:02:02,172 [pool-48-thread-1] INFO  impl.RaftServerImpl (RaftServerImpl.java:<init>(107)) - 8f716576-a848-46a4-ac48-6b569584c3fb: new RaftServerImpl for group-57BF5D47C6ED:[2517e29b-b07d-40ad-9ebb-623fe5ac5d94:172.17.0.2:36481, 7b4241cc-32b5-44c8-9f52-556ae19c7244:172.17.0.2:37711, 8f716576-a848-46a4-ac48-6b569584c3fb:172.17.0.2:45039] with ContainerStateMachine:uninitialized
2020-07-25 01:02:02,172 [pool-48-thread-1] INFO  server.RaftServerConfigKeys (ConfUtils.java:logGet(44)) - raft.server.rpc.timeout.min = 5s (custom)
2020-07-25 01:02:02,172 [pool-48-thread-1] INFO  server.RaftServerConfigKeys (ConfUtils.java:logGet(44)) - raft.server.rpc.timeout.max = 5200ms (custom)
2020-07-25 01:02:02,172 [pool-48-thread-1] INFO  server.RaftServerConfigKeys (ConfUtils.java:logGet(44)) - raft.server.rpcslowness.timeout = 1000000ms (custom)
2020-07-25 01:02:02,172 [pool-48-thread-1] INFO  server.RaftServerConfigKeys (ConfUtils.java:logGet(44)) - raft.server.sleep.deviation.threshold = 300 (default)
2020-07-25 01:02:02,172 [pool-48-thread-1] INFO  server.RaftServerConfigKeys (ConfUtils.java:logGet(44)) - raft.server.log.appender.install.snapshot.enabled = false (custom)
2020-07-25 01:02:02,173 [pool-48-thread-1] INFO  impl.RaftServerImpl (ServerState.java:<init>(103)) - 8f716576-a848-46a4-ac48-6b569584c3fb@group-57BF5D47C6ED: ConfigurationManager, init=-1: [2517e29b-b07d-40ad-9ebb-623fe5ac5d94:172.17.0.2:36481, 7b4241cc-32b5-44c8-9f52-556ae19c7244:172.17.0.2:37711, 8f716576-a848-46a4-ac48-6b569584c3fb:172.17.0.2:45039], old=null, confs=<EMPTY_MAP>
2020-07-25 01:02:02,173 [pool-48-thread-1] INFO  server.RaftServerConfigKeys (ConfUtils.java:logGet(44)) - raft.server.storage.dir = [/github/workspace/mnt/ozone/hadoop-ozone/integration-test/target/test-dir/MiniOzoneClusterImpl-28b08464-caf3-485d-9518-c2bd214d5e92/datanode-1/data/ratis] (custom)
2020-07-25 01:02:02,173 [pool-48-thread-1] INFO  server.RaftServerConfigKeys (ConfUtils.java:logGet(44)) - raft.server.log.corruption.policy = EXCEPTION (default)
2020-07-25 01:02:02,173 [pool-48-thread-1] INFO  storage.RaftStorageDirectory (RaftStorageDirectory.java:analyzeStorage(261)) - The storage directory /github/workspace/mnt/ozone/hadoop-ozone/integration-test/target/test-dir/MiniOzoneClusterImpl-28b08464-caf3-485d-9518-c2bd214d5e92/datanode-1/data/ratis/94add4dd-c2e5-449d-a6a5-57bf5d47c6ed does not exist. Creating ...
2020-07-25 01:02:02,171 [pool-33-thread-1] INFO  metrics.RatisMetrics (RatisMetrics.java:lambda$create$0(36)) - Creating Metrics Registry : ratis.state_machine.2517e29b-b07d-40ad-9ebb-623fe5ac5d94@group-57BF5D47C6ED
2020-07-25 01:02:02,175 [pool-48-thread-1] INFO  storage.RaftStorageDirectory (RaftStorageDirectory.java:tryLock(343)) - Lock on /github/workspace/mnt/ozone/hadoop-ozone/integration-test/target/test-dir/MiniOzoneClusterImpl-28b08464-caf3-485d-9518-c2bd214d5e92/datanode-1/data/ratis/94add4dd-c2e5-449d-a6a5-57bf5d47c6ed/in_use.lock acquired by nodename 38005@5c9f90e4d07c
2020-07-25 01:02:02,177 [pool-48-thread-1] INFO  storage.RaftStorage (RaftStorage.java:format(84)) - Storage directory /github/workspace/mnt/ozone/hadoop-ozone/integration-test/target/test-dir/MiniOzoneClusterImpl-28b08464-caf3-485d-9518-c2bd214d5e92/datanode-1/data/ratis/94add4dd-c2e5-449d-a6a5-57bf5d47c6ed has been successfully formatted.
2020-07-25 01:02:02,183 [pool-48-thread-1] INFO  ratis.ContainerStateMachine (ContainerStateMachine.java:loadSnapshot(225)) - group-57BF5D47C6ED: The snapshot info is null. Setting the last applied indexto:(t:0, i:~)
2020-07-25 01:02:02,183 [pool-48-thread-1] INFO  server.RaftServerConfigKeys (ConfUtils.java:logGet(44)) - raft.server.notification.no-leader.timeout = 1000000ms (custom)
2020-07-25 01:02:02,183 [pool-48-thread-1] INFO  server.RaftServerConfigKeys (ConfUtils.java:logGet(44)) - raft.server.log.use.memory = false (default)
2020-07-25 01:02:02,183 [pool-48-thread-1] INFO  server.RaftServerConfigKeys (ConfUtils.java:logGet(44)) - raft.server.log.purge.gap = 1000000 (custom)
2020-07-25 01:02:02,183 [pool-48-thread-1] INFO  metrics.RatisMetrics (RatisMetrics.java:lambda$create$0(36)) - Creating Metrics Registry : ratis.log_worker.8f716576-a848-46a4-ac48-6b569584c3fb@group-57BF5D47C6ED
2020-07-25 01:02:02,184 [pool-48-thread-1] INFO  server.RaftServerConfigKeys (ConfUtils.java:logGet(44)) - raft.server.log.appender.buffer.byte-limit = 33554432 (custom)
2020-07-25 01:02:02,184 [pool-48-thread-1] INFO  server.RaftServerConfigKeys (ConfUtils.java:logGet(44)) - raft.server.log.segment.size.max = 1048576 (custom)
2020-07-25 01:02:02,184 [pool-48-thread-1] INFO  server.RaftServerConfigKeys (ConfUtils.java:logGet(44)) - raft.server.log.segment.cache.num.max = 2 (custom)
2020-07-25 01:02:02,185 [pool-48-thread-1] INFO  segmented.SegmentedRaftLogWorker (SegmentedRaftLogWorker.java:<init>(180)) - new 8f716576-a848-46a4-ac48-6b569584c3fb@group-57BF5D47C6ED-SegmentedRaftLogWorker for RaftStorage:Storage Directory /github/workspace/mnt/ozone/hadoop-ozone/integration-test/target/test-dir/MiniOzoneClusterImpl-28b08464-caf3-485d-9518-c2bd214d5e92/datanode-1/data/ratis/94add4dd-c2e5-449d-a6a5-57bf5d47c6ed
2020-07-25 01:02:02,185 [pool-48-thread-1] INFO  server.RaftServerConfigKeys (ConfUtils.java:logGet(44)) - raft.server.log.queue.byte-limit = 2147483647 (custom)
2020-07-25 01:02:02,185 [pool-48-thread-1] INFO  server.RaftServerConfigKeys (ConfUtils.java:logGet(44)) - raft.server.log.queue.element-limit = 1024 (custom)
2020-07-25 01:02:02,190 [pool-48-thread-1] INFO  server.RaftServerConfigKeys (ConfUtils.java:logGet(44)) - raft.server.log.segment.size.max = 1048576 (custom)
2020-07-25 01:02:02,190 [pool-48-thread-1] INFO  server.RaftServerConfigKeys (ConfUtils.java:logGet(44)) - raft.server.log.preallocated.size = 16384 (custom)
2020-07-25 01:02:02,190 [pool-48-thread-1] INFO  server.RaftServerConfigKeys (ConfUtils.java:logGet(44)) - raft.server.log.write.buffer.size = 1048576 (custom)
2020-07-25 01:02:02,190 [pool-48-thread-1] INFO  server.RaftServerConfigKeys (ConfUtils.java:logGet(44)) - raft.server.log.force.sync.num = 128 (default)
2020-07-25 01:02:02,190 [pool-48-thread-1] INFO  server.RaftServerConfigKeys (ConfUtils.java:logGet(44)) - raft.server.log.statemachine.data.sync = true (default)
2020-07-25 01:02:02,190 [pool-48-thread-1] INFO  server.RaftServerConfigKeys (ConfUtils.java:logGet(44)) - raft.server.log.statemachine.data.sync.timeout = 10s (default)
2020-07-25 01:02:02,190 [pool-48-thread-1] INFO  server.RaftServerConfigKeys (ConfUtils.java:logGet(44)) - raft.server.log.statemachine.data.sync.timeout.retry = -1 (default)
2020-07-25 01:02:02,192 [pool-48-thread-1] INFO  server.RaftServerConfigKeys (ConfUtils.java:logGet(44)) - raft.server.log.statemachine.data.caching.enabled = true (custom)
2020-07-25 01:02:02,192 [pool-48-thread-1] INFO  segmented.SegmentedRaftLogWorker (SegmentedRaftLogWorker.java:lambda$new$0(129)) - 8f716576-a848-46a4-ac48-6b569584c3fb@group-57BF5D47C6ED-SegmentedRaftLogWorker: flushIndex: setUnconditionally 0 -> -1
2020-07-25 01:02:02,192 [pool-48-thread-1] INFO  segmented.SegmentedRaftLogWorker (SegmentedRaftLogWorker.java:lambda$new$0(129)) - 8f716576-a848-46a4-ac48-6b569584c3fb@group-57BF5D47C6ED-SegmentedRaftLogWorker: safeCacheEvictIndex: setUnconditionally 0 -> -1
2020-07-25 01:02:02,193 [pool-48-thread-1] INFO  server.RaftServerConfigKeys (ConfUtils.java:logGet(44)) - raft.server.snapshot.auto.trigger.enabled = true (custom)
2020-07-25 01:02:02,193 [pool-48-thread-1] INFO  server.RaftServerConfigKeys (ConfUtils.java:logGet(44)) - raft.server.snapshot.auto.trigger.threshold = 10000 (custom)
2020-07-25 01:02:02,194 [pool-48-thread-1] INFO  server.RaftServerConfigKeys (ConfUtils.java:logGet(44)) - raft.server.snapshot.retention.file.num = 5 (custom)
2020-07-25 01:02:02,194 [pool-48-thread-1] INFO  server.RaftServerConfigKeys (ConfUtils.java:logGet(44)) - raft.server.log.purge.upto.snapshot.index = false (default)
2020-07-25 01:02:02,194 [pool-48-thread-1] INFO  server.RaftServerConfigKeys (ConfUtils.java:logGet(44)) - raft.server.retrycache.expirytime = 600000ms (custom)
2020-07-25 01:02:02,194 [pool-48-thread-1] INFO  metrics.RatisMetrics (RatisMetrics.java:lambda$create$0(36)) - Creating Metrics Registry : ratis.leader_election.8f716576-a848-46a4-ac48-6b569584c3fb@group-57BF5D47C6ED
2020-07-25 01:02:02,194 [pool-48-thread-1] INFO  metrics.RatisMetrics (RatisMetrics.java:lambda$create$0(36)) - Creating Metrics Registry : ratis.server.8f716576-a848-46a4-ac48-6b569584c3fb@group-57BF5D47C6ED
2020-07-25 01:02:02,208 [pool-48-thread-1] INFO  impl.RaftServerImpl (RaftServerImpl.java:start(196)) - 8f716576-a848-46a4-ac48-6b569584c3fb@group-57BF5D47C6ED: start as a follower, conf=-1: [2517e29b-b07d-40ad-9ebb-623fe5ac5d94:172.17.0.2:36481, 7b4241cc-32b5-44c8-9f52-556ae19c7244:172.17.0.2:37711, 8f716576-a848-46a4-ac48-6b569584c3fb:172.17.0.2:45039], old=null
2020-07-25 01:02:02,208 [pool-48-thread-1] INFO  impl.RaftServerImpl (RaftServerImpl.java:setRole(185)) - 8f716576-a848-46a4-ac48-6b569584c3fb@group-57BF5D47C6ED: changes role from      null to FOLLOWER at term 0 for startAsFollower
2020-07-25 01:02:02,208 [pool-48-thread-1] INFO  impl.RoleInfo (RoleInfo.java:updateAndGet(143)) - 8f716576-a848-46a4-ac48-6b569584c3fb: start FollowerState
2020-07-25 01:02:02,209 [pool-48-thread-1] INFO  util.JmxRegister (JmxRegister.java:tryRegister(44)) - Successfully registered JMX Bean with object name Ratis:service=RaftServer,group=group-57BF5D47C6ED,id=8f716576-a848-46a4-ac48-6b569584c3fb
2020-07-25 01:02:02,209 [pool-48-thread-1] INFO  metrics.RatisMetrics (RatisMetrics.java:lambda$create$0(36)) - Creating Metrics Registry : ratis.state_machine.8f716576-a848-46a4-ac48-6b569584c3fb@group-57BF5D47C6ED
2020-07-25 01:02:02,241 [Listener at 127.0.0.1/46235] INFO  ozone.MiniOzoneClusterImpl (MiniOzoneClusterImpl.java:lambda$waitForClusterToBeReady$0(177)) - Nodes are ready. Got 3 of 3 DN Heartbeats.
2020-07-25 01:02:02,241 [Listener at 127.0.0.1/46235] INFO  ozone.MiniOzoneClusterImpl (MiniOzoneClusterImpl.java:lambda$waitForClusterToBeReady$0(180)) - Waiting for cluster to exit safe mode
2020-07-25 01:02:02,255 [Command processor thread] INFO  impl.RaftServerProxy (RaftServerProxy.java:addNew(89)) - 7b4241cc-32b5-44c8-9f52-556ae19c7244: addNew group-17A5D073C5E8:[7b4241cc-32b5-44c8-9f52-556ae19c7244:172.17.0.2:37711] returns group-17A5D073C5E8:java.util.concurrent.CompletableFuture@3371d4c3[Not completed]
2020-07-25 01:02:02,260 [pool-63-thread-1] INFO  impl.RaftServerImpl (RaftServerImpl.java:<init>(107)) - 7b4241cc-32b5-44c8-9f52-556ae19c7244: new RaftServerImpl for group-17A5D073C5E8:[7b4241cc-32b5-44c8-9f52-556ae19c7244:172.17.0.2:37711] with ContainerStateMachine:uninitialized
2020-07-25 01:02:02,262 [pool-63-thread-1] INFO  server.RaftServerConfigKeys (ConfUtils.java:logGet(44)) - raft.server.rpc.timeout.min = 5s (custom)
2020-07-25 01:02:02,262 [pool-63-thread-1] INFO  server.RaftServerConfigKeys (ConfUtils.java:logGet(44)) - raft.server.rpc.timeout.max = 5200ms (custom)
2020-07-25 01:02:02,263 [pool-63-thread-1] INFO  server.RaftServerConfigKeys (ConfUtils.java:logGet(44)) - raft.server.rpcslowness.timeout = 1000000ms (custom)
2020-07-25 01:02:02,263 [pool-63-thread-1] INFO  server.RaftServerConfigKeys (ConfUtils.java:logGet(44)) - raft.server.sleep.deviation.threshold = 300 (default)
2020-07-25 01:02:02,263 [pool-63-thread-1] INFO  server.RaftServerConfigKeys (ConfUtils.java:logGet(44)) - raft.server.log.appender.install.snapshot.enabled = false (custom)
2020-07-25 01:02:02,263 [pool-63-thread-1] INFO  impl.RaftServerImpl (ServerState.java:<init>(103)) - 7b4241cc-32b5-44c8-9f52-556ae19c7244@group-17A5D073C5E8: ConfigurationManager, init=-1: [7b4241cc-32b5-44c8-9f52-556ae19c7244:172.17.0.2:37711], old=null, confs=<EMPTY_MAP>
2020-07-25 01:02:02,263 [pool-63-thread-1] INFO  server.RaftServerConfigKeys (ConfUtils.java:logGet(44)) - raft.server.storage.dir = [/github/workspace/mnt/ozone/hadoop-ozone/integration-test/target/test-dir/MiniOzoneClusterImpl-28b08464-caf3-485d-9518-c2bd214d5e92/datanode-2/data/ratis] (custom)
2020-07-25 01:02:02,263 [pool-63-thread-1] INFO  server.RaftServerConfigKeys (ConfUtils.java:logGet(44)) - raft.server.log.corruption.policy = EXCEPTION (default)
2020-07-25 01:02:02,263 [pool-63-thread-1] INFO  storage.RaftStorageDirectory (RaftStorageDirectory.java:analyzeStorage(261)) - The storage directory /github/workspace/mnt/ozone/hadoop-ozone/integration-test/target/test-dir/MiniOzoneClusterImpl-28b08464-caf3-485d-9518-c2bd214d5e92/datanode-2/data/ratis/974c5eb7-1f9a-493b-ac68-17a5d073c5e8 does not exist. Creating ...
2020-07-25 01:02:02,264 [pool-63-thread-1] INFO  storage.RaftStorageDirectory (RaftStorageDirectory.java:tryLock(343)) - Lock on /github/workspace/mnt/ozone/hadoop-ozone/integration-test/target/test-dir/MiniOzoneClusterImpl-28b08464-caf3-485d-9518-c2bd214d5e92/datanode-2/data/ratis/974c5eb7-1f9a-493b-ac68-17a5d073c5e8/in_use.lock acquired by nodename 38005@5c9f90e4d07c
2020-07-25 01:02:02,265 [pool-63-thread-1] INFO  storage.RaftStorage (RaftStorage.java:format(84)) - Storage directory /github/workspace/mnt/ozone/hadoop-ozone/integration-test/target/test-dir/MiniOzoneClusterImpl-28b08464-caf3-485d-9518-c2bd214d5e92/datanode-2/data/ratis/974c5eb7-1f9a-493b-ac68-17a5d073c5e8 has been successfully formatted.
2020-07-25 01:02:02,266 [pool-63-thread-1] INFO  ratis.ContainerStateMachine (ContainerStateMachine.java:loadSnapshot(225)) - group-17A5D073C5E8: The snapshot info is null. Setting the last applied indexto:(t:0, i:~)
2020-07-25 01:02:02,266 [pool-63-thread-1] INFO  server.RaftServerConfigKeys (ConfUtils.java:logGet(44)) - raft.server.notification.no-leader.timeout = 1000000ms (custom)
2020-07-25 01:02:02,266 [pool-63-thread-1] INFO  server.RaftServerConfigKeys (ConfUtils.java:logGet(44)) - raft.server.log.use.memory = false (default)
2020-07-25 01:02:02,266 [pool-63-thread-1] INFO  server.RaftServerConfigKeys (ConfUtils.java:logGet(44)) - raft.server.log.purge.gap = 1000000 (custom)
2020-07-25 01:02:02,266 [pool-63-thread-1] INFO  metrics.RatisMetrics (RatisMetrics.java:lambda$create$0(36)) - Creating Metrics Registry : ratis.log_worker.7b4241cc-32b5-44c8-9f52-556ae19c7244@group-17A5D073C5E8
2020-07-25 01:02:02,266 [pool-63-thread-1] INFO  server.RaftServerConfigKeys (ConfUtils.java:logGet(44)) - raft.server.log.appender.buffer.byte-limit = 33554432 (custom)
2020-07-25 01:02:02,267 [pool-63-thread-1] INFO  server.RaftServerConfigKeys (ConfUtils.java:logGet(44)) - raft.server.log.segment.size.max = 1048576 (custom)
2020-07-25 01:02:02,267 [EventQueue-PipelineReportForPipelineReportHandler] INFO  pipeline.PipelineStateManager (PipelineStateManager.java:openPipeline(131)) - Pipeline Pipeline[ Id: 974c5eb7-1f9a-493b-ac68-17a5d073c5e8, Nodes: 7b4241cc-32b5-44c8-9f52-556ae19c7244{ip: 172.17.0.2, host: 5c9f90e4d07c, networkLocation: /default-rack, certSerialId: null}, Type:RATIS, Factor:ONE, State:ALLOCATED, leaderId:7b4241cc-32b5-44c8-9f52-556ae19c7244, CreationTimestamp2020-07-25T01:01:59.251Z] moved to OPEN state
2020-07-25 01:02:02,267 [pool-63-thread-1] INFO  server.RaftServerConfigKeys (ConfUtils.java:logGet(44)) - raft.server.log.segment.cache.num.max = 2 (custom)
2020-07-25 01:02:02,267 [EventQueue-OpenPipelineForOneReplicaPipelineSafeModeRule] INFO  safemode.SCMSafeModeManager (SCMSafeModeManager.java:validateSafeModeExitRules(214)) - AtleastOneDatanodeReportedRule rule is successfully validated
2020-07-25 01:02:02,267 [pool-63-thread-1] INFO  segmented.SegmentedRaftLogWorker (SegmentedRaftLogWorker.java:<init>(180)) - new 7b4241cc-32b5-44c8-9f52-556ae19c7244@group-17A5D073C5E8-SegmentedRaftLogWorker for RaftStorage:Storage Directory /github/workspace/mnt/ozone/hadoop-ozone/integration-test/target/test-dir/MiniOzoneClusterImpl-28b08464-caf3-485d-9518-c2bd214d5e92/datanode-2/data/ratis/974c5eb7-1f9a-493b-ac68-17a5d073c5e8
2020-07-25 01:02:02,267 [pool-63-thread-1] INFO  server.RaftServerConfigKeys (ConfUtils.java:logGet(44)) - raft.server.log.queue.byte-limit = 2147483647 (custom)
2020-07-25 01:02:02,268 [pool-63-thread-1] INFO  server.RaftServerConfigKeys (ConfUtils.java:logGet(44)) - raft.server.log.queue.element-limit = 1024 (custom)
2020-07-25 01:02:02,268 [pool-63-thread-1] INFO  server.RaftServerConfigKeys (ConfUtils.java:logGet(44)) - raft.server.log.segment.size.max = 1048576 (custom)
2020-07-25 01:02:02,268 [pool-63-thread-1] INFO  server.RaftServerConfigKeys (ConfUtils.java:logGet(44)) - raft.server.log.preallocated.size = 16384 (custom)
2020-07-25 01:02:02,268 [pool-63-thread-1] INFO  server.RaftServerConfigKeys (ConfUtils.java:logGet(44)) - raft.server.log.write.buffer.size = 1048576 (custom)
2020-07-25 01:02:02,268 [pool-63-thread-1] INFO  server.RaftServerConfigKeys (ConfUtils.java:logGet(44)) - raft.server.log.force.sync.num = 128 (default)
2020-07-25 01:02:02,268 [pool-63-thread-1] INFO  server.RaftServerConfigKeys (ConfUtils.java:logGet(44)) - raft.server.log.statemachine.data.sync = true (default)
2020-07-25 01:02:02,268 [pool-63-thread-1] INFO  server.RaftServerConfigKeys (ConfUtils.java:logGet(44)) - raft.server.log.statemachine.data.sync.timeout = 10s (default)
2020-07-25 01:02:02,268 [pool-63-thread-1] INFO  server.RaftServerConfigKeys (ConfUtils.java:logGet(44)) - raft.server.log.statemachine.data.sync.timeout.retry = -1 (default)
2020-07-25 01:02:02,267 [EventQueue-OpenPipelineForHealthyPipelineSafeModeRule] INFO  safemode.SCMSafeModeManager (HealthyPipelineSafeModeRule.java:process(129)) - SCM in safe mode. Healthy pipelines reported count is 0, required healthy pipeline reported count is 1
2020-07-25 01:02:02,270 [pool-63-thread-1] INFO  server.RaftServerConfigKeys (ConfUtils.java:logGet(44)) - raft.server.log.statemachine.data.caching.enabled = true (custom)
2020-07-25 01:02:02,271 [pool-63-thread-1] INFO  segmented.SegmentedRaftLogWorker (SegmentedRaftLogWorker.java:lambda$new$0(129)) - 7b4241cc-32b5-44c8-9f52-556ae19c7244@group-17A5D073C5E8-SegmentedRaftLogWorker: flushIndex: setUnconditionally 0 -> -1
2020-07-25 01:02:02,271 [pool-63-thread-1] INFO  segmented.SegmentedRaftLogWorker (SegmentedRaftLogWorker.java:lambda$new$0(129)) - 7b4241cc-32b5-44c8-9f52-556ae19c7244@group-17A5D073C5E8-SegmentedRaftLogWorker: safeCacheEvictIndex: setUnconditionally 0 -> -1
2020-07-25 01:02:02,275 [pool-63-thread-1] INFO  server.RaftServerConfigKeys (ConfUtils.java:logGet(44)) - raft.server.snapshot.auto.trigger.enabled = true (custom)
2020-07-25 01:02:02,275 [pool-63-thread-1] INFO  server.RaftServerConfigKeys (ConfUtils.java:logGet(44)) - raft.server.snapshot.auto.trigger.threshold = 10000 (custom)
2020-07-25 01:02:02,275 [pool-63-thread-1] INFO  server.RaftServerConfigKeys (ConfUtils.java:logGet(44)) - raft.server.snapshot.retention.file.num = 5 (custom)
2020-07-25 01:02:02,275 [pool-63-thread-1] INFO  server.RaftServerConfigKeys (ConfUtils.java:logGet(44)) - raft.server.log.purge.upto.snapshot.index = false (default)
2020-07-25 01:02:02,291 [pool-63-thread-1] INFO  server.RaftServerConfigKeys (ConfUtils.java:logGet(44)) - raft.server.retrycache.expirytime = 600000ms (custom)
2020-07-25 01:02:02,291 [pool-63-thread-1] INFO  metrics.RatisMetrics (RatisMetrics.java:lambda$create$0(36)) - Creating Metrics Registry : ratis.leader_election.7b4241cc-32b5-44c8-9f52-556ae19c7244@group-17A5D073C5E8
2020-07-25 01:02:02,291 [pool-63-thread-1] INFO  metrics.RatisMetrics (RatisMetrics.java:lambda$create$0(36)) - Creating Metrics Registry : ratis.server.7b4241cc-32b5-44c8-9f52-556ae19c7244@group-17A5D073C5E8
2020-07-25 01:02:02,292 [pool-63-thread-1] INFO  impl.RaftServerImpl (RaftServerImpl.java:start(196)) - 7b4241cc-32b5-44c8-9f52-556ae19c7244@group-17A5D073C5E8: start as a follower, conf=-1: [7b4241cc-32b5-44c8-9f52-556ae19c7244:172.17.0.2:37711], old=null
2020-07-25 01:02:02,292 [pool-63-thread-1] INFO  impl.RaftServerImpl (RaftServerImpl.java:setRole(185)) - 7b4241cc-32b5-44c8-9f52-556ae19c7244@group-17A5D073C5E8: changes role from      null to FOLLOWER at term 0 for startAsFollower
2020-07-25 01:02:02,292 [pool-63-thread-1] INFO  impl.RoleInfo (RoleInfo.java:updateAndGet(143)) - 7b4241cc-32b5-44c8-9f52-556ae19c7244: start FollowerState
2020-07-25 01:02:02,303 [pool-63-thread-1] INFO  util.JmxRegister (JmxRegister.java:tryRegister(44)) - Successfully registered JMX Bean with object name Ratis:service=RaftServer,group=group-17A5D073C5E8,id=7b4241cc-32b5-44c8-9f52-556ae19c7244
2020-07-25 01:02:02,303 [pool-63-thread-1] INFO  metrics.RatisMetrics (RatisMetrics.java:lambda$create$0(36)) - Creating Metrics Registry : ratis.state_machine.7b4241cc-32b5-44c8-9f52-556ae19c7244@group-17A5D073C5E8
2020-07-25 01:02:02,304 [Command processor thread] INFO  commandhandler.CreatePipelineCommandHandler (CreatePipelineCommandHandler.java:handle(110)) - Created Pipeline RATIS ONE #id: "974c5eb7-1f9a-493b-ac68-17a5d073c5e8"
uuid128 {
  mostSigBits: -7544551135150192325
  leastSigBits: -6023538500673747480
}
.
2020-07-25 01:02:02,304 [Command processor thread] INFO  impl.RaftServerProxy (RaftServerProxy.java:addNew(89)) - 7b4241cc-32b5-44c8-9f52-556ae19c7244: addNew group-57BF5D47C6ED:[2517e29b-b07d-40ad-9ebb-623fe5ac5d94:172.17.0.2:36481, 7b4241cc-32b5-44c8-9f52-556ae19c7244:172.17.0.2:37711, 8f716576-a848-46a4-ac48-6b569584c3fb:172.17.0.2:45039] returns group-57BF5D47C6ED:java.util.concurrent.CompletableFuture@374e4675[Not completed]
2020-07-25 01:02:02,319 [pool-63-thread-1] INFO  impl.RaftServerImpl (RaftServerImpl.java:<init>(107)) - 7b4241cc-32b5-44c8-9f52-556ae19c7244: new RaftServerImpl for group-57BF5D47C6ED:[2517e29b-b07d-40ad-9ebb-623fe5ac5d94:172.17.0.2:36481, 7b4241cc-32b5-44c8-9f52-556ae19c7244:172.17.0.2:37711, 8f716576-a848-46a4-ac48-6b569584c3fb:172.17.0.2:45039] with ContainerStateMachine:uninitialized
2020-07-25 01:02:02,319 [pool-63-thread-1] INFO  server.RaftServerConfigKeys (ConfUtils.java:logGet(44)) - raft.server.rpc.timeout.min = 5s (custom)
2020-07-25 01:02:02,319 [pool-63-thread-1] INFO  server.RaftServerConfigKeys (ConfUtils.java:logGet(44)) - raft.server.rpc.timeout.max = 5200ms (custom)
2020-07-25 01:02:02,319 [pool-63-thread-1] INFO  server.RaftServerConfigKeys (ConfUtils.java:logGet(44)) - raft.server.rpcslowness.timeout = 1000000ms (custom)
2020-07-25 01:02:02,319 [pool-63-thread-1] INFO  server.RaftServerConfigKeys (ConfUtils.java:logGet(44)) - raft.server.sleep.deviation.threshold = 300 (default)
2020-07-25 01:02:02,319 [pool-63-thread-1] INFO  server.RaftServerConfigKeys (ConfUtils.java:logGet(44)) - raft.server.log.appender.install.snapshot.enabled = false (custom)
2020-07-25 01:02:02,320 [pool-63-thread-1] INFO  impl.RaftServerImpl (ServerState.java:<init>(103)) - 7b4241cc-32b5-44c8-9f52-556ae19c7244@group-57BF5D47C6ED: ConfigurationManager, init=-1: [2517e29b-b07d-40ad-9ebb-623fe5ac5d94:172.17.0.2:36481, 7b4241cc-32b5-44c8-9f52-556ae19c7244:172.17.0.2:37711, 8f716576-a848-46a4-ac48-6b569584c3fb:172.17.0.2:45039], old=null, confs=<EMPTY_MAP>
2020-07-25 01:02:02,320 [pool-63-thread-1] INFO  server.RaftServerConfigKeys (ConfUtils.java:logGet(44)) - raft.server.storage.dir = [/github/workspace/mnt/ozone/hadoop-ozone/integration-test/target/test-dir/MiniOzoneClusterImpl-28b08464-caf3-485d-9518-c2bd214d5e92/datanode-2/data/ratis] (custom)
2020-07-25 01:02:02,320 [pool-63-thread-1] INFO  server.RaftServerConfigKeys (ConfUtils.java:logGet(44)) - raft.server.log.corruption.policy = EXCEPTION (default)
2020-07-25 01:02:02,320 [pool-63-thread-1] INFO  storage.RaftStorageDirectory (RaftStorageDirectory.java:analyzeStorage(261)) - The storage directory /github/workspace/mnt/ozone/hadoop-ozone/integration-test/target/test-dir/MiniOzoneClusterImpl-28b08464-caf3-485d-9518-c2bd214d5e92/datanode-2/data/ratis/94add4dd-c2e5-449d-a6a5-57bf5d47c6ed does not exist. Creating ...
2020-07-25 01:02:02,321 [pool-63-thread-1] INFO  storage.RaftStorageDirectory (RaftStorageDirectory.java:tryLock(343)) - Lock on /github/workspace/mnt/ozone/hadoop-ozone/integration-test/target/test-dir/MiniOzoneClusterImpl-28b08464-caf3-485d-9518-c2bd214d5e92/datanode-2/data/ratis/94add4dd-c2e5-449d-a6a5-57bf5d47c6ed/in_use.lock acquired by nodename 38005@5c9f90e4d07c
2020-07-25 01:02:02,323 [pool-63-thread-1] INFO  storage.RaftStorage (RaftStorage.java:format(84)) - Storage directory /github/workspace/mnt/ozone/hadoop-ozone/integration-test/target/test-dir/MiniOzoneClusterImpl-28b08464-caf3-485d-9518-c2bd214d5e92/datanode-2/data/ratis/94add4dd-c2e5-449d-a6a5-57bf5d47c6ed has been successfully formatted.
2020-07-25 01:02:02,323 [pool-63-thread-1] INFO  ratis.ContainerStateMachine (ContainerStateMachine.java:loadSnapshot(225)) - group-57BF5D47C6ED: The snapshot info is null. Setting the last applied indexto:(t:0, i:~)
2020-07-25 01:02:02,323 [pool-63-thread-1] INFO  server.RaftServerConfigKeys (ConfUtils.java:logGet(44)) - raft.server.notification.no-leader.timeout = 1000000ms (custom)
2020-07-25 01:02:02,324 [pool-63-thread-1] INFO  server.RaftServerConfigKeys (ConfUtils.java:logGet(44)) - raft.server.log.use.memory = false (default)
2020-07-25 01:02:02,324 [pool-63-thread-1] INFO  server.RaftServerConfigKeys (ConfUtils.java:logGet(44)) - raft.server.log.purge.gap = 1000000 (custom)
2020-07-25 01:02:02,324 [pool-63-thread-1] INFO  metrics.RatisMetrics (RatisMetrics.java:lambda$create$0(36)) - Creating Metrics Registry : ratis.log_worker.7b4241cc-32b5-44c8-9f52-556ae19c7244@group-57BF5D47C6ED
2020-07-25 01:02:02,324 [pool-63-thread-1] INFO  server.RaftServerConfigKeys (ConfUtils.java:logGet(44)) - raft.server.log.appender.buffer.byte-limit = 33554432 (custom)
2020-07-25 01:02:02,324 [pool-63-thread-1] INFO  server.RaftServerConfigKeys (ConfUtils.java:logGet(44)) - raft.server.log.segment.size.max = 1048576 (custom)
2020-07-25 01:02:02,324 [pool-63-thread-1] INFO  server.RaftServerConfigKeys (ConfUtils.java:logGet(44)) - raft.server.log.segment.cache.num.max = 2 (custom)
2020-07-25 01:02:02,325 [pool-63-thread-1] INFO  segmented.SegmentedRaftLogWorker (SegmentedRaftLogWorker.java:<init>(180)) - new 7b4241cc-32b5-44c8-9f52-556ae19c7244@group-57BF5D47C6ED-SegmentedRaftLogWorker for RaftStorage:Storage Directory /github/workspace/mnt/ozone/hadoop-ozone/integration-test/target/test-dir/MiniOzoneClusterImpl-28b08464-caf3-485d-9518-c2bd214d5e92/datanode-2/data/ratis/94add4dd-c2e5-449d-a6a5-57bf5d47c6ed
2020-07-25 01:02:02,325 [pool-63-thread-1] INFO  server.RaftServerConfigKeys (ConfUtils.java:logGet(44)) - raft.server.log.queue.byte-limit = 2147483647 (custom)
2020-07-25 01:02:02,325 [pool-63-thread-1] INFO  server.RaftServerConfigKeys (ConfUtils.java:logGet(44)) - raft.server.log.queue.element-limit = 1024 (custom)
2020-07-25 01:02:02,325 [pool-63-thread-1] INFO  server.RaftServerConfigKeys (ConfUtils.java:logGet(44)) - raft.server.log.segment.size.max = 1048576 (custom)
2020-07-25 01:02:02,325 [pool-63-thread-1] INFO  server.RaftServerConfigKeys (ConfUtils.java:logGet(44)) - raft.server.log.preallocated.size = 16384 (custom)
2020-07-25 01:02:02,325 [pool-63-thread-1] INFO  server.RaftServerConfigKeys (ConfUtils.java:logGet(44)) - raft.server.log.write.buffer.size = 1048576 (custom)
2020-07-25 01:02:02,325 [pool-63-thread-1] INFO  server.RaftServerConfigKeys (ConfUtils.java:logGet(44)) - raft.server.log.force.sync.num = 128 (default)
2020-07-25 01:02:02,325 [pool-63-thread-1] INFO  server.RaftServerConfigKeys (ConfUtils.java:logGet(44)) - raft.server.log.statemachine.data.sync = true (default)
2020-07-25 01:02:02,325 [pool-63-thread-1] INFO  server.RaftServerConfigKeys (ConfUtils.java:logGet(44)) - raft.server.log.statemachine.data.sync.timeout = 10s (default)
2020-07-25 01:02:02,325 [pool-63-thread-1] INFO  server.RaftServerConfigKeys (ConfUtils.java:logGet(44)) - raft.server.log.statemachine.data.sync.timeout.retry = -1 (default)
2020-07-25 01:02:02,327 [pool-63-thread-1] INFO  server.RaftServerConfigKeys (ConfUtils.java:logGet(44)) - raft.server.log.statemachine.data.caching.enabled = true (custom)
2020-07-25 01:02:02,327 [pool-63-thread-1] INFO  segmented.SegmentedRaftLogWorker (SegmentedRaftLogWorker.java:lambda$new$0(129)) - 7b4241cc-32b5-44c8-9f52-556ae19c7244@group-57BF5D47C6ED-SegmentedRaftLogWorker: flushIndex: setUnconditionally 0 -> -1
2020-07-25 01:02:02,327 [pool-63-thread-1] INFO  segmented.SegmentedRaftLogWorker (SegmentedRaftLogWorker.java:lambda$new$0(129)) - 7b4241cc-32b5-44c8-9f52-556ae19c7244@group-57BF5D47C6ED-SegmentedRaftLogWorker: safeCacheEvictIndex: setUnconditionally 0 -> -1
2020-07-25 01:02:02,327 [pool-63-thread-1] INFO  server.RaftServerConfigKeys (ConfUtils.java:logGet(44)) - raft.server.snapshot.auto.trigger.enabled = true (custom)
2020-07-25 01:02:02,327 [pool-63-thread-1] INFO  server.RaftServerConfigKeys (ConfUtils.java:logGet(44)) - raft.server.snapshot.auto.trigger.threshold = 10000 (custom)
2020-07-25 01:02:02,327 [pool-63-thread-1] INFO  server.RaftServerConfigKeys (ConfUtils.java:logGet(44)) - raft.server.snapshot.retention.file.num = 5 (custom)
2020-07-25 01:02:02,328 [pool-63-thread-1] INFO  server.RaftServerConfigKeys (ConfUtils.java:logGet(44)) - raft.server.log.purge.upto.snapshot.index = false (default)
2020-07-25 01:02:02,339 [pool-63-thread-1] INFO  server.RaftServerConfigKeys (ConfUtils.java:logGet(44)) - raft.server.retrycache.expirytime = 600000ms (custom)
2020-07-25 01:02:02,339 [pool-63-thread-1] INFO  metrics.RatisMetrics (RatisMetrics.java:lambda$create$0(36)) - Creating Metrics Registry : ratis.leader_election.7b4241cc-32b5-44c8-9f52-556ae19c7244@group-57BF5D47C6ED
2020-07-25 01:02:02,340 [pool-63-thread-1] INFO  metrics.RatisMetrics (RatisMetrics.java:lambda$create$0(36)) - Creating Metrics Registry : ratis.server.7b4241cc-32b5-44c8-9f52-556ae19c7244@group-57BF5D47C6ED
2020-07-25 01:02:02,363 [pool-63-thread-1] INFO  impl.RaftServerImpl (RaftServerImpl.java:start(196)) - 7b4241cc-32b5-44c8-9f52-556ae19c7244@group-57BF5D47C6ED: start as a follower, conf=-1: [2517e29b-b07d-40ad-9ebb-623fe5ac5d94:172.17.0.2:36481, 7b4241cc-32b5-44c8-9f52-556ae19c7244:172.17.0.2:37711, 8f716576-a848-46a4-ac48-6b569584c3fb:172.17.0.2:45039], old=null
2020-07-25 01:02:02,363 [pool-63-thread-1] INFO  impl.RaftServerImpl (RaftServerImpl.java:setRole(185)) - 7b4241cc-32b5-44c8-9f52-556ae19c7244@group-57BF5D47C6ED: changes role from      null to FOLLOWER at term 0 for startAsFollower
2020-07-25 01:02:02,363 [pool-63-thread-1] INFO  impl.RoleInfo (RoleInfo.java:updateAndGet(143)) - 7b4241cc-32b5-44c8-9f52-556ae19c7244: start FollowerState
2020-07-25 01:02:02,375 [pool-63-thread-1] INFO  util.JmxRegister (JmxRegister.java:tryRegister(44)) - Successfully registered JMX Bean with object name Ratis:service=RaftServer,group=group-57BF5D47C6ED,id=7b4241cc-32b5-44c8-9f52-556ae19c7244
2020-07-25 01:02:02,375 [pool-63-thread-1] INFO  metrics.RatisMetrics (RatisMetrics.java:lambda$create$0(36)) - Creating Metrics Registry : ratis.state_machine.7b4241cc-32b5-44c8-9f52-556ae19c7244@group-57BF5D47C6ED
2020-07-25 01:02:02,927 [Command processor thread] INFO  commandhandler.CreatePipelineCommandHandler (CreatePipelineCommandHandler.java:handle(110)) - Created Pipeline RATIS THREE #id: "94add4dd-c2e5-449d-a6a5-57bf5d47c6ed"
uuid128 {
  mostSigBits: -7733290936202607459
  leastSigBits: -6438643612840900883
}
.
2020-07-25 01:02:02,934 [Command processor thread] INFO  commandhandler.CreatePipelineCommandHandler (CreatePipelineCommandHandler.java:handle(110)) - Created Pipeline RATIS THREE #id: "94add4dd-c2e5-449d-a6a5-57bf5d47c6ed"
uuid128 {
  mostSigBits: -7733290936202607459
  leastSigBits: -6438643612840900883
}
.
2020-07-25 01:02:02,935 [Command processor thread] INFO  commandhandler.CreatePipelineCommandHandler (CreatePipelineCommandHandler.java:handle(110)) - Created Pipeline RATIS THREE #id: "94add4dd-c2e5-449d-a6a5-57bf5d47c6ed"
uuid128 {
  mostSigBits: -7733290936202607459
  leastSigBits: -6438643612840900883
}
.
2020-07-25 01:02:03,242 [Listener at 127.0.0.1/46235] INFO  ozone.MiniOzoneClusterImpl (MiniOzoneClusterImpl.java:lambda$waitForClusterToBeReady$0(177)) - Nodes are ready. Got 3 of 3 DN Heartbeats.
2020-07-25 01:02:03,242 [Listener at 127.0.0.1/46235] INFO  ozone.MiniOzoneClusterImpl (MiniOzoneClusterImpl.java:lambda$waitForClusterToBeReady$0(180)) - Waiting for cluster to exit safe mode
2020-07-25 01:02:04,242 [Listener at 127.0.0.1/46235] INFO  ozone.MiniOzoneClusterImpl (MiniOzoneClusterImpl.java:lambda$waitForClusterToBeReady$0(177)) - Nodes are ready. Got 3 of 3 DN Heartbeats.
2020-07-25 01:02:04,242 [Listener at 127.0.0.1/46235] INFO  ozone.MiniOzoneClusterImpl (MiniOzoneClusterImpl.java:lambda$waitForClusterToBeReady$0(180)) - Waiting for cluster to exit safe mode
2020-07-25 01:02:05,243 [Listener at 127.0.0.1/46235] INFO  ozone.MiniOzoneClusterImpl (MiniOzoneClusterImpl.java:lambda$waitForClusterToBeReady$0(177)) - Nodes are ready. Got 3 of 3 DN Heartbeats.
2020-07-25 01:02:05,243 [Listener at 127.0.0.1/46235] INFO  ozone.MiniOzoneClusterImpl (MiniOzoneClusterImpl.java:lambda$waitForClusterToBeReady$0(180)) - Waiting for cluster to exit safe mode
2020-07-25 01:02:06,243 [Listener at 127.0.0.1/46235] INFO  ozone.MiniOzoneClusterImpl (MiniOzoneClusterImpl.java:lambda$waitForClusterToBeReady$0(177)) - Nodes are ready. Got 3 of 3 DN Heartbeats.
2020-07-25 01:02:06,243 [Listener at 127.0.0.1/46235] INFO  ozone.MiniOzoneClusterImpl (MiniOzoneClusterImpl.java:lambda$waitForClusterToBeReady$0(180)) - Waiting for cluster to exit safe mode
2020-07-25 01:02:07,236 [Thread-192] INFO  impl.FollowerState (FollowerState.java:run(108)) - 2517e29b-b07d-40ad-9ebb-623fe5ac5d94@group-4CBA780E8705-FollowerState: change to CANDIDATE, lastRpcTime:5152ms, electionTimeout:5134ms
2020-07-25 01:02:07,238 [Thread-192] INFO  impl.RoleInfo (RoleInfo.java:shutdownFollowerState(121)) - 2517e29b-b07d-40ad-9ebb-623fe5ac5d94: shutdown FollowerState
2020-07-25 01:02:07,238 [Thread-192] INFO  impl.RaftServerImpl (RaftServerImpl.java:setRole(185)) - 2517e29b-b07d-40ad-9ebb-623fe5ac5d94@group-4CBA780E8705: changes role from  FOLLOWER to CANDIDATE at term 0 for changeToCandidate
2020-07-25 01:02:07,240 [Thread-192] INFO  impl.RoleInfo (RoleInfo.java:updateAndGet(143)) - 2517e29b-b07d-40ad-9ebb-623fe5ac5d94: start LeaderElection
2020-07-25 01:02:07,244 [Listener at 127.0.0.1/46235] INFO  ozone.MiniOzoneClusterImpl (MiniOzoneClusterImpl.java:lambda$waitForClusterToBeReady$0(177)) - Nodes are ready. Got 3 of 3 DN Heartbeats.
2020-07-25 01:02:07,244 [Listener at 127.0.0.1/46235] INFO  ozone.MiniOzoneClusterImpl (MiniOzoneClusterImpl.java:lambda$waitForClusterToBeReady$0(180)) - Waiting for cluster to exit safe mode
2020-07-25 01:02:07,244 [2517e29b-b07d-40ad-9ebb-623fe5ac5d94@group-4CBA780E8705-LeaderElection1] INFO  impl.LeaderElection (LeaderElection.java:askForVotes(209)) - 2517e29b-b07d-40ad-9ebb-623fe5ac5d94@group-4CBA780E8705-LeaderElection1: begin an election at term 1 for -1: [2517e29b-b07d-40ad-9ebb-623fe5ac5d94:172.17.0.2:36481], old=null
2020-07-25 01:02:07,245 [2517e29b-b07d-40ad-9ebb-623fe5ac5d94@group-4CBA780E8705-LeaderElection1] INFO  impl.RoleInfo (RoleInfo.java:shutdownLeaderElection(134)) - 2517e29b-b07d-40ad-9ebb-623fe5ac5d94: shutdown LeaderElection
2020-07-25 01:02:07,245 [2517e29b-b07d-40ad-9ebb-623fe5ac5d94@group-4CBA780E8705-LeaderElection1] INFO  impl.RaftServerImpl (RaftServerImpl.java:setRole(185)) - 2517e29b-b07d-40ad-9ebb-623fe5ac5d94@group-4CBA780E8705: changes role from CANDIDATE to LEADER at term 1 for changeToLeader
2020-07-25 01:02:07,245 [2517e29b-b07d-40ad-9ebb-623fe5ac5d94@group-4CBA780E8705-LeaderElection1] INFO  ratis.XceiverServerRatis (XceiverServerRatis.java:handleLeaderChangedNotification(822)) - Leader change notification received for group: group-4CBA780E8705 with new leaderId: 2517e29b-b07d-40ad-9ebb-623fe5ac5d94
2020-07-25 01:02:07,246 [2517e29b-b07d-40ad-9ebb-623fe5ac5d94@group-4CBA780E8705-LeaderElection1] INFO  impl.RaftServerImpl (ServerState.java:setLeader(255)) - 2517e29b-b07d-40ad-9ebb-623fe5ac5d94@group-4CBA780E8705: change Leader from null to 2517e29b-b07d-40ad-9ebb-623fe5ac5d94 at term 1 for becomeLeader, leader elected after 5270ms
2020-07-25 01:02:07,250 [2517e29b-b07d-40ad-9ebb-623fe5ac5d94@group-4CBA780E8705-LeaderElection1] INFO  server.RaftServerConfigKeys (ConfUtils.java:logGet(44)) - raft.server.staging.catchup.gap = 1000 (default)
2020-07-25 01:02:07,250 [2517e29b-b07d-40ad-9ebb-623fe5ac5d94@group-4CBA780E8705-LeaderElection1] INFO  server.RaftServerConfigKeys (ConfUtils.java:logGet(44)) - raft.server.rpc.sleep.time = 25ms (default)
2020-07-25 01:02:07,252 [2517e29b-b07d-40ad-9ebb-623fe5ac5d94@group-4CBA780E8705-LeaderElection1] INFO  metrics.RatisMetrics (RatisMetrics.java:lambda$create$0(36)) - Creating Metrics Registry : ratis.log_appender.2517e29b-b07d-40ad-9ebb-623fe5ac5d94@group-4CBA780E8705
2020-07-25 01:02:07,253 [2517e29b-b07d-40ad-9ebb-623fe5ac5d94@group-4CBA780E8705-LeaderElection1] INFO  server.RaftServerConfigKeys (ConfUtils.java:logGet(44)) - raft.server.write.element-limit = 1024 (custom)
2020-07-25 01:02:07,254 [2517e29b-b07d-40ad-9ebb-623fe5ac5d94@group-4CBA780E8705-LeaderElection1] INFO  server.RaftServerConfigKeys (ConfUtils.java:logGet(44)) - raft.server.write.byte-limit = 1073741824 (custom)
2020-07-25 01:02:07,262 [Thread-199] INFO  impl.FollowerState (FollowerState.java:run(108)) - 8f716576-a848-46a4-ac48-6b569584c3fb@group-57BF5D47C6ED-FollowerState: change to CANDIDATE, lastRpcTime:5053ms, electionTimeout:5040ms
2020-07-25 01:02:07,263 [Thread-199] INFO  impl.RoleInfo (RoleInfo.java:shutdownFollowerState(121)) - 8f716576-a848-46a4-ac48-6b569584c3fb: shutdown FollowerState
2020-07-25 01:02:07,263 [Thread-199] INFO  impl.RaftServerImpl (RaftServerImpl.java:setRole(185)) - 8f716576-a848-46a4-ac48-6b569584c3fb@group-57BF5D47C6ED: changes role from  FOLLOWER to CANDIDATE at term 0 for changeToCandidate
2020-07-25 01:02:07,263 [Thread-199] INFO  impl.RoleInfo (RoleInfo.java:updateAndGet(143)) - 8f716576-a848-46a4-ac48-6b569584c3fb: start LeaderElection
2020-07-25 01:02:07,275 [2517e29b-b07d-40ad-9ebb-623fe5ac5d94@group-4CBA780E8705-LeaderElection1] INFO  server.RaftServerConfigKeys (ConfUtils.java:logGet(44)) - raft.server.watch.timeout = 3000ms (custom)
2020-07-25 01:02:07,275 [Thread-197] INFO  impl.FollowerState (FollowerState.java:run(108)) - 2517e29b-b07d-40ad-9ebb-623fe5ac5d94@group-57BF5D47C6ED-FollowerState: change to CANDIDATE, lastRpcTime:5110ms, electionTimeout:5098ms
2020-07-25 01:02:07,275 [2517e29b-b07d-40ad-9ebb-623fe5ac5d94@group-4CBA780E8705-LeaderElection1] INFO  server.RaftServerConfigKeys (ConfUtils.java:logGet(44)) - raft.server.watch.timeout.denomination = 1s (default)
2020-07-25 01:02:07,275 [Thread-197] INFO  impl.RoleInfo (RoleInfo.java:shutdownFollowerState(121)) - 2517e29b-b07d-40ad-9ebb-623fe5ac5d94: shutdown FollowerState
2020-07-25 01:02:07,275 [Thread-197] INFO  impl.RaftServerImpl (RaftServerImpl.java:setRole(185)) - 2517e29b-b07d-40ad-9ebb-623fe5ac5d94@group-57BF5D47C6ED: changes role from  FOLLOWER to CANDIDATE at term 0 for changeToCandidate
2020-07-25 01:02:07,275 [Thread-197] INFO  impl.RoleInfo (RoleInfo.java:updateAndGet(143)) - 2517e29b-b07d-40ad-9ebb-623fe5ac5d94: start LeaderElection
2020-07-25 01:02:07,276 [2517e29b-b07d-40ad-9ebb-623fe5ac5d94@group-4CBA780E8705-LeaderElection1] INFO  server.RaftServerConfigKeys (ConfUtils.java:logGet(44)) - raft.server.watch.element-limit = 65536 (default)
2020-07-25 01:02:07,287 [2517e29b-b07d-40ad-9ebb-623fe5ac5d94@group-57BF5D47C6ED-LeaderElection3] INFO  impl.LeaderElection (LeaderElection.java:askForVotes(209)) - 2517e29b-b07d-40ad-9ebb-623fe5ac5d94@group-57BF5D47C6ED-LeaderElection3: begin an election at term 1 for -1: [2517e29b-b07d-40ad-9ebb-623fe5ac5d94:172.17.0.2:36481, 7b4241cc-32b5-44c8-9f52-556ae19c7244:172.17.0.2:37711, 8f716576-a848-46a4-ac48-6b569584c3fb:172.17.0.2:45039], old=null
2020-07-25 01:02:07,286 [8f716576-a848-46a4-ac48-6b569584c3fb@group-57BF5D47C6ED-LeaderElection2] INFO  impl.LeaderElection (LeaderElection.java:askForVotes(209)) - 8f716576-a848-46a4-ac48-6b569584c3fb@group-57BF5D47C6ED-LeaderElection2: begin an election at term 1 for -1: [2517e29b-b07d-40ad-9ebb-623fe5ac5d94:172.17.0.2:36481, 7b4241cc-32b5-44c8-9f52-556ae19c7244:172.17.0.2:37711, 8f716576-a848-46a4-ac48-6b569584c3fb:172.17.0.2:45039], old=null
2020-07-25 01:02:07,293 [2517e29b-b07d-40ad-9ebb-623fe5ac5d94@group-4CBA780E8705-LeaderElection1] INFO  impl.RoleInfo (RoleInfo.java:updateAndGet(143)) - 2517e29b-b07d-40ad-9ebb-623fe5ac5d94: start LeaderState
2020-07-25 01:02:07,318 [Thread-195] INFO  impl.FollowerState (FollowerState.java:run(108)) - 8f716576-a848-46a4-ac48-6b569584c3fb@group-A3033188E01B-FollowerState: change to CANDIDATE, lastRpcTime:5166ms, electionTimeout:5154ms
2020-07-25 01:02:07,318 [Thread-195] INFO  impl.RoleInfo (RoleInfo.java:shutdownFollowerState(121)) - 8f716576-a848-46a4-ac48-6b569584c3fb: shutdown FollowerState
2020-07-25 01:02:07,318 [Thread-195] INFO  impl.RaftServerImpl (RaftServerImpl.java:setRole(185)) - 8f716576-a848-46a4-ac48-6b569584c3fb@group-A3033188E01B: changes role from  FOLLOWER to CANDIDATE at term 0 for changeToCandidate
2020-07-25 01:02:07,318 [Thread-195] INFO  impl.RoleInfo (RoleInfo.java:updateAndGet(143)) - 8f716576-a848-46a4-ac48-6b569584c3fb: start LeaderElection
2020-07-25 01:02:07,329 [8f716576-a848-46a4-ac48-6b569584c3fb@group-A3033188E01B-LeaderElection4] INFO  impl.LeaderElection (LeaderElection.java:askForVotes(209)) - 8f716576-a848-46a4-ac48-6b569584c3fb@group-A3033188E01B-LeaderElection4: begin an election at term 1 for -1: [8f716576-a848-46a4-ac48-6b569584c3fb:172.17.0.2:45039], old=null
2020-07-25 01:02:07,329 [8f716576-a848-46a4-ac48-6b569584c3fb@group-A3033188E01B-LeaderElection4] INFO  impl.RoleInfo (RoleInfo.java:shutdownLeaderElection(134)) - 8f716576-a848-46a4-ac48-6b569584c3fb: shutdown LeaderElection
2020-07-25 01:02:07,330 [8f716576-a848-46a4-ac48-6b569584c3fb@group-A3033188E01B-LeaderElection4] INFO  impl.RaftServerImpl (RaftServerImpl.java:setRole(185)) - 8f716576-a848-46a4-ac48-6b569584c3fb@group-A3033188E01B: changes role from CANDIDATE to LEADER at term 1 for changeToLeader
2020-07-25 01:02:07,330 [8f716576-a848-46a4-ac48-6b569584c3fb@group-A3033188E01B-LeaderElection4] INFO  ratis.XceiverServerRatis (XceiverServerRatis.java:handleLeaderChangedNotification(822)) - Leader change notification received for group: group-A3033188E01B with new leaderId: 8f716576-a848-46a4-ac48-6b569584c3fb
2020-07-25 01:02:07,330 [8f716576-a848-46a4-ac48-6b569584c3fb@group-A3033188E01B-LeaderElection4] INFO  impl.RaftServerImpl (ServerState.java:setLeader(255)) - 8f716576-a848-46a4-ac48-6b569584c3fb@group-A3033188E01B: change Leader from null to 8f716576-a848-46a4-ac48-6b569584c3fb at term 1 for becomeLeader, leader elected after 5207ms
2020-07-25 01:02:07,330 [8f716576-a848-46a4-ac48-6b569584c3fb@group-A3033188E01B-LeaderElection4] INFO  server.RaftServerConfigKeys (ConfUtils.java:logGet(44)) - raft.server.staging.catchup.gap = 1000 (default)
2020-07-25 01:02:07,330 [8f716576-a848-46a4-ac48-6b569584c3fb@group-A3033188E01B-LeaderElection4] INFO  server.RaftServerConfigKeys (ConfUtils.java:logGet(44)) - raft.server.rpc.sleep.time = 25ms (default)
2020-07-25 01:02:07,331 [8f716576-a848-46a4-ac48-6b569584c3fb@group-A3033188E01B-LeaderElection4] INFO  metrics.RatisMetrics (RatisMetrics.java:lambda$create$0(36)) - Creating Metrics Registry : ratis.log_appender.8f716576-a848-46a4-ac48-6b569584c3fb@group-A3033188E01B
2020-07-25 01:02:07,331 [8f716576-a848-46a4-ac48-6b569584c3fb@group-A3033188E01B-LeaderElection4] INFO  server.RaftServerConfigKeys (ConfUtils.java:logGet(44)) - raft.server.write.element-limit = 1024 (custom)
2020-07-25 01:02:07,331 [8f716576-a848-46a4-ac48-6b569584c3fb@group-A3033188E01B-LeaderElection4] INFO  server.RaftServerConfigKeys (ConfUtils.java:logGet(44)) - raft.server.write.byte-limit = 1073741824 (custom)
2020-07-25 01:02:07,332 [8f716576-a848-46a4-ac48-6b569584c3fb@group-A3033188E01B-LeaderElection4] INFO  server.RaftServerConfigKeys (ConfUtils.java:logGet(44)) - raft.server.watch.timeout = 3000ms (custom)
2020-07-25 01:02:07,332 [8f716576-a848-46a4-ac48-6b569584c3fb@group-A3033188E01B-LeaderElection4] INFO  server.RaftServerConfigKeys (ConfUtils.java:logGet(44)) - raft.server.watch.timeout.denomination = 1s (default)
2020-07-25 01:02:07,332 [8f716576-a848-46a4-ac48-6b569584c3fb@group-A3033188E01B-LeaderElection4] INFO  server.RaftServerConfigKeys (ConfUtils.java:logGet(44)) - raft.server.watch.element-limit = 65536 (default)
2020-07-25 01:02:07,332 [8f716576-a848-46a4-ac48-6b569584c3fb@group-A3033188E01B-LeaderElection4] INFO  impl.RoleInfo (RoleInfo.java:updateAndGet(143)) - 8f716576-a848-46a4-ac48-6b569584c3fb: start LeaderState
2020-07-25 01:02:07,333 [2517e29b-b07d-40ad-9ebb-623fe5ac5d94@group-4CBA780E8705-LeaderElection1] INFO  segmented.SegmentedRaftLogWorker (SegmentedRaftLogWorker.java:startLogSegment(397)) - 2517e29b-b07d-40ad-9ebb-623fe5ac5d94@group-4CBA780E8705-SegmentedRaftLogWorker: Starting segment from index:0
2020-07-25 01:02:07,333 [Thread-202] INFO  impl.FollowerState (FollowerState.java:run(108)) - 7b4241cc-32b5-44c8-9f52-556ae19c7244@group-17A5D073C5E8-FollowerState: change to CANDIDATE, lastRpcTime:5041ms, electionTimeout:5030ms
2020-07-25 01:02:07,334 [Thread-202] INFO  impl.RoleInfo (RoleInfo.java:shutdownFollowerState(121)) - 7b4241cc-32b5-44c8-9f52-556ae19c7244: shutdown FollowerState
2020-07-25 01:02:07,334 [Thread-202] INFO  impl.RaftServerImpl (RaftServerImpl.java:setRole(185)) - 7b4241cc-32b5-44c8-9f52-556ae19c7244@group-17A5D073C5E8: changes role from  FOLLOWER to CANDIDATE at term 0 for changeToCandidate
2020-07-25 01:02:07,334 [Thread-202] INFO  impl.RoleInfo (RoleInfo.java:updateAndGet(143)) - 7b4241cc-32b5-44c8-9f52-556ae19c7244: start LeaderElection
2020-07-25 01:02:07,333 [8f716576-a848-46a4-ac48-6b569584c3fb@group-A3033188E01B-LeaderElection4] INFO  segmented.SegmentedRaftLogWorker (SegmentedRaftLogWorker.java:startLogSegment(397)) - 8f716576-a848-46a4-ac48-6b569584c3fb@group-A3033188E01B-SegmentedRaftLogWorker: Starting segment from index:0
2020-07-25 01:02:07,355 [7b4241cc-32b5-44c8-9f52-556ae19c7244@group-17A5D073C5E8-LeaderElection5] INFO  impl.LeaderElection (LeaderElection.java:askForVotes(209)) - 7b4241cc-32b5-44c8-9f52-556ae19c7244@group-17A5D073C5E8-LeaderElection5: begin an election at term 1 for -1: [7b4241cc-32b5-44c8-9f52-556ae19c7244:172.17.0.2:37711], old=null
2020-07-25 01:02:07,355 [7b4241cc-32b5-44c8-9f52-556ae19c7244@group-17A5D073C5E8-LeaderElection5] INFO  impl.RoleInfo (RoleInfo.java:shutdownLeaderElection(134)) - 7b4241cc-32b5-44c8-9f52-556ae19c7244: shutdown LeaderElection
2020-07-25 01:02:07,357 [7b4241cc-32b5-44c8-9f52-556ae19c7244@group-17A5D073C5E8-LeaderElection5] INFO  impl.RaftServerImpl (RaftServerImpl.java:setRole(185)) - 7b4241cc-32b5-44c8-9f52-556ae19c7244@group-17A5D073C5E8: changes role from CANDIDATE to LEADER at term 1 for changeToLeader
2020-07-25 01:02:07,357 [7b4241cc-32b5-44c8-9f52-556ae19c7244@group-17A5D073C5E8-LeaderElection5] INFO  ratis.XceiverServerRatis (XceiverServerRatis.java:handleLeaderChangedNotification(822)) - Leader change notification received for group: group-17A5D073C5E8 with new leaderId: 7b4241cc-32b5-44c8-9f52-556ae19c7244
2020-07-25 01:02:07,363 [7b4241cc-32b5-44c8-9f52-556ae19c7244@group-17A5D073C5E8-LeaderElection5] INFO  impl.RaftServerImpl (ServerState.java:setLeader(255)) - 7b4241cc-32b5-44c8-9f52-556ae19c7244@group-17A5D073C5E8: change Leader from null to 7b4241cc-32b5-44c8-9f52-556ae19c7244 at term 1 for becomeLeader, leader elected after 5091ms
2020-07-25 01:02:07,363 [7b4241cc-32b5-44c8-9f52-556ae19c7244@group-17A5D073C5E8-LeaderElection5] INFO  server.RaftServerConfigKeys (ConfUtils.java:logGet(44)) - raft.server.staging.catchup.gap = 1000 (default)
2020-07-25 01:02:07,363 [7b4241cc-32b5-44c8-9f52-556ae19c7244@group-17A5D073C5E8-LeaderElection5] INFO  server.RaftServerConfigKeys (ConfUtils.java:logGet(44)) - raft.server.rpc.sleep.time = 25ms (default)
2020-07-25 01:02:07,363 [7b4241cc-32b5-44c8-9f52-556ae19c7244@group-17A5D073C5E8-LeaderElection5] INFO  metrics.RatisMetrics (RatisMetrics.java:lambda$create$0(36)) - Creating Metrics Registry : ratis.log_appender.7b4241cc-32b5-44c8-9f52-556ae19c7244@group-17A5D073C5E8
2020-07-25 01:02:07,363 [7b4241cc-32b5-44c8-9f52-556ae19c7244@group-17A5D073C5E8-LeaderElection5] INFO  server.RaftServerConfigKeys (ConfUtils.java:logGet(44)) - raft.server.write.element-limit = 1024 (custom)
2020-07-25 01:02:07,363 [7b4241cc-32b5-44c8-9f52-556ae19c7244@group-17A5D073C5E8-LeaderElection5] INFO  server.RaftServerConfigKeys (ConfUtils.java:logGet(44)) - raft.server.write.byte-limit = 1073741824 (custom)
2020-07-25 01:02:07,363 [7b4241cc-32b5-44c8-9f52-556ae19c7244@group-17A5D073C5E8-LeaderElection5] INFO  server.RaftServerConfigKeys (ConfUtils.java:logGet(44)) - raft.server.watch.timeout = 3000ms (custom)
2020-07-25 01:02:07,363 [7b4241cc-32b5-44c8-9f52-556ae19c7244@group-17A5D073C5E8-LeaderElection5] INFO  server.RaftServerConfigKeys (ConfUtils.java:logGet(44)) - raft.server.watch.timeout.denomination = 1s (default)
2020-07-25 01:02:07,364 [8f716576-a848-46a4-ac48-6b569584c3fb@group-A3033188E01B-LeaderElection4] INFO  impl.RaftServerImpl (ServerState.java:setRaftConf(356)) - 8f716576-a848-46a4-ac48-6b569584c3fb@group-A3033188E01B: set configuration 0: [8f716576-a848-46a4-ac48-6b569584c3fb:172.17.0.2:45039], old=null at 0
2020-07-25 01:02:07,364 [7b4241cc-32b5-44c8-9f52-556ae19c7244@group-17A5D073C5E8-LeaderElection5] INFO  server.RaftServerConfigKeys (ConfUtils.java:logGet(44)) - raft.server.watch.element-limit = 65536 (default)
2020-07-25 01:02:07,365 [7b4241cc-32b5-44c8-9f52-556ae19c7244@group-17A5D073C5E8-LeaderElection5] INFO  impl.RoleInfo (RoleInfo.java:updateAndGet(143)) - 7b4241cc-32b5-44c8-9f52-556ae19c7244: start LeaderState
2020-07-25 01:02:07,365 [7b4241cc-32b5-44c8-9f52-556ae19c7244@group-17A5D073C5E8-LeaderElection5] INFO  segmented.SegmentedRaftLogWorker (SegmentedRaftLogWorker.java:startLogSegment(397)) - 7b4241cc-32b5-44c8-9f52-556ae19c7244@group-17A5D073C5E8-SegmentedRaftLogWorker: Starting segment from index:0
2020-07-25 01:02:07,375 [2517e29b-b07d-40ad-9ebb-623fe5ac5d94@group-4CBA780E8705-LeaderElection1] INFO  impl.RaftServerImpl (ServerState.java:setRaftConf(356)) - 2517e29b-b07d-40ad-9ebb-623fe5ac5d94@group-4CBA780E8705: set configuration 0: [2517e29b-b07d-40ad-9ebb-623fe5ac5d94:172.17.0.2:36481], old=null at 0
2020-07-25 01:02:07,388 [7b4241cc-32b5-44c8-9f52-556ae19c7244@group-17A5D073C5E8-LeaderElection5] INFO  impl.RaftServerImpl (ServerState.java:setRaftConf(356)) - 7b4241cc-32b5-44c8-9f52-556ae19c7244@group-17A5D073C5E8: set configuration 0: [7b4241cc-32b5-44c8-9f52-556ae19c7244:172.17.0.2:37711], old=null at 0
2020-07-25 01:02:07,402 [grpc-default-executor-0] INFO  impl.RaftServerImpl (RaftServerImpl.java:setRole(185)) - 7b4241cc-32b5-44c8-9f52-556ae19c7244@group-57BF5D47C6ED: changes role from  FOLLOWER to FOLLOWER at term 1 for recognizeCandidate:2517e29b-b07d-40ad-9ebb-623fe5ac5d94
2020-07-25 01:02:07,402 [grpc-default-executor-0] INFO  impl.RoleInfo (RoleInfo.java:shutdownFollowerState(121)) - 7b4241cc-32b5-44c8-9f52-556ae19c7244: shutdown FollowerState
2020-07-25 01:02:07,402 [grpc-default-executor-0] INFO  impl.RoleInfo (RoleInfo.java:updateAndGet(143)) - 7b4241cc-32b5-44c8-9f52-556ae19c7244: start FollowerState
2020-07-25 01:02:07,402 [Thread-204] INFO  impl.FollowerState (FollowerState.java:run(117)) - 7b4241cc-32b5-44c8-9f52-556ae19c7244@group-57BF5D47C6ED-FollowerState was interrupted: java.lang.InterruptedException: sleep interrupted
2020-07-25 01:02:07,417 [2517e29b-b07d-40ad-9ebb-623fe5ac5d94@group-57BF5D47C6ED-LeaderElection3] INFO  impl.LeaderElection (LeaderElection.java:logAndReturn(61)) - 2517e29b-b07d-40ad-9ebb-623fe5ac5d94@group-57BF5D47C6ED-LeaderElection3: Election PASSED; received 2 response(s) [2517e29b-b07d-40ad-9ebb-623fe5ac5d94<-7b4241cc-32b5-44c8-9f52-556ae19c7244#0:OK-t1, 2517e29b-b07d-40ad-9ebb-623fe5ac5d94<-8f716576-a848-46a4-ac48-6b569584c3fb#0:FAIL-t1] and 0 exception(s); 2517e29b-b07d-40ad-9ebb-623fe5ac5d94@group-57BF5D47C6ED:t1, leader=null, voted=2517e29b-b07d-40ad-9ebb-623fe5ac5d94, raftlog=2517e29b-b07d-40ad-9ebb-623fe5ac5d94@group-57BF5D47C6ED-SegmentedRaftLog:OPENED:c-1,f-1,i0, conf=-1: [2517e29b-b07d-40ad-9ebb-623fe5ac5d94:172.17.0.2:36481, 7b4241cc-32b5-44c8-9f52-556ae19c7244:172.17.0.2:37711, 8f716576-a848-46a4-ac48-6b569584c3fb:172.17.0.2:45039], old=null
2020-07-25 01:02:07,417 [2517e29b-b07d-40ad-9ebb-623fe5ac5d94@group-57BF5D47C6ED-LeaderElection3] INFO  impl.RoleInfo (RoleInfo.java:shutdownLeaderElection(134)) - 2517e29b-b07d-40ad-9ebb-623fe5ac5d94: shutdown LeaderElection
2020-07-25 01:02:07,418 [2517e29b-b07d-40ad-9ebb-623fe5ac5d94@group-57BF5D47C6ED-LeaderElection3] INFO  impl.RaftServerImpl (RaftServerImpl.java:setRole(185)) - 2517e29b-b07d-40ad-9ebb-623fe5ac5d94@group-57BF5D47C6ED: changes role from CANDIDATE to LEADER at term 1 for changeToLeader
2020-07-25 01:02:07,418 [2517e29b-b07d-40ad-9ebb-623fe5ac5d94@group-57BF5D47C6ED-LeaderElection3] INFO  ratis.XceiverServerRatis (XceiverServerRatis.java:handleLeaderChangedNotification(822)) - Leader change notification received for group: group-57BF5D47C6ED with new leaderId: 2517e29b-b07d-40ad-9ebb-623fe5ac5d94
2020-07-25 01:02:07,418 [2517e29b-b07d-40ad-9ebb-623fe5ac5d94@group-57BF5D47C6ED-LeaderElection3] INFO  impl.RaftServerImpl (ServerState.java:setLeader(255)) - 2517e29b-b07d-40ad-9ebb-623fe5ac5d94@group-57BF5D47C6ED: change Leader from null to 2517e29b-b07d-40ad-9ebb-623fe5ac5d94 at term 1 for becomeLeader, leader elected after 5274ms
2020-07-25 01:02:07,418 [2517e29b-b07d-40ad-9ebb-623fe5ac5d94@group-57BF5D47C6ED-LeaderElection3] INFO  server.RaftServerConfigKeys (ConfUtils.java:logGet(44)) - raft.server.staging.catchup.gap = 1000 (default)
2020-07-25 01:02:07,418 [2517e29b-b07d-40ad-9ebb-623fe5ac5d94@group-57BF5D47C6ED-LeaderElection3] INFO  server.RaftServerConfigKeys (ConfUtils.java:logGet(44)) - raft.server.rpc.sleep.time = 25ms (default)
2020-07-25 01:02:07,418 [2517e29b-b07d-40ad-9ebb-623fe5ac5d94@group-57BF5D47C6ED-LeaderElection3] INFO  metrics.RatisMetrics (RatisMetrics.java:lambda$create$0(36)) - Creating Metrics Registry : ratis.log_appender.2517e29b-b07d-40ad-9ebb-623fe5ac5d94@group-57BF5D47C6ED
2020-07-25 01:02:07,418 [2517e29b-b07d-40ad-9ebb-623fe5ac5d94@group-57BF5D47C6ED-LeaderElection3] INFO  server.RaftServerConfigKeys (ConfUtils.java:logGet(44)) - raft.server.write.element-limit = 1024 (custom)
2020-07-25 01:02:07,418 [2517e29b-b07d-40ad-9ebb-623fe5ac5d94@group-57BF5D47C6ED-LeaderElection3] INFO  server.RaftServerConfigKeys (ConfUtils.java:logGet(44)) - raft.server.write.byte-limit = 1073741824 (custom)
2020-07-25 01:02:07,419 [2517e29b-b07d-40ad-9ebb-623fe5ac5d94@group-57BF5D47C6ED-LeaderElection3] INFO  server.RaftServerConfigKeys (ConfUtils.java:logGet(44)) - raft.server.watch.timeout = 3000ms (custom)
2020-07-25 01:02:07,419 [2517e29b-b07d-40ad-9ebb-623fe5ac5d94@group-57BF5D47C6ED-LeaderElection3] INFO  server.RaftServerConfigKeys (ConfUtils.java:logGet(44)) - raft.server.watch.timeout.denomination = 1s (default)
2020-07-25 01:02:07,419 [2517e29b-b07d-40ad-9ebb-623fe5ac5d94@group-57BF5D47C6ED-LeaderElection3] INFO  server.RaftServerConfigKeys (ConfUtils.java:logGet(44)) - raft.server.watch.element-limit = 65536 (default)
2020-07-25 01:02:07,420 [EventQueue-PipelineReportForPipelineReportHandler] INFO  pipeline.PipelineStateManager (PipelineStateManager.java:openPipeline(131)) - Pipeline Pipeline[ Id: 94add4dd-c2e5-449d-a6a5-57bf5d47c6ed, Nodes: 2517e29b-b07d-40ad-9ebb-623fe5ac5d94{ip: 172.17.0.2, host: 5c9f90e4d07c, networkLocation: /default-rack, certSerialId: null}7b4241cc-32b5-44c8-9f52-556ae19c7244{ip: 172.17.0.2, host: 5c9f90e4d07c, networkLocation: /default-rack, certSerialId: null}8f716576-a848-46a4-ac48-6b569584c3fb{ip: 172.17.0.2, host: 5c9f90e4d07c, networkLocation: /default-rack, certSerialId: null}, Type:RATIS, Factor:THREE, State:ALLOCATED, leaderId:2517e29b-b07d-40ad-9ebb-623fe5ac5d94, CreationTimestamp2020-07-25T01:01:59.257Z] moved to OPEN state
2020-07-25 01:02:07,423 [EventQueue-OpenPipelineForOneReplicaPipelineSafeModeRule] INFO  safemode.SCMSafeModeManager (SCMSafeModeManager.java:validateSafeModeExitRules(214)) - AtleastOneDatanodeReportedRule rule is successfully validated
2020-07-25 01:02:07,423 [EventQueue-OpenPipelineForHealthyPipelineSafeModeRule] INFO  safemode.SCMSafeModeManager (HealthyPipelineSafeModeRule.java:process(129)) - SCM in safe mode. Healthy pipelines reported count is 1, required healthy pipeline reported count is 1
2020-07-25 01:02:07,424 [EventQueue-OpenPipelineForHealthyPipelineSafeModeRule] INFO  safemode.SCMSafeModeManager (SCMSafeModeManager.java:validateSafeModeExitRules(214)) - HealthyPipelineSafeModeRule rule is successfully validated
2020-07-25 01:02:07,424 [EventQueue-OpenPipelineForHealthyPipelineSafeModeRule] INFO  safemode.SCMSafeModeManager (SCMSafeModeManager.java:validateSafeModeExitRules(228)) - ScmSafeModeManager, all rules are successfully validated
2020-07-25 01:02:07,424 [EventQueue-OpenPipelineForHealthyPipelineSafeModeRule] INFO  safemode.SCMSafeModeManager (SCMSafeModeManager.java:exitSafeMode(257)) - SCM exiting safe mode.
2020-07-25 01:02:07,422 [2517e29b-b07d-40ad-9ebb-623fe5ac5d94@group-57BF5D47C6ED-LeaderElection3] INFO  server.RaftServerConfigKeys (ConfUtils.java:logGet(44)) - raft.server.log.appender.snapshot.chunk.size.max = 16MB (=16777216) (default)
2020-07-25 01:02:07,425 [2517e29b-b07d-40ad-9ebb-623fe5ac5d94@group-57BF5D47C6ED-LeaderElection3] INFO  server.RaftServerConfigKeys (ConfUtils.java:logGet(44)) - raft.server.log.appender.buffer.byte-limit = 33554432 (custom)
2020-07-25 01:02:07,425 [2517e29b-b07d-40ad-9ebb-623fe5ac5d94@group-57BF5D47C6ED-LeaderElection3] INFO  server.RaftServerConfigKeys (ConfUtils.java:logGet(44)) - raft.server.log.appender.buffer.element-limit = 1 (custom)
2020-07-25 01:02:07,428 [2517e29b-b07d-40ad-9ebb-623fe5ac5d94@group-57BF5D47C6ED-LeaderElection3] INFO  grpc.GrpcConfigKeys (ConfUtils.java:logGet(44)) - raft.grpc.server.leader.outstanding.appends.max = 128 (default)
2020-07-25 01:02:07,431 [8f716576-a848-46a4-ac48-6b569584c3fb@group-57BF5D47C6ED-LeaderElection2] INFO  impl.LeaderElection (LeaderElection.java:logAndReturn(61)) - 8f716576-a848-46a4-ac48-6b569584c3fb@group-57BF5D47C6ED-LeaderElection2: Election REJECTED; received 2 response(s) [8f716576-a848-46a4-ac48-6b569584c3fb<-2517e29b-b07d-40ad-9ebb-623fe5ac5d94#0:FAIL-t1, 8f716576-a848-46a4-ac48-6b569584c3fb<-7b4241cc-32b5-44c8-9f52-556ae19c7244#0:FAIL-t1] and 0 exception(s); 8f716576-a848-46a4-ac48-6b569584c3fb@group-57BF5D47C6ED:t1, leader=null, voted=8f716576-a848-46a4-ac48-6b569584c3fb, raftlog=8f716576-a848-46a4-ac48-6b569584c3fb@group-57BF5D47C6ED-SegmentedRaftLog:OPENED:c-1,f-1,i0, conf=-1: [2517e29b-b07d-40ad-9ebb-623fe5ac5d94:172.17.0.2:36481, 7b4241cc-32b5-44c8-9f52-556ae19c7244:172.17.0.2:37711, 8f716576-a848-46a4-ac48-6b569584c3fb:172.17.0.2:45039], old=null
2020-07-25 01:02:07,439 [2517e29b-b07d-40ad-9ebb-623fe5ac5d94@group-57BF5D47C6ED-LeaderElection3] INFO  server.RaftServerConfigKeys (ConfUtils.java:logGet(44)) - raft.server.rpc.request.timeout = 3000ms (default)
2020-07-25 01:02:07,439 [2517e29b-b07d-40ad-9ebb-623fe5ac5d94@group-57BF5D47C6ED-LeaderElection3] INFO  server.RaftServerConfigKeys (ConfUtils.java:logGet(44)) - raft.server.log.appender.install.snapshot.enabled = false (custom)
2020-07-25 01:02:07,439 [8f716576-a848-46a4-ac48-6b569584c3fb@group-57BF5D47C6ED-LeaderElection2] INFO  impl.RaftServerImpl (RaftServerImpl.java:setRole(185)) - 8f716576-a848-46a4-ac48-6b569584c3fb@group-57BF5D47C6ED: changes role from CANDIDATE to FOLLOWER at term 1 for DISCOVERED_A_NEW_TERM
2020-07-25 01:02:07,441 [8f716576-a848-46a4-ac48-6b569584c3fb@group-57BF5D47C6ED-LeaderElection2] INFO  impl.RoleInfo (RoleInfo.java:shutdownLeaderElection(134)) - 8f716576-a848-46a4-ac48-6b569584c3fb: shutdown LeaderElection
2020-07-25 01:02:07,441 [8f716576-a848-46a4-ac48-6b569584c3fb@group-57BF5D47C6ED-LeaderElection2] INFO  impl.RoleInfo (RoleInfo.java:updateAndGet(143)) - 8f716576-a848-46a4-ac48-6b569584c3fb: start FollowerState
2020-07-25 01:02:07,447 [2517e29b-b07d-40ad-9ebb-623fe5ac5d94@group-57BF5D47C6ED-LeaderElection3] INFO  metrics.RatisMetrics (RatisMetrics.java:lambda$create$0(36)) - Creating Metrics Registry : ratis_grpc.log_appender.2517e29b-b07d-40ad-9ebb-623fe5ac5d94@group-57BF5D47C6ED
2020-07-25 01:02:07,450 [2517e29b-b07d-40ad-9ebb-623fe5ac5d94@group-57BF5D47C6ED-LeaderElection3] INFO  server.RaftServerConfigKeys (ConfUtils.java:logGet(44)) - raft.server.log.appender.snapshot.chunk.size.max = 16MB (=16777216) (default)
2020-07-25 01:02:07,450 [2517e29b-b07d-40ad-9ebb-623fe5ac5d94@group-57BF5D47C6ED-LeaderElection3] INFO  server.RaftServerConfigKeys (ConfUtils.java:logGet(44)) - raft.server.log.appender.buffer.byte-limit = 33554432 (custom)
2020-07-25 01:02:07,450 [2517e29b-b07d-40ad-9ebb-623fe5ac5d94@group-57BF5D47C6ED-LeaderElection3] INFO  server.RaftServerConfigKeys (ConfUtils.java:logGet(44)) - raft.server.log.appender.buffer.element-limit = 1 (custom)
2020-07-25 01:02:07,450 [2517e29b-b07d-40ad-9ebb-623fe5ac5d94@group-57BF5D47C6ED-LeaderElection3] INFO  grpc.GrpcConfigKeys (ConfUtils.java:logGet(44)) - raft.grpc.server.leader.outstanding.appends.max = 128 (default)
2020-07-25 01:02:07,451 [2517e29b-b07d-40ad-9ebb-623fe5ac5d94@group-57BF5D47C6ED-LeaderElection3] INFO  server.RaftServerConfigKeys (ConfUtils.java:logGet(44)) - raft.server.rpc.request.timeout = 3000ms (default)
2020-07-25 01:02:07,451 [2517e29b-b07d-40ad-9ebb-623fe5ac5d94@group-57BF5D47C6ED-LeaderElection3] INFO  server.RaftServerConfigKeys (ConfUtils.java:logGet(44)) - raft.server.log.appender.install.snapshot.enabled = false (custom)
2020-07-25 01:02:07,452 [2517e29b-b07d-40ad-9ebb-623fe5ac5d94@group-57BF5D47C6ED-LeaderElection3] INFO  impl.RoleInfo (RoleInfo.java:updateAndGet(143)) - 2517e29b-b07d-40ad-9ebb-623fe5ac5d94: start LeaderState
2020-07-25 01:02:07,454 [2517e29b-b07d-40ad-9ebb-623fe5ac5d94@group-57BF5D47C6ED-LeaderElection3] INFO  segmented.SegmentedRaftLogWorker (SegmentedRaftLogWorker.java:startLogSegment(397)) - 2517e29b-b07d-40ad-9ebb-623fe5ac5d94@group-57BF5D47C6ED-SegmentedRaftLogWorker: Starting segment from index:0
2020-07-25 01:02:07,464 [2517e29b-b07d-40ad-9ebb-623fe5ac5d94@group-57BF5D47C6ED-LeaderElection3] INFO  impl.RaftServerImpl (ServerState.java:setRaftConf(356)) - 2517e29b-b07d-40ad-9ebb-623fe5ac5d94@group-57BF5D47C6ED: set configuration 0: [2517e29b-b07d-40ad-9ebb-623fe5ac5d94:172.17.0.2:36481, 7b4241cc-32b5-44c8-9f52-556ae19c7244:172.17.0.2:37711, 8f716576-a848-46a4-ac48-6b569584c3fb:172.17.0.2:45039], old=null at 0
2020-07-25 01:02:07,486 [grpc-default-executor-0] INFO  ratis.XceiverServerRatis (XceiverServerRatis.java:handleLeaderChangedNotification(822)) - Leader change notification received for group: group-57BF5D47C6ED with new leaderId: 2517e29b-b07d-40ad-9ebb-623fe5ac5d94
2020-07-25 01:02:07,486 [grpc-default-executor-0] INFO  impl.RaftServerImpl (ServerState.java:setLeader(255)) - 7b4241cc-32b5-44c8-9f52-556ae19c7244@group-57BF5D47C6ED: change Leader from null to 2517e29b-b07d-40ad-9ebb-623fe5ac5d94 at term 1 for appendEntries, leader elected after 5162ms
2020-07-25 01:02:07,488 [grpc-default-executor-1] INFO  ratis.XceiverServerRatis (XceiverServerRatis.java:handleLeaderChangedNotification(822)) - Leader change notification received for group: group-57BF5D47C6ED with new leaderId: 2517e29b-b07d-40ad-9ebb-623fe5ac5d94
2020-07-25 01:02:07,488 [grpc-default-executor-1] INFO  impl.RaftServerImpl (ServerState.java:setLeader(255)) - 8f716576-a848-46a4-ac48-6b569584c3fb@group-57BF5D47C6ED: change Leader from null to 2517e29b-b07d-40ad-9ebb-623fe5ac5d94 at term 1 for appendEntries, leader elected after 5305ms
2020-07-25 01:02:07,507 [grpc-default-executor-0] INFO  impl.RaftServerImpl (ServerState.java:setRaftConf(356)) - 7b4241cc-32b5-44c8-9f52-556ae19c7244@group-57BF5D47C6ED: set configuration 0: [2517e29b-b07d-40ad-9ebb-623fe5ac5d94:172.17.0.2:36481, 7b4241cc-32b5-44c8-9f52-556ae19c7244:172.17.0.2:37711, 8f716576-a848-46a4-ac48-6b569584c3fb:172.17.0.2:45039], old=null at 0
2020-07-25 01:02:07,508 [grpc-default-executor-0] INFO  segmented.SegmentedRaftLogWorker (SegmentedRaftLogWorker.java:startLogSegment(397)) - 7b4241cc-32b5-44c8-9f52-556ae19c7244@group-57BF5D47C6ED-SegmentedRaftLogWorker: Starting segment from index:0
2020-07-25 01:02:07,509 [grpc-default-executor-1] INFO  impl.RaftServerImpl (ServerState.java:setRaftConf(356)) - 8f716576-a848-46a4-ac48-6b569584c3fb@group-57BF5D47C6ED: set configuration 0: [2517e29b-b07d-40ad-9ebb-623fe5ac5d94:172.17.0.2:36481, 7b4241cc-32b5-44c8-9f52-556ae19c7244:172.17.0.2:37711, 8f716576-a848-46a4-ac48-6b569584c3fb:172.17.0.2:45039], old=null at 0
2020-07-25 01:02:07,509 [grpc-default-executor-1] INFO  segmented.SegmentedRaftLogWorker (SegmentedRaftLogWorker.java:startLogSegment(397)) - 8f716576-a848-46a4-ac48-6b569584c3fb@group-57BF5D47C6ED-SegmentedRaftLogWorker: Starting segment from index:0
2020-07-25 01:02:07,537 [2517e29b-b07d-40ad-9ebb-623fe5ac5d94@group-57BF5D47C6ED-SegmentedRaftLogWorker] INFO  segmented.SegmentedRaftLogWorker (SegmentedRaftLogWorker.java:execute(596)) - 2517e29b-b07d-40ad-9ebb-623fe5ac5d94@group-57BF5D47C6ED-SegmentedRaftLogWorker: created new log segment /github/workspace/mnt/ozone/hadoop-ozone/integration-test/target/test-dir/MiniOzoneClusterImpl-28b08464-caf3-485d-9518-c2bd214d5e92/datanode-0/data/ratis/94add4dd-c2e5-449d-a6a5-57bf5d47c6ed/current/log_inprogress_0
2020-07-25 01:02:07,537 [7b4241cc-32b5-44c8-9f52-556ae19c7244@group-17A5D073C5E8-SegmentedRaftLogWorker] INFO  segmented.SegmentedRaftLogWorker (SegmentedRaftLogWorker.java:execute(596)) - 7b4241cc-32b5-44c8-9f52-556ae19c7244@group-17A5D073C5E8-SegmentedRaftLogWorker: created new log segment /github/workspace/mnt/ozone/hadoop-ozone/integration-test/target/test-dir/MiniOzoneClusterImpl-28b08464-caf3-485d-9518-c2bd214d5e92/datanode-2/data/ratis/974c5eb7-1f9a-493b-ac68-17a5d073c5e8/current/log_inprogress_0
2020-07-25 01:02:07,656 [7b4241cc-32b5-44c8-9f52-556ae19c7244@group-57BF5D47C6ED-SegmentedRaftLogWorker] INFO  segmented.SegmentedRaftLogWorker (SegmentedRaftLogWorker.java:execute(596)) - 7b4241cc-32b5-44c8-9f52-556ae19c7244@group-57BF5D47C6ED-SegmentedRaftLogWorker: created new log segment /github/workspace/mnt/ozone/hadoop-ozone/integration-test/target/test-dir/MiniOzoneClusterImpl-28b08464-caf3-485d-9518-c2bd214d5e92/datanode-2/data/ratis/94add4dd-c2e5-449d-a6a5-57bf5d47c6ed/current/log_inprogress_0
2020-07-25 01:02:07,657 [8f716576-a848-46a4-ac48-6b569584c3fb@group-57BF5D47C6ED-SegmentedRaftLogWorker] INFO  segmented.SegmentedRaftLogWorker (SegmentedRaftLogWorker.java:execute(596)) - 8f716576-a848-46a4-ac48-6b569584c3fb@group-57BF5D47C6ED-SegmentedRaftLogWorker: created new log segment /github/workspace/mnt/ozone/hadoop-ozone/integration-test/target/test-dir/MiniOzoneClusterImpl-28b08464-caf3-485d-9518-c2bd214d5e92/datanode-1/data/ratis/94add4dd-c2e5-449d-a6a5-57bf5d47c6ed/current/log_inprogress_0
2020-07-25 01:02:07,656 [2517e29b-b07d-40ad-9ebb-623fe5ac5d94@group-4CBA780E8705-SegmentedRaftLogWorker] INFO  segmented.SegmentedRaftLogWorker (SegmentedRaftLogWorker.java:execute(596)) - 2517e29b-b07d-40ad-9ebb-623fe5ac5d94@group-4CBA780E8705-SegmentedRaftLogWorker: created new log segment /github/workspace/mnt/ozone/hadoop-ozone/integration-test/target/test-dir/MiniOzoneClusterImpl-28b08464-caf3-485d-9518-c2bd214d5e92/datanode-0/data/ratis/d1f6ce4d-432e-4c6e-a888-4cba780e8705/current/log_inprogress_0
2020-07-25 01:02:07,660 [8f716576-a848-46a4-ac48-6b569584c3fb@group-A3033188E01B-SegmentedRaftLogWorker] INFO  segmented.SegmentedRaftLogWorker (SegmentedRaftLogWorker.java:execute(596)) - 8f716576-a848-46a4-ac48-6b569584c3fb@group-A3033188E01B-SegmentedRaftLogWorker: created new log segment /github/workspace/mnt/ozone/hadoop-ozone/integration-test/target/test-dir/MiniOzoneClusterImpl-28b08464-caf3-485d-9518-c2bd214d5e92/datanode-1/data/ratis/cbe8f0c4-8c8f-43e3-9648-a3033188e01b/current/log_inprogress_0
2020-07-25 01:02:08,244 [Listener at 127.0.0.1/46235] INFO  ozone.MiniOzoneClusterImpl (MiniOzoneClusterImpl.java:lambda$waitForClusterToBeReady$0(177)) - Nodes are ready. Got 3 of 3 DN Heartbeats.
2020-07-25 01:02:08,244 [Listener at 127.0.0.1/46235] INFO  ozone.MiniOzoneClusterImpl (MiniOzoneClusterImpl.java:lambda$waitForClusterToBeReady$0(180)) - Cluster exits safe mode
2020-07-25 01:02:08,623 [Listener at 127.0.0.1/46235] INFO  rpc.RpcClient (RpcClient.java:createVolume(314)) - Creating Volume: testcontainerstatemachinefailures, with jenkins1001 as owner.
2020-07-25 01:02:08,675 [IPC Server handler 3 on default port 46235] INFO  volume.OMVolumeCreateRequest (OMVolumeCreateRequest.java:validateAndUpdateCache(195)) - created volume:testcontainerstatemachinefailures for user:jenkins1001
2020-07-25 01:02:08,689 [Listener at 127.0.0.1/46235] INFO  rpc.RpcClient (RpcClient.java:createBucket(459)) - Creating Bucket: testcontainerstatemachinefailures/testcontainerstatemachinefailures, with Versioning false and Storage Type set to DISK and Encryption set to false 
2020-07-25 01:02:08,843 [Listener at 127.0.0.1/46235] INFO  impl.MetricsSystemImpl (MetricsSystemImpl.java:init(158)) - XceiverClientMetrics metrics system started (again)
2020-07-25 01:02:08,956 [Datanode State Machine Thread - 0] INFO  statemachine.DatanodeStateMachine (DatanodeStateMachine.java:lambda$startDaemon$0(399)) - Ozone container server started.
2020-07-25 01:02:10,428 [EventQueue-Delayed safe mode statusForReplicationManager] INFO  container.ReplicationManager (ReplicationManager.java:start(177)) - Starting Replication Monitor Thread.
2020-07-25 01:02:10,431 [ReplicationMonitor] INFO  container.ReplicationManager (ReplicationManager.java:run(241)) - Replication Monitor Thread took 2 milliseconds for processing 1 containers.
2020-07-25 01:02:10,431 [EventQueue-CloseContainerForCloseContainerEventHandler] INFO  container.CloseContainerEventHandler (CloseContainerEventHandler.java:onMessage(61)) - Close container Event triggered for container : #1
2020-07-25 01:02:11,060 [Command processor thread] ERROR commandhandler.CloseContainerCommandHandler (CloseContainerCommandHandler.java:handle(85)) - Container #1 does not exist in datanode. Container close failed.
2020-07-25 01:02:11,156 [Command processor thread] ERROR commandhandler.CloseContainerCommandHandler (CloseContainerCommandHandler.java:handle(85)) - Container #1 does not exist in datanode. Container close failed.
2020-07-25 01:02:13,862 [Listener at 127.0.0.1/46235] INFO  ozoneimpl.OzoneContainer (OzoneContainer.java:stop(259)) - Attempting to stop container services.
2020-07-25 01:02:13,862 [Listener at 127.0.0.1/46235] INFO  impl.RaftServerProxy (RaftServerProxy.java:lambda$close$4(319)) - 7b4241cc-32b5-44c8-9f52-556ae19c7244: close
2020-07-25 01:02:13,865 [Listener at 127.0.0.1/46235] INFO  impl.RaftServerImpl (RaftServerImpl.java:lambda$shutdown$3(263)) - 7b4241cc-32b5-44c8-9f52-556ae19c7244@group-57BF5D47C6ED: shutdown
2020-07-25 01:02:13,865 [Listener at 127.0.0.1/46235] INFO  util.JmxRegister (JmxRegister.java:unregister(73)) - Successfully un-registered JMX Bean with object name Ratis:service=RaftServer,group=group-57BF5D47C6ED,id=7b4241cc-32b5-44c8-9f52-556ae19c7244
2020-07-25 01:02:13,865 [Listener at 127.0.0.1/46235] INFO  impl.RoleInfo (RoleInfo.java:shutdownFollowerState(121)) - 7b4241cc-32b5-44c8-9f52-556ae19c7244: shutdown FollowerState
2020-07-25 01:02:13,865 [Thread-232] INFO  impl.FollowerState (FollowerState.java:run(117)) - 7b4241cc-32b5-44c8-9f52-556ae19c7244@group-57BF5D47C6ED-FollowerState was interrupted: java.lang.InterruptedException: sleep interrupted
2020-07-25 01:02:13,865 [Listener at 127.0.0.1/46235] INFO  impl.StateMachineUpdater (StateMachineUpdater.java:stopAndJoin(142)) - 7b4241cc-32b5-44c8-9f52-556ae19c7244@group-57BF5D47C6ED-StateMachineUpdater: set stopIndex = 0
2020-07-25 01:02:13,866 [7b4241cc-32b5-44c8-9f52-556ae19c7244@group-57BF5D47C6ED-StateMachineUpdater] INFO  ratis.ContainerStateMachine (ContainerStateMachine.java:takeSnapshot(293)) - group-57BF5D47C6ED: Taking a snapshot at:(t:1, i:0) file /github/workspace/mnt/ozone/hadoop-ozone/integration-test/target/test-dir/MiniOzoneClusterImpl-28b08464-caf3-485d-9518-c2bd214d5e92/datanode-2/data/ratis/94add4dd-c2e5-449d-a6a5-57bf5d47c6ed/sm/snapshot.1_0
2020-07-25 01:02:13,931 [7b4241cc-32b5-44c8-9f52-556ae19c7244@group-57BF5D47C6ED-StateMachineUpdater] INFO  ratis.ContainerStateMachine (ContainerStateMachine.java:takeSnapshot(304)) - group-57BF5D47C6ED: Finished taking a snapshot at:(t:1, i:0) file:/github/workspace/mnt/ozone/hadoop-ozone/integration-test/target/test-dir/MiniOzoneClusterImpl-28b08464-caf3-485d-9518-c2bd214d5e92/datanode-2/data/ratis/94add4dd-c2e5-449d-a6a5-57bf5d47c6ed/sm/snapshot.1_0 time:64
2020-07-25 01:02:13,932 [7b4241cc-32b5-44c8-9f52-556ae19c7244@group-57BF5D47C6ED-StateMachineUpdater] INFO  impl.StateMachineUpdater (StateMachineUpdater.java:takeSnapshot(277)) - 7b4241cc-32b5-44c8-9f52-556ae19c7244@group-57BF5D47C6ED-StateMachineUpdater: Took a snapshot at index 0
2020-07-25 01:02:13,932 [7b4241cc-32b5-44c8-9f52-556ae19c7244@group-57BF5D47C6ED-StateMachineUpdater] INFO  impl.StateMachineUpdater (StateMachineUpdater.java:lambda$new$0(87)) - 7b4241cc-32b5-44c8-9f52-556ae19c7244@group-57BF5D47C6ED-StateMachineUpdater: snapshotIndex: updateIncreasingly -1 -> 0
2020-07-25 01:02:13,936 [7b4241cc-32b5-44c8-9f52-556ae19c7244@group-57BF5D47C6ED-StateMachineUpdater] INFO  metrics.RatisMetrics (RatisMetrics.java:unregister(43)) - Unregistering Metrics Registry : ratis.state_machine.7b4241cc-32b5-44c8-9f52-556ae19c7244@group-57BF5D47C6ED
2020-07-25 01:02:13,936 [Listener at 127.0.0.1/46235] INFO  impl.RaftServerImpl (ServerState.java:close(387)) - 7b4241cc-32b5-44c8-9f52-556ae19c7244@group-57BF5D47C6ED: closes. applyIndex: 0
2020-07-25 01:02:13,937 [7b4241cc-32b5-44c8-9f52-556ae19c7244@group-57BF5D47C6ED-SegmentedRaftLogWorker] INFO  segmented.SegmentedRaftLogWorker (SegmentedRaftLogWorker.java:run(327)) - 7b4241cc-32b5-44c8-9f52-556ae19c7244@group-57BF5D47C6ED-SegmentedRaftLogWorker was interrupted, exiting. There are 0 tasks remaining in the queue.
2020-07-25 01:02:13,938 [Listener at 127.0.0.1/46235] INFO  segmented.SegmentedRaftLogWorker (SegmentedRaftLogWorker.java:close(234)) - 7b4241cc-32b5-44c8-9f52-556ae19c7244@group-57BF5D47C6ED-SegmentedRaftLogWorker close()
2020-07-25 01:02:13,939 [Listener at 127.0.0.1/46235] INFO  metrics.RatisMetrics (RatisMetrics.java:unregister(43)) - Unregistering Metrics Registry : ratis.log_worker.7b4241cc-32b5-44c8-9f52-556ae19c7244@group-57BF5D47C6ED
2020-07-25 01:02:13,939 [Listener at 127.0.0.1/46235] INFO  metrics.RatisMetrics (RatisMetrics.java:unregister(43)) - Unregistering Metrics Registry : ratis.leader_election.7b4241cc-32b5-44c8-9f52-556ae19c7244@group-57BF5D47C6ED
2020-07-25 01:02:13,939 [Listener at 127.0.0.1/46235] INFO  metrics.RatisMetrics (RatisMetrics.java:unregister(43)) - Unregistering Metrics Registry : ratis.server.7b4241cc-32b5-44c8-9f52-556ae19c7244@group-57BF5D47C6ED
2020-07-25 01:02:13,939 [Listener at 127.0.0.1/46235] INFO  impl.RaftServerImpl (RaftServerImpl.java:lambda$shutdown$3(263)) - 7b4241cc-32b5-44c8-9f52-556ae19c7244@group-17A5D073C5E8: shutdown
2020-07-25 01:02:13,939 [Listener at 127.0.0.1/46235] INFO  util.JmxRegister (JmxRegister.java:unregister(73)) - Successfully un-registered JMX Bean with object name Ratis:service=RaftServer,group=group-17A5D073C5E8,id=7b4241cc-32b5-44c8-9f52-556ae19c7244
2020-07-25 01:02:13,940 [Listener at 127.0.0.1/46235] INFO  impl.RoleInfo (RoleInfo.java:shutdownLeaderState(104)) - 7b4241cc-32b5-44c8-9f52-556ae19c7244: shutdown LeaderState
2020-07-25 01:02:13,940 [Listener at 127.0.0.1/46235] INFO  impl.PendingRequests (PendingRequests.java:sendNotLeaderResponses(249)) - 7b4241cc-32b5-44c8-9f52-556ae19c7244@group-17A5D073C5E8-PendingRequests: sendNotLeaderResponses
2020-07-25 01:02:13,941 [Listener at 127.0.0.1/46235] INFO  metrics.RatisMetrics (RatisMetrics.java:unregister(43)) - Unregistering Metrics Registry : ratis.log_appender.7b4241cc-32b5-44c8-9f52-556ae19c7244@group-17A5D073C5E8
2020-07-25 01:02:13,941 [Listener at 127.0.0.1/46235] INFO  metrics.RatisMetrics (RatisMetrics.java:unregister(43)) - Unregistering Metrics Registry : ratis.server.7b4241cc-32b5-44c8-9f52-556ae19c7244@group-17A5D073C5E8
2020-07-25 01:02:13,943 [7b4241cc-32b5-44c8-9f52-556ae19c7244@group-17A5D073C5E8-StateMachineUpdater] INFO  ratis.ContainerStateMachine (ContainerStateMachine.java:takeSnapshot(293)) - group-17A5D073C5E8: Taking a snapshot at:(t:1, i:0) file /github/workspace/mnt/ozone/hadoop-ozone/integration-test/target/test-dir/MiniOzoneClusterImpl-28b08464-caf3-485d-9518-c2bd214d5e92/datanode-2/data/ratis/974c5eb7-1f9a-493b-ac68-17a5d073c5e8/sm/snapshot.1_0
2020-07-25 01:02:13,948 [7b4241cc-32b5-44c8-9f52-556ae19c7244@group-17A5D073C5E8-StateMachineUpdater] INFO  ratis.ContainerStateMachine (ContainerStateMachine.java:takeSnapshot(304)) - group-17A5D073C5E8: Finished taking a snapshot at:(t:1, i:0) file:/github/workspace/mnt/ozone/hadoop-ozone/integration-test/target/test-dir/MiniOzoneClusterImpl-28b08464-caf3-485d-9518-c2bd214d5e92/datanode-2/data/ratis/974c5eb7-1f9a-493b-ac68-17a5d073c5e8/sm/snapshot.1_0 time:6
2020-07-25 01:02:13,949 [Listener at 127.0.0.1/46235] INFO  impl.StateMachineUpdater (StateMachineUpdater.java:stopAndJoin(142)) - 7b4241cc-32b5-44c8-9f52-556ae19c7244@group-17A5D073C5E8-StateMachineUpdater: set stopIndex = 0
2020-07-25 01:02:13,949 [7b4241cc-32b5-44c8-9f52-556ae19c7244@group-17A5D073C5E8-StateMachineUpdater] INFO  impl.StateMachineUpdater (StateMachineUpdater.java:takeSnapshot(277)) - 7b4241cc-32b5-44c8-9f52-556ae19c7244@group-17A5D073C5E8-StateMachineUpdater: Took a snapshot at index 0
2020-07-25 01:02:13,950 [7b4241cc-32b5-44c8-9f52-556ae19c7244@group-17A5D073C5E8-StateMachineUpdater] INFO  impl.StateMachineUpdater (StateMachineUpdater.java:lambda$new$0(87)) - 7b4241cc-32b5-44c8-9f52-556ae19c7244@group-17A5D073C5E8-StateMachineUpdater: snapshotIndex: updateIncreasingly -1 -> 0
2020-07-25 01:02:13,950 [7b4241cc-32b5-44c8-9f52-556ae19c7244@group-17A5D073C5E8-StateMachineUpdater] INFO  metrics.RatisMetrics (RatisMetrics.java:unregister(43)) - Unregistering Metrics Registry : ratis.state_machine.7b4241cc-32b5-44c8-9f52-556ae19c7244@group-17A5D073C5E8
2020-07-25 01:02:13,951 [Listener at 127.0.0.1/46235] INFO  impl.RaftServerImpl (ServerState.java:close(387)) - 7b4241cc-32b5-44c8-9f52-556ae19c7244@group-17A5D073C5E8: closes. applyIndex: 0
2020-07-25 01:02:13,951 [7b4241cc-32b5-44c8-9f52-556ae19c7244@group-17A5D073C5E8-SegmentedRaftLogWorker] INFO  segmented.SegmentedRaftLogWorker (SegmentedRaftLogWorker.java:run(327)) - 7b4241cc-32b5-44c8-9f52-556ae19c7244@group-17A5D073C5E8-SegmentedRaftLogWorker was interrupted, exiting. There are 0 tasks remaining in the queue.
2020-07-25 01:02:13,955 [Listener at 127.0.0.1/46235] INFO  segmented.SegmentedRaftLogWorker (SegmentedRaftLogWorker.java:close(234)) - 7b4241cc-32b5-44c8-9f52-556ae19c7244@group-17A5D073C5E8-SegmentedRaftLogWorker close()
2020-07-25 01:02:13,955 [Listener at 127.0.0.1/46235] INFO  metrics.RatisMetrics (RatisMetrics.java:unregister(43)) - Unregistering Metrics Registry : ratis.log_worker.7b4241cc-32b5-44c8-9f52-556ae19c7244@group-17A5D073C5E8
2020-07-25 01:02:13,956 [Listener at 127.0.0.1/46235] INFO  metrics.RatisMetrics (RatisMetrics.java:unregister(43)) - Unregistering Metrics Registry : ratis.leader_election.7b4241cc-32b5-44c8-9f52-556ae19c7244@group-17A5D073C5E8
2020-07-25 01:02:13,956 [Listener at 127.0.0.1/46235] INFO  metrics.RatisMetrics (RatisMetrics.java:unregister(43)) - Unregistering Metrics Registry : ratis.server.7b4241cc-32b5-44c8-9f52-556ae19c7244@group-17A5D073C5E8
2020-07-25 01:02:13,956 [Listener at 127.0.0.1/46235] INFO  server.GrpcService (GrpcService.java:closeImpl(166)) - 7b4241cc-32b5-44c8-9f52-556ae19c7244: shutdown server with port 37711 now
2020-07-25 01:02:13,962 [grpc-default-executor-0] WARN  server.GrpcServerProtocolService (LogUtils.java:warn(122)) - 7b4241cc-32b5-44c8-9f52-556ae19c7244: installSnapshot onError, lastRequest: 2517e29b-b07d-40ad-9ebb-623fe5ac5d94->7b4241cc-32b5-44c8-9f52-556ae19c7244#1-t1, previous=(t:0, i:0), leaderCommit=-1, initializing? false, entries: size=1, first=(t:1, i:0), CONFIGURATIONENTRY: org.apache.ratis.thirdparty.io.grpc.StatusRuntimeException: CANCELLED: cancelled before receiving half close
2020-07-25 01:02:13,964 [grpc-default-executor-1] WARN  server.GrpcLogAppender (LogUtils.java:warn(122)) - 2517e29b-b07d-40ad-9ebb-623fe5ac5d94@group-57BF5D47C6ED->7b4241cc-32b5-44c8-9f52-556ae19c7244-AppendLogResponseHandler: Failed appendEntries: org.apache.ratis.thirdparty.io.grpc.StatusRuntimeException: CANCELLED: HTTP/2 error code: CANCEL
Received Rst Stream
2020-07-25 01:02:13,965 [Listener at 127.0.0.1/46235] INFO  server.GrpcService (GrpcService.java:closeImpl(174)) - 7b4241cc-32b5-44c8-9f52-556ae19c7244: shutdown server with port 37711 successfully
2020-07-25 01:02:13,968 [grpc-default-executor-1] INFO  impl.FollowerInfo (FollowerInfo.java:lambda$new$0(51)) - 2517e29b-b07d-40ad-9ebb-623fe5ac5d94@group-57BF5D47C6ED->7b4241cc-32b5-44c8-9f52-556ae19c7244: nextIndex: updateUnconditionally 1 -> 0
2020-07-25 01:02:13,973 [Listener at 127.0.0.1/46235] INFO  utils.BackgroundService (BackgroundService.java:shutdown(157)) - Shutting down service BlockDeletingService
2020-07-25 01:02:13,976 [Listener at 127.0.0.1/46235] INFO  statemachine.DatanodeStateMachine (DatanodeStateMachine.java:stopDaemon(447)) - Ozone container server stopped.
2020-07-25 01:02:13,984 [Listener at 127.0.0.1/46235] INFO  handler.ContextHandler (ContextHandler.java:doStop(1016)) - Stopped o.e.j.w.WebAppContext@61f18997{hddsDatanode,/,null,UNAVAILABLE}{jar:file:/home/user/.m2/repository/org/apache/hadoop/hadoop-hdds-container-service/0.6.0-SNAPSHOT/hadoop-hdds-container-service-0.6.0-SNAPSHOT.jar!/webapps/hddsDatanode}
2020-07-25 01:02:13,987 [Listener at 127.0.0.1/46235] INFO  server.AbstractConnector (AbstractConnector.java:doStop(380)) - Stopped ServerConnector@5cc85ffc{HTTP/1.1,[http/1.1]}{0.0.0.0:0}
2020-07-25 01:02:13,988 [Listener at 127.0.0.1/46235] INFO  server.session (HouseKeeper.java:stopScavenging(158)) - node0 Stopped scavenging
2020-07-25 01:02:13,988 [Listener at 127.0.0.1/46235] INFO  handler.ContextHandler (ContextHandler.java:doStop(1016)) - Stopped o.e.j.s.ServletContextHandler@a55b4f9{static,/static,jar:file:/home/user/.m2/repository/org/apache/hadoop/hadoop-hdds-container-service/0.6.0-SNAPSHOT/hadoop-hdds-container-service-0.6.0-SNAPSHOT.jar!/webapps/static,UNAVAILABLE}
2020-07-25 01:02:13,988 [Listener at 127.0.0.1/46235] INFO  handler.ContextHandler (ContextHandler.java:doStop(1016)) - Stopped o.e.j.s.ServletContextHandler@c34fd2{logs,/logs,file:///github/workspace/mnt/ozone/hadoop-ozone/integration-test/target/log,UNAVAILABLE}
2020-07-25 01:02:14,179 [grpc-default-executor-0] WARN  server.GrpcLogAppender (LogUtils.java:warn(122)) - 2517e29b-b07d-40ad-9ebb-623fe5ac5d94@group-57BF5D47C6ED->7b4241cc-32b5-44c8-9f52-556ae19c7244-AppendLogResponseHandler: Failed appendEntries: org.apache.ratis.thirdparty.io.grpc.StatusRuntimeException: UNAVAILABLE: io exception
2020-07-25 01:02:14,184 [grpc-default-executor-0] INFO  impl.FollowerInfo (FollowerInfo.java:lambda$new$0(51)) - 2517e29b-b07d-40ad-9ebb-623fe5ac5d94@group-57BF5D47C6ED->7b4241cc-32b5-44c8-9f52-556ae19c7244: nextIndex: updateUnconditionally 1 -> 0
2020-07-25 01:02:14,315 [grpc-default-executor-1] WARN  server.GrpcLogAppender (LogUtils.java:warn(122)) - 2517e29b-b07d-40ad-9ebb-623fe5ac5d94@group-57BF5D47C6ED->7b4241cc-32b5-44c8-9f52-556ae19c7244-AppendLogResponseHandler: Failed appendEntries: org.apache.ratis.thirdparty.io.grpc.StatusRuntimeException: UNAVAILABLE: io exception
2020-07-25 01:02:14,335 [grpc-default-executor-1] INFO  impl.FollowerInfo (FollowerInfo.java:lambda$new$0(51)) - 2517e29b-b07d-40ad-9ebb-623fe5ac5d94@group-57BF5D47C6ED->7b4241cc-32b5-44c8-9f52-556ae19c7244: nextIndex: updateUnconditionally 1 -> 0
2020-07-25 01:02:14,343 [grpc-default-executor-2] WARN  server.GrpcLogAppender (LogUtils.java:warn(122)) - 2517e29b-b07d-40ad-9ebb-623fe5ac5d94@group-57BF5D47C6ED->7b4241cc-32b5-44c8-9f52-556ae19c7244-AppendLogResponseHandler: Failed appendEntries: org.apache.ratis.thirdparty.io.grpc.StatusRuntimeException: UNAVAILABLE: io exception
2020-07-25 01:02:14,344 [grpc-default-executor-2] INFO  impl.FollowerInfo (FollowerInfo.java:lambda$new$0(51)) - 2517e29b-b07d-40ad-9ebb-623fe5ac5d94@group-57BF5D47C6ED->7b4241cc-32b5-44c8-9f52-556ae19c7244: nextIndex: updateUnconditionally 1 -> 0
2020-07-25 01:02:14,374 [grpc-default-executor-2] WARN  server.GrpcLogAppender (LogUtils.java:warn(122)) - 2517e29b-b07d-40ad-9ebb-623fe5ac5d94@group-57BF5D47C6ED->7b4241cc-32b5-44c8-9f52-556ae19c7244-AppendLogResponseHandler: Failed appendEntries: org.apache.ratis.thirdparty.io.grpc.StatusRuntimeException: UNAVAILABLE: io exception
2020-07-25 01:02:14,375 [grpc-default-executor-2] INFO  impl.FollowerInfo (FollowerInfo.java:lambda$new$0(51)) - 2517e29b-b07d-40ad-9ebb-623fe5ac5d94@group-57BF5D47C6ED->7b4241cc-32b5-44c8-9f52-556ae19c7244: nextIndex: updateUnconditionally 1 -> 0
2020-07-25 01:02:16,877 [grpc-default-executor-1] WARN  server.GrpcLogAppender (LogUtils.java:warn(122)) - 2517e29b-b07d-40ad-9ebb-623fe5ac5d94@group-57BF5D47C6ED->7b4241cc-32b5-44c8-9f52-556ae19c7244-AppendLogResponseHandler: Failed appendEntries: org.apache.ratis.thirdparty.io.grpc.StatusRuntimeException: UNAVAILABLE: io exception
2020-07-25 01:02:16,878 [grpc-default-executor-1] INFO  impl.FollowerInfo (FollowerInfo.java:lambda$new$0(51)) - 2517e29b-b07d-40ad-9ebb-623fe5ac5d94@group-57BF5D47C6ED->7b4241cc-32b5-44c8-9f52-556ae19c7244: nextIndex: updateUnconditionally 1 -> 0
2020-07-25 01:02:18,042 [Thread-262] INFO  client.GrpcClientProtocolService (GrpcClientProtocolService.java:lambda$processClientRequest$0(283)) - Failed RaftClientRequest:client-2B423869AD14->2517e29b-b07d-40ad-9ebb-623fe5ac5d94@group-57BF5D47C6ED, cid=9, seq=0, Watch-ALL_COMMITTED(2), Message:<EMPTY>, reply=RaftClientReply:client-2B423869AD14->2517e29b-b07d-40ad-9ebb-623fe5ac5d94@group-57BF5D47C6ED, cid=9, FAILED org.apache.ratis.protocol.NotReplicatedException: Request with call Id 9 and log index 2 is not yet replicated to ALL_COMMITTED, logIndex=2, commits[2517e29b-b07d-40ad-9ebb-623fe5ac5d94:c4, 7b4241cc-32b5-44c8-9f52-556ae19c7244:c0, 8f716576-a848-46a4-ac48-6b569584c3fb:c4]
2020-07-25 01:02:18,047 [Listener at 127.0.0.1/46235] WARN  scm.XceiverClientRatis (XceiverClientRatis.java:watchForCommit(265)) - 3 way commit failed on pipeline Pipeline[ Id: 94add4dd-c2e5-449d-a6a5-57bf5d47c6ed, Nodes: 2517e29b-b07d-40ad-9ebb-623fe5ac5d94{ip: 172.17.0.2, host: 5c9f90e4d07c, networkLocation: /default-rack, certSerialId: null}7b4241cc-32b5-44c8-9f52-556ae19c7244{ip: 172.17.0.2, host: 5c9f90e4d07c, networkLocation: /default-rack, certSerialId: null}8f716576-a848-46a4-ac48-6b569584c3fb{ip: 172.17.0.2, host: 5c9f90e4d07c, networkLocation: /default-rack, certSerialId: null}, Type:RATIS, Factor:THREE, State:OPEN, leaderId:2517e29b-b07d-40ad-9ebb-623fe5ac5d94, CreationTimestamp2020-07-25T01:01:59.257Z]
java.util.concurrent.ExecutionException: org.apache.ratis.protocol.NotReplicatedException: Request with call Id 9 and log index 2 is not yet replicated to ALL_COMMITTED
	at java.util.concurrent.CompletableFuture.reportGet(CompletableFuture.java:357)
	at java.util.concurrent.CompletableFuture.get(CompletableFuture.java:1908)
	at org.apache.hadoop.hdds.scm.XceiverClientRatis.watchForCommit(XceiverClientRatis.java:262)
	at org.apache.hadoop.hdds.scm.storage.CommitWatcher.watchForCommit(CommitWatcher.java:190)
	at org.apache.hadoop.hdds.scm.storage.CommitWatcher.watchOnLastIndex(CommitWatcher.java:157)
	at org.apache.hadoop.hdds.scm.storage.BlockOutputStream.watchForCommit(BlockOutputStream.java:351)
	at org.apache.hadoop.hdds.scm.storage.BlockOutputStream.handleFlush(BlockOutputStream.java:500)
	at org.apache.hadoop.hdds.scm.storage.BlockOutputStream.close(BlockOutputStream.java:514)
	at org.apache.hadoop.ozone.client.io.BlockOutputStreamEntry.close(BlockOutputStreamEntry.java:149)
	at org.apache.hadoop.ozone.client.io.KeyOutputStream.handleStreamAction(KeyOutputStream.java:483)
	at org.apache.hadoop.ozone.client.io.KeyOutputStream.handleFlushOrClose(KeyOutputStream.java:457)
	at org.apache.hadoop.ozone.client.io.KeyOutputStream.close(KeyOutputStream.java:510)
	at org.apache.hadoop.ozone.client.io.OzoneOutputStream.close(OzoneOutputStream.java:60)
	at org.apache.hadoop.ozone.client.rpc.TestDeleteWithSlowFollower.testDeleteKeyWithSlowFollower(TestDeleteWithSlowFollower.java:224)
	at sun.reflect.NativeMethodAccessorImpl.invoke0(Native Method)
	at sun.reflect.NativeMethodAccessorImpl.invoke(NativeMethodAccessorImpl.java:62)
	at sun.reflect.DelegatingMethodAccessorImpl.invoke(DelegatingMethodAccessorImpl.java:43)
	at java.lang.reflect.Method.invoke(Method.java:498)
	at org.junit.runners.model.FrameworkMethod$1.runReflectiveCall(FrameworkMethod.java:47)
	at org.junit.internal.runners.model.ReflectiveCallable.run(ReflectiveCallable.java:12)
	at org.junit.runners.model.FrameworkMethod.invokeExplosively(FrameworkMethod.java:44)
	at org.junit.internal.runners.statements.InvokeMethod.evaluate(InvokeMethod.java:17)
	at org.junit.runners.ParentRunner.runLeaf(ParentRunner.java:271)
	at org.junit.runners.BlockJUnit4ClassRunner.runChild(BlockJUnit4ClassRunner.java:70)
	at org.junit.runners.BlockJUnit4ClassRunner.runChild(BlockJUnit4ClassRunner.java:50)
	at org.junit.runners.ParentRunner$3.run(ParentRunner.java:238)
	at org.junit.runners.ParentRunner$1.schedule(ParentRunner.java:63)
	at org.junit.runners.ParentRunner.runChildren(ParentRunner.java:236)
	at org.junit.runners.ParentRunner.access$000(ParentRunner.java:53)
	at org.junit.runners.ParentRunner$2.evaluate(ParentRunner.java:229)
	at org.junit.internal.runners.statements.RunBefores.evaluate(RunBefores.java:26)
	at org.junit.internal.runners.statements.RunAfters.evaluate(RunAfters.java:27)
	at org.junit.runners.ParentRunner.run(ParentRunner.java:309)
	at org.apache.maven.surefire.junit4.JUnit4Provider.execute(JUnit4Provider.java:365)
	at org.apache.maven.surefire.junit4.JUnit4Provider.executeWithRerun(JUnit4Provider.java:273)
	at org.apache.maven.surefire.junit4.JUnit4Provider.executeTestSet(JUnit4Provider.java:238)
	at org.apache.maven.surefire.junit4.JUnit4Provider.invoke(JUnit4Provider.java:159)
	at org.apache.maven.surefire.booter.ForkedBooter.invokeProviderInSameClassLoader(ForkedBooter.java:384)
	at org.apache.maven.surefire.booter.ForkedBooter.runSuitesInProcess(ForkedBooter.java:345)
	at org.apache.maven.surefire.booter.ForkedBooter.execute(ForkedBooter.java:126)
	at org.apache.maven.surefire.booter.ForkedBooter.main(ForkedBooter.java:418)
Caused by: org.apache.ratis.protocol.NotReplicatedException: Request with call Id 9 and log index 2 is not yet replicated to ALL_COMMITTED
	at org.apache.ratis.client.impl.ClientProtoUtils.toRaftClientReply(ClientProtoUtils.java:274)
	at org.apache.ratis.grpc.client.GrpcClientProtocolClient$AsyncStreamObservers$1.onNext(GrpcClientProtocolClient.java:268)
	at org.apache.ratis.grpc.client.GrpcClientProtocolClient$AsyncStreamObservers$1.onNext(GrpcClientProtocolClient.java:263)
	at org.apache.ratis.thirdparty.io.grpc.stub.ClientCalls$StreamObserverToCallListenerAdapter.onMessage(ClientCalls.java:440)
	at org.apache.ratis.thirdparty.io.grpc.internal.ClientCallImpl$ClientStreamListenerImpl$1MessagesAvailable.runInternal(ClientCallImpl.java:658)
	at org.apache.ratis.thirdparty.io.grpc.internal.ClientCallImpl$ClientStreamListenerImpl$1MessagesAvailable.runInContext(ClientCallImpl.java:643)
	at org.apache.ratis.thirdparty.io.grpc.internal.ContextRunnable.run(ContextRunnable.java:37)
	at org.apache.ratis.thirdparty.io.grpc.internal.SerializingExecutor.run(SerializingExecutor.java:123)
	at java.util.concurrent.ThreadPoolExecutor.runWorker(ThreadPoolExecutor.java:1149)
	at java.util.concurrent.ThreadPoolExecutor$Worker.run(ThreadPoolExecutor.java:624)
	at java.lang.Thread.run(Thread.java:748)
2020-07-25 01:02:18,056 [Listener at 127.0.0.1/46235] INFO  scm.XceiverClientRatis (XceiverClientRatis.java:lambda$watchForCommit$6(283)) - Could not commit index 2 on pipeline Pipeline[ Id: 94add4dd-c2e5-449d-a6a5-57bf5d47c6ed, Nodes: 2517e29b-b07d-40ad-9ebb-623fe5ac5d94{ip: 172.17.0.2, host: 5c9f90e4d07c, networkLocation: /default-rack, certSerialId: null}7b4241cc-32b5-44c8-9f52-556ae19c7244{ip: 172.17.0.2, host: 5c9f90e4d07c, networkLocation: /default-rack, certSerialId: null}8f716576-a848-46a4-ac48-6b569584c3fb{ip: 172.17.0.2, host: 5c9f90e4d07c, networkLocation: /default-rack, certSerialId: null}, Type:RATIS, Factor:THREE, State:OPEN, leaderId:2517e29b-b07d-40ad-9ebb-623fe5ac5d94, CreationTimestamp2020-07-25T01:01:59.257Z] to all the nodes. Server 7b4241cc-32b5-44c8-9f52-556ae19c7244 has failed. Committed by majority.
2020-07-25 01:02:18,057 [Listener at 127.0.0.1/46235] WARN  storage.BlockOutputStream (BlockOutputStream.java:watchForCommit(357)) - Failed to commit BlockId conID: 1 locID: 104571792834363392 bcsId: 2 on Pipeline[ Id: 94add4dd-c2e5-449d-a6a5-57bf5d47c6ed, Nodes: 2517e29b-b07d-40ad-9ebb-623fe5ac5d94{ip: 172.17.0.2, host: 5c9f90e4d07c, networkLocation: /default-rack, certSerialId: null}7b4241cc-32b5-44c8-9f52-556ae19c7244{ip: 172.17.0.2, host: 5c9f90e4d07c, networkLocation: /default-rack, certSerialId: null}8f716576-a848-46a4-ac48-6b569584c3fb{ip: 172.17.0.2, host: 5c9f90e4d07c, networkLocation: /default-rack, certSerialId: null}, Type:RATIS, Factor:THREE, State:OPEN, leaderId:2517e29b-b07d-40ad-9ebb-623fe5ac5d94, CreationTimestamp2020-07-25T01:01:59.257Z]. Failed nodes: [7b4241cc-32b5-44c8-9f52-556ae19c7244{ip: null, host: null, networkLocation: /default-rack, certSerialId: null}]
2020-07-25 01:02:18,087 [grpc-default-executor-2] WARN  server.GrpcLogAppender (LogUtils.java:warn(122)) - 2517e29b-b07d-40ad-9ebb-623fe5ac5d94@group-57BF5D47C6ED->7b4241cc-32b5-44c8-9f52-556ae19c7244-AppendLogResponseHandler: Failed appendEntries: org.apache.ratis.thirdparty.io.grpc.StatusRuntimeException: UNAVAILABLE: io exception
2020-07-25 01:02:18,088 [grpc-default-executor-2] INFO  impl.FollowerInfo (FollowerInfo.java:lambda$new$0(51)) - 2517e29b-b07d-40ad-9ebb-623fe5ac5d94@group-57BF5D47C6ED->7b4241cc-32b5-44c8-9f52-556ae19c7244: nextIndex: updateUnconditionally 1 -> 0
2020-07-25 01:02:18,095 [grpc-default-executor-2] WARN  server.GrpcLogAppender (LogUtils.java:warn(122)) - 2517e29b-b07d-40ad-9ebb-623fe5ac5d94@group-57BF5D47C6ED->7b4241cc-32b5-44c8-9f52-556ae19c7244-AppendLogResponseHandler: Failed appendEntries: org.apache.ratis.thirdparty.io.grpc.StatusRuntimeException: UNAVAILABLE: io exception
2020-07-25 01:02:18,096 [grpc-default-executor-2] INFO  impl.FollowerInfo (FollowerInfo.java:lambda$new$0(51)) - 2517e29b-b07d-40ad-9ebb-623fe5ac5d94@group-57BF5D47C6ED->7b4241cc-32b5-44c8-9f52-556ae19c7244: nextIndex: updateUnconditionally 1 -> 0
2020-07-25 01:02:18,101 [RatisApplyTransactionExecutor 1] INFO  interfaces.Container (KeyValueContainer.java:flushAndSyncDB(382)) - Container 1 is synced with bcsId 2.
2020-07-25 01:02:18,101 [RatisApplyTransactionExecutor 1] INFO  interfaces.Container (KeyValueContainer.java:flushAndSyncDB(382)) - Container 1 is synced with bcsId 2.
2020-07-25 01:02:18,106 [RatisApplyTransactionExecutor 1] INFO  interfaces.Container (KeyValueContainer.java:flushAndSyncDB(382)) - Container 1 is synced with bcsId 2.
2020-07-25 01:02:18,111 [RatisApplyTransactionExecutor 1] INFO  interfaces.Container (KeyValueContainer.java:flushAndSyncDB(382)) - Container 1 is synced with bcsId 2.
2020-07-25 01:02:18,115 [grpc-default-executor-1] WARN  server.GrpcLogAppender (LogUtils.java:warn(122)) - 2517e29b-b07d-40ad-9ebb-623fe5ac5d94@group-57BF5D47C6ED->7b4241cc-32b5-44c8-9f52-556ae19c7244-AppendLogResponseHandler: Failed appendEntries: org.apache.ratis.thirdparty.io.grpc.StatusRuntimeException: UNAVAILABLE: io exception
2020-07-25 01:02:18,116 [grpc-default-executor-1] INFO  impl.FollowerInfo (FollowerInfo.java:lambda$new$0(51)) - 2517e29b-b07d-40ad-9ebb-623fe5ac5d94@group-57BF5D47C6ED->7b4241cc-32b5-44c8-9f52-556ae19c7244: nextIndex: updateUnconditionally 1 -> 0
2020-07-25 01:02:18,116 [RatisApplyTransactionExecutor 1] INFO  interfaces.Container (KeyValueContainer.java:close(320)) - Container 1 is closed with bcsId 2.
2020-07-25 01:02:18,117 [RatisApplyTransactionExecutor 1] INFO  interfaces.Container (KeyValueContainer.java:close(320)) - Container 1 is closed with bcsId 2.
2020-07-25 01:02:18,118 [EventQueue-IncrementalContainerReportForIncrementalContainerReportHandler] INFO  container.IncrementalContainerReportHandler (AbstractContainerReportHandler.java:updateContainerState(171)) - Moving container #1 to CLOSED state, datanode 8f716576-a848-46a4-ac48-6b569584c3fb{ip: 172.17.0.2, host: 5c9f90e4d07c, networkLocation: /default-rack, certSerialId: null} reported CLOSED replica.
2020-07-25 01:02:18,140 [BlockDeletingService#2] WARN  background.BlockDeletingService (BlockDeletingService.java:isDeletionAllowed(186)) - Close Container log Index 2 is not replicated across all the servers in the pipeline 94add4dd-c2e5-449d-a6a5-57bf5d47c6ed as the min replicated index is 0. Deletion is not allowed in this container yet.
2020-07-25 01:02:18,922 [IPC Server handler 0 on default port 33583] INFO  server.SCMBlockProtocolServer (SCMBlockProtocolServer.java:deleteKeyBlocks(220)) - SCM is informed by OM to delete 1 blocks
2020-07-25 01:02:18,922 [IPC Server handler 0 on default port 33583] INFO  block.BlockManagerImpl (BlockManagerImpl.java:deleteBlocks(290)) - Deleting blocks conID: 1 locID: 104571792834363392 bcsId: 0
2020-07-25 01:02:18,988 [SCMBlockDeletingService#1] INFO  block.SCMBlockDeletingService (SCMBlockDeletingService.java:call(181)) - Totally added 2 delete blocks command for 2 datanodes, task elapsed time: 5ms
2020-07-25 01:02:18,989 [CommandWatcher-LeaseManager#LeaseMonitor] ERROR lease.LeaseManager (LeaseManager.java:run(238)) - Execution was interrupted 
java.lang.InterruptedException: sleep interrupted
	at java.lang.Thread.sleep(Native Method)
	at org.apache.hadoop.ozone.lease.LeaseManager$LeaseMonitor.run(LeaseManager.java:234)
	at java.lang.Thread.run(Thread.java:748)
2020-07-25 01:02:19,020 [BlockDeletingService#2] WARN  background.BlockDeletingService (BlockDeletingService.java:isDeletionAllowed(186)) - Close Container log Index 2 is not replicated across all the servers in the pipeline 94add4dd-c2e5-449d-a6a5-57bf5d47c6ed as the min replicated index is 0. Deletion is not allowed in this container yet.
2020-07-25 01:02:19,141 [BlockDeletingService#2] WARN  background.BlockDeletingService (BlockDeletingService.java:isDeletionAllowed(186)) - Close Container log Index 2 is not replicated across all the servers in the pipeline 94add4dd-c2e5-449d-a6a5-57bf5d47c6ed as the min replicated index is 0. Deletion is not allowed in this container yet.
2020-07-25 01:02:19,219 [Command processor thread] INFO  commandhandler.DeleteBlocksCommandHandler (DeleteBlocksCommandHandler.java:handle(108)) - Start to delete container blocks, TXIDs=[1(0)], numOfContainers=1, numOfBlocks=1
2020-07-25 01:02:19,222 [EventQueue-PendingDeleteStatusForPendingDeleteHandler] INFO  block.SCMBlockDeletingService (SCMBlockDeletingService.java:handlePendingDeletes(112)) - Block deletion txnID mismatch in datanode 2517e29b-b07d-40ad-9ebb-623fe5ac5d94 for containerID 1. Datanode delete txnID: 0, SCM txnID: 1
]]></system-out>
    <system-err><![CDATA[ERROR StatusLogger No Log4j 2 configuration file found. Using default configuration (logging only errors to the console), or user programmatically provided configurations. Set system property 'log4j2.debug' to show Log4j 2 internal initialization logging. See https://logging.apache.org/log4j/2.x/manual/configuration.html for instructions on how to configure Log4j 2
]]></system-err>
  </testcase>
</testsuite>