<?xml version="1.0" encoding="UTF-8"?>
<testsuite xmlns:xsi="http://www.w3.org/2001/XMLSchema-instance" xsi:noNamespaceSchemaLocation="https://maven.apache.org/surefire/maven-surefire-plugin/xsd/surefire-test-report.xsd" name="org.apache.hadoop.ozone.client.rpc.TestWatchForCommit" time="214.545" tests="4" errors="1" skipped="0" failures="0">
  <properties>
    <property name="awt.toolkit" value="sun.awt.X11.XToolkit"/>
    <property name="file.encoding.pkg" value="sun.io"/>
    <property name="java.specification.version" value="1.8"/>
    <property name="sun.cpu.isalist" value=""/>
    <property name="sun.jnu.encoding" value="ANSI_X3.4-1968"/>
    <property name="java.class.path" value="/github/workspace/mnt/ozone/hadoop-ozone/integration-test/target/test-classes:/github/workspace/mnt/ozone/hadoop-ozone/integration-test/target/classes:/home/user/.m2/repository/org/apache/hadoop/hadoop-ozone-common/0.6.0-SNAPSHOT/hadoop-ozone-common-0.6.0-SNAPSHOT.jar:/home/user/.m2/repository/org/apache/commons/commons-compress/1.4.1/commons-compress-1.4.1.jar:/home/user/.m2/repository/org/tukaani/xz/1.0/xz-1.0.jar:/home/user/.m2/repository/org/apache/hadoop/hadoop-hdds-common/0.6.0-SNAPSHOT/hadoop-hdds-common-0.6.0-SNAPSHOT.jar:/home/user/.m2/repository/org/apache/hadoop/hadoop-hdds-hadoop-dependency-client/0.6.0-SNAPSHOT/hadoop-hdds-hadoop-dependency-client-0.6.0-SNAPSHOT.jar:/home/user/.m2/repository/info/picocli/picocli/3.9.6/picocli-3.9.6.jar:/home/user/.m2/repository/com/fasterxml/jackson/core/jackson-annotations/2.10.3/jackson-annotations-2.10.3.jar:/home/user/.m2/repository/javax/annotation/javax.annotation-api/1.2/javax.annotation-api-1.2.jar:/home/user/.m2/repository/org/apache/ratis/ratis-server/1.0.0/ratis-server-1.0.0.jar:/home/user/.m2/repository/org/apache/ratis/ratis-client/1.0.0/ratis-client-1.0.0.jar:/home/user/.m2/repository/org/apache/ratis/ratis-metrics/1.0.0/ratis-metrics-1.0.0.jar:/home/user/.m2/repository/org/apache/ratis/ratis-netty/1.0.0/ratis-netty-1.0.0.jar:/home/user/.m2/repository/org/apache/ratis/ratis-grpc/1.0.0/ratis-grpc-1.0.0.jar:/home/user/.m2/repository/org/apache/logging/log4j/log4j-api/2.11.0/log4j-api-2.11.0.jar:/home/user/.m2/repository/org/apache/logging/log4j/log4j-core/2.11.0/log4j-core-2.11.0.jar:/home/user/.m2/repository/com/lmax/disruptor/3.4.2/disruptor-3.4.2.jar:/home/user/.m2/repository/org/apache/commons/commons-pool2/2.6.0/commons-pool2-2.6.0.jar:/home/user/.m2/repository/org/bouncycastle/bcpkix-jdk15on/1.60/bcpkix-jdk15on-1.60.jar:/home/user/.m2/repository/commons-validator/commons-validator/1.6/commons-validator-1.6.jar:/home/user/.m2/repository/commons-digester/commons-digester/1.8.1/commons-digester-1.8.1.jar:/home/user/.m2/repository/io/jaegertracing/jaeger-client/1.2.0/jaeger-client-1.2.0.jar:/home/user/.m2/repository/io/jaegertracing/jaeger-thrift/1.2.0/jaeger-thrift-1.2.0.jar:/home/user/.m2/repository/org/apache/thrift/libthrift/0.13.0/libthrift-0.13.0.jar:/home/user/.m2/repository/com/squareup/okhttp3/okhttp/4.2.2/okhttp-4.2.2.jar:/home/user/.m2/repository/com/squareup/okio/okio/2.2.2/okio-2.2.2.jar:/home/user/.m2/repository/org/jetbrains/kotlin/kotlin-stdlib/1.3.50/kotlin-stdlib-1.3.50.jar:/home/user/.m2/repository/org/jetbrains/kotlin/kotlin-stdlib-common/1.3.50/kotlin-stdlib-common-1.3.50.jar:/home/user/.m2/repository/org/jetbrains/annotations/13.0/annotations-13.0.jar:/home/user/.m2/repository/io/jaegertracing/jaeger-core/1.2.0/jaeger-core-1.2.0.jar:/home/user/.m2/repository/io/jaegertracing/jaeger-tracerresolver/1.2.0/jaeger-tracerresolver-1.2.0.jar:/home/user/.m2/repository/io/opentracing/contrib/opentracing-tracerresolver/0.1.8/opentracing-tracerresolver-0.1.8.jar:/home/user/.m2/repository/io/opentracing/opentracing-util/0.33.0/opentracing-util-0.33.0.jar:/home/user/.m2/repository/io/opentracing/opentracing-api/0.33.0/opentracing-api-0.33.0.jar:/home/user/.m2/repository/io/opentracing/opentracing-noop/0.33.0/opentracing-noop-0.33.0.jar:/home/user/.m2/repository/org/apache/hadoop/hadoop-hdds-client/0.6.0-SNAPSHOT/hadoop-hdds-client-0.6.0-SNAPSHOT.jar:/home/user/.m2/repository/org/apache/hadoop/hadoop-ozone-interface-client/0.6.0-SNAPSHOT/hadoop-ozone-interface-client-0.6.0-SNAPSHOT.jar:/home/user/.m2/repository/org/apache/hadoop/hadoop-hdds-test-utils/0.6.0-SNAPSHOT/hadoop-hdds-test-utils-0.6.0-SNAPSHOT.jar:/home/user/.m2/repository/com/google/guava/guava/28.2-jre/guava-28.2-jre.jar:/home/user/.m2/repository/com/google/guava/failureaccess/1.0.1/failureaccess-1.0.1.jar:/home/user/.m2/repository/com/google/guava/listenablefuture/9999.0-empty-to-avoid-conflict-with-guava/listenablefuture-9999.0-empty-to-avoid-conflict-with-guava.jar:/home/user/.m2/repository/com/google/code/findbugs/jsr305/3.0.0/jsr305-3.0.0.jar:/home/user/.m2/repository/org/checkerframework/checker-qual/2.10.0/checker-qual-2.10.0.jar:/home/user/.m2/repository/com/google/errorprone/error_prone_annotations/2.2.0/error_prone_annotations-2.2.0.jar:/home/user/.m2/repository/com/google/j2objc/j2objc-annotations/1.3/j2objc-annotations-1.3.jar:/home/user/.m2/repository/commons-io/commons-io/2.5/commons-io-2.5.jar:/home/user/.m2/repository/commons-logging/commons-logging/1.2/commons-logging-1.2.jar:/home/user/.m2/repository/log4j/log4j/1.2.17/log4j-1.2.17.jar:/home/user/.m2/repository/org/slf4j/slf4j-api/1.7.25/slf4j-api-1.7.25.jar:/home/user/.m2/repository/org/apache/hadoop/hadoop-hdds-server-scm/0.6.0-SNAPSHOT/hadoop-hdds-server-scm-0.6.0-SNAPSHOT.jar:/home/user/.m2/repository/org/apache/hadoop/hadoop-hdds-container-service/0.6.0-SNAPSHOT/hadoop-hdds-container-service-0.6.0-SNAPSHOT.jar:/home/user/.m2/repository/org/apache/hadoop/hadoop-hdds-hadoop-dependency-server/0.6.0-SNAPSHOT/hadoop-hdds-hadoop-dependency-server-0.6.0-SNAPSHOT.jar:/home/user/.m2/repository/org/apache/hadoop/hadoop-hdds-server-framework/0.6.0-SNAPSHOT/hadoop-hdds-server-framework-0.6.0-SNAPSHOT.jar:/home/user/.m2/repository/org/apache/hadoop/hadoop-hdds-interface-server/0.6.0-SNAPSHOT/hadoop-hdds-interface-server-0.6.0-SNAPSHOT.jar:/home/user/.m2/repository/org/apache/hadoop/hadoop-hdds-interface-admin/0.6.0-SNAPSHOT/hadoop-hdds-interface-admin-0.6.0-SNAPSHOT.jar:/home/user/.m2/repository/org/rocksdb/rocksdbjni/6.8.1/rocksdbjni-6.8.1.jar:/home/user/.m2/repository/io/prometheus/simpleclient_dropwizard/0.7.0/simpleclient_dropwizard-0.7.0.jar:/home/user/.m2/repository/io/prometheus/simpleclient/0.7.0/simpleclient-0.7.0.jar:/home/user/.m2/repository/io/prometheus/simpleclient_common/0.7.0/simpleclient_common-0.7.0.jar:/home/user/.m2/repository/com/fasterxml/jackson/datatype/jackson-datatype-jsr310/2.10.3/jackson-datatype-jsr310-2.10.3.jar:/home/user/.m2/repository/org/apache/hadoop/hadoop-hdds-docs/0.6.0-SNAPSHOT/hadoop-hdds-docs-0.6.0-SNAPSHOT.jar:/home/user/.m2/repository/io/dropwizard/metrics/metrics-core/3.2.4/metrics-core-3.2.4.jar:/home/user/.m2/repository/org/apache/hadoop/hadoop-hdfs-client/3.2.1/hadoop-hdfs-client-3.2.1.jar:/home/user/.m2/repository/org/bouncycastle/bcprov-jdk15on/1.60/bcprov-jdk15on-1.60.jar:/home/user/.m2/repository/org/apache/hadoop/hadoop-ozone-ozone-manager/0.6.0-SNAPSHOT/hadoop-ozone-ozone-manager-0.6.0-SNAPSHOT.jar:/home/user/.m2/repository/org/apache/hadoop/hadoop-hdds-interface-client/0.6.0-SNAPSHOT/hadoop-hdds-interface-client-0.6.0-SNAPSHOT.jar:/home/user/.m2/repository/org/apache/ratis/ratis-thirdparty-misc/0.5.0/ratis-thirdparty-misc-0.5.0.jar:/home/user/.m2/repository/org/apache/hadoop/hadoop-minikdc/3.2.1/hadoop-minikdc-3.2.1.jar:/home/user/.m2/repository/org/apache/kerby/kerb-simplekdc/1.0.1/kerb-simplekdc-1.0.1.jar:/home/user/.m2/repository/org/apache/kerby/kerb-client/1.0.1/kerb-client-1.0.1.jar:/home/user/.m2/repository/org/apache/kerby/kerby-config/1.0.1/kerby-config-1.0.1.jar:/home/user/.m2/repository/org/apache/kerby/kerb-core/1.0.1/kerb-core-1.0.1.jar:/home/user/.m2/repository/org/apache/kerby/kerby-pkix/1.0.1/kerby-pkix-1.0.1.jar:/home/user/.m2/repository/org/apache/kerby/kerby-asn1/1.0.1/kerby-asn1-1.0.1.jar:/home/user/.m2/repository/org/apache/kerby/kerby-util/1.0.1/kerby-util-1.0.1.jar:/home/user/.m2/repository/org/apache/kerby/kerb-common/1.0.1/kerb-common-1.0.1.jar:/home/user/.m2/repository/org/apache/kerby/kerb-crypto/1.0.1/kerb-crypto-1.0.1.jar:/home/user/.m2/repository/org/apache/kerby/kerb-util/1.0.1/kerb-util-1.0.1.jar:/home/user/.m2/repository/org/apache/kerby/token-provider/1.0.1/token-provider-1.0.1.jar:/home/user/.m2/repository/org/apache/kerby/kerb-admin/1.0.1/kerb-admin-1.0.1.jar:/home/user/.m2/repository/org/apache/kerby/kerb-server/1.0.1/kerb-server-1.0.1.jar:/home/user/.m2/repository/org/apache/kerby/kerb-identity/1.0.1/kerb-identity-1.0.1.jar:/home/user/.m2/repository/org/apache/kerby/kerby-xdr/1.0.1/kerby-xdr-1.0.1.jar:/home/user/.m2/repository/org/slf4j/slf4j-log4j12/1.7.25/slf4j-log4j12-1.7.25.jar:/home/user/.m2/repository/org/apache/hadoop/hadoop-ozone-s3gateway/0.6.0-SNAPSHOT/hadoop-ozone-s3gateway-0.6.0-SNAPSHOT.jar:/home/user/.m2/repository/org/jboss/weld/servlet/weld-servlet/2.4.7.Final/weld-servlet-2.4.7.Final.jar:/home/user/.m2/repository/org/glassfish/jersey/containers/jersey-container-servlet-core/2.27/jersey-container-servlet-core-2.27.jar:/home/user/.m2/repository/org/glassfish/hk2/external/javax.inject/2.5.0-b42/javax.inject-2.5.0-b42.jar:/home/user/.m2/repository/org/glassfish/jersey/core/jersey-common/2.27/jersey-common-2.27.jar:/home/user/.m2/repository/org/glassfish/hk2/osgi-resource-locator/1.0.1/osgi-resource-locator-1.0.1.jar:/home/user/.m2/repository/javax/ws/rs/javax.ws.rs-api/2.1/javax.ws.rs-api-2.1.jar:/home/user/.m2/repository/org/glassfish/jersey/ext/cdi/jersey-cdi1x/2.27/jersey-cdi1x-2.27.jar:/home/user/.m2/repository/org/glassfish/jersey/inject/jersey-hk2/2.27/jersey-hk2-2.27.jar:/home/user/.m2/repository/org/glassfish/hk2/hk2-locator/2.5.0-b42/hk2-locator-2.5.0-b42.jar:/home/user/.m2/repository/org/javassist/javassist/3.22.0-CR2/javassist-3.22.0-CR2.jar:/home/user/.m2/repository/org/glassfish/hk2/hk2-api/2.5.0/hk2-api-2.5.0.jar:/home/user/.m2/repository/org/glassfish/hk2/external/jakarta.inject/2.5.0/jakarta.inject-2.5.0.jar:/home/user/.m2/repository/org/glassfish/hk2/hk2-utils/2.5.0/hk2-utils-2.5.0.jar:/home/user/.m2/repository/jakarta/annotation/jakarta.annotation-api/1.3.4/jakarta.annotation-api-1.3.4.jar:/home/user/.m2/repository/org/glassfish/hk2/external/aopalliance-repackaged/2.5.0/aopalliance-repackaged-2.5.0.jar:/home/user/.m2/repository/com/fasterxml/jackson/dataformat/jackson-dataformat-xml/2.10.3/jackson-dataformat-xml-2.10.3.jar:/home/user/.m2/repository/com/fasterxml/jackson/core/jackson-core/2.10.3/jackson-core-2.10.3.jar:/home/user/.m2/repository/com/fasterxml/jackson/module/jackson-module-jaxb-annotations/2.10.3/jackson-module-jaxb-annotations-2.10.3.jar:/home/user/.m2/repository/jakarta/xml/bind/jakarta.xml.bind-api/2.3.2/jakarta.xml.bind-api-2.3.2.jar:/home/user/.m2/repository/jakarta/activation/jakarta.activation-api/1.2.1/jakarta.activation-api-1.2.1.jar:/home/user/.m2/repository/org/codehaus/woodstox/stax2-api/3.1.4/stax2-api-3.1.4.jar:/home/user/.m2/repository/com/fasterxml/woodstox/woodstox-core/5.0.3/woodstox-core-5.0.3.jar:/home/user/.m2/repository/javax/enterprise/cdi-api/1.2/cdi-api-1.2.jar:/home/user/.m2/repository/javax/el/javax.el-api/3.0.0/javax.el-api-3.0.0.jar:/home/user/.m2/repository/javax/interceptor/javax.interceptor-api/1.2/javax.interceptor-api-1.2.jar:/home/user/.m2/repository/javax/inject/javax.inject/1/javax.inject-1.jar:/home/user/.m2/repository/com/sun/xml/bind/jaxb-impl/2.3.0.1/jaxb-impl-2.3.0.1.jar:/home/user/.m2/repository/com/sun/xml/bind/jaxb-core/2.3.0.1/jaxb-core-2.3.0.1.jar:/home/user/.m2/repository/javax/xml/bind/jaxb-api/2.3.0/jaxb-api-2.3.0.jar:/home/user/.m2/repository/javax/activation/activation/1.1.1/activation-1.1.1.jar:/home/user/.m2/repository/org/apache/hadoop/hadoop-ozone-csi/0.6.0-SNAPSHOT/hadoop-ozone-csi-0.6.0-SNAPSHOT.jar:/home/user/.m2/repository/com/google/protobuf/protobuf-java-util/3.11.0/protobuf-java-util-3.11.0.jar:/home/user/.m2/repository/com/google/code/gson/gson/2.2.4/gson-2.2.4.jar:/home/user/.m2/repository/org/apache/hadoop/hadoop-hdds-config/0.6.0-SNAPSHOT/hadoop-hdds-config-0.6.0-SNAPSHOT.jar:/home/user/.m2/repository/com/google/protobuf/protobuf-java/2.5.0/protobuf-java-2.5.0.jar:/home/user/.m2/repository/io/grpc/grpc-netty/1.29.0/grpc-netty-1.29.0.jar:/home/user/.m2/repository/io/grpc/grpc-core/1.29.0/grpc-core-1.29.0.jar:/home/user/.m2/repository/com/google/android/annotations/4.1.1.4/annotations-4.1.1.4.jar:/home/user/.m2/repository/io/perfmark/perfmark-api/0.19.0/perfmark-api-0.19.0.jar:/home/user/.m2/repository/io/netty/netty-codec-http2/4.1.48.Final/netty-codec-http2-4.1.48.Final.jar:/home/user/.m2/repository/io/netty/netty-codec/4.1.48.Final/netty-codec-4.1.48.Final.jar:/home/user/.m2/repository/io/netty/netty-handler/4.1.48.Final/netty-handler-4.1.48.Final.jar:/home/user/.m2/repository/io/netty/netty-codec-http/4.1.48.Final/netty-codec-http-4.1.48.Final.jar:/home/user/.m2/repository/io/netty/netty-handler-proxy/4.1.48.Final/netty-handler-proxy-4.1.48.Final.jar:/home/user/.m2/repository/io/netty/netty-codec-socks/4.1.48.Final/netty-codec-socks-4.1.48.Final.jar:/home/user/.m2/repository/io/netty/netty-transport-native-epoll/4.1.48.Final/netty-transport-native-epoll-4.1.48.Final.jar:/home/user/.m2/repository/io/netty/netty-common/4.1.48.Final/netty-common-4.1.48.Final.jar:/home/user/.m2/repository/io/netty/netty-buffer/4.1.48.Final/netty-buffer-4.1.48.Final.jar:/home/user/.m2/repository/io/netty/netty-transport/4.1.48.Final/netty-transport-4.1.48.Final.jar:/home/user/.m2/repository/io/netty/netty-resolver/4.1.48.Final/netty-resolver-4.1.48.Final.jar:/home/user/.m2/repository/io/netty/netty-transport-native-unix-common/4.1.48.Final/netty-transport-native-unix-common-4.1.48.Final.jar:/home/user/.m2/repository/io/grpc/grpc-protobuf/1.29.0/grpc-protobuf-1.29.0.jar:/home/user/.m2/repository/io/grpc/grpc-api/1.29.0/grpc-api-1.29.0.jar:/home/user/.m2/repository/io/grpc/grpc-context/1.29.0/grpc-context-1.29.0.jar:/home/user/.m2/repository/org/codehaus/mojo/animal-sniffer-annotations/1.18/animal-sniffer-annotations-1.18.jar:/home/user/.m2/repository/com/google/api/grpc/proto-google-common-protos/1.17.0/proto-google-common-protos-1.17.0.jar:/home/user/.m2/repository/io/grpc/grpc-protobuf-lite/1.29.0/grpc-protobuf-lite-1.29.0.jar:/home/user/.m2/repository/io/grpc/grpc-stub/1.29.0/grpc-stub-1.29.0.jar:/home/user/.m2/repository/org/apache/hadoop/hadoop-ozone-recon/0.6.0-SNAPSHOT/hadoop-ozone-recon-0.6.0-SNAPSHOT.jar:/home/user/.m2/repository/org/apache/hadoop/hadoop-ozone-reconcodegen/0.6.0-SNAPSHOT/hadoop-ozone-reconcodegen-0.6.0-SNAPSHOT.jar:/home/user/.m2/repository/com/google/inject/extensions/guice-multibindings/4.0/guice-multibindings-4.0.jar:/home/user/.m2/repository/com/google/inject/guice/4.0/guice-4.0.jar:/home/user/.m2/repository/aopalliance/aopalliance/1.0/aopalliance-1.0.jar:/home/user/.m2/repository/com/google/inject/extensions/guice-assistedinject/4.0/guice-assistedinject-4.0.jar:/home/user/.m2/repository/com/google/inject/extensions/guice-servlet/4.0/guice-servlet-4.0.jar:/home/user/.m2/repository/org/glassfish/jersey/containers/jersey-container-servlet/2.27/jersey-container-servlet-2.27.jar:/home/user/.m2/repository/org/glassfish/hk2/guice-bridge/2.5.0/guice-bridge-2.5.0.jar:/home/user/.m2/repository/org/glassfish/jersey/core/jersey-server/2.27/jersey-server-2.27.jar:/home/user/.m2/repository/org/glassfish/jersey/core/jersey-client/2.27/jersey-client-2.27.jar:/home/user/.m2/repository/org/glassfish/jersey/media/jersey-media-jaxb/2.27/jersey-media-jaxb-2.27.jar:/home/user/.m2/repository/javax/validation/validation-api/1.1.0.Final/validation-api-1.1.0.Final.jar:/home/user/.m2/repository/org/glassfish/jersey/media/jersey-media-json-jackson/2.27/jersey-media-json-jackson-2.27.jar:/home/user/.m2/repository/org/glassfish/jersey/ext/jersey-entity-filtering/2.27/jersey-entity-filtering-2.27.jar:/home/user/.m2/repository/org/jooq/jooq/3.11.10/jooq-3.11.10.jar:/home/user/.m2/repository/org/jooq/jooq-meta/3.11.10/jooq-meta-3.11.10.jar:/home/user/.m2/repository/org/jooq/jooq-codegen/3.11.10/jooq-codegen-3.11.10.jar:/home/user/.m2/repository/com/jolbox/bonecp/0.8.0.RELEASE/bonecp-0.8.0.RELEASE.jar:/home/user/.m2/repository/org/apache/derby/derby/10.14.2.0/derby-10.14.2.0.jar:/home/user/.m2/repository/org/xerial/sqlite-jdbc/3.25.2/sqlite-jdbc-3.25.2.jar:/home/user/.m2/repository/org/springframework/spring-jdbc/5.2.5.RELEASE/spring-jdbc-5.2.5.RELEASE.jar:/home/user/.m2/repository/org/springframework/spring-beans/5.2.5.RELEASE/spring-beans-5.2.5.RELEASE.jar:/home/user/.m2/repository/org/springframework/spring-core/5.2.5.RELEASE/spring-core-5.2.5.RELEASE.jar:/home/user/.m2/repository/org/springframework/spring-jcl/5.2.5.RELEASE/spring-jcl-5.2.5.RELEASE.jar:/home/user/.m2/repository/org/springframework/spring-tx/5.2.5.RELEASE/spring-tx-5.2.5.RELEASE.jar:/home/user/.m2/repository/org/apache/hadoop/hadoop-ozone-client/0.6.0-SNAPSHOT/hadoop-ozone-client-0.6.0-SNAPSHOT.jar:/home/user/.m2/repository/org/apache/hadoop/hadoop-ozone-filesystem/0.6.0-SNAPSHOT/hadoop-ozone-filesystem-0.6.0-SNAPSHOT.jar:/home/user/.m2/repository/org/apache/hadoop/hadoop-ozone-filesystem-common/0.6.0-SNAPSHOT/hadoop-ozone-filesystem-common-0.6.0-SNAPSHOT.jar:/home/user/.m2/repository/org/apache/hadoop/hadoop-ozone-tools/0.6.0-SNAPSHOT/hadoop-ozone-tools-0.6.0-SNAPSHOT.jar:/home/user/.m2/repository/org/apache/hadoop/hadoop-hdfs/3.2.1/hadoop-hdfs-3.2.1.jar:/home/user/.m2/repository/org/apache/ratis/ratis-tools/1.0.0/ratis-tools-1.0.0.jar:/home/user/.m2/repository/org/apache/ratis/ratis-proto/1.0.0/ratis-proto-1.0.0.jar:/home/user/.m2/repository/org/apache/ratis/ratis-common/1.0.0/ratis-common-1.0.0.jar:/home/user/.m2/repository/com/amazonaws/aws-java-sdk-core/1.11.615/aws-java-sdk-core-1.11.615.jar:/home/user/.m2/repository/org/apache/httpcomponents/httpclient/4.5.2/httpclient-4.5.2.jar:/home/user/.m2/repository/org/apache/httpcomponents/httpcore/4.4.4/httpcore-4.4.4.jar:/home/user/.m2/repository/software/amazon/ion/ion-java/1.0.2/ion-java-1.0.2.jar:/home/user/.m2/repository/com/fasterxml/jackson/dataformat/jackson-dataformat-cbor/2.10.3/jackson-dataformat-cbor-2.10.3.jar:/home/user/.m2/repository/joda-time/joda-time/2.8.1/joda-time-2.8.1.jar:/home/user/.m2/repository/com/amazonaws/aws-java-sdk-s3/1.11.615/aws-java-sdk-s3-1.11.615.jar:/home/user/.m2/repository/com/amazonaws/aws-java-sdk-kms/1.11.615/aws-java-sdk-kms-1.11.615.jar:/home/user/.m2/repository/com/amazonaws/jmespath-java/1.11.615/jmespath-java-1.11.615.jar:/home/user/.m2/repository/org/apache/hadoop/hadoop-hdds-tools/0.6.0-SNAPSHOT/hadoop-hdds-tools-0.6.0-SNAPSHOT.jar:/home/user/.m2/repository/commons-cli/commons-cli/1.2/commons-cli-1.2.jar:/home/user/.m2/repository/org/apache/commons/commons-lang3/3.7/commons-lang3-3.7.jar:/home/user/.m2/repository/org/apache/hadoop/hadoop-ozone-ozone-manager/0.6.0-SNAPSHOT/hadoop-ozone-ozone-manager-0.6.0-SNAPSHOT-tests.jar:/home/user/.m2/repository/junit/junit/4.11/junit-4.11.jar:/home/user/.m2/repository/org/hamcrest/hamcrest-core/1.3/hamcrest-core-1.3.jar:/home/user/.m2/repository/org/openjdk/jmh/jmh-core/1.19/jmh-core-1.19.jar:/home/user/.m2/repository/net/sf/jopt-simple/jopt-simple/4.6/jopt-simple-4.6.jar:/home/user/.m2/repository/org/apache/commons/commons-math3/3.1.1/commons-math3-3.1.1.jar:/home/user/.m2/repository/org/openjdk/jmh/jmh-generator-annprocess/1.19/jmh-generator-annprocess-1.19.jar:/home/user/.m2/repository/org/mockito/mockito-all/1.8.5/mockito-all-1.8.5.jar:/home/user/.m2/repository/org/apache/hadoop/hadoop-kms/3.2.1/hadoop-kms-3.2.1.jar:/home/user/.m2/repository/org/apache/hadoop/hadoop-auth/3.2.1/hadoop-auth-3.2.1.jar:/home/user/.m2/repository/com/nimbusds/nimbus-jose-jwt/7.9/nimbus-jose-jwt-7.9.jar:/home/user/.m2/repository/com/github/stephenc/jcip/jcip-annotations/1.0-1/jcip-annotations-1.0-1.jar:/home/user/.m2/repository/net/minidev/json-smart/2.3/json-smart-2.3.jar:/home/user/.m2/repository/net/minidev/accessors-smart/1.2/accessors-smart-1.2.jar:/home/user/.m2/repository/org/ow2/asm/asm/5.0.4/asm-5.0.4.jar:/home/user/.m2/repository/org/apache/zookeeper/zookeeper/3.4.13/zookeeper-3.4.13.jar:/home/user/.m2/repository/org/apache/yetus/audience-annotations/0.5.0/audience-annotations-0.5.0.jar:/home/user/.m2/repository/org/apache/curator/curator-framework/2.13.0/curator-framework-2.13.0.jar:/home/user/.m2/repository/com/sun/jersey/jersey-core/1.19/jersey-core-1.19.jar:/home/user/.m2/repository/javax/ws/rs/jsr311-api/1.1.1/jsr311-api-1.1.1.jar:/home/user/.m2/repository/com/sun/jersey/jersey-server/1.19/jersey-server-1.19.jar:/home/user/.m2/repository/javax/servlet/javax.servlet-api/3.1.0/javax.servlet-api-3.1.0.jar:/home/user/.m2/repository/org/eclipse/jetty/jetty-server/9.4.26.v20200117/jetty-server-9.4.26.v20200117.jar:/home/user/.m2/repository/org/eclipse/jetty/jetty-http/9.4.26.v20200117/jetty-http-9.4.26.v20200117.jar:/home/user/.m2/repository/org/eclipse/jetty/jetty-io/9.4.26.v20200117/jetty-io-9.4.26.v20200117.jar:/home/user/.m2/repository/org/eclipse/jetty/jetty-webapp/9.4.26.v20200117/jetty-webapp-9.4.26.v20200117.jar:/home/user/.m2/repository/org/eclipse/jetty/jetty-xml/9.4.26.v20200117/jetty-xml-9.4.26.v20200117.jar:/home/user/.m2/repository/org/eclipse/jetty/jetty-servlet/9.4.26.v20200117/jetty-servlet-9.4.26.v20200117.jar:/home/user/.m2/repository/org/eclipse/jetty/jetty-security/9.4.26.v20200117/jetty-security-9.4.26.v20200117.jar:/home/user/.m2/repository/org/apache/hadoop/hadoop-common/3.2.1/hadoop-common-3.2.1.jar:/home/user/.m2/repository/commons-net/commons-net/3.6/commons-net-3.6.jar:/home/user/.m2/repository/commons-collections/commons-collections/3.2.2/commons-collections-3.2.2.jar:/home/user/.m2/repository/com/sun/jersey/jersey-servlet/1.19/jersey-servlet-1.19.jar:/home/user/.m2/repository/com/sun/jersey/jersey-json/1.19/jersey-json-1.19.jar:/home/user/.m2/repository/org/codehaus/jettison/jettison/1.1/jettison-1.1.jar:/home/user/.m2/repository/org/codehaus/jackson/jackson-jaxrs/1.9.2/jackson-jaxrs-1.9.2.jar:/home/user/.m2/repository/org/codehaus/jackson/jackson-xc/1.9.2/jackson-xc-1.9.2.jar:/home/user/.m2/repository/commons-beanutils/commons-beanutils/1.9.4/commons-beanutils-1.9.4.jar:/home/user/.m2/repository/org/apache/commons/commons-configuration2/2.1.1/commons-configuration2-2.1.1.jar:/home/user/.m2/repository/org/apache/commons/commons-text/1.4/commons-text-1.4.jar:/home/user/.m2/repository/com/google/re2j/re2j/1.1/re2j-1.1.jar:/home/user/.m2/repository/com/jcraft/jsch/0.1.54/jsch-0.1.54.jar:/home/user/.m2/repository/org/apache/curator/curator-client/2.13.0/curator-client-2.13.0.jar:/home/user/.m2/repository/org/apache/curator/curator-recipes/2.13.0/curator-recipes-2.13.0.jar:/home/user/.m2/repository/dnsjava/dnsjava/2.1.7/dnsjava-2.1.7.jar:/home/user/.m2/repository/org/slf4j/jul-to-slf4j/1.7.25/jul-to-slf4j-1.7.25.jar:/home/user/.m2/repository/org/eclipse/jetty/jetty-util/9.4.26.v20200117/jetty-util-9.4.26.v20200117.jar:/home/user/.m2/repository/com/fasterxml/jackson/core/jackson-databind/2.10.3/jackson-databind-2.10.3.jar:/home/user/.m2/repository/org/apache/hadoop/hadoop-kms/3.2.1/hadoop-kms-3.2.1-tests.jar:/home/user/.m2/repository/org/apache/hadoop/hadoop-hdds-server-scm/0.6.0-SNAPSHOT/hadoop-hdds-server-scm-0.6.0-SNAPSHOT-tests.jar:/home/user/.m2/repository/org/apache/hadoop/hadoop-hdds-container-service/0.6.0-SNAPSHOT/hadoop-hdds-container-service-0.6.0-SNAPSHOT-tests.jar:/home/user/.m2/repository/org/apache/hadoop/hadoop-hdds-common/0.6.0-SNAPSHOT/hadoop-hdds-common-0.6.0-SNAPSHOT-tests.jar:/home/user/.m2/repository/org/yaml/snakeyaml/1.16/snakeyaml-1.16.jar:/home/user/.m2/repository/org/apache/hadoop/hadoop-hdds-hadoop-dependency-test/0.6.0-SNAPSHOT/hadoop-hdds-hadoop-dependency-test-0.6.0-SNAPSHOT.jar:/home/user/.m2/repository/org/apache/hadoop/hadoop-common/3.2.1/hadoop-common-3.2.1-tests.jar:/home/user/.m2/repository/javax/servlet/jsp/jsp-api/2.1/jsp-api-2.1.jar:/home/user/.m2/repository/org/apache/hadoop/hadoop-hdfs/3.2.1/hadoop-hdfs-3.2.1-tests.jar:/home/user/.m2/repository/org/eclipse/jetty/jetty-util-ajax/9.4.26.v20200117/jetty-util-ajax-9.4.26.v20200117.jar:/home/user/.m2/repository/commons-codec/commons-codec/1.11/commons-codec-1.11.jar:/home/user/.m2/repository/commons-daemon/commons-daemon/1.0.13/commons-daemon-1.0.13.jar:/home/user/.m2/repository/io/netty/netty/3.10.5.Final/netty-3.10.5.Final.jar:/home/user/.m2/repository/io/netty/netty-all/4.1.48.Final/netty-all-4.1.48.Final.jar:/home/user/.m2/repository/org/apache/htrace/htrace-core4/4.1.0-incubating/htrace-core4-4.1.0-incubating.jar:/home/user/.m2/repository/org/fusesource/leveldbjni/leveldbjni-all/1.8/leveldbjni-all-1.8.jar:/home/user/.m2/repository/org/apache/hadoop/hadoop-distcp/3.2.1/hadoop-distcp-3.2.1.jar:/home/user/.m2/repository/org/apache/hadoop/hadoop-mapreduce-client-jobclient/3.2.1/hadoop-mapreduce-client-jobclient-3.2.1.jar:/home/user/.m2/repository/org/apache/hadoop/hadoop-mapreduce-client-common/3.2.1/hadoop-mapreduce-client-common-3.2.1.jar:/home/user/.m2/repository/org/apache/hadoop/hadoop-yarn-common/3.2.1/hadoop-yarn-common-3.2.1.jar:/home/user/.m2/repository/org/apache/hadoop/hadoop-yarn-api/3.2.1/hadoop-yarn-api-3.2.1.jar:/home/user/.m2/repository/com/sun/jersey/jersey-client/1.19/jersey-client-1.19.jar:/home/user/.m2/repository/com/sun/jersey/contribs/jersey-guice/1.19/jersey-guice-1.19.jar:/home/user/.m2/repository/com/fasterxml/jackson/jaxrs/jackson-jaxrs-json-provider/2.10.3/jackson-jaxrs-json-provider-2.10.3.jar:/home/user/.m2/repository/com/fasterxml/jackson/jaxrs/jackson-jaxrs-base/2.10.3/jackson-jaxrs-base-2.10.3.jar:/home/user/.m2/repository/org/apache/hadoop/hadoop-yarn-client/3.2.1/hadoop-yarn-client-3.2.1.jar:/home/user/.m2/repository/org/apache/hadoop/hadoop-mapreduce-client-core/3.2.1/hadoop-mapreduce-client-core-3.2.1.jar:/home/user/.m2/repository/org/apache/avro/avro/1.7.7/avro-1.7.7.jar:/home/user/.m2/repository/org/codehaus/jackson/jackson-core-asl/1.9.13/jackson-core-asl-1.9.13.jar:/home/user/.m2/repository/org/codehaus/jackson/jackson-mapper-asl/1.9.13/jackson-mapper-asl-1.9.13.jar:/home/user/.m2/repository/com/thoughtworks/paranamer/paranamer/2.3/paranamer-2.3.jar:/home/user/.m2/repository/org/xerial/snappy/snappy-java/1.0.5/snappy-java-1.0.5.jar:/home/user/.m2/repository/org/apache/hadoop/hadoop-annotations/3.2.1/hadoop-annotations-3.2.1.jar:/usr/lib/jvm/java-1.8.0-openjdk-1.8.0.232.b09-0.el7_7.x86_64/jre/../lib/tools.jar:/home/user/.m2/repository/org/apache/hadoop/hadoop-distcp/3.2.1/hadoop-distcp-3.2.1-tests.jar:"/>
    <property name="java.vm.vendor" value="Oracle Corporation"/>
    <property name="sun.arch.data.model" value="64"/>
    <property name="test.build.dir" value="/github/workspace/mnt/ozone/hadoop-ozone/integration-test/target/test-dir"/>
    <property name="test.cache.data" value=""/>
    <property name="java.vendor.url" value="http://java.oracle.com/"/>
    <property name="user.timezone" value=""/>
    <property name="java.vm.specification.version" value="1.8"/>
    <property name="os.name" value="Linux"/>
    <property name="test.build.data" value="/github/workspace/mnt/ozone/hadoop-ozone/integration-test/target/test-dir"/>
    <property name="user.country" value="US"/>
    <property name="sun.java.launcher" value="SUN_STANDARD"/>
    <property name="sun.boot.library.path" value="/usr/lib/jvm/java-1.8.0-openjdk-1.8.0.232.b09-0.el7_7.x86_64/jre/lib/amd64"/>
    <property name="sun.java.command" value="/github/workspace/mnt/ozone/hadoop-ozone/integration-test/target/surefire/surefirebooter2418249131845762940.jar /github/workspace/mnt/ozone/hadoop-ozone/integration-test/target/surefire 2020-07-24T02-39-43_625-jvmRun1 surefire6660841496311239729tmp surefire_152088168357336425497tmp"/>
    <property name="surefire.test.class.path" value="/github/workspace/mnt/ozone/hadoop-ozone/integration-test/target/test-classes:/github/workspace/mnt/ozone/hadoop-ozone/integration-test/target/classes:/home/user/.m2/repository/org/apache/hadoop/hadoop-ozone-common/0.6.0-SNAPSHOT/hadoop-ozone-common-0.6.0-SNAPSHOT.jar:/home/user/.m2/repository/org/apache/commons/commons-compress/1.4.1/commons-compress-1.4.1.jar:/home/user/.m2/repository/org/tukaani/xz/1.0/xz-1.0.jar:/home/user/.m2/repository/org/apache/hadoop/hadoop-hdds-common/0.6.0-SNAPSHOT/hadoop-hdds-common-0.6.0-SNAPSHOT.jar:/home/user/.m2/repository/org/apache/hadoop/hadoop-hdds-hadoop-dependency-client/0.6.0-SNAPSHOT/hadoop-hdds-hadoop-dependency-client-0.6.0-SNAPSHOT.jar:/home/user/.m2/repository/info/picocli/picocli/3.9.6/picocli-3.9.6.jar:/home/user/.m2/repository/com/fasterxml/jackson/core/jackson-annotations/2.10.3/jackson-annotations-2.10.3.jar:/home/user/.m2/repository/javax/annotation/javax.annotation-api/1.2/javax.annotation-api-1.2.jar:/home/user/.m2/repository/org/apache/ratis/ratis-server/1.0.0/ratis-server-1.0.0.jar:/home/user/.m2/repository/org/apache/ratis/ratis-client/1.0.0/ratis-client-1.0.0.jar:/home/user/.m2/repository/org/apache/ratis/ratis-metrics/1.0.0/ratis-metrics-1.0.0.jar:/home/user/.m2/repository/org/apache/ratis/ratis-netty/1.0.0/ratis-netty-1.0.0.jar:/home/user/.m2/repository/org/apache/ratis/ratis-grpc/1.0.0/ratis-grpc-1.0.0.jar:/home/user/.m2/repository/org/apache/logging/log4j/log4j-api/2.11.0/log4j-api-2.11.0.jar:/home/user/.m2/repository/org/apache/logging/log4j/log4j-core/2.11.0/log4j-core-2.11.0.jar:/home/user/.m2/repository/com/lmax/disruptor/3.4.2/disruptor-3.4.2.jar:/home/user/.m2/repository/org/apache/commons/commons-pool2/2.6.0/commons-pool2-2.6.0.jar:/home/user/.m2/repository/org/bouncycastle/bcpkix-jdk15on/1.60/bcpkix-jdk15on-1.60.jar:/home/user/.m2/repository/commons-validator/commons-validator/1.6/commons-validator-1.6.jar:/home/user/.m2/repository/commons-digester/commons-digester/1.8.1/commons-digester-1.8.1.jar:/home/user/.m2/repository/io/jaegertracing/jaeger-client/1.2.0/jaeger-client-1.2.0.jar:/home/user/.m2/repository/io/jaegertracing/jaeger-thrift/1.2.0/jaeger-thrift-1.2.0.jar:/home/user/.m2/repository/org/apache/thrift/libthrift/0.13.0/libthrift-0.13.0.jar:/home/user/.m2/repository/com/squareup/okhttp3/okhttp/4.2.2/okhttp-4.2.2.jar:/home/user/.m2/repository/com/squareup/okio/okio/2.2.2/okio-2.2.2.jar:/home/user/.m2/repository/org/jetbrains/kotlin/kotlin-stdlib/1.3.50/kotlin-stdlib-1.3.50.jar:/home/user/.m2/repository/org/jetbrains/kotlin/kotlin-stdlib-common/1.3.50/kotlin-stdlib-common-1.3.50.jar:/home/user/.m2/repository/org/jetbrains/annotations/13.0/annotations-13.0.jar:/home/user/.m2/repository/io/jaegertracing/jaeger-core/1.2.0/jaeger-core-1.2.0.jar:/home/user/.m2/repository/io/jaegertracing/jaeger-tracerresolver/1.2.0/jaeger-tracerresolver-1.2.0.jar:/home/user/.m2/repository/io/opentracing/contrib/opentracing-tracerresolver/0.1.8/opentracing-tracerresolver-0.1.8.jar:/home/user/.m2/repository/io/opentracing/opentracing-util/0.33.0/opentracing-util-0.33.0.jar:/home/user/.m2/repository/io/opentracing/opentracing-api/0.33.0/opentracing-api-0.33.0.jar:/home/user/.m2/repository/io/opentracing/opentracing-noop/0.33.0/opentracing-noop-0.33.0.jar:/home/user/.m2/repository/org/apache/hadoop/hadoop-hdds-client/0.6.0-SNAPSHOT/hadoop-hdds-client-0.6.0-SNAPSHOT.jar:/home/user/.m2/repository/org/apache/hadoop/hadoop-ozone-interface-client/0.6.0-SNAPSHOT/hadoop-ozone-interface-client-0.6.0-SNAPSHOT.jar:/home/user/.m2/repository/org/apache/hadoop/hadoop-hdds-test-utils/0.6.0-SNAPSHOT/hadoop-hdds-test-utils-0.6.0-SNAPSHOT.jar:/home/user/.m2/repository/com/google/guava/guava/28.2-jre/guava-28.2-jre.jar:/home/user/.m2/repository/com/google/guava/failureaccess/1.0.1/failureaccess-1.0.1.jar:/home/user/.m2/repository/com/google/guava/listenablefuture/9999.0-empty-to-avoid-conflict-with-guava/listenablefuture-9999.0-empty-to-avoid-conflict-with-guava.jar:/home/user/.m2/repository/com/google/code/findbugs/jsr305/3.0.0/jsr305-3.0.0.jar:/home/user/.m2/repository/org/checkerframework/checker-qual/2.10.0/checker-qual-2.10.0.jar:/home/user/.m2/repository/com/google/errorprone/error_prone_annotations/2.2.0/error_prone_annotations-2.2.0.jar:/home/user/.m2/repository/com/google/j2objc/j2objc-annotations/1.3/j2objc-annotations-1.3.jar:/home/user/.m2/repository/commons-io/commons-io/2.5/commons-io-2.5.jar:/home/user/.m2/repository/commons-logging/commons-logging/1.2/commons-logging-1.2.jar:/home/user/.m2/repository/log4j/log4j/1.2.17/log4j-1.2.17.jar:/home/user/.m2/repository/org/slf4j/slf4j-api/1.7.25/slf4j-api-1.7.25.jar:/home/user/.m2/repository/org/apache/hadoop/hadoop-hdds-server-scm/0.6.0-SNAPSHOT/hadoop-hdds-server-scm-0.6.0-SNAPSHOT.jar:/home/user/.m2/repository/org/apache/hadoop/hadoop-hdds-container-service/0.6.0-SNAPSHOT/hadoop-hdds-container-service-0.6.0-SNAPSHOT.jar:/home/user/.m2/repository/org/apache/hadoop/hadoop-hdds-hadoop-dependency-server/0.6.0-SNAPSHOT/hadoop-hdds-hadoop-dependency-server-0.6.0-SNAPSHOT.jar:/home/user/.m2/repository/org/apache/hadoop/hadoop-hdds-server-framework/0.6.0-SNAPSHOT/hadoop-hdds-server-framework-0.6.0-SNAPSHOT.jar:/home/user/.m2/repository/org/apache/hadoop/hadoop-hdds-interface-server/0.6.0-SNAPSHOT/hadoop-hdds-interface-server-0.6.0-SNAPSHOT.jar:/home/user/.m2/repository/org/apache/hadoop/hadoop-hdds-interface-admin/0.6.0-SNAPSHOT/hadoop-hdds-interface-admin-0.6.0-SNAPSHOT.jar:/home/user/.m2/repository/org/rocksdb/rocksdbjni/6.8.1/rocksdbjni-6.8.1.jar:/home/user/.m2/repository/io/prometheus/simpleclient_dropwizard/0.7.0/simpleclient_dropwizard-0.7.0.jar:/home/user/.m2/repository/io/prometheus/simpleclient/0.7.0/simpleclient-0.7.0.jar:/home/user/.m2/repository/io/prometheus/simpleclient_common/0.7.0/simpleclient_common-0.7.0.jar:/home/user/.m2/repository/com/fasterxml/jackson/datatype/jackson-datatype-jsr310/2.10.3/jackson-datatype-jsr310-2.10.3.jar:/home/user/.m2/repository/org/apache/hadoop/hadoop-hdds-docs/0.6.0-SNAPSHOT/hadoop-hdds-docs-0.6.0-SNAPSHOT.jar:/home/user/.m2/repository/io/dropwizard/metrics/metrics-core/3.2.4/metrics-core-3.2.4.jar:/home/user/.m2/repository/org/apache/hadoop/hadoop-hdfs-client/3.2.1/hadoop-hdfs-client-3.2.1.jar:/home/user/.m2/repository/org/bouncycastle/bcprov-jdk15on/1.60/bcprov-jdk15on-1.60.jar:/home/user/.m2/repository/org/apache/hadoop/hadoop-ozone-ozone-manager/0.6.0-SNAPSHOT/hadoop-ozone-ozone-manager-0.6.0-SNAPSHOT.jar:/home/user/.m2/repository/org/apache/hadoop/hadoop-hdds-interface-client/0.6.0-SNAPSHOT/hadoop-hdds-interface-client-0.6.0-SNAPSHOT.jar:/home/user/.m2/repository/org/apache/ratis/ratis-thirdparty-misc/0.5.0/ratis-thirdparty-misc-0.5.0.jar:/home/user/.m2/repository/org/apache/hadoop/hadoop-minikdc/3.2.1/hadoop-minikdc-3.2.1.jar:/home/user/.m2/repository/org/apache/kerby/kerb-simplekdc/1.0.1/kerb-simplekdc-1.0.1.jar:/home/user/.m2/repository/org/apache/kerby/kerb-client/1.0.1/kerb-client-1.0.1.jar:/home/user/.m2/repository/org/apache/kerby/kerby-config/1.0.1/kerby-config-1.0.1.jar:/home/user/.m2/repository/org/apache/kerby/kerb-core/1.0.1/kerb-core-1.0.1.jar:/home/user/.m2/repository/org/apache/kerby/kerby-pkix/1.0.1/kerby-pkix-1.0.1.jar:/home/user/.m2/repository/org/apache/kerby/kerby-asn1/1.0.1/kerby-asn1-1.0.1.jar:/home/user/.m2/repository/org/apache/kerby/kerby-util/1.0.1/kerby-util-1.0.1.jar:/home/user/.m2/repository/org/apache/kerby/kerb-common/1.0.1/kerb-common-1.0.1.jar:/home/user/.m2/repository/org/apache/kerby/kerb-crypto/1.0.1/kerb-crypto-1.0.1.jar:/home/user/.m2/repository/org/apache/kerby/kerb-util/1.0.1/kerb-util-1.0.1.jar:/home/user/.m2/repository/org/apache/kerby/token-provider/1.0.1/token-provider-1.0.1.jar:/home/user/.m2/repository/org/apache/kerby/kerb-admin/1.0.1/kerb-admin-1.0.1.jar:/home/user/.m2/repository/org/apache/kerby/kerb-server/1.0.1/kerb-server-1.0.1.jar:/home/user/.m2/repository/org/apache/kerby/kerb-identity/1.0.1/kerb-identity-1.0.1.jar:/home/user/.m2/repository/org/apache/kerby/kerby-xdr/1.0.1/kerby-xdr-1.0.1.jar:/home/user/.m2/repository/org/slf4j/slf4j-log4j12/1.7.25/slf4j-log4j12-1.7.25.jar:/home/user/.m2/repository/org/apache/hadoop/hadoop-ozone-s3gateway/0.6.0-SNAPSHOT/hadoop-ozone-s3gateway-0.6.0-SNAPSHOT.jar:/home/user/.m2/repository/org/jboss/weld/servlet/weld-servlet/2.4.7.Final/weld-servlet-2.4.7.Final.jar:/home/user/.m2/repository/org/glassfish/jersey/containers/jersey-container-servlet-core/2.27/jersey-container-servlet-core-2.27.jar:/home/user/.m2/repository/org/glassfish/hk2/external/javax.inject/2.5.0-b42/javax.inject-2.5.0-b42.jar:/home/user/.m2/repository/org/glassfish/jersey/core/jersey-common/2.27/jersey-common-2.27.jar:/home/user/.m2/repository/org/glassfish/hk2/osgi-resource-locator/1.0.1/osgi-resource-locator-1.0.1.jar:/home/user/.m2/repository/javax/ws/rs/javax.ws.rs-api/2.1/javax.ws.rs-api-2.1.jar:/home/user/.m2/repository/org/glassfish/jersey/ext/cdi/jersey-cdi1x/2.27/jersey-cdi1x-2.27.jar:/home/user/.m2/repository/org/glassfish/jersey/inject/jersey-hk2/2.27/jersey-hk2-2.27.jar:/home/user/.m2/repository/org/glassfish/hk2/hk2-locator/2.5.0-b42/hk2-locator-2.5.0-b42.jar:/home/user/.m2/repository/org/javassist/javassist/3.22.0-CR2/javassist-3.22.0-CR2.jar:/home/user/.m2/repository/org/glassfish/hk2/hk2-api/2.5.0/hk2-api-2.5.0.jar:/home/user/.m2/repository/org/glassfish/hk2/external/jakarta.inject/2.5.0/jakarta.inject-2.5.0.jar:/home/user/.m2/repository/org/glassfish/hk2/hk2-utils/2.5.0/hk2-utils-2.5.0.jar:/home/user/.m2/repository/jakarta/annotation/jakarta.annotation-api/1.3.4/jakarta.annotation-api-1.3.4.jar:/home/user/.m2/repository/org/glassfish/hk2/external/aopalliance-repackaged/2.5.0/aopalliance-repackaged-2.5.0.jar:/home/user/.m2/repository/com/fasterxml/jackson/dataformat/jackson-dataformat-xml/2.10.3/jackson-dataformat-xml-2.10.3.jar:/home/user/.m2/repository/com/fasterxml/jackson/core/jackson-core/2.10.3/jackson-core-2.10.3.jar:/home/user/.m2/repository/com/fasterxml/jackson/module/jackson-module-jaxb-annotations/2.10.3/jackson-module-jaxb-annotations-2.10.3.jar:/home/user/.m2/repository/jakarta/xml/bind/jakarta.xml.bind-api/2.3.2/jakarta.xml.bind-api-2.3.2.jar:/home/user/.m2/repository/jakarta/activation/jakarta.activation-api/1.2.1/jakarta.activation-api-1.2.1.jar:/home/user/.m2/repository/org/codehaus/woodstox/stax2-api/3.1.4/stax2-api-3.1.4.jar:/home/user/.m2/repository/com/fasterxml/woodstox/woodstox-core/5.0.3/woodstox-core-5.0.3.jar:/home/user/.m2/repository/javax/enterprise/cdi-api/1.2/cdi-api-1.2.jar:/home/user/.m2/repository/javax/el/javax.el-api/3.0.0/javax.el-api-3.0.0.jar:/home/user/.m2/repository/javax/interceptor/javax.interceptor-api/1.2/javax.interceptor-api-1.2.jar:/home/user/.m2/repository/javax/inject/javax.inject/1/javax.inject-1.jar:/home/user/.m2/repository/com/sun/xml/bind/jaxb-impl/2.3.0.1/jaxb-impl-2.3.0.1.jar:/home/user/.m2/repository/com/sun/xml/bind/jaxb-core/2.3.0.1/jaxb-core-2.3.0.1.jar:/home/user/.m2/repository/javax/xml/bind/jaxb-api/2.3.0/jaxb-api-2.3.0.jar:/home/user/.m2/repository/javax/activation/activation/1.1.1/activation-1.1.1.jar:/home/user/.m2/repository/org/apache/hadoop/hadoop-ozone-csi/0.6.0-SNAPSHOT/hadoop-ozone-csi-0.6.0-SNAPSHOT.jar:/home/user/.m2/repository/com/google/protobuf/protobuf-java-util/3.11.0/protobuf-java-util-3.11.0.jar:/home/user/.m2/repository/com/google/code/gson/gson/2.2.4/gson-2.2.4.jar:/home/user/.m2/repository/org/apache/hadoop/hadoop-hdds-config/0.6.0-SNAPSHOT/hadoop-hdds-config-0.6.0-SNAPSHOT.jar:/home/user/.m2/repository/com/google/protobuf/protobuf-java/2.5.0/protobuf-java-2.5.0.jar:/home/user/.m2/repository/io/grpc/grpc-netty/1.29.0/grpc-netty-1.29.0.jar:/home/user/.m2/repository/io/grpc/grpc-core/1.29.0/grpc-core-1.29.0.jar:/home/user/.m2/repository/com/google/android/annotations/4.1.1.4/annotations-4.1.1.4.jar:/home/user/.m2/repository/io/perfmark/perfmark-api/0.19.0/perfmark-api-0.19.0.jar:/home/user/.m2/repository/io/netty/netty-codec-http2/4.1.48.Final/netty-codec-http2-4.1.48.Final.jar:/home/user/.m2/repository/io/netty/netty-codec/4.1.48.Final/netty-codec-4.1.48.Final.jar:/home/user/.m2/repository/io/netty/netty-handler/4.1.48.Final/netty-handler-4.1.48.Final.jar:/home/user/.m2/repository/io/netty/netty-codec-http/4.1.48.Final/netty-codec-http-4.1.48.Final.jar:/home/user/.m2/repository/io/netty/netty-handler-proxy/4.1.48.Final/netty-handler-proxy-4.1.48.Final.jar:/home/user/.m2/repository/io/netty/netty-codec-socks/4.1.48.Final/netty-codec-socks-4.1.48.Final.jar:/home/user/.m2/repository/io/netty/netty-transport-native-epoll/4.1.48.Final/netty-transport-native-epoll-4.1.48.Final.jar:/home/user/.m2/repository/io/netty/netty-common/4.1.48.Final/netty-common-4.1.48.Final.jar:/home/user/.m2/repository/io/netty/netty-buffer/4.1.48.Final/netty-buffer-4.1.48.Final.jar:/home/user/.m2/repository/io/netty/netty-transport/4.1.48.Final/netty-transport-4.1.48.Final.jar:/home/user/.m2/repository/io/netty/netty-resolver/4.1.48.Final/netty-resolver-4.1.48.Final.jar:/home/user/.m2/repository/io/netty/netty-transport-native-unix-common/4.1.48.Final/netty-transport-native-unix-common-4.1.48.Final.jar:/home/user/.m2/repository/io/grpc/grpc-protobuf/1.29.0/grpc-protobuf-1.29.0.jar:/home/user/.m2/repository/io/grpc/grpc-api/1.29.0/grpc-api-1.29.0.jar:/home/user/.m2/repository/io/grpc/grpc-context/1.29.0/grpc-context-1.29.0.jar:/home/user/.m2/repository/org/codehaus/mojo/animal-sniffer-annotations/1.18/animal-sniffer-annotations-1.18.jar:/home/user/.m2/repository/com/google/api/grpc/proto-google-common-protos/1.17.0/proto-google-common-protos-1.17.0.jar:/home/user/.m2/repository/io/grpc/grpc-protobuf-lite/1.29.0/grpc-protobuf-lite-1.29.0.jar:/home/user/.m2/repository/io/grpc/grpc-stub/1.29.0/grpc-stub-1.29.0.jar:/home/user/.m2/repository/org/apache/hadoop/hadoop-ozone-recon/0.6.0-SNAPSHOT/hadoop-ozone-recon-0.6.0-SNAPSHOT.jar:/home/user/.m2/repository/org/apache/hadoop/hadoop-ozone-reconcodegen/0.6.0-SNAPSHOT/hadoop-ozone-reconcodegen-0.6.0-SNAPSHOT.jar:/home/user/.m2/repository/com/google/inject/extensions/guice-multibindings/4.0/guice-multibindings-4.0.jar:/home/user/.m2/repository/com/google/inject/guice/4.0/guice-4.0.jar:/home/user/.m2/repository/aopalliance/aopalliance/1.0/aopalliance-1.0.jar:/home/user/.m2/repository/com/google/inject/extensions/guice-assistedinject/4.0/guice-assistedinject-4.0.jar:/home/user/.m2/repository/com/google/inject/extensions/guice-servlet/4.0/guice-servlet-4.0.jar:/home/user/.m2/repository/org/glassfish/jersey/containers/jersey-container-servlet/2.27/jersey-container-servlet-2.27.jar:/home/user/.m2/repository/org/glassfish/hk2/guice-bridge/2.5.0/guice-bridge-2.5.0.jar:/home/user/.m2/repository/org/glassfish/jersey/core/jersey-server/2.27/jersey-server-2.27.jar:/home/user/.m2/repository/org/glassfish/jersey/core/jersey-client/2.27/jersey-client-2.27.jar:/home/user/.m2/repository/org/glassfish/jersey/media/jersey-media-jaxb/2.27/jersey-media-jaxb-2.27.jar:/home/user/.m2/repository/javax/validation/validation-api/1.1.0.Final/validation-api-1.1.0.Final.jar:/home/user/.m2/repository/org/glassfish/jersey/media/jersey-media-json-jackson/2.27/jersey-media-json-jackson-2.27.jar:/home/user/.m2/repository/org/glassfish/jersey/ext/jersey-entity-filtering/2.27/jersey-entity-filtering-2.27.jar:/home/user/.m2/repository/org/jooq/jooq/3.11.10/jooq-3.11.10.jar:/home/user/.m2/repository/org/jooq/jooq-meta/3.11.10/jooq-meta-3.11.10.jar:/home/user/.m2/repository/org/jooq/jooq-codegen/3.11.10/jooq-codegen-3.11.10.jar:/home/user/.m2/repository/com/jolbox/bonecp/0.8.0.RELEASE/bonecp-0.8.0.RELEASE.jar:/home/user/.m2/repository/org/apache/derby/derby/10.14.2.0/derby-10.14.2.0.jar:/home/user/.m2/repository/org/xerial/sqlite-jdbc/3.25.2/sqlite-jdbc-3.25.2.jar:/home/user/.m2/repository/org/springframework/spring-jdbc/5.2.5.RELEASE/spring-jdbc-5.2.5.RELEASE.jar:/home/user/.m2/repository/org/springframework/spring-beans/5.2.5.RELEASE/spring-beans-5.2.5.RELEASE.jar:/home/user/.m2/repository/org/springframework/spring-core/5.2.5.RELEASE/spring-core-5.2.5.RELEASE.jar:/home/user/.m2/repository/org/springframework/spring-jcl/5.2.5.RELEASE/spring-jcl-5.2.5.RELEASE.jar:/home/user/.m2/repository/org/springframework/spring-tx/5.2.5.RELEASE/spring-tx-5.2.5.RELEASE.jar:/home/user/.m2/repository/org/apache/hadoop/hadoop-ozone-client/0.6.0-SNAPSHOT/hadoop-ozone-client-0.6.0-SNAPSHOT.jar:/home/user/.m2/repository/org/apache/hadoop/hadoop-ozone-filesystem/0.6.0-SNAPSHOT/hadoop-ozone-filesystem-0.6.0-SNAPSHOT.jar:/home/user/.m2/repository/org/apache/hadoop/hadoop-ozone-filesystem-common/0.6.0-SNAPSHOT/hadoop-ozone-filesystem-common-0.6.0-SNAPSHOT.jar:/home/user/.m2/repository/org/apache/hadoop/hadoop-ozone-tools/0.6.0-SNAPSHOT/hadoop-ozone-tools-0.6.0-SNAPSHOT.jar:/home/user/.m2/repository/org/apache/hadoop/hadoop-hdfs/3.2.1/hadoop-hdfs-3.2.1.jar:/home/user/.m2/repository/org/apache/ratis/ratis-tools/1.0.0/ratis-tools-1.0.0.jar:/home/user/.m2/repository/org/apache/ratis/ratis-proto/1.0.0/ratis-proto-1.0.0.jar:/home/user/.m2/repository/org/apache/ratis/ratis-common/1.0.0/ratis-common-1.0.0.jar:/home/user/.m2/repository/com/amazonaws/aws-java-sdk-core/1.11.615/aws-java-sdk-core-1.11.615.jar:/home/user/.m2/repository/org/apache/httpcomponents/httpclient/4.5.2/httpclient-4.5.2.jar:/home/user/.m2/repository/org/apache/httpcomponents/httpcore/4.4.4/httpcore-4.4.4.jar:/home/user/.m2/repository/software/amazon/ion/ion-java/1.0.2/ion-java-1.0.2.jar:/home/user/.m2/repository/com/fasterxml/jackson/dataformat/jackson-dataformat-cbor/2.10.3/jackson-dataformat-cbor-2.10.3.jar:/home/user/.m2/repository/joda-time/joda-time/2.8.1/joda-time-2.8.1.jar:/home/user/.m2/repository/com/amazonaws/aws-java-sdk-s3/1.11.615/aws-java-sdk-s3-1.11.615.jar:/home/user/.m2/repository/com/amazonaws/aws-java-sdk-kms/1.11.615/aws-java-sdk-kms-1.11.615.jar:/home/user/.m2/repository/com/amazonaws/jmespath-java/1.11.615/jmespath-java-1.11.615.jar:/home/user/.m2/repository/org/apache/hadoop/hadoop-hdds-tools/0.6.0-SNAPSHOT/hadoop-hdds-tools-0.6.0-SNAPSHOT.jar:/home/user/.m2/repository/commons-cli/commons-cli/1.2/commons-cli-1.2.jar:/home/user/.m2/repository/org/apache/commons/commons-lang3/3.7/commons-lang3-3.7.jar:/home/user/.m2/repository/org/apache/hadoop/hadoop-ozone-ozone-manager/0.6.0-SNAPSHOT/hadoop-ozone-ozone-manager-0.6.0-SNAPSHOT-tests.jar:/home/user/.m2/repository/junit/junit/4.11/junit-4.11.jar:/home/user/.m2/repository/org/hamcrest/hamcrest-core/1.3/hamcrest-core-1.3.jar:/home/user/.m2/repository/org/openjdk/jmh/jmh-core/1.19/jmh-core-1.19.jar:/home/user/.m2/repository/net/sf/jopt-simple/jopt-simple/4.6/jopt-simple-4.6.jar:/home/user/.m2/repository/org/apache/commons/commons-math3/3.1.1/commons-math3-3.1.1.jar:/home/user/.m2/repository/org/openjdk/jmh/jmh-generator-annprocess/1.19/jmh-generator-annprocess-1.19.jar:/home/user/.m2/repository/org/mockito/mockito-all/1.8.5/mockito-all-1.8.5.jar:/home/user/.m2/repository/org/apache/hadoop/hadoop-kms/3.2.1/hadoop-kms-3.2.1.jar:/home/user/.m2/repository/org/apache/hadoop/hadoop-auth/3.2.1/hadoop-auth-3.2.1.jar:/home/user/.m2/repository/com/nimbusds/nimbus-jose-jwt/7.9/nimbus-jose-jwt-7.9.jar:/home/user/.m2/repository/com/github/stephenc/jcip/jcip-annotations/1.0-1/jcip-annotations-1.0-1.jar:/home/user/.m2/repository/net/minidev/json-smart/2.3/json-smart-2.3.jar:/home/user/.m2/repository/net/minidev/accessors-smart/1.2/accessors-smart-1.2.jar:/home/user/.m2/repository/org/ow2/asm/asm/5.0.4/asm-5.0.4.jar:/home/user/.m2/repository/org/apache/zookeeper/zookeeper/3.4.13/zookeeper-3.4.13.jar:/home/user/.m2/repository/org/apache/yetus/audience-annotations/0.5.0/audience-annotations-0.5.0.jar:/home/user/.m2/repository/org/apache/curator/curator-framework/2.13.0/curator-framework-2.13.0.jar:/home/user/.m2/repository/com/sun/jersey/jersey-core/1.19/jersey-core-1.19.jar:/home/user/.m2/repository/javax/ws/rs/jsr311-api/1.1.1/jsr311-api-1.1.1.jar:/home/user/.m2/repository/com/sun/jersey/jersey-server/1.19/jersey-server-1.19.jar:/home/user/.m2/repository/javax/servlet/javax.servlet-api/3.1.0/javax.servlet-api-3.1.0.jar:/home/user/.m2/repository/org/eclipse/jetty/jetty-server/9.4.26.v20200117/jetty-server-9.4.26.v20200117.jar:/home/user/.m2/repository/org/eclipse/jetty/jetty-http/9.4.26.v20200117/jetty-http-9.4.26.v20200117.jar:/home/user/.m2/repository/org/eclipse/jetty/jetty-io/9.4.26.v20200117/jetty-io-9.4.26.v20200117.jar:/home/user/.m2/repository/org/eclipse/jetty/jetty-webapp/9.4.26.v20200117/jetty-webapp-9.4.26.v20200117.jar:/home/user/.m2/repository/org/eclipse/jetty/jetty-xml/9.4.26.v20200117/jetty-xml-9.4.26.v20200117.jar:/home/user/.m2/repository/org/eclipse/jetty/jetty-servlet/9.4.26.v20200117/jetty-servlet-9.4.26.v20200117.jar:/home/user/.m2/repository/org/eclipse/jetty/jetty-security/9.4.26.v20200117/jetty-security-9.4.26.v20200117.jar:/home/user/.m2/repository/org/apache/hadoop/hadoop-common/3.2.1/hadoop-common-3.2.1.jar:/home/user/.m2/repository/commons-net/commons-net/3.6/commons-net-3.6.jar:/home/user/.m2/repository/commons-collections/commons-collections/3.2.2/commons-collections-3.2.2.jar:/home/user/.m2/repository/com/sun/jersey/jersey-servlet/1.19/jersey-servlet-1.19.jar:/home/user/.m2/repository/com/sun/jersey/jersey-json/1.19/jersey-json-1.19.jar:/home/user/.m2/repository/org/codehaus/jettison/jettison/1.1/jettison-1.1.jar:/home/user/.m2/repository/org/codehaus/jackson/jackson-jaxrs/1.9.2/jackson-jaxrs-1.9.2.jar:/home/user/.m2/repository/org/codehaus/jackson/jackson-xc/1.9.2/jackson-xc-1.9.2.jar:/home/user/.m2/repository/commons-beanutils/commons-beanutils/1.9.4/commons-beanutils-1.9.4.jar:/home/user/.m2/repository/org/apache/commons/commons-configuration2/2.1.1/commons-configuration2-2.1.1.jar:/home/user/.m2/repository/org/apache/commons/commons-text/1.4/commons-text-1.4.jar:/home/user/.m2/repository/com/google/re2j/re2j/1.1/re2j-1.1.jar:/home/user/.m2/repository/com/jcraft/jsch/0.1.54/jsch-0.1.54.jar:/home/user/.m2/repository/org/apache/curator/curator-client/2.13.0/curator-client-2.13.0.jar:/home/user/.m2/repository/org/apache/curator/curator-recipes/2.13.0/curator-recipes-2.13.0.jar:/home/user/.m2/repository/dnsjava/dnsjava/2.1.7/dnsjava-2.1.7.jar:/home/user/.m2/repository/org/slf4j/jul-to-slf4j/1.7.25/jul-to-slf4j-1.7.25.jar:/home/user/.m2/repository/org/eclipse/jetty/jetty-util/9.4.26.v20200117/jetty-util-9.4.26.v20200117.jar:/home/user/.m2/repository/com/fasterxml/jackson/core/jackson-databind/2.10.3/jackson-databind-2.10.3.jar:/home/user/.m2/repository/org/apache/hadoop/hadoop-kms/3.2.1/hadoop-kms-3.2.1-tests.jar:/home/user/.m2/repository/org/apache/hadoop/hadoop-hdds-server-scm/0.6.0-SNAPSHOT/hadoop-hdds-server-scm-0.6.0-SNAPSHOT-tests.jar:/home/user/.m2/repository/org/apache/hadoop/hadoop-hdds-container-service/0.6.0-SNAPSHOT/hadoop-hdds-container-service-0.6.0-SNAPSHOT-tests.jar:/home/user/.m2/repository/org/apache/hadoop/hadoop-hdds-common/0.6.0-SNAPSHOT/hadoop-hdds-common-0.6.0-SNAPSHOT-tests.jar:/home/user/.m2/repository/org/yaml/snakeyaml/1.16/snakeyaml-1.16.jar:/home/user/.m2/repository/org/apache/hadoop/hadoop-hdds-hadoop-dependency-test/0.6.0-SNAPSHOT/hadoop-hdds-hadoop-dependency-test-0.6.0-SNAPSHOT.jar:/home/user/.m2/repository/org/apache/hadoop/hadoop-common/3.2.1/hadoop-common-3.2.1-tests.jar:/home/user/.m2/repository/javax/servlet/jsp/jsp-api/2.1/jsp-api-2.1.jar:/home/user/.m2/repository/org/apache/hadoop/hadoop-hdfs/3.2.1/hadoop-hdfs-3.2.1-tests.jar:/home/user/.m2/repository/org/eclipse/jetty/jetty-util-ajax/9.4.26.v20200117/jetty-util-ajax-9.4.26.v20200117.jar:/home/user/.m2/repository/commons-codec/commons-codec/1.11/commons-codec-1.11.jar:/home/user/.m2/repository/commons-daemon/commons-daemon/1.0.13/commons-daemon-1.0.13.jar:/home/user/.m2/repository/io/netty/netty/3.10.5.Final/netty-3.10.5.Final.jar:/home/user/.m2/repository/io/netty/netty-all/4.1.48.Final/netty-all-4.1.48.Final.jar:/home/user/.m2/repository/org/apache/htrace/htrace-core4/4.1.0-incubating/htrace-core4-4.1.0-incubating.jar:/home/user/.m2/repository/org/fusesource/leveldbjni/leveldbjni-all/1.8/leveldbjni-all-1.8.jar:/home/user/.m2/repository/org/apache/hadoop/hadoop-distcp/3.2.1/hadoop-distcp-3.2.1.jar:/home/user/.m2/repository/org/apache/hadoop/hadoop-mapreduce-client-jobclient/3.2.1/hadoop-mapreduce-client-jobclient-3.2.1.jar:/home/user/.m2/repository/org/apache/hadoop/hadoop-mapreduce-client-common/3.2.1/hadoop-mapreduce-client-common-3.2.1.jar:/home/user/.m2/repository/org/apache/hadoop/hadoop-yarn-common/3.2.1/hadoop-yarn-common-3.2.1.jar:/home/user/.m2/repository/org/apache/hadoop/hadoop-yarn-api/3.2.1/hadoop-yarn-api-3.2.1.jar:/home/user/.m2/repository/com/sun/jersey/jersey-client/1.19/jersey-client-1.19.jar:/home/user/.m2/repository/com/sun/jersey/contribs/jersey-guice/1.19/jersey-guice-1.19.jar:/home/user/.m2/repository/com/fasterxml/jackson/jaxrs/jackson-jaxrs-json-provider/2.10.3/jackson-jaxrs-json-provider-2.10.3.jar:/home/user/.m2/repository/com/fasterxml/jackson/jaxrs/jackson-jaxrs-base/2.10.3/jackson-jaxrs-base-2.10.3.jar:/home/user/.m2/repository/org/apache/hadoop/hadoop-yarn-client/3.2.1/hadoop-yarn-client-3.2.1.jar:/home/user/.m2/repository/org/apache/hadoop/hadoop-mapreduce-client-core/3.2.1/hadoop-mapreduce-client-core-3.2.1.jar:/home/user/.m2/repository/org/apache/avro/avro/1.7.7/avro-1.7.7.jar:/home/user/.m2/repository/org/codehaus/jackson/jackson-core-asl/1.9.13/jackson-core-asl-1.9.13.jar:/home/user/.m2/repository/org/codehaus/jackson/jackson-mapper-asl/1.9.13/jackson-mapper-asl-1.9.13.jar:/home/user/.m2/repository/com/thoughtworks/paranamer/paranamer/2.3/paranamer-2.3.jar:/home/user/.m2/repository/org/xerial/snappy/snappy-java/1.0.5/snappy-java-1.0.5.jar:/home/user/.m2/repository/org/apache/hadoop/hadoop-annotations/3.2.1/hadoop-annotations-3.2.1.jar:/usr/lib/jvm/java-1.8.0-openjdk-1.8.0.232.b09-0.el7_7.x86_64/jre/../lib/tools.jar:/home/user/.m2/repository/org/apache/hadoop/hadoop-distcp/3.2.1/hadoop-distcp-3.2.1-tests.jar:"/>
    <property name="sun.cpu.endian" value="little"/>
    <property name="user.home" value="/home/user"/>
    <property name="user.language" value="en"/>
    <property name="java.specification.vendor" value="Oracle Corporation"/>
    <property name="java.home" value="/usr/lib/jvm/java-1.8.0-openjdk-1.8.0.232.b09-0.el7_7.x86_64/jre"/>
    <property name="java.security.krb5.conf" value="/github/workspace/mnt/ozone/hadoop-ozone/integration-test/target/test-classes/krb5.conf"/>
    <property name="basedir" value="/github/workspace/mnt/ozone/hadoop-ozone/integration-test"/>
    <property name="file.separator" value="/"/>
    <property name="line.separator" value="&#10;"/>
    <property name="java.vm.specification.vendor" value="Oracle Corporation"/>
    <property name="java.specification.name" value="Java Platform API Specification"/>
    <property name="java.awt.graphicsenv" value="sun.awt.X11GraphicsEnvironment"/>
    <property name="skip.installnpx" value="true"/>
    <property name="surefire.real.class.path" value="/github/workspace/mnt/ozone/hadoop-ozone/integration-test/target/surefire/surefirebooter2418249131845762940.jar:/home/user/.m2/repository/org/jacoco/org.jacoco.agent/0.8.5/org.jacoco.agent-0.8.5-runtime.jar"/>
    <property name="hadoop.log.dir" value="/github/workspace/mnt/ozone/hadoop-ozone/integration-test/target/log"/>
    <property name="sun.boot.class.path" value="/usr/lib/jvm/java-1.8.0-openjdk-1.8.0.232.b09-0.el7_7.x86_64/jre/lib/resources.jar:/usr/lib/jvm/java-1.8.0-openjdk-1.8.0.232.b09-0.el7_7.x86_64/jre/lib/rt.jar:/usr/lib/jvm/java-1.8.0-openjdk-1.8.0.232.b09-0.el7_7.x86_64/jre/lib/sunrsasign.jar:/usr/lib/jvm/java-1.8.0-openjdk-1.8.0.232.b09-0.el7_7.x86_64/jre/lib/jsse.jar:/usr/lib/jvm/java-1.8.0-openjdk-1.8.0.232.b09-0.el7_7.x86_64/jre/lib/jce.jar:/usr/lib/jvm/java-1.8.0-openjdk-1.8.0.232.b09-0.el7_7.x86_64/jre/lib/charsets.jar:/usr/lib/jvm/java-1.8.0-openjdk-1.8.0.232.b09-0.el7_7.x86_64/jre/lib/jfr.jar:/usr/lib/jvm/java-1.8.0-openjdk-1.8.0.232.b09-0.el7_7.x86_64/jre/classes"/>
    <property name="sun.management.compiler" value="HotSpot 64-Bit Tiered Compilers"/>
    <property name="skip.npx" value="true"/>
    <property name="java.runtime.version" value="1.8.0_232-b09"/>
    <property name="java.net.preferIPv4Stack" value="true"/>
    <property name="user.name" value="jenkins1001"/>
    <property name="path.separator" value=":"/>
    <property name="java.security.egd" value="file:///dev/urandom"/>
    <property name="os.version" value="5.3.0-1032-azure"/>
    <property name="java.endorsed.dirs" value="/usr/lib/jvm/java-1.8.0-openjdk-1.8.0.232.b09-0.el7_7.x86_64/jre/lib/endorsed"/>
    <property name="java.runtime.name" value="OpenJDK Runtime Environment"/>
    <property name="file.encoding" value="ANSI_X3.4-1968"/>
    <property name="java.vm.name" value="OpenJDK 64-Bit Server VM"/>
    <property name="test.build.webapps" value=""/>
    <property name="localRepository" value="/home/user/.m2/repository"/>
    <property name="java.vendor.url.bug" value="http://bugreport.sun.com/bugreport/"/>
    <property name="java.io.tmpdir" value="/tmp"/>
    <property name="require.test.libhadoop" value=""/>
    <property name="java.version" value="1.8.0_232"/>
    <property name="user.dir" value="/github/workspace/mnt/ozone/hadoop-ozone/integration-test"/>
    <property name="os.arch" value="amd64"/>
    <property name="java.vm.specification.name" value="Java Virtual Machine Specification"/>
    <property name="test.build.classes" value="/github/workspace/mnt/ozone/hadoop-ozone/integration-test/target/test-classes"/>
    <property name="java.awt.printerjob" value="sun.print.PSPrinterJob"/>
    <property name="sun.os.patch.level" value="unknown"/>
    <property name="hadoop.tmp.dir" value="/github/workspace/mnt/ozone/hadoop-ozone/integration-test/target/tmp"/>
    <property name="java.library.path" value="/usr/lib:/usr/java/packages/lib/amd64:/usr/lib64:/lib64:/lib:/usr/lib"/>
    <property name="java.vm.info" value="mixed mode"/>
    <property name="java.vendor" value="Oracle Corporation"/>
    <property name="java.vm.version" value="25.232-b09"/>
    <property name="java.ext.dirs" value="/usr/lib/jvm/java-1.8.0-openjdk-1.8.0.232.b09-0.el7_7.x86_64/jre/lib/ext:/usr/java/packages/lib/ext"/>
    <property name="sun.io.unicode.encoding" value="UnicodeLittle"/>
    <property name="java.class.version" value="52.0"/>
  </properties>
  <testcase name="testWatchForCommitWithKeyWrite" classname="org.apache.hadoop.ozone.client.rpc.TestWatchForCommit" time="65.636"/>
  <testcase name="testWatchForCommitForRetryfailure" classname="org.apache.hadoop.ozone.client.rpc.TestWatchForCommit" time="67.518"/>
  <testcase name="testWatchForCommitForGroupMismatchException" classname="org.apache.hadoop.ozone.client.rpc.TestWatchForCommit" time="38.967">
    <error message="b2995f92-8b7c-4587-b52b-d4ed19f98a91: Group group-E75380DF8791 not found." type="java.io.IOException">java.io.IOException: b2995f92-8b7c-4587-b52b-d4ed19f98a91: Group group-E75380DF8791 not found.
	at org.apache.hadoop.ozone.container.common.transport.server.ratis.XceiverServerRatis.removeGroup(XceiverServerRatis.java:740)
	at org.apache.hadoop.ozone.container.TestHelper.waitForPipelineClose(TestHelper.java:220)
	at org.apache.hadoop.ozone.client.rpc.TestWatchForCommit.testWatchForCommitForGroupMismatchException(TestWatchForCommit.java:344)
	at sun.reflect.NativeMethodAccessorImpl.invoke0(Native Method)
	at sun.reflect.NativeMethodAccessorImpl.invoke(NativeMethodAccessorImpl.java:62)
	at sun.reflect.DelegatingMethodAccessorImpl.invoke(DelegatingMethodAccessorImpl.java:43)
	at java.lang.reflect.Method.invoke(Method.java:498)
	at org.junit.runners.model.FrameworkMethod$1.runReflectiveCall(FrameworkMethod.java:47)
	at org.junit.internal.runners.model.ReflectiveCallable.run(ReflectiveCallable.java:12)
	at org.junit.runners.model.FrameworkMethod.invokeExplosively(FrameworkMethod.java:44)
	at org.junit.internal.runners.statements.InvokeMethod.evaluate(InvokeMethod.java:17)
	at org.junit.internal.runners.statements.RunBefores.evaluate(RunBefores.java:26)
	at org.junit.internal.runners.statements.RunAfters.evaluate(RunAfters.java:27)
	at org.junit.runners.ParentRunner.runLeaf(ParentRunner.java:271)
	at org.junit.runners.BlockJUnit4ClassRunner.runChild(BlockJUnit4ClassRunner.java:70)
	at org.junit.runners.BlockJUnit4ClassRunner.runChild(BlockJUnit4ClassRunner.java:50)
	at org.junit.runners.ParentRunner$3.run(ParentRunner.java:238)
	at org.junit.runners.ParentRunner$1.schedule(ParentRunner.java:63)
	at org.junit.runners.ParentRunner.runChildren(ParentRunner.java:236)
	at org.junit.runners.ParentRunner.access$000(ParentRunner.java:53)
	at org.junit.runners.ParentRunner$2.evaluate(ParentRunner.java:229)
	at org.junit.runners.ParentRunner.run(ParentRunner.java:309)
	at org.apache.maven.surefire.junit4.JUnit4Provider.execute(JUnit4Provider.java:365)
	at org.apache.maven.surefire.junit4.JUnit4Provider.executeWithRerun(JUnit4Provider.java:273)
	at org.apache.maven.surefire.junit4.JUnit4Provider.executeTestSet(JUnit4Provider.java:238)
	at org.apache.maven.surefire.junit4.JUnit4Provider.invoke(JUnit4Provider.java:159)
	at org.apache.maven.surefire.booter.ForkedBooter.invokeProviderInSameClassLoader(ForkedBooter.java:384)
	at org.apache.maven.surefire.booter.ForkedBooter.runSuitesInProcess(ForkedBooter.java:345)
	at org.apache.maven.surefire.booter.ForkedBooter.execute(ForkedBooter.java:126)
	at org.apache.maven.surefire.booter.ForkedBooter.main(ForkedBooter.java:418)
Caused by: org.apache.ratis.protocol.GroupMismatchException: b2995f92-8b7c-4587-b52b-d4ed19f98a91: Group group-E75380DF8791 not found.
	at org.apache.ratis.server.impl.RaftServerProxy.groupRemoveAsync(RaftServerProxy.java:414)
	at org.apache.ratis.server.impl.RaftServerProxy.groupManagementAsync(RaftServerProxy.java:372)
	at org.apache.ratis.server.impl.RaftServerProxy.groupManagement(RaftServerProxy.java:355)
	at org.apache.hadoop.ozone.container.common.transport.server.ratis.XceiverServerRatis.removeGroup(XceiverServerRatis.java:738)
	... 29 more
</error>
    <system-out><![CDATA[2020-07-24 03:08:06,486 [Listener at 127.0.0.1/45081] WARN  server.ServerUtils (ServerUtils.java:getScmDbDir(148)) - ozone.scm.db.dirs is not configured. We recommend adding this setting. Falling back to ozone.metadata.dirs instead.
2020-07-24 03:08:06,488 [Listener at 127.0.0.1/45081] WARN  server.ServerUtils (ServerUtils.java:getScmDbDir(148)) - ozone.scm.db.dirs is not configured. We recommend adding this setting. Falling back to ozone.metadata.dirs instead.
2020-07-24 03:08:06,488 [Listener at 127.0.0.1/45081] WARN  db.DBStoreBuilder (DBStoreBuilder.java:createDBStoreBuilder(277)) - ozone.scm.db.dirs is not configured. We recommend adding this setting. Falling back to ozone.metadata.dirs instead.
2020-07-24 03:08:06,519 [Listener at 127.0.0.1/45081] INFO  net.NodeSchemaLoader (NodeSchemaLoader.java:loadSchemaFromFile(126)) - Loading file from sun.misc.CompoundEnumeration@8d1b425
2020-07-24 03:08:06,519 [Listener at 127.0.0.1/45081] INFO  net.NodeSchemaLoader (NodeSchemaLoader.java:loadSchema(172)) - Loading network topology layer schema file
2020-07-24 03:08:06,522 [Listener at 127.0.0.1/45081] INFO  node.SCMNodeManager (SCMNodeManager.java:<init>(116)) - Entering startup safe mode.
2020-07-24 03:08:06,523 [Listener at 127.0.0.1/45081] INFO  algorithms.ContainerPlacementPolicyFactory (ContainerPlacementPolicyFactory.java:getPolicy(60)) - Create container placement policy of type org.apache.hadoop.hdds.scm.container.placement.algorithms.SCMContainerPlacementRandom
2020-07-24 03:08:06,523 [Listener at 127.0.0.1/45081] INFO  pipeline.SCMPipelineManager (SCMPipelineManager.java:initializePipelineState(158)) - No pipeline exists in current db
2020-07-24 03:08:06,524 [Listener at 127.0.0.1/45081] INFO  safemode.HealthyPipelineSafeModeRule (HealthyPipelineSafeModeRule.java:<init>(89)) - Total pipeline count is 0, healthy pipeline threshold count is 0
2020-07-24 03:08:06,525 [Listener at 127.0.0.1/45081] INFO  safemode.OneReplicaPipelineSafeModeRule (OneReplicaPipelineSafeModeRule.java:<init>(79)) - Total pipeline count is 0, pipeline's with at least one datanode reported threshold count is 0
2020-07-24 03:08:06,525 [Listener at 127.0.0.1/45081] INFO  ipc.CallQueueManager (CallQueueManager.java:<init>(84)) - Using callQueue: class java.util.concurrent.LinkedBlockingQueue, queueCapacity: 2000, scheduler: class org.apache.hadoop.ipc.DefaultRpcScheduler, ipcBackoff: false.
2020-07-24 03:08:06,526 [Socket Reader #1 for port 0] INFO  ipc.Server (Server.java:run(1219)) - Starting Socket Reader #1 for port 0
2020-07-24 03:08:06,527 [Listener at 0.0.0.0/43779] INFO  ipc.CallQueueManager (CallQueueManager.java:<init>(84)) - Using callQueue: class java.util.concurrent.LinkedBlockingQueue, queueCapacity: 2000, scheduler: class org.apache.hadoop.ipc.DefaultRpcScheduler, ipcBackoff: false.
2020-07-24 03:08:06,528 [Socket Reader #1 for port 0] INFO  ipc.Server (Server.java:run(1219)) - Starting Socket Reader #1 for port 0
2020-07-24 03:08:06,530 [Listener at 0.0.0.0/36169] INFO  ipc.CallQueueManager (CallQueueManager.java:<init>(84)) - Using callQueue: class java.util.concurrent.LinkedBlockingQueue, queueCapacity: 2000, scheduler: class org.apache.hadoop.ipc.DefaultRpcScheduler, ipcBackoff: false.
2020-07-24 03:08:06,533 [RatisPipelineUtilsThread] ERROR pipeline.SCMPipelineManager (SCMPipelineManager.java:createPipeline(275)) - Failed to create pipeline of type RATIS and factor ONE. Exception: Cannot create pipeline of factor 1 using 0 nodes. Used 0 nodes. Healthy nodes 0
2020-07-24 03:08:06,533 [Socket Reader #1 for port 0] INFO  ipc.Server (Server.java:run(1219)) - Starting Socket Reader #1 for port 0
2020-07-24 03:08:06,541 [Listener at 0.0.0.0/33193] INFO  http.BaseHttpServer (BaseHttpServer.java:newHttpServer2BuilderForOzone(207)) - Starting Web-server for scm at: http://0.0.0.0:0
2020-07-24 03:08:06,541 [Listener at 0.0.0.0/33193] INFO  http.BaseHttpServer (BaseHttpServer.java:<init>(106)) - Hadoop Security Enabled: false Ozone Security Enabled: false Ozone HTTP Security Enabled: false 
2020-07-24 03:08:06,542 [Listener at 0.0.0.0/33193] INFO  server.AuthenticationFilter (AuthenticationFilter.java:constructSecretProvider(240)) - Unable to initialize FileSignerSecretProvider, falling back to use random secrets.
2020-07-24 03:08:06,543 [Listener at 0.0.0.0/33193] WARN  http.HttpRequestLog (HttpRequestLog.java:getRequestLog(103)) - Jetty request log can only be enabled using Log4j
2020-07-24 03:08:06,543 [Listener at 0.0.0.0/33193] INFO  http.HttpServer2 (HttpServer2.java:addGlobalFilter(998)) - Added global filter 'safety' (class=org.apache.hadoop.hdds.server.http.HttpServer2$QuotingInputFilter)
2020-07-24 03:08:06,544 [Listener at 0.0.0.0/33193] INFO  http.HttpServer2 (HttpServer2.java:addFilter(974)) - Added filter static_user_filter (class=org.apache.hadoop.http.lib.StaticUserWebFilter$StaticUserFilter) to context scm
2020-07-24 03:08:06,544 [Listener at 0.0.0.0/33193] INFO  http.HttpServer2 (HttpServer2.java:addFilter(982)) - Added filter static_user_filter (class=org.apache.hadoop.http.lib.StaticUserWebFilter$StaticUserFilter) to context static
2020-07-24 03:08:06,544 [Listener at 0.0.0.0/33193] INFO  http.HttpServer2 (HttpServer2.java:addFilter(982)) - Added filter static_user_filter (class=org.apache.hadoop.http.lib.StaticUserWebFilter$StaticUserFilter) to context logs
2020-07-24 03:08:06,546 [Listener at 0.0.0.0/33193] INFO  server.StorageContainerManager (StorageContainerManager.java:start(784)) - StorageContainerLocationProtocol RPC server is listening at /0.0.0.0:33193
2020-07-24 03:08:06,548 [Listener at 0.0.0.0/33193] WARN  impl.MetricsConfig (MetricsConfig.java:loadFirst(134)) - Cannot locate configuration: tried hadoop-metrics2-storagecontainermanager.properties,hadoop-metrics2.properties
2020-07-24 03:08:06,549 [Listener at 0.0.0.0/33193] INFO  impl.MetricsSystemImpl (MetricsSystemImpl.java:startTimer(374)) - Scheduled Metric snapshot period at 10 second(s).
2020-07-24 03:08:06,549 [Listener at 0.0.0.0/33193] INFO  impl.MetricsSystemImpl (MetricsSystemImpl.java:start(191)) - StorageContainerManager metrics system started
2020-07-24 03:08:06,586 [Listener at 0.0.0.0/33193] WARN  impl.MetricsSystemImpl (MetricsSystemImpl.java:register(276)) - Sink prometheus already exists!
2020-07-24 03:08:06,596 [Listener at 0.0.0.0/33193] INFO  server.SCMClientProtocolServer (SCMClientProtocolServer.java:start(156)) - RPC server for Client  is listening at /0.0.0.0:33193
2020-07-24 03:08:06,599 [IPC Server Responder] INFO  ipc.Server (Server.java:run(1460)) - IPC Server Responder: starting
2020-07-24 03:08:06,599 [IPC Server listener on 0] INFO  ipc.Server (Server.java:run(1298)) - IPC Server listener on 0: starting
2020-07-24 03:08:06,609 [Listener at 0.0.0.0/33193] INFO  server.StorageContainerManager (StorageContainerManager.java:start(796)) - ScmBlockLocationProtocol RPC server is listening at /0.0.0.0:36169
2020-07-24 03:08:06,609 [Listener at 0.0.0.0/33193] INFO  server.SCMBlockProtocolServer (SCMBlockProtocolServer.java:start(149)) - RPC server for Block Protocol is listening at /0.0.0.0:36169
2020-07-24 03:08:06,610 [IPC Server Responder] INFO  ipc.Server (Server.java:run(1460)) - IPC Server Responder: starting
2020-07-24 03:08:06,610 [IPC Server listener on 0] INFO  ipc.Server (Server.java:run(1298)) - IPC Server listener on 0: starting
2020-07-24 03:08:06,621 [Listener at 0.0.0.0/33193] INFO  server.StorageContainerManager (StorageContainerManager.java:start(802)) - ScmDatanodeProtocl RPC server is listening at /0.0.0.0:43779
2020-07-24 03:08:06,621 [Listener at 0.0.0.0/33193] INFO  server.SCMDatanodeProtocolServer (SCMDatanodeProtocolServer.java:start(172)) - RPC server for DataNodes is listening at /0.0.0.0:43779
2020-07-24 03:08:06,621 [IPC Server Responder] INFO  ipc.Server (Server.java:run(1460)) - IPC Server Responder: starting
2020-07-24 03:08:06,625 [IPC Server listener on 0] INFO  ipc.Server (Server.java:run(1298)) - IPC Server listener on 0: starting
2020-07-24 03:08:06,632 [Listener at 0.0.0.0/33193] INFO  http.HttpServer2 (HttpServer2.java:bindListener(1216)) - Jetty bound to port 43735
2020-07-24 03:08:06,633 [Listener at 0.0.0.0/33193] INFO  server.Server (Server.java:doStart(359)) - jetty-9.4.26.v20200117; built: 2020-01-17T12:35:33.676Z; git: 7b38981d25d14afb4a12ff1f2596756144edf695; jvm 1.8.0_232-b09
2020-07-24 03:08:06,634 [Listener at 0.0.0.0/33193] INFO  server.session (DefaultSessionIdManager.java:doStart(333)) - DefaultSessionIdManager workerName=node0
2020-07-24 03:08:06,634 [Listener at 0.0.0.0/33193] INFO  server.session (DefaultSessionIdManager.java:doStart(338)) - No SessionScavenger set, using defaults
2020-07-24 03:08:06,634 [Listener at 0.0.0.0/33193] INFO  server.session (HouseKeeper.java:startScavenging(140)) - node0 Scavenging every 660000ms
2020-07-24 03:08:06,635 [Listener at 0.0.0.0/33193] INFO  handler.ContextHandler (ContextHandler.java:doStart(825)) - Started o.e.j.s.ServletContextHandler@7d7a13a7{logs,/logs,file:///github/workspace/mnt/ozone/hadoop-ozone/integration-test/target/log,AVAILABLE}
2020-07-24 03:08:06,635 [Listener at 0.0.0.0/33193] INFO  handler.ContextHandler (ContextHandler.java:doStart(825)) - Started o.e.j.s.ServletContextHandler@74b37c02{static,/static,file:///github/workspace/mnt/ozone/hadoop-ozone/integration-test/target/test-classes/webapps/static,AVAILABLE}
2020-07-24 03:08:06,639 [Listener at 0.0.0.0/33193] INFO  handler.ContextHandler (ContextHandler.java:doStart(825)) - Started o.e.j.w.WebAppContext@290def7d{scm,/,file:///github/workspace/mnt/ozone/hadoop-ozone/integration-test/target/test-classes/webapps/scm/,AVAILABLE}{file:/github/workspace/mnt/ozone/hadoop-ozone/integration-test/target/test-classes/webapps/scm}
2020-07-24 03:08:06,639 [Listener at 0.0.0.0/33193] INFO  server.AbstractConnector (AbstractConnector.java:doStart(330)) - Started ServerConnector@3a778c6f{HTTP/1.1,[http/1.1]}{0.0.0.0:43735}
2020-07-24 03:08:06,640 [Listener at 0.0.0.0/33193] INFO  server.Server (Server.java:doStart(399)) - Started @134100ms
2020-07-24 03:08:06,640 [Listener at 0.0.0.0/33193] WARN  impl.MetricsSystemImpl (MetricsSystemImpl.java:register(276)) - Sink prometheus already exists!
2020-07-24 03:08:06,647 [Listener at 0.0.0.0/33193] INFO  http.BaseHttpServer (BaseHttpServer.java:updateConnectorAddress(327)) - HTTP server of scm listening at http://0.0.0.0:43735
2020-07-24 03:08:06,650 [Listener at 0.0.0.0/33193] WARN  server.ServerUtils (ServerUtils.java:getDBPath(225)) - ozone.om.db.dirs is not configured. We recommend adding this setting. Falling back to ozone.metadata.dirs instead.
2020-07-24 03:08:06,650 [org.apache.hadoop.util.JvmPauseMonitor$Monitor@4c14b1bd] INFO  util.JvmPauseMonitor (JvmPauseMonitor.java:run(188)) - Starting JVM pause monitor
2020-07-24 03:08:06,651 [Listener at 0.0.0.0/33193] INFO  ha.OMHANodeDetails (OMHANodeDetails.java:loadOMHAConfig(104)) - ozone.om.internal.service.id is not defined, falling back to ozone.om.service.ids to find serviceID for OzoneManager if it is HA enabled cluster
2020-07-24 03:08:06,652 [Listener at 0.0.0.0/33193] INFO  ha.OMHANodeDetails (OMHANodeDetails.java:loadOMHAConfig(213)) - Configuration either no ozone.om.address set. Falling back to the default OM address /127.0.0.1:0
2020-07-24 03:08:06,652 [Listener at 0.0.0.0/33193] INFO  ha.OMHANodeDetails (OMHANodeDetails.java:getOMNodeDetails(241)) - OM Service ID is not set. Setting it to the default ID: omServiceIdDefault
2020-07-24 03:08:06,652 [Listener at 0.0.0.0/33193] WARN  server.ServerUtils (ServerUtils.java:getDBPath(225)) - ozone.om.db.dirs is not configured. We recommend adding this setting. Falling back to ozone.metadata.dirs instead.
2020-07-24 03:08:06,652 [Listener at 0.0.0.0/33193] WARN  server.ServerUtils (ServerUtils.java:getDBPath(225)) - ozone.om.db.dirs is not configured. We recommend adding this setting. Falling back to ozone.metadata.dirs instead.
2020-07-24 03:08:06,659 [Listener at 0.0.0.0/33193] WARN  server.ServerUtils (ServerUtils.java:getDBPath(225)) - ozone.om.db.dirs is not configured. We recommend adding this setting. Falling back to ozone.metadata.dirs instead.
2020-07-24 03:08:06,659 [Listener at 0.0.0.0/33193] INFO  codec.OmKeyInfoCodec (OmKeyInfoCodec.java:<init>(41)) - OmKeyInfoCodec ignorePipeline = true
2020-07-24 03:08:06,659 [Listener at 0.0.0.0/33193] INFO  codec.RepeatedOmKeyInfoCodec (RepeatedOmKeyInfoCodec.java:<init>(40)) - RepeatedOmKeyInfoCodec ignorePipeline = true
2020-07-24 03:08:06,709 [Listener at 0.0.0.0/33193] INFO  om.OzoneManager (OzoneManager.java:addS3GVolumeToDB(3569)) - Created Volume s3v With Owner jenkins1001 required for S3Gateway operations.
2020-07-24 03:08:06,710 [Listener at 0.0.0.0/33193] INFO  ipc.CallQueueManager (CallQueueManager.java:<init>(84)) - Using callQueue: class java.util.concurrent.LinkedBlockingQueue, queueCapacity: 2000, scheduler: class org.apache.hadoop.ipc.DefaultRpcScheduler, ipcBackoff: false.
2020-07-24 03:08:06,711 [Socket Reader #1 for port 0] INFO  ipc.Server (Server.java:run(1219)) - Starting Socket Reader #1 for port 0
2020-07-24 03:08:06,730 [Listener at 127.0.0.1/43665] INFO  impl.MetricsSystemImpl (MetricsSystemImpl.java:init(158)) - OzoneManager metrics system started (again)
2020-07-24 03:08:06,731 [Listener at 127.0.0.1/43665] INFO  om.OzoneManager (OzoneManager.java:start(1114)) - OzoneManager RPC server is listening at localhost/127.0.0.1:43665
2020-07-24 03:08:06,736 [IPC Server Responder] INFO  ipc.Server (Server.java:run(1460)) - IPC Server Responder: starting
2020-07-24 03:08:06,736 [IPC Server listener on 0] INFO  ipc.Server (Server.java:run(1298)) - IPC Server listener on 0: starting
2020-07-24 03:08:06,750 [Listener at 127.0.0.1/43665] INFO  http.BaseHttpServer (BaseHttpServer.java:newHttpServer2BuilderForOzone(207)) - Starting Web-server for ozoneManager at: http://0.0.0.0:0
2020-07-24 03:08:06,750 [Listener at 127.0.0.1/43665] INFO  http.BaseHttpServer (BaseHttpServer.java:<init>(106)) - Hadoop Security Enabled: false Ozone Security Enabled: false Ozone HTTP Security Enabled: false 
2020-07-24 03:08:06,752 [Listener at 127.0.0.1/43665] INFO  server.AuthenticationFilter (AuthenticationFilter.java:constructSecretProvider(240)) - Unable to initialize FileSignerSecretProvider, falling back to use random secrets.
2020-07-24 03:08:06,752 [Listener at 127.0.0.1/43665] WARN  http.HttpRequestLog (HttpRequestLog.java:getRequestLog(103)) - Jetty request log can only be enabled using Log4j
2020-07-24 03:08:06,753 [Listener at 127.0.0.1/43665] INFO  http.HttpServer2 (HttpServer2.java:addGlobalFilter(998)) - Added global filter 'safety' (class=org.apache.hadoop.hdds.server.http.HttpServer2$QuotingInputFilter)
2020-07-24 03:08:06,753 [Listener at 127.0.0.1/43665] INFO  http.HttpServer2 (HttpServer2.java:addFilter(974)) - Added filter static_user_filter (class=org.apache.hadoop.http.lib.StaticUserWebFilter$StaticUserFilter) to context ozoneManager
2020-07-24 03:08:06,753 [Listener at 127.0.0.1/43665] INFO  http.HttpServer2 (HttpServer2.java:addFilter(982)) - Added filter static_user_filter (class=org.apache.hadoop.http.lib.StaticUserWebFilter$StaticUserFilter) to context static
2020-07-24 03:08:06,753 [Listener at 127.0.0.1/43665] INFO  http.HttpServer2 (HttpServer2.java:addFilter(982)) - Added filter static_user_filter (class=org.apache.hadoop.http.lib.StaticUserWebFilter$StaticUserFilter) to context logs
2020-07-24 03:08:06,754 [Listener at 127.0.0.1/43665] INFO  http.HttpServer2 (HttpServer2.java:bindListener(1216)) - Jetty bound to port 34281
2020-07-24 03:08:06,754 [Listener at 127.0.0.1/43665] INFO  server.Server (Server.java:doStart(359)) - jetty-9.4.26.v20200117; built: 2020-01-17T12:35:33.676Z; git: 7b38981d25d14afb4a12ff1f2596756144edf695; jvm 1.8.0_232-b09
2020-07-24 03:08:06,756 [Listener at 127.0.0.1/43665] INFO  server.session (DefaultSessionIdManager.java:doStart(333)) - DefaultSessionIdManager workerName=node0
2020-07-24 03:08:06,756 [Listener at 127.0.0.1/43665] INFO  server.session (DefaultSessionIdManager.java:doStart(338)) - No SessionScavenger set, using defaults
2020-07-24 03:08:06,756 [Listener at 127.0.0.1/43665] INFO  server.session (HouseKeeper.java:startScavenging(140)) - node0 Scavenging every 660000ms
2020-07-24 03:08:06,757 [Listener at 127.0.0.1/43665] INFO  handler.ContextHandler (ContextHandler.java:doStart(825)) - Started o.e.j.s.ServletContextHandler@25a0c208{logs,/logs,file:///github/workspace/mnt/ozone/hadoop-ozone/integration-test/target/log,AVAILABLE}
2020-07-24 03:08:06,757 [Listener at 127.0.0.1/43665] INFO  handler.ContextHandler (ContextHandler.java:doStart(825)) - Started o.e.j.s.ServletContextHandler@223973a9{static,/static,file:///github/workspace/mnt/ozone/hadoop-ozone/integration-test/target/test-classes/webapps/static,AVAILABLE}
2020-07-24 03:08:06,761 [Listener at 127.0.0.1/43665] INFO  handler.ContextHandler (ContextHandler.java:doStart(825)) - Started o.e.j.w.WebAppContext@7b7eb8c{ozoneManager,/,file:///github/workspace/mnt/ozone/hadoop-ozone/integration-test/target/test-classes/webapps/ozoneManager/,AVAILABLE}{file:/github/workspace/mnt/ozone/hadoop-ozone/integration-test/target/test-classes/webapps/ozoneManager}
2020-07-24 03:08:06,762 [Listener at 127.0.0.1/43665] INFO  server.AbstractConnector (AbstractConnector.java:doStart(330)) - Started ServerConnector@5a8bcae1{HTTP/1.1,[http/1.1]}{0.0.0.0:34281}
2020-07-24 03:08:06,762 [Listener at 127.0.0.1/43665] INFO  server.Server (Server.java:doStart(399)) - Started @134222ms
2020-07-24 03:08:06,762 [Listener at 127.0.0.1/43665] WARN  impl.MetricsSystemImpl (MetricsSystemImpl.java:register(276)) - Sink prometheus already exists!
2020-07-24 03:08:06,765 [Listener at 127.0.0.1/43665] INFO  http.BaseHttpServer (BaseHttpServer.java:updateConnectorAddress(327)) - HTTP server of ozoneManager listening at http://0.0.0.0:34281
2020-07-24 03:08:06,768 [org.apache.hadoop.util.JvmPauseMonitor$Monitor@4e44f582] INFO  util.JvmPauseMonitor (JvmPauseMonitor.java:run(188)) - Starting JVM pause monitor
2020-07-24 03:08:06,789 [Listener at 127.0.0.1/43665] INFO  impl.MetricsSystemImpl (MetricsSystemImpl.java:init(158)) - HddsDatanode metrics system started (again)
2020-07-24 03:08:06,790 [Listener at 127.0.0.1/43665] INFO  ozone.HddsDatanodeService (HddsDatanodeService.java:start(217)) - HddsDatanodeService host:bae25e63820f ip:172.17.0.2
2020-07-24 03:08:06,791 [Listener at 127.0.0.1/43665] INFO  volume.HddsVolume (HddsVolume.java:<init>(176)) - Creating Volume: /github/workspace/mnt/ozone/hadoop-ozone/integration-test/target/test-dir/MiniOzoneClusterImpl-7a66fb8e-ad0e-46df-b237-2ffa69f4ef17/datanode-0/data-0/containers/hdds of storage type : DISK and capacity : 9223372036854775807
2020-07-24 03:08:06,791 [Listener at 127.0.0.1/43665] INFO  volume.MutableVolumeSet (MutableVolumeSet.java:initializeVolumeSet(179)) - Added Volume : /github/workspace/mnt/ozone/hadoop-ozone/integration-test/target/test-dir/MiniOzoneClusterImpl-7a66fb8e-ad0e-46df-b237-2ffa69f4ef17/datanode-0/data-0/containers/hdds to VolumeSet
2020-07-24 03:08:06,792 [Listener at 127.0.0.1/43665] INFO  volume.ThrottledAsyncChecker (ThrottledAsyncChecker.java:schedule(141)) - Scheduling a check for /github/workspace/mnt/ozone/hadoop-ozone/integration-test/target/test-dir/MiniOzoneClusterImpl-7a66fb8e-ad0e-46df-b237-2ffa69f4ef17/datanode-0/data-0/containers/hdds
2020-07-24 03:08:06,792 [Listener at 127.0.0.1/43665] INFO  volume.HddsVolumeChecker (HddsVolumeChecker.java:checkAllVolumes(200)) - Scheduled health check for volume /github/workspace/mnt/ozone/hadoop-ozone/integration-test/target/test-dir/MiniOzoneClusterImpl-7a66fb8e-ad0e-46df-b237-2ffa69f4ef17/datanode-0/data-0/containers/hdds
2020-07-24 03:08:06,805 [Thread-1149] INFO  ozoneimpl.ContainerReader (ContainerReader.java:readVolume(123)) - Start to verify containers on volume /github/workspace/mnt/ozone/hadoop-ozone/integration-test/target/test-dir/MiniOzoneClusterImpl-7a66fb8e-ad0e-46df-b237-2ffa69f4ef17/datanode-0/data-0/containers/hdds
2020-07-24 03:08:06,805 [Thread-1149] INFO  ozoneimpl.ContainerReader (ContainerReader.java:readVolume(148)) - Finish verifying containers on volume /github/workspace/mnt/ozone/hadoop-ozone/integration-test/target/test-dir/MiniOzoneClusterImpl-7a66fb8e-ad0e-46df-b237-2ffa69f4ef17/datanode-0/data-0/containers/hdds
2020-07-24 03:08:06,805 [Listener at 127.0.0.1/43665] INFO  ozoneimpl.OzoneContainer (OzoneContainer.java:buildContainerSet(187)) - Build ContainerSet costs 0s
2020-07-24 03:08:06,807 [Listener at 127.0.0.1/43665] INFO  impl.RaftServerProxy (ConfUtils.java:logGet(44)) - raft.rpc.type = GRPC (default)
2020-07-24 03:08:06,807 [Listener at 127.0.0.1/43665] INFO  grpc.GrpcFactory (GrpcFactory.java:checkPooledByteBufAllocatorUseCacheForAllThreads(45)) - PERFORMANCE WARNING: useCacheForAllThreads is true that may cause Netty to create a lot garbage objects and, as a result, trigger GC.
	It is recommended to disable useCacheForAllThreads by setting -Dorg.apache.ratis.thirdparty.io.netty.allocator.useCacheForAllThreads=false in command line.
2020-07-24 03:08:06,807 [Listener at 127.0.0.1/43665] INFO  grpc.GrpcConfigKeys (ConfUtils.java:logGet(44)) - raft.grpc.server.port = 0 (default)
2020-07-24 03:08:06,807 [Listener at 127.0.0.1/43665] INFO  server.GrpcService (ConfUtils.java:logGet(44)) - raft.grpc.message.size.max = 32MB (=33554432) (custom)
2020-07-24 03:08:06,807 [Listener at 127.0.0.1/43665] INFO  server.RaftServerConfigKeys (ConfUtils.java:logGet(44)) - raft.server.log.appender.buffer.byte-limit = 33554432 (custom)
2020-07-24 03:08:06,807 [Listener at 127.0.0.1/43665] INFO  server.GrpcService (ConfUtils.java:logGet(44)) - raft.grpc.flow.control.window = 5MB (=5242880) (custom)
2020-07-24 03:08:06,807 [Listener at 127.0.0.1/43665] INFO  server.RaftServerConfigKeys (ConfUtils.java:logGet(44)) - raft.server.rpc.request.timeout = 3000ms (default)
2020-07-24 03:08:06,808 [Listener at 127.0.0.1/43665] INFO  server.RaftServerConfigKeys (ConfUtils.java:logGet(44)) - raft.server.storage.dir = [/github/workspace/mnt/ozone/hadoop-ozone/integration-test/target/test-dir/MiniOzoneClusterImpl-7a66fb8e-ad0e-46df-b237-2ffa69f4ef17/datanode-0/data/ratis] (custom)
2020-07-24 03:08:06,813 [Listener at 127.0.0.1/43665] INFO  http.BaseHttpServer (BaseHttpServer.java:newHttpServer2BuilderForOzone(207)) - Starting Web-server for hddsDatanode at: http://0.0.0.0:0
2020-07-24 03:08:06,813 [Listener at 127.0.0.1/43665] INFO  http.BaseHttpServer (BaseHttpServer.java:<init>(106)) - Hadoop Security Enabled: false Ozone Security Enabled: false Ozone HTTP Security Enabled: false 
2020-07-24 03:08:06,814 [Listener at 127.0.0.1/43665] INFO  server.AuthenticationFilter (AuthenticationFilter.java:constructSecretProvider(240)) - Unable to initialize FileSignerSecretProvider, falling back to use random secrets.
2020-07-24 03:08:06,814 [Listener at 127.0.0.1/43665] WARN  http.HttpRequestLog (HttpRequestLog.java:getRequestLog(103)) - Jetty request log can only be enabled using Log4j
2020-07-24 03:08:06,815 [Listener at 127.0.0.1/43665] INFO  http.HttpServer2 (HttpServer2.java:addGlobalFilter(998)) - Added global filter 'safety' (class=org.apache.hadoop.hdds.server.http.HttpServer2$QuotingInputFilter)
2020-07-24 03:08:06,816 [Listener at 127.0.0.1/43665] INFO  http.HttpServer2 (HttpServer2.java:addFilter(974)) - Added filter static_user_filter (class=org.apache.hadoop.http.lib.StaticUserWebFilter$StaticUserFilter) to context hddsDatanode
2020-07-24 03:08:06,816 [Listener at 127.0.0.1/43665] INFO  http.HttpServer2 (HttpServer2.java:addFilter(982)) - Added filter static_user_filter (class=org.apache.hadoop.http.lib.StaticUserWebFilter$StaticUserFilter) to context static
2020-07-24 03:08:06,816 [Listener at 127.0.0.1/43665] INFO  http.HttpServer2 (HttpServer2.java:addFilter(982)) - Added filter static_user_filter (class=org.apache.hadoop.http.lib.StaticUserWebFilter$StaticUserFilter) to context logs
2020-07-24 03:08:06,816 [Listener at 127.0.0.1/43665] INFO  http.HttpServer2 (HttpServer2.java:bindListener(1216)) - Jetty bound to port 44817
2020-07-24 03:08:06,817 [Listener at 127.0.0.1/43665] INFO  server.Server (Server.java:doStart(359)) - jetty-9.4.26.v20200117; built: 2020-01-17T12:35:33.676Z; git: 7b38981d25d14afb4a12ff1f2596756144edf695; jvm 1.8.0_232-b09
2020-07-24 03:08:06,818 [Listener at 127.0.0.1/43665] INFO  server.session (DefaultSessionIdManager.java:doStart(333)) - DefaultSessionIdManager workerName=node0
2020-07-24 03:08:06,819 [Listener at 127.0.0.1/43665] INFO  server.session (DefaultSessionIdManager.java:doStart(338)) - No SessionScavenger set, using defaults
2020-07-24 03:08:06,819 [Listener at 127.0.0.1/43665] INFO  server.session (HouseKeeper.java:startScavenging(140)) - node0 Scavenging every 600000ms
2020-07-24 03:08:06,819 [Listener at 127.0.0.1/43665] INFO  handler.ContextHandler (ContextHandler.java:doStart(825)) - Started o.e.j.s.ServletContextHandler@1e33dda{logs,/logs,file:///github/workspace/mnt/ozone/hadoop-ozone/integration-test/target/log,AVAILABLE}
2020-07-24 03:08:06,820 [Listener at 127.0.0.1/43665] INFO  handler.ContextHandler (ContextHandler.java:doStart(825)) - Started o.e.j.s.ServletContextHandler@2604e76{static,/static,jar:file:/home/user/.m2/repository/org/apache/hadoop/hadoop-hdds-container-service/0.6.0-SNAPSHOT/hadoop-hdds-container-service-0.6.0-SNAPSHOT.jar!/webapps/static,AVAILABLE}
2020-07-24 03:08:06,897 [Listener at 127.0.0.1/43665] INFO  handler.ContextHandler (ContextHandler.java:doStart(825)) - Started o.e.j.w.WebAppContext@6571d5a1{hddsDatanode,/,file:///tmp/jetty-0_0_0_0-44817-hadoop-hdds-container-service-0_6_0-SNAPSHOT_jar-_-any-3398886206511690682.dir/webapp/,AVAILABLE}{jar:file:/home/user/.m2/repository/org/apache/hadoop/hadoop-hdds-container-service/0.6.0-SNAPSHOT/hadoop-hdds-container-service-0.6.0-SNAPSHOT.jar!/webapps/hddsDatanode}
2020-07-24 03:08:06,901 [Listener at 127.0.0.1/43665] INFO  server.AbstractConnector (AbstractConnector.java:doStart(330)) - Started ServerConnector@18aa9b83{HTTP/1.1,[http/1.1]}{0.0.0.0:44817}
2020-07-24 03:08:06,902 [Listener at 127.0.0.1/43665] INFO  server.Server (Server.java:doStart(399)) - Started @134361ms
2020-07-24 03:08:06,902 [Listener at 127.0.0.1/43665] WARN  impl.MetricsSystemImpl (MetricsSystemImpl.java:register(276)) - Sink prometheus already exists!
2020-07-24 03:08:06,904 [Listener at 127.0.0.1/43665] INFO  http.BaseHttpServer (BaseHttpServer.java:updateConnectorAddress(327)) - HTTP server of hddsDatanode listening at http://0.0.0.0:44817
2020-07-24 03:08:06,906 [Listener at 127.0.0.1/43665] INFO  impl.MetricsSystemImpl (MetricsSystemImpl.java:init(158)) - HddsDatanode metrics system started (again)
2020-07-24 03:08:06,908 [Listener at 127.0.0.1/43665] INFO  ozone.HddsDatanodeService (HddsDatanodeService.java:start(217)) - HddsDatanodeService host:bae25e63820f ip:172.17.0.2
2020-07-24 03:08:06,917 [org.apache.hadoop.util.JvmPauseMonitor$Monitor@796acb59] INFO  util.JvmPauseMonitor (JvmPauseMonitor.java:run(188)) - Starting JVM pause monitor
2020-07-24 03:08:06,918 [Listener at 127.0.0.1/43665] INFO  volume.HddsVolume (HddsVolume.java:<init>(176)) - Creating Volume: /github/workspace/mnt/ozone/hadoop-ozone/integration-test/target/test-dir/MiniOzoneClusterImpl-7a66fb8e-ad0e-46df-b237-2ffa69f4ef17/datanode-1/data-0/containers/hdds of storage type : DISK and capacity : 9223372036854775807
2020-07-24 03:08:06,918 [Listener at 127.0.0.1/43665] INFO  volume.MutableVolumeSet (MutableVolumeSet.java:initializeVolumeSet(179)) - Added Volume : /github/workspace/mnt/ozone/hadoop-ozone/integration-test/target/test-dir/MiniOzoneClusterImpl-7a66fb8e-ad0e-46df-b237-2ffa69f4ef17/datanode-1/data-0/containers/hdds to VolumeSet
2020-07-24 03:08:06,919 [Listener at 127.0.0.1/43665] INFO  volume.ThrottledAsyncChecker (ThrottledAsyncChecker.java:schedule(141)) - Scheduling a check for /github/workspace/mnt/ozone/hadoop-ozone/integration-test/target/test-dir/MiniOzoneClusterImpl-7a66fb8e-ad0e-46df-b237-2ffa69f4ef17/datanode-1/data-0/containers/hdds
2020-07-24 03:08:06,919 [Datanode State Machine Task Thread - 0] INFO  datanode.InitDatanodeState (InitDatanodeState.java:persistContainerDatanodeDetails(145)) - DatanodeDetails is persisted to /github/workspace/mnt/ozone/hadoop-ozone/integration-test/target/test-dir/MiniOzoneClusterImpl-7a66fb8e-ad0e-46df-b237-2ffa69f4ef17/datanode-0/meta/datanode.id
2020-07-24 03:08:06,920 [Listener at 127.0.0.1/43665] INFO  volume.HddsVolumeChecker (HddsVolumeChecker.java:checkAllVolumes(200)) - Scheduled health check for volume /github/workspace/mnt/ozone/hadoop-ozone/integration-test/target/test-dir/MiniOzoneClusterImpl-7a66fb8e-ad0e-46df-b237-2ffa69f4ef17/datanode-1/data-0/containers/hdds
2020-07-24 03:08:06,933 [Thread-1160] INFO  ozoneimpl.ContainerReader (ContainerReader.java:readVolume(123)) - Start to verify containers on volume /github/workspace/mnt/ozone/hadoop-ozone/integration-test/target/test-dir/MiniOzoneClusterImpl-7a66fb8e-ad0e-46df-b237-2ffa69f4ef17/datanode-1/data-0/containers/hdds
2020-07-24 03:08:06,933 [Thread-1160] INFO  ozoneimpl.ContainerReader (ContainerReader.java:readVolume(148)) - Finish verifying containers on volume /github/workspace/mnt/ozone/hadoop-ozone/integration-test/target/test-dir/MiniOzoneClusterImpl-7a66fb8e-ad0e-46df-b237-2ffa69f4ef17/datanode-1/data-0/containers/hdds
2020-07-24 03:08:06,933 [Listener at 127.0.0.1/43665] INFO  ozoneimpl.OzoneContainer (OzoneContainer.java:buildContainerSet(187)) - Build ContainerSet costs 0s
2020-07-24 03:08:06,934 [Listener at 127.0.0.1/43665] INFO  impl.RaftServerProxy (ConfUtils.java:logGet(44)) - raft.rpc.type = GRPC (default)
2020-07-24 03:08:06,934 [Listener at 127.0.0.1/43665] INFO  grpc.GrpcFactory (GrpcFactory.java:checkPooledByteBufAllocatorUseCacheForAllThreads(45)) - PERFORMANCE WARNING: useCacheForAllThreads is true that may cause Netty to create a lot garbage objects and, as a result, trigger GC.
	It is recommended to disable useCacheForAllThreads by setting -Dorg.apache.ratis.thirdparty.io.netty.allocator.useCacheForAllThreads=false in command line.
2020-07-24 03:08:06,934 [Listener at 127.0.0.1/43665] INFO  grpc.GrpcConfigKeys (ConfUtils.java:logGet(44)) - raft.grpc.server.port = 0 (default)
2020-07-24 03:08:06,935 [Listener at 127.0.0.1/43665] INFO  server.GrpcService (ConfUtils.java:logGet(44)) - raft.grpc.message.size.max = 32MB (=33554432) (custom)
2020-07-24 03:08:06,935 [Listener at 127.0.0.1/43665] INFO  server.RaftServerConfigKeys (ConfUtils.java:logGet(44)) - raft.server.log.appender.buffer.byte-limit = 33554432 (custom)
2020-07-24 03:08:06,935 [Listener at 127.0.0.1/43665] INFO  server.GrpcService (ConfUtils.java:logGet(44)) - raft.grpc.flow.control.window = 5MB (=5242880) (custom)
2020-07-24 03:08:06,935 [Listener at 127.0.0.1/43665] INFO  server.RaftServerConfigKeys (ConfUtils.java:logGet(44)) - raft.server.rpc.request.timeout = 3000ms (default)
2020-07-24 03:08:06,936 [Listener at 127.0.0.1/43665] INFO  server.RaftServerConfigKeys (ConfUtils.java:logGet(44)) - raft.server.storage.dir = [/github/workspace/mnt/ozone/hadoop-ozone/integration-test/target/test-dir/MiniOzoneClusterImpl-7a66fb8e-ad0e-46df-b237-2ffa69f4ef17/datanode-1/data/ratis] (custom)
2020-07-24 03:08:06,940 [Listener at 127.0.0.1/43665] INFO  http.BaseHttpServer (BaseHttpServer.java:newHttpServer2BuilderForOzone(207)) - Starting Web-server for hddsDatanode at: http://0.0.0.0:0
2020-07-24 03:08:06,940 [Listener at 127.0.0.1/43665] INFO  http.BaseHttpServer (BaseHttpServer.java:<init>(106)) - Hadoop Security Enabled: false Ozone Security Enabled: false Ozone HTTP Security Enabled: false 
2020-07-24 03:08:06,941 [Listener at 127.0.0.1/43665] INFO  server.AuthenticationFilter (AuthenticationFilter.java:constructSecretProvider(240)) - Unable to initialize FileSignerSecretProvider, falling back to use random secrets.
2020-07-24 03:08:06,942 [Listener at 127.0.0.1/43665] WARN  http.HttpRequestLog (HttpRequestLog.java:getRequestLog(103)) - Jetty request log can only be enabled using Log4j
2020-07-24 03:08:06,942 [Listener at 127.0.0.1/43665] INFO  http.HttpServer2 (HttpServer2.java:addGlobalFilter(998)) - Added global filter 'safety' (class=org.apache.hadoop.hdds.server.http.HttpServer2$QuotingInputFilter)
2020-07-24 03:08:06,943 [Listener at 127.0.0.1/43665] INFO  http.HttpServer2 (HttpServer2.java:addFilter(974)) - Added filter static_user_filter (class=org.apache.hadoop.http.lib.StaticUserWebFilter$StaticUserFilter) to context hddsDatanode
2020-07-24 03:08:06,943 [Listener at 127.0.0.1/43665] INFO  http.HttpServer2 (HttpServer2.java:addFilter(982)) - Added filter static_user_filter (class=org.apache.hadoop.http.lib.StaticUserWebFilter$StaticUserFilter) to context logs
2020-07-24 03:08:06,943 [Listener at 127.0.0.1/43665] INFO  http.HttpServer2 (HttpServer2.java:addFilter(982)) - Added filter static_user_filter (class=org.apache.hadoop.http.lib.StaticUserWebFilter$StaticUserFilter) to context static
2020-07-24 03:08:06,944 [Listener at 127.0.0.1/43665] INFO  http.HttpServer2 (HttpServer2.java:bindListener(1216)) - Jetty bound to port 45975
2020-07-24 03:08:06,944 [Listener at 127.0.0.1/43665] INFO  server.Server (Server.java:doStart(359)) - jetty-9.4.26.v20200117; built: 2020-01-17T12:35:33.676Z; git: 7b38981d25d14afb4a12ff1f2596756144edf695; jvm 1.8.0_232-b09
2020-07-24 03:08:06,946 [Listener at 127.0.0.1/43665] INFO  server.session (DefaultSessionIdManager.java:doStart(333)) - DefaultSessionIdManager workerName=node0
2020-07-24 03:08:06,946 [Listener at 127.0.0.1/43665] INFO  server.session (DefaultSessionIdManager.java:doStart(338)) - No SessionScavenger set, using defaults
2020-07-24 03:08:06,946 [Listener at 127.0.0.1/43665] INFO  server.session (HouseKeeper.java:startScavenging(140)) - node0 Scavenging every 660000ms
2020-07-24 03:08:06,947 [Listener at 127.0.0.1/43665] INFO  handler.ContextHandler (ContextHandler.java:doStart(825)) - Started o.e.j.s.ServletContextHandler@4861df70{logs,/logs,file:///github/workspace/mnt/ozone/hadoop-ozone/integration-test/target/log,AVAILABLE}
2020-07-24 03:08:06,947 [Listener at 127.0.0.1/43665] INFO  handler.ContextHandler (ContextHandler.java:doStart(825)) - Started o.e.j.s.ServletContextHandler@1613e5ab{static,/static,jar:file:/home/user/.m2/repository/org/apache/hadoop/hadoop-hdds-container-service/0.6.0-SNAPSHOT/hadoop-hdds-container-service-0.6.0-SNAPSHOT.jar!/webapps/static,AVAILABLE}
2020-07-24 03:08:07,026 [Listener at 127.0.0.1/43665] INFO  handler.ContextHandler (ContextHandler.java:doStart(825)) - Started o.e.j.w.WebAppContext@17c158ca{hddsDatanode,/,file:///tmp/jetty-0_0_0_0-45975-hadoop-hdds-container-service-0_6_0-SNAPSHOT_jar-_-any-4383554103297882270.dir/webapp/,AVAILABLE}{jar:file:/home/user/.m2/repository/org/apache/hadoop/hadoop-hdds-container-service/0.6.0-SNAPSHOT/hadoop-hdds-container-service-0.6.0-SNAPSHOT.jar!/webapps/hddsDatanode}
2020-07-24 03:08:07,028 [Listener at 127.0.0.1/43665] INFO  server.AbstractConnector (AbstractConnector.java:doStart(330)) - Started ServerConnector@10b2f8ff{HTTP/1.1,[http/1.1]}{0.0.0.0:45975}
2020-07-24 03:08:07,028 [Listener at 127.0.0.1/43665] INFO  server.Server (Server.java:doStart(399)) - Started @134488ms
2020-07-24 03:08:07,028 [Listener at 127.0.0.1/43665] WARN  impl.MetricsSystemImpl (MetricsSystemImpl.java:register(276)) - Sink prometheus already exists!
2020-07-24 03:08:07,031 [Listener at 127.0.0.1/43665] INFO  http.BaseHttpServer (BaseHttpServer.java:updateConnectorAddress(327)) - HTTP server of hddsDatanode listening at http://0.0.0.0:45975
2020-07-24 03:08:07,033 [Listener at 127.0.0.1/43665] INFO  impl.MetricsSystemImpl (MetricsSystemImpl.java:init(158)) - HddsDatanode metrics system started (again)
2020-07-24 03:08:07,035 [Listener at 127.0.0.1/43665] INFO  ozone.HddsDatanodeService (HddsDatanodeService.java:start(217)) - HddsDatanodeService host:bae25e63820f ip:172.17.0.2
2020-07-24 03:08:07,037 [org.apache.hadoop.util.JvmPauseMonitor$Monitor@56a16dd6] INFO  util.JvmPauseMonitor (JvmPauseMonitor.java:run(188)) - Starting JVM pause monitor
2020-07-24 03:08:07,038 [Datanode State Machine Task Thread - 0] INFO  datanode.InitDatanodeState (InitDatanodeState.java:persistContainerDatanodeDetails(145)) - DatanodeDetails is persisted to /github/workspace/mnt/ozone/hadoop-ozone/integration-test/target/test-dir/MiniOzoneClusterImpl-7a66fb8e-ad0e-46df-b237-2ffa69f4ef17/datanode-1/meta/datanode.id
2020-07-24 03:08:07,038 [Listener at 127.0.0.1/43665] INFO  volume.HddsVolume (HddsVolume.java:<init>(176)) - Creating Volume: /github/workspace/mnt/ozone/hadoop-ozone/integration-test/target/test-dir/MiniOzoneClusterImpl-7a66fb8e-ad0e-46df-b237-2ffa69f4ef17/datanode-2/data-0/containers/hdds of storage type : DISK and capacity : 9223372036854775807
2020-07-24 03:08:07,039 [Listener at 127.0.0.1/43665] INFO  volume.MutableVolumeSet (MutableVolumeSet.java:initializeVolumeSet(179)) - Added Volume : /github/workspace/mnt/ozone/hadoop-ozone/integration-test/target/test-dir/MiniOzoneClusterImpl-7a66fb8e-ad0e-46df-b237-2ffa69f4ef17/datanode-2/data-0/containers/hdds to VolumeSet
2020-07-24 03:08:07,039 [Listener at 127.0.0.1/43665] INFO  volume.ThrottledAsyncChecker (ThrottledAsyncChecker.java:schedule(141)) - Scheduling a check for /github/workspace/mnt/ozone/hadoop-ozone/integration-test/target/test-dir/MiniOzoneClusterImpl-7a66fb8e-ad0e-46df-b237-2ffa69f4ef17/datanode-2/data-0/containers/hdds
2020-07-24 03:08:07,039 [Listener at 127.0.0.1/43665] INFO  volume.HddsVolumeChecker (HddsVolumeChecker.java:checkAllVolumes(200)) - Scheduled health check for volume /github/workspace/mnt/ozone/hadoop-ozone/integration-test/target/test-dir/MiniOzoneClusterImpl-7a66fb8e-ad0e-46df-b237-2ffa69f4ef17/datanode-2/data-0/containers/hdds
2020-07-24 03:08:07,051 [Thread-1171] INFO  ozoneimpl.ContainerReader (ContainerReader.java:readVolume(123)) - Start to verify containers on volume /github/workspace/mnt/ozone/hadoop-ozone/integration-test/target/test-dir/MiniOzoneClusterImpl-7a66fb8e-ad0e-46df-b237-2ffa69f4ef17/datanode-2/data-0/containers/hdds
2020-07-24 03:08:07,051 [Thread-1171] INFO  ozoneimpl.ContainerReader (ContainerReader.java:readVolume(148)) - Finish verifying containers on volume /github/workspace/mnt/ozone/hadoop-ozone/integration-test/target/test-dir/MiniOzoneClusterImpl-7a66fb8e-ad0e-46df-b237-2ffa69f4ef17/datanode-2/data-0/containers/hdds
2020-07-24 03:08:07,051 [Listener at 127.0.0.1/43665] INFO  ozoneimpl.OzoneContainer (OzoneContainer.java:buildContainerSet(187)) - Build ContainerSet costs 0s
2020-07-24 03:08:07,053 [Listener at 127.0.0.1/43665] INFO  impl.RaftServerProxy (ConfUtils.java:logGet(44)) - raft.rpc.type = GRPC (default)
2020-07-24 03:08:07,053 [Listener at 127.0.0.1/43665] INFO  grpc.GrpcFactory (GrpcFactory.java:checkPooledByteBufAllocatorUseCacheForAllThreads(45)) - PERFORMANCE WARNING: useCacheForAllThreads is true that may cause Netty to create a lot garbage objects and, as a result, trigger GC.
	It is recommended to disable useCacheForAllThreads by setting -Dorg.apache.ratis.thirdparty.io.netty.allocator.useCacheForAllThreads=false in command line.
2020-07-24 03:08:07,054 [Listener at 127.0.0.1/43665] INFO  grpc.GrpcConfigKeys (ConfUtils.java:logGet(44)) - raft.grpc.server.port = 0 (default)
2020-07-24 03:08:07,054 [Listener at 127.0.0.1/43665] INFO  server.GrpcService (ConfUtils.java:logGet(44)) - raft.grpc.message.size.max = 32MB (=33554432) (custom)
2020-07-24 03:08:07,054 [Listener at 127.0.0.1/43665] INFO  server.RaftServerConfigKeys (ConfUtils.java:logGet(44)) - raft.server.log.appender.buffer.byte-limit = 33554432 (custom)
2020-07-24 03:08:07,054 [Listener at 127.0.0.1/43665] INFO  server.GrpcService (ConfUtils.java:logGet(44)) - raft.grpc.flow.control.window = 5MB (=5242880) (custom)
2020-07-24 03:08:07,054 [Listener at 127.0.0.1/43665] INFO  server.RaftServerConfigKeys (ConfUtils.java:logGet(44)) - raft.server.rpc.request.timeout = 3000ms (default)
2020-07-24 03:08:07,055 [Listener at 127.0.0.1/43665] INFO  server.RaftServerConfigKeys (ConfUtils.java:logGet(44)) - raft.server.storage.dir = [/github/workspace/mnt/ozone/hadoop-ozone/integration-test/target/test-dir/MiniOzoneClusterImpl-7a66fb8e-ad0e-46df-b237-2ffa69f4ef17/datanode-2/data/ratis] (custom)
2020-07-24 03:08:07,059 [Listener at 127.0.0.1/43665] INFO  http.BaseHttpServer (BaseHttpServer.java:newHttpServer2BuilderForOzone(207)) - Starting Web-server for hddsDatanode at: http://0.0.0.0:0
2020-07-24 03:08:07,059 [Listener at 127.0.0.1/43665] INFO  http.BaseHttpServer (BaseHttpServer.java:<init>(106)) - Hadoop Security Enabled: false Ozone Security Enabled: false Ozone HTTP Security Enabled: false 
2020-07-24 03:08:07,060 [Listener at 127.0.0.1/43665] INFO  server.AuthenticationFilter (AuthenticationFilter.java:constructSecretProvider(240)) - Unable to initialize FileSignerSecretProvider, falling back to use random secrets.
2020-07-24 03:08:07,060 [Listener at 127.0.0.1/43665] WARN  http.HttpRequestLog (HttpRequestLog.java:getRequestLog(103)) - Jetty request log can only be enabled using Log4j
2020-07-24 03:08:07,061 [Listener at 127.0.0.1/43665] INFO  http.HttpServer2 (HttpServer2.java:addGlobalFilter(998)) - Added global filter 'safety' (class=org.apache.hadoop.hdds.server.http.HttpServer2$QuotingInputFilter)
2020-07-24 03:08:07,062 [Listener at 127.0.0.1/43665] INFO  http.HttpServer2 (HttpServer2.java:addFilter(974)) - Added filter static_user_filter (class=org.apache.hadoop.http.lib.StaticUserWebFilter$StaticUserFilter) to context hddsDatanode
2020-07-24 03:08:07,062 [Listener at 127.0.0.1/43665] INFO  http.HttpServer2 (HttpServer2.java:addFilter(982)) - Added filter static_user_filter (class=org.apache.hadoop.http.lib.StaticUserWebFilter$StaticUserFilter) to context static
2020-07-24 03:08:07,062 [Listener at 127.0.0.1/43665] INFO  http.HttpServer2 (HttpServer2.java:addFilter(982)) - Added filter static_user_filter (class=org.apache.hadoop.http.lib.StaticUserWebFilter$StaticUserFilter) to context logs
2020-07-24 03:08:07,062 [Listener at 127.0.0.1/43665] INFO  http.HttpServer2 (HttpServer2.java:bindListener(1216)) - Jetty bound to port 33611
2020-07-24 03:08:07,062 [Listener at 127.0.0.1/43665] INFO  server.Server (Server.java:doStart(359)) - jetty-9.4.26.v20200117; built: 2020-01-17T12:35:33.676Z; git: 7b38981d25d14afb4a12ff1f2596756144edf695; jvm 1.8.0_232-b09
2020-07-24 03:08:07,064 [Listener at 127.0.0.1/43665] INFO  server.session (DefaultSessionIdManager.java:doStart(333)) - DefaultSessionIdManager workerName=node0
2020-07-24 03:08:07,064 [Listener at 127.0.0.1/43665] INFO  server.session (DefaultSessionIdManager.java:doStart(338)) - No SessionScavenger set, using defaults
2020-07-24 03:08:07,064 [Listener at 127.0.0.1/43665] INFO  server.session (HouseKeeper.java:startScavenging(140)) - node0 Scavenging every 660000ms
2020-07-24 03:08:07,065 [Listener at 127.0.0.1/43665] INFO  handler.ContextHandler (ContextHandler.java:doStart(825)) - Started o.e.j.s.ServletContextHandler@4af3cacb{logs,/logs,file:///github/workspace/mnt/ozone/hadoop-ozone/integration-test/target/log,AVAILABLE}
2020-07-24 03:08:07,065 [Listener at 127.0.0.1/43665] INFO  handler.ContextHandler (ContextHandler.java:doStart(825)) - Started o.e.j.s.ServletContextHandler@65a124a{static,/static,jar:file:/home/user/.m2/repository/org/apache/hadoop/hadoop-hdds-container-service/0.6.0-SNAPSHOT/hadoop-hdds-container-service-0.6.0-SNAPSHOT.jar!/webapps/static,AVAILABLE}
2020-07-24 03:08:07,143 [Listener at 127.0.0.1/43665] INFO  handler.ContextHandler (ContextHandler.java:doStart(825)) - Started o.e.j.w.WebAppContext@46f7fc28{hddsDatanode,/,file:///tmp/jetty-0_0_0_0-33611-hadoop-hdds-container-service-0_6_0-SNAPSHOT_jar-_-any-7947667410746636851.dir/webapp/,AVAILABLE}{jar:file:/home/user/.m2/repository/org/apache/hadoop/hadoop-hdds-container-service/0.6.0-SNAPSHOT/hadoop-hdds-container-service-0.6.0-SNAPSHOT.jar!/webapps/hddsDatanode}
2020-07-24 03:08:07,144 [Listener at 127.0.0.1/43665] INFO  server.AbstractConnector (AbstractConnector.java:doStart(330)) - Started ServerConnector@3777e395{HTTP/1.1,[http/1.1]}{0.0.0.0:33611}
2020-07-24 03:08:07,144 [Listener at 127.0.0.1/43665] INFO  server.Server (Server.java:doStart(399)) - Started @134604ms
2020-07-24 03:08:07,145 [Listener at 127.0.0.1/43665] WARN  impl.MetricsSystemImpl (MetricsSystemImpl.java:register(276)) - Sink prometheus already exists!
2020-07-24 03:08:07,148 [Listener at 127.0.0.1/43665] INFO  http.BaseHttpServer (BaseHttpServer.java:updateConnectorAddress(327)) - HTTP server of hddsDatanode listening at http://0.0.0.0:33611
2020-07-24 03:08:07,148 [Listener at 127.0.0.1/43665] INFO  impl.MetricsSystemImpl (MetricsSystemImpl.java:init(158)) - HddsDatanode metrics system started (again)
2020-07-24 03:08:07,151 [Listener at 127.0.0.1/43665] INFO  ozone.HddsDatanodeService (HddsDatanodeService.java:start(217)) - HddsDatanodeService host:bae25e63820f ip:172.17.0.2
2020-07-24 03:08:07,152 [Listener at 127.0.0.1/43665] INFO  volume.HddsVolume (HddsVolume.java:<init>(176)) - Creating Volume: /github/workspace/mnt/ozone/hadoop-ozone/integration-test/target/test-dir/MiniOzoneClusterImpl-7a66fb8e-ad0e-46df-b237-2ffa69f4ef17/datanode-3/data-0/containers/hdds of storage type : DISK and capacity : 9223372036854775807
2020-07-24 03:08:07,152 [Listener at 127.0.0.1/43665] INFO  volume.MutableVolumeSet (MutableVolumeSet.java:initializeVolumeSet(179)) - Added Volume : /github/workspace/mnt/ozone/hadoop-ozone/integration-test/target/test-dir/MiniOzoneClusterImpl-7a66fb8e-ad0e-46df-b237-2ffa69f4ef17/datanode-3/data-0/containers/hdds to VolumeSet
2020-07-24 03:08:07,152 [Listener at 127.0.0.1/43665] INFO  volume.ThrottledAsyncChecker (ThrottledAsyncChecker.java:schedule(141)) - Scheduling a check for /github/workspace/mnt/ozone/hadoop-ozone/integration-test/target/test-dir/MiniOzoneClusterImpl-7a66fb8e-ad0e-46df-b237-2ffa69f4ef17/datanode-3/data-0/containers/hdds
2020-07-24 03:08:07,157 [org.apache.hadoop.util.JvmPauseMonitor$Monitor@1faf2c03] INFO  util.JvmPauseMonitor (JvmPauseMonitor.java:run(188)) - Starting JVM pause monitor
2020-07-24 03:08:07,157 [Listener at 127.0.0.1/43665] INFO  volume.HddsVolumeChecker (HddsVolumeChecker.java:checkAllVolumes(200)) - Scheduled health check for volume /github/workspace/mnt/ozone/hadoop-ozone/integration-test/target/test-dir/MiniOzoneClusterImpl-7a66fb8e-ad0e-46df-b237-2ffa69f4ef17/datanode-3/data-0/containers/hdds
2020-07-24 03:08:07,160 [Datanode State Machine Task Thread - 0] INFO  datanode.InitDatanodeState (InitDatanodeState.java:persistContainerDatanodeDetails(145)) - DatanodeDetails is persisted to /github/workspace/mnt/ozone/hadoop-ozone/integration-test/target/test-dir/MiniOzoneClusterImpl-7a66fb8e-ad0e-46df-b237-2ffa69f4ef17/datanode-2/meta/datanode.id
2020-07-24 03:08:07,170 [Thread-1182] INFO  ozoneimpl.ContainerReader (ContainerReader.java:readVolume(123)) - Start to verify containers on volume /github/workspace/mnt/ozone/hadoop-ozone/integration-test/target/test-dir/MiniOzoneClusterImpl-7a66fb8e-ad0e-46df-b237-2ffa69f4ef17/datanode-3/data-0/containers/hdds
2020-07-24 03:08:07,170 [Thread-1182] INFO  ozoneimpl.ContainerReader (ContainerReader.java:readVolume(148)) - Finish verifying containers on volume /github/workspace/mnt/ozone/hadoop-ozone/integration-test/target/test-dir/MiniOzoneClusterImpl-7a66fb8e-ad0e-46df-b237-2ffa69f4ef17/datanode-3/data-0/containers/hdds
2020-07-24 03:08:07,170 [Listener at 127.0.0.1/43665] INFO  ozoneimpl.OzoneContainer (OzoneContainer.java:buildContainerSet(187)) - Build ContainerSet costs 0s
2020-07-24 03:08:07,172 [Listener at 127.0.0.1/43665] INFO  impl.RaftServerProxy (ConfUtils.java:logGet(44)) - raft.rpc.type = GRPC (default)
2020-07-24 03:08:07,172 [Listener at 127.0.0.1/43665] INFO  grpc.GrpcFactory (GrpcFactory.java:checkPooledByteBufAllocatorUseCacheForAllThreads(45)) - PERFORMANCE WARNING: useCacheForAllThreads is true that may cause Netty to create a lot garbage objects and, as a result, trigger GC.
	It is recommended to disable useCacheForAllThreads by setting -Dorg.apache.ratis.thirdparty.io.netty.allocator.useCacheForAllThreads=false in command line.
2020-07-24 03:08:07,172 [Listener at 127.0.0.1/43665] INFO  grpc.GrpcConfigKeys (ConfUtils.java:logGet(44)) - raft.grpc.server.port = 0 (default)
2020-07-24 03:08:07,173 [Listener at 127.0.0.1/43665] INFO  server.GrpcService (ConfUtils.java:logGet(44)) - raft.grpc.message.size.max = 32MB (=33554432) (custom)
2020-07-24 03:08:07,173 [Listener at 127.0.0.1/43665] INFO  server.RaftServerConfigKeys (ConfUtils.java:logGet(44)) - raft.server.log.appender.buffer.byte-limit = 33554432 (custom)
2020-07-24 03:08:07,173 [Listener at 127.0.0.1/43665] INFO  server.GrpcService (ConfUtils.java:logGet(44)) - raft.grpc.flow.control.window = 5MB (=5242880) (custom)
2020-07-24 03:08:07,173 [Listener at 127.0.0.1/43665] INFO  server.RaftServerConfigKeys (ConfUtils.java:logGet(44)) - raft.server.rpc.request.timeout = 3000ms (default)
2020-07-24 03:08:07,174 [Listener at 127.0.0.1/43665] INFO  server.RaftServerConfigKeys (ConfUtils.java:logGet(44)) - raft.server.storage.dir = [/github/workspace/mnt/ozone/hadoop-ozone/integration-test/target/test-dir/MiniOzoneClusterImpl-7a66fb8e-ad0e-46df-b237-2ffa69f4ef17/datanode-3/data/ratis] (custom)
2020-07-24 03:08:07,178 [Listener at 127.0.0.1/43665] INFO  http.BaseHttpServer (BaseHttpServer.java:newHttpServer2BuilderForOzone(207)) - Starting Web-server for hddsDatanode at: http://0.0.0.0:0
2020-07-24 03:08:07,178 [Listener at 127.0.0.1/43665] INFO  http.BaseHttpServer (BaseHttpServer.java:<init>(106)) - Hadoop Security Enabled: false Ozone Security Enabled: false Ozone HTTP Security Enabled: false 
2020-07-24 03:08:07,179 [Listener at 127.0.0.1/43665] INFO  server.AuthenticationFilter (AuthenticationFilter.java:constructSecretProvider(240)) - Unable to initialize FileSignerSecretProvider, falling back to use random secrets.
2020-07-24 03:08:07,180 [Listener at 127.0.0.1/43665] WARN  http.HttpRequestLog (HttpRequestLog.java:getRequestLog(103)) - Jetty request log can only be enabled using Log4j
2020-07-24 03:08:07,180 [Listener at 127.0.0.1/43665] INFO  http.HttpServer2 (HttpServer2.java:addGlobalFilter(998)) - Added global filter 'safety' (class=org.apache.hadoop.hdds.server.http.HttpServer2$QuotingInputFilter)
2020-07-24 03:08:07,181 [Listener at 127.0.0.1/43665] INFO  http.HttpServer2 (HttpServer2.java:addFilter(974)) - Added filter static_user_filter (class=org.apache.hadoop.http.lib.StaticUserWebFilter$StaticUserFilter) to context hddsDatanode
2020-07-24 03:08:07,181 [Listener at 127.0.0.1/43665] INFO  http.HttpServer2 (HttpServer2.java:addFilter(982)) - Added filter static_user_filter (class=org.apache.hadoop.http.lib.StaticUserWebFilter$StaticUserFilter) to context static
2020-07-24 03:08:07,181 [Listener at 127.0.0.1/43665] INFO  http.HttpServer2 (HttpServer2.java:addFilter(982)) - Added filter static_user_filter (class=org.apache.hadoop.http.lib.StaticUserWebFilter$StaticUserFilter) to context logs
2020-07-24 03:08:07,182 [Listener at 127.0.0.1/43665] INFO  http.HttpServer2 (HttpServer2.java:bindListener(1216)) - Jetty bound to port 36367
2020-07-24 03:08:07,182 [Listener at 127.0.0.1/43665] INFO  server.Server (Server.java:doStart(359)) - jetty-9.4.26.v20200117; built: 2020-01-17T12:35:33.676Z; git: 7b38981d25d14afb4a12ff1f2596756144edf695; jvm 1.8.0_232-b09
2020-07-24 03:08:07,189 [Listener at 127.0.0.1/43665] INFO  server.session (DefaultSessionIdManager.java:doStart(333)) - DefaultSessionIdManager workerName=node0
2020-07-24 03:08:07,189 [Listener at 127.0.0.1/43665] INFO  server.session (DefaultSessionIdManager.java:doStart(338)) - No SessionScavenger set, using defaults
2020-07-24 03:08:07,189 [Listener at 127.0.0.1/43665] INFO  server.session (HouseKeeper.java:startScavenging(140)) - node0 Scavenging every 600000ms
2020-07-24 03:08:07,190 [Listener at 127.0.0.1/43665] INFO  handler.ContextHandler (ContextHandler.java:doStart(825)) - Started o.e.j.s.ServletContextHandler@2fcc4d13{logs,/logs,file:///github/workspace/mnt/ozone/hadoop-ozone/integration-test/target/log,AVAILABLE}
2020-07-24 03:08:07,190 [Listener at 127.0.0.1/43665] INFO  handler.ContextHandler (ContextHandler.java:doStart(825)) - Started o.e.j.s.ServletContextHandler@768f9097{static,/static,jar:file:/home/user/.m2/repository/org/apache/hadoop/hadoop-hdds-container-service/0.6.0-SNAPSHOT/hadoop-hdds-container-service-0.6.0-SNAPSHOT.jar!/webapps/static,AVAILABLE}
2020-07-24 03:08:07,267 [Listener at 127.0.0.1/43665] INFO  handler.ContextHandler (ContextHandler.java:doStart(825)) - Started o.e.j.w.WebAppContext@1e4b197f{hddsDatanode,/,file:///tmp/jetty-0_0_0_0-36367-hadoop-hdds-container-service-0_6_0-SNAPSHOT_jar-_-any-1679663511583249420.dir/webapp/,AVAILABLE}{jar:file:/home/user/.m2/repository/org/apache/hadoop/hadoop-hdds-container-service/0.6.0-SNAPSHOT/hadoop-hdds-container-service-0.6.0-SNAPSHOT.jar!/webapps/hddsDatanode}
2020-07-24 03:08:07,268 [Listener at 127.0.0.1/43665] INFO  server.AbstractConnector (AbstractConnector.java:doStart(330)) - Started ServerConnector@3b1e2d5d{HTTP/1.1,[http/1.1]}{0.0.0.0:36367}
2020-07-24 03:08:07,268 [Listener at 127.0.0.1/43665] INFO  server.Server (Server.java:doStart(399)) - Started @134728ms
2020-07-24 03:08:07,269 [Listener at 127.0.0.1/43665] WARN  impl.MetricsSystemImpl (MetricsSystemImpl.java:register(276)) - Sink prometheus already exists!
2020-07-24 03:08:07,272 [Listener at 127.0.0.1/43665] INFO  http.BaseHttpServer (BaseHttpServer.java:updateConnectorAddress(327)) - HTTP server of hddsDatanode listening at http://0.0.0.0:36367
2020-07-24 03:08:07,273 [Listener at 127.0.0.1/43665] INFO  impl.MetricsSystemImpl (MetricsSystemImpl.java:init(158)) - HddsDatanode metrics system started (again)
2020-07-24 03:08:07,274 [Listener at 127.0.0.1/43665] INFO  ozone.HddsDatanodeService (HddsDatanodeService.java:start(217)) - HddsDatanodeService host:bae25e63820f ip:172.17.0.2
2020-07-24 03:08:07,275 [Listener at 127.0.0.1/43665] INFO  volume.HddsVolume (HddsVolume.java:<init>(176)) - Creating Volume: /github/workspace/mnt/ozone/hadoop-ozone/integration-test/target/test-dir/MiniOzoneClusterImpl-7a66fb8e-ad0e-46df-b237-2ffa69f4ef17/datanode-4/data-0/containers/hdds of storage type : DISK and capacity : 9223372036854775807
2020-07-24 03:08:07,276 [Listener at 127.0.0.1/43665] INFO  volume.MutableVolumeSet (MutableVolumeSet.java:initializeVolumeSet(179)) - Added Volume : /github/workspace/mnt/ozone/hadoop-ozone/integration-test/target/test-dir/MiniOzoneClusterImpl-7a66fb8e-ad0e-46df-b237-2ffa69f4ef17/datanode-4/data-0/containers/hdds to VolumeSet
2020-07-24 03:08:07,276 [Listener at 127.0.0.1/43665] INFO  volume.ThrottledAsyncChecker (ThrottledAsyncChecker.java:schedule(141)) - Scheduling a check for /github/workspace/mnt/ozone/hadoop-ozone/integration-test/target/test-dir/MiniOzoneClusterImpl-7a66fb8e-ad0e-46df-b237-2ffa69f4ef17/datanode-4/data-0/containers/hdds
2020-07-24 03:08:07,282 [Listener at 127.0.0.1/43665] INFO  volume.HddsVolumeChecker (HddsVolumeChecker.java:checkAllVolumes(200)) - Scheduled health check for volume /github/workspace/mnt/ozone/hadoop-ozone/integration-test/target/test-dir/MiniOzoneClusterImpl-7a66fb8e-ad0e-46df-b237-2ffa69f4ef17/datanode-4/data-0/containers/hdds
2020-07-24 03:08:07,286 [org.apache.hadoop.util.JvmPauseMonitor$Monitor@5f647645] INFO  util.JvmPauseMonitor (JvmPauseMonitor.java:run(188)) - Starting JVM pause monitor
2020-07-24 03:08:07,287 [Datanode State Machine Task Thread - 0] INFO  datanode.InitDatanodeState (InitDatanodeState.java:persistContainerDatanodeDetails(145)) - DatanodeDetails is persisted to /github/workspace/mnt/ozone/hadoop-ozone/integration-test/target/test-dir/MiniOzoneClusterImpl-7a66fb8e-ad0e-46df-b237-2ffa69f4ef17/datanode-3/meta/datanode.id
2020-07-24 03:08:07,298 [Thread-1193] INFO  ozoneimpl.ContainerReader (ContainerReader.java:readVolume(123)) - Start to verify containers on volume /github/workspace/mnt/ozone/hadoop-ozone/integration-test/target/test-dir/MiniOzoneClusterImpl-7a66fb8e-ad0e-46df-b237-2ffa69f4ef17/datanode-4/data-0/containers/hdds
2020-07-24 03:08:07,298 [Thread-1193] INFO  ozoneimpl.ContainerReader (ContainerReader.java:readVolume(148)) - Finish verifying containers on volume /github/workspace/mnt/ozone/hadoop-ozone/integration-test/target/test-dir/MiniOzoneClusterImpl-7a66fb8e-ad0e-46df-b237-2ffa69f4ef17/datanode-4/data-0/containers/hdds
2020-07-24 03:08:07,298 [Listener at 127.0.0.1/43665] INFO  ozoneimpl.OzoneContainer (OzoneContainer.java:buildContainerSet(187)) - Build ContainerSet costs 0s
2020-07-24 03:08:07,300 [Listener at 127.0.0.1/43665] INFO  impl.RaftServerProxy (ConfUtils.java:logGet(44)) - raft.rpc.type = GRPC (default)
2020-07-24 03:08:07,300 [Listener at 127.0.0.1/43665] INFO  grpc.GrpcFactory (GrpcFactory.java:checkPooledByteBufAllocatorUseCacheForAllThreads(45)) - PERFORMANCE WARNING: useCacheForAllThreads is true that may cause Netty to create a lot garbage objects and, as a result, trigger GC.
	It is recommended to disable useCacheForAllThreads by setting -Dorg.apache.ratis.thirdparty.io.netty.allocator.useCacheForAllThreads=false in command line.
2020-07-24 03:08:07,300 [Listener at 127.0.0.1/43665] INFO  grpc.GrpcConfigKeys (ConfUtils.java:logGet(44)) - raft.grpc.server.port = 0 (default)
2020-07-24 03:08:07,300 [Listener at 127.0.0.1/43665] INFO  server.GrpcService (ConfUtils.java:logGet(44)) - raft.grpc.message.size.max = 32MB (=33554432) (custom)
2020-07-24 03:08:07,300 [Listener at 127.0.0.1/43665] INFO  server.RaftServerConfigKeys (ConfUtils.java:logGet(44)) - raft.server.log.appender.buffer.byte-limit = 33554432 (custom)
2020-07-24 03:08:07,300 [Listener at 127.0.0.1/43665] INFO  server.GrpcService (ConfUtils.java:logGet(44)) - raft.grpc.flow.control.window = 5MB (=5242880) (custom)
2020-07-24 03:08:07,301 [Listener at 127.0.0.1/43665] INFO  server.RaftServerConfigKeys (ConfUtils.java:logGet(44)) - raft.server.rpc.request.timeout = 3000ms (default)
2020-07-24 03:08:07,302 [Listener at 127.0.0.1/43665] INFO  server.RaftServerConfigKeys (ConfUtils.java:logGet(44)) - raft.server.storage.dir = [/github/workspace/mnt/ozone/hadoop-ozone/integration-test/target/test-dir/MiniOzoneClusterImpl-7a66fb8e-ad0e-46df-b237-2ffa69f4ef17/datanode-4/data/ratis] (custom)
2020-07-24 03:08:07,306 [Listener at 127.0.0.1/43665] INFO  http.BaseHttpServer (BaseHttpServer.java:newHttpServer2BuilderForOzone(207)) - Starting Web-server for hddsDatanode at: http://0.0.0.0:0
2020-07-24 03:08:07,306 [Listener at 127.0.0.1/43665] INFO  http.BaseHttpServer (BaseHttpServer.java:<init>(106)) - Hadoop Security Enabled: false Ozone Security Enabled: false Ozone HTTP Security Enabled: false 
2020-07-24 03:08:07,307 [Listener at 127.0.0.1/43665] INFO  server.AuthenticationFilter (AuthenticationFilter.java:constructSecretProvider(240)) - Unable to initialize FileSignerSecretProvider, falling back to use random secrets.
2020-07-24 03:08:07,307 [Listener at 127.0.0.1/43665] WARN  http.HttpRequestLog (HttpRequestLog.java:getRequestLog(103)) - Jetty request log can only be enabled using Log4j
2020-07-24 03:08:07,308 [Listener at 127.0.0.1/43665] INFO  http.HttpServer2 (HttpServer2.java:addGlobalFilter(998)) - Added global filter 'safety' (class=org.apache.hadoop.hdds.server.http.HttpServer2$QuotingInputFilter)
2020-07-24 03:08:07,309 [Listener at 127.0.0.1/43665] INFO  http.HttpServer2 (HttpServer2.java:addFilter(974)) - Added filter static_user_filter (class=org.apache.hadoop.http.lib.StaticUserWebFilter$StaticUserFilter) to context hddsDatanode
2020-07-24 03:08:07,309 [Listener at 127.0.0.1/43665] INFO  http.HttpServer2 (HttpServer2.java:addFilter(982)) - Added filter static_user_filter (class=org.apache.hadoop.http.lib.StaticUserWebFilter$StaticUserFilter) to context logs
2020-07-24 03:08:07,309 [Listener at 127.0.0.1/43665] INFO  http.HttpServer2 (HttpServer2.java:addFilter(982)) - Added filter static_user_filter (class=org.apache.hadoop.http.lib.StaticUserWebFilter$StaticUserFilter) to context static
2020-07-24 03:08:07,309 [Listener at 127.0.0.1/43665] INFO  http.HttpServer2 (HttpServer2.java:bindListener(1216)) - Jetty bound to port 41543
2020-07-24 03:08:07,309 [Listener at 127.0.0.1/43665] INFO  server.Server (Server.java:doStart(359)) - jetty-9.4.26.v20200117; built: 2020-01-17T12:35:33.676Z; git: 7b38981d25d14afb4a12ff1f2596756144edf695; jvm 1.8.0_232-b09
2020-07-24 03:08:07,313 [Listener at 127.0.0.1/43665] INFO  server.session (DefaultSessionIdManager.java:doStart(333)) - DefaultSessionIdManager workerName=node0
2020-07-24 03:08:07,314 [Listener at 127.0.0.1/43665] INFO  server.session (DefaultSessionIdManager.java:doStart(338)) - No SessionScavenger set, using defaults
2020-07-24 03:08:07,314 [Listener at 127.0.0.1/43665] INFO  server.session (HouseKeeper.java:startScavenging(140)) - node0 Scavenging every 660000ms
2020-07-24 03:08:07,314 [Listener at 127.0.0.1/43665] INFO  handler.ContextHandler (ContextHandler.java:doStart(825)) - Started o.e.j.s.ServletContextHandler@42343f6d{logs,/logs,file:///github/workspace/mnt/ozone/hadoop-ozone/integration-test/target/log,AVAILABLE}
2020-07-24 03:08:07,315 [Listener at 127.0.0.1/43665] INFO  handler.ContextHandler (ContextHandler.java:doStart(825)) - Started o.e.j.s.ServletContextHandler@758a3ba0{static,/static,jar:file:/home/user/.m2/repository/org/apache/hadoop/hadoop-hdds-container-service/0.6.0-SNAPSHOT/hadoop-hdds-container-service-0.6.0-SNAPSHOT.jar!/webapps/static,AVAILABLE}
2020-07-24 03:08:07,391 [Listener at 127.0.0.1/43665] INFO  handler.ContextHandler (ContextHandler.java:doStart(825)) - Started o.e.j.w.WebAppContext@44b5a87a{hddsDatanode,/,file:///tmp/jetty-0_0_0_0-41543-hadoop-hdds-container-service-0_6_0-SNAPSHOT_jar-_-any-5316674082401249212.dir/webapp/,AVAILABLE}{jar:file:/home/user/.m2/repository/org/apache/hadoop/hadoop-hdds-container-service/0.6.0-SNAPSHOT/hadoop-hdds-container-service-0.6.0-SNAPSHOT.jar!/webapps/hddsDatanode}
2020-07-24 03:08:07,392 [Listener at 127.0.0.1/43665] INFO  server.AbstractConnector (AbstractConnector.java:doStart(330)) - Started ServerConnector@1b53e1ae{HTTP/1.1,[http/1.1]}{0.0.0.0:41543}
2020-07-24 03:08:07,392 [Listener at 127.0.0.1/43665] INFO  server.Server (Server.java:doStart(399)) - Started @134852ms
2020-07-24 03:08:07,392 [Listener at 127.0.0.1/43665] WARN  impl.MetricsSystemImpl (MetricsSystemImpl.java:register(276)) - Sink prometheus already exists!
2020-07-24 03:08:07,395 [Listener at 127.0.0.1/43665] INFO  http.BaseHttpServer (BaseHttpServer.java:updateConnectorAddress(327)) - HTTP server of hddsDatanode listening at http://0.0.0.0:41543
2020-07-24 03:08:07,398 [Listener at 127.0.0.1/43665] INFO  impl.MetricsSystemImpl (MetricsSystemImpl.java:init(158)) - HddsDatanode metrics system started (again)
2020-07-24 03:08:07,400 [org.apache.hadoop.util.JvmPauseMonitor$Monitor@213c2795] INFO  util.JvmPauseMonitor (JvmPauseMonitor.java:run(188)) - Starting JVM pause monitor
2020-07-24 03:08:07,402 [Listener at 127.0.0.1/43665] INFO  ozone.HddsDatanodeService (HddsDatanodeService.java:start(217)) - HddsDatanodeService host:bae25e63820f ip:172.17.0.2
2020-07-24 03:08:07,405 [Datanode State Machine Task Thread - 0] INFO  datanode.InitDatanodeState (InitDatanodeState.java:persistContainerDatanodeDetails(145)) - DatanodeDetails is persisted to /github/workspace/mnt/ozone/hadoop-ozone/integration-test/target/test-dir/MiniOzoneClusterImpl-7a66fb8e-ad0e-46df-b237-2ffa69f4ef17/datanode-4/meta/datanode.id
2020-07-24 03:08:07,406 [Listener at 127.0.0.1/43665] INFO  volume.HddsVolume (HddsVolume.java:<init>(176)) - Creating Volume: /github/workspace/mnt/ozone/hadoop-ozone/integration-test/target/test-dir/MiniOzoneClusterImpl-7a66fb8e-ad0e-46df-b237-2ffa69f4ef17/datanode-5/data-0/containers/hdds of storage type : DISK and capacity : 9223372036854775807
2020-07-24 03:08:07,406 [Listener at 127.0.0.1/43665] INFO  volume.MutableVolumeSet (MutableVolumeSet.java:initializeVolumeSet(179)) - Added Volume : /github/workspace/mnt/ozone/hadoop-ozone/integration-test/target/test-dir/MiniOzoneClusterImpl-7a66fb8e-ad0e-46df-b237-2ffa69f4ef17/datanode-5/data-0/containers/hdds to VolumeSet
2020-07-24 03:08:07,406 [Listener at 127.0.0.1/43665] INFO  volume.ThrottledAsyncChecker (ThrottledAsyncChecker.java:schedule(141)) - Scheduling a check for /github/workspace/mnt/ozone/hadoop-ozone/integration-test/target/test-dir/MiniOzoneClusterImpl-7a66fb8e-ad0e-46df-b237-2ffa69f4ef17/datanode-5/data-0/containers/hdds
2020-07-24 03:08:07,409 [Listener at 127.0.0.1/43665] INFO  volume.HddsVolumeChecker (HddsVolumeChecker.java:checkAllVolumes(200)) - Scheduled health check for volume /github/workspace/mnt/ozone/hadoop-ozone/integration-test/target/test-dir/MiniOzoneClusterImpl-7a66fb8e-ad0e-46df-b237-2ffa69f4ef17/datanode-5/data-0/containers/hdds
2020-07-24 03:08:07,422 [Thread-1204] INFO  ozoneimpl.ContainerReader (ContainerReader.java:readVolume(123)) - Start to verify containers on volume /github/workspace/mnt/ozone/hadoop-ozone/integration-test/target/test-dir/MiniOzoneClusterImpl-7a66fb8e-ad0e-46df-b237-2ffa69f4ef17/datanode-5/data-0/containers/hdds
2020-07-24 03:08:07,422 [Thread-1204] INFO  ozoneimpl.ContainerReader (ContainerReader.java:readVolume(148)) - Finish verifying containers on volume /github/workspace/mnt/ozone/hadoop-ozone/integration-test/target/test-dir/MiniOzoneClusterImpl-7a66fb8e-ad0e-46df-b237-2ffa69f4ef17/datanode-5/data-0/containers/hdds
2020-07-24 03:08:07,422 [Listener at 127.0.0.1/43665] INFO  ozoneimpl.OzoneContainer (OzoneContainer.java:buildContainerSet(187)) - Build ContainerSet costs 0s
2020-07-24 03:08:07,424 [Listener at 127.0.0.1/43665] INFO  impl.RaftServerProxy (ConfUtils.java:logGet(44)) - raft.rpc.type = GRPC (default)
2020-07-24 03:08:07,424 [Listener at 127.0.0.1/43665] INFO  grpc.GrpcFactory (GrpcFactory.java:checkPooledByteBufAllocatorUseCacheForAllThreads(45)) - PERFORMANCE WARNING: useCacheForAllThreads is true that may cause Netty to create a lot garbage objects and, as a result, trigger GC.
	It is recommended to disable useCacheForAllThreads by setting -Dorg.apache.ratis.thirdparty.io.netty.allocator.useCacheForAllThreads=false in command line.
2020-07-24 03:08:07,424 [Listener at 127.0.0.1/43665] INFO  grpc.GrpcConfigKeys (ConfUtils.java:logGet(44)) - raft.grpc.server.port = 0 (default)
2020-07-24 03:08:07,424 [Listener at 127.0.0.1/43665] INFO  server.GrpcService (ConfUtils.java:logGet(44)) - raft.grpc.message.size.max = 32MB (=33554432) (custom)
2020-07-24 03:08:07,424 [Listener at 127.0.0.1/43665] INFO  server.RaftServerConfigKeys (ConfUtils.java:logGet(44)) - raft.server.log.appender.buffer.byte-limit = 33554432 (custom)
2020-07-24 03:08:07,424 [Listener at 127.0.0.1/43665] INFO  server.GrpcService (ConfUtils.java:logGet(44)) - raft.grpc.flow.control.window = 5MB (=5242880) (custom)
2020-07-24 03:08:07,425 [Listener at 127.0.0.1/43665] INFO  server.RaftServerConfigKeys (ConfUtils.java:logGet(44)) - raft.server.rpc.request.timeout = 3000ms (default)
2020-07-24 03:08:07,426 [Listener at 127.0.0.1/43665] INFO  server.RaftServerConfigKeys (ConfUtils.java:logGet(44)) - raft.server.storage.dir = [/github/workspace/mnt/ozone/hadoop-ozone/integration-test/target/test-dir/MiniOzoneClusterImpl-7a66fb8e-ad0e-46df-b237-2ffa69f4ef17/datanode-5/data/ratis] (custom)
2020-07-24 03:08:07,430 [Listener at 127.0.0.1/43665] INFO  http.BaseHttpServer (BaseHttpServer.java:newHttpServer2BuilderForOzone(207)) - Starting Web-server for hddsDatanode at: http://0.0.0.0:0
2020-07-24 03:08:07,430 [Listener at 127.0.0.1/43665] INFO  http.BaseHttpServer (BaseHttpServer.java:<init>(106)) - Hadoop Security Enabled: false Ozone Security Enabled: false Ozone HTTP Security Enabled: false 
2020-07-24 03:08:07,432 [Listener at 127.0.0.1/43665] INFO  server.AuthenticationFilter (AuthenticationFilter.java:constructSecretProvider(240)) - Unable to initialize FileSignerSecretProvider, falling back to use random secrets.
2020-07-24 03:08:07,432 [Listener at 127.0.0.1/43665] WARN  http.HttpRequestLog (HttpRequestLog.java:getRequestLog(103)) - Jetty request log can only be enabled using Log4j
2020-07-24 03:08:07,433 [Listener at 127.0.0.1/43665] INFO  http.HttpServer2 (HttpServer2.java:addGlobalFilter(998)) - Added global filter 'safety' (class=org.apache.hadoop.hdds.server.http.HttpServer2$QuotingInputFilter)
2020-07-24 03:08:07,433 [Listener at 127.0.0.1/43665] INFO  http.HttpServer2 (HttpServer2.java:addFilter(974)) - Added filter static_user_filter (class=org.apache.hadoop.http.lib.StaticUserWebFilter$StaticUserFilter) to context hddsDatanode
2020-07-24 03:08:07,433 [Listener at 127.0.0.1/43665] INFO  http.HttpServer2 (HttpServer2.java:addFilter(982)) - Added filter static_user_filter (class=org.apache.hadoop.http.lib.StaticUserWebFilter$StaticUserFilter) to context logs
2020-07-24 03:08:07,434 [Listener at 127.0.0.1/43665] INFO  http.HttpServer2 (HttpServer2.java:addFilter(982)) - Added filter static_user_filter (class=org.apache.hadoop.http.lib.StaticUserWebFilter$StaticUserFilter) to context static
2020-07-24 03:08:07,434 [Listener at 127.0.0.1/43665] INFO  http.HttpServer2 (HttpServer2.java:bindListener(1216)) - Jetty bound to port 42293
2020-07-24 03:08:07,434 [Listener at 127.0.0.1/43665] INFO  server.Server (Server.java:doStart(359)) - jetty-9.4.26.v20200117; built: 2020-01-17T12:35:33.676Z; git: 7b38981d25d14afb4a12ff1f2596756144edf695; jvm 1.8.0_232-b09
2020-07-24 03:08:07,435 [Listener at 127.0.0.1/43665] INFO  server.session (DefaultSessionIdManager.java:doStart(333)) - DefaultSessionIdManager workerName=node0
2020-07-24 03:08:07,436 [Listener at 127.0.0.1/43665] INFO  server.session (DefaultSessionIdManager.java:doStart(338)) - No SessionScavenger set, using defaults
2020-07-24 03:08:07,436 [Listener at 127.0.0.1/43665] INFO  server.session (HouseKeeper.java:startScavenging(140)) - node0 Scavenging every 660000ms
2020-07-24 03:08:07,436 [Listener at 127.0.0.1/43665] INFO  handler.ContextHandler (ContextHandler.java:doStart(825)) - Started o.e.j.s.ServletContextHandler@250cb65a{logs,/logs,file:///github/workspace/mnt/ozone/hadoop-ozone/integration-test/target/log,AVAILABLE}
2020-07-24 03:08:07,437 [Listener at 127.0.0.1/43665] INFO  handler.ContextHandler (ContextHandler.java:doStart(825)) - Started o.e.j.s.ServletContextHandler@41ad5874{static,/static,jar:file:/home/user/.m2/repository/org/apache/hadoop/hadoop-hdds-container-service/0.6.0-SNAPSHOT/hadoop-hdds-container-service-0.6.0-SNAPSHOT.jar!/webapps/static,AVAILABLE}
2020-07-24 03:08:07,512 [Listener at 127.0.0.1/43665] INFO  handler.ContextHandler (ContextHandler.java:doStart(825)) - Started o.e.j.w.WebAppContext@3c06d119{hddsDatanode,/,file:///tmp/jetty-0_0_0_0-42293-hadoop-hdds-container-service-0_6_0-SNAPSHOT_jar-_-any-3989580207072456424.dir/webapp/,AVAILABLE}{jar:file:/home/user/.m2/repository/org/apache/hadoop/hadoop-hdds-container-service/0.6.0-SNAPSHOT/hadoop-hdds-container-service-0.6.0-SNAPSHOT.jar!/webapps/hddsDatanode}
2020-07-24 03:08:07,513 [Listener at 127.0.0.1/43665] INFO  server.AbstractConnector (AbstractConnector.java:doStart(330)) - Started ServerConnector@5f2eeb2e{HTTP/1.1,[http/1.1]}{0.0.0.0:42293}
2020-07-24 03:08:07,514 [Listener at 127.0.0.1/43665] INFO  server.Server (Server.java:doStart(399)) - Started @134974ms
2020-07-24 03:08:07,514 [Listener at 127.0.0.1/43665] WARN  impl.MetricsSystemImpl (MetricsSystemImpl.java:register(276)) - Sink prometheus already exists!
2020-07-24 03:08:07,523 [Listener at 127.0.0.1/43665] INFO  http.BaseHttpServer (BaseHttpServer.java:updateConnectorAddress(327)) - HTTP server of hddsDatanode listening at http://0.0.0.0:42293
2020-07-24 03:08:07,527 [Listener at 127.0.0.1/43665] INFO  impl.MetricsSystemImpl (MetricsSystemImpl.java:init(158)) - HddsDatanode metrics system started (again)
2020-07-24 03:08:07,529 [Datanode State Machine Task Thread - 0] INFO  datanode.InitDatanodeState (InitDatanodeState.java:persistContainerDatanodeDetails(145)) - DatanodeDetails is persisted to /github/workspace/mnt/ozone/hadoop-ozone/integration-test/target/test-dir/MiniOzoneClusterImpl-7a66fb8e-ad0e-46df-b237-2ffa69f4ef17/datanode-5/meta/datanode.id
2020-07-24 03:08:07,530 [org.apache.hadoop.util.JvmPauseMonitor$Monitor@28f20890] INFO  util.JvmPauseMonitor (JvmPauseMonitor.java:run(188)) - Starting JVM pause monitor
2020-07-24 03:08:07,531 [Listener at 127.0.0.1/43665] INFO  ozone.HddsDatanodeService (HddsDatanodeService.java:start(217)) - HddsDatanodeService host:bae25e63820f ip:172.17.0.2
2020-07-24 03:08:07,533 [Listener at 127.0.0.1/43665] INFO  volume.HddsVolume (HddsVolume.java:<init>(176)) - Creating Volume: /github/workspace/mnt/ozone/hadoop-ozone/integration-test/target/test-dir/MiniOzoneClusterImpl-7a66fb8e-ad0e-46df-b237-2ffa69f4ef17/datanode-6/data-0/containers/hdds of storage type : DISK and capacity : 9223372036854775807
2020-07-24 03:08:07,533 [Listener at 127.0.0.1/43665] INFO  volume.MutableVolumeSet (MutableVolumeSet.java:initializeVolumeSet(179)) - Added Volume : /github/workspace/mnt/ozone/hadoop-ozone/integration-test/target/test-dir/MiniOzoneClusterImpl-7a66fb8e-ad0e-46df-b237-2ffa69f4ef17/datanode-6/data-0/containers/hdds to VolumeSet
2020-07-24 03:08:07,533 [Listener at 127.0.0.1/43665] INFO  volume.ThrottledAsyncChecker (ThrottledAsyncChecker.java:schedule(141)) - Scheduling a check for /github/workspace/mnt/ozone/hadoop-ozone/integration-test/target/test-dir/MiniOzoneClusterImpl-7a66fb8e-ad0e-46df-b237-2ffa69f4ef17/datanode-6/data-0/containers/hdds
2020-07-24 03:08:07,534 [Listener at 127.0.0.1/43665] INFO  volume.HddsVolumeChecker (HddsVolumeChecker.java:checkAllVolumes(200)) - Scheduled health check for volume /github/workspace/mnt/ozone/hadoop-ozone/integration-test/target/test-dir/MiniOzoneClusterImpl-7a66fb8e-ad0e-46df-b237-2ffa69f4ef17/datanode-6/data-0/containers/hdds
2020-07-24 03:08:07,547 [Thread-1215] INFO  ozoneimpl.ContainerReader (ContainerReader.java:readVolume(123)) - Start to verify containers on volume /github/workspace/mnt/ozone/hadoop-ozone/integration-test/target/test-dir/MiniOzoneClusterImpl-7a66fb8e-ad0e-46df-b237-2ffa69f4ef17/datanode-6/data-0/containers/hdds
2020-07-24 03:08:07,547 [Thread-1215] INFO  ozoneimpl.ContainerReader (ContainerReader.java:readVolume(148)) - Finish verifying containers on volume /github/workspace/mnt/ozone/hadoop-ozone/integration-test/target/test-dir/MiniOzoneClusterImpl-7a66fb8e-ad0e-46df-b237-2ffa69f4ef17/datanode-6/data-0/containers/hdds
2020-07-24 03:08:07,547 [Listener at 127.0.0.1/43665] INFO  ozoneimpl.OzoneContainer (OzoneContainer.java:buildContainerSet(187)) - Build ContainerSet costs 0s
2020-07-24 03:08:07,549 [Listener at 127.0.0.1/43665] INFO  impl.RaftServerProxy (ConfUtils.java:logGet(44)) - raft.rpc.type = GRPC (default)
2020-07-24 03:08:07,549 [Listener at 127.0.0.1/43665] INFO  grpc.GrpcFactory (GrpcFactory.java:checkPooledByteBufAllocatorUseCacheForAllThreads(45)) - PERFORMANCE WARNING: useCacheForAllThreads is true that may cause Netty to create a lot garbage objects and, as a result, trigger GC.
	It is recommended to disable useCacheForAllThreads by setting -Dorg.apache.ratis.thirdparty.io.netty.allocator.useCacheForAllThreads=false in command line.
2020-07-24 03:08:07,549 [Listener at 127.0.0.1/43665] INFO  grpc.GrpcConfigKeys (ConfUtils.java:logGet(44)) - raft.grpc.server.port = 0 (default)
2020-07-24 03:08:07,550 [Listener at 127.0.0.1/43665] INFO  server.GrpcService (ConfUtils.java:logGet(44)) - raft.grpc.message.size.max = 32MB (=33554432) (custom)
2020-07-24 03:08:07,550 [Listener at 127.0.0.1/43665] INFO  server.RaftServerConfigKeys (ConfUtils.java:logGet(44)) - raft.server.log.appender.buffer.byte-limit = 33554432 (custom)
2020-07-24 03:08:07,550 [Listener at 127.0.0.1/43665] INFO  server.GrpcService (ConfUtils.java:logGet(44)) - raft.grpc.flow.control.window = 5MB (=5242880) (custom)
2020-07-24 03:08:07,550 [Listener at 127.0.0.1/43665] INFO  server.RaftServerConfigKeys (ConfUtils.java:logGet(44)) - raft.server.rpc.request.timeout = 3000ms (default)
2020-07-24 03:08:07,551 [Listener at 127.0.0.1/43665] INFO  server.RaftServerConfigKeys (ConfUtils.java:logGet(44)) - raft.server.storage.dir = [/github/workspace/mnt/ozone/hadoop-ozone/integration-test/target/test-dir/MiniOzoneClusterImpl-7a66fb8e-ad0e-46df-b237-2ffa69f4ef17/datanode-6/data/ratis] (custom)
2020-07-24 03:08:07,556 [Listener at 127.0.0.1/43665] INFO  http.BaseHttpServer (BaseHttpServer.java:newHttpServer2BuilderForOzone(207)) - Starting Web-server for hddsDatanode at: http://0.0.0.0:0
2020-07-24 03:08:07,556 [Listener at 127.0.0.1/43665] INFO  http.BaseHttpServer (BaseHttpServer.java:<init>(106)) - Hadoop Security Enabled: false Ozone Security Enabled: false Ozone HTTP Security Enabled: false 
2020-07-24 03:08:07,557 [Listener at 127.0.0.1/43665] INFO  server.AuthenticationFilter (AuthenticationFilter.java:constructSecretProvider(240)) - Unable to initialize FileSignerSecretProvider, falling back to use random secrets.
2020-07-24 03:08:07,557 [Listener at 127.0.0.1/43665] WARN  http.HttpRequestLog (HttpRequestLog.java:getRequestLog(103)) - Jetty request log can only be enabled using Log4j
2020-07-24 03:08:07,558 [Listener at 127.0.0.1/43665] INFO  http.HttpServer2 (HttpServer2.java:addGlobalFilter(998)) - Added global filter 'safety' (class=org.apache.hadoop.hdds.server.http.HttpServer2$QuotingInputFilter)
2020-07-24 03:08:07,558 [Listener at 127.0.0.1/43665] INFO  http.HttpServer2 (HttpServer2.java:addFilter(974)) - Added filter static_user_filter (class=org.apache.hadoop.http.lib.StaticUserWebFilter$StaticUserFilter) to context hddsDatanode
2020-07-24 03:08:07,558 [Listener at 127.0.0.1/43665] INFO  http.HttpServer2 (HttpServer2.java:addFilter(982)) - Added filter static_user_filter (class=org.apache.hadoop.http.lib.StaticUserWebFilter$StaticUserFilter) to context static
2020-07-24 03:08:07,558 [Listener at 127.0.0.1/43665] INFO  http.HttpServer2 (HttpServer2.java:addFilter(982)) - Added filter static_user_filter (class=org.apache.hadoop.http.lib.StaticUserWebFilter$StaticUserFilter) to context logs
2020-07-24 03:08:07,559 [Listener at 127.0.0.1/43665] INFO  http.HttpServer2 (HttpServer2.java:bindListener(1216)) - Jetty bound to port 39115
2020-07-24 03:08:07,559 [Listener at 127.0.0.1/43665] INFO  server.Server (Server.java:doStart(359)) - jetty-9.4.26.v20200117; built: 2020-01-17T12:35:33.676Z; git: 7b38981d25d14afb4a12ff1f2596756144edf695; jvm 1.8.0_232-b09
2020-07-24 03:08:07,561 [Listener at 127.0.0.1/43665] INFO  server.session (DefaultSessionIdManager.java:doStart(333)) - DefaultSessionIdManager workerName=node0
2020-07-24 03:08:07,561 [Listener at 127.0.0.1/43665] INFO  server.session (DefaultSessionIdManager.java:doStart(338)) - No SessionScavenger set, using defaults
2020-07-24 03:08:07,561 [Listener at 127.0.0.1/43665] INFO  server.session (HouseKeeper.java:startScavenging(140)) - node0 Scavenging every 600000ms
2020-07-24 03:08:07,562 [Listener at 127.0.0.1/43665] INFO  handler.ContextHandler (ContextHandler.java:doStart(825)) - Started o.e.j.s.ServletContextHandler@7b5d3ac5{logs,/logs,file:///github/workspace/mnt/ozone/hadoop-ozone/integration-test/target/log,AVAILABLE}
2020-07-24 03:08:07,562 [Listener at 127.0.0.1/43665] INFO  handler.ContextHandler (ContextHandler.java:doStart(825)) - Started o.e.j.s.ServletContextHandler@643e0a19{static,/static,jar:file:/home/user/.m2/repository/org/apache/hadoop/hadoop-hdds-container-service/0.6.0-SNAPSHOT/hadoop-hdds-container-service-0.6.0-SNAPSHOT.jar!/webapps/static,AVAILABLE}
2020-07-24 03:08:07,637 [Listener at 127.0.0.1/43665] INFO  handler.ContextHandler (ContextHandler.java:doStart(825)) - Started o.e.j.w.WebAppContext@1931d9f3{hddsDatanode,/,file:///tmp/jetty-0_0_0_0-39115-hadoop-hdds-container-service-0_6_0-SNAPSHOT_jar-_-any-8522405641464338551.dir/webapp/,AVAILABLE}{jar:file:/home/user/.m2/repository/org/apache/hadoop/hadoop-hdds-container-service/0.6.0-SNAPSHOT/hadoop-hdds-container-service-0.6.0-SNAPSHOT.jar!/webapps/hddsDatanode}
2020-07-24 03:08:07,638 [Listener at 127.0.0.1/43665] INFO  server.AbstractConnector (AbstractConnector.java:doStart(330)) - Started ServerConnector@31daef26{HTTP/1.1,[http/1.1]}{0.0.0.0:39115}
2020-07-24 03:08:07,639 [Listener at 127.0.0.1/43665] INFO  server.Server (Server.java:doStart(399)) - Started @135099ms
2020-07-24 03:08:07,639 [Listener at 127.0.0.1/43665] WARN  impl.MetricsSystemImpl (MetricsSystemImpl.java:register(276)) - Sink prometheus already exists!
2020-07-24 03:08:07,642 [Listener at 127.0.0.1/43665] INFO  http.BaseHttpServer (BaseHttpServer.java:updateConnectorAddress(327)) - HTTP server of hddsDatanode listening at http://0.0.0.0:39115
2020-07-24 03:08:07,642 [Listener at 127.0.0.1/43665] INFO  impl.MetricsSystemImpl (MetricsSystemImpl.java:init(158)) - HddsDatanode metrics system started (again)
2020-07-24 03:08:07,645 [Listener at 127.0.0.1/43665] INFO  ozone.HddsDatanodeService (HddsDatanodeService.java:start(217)) - HddsDatanodeService host:bae25e63820f ip:172.17.0.2
2020-07-24 03:08:07,649 [Listener at 127.0.0.1/43665] INFO  volume.HddsVolume (HddsVolume.java:<init>(176)) - Creating Volume: /github/workspace/mnt/ozone/hadoop-ozone/integration-test/target/test-dir/MiniOzoneClusterImpl-7a66fb8e-ad0e-46df-b237-2ffa69f4ef17/datanode-7/data-0/containers/hdds of storage type : DISK and capacity : 9223372036854775807
2020-07-24 03:08:07,649 [Listener at 127.0.0.1/43665] INFO  volume.MutableVolumeSet (MutableVolumeSet.java:initializeVolumeSet(179)) - Added Volume : /github/workspace/mnt/ozone/hadoop-ozone/integration-test/target/test-dir/MiniOzoneClusterImpl-7a66fb8e-ad0e-46df-b237-2ffa69f4ef17/datanode-7/data-0/containers/hdds to VolumeSet
2020-07-24 03:08:07,649 [Listener at 127.0.0.1/43665] INFO  volume.ThrottledAsyncChecker (ThrottledAsyncChecker.java:schedule(141)) - Scheduling a check for /github/workspace/mnt/ozone/hadoop-ozone/integration-test/target/test-dir/MiniOzoneClusterImpl-7a66fb8e-ad0e-46df-b237-2ffa69f4ef17/datanode-7/data-0/containers/hdds
2020-07-24 03:08:07,650 [org.apache.hadoop.util.JvmPauseMonitor$Monitor@12ff208d] INFO  util.JvmPauseMonitor (JvmPauseMonitor.java:run(188)) - Starting JVM pause monitor
2020-07-24 03:08:07,651 [Datanode State Machine Task Thread - 0] INFO  datanode.InitDatanodeState (InitDatanodeState.java:persistContainerDatanodeDetails(145)) - DatanodeDetails is persisted to /github/workspace/mnt/ozone/hadoop-ozone/integration-test/target/test-dir/MiniOzoneClusterImpl-7a66fb8e-ad0e-46df-b237-2ffa69f4ef17/datanode-6/meta/datanode.id
2020-07-24 03:08:07,651 [Listener at 127.0.0.1/43665] INFO  volume.HddsVolumeChecker (HddsVolumeChecker.java:checkAllVolumes(200)) - Scheduled health check for volume /github/workspace/mnt/ozone/hadoop-ozone/integration-test/target/test-dir/MiniOzoneClusterImpl-7a66fb8e-ad0e-46df-b237-2ffa69f4ef17/datanode-7/data-0/containers/hdds
2020-07-24 03:08:07,664 [Thread-1226] INFO  ozoneimpl.ContainerReader (ContainerReader.java:readVolume(123)) - Start to verify containers on volume /github/workspace/mnt/ozone/hadoop-ozone/integration-test/target/test-dir/MiniOzoneClusterImpl-7a66fb8e-ad0e-46df-b237-2ffa69f4ef17/datanode-7/data-0/containers/hdds
2020-07-24 03:08:07,664 [Thread-1226] INFO  ozoneimpl.ContainerReader (ContainerReader.java:readVolume(148)) - Finish verifying containers on volume /github/workspace/mnt/ozone/hadoop-ozone/integration-test/target/test-dir/MiniOzoneClusterImpl-7a66fb8e-ad0e-46df-b237-2ffa69f4ef17/datanode-7/data-0/containers/hdds
2020-07-24 03:08:07,664 [Listener at 127.0.0.1/43665] INFO  ozoneimpl.OzoneContainer (OzoneContainer.java:buildContainerSet(187)) - Build ContainerSet costs 0s
2020-07-24 03:08:07,666 [Listener at 127.0.0.1/43665] INFO  impl.RaftServerProxy (ConfUtils.java:logGet(44)) - raft.rpc.type = GRPC (default)
2020-07-24 03:08:07,666 [Listener at 127.0.0.1/43665] INFO  grpc.GrpcFactory (GrpcFactory.java:checkPooledByteBufAllocatorUseCacheForAllThreads(45)) - PERFORMANCE WARNING: useCacheForAllThreads is true that may cause Netty to create a lot garbage objects and, as a result, trigger GC.
	It is recommended to disable useCacheForAllThreads by setting -Dorg.apache.ratis.thirdparty.io.netty.allocator.useCacheForAllThreads=false in command line.
2020-07-24 03:08:07,666 [Listener at 127.0.0.1/43665] INFO  grpc.GrpcConfigKeys (ConfUtils.java:logGet(44)) - raft.grpc.server.port = 0 (default)
2020-07-24 03:08:07,666 [Listener at 127.0.0.1/43665] INFO  server.GrpcService (ConfUtils.java:logGet(44)) - raft.grpc.message.size.max = 32MB (=33554432) (custom)
2020-07-24 03:08:07,666 [Listener at 127.0.0.1/43665] INFO  server.RaftServerConfigKeys (ConfUtils.java:logGet(44)) - raft.server.log.appender.buffer.byte-limit = 33554432 (custom)
2020-07-24 03:08:07,666 [Listener at 127.0.0.1/43665] INFO  server.GrpcService (ConfUtils.java:logGet(44)) - raft.grpc.flow.control.window = 5MB (=5242880) (custom)
2020-07-24 03:08:07,667 [Listener at 127.0.0.1/43665] INFO  server.RaftServerConfigKeys (ConfUtils.java:logGet(44)) - raft.server.rpc.request.timeout = 3000ms (default)
2020-07-24 03:08:07,668 [Listener at 127.0.0.1/43665] INFO  server.RaftServerConfigKeys (ConfUtils.java:logGet(44)) - raft.server.storage.dir = [/github/workspace/mnt/ozone/hadoop-ozone/integration-test/target/test-dir/MiniOzoneClusterImpl-7a66fb8e-ad0e-46df-b237-2ffa69f4ef17/datanode-7/data/ratis] (custom)
2020-07-24 03:08:07,672 [Listener at 127.0.0.1/43665] INFO  http.BaseHttpServer (BaseHttpServer.java:newHttpServer2BuilderForOzone(207)) - Starting Web-server for hddsDatanode at: http://0.0.0.0:0
2020-07-24 03:08:07,672 [Listener at 127.0.0.1/43665] INFO  http.BaseHttpServer (BaseHttpServer.java:<init>(106)) - Hadoop Security Enabled: false Ozone Security Enabled: false Ozone HTTP Security Enabled: false 
2020-07-24 03:08:07,673 [Listener at 127.0.0.1/43665] INFO  server.AuthenticationFilter (AuthenticationFilter.java:constructSecretProvider(240)) - Unable to initialize FileSignerSecretProvider, falling back to use random secrets.
2020-07-24 03:08:07,673 [Listener at 127.0.0.1/43665] WARN  http.HttpRequestLog (HttpRequestLog.java:getRequestLog(103)) - Jetty request log can only be enabled using Log4j
2020-07-24 03:08:07,674 [Listener at 127.0.0.1/43665] INFO  http.HttpServer2 (HttpServer2.java:addGlobalFilter(998)) - Added global filter 'safety' (class=org.apache.hadoop.hdds.server.http.HttpServer2$QuotingInputFilter)
2020-07-24 03:08:07,675 [Listener at 127.0.0.1/43665] INFO  http.HttpServer2 (HttpServer2.java:addFilter(974)) - Added filter static_user_filter (class=org.apache.hadoop.http.lib.StaticUserWebFilter$StaticUserFilter) to context hddsDatanode
2020-07-24 03:08:07,675 [Listener at 127.0.0.1/43665] INFO  http.HttpServer2 (HttpServer2.java:addFilter(982)) - Added filter static_user_filter (class=org.apache.hadoop.http.lib.StaticUserWebFilter$StaticUserFilter) to context logs
2020-07-24 03:08:07,675 [Listener at 127.0.0.1/43665] INFO  http.HttpServer2 (HttpServer2.java:addFilter(982)) - Added filter static_user_filter (class=org.apache.hadoop.http.lib.StaticUserWebFilter$StaticUserFilter) to context static
2020-07-24 03:08:07,675 [Listener at 127.0.0.1/43665] INFO  http.HttpServer2 (HttpServer2.java:bindListener(1216)) - Jetty bound to port 44977
2020-07-24 03:08:07,675 [Listener at 127.0.0.1/43665] INFO  server.Server (Server.java:doStart(359)) - jetty-9.4.26.v20200117; built: 2020-01-17T12:35:33.676Z; git: 7b38981d25d14afb4a12ff1f2596756144edf695; jvm 1.8.0_232-b09
2020-07-24 03:08:07,680 [Listener at 127.0.0.1/43665] INFO  server.session (DefaultSessionIdManager.java:doStart(333)) - DefaultSessionIdManager workerName=node0
2020-07-24 03:08:07,680 [Listener at 127.0.0.1/43665] INFO  server.session (DefaultSessionIdManager.java:doStart(338)) - No SessionScavenger set, using defaults
2020-07-24 03:08:07,680 [Listener at 127.0.0.1/43665] INFO  server.session (HouseKeeper.java:startScavenging(140)) - node0 Scavenging every 660000ms
2020-07-24 03:08:07,681 [Listener at 127.0.0.1/43665] INFO  handler.ContextHandler (ContextHandler.java:doStart(825)) - Started o.e.j.s.ServletContextHandler@79e7f5b1{logs,/logs,file:///github/workspace/mnt/ozone/hadoop-ozone/integration-test/target/log,AVAILABLE}
2020-07-24 03:08:07,681 [Listener at 127.0.0.1/43665] INFO  handler.ContextHandler (ContextHandler.java:doStart(825)) - Started o.e.j.s.ServletContextHandler@449464fb{static,/static,jar:file:/home/user/.m2/repository/org/apache/hadoop/hadoop-hdds-container-service/0.6.0-SNAPSHOT/hadoop-hdds-container-service-0.6.0-SNAPSHOT.jar!/webapps/static,AVAILABLE}
2020-07-24 03:08:07,758 [Listener at 127.0.0.1/43665] INFO  handler.ContextHandler (ContextHandler.java:doStart(825)) - Started o.e.j.w.WebAppContext@734cf1bf{hddsDatanode,/,file:///tmp/jetty-0_0_0_0-44977-hadoop-hdds-container-service-0_6_0-SNAPSHOT_jar-_-any-1259020202720996710.dir/webapp/,AVAILABLE}{jar:file:/home/user/.m2/repository/org/apache/hadoop/hadoop-hdds-container-service/0.6.0-SNAPSHOT/hadoop-hdds-container-service-0.6.0-SNAPSHOT.jar!/webapps/hddsDatanode}
2020-07-24 03:08:07,760 [Listener at 127.0.0.1/43665] INFO  server.AbstractConnector (AbstractConnector.java:doStart(330)) - Started ServerConnector@1c1ab84e{HTTP/1.1,[http/1.1]}{0.0.0.0:44977}
2020-07-24 03:08:07,765 [Listener at 127.0.0.1/43665] INFO  server.Server (Server.java:doStart(399)) - Started @135225ms
2020-07-24 03:08:07,765 [Listener at 127.0.0.1/43665] WARN  impl.MetricsSystemImpl (MetricsSystemImpl.java:register(276)) - Sink prometheus already exists!
2020-07-24 03:08:07,767 [Listener at 127.0.0.1/43665] INFO  http.BaseHttpServer (BaseHttpServer.java:updateConnectorAddress(327)) - HTTP server of hddsDatanode listening at http://0.0.0.0:44977
2020-07-24 03:08:07,770 [Listener at 127.0.0.1/43665] INFO  impl.MetricsSystemImpl (MetricsSystemImpl.java:init(158)) - HddsDatanode metrics system started (again)
2020-07-24 03:08:07,775 [Listener at 127.0.0.1/43665] INFO  ozone.HddsDatanodeService (HddsDatanodeService.java:start(217)) - HddsDatanodeService host:bae25e63820f ip:172.17.0.2
2020-07-24 03:08:07,775 [org.apache.hadoop.util.JvmPauseMonitor$Monitor@77843d3c] INFO  util.JvmPauseMonitor (JvmPauseMonitor.java:run(188)) - Starting JVM pause monitor
2020-07-24 03:08:07,777 [Listener at 127.0.0.1/43665] INFO  volume.HddsVolume (HddsVolume.java:<init>(176)) - Creating Volume: /github/workspace/mnt/ozone/hadoop-ozone/integration-test/target/test-dir/MiniOzoneClusterImpl-7a66fb8e-ad0e-46df-b237-2ffa69f4ef17/datanode-8/data-0/containers/hdds of storage type : DISK and capacity : 9223372036854775807
2020-07-24 03:08:07,778 [Datanode State Machine Task Thread - 0] INFO  datanode.InitDatanodeState (InitDatanodeState.java:persistContainerDatanodeDetails(145)) - DatanodeDetails is persisted to /github/workspace/mnt/ozone/hadoop-ozone/integration-test/target/test-dir/MiniOzoneClusterImpl-7a66fb8e-ad0e-46df-b237-2ffa69f4ef17/datanode-7/meta/datanode.id
2020-07-24 03:08:07,781 [Listener at 127.0.0.1/43665] INFO  volume.MutableVolumeSet (MutableVolumeSet.java:initializeVolumeSet(179)) - Added Volume : /github/workspace/mnt/ozone/hadoop-ozone/integration-test/target/test-dir/MiniOzoneClusterImpl-7a66fb8e-ad0e-46df-b237-2ffa69f4ef17/datanode-8/data-0/containers/hdds to VolumeSet
2020-07-24 03:08:07,781 [Listener at 127.0.0.1/43665] INFO  volume.ThrottledAsyncChecker (ThrottledAsyncChecker.java:schedule(141)) - Scheduling a check for /github/workspace/mnt/ozone/hadoop-ozone/integration-test/target/test-dir/MiniOzoneClusterImpl-7a66fb8e-ad0e-46df-b237-2ffa69f4ef17/datanode-8/data-0/containers/hdds
2020-07-24 03:08:07,785 [Listener at 127.0.0.1/43665] INFO  volume.HddsVolumeChecker (HddsVolumeChecker.java:checkAllVolumes(200)) - Scheduled health check for volume /github/workspace/mnt/ozone/hadoop-ozone/integration-test/target/test-dir/MiniOzoneClusterImpl-7a66fb8e-ad0e-46df-b237-2ffa69f4ef17/datanode-8/data-0/containers/hdds
2020-07-24 03:08:07,797 [Thread-1237] INFO  ozoneimpl.ContainerReader (ContainerReader.java:readVolume(123)) - Start to verify containers on volume /github/workspace/mnt/ozone/hadoop-ozone/integration-test/target/test-dir/MiniOzoneClusterImpl-7a66fb8e-ad0e-46df-b237-2ffa69f4ef17/datanode-8/data-0/containers/hdds
2020-07-24 03:08:07,797 [Thread-1237] INFO  ozoneimpl.ContainerReader (ContainerReader.java:readVolume(148)) - Finish verifying containers on volume /github/workspace/mnt/ozone/hadoop-ozone/integration-test/target/test-dir/MiniOzoneClusterImpl-7a66fb8e-ad0e-46df-b237-2ffa69f4ef17/datanode-8/data-0/containers/hdds
2020-07-24 03:08:07,797 [Listener at 127.0.0.1/43665] INFO  ozoneimpl.OzoneContainer (OzoneContainer.java:buildContainerSet(187)) - Build ContainerSet costs 0s
2020-07-24 03:08:07,799 [Listener at 127.0.0.1/43665] INFO  impl.RaftServerProxy (ConfUtils.java:logGet(44)) - raft.rpc.type = GRPC (default)
2020-07-24 03:08:07,799 [Listener at 127.0.0.1/43665] INFO  grpc.GrpcFactory (GrpcFactory.java:checkPooledByteBufAllocatorUseCacheForAllThreads(45)) - PERFORMANCE WARNING: useCacheForAllThreads is true that may cause Netty to create a lot garbage objects and, as a result, trigger GC.
	It is recommended to disable useCacheForAllThreads by setting -Dorg.apache.ratis.thirdparty.io.netty.allocator.useCacheForAllThreads=false in command line.
2020-07-24 03:08:07,799 [Listener at 127.0.0.1/43665] INFO  grpc.GrpcConfigKeys (ConfUtils.java:logGet(44)) - raft.grpc.server.port = 0 (default)
2020-07-24 03:08:07,799 [Listener at 127.0.0.1/43665] INFO  server.GrpcService (ConfUtils.java:logGet(44)) - raft.grpc.message.size.max = 32MB (=33554432) (custom)
2020-07-24 03:08:07,800 [Listener at 127.0.0.1/43665] INFO  server.RaftServerConfigKeys (ConfUtils.java:logGet(44)) - raft.server.log.appender.buffer.byte-limit = 33554432 (custom)
2020-07-24 03:08:07,800 [Listener at 127.0.0.1/43665] INFO  server.GrpcService (ConfUtils.java:logGet(44)) - raft.grpc.flow.control.window = 5MB (=5242880) (custom)
2020-07-24 03:08:07,800 [Listener at 127.0.0.1/43665] INFO  server.RaftServerConfigKeys (ConfUtils.java:logGet(44)) - raft.server.rpc.request.timeout = 3000ms (default)
2020-07-24 03:08:07,801 [Listener at 127.0.0.1/43665] INFO  server.RaftServerConfigKeys (ConfUtils.java:logGet(44)) - raft.server.storage.dir = [/github/workspace/mnt/ozone/hadoop-ozone/integration-test/target/test-dir/MiniOzoneClusterImpl-7a66fb8e-ad0e-46df-b237-2ffa69f4ef17/datanode-8/data/ratis] (custom)
2020-07-24 03:08:07,805 [Listener at 127.0.0.1/43665] INFO  http.BaseHttpServer (BaseHttpServer.java:newHttpServer2BuilderForOzone(207)) - Starting Web-server for hddsDatanode at: http://0.0.0.0:0
2020-07-24 03:08:07,805 [Listener at 127.0.0.1/43665] INFO  http.BaseHttpServer (BaseHttpServer.java:<init>(106)) - Hadoop Security Enabled: false Ozone Security Enabled: false Ozone HTTP Security Enabled: false 
2020-07-24 03:08:07,806 [Listener at 127.0.0.1/43665] INFO  server.AuthenticationFilter (AuthenticationFilter.java:constructSecretProvider(240)) - Unable to initialize FileSignerSecretProvider, falling back to use random secrets.
2020-07-24 03:08:07,806 [Listener at 127.0.0.1/43665] WARN  http.HttpRequestLog (HttpRequestLog.java:getRequestLog(103)) - Jetty request log can only be enabled using Log4j
2020-07-24 03:08:07,807 [Listener at 127.0.0.1/43665] INFO  http.HttpServer2 (HttpServer2.java:addGlobalFilter(998)) - Added global filter 'safety' (class=org.apache.hadoop.hdds.server.http.HttpServer2$QuotingInputFilter)
2020-07-24 03:08:07,807 [Listener at 127.0.0.1/43665] INFO  http.HttpServer2 (HttpServer2.java:addFilter(974)) - Added filter static_user_filter (class=org.apache.hadoop.http.lib.StaticUserWebFilter$StaticUserFilter) to context hddsDatanode
2020-07-24 03:08:07,807 [Listener at 127.0.0.1/43665] INFO  http.HttpServer2 (HttpServer2.java:addFilter(982)) - Added filter static_user_filter (class=org.apache.hadoop.http.lib.StaticUserWebFilter$StaticUserFilter) to context static
2020-07-24 03:08:07,807 [Listener at 127.0.0.1/43665] INFO  http.HttpServer2 (HttpServer2.java:addFilter(982)) - Added filter static_user_filter (class=org.apache.hadoop.http.lib.StaticUserWebFilter$StaticUserFilter) to context logs
2020-07-24 03:08:07,808 [Listener at 127.0.0.1/43665] INFO  http.HttpServer2 (HttpServer2.java:bindListener(1216)) - Jetty bound to port 40913
2020-07-24 03:08:07,808 [Listener at 127.0.0.1/43665] INFO  server.Server (Server.java:doStart(359)) - jetty-9.4.26.v20200117; built: 2020-01-17T12:35:33.676Z; git: 7b38981d25d14afb4a12ff1f2596756144edf695; jvm 1.8.0_232-b09
2020-07-24 03:08:07,810 [Listener at 127.0.0.1/43665] INFO  server.session (DefaultSessionIdManager.java:doStart(333)) - DefaultSessionIdManager workerName=node0
2020-07-24 03:08:07,810 [Listener at 127.0.0.1/43665] INFO  server.session (DefaultSessionIdManager.java:doStart(338)) - No SessionScavenger set, using defaults
2020-07-24 03:08:07,810 [Listener at 127.0.0.1/43665] INFO  server.session (HouseKeeper.java:startScavenging(140)) - node0 Scavenging every 660000ms
2020-07-24 03:08:07,811 [Listener at 127.0.0.1/43665] INFO  handler.ContextHandler (ContextHandler.java:doStart(825)) - Started o.e.j.s.ServletContextHandler@59a9a136{logs,/logs,file:///github/workspace/mnt/ozone/hadoop-ozone/integration-test/target/log,AVAILABLE}
2020-07-24 03:08:07,811 [Listener at 127.0.0.1/43665] INFO  handler.ContextHandler (ContextHandler.java:doStart(825)) - Started o.e.j.s.ServletContextHandler@2349aa88{static,/static,jar:file:/home/user/.m2/repository/org/apache/hadoop/hadoop-hdds-container-service/0.6.0-SNAPSHOT/hadoop-hdds-container-service-0.6.0-SNAPSHOT.jar!/webapps/static,AVAILABLE}
2020-07-24 03:08:07,888 [Listener at 127.0.0.1/43665] INFO  handler.ContextHandler (ContextHandler.java:doStart(825)) - Started o.e.j.w.WebAppContext@4cbeae45{hddsDatanode,/,file:///tmp/jetty-0_0_0_0-40913-hadoop-hdds-container-service-0_6_0-SNAPSHOT_jar-_-any-4707793705956869412.dir/webapp/,AVAILABLE}{jar:file:/home/user/.m2/repository/org/apache/hadoop/hadoop-hdds-container-service/0.6.0-SNAPSHOT/hadoop-hdds-container-service-0.6.0-SNAPSHOT.jar!/webapps/hddsDatanode}
2020-07-24 03:08:07,890 [Listener at 127.0.0.1/43665] INFO  server.AbstractConnector (AbstractConnector.java:doStart(330)) - Started ServerConnector@3ae866ee{HTTP/1.1,[http/1.1]}{0.0.0.0:40913}
2020-07-24 03:08:07,890 [Listener at 127.0.0.1/43665] INFO  server.Server (Server.java:doStart(399)) - Started @135350ms
2020-07-24 03:08:07,890 [Listener at 127.0.0.1/43665] WARN  impl.MetricsSystemImpl (MetricsSystemImpl.java:register(276)) - Sink prometheus already exists!
2020-07-24 03:08:07,893 [Listener at 127.0.0.1/43665] INFO  http.BaseHttpServer (BaseHttpServer.java:updateConnectorAddress(327)) - HTTP server of hddsDatanode listening at http://0.0.0.0:40913
2020-07-24 03:08:07,894 [Listener at 127.0.0.1/43665] INFO  ozone.MiniOzoneClusterImpl (MiniOzoneClusterImpl.java:lambda$waitForClusterToBeReady$0(177)) - Waiting for nodes to be ready. Got 0 of 9 DN Heartbeats.
2020-07-24 03:08:07,895 [Listener at 127.0.0.1/43665] INFO  ozone.MiniOzoneClusterImpl (MiniOzoneClusterImpl.java:lambda$waitForClusterToBeReady$0(180)) - Waiting for cluster to exit safe mode
2020-07-24 03:08:07,905 [org.apache.hadoop.util.JvmPauseMonitor$Monitor@7cc1bd47] INFO  util.JvmPauseMonitor (JvmPauseMonitor.java:run(188)) - Starting JVM pause monitor
2020-07-24 03:08:07,906 [Datanode State Machine Task Thread - 0] INFO  datanode.InitDatanodeState (InitDatanodeState.java:persistContainerDatanodeDetails(145)) - DatanodeDetails is persisted to /github/workspace/mnt/ozone/hadoop-ozone/integration-test/target/test-dir/MiniOzoneClusterImpl-7a66fb8e-ad0e-46df-b237-2ffa69f4ef17/datanode-8/meta/datanode.id
2020-07-24 03:08:08,895 [Listener at 127.0.0.1/43665] INFO  ozone.MiniOzoneClusterImpl (MiniOzoneClusterImpl.java:lambda$waitForClusterToBeReady$0(177)) - Waiting for nodes to be ready. Got 0 of 9 DN Heartbeats.
2020-07-24 03:08:08,895 [Listener at 127.0.0.1/43665] INFO  ozone.MiniOzoneClusterImpl (MiniOzoneClusterImpl.java:lambda$waitForClusterToBeReady$0(180)) - Waiting for cluster to exit safe mode
2020-07-24 03:08:08,928 [Datanode State Machine Task Thread - 1] INFO  ozoneimpl.OzoneContainer (OzoneContainer.java:start(236)) - Attempting to start container services.
2020-07-24 03:08:08,928 [Datanode State Machine Task Thread - 1] INFO  ozoneimpl.OzoneContainer (OzoneContainer.java:startContainerScrub(200)) - Background container scanner has been disabled.
2020-07-24 03:08:08,928 [Datanode State Machine Task Thread - 1] INFO  ratis.XceiverServerRatis (XceiverServerRatis.java:start(438)) - Starting XceiverServerRatis 92be74e1-a445-481a-9270-f78b33ea1757 at port 0
2020-07-24 03:08:08,931 [Datanode State Machine Task Thread - 1] INFO  impl.RaftServerProxy (RaftServerProxy.java:lambda$start$3(304)) - 92be74e1-a445-481a-9270-f78b33ea1757: start RPC server
2020-07-24 03:08:08,933 [Datanode State Machine Task Thread - 1] INFO  server.GrpcService (GrpcService.java:startImpl(160)) - 92be74e1-a445-481a-9270-f78b33ea1757: GrpcService started, listening on 0.0.0.0/0.0.0.0:42635
2020-07-24 03:08:08,933 [Datanode State Machine Task Thread - 1] INFO  ratis.XceiverServerRatis (XceiverServerRatis.java:start(450)) - XceiverServerRatis 92be74e1-a445-481a-9270-f78b33ea1757 is started using port 42635
2020-07-24 03:08:08,934 [Datanode State Machine Task Thread - 1] INFO  server.XceiverServerGrpc (XceiverServerGrpc.java:start(145)) - XceiverServerGrpc 92be74e1-a445-481a-9270-f78b33ea1757 is started using port 36395
2020-07-24 03:08:09,041 [Datanode State Machine Task Thread - 1] INFO  ozoneimpl.OzoneContainer (OzoneContainer.java:start(236)) - Attempting to start container services.
2020-07-24 03:08:09,041 [Datanode State Machine Task Thread - 1] INFO  ozoneimpl.OzoneContainer (OzoneContainer.java:startContainerScrub(200)) - Background container scanner has been disabled.
2020-07-24 03:08:09,041 [Datanode State Machine Task Thread - 1] INFO  ratis.XceiverServerRatis (XceiverServerRatis.java:start(438)) - Starting XceiverServerRatis b2995f92-8b7c-4587-b52b-d4ed19f98a91 at port 0
2020-07-24 03:08:09,042 [Datanode State Machine Task Thread - 1] INFO  impl.RaftServerProxy (RaftServerProxy.java:lambda$start$3(304)) - b2995f92-8b7c-4587-b52b-d4ed19f98a91: start RPC server
2020-07-24 03:08:09,042 [Datanode State Machine Task Thread - 1] INFO  server.GrpcService (GrpcService.java:startImpl(160)) - b2995f92-8b7c-4587-b52b-d4ed19f98a91: GrpcService started, listening on 0.0.0.0/0.0.0.0:36971
2020-07-24 03:08:09,043 [Datanode State Machine Task Thread - 1] INFO  ratis.XceiverServerRatis (XceiverServerRatis.java:start(450)) - XceiverServerRatis b2995f92-8b7c-4587-b52b-d4ed19f98a91 is started using port 36971
2020-07-24 03:08:09,043 [Datanode State Machine Task Thread - 1] INFO  server.XceiverServerGrpc (XceiverServerGrpc.java:start(145)) - XceiverServerGrpc b2995f92-8b7c-4587-b52b-d4ed19f98a91 is started using port 32949
2020-07-24 03:08:09,160 [Datanode State Machine Task Thread - 1] INFO  ozoneimpl.OzoneContainer (OzoneContainer.java:start(236)) - Attempting to start container services.
2020-07-24 03:08:09,160 [Datanode State Machine Task Thread - 1] INFO  ozoneimpl.OzoneContainer (OzoneContainer.java:startContainerScrub(200)) - Background container scanner has been disabled.
2020-07-24 03:08:09,160 [Datanode State Machine Task Thread - 1] INFO  ratis.XceiverServerRatis (XceiverServerRatis.java:start(438)) - Starting XceiverServerRatis 0b6ef10e-2f36-4e94-b43e-5e4c71f7d9dd at port 0
2020-07-24 03:08:09,161 [Datanode State Machine Task Thread - 1] INFO  impl.RaftServerProxy (RaftServerProxy.java:lambda$start$3(304)) - 0b6ef10e-2f36-4e94-b43e-5e4c71f7d9dd: start RPC server
2020-07-24 03:08:09,161 [Datanode State Machine Task Thread - 1] INFO  server.GrpcService (GrpcService.java:startImpl(160)) - 0b6ef10e-2f36-4e94-b43e-5e4c71f7d9dd: GrpcService started, listening on 0.0.0.0/0.0.0.0:36165
2020-07-24 03:08:09,162 [Datanode State Machine Task Thread - 1] INFO  ratis.XceiverServerRatis (XceiverServerRatis.java:start(450)) - XceiverServerRatis 0b6ef10e-2f36-4e94-b43e-5e4c71f7d9dd is started using port 36165
2020-07-24 03:08:09,162 [Datanode State Machine Task Thread - 1] INFO  server.XceiverServerGrpc (XceiverServerGrpc.java:start(145)) - XceiverServerGrpc 0b6ef10e-2f36-4e94-b43e-5e4c71f7d9dd is started using port 38471
2020-07-24 03:08:09,285 [Datanode State Machine Task Thread - 1] INFO  ozoneimpl.OzoneContainer (OzoneContainer.java:start(236)) - Attempting to start container services.
2020-07-24 03:08:09,285 [Datanode State Machine Task Thread - 1] INFO  ozoneimpl.OzoneContainer (OzoneContainer.java:startContainerScrub(200)) - Background container scanner has been disabled.
2020-07-24 03:08:09,285 [Datanode State Machine Task Thread - 1] INFO  ratis.XceiverServerRatis (XceiverServerRatis.java:start(438)) - Starting XceiverServerRatis ef05ffb5-aa81-4044-bbcc-ef5ea51c2a16 at port 0
2020-07-24 03:08:09,288 [Datanode State Machine Task Thread - 1] INFO  impl.RaftServerProxy (RaftServerProxy.java:lambda$start$3(304)) - ef05ffb5-aa81-4044-bbcc-ef5ea51c2a16: start RPC server
2020-07-24 03:08:09,289 [Datanode State Machine Task Thread - 1] INFO  server.GrpcService (GrpcService.java:startImpl(160)) - ef05ffb5-aa81-4044-bbcc-ef5ea51c2a16: GrpcService started, listening on 0.0.0.0/0.0.0.0:38667
2020-07-24 03:08:09,289 [Datanode State Machine Task Thread - 1] INFO  ratis.XceiverServerRatis (XceiverServerRatis.java:start(450)) - XceiverServerRatis ef05ffb5-aa81-4044-bbcc-ef5ea51c2a16 is started using port 38667
2020-07-24 03:08:09,289 [Datanode State Machine Task Thread - 1] INFO  server.XceiverServerGrpc (XceiverServerGrpc.java:start(145)) - XceiverServerGrpc ef05ffb5-aa81-4044-bbcc-ef5ea51c2a16 is started using port 44667
2020-07-24 03:08:09,402 [Datanode State Machine Task Thread - 1] INFO  ozoneimpl.OzoneContainer (OzoneContainer.java:start(236)) - Attempting to start container services.
2020-07-24 03:08:09,402 [Datanode State Machine Task Thread - 1] INFO  ozoneimpl.OzoneContainer (OzoneContainer.java:startContainerScrub(200)) - Background container scanner has been disabled.
2020-07-24 03:08:09,402 [Datanode State Machine Task Thread - 1] INFO  ratis.XceiverServerRatis (XceiverServerRatis.java:start(438)) - Starting XceiverServerRatis 54c6cd85-2842-44da-844c-41bdb0d83551 at port 0
2020-07-24 03:08:09,403 [Datanode State Machine Task Thread - 1] INFO  impl.RaftServerProxy (RaftServerProxy.java:lambda$start$3(304)) - 54c6cd85-2842-44da-844c-41bdb0d83551: start RPC server
2020-07-24 03:08:09,404 [Datanode State Machine Task Thread - 1] INFO  server.GrpcService (GrpcService.java:startImpl(160)) - 54c6cd85-2842-44da-844c-41bdb0d83551: GrpcService started, listening on 0.0.0.0/0.0.0.0:36693
2020-07-24 03:08:09,404 [Datanode State Machine Task Thread - 1] INFO  ratis.XceiverServerRatis (XceiverServerRatis.java:start(450)) - XceiverServerRatis 54c6cd85-2842-44da-844c-41bdb0d83551 is started using port 36693
2020-07-24 03:08:09,404 [Datanode State Machine Task Thread - 1] INFO  server.XceiverServerGrpc (XceiverServerGrpc.java:start(145)) - XceiverServerGrpc 54c6cd85-2842-44da-844c-41bdb0d83551 is started using port 45695
2020-07-24 03:08:09,534 [Datanode State Machine Task Thread - 1] INFO  ozoneimpl.OzoneContainer (OzoneContainer.java:start(236)) - Attempting to start container services.
2020-07-24 03:08:09,535 [Datanode State Machine Task Thread - 1] INFO  ozoneimpl.OzoneContainer (OzoneContainer.java:startContainerScrub(200)) - Background container scanner has been disabled.
2020-07-24 03:08:09,535 [Datanode State Machine Task Thread - 1] INFO  ratis.XceiverServerRatis (XceiverServerRatis.java:start(438)) - Starting XceiverServerRatis ec8340d6-a662-4952-84a8-2c663fc0262a at port 0
2020-07-24 03:08:09,535 [Datanode State Machine Task Thread - 1] INFO  impl.RaftServerProxy (RaftServerProxy.java:lambda$start$3(304)) - ec8340d6-a662-4952-84a8-2c663fc0262a: start RPC server
2020-07-24 03:08:09,536 [Datanode State Machine Task Thread - 1] INFO  server.GrpcService (GrpcService.java:startImpl(160)) - ec8340d6-a662-4952-84a8-2c663fc0262a: GrpcService started, listening on 0.0.0.0/0.0.0.0:36039
2020-07-24 03:08:09,536 [Datanode State Machine Task Thread - 1] INFO  ratis.XceiverServerRatis (XceiverServerRatis.java:start(450)) - XceiverServerRatis ec8340d6-a662-4952-84a8-2c663fc0262a is started using port 36039
2020-07-24 03:08:09,537 [Datanode State Machine Task Thread - 1] INFO  server.XceiverServerGrpc (XceiverServerGrpc.java:start(145)) - XceiverServerGrpc ec8340d6-a662-4952-84a8-2c663fc0262a is started using port 39237
2020-07-24 03:08:09,651 [Datanode State Machine Task Thread - 1] INFO  ozoneimpl.OzoneContainer (OzoneContainer.java:start(236)) - Attempting to start container services.
2020-07-24 03:08:09,651 [Datanode State Machine Task Thread - 1] INFO  ozoneimpl.OzoneContainer (OzoneContainer.java:startContainerScrub(200)) - Background container scanner has been disabled.
2020-07-24 03:08:09,651 [Datanode State Machine Task Thread - 1] INFO  ratis.XceiverServerRatis (XceiverServerRatis.java:start(438)) - Starting XceiverServerRatis 78194aa3-cea5-45a1-a381-8dfca4cfa351 at port 0
2020-07-24 03:08:09,654 [Datanode State Machine Task Thread - 1] INFO  impl.RaftServerProxy (RaftServerProxy.java:lambda$start$3(304)) - 78194aa3-cea5-45a1-a381-8dfca4cfa351: start RPC server
2020-07-24 03:08:09,657 [Datanode State Machine Task Thread - 1] INFO  server.GrpcService (GrpcService.java:startImpl(160)) - 78194aa3-cea5-45a1-a381-8dfca4cfa351: GrpcService started, listening on 0.0.0.0/0.0.0.0:41231
2020-07-24 03:08:09,657 [Datanode State Machine Task Thread - 1] INFO  ratis.XceiverServerRatis (XceiverServerRatis.java:start(450)) - XceiverServerRatis 78194aa3-cea5-45a1-a381-8dfca4cfa351 is started using port 41231
2020-07-24 03:08:09,658 [Datanode State Machine Task Thread - 1] INFO  server.XceiverServerGrpc (XceiverServerGrpc.java:start(145)) - XceiverServerGrpc 78194aa3-cea5-45a1-a381-8dfca4cfa351 is started using port 44175
2020-07-24 03:08:09,778 [Datanode State Machine Task Thread - 1] INFO  ozoneimpl.OzoneContainer (OzoneContainer.java:start(236)) - Attempting to start container services.
2020-07-24 03:08:09,778 [Datanode State Machine Task Thread - 1] INFO  ozoneimpl.OzoneContainer (OzoneContainer.java:startContainerScrub(200)) - Background container scanner has been disabled.
2020-07-24 03:08:09,778 [Datanode State Machine Task Thread - 1] INFO  ratis.XceiverServerRatis (XceiverServerRatis.java:start(438)) - Starting XceiverServerRatis b1effa6e-0839-4981-b888-c1f6d27077b4 at port 0
2020-07-24 03:08:09,779 [Datanode State Machine Task Thread - 1] INFO  impl.RaftServerProxy (RaftServerProxy.java:lambda$start$3(304)) - b1effa6e-0839-4981-b888-c1f6d27077b4: start RPC server
2020-07-24 03:08:09,779 [Datanode State Machine Task Thread - 1] INFO  server.GrpcService (GrpcService.java:startImpl(160)) - b1effa6e-0839-4981-b888-c1f6d27077b4: GrpcService started, listening on 0.0.0.0/0.0.0.0:45919
2020-07-24 03:08:09,779 [Datanode State Machine Task Thread - 1] INFO  ratis.XceiverServerRatis (XceiverServerRatis.java:start(450)) - XceiverServerRatis b1effa6e-0839-4981-b888-c1f6d27077b4 is started using port 45919
2020-07-24 03:08:09,780 [Datanode State Machine Task Thread - 1] INFO  server.XceiverServerGrpc (XceiverServerGrpc.java:start(145)) - XceiverServerGrpc b1effa6e-0839-4981-b888-c1f6d27077b4 is started using port 44807
2020-07-24 03:08:09,895 [Listener at 127.0.0.1/43665] INFO  ozone.MiniOzoneClusterImpl (MiniOzoneClusterImpl.java:lambda$waitForClusterToBeReady$0(177)) - Waiting for nodes to be ready. Got 0 of 9 DN Heartbeats.
2020-07-24 03:08:09,895 [Listener at 127.0.0.1/43665] INFO  ozone.MiniOzoneClusterImpl (MiniOzoneClusterImpl.java:lambda$waitForClusterToBeReady$0(180)) - Waiting for cluster to exit safe mode
2020-07-24 03:08:09,907 [Datanode State Machine Task Thread - 1] INFO  ozoneimpl.OzoneContainer (OzoneContainer.java:start(236)) - Attempting to start container services.
2020-07-24 03:08:09,908 [Datanode State Machine Task Thread - 1] INFO  ozoneimpl.OzoneContainer (OzoneContainer.java:startContainerScrub(200)) - Background container scanner has been disabled.
2020-07-24 03:08:09,908 [Datanode State Machine Task Thread - 1] INFO  ratis.XceiverServerRatis (XceiverServerRatis.java:start(438)) - Starting XceiverServerRatis e388aaab-0923-4db4-bf46-c81346b36393 at port 0
2020-07-24 03:08:09,908 [Datanode State Machine Task Thread - 1] INFO  impl.RaftServerProxy (RaftServerProxy.java:lambda$start$3(304)) - e388aaab-0923-4db4-bf46-c81346b36393: start RPC server
2020-07-24 03:08:09,909 [Datanode State Machine Task Thread - 1] INFO  server.GrpcService (GrpcService.java:startImpl(160)) - e388aaab-0923-4db4-bf46-c81346b36393: GrpcService started, listening on 0.0.0.0/0.0.0.0:41099
2020-07-24 03:08:09,909 [Datanode State Machine Task Thread - 1] INFO  ratis.XceiverServerRatis (XceiverServerRatis.java:start(450)) - XceiverServerRatis e388aaab-0923-4db4-bf46-c81346b36393 is started using port 41099
2020-07-24 03:08:09,910 [Datanode State Machine Task Thread - 1] INFO  server.XceiverServerGrpc (XceiverServerGrpc.java:start(145)) - XceiverServerGrpc e388aaab-0923-4db4-bf46-c81346b36393 is started using port 41843
2020-07-24 03:08:10,896 [Listener at 127.0.0.1/43665] INFO  ozone.MiniOzoneClusterImpl (MiniOzoneClusterImpl.java:lambda$waitForClusterToBeReady$0(177)) - Waiting for nodes to be ready. Got 0 of 9 DN Heartbeats.
2020-07-24 03:08:10,896 [Listener at 127.0.0.1/43665] INFO  ozone.MiniOzoneClusterImpl (MiniOzoneClusterImpl.java:lambda$waitForClusterToBeReady$0(180)) - Waiting for cluster to exit safe mode
2020-07-24 03:08:10,919 [IPC Server handler 3 on default port 43779] INFO  net.NetworkTopology (NetworkTopologyImpl.java:add(111)) - Added a new node: /default-rack/92be74e1-a445-481a-9270-f78b33ea1757
2020-07-24 03:08:10,920 [IPC Server handler 3 on default port 43779] INFO  node.SCMNodeManager (SCMNodeManager.java:register(273)) - Registered Data node : 92be74e1-a445-481a-9270-f78b33ea1757{ip: 172.17.0.2, host: bae25e63820f, networkLocation: /default-rack, certSerialId: null}
2020-07-24 03:08:10,920 [EventQueue-NodeRegistrationContainerReportForContainerSafeModeRule] INFO  safemode.SCMSafeModeManager (SCMSafeModeManager.java:validateSafeModeExitRules(214)) - ContainerSafeModeRule rule is successfully validated
2020-07-24 03:08:10,921 [EventQueue-NodeRegistrationContainerReportForDataNodeSafeModeRule] INFO  safemode.SCMSafeModeManager (DataNodeSafeModeRule.java:process(71)) - SCM in safe mode. 1 DataNodes registered, 1 required.
2020-07-24 03:08:10,921 [RatisPipelineUtilsThread] INFO  pipeline.RatisPipelineProvider (RatisPipelineProvider.java:lambda$create$0(138)) - Sending CreatePipelineCommand for pipeline:PipelineID=3e2fad72-a384-4242-bee9-c469b0346fde to datanode:92be74e1-a445-481a-9270-f78b33ea1757
2020-07-24 03:08:10,921 [EventQueue-NodeRegistrationContainerReportForDataNodeSafeModeRule] INFO  safemode.SCMSafeModeManager (SCMSafeModeManager.java:validateSafeModeExitRules(214)) - DataNodeSafeModeRule rule is successfully validated
2020-07-24 03:08:10,922 [EventQueue-NodeRegistrationContainerReportForDataNodeSafeModeRule] INFO  safemode.SCMSafeModeManager (SCMSafeModeManager.java:completePreCheck(242)) - All SCM safe mode pre check rules have passed
2020-07-24 03:08:10,922 [RatisPipelineUtilsThread] INFO  pipeline.PipelineStateManager (PipelineStateManager.java:addPipeline(54)) - Created pipeline Pipeline[ Id: 3e2fad72-a384-4242-bee9-c469b0346fde, Nodes: 92be74e1-a445-481a-9270-f78b33ea1757{ip: 172.17.0.2, host: bae25e63820f, networkLocation: /default-rack, certSerialId: null}, Type:RATIS, Factor:ONE, State:ALLOCATED, leaderId:, CreationTimestamp2020-07-24T03:08:10.921Z]
2020-07-24 03:08:10,922 [RatisPipelineUtilsThread] ERROR pipeline.SCMPipelineManager (SCMPipelineManager.java:createPipeline(275)) - Failed to create pipeline of type RATIS and factor ONE. Exception: Cannot create pipeline of factor 1 using 0 nodes. Used 1 nodes. Healthy nodes 1
2020-07-24 03:08:10,923 [RatisPipelineUtilsThread] ERROR pipeline.SCMPipelineManager (SCMPipelineManager.java:createPipeline(275)) - Failed to create pipeline of type RATIS and factor ONE. Exception: Cannot create pipeline of factor 1 using 0 nodes. Used 1 nodes. Healthy nodes 1
2020-07-24 03:08:10,923 [RatisPipelineUtilsThread] WARN  pipeline.PipelinePlacementPolicy (PipelinePlacementPolicy.java:filterViableNodes(133)) - Pipeline creation failed due to no sufficient healthy datanodes. Required 3. Found 1.
2020-07-24 03:08:10,923 [RatisPipelineUtilsThread] ERROR pipeline.SCMPipelineManager (SCMPipelineManager.java:createPipeline(275)) - Failed to create pipeline of type RATIS and factor THREE. Exception: Pipeline creation failed due to no sufficient healthy datanodes. Required 3. Found 1.
2020-07-24 03:08:11,041 [IPC Server handler 4 on default port 43779] INFO  net.NetworkTopology (NetworkTopologyImpl.java:add(111)) - Added a new node: /default-rack/b2995f92-8b7c-4587-b52b-d4ed19f98a91
2020-07-24 03:08:11,042 [IPC Server handler 4 on default port 43779] INFO  node.SCMNodeManager (SCMNodeManager.java:register(273)) - Registered Data node : b2995f92-8b7c-4587-b52b-d4ed19f98a91{ip: 172.17.0.2, host: bae25e63820f, networkLocation: /default-rack, certSerialId: null}
2020-07-24 03:08:11,042 [RatisPipelineUtilsThread] INFO  pipeline.RatisPipelineProvider (RatisPipelineProvider.java:lambda$create$0(138)) - Sending CreatePipelineCommand for pipeline:PipelineID=94eba7a4-ec56-4f1f-8009-1d480263c32e to datanode:b2995f92-8b7c-4587-b52b-d4ed19f98a91
2020-07-24 03:08:11,043 [RatisPipelineUtilsThread] INFO  pipeline.PipelineStateManager (PipelineStateManager.java:addPipeline(54)) - Created pipeline Pipeline[ Id: 94eba7a4-ec56-4f1f-8009-1d480263c32e, Nodes: b2995f92-8b7c-4587-b52b-d4ed19f98a91{ip: 172.17.0.2, host: bae25e63820f, networkLocation: /default-rack, certSerialId: null}, Type:RATIS, Factor:ONE, State:ALLOCATED, leaderId:, CreationTimestamp2020-07-24T03:08:11.042Z]
2020-07-24 03:08:11,043 [RatisPipelineUtilsThread] ERROR pipeline.SCMPipelineManager (SCMPipelineManager.java:createPipeline(275)) - Failed to create pipeline of type RATIS and factor ONE. Exception: Cannot create pipeline of factor 1 using 0 nodes. Used 2 nodes. Healthy nodes 2
2020-07-24 03:08:11,043 [RatisPipelineUtilsThread] WARN  pipeline.PipelinePlacementPolicy (PipelinePlacementPolicy.java:filterViableNodes(133)) - Pipeline creation failed due to no sufficient healthy datanodes. Required 3. Found 2.
2020-07-24 03:08:11,043 [RatisPipelineUtilsThread] ERROR pipeline.SCMPipelineManager (SCMPipelineManager.java:createPipeline(275)) - Failed to create pipeline of type RATIS and factor THREE. Exception: Pipeline creation failed due to no sufficient healthy datanodes. Required 3. Found 2.
2020-07-24 03:08:11,043 [EventQueue-NodeRegistrationContainerReportForContainerSafeModeRule] INFO  safemode.SCMSafeModeManager (SCMSafeModeManager.java:validateSafeModeExitRules(214)) - ContainerSafeModeRule rule is successfully validated
2020-07-24 03:08:11,043 [EventQueue-NodeRegistrationContainerReportForDataNodeSafeModeRule] INFO  safemode.SCMSafeModeManager (SCMSafeModeManager.java:validateSafeModeExitRules(214)) - DataNodeSafeModeRule rule is successfully validated
2020-07-24 03:08:11,158 [IPC Server handler 5 on default port 43779] INFO  net.NetworkTopology (NetworkTopologyImpl.java:add(111)) - Added a new node: /default-rack/0b6ef10e-2f36-4e94-b43e-5e4c71f7d9dd
2020-07-24 03:08:11,158 [IPC Server handler 5 on default port 43779] INFO  node.SCMNodeManager (SCMNodeManager.java:register(273)) - Registered Data node : 0b6ef10e-2f36-4e94-b43e-5e4c71f7d9dd{ip: 172.17.0.2, host: bae25e63820f, networkLocation: /default-rack, certSerialId: null}
2020-07-24 03:08:11,158 [EventQueue-NodeRegistrationContainerReportForContainerSafeModeRule] INFO  safemode.SCMSafeModeManager (SCMSafeModeManager.java:validateSafeModeExitRules(214)) - ContainerSafeModeRule rule is successfully validated
2020-07-24 03:08:11,158 [RatisPipelineUtilsThread] INFO  pipeline.RatisPipelineProvider (RatisPipelineProvider.java:lambda$create$0(138)) - Sending CreatePipelineCommand for pipeline:PipelineID=98d5f80e-ce4a-49fc-b1ae-634f067c350e to datanode:0b6ef10e-2f36-4e94-b43e-5e4c71f7d9dd
2020-07-24 03:08:11,158 [EventQueue-NodeRegistrationContainerReportForDataNodeSafeModeRule] INFO  safemode.SCMSafeModeManager (SCMSafeModeManager.java:validateSafeModeExitRules(214)) - DataNodeSafeModeRule rule is successfully validated
2020-07-24 03:08:11,159 [RatisPipelineUtilsThread] INFO  pipeline.PipelineStateManager (PipelineStateManager.java:addPipeline(54)) - Created pipeline Pipeline[ Id: 98d5f80e-ce4a-49fc-b1ae-634f067c350e, Nodes: 0b6ef10e-2f36-4e94-b43e-5e4c71f7d9dd{ip: 172.17.0.2, host: bae25e63820f, networkLocation: /default-rack, certSerialId: null}, Type:RATIS, Factor:ONE, State:ALLOCATED, leaderId:, CreationTimestamp2020-07-24T03:08:11.158Z]
2020-07-24 03:08:11,159 [RatisPipelineUtilsThread] ERROR pipeline.SCMPipelineManager (SCMPipelineManager.java:createPipeline(275)) - Failed to create pipeline of type RATIS and factor ONE. Exception: Cannot create pipeline of factor 1 using 0 nodes. Used 3 nodes. Healthy nodes 3
2020-07-24 03:08:11,159 [RatisPipelineUtilsThread] INFO  pipeline.RatisPipelineProvider (RatisPipelineProvider.java:lambda$create$0(138)) - Sending CreatePipelineCommand for pipeline:PipelineID=1a39bb56-9396-4cbe-a978-e75380df8791 to datanode:92be74e1-a445-481a-9270-f78b33ea1757
2020-07-24 03:08:11,159 [RatisPipelineUtilsThread] INFO  pipeline.RatisPipelineProvider (RatisPipelineProvider.java:lambda$create$0(138)) - Sending CreatePipelineCommand for pipeline:PipelineID=1a39bb56-9396-4cbe-a978-e75380df8791 to datanode:0b6ef10e-2f36-4e94-b43e-5e4c71f7d9dd
2020-07-24 03:08:11,160 [RatisPipelineUtilsThread] INFO  pipeline.RatisPipelineProvider (RatisPipelineProvider.java:lambda$create$0(138)) - Sending CreatePipelineCommand for pipeline:PipelineID=1a39bb56-9396-4cbe-a978-e75380df8791 to datanode:b2995f92-8b7c-4587-b52b-d4ed19f98a91
2020-07-24 03:08:11,160 [RatisPipelineUtilsThread] INFO  pipeline.PipelineStateManager (PipelineStateManager.java:addPipeline(54)) - Created pipeline Pipeline[ Id: 1a39bb56-9396-4cbe-a978-e75380df8791, Nodes: 92be74e1-a445-481a-9270-f78b33ea1757{ip: 172.17.0.2, host: bae25e63820f, networkLocation: /default-rack, certSerialId: null}0b6ef10e-2f36-4e94-b43e-5e4c71f7d9dd{ip: 172.17.0.2, host: bae25e63820f, networkLocation: /default-rack, certSerialId: null}b2995f92-8b7c-4587-b52b-d4ed19f98a91{ip: 172.17.0.2, host: bae25e63820f, networkLocation: /default-rack, certSerialId: null}, Type:RATIS, Factor:THREE, State:ALLOCATED, leaderId:, CreationTimestamp2020-07-24T03:08:11.159Z]
2020-07-24 03:08:11,160 [RatisPipelineUtilsThread] ERROR pipeline.SCMPipelineManager (SCMPipelineManager.java:createPipeline(275)) - Failed to create pipeline of type RATIS and factor THREE. Exception: Pipeline creation failed because nodes are engaged in other pipelines and every node can only be engaged in max 2 pipelines. Required 3. Found 0
2020-07-24 03:08:11,284 [IPC Server handler 6 on default port 43779] INFO  net.NetworkTopology (NetworkTopologyImpl.java:add(111)) - Added a new node: /default-rack/ef05ffb5-aa81-4044-bbcc-ef5ea51c2a16
2020-07-24 03:08:11,285 [IPC Server handler 6 on default port 43779] INFO  node.SCMNodeManager (SCMNodeManager.java:register(273)) - Registered Data node : ef05ffb5-aa81-4044-bbcc-ef5ea51c2a16{ip: 172.17.0.2, host: bae25e63820f, networkLocation: /default-rack, certSerialId: null}
2020-07-24 03:08:11,285 [EventQueue-NodeRegistrationContainerReportForContainerSafeModeRule] INFO  safemode.SCMSafeModeManager (SCMSafeModeManager.java:validateSafeModeExitRules(214)) - ContainerSafeModeRule rule is successfully validated
2020-07-24 03:08:11,286 [EventQueue-NodeRegistrationContainerReportForDataNodeSafeModeRule] INFO  safemode.SCMSafeModeManager (SCMSafeModeManager.java:validateSafeModeExitRules(214)) - DataNodeSafeModeRule rule is successfully validated
2020-07-24 03:08:11,286 [RatisPipelineUtilsThread] INFO  pipeline.RatisPipelineProvider (RatisPipelineProvider.java:lambda$create$0(138)) - Sending CreatePipelineCommand for pipeline:PipelineID=87b63220-dd89-4a93-b875-8c591323d0cb to datanode:ef05ffb5-aa81-4044-bbcc-ef5ea51c2a16
2020-07-24 03:08:11,287 [RatisPipelineUtilsThread] INFO  pipeline.PipelineStateManager (PipelineStateManager.java:addPipeline(54)) - Created pipeline Pipeline[ Id: 87b63220-dd89-4a93-b875-8c591323d0cb, Nodes: ef05ffb5-aa81-4044-bbcc-ef5ea51c2a16{ip: 172.17.0.2, host: bae25e63820f, networkLocation: /default-rack, certSerialId: null}, Type:RATIS, Factor:ONE, State:ALLOCATED, leaderId:, CreationTimestamp2020-07-24T03:08:11.286Z]
2020-07-24 03:08:11,287 [RatisPipelineUtilsThread] ERROR pipeline.SCMPipelineManager (SCMPipelineManager.java:createPipeline(275)) - Failed to create pipeline of type RATIS and factor ONE. Exception: Cannot create pipeline of factor 1 using 0 nodes. Used 4 nodes. Healthy nodes 4
2020-07-24 03:08:11,287 [RatisPipelineUtilsThread] ERROR pipeline.SCMPipelineManager (SCMPipelineManager.java:createPipeline(275)) - Failed to create pipeline of type RATIS and factor THREE. Exception: Pipeline creation failed because nodes are engaged in other pipelines and every node can only be engaged in max 2 pipelines. Required 3. Found 1
2020-07-24 03:08:11,401 [IPC Server handler 7 on default port 43779] INFO  net.NetworkTopology (NetworkTopologyImpl.java:add(111)) - Added a new node: /default-rack/54c6cd85-2842-44da-844c-41bdb0d83551
2020-07-24 03:08:11,401 [IPC Server handler 7 on default port 43779] INFO  node.SCMNodeManager (SCMNodeManager.java:register(273)) - Registered Data node : 54c6cd85-2842-44da-844c-41bdb0d83551{ip: 172.17.0.2, host: bae25e63820f, networkLocation: /default-rack, certSerialId: null}
2020-07-24 03:08:11,401 [EventQueue-NodeRegistrationContainerReportForContainerSafeModeRule] INFO  safemode.SCMSafeModeManager (SCMSafeModeManager.java:validateSafeModeExitRules(214)) - ContainerSafeModeRule rule is successfully validated
2020-07-24 03:08:11,401 [EventQueue-NodeRegistrationContainerReportForDataNodeSafeModeRule] INFO  safemode.SCMSafeModeManager (SCMSafeModeManager.java:validateSafeModeExitRules(214)) - DataNodeSafeModeRule rule is successfully validated
2020-07-24 03:08:11,402 [RatisPipelineUtilsThread] INFO  pipeline.RatisPipelineProvider (RatisPipelineProvider.java:lambda$create$0(138)) - Sending CreatePipelineCommand for pipeline:PipelineID=ac6a87b7-7498-425e-883d-221d6be8f61d to datanode:54c6cd85-2842-44da-844c-41bdb0d83551
2020-07-24 03:08:11,403 [RatisPipelineUtilsThread] INFO  pipeline.PipelineStateManager (PipelineStateManager.java:addPipeline(54)) - Created pipeline Pipeline[ Id: ac6a87b7-7498-425e-883d-221d6be8f61d, Nodes: 54c6cd85-2842-44da-844c-41bdb0d83551{ip: 172.17.0.2, host: bae25e63820f, networkLocation: /default-rack, certSerialId: null}, Type:RATIS, Factor:ONE, State:ALLOCATED, leaderId:, CreationTimestamp2020-07-24T03:08:11.402Z]
2020-07-24 03:08:11,404 [RatisPipelineUtilsThread] ERROR pipeline.SCMPipelineManager (SCMPipelineManager.java:createPipeline(275)) - Failed to create pipeline of type RATIS and factor ONE. Exception: Cannot create pipeline of factor 1 using 0 nodes. Used 5 nodes. Healthy nodes 5
2020-07-24 03:08:11,404 [RatisPipelineUtilsThread] ERROR pipeline.SCMPipelineManager (SCMPipelineManager.java:createPipeline(275)) - Failed to create pipeline of type RATIS and factor THREE. Exception: Pipeline creation failed because nodes are engaged in other pipelines and every node can only be engaged in max 2 pipelines. Required 3. Found 2
2020-07-24 03:08:11,530 [IPC Server handler 8 on default port 43779] INFO  net.NetworkTopology (NetworkTopologyImpl.java:add(111)) - Added a new node: /default-rack/ec8340d6-a662-4952-84a8-2c663fc0262a
2020-07-24 03:08:11,530 [IPC Server handler 8 on default port 43779] INFO  node.SCMNodeManager (SCMNodeManager.java:register(273)) - Registered Data node : ec8340d6-a662-4952-84a8-2c663fc0262a{ip: 172.17.0.2, host: bae25e63820f, networkLocation: /default-rack, certSerialId: null}
2020-07-24 03:08:11,530 [EventQueue-NodeRegistrationContainerReportForDataNodeSafeModeRule] INFO  safemode.SCMSafeModeManager (SCMSafeModeManager.java:validateSafeModeExitRules(214)) - DataNodeSafeModeRule rule is successfully validated
2020-07-24 03:08:11,530 [EventQueue-NodeRegistrationContainerReportForContainerSafeModeRule] INFO  safemode.SCMSafeModeManager (SCMSafeModeManager.java:validateSafeModeExitRules(214)) - ContainerSafeModeRule rule is successfully validated
2020-07-24 03:08:11,531 [RatisPipelineUtilsThread] INFO  pipeline.RatisPipelineProvider (RatisPipelineProvider.java:lambda$create$0(138)) - Sending CreatePipelineCommand for pipeline:PipelineID=8c765e7d-8986-4b10-a50d-091f715731e0 to datanode:ec8340d6-a662-4952-84a8-2c663fc0262a
2020-07-24 03:08:11,531 [RatisPipelineUtilsThread] INFO  pipeline.PipelineStateManager (PipelineStateManager.java:addPipeline(54)) - Created pipeline Pipeline[ Id: 8c765e7d-8986-4b10-a50d-091f715731e0, Nodes: ec8340d6-a662-4952-84a8-2c663fc0262a{ip: 172.17.0.2, host: bae25e63820f, networkLocation: /default-rack, certSerialId: null}, Type:RATIS, Factor:ONE, State:ALLOCATED, leaderId:, CreationTimestamp2020-07-24T03:08:11.531Z]
2020-07-24 03:08:11,532 [RatisPipelineUtilsThread] ERROR pipeline.SCMPipelineManager (SCMPipelineManager.java:createPipeline(275)) - Failed to create pipeline of type RATIS and factor ONE. Exception: Cannot create pipeline of factor 1 using 0 nodes. Used 6 nodes. Healthy nodes 6
2020-07-24 03:08:11,532 [RatisPipelineUtilsThread] INFO  pipeline.RatisPipelineProvider (RatisPipelineProvider.java:lambda$create$0(138)) - Sending CreatePipelineCommand for pipeline:PipelineID=7764634a-aeed-42a8-868f-c6d6cff30bed to datanode:ec8340d6-a662-4952-84a8-2c663fc0262a
2020-07-24 03:08:11,532 [RatisPipelineUtilsThread] INFO  pipeline.RatisPipelineProvider (RatisPipelineProvider.java:lambda$create$0(138)) - Sending CreatePipelineCommand for pipeline:PipelineID=7764634a-aeed-42a8-868f-c6d6cff30bed to datanode:54c6cd85-2842-44da-844c-41bdb0d83551
2020-07-24 03:08:11,532 [RatisPipelineUtilsThread] INFO  pipeline.RatisPipelineProvider (RatisPipelineProvider.java:lambda$create$0(138)) - Sending CreatePipelineCommand for pipeline:PipelineID=7764634a-aeed-42a8-868f-c6d6cff30bed to datanode:ef05ffb5-aa81-4044-bbcc-ef5ea51c2a16
2020-07-24 03:08:11,533 [RatisPipelineUtilsThread] INFO  pipeline.PipelineStateManager (PipelineStateManager.java:addPipeline(54)) - Created pipeline Pipeline[ Id: 7764634a-aeed-42a8-868f-c6d6cff30bed, Nodes: ec8340d6-a662-4952-84a8-2c663fc0262a{ip: 172.17.0.2, host: bae25e63820f, networkLocation: /default-rack, certSerialId: null}54c6cd85-2842-44da-844c-41bdb0d83551{ip: 172.17.0.2, host: bae25e63820f, networkLocation: /default-rack, certSerialId: null}ef05ffb5-aa81-4044-bbcc-ef5ea51c2a16{ip: 172.17.0.2, host: bae25e63820f, networkLocation: /default-rack, certSerialId: null}, Type:RATIS, Factor:THREE, State:ALLOCATED, leaderId:, CreationTimestamp2020-07-24T03:08:11.532Z]
2020-07-24 03:08:11,533 [RatisPipelineUtilsThread] ERROR pipeline.SCMPipelineManager (SCMPipelineManager.java:createPipeline(275)) - Failed to create pipeline of type RATIS and factor THREE. Exception: Pipeline creation failed because nodes are engaged in other pipelines and every node can only be engaged in max 2 pipelines. Required 3. Found 0
2020-07-24 03:08:11,650 [IPC Server handler 0 on default port 43779] INFO  net.NetworkTopology (NetworkTopologyImpl.java:add(111)) - Added a new node: /default-rack/78194aa3-cea5-45a1-a381-8dfca4cfa351
2020-07-24 03:08:11,652 [IPC Server handler 0 on default port 43779] INFO  node.SCMNodeManager (SCMNodeManager.java:register(273)) - Registered Data node : 78194aa3-cea5-45a1-a381-8dfca4cfa351{ip: 172.17.0.2, host: bae25e63820f, networkLocation: /default-rack, certSerialId: null}
2020-07-24 03:08:11,652 [EventQueue-NodeRegistrationContainerReportForContainerSafeModeRule] INFO  safemode.SCMSafeModeManager (SCMSafeModeManager.java:validateSafeModeExitRules(214)) - ContainerSafeModeRule rule is successfully validated
2020-07-24 03:08:11,652 [EventQueue-NodeRegistrationContainerReportForDataNodeSafeModeRule] INFO  safemode.SCMSafeModeManager (SCMSafeModeManager.java:validateSafeModeExitRules(214)) - DataNodeSafeModeRule rule is successfully validated
2020-07-24 03:08:11,654 [RatisPipelineUtilsThread] INFO  pipeline.RatisPipelineProvider (RatisPipelineProvider.java:lambda$create$0(138)) - Sending CreatePipelineCommand for pipeline:PipelineID=5aa0f111-00ae-40ab-9c01-cd592a7cc492 to datanode:78194aa3-cea5-45a1-a381-8dfca4cfa351
2020-07-24 03:08:11,655 [RatisPipelineUtilsThread] INFO  pipeline.PipelineStateManager (PipelineStateManager.java:addPipeline(54)) - Created pipeline Pipeline[ Id: 5aa0f111-00ae-40ab-9c01-cd592a7cc492, Nodes: 78194aa3-cea5-45a1-a381-8dfca4cfa351{ip: 172.17.0.2, host: bae25e63820f, networkLocation: /default-rack, certSerialId: null}, Type:RATIS, Factor:ONE, State:ALLOCATED, leaderId:, CreationTimestamp2020-07-24T03:08:11.654Z]
2020-07-24 03:08:11,657 [RatisPipelineUtilsThread] ERROR pipeline.SCMPipelineManager (SCMPipelineManager.java:createPipeline(275)) - Failed to create pipeline of type RATIS and factor ONE. Exception: Cannot create pipeline of factor 1 using 0 nodes. Used 7 nodes. Healthy nodes 7
2020-07-24 03:08:11,657 [RatisPipelineUtilsThread] ERROR pipeline.SCMPipelineManager (SCMPipelineManager.java:createPipeline(275)) - Failed to create pipeline of type RATIS and factor THREE. Exception: Pipeline creation failed because nodes are engaged in other pipelines and every node can only be engaged in max 2 pipelines. Required 3. Found 1
2020-07-24 03:08:11,776 [IPC Server handler 1 on default port 43779] INFO  net.NetworkTopology (NetworkTopologyImpl.java:add(111)) - Added a new node: /default-rack/b1effa6e-0839-4981-b888-c1f6d27077b4
2020-07-24 03:08:11,776 [IPC Server handler 1 on default port 43779] INFO  node.SCMNodeManager (SCMNodeManager.java:register(273)) - Registered Data node : b1effa6e-0839-4981-b888-c1f6d27077b4{ip: 172.17.0.2, host: bae25e63820f, networkLocation: /default-rack, certSerialId: null}
2020-07-24 03:08:11,777 [EventQueue-NodeRegistrationContainerReportForContainerSafeModeRule] INFO  safemode.SCMSafeModeManager (SCMSafeModeManager.java:validateSafeModeExitRules(214)) - ContainerSafeModeRule rule is successfully validated
2020-07-24 03:08:11,777 [EventQueue-NodeRegistrationContainerReportForDataNodeSafeModeRule] INFO  safemode.SCMSafeModeManager (SCMSafeModeManager.java:validateSafeModeExitRules(214)) - DataNodeSafeModeRule rule is successfully validated
2020-07-24 03:08:11,777 [RatisPipelineUtilsThread] INFO  pipeline.RatisPipelineProvider (RatisPipelineProvider.java:lambda$create$0(138)) - Sending CreatePipelineCommand for pipeline:PipelineID=d3c184c1-4afb-43d1-9f6d-21a941c38ab8 to datanode:b1effa6e-0839-4981-b888-c1f6d27077b4
2020-07-24 03:08:11,778 [RatisPipelineUtilsThread] INFO  pipeline.PipelineStateManager (PipelineStateManager.java:addPipeline(54)) - Created pipeline Pipeline[ Id: d3c184c1-4afb-43d1-9f6d-21a941c38ab8, Nodes: b1effa6e-0839-4981-b888-c1f6d27077b4{ip: 172.17.0.2, host: bae25e63820f, networkLocation: /default-rack, certSerialId: null}, Type:RATIS, Factor:ONE, State:ALLOCATED, leaderId:, CreationTimestamp2020-07-24T03:08:11.777Z]
2020-07-24 03:08:11,778 [RatisPipelineUtilsThread] ERROR pipeline.SCMPipelineManager (SCMPipelineManager.java:createPipeline(275)) - Failed to create pipeline of type RATIS and factor ONE. Exception: Cannot create pipeline of factor 1 using 0 nodes. Used 8 nodes. Healthy nodes 8
2020-07-24 03:08:11,778 [RatisPipelineUtilsThread] ERROR pipeline.SCMPipelineManager (SCMPipelineManager.java:createPipeline(275)) - Failed to create pipeline of type RATIS and factor THREE. Exception: Pipeline creation failed because nodes are engaged in other pipelines and every node can only be engaged in max 2 pipelines. Required 3. Found 2
2020-07-24 03:08:11,896 [Listener at 127.0.0.1/43665] INFO  ozone.MiniOzoneClusterImpl (MiniOzoneClusterImpl.java:lambda$waitForClusterToBeReady$0(177)) - Waiting for nodes to be ready. Got 8 of 9 DN Heartbeats.
2020-07-24 03:08:11,897 [Listener at 127.0.0.1/43665] INFO  ozone.MiniOzoneClusterImpl (MiniOzoneClusterImpl.java:lambda$waitForClusterToBeReady$0(180)) - Waiting for cluster to exit safe mode
2020-07-24 03:08:11,906 [IPC Server handler 2 on default port 43779] INFO  net.NetworkTopology (NetworkTopologyImpl.java:add(111)) - Added a new node: /default-rack/e388aaab-0923-4db4-bf46-c81346b36393
2020-07-24 03:08:11,906 [IPC Server handler 2 on default port 43779] INFO  node.SCMNodeManager (SCMNodeManager.java:register(273)) - Registered Data node : e388aaab-0923-4db4-bf46-c81346b36393{ip: 172.17.0.2, host: bae25e63820f, networkLocation: /default-rack, certSerialId: null}
2020-07-24 03:08:11,907 [EventQueue-NodeRegistrationContainerReportForContainerSafeModeRule] INFO  safemode.SCMSafeModeManager (SCMSafeModeManager.java:validateSafeModeExitRules(214)) - ContainerSafeModeRule rule is successfully validated
2020-07-24 03:08:11,907 [EventQueue-NodeRegistrationContainerReportForDataNodeSafeModeRule] INFO  safemode.SCMSafeModeManager (SCMSafeModeManager.java:validateSafeModeExitRules(214)) - DataNodeSafeModeRule rule is successfully validated
2020-07-24 03:08:11,908 [RatisPipelineUtilsThread] INFO  pipeline.RatisPipelineProvider (RatisPipelineProvider.java:lambda$create$0(138)) - Sending CreatePipelineCommand for pipeline:PipelineID=9509ddc4-05de-4fca-bcf5-2d41bfe0476d to datanode:e388aaab-0923-4db4-bf46-c81346b36393
2020-07-24 03:08:11,909 [RatisPipelineUtilsThread] INFO  pipeline.PipelineStateManager (PipelineStateManager.java:addPipeline(54)) - Created pipeline Pipeline[ Id: 9509ddc4-05de-4fca-bcf5-2d41bfe0476d, Nodes: e388aaab-0923-4db4-bf46-c81346b36393{ip: 172.17.0.2, host: bae25e63820f, networkLocation: /default-rack, certSerialId: null}, Type:RATIS, Factor:ONE, State:ALLOCATED, leaderId:, CreationTimestamp2020-07-24T03:08:11.908Z]
2020-07-24 03:08:11,909 [RatisPipelineUtilsThread] ERROR pipeline.SCMPipelineManager (SCMPipelineManager.java:createPipeline(275)) - Failed to create pipeline of type RATIS and factor ONE. Exception: Cannot create pipeline of factor 1 using 0 nodes. Used 9 nodes. Healthy nodes 9
2020-07-24 03:08:11,909 [RatisPipelineUtilsThread] INFO  pipeline.RatisPipelineProvider (RatisPipelineProvider.java:lambda$create$0(138)) - Sending CreatePipelineCommand for pipeline:PipelineID=c9fa7889-39c9-47ca-9258-991dc916b611 to datanode:e388aaab-0923-4db4-bf46-c81346b36393
2020-07-24 03:08:11,909 [RatisPipelineUtilsThread] INFO  pipeline.RatisPipelineProvider (RatisPipelineProvider.java:lambda$create$0(138)) - Sending CreatePipelineCommand for pipeline:PipelineID=c9fa7889-39c9-47ca-9258-991dc916b611 to datanode:b1effa6e-0839-4981-b888-c1f6d27077b4
2020-07-24 03:08:11,909 [RatisPipelineUtilsThread] INFO  pipeline.RatisPipelineProvider (RatisPipelineProvider.java:lambda$create$0(138)) - Sending CreatePipelineCommand for pipeline:PipelineID=c9fa7889-39c9-47ca-9258-991dc916b611 to datanode:78194aa3-cea5-45a1-a381-8dfca4cfa351
2020-07-24 03:08:11,910 [RatisPipelineUtilsThread] INFO  pipeline.PipelineStateManager (PipelineStateManager.java:addPipeline(54)) - Created pipeline Pipeline[ Id: c9fa7889-39c9-47ca-9258-991dc916b611, Nodes: e388aaab-0923-4db4-bf46-c81346b36393{ip: 172.17.0.2, host: bae25e63820f, networkLocation: /default-rack, certSerialId: null}b1effa6e-0839-4981-b888-c1f6d27077b4{ip: 172.17.0.2, host: bae25e63820f, networkLocation: /default-rack, certSerialId: null}78194aa3-cea5-45a1-a381-8dfca4cfa351{ip: 172.17.0.2, host: bae25e63820f, networkLocation: /default-rack, certSerialId: null}, Type:RATIS, Factor:THREE, State:ALLOCATED, leaderId:, CreationTimestamp2020-07-24T03:08:11.909Z]
2020-07-24 03:08:11,910 [RatisPipelineUtilsThread] ERROR pipeline.SCMPipelineManager (SCMPipelineManager.java:createPipeline(275)) - Failed to create pipeline of type RATIS and factor THREE. Exception: Pipeline creation failed because nodes are engaged in other pipelines and every node can only be engaged in max 2 pipelines. Required 3. Found 0
2020-07-24 03:08:12,897 [Listener at 127.0.0.1/43665] INFO  ozone.MiniOzoneClusterImpl (MiniOzoneClusterImpl.java:lambda$waitForClusterToBeReady$0(177)) - Nodes are ready. Got 9 of 9 DN Heartbeats.
2020-07-24 03:08:12,898 [Listener at 127.0.0.1/43665] INFO  ozone.MiniOzoneClusterImpl (MiniOzoneClusterImpl.java:lambda$waitForClusterToBeReady$0(180)) - Waiting for cluster to exit safe mode
2020-07-24 03:08:13,899 [Listener at 127.0.0.1/43665] INFO  ozone.MiniOzoneClusterImpl (MiniOzoneClusterImpl.java:lambda$waitForClusterToBeReady$0(177)) - Nodes are ready. Got 9 of 9 DN Heartbeats.
2020-07-24 03:08:13,899 [Listener at 127.0.0.1/43665] INFO  ozone.MiniOzoneClusterImpl (MiniOzoneClusterImpl.java:lambda$waitForClusterToBeReady$0(180)) - Waiting for cluster to exit safe mode
2020-07-24 03:08:13,919 [Command processor thread] INFO  impl.RaftServerProxy (RaftServerProxy.java:addNew(89)) - 92be74e1-a445-481a-9270-f78b33ea1757: addNew group-C469B0346FDE:[92be74e1-a445-481a-9270-f78b33ea1757:172.17.0.2:42635] returns group-C469B0346FDE:java.util.concurrent.CompletableFuture@5ba8e548[Not completed]
2020-07-24 03:08:13,920 [pool-347-thread-1] INFO  impl.RaftServerImpl (RaftServerImpl.java:<init>(107)) - 92be74e1-a445-481a-9270-f78b33ea1757: new RaftServerImpl for group-C469B0346FDE:[92be74e1-a445-481a-9270-f78b33ea1757:172.17.0.2:42635] with ContainerStateMachine:uninitialized
2020-07-24 03:08:13,920 [pool-347-thread-1] INFO  server.RaftServerConfigKeys (ConfUtils.java:logGet(44)) - raft.server.rpc.timeout.min = 5s (custom)
2020-07-24 03:08:13,920 [pool-347-thread-1] INFO  server.RaftServerConfigKeys (ConfUtils.java:logGet(44)) - raft.server.rpc.timeout.max = 5200ms (custom)
2020-07-24 03:08:13,921 [pool-347-thread-1] INFO  server.RaftServerConfigKeys (ConfUtils.java:logGet(44)) - raft.server.rpcslowness.timeout = 300000ms (custom)
2020-07-24 03:08:13,921 [pool-347-thread-1] INFO  server.RaftServerConfigKeys (ConfUtils.java:logGet(44)) - raft.server.sleep.deviation.threshold = 300 (default)
2020-07-24 03:08:13,921 [pool-347-thread-1] INFO  server.RaftServerConfigKeys (ConfUtils.java:logGet(44)) - raft.server.log.appender.install.snapshot.enabled = false (custom)
2020-07-24 03:08:13,921 [pool-347-thread-1] INFO  impl.RaftServerImpl (ServerState.java:<init>(103)) - 92be74e1-a445-481a-9270-f78b33ea1757@group-C469B0346FDE: ConfigurationManager, init=-1: [92be74e1-a445-481a-9270-f78b33ea1757:172.17.0.2:42635], old=null, confs=<EMPTY_MAP>
2020-07-24 03:08:13,921 [pool-347-thread-1] INFO  server.RaftServerConfigKeys (ConfUtils.java:logGet(44)) - raft.server.storage.dir = [/github/workspace/mnt/ozone/hadoop-ozone/integration-test/target/test-dir/MiniOzoneClusterImpl-7a66fb8e-ad0e-46df-b237-2ffa69f4ef17/datanode-0/data/ratis] (custom)
2020-07-24 03:08:13,921 [pool-347-thread-1] INFO  server.RaftServerConfigKeys (ConfUtils.java:logGet(44)) - raft.server.log.corruption.policy = EXCEPTION (default)
2020-07-24 03:08:13,921 [pool-347-thread-1] INFO  storage.RaftStorageDirectory (RaftStorageDirectory.java:analyzeStorage(261)) - The storage directory /github/workspace/mnt/ozone/hadoop-ozone/integration-test/target/test-dir/MiniOzoneClusterImpl-7a66fb8e-ad0e-46df-b237-2ffa69f4ef17/datanode-0/data/ratis/3e2fad72-a384-4242-bee9-c469b0346fde does not exist. Creating ...
2020-07-24 03:08:13,922 [pool-347-thread-1] INFO  storage.RaftStorageDirectory (RaftStorageDirectory.java:tryLock(343)) - Lock on /github/workspace/mnt/ozone/hadoop-ozone/integration-test/target/test-dir/MiniOzoneClusterImpl-7a66fb8e-ad0e-46df-b237-2ffa69f4ef17/datanode-0/data/ratis/3e2fad72-a384-4242-bee9-c469b0346fde/in_use.lock acquired by nodename 27121@bae25e63820f
2020-07-24 03:08:13,923 [pool-347-thread-1] INFO  storage.RaftStorage (RaftStorage.java:format(84)) - Storage directory /github/workspace/mnt/ozone/hadoop-ozone/integration-test/target/test-dir/MiniOzoneClusterImpl-7a66fb8e-ad0e-46df-b237-2ffa69f4ef17/datanode-0/data/ratis/3e2fad72-a384-4242-bee9-c469b0346fde has been successfully formatted.
2020-07-24 03:08:13,924 [pool-347-thread-1] INFO  ratis.ContainerStateMachine (ContainerStateMachine.java:loadSnapshot(225)) - group-C469B0346FDE: The snapshot info is null. Setting the last applied indexto:(t:0, i:~)
2020-07-24 03:08:13,924 [pool-347-thread-1] INFO  server.RaftServerConfigKeys (ConfUtils.java:logGet(44)) - raft.server.notification.no-leader.timeout = 300000ms (custom)
2020-07-24 03:08:13,924 [pool-347-thread-1] INFO  server.RaftServerConfigKeys (ConfUtils.java:logGet(44)) - raft.server.log.use.memory = false (default)
2020-07-24 03:08:13,924 [pool-347-thread-1] INFO  server.RaftServerConfigKeys (ConfUtils.java:logGet(44)) - raft.server.log.purge.gap = 1000000 (custom)
2020-07-24 03:08:13,924 [pool-347-thread-1] INFO  metrics.RatisMetrics (RatisMetrics.java:lambda$create$0(36)) - Creating Metrics Registry : ratis.log_worker.92be74e1-a445-481a-9270-f78b33ea1757@group-C469B0346FDE
2020-07-24 03:08:13,924 [EventQueue-PipelineReportForPipelineReportHandler] INFO  pipeline.PipelineStateManager (PipelineStateManager.java:openPipeline(131)) - Pipeline Pipeline[ Id: 3e2fad72-a384-4242-bee9-c469b0346fde, Nodes: 92be74e1-a445-481a-9270-f78b33ea1757{ip: 172.17.0.2, host: bae25e63820f, networkLocation: /default-rack, certSerialId: null}, Type:RATIS, Factor:ONE, State:ALLOCATED, leaderId:92be74e1-a445-481a-9270-f78b33ea1757, CreationTimestamp2020-07-24T03:08:10.921Z] moved to OPEN state
2020-07-24 03:08:13,924 [pool-347-thread-1] INFO  server.RaftServerConfigKeys (ConfUtils.java:logGet(44)) - raft.server.log.appender.buffer.byte-limit = 33554432 (custom)
2020-07-24 03:08:13,925 [pool-347-thread-1] INFO  server.RaftServerConfigKeys (ConfUtils.java:logGet(44)) - raft.server.log.segment.size.max = 1048576 (custom)
2020-07-24 03:08:13,925 [EventQueue-OpenPipelineForHealthyPipelineSafeModeRule] INFO  safemode.SCMSafeModeManager (HealthyPipelineSafeModeRule.java:process(129)) - SCM in safe mode. Healthy pipelines reported count is 0, required healthy pipeline reported count is 1
2020-07-24 03:08:13,926 [pool-347-thread-1] INFO  server.RaftServerConfigKeys (ConfUtils.java:logGet(44)) - raft.server.log.segment.cache.num.max = 2 (custom)
2020-07-24 03:08:13,926 [pool-347-thread-1] INFO  segmented.SegmentedRaftLogWorker (SegmentedRaftLogWorker.java:<init>(180)) - new 92be74e1-a445-481a-9270-f78b33ea1757@group-C469B0346FDE-SegmentedRaftLogWorker for RaftStorage:Storage Directory /github/workspace/mnt/ozone/hadoop-ozone/integration-test/target/test-dir/MiniOzoneClusterImpl-7a66fb8e-ad0e-46df-b237-2ffa69f4ef17/datanode-0/data/ratis/3e2fad72-a384-4242-bee9-c469b0346fde
2020-07-24 03:08:13,926 [pool-347-thread-1] INFO  server.RaftServerConfigKeys (ConfUtils.java:logGet(44)) - raft.server.log.queue.byte-limit = 2147483647 (custom)
2020-07-24 03:08:13,926 [pool-347-thread-1] INFO  server.RaftServerConfigKeys (ConfUtils.java:logGet(44)) - raft.server.log.queue.element-limit = 1024 (custom)
2020-07-24 03:08:13,926 [pool-347-thread-1] INFO  server.RaftServerConfigKeys (ConfUtils.java:logGet(44)) - raft.server.log.segment.size.max = 1048576 (custom)
2020-07-24 03:08:13,926 [pool-347-thread-1] INFO  server.RaftServerConfigKeys (ConfUtils.java:logGet(44)) - raft.server.log.preallocated.size = 16384 (custom)
2020-07-24 03:08:13,926 [pool-347-thread-1] INFO  server.RaftServerConfigKeys (ConfUtils.java:logGet(44)) - raft.server.log.write.buffer.size = 1048576 (custom)
2020-07-24 03:08:13,926 [pool-347-thread-1] INFO  server.RaftServerConfigKeys (ConfUtils.java:logGet(44)) - raft.server.log.force.sync.num = 128 (default)
2020-07-24 03:08:13,926 [pool-347-thread-1] INFO  server.RaftServerConfigKeys (ConfUtils.java:logGet(44)) - raft.server.log.statemachine.data.sync = true (default)
2020-07-24 03:08:13,926 [pool-347-thread-1] INFO  server.RaftServerConfigKeys (ConfUtils.java:logGet(44)) - raft.server.log.statemachine.data.sync.timeout = 10s (default)
2020-07-24 03:08:13,926 [pool-347-thread-1] INFO  server.RaftServerConfigKeys (ConfUtils.java:logGet(44)) - raft.server.log.statemachine.data.sync.timeout.retry = -1 (default)
2020-07-24 03:08:13,926 [EventQueue-OpenPipelineForOneReplicaPipelineSafeModeRule] INFO  safemode.SCMSafeModeManager (SCMSafeModeManager.java:validateSafeModeExitRules(214)) - AtleastOneDatanodeReportedRule rule is successfully validated
2020-07-24 03:08:13,930 [pool-347-thread-1] INFO  server.RaftServerConfigKeys (ConfUtils.java:logGet(44)) - raft.server.log.statemachine.data.caching.enabled = true (custom)
2020-07-24 03:08:13,930 [pool-347-thread-1] INFO  segmented.SegmentedRaftLogWorker (SegmentedRaftLogWorker.java:lambda$new$0(129)) - 92be74e1-a445-481a-9270-f78b33ea1757@group-C469B0346FDE-SegmentedRaftLogWorker: flushIndex: setUnconditionally 0 -> -1
2020-07-24 03:08:13,930 [pool-347-thread-1] INFO  segmented.SegmentedRaftLogWorker (SegmentedRaftLogWorker.java:lambda$new$0(129)) - 92be74e1-a445-481a-9270-f78b33ea1757@group-C469B0346FDE-SegmentedRaftLogWorker: safeCacheEvictIndex: setUnconditionally 0 -> -1
2020-07-24 03:08:13,931 [pool-347-thread-1] INFO  server.RaftServerConfigKeys (ConfUtils.java:logGet(44)) - raft.server.snapshot.auto.trigger.enabled = true (custom)
2020-07-24 03:08:13,931 [pool-347-thread-1] INFO  server.RaftServerConfigKeys (ConfUtils.java:logGet(44)) - raft.server.snapshot.auto.trigger.threshold = 10000 (custom)
2020-07-24 03:08:13,931 [pool-347-thread-1] INFO  server.RaftServerConfigKeys (ConfUtils.java:logGet(44)) - raft.server.snapshot.retention.file.num = 5 (custom)
2020-07-24 03:08:13,931 [pool-347-thread-1] INFO  server.RaftServerConfigKeys (ConfUtils.java:logGet(44)) - raft.server.log.purge.upto.snapshot.index = false (default)
2020-07-24 03:08:13,931 [pool-347-thread-1] INFO  server.RaftServerConfigKeys (ConfUtils.java:logGet(44)) - raft.server.retrycache.expirytime = 600000ms (custom)
2020-07-24 03:08:13,931 [pool-347-thread-1] INFO  metrics.RatisMetrics (RatisMetrics.java:lambda$create$0(36)) - Creating Metrics Registry : ratis.leader_election.92be74e1-a445-481a-9270-f78b33ea1757@group-C469B0346FDE
2020-07-24 03:08:13,931 [pool-347-thread-1] INFO  metrics.RatisMetrics (RatisMetrics.java:lambda$create$0(36)) - Creating Metrics Registry : ratis.server.92be74e1-a445-481a-9270-f78b33ea1757@group-C469B0346FDE
2020-07-24 03:08:13,932 [pool-347-thread-1] INFO  impl.RaftServerImpl (RaftServerImpl.java:start(196)) - 92be74e1-a445-481a-9270-f78b33ea1757@group-C469B0346FDE: start as a follower, conf=-1: [92be74e1-a445-481a-9270-f78b33ea1757:172.17.0.2:42635], old=null
2020-07-24 03:08:13,932 [pool-347-thread-1] INFO  impl.RaftServerImpl (RaftServerImpl.java:setRole(185)) - 92be74e1-a445-481a-9270-f78b33ea1757@group-C469B0346FDE: changes role from      null to FOLLOWER at term 0 for startAsFollower
2020-07-24 03:08:13,932 [pool-347-thread-1] INFO  impl.RoleInfo (RoleInfo.java:updateAndGet(143)) - 92be74e1-a445-481a-9270-f78b33ea1757: start FollowerState
2020-07-24 03:08:13,933 [pool-347-thread-1] INFO  util.JmxRegister (JmxRegister.java:tryRegister(44)) - Successfully registered JMX Bean with object name Ratis:service=RaftServer,group=group-C469B0346FDE,id=92be74e1-a445-481a-9270-f78b33ea1757
2020-07-24 03:08:13,933 [pool-347-thread-1] INFO  metrics.RatisMetrics (RatisMetrics.java:lambda$create$0(36)) - Creating Metrics Registry : ratis.state_machine.92be74e1-a445-481a-9270-f78b33ea1757@group-C469B0346FDE
2020-07-24 03:08:13,933 [Command processor thread] INFO  commandhandler.CreatePipelineCommandHandler (CreatePipelineCommandHandler.java:handle(109)) - Created Pipeline RATIS ONE #id: "3e2fad72-a384-4242-bee9-c469b0346fde"
uuid128 {
  mostSigBits: 4480990862138163778
  leastSigBits: -4690001578722824226
}
.
2020-07-24 03:08:13,934 [Command processor thread] INFO  impl.RaftServerProxy (RaftServerProxy.java:addNew(89)) - 92be74e1-a445-481a-9270-f78b33ea1757: addNew group-E75380DF8791:[92be74e1-a445-481a-9270-f78b33ea1757:172.17.0.2:42635, 0b6ef10e-2f36-4e94-b43e-5e4c71f7d9dd:172.17.0.2:36165, b2995f92-8b7c-4587-b52b-d4ed19f98a91:172.17.0.2:36971] returns group-E75380DF8791:java.util.concurrent.CompletableFuture@5f976ae5[Not completed]
2020-07-24 03:08:13,934 [pool-347-thread-1] INFO  impl.RaftServerImpl (RaftServerImpl.java:<init>(107)) - 92be74e1-a445-481a-9270-f78b33ea1757: new RaftServerImpl for group-E75380DF8791:[92be74e1-a445-481a-9270-f78b33ea1757:172.17.0.2:42635, 0b6ef10e-2f36-4e94-b43e-5e4c71f7d9dd:172.17.0.2:36165, b2995f92-8b7c-4587-b52b-d4ed19f98a91:172.17.0.2:36971] with ContainerStateMachine:uninitialized
2020-07-24 03:08:13,934 [pool-347-thread-1] INFO  server.RaftServerConfigKeys (ConfUtils.java:logGet(44)) - raft.server.rpc.timeout.min = 5s (custom)
2020-07-24 03:08:13,934 [pool-347-thread-1] INFO  server.RaftServerConfigKeys (ConfUtils.java:logGet(44)) - raft.server.rpc.timeout.max = 5200ms (custom)
2020-07-24 03:08:13,934 [pool-347-thread-1] INFO  server.RaftServerConfigKeys (ConfUtils.java:logGet(44)) - raft.server.rpcslowness.timeout = 300000ms (custom)
2020-07-24 03:08:13,934 [pool-347-thread-1] INFO  server.RaftServerConfigKeys (ConfUtils.java:logGet(44)) - raft.server.sleep.deviation.threshold = 300 (default)
2020-07-24 03:08:13,934 [pool-347-thread-1] INFO  server.RaftServerConfigKeys (ConfUtils.java:logGet(44)) - raft.server.log.appender.install.snapshot.enabled = false (custom)
2020-07-24 03:08:13,934 [pool-347-thread-1] INFO  impl.RaftServerImpl (ServerState.java:<init>(103)) - 92be74e1-a445-481a-9270-f78b33ea1757@group-E75380DF8791: ConfigurationManager, init=-1: [92be74e1-a445-481a-9270-f78b33ea1757:172.17.0.2:42635, 0b6ef10e-2f36-4e94-b43e-5e4c71f7d9dd:172.17.0.2:36165, b2995f92-8b7c-4587-b52b-d4ed19f98a91:172.17.0.2:36971], old=null, confs=<EMPTY_MAP>
2020-07-24 03:08:13,934 [pool-347-thread-1] INFO  server.RaftServerConfigKeys (ConfUtils.java:logGet(44)) - raft.server.storage.dir = [/github/workspace/mnt/ozone/hadoop-ozone/integration-test/target/test-dir/MiniOzoneClusterImpl-7a66fb8e-ad0e-46df-b237-2ffa69f4ef17/datanode-0/data/ratis] (custom)
2020-07-24 03:08:13,935 [pool-347-thread-1] INFO  server.RaftServerConfigKeys (ConfUtils.java:logGet(44)) - raft.server.log.corruption.policy = EXCEPTION (default)
2020-07-24 03:08:13,935 [pool-347-thread-1] INFO  storage.RaftStorageDirectory (RaftStorageDirectory.java:analyzeStorage(261)) - The storage directory /github/workspace/mnt/ozone/hadoop-ozone/integration-test/target/test-dir/MiniOzoneClusterImpl-7a66fb8e-ad0e-46df-b237-2ffa69f4ef17/datanode-0/data/ratis/1a39bb56-9396-4cbe-a978-e75380df8791 does not exist. Creating ...
2020-07-24 03:08:13,935 [pool-347-thread-1] INFO  storage.RaftStorageDirectory (RaftStorageDirectory.java:tryLock(343)) - Lock on /github/workspace/mnt/ozone/hadoop-ozone/integration-test/target/test-dir/MiniOzoneClusterImpl-7a66fb8e-ad0e-46df-b237-2ffa69f4ef17/datanode-0/data/ratis/1a39bb56-9396-4cbe-a978-e75380df8791/in_use.lock acquired by nodename 27121@bae25e63820f
2020-07-24 03:08:13,936 [pool-347-thread-1] INFO  storage.RaftStorage (RaftStorage.java:format(84)) - Storage directory /github/workspace/mnt/ozone/hadoop-ozone/integration-test/target/test-dir/MiniOzoneClusterImpl-7a66fb8e-ad0e-46df-b237-2ffa69f4ef17/datanode-0/data/ratis/1a39bb56-9396-4cbe-a978-e75380df8791 has been successfully formatted.
2020-07-24 03:08:13,936 [pool-347-thread-1] INFO  ratis.ContainerStateMachine (ContainerStateMachine.java:loadSnapshot(225)) - group-E75380DF8791: The snapshot info is null. Setting the last applied indexto:(t:0, i:~)
2020-07-24 03:08:13,936 [pool-347-thread-1] INFO  server.RaftServerConfigKeys (ConfUtils.java:logGet(44)) - raft.server.notification.no-leader.timeout = 300000ms (custom)
2020-07-24 03:08:13,936 [pool-347-thread-1] INFO  server.RaftServerConfigKeys (ConfUtils.java:logGet(44)) - raft.server.log.use.memory = false (default)
2020-07-24 03:08:13,937 [pool-347-thread-1] INFO  server.RaftServerConfigKeys (ConfUtils.java:logGet(44)) - raft.server.log.purge.gap = 1000000 (custom)
2020-07-24 03:08:13,937 [pool-347-thread-1] INFO  metrics.RatisMetrics (RatisMetrics.java:lambda$create$0(36)) - Creating Metrics Registry : ratis.log_worker.92be74e1-a445-481a-9270-f78b33ea1757@group-E75380DF8791
2020-07-24 03:08:13,937 [pool-347-thread-1] INFO  server.RaftServerConfigKeys (ConfUtils.java:logGet(44)) - raft.server.log.appender.buffer.byte-limit = 33554432 (custom)
2020-07-24 03:08:13,937 [pool-347-thread-1] INFO  server.RaftServerConfigKeys (ConfUtils.java:logGet(44)) - raft.server.log.segment.size.max = 1048576 (custom)
2020-07-24 03:08:13,937 [pool-347-thread-1] INFO  server.RaftServerConfigKeys (ConfUtils.java:logGet(44)) - raft.server.log.segment.cache.num.max = 2 (custom)
2020-07-24 03:08:13,937 [pool-347-thread-1] INFO  segmented.SegmentedRaftLogWorker (SegmentedRaftLogWorker.java:<init>(180)) - new 92be74e1-a445-481a-9270-f78b33ea1757@group-E75380DF8791-SegmentedRaftLogWorker for RaftStorage:Storage Directory /github/workspace/mnt/ozone/hadoop-ozone/integration-test/target/test-dir/MiniOzoneClusterImpl-7a66fb8e-ad0e-46df-b237-2ffa69f4ef17/datanode-0/data/ratis/1a39bb56-9396-4cbe-a978-e75380df8791
2020-07-24 03:08:13,937 [pool-347-thread-1] INFO  server.RaftServerConfigKeys (ConfUtils.java:logGet(44)) - raft.server.log.queue.byte-limit = 2147483647 (custom)
2020-07-24 03:08:13,937 [pool-347-thread-1] INFO  server.RaftServerConfigKeys (ConfUtils.java:logGet(44)) - raft.server.log.queue.element-limit = 1024 (custom)
2020-07-24 03:08:13,937 [pool-347-thread-1] INFO  server.RaftServerConfigKeys (ConfUtils.java:logGet(44)) - raft.server.log.segment.size.max = 1048576 (custom)
2020-07-24 03:08:13,937 [pool-347-thread-1] INFO  server.RaftServerConfigKeys (ConfUtils.java:logGet(44)) - raft.server.log.preallocated.size = 16384 (custom)
2020-07-24 03:08:13,938 [pool-347-thread-1] INFO  server.RaftServerConfigKeys (ConfUtils.java:logGet(44)) - raft.server.log.write.buffer.size = 1048576 (custom)
2020-07-24 03:08:13,938 [pool-347-thread-1] INFO  server.RaftServerConfigKeys (ConfUtils.java:logGet(44)) - raft.server.log.force.sync.num = 128 (default)
2020-07-24 03:08:13,938 [pool-347-thread-1] INFO  server.RaftServerConfigKeys (ConfUtils.java:logGet(44)) - raft.server.log.statemachine.data.sync = true (default)
2020-07-24 03:08:13,938 [pool-347-thread-1] INFO  server.RaftServerConfigKeys (ConfUtils.java:logGet(44)) - raft.server.log.statemachine.data.sync.timeout = 10s (default)
2020-07-24 03:08:13,938 [pool-347-thread-1] INFO  server.RaftServerConfigKeys (ConfUtils.java:logGet(44)) - raft.server.log.statemachine.data.sync.timeout.retry = -1 (default)
2020-07-24 03:08:13,941 [pool-347-thread-1] INFO  server.RaftServerConfigKeys (ConfUtils.java:logGet(44)) - raft.server.log.statemachine.data.caching.enabled = true (custom)
2020-07-24 03:08:13,941 [pool-347-thread-1] INFO  segmented.SegmentedRaftLogWorker (SegmentedRaftLogWorker.java:lambda$new$0(129)) - 92be74e1-a445-481a-9270-f78b33ea1757@group-E75380DF8791-SegmentedRaftLogWorker: flushIndex: setUnconditionally 0 -> -1
2020-07-24 03:08:13,942 [pool-347-thread-1] INFO  segmented.SegmentedRaftLogWorker (SegmentedRaftLogWorker.java:lambda$new$0(129)) - 92be74e1-a445-481a-9270-f78b33ea1757@group-E75380DF8791-SegmentedRaftLogWorker: safeCacheEvictIndex: setUnconditionally 0 -> -1
2020-07-24 03:08:13,945 [pool-347-thread-1] INFO  server.RaftServerConfigKeys (ConfUtils.java:logGet(44)) - raft.server.snapshot.auto.trigger.enabled = true (custom)
2020-07-24 03:08:13,945 [pool-347-thread-1] INFO  server.RaftServerConfigKeys (ConfUtils.java:logGet(44)) - raft.server.snapshot.auto.trigger.threshold = 10000 (custom)
2020-07-24 03:08:13,945 [pool-347-thread-1] INFO  server.RaftServerConfigKeys (ConfUtils.java:logGet(44)) - raft.server.snapshot.retention.file.num = 5 (custom)
2020-07-24 03:08:13,945 [pool-347-thread-1] INFO  server.RaftServerConfigKeys (ConfUtils.java:logGet(44)) - raft.server.log.purge.upto.snapshot.index = false (default)
2020-07-24 03:08:13,945 [pool-347-thread-1] INFO  server.RaftServerConfigKeys (ConfUtils.java:logGet(44)) - raft.server.retrycache.expirytime = 600000ms (custom)
2020-07-24 03:08:13,945 [pool-347-thread-1] INFO  metrics.RatisMetrics (RatisMetrics.java:lambda$create$0(36)) - Creating Metrics Registry : ratis.leader_election.92be74e1-a445-481a-9270-f78b33ea1757@group-E75380DF8791
2020-07-24 03:08:13,946 [pool-347-thread-1] INFO  metrics.RatisMetrics (RatisMetrics.java:lambda$create$0(36)) - Creating Metrics Registry : ratis.server.92be74e1-a445-481a-9270-f78b33ea1757@group-E75380DF8791
2020-07-24 03:08:13,946 [pool-347-thread-1] INFO  impl.RaftServerImpl (RaftServerImpl.java:start(196)) - 92be74e1-a445-481a-9270-f78b33ea1757@group-E75380DF8791: start as a follower, conf=-1: [92be74e1-a445-481a-9270-f78b33ea1757:172.17.0.2:42635, 0b6ef10e-2f36-4e94-b43e-5e4c71f7d9dd:172.17.0.2:36165, b2995f92-8b7c-4587-b52b-d4ed19f98a91:172.17.0.2:36971], old=null
2020-07-24 03:08:13,947 [pool-347-thread-1] INFO  impl.RaftServerImpl (RaftServerImpl.java:setRole(185)) - 92be74e1-a445-481a-9270-f78b33ea1757@group-E75380DF8791: changes role from      null to FOLLOWER at term 0 for startAsFollower
2020-07-24 03:08:13,947 [pool-347-thread-1] INFO  impl.RoleInfo (RoleInfo.java:updateAndGet(143)) - 92be74e1-a445-481a-9270-f78b33ea1757: start FollowerState
2020-07-24 03:08:13,949 [pool-347-thread-1] INFO  util.JmxRegister (JmxRegister.java:tryRegister(44)) - Successfully registered JMX Bean with object name Ratis:service=RaftServer,group=group-E75380DF8791,id=92be74e1-a445-481a-9270-f78b33ea1757
2020-07-24 03:08:13,949 [pool-347-thread-1] INFO  metrics.RatisMetrics (RatisMetrics.java:lambda$create$0(36)) - Creating Metrics Registry : ratis.state_machine.92be74e1-a445-481a-9270-f78b33ea1757@group-E75380DF8791
2020-07-24 03:08:13,957 [grpc-default-executor-3] INFO  impl.RaftServerProxy (RaftServerProxy.java:addNew(89)) - 0b6ef10e-2f36-4e94-b43e-5e4c71f7d9dd: addNew group-E75380DF8791:[92be74e1-a445-481a-9270-f78b33ea1757:172.17.0.2:42635, 0b6ef10e-2f36-4e94-b43e-5e4c71f7d9dd:172.17.0.2:36165, b2995f92-8b7c-4587-b52b-d4ed19f98a91:172.17.0.2:36971] returns group-E75380DF8791:java.util.concurrent.CompletableFuture@2a307911[Not completed]
2020-07-24 03:08:13,961 [pool-377-thread-1] INFO  impl.RaftServerImpl (RaftServerImpl.java:<init>(107)) - 0b6ef10e-2f36-4e94-b43e-5e4c71f7d9dd: new RaftServerImpl for group-E75380DF8791:[92be74e1-a445-481a-9270-f78b33ea1757:172.17.0.2:42635, 0b6ef10e-2f36-4e94-b43e-5e4c71f7d9dd:172.17.0.2:36165, b2995f92-8b7c-4587-b52b-d4ed19f98a91:172.17.0.2:36971] with ContainerStateMachine:uninitialized
2020-07-24 03:08:13,961 [pool-377-thread-1] INFO  server.RaftServerConfigKeys (ConfUtils.java:logGet(44)) - raft.server.rpc.timeout.min = 5s (custom)
2020-07-24 03:08:13,961 [pool-377-thread-1] INFO  server.RaftServerConfigKeys (ConfUtils.java:logGet(44)) - raft.server.rpc.timeout.max = 5200ms (custom)
2020-07-24 03:08:13,961 [pool-377-thread-1] INFO  server.RaftServerConfigKeys (ConfUtils.java:logGet(44)) - raft.server.rpcslowness.timeout = 300000ms (custom)
2020-07-24 03:08:13,961 [pool-377-thread-1] INFO  server.RaftServerConfigKeys (ConfUtils.java:logGet(44)) - raft.server.sleep.deviation.threshold = 300 (default)
2020-07-24 03:08:13,961 [pool-377-thread-1] INFO  server.RaftServerConfigKeys (ConfUtils.java:logGet(44)) - raft.server.log.appender.install.snapshot.enabled = false (custom)
2020-07-24 03:08:13,962 [pool-377-thread-1] INFO  impl.RaftServerImpl (ServerState.java:<init>(103)) - 0b6ef10e-2f36-4e94-b43e-5e4c71f7d9dd@group-E75380DF8791: ConfigurationManager, init=-1: [92be74e1-a445-481a-9270-f78b33ea1757:172.17.0.2:42635, 0b6ef10e-2f36-4e94-b43e-5e4c71f7d9dd:172.17.0.2:36165, b2995f92-8b7c-4587-b52b-d4ed19f98a91:172.17.0.2:36971], old=null, confs=<EMPTY_MAP>
2020-07-24 03:08:13,962 [pool-377-thread-1] INFO  server.RaftServerConfigKeys (ConfUtils.java:logGet(44)) - raft.server.storage.dir = [/github/workspace/mnt/ozone/hadoop-ozone/integration-test/target/test-dir/MiniOzoneClusterImpl-7a66fb8e-ad0e-46df-b237-2ffa69f4ef17/datanode-2/data/ratis] (custom)
2020-07-24 03:08:13,962 [pool-377-thread-1] INFO  server.RaftServerConfigKeys (ConfUtils.java:logGet(44)) - raft.server.log.corruption.policy = EXCEPTION (default)
2020-07-24 03:08:13,962 [pool-377-thread-1] INFO  storage.RaftStorageDirectory (RaftStorageDirectory.java:analyzeStorage(261)) - The storage directory /github/workspace/mnt/ozone/hadoop-ozone/integration-test/target/test-dir/MiniOzoneClusterImpl-7a66fb8e-ad0e-46df-b237-2ffa69f4ef17/datanode-2/data/ratis/1a39bb56-9396-4cbe-a978-e75380df8791 does not exist. Creating ...
2020-07-24 03:08:13,963 [pool-377-thread-1] INFO  storage.RaftStorageDirectory (RaftStorageDirectory.java:tryLock(343)) - Lock on /github/workspace/mnt/ozone/hadoop-ozone/integration-test/target/test-dir/MiniOzoneClusterImpl-7a66fb8e-ad0e-46df-b237-2ffa69f4ef17/datanode-2/data/ratis/1a39bb56-9396-4cbe-a978-e75380df8791/in_use.lock acquired by nodename 27121@bae25e63820f
2020-07-24 03:08:13,964 [pool-377-thread-1] INFO  storage.RaftStorage (RaftStorage.java:format(84)) - Storage directory /github/workspace/mnt/ozone/hadoop-ozone/integration-test/target/test-dir/MiniOzoneClusterImpl-7a66fb8e-ad0e-46df-b237-2ffa69f4ef17/datanode-2/data/ratis/1a39bb56-9396-4cbe-a978-e75380df8791 has been successfully formatted.
2020-07-24 03:08:13,965 [pool-377-thread-1] INFO  ratis.ContainerStateMachine (ContainerStateMachine.java:loadSnapshot(225)) - group-E75380DF8791: The snapshot info is null. Setting the last applied indexto:(t:0, i:~)
2020-07-24 03:08:13,965 [pool-377-thread-1] INFO  server.RaftServerConfigKeys (ConfUtils.java:logGet(44)) - raft.server.notification.no-leader.timeout = 300000ms (custom)
2020-07-24 03:08:13,966 [pool-377-thread-1] INFO  server.RaftServerConfigKeys (ConfUtils.java:logGet(44)) - raft.server.log.use.memory = false (default)
2020-07-24 03:08:13,966 [pool-377-thread-1] INFO  server.RaftServerConfigKeys (ConfUtils.java:logGet(44)) - raft.server.log.purge.gap = 1000000 (custom)
2020-07-24 03:08:13,966 [pool-377-thread-1] INFO  metrics.RatisMetrics (RatisMetrics.java:lambda$create$0(36)) - Creating Metrics Registry : ratis.log_worker.0b6ef10e-2f36-4e94-b43e-5e4c71f7d9dd@group-E75380DF8791
2020-07-24 03:08:13,966 [pool-377-thread-1] INFO  server.RaftServerConfigKeys (ConfUtils.java:logGet(44)) - raft.server.log.appender.buffer.byte-limit = 33554432 (custom)
2020-07-24 03:08:13,966 [pool-377-thread-1] INFO  server.RaftServerConfigKeys (ConfUtils.java:logGet(44)) - raft.server.log.segment.size.max = 1048576 (custom)
2020-07-24 03:08:13,967 [pool-377-thread-1] INFO  server.RaftServerConfigKeys (ConfUtils.java:logGet(44)) - raft.server.log.segment.cache.num.max = 2 (custom)
2020-07-24 03:08:13,967 [pool-377-thread-1] INFO  segmented.SegmentedRaftLogWorker (SegmentedRaftLogWorker.java:<init>(180)) - new 0b6ef10e-2f36-4e94-b43e-5e4c71f7d9dd@group-E75380DF8791-SegmentedRaftLogWorker for RaftStorage:Storage Directory /github/workspace/mnt/ozone/hadoop-ozone/integration-test/target/test-dir/MiniOzoneClusterImpl-7a66fb8e-ad0e-46df-b237-2ffa69f4ef17/datanode-2/data/ratis/1a39bb56-9396-4cbe-a978-e75380df8791
2020-07-24 03:08:13,967 [pool-377-thread-1] INFO  server.RaftServerConfigKeys (ConfUtils.java:logGet(44)) - raft.server.log.queue.byte-limit = 2147483647 (custom)
2020-07-24 03:08:13,967 [pool-377-thread-1] INFO  server.RaftServerConfigKeys (ConfUtils.java:logGet(44)) - raft.server.log.queue.element-limit = 1024 (custom)
2020-07-24 03:08:13,967 [pool-377-thread-1] INFO  server.RaftServerConfigKeys (ConfUtils.java:logGet(44)) - raft.server.log.segment.size.max = 1048576 (custom)
2020-07-24 03:08:13,967 [pool-377-thread-1] INFO  server.RaftServerConfigKeys (ConfUtils.java:logGet(44)) - raft.server.log.preallocated.size = 16384 (custom)
2020-07-24 03:08:13,968 [pool-377-thread-1] INFO  server.RaftServerConfigKeys (ConfUtils.java:logGet(44)) - raft.server.log.write.buffer.size = 1048576 (custom)
2020-07-24 03:08:13,968 [pool-377-thread-1] INFO  server.RaftServerConfigKeys (ConfUtils.java:logGet(44)) - raft.server.log.force.sync.num = 128 (default)
2020-07-24 03:08:13,968 [pool-377-thread-1] INFO  server.RaftServerConfigKeys (ConfUtils.java:logGet(44)) - raft.server.log.statemachine.data.sync = true (default)
2020-07-24 03:08:13,968 [pool-377-thread-1] INFO  server.RaftServerConfigKeys (ConfUtils.java:logGet(44)) - raft.server.log.statemachine.data.sync.timeout = 10s (default)
2020-07-24 03:08:13,968 [pool-377-thread-1] INFO  server.RaftServerConfigKeys (ConfUtils.java:logGet(44)) - raft.server.log.statemachine.data.sync.timeout.retry = -1 (default)
2020-07-24 03:08:13,970 [pool-377-thread-1] INFO  server.RaftServerConfigKeys (ConfUtils.java:logGet(44)) - raft.server.log.statemachine.data.caching.enabled = true (custom)
2020-07-24 03:08:13,970 [pool-377-thread-1] INFO  segmented.SegmentedRaftLogWorker (SegmentedRaftLogWorker.java:lambda$new$0(129)) - 0b6ef10e-2f36-4e94-b43e-5e4c71f7d9dd@group-E75380DF8791-SegmentedRaftLogWorker: flushIndex: setUnconditionally 0 -> -1
2020-07-24 03:08:13,970 [pool-377-thread-1] INFO  segmented.SegmentedRaftLogWorker (SegmentedRaftLogWorker.java:lambda$new$0(129)) - 0b6ef10e-2f36-4e94-b43e-5e4c71f7d9dd@group-E75380DF8791-SegmentedRaftLogWorker: safeCacheEvictIndex: setUnconditionally 0 -> -1
2020-07-24 03:08:13,970 [pool-377-thread-1] INFO  server.RaftServerConfigKeys (ConfUtils.java:logGet(44)) - raft.server.snapshot.auto.trigger.enabled = true (custom)
2020-07-24 03:08:13,970 [pool-377-thread-1] INFO  server.RaftServerConfigKeys (ConfUtils.java:logGet(44)) - raft.server.snapshot.auto.trigger.threshold = 10000 (custom)
2020-07-24 03:08:13,971 [pool-377-thread-1] INFO  server.RaftServerConfigKeys (ConfUtils.java:logGet(44)) - raft.server.snapshot.retention.file.num = 5 (custom)
2020-07-24 03:08:13,971 [pool-377-thread-1] INFO  server.RaftServerConfigKeys (ConfUtils.java:logGet(44)) - raft.server.log.purge.upto.snapshot.index = false (default)
2020-07-24 03:08:13,971 [pool-377-thread-1] INFO  server.RaftServerConfigKeys (ConfUtils.java:logGet(44)) - raft.server.retrycache.expirytime = 600000ms (custom)
2020-07-24 03:08:13,971 [pool-377-thread-1] INFO  metrics.RatisMetrics (RatisMetrics.java:lambda$create$0(36)) - Creating Metrics Registry : ratis.leader_election.0b6ef10e-2f36-4e94-b43e-5e4c71f7d9dd@group-E75380DF8791
2020-07-24 03:08:13,971 [pool-377-thread-1] INFO  metrics.RatisMetrics (RatisMetrics.java:lambda$create$0(36)) - Creating Metrics Registry : ratis.server.0b6ef10e-2f36-4e94-b43e-5e4c71f7d9dd@group-E75380DF8791
2020-07-24 03:08:13,972 [pool-377-thread-1] INFO  impl.RaftServerImpl (RaftServerImpl.java:start(196)) - 0b6ef10e-2f36-4e94-b43e-5e4c71f7d9dd@group-E75380DF8791: start as a follower, conf=-1: [92be74e1-a445-481a-9270-f78b33ea1757:172.17.0.2:42635, 0b6ef10e-2f36-4e94-b43e-5e4c71f7d9dd:172.17.0.2:36165, b2995f92-8b7c-4587-b52b-d4ed19f98a91:172.17.0.2:36971], old=null
2020-07-24 03:08:13,972 [pool-377-thread-1] INFO  impl.RaftServerImpl (RaftServerImpl.java:setRole(185)) - 0b6ef10e-2f36-4e94-b43e-5e4c71f7d9dd@group-E75380DF8791: changes role from      null to FOLLOWER at term 0 for startAsFollower
2020-07-24 03:08:13,972 [pool-377-thread-1] INFO  impl.RoleInfo (RoleInfo.java:updateAndGet(143)) - 0b6ef10e-2f36-4e94-b43e-5e4c71f7d9dd: start FollowerState
2020-07-24 03:08:13,973 [pool-377-thread-1] INFO  util.JmxRegister (JmxRegister.java:tryRegister(44)) - Successfully registered JMX Bean with object name Ratis:service=RaftServer,group=group-E75380DF8791,id=0b6ef10e-2f36-4e94-b43e-5e4c71f7d9dd
2020-07-24 03:08:13,973 [pool-377-thread-1] INFO  metrics.RatisMetrics (RatisMetrics.java:lambda$create$0(36)) - Creating Metrics Registry : ratis.state_machine.0b6ef10e-2f36-4e94-b43e-5e4c71f7d9dd@group-E75380DF8791
2020-07-24 03:08:13,988 [grpc-default-executor-3] INFO  impl.RaftServerProxy (RaftServerProxy.java:addNew(89)) - b2995f92-8b7c-4587-b52b-d4ed19f98a91: addNew group-E75380DF8791:[92be74e1-a445-481a-9270-f78b33ea1757:172.17.0.2:42635, 0b6ef10e-2f36-4e94-b43e-5e4c71f7d9dd:172.17.0.2:36165, b2995f92-8b7c-4587-b52b-d4ed19f98a91:172.17.0.2:36971] returns group-E75380DF8791:java.util.concurrent.CompletableFuture@69bb7e84[Not completed]
2020-07-24 03:08:13,989 [pool-362-thread-1] INFO  impl.RaftServerImpl (RaftServerImpl.java:<init>(107)) - b2995f92-8b7c-4587-b52b-d4ed19f98a91: new RaftServerImpl for group-E75380DF8791:[92be74e1-a445-481a-9270-f78b33ea1757:172.17.0.2:42635, 0b6ef10e-2f36-4e94-b43e-5e4c71f7d9dd:172.17.0.2:36165, b2995f92-8b7c-4587-b52b-d4ed19f98a91:172.17.0.2:36971] with ContainerStateMachine:uninitialized
2020-07-24 03:08:13,989 [pool-362-thread-1] INFO  server.RaftServerConfigKeys (ConfUtils.java:logGet(44)) - raft.server.rpc.timeout.min = 5s (custom)
2020-07-24 03:08:13,989 [pool-362-thread-1] INFO  server.RaftServerConfigKeys (ConfUtils.java:logGet(44)) - raft.server.rpc.timeout.max = 5200ms (custom)
2020-07-24 03:08:13,989 [pool-362-thread-1] INFO  server.RaftServerConfigKeys (ConfUtils.java:logGet(44)) - raft.server.rpcslowness.timeout = 300000ms (custom)
2020-07-24 03:08:13,989 [pool-362-thread-1] INFO  server.RaftServerConfigKeys (ConfUtils.java:logGet(44)) - raft.server.sleep.deviation.threshold = 300 (default)
2020-07-24 03:08:13,989 [pool-362-thread-1] INFO  server.RaftServerConfigKeys (ConfUtils.java:logGet(44)) - raft.server.log.appender.install.snapshot.enabled = false (custom)
2020-07-24 03:08:13,990 [pool-362-thread-1] INFO  impl.RaftServerImpl (ServerState.java:<init>(103)) - b2995f92-8b7c-4587-b52b-d4ed19f98a91@group-E75380DF8791: ConfigurationManager, init=-1: [92be74e1-a445-481a-9270-f78b33ea1757:172.17.0.2:42635, 0b6ef10e-2f36-4e94-b43e-5e4c71f7d9dd:172.17.0.2:36165, b2995f92-8b7c-4587-b52b-d4ed19f98a91:172.17.0.2:36971], old=null, confs=<EMPTY_MAP>
2020-07-24 03:08:13,990 [pool-362-thread-1] INFO  server.RaftServerConfigKeys (ConfUtils.java:logGet(44)) - raft.server.storage.dir = [/github/workspace/mnt/ozone/hadoop-ozone/integration-test/target/test-dir/MiniOzoneClusterImpl-7a66fb8e-ad0e-46df-b237-2ffa69f4ef17/datanode-1/data/ratis] (custom)
2020-07-24 03:08:13,990 [pool-362-thread-1] INFO  server.RaftServerConfigKeys (ConfUtils.java:logGet(44)) - raft.server.log.corruption.policy = EXCEPTION (default)
2020-07-24 03:08:13,990 [pool-362-thread-1] INFO  storage.RaftStorageDirectory (RaftStorageDirectory.java:analyzeStorage(261)) - The storage directory /github/workspace/mnt/ozone/hadoop-ozone/integration-test/target/test-dir/MiniOzoneClusterImpl-7a66fb8e-ad0e-46df-b237-2ffa69f4ef17/datanode-1/data/ratis/1a39bb56-9396-4cbe-a978-e75380df8791 does not exist. Creating ...
2020-07-24 03:08:13,991 [pool-362-thread-1] INFO  storage.RaftStorageDirectory (RaftStorageDirectory.java:tryLock(343)) - Lock on /github/workspace/mnt/ozone/hadoop-ozone/integration-test/target/test-dir/MiniOzoneClusterImpl-7a66fb8e-ad0e-46df-b237-2ffa69f4ef17/datanode-1/data/ratis/1a39bb56-9396-4cbe-a978-e75380df8791/in_use.lock acquired by nodename 27121@bae25e63820f
2020-07-24 03:08:13,992 [pool-362-thread-1] INFO  storage.RaftStorage (RaftStorage.java:format(84)) - Storage directory /github/workspace/mnt/ozone/hadoop-ozone/integration-test/target/test-dir/MiniOzoneClusterImpl-7a66fb8e-ad0e-46df-b237-2ffa69f4ef17/datanode-1/data/ratis/1a39bb56-9396-4cbe-a978-e75380df8791 has been successfully formatted.
2020-07-24 03:08:13,993 [pool-362-thread-1] INFO  ratis.ContainerStateMachine (ContainerStateMachine.java:loadSnapshot(225)) - group-E75380DF8791: The snapshot info is null. Setting the last applied indexto:(t:0, i:~)
2020-07-24 03:08:13,994 [pool-362-thread-1] INFO  server.RaftServerConfigKeys (ConfUtils.java:logGet(44)) - raft.server.notification.no-leader.timeout = 300000ms (custom)
2020-07-24 03:08:13,994 [pool-362-thread-1] INFO  server.RaftServerConfigKeys (ConfUtils.java:logGet(44)) - raft.server.log.use.memory = false (default)
2020-07-24 03:08:13,994 [pool-362-thread-1] INFO  server.RaftServerConfigKeys (ConfUtils.java:logGet(44)) - raft.server.log.purge.gap = 1000000 (custom)
2020-07-24 03:08:13,995 [pool-362-thread-1] INFO  metrics.RatisMetrics (RatisMetrics.java:lambda$create$0(36)) - Creating Metrics Registry : ratis.log_worker.b2995f92-8b7c-4587-b52b-d4ed19f98a91@group-E75380DF8791
2020-07-24 03:08:13,995 [pool-362-thread-1] INFO  server.RaftServerConfigKeys (ConfUtils.java:logGet(44)) - raft.server.log.appender.buffer.byte-limit = 33554432 (custom)
2020-07-24 03:08:13,995 [pool-362-thread-1] INFO  server.RaftServerConfigKeys (ConfUtils.java:logGet(44)) - raft.server.log.segment.size.max = 1048576 (custom)
2020-07-24 03:08:13,996 [pool-362-thread-1] INFO  server.RaftServerConfigKeys (ConfUtils.java:logGet(44)) - raft.server.log.segment.cache.num.max = 2 (custom)
2020-07-24 03:08:13,996 [pool-362-thread-1] INFO  segmented.SegmentedRaftLogWorker (SegmentedRaftLogWorker.java:<init>(180)) - new b2995f92-8b7c-4587-b52b-d4ed19f98a91@group-E75380DF8791-SegmentedRaftLogWorker for RaftStorage:Storage Directory /github/workspace/mnt/ozone/hadoop-ozone/integration-test/target/test-dir/MiniOzoneClusterImpl-7a66fb8e-ad0e-46df-b237-2ffa69f4ef17/datanode-1/data/ratis/1a39bb56-9396-4cbe-a978-e75380df8791
2020-07-24 03:08:13,996 [pool-362-thread-1] INFO  server.RaftServerConfigKeys (ConfUtils.java:logGet(44)) - raft.server.log.queue.byte-limit = 2147483647 (custom)
2020-07-24 03:08:13,996 [pool-362-thread-1] INFO  server.RaftServerConfigKeys (ConfUtils.java:logGet(44)) - raft.server.log.queue.element-limit = 1024 (custom)
2020-07-24 03:08:13,996 [pool-362-thread-1] INFO  server.RaftServerConfigKeys (ConfUtils.java:logGet(44)) - raft.server.log.segment.size.max = 1048576 (custom)
2020-07-24 03:08:13,996 [pool-362-thread-1] INFO  server.RaftServerConfigKeys (ConfUtils.java:logGet(44)) - raft.server.log.preallocated.size = 16384 (custom)
2020-07-24 03:08:13,996 [pool-362-thread-1] INFO  server.RaftServerConfigKeys (ConfUtils.java:logGet(44)) - raft.server.log.write.buffer.size = 1048576 (custom)
2020-07-24 03:08:13,996 [pool-362-thread-1] INFO  server.RaftServerConfigKeys (ConfUtils.java:logGet(44)) - raft.server.log.force.sync.num = 128 (default)
2020-07-24 03:08:13,996 [pool-362-thread-1] INFO  server.RaftServerConfigKeys (ConfUtils.java:logGet(44)) - raft.server.log.statemachine.data.sync = true (default)
2020-07-24 03:08:13,996 [pool-362-thread-1] INFO  server.RaftServerConfigKeys (ConfUtils.java:logGet(44)) - raft.server.log.statemachine.data.sync.timeout = 10s (default)
2020-07-24 03:08:13,997 [pool-362-thread-1] INFO  server.RaftServerConfigKeys (ConfUtils.java:logGet(44)) - raft.server.log.statemachine.data.sync.timeout.retry = -1 (default)
2020-07-24 03:08:13,999 [pool-362-thread-1] INFO  server.RaftServerConfigKeys (ConfUtils.java:logGet(44)) - raft.server.log.statemachine.data.caching.enabled = true (custom)
2020-07-24 03:08:13,999 [pool-362-thread-1] INFO  segmented.SegmentedRaftLogWorker (SegmentedRaftLogWorker.java:lambda$new$0(129)) - b2995f92-8b7c-4587-b52b-d4ed19f98a91@group-E75380DF8791-SegmentedRaftLogWorker: flushIndex: setUnconditionally 0 -> -1
2020-07-24 03:08:13,999 [pool-362-thread-1] INFO  segmented.SegmentedRaftLogWorker (SegmentedRaftLogWorker.java:lambda$new$0(129)) - b2995f92-8b7c-4587-b52b-d4ed19f98a91@group-E75380DF8791-SegmentedRaftLogWorker: safeCacheEvictIndex: setUnconditionally 0 -> -1
2020-07-24 03:08:13,999 [pool-362-thread-1] INFO  server.RaftServerConfigKeys (ConfUtils.java:logGet(44)) - raft.server.snapshot.auto.trigger.enabled = true (custom)
2020-07-24 03:08:13,999 [pool-362-thread-1] INFO  server.RaftServerConfigKeys (ConfUtils.java:logGet(44)) - raft.server.snapshot.auto.trigger.threshold = 10000 (custom)
2020-07-24 03:08:13,999 [pool-362-thread-1] INFO  server.RaftServerConfigKeys (ConfUtils.java:logGet(44)) - raft.server.snapshot.retention.file.num = 5 (custom)
2020-07-24 03:08:13,999 [pool-362-thread-1] INFO  server.RaftServerConfigKeys (ConfUtils.java:logGet(44)) - raft.server.log.purge.upto.snapshot.index = false (default)
2020-07-24 03:08:13,999 [pool-362-thread-1] INFO  server.RaftServerConfigKeys (ConfUtils.java:logGet(44)) - raft.server.retrycache.expirytime = 600000ms (custom)
2020-07-24 03:08:14,000 [pool-362-thread-1] INFO  metrics.RatisMetrics (RatisMetrics.java:lambda$create$0(36)) - Creating Metrics Registry : ratis.leader_election.b2995f92-8b7c-4587-b52b-d4ed19f98a91@group-E75380DF8791
2020-07-24 03:08:14,000 [pool-362-thread-1] INFO  metrics.RatisMetrics (RatisMetrics.java:lambda$create$0(36)) - Creating Metrics Registry : ratis.server.b2995f92-8b7c-4587-b52b-d4ed19f98a91@group-E75380DF8791
2020-07-24 03:08:14,002 [pool-362-thread-1] INFO  impl.RaftServerImpl (RaftServerImpl.java:start(196)) - b2995f92-8b7c-4587-b52b-d4ed19f98a91@group-E75380DF8791: start as a follower, conf=-1: [92be74e1-a445-481a-9270-f78b33ea1757:172.17.0.2:42635, 0b6ef10e-2f36-4e94-b43e-5e4c71f7d9dd:172.17.0.2:36165, b2995f92-8b7c-4587-b52b-d4ed19f98a91:172.17.0.2:36971], old=null
2020-07-24 03:08:14,002 [pool-362-thread-1] INFO  impl.RaftServerImpl (RaftServerImpl.java:setRole(185)) - b2995f92-8b7c-4587-b52b-d4ed19f98a91@group-E75380DF8791: changes role from      null to FOLLOWER at term 0 for startAsFollower
2020-07-24 03:08:14,002 [pool-362-thread-1] INFO  impl.RoleInfo (RoleInfo.java:updateAndGet(143)) - b2995f92-8b7c-4587-b52b-d4ed19f98a91: start FollowerState
2020-07-24 03:08:14,003 [pool-362-thread-1] INFO  util.JmxRegister (JmxRegister.java:tryRegister(44)) - Successfully registered JMX Bean with object name Ratis:service=RaftServer,group=group-E75380DF8791,id=b2995f92-8b7c-4587-b52b-d4ed19f98a91
2020-07-24 03:08:14,003 [pool-362-thread-1] INFO  metrics.RatisMetrics (RatisMetrics.java:lambda$create$0(36)) - Creating Metrics Registry : ratis.state_machine.b2995f92-8b7c-4587-b52b-d4ed19f98a91@group-E75380DF8791
2020-07-24 03:08:14,007 [Command processor thread] INFO  commandhandler.CreatePipelineCommandHandler (CreatePipelineCommandHandler.java:handle(109)) - Created Pipeline RATIS THREE #id: "1a39bb56-9396-4cbe-a978-e75380df8791"
uuid128 {
  mostSigBits: 1889747499176316094
  leastSigBits: -6234979338264017007
}
.
2020-07-24 03:08:14,038 [Command processor thread] INFO  impl.RaftServerProxy (RaftServerProxy.java:addNew(89)) - b2995f92-8b7c-4587-b52b-d4ed19f98a91: addNew group-1D480263C32E:[b2995f92-8b7c-4587-b52b-d4ed19f98a91:172.17.0.2:36971] returns group-1D480263C32E:java.util.concurrent.CompletableFuture@659e1b4f[Not completed]
2020-07-24 03:08:14,039 [pool-362-thread-1] INFO  impl.RaftServerImpl (RaftServerImpl.java:<init>(107)) - b2995f92-8b7c-4587-b52b-d4ed19f98a91: new RaftServerImpl for group-1D480263C32E:[b2995f92-8b7c-4587-b52b-d4ed19f98a91:172.17.0.2:36971] with ContainerStateMachine:uninitialized
2020-07-24 03:08:14,039 [pool-362-thread-1] INFO  server.RaftServerConfigKeys (ConfUtils.java:logGet(44)) - raft.server.rpc.timeout.min = 5s (custom)
2020-07-24 03:08:14,039 [pool-362-thread-1] INFO  server.RaftServerConfigKeys (ConfUtils.java:logGet(44)) - raft.server.rpc.timeout.max = 5200ms (custom)
2020-07-24 03:08:14,039 [pool-362-thread-1] INFO  server.RaftServerConfigKeys (ConfUtils.java:logGet(44)) - raft.server.rpcslowness.timeout = 300000ms (custom)
2020-07-24 03:08:14,039 [pool-362-thread-1] INFO  server.RaftServerConfigKeys (ConfUtils.java:logGet(44)) - raft.server.sleep.deviation.threshold = 300 (default)
2020-07-24 03:08:14,039 [pool-362-thread-1] INFO  server.RaftServerConfigKeys (ConfUtils.java:logGet(44)) - raft.server.log.appender.install.snapshot.enabled = false (custom)
2020-07-24 03:08:14,039 [pool-362-thread-1] INFO  impl.RaftServerImpl (ServerState.java:<init>(103)) - b2995f92-8b7c-4587-b52b-d4ed19f98a91@group-1D480263C32E: ConfigurationManager, init=-1: [b2995f92-8b7c-4587-b52b-d4ed19f98a91:172.17.0.2:36971], old=null, confs=<EMPTY_MAP>
2020-07-24 03:08:14,039 [pool-362-thread-1] INFO  server.RaftServerConfigKeys (ConfUtils.java:logGet(44)) - raft.server.storage.dir = [/github/workspace/mnt/ozone/hadoop-ozone/integration-test/target/test-dir/MiniOzoneClusterImpl-7a66fb8e-ad0e-46df-b237-2ffa69f4ef17/datanode-1/data/ratis] (custom)
2020-07-24 03:08:14,039 [pool-362-thread-1] INFO  server.RaftServerConfigKeys (ConfUtils.java:logGet(44)) - raft.server.log.corruption.policy = EXCEPTION (default)
2020-07-24 03:08:14,040 [pool-362-thread-1] INFO  storage.RaftStorageDirectory (RaftStorageDirectory.java:analyzeStorage(261)) - The storage directory /github/workspace/mnt/ozone/hadoop-ozone/integration-test/target/test-dir/MiniOzoneClusterImpl-7a66fb8e-ad0e-46df-b237-2ffa69f4ef17/datanode-1/data/ratis/94eba7a4-ec56-4f1f-8009-1d480263c32e does not exist. Creating ...
2020-07-24 03:08:14,041 [pool-362-thread-1] INFO  storage.RaftStorageDirectory (RaftStorageDirectory.java:tryLock(343)) - Lock on /github/workspace/mnt/ozone/hadoop-ozone/integration-test/target/test-dir/MiniOzoneClusterImpl-7a66fb8e-ad0e-46df-b237-2ffa69f4ef17/datanode-1/data/ratis/94eba7a4-ec56-4f1f-8009-1d480263c32e/in_use.lock acquired by nodename 27121@bae25e63820f
2020-07-24 03:08:14,042 [pool-362-thread-1] INFO  storage.RaftStorage (RaftStorage.java:format(84)) - Storage directory /github/workspace/mnt/ozone/hadoop-ozone/integration-test/target/test-dir/MiniOzoneClusterImpl-7a66fb8e-ad0e-46df-b237-2ffa69f4ef17/datanode-1/data/ratis/94eba7a4-ec56-4f1f-8009-1d480263c32e has been successfully formatted.
2020-07-24 03:08:14,042 [pool-362-thread-1] INFO  ratis.ContainerStateMachine (ContainerStateMachine.java:loadSnapshot(225)) - group-1D480263C32E: The snapshot info is null. Setting the last applied indexto:(t:0, i:~)
2020-07-24 03:08:14,042 [pool-362-thread-1] INFO  server.RaftServerConfigKeys (ConfUtils.java:logGet(44)) - raft.server.notification.no-leader.timeout = 300000ms (custom)
2020-07-24 03:08:14,042 [pool-362-thread-1] INFO  server.RaftServerConfigKeys (ConfUtils.java:logGet(44)) - raft.server.log.use.memory = false (default)
2020-07-24 03:08:14,043 [EventQueue-PipelineReportForPipelineReportHandler] INFO  pipeline.PipelineStateManager (PipelineStateManager.java:openPipeline(131)) - Pipeline Pipeline[ Id: 94eba7a4-ec56-4f1f-8009-1d480263c32e, Nodes: b2995f92-8b7c-4587-b52b-d4ed19f98a91{ip: 172.17.0.2, host: bae25e63820f, networkLocation: /default-rack, certSerialId: null}, Type:RATIS, Factor:ONE, State:ALLOCATED, leaderId:b2995f92-8b7c-4587-b52b-d4ed19f98a91, CreationTimestamp2020-07-24T03:08:11.042Z] moved to OPEN state
2020-07-24 03:08:14,043 [EventQueue-OpenPipelineForHealthyPipelineSafeModeRule] INFO  safemode.SCMSafeModeManager (HealthyPipelineSafeModeRule.java:process(129)) - SCM in safe mode. Healthy pipelines reported count is 0, required healthy pipeline reported count is 1
2020-07-24 03:08:14,043 [EventQueue-OpenPipelineForOneReplicaPipelineSafeModeRule] INFO  safemode.SCMSafeModeManager (SCMSafeModeManager.java:validateSafeModeExitRules(214)) - AtleastOneDatanodeReportedRule rule is successfully validated
2020-07-24 03:08:14,043 [pool-362-thread-1] INFO  server.RaftServerConfigKeys (ConfUtils.java:logGet(44)) - raft.server.log.purge.gap = 1000000 (custom)
2020-07-24 03:08:14,043 [pool-362-thread-1] INFO  metrics.RatisMetrics (RatisMetrics.java:lambda$create$0(36)) - Creating Metrics Registry : ratis.log_worker.b2995f92-8b7c-4587-b52b-d4ed19f98a91@group-1D480263C32E
2020-07-24 03:08:14,044 [pool-362-thread-1] INFO  server.RaftServerConfigKeys (ConfUtils.java:logGet(44)) - raft.server.log.appender.buffer.byte-limit = 33554432 (custom)
2020-07-24 03:08:14,044 [pool-362-thread-1] INFO  server.RaftServerConfigKeys (ConfUtils.java:logGet(44)) - raft.server.log.segment.size.max = 1048576 (custom)
2020-07-24 03:08:14,044 [pool-362-thread-1] INFO  server.RaftServerConfigKeys (ConfUtils.java:logGet(44)) - raft.server.log.segment.cache.num.max = 2 (custom)
2020-07-24 03:08:14,044 [pool-362-thread-1] INFO  segmented.SegmentedRaftLogWorker (SegmentedRaftLogWorker.java:<init>(180)) - new b2995f92-8b7c-4587-b52b-d4ed19f98a91@group-1D480263C32E-SegmentedRaftLogWorker for RaftStorage:Storage Directory /github/workspace/mnt/ozone/hadoop-ozone/integration-test/target/test-dir/MiniOzoneClusterImpl-7a66fb8e-ad0e-46df-b237-2ffa69f4ef17/datanode-1/data/ratis/94eba7a4-ec56-4f1f-8009-1d480263c32e
2020-07-24 03:08:14,044 [pool-362-thread-1] INFO  server.RaftServerConfigKeys (ConfUtils.java:logGet(44)) - raft.server.log.queue.byte-limit = 2147483647 (custom)
2020-07-24 03:08:14,044 [pool-362-thread-1] INFO  server.RaftServerConfigKeys (ConfUtils.java:logGet(44)) - raft.server.log.queue.element-limit = 1024 (custom)
2020-07-24 03:08:14,045 [pool-362-thread-1] INFO  server.RaftServerConfigKeys (ConfUtils.java:logGet(44)) - raft.server.log.segment.size.max = 1048576 (custom)
2020-07-24 03:08:14,045 [pool-362-thread-1] INFO  server.RaftServerConfigKeys (ConfUtils.java:logGet(44)) - raft.server.log.preallocated.size = 16384 (custom)
2020-07-24 03:08:14,045 [pool-362-thread-1] INFO  server.RaftServerConfigKeys (ConfUtils.java:logGet(44)) - raft.server.log.write.buffer.size = 1048576 (custom)
2020-07-24 03:08:14,045 [pool-362-thread-1] INFO  server.RaftServerConfigKeys (ConfUtils.java:logGet(44)) - raft.server.log.force.sync.num = 128 (default)
2020-07-24 03:08:14,045 [pool-362-thread-1] INFO  server.RaftServerConfigKeys (ConfUtils.java:logGet(44)) - raft.server.log.statemachine.data.sync = true (default)
2020-07-24 03:08:14,045 [pool-362-thread-1] INFO  server.RaftServerConfigKeys (ConfUtils.java:logGet(44)) - raft.server.log.statemachine.data.sync.timeout = 10s (default)
2020-07-24 03:08:14,045 [pool-362-thread-1] INFO  server.RaftServerConfigKeys (ConfUtils.java:logGet(44)) - raft.server.log.statemachine.data.sync.timeout.retry = -1 (default)
2020-07-24 03:08:14,047 [pool-362-thread-1] INFO  server.RaftServerConfigKeys (ConfUtils.java:logGet(44)) - raft.server.log.statemachine.data.caching.enabled = true (custom)
2020-07-24 03:08:14,047 [pool-362-thread-1] INFO  segmented.SegmentedRaftLogWorker (SegmentedRaftLogWorker.java:lambda$new$0(129)) - b2995f92-8b7c-4587-b52b-d4ed19f98a91@group-1D480263C32E-SegmentedRaftLogWorker: flushIndex: setUnconditionally 0 -> -1
2020-07-24 03:08:14,047 [pool-362-thread-1] INFO  segmented.SegmentedRaftLogWorker (SegmentedRaftLogWorker.java:lambda$new$0(129)) - b2995f92-8b7c-4587-b52b-d4ed19f98a91@group-1D480263C32E-SegmentedRaftLogWorker: safeCacheEvictIndex: setUnconditionally 0 -> -1
2020-07-24 03:08:14,047 [pool-362-thread-1] INFO  server.RaftServerConfigKeys (ConfUtils.java:logGet(44)) - raft.server.snapshot.auto.trigger.enabled = true (custom)
2020-07-24 03:08:14,047 [pool-362-thread-1] INFO  server.RaftServerConfigKeys (ConfUtils.java:logGet(44)) - raft.server.snapshot.auto.trigger.threshold = 10000 (custom)
2020-07-24 03:08:14,047 [pool-362-thread-1] INFO  server.RaftServerConfigKeys (ConfUtils.java:logGet(44)) - raft.server.snapshot.retention.file.num = 5 (custom)
2020-07-24 03:08:14,048 [pool-362-thread-1] INFO  server.RaftServerConfigKeys (ConfUtils.java:logGet(44)) - raft.server.log.purge.upto.snapshot.index = false (default)
2020-07-24 03:08:14,048 [pool-362-thread-1] INFO  server.RaftServerConfigKeys (ConfUtils.java:logGet(44)) - raft.server.retrycache.expirytime = 600000ms (custom)
2020-07-24 03:08:14,048 [pool-362-thread-1] INFO  metrics.RatisMetrics (RatisMetrics.java:lambda$create$0(36)) - Creating Metrics Registry : ratis.leader_election.b2995f92-8b7c-4587-b52b-d4ed19f98a91@group-1D480263C32E
2020-07-24 03:08:14,048 [pool-362-thread-1] INFO  metrics.RatisMetrics (RatisMetrics.java:lambda$create$0(36)) - Creating Metrics Registry : ratis.server.b2995f92-8b7c-4587-b52b-d4ed19f98a91@group-1D480263C32E
2020-07-24 03:08:14,050 [pool-362-thread-1] INFO  impl.RaftServerImpl (RaftServerImpl.java:start(196)) - b2995f92-8b7c-4587-b52b-d4ed19f98a91@group-1D480263C32E: start as a follower, conf=-1: [b2995f92-8b7c-4587-b52b-d4ed19f98a91:172.17.0.2:36971], old=null
2020-07-24 03:08:14,050 [pool-362-thread-1] INFO  impl.RaftServerImpl (RaftServerImpl.java:setRole(185)) - b2995f92-8b7c-4587-b52b-d4ed19f98a91@group-1D480263C32E: changes role from      null to FOLLOWER at term 0 for startAsFollower
2020-07-24 03:08:14,050 [pool-362-thread-1] INFO  impl.RoleInfo (RoleInfo.java:updateAndGet(143)) - b2995f92-8b7c-4587-b52b-d4ed19f98a91: start FollowerState
2020-07-24 03:08:14,050 [pool-362-thread-1] INFO  util.JmxRegister (JmxRegister.java:tryRegister(44)) - Successfully registered JMX Bean with object name Ratis:service=RaftServer,group=group-1D480263C32E,id=b2995f92-8b7c-4587-b52b-d4ed19f98a91
2020-07-24 03:08:14,050 [pool-362-thread-1] INFO  metrics.RatisMetrics (RatisMetrics.java:lambda$create$0(36)) - Creating Metrics Registry : ratis.state_machine.b2995f92-8b7c-4587-b52b-d4ed19f98a91@group-1D480263C32E
2020-07-24 03:08:14,051 [Command processor thread] INFO  commandhandler.CreatePipelineCommandHandler (CreatePipelineCommandHandler.java:handle(109)) - Created Pipeline RATIS ONE #id: "94eba7a4-ec56-4f1f-8009-1d480263c32e"
uuid128 {
  mostSigBits: -7715889209787658465
  leastSigBits: -9220806566949436626
}
.
2020-07-24 03:08:14,158 [Command processor thread] INFO  impl.RaftServerProxy (RaftServerProxy.java:addNew(89)) - 0b6ef10e-2f36-4e94-b43e-5e4c71f7d9dd: addNew group-634F067C350E:[0b6ef10e-2f36-4e94-b43e-5e4c71f7d9dd:172.17.0.2:36165] returns group-634F067C350E:java.util.concurrent.CompletableFuture@42ab08df[Not completed]
2020-07-24 03:08:14,158 [pool-377-thread-1] INFO  impl.RaftServerImpl (RaftServerImpl.java:<init>(107)) - 0b6ef10e-2f36-4e94-b43e-5e4c71f7d9dd: new RaftServerImpl for group-634F067C350E:[0b6ef10e-2f36-4e94-b43e-5e4c71f7d9dd:172.17.0.2:36165] with ContainerStateMachine:uninitialized
2020-07-24 03:08:14,159 [pool-377-thread-1] INFO  server.RaftServerConfigKeys (ConfUtils.java:logGet(44)) - raft.server.rpc.timeout.min = 5s (custom)
2020-07-24 03:08:14,159 [pool-377-thread-1] INFO  server.RaftServerConfigKeys (ConfUtils.java:logGet(44)) - raft.server.rpc.timeout.max = 5200ms (custom)
2020-07-24 03:08:14,159 [pool-377-thread-1] INFO  server.RaftServerConfigKeys (ConfUtils.java:logGet(44)) - raft.server.rpcslowness.timeout = 300000ms (custom)
2020-07-24 03:08:14,159 [pool-377-thread-1] INFO  server.RaftServerConfigKeys (ConfUtils.java:logGet(44)) - raft.server.sleep.deviation.threshold = 300 (default)
2020-07-24 03:08:14,159 [pool-377-thread-1] INFO  server.RaftServerConfigKeys (ConfUtils.java:logGet(44)) - raft.server.log.appender.install.snapshot.enabled = false (custom)
2020-07-24 03:08:14,159 [pool-377-thread-1] INFO  impl.RaftServerImpl (ServerState.java:<init>(103)) - 0b6ef10e-2f36-4e94-b43e-5e4c71f7d9dd@group-634F067C350E: ConfigurationManager, init=-1: [0b6ef10e-2f36-4e94-b43e-5e4c71f7d9dd:172.17.0.2:36165], old=null, confs=<EMPTY_MAP>
2020-07-24 03:08:14,159 [pool-377-thread-1] INFO  server.RaftServerConfigKeys (ConfUtils.java:logGet(44)) - raft.server.storage.dir = [/github/workspace/mnt/ozone/hadoop-ozone/integration-test/target/test-dir/MiniOzoneClusterImpl-7a66fb8e-ad0e-46df-b237-2ffa69f4ef17/datanode-2/data/ratis] (custom)
2020-07-24 03:08:14,159 [pool-377-thread-1] INFO  server.RaftServerConfigKeys (ConfUtils.java:logGet(44)) - raft.server.log.corruption.policy = EXCEPTION (default)
2020-07-24 03:08:14,160 [pool-377-thread-1] INFO  storage.RaftStorageDirectory (RaftStorageDirectory.java:analyzeStorage(261)) - The storage directory /github/workspace/mnt/ozone/hadoop-ozone/integration-test/target/test-dir/MiniOzoneClusterImpl-7a66fb8e-ad0e-46df-b237-2ffa69f4ef17/datanode-2/data/ratis/98d5f80e-ce4a-49fc-b1ae-634f067c350e does not exist. Creating ...
2020-07-24 03:08:14,161 [pool-377-thread-1] INFO  storage.RaftStorageDirectory (RaftStorageDirectory.java:tryLock(343)) - Lock on /github/workspace/mnt/ozone/hadoop-ozone/integration-test/target/test-dir/MiniOzoneClusterImpl-7a66fb8e-ad0e-46df-b237-2ffa69f4ef17/datanode-2/data/ratis/98d5f80e-ce4a-49fc-b1ae-634f067c350e/in_use.lock acquired by nodename 27121@bae25e63820f
2020-07-24 03:08:14,163 [pool-377-thread-1] INFO  storage.RaftStorage (RaftStorage.java:format(84)) - Storage directory /github/workspace/mnt/ozone/hadoop-ozone/integration-test/target/test-dir/MiniOzoneClusterImpl-7a66fb8e-ad0e-46df-b237-2ffa69f4ef17/datanode-2/data/ratis/98d5f80e-ce4a-49fc-b1ae-634f067c350e has been successfully formatted.
2020-07-24 03:08:14,163 [pool-377-thread-1] INFO  ratis.ContainerStateMachine (ContainerStateMachine.java:loadSnapshot(225)) - group-634F067C350E: The snapshot info is null. Setting the last applied indexto:(t:0, i:~)
2020-07-24 03:08:14,164 [pool-377-thread-1] INFO  server.RaftServerConfigKeys (ConfUtils.java:logGet(44)) - raft.server.notification.no-leader.timeout = 300000ms (custom)
2020-07-24 03:08:14,164 [pool-377-thread-1] INFO  server.RaftServerConfigKeys (ConfUtils.java:logGet(44)) - raft.server.log.use.memory = false (default)
2020-07-24 03:08:14,164 [EventQueue-PipelineReportForPipelineReportHandler] INFO  pipeline.PipelineStateManager (PipelineStateManager.java:openPipeline(131)) - Pipeline Pipeline[ Id: 98d5f80e-ce4a-49fc-b1ae-634f067c350e, Nodes: 0b6ef10e-2f36-4e94-b43e-5e4c71f7d9dd{ip: 172.17.0.2, host: bae25e63820f, networkLocation: /default-rack, certSerialId: null}, Type:RATIS, Factor:ONE, State:ALLOCATED, leaderId:0b6ef10e-2f36-4e94-b43e-5e4c71f7d9dd, CreationTimestamp2020-07-24T03:08:11.158Z] moved to OPEN state
2020-07-24 03:08:14,164 [pool-377-thread-1] INFO  server.RaftServerConfigKeys (ConfUtils.java:logGet(44)) - raft.server.log.purge.gap = 1000000 (custom)
2020-07-24 03:08:14,164 [EventQueue-OpenPipelineForOneReplicaPipelineSafeModeRule] INFO  safemode.SCMSafeModeManager (SCMSafeModeManager.java:validateSafeModeExitRules(214)) - AtleastOneDatanodeReportedRule rule is successfully validated
2020-07-24 03:08:14,164 [EventQueue-OpenPipelineForHealthyPipelineSafeModeRule] INFO  safemode.SCMSafeModeManager (HealthyPipelineSafeModeRule.java:process(129)) - SCM in safe mode. Healthy pipelines reported count is 0, required healthy pipeline reported count is 1
2020-07-24 03:08:14,165 [pool-377-thread-1] INFO  metrics.RatisMetrics (RatisMetrics.java:lambda$create$0(36)) - Creating Metrics Registry : ratis.log_worker.0b6ef10e-2f36-4e94-b43e-5e4c71f7d9dd@group-634F067C350E
2020-07-24 03:08:14,165 [pool-377-thread-1] INFO  server.RaftServerConfigKeys (ConfUtils.java:logGet(44)) - raft.server.log.appender.buffer.byte-limit = 33554432 (custom)
2020-07-24 03:08:14,165 [pool-377-thread-1] INFO  server.RaftServerConfigKeys (ConfUtils.java:logGet(44)) - raft.server.log.segment.size.max = 1048576 (custom)
2020-07-24 03:08:14,166 [pool-377-thread-1] INFO  server.RaftServerConfigKeys (ConfUtils.java:logGet(44)) - raft.server.log.segment.cache.num.max = 2 (custom)
2020-07-24 03:08:14,166 [pool-377-thread-1] INFO  segmented.SegmentedRaftLogWorker (SegmentedRaftLogWorker.java:<init>(180)) - new 0b6ef10e-2f36-4e94-b43e-5e4c71f7d9dd@group-634F067C350E-SegmentedRaftLogWorker for RaftStorage:Storage Directory /github/workspace/mnt/ozone/hadoop-ozone/integration-test/target/test-dir/MiniOzoneClusterImpl-7a66fb8e-ad0e-46df-b237-2ffa69f4ef17/datanode-2/data/ratis/98d5f80e-ce4a-49fc-b1ae-634f067c350e
2020-07-24 03:08:14,166 [pool-377-thread-1] INFO  server.RaftServerConfigKeys (ConfUtils.java:logGet(44)) - raft.server.log.queue.byte-limit = 2147483647 (custom)
2020-07-24 03:08:14,166 [pool-377-thread-1] INFO  server.RaftServerConfigKeys (ConfUtils.java:logGet(44)) - raft.server.log.queue.element-limit = 1024 (custom)
2020-07-24 03:08:14,166 [pool-377-thread-1] INFO  server.RaftServerConfigKeys (ConfUtils.java:logGet(44)) - raft.server.log.segment.size.max = 1048576 (custom)
2020-07-24 03:08:14,166 [pool-377-thread-1] INFO  server.RaftServerConfigKeys (ConfUtils.java:logGet(44)) - raft.server.log.preallocated.size = 16384 (custom)
2020-07-24 03:08:14,166 [pool-377-thread-1] INFO  server.RaftServerConfigKeys (ConfUtils.java:logGet(44)) - raft.server.log.write.buffer.size = 1048576 (custom)
2020-07-24 03:08:14,166 [pool-377-thread-1] INFO  server.RaftServerConfigKeys (ConfUtils.java:logGet(44)) - raft.server.log.force.sync.num = 128 (default)
2020-07-24 03:08:14,166 [pool-377-thread-1] INFO  server.RaftServerConfigKeys (ConfUtils.java:logGet(44)) - raft.server.log.statemachine.data.sync = true (default)
2020-07-24 03:08:14,166 [pool-377-thread-1] INFO  server.RaftServerConfigKeys (ConfUtils.java:logGet(44)) - raft.server.log.statemachine.data.sync.timeout = 10s (default)
2020-07-24 03:08:14,166 [pool-377-thread-1] INFO  server.RaftServerConfigKeys (ConfUtils.java:logGet(44)) - raft.server.log.statemachine.data.sync.timeout.retry = -1 (default)
2020-07-24 03:08:14,168 [pool-377-thread-1] INFO  server.RaftServerConfigKeys (ConfUtils.java:logGet(44)) - raft.server.log.statemachine.data.caching.enabled = true (custom)
2020-07-24 03:08:14,168 [pool-377-thread-1] INFO  segmented.SegmentedRaftLogWorker (SegmentedRaftLogWorker.java:lambda$new$0(129)) - 0b6ef10e-2f36-4e94-b43e-5e4c71f7d9dd@group-634F067C350E-SegmentedRaftLogWorker: flushIndex: setUnconditionally 0 -> -1
2020-07-24 03:08:14,169 [pool-377-thread-1] INFO  segmented.SegmentedRaftLogWorker (SegmentedRaftLogWorker.java:lambda$new$0(129)) - 0b6ef10e-2f36-4e94-b43e-5e4c71f7d9dd@group-634F067C350E-SegmentedRaftLogWorker: safeCacheEvictIndex: setUnconditionally 0 -> -1
2020-07-24 03:08:14,170 [pool-377-thread-1] INFO  server.RaftServerConfigKeys (ConfUtils.java:logGet(44)) - raft.server.snapshot.auto.trigger.enabled = true (custom)
2020-07-24 03:08:14,170 [pool-377-thread-1] INFO  server.RaftServerConfigKeys (ConfUtils.java:logGet(44)) - raft.server.snapshot.auto.trigger.threshold = 10000 (custom)
2020-07-24 03:08:14,170 [pool-377-thread-1] INFO  server.RaftServerConfigKeys (ConfUtils.java:logGet(44)) - raft.server.snapshot.retention.file.num = 5 (custom)
2020-07-24 03:08:14,170 [pool-377-thread-1] INFO  server.RaftServerConfigKeys (ConfUtils.java:logGet(44)) - raft.server.log.purge.upto.snapshot.index = false (default)
2020-07-24 03:08:14,170 [pool-377-thread-1] INFO  server.RaftServerConfigKeys (ConfUtils.java:logGet(44)) - raft.server.retrycache.expirytime = 600000ms (custom)
2020-07-24 03:08:14,170 [pool-377-thread-1] INFO  metrics.RatisMetrics (RatisMetrics.java:lambda$create$0(36)) - Creating Metrics Registry : ratis.leader_election.0b6ef10e-2f36-4e94-b43e-5e4c71f7d9dd@group-634F067C350E
2020-07-24 03:08:14,171 [pool-377-thread-1] INFO  metrics.RatisMetrics (RatisMetrics.java:lambda$create$0(36)) - Creating Metrics Registry : ratis.server.0b6ef10e-2f36-4e94-b43e-5e4c71f7d9dd@group-634F067C350E
2020-07-24 03:08:14,172 [pool-377-thread-1] INFO  impl.RaftServerImpl (RaftServerImpl.java:start(196)) - 0b6ef10e-2f36-4e94-b43e-5e4c71f7d9dd@group-634F067C350E: start as a follower, conf=-1: [0b6ef10e-2f36-4e94-b43e-5e4c71f7d9dd:172.17.0.2:36165], old=null
2020-07-24 03:08:14,172 [pool-377-thread-1] INFO  impl.RaftServerImpl (RaftServerImpl.java:setRole(185)) - 0b6ef10e-2f36-4e94-b43e-5e4c71f7d9dd@group-634F067C350E: changes role from      null to FOLLOWER at term 0 for startAsFollower
2020-07-24 03:08:14,172 [pool-377-thread-1] INFO  impl.RoleInfo (RoleInfo.java:updateAndGet(143)) - 0b6ef10e-2f36-4e94-b43e-5e4c71f7d9dd: start FollowerState
2020-07-24 03:08:14,172 [pool-377-thread-1] INFO  util.JmxRegister (JmxRegister.java:tryRegister(44)) - Successfully registered JMX Bean with object name Ratis:service=RaftServer,group=group-634F067C350E,id=0b6ef10e-2f36-4e94-b43e-5e4c71f7d9dd
2020-07-24 03:08:14,172 [pool-377-thread-1] INFO  metrics.RatisMetrics (RatisMetrics.java:lambda$create$0(36)) - Creating Metrics Registry : ratis.state_machine.0b6ef10e-2f36-4e94-b43e-5e4c71f7d9dd@group-634F067C350E
2020-07-24 03:08:14,173 [Command processor thread] INFO  commandhandler.CreatePipelineCommandHandler (CreatePipelineCommandHandler.java:handle(109)) - Created Pipeline RATIS ONE #id: "98d5f80e-ce4a-49fc-b1ae-634f067c350e"
uuid128 {
  mostSigBits: -7433762867430929924
  leastSigBits: -5643464091986283250
}
.
2020-07-24 03:08:14,286 [Command processor thread] INFO  impl.RaftServerProxy (RaftServerProxy.java:addNew(89)) - ef05ffb5-aa81-4044-bbcc-ef5ea51c2a16: addNew group-8C591323D0CB:[ef05ffb5-aa81-4044-bbcc-ef5ea51c2a16:172.17.0.2:38667] returns group-8C591323D0CB:java.util.concurrent.CompletableFuture@1a9b1910[Not completed]
2020-07-24 03:08:14,288 [pool-392-thread-1] INFO  impl.RaftServerImpl (RaftServerImpl.java:<init>(107)) - ef05ffb5-aa81-4044-bbcc-ef5ea51c2a16: new RaftServerImpl for group-8C591323D0CB:[ef05ffb5-aa81-4044-bbcc-ef5ea51c2a16:172.17.0.2:38667] with ContainerStateMachine:uninitialized
2020-07-24 03:08:14,288 [pool-392-thread-1] INFO  server.RaftServerConfigKeys (ConfUtils.java:logGet(44)) - raft.server.rpc.timeout.min = 5s (custom)
2020-07-24 03:08:14,288 [pool-392-thread-1] INFO  server.RaftServerConfigKeys (ConfUtils.java:logGet(44)) - raft.server.rpc.timeout.max = 5200ms (custom)
2020-07-24 03:08:14,288 [pool-392-thread-1] INFO  server.RaftServerConfigKeys (ConfUtils.java:logGet(44)) - raft.server.rpcslowness.timeout = 300000ms (custom)
2020-07-24 03:08:14,288 [pool-392-thread-1] INFO  server.RaftServerConfigKeys (ConfUtils.java:logGet(44)) - raft.server.sleep.deviation.threshold = 300 (default)
2020-07-24 03:08:14,288 [pool-392-thread-1] INFO  server.RaftServerConfigKeys (ConfUtils.java:logGet(44)) - raft.server.log.appender.install.snapshot.enabled = false (custom)
2020-07-24 03:08:14,288 [pool-392-thread-1] INFO  impl.RaftServerImpl (ServerState.java:<init>(103)) - ef05ffb5-aa81-4044-bbcc-ef5ea51c2a16@group-8C591323D0CB: ConfigurationManager, init=-1: [ef05ffb5-aa81-4044-bbcc-ef5ea51c2a16:172.17.0.2:38667], old=null, confs=<EMPTY_MAP>
2020-07-24 03:08:14,288 [pool-392-thread-1] INFO  server.RaftServerConfigKeys (ConfUtils.java:logGet(44)) - raft.server.storage.dir = [/github/workspace/mnt/ozone/hadoop-ozone/integration-test/target/test-dir/MiniOzoneClusterImpl-7a66fb8e-ad0e-46df-b237-2ffa69f4ef17/datanode-3/data/ratis] (custom)
2020-07-24 03:08:14,288 [pool-392-thread-1] INFO  server.RaftServerConfigKeys (ConfUtils.java:logGet(44)) - raft.server.log.corruption.policy = EXCEPTION (default)
2020-07-24 03:08:14,289 [pool-392-thread-1] INFO  storage.RaftStorageDirectory (RaftStorageDirectory.java:analyzeStorage(261)) - The storage directory /github/workspace/mnt/ozone/hadoop-ozone/integration-test/target/test-dir/MiniOzoneClusterImpl-7a66fb8e-ad0e-46df-b237-2ffa69f4ef17/datanode-3/data/ratis/87b63220-dd89-4a93-b875-8c591323d0cb does not exist. Creating ...
2020-07-24 03:08:14,290 [pool-392-thread-1] INFO  storage.RaftStorageDirectory (RaftStorageDirectory.java:tryLock(343)) - Lock on /github/workspace/mnt/ozone/hadoop-ozone/integration-test/target/test-dir/MiniOzoneClusterImpl-7a66fb8e-ad0e-46df-b237-2ffa69f4ef17/datanode-3/data/ratis/87b63220-dd89-4a93-b875-8c591323d0cb/in_use.lock acquired by nodename 27121@bae25e63820f
2020-07-24 03:08:14,291 [pool-392-thread-1] INFO  storage.RaftStorage (RaftStorage.java:format(84)) - Storage directory /github/workspace/mnt/ozone/hadoop-ozone/integration-test/target/test-dir/MiniOzoneClusterImpl-7a66fb8e-ad0e-46df-b237-2ffa69f4ef17/datanode-3/data/ratis/87b63220-dd89-4a93-b875-8c591323d0cb has been successfully formatted.
2020-07-24 03:08:14,291 [pool-392-thread-1] INFO  ratis.ContainerStateMachine (ContainerStateMachine.java:loadSnapshot(225)) - group-8C591323D0CB: The snapshot info is null. Setting the last applied indexto:(t:0, i:~)
2020-07-24 03:08:14,291 [pool-392-thread-1] INFO  server.RaftServerConfigKeys (ConfUtils.java:logGet(44)) - raft.server.notification.no-leader.timeout = 300000ms (custom)
2020-07-24 03:08:14,291 [pool-392-thread-1] INFO  server.RaftServerConfigKeys (ConfUtils.java:logGet(44)) - raft.server.log.use.memory = false (default)
2020-07-24 03:08:14,291 [pool-392-thread-1] INFO  server.RaftServerConfigKeys (ConfUtils.java:logGet(44)) - raft.server.log.purge.gap = 1000000 (custom)
2020-07-24 03:08:14,291 [pool-392-thread-1] INFO  metrics.RatisMetrics (RatisMetrics.java:lambda$create$0(36)) - Creating Metrics Registry : ratis.log_worker.ef05ffb5-aa81-4044-bbcc-ef5ea51c2a16@group-8C591323D0CB
2020-07-24 03:08:14,291 [pool-392-thread-1] INFO  server.RaftServerConfigKeys (ConfUtils.java:logGet(44)) - raft.server.log.appender.buffer.byte-limit = 33554432 (custom)
2020-07-24 03:08:14,292 [pool-392-thread-1] INFO  server.RaftServerConfigKeys (ConfUtils.java:logGet(44)) - raft.server.log.segment.size.max = 1048576 (custom)
2020-07-24 03:08:14,292 [pool-392-thread-1] INFO  server.RaftServerConfigKeys (ConfUtils.java:logGet(44)) - raft.server.log.segment.cache.num.max = 2 (custom)
2020-07-24 03:08:14,292 [pool-392-thread-1] INFO  segmented.SegmentedRaftLogWorker (SegmentedRaftLogWorker.java:<init>(180)) - new ef05ffb5-aa81-4044-bbcc-ef5ea51c2a16@group-8C591323D0CB-SegmentedRaftLogWorker for RaftStorage:Storage Directory /github/workspace/mnt/ozone/hadoop-ozone/integration-test/target/test-dir/MiniOzoneClusterImpl-7a66fb8e-ad0e-46df-b237-2ffa69f4ef17/datanode-3/data/ratis/87b63220-dd89-4a93-b875-8c591323d0cb
2020-07-24 03:08:14,293 [pool-392-thread-1] INFO  server.RaftServerConfigKeys (ConfUtils.java:logGet(44)) - raft.server.log.queue.byte-limit = 2147483647 (custom)
2020-07-24 03:08:14,293 [pool-392-thread-1] INFO  server.RaftServerConfigKeys (ConfUtils.java:logGet(44)) - raft.server.log.queue.element-limit = 1024 (custom)
2020-07-24 03:08:14,293 [EventQueue-PipelineReportForPipelineReportHandler] INFO  pipeline.PipelineStateManager (PipelineStateManager.java:openPipeline(131)) - Pipeline Pipeline[ Id: 87b63220-dd89-4a93-b875-8c591323d0cb, Nodes: ef05ffb5-aa81-4044-bbcc-ef5ea51c2a16{ip: 172.17.0.2, host: bae25e63820f, networkLocation: /default-rack, certSerialId: null}, Type:RATIS, Factor:ONE, State:ALLOCATED, leaderId:ef05ffb5-aa81-4044-bbcc-ef5ea51c2a16, CreationTimestamp2020-07-24T03:08:11.286Z] moved to OPEN state
2020-07-24 03:08:14,293 [pool-392-thread-1] INFO  server.RaftServerConfigKeys (ConfUtils.java:logGet(44)) - raft.server.log.segment.size.max = 1048576 (custom)
2020-07-24 03:08:14,293 [pool-392-thread-1] INFO  server.RaftServerConfigKeys (ConfUtils.java:logGet(44)) - raft.server.log.preallocated.size = 16384 (custom)
2020-07-24 03:08:14,293 [EventQueue-OpenPipelineForHealthyPipelineSafeModeRule] INFO  safemode.SCMSafeModeManager (HealthyPipelineSafeModeRule.java:process(129)) - SCM in safe mode. Healthy pipelines reported count is 0, required healthy pipeline reported count is 1
2020-07-24 03:08:14,293 [pool-392-thread-1] INFO  server.RaftServerConfigKeys (ConfUtils.java:logGet(44)) - raft.server.log.write.buffer.size = 1048576 (custom)
2020-07-24 03:08:14,293 [pool-392-thread-1] INFO  server.RaftServerConfigKeys (ConfUtils.java:logGet(44)) - raft.server.log.force.sync.num = 128 (default)
2020-07-24 03:08:14,293 [pool-392-thread-1] INFO  server.RaftServerConfigKeys (ConfUtils.java:logGet(44)) - raft.server.log.statemachine.data.sync = true (default)
2020-07-24 03:08:14,293 [EventQueue-OpenPipelineForOneReplicaPipelineSafeModeRule] INFO  safemode.SCMSafeModeManager (SCMSafeModeManager.java:validateSafeModeExitRules(214)) - AtleastOneDatanodeReportedRule rule is successfully validated
2020-07-24 03:08:14,293 [pool-392-thread-1] INFO  server.RaftServerConfigKeys (ConfUtils.java:logGet(44)) - raft.server.log.statemachine.data.sync.timeout = 10s (default)
2020-07-24 03:08:14,293 [pool-392-thread-1] INFO  server.RaftServerConfigKeys (ConfUtils.java:logGet(44)) - raft.server.log.statemachine.data.sync.timeout.retry = -1 (default)
2020-07-24 03:08:14,295 [pool-392-thread-1] INFO  server.RaftServerConfigKeys (ConfUtils.java:logGet(44)) - raft.server.log.statemachine.data.caching.enabled = true (custom)
2020-07-24 03:08:14,295 [pool-392-thread-1] INFO  segmented.SegmentedRaftLogWorker (SegmentedRaftLogWorker.java:lambda$new$0(129)) - ef05ffb5-aa81-4044-bbcc-ef5ea51c2a16@group-8C591323D0CB-SegmentedRaftLogWorker: flushIndex: setUnconditionally 0 -> -1
2020-07-24 03:08:14,295 [pool-392-thread-1] INFO  segmented.SegmentedRaftLogWorker (SegmentedRaftLogWorker.java:lambda$new$0(129)) - ef05ffb5-aa81-4044-bbcc-ef5ea51c2a16@group-8C591323D0CB-SegmentedRaftLogWorker: safeCacheEvictIndex: setUnconditionally 0 -> -1
2020-07-24 03:08:14,303 [pool-392-thread-1] INFO  server.RaftServerConfigKeys (ConfUtils.java:logGet(44)) - raft.server.snapshot.auto.trigger.enabled = true (custom)
2020-07-24 03:08:14,303 [pool-392-thread-1] INFO  server.RaftServerConfigKeys (ConfUtils.java:logGet(44)) - raft.server.snapshot.auto.trigger.threshold = 10000 (custom)
2020-07-24 03:08:14,303 [pool-392-thread-1] INFO  server.RaftServerConfigKeys (ConfUtils.java:logGet(44)) - raft.server.snapshot.retention.file.num = 5 (custom)
2020-07-24 03:08:14,304 [pool-392-thread-1] INFO  server.RaftServerConfigKeys (ConfUtils.java:logGet(44)) - raft.server.log.purge.upto.snapshot.index = false (default)
2020-07-24 03:08:14,304 [pool-392-thread-1] INFO  server.RaftServerConfigKeys (ConfUtils.java:logGet(44)) - raft.server.retrycache.expirytime = 600000ms (custom)
2020-07-24 03:08:14,304 [pool-392-thread-1] INFO  metrics.RatisMetrics (RatisMetrics.java:lambda$create$0(36)) - Creating Metrics Registry : ratis.leader_election.ef05ffb5-aa81-4044-bbcc-ef5ea51c2a16@group-8C591323D0CB
2020-07-24 03:08:14,304 [pool-392-thread-1] INFO  metrics.RatisMetrics (RatisMetrics.java:lambda$create$0(36)) - Creating Metrics Registry : ratis.server.ef05ffb5-aa81-4044-bbcc-ef5ea51c2a16@group-8C591323D0CB
2020-07-24 03:08:14,306 [pool-392-thread-1] INFO  impl.RaftServerImpl (RaftServerImpl.java:start(196)) - ef05ffb5-aa81-4044-bbcc-ef5ea51c2a16@group-8C591323D0CB: start as a follower, conf=-1: [ef05ffb5-aa81-4044-bbcc-ef5ea51c2a16:172.17.0.2:38667], old=null
2020-07-24 03:08:14,306 [pool-392-thread-1] INFO  impl.RaftServerImpl (RaftServerImpl.java:setRole(185)) - ef05ffb5-aa81-4044-bbcc-ef5ea51c2a16@group-8C591323D0CB: changes role from      null to FOLLOWER at term 0 for startAsFollower
2020-07-24 03:08:14,306 [pool-392-thread-1] INFO  impl.RoleInfo (RoleInfo.java:updateAndGet(143)) - ef05ffb5-aa81-4044-bbcc-ef5ea51c2a16: start FollowerState
2020-07-24 03:08:14,306 [pool-392-thread-1] INFO  util.JmxRegister (JmxRegister.java:tryRegister(44)) - Successfully registered JMX Bean with object name Ratis:service=RaftServer,group=group-8C591323D0CB,id=ef05ffb5-aa81-4044-bbcc-ef5ea51c2a16
2020-07-24 03:08:14,306 [pool-392-thread-1] INFO  metrics.RatisMetrics (RatisMetrics.java:lambda$create$0(36)) - Creating Metrics Registry : ratis.state_machine.ef05ffb5-aa81-4044-bbcc-ef5ea51c2a16@group-8C591323D0CB
2020-07-24 03:08:14,307 [Command processor thread] INFO  commandhandler.CreatePipelineCommandHandler (CreatePipelineCommandHandler.java:handle(109)) - Created Pipeline RATIS ONE #id: "87b63220-dd89-4a93-b875-8c591323d0cb"
uuid128 {
  mostSigBits: -8667685316090836333
  leastSigBits: -5155059884254572341
}
.
2020-07-24 03:08:14,307 [Command processor thread] INFO  impl.RaftServerProxy (RaftServerProxy.java:addNew(89)) - ef05ffb5-aa81-4044-bbcc-ef5ea51c2a16: addNew group-C6D6CFF30BED:[54c6cd85-2842-44da-844c-41bdb0d83551:172.17.0.2:36693, ec8340d6-a662-4952-84a8-2c663fc0262a:172.17.0.2:36039, ef05ffb5-aa81-4044-bbcc-ef5ea51c2a16:172.17.0.2:38667] returns group-C6D6CFF30BED:java.util.concurrent.CompletableFuture@1ea49e9b[Not completed]
2020-07-24 03:08:14,308 [pool-392-thread-1] INFO  impl.RaftServerImpl (RaftServerImpl.java:<init>(107)) - ef05ffb5-aa81-4044-bbcc-ef5ea51c2a16: new RaftServerImpl for group-C6D6CFF30BED:[54c6cd85-2842-44da-844c-41bdb0d83551:172.17.0.2:36693, ec8340d6-a662-4952-84a8-2c663fc0262a:172.17.0.2:36039, ef05ffb5-aa81-4044-bbcc-ef5ea51c2a16:172.17.0.2:38667] with ContainerStateMachine:uninitialized
2020-07-24 03:08:14,308 [pool-392-thread-1] INFO  server.RaftServerConfigKeys (ConfUtils.java:logGet(44)) - raft.server.rpc.timeout.min = 5s (custom)
2020-07-24 03:08:14,308 [pool-392-thread-1] INFO  server.RaftServerConfigKeys (ConfUtils.java:logGet(44)) - raft.server.rpc.timeout.max = 5200ms (custom)
2020-07-24 03:08:14,308 [pool-392-thread-1] INFO  server.RaftServerConfigKeys (ConfUtils.java:logGet(44)) - raft.server.rpcslowness.timeout = 300000ms (custom)
2020-07-24 03:08:14,308 [pool-392-thread-1] INFO  server.RaftServerConfigKeys (ConfUtils.java:logGet(44)) - raft.server.sleep.deviation.threshold = 300 (default)
2020-07-24 03:08:14,308 [pool-392-thread-1] INFO  server.RaftServerConfigKeys (ConfUtils.java:logGet(44)) - raft.server.log.appender.install.snapshot.enabled = false (custom)
2020-07-24 03:08:14,308 [pool-392-thread-1] INFO  impl.RaftServerImpl (ServerState.java:<init>(103)) - ef05ffb5-aa81-4044-bbcc-ef5ea51c2a16@group-C6D6CFF30BED: ConfigurationManager, init=-1: [54c6cd85-2842-44da-844c-41bdb0d83551:172.17.0.2:36693, ec8340d6-a662-4952-84a8-2c663fc0262a:172.17.0.2:36039, ef05ffb5-aa81-4044-bbcc-ef5ea51c2a16:172.17.0.2:38667], old=null, confs=<EMPTY_MAP>
2020-07-24 03:08:14,308 [pool-392-thread-1] INFO  server.RaftServerConfigKeys (ConfUtils.java:logGet(44)) - raft.server.storage.dir = [/github/workspace/mnt/ozone/hadoop-ozone/integration-test/target/test-dir/MiniOzoneClusterImpl-7a66fb8e-ad0e-46df-b237-2ffa69f4ef17/datanode-3/data/ratis] (custom)
2020-07-24 03:08:14,309 [pool-392-thread-1] INFO  server.RaftServerConfigKeys (ConfUtils.java:logGet(44)) - raft.server.log.corruption.policy = EXCEPTION (default)
2020-07-24 03:08:14,309 [pool-392-thread-1] INFO  storage.RaftStorageDirectory (RaftStorageDirectory.java:analyzeStorage(261)) - The storage directory /github/workspace/mnt/ozone/hadoop-ozone/integration-test/target/test-dir/MiniOzoneClusterImpl-7a66fb8e-ad0e-46df-b237-2ffa69f4ef17/datanode-3/data/ratis/7764634a-aeed-42a8-868f-c6d6cff30bed does not exist. Creating ...
2020-07-24 03:08:14,312 [pool-392-thread-1] INFO  storage.RaftStorageDirectory (RaftStorageDirectory.java:tryLock(343)) - Lock on /github/workspace/mnt/ozone/hadoop-ozone/integration-test/target/test-dir/MiniOzoneClusterImpl-7a66fb8e-ad0e-46df-b237-2ffa69f4ef17/datanode-3/data/ratis/7764634a-aeed-42a8-868f-c6d6cff30bed/in_use.lock acquired by nodename 27121@bae25e63820f
2020-07-24 03:08:14,313 [pool-392-thread-1] INFO  storage.RaftStorage (RaftStorage.java:format(84)) - Storage directory /github/workspace/mnt/ozone/hadoop-ozone/integration-test/target/test-dir/MiniOzoneClusterImpl-7a66fb8e-ad0e-46df-b237-2ffa69f4ef17/datanode-3/data/ratis/7764634a-aeed-42a8-868f-c6d6cff30bed has been successfully formatted.
2020-07-24 03:08:14,313 [pool-392-thread-1] INFO  ratis.ContainerStateMachine (ContainerStateMachine.java:loadSnapshot(225)) - group-C6D6CFF30BED: The snapshot info is null. Setting the last applied indexto:(t:0, i:~)
2020-07-24 03:08:14,314 [pool-392-thread-1] INFO  server.RaftServerConfigKeys (ConfUtils.java:logGet(44)) - raft.server.notification.no-leader.timeout = 300000ms (custom)
2020-07-24 03:08:14,315 [pool-392-thread-1] INFO  server.RaftServerConfigKeys (ConfUtils.java:logGet(44)) - raft.server.log.use.memory = false (default)
2020-07-24 03:08:14,315 [pool-392-thread-1] INFO  server.RaftServerConfigKeys (ConfUtils.java:logGet(44)) - raft.server.log.purge.gap = 1000000 (custom)
2020-07-24 03:08:14,316 [pool-392-thread-1] INFO  metrics.RatisMetrics (RatisMetrics.java:lambda$create$0(36)) - Creating Metrics Registry : ratis.log_worker.ef05ffb5-aa81-4044-bbcc-ef5ea51c2a16@group-C6D6CFF30BED
2020-07-24 03:08:14,316 [pool-392-thread-1] INFO  server.RaftServerConfigKeys (ConfUtils.java:logGet(44)) - raft.server.log.appender.buffer.byte-limit = 33554432 (custom)
2020-07-24 03:08:14,317 [pool-392-thread-1] INFO  server.RaftServerConfigKeys (ConfUtils.java:logGet(44)) - raft.server.log.segment.size.max = 1048576 (custom)
2020-07-24 03:08:14,317 [pool-392-thread-1] INFO  server.RaftServerConfigKeys (ConfUtils.java:logGet(44)) - raft.server.log.segment.cache.num.max = 2 (custom)
2020-07-24 03:08:14,317 [pool-392-thread-1] INFO  segmented.SegmentedRaftLogWorker (SegmentedRaftLogWorker.java:<init>(180)) - new ef05ffb5-aa81-4044-bbcc-ef5ea51c2a16@group-C6D6CFF30BED-SegmentedRaftLogWorker for RaftStorage:Storage Directory /github/workspace/mnt/ozone/hadoop-ozone/integration-test/target/test-dir/MiniOzoneClusterImpl-7a66fb8e-ad0e-46df-b237-2ffa69f4ef17/datanode-3/data/ratis/7764634a-aeed-42a8-868f-c6d6cff30bed
2020-07-24 03:08:14,317 [pool-392-thread-1] INFO  server.RaftServerConfigKeys (ConfUtils.java:logGet(44)) - raft.server.log.queue.byte-limit = 2147483647 (custom)
2020-07-24 03:08:14,317 [pool-392-thread-1] INFO  server.RaftServerConfigKeys (ConfUtils.java:logGet(44)) - raft.server.log.queue.element-limit = 1024 (custom)
2020-07-24 03:08:14,318 [pool-392-thread-1] INFO  server.RaftServerConfigKeys (ConfUtils.java:logGet(44)) - raft.server.log.segment.size.max = 1048576 (custom)
2020-07-24 03:08:14,318 [pool-392-thread-1] INFO  server.RaftServerConfigKeys (ConfUtils.java:logGet(44)) - raft.server.log.preallocated.size = 16384 (custom)
2020-07-24 03:08:14,318 [pool-392-thread-1] INFO  server.RaftServerConfigKeys (ConfUtils.java:logGet(44)) - raft.server.log.write.buffer.size = 1048576 (custom)
2020-07-24 03:08:14,318 [pool-392-thread-1] INFO  server.RaftServerConfigKeys (ConfUtils.java:logGet(44)) - raft.server.log.force.sync.num = 128 (default)
2020-07-24 03:08:14,318 [pool-392-thread-1] INFO  server.RaftServerConfigKeys (ConfUtils.java:logGet(44)) - raft.server.log.statemachine.data.sync = true (default)
2020-07-24 03:08:14,318 [pool-392-thread-1] INFO  server.RaftServerConfigKeys (ConfUtils.java:logGet(44)) - raft.server.log.statemachine.data.sync.timeout = 10s (default)
2020-07-24 03:08:14,318 [pool-392-thread-1] INFO  server.RaftServerConfigKeys (ConfUtils.java:logGet(44)) - raft.server.log.statemachine.data.sync.timeout.retry = -1 (default)
2020-07-24 03:08:14,320 [pool-392-thread-1] INFO  server.RaftServerConfigKeys (ConfUtils.java:logGet(44)) - raft.server.log.statemachine.data.caching.enabled = true (custom)
2020-07-24 03:08:14,320 [pool-392-thread-1] INFO  segmented.SegmentedRaftLogWorker (SegmentedRaftLogWorker.java:lambda$new$0(129)) - ef05ffb5-aa81-4044-bbcc-ef5ea51c2a16@group-C6D6CFF30BED-SegmentedRaftLogWorker: flushIndex: setUnconditionally 0 -> -1
2020-07-24 03:08:14,320 [pool-392-thread-1] INFO  segmented.SegmentedRaftLogWorker (SegmentedRaftLogWorker.java:lambda$new$0(129)) - ef05ffb5-aa81-4044-bbcc-ef5ea51c2a16@group-C6D6CFF30BED-SegmentedRaftLogWorker: safeCacheEvictIndex: setUnconditionally 0 -> -1
2020-07-24 03:08:14,325 [pool-392-thread-1] INFO  server.RaftServerConfigKeys (ConfUtils.java:logGet(44)) - raft.server.snapshot.auto.trigger.enabled = true (custom)
2020-07-24 03:08:14,325 [pool-392-thread-1] INFO  server.RaftServerConfigKeys (ConfUtils.java:logGet(44)) - raft.server.snapshot.auto.trigger.threshold = 10000 (custom)
2020-07-24 03:08:14,325 [pool-392-thread-1] INFO  server.RaftServerConfigKeys (ConfUtils.java:logGet(44)) - raft.server.snapshot.retention.file.num = 5 (custom)
2020-07-24 03:08:14,325 [pool-392-thread-1] INFO  server.RaftServerConfigKeys (ConfUtils.java:logGet(44)) - raft.server.log.purge.upto.snapshot.index = false (default)
2020-07-24 03:08:14,326 [pool-392-thread-1] INFO  server.RaftServerConfigKeys (ConfUtils.java:logGet(44)) - raft.server.retrycache.expirytime = 600000ms (custom)
2020-07-24 03:08:14,326 [pool-392-thread-1] INFO  metrics.RatisMetrics (RatisMetrics.java:lambda$create$0(36)) - Creating Metrics Registry : ratis.leader_election.ef05ffb5-aa81-4044-bbcc-ef5ea51c2a16@group-C6D6CFF30BED
2020-07-24 03:08:14,326 [pool-392-thread-1] INFO  metrics.RatisMetrics (RatisMetrics.java:lambda$create$0(36)) - Creating Metrics Registry : ratis.server.ef05ffb5-aa81-4044-bbcc-ef5ea51c2a16@group-C6D6CFF30BED
2020-07-24 03:08:14,327 [pool-392-thread-1] INFO  impl.RaftServerImpl (RaftServerImpl.java:start(196)) - ef05ffb5-aa81-4044-bbcc-ef5ea51c2a16@group-C6D6CFF30BED: start as a follower, conf=-1: [54c6cd85-2842-44da-844c-41bdb0d83551:172.17.0.2:36693, ec8340d6-a662-4952-84a8-2c663fc0262a:172.17.0.2:36039, ef05ffb5-aa81-4044-bbcc-ef5ea51c2a16:172.17.0.2:38667], old=null
2020-07-24 03:08:14,327 [pool-392-thread-1] INFO  impl.RaftServerImpl (RaftServerImpl.java:setRole(185)) - ef05ffb5-aa81-4044-bbcc-ef5ea51c2a16@group-C6D6CFF30BED: changes role from      null to FOLLOWER at term 0 for startAsFollower
2020-07-24 03:08:14,327 [pool-392-thread-1] INFO  impl.RoleInfo (RoleInfo.java:updateAndGet(143)) - ef05ffb5-aa81-4044-bbcc-ef5ea51c2a16: start FollowerState
2020-07-24 03:08:14,327 [pool-392-thread-1] INFO  util.JmxRegister (JmxRegister.java:tryRegister(44)) - Successfully registered JMX Bean with object name Ratis:service=RaftServer,group=group-C6D6CFF30BED,id=ef05ffb5-aa81-4044-bbcc-ef5ea51c2a16
2020-07-24 03:08:14,328 [pool-392-thread-1] INFO  metrics.RatisMetrics (RatisMetrics.java:lambda$create$0(36)) - Creating Metrics Registry : ratis.state_machine.ef05ffb5-aa81-4044-bbcc-ef5ea51c2a16@group-C6D6CFF30BED
2020-07-24 03:08:14,335 [grpc-default-executor-3] INFO  impl.RaftServerProxy (RaftServerProxy.java:addNew(89)) - ec8340d6-a662-4952-84a8-2c663fc0262a: addNew group-C6D6CFF30BED:[54c6cd85-2842-44da-844c-41bdb0d83551:172.17.0.2:36693, ec8340d6-a662-4952-84a8-2c663fc0262a:172.17.0.2:36039, ef05ffb5-aa81-4044-bbcc-ef5ea51c2a16:172.17.0.2:38667] returns group-C6D6CFF30BED:java.util.concurrent.CompletableFuture@57587378[Not completed]
2020-07-24 03:08:14,335 [pool-422-thread-1] INFO  impl.RaftServerImpl (RaftServerImpl.java:<init>(107)) - ec8340d6-a662-4952-84a8-2c663fc0262a: new RaftServerImpl for group-C6D6CFF30BED:[54c6cd85-2842-44da-844c-41bdb0d83551:172.17.0.2:36693, ec8340d6-a662-4952-84a8-2c663fc0262a:172.17.0.2:36039, ef05ffb5-aa81-4044-bbcc-ef5ea51c2a16:172.17.0.2:38667] with ContainerStateMachine:uninitialized
2020-07-24 03:08:14,335 [pool-422-thread-1] INFO  server.RaftServerConfigKeys (ConfUtils.java:logGet(44)) - raft.server.rpc.timeout.min = 5s (custom)
2020-07-24 03:08:14,335 [pool-422-thread-1] INFO  server.RaftServerConfigKeys (ConfUtils.java:logGet(44)) - raft.server.rpc.timeout.max = 5200ms (custom)
2020-07-24 03:08:14,335 [pool-422-thread-1] INFO  server.RaftServerConfigKeys (ConfUtils.java:logGet(44)) - raft.server.rpcslowness.timeout = 300000ms (custom)
2020-07-24 03:08:14,335 [pool-422-thread-1] INFO  server.RaftServerConfigKeys (ConfUtils.java:logGet(44)) - raft.server.sleep.deviation.threshold = 300 (default)
2020-07-24 03:08:14,336 [pool-422-thread-1] INFO  server.RaftServerConfigKeys (ConfUtils.java:logGet(44)) - raft.server.log.appender.install.snapshot.enabled = false (custom)
2020-07-24 03:08:14,336 [pool-422-thread-1] INFO  impl.RaftServerImpl (ServerState.java:<init>(103)) - ec8340d6-a662-4952-84a8-2c663fc0262a@group-C6D6CFF30BED: ConfigurationManager, init=-1: [54c6cd85-2842-44da-844c-41bdb0d83551:172.17.0.2:36693, ec8340d6-a662-4952-84a8-2c663fc0262a:172.17.0.2:36039, ef05ffb5-aa81-4044-bbcc-ef5ea51c2a16:172.17.0.2:38667], old=null, confs=<EMPTY_MAP>
2020-07-24 03:08:14,336 [pool-422-thread-1] INFO  server.RaftServerConfigKeys (ConfUtils.java:logGet(44)) - raft.server.storage.dir = [/github/workspace/mnt/ozone/hadoop-ozone/integration-test/target/test-dir/MiniOzoneClusterImpl-7a66fb8e-ad0e-46df-b237-2ffa69f4ef17/datanode-5/data/ratis] (custom)
2020-07-24 03:08:14,336 [pool-422-thread-1] INFO  server.RaftServerConfigKeys (ConfUtils.java:logGet(44)) - raft.server.log.corruption.policy = EXCEPTION (default)
2020-07-24 03:08:14,336 [pool-422-thread-1] INFO  storage.RaftStorageDirectory (RaftStorageDirectory.java:analyzeStorage(261)) - The storage directory /github/workspace/mnt/ozone/hadoop-ozone/integration-test/target/test-dir/MiniOzoneClusterImpl-7a66fb8e-ad0e-46df-b237-2ffa69f4ef17/datanode-5/data/ratis/7764634a-aeed-42a8-868f-c6d6cff30bed does not exist. Creating ...
2020-07-24 03:08:14,337 [pool-422-thread-1] INFO  storage.RaftStorageDirectory (RaftStorageDirectory.java:tryLock(343)) - Lock on /github/workspace/mnt/ozone/hadoop-ozone/integration-test/target/test-dir/MiniOzoneClusterImpl-7a66fb8e-ad0e-46df-b237-2ffa69f4ef17/datanode-5/data/ratis/7764634a-aeed-42a8-868f-c6d6cff30bed/in_use.lock acquired by nodename 27121@bae25e63820f
2020-07-24 03:08:14,338 [pool-422-thread-1] INFO  storage.RaftStorage (RaftStorage.java:format(84)) - Storage directory /github/workspace/mnt/ozone/hadoop-ozone/integration-test/target/test-dir/MiniOzoneClusterImpl-7a66fb8e-ad0e-46df-b237-2ffa69f4ef17/datanode-5/data/ratis/7764634a-aeed-42a8-868f-c6d6cff30bed has been successfully formatted.
2020-07-24 03:08:14,338 [pool-422-thread-1] INFO  ratis.ContainerStateMachine (ContainerStateMachine.java:loadSnapshot(225)) - group-C6D6CFF30BED: The snapshot info is null. Setting the last applied indexto:(t:0, i:~)
2020-07-24 03:08:14,338 [pool-422-thread-1] INFO  server.RaftServerConfigKeys (ConfUtils.java:logGet(44)) - raft.server.notification.no-leader.timeout = 300000ms (custom)
2020-07-24 03:08:14,339 [pool-422-thread-1] INFO  server.RaftServerConfigKeys (ConfUtils.java:logGet(44)) - raft.server.log.use.memory = false (default)
2020-07-24 03:08:14,339 [pool-422-thread-1] INFO  server.RaftServerConfigKeys (ConfUtils.java:logGet(44)) - raft.server.log.purge.gap = 1000000 (custom)
2020-07-24 03:08:14,340 [pool-422-thread-1] INFO  metrics.RatisMetrics (RatisMetrics.java:lambda$create$0(36)) - Creating Metrics Registry : ratis.log_worker.ec8340d6-a662-4952-84a8-2c663fc0262a@group-C6D6CFF30BED
2020-07-24 03:08:14,340 [pool-422-thread-1] INFO  server.RaftServerConfigKeys (ConfUtils.java:logGet(44)) - raft.server.log.appender.buffer.byte-limit = 33554432 (custom)
2020-07-24 03:08:14,340 [pool-422-thread-1] INFO  server.RaftServerConfigKeys (ConfUtils.java:logGet(44)) - raft.server.log.segment.size.max = 1048576 (custom)
2020-07-24 03:08:14,341 [pool-422-thread-1] INFO  server.RaftServerConfigKeys (ConfUtils.java:logGet(44)) - raft.server.log.segment.cache.num.max = 2 (custom)
2020-07-24 03:08:14,341 [pool-422-thread-1] INFO  segmented.SegmentedRaftLogWorker (SegmentedRaftLogWorker.java:<init>(180)) - new ec8340d6-a662-4952-84a8-2c663fc0262a@group-C6D6CFF30BED-SegmentedRaftLogWorker for RaftStorage:Storage Directory /github/workspace/mnt/ozone/hadoop-ozone/integration-test/target/test-dir/MiniOzoneClusterImpl-7a66fb8e-ad0e-46df-b237-2ffa69f4ef17/datanode-5/data/ratis/7764634a-aeed-42a8-868f-c6d6cff30bed
2020-07-24 03:08:14,341 [pool-422-thread-1] INFO  server.RaftServerConfigKeys (ConfUtils.java:logGet(44)) - raft.server.log.queue.byte-limit = 2147483647 (custom)
2020-07-24 03:08:14,341 [pool-422-thread-1] INFO  server.RaftServerConfigKeys (ConfUtils.java:logGet(44)) - raft.server.log.queue.element-limit = 1024 (custom)
2020-07-24 03:08:14,341 [pool-422-thread-1] INFO  server.RaftServerConfigKeys (ConfUtils.java:logGet(44)) - raft.server.log.segment.size.max = 1048576 (custom)
2020-07-24 03:08:14,341 [pool-422-thread-1] INFO  server.RaftServerConfigKeys (ConfUtils.java:logGet(44)) - raft.server.log.preallocated.size = 16384 (custom)
2020-07-24 03:08:14,341 [pool-422-thread-1] INFO  server.RaftServerConfigKeys (ConfUtils.java:logGet(44)) - raft.server.log.write.buffer.size = 1048576 (custom)
2020-07-24 03:08:14,341 [pool-422-thread-1] INFO  server.RaftServerConfigKeys (ConfUtils.java:logGet(44)) - raft.server.log.force.sync.num = 128 (default)
2020-07-24 03:08:14,341 [pool-422-thread-1] INFO  server.RaftServerConfigKeys (ConfUtils.java:logGet(44)) - raft.server.log.statemachine.data.sync = true (default)
2020-07-24 03:08:14,341 [pool-422-thread-1] INFO  server.RaftServerConfigKeys (ConfUtils.java:logGet(44)) - raft.server.log.statemachine.data.sync.timeout = 10s (default)
2020-07-24 03:08:14,341 [pool-422-thread-1] INFO  server.RaftServerConfigKeys (ConfUtils.java:logGet(44)) - raft.server.log.statemachine.data.sync.timeout.retry = -1 (default)
2020-07-24 03:08:14,343 [pool-422-thread-1] INFO  server.RaftServerConfigKeys (ConfUtils.java:logGet(44)) - raft.server.log.statemachine.data.caching.enabled = true (custom)
2020-07-24 03:08:14,343 [pool-422-thread-1] INFO  segmented.SegmentedRaftLogWorker (SegmentedRaftLogWorker.java:lambda$new$0(129)) - ec8340d6-a662-4952-84a8-2c663fc0262a@group-C6D6CFF30BED-SegmentedRaftLogWorker: flushIndex: setUnconditionally 0 -> -1
2020-07-24 03:08:14,343 [pool-422-thread-1] INFO  segmented.SegmentedRaftLogWorker (SegmentedRaftLogWorker.java:lambda$new$0(129)) - ec8340d6-a662-4952-84a8-2c663fc0262a@group-C6D6CFF30BED-SegmentedRaftLogWorker: safeCacheEvictIndex: setUnconditionally 0 -> -1
2020-07-24 03:08:14,343 [pool-422-thread-1] INFO  server.RaftServerConfigKeys (ConfUtils.java:logGet(44)) - raft.server.snapshot.auto.trigger.enabled = true (custom)
2020-07-24 03:08:14,344 [pool-422-thread-1] INFO  server.RaftServerConfigKeys (ConfUtils.java:logGet(44)) - raft.server.snapshot.auto.trigger.threshold = 10000 (custom)
2020-07-24 03:08:14,344 [pool-422-thread-1] INFO  server.RaftServerConfigKeys (ConfUtils.java:logGet(44)) - raft.server.snapshot.retention.file.num = 5 (custom)
2020-07-24 03:08:14,344 [pool-422-thread-1] INFO  server.RaftServerConfigKeys (ConfUtils.java:logGet(44)) - raft.server.log.purge.upto.snapshot.index = false (default)
2020-07-24 03:08:14,344 [pool-422-thread-1] INFO  server.RaftServerConfigKeys (ConfUtils.java:logGet(44)) - raft.server.retrycache.expirytime = 600000ms (custom)
2020-07-24 03:08:14,344 [pool-422-thread-1] INFO  metrics.RatisMetrics (RatisMetrics.java:lambda$create$0(36)) - Creating Metrics Registry : ratis.leader_election.ec8340d6-a662-4952-84a8-2c663fc0262a@group-C6D6CFF30BED
2020-07-24 03:08:14,345 [pool-422-thread-1] INFO  metrics.RatisMetrics (RatisMetrics.java:lambda$create$0(36)) - Creating Metrics Registry : ratis.server.ec8340d6-a662-4952-84a8-2c663fc0262a@group-C6D6CFF30BED
2020-07-24 03:08:14,346 [pool-422-thread-1] INFO  impl.RaftServerImpl (RaftServerImpl.java:start(196)) - ec8340d6-a662-4952-84a8-2c663fc0262a@group-C6D6CFF30BED: start as a follower, conf=-1: [54c6cd85-2842-44da-844c-41bdb0d83551:172.17.0.2:36693, ec8340d6-a662-4952-84a8-2c663fc0262a:172.17.0.2:36039, ef05ffb5-aa81-4044-bbcc-ef5ea51c2a16:172.17.0.2:38667], old=null
2020-07-24 03:08:14,346 [pool-422-thread-1] INFO  impl.RaftServerImpl (RaftServerImpl.java:setRole(185)) - ec8340d6-a662-4952-84a8-2c663fc0262a@group-C6D6CFF30BED: changes role from      null to FOLLOWER at term 0 for startAsFollower
2020-07-24 03:08:14,346 [pool-422-thread-1] INFO  impl.RoleInfo (RoleInfo.java:updateAndGet(143)) - ec8340d6-a662-4952-84a8-2c663fc0262a: start FollowerState
2020-07-24 03:08:14,349 [pool-422-thread-1] INFO  util.JmxRegister (JmxRegister.java:tryRegister(44)) - Successfully registered JMX Bean with object name Ratis:service=RaftServer,group=group-C6D6CFF30BED,id=ec8340d6-a662-4952-84a8-2c663fc0262a
2020-07-24 03:08:14,349 [pool-422-thread-1] INFO  metrics.RatisMetrics (RatisMetrics.java:lambda$create$0(36)) - Creating Metrics Registry : ratis.state_machine.ec8340d6-a662-4952-84a8-2c663fc0262a@group-C6D6CFF30BED
2020-07-24 03:08:14,372 [grpc-default-executor-3] INFO  impl.RaftServerProxy (RaftServerProxy.java:addNew(89)) - 54c6cd85-2842-44da-844c-41bdb0d83551: addNew group-C6D6CFF30BED:[54c6cd85-2842-44da-844c-41bdb0d83551:172.17.0.2:36693, ec8340d6-a662-4952-84a8-2c663fc0262a:172.17.0.2:36039, ef05ffb5-aa81-4044-bbcc-ef5ea51c2a16:172.17.0.2:38667] returns group-C6D6CFF30BED:java.util.concurrent.CompletableFuture@20acfa66[Not completed]
2020-07-24 03:08:14,373 [pool-407-thread-1] INFO  impl.RaftServerImpl (RaftServerImpl.java:<init>(107)) - 54c6cd85-2842-44da-844c-41bdb0d83551: new RaftServerImpl for group-C6D6CFF30BED:[54c6cd85-2842-44da-844c-41bdb0d83551:172.17.0.2:36693, ec8340d6-a662-4952-84a8-2c663fc0262a:172.17.0.2:36039, ef05ffb5-aa81-4044-bbcc-ef5ea51c2a16:172.17.0.2:38667] with ContainerStateMachine:uninitialized
2020-07-24 03:08:14,373 [pool-407-thread-1] INFO  server.RaftServerConfigKeys (ConfUtils.java:logGet(44)) - raft.server.rpc.timeout.min = 5s (custom)
2020-07-24 03:08:14,373 [pool-407-thread-1] INFO  server.RaftServerConfigKeys (ConfUtils.java:logGet(44)) - raft.server.rpc.timeout.max = 5200ms (custom)
2020-07-24 03:08:14,373 [pool-407-thread-1] INFO  server.RaftServerConfigKeys (ConfUtils.java:logGet(44)) - raft.server.rpcslowness.timeout = 300000ms (custom)
2020-07-24 03:08:14,373 [pool-407-thread-1] INFO  server.RaftServerConfigKeys (ConfUtils.java:logGet(44)) - raft.server.sleep.deviation.threshold = 300 (default)
2020-07-24 03:08:14,373 [pool-407-thread-1] INFO  server.RaftServerConfigKeys (ConfUtils.java:logGet(44)) - raft.server.log.appender.install.snapshot.enabled = false (custom)
2020-07-24 03:08:14,374 [pool-407-thread-1] INFO  impl.RaftServerImpl (ServerState.java:<init>(103)) - 54c6cd85-2842-44da-844c-41bdb0d83551@group-C6D6CFF30BED: ConfigurationManager, init=-1: [54c6cd85-2842-44da-844c-41bdb0d83551:172.17.0.2:36693, ec8340d6-a662-4952-84a8-2c663fc0262a:172.17.0.2:36039, ef05ffb5-aa81-4044-bbcc-ef5ea51c2a16:172.17.0.2:38667], old=null, confs=<EMPTY_MAP>
2020-07-24 03:08:14,374 [pool-407-thread-1] INFO  server.RaftServerConfigKeys (ConfUtils.java:logGet(44)) - raft.server.storage.dir = [/github/workspace/mnt/ozone/hadoop-ozone/integration-test/target/test-dir/MiniOzoneClusterImpl-7a66fb8e-ad0e-46df-b237-2ffa69f4ef17/datanode-4/data/ratis] (custom)
2020-07-24 03:08:14,374 [pool-407-thread-1] INFO  server.RaftServerConfigKeys (ConfUtils.java:logGet(44)) - raft.server.log.corruption.policy = EXCEPTION (default)
2020-07-24 03:08:14,374 [pool-407-thread-1] INFO  storage.RaftStorageDirectory (RaftStorageDirectory.java:analyzeStorage(261)) - The storage directory /github/workspace/mnt/ozone/hadoop-ozone/integration-test/target/test-dir/MiniOzoneClusterImpl-7a66fb8e-ad0e-46df-b237-2ffa69f4ef17/datanode-4/data/ratis/7764634a-aeed-42a8-868f-c6d6cff30bed does not exist. Creating ...
2020-07-24 03:08:14,376 [pool-407-thread-1] INFO  storage.RaftStorageDirectory (RaftStorageDirectory.java:tryLock(343)) - Lock on /github/workspace/mnt/ozone/hadoop-ozone/integration-test/target/test-dir/MiniOzoneClusterImpl-7a66fb8e-ad0e-46df-b237-2ffa69f4ef17/datanode-4/data/ratis/7764634a-aeed-42a8-868f-c6d6cff30bed/in_use.lock acquired by nodename 27121@bae25e63820f
2020-07-24 03:08:14,377 [pool-407-thread-1] INFO  storage.RaftStorage (RaftStorage.java:format(84)) - Storage directory /github/workspace/mnt/ozone/hadoop-ozone/integration-test/target/test-dir/MiniOzoneClusterImpl-7a66fb8e-ad0e-46df-b237-2ffa69f4ef17/datanode-4/data/ratis/7764634a-aeed-42a8-868f-c6d6cff30bed has been successfully formatted.
2020-07-24 03:08:14,379 [pool-407-thread-1] INFO  ratis.ContainerStateMachine (ContainerStateMachine.java:loadSnapshot(225)) - group-C6D6CFF30BED: The snapshot info is null. Setting the last applied indexto:(t:0, i:~)
2020-07-24 03:08:14,380 [pool-407-thread-1] INFO  server.RaftServerConfigKeys (ConfUtils.java:logGet(44)) - raft.server.notification.no-leader.timeout = 300000ms (custom)
2020-07-24 03:08:14,380 [pool-407-thread-1] INFO  server.RaftServerConfigKeys (ConfUtils.java:logGet(44)) - raft.server.log.use.memory = false (default)
2020-07-24 03:08:14,380 [pool-407-thread-1] INFO  server.RaftServerConfigKeys (ConfUtils.java:logGet(44)) - raft.server.log.purge.gap = 1000000 (custom)
2020-07-24 03:08:14,380 [pool-407-thread-1] INFO  metrics.RatisMetrics (RatisMetrics.java:lambda$create$0(36)) - Creating Metrics Registry : ratis.log_worker.54c6cd85-2842-44da-844c-41bdb0d83551@group-C6D6CFF30BED
2020-07-24 03:08:14,380 [pool-407-thread-1] INFO  server.RaftServerConfigKeys (ConfUtils.java:logGet(44)) - raft.server.log.appender.buffer.byte-limit = 33554432 (custom)
2020-07-24 03:08:14,380 [pool-407-thread-1] INFO  server.RaftServerConfigKeys (ConfUtils.java:logGet(44)) - raft.server.log.segment.size.max = 1048576 (custom)
2020-07-24 03:08:14,381 [pool-407-thread-1] INFO  server.RaftServerConfigKeys (ConfUtils.java:logGet(44)) - raft.server.log.segment.cache.num.max = 2 (custom)
2020-07-24 03:08:14,381 [pool-407-thread-1] INFO  segmented.SegmentedRaftLogWorker (SegmentedRaftLogWorker.java:<init>(180)) - new 54c6cd85-2842-44da-844c-41bdb0d83551@group-C6D6CFF30BED-SegmentedRaftLogWorker for RaftStorage:Storage Directory /github/workspace/mnt/ozone/hadoop-ozone/integration-test/target/test-dir/MiniOzoneClusterImpl-7a66fb8e-ad0e-46df-b237-2ffa69f4ef17/datanode-4/data/ratis/7764634a-aeed-42a8-868f-c6d6cff30bed
2020-07-24 03:08:14,381 [pool-407-thread-1] INFO  server.RaftServerConfigKeys (ConfUtils.java:logGet(44)) - raft.server.log.queue.byte-limit = 2147483647 (custom)
2020-07-24 03:08:14,381 [pool-407-thread-1] INFO  server.RaftServerConfigKeys (ConfUtils.java:logGet(44)) - raft.server.log.queue.element-limit = 1024 (custom)
2020-07-24 03:08:14,381 [pool-407-thread-1] INFO  server.RaftServerConfigKeys (ConfUtils.java:logGet(44)) - raft.server.log.segment.size.max = 1048576 (custom)
2020-07-24 03:08:14,381 [pool-407-thread-1] INFO  server.RaftServerConfigKeys (ConfUtils.java:logGet(44)) - raft.server.log.preallocated.size = 16384 (custom)
2020-07-24 03:08:14,382 [pool-407-thread-1] INFO  server.RaftServerConfigKeys (ConfUtils.java:logGet(44)) - raft.server.log.write.buffer.size = 1048576 (custom)
2020-07-24 03:08:14,382 [pool-407-thread-1] INFO  server.RaftServerConfigKeys (ConfUtils.java:logGet(44)) - raft.server.log.force.sync.num = 128 (default)
2020-07-24 03:08:14,382 [pool-407-thread-1] INFO  server.RaftServerConfigKeys (ConfUtils.java:logGet(44)) - raft.server.log.statemachine.data.sync = true (default)
2020-07-24 03:08:14,382 [pool-407-thread-1] INFO  server.RaftServerConfigKeys (ConfUtils.java:logGet(44)) - raft.server.log.statemachine.data.sync.timeout = 10s (default)
2020-07-24 03:08:14,382 [pool-407-thread-1] INFO  server.RaftServerConfigKeys (ConfUtils.java:logGet(44)) - raft.server.log.statemachine.data.sync.timeout.retry = -1 (default)
2020-07-24 03:08:14,384 [pool-407-thread-1] INFO  server.RaftServerConfigKeys (ConfUtils.java:logGet(44)) - raft.server.log.statemachine.data.caching.enabled = true (custom)
2020-07-24 03:08:14,384 [pool-407-thread-1] INFO  segmented.SegmentedRaftLogWorker (SegmentedRaftLogWorker.java:lambda$new$0(129)) - 54c6cd85-2842-44da-844c-41bdb0d83551@group-C6D6CFF30BED-SegmentedRaftLogWorker: flushIndex: setUnconditionally 0 -> -1
2020-07-24 03:08:14,384 [pool-407-thread-1] INFO  segmented.SegmentedRaftLogWorker (SegmentedRaftLogWorker.java:lambda$new$0(129)) - 54c6cd85-2842-44da-844c-41bdb0d83551@group-C6D6CFF30BED-SegmentedRaftLogWorker: safeCacheEvictIndex: setUnconditionally 0 -> -1
2020-07-24 03:08:14,389 [pool-407-thread-1] INFO  server.RaftServerConfigKeys (ConfUtils.java:logGet(44)) - raft.server.snapshot.auto.trigger.enabled = true (custom)
2020-07-24 03:08:14,389 [pool-407-thread-1] INFO  server.RaftServerConfigKeys (ConfUtils.java:logGet(44)) - raft.server.snapshot.auto.trigger.threshold = 10000 (custom)
2020-07-24 03:08:14,389 [pool-407-thread-1] INFO  server.RaftServerConfigKeys (ConfUtils.java:logGet(44)) - raft.server.snapshot.retention.file.num = 5 (custom)
2020-07-24 03:08:14,389 [pool-407-thread-1] INFO  server.RaftServerConfigKeys (ConfUtils.java:logGet(44)) - raft.server.log.purge.upto.snapshot.index = false (default)
2020-07-24 03:08:14,389 [pool-407-thread-1] INFO  server.RaftServerConfigKeys (ConfUtils.java:logGet(44)) - raft.server.retrycache.expirytime = 600000ms (custom)
2020-07-24 03:08:14,389 [pool-407-thread-1] INFO  metrics.RatisMetrics (RatisMetrics.java:lambda$create$0(36)) - Creating Metrics Registry : ratis.leader_election.54c6cd85-2842-44da-844c-41bdb0d83551@group-C6D6CFF30BED
2020-07-24 03:08:14,390 [pool-407-thread-1] INFO  metrics.RatisMetrics (RatisMetrics.java:lambda$create$0(36)) - Creating Metrics Registry : ratis.server.54c6cd85-2842-44da-844c-41bdb0d83551@group-C6D6CFF30BED
2020-07-24 03:08:14,391 [pool-407-thread-1] INFO  impl.RaftServerImpl (RaftServerImpl.java:start(196)) - 54c6cd85-2842-44da-844c-41bdb0d83551@group-C6D6CFF30BED: start as a follower, conf=-1: [54c6cd85-2842-44da-844c-41bdb0d83551:172.17.0.2:36693, ec8340d6-a662-4952-84a8-2c663fc0262a:172.17.0.2:36039, ef05ffb5-aa81-4044-bbcc-ef5ea51c2a16:172.17.0.2:38667], old=null
2020-07-24 03:08:14,391 [pool-407-thread-1] INFO  impl.RaftServerImpl (RaftServerImpl.java:setRole(185)) - 54c6cd85-2842-44da-844c-41bdb0d83551@group-C6D6CFF30BED: changes role from      null to FOLLOWER at term 0 for startAsFollower
2020-07-24 03:08:14,391 [pool-407-thread-1] INFO  impl.RoleInfo (RoleInfo.java:updateAndGet(143)) - 54c6cd85-2842-44da-844c-41bdb0d83551: start FollowerState
2020-07-24 03:08:14,391 [pool-407-thread-1] INFO  util.JmxRegister (JmxRegister.java:tryRegister(44)) - Successfully registered JMX Bean with object name Ratis:service=RaftServer,group=group-C6D6CFF30BED,id=54c6cd85-2842-44da-844c-41bdb0d83551
2020-07-24 03:08:14,391 [pool-407-thread-1] INFO  metrics.RatisMetrics (RatisMetrics.java:lambda$create$0(36)) - Creating Metrics Registry : ratis.state_machine.54c6cd85-2842-44da-844c-41bdb0d83551@group-C6D6CFF30BED
2020-07-24 03:08:14,401 [Command processor thread] INFO  impl.RaftServerProxy (RaftServerProxy.java:addNew(89)) - 54c6cd85-2842-44da-844c-41bdb0d83551: addNew group-221D6BE8F61D:[54c6cd85-2842-44da-844c-41bdb0d83551:172.17.0.2:36693] returns group-221D6BE8F61D:java.util.concurrent.CompletableFuture@7f54dc8b[Not completed]
2020-07-24 03:08:14,402 [pool-407-thread-1] INFO  impl.RaftServerImpl (RaftServerImpl.java:<init>(107)) - 54c6cd85-2842-44da-844c-41bdb0d83551: new RaftServerImpl for group-221D6BE8F61D:[54c6cd85-2842-44da-844c-41bdb0d83551:172.17.0.2:36693] with ContainerStateMachine:uninitialized
2020-07-24 03:08:14,402 [pool-407-thread-1] INFO  server.RaftServerConfigKeys (ConfUtils.java:logGet(44)) - raft.server.rpc.timeout.min = 5s (custom)
2020-07-24 03:08:14,402 [pool-407-thread-1] INFO  server.RaftServerConfigKeys (ConfUtils.java:logGet(44)) - raft.server.rpc.timeout.max = 5200ms (custom)
2020-07-24 03:08:14,402 [pool-407-thread-1] INFO  server.RaftServerConfigKeys (ConfUtils.java:logGet(44)) - raft.server.rpcslowness.timeout = 300000ms (custom)
2020-07-24 03:08:14,402 [pool-407-thread-1] INFO  server.RaftServerConfigKeys (ConfUtils.java:logGet(44)) - raft.server.sleep.deviation.threshold = 300 (default)
2020-07-24 03:08:14,403 [pool-407-thread-1] INFO  server.RaftServerConfigKeys (ConfUtils.java:logGet(44)) - raft.server.log.appender.install.snapshot.enabled = false (custom)
2020-07-24 03:08:14,403 [pool-407-thread-1] INFO  impl.RaftServerImpl (ServerState.java:<init>(103)) - 54c6cd85-2842-44da-844c-41bdb0d83551@group-221D6BE8F61D: ConfigurationManager, init=-1: [54c6cd85-2842-44da-844c-41bdb0d83551:172.17.0.2:36693], old=null, confs=<EMPTY_MAP>
2020-07-24 03:08:14,403 [pool-407-thread-1] INFO  server.RaftServerConfigKeys (ConfUtils.java:logGet(44)) - raft.server.storage.dir = [/github/workspace/mnt/ozone/hadoop-ozone/integration-test/target/test-dir/MiniOzoneClusterImpl-7a66fb8e-ad0e-46df-b237-2ffa69f4ef17/datanode-4/data/ratis] (custom)
2020-07-24 03:08:14,403 [pool-407-thread-1] INFO  server.RaftServerConfigKeys (ConfUtils.java:logGet(44)) - raft.server.log.corruption.policy = EXCEPTION (default)
2020-07-24 03:08:14,403 [pool-407-thread-1] INFO  storage.RaftStorageDirectory (RaftStorageDirectory.java:analyzeStorage(261)) - The storage directory /github/workspace/mnt/ozone/hadoop-ozone/integration-test/target/test-dir/MiniOzoneClusterImpl-7a66fb8e-ad0e-46df-b237-2ffa69f4ef17/datanode-4/data/ratis/ac6a87b7-7498-425e-883d-221d6be8f61d does not exist. Creating ...
2020-07-24 03:08:14,404 [pool-407-thread-1] INFO  storage.RaftStorageDirectory (RaftStorageDirectory.java:tryLock(343)) - Lock on /github/workspace/mnt/ozone/hadoop-ozone/integration-test/target/test-dir/MiniOzoneClusterImpl-7a66fb8e-ad0e-46df-b237-2ffa69f4ef17/datanode-4/data/ratis/ac6a87b7-7498-425e-883d-221d6be8f61d/in_use.lock acquired by nodename 27121@bae25e63820f
2020-07-24 03:08:14,406 [pool-407-thread-1] INFO  storage.RaftStorage (RaftStorage.java:format(84)) - Storage directory /github/workspace/mnt/ozone/hadoop-ozone/integration-test/target/test-dir/MiniOzoneClusterImpl-7a66fb8e-ad0e-46df-b237-2ffa69f4ef17/datanode-4/data/ratis/ac6a87b7-7498-425e-883d-221d6be8f61d has been successfully formatted.
2020-07-24 03:08:14,406 [Command processor thread] INFO  commandhandler.CreatePipelineCommandHandler (CreatePipelineCommandHandler.java:handle(109)) - Created Pipeline RATIS THREE #id: "7764634a-aeed-42a8-868f-c6d6cff30bed"
uuid128 {
  mostSigBits: 8603110360598004392
  leastSigBits: -8750556925043471379
}
.
2020-07-24 03:08:14,408 [EventQueue-PipelineReportForPipelineReportHandler] INFO  pipeline.PipelineStateManager (PipelineStateManager.java:openPipeline(131)) - Pipeline Pipeline[ Id: ac6a87b7-7498-425e-883d-221d6be8f61d, Nodes: 54c6cd85-2842-44da-844c-41bdb0d83551{ip: 172.17.0.2, host: bae25e63820f, networkLocation: /default-rack, certSerialId: null}, Type:RATIS, Factor:ONE, State:ALLOCATED, leaderId:54c6cd85-2842-44da-844c-41bdb0d83551, CreationTimestamp2020-07-24T03:08:11.402Z] moved to OPEN state
2020-07-24 03:08:14,408 [EventQueue-OpenPipelineForHealthyPipelineSafeModeRule] INFO  safemode.SCMSafeModeManager (HealthyPipelineSafeModeRule.java:process(129)) - SCM in safe mode. Healthy pipelines reported count is 0, required healthy pipeline reported count is 1
2020-07-24 03:08:14,408 [EventQueue-OpenPipelineForOneReplicaPipelineSafeModeRule] INFO  safemode.SCMSafeModeManager (SCMSafeModeManager.java:validateSafeModeExitRules(214)) - AtleastOneDatanodeReportedRule rule is successfully validated
2020-07-24 03:08:14,409 [pool-407-thread-1] INFO  ratis.ContainerStateMachine (ContainerStateMachine.java:loadSnapshot(225)) - group-221D6BE8F61D: The snapshot info is null. Setting the last applied indexto:(t:0, i:~)
2020-07-24 03:08:14,409 [pool-407-thread-1] INFO  server.RaftServerConfigKeys (ConfUtils.java:logGet(44)) - raft.server.notification.no-leader.timeout = 300000ms (custom)
2020-07-24 03:08:14,409 [pool-407-thread-1] INFO  server.RaftServerConfigKeys (ConfUtils.java:logGet(44)) - raft.server.log.use.memory = false (default)
2020-07-24 03:08:14,409 [pool-407-thread-1] INFO  server.RaftServerConfigKeys (ConfUtils.java:logGet(44)) - raft.server.log.purge.gap = 1000000 (custom)
2020-07-24 03:08:14,409 [pool-407-thread-1] INFO  metrics.RatisMetrics (RatisMetrics.java:lambda$create$0(36)) - Creating Metrics Registry : ratis.log_worker.54c6cd85-2842-44da-844c-41bdb0d83551@group-221D6BE8F61D
2020-07-24 03:08:14,410 [pool-407-thread-1] INFO  server.RaftServerConfigKeys (ConfUtils.java:logGet(44)) - raft.server.log.appender.buffer.byte-limit = 33554432 (custom)
2020-07-24 03:08:14,410 [pool-407-thread-1] INFO  server.RaftServerConfigKeys (ConfUtils.java:logGet(44)) - raft.server.log.segment.size.max = 1048576 (custom)
2020-07-24 03:08:14,410 [pool-407-thread-1] INFO  server.RaftServerConfigKeys (ConfUtils.java:logGet(44)) - raft.server.log.segment.cache.num.max = 2 (custom)
2020-07-24 03:08:14,410 [pool-407-thread-1] INFO  segmented.SegmentedRaftLogWorker (SegmentedRaftLogWorker.java:<init>(180)) - new 54c6cd85-2842-44da-844c-41bdb0d83551@group-221D6BE8F61D-SegmentedRaftLogWorker for RaftStorage:Storage Directory /github/workspace/mnt/ozone/hadoop-ozone/integration-test/target/test-dir/MiniOzoneClusterImpl-7a66fb8e-ad0e-46df-b237-2ffa69f4ef17/datanode-4/data/ratis/ac6a87b7-7498-425e-883d-221d6be8f61d
2020-07-24 03:08:14,410 [pool-407-thread-1] INFO  server.RaftServerConfigKeys (ConfUtils.java:logGet(44)) - raft.server.log.queue.byte-limit = 2147483647 (custom)
2020-07-24 03:08:14,410 [pool-407-thread-1] INFO  server.RaftServerConfigKeys (ConfUtils.java:logGet(44)) - raft.server.log.queue.element-limit = 1024 (custom)
2020-07-24 03:08:14,411 [pool-407-thread-1] INFO  server.RaftServerConfigKeys (ConfUtils.java:logGet(44)) - raft.server.log.segment.size.max = 1048576 (custom)
2020-07-24 03:08:14,411 [pool-407-thread-1] INFO  server.RaftServerConfigKeys (ConfUtils.java:logGet(44)) - raft.server.log.preallocated.size = 16384 (custom)
2020-07-24 03:08:14,411 [pool-407-thread-1] INFO  server.RaftServerConfigKeys (ConfUtils.java:logGet(44)) - raft.server.log.write.buffer.size = 1048576 (custom)
2020-07-24 03:08:14,411 [pool-407-thread-1] INFO  server.RaftServerConfigKeys (ConfUtils.java:logGet(44)) - raft.server.log.force.sync.num = 128 (default)
2020-07-24 03:08:14,411 [pool-407-thread-1] INFO  server.RaftServerConfigKeys (ConfUtils.java:logGet(44)) - raft.server.log.statemachine.data.sync = true (default)
2020-07-24 03:08:14,411 [pool-407-thread-1] INFO  server.RaftServerConfigKeys (ConfUtils.java:logGet(44)) - raft.server.log.statemachine.data.sync.timeout = 10s (default)
2020-07-24 03:08:14,411 [pool-407-thread-1] INFO  server.RaftServerConfigKeys (ConfUtils.java:logGet(44)) - raft.server.log.statemachine.data.sync.timeout.retry = -1 (default)
2020-07-24 03:08:14,413 [pool-407-thread-1] INFO  server.RaftServerConfigKeys (ConfUtils.java:logGet(44)) - raft.server.log.statemachine.data.caching.enabled = true (custom)
2020-07-24 03:08:14,413 [pool-407-thread-1] INFO  segmented.SegmentedRaftLogWorker (SegmentedRaftLogWorker.java:lambda$new$0(129)) - 54c6cd85-2842-44da-844c-41bdb0d83551@group-221D6BE8F61D-SegmentedRaftLogWorker: flushIndex: setUnconditionally 0 -> -1
2020-07-24 03:08:14,413 [pool-407-thread-1] INFO  segmented.SegmentedRaftLogWorker (SegmentedRaftLogWorker.java:lambda$new$0(129)) - 54c6cd85-2842-44da-844c-41bdb0d83551@group-221D6BE8F61D-SegmentedRaftLogWorker: safeCacheEvictIndex: setUnconditionally 0 -> -1
2020-07-24 03:08:14,413 [pool-407-thread-1] INFO  server.RaftServerConfigKeys (ConfUtils.java:logGet(44)) - raft.server.snapshot.auto.trigger.enabled = true (custom)
2020-07-24 03:08:14,414 [pool-407-thread-1] INFO  server.RaftServerConfigKeys (ConfUtils.java:logGet(44)) - raft.server.snapshot.auto.trigger.threshold = 10000 (custom)
2020-07-24 03:08:14,414 [pool-407-thread-1] INFO  server.RaftServerConfigKeys (ConfUtils.java:logGet(44)) - raft.server.snapshot.retention.file.num = 5 (custom)
2020-07-24 03:08:14,414 [pool-407-thread-1] INFO  server.RaftServerConfigKeys (ConfUtils.java:logGet(44)) - raft.server.log.purge.upto.snapshot.index = false (default)
2020-07-24 03:08:14,414 [pool-407-thread-1] INFO  server.RaftServerConfigKeys (ConfUtils.java:logGet(44)) - raft.server.retrycache.expirytime = 600000ms (custom)
2020-07-24 03:08:14,414 [pool-407-thread-1] INFO  metrics.RatisMetrics (RatisMetrics.java:lambda$create$0(36)) - Creating Metrics Registry : ratis.leader_election.54c6cd85-2842-44da-844c-41bdb0d83551@group-221D6BE8F61D
2020-07-24 03:08:14,414 [pool-407-thread-1] INFO  metrics.RatisMetrics (RatisMetrics.java:lambda$create$0(36)) - Creating Metrics Registry : ratis.server.54c6cd85-2842-44da-844c-41bdb0d83551@group-221D6BE8F61D
2020-07-24 03:08:14,416 [pool-407-thread-1] INFO  impl.RaftServerImpl (RaftServerImpl.java:start(196)) - 54c6cd85-2842-44da-844c-41bdb0d83551@group-221D6BE8F61D: start as a follower, conf=-1: [54c6cd85-2842-44da-844c-41bdb0d83551:172.17.0.2:36693], old=null
2020-07-24 03:08:14,416 [pool-407-thread-1] INFO  impl.RaftServerImpl (RaftServerImpl.java:setRole(185)) - 54c6cd85-2842-44da-844c-41bdb0d83551@group-221D6BE8F61D: changes role from      null to FOLLOWER at term 0 for startAsFollower
2020-07-24 03:08:14,416 [pool-407-thread-1] INFO  impl.RoleInfo (RoleInfo.java:updateAndGet(143)) - 54c6cd85-2842-44da-844c-41bdb0d83551: start FollowerState
2020-07-24 03:08:14,416 [pool-407-thread-1] INFO  util.JmxRegister (JmxRegister.java:tryRegister(44)) - Successfully registered JMX Bean with object name Ratis:service=RaftServer,group=group-221D6BE8F61D,id=54c6cd85-2842-44da-844c-41bdb0d83551
2020-07-24 03:08:14,416 [pool-407-thread-1] INFO  metrics.RatisMetrics (RatisMetrics.java:lambda$create$0(36)) - Creating Metrics Registry : ratis.state_machine.54c6cd85-2842-44da-844c-41bdb0d83551@group-221D6BE8F61D
2020-07-24 03:08:14,417 [Command processor thread] INFO  commandhandler.CreatePipelineCommandHandler (CreatePipelineCommandHandler.java:handle(109)) - Created Pipeline RATIS ONE #id: "ac6a87b7-7498-425e-883d-221d6be8f61d"
uuid128 {
  mostSigBits: -6022852329649716642
  leastSigBits: -8629703801212176867
}
.
2020-07-24 03:08:14,529 [Command processor thread] INFO  impl.RaftServerProxy (RaftServerProxy.java:addNew(89)) - ec8340d6-a662-4952-84a8-2c663fc0262a: addNew group-091F715731E0:[ec8340d6-a662-4952-84a8-2c663fc0262a:172.17.0.2:36039] returns group-091F715731E0:java.util.concurrent.CompletableFuture@4eac3442[Not completed]
2020-07-24 03:08:14,530 [pool-422-thread-1] INFO  impl.RaftServerImpl (RaftServerImpl.java:<init>(107)) - ec8340d6-a662-4952-84a8-2c663fc0262a: new RaftServerImpl for group-091F715731E0:[ec8340d6-a662-4952-84a8-2c663fc0262a:172.17.0.2:36039] with ContainerStateMachine:uninitialized
2020-07-24 03:08:14,530 [pool-422-thread-1] INFO  server.RaftServerConfigKeys (ConfUtils.java:logGet(44)) - raft.server.rpc.timeout.min = 5s (custom)
2020-07-24 03:08:14,530 [pool-422-thread-1] INFO  server.RaftServerConfigKeys (ConfUtils.java:logGet(44)) - raft.server.rpc.timeout.max = 5200ms (custom)
2020-07-24 03:08:14,530 [pool-422-thread-1] INFO  server.RaftServerConfigKeys (ConfUtils.java:logGet(44)) - raft.server.rpcslowness.timeout = 300000ms (custom)
2020-07-24 03:08:14,530 [pool-422-thread-1] INFO  server.RaftServerConfigKeys (ConfUtils.java:logGet(44)) - raft.server.sleep.deviation.threshold = 300 (default)
2020-07-24 03:08:14,530 [pool-422-thread-1] INFO  server.RaftServerConfigKeys (ConfUtils.java:logGet(44)) - raft.server.log.appender.install.snapshot.enabled = false (custom)
2020-07-24 03:08:14,530 [pool-422-thread-1] INFO  impl.RaftServerImpl (ServerState.java:<init>(103)) - ec8340d6-a662-4952-84a8-2c663fc0262a@group-091F715731E0: ConfigurationManager, init=-1: [ec8340d6-a662-4952-84a8-2c663fc0262a:172.17.0.2:36039], old=null, confs=<EMPTY_MAP>
2020-07-24 03:08:14,530 [pool-422-thread-1] INFO  server.RaftServerConfigKeys (ConfUtils.java:logGet(44)) - raft.server.storage.dir = [/github/workspace/mnt/ozone/hadoop-ozone/integration-test/target/test-dir/MiniOzoneClusterImpl-7a66fb8e-ad0e-46df-b237-2ffa69f4ef17/datanode-5/data/ratis] (custom)
2020-07-24 03:08:14,531 [pool-422-thread-1] INFO  server.RaftServerConfigKeys (ConfUtils.java:logGet(44)) - raft.server.log.corruption.policy = EXCEPTION (default)
2020-07-24 03:08:14,531 [pool-422-thread-1] INFO  storage.RaftStorageDirectory (RaftStorageDirectory.java:analyzeStorage(261)) - The storage directory /github/workspace/mnt/ozone/hadoop-ozone/integration-test/target/test-dir/MiniOzoneClusterImpl-7a66fb8e-ad0e-46df-b237-2ffa69f4ef17/datanode-5/data/ratis/8c765e7d-8986-4b10-a50d-091f715731e0 does not exist. Creating ...
2020-07-24 03:08:14,532 [pool-422-thread-1] INFO  storage.RaftStorageDirectory (RaftStorageDirectory.java:tryLock(343)) - Lock on /github/workspace/mnt/ozone/hadoop-ozone/integration-test/target/test-dir/MiniOzoneClusterImpl-7a66fb8e-ad0e-46df-b237-2ffa69f4ef17/datanode-5/data/ratis/8c765e7d-8986-4b10-a50d-091f715731e0/in_use.lock acquired by nodename 27121@bae25e63820f
2020-07-24 03:08:14,533 [pool-422-thread-1] INFO  storage.RaftStorage (RaftStorage.java:format(84)) - Storage directory /github/workspace/mnt/ozone/hadoop-ozone/integration-test/target/test-dir/MiniOzoneClusterImpl-7a66fb8e-ad0e-46df-b237-2ffa69f4ef17/datanode-5/data/ratis/8c765e7d-8986-4b10-a50d-091f715731e0 has been successfully formatted.
2020-07-24 03:08:14,534 [pool-422-thread-1] INFO  ratis.ContainerStateMachine (ContainerStateMachine.java:loadSnapshot(225)) - group-091F715731E0: The snapshot info is null. Setting the last applied indexto:(t:0, i:~)
2020-07-24 03:08:14,534 [pool-422-thread-1] INFO  server.RaftServerConfigKeys (ConfUtils.java:logGet(44)) - raft.server.notification.no-leader.timeout = 300000ms (custom)
2020-07-24 03:08:14,534 [pool-422-thread-1] INFO  server.RaftServerConfigKeys (ConfUtils.java:logGet(44)) - raft.server.log.use.memory = false (default)
2020-07-24 03:08:14,534 [pool-422-thread-1] INFO  server.RaftServerConfigKeys (ConfUtils.java:logGet(44)) - raft.server.log.purge.gap = 1000000 (custom)
2020-07-24 03:08:14,534 [pool-422-thread-1] INFO  metrics.RatisMetrics (RatisMetrics.java:lambda$create$0(36)) - Creating Metrics Registry : ratis.log_worker.ec8340d6-a662-4952-84a8-2c663fc0262a@group-091F715731E0
2020-07-24 03:08:14,534 [EventQueue-PipelineReportForPipelineReportHandler] INFO  pipeline.PipelineStateManager (PipelineStateManager.java:openPipeline(131)) - Pipeline Pipeline[ Id: 8c765e7d-8986-4b10-a50d-091f715731e0, Nodes: ec8340d6-a662-4952-84a8-2c663fc0262a{ip: 172.17.0.2, host: bae25e63820f, networkLocation: /default-rack, certSerialId: null}, Type:RATIS, Factor:ONE, State:ALLOCATED, leaderId:ec8340d6-a662-4952-84a8-2c663fc0262a, CreationTimestamp2020-07-24T03:08:11.531Z] moved to OPEN state
2020-07-24 03:08:14,535 [EventQueue-OpenPipelineForHealthyPipelineSafeModeRule] INFO  safemode.SCMSafeModeManager (HealthyPipelineSafeModeRule.java:process(129)) - SCM in safe mode. Healthy pipelines reported count is 0, required healthy pipeline reported count is 1
2020-07-24 03:08:14,535 [EventQueue-OpenPipelineForOneReplicaPipelineSafeModeRule] INFO  safemode.SCMSafeModeManager (SCMSafeModeManager.java:validateSafeModeExitRules(214)) - AtleastOneDatanodeReportedRule rule is successfully validated
2020-07-24 03:08:14,535 [pool-422-thread-1] INFO  server.RaftServerConfigKeys (ConfUtils.java:logGet(44)) - raft.server.log.appender.buffer.byte-limit = 33554432 (custom)
2020-07-24 03:08:14,535 [pool-422-thread-1] INFO  server.RaftServerConfigKeys (ConfUtils.java:logGet(44)) - raft.server.log.segment.size.max = 1048576 (custom)
2020-07-24 03:08:14,536 [pool-422-thread-1] INFO  server.RaftServerConfigKeys (ConfUtils.java:logGet(44)) - raft.server.log.segment.cache.num.max = 2 (custom)
2020-07-24 03:08:14,536 [pool-422-thread-1] INFO  segmented.SegmentedRaftLogWorker (SegmentedRaftLogWorker.java:<init>(180)) - new ec8340d6-a662-4952-84a8-2c663fc0262a@group-091F715731E0-SegmentedRaftLogWorker for RaftStorage:Storage Directory /github/workspace/mnt/ozone/hadoop-ozone/integration-test/target/test-dir/MiniOzoneClusterImpl-7a66fb8e-ad0e-46df-b237-2ffa69f4ef17/datanode-5/data/ratis/8c765e7d-8986-4b10-a50d-091f715731e0
2020-07-24 03:08:14,536 [pool-422-thread-1] INFO  server.RaftServerConfigKeys (ConfUtils.java:logGet(44)) - raft.server.log.queue.byte-limit = 2147483647 (custom)
2020-07-24 03:08:14,536 [pool-422-thread-1] INFO  server.RaftServerConfigKeys (ConfUtils.java:logGet(44)) - raft.server.log.queue.element-limit = 1024 (custom)
2020-07-24 03:08:14,536 [pool-422-thread-1] INFO  server.RaftServerConfigKeys (ConfUtils.java:logGet(44)) - raft.server.log.segment.size.max = 1048576 (custom)
2020-07-24 03:08:14,536 [pool-422-thread-1] INFO  server.RaftServerConfigKeys (ConfUtils.java:logGet(44)) - raft.server.log.preallocated.size = 16384 (custom)
2020-07-24 03:08:14,536 [pool-422-thread-1] INFO  server.RaftServerConfigKeys (ConfUtils.java:logGet(44)) - raft.server.log.write.buffer.size = 1048576 (custom)
2020-07-24 03:08:14,536 [pool-422-thread-1] INFO  server.RaftServerConfigKeys (ConfUtils.java:logGet(44)) - raft.server.log.force.sync.num = 128 (default)
2020-07-24 03:08:14,536 [pool-422-thread-1] INFO  server.RaftServerConfigKeys (ConfUtils.java:logGet(44)) - raft.server.log.statemachine.data.sync = true (default)
2020-07-24 03:08:14,536 [pool-422-thread-1] INFO  server.RaftServerConfigKeys (ConfUtils.java:logGet(44)) - raft.server.log.statemachine.data.sync.timeout = 10s (default)
2020-07-24 03:08:14,536 [pool-422-thread-1] INFO  server.RaftServerConfigKeys (ConfUtils.java:logGet(44)) - raft.server.log.statemachine.data.sync.timeout.retry = -1 (default)
2020-07-24 03:08:14,538 [pool-422-thread-1] INFO  server.RaftServerConfigKeys (ConfUtils.java:logGet(44)) - raft.server.log.statemachine.data.caching.enabled = true (custom)
2020-07-24 03:08:14,539 [pool-422-thread-1] INFO  segmented.SegmentedRaftLogWorker (SegmentedRaftLogWorker.java:lambda$new$0(129)) - ec8340d6-a662-4952-84a8-2c663fc0262a@group-091F715731E0-SegmentedRaftLogWorker: flushIndex: setUnconditionally 0 -> -1
2020-07-24 03:08:14,539 [pool-422-thread-1] INFO  segmented.SegmentedRaftLogWorker (SegmentedRaftLogWorker.java:lambda$new$0(129)) - ec8340d6-a662-4952-84a8-2c663fc0262a@group-091F715731E0-SegmentedRaftLogWorker: safeCacheEvictIndex: setUnconditionally 0 -> -1
2020-07-24 03:08:14,542 [pool-422-thread-1] INFO  server.RaftServerConfigKeys (ConfUtils.java:logGet(44)) - raft.server.snapshot.auto.trigger.enabled = true (custom)
2020-07-24 03:08:14,542 [pool-422-thread-1] INFO  server.RaftServerConfigKeys (ConfUtils.java:logGet(44)) - raft.server.snapshot.auto.trigger.threshold = 10000 (custom)
2020-07-24 03:08:14,542 [pool-422-thread-1] INFO  server.RaftServerConfigKeys (ConfUtils.java:logGet(44)) - raft.server.snapshot.retention.file.num = 5 (custom)
2020-07-24 03:08:14,543 [pool-422-thread-1] INFO  server.RaftServerConfigKeys (ConfUtils.java:logGet(44)) - raft.server.log.purge.upto.snapshot.index = false (default)
2020-07-24 03:08:14,543 [pool-422-thread-1] INFO  server.RaftServerConfigKeys (ConfUtils.java:logGet(44)) - raft.server.retrycache.expirytime = 600000ms (custom)
2020-07-24 03:08:14,543 [pool-422-thread-1] INFO  metrics.RatisMetrics (RatisMetrics.java:lambda$create$0(36)) - Creating Metrics Registry : ratis.leader_election.ec8340d6-a662-4952-84a8-2c663fc0262a@group-091F715731E0
2020-07-24 03:08:14,543 [pool-422-thread-1] INFO  metrics.RatisMetrics (RatisMetrics.java:lambda$create$0(36)) - Creating Metrics Registry : ratis.server.ec8340d6-a662-4952-84a8-2c663fc0262a@group-091F715731E0
2020-07-24 03:08:14,545 [pool-422-thread-1] INFO  impl.RaftServerImpl (RaftServerImpl.java:start(196)) - ec8340d6-a662-4952-84a8-2c663fc0262a@group-091F715731E0: start as a follower, conf=-1: [ec8340d6-a662-4952-84a8-2c663fc0262a:172.17.0.2:36039], old=null
2020-07-24 03:08:14,545 [pool-422-thread-1] INFO  impl.RaftServerImpl (RaftServerImpl.java:setRole(185)) - ec8340d6-a662-4952-84a8-2c663fc0262a@group-091F715731E0: changes role from      null to FOLLOWER at term 0 for startAsFollower
2020-07-24 03:08:14,545 [pool-422-thread-1] INFO  impl.RoleInfo (RoleInfo.java:updateAndGet(143)) - ec8340d6-a662-4952-84a8-2c663fc0262a: start FollowerState
2020-07-24 03:08:14,545 [pool-422-thread-1] INFO  util.JmxRegister (JmxRegister.java:tryRegister(44)) - Successfully registered JMX Bean with object name Ratis:service=RaftServer,group=group-091F715731E0,id=ec8340d6-a662-4952-84a8-2c663fc0262a
2020-07-24 03:08:14,545 [pool-422-thread-1] INFO  metrics.RatisMetrics (RatisMetrics.java:lambda$create$0(36)) - Creating Metrics Registry : ratis.state_machine.ec8340d6-a662-4952-84a8-2c663fc0262a@group-091F715731E0
2020-07-24 03:08:14,546 [Command processor thread] INFO  commandhandler.CreatePipelineCommandHandler (CreatePipelineCommandHandler.java:handle(109)) - Created Pipeline RATIS ONE #id: "8c765e7d-8986-4b10-a50d-091f715731e0"
uuid128 {
  mostSigBits: -8325362967876580592
  leastSigBits: -6553571852104027680
}
.
2020-07-24 03:08:14,654 [Command processor thread] INFO  impl.RaftServerProxy (RaftServerProxy.java:addNew(89)) - 78194aa3-cea5-45a1-a381-8dfca4cfa351: addNew group-CD592A7CC492:[78194aa3-cea5-45a1-a381-8dfca4cfa351:172.17.0.2:41231] returns group-CD592A7CC492:java.util.concurrent.CompletableFuture@68730630[Not completed]
2020-07-24 03:08:14,657 [pool-437-thread-1] INFO  impl.RaftServerImpl (RaftServerImpl.java:<init>(107)) - 78194aa3-cea5-45a1-a381-8dfca4cfa351: new RaftServerImpl for group-CD592A7CC492:[78194aa3-cea5-45a1-a381-8dfca4cfa351:172.17.0.2:41231] with ContainerStateMachine:uninitialized
2020-07-24 03:08:14,657 [pool-437-thread-1] INFO  server.RaftServerConfigKeys (ConfUtils.java:logGet(44)) - raft.server.rpc.timeout.min = 5s (custom)
2020-07-24 03:08:14,657 [pool-437-thread-1] INFO  server.RaftServerConfigKeys (ConfUtils.java:logGet(44)) - raft.server.rpc.timeout.max = 5200ms (custom)
2020-07-24 03:08:14,657 [pool-437-thread-1] INFO  server.RaftServerConfigKeys (ConfUtils.java:logGet(44)) - raft.server.rpcslowness.timeout = 300000ms (custom)
2020-07-24 03:08:14,658 [pool-437-thread-1] INFO  server.RaftServerConfigKeys (ConfUtils.java:logGet(44)) - raft.server.sleep.deviation.threshold = 300 (default)
2020-07-24 03:08:14,658 [pool-437-thread-1] INFO  server.RaftServerConfigKeys (ConfUtils.java:logGet(44)) - raft.server.log.appender.install.snapshot.enabled = false (custom)
2020-07-24 03:08:14,658 [pool-437-thread-1] INFO  impl.RaftServerImpl (ServerState.java:<init>(103)) - 78194aa3-cea5-45a1-a381-8dfca4cfa351@group-CD592A7CC492: ConfigurationManager, init=-1: [78194aa3-cea5-45a1-a381-8dfca4cfa351:172.17.0.2:41231], old=null, confs=<EMPTY_MAP>
2020-07-24 03:08:14,658 [pool-437-thread-1] INFO  server.RaftServerConfigKeys (ConfUtils.java:logGet(44)) - raft.server.storage.dir = [/github/workspace/mnt/ozone/hadoop-ozone/integration-test/target/test-dir/MiniOzoneClusterImpl-7a66fb8e-ad0e-46df-b237-2ffa69f4ef17/datanode-6/data/ratis] (custom)
2020-07-24 03:08:14,658 [pool-437-thread-1] INFO  server.RaftServerConfigKeys (ConfUtils.java:logGet(44)) - raft.server.log.corruption.policy = EXCEPTION (default)
2020-07-24 03:08:14,658 [pool-437-thread-1] INFO  storage.RaftStorageDirectory (RaftStorageDirectory.java:analyzeStorage(261)) - The storage directory /github/workspace/mnt/ozone/hadoop-ozone/integration-test/target/test-dir/MiniOzoneClusterImpl-7a66fb8e-ad0e-46df-b237-2ffa69f4ef17/datanode-6/data/ratis/5aa0f111-00ae-40ab-9c01-cd592a7cc492 does not exist. Creating ...
2020-07-24 03:08:14,659 [pool-437-thread-1] INFO  storage.RaftStorageDirectory (RaftStorageDirectory.java:tryLock(343)) - Lock on /github/workspace/mnt/ozone/hadoop-ozone/integration-test/target/test-dir/MiniOzoneClusterImpl-7a66fb8e-ad0e-46df-b237-2ffa69f4ef17/datanode-6/data/ratis/5aa0f111-00ae-40ab-9c01-cd592a7cc492/in_use.lock acquired by nodename 27121@bae25e63820f
2020-07-24 03:08:14,661 [pool-437-thread-1] INFO  storage.RaftStorage (RaftStorage.java:format(84)) - Storage directory /github/workspace/mnt/ozone/hadoop-ozone/integration-test/target/test-dir/MiniOzoneClusterImpl-7a66fb8e-ad0e-46df-b237-2ffa69f4ef17/datanode-6/data/ratis/5aa0f111-00ae-40ab-9c01-cd592a7cc492 has been successfully formatted.
2020-07-24 03:08:14,661 [pool-437-thread-1] INFO  ratis.ContainerStateMachine (ContainerStateMachine.java:loadSnapshot(225)) - group-CD592A7CC492: The snapshot info is null. Setting the last applied indexto:(t:0, i:~)
2020-07-24 03:08:14,661 [pool-437-thread-1] INFO  server.RaftServerConfigKeys (ConfUtils.java:logGet(44)) - raft.server.notification.no-leader.timeout = 300000ms (custom)
2020-07-24 03:08:14,661 [pool-437-thread-1] INFO  server.RaftServerConfigKeys (ConfUtils.java:logGet(44)) - raft.server.log.use.memory = false (default)
2020-07-24 03:08:14,662 [pool-437-thread-1] INFO  server.RaftServerConfigKeys (ConfUtils.java:logGet(44)) - raft.server.log.purge.gap = 1000000 (custom)
2020-07-24 03:08:14,663 [pool-437-thread-1] INFO  metrics.RatisMetrics (RatisMetrics.java:lambda$create$0(36)) - Creating Metrics Registry : ratis.log_worker.78194aa3-cea5-45a1-a381-8dfca4cfa351@group-CD592A7CC492
2020-07-24 03:08:14,663 [pool-437-thread-1] INFO  server.RaftServerConfigKeys (ConfUtils.java:logGet(44)) - raft.server.log.appender.buffer.byte-limit = 33554432 (custom)
2020-07-24 03:08:14,663 [pool-437-thread-1] INFO  server.RaftServerConfigKeys (ConfUtils.java:logGet(44)) - raft.server.log.segment.size.max = 1048576 (custom)
2020-07-24 03:08:14,663 [EventQueue-PipelineReportForPipelineReportHandler] INFO  pipeline.PipelineStateManager (PipelineStateManager.java:openPipeline(131)) - Pipeline Pipeline[ Id: 5aa0f111-00ae-40ab-9c01-cd592a7cc492, Nodes: 78194aa3-cea5-45a1-a381-8dfca4cfa351{ip: 172.17.0.2, host: bae25e63820f, networkLocation: /default-rack, certSerialId: null}, Type:RATIS, Factor:ONE, State:ALLOCATED, leaderId:78194aa3-cea5-45a1-a381-8dfca4cfa351, CreationTimestamp2020-07-24T03:08:11.654Z] moved to OPEN state
2020-07-24 03:08:14,663 [EventQueue-OpenPipelineForHealthyPipelineSafeModeRule] INFO  safemode.SCMSafeModeManager (HealthyPipelineSafeModeRule.java:process(129)) - SCM in safe mode. Healthy pipelines reported count is 0, required healthy pipeline reported count is 1
2020-07-24 03:08:14,664 [EventQueue-OpenPipelineForOneReplicaPipelineSafeModeRule] INFO  safemode.SCMSafeModeManager (SCMSafeModeManager.java:validateSafeModeExitRules(214)) - AtleastOneDatanodeReportedRule rule is successfully validated
2020-07-24 03:08:14,664 [pool-437-thread-1] INFO  server.RaftServerConfigKeys (ConfUtils.java:logGet(44)) - raft.server.log.segment.cache.num.max = 2 (custom)
2020-07-24 03:08:14,664 [pool-437-thread-1] INFO  segmented.SegmentedRaftLogWorker (SegmentedRaftLogWorker.java:<init>(180)) - new 78194aa3-cea5-45a1-a381-8dfca4cfa351@group-CD592A7CC492-SegmentedRaftLogWorker for RaftStorage:Storage Directory /github/workspace/mnt/ozone/hadoop-ozone/integration-test/target/test-dir/MiniOzoneClusterImpl-7a66fb8e-ad0e-46df-b237-2ffa69f4ef17/datanode-6/data/ratis/5aa0f111-00ae-40ab-9c01-cd592a7cc492
2020-07-24 03:08:14,664 [pool-437-thread-1] INFO  server.RaftServerConfigKeys (ConfUtils.java:logGet(44)) - raft.server.log.queue.byte-limit = 2147483647 (custom)
2020-07-24 03:08:14,664 [pool-437-thread-1] INFO  server.RaftServerConfigKeys (ConfUtils.java:logGet(44)) - raft.server.log.queue.element-limit = 1024 (custom)
2020-07-24 03:08:14,664 [pool-437-thread-1] INFO  server.RaftServerConfigKeys (ConfUtils.java:logGet(44)) - raft.server.log.segment.size.max = 1048576 (custom)
2020-07-24 03:08:14,664 [pool-437-thread-1] INFO  server.RaftServerConfigKeys (ConfUtils.java:logGet(44)) - raft.server.log.preallocated.size = 16384 (custom)
2020-07-24 03:08:14,664 [pool-437-thread-1] INFO  server.RaftServerConfigKeys (ConfUtils.java:logGet(44)) - raft.server.log.write.buffer.size = 1048576 (custom)
2020-07-24 03:08:14,664 [pool-437-thread-1] INFO  server.RaftServerConfigKeys (ConfUtils.java:logGet(44)) - raft.server.log.force.sync.num = 128 (default)
2020-07-24 03:08:14,665 [pool-437-thread-1] INFO  server.RaftServerConfigKeys (ConfUtils.java:logGet(44)) - raft.server.log.statemachine.data.sync = true (default)
2020-07-24 03:08:14,665 [pool-437-thread-1] INFO  server.RaftServerConfigKeys (ConfUtils.java:logGet(44)) - raft.server.log.statemachine.data.sync.timeout = 10s (default)
2020-07-24 03:08:14,665 [pool-437-thread-1] INFO  server.RaftServerConfigKeys (ConfUtils.java:logGet(44)) - raft.server.log.statemachine.data.sync.timeout.retry = -1 (default)
2020-07-24 03:08:14,667 [pool-437-thread-1] INFO  server.RaftServerConfigKeys (ConfUtils.java:logGet(44)) - raft.server.log.statemachine.data.caching.enabled = true (custom)
2020-07-24 03:08:14,667 [pool-437-thread-1] INFO  segmented.SegmentedRaftLogWorker (SegmentedRaftLogWorker.java:lambda$new$0(129)) - 78194aa3-cea5-45a1-a381-8dfca4cfa351@group-CD592A7CC492-SegmentedRaftLogWorker: flushIndex: setUnconditionally 0 -> -1
2020-07-24 03:08:14,667 [pool-437-thread-1] INFO  segmented.SegmentedRaftLogWorker (SegmentedRaftLogWorker.java:lambda$new$0(129)) - 78194aa3-cea5-45a1-a381-8dfca4cfa351@group-CD592A7CC492-SegmentedRaftLogWorker: safeCacheEvictIndex: setUnconditionally 0 -> -1
2020-07-24 03:08:14,668 [pool-437-thread-1] INFO  server.RaftServerConfigKeys (ConfUtils.java:logGet(44)) - raft.server.snapshot.auto.trigger.enabled = true (custom)
2020-07-24 03:08:14,668 [pool-437-thread-1] INFO  server.RaftServerConfigKeys (ConfUtils.java:logGet(44)) - raft.server.snapshot.auto.trigger.threshold = 10000 (custom)
2020-07-24 03:08:14,668 [pool-437-thread-1] INFO  server.RaftServerConfigKeys (ConfUtils.java:logGet(44)) - raft.server.snapshot.retention.file.num = 5 (custom)
2020-07-24 03:08:14,668 [pool-437-thread-1] INFO  server.RaftServerConfigKeys (ConfUtils.java:logGet(44)) - raft.server.log.purge.upto.snapshot.index = false (default)
2020-07-24 03:08:14,668 [pool-437-thread-1] INFO  server.RaftServerConfigKeys (ConfUtils.java:logGet(44)) - raft.server.retrycache.expirytime = 600000ms (custom)
2020-07-24 03:08:14,668 [pool-437-thread-1] INFO  metrics.RatisMetrics (RatisMetrics.java:lambda$create$0(36)) - Creating Metrics Registry : ratis.leader_election.78194aa3-cea5-45a1-a381-8dfca4cfa351@group-CD592A7CC492
2020-07-24 03:08:14,669 [pool-437-thread-1] INFO  metrics.RatisMetrics (RatisMetrics.java:lambda$create$0(36)) - Creating Metrics Registry : ratis.server.78194aa3-cea5-45a1-a381-8dfca4cfa351@group-CD592A7CC492
2020-07-24 03:08:14,670 [pool-437-thread-1] INFO  impl.RaftServerImpl (RaftServerImpl.java:start(196)) - 78194aa3-cea5-45a1-a381-8dfca4cfa351@group-CD592A7CC492: start as a follower, conf=-1: [78194aa3-cea5-45a1-a381-8dfca4cfa351:172.17.0.2:41231], old=null
2020-07-24 03:08:14,670 [pool-437-thread-1] INFO  impl.RaftServerImpl (RaftServerImpl.java:setRole(185)) - 78194aa3-cea5-45a1-a381-8dfca4cfa351@group-CD592A7CC492: changes role from      null to FOLLOWER at term 0 for startAsFollower
2020-07-24 03:08:14,670 [pool-437-thread-1] INFO  impl.RoleInfo (RoleInfo.java:updateAndGet(143)) - 78194aa3-cea5-45a1-a381-8dfca4cfa351: start FollowerState
2020-07-24 03:08:14,671 [pool-437-thread-1] INFO  util.JmxRegister (JmxRegister.java:tryRegister(44)) - Successfully registered JMX Bean with object name Ratis:service=RaftServer,group=group-CD592A7CC492,id=78194aa3-cea5-45a1-a381-8dfca4cfa351
2020-07-24 03:08:14,671 [pool-437-thread-1] INFO  metrics.RatisMetrics (RatisMetrics.java:lambda$create$0(36)) - Creating Metrics Registry : ratis.state_machine.78194aa3-cea5-45a1-a381-8dfca4cfa351@group-CD592A7CC492
2020-07-24 03:08:14,672 [Command processor thread] INFO  commandhandler.CreatePipelineCommandHandler (CreatePipelineCommandHandler.java:handle(109)) - Created Pipeline RATIS ONE #id: "5aa0f111-00ae-40ab-9c01-cd592a7cc492"
uuid128 {
  mostSigBits: 6530484515015377067
  leastSigBits: -7205252145967479662
}
.
2020-07-24 03:08:14,672 [Command processor thread] INFO  impl.RaftServerProxy (RaftServerProxy.java:addNew(89)) - 78194aa3-cea5-45a1-a381-8dfca4cfa351: addNew group-991DC916B611:[78194aa3-cea5-45a1-a381-8dfca4cfa351:172.17.0.2:41231, e388aaab-0923-4db4-bf46-c81346b36393:172.17.0.2:41099, b1effa6e-0839-4981-b888-c1f6d27077b4:172.17.0.2:45919] returns group-991DC916B611:java.util.concurrent.CompletableFuture@6c4c8fe6[Not completed]
2020-07-24 03:08:14,673 [pool-437-thread-1] INFO  impl.RaftServerImpl (RaftServerImpl.java:<init>(107)) - 78194aa3-cea5-45a1-a381-8dfca4cfa351: new RaftServerImpl for group-991DC916B611:[78194aa3-cea5-45a1-a381-8dfca4cfa351:172.17.0.2:41231, e388aaab-0923-4db4-bf46-c81346b36393:172.17.0.2:41099, b1effa6e-0839-4981-b888-c1f6d27077b4:172.17.0.2:45919] with ContainerStateMachine:uninitialized
2020-07-24 03:08:14,673 [pool-437-thread-1] INFO  server.RaftServerConfigKeys (ConfUtils.java:logGet(44)) - raft.server.rpc.timeout.min = 5s (custom)
2020-07-24 03:08:14,673 [pool-437-thread-1] INFO  server.RaftServerConfigKeys (ConfUtils.java:logGet(44)) - raft.server.rpc.timeout.max = 5200ms (custom)
2020-07-24 03:08:14,673 [pool-437-thread-1] INFO  server.RaftServerConfigKeys (ConfUtils.java:logGet(44)) - raft.server.rpcslowness.timeout = 300000ms (custom)
2020-07-24 03:08:14,673 [pool-437-thread-1] INFO  server.RaftServerConfigKeys (ConfUtils.java:logGet(44)) - raft.server.sleep.deviation.threshold = 300 (default)
2020-07-24 03:08:14,673 [pool-437-thread-1] INFO  server.RaftServerConfigKeys (ConfUtils.java:logGet(44)) - raft.server.log.appender.install.snapshot.enabled = false (custom)
2020-07-24 03:08:14,673 [pool-437-thread-1] INFO  impl.RaftServerImpl (ServerState.java:<init>(103)) - 78194aa3-cea5-45a1-a381-8dfca4cfa351@group-991DC916B611: ConfigurationManager, init=-1: [78194aa3-cea5-45a1-a381-8dfca4cfa351:172.17.0.2:41231, e388aaab-0923-4db4-bf46-c81346b36393:172.17.0.2:41099, b1effa6e-0839-4981-b888-c1f6d27077b4:172.17.0.2:45919], old=null, confs=<EMPTY_MAP>
2020-07-24 03:08:14,673 [pool-437-thread-1] INFO  server.RaftServerConfigKeys (ConfUtils.java:logGet(44)) - raft.server.storage.dir = [/github/workspace/mnt/ozone/hadoop-ozone/integration-test/target/test-dir/MiniOzoneClusterImpl-7a66fb8e-ad0e-46df-b237-2ffa69f4ef17/datanode-6/data/ratis] (custom)
2020-07-24 03:08:14,673 [pool-437-thread-1] INFO  server.RaftServerConfigKeys (ConfUtils.java:logGet(44)) - raft.server.log.corruption.policy = EXCEPTION (default)
2020-07-24 03:08:14,674 [pool-437-thread-1] INFO  storage.RaftStorageDirectory (RaftStorageDirectory.java:analyzeStorage(261)) - The storage directory /github/workspace/mnt/ozone/hadoop-ozone/integration-test/target/test-dir/MiniOzoneClusterImpl-7a66fb8e-ad0e-46df-b237-2ffa69f4ef17/datanode-6/data/ratis/c9fa7889-39c9-47ca-9258-991dc916b611 does not exist. Creating ...
2020-07-24 03:08:14,674 [pool-437-thread-1] INFO  storage.RaftStorageDirectory (RaftStorageDirectory.java:tryLock(343)) - Lock on /github/workspace/mnt/ozone/hadoop-ozone/integration-test/target/test-dir/MiniOzoneClusterImpl-7a66fb8e-ad0e-46df-b237-2ffa69f4ef17/datanode-6/data/ratis/c9fa7889-39c9-47ca-9258-991dc916b611/in_use.lock acquired by nodename 27121@bae25e63820f
2020-07-24 03:08:14,675 [pool-437-thread-1] INFO  storage.RaftStorage (RaftStorage.java:format(84)) - Storage directory /github/workspace/mnt/ozone/hadoop-ozone/integration-test/target/test-dir/MiniOzoneClusterImpl-7a66fb8e-ad0e-46df-b237-2ffa69f4ef17/datanode-6/data/ratis/c9fa7889-39c9-47ca-9258-991dc916b611 has been successfully formatted.
2020-07-24 03:08:14,676 [pool-437-thread-1] INFO  ratis.ContainerStateMachine (ContainerStateMachine.java:loadSnapshot(225)) - group-991DC916B611: The snapshot info is null. Setting the last applied indexto:(t:0, i:~)
2020-07-24 03:08:14,676 [pool-437-thread-1] INFO  server.RaftServerConfigKeys (ConfUtils.java:logGet(44)) - raft.server.notification.no-leader.timeout = 300000ms (custom)
2020-07-24 03:08:14,676 [pool-437-thread-1] INFO  server.RaftServerConfigKeys (ConfUtils.java:logGet(44)) - raft.server.log.use.memory = false (default)
2020-07-24 03:08:14,676 [pool-437-thread-1] INFO  server.RaftServerConfigKeys (ConfUtils.java:logGet(44)) - raft.server.log.purge.gap = 1000000 (custom)
2020-07-24 03:08:14,676 [pool-437-thread-1] INFO  metrics.RatisMetrics (RatisMetrics.java:lambda$create$0(36)) - Creating Metrics Registry : ratis.log_worker.78194aa3-cea5-45a1-a381-8dfca4cfa351@group-991DC916B611
2020-07-24 03:08:14,676 [pool-437-thread-1] INFO  server.RaftServerConfigKeys (ConfUtils.java:logGet(44)) - raft.server.log.appender.buffer.byte-limit = 33554432 (custom)
2020-07-24 03:08:14,676 [pool-437-thread-1] INFO  server.RaftServerConfigKeys (ConfUtils.java:logGet(44)) - raft.server.log.segment.size.max = 1048576 (custom)
2020-07-24 03:08:14,677 [pool-437-thread-1] INFO  server.RaftServerConfigKeys (ConfUtils.java:logGet(44)) - raft.server.log.segment.cache.num.max = 2 (custom)
2020-07-24 03:08:14,677 [pool-437-thread-1] INFO  segmented.SegmentedRaftLogWorker (SegmentedRaftLogWorker.java:<init>(180)) - new 78194aa3-cea5-45a1-a381-8dfca4cfa351@group-991DC916B611-SegmentedRaftLogWorker for RaftStorage:Storage Directory /github/workspace/mnt/ozone/hadoop-ozone/integration-test/target/test-dir/MiniOzoneClusterImpl-7a66fb8e-ad0e-46df-b237-2ffa69f4ef17/datanode-6/data/ratis/c9fa7889-39c9-47ca-9258-991dc916b611
2020-07-24 03:08:14,677 [pool-437-thread-1] INFO  server.RaftServerConfigKeys (ConfUtils.java:logGet(44)) - raft.server.log.queue.byte-limit = 2147483647 (custom)
2020-07-24 03:08:14,677 [pool-437-thread-1] INFO  server.RaftServerConfigKeys (ConfUtils.java:logGet(44)) - raft.server.log.queue.element-limit = 1024 (custom)
2020-07-24 03:08:14,678 [pool-437-thread-1] INFO  server.RaftServerConfigKeys (ConfUtils.java:logGet(44)) - raft.server.log.segment.size.max = 1048576 (custom)
2020-07-24 03:08:14,678 [pool-437-thread-1] INFO  server.RaftServerConfigKeys (ConfUtils.java:logGet(44)) - raft.server.log.preallocated.size = 16384 (custom)
2020-07-24 03:08:14,678 [pool-437-thread-1] INFO  server.RaftServerConfigKeys (ConfUtils.java:logGet(44)) - raft.server.log.write.buffer.size = 1048576 (custom)
2020-07-24 03:08:14,678 [pool-437-thread-1] INFO  server.RaftServerConfigKeys (ConfUtils.java:logGet(44)) - raft.server.log.force.sync.num = 128 (default)
2020-07-24 03:08:14,678 [pool-437-thread-1] INFO  server.RaftServerConfigKeys (ConfUtils.java:logGet(44)) - raft.server.log.statemachine.data.sync = true (default)
2020-07-24 03:08:14,678 [pool-437-thread-1] INFO  server.RaftServerConfigKeys (ConfUtils.java:logGet(44)) - raft.server.log.statemachine.data.sync.timeout = 10s (default)
2020-07-24 03:08:14,678 [pool-437-thread-1] INFO  server.RaftServerConfigKeys (ConfUtils.java:logGet(44)) - raft.server.log.statemachine.data.sync.timeout.retry = -1 (default)
2020-07-24 03:08:14,680 [pool-437-thread-1] INFO  server.RaftServerConfigKeys (ConfUtils.java:logGet(44)) - raft.server.log.statemachine.data.caching.enabled = true (custom)
2020-07-24 03:08:14,680 [pool-437-thread-1] INFO  segmented.SegmentedRaftLogWorker (SegmentedRaftLogWorker.java:lambda$new$0(129)) - 78194aa3-cea5-45a1-a381-8dfca4cfa351@group-991DC916B611-SegmentedRaftLogWorker: flushIndex: setUnconditionally 0 -> -1
2020-07-24 03:08:14,681 [pool-437-thread-1] INFO  segmented.SegmentedRaftLogWorker (SegmentedRaftLogWorker.java:lambda$new$0(129)) - 78194aa3-cea5-45a1-a381-8dfca4cfa351@group-991DC916B611-SegmentedRaftLogWorker: safeCacheEvictIndex: setUnconditionally 0 -> -1
2020-07-24 03:08:14,681 [pool-437-thread-1] INFO  server.RaftServerConfigKeys (ConfUtils.java:logGet(44)) - raft.server.snapshot.auto.trigger.enabled = true (custom)
2020-07-24 03:08:14,681 [pool-437-thread-1] INFO  server.RaftServerConfigKeys (ConfUtils.java:logGet(44)) - raft.server.snapshot.auto.trigger.threshold = 10000 (custom)
2020-07-24 03:08:14,681 [pool-437-thread-1] INFO  server.RaftServerConfigKeys (ConfUtils.java:logGet(44)) - raft.server.snapshot.retention.file.num = 5 (custom)
2020-07-24 03:08:14,681 [pool-437-thread-1] INFO  server.RaftServerConfigKeys (ConfUtils.java:logGet(44)) - raft.server.log.purge.upto.snapshot.index = false (default)
2020-07-24 03:08:14,681 [pool-437-thread-1] INFO  server.RaftServerConfigKeys (ConfUtils.java:logGet(44)) - raft.server.retrycache.expirytime = 600000ms (custom)
2020-07-24 03:08:14,681 [pool-437-thread-1] INFO  metrics.RatisMetrics (RatisMetrics.java:lambda$create$0(36)) - Creating Metrics Registry : ratis.leader_election.78194aa3-cea5-45a1-a381-8dfca4cfa351@group-991DC916B611
2020-07-24 03:08:14,682 [pool-437-thread-1] INFO  metrics.RatisMetrics (RatisMetrics.java:lambda$create$0(36)) - Creating Metrics Registry : ratis.server.78194aa3-cea5-45a1-a381-8dfca4cfa351@group-991DC916B611
2020-07-24 03:08:14,683 [pool-437-thread-1] INFO  impl.RaftServerImpl (RaftServerImpl.java:start(196)) - 78194aa3-cea5-45a1-a381-8dfca4cfa351@group-991DC916B611: start as a follower, conf=-1: [78194aa3-cea5-45a1-a381-8dfca4cfa351:172.17.0.2:41231, e388aaab-0923-4db4-bf46-c81346b36393:172.17.0.2:41099, b1effa6e-0839-4981-b888-c1f6d27077b4:172.17.0.2:45919], old=null
2020-07-24 03:08:14,683 [pool-437-thread-1] INFO  impl.RaftServerImpl (RaftServerImpl.java:setRole(185)) - 78194aa3-cea5-45a1-a381-8dfca4cfa351@group-991DC916B611: changes role from      null to FOLLOWER at term 0 for startAsFollower
2020-07-24 03:08:14,683 [pool-437-thread-1] INFO  impl.RoleInfo (RoleInfo.java:updateAndGet(143)) - 78194aa3-cea5-45a1-a381-8dfca4cfa351: start FollowerState
2020-07-24 03:08:14,683 [pool-437-thread-1] INFO  util.JmxRegister (JmxRegister.java:tryRegister(44)) - Successfully registered JMX Bean with object name Ratis:service=RaftServer,group=group-991DC916B611,id=78194aa3-cea5-45a1-a381-8dfca4cfa351
2020-07-24 03:08:14,683 [pool-437-thread-1] INFO  metrics.RatisMetrics (RatisMetrics.java:lambda$create$0(36)) - Creating Metrics Registry : ratis.state_machine.78194aa3-cea5-45a1-a381-8dfca4cfa351@group-991DC916B611
2020-07-24 03:08:14,691 [grpc-default-executor-3] INFO  impl.RaftServerProxy (RaftServerProxy.java:addNew(89)) - e388aaab-0923-4db4-bf46-c81346b36393: addNew group-991DC916B611:[78194aa3-cea5-45a1-a381-8dfca4cfa351:172.17.0.2:41231, e388aaab-0923-4db4-bf46-c81346b36393:172.17.0.2:41099, b1effa6e-0839-4981-b888-c1f6d27077b4:172.17.0.2:45919] returns group-991DC916B611:java.util.concurrent.CompletableFuture@7d29e206[Not completed]
2020-07-24 03:08:14,691 [pool-467-thread-1] INFO  impl.RaftServerImpl (RaftServerImpl.java:<init>(107)) - e388aaab-0923-4db4-bf46-c81346b36393: new RaftServerImpl for group-991DC916B611:[78194aa3-cea5-45a1-a381-8dfca4cfa351:172.17.0.2:41231, e388aaab-0923-4db4-bf46-c81346b36393:172.17.0.2:41099, b1effa6e-0839-4981-b888-c1f6d27077b4:172.17.0.2:45919] with ContainerStateMachine:uninitialized
2020-07-24 03:08:14,692 [pool-467-thread-1] INFO  server.RaftServerConfigKeys (ConfUtils.java:logGet(44)) - raft.server.rpc.timeout.min = 5s (custom)
2020-07-24 03:08:14,692 [pool-467-thread-1] INFO  server.RaftServerConfigKeys (ConfUtils.java:logGet(44)) - raft.server.rpc.timeout.max = 5200ms (custom)
2020-07-24 03:08:14,692 [pool-467-thread-1] INFO  server.RaftServerConfigKeys (ConfUtils.java:logGet(44)) - raft.server.rpcslowness.timeout = 300000ms (custom)
2020-07-24 03:08:14,692 [pool-467-thread-1] INFO  server.RaftServerConfigKeys (ConfUtils.java:logGet(44)) - raft.server.sleep.deviation.threshold = 300 (default)
2020-07-24 03:08:14,692 [pool-467-thread-1] INFO  server.RaftServerConfigKeys (ConfUtils.java:logGet(44)) - raft.server.log.appender.install.snapshot.enabled = false (custom)
2020-07-24 03:08:14,692 [pool-467-thread-1] INFO  impl.RaftServerImpl (ServerState.java:<init>(103)) - e388aaab-0923-4db4-bf46-c81346b36393@group-991DC916B611: ConfigurationManager, init=-1: [78194aa3-cea5-45a1-a381-8dfca4cfa351:172.17.0.2:41231, e388aaab-0923-4db4-bf46-c81346b36393:172.17.0.2:41099, b1effa6e-0839-4981-b888-c1f6d27077b4:172.17.0.2:45919], old=null, confs=<EMPTY_MAP>
2020-07-24 03:08:14,693 [pool-467-thread-1] INFO  server.RaftServerConfigKeys (ConfUtils.java:logGet(44)) - raft.server.storage.dir = [/github/workspace/mnt/ozone/hadoop-ozone/integration-test/target/test-dir/MiniOzoneClusterImpl-7a66fb8e-ad0e-46df-b237-2ffa69f4ef17/datanode-8/data/ratis] (custom)
2020-07-24 03:08:14,693 [pool-467-thread-1] INFO  server.RaftServerConfigKeys (ConfUtils.java:logGet(44)) - raft.server.log.corruption.policy = EXCEPTION (default)
2020-07-24 03:08:14,693 [pool-467-thread-1] INFO  storage.RaftStorageDirectory (RaftStorageDirectory.java:analyzeStorage(261)) - The storage directory /github/workspace/mnt/ozone/hadoop-ozone/integration-test/target/test-dir/MiniOzoneClusterImpl-7a66fb8e-ad0e-46df-b237-2ffa69f4ef17/datanode-8/data/ratis/c9fa7889-39c9-47ca-9258-991dc916b611 does not exist. Creating ...
2020-07-24 03:08:14,694 [pool-467-thread-1] INFO  storage.RaftStorageDirectory (RaftStorageDirectory.java:tryLock(343)) - Lock on /github/workspace/mnt/ozone/hadoop-ozone/integration-test/target/test-dir/MiniOzoneClusterImpl-7a66fb8e-ad0e-46df-b237-2ffa69f4ef17/datanode-8/data/ratis/c9fa7889-39c9-47ca-9258-991dc916b611/in_use.lock acquired by nodename 27121@bae25e63820f
2020-07-24 03:08:14,695 [pool-467-thread-1] INFO  storage.RaftStorage (RaftStorage.java:format(84)) - Storage directory /github/workspace/mnt/ozone/hadoop-ozone/integration-test/target/test-dir/MiniOzoneClusterImpl-7a66fb8e-ad0e-46df-b237-2ffa69f4ef17/datanode-8/data/ratis/c9fa7889-39c9-47ca-9258-991dc916b611 has been successfully formatted.
2020-07-24 03:08:14,695 [pool-467-thread-1] INFO  ratis.ContainerStateMachine (ContainerStateMachine.java:loadSnapshot(225)) - group-991DC916B611: The snapshot info is null. Setting the last applied indexto:(t:0, i:~)
2020-07-24 03:08:14,696 [pool-467-thread-1] INFO  server.RaftServerConfigKeys (ConfUtils.java:logGet(44)) - raft.server.notification.no-leader.timeout = 300000ms (custom)
2020-07-24 03:08:14,696 [pool-467-thread-1] INFO  server.RaftServerConfigKeys (ConfUtils.java:logGet(44)) - raft.server.log.use.memory = false (default)
2020-07-24 03:08:14,696 [pool-467-thread-1] INFO  server.RaftServerConfigKeys (ConfUtils.java:logGet(44)) - raft.server.log.purge.gap = 1000000 (custom)
2020-07-24 03:08:14,696 [pool-467-thread-1] INFO  metrics.RatisMetrics (RatisMetrics.java:lambda$create$0(36)) - Creating Metrics Registry : ratis.log_worker.e388aaab-0923-4db4-bf46-c81346b36393@group-991DC916B611
2020-07-24 03:08:14,696 [pool-467-thread-1] INFO  server.RaftServerConfigKeys (ConfUtils.java:logGet(44)) - raft.server.log.appender.buffer.byte-limit = 33554432 (custom)
2020-07-24 03:08:14,696 [pool-467-thread-1] INFO  server.RaftServerConfigKeys (ConfUtils.java:logGet(44)) - raft.server.log.segment.size.max = 1048576 (custom)
2020-07-24 03:08:14,698 [pool-467-thread-1] INFO  server.RaftServerConfigKeys (ConfUtils.java:logGet(44)) - raft.server.log.segment.cache.num.max = 2 (custom)
2020-07-24 03:08:14,698 [pool-467-thread-1] INFO  segmented.SegmentedRaftLogWorker (SegmentedRaftLogWorker.java:<init>(180)) - new e388aaab-0923-4db4-bf46-c81346b36393@group-991DC916B611-SegmentedRaftLogWorker for RaftStorage:Storage Directory /github/workspace/mnt/ozone/hadoop-ozone/integration-test/target/test-dir/MiniOzoneClusterImpl-7a66fb8e-ad0e-46df-b237-2ffa69f4ef17/datanode-8/data/ratis/c9fa7889-39c9-47ca-9258-991dc916b611
2020-07-24 03:08:14,698 [pool-467-thread-1] INFO  server.RaftServerConfigKeys (ConfUtils.java:logGet(44)) - raft.server.log.queue.byte-limit = 2147483647 (custom)
2020-07-24 03:08:14,698 [pool-467-thread-1] INFO  server.RaftServerConfigKeys (ConfUtils.java:logGet(44)) - raft.server.log.queue.element-limit = 1024 (custom)
2020-07-24 03:08:14,698 [pool-467-thread-1] INFO  server.RaftServerConfigKeys (ConfUtils.java:logGet(44)) - raft.server.log.segment.size.max = 1048576 (custom)
2020-07-24 03:08:14,699 [pool-467-thread-1] INFO  server.RaftServerConfigKeys (ConfUtils.java:logGet(44)) - raft.server.log.preallocated.size = 16384 (custom)
2020-07-24 03:08:14,699 [pool-467-thread-1] INFO  server.RaftServerConfigKeys (ConfUtils.java:logGet(44)) - raft.server.log.write.buffer.size = 1048576 (custom)
2020-07-24 03:08:14,699 [pool-467-thread-1] INFO  server.RaftServerConfigKeys (ConfUtils.java:logGet(44)) - raft.server.log.force.sync.num = 128 (default)
2020-07-24 03:08:14,699 [pool-467-thread-1] INFO  server.RaftServerConfigKeys (ConfUtils.java:logGet(44)) - raft.server.log.statemachine.data.sync = true (default)
2020-07-24 03:08:14,699 [pool-467-thread-1] INFO  server.RaftServerConfigKeys (ConfUtils.java:logGet(44)) - raft.server.log.statemachine.data.sync.timeout = 10s (default)
2020-07-24 03:08:14,699 [pool-467-thread-1] INFO  server.RaftServerConfigKeys (ConfUtils.java:logGet(44)) - raft.server.log.statemachine.data.sync.timeout.retry = -1 (default)
2020-07-24 03:08:14,701 [pool-467-thread-1] INFO  server.RaftServerConfigKeys (ConfUtils.java:logGet(44)) - raft.server.log.statemachine.data.caching.enabled = true (custom)
2020-07-24 03:08:14,701 [pool-467-thread-1] INFO  segmented.SegmentedRaftLogWorker (SegmentedRaftLogWorker.java:lambda$new$0(129)) - e388aaab-0923-4db4-bf46-c81346b36393@group-991DC916B611-SegmentedRaftLogWorker: flushIndex: setUnconditionally 0 -> -1
2020-07-24 03:08:14,701 [pool-467-thread-1] INFO  segmented.SegmentedRaftLogWorker (SegmentedRaftLogWorker.java:lambda$new$0(129)) - e388aaab-0923-4db4-bf46-c81346b36393@group-991DC916B611-SegmentedRaftLogWorker: safeCacheEvictIndex: setUnconditionally 0 -> -1
2020-07-24 03:08:14,701 [pool-467-thread-1] INFO  server.RaftServerConfigKeys (ConfUtils.java:logGet(44)) - raft.server.snapshot.auto.trigger.enabled = true (custom)
2020-07-24 03:08:14,701 [pool-467-thread-1] INFO  server.RaftServerConfigKeys (ConfUtils.java:logGet(44)) - raft.server.snapshot.auto.trigger.threshold = 10000 (custom)
2020-07-24 03:08:14,701 [pool-467-thread-1] INFO  server.RaftServerConfigKeys (ConfUtils.java:logGet(44)) - raft.server.snapshot.retention.file.num = 5 (custom)
2020-07-24 03:08:14,701 [pool-467-thread-1] INFO  server.RaftServerConfigKeys (ConfUtils.java:logGet(44)) - raft.server.log.purge.upto.snapshot.index = false (default)
2020-07-24 03:08:14,701 [pool-467-thread-1] INFO  server.RaftServerConfigKeys (ConfUtils.java:logGet(44)) - raft.server.retrycache.expirytime = 600000ms (custom)
2020-07-24 03:08:14,701 [pool-467-thread-1] INFO  metrics.RatisMetrics (RatisMetrics.java:lambda$create$0(36)) - Creating Metrics Registry : ratis.leader_election.e388aaab-0923-4db4-bf46-c81346b36393@group-991DC916B611
2020-07-24 03:08:14,702 [pool-467-thread-1] INFO  metrics.RatisMetrics (RatisMetrics.java:lambda$create$0(36)) - Creating Metrics Registry : ratis.server.e388aaab-0923-4db4-bf46-c81346b36393@group-991DC916B611
2020-07-24 03:08:14,703 [pool-467-thread-1] INFO  impl.RaftServerImpl (RaftServerImpl.java:start(196)) - e388aaab-0923-4db4-bf46-c81346b36393@group-991DC916B611: start as a follower, conf=-1: [78194aa3-cea5-45a1-a381-8dfca4cfa351:172.17.0.2:41231, e388aaab-0923-4db4-bf46-c81346b36393:172.17.0.2:41099, b1effa6e-0839-4981-b888-c1f6d27077b4:172.17.0.2:45919], old=null
2020-07-24 03:08:14,703 [pool-467-thread-1] INFO  impl.RaftServerImpl (RaftServerImpl.java:setRole(185)) - e388aaab-0923-4db4-bf46-c81346b36393@group-991DC916B611: changes role from      null to FOLLOWER at term 0 for startAsFollower
2020-07-24 03:08:14,703 [pool-467-thread-1] INFO  impl.RoleInfo (RoleInfo.java:updateAndGet(143)) - e388aaab-0923-4db4-bf46-c81346b36393: start FollowerState
2020-07-24 03:08:14,704 [pool-467-thread-1] INFO  util.JmxRegister (JmxRegister.java:tryRegister(44)) - Successfully registered JMX Bean with object name Ratis:service=RaftServer,group=group-991DC916B611,id=e388aaab-0923-4db4-bf46-c81346b36393
2020-07-24 03:08:14,704 [pool-467-thread-1] INFO  metrics.RatisMetrics (RatisMetrics.java:lambda$create$0(36)) - Creating Metrics Registry : ratis.state_machine.e388aaab-0923-4db4-bf46-c81346b36393@group-991DC916B611
2020-07-24 03:08:14,718 [grpc-default-executor-3] INFO  impl.RaftServerProxy (RaftServerProxy.java:addNew(89)) - b1effa6e-0839-4981-b888-c1f6d27077b4: addNew group-991DC916B611:[78194aa3-cea5-45a1-a381-8dfca4cfa351:172.17.0.2:41231, e388aaab-0923-4db4-bf46-c81346b36393:172.17.0.2:41099, b1effa6e-0839-4981-b888-c1f6d27077b4:172.17.0.2:45919] returns group-991DC916B611:java.util.concurrent.CompletableFuture@52f71fbb[Not completed]
2020-07-24 03:08:14,718 [pool-452-thread-1] INFO  impl.RaftServerImpl (RaftServerImpl.java:<init>(107)) - b1effa6e-0839-4981-b888-c1f6d27077b4: new RaftServerImpl for group-991DC916B611:[78194aa3-cea5-45a1-a381-8dfca4cfa351:172.17.0.2:41231, e388aaab-0923-4db4-bf46-c81346b36393:172.17.0.2:41099, b1effa6e-0839-4981-b888-c1f6d27077b4:172.17.0.2:45919] with ContainerStateMachine:uninitialized
2020-07-24 03:08:14,719 [pool-452-thread-1] INFO  server.RaftServerConfigKeys (ConfUtils.java:logGet(44)) - raft.server.rpc.timeout.min = 5s (custom)
2020-07-24 03:08:14,719 [pool-452-thread-1] INFO  server.RaftServerConfigKeys (ConfUtils.java:logGet(44)) - raft.server.rpc.timeout.max = 5200ms (custom)
2020-07-24 03:08:14,719 [pool-452-thread-1] INFO  server.RaftServerConfigKeys (ConfUtils.java:logGet(44)) - raft.server.rpcslowness.timeout = 300000ms (custom)
2020-07-24 03:08:14,719 [pool-452-thread-1] INFO  server.RaftServerConfigKeys (ConfUtils.java:logGet(44)) - raft.server.sleep.deviation.threshold = 300 (default)
2020-07-24 03:08:14,719 [pool-452-thread-1] INFO  server.RaftServerConfigKeys (ConfUtils.java:logGet(44)) - raft.server.log.appender.install.snapshot.enabled = false (custom)
2020-07-24 03:08:14,719 [pool-452-thread-1] INFO  impl.RaftServerImpl (ServerState.java:<init>(103)) - b1effa6e-0839-4981-b888-c1f6d27077b4@group-991DC916B611: ConfigurationManager, init=-1: [78194aa3-cea5-45a1-a381-8dfca4cfa351:172.17.0.2:41231, e388aaab-0923-4db4-bf46-c81346b36393:172.17.0.2:41099, b1effa6e-0839-4981-b888-c1f6d27077b4:172.17.0.2:45919], old=null, confs=<EMPTY_MAP>
2020-07-24 03:08:14,719 [pool-452-thread-1] INFO  server.RaftServerConfigKeys (ConfUtils.java:logGet(44)) - raft.server.storage.dir = [/github/workspace/mnt/ozone/hadoop-ozone/integration-test/target/test-dir/MiniOzoneClusterImpl-7a66fb8e-ad0e-46df-b237-2ffa69f4ef17/datanode-7/data/ratis] (custom)
2020-07-24 03:08:14,719 [pool-452-thread-1] INFO  server.RaftServerConfigKeys (ConfUtils.java:logGet(44)) - raft.server.log.corruption.policy = EXCEPTION (default)
2020-07-24 03:08:14,719 [pool-452-thread-1] INFO  storage.RaftStorageDirectory (RaftStorageDirectory.java:analyzeStorage(261)) - The storage directory /github/workspace/mnt/ozone/hadoop-ozone/integration-test/target/test-dir/MiniOzoneClusterImpl-7a66fb8e-ad0e-46df-b237-2ffa69f4ef17/datanode-7/data/ratis/c9fa7889-39c9-47ca-9258-991dc916b611 does not exist. Creating ...
2020-07-24 03:08:14,721 [pool-452-thread-1] INFO  storage.RaftStorageDirectory (RaftStorageDirectory.java:tryLock(343)) - Lock on /github/workspace/mnt/ozone/hadoop-ozone/integration-test/target/test-dir/MiniOzoneClusterImpl-7a66fb8e-ad0e-46df-b237-2ffa69f4ef17/datanode-7/data/ratis/c9fa7889-39c9-47ca-9258-991dc916b611/in_use.lock acquired by nodename 27121@bae25e63820f
2020-07-24 03:08:14,722 [pool-452-thread-1] INFO  storage.RaftStorage (RaftStorage.java:format(84)) - Storage directory /github/workspace/mnt/ozone/hadoop-ozone/integration-test/target/test-dir/MiniOzoneClusterImpl-7a66fb8e-ad0e-46df-b237-2ffa69f4ef17/datanode-7/data/ratis/c9fa7889-39c9-47ca-9258-991dc916b611 has been successfully formatted.
2020-07-24 03:08:14,722 [pool-452-thread-1] INFO  ratis.ContainerStateMachine (ContainerStateMachine.java:loadSnapshot(225)) - group-991DC916B611: The snapshot info is null. Setting the last applied indexto:(t:0, i:~)
2020-07-24 03:08:14,722 [pool-452-thread-1] INFO  server.RaftServerConfigKeys (ConfUtils.java:logGet(44)) - raft.server.notification.no-leader.timeout = 300000ms (custom)
2020-07-24 03:08:14,723 [pool-452-thread-1] INFO  server.RaftServerConfigKeys (ConfUtils.java:logGet(44)) - raft.server.log.use.memory = false (default)
2020-07-24 03:08:14,723 [pool-452-thread-1] INFO  server.RaftServerConfigKeys (ConfUtils.java:logGet(44)) - raft.server.log.purge.gap = 1000000 (custom)
2020-07-24 03:08:14,723 [pool-452-thread-1] INFO  metrics.RatisMetrics (RatisMetrics.java:lambda$create$0(36)) - Creating Metrics Registry : ratis.log_worker.b1effa6e-0839-4981-b888-c1f6d27077b4@group-991DC916B611
2020-07-24 03:08:14,724 [pool-452-thread-1] INFO  server.RaftServerConfigKeys (ConfUtils.java:logGet(44)) - raft.server.log.appender.buffer.byte-limit = 33554432 (custom)
2020-07-24 03:08:14,725 [pool-452-thread-1] INFO  server.RaftServerConfigKeys (ConfUtils.java:logGet(44)) - raft.server.log.segment.size.max = 1048576 (custom)
2020-07-24 03:08:14,725 [pool-452-thread-1] INFO  server.RaftServerConfigKeys (ConfUtils.java:logGet(44)) - raft.server.log.segment.cache.num.max = 2 (custom)
2020-07-24 03:08:14,726 [pool-452-thread-1] INFO  segmented.SegmentedRaftLogWorker (SegmentedRaftLogWorker.java:<init>(180)) - new b1effa6e-0839-4981-b888-c1f6d27077b4@group-991DC916B611-SegmentedRaftLogWorker for RaftStorage:Storage Directory /github/workspace/mnt/ozone/hadoop-ozone/integration-test/target/test-dir/MiniOzoneClusterImpl-7a66fb8e-ad0e-46df-b237-2ffa69f4ef17/datanode-7/data/ratis/c9fa7889-39c9-47ca-9258-991dc916b611
2020-07-24 03:08:14,726 [pool-452-thread-1] INFO  server.RaftServerConfigKeys (ConfUtils.java:logGet(44)) - raft.server.log.queue.byte-limit = 2147483647 (custom)
2020-07-24 03:08:14,726 [pool-452-thread-1] INFO  server.RaftServerConfigKeys (ConfUtils.java:logGet(44)) - raft.server.log.queue.element-limit = 1024 (custom)
2020-07-24 03:08:14,726 [pool-452-thread-1] INFO  server.RaftServerConfigKeys (ConfUtils.java:logGet(44)) - raft.server.log.segment.size.max = 1048576 (custom)
2020-07-24 03:08:14,726 [pool-452-thread-1] INFO  server.RaftServerConfigKeys (ConfUtils.java:logGet(44)) - raft.server.log.preallocated.size = 16384 (custom)
2020-07-24 03:08:14,726 [pool-452-thread-1] INFO  server.RaftServerConfigKeys (ConfUtils.java:logGet(44)) - raft.server.log.write.buffer.size = 1048576 (custom)
2020-07-24 03:08:14,726 [pool-452-thread-1] INFO  server.RaftServerConfigKeys (ConfUtils.java:logGet(44)) - raft.server.log.force.sync.num = 128 (default)
2020-07-24 03:08:14,726 [pool-452-thread-1] INFO  server.RaftServerConfigKeys (ConfUtils.java:logGet(44)) - raft.server.log.statemachine.data.sync = true (default)
2020-07-24 03:08:14,726 [pool-452-thread-1] INFO  server.RaftServerConfigKeys (ConfUtils.java:logGet(44)) - raft.server.log.statemachine.data.sync.timeout = 10s (default)
2020-07-24 03:08:14,726 [pool-452-thread-1] INFO  server.RaftServerConfigKeys (ConfUtils.java:logGet(44)) - raft.server.log.statemachine.data.sync.timeout.retry = -1 (default)
2020-07-24 03:08:14,730 [pool-452-thread-1] INFO  server.RaftServerConfigKeys (ConfUtils.java:logGet(44)) - raft.server.log.statemachine.data.caching.enabled = true (custom)
2020-07-24 03:08:14,731 [pool-452-thread-1] INFO  segmented.SegmentedRaftLogWorker (SegmentedRaftLogWorker.java:lambda$new$0(129)) - b1effa6e-0839-4981-b888-c1f6d27077b4@group-991DC916B611-SegmentedRaftLogWorker: flushIndex: setUnconditionally 0 -> -1
2020-07-24 03:08:14,731 [pool-452-thread-1] INFO  segmented.SegmentedRaftLogWorker (SegmentedRaftLogWorker.java:lambda$new$0(129)) - b1effa6e-0839-4981-b888-c1f6d27077b4@group-991DC916B611-SegmentedRaftLogWorker: safeCacheEvictIndex: setUnconditionally 0 -> -1
2020-07-24 03:08:14,731 [pool-452-thread-1] INFO  server.RaftServerConfigKeys (ConfUtils.java:logGet(44)) - raft.server.snapshot.auto.trigger.enabled = true (custom)
2020-07-24 03:08:14,731 [pool-452-thread-1] INFO  server.RaftServerConfigKeys (ConfUtils.java:logGet(44)) - raft.server.snapshot.auto.trigger.threshold = 10000 (custom)
2020-07-24 03:08:14,731 [pool-452-thread-1] INFO  server.RaftServerConfigKeys (ConfUtils.java:logGet(44)) - raft.server.snapshot.retention.file.num = 5 (custom)
2020-07-24 03:08:14,731 [pool-452-thread-1] INFO  server.RaftServerConfigKeys (ConfUtils.java:logGet(44)) - raft.server.log.purge.upto.snapshot.index = false (default)
2020-07-24 03:08:14,731 [pool-452-thread-1] INFO  server.RaftServerConfigKeys (ConfUtils.java:logGet(44)) - raft.server.retrycache.expirytime = 600000ms (custom)
2020-07-24 03:08:14,731 [pool-452-thread-1] INFO  metrics.RatisMetrics (RatisMetrics.java:lambda$create$0(36)) - Creating Metrics Registry : ratis.leader_election.b1effa6e-0839-4981-b888-c1f6d27077b4@group-991DC916B611
2020-07-24 03:08:14,732 [pool-452-thread-1] INFO  metrics.RatisMetrics (RatisMetrics.java:lambda$create$0(36)) - Creating Metrics Registry : ratis.server.b1effa6e-0839-4981-b888-c1f6d27077b4@group-991DC916B611
2020-07-24 03:08:14,733 [pool-452-thread-1] INFO  impl.RaftServerImpl (RaftServerImpl.java:start(196)) - b1effa6e-0839-4981-b888-c1f6d27077b4@group-991DC916B611: start as a follower, conf=-1: [78194aa3-cea5-45a1-a381-8dfca4cfa351:172.17.0.2:41231, e388aaab-0923-4db4-bf46-c81346b36393:172.17.0.2:41099, b1effa6e-0839-4981-b888-c1f6d27077b4:172.17.0.2:45919], old=null
2020-07-24 03:08:14,733 [pool-452-thread-1] INFO  impl.RaftServerImpl (RaftServerImpl.java:setRole(185)) - b1effa6e-0839-4981-b888-c1f6d27077b4@group-991DC916B611: changes role from      null to FOLLOWER at term 0 for startAsFollower
2020-07-24 03:08:14,733 [pool-452-thread-1] INFO  impl.RoleInfo (RoleInfo.java:updateAndGet(143)) - b1effa6e-0839-4981-b888-c1f6d27077b4: start FollowerState
2020-07-24 03:08:14,734 [pool-452-thread-1] INFO  util.JmxRegister (JmxRegister.java:tryRegister(44)) - Successfully registered JMX Bean with object name Ratis:service=RaftServer,group=group-991DC916B611,id=b1effa6e-0839-4981-b888-c1f6d27077b4
2020-07-24 03:08:14,734 [pool-452-thread-1] INFO  metrics.RatisMetrics (RatisMetrics.java:lambda$create$0(36)) - Creating Metrics Registry : ratis.state_machine.b1effa6e-0839-4981-b888-c1f6d27077b4@group-991DC916B611
2020-07-24 03:08:14,738 [Command processor thread] INFO  commandhandler.CreatePipelineCommandHandler (CreatePipelineCommandHandler.java:handle(109)) - Created Pipeline RATIS THREE #id: "c9fa7889-39c9-47ca-9258-991dc916b611"
uuid128 {
  mostSigBits: -3892666397133027382
  leastSigBits: -7901397193014725103
}
.
2020-07-24 03:08:14,775 [Command processor thread] INFO  impl.RaftServerProxy (RaftServerProxy.java:addNew(89)) - b1effa6e-0839-4981-b888-c1f6d27077b4: addNew group-21A941C38AB8:[b1effa6e-0839-4981-b888-c1f6d27077b4:172.17.0.2:45919] returns group-21A941C38AB8:java.util.concurrent.CompletableFuture@43e1f6e2[Not completed]
2020-07-24 03:08:14,776 [pool-452-thread-1] INFO  impl.RaftServerImpl (RaftServerImpl.java:<init>(107)) - b1effa6e-0839-4981-b888-c1f6d27077b4: new RaftServerImpl for group-21A941C38AB8:[b1effa6e-0839-4981-b888-c1f6d27077b4:172.17.0.2:45919] with ContainerStateMachine:uninitialized
2020-07-24 03:08:14,776 [pool-452-thread-1] INFO  server.RaftServerConfigKeys (ConfUtils.java:logGet(44)) - raft.server.rpc.timeout.min = 5s (custom)
2020-07-24 03:08:14,776 [pool-452-thread-1] INFO  server.RaftServerConfigKeys (ConfUtils.java:logGet(44)) - raft.server.rpc.timeout.max = 5200ms (custom)
2020-07-24 03:08:14,776 [pool-452-thread-1] INFO  server.RaftServerConfigKeys (ConfUtils.java:logGet(44)) - raft.server.rpcslowness.timeout = 300000ms (custom)
2020-07-24 03:08:14,776 [pool-452-thread-1] INFO  server.RaftServerConfigKeys (ConfUtils.java:logGet(44)) - raft.server.sleep.deviation.threshold = 300 (default)
2020-07-24 03:08:14,776 [pool-452-thread-1] INFO  server.RaftServerConfigKeys (ConfUtils.java:logGet(44)) - raft.server.log.appender.install.snapshot.enabled = false (custom)
2020-07-24 03:08:14,776 [pool-452-thread-1] INFO  impl.RaftServerImpl (ServerState.java:<init>(103)) - b1effa6e-0839-4981-b888-c1f6d27077b4@group-21A941C38AB8: ConfigurationManager, init=-1: [b1effa6e-0839-4981-b888-c1f6d27077b4:172.17.0.2:45919], old=null, confs=<EMPTY_MAP>
2020-07-24 03:08:14,776 [pool-452-thread-1] INFO  server.RaftServerConfigKeys (ConfUtils.java:logGet(44)) - raft.server.storage.dir = [/github/workspace/mnt/ozone/hadoop-ozone/integration-test/target/test-dir/MiniOzoneClusterImpl-7a66fb8e-ad0e-46df-b237-2ffa69f4ef17/datanode-7/data/ratis] (custom)
2020-07-24 03:08:14,777 [pool-452-thread-1] INFO  server.RaftServerConfigKeys (ConfUtils.java:logGet(44)) - raft.server.log.corruption.policy = EXCEPTION (default)
2020-07-24 03:08:14,777 [pool-452-thread-1] INFO  storage.RaftStorageDirectory (RaftStorageDirectory.java:analyzeStorage(261)) - The storage directory /github/workspace/mnt/ozone/hadoop-ozone/integration-test/target/test-dir/MiniOzoneClusterImpl-7a66fb8e-ad0e-46df-b237-2ffa69f4ef17/datanode-7/data/ratis/d3c184c1-4afb-43d1-9f6d-21a941c38ab8 does not exist. Creating ...
2020-07-24 03:08:14,778 [pool-452-thread-1] INFO  storage.RaftStorageDirectory (RaftStorageDirectory.java:tryLock(343)) - Lock on /github/workspace/mnt/ozone/hadoop-ozone/integration-test/target/test-dir/MiniOzoneClusterImpl-7a66fb8e-ad0e-46df-b237-2ffa69f4ef17/datanode-7/data/ratis/d3c184c1-4afb-43d1-9f6d-21a941c38ab8/in_use.lock acquired by nodename 27121@bae25e63820f
2020-07-24 03:08:14,779 [pool-452-thread-1] INFO  storage.RaftStorage (RaftStorage.java:format(84)) - Storage directory /github/workspace/mnt/ozone/hadoop-ozone/integration-test/target/test-dir/MiniOzoneClusterImpl-7a66fb8e-ad0e-46df-b237-2ffa69f4ef17/datanode-7/data/ratis/d3c184c1-4afb-43d1-9f6d-21a941c38ab8 has been successfully formatted.
2020-07-24 03:08:14,780 [pool-452-thread-1] INFO  ratis.ContainerStateMachine (ContainerStateMachine.java:loadSnapshot(225)) - group-21A941C38AB8: The snapshot info is null. Setting the last applied indexto:(t:0, i:~)
2020-07-24 03:08:14,780 [pool-452-thread-1] INFO  server.RaftServerConfigKeys (ConfUtils.java:logGet(44)) - raft.server.notification.no-leader.timeout = 300000ms (custom)
2020-07-24 03:08:14,780 [pool-452-thread-1] INFO  server.RaftServerConfigKeys (ConfUtils.java:logGet(44)) - raft.server.log.use.memory = false (default)
2020-07-24 03:08:14,782 [pool-452-thread-1] INFO  server.RaftServerConfigKeys (ConfUtils.java:logGet(44)) - raft.server.log.purge.gap = 1000000 (custom)
2020-07-24 03:08:14,782 [pool-452-thread-1] INFO  metrics.RatisMetrics (RatisMetrics.java:lambda$create$0(36)) - Creating Metrics Registry : ratis.log_worker.b1effa6e-0839-4981-b888-c1f6d27077b4@group-21A941C38AB8
2020-07-24 03:08:14,782 [EventQueue-PipelineReportForPipelineReportHandler] INFO  pipeline.PipelineStateManager (PipelineStateManager.java:openPipeline(131)) - Pipeline Pipeline[ Id: d3c184c1-4afb-43d1-9f6d-21a941c38ab8, Nodes: b1effa6e-0839-4981-b888-c1f6d27077b4{ip: 172.17.0.2, host: bae25e63820f, networkLocation: /default-rack, certSerialId: null}, Type:RATIS, Factor:ONE, State:ALLOCATED, leaderId:b1effa6e-0839-4981-b888-c1f6d27077b4, CreationTimestamp2020-07-24T03:08:11.777Z] moved to OPEN state
2020-07-24 03:08:14,782 [pool-452-thread-1] INFO  server.RaftServerConfigKeys (ConfUtils.java:logGet(44)) - raft.server.log.appender.buffer.byte-limit = 33554432 (custom)
2020-07-24 03:08:14,783 [pool-452-thread-1] INFO  server.RaftServerConfigKeys (ConfUtils.java:logGet(44)) - raft.server.log.segment.size.max = 1048576 (custom)
2020-07-24 03:08:14,783 [EventQueue-OpenPipelineForHealthyPipelineSafeModeRule] INFO  safemode.SCMSafeModeManager (HealthyPipelineSafeModeRule.java:process(129)) - SCM in safe mode. Healthy pipelines reported count is 0, required healthy pipeline reported count is 1
2020-07-24 03:08:14,783 [EventQueue-OpenPipelineForOneReplicaPipelineSafeModeRule] INFO  safemode.SCMSafeModeManager (SCMSafeModeManager.java:validateSafeModeExitRules(214)) - AtleastOneDatanodeReportedRule rule is successfully validated
2020-07-24 03:08:14,783 [pool-452-thread-1] INFO  server.RaftServerConfigKeys (ConfUtils.java:logGet(44)) - raft.server.log.segment.cache.num.max = 2 (custom)
2020-07-24 03:08:14,783 [pool-452-thread-1] INFO  segmented.SegmentedRaftLogWorker (SegmentedRaftLogWorker.java:<init>(180)) - new b1effa6e-0839-4981-b888-c1f6d27077b4@group-21A941C38AB8-SegmentedRaftLogWorker for RaftStorage:Storage Directory /github/workspace/mnt/ozone/hadoop-ozone/integration-test/target/test-dir/MiniOzoneClusterImpl-7a66fb8e-ad0e-46df-b237-2ffa69f4ef17/datanode-7/data/ratis/d3c184c1-4afb-43d1-9f6d-21a941c38ab8
2020-07-24 03:08:14,783 [pool-452-thread-1] INFO  server.RaftServerConfigKeys (ConfUtils.java:logGet(44)) - raft.server.log.queue.byte-limit = 2147483647 (custom)
2020-07-24 03:08:14,783 [pool-452-thread-1] INFO  server.RaftServerConfigKeys (ConfUtils.java:logGet(44)) - raft.server.log.queue.element-limit = 1024 (custom)
2020-07-24 03:08:14,784 [pool-452-thread-1] INFO  server.RaftServerConfigKeys (ConfUtils.java:logGet(44)) - raft.server.log.segment.size.max = 1048576 (custom)
2020-07-24 03:08:14,784 [pool-452-thread-1] INFO  server.RaftServerConfigKeys (ConfUtils.java:logGet(44)) - raft.server.log.preallocated.size = 16384 (custom)
2020-07-24 03:08:14,784 [pool-452-thread-1] INFO  server.RaftServerConfigKeys (ConfUtils.java:logGet(44)) - raft.server.log.write.buffer.size = 1048576 (custom)
2020-07-24 03:08:14,784 [pool-452-thread-1] INFO  server.RaftServerConfigKeys (ConfUtils.java:logGet(44)) - raft.server.log.force.sync.num = 128 (default)
2020-07-24 03:08:14,784 [pool-452-thread-1] INFO  server.RaftServerConfigKeys (ConfUtils.java:logGet(44)) - raft.server.log.statemachine.data.sync = true (default)
2020-07-24 03:08:14,784 [pool-452-thread-1] INFO  server.RaftServerConfigKeys (ConfUtils.java:logGet(44)) - raft.server.log.statemachine.data.sync.timeout = 10s (default)
2020-07-24 03:08:14,784 [pool-452-thread-1] INFO  server.RaftServerConfigKeys (ConfUtils.java:logGet(44)) - raft.server.log.statemachine.data.sync.timeout.retry = -1 (default)
2020-07-24 03:08:14,788 [pool-452-thread-1] INFO  server.RaftServerConfigKeys (ConfUtils.java:logGet(44)) - raft.server.log.statemachine.data.caching.enabled = true (custom)
2020-07-24 03:08:14,788 [pool-452-thread-1] INFO  segmented.SegmentedRaftLogWorker (SegmentedRaftLogWorker.java:lambda$new$0(129)) - b1effa6e-0839-4981-b888-c1f6d27077b4@group-21A941C38AB8-SegmentedRaftLogWorker: flushIndex: setUnconditionally 0 -> -1
2020-07-24 03:08:14,788 [pool-452-thread-1] INFO  segmented.SegmentedRaftLogWorker (SegmentedRaftLogWorker.java:lambda$new$0(129)) - b1effa6e-0839-4981-b888-c1f6d27077b4@group-21A941C38AB8-SegmentedRaftLogWorker: safeCacheEvictIndex: setUnconditionally 0 -> -1
2020-07-24 03:08:14,788 [pool-452-thread-1] INFO  server.RaftServerConfigKeys (ConfUtils.java:logGet(44)) - raft.server.snapshot.auto.trigger.enabled = true (custom)
2020-07-24 03:08:14,788 [pool-452-thread-1] INFO  server.RaftServerConfigKeys (ConfUtils.java:logGet(44)) - raft.server.snapshot.auto.trigger.threshold = 10000 (custom)
2020-07-24 03:08:14,788 [pool-452-thread-1] INFO  server.RaftServerConfigKeys (ConfUtils.java:logGet(44)) - raft.server.snapshot.retention.file.num = 5 (custom)
2020-07-24 03:08:14,788 [pool-452-thread-1] INFO  server.RaftServerConfigKeys (ConfUtils.java:logGet(44)) - raft.server.log.purge.upto.snapshot.index = false (default)
2020-07-24 03:08:14,789 [pool-452-thread-1] INFO  server.RaftServerConfigKeys (ConfUtils.java:logGet(44)) - raft.server.retrycache.expirytime = 600000ms (custom)
2020-07-24 03:08:14,789 [pool-452-thread-1] INFO  metrics.RatisMetrics (RatisMetrics.java:lambda$create$0(36)) - Creating Metrics Registry : ratis.leader_election.b1effa6e-0839-4981-b888-c1f6d27077b4@group-21A941C38AB8
2020-07-24 03:08:14,790 [pool-452-thread-1] INFO  metrics.RatisMetrics (RatisMetrics.java:lambda$create$0(36)) - Creating Metrics Registry : ratis.server.b1effa6e-0839-4981-b888-c1f6d27077b4@group-21A941C38AB8
2020-07-24 03:08:14,791 [pool-452-thread-1] INFO  impl.RaftServerImpl (RaftServerImpl.java:start(196)) - b1effa6e-0839-4981-b888-c1f6d27077b4@group-21A941C38AB8: start as a follower, conf=-1: [b1effa6e-0839-4981-b888-c1f6d27077b4:172.17.0.2:45919], old=null
2020-07-24 03:08:14,791 [pool-452-thread-1] INFO  impl.RaftServerImpl (RaftServerImpl.java:setRole(185)) - b1effa6e-0839-4981-b888-c1f6d27077b4@group-21A941C38AB8: changes role from      null to FOLLOWER at term 0 for startAsFollower
2020-07-24 03:08:14,791 [pool-452-thread-1] INFO  impl.RoleInfo (RoleInfo.java:updateAndGet(143)) - b1effa6e-0839-4981-b888-c1f6d27077b4: start FollowerState
2020-07-24 03:08:14,791 [pool-452-thread-1] INFO  util.JmxRegister (JmxRegister.java:tryRegister(44)) - Successfully registered JMX Bean with object name Ratis:service=RaftServer,group=group-21A941C38AB8,id=b1effa6e-0839-4981-b888-c1f6d27077b4
2020-07-24 03:08:14,791 [pool-452-thread-1] INFO  metrics.RatisMetrics (RatisMetrics.java:lambda$create$0(36)) - Creating Metrics Registry : ratis.state_machine.b1effa6e-0839-4981-b888-c1f6d27077b4@group-21A941C38AB8
2020-07-24 03:08:14,793 [Command processor thread] INFO  commandhandler.CreatePipelineCommandHandler (CreatePipelineCommandHandler.java:handle(109)) - Created Pipeline RATIS ONE #id: "d3c184c1-4afb-43d1-9f6d-21a941c38ab8"
uuid128 {
  mostSigBits: -3188121095480065071
  leastSigBits: -6958868838381024584
}
.
2020-07-24 03:08:14,899 [Listener at 127.0.0.1/43665] INFO  ozone.MiniOzoneClusterImpl (MiniOzoneClusterImpl.java:lambda$waitForClusterToBeReady$0(177)) - Nodes are ready. Got 9 of 9 DN Heartbeats.
2020-07-24 03:08:14,900 [Listener at 127.0.0.1/43665] INFO  ozone.MiniOzoneClusterImpl (MiniOzoneClusterImpl.java:lambda$waitForClusterToBeReady$0(180)) - Waiting for cluster to exit safe mode
2020-07-24 03:08:14,905 [Command processor thread] INFO  impl.RaftServerProxy (RaftServerProxy.java:addNew(89)) - e388aaab-0923-4db4-bf46-c81346b36393: addNew group-2D41BFE0476D:[e388aaab-0923-4db4-bf46-c81346b36393:172.17.0.2:41099] returns group-2D41BFE0476D:java.util.concurrent.CompletableFuture@5d5ed3e9[Not completed]
2020-07-24 03:08:14,906 [pool-467-thread-1] INFO  impl.RaftServerImpl (RaftServerImpl.java:<init>(107)) - e388aaab-0923-4db4-bf46-c81346b36393: new RaftServerImpl for group-2D41BFE0476D:[e388aaab-0923-4db4-bf46-c81346b36393:172.17.0.2:41099] with ContainerStateMachine:uninitialized
2020-07-24 03:08:14,906 [pool-467-thread-1] INFO  server.RaftServerConfigKeys (ConfUtils.java:logGet(44)) - raft.server.rpc.timeout.min = 5s (custom)
2020-07-24 03:08:14,906 [pool-467-thread-1] INFO  server.RaftServerConfigKeys (ConfUtils.java:logGet(44)) - raft.server.rpc.timeout.max = 5200ms (custom)
2020-07-24 03:08:14,906 [pool-467-thread-1] INFO  server.RaftServerConfigKeys (ConfUtils.java:logGet(44)) - raft.server.rpcslowness.timeout = 300000ms (custom)
2020-07-24 03:08:14,907 [pool-467-thread-1] INFO  server.RaftServerConfigKeys (ConfUtils.java:logGet(44)) - raft.server.sleep.deviation.threshold = 300 (default)
2020-07-24 03:08:14,907 [pool-467-thread-1] INFO  server.RaftServerConfigKeys (ConfUtils.java:logGet(44)) - raft.server.log.appender.install.snapshot.enabled = false (custom)
2020-07-24 03:08:14,907 [pool-467-thread-1] INFO  impl.RaftServerImpl (ServerState.java:<init>(103)) - e388aaab-0923-4db4-bf46-c81346b36393@group-2D41BFE0476D: ConfigurationManager, init=-1: [e388aaab-0923-4db4-bf46-c81346b36393:172.17.0.2:41099], old=null, confs=<EMPTY_MAP>
2020-07-24 03:08:14,907 [pool-467-thread-1] INFO  server.RaftServerConfigKeys (ConfUtils.java:logGet(44)) - raft.server.storage.dir = [/github/workspace/mnt/ozone/hadoop-ozone/integration-test/target/test-dir/MiniOzoneClusterImpl-7a66fb8e-ad0e-46df-b237-2ffa69f4ef17/datanode-8/data/ratis] (custom)
2020-07-24 03:08:14,907 [pool-467-thread-1] INFO  server.RaftServerConfigKeys (ConfUtils.java:logGet(44)) - raft.server.log.corruption.policy = EXCEPTION (default)
2020-07-24 03:08:14,907 [pool-467-thread-1] INFO  storage.RaftStorageDirectory (RaftStorageDirectory.java:analyzeStorage(261)) - The storage directory /github/workspace/mnt/ozone/hadoop-ozone/integration-test/target/test-dir/MiniOzoneClusterImpl-7a66fb8e-ad0e-46df-b237-2ffa69f4ef17/datanode-8/data/ratis/9509ddc4-05de-4fca-bcf5-2d41bfe0476d does not exist. Creating ...
2020-07-24 03:08:14,908 [pool-467-thread-1] INFO  storage.RaftStorageDirectory (RaftStorageDirectory.java:tryLock(343)) - Lock on /github/workspace/mnt/ozone/hadoop-ozone/integration-test/target/test-dir/MiniOzoneClusterImpl-7a66fb8e-ad0e-46df-b237-2ffa69f4ef17/datanode-8/data/ratis/9509ddc4-05de-4fca-bcf5-2d41bfe0476d/in_use.lock acquired by nodename 27121@bae25e63820f
2020-07-24 03:08:14,910 [pool-467-thread-1] INFO  storage.RaftStorage (RaftStorage.java:format(84)) - Storage directory /github/workspace/mnt/ozone/hadoop-ozone/integration-test/target/test-dir/MiniOzoneClusterImpl-7a66fb8e-ad0e-46df-b237-2ffa69f4ef17/datanode-8/data/ratis/9509ddc4-05de-4fca-bcf5-2d41bfe0476d has been successfully formatted.
2020-07-24 03:08:14,911 [pool-467-thread-1] INFO  ratis.ContainerStateMachine (ContainerStateMachine.java:loadSnapshot(225)) - group-2D41BFE0476D: The snapshot info is null. Setting the last applied indexto:(t:0, i:~)
2020-07-24 03:08:14,911 [pool-467-thread-1] INFO  server.RaftServerConfigKeys (ConfUtils.java:logGet(44)) - raft.server.notification.no-leader.timeout = 300000ms (custom)
2020-07-24 03:08:14,912 [pool-467-thread-1] INFO  server.RaftServerConfigKeys (ConfUtils.java:logGet(44)) - raft.server.log.use.memory = false (default)
2020-07-24 03:08:14,913 [pool-467-thread-1] INFO  server.RaftServerConfigKeys (ConfUtils.java:logGet(44)) - raft.server.log.purge.gap = 1000000 (custom)
2020-07-24 03:08:14,915 [pool-467-thread-1] INFO  metrics.RatisMetrics (RatisMetrics.java:lambda$create$0(36)) - Creating Metrics Registry : ratis.log_worker.e388aaab-0923-4db4-bf46-c81346b36393@group-2D41BFE0476D
2020-07-24 03:08:14,914 [EventQueue-PipelineReportForPipelineReportHandler] INFO  pipeline.PipelineStateManager (PipelineStateManager.java:openPipeline(131)) - Pipeline Pipeline[ Id: 9509ddc4-05de-4fca-bcf5-2d41bfe0476d, Nodes: e388aaab-0923-4db4-bf46-c81346b36393{ip: 172.17.0.2, host: bae25e63820f, networkLocation: /default-rack, certSerialId: null}, Type:RATIS, Factor:ONE, State:ALLOCATED, leaderId:e388aaab-0923-4db4-bf46-c81346b36393, CreationTimestamp2020-07-24T03:08:11.908Z] moved to OPEN state
2020-07-24 03:08:14,915 [pool-467-thread-1] INFO  server.RaftServerConfigKeys (ConfUtils.java:logGet(44)) - raft.server.log.appender.buffer.byte-limit = 33554432 (custom)
2020-07-24 03:08:14,915 [EventQueue-OpenPipelineForOneReplicaPipelineSafeModeRule] INFO  safemode.SCMSafeModeManager (SCMSafeModeManager.java:validateSafeModeExitRules(214)) - AtleastOneDatanodeReportedRule rule is successfully validated
2020-07-24 03:08:14,915 [EventQueue-OpenPipelineForHealthyPipelineSafeModeRule] INFO  safemode.SCMSafeModeManager (HealthyPipelineSafeModeRule.java:process(129)) - SCM in safe mode. Healthy pipelines reported count is 0, required healthy pipeline reported count is 1
2020-07-24 03:08:14,915 [pool-467-thread-1] INFO  server.RaftServerConfigKeys (ConfUtils.java:logGet(44)) - raft.server.log.segment.size.max = 1048576 (custom)
2020-07-24 03:08:14,916 [pool-467-thread-1] INFO  server.RaftServerConfigKeys (ConfUtils.java:logGet(44)) - raft.server.log.segment.cache.num.max = 2 (custom)
2020-07-24 03:08:14,916 [pool-467-thread-1] INFO  segmented.SegmentedRaftLogWorker (SegmentedRaftLogWorker.java:<init>(180)) - new e388aaab-0923-4db4-bf46-c81346b36393@group-2D41BFE0476D-SegmentedRaftLogWorker for RaftStorage:Storage Directory /github/workspace/mnt/ozone/hadoop-ozone/integration-test/target/test-dir/MiniOzoneClusterImpl-7a66fb8e-ad0e-46df-b237-2ffa69f4ef17/datanode-8/data/ratis/9509ddc4-05de-4fca-bcf5-2d41bfe0476d
2020-07-24 03:08:14,916 [pool-467-thread-1] INFO  server.RaftServerConfigKeys (ConfUtils.java:logGet(44)) - raft.server.log.queue.byte-limit = 2147483647 (custom)
2020-07-24 03:08:14,916 [pool-467-thread-1] INFO  server.RaftServerConfigKeys (ConfUtils.java:logGet(44)) - raft.server.log.queue.element-limit = 1024 (custom)
2020-07-24 03:08:14,916 [pool-467-thread-1] INFO  server.RaftServerConfigKeys (ConfUtils.java:logGet(44)) - raft.server.log.segment.size.max = 1048576 (custom)
2020-07-24 03:08:14,917 [pool-467-thread-1] INFO  server.RaftServerConfigKeys (ConfUtils.java:logGet(44)) - raft.server.log.preallocated.size = 16384 (custom)
2020-07-24 03:08:14,917 [pool-467-thread-1] INFO  server.RaftServerConfigKeys (ConfUtils.java:logGet(44)) - raft.server.log.write.buffer.size = 1048576 (custom)
2020-07-24 03:08:14,917 [pool-467-thread-1] INFO  server.RaftServerConfigKeys (ConfUtils.java:logGet(44)) - raft.server.log.force.sync.num = 128 (default)
2020-07-24 03:08:14,917 [pool-467-thread-1] INFO  server.RaftServerConfigKeys (ConfUtils.java:logGet(44)) - raft.server.log.statemachine.data.sync = true (default)
2020-07-24 03:08:14,917 [pool-467-thread-1] INFO  server.RaftServerConfigKeys (ConfUtils.java:logGet(44)) - raft.server.log.statemachine.data.sync.timeout = 10s (default)
2020-07-24 03:08:14,917 [pool-467-thread-1] INFO  server.RaftServerConfigKeys (ConfUtils.java:logGet(44)) - raft.server.log.statemachine.data.sync.timeout.retry = -1 (default)
2020-07-24 03:08:14,920 [pool-467-thread-1] INFO  server.RaftServerConfigKeys (ConfUtils.java:logGet(44)) - raft.server.log.statemachine.data.caching.enabled = true (custom)
2020-07-24 03:08:14,920 [pool-467-thread-1] INFO  segmented.SegmentedRaftLogWorker (SegmentedRaftLogWorker.java:lambda$new$0(129)) - e388aaab-0923-4db4-bf46-c81346b36393@group-2D41BFE0476D-SegmentedRaftLogWorker: flushIndex: setUnconditionally 0 -> -1
2020-07-24 03:08:14,920 [pool-467-thread-1] INFO  segmented.SegmentedRaftLogWorker (SegmentedRaftLogWorker.java:lambda$new$0(129)) - e388aaab-0923-4db4-bf46-c81346b36393@group-2D41BFE0476D-SegmentedRaftLogWorker: safeCacheEvictIndex: setUnconditionally 0 -> -1
2020-07-24 03:08:14,921 [pool-467-thread-1] INFO  server.RaftServerConfigKeys (ConfUtils.java:logGet(44)) - raft.server.snapshot.auto.trigger.enabled = true (custom)
2020-07-24 03:08:14,921 [pool-467-thread-1] INFO  server.RaftServerConfigKeys (ConfUtils.java:logGet(44)) - raft.server.snapshot.auto.trigger.threshold = 10000 (custom)
2020-07-24 03:08:14,921 [pool-467-thread-1] INFO  server.RaftServerConfigKeys (ConfUtils.java:logGet(44)) - raft.server.snapshot.retention.file.num = 5 (custom)
2020-07-24 03:08:14,921 [pool-467-thread-1] INFO  server.RaftServerConfigKeys (ConfUtils.java:logGet(44)) - raft.server.log.purge.upto.snapshot.index = false (default)
2020-07-24 03:08:14,921 [pool-467-thread-1] INFO  server.RaftServerConfigKeys (ConfUtils.java:logGet(44)) - raft.server.retrycache.expirytime = 600000ms (custom)
2020-07-24 03:08:14,921 [pool-467-thread-1] INFO  metrics.RatisMetrics (RatisMetrics.java:lambda$create$0(36)) - Creating Metrics Registry : ratis.leader_election.e388aaab-0923-4db4-bf46-c81346b36393@group-2D41BFE0476D
2020-07-24 03:08:14,922 [pool-467-thread-1] INFO  metrics.RatisMetrics (RatisMetrics.java:lambda$create$0(36)) - Creating Metrics Registry : ratis.server.e388aaab-0923-4db4-bf46-c81346b36393@group-2D41BFE0476D
2020-07-24 03:08:14,923 [pool-467-thread-1] INFO  impl.RaftServerImpl (RaftServerImpl.java:start(196)) - e388aaab-0923-4db4-bf46-c81346b36393@group-2D41BFE0476D: start as a follower, conf=-1: [e388aaab-0923-4db4-bf46-c81346b36393:172.17.0.2:41099], old=null
2020-07-24 03:08:14,924 [pool-467-thread-1] INFO  impl.RaftServerImpl (RaftServerImpl.java:setRole(185)) - e388aaab-0923-4db4-bf46-c81346b36393@group-2D41BFE0476D: changes role from      null to FOLLOWER at term 0 for startAsFollower
2020-07-24 03:08:14,924 [pool-467-thread-1] INFO  impl.RoleInfo (RoleInfo.java:updateAndGet(143)) - e388aaab-0923-4db4-bf46-c81346b36393: start FollowerState
2020-07-24 03:08:14,924 [pool-467-thread-1] INFO  util.JmxRegister (JmxRegister.java:tryRegister(44)) - Successfully registered JMX Bean with object name Ratis:service=RaftServer,group=group-2D41BFE0476D,id=e388aaab-0923-4db4-bf46-c81346b36393
2020-07-24 03:08:14,924 [pool-467-thread-1] INFO  metrics.RatisMetrics (RatisMetrics.java:lambda$create$0(36)) - Creating Metrics Registry : ratis.state_machine.e388aaab-0923-4db4-bf46-c81346b36393@group-2D41BFE0476D
2020-07-24 03:08:14,925 [Command processor thread] INFO  commandhandler.CreatePipelineCommandHandler (CreatePipelineCommandHandler.java:handle(109)) - Created Pipeline RATIS ONE #id: "9509ddc4-05de-4fca-bcf5-2d41bfe0476d"
uuid128 {
  mostSigBits: -7707385453286109238
  leastSigBits: -4830905264869718163
}
.
2020-07-24 03:08:15,900 [Listener at 127.0.0.1/43665] INFO  ozone.MiniOzoneClusterImpl (MiniOzoneClusterImpl.java:lambda$waitForClusterToBeReady$0(177)) - Nodes are ready. Got 9 of 9 DN Heartbeats.
2020-07-24 03:08:15,900 [Listener at 127.0.0.1/43665] INFO  ozone.MiniOzoneClusterImpl (MiniOzoneClusterImpl.java:lambda$waitForClusterToBeReady$0(180)) - Waiting for cluster to exit safe mode
2020-07-24 03:08:16,900 [Listener at 127.0.0.1/43665] INFO  ozone.MiniOzoneClusterImpl (MiniOzoneClusterImpl.java:lambda$waitForClusterToBeReady$0(177)) - Nodes are ready. Got 9 of 9 DN Heartbeats.
2020-07-24 03:08:16,901 [Listener at 127.0.0.1/43665] INFO  ozone.MiniOzoneClusterImpl (MiniOzoneClusterImpl.java:lambda$waitForClusterToBeReady$0(180)) - Waiting for cluster to exit safe mode
2020-07-24 03:08:17,901 [Listener at 127.0.0.1/43665] INFO  ozone.MiniOzoneClusterImpl (MiniOzoneClusterImpl.java:lambda$waitForClusterToBeReady$0(177)) - Nodes are ready. Got 9 of 9 DN Heartbeats.
2020-07-24 03:08:17,901 [Listener at 127.0.0.1/43665] INFO  ozone.MiniOzoneClusterImpl (MiniOzoneClusterImpl.java:lambda$waitForClusterToBeReady$0(180)) - Waiting for cluster to exit safe mode
2020-07-24 03:08:18,901 [Listener at 127.0.0.1/43665] INFO  ozone.MiniOzoneClusterImpl (MiniOzoneClusterImpl.java:lambda$waitForClusterToBeReady$0(177)) - Nodes are ready. Got 9 of 9 DN Heartbeats.
2020-07-24 03:08:18,902 [Listener at 127.0.0.1/43665] INFO  ozone.MiniOzoneClusterImpl (MiniOzoneClusterImpl.java:lambda$waitForClusterToBeReady$0(180)) - Waiting for cluster to exit safe mode
2020-07-24 03:08:19,010 [Thread-1280] INFO  impl.FollowerState (FollowerState.java:run(108)) - 0b6ef10e-2f36-4e94-b43e-5e4c71f7d9dd@group-E75380DF8791-FollowerState: change to CANDIDATE, lastRpcTime:5037ms, electionTimeout:5037ms
2020-07-24 03:08:19,010 [Thread-1280] INFO  impl.RoleInfo (RoleInfo.java:shutdownFollowerState(121)) - 0b6ef10e-2f36-4e94-b43e-5e4c71f7d9dd: shutdown FollowerState
2020-07-24 03:08:19,010 [Thread-1280] INFO  impl.RaftServerImpl (RaftServerImpl.java:setRole(185)) - 0b6ef10e-2f36-4e94-b43e-5e4c71f7d9dd@group-E75380DF8791: changes role from  FOLLOWER to CANDIDATE at term 0 for changeToCandidate
2020-07-24 03:08:19,010 [Thread-1280] INFO  impl.RoleInfo (RoleInfo.java:updateAndGet(143)) - 0b6ef10e-2f36-4e94-b43e-5e4c71f7d9dd: start LeaderElection
2020-07-24 03:08:19,014 [0b6ef10e-2f36-4e94-b43e-5e4c71f7d9dd@group-E75380DF8791-LeaderElection36] INFO  impl.LeaderElection (LeaderElection.java:askForVotes(209)) - 0b6ef10e-2f36-4e94-b43e-5e4c71f7d9dd@group-E75380DF8791-LeaderElection36: begin an election at term 1 for -1: [92be74e1-a445-481a-9270-f78b33ea1757:172.17.0.2:42635, 0b6ef10e-2f36-4e94-b43e-5e4c71f7d9dd:172.17.0.2:36165, b2995f92-8b7c-4587-b52b-d4ed19f98a91:172.17.0.2:36971], old=null
2020-07-24 03:08:19,045 [grpc-default-executor-3] INFO  impl.RaftServerImpl (RaftServerImpl.java:setRole(185)) - 92be74e1-a445-481a-9270-f78b33ea1757@group-E75380DF8791: changes role from  FOLLOWER to FOLLOWER at term 1 for recognizeCandidate:0b6ef10e-2f36-4e94-b43e-5e4c71f7d9dd
2020-07-24 03:08:19,045 [grpc-default-executor-3] INFO  impl.RoleInfo (RoleInfo.java:shutdownFollowerState(121)) - 92be74e1-a445-481a-9270-f78b33ea1757: shutdown FollowerState
2020-07-24 03:08:19,045 [grpc-default-executor-3] INFO  impl.RoleInfo (RoleInfo.java:updateAndGet(143)) - 92be74e1-a445-481a-9270-f78b33ea1757: start FollowerState
2020-07-24 03:08:19,045 [Thread-1278] INFO  impl.FollowerState (FollowerState.java:run(117)) - 92be74e1-a445-481a-9270-f78b33ea1757@group-E75380DF8791-FollowerState was interrupted: java.lang.InterruptedException: sleep interrupted
2020-07-24 03:08:19,049 [Thread-1276] INFO  impl.FollowerState (FollowerState.java:run(108)) - 92be74e1-a445-481a-9270-f78b33ea1757@group-C469B0346FDE-FollowerState: change to CANDIDATE, lastRpcTime:5116ms, electionTimeout:5115ms
2020-07-24 03:08:19,049 [Thread-1276] INFO  impl.RoleInfo (RoleInfo.java:shutdownFollowerState(121)) - 92be74e1-a445-481a-9270-f78b33ea1757: shutdown FollowerState
2020-07-24 03:08:19,049 [Thread-1276] INFO  impl.RaftServerImpl (RaftServerImpl.java:setRole(185)) - 92be74e1-a445-481a-9270-f78b33ea1757@group-C469B0346FDE: changes role from  FOLLOWER to CANDIDATE at term 0 for changeToCandidate
2020-07-24 03:08:19,049 [Thread-1276] INFO  impl.RoleInfo (RoleInfo.java:updateAndGet(143)) - 92be74e1-a445-481a-9270-f78b33ea1757: start LeaderElection
2020-07-24 03:08:19,055 [0b6ef10e-2f36-4e94-b43e-5e4c71f7d9dd@group-E75380DF8791-LeaderElection36] INFO  impl.LeaderElection (LeaderElection.java:logAndReturn(61)) - 0b6ef10e-2f36-4e94-b43e-5e4c71f7d9dd@group-E75380DF8791-LeaderElection36: Election PASSED; received 1 response(s) [0b6ef10e-2f36-4e94-b43e-5e4c71f7d9dd<-92be74e1-a445-481a-9270-f78b33ea1757#0:OK-t1] and 0 exception(s); 0b6ef10e-2f36-4e94-b43e-5e4c71f7d9dd@group-E75380DF8791:t1, leader=null, voted=0b6ef10e-2f36-4e94-b43e-5e4c71f7d9dd, raftlog=0b6ef10e-2f36-4e94-b43e-5e4c71f7d9dd@group-E75380DF8791-SegmentedRaftLog:OPENED:c-1,f-1,i0, conf=-1: [92be74e1-a445-481a-9270-f78b33ea1757:172.17.0.2:42635, 0b6ef10e-2f36-4e94-b43e-5e4c71f7d9dd:172.17.0.2:36165, b2995f92-8b7c-4587-b52b-d4ed19f98a91:172.17.0.2:36971], old=null
2020-07-24 03:08:19,055 [0b6ef10e-2f36-4e94-b43e-5e4c71f7d9dd@group-E75380DF8791-LeaderElection36] INFO  impl.RoleInfo (RoleInfo.java:shutdownLeaderElection(134)) - 0b6ef10e-2f36-4e94-b43e-5e4c71f7d9dd: shutdown LeaderElection
2020-07-24 03:08:19,055 [0b6ef10e-2f36-4e94-b43e-5e4c71f7d9dd@group-E75380DF8791-LeaderElection36] INFO  impl.RaftServerImpl (RaftServerImpl.java:setRole(185)) - 0b6ef10e-2f36-4e94-b43e-5e4c71f7d9dd@group-E75380DF8791: changes role from CANDIDATE to LEADER at term 1 for changeToLeader
2020-07-24 03:08:19,055 [0b6ef10e-2f36-4e94-b43e-5e4c71f7d9dd@group-E75380DF8791-LeaderElection36] INFO  ratis.XceiverServerRatis (XceiverServerRatis.java:handleLeaderChangedNotification(820)) - Leader change notification received for group: group-E75380DF8791 with new leaderId: 0b6ef10e-2f36-4e94-b43e-5e4c71f7d9dd
2020-07-24 03:08:19,056 [0b6ef10e-2f36-4e94-b43e-5e4c71f7d9dd@group-E75380DF8791-LeaderElection36] INFO  impl.RaftServerImpl (ServerState.java:setLeader(255)) - 0b6ef10e-2f36-4e94-b43e-5e4c71f7d9dd@group-E75380DF8791: change Leader from null to 0b6ef10e-2f36-4e94-b43e-5e4c71f7d9dd at term 1 for becomeLeader, leader elected after 5090ms
2020-07-24 03:08:19,057 [0b6ef10e-2f36-4e94-b43e-5e4c71f7d9dd@group-E75380DF8791-LeaderElection36] INFO  server.RaftServerConfigKeys (ConfUtils.java:logGet(44)) - raft.server.staging.catchup.gap = 1000 (default)
2020-07-24 03:08:19,057 [0b6ef10e-2f36-4e94-b43e-5e4c71f7d9dd@group-E75380DF8791-LeaderElection36] INFO  server.RaftServerConfigKeys (ConfUtils.java:logGet(44)) - raft.server.rpc.sleep.time = 25ms (default)
2020-07-24 03:08:19,057 [0b6ef10e-2f36-4e94-b43e-5e4c71f7d9dd@group-E75380DF8791-LeaderElection36] INFO  metrics.RatisMetrics (RatisMetrics.java:lambda$create$0(36)) - Creating Metrics Registry : ratis.log_appender.0b6ef10e-2f36-4e94-b43e-5e4c71f7d9dd@group-E75380DF8791
2020-07-24 03:08:19,057 [0b6ef10e-2f36-4e94-b43e-5e4c71f7d9dd@group-E75380DF8791-LeaderElection36] INFO  server.RaftServerConfigKeys (ConfUtils.java:logGet(44)) - raft.server.write.element-limit = 1024 (custom)
2020-07-24 03:08:19,057 [0b6ef10e-2f36-4e94-b43e-5e4c71f7d9dd@group-E75380DF8791-LeaderElection36] INFO  server.RaftServerConfigKeys (ConfUtils.java:logGet(44)) - raft.server.write.byte-limit = 1073741824 (custom)
2020-07-24 03:08:19,058 [0b6ef10e-2f36-4e94-b43e-5e4c71f7d9dd@group-E75380DF8791-LeaderElection36] INFO  server.RaftServerConfigKeys (ConfUtils.java:logGet(44)) - raft.server.watch.timeout = 3000ms (custom)
2020-07-24 03:08:19,058 [0b6ef10e-2f36-4e94-b43e-5e4c71f7d9dd@group-E75380DF8791-LeaderElection36] INFO  server.RaftServerConfigKeys (ConfUtils.java:logGet(44)) - raft.server.watch.timeout.denomination = 1s (default)
2020-07-24 03:08:19,058 [0b6ef10e-2f36-4e94-b43e-5e4c71f7d9dd@group-E75380DF8791-LeaderElection36] INFO  server.RaftServerConfigKeys (ConfUtils.java:logGet(44)) - raft.server.watch.element-limit = 65536 (default)
2020-07-24 03:08:19,058 [92be74e1-a445-481a-9270-f78b33ea1757@group-C469B0346FDE-LeaderElection37] INFO  impl.LeaderElection (LeaderElection.java:askForVotes(209)) - 92be74e1-a445-481a-9270-f78b33ea1757@group-C469B0346FDE-LeaderElection37: begin an election at term 1 for -1: [92be74e1-a445-481a-9270-f78b33ea1757:172.17.0.2:42635], old=null
2020-07-24 03:08:19,062 [grpc-default-executor-3] INFO  impl.RaftServerImpl (RaftServerImpl.java:setRole(185)) - b2995f92-8b7c-4587-b52b-d4ed19f98a91@group-E75380DF8791: changes role from  FOLLOWER to FOLLOWER at term 1 for recognizeCandidate:0b6ef10e-2f36-4e94-b43e-5e4c71f7d9dd
2020-07-24 03:08:19,062 [grpc-default-executor-3] INFO  impl.RoleInfo (RoleInfo.java:shutdownFollowerState(121)) - b2995f92-8b7c-4587-b52b-d4ed19f98a91: shutdown FollowerState
2020-07-24 03:08:19,062 [grpc-default-executor-3] INFO  impl.RoleInfo (RoleInfo.java:updateAndGet(143)) - b2995f92-8b7c-4587-b52b-d4ed19f98a91: start FollowerState
2020-07-24 03:08:19,058 [EventQueue-PipelineReportForPipelineReportHandler] INFO  pipeline.PipelineStateManager (PipelineStateManager.java:openPipeline(131)) - Pipeline Pipeline[ Id: 1a39bb56-9396-4cbe-a978-e75380df8791, Nodes: 92be74e1-a445-481a-9270-f78b33ea1757{ip: 172.17.0.2, host: bae25e63820f, networkLocation: /default-rack, certSerialId: null}0b6ef10e-2f36-4e94-b43e-5e4c71f7d9dd{ip: 172.17.0.2, host: bae25e63820f, networkLocation: /default-rack, certSerialId: null}b2995f92-8b7c-4587-b52b-d4ed19f98a91{ip: 172.17.0.2, host: bae25e63820f, networkLocation: /default-rack, certSerialId: null}, Type:RATIS, Factor:THREE, State:ALLOCATED, leaderId:0b6ef10e-2f36-4e94-b43e-5e4c71f7d9dd, CreationTimestamp2020-07-24T03:08:11.159Z] moved to OPEN state
2020-07-24 03:08:19,062 [EventQueue-OpenPipelineForHealthyPipelineSafeModeRule] INFO  safemode.SCMSafeModeManager (HealthyPipelineSafeModeRule.java:process(129)) - SCM in safe mode. Healthy pipelines reported count is 1, required healthy pipeline reported count is 1
2020-07-24 03:08:19,062 [EventQueue-OpenPipelineForHealthyPipelineSafeModeRule] INFO  safemode.SCMSafeModeManager (SCMSafeModeManager.java:validateSafeModeExitRules(214)) - HealthyPipelineSafeModeRule rule is successfully validated
2020-07-24 03:08:19,062 [EventQueue-OpenPipelineForHealthyPipelineSafeModeRule] INFO  safemode.SCMSafeModeManager (SCMSafeModeManager.java:validateSafeModeExitRules(228)) - ScmSafeModeManager, all rules are successfully validated
2020-07-24 03:08:19,062 [EventQueue-OpenPipelineForHealthyPipelineSafeModeRule] INFO  safemode.SCMSafeModeManager (SCMSafeModeManager.java:exitSafeMode(257)) - SCM exiting safe mode.
2020-07-24 03:08:19,058 [0b6ef10e-2f36-4e94-b43e-5e4c71f7d9dd@group-E75380DF8791-LeaderElection36] INFO  server.RaftServerConfigKeys (ConfUtils.java:logGet(44)) - raft.server.log.appender.snapshot.chunk.size.max = 16MB (=16777216) (default)
2020-07-24 03:08:19,063 [0b6ef10e-2f36-4e94-b43e-5e4c71f7d9dd@group-E75380DF8791-LeaderElection36] INFO  server.RaftServerConfigKeys (ConfUtils.java:logGet(44)) - raft.server.log.appender.buffer.byte-limit = 33554432 (custom)
2020-07-24 03:08:19,063 [0b6ef10e-2f36-4e94-b43e-5e4c71f7d9dd@group-E75380DF8791-LeaderElection36] INFO  server.RaftServerConfigKeys (ConfUtils.java:logGet(44)) - raft.server.log.appender.buffer.element-limit = 1 (custom)
2020-07-24 03:08:19,064 [0b6ef10e-2f36-4e94-b43e-5e4c71f7d9dd@group-E75380DF8791-LeaderElection36] INFO  grpc.GrpcConfigKeys (ConfUtils.java:logGet(44)) - raft.grpc.server.leader.outstanding.appends.max = 128 (default)
2020-07-24 03:08:19,064 [0b6ef10e-2f36-4e94-b43e-5e4c71f7d9dd@group-E75380DF8791-LeaderElection36] INFO  server.RaftServerConfigKeys (ConfUtils.java:logGet(44)) - raft.server.rpc.request.timeout = 3000ms (default)
2020-07-24 03:08:19,064 [0b6ef10e-2f36-4e94-b43e-5e4c71f7d9dd@group-E75380DF8791-LeaderElection36] INFO  server.RaftServerConfigKeys (ConfUtils.java:logGet(44)) - raft.server.log.appender.install.snapshot.enabled = false (custom)
2020-07-24 03:08:19,064 [0b6ef10e-2f36-4e94-b43e-5e4c71f7d9dd@group-E75380DF8791-LeaderElection36] INFO  metrics.RatisMetrics (RatisMetrics.java:lambda$create$0(36)) - Creating Metrics Registry : ratis_grpc.log_appender.0b6ef10e-2f36-4e94-b43e-5e4c71f7d9dd@group-E75380DF8791
2020-07-24 03:08:19,062 [Thread-1283] INFO  impl.FollowerState (FollowerState.java:run(117)) - b2995f92-8b7c-4587-b52b-d4ed19f98a91@group-E75380DF8791-FollowerState was interrupted: java.lang.InterruptedException: sleep interrupted
2020-07-24 03:08:19,066 [0b6ef10e-2f36-4e94-b43e-5e4c71f7d9dd@group-E75380DF8791-LeaderElection36] INFO  server.RaftServerConfigKeys (ConfUtils.java:logGet(44)) - raft.server.log.appender.snapshot.chunk.size.max = 16MB (=16777216) (default)
2020-07-24 03:08:19,066 [0b6ef10e-2f36-4e94-b43e-5e4c71f7d9dd@group-E75380DF8791-LeaderElection36] INFO  server.RaftServerConfigKeys (ConfUtils.java:logGet(44)) - raft.server.log.appender.buffer.byte-limit = 33554432 (custom)
2020-07-24 03:08:19,066 [0b6ef10e-2f36-4e94-b43e-5e4c71f7d9dd@group-E75380DF8791-LeaderElection36] INFO  server.RaftServerConfigKeys (ConfUtils.java:logGet(44)) - raft.server.log.appender.buffer.element-limit = 1 (custom)
2020-07-24 03:08:19,066 [0b6ef10e-2f36-4e94-b43e-5e4c71f7d9dd@group-E75380DF8791-LeaderElection36] INFO  grpc.GrpcConfigKeys (ConfUtils.java:logGet(44)) - raft.grpc.server.leader.outstanding.appends.max = 128 (default)
2020-07-24 03:08:19,066 [0b6ef10e-2f36-4e94-b43e-5e4c71f7d9dd@group-E75380DF8791-LeaderElection36] INFO  server.RaftServerConfigKeys (ConfUtils.java:logGet(44)) - raft.server.rpc.request.timeout = 3000ms (default)
2020-07-24 03:08:19,066 [0b6ef10e-2f36-4e94-b43e-5e4c71f7d9dd@group-E75380DF8791-LeaderElection36] INFO  server.RaftServerConfigKeys (ConfUtils.java:logGet(44)) - raft.server.log.appender.install.snapshot.enabled = false (custom)
2020-07-24 03:08:19,067 [0b6ef10e-2f36-4e94-b43e-5e4c71f7d9dd@group-E75380DF8791-LeaderElection36] INFO  impl.RoleInfo (RoleInfo.java:updateAndGet(143)) - 0b6ef10e-2f36-4e94-b43e-5e4c71f7d9dd: start LeaderState
2020-07-24 03:08:19,068 [0b6ef10e-2f36-4e94-b43e-5e4c71f7d9dd@group-E75380DF8791-LeaderElection36] INFO  segmented.SegmentedRaftLogWorker (SegmentedRaftLogWorker.java:startLogSegment(397)) - 0b6ef10e-2f36-4e94-b43e-5e4c71f7d9dd@group-E75380DF8791-SegmentedRaftLogWorker: Starting segment from index:0
2020-07-24 03:08:19,062 [92be74e1-a445-481a-9270-f78b33ea1757@group-C469B0346FDE-LeaderElection37] INFO  impl.RoleInfo (RoleInfo.java:shutdownLeaderElection(134)) - 92be74e1-a445-481a-9270-f78b33ea1757: shutdown LeaderElection
2020-07-24 03:08:19,064 [EventQueue-OpenPipelineForOneReplicaPipelineSafeModeRule] INFO  safemode.SCMSafeModeManager (SCMSafeModeManager.java:validateSafeModeExitRules(214)) - AtleastOneDatanodeReportedRule rule is successfully validated
2020-07-24 03:08:19,069 [EventQueue-OpenPipelineForOneReplicaPipelineSafeModeRule] INFO  safemode.SCMSafeModeManager (SCMSafeModeManager.java:validateSafeModeExitRules(228)) - ScmSafeModeManager, all rules are successfully validated
2020-07-24 03:08:19,069 [EventQueue-OpenPipelineForOneReplicaPipelineSafeModeRule] INFO  safemode.SCMSafeModeManager (SCMSafeModeManager.java:exitSafeMode(257)) - SCM exiting safe mode.
2020-07-24 03:08:19,069 [0b6ef10e-2f36-4e94-b43e-5e4c71f7d9dd@group-E75380DF8791-SegmentedRaftLogWorker] INFO  segmented.SegmentedRaftLogWorker (SegmentedRaftLogWorker.java:execute(596)) - 0b6ef10e-2f36-4e94-b43e-5e4c71f7d9dd@group-E75380DF8791-SegmentedRaftLogWorker: created new log segment /github/workspace/mnt/ozone/hadoop-ozone/integration-test/target/test-dir/MiniOzoneClusterImpl-7a66fb8e-ad0e-46df-b237-2ffa69f4ef17/datanode-2/data/ratis/1a39bb56-9396-4cbe-a978-e75380df8791/current/log_inprogress_0
2020-07-24 03:08:19,069 [92be74e1-a445-481a-9270-f78b33ea1757@group-C469B0346FDE-LeaderElection37] INFO  impl.RaftServerImpl (RaftServerImpl.java:setRole(185)) - 92be74e1-a445-481a-9270-f78b33ea1757@group-C469B0346FDE: changes role from CANDIDATE to LEADER at term 1 for changeToLeader
2020-07-24 03:08:19,070 [92be74e1-a445-481a-9270-f78b33ea1757@group-C469B0346FDE-LeaderElection37] INFO  ratis.XceiverServerRatis (XceiverServerRatis.java:handleLeaderChangedNotification(820)) - Leader change notification received for group: group-C469B0346FDE with new leaderId: 92be74e1-a445-481a-9270-f78b33ea1757
2020-07-24 03:08:19,070 [92be74e1-a445-481a-9270-f78b33ea1757@group-C469B0346FDE-LeaderElection37] INFO  impl.RaftServerImpl (ServerState.java:setLeader(255)) - 92be74e1-a445-481a-9270-f78b33ea1757@group-C469B0346FDE: change Leader from null to 92be74e1-a445-481a-9270-f78b33ea1757 at term 1 for becomeLeader, leader elected after 5145ms
2020-07-24 03:08:19,078 [92be74e1-a445-481a-9270-f78b33ea1757@group-C469B0346FDE-LeaderElection37] INFO  server.RaftServerConfigKeys (ConfUtils.java:logGet(44)) - raft.server.staging.catchup.gap = 1000 (default)
2020-07-24 03:08:19,078 [92be74e1-a445-481a-9270-f78b33ea1757@group-C469B0346FDE-LeaderElection37] INFO  server.RaftServerConfigKeys (ConfUtils.java:logGet(44)) - raft.server.rpc.sleep.time = 25ms (default)
2020-07-24 03:08:19,078 [92be74e1-a445-481a-9270-f78b33ea1757@group-C469B0346FDE-LeaderElection37] INFO  metrics.RatisMetrics (RatisMetrics.java:lambda$create$0(36)) - Creating Metrics Registry : ratis.log_appender.92be74e1-a445-481a-9270-f78b33ea1757@group-C469B0346FDE
2020-07-24 03:08:19,078 [92be74e1-a445-481a-9270-f78b33ea1757@group-C469B0346FDE-LeaderElection37] INFO  server.RaftServerConfigKeys (ConfUtils.java:logGet(44)) - raft.server.write.element-limit = 1024 (custom)
2020-07-24 03:08:19,078 [92be74e1-a445-481a-9270-f78b33ea1757@group-C469B0346FDE-LeaderElection37] INFO  server.RaftServerConfigKeys (ConfUtils.java:logGet(44)) - raft.server.write.byte-limit = 1073741824 (custom)
2020-07-24 03:08:19,079 [92be74e1-a445-481a-9270-f78b33ea1757@group-C469B0346FDE-LeaderElection37] INFO  server.RaftServerConfigKeys (ConfUtils.java:logGet(44)) - raft.server.watch.timeout = 3000ms (custom)
2020-07-24 03:08:19,079 [92be74e1-a445-481a-9270-f78b33ea1757@group-C469B0346FDE-LeaderElection37] INFO  server.RaftServerConfigKeys (ConfUtils.java:logGet(44)) - raft.server.watch.timeout.denomination = 1s (default)
2020-07-24 03:08:19,079 [92be74e1-a445-481a-9270-f78b33ea1757@group-C469B0346FDE-LeaderElection37] INFO  server.RaftServerConfigKeys (ConfUtils.java:logGet(44)) - raft.server.watch.element-limit = 65536 (default)
2020-07-24 03:08:19,079 [92be74e1-a445-481a-9270-f78b33ea1757@group-C469B0346FDE-LeaderElection37] INFO  impl.RoleInfo (RoleInfo.java:updateAndGet(143)) - 92be74e1-a445-481a-9270-f78b33ea1757: start LeaderState
2020-07-24 03:08:19,079 [92be74e1-a445-481a-9270-f78b33ea1757@group-C469B0346FDE-LeaderElection37] INFO  segmented.SegmentedRaftLogWorker (SegmentedRaftLogWorker.java:startLogSegment(397)) - 92be74e1-a445-481a-9270-f78b33ea1757@group-C469B0346FDE-SegmentedRaftLogWorker: Starting segment from index:0
2020-07-24 03:08:19,081 [92be74e1-a445-481a-9270-f78b33ea1757@group-C469B0346FDE-LeaderElection37] INFO  impl.RaftServerImpl (ServerState.java:setRaftConf(356)) - 92be74e1-a445-481a-9270-f78b33ea1757@group-C469B0346FDE: set configuration 0: [92be74e1-a445-481a-9270-f78b33ea1757:172.17.0.2:42635], old=null at 0
2020-07-24 03:08:19,081 [92be74e1-a445-481a-9270-f78b33ea1757@group-C469B0346FDE-SegmentedRaftLogWorker] INFO  segmented.SegmentedRaftLogWorker (SegmentedRaftLogWorker.java:execute(596)) - 92be74e1-a445-481a-9270-f78b33ea1757@group-C469B0346FDE-SegmentedRaftLogWorker: created new log segment /github/workspace/mnt/ozone/hadoop-ozone/integration-test/target/test-dir/MiniOzoneClusterImpl-7a66fb8e-ad0e-46df-b237-2ffa69f4ef17/datanode-0/data/ratis/3e2fad72-a384-4242-bee9-c469b0346fde/current/log_inprogress_0
2020-07-24 03:08:19,082 [0b6ef10e-2f36-4e94-b43e-5e4c71f7d9dd@group-E75380DF8791-LeaderElection36] INFO  impl.RaftServerImpl (ServerState.java:setRaftConf(356)) - 0b6ef10e-2f36-4e94-b43e-5e4c71f7d9dd@group-E75380DF8791: set configuration 0: [92be74e1-a445-481a-9270-f78b33ea1757:172.17.0.2:42635, 0b6ef10e-2f36-4e94-b43e-5e4c71f7d9dd:172.17.0.2:36165, b2995f92-8b7c-4587-b52b-d4ed19f98a91:172.17.0.2:36971], old=null at 0
2020-07-24 03:08:19,102 [grpc-default-executor-1] INFO  ratis.XceiverServerRatis (XceiverServerRatis.java:handleLeaderChangedNotification(820)) - Leader change notification received for group: group-E75380DF8791 with new leaderId: 0b6ef10e-2f36-4e94-b43e-5e4c71f7d9dd
2020-07-24 03:08:19,102 [grpc-default-executor-1] INFO  impl.RaftServerImpl (ServerState.java:setLeader(255)) - 92be74e1-a445-481a-9270-f78b33ea1757@group-E75380DF8791: change Leader from null to 0b6ef10e-2f36-4e94-b43e-5e4c71f7d9dd at term 1 for appendEntries, leader elected after 5165ms
2020-07-24 03:08:19,102 [grpc-default-executor-6] INFO  ratis.XceiverServerRatis (XceiverServerRatis.java:handleLeaderChangedNotification(820)) - Leader change notification received for group: group-E75380DF8791 with new leaderId: 0b6ef10e-2f36-4e94-b43e-5e4c71f7d9dd
2020-07-24 03:08:19,102 [grpc-default-executor-6] INFO  impl.RaftServerImpl (ServerState.java:setLeader(255)) - b2995f92-8b7c-4587-b52b-d4ed19f98a91@group-E75380DF8791: change Leader from null to 0b6ef10e-2f36-4e94-b43e-5e4c71f7d9dd at term 1 for appendEntries, leader elected after 5108ms
2020-07-24 03:08:19,107 [grpc-default-executor-3] INFO  impl.RaftServerImpl (ServerState.java:setRaftConf(356)) - b2995f92-8b7c-4587-b52b-d4ed19f98a91@group-E75380DF8791: set configuration 0: [92be74e1-a445-481a-9270-f78b33ea1757:172.17.0.2:42635, 0b6ef10e-2f36-4e94-b43e-5e4c71f7d9dd:172.17.0.2:36165, b2995f92-8b7c-4587-b52b-d4ed19f98a91:172.17.0.2:36971], old=null at 0
2020-07-24 03:08:19,108 [grpc-default-executor-3] INFO  segmented.SegmentedRaftLogWorker (SegmentedRaftLogWorker.java:startLogSegment(397)) - b2995f92-8b7c-4587-b52b-d4ed19f98a91@group-E75380DF8791-SegmentedRaftLogWorker: Starting segment from index:0
2020-07-24 03:08:19,109 [grpc-default-executor-3] INFO  impl.RaftServerImpl (ServerState.java:setRaftConf(356)) - 92be74e1-a445-481a-9270-f78b33ea1757@group-E75380DF8791: set configuration 0: [92be74e1-a445-481a-9270-f78b33ea1757:172.17.0.2:42635, 0b6ef10e-2f36-4e94-b43e-5e4c71f7d9dd:172.17.0.2:36165, b2995f92-8b7c-4587-b52b-d4ed19f98a91:172.17.0.2:36971], old=null at 0
2020-07-24 03:08:19,109 [b2995f92-8b7c-4587-b52b-d4ed19f98a91@group-E75380DF8791-SegmentedRaftLogWorker] INFO  segmented.SegmentedRaftLogWorker (SegmentedRaftLogWorker.java:execute(596)) - b2995f92-8b7c-4587-b52b-d4ed19f98a91@group-E75380DF8791-SegmentedRaftLogWorker: created new log segment /github/workspace/mnt/ozone/hadoop-ozone/integration-test/target/test-dir/MiniOzoneClusterImpl-7a66fb8e-ad0e-46df-b237-2ffa69f4ef17/datanode-1/data/ratis/1a39bb56-9396-4cbe-a978-e75380df8791/current/log_inprogress_0
2020-07-24 03:08:19,110 [grpc-default-executor-3] INFO  segmented.SegmentedRaftLogWorker (SegmentedRaftLogWorker.java:startLogSegment(397)) - 92be74e1-a445-481a-9270-f78b33ea1757@group-E75380DF8791-SegmentedRaftLogWorker: Starting segment from index:0
2020-07-24 03:08:19,117 [92be74e1-a445-481a-9270-f78b33ea1757@group-E75380DF8791-SegmentedRaftLogWorker] INFO  segmented.SegmentedRaftLogWorker (SegmentedRaftLogWorker.java:execute(596)) - 92be74e1-a445-481a-9270-f78b33ea1757@group-E75380DF8791-SegmentedRaftLogWorker: created new log segment /github/workspace/mnt/ozone/hadoop-ozone/integration-test/target/test-dir/MiniOzoneClusterImpl-7a66fb8e-ad0e-46df-b237-2ffa69f4ef17/datanode-0/data/ratis/1a39bb56-9396-4cbe-a978-e75380df8791/current/log_inprogress_0
2020-07-24 03:08:19,189 [Thread-1288] INFO  impl.FollowerState (FollowerState.java:run(108)) - 0b6ef10e-2f36-4e94-b43e-5e4c71f7d9dd@group-634F067C350E-FollowerState: change to CANDIDATE, lastRpcTime:5017ms, electionTimeout:5017ms
2020-07-24 03:08:19,190 [Thread-1288] INFO  impl.RoleInfo (RoleInfo.java:shutdownFollowerState(121)) - 0b6ef10e-2f36-4e94-b43e-5e4c71f7d9dd: shutdown FollowerState
2020-07-24 03:08:19,190 [Thread-1288] INFO  impl.RaftServerImpl (RaftServerImpl.java:setRole(185)) - 0b6ef10e-2f36-4e94-b43e-5e4c71f7d9dd@group-634F067C350E: changes role from  FOLLOWER to CANDIDATE at term 0 for changeToCandidate
2020-07-24 03:08:19,190 [Thread-1288] INFO  impl.RoleInfo (RoleInfo.java:updateAndGet(143)) - 0b6ef10e-2f36-4e94-b43e-5e4c71f7d9dd: start LeaderElection
2020-07-24 03:08:19,194 [0b6ef10e-2f36-4e94-b43e-5e4c71f7d9dd@group-634F067C350E-LeaderElection38] INFO  impl.LeaderElection (LeaderElection.java:askForVotes(209)) - 0b6ef10e-2f36-4e94-b43e-5e4c71f7d9dd@group-634F067C350E-LeaderElection38: begin an election at term 1 for -1: [0b6ef10e-2f36-4e94-b43e-5e4c71f7d9dd:172.17.0.2:36165], old=null
2020-07-24 03:08:19,194 [0b6ef10e-2f36-4e94-b43e-5e4c71f7d9dd@group-634F067C350E-LeaderElection38] INFO  impl.RoleInfo (RoleInfo.java:shutdownLeaderElection(134)) - 0b6ef10e-2f36-4e94-b43e-5e4c71f7d9dd: shutdown LeaderElection
2020-07-24 03:08:19,194 [0b6ef10e-2f36-4e94-b43e-5e4c71f7d9dd@group-634F067C350E-LeaderElection38] INFO  impl.RaftServerImpl (RaftServerImpl.java:setRole(185)) - 0b6ef10e-2f36-4e94-b43e-5e4c71f7d9dd@group-634F067C350E: changes role from CANDIDATE to LEADER at term 1 for changeToLeader
2020-07-24 03:08:19,194 [0b6ef10e-2f36-4e94-b43e-5e4c71f7d9dd@group-634F067C350E-LeaderElection38] INFO  ratis.XceiverServerRatis (XceiverServerRatis.java:handleLeaderChangedNotification(820)) - Leader change notification received for group: group-634F067C350E with new leaderId: 0b6ef10e-2f36-4e94-b43e-5e4c71f7d9dd
2020-07-24 03:08:19,194 [0b6ef10e-2f36-4e94-b43e-5e4c71f7d9dd@group-634F067C350E-LeaderElection38] INFO  impl.RaftServerImpl (ServerState.java:setLeader(255)) - 0b6ef10e-2f36-4e94-b43e-5e4c71f7d9dd@group-634F067C350E: change Leader from null to 0b6ef10e-2f36-4e94-b43e-5e4c71f7d9dd at term 1 for becomeLeader, leader elected after 5030ms
2020-07-24 03:08:19,194 [0b6ef10e-2f36-4e94-b43e-5e4c71f7d9dd@group-634F067C350E-LeaderElection38] INFO  server.RaftServerConfigKeys (ConfUtils.java:logGet(44)) - raft.server.staging.catchup.gap = 1000 (default)
2020-07-24 03:08:19,194 [0b6ef10e-2f36-4e94-b43e-5e4c71f7d9dd@group-634F067C350E-LeaderElection38] INFO  server.RaftServerConfigKeys (ConfUtils.java:logGet(44)) - raft.server.rpc.sleep.time = 25ms (default)
2020-07-24 03:08:19,194 [0b6ef10e-2f36-4e94-b43e-5e4c71f7d9dd@group-634F067C350E-LeaderElection38] INFO  metrics.RatisMetrics (RatisMetrics.java:lambda$create$0(36)) - Creating Metrics Registry : ratis.log_appender.0b6ef10e-2f36-4e94-b43e-5e4c71f7d9dd@group-634F067C350E
2020-07-24 03:08:19,195 [0b6ef10e-2f36-4e94-b43e-5e4c71f7d9dd@group-634F067C350E-LeaderElection38] INFO  server.RaftServerConfigKeys (ConfUtils.java:logGet(44)) - raft.server.write.element-limit = 1024 (custom)
2020-07-24 03:08:19,195 [0b6ef10e-2f36-4e94-b43e-5e4c71f7d9dd@group-634F067C350E-LeaderElection38] INFO  server.RaftServerConfigKeys (ConfUtils.java:logGet(44)) - raft.server.write.byte-limit = 1073741824 (custom)
2020-07-24 03:08:19,196 [Thread-1286] INFO  impl.FollowerState (FollowerState.java:run(108)) - b2995f92-8b7c-4587-b52b-d4ed19f98a91@group-1D480263C32E-FollowerState: change to CANDIDATE, lastRpcTime:5146ms, electionTimeout:5146ms
2020-07-24 03:08:19,197 [0b6ef10e-2f36-4e94-b43e-5e4c71f7d9dd@group-634F067C350E-LeaderElection38] INFO  server.RaftServerConfigKeys (ConfUtils.java:logGet(44)) - raft.server.watch.timeout = 3000ms (custom)
2020-07-24 03:08:19,197 [Thread-1286] INFO  impl.RoleInfo (RoleInfo.java:shutdownFollowerState(121)) - b2995f92-8b7c-4587-b52b-d4ed19f98a91: shutdown FollowerState
2020-07-24 03:08:19,197 [0b6ef10e-2f36-4e94-b43e-5e4c71f7d9dd@group-634F067C350E-LeaderElection38] INFO  server.RaftServerConfigKeys (ConfUtils.java:logGet(44)) - raft.server.watch.timeout.denomination = 1s (default)
2020-07-24 03:08:19,197 [0b6ef10e-2f36-4e94-b43e-5e4c71f7d9dd@group-634F067C350E-LeaderElection38] INFO  server.RaftServerConfigKeys (ConfUtils.java:logGet(44)) - raft.server.watch.element-limit = 65536 (default)
2020-07-24 03:08:19,197 [Thread-1286] INFO  impl.RaftServerImpl (RaftServerImpl.java:setRole(185)) - b2995f92-8b7c-4587-b52b-d4ed19f98a91@group-1D480263C32E: changes role from  FOLLOWER to CANDIDATE at term 0 for changeToCandidate
2020-07-24 03:08:19,198 [0b6ef10e-2f36-4e94-b43e-5e4c71f7d9dd@group-634F067C350E-LeaderElection38] INFO  impl.RoleInfo (RoleInfo.java:updateAndGet(143)) - 0b6ef10e-2f36-4e94-b43e-5e4c71f7d9dd: start LeaderState
2020-07-24 03:08:19,198 [Thread-1286] INFO  impl.RoleInfo (RoleInfo.java:updateAndGet(143)) - b2995f92-8b7c-4587-b52b-d4ed19f98a91: start LeaderElection
2020-07-24 03:08:19,200 [0b6ef10e-2f36-4e94-b43e-5e4c71f7d9dd@group-634F067C350E-LeaderElection38] INFO  segmented.SegmentedRaftLogWorker (SegmentedRaftLogWorker.java:startLogSegment(397)) - 0b6ef10e-2f36-4e94-b43e-5e4c71f7d9dd@group-634F067C350E-SegmentedRaftLogWorker: Starting segment from index:0
2020-07-24 03:08:19,201 [0b6ef10e-2f36-4e94-b43e-5e4c71f7d9dd@group-634F067C350E-SegmentedRaftLogWorker] INFO  segmented.SegmentedRaftLogWorker (SegmentedRaftLogWorker.java:execute(596)) - 0b6ef10e-2f36-4e94-b43e-5e4c71f7d9dd@group-634F067C350E-SegmentedRaftLogWorker: created new log segment /github/workspace/mnt/ozone/hadoop-ozone/integration-test/target/test-dir/MiniOzoneClusterImpl-7a66fb8e-ad0e-46df-b237-2ffa69f4ef17/datanode-2/data/ratis/98d5f80e-ce4a-49fc-b1ae-634f067c350e/current/log_inprogress_0
2020-07-24 03:08:19,209 [0b6ef10e-2f36-4e94-b43e-5e4c71f7d9dd@group-634F067C350E-LeaderElection38] INFO  impl.RaftServerImpl (ServerState.java:setRaftConf(356)) - 0b6ef10e-2f36-4e94-b43e-5e4c71f7d9dd@group-634F067C350E: set configuration 0: [0b6ef10e-2f36-4e94-b43e-5e4c71f7d9dd:172.17.0.2:36165], old=null at 0
2020-07-24 03:08:19,219 [b2995f92-8b7c-4587-b52b-d4ed19f98a91@group-1D480263C32E-LeaderElection39] INFO  impl.LeaderElection (LeaderElection.java:askForVotes(209)) - b2995f92-8b7c-4587-b52b-d4ed19f98a91@group-1D480263C32E-LeaderElection39: begin an election at term 1 for -1: [b2995f92-8b7c-4587-b52b-d4ed19f98a91:172.17.0.2:36971], old=null
2020-07-24 03:08:19,219 [b2995f92-8b7c-4587-b52b-d4ed19f98a91@group-1D480263C32E-LeaderElection39] INFO  impl.RoleInfo (RoleInfo.java:shutdownLeaderElection(134)) - b2995f92-8b7c-4587-b52b-d4ed19f98a91: shutdown LeaderElection
2020-07-24 03:08:19,219 [b2995f92-8b7c-4587-b52b-d4ed19f98a91@group-1D480263C32E-LeaderElection39] INFO  impl.RaftServerImpl (RaftServerImpl.java:setRole(185)) - b2995f92-8b7c-4587-b52b-d4ed19f98a91@group-1D480263C32E: changes role from CANDIDATE to LEADER at term 1 for changeToLeader
2020-07-24 03:08:19,219 [b2995f92-8b7c-4587-b52b-d4ed19f98a91@group-1D480263C32E-LeaderElection39] INFO  ratis.XceiverServerRatis (XceiverServerRatis.java:handleLeaderChangedNotification(820)) - Leader change notification received for group: group-1D480263C32E with new leaderId: b2995f92-8b7c-4587-b52b-d4ed19f98a91
2020-07-24 03:08:19,219 [b2995f92-8b7c-4587-b52b-d4ed19f98a91@group-1D480263C32E-LeaderElection39] INFO  impl.RaftServerImpl (ServerState.java:setLeader(255)) - b2995f92-8b7c-4587-b52b-d4ed19f98a91@group-1D480263C32E: change Leader from null to b2995f92-8b7c-4587-b52b-d4ed19f98a91 at term 1 for becomeLeader, leader elected after 5176ms
2020-07-24 03:08:19,220 [b2995f92-8b7c-4587-b52b-d4ed19f98a91@group-1D480263C32E-LeaderElection39] INFO  server.RaftServerConfigKeys (ConfUtils.java:logGet(44)) - raft.server.staging.catchup.gap = 1000 (default)
2020-07-24 03:08:19,220 [b2995f92-8b7c-4587-b52b-d4ed19f98a91@group-1D480263C32E-LeaderElection39] INFO  server.RaftServerConfigKeys (ConfUtils.java:logGet(44)) - raft.server.rpc.sleep.time = 25ms (default)
2020-07-24 03:08:19,220 [b2995f92-8b7c-4587-b52b-d4ed19f98a91@group-1D480263C32E-LeaderElection39] INFO  metrics.RatisMetrics (RatisMetrics.java:lambda$create$0(36)) - Creating Metrics Registry : ratis.log_appender.b2995f92-8b7c-4587-b52b-d4ed19f98a91@group-1D480263C32E
2020-07-24 03:08:19,221 [b2995f92-8b7c-4587-b52b-d4ed19f98a91@group-1D480263C32E-LeaderElection39] INFO  server.RaftServerConfigKeys (ConfUtils.java:logGet(44)) - raft.server.write.element-limit = 1024 (custom)
2020-07-24 03:08:19,221 [b2995f92-8b7c-4587-b52b-d4ed19f98a91@group-1D480263C32E-LeaderElection39] INFO  server.RaftServerConfigKeys (ConfUtils.java:logGet(44)) - raft.server.write.byte-limit = 1073741824 (custom)
2020-07-24 03:08:19,221 [b2995f92-8b7c-4587-b52b-d4ed19f98a91@group-1D480263C32E-LeaderElection39] INFO  server.RaftServerConfigKeys (ConfUtils.java:logGet(44)) - raft.server.watch.timeout = 3000ms (custom)
2020-07-24 03:08:19,221 [b2995f92-8b7c-4587-b52b-d4ed19f98a91@group-1D480263C32E-LeaderElection39] INFO  server.RaftServerConfigKeys (ConfUtils.java:logGet(44)) - raft.server.watch.timeout.denomination = 1s (default)
2020-07-24 03:08:19,221 [b2995f92-8b7c-4587-b52b-d4ed19f98a91@group-1D480263C32E-LeaderElection39] INFO  server.RaftServerConfigKeys (ConfUtils.java:logGet(44)) - raft.server.watch.element-limit = 65536 (default)
2020-07-24 03:08:19,222 [b2995f92-8b7c-4587-b52b-d4ed19f98a91@group-1D480263C32E-LeaderElection39] INFO  impl.RoleInfo (RoleInfo.java:updateAndGet(143)) - b2995f92-8b7c-4587-b52b-d4ed19f98a91: start LeaderState
2020-07-24 03:08:19,222 [b2995f92-8b7c-4587-b52b-d4ed19f98a91@group-1D480263C32E-LeaderElection39] INFO  segmented.SegmentedRaftLogWorker (SegmentedRaftLogWorker.java:startLogSegment(397)) - b2995f92-8b7c-4587-b52b-d4ed19f98a91@group-1D480263C32E-SegmentedRaftLogWorker: Starting segment from index:0
2020-07-24 03:08:19,223 [b2995f92-8b7c-4587-b52b-d4ed19f98a91@group-1D480263C32E-LeaderElection39] INFO  impl.RaftServerImpl (ServerState.java:setRaftConf(356)) - b2995f92-8b7c-4587-b52b-d4ed19f98a91@group-1D480263C32E: set configuration 0: [b2995f92-8b7c-4587-b52b-d4ed19f98a91:172.17.0.2:36971], old=null at 0
2020-07-24 03:08:19,223 [b2995f92-8b7c-4587-b52b-d4ed19f98a91@group-1D480263C32E-SegmentedRaftLogWorker] INFO  segmented.SegmentedRaftLogWorker (SegmentedRaftLogWorker.java:execute(596)) - b2995f92-8b7c-4587-b52b-d4ed19f98a91@group-1D480263C32E-SegmentedRaftLogWorker: created new log segment /github/workspace/mnt/ozone/hadoop-ozone/integration-test/target/test-dir/MiniOzoneClusterImpl-7a66fb8e-ad0e-46df-b237-2ffa69f4ef17/datanode-1/data/ratis/94eba7a4-ec56-4f1f-8009-1d480263c32e/current/log_inprogress_0
2020-07-24 03:08:19,345 [Thread-1290] INFO  impl.FollowerState (FollowerState.java:run(108)) - ef05ffb5-aa81-4044-bbcc-ef5ea51c2a16@group-8C591323D0CB-FollowerState: change to CANDIDATE, lastRpcTime:5039ms, electionTimeout:5038ms
2020-07-24 03:08:19,345 [Thread-1290] INFO  impl.RoleInfo (RoleInfo.java:shutdownFollowerState(121)) - ef05ffb5-aa81-4044-bbcc-ef5ea51c2a16: shutdown FollowerState
2020-07-24 03:08:19,345 [Thread-1290] INFO  impl.RaftServerImpl (RaftServerImpl.java:setRole(185)) - ef05ffb5-aa81-4044-bbcc-ef5ea51c2a16@group-8C591323D0CB: changes role from  FOLLOWER to CANDIDATE at term 0 for changeToCandidate
2020-07-24 03:08:19,346 [Thread-1290] INFO  impl.RoleInfo (RoleInfo.java:updateAndGet(143)) - ef05ffb5-aa81-4044-bbcc-ef5ea51c2a16: start LeaderElection
2020-07-24 03:08:19,350 [ef05ffb5-aa81-4044-bbcc-ef5ea51c2a16@group-8C591323D0CB-LeaderElection40] INFO  impl.LeaderElection (LeaderElection.java:askForVotes(209)) - ef05ffb5-aa81-4044-bbcc-ef5ea51c2a16@group-8C591323D0CB-LeaderElection40: begin an election at term 1 for -1: [ef05ffb5-aa81-4044-bbcc-ef5ea51c2a16:172.17.0.2:38667], old=null
2020-07-24 03:08:19,350 [ef05ffb5-aa81-4044-bbcc-ef5ea51c2a16@group-8C591323D0CB-LeaderElection40] INFO  impl.RoleInfo (RoleInfo.java:shutdownLeaderElection(134)) - ef05ffb5-aa81-4044-bbcc-ef5ea51c2a16: shutdown LeaderElection
2020-07-24 03:08:19,350 [ef05ffb5-aa81-4044-bbcc-ef5ea51c2a16@group-8C591323D0CB-LeaderElection40] INFO  impl.RaftServerImpl (RaftServerImpl.java:setRole(185)) - ef05ffb5-aa81-4044-bbcc-ef5ea51c2a16@group-8C591323D0CB: changes role from CANDIDATE to LEADER at term 1 for changeToLeader
2020-07-24 03:08:19,350 [ef05ffb5-aa81-4044-bbcc-ef5ea51c2a16@group-8C591323D0CB-LeaderElection40] INFO  ratis.XceiverServerRatis (XceiverServerRatis.java:handleLeaderChangedNotification(820)) - Leader change notification received for group: group-8C591323D0CB with new leaderId: ef05ffb5-aa81-4044-bbcc-ef5ea51c2a16
2020-07-24 03:08:19,350 [ef05ffb5-aa81-4044-bbcc-ef5ea51c2a16@group-8C591323D0CB-LeaderElection40] INFO  impl.RaftServerImpl (ServerState.java:setLeader(255)) - ef05ffb5-aa81-4044-bbcc-ef5ea51c2a16@group-8C591323D0CB: change Leader from null to ef05ffb5-aa81-4044-bbcc-ef5ea51c2a16 at term 1 for becomeLeader, leader elected after 5058ms
2020-07-24 03:08:19,351 [ef05ffb5-aa81-4044-bbcc-ef5ea51c2a16@group-8C591323D0CB-LeaderElection40] INFO  server.RaftServerConfigKeys (ConfUtils.java:logGet(44)) - raft.server.staging.catchup.gap = 1000 (default)
2020-07-24 03:08:19,351 [ef05ffb5-aa81-4044-bbcc-ef5ea51c2a16@group-8C591323D0CB-LeaderElection40] INFO  server.RaftServerConfigKeys (ConfUtils.java:logGet(44)) - raft.server.rpc.sleep.time = 25ms (default)
2020-07-24 03:08:19,351 [ef05ffb5-aa81-4044-bbcc-ef5ea51c2a16@group-8C591323D0CB-LeaderElection40] INFO  metrics.RatisMetrics (RatisMetrics.java:lambda$create$0(36)) - Creating Metrics Registry : ratis.log_appender.ef05ffb5-aa81-4044-bbcc-ef5ea51c2a16@group-8C591323D0CB
2020-07-24 03:08:19,351 [ef05ffb5-aa81-4044-bbcc-ef5ea51c2a16@group-8C591323D0CB-LeaderElection40] INFO  server.RaftServerConfigKeys (ConfUtils.java:logGet(44)) - raft.server.write.element-limit = 1024 (custom)
2020-07-24 03:08:19,351 [ef05ffb5-aa81-4044-bbcc-ef5ea51c2a16@group-8C591323D0CB-LeaderElection40] INFO  server.RaftServerConfigKeys (ConfUtils.java:logGet(44)) - raft.server.write.byte-limit = 1073741824 (custom)
2020-07-24 03:08:19,352 [ef05ffb5-aa81-4044-bbcc-ef5ea51c2a16@group-8C591323D0CB-LeaderElection40] INFO  server.RaftServerConfigKeys (ConfUtils.java:logGet(44)) - raft.server.watch.timeout = 3000ms (custom)
2020-07-24 03:08:19,352 [ef05ffb5-aa81-4044-bbcc-ef5ea51c2a16@group-8C591323D0CB-LeaderElection40] INFO  server.RaftServerConfigKeys (ConfUtils.java:logGet(44)) - raft.server.watch.timeout.denomination = 1s (default)
2020-07-24 03:08:19,352 [ef05ffb5-aa81-4044-bbcc-ef5ea51c2a16@group-8C591323D0CB-LeaderElection40] INFO  server.RaftServerConfigKeys (ConfUtils.java:logGet(44)) - raft.server.watch.element-limit = 65536 (default)
2020-07-24 03:08:19,352 [ef05ffb5-aa81-4044-bbcc-ef5ea51c2a16@group-8C591323D0CB-LeaderElection40] INFO  impl.RoleInfo (RoleInfo.java:updateAndGet(143)) - ef05ffb5-aa81-4044-bbcc-ef5ea51c2a16: start LeaderState
2020-07-24 03:08:19,353 [ef05ffb5-aa81-4044-bbcc-ef5ea51c2a16@group-8C591323D0CB-LeaderElection40] INFO  segmented.SegmentedRaftLogWorker (SegmentedRaftLogWorker.java:startLogSegment(397)) - ef05ffb5-aa81-4044-bbcc-ef5ea51c2a16@group-8C591323D0CB-SegmentedRaftLogWorker: Starting segment from index:0
2020-07-24 03:08:19,353 [ef05ffb5-aa81-4044-bbcc-ef5ea51c2a16@group-8C591323D0CB-LeaderElection40] INFO  impl.RaftServerImpl (ServerState.java:setRaftConf(356)) - ef05ffb5-aa81-4044-bbcc-ef5ea51c2a16@group-8C591323D0CB: set configuration 0: [ef05ffb5-aa81-4044-bbcc-ef5ea51c2a16:172.17.0.2:38667], old=null at 0
2020-07-24 03:08:19,354 [ef05ffb5-aa81-4044-bbcc-ef5ea51c2a16@group-8C591323D0CB-SegmentedRaftLogWorker] INFO  segmented.SegmentedRaftLogWorker (SegmentedRaftLogWorker.java:execute(596)) - ef05ffb5-aa81-4044-bbcc-ef5ea51c2a16@group-8C591323D0CB-SegmentedRaftLogWorker: created new log segment /github/workspace/mnt/ozone/hadoop-ozone/integration-test/target/test-dir/MiniOzoneClusterImpl-7a66fb8e-ad0e-46df-b237-2ffa69f4ef17/datanode-3/data/ratis/87b63220-dd89-4a93-b875-8c591323d0cb/current/log_inprogress_0
2020-07-24 03:08:19,412 [Thread-1294] INFO  impl.FollowerState (FollowerState.java:run(108)) - ec8340d6-a662-4952-84a8-2c663fc0262a@group-C6D6CFF30BED-FollowerState: change to CANDIDATE, lastRpcTime:5065ms, electionTimeout:5062ms
2020-07-24 03:08:19,412 [Thread-1294] INFO  impl.RoleInfo (RoleInfo.java:shutdownFollowerState(121)) - ec8340d6-a662-4952-84a8-2c663fc0262a: shutdown FollowerState
2020-07-24 03:08:19,412 [Thread-1294] INFO  impl.RaftServerImpl (RaftServerImpl.java:setRole(185)) - ec8340d6-a662-4952-84a8-2c663fc0262a@group-C6D6CFF30BED: changes role from  FOLLOWER to CANDIDATE at term 0 for changeToCandidate
2020-07-24 03:08:19,412 [Thread-1294] INFO  impl.RoleInfo (RoleInfo.java:updateAndGet(143)) - ec8340d6-a662-4952-84a8-2c663fc0262a: start LeaderElection
2020-07-24 03:08:19,417 [ec8340d6-a662-4952-84a8-2c663fc0262a@group-C6D6CFF30BED-LeaderElection41] INFO  impl.LeaderElection (LeaderElection.java:askForVotes(209)) - ec8340d6-a662-4952-84a8-2c663fc0262a@group-C6D6CFF30BED-LeaderElection41: begin an election at term 1 for -1: [54c6cd85-2842-44da-844c-41bdb0d83551:172.17.0.2:36693, ec8340d6-a662-4952-84a8-2c663fc0262a:172.17.0.2:36039, ef05ffb5-aa81-4044-bbcc-ef5ea51c2a16:172.17.0.2:38667], old=null
2020-07-24 03:08:19,424 [Thread-1292] INFO  impl.FollowerState (FollowerState.java:run(108)) - ef05ffb5-aa81-4044-bbcc-ef5ea51c2a16@group-C6D6CFF30BED-FollowerState: change to CANDIDATE, lastRpcTime:5097ms, electionTimeout:5096ms
2020-07-24 03:08:19,425 [Thread-1292] INFO  impl.RoleInfo (RoleInfo.java:shutdownFollowerState(121)) - ef05ffb5-aa81-4044-bbcc-ef5ea51c2a16: shutdown FollowerState
2020-07-24 03:08:19,425 [Thread-1292] INFO  impl.RaftServerImpl (RaftServerImpl.java:setRole(185)) - ef05ffb5-aa81-4044-bbcc-ef5ea51c2a16@group-C6D6CFF30BED: changes role from  FOLLOWER to CANDIDATE at term 0 for changeToCandidate
2020-07-24 03:08:19,425 [Thread-1292] INFO  impl.RoleInfo (RoleInfo.java:updateAndGet(143)) - ef05ffb5-aa81-4044-bbcc-ef5ea51c2a16: start LeaderElection
2020-07-24 03:08:19,433 [grpc-default-executor-1] INFO  impl.RaftServerImpl (RaftServerImpl.java:setRole(185)) - 54c6cd85-2842-44da-844c-41bdb0d83551@group-C6D6CFF30BED: changes role from  FOLLOWER to FOLLOWER at term 1 for recognizeCandidate:ec8340d6-a662-4952-84a8-2c663fc0262a
2020-07-24 03:08:19,433 [grpc-default-executor-1] INFO  impl.RoleInfo (RoleInfo.java:shutdownFollowerState(121)) - 54c6cd85-2842-44da-844c-41bdb0d83551: shutdown FollowerState
2020-07-24 03:08:19,434 [grpc-default-executor-1] INFO  impl.RoleInfo (RoleInfo.java:updateAndGet(143)) - 54c6cd85-2842-44da-844c-41bdb0d83551: start FollowerState
2020-07-24 03:08:19,434 [Thread-1297] INFO  impl.FollowerState (FollowerState.java:run(117)) - 54c6cd85-2842-44da-844c-41bdb0d83551@group-C6D6CFF30BED-FollowerState was interrupted: java.lang.InterruptedException: sleep interrupted
2020-07-24 03:08:19,439 [ec8340d6-a662-4952-84a8-2c663fc0262a@group-C6D6CFF30BED-LeaderElection41] INFO  impl.LeaderElection (LeaderElection.java:logAndReturn(61)) - ec8340d6-a662-4952-84a8-2c663fc0262a@group-C6D6CFF30BED-LeaderElection41: Election PASSED; received 1 response(s) [ec8340d6-a662-4952-84a8-2c663fc0262a<-54c6cd85-2842-44da-844c-41bdb0d83551#0:OK-t1] and 0 exception(s); ec8340d6-a662-4952-84a8-2c663fc0262a@group-C6D6CFF30BED:t1, leader=null, voted=ec8340d6-a662-4952-84a8-2c663fc0262a, raftlog=ec8340d6-a662-4952-84a8-2c663fc0262a@group-C6D6CFF30BED-SegmentedRaftLog:OPENED:c-1,f-1,i0, conf=-1: [54c6cd85-2842-44da-844c-41bdb0d83551:172.17.0.2:36693, ec8340d6-a662-4952-84a8-2c663fc0262a:172.17.0.2:36039, ef05ffb5-aa81-4044-bbcc-ef5ea51c2a16:172.17.0.2:38667], old=null
2020-07-24 03:08:19,439 [ec8340d6-a662-4952-84a8-2c663fc0262a@group-C6D6CFF30BED-LeaderElection41] INFO  impl.RoleInfo (RoleInfo.java:shutdownLeaderElection(134)) - ec8340d6-a662-4952-84a8-2c663fc0262a: shutdown LeaderElection
2020-07-24 03:08:19,439 [ec8340d6-a662-4952-84a8-2c663fc0262a@group-C6D6CFF30BED-LeaderElection41] INFO  impl.RaftServerImpl (RaftServerImpl.java:setRole(185)) - ec8340d6-a662-4952-84a8-2c663fc0262a@group-C6D6CFF30BED: changes role from CANDIDATE to LEADER at term 1 for changeToLeader
2020-07-24 03:08:19,439 [ec8340d6-a662-4952-84a8-2c663fc0262a@group-C6D6CFF30BED-LeaderElection41] INFO  ratis.XceiverServerRatis (XceiverServerRatis.java:handleLeaderChangedNotification(820)) - Leader change notification received for group: group-C6D6CFF30BED with new leaderId: ec8340d6-a662-4952-84a8-2c663fc0262a
2020-07-24 03:08:19,439 [ec8340d6-a662-4952-84a8-2c663fc0262a@group-C6D6CFF30BED-LeaderElection41] INFO  impl.RaftServerImpl (ServerState.java:setLeader(255)) - ec8340d6-a662-4952-84a8-2c663fc0262a@group-C6D6CFF30BED: change Leader from null to ec8340d6-a662-4952-84a8-2c663fc0262a at term 1 for becomeLeader, leader elected after 5100ms
2020-07-24 03:08:19,440 [ec8340d6-a662-4952-84a8-2c663fc0262a@group-C6D6CFF30BED-LeaderElection41] INFO  server.RaftServerConfigKeys (ConfUtils.java:logGet(44)) - raft.server.staging.catchup.gap = 1000 (default)
2020-07-24 03:08:19,440 [ef05ffb5-aa81-4044-bbcc-ef5ea51c2a16@group-C6D6CFF30BED-LeaderElection42] INFO  impl.LeaderElection (LeaderElection.java:askForVotes(209)) - ef05ffb5-aa81-4044-bbcc-ef5ea51c2a16@group-C6D6CFF30BED-LeaderElection42: begin an election at term 1 for -1: [54c6cd85-2842-44da-844c-41bdb0d83551:172.17.0.2:36693, ec8340d6-a662-4952-84a8-2c663fc0262a:172.17.0.2:36039, ef05ffb5-aa81-4044-bbcc-ef5ea51c2a16:172.17.0.2:38667], old=null
2020-07-24 03:08:19,440 [ec8340d6-a662-4952-84a8-2c663fc0262a@group-C6D6CFF30BED-LeaderElection41] INFO  server.RaftServerConfigKeys (ConfUtils.java:logGet(44)) - raft.server.rpc.sleep.time = 25ms (default)
2020-07-24 03:08:19,443 [ec8340d6-a662-4952-84a8-2c663fc0262a@group-C6D6CFF30BED-LeaderElection41] INFO  metrics.RatisMetrics (RatisMetrics.java:lambda$create$0(36)) - Creating Metrics Registry : ratis.log_appender.ec8340d6-a662-4952-84a8-2c663fc0262a@group-C6D6CFF30BED
2020-07-24 03:08:19,443 [ec8340d6-a662-4952-84a8-2c663fc0262a@group-C6D6CFF30BED-LeaderElection41] INFO  server.RaftServerConfigKeys (ConfUtils.java:logGet(44)) - raft.server.write.element-limit = 1024 (custom)
2020-07-24 03:08:19,443 [ec8340d6-a662-4952-84a8-2c663fc0262a@group-C6D6CFF30BED-LeaderElection41] INFO  server.RaftServerConfigKeys (ConfUtils.java:logGet(44)) - raft.server.write.byte-limit = 1073741824 (custom)
2020-07-24 03:08:19,443 [ec8340d6-a662-4952-84a8-2c663fc0262a@group-C6D6CFF30BED-LeaderElection41] INFO  server.RaftServerConfigKeys (ConfUtils.java:logGet(44)) - raft.server.watch.timeout = 3000ms (custom)
2020-07-24 03:08:19,444 [ec8340d6-a662-4952-84a8-2c663fc0262a@group-C6D6CFF30BED-LeaderElection41] INFO  server.RaftServerConfigKeys (ConfUtils.java:logGet(44)) - raft.server.watch.timeout.denomination = 1s (default)
2020-07-24 03:08:19,444 [ec8340d6-a662-4952-84a8-2c663fc0262a@group-C6D6CFF30BED-LeaderElection41] INFO  server.RaftServerConfigKeys (ConfUtils.java:logGet(44)) - raft.server.watch.element-limit = 65536 (default)
2020-07-24 03:08:19,444 [ec8340d6-a662-4952-84a8-2c663fc0262a@group-C6D6CFF30BED-LeaderElection41] INFO  server.RaftServerConfigKeys (ConfUtils.java:logGet(44)) - raft.server.log.appender.snapshot.chunk.size.max = 16MB (=16777216) (default)
2020-07-24 03:08:19,444 [ec8340d6-a662-4952-84a8-2c663fc0262a@group-C6D6CFF30BED-LeaderElection41] INFO  server.RaftServerConfigKeys (ConfUtils.java:logGet(44)) - raft.server.log.appender.buffer.byte-limit = 33554432 (custom)
2020-07-24 03:08:19,444 [ec8340d6-a662-4952-84a8-2c663fc0262a@group-C6D6CFF30BED-LeaderElection41] INFO  server.RaftServerConfigKeys (ConfUtils.java:logGet(44)) - raft.server.log.appender.buffer.element-limit = 1 (custom)
2020-07-24 03:08:19,444 [ec8340d6-a662-4952-84a8-2c663fc0262a@group-C6D6CFF30BED-LeaderElection41] INFO  grpc.GrpcConfigKeys (ConfUtils.java:logGet(44)) - raft.grpc.server.leader.outstanding.appends.max = 128 (default)
2020-07-24 03:08:19,444 [ec8340d6-a662-4952-84a8-2c663fc0262a@group-C6D6CFF30BED-LeaderElection41] INFO  server.RaftServerConfigKeys (ConfUtils.java:logGet(44)) - raft.server.rpc.request.timeout = 3000ms (default)
2020-07-24 03:08:19,444 [ec8340d6-a662-4952-84a8-2c663fc0262a@group-C6D6CFF30BED-LeaderElection41] INFO  server.RaftServerConfigKeys (ConfUtils.java:logGet(44)) - raft.server.log.appender.install.snapshot.enabled = false (custom)
2020-07-24 03:08:19,444 [ec8340d6-a662-4952-84a8-2c663fc0262a@group-C6D6CFF30BED-LeaderElection41] INFO  metrics.RatisMetrics (RatisMetrics.java:lambda$create$0(36)) - Creating Metrics Registry : ratis_grpc.log_appender.ec8340d6-a662-4952-84a8-2c663fc0262a@group-C6D6CFF30BED
2020-07-24 03:08:19,445 [EventQueue-PipelineReportForPipelineReportHandler] INFO  pipeline.PipelineStateManager (PipelineStateManager.java:openPipeline(131)) - Pipeline Pipeline[ Id: 7764634a-aeed-42a8-868f-c6d6cff30bed, Nodes: ec8340d6-a662-4952-84a8-2c663fc0262a{ip: 172.17.0.2, host: bae25e63820f, networkLocation: /default-rack, certSerialId: null}54c6cd85-2842-44da-844c-41bdb0d83551{ip: 172.17.0.2, host: bae25e63820f, networkLocation: /default-rack, certSerialId: null}ef05ffb5-aa81-4044-bbcc-ef5ea51c2a16{ip: 172.17.0.2, host: bae25e63820f, networkLocation: /default-rack, certSerialId: null}, Type:RATIS, Factor:THREE, State:ALLOCATED, leaderId:ec8340d6-a662-4952-84a8-2c663fc0262a, CreationTimestamp2020-07-24T03:08:11.532Z] moved to OPEN state
2020-07-24 03:08:19,447 [ec8340d6-a662-4952-84a8-2c663fc0262a@group-C6D6CFF30BED-LeaderElection41] INFO  server.RaftServerConfigKeys (ConfUtils.java:logGet(44)) - raft.server.log.appender.snapshot.chunk.size.max = 16MB (=16777216) (default)
2020-07-24 03:08:19,447 [ec8340d6-a662-4952-84a8-2c663fc0262a@group-C6D6CFF30BED-LeaderElection41] INFO  server.RaftServerConfigKeys (ConfUtils.java:logGet(44)) - raft.server.log.appender.buffer.byte-limit = 33554432 (custom)
2020-07-24 03:08:19,447 [ec8340d6-a662-4952-84a8-2c663fc0262a@group-C6D6CFF30BED-LeaderElection41] INFO  server.RaftServerConfigKeys (ConfUtils.java:logGet(44)) - raft.server.log.appender.buffer.element-limit = 1 (custom)
2020-07-24 03:08:19,447 [ec8340d6-a662-4952-84a8-2c663fc0262a@group-C6D6CFF30BED-LeaderElection41] INFO  grpc.GrpcConfigKeys (ConfUtils.java:logGet(44)) - raft.grpc.server.leader.outstanding.appends.max = 128 (default)
2020-07-24 03:08:19,447 [ec8340d6-a662-4952-84a8-2c663fc0262a@group-C6D6CFF30BED-LeaderElection41] INFO  server.RaftServerConfigKeys (ConfUtils.java:logGet(44)) - raft.server.rpc.request.timeout = 3000ms (default)
2020-07-24 03:08:19,447 [ec8340d6-a662-4952-84a8-2c663fc0262a@group-C6D6CFF30BED-LeaderElection41] INFO  server.RaftServerConfigKeys (ConfUtils.java:logGet(44)) - raft.server.log.appender.install.snapshot.enabled = false (custom)
2020-07-24 03:08:19,455 [ec8340d6-a662-4952-84a8-2c663fc0262a@group-C6D6CFF30BED-LeaderElection41] INFO  impl.RoleInfo (RoleInfo.java:updateAndGet(143)) - ec8340d6-a662-4952-84a8-2c663fc0262a: start LeaderState
2020-07-24 03:08:19,461 [ec8340d6-a662-4952-84a8-2c663fc0262a@group-C6D6CFF30BED-LeaderElection41] INFO  segmented.SegmentedRaftLogWorker (SegmentedRaftLogWorker.java:startLogSegment(397)) - ec8340d6-a662-4952-84a8-2c663fc0262a@group-C6D6CFF30BED-SegmentedRaftLogWorker: Starting segment from index:0
2020-07-24 03:08:19,462 [ec8340d6-a662-4952-84a8-2c663fc0262a@group-C6D6CFF30BED-SegmentedRaftLogWorker] INFO  segmented.SegmentedRaftLogWorker (SegmentedRaftLogWorker.java:execute(596)) - ec8340d6-a662-4952-84a8-2c663fc0262a@group-C6D6CFF30BED-SegmentedRaftLogWorker: created new log segment /github/workspace/mnt/ozone/hadoop-ozone/integration-test/target/test-dir/MiniOzoneClusterImpl-7a66fb8e-ad0e-46df-b237-2ffa69f4ef17/datanode-5/data/ratis/7764634a-aeed-42a8-868f-c6d6cff30bed/current/log_inprogress_0
2020-07-24 03:08:19,463 [ec8340d6-a662-4952-84a8-2c663fc0262a@group-C6D6CFF30BED-LeaderElection41] INFO  impl.RaftServerImpl (ServerState.java:setRaftConf(356)) - ec8340d6-a662-4952-84a8-2c663fc0262a@group-C6D6CFF30BED: set configuration 0: [54c6cd85-2842-44da-844c-41bdb0d83551:172.17.0.2:36693, ec8340d6-a662-4952-84a8-2c663fc0262a:172.17.0.2:36039, ef05ffb5-aa81-4044-bbcc-ef5ea51c2a16:172.17.0.2:38667], old=null at 0
2020-07-24 03:08:19,468 [grpc-default-executor-3] INFO  impl.RaftServerImpl (RaftServerImpl.java:requestVote(843)) - ec8340d6-a662-4952-84a8-2c663fc0262a@group-C6D6CFF30BED-   LEADER: Withhold vote from candidate ef05ffb5-aa81-4044-bbcc-ef5ea51c2a16 with term 1. State: leader=ec8340d6-a662-4952-84a8-2c663fc0262a, term=1, lastRpcElapsed=null
2020-07-24 03:08:19,470 [grpc-default-executor-6] INFO  ratis.XceiverServerRatis (XceiverServerRatis.java:handleLeaderChangedNotification(820)) - Leader change notification received for group: group-C6D6CFF30BED with new leaderId: ec8340d6-a662-4952-84a8-2c663fc0262a
2020-07-24 03:08:19,470 [grpc-default-executor-6] INFO  impl.RaftServerImpl (ServerState.java:setLeader(255)) - 54c6cd85-2842-44da-844c-41bdb0d83551@group-C6D6CFF30BED: change Leader from null to ec8340d6-a662-4952-84a8-2c663fc0262a at term 1 for appendEntries, leader elected after 5090ms
2020-07-24 03:08:19,478 [ef05ffb5-aa81-4044-bbcc-ef5ea51c2a16@group-C6D6CFF30BED-LeaderElection42] INFO  impl.LeaderElection (LeaderElection.java:logAndReturn(61)) - ef05ffb5-aa81-4044-bbcc-ef5ea51c2a16@group-C6D6CFF30BED-LeaderElection42: Election REJECTED; received 2 response(s) [ef05ffb5-aa81-4044-bbcc-ef5ea51c2a16<-54c6cd85-2842-44da-844c-41bdb0d83551#0:FAIL-t1, ef05ffb5-aa81-4044-bbcc-ef5ea51c2a16<-ec8340d6-a662-4952-84a8-2c663fc0262a#0:FAIL-t1] and 0 exception(s); ef05ffb5-aa81-4044-bbcc-ef5ea51c2a16@group-C6D6CFF30BED:t1, leader=null, voted=ef05ffb5-aa81-4044-bbcc-ef5ea51c2a16, raftlog=ef05ffb5-aa81-4044-bbcc-ef5ea51c2a16@group-C6D6CFF30BED-SegmentedRaftLog:OPENED:c-1,f-1,i0, conf=-1: [54c6cd85-2842-44da-844c-41bdb0d83551:172.17.0.2:36693, ec8340d6-a662-4952-84a8-2c663fc0262a:172.17.0.2:36039, ef05ffb5-aa81-4044-bbcc-ef5ea51c2a16:172.17.0.2:38667], old=null
2020-07-24 03:08:19,478 [ef05ffb5-aa81-4044-bbcc-ef5ea51c2a16@group-C6D6CFF30BED-LeaderElection42] INFO  impl.RaftServerImpl (RaftServerImpl.java:setRole(185)) - ef05ffb5-aa81-4044-bbcc-ef5ea51c2a16@group-C6D6CFF30BED: changes role from CANDIDATE to FOLLOWER at term 1 for DISCOVERED_A_NEW_TERM
2020-07-24 03:08:19,478 [ef05ffb5-aa81-4044-bbcc-ef5ea51c2a16@group-C6D6CFF30BED-LeaderElection42] INFO  impl.RoleInfo (RoleInfo.java:shutdownLeaderElection(134)) - ef05ffb5-aa81-4044-bbcc-ef5ea51c2a16: shutdown LeaderElection
2020-07-24 03:08:19,479 [ef05ffb5-aa81-4044-bbcc-ef5ea51c2a16@group-C6D6CFF30BED-LeaderElection42] INFO  impl.RoleInfo (RoleInfo.java:updateAndGet(143)) - ef05ffb5-aa81-4044-bbcc-ef5ea51c2a16: start FollowerState
2020-07-24 03:08:19,480 [grpc-default-executor-6] INFO  impl.RaftServerImpl (ServerState.java:setRaftConf(356)) - 54c6cd85-2842-44da-844c-41bdb0d83551@group-C6D6CFF30BED: set configuration 0: [54c6cd85-2842-44da-844c-41bdb0d83551:172.17.0.2:36693, ec8340d6-a662-4952-84a8-2c663fc0262a:172.17.0.2:36039, ef05ffb5-aa81-4044-bbcc-ef5ea51c2a16:172.17.0.2:38667], old=null at 0
2020-07-24 03:08:19,481 [grpc-default-executor-6] INFO  segmented.SegmentedRaftLogWorker (SegmentedRaftLogWorker.java:startLogSegment(397)) - 54c6cd85-2842-44da-844c-41bdb0d83551@group-C6D6CFF30BED-SegmentedRaftLogWorker: Starting segment from index:0
2020-07-24 03:08:19,482 [54c6cd85-2842-44da-844c-41bdb0d83551@group-C6D6CFF30BED-SegmentedRaftLogWorker] INFO  segmented.SegmentedRaftLogWorker (SegmentedRaftLogWorker.java:execute(596)) - 54c6cd85-2842-44da-844c-41bdb0d83551@group-C6D6CFF30BED-SegmentedRaftLogWorker: created new log segment /github/workspace/mnt/ozone/hadoop-ozone/integration-test/target/test-dir/MiniOzoneClusterImpl-7a66fb8e-ad0e-46df-b237-2ffa69f4ef17/datanode-4/data/ratis/7764634a-aeed-42a8-868f-c6d6cff30bed/current/log_inprogress_0
2020-07-24 03:08:19,484 [grpc-default-executor-6] INFO  ratis.XceiverServerRatis (XceiverServerRatis.java:handleLeaderChangedNotification(820)) - Leader change notification received for group: group-C6D6CFF30BED with new leaderId: ec8340d6-a662-4952-84a8-2c663fc0262a
2020-07-24 03:08:19,484 [grpc-default-executor-6] INFO  impl.RaftServerImpl (ServerState.java:setLeader(255)) - ef05ffb5-aa81-4044-bbcc-ef5ea51c2a16@group-C6D6CFF30BED: change Leader from null to ec8340d6-a662-4952-84a8-2c663fc0262a at term 1 for appendEntries, leader elected after 5169ms
2020-07-24 03:08:19,486 [grpc-default-executor-6] INFO  impl.RaftServerImpl (ServerState.java:setRaftConf(356)) - ef05ffb5-aa81-4044-bbcc-ef5ea51c2a16@group-C6D6CFF30BED: set configuration 0: [54c6cd85-2842-44da-844c-41bdb0d83551:172.17.0.2:36693, ec8340d6-a662-4952-84a8-2c663fc0262a:172.17.0.2:36039, ef05ffb5-aa81-4044-bbcc-ef5ea51c2a16:172.17.0.2:38667], old=null at 0
2020-07-24 03:08:19,487 [grpc-default-executor-6] INFO  segmented.SegmentedRaftLogWorker (SegmentedRaftLogWorker.java:startLogSegment(397)) - ef05ffb5-aa81-4044-bbcc-ef5ea51c2a16@group-C6D6CFF30BED-SegmentedRaftLogWorker: Starting segment from index:0
2020-07-24 03:08:19,490 [ef05ffb5-aa81-4044-bbcc-ef5ea51c2a16@group-C6D6CFF30BED-SegmentedRaftLogWorker] INFO  segmented.SegmentedRaftLogWorker (SegmentedRaftLogWorker.java:execute(596)) - ef05ffb5-aa81-4044-bbcc-ef5ea51c2a16@group-C6D6CFF30BED-SegmentedRaftLogWorker: created new log segment /github/workspace/mnt/ozone/hadoop-ozone/integration-test/target/test-dir/MiniOzoneClusterImpl-7a66fb8e-ad0e-46df-b237-2ffa69f4ef17/datanode-3/data/ratis/7764634a-aeed-42a8-868f-c6d6cff30bed/current/log_inprogress_0
2020-07-24 03:08:19,501 [Thread-1300] INFO  impl.FollowerState (FollowerState.java:run(108)) - 54c6cd85-2842-44da-844c-41bdb0d83551@group-221D6BE8F61D-FollowerState: change to CANDIDATE, lastRpcTime:5085ms, electionTimeout:5084ms
2020-07-24 03:08:19,501 [Thread-1300] INFO  impl.RoleInfo (RoleInfo.java:shutdownFollowerState(121)) - 54c6cd85-2842-44da-844c-41bdb0d83551: shutdown FollowerState
2020-07-24 03:08:19,501 [Thread-1300] INFO  impl.RaftServerImpl (RaftServerImpl.java:setRole(185)) - 54c6cd85-2842-44da-844c-41bdb0d83551@group-221D6BE8F61D: changes role from  FOLLOWER to CANDIDATE at term 0 for changeToCandidate
2020-07-24 03:08:19,502 [Thread-1300] INFO  impl.RoleInfo (RoleInfo.java:updateAndGet(143)) - 54c6cd85-2842-44da-844c-41bdb0d83551: start LeaderElection
2020-07-24 03:08:19,505 [54c6cd85-2842-44da-844c-41bdb0d83551@group-221D6BE8F61D-LeaderElection43] INFO  impl.LeaderElection (LeaderElection.java:askForVotes(209)) - 54c6cd85-2842-44da-844c-41bdb0d83551@group-221D6BE8F61D-LeaderElection43: begin an election at term 1 for -1: [54c6cd85-2842-44da-844c-41bdb0d83551:172.17.0.2:36693], old=null
2020-07-24 03:08:19,505 [54c6cd85-2842-44da-844c-41bdb0d83551@group-221D6BE8F61D-LeaderElection43] INFO  impl.RoleInfo (RoleInfo.java:shutdownLeaderElection(134)) - 54c6cd85-2842-44da-844c-41bdb0d83551: shutdown LeaderElection
2020-07-24 03:08:19,506 [54c6cd85-2842-44da-844c-41bdb0d83551@group-221D6BE8F61D-LeaderElection43] INFO  impl.RaftServerImpl (RaftServerImpl.java:setRole(185)) - 54c6cd85-2842-44da-844c-41bdb0d83551@group-221D6BE8F61D: changes role from CANDIDATE to LEADER at term 1 for changeToLeader
2020-07-24 03:08:19,506 [54c6cd85-2842-44da-844c-41bdb0d83551@group-221D6BE8F61D-LeaderElection43] INFO  ratis.XceiverServerRatis (XceiverServerRatis.java:handleLeaderChangedNotification(820)) - Leader change notification received for group: group-221D6BE8F61D with new leaderId: 54c6cd85-2842-44da-844c-41bdb0d83551
2020-07-24 03:08:19,506 [54c6cd85-2842-44da-844c-41bdb0d83551@group-221D6BE8F61D-LeaderElection43] INFO  impl.RaftServerImpl (ServerState.java:setLeader(255)) - 54c6cd85-2842-44da-844c-41bdb0d83551@group-221D6BE8F61D: change Leader from null to 54c6cd85-2842-44da-844c-41bdb0d83551 at term 1 for becomeLeader, leader elected after 5096ms
2020-07-24 03:08:19,510 [54c6cd85-2842-44da-844c-41bdb0d83551@group-221D6BE8F61D-LeaderElection43] INFO  server.RaftServerConfigKeys (ConfUtils.java:logGet(44)) - raft.server.staging.catchup.gap = 1000 (default)
2020-07-24 03:08:19,510 [54c6cd85-2842-44da-844c-41bdb0d83551@group-221D6BE8F61D-LeaderElection43] INFO  server.RaftServerConfigKeys (ConfUtils.java:logGet(44)) - raft.server.rpc.sleep.time = 25ms (default)
2020-07-24 03:08:19,510 [54c6cd85-2842-44da-844c-41bdb0d83551@group-221D6BE8F61D-LeaderElection43] INFO  metrics.RatisMetrics (RatisMetrics.java:lambda$create$0(36)) - Creating Metrics Registry : ratis.log_appender.54c6cd85-2842-44da-844c-41bdb0d83551@group-221D6BE8F61D
2020-07-24 03:08:19,512 [54c6cd85-2842-44da-844c-41bdb0d83551@group-221D6BE8F61D-LeaderElection43] INFO  server.RaftServerConfigKeys (ConfUtils.java:logGet(44)) - raft.server.write.element-limit = 1024 (custom)
2020-07-24 03:08:19,512 [54c6cd85-2842-44da-844c-41bdb0d83551@group-221D6BE8F61D-LeaderElection43] INFO  server.RaftServerConfigKeys (ConfUtils.java:logGet(44)) - raft.server.write.byte-limit = 1073741824 (custom)
2020-07-24 03:08:19,513 [54c6cd85-2842-44da-844c-41bdb0d83551@group-221D6BE8F61D-LeaderElection43] INFO  server.RaftServerConfigKeys (ConfUtils.java:logGet(44)) - raft.server.watch.timeout = 3000ms (custom)
2020-07-24 03:08:19,513 [54c6cd85-2842-44da-844c-41bdb0d83551@group-221D6BE8F61D-LeaderElection43] INFO  server.RaftServerConfigKeys (ConfUtils.java:logGet(44)) - raft.server.watch.timeout.denomination = 1s (default)
2020-07-24 03:08:19,513 [54c6cd85-2842-44da-844c-41bdb0d83551@group-221D6BE8F61D-LeaderElection43] INFO  server.RaftServerConfigKeys (ConfUtils.java:logGet(44)) - raft.server.watch.element-limit = 65536 (default)
2020-07-24 03:08:19,513 [54c6cd85-2842-44da-844c-41bdb0d83551@group-221D6BE8F61D-LeaderElection43] INFO  impl.RoleInfo (RoleInfo.java:updateAndGet(143)) - 54c6cd85-2842-44da-844c-41bdb0d83551: start LeaderState
2020-07-24 03:08:19,513 [54c6cd85-2842-44da-844c-41bdb0d83551@group-221D6BE8F61D-LeaderElection43] INFO  segmented.SegmentedRaftLogWorker (SegmentedRaftLogWorker.java:startLogSegment(397)) - 54c6cd85-2842-44da-844c-41bdb0d83551@group-221D6BE8F61D-SegmentedRaftLogWorker: Starting segment from index:0
2020-07-24 03:08:19,515 [54c6cd85-2842-44da-844c-41bdb0d83551@group-221D6BE8F61D-SegmentedRaftLogWorker] INFO  segmented.SegmentedRaftLogWorker (SegmentedRaftLogWorker.java:execute(596)) - 54c6cd85-2842-44da-844c-41bdb0d83551@group-221D6BE8F61D-SegmentedRaftLogWorker: created new log segment /github/workspace/mnt/ozone/hadoop-ozone/integration-test/target/test-dir/MiniOzoneClusterImpl-7a66fb8e-ad0e-46df-b237-2ffa69f4ef17/datanode-4/data/ratis/ac6a87b7-7498-425e-883d-221d6be8f61d/current/log_inprogress_0
2020-07-24 03:08:19,515 [54c6cd85-2842-44da-844c-41bdb0d83551@group-221D6BE8F61D-LeaderElection43] INFO  impl.RaftServerImpl (ServerState.java:setRaftConf(356)) - 54c6cd85-2842-44da-844c-41bdb0d83551@group-221D6BE8F61D: set configuration 0: [54c6cd85-2842-44da-844c-41bdb0d83551:172.17.0.2:36693], old=null at 0
2020-07-24 03:08:19,607 [Thread-1302] INFO  impl.FollowerState (FollowerState.java:run(108)) - ec8340d6-a662-4952-84a8-2c663fc0262a@group-091F715731E0-FollowerState: change to CANDIDATE, lastRpcTime:5062ms, electionTimeout:5061ms
2020-07-24 03:08:19,608 [Thread-1302] INFO  impl.RoleInfo (RoleInfo.java:shutdownFollowerState(121)) - ec8340d6-a662-4952-84a8-2c663fc0262a: shutdown FollowerState
2020-07-24 03:08:19,608 [Thread-1302] INFO  impl.RaftServerImpl (RaftServerImpl.java:setRole(185)) - ec8340d6-a662-4952-84a8-2c663fc0262a@group-091F715731E0: changes role from  FOLLOWER to CANDIDATE at term 0 for changeToCandidate
2020-07-24 03:08:19,608 [Thread-1302] INFO  impl.RoleInfo (RoleInfo.java:updateAndGet(143)) - ec8340d6-a662-4952-84a8-2c663fc0262a: start LeaderElection
2020-07-24 03:08:19,612 [ec8340d6-a662-4952-84a8-2c663fc0262a@group-091F715731E0-LeaderElection44] INFO  impl.LeaderElection (LeaderElection.java:askForVotes(209)) - ec8340d6-a662-4952-84a8-2c663fc0262a@group-091F715731E0-LeaderElection44: begin an election at term 1 for -1: [ec8340d6-a662-4952-84a8-2c663fc0262a:172.17.0.2:36039], old=null
2020-07-24 03:08:19,612 [ec8340d6-a662-4952-84a8-2c663fc0262a@group-091F715731E0-LeaderElection44] INFO  impl.RoleInfo (RoleInfo.java:shutdownLeaderElection(134)) - ec8340d6-a662-4952-84a8-2c663fc0262a: shutdown LeaderElection
2020-07-24 03:08:19,612 [ec8340d6-a662-4952-84a8-2c663fc0262a@group-091F715731E0-LeaderElection44] INFO  impl.RaftServerImpl (RaftServerImpl.java:setRole(185)) - ec8340d6-a662-4952-84a8-2c663fc0262a@group-091F715731E0: changes role from CANDIDATE to LEADER at term 1 for changeToLeader
2020-07-24 03:08:19,612 [ec8340d6-a662-4952-84a8-2c663fc0262a@group-091F715731E0-LeaderElection44] INFO  ratis.XceiverServerRatis (XceiverServerRatis.java:handleLeaderChangedNotification(820)) - Leader change notification received for group: group-091F715731E0 with new leaderId: ec8340d6-a662-4952-84a8-2c663fc0262a
2020-07-24 03:08:19,612 [ec8340d6-a662-4952-84a8-2c663fc0262a@group-091F715731E0-LeaderElection44] INFO  impl.RaftServerImpl (ServerState.java:setLeader(255)) - ec8340d6-a662-4952-84a8-2c663fc0262a@group-091F715731E0: change Leader from null to ec8340d6-a662-4952-84a8-2c663fc0262a at term 1 for becomeLeader, leader elected after 5078ms
2020-07-24 03:08:19,613 [ec8340d6-a662-4952-84a8-2c663fc0262a@group-091F715731E0-LeaderElection44] INFO  server.RaftServerConfigKeys (ConfUtils.java:logGet(44)) - raft.server.staging.catchup.gap = 1000 (default)
2020-07-24 03:08:19,613 [ec8340d6-a662-4952-84a8-2c663fc0262a@group-091F715731E0-LeaderElection44] INFO  server.RaftServerConfigKeys (ConfUtils.java:logGet(44)) - raft.server.rpc.sleep.time = 25ms (default)
2020-07-24 03:08:19,616 [ec8340d6-a662-4952-84a8-2c663fc0262a@group-091F715731E0-LeaderElection44] INFO  metrics.RatisMetrics (RatisMetrics.java:lambda$create$0(36)) - Creating Metrics Registry : ratis.log_appender.ec8340d6-a662-4952-84a8-2c663fc0262a@group-091F715731E0
2020-07-24 03:08:19,618 [ec8340d6-a662-4952-84a8-2c663fc0262a@group-091F715731E0-LeaderElection44] INFO  server.RaftServerConfigKeys (ConfUtils.java:logGet(44)) - raft.server.write.element-limit = 1024 (custom)
2020-07-24 03:08:19,618 [ec8340d6-a662-4952-84a8-2c663fc0262a@group-091F715731E0-LeaderElection44] INFO  server.RaftServerConfigKeys (ConfUtils.java:logGet(44)) - raft.server.write.byte-limit = 1073741824 (custom)
2020-07-24 03:08:19,618 [ec8340d6-a662-4952-84a8-2c663fc0262a@group-091F715731E0-LeaderElection44] INFO  server.RaftServerConfigKeys (ConfUtils.java:logGet(44)) - raft.server.watch.timeout = 3000ms (custom)
2020-07-24 03:08:19,618 [ec8340d6-a662-4952-84a8-2c663fc0262a@group-091F715731E0-LeaderElection44] INFO  server.RaftServerConfigKeys (ConfUtils.java:logGet(44)) - raft.server.watch.timeout.denomination = 1s (default)
2020-07-24 03:08:19,619 [ec8340d6-a662-4952-84a8-2c663fc0262a@group-091F715731E0-LeaderElection44] INFO  server.RaftServerConfigKeys (ConfUtils.java:logGet(44)) - raft.server.watch.element-limit = 65536 (default)
2020-07-24 03:08:19,619 [ec8340d6-a662-4952-84a8-2c663fc0262a@group-091F715731E0-LeaderElection44] INFO  impl.RoleInfo (RoleInfo.java:updateAndGet(143)) - ec8340d6-a662-4952-84a8-2c663fc0262a: start LeaderState
2020-07-24 03:08:19,619 [ec8340d6-a662-4952-84a8-2c663fc0262a@group-091F715731E0-LeaderElection44] INFO  segmented.SegmentedRaftLogWorker (SegmentedRaftLogWorker.java:startLogSegment(397)) - ec8340d6-a662-4952-84a8-2c663fc0262a@group-091F715731E0-SegmentedRaftLogWorker: Starting segment from index:0
2020-07-24 03:08:19,620 [ec8340d6-a662-4952-84a8-2c663fc0262a@group-091F715731E0-LeaderElection44] INFO  impl.RaftServerImpl (ServerState.java:setRaftConf(356)) - ec8340d6-a662-4952-84a8-2c663fc0262a@group-091F715731E0: set configuration 0: [ec8340d6-a662-4952-84a8-2c663fc0262a:172.17.0.2:36039], old=null at 0
2020-07-24 03:08:19,620 [ec8340d6-a662-4952-84a8-2c663fc0262a@group-091F715731E0-SegmentedRaftLogWorker] INFO  segmented.SegmentedRaftLogWorker (SegmentedRaftLogWorker.java:execute(596)) - ec8340d6-a662-4952-84a8-2c663fc0262a@group-091F715731E0-SegmentedRaftLogWorker: created new log segment /github/workspace/mnt/ozone/hadoop-ozone/integration-test/target/test-dir/MiniOzoneClusterImpl-7a66fb8e-ad0e-46df-b237-2ffa69f4ef17/datanode-5/data/ratis/8c765e7d-8986-4b10-a50d-091f715731e0/current/log_inprogress_0
2020-07-24 03:08:19,691 [Thread-1306] INFO  impl.FollowerState (FollowerState.java:run(108)) - 78194aa3-cea5-45a1-a381-8dfca4cfa351@group-991DC916B611-FollowerState: change to CANDIDATE, lastRpcTime:5007ms, electionTimeout:5007ms
2020-07-24 03:08:19,691 [Thread-1306] INFO  impl.RoleInfo (RoleInfo.java:shutdownFollowerState(121)) - 78194aa3-cea5-45a1-a381-8dfca4cfa351: shutdown FollowerState
2020-07-24 03:08:19,691 [Thread-1306] INFO  impl.RaftServerImpl (RaftServerImpl.java:setRole(185)) - 78194aa3-cea5-45a1-a381-8dfca4cfa351@group-991DC916B611: changes role from  FOLLOWER to CANDIDATE at term 0 for changeToCandidate
2020-07-24 03:08:19,691 [Thread-1306] INFO  impl.RoleInfo (RoleInfo.java:updateAndGet(143)) - 78194aa3-cea5-45a1-a381-8dfca4cfa351: start LeaderElection
2020-07-24 03:08:19,698 [Thread-1304] INFO  impl.FollowerState (FollowerState.java:run(108)) - 78194aa3-cea5-45a1-a381-8dfca4cfa351@group-CD592A7CC492-FollowerState: change to CANDIDATE, lastRpcTime:5027ms, electionTimeout:5027ms
2020-07-24 03:08:19,698 [Thread-1304] INFO  impl.RoleInfo (RoleInfo.java:shutdownFollowerState(121)) - 78194aa3-cea5-45a1-a381-8dfca4cfa351: shutdown FollowerState
2020-07-24 03:08:19,698 [Thread-1304] INFO  impl.RaftServerImpl (RaftServerImpl.java:setRole(185)) - 78194aa3-cea5-45a1-a381-8dfca4cfa351@group-CD592A7CC492: changes role from  FOLLOWER to CANDIDATE at term 0 for changeToCandidate
2020-07-24 03:08:19,698 [Thread-1304] INFO  impl.RoleInfo (RoleInfo.java:updateAndGet(143)) - 78194aa3-cea5-45a1-a381-8dfca4cfa351: start LeaderElection
2020-07-24 03:08:19,699 [78194aa3-cea5-45a1-a381-8dfca4cfa351@group-991DC916B611-LeaderElection45] INFO  impl.LeaderElection (LeaderElection.java:askForVotes(209)) - 78194aa3-cea5-45a1-a381-8dfca4cfa351@group-991DC916B611-LeaderElection45: begin an election at term 1 for -1: [78194aa3-cea5-45a1-a381-8dfca4cfa351:172.17.0.2:41231, e388aaab-0923-4db4-bf46-c81346b36393:172.17.0.2:41099, b1effa6e-0839-4981-b888-c1f6d27077b4:172.17.0.2:45919], old=null
2020-07-24 03:08:19,706 [78194aa3-cea5-45a1-a381-8dfca4cfa351@group-CD592A7CC492-LeaderElection46] INFO  impl.LeaderElection (LeaderElection.java:askForVotes(209)) - 78194aa3-cea5-45a1-a381-8dfca4cfa351@group-CD592A7CC492-LeaderElection46: begin an election at term 1 for -1: [78194aa3-cea5-45a1-a381-8dfca4cfa351:172.17.0.2:41231], old=null
2020-07-24 03:08:19,707 [78194aa3-cea5-45a1-a381-8dfca4cfa351@group-CD592A7CC492-LeaderElection46] INFO  impl.RoleInfo (RoleInfo.java:shutdownLeaderElection(134)) - 78194aa3-cea5-45a1-a381-8dfca4cfa351: shutdown LeaderElection
2020-07-24 03:08:19,707 [78194aa3-cea5-45a1-a381-8dfca4cfa351@group-CD592A7CC492-LeaderElection46] INFO  impl.RaftServerImpl (RaftServerImpl.java:setRole(185)) - 78194aa3-cea5-45a1-a381-8dfca4cfa351@group-CD592A7CC492: changes role from CANDIDATE to LEADER at term 1 for changeToLeader
2020-07-24 03:08:19,707 [78194aa3-cea5-45a1-a381-8dfca4cfa351@group-CD592A7CC492-LeaderElection46] INFO  ratis.XceiverServerRatis (XceiverServerRatis.java:handleLeaderChangedNotification(820)) - Leader change notification received for group: group-CD592A7CC492 with new leaderId: 78194aa3-cea5-45a1-a381-8dfca4cfa351
2020-07-24 03:08:19,707 [78194aa3-cea5-45a1-a381-8dfca4cfa351@group-CD592A7CC492-LeaderElection46] INFO  impl.RaftServerImpl (ServerState.java:setLeader(255)) - 78194aa3-cea5-45a1-a381-8dfca4cfa351@group-CD592A7CC492: change Leader from null to 78194aa3-cea5-45a1-a381-8dfca4cfa351 at term 1 for becomeLeader, leader elected after 5045ms
2020-07-24 03:08:19,709 [78194aa3-cea5-45a1-a381-8dfca4cfa351@group-CD592A7CC492-LeaderElection46] INFO  server.RaftServerConfigKeys (ConfUtils.java:logGet(44)) - raft.server.staging.catchup.gap = 1000 (default)
2020-07-24 03:08:19,709 [78194aa3-cea5-45a1-a381-8dfca4cfa351@group-CD592A7CC492-LeaderElection46] INFO  server.RaftServerConfigKeys (ConfUtils.java:logGet(44)) - raft.server.rpc.sleep.time = 25ms (default)
2020-07-24 03:08:19,709 [78194aa3-cea5-45a1-a381-8dfca4cfa351@group-CD592A7CC492-LeaderElection46] INFO  metrics.RatisMetrics (RatisMetrics.java:lambda$create$0(36)) - Creating Metrics Registry : ratis.log_appender.78194aa3-cea5-45a1-a381-8dfca4cfa351@group-CD592A7CC492
2020-07-24 03:08:19,710 [78194aa3-cea5-45a1-a381-8dfca4cfa351@group-CD592A7CC492-LeaderElection46] INFO  server.RaftServerConfigKeys (ConfUtils.java:logGet(44)) - raft.server.write.element-limit = 1024 (custom)
2020-07-24 03:08:19,710 [78194aa3-cea5-45a1-a381-8dfca4cfa351@group-CD592A7CC492-LeaderElection46] INFO  server.RaftServerConfigKeys (ConfUtils.java:logGet(44)) - raft.server.write.byte-limit = 1073741824 (custom)
2020-07-24 03:08:19,710 [78194aa3-cea5-45a1-a381-8dfca4cfa351@group-CD592A7CC492-LeaderElection46] INFO  server.RaftServerConfigKeys (ConfUtils.java:logGet(44)) - raft.server.watch.timeout = 3000ms (custom)
2020-07-24 03:08:19,710 [78194aa3-cea5-45a1-a381-8dfca4cfa351@group-CD592A7CC492-LeaderElection46] INFO  server.RaftServerConfigKeys (ConfUtils.java:logGet(44)) - raft.server.watch.timeout.denomination = 1s (default)
2020-07-24 03:08:19,711 [78194aa3-cea5-45a1-a381-8dfca4cfa351@group-CD592A7CC492-LeaderElection46] INFO  server.RaftServerConfigKeys (ConfUtils.java:logGet(44)) - raft.server.watch.element-limit = 65536 (default)
2020-07-24 03:08:19,714 [78194aa3-cea5-45a1-a381-8dfca4cfa351@group-CD592A7CC492-LeaderElection46] INFO  impl.RoleInfo (RoleInfo.java:updateAndGet(143)) - 78194aa3-cea5-45a1-a381-8dfca4cfa351: start LeaderState
2020-07-24 03:08:19,715 [78194aa3-cea5-45a1-a381-8dfca4cfa351@group-CD592A7CC492-LeaderElection46] INFO  segmented.SegmentedRaftLogWorker (SegmentedRaftLogWorker.java:startLogSegment(397)) - 78194aa3-cea5-45a1-a381-8dfca4cfa351@group-CD592A7CC492-SegmentedRaftLogWorker: Starting segment from index:0
2020-07-24 03:08:19,720 [78194aa3-cea5-45a1-a381-8dfca4cfa351@group-CD592A7CC492-SegmentedRaftLogWorker] INFO  segmented.SegmentedRaftLogWorker (SegmentedRaftLogWorker.java:execute(596)) - 78194aa3-cea5-45a1-a381-8dfca4cfa351@group-CD592A7CC492-SegmentedRaftLogWorker: created new log segment /github/workspace/mnt/ozone/hadoop-ozone/integration-test/target/test-dir/MiniOzoneClusterImpl-7a66fb8e-ad0e-46df-b237-2ffa69f4ef17/datanode-6/data/ratis/5aa0f111-00ae-40ab-9c01-cd592a7cc492/current/log_inprogress_0
2020-07-24 03:08:19,725 [78194aa3-cea5-45a1-a381-8dfca4cfa351@group-CD592A7CC492-LeaderElection46] INFO  impl.RaftServerImpl (ServerState.java:setRaftConf(356)) - 78194aa3-cea5-45a1-a381-8dfca4cfa351@group-CD592A7CC492: set configuration 0: [78194aa3-cea5-45a1-a381-8dfca4cfa351:172.17.0.2:41231], old=null at 0
2020-07-24 03:08:19,734 [grpc-default-executor-6] INFO  impl.RaftServerImpl (RaftServerImpl.java:setRole(185)) - b1effa6e-0839-4981-b888-c1f6d27077b4@group-991DC916B611: changes role from  FOLLOWER to FOLLOWER at term 1 for recognizeCandidate:78194aa3-cea5-45a1-a381-8dfca4cfa351
2020-07-24 03:08:19,735 [grpc-default-executor-6] INFO  impl.RoleInfo (RoleInfo.java:shutdownFollowerState(121)) - b1effa6e-0839-4981-b888-c1f6d27077b4: shutdown FollowerState
2020-07-24 03:08:19,735 [grpc-default-executor-6] INFO  impl.RoleInfo (RoleInfo.java:updateAndGet(143)) - b1effa6e-0839-4981-b888-c1f6d27077b4: start FollowerState
2020-07-24 03:08:19,735 [Thread-1311] INFO  impl.FollowerState (FollowerState.java:run(117)) - b1effa6e-0839-4981-b888-c1f6d27077b4@group-991DC916B611-FollowerState was interrupted: java.lang.InterruptedException: sleep interrupted
2020-07-24 03:08:19,735 [grpc-default-executor-3] INFO  impl.RaftServerImpl (RaftServerImpl.java:setRole(185)) - e388aaab-0923-4db4-bf46-c81346b36393@group-991DC916B611: changes role from  FOLLOWER to FOLLOWER at term 1 for recognizeCandidate:78194aa3-cea5-45a1-a381-8dfca4cfa351
2020-07-24 03:08:19,735 [grpc-default-executor-3] INFO  impl.RoleInfo (RoleInfo.java:shutdownFollowerState(121)) - e388aaab-0923-4db4-bf46-c81346b36393: shutdown FollowerState
2020-07-24 03:08:19,738 [grpc-default-executor-3] INFO  impl.RoleInfo (RoleInfo.java:updateAndGet(143)) - e388aaab-0923-4db4-bf46-c81346b36393: start FollowerState
2020-07-24 03:08:19,738 [Thread-1308] INFO  impl.FollowerState (FollowerState.java:run(117)) - e388aaab-0923-4db4-bf46-c81346b36393@group-991DC916B611-FollowerState was interrupted: java.lang.InterruptedException: sleep interrupted
2020-07-24 03:08:19,741 [78194aa3-cea5-45a1-a381-8dfca4cfa351@group-991DC916B611-LeaderElection45] INFO  impl.LeaderElection (LeaderElection.java:logAndReturn(61)) - 78194aa3-cea5-45a1-a381-8dfca4cfa351@group-991DC916B611-LeaderElection45: Election PASSED; received 1 response(s) [78194aa3-cea5-45a1-a381-8dfca4cfa351<-b1effa6e-0839-4981-b888-c1f6d27077b4#0:OK-t1] and 0 exception(s); 78194aa3-cea5-45a1-a381-8dfca4cfa351@group-991DC916B611:t1, leader=null, voted=78194aa3-cea5-45a1-a381-8dfca4cfa351, raftlog=78194aa3-cea5-45a1-a381-8dfca4cfa351@group-991DC916B611-SegmentedRaftLog:OPENED:c-1,f-1,i0, conf=-1: [78194aa3-cea5-45a1-a381-8dfca4cfa351:172.17.0.2:41231, e388aaab-0923-4db4-bf46-c81346b36393:172.17.0.2:41099, b1effa6e-0839-4981-b888-c1f6d27077b4:172.17.0.2:45919], old=null
2020-07-24 03:08:19,741 [78194aa3-cea5-45a1-a381-8dfca4cfa351@group-991DC916B611-LeaderElection45] INFO  impl.RoleInfo (RoleInfo.java:shutdownLeaderElection(134)) - 78194aa3-cea5-45a1-a381-8dfca4cfa351: shutdown LeaderElection
2020-07-24 03:08:19,741 [78194aa3-cea5-45a1-a381-8dfca4cfa351@group-991DC916B611-LeaderElection45] INFO  impl.RaftServerImpl (RaftServerImpl.java:setRole(185)) - 78194aa3-cea5-45a1-a381-8dfca4cfa351@group-991DC916B611: changes role from CANDIDATE to LEADER at term 1 for changeToLeader
2020-07-24 03:08:19,741 [78194aa3-cea5-45a1-a381-8dfca4cfa351@group-991DC916B611-LeaderElection45] INFO  ratis.XceiverServerRatis (XceiverServerRatis.java:handleLeaderChangedNotification(820)) - Leader change notification received for group: group-991DC916B611 with new leaderId: 78194aa3-cea5-45a1-a381-8dfca4cfa351
2020-07-24 03:08:19,741 [78194aa3-cea5-45a1-a381-8dfca4cfa351@group-991DC916B611-LeaderElection45] INFO  impl.RaftServerImpl (ServerState.java:setLeader(255)) - 78194aa3-cea5-45a1-a381-8dfca4cfa351@group-991DC916B611: change Leader from null to 78194aa3-cea5-45a1-a381-8dfca4cfa351 at term 1 for becomeLeader, leader elected after 5065ms
2020-07-24 03:08:19,741 [78194aa3-cea5-45a1-a381-8dfca4cfa351@group-991DC916B611-LeaderElection45] INFO  server.RaftServerConfigKeys (ConfUtils.java:logGet(44)) - raft.server.staging.catchup.gap = 1000 (default)
2020-07-24 03:08:19,741 [78194aa3-cea5-45a1-a381-8dfca4cfa351@group-991DC916B611-LeaderElection45] INFO  server.RaftServerConfigKeys (ConfUtils.java:logGet(44)) - raft.server.rpc.sleep.time = 25ms (default)
2020-07-24 03:08:19,741 [78194aa3-cea5-45a1-a381-8dfca4cfa351@group-991DC916B611-LeaderElection45] INFO  metrics.RatisMetrics (RatisMetrics.java:lambda$create$0(36)) - Creating Metrics Registry : ratis.log_appender.78194aa3-cea5-45a1-a381-8dfca4cfa351@group-991DC916B611
2020-07-24 03:08:19,742 [78194aa3-cea5-45a1-a381-8dfca4cfa351@group-991DC916B611-LeaderElection45] INFO  server.RaftServerConfigKeys (ConfUtils.java:logGet(44)) - raft.server.write.element-limit = 1024 (custom)
2020-07-24 03:08:19,742 [78194aa3-cea5-45a1-a381-8dfca4cfa351@group-991DC916B611-LeaderElection45] INFO  server.RaftServerConfigKeys (ConfUtils.java:logGet(44)) - raft.server.write.byte-limit = 1073741824 (custom)
2020-07-24 03:08:19,742 [78194aa3-cea5-45a1-a381-8dfca4cfa351@group-991DC916B611-LeaderElection45] INFO  server.RaftServerConfigKeys (ConfUtils.java:logGet(44)) - raft.server.watch.timeout = 3000ms (custom)
2020-07-24 03:08:19,742 [78194aa3-cea5-45a1-a381-8dfca4cfa351@group-991DC916B611-LeaderElection45] INFO  server.RaftServerConfigKeys (ConfUtils.java:logGet(44)) - raft.server.watch.timeout.denomination = 1s (default)
2020-07-24 03:08:19,742 [78194aa3-cea5-45a1-a381-8dfca4cfa351@group-991DC916B611-LeaderElection45] INFO  server.RaftServerConfigKeys (ConfUtils.java:logGet(44)) - raft.server.watch.element-limit = 65536 (default)
2020-07-24 03:08:19,743 [78194aa3-cea5-45a1-a381-8dfca4cfa351@group-991DC916B611-LeaderElection45] INFO  server.RaftServerConfigKeys (ConfUtils.java:logGet(44)) - raft.server.log.appender.snapshot.chunk.size.max = 16MB (=16777216) (default)
2020-07-24 03:08:19,743 [78194aa3-cea5-45a1-a381-8dfca4cfa351@group-991DC916B611-LeaderElection45] INFO  server.RaftServerConfigKeys (ConfUtils.java:logGet(44)) - raft.server.log.appender.buffer.byte-limit = 33554432 (custom)
2020-07-24 03:08:19,743 [78194aa3-cea5-45a1-a381-8dfca4cfa351@group-991DC916B611-LeaderElection45] INFO  server.RaftServerConfigKeys (ConfUtils.java:logGet(44)) - raft.server.log.appender.buffer.element-limit = 1 (custom)
2020-07-24 03:08:19,743 [78194aa3-cea5-45a1-a381-8dfca4cfa351@group-991DC916B611-LeaderElection45] INFO  grpc.GrpcConfigKeys (ConfUtils.java:logGet(44)) - raft.grpc.server.leader.outstanding.appends.max = 128 (default)
2020-07-24 03:08:19,743 [78194aa3-cea5-45a1-a381-8dfca4cfa351@group-991DC916B611-LeaderElection45] INFO  server.RaftServerConfigKeys (ConfUtils.java:logGet(44)) - raft.server.rpc.request.timeout = 3000ms (default)
2020-07-24 03:08:19,743 [78194aa3-cea5-45a1-a381-8dfca4cfa351@group-991DC916B611-LeaderElection45] INFO  server.RaftServerConfigKeys (ConfUtils.java:logGet(44)) - raft.server.log.appender.install.snapshot.enabled = false (custom)
2020-07-24 03:08:19,743 [78194aa3-cea5-45a1-a381-8dfca4cfa351@group-991DC916B611-LeaderElection45] INFO  metrics.RatisMetrics (RatisMetrics.java:lambda$create$0(36)) - Creating Metrics Registry : ratis_grpc.log_appender.78194aa3-cea5-45a1-a381-8dfca4cfa351@group-991DC916B611
2020-07-24 03:08:19,745 [78194aa3-cea5-45a1-a381-8dfca4cfa351@group-991DC916B611-LeaderElection45] INFO  server.RaftServerConfigKeys (ConfUtils.java:logGet(44)) - raft.server.log.appender.snapshot.chunk.size.max = 16MB (=16777216) (default)
2020-07-24 03:08:19,746 [78194aa3-cea5-45a1-a381-8dfca4cfa351@group-991DC916B611-LeaderElection45] INFO  server.RaftServerConfigKeys (ConfUtils.java:logGet(44)) - raft.server.log.appender.buffer.byte-limit = 33554432 (custom)
2020-07-24 03:08:19,747 [EventQueue-PipelineReportForPipelineReportHandler] INFO  pipeline.PipelineStateManager (PipelineStateManager.java:openPipeline(131)) - Pipeline Pipeline[ Id: c9fa7889-39c9-47ca-9258-991dc916b611, Nodes: e388aaab-0923-4db4-bf46-c81346b36393{ip: 172.17.0.2, host: bae25e63820f, networkLocation: /default-rack, certSerialId: null}b1effa6e-0839-4981-b888-c1f6d27077b4{ip: 172.17.0.2, host: bae25e63820f, networkLocation: /default-rack, certSerialId: null}78194aa3-cea5-45a1-a381-8dfca4cfa351{ip: 172.17.0.2, host: bae25e63820f, networkLocation: /default-rack, certSerialId: null}, Type:RATIS, Factor:THREE, State:ALLOCATED, leaderId:78194aa3-cea5-45a1-a381-8dfca4cfa351, CreationTimestamp2020-07-24T03:08:11.909Z] moved to OPEN state
2020-07-24 03:08:19,747 [78194aa3-cea5-45a1-a381-8dfca4cfa351@group-991DC916B611-LeaderElection45] INFO  server.RaftServerConfigKeys (ConfUtils.java:logGet(44)) - raft.server.log.appender.buffer.element-limit = 1 (custom)
2020-07-24 03:08:19,748 [78194aa3-cea5-45a1-a381-8dfca4cfa351@group-991DC916B611-LeaderElection45] INFO  grpc.GrpcConfigKeys (ConfUtils.java:logGet(44)) - raft.grpc.server.leader.outstanding.appends.max = 128 (default)
2020-07-24 03:08:19,748 [78194aa3-cea5-45a1-a381-8dfca4cfa351@group-991DC916B611-LeaderElection45] INFO  server.RaftServerConfigKeys (ConfUtils.java:logGet(44)) - raft.server.rpc.request.timeout = 3000ms (default)
2020-07-24 03:08:19,748 [78194aa3-cea5-45a1-a381-8dfca4cfa351@group-991DC916B611-LeaderElection45] INFO  server.RaftServerConfigKeys (ConfUtils.java:logGet(44)) - raft.server.log.appender.install.snapshot.enabled = false (custom)
2020-07-24 03:08:19,750 [78194aa3-cea5-45a1-a381-8dfca4cfa351@group-991DC916B611-LeaderElection45] INFO  impl.RoleInfo (RoleInfo.java:updateAndGet(143)) - 78194aa3-cea5-45a1-a381-8dfca4cfa351: start LeaderState
2020-07-24 03:08:19,750 [78194aa3-cea5-45a1-a381-8dfca4cfa351@group-991DC916B611-LeaderElection45] INFO  segmented.SegmentedRaftLogWorker (SegmentedRaftLogWorker.java:startLogSegment(397)) - 78194aa3-cea5-45a1-a381-8dfca4cfa351@group-991DC916B611-SegmentedRaftLogWorker: Starting segment from index:0
2020-07-24 03:08:19,751 [78194aa3-cea5-45a1-a381-8dfca4cfa351@group-991DC916B611-LeaderElection45] INFO  impl.RaftServerImpl (ServerState.java:setRaftConf(356)) - 78194aa3-cea5-45a1-a381-8dfca4cfa351@group-991DC916B611: set configuration 0: [78194aa3-cea5-45a1-a381-8dfca4cfa351:172.17.0.2:41231, e388aaab-0923-4db4-bf46-c81346b36393:172.17.0.2:41099, b1effa6e-0839-4981-b888-c1f6d27077b4:172.17.0.2:45919], old=null at 0
2020-07-24 03:08:19,754 [78194aa3-cea5-45a1-a381-8dfca4cfa351@group-991DC916B611-SegmentedRaftLogWorker] INFO  segmented.SegmentedRaftLogWorker (SegmentedRaftLogWorker.java:execute(596)) - 78194aa3-cea5-45a1-a381-8dfca4cfa351@group-991DC916B611-SegmentedRaftLogWorker: created new log segment /github/workspace/mnt/ozone/hadoop-ozone/integration-test/target/test-dir/MiniOzoneClusterImpl-7a66fb8e-ad0e-46df-b237-2ffa69f4ef17/datanode-6/data/ratis/c9fa7889-39c9-47ca-9258-991dc916b611/current/log_inprogress_0
2020-07-24 03:08:19,759 [grpc-default-executor-6] INFO  ratis.XceiverServerRatis (XceiverServerRatis.java:handleLeaderChangedNotification(820)) - Leader change notification received for group: group-991DC916B611 with new leaderId: 78194aa3-cea5-45a1-a381-8dfca4cfa351
2020-07-24 03:08:19,759 [grpc-default-executor-6] INFO  impl.RaftServerImpl (ServerState.java:setLeader(255)) - e388aaab-0923-4db4-bf46-c81346b36393@group-991DC916B611: change Leader from null to 78194aa3-cea5-45a1-a381-8dfca4cfa351 at term 1 for appendEntries, leader elected after 5063ms
2020-07-24 03:08:19,768 [grpc-default-executor-3] INFO  impl.RaftServerImpl (ServerState.java:setRaftConf(356)) - e388aaab-0923-4db4-bf46-c81346b36393@group-991DC916B611: set configuration 0: [78194aa3-cea5-45a1-a381-8dfca4cfa351:172.17.0.2:41231, e388aaab-0923-4db4-bf46-c81346b36393:172.17.0.2:41099, b1effa6e-0839-4981-b888-c1f6d27077b4:172.17.0.2:45919], old=null at 0
2020-07-24 03:08:19,769 [grpc-default-executor-6] INFO  ratis.XceiverServerRatis (XceiverServerRatis.java:handleLeaderChangedNotification(820)) - Leader change notification received for group: group-991DC916B611 with new leaderId: 78194aa3-cea5-45a1-a381-8dfca4cfa351
2020-07-24 03:08:19,769 [grpc-default-executor-6] INFO  impl.RaftServerImpl (ServerState.java:setLeader(255)) - b1effa6e-0839-4981-b888-c1f6d27077b4@group-991DC916B611: change Leader from null to 78194aa3-cea5-45a1-a381-8dfca4cfa351 at term 1 for appendEntries, leader elected after 5046ms
2020-07-24 03:08:19,769 [grpc-default-executor-3] INFO  segmented.SegmentedRaftLogWorker (SegmentedRaftLogWorker.java:startLogSegment(397)) - e388aaab-0923-4db4-bf46-c81346b36393@group-991DC916B611-SegmentedRaftLogWorker: Starting segment from index:0
2020-07-24 03:08:19,772 [grpc-default-executor-6] INFO  impl.RaftServerImpl (ServerState.java:setRaftConf(356)) - b1effa6e-0839-4981-b888-c1f6d27077b4@group-991DC916B611: set configuration 0: [78194aa3-cea5-45a1-a381-8dfca4cfa351:172.17.0.2:41231, e388aaab-0923-4db4-bf46-c81346b36393:172.17.0.2:41099, b1effa6e-0839-4981-b888-c1f6d27077b4:172.17.0.2:45919], old=null at 0
2020-07-24 03:08:19,773 [grpc-default-executor-6] INFO  segmented.SegmentedRaftLogWorker (SegmentedRaftLogWorker.java:startLogSegment(397)) - b1effa6e-0839-4981-b888-c1f6d27077b4@group-991DC916B611-SegmentedRaftLogWorker: Starting segment from index:0
2020-07-24 03:08:19,773 [e388aaab-0923-4db4-bf46-c81346b36393@group-991DC916B611-SegmentedRaftLogWorker] INFO  segmented.SegmentedRaftLogWorker (SegmentedRaftLogWorker.java:execute(596)) - e388aaab-0923-4db4-bf46-c81346b36393@group-991DC916B611-SegmentedRaftLogWorker: created new log segment /github/workspace/mnt/ozone/hadoop-ozone/integration-test/target/test-dir/MiniOzoneClusterImpl-7a66fb8e-ad0e-46df-b237-2ffa69f4ef17/datanode-8/data/ratis/c9fa7889-39c9-47ca-9258-991dc916b611/current/log_inprogress_0
2020-07-24 03:08:19,775 [b1effa6e-0839-4981-b888-c1f6d27077b4@group-991DC916B611-SegmentedRaftLogWorker] INFO  segmented.SegmentedRaftLogWorker (SegmentedRaftLogWorker.java:execute(596)) - b1effa6e-0839-4981-b888-c1f6d27077b4@group-991DC916B611-SegmentedRaftLogWorker: created new log segment /github/workspace/mnt/ozone/hadoop-ozone/integration-test/target/test-dir/MiniOzoneClusterImpl-7a66fb8e-ad0e-46df-b237-2ffa69f4ef17/datanode-7/data/ratis/c9fa7889-39c9-47ca-9258-991dc916b611/current/log_inprogress_0
2020-07-24 03:08:19,902 [Listener at 127.0.0.1/43665] INFO  ozone.MiniOzoneClusterImpl (MiniOzoneClusterImpl.java:lambda$waitForClusterToBeReady$0(177)) - Nodes are ready. Got 9 of 9 DN Heartbeats.
2020-07-24 03:08:19,902 [Listener at 127.0.0.1/43665] INFO  ozone.MiniOzoneClusterImpl (MiniOzoneClusterImpl.java:lambda$waitForClusterToBeReady$0(180)) - Cluster exits safe mode
2020-07-24 03:08:19,911 [Listener at 127.0.0.1/43665] INFO  rpc.RpcClient (RpcClient.java:createVolume(314)) - Creating Volume: watchforcommithandlingtest, with jenkins1001 as owner.
2020-07-24 03:08:19,914 [IPC Server handler 2 on default port 43665] INFO  volume.OMVolumeCreateRequest (OMVolumeCreateRequest.java:validateAndUpdateCache(195)) - created volume:watchforcommithandlingtest for user:jenkins1001
2020-07-24 03:08:19,919 [Listener at 127.0.0.1/43665] INFO  rpc.RpcClient (RpcClient.java:createBucket(459)) - Creating Bucket: watchforcommithandlingtest/watchforcommithandlingtest, with Versioning false and Storage Type set to DISK and Encryption set to false 
2020-07-24 03:08:19,921 [Listener at 127.0.0.1/43665] INFO  ozone.MiniOzoneClusterImpl (MiniOzoneClusterImpl.java:getStorageContainerLocationClient(289)) - Creating StorageContainerLocationProtocol RPC client with address /0.0.0.0:33193
2020-07-24 03:08:19,966 [Thread-1314] INFO  impl.FollowerState (FollowerState.java:run(108)) - b1effa6e-0839-4981-b888-c1f6d27077b4@group-21A941C38AB8-FollowerState: change to CANDIDATE, lastRpcTime:5174ms, electionTimeout:5174ms
2020-07-24 03:08:19,972 [Thread-1314] INFO  impl.RoleInfo (RoleInfo.java:shutdownFollowerState(121)) - b1effa6e-0839-4981-b888-c1f6d27077b4: shutdown FollowerState
2020-07-24 03:08:19,972 [Thread-1314] INFO  impl.RaftServerImpl (RaftServerImpl.java:setRole(185)) - b1effa6e-0839-4981-b888-c1f6d27077b4@group-21A941C38AB8: changes role from  FOLLOWER to CANDIDATE at term 0 for changeToCandidate
2020-07-24 03:08:19,973 [Thread-1314] INFO  impl.RoleInfo (RoleInfo.java:updateAndGet(143)) - b1effa6e-0839-4981-b888-c1f6d27077b4: start LeaderElection
2020-07-24 03:08:19,973 [Listener at 127.0.0.1/43665] INFO  pipeline.SCMPipelineManager (SCMPipelineManager.java:finalizeAndDestroyPipeline(450)) - Destroying pipeline:Pipeline[ Id: 1a39bb56-9396-4cbe-a978-e75380df8791, Nodes: 92be74e1-a445-481a-9270-f78b33ea1757{ip: 172.17.0.2, host: bae25e63820f, networkLocation: /default-rack, certSerialId: null}0b6ef10e-2f36-4e94-b43e-5e4c71f7d9dd{ip: 172.17.0.2, host: bae25e63820f, networkLocation: /default-rack, certSerialId: null}b2995f92-8b7c-4587-b52b-d4ed19f98a91{ip: 172.17.0.2, host: bae25e63820f, networkLocation: /default-rack, certSerialId: null}, Type:RATIS, Factor:THREE, State:OPEN, leaderId:0b6ef10e-2f36-4e94-b43e-5e4c71f7d9dd, CreationTimestamp2020-07-24T03:08:11.159Z]
2020-07-24 03:08:19,973 [Listener at 127.0.0.1/43665] INFO  pipeline.PipelineStateManager (PipelineStateManager.java:finalizePipeline(120)) - Pipeline Pipeline[ Id: 1a39bb56-9396-4cbe-a978-e75380df8791, Nodes: 92be74e1-a445-481a-9270-f78b33ea1757{ip: 172.17.0.2, host: bae25e63820f, networkLocation: /default-rack, certSerialId: null}0b6ef10e-2f36-4e94-b43e-5e4c71f7d9dd{ip: 172.17.0.2, host: bae25e63820f, networkLocation: /default-rack, certSerialId: null}b2995f92-8b7c-4587-b52b-d4ed19f98a91{ip: 172.17.0.2, host: bae25e63820f, networkLocation: /default-rack, certSerialId: null}, Type:RATIS, Factor:THREE, State:CLOSED, leaderId:0b6ef10e-2f36-4e94-b43e-5e4c71f7d9dd, CreationTimestamp2020-07-24T03:08:11.159Z] moved to CLOSED state
2020-07-24 03:08:19,975 [Listener at 127.0.0.1/43665] INFO  pipeline.RatisPipelineProvider (RatisPipelineProvider.java:lambda$close$1(176)) - Send pipeline:PipelineID=1a39bb56-9396-4cbe-a978-e75380df8791 close command to datanode 92be74e1-a445-481a-9270-f78b33ea1757
2020-07-24 03:08:19,975 [Listener at 127.0.0.1/43665] INFO  pipeline.RatisPipelineProvider (RatisPipelineProvider.java:lambda$close$1(176)) - Send pipeline:PipelineID=1a39bb56-9396-4cbe-a978-e75380df8791 close command to datanode 0b6ef10e-2f36-4e94-b43e-5e4c71f7d9dd
2020-07-24 03:08:19,978 [Listener at 127.0.0.1/43665] INFO  pipeline.RatisPipelineProvider (RatisPipelineProvider.java:lambda$close$1(176)) - Send pipeline:PipelineID=1a39bb56-9396-4cbe-a978-e75380df8791 close command to datanode b2995f92-8b7c-4587-b52b-d4ed19f98a91
2020-07-24 03:08:19,978 [Listener at 127.0.0.1/43665] INFO  pipeline.PipelineStateManager (PipelineStateManager.java:removePipeline(105)) - Pipeline Pipeline[ Id: 1a39bb56-9396-4cbe-a978-e75380df8791, Nodes: 92be74e1-a445-481a-9270-f78b33ea1757{ip: 172.17.0.2, host: bae25e63820f, networkLocation: /default-rack, certSerialId: null}0b6ef10e-2f36-4e94-b43e-5e4c71f7d9dd{ip: 172.17.0.2, host: bae25e63820f, networkLocation: /default-rack, certSerialId: null}b2995f92-8b7c-4587-b52b-d4ed19f98a91{ip: 172.17.0.2, host: bae25e63820f, networkLocation: /default-rack, certSerialId: null}, Type:RATIS, Factor:THREE, State:CLOSED, leaderId:0b6ef10e-2f36-4e94-b43e-5e4c71f7d9dd, CreationTimestamp2020-07-24T03:08:11.159Z] removed from db
2020-07-24 03:08:19,979 [b1effa6e-0839-4981-b888-c1f6d27077b4@group-21A941C38AB8-LeaderElection47] INFO  impl.LeaderElection (LeaderElection.java:askForVotes(209)) - b1effa6e-0839-4981-b888-c1f6d27077b4@group-21A941C38AB8-LeaderElection47: begin an election at term 1 for -1: [b1effa6e-0839-4981-b888-c1f6d27077b4:172.17.0.2:45919], old=null
2020-07-24 03:08:19,982 [RatisPipelineUtilsThread] ERROR pipeline.SCMPipelineManager (SCMPipelineManager.java:createPipeline(275)) - Failed to create pipeline of type RATIS and factor ONE. Exception: Cannot create pipeline of factor 1 using 0 nodes. Used 9 nodes. Healthy nodes 9
2020-07-24 03:08:19,982 [EventQueue-CloseContainerForCloseContainerEventHandler] INFO  container.CloseContainerEventHandler (CloseContainerEventHandler.java:onMessage(61)) - Close container Event triggered for container : #1
2020-07-24 03:08:19,980 [Listener at 127.0.0.1/43665] INFO  impl.RaftServerProxy (RaftServerProxy.java:remove(100)) - 92be74e1-a445-481a-9270-f78b33ea1757: remove  FOLLOWER 92be74e1-a445-481a-9270-f78b33ea1757@group-E75380DF8791:t1, leader=0b6ef10e-2f36-4e94-b43e-5e4c71f7d9dd, voted=0b6ef10e-2f36-4e94-b43e-5e4c71f7d9dd, raftlog=92be74e1-a445-481a-9270-f78b33ea1757@group-E75380DF8791-SegmentedRaftLog:OPENED:c1,f2,i2, conf=0: [92be74e1-a445-481a-9270-f78b33ea1757:172.17.0.2:42635, 0b6ef10e-2f36-4e94-b43e-5e4c71f7d9dd:172.17.0.2:36165, b2995f92-8b7c-4587-b52b-d4ed19f98a91:172.17.0.2:36971], old=null RUNNING
2020-07-24 03:08:19,989 [RatisPipelineUtilsThread] INFO  pipeline.RatisPipelineProvider (RatisPipelineProvider.java:lambda$create$0(138)) - Sending CreatePipelineCommand for pipeline:PipelineID=047813f1-5512-41d1-a33b-32b42e1c91c9 to datanode:92be74e1-a445-481a-9270-f78b33ea1757
2020-07-24 03:08:19,989 [RatisPipelineUtilsThread] INFO  pipeline.RatisPipelineProvider (RatisPipelineProvider.java:lambda$create$0(138)) - Sending CreatePipelineCommand for pipeline:PipelineID=047813f1-5512-41d1-a33b-32b42e1c91c9 to datanode:0b6ef10e-2f36-4e94-b43e-5e4c71f7d9dd
2020-07-24 03:08:19,990 [RatisPipelineUtilsThread] INFO  pipeline.RatisPipelineProvider (RatisPipelineProvider.java:lambda$create$0(138)) - Sending CreatePipelineCommand for pipeline:PipelineID=047813f1-5512-41d1-a33b-32b42e1c91c9 to datanode:b2995f92-8b7c-4587-b52b-d4ed19f98a91
2020-07-24 03:08:19,990 [RatisPipelineUtilsThread] INFO  pipeline.PipelineStateManager (PipelineStateManager.java:addPipeline(54)) - Created pipeline Pipeline[ Id: 047813f1-5512-41d1-a33b-32b42e1c91c9, Nodes: 92be74e1-a445-481a-9270-f78b33ea1757{ip: 172.17.0.2, host: bae25e63820f, networkLocation: /default-rack, certSerialId: null}0b6ef10e-2f36-4e94-b43e-5e4c71f7d9dd{ip: 172.17.0.2, host: bae25e63820f, networkLocation: /default-rack, certSerialId: null}b2995f92-8b7c-4587-b52b-d4ed19f98a91{ip: 172.17.0.2, host: bae25e63820f, networkLocation: /default-rack, certSerialId: null}, Type:RATIS, Factor:THREE, State:ALLOCATED, leaderId:, CreationTimestamp2020-07-24T03:08:19.989Z]
2020-07-24 03:08:19,991 [RatisPipelineUtilsThread] ERROR pipeline.SCMPipelineManager (SCMPipelineManager.java:createPipeline(275)) - Failed to create pipeline of type RATIS and factor THREE. Exception: Pipeline creation failed because nodes are engaged in other pipelines and every node can only be engaged in max 2 pipelines. Required 3. Found 0
2020-07-24 03:08:19,991 [EventQueue-CloseContainerForCloseContainerEventHandler] ERROR container.CloseContainerEventHandler (CloseContainerEventHandler.java:onMessage(89)) - Failed to close the container #1.
org.apache.hadoop.hdds.scm.pipeline.PipelineNotFoundException: PipelineID=1a39bb56-9396-4cbe-a978-e75380df8791 not found
	at org.apache.hadoop.hdds.scm.pipeline.PipelineStateMap.removeContainerFromPipeline(PipelineStateMap.java:372)
	at org.apache.hadoop.hdds.scm.pipeline.PipelineStateManager.removeContainerFromPipeline(PipelineStateManager.java:111)
	at org.apache.hadoop.hdds.scm.pipeline.SCMPipelineManager.removeContainerFromPipeline(SCMPipelineManager.java:403)
	at org.apache.hadoop.hdds.scm.container.SCMContainerManager.updateContainerState(SCMContainerManager.java:352)
	at org.apache.hadoop.hdds.scm.container.SCMContainerManager.updateContainerState(SCMContainerManager.java:331)
	at org.apache.hadoop.hdds.scm.container.CloseContainerEventHandler.onMessage(CloseContainerEventHandler.java:66)
	at org.apache.hadoop.hdds.scm.container.CloseContainerEventHandler.onMessage(CloseContainerEventHandler.java:45)
	at org.apache.hadoop.hdds.server.events.SingleThreadExecutor.lambda$onMessage$1(SingleThreadExecutor.java:81)
	at java.util.concurrent.ThreadPoolExecutor.runWorker(ThreadPoolExecutor.java:1149)
	at java.util.concurrent.ThreadPoolExecutor$Worker.run(ThreadPoolExecutor.java:624)
	at java.lang.Thread.run(Thread.java:748)
2020-07-24 03:08:19,988 [b1effa6e-0839-4981-b888-c1f6d27077b4@group-21A941C38AB8-LeaderElection47] INFO  impl.RoleInfo (RoleInfo.java:shutdownLeaderElection(134)) - b1effa6e-0839-4981-b888-c1f6d27077b4: shutdown LeaderElection
2020-07-24 03:08:19,990 [Listener at 127.0.0.1/43665] INFO  impl.RaftServerImpl (RaftServerImpl.java:lambda$shutdown$3(263)) - 92be74e1-a445-481a-9270-f78b33ea1757@group-E75380DF8791: shutdown
2020-07-24 03:08:19,993 [Listener at 127.0.0.1/43665] INFO  util.JmxRegister (JmxRegister.java:unregister(73)) - Successfully un-registered JMX Bean with object name Ratis:service=RaftServer,group=group-E75380DF8791,id=92be74e1-a445-481a-9270-f78b33ea1757
2020-07-24 03:08:19,993 [Listener at 127.0.0.1/43665] INFO  impl.RoleInfo (RoleInfo.java:shutdownFollowerState(121)) - 92be74e1-a445-481a-9270-f78b33ea1757: shutdown FollowerState
2020-07-24 03:08:19,993 [Thread-1320] INFO  impl.FollowerState (FollowerState.java:run(117)) - 92be74e1-a445-481a-9270-f78b33ea1757@group-E75380DF8791-FollowerState was interrupted: java.lang.InterruptedException: sleep interrupted
2020-07-24 03:08:19,993 [Listener at 127.0.0.1/43665] INFO  impl.StateMachineUpdater (StateMachineUpdater.java:stopAndJoin(142)) - 92be74e1-a445-481a-9270-f78b33ea1757@group-E75380DF8791-StateMachineUpdater: set stopIndex = 1
2020-07-24 03:08:19,993 [b1effa6e-0839-4981-b888-c1f6d27077b4@group-21A941C38AB8-LeaderElection47] INFO  impl.RaftServerImpl (RaftServerImpl.java:setRole(185)) - b1effa6e-0839-4981-b888-c1f6d27077b4@group-21A941C38AB8: changes role from CANDIDATE to LEADER at term 1 for changeToLeader
2020-07-24 03:08:19,994 [b1effa6e-0839-4981-b888-c1f6d27077b4@group-21A941C38AB8-LeaderElection47] INFO  ratis.XceiverServerRatis (XceiverServerRatis.java:handleLeaderChangedNotification(820)) - Leader change notification received for group: group-21A941C38AB8 with new leaderId: b1effa6e-0839-4981-b888-c1f6d27077b4
2020-07-24 03:08:19,994 [92be74e1-a445-481a-9270-f78b33ea1757@group-E75380DF8791-StateMachineUpdater] INFO  ratis.ContainerStateMachine (ContainerStateMachine.java:takeSnapshot(293)) - group-E75380DF8791: Taking a snapshot at:(t:1, i:1) file /github/workspace/mnt/ozone/hadoop-ozone/integration-test/target/test-dir/MiniOzoneClusterImpl-7a66fb8e-ad0e-46df-b237-2ffa69f4ef17/datanode-0/data/ratis/1a39bb56-9396-4cbe-a978-e75380df8791/sm/snapshot.1_1
2020-07-24 03:08:19,994 [b1effa6e-0839-4981-b888-c1f6d27077b4@group-21A941C38AB8-LeaderElection47] INFO  impl.RaftServerImpl (ServerState.java:setLeader(255)) - b1effa6e-0839-4981-b888-c1f6d27077b4@group-21A941C38AB8: change Leader from null to b1effa6e-0839-4981-b888-c1f6d27077b4 at term 1 for becomeLeader, leader elected after 5213ms
2020-07-24 03:08:19,994 [b1effa6e-0839-4981-b888-c1f6d27077b4@group-21A941C38AB8-LeaderElection47] INFO  server.RaftServerConfigKeys (ConfUtils.java:logGet(44)) - raft.server.staging.catchup.gap = 1000 (default)
2020-07-24 03:08:19,995 [b1effa6e-0839-4981-b888-c1f6d27077b4@group-21A941C38AB8-LeaderElection47] INFO  server.RaftServerConfigKeys (ConfUtils.java:logGet(44)) - raft.server.rpc.sleep.time = 25ms (default)
2020-07-24 03:08:19,995 [b1effa6e-0839-4981-b888-c1f6d27077b4@group-21A941C38AB8-LeaderElection47] INFO  metrics.RatisMetrics (RatisMetrics.java:lambda$create$0(36)) - Creating Metrics Registry : ratis.log_appender.b1effa6e-0839-4981-b888-c1f6d27077b4@group-21A941C38AB8
2020-07-24 03:08:19,995 [b1effa6e-0839-4981-b888-c1f6d27077b4@group-21A941C38AB8-LeaderElection47] INFO  server.RaftServerConfigKeys (ConfUtils.java:logGet(44)) - raft.server.write.element-limit = 1024 (custom)
2020-07-24 03:08:19,995 [b1effa6e-0839-4981-b888-c1f6d27077b4@group-21A941C38AB8-LeaderElection47] INFO  server.RaftServerConfigKeys (ConfUtils.java:logGet(44)) - raft.server.write.byte-limit = 1073741824 (custom)
2020-07-24 03:08:19,996 [b1effa6e-0839-4981-b888-c1f6d27077b4@group-21A941C38AB8-LeaderElection47] INFO  server.RaftServerConfigKeys (ConfUtils.java:logGet(44)) - raft.server.watch.timeout = 3000ms (custom)
2020-07-24 03:08:19,996 [b1effa6e-0839-4981-b888-c1f6d27077b4@group-21A941C38AB8-LeaderElection47] INFO  server.RaftServerConfigKeys (ConfUtils.java:logGet(44)) - raft.server.watch.timeout.denomination = 1s (default)
2020-07-24 03:08:19,996 [b1effa6e-0839-4981-b888-c1f6d27077b4@group-21A941C38AB8-LeaderElection47] INFO  server.RaftServerConfigKeys (ConfUtils.java:logGet(44)) - raft.server.watch.element-limit = 65536 (default)
2020-07-24 03:08:19,996 [b1effa6e-0839-4981-b888-c1f6d27077b4@group-21A941C38AB8-LeaderElection47] INFO  impl.RoleInfo (RoleInfo.java:updateAndGet(143)) - b1effa6e-0839-4981-b888-c1f6d27077b4: start LeaderState
2020-07-24 03:08:19,996 [b1effa6e-0839-4981-b888-c1f6d27077b4@group-21A941C38AB8-LeaderElection47] INFO  segmented.SegmentedRaftLogWorker (SegmentedRaftLogWorker.java:startLogSegment(397)) - b1effa6e-0839-4981-b888-c1f6d27077b4@group-21A941C38AB8-SegmentedRaftLogWorker: Starting segment from index:0
2020-07-24 03:08:19,996 [92be74e1-a445-481a-9270-f78b33ea1757@group-E75380DF8791-StateMachineUpdater] INFO  ratis.ContainerStateMachine (ContainerStateMachine.java:takeSnapshot(304)) - group-E75380DF8791: Finished taking a snapshot at:(t:1, i:1) file:/github/workspace/mnt/ozone/hadoop-ozone/integration-test/target/test-dir/MiniOzoneClusterImpl-7a66fb8e-ad0e-46df-b237-2ffa69f4ef17/datanode-0/data/ratis/1a39bb56-9396-4cbe-a978-e75380df8791/sm/snapshot.1_1 time:3
2020-07-24 03:08:19,997 [92be74e1-a445-481a-9270-f78b33ea1757@group-E75380DF8791-StateMachineUpdater] INFO  impl.StateMachineUpdater (StateMachineUpdater.java:takeSnapshot(277)) - 92be74e1-a445-481a-9270-f78b33ea1757@group-E75380DF8791-StateMachineUpdater: Took a snapshot at index 1
2020-07-24 03:08:19,997 [92be74e1-a445-481a-9270-f78b33ea1757@group-E75380DF8791-StateMachineUpdater] INFO  impl.StateMachineUpdater (StateMachineUpdater.java:lambda$new$0(87)) - 92be74e1-a445-481a-9270-f78b33ea1757@group-E75380DF8791-StateMachineUpdater: snapshotIndex: updateIncreasingly -1 -> 1
2020-07-24 03:08:19,997 [92be74e1-a445-481a-9270-f78b33ea1757@group-E75380DF8791-StateMachineUpdater] INFO  metrics.RatisMetrics (RatisMetrics.java:unregister(43)) - Unregistering Metrics Registry : ratis.state_machine.92be74e1-a445-481a-9270-f78b33ea1757@group-E75380DF8791
2020-07-24 03:08:19,997 [Listener at 127.0.0.1/43665] INFO  impl.RaftServerImpl (ServerState.java:close(387)) - 92be74e1-a445-481a-9270-f78b33ea1757@group-E75380DF8791: closes. applyIndex: 1
2020-07-24 03:08:19,998 [b1effa6e-0839-4981-b888-c1f6d27077b4@group-21A941C38AB8-SegmentedRaftLogWorker] INFO  segmented.SegmentedRaftLogWorker (SegmentedRaftLogWorker.java:execute(596)) - b1effa6e-0839-4981-b888-c1f6d27077b4@group-21A941C38AB8-SegmentedRaftLogWorker: created new log segment /github/workspace/mnt/ozone/hadoop-ozone/integration-test/target/test-dir/MiniOzoneClusterImpl-7a66fb8e-ad0e-46df-b237-2ffa69f4ef17/datanode-7/data/ratis/d3c184c1-4afb-43d1-9f6d-21a941c38ab8/current/log_inprogress_0
2020-07-24 03:08:20,000 [92be74e1-a445-481a-9270-f78b33ea1757@group-E75380DF8791-SegmentedRaftLogWorker] INFO  segmented.SegmentedRaftLogWorker (SegmentedRaftLogWorker.java:run(327)) - 92be74e1-a445-481a-9270-f78b33ea1757@group-E75380DF8791-SegmentedRaftLogWorker was interrupted, exiting. There are 0 tasks remaining in the queue.
2020-07-24 03:08:20,000 [b1effa6e-0839-4981-b888-c1f6d27077b4@group-21A941C38AB8-LeaderElection47] INFO  impl.RaftServerImpl (ServerState.java:setRaftConf(356)) - b1effa6e-0839-4981-b888-c1f6d27077b4@group-21A941C38AB8: set configuration 0: [b1effa6e-0839-4981-b888-c1f6d27077b4:172.17.0.2:45919], old=null at 0
2020-07-24 03:08:20,001 [Listener at 127.0.0.1/43665] INFO  segmented.SegmentedRaftLogWorker (SegmentedRaftLogWorker.java:close(234)) - 92be74e1-a445-481a-9270-f78b33ea1757@group-E75380DF8791-SegmentedRaftLogWorker close()
2020-07-24 03:08:20,002 [Listener at 127.0.0.1/43665] INFO  metrics.RatisMetrics (RatisMetrics.java:unregister(43)) - Unregistering Metrics Registry : ratis.log_worker.92be74e1-a445-481a-9270-f78b33ea1757@group-E75380DF8791
2020-07-24 03:08:20,003 [Listener at 127.0.0.1/43665] INFO  metrics.RatisMetrics (RatisMetrics.java:unregister(43)) - Unregistering Metrics Registry : ratis.leader_election.92be74e1-a445-481a-9270-f78b33ea1757@group-E75380DF8791
2020-07-24 03:08:20,003 [Listener at 127.0.0.1/43665] INFO  metrics.RatisMetrics (RatisMetrics.java:unregister(43)) - Unregistering Metrics Registry : ratis.server.92be74e1-a445-481a-9270-f78b33ea1757@group-E75380DF8791
2020-07-24 03:08:20,009 [Listener at 127.0.0.1/43665] INFO  impl.RaftServerImpl (RaftServerImpl.java:lambda$shutdown$3(301)) - 92be74e1-a445-481a-9270-f78b33ea1757@group-E75380DF8791: Succeed to remove RaftStorageDirectory Storage Directory /github/workspace/mnt/ozone/hadoop-ozone/integration-test/target/test-dir/MiniOzoneClusterImpl-7a66fb8e-ad0e-46df-b237-2ffa69f4ef17/datanode-0/data/ratis/1a39bb56-9396-4cbe-a978-e75380df8791
2020-07-24 03:08:20,013 [Listener at 127.0.0.1/43665] INFO  interfaces.Container (KeyValueContainer.java:flushAndSyncDB(382)) - Container 1 is synced with bcsId 0.
2020-07-24 03:08:20,013 [Thread-1316] INFO  impl.FollowerState (FollowerState.java:run(108)) - e388aaab-0923-4db4-bf46-c81346b36393@group-2D41BFE0476D-FollowerState: change to CANDIDATE, lastRpcTime:5089ms, electionTimeout:5089ms
2020-07-24 03:08:20,013 [Thread-1316] INFO  impl.RoleInfo (RoleInfo.java:shutdownFollowerState(121)) - e388aaab-0923-4db4-bf46-c81346b36393: shutdown FollowerState
2020-07-24 03:08:20,013 [Thread-1316] INFO  impl.RaftServerImpl (RaftServerImpl.java:setRole(185)) - e388aaab-0923-4db4-bf46-c81346b36393@group-2D41BFE0476D: changes role from  FOLLOWER to CANDIDATE at term 0 for changeToCandidate
2020-07-24 03:08:20,014 [Thread-1316] INFO  impl.RoleInfo (RoleInfo.java:updateAndGet(143)) - e388aaab-0923-4db4-bf46-c81346b36393: start LeaderElection
2020-07-24 03:08:20,014 [Listener at 127.0.0.1/43665] INFO  interfaces.Container (KeyValueContainer.java:flushAndSyncDB(382)) - Container 1 is synced with bcsId 0.
2020-07-24 03:08:20,017 [Listener at 127.0.0.1/43665] INFO  impl.RaftServerProxy (RaftServerProxy.java:remove(100)) - 0b6ef10e-2f36-4e94-b43e-5e4c71f7d9dd: remove    LEADER 0b6ef10e-2f36-4e94-b43e-5e4c71f7d9dd@group-E75380DF8791:t1, leader=0b6ef10e-2f36-4e94-b43e-5e4c71f7d9dd, voted=0b6ef10e-2f36-4e94-b43e-5e4c71f7d9dd, raftlog=0b6ef10e-2f36-4e94-b43e-5e4c71f7d9dd@group-E75380DF8791-SegmentedRaftLog:OPENED:c2,f2,i2, conf=0: [92be74e1-a445-481a-9270-f78b33ea1757:172.17.0.2:42635, 0b6ef10e-2f36-4e94-b43e-5e4c71f7d9dd:172.17.0.2:36165, b2995f92-8b7c-4587-b52b-d4ed19f98a91:172.17.0.2:36971], old=null RUNNING
2020-07-24 03:08:20,017 [Listener at 127.0.0.1/43665] INFO  impl.RaftServerImpl (RaftServerImpl.java:lambda$shutdown$3(263)) - 0b6ef10e-2f36-4e94-b43e-5e4c71f7d9dd@group-E75380DF8791: shutdown
2020-07-24 03:08:20,017 [Listener at 127.0.0.1/43665] INFO  util.JmxRegister (JmxRegister.java:unregister(73)) - Successfully un-registered JMX Bean with object name Ratis:service=RaftServer,group=group-E75380DF8791,id=0b6ef10e-2f36-4e94-b43e-5e4c71f7d9dd
2020-07-24 03:08:20,017 [Listener at 127.0.0.1/43665] INFO  impl.RoleInfo (RoleInfo.java:shutdownLeaderState(104)) - 0b6ef10e-2f36-4e94-b43e-5e4c71f7d9dd: shutdown LeaderState
2020-07-24 03:08:20,017 [Listener at 127.0.0.1/43665] INFO  metrics.RatisMetrics (RatisMetrics.java:unregister(43)) - Unregistering Metrics Registry : ratis_grpc.log_appender.0b6ef10e-2f36-4e94-b43e-5e4c71f7d9dd@group-E75380DF8791
2020-07-24 03:08:20,017 [EventQueue-IncrementalContainerReportForIncrementalContainerReportHandler] INFO  container.IncrementalContainerReportHandler (AbstractContainerReportHandler.java:updateContainerState(164)) - Moving container #1 to QUASI_CLOSED state, datanode 92be74e1-a445-481a-9270-f78b33ea1757{ip: 172.17.0.2, host: bae25e63820f, networkLocation: /default-rack, certSerialId: null} reported QUASI_CLOSED replica.
2020-07-24 03:08:20,019 [org.apache.ratis.server.impl.LogAppender$AppenderDaemon$$Lambda$448/1636659908@770c9b04] WARN  server.GrpcLogAppender (GrpcLogAppender.java:mayWait(153)) - 0b6ef10e-2f36-4e94-b43e-5e4c71f7d9dd@group-E75380DF8791->92be74e1-a445-481a-9270-f78b33ea1757-GrpcLogAppender: Wait interrupted by java.lang.InterruptedException
2020-07-24 03:08:20,020 [Listener at 127.0.0.1/43665] INFO  metrics.RatisMetrics (RatisMetrics.java:unregister(43)) - Unregistering Metrics Registry : ratis_grpc.log_appender.0b6ef10e-2f36-4e94-b43e-5e4c71f7d9dd@group-E75380DF8791
2020-07-24 03:08:20,020 [grpc-default-executor-3] INFO  server.GrpcServerProtocolService (GrpcServerProtocolService.java:onCompleted(138)) - 92be74e1-a445-481a-9270-f78b33ea1757: Completed APPEND_ENTRIES, lastRequest: 0b6ef10e-2f36-4e94-b43e-5e4c71f7d9dd->92be74e1-a445-481a-9270-f78b33ea1757#3-t1, previous=(t:1, i:1), leaderCommit=1, initializing? false, entries: size=1, first=(t:1, i:2), METADATAENTRY(c:1)
2020-07-24 03:08:20,021 [org.apache.ratis.server.impl.LogAppender$AppenderDaemon$$Lambda$448/1636659908@7f5e29c0] WARN  server.GrpcLogAppender (GrpcLogAppender.java:mayWait(153)) - 0b6ef10e-2f36-4e94-b43e-5e4c71f7d9dd@group-E75380DF8791->b2995f92-8b7c-4587-b52b-d4ed19f98a91-GrpcLogAppender: Wait interrupted by java.lang.InterruptedException
2020-07-24 03:08:20,021 [Listener at 127.0.0.1/43665] INFO  impl.PendingRequests (PendingRequests.java:sendNotLeaderResponses(249)) - 0b6ef10e-2f36-4e94-b43e-5e4c71f7d9dd@group-E75380DF8791-PendingRequests: sendNotLeaderResponses
2020-07-24 03:08:20,022 [grpc-default-executor-6] INFO  server.GrpcLogAppender (GrpcLogAppender.java:onCompleted(319)) - 0b6ef10e-2f36-4e94-b43e-5e4c71f7d9dd@group-E75380DF8791->92be74e1-a445-481a-9270-f78b33ea1757-AppendLogResponseHandler: follower responses appendEntries COMPLETED
2020-07-24 03:08:20,023 [e388aaab-0923-4db4-bf46-c81346b36393@group-2D41BFE0476D-LeaderElection48] INFO  impl.LeaderElection (LeaderElection.java:askForVotes(209)) - e388aaab-0923-4db4-bf46-c81346b36393@group-2D41BFE0476D-LeaderElection48: begin an election at term 1 for -1: [e388aaab-0923-4db4-bf46-c81346b36393:172.17.0.2:41099], old=null
2020-07-24 03:08:20,023 [grpc-default-executor-3] INFO  server.GrpcServerProtocolService (GrpcServerProtocolService.java:onCompleted(138)) - b2995f92-8b7c-4587-b52b-d4ed19f98a91: Completed APPEND_ENTRIES, lastRequest: 0b6ef10e-2f36-4e94-b43e-5e4c71f7d9dd->b2995f92-8b7c-4587-b52b-d4ed19f98a91#3-t1, previous=(t:1, i:1), leaderCommit=1, initializing? false, entries: size=1, first=(t:1, i:2), METADATAENTRY(c:1)
2020-07-24 03:08:20,025 [e388aaab-0923-4db4-bf46-c81346b36393@group-2D41BFE0476D-LeaderElection48] INFO  impl.RoleInfo (RoleInfo.java:shutdownLeaderElection(134)) - e388aaab-0923-4db4-bf46-c81346b36393: shutdown LeaderElection
2020-07-24 03:08:20,025 [e388aaab-0923-4db4-bf46-c81346b36393@group-2D41BFE0476D-LeaderElection48] INFO  impl.RaftServerImpl (RaftServerImpl.java:setRole(185)) - e388aaab-0923-4db4-bf46-c81346b36393@group-2D41BFE0476D: changes role from CANDIDATE to LEADER at term 1 for changeToLeader
2020-07-24 03:08:20,026 [e388aaab-0923-4db4-bf46-c81346b36393@group-2D41BFE0476D-LeaderElection48] INFO  ratis.XceiverServerRatis (XceiverServerRatis.java:handleLeaderChangedNotification(820)) - Leader change notification received for group: group-2D41BFE0476D with new leaderId: e388aaab-0923-4db4-bf46-c81346b36393
2020-07-24 03:08:20,026 [e388aaab-0923-4db4-bf46-c81346b36393@group-2D41BFE0476D-LeaderElection48] INFO  impl.RaftServerImpl (ServerState.java:setLeader(255)) - e388aaab-0923-4db4-bf46-c81346b36393@group-2D41BFE0476D: change Leader from null to e388aaab-0923-4db4-bf46-c81346b36393 at term 1 for becomeLeader, leader elected after 5114ms
2020-07-24 03:08:20,026 [e388aaab-0923-4db4-bf46-c81346b36393@group-2D41BFE0476D-LeaderElection48] INFO  server.RaftServerConfigKeys (ConfUtils.java:logGet(44)) - raft.server.staging.catchup.gap = 1000 (default)
2020-07-24 03:08:20,026 [e388aaab-0923-4db4-bf46-c81346b36393@group-2D41BFE0476D-LeaderElection48] INFO  server.RaftServerConfigKeys (ConfUtils.java:logGet(44)) - raft.server.rpc.sleep.time = 25ms (default)
2020-07-24 03:08:20,026 [e388aaab-0923-4db4-bf46-c81346b36393@group-2D41BFE0476D-LeaderElection48] INFO  metrics.RatisMetrics (RatisMetrics.java:lambda$create$0(36)) - Creating Metrics Registry : ratis.log_appender.e388aaab-0923-4db4-bf46-c81346b36393@group-2D41BFE0476D
2020-07-24 03:08:20,029 [e388aaab-0923-4db4-bf46-c81346b36393@group-2D41BFE0476D-LeaderElection48] INFO  server.RaftServerConfigKeys (ConfUtils.java:logGet(44)) - raft.server.write.element-limit = 1024 (custom)
2020-07-24 03:08:20,029 [grpc-default-executor-1] INFO  server.GrpcLogAppender (GrpcLogAppender.java:onCompleted(319)) - 0b6ef10e-2f36-4e94-b43e-5e4c71f7d9dd@group-E75380DF8791->b2995f92-8b7c-4587-b52b-d4ed19f98a91-AppendLogResponseHandler: follower responses appendEntries COMPLETED
2020-07-24 03:08:20,029 [grpc-default-executor-6] INFO  impl.FollowerInfo (FollowerInfo.java:lambda$new$0(51)) - 0b6ef10e-2f36-4e94-b43e-5e4c71f7d9dd@group-E75380DF8791->92be74e1-a445-481a-9270-f78b33ea1757: nextIndex: updateUnconditionally 3 -> 2
2020-07-24 03:08:20,030 [e388aaab-0923-4db4-bf46-c81346b36393@group-2D41BFE0476D-LeaderElection48] INFO  server.RaftServerConfigKeys (ConfUtils.java:logGet(44)) - raft.server.write.byte-limit = 1073741824 (custom)
2020-07-24 03:08:20,031 [e388aaab-0923-4db4-bf46-c81346b36393@group-2D41BFE0476D-LeaderElection48] INFO  server.RaftServerConfigKeys (ConfUtils.java:logGet(44)) - raft.server.watch.timeout = 3000ms (custom)
2020-07-24 03:08:20,032 [e388aaab-0923-4db4-bf46-c81346b36393@group-2D41BFE0476D-LeaderElection48] INFO  server.RaftServerConfigKeys (ConfUtils.java:logGet(44)) - raft.server.watch.timeout.denomination = 1s (default)
2020-07-24 03:08:20,032 [e388aaab-0923-4db4-bf46-c81346b36393@group-2D41BFE0476D-LeaderElection48] INFO  server.RaftServerConfigKeys (ConfUtils.java:logGet(44)) - raft.server.watch.element-limit = 65536 (default)
2020-07-24 03:08:20,032 [e388aaab-0923-4db4-bf46-c81346b36393@group-2D41BFE0476D-LeaderElection48] INFO  impl.RoleInfo (RoleInfo.java:updateAndGet(143)) - e388aaab-0923-4db4-bf46-c81346b36393: start LeaderState
2020-07-24 03:08:20,033 [e388aaab-0923-4db4-bf46-c81346b36393@group-2D41BFE0476D-LeaderElection48] INFO  segmented.SegmentedRaftLogWorker (SegmentedRaftLogWorker.java:startLogSegment(397)) - e388aaab-0923-4db4-bf46-c81346b36393@group-2D41BFE0476D-SegmentedRaftLogWorker: Starting segment from index:0
2020-07-24 03:08:20,034 [grpc-default-executor-1] INFO  impl.FollowerInfo (FollowerInfo.java:lambda$new$0(51)) - 0b6ef10e-2f36-4e94-b43e-5e4c71f7d9dd@group-E75380DF8791->b2995f92-8b7c-4587-b52b-d4ed19f98a91: nextIndex: updateUnconditionally 3 -> 2
2020-07-24 03:08:20,034 [e388aaab-0923-4db4-bf46-c81346b36393@group-2D41BFE0476D-LeaderElection48] INFO  impl.RaftServerImpl (ServerState.java:setRaftConf(356)) - e388aaab-0923-4db4-bf46-c81346b36393@group-2D41BFE0476D: set configuration 0: [e388aaab-0923-4db4-bf46-c81346b36393:172.17.0.2:41099], old=null at 0
2020-07-24 03:08:20,035 [e388aaab-0923-4db4-bf46-c81346b36393@group-2D41BFE0476D-SegmentedRaftLogWorker] INFO  segmented.SegmentedRaftLogWorker (SegmentedRaftLogWorker.java:execute(596)) - e388aaab-0923-4db4-bf46-c81346b36393@group-2D41BFE0476D-SegmentedRaftLogWorker: created new log segment /github/workspace/mnt/ozone/hadoop-ozone/integration-test/target/test-dir/MiniOzoneClusterImpl-7a66fb8e-ad0e-46df-b237-2ffa69f4ef17/datanode-8/data/ratis/9509ddc4-05de-4fca-bcf5-2d41bfe0476d/current/log_inprogress_0
2020-07-24 03:08:20,037 [Listener at 127.0.0.1/43665] INFO  metrics.RatisMetrics (RatisMetrics.java:unregister(43)) - Unregistering Metrics Registry : ratis.log_appender.0b6ef10e-2f36-4e94-b43e-5e4c71f7d9dd@group-E75380DF8791
2020-07-24 03:08:20,038 [Listener at 127.0.0.1/43665] INFO  metrics.RatisMetrics (RatisMetrics.java:unregister(43)) - Unregistering Metrics Registry : ratis.server.0b6ef10e-2f36-4e94-b43e-5e4c71f7d9dd@group-E75380DF8791
2020-07-24 03:08:20,038 [Listener at 127.0.0.1/43665] INFO  impl.StateMachineUpdater (StateMachineUpdater.java:stopAndJoin(142)) - 0b6ef10e-2f36-4e94-b43e-5e4c71f7d9dd@group-E75380DF8791-StateMachineUpdater: set stopIndex = 2
2020-07-24 03:08:20,039 [0b6ef10e-2f36-4e94-b43e-5e4c71f7d9dd@group-E75380DF8791-StateMachineUpdater] INFO  ratis.ContainerStateMachine (ContainerStateMachine.java:takeSnapshot(293)) - group-E75380DF8791: Taking a snapshot at:(t:1, i:2) file /github/workspace/mnt/ozone/hadoop-ozone/integration-test/target/test-dir/MiniOzoneClusterImpl-7a66fb8e-ad0e-46df-b237-2ffa69f4ef17/datanode-2/data/ratis/1a39bb56-9396-4cbe-a978-e75380df8791/sm/snapshot.1_2
2020-07-24 03:08:20,040 [0b6ef10e-2f36-4e94-b43e-5e4c71f7d9dd@group-E75380DF8791-StateMachineUpdater] INFO  ratis.ContainerStateMachine (ContainerStateMachine.java:takeSnapshot(304)) - group-E75380DF8791: Finished taking a snapshot at:(t:1, i:2) file:/github/workspace/mnt/ozone/hadoop-ozone/integration-test/target/test-dir/MiniOzoneClusterImpl-7a66fb8e-ad0e-46df-b237-2ffa69f4ef17/datanode-2/data/ratis/1a39bb56-9396-4cbe-a978-e75380df8791/sm/snapshot.1_2 time:1
2020-07-24 03:08:20,040 [0b6ef10e-2f36-4e94-b43e-5e4c71f7d9dd@group-E75380DF8791-StateMachineUpdater] INFO  impl.StateMachineUpdater (StateMachineUpdater.java:takeSnapshot(277)) - 0b6ef10e-2f36-4e94-b43e-5e4c71f7d9dd@group-E75380DF8791-StateMachineUpdater: Took a snapshot at index 2
2020-07-24 03:08:20,040 [0b6ef10e-2f36-4e94-b43e-5e4c71f7d9dd@group-E75380DF8791-StateMachineUpdater] INFO  impl.StateMachineUpdater (StateMachineUpdater.java:lambda$new$0(87)) - 0b6ef10e-2f36-4e94-b43e-5e4c71f7d9dd@group-E75380DF8791-StateMachineUpdater: snapshotIndex: updateIncreasingly -1 -> 2
2020-07-24 03:08:20,040 [0b6ef10e-2f36-4e94-b43e-5e4c71f7d9dd@group-E75380DF8791-StateMachineUpdater] INFO  metrics.RatisMetrics (RatisMetrics.java:unregister(43)) - Unregistering Metrics Registry : ratis.state_machine.0b6ef10e-2f36-4e94-b43e-5e4c71f7d9dd@group-E75380DF8791
2020-07-24 03:08:20,041 [Listener at 127.0.0.1/43665] INFO  impl.RaftServerImpl (ServerState.java:close(387)) - 0b6ef10e-2f36-4e94-b43e-5e4c71f7d9dd@group-E75380DF8791: closes. applyIndex: 2
2020-07-24 03:08:20,041 [0b6ef10e-2f36-4e94-b43e-5e4c71f7d9dd@group-E75380DF8791-SegmentedRaftLogWorker] INFO  segmented.SegmentedRaftLogWorker (SegmentedRaftLogWorker.java:run(327)) - 0b6ef10e-2f36-4e94-b43e-5e4c71f7d9dd@group-E75380DF8791-SegmentedRaftLogWorker was interrupted, exiting. There are 0 tasks remaining in the queue.
2020-07-24 03:08:20,042 [Listener at 127.0.0.1/43665] INFO  segmented.SegmentedRaftLogWorker (SegmentedRaftLogWorker.java:close(234)) - 0b6ef10e-2f36-4e94-b43e-5e4c71f7d9dd@group-E75380DF8791-SegmentedRaftLogWorker close()
2020-07-24 03:08:20,043 [Listener at 127.0.0.1/43665] INFO  metrics.RatisMetrics (RatisMetrics.java:unregister(43)) - Unregistering Metrics Registry : ratis.log_worker.0b6ef10e-2f36-4e94-b43e-5e4c71f7d9dd@group-E75380DF8791
2020-07-24 03:08:20,043 [Listener at 127.0.0.1/43665] INFO  metrics.RatisMetrics (RatisMetrics.java:unregister(43)) - Unregistering Metrics Registry : ratis.leader_election.0b6ef10e-2f36-4e94-b43e-5e4c71f7d9dd@group-E75380DF8791
2020-07-24 03:08:20,043 [Command processor thread] INFO  impl.RaftServerProxy (RaftServerProxy.java:remove(100)) - b2995f92-8b7c-4587-b52b-d4ed19f98a91: remove  FOLLOWER b2995f92-8b7c-4587-b52b-d4ed19f98a91@group-E75380DF8791:t1, leader=0b6ef10e-2f36-4e94-b43e-5e4c71f7d9dd, voted=0b6ef10e-2f36-4e94-b43e-5e4c71f7d9dd, raftlog=b2995f92-8b7c-4587-b52b-d4ed19f98a91@group-E75380DF8791-SegmentedRaftLog:OPENED:c1,f2,i2, conf=0: [92be74e1-a445-481a-9270-f78b33ea1757:172.17.0.2:42635, 0b6ef10e-2f36-4e94-b43e-5e4c71f7d9dd:172.17.0.2:36165, b2995f92-8b7c-4587-b52b-d4ed19f98a91:172.17.0.2:36971], old=null RUNNING
2020-07-24 03:08:20,043 [Command processor thread] INFO  impl.RaftServerImpl (RaftServerImpl.java:lambda$shutdown$3(263)) - b2995f92-8b7c-4587-b52b-d4ed19f98a91@group-E75380DF8791: shutdown
2020-07-24 03:08:20,043 [Listener at 127.0.0.1/43665] INFO  metrics.RatisMetrics (RatisMetrics.java:unregister(43)) - Unregistering Metrics Registry : ratis.server.0b6ef10e-2f36-4e94-b43e-5e4c71f7d9dd@group-E75380DF8791
2020-07-24 03:08:20,045 [Listener at 127.0.0.1/43665] INFO  impl.RaftServerImpl (RaftServerImpl.java:lambda$shutdown$3(301)) - 0b6ef10e-2f36-4e94-b43e-5e4c71f7d9dd@group-E75380DF8791: Succeed to remove RaftStorageDirectory Storage Directory /github/workspace/mnt/ozone/hadoop-ozone/integration-test/target/test-dir/MiniOzoneClusterImpl-7a66fb8e-ad0e-46df-b237-2ffa69f4ef17/datanode-2/data/ratis/1a39bb56-9396-4cbe-a978-e75380df8791
2020-07-24 03:08:20,044 [Command processor thread] INFO  util.JmxRegister (JmxRegister.java:unregister(73)) - Successfully un-registered JMX Bean with object name Ratis:service=RaftServer,group=group-E75380DF8791,id=b2995f92-8b7c-4587-b52b-d4ed19f98a91
2020-07-24 03:08:20,045 [Command processor thread] INFO  impl.RoleInfo (RoleInfo.java:shutdownFollowerState(121)) - b2995f92-8b7c-4587-b52b-d4ed19f98a91: shutdown FollowerState
2020-07-24 03:08:20,045 [Command processor thread] INFO  impl.StateMachineUpdater (StateMachineUpdater.java:stopAndJoin(142)) - b2995f92-8b7c-4587-b52b-d4ed19f98a91@group-E75380DF8791-StateMachineUpdater: set stopIndex = 1
2020-07-24 03:08:20,045 [Thread-1323] INFO  impl.FollowerState (FollowerState.java:run(117)) - b2995f92-8b7c-4587-b52b-d4ed19f98a91@group-E75380DF8791-FollowerState was interrupted: java.lang.InterruptedException: sleep interrupted
2020-07-24 03:08:20,045 [b2995f92-8b7c-4587-b52b-d4ed19f98a91@group-E75380DF8791-StateMachineUpdater] INFO  ratis.ContainerStateMachine (ContainerStateMachine.java:takeSnapshot(293)) - group-E75380DF8791: Taking a snapshot at:(t:1, i:1) file /github/workspace/mnt/ozone/hadoop-ozone/integration-test/target/test-dir/MiniOzoneClusterImpl-7a66fb8e-ad0e-46df-b237-2ffa69f4ef17/datanode-1/data/ratis/1a39bb56-9396-4cbe-a978-e75380df8791/sm/snapshot.1_1
2020-07-24 03:08:20,048 [b2995f92-8b7c-4587-b52b-d4ed19f98a91@group-E75380DF8791-StateMachineUpdater] INFO  ratis.ContainerStateMachine (ContainerStateMachine.java:takeSnapshot(304)) - group-E75380DF8791: Finished taking a snapshot at:(t:1, i:1) file:/github/workspace/mnt/ozone/hadoop-ozone/integration-test/target/test-dir/MiniOzoneClusterImpl-7a66fb8e-ad0e-46df-b237-2ffa69f4ef17/datanode-1/data/ratis/1a39bb56-9396-4cbe-a978-e75380df8791/sm/snapshot.1_1 time:2
2020-07-24 03:08:20,048 [b2995f92-8b7c-4587-b52b-d4ed19f98a91@group-E75380DF8791-StateMachineUpdater] INFO  impl.StateMachineUpdater (StateMachineUpdater.java:takeSnapshot(277)) - b2995f92-8b7c-4587-b52b-d4ed19f98a91@group-E75380DF8791-StateMachineUpdater: Took a snapshot at index 1
2020-07-24 03:08:20,048 [b2995f92-8b7c-4587-b52b-d4ed19f98a91@group-E75380DF8791-StateMachineUpdater] INFO  impl.StateMachineUpdater (StateMachineUpdater.java:lambda$new$0(87)) - b2995f92-8b7c-4587-b52b-d4ed19f98a91@group-E75380DF8791-StateMachineUpdater: snapshotIndex: updateIncreasingly -1 -> 1
2020-07-24 03:08:20,048 [b2995f92-8b7c-4587-b52b-d4ed19f98a91@group-E75380DF8791-StateMachineUpdater] INFO  metrics.RatisMetrics (RatisMetrics.java:unregister(43)) - Unregistering Metrics Registry : ratis.state_machine.b2995f92-8b7c-4587-b52b-d4ed19f98a91@group-E75380DF8791
2020-07-24 03:08:20,049 [Command processor thread] INFO  impl.RaftServerImpl (ServerState.java:close(387)) - b2995f92-8b7c-4587-b52b-d4ed19f98a91@group-E75380DF8791: closes. applyIndex: 1
2020-07-24 03:08:20,049 [b2995f92-8b7c-4587-b52b-d4ed19f98a91@group-E75380DF8791-SegmentedRaftLogWorker] INFO  segmented.SegmentedRaftLogWorker (SegmentedRaftLogWorker.java:run(327)) - b2995f92-8b7c-4587-b52b-d4ed19f98a91@group-E75380DF8791-SegmentedRaftLogWorker was interrupted, exiting. There are 0 tasks remaining in the queue.
2020-07-24 03:08:20,050 [Command processor thread] INFO  segmented.SegmentedRaftLogWorker (SegmentedRaftLogWorker.java:close(234)) - b2995f92-8b7c-4587-b52b-d4ed19f98a91@group-E75380DF8791-SegmentedRaftLogWorker close()
2020-07-24 03:08:20,053 [Command processor thread] INFO  metrics.RatisMetrics (RatisMetrics.java:unregister(43)) - Unregistering Metrics Registry : ratis.log_worker.b2995f92-8b7c-4587-b52b-d4ed19f98a91@group-E75380DF8791
2020-07-24 03:08:20,053 [Command processor thread] INFO  metrics.RatisMetrics (RatisMetrics.java:unregister(43)) - Unregistering Metrics Registry : ratis.leader_election.b2995f92-8b7c-4587-b52b-d4ed19f98a91@group-E75380DF8791
2020-07-24 03:08:20,053 [Command processor thread] INFO  metrics.RatisMetrics (RatisMetrics.java:unregister(43)) - Unregistering Metrics Registry : ratis.server.b2995f92-8b7c-4587-b52b-d4ed19f98a91@group-E75380DF8791
2020-07-24 03:08:20,054 [Command processor thread] INFO  impl.RaftServerImpl (RaftServerImpl.java:lambda$shutdown$3(301)) - b2995f92-8b7c-4587-b52b-d4ed19f98a91@group-E75380DF8791: Succeed to remove RaftStorageDirectory Storage Directory /github/workspace/mnt/ozone/hadoop-ozone/integration-test/target/test-dir/MiniOzoneClusterImpl-7a66fb8e-ad0e-46df-b237-2ffa69f4ef17/datanode-1/data/ratis/1a39bb56-9396-4cbe-a978-e75380df8791
2020-07-24 03:08:20,059 [Listener at 127.0.0.1/43665] INFO  interfaces.Container (KeyValueContainer.java:flushAndSyncDB(382)) - Container 1 is synced with bcsId 0.
2020-07-24 03:08:20,059 [Listener at 127.0.0.1/43665] INFO  interfaces.Container (KeyValueContainer.java:flushAndSyncDB(382)) - Container 1 is synced with bcsId 0.
2020-07-24 03:08:20,057 [Command processor thread] INFO  interfaces.Container (KeyValueContainer.java:flushAndSyncDB(382)) - Container 1 is synced with bcsId 0.
2020-07-24 03:08:20,060 [Command processor thread] INFO  interfaces.Container (KeyValueContainer.java:flushAndSyncDB(382)) - Container 1 is synced with bcsId 0.
2020-07-24 03:08:20,062 [Command processor thread] INFO  commandhandler.ClosePipelineCommandHandler (ClosePipelineCommandHandler.java:handle(78)) - Close Pipeline #id: "1a39bb56-9396-4cbe-a978-e75380df8791"
uuid128 {
  mostSigBits: 1889747499176316094
  leastSigBits: -6234979338264017007
}
 command on datanode #b2995f92-8b7c-4587-b52b-d4ed19f98a91.
2020-07-24 03:08:20,062 [Command processor thread] INFO  impl.RaftServerProxy (RaftServerProxy.java:addNew(89)) - b2995f92-8b7c-4587-b52b-d4ed19f98a91: addNew group-32B42E1C91C9:[92be74e1-a445-481a-9270-f78b33ea1757:172.17.0.2:42635, 0b6ef10e-2f36-4e94-b43e-5e4c71f7d9dd:172.17.0.2:36165, b2995f92-8b7c-4587-b52b-d4ed19f98a91:172.17.0.2:36971] returns group-32B42E1C91C9:java.util.concurrent.CompletableFuture@55be16e0[Not completed]
2020-07-24 03:08:20,063 [Listener at 127.0.0.1/43665] WARN  impl.RaftServerProxy (RaftServerProxy.java:remove(95)) - b2995f92-8b7c-4587-b52b-d4ed19f98a91: does not contain group: group-E75380DF8791
2020-07-24 03:08:20,063 [Listener at 127.0.0.1/43665] INFO  ozone.MiniOzoneClusterImpl (MiniOzoneClusterImpl.java:shutdown(387)) - Shutting down the Mini Ozone Cluster
2020-07-24 03:08:20,063 [Listener at 127.0.0.1/43665] INFO  ozone.MiniOzoneClusterImpl (MiniOzoneClusterImpl.java:stop(402)) - Stopping the Mini Ozone Cluster
2020-07-24 03:08:20,063 [pool-362-thread-1] INFO  impl.RaftServerImpl (RaftServerImpl.java:<init>(107)) - b2995f92-8b7c-4587-b52b-d4ed19f98a91: new RaftServerImpl for group-32B42E1C91C9:[92be74e1-a445-481a-9270-f78b33ea1757:172.17.0.2:42635, 0b6ef10e-2f36-4e94-b43e-5e4c71f7d9dd:172.17.0.2:36165, b2995f92-8b7c-4587-b52b-d4ed19f98a91:172.17.0.2:36971] with ContainerStateMachine:uninitialized
2020-07-24 03:08:20,063 [pool-362-thread-1] INFO  server.RaftServerConfigKeys (ConfUtils.java:logGet(44)) - raft.server.rpc.timeout.min = 5s (custom)
2020-07-24 03:08:20,063 [pool-362-thread-1] INFO  server.RaftServerConfigKeys (ConfUtils.java:logGet(44)) - raft.server.rpc.timeout.max = 5200ms (custom)
2020-07-24 03:08:20,063 [pool-362-thread-1] INFO  server.RaftServerConfigKeys (ConfUtils.java:logGet(44)) - raft.server.rpcslowness.timeout = 300000ms (custom)
2020-07-24 03:08:20,063 [pool-362-thread-1] INFO  server.RaftServerConfigKeys (ConfUtils.java:logGet(44)) - raft.server.sleep.deviation.threshold = 300 (default)
2020-07-24 03:08:20,063 [pool-362-thread-1] INFO  server.RaftServerConfigKeys (ConfUtils.java:logGet(44)) - raft.server.log.appender.install.snapshot.enabled = false (custom)
2020-07-24 03:08:20,063 [pool-362-thread-1] INFO  impl.RaftServerImpl (ServerState.java:<init>(103)) - b2995f92-8b7c-4587-b52b-d4ed19f98a91@group-32B42E1C91C9: ConfigurationManager, init=-1: [92be74e1-a445-481a-9270-f78b33ea1757:172.17.0.2:42635, 0b6ef10e-2f36-4e94-b43e-5e4c71f7d9dd:172.17.0.2:36165, b2995f92-8b7c-4587-b52b-d4ed19f98a91:172.17.0.2:36971], old=null, confs=<EMPTY_MAP>
2020-07-24 03:08:20,063 [pool-362-thread-1] INFO  server.RaftServerConfigKeys (ConfUtils.java:logGet(44)) - raft.server.storage.dir = [/github/workspace/mnt/ozone/hadoop-ozone/integration-test/target/test-dir/MiniOzoneClusterImpl-7a66fb8e-ad0e-46df-b237-2ffa69f4ef17/datanode-1/data/ratis] (custom)
2020-07-24 03:08:20,064 [pool-362-thread-1] INFO  server.RaftServerConfigKeys (ConfUtils.java:logGet(44)) - raft.server.log.corruption.policy = EXCEPTION (default)
2020-07-24 03:08:20,063 [Listener at 127.0.0.1/43665] INFO  ozone.MiniOzoneClusterImpl (MiniOzoneClusterImpl.java:stopOM(484)) - Stopping the OzoneManager
2020-07-24 03:08:20,064 [Listener at 127.0.0.1/43665] INFO  ipc.Server (Server.java:stop(3359)) - Stopping server on 43665
2020-07-24 03:08:20,065 [IPC Server listener on 0] INFO  ipc.Server (Server.java:run(1330)) - Stopping IPC Server listener on 0
2020-07-24 03:08:20,064 [pool-362-thread-1] INFO  storage.RaftStorageDirectory (RaftStorageDirectory.java:analyzeStorage(261)) - The storage directory /github/workspace/mnt/ozone/hadoop-ozone/integration-test/target/test-dir/MiniOzoneClusterImpl-7a66fb8e-ad0e-46df-b237-2ffa69f4ef17/datanode-1/data/ratis/047813f1-5512-41d1-a33b-32b42e1c91c9 does not exist. Creating ...
2020-07-24 03:08:20,070 [IPC Server Responder] INFO  ipc.Server (Server.java:run(1465)) - Stopping IPC Server Responder
2020-07-24 03:08:20,070 [Listener at 127.0.0.1/43665] INFO  ratis.OzoneManagerDoubleBuffer (OzoneManagerDoubleBuffer.java:stop(458)) - Stopping OMDoubleBuffer flush thread
2020-07-24 03:08:20,070 [OMDoubleBufferFlushThread] INFO  ratis.OzoneManagerDoubleBuffer (OzoneManagerDoubleBuffer.java:flushTransactions(357)) - OMDoubleBuffer flush thread OMDoubleBufferFlushThread is interrupted and will exit. OMDoubleBufferFlushThread
2020-07-24 03:08:20,073 [Listener at 127.0.0.1/43665] INFO  utils.BackgroundService (BackgroundService.java:shutdown(157)) - Shutting down service KeyDeletingService
2020-07-24 03:08:20,074 [Listener at 127.0.0.1/43665] INFO  handler.ContextHandler (ContextHandler.java:doStop(1016)) - Stopped o.e.j.w.WebAppContext@7b7eb8c{ozoneManager,/,null,UNAVAILABLE}{file:/github/workspace/mnt/ozone/hadoop-ozone/integration-test/target/test-classes/webapps/ozoneManager}
2020-07-24 03:08:20,075 [pool-362-thread-1] INFO  storage.RaftStorageDirectory (RaftStorageDirectory.java:tryLock(343)) - Lock on /github/workspace/mnt/ozone/hadoop-ozone/integration-test/target/test-dir/MiniOzoneClusterImpl-7a66fb8e-ad0e-46df-b237-2ffa69f4ef17/datanode-1/data/ratis/047813f1-5512-41d1-a33b-32b42e1c91c9/in_use.lock acquired by nodename 27121@bae25e63820f
2020-07-24 03:08:20,075 [Listener at 127.0.0.1/43665] INFO  server.AbstractConnector (AbstractConnector.java:doStop(380)) - Stopped ServerConnector@5a8bcae1{HTTP/1.1,[http/1.1]}{0.0.0.0:0}
2020-07-24 03:08:20,075 [Listener at 127.0.0.1/43665] INFO  server.session (HouseKeeper.java:stopScavenging(158)) - node0 Stopped scavenging
2020-07-24 03:08:20,075 [Listener at 127.0.0.1/43665] INFO  handler.ContextHandler (ContextHandler.java:doStop(1016)) - Stopped o.e.j.s.ServletContextHandler@223973a9{static,/static,file:///github/workspace/mnt/ozone/hadoop-ozone/integration-test/target/test-classes/webapps/static,UNAVAILABLE}
2020-07-24 03:08:20,075 [Listener at 127.0.0.1/43665] INFO  handler.ContextHandler (ContextHandler.java:doStop(1016)) - Stopped o.e.j.s.ServletContextHandler@25a0c208{logs,/logs,file:///github/workspace/mnt/ozone/hadoop-ozone/integration-test/target/log,UNAVAILABLE}
2020-07-24 03:08:20,076 [pool-362-thread-1] INFO  storage.RaftStorage (RaftStorage.java:format(84)) - Storage directory /github/workspace/mnt/ozone/hadoop-ozone/integration-test/target/test-dir/MiniOzoneClusterImpl-7a66fb8e-ad0e-46df-b237-2ffa69f4ef17/datanode-1/data/ratis/047813f1-5512-41d1-a33b-32b42e1c91c9 has been successfully formatted.
2020-07-24 03:08:20,077 [pool-362-thread-1] INFO  ratis.ContainerStateMachine (ContainerStateMachine.java:loadSnapshot(225)) - group-32B42E1C91C9: The snapshot info is null. Setting the last applied indexto:(t:0, i:~)
2020-07-24 03:08:20,077 [pool-362-thread-1] INFO  server.RaftServerConfigKeys (ConfUtils.java:logGet(44)) - raft.server.notification.no-leader.timeout = 300000ms (custom)
2020-07-24 03:08:20,077 [pool-362-thread-1] INFO  server.RaftServerConfigKeys (ConfUtils.java:logGet(44)) - raft.server.log.use.memory = false (default)
2020-07-24 03:08:20,077 [pool-362-thread-1] INFO  server.RaftServerConfigKeys (ConfUtils.java:logGet(44)) - raft.server.log.purge.gap = 1000000 (custom)
2020-07-24 03:08:20,077 [pool-362-thread-1] INFO  metrics.RatisMetrics (RatisMetrics.java:lambda$create$0(36)) - Creating Metrics Registry : ratis.log_worker.b2995f92-8b7c-4587-b52b-d4ed19f98a91@group-32B42E1C91C9
2020-07-24 03:08:20,077 [pool-362-thread-1] INFO  server.RaftServerConfigKeys (ConfUtils.java:logGet(44)) - raft.server.log.appender.buffer.byte-limit = 33554432 (custom)
2020-07-24 03:08:20,077 [pool-362-thread-1] INFO  server.RaftServerConfigKeys (ConfUtils.java:logGet(44)) - raft.server.log.segment.size.max = 1048576 (custom)
2020-07-24 03:08:20,078 [pool-362-thread-1] INFO  server.RaftServerConfigKeys (ConfUtils.java:logGet(44)) - raft.server.log.segment.cache.num.max = 2 (custom)
2020-07-24 03:08:20,078 [pool-362-thread-1] INFO  segmented.SegmentedRaftLogWorker (SegmentedRaftLogWorker.java:<init>(180)) - new b2995f92-8b7c-4587-b52b-d4ed19f98a91@group-32B42E1C91C9-SegmentedRaftLogWorker for RaftStorage:Storage Directory /github/workspace/mnt/ozone/hadoop-ozone/integration-test/target/test-dir/MiniOzoneClusterImpl-7a66fb8e-ad0e-46df-b237-2ffa69f4ef17/datanode-1/data/ratis/047813f1-5512-41d1-a33b-32b42e1c91c9
2020-07-24 03:08:20,078 [pool-362-thread-1] INFO  server.RaftServerConfigKeys (ConfUtils.java:logGet(44)) - raft.server.log.queue.byte-limit = 2147483647 (custom)
2020-07-24 03:08:20,078 [pool-362-thread-1] INFO  server.RaftServerConfigKeys (ConfUtils.java:logGet(44)) - raft.server.log.queue.element-limit = 1024 (custom)
2020-07-24 03:08:20,078 [pool-362-thread-1] INFO  server.RaftServerConfigKeys (ConfUtils.java:logGet(44)) - raft.server.log.segment.size.max = 1048576 (custom)
2020-07-24 03:08:20,078 [pool-362-thread-1] INFO  server.RaftServerConfigKeys (ConfUtils.java:logGet(44)) - raft.server.log.preallocated.size = 16384 (custom)
2020-07-24 03:08:20,078 [pool-362-thread-1] INFO  server.RaftServerConfigKeys (ConfUtils.java:logGet(44)) - raft.server.log.write.buffer.size = 1048576 (custom)
2020-07-24 03:08:20,078 [pool-362-thread-1] INFO  server.RaftServerConfigKeys (ConfUtils.java:logGet(44)) - raft.server.log.force.sync.num = 128 (default)
2020-07-24 03:08:20,078 [pool-362-thread-1] INFO  server.RaftServerConfigKeys (ConfUtils.java:logGet(44)) - raft.server.log.statemachine.data.sync = true (default)
2020-07-24 03:08:20,078 [pool-362-thread-1] INFO  server.RaftServerConfigKeys (ConfUtils.java:logGet(44)) - raft.server.log.statemachine.data.sync.timeout = 10s (default)
2020-07-24 03:08:20,078 [pool-362-thread-1] INFO  server.RaftServerConfigKeys (ConfUtils.java:logGet(44)) - raft.server.log.statemachine.data.sync.timeout.retry = -1 (default)
2020-07-24 03:08:20,080 [pool-362-thread-1] INFO  server.RaftServerConfigKeys (ConfUtils.java:logGet(44)) - raft.server.log.statemachine.data.caching.enabled = true (custom)
2020-07-24 03:08:20,080 [pool-362-thread-1] INFO  segmented.SegmentedRaftLogWorker (SegmentedRaftLogWorker.java:lambda$new$0(129)) - b2995f92-8b7c-4587-b52b-d4ed19f98a91@group-32B42E1C91C9-SegmentedRaftLogWorker: flushIndex: setUnconditionally 0 -> -1
2020-07-24 03:08:20,080 [pool-362-thread-1] INFO  segmented.SegmentedRaftLogWorker (SegmentedRaftLogWorker.java:lambda$new$0(129)) - b2995f92-8b7c-4587-b52b-d4ed19f98a91@group-32B42E1C91C9-SegmentedRaftLogWorker: safeCacheEvictIndex: setUnconditionally 0 -> -1
2020-07-24 03:08:20,082 [pool-362-thread-1] INFO  server.RaftServerConfigKeys (ConfUtils.java:logGet(44)) - raft.server.snapshot.auto.trigger.enabled = true (custom)
2020-07-24 03:08:20,089 [pool-362-thread-1] INFO  server.RaftServerConfigKeys (ConfUtils.java:logGet(44)) - raft.server.snapshot.auto.trigger.threshold = 10000 (custom)
2020-07-24 03:08:20,089 [pool-362-thread-1] INFO  server.RaftServerConfigKeys (ConfUtils.java:logGet(44)) - raft.server.snapshot.retention.file.num = 5 (custom)
2020-07-24 03:08:20,089 [Listener at 127.0.0.1/43665] INFO  ozone.MiniOzoneClusterImpl (MiniOzoneClusterImpl.java:stopDatanodes(461)) - Stopping the HddsDatanodes
2020-07-24 03:08:20,089 [pool-362-thread-1] INFO  server.RaftServerConfigKeys (ConfUtils.java:logGet(44)) - raft.server.log.purge.upto.snapshot.index = false (default)
2020-07-24 03:08:20,089 [pool-362-thread-1] INFO  server.RaftServerConfigKeys (ConfUtils.java:logGet(44)) - raft.server.retrycache.expirytime = 600000ms (custom)
2020-07-24 03:08:20,090 [pool-362-thread-1] INFO  metrics.RatisMetrics (RatisMetrics.java:lambda$create$0(36)) - Creating Metrics Registry : ratis.leader_election.b2995f92-8b7c-4587-b52b-d4ed19f98a91@group-32B42E1C91C9
2020-07-24 03:08:20,090 [pool-362-thread-1] INFO  metrics.RatisMetrics (RatisMetrics.java:lambda$create$0(36)) - Creating Metrics Registry : ratis.server.b2995f92-8b7c-4587-b52b-d4ed19f98a91@group-32B42E1C91C9
2020-07-24 03:08:20,091 [pool-362-thread-1] INFO  impl.RaftServerImpl (RaftServerImpl.java:start(196)) - b2995f92-8b7c-4587-b52b-d4ed19f98a91@group-32B42E1C91C9: start as a follower, conf=-1: [92be74e1-a445-481a-9270-f78b33ea1757:172.17.0.2:42635, 0b6ef10e-2f36-4e94-b43e-5e4c71f7d9dd:172.17.0.2:36165, b2995f92-8b7c-4587-b52b-d4ed19f98a91:172.17.0.2:36971], old=null
2020-07-24 03:08:20,091 [pool-362-thread-1] INFO  impl.RaftServerImpl (RaftServerImpl.java:setRole(185)) - b2995f92-8b7c-4587-b52b-d4ed19f98a91@group-32B42E1C91C9: changes role from      null to FOLLOWER at term 0 for startAsFollower
2020-07-24 03:08:20,091 [pool-362-thread-1] INFO  impl.RoleInfo (RoleInfo.java:updateAndGet(143)) - b2995f92-8b7c-4587-b52b-d4ed19f98a91: start FollowerState
2020-07-24 03:08:20,091 [pool-362-thread-1] INFO  util.JmxRegister (JmxRegister.java:tryRegister(44)) - Successfully registered JMX Bean with object name Ratis:service=RaftServer,group=group-32B42E1C91C9,id=b2995f92-8b7c-4587-b52b-d4ed19f98a91
2020-07-24 03:08:20,091 [pool-362-thread-1] INFO  metrics.RatisMetrics (RatisMetrics.java:lambda$create$0(36)) - Creating Metrics Registry : ratis.state_machine.b2995f92-8b7c-4587-b52b-d4ed19f98a91@group-32B42E1C91C9
2020-07-24 03:08:20,099 [grpc-default-executor-1] INFO  impl.RaftServerProxy (RaftServerProxy.java:addNew(89)) - 92be74e1-a445-481a-9270-f78b33ea1757: addNew group-32B42E1C91C9:[92be74e1-a445-481a-9270-f78b33ea1757:172.17.0.2:42635, 0b6ef10e-2f36-4e94-b43e-5e4c71f7d9dd:172.17.0.2:36165, b2995f92-8b7c-4587-b52b-d4ed19f98a91:172.17.0.2:36971] returns group-32B42E1C91C9:java.util.concurrent.CompletableFuture@1d7a0cb2[Not completed]
2020-07-24 03:08:20,100 [pool-347-thread-1] INFO  impl.RaftServerImpl (RaftServerImpl.java:<init>(107)) - 92be74e1-a445-481a-9270-f78b33ea1757: new RaftServerImpl for group-32B42E1C91C9:[92be74e1-a445-481a-9270-f78b33ea1757:172.17.0.2:42635, 0b6ef10e-2f36-4e94-b43e-5e4c71f7d9dd:172.17.0.2:36165, b2995f92-8b7c-4587-b52b-d4ed19f98a91:172.17.0.2:36971] with ContainerStateMachine:uninitialized
2020-07-24 03:08:20,100 [pool-347-thread-1] INFO  server.RaftServerConfigKeys (ConfUtils.java:logGet(44)) - raft.server.rpc.timeout.min = 5s (custom)
2020-07-24 03:08:20,100 [pool-347-thread-1] INFO  server.RaftServerConfigKeys (ConfUtils.java:logGet(44)) - raft.server.rpc.timeout.max = 5200ms (custom)
2020-07-24 03:08:20,100 [pool-347-thread-1] INFO  server.RaftServerConfigKeys (ConfUtils.java:logGet(44)) - raft.server.rpcslowness.timeout = 300000ms (custom)
2020-07-24 03:08:20,100 [pool-347-thread-1] INFO  server.RaftServerConfigKeys (ConfUtils.java:logGet(44)) - raft.server.sleep.deviation.threshold = 300 (default)
2020-07-24 03:08:20,100 [pool-347-thread-1] INFO  server.RaftServerConfigKeys (ConfUtils.java:logGet(44)) - raft.server.log.appender.install.snapshot.enabled = false (custom)
2020-07-24 03:08:20,100 [pool-347-thread-1] INFO  impl.RaftServerImpl (ServerState.java:<init>(103)) - 92be74e1-a445-481a-9270-f78b33ea1757@group-32B42E1C91C9: ConfigurationManager, init=-1: [92be74e1-a445-481a-9270-f78b33ea1757:172.17.0.2:42635, 0b6ef10e-2f36-4e94-b43e-5e4c71f7d9dd:172.17.0.2:36165, b2995f92-8b7c-4587-b52b-d4ed19f98a91:172.17.0.2:36971], old=null, confs=<EMPTY_MAP>
2020-07-24 03:08:20,101 [pool-347-thread-1] INFO  server.RaftServerConfigKeys (ConfUtils.java:logGet(44)) - raft.server.storage.dir = [/github/workspace/mnt/ozone/hadoop-ozone/integration-test/target/test-dir/MiniOzoneClusterImpl-7a66fb8e-ad0e-46df-b237-2ffa69f4ef17/datanode-0/data/ratis] (custom)
2020-07-24 03:08:20,101 [pool-347-thread-1] INFO  server.RaftServerConfigKeys (ConfUtils.java:logGet(44)) - raft.server.log.corruption.policy = EXCEPTION (default)
2020-07-24 03:08:20,101 [pool-347-thread-1] INFO  storage.RaftStorageDirectory (RaftStorageDirectory.java:analyzeStorage(261)) - The storage directory /github/workspace/mnt/ozone/hadoop-ozone/integration-test/target/test-dir/MiniOzoneClusterImpl-7a66fb8e-ad0e-46df-b237-2ffa69f4ef17/datanode-0/data/ratis/047813f1-5512-41d1-a33b-32b42e1c91c9 does not exist. Creating ...
2020-07-24 03:08:20,102 [pool-347-thread-1] INFO  storage.RaftStorageDirectory (RaftStorageDirectory.java:tryLock(343)) - Lock on /github/workspace/mnt/ozone/hadoop-ozone/integration-test/target/test-dir/MiniOzoneClusterImpl-7a66fb8e-ad0e-46df-b237-2ffa69f4ef17/datanode-0/data/ratis/047813f1-5512-41d1-a33b-32b42e1c91c9/in_use.lock acquired by nodename 27121@bae25e63820f
2020-07-24 03:08:20,103 [pool-347-thread-1] INFO  storage.RaftStorage (RaftStorage.java:format(84)) - Storage directory /github/workspace/mnt/ozone/hadoop-ozone/integration-test/target/test-dir/MiniOzoneClusterImpl-7a66fb8e-ad0e-46df-b237-2ffa69f4ef17/datanode-0/data/ratis/047813f1-5512-41d1-a33b-32b42e1c91c9 has been successfully formatted.
2020-07-24 03:08:20,103 [pool-347-thread-1] INFO  ratis.ContainerStateMachine (ContainerStateMachine.java:loadSnapshot(225)) - group-32B42E1C91C9: The snapshot info is null. Setting the last applied indexto:(t:0, i:~)
2020-07-24 03:08:20,103 [pool-347-thread-1] INFO  server.RaftServerConfigKeys (ConfUtils.java:logGet(44)) - raft.server.notification.no-leader.timeout = 300000ms (custom)
2020-07-24 03:08:20,104 [pool-347-thread-1] INFO  server.RaftServerConfigKeys (ConfUtils.java:logGet(44)) - raft.server.log.use.memory = false (default)
2020-07-24 03:08:20,104 [pool-347-thread-1] INFO  server.RaftServerConfigKeys (ConfUtils.java:logGet(44)) - raft.server.log.purge.gap = 1000000 (custom)
2020-07-24 03:08:20,104 [pool-347-thread-1] INFO  metrics.RatisMetrics (RatisMetrics.java:lambda$create$0(36)) - Creating Metrics Registry : ratis.log_worker.92be74e1-a445-481a-9270-f78b33ea1757@group-32B42E1C91C9
2020-07-24 03:08:20,104 [pool-347-thread-1] INFO  server.RaftServerConfigKeys (ConfUtils.java:logGet(44)) - raft.server.log.appender.buffer.byte-limit = 33554432 (custom)
2020-07-24 03:08:20,104 [pool-347-thread-1] INFO  server.RaftServerConfigKeys (ConfUtils.java:logGet(44)) - raft.server.log.segment.size.max = 1048576 (custom)
2020-07-24 03:08:20,105 [pool-347-thread-1] INFO  server.RaftServerConfigKeys (ConfUtils.java:logGet(44)) - raft.server.log.segment.cache.num.max = 2 (custom)
2020-07-24 03:08:20,105 [pool-347-thread-1] INFO  segmented.SegmentedRaftLogWorker (SegmentedRaftLogWorker.java:<init>(180)) - new 92be74e1-a445-481a-9270-f78b33ea1757@group-32B42E1C91C9-SegmentedRaftLogWorker for RaftStorage:Storage Directory /github/workspace/mnt/ozone/hadoop-ozone/integration-test/target/test-dir/MiniOzoneClusterImpl-7a66fb8e-ad0e-46df-b237-2ffa69f4ef17/datanode-0/data/ratis/047813f1-5512-41d1-a33b-32b42e1c91c9
2020-07-24 03:08:20,105 [pool-347-thread-1] INFO  server.RaftServerConfigKeys (ConfUtils.java:logGet(44)) - raft.server.log.queue.byte-limit = 2147483647 (custom)
2020-07-24 03:08:20,105 [pool-347-thread-1] INFO  server.RaftServerConfigKeys (ConfUtils.java:logGet(44)) - raft.server.log.queue.element-limit = 1024 (custom)
2020-07-24 03:08:20,105 [pool-347-thread-1] INFO  server.RaftServerConfigKeys (ConfUtils.java:logGet(44)) - raft.server.log.segment.size.max = 1048576 (custom)
2020-07-24 03:08:20,105 [pool-347-thread-1] INFO  server.RaftServerConfigKeys (ConfUtils.java:logGet(44)) - raft.server.log.preallocated.size = 16384 (custom)
2020-07-24 03:08:20,106 [pool-347-thread-1] INFO  server.RaftServerConfigKeys (ConfUtils.java:logGet(44)) - raft.server.log.write.buffer.size = 1048576 (custom)
2020-07-24 03:08:20,106 [pool-347-thread-1] INFO  server.RaftServerConfigKeys (ConfUtils.java:logGet(44)) - raft.server.log.force.sync.num = 128 (default)
2020-07-24 03:08:20,106 [pool-347-thread-1] INFO  server.RaftServerConfigKeys (ConfUtils.java:logGet(44)) - raft.server.log.statemachine.data.sync = true (default)
2020-07-24 03:08:20,106 [pool-347-thread-1] INFO  server.RaftServerConfigKeys (ConfUtils.java:logGet(44)) - raft.server.log.statemachine.data.sync.timeout = 10s (default)
2020-07-24 03:08:20,106 [pool-347-thread-1] INFO  server.RaftServerConfigKeys (ConfUtils.java:logGet(44)) - raft.server.log.statemachine.data.sync.timeout.retry = -1 (default)
2020-07-24 03:08:20,108 [pool-347-thread-1] INFO  server.RaftServerConfigKeys (ConfUtils.java:logGet(44)) - raft.server.log.statemachine.data.caching.enabled = true (custom)
2020-07-24 03:08:20,108 [pool-347-thread-1] INFO  segmented.SegmentedRaftLogWorker (SegmentedRaftLogWorker.java:lambda$new$0(129)) - 92be74e1-a445-481a-9270-f78b33ea1757@group-32B42E1C91C9-SegmentedRaftLogWorker: flushIndex: setUnconditionally 0 -> -1
2020-07-24 03:08:20,108 [pool-347-thread-1] INFO  segmented.SegmentedRaftLogWorker (SegmentedRaftLogWorker.java:lambda$new$0(129)) - 92be74e1-a445-481a-9270-f78b33ea1757@group-32B42E1C91C9-SegmentedRaftLogWorker: safeCacheEvictIndex: setUnconditionally 0 -> -1
2020-07-24 03:08:20,109 [pool-347-thread-1] INFO  server.RaftServerConfigKeys (ConfUtils.java:logGet(44)) - raft.server.snapshot.auto.trigger.enabled = true (custom)
2020-07-24 03:08:20,109 [pool-347-thread-1] INFO  server.RaftServerConfigKeys (ConfUtils.java:logGet(44)) - raft.server.snapshot.auto.trigger.threshold = 10000 (custom)
2020-07-24 03:08:20,109 [pool-347-thread-1] INFO  server.RaftServerConfigKeys (ConfUtils.java:logGet(44)) - raft.server.snapshot.retention.file.num = 5 (custom)
2020-07-24 03:08:20,109 [pool-347-thread-1] INFO  server.RaftServerConfigKeys (ConfUtils.java:logGet(44)) - raft.server.log.purge.upto.snapshot.index = false (default)
2020-07-24 03:08:20,109 [pool-347-thread-1] INFO  server.RaftServerConfigKeys (ConfUtils.java:logGet(44)) - raft.server.retrycache.expirytime = 600000ms (custom)
2020-07-24 03:08:20,109 [pool-347-thread-1] INFO  metrics.RatisMetrics (RatisMetrics.java:lambda$create$0(36)) - Creating Metrics Registry : ratis.leader_election.92be74e1-a445-481a-9270-f78b33ea1757@group-32B42E1C91C9
2020-07-24 03:08:20,110 [pool-347-thread-1] INFO  metrics.RatisMetrics (RatisMetrics.java:lambda$create$0(36)) - Creating Metrics Registry : ratis.server.92be74e1-a445-481a-9270-f78b33ea1757@group-32B42E1C91C9
2020-07-24 03:08:20,111 [pool-347-thread-1] INFO  impl.RaftServerImpl (RaftServerImpl.java:start(196)) - 92be74e1-a445-481a-9270-f78b33ea1757@group-32B42E1C91C9: start as a follower, conf=-1: [92be74e1-a445-481a-9270-f78b33ea1757:172.17.0.2:42635, 0b6ef10e-2f36-4e94-b43e-5e4c71f7d9dd:172.17.0.2:36165, b2995f92-8b7c-4587-b52b-d4ed19f98a91:172.17.0.2:36971], old=null
2020-07-24 03:08:20,111 [pool-347-thread-1] INFO  impl.RaftServerImpl (RaftServerImpl.java:setRole(185)) - 92be74e1-a445-481a-9270-f78b33ea1757@group-32B42E1C91C9: changes role from      null to FOLLOWER at term 0 for startAsFollower
2020-07-24 03:08:20,111 [pool-347-thread-1] INFO  impl.RoleInfo (RoleInfo.java:updateAndGet(143)) - 92be74e1-a445-481a-9270-f78b33ea1757: start FollowerState
2020-07-24 03:08:20,115 [pool-347-thread-1] INFO  util.JmxRegister (JmxRegister.java:tryRegister(44)) - Successfully registered JMX Bean with object name Ratis:service=RaftServer,group=group-32B42E1C91C9,id=92be74e1-a445-481a-9270-f78b33ea1757
2020-07-24 03:08:20,115 [pool-347-thread-1] INFO  metrics.RatisMetrics (RatisMetrics.java:lambda$create$0(36)) - Creating Metrics Registry : ratis.state_machine.92be74e1-a445-481a-9270-f78b33ea1757@group-32B42E1C91C9
2020-07-24 03:08:20,133 [grpc-default-executor-1] INFO  impl.RaftServerProxy (RaftServerProxy.java:addNew(89)) - 0b6ef10e-2f36-4e94-b43e-5e4c71f7d9dd: addNew group-32B42E1C91C9:[92be74e1-a445-481a-9270-f78b33ea1757:172.17.0.2:42635, 0b6ef10e-2f36-4e94-b43e-5e4c71f7d9dd:172.17.0.2:36165, b2995f92-8b7c-4587-b52b-d4ed19f98a91:172.17.0.2:36971] returns group-32B42E1C91C9:java.util.concurrent.CompletableFuture@4105f63e[Not completed]
2020-07-24 03:08:20,133 [pool-377-thread-1] INFO  impl.RaftServerImpl (RaftServerImpl.java:<init>(107)) - 0b6ef10e-2f36-4e94-b43e-5e4c71f7d9dd: new RaftServerImpl for group-32B42E1C91C9:[92be74e1-a445-481a-9270-f78b33ea1757:172.17.0.2:42635, 0b6ef10e-2f36-4e94-b43e-5e4c71f7d9dd:172.17.0.2:36165, b2995f92-8b7c-4587-b52b-d4ed19f98a91:172.17.0.2:36971] with ContainerStateMachine:uninitialized
2020-07-24 03:08:20,133 [pool-377-thread-1] INFO  server.RaftServerConfigKeys (ConfUtils.java:logGet(44)) - raft.server.rpc.timeout.min = 5s (custom)
2020-07-24 03:08:20,133 [pool-377-thread-1] INFO  server.RaftServerConfigKeys (ConfUtils.java:logGet(44)) - raft.server.rpc.timeout.max = 5200ms (custom)
2020-07-24 03:08:20,133 [pool-377-thread-1] INFO  server.RaftServerConfigKeys (ConfUtils.java:logGet(44)) - raft.server.rpcslowness.timeout = 300000ms (custom)
2020-07-24 03:08:20,133 [pool-377-thread-1] INFO  server.RaftServerConfigKeys (ConfUtils.java:logGet(44)) - raft.server.sleep.deviation.threshold = 300 (default)
2020-07-24 03:08:20,134 [pool-377-thread-1] INFO  server.RaftServerConfigKeys (ConfUtils.java:logGet(44)) - raft.server.log.appender.install.snapshot.enabled = false (custom)
2020-07-24 03:08:20,134 [pool-377-thread-1] INFO  impl.RaftServerImpl (ServerState.java:<init>(103)) - 0b6ef10e-2f36-4e94-b43e-5e4c71f7d9dd@group-32B42E1C91C9: ConfigurationManager, init=-1: [92be74e1-a445-481a-9270-f78b33ea1757:172.17.0.2:42635, 0b6ef10e-2f36-4e94-b43e-5e4c71f7d9dd:172.17.0.2:36165, b2995f92-8b7c-4587-b52b-d4ed19f98a91:172.17.0.2:36971], old=null, confs=<EMPTY_MAP>
2020-07-24 03:08:20,134 [pool-377-thread-1] INFO  server.RaftServerConfigKeys (ConfUtils.java:logGet(44)) - raft.server.storage.dir = [/github/workspace/mnt/ozone/hadoop-ozone/integration-test/target/test-dir/MiniOzoneClusterImpl-7a66fb8e-ad0e-46df-b237-2ffa69f4ef17/datanode-2/data/ratis] (custom)
2020-07-24 03:08:20,134 [pool-377-thread-1] INFO  server.RaftServerConfigKeys (ConfUtils.java:logGet(44)) - raft.server.log.corruption.policy = EXCEPTION (default)
2020-07-24 03:08:20,134 [pool-377-thread-1] INFO  storage.RaftStorageDirectory (RaftStorageDirectory.java:analyzeStorage(261)) - The storage directory /github/workspace/mnt/ozone/hadoop-ozone/integration-test/target/test-dir/MiniOzoneClusterImpl-7a66fb8e-ad0e-46df-b237-2ffa69f4ef17/datanode-2/data/ratis/047813f1-5512-41d1-a33b-32b42e1c91c9 does not exist. Creating ...
2020-07-24 03:08:20,135 [pool-377-thread-1] INFO  storage.RaftStorageDirectory (RaftStorageDirectory.java:tryLock(343)) - Lock on /github/workspace/mnt/ozone/hadoop-ozone/integration-test/target/test-dir/MiniOzoneClusterImpl-7a66fb8e-ad0e-46df-b237-2ffa69f4ef17/datanode-2/data/ratis/047813f1-5512-41d1-a33b-32b42e1c91c9/in_use.lock acquired by nodename 27121@bae25e63820f
2020-07-24 03:08:20,136 [pool-377-thread-1] INFO  storage.RaftStorage (RaftStorage.java:format(84)) - Storage directory /github/workspace/mnt/ozone/hadoop-ozone/integration-test/target/test-dir/MiniOzoneClusterImpl-7a66fb8e-ad0e-46df-b237-2ffa69f4ef17/datanode-2/data/ratis/047813f1-5512-41d1-a33b-32b42e1c91c9 has been successfully formatted.
2020-07-24 03:08:20,136 [pool-377-thread-1] INFO  ratis.ContainerStateMachine (ContainerStateMachine.java:loadSnapshot(225)) - group-32B42E1C91C9: The snapshot info is null. Setting the last applied indexto:(t:0, i:~)
2020-07-24 03:08:20,136 [Datanode State Machine Thread - 0] INFO  statemachine.DatanodeStateMachine (DatanodeStateMachine.java:lambda$startDaemon$0(397)) - Ozone container server started.
2020-07-24 03:08:20,136 [pool-377-thread-1] INFO  server.RaftServerConfigKeys (ConfUtils.java:logGet(44)) - raft.server.notification.no-leader.timeout = 300000ms (custom)
2020-07-24 03:08:20,137 [pool-377-thread-1] INFO  server.RaftServerConfigKeys (ConfUtils.java:logGet(44)) - raft.server.log.use.memory = false (default)
2020-07-24 03:08:20,137 [pool-377-thread-1] INFO  server.RaftServerConfigKeys (ConfUtils.java:logGet(44)) - raft.server.log.purge.gap = 1000000 (custom)
2020-07-24 03:08:20,137 [pool-377-thread-1] INFO  metrics.RatisMetrics (RatisMetrics.java:lambda$create$0(36)) - Creating Metrics Registry : ratis.log_worker.0b6ef10e-2f36-4e94-b43e-5e4c71f7d9dd@group-32B42E1C91C9
2020-07-24 03:08:20,137 [pool-377-thread-1] INFO  server.RaftServerConfigKeys (ConfUtils.java:logGet(44)) - raft.server.log.appender.buffer.byte-limit = 33554432 (custom)
2020-07-24 03:08:20,137 [pool-377-thread-1] INFO  server.RaftServerConfigKeys (ConfUtils.java:logGet(44)) - raft.server.log.segment.size.max = 1048576 (custom)
2020-07-24 03:08:20,138 [pool-377-thread-1] INFO  server.RaftServerConfigKeys (ConfUtils.java:logGet(44)) - raft.server.log.segment.cache.num.max = 2 (custom)
2020-07-24 03:08:20,138 [pool-377-thread-1] INFO  segmented.SegmentedRaftLogWorker (SegmentedRaftLogWorker.java:<init>(180)) - new 0b6ef10e-2f36-4e94-b43e-5e4c71f7d9dd@group-32B42E1C91C9-SegmentedRaftLogWorker for RaftStorage:Storage Directory /github/workspace/mnt/ozone/hadoop-ozone/integration-test/target/test-dir/MiniOzoneClusterImpl-7a66fb8e-ad0e-46df-b237-2ffa69f4ef17/datanode-2/data/ratis/047813f1-5512-41d1-a33b-32b42e1c91c9
2020-07-24 03:08:20,138 [pool-377-thread-1] INFO  server.RaftServerConfigKeys (ConfUtils.java:logGet(44)) - raft.server.log.queue.byte-limit = 2147483647 (custom)
2020-07-24 03:08:20,138 [pool-377-thread-1] INFO  server.RaftServerConfigKeys (ConfUtils.java:logGet(44)) - raft.server.log.queue.element-limit = 1024 (custom)
2020-07-24 03:08:20,138 [pool-377-thread-1] INFO  server.RaftServerConfigKeys (ConfUtils.java:logGet(44)) - raft.server.log.segment.size.max = 1048576 (custom)
2020-07-24 03:08:20,138 [pool-377-thread-1] INFO  server.RaftServerConfigKeys (ConfUtils.java:logGet(44)) - raft.server.log.preallocated.size = 16384 (custom)
2020-07-24 03:08:20,138 [pool-377-thread-1] INFO  server.RaftServerConfigKeys (ConfUtils.java:logGet(44)) - raft.server.log.write.buffer.size = 1048576 (custom)
2020-07-24 03:08:20,138 [pool-377-thread-1] INFO  server.RaftServerConfigKeys (ConfUtils.java:logGet(44)) - raft.server.log.force.sync.num = 128 (default)
2020-07-24 03:08:20,138 [pool-377-thread-1] INFO  server.RaftServerConfigKeys (ConfUtils.java:logGet(44)) - raft.server.log.statemachine.data.sync = true (default)
2020-07-24 03:08:20,138 [pool-377-thread-1] INFO  server.RaftServerConfigKeys (ConfUtils.java:logGet(44)) - raft.server.log.statemachine.data.sync.timeout = 10s (default)
2020-07-24 03:08:20,138 [pool-377-thread-1] INFO  server.RaftServerConfigKeys (ConfUtils.java:logGet(44)) - raft.server.log.statemachine.data.sync.timeout.retry = -1 (default)
2020-07-24 03:08:20,140 [pool-377-thread-1] INFO  server.RaftServerConfigKeys (ConfUtils.java:logGet(44)) - raft.server.log.statemachine.data.caching.enabled = true (custom)
2020-07-24 03:08:20,140 [pool-377-thread-1] INFO  segmented.SegmentedRaftLogWorker (SegmentedRaftLogWorker.java:lambda$new$0(129)) - 0b6ef10e-2f36-4e94-b43e-5e4c71f7d9dd@group-32B42E1C91C9-SegmentedRaftLogWorker: flushIndex: setUnconditionally 0 -> -1
2020-07-24 03:08:20,140 [pool-377-thread-1] INFO  segmented.SegmentedRaftLogWorker (SegmentedRaftLogWorker.java:lambda$new$0(129)) - 0b6ef10e-2f36-4e94-b43e-5e4c71f7d9dd@group-32B42E1C91C9-SegmentedRaftLogWorker: safeCacheEvictIndex: setUnconditionally 0 -> -1
2020-07-24 03:08:20,142 [pool-377-thread-1] INFO  server.RaftServerConfigKeys (ConfUtils.java:logGet(44)) - raft.server.snapshot.auto.trigger.enabled = true (custom)
2020-07-24 03:08:20,142 [pool-377-thread-1] INFO  server.RaftServerConfigKeys (ConfUtils.java:logGet(44)) - raft.server.snapshot.auto.trigger.threshold = 10000 (custom)
2020-07-24 03:08:20,142 [pool-377-thread-1] INFO  server.RaftServerConfigKeys (ConfUtils.java:logGet(44)) - raft.server.snapshot.retention.file.num = 5 (custom)
2020-07-24 03:08:20,142 [pool-377-thread-1] INFO  server.RaftServerConfigKeys (ConfUtils.java:logGet(44)) - raft.server.log.purge.upto.snapshot.index = false (default)
2020-07-24 03:08:20,143 [pool-377-thread-1] INFO  server.RaftServerConfigKeys (ConfUtils.java:logGet(44)) - raft.server.retrycache.expirytime = 600000ms (custom)
2020-07-24 03:08:20,143 [pool-377-thread-1] INFO  metrics.RatisMetrics (RatisMetrics.java:lambda$create$0(36)) - Creating Metrics Registry : ratis.leader_election.0b6ef10e-2f36-4e94-b43e-5e4c71f7d9dd@group-32B42E1C91C9
2020-07-24 03:08:20,143 [pool-377-thread-1] INFO  metrics.RatisMetrics (RatisMetrics.java:lambda$create$0(36)) - Creating Metrics Registry : ratis.server.0b6ef10e-2f36-4e94-b43e-5e4c71f7d9dd@group-32B42E1C91C9
2020-07-24 03:08:20,144 [pool-377-thread-1] INFO  impl.RaftServerImpl (RaftServerImpl.java:start(196)) - 0b6ef10e-2f36-4e94-b43e-5e4c71f7d9dd@group-32B42E1C91C9: start as a follower, conf=-1: [92be74e1-a445-481a-9270-f78b33ea1757:172.17.0.2:42635, 0b6ef10e-2f36-4e94-b43e-5e4c71f7d9dd:172.17.0.2:36165, b2995f92-8b7c-4587-b52b-d4ed19f98a91:172.17.0.2:36971], old=null
2020-07-24 03:08:20,144 [pool-377-thread-1] INFO  impl.RaftServerImpl (RaftServerImpl.java:setRole(185)) - 0b6ef10e-2f36-4e94-b43e-5e4c71f7d9dd@group-32B42E1C91C9: changes role from      null to FOLLOWER at term 0 for startAsFollower
2020-07-24 03:08:20,144 [pool-377-thread-1] INFO  impl.RoleInfo (RoleInfo.java:updateAndGet(143)) - 0b6ef10e-2f36-4e94-b43e-5e4c71f7d9dd: start FollowerState
2020-07-24 03:08:20,144 [pool-377-thread-1] INFO  util.JmxRegister (JmxRegister.java:tryRegister(44)) - Successfully registered JMX Bean with object name Ratis:service=RaftServer,group=group-32B42E1C91C9,id=0b6ef10e-2f36-4e94-b43e-5e4c71f7d9dd
2020-07-24 03:08:20,144 [pool-377-thread-1] INFO  metrics.RatisMetrics (RatisMetrics.java:lambda$create$0(36)) - Creating Metrics Registry : ratis.state_machine.0b6ef10e-2f36-4e94-b43e-5e4c71f7d9dd@group-32B42E1C91C9
2020-07-24 03:08:20,148 [Command processor thread] INFO  commandhandler.CreatePipelineCommandHandler (CreatePipelineCommandHandler.java:handle(109)) - Created Pipeline RATIS THREE #id: "047813f1-5512-41d1-a33b-32b42e1c91c9"
uuid128 {
  mostSigBits: 322029300592296401
  leastSigBits: -6684693472452242999
}
.
2020-07-24 03:08:20,506 [Datanode State Machine Thread - 0] INFO  statemachine.DatanodeStateMachine (DatanodeStateMachine.java:lambda$startDaemon$0(397)) - Ozone container server started.
2020-07-24 03:08:20,942 [Command processor thread] WARN  impl.RaftServerProxy (RaftServerProxy.java:remove(95)) - 92be74e1-a445-481a-9270-f78b33ea1757: does not contain group: group-E75380DF8791
2020-07-24 03:08:20,942 [Command processor thread] ERROR commandhandler.ClosePipelineCommandHandler (ClosePipelineCommandHandler.java:handle(81)) - Can't close pipeline #id: "1a39bb56-9396-4cbe-a978-e75380df8791"
uuid128 {
  mostSigBits: 1889747499176316094
  leastSigBits: -6234979338264017007
}

java.io.IOException: 92be74e1-a445-481a-9270-f78b33ea1757: Group group-E75380DF8791 not found.
	at org.apache.hadoop.ozone.container.common.transport.server.ratis.XceiverServerRatis.removeGroup(XceiverServerRatis.java:740)
	at org.apache.hadoop.ozone.container.common.statemachine.commandhandler.ClosePipelineCommandHandler.handle(ClosePipelineCommandHandler.java:77)
	at org.apache.hadoop.ozone.container.common.statemachine.commandhandler.CommandDispatcher.handle(CommandDispatcher.java:99)
	at org.apache.hadoop.ozone.container.common.statemachine.DatanodeStateMachine.lambda$initCommandHandlerThread$1(DatanodeStateMachine.java:482)
	at java.lang.Thread.run(Thread.java:748)
Caused by: org.apache.ratis.protocol.GroupMismatchException: 92be74e1-a445-481a-9270-f78b33ea1757: Group group-E75380DF8791 not found.
	at org.apache.ratis.server.impl.RaftServerProxy.groupRemoveAsync(RaftServerProxy.java:414)
	at org.apache.ratis.server.impl.RaftServerProxy.groupManagementAsync(RaftServerProxy.java:372)
	at org.apache.ratis.server.impl.RaftServerProxy.groupManagement(RaftServerProxy.java:355)
	at org.apache.hadoop.ozone.container.common.transport.server.ratis.XceiverServerRatis.removeGroup(XceiverServerRatis.java:738)
	... 4 more
2020-07-24 03:08:22,065 [EventQueue-Delayed safe mode statusForReplicationManager] INFO  container.ReplicationManager (ReplicationManager.java:start(177)) - Starting Replication Monitor Thread.
2020-07-24 03:08:22,069 [ReplicationMonitor] INFO  container.ReplicationManager (ReplicationManager.java:forceCloseContainer(494)) - Force closing container #1 with BCSID 0, which is in QUASI_CLOSED state.
2020-07-24 03:08:22,070 [ReplicationMonitor] INFO  container.ReplicationManager (ReplicationManager.java:sendCloseCommand(783)) - Sending close container command for container #1 to datanode 92be74e1-a445-481a-9270-f78b33ea1757{ip: 172.17.0.2, host: bae25e63820f, networkLocation: /default-rack, certSerialId: null}.
2020-07-24 03:08:22,070 [ReplicationMonitor] INFO  container.ReplicationManager (ReplicationManager.java:sendCloseCommand(783)) - Sending close container command for container #1 to datanode 0b6ef10e-2f36-4e94-b43e-5e4c71f7d9dd{ip: 172.17.0.2, host: bae25e63820f, networkLocation: /default-rack, certSerialId: null}.
2020-07-24 03:08:22,071 [ReplicationMonitor] INFO  container.ReplicationManager (ReplicationManager.java:sendCloseCommand(783)) - Sending close container command for container #1 to datanode b2995f92-8b7c-4587-b52b-d4ed19f98a91{ip: 172.17.0.2, host: bae25e63820f, networkLocation: /default-rack, certSerialId: null}.
2020-07-24 03:08:22,071 [ReplicationMonitor] INFO  container.ReplicationManager (ReplicationManager.java:run(241)) - Replication Monitor Thread took 4 milliseconds for processing 1 containers.
2020-07-24 03:08:24,081 [Command processor thread] INFO  interfaces.Container (KeyValueContainer.java:flushAndSyncDB(382)) - Container 1 is synced with bcsId 0.
2020-07-24 03:08:24,081 [Command processor thread] INFO  interfaces.Container (KeyValueContainer.java:flushAndSyncDB(382)) - Container 1 is synced with bcsId 0.
2020-07-24 03:08:24,083 [Command processor thread] INFO  interfaces.Container (KeyValueContainer.java:close(320)) - Container 1 is closed with bcsId 0.
2020-07-24 03:08:24,084 [EventQueue-IncrementalContainerReportForIncrementalContainerReportHandler] INFO  container.IncrementalContainerReportHandler (AbstractContainerReportHandler.java:updateContainerState(197)) - Moving container #1 to CLOSED state, datanode b2995f92-8b7c-4587-b52b-d4ed19f98a91{ip: 172.17.0.2, host: bae25e63820f, networkLocation: /default-rack, certSerialId: null} reported CLOSED replica.
2020-07-24 03:08:24,103 [Command processor thread] INFO  interfaces.Container (KeyValueContainer.java:flushAndSyncDB(382)) - Container 1 is synced with bcsId 0.
2020-07-24 03:08:24,103 [Command processor thread] INFO  interfaces.Container (KeyValueContainer.java:flushAndSyncDB(382)) - Container 1 is synced with bcsId 0.
2020-07-24 03:08:24,105 [Command processor thread] INFO  interfaces.Container (KeyValueContainer.java:close(320)) - Container 1 is closed with bcsId 0.
2020-07-24 03:08:25,090 [Listener at 127.0.0.1/43665] INFO  ozoneimpl.OzoneContainer (OzoneContainer.java:stop(250)) - Attempting to stop container services.
2020-07-24 03:08:25,090 [Listener at 127.0.0.1/43665] INFO  impl.RaftServerProxy (RaftServerProxy.java:lambda$close$4(319)) - 54c6cd85-2842-44da-844c-41bdb0d83551: close
2020-07-24 03:08:25,090 [Listener at 127.0.0.1/43665] INFO  impl.RaftServerImpl (RaftServerImpl.java:lambda$shutdown$3(263)) - 54c6cd85-2842-44da-844c-41bdb0d83551@group-C6D6CFF30BED: shutdown
2020-07-24 03:08:25,091 [Listener at 127.0.0.1/43665] INFO  util.JmxRegister (JmxRegister.java:unregister(73)) - Successfully un-registered JMX Bean with object name Ratis:service=RaftServer,group=group-C6D6CFF30BED,id=54c6cd85-2842-44da-844c-41bdb0d83551
2020-07-24 03:08:25,091 [Listener at 127.0.0.1/43665] INFO  impl.RoleInfo (RoleInfo.java:shutdownFollowerState(121)) - 54c6cd85-2842-44da-844c-41bdb0d83551: shutdown FollowerState
2020-07-24 03:08:25,091 [Listener at 127.0.0.1/43665] INFO  impl.StateMachineUpdater (StateMachineUpdater.java:stopAndJoin(142)) - 54c6cd85-2842-44da-844c-41bdb0d83551@group-C6D6CFF30BED-StateMachineUpdater: set stopIndex = 0
2020-07-24 03:08:25,091 [Thread-1344] INFO  impl.FollowerState (FollowerState.java:run(117)) - 54c6cd85-2842-44da-844c-41bdb0d83551@group-C6D6CFF30BED-FollowerState was interrupted: java.lang.InterruptedException: sleep interrupted
2020-07-24 03:08:25,091 [54c6cd85-2842-44da-844c-41bdb0d83551@group-C6D6CFF30BED-StateMachineUpdater] INFO  ratis.ContainerStateMachine (ContainerStateMachine.java:takeSnapshot(293)) - group-C6D6CFF30BED: Taking a snapshot at:(t:1, i:0) file /github/workspace/mnt/ozone/hadoop-ozone/integration-test/target/test-dir/MiniOzoneClusterImpl-7a66fb8e-ad0e-46df-b237-2ffa69f4ef17/datanode-4/data/ratis/7764634a-aeed-42a8-868f-c6d6cff30bed/sm/snapshot.1_0
2020-07-24 03:08:25,092 [ForkJoinPool.commonPool-worker-0] INFO  ozoneimpl.OzoneContainer (OzoneContainer.java:stop(250)) - Attempting to stop container services.
2020-07-24 03:08:25,092 [ForkJoinPool.commonPool-worker-0] INFO  impl.RaftServerProxy (RaftServerProxy.java:lambda$close$4(319)) - 0b6ef10e-2f36-4e94-b43e-5e4c71f7d9dd: close
2020-07-24 03:08:25,092 [ForkJoinPool.commonPool-worker-0] INFO  impl.RaftServerImpl (RaftServerImpl.java:lambda$shutdown$3(263)) - 0b6ef10e-2f36-4e94-b43e-5e4c71f7d9dd@group-32B42E1C91C9: shutdown
2020-07-24 03:08:25,092 [ForkJoinPool.commonPool-worker-0] INFO  util.JmxRegister (JmxRegister.java:unregister(73)) - Successfully un-registered JMX Bean with object name Ratis:service=RaftServer,group=group-32B42E1C91C9,id=0b6ef10e-2f36-4e94-b43e-5e4c71f7d9dd
2020-07-24 03:08:25,092 [ForkJoinPool.commonPool-worker-0] INFO  impl.RoleInfo (RoleInfo.java:shutdownFollowerState(121)) - 0b6ef10e-2f36-4e94-b43e-5e4c71f7d9dd: shutdown FollowerState
2020-07-24 03:08:25,092 [ForkJoinPool.commonPool-worker-0] INFO  impl.StateMachineUpdater (StateMachineUpdater.java:stopAndJoin(142)) - 0b6ef10e-2f36-4e94-b43e-5e4c71f7d9dd@group-32B42E1C91C9-StateMachineUpdater: set stopIndex = -1
2020-07-24 03:08:25,093 [Thread-1396] INFO  impl.FollowerState (FollowerState.java:run(117)) - 0b6ef10e-2f36-4e94-b43e-5e4c71f7d9dd@group-32B42E1C91C9-FollowerState was interrupted: java.lang.InterruptedException: sleep interrupted
2020-07-24 03:08:25,093 [0b6ef10e-2f36-4e94-b43e-5e4c71f7d9dd@group-32B42E1C91C9-StateMachineUpdater] INFO  metrics.RatisMetrics (RatisMetrics.java:unregister(43)) - Unregistering Metrics Registry : ratis.state_machine.0b6ef10e-2f36-4e94-b43e-5e4c71f7d9dd@group-32B42E1C91C9
2020-07-24 03:08:25,093 [54c6cd85-2842-44da-844c-41bdb0d83551@group-C6D6CFF30BED-StateMachineUpdater] INFO  ratis.ContainerStateMachine (ContainerStateMachine.java:takeSnapshot(304)) - group-C6D6CFF30BED: Finished taking a snapshot at:(t:1, i:0) file:/github/workspace/mnt/ozone/hadoop-ozone/integration-test/target/test-dir/MiniOzoneClusterImpl-7a66fb8e-ad0e-46df-b237-2ffa69f4ef17/datanode-4/data/ratis/7764634a-aeed-42a8-868f-c6d6cff30bed/sm/snapshot.1_0 time:2
2020-07-24 03:08:25,093 [54c6cd85-2842-44da-844c-41bdb0d83551@group-C6D6CFF30BED-StateMachineUpdater] INFO  impl.StateMachineUpdater (StateMachineUpdater.java:takeSnapshot(277)) - 54c6cd85-2842-44da-844c-41bdb0d83551@group-C6D6CFF30BED-StateMachineUpdater: Took a snapshot at index 0
2020-07-24 03:08:25,093 [54c6cd85-2842-44da-844c-41bdb0d83551@group-C6D6CFF30BED-StateMachineUpdater] INFO  impl.StateMachineUpdater (StateMachineUpdater.java:lambda$new$0(87)) - 54c6cd85-2842-44da-844c-41bdb0d83551@group-C6D6CFF30BED-StateMachineUpdater: snapshotIndex: updateIncreasingly -1 -> 0
2020-07-24 03:08:25,093 [54c6cd85-2842-44da-844c-41bdb0d83551@group-C6D6CFF30BED-StateMachineUpdater] INFO  metrics.RatisMetrics (RatisMetrics.java:unregister(43)) - Unregistering Metrics Registry : ratis.state_machine.54c6cd85-2842-44da-844c-41bdb0d83551@group-C6D6CFF30BED
2020-07-24 03:08:25,094 [ForkJoinPool.commonPool-worker-0] INFO  impl.RaftServerImpl (ServerState.java:close(387)) - 0b6ef10e-2f36-4e94-b43e-5e4c71f7d9dd@group-32B42E1C91C9: closes. applyIndex: -1
2020-07-24 03:08:25,094 [0b6ef10e-2f36-4e94-b43e-5e4c71f7d9dd@group-32B42E1C91C9-SegmentedRaftLogWorker] INFO  segmented.SegmentedRaftLogWorker (SegmentedRaftLogWorker.java:run(327)) - 0b6ef10e-2f36-4e94-b43e-5e4c71f7d9dd@group-32B42E1C91C9-SegmentedRaftLogWorker was interrupted, exiting. There are 0 tasks remaining in the queue.
2020-07-24 03:08:25,094 [ForkJoinPool.commonPool-worker-0] INFO  segmented.SegmentedRaftLogWorker (SegmentedRaftLogWorker.java:close(234)) - 0b6ef10e-2f36-4e94-b43e-5e4c71f7d9dd@group-32B42E1C91C9-SegmentedRaftLogWorker close()
2020-07-24 03:08:25,094 [Listener at 127.0.0.1/43665] INFO  impl.RaftServerImpl (ServerState.java:close(387)) - 54c6cd85-2842-44da-844c-41bdb0d83551@group-C6D6CFF30BED: closes. applyIndex: 0
2020-07-24 03:08:25,096 [ForkJoinPool.commonPool-worker-0] INFO  metrics.RatisMetrics (RatisMetrics.java:unregister(43)) - Unregistering Metrics Registry : ratis.log_worker.0b6ef10e-2f36-4e94-b43e-5e4c71f7d9dd@group-32B42E1C91C9
2020-07-24 03:08:25,096 [54c6cd85-2842-44da-844c-41bdb0d83551@group-C6D6CFF30BED-SegmentedRaftLogWorker] INFO  segmented.SegmentedRaftLogWorker (SegmentedRaftLogWorker.java:run(327)) - 54c6cd85-2842-44da-844c-41bdb0d83551@group-C6D6CFF30BED-SegmentedRaftLogWorker was interrupted, exiting. There are 0 tasks remaining in the queue.
2020-07-24 03:08:25,096 [ForkJoinPool.commonPool-worker-0] INFO  metrics.RatisMetrics (RatisMetrics.java:unregister(43)) - Unregistering Metrics Registry : ratis.leader_election.0b6ef10e-2f36-4e94-b43e-5e4c71f7d9dd@group-32B42E1C91C9
2020-07-24 03:08:25,096 [ForkJoinPool.commonPool-worker-0] INFO  metrics.RatisMetrics (RatisMetrics.java:unregister(43)) - Unregistering Metrics Registry : ratis.server.0b6ef10e-2f36-4e94-b43e-5e4c71f7d9dd@group-32B42E1C91C9
2020-07-24 03:08:25,097 [ForkJoinPool.commonPool-worker-0] INFO  impl.RaftServerImpl (RaftServerImpl.java:lambda$shutdown$3(263)) - 0b6ef10e-2f36-4e94-b43e-5e4c71f7d9dd@group-634F067C350E: shutdown
2020-07-24 03:08:25,097 [ForkJoinPool.commonPool-worker-0] INFO  util.JmxRegister (JmxRegister.java:unregister(73)) - Successfully un-registered JMX Bean with object name Ratis:service=RaftServer,group=group-634F067C350E,id=0b6ef10e-2f36-4e94-b43e-5e4c71f7d9dd
2020-07-24 03:08:25,097 [ForkJoinPool.commonPool-worker-0] INFO  impl.RoleInfo (RoleInfo.java:shutdownLeaderState(104)) - 0b6ef10e-2f36-4e94-b43e-5e4c71f7d9dd: shutdown LeaderState
2020-07-24 03:08:25,097 [ForkJoinPool.commonPool-worker-0] INFO  impl.PendingRequests (PendingRequests.java:sendNotLeaderResponses(249)) - 0b6ef10e-2f36-4e94-b43e-5e4c71f7d9dd@group-634F067C350E-PendingRequests: sendNotLeaderResponses
2020-07-24 03:08:25,097 [ForkJoinPool.commonPool-worker-0] INFO  metrics.RatisMetrics (RatisMetrics.java:unregister(43)) - Unregistering Metrics Registry : ratis.log_appender.0b6ef10e-2f36-4e94-b43e-5e4c71f7d9dd@group-634F067C350E
2020-07-24 03:08:25,097 [ForkJoinPool.commonPool-worker-0] INFO  metrics.RatisMetrics (RatisMetrics.java:unregister(43)) - Unregistering Metrics Registry : ratis.server.0b6ef10e-2f36-4e94-b43e-5e4c71f7d9dd@group-634F067C350E
2020-07-24 03:08:25,098 [ForkJoinPool.commonPool-worker-0] INFO  impl.StateMachineUpdater (StateMachineUpdater.java:stopAndJoin(142)) - 0b6ef10e-2f36-4e94-b43e-5e4c71f7d9dd@group-634F067C350E-StateMachineUpdater: set stopIndex = 0
2020-07-24 03:08:25,099 [0b6ef10e-2f36-4e94-b43e-5e4c71f7d9dd@group-634F067C350E-StateMachineUpdater] INFO  ratis.ContainerStateMachine (ContainerStateMachine.java:takeSnapshot(293)) - group-634F067C350E: Taking a snapshot at:(t:1, i:0) file /github/workspace/mnt/ozone/hadoop-ozone/integration-test/target/test-dir/MiniOzoneClusterImpl-7a66fb8e-ad0e-46df-b237-2ffa69f4ef17/datanode-2/data/ratis/98d5f80e-ce4a-49fc-b1ae-634f067c350e/sm/snapshot.1_0
2020-07-24 03:08:25,099 [Listener at 127.0.0.1/43665] INFO  segmented.SegmentedRaftLogWorker (SegmentedRaftLogWorker.java:close(234)) - 54c6cd85-2842-44da-844c-41bdb0d83551@group-C6D6CFF30BED-SegmentedRaftLogWorker close()
2020-07-24 03:08:25,099 [0b6ef10e-2f36-4e94-b43e-5e4c71f7d9dd@group-634F067C350E-StateMachineUpdater] INFO  ratis.ContainerStateMachine (ContainerStateMachine.java:takeSnapshot(304)) - group-634F067C350E: Finished taking a snapshot at:(t:1, i:0) file:/github/workspace/mnt/ozone/hadoop-ozone/integration-test/target/test-dir/MiniOzoneClusterImpl-7a66fb8e-ad0e-46df-b237-2ffa69f4ef17/datanode-2/data/ratis/98d5f80e-ce4a-49fc-b1ae-634f067c350e/sm/snapshot.1_0 time:0
2020-07-24 03:08:25,099 [0b6ef10e-2f36-4e94-b43e-5e4c71f7d9dd@group-634F067C350E-StateMachineUpdater] INFO  impl.StateMachineUpdater (StateMachineUpdater.java:takeSnapshot(277)) - 0b6ef10e-2f36-4e94-b43e-5e4c71f7d9dd@group-634F067C350E-StateMachineUpdater: Took a snapshot at index 0
2020-07-24 03:08:25,100 [0b6ef10e-2f36-4e94-b43e-5e4c71f7d9dd@group-634F067C350E-StateMachineUpdater] INFO  impl.StateMachineUpdater (StateMachineUpdater.java:lambda$new$0(87)) - 0b6ef10e-2f36-4e94-b43e-5e4c71f7d9dd@group-634F067C350E-StateMachineUpdater: snapshotIndex: updateIncreasingly -1 -> 0
2020-07-24 03:08:25,100 [0b6ef10e-2f36-4e94-b43e-5e4c71f7d9dd@group-634F067C350E-StateMachineUpdater] INFO  metrics.RatisMetrics (RatisMetrics.java:unregister(43)) - Unregistering Metrics Registry : ratis.state_machine.0b6ef10e-2f36-4e94-b43e-5e4c71f7d9dd@group-634F067C350E
2020-07-24 03:08:25,100 [ForkJoinPool.commonPool-worker-0] INFO  impl.RaftServerImpl (ServerState.java:close(387)) - 0b6ef10e-2f36-4e94-b43e-5e4c71f7d9dd@group-634F067C350E: closes. applyIndex: 0
2020-07-24 03:08:25,101 [0b6ef10e-2f36-4e94-b43e-5e4c71f7d9dd@group-634F067C350E-SegmentedRaftLogWorker] INFO  segmented.SegmentedRaftLogWorker (SegmentedRaftLogWorker.java:run(327)) - 0b6ef10e-2f36-4e94-b43e-5e4c71f7d9dd@group-634F067C350E-SegmentedRaftLogWorker was interrupted, exiting. There are 0 tasks remaining in the queue.
2020-07-24 03:08:25,102 [Listener at 127.0.0.1/43665] INFO  metrics.RatisMetrics (RatisMetrics.java:unregister(43)) - Unregistering Metrics Registry : ratis.log_worker.54c6cd85-2842-44da-844c-41bdb0d83551@group-C6D6CFF30BED
2020-07-24 03:08:25,102 [ForkJoinPool.commonPool-worker-0] INFO  segmented.SegmentedRaftLogWorker (SegmentedRaftLogWorker.java:close(234)) - 0b6ef10e-2f36-4e94-b43e-5e4c71f7d9dd@group-634F067C350E-SegmentedRaftLogWorker close()
2020-07-24 03:08:25,102 [Listener at 127.0.0.1/43665] INFO  metrics.RatisMetrics (RatisMetrics.java:unregister(43)) - Unregistering Metrics Registry : ratis.leader_election.54c6cd85-2842-44da-844c-41bdb0d83551@group-C6D6CFF30BED
2020-07-24 03:08:25,102 [Listener at 127.0.0.1/43665] INFO  metrics.RatisMetrics (RatisMetrics.java:unregister(43)) - Unregistering Metrics Registry : ratis.server.54c6cd85-2842-44da-844c-41bdb0d83551@group-C6D6CFF30BED
2020-07-24 03:08:25,103 [Listener at 127.0.0.1/43665] INFO  impl.RaftServerImpl (RaftServerImpl.java:lambda$shutdown$3(263)) - 54c6cd85-2842-44da-844c-41bdb0d83551@group-221D6BE8F61D: shutdown
2020-07-24 03:08:25,103 [Listener at 127.0.0.1/43665] INFO  util.JmxRegister (JmxRegister.java:unregister(73)) - Successfully un-registered JMX Bean with object name Ratis:service=RaftServer,group=group-221D6BE8F61D,id=54c6cd85-2842-44da-844c-41bdb0d83551
2020-07-24 03:08:25,103 [Listener at 127.0.0.1/43665] INFO  impl.RoleInfo (RoleInfo.java:shutdownLeaderState(104)) - 54c6cd85-2842-44da-844c-41bdb0d83551: shutdown LeaderState
2020-07-24 03:08:25,103 [Listener at 127.0.0.1/43665] INFO  impl.PendingRequests (PendingRequests.java:sendNotLeaderResponses(249)) - 54c6cd85-2842-44da-844c-41bdb0d83551@group-221D6BE8F61D-PendingRequests: sendNotLeaderResponses
2020-07-24 03:08:25,103 [Listener at 127.0.0.1/43665] INFO  metrics.RatisMetrics (RatisMetrics.java:unregister(43)) - Unregistering Metrics Registry : ratis.log_appender.54c6cd85-2842-44da-844c-41bdb0d83551@group-221D6BE8F61D
2020-07-24 03:08:25,104 [Listener at 127.0.0.1/43665] INFO  metrics.RatisMetrics (RatisMetrics.java:unregister(43)) - Unregistering Metrics Registry : ratis.server.54c6cd85-2842-44da-844c-41bdb0d83551@group-221D6BE8F61D
2020-07-24 03:08:25,107 [54c6cd85-2842-44da-844c-41bdb0d83551@group-221D6BE8F61D-StateMachineUpdater] INFO  ratis.ContainerStateMachine (ContainerStateMachine.java:takeSnapshot(293)) - group-221D6BE8F61D: Taking a snapshot at:(t:1, i:0) file /github/workspace/mnt/ozone/hadoop-ozone/integration-test/target/test-dir/MiniOzoneClusterImpl-7a66fb8e-ad0e-46df-b237-2ffa69f4ef17/datanode-4/data/ratis/ac6a87b7-7498-425e-883d-221d6be8f61d/sm/snapshot.1_0
2020-07-24 03:08:25,108 [ForkJoinPool.commonPool-worker-0] INFO  metrics.RatisMetrics (RatisMetrics.java:unregister(43)) - Unregistering Metrics Registry : ratis.log_worker.0b6ef10e-2f36-4e94-b43e-5e4c71f7d9dd@group-634F067C350E
2020-07-24 03:08:25,108 [ForkJoinPool.commonPool-worker-0] INFO  metrics.RatisMetrics (RatisMetrics.java:unregister(43)) - Unregistering Metrics Registry : ratis.leader_election.0b6ef10e-2f36-4e94-b43e-5e4c71f7d9dd@group-634F067C350E
2020-07-24 03:08:25,108 [ForkJoinPool.commonPool-worker-0] INFO  metrics.RatisMetrics (RatisMetrics.java:unregister(43)) - Unregistering Metrics Registry : ratis.server.0b6ef10e-2f36-4e94-b43e-5e4c71f7d9dd@group-634F067C350E
2020-07-24 03:08:25,108 [54c6cd85-2842-44da-844c-41bdb0d83551@group-221D6BE8F61D-StateMachineUpdater] INFO  ratis.ContainerStateMachine (ContainerStateMachine.java:takeSnapshot(304)) - group-221D6BE8F61D: Finished taking a snapshot at:(t:1, i:0) file:/github/workspace/mnt/ozone/hadoop-ozone/integration-test/target/test-dir/MiniOzoneClusterImpl-7a66fb8e-ad0e-46df-b237-2ffa69f4ef17/datanode-4/data/ratis/ac6a87b7-7498-425e-883d-221d6be8f61d/sm/snapshot.1_0 time:1
2020-07-24 03:08:25,108 [ForkJoinPool.commonPool-worker-0] INFO  server.GrpcService (GrpcService.java:closeImpl(166)) - 0b6ef10e-2f36-4e94-b43e-5e4c71f7d9dd: shutdown server with port 36165 now
2020-07-24 03:08:25,108 [Listener at 127.0.0.1/43665] INFO  impl.StateMachineUpdater (StateMachineUpdater.java:stopAndJoin(142)) - 54c6cd85-2842-44da-844c-41bdb0d83551@group-221D6BE8F61D-StateMachineUpdater: set stopIndex = 0
2020-07-24 03:08:25,108 [54c6cd85-2842-44da-844c-41bdb0d83551@group-221D6BE8F61D-StateMachineUpdater] INFO  impl.StateMachineUpdater (StateMachineUpdater.java:takeSnapshot(277)) - 54c6cd85-2842-44da-844c-41bdb0d83551@group-221D6BE8F61D-StateMachineUpdater: Took a snapshot at index 0
2020-07-24 03:08:25,110 [54c6cd85-2842-44da-844c-41bdb0d83551@group-221D6BE8F61D-StateMachineUpdater] INFO  impl.StateMachineUpdater (StateMachineUpdater.java:lambda$new$0(87)) - 54c6cd85-2842-44da-844c-41bdb0d83551@group-221D6BE8F61D-StateMachineUpdater: snapshotIndex: updateIncreasingly -1 -> 0
2020-07-24 03:08:25,110 [54c6cd85-2842-44da-844c-41bdb0d83551@group-221D6BE8F61D-StateMachineUpdater] INFO  metrics.RatisMetrics (RatisMetrics.java:unregister(43)) - Unregistering Metrics Registry : ratis.state_machine.54c6cd85-2842-44da-844c-41bdb0d83551@group-221D6BE8F61D
2020-07-24 03:08:25,110 [ForkJoinPool.commonPool-worker-0] INFO  server.GrpcService (GrpcService.java:closeImpl(174)) - 0b6ef10e-2f36-4e94-b43e-5e4c71f7d9dd: shutdown server with port 36165 successfully
2020-07-24 03:08:25,110 [Listener at 127.0.0.1/43665] INFO  impl.RaftServerImpl (ServerState.java:close(387)) - 54c6cd85-2842-44da-844c-41bdb0d83551@group-221D6BE8F61D: closes. applyIndex: 0
2020-07-24 03:08:25,111 [54c6cd85-2842-44da-844c-41bdb0d83551@group-221D6BE8F61D-SegmentedRaftLogWorker] INFO  segmented.SegmentedRaftLogWorker (SegmentedRaftLogWorker.java:run(327)) - 54c6cd85-2842-44da-844c-41bdb0d83551@group-221D6BE8F61D-SegmentedRaftLogWorker was interrupted, exiting. There are 0 tasks remaining in the queue.
2020-07-24 03:08:25,112 [Listener at 127.0.0.1/43665] INFO  segmented.SegmentedRaftLogWorker (SegmentedRaftLogWorker.java:close(234)) - 54c6cd85-2842-44da-844c-41bdb0d83551@group-221D6BE8F61D-SegmentedRaftLogWorker close()
2020-07-24 03:08:25,114 [Listener at 127.0.0.1/43665] INFO  metrics.RatisMetrics (RatisMetrics.java:unregister(43)) - Unregistering Metrics Registry : ratis.log_worker.54c6cd85-2842-44da-844c-41bdb0d83551@group-221D6BE8F61D
2020-07-24 03:08:25,114 [ForkJoinPool.commonPool-worker-0] INFO  utils.BackgroundService (BackgroundService.java:shutdown(157)) - Shutting down service BlockDeletingService
2020-07-24 03:08:25,115 [Listener at 127.0.0.1/43665] INFO  metrics.RatisMetrics (RatisMetrics.java:unregister(43)) - Unregistering Metrics Registry : ratis.leader_election.54c6cd85-2842-44da-844c-41bdb0d83551@group-221D6BE8F61D
2020-07-24 03:08:25,115 [Listener at 127.0.0.1/43665] INFO  metrics.RatisMetrics (RatisMetrics.java:unregister(43)) - Unregistering Metrics Registry : ratis.server.54c6cd85-2842-44da-844c-41bdb0d83551@group-221D6BE8F61D
2020-07-24 03:08:25,115 [Listener at 127.0.0.1/43665] INFO  server.GrpcService (GrpcService.java:closeImpl(166)) - 54c6cd85-2842-44da-844c-41bdb0d83551: shutdown server with port 36693 now
2020-07-24 03:08:25,117 [grpc-default-executor-1] WARN  server.GrpcServerProtocolService (LogUtils.java:warn(122)) - 54c6cd85-2842-44da-844c-41bdb0d83551: installSnapshot onError, lastRequest: ec8340d6-a662-4952-84a8-2c663fc0262a->54c6cd85-2842-44da-844c-41bdb0d83551#1-t1, previous=(t:0, i:0), leaderCommit=-1, initializing? false, entries: size=1, first=(t:1, i:0), CONFIGURATIONENTRY: org.apache.ratis.thirdparty.io.grpc.StatusRuntimeException: CANCELLED: cancelled before receiving half close
2020-07-24 03:08:25,118 [grpc-default-executor-6] WARN  server.GrpcLogAppender (LogUtils.java:warn(122)) - ec8340d6-a662-4952-84a8-2c663fc0262a@group-C6D6CFF30BED->54c6cd85-2842-44da-844c-41bdb0d83551-AppendLogResponseHandler: Failed appendEntries: org.apache.ratis.thirdparty.io.grpc.StatusRuntimeException: CANCELLED: HTTP/2 error code: CANCEL
Received Rst Stream
2020-07-24 03:08:25,119 [Listener at 127.0.0.1/43665] INFO  server.GrpcService (GrpcService.java:closeImpl(174)) - 54c6cd85-2842-44da-844c-41bdb0d83551: shutdown server with port 36693 successfully
2020-07-24 03:08:25,120 [grpc-default-executor-6] INFO  impl.FollowerInfo (FollowerInfo.java:lambda$new$0(51)) - ec8340d6-a662-4952-84a8-2c663fc0262a@group-C6D6CFF30BED->54c6cd85-2842-44da-844c-41bdb0d83551: nextIndex: updateUnconditionally 1 -> 0
2020-07-24 03:08:25,121 [ForkJoinPool.commonPool-worker-0] INFO  statemachine.DatanodeStateMachine (DatanodeStateMachine.java:stopDaemon(445)) - Ozone container server stopped.
2020-07-24 03:08:25,121 [Listener at 127.0.0.1/43665] INFO  utils.BackgroundService (BackgroundService.java:shutdown(157)) - Shutting down service BlockDeletingService
2020-07-24 03:08:25,135 [ForkJoinPool.commonPool-worker-0] INFO  handler.ContextHandler (ContextHandler.java:doStop(1016)) - Stopped o.e.j.w.WebAppContext@46f7fc28{hddsDatanode,/,null,UNAVAILABLE}{jar:file:/home/user/.m2/repository/org/apache/hadoop/hadoop-hdds-container-service/0.6.0-SNAPSHOT/hadoop-hdds-container-service-0.6.0-SNAPSHOT.jar!/webapps/hddsDatanode}
2020-07-24 03:08:25,137 [Listener at 127.0.0.1/43665] INFO  statemachine.DatanodeStateMachine (DatanodeStateMachine.java:stopDaemon(445)) - Ozone container server stopped.
2020-07-24 03:08:25,137 [ForkJoinPool.commonPool-worker-0] INFO  server.AbstractConnector (AbstractConnector.java:doStop(380)) - Stopped ServerConnector@3777e395{HTTP/1.1,[http/1.1]}{0.0.0.0:0}
2020-07-24 03:08:25,137 [ForkJoinPool.commonPool-worker-0] INFO  server.session (HouseKeeper.java:stopScavenging(158)) - node0 Stopped scavenging
2020-07-24 03:08:25,138 [ForkJoinPool.commonPool-worker-0] INFO  handler.ContextHandler (ContextHandler.java:doStop(1016)) - Stopped o.e.j.s.ServletContextHandler@65a124a{static,/static,jar:file:/home/user/.m2/repository/org/apache/hadoop/hadoop-hdds-container-service/0.6.0-SNAPSHOT/hadoop-hdds-container-service-0.6.0-SNAPSHOT.jar!/webapps/static,UNAVAILABLE}
2020-07-24 03:08:25,139 [ForkJoinPool.commonPool-worker-0] INFO  handler.ContextHandler (ContextHandler.java:doStop(1016)) - Stopped o.e.j.s.ServletContextHandler@4af3cacb{logs,/logs,file:///github/workspace/mnt/ozone/hadoop-ozone/integration-test/target/log,UNAVAILABLE}
2020-07-24 03:08:25,147 [Listener at 127.0.0.1/43665] INFO  handler.ContextHandler (ContextHandler.java:doStop(1016)) - Stopped o.e.j.w.WebAppContext@44b5a87a{hddsDatanode,/,null,UNAVAILABLE}{jar:file:/home/user/.m2/repository/org/apache/hadoop/hadoop-hdds-container-service/0.6.0-SNAPSHOT/hadoop-hdds-container-service-0.6.0-SNAPSHOT.jar!/webapps/hddsDatanode}
2020-07-24 03:08:25,147 [Listener at 127.0.0.1/43665] INFO  server.AbstractConnector (AbstractConnector.java:doStop(380)) - Stopped ServerConnector@1b53e1ae{HTTP/1.1,[http/1.1]}{0.0.0.0:0}
2020-07-24 03:08:25,148 [Listener at 127.0.0.1/43665] INFO  server.session (HouseKeeper.java:stopScavenging(158)) - node0 Stopped scavenging
2020-07-24 03:08:25,148 [Listener at 127.0.0.1/43665] INFO  handler.ContextHandler (ContextHandler.java:doStop(1016)) - Stopped o.e.j.s.ServletContextHandler@758a3ba0{static,/static,jar:file:/home/user/.m2/repository/org/apache/hadoop/hadoop-hdds-container-service/0.6.0-SNAPSHOT/hadoop-hdds-container-service-0.6.0-SNAPSHOT.jar!/webapps/static,UNAVAILABLE}
2020-07-24 03:08:25,149 [Listener at 127.0.0.1/43665] INFO  handler.ContextHandler (ContextHandler.java:doStop(1016)) - Stopped o.e.j.s.ServletContextHandler@42343f6d{logs,/logs,file:///github/workspace/mnt/ozone/hadoop-ozone/integration-test/target/log,UNAVAILABLE}
2020-07-24 03:08:25,204 [Thread-1393] INFO  impl.FollowerState (FollowerState.java:run(108)) - 92be74e1-a445-481a-9270-f78b33ea1757@group-32B42E1C91C9-FollowerState: change to CANDIDATE, lastRpcTime:5092ms, electionTimeout:5089ms
2020-07-24 03:08:25,204 [Thread-1393] INFO  impl.RoleInfo (RoleInfo.java:shutdownFollowerState(121)) - 92be74e1-a445-481a-9270-f78b33ea1757: shutdown FollowerState
2020-07-24 03:08:25,204 [Thread-1393] INFO  impl.RaftServerImpl (RaftServerImpl.java:setRole(185)) - 92be74e1-a445-481a-9270-f78b33ea1757@group-32B42E1C91C9: changes role from  FOLLOWER to CANDIDATE at term 0 for changeToCandidate
2020-07-24 03:08:25,204 [Thread-1393] INFO  impl.RoleInfo (RoleInfo.java:updateAndGet(143)) - 92be74e1-a445-481a-9270-f78b33ea1757: start LeaderElection
2020-07-24 03:08:25,207 [92be74e1-a445-481a-9270-f78b33ea1757@group-32B42E1C91C9-LeaderElection49] INFO  impl.LeaderElection (LeaderElection.java:askForVotes(209)) - 92be74e1-a445-481a-9270-f78b33ea1757@group-32B42E1C91C9-LeaderElection49: begin an election at term 1 for -1: [92be74e1-a445-481a-9270-f78b33ea1757:172.17.0.2:42635, 0b6ef10e-2f36-4e94-b43e-5e4c71f7d9dd:172.17.0.2:36165, b2995f92-8b7c-4587-b52b-d4ed19f98a91:172.17.0.2:36971], old=null
2020-07-24 03:08:25,211 [92be74e1-a445-481a-9270-f78b33ea1757@group-32B42E1C91C9-LeaderElection49] INFO  impl.LeaderElection (LogUtils.java:infoOrTrace(137)) - 92be74e1-a445-481a-9270-f78b33ea1757@group-32B42E1C91C9-LeaderElection49 got exception when requesting votes: java.util.concurrent.ExecutionException: org.apache.ratis.thirdparty.io.grpc.StatusRuntimeException: UNAVAILABLE: io exception
2020-07-24 03:08:25,214 [grpc-default-executor-6] INFO  impl.RaftServerImpl (RaftServerImpl.java:setRole(185)) - b2995f92-8b7c-4587-b52b-d4ed19f98a91@group-32B42E1C91C9: changes role from  FOLLOWER to FOLLOWER at term 1 for recognizeCandidate:92be74e1-a445-481a-9270-f78b33ea1757
2020-07-24 03:08:25,214 [grpc-default-executor-6] INFO  impl.RoleInfo (RoleInfo.java:shutdownFollowerState(121)) - b2995f92-8b7c-4587-b52b-d4ed19f98a91: shutdown FollowerState
2020-07-24 03:08:25,214 [grpc-default-executor-6] INFO  impl.RoleInfo (RoleInfo.java:updateAndGet(143)) - b2995f92-8b7c-4587-b52b-d4ed19f98a91: start FollowerState
2020-07-24 03:08:25,214 [Thread-1391] INFO  impl.FollowerState (FollowerState.java:run(117)) - b2995f92-8b7c-4587-b52b-d4ed19f98a91@group-32B42E1C91C9-FollowerState was interrupted: java.lang.InterruptedException: sleep interrupted
2020-07-24 03:08:25,227 [92be74e1-a445-481a-9270-f78b33ea1757@group-32B42E1C91C9-LeaderElection49] INFO  impl.LeaderElection (LeaderElection.java:logAndReturn(61)) - 92be74e1-a445-481a-9270-f78b33ea1757@group-32B42E1C91C9-LeaderElection49: Election PASSED; received 1 response(s) [92be74e1-a445-481a-9270-f78b33ea1757<-b2995f92-8b7c-4587-b52b-d4ed19f98a91#0:OK-t1] and 1 exception(s); 92be74e1-a445-481a-9270-f78b33ea1757@group-32B42E1C91C9:t1, leader=null, voted=92be74e1-a445-481a-9270-f78b33ea1757, raftlog=92be74e1-a445-481a-9270-f78b33ea1757@group-32B42E1C91C9-SegmentedRaftLog:OPENED:c-1,f-1,i0, conf=-1: [92be74e1-a445-481a-9270-f78b33ea1757:172.17.0.2:42635, 0b6ef10e-2f36-4e94-b43e-5e4c71f7d9dd:172.17.0.2:36165, b2995f92-8b7c-4587-b52b-d4ed19f98a91:172.17.0.2:36971], old=null
2020-07-24 03:08:25,227 [92be74e1-a445-481a-9270-f78b33ea1757@group-32B42E1C91C9-LeaderElection49] INFO  impl.LeaderElection (LogUtils.java:infoOrTrace(137)) -   Exception 0: java.util.concurrent.ExecutionException: org.apache.ratis.thirdparty.io.grpc.StatusRuntimeException: UNAVAILABLE: io exception
2020-07-24 03:08:25,227 [92be74e1-a445-481a-9270-f78b33ea1757@group-32B42E1C91C9-LeaderElection49] INFO  impl.RoleInfo (RoleInfo.java:shutdownLeaderElection(134)) - 92be74e1-a445-481a-9270-f78b33ea1757: shutdown LeaderElection
2020-07-24 03:08:25,227 [92be74e1-a445-481a-9270-f78b33ea1757@group-32B42E1C91C9-LeaderElection49] INFO  impl.RaftServerImpl (RaftServerImpl.java:setRole(185)) - 92be74e1-a445-481a-9270-f78b33ea1757@group-32B42E1C91C9: changes role from CANDIDATE to LEADER at term 1 for changeToLeader
2020-07-24 03:08:25,227 [92be74e1-a445-481a-9270-f78b33ea1757@group-32B42E1C91C9-LeaderElection49] INFO  ratis.XceiverServerRatis (XceiverServerRatis.java:handleLeaderChangedNotification(820)) - Leader change notification received for group: group-32B42E1C91C9 with new leaderId: 92be74e1-a445-481a-9270-f78b33ea1757
2020-07-24 03:08:25,228 [92be74e1-a445-481a-9270-f78b33ea1757@group-32B42E1C91C9-LeaderElection49] INFO  impl.RaftServerImpl (ServerState.java:setLeader(255)) - 92be74e1-a445-481a-9270-f78b33ea1757@group-32B42E1C91C9: change Leader from null to 92be74e1-a445-481a-9270-f78b33ea1757 at term 1 for becomeLeader, leader elected after 5124ms
2020-07-24 03:08:25,228 [92be74e1-a445-481a-9270-f78b33ea1757@group-32B42E1C91C9-LeaderElection49] INFO  server.RaftServerConfigKeys (ConfUtils.java:logGet(44)) - raft.server.staging.catchup.gap = 1000 (default)
2020-07-24 03:08:25,228 [92be74e1-a445-481a-9270-f78b33ea1757@group-32B42E1C91C9-LeaderElection49] INFO  server.RaftServerConfigKeys (ConfUtils.java:logGet(44)) - raft.server.rpc.sleep.time = 25ms (default)
2020-07-24 03:08:25,228 [92be74e1-a445-481a-9270-f78b33ea1757@group-32B42E1C91C9-LeaderElection49] INFO  metrics.RatisMetrics (RatisMetrics.java:lambda$create$0(36)) - Creating Metrics Registry : ratis.log_appender.92be74e1-a445-481a-9270-f78b33ea1757@group-32B42E1C91C9
2020-07-24 03:08:25,228 [92be74e1-a445-481a-9270-f78b33ea1757@group-32B42E1C91C9-LeaderElection49] INFO  server.RaftServerConfigKeys (ConfUtils.java:logGet(44)) - raft.server.write.element-limit = 1024 (custom)
2020-07-24 03:08:25,228 [92be74e1-a445-481a-9270-f78b33ea1757@group-32B42E1C91C9-LeaderElection49] INFO  server.RaftServerConfigKeys (ConfUtils.java:logGet(44)) - raft.server.write.byte-limit = 1073741824 (custom)
2020-07-24 03:08:25,228 [92be74e1-a445-481a-9270-f78b33ea1757@group-32B42E1C91C9-LeaderElection49] INFO  server.RaftServerConfigKeys (ConfUtils.java:logGet(44)) - raft.server.watch.timeout = 3000ms (custom)
2020-07-24 03:08:25,228 [92be74e1-a445-481a-9270-f78b33ea1757@group-32B42E1C91C9-LeaderElection49] INFO  server.RaftServerConfigKeys (ConfUtils.java:logGet(44)) - raft.server.watch.timeout.denomination = 1s (default)
2020-07-24 03:08:25,229 [92be74e1-a445-481a-9270-f78b33ea1757@group-32B42E1C91C9-LeaderElection49] INFO  server.RaftServerConfigKeys (ConfUtils.java:logGet(44)) - raft.server.watch.element-limit = 65536 (default)
2020-07-24 03:08:25,229 [92be74e1-a445-481a-9270-f78b33ea1757@group-32B42E1C91C9-LeaderElection49] INFO  server.RaftServerConfigKeys (ConfUtils.java:logGet(44)) - raft.server.log.appender.snapshot.chunk.size.max = 16MB (=16777216) (default)
2020-07-24 03:08:25,229 [92be74e1-a445-481a-9270-f78b33ea1757@group-32B42E1C91C9-LeaderElection49] INFO  server.RaftServerConfigKeys (ConfUtils.java:logGet(44)) - raft.server.log.appender.buffer.byte-limit = 33554432 (custom)
2020-07-24 03:08:25,229 [92be74e1-a445-481a-9270-f78b33ea1757@group-32B42E1C91C9-LeaderElection49] INFO  server.RaftServerConfigKeys (ConfUtils.java:logGet(44)) - raft.server.log.appender.buffer.element-limit = 1 (custom)
2020-07-24 03:08:25,229 [92be74e1-a445-481a-9270-f78b33ea1757@group-32B42E1C91C9-LeaderElection49] INFO  grpc.GrpcConfigKeys (ConfUtils.java:logGet(44)) - raft.grpc.server.leader.outstanding.appends.max = 128 (default)
2020-07-24 03:08:25,229 [92be74e1-a445-481a-9270-f78b33ea1757@group-32B42E1C91C9-LeaderElection49] INFO  server.RaftServerConfigKeys (ConfUtils.java:logGet(44)) - raft.server.rpc.request.timeout = 3000ms (default)
2020-07-24 03:08:25,229 [92be74e1-a445-481a-9270-f78b33ea1757@group-32B42E1C91C9-LeaderElection49] INFO  server.RaftServerConfigKeys (ConfUtils.java:logGet(44)) - raft.server.log.appender.install.snapshot.enabled = false (custom)
2020-07-24 03:08:25,229 [92be74e1-a445-481a-9270-f78b33ea1757@group-32B42E1C91C9-LeaderElection49] INFO  metrics.RatisMetrics (RatisMetrics.java:lambda$create$0(36)) - Creating Metrics Registry : ratis_grpc.log_appender.92be74e1-a445-481a-9270-f78b33ea1757@group-32B42E1C91C9
2020-07-24 03:08:25,230 [92be74e1-a445-481a-9270-f78b33ea1757@group-32B42E1C91C9-LeaderElection49] INFO  server.RaftServerConfigKeys (ConfUtils.java:logGet(44)) - raft.server.log.appender.snapshot.chunk.size.max = 16MB (=16777216) (default)
2020-07-24 03:08:25,230 [92be74e1-a445-481a-9270-f78b33ea1757@group-32B42E1C91C9-LeaderElection49] INFO  server.RaftServerConfigKeys (ConfUtils.java:logGet(44)) - raft.server.log.appender.buffer.byte-limit = 33554432 (custom)
2020-07-24 03:08:25,230 [92be74e1-a445-481a-9270-f78b33ea1757@group-32B42E1C91C9-LeaderElection49] INFO  server.RaftServerConfigKeys (ConfUtils.java:logGet(44)) - raft.server.log.appender.buffer.element-limit = 1 (custom)
2020-07-24 03:08:25,231 [92be74e1-a445-481a-9270-f78b33ea1757@group-32B42E1C91C9-LeaderElection49] INFO  grpc.GrpcConfigKeys (ConfUtils.java:logGet(44)) - raft.grpc.server.leader.outstanding.appends.max = 128 (default)
2020-07-24 03:08:25,231 [92be74e1-a445-481a-9270-f78b33ea1757@group-32B42E1C91C9-LeaderElection49] INFO  server.RaftServerConfigKeys (ConfUtils.java:logGet(44)) - raft.server.rpc.request.timeout = 3000ms (default)
2020-07-24 03:08:25,231 [92be74e1-a445-481a-9270-f78b33ea1757@group-32B42E1C91C9-LeaderElection49] INFO  server.RaftServerConfigKeys (ConfUtils.java:logGet(44)) - raft.server.log.appender.install.snapshot.enabled = false (custom)
2020-07-24 03:08:25,232 [92be74e1-a445-481a-9270-f78b33ea1757@group-32B42E1C91C9-LeaderElection49] INFO  impl.RoleInfo (RoleInfo.java:updateAndGet(143)) - 92be74e1-a445-481a-9270-f78b33ea1757: start LeaderState
2020-07-24 03:08:25,232 [92be74e1-a445-481a-9270-f78b33ea1757@group-32B42E1C91C9-LeaderElection49] INFO  segmented.SegmentedRaftLogWorker (SegmentedRaftLogWorker.java:startLogSegment(397)) - 92be74e1-a445-481a-9270-f78b33ea1757@group-32B42E1C91C9-SegmentedRaftLogWorker: Starting segment from index:0
2020-07-24 03:08:25,234 [92be74e1-a445-481a-9270-f78b33ea1757@group-32B42E1C91C9-SegmentedRaftLogWorker] INFO  segmented.SegmentedRaftLogWorker (SegmentedRaftLogWorker.java:execute(596)) - 92be74e1-a445-481a-9270-f78b33ea1757@group-32B42E1C91C9-SegmentedRaftLogWorker: created new log segment /github/workspace/mnt/ozone/hadoop-ozone/integration-test/target/test-dir/MiniOzoneClusterImpl-7a66fb8e-ad0e-46df-b237-2ffa69f4ef17/datanode-0/data/ratis/047813f1-5512-41d1-a33b-32b42e1c91c9/current/log_inprogress_0
2020-07-24 03:08:25,235 [92be74e1-a445-481a-9270-f78b33ea1757@group-32B42E1C91C9-LeaderElection49] INFO  impl.RaftServerImpl (ServerState.java:setRaftConf(356)) - 92be74e1-a445-481a-9270-f78b33ea1757@group-32B42E1C91C9: set configuration 0: [92be74e1-a445-481a-9270-f78b33ea1757:172.17.0.2:42635, 0b6ef10e-2f36-4e94-b43e-5e4c71f7d9dd:172.17.0.2:36165, b2995f92-8b7c-4587-b52b-d4ed19f98a91:172.17.0.2:36971], old=null at 0
2020-07-24 03:08:25,246 [grpc-default-executor-1] WARN  server.GrpcLogAppender (LogUtils.java:warn(122)) - 92be74e1-a445-481a-9270-f78b33ea1757@group-32B42E1C91C9->0b6ef10e-2f36-4e94-b43e-5e4c71f7d9dd-AppendLogResponseHandler: Failed appendEntries: org.apache.ratis.thirdparty.io.grpc.StatusRuntimeException: UNAVAILABLE: io exception
2020-07-24 03:08:25,246 [grpc-default-executor-6] INFO  ratis.XceiverServerRatis (XceiverServerRatis.java:handleLeaderChangedNotification(820)) - Leader change notification received for group: group-32B42E1C91C9 with new leaderId: 92be74e1-a445-481a-9270-f78b33ea1757
2020-07-24 03:08:25,246 [grpc-default-executor-6] INFO  impl.RaftServerImpl (ServerState.java:setLeader(255)) - b2995f92-8b7c-4587-b52b-d4ed19f98a91@group-32B42E1C91C9: change Leader from null to 92be74e1-a445-481a-9270-f78b33ea1757 at term 1 for appendEntries, leader elected after 5169ms
2020-07-24 03:08:25,252 [grpc-default-executor-1] INFO  impl.FollowerInfo (FollowerInfo.java:lambda$new$0(51)) - 92be74e1-a445-481a-9270-f78b33ea1757@group-32B42E1C91C9->0b6ef10e-2f36-4e94-b43e-5e4c71f7d9dd: nextIndex: updateUnconditionally 1 -> 0
2020-07-24 03:08:25,252 [grpc-default-executor-6] INFO  impl.RaftServerImpl (ServerState.java:setRaftConf(356)) - b2995f92-8b7c-4587-b52b-d4ed19f98a91@group-32B42E1C91C9: set configuration 0: [92be74e1-a445-481a-9270-f78b33ea1757:172.17.0.2:42635, 0b6ef10e-2f36-4e94-b43e-5e4c71f7d9dd:172.17.0.2:36165, b2995f92-8b7c-4587-b52b-d4ed19f98a91:172.17.0.2:36971], old=null at 0
2020-07-24 03:08:25,253 [grpc-default-executor-6] INFO  segmented.SegmentedRaftLogWorker (SegmentedRaftLogWorker.java:startLogSegment(397)) - b2995f92-8b7c-4587-b52b-d4ed19f98a91@group-32B42E1C91C9-SegmentedRaftLogWorker: Starting segment from index:0
2020-07-24 03:08:25,254 [b2995f92-8b7c-4587-b52b-d4ed19f98a91@group-32B42E1C91C9-SegmentedRaftLogWorker] INFO  segmented.SegmentedRaftLogWorker (SegmentedRaftLogWorker.java:execute(596)) - b2995f92-8b7c-4587-b52b-d4ed19f98a91@group-32B42E1C91C9-SegmentedRaftLogWorker: created new log segment /github/workspace/mnt/ozone/hadoop-ozone/integration-test/target/test-dir/MiniOzoneClusterImpl-7a66fb8e-ad0e-46df-b237-2ffa69f4ef17/datanode-1/data/ratis/047813f1-5512-41d1-a33b-32b42e1c91c9/current/log_inprogress_0
2020-07-24 03:08:25,352 [Datanode State Machine Thread - 0] INFO  statemachine.DatanodeStateMachine (DatanodeStateMachine.java:lambda$startDaemon$0(397)) - Ozone container server started.
2020-07-24 03:08:25,613 [Datanode State Machine Thread - 0] INFO  statemachine.DatanodeStateMachine (DatanodeStateMachine.java:lambda$startDaemon$0(397)) - Ozone container server started.
2020-07-24 03:08:26,999 [grpc-default-executor-1] WARN  server.GrpcLogAppender (LogUtils.java:warn(122)) - ec8340d6-a662-4952-84a8-2c663fc0262a@group-C6D6CFF30BED->54c6cd85-2842-44da-844c-41bdb0d83551-AppendLogResponseHandler: Failed appendEntries: org.apache.ratis.thirdparty.io.grpc.StatusRuntimeException: UNAVAILABLE: io exception
2020-07-24 03:08:27,003 [grpc-default-executor-1] INFO  impl.FollowerInfo (FollowerInfo.java:lambda$new$0(51)) - ec8340d6-a662-4952-84a8-2c663fc0262a@group-C6D6CFF30BED->54c6cd85-2842-44da-844c-41bdb0d83551: nextIndex: updateUnconditionally 1 -> 0
2020-07-24 03:08:27,757 [grpc-default-executor-1] WARN  server.GrpcLogAppender (LogUtils.java:warn(122)) - 92be74e1-a445-481a-9270-f78b33ea1757@group-32B42E1C91C9->0b6ef10e-2f36-4e94-b43e-5e4c71f7d9dd-AppendLogResponseHandler: Failed appendEntries: org.apache.ratis.thirdparty.io.grpc.StatusRuntimeException: UNAVAILABLE: io exception
2020-07-24 03:08:27,760 [grpc-default-executor-1] INFO  impl.FollowerInfo (FollowerInfo.java:lambda$new$0(51)) - 92be74e1-a445-481a-9270-f78b33ea1757@group-32B42E1C91C9->0b6ef10e-2f36-4e94-b43e-5e4c71f7d9dd: nextIndex: updateUnconditionally 1 -> 0
2020-07-24 03:08:29,501 [grpc-default-executor-1] WARN  server.GrpcLogAppender (LogUtils.java:warn(122)) - ec8340d6-a662-4952-84a8-2c663fc0262a@group-C6D6CFF30BED->54c6cd85-2842-44da-844c-41bdb0d83551-AppendLogResponseHandler: Failed appendEntries: org.apache.ratis.thirdparty.io.grpc.StatusRuntimeException: UNAVAILABLE: io exception
2020-07-24 03:08:29,503 [grpc-default-executor-1] INFO  impl.FollowerInfo (FollowerInfo.java:lambda$new$0(51)) - ec8340d6-a662-4952-84a8-2c663fc0262a@group-C6D6CFF30BED->54c6cd85-2842-44da-844c-41bdb0d83551: nextIndex: updateUnconditionally 1 -> 0
2020-07-24 03:08:30,142 [ForkJoinPool.commonPool-worker-0] INFO  ozoneimpl.OzoneContainer (OzoneContainer.java:stop(250)) - Attempting to stop container services.
2020-07-24 03:08:30,143 [ForkJoinPool.commonPool-worker-0] INFO  impl.RaftServerProxy (RaftServerProxy.java:lambda$close$4(319)) - ef05ffb5-aa81-4044-bbcc-ef5ea51c2a16: close
2020-07-24 03:08:30,143 [ForkJoinPool.commonPool-worker-0] INFO  impl.RaftServerImpl (RaftServerImpl.java:lambda$shutdown$3(263)) - ef05ffb5-aa81-4044-bbcc-ef5ea51c2a16@group-8C591323D0CB: shutdown
2020-07-24 03:08:30,143 [ForkJoinPool.commonPool-worker-0] INFO  util.JmxRegister (JmxRegister.java:unregister(73)) - Successfully un-registered JMX Bean with object name Ratis:service=RaftServer,group=group-8C591323D0CB,id=ef05ffb5-aa81-4044-bbcc-ef5ea51c2a16
2020-07-24 03:08:30,143 [ForkJoinPool.commonPool-worker-0] INFO  impl.RoleInfo (RoleInfo.java:shutdownLeaderState(104)) - ef05ffb5-aa81-4044-bbcc-ef5ea51c2a16: shutdown LeaderState
2020-07-24 03:08:30,143 [ForkJoinPool.commonPool-worker-0] INFO  impl.PendingRequests (PendingRequests.java:sendNotLeaderResponses(249)) - ef05ffb5-aa81-4044-bbcc-ef5ea51c2a16@group-8C591323D0CB-PendingRequests: sendNotLeaderResponses
2020-07-24 03:08:30,143 [ForkJoinPool.commonPool-worker-0] INFO  metrics.RatisMetrics (RatisMetrics.java:unregister(43)) - Unregistering Metrics Registry : ratis.log_appender.ef05ffb5-aa81-4044-bbcc-ef5ea51c2a16@group-8C591323D0CB
2020-07-24 03:08:30,144 [ForkJoinPool.commonPool-worker-0] INFO  metrics.RatisMetrics (RatisMetrics.java:unregister(43)) - Unregistering Metrics Registry : ratis.server.ef05ffb5-aa81-4044-bbcc-ef5ea51c2a16@group-8C591323D0CB
2020-07-24 03:08:30,144 [ForkJoinPool.commonPool-worker-0] INFO  impl.StateMachineUpdater (StateMachineUpdater.java:stopAndJoin(142)) - ef05ffb5-aa81-4044-bbcc-ef5ea51c2a16@group-8C591323D0CB-StateMachineUpdater: set stopIndex = 0
2020-07-24 03:08:30,145 [ef05ffb5-aa81-4044-bbcc-ef5ea51c2a16@group-8C591323D0CB-StateMachineUpdater] INFO  ratis.ContainerStateMachine (ContainerStateMachine.java:takeSnapshot(293)) - group-8C591323D0CB: Taking a snapshot at:(t:1, i:0) file /github/workspace/mnt/ozone/hadoop-ozone/integration-test/target/test-dir/MiniOzoneClusterImpl-7a66fb8e-ad0e-46df-b237-2ffa69f4ef17/datanode-3/data/ratis/87b63220-dd89-4a93-b875-8c591323d0cb/sm/snapshot.1_0
2020-07-24 03:08:30,145 [ef05ffb5-aa81-4044-bbcc-ef5ea51c2a16@group-8C591323D0CB-StateMachineUpdater] INFO  ratis.ContainerStateMachine (ContainerStateMachine.java:takeSnapshot(304)) - group-8C591323D0CB: Finished taking a snapshot at:(t:1, i:0) file:/github/workspace/mnt/ozone/hadoop-ozone/integration-test/target/test-dir/MiniOzoneClusterImpl-7a66fb8e-ad0e-46df-b237-2ffa69f4ef17/datanode-3/data/ratis/87b63220-dd89-4a93-b875-8c591323d0cb/sm/snapshot.1_0 time:1
2020-07-24 03:08:30,146 [ef05ffb5-aa81-4044-bbcc-ef5ea51c2a16@group-8C591323D0CB-StateMachineUpdater] INFO  impl.StateMachineUpdater (StateMachineUpdater.java:takeSnapshot(277)) - ef05ffb5-aa81-4044-bbcc-ef5ea51c2a16@group-8C591323D0CB-StateMachineUpdater: Took a snapshot at index 0
2020-07-24 03:08:30,146 [ef05ffb5-aa81-4044-bbcc-ef5ea51c2a16@group-8C591323D0CB-StateMachineUpdater] INFO  impl.StateMachineUpdater (StateMachineUpdater.java:lambda$new$0(87)) - ef05ffb5-aa81-4044-bbcc-ef5ea51c2a16@group-8C591323D0CB-StateMachineUpdater: snapshotIndex: updateIncreasingly -1 -> 0
2020-07-24 03:08:30,146 [ef05ffb5-aa81-4044-bbcc-ef5ea51c2a16@group-8C591323D0CB-StateMachineUpdater] INFO  metrics.RatisMetrics (RatisMetrics.java:unregister(43)) - Unregistering Metrics Registry : ratis.state_machine.ef05ffb5-aa81-4044-bbcc-ef5ea51c2a16@group-8C591323D0CB
2020-07-24 03:08:30,148 [ForkJoinPool.commonPool-worker-0] INFO  impl.RaftServerImpl (ServerState.java:close(387)) - ef05ffb5-aa81-4044-bbcc-ef5ea51c2a16@group-8C591323D0CB: closes. applyIndex: 0
2020-07-24 03:08:30,148 [ef05ffb5-aa81-4044-bbcc-ef5ea51c2a16@group-8C591323D0CB-SegmentedRaftLogWorker] INFO  segmented.SegmentedRaftLogWorker (SegmentedRaftLogWorker.java:run(327)) - ef05ffb5-aa81-4044-bbcc-ef5ea51c2a16@group-8C591323D0CB-SegmentedRaftLogWorker was interrupted, exiting. There are 0 tasks remaining in the queue.
2020-07-24 03:08:30,150 [ForkJoinPool.commonPool-worker-0] INFO  segmented.SegmentedRaftLogWorker (SegmentedRaftLogWorker.java:close(234)) - ef05ffb5-aa81-4044-bbcc-ef5ea51c2a16@group-8C591323D0CB-SegmentedRaftLogWorker close()
2020-07-24 03:08:30,153 [Listener at 127.0.0.1/43665] INFO  ozoneimpl.OzoneContainer (OzoneContainer.java:stop(250)) - Attempting to stop container services.
2020-07-24 03:08:30,158 [Listener at 127.0.0.1/43665] INFO  impl.RaftServerProxy (RaftServerProxy.java:lambda$close$4(319)) - ec8340d6-a662-4952-84a8-2c663fc0262a: close
2020-07-24 03:08:30,158 [Listener at 127.0.0.1/43665] INFO  impl.RaftServerImpl (RaftServerImpl.java:lambda$shutdown$3(263)) - ec8340d6-a662-4952-84a8-2c663fc0262a@group-091F715731E0: shutdown
2020-07-24 03:08:30,159 [ForkJoinPool.commonPool-worker-0] INFO  metrics.RatisMetrics (RatisMetrics.java:unregister(43)) - Unregistering Metrics Registry : ratis.log_worker.ef05ffb5-aa81-4044-bbcc-ef5ea51c2a16@group-8C591323D0CB
2020-07-24 03:08:30,159 [Listener at 127.0.0.1/43665] INFO  util.JmxRegister (JmxRegister.java:unregister(73)) - Successfully un-registered JMX Bean with object name Ratis:service=RaftServer,group=group-091F715731E0,id=ec8340d6-a662-4952-84a8-2c663fc0262a
2020-07-24 03:08:30,159 [Listener at 127.0.0.1/43665] INFO  impl.RoleInfo (RoleInfo.java:shutdownLeaderState(104)) - ec8340d6-a662-4952-84a8-2c663fc0262a: shutdown LeaderState
2020-07-24 03:08:30,159 [ForkJoinPool.commonPool-worker-0] INFO  metrics.RatisMetrics (RatisMetrics.java:unregister(43)) - Unregistering Metrics Registry : ratis.leader_election.ef05ffb5-aa81-4044-bbcc-ef5ea51c2a16@group-8C591323D0CB
2020-07-24 03:08:30,159 [Listener at 127.0.0.1/43665] INFO  impl.PendingRequests (PendingRequests.java:sendNotLeaderResponses(249)) - ec8340d6-a662-4952-84a8-2c663fc0262a@group-091F715731E0-PendingRequests: sendNotLeaderResponses
2020-07-24 03:08:30,159 [ForkJoinPool.commonPool-worker-0] INFO  metrics.RatisMetrics (RatisMetrics.java:unregister(43)) - Unregistering Metrics Registry : ratis.server.ef05ffb5-aa81-4044-bbcc-ef5ea51c2a16@group-8C591323D0CB
2020-07-24 03:08:30,160 [ForkJoinPool.commonPool-worker-0] INFO  impl.RaftServerImpl (RaftServerImpl.java:lambda$shutdown$3(263)) - ef05ffb5-aa81-4044-bbcc-ef5ea51c2a16@group-C6D6CFF30BED: shutdown
2020-07-24 03:08:30,160 [Listener at 127.0.0.1/43665] INFO  metrics.RatisMetrics (RatisMetrics.java:unregister(43)) - Unregistering Metrics Registry : ratis.log_appender.ec8340d6-a662-4952-84a8-2c663fc0262a@group-091F715731E0
2020-07-24 03:08:30,160 [ForkJoinPool.commonPool-worker-0] INFO  util.JmxRegister (JmxRegister.java:unregister(73)) - Successfully un-registered JMX Bean with object name Ratis:service=RaftServer,group=group-C6D6CFF30BED,id=ef05ffb5-aa81-4044-bbcc-ef5ea51c2a16
2020-07-24 03:08:30,160 [Listener at 127.0.0.1/43665] INFO  metrics.RatisMetrics (RatisMetrics.java:unregister(43)) - Unregistering Metrics Registry : ratis.server.ec8340d6-a662-4952-84a8-2c663fc0262a@group-091F715731E0
2020-07-24 03:08:30,161 [Listener at 127.0.0.1/43665] INFO  impl.StateMachineUpdater (StateMachineUpdater.java:stopAndJoin(142)) - ec8340d6-a662-4952-84a8-2c663fc0262a@group-091F715731E0-StateMachineUpdater: set stopIndex = 0
2020-07-24 03:08:30,161 [ForkJoinPool.commonPool-worker-0] INFO  impl.RoleInfo (RoleInfo.java:shutdownFollowerState(121)) - ef05ffb5-aa81-4044-bbcc-ef5ea51c2a16: shutdown FollowerState
2020-07-24 03:08:30,161 [ec8340d6-a662-4952-84a8-2c663fc0262a@group-091F715731E0-StateMachineUpdater] INFO  ratis.ContainerStateMachine (ContainerStateMachine.java:takeSnapshot(293)) - group-091F715731E0: Taking a snapshot at:(t:1, i:0) file /github/workspace/mnt/ozone/hadoop-ozone/integration-test/target/test-dir/MiniOzoneClusterImpl-7a66fb8e-ad0e-46df-b237-2ffa69f4ef17/datanode-5/data/ratis/8c765e7d-8986-4b10-a50d-091f715731e0/sm/snapshot.1_0
2020-07-24 03:08:30,162 [ef05ffb5-aa81-4044-bbcc-ef5ea51c2a16@group-C6D6CFF30BED-StateMachineUpdater] INFO  ratis.ContainerStateMachine (ContainerStateMachine.java:takeSnapshot(293)) - group-C6D6CFF30BED: Taking a snapshot at:(t:1, i:0) file /github/workspace/mnt/ozone/hadoop-ozone/integration-test/target/test-dir/MiniOzoneClusterImpl-7a66fb8e-ad0e-46df-b237-2ffa69f4ef17/datanode-3/data/ratis/7764634a-aeed-42a8-868f-c6d6cff30bed/sm/snapshot.1_0
2020-07-24 03:08:30,162 [Thread-1351] INFO  impl.FollowerState (FollowerState.java:run(117)) - ef05ffb5-aa81-4044-bbcc-ef5ea51c2a16@group-C6D6CFF30BED-FollowerState was interrupted: java.lang.InterruptedException: sleep interrupted
2020-07-24 03:08:30,162 [ForkJoinPool.commonPool-worker-0] INFO  impl.StateMachineUpdater (StateMachineUpdater.java:stopAndJoin(142)) - ef05ffb5-aa81-4044-bbcc-ef5ea51c2a16@group-C6D6CFF30BED-StateMachineUpdater: set stopIndex = 0
2020-07-24 03:08:30,162 [ec8340d6-a662-4952-84a8-2c663fc0262a@group-091F715731E0-StateMachineUpdater] INFO  ratis.ContainerStateMachine (ContainerStateMachine.java:takeSnapshot(304)) - group-091F715731E0: Finished taking a snapshot at:(t:1, i:0) file:/github/workspace/mnt/ozone/hadoop-ozone/integration-test/target/test-dir/MiniOzoneClusterImpl-7a66fb8e-ad0e-46df-b237-2ffa69f4ef17/datanode-5/data/ratis/8c765e7d-8986-4b10-a50d-091f715731e0/sm/snapshot.1_0 time:1
2020-07-24 03:08:30,162 [ef05ffb5-aa81-4044-bbcc-ef5ea51c2a16@group-C6D6CFF30BED-StateMachineUpdater] INFO  ratis.ContainerStateMachine (ContainerStateMachine.java:takeSnapshot(304)) - group-C6D6CFF30BED: Finished taking a snapshot at:(t:1, i:0) file:/github/workspace/mnt/ozone/hadoop-ozone/integration-test/target/test-dir/MiniOzoneClusterImpl-7a66fb8e-ad0e-46df-b237-2ffa69f4ef17/datanode-3/data/ratis/7764634a-aeed-42a8-868f-c6d6cff30bed/sm/snapshot.1_0 time:1
2020-07-24 03:08:30,163 [ec8340d6-a662-4952-84a8-2c663fc0262a@group-091F715731E0-StateMachineUpdater] INFO  impl.StateMachineUpdater (StateMachineUpdater.java:takeSnapshot(277)) - ec8340d6-a662-4952-84a8-2c663fc0262a@group-091F715731E0-StateMachineUpdater: Took a snapshot at index 0
2020-07-24 03:08:30,163 [ec8340d6-a662-4952-84a8-2c663fc0262a@group-091F715731E0-StateMachineUpdater] INFO  impl.StateMachineUpdater (StateMachineUpdater.java:lambda$new$0(87)) - ec8340d6-a662-4952-84a8-2c663fc0262a@group-091F715731E0-StateMachineUpdater: snapshotIndex: updateIncreasingly -1 -> 0
2020-07-24 03:08:30,163 [ef05ffb5-aa81-4044-bbcc-ef5ea51c2a16@group-C6D6CFF30BED-StateMachineUpdater] INFO  impl.StateMachineUpdater (StateMachineUpdater.java:takeSnapshot(277)) - ef05ffb5-aa81-4044-bbcc-ef5ea51c2a16@group-C6D6CFF30BED-StateMachineUpdater: Took a snapshot at index 0
2020-07-24 03:08:30,163 [ef05ffb5-aa81-4044-bbcc-ef5ea51c2a16@group-C6D6CFF30BED-StateMachineUpdater] INFO  impl.StateMachineUpdater (StateMachineUpdater.java:lambda$new$0(87)) - ef05ffb5-aa81-4044-bbcc-ef5ea51c2a16@group-C6D6CFF30BED-StateMachineUpdater: snapshotIndex: updateIncreasingly -1 -> 0
2020-07-24 03:08:30,163 [ec8340d6-a662-4952-84a8-2c663fc0262a@group-091F715731E0-StateMachineUpdater] INFO  metrics.RatisMetrics (RatisMetrics.java:unregister(43)) - Unregistering Metrics Registry : ratis.state_machine.ec8340d6-a662-4952-84a8-2c663fc0262a@group-091F715731E0
2020-07-24 03:08:30,163 [ef05ffb5-aa81-4044-bbcc-ef5ea51c2a16@group-C6D6CFF30BED-StateMachineUpdater] INFO  metrics.RatisMetrics (RatisMetrics.java:unregister(43)) - Unregistering Metrics Registry : ratis.state_machine.ef05ffb5-aa81-4044-bbcc-ef5ea51c2a16@group-C6D6CFF30BED
2020-07-24 03:08:30,163 [ForkJoinPool.commonPool-worker-0] INFO  impl.RaftServerImpl (ServerState.java:close(387)) - ef05ffb5-aa81-4044-bbcc-ef5ea51c2a16@group-C6D6CFF30BED: closes. applyIndex: 0
2020-07-24 03:08:30,163 [Listener at 127.0.0.1/43665] INFO  impl.RaftServerImpl (ServerState.java:close(387)) - ec8340d6-a662-4952-84a8-2c663fc0262a@group-091F715731E0: closes. applyIndex: 0
2020-07-24 03:08:30,163 [ef05ffb5-aa81-4044-bbcc-ef5ea51c2a16@group-C6D6CFF30BED-SegmentedRaftLogWorker] INFO  segmented.SegmentedRaftLogWorker (SegmentedRaftLogWorker.java:run(327)) - ef05ffb5-aa81-4044-bbcc-ef5ea51c2a16@group-C6D6CFF30BED-SegmentedRaftLogWorker was interrupted, exiting. There are 0 tasks remaining in the queue.
2020-07-24 03:08:30,164 [ec8340d6-a662-4952-84a8-2c663fc0262a@group-091F715731E0-SegmentedRaftLogWorker] INFO  segmented.SegmentedRaftLogWorker (SegmentedRaftLogWorker.java:run(327)) - ec8340d6-a662-4952-84a8-2c663fc0262a@group-091F715731E0-SegmentedRaftLogWorker was interrupted, exiting. There are 0 tasks remaining in the queue.
2020-07-24 03:08:30,165 [ForkJoinPool.commonPool-worker-0] INFO  segmented.SegmentedRaftLogWorker (SegmentedRaftLogWorker.java:close(234)) - ef05ffb5-aa81-4044-bbcc-ef5ea51c2a16@group-C6D6CFF30BED-SegmentedRaftLogWorker close()
2020-07-24 03:08:30,169 [Listener at 127.0.0.1/43665] INFO  segmented.SegmentedRaftLogWorker (SegmentedRaftLogWorker.java:close(234)) - ec8340d6-a662-4952-84a8-2c663fc0262a@group-091F715731E0-SegmentedRaftLogWorker close()
2020-07-24 03:08:30,172 [ForkJoinPool.commonPool-worker-0] INFO  metrics.RatisMetrics (RatisMetrics.java:unregister(43)) - Unregistering Metrics Registry : ratis.log_worker.ef05ffb5-aa81-4044-bbcc-ef5ea51c2a16@group-C6D6CFF30BED
2020-07-24 03:08:30,172 [Listener at 127.0.0.1/43665] INFO  metrics.RatisMetrics (RatisMetrics.java:unregister(43)) - Unregistering Metrics Registry : ratis.log_worker.ec8340d6-a662-4952-84a8-2c663fc0262a@group-091F715731E0
2020-07-24 03:08:30,172 [ForkJoinPool.commonPool-worker-0] INFO  metrics.RatisMetrics (RatisMetrics.java:unregister(43)) - Unregistering Metrics Registry : ratis.leader_election.ef05ffb5-aa81-4044-bbcc-ef5ea51c2a16@group-C6D6CFF30BED
2020-07-24 03:08:30,172 [Listener at 127.0.0.1/43665] INFO  metrics.RatisMetrics (RatisMetrics.java:unregister(43)) - Unregistering Metrics Registry : ratis.leader_election.ec8340d6-a662-4952-84a8-2c663fc0262a@group-091F715731E0
2020-07-24 03:08:30,172 [ForkJoinPool.commonPool-worker-0] INFO  metrics.RatisMetrics (RatisMetrics.java:unregister(43)) - Unregistering Metrics Registry : ratis.server.ef05ffb5-aa81-4044-bbcc-ef5ea51c2a16@group-C6D6CFF30BED
2020-07-24 03:08:30,173 [ForkJoinPool.commonPool-worker-0] INFO  server.GrpcService (GrpcService.java:closeImpl(166)) - ef05ffb5-aa81-4044-bbcc-ef5ea51c2a16: shutdown server with port 38667 now
2020-07-24 03:08:30,174 [grpc-default-executor-6] WARN  server.GrpcLogAppender (LogUtils.java:warn(122)) - ec8340d6-a662-4952-84a8-2c663fc0262a@group-C6D6CFF30BED->ef05ffb5-aa81-4044-bbcc-ef5ea51c2a16-AppendLogResponseHandler: Failed appendEntries: org.apache.ratis.thirdparty.io.grpc.StatusRuntimeException: CANCELLED: HTTP/2 error code: CANCEL
Received Rst Stream
2020-07-24 03:08:30,174 [grpc-default-executor-6] INFO  impl.FollowerInfo (FollowerInfo.java:lambda$new$0(51)) - ec8340d6-a662-4952-84a8-2c663fc0262a@group-C6D6CFF30BED->ef05ffb5-aa81-4044-bbcc-ef5ea51c2a16: nextIndex: updateUnconditionally 1 -> 0
2020-07-24 03:08:30,174 [ForkJoinPool.commonPool-worker-0] INFO  server.GrpcService (GrpcService.java:closeImpl(174)) - ef05ffb5-aa81-4044-bbcc-ef5ea51c2a16: shutdown server with port 38667 successfully
2020-07-24 03:08:30,172 [Listener at 127.0.0.1/43665] INFO  metrics.RatisMetrics (RatisMetrics.java:unregister(43)) - Unregistering Metrics Registry : ratis.server.ec8340d6-a662-4952-84a8-2c663fc0262a@group-091F715731E0
2020-07-24 03:08:30,174 [grpc-default-executor-1] WARN  server.GrpcServerProtocolService (LogUtils.java:warn(122)) - ef05ffb5-aa81-4044-bbcc-ef5ea51c2a16: installSnapshot onError, lastRequest: ec8340d6-a662-4952-84a8-2c663fc0262a->ef05ffb5-aa81-4044-bbcc-ef5ea51c2a16#1-t1, previous=(t:0, i:0), leaderCommit=0, initializing? false, entries: size=1, first=(t:1, i:0), CONFIGURATIONENTRY: org.apache.ratis.thirdparty.io.grpc.StatusRuntimeException: CANCELLED: cancelled before receiving half close
2020-07-24 03:08:30,176 [Listener at 127.0.0.1/43665] INFO  impl.RaftServerImpl (RaftServerImpl.java:lambda$shutdown$3(263)) - ec8340d6-a662-4952-84a8-2c663fc0262a@group-C6D6CFF30BED: shutdown
2020-07-24 03:08:30,177 [Listener at 127.0.0.1/43665] INFO  util.JmxRegister (JmxRegister.java:unregister(73)) - Successfully un-registered JMX Bean with object name Ratis:service=RaftServer,group=group-C6D6CFF30BED,id=ec8340d6-a662-4952-84a8-2c663fc0262a
2020-07-24 03:08:30,177 [Listener at 127.0.0.1/43665] INFO  impl.RoleInfo (RoleInfo.java:shutdownLeaderState(104)) - ec8340d6-a662-4952-84a8-2c663fc0262a: shutdown LeaderState
2020-07-24 03:08:30,178 [Listener at 127.0.0.1/43665] INFO  metrics.RatisMetrics (RatisMetrics.java:unregister(43)) - Unregistering Metrics Registry : ratis_grpc.log_appender.ec8340d6-a662-4952-84a8-2c663fc0262a@group-C6D6CFF30BED
2020-07-24 03:08:30,178 [org.apache.ratis.server.impl.LogAppender$AppenderDaemon$$Lambda$448/1636659908@3c422435] WARN  server.GrpcLogAppender (GrpcLogAppender.java:mayWait(153)) - ec8340d6-a662-4952-84a8-2c663fc0262a@group-C6D6CFF30BED->54c6cd85-2842-44da-844c-41bdb0d83551-GrpcLogAppender: Wait interrupted by java.lang.InterruptedException
2020-07-24 03:08:30,177 [ForkJoinPool.commonPool-worker-0] INFO  utils.BackgroundService (BackgroundService.java:shutdown(157)) - Shutting down service BlockDeletingService
2020-07-24 03:08:30,178 [Listener at 127.0.0.1/43665] INFO  metrics.RatisMetrics (RatisMetrics.java:unregister(43)) - Unregistering Metrics Registry : ratis_grpc.log_appender.ec8340d6-a662-4952-84a8-2c663fc0262a@group-C6D6CFF30BED
2020-07-24 03:08:30,179 [Listener at 127.0.0.1/43665] INFO  impl.PendingRequests (PendingRequests.java:sendNotLeaderResponses(249)) - ec8340d6-a662-4952-84a8-2c663fc0262a@group-C6D6CFF30BED-PendingRequests: sendNotLeaderResponses
2020-07-24 03:08:30,185 [Listener at 127.0.0.1/43665] INFO  metrics.RatisMetrics (RatisMetrics.java:unregister(43)) - Unregistering Metrics Registry : ratis.log_appender.ec8340d6-a662-4952-84a8-2c663fc0262a@group-C6D6CFF30BED
2020-07-24 03:08:30,185 [Listener at 127.0.0.1/43665] INFO  metrics.RatisMetrics (RatisMetrics.java:unregister(43)) - Unregistering Metrics Registry : ratis.server.ec8340d6-a662-4952-84a8-2c663fc0262a@group-C6D6CFF30BED
2020-07-24 03:08:30,186 [Listener at 127.0.0.1/43665] INFO  impl.StateMachineUpdater (StateMachineUpdater.java:stopAndJoin(142)) - ec8340d6-a662-4952-84a8-2c663fc0262a@group-C6D6CFF30BED-StateMachineUpdater: set stopIndex = 0
2020-07-24 03:08:30,185 [ForkJoinPool.commonPool-worker-0] INFO  statemachine.DatanodeStateMachine (DatanodeStateMachine.java:stopDaemon(445)) - Ozone container server stopped.
2020-07-24 03:08:30,179 [org.apache.ratis.server.impl.LogAppender$AppenderDaemon$$Lambda$448/1636659908@22f4a806] WARN  server.GrpcLogAppender (GrpcLogAppender.java:mayWait(153)) - ec8340d6-a662-4952-84a8-2c663fc0262a@group-C6D6CFF30BED->ef05ffb5-aa81-4044-bbcc-ef5ea51c2a16-GrpcLogAppender: Wait interrupted by java.lang.InterruptedException
2020-07-24 03:08:30,186 [ec8340d6-a662-4952-84a8-2c663fc0262a@group-C6D6CFF30BED-StateMachineUpdater] INFO  ratis.ContainerStateMachine (ContainerStateMachine.java:takeSnapshot(293)) - group-C6D6CFF30BED: Taking a snapshot at:(t:1, i:0) file /github/workspace/mnt/ozone/hadoop-ozone/integration-test/target/test-dir/MiniOzoneClusterImpl-7a66fb8e-ad0e-46df-b237-2ffa69f4ef17/datanode-5/data/ratis/7764634a-aeed-42a8-868f-c6d6cff30bed/sm/snapshot.1_0
2020-07-24 03:08:30,188 [ec8340d6-a662-4952-84a8-2c663fc0262a@group-C6D6CFF30BED-StateMachineUpdater] INFO  ratis.ContainerStateMachine (ContainerStateMachine.java:takeSnapshot(304)) - group-C6D6CFF30BED: Finished taking a snapshot at:(t:1, i:0) file:/github/workspace/mnt/ozone/hadoop-ozone/integration-test/target/test-dir/MiniOzoneClusterImpl-7a66fb8e-ad0e-46df-b237-2ffa69f4ef17/datanode-5/data/ratis/7764634a-aeed-42a8-868f-c6d6cff30bed/sm/snapshot.1_0 time:2
2020-07-24 03:08:30,188 [ec8340d6-a662-4952-84a8-2c663fc0262a@group-C6D6CFF30BED-StateMachineUpdater] INFO  impl.StateMachineUpdater (StateMachineUpdater.java:takeSnapshot(277)) - ec8340d6-a662-4952-84a8-2c663fc0262a@group-C6D6CFF30BED-StateMachineUpdater: Took a snapshot at index 0
2020-07-24 03:08:30,188 [ec8340d6-a662-4952-84a8-2c663fc0262a@group-C6D6CFF30BED-StateMachineUpdater] INFO  impl.StateMachineUpdater (StateMachineUpdater.java:lambda$new$0(87)) - ec8340d6-a662-4952-84a8-2c663fc0262a@group-C6D6CFF30BED-StateMachineUpdater: snapshotIndex: updateIncreasingly -1 -> 0
2020-07-24 03:08:30,188 [ec8340d6-a662-4952-84a8-2c663fc0262a@group-C6D6CFF30BED-StateMachineUpdater] INFO  metrics.RatisMetrics (RatisMetrics.java:unregister(43)) - Unregistering Metrics Registry : ratis.state_machine.ec8340d6-a662-4952-84a8-2c663fc0262a@group-C6D6CFF30BED
2020-07-24 03:08:30,195 [Listener at 127.0.0.1/43665] INFO  impl.RaftServerImpl (ServerState.java:close(387)) - ec8340d6-a662-4952-84a8-2c663fc0262a@group-C6D6CFF30BED: closes. applyIndex: 0
2020-07-24 03:08:30,196 [ec8340d6-a662-4952-84a8-2c663fc0262a@group-C6D6CFF30BED-SegmentedRaftLogWorker] INFO  segmented.SegmentedRaftLogWorker (SegmentedRaftLogWorker.java:run(327)) - ec8340d6-a662-4952-84a8-2c663fc0262a@group-C6D6CFF30BED-SegmentedRaftLogWorker was interrupted, exiting. There are 0 tasks remaining in the queue.
2020-07-24 03:08:30,197 [Listener at 127.0.0.1/43665] INFO  segmented.SegmentedRaftLogWorker (SegmentedRaftLogWorker.java:close(234)) - ec8340d6-a662-4952-84a8-2c663fc0262a@group-C6D6CFF30BED-SegmentedRaftLogWorker close()
2020-07-24 03:08:30,197 [ForkJoinPool.commonPool-worker-0] INFO  handler.ContextHandler (ContextHandler.java:doStop(1016)) - Stopped o.e.j.w.WebAppContext@1e4b197f{hddsDatanode,/,null,UNAVAILABLE}{jar:file:/home/user/.m2/repository/org/apache/hadoop/hadoop-hdds-container-service/0.6.0-SNAPSHOT/hadoop-hdds-container-service-0.6.0-SNAPSHOT.jar!/webapps/hddsDatanode}
2020-07-24 03:08:30,200 [Listener at 127.0.0.1/43665] INFO  metrics.RatisMetrics (RatisMetrics.java:unregister(43)) - Unregistering Metrics Registry : ratis.log_worker.ec8340d6-a662-4952-84a8-2c663fc0262a@group-C6D6CFF30BED
2020-07-24 03:08:30,200 [Listener at 127.0.0.1/43665] INFO  metrics.RatisMetrics (RatisMetrics.java:unregister(43)) - Unregistering Metrics Registry : ratis.leader_election.ec8340d6-a662-4952-84a8-2c663fc0262a@group-C6D6CFF30BED
2020-07-24 03:08:30,200 [Listener at 127.0.0.1/43665] INFO  metrics.RatisMetrics (RatisMetrics.java:unregister(43)) - Unregistering Metrics Registry : ratis.server.ec8340d6-a662-4952-84a8-2c663fc0262a@group-C6D6CFF30BED
2020-07-24 03:08:30,201 [Listener at 127.0.0.1/43665] INFO  server.GrpcService (GrpcService.java:closeImpl(166)) - ec8340d6-a662-4952-84a8-2c663fc0262a: shutdown server with port 36039 now
2020-07-24 03:08:30,201 [Listener at 127.0.0.1/43665] INFO  server.GrpcService (GrpcService.java:closeImpl(174)) - ec8340d6-a662-4952-84a8-2c663fc0262a: shutdown server with port 36039 successfully
2020-07-24 03:08:30,203 [Listener at 127.0.0.1/43665] INFO  utils.BackgroundService (BackgroundService.java:shutdown(157)) - Shutting down service BlockDeletingService
2020-07-24 03:08:30,203 [ForkJoinPool.commonPool-worker-0] INFO  server.AbstractConnector (AbstractConnector.java:doStop(380)) - Stopped ServerConnector@3b1e2d5d{HTTP/1.1,[http/1.1]}{0.0.0.0:0}
2020-07-24 03:08:30,204 [Listener at 127.0.0.1/43665] INFO  statemachine.DatanodeStateMachine (DatanodeStateMachine.java:stopDaemon(445)) - Ozone container server stopped.
2020-07-24 03:08:30,209 [ForkJoinPool.commonPool-worker-0] INFO  server.session (HouseKeeper.java:stopScavenging(158)) - node0 Stopped scavenging
2020-07-24 03:08:30,210 [ForkJoinPool.commonPool-worker-0] INFO  handler.ContextHandler (ContextHandler.java:doStop(1016)) - Stopped o.e.j.s.ServletContextHandler@768f9097{static,/static,jar:file:/home/user/.m2/repository/org/apache/hadoop/hadoop-hdds-container-service/0.6.0-SNAPSHOT/hadoop-hdds-container-service-0.6.0-SNAPSHOT.jar!/webapps/static,UNAVAILABLE}
2020-07-24 03:08:30,211 [ForkJoinPool.commonPool-worker-0] INFO  handler.ContextHandler (ContextHandler.java:doStop(1016)) - Stopped o.e.j.s.ServletContextHandler@2fcc4d13{logs,/logs,file:///github/workspace/mnt/ozone/hadoop-ozone/integration-test/target/log,UNAVAILABLE}
2020-07-24 03:08:30,215 [Listener at 127.0.0.1/43665] INFO  handler.ContextHandler (ContextHandler.java:doStop(1016)) - Stopped o.e.j.w.WebAppContext@3c06d119{hddsDatanode,/,null,UNAVAILABLE}{jar:file:/home/user/.m2/repository/org/apache/hadoop/hadoop-hdds-container-service/0.6.0-SNAPSHOT/hadoop-hdds-container-service-0.6.0-SNAPSHOT.jar!/webapps/hddsDatanode}
2020-07-24 03:08:30,216 [Listener at 127.0.0.1/43665] INFO  server.AbstractConnector (AbstractConnector.java:doStop(380)) - Stopped ServerConnector@5f2eeb2e{HTTP/1.1,[http/1.1]}{0.0.0.0:0}
2020-07-24 03:08:30,216 [Listener at 127.0.0.1/43665] INFO  server.session (HouseKeeper.java:stopScavenging(158)) - node0 Stopped scavenging
2020-07-24 03:08:30,216 [Listener at 127.0.0.1/43665] INFO  handler.ContextHandler (ContextHandler.java:doStop(1016)) - Stopped o.e.j.s.ServletContextHandler@41ad5874{static,/static,jar:file:/home/user/.m2/repository/org/apache/hadoop/hadoop-hdds-container-service/0.6.0-SNAPSHOT/hadoop-hdds-container-service-0.6.0-SNAPSHOT.jar!/webapps/static,UNAVAILABLE}
2020-07-24 03:08:30,217 [Listener at 127.0.0.1/43665] INFO  handler.ContextHandler (ContextHandler.java:doStop(1016)) - Stopped o.e.j.s.ServletContextHandler@250cb65a{logs,/logs,file:///github/workspace/mnt/ozone/hadoop-ozone/integration-test/target/log,UNAVAILABLE}
2020-07-24 03:08:30,229 [Datanode State Machine Thread - 0] INFO  statemachine.DatanodeStateMachine (DatanodeStateMachine.java:lambda$startDaemon$0(397)) - Ozone container server started.
2020-07-24 03:08:30,259 [grpc-default-executor-6] WARN  server.GrpcLogAppender (LogUtils.java:warn(122)) - 92be74e1-a445-481a-9270-f78b33ea1757@group-32B42E1C91C9->0b6ef10e-2f36-4e94-b43e-5e4c71f7d9dd-AppendLogResponseHandler: Failed appendEntries: org.apache.ratis.thirdparty.io.grpc.StatusRuntimeException: UNAVAILABLE: io exception
2020-07-24 03:08:30,261 [grpc-default-executor-6] INFO  impl.FollowerInfo (FollowerInfo.java:lambda$new$0(51)) - 92be74e1-a445-481a-9270-f78b33ea1757@group-32B42E1C91C9->0b6ef10e-2f36-4e94-b43e-5e4c71f7d9dd: nextIndex: updateUnconditionally 1 -> 0
2020-07-24 03:08:30,994 [Datanode State Machine Thread - 0] INFO  statemachine.DatanodeStateMachine (DatanodeStateMachine.java:lambda$startDaemon$0(397)) - Ozone container server started.
2020-07-24 03:08:32,759 [grpc-default-executor-6] WARN  server.GrpcLogAppender (LogUtils.java:warn(122)) - 92be74e1-a445-481a-9270-f78b33ea1757@group-32B42E1C91C9->0b6ef10e-2f36-4e94-b43e-5e4c71f7d9dd-AppendLogResponseHandler: Failed appendEntries: org.apache.ratis.thirdparty.io.grpc.StatusRuntimeException: UNAVAILABLE: io exception
2020-07-24 03:08:32,761 [grpc-default-executor-6] INFO  impl.FollowerInfo (FollowerInfo.java:lambda$new$0(51)) - 92be74e1-a445-481a-9270-f78b33ea1757@group-32B42E1C91C9->0b6ef10e-2f36-4e94-b43e-5e4c71f7d9dd: nextIndex: updateUnconditionally 1 -> 0
2020-07-24 03:08:35,216 [ForkJoinPool.commonPool-worker-0] INFO  ozoneimpl.OzoneContainer (OzoneContainer.java:stop(250)) - Attempting to stop container services.
2020-07-24 03:08:35,216 [ForkJoinPool.commonPool-worker-0] INFO  impl.RaftServerProxy (RaftServerProxy.java:lambda$close$4(319)) - 92be74e1-a445-481a-9270-f78b33ea1757: close
2020-07-24 03:08:35,217 [ForkJoinPool.commonPool-worker-0] INFO  impl.RaftServerImpl (RaftServerImpl.java:lambda$shutdown$3(263)) - 92be74e1-a445-481a-9270-f78b33ea1757@group-32B42E1C91C9: shutdown
2020-07-24 03:08:35,217 [ForkJoinPool.commonPool-worker-0] INFO  util.JmxRegister (JmxRegister.java:unregister(73)) - Successfully un-registered JMX Bean with object name Ratis:service=RaftServer,group=group-32B42E1C91C9,id=92be74e1-a445-481a-9270-f78b33ea1757
2020-07-24 03:08:35,217 [ForkJoinPool.commonPool-worker-0] INFO  impl.RoleInfo (RoleInfo.java:shutdownLeaderState(104)) - 92be74e1-a445-481a-9270-f78b33ea1757: shutdown LeaderState
2020-07-24 03:08:35,217 [ForkJoinPool.commonPool-worker-0] INFO  metrics.RatisMetrics (RatisMetrics.java:unregister(43)) - Unregistering Metrics Registry : ratis_grpc.log_appender.92be74e1-a445-481a-9270-f78b33ea1757@group-32B42E1C91C9
2020-07-24 03:08:35,217 [ForkJoinPool.commonPool-worker-0] INFO  metrics.RatisMetrics (RatisMetrics.java:unregister(43)) - Unregistering Metrics Registry : ratis_grpc.log_appender.92be74e1-a445-481a-9270-f78b33ea1757@group-32B42E1C91C9
2020-07-24 03:08:35,217 [org.apache.ratis.server.impl.LogAppender$AppenderDaemon$$Lambda$448/1636659908@215c1ddd] WARN  server.GrpcLogAppender (GrpcLogAppender.java:mayWait(153)) - 92be74e1-a445-481a-9270-f78b33ea1757@group-32B42E1C91C9->0b6ef10e-2f36-4e94-b43e-5e4c71f7d9dd-GrpcLogAppender: Wait interrupted by java.lang.InterruptedException
2020-07-24 03:08:35,218 [org.apache.ratis.server.impl.LogAppender$AppenderDaemon$$Lambda$448/1636659908@2e406272] WARN  server.GrpcLogAppender (GrpcLogAppender.java:mayWait(153)) - 92be74e1-a445-481a-9270-f78b33ea1757@group-32B42E1C91C9->b2995f92-8b7c-4587-b52b-d4ed19f98a91-GrpcLogAppender: Wait interrupted by java.lang.InterruptedException
2020-07-24 03:08:35,218 [ForkJoinPool.commonPool-worker-0] INFO  impl.PendingRequests (PendingRequests.java:sendNotLeaderResponses(249)) - 92be74e1-a445-481a-9270-f78b33ea1757@group-32B42E1C91C9-PendingRequests: sendNotLeaderResponses
2020-07-24 03:08:35,219 [ForkJoinPool.commonPool-worker-0] INFO  metrics.RatisMetrics (RatisMetrics.java:unregister(43)) - Unregistering Metrics Registry : ratis.log_appender.92be74e1-a445-481a-9270-f78b33ea1757@group-32B42E1C91C9
2020-07-24 03:08:35,219 [ForkJoinPool.commonPool-worker-0] INFO  metrics.RatisMetrics (RatisMetrics.java:unregister(43)) - Unregistering Metrics Registry : ratis.server.92be74e1-a445-481a-9270-f78b33ea1757@group-32B42E1C91C9
2020-07-24 03:08:35,219 [grpc-default-executor-1] INFO  server.GrpcServerProtocolService (GrpcServerProtocolService.java:onCompleted(138)) - b2995f92-8b7c-4587-b52b-d4ed19f98a91: Completed APPEND_ENTRIES, lastRequest: 92be74e1-a445-481a-9270-f78b33ea1757->b2995f92-8b7c-4587-b52b-d4ed19f98a91#1-t1, previous=(t:0, i:0), leaderCommit=0, initializing? false, entries: size=1, first=(t:1, i:0), CONFIGURATIONENTRY
2020-07-24 03:08:35,220 [grpc-default-executor-6] INFO  server.GrpcLogAppender (GrpcLogAppender.java:onCompleted(319)) - 92be74e1-a445-481a-9270-f78b33ea1757@group-32B42E1C91C9->b2995f92-8b7c-4587-b52b-d4ed19f98a91-AppendLogResponseHandler: follower responses appendEntries COMPLETED
2020-07-24 03:08:35,220 [Listener at 127.0.0.1/43665] INFO  ozoneimpl.OzoneContainer (OzoneContainer.java:stop(250)) - Attempting to stop container services.
2020-07-24 03:08:35,221 [92be74e1-a445-481a-9270-f78b33ea1757@group-32B42E1C91C9-StateMachineUpdater] INFO  ratis.ContainerStateMachine (ContainerStateMachine.java:takeSnapshot(293)) - group-32B42E1C91C9: Taking a snapshot at:(t:1, i:0) file /github/workspace/mnt/ozone/hadoop-ozone/integration-test/target/test-dir/MiniOzoneClusterImpl-7a66fb8e-ad0e-46df-b237-2ffa69f4ef17/datanode-0/data/ratis/047813f1-5512-41d1-a33b-32b42e1c91c9/sm/snapshot.1_0
2020-07-24 03:08:35,221 [Listener at 127.0.0.1/43665] INFO  impl.RaftServerProxy (RaftServerProxy.java:lambda$close$4(319)) - b1effa6e-0839-4981-b888-c1f6d27077b4: close
2020-07-24 03:08:35,222 [Listener at 127.0.0.1/43665] INFO  impl.RaftServerImpl (RaftServerImpl.java:lambda$shutdown$3(263)) - b1effa6e-0839-4981-b888-c1f6d27077b4@group-991DC916B611: shutdown
2020-07-24 03:08:35,221 [grpc-default-executor-6] INFO  impl.FollowerInfo (FollowerInfo.java:lambda$new$0(51)) - 92be74e1-a445-481a-9270-f78b33ea1757@group-32B42E1C91C9->b2995f92-8b7c-4587-b52b-d4ed19f98a91: nextIndex: updateUnconditionally 1 -> 0
2020-07-24 03:08:35,222 [Listener at 127.0.0.1/43665] INFO  util.JmxRegister (JmxRegister.java:unregister(73)) - Successfully un-registered JMX Bean with object name Ratis:service=RaftServer,group=group-991DC916B611,id=b1effa6e-0839-4981-b888-c1f6d27077b4
2020-07-24 03:08:35,222 [Listener at 127.0.0.1/43665] INFO  impl.RoleInfo (RoleInfo.java:shutdownFollowerState(121)) - b1effa6e-0839-4981-b888-c1f6d27077b4: shutdown FollowerState
2020-07-24 03:08:35,222 [Listener at 127.0.0.1/43665] INFO  impl.StateMachineUpdater (StateMachineUpdater.java:stopAndJoin(142)) - b1effa6e-0839-4981-b888-c1f6d27077b4@group-991DC916B611-StateMachineUpdater: set stopIndex = 0
2020-07-24 03:08:35,222 [Thread-1364] INFO  impl.FollowerState (FollowerState.java:run(117)) - b1effa6e-0839-4981-b888-c1f6d27077b4@group-991DC916B611-FollowerState was interrupted: java.lang.InterruptedException: sleep interrupted
2020-07-24 03:08:35,222 [b1effa6e-0839-4981-b888-c1f6d27077b4@group-991DC916B611-StateMachineUpdater] INFO  ratis.ContainerStateMachine (ContainerStateMachine.java:takeSnapshot(293)) - group-991DC916B611: Taking a snapshot at:(t:1, i:0) file /github/workspace/mnt/ozone/hadoop-ozone/integration-test/target/test-dir/MiniOzoneClusterImpl-7a66fb8e-ad0e-46df-b237-2ffa69f4ef17/datanode-7/data/ratis/c9fa7889-39c9-47ca-9258-991dc916b611/sm/snapshot.1_0
2020-07-24 03:08:35,223 [92be74e1-a445-481a-9270-f78b33ea1757@group-32B42E1C91C9-StateMachineUpdater] INFO  ratis.ContainerStateMachine (ContainerStateMachine.java:takeSnapshot(304)) - group-32B42E1C91C9: Finished taking a snapshot at:(t:1, i:0) file:/github/workspace/mnt/ozone/hadoop-ozone/integration-test/target/test-dir/MiniOzoneClusterImpl-7a66fb8e-ad0e-46df-b237-2ffa69f4ef17/datanode-0/data/ratis/047813f1-5512-41d1-a33b-32b42e1c91c9/sm/snapshot.1_0 time:2
2020-07-24 03:08:35,224 [b1effa6e-0839-4981-b888-c1f6d27077b4@group-991DC916B611-StateMachineUpdater] INFO  ratis.ContainerStateMachine (ContainerStateMachine.java:takeSnapshot(304)) - group-991DC916B611: Finished taking a snapshot at:(t:1, i:0) file:/github/workspace/mnt/ozone/hadoop-ozone/integration-test/target/test-dir/MiniOzoneClusterImpl-7a66fb8e-ad0e-46df-b237-2ffa69f4ef17/datanode-7/data/ratis/c9fa7889-39c9-47ca-9258-991dc916b611/sm/snapshot.1_0 time:1
2020-07-24 03:08:35,224 [b1effa6e-0839-4981-b888-c1f6d27077b4@group-991DC916B611-StateMachineUpdater] INFO  impl.StateMachineUpdater (StateMachineUpdater.java:takeSnapshot(277)) - b1effa6e-0839-4981-b888-c1f6d27077b4@group-991DC916B611-StateMachineUpdater: Took a snapshot at index 0
2020-07-24 03:08:35,224 [b1effa6e-0839-4981-b888-c1f6d27077b4@group-991DC916B611-StateMachineUpdater] INFO  impl.StateMachineUpdater (StateMachineUpdater.java:lambda$new$0(87)) - b1effa6e-0839-4981-b888-c1f6d27077b4@group-991DC916B611-StateMachineUpdater: snapshotIndex: updateIncreasingly -1 -> 0
2020-07-24 03:08:35,224 [b1effa6e-0839-4981-b888-c1f6d27077b4@group-991DC916B611-StateMachineUpdater] INFO  metrics.RatisMetrics (RatisMetrics.java:unregister(43)) - Unregistering Metrics Registry : ratis.state_machine.b1effa6e-0839-4981-b888-c1f6d27077b4@group-991DC916B611
2020-07-24 03:08:35,224 [Listener at 127.0.0.1/43665] INFO  impl.RaftServerImpl (ServerState.java:close(387)) - b1effa6e-0839-4981-b888-c1f6d27077b4@group-991DC916B611: closes. applyIndex: 0
2020-07-24 03:08:35,225 [b1effa6e-0839-4981-b888-c1f6d27077b4@group-991DC916B611-SegmentedRaftLogWorker] INFO  segmented.SegmentedRaftLogWorker (SegmentedRaftLogWorker.java:run(327)) - b1effa6e-0839-4981-b888-c1f6d27077b4@group-991DC916B611-SegmentedRaftLogWorker was interrupted, exiting. There are 0 tasks remaining in the queue.
2020-07-24 03:08:35,225 [ForkJoinPool.commonPool-worker-0] INFO  impl.StateMachineUpdater (StateMachineUpdater.java:stopAndJoin(142)) - 92be74e1-a445-481a-9270-f78b33ea1757@group-32B42E1C91C9-StateMachineUpdater: set stopIndex = 0
2020-07-24 03:08:35,225 [Listener at 127.0.0.1/43665] INFO  segmented.SegmentedRaftLogWorker (SegmentedRaftLogWorker.java:close(234)) - b1effa6e-0839-4981-b888-c1f6d27077b4@group-991DC916B611-SegmentedRaftLogWorker close()
2020-07-24 03:08:35,225 [92be74e1-a445-481a-9270-f78b33ea1757@group-32B42E1C91C9-StateMachineUpdater] INFO  impl.StateMachineUpdater (StateMachineUpdater.java:takeSnapshot(277)) - 92be74e1-a445-481a-9270-f78b33ea1757@group-32B42E1C91C9-StateMachineUpdater: Took a snapshot at index 0
2020-07-24 03:08:35,226 [92be74e1-a445-481a-9270-f78b33ea1757@group-32B42E1C91C9-StateMachineUpdater] INFO  impl.StateMachineUpdater (StateMachineUpdater.java:lambda$new$0(87)) - 92be74e1-a445-481a-9270-f78b33ea1757@group-32B42E1C91C9-StateMachineUpdater: snapshotIndex: updateIncreasingly -1 -> 0
2020-07-24 03:08:35,226 [92be74e1-a445-481a-9270-f78b33ea1757@group-32B42E1C91C9-StateMachineUpdater] INFO  metrics.RatisMetrics (RatisMetrics.java:unregister(43)) - Unregistering Metrics Registry : ratis.state_machine.92be74e1-a445-481a-9270-f78b33ea1757@group-32B42E1C91C9
2020-07-24 03:08:35,226 [ForkJoinPool.commonPool-worker-0] INFO  impl.RaftServerImpl (ServerState.java:close(387)) - 92be74e1-a445-481a-9270-f78b33ea1757@group-32B42E1C91C9: closes. applyIndex: 0
2020-07-24 03:08:35,227 [92be74e1-a445-481a-9270-f78b33ea1757@group-32B42E1C91C9-SegmentedRaftLogWorker] INFO  segmented.SegmentedRaftLogWorker (SegmentedRaftLogWorker.java:run(327)) - 92be74e1-a445-481a-9270-f78b33ea1757@group-32B42E1C91C9-SegmentedRaftLogWorker was interrupted, exiting. There are 0 tasks remaining in the queue.
2020-07-24 03:08:35,227 [Listener at 127.0.0.1/43665] INFO  metrics.RatisMetrics (RatisMetrics.java:unregister(43)) - Unregistering Metrics Registry : ratis.log_worker.b1effa6e-0839-4981-b888-c1f6d27077b4@group-991DC916B611
2020-07-24 03:08:35,227 [Listener at 127.0.0.1/43665] INFO  metrics.RatisMetrics (RatisMetrics.java:unregister(43)) - Unregistering Metrics Registry : ratis.leader_election.b1effa6e-0839-4981-b888-c1f6d27077b4@group-991DC916B611
2020-07-24 03:08:35,227 [Listener at 127.0.0.1/43665] INFO  metrics.RatisMetrics (RatisMetrics.java:unregister(43)) - Unregistering Metrics Registry : ratis.server.b1effa6e-0839-4981-b888-c1f6d27077b4@group-991DC916B611
2020-07-24 03:08:35,228 [Listener at 127.0.0.1/43665] INFO  impl.RaftServerImpl (RaftServerImpl.java:lambda$shutdown$3(263)) - b1effa6e-0839-4981-b888-c1f6d27077b4@group-21A941C38AB8: shutdown
2020-07-24 03:08:35,228 [Listener at 127.0.0.1/43665] INFO  util.JmxRegister (JmxRegister.java:unregister(73)) - Successfully un-registered JMX Bean with object name Ratis:service=RaftServer,group=group-21A941C38AB8,id=b1effa6e-0839-4981-b888-c1f6d27077b4
2020-07-24 03:08:35,228 [Listener at 127.0.0.1/43665] INFO  impl.RoleInfo (RoleInfo.java:shutdownLeaderState(104)) - b1effa6e-0839-4981-b888-c1f6d27077b4: shutdown LeaderState
2020-07-24 03:08:35,228 [Listener at 127.0.0.1/43665] INFO  impl.PendingRequests (PendingRequests.java:sendNotLeaderResponses(249)) - b1effa6e-0839-4981-b888-c1f6d27077b4@group-21A941C38AB8-PendingRequests: sendNotLeaderResponses
2020-07-24 03:08:35,228 [Listener at 127.0.0.1/43665] INFO  metrics.RatisMetrics (RatisMetrics.java:unregister(43)) - Unregistering Metrics Registry : ratis.log_appender.b1effa6e-0839-4981-b888-c1f6d27077b4@group-21A941C38AB8
2020-07-24 03:08:35,229 [Listener at 127.0.0.1/43665] INFO  metrics.RatisMetrics (RatisMetrics.java:unregister(43)) - Unregistering Metrics Registry : ratis.server.b1effa6e-0839-4981-b888-c1f6d27077b4@group-21A941C38AB8
2020-07-24 03:08:35,229 [Listener at 127.0.0.1/43665] INFO  impl.StateMachineUpdater (StateMachineUpdater.java:stopAndJoin(142)) - b1effa6e-0839-4981-b888-c1f6d27077b4@group-21A941C38AB8-StateMachineUpdater: set stopIndex = 0
2020-07-24 03:08:35,230 [b1effa6e-0839-4981-b888-c1f6d27077b4@group-21A941C38AB8-StateMachineUpdater] INFO  ratis.ContainerStateMachine (ContainerStateMachine.java:takeSnapshot(293)) - group-21A941C38AB8: Taking a snapshot at:(t:1, i:0) file /github/workspace/mnt/ozone/hadoop-ozone/integration-test/target/test-dir/MiniOzoneClusterImpl-7a66fb8e-ad0e-46df-b237-2ffa69f4ef17/datanode-7/data/ratis/d3c184c1-4afb-43d1-9f6d-21a941c38ab8/sm/snapshot.1_0
2020-07-24 03:08:35,230 [b1effa6e-0839-4981-b888-c1f6d27077b4@group-21A941C38AB8-StateMachineUpdater] INFO  ratis.ContainerStateMachine (ContainerStateMachine.java:takeSnapshot(304)) - group-21A941C38AB8: Finished taking a snapshot at:(t:1, i:0) file:/github/workspace/mnt/ozone/hadoop-ozone/integration-test/target/test-dir/MiniOzoneClusterImpl-7a66fb8e-ad0e-46df-b237-2ffa69f4ef17/datanode-7/data/ratis/d3c184c1-4afb-43d1-9f6d-21a941c38ab8/sm/snapshot.1_0 time:0
2020-07-24 03:08:35,230 [b1effa6e-0839-4981-b888-c1f6d27077b4@group-21A941C38AB8-StateMachineUpdater] INFO  impl.StateMachineUpdater (StateMachineUpdater.java:takeSnapshot(277)) - b1effa6e-0839-4981-b888-c1f6d27077b4@group-21A941C38AB8-StateMachineUpdater: Took a snapshot at index 0
2020-07-24 03:08:35,230 [b1effa6e-0839-4981-b888-c1f6d27077b4@group-21A941C38AB8-StateMachineUpdater] INFO  impl.StateMachineUpdater (StateMachineUpdater.java:lambda$new$0(87)) - b1effa6e-0839-4981-b888-c1f6d27077b4@group-21A941C38AB8-StateMachineUpdater: snapshotIndex: updateIncreasingly -1 -> 0
2020-07-24 03:08:35,230 [b1effa6e-0839-4981-b888-c1f6d27077b4@group-21A941C38AB8-StateMachineUpdater] INFO  metrics.RatisMetrics (RatisMetrics.java:unregister(43)) - Unregistering Metrics Registry : ratis.state_machine.b1effa6e-0839-4981-b888-c1f6d27077b4@group-21A941C38AB8
2020-07-24 03:08:35,231 [ForkJoinPool.commonPool-worker-0] INFO  segmented.SegmentedRaftLogWorker (SegmentedRaftLogWorker.java:close(234)) - 92be74e1-a445-481a-9270-f78b33ea1757@group-32B42E1C91C9-SegmentedRaftLogWorker close()
2020-07-24 03:08:35,231 [Listener at 127.0.0.1/43665] INFO  impl.RaftServerImpl (ServerState.java:close(387)) - b1effa6e-0839-4981-b888-c1f6d27077b4@group-21A941C38AB8: closes. applyIndex: 0
2020-07-24 03:08:35,231 [b1effa6e-0839-4981-b888-c1f6d27077b4@group-21A941C38AB8-SegmentedRaftLogWorker] INFO  segmented.SegmentedRaftLogWorker (SegmentedRaftLogWorker.java:run(327)) - b1effa6e-0839-4981-b888-c1f6d27077b4@group-21A941C38AB8-SegmentedRaftLogWorker was interrupted, exiting. There are 0 tasks remaining in the queue.
2020-07-24 03:08:35,233 [Listener at 127.0.0.1/43665] INFO  segmented.SegmentedRaftLogWorker (SegmentedRaftLogWorker.java:close(234)) - b1effa6e-0839-4981-b888-c1f6d27077b4@group-21A941C38AB8-SegmentedRaftLogWorker close()
2020-07-24 03:08:35,234 [ForkJoinPool.commonPool-worker-0] INFO  metrics.RatisMetrics (RatisMetrics.java:unregister(43)) - Unregistering Metrics Registry : ratis.log_worker.92be74e1-a445-481a-9270-f78b33ea1757@group-32B42E1C91C9
2020-07-24 03:08:35,234 [ForkJoinPool.commonPool-worker-0] INFO  metrics.RatisMetrics (RatisMetrics.java:unregister(43)) - Unregistering Metrics Registry : ratis.leader_election.92be74e1-a445-481a-9270-f78b33ea1757@group-32B42E1C91C9
2020-07-24 03:08:35,234 [ForkJoinPool.commonPool-worker-0] INFO  metrics.RatisMetrics (RatisMetrics.java:unregister(43)) - Unregistering Metrics Registry : ratis.server.92be74e1-a445-481a-9270-f78b33ea1757@group-32B42E1C91C9
2020-07-24 03:08:35,234 [ForkJoinPool.commonPool-worker-0] INFO  impl.RaftServerImpl (RaftServerImpl.java:lambda$shutdown$3(263)) - 92be74e1-a445-481a-9270-f78b33ea1757@group-C469B0346FDE: shutdown
2020-07-24 03:08:35,234 [ForkJoinPool.commonPool-worker-0] INFO  util.JmxRegister (JmxRegister.java:unregister(73)) - Successfully un-registered JMX Bean with object name Ratis:service=RaftServer,group=group-C469B0346FDE,id=92be74e1-a445-481a-9270-f78b33ea1757
2020-07-24 03:08:35,234 [ForkJoinPool.commonPool-worker-0] INFO  impl.RoleInfo (RoleInfo.java:shutdownLeaderState(104)) - 92be74e1-a445-481a-9270-f78b33ea1757: shutdown LeaderState
2020-07-24 03:08:35,234 [ForkJoinPool.commonPool-worker-0] INFO  impl.PendingRequests (PendingRequests.java:sendNotLeaderResponses(249)) - 92be74e1-a445-481a-9270-f78b33ea1757@group-C469B0346FDE-PendingRequests: sendNotLeaderResponses
2020-07-24 03:08:35,235 [ForkJoinPool.commonPool-worker-0] INFO  metrics.RatisMetrics (RatisMetrics.java:unregister(43)) - Unregistering Metrics Registry : ratis.log_appender.92be74e1-a445-481a-9270-f78b33ea1757@group-C469B0346FDE
2020-07-24 03:08:35,235 [ForkJoinPool.commonPool-worker-0] INFO  metrics.RatisMetrics (RatisMetrics.java:unregister(43)) - Unregistering Metrics Registry : ratis.server.92be74e1-a445-481a-9270-f78b33ea1757@group-C469B0346FDE
2020-07-24 03:08:35,236 [ForkJoinPool.commonPool-worker-0] INFO  impl.StateMachineUpdater (StateMachineUpdater.java:stopAndJoin(142)) - 92be74e1-a445-481a-9270-f78b33ea1757@group-C469B0346FDE-StateMachineUpdater: set stopIndex = 0
2020-07-24 03:08:35,234 [Listener at 127.0.0.1/43665] INFO  metrics.RatisMetrics (RatisMetrics.java:unregister(43)) - Unregistering Metrics Registry : ratis.log_worker.b1effa6e-0839-4981-b888-c1f6d27077b4@group-21A941C38AB8
2020-07-24 03:08:35,236 [Listener at 127.0.0.1/43665] INFO  metrics.RatisMetrics (RatisMetrics.java:unregister(43)) - Unregistering Metrics Registry : ratis.leader_election.b1effa6e-0839-4981-b888-c1f6d27077b4@group-21A941C38AB8
2020-07-24 03:08:35,236 [Listener at 127.0.0.1/43665] INFO  metrics.RatisMetrics (RatisMetrics.java:unregister(43)) - Unregistering Metrics Registry : ratis.server.b1effa6e-0839-4981-b888-c1f6d27077b4@group-21A941C38AB8
2020-07-24 03:08:35,236 [Listener at 127.0.0.1/43665] INFO  server.GrpcService (GrpcService.java:closeImpl(166)) - b1effa6e-0839-4981-b888-c1f6d27077b4: shutdown server with port 45919 now
2020-07-24 03:08:35,238 [92be74e1-a445-481a-9270-f78b33ea1757@group-C469B0346FDE-StateMachineUpdater] INFO  ratis.ContainerStateMachine (ContainerStateMachine.java:takeSnapshot(293)) - group-C469B0346FDE: Taking a snapshot at:(t:1, i:0) file /github/workspace/mnt/ozone/hadoop-ozone/integration-test/target/test-dir/MiniOzoneClusterImpl-7a66fb8e-ad0e-46df-b237-2ffa69f4ef17/datanode-0/data/ratis/3e2fad72-a384-4242-bee9-c469b0346fde/sm/snapshot.1_0
2020-07-24 03:08:35,239 [grpc-default-executor-1] WARN  server.GrpcServerProtocolService (LogUtils.java:warn(122)) - b1effa6e-0839-4981-b888-c1f6d27077b4: installSnapshot onError, lastRequest: 78194aa3-cea5-45a1-a381-8dfca4cfa351->b1effa6e-0839-4981-b888-c1f6d27077b4#1-t1, previous=(t:0, i:0), leaderCommit=0, initializing? false, entries: size=1, first=(t:1, i:0), CONFIGURATIONENTRY: org.apache.ratis.thirdparty.io.grpc.StatusRuntimeException: CANCELLED: cancelled before receiving half close
2020-07-24 03:08:35,239 [grpc-default-executor-3] WARN  server.GrpcLogAppender (LogUtils.java:warn(122)) - 78194aa3-cea5-45a1-a381-8dfca4cfa351@group-991DC916B611->b1effa6e-0839-4981-b888-c1f6d27077b4-AppendLogResponseHandler: Failed appendEntries: org.apache.ratis.thirdparty.io.grpc.StatusRuntimeException: CANCELLED: HTTP/2 error code: CANCEL
Received Rst Stream
2020-07-24 03:08:35,239 [Listener at 127.0.0.1/43665] INFO  server.GrpcService (GrpcService.java:closeImpl(174)) - b1effa6e-0839-4981-b888-c1f6d27077b4: shutdown server with port 45919 successfully
2020-07-24 03:08:35,239 [grpc-default-executor-3] INFO  impl.FollowerInfo (FollowerInfo.java:lambda$new$0(51)) - 78194aa3-cea5-45a1-a381-8dfca4cfa351@group-991DC916B611->b1effa6e-0839-4981-b888-c1f6d27077b4: nextIndex: updateUnconditionally 1 -> 0
2020-07-24 03:08:35,240 [92be74e1-a445-481a-9270-f78b33ea1757@group-C469B0346FDE-StateMachineUpdater] INFO  ratis.ContainerStateMachine (ContainerStateMachine.java:takeSnapshot(304)) - group-C469B0346FDE: Finished taking a snapshot at:(t:1, i:0) file:/github/workspace/mnt/ozone/hadoop-ozone/integration-test/target/test-dir/MiniOzoneClusterImpl-7a66fb8e-ad0e-46df-b237-2ffa69f4ef17/datanode-0/data/ratis/3e2fad72-a384-4242-bee9-c469b0346fde/sm/snapshot.1_0 time:2
2020-07-24 03:08:35,240 [Listener at 127.0.0.1/43665] INFO  utils.BackgroundService (BackgroundService.java:shutdown(157)) - Shutting down service BlockDeletingService
2020-07-24 03:08:35,240 [92be74e1-a445-481a-9270-f78b33ea1757@group-C469B0346FDE-StateMachineUpdater] INFO  impl.StateMachineUpdater (StateMachineUpdater.java:takeSnapshot(277)) - 92be74e1-a445-481a-9270-f78b33ea1757@group-C469B0346FDE-StateMachineUpdater: Took a snapshot at index 0
2020-07-24 03:08:35,240 [92be74e1-a445-481a-9270-f78b33ea1757@group-C469B0346FDE-StateMachineUpdater] INFO  impl.StateMachineUpdater (StateMachineUpdater.java:lambda$new$0(87)) - 92be74e1-a445-481a-9270-f78b33ea1757@group-C469B0346FDE-StateMachineUpdater: snapshotIndex: updateIncreasingly -1 -> 0
2020-07-24 03:08:35,240 [92be74e1-a445-481a-9270-f78b33ea1757@group-C469B0346FDE-StateMachineUpdater] INFO  metrics.RatisMetrics (RatisMetrics.java:unregister(43)) - Unregistering Metrics Registry : ratis.state_machine.92be74e1-a445-481a-9270-f78b33ea1757@group-C469B0346FDE
2020-07-24 03:08:35,241 [ForkJoinPool.commonPool-worker-0] INFO  impl.RaftServerImpl (ServerState.java:close(387)) - 92be74e1-a445-481a-9270-f78b33ea1757@group-C469B0346FDE: closes. applyIndex: 0
2020-07-24 03:08:35,241 [92be74e1-a445-481a-9270-f78b33ea1757@group-C469B0346FDE-SegmentedRaftLogWorker] INFO  segmented.SegmentedRaftLogWorker (SegmentedRaftLogWorker.java:run(327)) - 92be74e1-a445-481a-9270-f78b33ea1757@group-C469B0346FDE-SegmentedRaftLogWorker was interrupted, exiting. There are 0 tasks remaining in the queue.
2020-07-24 03:08:35,241 [ForkJoinPool.commonPool-worker-0] INFO  segmented.SegmentedRaftLogWorker (SegmentedRaftLogWorker.java:close(234)) - 92be74e1-a445-481a-9270-f78b33ea1757@group-C469B0346FDE-SegmentedRaftLogWorker close()
2020-07-24 03:08:35,245 [ForkJoinPool.commonPool-worker-0] INFO  metrics.RatisMetrics (RatisMetrics.java:unregister(43)) - Unregistering Metrics Registry : ratis.log_worker.92be74e1-a445-481a-9270-f78b33ea1757@group-C469B0346FDE
2020-07-24 03:08:35,245 [ForkJoinPool.commonPool-worker-0] INFO  metrics.RatisMetrics (RatisMetrics.java:unregister(43)) - Unregistering Metrics Registry : ratis.leader_election.92be74e1-a445-481a-9270-f78b33ea1757@group-C469B0346FDE
2020-07-24 03:08:35,245 [ForkJoinPool.commonPool-worker-0] INFO  metrics.RatisMetrics (RatisMetrics.java:unregister(43)) - Unregistering Metrics Registry : ratis.server.92be74e1-a445-481a-9270-f78b33ea1757@group-C469B0346FDE
2020-07-24 03:08:35,245 [ForkJoinPool.commonPool-worker-0] INFO  server.GrpcService (GrpcService.java:closeImpl(166)) - 92be74e1-a445-481a-9270-f78b33ea1757: shutdown server with port 42635 now
2020-07-24 03:08:35,245 [Listener at 127.0.0.1/43665] INFO  statemachine.DatanodeStateMachine (DatanodeStateMachine.java:stopDaemon(445)) - Ozone container server stopped.
2020-07-24 03:08:35,249 [ForkJoinPool.commonPool-worker-0] INFO  server.GrpcService (GrpcService.java:closeImpl(174)) - 92be74e1-a445-481a-9270-f78b33ea1757: shutdown server with port 42635 successfully
2020-07-24 03:08:35,250 [ForkJoinPool.commonPool-worker-0] INFO  utils.BackgroundService (BackgroundService.java:shutdown(157)) - Shutting down service BlockDeletingService
2020-07-24 03:08:35,253 [ForkJoinPool.commonPool-worker-0] INFO  statemachine.DatanodeStateMachine (DatanodeStateMachine.java:stopDaemon(445)) - Ozone container server stopped.
2020-07-24 03:08:35,262 [ForkJoinPool.commonPool-worker-0] INFO  handler.ContextHandler (ContextHandler.java:doStop(1016)) - Stopped o.e.j.w.WebAppContext@6571d5a1{hddsDatanode,/,null,UNAVAILABLE}{jar:file:/home/user/.m2/repository/org/apache/hadoop/hadoop-hdds-container-service/0.6.0-SNAPSHOT/hadoop-hdds-container-service-0.6.0-SNAPSHOT.jar!/webapps/hddsDatanode}
2020-07-24 03:08:35,271 [Listener at 127.0.0.1/43665] INFO  handler.ContextHandler (ContextHandler.java:doStop(1016)) - Stopped o.e.j.w.WebAppContext@734cf1bf{hddsDatanode,/,null,UNAVAILABLE}{jar:file:/home/user/.m2/repository/org/apache/hadoop/hadoop-hdds-container-service/0.6.0-SNAPSHOT/hadoop-hdds-container-service-0.6.0-SNAPSHOT.jar!/webapps/hddsDatanode}
2020-07-24 03:08:35,271 [Listener at 127.0.0.1/43665] INFO  server.AbstractConnector (AbstractConnector.java:doStop(380)) - Stopped ServerConnector@1c1ab84e{HTTP/1.1,[http/1.1]}{0.0.0.0:0}
2020-07-24 03:08:35,271 [Listener at 127.0.0.1/43665] INFO  server.session (HouseKeeper.java:stopScavenging(158)) - node0 Stopped scavenging
2020-07-24 03:08:35,272 [ForkJoinPool.commonPool-worker-0] INFO  server.AbstractConnector (AbstractConnector.java:doStop(380)) - Stopped ServerConnector@18aa9b83{HTTP/1.1,[http/1.1]}{0.0.0.0:0}
2020-07-24 03:08:35,272 [Listener at 127.0.0.1/43665] INFO  handler.ContextHandler (ContextHandler.java:doStop(1016)) - Stopped o.e.j.s.ServletContextHandler@449464fb{static,/static,jar:file:/home/user/.m2/repository/org/apache/hadoop/hadoop-hdds-container-service/0.6.0-SNAPSHOT/hadoop-hdds-container-service-0.6.0-SNAPSHOT.jar!/webapps/static,UNAVAILABLE}
2020-07-24 03:08:35,272 [Listener at 127.0.0.1/43665] INFO  handler.ContextHandler (ContextHandler.java:doStop(1016)) - Stopped o.e.j.s.ServletContextHandler@79e7f5b1{logs,/logs,file:///github/workspace/mnt/ozone/hadoop-ozone/integration-test/target/log,UNAVAILABLE}
2020-07-24 03:08:35,272 [ForkJoinPool.commonPool-worker-0] INFO  server.session (HouseKeeper.java:stopScavenging(158)) - node0 Stopped scavenging
2020-07-24 03:08:35,276 [ForkJoinPool.commonPool-worker-0] INFO  handler.ContextHandler (ContextHandler.java:doStop(1016)) - Stopped o.e.j.s.ServletContextHandler@2604e76{static,/static,jar:file:/home/user/.m2/repository/org/apache/hadoop/hadoop-hdds-container-service/0.6.0-SNAPSHOT/hadoop-hdds-container-service-0.6.0-SNAPSHOT.jar!/webapps/static,UNAVAILABLE}
2020-07-24 03:08:35,278 [ForkJoinPool.commonPool-worker-0] INFO  handler.ContextHandler (ContextHandler.java:doStop(1016)) - Stopped o.e.j.s.ServletContextHandler@1e33dda{logs,/logs,file:///github/workspace/mnt/ozone/hadoop-ozone/integration-test/target/log,UNAVAILABLE}
2020-07-24 03:08:36,026 [Datanode State Machine Thread - 0] INFO  statemachine.DatanodeStateMachine (DatanodeStateMachine.java:lambda$startDaemon$0(397)) - Ozone container server started.
2020-07-24 03:08:36,084 [Datanode State Machine Thread - 0] INFO  statemachine.DatanodeStateMachine (DatanodeStateMachine.java:lambda$startDaemon$0(397)) - Ozone container server started.
2020-07-24 03:08:37,300 [grpc-default-executor-6] WARN  server.GrpcLogAppender (LogUtils.java:warn(122)) - 78194aa3-cea5-45a1-a381-8dfca4cfa351@group-991DC916B611->b1effa6e-0839-4981-b888-c1f6d27077b4-AppendLogResponseHandler: Failed appendEntries: org.apache.ratis.thirdparty.io.grpc.StatusRuntimeException: UNAVAILABLE: io exception
2020-07-24 03:08:37,301 [grpc-default-executor-6] INFO  impl.FollowerInfo (FollowerInfo.java:lambda$new$0(51)) - 78194aa3-cea5-45a1-a381-8dfca4cfa351@group-991DC916B611->b1effa6e-0839-4981-b888-c1f6d27077b4: nextIndex: updateUnconditionally 1 -> 0
2020-07-24 03:08:39,802 [grpc-default-executor-3] WARN  server.GrpcLogAppender (LogUtils.java:warn(122)) - 78194aa3-cea5-45a1-a381-8dfca4cfa351@group-991DC916B611->b1effa6e-0839-4981-b888-c1f6d27077b4-AppendLogResponseHandler: Failed appendEntries: org.apache.ratis.thirdparty.io.grpc.StatusRuntimeException: UNAVAILABLE: io exception
2020-07-24 03:08:39,804 [grpc-default-executor-3] INFO  impl.FollowerInfo (FollowerInfo.java:lambda$new$0(51)) - 78194aa3-cea5-45a1-a381-8dfca4cfa351@group-991DC916B611->b1effa6e-0839-4981-b888-c1f6d27077b4: nextIndex: updateUnconditionally 1 -> 0
2020-07-24 03:08:40,278 [Listener at 127.0.0.1/43665] INFO  ozoneimpl.OzoneContainer (OzoneContainer.java:stop(250)) - Attempting to stop container services.
2020-07-24 03:08:40,279 [Listener at 127.0.0.1/43665] INFO  impl.RaftServerProxy (RaftServerProxy.java:lambda$close$4(319)) - e388aaab-0923-4db4-bf46-c81346b36393: close
2020-07-24 03:08:40,279 [Listener at 127.0.0.1/43665] INFO  impl.RaftServerImpl (RaftServerImpl.java:lambda$shutdown$3(263)) - e388aaab-0923-4db4-bf46-c81346b36393@group-2D41BFE0476D: shutdown
2020-07-24 03:08:40,279 [Listener at 127.0.0.1/43665] INFO  util.JmxRegister (JmxRegister.java:unregister(73)) - Successfully un-registered JMX Bean with object name Ratis:service=RaftServer,group=group-2D41BFE0476D,id=e388aaab-0923-4db4-bf46-c81346b36393
2020-07-24 03:08:40,279 [Listener at 127.0.0.1/43665] INFO  impl.RoleInfo (RoleInfo.java:shutdownLeaderState(104)) - e388aaab-0923-4db4-bf46-c81346b36393: shutdown LeaderState
2020-07-24 03:08:40,279 [ForkJoinPool.commonPool-worker-0] INFO  ozoneimpl.OzoneContainer (OzoneContainer.java:stop(250)) - Attempting to stop container services.
2020-07-24 03:08:40,280 [ForkJoinPool.commonPool-worker-0] INFO  impl.RaftServerProxy (RaftServerProxy.java:lambda$close$4(319)) - b2995f92-8b7c-4587-b52b-d4ed19f98a91: close
2020-07-24 03:08:40,280 [ForkJoinPool.commonPool-worker-0] INFO  impl.RaftServerImpl (RaftServerImpl.java:lambda$shutdown$3(263)) - b2995f92-8b7c-4587-b52b-d4ed19f98a91@group-32B42E1C91C9: shutdown
2020-07-24 03:08:40,280 [ForkJoinPool.commonPool-worker-0] INFO  util.JmxRegister (JmxRegister.java:unregister(73)) - Successfully un-registered JMX Bean with object name Ratis:service=RaftServer,group=group-32B42E1C91C9,id=b2995f92-8b7c-4587-b52b-d4ed19f98a91
2020-07-24 03:08:40,280 [ForkJoinPool.commonPool-worker-0] INFO  impl.RoleInfo (RoleInfo.java:shutdownFollowerState(121)) - b2995f92-8b7c-4587-b52b-d4ed19f98a91: shutdown FollowerState
2020-07-24 03:08:40,280 [ForkJoinPool.commonPool-worker-0] INFO  impl.StateMachineUpdater (StateMachineUpdater.java:stopAndJoin(142)) - b2995f92-8b7c-4587-b52b-d4ed19f98a91@group-32B42E1C91C9-StateMachineUpdater: set stopIndex = 0
2020-07-24 03:08:40,281 [b2995f92-8b7c-4587-b52b-d4ed19f98a91@group-32B42E1C91C9-StateMachineUpdater] INFO  ratis.ContainerStateMachine (ContainerStateMachine.java:takeSnapshot(293)) - group-32B42E1C91C9: Taking a snapshot at:(t:1, i:0) file /github/workspace/mnt/ozone/hadoop-ozone/integration-test/target/test-dir/MiniOzoneClusterImpl-7a66fb8e-ad0e-46df-b237-2ffa69f4ef17/datanode-1/data/ratis/047813f1-5512-41d1-a33b-32b42e1c91c9/sm/snapshot.1_0
2020-07-24 03:08:40,279 [Listener at 127.0.0.1/43665] INFO  impl.PendingRequests (PendingRequests.java:sendNotLeaderResponses(249)) - e388aaab-0923-4db4-bf46-c81346b36393@group-2D41BFE0476D-PendingRequests: sendNotLeaderResponses
2020-07-24 03:08:40,281 [Listener at 127.0.0.1/43665] INFO  metrics.RatisMetrics (RatisMetrics.java:unregister(43)) - Unregistering Metrics Registry : ratis.log_appender.e388aaab-0923-4db4-bf46-c81346b36393@group-2D41BFE0476D
2020-07-24 03:08:40,281 [Listener at 127.0.0.1/43665] INFO  metrics.RatisMetrics (RatisMetrics.java:unregister(43)) - Unregistering Metrics Registry : ratis.server.e388aaab-0923-4db4-bf46-c81346b36393@group-2D41BFE0476D
2020-07-24 03:08:40,282 [Listener at 127.0.0.1/43665] INFO  impl.StateMachineUpdater (StateMachineUpdater.java:stopAndJoin(142)) - e388aaab-0923-4db4-bf46-c81346b36393@group-2D41BFE0476D-StateMachineUpdater: set stopIndex = 0
2020-07-24 03:08:40,280 [Thread-1411] INFO  impl.FollowerState (FollowerState.java:run(117)) - b2995f92-8b7c-4587-b52b-d4ed19f98a91@group-32B42E1C91C9-FollowerState was interrupted: java.lang.InterruptedException: sleep interrupted
2020-07-24 03:08:40,283 [b2995f92-8b7c-4587-b52b-d4ed19f98a91@group-32B42E1C91C9-StateMachineUpdater] INFO  ratis.ContainerStateMachine (ContainerStateMachine.java:takeSnapshot(304)) - group-32B42E1C91C9: Finished taking a snapshot at:(t:1, i:0) file:/github/workspace/mnt/ozone/hadoop-ozone/integration-test/target/test-dir/MiniOzoneClusterImpl-7a66fb8e-ad0e-46df-b237-2ffa69f4ef17/datanode-1/data/ratis/047813f1-5512-41d1-a33b-32b42e1c91c9/sm/snapshot.1_0 time:2
2020-07-24 03:08:40,283 [e388aaab-0923-4db4-bf46-c81346b36393@group-2D41BFE0476D-StateMachineUpdater] INFO  ratis.ContainerStateMachine (ContainerStateMachine.java:takeSnapshot(293)) - group-2D41BFE0476D: Taking a snapshot at:(t:1, i:0) file /github/workspace/mnt/ozone/hadoop-ozone/integration-test/target/test-dir/MiniOzoneClusterImpl-7a66fb8e-ad0e-46df-b237-2ffa69f4ef17/datanode-8/data/ratis/9509ddc4-05de-4fca-bcf5-2d41bfe0476d/sm/snapshot.1_0
2020-07-24 03:08:40,283 [b2995f92-8b7c-4587-b52b-d4ed19f98a91@group-32B42E1C91C9-StateMachineUpdater] INFO  impl.StateMachineUpdater (StateMachineUpdater.java:takeSnapshot(277)) - b2995f92-8b7c-4587-b52b-d4ed19f98a91@group-32B42E1C91C9-StateMachineUpdater: Took a snapshot at index 0
2020-07-24 03:08:40,283 [b2995f92-8b7c-4587-b52b-d4ed19f98a91@group-32B42E1C91C9-StateMachineUpdater] INFO  impl.StateMachineUpdater (StateMachineUpdater.java:lambda$new$0(87)) - b2995f92-8b7c-4587-b52b-d4ed19f98a91@group-32B42E1C91C9-StateMachineUpdater: snapshotIndex: updateIncreasingly -1 -> 0
2020-07-24 03:08:40,284 [e388aaab-0923-4db4-bf46-c81346b36393@group-2D41BFE0476D-StateMachineUpdater] INFO  ratis.ContainerStateMachine (ContainerStateMachine.java:takeSnapshot(304)) - group-2D41BFE0476D: Finished taking a snapshot at:(t:1, i:0) file:/github/workspace/mnt/ozone/hadoop-ozone/integration-test/target/test-dir/MiniOzoneClusterImpl-7a66fb8e-ad0e-46df-b237-2ffa69f4ef17/datanode-8/data/ratis/9509ddc4-05de-4fca-bcf5-2d41bfe0476d/sm/snapshot.1_0 time:1
2020-07-24 03:08:40,284 [b2995f92-8b7c-4587-b52b-d4ed19f98a91@group-32B42E1C91C9-StateMachineUpdater] INFO  metrics.RatisMetrics (RatisMetrics.java:unregister(43)) - Unregistering Metrics Registry : ratis.state_machine.b2995f92-8b7c-4587-b52b-d4ed19f98a91@group-32B42E1C91C9
2020-07-24 03:08:40,284 [e388aaab-0923-4db4-bf46-c81346b36393@group-2D41BFE0476D-StateMachineUpdater] INFO  impl.StateMachineUpdater (StateMachineUpdater.java:takeSnapshot(277)) - e388aaab-0923-4db4-bf46-c81346b36393@group-2D41BFE0476D-StateMachineUpdater: Took a snapshot at index 0
2020-07-24 03:08:40,284 [e388aaab-0923-4db4-bf46-c81346b36393@group-2D41BFE0476D-StateMachineUpdater] INFO  impl.StateMachineUpdater (StateMachineUpdater.java:lambda$new$0(87)) - e388aaab-0923-4db4-bf46-c81346b36393@group-2D41BFE0476D-StateMachineUpdater: snapshotIndex: updateIncreasingly -1 -> 0
2020-07-24 03:08:40,284 [ForkJoinPool.commonPool-worker-0] INFO  impl.RaftServerImpl (ServerState.java:close(387)) - b2995f92-8b7c-4587-b52b-d4ed19f98a91@group-32B42E1C91C9: closes. applyIndex: 0
2020-07-24 03:08:40,284 [e388aaab-0923-4db4-bf46-c81346b36393@group-2D41BFE0476D-StateMachineUpdater] INFO  metrics.RatisMetrics (RatisMetrics.java:unregister(43)) - Unregistering Metrics Registry : ratis.state_machine.e388aaab-0923-4db4-bf46-c81346b36393@group-2D41BFE0476D
2020-07-24 03:08:40,284 [b2995f92-8b7c-4587-b52b-d4ed19f98a91@group-32B42E1C91C9-SegmentedRaftLogWorker] INFO  segmented.SegmentedRaftLogWorker (SegmentedRaftLogWorker.java:run(327)) - b2995f92-8b7c-4587-b52b-d4ed19f98a91@group-32B42E1C91C9-SegmentedRaftLogWorker was interrupted, exiting. There are 0 tasks remaining in the queue.
2020-07-24 03:08:40,285 [Listener at 127.0.0.1/43665] INFO  impl.RaftServerImpl (ServerState.java:close(387)) - e388aaab-0923-4db4-bf46-c81346b36393@group-2D41BFE0476D: closes. applyIndex: 0
2020-07-24 03:08:40,288 [e388aaab-0923-4db4-bf46-c81346b36393@group-2D41BFE0476D-SegmentedRaftLogWorker] INFO  segmented.SegmentedRaftLogWorker (SegmentedRaftLogWorker.java:run(327)) - e388aaab-0923-4db4-bf46-c81346b36393@group-2D41BFE0476D-SegmentedRaftLogWorker was interrupted, exiting. There are 0 tasks remaining in the queue.
2020-07-24 03:08:40,288 [ForkJoinPool.commonPool-worker-0] INFO  segmented.SegmentedRaftLogWorker (SegmentedRaftLogWorker.java:close(234)) - b2995f92-8b7c-4587-b52b-d4ed19f98a91@group-32B42E1C91C9-SegmentedRaftLogWorker close()
2020-07-24 03:08:40,288 [Listener at 127.0.0.1/43665] INFO  segmented.SegmentedRaftLogWorker (SegmentedRaftLogWorker.java:close(234)) - e388aaab-0923-4db4-bf46-c81346b36393@group-2D41BFE0476D-SegmentedRaftLogWorker close()
2020-07-24 03:08:40,289 [ForkJoinPool.commonPool-worker-0] INFO  metrics.RatisMetrics (RatisMetrics.java:unregister(43)) - Unregistering Metrics Registry : ratis.log_worker.b2995f92-8b7c-4587-b52b-d4ed19f98a91@group-32B42E1C91C9
2020-07-24 03:08:40,289 [ForkJoinPool.commonPool-worker-0] INFO  metrics.RatisMetrics (RatisMetrics.java:unregister(43)) - Unregistering Metrics Registry : ratis.leader_election.b2995f92-8b7c-4587-b52b-d4ed19f98a91@group-32B42E1C91C9
2020-07-24 03:08:40,289 [ForkJoinPool.commonPool-worker-0] INFO  metrics.RatisMetrics (RatisMetrics.java:unregister(43)) - Unregistering Metrics Registry : ratis.server.b2995f92-8b7c-4587-b52b-d4ed19f98a91@group-32B42E1C91C9
2020-07-24 03:08:40,289 [ForkJoinPool.commonPool-worker-0] INFO  impl.RaftServerImpl (RaftServerImpl.java:lambda$shutdown$3(263)) - b2995f92-8b7c-4587-b52b-d4ed19f98a91@group-1D480263C32E: shutdown
2020-07-24 03:08:40,289 [ForkJoinPool.commonPool-worker-0] INFO  util.JmxRegister (JmxRegister.java:unregister(73)) - Successfully un-registered JMX Bean with object name Ratis:service=RaftServer,group=group-1D480263C32E,id=b2995f92-8b7c-4587-b52b-d4ed19f98a91
2020-07-24 03:08:40,289 [ForkJoinPool.commonPool-worker-0] INFO  impl.RoleInfo (RoleInfo.java:shutdownLeaderState(104)) - b2995f92-8b7c-4587-b52b-d4ed19f98a91: shutdown LeaderState
2020-07-24 03:08:40,290 [ForkJoinPool.commonPool-worker-0] INFO  impl.PendingRequests (PendingRequests.java:sendNotLeaderResponses(249)) - b2995f92-8b7c-4587-b52b-d4ed19f98a91@group-1D480263C32E-PendingRequests: sendNotLeaderResponses
2020-07-24 03:08:40,290 [ForkJoinPool.commonPool-worker-0] INFO  metrics.RatisMetrics (RatisMetrics.java:unregister(43)) - Unregistering Metrics Registry : ratis.log_appender.b2995f92-8b7c-4587-b52b-d4ed19f98a91@group-1D480263C32E
2020-07-24 03:08:40,290 [ForkJoinPool.commonPool-worker-0] INFO  metrics.RatisMetrics (RatisMetrics.java:unregister(43)) - Unregistering Metrics Registry : ratis.server.b2995f92-8b7c-4587-b52b-d4ed19f98a91@group-1D480263C32E
2020-07-24 03:08:40,291 [ForkJoinPool.commonPool-worker-0] INFO  impl.StateMachineUpdater (StateMachineUpdater.java:stopAndJoin(142)) - b2995f92-8b7c-4587-b52b-d4ed19f98a91@group-1D480263C32E-StateMachineUpdater: set stopIndex = 0
2020-07-24 03:08:40,291 [b2995f92-8b7c-4587-b52b-d4ed19f98a91@group-1D480263C32E-StateMachineUpdater] INFO  ratis.ContainerStateMachine (ContainerStateMachine.java:takeSnapshot(293)) - group-1D480263C32E: Taking a snapshot at:(t:1, i:0) file /github/workspace/mnt/ozone/hadoop-ozone/integration-test/target/test-dir/MiniOzoneClusterImpl-7a66fb8e-ad0e-46df-b237-2ffa69f4ef17/datanode-1/data/ratis/94eba7a4-ec56-4f1f-8009-1d480263c32e/sm/snapshot.1_0
2020-07-24 03:08:40,291 [Listener at 127.0.0.1/43665] INFO  metrics.RatisMetrics (RatisMetrics.java:unregister(43)) - Unregistering Metrics Registry : ratis.log_worker.e388aaab-0923-4db4-bf46-c81346b36393@group-2D41BFE0476D
2020-07-24 03:08:40,292 [Listener at 127.0.0.1/43665] INFO  metrics.RatisMetrics (RatisMetrics.java:unregister(43)) - Unregistering Metrics Registry : ratis.leader_election.e388aaab-0923-4db4-bf46-c81346b36393@group-2D41BFE0476D
2020-07-24 03:08:40,292 [b2995f92-8b7c-4587-b52b-d4ed19f98a91@group-1D480263C32E-StateMachineUpdater] INFO  ratis.ContainerStateMachine (ContainerStateMachine.java:takeSnapshot(304)) - group-1D480263C32E: Finished taking a snapshot at:(t:1, i:0) file:/github/workspace/mnt/ozone/hadoop-ozone/integration-test/target/test-dir/MiniOzoneClusterImpl-7a66fb8e-ad0e-46df-b237-2ffa69f4ef17/datanode-1/data/ratis/94eba7a4-ec56-4f1f-8009-1d480263c32e/sm/snapshot.1_0 time:1
2020-07-24 03:08:40,292 [b2995f92-8b7c-4587-b52b-d4ed19f98a91@group-1D480263C32E-StateMachineUpdater] INFO  impl.StateMachineUpdater (StateMachineUpdater.java:takeSnapshot(277)) - b2995f92-8b7c-4587-b52b-d4ed19f98a91@group-1D480263C32E-StateMachineUpdater: Took a snapshot at index 0
2020-07-24 03:08:40,292 [b2995f92-8b7c-4587-b52b-d4ed19f98a91@group-1D480263C32E-StateMachineUpdater] INFO  impl.StateMachineUpdater (StateMachineUpdater.java:lambda$new$0(87)) - b2995f92-8b7c-4587-b52b-d4ed19f98a91@group-1D480263C32E-StateMachineUpdater: snapshotIndex: updateIncreasingly -1 -> 0
2020-07-24 03:08:40,292 [b2995f92-8b7c-4587-b52b-d4ed19f98a91@group-1D480263C32E-StateMachineUpdater] INFO  metrics.RatisMetrics (RatisMetrics.java:unregister(43)) - Unregistering Metrics Registry : ratis.state_machine.b2995f92-8b7c-4587-b52b-d4ed19f98a91@group-1D480263C32E
2020-07-24 03:08:40,292 [ForkJoinPool.commonPool-worker-0] INFO  impl.RaftServerImpl (ServerState.java:close(387)) - b2995f92-8b7c-4587-b52b-d4ed19f98a91@group-1D480263C32E: closes. applyIndex: 0
2020-07-24 03:08:40,293 [Listener at 127.0.0.1/43665] INFO  metrics.RatisMetrics (RatisMetrics.java:unregister(43)) - Unregistering Metrics Registry : ratis.server.e388aaab-0923-4db4-bf46-c81346b36393@group-2D41BFE0476D
2020-07-24 03:08:40,293 [b2995f92-8b7c-4587-b52b-d4ed19f98a91@group-1D480263C32E-SegmentedRaftLogWorker] INFO  segmented.SegmentedRaftLogWorker (SegmentedRaftLogWorker.java:run(327)) - b2995f92-8b7c-4587-b52b-d4ed19f98a91@group-1D480263C32E-SegmentedRaftLogWorker was interrupted, exiting. There are 0 tasks remaining in the queue.
2020-07-24 03:08:40,293 [ForkJoinPool.commonPool-worker-0] INFO  segmented.SegmentedRaftLogWorker (SegmentedRaftLogWorker.java:close(234)) - b2995f92-8b7c-4587-b52b-d4ed19f98a91@group-1D480263C32E-SegmentedRaftLogWorker close()
2020-07-24 03:08:40,293 [Listener at 127.0.0.1/43665] INFO  impl.RaftServerImpl (RaftServerImpl.java:lambda$shutdown$3(263)) - e388aaab-0923-4db4-bf46-c81346b36393@group-991DC916B611: shutdown
2020-07-24 03:08:40,294 [ForkJoinPool.commonPool-worker-0] INFO  metrics.RatisMetrics (RatisMetrics.java:unregister(43)) - Unregistering Metrics Registry : ratis.log_worker.b2995f92-8b7c-4587-b52b-d4ed19f98a91@group-1D480263C32E
2020-07-24 03:08:40,294 [ForkJoinPool.commonPool-worker-0] INFO  metrics.RatisMetrics (RatisMetrics.java:unregister(43)) - Unregistering Metrics Registry : ratis.leader_election.b2995f92-8b7c-4587-b52b-d4ed19f98a91@group-1D480263C32E
2020-07-24 03:08:40,294 [ForkJoinPool.commonPool-worker-0] INFO  metrics.RatisMetrics (RatisMetrics.java:unregister(43)) - Unregistering Metrics Registry : ratis.server.b2995f92-8b7c-4587-b52b-d4ed19f98a91@group-1D480263C32E
2020-07-24 03:08:40,294 [Listener at 127.0.0.1/43665] INFO  util.JmxRegister (JmxRegister.java:unregister(73)) - Successfully un-registered JMX Bean with object name Ratis:service=RaftServer,group=group-991DC916B611,id=e388aaab-0923-4db4-bf46-c81346b36393
2020-07-24 03:08:40,294 [Listener at 127.0.0.1/43665] INFO  impl.RoleInfo (RoleInfo.java:shutdownFollowerState(121)) - e388aaab-0923-4db4-bf46-c81346b36393: shutdown FollowerState
2020-07-24 03:08:40,294 [ForkJoinPool.commonPool-worker-0] INFO  server.GrpcService (GrpcService.java:closeImpl(166)) - b2995f92-8b7c-4587-b52b-d4ed19f98a91: shutdown server with port 36971 now
2020-07-24 03:08:40,295 [Thread-1365] INFO  impl.FollowerState (FollowerState.java:run(117)) - e388aaab-0923-4db4-bf46-c81346b36393@group-991DC916B611-FollowerState was interrupted: java.lang.InterruptedException: sleep interrupted
2020-07-24 03:08:40,295 [Listener at 127.0.0.1/43665] INFO  impl.StateMachineUpdater (StateMachineUpdater.java:stopAndJoin(142)) - e388aaab-0923-4db4-bf46-c81346b36393@group-991DC916B611-StateMachineUpdater: set stopIndex = 0
2020-07-24 03:08:40,295 [e388aaab-0923-4db4-bf46-c81346b36393@group-991DC916B611-StateMachineUpdater] INFO  ratis.ContainerStateMachine (ContainerStateMachine.java:takeSnapshot(293)) - group-991DC916B611: Taking a snapshot at:(t:1, i:0) file /github/workspace/mnt/ozone/hadoop-ozone/integration-test/target/test-dir/MiniOzoneClusterImpl-7a66fb8e-ad0e-46df-b237-2ffa69f4ef17/datanode-8/data/ratis/c9fa7889-39c9-47ca-9258-991dc916b611/sm/snapshot.1_0
2020-07-24 03:08:40,296 [e388aaab-0923-4db4-bf46-c81346b36393@group-991DC916B611-StateMachineUpdater] INFO  ratis.ContainerStateMachine (ContainerStateMachine.java:takeSnapshot(304)) - group-991DC916B611: Finished taking a snapshot at:(t:1, i:0) file:/github/workspace/mnt/ozone/hadoop-ozone/integration-test/target/test-dir/MiniOzoneClusterImpl-7a66fb8e-ad0e-46df-b237-2ffa69f4ef17/datanode-8/data/ratis/c9fa7889-39c9-47ca-9258-991dc916b611/sm/snapshot.1_0 time:1
2020-07-24 03:08:40,296 [ForkJoinPool.commonPool-worker-0] INFO  server.GrpcService (GrpcService.java:closeImpl(174)) - b2995f92-8b7c-4587-b52b-d4ed19f98a91: shutdown server with port 36971 successfully
2020-07-24 03:08:40,296 [e388aaab-0923-4db4-bf46-c81346b36393@group-991DC916B611-StateMachineUpdater] INFO  impl.StateMachineUpdater (StateMachineUpdater.java:takeSnapshot(277)) - e388aaab-0923-4db4-bf46-c81346b36393@group-991DC916B611-StateMachineUpdater: Took a snapshot at index 0
2020-07-24 03:08:40,296 [e388aaab-0923-4db4-bf46-c81346b36393@group-991DC916B611-StateMachineUpdater] INFO  impl.StateMachineUpdater (StateMachineUpdater.java:lambda$new$0(87)) - e388aaab-0923-4db4-bf46-c81346b36393@group-991DC916B611-StateMachineUpdater: snapshotIndex: updateIncreasingly -1 -> 0
2020-07-24 03:08:40,296 [e388aaab-0923-4db4-bf46-c81346b36393@group-991DC916B611-StateMachineUpdater] INFO  metrics.RatisMetrics (RatisMetrics.java:unregister(43)) - Unregistering Metrics Registry : ratis.state_machine.e388aaab-0923-4db4-bf46-c81346b36393@group-991DC916B611
2020-07-24 03:08:40,296 [Listener at 127.0.0.1/43665] INFO  impl.RaftServerImpl (ServerState.java:close(387)) - e388aaab-0923-4db4-bf46-c81346b36393@group-991DC916B611: closes. applyIndex: 0
2020-07-24 03:08:40,297 [e388aaab-0923-4db4-bf46-c81346b36393@group-991DC916B611-SegmentedRaftLogWorker] INFO  segmented.SegmentedRaftLogWorker (SegmentedRaftLogWorker.java:run(327)) - e388aaab-0923-4db4-bf46-c81346b36393@group-991DC916B611-SegmentedRaftLogWorker was interrupted, exiting. There are 0 tasks remaining in the queue.
2020-07-24 03:08:40,297 [Listener at 127.0.0.1/43665] INFO  segmented.SegmentedRaftLogWorker (SegmentedRaftLogWorker.java:close(234)) - e388aaab-0923-4db4-bf46-c81346b36393@group-991DC916B611-SegmentedRaftLogWorker close()
2020-07-24 03:08:40,299 [Listener at 127.0.0.1/43665] INFO  metrics.RatisMetrics (RatisMetrics.java:unregister(43)) - Unregistering Metrics Registry : ratis.log_worker.e388aaab-0923-4db4-bf46-c81346b36393@group-991DC916B611
2020-07-24 03:08:40,299 [ForkJoinPool.commonPool-worker-0] INFO  utils.BackgroundService (BackgroundService.java:shutdown(157)) - Shutting down service BlockDeletingService
2020-07-24 03:08:40,299 [Listener at 127.0.0.1/43665] INFO  metrics.RatisMetrics (RatisMetrics.java:unregister(43)) - Unregistering Metrics Registry : ratis.leader_election.e388aaab-0923-4db4-bf46-c81346b36393@group-991DC916B611
2020-07-24 03:08:40,299 [Listener at 127.0.0.1/43665] INFO  metrics.RatisMetrics (RatisMetrics.java:unregister(43)) - Unregistering Metrics Registry : ratis.server.e388aaab-0923-4db4-bf46-c81346b36393@group-991DC916B611
2020-07-24 03:08:40,300 [ForkJoinPool.commonPool-worker-0] INFO  statemachine.DatanodeStateMachine (DatanodeStateMachine.java:stopDaemon(445)) - Ozone container server stopped.
2020-07-24 03:08:40,300 [Listener at 127.0.0.1/43665] INFO  server.GrpcService (GrpcService.java:closeImpl(166)) - e388aaab-0923-4db4-bf46-c81346b36393: shutdown server with port 41099 now
2020-07-24 03:08:40,302 [grpc-default-executor-6] WARN  server.GrpcServerProtocolService (LogUtils.java:warn(122)) - e388aaab-0923-4db4-bf46-c81346b36393: installSnapshot onError, lastRequest: 78194aa3-cea5-45a1-a381-8dfca4cfa351->e388aaab-0923-4db4-bf46-c81346b36393#1-t1, previous=(t:0, i:0), leaderCommit=0, initializing? false, entries: size=1, first=(t:1, i:0), CONFIGURATIONENTRY: org.apache.ratis.thirdparty.io.grpc.StatusRuntimeException: CANCELLED: cancelled before receiving half close
2020-07-24 03:08:40,302 [grpc-default-executor-1] WARN  server.GrpcLogAppender (LogUtils.java:warn(122)) - 78194aa3-cea5-45a1-a381-8dfca4cfa351@group-991DC916B611->e388aaab-0923-4db4-bf46-c81346b36393-AppendLogResponseHandler: Failed appendEntries: org.apache.ratis.thirdparty.io.grpc.StatusRuntimeException: CANCELLED: HTTP/2 error code: CANCEL
Received Rst Stream
2020-07-24 03:08:40,302 [Listener at 127.0.0.1/43665] INFO  server.GrpcService (GrpcService.java:closeImpl(174)) - e388aaab-0923-4db4-bf46-c81346b36393: shutdown server with port 41099 successfully
2020-07-24 03:08:40,303 [grpc-default-executor-1] INFO  impl.FollowerInfo (FollowerInfo.java:lambda$new$0(51)) - 78194aa3-cea5-45a1-a381-8dfca4cfa351@group-991DC916B611->e388aaab-0923-4db4-bf46-c81346b36393: nextIndex: updateUnconditionally 1 -> 0
2020-07-24 03:08:40,304 [Listener at 127.0.0.1/43665] INFO  utils.BackgroundService (BackgroundService.java:shutdown(157)) - Shutting down service BlockDeletingService
2020-07-24 03:08:40,311 [ForkJoinPool.commonPool-worker-0] INFO  handler.ContextHandler (ContextHandler.java:doStop(1016)) - Stopped o.e.j.w.WebAppContext@17c158ca{hddsDatanode,/,null,UNAVAILABLE}{jar:file:/home/user/.m2/repository/org/apache/hadoop/hadoop-hdds-container-service/0.6.0-SNAPSHOT/hadoop-hdds-container-service-0.6.0-SNAPSHOT.jar!/webapps/hddsDatanode}
2020-07-24 03:08:40,311 [Listener at 127.0.0.1/43665] INFO  statemachine.DatanodeStateMachine (DatanodeStateMachine.java:stopDaemon(445)) - Ozone container server stopped.
2020-07-24 03:08:40,312 [ForkJoinPool.commonPool-worker-0] INFO  server.AbstractConnector (AbstractConnector.java:doStop(380)) - Stopped ServerConnector@10b2f8ff{HTTP/1.1,[http/1.1]}{0.0.0.0:0}
2020-07-24 03:08:40,313 [ForkJoinPool.commonPool-worker-0] INFO  server.session (HouseKeeper.java:stopScavenging(158)) - node0 Stopped scavenging
2020-07-24 03:08:40,313 [ForkJoinPool.commonPool-worker-0] INFO  handler.ContextHandler (ContextHandler.java:doStop(1016)) - Stopped o.e.j.s.ServletContextHandler@1613e5ab{static,/static,jar:file:/home/user/.m2/repository/org/apache/hadoop/hadoop-hdds-container-service/0.6.0-SNAPSHOT/hadoop-hdds-container-service-0.6.0-SNAPSHOT.jar!/webapps/static,UNAVAILABLE}
2020-07-24 03:08:40,314 [ForkJoinPool.commonPool-worker-0] INFO  handler.ContextHandler (ContextHandler.java:doStop(1016)) - Stopped o.e.j.s.ServletContextHandler@4861df70{logs,/logs,file:///github/workspace/mnt/ozone/hadoop-ozone/integration-test/target/log,UNAVAILABLE}
2020-07-24 03:08:40,320 [Listener at 127.0.0.1/43665] INFO  handler.ContextHandler (ContextHandler.java:doStop(1016)) - Stopped o.e.j.w.WebAppContext@4cbeae45{hddsDatanode,/,null,UNAVAILABLE}{jar:file:/home/user/.m2/repository/org/apache/hadoop/hadoop-hdds-container-service/0.6.0-SNAPSHOT/hadoop-hdds-container-service-0.6.0-SNAPSHOT.jar!/webapps/hddsDatanode}
2020-07-24 03:08:40,320 [Listener at 127.0.0.1/43665] INFO  server.AbstractConnector (AbstractConnector.java:doStop(380)) - Stopped ServerConnector@3ae866ee{HTTP/1.1,[http/1.1]}{0.0.0.0:0}
2020-07-24 03:08:40,320 [Listener at 127.0.0.1/43665] INFO  server.session (HouseKeeper.java:stopScavenging(158)) - node0 Stopped scavenging
2020-07-24 03:08:40,321 [Listener at 127.0.0.1/43665] INFO  handler.ContextHandler (ContextHandler.java:doStop(1016)) - Stopped o.e.j.s.ServletContextHandler@2349aa88{static,/static,jar:file:/home/user/.m2/repository/org/apache/hadoop/hadoop-hdds-container-service/0.6.0-SNAPSHOT/hadoop-hdds-container-service-0.6.0-SNAPSHOT.jar!/webapps/static,UNAVAILABLE}
2020-07-24 03:08:40,321 [Listener at 127.0.0.1/43665] INFO  handler.ContextHandler (ContextHandler.java:doStop(1016)) - Stopped o.e.j.s.ServletContextHandler@59a9a136{logs,/logs,file:///github/workspace/mnt/ozone/hadoop-ozone/integration-test/target/log,UNAVAILABLE}
2020-07-24 03:08:40,744 [Datanode State Machine Thread - 0] INFO  statemachine.DatanodeStateMachine (DatanodeStateMachine.java:lambda$startDaemon$0(397)) - Ozone container server started.
2020-07-24 03:08:42,304 [grpc-default-executor-1] WARN  server.GrpcLogAppender (LogUtils.java:warn(122)) - 78194aa3-cea5-45a1-a381-8dfca4cfa351@group-991DC916B611->b1effa6e-0839-4981-b888-c1f6d27077b4-AppendLogResponseHandler: Failed appendEntries: org.apache.ratis.thirdparty.io.grpc.StatusRuntimeException: UNAVAILABLE: io exception
2020-07-24 03:08:42,305 [grpc-default-executor-1] INFO  impl.FollowerInfo (FollowerInfo.java:lambda$new$0(51)) - 78194aa3-cea5-45a1-a381-8dfca4cfa351@group-991DC916B611->b1effa6e-0839-4981-b888-c1f6d27077b4: nextIndex: updateUnconditionally 1 -> 0
2020-07-24 03:08:42,307 [grpc-default-executor-3] WARN  server.GrpcLogAppender (LogUtils.java:warn(122)) - 78194aa3-cea5-45a1-a381-8dfca4cfa351@group-991DC916B611->e388aaab-0923-4db4-bf46-c81346b36393-AppendLogResponseHandler: Failed appendEntries: org.apache.ratis.thirdparty.io.grpc.StatusRuntimeException: UNAVAILABLE: io exception
2020-07-24 03:08:42,308 [grpc-default-executor-3] INFO  impl.FollowerInfo (FollowerInfo.java:lambda$new$0(51)) - 78194aa3-cea5-45a1-a381-8dfca4cfa351@group-991DC916B611->e388aaab-0923-4db4-bf46-c81346b36393: nextIndex: updateUnconditionally 1 -> 0
2020-07-24 03:08:44,806 [grpc-default-executor-1] WARN  server.GrpcLogAppender (LogUtils.java:warn(122)) - 78194aa3-cea5-45a1-a381-8dfca4cfa351@group-991DC916B611->b1effa6e-0839-4981-b888-c1f6d27077b4-AppendLogResponseHandler: Failed appendEntries: org.apache.ratis.thirdparty.io.grpc.StatusRuntimeException: UNAVAILABLE: io exception
2020-07-24 03:08:44,807 [grpc-default-executor-1] INFO  impl.FollowerInfo (FollowerInfo.java:lambda$new$0(51)) - 78194aa3-cea5-45a1-a381-8dfca4cfa351@group-991DC916B611->b1effa6e-0839-4981-b888-c1f6d27077b4: nextIndex: updateUnconditionally 1 -> 0
2020-07-24 03:08:44,809 [grpc-default-executor-3] WARN  server.GrpcLogAppender (LogUtils.java:warn(122)) - 78194aa3-cea5-45a1-a381-8dfca4cfa351@group-991DC916B611->e388aaab-0923-4db4-bf46-c81346b36393-AppendLogResponseHandler: Failed appendEntries: org.apache.ratis.thirdparty.io.grpc.StatusRuntimeException: UNAVAILABLE: io exception
2020-07-24 03:08:44,810 [grpc-default-executor-3] INFO  impl.FollowerInfo (FollowerInfo.java:lambda$new$0(51)) - 78194aa3-cea5-45a1-a381-8dfca4cfa351@group-991DC916B611->e388aaab-0923-4db4-bf46-c81346b36393: nextIndex: updateUnconditionally 1 -> 0
2020-07-24 03:08:45,316 [ForkJoinPool.commonPool-worker-0] INFO  ozoneimpl.OzoneContainer (OzoneContainer.java:stop(250)) - Attempting to stop container services.
2020-07-24 03:08:45,317 [ForkJoinPool.commonPool-worker-0] INFO  impl.RaftServerProxy (RaftServerProxy.java:lambda$close$4(319)) - 78194aa3-cea5-45a1-a381-8dfca4cfa351: close
2020-07-24 03:08:45,317 [ForkJoinPool.commonPool-worker-0] INFO  impl.RaftServerImpl (RaftServerImpl.java:lambda$shutdown$3(263)) - 78194aa3-cea5-45a1-a381-8dfca4cfa351@group-CD592A7CC492: shutdown
2020-07-24 03:08:45,317 [ForkJoinPool.commonPool-worker-0] INFO  util.JmxRegister (JmxRegister.java:unregister(73)) - Successfully un-registered JMX Bean with object name Ratis:service=RaftServer,group=group-CD592A7CC492,id=78194aa3-cea5-45a1-a381-8dfca4cfa351
2020-07-24 03:08:45,317 [ForkJoinPool.commonPool-worker-0] INFO  impl.RoleInfo (RoleInfo.java:shutdownLeaderState(104)) - 78194aa3-cea5-45a1-a381-8dfca4cfa351: shutdown LeaderState
2020-07-24 03:08:45,318 [ForkJoinPool.commonPool-worker-0] INFO  impl.PendingRequests (PendingRequests.java:sendNotLeaderResponses(249)) - 78194aa3-cea5-45a1-a381-8dfca4cfa351@group-CD592A7CC492-PendingRequests: sendNotLeaderResponses
2020-07-24 03:08:45,318 [ForkJoinPool.commonPool-worker-0] INFO  metrics.RatisMetrics (RatisMetrics.java:unregister(43)) - Unregistering Metrics Registry : ratis.log_appender.78194aa3-cea5-45a1-a381-8dfca4cfa351@group-CD592A7CC492
2020-07-24 03:08:45,318 [ForkJoinPool.commonPool-worker-0] INFO  metrics.RatisMetrics (RatisMetrics.java:unregister(43)) - Unregistering Metrics Registry : ratis.server.78194aa3-cea5-45a1-a381-8dfca4cfa351@group-CD592A7CC492
2020-07-24 03:08:45,319 [78194aa3-cea5-45a1-a381-8dfca4cfa351@group-CD592A7CC492-StateMachineUpdater] INFO  ratis.ContainerStateMachine (ContainerStateMachine.java:takeSnapshot(293)) - group-CD592A7CC492: Taking a snapshot at:(t:1, i:0) file /github/workspace/mnt/ozone/hadoop-ozone/integration-test/target/test-dir/MiniOzoneClusterImpl-7a66fb8e-ad0e-46df-b237-2ffa69f4ef17/datanode-6/data/ratis/5aa0f111-00ae-40ab-9c01-cd592a7cc492/sm/snapshot.1_0
2020-07-24 03:08:45,320 [ForkJoinPool.commonPool-worker-0] INFO  impl.StateMachineUpdater (StateMachineUpdater.java:stopAndJoin(142)) - 78194aa3-cea5-45a1-a381-8dfca4cfa351@group-CD592A7CC492-StateMachineUpdater: set stopIndex = 0
2020-07-24 03:08:45,320 [78194aa3-cea5-45a1-a381-8dfca4cfa351@group-CD592A7CC492-StateMachineUpdater] INFO  ratis.ContainerStateMachine (ContainerStateMachine.java:takeSnapshot(304)) - group-CD592A7CC492: Finished taking a snapshot at:(t:1, i:0) file:/github/workspace/mnt/ozone/hadoop-ozone/integration-test/target/test-dir/MiniOzoneClusterImpl-7a66fb8e-ad0e-46df-b237-2ffa69f4ef17/datanode-6/data/ratis/5aa0f111-00ae-40ab-9c01-cd592a7cc492/sm/snapshot.1_0 time:1
2020-07-24 03:08:45,320 [78194aa3-cea5-45a1-a381-8dfca4cfa351@group-CD592A7CC492-StateMachineUpdater] INFO  impl.StateMachineUpdater (StateMachineUpdater.java:takeSnapshot(277)) - 78194aa3-cea5-45a1-a381-8dfca4cfa351@group-CD592A7CC492-StateMachineUpdater: Took a snapshot at index 0
2020-07-24 03:08:45,321 [78194aa3-cea5-45a1-a381-8dfca4cfa351@group-CD592A7CC492-StateMachineUpdater] INFO  impl.StateMachineUpdater (StateMachineUpdater.java:lambda$new$0(87)) - 78194aa3-cea5-45a1-a381-8dfca4cfa351@group-CD592A7CC492-StateMachineUpdater: snapshotIndex: updateIncreasingly -1 -> 0
2020-07-24 03:08:45,321 [78194aa3-cea5-45a1-a381-8dfca4cfa351@group-CD592A7CC492-StateMachineUpdater] INFO  metrics.RatisMetrics (RatisMetrics.java:unregister(43)) - Unregistering Metrics Registry : ratis.state_machine.78194aa3-cea5-45a1-a381-8dfca4cfa351@group-CD592A7CC492
2020-07-24 03:08:45,321 [ForkJoinPool.commonPool-worker-0] INFO  impl.RaftServerImpl (ServerState.java:close(387)) - 78194aa3-cea5-45a1-a381-8dfca4cfa351@group-CD592A7CC492: closes. applyIndex: 0
2020-07-24 03:08:45,321 [78194aa3-cea5-45a1-a381-8dfca4cfa351@group-CD592A7CC492-SegmentedRaftLogWorker] INFO  segmented.SegmentedRaftLogWorker (SegmentedRaftLogWorker.java:run(327)) - 78194aa3-cea5-45a1-a381-8dfca4cfa351@group-CD592A7CC492-SegmentedRaftLogWorker was interrupted, exiting. There are 0 tasks remaining in the queue.
2020-07-24 03:08:45,321 [ForkJoinPool.commonPool-worker-0] INFO  segmented.SegmentedRaftLogWorker (SegmentedRaftLogWorker.java:close(234)) - 78194aa3-cea5-45a1-a381-8dfca4cfa351@group-CD592A7CC492-SegmentedRaftLogWorker close()
2020-07-24 03:08:45,323 [ForkJoinPool.commonPool-worker-0] INFO  metrics.RatisMetrics (RatisMetrics.java:unregister(43)) - Unregistering Metrics Registry : ratis.log_worker.78194aa3-cea5-45a1-a381-8dfca4cfa351@group-CD592A7CC492
2020-07-24 03:08:45,323 [ForkJoinPool.commonPool-worker-0] INFO  metrics.RatisMetrics (RatisMetrics.java:unregister(43)) - Unregistering Metrics Registry : ratis.leader_election.78194aa3-cea5-45a1-a381-8dfca4cfa351@group-CD592A7CC492
2020-07-24 03:08:45,324 [ForkJoinPool.commonPool-worker-0] INFO  metrics.RatisMetrics (RatisMetrics.java:unregister(43)) - Unregistering Metrics Registry : ratis.server.78194aa3-cea5-45a1-a381-8dfca4cfa351@group-CD592A7CC492
2020-07-24 03:08:45,324 [ForkJoinPool.commonPool-worker-0] INFO  impl.RaftServerImpl (RaftServerImpl.java:lambda$shutdown$3(263)) - 78194aa3-cea5-45a1-a381-8dfca4cfa351@group-991DC916B611: shutdown
2020-07-24 03:08:45,324 [ForkJoinPool.commonPool-worker-0] INFO  util.JmxRegister (JmxRegister.java:unregister(73)) - Successfully un-registered JMX Bean with object name Ratis:service=RaftServer,group=group-991DC916B611,id=78194aa3-cea5-45a1-a381-8dfca4cfa351
2020-07-24 03:08:45,324 [ForkJoinPool.commonPool-worker-0] INFO  impl.RoleInfo (RoleInfo.java:shutdownLeaderState(104)) - 78194aa3-cea5-45a1-a381-8dfca4cfa351: shutdown LeaderState
2020-07-24 03:08:45,324 [ForkJoinPool.commonPool-worker-0] INFO  metrics.RatisMetrics (RatisMetrics.java:unregister(43)) - Unregistering Metrics Registry : ratis_grpc.log_appender.78194aa3-cea5-45a1-a381-8dfca4cfa351@group-991DC916B611
2020-07-24 03:08:45,324 [ForkJoinPool.commonPool-worker-0] INFO  metrics.RatisMetrics (RatisMetrics.java:unregister(43)) - Unregistering Metrics Registry : ratis_grpc.log_appender.78194aa3-cea5-45a1-a381-8dfca4cfa351@group-991DC916B611
2020-07-24 03:08:45,324 [org.apache.ratis.server.impl.LogAppender$AppenderDaemon$$Lambda$448/1636659908@6bbf404a] WARN  server.GrpcLogAppender (GrpcLogAppender.java:mayWait(153)) - 78194aa3-cea5-45a1-a381-8dfca4cfa351@group-991DC916B611->e388aaab-0923-4db4-bf46-c81346b36393-GrpcLogAppender: Wait interrupted by java.lang.InterruptedException
2020-07-24 03:08:45,325 [org.apache.ratis.server.impl.LogAppender$AppenderDaemon$$Lambda$448/1636659908@1feafcbc] WARN  server.GrpcLogAppender (GrpcLogAppender.java:mayWait(153)) - 78194aa3-cea5-45a1-a381-8dfca4cfa351@group-991DC916B611->b1effa6e-0839-4981-b888-c1f6d27077b4-GrpcLogAppender: Wait interrupted by java.lang.InterruptedException
2020-07-24 03:08:45,324 [ForkJoinPool.commonPool-worker-0] INFO  impl.PendingRequests (PendingRequests.java:sendNotLeaderResponses(249)) - 78194aa3-cea5-45a1-a381-8dfca4cfa351@group-991DC916B611-PendingRequests: sendNotLeaderResponses
2020-07-24 03:08:45,325 [ForkJoinPool.commonPool-worker-0] INFO  metrics.RatisMetrics (RatisMetrics.java:unregister(43)) - Unregistering Metrics Registry : ratis.log_appender.78194aa3-cea5-45a1-a381-8dfca4cfa351@group-991DC916B611
2020-07-24 03:08:45,325 [ForkJoinPool.commonPool-worker-0] INFO  metrics.RatisMetrics (RatisMetrics.java:unregister(43)) - Unregistering Metrics Registry : ratis.server.78194aa3-cea5-45a1-a381-8dfca4cfa351@group-991DC916B611
2020-07-24 03:08:45,326 [ForkJoinPool.commonPool-worker-0] INFO  impl.StateMachineUpdater (StateMachineUpdater.java:stopAndJoin(142)) - 78194aa3-cea5-45a1-a381-8dfca4cfa351@group-991DC916B611-StateMachineUpdater: set stopIndex = 0
2020-07-24 03:08:45,326 [78194aa3-cea5-45a1-a381-8dfca4cfa351@group-991DC916B611-StateMachineUpdater] INFO  ratis.ContainerStateMachine (ContainerStateMachine.java:takeSnapshot(293)) - group-991DC916B611: Taking a snapshot at:(t:1, i:0) file /github/workspace/mnt/ozone/hadoop-ozone/integration-test/target/test-dir/MiniOzoneClusterImpl-7a66fb8e-ad0e-46df-b237-2ffa69f4ef17/datanode-6/data/ratis/c9fa7889-39c9-47ca-9258-991dc916b611/sm/snapshot.1_0
2020-07-24 03:08:45,327 [78194aa3-cea5-45a1-a381-8dfca4cfa351@group-991DC916B611-StateMachineUpdater] INFO  ratis.ContainerStateMachine (ContainerStateMachine.java:takeSnapshot(304)) - group-991DC916B611: Finished taking a snapshot at:(t:1, i:0) file:/github/workspace/mnt/ozone/hadoop-ozone/integration-test/target/test-dir/MiniOzoneClusterImpl-7a66fb8e-ad0e-46df-b237-2ffa69f4ef17/datanode-6/data/ratis/c9fa7889-39c9-47ca-9258-991dc916b611/sm/snapshot.1_0 time:0
2020-07-24 03:08:45,327 [78194aa3-cea5-45a1-a381-8dfca4cfa351@group-991DC916B611-StateMachineUpdater] INFO  impl.StateMachineUpdater (StateMachineUpdater.java:takeSnapshot(277)) - 78194aa3-cea5-45a1-a381-8dfca4cfa351@group-991DC916B611-StateMachineUpdater: Took a snapshot at index 0
2020-07-24 03:08:45,327 [78194aa3-cea5-45a1-a381-8dfca4cfa351@group-991DC916B611-StateMachineUpdater] INFO  impl.StateMachineUpdater (StateMachineUpdater.java:lambda$new$0(87)) - 78194aa3-cea5-45a1-a381-8dfca4cfa351@group-991DC916B611-StateMachineUpdater: snapshotIndex: updateIncreasingly -1 -> 0
2020-07-24 03:08:45,327 [78194aa3-cea5-45a1-a381-8dfca4cfa351@group-991DC916B611-StateMachineUpdater] INFO  metrics.RatisMetrics (RatisMetrics.java:unregister(43)) - Unregistering Metrics Registry : ratis.state_machine.78194aa3-cea5-45a1-a381-8dfca4cfa351@group-991DC916B611
2020-07-24 03:08:45,327 [ForkJoinPool.commonPool-worker-0] INFO  impl.RaftServerImpl (ServerState.java:close(387)) - 78194aa3-cea5-45a1-a381-8dfca4cfa351@group-991DC916B611: closes. applyIndex: 0
2020-07-24 03:08:45,328 [78194aa3-cea5-45a1-a381-8dfca4cfa351@group-991DC916B611-SegmentedRaftLogWorker] INFO  segmented.SegmentedRaftLogWorker (SegmentedRaftLogWorker.java:run(327)) - 78194aa3-cea5-45a1-a381-8dfca4cfa351@group-991DC916B611-SegmentedRaftLogWorker was interrupted, exiting. There are 0 tasks remaining in the queue.
2020-07-24 03:08:45,328 [ForkJoinPool.commonPool-worker-0] INFO  segmented.SegmentedRaftLogWorker (SegmentedRaftLogWorker.java:close(234)) - 78194aa3-cea5-45a1-a381-8dfca4cfa351@group-991DC916B611-SegmentedRaftLogWorker close()
2020-07-24 03:08:45,328 [ForkJoinPool.commonPool-worker-0] INFO  metrics.RatisMetrics (RatisMetrics.java:unregister(43)) - Unregistering Metrics Registry : ratis.log_worker.78194aa3-cea5-45a1-a381-8dfca4cfa351@group-991DC916B611
2020-07-24 03:08:45,328 [ForkJoinPool.commonPool-worker-0] INFO  metrics.RatisMetrics (RatisMetrics.java:unregister(43)) - Unregistering Metrics Registry : ratis.leader_election.78194aa3-cea5-45a1-a381-8dfca4cfa351@group-991DC916B611
2020-07-24 03:08:45,328 [ForkJoinPool.commonPool-worker-0] INFO  metrics.RatisMetrics (RatisMetrics.java:unregister(43)) - Unregistering Metrics Registry : ratis.server.78194aa3-cea5-45a1-a381-8dfca4cfa351@group-991DC916B611
2020-07-24 03:08:45,329 [ForkJoinPool.commonPool-worker-0] INFO  server.GrpcService (GrpcService.java:closeImpl(166)) - 78194aa3-cea5-45a1-a381-8dfca4cfa351: shutdown server with port 41231 now
2020-07-24 03:08:45,329 [ForkJoinPool.commonPool-worker-0] INFO  server.GrpcService (GrpcService.java:closeImpl(174)) - 78194aa3-cea5-45a1-a381-8dfca4cfa351: shutdown server with port 41231 successfully
2020-07-24 03:08:45,330 [ForkJoinPool.commonPool-worker-0] INFO  utils.BackgroundService (BackgroundService.java:shutdown(157)) - Shutting down service BlockDeletingService
2020-07-24 03:08:45,331 [ForkJoinPool.commonPool-worker-0] INFO  statemachine.DatanodeStateMachine (DatanodeStateMachine.java:stopDaemon(445)) - Ozone container server stopped.
2020-07-24 03:08:45,339 [ForkJoinPool.commonPool-worker-0] INFO  handler.ContextHandler (ContextHandler.java:doStop(1016)) - Stopped o.e.j.w.WebAppContext@1931d9f3{hddsDatanode,/,null,UNAVAILABLE}{jar:file:/home/user/.m2/repository/org/apache/hadoop/hadoop-hdds-container-service/0.6.0-SNAPSHOT/hadoop-hdds-container-service-0.6.0-SNAPSHOT.jar!/webapps/hddsDatanode}
2020-07-24 03:08:45,340 [ForkJoinPool.commonPool-worker-0] INFO  server.AbstractConnector (AbstractConnector.java:doStop(380)) - Stopped ServerConnector@31daef26{HTTP/1.1,[http/1.1]}{0.0.0.0:0}
2020-07-24 03:08:45,340 [ForkJoinPool.commonPool-worker-0] INFO  server.session (HouseKeeper.java:stopScavenging(158)) - node0 Stopped scavenging
2020-07-24 03:08:45,341 [ForkJoinPool.commonPool-worker-0] INFO  handler.ContextHandler (ContextHandler.java:doStop(1016)) - Stopped o.e.j.s.ServletContextHandler@643e0a19{static,/static,jar:file:/home/user/.m2/repository/org/apache/hadoop/hadoop-hdds-container-service/0.6.0-SNAPSHOT/hadoop-hdds-container-service-0.6.0-SNAPSHOT.jar!/webapps/static,UNAVAILABLE}
2020-07-24 03:08:45,341 [ForkJoinPool.commonPool-worker-0] INFO  handler.ContextHandler (ContextHandler.java:doStop(1016)) - Stopped o.e.j.s.ServletContextHandler@7b5d3ac5{logs,/logs,file:///github/workspace/mnt/ozone/hadoop-ozone/integration-test/target/log,UNAVAILABLE}
2020-07-24 03:08:45,342 [Listener at 127.0.0.1/43665] INFO  ozone.MiniOzoneClusterImpl (MiniOzoneClusterImpl.java:stopSCM(476)) - Stopping the StorageContainerManager
2020-07-24 03:08:45,342 [Listener at 127.0.0.1/43665] INFO  server.StorageContainerManager (StorageContainerManager.java:stop(827)) - Stopping Replication Manager Service.
2020-07-24 03:08:45,342 [Listener at 127.0.0.1/43665] INFO  container.ReplicationManager (ReplicationManager.java:stop(218)) - Stopping Replication Monitor Thread.
2020-07-24 03:08:45,343 [Listener at 127.0.0.1/43665] INFO  server.StorageContainerManager (StorageContainerManager.java:stop(834)) - Stopping Lease Manager of the command watchers
2020-07-24 03:08:45,343 [Listener at 127.0.0.1/43665] INFO  server.StorageContainerManager (StorageContainerManager.java:stop(841)) - Stopping datanode service RPC server
2020-07-24 03:08:45,343 [Listener at 127.0.0.1/43665] INFO  server.SCMDatanodeProtocolServer (SCMDatanodeProtocolServer.java:stop(361)) - Stopping the RPC server for DataNodes
2020-07-24 03:08:45,343 [Listener at 127.0.0.1/43665] INFO  ipc.Server (Server.java:stop(3359)) - Stopping server on 43779
2020-07-24 03:08:45,343 [CommandWatcher-LeaseManager#LeaseMonitor] ERROR lease.LeaseManager (LeaseManager.java:run(238)) - Execution was interrupted 
java.lang.InterruptedException: sleep interrupted
	at java.lang.Thread.sleep(Native Method)
	at org.apache.hadoop.ozone.lease.LeaseManager$LeaseMonitor.run(LeaseManager.java:234)
	at java.lang.Thread.run(Thread.java:748)
2020-07-24 03:08:45,345 [IPC Server Responder] INFO  ipc.Server (Server.java:run(1465)) - Stopping IPC Server Responder
2020-07-24 03:08:45,346 [IPC Server listener on 0] INFO  ipc.Server (Server.java:run(1330)) - Stopping IPC Server listener on 0
2020-07-24 03:08:45,392 [SCM Heartbeat Processing Thread - 0] WARN  node.NodeStateManager (NodeStateManager.java:scheduleNextHealthCheck(661)) - Current Thread is interrupted, shutting down HB processing thread for Node Manager.
2020-07-24 03:08:45,392 [Listener at 127.0.0.1/43665] INFO  server.StorageContainerManager (StorageContainerManager.java:stop(849)) - Stopping block service RPC server
2020-07-24 03:08:45,393 [Listener at 127.0.0.1/43665] INFO  server.SCMBlockProtocolServer (SCMBlockProtocolServer.java:stop(158)) - Stopping the RPC server for Block Protocol
2020-07-24 03:08:45,393 [Listener at 127.0.0.1/43665] INFO  ipc.Server (Server.java:stop(3359)) - Stopping server on 36169
2020-07-24 03:08:45,395 [Listener at 127.0.0.1/43665] INFO  server.StorageContainerManager (StorageContainerManager.java:stop(856)) - Stopping the StorageContainerLocationProtocol RPC server
2020-07-24 03:08:45,395 [IPC Server Responder] INFO  ipc.Server (Server.java:run(1465)) - Stopping IPC Server Responder
2020-07-24 03:08:45,395 [Listener at 127.0.0.1/43665] INFO  server.SCMClientProtocolServer (SCMClientProtocolServer.java:stop(165)) - Stopping the RPC server for Client Protocol
2020-07-24 03:08:45,395 [Listener at 127.0.0.1/43665] INFO  ipc.Server (Server.java:stop(3359)) - Stopping server on 33193
2020-07-24 03:08:45,395 [IPC Server listener on 0] INFO  ipc.Server (Server.java:run(1330)) - Stopping IPC Server listener on 0
2020-07-24 03:08:45,397 [IPC Server listener on 0] INFO  ipc.Server (Server.java:run(1330)) - Stopping IPC Server listener on 0
2020-07-24 03:08:45,398 [IPC Server Responder] INFO  ipc.Server (Server.java:run(1465)) - Stopping IPC Server Responder
2020-07-24 03:08:45,398 [Listener at 127.0.0.1/43665] INFO  server.StorageContainerManager (StorageContainerManager.java:stop(863)) - Stopping Storage Container Manager HTTP server.
2020-07-24 03:08:45,399 [Listener at 127.0.0.1/43665] INFO  handler.ContextHandler (ContextHandler.java:doStop(1016)) - Stopped o.e.j.w.WebAppContext@290def7d{scm,/,null,UNAVAILABLE}{file:/github/workspace/mnt/ozone/hadoop-ozone/integration-test/target/test-classes/webapps/scm}
2020-07-24 03:08:45,399 [Listener at 127.0.0.1/43665] INFO  server.AbstractConnector (AbstractConnector.java:doStop(380)) - Stopped ServerConnector@3a778c6f{HTTP/1.1,[http/1.1]}{0.0.0.0:0}
2020-07-24 03:08:45,399 [Listener at 127.0.0.1/43665] INFO  server.session (HouseKeeper.java:stopScavenging(158)) - node0 Stopped scavenging
2020-07-24 03:08:45,399 [Listener at 127.0.0.1/43665] INFO  handler.ContextHandler (ContextHandler.java:doStop(1016)) - Stopped o.e.j.s.ServletContextHandler@74b37c02{static,/static,file:///github/workspace/mnt/ozone/hadoop-ozone/integration-test/target/test-classes/webapps/static,UNAVAILABLE}
2020-07-24 03:08:45,400 [Listener at 127.0.0.1/43665] INFO  handler.ContextHandler (ContextHandler.java:doStop(1016)) - Stopped o.e.j.s.ServletContextHandler@7d7a13a7{logs,/logs,file:///github/workspace/mnt/ozone/hadoop-ozone/integration-test/target/log,UNAVAILABLE}
2020-07-24 03:08:45,400 [Listener at 127.0.0.1/43665] INFO  server.StorageContainerManager (StorageContainerManager.java:stop(874)) - Stopping Block Manager Service.
2020-07-24 03:08:45,400 [Listener at 127.0.0.1/43665] INFO  utils.BackgroundService (BackgroundService.java:shutdown(157)) - Shutting down service SCMBlockDeletingService
2020-07-24 03:08:45,401 [Listener at 127.0.0.1/43665] INFO  utils.BackgroundService (BackgroundService.java:shutdown(157)) - Shutting down service SCMBlockDeletingService
2020-07-24 03:08:45,401 [Listener at 127.0.0.1/43665] INFO  server.StorageContainerManager (StorageContainerManager.java:stop(899)) - Stopping SCM Event Queue.
2020-07-24 03:08:45,403 [Listener at 127.0.0.1/43665] INFO  impl.MetricsSystemImpl (MetricsSystemImpl.java:stop(210)) - Stopping HddsDatanode metrics system...
2020-07-24 03:08:45,412 [Listener at 127.0.0.1/43665] INFO  impl.MetricsSystemImpl (MetricsSystemImpl.java:stop(216)) - HddsDatanode metrics system stopped.
]]></system-out>
    <system-err><![CDATA[Jul 24, 2020 3:08:19 AM org.apache.ratis.thirdparty.io.grpc.internal.ManagedChannelOrphanWrapper$ManagedChannelReference cleanQueue
SEVERE: *~*~*~ Channel ManagedChannelImpl{logId=472, target=172.17.0.2:35757} was not shutdown properly!!! ~*~*~*
    Make sure to call shutdown()/shutdownNow() and wait until awaitTermination() returns true.
java.lang.RuntimeException: ManagedChannel allocation site
	at org.apache.ratis.thirdparty.io.grpc.internal.ManagedChannelOrphanWrapper$ManagedChannelReference.<init>(ManagedChannelOrphanWrapper.java:93)
	at org.apache.ratis.thirdparty.io.grpc.internal.ManagedChannelOrphanWrapper.<init>(ManagedChannelOrphanWrapper.java:53)
	at org.apache.ratis.thirdparty.io.grpc.internal.ManagedChannelOrphanWrapper.<init>(ManagedChannelOrphanWrapper.java:44)
	at org.apache.ratis.thirdparty.io.grpc.internal.AbstractManagedChannelImplBuilder.build(AbstractManagedChannelImplBuilder.java:518)
	at org.apache.ratis.grpc.client.GrpcClientProtocolClient.<init>(GrpcClientProtocolClient.java:128)
	at org.apache.ratis.grpc.client.GrpcClientRpc.lambda$new$0(GrpcClientRpc.java:55)
	at org.apache.ratis.util.PeerProxyMap$PeerAndProxy.lambda$getProxy$0(PeerProxyMap.java:62)
	at org.apache.ratis.util.LifeCycle.startAndTransition(LifeCycle.java:214)
	at org.apache.ratis.util.PeerProxyMap$PeerAndProxy.getProxy(PeerProxyMap.java:61)
	at org.apache.ratis.util.PeerProxyMap.getProxy(PeerProxyMap.java:109)
	at org.apache.ratis.grpc.client.GrpcClientRpc.sendRequestAsyncUnordered(GrpcClientRpc.java:78)
	at org.apache.ratis.client.impl.UnorderedAsync.sendRequestWithRetry(UnorderedAsync.java:76)
	at org.apache.ratis.client.impl.UnorderedAsync.lambda$null$2(UnorderedAsync.java:124)
	at org.apache.ratis.util.TimeoutScheduler.lambda$onTimeout$0(TimeoutScheduler.java:141)
	at org.apache.ratis.util.TimeoutScheduler.lambda$onTimeout$1(TimeoutScheduler.java:155)
	at org.apache.ratis.util.LogUtils.runAndLog(LogUtils.java:38)
	at org.apache.ratis.util.LogUtils$1.run(LogUtils.java:79)
	at java.util.concurrent.Executors$RunnableAdapter.call(Executors.java:511)
	at java.util.concurrent.FutureTask.run(FutureTask.java:266)
	at java.util.concurrent.ScheduledThreadPoolExecutor$ScheduledFutureTask.access$201(ScheduledThreadPoolExecutor.java:180)
	at java.util.concurrent.ScheduledThreadPoolExecutor$ScheduledFutureTask.run(ScheduledThreadPoolExecutor.java:293)
	at java.util.concurrent.ThreadPoolExecutor.runWorker(ThreadPoolExecutor.java:1149)
	at java.util.concurrent.ThreadPoolExecutor$Worker.run(ThreadPoolExecutor.java:624)
	at java.lang.Thread.run(Thread.java:748)

Jul 24, 2020 3:08:19 AM org.apache.ratis.thirdparty.io.grpc.internal.ManagedChannelOrphanWrapper$ManagedChannelReference cleanQueue
SEVERE: *~*~*~ Channel ManagedChannelImpl{logId=210, target=172.17.0.2:45929} was not shutdown properly!!! ~*~*~*
    Make sure to call shutdown()/shutdownNow() and wait until awaitTermination() returns true.
java.lang.RuntimeException: ManagedChannel allocation site
	at org.apache.ratis.thirdparty.io.grpc.internal.ManagedChannelOrphanWrapper$ManagedChannelReference.<init>(ManagedChannelOrphanWrapper.java:93)
	at org.apache.ratis.thirdparty.io.grpc.internal.ManagedChannelOrphanWrapper.<init>(ManagedChannelOrphanWrapper.java:53)
	at org.apache.ratis.thirdparty.io.grpc.internal.ManagedChannelOrphanWrapper.<init>(ManagedChannelOrphanWrapper.java:44)
	at org.apache.ratis.thirdparty.io.grpc.internal.AbstractManagedChannelImplBuilder.build(AbstractManagedChannelImplBuilder.java:518)
	at org.apache.ratis.grpc.client.GrpcClientProtocolClient.<init>(GrpcClientProtocolClient.java:128)
	at org.apache.ratis.grpc.client.GrpcClientRpc.lambda$new$0(GrpcClientRpc.java:55)
	at org.apache.ratis.util.PeerProxyMap$PeerAndProxy.lambda$getProxy$0(PeerProxyMap.java:62)
	at org.apache.ratis.util.LifeCycle.startAndTransition(LifeCycle.java:214)
	at org.apache.ratis.util.PeerProxyMap$PeerAndProxy.getProxy(PeerProxyMap.java:61)
	at org.apache.ratis.util.PeerProxyMap.getProxy(PeerProxyMap.java:109)
	at org.apache.ratis.grpc.client.GrpcClientRpc.sendRequestAsync(GrpcClientRpc.java:66)
	at org.apache.ratis.client.impl.OrderedAsync.sendRequest(OrderedAsync.java:233)
	at org.apache.ratis.client.impl.OrderedAsync.sendRequestWithRetry(OrderedAsync.java:187)
	at org.apache.ratis.util.SlidingWindow$Client.sendOrDelayRequest(SlidingWindow.java:278)
	at org.apache.ratis.util.SlidingWindow$Client.retry(SlidingWindow.java:294)
	at org.apache.ratis.client.impl.OrderedAsync.lambda$scheduleWithTimeout$7(OrderedAsync.java:220)
	at org.apache.ratis.util.TimeoutScheduler.lambda$onTimeout$0(TimeoutScheduler.java:141)
	at org.apache.ratis.util.TimeoutScheduler.lambda$onTimeout$1(TimeoutScheduler.java:155)
	at org.apache.ratis.util.LogUtils.runAndLog(LogUtils.java:38)
	at org.apache.ratis.util.LogUtils$1.run(LogUtils.java:79)
	at java.util.concurrent.Executors$RunnableAdapter.call(Executors.java:511)
	at java.util.concurrent.FutureTask.run(FutureTask.java:266)
	at java.util.concurrent.ScheduledThreadPoolExecutor$ScheduledFutureTask.access$201(ScheduledThreadPoolExecutor.java:180)
	at java.util.concurrent.ScheduledThreadPoolExecutor$ScheduledFutureTask.run(ScheduledThreadPoolExecutor.java:293)
	at java.util.concurrent.ThreadPoolExecutor.runWorker(ThreadPoolExecutor.java:1149)
	at java.util.concurrent.ThreadPoolExecutor$Worker.run(ThreadPoolExecutor.java:624)
	at java.lang.Thread.run(Thread.java:748)

Jul 24, 2020 3:08:19 AM org.apache.ratis.thirdparty.io.grpc.internal.ManagedChannelOrphanWrapper$ManagedChannelReference cleanQueue
SEVERE: *~*~*~ Channel ManagedChannelImpl{logId=222, target=172.17.0.2:44721} was not shutdown properly!!! ~*~*~*
    Make sure to call shutdown()/shutdownNow() and wait until awaitTermination() returns true.
java.lang.RuntimeException: ManagedChannel allocation site
	at org.apache.ratis.thirdparty.io.grpc.internal.ManagedChannelOrphanWrapper$ManagedChannelReference.<init>(ManagedChannelOrphanWrapper.java:93)
	at org.apache.ratis.thirdparty.io.grpc.internal.ManagedChannelOrphanWrapper.<init>(ManagedChannelOrphanWrapper.java:53)
	at org.apache.ratis.thirdparty.io.grpc.internal.ManagedChannelOrphanWrapper.<init>(ManagedChannelOrphanWrapper.java:44)
	at org.apache.ratis.thirdparty.io.grpc.internal.AbstractManagedChannelImplBuilder.build(AbstractManagedChannelImplBuilder.java:518)
	at org.apache.hadoop.hdds.scm.XceiverClientGrpc.connectToDatanode(XceiverClientGrpc.java:193)
	at org.apache.hadoop.hdds.scm.XceiverClientGrpc.connect(XceiverClientGrpc.java:142)
	at org.apache.hadoop.hdds.scm.XceiverClientManager$2.call(XceiverClientManager.java:244)
	at org.apache.hadoop.hdds.scm.XceiverClientManager$2.call(XceiverClientManager.java:228)
	at com.google.common.cache.LocalCache$LocalManualCache$1.load(LocalCache.java:4876)
	at com.google.common.cache.LocalCache$LoadingValueReference.loadFuture(LocalCache.java:3529)
	at com.google.common.cache.LocalCache$Segment.loadSync(LocalCache.java:2278)
	at com.google.common.cache.LocalCache$Segment.lockedGetOrLoad(LocalCache.java:2155)
	at com.google.common.cache.LocalCache$Segment.get(LocalCache.java:2045)
	at com.google.common.cache.LocalCache.get(LocalCache.java:3951)
	at com.google.common.cache.LocalCache$LocalManualCache.get(LocalCache.java:4871)
	at org.apache.hadoop.hdds.scm.XceiverClientManager.getClient(XceiverClientManager.java:228)
	at org.apache.hadoop.hdds.scm.XceiverClientManager.acquireClient(XceiverClientManager.java:174)
	at org.apache.hadoop.hdds.scm.XceiverClientManager.acquireClientForReadData(XceiverClientManager.java:163)
	at org.apache.hadoop.hdds.scm.storage.BlockInputStream.getChunkInfos(BlockInputStream.java:184)
	at org.apache.hadoop.hdds.scm.storage.BlockInputStream.initialize(BlockInputStream.java:133)
	at org.apache.hadoop.hdds.scm.storage.BlockInputStream.read(BlockInputStream.java:254)
	at org.apache.hadoop.ozone.client.io.KeyInputStream.read(KeyInputStream.java:199)
	at org.apache.hadoop.ozone.client.io.OzoneInputStream.read(OzoneInputStream.java:47)
	at java.io.InputStream.read(InputStream.java:101)
	at org.apache.hadoop.ozone.container.TestHelper.validateData(TestHelper.java:125)
	at org.apache.hadoop.ozone.client.rpc.TestWatchForCommit.validateData(TestWatchForCommit.java:368)
	at org.apache.hadoop.ozone.client.rpc.TestWatchForCommit.testWatchForCommitWithKeyWrite(TestWatchForCommit.java:234)
	at sun.reflect.NativeMethodAccessorImpl.invoke0(Native Method)
	at sun.reflect.NativeMethodAccessorImpl.invoke(NativeMethodAccessorImpl.java:62)
	at sun.reflect.DelegatingMethodAccessorImpl.invoke(DelegatingMethodAccessorImpl.java:43)
	at java.lang.reflect.Method.invoke(Method.java:498)
	at org.junit.runners.model.FrameworkMethod$1.runReflectiveCall(FrameworkMethod.java:47)
	at org.junit.internal.runners.model.ReflectiveCallable.run(ReflectiveCallable.java:12)
	at org.junit.runners.model.FrameworkMethod.invokeExplosively(FrameworkMethod.java:44)
	at org.junit.internal.runners.statements.InvokeMethod.evaluate(InvokeMethod.java:17)
	at org.junit.internal.runners.statements.RunBefores.evaluate(RunBefores.java:26)
	at org.junit.internal.runners.statements.RunAfters.evaluate(RunAfters.java:27)
	at org.junit.runners.ParentRunner.runLeaf(ParentRunner.java:271)
	at org.junit.runners.BlockJUnit4ClassRunner.runChild(BlockJUnit4ClassRunner.java:70)
	at org.junit.runners.BlockJUnit4ClassRunner.runChild(BlockJUnit4ClassRunner.java:50)
	at org.junit.runners.ParentRunner$3.run(ParentRunner.java:238)
	at org.junit.runners.ParentRunner$1.schedule(ParentRunner.java:63)
	at org.junit.runners.ParentRunner.runChildren(ParentRunner.java:236)
	at org.junit.runners.ParentRunner.access$000(ParentRunner.java:53)
	at org.junit.runners.ParentRunner$2.evaluate(ParentRunner.java:229)
	at org.junit.runners.ParentRunner.run(ParentRunner.java:309)
	at org.apache.maven.surefire.junit4.JUnit4Provider.execute(JUnit4Provider.java:365)
	at org.apache.maven.surefire.junit4.JUnit4Provider.executeWithRerun(JUnit4Provider.java:273)
	at org.apache.maven.surefire.junit4.JUnit4Provider.executeTestSet(JUnit4Provider.java:238)
	at org.apache.maven.surefire.junit4.JUnit4Provider.invoke(JUnit4Provider.java:159)
	at org.apache.maven.surefire.booter.ForkedBooter.invokeProviderInSameClassLoader(ForkedBooter.java:384)
	at org.apache.maven.surefire.booter.ForkedBooter.runSuitesInProcess(ForkedBooter.java:345)
	at org.apache.maven.surefire.booter.ForkedBooter.execute(ForkedBooter.java:126)
	at org.apache.maven.surefire.booter.ForkedBooter.main(ForkedBooter.java:418)

Jul 24, 2020 3:08:19 AM org.apache.ratis.thirdparty.io.grpc.internal.ManagedChannelOrphanWrapper$ManagedChannelReference cleanQueue
SEVERE: *~*~*~ Channel ManagedChannelImpl{logId=224, target=172.17.0.2:41293} was not shutdown properly!!! ~*~*~*
    Make sure to call shutdown()/shutdownNow() and wait until awaitTermination() returns true.
java.lang.RuntimeException: ManagedChannel allocation site
	at org.apache.ratis.thirdparty.io.grpc.internal.ManagedChannelOrphanWrapper$ManagedChannelReference.<init>(ManagedChannelOrphanWrapper.java:93)
	at org.apache.ratis.thirdparty.io.grpc.internal.ManagedChannelOrphanWrapper.<init>(ManagedChannelOrphanWrapper.java:53)
	at org.apache.ratis.thirdparty.io.grpc.internal.ManagedChannelOrphanWrapper.<init>(ManagedChannelOrphanWrapper.java:44)
	at org.apache.ratis.thirdparty.io.grpc.internal.AbstractManagedChannelImplBuilder.build(AbstractManagedChannelImplBuilder.java:518)
	at org.apache.hadoop.hdds.scm.XceiverClientGrpc.connectToDatanode(XceiverClientGrpc.java:193)
	at org.apache.hadoop.hdds.scm.XceiverClientGrpc.reconnect(XceiverClientGrpc.java:501)
	at org.apache.hadoop.hdds.scm.XceiverClientGrpc.checkOpen(XceiverClientGrpc.java:492)
	at org.apache.hadoop.hdds.scm.XceiverClientGrpc.sendCommandAsync(XceiverClientGrpc.java:432)
	at org.apache.hadoop.hdds.scm.XceiverClientGrpc.sendCommandWithRetry(XceiverClientGrpc.java:341)
	at org.apache.hadoop.hdds.scm.XceiverClientGrpc.lambda$sendCommandWithTraceIDAndRetry$0(XceiverClientGrpc.java:281)
	at org.apache.hadoop.hdds.tracing.TracingUtil.executeInSpan(TracingUtil.java:174)
	at org.apache.hadoop.hdds.tracing.TracingUtil.executeInNewSpan(TracingUtil.java:148)
	at org.apache.hadoop.hdds.scm.XceiverClientGrpc.sendCommandWithTraceIDAndRetry(XceiverClientGrpc.java:275)
	at org.apache.hadoop.hdds.scm.XceiverClientGrpc.sendCommand(XceiverClientGrpc.java:256)
	at org.apache.hadoop.hdds.scm.storage.ContainerProtocolCalls.getBlock(ContainerProtocolCalls.java:119)
	at org.apache.hadoop.hdds.scm.storage.BlockInputStream.getChunkInfos(BlockInputStream.java:199)
	at org.apache.hadoop.hdds.scm.storage.BlockInputStream.initialize(BlockInputStream.java:133)
	at org.apache.hadoop.hdds.scm.storage.BlockInputStream.read(BlockInputStream.java:254)
	at org.apache.hadoop.ozone.client.io.KeyInputStream.read(KeyInputStream.java:199)
	at org.apache.hadoop.ozone.client.io.OzoneInputStream.read(OzoneInputStream.java:47)
	at java.io.InputStream.read(InputStream.java:101)
	at org.apache.hadoop.ozone.container.TestHelper.validateData(TestHelper.java:125)
	at org.apache.hadoop.ozone.client.rpc.TestWatchForCommit.validateData(TestWatchForCommit.java:368)
	at org.apache.hadoop.ozone.client.rpc.TestWatchForCommit.testWatchForCommitWithKeyWrite(TestWatchForCommit.java:234)
	at sun.reflect.NativeMethodAccessorImpl.invoke0(Native Method)
	at sun.reflect.NativeMethodAccessorImpl.invoke(NativeMethodAccessorImpl.java:62)
	at sun.reflect.DelegatingMethodAccessorImpl.invoke(DelegatingMethodAccessorImpl.java:43)
	at java.lang.reflect.Method.invoke(Method.java:498)
	at org.junit.runners.model.FrameworkMethod$1.runReflectiveCall(FrameworkMethod.java:47)
	at org.junit.internal.runners.model.ReflectiveCallable.run(ReflectiveCallable.java:12)
	at org.junit.runners.model.FrameworkMethod.invokeExplosively(FrameworkMethod.java:44)
	at org.junit.internal.runners.statements.InvokeMethod.evaluate(InvokeMethod.java:17)
	at org.junit.internal.runners.statements.RunBefores.evaluate(RunBefores.java:26)
	at org.junit.internal.runners.statements.RunAfters.evaluate(RunAfters.java:27)
	at org.junit.runners.ParentRunner.runLeaf(ParentRunner.java:271)
	at org.junit.runners.BlockJUnit4ClassRunner.runChild(BlockJUnit4ClassRunner.java:70)
	at org.junit.runners.BlockJUnit4ClassRunner.runChild(BlockJUnit4ClassRunner.java:50)
	at org.junit.runners.ParentRunner$3.run(ParentRunner.java:238)
	at org.junit.runners.ParentRunner$1.schedule(ParentRunner.java:63)
	at org.junit.runners.ParentRunner.runChildren(ParentRunner.java:236)
	at org.junit.runners.ParentRunner.access$000(ParentRunner.java:53)
	at org.junit.runners.ParentRunner$2.evaluate(ParentRunner.java:229)
	at org.junit.runners.ParentRunner.run(ParentRunner.java:309)
	at org.apache.maven.surefire.junit4.JUnit4Provider.execute(JUnit4Provider.java:365)
	at org.apache.maven.surefire.junit4.JUnit4Provider.executeWithRerun(JUnit4Provider.java:273)
	at org.apache.maven.surefire.junit4.JUnit4Provider.executeTestSet(JUnit4Provider.java:238)
	at org.apache.maven.surefire.junit4.JUnit4Provider.invoke(JUnit4Provider.java:159)
	at org.apache.maven.surefire.booter.ForkedBooter.invokeProviderInSameClassLoader(ForkedBooter.java:384)
	at org.apache.maven.surefire.booter.ForkedBooter.runSuitesInProcess(ForkedBooter.java:345)
	at org.apache.maven.surefire.booter.ForkedBooter.execute(ForkedBooter.java:126)
	at org.apache.maven.surefire.booter.ForkedBooter.main(ForkedBooter.java:418)

Jul 24, 2020 3:08:19 AM org.apache.ratis.thirdparty.io.grpc.internal.ManagedChannelOrphanWrapper$ManagedChannelReference cleanQueue
SEVERE: *~*~*~ Channel ManagedChannelImpl{logId=214, target=172.17.0.2:42185} was not shutdown properly!!! ~*~*~*
    Make sure to call shutdown()/shutdownNow() and wait until awaitTermination() returns true.
java.lang.RuntimeException: ManagedChannel allocation site
	at org.apache.ratis.thirdparty.io.grpc.internal.ManagedChannelOrphanWrapper$ManagedChannelReference.<init>(ManagedChannelOrphanWrapper.java:93)
	at org.apache.ratis.thirdparty.io.grpc.internal.ManagedChannelOrphanWrapper.<init>(ManagedChannelOrphanWrapper.java:53)
	at org.apache.ratis.thirdparty.io.grpc.internal.ManagedChannelOrphanWrapper.<init>(ManagedChannelOrphanWrapper.java:44)
	at org.apache.ratis.thirdparty.io.grpc.internal.AbstractManagedChannelImplBuilder.build(AbstractManagedChannelImplBuilder.java:518)
	at org.apache.ratis.grpc.client.GrpcClientProtocolClient.<init>(GrpcClientProtocolClient.java:128)
	at org.apache.ratis.grpc.client.GrpcClientRpc.lambda$new$0(GrpcClientRpc.java:55)
	at org.apache.ratis.util.PeerProxyMap$PeerAndProxy.lambda$getProxy$0(PeerProxyMap.java:62)
	at org.apache.ratis.util.LifeCycle.startAndTransition(LifeCycle.java:214)
	at org.apache.ratis.util.PeerProxyMap$PeerAndProxy.getProxy(PeerProxyMap.java:61)
	at org.apache.ratis.util.PeerProxyMap.getProxy(PeerProxyMap.java:109)
	at org.apache.ratis.grpc.client.GrpcClientRpc.sendRequestAsync(GrpcClientRpc.java:66)
	at org.apache.ratis.client.impl.OrderedAsync.sendRequest(OrderedAsync.java:233)
	at org.apache.ratis.client.impl.OrderedAsync.sendRequestWithRetry(OrderedAsync.java:187)
	at org.apache.ratis.util.SlidingWindow$Client.sendOrDelayRequest(SlidingWindow.java:278)
	at org.apache.ratis.util.SlidingWindow$Client.submitNewRequest(SlidingWindow.java:257)
	at org.apache.ratis.client.impl.OrderedAsync.send(OrderedAsync.java:168)
	at org.apache.ratis.client.impl.OrderedAsync.newInstance(OrderedAsync.java:117)
	at org.apache.ratis.client.impl.RaftClientImpl.lambda$new$0(RaftClientImpl.java:127)
	at org.apache.ratis.util.MemoizedSupplier.get(MemoizedSupplier.java:62)
	at org.apache.ratis.client.impl.RaftClientImpl.getOrderedAsync(RaftClientImpl.java:150)
	at org.apache.ratis.client.impl.RaftClientImpl.sendAsync(RaftClientImpl.java:188)
	at org.apache.ratis.client.impl.RaftClientImpl.sendAsync(RaftClientImpl.java:160)
	at org.apache.hadoop.hdds.scm.XceiverClientRatis.lambda$sendRequestAsync$3(XceiverClientRatis.java:224)
	at org.apache.hadoop.hdds.tracing.TracingUtil.executeInNewSpan(TracingUtil.java:159)
	at org.apache.hadoop.hdds.scm.XceiverClientRatis.sendRequestAsync(XceiverClientRatis.java:209)
	at org.apache.hadoop.hdds.scm.XceiverClientRatis.sendCommandAsync(XceiverClientRatis.java:305)
	at org.apache.hadoop.hdds.scm.storage.ContainerProtocolCalls.writeChunkAsync(ContainerProtocolCalls.java:318)
	at org.apache.hadoop.hdds.scm.storage.BlockOutputStream.writeChunkToContainer(BlockOutputStream.java:632)
	at org.apache.hadoop.hdds.scm.storage.BlockOutputStream.writeChunk(BlockOutputStream.java:473)
	at org.apache.hadoop.hdds.scm.storage.BlockOutputStream.writeOnRetry(BlockOutputStream.java:288)
	at org.apache.hadoop.ozone.client.io.BlockOutputStreamEntry.writeOnRetry(BlockOutputStreamEntry.java:206)
	at org.apache.hadoop.ozone.client.io.KeyOutputStream.writeToOutputStream(KeyOutputStream.java:240)
	at org.apache.hadoop.ozone.client.io.KeyOutputStream.handleWrite(KeyOutputStream.java:220)
	at org.apache.hadoop.ozone.client.io.KeyOutputStream.handleRetry(KeyOutputStream.java:403)
	at org.apache.hadoop.ozone.client.io.KeyOutputStream.handleException(KeyOutputStream.java:348)
	at org.apache.hadoop.ozone.client.io.KeyOutputStream.handleFlushOrClose(KeyOutputStream.java:459)
	at org.apache.hadoop.ozone.client.io.KeyOutputStream.handleWrite(KeyOutputStream.java:224)
	at org.apache.hadoop.ozone.client.io.KeyOutputStream.write(KeyOutputStream.java:200)
	at org.apache.hadoop.ozone.client.io.OzoneOutputStream.write(OzoneOutputStream.java:49)
	at java.io.OutputStream.write(OutputStream.java:75)
	at org.apache.hadoop.ozone.client.rpc.TestWatchForCommit.testWatchForCommitWithKeyWrite(TestWatchForCommit.java:214)
	at sun.reflect.NativeMethodAccessorImpl.invoke0(Native Method)
	at sun.reflect.NativeMethodAccessorImpl.invoke(NativeMethodAccessorImpl.java:62)
	at sun.reflect.DelegatingMethodAccessorImpl.invoke(DelegatingMethodAccessorImpl.java:43)
	at java.lang.reflect.Method.invoke(Method.java:498)
	at org.junit.runners.model.FrameworkMethod$1.runReflectiveCall(FrameworkMethod.java:47)
	at org.junit.internal.runners.model.ReflectiveCallable.run(ReflectiveCallable.java:12)
	at org.junit.runners.model.FrameworkMethod.invokeExplosively(FrameworkMethod.java:44)
	at org.junit.internal.runners.statements.InvokeMethod.evaluate(InvokeMethod.java:17)
	at org.junit.internal.runners.statements.RunBefores.evaluate(RunBefores.java:26)
	at org.junit.internal.runners.statements.RunAfters.evaluate(RunAfters.java:27)
	at org.junit.runners.ParentRunner.runLeaf(ParentRunner.java:271)
	at org.junit.runners.BlockJUnit4ClassRunner.runChild(BlockJUnit4ClassRunner.java:70)
	at org.junit.runners.BlockJUnit4ClassRunner.runChild(BlockJUnit4ClassRunner.java:50)
	at org.junit.runners.ParentRunner$3.run(ParentRunner.java:238)
	at org.junit.runners.ParentRunner$1.schedule(ParentRunner.java:63)
	at org.junit.runners.ParentRunner.runChildren(ParentRunner.java:236)
	at org.junit.runners.ParentRunner.access$000(ParentRunner.java:53)
	at org.junit.runners.ParentRunner$2.evaluate(ParentRunner.java:229)
	at org.junit.runners.ParentRunner.run(ParentRunner.java:309)
	at org.apache.maven.surefire.junit4.JUnit4Provider.execute(JUnit4Provider.java:365)
	at org.apache.maven.surefire.junit4.JUnit4Provider.executeWithRerun(JUnit4Provider.java:273)
	at org.apache.maven.surefire.junit4.JUnit4Provider.executeTestSet(JUnit4Provider.java:238)
	at org.apache.maven.surefire.junit4.JUnit4Provider.invoke(JUnit4Provider.java:159)
	at org.apache.maven.surefire.booter.ForkedBooter.invokeProviderInSameClassLoader(ForkedBooter.java:384)
	at org.apache.maven.surefire.booter.ForkedBooter.runSuitesInProcess(ForkedBooter.java:345)
	at org.apache.maven.surefire.booter.ForkedBooter.execute(ForkedBooter.java:126)
	at org.apache.maven.surefire.booter.ForkedBooter.main(ForkedBooter.java:418)

Jul 24, 2020 3:08:19 AM org.apache.ratis.thirdparty.io.grpc.internal.ManagedChannelOrphanWrapper$ManagedChannelReference cleanQueue
SEVERE: *~*~*~ Channel ManagedChannelImpl{logId=230, target=172.17.0.2:41199} was not shutdown properly!!! ~*~*~*
    Make sure to call shutdown()/shutdownNow() and wait until awaitTermination() returns true.
java.lang.RuntimeException: ManagedChannel allocation site
	at org.apache.ratis.thirdparty.io.grpc.internal.ManagedChannelOrphanWrapper$ManagedChannelReference.<init>(ManagedChannelOrphanWrapper.java:93)
	at org.apache.ratis.thirdparty.io.grpc.internal.ManagedChannelOrphanWrapper.<init>(ManagedChannelOrphanWrapper.java:53)
	at org.apache.ratis.thirdparty.io.grpc.internal.ManagedChannelOrphanWrapper.<init>(ManagedChannelOrphanWrapper.java:44)
	at org.apache.ratis.thirdparty.io.grpc.internal.AbstractManagedChannelImplBuilder.build(AbstractManagedChannelImplBuilder.java:518)
	at org.apache.hadoop.hdds.scm.XceiverClientGrpc.connectToDatanode(XceiverClientGrpc.java:193)
	at org.apache.hadoop.hdds.scm.XceiverClientGrpc.reconnect(XceiverClientGrpc.java:501)
	at org.apache.hadoop.hdds.scm.XceiverClientGrpc.checkOpen(XceiverClientGrpc.java:492)
	at org.apache.hadoop.hdds.scm.XceiverClientGrpc.sendCommandAsync(XceiverClientGrpc.java:432)
	at org.apache.hadoop.hdds.scm.XceiverClientGrpc.sendCommandWithRetry(XceiverClientGrpc.java:341)
	at org.apache.hadoop.hdds.scm.XceiverClientGrpc.lambda$sendCommandWithTraceIDAndRetry$0(XceiverClientGrpc.java:281)
	at org.apache.hadoop.hdds.tracing.TracingUtil.executeInSpan(TracingUtil.java:174)
	at org.apache.hadoop.hdds.tracing.TracingUtil.executeInNewSpan(TracingUtil.java:148)
	at org.apache.hadoop.hdds.scm.XceiverClientGrpc.sendCommandWithTraceIDAndRetry(XceiverClientGrpc.java:275)
	at org.apache.hadoop.hdds.scm.XceiverClientGrpc.sendCommand(XceiverClientGrpc.java:256)
	at org.apache.hadoop.hdds.scm.storage.ContainerProtocolCalls.getBlock(ContainerProtocolCalls.java:119)
	at org.apache.hadoop.hdds.scm.storage.BlockInputStream.getChunkInfos(BlockInputStream.java:199)
	at org.apache.hadoop.hdds.scm.storage.BlockInputStream.initialize(BlockInputStream.java:133)
	at org.apache.hadoop.hdds.scm.storage.BlockInputStream.read(BlockInputStream.java:254)
	at org.apache.hadoop.ozone.client.io.KeyInputStream.read(KeyInputStream.java:199)
	at org.apache.hadoop.ozone.client.io.OzoneInputStream.read(OzoneInputStream.java:47)
	at java.io.InputStream.read(InputStream.java:101)
	at org.apache.hadoop.ozone.container.TestHelper.validateData(TestHelper.java:125)
	at org.apache.hadoop.ozone.client.rpc.TestWatchForCommit.validateData(TestWatchForCommit.java:368)
	at org.apache.hadoop.ozone.client.rpc.TestWatchForCommit.testWatchForCommitWithKeyWrite(TestWatchForCommit.java:234)
	at sun.reflect.NativeMethodAccessorImpl.invoke0(Native Method)
	at sun.reflect.NativeMethodAccessorImpl.invoke(NativeMethodAccessorImpl.java:62)
	at sun.reflect.DelegatingMethodAccessorImpl.invoke(DelegatingMethodAccessorImpl.java:43)
	at java.lang.reflect.Method.invoke(Method.java:498)
	at org.junit.runners.model.FrameworkMethod$1.runReflectiveCall(FrameworkMethod.java:47)
	at org.junit.internal.runners.model.ReflectiveCallable.run(ReflectiveCallable.java:12)
	at org.junit.runners.model.FrameworkMethod.invokeExplosively(FrameworkMethod.java:44)
	at org.junit.internal.runners.statements.InvokeMethod.evaluate(InvokeMethod.java:17)
	at org.junit.internal.runners.statements.RunBefores.evaluate(RunBefores.java:26)
	at org.junit.internal.runners.statements.RunAfters.evaluate(RunAfters.java:27)
	at org.junit.runners.ParentRunner.runLeaf(ParentRunner.java:271)
	at org.junit.runners.BlockJUnit4ClassRunner.runChild(BlockJUnit4ClassRunner.java:70)
	at org.junit.runners.BlockJUnit4ClassRunner.runChild(BlockJUnit4ClassRunner.java:50)
	at org.junit.runners.ParentRunner$3.run(ParentRunner.java:238)
	at org.junit.runners.ParentRunner$1.schedule(ParentRunner.java:63)
	at org.junit.runners.ParentRunner.runChildren(ParentRunner.java:236)
	at org.junit.runners.ParentRunner.access$000(ParentRunner.java:53)
	at org.junit.runners.ParentRunner$2.evaluate(ParentRunner.java:229)
	at org.junit.runners.ParentRunner.run(ParentRunner.java:309)
	at org.apache.maven.surefire.junit4.JUnit4Provider.execute(JUnit4Provider.java:365)
	at org.apache.maven.surefire.junit4.JUnit4Provider.executeWithRerun(JUnit4Provider.java:273)
	at org.apache.maven.surefire.junit4.JUnit4Provider.executeTestSet(JUnit4Provider.java:238)
	at org.apache.maven.surefire.junit4.JUnit4Provider.invoke(JUnit4Provider.java:159)
	at org.apache.maven.surefire.booter.ForkedBooter.invokeProviderInSameClassLoader(ForkedBooter.java:384)
	at org.apache.maven.surefire.booter.ForkedBooter.runSuitesInProcess(ForkedBooter.java:345)
	at org.apache.maven.surefire.booter.ForkedBooter.execute(ForkedBooter.java:126)
	at org.apache.maven.surefire.booter.ForkedBooter.main(ForkedBooter.java:418)

]]></system-err>
  </testcase>
  <testcase name="test2WayCommitForTimeoutException" classname="org.apache.hadoop.ozone.client.rpc.TestWatchForCommit" time="42.272"/>
</testsuite>