<?xml version="1.0" encoding="UTF-8"?>
<testsuite xmlns:xsi="http://www.w3.org/2001/XMLSchema-instance" xsi:noNamespaceSchemaLocation="https://maven.apache.org/surefire/maven-surefire-plugin/xsd/surefire-test-report.xsd" name="org.apache.hadoop.ozone.freon.TestRandomKeyGenerator" time="341.113" tests="6" errors="0" skipped="0" failures="1">
  <properties>
    <property name="awt.toolkit" value="sun.awt.X11.XToolkit"/>
    <property name="file.encoding.pkg" value="sun.io"/>
    <property name="java.specification.version" value="1.8"/>
    <property name="sun.cpu.isalist" value=""/>
    <property name="sun.jnu.encoding" value="ANSI_X3.4-1968"/>
    <property name="java.class.path" value="/github/workspace/hadoop-ozone/integration-test/target/test-classes:/github/workspace/hadoop-ozone/integration-test/target/classes:/home/user/.m2/repository/org/apache/hadoop/hadoop-ozone-common/0.5.0-SNAPSHOT/hadoop-ozone-common-0.5.0-SNAPSHOT.jar:/home/user/.m2/repository/org/apache/commons/commons-compress/1.4.1/commons-compress-1.4.1.jar:/home/user/.m2/repository/org/tukaani/xz/1.0/xz-1.0.jar:/home/user/.m2/repository/org/apache/hadoop/hadoop-common/3.2.0/hadoop-common-3.2.0.jar:/home/user/.m2/repository/org/apache/hadoop/hadoop-hdfs/3.2.0/hadoop-hdfs-3.2.0.jar:/home/user/.m2/repository/org/apache/hadoop/hadoop-hdfs-client/3.2.0/hadoop-hdfs-client-3.2.0.jar:/home/user/.m2/repository/com/fasterxml/jackson/core/jackson-annotations/2.10.3/jackson-annotations-2.10.3.jar:/home/user/.m2/repository/org/apache/hadoop/hadoop-hdds-common/0.5.0-SNAPSHOT/hadoop-hdds-common-0.5.0-SNAPSHOT.jar:/home/user/.m2/repository/info/picocli/picocli/3.9.6/picocli-3.9.6.jar:/home/user/.m2/repository/javax/annotation/javax.annotation-api/1.2/javax.annotation-api-1.2.jar:/home/user/.m2/repository/org/apache/ratis/ratis-server/0.6.0-a320ae0-SNAPSHOT/ratis-server-0.6.0-a320ae0-SNAPSHOT.jar:/home/user/.m2/repository/org/apache/ratis/ratis-thirdparty-misc/0.3.0/ratis-thirdparty-misc-0.3.0.jar:/home/user/.m2/repository/org/apache/ratis/ratis-proto/0.6.0-a320ae0-SNAPSHOT/ratis-proto-0.6.0-a320ae0-SNAPSHOT.jar:/home/user/.m2/repository/org/apache/ratis/ratis-common/0.6.0-a320ae0-SNAPSHOT/ratis-common-0.6.0-a320ae0-SNAPSHOT.jar:/home/user/.m2/repository/org/apache/ratis/ratis-client/0.6.0-a320ae0-SNAPSHOT/ratis-client-0.6.0-a320ae0-SNAPSHOT.jar:/home/user/.m2/repository/org/apache/ratis/ratis-metrics/0.6.0-a320ae0-SNAPSHOT/ratis-metrics-0.6.0-a320ae0-SNAPSHOT.jar:/home/user/.m2/repository/org/apache/ratis/ratis-netty/0.6.0-a320ae0-SNAPSHOT/ratis-netty-0.6.0-a320ae0-SNAPSHOT.jar:/home/user/.m2/repository/org/apache/ratis/ratis-grpc/0.6.0-a320ae0-SNAPSHOT/ratis-grpc-0.6.0-a320ae0-SNAPSHOT.jar:/home/user/.m2/repository/org/rocksdb/rocksdbjni/6.6.4/rocksdbjni-6.6.4.jar:/home/user/.m2/repository/org/apache/logging/log4j/log4j-api/2.11.0/log4j-api-2.11.0.jar:/home/user/.m2/repository/org/apache/logging/log4j/log4j-core/2.11.0/log4j-core-2.11.0.jar:/home/user/.m2/repository/com/lmax/disruptor/3.4.2/disruptor-3.4.2.jar:/home/user/.m2/repository/org/apache/commons/commons-pool2/2.6.0/commons-pool2-2.6.0.jar:/home/user/.m2/repository/org/bouncycastle/bcpkix-jdk15on/1.60/bcpkix-jdk15on-1.60.jar:/home/user/.m2/repository/commons-validator/commons-validator/1.6/commons-validator-1.6.jar:/home/user/.m2/repository/commons-digester/commons-digester/1.8.1/commons-digester-1.8.1.jar:/home/user/.m2/repository/io/jaegertracing/jaeger-client/0.34.0/jaeger-client-0.34.0.jar:/home/user/.m2/repository/io/jaegertracing/jaeger-thrift/0.34.0/jaeger-thrift-0.34.0.jar:/home/user/.m2/repository/org/apache/thrift/libthrift/0.12.0/libthrift-0.12.0.jar:/home/user/.m2/repository/com/squareup/okhttp3/okhttp/3.9.0/okhttp-3.9.0.jar:/home/user/.m2/repository/com/squareup/okio/okio/1.13.0/okio-1.13.0.jar:/home/user/.m2/repository/io/jaegertracing/jaeger-core/0.34.0/jaeger-core-0.34.0.jar:/home/user/.m2/repository/io/jaegertracing/jaeger-tracerresolver/0.34.0/jaeger-tracerresolver-0.34.0.jar:/home/user/.m2/repository/io/opentracing/contrib/opentracing-tracerresolver/0.1.5/opentracing-tracerresolver-0.1.5.jar:/home/user/.m2/repository/io/opentracing/opentracing-util/0.31.0/opentracing-util-0.31.0.jar:/home/user/.m2/repository/io/opentracing/opentracing-api/0.31.0/opentracing-api-0.31.0.jar:/home/user/.m2/repository/io/opentracing/opentracing-noop/0.31.0/opentracing-noop-0.31.0.jar:/home/user/.m2/repository/com/fasterxml/jackson/datatype/jackson-datatype-jsr310/2.10.3/jackson-datatype-jsr310-2.10.3.jar:/home/user/.m2/repository/org/apache/hadoop/hadoop-hdds-client/0.5.0-SNAPSHOT/hadoop-hdds-client-0.5.0-SNAPSHOT.jar:/home/user/.m2/repository/org/apache/hadoop/hadoop-hdds-tools/0.5.0-SNAPSHOT/hadoop-hdds-tools-0.5.0-SNAPSHOT.jar:/home/user/.m2/repository/org/apache/ratis/ratis-tools/0.6.0-a320ae0-SNAPSHOT/ratis-tools-0.6.0-a320ae0-SNAPSHOT.jar:/home/user/.m2/repository/org/apache/hadoop/hadoop-hdds-server-scm/0.5.0-SNAPSHOT/hadoop-hdds-server-scm-0.5.0-SNAPSHOT.jar:/home/user/.m2/repository/org/apache/hadoop/hadoop-hdds-container-service/0.5.0-SNAPSHOT/hadoop-hdds-container-service-0.5.0-SNAPSHOT.jar:/home/user/.m2/repository/org/apache/hadoop/hadoop-hdds-server-framework/0.5.0-SNAPSHOT/hadoop-hdds-server-framework-0.5.0-SNAPSHOT.jar:/home/user/.m2/repository/io/prometheus/simpleclient_dropwizard/0.7.0/simpleclient_dropwizard-0.7.0.jar:/home/user/.m2/repository/io/prometheus/simpleclient/0.7.0/simpleclient-0.7.0.jar:/home/user/.m2/repository/io/prometheus/simpleclient_common/0.7.0/simpleclient_common-0.7.0.jar:/home/user/.m2/repository/org/apache/hadoop/hadoop-hdds-docs/0.5.0-SNAPSHOT/hadoop-hdds-docs-0.5.0-SNAPSHOT.jar:/home/user/.m2/repository/io/dropwizard/metrics/metrics-core/3.2.4/metrics-core-3.2.4.jar:/home/user/.m2/repository/org/bouncycastle/bcprov-jdk15on/1.60/bcprov-jdk15on-1.60.jar:/home/user/.m2/repository/org/apache/hadoop/hadoop-ozone-ozone-manager/0.5.0-SNAPSHOT/hadoop-ozone-ozone-manager-0.5.0-SNAPSHOT.jar:/home/user/.m2/repository/org/apache/hadoop/hadoop-minikdc/3.2.0/hadoop-minikdc-3.2.0.jar:/home/user/.m2/repository/commons-io/commons-io/2.5/commons-io-2.5.jar:/home/user/.m2/repository/org/apache/kerby/kerb-simplekdc/1.0.1/kerb-simplekdc-1.0.1.jar:/home/user/.m2/repository/org/apache/kerby/kerb-client/1.0.1/kerb-client-1.0.1.jar:/home/user/.m2/repository/org/apache/kerby/kerby-config/1.0.1/kerby-config-1.0.1.jar:/home/user/.m2/repository/org/apache/kerby/kerb-core/1.0.1/kerb-core-1.0.1.jar:/home/user/.m2/repository/org/apache/kerby/kerby-pkix/1.0.1/kerby-pkix-1.0.1.jar:/home/user/.m2/repository/org/apache/kerby/kerby-asn1/1.0.1/kerby-asn1-1.0.1.jar:/home/user/.m2/repository/org/apache/kerby/kerby-util/1.0.1/kerby-util-1.0.1.jar:/home/user/.m2/repository/org/apache/kerby/kerb-common/1.0.1/kerb-common-1.0.1.jar:/home/user/.m2/repository/org/apache/kerby/kerb-crypto/1.0.1/kerb-crypto-1.0.1.jar:/home/user/.m2/repository/org/apache/kerby/kerb-util/1.0.1/kerb-util-1.0.1.jar:/home/user/.m2/repository/org/apache/kerby/token-provider/1.0.1/token-provider-1.0.1.jar:/home/user/.m2/repository/org/apache/kerby/kerb-admin/1.0.1/kerb-admin-1.0.1.jar:/home/user/.m2/repository/org/apache/kerby/kerb-server/1.0.1/kerb-server-1.0.1.jar:/home/user/.m2/repository/org/apache/kerby/kerb-identity/1.0.1/kerb-identity-1.0.1.jar:/home/user/.m2/repository/org/apache/kerby/kerby-xdr/1.0.1/kerby-xdr-1.0.1.jar:/home/user/.m2/repository/org/slf4j/slf4j-log4j12/1.7.25/slf4j-log4j12-1.7.25.jar:/home/user/.m2/repository/org/apache/hadoop/hadoop-ozone-s3gateway/0.5.0-SNAPSHOT/hadoop-ozone-s3gateway-0.5.0-SNAPSHOT.jar:/home/user/.m2/repository/org/jboss/weld/servlet/weld-servlet/2.4.7.Final/weld-servlet-2.4.7.Final.jar:/home/user/.m2/repository/org/glassfish/jersey/containers/jersey-container-servlet-core/2.27/jersey-container-servlet-core-2.27.jar:/home/user/.m2/repository/org/glassfish/hk2/external/javax.inject/2.5.0-b42/javax.inject-2.5.0-b42.jar:/home/user/.m2/repository/org/glassfish/jersey/core/jersey-common/2.27/jersey-common-2.27.jar:/home/user/.m2/repository/org/glassfish/hk2/osgi-resource-locator/1.0.1/osgi-resource-locator-1.0.1.jar:/home/user/.m2/repository/javax/ws/rs/javax.ws.rs-api/2.1/javax.ws.rs-api-2.1.jar:/home/user/.m2/repository/org/glassfish/jersey/ext/cdi/jersey-cdi1x/2.27/jersey-cdi1x-2.27.jar:/home/user/.m2/repository/org/glassfish/jersey/inject/jersey-hk2/2.27/jersey-hk2-2.27.jar:/home/user/.m2/repository/org/glassfish/hk2/hk2-locator/2.5.0-b42/hk2-locator-2.5.0-b42.jar:/home/user/.m2/repository/org/javassist/javassist/3.22.0-CR2/javassist-3.22.0-CR2.jar:/home/user/.m2/repository/org/glassfish/hk2/hk2-api/2.5.0/hk2-api-2.5.0.jar:/home/user/.m2/repository/org/glassfish/hk2/external/jakarta.inject/2.5.0/jakarta.inject-2.5.0.jar:/home/user/.m2/repository/org/glassfish/hk2/hk2-utils/2.5.0/hk2-utils-2.5.0.jar:/home/user/.m2/repository/jakarta/annotation/jakarta.annotation-api/1.3.4/jakarta.annotation-api-1.3.4.jar:/home/user/.m2/repository/org/glassfish/hk2/external/aopalliance-repackaged/2.5.0/aopalliance-repackaged-2.5.0.jar:/home/user/.m2/repository/com/fasterxml/jackson/dataformat/jackson-dataformat-xml/2.9.0/jackson-dataformat-xml-2.9.0.jar:/home/user/.m2/repository/com/fasterxml/jackson/core/jackson-core/2.10.3/jackson-core-2.10.3.jar:/home/user/.m2/repository/com/fasterxml/jackson/module/jackson-module-jaxb-annotations/2.10.3/jackson-module-jaxb-annotations-2.10.3.jar:/home/user/.m2/repository/jakarta/xml/bind/jakarta.xml.bind-api/2.3.2/jakarta.xml.bind-api-2.3.2.jar:/home/user/.m2/repository/jakarta/activation/jakarta.activation-api/1.2.1/jakarta.activation-api-1.2.1.jar:/home/user/.m2/repository/javax/enterprise/cdi-api/1.2/cdi-api-1.2.jar:/home/user/.m2/repository/javax/el/javax.el-api/3.0.0/javax.el-api-3.0.0.jar:/home/user/.m2/repository/javax/interceptor/javax.interceptor-api/1.2/javax.interceptor-api-1.2.jar:/home/user/.m2/repository/javax/inject/javax.inject/1/javax.inject-1.jar:/home/user/.m2/repository/com/sun/xml/bind/jaxb-impl/2.3.0.1/jaxb-impl-2.3.0.1.jar:/home/user/.m2/repository/com/sun/xml/bind/jaxb-core/2.3.0.1/jaxb-core-2.3.0.1.jar:/home/user/.m2/repository/javax/xml/bind/jaxb-api/2.3.0/jaxb-api-2.3.0.jar:/home/user/.m2/repository/javax/activation/activation/1.1.1/activation-1.1.1.jar:/home/user/.m2/repository/org/apache/hadoop/hadoop-ozone-csi/0.5.0-SNAPSHOT/hadoop-ozone-csi-0.5.0-SNAPSHOT.jar:/home/user/.m2/repository/com/google/protobuf/protobuf-java-util/3.5.1/protobuf-java-util-3.5.1.jar:/home/user/.m2/repository/org/apache/hadoop/hadoop-hdds-config/0.5.0-SNAPSHOT/hadoop-hdds-config-0.5.0-SNAPSHOT.jar:/home/user/.m2/repository/com/google/guava/guava/28.2-jre/guava-28.2-jre.jar:/home/user/.m2/repository/com/google/guava/failureaccess/1.0.1/failureaccess-1.0.1.jar:/home/user/.m2/repository/com/google/guava/listenablefuture/9999.0-empty-to-avoid-conflict-with-guava/listenablefuture-9999.0-empty-to-avoid-conflict-with-guava.jar:/home/user/.m2/repository/org/checkerframework/checker-qual/2.10.0/checker-qual-2.10.0.jar:/home/user/.m2/repository/com/google/errorprone/error_prone_annotations/2.3.4/error_prone_annotations-2.3.4.jar:/home/user/.m2/repository/com/google/j2objc/j2objc-annotations/1.3/j2objc-annotations-1.3.jar:/home/user/.m2/repository/com/google/protobuf/protobuf-java/2.5.0/protobuf-java-2.5.0.jar:/home/user/.m2/repository/io/grpc/grpc-netty/1.17.1/grpc-netty-1.17.1.jar:/home/user/.m2/repository/io/grpc/grpc-core/1.17.1/grpc-core-1.17.1.jar:/home/user/.m2/repository/io/grpc/grpc-context/1.17.1/grpc-context-1.17.1.jar:/home/user/.m2/repository/org/codehaus/mojo/animal-sniffer-annotations/1.17/animal-sniffer-annotations-1.17.jar:/home/user/.m2/repository/io/opencensus/opencensus-api/0.17.0/opencensus-api-0.17.0.jar:/home/user/.m2/repository/io/opencensus/opencensus-contrib-grpc-metrics/0.17.0/opencensus-contrib-grpc-metrics-0.17.0.jar:/home/user/.m2/repository/io/netty/netty-codec-http2/4.1.30.Final/netty-codec-http2-4.1.30.Final.jar:/home/user/.m2/repository/io/netty/netty-codec-http/4.1.30.Final/netty-codec-http-4.1.30.Final.jar:/home/user/.m2/repository/io/netty/netty-codec/4.1.30.Final/netty-codec-4.1.30.Final.jar:/home/user/.m2/repository/io/netty/netty-handler/4.1.30.Final/netty-handler-4.1.30.Final.jar:/home/user/.m2/repository/io/netty/netty-handler-proxy/4.1.30.Final/netty-handler-proxy-4.1.30.Final.jar:/home/user/.m2/repository/io/netty/netty-codec-socks/4.1.30.Final/netty-codec-socks-4.1.30.Final.jar:/home/user/.m2/repository/io/netty/netty-transport-native-epoll/4.1.30.Final/netty-transport-native-epoll-4.1.30.Final.jar:/home/user/.m2/repository/io/netty/netty-common/4.1.30.Final/netty-common-4.1.30.Final.jar:/home/user/.m2/repository/io/netty/netty-buffer/4.1.30.Final/netty-buffer-4.1.30.Final.jar:/home/user/.m2/repository/io/netty/netty-transport/4.1.30.Final/netty-transport-4.1.30.Final.jar:/home/user/.m2/repository/io/netty/netty-resolver/4.1.30.Final/netty-resolver-4.1.30.Final.jar:/home/user/.m2/repository/io/netty/netty-transport-native-unix-common/4.1.30.Final/netty-transport-native-unix-common-4.1.30.Final.jar:/home/user/.m2/repository/io/grpc/grpc-protobuf/1.17.1/grpc-protobuf-1.17.1.jar:/home/user/.m2/repository/com/google/api/grpc/proto-google-common-protos/1.0.0/proto-google-common-protos-1.0.0.jar:/home/user/.m2/repository/io/grpc/grpc-protobuf-lite/1.17.1/grpc-protobuf-lite-1.17.1.jar:/home/user/.m2/repository/io/grpc/grpc-stub/1.17.1/grpc-stub-1.17.1.jar:/home/user/.m2/repository/org/apache/hadoop/hadoop-ozone-recon/0.5.0-SNAPSHOT/hadoop-ozone-recon-0.5.0-SNAPSHOT.jar:/home/user/.m2/repository/org/apache/hadoop/hadoop-ozone-reconcodegen/0.5.0-SNAPSHOT/hadoop-ozone-reconcodegen-0.5.0-SNAPSHOT.jar:/home/user/.m2/repository/com/google/inject/extensions/guice-multibindings/4.0/guice-multibindings-4.0.jar:/home/user/.m2/repository/com/google/inject/guice/4.0/guice-4.0.jar:/home/user/.m2/repository/aopalliance/aopalliance/1.0/aopalliance-1.0.jar:/home/user/.m2/repository/com/google/inject/extensions/guice-servlet/4.0/guice-servlet-4.0.jar:/home/user/.m2/repository/org/glassfish/jersey/containers/jersey-container-servlet/2.27/jersey-container-servlet-2.27.jar:/home/user/.m2/repository/org/glassfish/hk2/guice-bridge/2.5.0/guice-bridge-2.5.0.jar:/home/user/.m2/repository/org/glassfish/jersey/core/jersey-server/2.27/jersey-server-2.27.jar:/home/user/.m2/repository/org/glassfish/jersey/core/jersey-client/2.27/jersey-client-2.27.jar:/home/user/.m2/repository/org/glassfish/jersey/media/jersey-media-jaxb/2.27/jersey-media-jaxb-2.27.jar:/home/user/.m2/repository/javax/validation/validation-api/1.1.0.Final/validation-api-1.1.0.Final.jar:/home/user/.m2/repository/org/glassfish/jersey/media/jersey-media-json-jackson/2.27/jersey-media-json-jackson-2.27.jar:/home/user/.m2/repository/org/glassfish/jersey/ext/jersey-entity-filtering/2.27/jersey-entity-filtering-2.27.jar:/home/user/.m2/repository/com/google/inject/extensions/guice-assistedinject/4.0/guice-assistedinject-4.0.jar:/home/user/.m2/repository/org/jooq/jooq/3.11.10/jooq-3.11.10.jar:/home/user/.m2/repository/org/jooq/jooq-meta/3.11.10/jooq-meta-3.11.10.jar:/home/user/.m2/repository/org/jooq/jooq-codegen/3.11.10/jooq-codegen-3.11.10.jar:/home/user/.m2/repository/com/jolbox/bonecp/0.8.0.RELEASE/bonecp-0.8.0.RELEASE.jar:/home/user/.m2/repository/org/xerial/sqlite-jdbc/3.25.2/sqlite-jdbc-3.25.2.jar:/home/user/.m2/repository/org/springframework/spring-jdbc/5.1.3.RELEASE/spring-jdbc-5.1.3.RELEASE.jar:/home/user/.m2/repository/org/springframework/spring-beans/5.1.3.RELEASE/spring-beans-5.1.3.RELEASE.jar:/home/user/.m2/repository/org/springframework/spring-core/5.1.3.RELEASE/spring-core-5.1.3.RELEASE.jar:/home/user/.m2/repository/org/springframework/spring-jcl/5.1.3.RELEASE/spring-jcl-5.1.3.RELEASE.jar:/home/user/.m2/repository/org/springframework/spring-tx/5.1.3.RELEASE/spring-tx-5.1.3.RELEASE.jar:/home/user/.m2/repository/org/apache/hadoop/hadoop-ozone-client/0.5.0-SNAPSHOT/hadoop-ozone-client-0.5.0-SNAPSHOT.jar:/home/user/.m2/repository/org/apache/hadoop/hadoop-ozone-filesystem/0.5.0-SNAPSHOT/hadoop-ozone-filesystem-0.5.0-SNAPSHOT.jar:/home/user/.m2/repository/org/apache/httpcomponents/httpclient/4.5.2/httpclient-4.5.2.jar:/home/user/.m2/repository/org/apache/httpcomponents/httpcore/4.4.4/httpcore-4.4.4.jar:/home/user/.m2/repository/org/apache/hadoop/hadoop-ozone-tools/0.5.0-SNAPSHOT/hadoop-ozone-tools-0.5.0-SNAPSHOT.jar:/home/user/.m2/repository/com/amazonaws/aws-java-sdk-s3/1.11.615/aws-java-sdk-s3-1.11.615.jar:/home/user/.m2/repository/com/amazonaws/aws-java-sdk-kms/1.11.615/aws-java-sdk-kms-1.11.615.jar:/home/user/.m2/repository/com/amazonaws/aws-java-sdk-core/1.11.615/aws-java-sdk-core-1.11.615.jar:/home/user/.m2/repository/software/amazon/ion/ion-java/1.0.2/ion-java-1.0.2.jar:/home/user/.m2/repository/com/fasterxml/jackson/dataformat/jackson-dataformat-cbor/2.10.3/jackson-dataformat-cbor-2.10.3.jar:/home/user/.m2/repository/joda-time/joda-time/2.9.9/joda-time-2.9.9.jar:/home/user/.m2/repository/com/amazonaws/jmespath-java/1.11.615/jmespath-java-1.11.615.jar:/home/user/.m2/repository/commons-lang/commons-lang/2.6/commons-lang-2.6.jar:/home/user/.m2/repository/org/apache/hadoop/hadoop-ozone-ozone-manager/0.5.0-SNAPSHOT/hadoop-ozone-ozone-manager-0.5.0-SNAPSHOT-tests.jar:/home/user/.m2/repository/junit/junit/4.11/junit-4.11.jar:/home/user/.m2/repository/org/hamcrest/hamcrest-core/1.3/hamcrest-core-1.3.jar:/home/user/.m2/repository/org/openjdk/jmh/jmh-core/1.19/jmh-core-1.19.jar:/home/user/.m2/repository/net/sf/jopt-simple/jopt-simple/4.6/jopt-simple-4.6.jar:/home/user/.m2/repository/org/apache/commons/commons-math3/3.1.1/commons-math3-3.1.1.jar:/home/user/.m2/repository/org/openjdk/jmh/jmh-generator-annprocess/1.19/jmh-generator-annprocess-1.19.jar:/home/user/.m2/repository/org/mockito/mockito-all/1.8.5/mockito-all-1.8.5.jar:/home/user/.m2/repository/org/apache/hadoop/hadoop-kms/3.2.0/hadoop-kms-3.2.0.jar:/home/user/.m2/repository/org/apache/hadoop/hadoop-auth/3.2.0/hadoop-auth-3.2.0.jar:/home/user/.m2/repository/com/nimbusds/nimbus-jose-jwt/7.9/nimbus-jose-jwt-7.9.jar:/home/user/.m2/repository/com/github/stephenc/jcip/jcip-annotations/1.0-1/jcip-annotations-1.0-1.jar:/home/user/.m2/repository/net/minidev/json-smart/2.3/json-smart-2.3.jar:/home/user/.m2/repository/net/minidev/accessors-smart/1.2/accessors-smart-1.2.jar:/home/user/.m2/repository/org/ow2/asm/asm/5.0.4/asm-5.0.4.jar:/home/user/.m2/repository/org/apache/curator/curator-framework/2.12.0/curator-framework-2.12.0.jar:/home/user/.m2/repository/com/sun/jersey/jersey-core/1.19/jersey-core-1.19.jar:/home/user/.m2/repository/javax/ws/rs/jsr311-api/1.1.1/jsr311-api-1.1.1.jar:/home/user/.m2/repository/com/sun/jersey/jersey-server/1.19/jersey-server-1.19.jar:/home/user/.m2/repository/javax/servlet/javax.servlet-api/3.1.0/javax.servlet-api-3.1.0.jar:/home/user/.m2/repository/org/eclipse/jetty/jetty-server/9.4.26.v20200117/jetty-server-9.4.26.v20200117.jar:/home/user/.m2/repository/org/eclipse/jetty/jetty-http/9.4.26.v20200117/jetty-http-9.4.26.v20200117.jar:/home/user/.m2/repository/org/eclipse/jetty/jetty-io/9.4.26.v20200117/jetty-io-9.4.26.v20200117.jar:/home/user/.m2/repository/org/eclipse/jetty/jetty-webapp/9.4.26.v20200117/jetty-webapp-9.4.26.v20200117.jar:/home/user/.m2/repository/org/eclipse/jetty/jetty-xml/9.4.26.v20200117/jetty-xml-9.4.26.v20200117.jar:/home/user/.m2/repository/log4j/log4j/1.2.17/log4j-1.2.17.jar:/home/user/.m2/repository/org/slf4j/slf4j-api/1.7.25/slf4j-api-1.7.25.jar:/home/user/.m2/repository/org/slf4j/jul-to-slf4j/1.7.25/jul-to-slf4j-1.7.25.jar:/home/user/.m2/repository/org/eclipse/jetty/jetty-util/9.4.26.v20200117/jetty-util-9.4.26.v20200117.jar:/home/user/.m2/repository/com/fasterxml/jackson/core/jackson-databind/2.10.3/jackson-databind-2.10.3.jar:/home/user/.m2/repository/org/apache/hadoop/hadoop-kms/3.2.0/hadoop-kms-3.2.0-tests.jar:/home/user/.m2/repository/org/apache/hadoop/hadoop-hdds-server-scm/0.5.0-SNAPSHOT/hadoop-hdds-server-scm-0.5.0-SNAPSHOT-tests.jar:/home/user/.m2/repository/org/apache/hadoop/hadoop-hdds-container-service/0.5.0-SNAPSHOT/hadoop-hdds-container-service-0.5.0-SNAPSHOT-tests.jar:/home/user/.m2/repository/org/apache/hadoop/hadoop-hdds-common/0.5.0-SNAPSHOT/hadoop-hdds-common-0.5.0-SNAPSHOT-tests.jar:/home/user/.m2/repository/org/yaml/snakeyaml/1.16/snakeyaml-1.16.jar:/home/user/.m2/repository/org/apache/hadoop/hadoop-common/3.2.0/hadoop-common-3.2.0-tests.jar:/home/user/.m2/repository/org/apache/hadoop/hadoop-annotations/3.2.0/hadoop-annotations-3.2.0.jar:/usr/lib/jvm/java-1.8.0-openjdk-1.8.0.232.b09-0.el7_7.x86_64/jre/../lib/tools.jar:/home/user/.m2/repository/commons-cli/commons-cli/1.2/commons-cli-1.2.jar:/home/user/.m2/repository/commons-codec/commons-codec/1.11/commons-codec-1.11.jar:/home/user/.m2/repository/commons-net/commons-net/3.6/commons-net-3.6.jar:/home/user/.m2/repository/commons-collections/commons-collections/3.2.2/commons-collections-3.2.2.jar:/home/user/.m2/repository/org/eclipse/jetty/jetty-servlet/9.4.26.v20200117/jetty-servlet-9.4.26.v20200117.jar:/home/user/.m2/repository/org/eclipse/jetty/jetty-security/9.4.26.v20200117/jetty-security-9.4.26.v20200117.jar:/home/user/.m2/repository/javax/servlet/jsp/jsp-api/2.1/jsp-api-2.1.jar:/home/user/.m2/repository/com/sun/jersey/jersey-servlet/1.19/jersey-servlet-1.19.jar:/home/user/.m2/repository/com/sun/jersey/jersey-json/1.19/jersey-json-1.19.jar:/home/user/.m2/repository/org/codehaus/jettison/jettison/1.1/jettison-1.1.jar:/home/user/.m2/repository/org/codehaus/jackson/jackson-core-asl/1.9.13/jackson-core-asl-1.9.13.jar:/home/user/.m2/repository/org/codehaus/jackson/jackson-mapper-asl/1.9.13/jackson-mapper-asl-1.9.13.jar:/home/user/.m2/repository/org/codehaus/jackson/jackson-jaxrs/1.9.13/jackson-jaxrs-1.9.13.jar:/home/user/.m2/repository/org/codehaus/jackson/jackson-xc/1.9.13/jackson-xc-1.9.13.jar:/home/user/.m2/repository/commons-logging/commons-logging/1.1.3/commons-logging-1.1.3.jar:/home/user/.m2/repository/commons-beanutils/commons-beanutils/1.9.4/commons-beanutils-1.9.4.jar:/home/user/.m2/repository/org/apache/commons/commons-configuration2/2.1.1/commons-configuration2-2.1.1.jar:/home/user/.m2/repository/org/apache/commons/commons-lang3/3.7/commons-lang3-3.7.jar:/home/user/.m2/repository/org/apache/commons/commons-text/1.4/commons-text-1.4.jar:/home/user/.m2/repository/org/apache/avro/avro/1.7.7/avro-1.7.7.jar:/home/user/.m2/repository/com/thoughtworks/paranamer/paranamer/2.3/paranamer-2.3.jar:/home/user/.m2/repository/org/xerial/snappy/snappy-java/1.0.5/snappy-java-1.0.5.jar:/home/user/.m2/repository/com/google/re2j/re2j/1.1/re2j-1.1.jar:/home/user/.m2/repository/com/google/code/gson/gson/2.2.4/gson-2.2.4.jar:/home/user/.m2/repository/com/jcraft/jsch/0.1.54/jsch-0.1.54.jar:/home/user/.m2/repository/org/apache/curator/curator-client/2.12.0/curator-client-2.12.0.jar:/home/user/.m2/repository/org/apache/curator/curator-recipes/2.12.0/curator-recipes-2.12.0.jar:/home/user/.m2/repository/com/google/code/findbugs/jsr305/3.0.0/jsr305-3.0.0.jar:/home/user/.m2/repository/org/apache/htrace/htrace-core4/4.1.0-incubating/htrace-core4-4.1.0-incubating.jar:/home/user/.m2/repository/org/apache/zookeeper/zookeeper/3.4.13/zookeeper-3.4.13.jar:/home/user/.m2/repository/jline/jline/0.9.94/jline-0.9.94.jar:/home/user/.m2/repository/org/apache/yetus/audience-annotations/0.5.0/audience-annotations-0.5.0.jar:/home/user/.m2/repository/org/codehaus/woodstox/stax2-api/3.1.4/stax2-api-3.1.4.jar:/home/user/.m2/repository/com/fasterxml/woodstox/woodstox-core/5.0.3/woodstox-core-5.0.3.jar:/home/user/.m2/repository/dnsjava/dnsjava/2.1.7/dnsjava-2.1.7.jar:/home/user/.m2/repository/org/apache/hadoop/hadoop-hdfs/3.2.0/hadoop-hdfs-3.2.0-tests.jar:/home/user/.m2/repository/org/eclipse/jetty/jetty-util-ajax/9.4.26.v20200117/jetty-util-ajax-9.4.26.v20200117.jar:/home/user/.m2/repository/commons-daemon/commons-daemon/1.0.13/commons-daemon-1.0.13.jar:/home/user/.m2/repository/io/netty/netty/3.10.5.Final/netty-3.10.5.Final.jar:/home/user/.m2/repository/io/netty/netty-all/4.1.47.Final/netty-all-4.1.47.Final.jar:/home/user/.m2/repository/org/fusesource/leveldbjni/leveldbjni-all/1.8/leveldbjni-all-1.8.jar:/home/user/.m2/repository/org/apache/hadoop/hadoop-distcp/3.2.0/hadoop-distcp-3.2.0.jar:/home/user/.m2/repository/org/apache/hadoop/hadoop-mapreduce-client-jobclient/3.2.0/hadoop-mapreduce-client-jobclient-3.2.0.jar:/home/user/.m2/repository/org/apache/hadoop/hadoop-mapreduce-client-common/3.2.0/hadoop-mapreduce-client-common-3.2.0.jar:/home/user/.m2/repository/org/apache/hadoop/hadoop-yarn-common/3.2.0/hadoop-yarn-common-3.2.0.jar:/home/user/.m2/repository/org/apache/hadoop/hadoop-yarn-api/3.2.0/hadoop-yarn-api-3.2.0.jar:/home/user/.m2/repository/com/sun/jersey/jersey-client/1.19/jersey-client-1.19.jar:/home/user/.m2/repository/com/sun/jersey/contribs/jersey-guice/1.19/jersey-guice-1.19.jar:/home/user/.m2/repository/com/fasterxml/jackson/jaxrs/jackson-jaxrs-json-provider/2.10.3/jackson-jaxrs-json-provider-2.10.3.jar:/home/user/.m2/repository/com/fasterxml/jackson/jaxrs/jackson-jaxrs-base/2.10.3/jackson-jaxrs-base-2.10.3.jar:/home/user/.m2/repository/org/apache/hadoop/hadoop-yarn-client/3.2.0/hadoop-yarn-client-3.2.0.jar:/home/user/.m2/repository/org/apache/hadoop/hadoop-mapreduce-client-core/3.2.0/hadoop-mapreduce-client-core-3.2.0.jar:/home/user/.m2/repository/org/apache/hadoop/hadoop-distcp/3.2.0/hadoop-distcp-3.2.0-tests.jar:"/>
    <property name="java.vm.vendor" value="Oracle Corporation"/>
    <property name="sun.arch.data.model" value="64"/>
    <property name="test.build.dir" value="/github/workspace/hadoop-ozone/integration-test/target/test-dir"/>
    <property name="test.cache.data" value=""/>
    <property name="java.vendor.url" value="http://java.oracle.com/"/>
    <property name="user.timezone" value=""/>
    <property name="java.vm.specification.version" value="1.8"/>
    <property name="os.name" value="Linux"/>
    <property name="test.build.data" value="/github/workspace/hadoop-ozone/integration-test/target/test-dir"/>
    <property name="user.country" value="US"/>
    <property name="sun.java.launcher" value="SUN_STANDARD"/>
    <property name="sun.boot.library.path" value="/usr/lib/jvm/java-1.8.0-openjdk-1.8.0.232.b09-0.el7_7.x86_64/jre/lib/amd64"/>
    <property name="sun.java.command" value="/github/workspace/hadoop-ozone/integration-test/target/surefire/surefirebooter2323708026867846598.jar /github/workspace/hadoop-ozone/integration-test/target/surefire 2020-03-26T19-22-43_112-jvmRun1 surefire9099825630534473153tmp surefire_31041632743278660347tmp"/>
    <property name="surefire.test.class.path" value="/github/workspace/hadoop-ozone/integration-test/target/test-classes:/github/workspace/hadoop-ozone/integration-test/target/classes:/home/user/.m2/repository/org/apache/hadoop/hadoop-ozone-common/0.5.0-SNAPSHOT/hadoop-ozone-common-0.5.0-SNAPSHOT.jar:/home/user/.m2/repository/org/apache/commons/commons-compress/1.4.1/commons-compress-1.4.1.jar:/home/user/.m2/repository/org/tukaani/xz/1.0/xz-1.0.jar:/home/user/.m2/repository/org/apache/hadoop/hadoop-common/3.2.0/hadoop-common-3.2.0.jar:/home/user/.m2/repository/org/apache/hadoop/hadoop-hdfs/3.2.0/hadoop-hdfs-3.2.0.jar:/home/user/.m2/repository/org/apache/hadoop/hadoop-hdfs-client/3.2.0/hadoop-hdfs-client-3.2.0.jar:/home/user/.m2/repository/com/fasterxml/jackson/core/jackson-annotations/2.10.3/jackson-annotations-2.10.3.jar:/home/user/.m2/repository/org/apache/hadoop/hadoop-hdds-common/0.5.0-SNAPSHOT/hadoop-hdds-common-0.5.0-SNAPSHOT.jar:/home/user/.m2/repository/info/picocli/picocli/3.9.6/picocli-3.9.6.jar:/home/user/.m2/repository/javax/annotation/javax.annotation-api/1.2/javax.annotation-api-1.2.jar:/home/user/.m2/repository/org/apache/ratis/ratis-server/0.6.0-a320ae0-SNAPSHOT/ratis-server-0.6.0-a320ae0-SNAPSHOT.jar:/home/user/.m2/repository/org/apache/ratis/ratis-thirdparty-misc/0.3.0/ratis-thirdparty-misc-0.3.0.jar:/home/user/.m2/repository/org/apache/ratis/ratis-proto/0.6.0-a320ae0-SNAPSHOT/ratis-proto-0.6.0-a320ae0-SNAPSHOT.jar:/home/user/.m2/repository/org/apache/ratis/ratis-common/0.6.0-a320ae0-SNAPSHOT/ratis-common-0.6.0-a320ae0-SNAPSHOT.jar:/home/user/.m2/repository/org/apache/ratis/ratis-client/0.6.0-a320ae0-SNAPSHOT/ratis-client-0.6.0-a320ae0-SNAPSHOT.jar:/home/user/.m2/repository/org/apache/ratis/ratis-metrics/0.6.0-a320ae0-SNAPSHOT/ratis-metrics-0.6.0-a320ae0-SNAPSHOT.jar:/home/user/.m2/repository/org/apache/ratis/ratis-netty/0.6.0-a320ae0-SNAPSHOT/ratis-netty-0.6.0-a320ae0-SNAPSHOT.jar:/home/user/.m2/repository/org/apache/ratis/ratis-grpc/0.6.0-a320ae0-SNAPSHOT/ratis-grpc-0.6.0-a320ae0-SNAPSHOT.jar:/home/user/.m2/repository/org/rocksdb/rocksdbjni/6.6.4/rocksdbjni-6.6.4.jar:/home/user/.m2/repository/org/apache/logging/log4j/log4j-api/2.11.0/log4j-api-2.11.0.jar:/home/user/.m2/repository/org/apache/logging/log4j/log4j-core/2.11.0/log4j-core-2.11.0.jar:/home/user/.m2/repository/com/lmax/disruptor/3.4.2/disruptor-3.4.2.jar:/home/user/.m2/repository/org/apache/commons/commons-pool2/2.6.0/commons-pool2-2.6.0.jar:/home/user/.m2/repository/org/bouncycastle/bcpkix-jdk15on/1.60/bcpkix-jdk15on-1.60.jar:/home/user/.m2/repository/commons-validator/commons-validator/1.6/commons-validator-1.6.jar:/home/user/.m2/repository/commons-digester/commons-digester/1.8.1/commons-digester-1.8.1.jar:/home/user/.m2/repository/io/jaegertracing/jaeger-client/0.34.0/jaeger-client-0.34.0.jar:/home/user/.m2/repository/io/jaegertracing/jaeger-thrift/0.34.0/jaeger-thrift-0.34.0.jar:/home/user/.m2/repository/org/apache/thrift/libthrift/0.12.0/libthrift-0.12.0.jar:/home/user/.m2/repository/com/squareup/okhttp3/okhttp/3.9.0/okhttp-3.9.0.jar:/home/user/.m2/repository/com/squareup/okio/okio/1.13.0/okio-1.13.0.jar:/home/user/.m2/repository/io/jaegertracing/jaeger-core/0.34.0/jaeger-core-0.34.0.jar:/home/user/.m2/repository/io/jaegertracing/jaeger-tracerresolver/0.34.0/jaeger-tracerresolver-0.34.0.jar:/home/user/.m2/repository/io/opentracing/contrib/opentracing-tracerresolver/0.1.5/opentracing-tracerresolver-0.1.5.jar:/home/user/.m2/repository/io/opentracing/opentracing-util/0.31.0/opentracing-util-0.31.0.jar:/home/user/.m2/repository/io/opentracing/opentracing-api/0.31.0/opentracing-api-0.31.0.jar:/home/user/.m2/repository/io/opentracing/opentracing-noop/0.31.0/opentracing-noop-0.31.0.jar:/home/user/.m2/repository/com/fasterxml/jackson/datatype/jackson-datatype-jsr310/2.10.3/jackson-datatype-jsr310-2.10.3.jar:/home/user/.m2/repository/org/apache/hadoop/hadoop-hdds-client/0.5.0-SNAPSHOT/hadoop-hdds-client-0.5.0-SNAPSHOT.jar:/home/user/.m2/repository/org/apache/hadoop/hadoop-hdds-tools/0.5.0-SNAPSHOT/hadoop-hdds-tools-0.5.0-SNAPSHOT.jar:/home/user/.m2/repository/org/apache/ratis/ratis-tools/0.6.0-a320ae0-SNAPSHOT/ratis-tools-0.6.0-a320ae0-SNAPSHOT.jar:/home/user/.m2/repository/org/apache/hadoop/hadoop-hdds-server-scm/0.5.0-SNAPSHOT/hadoop-hdds-server-scm-0.5.0-SNAPSHOT.jar:/home/user/.m2/repository/org/apache/hadoop/hadoop-hdds-container-service/0.5.0-SNAPSHOT/hadoop-hdds-container-service-0.5.0-SNAPSHOT.jar:/home/user/.m2/repository/org/apache/hadoop/hadoop-hdds-server-framework/0.5.0-SNAPSHOT/hadoop-hdds-server-framework-0.5.0-SNAPSHOT.jar:/home/user/.m2/repository/io/prometheus/simpleclient_dropwizard/0.7.0/simpleclient_dropwizard-0.7.0.jar:/home/user/.m2/repository/io/prometheus/simpleclient/0.7.0/simpleclient-0.7.0.jar:/home/user/.m2/repository/io/prometheus/simpleclient_common/0.7.0/simpleclient_common-0.7.0.jar:/home/user/.m2/repository/org/apache/hadoop/hadoop-hdds-docs/0.5.0-SNAPSHOT/hadoop-hdds-docs-0.5.0-SNAPSHOT.jar:/home/user/.m2/repository/io/dropwizard/metrics/metrics-core/3.2.4/metrics-core-3.2.4.jar:/home/user/.m2/repository/org/bouncycastle/bcprov-jdk15on/1.60/bcprov-jdk15on-1.60.jar:/home/user/.m2/repository/org/apache/hadoop/hadoop-ozone-ozone-manager/0.5.0-SNAPSHOT/hadoop-ozone-ozone-manager-0.5.0-SNAPSHOT.jar:/home/user/.m2/repository/org/apache/hadoop/hadoop-minikdc/3.2.0/hadoop-minikdc-3.2.0.jar:/home/user/.m2/repository/commons-io/commons-io/2.5/commons-io-2.5.jar:/home/user/.m2/repository/org/apache/kerby/kerb-simplekdc/1.0.1/kerb-simplekdc-1.0.1.jar:/home/user/.m2/repository/org/apache/kerby/kerb-client/1.0.1/kerb-client-1.0.1.jar:/home/user/.m2/repository/org/apache/kerby/kerby-config/1.0.1/kerby-config-1.0.1.jar:/home/user/.m2/repository/org/apache/kerby/kerb-core/1.0.1/kerb-core-1.0.1.jar:/home/user/.m2/repository/org/apache/kerby/kerby-pkix/1.0.1/kerby-pkix-1.0.1.jar:/home/user/.m2/repository/org/apache/kerby/kerby-asn1/1.0.1/kerby-asn1-1.0.1.jar:/home/user/.m2/repository/org/apache/kerby/kerby-util/1.0.1/kerby-util-1.0.1.jar:/home/user/.m2/repository/org/apache/kerby/kerb-common/1.0.1/kerb-common-1.0.1.jar:/home/user/.m2/repository/org/apache/kerby/kerb-crypto/1.0.1/kerb-crypto-1.0.1.jar:/home/user/.m2/repository/org/apache/kerby/kerb-util/1.0.1/kerb-util-1.0.1.jar:/home/user/.m2/repository/org/apache/kerby/token-provider/1.0.1/token-provider-1.0.1.jar:/home/user/.m2/repository/org/apache/kerby/kerb-admin/1.0.1/kerb-admin-1.0.1.jar:/home/user/.m2/repository/org/apache/kerby/kerb-server/1.0.1/kerb-server-1.0.1.jar:/home/user/.m2/repository/org/apache/kerby/kerb-identity/1.0.1/kerb-identity-1.0.1.jar:/home/user/.m2/repository/org/apache/kerby/kerby-xdr/1.0.1/kerby-xdr-1.0.1.jar:/home/user/.m2/repository/org/slf4j/slf4j-log4j12/1.7.25/slf4j-log4j12-1.7.25.jar:/home/user/.m2/repository/org/apache/hadoop/hadoop-ozone-s3gateway/0.5.0-SNAPSHOT/hadoop-ozone-s3gateway-0.5.0-SNAPSHOT.jar:/home/user/.m2/repository/org/jboss/weld/servlet/weld-servlet/2.4.7.Final/weld-servlet-2.4.7.Final.jar:/home/user/.m2/repository/org/glassfish/jersey/containers/jersey-container-servlet-core/2.27/jersey-container-servlet-core-2.27.jar:/home/user/.m2/repository/org/glassfish/hk2/external/javax.inject/2.5.0-b42/javax.inject-2.5.0-b42.jar:/home/user/.m2/repository/org/glassfish/jersey/core/jersey-common/2.27/jersey-common-2.27.jar:/home/user/.m2/repository/org/glassfish/hk2/osgi-resource-locator/1.0.1/osgi-resource-locator-1.0.1.jar:/home/user/.m2/repository/javax/ws/rs/javax.ws.rs-api/2.1/javax.ws.rs-api-2.1.jar:/home/user/.m2/repository/org/glassfish/jersey/ext/cdi/jersey-cdi1x/2.27/jersey-cdi1x-2.27.jar:/home/user/.m2/repository/org/glassfish/jersey/inject/jersey-hk2/2.27/jersey-hk2-2.27.jar:/home/user/.m2/repository/org/glassfish/hk2/hk2-locator/2.5.0-b42/hk2-locator-2.5.0-b42.jar:/home/user/.m2/repository/org/javassist/javassist/3.22.0-CR2/javassist-3.22.0-CR2.jar:/home/user/.m2/repository/org/glassfish/hk2/hk2-api/2.5.0/hk2-api-2.5.0.jar:/home/user/.m2/repository/org/glassfish/hk2/external/jakarta.inject/2.5.0/jakarta.inject-2.5.0.jar:/home/user/.m2/repository/org/glassfish/hk2/hk2-utils/2.5.0/hk2-utils-2.5.0.jar:/home/user/.m2/repository/jakarta/annotation/jakarta.annotation-api/1.3.4/jakarta.annotation-api-1.3.4.jar:/home/user/.m2/repository/org/glassfish/hk2/external/aopalliance-repackaged/2.5.0/aopalliance-repackaged-2.5.0.jar:/home/user/.m2/repository/com/fasterxml/jackson/dataformat/jackson-dataformat-xml/2.9.0/jackson-dataformat-xml-2.9.0.jar:/home/user/.m2/repository/com/fasterxml/jackson/core/jackson-core/2.10.3/jackson-core-2.10.3.jar:/home/user/.m2/repository/com/fasterxml/jackson/module/jackson-module-jaxb-annotations/2.10.3/jackson-module-jaxb-annotations-2.10.3.jar:/home/user/.m2/repository/jakarta/xml/bind/jakarta.xml.bind-api/2.3.2/jakarta.xml.bind-api-2.3.2.jar:/home/user/.m2/repository/jakarta/activation/jakarta.activation-api/1.2.1/jakarta.activation-api-1.2.1.jar:/home/user/.m2/repository/javax/enterprise/cdi-api/1.2/cdi-api-1.2.jar:/home/user/.m2/repository/javax/el/javax.el-api/3.0.0/javax.el-api-3.0.0.jar:/home/user/.m2/repository/javax/interceptor/javax.interceptor-api/1.2/javax.interceptor-api-1.2.jar:/home/user/.m2/repository/javax/inject/javax.inject/1/javax.inject-1.jar:/home/user/.m2/repository/com/sun/xml/bind/jaxb-impl/2.3.0.1/jaxb-impl-2.3.0.1.jar:/home/user/.m2/repository/com/sun/xml/bind/jaxb-core/2.3.0.1/jaxb-core-2.3.0.1.jar:/home/user/.m2/repository/javax/xml/bind/jaxb-api/2.3.0/jaxb-api-2.3.0.jar:/home/user/.m2/repository/javax/activation/activation/1.1.1/activation-1.1.1.jar:/home/user/.m2/repository/org/apache/hadoop/hadoop-ozone-csi/0.5.0-SNAPSHOT/hadoop-ozone-csi-0.5.0-SNAPSHOT.jar:/home/user/.m2/repository/com/google/protobuf/protobuf-java-util/3.5.1/protobuf-java-util-3.5.1.jar:/home/user/.m2/repository/org/apache/hadoop/hadoop-hdds-config/0.5.0-SNAPSHOT/hadoop-hdds-config-0.5.0-SNAPSHOT.jar:/home/user/.m2/repository/com/google/guava/guava/28.2-jre/guava-28.2-jre.jar:/home/user/.m2/repository/com/google/guava/failureaccess/1.0.1/failureaccess-1.0.1.jar:/home/user/.m2/repository/com/google/guava/listenablefuture/9999.0-empty-to-avoid-conflict-with-guava/listenablefuture-9999.0-empty-to-avoid-conflict-with-guava.jar:/home/user/.m2/repository/org/checkerframework/checker-qual/2.10.0/checker-qual-2.10.0.jar:/home/user/.m2/repository/com/google/errorprone/error_prone_annotations/2.3.4/error_prone_annotations-2.3.4.jar:/home/user/.m2/repository/com/google/j2objc/j2objc-annotations/1.3/j2objc-annotations-1.3.jar:/home/user/.m2/repository/com/google/protobuf/protobuf-java/2.5.0/protobuf-java-2.5.0.jar:/home/user/.m2/repository/io/grpc/grpc-netty/1.17.1/grpc-netty-1.17.1.jar:/home/user/.m2/repository/io/grpc/grpc-core/1.17.1/grpc-core-1.17.1.jar:/home/user/.m2/repository/io/grpc/grpc-context/1.17.1/grpc-context-1.17.1.jar:/home/user/.m2/repository/org/codehaus/mojo/animal-sniffer-annotations/1.17/animal-sniffer-annotations-1.17.jar:/home/user/.m2/repository/io/opencensus/opencensus-api/0.17.0/opencensus-api-0.17.0.jar:/home/user/.m2/repository/io/opencensus/opencensus-contrib-grpc-metrics/0.17.0/opencensus-contrib-grpc-metrics-0.17.0.jar:/home/user/.m2/repository/io/netty/netty-codec-http2/4.1.30.Final/netty-codec-http2-4.1.30.Final.jar:/home/user/.m2/repository/io/netty/netty-codec-http/4.1.30.Final/netty-codec-http-4.1.30.Final.jar:/home/user/.m2/repository/io/netty/netty-codec/4.1.30.Final/netty-codec-4.1.30.Final.jar:/home/user/.m2/repository/io/netty/netty-handler/4.1.30.Final/netty-handler-4.1.30.Final.jar:/home/user/.m2/repository/io/netty/netty-handler-proxy/4.1.30.Final/netty-handler-proxy-4.1.30.Final.jar:/home/user/.m2/repository/io/netty/netty-codec-socks/4.1.30.Final/netty-codec-socks-4.1.30.Final.jar:/home/user/.m2/repository/io/netty/netty-transport-native-epoll/4.1.30.Final/netty-transport-native-epoll-4.1.30.Final.jar:/home/user/.m2/repository/io/netty/netty-common/4.1.30.Final/netty-common-4.1.30.Final.jar:/home/user/.m2/repository/io/netty/netty-buffer/4.1.30.Final/netty-buffer-4.1.30.Final.jar:/home/user/.m2/repository/io/netty/netty-transport/4.1.30.Final/netty-transport-4.1.30.Final.jar:/home/user/.m2/repository/io/netty/netty-resolver/4.1.30.Final/netty-resolver-4.1.30.Final.jar:/home/user/.m2/repository/io/netty/netty-transport-native-unix-common/4.1.30.Final/netty-transport-native-unix-common-4.1.30.Final.jar:/home/user/.m2/repository/io/grpc/grpc-protobuf/1.17.1/grpc-protobuf-1.17.1.jar:/home/user/.m2/repository/com/google/api/grpc/proto-google-common-protos/1.0.0/proto-google-common-protos-1.0.0.jar:/home/user/.m2/repository/io/grpc/grpc-protobuf-lite/1.17.1/grpc-protobuf-lite-1.17.1.jar:/home/user/.m2/repository/io/grpc/grpc-stub/1.17.1/grpc-stub-1.17.1.jar:/home/user/.m2/repository/org/apache/hadoop/hadoop-ozone-recon/0.5.0-SNAPSHOT/hadoop-ozone-recon-0.5.0-SNAPSHOT.jar:/home/user/.m2/repository/org/apache/hadoop/hadoop-ozone-reconcodegen/0.5.0-SNAPSHOT/hadoop-ozone-reconcodegen-0.5.0-SNAPSHOT.jar:/home/user/.m2/repository/com/google/inject/extensions/guice-multibindings/4.0/guice-multibindings-4.0.jar:/home/user/.m2/repository/com/google/inject/guice/4.0/guice-4.0.jar:/home/user/.m2/repository/aopalliance/aopalliance/1.0/aopalliance-1.0.jar:/home/user/.m2/repository/com/google/inject/extensions/guice-servlet/4.0/guice-servlet-4.0.jar:/home/user/.m2/repository/org/glassfish/jersey/containers/jersey-container-servlet/2.27/jersey-container-servlet-2.27.jar:/home/user/.m2/repository/org/glassfish/hk2/guice-bridge/2.5.0/guice-bridge-2.5.0.jar:/home/user/.m2/repository/org/glassfish/jersey/core/jersey-server/2.27/jersey-server-2.27.jar:/home/user/.m2/repository/org/glassfish/jersey/core/jersey-client/2.27/jersey-client-2.27.jar:/home/user/.m2/repository/org/glassfish/jersey/media/jersey-media-jaxb/2.27/jersey-media-jaxb-2.27.jar:/home/user/.m2/repository/javax/validation/validation-api/1.1.0.Final/validation-api-1.1.0.Final.jar:/home/user/.m2/repository/org/glassfish/jersey/media/jersey-media-json-jackson/2.27/jersey-media-json-jackson-2.27.jar:/home/user/.m2/repository/org/glassfish/jersey/ext/jersey-entity-filtering/2.27/jersey-entity-filtering-2.27.jar:/home/user/.m2/repository/com/google/inject/extensions/guice-assistedinject/4.0/guice-assistedinject-4.0.jar:/home/user/.m2/repository/org/jooq/jooq/3.11.10/jooq-3.11.10.jar:/home/user/.m2/repository/org/jooq/jooq-meta/3.11.10/jooq-meta-3.11.10.jar:/home/user/.m2/repository/org/jooq/jooq-codegen/3.11.10/jooq-codegen-3.11.10.jar:/home/user/.m2/repository/com/jolbox/bonecp/0.8.0.RELEASE/bonecp-0.8.0.RELEASE.jar:/home/user/.m2/repository/org/xerial/sqlite-jdbc/3.25.2/sqlite-jdbc-3.25.2.jar:/home/user/.m2/repository/org/springframework/spring-jdbc/5.1.3.RELEASE/spring-jdbc-5.1.3.RELEASE.jar:/home/user/.m2/repository/org/springframework/spring-beans/5.1.3.RELEASE/spring-beans-5.1.3.RELEASE.jar:/home/user/.m2/repository/org/springframework/spring-core/5.1.3.RELEASE/spring-core-5.1.3.RELEASE.jar:/home/user/.m2/repository/org/springframework/spring-jcl/5.1.3.RELEASE/spring-jcl-5.1.3.RELEASE.jar:/home/user/.m2/repository/org/springframework/spring-tx/5.1.3.RELEASE/spring-tx-5.1.3.RELEASE.jar:/home/user/.m2/repository/org/apache/hadoop/hadoop-ozone-client/0.5.0-SNAPSHOT/hadoop-ozone-client-0.5.0-SNAPSHOT.jar:/home/user/.m2/repository/org/apache/hadoop/hadoop-ozone-filesystem/0.5.0-SNAPSHOT/hadoop-ozone-filesystem-0.5.0-SNAPSHOT.jar:/home/user/.m2/repository/org/apache/httpcomponents/httpclient/4.5.2/httpclient-4.5.2.jar:/home/user/.m2/repository/org/apache/httpcomponents/httpcore/4.4.4/httpcore-4.4.4.jar:/home/user/.m2/repository/org/apache/hadoop/hadoop-ozone-tools/0.5.0-SNAPSHOT/hadoop-ozone-tools-0.5.0-SNAPSHOT.jar:/home/user/.m2/repository/com/amazonaws/aws-java-sdk-s3/1.11.615/aws-java-sdk-s3-1.11.615.jar:/home/user/.m2/repository/com/amazonaws/aws-java-sdk-kms/1.11.615/aws-java-sdk-kms-1.11.615.jar:/home/user/.m2/repository/com/amazonaws/aws-java-sdk-core/1.11.615/aws-java-sdk-core-1.11.615.jar:/home/user/.m2/repository/software/amazon/ion/ion-java/1.0.2/ion-java-1.0.2.jar:/home/user/.m2/repository/com/fasterxml/jackson/dataformat/jackson-dataformat-cbor/2.10.3/jackson-dataformat-cbor-2.10.3.jar:/home/user/.m2/repository/joda-time/joda-time/2.9.9/joda-time-2.9.9.jar:/home/user/.m2/repository/com/amazonaws/jmespath-java/1.11.615/jmespath-java-1.11.615.jar:/home/user/.m2/repository/commons-lang/commons-lang/2.6/commons-lang-2.6.jar:/home/user/.m2/repository/org/apache/hadoop/hadoop-ozone-ozone-manager/0.5.0-SNAPSHOT/hadoop-ozone-ozone-manager-0.5.0-SNAPSHOT-tests.jar:/home/user/.m2/repository/junit/junit/4.11/junit-4.11.jar:/home/user/.m2/repository/org/hamcrest/hamcrest-core/1.3/hamcrest-core-1.3.jar:/home/user/.m2/repository/org/openjdk/jmh/jmh-core/1.19/jmh-core-1.19.jar:/home/user/.m2/repository/net/sf/jopt-simple/jopt-simple/4.6/jopt-simple-4.6.jar:/home/user/.m2/repository/org/apache/commons/commons-math3/3.1.1/commons-math3-3.1.1.jar:/home/user/.m2/repository/org/openjdk/jmh/jmh-generator-annprocess/1.19/jmh-generator-annprocess-1.19.jar:/home/user/.m2/repository/org/mockito/mockito-all/1.8.5/mockito-all-1.8.5.jar:/home/user/.m2/repository/org/apache/hadoop/hadoop-kms/3.2.0/hadoop-kms-3.2.0.jar:/home/user/.m2/repository/org/apache/hadoop/hadoop-auth/3.2.0/hadoop-auth-3.2.0.jar:/home/user/.m2/repository/com/nimbusds/nimbus-jose-jwt/7.9/nimbus-jose-jwt-7.9.jar:/home/user/.m2/repository/com/github/stephenc/jcip/jcip-annotations/1.0-1/jcip-annotations-1.0-1.jar:/home/user/.m2/repository/net/minidev/json-smart/2.3/json-smart-2.3.jar:/home/user/.m2/repository/net/minidev/accessors-smart/1.2/accessors-smart-1.2.jar:/home/user/.m2/repository/org/ow2/asm/asm/5.0.4/asm-5.0.4.jar:/home/user/.m2/repository/org/apache/curator/curator-framework/2.12.0/curator-framework-2.12.0.jar:/home/user/.m2/repository/com/sun/jersey/jersey-core/1.19/jersey-core-1.19.jar:/home/user/.m2/repository/javax/ws/rs/jsr311-api/1.1.1/jsr311-api-1.1.1.jar:/home/user/.m2/repository/com/sun/jersey/jersey-server/1.19/jersey-server-1.19.jar:/home/user/.m2/repository/javax/servlet/javax.servlet-api/3.1.0/javax.servlet-api-3.1.0.jar:/home/user/.m2/repository/org/eclipse/jetty/jetty-server/9.4.26.v20200117/jetty-server-9.4.26.v20200117.jar:/home/user/.m2/repository/org/eclipse/jetty/jetty-http/9.4.26.v20200117/jetty-http-9.4.26.v20200117.jar:/home/user/.m2/repository/org/eclipse/jetty/jetty-io/9.4.26.v20200117/jetty-io-9.4.26.v20200117.jar:/home/user/.m2/repository/org/eclipse/jetty/jetty-webapp/9.4.26.v20200117/jetty-webapp-9.4.26.v20200117.jar:/home/user/.m2/repository/org/eclipse/jetty/jetty-xml/9.4.26.v20200117/jetty-xml-9.4.26.v20200117.jar:/home/user/.m2/repository/log4j/log4j/1.2.17/log4j-1.2.17.jar:/home/user/.m2/repository/org/slf4j/slf4j-api/1.7.25/slf4j-api-1.7.25.jar:/home/user/.m2/repository/org/slf4j/jul-to-slf4j/1.7.25/jul-to-slf4j-1.7.25.jar:/home/user/.m2/repository/org/eclipse/jetty/jetty-util/9.4.26.v20200117/jetty-util-9.4.26.v20200117.jar:/home/user/.m2/repository/com/fasterxml/jackson/core/jackson-databind/2.10.3/jackson-databind-2.10.3.jar:/home/user/.m2/repository/org/apache/hadoop/hadoop-kms/3.2.0/hadoop-kms-3.2.0-tests.jar:/home/user/.m2/repository/org/apache/hadoop/hadoop-hdds-server-scm/0.5.0-SNAPSHOT/hadoop-hdds-server-scm-0.5.0-SNAPSHOT-tests.jar:/home/user/.m2/repository/org/apache/hadoop/hadoop-hdds-container-service/0.5.0-SNAPSHOT/hadoop-hdds-container-service-0.5.0-SNAPSHOT-tests.jar:/home/user/.m2/repository/org/apache/hadoop/hadoop-hdds-common/0.5.0-SNAPSHOT/hadoop-hdds-common-0.5.0-SNAPSHOT-tests.jar:/home/user/.m2/repository/org/yaml/snakeyaml/1.16/snakeyaml-1.16.jar:/home/user/.m2/repository/org/apache/hadoop/hadoop-common/3.2.0/hadoop-common-3.2.0-tests.jar:/home/user/.m2/repository/org/apache/hadoop/hadoop-annotations/3.2.0/hadoop-annotations-3.2.0.jar:/usr/lib/jvm/java-1.8.0-openjdk-1.8.0.232.b09-0.el7_7.x86_64/jre/../lib/tools.jar:/home/user/.m2/repository/commons-cli/commons-cli/1.2/commons-cli-1.2.jar:/home/user/.m2/repository/commons-codec/commons-codec/1.11/commons-codec-1.11.jar:/home/user/.m2/repository/commons-net/commons-net/3.6/commons-net-3.6.jar:/home/user/.m2/repository/commons-collections/commons-collections/3.2.2/commons-collections-3.2.2.jar:/home/user/.m2/repository/org/eclipse/jetty/jetty-servlet/9.4.26.v20200117/jetty-servlet-9.4.26.v20200117.jar:/home/user/.m2/repository/org/eclipse/jetty/jetty-security/9.4.26.v20200117/jetty-security-9.4.26.v20200117.jar:/home/user/.m2/repository/javax/servlet/jsp/jsp-api/2.1/jsp-api-2.1.jar:/home/user/.m2/repository/com/sun/jersey/jersey-servlet/1.19/jersey-servlet-1.19.jar:/home/user/.m2/repository/com/sun/jersey/jersey-json/1.19/jersey-json-1.19.jar:/home/user/.m2/repository/org/codehaus/jettison/jettison/1.1/jettison-1.1.jar:/home/user/.m2/repository/org/codehaus/jackson/jackson-core-asl/1.9.13/jackson-core-asl-1.9.13.jar:/home/user/.m2/repository/org/codehaus/jackson/jackson-mapper-asl/1.9.13/jackson-mapper-asl-1.9.13.jar:/home/user/.m2/repository/org/codehaus/jackson/jackson-jaxrs/1.9.13/jackson-jaxrs-1.9.13.jar:/home/user/.m2/repository/org/codehaus/jackson/jackson-xc/1.9.13/jackson-xc-1.9.13.jar:/home/user/.m2/repository/commons-logging/commons-logging/1.1.3/commons-logging-1.1.3.jar:/home/user/.m2/repository/commons-beanutils/commons-beanutils/1.9.4/commons-beanutils-1.9.4.jar:/home/user/.m2/repository/org/apache/commons/commons-configuration2/2.1.1/commons-configuration2-2.1.1.jar:/home/user/.m2/repository/org/apache/commons/commons-lang3/3.7/commons-lang3-3.7.jar:/home/user/.m2/repository/org/apache/commons/commons-text/1.4/commons-text-1.4.jar:/home/user/.m2/repository/org/apache/avro/avro/1.7.7/avro-1.7.7.jar:/home/user/.m2/repository/com/thoughtworks/paranamer/paranamer/2.3/paranamer-2.3.jar:/home/user/.m2/repository/org/xerial/snappy/snappy-java/1.0.5/snappy-java-1.0.5.jar:/home/user/.m2/repository/com/google/re2j/re2j/1.1/re2j-1.1.jar:/home/user/.m2/repository/com/google/code/gson/gson/2.2.4/gson-2.2.4.jar:/home/user/.m2/repository/com/jcraft/jsch/0.1.54/jsch-0.1.54.jar:/home/user/.m2/repository/org/apache/curator/curator-client/2.12.0/curator-client-2.12.0.jar:/home/user/.m2/repository/org/apache/curator/curator-recipes/2.12.0/curator-recipes-2.12.0.jar:/home/user/.m2/repository/com/google/code/findbugs/jsr305/3.0.0/jsr305-3.0.0.jar:/home/user/.m2/repository/org/apache/htrace/htrace-core4/4.1.0-incubating/htrace-core4-4.1.0-incubating.jar:/home/user/.m2/repository/org/apache/zookeeper/zookeeper/3.4.13/zookeeper-3.4.13.jar:/home/user/.m2/repository/jline/jline/0.9.94/jline-0.9.94.jar:/home/user/.m2/repository/org/apache/yetus/audience-annotations/0.5.0/audience-annotations-0.5.0.jar:/home/user/.m2/repository/org/codehaus/woodstox/stax2-api/3.1.4/stax2-api-3.1.4.jar:/home/user/.m2/repository/com/fasterxml/woodstox/woodstox-core/5.0.3/woodstox-core-5.0.3.jar:/home/user/.m2/repository/dnsjava/dnsjava/2.1.7/dnsjava-2.1.7.jar:/home/user/.m2/repository/org/apache/hadoop/hadoop-hdfs/3.2.0/hadoop-hdfs-3.2.0-tests.jar:/home/user/.m2/repository/org/eclipse/jetty/jetty-util-ajax/9.4.26.v20200117/jetty-util-ajax-9.4.26.v20200117.jar:/home/user/.m2/repository/commons-daemon/commons-daemon/1.0.13/commons-daemon-1.0.13.jar:/home/user/.m2/repository/io/netty/netty/3.10.5.Final/netty-3.10.5.Final.jar:/home/user/.m2/repository/io/netty/netty-all/4.1.47.Final/netty-all-4.1.47.Final.jar:/home/user/.m2/repository/org/fusesource/leveldbjni/leveldbjni-all/1.8/leveldbjni-all-1.8.jar:/home/user/.m2/repository/org/apache/hadoop/hadoop-distcp/3.2.0/hadoop-distcp-3.2.0.jar:/home/user/.m2/repository/org/apache/hadoop/hadoop-mapreduce-client-jobclient/3.2.0/hadoop-mapreduce-client-jobclient-3.2.0.jar:/home/user/.m2/repository/org/apache/hadoop/hadoop-mapreduce-client-common/3.2.0/hadoop-mapreduce-client-common-3.2.0.jar:/home/user/.m2/repository/org/apache/hadoop/hadoop-yarn-common/3.2.0/hadoop-yarn-common-3.2.0.jar:/home/user/.m2/repository/org/apache/hadoop/hadoop-yarn-api/3.2.0/hadoop-yarn-api-3.2.0.jar:/home/user/.m2/repository/com/sun/jersey/jersey-client/1.19/jersey-client-1.19.jar:/home/user/.m2/repository/com/sun/jersey/contribs/jersey-guice/1.19/jersey-guice-1.19.jar:/home/user/.m2/repository/com/fasterxml/jackson/jaxrs/jackson-jaxrs-json-provider/2.10.3/jackson-jaxrs-json-provider-2.10.3.jar:/home/user/.m2/repository/com/fasterxml/jackson/jaxrs/jackson-jaxrs-base/2.10.3/jackson-jaxrs-base-2.10.3.jar:/home/user/.m2/repository/org/apache/hadoop/hadoop-yarn-client/3.2.0/hadoop-yarn-client-3.2.0.jar:/home/user/.m2/repository/org/apache/hadoop/hadoop-mapreduce-client-core/3.2.0/hadoop-mapreduce-client-core-3.2.0.jar:/home/user/.m2/repository/org/apache/hadoop/hadoop-distcp/3.2.0/hadoop-distcp-3.2.0-tests.jar:"/>
    <property name="sun.cpu.endian" value="little"/>
    <property name="user.home" value="/home/user"/>
    <property name="user.language" value="en"/>
    <property name="java.specification.vendor" value="Oracle Corporation"/>
    <property name="java.home" value="/usr/lib/jvm/java-1.8.0-openjdk-1.8.0.232.b09-0.el7_7.x86_64/jre"/>
    <property name="java.security.krb5.conf" value="/github/workspace/hadoop-ozone/integration-test/target/test-classes/krb5.conf"/>
    <property name="basedir" value="/github/workspace/hadoop-ozone/integration-test"/>
    <property name="file.separator" value="/"/>
    <property name="line.separator" value="&#10;"/>
    <property name="java.vm.specification.vendor" value="Oracle Corporation"/>
    <property name="java.specification.name" value="Java Platform API Specification"/>
    <property name="java.awt.graphicsenv" value="sun.awt.X11GraphicsEnvironment"/>
    <property name="surefire.real.class.path" value="/github/workspace/hadoop-ozone/integration-test/target/surefire/surefirebooter2323708026867846598.jar:/home/user/.m2/repository/org/jacoco/org.jacoco.agent/0.8.3/org.jacoco.agent-0.8.3-runtime.jar"/>
    <property name="hadoop.log.dir" value="/github/workspace/hadoop-ozone/integration-test/target/log"/>
    <property name="sun.boot.class.path" value="/usr/lib/jvm/java-1.8.0-openjdk-1.8.0.232.b09-0.el7_7.x86_64/jre/lib/resources.jar:/usr/lib/jvm/java-1.8.0-openjdk-1.8.0.232.b09-0.el7_7.x86_64/jre/lib/rt.jar:/usr/lib/jvm/java-1.8.0-openjdk-1.8.0.232.b09-0.el7_7.x86_64/jre/lib/sunrsasign.jar:/usr/lib/jvm/java-1.8.0-openjdk-1.8.0.232.b09-0.el7_7.x86_64/jre/lib/jsse.jar:/usr/lib/jvm/java-1.8.0-openjdk-1.8.0.232.b09-0.el7_7.x86_64/jre/lib/jce.jar:/usr/lib/jvm/java-1.8.0-openjdk-1.8.0.232.b09-0.el7_7.x86_64/jre/lib/charsets.jar:/usr/lib/jvm/java-1.8.0-openjdk-1.8.0.232.b09-0.el7_7.x86_64/jre/lib/jfr.jar:/usr/lib/jvm/java-1.8.0-openjdk-1.8.0.232.b09-0.el7_7.x86_64/jre/classes"/>
    <property name="sun.management.compiler" value="HotSpot 64-Bit Tiered Compilers"/>
    <property name="java.runtime.version" value="1.8.0_232-b09"/>
    <property name="java.net.preferIPv4Stack" value="true"/>
    <property name="user.name" value="jenkins1001"/>
    <property name="path.separator" value=":"/>
    <property name="java.security.egd" value="file:///dev/urandom"/>
    <property name="os.version" value="5.0.0-1032-azure"/>
    <property name="java.endorsed.dirs" value="/usr/lib/jvm/java-1.8.0-openjdk-1.8.0.232.b09-0.el7_7.x86_64/jre/lib/endorsed"/>
    <property name="java.runtime.name" value="OpenJDK Runtime Environment"/>
    <property name="file.encoding" value="ANSI_X3.4-1968"/>
    <property name="java.vm.name" value="OpenJDK 64-Bit Server VM"/>
    <property name="test.build.webapps" value=""/>
    <property name="localRepository" value="/home/user/.m2/repository"/>
    <property name="java.vendor.url.bug" value="http://bugreport.sun.com/bugreport/"/>
    <property name="java.io.tmpdir" value="/tmp"/>
    <property name="require.test.libhadoop" value=""/>
    <property name="java.version" value="1.8.0_232"/>
    <property name="user.dir" value="/github/workspace/hadoop-ozone/integration-test"/>
    <property name="os.arch" value="amd64"/>
    <property name="java.vm.specification.name" value="Java Virtual Machine Specification"/>
    <property name="test.build.classes" value="/github/workspace/hadoop-ozone/integration-test/target/test-classes"/>
    <property name="java.awt.printerjob" value="sun.print.PSPrinterJob"/>
    <property name="sun.os.patch.level" value="unknown"/>
    <property name="hadoop.tmp.dir" value="/github/workspace/hadoop-ozone/integration-test/target/tmp"/>
    <property name="java.library.path" value="/usr/lib:/usr/java/packages/lib/amd64:/usr/lib64:/lib64:/lib:/usr/lib"/>
    <property name="java.vm.info" value="mixed mode"/>
    <property name="java.vendor" value="Oracle Corporation"/>
    <property name="java.vm.version" value="25.232-b09"/>
    <property name="java.ext.dirs" value="/usr/lib/jvm/java-1.8.0-openjdk-1.8.0.232.b09-0.el7_7.x86_64/jre/lib/ext:/usr/java/packages/lib/ext"/>
    <property name="sun.io.unicode.encoding" value="UnicodeLittle"/>
    <property name="java.class.version" value="52.0"/>
  </properties>
  <testcase name="ratisTest3" classname="org.apache.hadoop.ozone.freon.TestRandomKeyGenerator" time="27.869"/>
  <testcase name="testThreadPoolSize" classname="org.apache.hadoop.ozone.freon.TestRandomKeyGenerator" time="5.029"/>
  <testcase name="defaultTest" classname="org.apache.hadoop.ozone.freon.TestRandomKeyGenerator" time="5.188"/>
  <testcase name="bigFileThan2GB" classname="org.apache.hadoop.ozone.freon.TestRandomKeyGenerator" time="257.556">
    <failure message="expected:&lt;1&gt; but was:&lt;0&gt;" type="java.lang.AssertionError"><![CDATA[java.lang.AssertionError: expected:<1> but was:<0>
	at org.junit.Assert.fail(Assert.java:88)
	at org.junit.Assert.failNotEquals(Assert.java:743)
	at org.junit.Assert.assertEquals(Assert.java:118)
	at org.junit.Assert.assertEquals(Assert.java:555)
	at org.junit.Assert.assertEquals(Assert.java:542)
	at org.apache.hadoop.ozone.freon.TestRandomKeyGenerator.bigFileThan2GB(TestRandomKeyGenerator.java:147)
	at sun.reflect.NativeMethodAccessorImpl.invoke0(Native Method)
	at sun.reflect.NativeMethodAccessorImpl.invoke(NativeMethodAccessorImpl.java:62)
	at sun.reflect.DelegatingMethodAccessorImpl.invoke(DelegatingMethodAccessorImpl.java:43)
	at java.lang.reflect.Method.invoke(Method.java:498)
	at org.junit.runners.model.FrameworkMethod$1.runReflectiveCall(FrameworkMethod.java:47)
	at org.junit.internal.runners.model.ReflectiveCallable.run(ReflectiveCallable.java:12)
	at org.junit.runners.model.FrameworkMethod.invokeExplosively(FrameworkMethod.java:44)
	at org.junit.internal.runners.statements.InvokeMethod.evaluate(InvokeMethod.java:17)
	at org.junit.runners.ParentRunner.runLeaf(ParentRunner.java:271)
	at org.junit.runners.BlockJUnit4ClassRunner.runChild(BlockJUnit4ClassRunner.java:70)
	at org.junit.runners.BlockJUnit4ClassRunner.runChild(BlockJUnit4ClassRunner.java:50)
	at org.junit.runners.ParentRunner$3.run(ParentRunner.java:238)
	at org.junit.runners.ParentRunner$1.schedule(ParentRunner.java:63)
	at org.junit.runners.ParentRunner.runChildren(ParentRunner.java:236)
	at org.junit.runners.ParentRunner.access$000(ParentRunner.java:53)
	at org.junit.runners.ParentRunner$2.evaluate(ParentRunner.java:229)
	at org.junit.internal.runners.statements.RunBefores.evaluate(RunBefores.java:26)
	at org.junit.internal.runners.statements.RunAfters.evaluate(RunAfters.java:27)
	at org.junit.runners.ParentRunner.run(ParentRunner.java:309)
	at org.apache.maven.surefire.junit4.JUnit4Provider.execute(JUnit4Provider.java:365)
	at org.apache.maven.surefire.junit4.JUnit4Provider.executeWithRerun(JUnit4Provider.java:273)
	at org.apache.maven.surefire.junit4.JUnit4Provider.executeTestSet(JUnit4Provider.java:238)
	at org.apache.maven.surefire.junit4.JUnit4Provider.invoke(JUnit4Provider.java:159)
	at org.apache.maven.surefire.booter.ForkedBooter.invokeProviderInSameClassLoader(ForkedBooter.java:384)
	at org.apache.maven.surefire.booter.ForkedBooter.runSuitesInProcess(ForkedBooter.java:345)
	at org.apache.maven.surefire.booter.ForkedBooter.execute(ForkedBooter.java:126)
	at org.apache.maven.surefire.booter.ForkedBooter.main(ForkedBooter.java:418)
]]></failure>
    <system-out><![CDATA[2020-03-26 19:26:49,583 [main] INFO  freon.RandomKeyGenerator (RandomKeyGenerator.java:call(293)) - Number of Threads: 1
2020-03-26 19:26:49,583 [main] INFO  freon.RandomKeyGenerator (RandomKeyGenerator.java:call(298)) - Number of Volumes: 1.
2020-03-26 19:26:49,583 [main] INFO  freon.RandomKeyGenerator (RandomKeyGenerator.java:call(299)) - Number of Buckets per Volume: 1.
2020-03-26 19:26:49,583 [main] INFO  freon.RandomKeyGenerator (RandomKeyGenerator.java:call(300)) - Number of Keys per Bucket: 1.
2020-03-26 19:26:49,583 [main] INFO  freon.RandomKeyGenerator (RandomKeyGenerator.java:call(301)) - Key size: 2147483657 bytes
2020-03-26 19:26:49,583 [main] INFO  freon.RandomKeyGenerator (RandomKeyGenerator.java:call(302)) - Buffer size: 4096 bytes
2020-03-26 19:26:49,583 [main] INFO  freon.RandomKeyGenerator (RandomKeyGenerator.java:call(303)) - validateWrites : true
2020-03-26 19:26:49,586 [main] INFO  freon.RandomKeyGenerator (RandomKeyGenerator.java:call(317)) - Data validation is enabled.
2020-03-26 19:26:49,586 [main] INFO  freon.RandomKeyGenerator (RandomKeyGenerator.java:call(323)) - Starting progress bar Thread.
2020-03-26 19:26:49,586 [pool-302-thread-1] INFO  rpc.RpcClient (RpcClient.java:createVolume(293)) - Creating Volume: vol-0-34198, with jenkins1001 as owner.
2020-03-26 19:26:49,586 [Thread-2157] INFO  freon.ProgressBar (ProgressBar.java:logProgressBar(163)) - Progress: 0.00 % (0 out of 1)
2020-03-26 19:26:49,588 [IPC Server handler 7 on 37151] INFO  volume.OMVolumeCreateRequest (OMVolumeCreateRequest.java:validateAndUpdateCache(207)) - created volume:vol-0-34198 for user:jenkins1001
2020-03-26 19:26:49,598 [pool-302-thread-1] INFO  rpc.RpcClient (RpcClient.java:createBucket(432)) - Creating Bucket: vol-0-34198/bucket-0-39061, with Versioning false and Storage Type set to DISK and Encryption set to false 
2020-03-26 19:26:50,587 [Thread-2157] INFO  freon.ProgressBar (ProgressBar.java:logProgressBar(163)) - Progress: 0.00 % (0 out of 1)
2020-03-26 19:26:51,587 [Thread-2157] INFO  freon.ProgressBar (ProgressBar.java:logProgressBar(163)) - Progress: 0.00 % (0 out of 1)
2020-03-26 19:26:52,588 [Thread-2157] INFO  freon.ProgressBar (ProgressBar.java:logProgressBar(163)) - Progress: 0.00 % (0 out of 1)
2020-03-26 19:26:53,589 [Thread-2157] INFO  freon.ProgressBar (ProgressBar.java:logProgressBar(163)) - Progress: 0.00 % (0 out of 1)
2020-03-26 19:26:54,589 [Thread-2157] INFO  freon.ProgressBar (ProgressBar.java:logProgressBar(163)) - Progress: 0.00 % (0 out of 1)
2020-03-26 19:26:55,589 [Thread-2157] INFO  freon.ProgressBar (ProgressBar.java:logProgressBar(163)) - Progress: 0.00 % (0 out of 1)
2020-03-26 19:26:56,590 [Thread-2157] INFO  freon.ProgressBar (ProgressBar.java:logProgressBar(163)) - Progress: 0.00 % (0 out of 1)
2020-03-26 19:26:57,590 [Thread-2157] INFO  freon.ProgressBar (ProgressBar.java:logProgressBar(163)) - Progress: 0.00 % (0 out of 1)
2020-03-26 19:26:58,590 [Thread-2157] INFO  freon.ProgressBar (ProgressBar.java:logProgressBar(163)) - Progress: 0.00 % (0 out of 1)
2020-03-26 19:26:59,591 [Thread-2157] INFO  freon.ProgressBar (ProgressBar.java:logProgressBar(163)) - Progress: 0.00 % (0 out of 1)
2020-03-26 19:27:00,591 [Thread-2157] INFO  freon.ProgressBar (ProgressBar.java:logProgressBar(163)) - Progress: 0.00 % (0 out of 1)
2020-03-26 19:27:01,591 [Thread-2157] INFO  freon.ProgressBar (ProgressBar.java:logProgressBar(163)) - Progress: 0.00 % (0 out of 1)
2020-03-26 19:27:02,591 [Thread-2157] INFO  freon.ProgressBar (ProgressBar.java:logProgressBar(163)) - Progress: 0.00 % (0 out of 1)
2020-03-26 19:27:03,592 [Thread-2157] INFO  freon.ProgressBar (ProgressBar.java:logProgressBar(163)) - Progress: 0.00 % (0 out of 1)
2020-03-26 19:27:04,592 [Thread-2157] INFO  freon.ProgressBar (ProgressBar.java:logProgressBar(163)) - Progress: 0.00 % (0 out of 1)
2020-03-26 19:27:05,593 [Thread-2157] INFO  freon.ProgressBar (ProgressBar.java:logProgressBar(163)) - Progress: 0.00 % (0 out of 1)
2020-03-26 19:27:06,593 [Thread-2157] INFO  freon.ProgressBar (ProgressBar.java:logProgressBar(163)) - Progress: 0.00 % (0 out of 1)
2020-03-26 19:27:07,593 [Thread-2157] INFO  freon.ProgressBar (ProgressBar.java:logProgressBar(163)) - Progress: 0.00 % (0 out of 1)
2020-03-26 19:27:08,594 [Thread-2157] INFO  freon.ProgressBar (ProgressBar.java:logProgressBar(163)) - Progress: 0.00 % (0 out of 1)
2020-03-26 19:27:09,594 [Thread-2157] INFO  freon.ProgressBar (ProgressBar.java:logProgressBar(163)) - Progress: 0.00 % (0 out of 1)
2020-03-26 19:27:10,594 [Thread-2157] INFO  freon.ProgressBar (ProgressBar.java:logProgressBar(163)) - Progress: 0.00 % (0 out of 1)
2020-03-26 19:27:11,595 [Thread-2157] INFO  freon.ProgressBar (ProgressBar.java:logProgressBar(163)) - Progress: 0.00 % (0 out of 1)
2020-03-26 19:27:12,595 [Thread-2157] INFO  freon.ProgressBar (ProgressBar.java:logProgressBar(163)) - Progress: 0.00 % (0 out of 1)
2020-03-26 19:27:13,595 [Thread-2157] INFO  freon.ProgressBar (ProgressBar.java:logProgressBar(163)) - Progress: 0.00 % (0 out of 1)
2020-03-26 19:27:14,596 [Thread-2157] INFO  freon.ProgressBar (ProgressBar.java:logProgressBar(163)) - Progress: 0.00 % (0 out of 1)
2020-03-26 19:27:15,596 [Thread-2157] INFO  freon.ProgressBar (ProgressBar.java:logProgressBar(163)) - Progress: 0.00 % (0 out of 1)
2020-03-26 19:27:16,596 [Thread-2157] INFO  freon.ProgressBar (ProgressBar.java:logProgressBar(163)) - Progress: 0.00 % (0 out of 1)
2020-03-26 19:27:17,597 [Thread-2157] INFO  freon.ProgressBar (ProgressBar.java:logProgressBar(163)) - Progress: 0.00 % (0 out of 1)
2020-03-26 19:27:18,597 [Thread-2157] INFO  freon.ProgressBar (ProgressBar.java:logProgressBar(163)) - Progress: 0.00 % (0 out of 1)
2020-03-26 19:27:19,597 [Thread-2157] INFO  freon.ProgressBar (ProgressBar.java:logProgressBar(163)) - Progress: 0.00 % (0 out of 1)
2020-03-26 19:27:20,598 [Thread-2157] INFO  freon.ProgressBar (ProgressBar.java:logProgressBar(163)) - Progress: 0.00 % (0 out of 1)
2020-03-26 19:27:21,598 [Thread-2157] INFO  freon.ProgressBar (ProgressBar.java:logProgressBar(163)) - Progress: 0.00 % (0 out of 1)
2020-03-26 19:27:21,773 [java.util.concurrent.ThreadPoolExecutor$Worker@30a8ca99[State = -1, empty queue]] WARN  server.GrpcLogAppender (GrpcLogAppender.java:timeoutAppendRequest(212)) - 41aec4a8-1c07-49e8-bc61-2e207dd201f4@group-D9DC0989F20A->4d38771e-2045-44d3-98d6-ad348d21fd18-GrpcLogAppender:  appendEntries Timeout, request=AppendEntriesRequest:cid=2069,entriesCount=1,lastEntry=(t:3, i:2053)
2020-03-26 19:27:21,774 [java.util.concurrent.ThreadPoolExecutor$Worker@30a8ca99[State = -1, empty queue]] WARN  server.GrpcLogAppender (GrpcLogAppender.java:timeoutAppendRequest(212)) - 41aec4a8-1c07-49e8-bc61-2e207dd201f4@group-D9DC0989F20A->4d38771e-2045-44d3-98d6-ad348d21fd18-GrpcLogAppender:  appendEntries Timeout, request=AppendEntriesRequest:cid=2070,entriesCount=1,lastEntry=(t:3, i:2054)
2020-03-26 19:27:21,787 [java.util.concurrent.ThreadPoolExecutor$Worker@30a8ca99[State = -1, empty queue]] WARN  server.GrpcLogAppender (GrpcLogAppender.java:timeoutAppendRequest(212)) - 41aec4a8-1c07-49e8-bc61-2e207dd201f4@group-D9DC0989F20A->4d38771e-2045-44d3-98d6-ad348d21fd18-GrpcLogAppender:  appendEntries Timeout, request=AppendEntriesRequest:cid=2071,entriesCount=1,lastEntry=(t:3, i:2055)
2020-03-26 19:27:22,184 [java.util.concurrent.ThreadPoolExecutor$Worker@30a8ca99[State = -1, empty queue]] WARN  server.GrpcLogAppender (GrpcLogAppender.java:timeoutAppendRequest(212)) - 41aec4a8-1c07-49e8-bc61-2e207dd201f4@group-D9DC0989F20A->13a430d8-fe67-4f36-9295-ae3db998ede8-GrpcLogAppender:  appendEntries Timeout, request=AppendEntriesRequest:cid=2072,entriesCount=1,lastEntry=(t:3, i:2056)
2020-03-26 19:27:22,184 [java.util.concurrent.ThreadPoolExecutor$Worker@30a8ca99[State = -1, empty queue]] WARN  server.GrpcLogAppender (GrpcLogAppender.java:timeoutAppendRequest(212)) - 41aec4a8-1c07-49e8-bc61-2e207dd201f4@group-D9DC0989F20A->4d38771e-2045-44d3-98d6-ad348d21fd18-GrpcLogAppender:  appendEntries Timeout, request=AppendEntriesRequest:cid=2072,entriesCount=1,lastEntry=(t:3, i:2056)
2020-03-26 19:27:22,599 [Thread-2157] INFO  freon.ProgressBar (ProgressBar.java:logProgressBar(163)) - Progress: 0.00 % (0 out of 1)
2020-03-26 19:27:23,599 [Thread-2157] INFO  freon.ProgressBar (ProgressBar.java:logProgressBar(163)) - Progress: 0.00 % (0 out of 1)
2020-03-26 19:27:24,599 [Thread-2157] INFO  freon.ProgressBar (ProgressBar.java:logProgressBar(163)) - Progress: 0.00 % (0 out of 1)
2020-03-26 19:27:25,600 [Thread-2157] INFO  freon.ProgressBar (ProgressBar.java:logProgressBar(163)) - Progress: 0.00 % (0 out of 1)
2020-03-26 19:27:26,600 [Thread-2157] INFO  freon.ProgressBar (ProgressBar.java:logProgressBar(163)) - Progress: 0.00 % (0 out of 1)
2020-03-26 19:27:27,601 [Thread-2157] INFO  freon.ProgressBar (ProgressBar.java:logProgressBar(163)) - Progress: 0.00 % (0 out of 1)
2020-03-26 19:27:28,601 [Thread-2157] INFO  freon.ProgressBar (ProgressBar.java:logProgressBar(163)) - Progress: 0.00 % (0 out of 1)
2020-03-26 19:27:29,601 [Thread-2157] INFO  freon.ProgressBar (ProgressBar.java:logProgressBar(163)) - Progress: 0.00 % (0 out of 1)
2020-03-26 19:27:30,601 [Thread-2157] INFO  freon.ProgressBar (ProgressBar.java:logProgressBar(163)) - Progress: 0.00 % (0 out of 1)
2020-03-26 19:27:31,602 [Thread-2157] INFO  freon.ProgressBar (ProgressBar.java:logProgressBar(163)) - Progress: 0.00 % (0 out of 1)
2020-03-26 19:27:32,602 [Thread-2157] INFO  freon.ProgressBar (ProgressBar.java:logProgressBar(163)) - Progress: 0.00 % (0 out of 1)
2020-03-26 19:27:33,334 [java.util.concurrent.ThreadPoolExecutor$Worker@30a8ca99[State = -1, empty queue]] WARN  server.GrpcLogAppender (GrpcLogAppender.java:timeoutAppendRequest(212)) - 41aec4a8-1c07-49e8-bc61-2e207dd201f4@group-D9DC0989F20A->13a430d8-fe67-4f36-9295-ae3db998ede8-GrpcLogAppender:  appendEntries Timeout, request=AppendEntriesRequest:cid=2664,entriesCount=1,lastEntry=(t:3, i:2647)
2020-03-26 19:27:33,603 [Thread-2157] INFO  freon.ProgressBar (ProgressBar.java:logProgressBar(163)) - Progress: 0.00 % (0 out of 1)
2020-03-26 19:27:34,603 [Thread-2157] INFO  freon.ProgressBar (ProgressBar.java:logProgressBar(163)) - Progress: 0.00 % (0 out of 1)
2020-03-26 19:27:35,603 [Thread-2157] INFO  freon.ProgressBar (ProgressBar.java:logProgressBar(163)) - Progress: 0.00 % (0 out of 1)
2020-03-26 19:27:36,604 [Thread-2157] INFO  freon.ProgressBar (ProgressBar.java:logProgressBar(163)) - Progress: 0.00 % (0 out of 1)
2020-03-26 19:27:37,604 [Thread-2157] INFO  freon.ProgressBar (ProgressBar.java:logProgressBar(163)) - Progress: 0.00 % (0 out of 1)
2020-03-26 19:27:38,604 [Thread-2157] INFO  freon.ProgressBar (ProgressBar.java:logProgressBar(163)) - Progress: 0.00 % (0 out of 1)
2020-03-26 19:27:39,605 [Thread-2157] INFO  freon.ProgressBar (ProgressBar.java:logProgressBar(163)) - Progress: 0.00 % (0 out of 1)
2020-03-26 19:27:40,605 [Thread-2157] INFO  freon.ProgressBar (ProgressBar.java:logProgressBar(163)) - Progress: 0.00 % (0 out of 1)
2020-03-26 19:27:41,605 [Thread-2157] INFO  freon.ProgressBar (ProgressBar.java:logProgressBar(163)) - Progress: 0.00 % (0 out of 1)
2020-03-26 19:27:42,606 [Thread-2157] INFO  freon.ProgressBar (ProgressBar.java:logProgressBar(163)) - Progress: 0.00 % (0 out of 1)
2020-03-26 19:27:43,606 [Thread-2157] INFO  freon.ProgressBar (ProgressBar.java:logProgressBar(163)) - Progress: 0.00 % (0 out of 1)
2020-03-26 19:27:44,607 [Thread-2157] INFO  freon.ProgressBar (ProgressBar.java:logProgressBar(163)) - Progress: 0.00 % (0 out of 1)
2020-03-26 19:27:45,607 [Thread-2157] INFO  freon.ProgressBar (ProgressBar.java:logProgressBar(163)) - Progress: 0.00 % (0 out of 1)
2020-03-26 19:27:46,607 [Thread-2157] INFO  freon.ProgressBar (ProgressBar.java:logProgressBar(163)) - Progress: 0.00 % (0 out of 1)
2020-03-26 19:27:47,608 [Thread-2157] INFO  freon.ProgressBar (ProgressBar.java:logProgressBar(163)) - Progress: 0.00 % (0 out of 1)
2020-03-26 19:27:48,608 [Thread-2157] INFO  freon.ProgressBar (ProgressBar.java:logProgressBar(163)) - Progress: 0.00 % (0 out of 1)
2020-03-26 19:27:49,608 [Thread-2157] INFO  freon.ProgressBar (ProgressBar.java:logProgressBar(163)) - Progress: 0.00 % (0 out of 1)
2020-03-26 19:27:50,609 [Thread-2157] INFO  freon.ProgressBar (ProgressBar.java:logProgressBar(163)) - Progress: 0.00 % (0 out of 1)
2020-03-26 19:27:51,609 [Thread-2157] INFO  freon.ProgressBar (ProgressBar.java:logProgressBar(163)) - Progress: 0.00 % (0 out of 1)
2020-03-26 19:27:52,609 [Thread-2157] INFO  freon.ProgressBar (ProgressBar.java:logProgressBar(163)) - Progress: 0.00 % (0 out of 1)
2020-03-26 19:27:53,610 [Thread-2157] INFO  freon.ProgressBar (ProgressBar.java:logProgressBar(163)) - Progress: 0.00 % (0 out of 1)
2020-03-26 19:27:54,610 [Thread-2157] INFO  freon.ProgressBar (ProgressBar.java:logProgressBar(163)) - Progress: 0.00 % (0 out of 1)
2020-03-26 19:27:55,610 [Thread-2157] INFO  freon.ProgressBar (ProgressBar.java:logProgressBar(163)) - Progress: 0.00 % (0 out of 1)
2020-03-26 19:27:56,611 [Thread-2157] INFO  freon.ProgressBar (ProgressBar.java:logProgressBar(163)) - Progress: 0.00 % (0 out of 1)
2020-03-26 19:27:56,680 [java.util.concurrent.ThreadPoolExecutor$Worker@5c44eaf0[State = -1, empty queue]] WARN  server.GrpcLogAppender (GrpcLogAppender.java:timeoutAppendRequest(212)) - 41aec4a8-1c07-49e8-bc61-2e207dd201f4@group-D9DC0989F20A->4d38771e-2045-44d3-98d6-ad348d21fd18-GrpcLogAppender:  appendEntries Timeout, request=AppendEntriesRequest:cid=3107,entriesCount=1,lastEntry=(t:3, i:3082)
2020-03-26 19:27:56,685 [java.util.concurrent.ThreadPoolExecutor$Worker@5c44eaf0[State = -1, empty queue]] WARN  server.GrpcLogAppender (GrpcLogAppender.java:timeoutAppendRequest(212)) - 41aec4a8-1c07-49e8-bc61-2e207dd201f4@group-D9DC0989F20A->4d38771e-2045-44d3-98d6-ad348d21fd18-GrpcLogAppender:  appendEntries Timeout, request=AppendEntriesRequest:cid=3108,entriesCount=1,lastEntry=(t:3, i:3083)
2020-03-26 19:27:56,686 [java.util.concurrent.ThreadPoolExecutor$Worker@5c44eaf0[State = -1, empty queue]] WARN  server.GrpcLogAppender (GrpcLogAppender.java:timeoutAppendRequest(212)) - 41aec4a8-1c07-49e8-bc61-2e207dd201f4@group-D9DC0989F20A->4d38771e-2045-44d3-98d6-ad348d21fd18-GrpcLogAppender:  appendEntries Timeout, request=AppendEntriesRequest:cid=3109,entriesCount=1,lastEntry=(t:3, i:3084)
2020-03-26 19:27:57,227 [java.util.concurrent.ThreadPoolExecutor$Worker@5c44eaf0[State = -1, empty queue]] WARN  server.GrpcLogAppender (GrpcLogAppender.java:timeoutAppendRequest(212)) - 41aec4a8-1c07-49e8-bc61-2e207dd201f4@group-D9DC0989F20A->13a430d8-fe67-4f36-9295-ae3db998ede8-GrpcLogAppender:  appendEntries Timeout, request=AppendEntriesRequest:cid=3109,entriesCount=1,lastEntry=(t:3, i:3085)
2020-03-26 19:27:57,228 [java.util.concurrent.ThreadPoolExecutor$Worker@5c44eaf0[State = -1, empty queue]] WARN  server.GrpcLogAppender (GrpcLogAppender.java:timeoutAppendRequest(212)) - 41aec4a8-1c07-49e8-bc61-2e207dd201f4@group-D9DC0989F20A->4d38771e-2045-44d3-98d6-ad348d21fd18-GrpcLogAppender:  appendEntries Timeout, request=AppendEntriesRequest:cid=3110,entriesCount=1,lastEntry=(t:3, i:3085)
2020-03-26 19:27:57,383 [java.util.concurrent.ThreadPoolExecutor$Worker@5c44eaf0[State = -1, empty queue]] WARN  server.GrpcLogAppender (GrpcLogAppender.java:timeoutAppendRequest(212)) - 41aec4a8-1c07-49e8-bc61-2e207dd201f4@group-D9DC0989F20A->4d38771e-2045-44d3-98d6-ad348d21fd18-GrpcLogAppender:  appendEntries Timeout, request=AppendEntriesRequest:cid=3111,entriesCount=1,lastEntry=(t:3, i:3086)
2020-03-26 19:27:57,383 [java.util.concurrent.ThreadPoolExecutor$Worker@5c44eaf0[State = -1, empty queue]] WARN  server.GrpcLogAppender (GrpcLogAppender.java:timeoutAppendRequest(212)) - 41aec4a8-1c07-49e8-bc61-2e207dd201f4@group-D9DC0989F20A->13a430d8-fe67-4f36-9295-ae3db998ede8-GrpcLogAppender:  appendEntries Timeout, request=AppendEntriesRequest:cid=3110,entriesCount=1,lastEntry=(t:3, i:3086)
2020-03-26 19:27:57,611 [Thread-2157] INFO  freon.ProgressBar (ProgressBar.java:logProgressBar(163)) - Progress: 0.00 % (0 out of 1)
2020-03-26 19:27:58,612 [Thread-2157] INFO  freon.ProgressBar (ProgressBar.java:logProgressBar(163)) - Progress: 0.00 % (0 out of 1)
2020-03-26 19:27:59,612 [Thread-2157] INFO  freon.ProgressBar (ProgressBar.java:logProgressBar(163)) - Progress: 0.00 % (0 out of 1)
2020-03-26 19:28:00,612 [Thread-2157] INFO  freon.ProgressBar (ProgressBar.java:logProgressBar(163)) - Progress: 0.00 % (0 out of 1)
2020-03-26 19:28:01,613 [Thread-2157] INFO  freon.ProgressBar (ProgressBar.java:logProgressBar(163)) - Progress: 0.00 % (0 out of 1)
2020-03-26 19:28:02,613 [Thread-2157] INFO  freon.ProgressBar (ProgressBar.java:logProgressBar(163)) - Progress: 0.00 % (0 out of 1)
2020-03-26 19:28:03,613 [Thread-2157] INFO  freon.ProgressBar (ProgressBar.java:logProgressBar(163)) - Progress: 0.00 % (0 out of 1)
2020-03-26 19:28:04,614 [Thread-2157] INFO  freon.ProgressBar (ProgressBar.java:logProgressBar(163)) - Progress: 0.00 % (0 out of 1)
2020-03-26 19:28:05,614 [Thread-2157] INFO  freon.ProgressBar (ProgressBar.java:logProgressBar(163)) - Progress: 0.00 % (0 out of 1)
2020-03-26 19:28:06,615 [Thread-2157] INFO  freon.ProgressBar (ProgressBar.java:logProgressBar(163)) - Progress: 0.00 % (0 out of 1)
2020-03-26 19:28:07,615 [Thread-2157] INFO  freon.ProgressBar (ProgressBar.java:logProgressBar(163)) - Progress: 0.00 % (0 out of 1)
2020-03-26 19:28:08,615 [Thread-2157] INFO  freon.ProgressBar (ProgressBar.java:logProgressBar(163)) - Progress: 0.00 % (0 out of 1)
2020-03-26 19:28:09,616 [Thread-2157] INFO  freon.ProgressBar (ProgressBar.java:logProgressBar(163)) - Progress: 0.00 % (0 out of 1)
2020-03-26 19:28:10,616 [Thread-2157] INFO  freon.ProgressBar (ProgressBar.java:logProgressBar(163)) - Progress: 0.00 % (0 out of 1)
2020-03-26 19:28:11,616 [Thread-2157] INFO  freon.ProgressBar (ProgressBar.java:logProgressBar(163)) - Progress: 0.00 % (0 out of 1)
2020-03-26 19:28:12,617 [Thread-2157] INFO  freon.ProgressBar (ProgressBar.java:logProgressBar(163)) - Progress: 0.00 % (0 out of 1)
2020-03-26 19:28:13,617 [Thread-2157] INFO  freon.ProgressBar (ProgressBar.java:logProgressBar(163)) - Progress: 0.00 % (0 out of 1)
2020-03-26 19:28:14,618 [Thread-2157] INFO  freon.ProgressBar (ProgressBar.java:logProgressBar(163)) - Progress: 0.00 % (0 out of 1)
2020-03-26 19:28:15,618 [Thread-2157] INFO  freon.ProgressBar (ProgressBar.java:logProgressBar(163)) - Progress: 0.00 % (0 out of 1)
2020-03-26 19:28:16,619 [Thread-2157] INFO  freon.ProgressBar (ProgressBar.java:logProgressBar(163)) - Progress: 0.00 % (0 out of 1)
2020-03-26 19:28:17,619 [Thread-2157] INFO  freon.ProgressBar (ProgressBar.java:logProgressBar(163)) - Progress: 0.00 % (0 out of 1)
2020-03-26 19:28:18,619 [Thread-2157] INFO  freon.ProgressBar (ProgressBar.java:logProgressBar(163)) - Progress: 0.00 % (0 out of 1)
2020-03-26 19:28:19,620 [Thread-2157] INFO  freon.ProgressBar (ProgressBar.java:logProgressBar(163)) - Progress: 0.00 % (0 out of 1)
2020-03-26 19:28:20,620 [Thread-2157] INFO  freon.ProgressBar (ProgressBar.java:logProgressBar(163)) - Progress: 0.00 % (0 out of 1)
2020-03-26 19:28:21,620 [Thread-2157] INFO  freon.ProgressBar (ProgressBar.java:logProgressBar(163)) - Progress: 0.00 % (0 out of 1)
2020-03-26 19:28:22,621 [Thread-2157] INFO  freon.ProgressBar (ProgressBar.java:logProgressBar(163)) - Progress: 0.00 % (0 out of 1)
2020-03-26 19:28:23,621 [Thread-2157] INFO  freon.ProgressBar (ProgressBar.java:logProgressBar(163)) - Progress: 0.00 % (0 out of 1)
2020-03-26 19:28:24,621 [Thread-2157] INFO  freon.ProgressBar (ProgressBar.java:logProgressBar(163)) - Progress: 0.00 % (0 out of 1)
2020-03-26 19:28:25,622 [Thread-2157] INFO  freon.ProgressBar (ProgressBar.java:logProgressBar(163)) - Progress: 0.00 % (0 out of 1)
2020-03-26 19:28:26,622 [Thread-2157] INFO  freon.ProgressBar (ProgressBar.java:logProgressBar(163)) - Progress: 0.00 % (0 out of 1)
2020-03-26 19:28:27,623 [Thread-2157] INFO  freon.ProgressBar (ProgressBar.java:logProgressBar(163)) - Progress: 0.00 % (0 out of 1)
2020-03-26 19:28:28,623 [Thread-2157] INFO  freon.ProgressBar (ProgressBar.java:logProgressBar(163)) - Progress: 0.00 % (0 out of 1)
2020-03-26 19:28:29,623 [Thread-2157] INFO  freon.ProgressBar (ProgressBar.java:logProgressBar(163)) - Progress: 0.00 % (0 out of 1)
2020-03-26 19:28:30,624 [Thread-2157] INFO  freon.ProgressBar (ProgressBar.java:logProgressBar(163)) - Progress: 0.00 % (0 out of 1)
2020-03-26 19:28:31,624 [Thread-2157] INFO  freon.ProgressBar (ProgressBar.java:logProgressBar(163)) - Progress: 0.00 % (0 out of 1)
2020-03-26 19:28:32,624 [Thread-2157] INFO  freon.ProgressBar (ProgressBar.java:logProgressBar(163)) - Progress: 0.00 % (0 out of 1)
2020-03-26 19:28:33,625 [Thread-2157] INFO  freon.ProgressBar (ProgressBar.java:logProgressBar(163)) - Progress: 0.00 % (0 out of 1)
2020-03-26 19:28:34,625 [Thread-2157] INFO  freon.ProgressBar (ProgressBar.java:logProgressBar(163)) - Progress: 0.00 % (0 out of 1)
2020-03-26 19:28:35,625 [Thread-2157] INFO  freon.ProgressBar (ProgressBar.java:logProgressBar(163)) - Progress: 0.00 % (0 out of 1)
2020-03-26 19:28:36,626 [Thread-2157] INFO  freon.ProgressBar (ProgressBar.java:logProgressBar(163)) - Progress: 0.00 % (0 out of 1)
2020-03-26 19:28:37,626 [Thread-2157] INFO  freon.ProgressBar (ProgressBar.java:logProgressBar(163)) - Progress: 0.00 % (0 out of 1)
2020-03-26 19:28:38,626 [Thread-2157] INFO  freon.ProgressBar (ProgressBar.java:logProgressBar(163)) - Progress: 0.00 % (0 out of 1)
2020-03-26 19:28:39,627 [Thread-2157] INFO  freon.ProgressBar (ProgressBar.java:logProgressBar(163)) - Progress: 0.00 % (0 out of 1)
2020-03-26 19:28:40,627 [Thread-2157] INFO  freon.ProgressBar (ProgressBar.java:logProgressBar(163)) - Progress: 0.00 % (0 out of 1)
2020-03-26 19:28:41,628 [Thread-2157] INFO  freon.ProgressBar (ProgressBar.java:logProgressBar(163)) - Progress: 0.00 % (0 out of 1)
2020-03-26 19:28:42,430 [java.util.concurrent.ThreadPoolExecutor$Worker@5c44eaf0[State = -1, empty queue]] WARN  server.GrpcLogAppender (GrpcLogAppender.java:timeoutAppendRequest(212)) - 41aec4a8-1c07-49e8-bc61-2e207dd201f4@group-D9DC0989F20A->4d38771e-2045-44d3-98d6-ad348d21fd18-GrpcLogAppender:  appendEntries Timeout, request=AppendEntriesRequest:cid=5230,entriesCount=1,lastEntry=(t:3, i:5198)
2020-03-26 19:28:42,430 [java.util.concurrent.ThreadPoolExecutor$Worker@5c44eaf0[State = -1, empty queue]] WARN  server.GrpcLogAppender (GrpcLogAppender.java:timeoutAppendRequest(212)) - 41aec4a8-1c07-49e8-bc61-2e207dd201f4@group-D9DC0989F20A->13a430d8-fe67-4f36-9295-ae3db998ede8-GrpcLogAppender:  appendEntries Timeout, request=AppendEntriesRequest:cid=5229,entriesCount=1,lastEntry=(t:3, i:5198)
2020-03-26 19:28:42,430 [java.util.concurrent.ThreadPoolExecutor$Worker@5c44eaf0[State = -1, empty queue]] WARN  server.GrpcLogAppender (GrpcLogAppender.java:timeoutAppendRequest(212)) - 41aec4a8-1c07-49e8-bc61-2e207dd201f4@group-D9DC0989F20A->13a430d8-fe67-4f36-9295-ae3db998ede8-GrpcLogAppender:  appendEntries Timeout, request=AppendEntriesRequest:cid=5230,entriesCount=1,lastEntry=(t:3, i:5199)
2020-03-26 19:28:42,431 [java.util.concurrent.ThreadPoolExecutor$Worker@5c44eaf0[State = -1, empty queue]] WARN  server.GrpcLogAppender (GrpcLogAppender.java:timeoutAppendRequest(212)) - 41aec4a8-1c07-49e8-bc61-2e207dd201f4@group-D9DC0989F20A->4d38771e-2045-44d3-98d6-ad348d21fd18-GrpcLogAppender:  appendEntries Timeout, request=AppendEntriesRequest:cid=5231,entriesCount=1,lastEntry=(t:3, i:5199)
2020-03-26 19:28:42,628 [Thread-2157] INFO  freon.ProgressBar (ProgressBar.java:logProgressBar(163)) - Progress: 0.00 % (0 out of 1)
2020-03-26 19:28:43,628 [Thread-2157] INFO  freon.ProgressBar (ProgressBar.java:logProgressBar(163)) - Progress: 0.00 % (0 out of 1)
2020-03-26 19:28:44,629 [Thread-2157] INFO  freon.ProgressBar (ProgressBar.java:logProgressBar(163)) - Progress: 0.00 % (0 out of 1)
2020-03-26 19:28:45,629 [Thread-2157] INFO  freon.ProgressBar (ProgressBar.java:logProgressBar(163)) - Progress: 0.00 % (0 out of 1)
2020-03-26 19:28:46,629 [Thread-2157] INFO  freon.ProgressBar (ProgressBar.java:logProgressBar(163)) - Progress: 0.00 % (0 out of 1)
2020-03-26 19:28:47,630 [Thread-2157] INFO  freon.ProgressBar (ProgressBar.java:logProgressBar(163)) - Progress: 0.00 % (0 out of 1)
2020-03-26 19:28:48,630 [Thread-2157] INFO  freon.ProgressBar (ProgressBar.java:logProgressBar(163)) - Progress: 0.00 % (0 out of 1)
2020-03-26 19:28:49,630 [Thread-2157] INFO  freon.ProgressBar (ProgressBar.java:logProgressBar(163)) - Progress: 0.00 % (0 out of 1)
2020-03-26 19:28:50,631 [Thread-2157] INFO  freon.ProgressBar (ProgressBar.java:logProgressBar(163)) - Progress: 0.00 % (0 out of 1)
2020-03-26 19:28:51,631 [Thread-2157] INFO  freon.ProgressBar (ProgressBar.java:logProgressBar(163)) - Progress: 0.00 % (0 out of 1)
2020-03-26 19:28:52,631 [Thread-2157] INFO  freon.ProgressBar (ProgressBar.java:logProgressBar(163)) - Progress: 0.00 % (0 out of 1)
2020-03-26 19:28:53,632 [Thread-2157] INFO  freon.ProgressBar (ProgressBar.java:logProgressBar(163)) - Progress: 0.00 % (0 out of 1)
2020-03-26 19:28:54,632 [Thread-2157] INFO  freon.ProgressBar (ProgressBar.java:logProgressBar(163)) - Progress: 0.00 % (0 out of 1)
2020-03-26 19:28:55,632 [Thread-2157] INFO  freon.ProgressBar (ProgressBar.java:logProgressBar(163)) - Progress: 0.00 % (0 out of 1)
2020-03-26 19:28:56,633 [Thread-2157] INFO  freon.ProgressBar (ProgressBar.java:logProgressBar(163)) - Progress: 0.00 % (0 out of 1)
2020-03-26 19:28:57,633 [Thread-2157] INFO  freon.ProgressBar (ProgressBar.java:logProgressBar(163)) - Progress: 0.00 % (0 out of 1)
2020-03-26 19:28:58,633 [Thread-2157] INFO  freon.ProgressBar (ProgressBar.java:logProgressBar(163)) - Progress: 0.00 % (0 out of 1)
2020-03-26 19:28:59,634 [Thread-2157] INFO  freon.ProgressBar (ProgressBar.java:logProgressBar(163)) - Progress: 0.00 % (0 out of 1)
2020-03-26 19:29:00,634 [Thread-2157] INFO  freon.ProgressBar (ProgressBar.java:logProgressBar(163)) - Progress: 0.00 % (0 out of 1)
2020-03-26 19:29:01,634 [Thread-2157] INFO  freon.ProgressBar (ProgressBar.java:logProgressBar(163)) - Progress: 0.00 % (0 out of 1)
2020-03-26 19:29:02,635 [Thread-2157] INFO  freon.ProgressBar (ProgressBar.java:logProgressBar(163)) - Progress: 0.00 % (0 out of 1)
2020-03-26 19:29:03,635 [Thread-2157] INFO  freon.ProgressBar (ProgressBar.java:logProgressBar(163)) - Progress: 0.00 % (0 out of 1)
2020-03-26 19:29:04,636 [Thread-2157] INFO  freon.ProgressBar (ProgressBar.java:logProgressBar(163)) - Progress: 0.00 % (0 out of 1)
2020-03-26 19:29:04,888 [java.util.concurrent.ThreadPoolExecutor$Worker@4306c3e1[State = -1, empty queue]] WARN  server.GrpcLogAppender (GrpcLogAppender.java:timeoutAppendRequest(212)) - 41aec4a8-1c07-49e8-bc61-2e207dd201f4@group-D9DC0989F20A->4d38771e-2045-44d3-98d6-ad348d21fd18-GrpcLogAppender:  appendEntries Timeout, request=AppendEntriesRequest:cid=5773,entriesCount=1,lastEntry=(t:3, i:5734)
2020-03-26 19:29:05,636 [Thread-2157] INFO  freon.ProgressBar (ProgressBar.java:logProgressBar(163)) - Progress: 0.00 % (0 out of 1)
2020-03-26 19:29:06,636 [Thread-2157] INFO  freon.ProgressBar (ProgressBar.java:logProgressBar(163)) - Progress: 0.00 % (0 out of 1)
2020-03-26 19:29:06,977 [java.util.concurrent.ThreadPoolExecutor$Worker@4306c3e1[State = -1, empty queue]] WARN  server.GrpcLogAppender (GrpcLogAppender.java:timeoutAppendRequest(212)) - 41aec4a8-1c07-49e8-bc61-2e207dd201f4@group-D9DC0989F20A->13a430d8-fe67-4f36-9295-ae3db998ede8-GrpcLogAppender:  appendEntries Timeout, request=AppendEntriesRequest:cid=5773,entriesCount=1,lastEntry=(t:3, i:5735)
2020-03-26 19:29:06,977 [java.util.concurrent.ThreadPoolExecutor$Worker@4306c3e1[State = -1, empty queue]] WARN  server.GrpcLogAppender (GrpcLogAppender.java:timeoutAppendRequest(212)) - 41aec4a8-1c07-49e8-bc61-2e207dd201f4@group-D9DC0989F20A->4d38771e-2045-44d3-98d6-ad348d21fd18-GrpcLogAppender:  appendEntries Timeout, request=AppendEntriesRequest:cid=5774,entriesCount=1,lastEntry=(t:3, i:5735)
2020-03-26 19:29:07,637 [Thread-2157] INFO  freon.ProgressBar (ProgressBar.java:logProgressBar(163)) - Progress: 0.00 % (0 out of 1)
2020-03-26 19:29:08,637 [Thread-2157] INFO  freon.ProgressBar (ProgressBar.java:logProgressBar(163)) - Progress: 0.00 % (0 out of 1)
2020-03-26 19:29:09,638 [Thread-2157] INFO  freon.ProgressBar (ProgressBar.java:logProgressBar(163)) - Progress: 0.00 % (0 out of 1)
2020-03-26 19:29:10,638 [Thread-2157] INFO  freon.ProgressBar (ProgressBar.java:logProgressBar(163)) - Progress: 0.00 % (0 out of 1)
2020-03-26 19:29:10,988 [grpc-default-executor-6] INFO  segmented.SegmentedRaftLogWorker (SegmentedRaftLogWorker.java:rollLogSegment(396)) - 41aec4a8-1c07-49e8-bc61-2e207dd201f4@group-D9DC0989F20A-SegmentedRaftLogWorker: Rolling segment log-0_5956 to index:5956
2020-03-26 19:29:10,992 [41aec4a8-1c07-49e8-bc61-2e207dd201f4@group-D9DC0989F20A-SegmentedRaftLogWorker] INFO  segmented.SegmentedRaftLogWorker (SegmentedRaftLogWorker.java:execute(541)) - 41aec4a8-1c07-49e8-bc61-2e207dd201f4@group-D9DC0989F20A-SegmentedRaftLogWorker: Rolled log segment from /github/workspace/hadoop-ozone/integration-test/target/test-dir/MiniOzoneClusterImpl-1669ca29-fb57-4052-849a-fd2b79c9ea80/datanode-2/data/ratis/74e2e564-ecd4-4f95-862b-d9dc0989f20a/current/log_inprogress_0 to /github/workspace/hadoop-ozone/integration-test/target/test-dir/MiniOzoneClusterImpl-1669ca29-fb57-4052-849a-fd2b79c9ea80/datanode-2/data/ratis/74e2e564-ecd4-4f95-862b-d9dc0989f20a/current/log_0-5956
2020-03-26 19:29:10,993 [grpc-default-executor-1] INFO  segmented.SegmentedRaftLogWorker (SegmentedRaftLogWorker.java:rollLogSegment(396)) - 4d38771e-2045-44d3-98d6-ad348d21fd18@group-D9DC0989F20A-SegmentedRaftLogWorker: Rolling segment log-0_5956 to index:5956
2020-03-26 19:29:10,993 [4d38771e-2045-44d3-98d6-ad348d21fd18@group-D9DC0989F20A-SegmentedRaftLogWorker] INFO  segmented.SegmentedRaftLogWorker (SegmentedRaftLogWorker.java:execute(541)) - 4d38771e-2045-44d3-98d6-ad348d21fd18@group-D9DC0989F20A-SegmentedRaftLogWorker: Rolled log segment from /github/workspace/hadoop-ozone/integration-test/target/test-dir/MiniOzoneClusterImpl-1669ca29-fb57-4052-849a-fd2b79c9ea80/datanode-0/data/ratis/74e2e564-ecd4-4f95-862b-d9dc0989f20a/current/log_inprogress_0 to /github/workspace/hadoop-ozone/integration-test/target/test-dir/MiniOzoneClusterImpl-1669ca29-fb57-4052-849a-fd2b79c9ea80/datanode-0/data/ratis/74e2e564-ecd4-4f95-862b-d9dc0989f20a/current/log_0-5956
2020-03-26 19:29:10,995 [41aec4a8-1c07-49e8-bc61-2e207dd201f4@group-D9DC0989F20A-SegmentedRaftLogWorker] INFO  segmented.SegmentedRaftLogWorker (SegmentedRaftLogWorker.java:execute(583)) - 41aec4a8-1c07-49e8-bc61-2e207dd201f4@group-D9DC0989F20A-SegmentedRaftLogWorker: created new log segment /github/workspace/hadoop-ozone/integration-test/target/test-dir/MiniOzoneClusterImpl-1669ca29-fb57-4052-849a-fd2b79c9ea80/datanode-2/data/ratis/74e2e564-ecd4-4f95-862b-d9dc0989f20a/current/log_inprogress_5957
2020-03-26 19:29:10,993 [grpc-default-executor-5] INFO  segmented.SegmentedRaftLogWorker (SegmentedRaftLogWorker.java:rollLogSegment(396)) - 13a430d8-fe67-4f36-9295-ae3db998ede8@group-D9DC0989F20A-SegmentedRaftLogWorker: Rolling segment log-0_5956 to index:5956
2020-03-26 19:29:10,996 [4d38771e-2045-44d3-98d6-ad348d21fd18@group-D9DC0989F20A-SegmentedRaftLogWorker] INFO  segmented.SegmentedRaftLogWorker (SegmentedRaftLogWorker.java:execute(583)) - 4d38771e-2045-44d3-98d6-ad348d21fd18@group-D9DC0989F20A-SegmentedRaftLogWorker: created new log segment /github/workspace/hadoop-ozone/integration-test/target/test-dir/MiniOzoneClusterImpl-1669ca29-fb57-4052-849a-fd2b79c9ea80/datanode-0/data/ratis/74e2e564-ecd4-4f95-862b-d9dc0989f20a/current/log_inprogress_5957
2020-03-26 19:29:10,997 [13a430d8-fe67-4f36-9295-ae3db998ede8@group-D9DC0989F20A-SegmentedRaftLogWorker] INFO  segmented.SegmentedRaftLogWorker (SegmentedRaftLogWorker.java:execute(541)) - 13a430d8-fe67-4f36-9295-ae3db998ede8@group-D9DC0989F20A-SegmentedRaftLogWorker: Rolled log segment from /github/workspace/hadoop-ozone/integration-test/target/test-dir/MiniOzoneClusterImpl-1669ca29-fb57-4052-849a-fd2b79c9ea80/datanode-1/data/ratis/74e2e564-ecd4-4f95-862b-d9dc0989f20a/current/log_inprogress_0 to /github/workspace/hadoop-ozone/integration-test/target/test-dir/MiniOzoneClusterImpl-1669ca29-fb57-4052-849a-fd2b79c9ea80/datanode-1/data/ratis/74e2e564-ecd4-4f95-862b-d9dc0989f20a/current/log_0-5956
2020-03-26 19:29:10,998 [13a430d8-fe67-4f36-9295-ae3db998ede8@group-D9DC0989F20A-SegmentedRaftLogWorker] INFO  segmented.SegmentedRaftLogWorker (SegmentedRaftLogWorker.java:execute(583)) - 13a430d8-fe67-4f36-9295-ae3db998ede8@group-D9DC0989F20A-SegmentedRaftLogWorker: created new log segment /github/workspace/hadoop-ozone/integration-test/target/test-dir/MiniOzoneClusterImpl-1669ca29-fb57-4052-849a-fd2b79c9ea80/datanode-1/data/ratis/74e2e564-ecd4-4f95-862b-d9dc0989f20a/current/log_inprogress_5957
2020-03-26 19:29:11,638 [Thread-2157] INFO  freon.ProgressBar (ProgressBar.java:logProgressBar(163)) - Progress: 0.00 % (0 out of 1)
2020-03-26 19:29:12,640 [Thread-2157] INFO  freon.ProgressBar (ProgressBar.java:logProgressBar(163)) - Progress: 0.00 % (0 out of 1)
2020-03-26 19:29:13,640 [Thread-2157] INFO  freon.ProgressBar (ProgressBar.java:logProgressBar(163)) - Progress: 0.00 % (0 out of 1)
2020-03-26 19:29:14,643 [Thread-2157] INFO  freon.ProgressBar (ProgressBar.java:logProgressBar(163)) - Progress: 0.00 % (0 out of 1)
2020-03-26 19:29:15,644 [Thread-2157] INFO  freon.ProgressBar (ProgressBar.java:logProgressBar(163)) - Progress: 0.00 % (0 out of 1)
2020-03-26 19:29:16,644 [Thread-2157] INFO  freon.ProgressBar (ProgressBar.java:logProgressBar(163)) - Progress: 0.00 % (0 out of 1)
2020-03-26 19:29:17,644 [Thread-2157] INFO  freon.ProgressBar (ProgressBar.java:logProgressBar(163)) - Progress: 0.00 % (0 out of 1)
2020-03-26 19:29:18,114 [java.util.concurrent.ThreadPoolExecutor$Worker@4306c3e1[State = -1, empty queue]] WARN  server.GrpcLogAppender (GrpcLogAppender.java:timeoutAppendRequest(212)) - 41aec4a8-1c07-49e8-bc61-2e207dd201f4@group-D9DC0989F20A->13a430d8-fe67-4f36-9295-ae3db998ede8-GrpcLogAppender:  appendEntries Timeout, request=AppendEntriesRequest:cid=6306,entriesCount=1,lastEntry=(t:3, i:6265)
2020-03-26 19:29:18,131 [java.util.concurrent.ThreadPoolExecutor$Worker@4306c3e1[State = -1, empty queue]] WARN  server.GrpcLogAppender (GrpcLogAppender.java:timeoutAppendRequest(212)) - 41aec4a8-1c07-49e8-bc61-2e207dd201f4@group-D9DC0989F20A->13a430d8-fe67-4f36-9295-ae3db998ede8-GrpcLogAppender:  appendEntries Timeout, request=AppendEntriesRequest:cid=6307,entriesCount=1,lastEntry=(t:3, i:6266)
2020-03-26 19:29:18,134 [java.util.concurrent.ThreadPoolExecutor$Worker@4306c3e1[State = -1, empty queue]] WARN  server.GrpcLogAppender (GrpcLogAppender.java:timeoutAppendRequest(212)) - 41aec4a8-1c07-49e8-bc61-2e207dd201f4@group-D9DC0989F20A->4d38771e-2045-44d3-98d6-ad348d21fd18-GrpcLogAppender:  appendEntries Timeout, request=AppendEntriesRequest:cid=6309,entriesCount=1,lastEntry=(t:3, i:6267)
2020-03-26 19:29:18,135 [java.util.concurrent.ThreadPoolExecutor$Worker@4306c3e1[State = -1, empty queue]] WARN  server.GrpcLogAppender (GrpcLogAppender.java:timeoutAppendRequest(212)) - 41aec4a8-1c07-49e8-bc61-2e207dd201f4@group-D9DC0989F20A->13a430d8-fe67-4f36-9295-ae3db998ede8-GrpcLogAppender:  appendEntries Timeout, request=AppendEntriesRequest:cid=6308,entriesCount=1,lastEntry=(t:3, i:6267)
2020-03-26 19:29:18,645 [Thread-2157] INFO  freon.ProgressBar (ProgressBar.java:logProgressBar(163)) - Progress: 0.00 % (0 out of 1)
2020-03-26 19:29:19,645 [Thread-2157] INFO  freon.ProgressBar (ProgressBar.java:logProgressBar(163)) - Progress: 0.00 % (0 out of 1)
2020-03-26 19:29:20,646 [Thread-2157] INFO  freon.ProgressBar (ProgressBar.java:logProgressBar(163)) - Progress: 0.00 % (0 out of 1)
2020-03-26 19:29:21,646 [Thread-2157] INFO  freon.ProgressBar (ProgressBar.java:logProgressBar(163)) - Progress: 0.00 % (0 out of 1)
2020-03-26 19:29:22,646 [Thread-2157] INFO  freon.ProgressBar (ProgressBar.java:logProgressBar(163)) - Progress: 0.00 % (0 out of 1)
2020-03-26 19:29:23,647 [Thread-2157] INFO  freon.ProgressBar (ProgressBar.java:logProgressBar(163)) - Progress: 0.00 % (0 out of 1)
2020-03-26 19:29:24,647 [Thread-2157] INFO  freon.ProgressBar (ProgressBar.java:logProgressBar(163)) - Progress: 0.00 % (0 out of 1)
2020-03-26 19:29:25,648 [Thread-2157] INFO  freon.ProgressBar (ProgressBar.java:logProgressBar(163)) - Progress: 0.00 % (0 out of 1)
2020-03-26 19:29:26,648 [Thread-2157] INFO  freon.ProgressBar (ProgressBar.java:logProgressBar(163)) - Progress: 0.00 % (0 out of 1)
2020-03-26 19:29:27,648 [Thread-2157] INFO  freon.ProgressBar (ProgressBar.java:logProgressBar(163)) - Progress: 0.00 % (0 out of 1)
2020-03-26 19:29:28,649 [Thread-2157] INFO  freon.ProgressBar (ProgressBar.java:logProgressBar(163)) - Progress: 0.00 % (0 out of 1)
2020-03-26 19:29:29,649 [Thread-2157] INFO  freon.ProgressBar (ProgressBar.java:logProgressBar(163)) - Progress: 0.00 % (0 out of 1)
2020-03-26 19:29:30,650 [Thread-2157] INFO  freon.ProgressBar (ProgressBar.java:logProgressBar(163)) - Progress: 0.00 % (0 out of 1)
2020-03-26 19:29:31,650 [Thread-2157] INFO  freon.ProgressBar (ProgressBar.java:logProgressBar(163)) - Progress: 0.00 % (0 out of 1)
2020-03-26 19:29:32,650 [Thread-2157] INFO  freon.ProgressBar (ProgressBar.java:logProgressBar(163)) - Progress: 0.00 % (0 out of 1)
2020-03-26 19:29:33,651 [Thread-2157] INFO  freon.ProgressBar (ProgressBar.java:logProgressBar(163)) - Progress: 0.00 % (0 out of 1)
2020-03-26 19:29:34,651 [Thread-2157] INFO  freon.ProgressBar (ProgressBar.java:logProgressBar(163)) - Progress: 0.00 % (0 out of 1)
2020-03-26 19:29:35,651 [Thread-2157] INFO  freon.ProgressBar (ProgressBar.java:logProgressBar(163)) - Progress: 0.00 % (0 out of 1)
2020-03-26 19:29:36,652 [Thread-2157] INFO  freon.ProgressBar (ProgressBar.java:logProgressBar(163)) - Progress: 0.00 % (0 out of 1)
2020-03-26 19:29:37,652 [Thread-2157] INFO  freon.ProgressBar (ProgressBar.java:logProgressBar(163)) - Progress: 0.00 % (0 out of 1)
2020-03-26 19:29:38,652 [Thread-2157] INFO  freon.ProgressBar (ProgressBar.java:logProgressBar(163)) - Progress: 0.00 % (0 out of 1)
2020-03-26 19:29:39,653 [Thread-2157] INFO  freon.ProgressBar (ProgressBar.java:logProgressBar(163)) - Progress: 0.00 % (0 out of 1)
2020-03-26 19:29:40,654 [Thread-2157] INFO  freon.ProgressBar (ProgressBar.java:logProgressBar(163)) - Progress: 0.00 % (0 out of 1)
2020-03-26 19:29:41,654 [Thread-2157] INFO  freon.ProgressBar (ProgressBar.java:logProgressBar(163)) - Progress: 0.00 % (0 out of 1)
2020-03-26 19:29:42,654 [Thread-2157] INFO  freon.ProgressBar (ProgressBar.java:logProgressBar(163)) - Progress: 0.00 % (0 out of 1)
2020-03-26 19:29:43,655 [Thread-2157] INFO  freon.ProgressBar (ProgressBar.java:logProgressBar(163)) - Progress: 0.00 % (0 out of 1)
2020-03-26 19:29:44,655 [Thread-2157] INFO  freon.ProgressBar (ProgressBar.java:logProgressBar(163)) - Progress: 0.00 % (0 out of 1)
2020-03-26 19:29:45,655 [Thread-2157] INFO  freon.ProgressBar (ProgressBar.java:logProgressBar(163)) - Progress: 0.00 % (0 out of 1)
2020-03-26 19:29:46,656 [Thread-2157] INFO  freon.ProgressBar (ProgressBar.java:logProgressBar(163)) - Progress: 0.00 % (0 out of 1)
2020-03-26 19:29:47,656 [Thread-2157] INFO  freon.ProgressBar (ProgressBar.java:logProgressBar(163)) - Progress: 0.00 % (0 out of 1)
2020-03-26 19:29:48,656 [Thread-2157] INFO  freon.ProgressBar (ProgressBar.java:logProgressBar(163)) - Progress: 0.00 % (0 out of 1)
2020-03-26 19:29:49,657 [Thread-2157] INFO  freon.ProgressBar (ProgressBar.java:logProgressBar(163)) - Progress: 0.00 % (0 out of 1)
2020-03-26 19:29:50,657 [Thread-2157] INFO  freon.ProgressBar (ProgressBar.java:logProgressBar(163)) - Progress: 0.00 % (0 out of 1)
2020-03-26 19:29:51,731 [Thread-2157] INFO  freon.ProgressBar (ProgressBar.java:logProgressBar(163)) - Progress: 0.00 % (0 out of 1)
2020-03-26 19:29:52,731 [Thread-2157] INFO  freon.ProgressBar (ProgressBar.java:logProgressBar(163)) - Progress: 0.00 % (0 out of 1)
2020-03-26 19:29:53,731 [Thread-2157] INFO  freon.ProgressBar (ProgressBar.java:logProgressBar(163)) - Progress: 0.00 % (0 out of 1)
2020-03-26 19:29:54,732 [Thread-2157] INFO  freon.ProgressBar (ProgressBar.java:logProgressBar(163)) - Progress: 0.00 % (0 out of 1)
2020-03-26 19:29:55,733 [Thread-2157] INFO  freon.ProgressBar (ProgressBar.java:logProgressBar(163)) - Progress: 0.00 % (0 out of 1)
2020-03-26 19:29:56,733 [Thread-2157] INFO  freon.ProgressBar (ProgressBar.java:logProgressBar(163)) - Progress: 0.00 % (0 out of 1)
2020-03-26 19:29:57,734 [Thread-2157] INFO  freon.ProgressBar (ProgressBar.java:logProgressBar(163)) - Progress: 0.00 % (0 out of 1)
2020-03-26 19:29:58,734 [Thread-2157] INFO  freon.ProgressBar (ProgressBar.java:logProgressBar(163)) - Progress: 0.00 % (0 out of 1)
2020-03-26 19:29:59,734 [Thread-2157] INFO  freon.ProgressBar (ProgressBar.java:logProgressBar(163)) - Progress: 0.00 % (0 out of 1)
2020-03-26 19:30:00,735 [Thread-2157] INFO  freon.ProgressBar (ProgressBar.java:logProgressBar(163)) - Progress: 0.00 % (0 out of 1)
2020-03-26 19:30:01,433 [java.util.concurrent.ThreadPoolExecutor$Worker@4b85fa3[State = -1, empty queue]] WARN  server.GrpcLogAppender (GrpcLogAppender.java:timeoutAppendRequest(212)) - 41aec4a8-1c07-49e8-bc61-2e207dd201f4@group-D9DC0989F20A->13a430d8-fe67-4f36-9295-ae3db998ede8-GrpcLogAppender:  appendEntries Timeout, request=AppendEntriesRequest:cid=7923,entriesCount=1,lastEntry=(t:3, i:7873)
2020-03-26 19:30:01,735 [Thread-2157] INFO  freon.ProgressBar (ProgressBar.java:logProgressBar(163)) - Progress: 0.00 % (0 out of 1)
2020-03-26 19:30:02,736 [Thread-2157] INFO  freon.ProgressBar (ProgressBar.java:logProgressBar(163)) - Progress: 0.00 % (0 out of 1)
2020-03-26 19:30:02,937 [java.util.concurrent.ThreadPoolExecutor$Worker@4b85fa3[State = -1, empty queue]] WARN  server.GrpcLogAppender (GrpcLogAppender.java:timeoutAppendRequest(212)) - 41aec4a8-1c07-49e8-bc61-2e207dd201f4@group-D9DC0989F20A->13a430d8-fe67-4f36-9295-ae3db998ede8-GrpcLogAppender:  appendEntries Timeout, request=AppendEntriesRequest:cid=7926,entriesCount=1,lastEntry=(t:3, i:7876)
2020-03-26 19:30:02,937 [java.util.concurrent.ThreadPoolExecutor$Worker@4b85fa3[State = -1, empty queue]] WARN  server.GrpcLogAppender (GrpcLogAppender.java:timeoutAppendRequest(212)) - 41aec4a8-1c07-49e8-bc61-2e207dd201f4@group-D9DC0989F20A->13a430d8-fe67-4f36-9295-ae3db998ede8-GrpcLogAppender:  appendEntries Timeout, request=AppendEntriesRequest:cid=7927,entriesCount=1,lastEntry=(t:3, i:7877)
2020-03-26 19:30:03,736 [Thread-2157] INFO  freon.ProgressBar (ProgressBar.java:logProgressBar(163)) - Progress: 0.00 % (0 out of 1)
2020-03-26 19:30:04,736 [Thread-2157] INFO  freon.ProgressBar (ProgressBar.java:logProgressBar(163)) - Progress: 0.00 % (0 out of 1)
2020-03-26 19:30:05,736 [Thread-2157] INFO  freon.ProgressBar (ProgressBar.java:logProgressBar(163)) - Progress: 0.00 % (0 out of 1)
2020-03-26 19:30:06,737 [Thread-2157] INFO  freon.ProgressBar (ProgressBar.java:logProgressBar(163)) - Progress: 0.00 % (0 out of 1)
2020-03-26 19:30:07,737 [Thread-2157] INFO  freon.ProgressBar (ProgressBar.java:logProgressBar(163)) - Progress: 0.00 % (0 out of 1)
2020-03-26 19:30:08,737 [Thread-2157] INFO  freon.ProgressBar (ProgressBar.java:logProgressBar(163)) - Progress: 0.00 % (0 out of 1)
2020-03-26 19:30:09,738 [Thread-2157] INFO  freon.ProgressBar (ProgressBar.java:logProgressBar(163)) - Progress: 0.00 % (0 out of 1)
2020-03-26 19:30:10,738 [Thread-2157] INFO  freon.ProgressBar (ProgressBar.java:logProgressBar(163)) - Progress: 0.00 % (0 out of 1)
2020-03-26 19:30:11,738 [Thread-2157] INFO  freon.ProgressBar (ProgressBar.java:logProgressBar(163)) - Progress: 0.00 % (0 out of 1)
2020-03-26 19:30:12,739 [Thread-2157] INFO  freon.ProgressBar (ProgressBar.java:logProgressBar(163)) - Progress: 0.00 % (0 out of 1)
2020-03-26 19:30:13,739 [Thread-2157] INFO  freon.ProgressBar (ProgressBar.java:logProgressBar(163)) - Progress: 0.00 % (0 out of 1)
2020-03-26 19:30:14,739 [Thread-2157] INFO  freon.ProgressBar (ProgressBar.java:logProgressBar(163)) - Progress: 0.00 % (0 out of 1)
2020-03-26 19:30:15,740 [Thread-2157] INFO  freon.ProgressBar (ProgressBar.java:logProgressBar(163)) - Progress: 0.00 % (0 out of 1)
2020-03-26 19:30:16,740 [Thread-2157] INFO  freon.ProgressBar (ProgressBar.java:logProgressBar(163)) - Progress: 0.00 % (0 out of 1)
2020-03-26 19:30:17,740 [Thread-2157] INFO  freon.ProgressBar (ProgressBar.java:logProgressBar(163)) - Progress: 0.00 % (0 out of 1)
2020-03-26 19:30:18,741 [Thread-2157] INFO  freon.ProgressBar (ProgressBar.java:logProgressBar(163)) - Progress: 0.00 % (0 out of 1)
2020-03-26 19:30:19,741 [Thread-2157] INFO  freon.ProgressBar (ProgressBar.java:logProgressBar(163)) - Progress: 0.00 % (0 out of 1)
2020-03-26 19:30:20,741 [Thread-2157] INFO  freon.ProgressBar (ProgressBar.java:logProgressBar(163)) - Progress: 0.00 % (0 out of 1)
2020-03-26 19:30:21,742 [Thread-2157] INFO  freon.ProgressBar (ProgressBar.java:logProgressBar(163)) - Progress: 0.00 % (0 out of 1)
2020-03-26 19:30:22,742 [Thread-2157] INFO  freon.ProgressBar (ProgressBar.java:logProgressBar(163)) - Progress: 0.00 % (0 out of 1)
2020-03-26 19:30:23,744 [Thread-2157] INFO  freon.ProgressBar (ProgressBar.java:logProgressBar(163)) - Progress: 0.00 % (0 out of 1)
2020-03-26 19:30:24,745 [Thread-2157] INFO  freon.ProgressBar (ProgressBar.java:logProgressBar(163)) - Progress: 0.00 % (0 out of 1)
2020-03-26 19:30:25,745 [Thread-2157] INFO  freon.ProgressBar (ProgressBar.java:logProgressBar(163)) - Progress: 0.00 % (0 out of 1)
2020-03-26 19:30:26,745 [Thread-2157] INFO  freon.ProgressBar (ProgressBar.java:logProgressBar(163)) - Progress: 0.00 % (0 out of 1)
2020-03-26 19:30:27,746 [Thread-2157] INFO  freon.ProgressBar (ProgressBar.java:logProgressBar(163)) - Progress: 0.00 % (0 out of 1)
2020-03-26 19:30:28,746 [Thread-2157] INFO  freon.ProgressBar (ProgressBar.java:logProgressBar(163)) - Progress: 0.00 % (0 out of 1)
2020-03-26 19:30:29,747 [Thread-2157] INFO  freon.ProgressBar (ProgressBar.java:logProgressBar(163)) - Progress: 100.00 % (1 out of 1)
2020-03-26 19:31:00,493 [Thread-2156] ERROR scm.XceiverClientGrpc (XceiverClientGrpc.java:sendCommandWithRetry(373)) - Failed to execute command cmdType: ReadChunk
traceID: "39f24c4a1171eb22:39f24c4a1171eb22:0:0"
containerID: 3
datanodeUuid: "13a430d8-fe67-4f36-9295-ae3db998ede8"
readChunk {
  blockID {
    containerID: 3
    localID: 103891010841084774
    blockCommitSequenceId: 8271
  }
  chunkData {
    chunkName: "103891010841084774_chunk_2"
    offset: 1048576
    len: 1048576
    checksumData {
      type: CRC32
      bytesPerChecksum: 1048576
      checksums: "\356}G|"
    }
  }
}
 on the pipeline Pipeline[ Id: 74e2e564-ecd4-4f95-862b-d9dc0989f20a, Nodes: 13a430d8-fe67-4f36-9295-ae3db998ede8{ip: 172.17.0.2, host: 63cb8de16be9, networkLocation: /default-rack, certSerialId: null}41aec4a8-1c07-49e8-bc61-2e207dd201f4{ip: 172.17.0.2, host: 63cb8de16be9, networkLocation: /default-rack, certSerialId: null}4d38771e-2045-44d3-98d6-ad348d21fd18{ip: 172.17.0.2, host: 63cb8de16be9, networkLocation: /default-rack, certSerialId: null}, Type:STAND_ALONE, Factor:THREE, State:OPEN, leaderId:41aec4a8-1c07-49e8-bc61-2e207dd201f4, CreationTimestamp2020-03-26T19:25:55.669Z].
2020-03-26 19:31:00,493 [Thread-2156] ERROR freon.RandomKeyGenerator (RandomKeyGenerator.java:run(1064)) - Exception while validating write.
java.io.IOException: Unexpected OzoneException: java.io.IOException: java.util.concurrent.ExecutionException: org.apache.ratis.thirdparty.io.grpc.StatusRuntimeException: DEADLINE_EXCEEDED: ClientCall started after deadline exceeded: -0.640588667s from now
	at org.apache.hadoop.hdds.scm.storage.ChunkInputStream.readChunk(ChunkInputStream.java:341)
	at org.apache.hadoop.hdds.scm.storage.ChunkInputStream.readChunkFromContainer(ChunkInputStream.java:306)
	at org.apache.hadoop.hdds.scm.storage.ChunkInputStream.prepareRead(ChunkInputStream.java:258)
	at org.apache.hadoop.hdds.scm.storage.ChunkInputStream.read(ChunkInputStream.java:143)
	at org.apache.hadoop.hdds.scm.storage.BlockInputStream.read(BlockInputStream.java:271)
	at org.apache.hadoop.ozone.client.io.KeyInputStream.read(KeyInputStream.java:197)
	at org.apache.hadoop.ozone.client.io.OzoneInputStream.read(OzoneInputStream.java:47)
	at org.apache.commons.codec.digest.DigestUtils.updateDigest(DigestUtils.java:925)
	at org.apache.commons.codec.digest.DigestUtils.digest(DigestUtils.java:1074)
	at org.apache.hadoop.ozone.freon.RandomKeyGenerator$Validator.run(RandomKeyGenerator.java:1050)
	at java.lang.Thread.run(Thread.java:748)
Caused by: java.io.IOException: java.util.concurrent.ExecutionException: org.apache.ratis.thirdparty.io.grpc.StatusRuntimeException: DEADLINE_EXCEEDED: ClientCall started after deadline exceeded: -0.640588667s from now
	at org.apache.hadoop.hdds.scm.XceiverClientGrpc.sendCommandWithRetry(XceiverClientGrpc.java:359)
	at org.apache.hadoop.hdds.scm.XceiverClientGrpc.sendCommandWithTraceIDAndRetry(XceiverClientGrpc.java:281)
	at org.apache.hadoop.hdds.scm.XceiverClientGrpc.sendCommand(XceiverClientGrpc.java:259)
	at org.apache.hadoop.hdds.scm.storage.ContainerProtocolCalls.readChunk(ContainerProtocolCalls.java:253)
	at org.apache.hadoop.hdds.scm.storage.ChunkInputStream.readChunk(ChunkInputStream.java:334)
	... 10 more
Caused by: java.util.concurrent.ExecutionException: org.apache.ratis.thirdparty.io.grpc.StatusRuntimeException: DEADLINE_EXCEEDED: ClientCall started after deadline exceeded: -0.640588667s from now
	at java.util.concurrent.CompletableFuture.reportGet(CompletableFuture.java:357)
	at java.util.concurrent.CompletableFuture.get(CompletableFuture.java:1908)
	at org.apache.hadoop.hdds.scm.XceiverClientGrpc.sendCommandWithRetry(XceiverClientGrpc.java:336)
	... 14 more
Caused by: org.apache.ratis.thirdparty.io.grpc.StatusRuntimeException: DEADLINE_EXCEEDED: ClientCall started after deadline exceeded: -0.640588667s from now
	at org.apache.ratis.thirdparty.io.grpc.Status.asRuntimeException(Status.java:533)
	at org.apache.ratis.thirdparty.io.grpc.stub.ClientCalls$StreamObserverToCallListenerAdapter.onClose(ClientCalls.java:442)
	at org.apache.ratis.thirdparty.io.grpc.PartialForwardingClientCallListener.onClose(PartialForwardingClientCallListener.java:39)
	at org.apache.ratis.thirdparty.io.grpc.ForwardingClientCallListener.onClose(ForwardingClientCallListener.java:23)
	at org.apache.ratis.thirdparty.io.grpc.ForwardingClientCallListener$SimpleForwardingClientCallListener.onClose(ForwardingClientCallListener.java:40)
	at org.apache.ratis.thirdparty.io.grpc.internal.CensusStatsModule$StatsClientInterceptor$1$1.onClose(CensusStatsModule.java:700)
	at org.apache.ratis.thirdparty.io.grpc.PartialForwardingClientCallListener.onClose(PartialForwardingClientCallListener.java:39)
	at org.apache.ratis.thirdparty.io.grpc.ForwardingClientCallListener.onClose(ForwardingClientCallListener.java:23)
	at org.apache.ratis.thirdparty.io.grpc.ForwardingClientCallListener$SimpleForwardingClientCallListener.onClose(ForwardingClientCallListener.java:40)
	at org.apache.ratis.thirdparty.io.grpc.internal.CensusTracingModule$TracingClientInterceptor$1$1.onClose(CensusTracingModule.java:399)
	at org.apache.ratis.thirdparty.io.grpc.internal.ClientCallImpl.closeObserver(ClientCallImpl.java:510)
	at org.apache.ratis.thirdparty.io.grpc.internal.ClientCallImpl.access$300(ClientCallImpl.java:66)
	at org.apache.ratis.thirdparty.io.grpc.internal.ClientCallImpl$ClientStreamListenerImpl.close(ClientCallImpl.java:630)
	at org.apache.ratis.thirdparty.io.grpc.internal.ClientCallImpl$ClientStreamListenerImpl.access$700(ClientCallImpl.java:518)
	at org.apache.ratis.thirdparty.io.grpc.internal.ClientCallImpl$ClientStreamListenerImpl$1StreamClosed.runInternal(ClientCallImpl.java:692)
	at org.apache.ratis.thirdparty.io.grpc.internal.ClientCallImpl$ClientStreamListenerImpl$1StreamClosed.runInContext(ClientCallImpl.java:681)
	at org.apache.ratis.thirdparty.io.grpc.internal.ContextRunnable.run(ContextRunnable.java:37)
	at org.apache.ratis.thirdparty.io.grpc.internal.SerializingExecutor.run(SerializingExecutor.java:123)
	at java.util.concurrent.ThreadPoolExecutor.runWorker(ThreadPoolExecutor.java:1149)
	at java.util.concurrent.ThreadPoolExecutor$Worker.run(ThreadPoolExecutor.java:624)
	... 1 more
]]></system-out>
  </testcase>
  <testcase name="fileWithSizeZero" classname="org.apache.hadoop.ozone.freon.TestRandomKeyGenerator" time="5.049"/>
  <testcase name="multiThread" classname="org.apache.hadoop.ozone.freon.TestRandomKeyGenerator" time="5.043"/>
</testsuite>